Sa 25. Apr 18:13:35 CEST 2015
Ping: 23.694 ms
Download: 10.72 Mbit/s
Upload: 0.84 Mbit/s
Sa 25. Apr 18:14:32 CEST 2015
Ping: 25.888 ms
Download: 10.69 Mbit/s
Upload: 0.86 Mbit/s
Sa 25. Apr 18:45:01 CEST 2015
Ping: 28.01 ms
Download: 10.73 Mbit/s
Upload: 0.86 Mbit/s
Sa 25. Apr 19:45:01 CEST 2015
Ping: 28.842 ms
Download: 10.73 Mbit/s
Upload: 0.87 Mbit/s
Sa 25. Apr 20:45:01 CEST 2015
Ping: 26.991 ms
Download: 10.73 Mbit/s
Upload: 0.87 Mbit/s
Sa 25. Apr 21:45:01 CEST 2015
Ping: 26.044 ms
Download: 10.74 Mbit/s
Upload: 0.87 Mbit/s
Sa 25. Apr 22:45:01 CEST 2015
Ping: 29.335 ms
Download: 10.72 Mbit/s
Upload: 0.88 Mbit/s
Sa 25. Apr 23:45:01 CEST 2015
Ping: 27.32 ms
Download: 10.73 Mbit/s
Upload: 0.87 Mbit/s
So 26. Apr 00:45:01 CEST 2015
Ping: 26.648 ms
Download: 10.73 Mbit/s
Upload: 0.87 Mbit/s
So 26. Apr 01:45:01 CEST 2015
Ping: 26.816 ms
Download: 10.74 Mbit/s
Upload: 0.87 Mbit/s
So 26. Apr 02:45:01 CEST 2015
Ping: 28.034 ms
Download: 10.73 Mbit/s
Upload: 0.88 Mbit/s
So 26. Apr 03:45:02 CEST 2015
Ping: 26.493 ms
Download: 10.72 Mbit/s
Upload: 0.88 Mbit/s
So 26. Apr 04:45:01 CEST 2015
Ping: 24.447 ms
Download: 10.74 Mbit/s
Upload: 0.87 Mbit/s
So 26. Apr 05:45:01 CEST 2015
Ping: 26.293 ms
Download: 10.72 Mbit/s
Upload: 0.87 Mbit/s
So 26. Apr 06:45:01 CEST 2015
Ping: 25.763 ms
Download: 10.72 Mbit/s
Upload: 0.87 Mbit/s
So 26. Apr 07:45:01 CEST 2015
Ping: 27.297 ms
Download: 10.74 Mbit/s
Upload: 0.87 Mbit/s
So 26. Apr 08:45:01 CEST 2015
Ping: 29.693 ms
Download: 10.70 Mbit/s
Upload: 0.87 Mbit/s
So 26. Apr 09:45:01 CEST 2015
Ping: 25.948 ms
Download: 10.73 Mbit/s
Upload: 0.87 Mbit/s
So 26. Apr 10:45:02 CEST 2015
Ping: 27.849 ms
Download: 10.52 Mbit/s
Upload: 0.80 Mbit/s
So 26. Apr 11:45:01 CEST 2015
Ping: 28.556 ms
Download: 10.72 Mbit/s
Upload: 0.87 Mbit/s
So 26. Apr 12:45:01 CEST 2015
Ping: 29.03 ms
Download: 10.70 Mbit/s
Upload: 0.87 Mbit/s
So 26. Apr 13:45:01 CEST 2015
Ping: 28.69 ms
Download: 10.70 Mbit/s
Upload: 0.85 Mbit/s
So 26. Apr 14:45:01 CEST 2015
Ping: 27.578 ms
Download: 10.72 Mbit/s
Upload: 0.85 Mbit/s
So 26. Apr 15:45:01 CEST 2015
Ping: 27.061 ms
Download: 10.68 Mbit/s
Upload: 0.84 Mbit/s
So 26. Apr 16:45:01 CEST 2015
Ping: 25.529 ms
Download: 10.73 Mbit/s
Upload: 0.86 Mbit/s
So 26. Apr 17:45:02 CEST 2015
Ping: 27.336 ms
Download: 10.69 Mbit/s
Upload: 0.88 Mbit/s
So 26. Apr 18:45:01 CEST 2015
Ping: 26.841 ms
Download: 10.72 Mbit/s
Upload: 0.87 Mbit/s
So 26. Apr 19:45:01 CEST 2015
Ping: 29.997 ms
Download: 10.74 Mbit/s
Upload: 0.86 Mbit/s
So 26. Apr 20:45:01 CEST 2015
Ping: 28.838 ms
Download: 10.73 Mbit/s
Upload: 0.87 Mbit/s
So 26. Apr 21:45:01 CEST 2015
Ping: 27.004 ms
Download: 10.72 Mbit/s
Upload: 0.87 Mbit/s
So 26. Apr 22:45:01 CEST 2015
Ping: 26.398 ms
Download: 10.74 Mbit/s
Upload: 0.87 Mbit/s
So 26. Apr 23:45:01 CEST 2015
Ping: 26.444 ms
Download: 10.73 Mbit/s
Upload: 0.88 Mbit/s
Mo 27. Apr 00:45:01 CEST 2015
Ping: 24.421 ms
Download: 10.71 Mbit/s
Upload: 0.87 Mbit/s
Mo 27. Apr 01:45:01 CEST 2015
Ping: 27.078 ms
Download: 10.72 Mbit/s
Upload: 0.87 Mbit/s
Mo 27. Apr 02:45:01 CEST 2015
Ping: 26.526 ms
Download: 10.73 Mbit/s
Upload: 0.87 Mbit/s
Mo 27. Apr 03:45:01 CEST 2015
Ping: 27.734 ms
Download: 10.71 Mbit/s
Upload: 0.87 Mbit/s
Mo 27. Apr 04:45:01 CEST 2015
Ping: 29.826 ms
Download: 10.74 Mbit/s
Upload: 0.88 Mbit/s
Mo 27. Apr 05:45:01 CEST 2015
Ping: 26.628 ms
Download: 10.73 Mbit/s
Upload: 0.87 Mbit/s
Mo 27. Apr 06:45:01 CEST 2015
Ping: 33.35 ms
Download: 10.72 Mbit/s
Upload: 0.87 Mbit/s
Mo 27. Apr 07:45:01 CEST 2015
Ping: 26.351 ms
Download: 10.73 Mbit/s
Upload: 0.87 Mbit/s
Mo 27. Apr 08:45:01 CEST 2015
Ping: 29.659 ms
Download: 10.72 Mbit/s
Upload: 0.87 Mbit/s
Mo 27. Apr 09:45:01 CEST 2015
Ping: 26.887 ms
Download: 10.73 Mbit/s
Upload: 0.88 Mbit/s
Mo 27. Apr 10:45:01 CEST 2015
Ping: 27.19 ms
Download: 10.72 Mbit/s
Upload: 0.87 Mbit/s
Mo 27. Apr 11:45:01 CEST 2015
Ping: 27.777 ms
Download: 10.72 Mbit/s
Upload: 0.87 Mbit/s
Mo 27. Apr 12:45:01 CEST 2015
Ping: 26.841 ms
Download: 10.72 Mbit/s
Upload: 0.87 Mbit/s
Mo 27. Apr 13:45:01 CEST 2015
Ping: 27.518 ms
Download: 10.72 Mbit/s
Upload: 0.87 Mbit/s
Mo 27. Apr 14:45:01 CEST 2015
Ping: 28.029 ms
Download: 10.73 Mbit/s
Upload: 0.87 Mbit/s
Mo 27. Apr 15:45:01 CEST 2015
Ping: 27.238 ms
Download: 10.73 Mbit/s
Upload: 0.87 Mbit/s
Mo 27. Apr 16:45:01 CEST 2015
Ping: 28.022 ms
Download: 10.66 Mbit/s
Upload: 0.86 Mbit/s
Mo 27. Apr 17:45:01 CEST 2015
Ping: 32.457 ms
Download: 10.73 Mbit/s
Upload: 0.87 Mbit/s
Mo 27. Apr 18:45:01 CEST 2015
Ping: 27.497 ms
Download: 10.73 Mbit/s
Upload: 0.87 Mbit/s
Mo 27. Apr 19:45:01 CEST 2015
Ping: 28.097 ms
Download: 10.36 Mbit/s
Upload: 0.80 Mbit/s
Mo 27. Apr 20:45:01 CEST 2015
Ping: 26.878 ms
Download: 8.50 Mbit/s
Upload: 0.87 Mbit/s
Mo 27. Apr 21:45:01 CEST 2015
Ping: 28.9 ms
Download: 10.74 Mbit/s
Upload: 0.87 Mbit/s
Mo 27. Apr 22:45:01 CEST 2015
Ping: 26.34 ms
Download: 10.72 Mbit/s
Upload: 0.85 Mbit/s
Mo 27. Apr 23:45:01 CEST 2015
Ping: 23.552 ms
Download: 10.72 Mbit/s
Upload: 0.87 Mbit/s
Di 28. Apr 00:45:01 CEST 2015
Ping: 24.14 ms
Download: 10.74 Mbit/s
Upload: 0.87 Mbit/s
Di 28. Apr 01:45:01 CEST 2015
Ping: 26.209 ms
Download: 10.72 Mbit/s
Upload: 0.86 Mbit/s
Di 28. Apr 02:45:01 CEST 2015
Ping: 27.704 ms
Download: 10.74 Mbit/s
Upload: 0.87 Mbit/s
Di 28. Apr 03:45:02 CEST 2015
Ping: 25.133 ms
Download: 10.74 Mbit/s
Upload: 0.87 Mbit/s
Di 28. Apr 04:45:01 CEST 2015
Ping: 26.548 ms
Download: 10.74 Mbit/s
Upload: 0.88 Mbit/s
Di 28. Apr 05:45:01 CEST 2015
Ping: 29.335 ms
Download: 10.72 Mbit/s
Upload: 0.87 Mbit/s
Di 28. Apr 06:45:02 CEST 2015
Ping: 28.115 ms
Download: 10.73 Mbit/s
Upload: 0.87 Mbit/s
Di 28. Apr 07:45:01 CEST 2015
Ping: 28.293 ms
Download: 10.72 Mbit/s
Upload: 0.88 Mbit/s
Di 28. Apr 08:45:01 CEST 2015
Ping: 26.732 ms
Download: 8.71 Mbit/s
Upload: 0.83 Mbit/s
Di 28. Apr 09:45:01 CEST 2015
Ping: 27.278 ms
Download: 10.72 Mbit/s
Upload: 0.87 Mbit/s
Di 28. Apr 10:45:01 CEST 2015
Ping: 27.111 ms
Download: 10.72 Mbit/s
Upload: 0.87 Mbit/s
Di 28. Apr 11:45:01 CEST 2015
Ping: 28.978 ms
Download: 10.72 Mbit/s
Upload: 0.87 Mbit/s
Di 28. Apr 12:45:01 CEST 2015
Ping: 27.714 ms
Download: 10.72 Mbit/s
Upload: 0.87 Mbit/s
Di 28. Apr 13:45:02 CEST 2015
Ping: 32.609 ms
Download: 10.72 Mbit/s
Upload: 0.88 Mbit/s
Di 28. Apr 14:45:01 CEST 2015
Ping: 27.695 ms
Download: 10.72 Mbit/s
Upload: 0.87 Mbit/s
Di 28. Apr 15:45:01 CEST 2015
Ping: 26.808 ms
Download: 10.72 Mbit/s
Upload: 0.85 Mbit/s
Di 28. Apr 16:45:01 CEST 2015
Ping: 26.288 ms
Download: 10.72 Mbit/s
Upload: 0.87 Mbit/s
Di 28. Apr 17:45:02 CEST 2015
Ping: 26.871 ms
Download: 10.73 Mbit/s
Upload: 0.88 Mbit/s
Di 28. Apr 18:45:01 CEST 2015
Ping: 28.261 ms
Download: 10.74 Mbit/s
Upload: 0.87 Mbit/s
Di 28. Apr 19:45:01 CEST 2015
Ping: 27.079 ms
Download: 10.72 Mbit/s
Upload: 0.81 Mbit/s
Di 28. Apr 20:45:01 CEST 2015
Ping: 28.688 ms
Download: 10.61 Mbit/s
Upload: 0.79 Mbit/s
Di 28. Apr 21:45:01 CEST 2015
Ping: 25.481 ms
Download: 9.99 Mbit/s
Upload: 0.78 Mbit/s
Di 28. Apr 22:45:01 CEST 2015
Ping: 27.62 ms
Download: 10.72 Mbit/s
Upload: 0.87 Mbit/s
Di 28. Apr 23:45:01 CEST 2015
Ping: 27.455 ms
Download: 10.73 Mbit/s
Upload: 0.88 Mbit/s
Mi 29. Apr 00:45:01 CEST 2015
Ping: 27.914 ms
Download: 10.71 Mbit/s
Upload: 0.87 Mbit/s
Mi 29. Apr 01:45:01 CEST 2015
Ping: 27.219 ms
Download: 10.72 Mbit/s
Upload: 0.87 Mbit/s
Mi 29. Apr 02:45:01 CEST 2015
Ping: 26.625 ms
Download: 10.72 Mbit/s
Upload: 0.88 Mbit/s
Mi 29. Apr 03:45:01 CEST 2015
Ping: 26.314 ms
Download: 10.72 Mbit/s
Upload: 0.87 Mbit/s
Mi 29. Apr 04:45:01 CEST 2015
Ping: 32.354 ms
Download: 10.72 Mbit/s
Upload: 0.86 Mbit/s
Mi 29. Apr 05:45:01 CEST 2015
Ping: 26.378 ms
Download: 10.72 Mbit/s
Upload: 0.88 Mbit/s
Mi 29. Apr 06:45:01 CEST 2015
Ping: 29.473 ms
Download: 10.71 Mbit/s
Upload: 0.86 Mbit/s
Mi 29. Apr 07:45:01 CEST 2015
Ping: 29.244 ms
Download: 10.74 Mbit/s
Upload: 0.87 Mbit/s
Mi 29. Apr 08:45:01 CEST 2015
Ping: 28.867 ms
Download: 10.72 Mbit/s
Upload: 0.87 Mbit/s
Mi 29. Apr 09:45:01 CEST 2015
Ping: 27.767 ms
Download: 10.74 Mbit/s
Upload: 0.87 Mbit/s
Mi 29. Apr 10:45:01 CEST 2015
Ping: 28.301 ms
Download: 10.72 Mbit/s
Upload: 0.87 Mbit/s
Mi 29. Apr 11:45:01 CEST 2015
Ping: 28.594 ms
Download: 10.72 Mbit/s
Upload: 0.87 Mbit/s
Mi 29. Apr 12:45:01 CEST 2015
Ping: 26.114 ms
Download: 10.74 Mbit/s
Upload: 0.87 Mbit/s
Mi 29. Apr 13:45:01 CEST 2015
Ping: 30.229 ms
Download: 10.73 Mbit/s
Upload: 0.87 Mbit/s
Mi 29. Apr 14:45:01 CEST 2015
Ping: 28.836 ms
Download: 10.73 Mbit/s
Upload: 0.87 Mbit/s
Mi 29. Apr 15:45:01 CEST 2015
Ping: 27.716 ms
Download: 10.74 Mbit/s
Upload: 0.87 Mbit/s
Mi 29. Apr 16:45:01 CEST 2015
Ping: 26.255 ms
Download: 10.73 Mbit/s
Upload: 0.87 Mbit/s
Mi 29. Apr 17:45:01 CEST 2015
Ping: 26.827 ms
Download: 10.72 Mbit/s
Upload: 0.87 Mbit/s
Mi 29. Apr 18:45:01 CEST 2015
Ping: 28.115 ms
Download: 10.72 Mbit/s
Upload: 0.87 Mbit/s
Mi 29. Apr 19:45:01 CEST 2015
Ping: 27.081 ms
Download: 10.73 Mbit/s
Upload: 0.89 Mbit/s
Mi 29. Apr 20:45:01 CEST 2015
Ping: 28.02 ms
Download: 10.73 Mbit/s
Upload: 0.88 Mbit/s
Mi 29. Apr 21:45:01 CEST 2015
Ping: 28.077 ms
Download: 10.65 Mbit/s
Upload: 0.86 Mbit/s
Mi 29. Apr 22:45:01 CEST 2015
Ping: 28.688 ms
Download: 8.78 Mbit/s
Upload: 0.83 Mbit/s
Mi 29. Apr 23:45:01 CEST 2015
Ping: 26.921 ms
Download: 10.71 Mbit/s
Upload: 0.87 Mbit/s
Do 30. Apr 00:45:01 CEST 2015
Ping: 34.852 ms
Download: 0.00 Mbit/s
Upload: 0.86 Mbit/s
Do 30. Apr 01:45:01 CEST 2015
Ping: 27.713 ms
Download: 10.74 Mbit/s
Upload: 0.87 Mbit/s
Do 30. Apr 02:45:01 CEST 2015
Ping: 30.505 ms
Download: 10.74 Mbit/s
Upload: 0.88 Mbit/s
Do 30. Apr 03:45:01 CEST 2015
Ping: 28.403 ms
Download: 10.72 Mbit/s
Upload: 0.86 Mbit/s
Do 30. Apr 04:45:01 CEST 2015
Ping: 25.974 ms
Download: 10.73 Mbit/s
Upload: 0.87 Mbit/s
Do 30. Apr 05:45:01 CEST 2015
Ping: 29.924 ms
Download: 10.74 Mbit/s
Upload: 0.87 Mbit/s
Do 30. Apr 06:45:01 CEST 2015
Ping: 27.694 ms
Download: 10.72 Mbit/s
Upload: 0.87 Mbit/s
Do 30. Apr 07:45:01 CEST 2015
Ping: 29.174 ms
Download: 10.72 Mbit/s
Upload: 0.82 Mbit/s
Do 30. Apr 08:45:01 CEST 2015
Ping: 27.362 ms
Download: 8.30 Mbit/s
Upload: 0.78 Mbit/s
Do 30. Apr 09:45:01 CEST 2015
Ping: 26.371 ms
Download: 9.55 Mbit/s
Upload: 0.80 Mbit/s
Do 30. Apr 10:45:01 CEST 2015
Ping: 30.349 ms
Download: 10.72 Mbit/s
Upload: 0.87 Mbit/s
Do 30. Apr 11:45:01 CEST 2015
Ping: 26.59 ms
Download: 10.51 Mbit/s
Upload: 0.84 Mbit/s
Do 30. Apr 12:45:01 CEST 2015
Ping: 26.711 ms
Download: 10.03 Mbit/s
Upload: 0.87 Mbit/s
Do 30. Apr 13:45:01 CEST 2015
Ping: 27.825 ms
Download: 10.43 Mbit/s
Upload: 0.86 Mbit/s
Do 30. Apr 14:45:01 CEST 2015
Ping: 30.187 ms
Download: 10.74 Mbit/s
Upload: 0.87 Mbit/s
Do 30. Apr 15:45:01 CEST 2015
Ping: 27.248 ms
Download: 10.72 Mbit/s
Upload: 0.87 Mbit/s
Do 30. Apr 16:45:01 CEST 2015
Ping: 26.55 ms
Download: 10.74 Mbit/s
Upload: 0.87 Mbit/s
Do 30. Apr 17:45:01 CEST 2015
Ping: 27.451 ms
Download: 8.68 Mbit/s
Upload: 0.83 Mbit/s
Do 30. Apr 18:45:01 CEST 2015
Ping: 28.8 ms
Download: 10.74 Mbit/s
Upload: 0.87 Mbit/s
Do 30. Apr 19:45:02 CEST 2015
Ping: 26.634 ms
Download: 10.74 Mbit/s
Upload: 0.87 Mbit/s
Do 30. Apr 20:45:01 CEST 2015
Ping: 27.345 ms
Download: 10.73 Mbit/s
Upload: 0.87 Mbit/s
Do 30. Apr 21:45:01 CEST 2015
Ping: 29.267 ms
Download: 10.74 Mbit/s
Upload: 0.87 Mbit/s
Do 30. Apr 22:45:01 CEST 2015
Ping: 26.777 ms
Download: 10.74 Mbit/s
Upload: 0.87 Mbit/s
Do 30. Apr 23:45:01 CEST 2015
Ping: 26.495 ms
Download: 10.74 Mbit/s
Upload: 0.87 Mbit/s
