Do 1. Okt 00:45:01 CEST 2015
Ping: 20.011 ms
Download: 21.64 Mbit/s
Upload: 0.89 Mbit/s
Do 1. Okt 01:45:01 CEST 2015
Ping: 19.697 ms
Download: 21.63 Mbit/s
Upload: 0.73 Mbit/s
Do 1. Okt 02:45:01 CEST 2015
Ping: 20.091 ms
Download: 21.60 Mbit/s
Upload: 0.88 Mbit/s
Do 1. Okt 03:45:01 CEST 2015
Ping: 20.26 ms
Download: 21.64 Mbit/s
Upload: 0.81 Mbit/s
Do 1. Okt 04:45:01 CEST 2015
Ping: 19.705 ms
Download: 21.63 Mbit/s
Upload: 0.85 Mbit/s
Do 1. Okt 05:45:01 CEST 2015
Ping: 19.44 ms
Download: 21.60 Mbit/s
Upload: 0.88 Mbit/s
Do 1. Okt 06:45:01 CEST 2015
Ping: 20.067 ms
Download: 21.60 Mbit/s
Upload: 0.88 Mbit/s
Do 1. Okt 07:45:01 CEST 2015
Ping: 18.461 ms
Download: 21.60 Mbit/s
Upload: 0.88 Mbit/s
Do 1. Okt 08:45:01 CEST 2015
Ping: 19.415 ms
Download: 19.81 Mbit/s
Upload: 0.85 Mbit/s
Do 1. Okt 09:45:01 CEST 2015
Ping: 19.449 ms
Download: 21.64 Mbit/s
Upload: 0.86 Mbit/s
Do 1. Okt 10:45:01 CEST 2015
Ping: 20.913 ms
Download: 21.60 Mbit/s
Upload: 0.88 Mbit/s
Do 1. Okt 11:45:01 CEST 2015
Ping: 18.892 ms
Download: 21.63 Mbit/s
Upload: 0.89 Mbit/s
Do 1. Okt 12:45:01 CEST 2015
Ping: 20.782 ms
Download: 21.60 Mbit/s
Upload: 0.88 Mbit/s
Do 1. Okt 13:45:01 CEST 2015
Ping: 19.979 ms
Download: 21.48 Mbit/s
Upload: 0.88 Mbit/s
Do 1. Okt 14:45:01 CEST 2015
Ping: 18.937 ms
Download: 21.59 Mbit/s
Upload: 0.88 Mbit/s
Do 1. Okt 15:45:01 CEST 2015
Ping: 21.89 ms
Download: 21.64 Mbit/s
Upload: 0.89 Mbit/s
Do 1. Okt 16:45:01 CEST 2015
Ping: 21.174 ms
Download: 21.61 Mbit/s
Upload: 0.88 Mbit/s
Do 1. Okt 17:45:01 CEST 2015
Ping: 28.508 ms
Download: 21.64 Mbit/s
Upload: 0.88 Mbit/s
Do 1. Okt 18:45:01 CEST 2015
Ping: 21.902 ms
Download: 21.60 Mbit/s
Upload: 0.88 Mbit/s
Do 1. Okt 19:45:01 CEST 2015
Ping: 26.692 ms
Download: 20.56 Mbit/s
Upload: 0.84 Mbit/s
Do 1. Okt 20:45:01 CEST 2015
Ping: 20.481 ms
Download: 21.65 Mbit/s
Upload: 0.88 Mbit/s
Do 1. Okt 21:45:01 CEST 2015
Ping: 36.543 ms
Download: 21.07 Mbit/s
Upload: 0.88 Mbit/s
Do 1. Okt 22:45:01 CEST 2015
Ping: 20.765 ms
Download: 21.60 Mbit/s
Upload: 0.88 Mbit/s
Do 1. Okt 23:45:01 CEST 2015
Ping: 19.454 ms
Download: 21.63 Mbit/s
Upload: 0.74 Mbit/s
Fr 2. Okt 00:45:01 CEST 2015
Ping: 19.444 ms
Download: 21.63 Mbit/s
Upload: 0.88 Mbit/s
Fr 2. Okt 01:45:01 CEST 2015
Ping: 19.43 ms
Download: 21.64 Mbit/s
Upload: 0.88 Mbit/s
Fr 2. Okt 02:45:01 CEST 2015
Ping: 19.375 ms
Download: 21.63 Mbit/s
Upload: 0.76 Mbit/s
Fr 2. Okt 03:45:01 CEST 2015
Ping: 19.416 ms
Download: 21.63 Mbit/s
Upload: 0.86 Mbit/s
Fr 2. Okt 04:45:01 CEST 2015
Ping: 19.458 ms
Download: 21.15 Mbit/s
Upload: 0.86 Mbit/s
Fr 2. Okt 05:45:01 CEST 2015
Ping: 19.795 ms
Download: 21.63 Mbit/s
Upload: 0.88 Mbit/s
Fr 2. Okt 06:45:01 CEST 2015
Ping: 19.835 ms
Download: 20.44 Mbit/s
Upload: 0.84 Mbit/s
Fr 2. Okt 07:45:01 CEST 2015
Ping: 19.437 ms
Download: 21.60 Mbit/s
Upload: 0.88 Mbit/s
Fr 2. Okt 08:45:01 CEST 2015
Ping: 18.875 ms
Download: 21.59 Mbit/s
Upload: 0.86 Mbit/s
Fr 2. Okt 09:45:01 CEST 2015
Ping: 18.231 ms
Download: 21.60 Mbit/s
Upload: 0.85 Mbit/s
Fr 2. Okt 10:45:01 CEST 2015
Ping: 19.437 ms
Download: 21.61 Mbit/s
Upload: 0.88 Mbit/s
Fr 2. Okt 11:45:01 CEST 2015
Ping: 19.332 ms
Download: 21.62 Mbit/s
Upload: 0.88 Mbit/s
Fr 2. Okt 12:45:02 CEST 2015
Ping: 18.532 ms
Download: 21.63 Mbit/s
Upload: 0.88 Mbit/s
Fr 2. Okt 13:45:01 CEST 2015
Ping: 22.279 ms
Download: 21.63 Mbit/s
Upload: 0.88 Mbit/s
Fr 2. Okt 14:45:01 CEST 2015
Ping: 20.754 ms
Download: 21.61 Mbit/s
Upload: 0.79 Mbit/s
Fr 2. Okt 15:45:01 CEST 2015
Ping: 18.694 ms
Download: 21.60 Mbit/s
Upload: 0.86 Mbit/s
Fr 2. Okt 16:45:01 CEST 2015
Ping: 19.698 ms
Download: 21.60 Mbit/s
Upload: 0.85 Mbit/s
Fr 2. Okt 17:45:01 CEST 2015
Ping: 21.631 ms
Download: 21.61 Mbit/s
Upload: 0.85 Mbit/s
Fr 2. Okt 18:45:01 CEST 2015
Ping: 19.26 ms
Download: 21.51 Mbit/s
Upload: 0.86 Mbit/s
Fr 2. Okt 19:45:01 CEST 2015
Ping: 21.623 ms
Download: 21.63 Mbit/s
Upload: 0.88 Mbit/s
Fr 2. Okt 20:45:01 CEST 2015
Ping: 21.111 ms
Download: 21.60 Mbit/s
Upload: 0.88 Mbit/s
Fr 2. Okt 21:45:02 CEST 2015
Ping: 21.343 ms
Download: 21.63 Mbit/s
Upload: 0.86 Mbit/s
Fr 2. Okt 22:45:01 CEST 2015
Ping: 22.421 ms
Download: 21.64 Mbit/s
Upload: 0.89 Mbit/s
Fr 2. Okt 23:45:01 CEST 2015
Ping: 19.908 ms
Download: 21.56 Mbit/s
Upload: 0.87 Mbit/s
Sa 3. Okt 00:45:01 CEST 2015
Ping: 19.449 ms
Download: 21.63 Mbit/s
Upload: 0.88 Mbit/s
Sa 3. Okt 01:45:01 CEST 2015
Ping: 19.432 ms
Download: 21.64 Mbit/s
Upload: 0.88 Mbit/s
Sa 3. Okt 02:45:01 CEST 2015
Ping: 21.435 ms
Download: 21.63 Mbit/s
Upload: 0.82 Mbit/s
Sa 3. Okt 03:45:01 CEST 2015
Ping: 19.462 ms
Download: 21.64 Mbit/s
Upload: 0.87 Mbit/s
Sa 3. Okt 04:45:01 CEST 2015
Ping: 20.737 ms
Download: 21.63 Mbit/s
Upload: 0.79 Mbit/s
Sa 3. Okt 05:45:01 CEST 2015
Ping: 18.881 ms
Download: 21.64 Mbit/s
Upload: 0.87 Mbit/s
Sa 3. Okt 06:45:01 CEST 2015
Ping: 19.448 ms
Download: 21.63 Mbit/s
Upload: 0.88 Mbit/s
Sa 3. Okt 07:45:01 CEST 2015
Ping: 19.435 ms
Download: 21.60 Mbit/s
Upload: 0.88 Mbit/s
Sa 3. Okt 08:45:01 CEST 2015
Ping: 19.446 ms
Download: 21.63 Mbit/s
Upload: 0.84 Mbit/s
Sa 3. Okt 09:45:01 CEST 2015
Ping: 19.38 ms
Download: 21.62 Mbit/s
Upload: 0.88 Mbit/s
Sa 3. Okt 10:45:01 CEST 2015
Ping: 19.819 ms
Download: 21.61 Mbit/s
Upload: 0.81 Mbit/s
Sa 3. Okt 11:45:01 CEST 2015
Ping: 19.466 ms
Download: 21.60 Mbit/s
Upload: 0.85 Mbit/s
Sa 3. Okt 12:45:01 CEST 2015
Ping: 19.45 ms
Download: 20.65 Mbit/s
Upload: 0.85 Mbit/s
Sa 3. Okt 13:45:01 CEST 2015
Ping: 20.768 ms
Download: 21.56 Mbit/s
Upload: 0.79 Mbit/s
Sa 3. Okt 14:45:01 CEST 2015
Ping: 19.825 ms
Download: 21.63 Mbit/s
Upload: 0.88 Mbit/s
Sa 3. Okt 15:45:01 CEST 2015
Ping: 22.568 ms
Download: 21.36 Mbit/s
Upload: 0.76 Mbit/s
Sa 3. Okt 16:45:01 CEST 2015
Ping: 18.626 ms
Download: 20.57 Mbit/s
Upload: 0.59 Mbit/s
Sa 3. Okt 17:45:01 CEST 2015
Ping: 19.004 ms
Download: 21.31 Mbit/s
Upload: 0.85 Mbit/s
Sa 3. Okt 18:45:01 CEST 2015
Ping: 20.417 ms
Download: 21.61 Mbit/s
Upload: 0.87 Mbit/s
Sa 3. Okt 19:45:01 CEST 2015
Ping: 19.731 ms
Download: 21.57 Mbit/s
Upload: 0.86 Mbit/s
Sa 3. Okt 20:45:01 CEST 2015
Ping: 20.558 ms
Download: 20.99 Mbit/s
Upload: 0.89 Mbit/s
Sa 3. Okt 21:45:01 CEST 2015
Ping: 20.213 ms
Download: 20.75 Mbit/s
Upload: 0.88 Mbit/s
Sa 3. Okt 22:45:01 CEST 2015
Ping: 20.711 ms
Download: 20.99 Mbit/s
Upload: 0.88 Mbit/s
Sa 3. Okt 23:45:01 CEST 2015
Ping: 19.407 ms
Download: 21.60 Mbit/s
Upload: 0.88 Mbit/s
So 4. Okt 00:45:01 CEST 2015
Ping: 19.435 ms
Download: 21.61 Mbit/s
Upload: 0.88 Mbit/s
So 4. Okt 01:45:01 CEST 2015
Ping: 20.188 ms
Download: 21.64 Mbit/s
Upload: 0.88 Mbit/s
So 4. Okt 02:45:01 CEST 2015
Ping: 20.168 ms
Download: 21.64 Mbit/s
Upload: 0.88 Mbit/s
So 4. Okt 03:45:01 CEST 2015
Ping: 18.27 ms
Download: 21.61 Mbit/s
Upload: 0.88 Mbit/s
So 4. Okt 04:45:01 CEST 2015
Ping: 18.854 ms
Download: 21.63 Mbit/s
Upload: 0.88 Mbit/s
So 4. Okt 05:45:01 CEST 2015
Ping: 19.741 ms
Download: 21.63 Mbit/s
Upload: 0.88 Mbit/s
So 4. Okt 06:45:01 CEST 2015
Ping: 19.439 ms
Download: 21.64 Mbit/s
Upload: 0.88 Mbit/s
So 4. Okt 07:45:01 CEST 2015
Ping: 33.448 ms
Download: 21.46 Mbit/s
Upload: 0.87 Mbit/s
So 4. Okt 08:45:01 CEST 2015
Ping: 19.645 ms
Download: 21.60 Mbit/s
Upload: 0.88 Mbit/s
So 4. Okt 09:45:01 CEST 2015
Ping: 21.132 ms
Download: 21.51 Mbit/s
Upload: 0.87 Mbit/s
So 4. Okt 10:45:01 CEST 2015
Ping: 19.477 ms
Download: 21.51 Mbit/s
Upload: 0.89 Mbit/s
So 4. Okt 11:45:01 CEST 2015
Ping: 20.654 ms
Download: 21.34 Mbit/s
Upload: 0.88 Mbit/s
So 4. Okt 12:45:01 CEST 2015
Ping: 19.411 ms
Download: 21.25 Mbit/s
Upload: 0.83 Mbit/s
So 4. Okt 13:45:01 CEST 2015
Ping: 18.589 ms
Download: 21.59 Mbit/s
Upload: 0.80 Mbit/s
So 4. Okt 14:45:01 CEST 2015
Ping: 29.188 ms
Download: 21.42 Mbit/s
Upload: 0.76 Mbit/s
So 4. Okt 15:45:01 CEST 2015
Ping: 21.828 ms
Download: 20.04 Mbit/s
Upload: 0.83 Mbit/s
So 4. Okt 16:45:01 CEST 2015
Ping: 20.804 ms
Download: 21.64 Mbit/s
Upload: 0.89 Mbit/s
So 4. Okt 17:45:01 CEST 2015
Ping: 19.442 ms
Download: 21.60 Mbit/s
Upload: 0.88 Mbit/s
So 4. Okt 18:45:01 CEST 2015
Ping: 30.998 ms
Download: 21.30 Mbit/s
Upload: 0.79 Mbit/s
So 4. Okt 19:45:01 CEST 2015
Ping: 35.164 ms
Download: 20.46 Mbit/s
Upload: 0.86 Mbit/s
So 4. Okt 20:45:01 CEST 2015
Ping: 19.82 ms
Download: 20.53 Mbit/s
Upload: 0.89 Mbit/s
So 4. Okt 21:45:01 CEST 2015
Ping: 29.614 ms
Download: 21.60 Mbit/s
Upload: 0.88 Mbit/s
So 4. Okt 22:45:01 CEST 2015
Ping: 20.29 ms
Download: 21.63 Mbit/s
Upload: 0.88 Mbit/s
So 4. Okt 23:45:01 CEST 2015
Ping: 19.415 ms
Download: 21.63 Mbit/s
Upload: 0.88 Mbit/s
Mo 5. Okt 00:45:01 CEST 2015
Ping: 19.062 ms
Download: 21.60 Mbit/s
Upload: 0.89 Mbit/s
Mo 5. Okt 01:45:01 CEST 2015
Ping: 19.048 ms
Download: 21.63 Mbit/s
Upload: 0.89 Mbit/s
Mo 5. Okt 02:45:01 CEST 2015
Ping: 20.734 ms
Download: 21.60 Mbit/s
Upload: 0.89 Mbit/s
Mo 5. Okt 03:45:01 CEST 2015
Ping: 18.764 ms
Download: 21.16 Mbit/s
Upload: 0.88 Mbit/s
Mo 5. Okt 04:45:01 CEST 2015
Ping: 19.259 ms
Download: 21.60 Mbit/s
Upload: 0.88 Mbit/s
Mo 5. Okt 05:45:01 CEST 2015
Ping: 19.439 ms
Download: 21.60 Mbit/s
Upload: 0.88 Mbit/s
Mo 5. Okt 06:45:01 CEST 2015
Ping: 18.588 ms
Download: 21.60 Mbit/s
Upload: 0.86 Mbit/s
Mo 5. Okt 07:45:01 CEST 2015
Ping: 18.21 ms
Download: 20.30 Mbit/s
Upload: 0.87 Mbit/s
Mo 5. Okt 08:45:01 CEST 2015
Ping: 19.579 ms
Download: 21.60 Mbit/s
Upload: 0.88 Mbit/s
Mo 5. Okt 09:45:01 CEST 2015
Ping: 21.061 ms
Download: 21.63 Mbit/s
Upload: 0.88 Mbit/s
Mo 5. Okt 10:45:01 CEST 2015
Ping: 20.273 ms
Download: 21.63 Mbit/s
Upload: 0.89 Mbit/s
Mo 5. Okt 11:45:01 CEST 2015
Ping: 19.312 ms
Download: 21.63 Mbit/s
Upload: 0.82 Mbit/s
Mo 5. Okt 12:45:01 CEST 2015
Ping: 20.528 ms
Download: 21.60 Mbit/s
Upload: 0.88 Mbit/s
Mo 5. Okt 13:45:01 CEST 2015
Ping: 17.896 ms
Download: 21.63 Mbit/s
Upload: 0.88 Mbit/s
Mo 5. Okt 14:45:01 CEST 2015
Ping: 20.667 ms
Download: 21.63 Mbit/s
Upload: 0.88 Mbit/s
Mo 5. Okt 15:45:01 CEST 2015
Ping: 20.247 ms
Download: 21.63 Mbit/s
Upload: 0.89 Mbit/s
Mo 5. Okt 16:45:01 CEST 2015
Ping: 20.769 ms
Download: 21.48 Mbit/s
Upload: 0.80 Mbit/s
Mo 5. Okt 17:45:01 CEST 2015
Ping: 18.237 ms
Download: 20.85 Mbit/s
Upload: 0.86 Mbit/s
Mo 5. Okt 18:45:01 CEST 2015
Ping: 19.831 ms
Download: 21.60 Mbit/s
Upload: 0.88 Mbit/s
Mo 5. Okt 19:45:01 CEST 2015
Ping: 20.344 ms
Download: 20.79 Mbit/s
Upload: 0.73 Mbit/s
Mo 5. Okt 20:45:01 CEST 2015
Ping: 20.295 ms
Download: 19.78 Mbit/s
Upload: 0.71 Mbit/s
Mo 5. Okt 21:45:01 CEST 2015
Ping: 20.765 ms
Download: 21.64 Mbit/s
Upload: 0.90 Mbit/s
Mo 5. Okt 22:45:01 CEST 2015
Ping: 26.036 ms
Download: 21.57 Mbit/s
Upload: 0.88 Mbit/s
Mo 5. Okt 23:45:01 CEST 2015
Ping: 20.23 ms
Download: 21.64 Mbit/s
Upload: 0.88 Mbit/s
Di 6. Okt 00:45:01 CEST 2015
Ping: 20.701 ms
Download: 21.60 Mbit/s
Upload: 0.88 Mbit/s
Di 6. Okt 01:45:01 CEST 2015
Ping: 19.442 ms
Download: 21.60 Mbit/s
Upload: 0.89 Mbit/s
Di 6. Okt 02:45:01 CEST 2015
Ping: 19.569 ms
Download: 21.60 Mbit/s
Upload: 0.89 Mbit/s
Di 6. Okt 03:45:01 CEST 2015
Ping: 19.45 ms
Download: 21.63 Mbit/s
Upload: 0.89 Mbit/s
Di 6. Okt 04:45:01 CEST 2015
Ping: 19.426 ms
Download: 21.63 Mbit/s
Upload: 0.87 Mbit/s
Di 6. Okt 05:45:01 CEST 2015
Ping: 20.015 ms
Download: 21.63 Mbit/s
Upload: 0.84 Mbit/s
Di 6. Okt 06:45:01 CEST 2015
Ping: 20.756 ms
Download: 21.61 Mbit/s
Upload: 0.87 Mbit/s
Di 6. Okt 07:45:01 CEST 2015
Ping: 19.448 ms
Download: 21.60 Mbit/s
Upload: 0.89 Mbit/s
Di 6. Okt 08:45:01 CEST 2015
Ping: 18.268 ms
Download: 20.22 Mbit/s
Upload: 0.82 Mbit/s
Di 6. Okt 09:45:01 CEST 2015
Ping: 18.4 ms
Download: 21.63 Mbit/s
Upload: 0.85 Mbit/s
Di 6. Okt 10:45:01 CEST 2015
Ping: 19.409 ms
Download: 21.63 Mbit/s
Upload: 0.85 Mbit/s
Di 6. Okt 11:45:01 CEST 2015
Ping: 19.876 ms
Download: 21.60 Mbit/s
Upload: 0.88 Mbit/s
Di 6. Okt 12:45:01 CEST 2015
Ping: 19.529 ms
Download: 21.60 Mbit/s
Upload: 0.88 Mbit/s
Di 6. Okt 13:45:01 CEST 2015
Ping: 20.106 ms
Download: 21.64 Mbit/s
Upload: 0.58 Mbit/s
Di 6. Okt 14:45:01 CEST 2015
Ping: 19.459 ms
Download: 21.63 Mbit/s
Upload: 0.88 Mbit/s
Di 6. Okt 15:45:02 CEST 2015
Ping: 19.457 ms
Download: 21.60 Mbit/s
Upload: 0.88 Mbit/s
Di 6. Okt 16:45:01 CEST 2015
Ping: 19.391 ms
Download: 21.60 Mbit/s
Upload: 0.88 Mbit/s
Di 6. Okt 17:45:01 CEST 2015
Ping: 19.459 ms
Download: 20.07 Mbit/s
Upload: 0.72 Mbit/s
Di 6. Okt 18:45:01 CEST 2015
Ping: 22.352 ms
Download: 21.62 Mbit/s
Upload: 0.88 Mbit/s
Di 6. Okt 19:45:01 CEST 2015
Ping: 34.408 ms
Download: 21.38 Mbit/s
Upload: 0.86 Mbit/s
Di 6. Okt 20:45:01 CEST 2015
Ping: 29.614 ms
Download: 21.62 Mbit/s
Upload: 0.84 Mbit/s
Di 6. Okt 21:45:01 CEST 2015
Ping: 21.437 ms
Download: 21.64 Mbit/s
Upload: 0.88 Mbit/s
Di 6. Okt 22:45:01 CEST 2015
Ping: 19.436 ms
Download: 21.60 Mbit/s
Upload: 0.88 Mbit/s
Di 6. Okt 23:45:01 CEST 2015
Ping: 19.627 ms
Download: 21.60 Mbit/s
Upload: 0.89 Mbit/s
Mi 7. Okt 00:45:01 CEST 2015
Ping: 19.413 ms
Download: 21.60 Mbit/s
Upload: 0.86 Mbit/s
Mi 7. Okt 01:45:01 CEST 2015
Ping: 19.457 ms
Download: 21.59 Mbit/s
Upload: 0.78 Mbit/s
Mi 7. Okt 02:45:01 CEST 2015
Ping: 20.794 ms
Download: 21.60 Mbit/s
Upload: 0.82 Mbit/s
Mi 7. Okt 03:45:01 CEST 2015
Ping: 19.432 ms
Download: 21.60 Mbit/s
Upload: 0.75 Mbit/s
Mi 7. Okt 04:45:01 CEST 2015
Ping: 19.467 ms
Download: 21.63 Mbit/s
Upload: 0.89 Mbit/s
Mi 7. Okt 05:45:01 CEST 2015
Ping: 19.577 ms
Download: 21.63 Mbit/s
Upload: 0.86 Mbit/s
Mi 7. Okt 06:45:01 CEST 2015
Ping: 20.237 ms
Download: 21.60 Mbit/s
Upload: 0.63 Mbit/s
Mi 7. Okt 07:45:01 CEST 2015
Ping: 18.382 ms
Download: 21.64 Mbit/s
Upload: 0.88 Mbit/s
Mi 7. Okt 08:45:01 CEST 2015
Ping: 19.459 ms
Download: 21.45 Mbit/s
Upload: 0.88 Mbit/s
Mi 7. Okt 09:45:01 CEST 2015
Ping: 20.777 ms
Download: 21.62 Mbit/s
Upload: 0.88 Mbit/s
Mi 7. Okt 10:45:01 CEST 2015
Ping: 19.465 ms
Download: 21.55 Mbit/s
Upload: 0.85 Mbit/s
Mi 7. Okt 11:45:01 CEST 2015
Ping: 19.443 ms
Download: 21.60 Mbit/s
Upload: 0.86 Mbit/s
Mi 7. Okt 12:45:01 CEST 2015
Ping: 18.755 ms
Download: 21.48 Mbit/s
Upload: 0.83 Mbit/s
Mi 7. Okt 13:45:01 CEST 2015
Ping: 19.446 ms
Download: 21.60 Mbit/s
Upload: 0.72 Mbit/s
Mi 7. Okt 14:45:01 CEST 2015
Ping: 19.57 ms
Download: 21.64 Mbit/s
Upload: 0.88 Mbit/s
Mi 7. Okt 15:45:01 CEST 2015
Ping: 19.448 ms
Download: 21.60 Mbit/s
Upload: 0.85 Mbit/s
Mi 7. Okt 16:45:01 CEST 2015
Ping: 17.875 ms
Download: 21.61 Mbit/s
Upload: 0.88 Mbit/s
Mi 7. Okt 17:45:01 CEST 2015
Ping: 22.105 ms
Download: 21.33 Mbit/s
Upload: 0.83 Mbit/s
Mi 7. Okt 18:45:01 CEST 2015
Ping: 22.22 ms
Download: 21.60 Mbit/s
Upload: 0.85 Mbit/s
Mi 7. Okt 19:45:01 CEST 2015
Ping: 19.446 ms
Download: 21.63 Mbit/s
Upload: 0.85 Mbit/s
Mi 7. Okt 20:45:01 CEST 2015
Ping: 19.14 ms
Download: 21.60 Mbit/s
Upload: 0.88 Mbit/s
Mi 7. Okt 21:45:01 CEST 2015
Ping: 21.114 ms
Download: 21.63 Mbit/s
Upload: 0.89 Mbit/s
Mi 7. Okt 22:45:01 CEST 2015
Ping: 18.813 ms
Download: 21.60 Mbit/s
Upload: 0.89 Mbit/s
Mi 7. Okt 23:45:01 CEST 2015
Ping: 18.38 ms
Download: 21.63 Mbit/s
Upload: 0.88 Mbit/s
Do 8. Okt 00:45:01 CEST 2015
Ping: 20.922 ms
Download: 21.63 Mbit/s
Upload: 0.84 Mbit/s
Do 8. Okt 01:45:01 CEST 2015
Ping: 19.114 ms
Download: 21.63 Mbit/s
Upload: 0.86 Mbit/s
Do 8. Okt 02:45:01 CEST 2015
Ping: 19.808 ms
Download: 21.60 Mbit/s
Upload: 0.88 Mbit/s
Do 8. Okt 03:45:01 CEST 2015
Ping: 17.779 ms
Download: 21.64 Mbit/s
Upload: 0.83 Mbit/s
Do 8. Okt 04:45:02 CEST 2015
Ping: 18.491 ms
Download: 21.63 Mbit/s
Upload: 0.86 Mbit/s
Do 8. Okt 05:45:01 CEST 2015
Ping: 19.63 ms
Download: 21.61 Mbit/s
Upload: 0.88 Mbit/s
Do 8. Okt 06:45:01 CEST 2015
Ping: 19.18 ms
Download: 21.63 Mbit/s
Upload: 0.89 Mbit/s
Do 8. Okt 07:45:01 CEST 2015
Ping: 19.515 ms
Download: 21.47 Mbit/s
Upload: 0.85 Mbit/s
Do 8. Okt 08:45:01 CEST 2015
Ping: 19.536 ms
Download: 21.63 Mbit/s
Upload: 0.88 Mbit/s
Do 8. Okt 09:45:02 CEST 2015
Ping: 21.121 ms
Download: 21.63 Mbit/s
Upload: 0.68 Mbit/s
Do 8. Okt 10:45:01 CEST 2015
Ping: 19.709 ms
Download: 21.63 Mbit/s
Upload: 0.88 Mbit/s
Do 8. Okt 11:45:01 CEST 2015
Ping: 20.81 ms
Download: 21.54 Mbit/s
Upload: 0.88 Mbit/s
Do 8. Okt 12:45:01 CEST 2015
Ping: 19.42 ms
Download: 21.60 Mbit/s
Upload: 0.89 Mbit/s
Do 8. Okt 13:45:01 CEST 2015
Ping: 20.934 ms
Download: 20.36 Mbit/s
Upload: 0.87 Mbit/s
Do 8. Okt 14:45:01 CEST 2015
Ping: 19.798 ms
Download: 21.64 Mbit/s
Upload: 0.85 Mbit/s
Do 8. Okt 15:45:01 CEST 2015
Ping: 19.449 ms
Download: 21.63 Mbit/s
Upload: 0.74 Mbit/s
Do 8. Okt 16:45:01 CEST 2015
Ping: 34.982 ms
Download: 19.46 Mbit/s
Upload: 0.76 Mbit/s
Do 8. Okt 17:45:01 CEST 2015
Ping: 20.175 ms
Download: 21.60 Mbit/s
Upload: 0.88 Mbit/s
Do 8. Okt 18:45:01 CEST 2015
Ping: 19.938 ms
Download: 21.61 Mbit/s
Upload: 0.88 Mbit/s
Do 8. Okt 19:45:01 CEST 2015
Ping: 19.975 ms
Download: 21.50 Mbit/s
Upload: 0.88 Mbit/s
Do 8. Okt 20:45:01 CEST 2015
Ping: 20.074 ms
Download: 21.63 Mbit/s
Upload: 0.88 Mbit/s
Do 8. Okt 21:45:01 CEST 2015
Ping: 20.775 ms
Download: 21.55 Mbit/s
Upload: 0.89 Mbit/s
Do 8. Okt 22:45:01 CEST 2015
Ping: 18.646 ms
Download: 21.63 Mbit/s
Upload: 0.88 Mbit/s
Do 8. Okt 23:45:01 CEST 2015
Ping: 19.471 ms
Download: 21.63 Mbit/s
Upload: 0.88 Mbit/s
Fr 9. Okt 00:45:01 CEST 2015
Ping: 19.237 ms
Download: 21.63 Mbit/s
Upload: 0.84 Mbit/s
Fr 9. Okt 01:45:01 CEST 2015
Ping: 19.428 ms
Download: 21.63 Mbit/s
Upload: 0.88 Mbit/s
Fr 9. Okt 02:45:01 CEST 2015
Ping: 19.994 ms
Download: 21.61 Mbit/s
Upload: 0.89 Mbit/s
Fr 9. Okt 03:45:01 CEST 2015
Ping: 19.398 ms
Download: 21.63 Mbit/s
Upload: 0.89 Mbit/s
Fr 9. Okt 04:45:01 CEST 2015
Ping: 20.313 ms
Download: 21.56 Mbit/s
Upload: 0.88 Mbit/s
Fr 9. Okt 05:45:01 CEST 2015
Ping: 19.437 ms
Download: 21.64 Mbit/s
Upload: 0.83 Mbit/s
Fr 9. Okt 06:45:01 CEST 2015
Ping: 19.12 ms
Download: 21.63 Mbit/s
Upload: 0.89 Mbit/s
Fr 9. Okt 07:45:01 CEST 2015
Ping: 21.232 ms
Download: 21.64 Mbit/s
Upload: 0.86 Mbit/s
Fr 9. Okt 08:45:01 CEST 2015
Ping: 19.127 ms
Download: 21.63 Mbit/s
Upload: 0.88 Mbit/s
Fr 9. Okt 09:45:01 CEST 2015
Ping: 18.409 ms
Download: 21.60 Mbit/s
Upload: 0.88 Mbit/s
Fr 9. Okt 10:45:01 CEST 2015
Ping: 19.244 ms
Download: 21.59 Mbit/s
Upload: 0.89 Mbit/s
Fr 9. Okt 11:45:01 CEST 2015
Ping: 19.45 ms
Download: 21.64 Mbit/s
Upload: 0.89 Mbit/s
Fr 9. Okt 12:45:01 CEST 2015
Ping: 19.426 ms
Download: 21.64 Mbit/s
Upload: 0.89 Mbit/s
Fr 9. Okt 13:45:01 CEST 2015
Ping: 18.885 ms
Download: 21.13 Mbit/s
Upload: 0.88 Mbit/s
Fr 9. Okt 14:45:01 CEST 2015
Ping: 19.446 ms
Download: 21.60 Mbit/s
Upload: 0.86 Mbit/s
Fr 9. Okt 15:45:01 CEST 2015
Ping: 19.45 ms
Download: 21.59 Mbit/s
Upload: 0.88 Mbit/s
Fr 9. Okt 16:45:01 CEST 2015
Ping: 20.291 ms
Download: 21.60 Mbit/s
Upload: 0.88 Mbit/s
Fr 9. Okt 17:45:01 CEST 2015
Ping: 19.868 ms
Download: 21.60 Mbit/s
Upload: 0.88 Mbit/s
Fr 9. Okt 18:45:01 CEST 2015
Ping: 18.948 ms
Download: 20.87 Mbit/s
Upload: 0.85 Mbit/s
Fr 9. Okt 19:45:01 CEST 2015
Ping: 20.956 ms
Download: 21.63 Mbit/s
Upload: 0.88 Mbit/s
Fr 9. Okt 20:45:01 CEST 2015
Ping: 18.801 ms
Download: 21.63 Mbit/s
Upload: 0.89 Mbit/s
Fr 9. Okt 21:45:01 CEST 2015
Ping: 29.679 ms
Download: 21.04 Mbit/s
Upload: 0.87 Mbit/s
Fr 9. Okt 22:45:01 CEST 2015
Ping: 19.631 ms
Download: 21.60 Mbit/s
Upload: 0.89 Mbit/s
Fr 9. Okt 23:45:01 CEST 2015
Ping: 18.792 ms
Download: 21.61 Mbit/s
Upload: 0.88 Mbit/s
Sa 10. Okt 00:45:01 CEST 2015
Ping: 17.879 ms
Download: 21.63 Mbit/s
Upload: 0.89 Mbit/s
Sa 10. Okt 01:45:01 CEST 2015
Ping: 20.516 ms
Download: 21.63 Mbit/s
Upload: 0.89 Mbit/s
Sa 10. Okt 02:45:01 CEST 2015
Ping: 19.15 ms
Download: 21.60 Mbit/s
Upload: 0.89 Mbit/s
Sa 10. Okt 03:45:01 CEST 2015
Ping: 20.047 ms
Download: 21.63 Mbit/s
Upload: 0.86 Mbit/s
Sa 10. Okt 04:45:01 CEST 2015
Ping: 18.768 ms
Download: 21.60 Mbit/s
Upload: 0.89 Mbit/s
Sa 10. Okt 05:45:02 CEST 2015
Ping: 18.58 ms
Download: 21.60 Mbit/s
Upload: 0.89 Mbit/s
Sa 10. Okt 06:45:01 CEST 2015
Ping: 19.459 ms
Download: 21.60 Mbit/s
Upload: 0.89 Mbit/s
Sa 10. Okt 07:45:01 CEST 2015
Ping: 18.321 ms
Download: 20.95 Mbit/s
Upload: 0.83 Mbit/s
Sa 10. Okt 08:45:01 CEST 2015
Ping: 19.401 ms
Download: 21.63 Mbit/s
Upload: 0.84 Mbit/s
Sa 10. Okt 09:45:01 CEST 2015
Ping: 18.327 ms
Download: 21.54 Mbit/s
Upload: 0.87 Mbit/s
Sa 10. Okt 10:45:01 CEST 2015
Ping: 18.68 ms
Download: 20.97 Mbit/s
Upload: 0.88 Mbit/s
Sa 10. Okt 11:45:01 CEST 2015
Ping: 20.777 ms
Download: 21.61 Mbit/s
Upload: 0.88 Mbit/s
Sa 10. Okt 12:45:01 CEST 2015
Ping: 20.095 ms
Download: 21.22 Mbit/s
Upload: 0.88 Mbit/s
Sa 10. Okt 13:45:01 CEST 2015
Ping: 19.42 ms
Download: 21.57 Mbit/s
Upload: 0.86 Mbit/s
Sa 10. Okt 14:45:01 CEST 2015
Ping: 19.428 ms
Download: 21.64 Mbit/s
Upload: 0.89 Mbit/s
Sa 10. Okt 15:45:01 CEST 2015
Ping: 18.898 ms
Download: 21.60 Mbit/s
Upload: 0.88 Mbit/s
Sa 10. Okt 16:45:01 CEST 2015
Ping: 19.567 ms
Download: 21.58 Mbit/s
Upload: 0.85 Mbit/s
Sa 10. Okt 17:45:01 CEST 2015
Ping: 21.31 ms
Download: 21.63 Mbit/s
Upload: 0.89 Mbit/s
Sa 10. Okt 18:45:01 CEST 2015
Ping: 19.419 ms
Download: 21.60 Mbit/s
Upload: 0.88 Mbit/s
Sa 10. Okt 19:45:01 CEST 2015
Ping: 20.694 ms
Download: 20.96 Mbit/s
Upload: 0.87 Mbit/s
Sa 10. Okt 20:45:01 CEST 2015
Ping: 21.109 ms
Download: 21.60 Mbit/s
Upload: 0.88 Mbit/s
Sa 10. Okt 21:45:01 CEST 2015
Ping: 19.46 ms
Download: 20.82 Mbit/s
Upload: 0.88 Mbit/s
Sa 10. Okt 22:45:01 CEST 2015
Ping: 21.124 ms
Download: 21.62 Mbit/s
Upload: 0.88 Mbit/s
Sa 10. Okt 23:45:01 CEST 2015
Ping: 20.785 ms
Download: 21.60 Mbit/s
Upload: 0.86 Mbit/s
So 11. Okt 00:45:01 CEST 2015
Ping: 20.786 ms
Download: 21.61 Mbit/s
Upload: 0.87 Mbit/s
So 11. Okt 01:45:01 CEST 2015
Ping: 20.468 ms
Download: 21.64 Mbit/s
Upload: 0.88 Mbit/s
So 11. Okt 02:45:01 CEST 2015
Ping: 18.049 ms
Download: 21.63 Mbit/s
Upload: 0.89 Mbit/s
So 11. Okt 03:45:01 CEST 2015
Ping: 20.124 ms
Download: 21.64 Mbit/s
Upload: 0.88 Mbit/s
So 11. Okt 04:45:01 CEST 2015
Ping: 19.379 ms
Download: 21.63 Mbit/s
Upload: 0.88 Mbit/s
So 11. Okt 05:45:01 CEST 2015
Ping: 19.86 ms
Download: 21.60 Mbit/s
Upload: 0.89 Mbit/s
So 11. Okt 06:45:01 CEST 2015
Ping: 20.397 ms
Download: 21.63 Mbit/s
Upload: 0.89 Mbit/s
So 11. Okt 07:45:01 CEST 2015
Ping: 19.308 ms
Download: 21.63 Mbit/s
Upload: 0.88 Mbit/s
So 11. Okt 08:45:01 CEST 2015
Ping: 18.552 ms
Download: 21.64 Mbit/s
Upload: 0.88 Mbit/s
So 11. Okt 09:45:01 CEST 2015
Ping: 18.939 ms
Download: 21.64 Mbit/s
Upload: 0.89 Mbit/s
So 11. Okt 10:45:01 CEST 2015
Ping: 20.939 ms
Download: 20.54 Mbit/s
Upload: 0.60 Mbit/s
So 11. Okt 11:45:01 CEST 2015
Ping: 20.226 ms
Download: 21.63 Mbit/s
Upload: 0.88 Mbit/s
So 11. Okt 12:45:01 CEST 2015
Ping: 19.63 ms
Download: 20.22 Mbit/s
Upload: 0.83 Mbit/s
So 11. Okt 13:45:02 CEST 2015
Ping: 21.082 ms
Download: 21.63 Mbit/s
Upload: 0.88 Mbit/s
So 11. Okt 14:45:01 CEST 2015
Ping: 19.312 ms
Download: 21.63 Mbit/s
Upload: 0.88 Mbit/s
So 11. Okt 15:45:01 CEST 2015
Ping: 19.221 ms
Download: 21.63 Mbit/s
Upload: 0.88 Mbit/s
So 11. Okt 16:45:01 CEST 2015
Ping: 20.921 ms
Download: 21.62 Mbit/s
Upload: 0.88 Mbit/s
So 11. Okt 17:45:01 CEST 2015
Ping: 23.502 ms
Download: 21.63 Mbit/s
Upload: 0.88 Mbit/s
So 11. Okt 18:45:01 CEST 2015
Ping: 20.805 ms
Download: 21.63 Mbit/s
Upload: 0.88 Mbit/s
So 11. Okt 19:45:01 CEST 2015
Ping: 19.927 ms
Download: 21.58 Mbit/s
Upload: 0.88 Mbit/s
So 11. Okt 20:45:01 CEST 2015
Ping: 22.839 ms
Download: 21.29 Mbit/s
Upload: 0.71 Mbit/s
So 11. Okt 21:45:01 CEST 2015
Ping: 22.377 ms
Download: 21.63 Mbit/s
Upload: 0.89 Mbit/s
So 11. Okt 22:45:01 CEST 2015
Ping: 19.443 ms
Download: 21.63 Mbit/s
Upload: 0.88 Mbit/s
So 11. Okt 23:45:01 CEST 2015
Ping: 19.445 ms
Download: 21.63 Mbit/s
Upload: 0.87 Mbit/s
Mo 12. Okt 00:45:02 CEST 2015
Ping: 21.173 ms
Download: 21.61 Mbit/s
Upload: 0.89 Mbit/s
Mo 12. Okt 01:45:01 CEST 2015
Ping: 19.436 ms
Download: 21.64 Mbit/s
Upload: 0.88 Mbit/s
Mo 12. Okt 02:45:01 CEST 2015
Ping: 19.442 ms
Download: 21.57 Mbit/s
Upload: 0.89 Mbit/s
Mo 12. Okt 03:45:01 CEST 2015
Ping: 19.473 ms
Download: 21.63 Mbit/s
Upload: 0.89 Mbit/s
Mo 12. Okt 04:45:01 CEST 2015
Ping: 20.249 ms
Download: 21.64 Mbit/s
Upload: 0.86 Mbit/s
Mo 12. Okt 05:45:01 CEST 2015
Ping: 19.552 ms
Download: 21.63 Mbit/s
Upload: 0.86 Mbit/s
Mo 12. Okt 06:45:01 CEST 2015
Ping: 19.813 ms
Download: 21.64 Mbit/s
Upload: 0.89 Mbit/s
Mo 12. Okt 07:45:01 CEST 2015
Ping: 19.45 ms
Download: 21.64 Mbit/s
Upload: 0.85 Mbit/s
Mo 12. Okt 08:45:01 CEST 2015
Ping: 19.728 ms
Download: 21.64 Mbit/s
Upload: 0.88 Mbit/s
Mo 12. Okt 09:45:01 CEST 2015
Ping: 19.65 ms
Download: 21.60 Mbit/s
Upload: 0.88 Mbit/s
Mo 12. Okt 10:45:01 CEST 2015
Ping: 31.362 ms
Download: 21.45 Mbit/s
Upload: 0.86 Mbit/s
Mo 12. Okt 11:45:02 CEST 2015
Ping: 34.652 ms
Download: 21.45 Mbit/s
Upload: 0.87 Mbit/s
Mo 12. Okt 12:45:01 CEST 2015
Ping: 35.677 ms
Download: 21.43 Mbit/s
Upload: 0.87 Mbit/s
Mo 12. Okt 13:45:01 CEST 2015
Ping: 39.382 ms
Download: 21.43 Mbit/s
Upload: 0.87 Mbit/s
Mo 12. Okt 14:45:01 CEST 2015
Ping: 34.279 ms
Download: 17.49 Mbit/s
Upload: 0.84 Mbit/s
Mo 12. Okt 15:45:01 CEST 2015
Ping: 27.31 ms
Download: 21.42 Mbit/s
Upload: 0.87 Mbit/s
Mo 12. Okt 16:45:01 CEST 2015
Ping: 32.949 ms
Download: 21.42 Mbit/s
Upload: 0.88 Mbit/s
Mo 12. Okt 17:45:01 CEST 2015
Ping: 39.008 ms
Download: 20.38 Mbit/s
Upload: 0.87 Mbit/s
Mo 12. Okt 18:45:01 CEST 2015
Ping: 32.329 ms
Download: 21.43 Mbit/s
Upload: 0.86 Mbit/s
Mo 12. Okt 19:45:01 CEST 2015
Ping: 33.126 ms
Download: 21.45 Mbit/s
Upload: 0.87 Mbit/s
Mo 12. Okt 20:45:01 CEST 2015
Ping: 28.845 ms
Download: 21.39 Mbit/s
Upload: 0.80 Mbit/s
Mo 12. Okt 21:45:01 CEST 2015
Ping: 31.995 ms
Download: 21.29 Mbit/s
Upload: 0.86 Mbit/s
Mo 12. Okt 22:45:01 CEST 2015
Ping: 34.142 ms
Download: 18.48 Mbit/s
Upload: 0.83 Mbit/s
Mo 12. Okt 23:45:01 CEST 2015
Ping: 31.13 ms
Download: 21.42 Mbit/s
Upload: 0.87 Mbit/s
Di 13. Okt 00:45:01 CEST 2015
Ping: 30.987 ms
Download: 21.45 Mbit/s
Upload: 0.86 Mbit/s
Di 13. Okt 01:45:01 CEST 2015
Ping: 29.44 ms
Download: 21.46 Mbit/s
Upload: 0.88 Mbit/s
Di 13. Okt 02:45:01 CEST 2015
Ping: 30.01 ms
Download: 21.42 Mbit/s
Upload: 0.88 Mbit/s
Di 13. Okt 03:45:01 CEST 2015
Ping: 35.385 ms
Download: 21.44 Mbit/s
Upload: 0.87 Mbit/s
Di 13. Okt 04:45:01 CEST 2015
Ping: 29.225 ms
Download: 21.45 Mbit/s
Upload: 0.88 Mbit/s
Di 13. Okt 05:45:01 CEST 2015
Ping: 32.109 ms
Download: 21.45 Mbit/s
Upload: 0.87 Mbit/s
Di 13. Okt 06:45:01 CEST 2015
Ping: 28.733 ms
Download: 21.45 Mbit/s
Upload: 0.87 Mbit/s
Di 13. Okt 07:45:01 CEST 2015
Ping: 29.534 ms
Download: 21.45 Mbit/s
Upload: 0.87 Mbit/s
Di 13. Okt 08:45:01 CEST 2015
Ping: 30.237 ms
Download: 20.93 Mbit/s
Upload: 0.78 Mbit/s
Di 13. Okt 09:45:01 CEST 2015
Ping: 32.382 ms
Download: 21.42 Mbit/s
Upload: 0.87 Mbit/s
Di 13. Okt 10:45:01 CEST 2015
Ping: 31.019 ms
Download: 21.42 Mbit/s
Upload: 0.87 Mbit/s
Di 13. Okt 11:45:01 CEST 2015
Ping: 34.802 ms
Download: 20.38 Mbit/s
Upload: 0.81 Mbit/s
Di 13. Okt 12:45:01 CEST 2015
Ping: 32.596 ms
Download: 21.42 Mbit/s
Upload: 0.87 Mbit/s
Di 13. Okt 13:45:01 CEST 2015
Ping: 31.862 ms
Download: 21.41 Mbit/s
Upload: 0.88 Mbit/s
Di 13. Okt 14:45:01 CEST 2015
Ping: 38.923 ms
Download: 21.42 Mbit/s
Upload: 0.88 Mbit/s
Di 13. Okt 15:45:01 CEST 2015
Ping: 33.746 ms
Download: 21.13 Mbit/s
Upload: 0.79 Mbit/s
Di 13. Okt 16:45:01 CEST 2015
Ping: 37.45 ms
Download: 21.46 Mbit/s
Upload: 0.87 Mbit/s
Di 13. Okt 17:45:01 CEST 2015
Ping: 34.552 ms
Download: 21.42 Mbit/s
Upload: 0.87 Mbit/s
Di 13. Okt 18:45:01 CEST 2015
Ping: 30.912 ms
Download: 21.41 Mbit/s
Upload: 0.87 Mbit/s
Di 13. Okt 19:45:01 CEST 2015
Ping: 30.46 ms
Download: 21.42 Mbit/s
Upload: 0.87 Mbit/s
Di 13. Okt 20:45:01 CEST 2015
Ping: 33.862 ms
Download: 21.19 Mbit/s
Upload: 0.88 Mbit/s
Di 13. Okt 21:45:01 CEST 2015
Ping: 30.057 ms
Download: 21.42 Mbit/s
Upload: 0.87 Mbit/s
Di 13. Okt 22:45:01 CEST 2015
Ping: 35.139 ms
Download: 21.45 Mbit/s
Upload: 0.87 Mbit/s
Di 13. Okt 23:45:01 CEST 2015
Ping: 34.989 ms
Download: 21.45 Mbit/s
Upload: 0.87 Mbit/s
Mi 14. Okt 00:45:01 CEST 2015
Ping: 34.748 ms
Download: 21.44 Mbit/s
Upload: 0.87 Mbit/s
Mi 14. Okt 01:45:01 CEST 2015
Ping: 35.02 ms
Download: 21.45 Mbit/s
Upload: 0.87 Mbit/s
Mi 14. Okt 02:45:01 CEST 2015
Ping: 33.824 ms
Download: 21.45 Mbit/s
Upload: 0.87 Mbit/s
Mi 14. Okt 03:45:01 CEST 2015
Ping: 34.989 ms
Download: 21.42 Mbit/s
Upload: 0.87 Mbit/s
Mi 14. Okt 04:45:01 CEST 2015
Ping: 33.516 ms
Download: 21.41 Mbit/s
Upload: 0.87 Mbit/s
Mi 14. Okt 05:45:01 CEST 2015
Ping: 29.538 ms
Download: 21.39 Mbit/s
Upload: 0.87 Mbit/s
Mi 14. Okt 06:45:01 CEST 2015
Ping: 35.266 ms
Download: 21.46 Mbit/s
Upload: 0.87 Mbit/s
Mi 14. Okt 07:45:02 CEST 2015
Ping: 33.308 ms
Download: 21.42 Mbit/s
Upload: 0.86 Mbit/s
Mi 14. Okt 08:45:01 CEST 2015
Ping: 30.077 ms
Download: 21.44 Mbit/s
Upload: 0.87 Mbit/s
Mi 14. Okt 09:45:01 CEST 2015
Ping: 34.695 ms
Download: 21.41 Mbit/s
Upload: 0.87 Mbit/s
Mi 14. Okt 10:45:01 CEST 2015
Ping: 27.745 ms
Download: 21.39 Mbit/s
Upload: 0.86 Mbit/s
Mi 14. Okt 11:45:01 CEST 2015
Ping: 29.847 ms
Download: 21.45 Mbit/s
Upload: 0.87 Mbit/s
Mi 14. Okt 12:45:01 CEST 2015
Ping: 32.719 ms
Download: 21.43 Mbit/s
Upload: 0.86 Mbit/s
Mi 14. Okt 13:45:01 CEST 2015
Ping: 28.863 ms
Download: 21.42 Mbit/s
Upload: 0.87 Mbit/s
Mi 14. Okt 14:45:01 CEST 2015
Ping: 32.036 ms
Download: 21.35 Mbit/s
Upload: 0.82 Mbit/s
Mi 14. Okt 15:45:01 CEST 2015
Ping: 31.363 ms
Download: 21.42 Mbit/s
Upload: 0.87 Mbit/s
Mi 14. Okt 16:45:01 CEST 2015
Ping: 35.417 ms
Download: 21.39 Mbit/s
Upload: 0.87 Mbit/s
Mi 14. Okt 17:45:01 CEST 2015
Ping: 33.601 ms
Download: 21.44 Mbit/s
Upload: 0.87 Mbit/s
Mi 14. Okt 18:45:01 CEST 2015
Ping: 28.97 ms
Download: 21.45 Mbit/s
Upload: 0.82 Mbit/s
Mi 14. Okt 19:45:01 CEST 2015
Ping: 37.959 ms
Download: 21.35 Mbit/s
Upload: 0.88 Mbit/s
Mi 14. Okt 20:45:02 CEST 2015
Ping: 33.098 ms
Download: 20.06 Mbit/s
Upload: 0.81 Mbit/s
Mi 14. Okt 21:45:01 CEST 2015
Ping: 27.381 ms
Download: 21.39 Mbit/s
Upload: 0.87 Mbit/s
Mi 14. Okt 22:45:01 CEST 2015
Ping: 33.398 ms
Download: 21.44 Mbit/s
Upload: 0.87 Mbit/s
Mi 14. Okt 23:45:01 CEST 2015
Ping: 29.552 ms
Download: 21.46 Mbit/s
Upload: 0.87 Mbit/s
Do 15. Okt 00:45:01 CEST 2015
Ping: 36.224 ms
Download: 21.46 Mbit/s
Upload: 0.87 Mbit/s
Do 15. Okt 01:45:01 CEST 2015
Ping: 27.346 ms
Download: 21.42 Mbit/s
Upload: 0.87 Mbit/s
Do 15. Okt 02:45:01 CEST 2015
Ping: 40.886 ms
Download: 19.96 Mbit/s
Upload: 0.88 Mbit/s
Do 15. Okt 03:45:01 CEST 2015
Ping: 35.036 ms
Download: 21.42 Mbit/s
Upload: 0.88 Mbit/s
Do 15. Okt 04:45:01 CEST 2015
Ping: 35.439 ms
Download: 21.39 Mbit/s
Upload: 0.88 Mbit/s
Do 15. Okt 05:45:01 CEST 2015
Ping: 28.012 ms
Download: 21.42 Mbit/s
Upload: 0.87 Mbit/s
Do 15. Okt 06:45:01 CEST 2015
Ping: 33.535 ms
Download: 21.42 Mbit/s
Upload: 0.87 Mbit/s
Do 15. Okt 07:45:01 CEST 2015
Ping: 35.711 ms
Download: 20.96 Mbit/s
Upload: 0.83 Mbit/s
Do 15. Okt 08:45:01 CEST 2015
Ping: 29.484 ms
Download: 21.04 Mbit/s
Upload: 0.86 Mbit/s
Do 15. Okt 09:45:01 CEST 2015
Ping: 37.679 ms
Download: 21.45 Mbit/s
Upload: 0.87 Mbit/s
Do 15. Okt 10:45:01 CEST 2015
Ping: 33.416 ms
Download: 20.68 Mbit/s
Upload: 0.85 Mbit/s
Do 15. Okt 11:45:01 CEST 2015
Ping: 34.209 ms
Download: 21.44 Mbit/s
Upload: 0.87 Mbit/s
Do 15. Okt 12:45:01 CEST 2015
Ping: 34.475 ms
Download: 21.42 Mbit/s
Upload: 0.87 Mbit/s
Do 15. Okt 13:45:01 CEST 2015
Ping: 30.786 ms
Download: 21.12 Mbit/s
Upload: 0.83 Mbit/s
Do 15. Okt 14:45:01 CEST 2015
Ping: 28.747 ms
Download: 21.39 Mbit/s
Upload: 0.88 Mbit/s
Do 15. Okt 15:45:01 CEST 2015
Ping: 34.959 ms
Download: 21.43 Mbit/s
Upload: 0.87 Mbit/s
Do 15. Okt 16:45:01 CEST 2015
Ping: 34.83 ms
Download: 21.46 Mbit/s
Upload: 0.87 Mbit/s
Do 15. Okt 17:45:01 CEST 2015
Ping: 33.381 ms
Download: 21.44 Mbit/s
Upload: 0.87 Mbit/s
Do 15. Okt 18:45:01 CEST 2015
Ping: 34.94 ms
Download: 21.40 Mbit/s
Upload: 0.87 Mbit/s
Do 15. Okt 19:45:01 CEST 2015
Ping: 33.372 ms
Download: 20.33 Mbit/s
Upload: 0.86 Mbit/s
Do 15. Okt 20:45:01 CEST 2015
Ping: 28.438 ms
Download: 21.42 Mbit/s
Upload: 0.87 Mbit/s
Do 15. Okt 21:45:01 CEST 2015
Ping: 39.797 ms
Download: 20.88 Mbit/s
Upload: 0.87 Mbit/s
Do 15. Okt 22:45:01 CEST 2015
Ping: 34.354 ms
Download: 21.46 Mbit/s
Upload: 0.88 Mbit/s
Do 15. Okt 23:45:01 CEST 2015
Ping: 25.976 ms
Download: 19.27 Mbit/s
Upload: 0.42 Mbit/s
Fr 16. Okt 00:45:01 CEST 2015
Ping: 19.442 ms
Download: 21.60 Mbit/s
Upload: 0.85 Mbit/s
Fr 16. Okt 01:45:01 CEST 2015
Ping: 19.065 ms
Download: 21.62 Mbit/s
Upload: 0.88 Mbit/s
Fr 16. Okt 02:45:01 CEST 2015
Ping: 19.776 ms
Download: 21.63 Mbit/s
Upload: 0.80 Mbit/s
Fr 16. Okt 03:45:01 CEST 2015
Ping: 19.76 ms
Download: 21.64 Mbit/s
Upload: 0.89 Mbit/s
Fr 16. Okt 04:45:01 CEST 2015
Ping: 17.746 ms
Download: 21.60 Mbit/s
Upload: 0.89 Mbit/s
Fr 16. Okt 05:45:01 CEST 2015
Ping: 19.437 ms
Download: 21.63 Mbit/s
Upload: 0.83 Mbit/s
Fr 16. Okt 06:45:01 CEST 2015
Ping: 19.364 ms
Download: 21.41 Mbit/s
Upload: 0.88 Mbit/s
Fr 16. Okt 07:45:01 CEST 2015
Ping: 18.106 ms
Download: 21.64 Mbit/s
Upload: 0.78 Mbit/s
Fr 16. Okt 08:45:01 CEST 2015
Ping: 34.545 ms
Download: 21.44 Mbit/s
Upload: 0.88 Mbit/s
Fr 16. Okt 09:45:02 CEST 2015
Ping: 19.46 ms
Download: 21.63 Mbit/s
Upload: 0.89 Mbit/s
Fr 16. Okt 10:45:01 CEST 2015
Ping: 19.441 ms
Download: 21.65 Mbit/s
Upload: 0.88 Mbit/s
Fr 16. Okt 11:45:01 CEST 2015
Ping: 33.548 ms
Download: 21.42 Mbit/s
Upload: 0.87 Mbit/s
Fr 16. Okt 12:45:01 CEST 2015
Ping: 30.772 ms
Download: 21.42 Mbit/s
Upload: 0.84 Mbit/s
Fr 16. Okt 13:45:01 CEST 2015
Ping: 33.048 ms
Download: 21.45 Mbit/s
Upload: 0.87 Mbit/s
Fr 16. Okt 14:45:01 CEST 2015
Ping: 35.762 ms
Download: 21.45 Mbit/s
Upload: 0.87 Mbit/s
Fr 16. Okt 15:45:01 CEST 2015
Ping: 35.02 ms
Download: 21.45 Mbit/s
Upload: 0.87 Mbit/s
Fr 16. Okt 16:45:01 CEST 2015
Ping: 32.533 ms
Download: 21.44 Mbit/s
Upload: 0.88 Mbit/s
Fr 16. Okt 17:45:01 CEST 2015
Ping: 27.388 ms
Download: 21.45 Mbit/s
Upload: 0.87 Mbit/s
Fr 16. Okt 18:45:01 CEST 2015
Ping: 31.023 ms
Download: 21.42 Mbit/s
Upload: 0.87 Mbit/s
Fr 16. Okt 19:45:01 CEST 2015
Ping: 28.876 ms
Download: 21.45 Mbit/s
Upload: 0.87 Mbit/s
Fr 16. Okt 20:45:01 CEST 2015
Ping: 35.183 ms
Download: 21.38 Mbit/s
Upload: 0.87 Mbit/s
Fr 16. Okt 21:45:01 CEST 2015
Ping: 36.605 ms
Download: 21.42 Mbit/s
Upload: 0.87 Mbit/s
Fr 16. Okt 22:45:01 CEST 2015
Ping: 31.446 ms
Download: 21.46 Mbit/s
Upload: 0.87 Mbit/s
Fr 16. Okt 23:45:02 CEST 2015
Ping: 29.495 ms
Download: 21.33 Mbit/s
Upload: 0.88 Mbit/s
Sa 17. Okt 00:45:01 CEST 2015
Ping: 31.053 ms
Download: 21.42 Mbit/s
Upload: 0.87 Mbit/s
Sa 17. Okt 01:45:01 CEST 2015
Ping: 32.408 ms
Download: 21.45 Mbit/s
Upload: 0.87 Mbit/s
Sa 17. Okt 02:45:01 CEST 2015
Ping: 32.583 ms
Download: 21.43 Mbit/s
Upload: 0.88 Mbit/s
Sa 17. Okt 03:45:01 CEST 2015
Ping: 33.425 ms
Download: 21.45 Mbit/s
Upload: 0.87 Mbit/s
Sa 17. Okt 04:45:01 CEST 2015
Ping: 34.72 ms
Download: 21.44 Mbit/s
Upload: 0.88 Mbit/s
Sa 17. Okt 05:45:01 CEST 2015
Ping: 30.301 ms
Download: 21.45 Mbit/s
Upload: 0.87 Mbit/s
Sa 17. Okt 06:45:02 CEST 2015
Ping: 29.669 ms
Download: 21.46 Mbit/s
Upload: 0.87 Mbit/s
Sa 17. Okt 07:45:01 CEST 2015
Ping: 29.778 ms
Download: 21.44 Mbit/s
Upload: 0.87 Mbit/s
Sa 17. Okt 08:45:01 CEST 2015
Ping: 36.295 ms
Download: 21.45 Mbit/s
Upload: 0.88 Mbit/s
Sa 17. Okt 09:45:01 CEST 2015
Ping: 34.454 ms
Download: 20.68 Mbit/s
Upload: 0.77 Mbit/s
Sa 17. Okt 10:45:01 CEST 2015
Ping: 34.62 ms
Download: 21.45 Mbit/s
Upload: 0.87 Mbit/s
Sa 17. Okt 11:45:01 CEST 2015
Ping: 32.326 ms
Download: 21.42 Mbit/s
Upload: 0.87 Mbit/s
Sa 17. Okt 12:45:01 CEST 2015
Ping: 31.315 ms
Download: 21.44 Mbit/s
Upload: 0.87 Mbit/s
Sa 17. Okt 13:45:01 CEST 2015
Ping: 32.854 ms
Download: 21.42 Mbit/s
Upload: 0.87 Mbit/s
Sa 17. Okt 14:45:01 CEST 2015
Ping: 33.515 ms
Download: 21.42 Mbit/s
Upload: 0.87 Mbit/s
Sa 17. Okt 15:45:01 CEST 2015
Ping: 30.108 ms
Download: 21.45 Mbit/s
Upload: 0.87 Mbit/s
Sa 17. Okt 16:45:01 CEST 2015
Ping: 32.588 ms
Download: 21.45 Mbit/s
Upload: 0.87 Mbit/s
Sa 17. Okt 17:45:01 CEST 2015
Ping: 33.713 ms
Download: 21.42 Mbit/s
Upload: 0.87 Mbit/s
Sa 17. Okt 18:45:01 CEST 2015
Ping: 33.688 ms
Download: 21.42 Mbit/s
Upload: 0.87 Mbit/s
Sa 17. Okt 19:45:01 CEST 2015
Ping: 32.949 ms
Download: 21.36 Mbit/s
Upload: 0.87 Mbit/s
Sa 17. Okt 20:45:01 CEST 2015
Ping: 35.471 ms
Download: 21.43 Mbit/s
Upload: 0.87 Mbit/s
Sa 17. Okt 21:45:01 CEST 2015
Ping: 35.948 ms
Download: 21.44 Mbit/s
Upload: 0.88 Mbit/s
Sa 17. Okt 22:45:02 CEST 2015
Ping: 34.18 ms
Download: 21.36 Mbit/s
Upload: 0.87 Mbit/s
Sa 17. Okt 23:45:01 CEST 2015
Ping: 30.874 ms
Download: 21.43 Mbit/s
Upload: 0.87 Mbit/s
So 18. Okt 00:45:01 CEST 2015
Ping: 33.954 ms
Download: 21.45 Mbit/s
Upload: 0.87 Mbit/s
So 18. Okt 01:45:01 CEST 2015
Ping: 29.179 ms
Download: 21.42 Mbit/s
Upload: 0.88 Mbit/s
So 18. Okt 02:45:01 CEST 2015
Ping: 35.488 ms
Download: 21.45 Mbit/s
Upload: 0.87 Mbit/s
So 18. Okt 03:45:01 CEST 2015
Ping: 33.296 ms
Download: 21.46 Mbit/s
Upload: 0.87 Mbit/s
So 18. Okt 04:45:01 CEST 2015
Ping: 28.779 ms
Download: 21.42 Mbit/s
Upload: 0.87 Mbit/s
So 18. Okt 05:45:01 CEST 2015
Ping: 28.005 ms
Download: 21.45 Mbit/s
Upload: 0.87 Mbit/s
So 18. Okt 06:45:02 CEST 2015
Ping: 34.458 ms
Download: 21.46 Mbit/s
Upload: 0.87 Mbit/s
So 18. Okt 07:45:01 CEST 2015
Ping: 28.37 ms
Download: 21.45 Mbit/s
Upload: 0.87 Mbit/s
So 18. Okt 08:45:01 CEST 2015
Ping: 28.576 ms
Download: 21.42 Mbit/s
Upload: 0.87 Mbit/s
So 18. Okt 09:45:01 CEST 2015
Ping: 33.687 ms
Download: 21.42 Mbit/s
Upload: 0.87 Mbit/s
So 18. Okt 10:45:01 CEST 2015
Ping: 32.361 ms
Download: 21.46 Mbit/s
Upload: 0.88 Mbit/s
So 18. Okt 11:45:01 CEST 2015
Ping: 30.107 ms
Download: 21.42 Mbit/s
Upload: 0.81 Mbit/s
So 18. Okt 12:45:02 CEST 2015
Ping: 33.578 ms
Download: 20.79 Mbit/s
Upload: 0.87 Mbit/s
So 18. Okt 13:45:01 CEST 2015
Ping: 30.526 ms
Download: 20.77 Mbit/s
Upload: 0.88 Mbit/s
So 18. Okt 14:45:01 CEST 2015
Ping: 28.984 ms
Download: 21.01 Mbit/s
Upload: 0.87 Mbit/s
So 18. Okt 15:45:01 CEST 2015
Ping: 28.76 ms
Download: 20.93 Mbit/s
Upload: 0.74 Mbit/s
So 18. Okt 16:45:01 CEST 2015
Ping: 28.747 ms
Download: 21.30 Mbit/s
Upload: 0.81 Mbit/s
So 18. Okt 17:45:01 CEST 2015
Ping: 34.666 ms
Download: 21.46 Mbit/s
Upload: 0.87 Mbit/s
So 18. Okt 18:45:01 CEST 2015
Ping: 28.908 ms
Download: 21.45 Mbit/s
Upload: 0.87 Mbit/s
So 18. Okt 19:45:01 CEST 2015
Ping: 32.691 ms
Download: 20.65 Mbit/s
Upload: 0.55 Mbit/s
So 18. Okt 20:45:01 CEST 2015
Ping: 41.444 ms
Download: 21.29 Mbit/s
Upload: 0.87 Mbit/s
So 18. Okt 21:45:01 CEST 2015
Ping: 29.466 ms
Download: 21.44 Mbit/s
Upload: 0.86 Mbit/s
So 18. Okt 22:45:01 CEST 2015
Ping: 27.972 ms
Download: 21.42 Mbit/s
Upload: 0.87 Mbit/s
So 18. Okt 23:45:01 CEST 2015
Ping: 34.467 ms
Download: 21.42 Mbit/s
Upload: 0.87 Mbit/s
Mo 19. Okt 00:45:01 CEST 2015
Ping: 34.797 ms
Download: 21.44 Mbit/s
Upload: 0.87 Mbit/s
Mo 19. Okt 01:45:01 CEST 2015
Ping: 30.363 ms
Download: 21.42 Mbit/s
Upload: 0.87 Mbit/s
Mo 19. Okt 02:45:01 CEST 2015
Ping: 33.86 ms
Download: 21.46 Mbit/s
Upload: 0.87 Mbit/s
Mo 19. Okt 03:45:01 CEST 2015
Ping: 34.428 ms
Download: 21.42 Mbit/s
Upload: 0.88 Mbit/s
Mo 19. Okt 04:45:01 CEST 2015
Ping: 33.634 ms
Download: 21.46 Mbit/s
Upload: 0.87 Mbit/s
Mo 19. Okt 05:45:01 CEST 2015
Ping: 36.155 ms
Download: 21.45 Mbit/s
Upload: 0.88 Mbit/s
Mo 19. Okt 06:45:01 CEST 2015
Ping: 33.508 ms
Download: 21.46 Mbit/s
Upload: 0.85 Mbit/s
Mo 19. Okt 07:45:01 CEST 2015
Ping: 27.536 ms
Download: 21.45 Mbit/s
Upload: 0.87 Mbit/s
Mo 19. Okt 08:45:01 CEST 2015
Ping: 34.595 ms
Download: 21.46 Mbit/s
Upload: 0.87 Mbit/s
Mo 19. Okt 09:45:01 CEST 2015
Ping: 31.689 ms
Download: 21.46 Mbit/s
Upload: 0.88 Mbit/s
Mo 19. Okt 10:45:01 CEST 2015
Ping: 33.435 ms
Download: 21.46 Mbit/s
Upload: 0.87 Mbit/s
Mo 19. Okt 11:45:01 CEST 2015
Ping: 35.566 ms
Download: 21.46 Mbit/s
Upload: 0.87 Mbit/s
Mo 19. Okt 12:45:01 CEST 2015
Ping: 35.268 ms
Download: 21.41 Mbit/s
Upload: 0.87 Mbit/s
Mo 19. Okt 13:45:01 CEST 2015
Ping: 32.008 ms
Download: 18.27 Mbit/s
Upload: 0.80 Mbit/s
Mo 19. Okt 14:45:01 CEST 2015
Ping: 30.428 ms
Download: 21.45 Mbit/s
Upload: 0.87 Mbit/s
Mo 19. Okt 15:45:01 CEST 2015
Ping: 31.349 ms
Download: 21.42 Mbit/s
Upload: 0.88 Mbit/s
Mo 19. Okt 16:45:01 CEST 2015
Ping: 30.192 ms
Download: 21.45 Mbit/s
Upload: 0.87 Mbit/s
Mo 19. Okt 17:45:01 CEST 2015
Ping: 38.575 ms
Download: 21.29 Mbit/s
Upload: 0.87 Mbit/s
Mo 19. Okt 18:45:01 CEST 2015
Ping: 30.656 ms
Download: 21.45 Mbit/s
Upload: 0.87 Mbit/s
Mo 19. Okt 19:45:01 CEST 2015
Ping: 36.624 ms
Download: 21.42 Mbit/s
Upload: 0.84 Mbit/s
Mo 19. Okt 20:45:01 CEST 2015
Ping: 34.713 ms
Download: 21.45 Mbit/s
Upload: 0.87 Mbit/s
Mo 19. Okt 21:45:01 CEST 2015
Ping: 29.433 ms
Download: 21.46 Mbit/s
Upload: 0.87 Mbit/s
Mo 19. Okt 22:45:01 CEST 2015
Ping: 29.386 ms
Download: 21.45 Mbit/s
Upload: 0.87 Mbit/s
Mo 19. Okt 23:45:01 CEST 2015
Ping: 29.285 ms
Download: 21.42 Mbit/s
Upload: 0.87 Mbit/s
Di 20. Okt 00:45:01 CEST 2015
Ping: 30.374 ms
Download: 21.45 Mbit/s
Upload: 0.87 Mbit/s
Di 20. Okt 01:45:01 CEST 2015
Ping: 34.209 ms
Download: 21.42 Mbit/s
Upload: 0.87 Mbit/s
Di 20. Okt 02:45:01 CEST 2015
Ping: 28.654 ms
Download: 21.42 Mbit/s
Upload: 0.87 Mbit/s
Di 20. Okt 03:45:01 CEST 2015
Ping: 33.581 ms
Download: 21.42 Mbit/s
Upload: 0.87 Mbit/s
Di 20. Okt 04:45:01 CEST 2015
Ping: 32.225 ms
Download: 21.43 Mbit/s
Upload: 0.87 Mbit/s
Di 20. Okt 05:45:01 CEST 2015
Ping: 29.548 ms
Download: 21.45 Mbit/s
Upload: 0.87 Mbit/s
Di 20. Okt 06:45:01 CEST 2015
Ping: 33.988 ms
Download: 21.45 Mbit/s
Upload: 0.87 Mbit/s
Di 20. Okt 07:45:01 CEST 2015
Ping: 34.589 ms
Download: 21.44 Mbit/s
Upload: 0.87 Mbit/s
Di 20. Okt 08:45:01 CEST 2015
Ping: 30.636 ms
Download: 21.40 Mbit/s
Upload: 0.87 Mbit/s
Di 20. Okt 09:45:01 CEST 2015
Ping: 30.854 ms
Download: 21.41 Mbit/s
Upload: 0.87 Mbit/s
Di 20. Okt 10:45:01 CEST 2015
Ping: 29.089 ms
Download: 20.68 Mbit/s
Upload: 0.88 Mbit/s
Di 20. Okt 11:45:01 CEST 2015
Ping: 37.867 ms
Download: 21.42 Mbit/s
Upload: 0.81 Mbit/s
Di 20. Okt 12:45:01 CEST 2015
Ping: 30.919 ms
Download: 21.46 Mbit/s
Upload: 0.87 Mbit/s
Di 20. Okt 13:45:01 CEST 2015
Ping: 30.725 ms
Download: 21.41 Mbit/s
Upload: 0.87 Mbit/s
Di 20. Okt 14:45:01 CEST 2015
Ping: 41.097 ms
Download: 21.37 Mbit/s
Upload: 0.85 Mbit/s
Di 20. Okt 15:45:01 CEST 2015
Ping: 33.981 ms
Download: 21.42 Mbit/s
Upload: 0.87 Mbit/s
Di 20. Okt 16:45:01 CEST 2015
Ping: 28.406 ms
Download: 21.42 Mbit/s
Upload: 0.87 Mbit/s
Di 20. Okt 17:45:01 CEST 2015
Ping: 33.61 ms
Download: 21.42 Mbit/s
Upload: 0.86 Mbit/s
Di 20. Okt 18:45:01 CEST 2015
Ping: 34.506 ms
Download: 21.39 Mbit/s
Upload: 0.80 Mbit/s
Di 20. Okt 19:45:01 CEST 2015
Ping: 27.785 ms
Download: 21.42 Mbit/s
Upload: 0.87 Mbit/s
Di 20. Okt 20:45:01 CEST 2015
Ping: 34.47 ms
Download: 21.42 Mbit/s
Upload: 0.87 Mbit/s
Di 20. Okt 21:45:01 CEST 2015
Ping: 29.568 ms
Download: 21.46 Mbit/s
Upload: 0.87 Mbit/s
Di 20. Okt 22:45:01 CEST 2015
Ping: 35.527 ms
Download: 21.34 Mbit/s
Upload: 0.86 Mbit/s
Di 20. Okt 23:45:01 CEST 2015
Ping: 30.862 ms
Download: 17.70 Mbit/s
Upload: 0.80 Mbit/s
Mi 21. Okt 00:45:01 CEST 2015
Ping: 32.139 ms
Download: 21.45 Mbit/s
Upload: 0.87 Mbit/s
Mi 21. Okt 01:45:01 CEST 2015
Ping: 30.903 ms
Download: 14.18 Mbit/s
Upload: 0.87 Mbit/s
Mi 21. Okt 02:45:01 CEST 2015
Ping: 29.771 ms
Download: 21.45 Mbit/s
Upload: 0.87 Mbit/s
Mi 21. Okt 03:45:02 CEST 2015
Ping: 29.627 ms
Download: 21.45 Mbit/s
Upload: 0.88 Mbit/s
Mi 21. Okt 04:45:01 CEST 2015
Ping: 29.982 ms
Download: 21.45 Mbit/s
Upload: 0.87 Mbit/s
Mi 21. Okt 05:45:01 CEST 2015
Ping: 29.336 ms
Download: 21.46 Mbit/s
Upload: 0.87 Mbit/s
Mi 21. Okt 06:45:01 CEST 2015
Ping: 29.574 ms
Download: 21.46 Mbit/s
Upload: 0.88 Mbit/s
Mi 21. Okt 07:45:01 CEST 2015
Ping: 29.044 ms
Download: 20.93 Mbit/s
Upload: 0.80 Mbit/s
Mi 21. Okt 08:45:01 CEST 2015
Ping: 29.35 ms
Download: 21.39 Mbit/s
Upload: 0.86 Mbit/s
Mi 21. Okt 09:45:01 CEST 2015
Ping: 32.325 ms
Download: 21.44 Mbit/s
Upload: 0.87 Mbit/s
Mi 21. Okt 10:45:01 CEST 2015
Ping: 32.854 ms
Download: 21.42 Mbit/s
Upload: 0.86 Mbit/s
Mi 21. Okt 11:45:01 CEST 2015
Ping: 30.941 ms
Download: 21.41 Mbit/s
Upload: 0.86 Mbit/s
Mi 21. Okt 12:45:01 CEST 2015
Ping: 29.348 ms
Download: 21.42 Mbit/s
Upload: 0.86 Mbit/s
Mi 21. Okt 13:45:01 CEST 2015
Ping: 29.118 ms
Download: 21.42 Mbit/s
Upload: 0.88 Mbit/s
Mi 21. Okt 14:45:01 CEST 2015
Ping: 29.288 ms
Download: 21.41 Mbit/s
Upload: 0.86 Mbit/s
Mi 21. Okt 15:45:01 CEST 2015
Ping: 33.589 ms
Download: 21.11 Mbit/s
Upload: 0.81 Mbit/s
Mi 21. Okt 16:45:01 CEST 2015
Ping: 28.782 ms
Download: 21.44 Mbit/s
Upload: 0.85 Mbit/s
Mi 21. Okt 17:45:01 CEST 2015
Ping: 30.133 ms
Download: 21.44 Mbit/s
Upload: 0.86 Mbit/s
Mi 21. Okt 18:45:01 CEST 2015
Ping: 37.291 ms
Download: 21.43 Mbit/s
Upload: 0.88 Mbit/s
Mi 21. Okt 19:45:01 CEST 2015
Ping: 28.247 ms
Download: 21.45 Mbit/s
Upload: 0.87 Mbit/s
Mi 21. Okt 20:45:01 CEST 2015
Ping: 30.902 ms
Download: 20.54 Mbit/s
Upload: 0.85 Mbit/s
Mi 21. Okt 21:45:01 CEST 2015
Ping: 29.429 ms
Download: 21.45 Mbit/s
Upload: 0.87 Mbit/s
Mi 21. Okt 22:45:01 CEST 2015
Ping: 33.473 ms
Download: 21.43 Mbit/s
Upload: 0.87 Mbit/s
Mi 21. Okt 23:45:01 CEST 2015
Ping: 28.126 ms
Download: 21.45 Mbit/s
Upload: 0.88 Mbit/s
Do 22. Okt 00:45:01 CEST 2015
Ping: 29.122 ms
Download: 21.42 Mbit/s
Upload: 0.88 Mbit/s
Do 22. Okt 01:45:01 CEST 2015
Ping: 34.78 ms
Download: 21.45 Mbit/s
Upload: 0.88 Mbit/s
Do 22. Okt 02:45:01 CEST 2015
Ping: 34.522 ms
Download: 21.46 Mbit/s
Upload: 0.87 Mbit/s
Do 22. Okt 03:45:01 CEST 2015
Ping: 28.884 ms
Download: 21.43 Mbit/s
Upload: 0.87 Mbit/s
Do 22. Okt 04:45:01 CEST 2015
Ping: 32.114 ms
Download: 21.38 Mbit/s
Upload: 0.88 Mbit/s
Do 22. Okt 05:45:02 CEST 2015
Ping: 32.541 ms
Download: 21.45 Mbit/s
Upload: 0.87 Mbit/s
Do 22. Okt 06:45:01 CEST 2015
Ping: 32.811 ms
Download: 21.41 Mbit/s
Upload: 0.88 Mbit/s
Do 22. Okt 07:45:01 CEST 2015
Ping: 29.513 ms
Download: 21.46 Mbit/s
Upload: 0.88 Mbit/s
Do 22. Okt 08:45:01 CEST 2015
Ping: 28.674 ms
Download: 21.37 Mbit/s
Upload: 0.87 Mbit/s
Do 22. Okt 09:45:01 CEST 2015
Ping: 32.248 ms
Download: 20.30 Mbit/s
Upload: 0.86 Mbit/s
Do 22. Okt 10:45:01 CEST 2015
Ping: 38.058 ms
Download: 19.17 Mbit/s
Upload: 0.50 Mbit/s
Do 22. Okt 11:45:01 CEST 2015
Ping: 33.084 ms
Download: 21.42 Mbit/s
Upload: 0.87 Mbit/s
Do 22. Okt 12:45:01 CEST 2015
Ping: 33.926 ms
Download: 21.16 Mbit/s
Upload: 0.86 Mbit/s
Do 22. Okt 13:45:01 CEST 2015
Ping: 30.38 ms
Download: 21.45 Mbit/s
Upload: 0.87 Mbit/s
Do 22. Okt 14:45:01 CEST 2015
Ping: 32.881 ms
Download: 21.39 Mbit/s
Upload: 0.87 Mbit/s
Do 22. Okt 15:45:01 CEST 2015
Ping: 32.416 ms
Download: 21.43 Mbit/s
Upload: 0.87 Mbit/s
Do 22. Okt 16:45:01 CEST 2015
Ping: 29.692 ms
Download: 21.38 Mbit/s
Upload: 0.87 Mbit/s
Do 22. Okt 17:45:01 CEST 2015
Ping: 27.913 ms
Download: 21.41 Mbit/s
Upload: 0.87 Mbit/s
Do 22. Okt 18:45:01 CEST 2015
Ping: 33.321 ms
Download: 21.45 Mbit/s
Upload: 0.84 Mbit/s
Do 22. Okt 19:45:01 CEST 2015
Ping: 29.495 ms
Download: 21.21 Mbit/s
Upload: 0.66 Mbit/s
Do 22. Okt 20:45:01 CEST 2015
Ping: 29.565 ms
Download: 21.45 Mbit/s
Upload: 0.87 Mbit/s
Do 22. Okt 21:45:01 CEST 2015
Ping: 31.699 ms
Download: 21.39 Mbit/s
Upload: 0.85 Mbit/s
Do 22. Okt 22:45:01 CEST 2015
Ping: 29.705 ms
Download: 21.44 Mbit/s
Upload: 0.82 Mbit/s
Do 22. Okt 23:45:01 CEST 2015
Ping: 29.028 ms
Download: 21.44 Mbit/s
Upload: 0.88 Mbit/s
Fr 23. Okt 00:45:01 CEST 2015
Ping: 32.231 ms
Download: 21.33 Mbit/s
Upload: 0.87 Mbit/s
Fr 23. Okt 01:45:01 CEST 2015
Ping: 33.515 ms
Download: 21.42 Mbit/s
Upload: 0.88 Mbit/s
Fr 23. Okt 02:45:01 CEST 2015
Ping: 30.759 ms
Download: 21.42 Mbit/s
Upload: 0.87 Mbit/s
Fr 23. Okt 03:45:01 CEST 2015
Ping: 29.552 ms
Download: 21.37 Mbit/s
Upload: 0.88 Mbit/s
Fr 23. Okt 04:45:01 CEST 2015
Ping: 34.869 ms
Download: 21.45 Mbit/s
Upload: 0.87 Mbit/s
Fr 23. Okt 05:45:01 CEST 2015
Ping: 30.27 ms
Download: 21.10 Mbit/s
Upload: 0.87 Mbit/s
Fr 23. Okt 06:45:01 CEST 2015
Ping: 32.517 ms
Download: 21.42 Mbit/s
Upload: 0.87 Mbit/s
Fr 23. Okt 07:45:01 CEST 2015
Ping: 30.809 ms
Download: 21.46 Mbit/s
Upload: 0.87 Mbit/s
Fr 23. Okt 08:45:01 CEST 2015
Ping: 29.886 ms
Download: 21.45 Mbit/s
Upload: 0.88 Mbit/s
Fr 23. Okt 09:45:01 CEST 2015
Ping: 29.102 ms
Download: 21.42 Mbit/s
Upload: 0.87 Mbit/s
Fr 23. Okt 10:45:01 CEST 2015
Ping: 33.657 ms
Download: 21.42 Mbit/s
Upload: 0.87 Mbit/s
Fr 23. Okt 11:45:01 CEST 2015
Ping: 29.248 ms
Download: 21.19 Mbit/s
Upload: 0.87 Mbit/s
Fr 23. Okt 12:45:01 CEST 2015
Ping: 28.708 ms
Download: 21.45 Mbit/s
Upload: 0.87 Mbit/s
Fr 23. Okt 13:45:01 CEST 2015
Ping: 29.13 ms
Download: 21.22 Mbit/s
Upload: 0.87 Mbit/s
Fr 23. Okt 14:45:01 CEST 2015
Ping: 29.691 ms
Download: 21.39 Mbit/s
Upload: 0.78 Mbit/s
Fr 23. Okt 15:45:01 CEST 2015
Ping: 34.018 ms
Download: 21.42 Mbit/s
Upload: 0.87 Mbit/s
Fr 23. Okt 16:45:01 CEST 2015
Ping: 33.528 ms
Download: 21.21 Mbit/s
Upload: 0.79 Mbit/s
Fr 23. Okt 17:45:01 CEST 2015
Ping: 28.403 ms
Download: 19.59 Mbit/s
Upload: 0.87 Mbit/s
Fr 23. Okt 18:45:01 CEST 2015
Ping: 28.463 ms
Download: 21.03 Mbit/s
Upload: 0.87 Mbit/s
Fr 23. Okt 19:45:01 CEST 2015
Ping: 30.163 ms
Download: 21.43 Mbit/s
Upload: 0.87 Mbit/s
Fr 23. Okt 20:45:01 CEST 2015
Ping: 29.101 ms
Download: 21.42 Mbit/s
Upload: 0.88 Mbit/s
Fr 23. Okt 21:45:01 CEST 2015
Ping: 33.167 ms
Download: 21.42 Mbit/s
Upload: 0.87 Mbit/s
Fr 23. Okt 22:45:01 CEST 2015
Ping: 28.028 ms
Download: 21.38 Mbit/s
Upload: 0.87 Mbit/s
Fr 23. Okt 23:45:01 CEST 2015
Ping: 30.524 ms
Download: 21.43 Mbit/s
Upload: 0.87 Mbit/s
Sa 24. Okt 00:45:02 CEST 2015
Ping: 32.753 ms
Download: 21.43 Mbit/s
Upload: 0.87 Mbit/s
Sa 24. Okt 01:45:01 CEST 2015
Ping: 28.426 ms
Download: 21.43 Mbit/s
Upload: 0.88 Mbit/s
Sa 24. Okt 02:45:01 CEST 2015
Ping: 33.596 ms
Download: 21.45 Mbit/s
Upload: 0.87 Mbit/s
Sa 24. Okt 03:45:01 CEST 2015
Ping: 30.788 ms
Download: 21.42 Mbit/s
Upload: 0.87 Mbit/s
Sa 24. Okt 04:45:01 CEST 2015
Ping: 29.6 ms
Download: 21.45 Mbit/s
Upload: 0.87 Mbit/s
Sa 24. Okt 05:45:01 CEST 2015
Ping: 29.887 ms
Download: 21.13 Mbit/s
Upload: 0.87 Mbit/s
Sa 24. Okt 06:45:01 CEST 2015
Ping: 33.787 ms
Download: 21.45 Mbit/s
Upload: 0.88 Mbit/s
Sa 24. Okt 07:45:01 CEST 2015
Ping: 29.69 ms
Download: 21.42 Mbit/s
Upload: 0.87 Mbit/s
Sa 24. Okt 08:45:02 CEST 2015
Ping: 28.992 ms
Download: 21.38 Mbit/s
Upload: 0.76 Mbit/s
Sa 24. Okt 09:45:01 CEST 2015
Ping: 29.9 ms
Download: 21.42 Mbit/s
Upload: 0.87 Mbit/s
Sa 24. Okt 10:45:01 CEST 2015
Ping: 32.237 ms
Download: 21.45 Mbit/s
Upload: 0.87 Mbit/s
Sa 24. Okt 11:45:01 CEST 2015
Ping: 30.023 ms
Download: 21.45 Mbit/s
Upload: 0.88 Mbit/s
Sa 24. Okt 12:45:01 CEST 2015
Ping: 32.401 ms
Download: 21.34 Mbit/s
Upload: 0.87 Mbit/s
Sa 24. Okt 13:45:01 CEST 2015
Ping: 28.07 ms
Download: 21.25 Mbit/s
Upload: 0.82 Mbit/s
Sa 24. Okt 14:45:01 CEST 2015
Ping: 28.818 ms
Download: 21.42 Mbit/s
Upload: 0.88 Mbit/s
Sa 24. Okt 15:45:01 CEST 2015
Ping: 30.733 ms
Download: 21.34 Mbit/s
Upload: 0.87 Mbit/s
Sa 24. Okt 16:45:01 CEST 2015
Ping: 30.981 ms
Download: 21.42 Mbit/s
Upload: 0.87 Mbit/s
Sa 24. Okt 17:45:01 CEST 2015
Ping: 33.326 ms
Download: 21.45 Mbit/s
Upload: 0.83 Mbit/s
Sa 24. Okt 18:45:01 CEST 2015
Ping: 30.11 ms
Download: 21.38 Mbit/s
Upload: 0.85 Mbit/s
Sa 24. Okt 19:45:01 CEST 2015
Ping: 29.586 ms
Download: 21.38 Mbit/s
Upload: 0.88 Mbit/s
Sa 24. Okt 20:45:01 CEST 2015
Ping: 29.83 ms
Download: 21.37 Mbit/s
Upload: 0.87 Mbit/s
Sa 24. Okt 21:45:01 CEST 2015
Ping: 30.477 ms
Download: 21.42 Mbit/s
Upload: 0.88 Mbit/s
Sa 24. Okt 22:45:01 CEST 2015
Ping: 29.824 ms
Download: 21.42 Mbit/s
Upload: 0.88 Mbit/s
Sa 24. Okt 23:45:01 CEST 2015
Ping: 33.071 ms
Download: 21.44 Mbit/s
Upload: 0.87 Mbit/s
So 25. Okt 00:45:01 CEST 2015
Ping: 31.298 ms
Download: 21.42 Mbit/s
Upload: 0.87 Mbit/s
So 25. Okt 01:45:01 CEST 2015
Ping: 33.272 ms
Download: 21.45 Mbit/s
Upload: 0.87 Mbit/s
So 25. Okt 02:45:01 CEST 2015
Ping: 33.592 ms
Download: 21.42 Mbit/s
Upload: 0.88 Mbit/s
So 25. Okt 02:45:01 CET 2015
Ping: 30.022 ms
Download: 21.45 Mbit/s
Upload: 0.88 Mbit/s
So 25. Okt 03:45:01 CET 2015
Ping: 32.19 ms
Download: 21.42 Mbit/s
Upload: 0.87 Mbit/s
So 25. Okt 04:45:01 CET 2015
Ping: 34.082 ms
Download: 21.42 Mbit/s
Upload: 0.88 Mbit/s
So 25. Okt 05:45:01 CET 2015
Ping: 29.282 ms
Download: 21.46 Mbit/s
Upload: 0.87 Mbit/s
So 25. Okt 06:45:01 CET 2015
Ping: 32.37 ms
Download: 21.43 Mbit/s
Upload: 0.87 Mbit/s
So 25. Okt 07:45:01 CET 2015
Ping: 30.573 ms
Download: 21.45 Mbit/s
Upload: 0.87 Mbit/s
So 25. Okt 08:45:01 CET 2015
Ping: 33.763 ms
Download: 21.42 Mbit/s
Upload: 0.87 Mbit/s
So 25. Okt 09:45:01 CET 2015
Ping: 35.707 ms
Download: 21.39 Mbit/s
Upload: 0.87 Mbit/s
So 25. Okt 10:45:01 CET 2015
Ping: 36.179 ms
Download: 21.27 Mbit/s
Upload: 0.80 Mbit/s
So 25. Okt 11:45:01 CET 2015
Ping: 33.494 ms
Download: 21.41 Mbit/s
Upload: 0.85 Mbit/s
So 25. Okt 12:45:01 CET 2015
Ping: 30.905 ms
Download: 21.15 Mbit/s
Upload: 0.74 Mbit/s
So 25. Okt 13:45:01 CET 2015
Ping: 33.809 ms
Download: 21.28 Mbit/s
Upload: 0.83 Mbit/s
So 25. Okt 14:45:01 CET 2015
Ping: 29.624 ms
Download: 21.45 Mbit/s
Upload: 0.87 Mbit/s
So 25. Okt 15:45:01 CET 2015
Ping: 33.762 ms
Download: 21.42 Mbit/s
Upload: 0.86 Mbit/s
So 25. Okt 16:45:01 CET 2015
Ping: 30.655 ms
Download: 21.45 Mbit/s
Upload: 0.87 Mbit/s
So 25. Okt 17:45:01 CET 2015
Ping: 28.138 ms
Download: 21.45 Mbit/s
Upload: 0.84 Mbit/s
So 25. Okt 18:45:01 CET 2015
Ping: 33.108 ms
Download: 19.91 Mbit/s
Upload: 0.83 Mbit/s
So 25. Okt 19:45:01 CET 2015
Ping: 28.973 ms
Download: 21.30 Mbit/s
Upload: 0.70 Mbit/s
So 25. Okt 20:45:01 CET 2015
Ping: 33.11 ms
Download: 21.45 Mbit/s
Upload: 0.88 Mbit/s
So 25. Okt 21:45:01 CET 2015
Ping: 29.275 ms
Download: 21.39 Mbit/s
Upload: 0.88 Mbit/s
So 25. Okt 22:45:01 CET 2015
Ping: 29.486 ms
Download: 21.45 Mbit/s
Upload: 0.87 Mbit/s
So 25. Okt 23:45:01 CET 2015
Ping: 31.968 ms
Download: 21.44 Mbit/s
Upload: 0.87 Mbit/s
Mo 26. Okt 00:45:01 CET 2015
Ping: 28.993 ms
Download: 21.46 Mbit/s
Upload: 0.88 Mbit/s
Mo 26. Okt 01:45:01 CET 2015
Ping: 28.699 ms
Download: 21.45 Mbit/s
Upload: 0.88 Mbit/s
Mo 26. Okt 02:45:01 CET 2015
Ping: 27.434 ms
Download: 21.42 Mbit/s
Upload: 0.87 Mbit/s
Mo 26. Okt 03:45:01 CET 2015
Ping: 29.882 ms
Download: 21.45 Mbit/s
Upload: 0.87 Mbit/s
Mo 26. Okt 04:45:01 CET 2015
Ping: 31.946 ms
Download: 21.46 Mbit/s
Upload: 0.87 Mbit/s
Mo 26. Okt 05:45:01 CET 2015
Ping: 33.124 ms
Download: 21.41 Mbit/s
Upload: 0.87 Mbit/s
Mo 26. Okt 06:45:01 CET 2015
Ping: 33.316 ms
Download: 21.45 Mbit/s
Upload: 0.87 Mbit/s
Mo 26. Okt 07:45:01 CET 2015
Ping: 33.029 ms
Download: 21.45 Mbit/s
Upload: 0.87 Mbit/s
Mo 26. Okt 08:45:01 CET 2015
Ping: 35.051 ms
Download: 21.43 Mbit/s
Upload: 0.88 Mbit/s
Mo 26. Okt 09:45:01 CET 2015
Ping: 34.989 ms
Download: 21.30 Mbit/s
Upload: 0.87 Mbit/s
Mo 26. Okt 10:45:01 CET 2015
Ping: 31.783 ms
Download: 21.44 Mbit/s
Upload: 0.85 Mbit/s
Mo 26. Okt 11:45:01 CET 2015
Ping: 32.431 ms
Download: 21.44 Mbit/s
Upload: 0.87 Mbit/s
Mo 26. Okt 12:45:01 CET 2015
Ping: 29.34 ms
Download: 19.49 Mbit/s
Upload: 0.83 Mbit/s
Mo 26. Okt 13:45:01 CET 2015
Ping: 32.2 ms
Download: 21.42 Mbit/s
Upload: 0.87 Mbit/s
Mo 26. Okt 14:45:01 CET 2015
Ping: 29.534 ms
Download: 21.03 Mbit/s
Upload: 0.83 Mbit/s
Mo 26. Okt 15:45:01 CET 2015
Ping: 32.135 ms
Download: 21.27 Mbit/s
Upload: 0.87 Mbit/s
Mo 26. Okt 16:45:01 CET 2015
Ping: 27.962 ms
Download: 1.19 Mbit/s
Upload: 0.81 Mbit/s
Mo 26. Okt 17:45:01 CET 2015
Ping: 31.494 ms
Download: 21.12 Mbit/s
Upload: 0.83 Mbit/s
Mo 26. Okt 18:45:01 CET 2015
Ping: 29.244 ms
Download: 3.31 Mbit/s
Upload: 0.79 Mbit/s
Mo 26. Okt 19:45:01 CET 2015
Mo 26. Okt 20:45:01 CET 2015
Ping: 34.53 ms
Download: 0.70 Mbit/s
Upload: 0.77 Mbit/s
Mo 26. Okt 21:45:01 CET 2015
Ping: 33.605 ms
Download: 1.37 Mbit/s
Upload: 0.83 Mbit/s
Mo 26. Okt 22:45:01 CET 2015
Ping: 36.23 ms
Download: 0.94 Mbit/s
Upload: 0.87 Mbit/s
Mo 26. Okt 23:45:01 CET 2015
Ping: 29.091 ms
Download: 0.33 Mbit/s
Upload: 0.86 Mbit/s
Di 27. Okt 00:45:01 CET 2015
Ping: 37.021 ms
Download: 21.33 Mbit/s
Upload: 0.87 Mbit/s
Di 27. Okt 01:45:01 CET 2015
Ping: 32.68 ms
Download: 15.57 Mbit/s
Upload: 0.86 Mbit/s
Di 27. Okt 02:45:01 CET 2015
Ping: 34.559 ms
Download: 4.41 Mbit/s
Upload: 0.83 Mbit/s
Di 27. Okt 03:45:01 CET 2015
Ping: 29.572 ms
Download: 8.65 Mbit/s
Upload: 0.78 Mbit/s
Di 27. Okt 04:45:01 CET 2015
Ping: 26.962 ms
Download: 20.22 Mbit/s
Upload: 0.87 Mbit/s
Di 27. Okt 05:45:01 CET 2015
Ping: 32.96 ms
Download: 1.65 Mbit/s
Upload: 0.81 Mbit/s
Di 27. Okt 06:45:01 CET 2015
Ping: 26.989 ms
Download: 0.62 Mbit/s
Upload: 0.87 Mbit/s
Di 27. Okt 07:45:01 CET 2015
Ping: 33.85 ms
Download: 0.68 Mbit/s
Upload: 0.85 Mbit/s
Di 27. Okt 08:45:01 CET 2015
Di 27. Okt 09:45:01 CET 2015
Ping: 31.593 ms
Download: 16.10 Mbit/s
Upload: 0.78 Mbit/s
Di 27. Okt 10:45:01 CET 2015
Ping: 30.398 ms
Download: 0.35 Mbit/s
Upload: 0.77 Mbit/s
Di 27. Okt 11:45:01 CET 2015
Ping: 38.09 ms
Download: 21.31 Mbit/s
Upload: 0.87 Mbit/s
Di 27. Okt 12:45:01 CET 2015
Di 27. Okt 13:45:01 CET 2015
Ping: 34.169 ms
Download: 0.08 Mbit/s
Upload: 0.00 Mbit/s
Di 27. Okt 14:45:01 CET 2015
Di 27. Okt 15:45:01 CET 2015
Di 27. Okt 16:45:01 CET 2015
Ping: 36.947 ms
Download: 21.43 Mbit/s
Upload: 0.88 Mbit/s
Di 27. Okt 17:45:01 CET 2015
Di 27. Okt 18:45:01 CET 2015
Ping: 32.035 ms
Download: 0.36 Mbit/s
Upload: 0.88 Mbit/s
Di 27. Okt 19:16:22 CET 2015
Ping: 33.035 ms
Download: 21.19 Mbit/s
Upload: 0.86 Mbit/s
Di 27. Okt 19:45:01 CET 2015
Di 27. Okt 20:45:01 CET 2015
Di 27. Okt 21:45:01 CET 2015
Ping: 35.291 ms
Download: 0.52 Mbit/s
Upload: 0.83 Mbit/s
Di 27. Okt 22:45:01 CET 2015
Ping: 30.589 ms
Download: 3.17 Mbit/s
Upload: 0.68 Mbit/s
Di 27. Okt 23:45:01 CET 2015
Ping: 28.795 ms
Download: 0.56 Mbit/s
Upload: 0.51 Mbit/s
Mi 28. Okt 00:45:01 CET 2015
Mi 28. Okt 01:45:01 CET 2015
Mi 28. Okt 02:45:01 CET 2015
Ping: 39.694 ms
Download: 21.42 Mbit/s
Upload: 0.87 Mbit/s
Mi 28. Okt 03:45:01 CET 2015
Mi 28. Okt 04:45:01 CET 2015
Mi 28. Okt 05:45:01 CET 2015
Ping: 35.968 ms
Download: 14.09 Mbit/s
Upload: 0.86 Mbit/s
Mi 28. Okt 06:45:01 CET 2015
Ping: 33.598 ms
Download: 1.81 Mbit/s
Upload: 0.87 Mbit/s
Mi 28. Okt 07:45:01 CET 2015
Ping: 36.065 ms
Download: 0.80 Mbit/s
Upload: 0.88 Mbit/s
Mi 28. Okt 08:45:01 CET 2015
Mi 28. Okt 09:45:01 CET 2015
Ping: 40.942 ms
Download: 21.36 Mbit/s
Upload: 0.87 Mbit/s
Mi 28. Okt 10:45:01 CET 2015
Ping: 33.337 ms
Download: 2.66 Mbit/s
Upload: 0.78 Mbit/s
Mi 28. Okt 11:45:01 CET 2015
Mi 28. Okt 12:45:01 CET 2015
Ping: 39.857 ms
Download: 0.92 Mbit/s
Upload: 0.56 Mbit/s
Mi 28. Okt 13:45:01 CET 2015
Ping: 31.236 ms
Download: 21.42 Mbit/s
Upload: 0.86 Mbit/s
Mi 28. Okt 14:45:01 CET 2015
Ping: 33.574 ms
Download: 0.54 Mbit/s
Upload: 0.55 Mbit/s
Mi 28. Okt 15:45:01 CET 2015
Ping: 37.69 ms
Download: 21.29 Mbit/s
Upload: 0.88 Mbit/s
Mi 28. Okt 16:45:01 CET 2015
Ping: 89.696 ms
Download: 18.80 Mbit/s
Upload: 0.69 Mbit/s
Mi 28. Okt 17:45:01 CET 2015
Ping: 26.253 ms
Download: 20.77 Mbit/s
Upload: 0.62 Mbit/s
Mi 28. Okt 18:45:01 CET 2015
Ping: 117.555 ms
Download: 16.04 Mbit/s
Upload: 0.63 Mbit/s
Mi 28. Okt 19:45:01 CET 2015
Ping: 50.913 ms
Download: 13.74 Mbit/s
Upload: 0.76 Mbit/s
Mi 28. Okt 20:45:01 CET 2015
Ping: 28.436 ms
Download: 21.42 Mbit/s
Upload: 0.84 Mbit/s
Mi 28. Okt 21:45:01 CET 2015
Ping: 30.025 ms
Download: 21.42 Mbit/s
Upload: 0.87 Mbit/s
Mi 28. Okt 22:45:01 CET 2015
Ping: 33.084 ms
Download: 21.16 Mbit/s
Upload: 0.87 Mbit/s
Mi 28. Okt 23:45:01 CET 2015
Ping: 33.507 ms
Download: 21.42 Mbit/s
Upload: 0.87 Mbit/s
Do 29. Okt 00:45:01 CET 2015
Ping: 31.427 ms
Download: 21.43 Mbit/s
Upload: 0.87 Mbit/s
Do 29. Okt 01:45:01 CET 2015
Ping: 27.634 ms
Download: 21.42 Mbit/s
Upload: 0.87 Mbit/s
Do 29. Okt 02:45:01 CET 2015
Ping: 33.259 ms
Download: 21.41 Mbit/s
Upload: 0.87 Mbit/s
Do 29. Okt 03:45:02 CET 2015
Ping: 33.355 ms
Download: 18.68 Mbit/s
Upload: 0.87 Mbit/s
Do 29. Okt 04:45:01 CET 2015
Ping: 32.449 ms
Download: 21.43 Mbit/s
Upload: 0.87 Mbit/s
Do 29. Okt 05:45:01 CET 2015
Ping: 29.767 ms
Download: 21.45 Mbit/s
Upload: 0.87 Mbit/s
Do 29. Okt 06:45:01 CET 2015
Ping: 34.922 ms
Download: 21.45 Mbit/s
Upload: 0.88 Mbit/s
Do 29. Okt 07:45:01 CET 2015
Ping: 31.126 ms
Download: 21.36 Mbit/s
Upload: 0.81 Mbit/s
Do 29. Okt 08:45:01 CET 2015
Ping: 34.04 ms
Download: 20.64 Mbit/s
Upload: 0.84 Mbit/s
Do 29. Okt 09:45:01 CET 2015
Ping: 29.494 ms
Download: 20.93 Mbit/s
Upload: 0.61 Mbit/s
Do 29. Okt 10:45:01 CET 2015
Ping: 32.125 ms
Download: 21.45 Mbit/s
Upload: 0.87 Mbit/s
Do 29. Okt 11:45:01 CET 2015
Ping: 29.186 ms
Download: 21.42 Mbit/s
Upload: 0.87 Mbit/s
Do 29. Okt 12:45:01 CET 2015
Ping: 34.961 ms
Download: 21.46 Mbit/s
Upload: 0.87 Mbit/s
Do 29. Okt 13:45:01 CET 2015
Ping: 29.208 ms
Download: 19.95 Mbit/s
Upload: 0.78 Mbit/s
Do 29. Okt 14:45:01 CET 2015
Ping: 31.752 ms
Download: 21.45 Mbit/s
Upload: 0.87 Mbit/s
Do 29. Okt 15:45:01 CET 2015
Ping: 31.407 ms
Download: 21.45 Mbit/s
Upload: 0.87 Mbit/s
Do 29. Okt 16:45:01 CET 2015
Ping: 34.666 ms
Download: 21.30 Mbit/s
Upload: 0.87 Mbit/s
Do 29. Okt 17:45:01 CET 2015
Ping: 28.337 ms
Download: 21.45 Mbit/s
Upload: 0.87 Mbit/s
Do 29. Okt 18:45:01 CET 2015
Ping: 30.554 ms
Download: 21.46 Mbit/s
Upload: 0.86 Mbit/s
Do 29. Okt 19:45:01 CET 2015
Ping: 29.288 ms
Download: 21.42 Mbit/s
Upload: 0.86 Mbit/s
Do 29. Okt 20:45:01 CET 2015
Ping: 28.731 ms
Download: 21.45 Mbit/s
Upload: 0.87 Mbit/s
Do 29. Okt 21:45:02 CET 2015
Ping: 29.017 ms
Download: 21.42 Mbit/s
Upload: 0.87 Mbit/s
Do 29. Okt 22:45:01 CET 2015
Ping: 29.645 ms
Download: 21.42 Mbit/s
Upload: 0.87 Mbit/s
Do 29. Okt 23:45:01 CET 2015
Ping: 32.037 ms
Download: 21.42 Mbit/s
Upload: 0.87 Mbit/s
Fr 30. Okt 00:45:01 CET 2015
Ping: 28.987 ms
Download: 21.43 Mbit/s
Upload: 0.87 Mbit/s
Fr 30. Okt 01:45:01 CET 2015
Ping: 32.374 ms
Download: 21.42 Mbit/s
Upload: 0.87 Mbit/s
Fr 30. Okt 02:45:01 CET 2015
Ping: 31.047 ms
Download: 21.42 Mbit/s
Upload: 0.87 Mbit/s
Fr 30. Okt 03:45:01 CET 2015
Ping: 32.264 ms
Download: 21.45 Mbit/s
Upload: 0.88 Mbit/s
Fr 30. Okt 04:45:01 CET 2015
Ping: 32.834 ms
Download: 21.29 Mbit/s
Upload: 0.87 Mbit/s
Fr 30. Okt 05:45:01 CET 2015
Ping: 29.459 ms
Download: 21.45 Mbit/s
Upload: 0.87 Mbit/s
Fr 30. Okt 06:45:01 CET 2015
Ping: 29.338 ms
Download: 21.45 Mbit/s
Upload: 0.84 Mbit/s
Fr 30. Okt 07:45:01 CET 2015
Ping: 28.126 ms
Download: 21.45 Mbit/s
Upload: 0.87 Mbit/s
Fr 30. Okt 08:45:01 CET 2015
Ping: 29.753 ms
Download: 21.40 Mbit/s
Upload: 0.70 Mbit/s
Fr 30. Okt 09:45:01 CET 2015
Ping: 32.523 ms
Download: 21.42 Mbit/s
Upload: 0.86 Mbit/s
Fr 30. Okt 10:45:01 CET 2015
Ping: 19.442 ms
Download: 21.63 Mbit/s
Upload: 0.88 Mbit/s
Fr 30. Okt 11:45:01 CET 2015
Ping: 19.455 ms
Download: 21.64 Mbit/s
Upload: 0.89 Mbit/s
Fr 30. Okt 12:45:01 CET 2015
Ping: 32.119 ms
Download: 21.45 Mbit/s
Upload: 0.87 Mbit/s
Fr 30. Okt 13:45:01 CET 2015
Ping: 32.423 ms
Download: 21.38 Mbit/s
Upload: 0.85 Mbit/s
Fr 30. Okt 14:45:01 CET 2015
Ping: 32.005 ms
Download: 21.33 Mbit/s
Upload: 0.80 Mbit/s
Fr 30. Okt 15:45:01 CET 2015
Ping: 30.038 ms
Download: 21.35 Mbit/s
Upload: 0.81 Mbit/s
Fr 30. Okt 16:45:01 CET 2015
Ping: 31.948 ms
Download: 18.82 Mbit/s
Upload: 0.85 Mbit/s
Fr 30. Okt 17:45:01 CET 2015
Ping: 35.483 ms
Download: 21.24 Mbit/s
Upload: 0.87 Mbit/s
Fr 30. Okt 18:45:01 CET 2015
Ping: 30.887 ms
Download: 21.41 Mbit/s
Upload: 0.87 Mbit/s
Fr 30. Okt 19:45:01 CET 2015
Ping: 33.448 ms
Download: 21.45 Mbit/s
Upload: 0.87 Mbit/s
Fr 30. Okt 20:45:01 CET 2015
Ping: 31.35 ms
Download: 19.53 Mbit/s
Upload: 0.87 Mbit/s
Fr 30. Okt 21:45:01 CET 2015
Ping: 32.695 ms
Download: 21.30 Mbit/s
Upload: 0.87 Mbit/s
Fr 30. Okt 22:45:01 CET 2015
Ping: 32.765 ms
Download: 21.39 Mbit/s
Upload: 0.87 Mbit/s
Fr 30. Okt 23:45:01 CET 2015
Ping: 29.602 ms
Download: 21.46 Mbit/s
Upload: 0.88 Mbit/s
Sa 31. Okt 00:45:01 CET 2015
Ping: 33.699 ms
Download: 21.45 Mbit/s
Upload: 0.87 Mbit/s
Sa 31. Okt 01:45:01 CET 2015
Ping: 30.024 ms
Download: 21.43 Mbit/s
Upload: 0.88 Mbit/s
Sa 31. Okt 02:45:01 CET 2015
Ping: 33.273 ms
Download: 21.44 Mbit/s
Upload: 0.88 Mbit/s
Sa 31. Okt 03:45:02 CET 2015
Ping: 29.332 ms
Download: 21.42 Mbit/s
Upload: 0.88 Mbit/s
Sa 31. Okt 04:45:02 CET 2015
Ping: 32.616 ms
Download: 21.43 Mbit/s
Upload: 0.87 Mbit/s
Sa 31. Okt 05:45:01 CET 2015
Ping: 32.126 ms
Download: 18.38 Mbit/s
Upload: 0.88 Mbit/s
Sa 31. Okt 06:45:01 CET 2015
Ping: 33.129 ms
Download: 21.42 Mbit/s
Upload: 0.87 Mbit/s
Sa 31. Okt 07:45:01 CET 2015
Ping: 30.18 ms
Download: 18.22 Mbit/s
Upload: 0.87 Mbit/s
Sa 31. Okt 08:45:01 CET 2015
Ping: 31.214 ms
Download: 21.41 Mbit/s
Upload: 0.86 Mbit/s
Sa 31. Okt 09:45:01 CET 2015
Ping: 28.907 ms
Download: 21.42 Mbit/s
Upload: 0.87 Mbit/s
Sa 31. Okt 10:45:01 CET 2015
Ping: 26.19 ms
Download: 21.39 Mbit/s
Upload: 0.88 Mbit/s
Sa 31. Okt 11:45:01 CET 2015
Ping: 31.671 ms
Download: 21.42 Mbit/s
Upload: 0.88 Mbit/s
Sa 31. Okt 12:45:01 CET 2015
Ping: 29.871 ms
Download: 21.45 Mbit/s
Upload: 0.87 Mbit/s
Sa 31. Okt 13:45:01 CET 2015
Ping: 30.829 ms
Download: 21.30 Mbit/s
Upload: 0.87 Mbit/s
Sa 31. Okt 14:45:01 CET 2015
Ping: 31.343 ms
Download: 21.41 Mbit/s
Upload: 0.85 Mbit/s
Sa 31. Okt 15:45:01 CET 2015
Ping: 34.558 ms
Download: 17.08 Mbit/s
Upload: 0.87 Mbit/s
Sa 31. Okt 16:45:01 CET 2015
Ping: 28.439 ms
Download: 20.65 Mbit/s
Upload: 0.86 Mbit/s
Sa 31. Okt 17:45:01 CET 2015
Ping: 28.373 ms
Download: 20.79 Mbit/s
Upload: 0.69 Mbit/s
Sa 31. Okt 18:45:01 CET 2015
Ping: 29.531 ms
Download: 21.29 Mbit/s
Upload: 0.87 Mbit/s
Sa 31. Okt 19:45:01 CET 2015
Ping: 28.505 ms
Download: 21.28 Mbit/s
Upload: 0.87 Mbit/s
Sa 31. Okt 20:45:01 CET 2015
Ping: 31.223 ms
Download: 21.45 Mbit/s
Upload: 0.87 Mbit/s
Sa 31. Okt 21:45:01 CET 2015
Ping: 29.552 ms
Download: 21.46 Mbit/s
Upload: 0.87 Mbit/s
Sa 31. Okt 22:45:01 CET 2015
Ping: 28.34 ms
Download: 20.49 Mbit/s
Upload: 0.80 Mbit/s
Sa 31. Okt 23:45:01 CET 2015
Ping: 28.033 ms
Download: 21.42 Mbit/s
Upload: 0.88 Mbit/s
