Sa 1. Aug 00:45:01 CEST 2015
Ping: 35.493 ms
Download: 10.73 Mbit/s
Upload: 0.87 Mbit/s
Sa 1. Aug 01:45:01 CEST 2015
Ping: 36.727 ms
Download: 10.19 Mbit/s
Upload: 0.87 Mbit/s
Sa 1. Aug 02:45:01 CEST 2015
Ping: 30.309 ms
Download: 10.10 Mbit/s
Upload: 0.87 Mbit/s
Sa 1. Aug 03:45:01 CEST 2015
Ping: 36.661 ms
Download: 10.73 Mbit/s
Upload: 0.87 Mbit/s
Sa 1. Aug 04:45:01 CEST 2015
Ping: 30.975 ms
Download: 10.72 Mbit/s
Upload: 0.87 Mbit/s
Sa 1. Aug 05:45:01 CEST 2015
Ping: 34.555 ms
Download: 10.37 Mbit/s
Upload: 0.87 Mbit/s
Sa 1. Aug 06:45:01 CEST 2015
Ping: 36.865 ms
Download: 10.73 Mbit/s
Upload: 0.87 Mbit/s
Sa 1. Aug 07:45:01 CEST 2015
Ping: 31.085 ms
Download: 10.72 Mbit/s
Upload: 0.87 Mbit/s
Sa 1. Aug 08:45:01 CEST 2015
Ping: 38.343 ms
Download: 9.66 Mbit/s
Upload: 0.78 Mbit/s
Sa 1. Aug 09:45:01 CEST 2015
Ping: 31.994 ms
Download: 10.70 Mbit/s
Upload: 0.87 Mbit/s
Sa 1. Aug 10:45:01 CEST 2015
Ping: 35.391 ms
Download: 10.72 Mbit/s
Upload: 0.88 Mbit/s
Sa 1. Aug 11:45:01 CEST 2015
Ping: 36.219 ms
Download: 10.74 Mbit/s
Upload: 0.87 Mbit/s
Sa 1. Aug 12:45:01 CEST 2015
Ping: 31.613 ms
Download: 10.72 Mbit/s
Upload: 0.87 Mbit/s
Sa 1. Aug 13:45:01 CEST 2015
Ping: 37.956 ms
Download: 10.48 Mbit/s
Upload: 0.85 Mbit/s
Sa 1. Aug 14:45:01 CEST 2015
Ping: 33.169 ms
Download: 10.73 Mbit/s
Upload: 0.87 Mbit/s
Sa 1. Aug 15:45:01 CEST 2015
Ping: 36.251 ms
Download: 10.72 Mbit/s
Upload: 0.88 Mbit/s
Sa 1. Aug 16:45:01 CEST 2015
Ping: 37.384 ms
Download: 10.74 Mbit/s
Upload: 0.87 Mbit/s
Sa 1. Aug 17:45:01 CEST 2015
Ping: 36.295 ms
Download: 10.70 Mbit/s
Upload: 0.87 Mbit/s
Sa 1. Aug 18:45:01 CEST 2015
Ping: 31.682 ms
Download: 10.72 Mbit/s
Upload: 0.87 Mbit/s
Sa 1. Aug 19:45:01 CEST 2015
Ping: 36.433 ms
Download: 10.46 Mbit/s
Upload: 0.81 Mbit/s
Sa 1. Aug 20:45:01 CEST 2015
Ping: 32.655 ms
Download: 10.19 Mbit/s
Upload: 0.87 Mbit/s
Sa 1. Aug 21:45:01 CEST 2015
Ping: 31.838 ms
Download: 10.73 Mbit/s
Upload: 0.87 Mbit/s
Sa 1. Aug 22:45:02 CEST 2015
Ping: 33.61 ms
Download: 10.74 Mbit/s
Upload: 0.87 Mbit/s
Sa 1. Aug 23:45:01 CEST 2015
Ping: 34.171 ms
Download: 10.74 Mbit/s
Upload: 0.88 Mbit/s
So 2. Aug 00:45:01 CEST 2015
Ping: 34.224 ms
Download: 8.47 Mbit/s
Upload: 0.58 Mbit/s
So 2. Aug 01:45:01 CEST 2015
Ping: 34.478 ms
Download: 10.74 Mbit/s
Upload: 0.87 Mbit/s
So 2. Aug 02:45:01 CEST 2015
Ping: 33.876 ms
Download: 10.15 Mbit/s
Upload: 0.87 Mbit/s
So 2. Aug 03:45:01 CEST 2015
Ping: 35.391 ms
Download: 10.74 Mbit/s
Upload: 0.87 Mbit/s
So 2. Aug 04:45:01 CEST 2015
Ping: 32.136 ms
Download: 10.40 Mbit/s
Upload: 0.87 Mbit/s
So 2. Aug 05:45:01 CEST 2015
Ping: 27.014 ms
Download: 10.03 Mbit/s
Upload: 0.87 Mbit/s
So 2. Aug 06:45:01 CEST 2015
Ping: 27.418 ms
Download: 10.14 Mbit/s
Upload: 0.87 Mbit/s
So 2. Aug 07:45:01 CEST 2015
Ping: 34.132 ms
Download: 10.74 Mbit/s
Upload: 0.85 Mbit/s
So 2. Aug 08:45:01 CEST 2015
Ping: 35.635 ms
Download: 10.07 Mbit/s
Upload: 0.88 Mbit/s
So 2. Aug 09:45:01 CEST 2015
Ping: 37.426 ms
Download: 10.71 Mbit/s
Upload: 0.87 Mbit/s
So 2. Aug 10:45:01 CEST 2015
Ping: 38.346 ms
Download: 10.70 Mbit/s
Upload: 0.87 Mbit/s
So 2. Aug 11:45:01 CEST 2015
Ping: 35.126 ms
Download: 10.74 Mbit/s
Upload: 0.83 Mbit/s
So 2. Aug 12:45:01 CEST 2015
Ping: 35.836 ms
Download: 10.70 Mbit/s
Upload: 0.87 Mbit/s
So 2. Aug 13:45:01 CEST 2015
Ping: 33.967 ms
Download: 9.98 Mbit/s
Upload: 0.88 Mbit/s
So 2. Aug 14:45:01 CEST 2015
Ping: 30.301 ms
Download: 10.74 Mbit/s
Upload: 0.87 Mbit/s
So 2. Aug 15:45:01 CEST 2015
Ping: 36.644 ms
Download: 10.74 Mbit/s
Upload: 0.87 Mbit/s
So 2. Aug 16:45:01 CEST 2015
Ping: 30.766 ms
Download: 10.73 Mbit/s
Upload: 0.87 Mbit/s
So 2. Aug 17:45:01 CEST 2015
Ping: 32.583 ms
Download: 10.74 Mbit/s
Upload: 0.88 Mbit/s
So 2. Aug 18:45:01 CEST 2015
Ping: 34.916 ms
Download: 10.21 Mbit/s
Upload: 0.87 Mbit/s
So 2. Aug 19:45:01 CEST 2015
Ping: 35.873 ms
Download: 10.73 Mbit/s
Upload: 0.87 Mbit/s
So 2. Aug 20:45:01 CEST 2015
Ping: 38.883 ms
Download: 10.74 Mbit/s
Upload: 0.88 Mbit/s
So 2. Aug 21:45:01 CEST 2015
Ping: 35.75 ms
Download: 10.72 Mbit/s
Upload: 0.86 Mbit/s
So 2. Aug 22:45:01 CEST 2015
Ping: 36.697 ms
Download: 10.73 Mbit/s
Upload: 0.87 Mbit/s
So 2. Aug 23:45:01 CEST 2015
Ping: 36.633 ms
Download: 10.74 Mbit/s
Upload: 0.87 Mbit/s
Mo 3. Aug 00:45:01 CEST 2015
Ping: 35.12 ms
Download: 10.74 Mbit/s
Upload: 0.88 Mbit/s
Mo 3. Aug 01:45:01 CEST 2015
Ping: 34.955 ms
Download: 10.73 Mbit/s
Upload: 0.88 Mbit/s
Mo 3. Aug 02:45:01 CEST 2015
Ping: 36.591 ms
Download: 9.94 Mbit/s
Upload: 0.87 Mbit/s
Mo 3. Aug 03:45:01 CEST 2015
Ping: 33.279 ms
Download: 10.72 Mbit/s
Upload: 0.87 Mbit/s
Mo 3. Aug 04:45:01 CEST 2015
Ping: 34.46 ms
Download: 10.36 Mbit/s
Upload: 0.87 Mbit/s
Mo 3. Aug 05:45:01 CEST 2015
Ping: 36.734 ms
Download: 10.72 Mbit/s
Upload: 0.88 Mbit/s
Mo 3. Aug 06:45:01 CEST 2015
Ping: 34.936 ms
Download: 10.73 Mbit/s
Upload: 0.85 Mbit/s
Mo 3. Aug 07:45:01 CEST 2015
Ping: 34.638 ms
Download: 10.73 Mbit/s
Upload: 0.88 Mbit/s
Mo 3. Aug 08:45:02 CEST 2015
Ping: 33.986 ms
Download: 10.74 Mbit/s
Upload: 0.87 Mbit/s
Mo 3. Aug 09:45:02 CEST 2015
Ping: 33.883 ms
Download: 10.73 Mbit/s
Upload: 0.87 Mbit/s
Mo 3. Aug 10:45:01 CEST 2015
Ping: 35.723 ms
Download: 10.72 Mbit/s
Upload: 0.87 Mbit/s
Mo 3. Aug 11:45:01 CEST 2015
Ping: 37.346 ms
Download: 10.15 Mbit/s
Upload: 0.87 Mbit/s
Mo 3. Aug 12:45:01 CEST 2015
Ping: 36.128 ms
Download: 10.73 Mbit/s
Upload: 0.85 Mbit/s
Mo 3. Aug 13:45:01 CEST 2015
Ping: 35.231 ms
Download: 10.71 Mbit/s
Upload: 0.87 Mbit/s
Mo 3. Aug 14:45:01 CEST 2015
Ping: 32.922 ms
Download: 10.72 Mbit/s
Upload: 0.87 Mbit/s
Mo 3. Aug 15:45:01 CEST 2015
Failed to retrieve list of speedtest.net servers
Mo 3. Aug 16:45:01 CEST 2015
Ping: 36.188 ms
Download: 9.30 Mbit/s
Upload: 0.80 Mbit/s
Mo 3. Aug 17:45:01 CEST 2015
Ping: 31.444 ms
Download: 10.74 Mbit/s
Upload: 0.87 Mbit/s
Mo 3. Aug 18:45:01 CEST 2015
Ping: 32.529 ms
Download: 10.64 Mbit/s
Upload: 0.86 Mbit/s
Mo 3. Aug 19:45:01 CEST 2015
Ping: 37.208 ms
Download: 10.72 Mbit/s
Upload: 0.87 Mbit/s
Mo 3. Aug 20:45:01 CEST 2015
Ping: 47.588 ms
Download: 10.09 Mbit/s
Upload: 0.87 Mbit/s
Mo 3. Aug 21:45:01 CEST 2015
Failed to retrieve list of speedtest.net servers
Mo 3. Aug 22:45:01 CEST 2015
Ping: 36.021 ms
Download: 10.35 Mbit/s
Upload: 0.87 Mbit/s
Mo 3. Aug 23:45:01 CEST 2015
Ping: 35.286 ms
Download: 10.74 Mbit/s
Upload: 0.87 Mbit/s
Di 4. Aug 00:45:01 CEST 2015
Ping: 31.362 ms
Download: 10.73 Mbit/s
Upload: 0.84 Mbit/s
Di 4. Aug 01:45:01 CEST 2015
Ping: 34.533 ms
Download: 10.29 Mbit/s
Upload: 0.87 Mbit/s
Di 4. Aug 02:45:01 CEST 2015
Ping: 34.935 ms
Download: 10.73 Mbit/s
Upload: 0.88 Mbit/s
Di 4. Aug 03:45:01 CEST 2015
Ping: 34.385 ms
Download: 10.74 Mbit/s
Upload: 0.84 Mbit/s
Di 4. Aug 04:45:01 CEST 2015
Ping: 36.288 ms
Download: 10.72 Mbit/s
Upload: 0.88 Mbit/s
Di 4. Aug 05:45:01 CEST 2015
Ping: 41.946 ms
Download: 10.31 Mbit/s
Upload: 0.86 Mbit/s
Di 4. Aug 06:45:01 CEST 2015
Ping: 32.245 ms
Download: 10.74 Mbit/s
Upload: 0.88 Mbit/s
Di 4. Aug 07:45:01 CEST 2015
Ping: 31.868 ms
Download: 9.90 Mbit/s
Upload: 0.87 Mbit/s
Di 4. Aug 08:45:02 CEST 2015
Ping: 30.831 ms
Download: 10.17 Mbit/s
Upload: 0.87 Mbit/s
Di 4. Aug 09:45:01 CEST 2015
Ping: 34.95 ms
Download: 10.74 Mbit/s
Upload: 0.87 Mbit/s
Di 4. Aug 10:45:01 CEST 2015
Ping: 35.002 ms
Download: 10.74 Mbit/s
Upload: 0.87 Mbit/s
Di 4. Aug 11:45:01 CEST 2015
Ping: 36.334 ms
Download: 10.72 Mbit/s
Upload: 0.87 Mbit/s
Di 4. Aug 12:45:01 CEST 2015
Ping: 35.328 ms
Download: 10.69 Mbit/s
Upload: 0.87 Mbit/s
Di 4. Aug 13:45:01 CEST 2015
Ping: 34.496 ms
Download: 10.73 Mbit/s
Upload: 0.88 Mbit/s
Di 4. Aug 14:45:01 CEST 2015
Failed to retrieve list of speedtest.net servers
Di 4. Aug 15:45:01 CEST 2015
Ping: 35.41 ms
Download: 10.72 Mbit/s
Upload: 0.87 Mbit/s
Di 4. Aug 16:45:01 CEST 2015
Ping: 35.958 ms
Download: 10.72 Mbit/s
Upload: 0.87 Mbit/s
Di 4. Aug 17:45:01 CEST 2015
Ping: 35.223 ms
Download: 10.72 Mbit/s
Upload: 0.88 Mbit/s
Di 4. Aug 18:45:02 CEST 2015
Ping: 41.006 ms
Download: 10.58 Mbit/s
Upload: 0.87 Mbit/s
Di 4. Aug 19:45:01 CEST 2015
Ping: 29.91 ms
Download: 10.73 Mbit/s
Upload: 0.88 Mbit/s
Di 4. Aug 20:45:01 CEST 2015
Ping: 34.693 ms
Download: 10.71 Mbit/s
Upload: 0.87 Mbit/s
Di 4. Aug 21:45:01 CEST 2015
Ping: 33.726 ms
Download: 10.73 Mbit/s
Upload: 0.87 Mbit/s
Di 4. Aug 22:45:01 CEST 2015
Ping: 31.833 ms
Download: 10.72 Mbit/s
Upload: 0.87 Mbit/s
Di 4. Aug 23:45:01 CEST 2015
Ping: 37.901 ms
Download: 10.70 Mbit/s
Upload: 0.87 Mbit/s
Mi 5. Aug 00:45:01 CEST 2015
Ping: 32.072 ms
Download: 10.74 Mbit/s
Upload: 0.87 Mbit/s
Mi 5. Aug 01:45:01 CEST 2015
Ping: 32.516 ms
Download: 10.74 Mbit/s
Upload: 0.87 Mbit/s
Mi 5. Aug 02:45:01 CEST 2015
Ping: 36.664 ms
Download: 10.74 Mbit/s
Upload: 0.88 Mbit/s
Mi 5. Aug 03:45:01 CEST 2015
Ping: 36.72 ms
Download: 10.74 Mbit/s
Upload: 0.87 Mbit/s
Mi 5. Aug 04:45:02 CEST 2015
Ping: 26.689 ms
Download: 10.29 Mbit/s
Upload: 0.85 Mbit/s
Mi 5. Aug 05:45:01 CEST 2015
Ping: 27.665 ms
Download: 9.60 Mbit/s
Upload: 0.88 Mbit/s
Mi 5. Aug 06:45:01 CEST 2015
Ping: 26.646 ms
Download: 10.12 Mbit/s
Upload: 0.86 Mbit/s
Mi 5. Aug 07:45:01 CEST 2015
Ping: 33.845 ms
Download: 10.74 Mbit/s
Upload: 0.87 Mbit/s
Mi 5. Aug 08:45:01 CEST 2015
Ping: 30.931 ms
Download: 10.72 Mbit/s
Upload: 0.85 Mbit/s
Mi 5. Aug 09:45:01 CEST 2015
Ping: 37.759 ms
Download: 10.74 Mbit/s
Upload: 0.86 Mbit/s
Mi 5. Aug 10:45:01 CEST 2015
Ping: 33.936 ms
Download: 10.63 Mbit/s
Upload: 0.81 Mbit/s
Mi 5. Aug 11:45:01 CEST 2015
Ping: 36.042 ms
Download: 10.72 Mbit/s
Upload: 0.87 Mbit/s
Mi 5. Aug 12:45:01 CEST 2015
Ping: 31.705 ms
Download: 10.24 Mbit/s
Upload: 0.88 Mbit/s
Mi 5. Aug 13:45:01 CEST 2015
Ping: 36.885 ms
Download: 10.06 Mbit/s
Upload: 0.87 Mbit/s
Mi 5. Aug 14:45:01 CEST 2015
Ping: 35.295 ms
Download: 10.74 Mbit/s
Upload: 0.87 Mbit/s
Mi 5. Aug 15:45:01 CEST 2015
Ping: 34.589 ms
Download: 10.28 Mbit/s
Upload: 0.87 Mbit/s
Mi 5. Aug 16:45:01 CEST 2015
Ping: 34.454 ms
Download: 10.72 Mbit/s
Upload: 0.87 Mbit/s
Mi 5. Aug 17:45:01 CEST 2015
Ping: 36.276 ms
Download: 10.73 Mbit/s
Upload: 0.87 Mbit/s
Mi 5. Aug 18:45:01 CEST 2015
Failed to retrieve list of speedtest.net servers
Mi 5. Aug 19:45:01 CEST 2015
Ping: 35.254 ms
Download: 10.72 Mbit/s
Upload: 0.87 Mbit/s
Mi 5. Aug 20:45:01 CEST 2015
Ping: 42.28 ms
Download: 9.88 Mbit/s
Upload: 0.87 Mbit/s
Mi 5. Aug 21:45:01 CEST 2015
Ping: 27.491 ms
Download: 10.27 Mbit/s
Upload: 0.87 Mbit/s
Mi 5. Aug 22:45:01 CEST 2015
Ping: 39.323 ms
Download: 10.02 Mbit/s
Upload: 0.45 Mbit/s
Mi 5. Aug 23:45:01 CEST 2015
Ping: 35.71 ms
Download: 10.72 Mbit/s
Upload: 0.87 Mbit/s
Do 6. Aug 00:45:01 CEST 2015
Ping: 31.264 ms
Download: 10.73 Mbit/s
Upload: 0.87 Mbit/s
Do 6. Aug 01:45:01 CEST 2015
Ping: 32.285 ms
Download: 10.72 Mbit/s
Upload: 0.81 Mbit/s
Do 6. Aug 02:45:01 CEST 2015
Ping: 31.696 ms
Download: 10.03 Mbit/s
Upload: 0.87 Mbit/s
Do 6. Aug 03:45:01 CEST 2015
Ping: 35.041 ms
Download: 10.74 Mbit/s
Upload: 0.88 Mbit/s
Do 6. Aug 04:45:01 CEST 2015
Ping: 31.23 ms
Download: 10.70 Mbit/s
Upload: 0.87 Mbit/s
Do 6. Aug 05:45:01 CEST 2015
Ping: 33.785 ms
Download: 10.73 Mbit/s
Upload: 0.87 Mbit/s
Do 6. Aug 06:45:01 CEST 2015
Ping: 36.127 ms
Download: 10.73 Mbit/s
Upload: 0.87 Mbit/s
Do 6. Aug 07:45:01 CEST 2015
Ping: 38.232 ms
Download: 9.96 Mbit/s
Upload: 0.87 Mbit/s
Do 6. Aug 08:45:01 CEST 2015
Ping: 35.16 ms
Download: 10.48 Mbit/s
Upload: 0.86 Mbit/s
Do 6. Aug 09:45:02 CEST 2015
Ping: 35.705 ms
Download: 10.10 Mbit/s
Upload: 0.80 Mbit/s
Do 6. Aug 10:45:01 CEST 2015
Ping: 37.97 ms
Download: 10.72 Mbit/s
Upload: 0.87 Mbit/s
Do 6. Aug 11:45:01 CEST 2015
Ping: 33.237 ms
Download: 10.13 Mbit/s
Upload: 0.87 Mbit/s
Do 6. Aug 12:45:01 CEST 2015
Ping: 35.752 ms
Download: 7.54 Mbit/s
Upload: 0.87 Mbit/s
Do 6. Aug 13:45:01 CEST 2015
Ping: 33.15 ms
Download: 6.52 Mbit/s
Upload: 0.79 Mbit/s
Do 6. Aug 14:45:01 CEST 2015
Ping: 33.231 ms
Download: 10.71 Mbit/s
Upload: 0.86 Mbit/s
Do 6. Aug 15:45:01 CEST 2015
Ping: 36.634 ms
Download: 10.72 Mbit/s
Upload: 0.84 Mbit/s
Do 6. Aug 16:45:01 CEST 2015
Ping: 32.459 ms
Download: 10.23 Mbit/s
Upload: 0.71 Mbit/s
Do 6. Aug 17:45:01 CEST 2015
Ping: 33.844 ms
Download: 10.72 Mbit/s
Upload: 0.84 Mbit/s
Do 6. Aug 18:45:01 CEST 2015
Ping: 37.179 ms
Download: 10.52 Mbit/s
Upload: 0.84 Mbit/s
Do 6. Aug 19:45:01 CEST 2015
Ping: 35.285 ms
Download: 10.73 Mbit/s
Upload: 0.87 Mbit/s
Do 6. Aug 20:45:01 CEST 2015
Ping: 35.534 ms
Download: 10.73 Mbit/s
Upload: 0.85 Mbit/s
Do 6. Aug 21:45:01 CEST 2015
Ping: 34.298 ms
Download: 10.34 Mbit/s
Upload: 0.87 Mbit/s
Do 6. Aug 22:45:01 CEST 2015
Ping: 32.801 ms
Download: 10.72 Mbit/s
Upload: 0.85 Mbit/s
Do 6. Aug 23:45:01 CEST 2015
Ping: 36.667 ms
Download: 10.73 Mbit/s
Upload: 0.88 Mbit/s
Fr 7. Aug 00:45:01 CEST 2015
Ping: 35.226 ms
Download: 10.73 Mbit/s
Upload: 0.86 Mbit/s
Fr 7. Aug 01:45:01 CEST 2015
Ping: 36.478 ms
Download: 10.74 Mbit/s
Upload: 0.87 Mbit/s
Fr 7. Aug 02:45:01 CEST 2015
Ping: 36.696 ms
Download: 10.72 Mbit/s
Upload: 0.87 Mbit/s
Fr 7. Aug 03:45:01 CEST 2015
Ping: 34.103 ms
Download: 10.74 Mbit/s
Upload: 0.84 Mbit/s
Fr 7. Aug 04:45:01 CEST 2015
Ping: 41.744 ms
Download: 10.73 Mbit/s
Upload: 0.87 Mbit/s
Fr 7. Aug 05:45:01 CEST 2015
Ping: 33.312 ms
Download: 10.74 Mbit/s
Upload: 0.87 Mbit/s
Fr 7. Aug 06:45:01 CEST 2015
Ping: 34.382 ms
Download: 10.72 Mbit/s
Upload: 0.87 Mbit/s
Fr 7. Aug 07:45:01 CEST 2015
Ping: 34.91 ms
Download: 10.74 Mbit/s
Upload: 0.85 Mbit/s
Fr 7. Aug 08:45:01 CEST 2015
Ping: 35.662 ms
Download: 10.70 Mbit/s
Upload: 0.87 Mbit/s
Fr 7. Aug 09:45:01 CEST 2015
Ping: 33.512 ms
Download: 10.22 Mbit/s
Upload: 0.88 Mbit/s
Fr 7. Aug 10:45:01 CEST 2015
Ping: 36.487 ms
Download: 10.33 Mbit/s
Upload: 0.87 Mbit/s
Fr 7. Aug 11:45:01 CEST 2015
Ping: 34.971 ms
Download: 10.72 Mbit/s
Upload: 0.87 Mbit/s
Fr 7. Aug 12:45:01 CEST 2015
Ping: 42.3 ms
Download: 10.72 Mbit/s
Upload: 0.86 Mbit/s
Fr 7. Aug 13:45:02 CEST 2015
Ping: 30.965 ms
Download: 10.74 Mbit/s
Upload: 0.88 Mbit/s
Fr 7. Aug 14:45:01 CEST 2015
Ping: 40.375 ms
Download: 10.37 Mbit/s
Upload: 0.87 Mbit/s
Fr 7. Aug 15:45:01 CEST 2015
Ping: 42.465 ms
Download: 9.92 Mbit/s
Upload: 0.87 Mbit/s
Fr 7. Aug 16:45:01 CEST 2015
Ping: 34.472 ms
Download: 10.74 Mbit/s
Upload: 0.87 Mbit/s
Fr 7. Aug 17:45:01 CEST 2015
Ping: 34.829 ms
Download: 9.90 Mbit/s
Upload: 0.87 Mbit/s
Fr 7. Aug 18:45:01 CEST 2015
Ping: 37.999 ms
Download: 10.02 Mbit/s
Upload: 0.87 Mbit/s
Fr 7. Aug 19:45:01 CEST 2015
Failed to retrieve list of speedtest.net servers
Fr 7. Aug 20:45:01 CEST 2015
Ping: 37.761 ms
Download: 10.73 Mbit/s
Upload: 0.88 Mbit/s
Fr 7. Aug 21:45:01 CEST 2015
Ping: 36.714 ms
Download: 8.03 Mbit/s
Upload: 0.71 Mbit/s
Fr 7. Aug 22:45:02 CEST 2015
Ping: 36.149 ms
Download: 10.72 Mbit/s
Upload: 0.87 Mbit/s
Fr 7. Aug 23:45:01 CEST 2015
Ping: 36.767 ms
Download: 9.17 Mbit/s
Upload: 0.68 Mbit/s
Sa 8. Aug 00:45:01 CEST 2015
Ping: 37.933 ms
Download: 10.73 Mbit/s
Upload: 0.87 Mbit/s
Sa 8. Aug 01:45:01 CEST 2015
Ping: 35.652 ms
Download: 10.72 Mbit/s
Upload: 0.86 Mbit/s
Sa 8. Aug 02:45:01 CEST 2015
Ping: 33.262 ms
Download: 10.73 Mbit/s
Upload: 0.87 Mbit/s
Sa 8. Aug 03:45:01 CEST 2015
Ping: 36.346 ms
Download: 10.74 Mbit/s
Upload: 0.87 Mbit/s
Sa 8. Aug 04:45:01 CEST 2015
Ping: 36.279 ms
Download: 10.43 Mbit/s
Upload: 0.87 Mbit/s
Sa 8. Aug 05:45:01 CEST 2015
Ping: 34.83 ms
Download: 10.72 Mbit/s
Upload: 0.87 Mbit/s
Sa 8. Aug 06:45:01 CEST 2015
Ping: 37.368 ms
Download: 10.45 Mbit/s
Upload: 0.87 Mbit/s
Sa 8. Aug 07:45:01 CEST 2015
Ping: 36.79 ms
Download: 10.72 Mbit/s
Upload: 0.85 Mbit/s
Sa 8. Aug 08:45:01 CEST 2015
Ping: 36.544 ms
Download: 10.39 Mbit/s
Upload: 0.86 Mbit/s
Sa 8. Aug 09:45:01 CEST 2015
Ping: 31.062 ms
Download: 10.72 Mbit/s
Upload: 0.87 Mbit/s
Sa 8. Aug 10:45:01 CEST 2015
Ping: 34.142 ms
Download: 10.59 Mbit/s
Upload: 0.85 Mbit/s
Sa 8. Aug 11:45:01 CEST 2015
Ping: 33.44 ms
Download: 10.72 Mbit/s
Upload: 0.87 Mbit/s
Sa 8. Aug 12:45:01 CEST 2015
Ping: 36.778 ms
Download: 10.58 Mbit/s
Upload: 0.87 Mbit/s
Sa 8. Aug 13:45:01 CEST 2015
Ping: 32.361 ms
Download: 21.42 Mbit/s
Upload: 0.87 Mbit/s
Sa 8. Aug 14:45:01 CEST 2015
Ping: 33.563 ms
Download: 21.44 Mbit/s
Upload: 0.87 Mbit/s
Sa 8. Aug 15:45:01 CEST 2015
Ping: 33.131 ms
Download: 21.42 Mbit/s
Upload: 0.85 Mbit/s
Sa 8. Aug 16:45:01 CEST 2015
Ping: 32.402 ms
Download: 21.33 Mbit/s
Upload: 0.83 Mbit/s
Sa 8. Aug 17:45:01 CEST 2015
Ping: 33.123 ms
Download: 21.42 Mbit/s
Upload: 0.85 Mbit/s
Sa 8. Aug 18:45:01 CEST 2015
Failed to retrieve list of speedtest.net servers
Sa 8. Aug 19:45:01 CEST 2015
Ping: 32.714 ms
Download: 21.45 Mbit/s
Upload: 0.87 Mbit/s
Sa 8. Aug 20:45:02 CEST 2015
Ping: 30.99 ms
Download: 21.41 Mbit/s
Upload: 0.85 Mbit/s
Sa 8. Aug 21:45:01 CEST 2015
Ping: 31.507 ms
Download: 21.35 Mbit/s
Upload: 0.87 Mbit/s
Sa 8. Aug 22:45:01 CEST 2015
Ping: 36.482 ms
Download: 21.42 Mbit/s
Upload: 0.87 Mbit/s
Sa 8. Aug 23:45:01 CEST 2015
Ping: 30.782 ms
Download: 21.40 Mbit/s
Upload: 0.87 Mbit/s
So 9. Aug 00:45:01 CEST 2015
Failed to retrieve list of speedtest.net servers
So 9. Aug 01:45:01 CEST 2015
Ping: 34.986 ms
Download: 21.26 Mbit/s
Upload: 0.87 Mbit/s
So 9. Aug 02:45:01 CEST 2015
Ping: 32.436 ms
Download: 21.44 Mbit/s
Upload: 0.88 Mbit/s
So 9. Aug 03:45:01 CEST 2015
Ping: 34.214 ms
Download: 21.45 Mbit/s
Upload: 0.87 Mbit/s
So 9. Aug 04:45:01 CEST 2015
Ping: 31.944 ms
Download: 21.21 Mbit/s
Upload: 0.87 Mbit/s
So 9. Aug 05:45:01 CEST 2015
Ping: 33.212 ms
Download: 21.42 Mbit/s
Upload: 0.88 Mbit/s
So 9. Aug 06:45:01 CEST 2015
Ping: 29.989 ms
Download: 21.36 Mbit/s
Upload: 0.86 Mbit/s
So 9. Aug 07:45:01 CEST 2015
Ping: 33.881 ms
Download: 21.45 Mbit/s
Upload: 0.87 Mbit/s
So 9. Aug 08:45:01 CEST 2015
Ping: 32.848 ms
Download: 21.42 Mbit/s
Upload: 0.88 Mbit/s
So 9. Aug 09:45:01 CEST 2015
Ping: 33.026 ms
Download: 20.99 Mbit/s
Upload: 0.81 Mbit/s
So 9. Aug 10:45:01 CEST 2015
Ping: 34.005 ms
Download: 21.41 Mbit/s
Upload: 0.87 Mbit/s
So 9. Aug 11:45:01 CEST 2015
Ping: 31.115 ms
Download: 21.45 Mbit/s
Upload: 0.87 Mbit/s
So 9. Aug 12:45:01 CEST 2015
Ping: 34.42 ms
Download: 21.45 Mbit/s
Upload: 0.87 Mbit/s
So 9. Aug 13:45:01 CEST 2015
Ping: 32.72 ms
Download: 21.19 Mbit/s
Upload: 0.87 Mbit/s
So 9. Aug 14:45:01 CEST 2015
Ping: 33.043 ms
Download: 21.42 Mbit/s
Upload: 0.87 Mbit/s
So 9. Aug 15:45:01 CEST 2015
Ping: 35.578 ms
Download: 21.45 Mbit/s
Upload: 0.87 Mbit/s
So 9. Aug 16:45:01 CEST 2015
Ping: 33.428 ms
Download: 21.42 Mbit/s
Upload: 0.88 Mbit/s
So 9. Aug 17:45:01 CEST 2015
Ping: 31.36 ms
Download: 21.41 Mbit/s
Upload: 0.87 Mbit/s
So 9. Aug 18:45:01 CEST 2015
Ping: 30.956 ms
Download: 21.39 Mbit/s
Upload: 0.86 Mbit/s
So 9. Aug 19:45:01 CEST 2015
Ping: 32.869 ms
Download: 21.42 Mbit/s
Upload: 0.87 Mbit/s
So 9. Aug 20:45:01 CEST 2015
Ping: 34.831 ms
Download: 21.43 Mbit/s
Upload: 0.88 Mbit/s
So 9. Aug 21:45:01 CEST 2015
Ping: 35.101 ms
Download: 21.37 Mbit/s
Upload: 0.87 Mbit/s
So 9. Aug 22:45:01 CEST 2015
Ping: 31.078 ms
Download: 21.42 Mbit/s
Upload: 0.87 Mbit/s
So 9. Aug 23:45:01 CEST 2015
Ping: 34.602 ms
Download: 21.46 Mbit/s
Upload: 0.87 Mbit/s
Mo 10. Aug 00:45:01 CEST 2015
Ping: 32.566 ms
Download: 21.42 Mbit/s
Upload: 0.87 Mbit/s
Mo 10. Aug 01:45:01 CEST 2015
Ping: 34.426 ms
Download: 21.42 Mbit/s
Upload: 0.87 Mbit/s
Mo 10. Aug 02:45:01 CEST 2015
Ping: 32.873 ms
Download: 21.42 Mbit/s
Upload: 0.87 Mbit/s
Mo 10. Aug 03:45:01 CEST 2015
Ping: 31.63 ms
Download: 21.45 Mbit/s
Upload: 0.87 Mbit/s
Mo 10. Aug 04:45:01 CEST 2015
Ping: 32.777 ms
Download: 21.46 Mbit/s
Upload: 0.87 Mbit/s
Mo 10. Aug 05:45:01 CEST 2015
Ping: 32.817 ms
Download: 21.46 Mbit/s
Upload: 0.87 Mbit/s
Mo 10. Aug 06:45:01 CEST 2015
Ping: 30.396 ms
Download: 21.42 Mbit/s
Upload: 0.87 Mbit/s
Mo 10. Aug 07:45:01 CEST 2015
Ping: 33.922 ms
Download: 21.38 Mbit/s
Upload: 0.88 Mbit/s
Mo 10. Aug 08:45:01 CEST 2015
Ping: 31.713 ms
Download: 21.42 Mbit/s
Upload: 0.87 Mbit/s
Mo 10. Aug 09:45:02 CEST 2015
Ping: 34.41 ms
Download: 21.46 Mbit/s
Upload: 0.87 Mbit/s
Mo 10. Aug 10:45:01 CEST 2015
Ping: 19.21 ms
Download: 21.63 Mbit/s
Upload: 0.88 Mbit/s
Mo 10. Aug 11:45:01 CEST 2015
Ping: 20.488 ms
Download: 21.63 Mbit/s
Upload: 0.88 Mbit/s
Mo 10. Aug 12:45:01 CEST 2015
Ping: 19.839 ms
Download: 21.60 Mbit/s
Upload: 0.80 Mbit/s
Mo 10. Aug 13:45:01 CEST 2015
Ping: 18.089 ms
Download: 21.63 Mbit/s
Upload: 0.89 Mbit/s
Mo 10. Aug 14:45:01 CEST 2015
Ping: 19.443 ms
Download: 21.64 Mbit/s
Upload: 0.88 Mbit/s
Mo 10. Aug 15:45:01 CEST 2015
Ping: 19.436 ms
Download: 21.63 Mbit/s
Upload: 0.88 Mbit/s
Mo 10. Aug 16:45:01 CEST 2015
Ping: 19.094 ms
Download: 21.60 Mbit/s
Upload: 0.88 Mbit/s
Mo 10. Aug 17:45:01 CEST 2015
Ping: 19.462 ms
Download: 21.64 Mbit/s
Upload: 0.84 Mbit/s
Mo 10. Aug 18:45:01 CEST 2015
Ping: 20.86 ms
Download: 21.63 Mbit/s
Upload: 0.89 Mbit/s
Mo 10. Aug 19:45:01 CEST 2015
Ping: 19.906 ms
Download: 21.64 Mbit/s
Upload: 0.89 Mbit/s
Mo 10. Aug 20:45:01 CEST 2015
Ping: 19.462 ms
Download: 21.63 Mbit/s
Upload: 0.88 Mbit/s
Mo 10. Aug 21:45:01 CEST 2015
Ping: 20.776 ms
Download: 21.56 Mbit/s
Upload: 0.88 Mbit/s
Mo 10. Aug 22:45:01 CEST 2015
Ping: 18.301 ms
Download: 21.63 Mbit/s
Upload: 0.88 Mbit/s
Mo 10. Aug 23:45:01 CEST 2015
Ping: 19.095 ms
Download: 21.63 Mbit/s
Upload: 0.85 Mbit/s
Di 11. Aug 00:45:01 CEST 2015
Ping: 20.351 ms
Download: 21.63 Mbit/s
Upload: 0.88 Mbit/s
Di 11. Aug 01:45:01 CEST 2015
Ping: 19.451 ms
Download: 21.63 Mbit/s
Upload: 0.88 Mbit/s
Di 11. Aug 02:45:01 CEST 2015
Ping: 19.567 ms
Download: 21.60 Mbit/s
Upload: 0.88 Mbit/s
Di 11. Aug 03:45:01 CEST 2015
Failed to retrieve list of speedtest.net servers
Di 11. Aug 04:45:01 CEST 2015
Failed to retrieve list of speedtest.net servers
Di 11. Aug 05:45:01 CEST 2015
Ping: 20.646 ms
Download: 21.63 Mbit/s
Upload: 0.89 Mbit/s
Di 11. Aug 06:45:01 CEST 2015
Ping: 20.881 ms
Download: 21.63 Mbit/s
Upload: 0.86 Mbit/s
Di 11. Aug 07:45:01 CEST 2015
Ping: 18.784 ms
Download: 21.63 Mbit/s
Upload: 0.88 Mbit/s
Di 11. Aug 08:45:01 CEST 2015
Ping: 19.439 ms
Download: 21.62 Mbit/s
Upload: 0.85 Mbit/s
Di 11. Aug 09:45:01 CEST 2015
Ping: 21.291 ms
Download: 21.60 Mbit/s
Upload: 0.88 Mbit/s
Di 11. Aug 10:45:01 CEST 2015
Ping: 19.438 ms
Download: 21.63 Mbit/s
Upload: 0.88 Mbit/s
Di 11. Aug 11:45:02 CEST 2015
Ping: 21.112 ms
Download: 21.55 Mbit/s
Upload: 0.87 Mbit/s
Di 11. Aug 12:45:01 CEST 2015
Ping: 19.437 ms
Download: 21.64 Mbit/s
Upload: 0.87 Mbit/s
Di 11. Aug 13:45:01 CEST 2015
Ping: 19.137 ms
Download: 21.63 Mbit/s
Upload: 0.89 Mbit/s
Di 11. Aug 14:45:01 CEST 2015
Ping: 20.374 ms
Download: 21.64 Mbit/s
Upload: 0.88 Mbit/s
Di 11. Aug 15:45:01 CEST 2015
Ping: 20.454 ms
Download: 21.63 Mbit/s
Upload: 0.88 Mbit/s
Di 11. Aug 16:45:01 CEST 2015
Ping: 18.109 ms
Download: 21.64 Mbit/s
Upload: 0.88 Mbit/s
Di 11. Aug 17:45:02 CEST 2015
Ping: 19.578 ms
Download: 21.63 Mbit/s
Upload: 0.88 Mbit/s
Di 11. Aug 18:45:01 CEST 2015
Ping: 19.431 ms
Download: 21.60 Mbit/s
Upload: 0.88 Mbit/s
Di 11. Aug 19:45:01 CEST 2015
Ping: 19.414 ms
Download: 21.63 Mbit/s
Upload: 0.86 Mbit/s
Di 11. Aug 20:45:01 CEST 2015
Ping: 20.588 ms
Download: 21.56 Mbit/s
Upload: 0.86 Mbit/s
Di 11. Aug 21:45:01 CEST 2015
Ping: 20.309 ms
Download: 21.62 Mbit/s
Upload: 0.88 Mbit/s
Di 11. Aug 22:45:01 CEST 2015
Ping: 19.454 ms
Download: 21.62 Mbit/s
Upload: 0.86 Mbit/s
Di 11. Aug 23:45:01 CEST 2015
Ping: 21.027 ms
Download: 21.60 Mbit/s
Upload: 0.89 Mbit/s
Mi 12. Aug 00:45:01 CEST 2015
Ping: 19.421 ms
Download: 21.64 Mbit/s
Upload: 0.89 Mbit/s
Mi 12. Aug 01:45:01 CEST 2015
Ping: 18.017 ms
Download: 21.63 Mbit/s
Upload: 0.88 Mbit/s
Mi 12. Aug 02:45:02 CEST 2015
Ping: 18.904 ms
Download: 21.63 Mbit/s
Upload: 0.89 Mbit/s
Mi 12. Aug 03:45:01 CEST 2015
Ping: 19.267 ms
Download: 21.61 Mbit/s
Upload: 0.88 Mbit/s
Mi 12. Aug 04:45:01 CEST 2015
Ping: 19.475 ms
Download: 21.63 Mbit/s
Upload: 0.89 Mbit/s
Mi 12. Aug 05:45:01 CEST 2015
Ping: 20.539 ms
Download: 21.60 Mbit/s
Upload: 0.88 Mbit/s
Mi 12. Aug 06:45:01 CEST 2015
Ping: 19.447 ms
Download: 21.63 Mbit/s
Upload: 0.88 Mbit/s
Mi 12. Aug 07:45:01 CEST 2015
Ping: 18.443 ms
Download: 21.59 Mbit/s
Upload: 0.89 Mbit/s
Mi 12. Aug 08:45:01 CEST 2015
Ping: 20.036 ms
Download: 21.65 Mbit/s
Upload: 0.88 Mbit/s
Mi 12. Aug 09:45:01 CEST 2015
Ping: 18.801 ms
Download: 21.51 Mbit/s
Upload: 0.85 Mbit/s
Mi 12. Aug 10:45:01 CEST 2015
Ping: 19.451 ms
Download: 21.63 Mbit/s
Upload: 0.85 Mbit/s
Mi 12. Aug 11:45:01 CEST 2015
Ping: 19.584 ms
Download: 21.60 Mbit/s
Upload: 0.87 Mbit/s
Mi 12. Aug 12:45:01 CEST 2015
Ping: 22.122 ms
Download: 21.62 Mbit/s
Upload: 0.88 Mbit/s
Mi 12. Aug 13:45:01 CEST 2015
Ping: 20.533 ms
Download: 21.61 Mbit/s
Upload: 0.88 Mbit/s
Mi 12. Aug 14:45:01 CEST 2015
Ping: 21.102 ms
Download: 21.63 Mbit/s
Upload: 0.88 Mbit/s
Mi 12. Aug 15:45:02 CEST 2015
Ping: 20.177 ms
Download: 21.64 Mbit/s
Upload: 0.88 Mbit/s
Mi 12. Aug 16:45:01 CEST 2015
Ping: 18.412 ms
Download: 21.60 Mbit/s
Upload: 0.89 Mbit/s
Mi 12. Aug 17:45:01 CEST 2015
Failed to retrieve list of speedtest.net servers
Mi 12. Aug 18:45:01 CEST 2015
Ping: 19.44 ms
Download: 21.63 Mbit/s
Upload: 0.88 Mbit/s
Mi 12. Aug 19:45:01 CEST 2015
Ping: 19.789 ms
Download: 21.60 Mbit/s
Upload: 0.89 Mbit/s
Mi 12. Aug 20:45:01 CEST 2015
Ping: 22.105 ms
Download: 21.64 Mbit/s
Upload: 0.88 Mbit/s
Mi 12. Aug 21:45:01 CEST 2015
Ping: 20.756 ms
Download: 21.64 Mbit/s
Upload: 0.88 Mbit/s
Mi 12. Aug 22:45:01 CEST 2015
Ping: 17.786 ms
Download: 21.59 Mbit/s
Upload: 0.88 Mbit/s
Mi 12. Aug 23:45:01 CEST 2015
Ping: 19.586 ms
Download: 21.63 Mbit/s
Upload: 0.88 Mbit/s
Do 13. Aug 00:45:01 CEST 2015
Ping: 18.86 ms
Download: 21.64 Mbit/s
Upload: 0.86 Mbit/s
Do 13. Aug 01:45:01 CEST 2015
Ping: 19.506 ms
Download: 21.64 Mbit/s
Upload: 0.89 Mbit/s
Do 13. Aug 02:45:01 CEST 2015
Ping: 19.066 ms
Download: 21.63 Mbit/s
Upload: 0.60 Mbit/s
Do 13. Aug 03:45:01 CEST 2015
Ping: 19.14 ms
Download: 21.63 Mbit/s
Upload: 0.88 Mbit/s
Do 13. Aug 04:45:01 CEST 2015
Ping: 19.381 ms
Download: 21.63 Mbit/s
Upload: 0.88 Mbit/s
Do 13. Aug 05:45:01 CEST 2015
Ping: 18.747 ms
Download: 21.63 Mbit/s
Upload: 0.89 Mbit/s
Do 13. Aug 06:45:01 CEST 2015
Ping: 19.445 ms
Download: 21.63 Mbit/s
Upload: 0.89 Mbit/s
Do 13. Aug 07:45:01 CEST 2015
Ping: 18.638 ms
Download: 21.63 Mbit/s
Upload: 0.88 Mbit/s
Do 13. Aug 08:45:01 CEST 2015
Ping: 19.448 ms
Download: 21.64 Mbit/s
Upload: 0.88 Mbit/s
Do 13. Aug 09:45:01 CEST 2015
Ping: 17.6 ms
Download: 21.63 Mbit/s
Upload: 0.89 Mbit/s
Do 13. Aug 10:45:01 CEST 2015
Failed to retrieve list of speedtest.net servers
Do 13. Aug 11:45:01 CEST 2015
Ping: 19.086 ms
Download: 21.60 Mbit/s
Upload: 0.87 Mbit/s
Do 13. Aug 12:45:01 CEST 2015
Ping: 19.402 ms
Download: 20.96 Mbit/s
Upload: 0.81 Mbit/s
Do 13. Aug 13:45:01 CEST 2015
Failed to retrieve list of speedtest.net servers
Do 13. Aug 14:45:01 CEST 2015
Ping: 19.626 ms
Download: 21.64 Mbit/s
Upload: 0.87 Mbit/s
Do 13. Aug 15:45:01 CEST 2015
Ping: 19.384 ms
Download: 21.65 Mbit/s
Upload: 0.73 Mbit/s
Do 13. Aug 16:45:01 CEST 2015
Ping: 19.429 ms
Download: 21.64 Mbit/s
Upload: 0.80 Mbit/s
Do 13. Aug 17:45:01 CEST 2015
Failed to retrieve list of speedtest.net servers
Do 13. Aug 18:45:01 CEST 2015
Ping: 17.435 ms
Download: 21.60 Mbit/s
Upload: 0.88 Mbit/s
Do 13. Aug 19:45:01 CEST 2015
Ping: 26.571 ms
Download: 19.73 Mbit/s
Upload: 0.76 Mbit/s
Do 13. Aug 20:45:01 CEST 2015
Ping: 18.427 ms
Download: 21.63 Mbit/s
Upload: 0.85 Mbit/s
Do 13. Aug 21:45:01 CEST 2015
Ping: 18.803 ms
Download: 21.50 Mbit/s
Upload: 0.87 Mbit/s
Do 13. Aug 22:45:01 CEST 2015
Ping: 19.414 ms
Download: 21.61 Mbit/s
Upload: 0.73 Mbit/s
Do 13. Aug 23:45:01 CEST 2015
Ping: 20.296 ms
Download: 21.56 Mbit/s
Upload: 0.81 Mbit/s
Fr 14. Aug 00:45:01 CEST 2015
Ping: 18.54 ms
Download: 21.60 Mbit/s
Upload: 0.89 Mbit/s
Fr 14. Aug 01:45:01 CEST 2015
Ping: 20.769 ms
Download: 21.63 Mbit/s
Upload: 0.81 Mbit/s
Fr 14. Aug 02:45:01 CEST 2015
Ping: 21.107 ms
Download: 21.63 Mbit/s
Upload: 0.86 Mbit/s
Fr 14. Aug 03:45:01 CEST 2015
Ping: 16.304 ms
Download: 21.64 Mbit/s
Upload: 0.88 Mbit/s
Fr 14. Aug 04:45:01 CEST 2015
Ping: 20.951 ms
Download: 21.65 Mbit/s
Upload: 0.88 Mbit/s
Fr 14. Aug 05:45:01 CEST 2015
Ping: 19.666 ms
Download: 21.63 Mbit/s
Upload: 0.89 Mbit/s
Fr 14. Aug 06:45:01 CEST 2015
Ping: 19.442 ms
Download: 21.63 Mbit/s
Upload: 0.85 Mbit/s
Fr 14. Aug 07:45:01 CEST 2015
Ping: 19.446 ms
Download: 21.63 Mbit/s
Upload: 0.88 Mbit/s
Fr 14. Aug 08:45:01 CEST 2015
Ping: 19.559 ms
Download: 21.64 Mbit/s
Upload: 0.88 Mbit/s
Fr 14. Aug 09:45:01 CEST 2015
Ping: 20.262 ms
Download: 21.64 Mbit/s
Upload: 0.88 Mbit/s
Fr 14. Aug 10:45:01 CEST 2015
Ping: 20.415 ms
Download: 21.62 Mbit/s
Upload: 0.88 Mbit/s
Fr 14. Aug 11:45:01 CEST 2015
Ping: 20.14 ms
Download: 21.65 Mbit/s
Upload: 0.88 Mbit/s
Fr 14. Aug 12:45:01 CEST 2015
Ping: 17.948 ms
Download: 21.60 Mbit/s
Upload: 0.88 Mbit/s
Fr 14. Aug 13:45:01 CEST 2015
Ping: 18.956 ms
Download: 19.07 Mbit/s
Upload: 0.72 Mbit/s
Fr 14. Aug 14:45:01 CEST 2015
Ping: 19.716 ms
Download: 20.68 Mbit/s
Upload: 0.84 Mbit/s
Fr 14. Aug 15:45:01 CEST 2015
Ping: 19.776 ms
Download: 21.63 Mbit/s
Upload: 0.89 Mbit/s
Fr 14. Aug 16:45:01 CEST 2015
Ping: 19.02 ms
Download: 21.56 Mbit/s
Upload: 0.87 Mbit/s
Fr 14. Aug 17:45:01 CEST 2015
Ping: 20.779 ms
Download: 21.63 Mbit/s
Upload: 0.87 Mbit/s
Fr 14. Aug 18:45:01 CEST 2015
Ping: 20.378 ms
Download: 21.59 Mbit/s
Upload: 0.89 Mbit/s
Fr 14. Aug 19:45:01 CEST 2015
Ping: 19.171 ms
Download: 21.44 Mbit/s
Upload: 0.88 Mbit/s
Fr 14. Aug 20:45:01 CEST 2015
Ping: 20.476 ms
Download: 21.63 Mbit/s
Upload: 0.86 Mbit/s
Fr 14. Aug 21:45:01 CEST 2015
Ping: 18.523 ms
Download: 21.63 Mbit/s
Upload: 0.88 Mbit/s
Fr 14. Aug 22:45:01 CEST 2015
Ping: 18.562 ms
Download: 21.61 Mbit/s
Upload: 0.86 Mbit/s
Fr 14. Aug 23:45:02 CEST 2015
Ping: 19.872 ms
Download: 21.60 Mbit/s
Upload: 0.88 Mbit/s
Sa 15. Aug 00:45:01 CEST 2015
Ping: 19.465 ms
Download: 21.64 Mbit/s
Upload: 0.85 Mbit/s
Sa 15. Aug 01:45:01 CEST 2015
Ping: 18.393 ms
Download: 21.56 Mbit/s
Upload: 0.88 Mbit/s
Sa 15. Aug 02:45:01 CEST 2015
Ping: 21.099 ms
Download: 21.64 Mbit/s
Upload: 0.85 Mbit/s
Sa 15. Aug 03:45:01 CEST 2015
Ping: 19.432 ms
Download: 21.63 Mbit/s
Upload: 0.88 Mbit/s
Sa 15. Aug 04:45:01 CEST 2015
Ping: 19.438 ms
Download: 21.63 Mbit/s
Upload: 0.88 Mbit/s
Sa 15. Aug 05:45:01 CEST 2015
Ping: 20.251 ms
Download: 21.64 Mbit/s
Upload: 0.86 Mbit/s
Sa 15. Aug 06:45:01 CEST 2015
Ping: 20.805 ms
Download: 21.63 Mbit/s
Upload: 0.89 Mbit/s
Sa 15. Aug 07:45:01 CEST 2015
Ping: 19.347 ms
Download: 21.63 Mbit/s
Upload: 0.88 Mbit/s
Sa 15. Aug 08:45:01 CEST 2015
Ping: 19.444 ms
Download: 21.63 Mbit/s
Upload: 0.75 Mbit/s
Sa 15. Aug 09:45:01 CEST 2015
Ping: 19.277 ms
Download: 21.63 Mbit/s
Upload: 0.88 Mbit/s
Sa 15. Aug 10:45:01 CEST 2015
Ping: 19.445 ms
Download: 21.64 Mbit/s
Upload: 0.89 Mbit/s
Sa 15. Aug 11:45:01 CEST 2015
Ping: 19.605 ms
Download: 21.63 Mbit/s
Upload: 0.88 Mbit/s
Sa 15. Aug 12:45:01 CEST 2015
Ping: 20.773 ms
Download: 21.63 Mbit/s
Upload: 0.87 Mbit/s
Sa 15. Aug 13:45:01 CEST 2015
Ping: 21.248 ms
Download: 21.63 Mbit/s
Upload: 0.83 Mbit/s
Sa 15. Aug 14:45:01 CEST 2015
Ping: 21.498 ms
Download: 21.61 Mbit/s
Upload: 0.88 Mbit/s
Sa 15. Aug 15:45:01 CEST 2015
Ping: 20.763 ms
Download: 21.53 Mbit/s
Upload: 0.82 Mbit/s
Sa 15. Aug 16:45:01 CEST 2015
Ping: 19.549 ms
Download: 21.60 Mbit/s
Upload: 0.88 Mbit/s
Sa 15. Aug 17:45:01 CEST 2015
Ping: 19.392 ms
Download: 21.56 Mbit/s
Upload: 0.79 Mbit/s
Sa 15. Aug 18:45:01 CEST 2015
Ping: 19.753 ms
Download: 21.55 Mbit/s
Upload: 0.88 Mbit/s
Sa 15. Aug 19:45:01 CEST 2015
Ping: 19.445 ms
Download: 21.63 Mbit/s
Upload: 0.88 Mbit/s
Sa 15. Aug 20:45:01 CEST 2015
Ping: 20.781 ms
Download: 21.63 Mbit/s
Upload: 0.88 Mbit/s
Sa 15. Aug 21:45:01 CEST 2015
Ping: 20.455 ms
Download: 18.54 Mbit/s
Upload: 0.87 Mbit/s
Sa 15. Aug 22:45:01 CEST 2015
Ping: 18.001 ms
Download: 21.51 Mbit/s
Upload: 0.87 Mbit/s
Sa 15. Aug 23:45:01 CEST 2015
Ping: 18.875 ms
Download: 19.13 Mbit/s
Upload: 0.79 Mbit/s
So 16. Aug 00:45:02 CEST 2015
Ping: 19.757 ms
Download: 21.64 Mbit/s
Upload: 0.89 Mbit/s
So 16. Aug 01:45:01 CEST 2015
Ping: 16.508 ms
Download: 21.63 Mbit/s
Upload: 0.81 Mbit/s
So 16. Aug 02:45:01 CEST 2015
Ping: 19.971 ms
Download: 21.63 Mbit/s
Upload: 0.88 Mbit/s
So 16. Aug 03:45:01 CEST 2015
Ping: 19.467 ms
Download: 21.63 Mbit/s
Upload: 0.88 Mbit/s
So 16. Aug 04:45:01 CEST 2015
Ping: 18.58 ms
Download: 21.63 Mbit/s
Upload: 0.88 Mbit/s
So 16. Aug 05:45:02 CEST 2015
Ping: 21.122 ms
Download: 21.63 Mbit/s
Upload: 0.88 Mbit/s
So 16. Aug 06:45:01 CEST 2015
Ping: 19.176 ms
Download: 21.61 Mbit/s
Upload: 0.88 Mbit/s
So 16. Aug 07:45:01 CEST 2015
Ping: 19.442 ms
Download: 21.60 Mbit/s
Upload: 0.88 Mbit/s
So 16. Aug 08:45:01 CEST 2015
Ping: 18.006 ms
Download: 21.36 Mbit/s
Upload: 0.85 Mbit/s
So 16. Aug 09:45:01 CEST 2015
Ping: 19.422 ms
Download: 21.62 Mbit/s
Upload: 0.88 Mbit/s
So 16. Aug 10:45:01 CEST 2015
Ping: 19.439 ms
Download: 21.56 Mbit/s
Upload: 0.85 Mbit/s
So 16. Aug 11:45:02 CEST 2015
Ping: 19.46 ms
Download: 21.63 Mbit/s
Upload: 0.88 Mbit/s
So 16. Aug 12:45:01 CEST 2015
Ping: 18.109 ms
Download: 21.64 Mbit/s
Upload: 0.88 Mbit/s
So 16. Aug 13:45:01 CEST 2015
Failed to retrieve list of speedtest.net servers
So 16. Aug 14:45:01 CEST 2015
Ping: 21.88 ms
Download: 21.61 Mbit/s
Upload: 0.88 Mbit/s
So 16. Aug 15:45:02 CEST 2015
Ping: 25.641 ms
Download: 21.62 Mbit/s
Upload: 0.88 Mbit/s
So 16. Aug 16:45:01 CEST 2015
Ping: 37.154 ms
Download: 21.45 Mbit/s
Upload: 0.88 Mbit/s
So 16. Aug 17:45:01 CEST 2015
Ping: 19.138 ms
Download: 21.60 Mbit/s
Upload: 0.88 Mbit/s
So 16. Aug 18:45:01 CEST 2015
Ping: 19.669 ms
Download: 21.62 Mbit/s
Upload: 0.88 Mbit/s
So 16. Aug 19:45:01 CEST 2015
Ping: 22.439 ms
Download: 21.15 Mbit/s
Upload: 0.85 Mbit/s
So 16. Aug 20:45:01 CEST 2015
Ping: 22.317 ms
Download: 21.63 Mbit/s
Upload: 0.88 Mbit/s
So 16. Aug 21:45:01 CEST 2015
Ping: 19.433 ms
Download: 21.62 Mbit/s
Upload: 0.88 Mbit/s
So 16. Aug 22:45:01 CEST 2015
Ping: 19.458 ms
Download: 21.63 Mbit/s
Upload: 0.85 Mbit/s
So 16. Aug 23:45:01 CEST 2015
Ping: 19.438 ms
Download: 21.60 Mbit/s
Upload: 0.86 Mbit/s
Mo 17. Aug 00:45:01 CEST 2015
Ping: 20.648 ms
Download: 21.65 Mbit/s
Upload: 0.89 Mbit/s
Mo 17. Aug 01:45:01 CEST 2015
Ping: 20.791 ms
Download: 21.62 Mbit/s
Upload: 0.87 Mbit/s
Mo 17. Aug 02:45:01 CEST 2015
Ping: 19.431 ms
Download: 21.63 Mbit/s
Upload: 0.88 Mbit/s
Mo 17. Aug 03:45:01 CEST 2015
Ping: 19.424 ms
Download: 21.63 Mbit/s
Upload: 0.86 Mbit/s
Mo 17. Aug 04:45:01 CEST 2015
Ping: 19.433 ms
Download: 20.96 Mbit/s
Upload: 0.88 Mbit/s
Mo 17. Aug 05:45:01 CEST 2015
Ping: 19.45 ms
Download: 21.63 Mbit/s
Upload: 0.88 Mbit/s
Mo 17. Aug 06:45:01 CEST 2015
Ping: 18.052 ms
Download: 21.62 Mbit/s
Upload: 0.89 Mbit/s
Mo 17. Aug 07:45:01 CEST 2015
Ping: 20.084 ms
Download: 21.64 Mbit/s
Upload: 0.88 Mbit/s
Mo 17. Aug 08:45:01 CEST 2015
Ping: 18.123 ms
Download: 21.16 Mbit/s
Upload: 0.88 Mbit/s
Mo 17. Aug 09:45:01 CEST 2015
Ping: 20.281 ms
Download: 21.60 Mbit/s
Upload: 0.85 Mbit/s
Mo 17. Aug 10:45:01 CEST 2015
Ping: 18.837 ms
Download: 21.48 Mbit/s
Upload: 0.88 Mbit/s
Mo 17. Aug 11:45:01 CEST 2015
Ping: 19.387 ms
Download: 20.81 Mbit/s
Upload: 0.88 Mbit/s
Mo 17. Aug 12:45:01 CEST 2015
Ping: 20.243 ms
Download: 21.63 Mbit/s
Upload: 0.86 Mbit/s
Mo 17. Aug 13:45:01 CEST 2015
Ping: 19.855 ms
Download: 21.29 Mbit/s
Upload: 0.83 Mbit/s
Mo 17. Aug 14:45:01 CEST 2015
Ping: 19.169 ms
Download: 21.01 Mbit/s
Upload: 0.88 Mbit/s
Mo 17. Aug 15:45:01 CEST 2015
Ping: 17.251 ms
Download: 21.63 Mbit/s
Upload: 0.88 Mbit/s
Mo 17. Aug 16:45:01 CEST 2015
Ping: 19.439 ms
Download: 21.64 Mbit/s
Upload: 0.89 Mbit/s
Mo 17. Aug 17:45:01 CEST 2015
Ping: 19.424 ms
Download: 21.63 Mbit/s
Upload: 0.86 Mbit/s
Mo 17. Aug 18:45:01 CEST 2015
Ping: 18.258 ms
Download: 21.53 Mbit/s
Upload: 0.84 Mbit/s
Mo 17. Aug 19:45:01 CEST 2015
Ping: 20.098 ms
Download: 21.62 Mbit/s
Upload: 0.87 Mbit/s
Mo 17. Aug 20:45:01 CEST 2015
Ping: 19.741 ms
Download: 21.64 Mbit/s
Upload: 0.83 Mbit/s
Mo 17. Aug 21:45:01 CEST 2015
Ping: 19.432 ms
Download: 21.60 Mbit/s
Upload: 0.88 Mbit/s
Mo 17. Aug 22:45:01 CEST 2015
Ping: 20.602 ms
Download: 21.63 Mbit/s
Upload: 0.88 Mbit/s
Mo 17. Aug 23:45:01 CEST 2015
Ping: 20.88 ms
Download: 21.60 Mbit/s
Upload: 0.89 Mbit/s
Di 18. Aug 00:45:01 CEST 2015
Ping: 17.963 ms
Download: 21.65 Mbit/s
Upload: 0.88 Mbit/s
Di 18. Aug 01:45:01 CEST 2015
Ping: 19.444 ms
Download: 21.63 Mbit/s
Upload: 0.89 Mbit/s
Di 18. Aug 02:45:01 CEST 2015
Ping: 19.446 ms
Download: 21.63 Mbit/s
Upload: 0.86 Mbit/s
Di 18. Aug 03:45:01 CEST 2015
Ping: 20.032 ms
Download: 21.64 Mbit/s
Upload: 0.88 Mbit/s
Di 18. Aug 04:45:01 CEST 2015
Ping: 19.345 ms
Download: 21.64 Mbit/s
Upload: 0.89 Mbit/s
Di 18. Aug 05:45:01 CEST 2015
Ping: 19.42 ms
Download: 21.64 Mbit/s
Upload: 0.88 Mbit/s
Di 18. Aug 06:45:01 CEST 2015
Ping: 19.424 ms
Download: 21.63 Mbit/s
Upload: 0.88 Mbit/s
Di 18. Aug 07:45:01 CEST 2015
Ping: 20.567 ms
Download: 21.64 Mbit/s
Upload: 0.89 Mbit/s
Di 18. Aug 08:45:01 CEST 2015
Ping: 19.441 ms
Download: 21.60 Mbit/s
Upload: 0.85 Mbit/s
Di 18. Aug 09:45:01 CEST 2015
Ping: 18.733 ms
Download: 21.63 Mbit/s
Upload: 0.85 Mbit/s
Di 18. Aug 10:45:01 CEST 2015
Ping: 19.446 ms
Download: 21.39 Mbit/s
Upload: 0.87 Mbit/s
Di 18. Aug 11:45:01 CEST 2015
Ping: 28.043 ms
Download: 15.87 Mbit/s
Upload: 0.52 Mbit/s
Di 18. Aug 12:45:01 CEST 2015
Ping: 19.062 ms
Download: 21.60 Mbit/s
Upload: 0.88 Mbit/s
Di 18. Aug 13:45:01 CEST 2015
Ping: 20.312 ms
Download: 21.62 Mbit/s
Upload: 0.88 Mbit/s
Di 18. Aug 14:45:01 CEST 2015
Ping: 19.442 ms
Download: 21.59 Mbit/s
Upload: 0.84 Mbit/s
Di 18. Aug 15:45:01 CEST 2015
Ping: 19.444 ms
Download: 21.63 Mbit/s
Upload: 0.82 Mbit/s
Di 18. Aug 16:45:01 CEST 2015
Ping: 19.456 ms
Download: 21.63 Mbit/s
Upload: 0.87 Mbit/s
Di 18. Aug 17:45:01 CEST 2015
Ping: 19.445 ms
Download: 21.47 Mbit/s
Upload: 0.88 Mbit/s
Di 18. Aug 18:45:01 CEST 2015
Ping: 19.805 ms
Download: 21.57 Mbit/s
Upload: 0.88 Mbit/s
Di 18. Aug 19:45:01 CEST 2015
Ping: 21.1 ms
Download: 21.62 Mbit/s
Upload: 0.88 Mbit/s
Di 18. Aug 20:45:01 CEST 2015
Ping: 20.498 ms
Download: 21.60 Mbit/s
Upload: 0.89 Mbit/s
Di 18. Aug 21:45:01 CEST 2015
Ping: 19.454 ms
Download: 21.57 Mbit/s
Upload: 0.86 Mbit/s
Di 18. Aug 22:45:01 CEST 2015
Ping: 19.465 ms
Download: 21.63 Mbit/s
Upload: 0.88 Mbit/s
Di 18. Aug 23:45:01 CEST 2015
Ping: 19.433 ms
Download: 21.60 Mbit/s
Upload: 0.88 Mbit/s
Mi 19. Aug 00:45:01 CEST 2015
Ping: 20.329 ms
Download: 21.64 Mbit/s
Upload: 0.79 Mbit/s
Mi 19. Aug 01:45:01 CEST 2015
Ping: 20.837 ms
Download: 21.60 Mbit/s
Upload: 0.88 Mbit/s
Mi 19. Aug 02:45:01 CEST 2015
Ping: 18.358 ms
Download: 21.62 Mbit/s
Upload: 0.88 Mbit/s
Mi 19. Aug 03:45:01 CEST 2015
Ping: 19.151 ms
Download: 21.64 Mbit/s
Upload: 0.88 Mbit/s
Mi 19. Aug 04:45:01 CEST 2015
Ping: 19.434 ms
Download: 21.63 Mbit/s
Upload: 0.84 Mbit/s
Mi 19. Aug 05:45:01 CEST 2015
Ping: 19.429 ms
Download: 21.07 Mbit/s
Upload: 0.88 Mbit/s
Mi 19. Aug 06:45:01 CEST 2015
Ping: 19.374 ms
Download: 21.63 Mbit/s
Upload: 0.88 Mbit/s
Mi 19. Aug 07:45:01 CEST 2015
Ping: 19.435 ms
Download: 21.64 Mbit/s
Upload: 0.88 Mbit/s
Mi 19. Aug 08:45:01 CEST 2015
Ping: 19.414 ms
Download: 21.59 Mbit/s
Upload: 0.85 Mbit/s
Mi 19. Aug 09:45:01 CEST 2015
Ping: 19.769 ms
Download: 21.62 Mbit/s
Upload: 0.88 Mbit/s
Mi 19. Aug 10:45:01 CEST 2015
Ping: 20.787 ms
Download: 21.57 Mbit/s
Upload: 0.88 Mbit/s
Mi 19. Aug 11:45:01 CEST 2015
Ping: 19.694 ms
Download: 21.62 Mbit/s
Upload: 0.87 Mbit/s
Mi 19. Aug 12:45:02 CEST 2015
Ping: 17.927 ms
Download: 21.62 Mbit/s
Upload: 0.89 Mbit/s
Mi 19. Aug 13:45:01 CEST 2015
Ping: 19.456 ms
Download: 21.48 Mbit/s
Upload: 0.88 Mbit/s
Mi 19. Aug 14:45:01 CEST 2015
Ping: 19.444 ms
Download: 21.60 Mbit/s
Upload: 0.88 Mbit/s
Mi 19. Aug 15:45:01 CEST 2015
Ping: 19.227 ms
Download: 21.63 Mbit/s
Upload: 0.89 Mbit/s
Mi 19. Aug 16:45:01 CEST 2015
Ping: 21.049 ms
Download: 21.64 Mbit/s
Upload: 0.89 Mbit/s
Mi 19. Aug 17:45:01 CEST 2015
Ping: 19.443 ms
Download: 21.63 Mbit/s
Upload: 0.88 Mbit/s
Mi 19. Aug 18:45:01 CEST 2015
Ping: 20.85 ms
Download: 21.60 Mbit/s
Upload: 0.89 Mbit/s
Mi 19. Aug 19:45:01 CEST 2015
Ping: 24.789 ms
Download: 21.60 Mbit/s
Upload: 0.89 Mbit/s
Mi 19. Aug 20:45:01 CEST 2015
Ping: 19.541 ms
Download: 21.60 Mbit/s
Upload: 0.84 Mbit/s
Mi 19. Aug 21:45:02 CEST 2015
Ping: 31.435 ms
Download: 21.57 Mbit/s
Upload: 0.88 Mbit/s
Mi 19. Aug 22:45:01 CEST 2015
Ping: 19.536 ms
Download: 21.62 Mbit/s
Upload: 0.88 Mbit/s
Mi 19. Aug 23:45:01 CEST 2015
Ping: 18.106 ms
Download: 21.62 Mbit/s
Upload: 0.75 Mbit/s
Do 20. Aug 00:45:01 CEST 2015
Ping: 17.837 ms
Download: 21.63 Mbit/s
Upload: 0.88 Mbit/s
Do 20. Aug 01:45:01 CEST 2015
Ping: 18.75 ms
Download: 21.63 Mbit/s
Upload: 0.86 Mbit/s
Do 20. Aug 02:45:01 CEST 2015
Ping: 18.522 ms
Download: 21.60 Mbit/s
Upload: 0.86 Mbit/s
Do 20. Aug 03:45:01 CEST 2015
Ping: 18.271 ms
Download: 21.64 Mbit/s
Upload: 0.86 Mbit/s
Do 20. Aug 04:45:01 CEST 2015
Ping: 20.759 ms
Download: 21.64 Mbit/s
Upload: 0.86 Mbit/s
Do 20. Aug 05:45:01 CEST 2015
Ping: 19.448 ms
Download: 21.60 Mbit/s
Upload: 0.72 Mbit/s
Do 20. Aug 06:45:01 CEST 2015
Ping: 18.843 ms
Download: 21.65 Mbit/s
Upload: 0.88 Mbit/s
Do 20. Aug 07:45:01 CEST 2015
Ping: 19.111 ms
Download: 21.62 Mbit/s
Upload: 0.88 Mbit/s
Do 20. Aug 08:45:01 CEST 2015
Ping: 18.914 ms
Download: 21.56 Mbit/s
Upload: 0.88 Mbit/s
Do 20. Aug 09:45:01 CEST 2015
Ping: 19.787 ms
Download: 20.58 Mbit/s
Upload: 0.74 Mbit/s
Do 20. Aug 10:45:01 CEST 2015
Ping: 20.772 ms
Download: 21.64 Mbit/s
Upload: 0.88 Mbit/s
Do 20. Aug 11:45:01 CEST 2015
Ping: 19.636 ms
Download: 21.60 Mbit/s
Upload: 0.89 Mbit/s
Do 20. Aug 12:45:01 CEST 2015
Ping: 19.446 ms
Download: 21.64 Mbit/s
Upload: 0.88 Mbit/s
Do 20. Aug 13:45:02 CEST 2015
Ping: 18.44 ms
Download: 21.54 Mbit/s
Upload: 0.79 Mbit/s
Do 20. Aug 14:45:01 CEST 2015
Ping: 19.469 ms
Download: 21.60 Mbit/s
Upload: 0.88 Mbit/s
Do 20. Aug 15:45:01 CEST 2015
Ping: 19.921 ms
Download: 21.62 Mbit/s
Upload: 0.88 Mbit/s
Do 20. Aug 16:45:01 CEST 2015
Ping: 19.439 ms
Download: 21.63 Mbit/s
Upload: 0.88 Mbit/s
Do 20. Aug 17:45:01 CEST 2015
Ping: 19.793 ms
Download: 21.51 Mbit/s
Upload: 0.85 Mbit/s
Do 20. Aug 18:45:01 CEST 2015
Ping: 19.429 ms
Download: 15.08 Mbit/s
Upload: 0.80 Mbit/s
Do 20. Aug 19:45:01 CEST 2015
Ping: 21.684 ms
Download: 19.56 Mbit/s
Upload: 0.81 Mbit/s
Do 20. Aug 20:45:01 CEST 2015
Ping: 19.932 ms
Download: 19.43 Mbit/s
Upload: 0.84 Mbit/s
Do 20. Aug 21:45:01 CEST 2015
Ping: 20.702 ms
Download: 21.63 Mbit/s
Upload: 0.87 Mbit/s
Do 20. Aug 22:45:01 CEST 2015
Ping: 19.428 ms
Download: 21.64 Mbit/s
Upload: 0.88 Mbit/s
Do 20. Aug 23:45:01 CEST 2015
Ping: 19.83 ms
Download: 21.63 Mbit/s
Upload: 0.82 Mbit/s
Fr 21. Aug 00:45:01 CEST 2015
Ping: 17.798 ms
Download: 21.63 Mbit/s
Upload: 0.86 Mbit/s
Fr 21. Aug 01:45:01 CEST 2015
Ping: 19.432 ms
Download: 21.63 Mbit/s
Upload: 0.88 Mbit/s
Fr 21. Aug 02:45:01 CEST 2015
Ping: 18.36 ms
Download: 21.63 Mbit/s
Upload: 0.88 Mbit/s
Fr 21. Aug 03:45:01 CEST 2015
Ping: 20.205 ms
Download: 21.63 Mbit/s
Upload: 0.88 Mbit/s
Fr 21. Aug 04:45:01 CEST 2015
Ping: 19.112 ms
Download: 21.61 Mbit/s
Upload: 0.89 Mbit/s
Fr 21. Aug 05:45:01 CEST 2015
Ping: 19.444 ms
Download: 21.60 Mbit/s
Upload: 0.88 Mbit/s
Fr 21. Aug 06:45:01 CEST 2015
Ping: 19.336 ms
Download: 21.60 Mbit/s
Upload: 0.84 Mbit/s
Fr 21. Aug 07:45:01 CEST 2015
Ping: 20.454 ms
Download: 21.57 Mbit/s
Upload: 0.84 Mbit/s
Fr 21. Aug 08:45:01 CEST 2015
Ping: 19.425 ms
Download: 21.63 Mbit/s
Upload: 0.88 Mbit/s
Fr 21. Aug 09:45:01 CEST 2015
Ping: 19.587 ms
Download: 21.63 Mbit/s
Upload: 0.88 Mbit/s
Fr 21. Aug 10:45:01 CEST 2015
Ping: 18.805 ms
Download: 21.60 Mbit/s
Upload: 0.80 Mbit/s
Fr 21. Aug 11:45:01 CEST 2015
Ping: 19.467 ms
Download: 21.63 Mbit/s
Upload: 0.86 Mbit/s
Fr 21. Aug 12:45:01 CEST 2015
Ping: 18.344 ms
Download: 21.63 Mbit/s
Upload: 0.88 Mbit/s
Fr 21. Aug 13:45:01 CEST 2015
Ping: 19.98 ms
Download: 21.64 Mbit/s
Upload: 0.89 Mbit/s
Fr 21. Aug 14:45:01 CEST 2015
Ping: 18.315 ms
Download: 21.64 Mbit/s
Upload: 0.88 Mbit/s
Fr 21. Aug 15:45:01 CEST 2015
Ping: 19.447 ms
Download: 21.60 Mbit/s
Upload: 0.85 Mbit/s
