So 1. Nov 00:45:01 CET 2015
Ping: 31.143 ms
Download: 21.45 Mbit/s
Upload: 0.87 Mbit/s
So 1. Nov 01:45:01 CET 2015
Ping: 29.288 ms
Download: 21.42 Mbit/s
Upload: 0.85 Mbit/s
So 1. Nov 02:45:01 CET 2015
Ping: 29.601 ms
Download: 21.45 Mbit/s
Upload: 0.88 Mbit/s
So 1. Nov 03:45:01 CET 2015
Ping: 29.591 ms
Download: 21.47 Mbit/s
Upload: 0.87 Mbit/s
So 1. Nov 04:45:01 CET 2015
Ping: 34.745 ms
Download: 21.46 Mbit/s
Upload: 0.87 Mbit/s
So 1. Nov 05:45:01 CET 2015
Ping: 31.094 ms
Download: 16.97 Mbit/s
Upload: 0.87 Mbit/s
So 1. Nov 06:45:01 CET 2015
Ping: 33.278 ms
Download: 21.45 Mbit/s
Upload: 0.87 Mbit/s
So 1. Nov 07:45:01 CET 2015
Ping: 29.38 ms
Download: 21.45 Mbit/s
Upload: 0.88 Mbit/s
So 1. Nov 08:45:01 CET 2015
Ping: 35.972 ms
Download: 21.45 Mbit/s
Upload: 0.88 Mbit/s
So 1. Nov 09:45:01 CET 2015
Ping: 32.124 ms
Download: 21.43 Mbit/s
Upload: 0.84 Mbit/s
So 1. Nov 10:45:01 CET 2015
Ping: 29.637 ms
Download: 21.28 Mbit/s
Upload: 0.85 Mbit/s
So 1. Nov 11:45:01 CET 2015
Ping: 29.618 ms
Download: 21.30 Mbit/s
Upload: 0.85 Mbit/s
So 1. Nov 12:45:01 CET 2015
Ping: 35.149 ms
Download: 20.95 Mbit/s
Upload: 0.86 Mbit/s
So 1. Nov 13:45:01 CET 2015
Ping: 30.734 ms
Download: 21.34 Mbit/s
Upload: 0.84 Mbit/s
So 1. Nov 14:45:01 CET 2015
Ping: 32.983 ms
Download: 21.39 Mbit/s
Upload: 0.85 Mbit/s
So 1. Nov 15:45:01 CET 2015
Ping: 33.08 ms
Download: 21.16 Mbit/s
Upload: 0.85 Mbit/s
So 1. Nov 16:45:01 CET 2015
Ping: 28.977 ms
Download: 10.06 Mbit/s
Upload: 0.00 Mbit/s
So 1. Nov 17:45:01 CET 2015
Ping: 30.521 ms
Download: 21.29 Mbit/s
Upload: 0.85 Mbit/s
So 1. Nov 18:45:01 CET 2015
Ping: 29.631 ms
Download: 21.16 Mbit/s
Upload: 0.80 Mbit/s
So 1. Nov 19:45:01 CET 2015
Ping: 28.461 ms
Download: 21.27 Mbit/s
Upload: 0.79 Mbit/s
So 1. Nov 20:45:01 CET 2015
Ping: 30.386 ms
Download: 21.24 Mbit/s
Upload: 0.86 Mbit/s
So 1. Nov 21:45:01 CET 2015
Ping: 32.118 ms
Download: 4.83 Mbit/s
Upload: 0.83 Mbit/s
So 1. Nov 22:45:01 CET 2015
Ping: 29.331 ms
Download: 21.39 Mbit/s
Upload: 0.85 Mbit/s
So 1. Nov 23:45:02 CET 2015
Ping: 33.801 ms
Download: 21.42 Mbit/s
Upload: 0.87 Mbit/s
Mo 2. Nov 00:45:01 CET 2015
Ping: 33.32 ms
Download: 21.44 Mbit/s
Upload: 0.88 Mbit/s
Mo 2. Nov 01:45:02 CET 2015
Ping: 29.522 ms
Download: 21.42 Mbit/s
Upload: 0.88 Mbit/s
Mo 2. Nov 02:45:01 CET 2015
Ping: 30.112 ms
Download: 21.42 Mbit/s
Upload: 0.87 Mbit/s
Mo 2. Nov 03:45:01 CET 2015
Ping: 28.373 ms
Download: 21.28 Mbit/s
Upload: 0.87 Mbit/s
Mo 2. Nov 04:45:01 CET 2015
Ping: 30.315 ms
Download: 21.46 Mbit/s
Upload: 0.87 Mbit/s
Mo 2. Nov 05:45:01 CET 2015
Ping: 33.349 ms
Download: 21.42 Mbit/s
Upload: 0.87 Mbit/s
Mo 2. Nov 06:45:01 CET 2015
Ping: 29.388 ms
Download: 21.44 Mbit/s
Upload: 0.87 Mbit/s
Mo 2. Nov 07:45:01 CET 2015
Ping: 34.621 ms
Download: 21.42 Mbit/s
Upload: 0.87 Mbit/s
Mo 2. Nov 08:45:01 CET 2015
Ping: 29.704 ms
Download: 21.45 Mbit/s
Upload: 0.87 Mbit/s
Mo 2. Nov 09:45:01 CET 2015
Ping: 32.348 ms
Download: 21.42 Mbit/s
Upload: 0.87 Mbit/s
Mo 2. Nov 10:45:01 CET 2015
Ping: 37.046 ms
Download: 21.19 Mbit/s
Upload: 0.87 Mbit/s
Mo 2. Nov 11:45:01 CET 2015
Ping: 28.519 ms
Download: 21.39 Mbit/s
Upload: 0.87 Mbit/s
Mo 2. Nov 12:45:01 CET 2015
Ping: 31.084 ms
Download: 21.45 Mbit/s
Upload: 0.87 Mbit/s
Mo 2. Nov 13:45:02 CET 2015
Ping: 31.971 ms
Download: 20.62 Mbit/s
Upload: 0.87 Mbit/s
Mo 2. Nov 14:45:01 CET 2015
Ping: 30.955 ms
Download: 21.43 Mbit/s
Upload: 0.88 Mbit/s
Mo 2. Nov 15:45:01 CET 2015
Ping: 31.855 ms
Download: 21.45 Mbit/s
Upload: 0.87 Mbit/s
Mo 2. Nov 16:45:01 CET 2015
Ping: 33.195 ms
Download: 21.16 Mbit/s
Upload: 0.86 Mbit/s
Mo 2. Nov 17:45:01 CET 2015
Ping: 30.743 ms
Download: 21.45 Mbit/s
Upload: 0.87 Mbit/s
Mo 2. Nov 18:45:01 CET 2015
Ping: 32.988 ms
Download: 21.45 Mbit/s
Upload: 0.88 Mbit/s
Mo 2. Nov 19:45:01 CET 2015
Ping: 33.906 ms
Download: 21.42 Mbit/s
Upload: 0.87 Mbit/s
Mo 2. Nov 20:45:01 CET 2015
Ping: 30.505 ms
Download: 21.45 Mbit/s
Upload: 0.87 Mbit/s
Mo 2. Nov 21:45:01 CET 2015
Ping: 31.275 ms
Download: 20.90 Mbit/s
Upload: 0.86 Mbit/s
Mo 2. Nov 22:45:01 CET 2015
Ping: 28.276 ms
Download: 21.42 Mbit/s
Upload: 0.87 Mbit/s
Mo 2. Nov 23:45:01 CET 2015
Ping: 29.797 ms
Download: 21.45 Mbit/s
Upload: 0.87 Mbit/s
Di 3. Nov 00:45:01 CET 2015
Ping: 28.213 ms
Download: 21.39 Mbit/s
Upload: 0.87 Mbit/s
Di 3. Nov 01:45:01 CET 2015
Ping: 31.373 ms
Download: 21.42 Mbit/s
Upload: 0.87 Mbit/s
Di 3. Nov 02:45:01 CET 2015
Ping: 28.727 ms
Download: 21.43 Mbit/s
Upload: 0.88 Mbit/s
Di 3. Nov 03:45:01 CET 2015
Ping: 29.368 ms
Download: 21.45 Mbit/s
Upload: 0.87 Mbit/s
Di 3. Nov 04:45:01 CET 2015
Ping: 33.396 ms
Download: 21.39 Mbit/s
Upload: 0.87 Mbit/s
Di 3. Nov 05:45:01 CET 2015
Ping: 33.501 ms
Download: 21.43 Mbit/s
Upload: 0.87 Mbit/s
Di 3. Nov 06:45:01 CET 2015
Ping: 32.856 ms
Download: 21.37 Mbit/s
Upload: 0.87 Mbit/s
Di 3. Nov 07:45:01 CET 2015
Ping: 27.916 ms
Download: 21.46 Mbit/s
Upload: 0.87 Mbit/s
Di 3. Nov 08:45:01 CET 2015
Ping: 33.536 ms
Download: 21.47 Mbit/s
Upload: 0.88 Mbit/s
Di 3. Nov 09:45:01 CET 2015
Ping: 31.307 ms
Download: 21.42 Mbit/s
Upload: 0.85 Mbit/s
Di 3. Nov 10:45:01 CET 2015
Ping: 32.921 ms
Download: 21.46 Mbit/s
Upload: 0.87 Mbit/s
Di 3. Nov 11:45:01 CET 2015
Ping: 33.552 ms
Download: 21.30 Mbit/s
Upload: 0.87 Mbit/s
Di 3. Nov 12:45:01 CET 2015
Ping: 35.401 ms
Download: 21.42 Mbit/s
Upload: 0.88 Mbit/s
Di 3. Nov 13:45:01 CET 2015
Ping: 31.103 ms
Download: 21.45 Mbit/s
Upload: 0.87 Mbit/s
Di 3. Nov 14:45:01 CET 2015
Ping: 34.368 ms
Download: 21.45 Mbit/s
Upload: 0.88 Mbit/s
Di 3. Nov 15:45:01 CET 2015
Ping: 34.266 ms
Download: 21.45 Mbit/s
Upload: 0.88 Mbit/s
Di 3. Nov 16:45:01 CET 2015
Ping: 33.525 ms
Download: 21.45 Mbit/s
Upload: 0.87 Mbit/s
Di 3. Nov 17:45:01 CET 2015
Ping: 29.536 ms
Download: 21.45 Mbit/s
Upload: 0.87 Mbit/s
Di 3. Nov 18:45:01 CET 2015
Ping: 32.091 ms
Download: 21.42 Mbit/s
Upload: 0.87 Mbit/s
Di 3. Nov 19:45:01 CET 2015
Ping: 33.009 ms
Download: 21.42 Mbit/s
Upload: 0.85 Mbit/s
Di 3. Nov 20:45:01 CET 2015
Ping: 28.966 ms
Download: 21.42 Mbit/s
Upload: 0.87 Mbit/s
Di 3. Nov 21:45:01 CET 2015
Ping: 34.014 ms
Download: 21.25 Mbit/s
Upload: 0.87 Mbit/s
Di 3. Nov 22:45:01 CET 2015
Ping: 35.527 ms
Download: 21.40 Mbit/s
Upload: 0.87 Mbit/s
Di 3. Nov 23:45:01 CET 2015
Ping: 34.531 ms
Download: 21.42 Mbit/s
Upload: 0.88 Mbit/s
Mi 4. Nov 00:45:01 CET 2015
Ping: 31.671 ms
Download: 21.44 Mbit/s
Upload: 0.87 Mbit/s
Mi 4. Nov 01:45:01 CET 2015
Ping: 30.314 ms
Download: 21.39 Mbit/s
Upload: 0.87 Mbit/s
Mi 4. Nov 02:45:01 CET 2015
Ping: 33.612 ms
Download: 21.42 Mbit/s
Upload: 0.88 Mbit/s
Mi 4. Nov 03:45:01 CET 2015
Ping: 30.075 ms
Download: 21.45 Mbit/s
Upload: 0.87 Mbit/s
Mi 4. Nov 04:45:02 CET 2015
Ping: 31.313 ms
Download: 19.48 Mbit/s
Upload: 0.83 Mbit/s
Mi 4. Nov 05:45:01 CET 2015
Ping: 35.077 ms
Download: 21.46 Mbit/s
Upload: 0.88 Mbit/s
Mi 4. Nov 06:45:01 CET 2015
Ping: 32.96 ms
Download: 21.42 Mbit/s
Upload: 0.87 Mbit/s
Mi 4. Nov 07:45:01 CET 2015
Ping: 30.618 ms
Download: 19.54 Mbit/s
Upload: 0.88 Mbit/s
Mi 4. Nov 08:45:01 CET 2015
Ping: 32.814 ms
Download: 21.43 Mbit/s
Upload: 0.87 Mbit/s
Mi 4. Nov 09:45:01 CET 2015
Ping: 33.299 ms
Download: 21.44 Mbit/s
Upload: 0.88 Mbit/s
Mi 4. Nov 10:45:01 CET 2015
Ping: 29.379 ms
Download: 21.45 Mbit/s
Upload: 0.87 Mbit/s
Mi 4. Nov 11:45:01 CET 2015
Ping: 33.55 ms
Download: 21.39 Mbit/s
Upload: 0.76 Mbit/s
Mi 4. Nov 12:45:01 CET 2015
Ping: 32.89 ms
Download: 21.44 Mbit/s
Upload: 0.87 Mbit/s
Mi 4. Nov 13:45:01 CET 2015
Ping: 33.631 ms
Download: 21.45 Mbit/s
Upload: 0.88 Mbit/s
Mi 4. Nov 14:45:01 CET 2015
Ping: 34.13 ms
Download: 21.44 Mbit/s
Upload: 0.87 Mbit/s
Mi 4. Nov 15:45:01 CET 2015
Ping: 31.545 ms
Download: 21.40 Mbit/s
Upload: 0.88 Mbit/s
Mi 4. Nov 16:45:01 CET 2015
Ping: 33.38 ms
Download: 21.42 Mbit/s
Upload: 0.88 Mbit/s
Mi 4. Nov 17:45:01 CET 2015
Ping: 33.543 ms
Download: 21.16 Mbit/s
Upload: 0.88 Mbit/s
Mi 4. Nov 18:45:01 CET 2015
Ping: 33.274 ms
Download: 21.44 Mbit/s
Upload: 0.88 Mbit/s
Mi 4. Nov 19:45:01 CET 2015
Ping: 29.537 ms
Download: 21.43 Mbit/s
Upload: 0.85 Mbit/s
Mi 4. Nov 20:45:01 CET 2015
Ping: 27.482 ms
Download: 21.45 Mbit/s
Upload: 0.88 Mbit/s
Mi 4. Nov 21:45:01 CET 2015
Ping: 31.558 ms
Download: 20.14 Mbit/s
Upload: 0.87 Mbit/s
Mi 4. Nov 22:45:01 CET 2015
Ping: 33.285 ms
Download: 21.45 Mbit/s
Upload: 0.87 Mbit/s
Mi 4. Nov 23:45:01 CET 2015
Ping: 34.353 ms
Download: 21.16 Mbit/s
Upload: 0.86 Mbit/s
Do 5. Nov 00:45:01 CET 2015
Ping: 32.924 ms
Download: 21.43 Mbit/s
Upload: 0.88 Mbit/s
Do 5. Nov 01:45:01 CET 2015
Ping: 39.415 ms
Download: 21.42 Mbit/s
Upload: 0.87 Mbit/s
Do 5. Nov 02:45:01 CET 2015
Ping: 38.749 ms
Download: 5.51 Mbit/s
Upload: 0.87 Mbit/s
Do 5. Nov 03:45:01 CET 2015
Ping: 32.811 ms
Download: 19.31 Mbit/s
Upload: 0.87 Mbit/s
Do 5. Nov 04:45:01 CET 2015
Ping: 32.582 ms
Download: 21.46 Mbit/s
Upload: 0.87 Mbit/s
Do 5. Nov 05:45:01 CET 2015
Ping: 29.262 ms
Download: 21.45 Mbit/s
Upload: 0.87 Mbit/s
Do 5. Nov 06:45:01 CET 2015
Ping: 36.492 ms
Download: 21.45 Mbit/s
Upload: 0.86 Mbit/s
Do 5. Nov 07:45:01 CET 2015
Ping: 34.316 ms
Download: 21.43 Mbit/s
Upload: 0.87 Mbit/s
Do 5. Nov 08:45:01 CET 2015
Ping: 29.917 ms
Download: 21.33 Mbit/s
Upload: 0.87 Mbit/s
Do 5. Nov 09:45:01 CET 2015
Ping: 31.119 ms
Download: 21.42 Mbit/s
Upload: 0.87 Mbit/s
Do 5. Nov 10:45:01 CET 2015
Ping: 33.937 ms
Download: 21.42 Mbit/s
Upload: 0.87 Mbit/s
Do 5. Nov 11:45:01 CET 2015
Ping: 37.115 ms
Download: 21.45 Mbit/s
Upload: 0.85 Mbit/s
Do 5. Nov 12:45:01 CET 2015
Ping: 32.066 ms
Download: 21.45 Mbit/s
Upload: 0.87 Mbit/s
Do 5. Nov 13:45:01 CET 2015
Ping: 27.94 ms
Download: 21.44 Mbit/s
Upload: 0.88 Mbit/s
Do 5. Nov 14:45:01 CET 2015
Ping: 38.003 ms
Download: 21.42 Mbit/s
Upload: 0.87 Mbit/s
Do 5. Nov 15:45:01 CET 2015
Ping: 29.172 ms
Download: 21.33 Mbit/s
Upload: 0.87 Mbit/s
Do 5. Nov 16:45:01 CET 2015
Ping: 33.449 ms
Download: 21.38 Mbit/s
Upload: 0.87 Mbit/s
Do 5. Nov 17:45:01 CET 2015
Ping: 34.362 ms
Download: 20.90 Mbit/s
Upload: 0.80 Mbit/s
Do 5. Nov 18:45:02 CET 2015
Ping: 32.095 ms
Download: 21.25 Mbit/s
Upload: 0.87 Mbit/s
Do 5. Nov 19:45:01 CET 2015
Ping: 32.325 ms
Download: 21.12 Mbit/s
Upload: 0.81 Mbit/s
Do 5. Nov 20:45:01 CET 2015
Ping: 140.236 ms
Download: 21.42 Mbit/s
Upload: 0.87 Mbit/s
Do 5. Nov 21:45:01 CET 2015
Ping: 31.903 ms
Download: 21.43 Mbit/s
Upload: 0.87 Mbit/s
Do 5. Nov 22:45:02 CET 2015
Ping: 32.596 ms
Download: 21.46 Mbit/s
Upload: 0.87 Mbit/s
Do 5. Nov 23:45:01 CET 2015
Ping: 27.192 ms
Download: 21.46 Mbit/s
Upload: 0.87 Mbit/s
Fr 6. Nov 00:45:01 CET 2015
Ping: 31.128 ms
Download: 21.41 Mbit/s
Upload: 0.87 Mbit/s
Fr 6. Nov 01:45:01 CET 2015
Ping: 30.82 ms
Download: 21.43 Mbit/s
Upload: 0.86 Mbit/s
Fr 6. Nov 02:45:01 CET 2015
Ping: 33.741 ms
Download: 21.44 Mbit/s
Upload: 0.87 Mbit/s
Fr 6. Nov 03:45:01 CET 2015
Ping: 33.163 ms
Download: 21.41 Mbit/s
Upload: 0.88 Mbit/s
Fr 6. Nov 04:45:01 CET 2015
Ping: 33.087 ms
Download: 21.42 Mbit/s
Upload: 0.87 Mbit/s
Fr 6. Nov 05:45:01 CET 2015
Ping: 33.218 ms
Download: 21.43 Mbit/s
Upload: 0.88 Mbit/s
Fr 6. Nov 06:45:01 CET 2015
Ping: 28.511 ms
Download: 21.45 Mbit/s
Upload: 0.87 Mbit/s
Fr 6. Nov 07:45:01 CET 2015
Ping: 35.218 ms
Download: 21.42 Mbit/s
Upload: 0.87 Mbit/s
Fr 6. Nov 08:45:01 CET 2015
Ping: 31.952 ms
Download: 21.42 Mbit/s
Upload: 0.86 Mbit/s
Fr 6. Nov 09:45:01 CET 2015
Ping: 28.702 ms
Download: 21.33 Mbit/s
Upload: 0.86 Mbit/s
Fr 6. Nov 10:45:01 CET 2015
Ping: 35.589 ms
Download: 21.44 Mbit/s
Upload: 0.87 Mbit/s
Fr 6. Nov 11:45:01 CET 2015
Ping: 35.171 ms
Download: 21.10 Mbit/s
Upload: 0.87 Mbit/s
Fr 6. Nov 12:45:01 CET 2015
Ping: 34.86 ms
Download: 21.45 Mbit/s
Upload: 0.88 Mbit/s
Fr 6. Nov 13:45:01 CET 2015
Ping: 30.821 ms
Download: 19.71 Mbit/s
Upload: 0.87 Mbit/s
Fr 6. Nov 14:45:01 CET 2015
Ping: 31.344 ms
Download: 21.33 Mbit/s
Upload: 0.87 Mbit/s
Fr 6. Nov 15:45:01 CET 2015
Ping: 31.183 ms
Download: 21.42 Mbit/s
Upload: 0.88 Mbit/s
Fr 6. Nov 16:45:01 CET 2015
Ping: 29.134 ms
Download: 21.42 Mbit/s
Upload: 0.87 Mbit/s
Fr 6. Nov 17:45:01 CET 2015
Ping: 31.96 ms
Download: 21.44 Mbit/s
Upload: 0.88 Mbit/s
Fr 6. Nov 18:45:01 CET 2015
Ping: 31.223 ms
Download: 21.45 Mbit/s
Upload: 0.87 Mbit/s
Fr 6. Nov 19:45:01 CET 2015
Ping: 31.186 ms
Download: 21.04 Mbit/s
Upload: 0.87 Mbit/s
Fr 6. Nov 20:45:01 CET 2015
Ping: 29.154 ms
Download: 21.41 Mbit/s
Upload: 0.87 Mbit/s
Fr 6. Nov 21:45:01 CET 2015
Ping: 28.755 ms
Download: 21.33 Mbit/s
Upload: 0.87 Mbit/s
Fr 6. Nov 22:45:01 CET 2015
Ping: 32.821 ms
Download: 21.22 Mbit/s
Upload: 0.87 Mbit/s
Fr 6. Nov 23:45:01 CET 2015
Ping: 28.472 ms
Download: 21.21 Mbit/s
Upload: 0.72 Mbit/s
Sa 7. Nov 00:45:01 CET 2015
Ping: 30.989 ms
Download: 21.38 Mbit/s
Upload: 0.85 Mbit/s
Sa 7. Nov 01:45:01 CET 2015
Ping: 33.351 ms
Download: 21.45 Mbit/s
Upload: 0.87 Mbit/s
Sa 7. Nov 02:45:01 CET 2015
Ping: 32.298 ms
Download: 18.30 Mbit/s
Upload: 0.87 Mbit/s
Sa 7. Nov 03:45:01 CET 2015
Ping: 33.948 ms
Download: 21.39 Mbit/s
Upload: 0.87 Mbit/s
Sa 7. Nov 04:45:01 CET 2015
Ping: 32.802 ms
Download: 21.43 Mbit/s
Upload: 0.87 Mbit/s
Sa 7. Nov 05:45:01 CET 2015
Ping: 38.24 ms
Download: 20.14 Mbit/s
Upload: 0.88 Mbit/s
Sa 7. Nov 06:45:01 CET 2015
Ping: 31.873 ms
Download: 21.39 Mbit/s
Upload: 0.87 Mbit/s
Sa 7. Nov 07:45:01 CET 2015
Ping: 30.164 ms
Download: 21.39 Mbit/s
Upload: 0.88 Mbit/s
Sa 7. Nov 08:45:01 CET 2015
Ping: 30.007 ms
Download: 20.57 Mbit/s
Upload: 0.86 Mbit/s
Sa 7. Nov 09:45:01 CET 2015
Ping: 33.936 ms
Download: 21.42 Mbit/s
Upload: 0.88 Mbit/s
Sa 7. Nov 10:45:01 CET 2015
Ping: 30.991 ms
Download: 21.46 Mbit/s
Upload: 0.81 Mbit/s
Sa 7. Nov 11:45:01 CET 2015
Ping: 29.873 ms
Download: 20.62 Mbit/s
Upload: 0.87 Mbit/s
Sa 7. Nov 12:45:02 CET 2015
Ping: 33.768 ms
Download: 20.77 Mbit/s
Upload: 0.87 Mbit/s
Sa 7. Nov 13:45:01 CET 2015
Ping: 33.268 ms
Download: 20.70 Mbit/s
Upload: 0.61 Mbit/s
Sa 7. Nov 14:45:01 CET 2015
Ping: 33.358 ms
Download: 21.42 Mbit/s
Upload: 0.87 Mbit/s
Sa 7. Nov 15:45:01 CET 2015
Ping: 29.977 ms
Download: 21.00 Mbit/s
Upload: 0.69 Mbit/s
Sa 7. Nov 16:45:01 CET 2015
Ping: 30.071 ms
Download: 21.42 Mbit/s
Upload: 0.85 Mbit/s
Sa 7. Nov 17:45:02 CET 2015
Ping: 33.555 ms
Download: 20.05 Mbit/s
Upload: 0.86 Mbit/s
Sa 7. Nov 18:45:01 CET 2015
Ping: 32.782 ms
Download: 21.38 Mbit/s
Upload: 0.87 Mbit/s
Sa 7. Nov 19:45:02 CET 2015
Ping: 32.404 ms
Download: 20.35 Mbit/s
Upload: 0.79 Mbit/s
Sa 7. Nov 20:45:01 CET 2015
Ping: 28.852 ms
Download: 21.45 Mbit/s
Upload: 0.87 Mbit/s
Sa 7. Nov 21:45:01 CET 2015
Ping: 28.274 ms
Download: 21.42 Mbit/s
Upload: 0.87 Mbit/s
Sa 7. Nov 22:45:01 CET 2015
Ping: 29.754 ms
Download: 21.46 Mbit/s
Upload: 0.83 Mbit/s
Sa 7. Nov 23:45:02 CET 2015
Ping: 31.69 ms
Download: 21.30 Mbit/s
Upload: 0.88 Mbit/s
So 8. Nov 00:45:01 CET 2015
Ping: 30.751 ms
Download: 21.43 Mbit/s
Upload: 0.88 Mbit/s
So 8. Nov 01:45:01 CET 2015
Ping: 30.054 ms
Download: 17.07 Mbit/s
Upload: 0.86 Mbit/s
So 8. Nov 02:45:01 CET 2015
Ping: 38.12 ms
Download: 21.42 Mbit/s
Upload: 0.87 Mbit/s
So 8. Nov 03:45:01 CET 2015
Ping: 34.839 ms
Download: 21.46 Mbit/s
Upload: 0.87 Mbit/s
So 8. Nov 04:45:01 CET 2015
Ping: 33.455 ms
Download: 21.38 Mbit/s
Upload: 0.86 Mbit/s
So 8. Nov 05:45:01 CET 2015
Ping: 32.197 ms
Download: 21.41 Mbit/s
Upload: 0.87 Mbit/s
So 8. Nov 06:45:01 CET 2015
Ping: 30.615 ms
Download: 21.33 Mbit/s
Upload: 0.87 Mbit/s
So 8. Nov 07:45:01 CET 2015
Ping: 28.97 ms
Download: 21.39 Mbit/s
Upload: 0.87 Mbit/s
So 8. Nov 08:45:01 CET 2015
Ping: 27.97 ms
Download: 18.10 Mbit/s
Upload: 0.77 Mbit/s
So 8. Nov 09:45:01 CET 2015
Ping: 32.364 ms
Download: 21.42 Mbit/s
Upload: 0.79 Mbit/s
So 8. Nov 10:45:01 CET 2015
Ping: 34.456 ms
Download: 20.99 Mbit/s
Upload: 0.61 Mbit/s
So 8. Nov 11:45:01 CET 2015
Ping: 34.384 ms
Download: 21.42 Mbit/s
Upload: 0.88 Mbit/s
So 8. Nov 12:45:01 CET 2015
Ping: 32.857 ms
Download: 21.36 Mbit/s
Upload: 0.87 Mbit/s
So 8. Nov 13:45:01 CET 2015
Ping: 32.865 ms
Download: 21.41 Mbit/s
Upload: 0.87 Mbit/s
So 8. Nov 14:45:01 CET 2015
Ping: 30.565 ms
Download: 16.69 Mbit/s
Upload: 0.66 Mbit/s
So 8. Nov 15:45:01 CET 2015
Ping: 32.39 ms
Download: 21.13 Mbit/s
Upload: 0.78 Mbit/s
So 8. Nov 16:45:01 CET 2015
Ping: 29.232 ms
Download: 20.90 Mbit/s
Upload: 0.81 Mbit/s
So 8. Nov 17:45:01 CET 2015
Ping: 30.453 ms
Download: 20.94 Mbit/s
Upload: 0.87 Mbit/s
So 8. Nov 18:45:01 CET 2015
Ping: 30.703 ms
Download: 21.45 Mbit/s
Upload: 0.87 Mbit/s
So 8. Nov 19:45:01 CET 2015
Ping: 29.563 ms
Download: 21.42 Mbit/s
Upload: 0.86 Mbit/s
So 8. Nov 20:45:01 CET 2015
Ping: 28.058 ms
Download: 21.01 Mbit/s
Upload: 0.79 Mbit/s
So 8. Nov 21:45:01 CET 2015
Ping: 31.308 ms
Download: 20.82 Mbit/s
Upload: 0.83 Mbit/s
So 8. Nov 22:45:01 CET 2015
Ping: 33.004 ms
Download: 21.42 Mbit/s
Upload: 0.87 Mbit/s
So 8. Nov 23:45:01 CET 2015
Ping: 29.636 ms
Download: 21.08 Mbit/s
Upload: 0.87 Mbit/s
Mo 9. Nov 00:45:01 CET 2015
Ping: 33.053 ms
Download: 21.46 Mbit/s
Upload: 0.87 Mbit/s
Mo 9. Nov 01:45:01 CET 2015
Ping: 35.055 ms
Download: 21.43 Mbit/s
Upload: 0.88 Mbit/s
Mo 9. Nov 02:45:01 CET 2015
Ping: 28.321 ms
Download: 21.44 Mbit/s
Upload: 0.87 Mbit/s
Mo 9. Nov 03:45:01 CET 2015
Ping: 34.534 ms
Download: 21.45 Mbit/s
Upload: 0.87 Mbit/s
Mo 9. Nov 04:45:01 CET 2015
Ping: 32.802 ms
Download: 21.42 Mbit/s
Upload: 0.87 Mbit/s
Mo 9. Nov 05:45:01 CET 2015
Ping: 32.436 ms
Download: 21.45 Mbit/s
Upload: 0.87 Mbit/s
Mo 9. Nov 06:45:01 CET 2015
Ping: 33.901 ms
Download: 20.76 Mbit/s
Upload: 0.87 Mbit/s
Mo 9. Nov 07:45:01 CET 2015
Ping: 27.692 ms
Download: 21.01 Mbit/s
Upload: 0.85 Mbit/s
Mo 9. Nov 08:45:01 CET 2015
Ping: 33.057 ms
Download: 21.20 Mbit/s
Upload: 0.86 Mbit/s
Mo 9. Nov 09:45:01 CET 2015
Ping: 33.672 ms
Download: 21.39 Mbit/s
Upload: 0.87 Mbit/s
Mo 9. Nov 10:45:01 CET 2015
Ping: 32.033 ms
Download: 21.44 Mbit/s
Upload: 0.86 Mbit/s
Mo 9. Nov 11:45:01 CET 2015
Ping: 31.155 ms
Download: 21.30 Mbit/s
Upload: 0.86 Mbit/s
Mo 9. Nov 12:45:01 CET 2015
Ping: 27.943 ms
Download: 21.39 Mbit/s
Upload: 0.86 Mbit/s
Mo 9. Nov 13:45:01 CET 2015
Ping: 28.276 ms
Download: 21.38 Mbit/s
Upload: 0.76 Mbit/s
Mo 9. Nov 14:45:01 CET 2015
Ping: 34.848 ms
Download: 21.14 Mbit/s
Upload: 0.85 Mbit/s
Mo 9. Nov 15:45:01 CET 2015
Ping: 31.306 ms
Download: 21.42 Mbit/s
Upload: 0.86 Mbit/s
Mo 9. Nov 16:45:01 CET 2015
Ping: 30.051 ms
Download: 21.42 Mbit/s
Upload: 0.87 Mbit/s
Mo 9. Nov 17:45:01 CET 2015
Ping: 33.265 ms
Download: 21.11 Mbit/s
Upload: 0.87 Mbit/s
Mo 9. Nov 18:45:01 CET 2015
Ping: 28.163 ms
Download: 21.45 Mbit/s
Upload: 0.86 Mbit/s
Mo 9. Nov 19:45:01 CET 2015
Ping: 28.011 ms
Download: 21.38 Mbit/s
Upload: 0.87 Mbit/s
Mo 9. Nov 20:45:01 CET 2015
Ping: 33.141 ms
Download: 21.44 Mbit/s
Upload: 0.88 Mbit/s
Mo 9. Nov 21:45:01 CET 2015
Ping: 31.487 ms
Download: 16.00 Mbit/s
Upload: 0.88 Mbit/s
Mo 9. Nov 22:45:01 CET 2015
Ping: 31.06 ms
Download: 18.19 Mbit/s
Upload: 0.87 Mbit/s
Mo 9. Nov 23:45:01 CET 2015
Ping: 29.264 ms
Download: 21.37 Mbit/s
Upload: 0.87 Mbit/s
Di 10. Nov 00:45:01 CET 2015
Ping: 33.406 ms
Download: 21.45 Mbit/s
Upload: 0.87 Mbit/s
Di 10. Nov 01:45:01 CET 2015
Ping: 29.93 ms
Download: 21.43 Mbit/s
Upload: 0.87 Mbit/s
Di 10. Nov 02:45:01 CET 2015
Ping: 28.487 ms
Download: 21.45 Mbit/s
Upload: 0.88 Mbit/s
Di 10. Nov 03:45:01 CET 2015
Ping: 30.975 ms
Download: 21.43 Mbit/s
Upload: 0.88 Mbit/s
Di 10. Nov 04:45:01 CET 2015
Ping: 31.082 ms
Download: 21.45 Mbit/s
Upload: 0.85 Mbit/s
Di 10. Nov 05:45:01 CET 2015
Ping: 31.791 ms
Download: 21.42 Mbit/s
Upload: 0.87 Mbit/s
Di 10. Nov 06:45:01 CET 2015
Ping: 32.033 ms
Download: 21.45 Mbit/s
Upload: 0.87 Mbit/s
Di 10. Nov 07:45:01 CET 2015
Ping: 29.689 ms
Download: 21.41 Mbit/s
Upload: 0.88 Mbit/s
Di 10. Nov 08:45:01 CET 2015
Ping: 31.887 ms
Download: 21.45 Mbit/s
Upload: 0.88 Mbit/s
Di 10. Nov 09:45:01 CET 2015
Ping: 33.885 ms
Download: 21.42 Mbit/s
Upload: 0.87 Mbit/s
Di 10. Nov 10:45:01 CET 2015
Ping: 33.009 ms
Download: 21.43 Mbit/s
Upload: 0.87 Mbit/s
Di 10. Nov 11:45:01 CET 2015
Ping: 29.339 ms
Download: 21.13 Mbit/s
Upload: 0.88 Mbit/s
Di 10. Nov 12:45:01 CET 2015
Ping: 30.814 ms
Download: 21.37 Mbit/s
Upload: 0.85 Mbit/s
Di 10. Nov 13:45:01 CET 2015
Ping: 27.87 ms
Download: 21.45 Mbit/s
Upload: 0.88 Mbit/s
Di 10. Nov 14:45:01 CET 2015
Ping: 32.246 ms
Download: 21.45 Mbit/s
Upload: 0.87 Mbit/s
Di 10. Nov 15:45:01 CET 2015
Ping: 34.763 ms
Download: 21.05 Mbit/s
Upload: 0.86 Mbit/s
Di 10. Nov 16:45:01 CET 2015
Ping: 28.402 ms
Download: 21.25 Mbit/s
Upload: 0.87 Mbit/s
Di 10. Nov 17:45:01 CET 2015
Ping: 33.565 ms
Download: 21.22 Mbit/s
Upload: 0.86 Mbit/s
Di 10. Nov 18:45:01 CET 2015
Ping: 32.756 ms
Download: 21.41 Mbit/s
Upload: 0.88 Mbit/s
Di 10. Nov 19:45:01 CET 2015
Ping: 26.97 ms
Download: 20.73 Mbit/s
Upload: 0.67 Mbit/s
Di 10. Nov 20:45:01 CET 2015
Ping: 34.335 ms
Download: 21.42 Mbit/s
Upload: 0.87 Mbit/s
Di 10. Nov 21:45:01 CET 2015
Ping: 28.72 ms
Download: 21.42 Mbit/s
Upload: 0.87 Mbit/s
Di 10. Nov 22:45:01 CET 2015
Ping: 29.618 ms
Download: 21.45 Mbit/s
Upload: 0.87 Mbit/s
Di 10. Nov 23:45:01 CET 2015
Ping: 32.8 ms
Download: 21.43 Mbit/s
Upload: 0.87 Mbit/s
Mi 11. Nov 00:45:01 CET 2015
Ping: 33.884 ms
Download: 21.46 Mbit/s
Upload: 0.87 Mbit/s
Mi 11. Nov 01:45:01 CET 2015
Ping: 32.216 ms
Download: 21.42 Mbit/s
Upload: 0.87 Mbit/s
Mi 11. Nov 02:45:01 CET 2015
Ping: 30.895 ms
Download: 21.42 Mbit/s
Upload: 0.87 Mbit/s
Mi 11. Nov 03:45:01 CET 2015
Ping: 28.2 ms
Download: 21.46 Mbit/s
Upload: 0.87 Mbit/s
Mi 11. Nov 04:45:01 CET 2015
Ping: 30.951 ms
Download: 21.42 Mbit/s
Upload: 0.87 Mbit/s
Mi 11. Nov 05:45:01 CET 2015
Ping: 33.035 ms
Download: 21.05 Mbit/s
Upload: 0.87 Mbit/s
Mi 11. Nov 06:45:01 CET 2015
Ping: 29.479 ms
Download: 21.42 Mbit/s
Upload: 0.88 Mbit/s
Mi 11. Nov 07:45:01 CET 2015
Ping: 35.949 ms
Download: 21.12 Mbit/s
Upload: 0.87 Mbit/s
Mi 11. Nov 08:45:01 CET 2015
Ping: 28.575 ms
Download: 21.27 Mbit/s
Upload: 0.87 Mbit/s
Mi 11. Nov 09:45:01 CET 2015
Ping: 29.146 ms
Download: 21.42 Mbit/s
Upload: 0.86 Mbit/s
Mi 11. Nov 10:45:01 CET 2015
Ping: 30.581 ms
Download: 21.44 Mbit/s
Upload: 0.87 Mbit/s
Mi 11. Nov 11:45:01 CET 2015
Ping: 33.392 ms
Download: 21.42 Mbit/s
Upload: 0.87 Mbit/s
Mi 11. Nov 12:45:01 CET 2015
Ping: 28.355 ms
Download: 21.42 Mbit/s
Upload: 0.87 Mbit/s
Mi 11. Nov 13:45:01 CET 2015
Ping: 34.286 ms
Download: 21.42 Mbit/s
Upload: 0.84 Mbit/s
Mi 11. Nov 14:45:01 CET 2015
Ping: 29.986 ms
Download: 21.42 Mbit/s
Upload: 0.86 Mbit/s
Mi 11. Nov 15:45:01 CET 2015
Ping: 29.191 ms
Download: 21.33 Mbit/s
Upload: 0.86 Mbit/s
Mi 11. Nov 16:45:01 CET 2015
Ping: 29.443 ms
Download: 21.39 Mbit/s
Upload: 0.83 Mbit/s
Mi 11. Nov 17:45:01 CET 2015
Ping: 33.139 ms
Download: 21.39 Mbit/s
Upload: 0.87 Mbit/s
Mi 11. Nov 18:45:01 CET 2015
Ping: 32.26 ms
Download: 21.42 Mbit/s
Upload: 0.87 Mbit/s
Mi 11. Nov 19:45:01 CET 2015
Ping: 31.844 ms
Download: 21.44 Mbit/s
Upload: 0.87 Mbit/s
Mi 11. Nov 20:45:01 CET 2015
Ping: 33.122 ms
Download: 21.29 Mbit/s
Upload: 0.85 Mbit/s
Mi 11. Nov 21:45:01 CET 2015
Ping: 30.822 ms
Download: 21.42 Mbit/s
Upload: 0.87 Mbit/s
Mi 11. Nov 22:45:01 CET 2015
Ping: 31.444 ms
Download: 21.42 Mbit/s
Upload: 0.87 Mbit/s
Mi 11. Nov 23:45:01 CET 2015
Ping: 31.591 ms
Download: 21.43 Mbit/s
Upload: 0.87 Mbit/s
Do 12. Nov 00:45:01 CET 2015
Ping: 33.827 ms
Download: 18.04 Mbit/s
Upload: 0.87 Mbit/s
Do 12. Nov 01:45:02 CET 2015
Ping: 31.271 ms
Download: 21.41 Mbit/s
Upload: 0.88 Mbit/s
Do 12. Nov 02:45:01 CET 2015
Ping: 26.421 ms
Download: 21.42 Mbit/s
Upload: 0.87 Mbit/s
Do 12. Nov 03:45:01 CET 2015
Ping: 29.714 ms
Download: 21.42 Mbit/s
Upload: 0.87 Mbit/s
Do 12. Nov 04:45:01 CET 2015
Ping: 27.871 ms
Download: 21.44 Mbit/s
Upload: 0.87 Mbit/s
Do 12. Nov 05:45:01 CET 2015
Ping: 28.373 ms
Download: 21.42 Mbit/s
Upload: 0.87 Mbit/s
Do 12. Nov 06:45:02 CET 2015
Ping: 30.839 ms
Download: 21.45 Mbit/s
Upload: 0.87 Mbit/s
Do 12. Nov 07:45:01 CET 2015
Ping: 28.431 ms
Download: 21.39 Mbit/s
Upload: 0.86 Mbit/s
Do 12. Nov 08:45:01 CET 2015
Ping: 29.555 ms
Download: 21.03 Mbit/s
Upload: 0.87 Mbit/s
Do 12. Nov 09:45:01 CET 2015
Ping: 35.601 ms
Download: 21.21 Mbit/s
Upload: 0.85 Mbit/s
Do 12. Nov 10:45:01 CET 2015
Ping: 28.375 ms
Download: 21.44 Mbit/s
Upload: 0.87 Mbit/s
Do 12. Nov 11:45:01 CET 2015
Ping: 29.961 ms
Download: 21.45 Mbit/s
Upload: 0.88 Mbit/s
Do 12. Nov 12:45:01 CET 2015
Ping: 28.216 ms
Download: 21.42 Mbit/s
Upload: 0.87 Mbit/s
Do 12. Nov 13:45:01 CET 2015
Ping: 28.418 ms
Download: 21.42 Mbit/s
Upload: 0.87 Mbit/s
Do 12. Nov 14:45:01 CET 2015
Ping: 31.676 ms
Download: 21.36 Mbit/s
Upload: 0.87 Mbit/s
Do 12. Nov 15:45:01 CET 2015
Ping: 37.394 ms
Download: 20.71 Mbit/s
Upload: 0.84 Mbit/s
Do 12. Nov 16:45:01 CET 2015
Ping: 34.347 ms
Download: 21.30 Mbit/s
Upload: 0.85 Mbit/s
Do 12. Nov 17:45:01 CET 2015
Ping: 29.541 ms
Download: 20.84 Mbit/s
Upload: 0.82 Mbit/s
Do 12. Nov 18:45:01 CET 2015
Ping: 29.951 ms
Download: 20.88 Mbit/s
Upload: 0.87 Mbit/s
Do 12. Nov 19:45:01 CET 2015
Ping: 27.658 ms
Download: 21.42 Mbit/s
Upload: 0.87 Mbit/s
Do 12. Nov 20:45:01 CET 2015
Ping: 30.887 ms
Download: 21.22 Mbit/s
Upload: 0.87 Mbit/s
Do 12. Nov 21:45:01 CET 2015
Ping: 32.248 ms
Download: 21.39 Mbit/s
Upload: 0.87 Mbit/s
Do 12. Nov 22:45:01 CET 2015
Ping: 26.597 ms
Download: 21.42 Mbit/s
Upload: 0.88 Mbit/s
Do 12. Nov 23:45:01 CET 2015
Ping: 28.744 ms
Download: 21.38 Mbit/s
Upload: 0.87 Mbit/s
Fr 13. Nov 00:45:01 CET 2015
Ping: 28.271 ms
Download: 21.42 Mbit/s
Upload: 0.87 Mbit/s
Fr 13. Nov 01:45:01 CET 2015
Ping: 31.928 ms
Download: 21.43 Mbit/s
Upload: 0.84 Mbit/s
Fr 13. Nov 02:45:01 CET 2015
Ping: 33.538 ms
Download: 21.39 Mbit/s
Upload: 0.87 Mbit/s
Fr 13. Nov 03:45:01 CET 2015
Ping: 31.239 ms
Download: 21.13 Mbit/s
Upload: 0.88 Mbit/s
Fr 13. Nov 04:45:01 CET 2015
Ping: 27.788 ms
Download: 21.42 Mbit/s
Upload: 0.87 Mbit/s
Fr 13. Nov 05:45:01 CET 2015
Ping: 34.615 ms
Download: 21.42 Mbit/s
Upload: 0.87 Mbit/s
Fr 13. Nov 06:45:01 CET 2015
Ping: 30.45 ms
Download: 10.28 Mbit/s
Upload: 0.87 Mbit/s
Fr 13. Nov 07:45:01 CET 2015
Ping: 29.623 ms
Download: 21.43 Mbit/s
Upload: 0.87 Mbit/s
Fr 13. Nov 08:45:01 CET 2015
Ping: 33.482 ms
Download: 21.42 Mbit/s
Upload: 0.87 Mbit/s
Fr 13. Nov 09:45:02 CET 2015
Ping: 32.251 ms
Download: 21.45 Mbit/s
Upload: 0.87 Mbit/s
Fr 13. Nov 10:45:02 CET 2015
Ping: 30.102 ms
Download: 21.39 Mbit/s
Upload: 0.87 Mbit/s
Fr 13. Nov 11:45:01 CET 2015
Ping: 29.53 ms
Download: 21.04 Mbit/s
Upload: 0.88 Mbit/s
Fr 13. Nov 12:45:01 CET 2015
Ping: 32.891 ms
Download: 21.43 Mbit/s
Upload: 0.88 Mbit/s
Fr 13. Nov 13:45:01 CET 2015
Ping: 29.911 ms
Download: 21.42 Mbit/s
Upload: 0.87 Mbit/s
Fr 13. Nov 14:45:01 CET 2015
Ping: 29.599 ms
Download: 20.84 Mbit/s
Upload: 0.70 Mbit/s
Fr 13. Nov 15:45:01 CET 2015
Ping: 28.981 ms
Download: 2.40 Mbit/s
Upload: 0.84 Mbit/s
Fr 13. Nov 16:45:01 CET 2015
Ping: 32.227 ms
Download: 21.42 Mbit/s
Upload: 0.85 Mbit/s
Fr 13. Nov 17:45:01 CET 2015
Ping: 29.832 ms
Download: 21.30 Mbit/s
Upload: 0.87 Mbit/s
Fr 13. Nov 18:45:01 CET 2015
Ping: 42.154 ms
Download: 21.37 Mbit/s
Upload: 0.86 Mbit/s
Fr 13. Nov 19:45:01 CET 2015
Ping: 35.658 ms
Download: 21.42 Mbit/s
Upload: 0.88 Mbit/s
Fr 13. Nov 20:45:01 CET 2015
Ping: 35.073 ms
Download: 21.46 Mbit/s
Upload: 0.87 Mbit/s
Fr 13. Nov 21:45:01 CET 2015
Ping: 32.125 ms
Download: 21.39 Mbit/s
Upload: 0.82 Mbit/s
Fr 13. Nov 22:45:01 CET 2015
Ping: 33.574 ms
Download: 21.42 Mbit/s
Upload: 0.87 Mbit/s
Fr 13. Nov 23:45:01 CET 2015
Ping: 28.224 ms
Download: 21.45 Mbit/s
Upload: 0.87 Mbit/s
Sa 14. Nov 00:45:01 CET 2015
Ping: 33.903 ms
Download: 21.42 Mbit/s
Upload: 0.87 Mbit/s
Sa 14. Nov 01:45:01 CET 2015
Ping: 33.088 ms
Download: 18.82 Mbit/s
Upload: 0.82 Mbit/s
Sa 14. Nov 02:45:01 CET 2015
Ping: 35.587 ms
Download: 21.43 Mbit/s
Upload: 0.87 Mbit/s
Sa 14. Nov 03:45:01 CET 2015
Ping: 33.521 ms
Download: 21.45 Mbit/s
Upload: 0.88 Mbit/s
Sa 14. Nov 04:45:01 CET 2015
Ping: 32.455 ms
Download: 21.42 Mbit/s
Upload: 0.87 Mbit/s
Sa 14. Nov 05:45:01 CET 2015
Ping: 33.831 ms
Download: 21.42 Mbit/s
Upload: 0.87 Mbit/s
Sa 14. Nov 06:45:01 CET 2015
Ping: 31.892 ms
Download: 21.45 Mbit/s
Upload: 0.87 Mbit/s
Sa 14. Nov 07:45:01 CET 2015
Ping: 30.019 ms
Download: 21.42 Mbit/s
Upload: 0.87 Mbit/s
Sa 14. Nov 08:45:01 CET 2015
Ping: 31.649 ms
Download: 20.83 Mbit/s
Upload: 0.82 Mbit/s
Sa 14. Nov 09:45:01 CET 2015
Ping: 28.51 ms
Download: 20.87 Mbit/s
Upload: 0.82 Mbit/s
Sa 14. Nov 10:45:01 CET 2015
Ping: 33.211 ms
Download: 20.99 Mbit/s
Upload: 0.87 Mbit/s
Sa 14. Nov 11:45:01 CET 2015
Ping: 31.105 ms
Download: 21.42 Mbit/s
Upload: 0.88 Mbit/s
Sa 14. Nov 12:45:01 CET 2015
Ping: 33.172 ms
Download: 21.33 Mbit/s
Upload: 0.87 Mbit/s
Sa 14. Nov 13:45:01 CET 2015
Ping: 28.269 ms
Download: 21.39 Mbit/s
Upload: 0.85 Mbit/s
Sa 14. Nov 14:45:01 CET 2015
Ping: 31.569 ms
Download: 21.45 Mbit/s
Upload: 0.87 Mbit/s
Sa 14. Nov 15:45:01 CET 2015
Ping: 34.29 ms
Download: 20.94 Mbit/s
Upload: 0.87 Mbit/s
Sa 14. Nov 16:45:01 CET 2015
Ping: 32.193 ms
Download: 21.44 Mbit/s
Upload: 0.83 Mbit/s
Sa 14. Nov 17:45:01 CET 2015
Ping: 32.607 ms
Download: 21.28 Mbit/s
Upload: 0.86 Mbit/s
Sa 14. Nov 18:45:01 CET 2015
Ping: 33.526 ms
Download: 21.42 Mbit/s
Upload: 0.87 Mbit/s
Sa 14. Nov 19:45:01 CET 2015
Ping: 27.97 ms
Download: 21.21 Mbit/s
Upload: 0.87 Mbit/s
Sa 14. Nov 20:45:01 CET 2015
Ping: 31.62 ms
Download: 21.45 Mbit/s
Upload: 0.87 Mbit/s
Sa 14. Nov 21:45:01 CET 2015
Ping: 40.169 ms
Download: 21.15 Mbit/s
Upload: 0.87 Mbit/s
Sa 14. Nov 22:45:01 CET 2015
Ping: 28.933 ms
Download: 21.45 Mbit/s
Upload: 0.88 Mbit/s
Sa 14. Nov 23:45:01 CET 2015
Ping: 30.77 ms
Download: 21.45 Mbit/s
Upload: 0.87 Mbit/s
So 15. Nov 00:45:01 CET 2015
Ping: 28.582 ms
Download: 21.45 Mbit/s
Upload: 0.87 Mbit/s
So 15. Nov 01:45:01 CET 2015
Ping: 33.124 ms
Download: 21.45 Mbit/s
Upload: 0.87 Mbit/s
So 15. Nov 02:45:01 CET 2015
Ping: 31.195 ms
Download: 21.37 Mbit/s
Upload: 0.87 Mbit/s
So 15. Nov 03:45:01 CET 2015
Ping: 33.117 ms
Download: 21.45 Mbit/s
Upload: 0.88 Mbit/s
So 15. Nov 04:45:01 CET 2015
Ping: 27.905 ms
Download: 21.42 Mbit/s
Upload: 0.87 Mbit/s
So 15. Nov 05:45:01 CET 2015
Ping: 31.718 ms
Download: 21.45 Mbit/s
Upload: 0.87 Mbit/s
So 15. Nov 06:45:01 CET 2015
Ping: 34.606 ms
Download: 21.45 Mbit/s
Upload: 0.85 Mbit/s
So 15. Nov 07:45:01 CET 2015
Ping: 29.944 ms
Download: 21.42 Mbit/s
Upload: 0.87 Mbit/s
So 15. Nov 08:45:01 CET 2015
Failed to retrieve list of speedtest.net servers
So 15. Nov 09:45:01 CET 2015
Ping: 31.435 ms
Download: 21.37 Mbit/s
Upload: 0.87 Mbit/s
So 15. Nov 10:45:01 CET 2015
Ping: 31.109 ms
Download: 21.42 Mbit/s
Upload: 0.87 Mbit/s
So 15. Nov 11:45:01 CET 2015
Ping: 29.166 ms
Download: 21.45 Mbit/s
Upload: 0.87 Mbit/s
So 15. Nov 12:45:01 CET 2015
Ping: 32.338 ms
Download: 21.42 Mbit/s
Upload: 0.87 Mbit/s
So 15. Nov 13:45:01 CET 2015
Ping: 32.321 ms
Download: 21.42 Mbit/s
Upload: 0.86 Mbit/s
So 15. Nov 14:45:01 CET 2015
Ping: 27.355 ms
Download: 21.19 Mbit/s
Upload: 0.87 Mbit/s
So 15. Nov 15:45:01 CET 2015
Ping: 28.123 ms
Download: 21.43 Mbit/s
Upload: 0.87 Mbit/s
So 15. Nov 16:45:01 CET 2015
Ping: 31.153 ms
Download: 21.41 Mbit/s
Upload: 0.87 Mbit/s
So 15. Nov 17:45:01 CET 2015
Ping: 27.382 ms
Download: 21.45 Mbit/s
Upload: 0.87 Mbit/s
So 15. Nov 18:45:01 CET 2015
Ping: 29.01 ms
Download: 21.45 Mbit/s
Upload: 0.88 Mbit/s
So 15. Nov 19:45:01 CET 2015
Ping: 29.022 ms
Download: 21.42 Mbit/s
Upload: 0.87 Mbit/s
So 15. Nov 20:45:01 CET 2015
Ping: 28.184 ms
Download: 21.41 Mbit/s
Upload: 0.87 Mbit/s
So 15. Nov 21:45:01 CET 2015
Ping: 29.432 ms
Download: 21.46 Mbit/s
Upload: 0.87 Mbit/s
So 15. Nov 22:45:01 CET 2015
Ping: 28.336 ms
Download: 21.42 Mbit/s
Upload: 0.88 Mbit/s
So 15. Nov 23:45:01 CET 2015
Ping: 28.892 ms
Download: 21.06 Mbit/s
Upload: 0.87 Mbit/s
Mo 16. Nov 00:45:02 CET 2015
Ping: 33.608 ms
Download: 21.45 Mbit/s
Upload: 0.87 Mbit/s
Mo 16. Nov 01:45:01 CET 2015
Ping: 28.033 ms
Download: 21.42 Mbit/s
Upload: 0.87 Mbit/s
Mo 16. Nov 02:45:01 CET 2015
Ping: 32.233 ms
Download: 21.46 Mbit/s
Upload: 0.87 Mbit/s
Mo 16. Nov 03:45:02 CET 2015
Ping: 29.284 ms
Download: 21.45 Mbit/s
Upload: 0.87 Mbit/s
Mo 16. Nov 04:45:01 CET 2015
Ping: 25.764 ms
Download: 21.43 Mbit/s
Upload: 0.88 Mbit/s
Mo 16. Nov 05:45:01 CET 2015
Ping: 33.631 ms
Download: 21.42 Mbit/s
Upload: 0.87 Mbit/s
Mo 16. Nov 06:45:01 CET 2015
Ping: 30.836 ms
Download: 21.42 Mbit/s
Upload: 0.87 Mbit/s
Mo 16. Nov 07:45:01 CET 2015
Ping: 31.427 ms
Download: 21.36 Mbit/s
Upload: 0.87 Mbit/s
Mo 16. Nov 08:45:01 CET 2015
Ping: 28.164 ms
Download: 21.45 Mbit/s
Upload: 0.88 Mbit/s
Mo 16. Nov 09:45:02 CET 2015
Ping: 30.889 ms
Download: 21.45 Mbit/s
Upload: 0.88 Mbit/s
Mo 16. Nov 10:45:01 CET 2015
Ping: 31.727 ms
Download: 21.44 Mbit/s
Upload: 0.87 Mbit/s
Mo 16. Nov 11:45:01 CET 2015
Ping: 36.362 ms
Download: 21.44 Mbit/s
Upload: 0.87 Mbit/s
Mo 16. Nov 12:45:01 CET 2015
Ping: 30.055 ms
Download: 21.40 Mbit/s
Upload: 0.87 Mbit/s
Mo 16. Nov 13:45:01 CET 2015
Ping: 28.338 ms
Download: 21.42 Mbit/s
Upload: 0.87 Mbit/s
Mo 16. Nov 14:45:01 CET 2015
Ping: 33.407 ms
Download: 21.42 Mbit/s
Upload: 0.88 Mbit/s
Mo 16. Nov 15:45:01 CET 2015
Ping: 34.83 ms
Download: 21.46 Mbit/s
Upload: 0.87 Mbit/s
Mo 16. Nov 16:45:01 CET 2015
Ping: 28.96 ms
Download: 21.42 Mbit/s
Upload: 0.87 Mbit/s
Mo 16. Nov 17:45:01 CET 2015
Ping: 34.161 ms
Download: 21.42 Mbit/s
Upload: 0.87 Mbit/s
Mo 16. Nov 18:45:01 CET 2015
Ping: 30.612 ms
Download: 21.44 Mbit/s
Upload: 0.87 Mbit/s
Mo 16. Nov 19:45:01 CET 2015
Ping: 29.99 ms
Download: 21.30 Mbit/s
Upload: 0.84 Mbit/s
Mo 16. Nov 20:45:01 CET 2015
Ping: 35.492 ms
Download: 20.36 Mbit/s
Upload: 0.76 Mbit/s
Mo 16. Nov 21:45:01 CET 2015
Ping: 29.705 ms
Download: 21.44 Mbit/s
Upload: 0.87 Mbit/s
Mo 16. Nov 22:45:01 CET 2015
Ping: 30.829 ms
Download: 21.45 Mbit/s
Upload: 0.87 Mbit/s
Mo 16. Nov 23:45:01 CET 2015
Ping: 28.606 ms
Download: 21.46 Mbit/s
Upload: 0.87 Mbit/s
Di 17. Nov 00:45:01 CET 2015
Ping: 28.029 ms
Download: 21.45 Mbit/s
Upload: 0.87 Mbit/s
Di 17. Nov 01:45:01 CET 2015
Ping: 31.77 ms
Download: 21.45 Mbit/s
Upload: 0.88 Mbit/s
Di 17. Nov 02:45:01 CET 2015
Ping: 29.562 ms
Download: 21.45 Mbit/s
Upload: 0.87 Mbit/s
Di 17. Nov 03:45:01 CET 2015
Ping: 27.915 ms
Download: 21.46 Mbit/s
Upload: 0.88 Mbit/s
Di 17. Nov 04:45:01 CET 2015
Ping: 31.887 ms
Download: 21.44 Mbit/s
Upload: 0.87 Mbit/s
Di 17. Nov 05:45:01 CET 2015
Ping: 33.182 ms
Download: 21.42 Mbit/s
Upload: 0.88 Mbit/s
Di 17. Nov 06:45:01 CET 2015
Ping: 28.228 ms
Download: 21.45 Mbit/s
Upload: 0.88 Mbit/s
Di 17. Nov 07:45:01 CET 2015
Ping: 30.671 ms
Download: 21.42 Mbit/s
Upload: 0.87 Mbit/s
Di 17. Nov 08:45:01 CET 2015
Ping: 27.86 ms
Download: 20.70 Mbit/s
Upload: 0.77 Mbit/s
Di 17. Nov 09:45:01 CET 2015
Ping: 33.271 ms
Download: 21.38 Mbit/s
Upload: 0.86 Mbit/s
Di 17. Nov 10:45:01 CET 2015
Ping: 30.093 ms
Download: 21.39 Mbit/s
Upload: 0.86 Mbit/s
Di 17. Nov 11:45:01 CET 2015
Ping: 26.045 ms
Download: 21.45 Mbit/s
Upload: 0.87 Mbit/s
Di 17. Nov 12:45:01 CET 2015
Ping: 32.366 ms
Download: 21.43 Mbit/s
Upload: 0.87 Mbit/s
Di 17. Nov 13:45:01 CET 2015
Ping: 28.557 ms
Download: 21.16 Mbit/s
Upload: 0.85 Mbit/s
Di 17. Nov 14:45:01 CET 2015
Ping: 29.104 ms
Download: 20.32 Mbit/s
Upload: 0.82 Mbit/s
Di 17. Nov 15:45:01 CET 2015
Ping: 31.539 ms
Download: 20.82 Mbit/s
Upload: 0.83 Mbit/s
Di 17. Nov 16:45:01 CET 2015
Ping: 27.789 ms
Download: 21.45 Mbit/s
Upload: 0.87 Mbit/s
Di 17. Nov 17:45:01 CET 2015
Ping: 31.87 ms
Download: 21.44 Mbit/s
Upload: 0.87 Mbit/s
Di 17. Nov 18:45:01 CET 2015
Ping: 30.446 ms
Download: 16.08 Mbit/s
Upload: 0.70 Mbit/s
Di 17. Nov 19:45:01 CET 2015
Ping: 31.649 ms
Download: 21.42 Mbit/s
Upload: 0.87 Mbit/s
Di 17. Nov 20:45:01 CET 2015
Ping: 29.703 ms
Download: 21.11 Mbit/s
Upload: 0.62 Mbit/s
Di 17. Nov 21:45:01 CET 2015
Ping: 29.249 ms
Download: 21.42 Mbit/s
Upload: 0.87 Mbit/s
Di 17. Nov 22:45:01 CET 2015
Ping: 32.739 ms
Download: 20.52 Mbit/s
Upload: 0.79 Mbit/s
Di 17. Nov 23:45:01 CET 2015
Ping: 37.158 ms
Download: 21.40 Mbit/s
Upload: 0.87 Mbit/s
Mi 18. Nov 00:45:02 CET 2015
Ping: 32.334 ms
Download: 21.35 Mbit/s
Upload: 0.85 Mbit/s
Mi 18. Nov 01:45:01 CET 2015
Ping: 34.94 ms
Download: 21.41 Mbit/s
Upload: 0.86 Mbit/s
Mi 18. Nov 02:45:01 CET 2015
Ping: 38.835 ms
Download: 19.78 Mbit/s
Upload: 0.86 Mbit/s
Mi 18. Nov 03:45:01 CET 2015
Ping: 31.003 ms
Download: 21.44 Mbit/s
Upload: 0.87 Mbit/s
Mi 18. Nov 04:45:01 CET 2015
Ping: 28.063 ms
Download: 21.44 Mbit/s
Upload: 0.87 Mbit/s
Mi 18. Nov 05:45:01 CET 2015
Ping: 28.764 ms
Download: 21.42 Mbit/s
Upload: 0.87 Mbit/s
Mi 18. Nov 06:45:02 CET 2015
Ping: 28.061 ms
Download: 21.45 Mbit/s
Upload: 0.87 Mbit/s
Mi 18. Nov 07:45:01 CET 2015
Ping: 27.623 ms
Download: 21.46 Mbit/s
Upload: 0.87 Mbit/s
Mi 18. Nov 08:45:01 CET 2015
Ping: 30.755 ms
Download: 21.43 Mbit/s
Upload: 0.87 Mbit/s
Mi 18. Nov 09:45:01 CET 2015
Ping: 31.259 ms
Download: 21.42 Mbit/s
Upload: 0.87 Mbit/s
Mi 18. Nov 10:45:01 CET 2015
Ping: 29.921 ms
Download: 21.46 Mbit/s
Upload: 0.87 Mbit/s
Mi 18. Nov 11:45:01 CET 2015
Ping: 28.716 ms
Download: 21.39 Mbit/s
Upload: 0.87 Mbit/s
Mi 18. Nov 12:45:01 CET 2015
Ping: 31.22 ms
Download: 21.40 Mbit/s
Upload: 0.87 Mbit/s
Mi 18. Nov 13:45:01 CET 2015
Ping: 31.735 ms
Download: 20.90 Mbit/s
Upload: 0.81 Mbit/s
Mi 18. Nov 14:45:01 CET 2015
Ping: 32.577 ms
Download: 21.44 Mbit/s
Upload: 0.87 Mbit/s
Mi 18. Nov 15:45:01 CET 2015
Ping: 31.332 ms
Download: 21.43 Mbit/s
Upload: 0.88 Mbit/s
Mi 18. Nov 16:45:01 CET 2015
Ping: 28.855 ms
Download: 21.45 Mbit/s
Upload: 0.87 Mbit/s
Mi 18. Nov 17:45:01 CET 2015
Ping: 28.357 ms
Download: 21.41 Mbit/s
Upload: 0.87 Mbit/s
Mi 18. Nov 18:45:01 CET 2015
Ping: 29.388 ms
Download: 21.38 Mbit/s
Upload: 0.87 Mbit/s
Mi 18. Nov 19:45:01 CET 2015
Ping: 28.913 ms
Download: 21.44 Mbit/s
Upload: 0.87 Mbit/s
Mi 18. Nov 20:45:01 CET 2015
Ping: 29.041 ms
Download: 21.42 Mbit/s
Upload: 0.86 Mbit/s
Mi 18. Nov 21:45:01 CET 2015
Ping: 29.268 ms
Download: 20.95 Mbit/s
Upload: 0.87 Mbit/s
Mi 18. Nov 22:45:01 CET 2015
Ping: 30.561 ms
Download: 21.45 Mbit/s
Upload: 0.87 Mbit/s
Mi 18. Nov 23:45:01 CET 2015
Ping: 32.886 ms
Download: 21.42 Mbit/s
Upload: 0.87 Mbit/s
Do 19. Nov 00:45:01 CET 2015
Ping: 31.789 ms
Download: 21.45 Mbit/s
Upload: 0.87 Mbit/s
Do 19. Nov 01:45:01 CET 2015
Ping: 29.225 ms
Download: 21.46 Mbit/s
Upload: 0.88 Mbit/s
Do 19. Nov 02:45:01 CET 2015
Ping: 32.798 ms
Download: 21.39 Mbit/s
Upload: 0.87 Mbit/s
Do 19. Nov 03:45:01 CET 2015
Ping: 34.009 ms
Download: 20.77 Mbit/s
Upload: 0.87 Mbit/s
Do 19. Nov 04:45:01 CET 2015
Ping: 28.745 ms
Download: 21.45 Mbit/s
Upload: 0.87 Mbit/s
Do 19. Nov 05:45:01 CET 2015
Ping: 31.387 ms
Download: 21.33 Mbit/s
Upload: 0.87 Mbit/s
Do 19. Nov 06:45:01 CET 2015
Ping: 30.567 ms
Download: 21.36 Mbit/s
Upload: 0.87 Mbit/s
Do 19. Nov 07:45:01 CET 2015
Ping: 30.859 ms
Download: 21.30 Mbit/s
Upload: 0.87 Mbit/s
Do 19. Nov 08:45:01 CET 2015
Ping: 30.174 ms
Download: 21.44 Mbit/s
Upload: 0.85 Mbit/s
Do 19. Nov 09:45:01 CET 2015
Ping: 33.091 ms
Download: 16.86 Mbit/s
Upload: 0.50 Mbit/s
Do 19. Nov 10:45:01 CET 2015
Ping: 31.239 ms
Download: 21.45 Mbit/s
Upload: 0.87 Mbit/s
Do 19. Nov 11:45:01 CET 2015
Ping: 29.78 ms
Download: 21.44 Mbit/s
Upload: 0.87 Mbit/s
Do 19. Nov 12:45:01 CET 2015
Ping: 29.9 ms
Download: 21.30 Mbit/s
Upload: 0.88 Mbit/s
Do 19. Nov 13:45:02 CET 2015
Ping: 28.867 ms
Download: 21.40 Mbit/s
Upload: 0.87 Mbit/s
Do 19. Nov 14:45:02 CET 2015
Ping: 29.887 ms
Download: 20.86 Mbit/s
Upload: 0.88 Mbit/s
Do 19. Nov 15:45:01 CET 2015
Ping: 29.197 ms
Download: 21.42 Mbit/s
Upload: 0.87 Mbit/s
Do 19. Nov 16:45:01 CET 2015
Ping: 31.981 ms
Download: 21.33 Mbit/s
Upload: 0.87 Mbit/s
Do 19. Nov 17:45:01 CET 2015
Ping: 28.296 ms
Download: 21.42 Mbit/s
Upload: 0.87 Mbit/s
Do 19. Nov 18:45:01 CET 2015
Ping: 33.358 ms
Download: 21.04 Mbit/s
Upload: 0.87 Mbit/s
Do 19. Nov 19:45:02 CET 2015
Ping: 27.562 ms
Download: 21.42 Mbit/s
Upload: 0.87 Mbit/s
Do 19. Nov 20:45:01 CET 2015
Ping: 30.428 ms
Download: 21.38 Mbit/s
Upload: 0.87 Mbit/s
Do 19. Nov 21:45:01 CET 2015
Ping: 30.748 ms
Download: 21.42 Mbit/s
Upload: 0.87 Mbit/s
Do 19. Nov 22:45:01 CET 2015
Ping: 29.371 ms
Download: 20.70 Mbit/s
Upload: 0.87 Mbit/s
Do 19. Nov 23:45:01 CET 2015
Ping: 28.414 ms
Download: 21.42 Mbit/s
Upload: 0.87 Mbit/s
Fr 20. Nov 00:45:01 CET 2015
Ping: 28.232 ms
Download: 21.39 Mbit/s
Upload: 0.87 Mbit/s
Fr 20. Nov 01:45:01 CET 2015
Ping: 28.709 ms
Download: 21.42 Mbit/s
Upload: 0.87 Mbit/s
Fr 20. Nov 02:45:01 CET 2015
Ping: 31.406 ms
Download: 21.42 Mbit/s
Upload: 0.88 Mbit/s
Fr 20. Nov 03:45:01 CET 2015
Ping: 28.239 ms
Download: 21.46 Mbit/s
Upload: 0.87 Mbit/s
Fr 20. Nov 04:45:01 CET 2015
Ping: 27.411 ms
Download: 21.42 Mbit/s
Upload: 0.87 Mbit/s
Fr 20. Nov 05:45:01 CET 2015
Ping: 28.334 ms
Download: 21.42 Mbit/s
Upload: 0.87 Mbit/s
Fr 20. Nov 06:45:01 CET 2015
Ping: 28.275 ms
Download: 21.42 Mbit/s
Upload: 0.87 Mbit/s
Fr 20. Nov 07:45:01 CET 2015
Ping: 28.626 ms
Download: 21.44 Mbit/s
Upload: 0.87 Mbit/s
Fr 20. Nov 08:45:01 CET 2015
Ping: 29.398 ms
Download: 21.42 Mbit/s
Upload: 0.87 Mbit/s
Fr 20. Nov 09:45:01 CET 2015
Ping: 28.362 ms
Download: 21.44 Mbit/s
Upload: 0.87 Mbit/s
Fr 20. Nov 10:45:01 CET 2015
Ping: 29.735 ms
Download: 21.42 Mbit/s
Upload: 0.86 Mbit/s
Fr 20. Nov 11:45:01 CET 2015
Ping: 31.303 ms
Download: 21.45 Mbit/s
Upload: 0.87 Mbit/s
Fr 20. Nov 12:45:01 CET 2015
Ping: 32.079 ms
Download: 19.79 Mbit/s
Upload: 0.86 Mbit/s
Fr 20. Nov 13:45:01 CET 2015
Ping: 30.428 ms
Download: 21.40 Mbit/s
Upload: 0.84 Mbit/s
Fr 20. Nov 14:45:02 CET 2015
Ping: 29.483 ms
Download: 21.42 Mbit/s
Upload: 0.87 Mbit/s
Fr 20. Nov 15:45:01 CET 2015
Ping: 27.315 ms
Download: 21.30 Mbit/s
Upload: 0.85 Mbit/s
Fr 20. Nov 16:45:01 CET 2015
Ping: 31.01 ms
Download: 21.40 Mbit/s
Upload: 0.84 Mbit/s
Fr 20. Nov 17:45:02 CET 2015
Ping: 34.734 ms
Download: 21.39 Mbit/s
Upload: 0.84 Mbit/s
Fr 20. Nov 18:45:01 CET 2015
Ping: 34.932 ms
Download: 19.75 Mbit/s
Upload: 0.59 Mbit/s
Fr 20. Nov 19:45:02 CET 2015
Ping: 29.464 ms
Download: 21.16 Mbit/s
Upload: 0.81 Mbit/s
Fr 20. Nov 20:45:01 CET 2015
Ping: 29.179 ms
Download: 21.42 Mbit/s
Upload: 0.87 Mbit/s
Fr 20. Nov 21:45:01 CET 2015
Ping: 30.052 ms
Download: 21.42 Mbit/s
Upload: 0.87 Mbit/s
Fr 20. Nov 22:45:01 CET 2015
Ping: 40.138 ms
Download: 21.27 Mbit/s
Upload: 0.86 Mbit/s
Fr 20. Nov 23:45:02 CET 2015
Ping: 32.46 ms
Download: 21.42 Mbit/s
Upload: 0.87 Mbit/s
Sa 21. Nov 00:45:01 CET 2015
Ping: 33.163 ms
Download: 21.43 Mbit/s
Upload: 0.87 Mbit/s
Sa 21. Nov 01:45:01 CET 2015
Ping: 31.043 ms
Download: 16.90 Mbit/s
Upload: 0.88 Mbit/s
Sa 21. Nov 02:45:01 CET 2015
Ping: 28.148 ms
Download: 21.45 Mbit/s
Upload: 0.87 Mbit/s
Sa 21. Nov 03:45:01 CET 2015
Ping: 28.928 ms
Download: 21.45 Mbit/s
Upload: 0.87 Mbit/s
Sa 21. Nov 04:45:01 CET 2015
Ping: 32.59 ms
Download: 21.45 Mbit/s
Upload: 0.87 Mbit/s
Sa 21. Nov 05:45:01 CET 2015
Ping: 31.325 ms
Download: 17.85 Mbit/s
Upload: 0.83 Mbit/s
Sa 21. Nov 06:45:01 CET 2015
Ping: 33.08 ms
Download: 21.44 Mbit/s
Upload: 0.87 Mbit/s
Sa 21. Nov 07:45:01 CET 2015
Ping: 28.526 ms
Download: 21.29 Mbit/s
Upload: 0.87 Mbit/s
Sa 21. Nov 08:45:01 CET 2015
Ping: 32.135 ms
Download: 21.42 Mbit/s
Upload: 0.86 Mbit/s
Sa 21. Nov 09:45:01 CET 2015
Ping: 27.448 ms
Download: 20.84 Mbit/s
Upload: 0.79 Mbit/s
Sa 21. Nov 10:45:01 CET 2015
Ping: 34.087 ms
Download: 21.23 Mbit/s
Upload: 0.82 Mbit/s
Sa 21. Nov 11:45:01 CET 2015
Ping: 34.003 ms
Download: 21.21 Mbit/s
Upload: 0.87 Mbit/s
Sa 21. Nov 13:45:01 CET 2015
Ping: 30.222 ms
Download: 21.41 Mbit/s
Upload: 0.86 Mbit/s
Sa 21. Nov 14:45:01 CET 2015
Ping: 36.692 ms
Download: 21.39 Mbit/s
Upload: 0.88 Mbit/s
Sa 21. Nov 15:45:01 CET 2015
Ping: 34.129 ms
Download: 21.41 Mbit/s
Upload: 0.87 Mbit/s
Sa 21. Nov 16:45:01 CET 2015
Ping: 31.74 ms
Download: 21.39 Mbit/s
Upload: 0.87 Mbit/s
Sa 21. Nov 17:45:01 CET 2015
Ping: 31.677 ms
Download: 17.76 Mbit/s
Upload: 0.87 Mbit/s
Sa 21. Nov 18:45:01 CET 2015
Ping: 32.257 ms
Download: 19.98 Mbit/s
Upload: 0.81 Mbit/s
Sa 21. Nov 19:45:01 CET 2015
Ping: 30.22 ms
Download: 21.42 Mbit/s
Upload: 0.87 Mbit/s
Sa 21. Nov 20:45:01 CET 2015
Ping: 28.485 ms
Download: 21.43 Mbit/s
Upload: 0.87 Mbit/s
Sa 21. Nov 21:45:01 CET 2015
Ping: 27.641 ms
Download: 20.99 Mbit/s
Upload: 0.87 Mbit/s
Sa 21. Nov 22:45:01 CET 2015
Ping: 29.14 ms
Download: 21.42 Mbit/s
Upload: 0.86 Mbit/s
Sa 21. Nov 23:45:01 CET 2015
Ping: 29.312 ms
Download: 21.45 Mbit/s
Upload: 0.87 Mbit/s
So 22. Nov 00:45:01 CET 2015
Ping: 27.286 ms
Download: 21.42 Mbit/s
Upload: 0.87 Mbit/s
So 22. Nov 01:45:01 CET 2015
Ping: 30.426 ms
Download: 21.44 Mbit/s
Upload: 0.87 Mbit/s
So 22. Nov 02:45:01 CET 2015
Ping: 31.666 ms
Download: 21.42 Mbit/s
Upload: 0.87 Mbit/s
So 22. Nov 03:45:01 CET 2015
Ping: 33.771 ms
Download: 21.45 Mbit/s
Upload: 0.87 Mbit/s
So 22. Nov 04:45:01 CET 2015
Ping: 34.051 ms
Download: 21.30 Mbit/s
Upload: 0.87 Mbit/s
So 22. Nov 05:45:01 CET 2015
Ping: 33.231 ms
Download: 21.42 Mbit/s
Upload: 0.88 Mbit/s
So 22. Nov 06:45:01 CET 2015
Ping: 31.053 ms
Download: 21.42 Mbit/s
Upload: 0.87 Mbit/s
So 22. Nov 07:45:01 CET 2015
Ping: 27.317 ms
Download: 21.45 Mbit/s
Upload: 0.87 Mbit/s
So 22. Nov 08:45:02 CET 2015
Ping: 32.122 ms
Download: 20.70 Mbit/s
Upload: 0.75 Mbit/s
So 22. Nov 09:45:01 CET 2015
Ping: 31.343 ms
Download: 21.41 Mbit/s
Upload: 0.87 Mbit/s
So 22. Nov 10:45:01 CET 2015
Ping: 32.173 ms
Download: 20.21 Mbit/s
Upload: 0.82 Mbit/s
So 22. Nov 11:45:01 CET 2015
Ping: 33.067 ms
Download: 21.21 Mbit/s
Upload: 0.85 Mbit/s
So 22. Nov 12:45:01 CET 2015
Ping: 27.804 ms
Download: 21.45 Mbit/s
Upload: 0.87 Mbit/s
So 22. Nov 13:45:01 CET 2015
Ping: 32.505 ms
Download: 21.44 Mbit/s
Upload: 0.87 Mbit/s
So 22. Nov 14:45:02 CET 2015
Ping: 28.304 ms
Download: 21.36 Mbit/s
Upload: 0.87 Mbit/s
So 22. Nov 15:45:01 CET 2015
Ping: 31.259 ms
Download: 21.39 Mbit/s
Upload: 0.84 Mbit/s
So 22. Nov 16:45:01 CET 2015
Ping: 32.831 ms
Download: 21.16 Mbit/s
Upload: 0.87 Mbit/s
So 22. Nov 17:45:01 CET 2015
Ping: 32.398 ms
Download: 21.35 Mbit/s
Upload: 0.87 Mbit/s
So 22. Nov 18:45:01 CET 2015
Ping: 29.592 ms
Download: 21.41 Mbit/s
Upload: 0.87 Mbit/s
So 22. Nov 19:45:01 CET 2015
Ping: 28.649 ms
Download: 21.13 Mbit/s
Upload: 0.87 Mbit/s
So 22. Nov 20:45:01 CET 2015
Ping: 26.807 ms
Download: 21.46 Mbit/s
Upload: 0.87 Mbit/s
So 22. Nov 21:45:01 CET 2015
Ping: 29.572 ms
Download: 21.42 Mbit/s
Upload: 0.86 Mbit/s
So 22. Nov 22:45:01 CET 2015
Ping: 28.776 ms
Download: 21.42 Mbit/s
Upload: 0.87 Mbit/s
So 22. Nov 23:45:01 CET 2015
Ping: 33.353 ms
Download: 21.45 Mbit/s
Upload: 0.86 Mbit/s
Mo 23. Nov 00:45:01 CET 2015
Ping: 33.28 ms
Download: 21.44 Mbit/s
Upload: 0.87 Mbit/s
Mo 23. Nov 01:45:01 CET 2015
Ping: 34.041 ms
Download: 21.45 Mbit/s
Upload: 0.87 Mbit/s
Mo 23. Nov 02:45:01 CET 2015
Ping: 29.988 ms
Download: 21.42 Mbit/s
Upload: 0.87 Mbit/s
Mo 23. Nov 03:45:01 CET 2015
Ping: 30.89 ms
Download: 21.42 Mbit/s
Upload: 0.87 Mbit/s
Mo 23. Nov 04:45:01 CET 2015
Ping: 34.106 ms
Download: 21.43 Mbit/s
Upload: 0.87 Mbit/s
Mo 23. Nov 05:45:01 CET 2015
Ping: 30.825 ms
Download: 21.42 Mbit/s
Upload: 0.87 Mbit/s
Mo 23. Nov 06:45:01 CET 2015
Ping: 31.481 ms
Download: 21.39 Mbit/s
Upload: 0.87 Mbit/s
Mo 23. Nov 07:45:01 CET 2015
Ping: 29.056 ms
Download: 21.45 Mbit/s
Upload: 0.87 Mbit/s
Mo 23. Nov 08:45:01 CET 2015
Ping: 33.28 ms
Download: 20.41 Mbit/s
Upload: 0.87 Mbit/s
Mo 23. Nov 09:45:01 CET 2015
Ping: 32.948 ms
Download: 21.42 Mbit/s
Upload: 0.87 Mbit/s
Mo 23. Nov 10:45:01 CET 2015
Ping: 29.069 ms
Download: 21.45 Mbit/s
Upload: 0.87 Mbit/s
Mo 23. Nov 11:45:01 CET 2015
Ping: 35.056 ms
Download: 21.43 Mbit/s
Upload: 0.87 Mbit/s
Mo 23. Nov 12:45:01 CET 2015
Ping: 29.284 ms
Download: 21.45 Mbit/s
Upload: 0.87 Mbit/s
Mo 23. Nov 13:45:01 CET 2015
Ping: 31.085 ms
Download: 21.39 Mbit/s
Upload: 0.87 Mbit/s
Mo 23. Nov 14:45:01 CET 2015
Ping: 30.801 ms
Download: 21.13 Mbit/s
Upload: 0.81 Mbit/s
Mo 23. Nov 15:45:01 CET 2015
Ping: 29.289 ms
Download: 21.35 Mbit/s
Upload: 0.87 Mbit/s
Mo 23. Nov 16:45:01 CET 2015
Ping: 33.044 ms
Download: 21.32 Mbit/s
Upload: 0.87 Mbit/s
Mo 23. Nov 17:45:01 CET 2015
Ping: 30.901 ms
Download: 20.65 Mbit/s
Upload: 0.87 Mbit/s
Mo 23. Nov 18:45:01 CET 2015
Ping: 32.617 ms
Download: 21.44 Mbit/s
Upload: 0.87 Mbit/s
Mo 23. Nov 19:45:01 CET 2015
Ping: 30.39 ms
Download: 21.43 Mbit/s
Upload: 0.87 Mbit/s
Mo 23. Nov 20:45:01 CET 2015
Ping: 26.119 ms
Download: 21.42 Mbit/s
Upload: 0.87 Mbit/s
Mo 23. Nov 21:45:01 CET 2015
Ping: 33.82 ms
Download: 21.42 Mbit/s
Upload: 0.87 Mbit/s
Mo 23. Nov 22:45:01 CET 2015
Ping: 34.297 ms
Download: 21.42 Mbit/s
Upload: 0.87 Mbit/s
Mo 23. Nov 23:45:01 CET 2015
Ping: 28.315 ms
Download: 21.42 Mbit/s
Upload: 0.88 Mbit/s
Di 24. Nov 00:45:01 CET 2015
Ping: 33.039 ms
Download: 19.94 Mbit/s
Upload: 0.87 Mbit/s
Di 24. Nov 01:45:01 CET 2015
Ping: 34.487 ms
Download: 21.45 Mbit/s
Upload: 0.87 Mbit/s
Di 24. Nov 02:45:01 CET 2015
Ping: 32.082 ms
Download: 20.90 Mbit/s
Upload: 0.87 Mbit/s
Di 24. Nov 03:45:01 CET 2015
Ping: 31.08 ms
Download: 21.44 Mbit/s
Upload: 0.87 Mbit/s
Di 24. Nov 04:45:01 CET 2015
Ping: 32.958 ms
Download: 21.38 Mbit/s
Upload: 0.87 Mbit/s
Di 24. Nov 05:45:01 CET 2015
Ping: 31.037 ms
Download: 20.96 Mbit/s
Upload: 0.87 Mbit/s
Di 24. Nov 06:45:01 CET 2015
Ping: 28.175 ms
Download: 21.37 Mbit/s
Upload: 0.87 Mbit/s
Di 24. Nov 07:45:01 CET 2015
Ping: 31.181 ms
Download: 20.52 Mbit/s
Upload: 0.78 Mbit/s
Di 24. Nov 08:45:01 CET 2015
Ping: 33.275 ms
Download: 20.30 Mbit/s
Upload: 0.53 Mbit/s
Di 24. Nov 09:45:01 CET 2015
Ping: 33.233 ms
Download: 21.39 Mbit/s
Upload: 0.83 Mbit/s
Di 24. Nov 10:45:02 CET 2015
Ping: 34.231 ms
Download: 21.43 Mbit/s
Upload: 0.87 Mbit/s
Di 24. Nov 11:45:01 CET 2015
Ping: 36.009 ms
Download: 21.44 Mbit/s
Upload: 0.87 Mbit/s
Di 24. Nov 12:45:01 CET 2015
Ping: 33.41 ms
Download: 19.68 Mbit/s
Upload: 0.87 Mbit/s
Di 24. Nov 13:45:01 CET 2015
Ping: 33.291 ms
Download: 21.31 Mbit/s
Upload: 0.87 Mbit/s
Di 24. Nov 14:45:01 CET 2015
Ping: 33.137 ms
Download: 21.19 Mbit/s
Upload: 0.86 Mbit/s
Di 24. Nov 15:45:01 CET 2015
Ping: 31.172 ms
Download: 21.27 Mbit/s
Upload: 0.87 Mbit/s
Di 24. Nov 16:45:01 CET 2015
Ping: 34.756 ms
Download: 21.42 Mbit/s
Upload: 0.87 Mbit/s
Di 24. Nov 17:45:01 CET 2015
Ping: 26.88 ms
Download: 21.30 Mbit/s
Upload: 0.83 Mbit/s
Di 24. Nov 18:45:01 CET 2015
Ping: 31.417 ms
Download: 21.39 Mbit/s
Upload: 0.87 Mbit/s
Di 24. Nov 19:45:01 CET 2015
Ping: 35.376 ms
Download: 21.42 Mbit/s
Upload: 0.87 Mbit/s
Di 24. Nov 20:45:01 CET 2015
Ping: 30.797 ms
Download: 21.22 Mbit/s
Upload: 0.87 Mbit/s
Di 24. Nov 21:45:01 CET 2015
Ping: 30.043 ms
Download: 21.42 Mbit/s
Upload: 0.87 Mbit/s
Di 24. Nov 22:45:01 CET 2015
Ping: 33.503 ms
Download: 21.42 Mbit/s
Upload: 0.87 Mbit/s
Di 24. Nov 23:45:01 CET 2015
Ping: 33.67 ms
Download: 21.46 Mbit/s
Upload: 0.88 Mbit/s
Mi 25. Nov 00:45:01 CET 2015
Ping: 28.68 ms
Download: 21.42 Mbit/s
Upload: 0.88 Mbit/s
Mi 25. Nov 01:45:01 CET 2015
Ping: 30.261 ms
Download: 21.42 Mbit/s
Upload: 0.88 Mbit/s
Mi 25. Nov 02:45:01 CET 2015
Ping: 29.092 ms
Download: 21.43 Mbit/s
Upload: 0.87 Mbit/s
Mi 25. Nov 03:45:01 CET 2015
Ping: 30.021 ms
Download: 21.47 Mbit/s
Upload: 0.87 Mbit/s
Mi 25. Nov 04:45:01 CET 2015
Ping: 32.802 ms
Download: 21.42 Mbit/s
Upload: 0.87 Mbit/s
Mi 25. Nov 05:45:01 CET 2015
Ping: 28.069 ms
Download: 21.45 Mbit/s
Upload: 0.87 Mbit/s
Mi 25. Nov 06:45:01 CET 2015
Ping: 33.899 ms
Download: 21.18 Mbit/s
Upload: 0.88 Mbit/s
Mi 25. Nov 07:45:01 CET 2015
Ping: 32.903 ms
Download: 21.25 Mbit/s
Upload: 0.82 Mbit/s
Mi 25. Nov 08:45:01 CET 2015
Ping: 32.686 ms
Download: 20.17 Mbit/s
Upload: 0.85 Mbit/s
Mi 25. Nov 09:45:01 CET 2015
Ping: 31.84 ms
Download: 21.43 Mbit/s
Upload: 0.87 Mbit/s
Mi 25. Nov 10:45:01 CET 2015
Ping: 30.366 ms
Download: 21.42 Mbit/s
Upload: 0.87 Mbit/s
Mi 25. Nov 11:45:01 CET 2015
Ping: 30.984 ms
Download: 21.27 Mbit/s
Upload: 0.76 Mbit/s
Mi 25. Nov 12:45:02 CET 2015
Ping: 28.447 ms
Download: 21.41 Mbit/s
Upload: 0.86 Mbit/s
Mi 25. Nov 13:45:01 CET 2015
Ping: 34.668 ms
Download: 21.42 Mbit/s
Upload: 0.87 Mbit/s
Mi 25. Nov 14:45:01 CET 2015
Ping: 33.844 ms
Download: 21.42 Mbit/s
Upload: 0.87 Mbit/s
Mi 25. Nov 15:45:01 CET 2015
Ping: 36.419 ms
Download: 20.84 Mbit/s
Upload: 0.87 Mbit/s
Mi 25. Nov 16:45:01 CET 2015
Ping: 34.812 ms
Download: 21.41 Mbit/s
Upload: 0.87 Mbit/s
Mi 25. Nov 17:45:01 CET 2015
Ping: 29.277 ms
Download: 21.42 Mbit/s
Upload: 0.87 Mbit/s
Mi 25. Nov 18:45:01 CET 2015
Ping: 29.257 ms
Download: 21.44 Mbit/s
Upload: 0.87 Mbit/s
Mi 25. Nov 19:45:01 CET 2015
Ping: 31.085 ms
Download: 20.87 Mbit/s
Upload: 0.86 Mbit/s
Mi 25. Nov 20:45:01 CET 2015
Ping: 30.864 ms
Download: 20.33 Mbit/s
Upload: 0.81 Mbit/s
Mi 25. Nov 21:45:01 CET 2015
Ping: 33.725 ms
Download: 21.33 Mbit/s
Upload: 0.87 Mbit/s
Mi 25. Nov 22:45:01 CET 2015
Ping: 32.636 ms
Download: 21.39 Mbit/s
Upload: 0.88 Mbit/s
Mi 25. Nov 23:45:02 CET 2015
Ping: 28.164 ms
Download: 21.41 Mbit/s
Upload: 0.87 Mbit/s
Do 26. Nov 00:45:01 CET 2015
Ping: 29.796 ms
Download: 21.46 Mbit/s
Upload: 0.88 Mbit/s
Do 26. Nov 01:45:02 CET 2015
Ping: 37.47 ms
Download: 20.96 Mbit/s
Upload: 0.85 Mbit/s
Do 26. Nov 02:45:01 CET 2015
Ping: 32.999 ms
Download: 19.46 Mbit/s
Upload: 0.88 Mbit/s
Do 26. Nov 03:45:01 CET 2015
Ping: 31.082 ms
Download: 21.42 Mbit/s
Upload: 0.87 Mbit/s
Do 26. Nov 04:45:01 CET 2015
Ping: 27.797 ms
Download: 21.36 Mbit/s
Upload: 0.87 Mbit/s
Do 26. Nov 05:45:01 CET 2015
Ping: 31.757 ms
Download: 21.42 Mbit/s
Upload: 0.87 Mbit/s
Do 26. Nov 06:45:01 CET 2015
Ping: 33.725 ms
Download: 21.45 Mbit/s
Upload: 0.88 Mbit/s
Do 26. Nov 07:45:02 CET 2015
Ping: 29.419 ms
Download: 20.07 Mbit/s
Upload: 0.83 Mbit/s
Do 26. Nov 08:45:01 CET 2015
Ping: 35.032 ms
Download: 21.42 Mbit/s
Upload: 0.87 Mbit/s
Do 26. Nov 09:45:01 CET 2015
Ping: 31.391 ms
Download: 21.41 Mbit/s
Upload: 0.87 Mbit/s
Do 26. Nov 10:45:01 CET 2015
Ping: 30.359 ms
Download: 21.42 Mbit/s
Upload: 0.87 Mbit/s
Do 26. Nov 11:45:02 CET 2015
Ping: 29.934 ms
Download: 21.42 Mbit/s
Upload: 0.87 Mbit/s
Do 26. Nov 12:45:01 CET 2015
Ping: 29.406 ms
Download: 21.41 Mbit/s
Upload: 0.87 Mbit/s
Do 26. Nov 13:45:01 CET 2015
Ping: 28.421 ms
Download: 21.42 Mbit/s
Upload: 0.86 Mbit/s
Do 26. Nov 14:45:01 CET 2015
Ping: 32.025 ms
Download: 21.27 Mbit/s
Upload: 0.88 Mbit/s
Do 26. Nov 15:45:01 CET 2015
Ping: 33.046 ms
Download: 19.88 Mbit/s
Upload: 0.88 Mbit/s
Do 26. Nov 16:45:01 CET 2015
Ping: 27.093 ms
Download: 21.42 Mbit/s
Upload: 0.87 Mbit/s
Do 26. Nov 17:45:01 CET 2015
Ping: 30.451 ms
Download: 21.45 Mbit/s
Upload: 0.88 Mbit/s
Do 26. Nov 18:45:02 CET 2015
Ping: 32.476 ms
Download: 21.31 Mbit/s
Upload: 0.87 Mbit/s
Do 26. Nov 19:45:01 CET 2015
Ping: 34.114 ms
Download: 21.42 Mbit/s
Upload: 0.82 Mbit/s
Do 26. Nov 20:45:01 CET 2015
Ping: 31.846 ms
Download: 20.53 Mbit/s
Upload: 0.83 Mbit/s
Do 26. Nov 21:45:01 CET 2015
Ping: 31.013 ms
Download: 21.45 Mbit/s
Upload: 0.88 Mbit/s
Do 26. Nov 22:45:01 CET 2015
Ping: 30.875 ms
Download: 19.19 Mbit/s
Upload: 0.77 Mbit/s
Do 26. Nov 23:45:01 CET 2015
Ping: 27.802 ms
Download: 21.45 Mbit/s
Upload: 0.87 Mbit/s
Fr 27. Nov 00:45:01 CET 2015
Ping: 30.325 ms
Download: 21.45 Mbit/s
Upload: 0.87 Mbit/s
Fr 27. Nov 01:45:01 CET 2015
Ping: 29.886 ms
Download: 21.41 Mbit/s
Upload: 0.87 Mbit/s
Fr 27. Nov 02:45:01 CET 2015
Ping: 28.813 ms
Download: 21.39 Mbit/s
Upload: 0.88 Mbit/s
Fr 27. Nov 03:45:01 CET 2015
Ping: 30.98 ms
Download: 21.38 Mbit/s
Upload: 0.87 Mbit/s
Fr 27. Nov 04:45:01 CET 2015
Ping: 34.1 ms
Download: 21.45 Mbit/s
Upload: 0.87 Mbit/s
Fr 27. Nov 05:45:02 CET 2015
Ping: 33.806 ms
Download: 21.45 Mbit/s
Upload: 0.87 Mbit/s
Fr 27. Nov 06:45:01 CET 2015
Ping: 35.528 ms
Download: 21.45 Mbit/s
Upload: 0.85 Mbit/s
Fr 27. Nov 07:45:01 CET 2015
Ping: 30.107 ms
Download: 21.38 Mbit/s
Upload: 0.88 Mbit/s
Fr 27. Nov 08:45:01 CET 2015
Ping: 32.897 ms
Download: 21.44 Mbit/s
Upload: 0.87 Mbit/s
Fr 27. Nov 09:45:01 CET 2015
Ping: 31.15 ms
Download: 21.21 Mbit/s
Upload: 0.76 Mbit/s
Fr 27. Nov 10:45:01 CET 2015
Ping: 30.711 ms
Download: 21.41 Mbit/s
Upload: 0.87 Mbit/s
Fr 27. Nov 11:45:01 CET 2015
Ping: 32.393 ms
Download: 20.87 Mbit/s
Upload: 0.86 Mbit/s
Fr 27. Nov 12:45:01 CET 2015
Ping: 29.624 ms
Download: 21.44 Mbit/s
Upload: 0.86 Mbit/s
Fr 27. Nov 13:45:01 CET 2015
Ping: 31.324 ms
Download: 21.43 Mbit/s
Upload: 0.87 Mbit/s
Fr 27. Nov 14:45:01 CET 2015
Ping: 32.335 ms
Download: 20.47 Mbit/s
Upload: 0.82 Mbit/s
Fr 27. Nov 15:45:01 CET 2015
Ping: 32.929 ms
Download: 21.42 Mbit/s
Upload: 0.85 Mbit/s
Fr 27. Nov 16:45:01 CET 2015
Ping: 31.643 ms
Download: 20.46 Mbit/s
Upload: 0.83 Mbit/s
Fr 27. Nov 17:45:01 CET 2015
Ping: 30.903 ms
Download: 21.43 Mbit/s
Upload: 0.87 Mbit/s
Fr 27. Nov 18:45:01 CET 2015
Ping: 31.394 ms
Download: 20.59 Mbit/s
Upload: 0.83 Mbit/s
Fr 27. Nov 19:45:01 CET 2015
Ping: 31.991 ms
Download: 20.22 Mbit/s
Upload: 0.87 Mbit/s
Fr 27. Nov 20:45:01 CET 2015
Ping: 31.642 ms
Download: 21.32 Mbit/s
Upload: 0.87 Mbit/s
Fr 27. Nov 21:45:01 CET 2015
Ping: 32.617 ms
Download: 21.37 Mbit/s
Upload: 0.88 Mbit/s
Fr 27. Nov 22:45:01 CET 2015
Ping: 31.811 ms
Download: 21.45 Mbit/s
Upload: 0.86 Mbit/s
Fr 27. Nov 23:45:01 CET 2015
Ping: 31.073 ms
Download: 21.42 Mbit/s
Upload: 0.87 Mbit/s
Sa 28. Nov 00:45:01 CET 2015
Ping: 30.785 ms
Download: 21.04 Mbit/s
Upload: 0.87 Mbit/s
Sa 28. Nov 01:45:01 CET 2015
Ping: 31.353 ms
Download: 21.22 Mbit/s
Upload: 0.88 Mbit/s
Sa 28. Nov 02:45:02 CET 2015
Ping: 31.884 ms
Download: 21.41 Mbit/s
Upload: 0.87 Mbit/s
Sa 28. Nov 03:45:01 CET 2015
Ping: 31.2 ms
Download: 20.42 Mbit/s
Upload: 0.87 Mbit/s
Sa 28. Nov 04:45:01 CET 2015
Ping: 36.347 ms
Download: 21.42 Mbit/s
Upload: 0.87 Mbit/s
Sa 28. Nov 05:45:02 CET 2015
Ping: 31.532 ms
Download: 21.37 Mbit/s
Upload: 0.87 Mbit/s
Sa 28. Nov 06:45:01 CET 2015
Ping: 30.644 ms
Download: 21.16 Mbit/s
Upload: 0.88 Mbit/s
Sa 28. Nov 07:45:01 CET 2015
Ping: 35.029 ms
Download: 21.42 Mbit/s
Upload: 0.87 Mbit/s
Sa 28. Nov 08:45:01 CET 2015
Ping: 31.112 ms
Download: 21.38 Mbit/s
Upload: 0.73 Mbit/s
Sa 28. Nov 09:45:01 CET 2015
Ping: 31.207 ms
Download: 21.36 Mbit/s
Upload: 0.84 Mbit/s
Sa 28. Nov 10:45:01 CET 2015
Ping: 31.011 ms
Download: 20.94 Mbit/s
Upload: 0.79 Mbit/s
Sa 28. Nov 11:45:01 CET 2015
Ping: 30.126 ms
Download: 19.12 Mbit/s
Upload: 0.68 Mbit/s
Sa 28. Nov 12:45:01 CET 2015
Ping: 31.495 ms
Download: 21.42 Mbit/s
Upload: 0.86 Mbit/s
Sa 28. Nov 13:45:01 CET 2015
Ping: 35.923 ms
Download: 21.42 Mbit/s
Upload: 0.87 Mbit/s
Sa 28. Nov 14:45:01 CET 2015
Ping: 30.855 ms
Download: 21.38 Mbit/s
Upload: 0.88 Mbit/s
Sa 28. Nov 15:45:01 CET 2015
Ping: 31.188 ms
Download: 21.42 Mbit/s
Upload: 0.84 Mbit/s
Sa 28. Nov 16:45:01 CET 2015
Ping: 32.103 ms
Download: 21.33 Mbit/s
Upload: 0.87 Mbit/s
Sa 28. Nov 17:45:02 CET 2015
Ping: 31.512 ms
Download: 21.14 Mbit/s
Upload: 0.87 Mbit/s
Sa 28. Nov 18:45:01 CET 2015
Ping: 31.885 ms
Download: 21.43 Mbit/s
Upload: 0.88 Mbit/s
Sa 28. Nov 19:45:01 CET 2015
Ping: 29.98 ms
Download: 21.04 Mbit/s
Upload: 0.86 Mbit/s
Sa 28. Nov 20:45:01 CET 2015
Ping: 31.214 ms
Download: 21.40 Mbit/s
Upload: 0.87 Mbit/s
Sa 28. Nov 21:45:01 CET 2015
Ping: 31.165 ms
Download: 21.41 Mbit/s
Upload: 0.87 Mbit/s
Sa 28. Nov 22:45:01 CET 2015
Ping: 29.97 ms
Download: 20.90 Mbit/s
Upload: 0.87 Mbit/s
Sa 28. Nov 23:45:01 CET 2015
Ping: 33.069 ms
Download: 21.45 Mbit/s
Upload: 0.86 Mbit/s
So 29. Nov 00:45:01 CET 2015
Ping: 30.152 ms
Download: 21.42 Mbit/s
Upload: 0.88 Mbit/s
So 29. Nov 01:45:01 CET 2015
Ping: 30.0 ms
Download: 21.28 Mbit/s
Upload: 0.87 Mbit/s
So 29. Nov 02:45:01 CET 2015
Ping: 29.867 ms
Download: 21.44 Mbit/s
Upload: 0.87 Mbit/s
So 29. Nov 03:45:01 CET 2015
Ping: 30.678 ms
Download: 21.45 Mbit/s
Upload: 0.87 Mbit/s
So 29. Nov 04:45:01 CET 2015
Ping: 30.319 ms
Download: 21.42 Mbit/s
Upload: 0.87 Mbit/s
So 29. Nov 05:45:02 CET 2015
Ping: 32.726 ms
Download: 21.44 Mbit/s
Upload: 0.87 Mbit/s
So 29. Nov 06:45:01 CET 2015
Ping: 33.026 ms
Download: 21.45 Mbit/s
Upload: 0.87 Mbit/s
So 29. Nov 07:45:01 CET 2015
Ping: 31.449 ms
Download: 21.44 Mbit/s
Upload: 0.87 Mbit/s
So 29. Nov 08:45:01 CET 2015
Ping: 28.559 ms
Download: 21.33 Mbit/s
Upload: 0.87 Mbit/s
So 29. Nov 09:45:01 CET 2015
Ping: 26.698 ms
Download: 21.22 Mbit/s
Upload: 0.86 Mbit/s
So 29. Nov 10:45:01 CET 2015
Ping: 32.504 ms
Download: 21.46 Mbit/s
Upload: 0.87 Mbit/s
So 29. Nov 11:45:01 CET 2015
Ping: 32.215 ms
Download: 21.42 Mbit/s
Upload: 0.87 Mbit/s
So 29. Nov 12:45:01 CET 2015
Ping: 30.692 ms
Download: 21.38 Mbit/s
Upload: 0.87 Mbit/s
So 29. Nov 13:45:01 CET 2015
Ping: 31.971 ms
Download: 21.42 Mbit/s
Upload: 0.88 Mbit/s
So 29. Nov 14:45:01 CET 2015
Ping: 33.272 ms
Download: 20.62 Mbit/s
Upload: 0.87 Mbit/s
So 29. Nov 15:45:01 CET 2015
Ping: 34.076 ms
Download: 21.42 Mbit/s
Upload: 0.87 Mbit/s
So 29. Nov 16:45:01 CET 2015
Ping: 34.028 ms
Download: 21.42 Mbit/s
Upload: 0.88 Mbit/s
So 29. Nov 17:45:01 CET 2015
Ping: 31.226 ms
Download: 21.45 Mbit/s
Upload: 0.87 Mbit/s
So 29. Nov 18:45:01 CET 2015
Ping: 32.045 ms
Download: 20.46 Mbit/s
Upload: 0.85 Mbit/s
So 29. Nov 19:45:01 CET 2015
Ping: 31.75 ms
Download: 21.42 Mbit/s
Upload: 0.87 Mbit/s
So 29. Nov 20:45:01 CET 2015
Ping: 30.952 ms
Download: 21.42 Mbit/s
Upload: 0.87 Mbit/s
So 29. Nov 21:45:01 CET 2015
Ping: 33.626 ms
Download: 21.39 Mbit/s
Upload: 0.87 Mbit/s
So 29. Nov 22:45:01 CET 2015
Ping: 29.365 ms
Download: 21.42 Mbit/s
Upload: 0.87 Mbit/s
So 29. Nov 23:45:01 CET 2015
Ping: 32.262 ms
Download: 21.36 Mbit/s
Upload: 0.87 Mbit/s
Mo 30. Nov 00:45:01 CET 2015
Ping: 31.689 ms
Download: 21.42 Mbit/s
Upload: 0.88 Mbit/s
Mo 30. Nov 01:45:01 CET 2015
Ping: 31.158 ms
Download: 21.43 Mbit/s
Upload: 0.87 Mbit/s
Mo 30. Nov 02:45:01 CET 2015
Ping: 29.892 ms
Download: 21.45 Mbit/s
Upload: 0.87 Mbit/s
Mo 30. Nov 03:45:01 CET 2015
Ping: 30.313 ms
Download: 21.42 Mbit/s
Upload: 0.88 Mbit/s
Mo 30. Nov 04:45:01 CET 2015
Ping: 31.837 ms
Download: 21.42 Mbit/s
Upload: 0.85 Mbit/s
Mo 30. Nov 05:45:01 CET 2015
Ping: 32.595 ms
Download: 21.46 Mbit/s
Upload: 0.86 Mbit/s
Mo 30. Nov 06:45:01 CET 2015
Ping: 30.382 ms
Download: 21.42 Mbit/s
Upload: 0.87 Mbit/s
Mo 30. Nov 07:45:01 CET 2015
Ping: 30.848 ms
Download: 21.45 Mbit/s
Upload: 0.87 Mbit/s
Mo 30. Nov 08:45:01 CET 2015
Ping: 31.088 ms
Download: 21.44 Mbit/s
Upload: 0.87 Mbit/s
Mo 30. Nov 09:45:01 CET 2015
Ping: 30.735 ms
Download: 21.45 Mbit/s
Upload: 0.87 Mbit/s
Mo 30. Nov 10:45:01 CET 2015
Ping: 31.242 ms
Download: 21.41 Mbit/s
Upload: 0.87 Mbit/s
Mo 30. Nov 11:45:01 CET 2015
Ping: 30.08 ms
Download: 21.42 Mbit/s
Upload: 0.87 Mbit/s
Mo 30. Nov 12:45:01 CET 2015
Ping: 32.468 ms
Download: 21.45 Mbit/s
Upload: 0.87 Mbit/s
Mo 30. Nov 13:45:02 CET 2015
Ping: 33.502 ms
Download: 20.35 Mbit/s
Upload: 0.78 Mbit/s
Mo 30. Nov 14:45:01 CET 2015
Ping: 30.967 ms
Download: 21.15 Mbit/s
Upload: 0.87 Mbit/s
Mo 30. Nov 15:45:01 CET 2015
Ping: 32.701 ms
Download: 21.41 Mbit/s
Upload: 0.87 Mbit/s
Mo 30. Nov 16:45:01 CET 2015
Ping: 30.082 ms
Download: 21.15 Mbit/s
Upload: 0.82 Mbit/s
Mo 30. Nov 17:45:01 CET 2015
Ping: 35.484 ms
Download: 21.42 Mbit/s
Upload: 0.88 Mbit/s
Mo 30. Nov 18:45:01 CET 2015
Ping: 31.479 ms
Download: 20.98 Mbit/s
Upload: 0.88 Mbit/s
Mo 30. Nov 19:45:02 CET 2015
Ping: 32.901 ms
Download: 21.42 Mbit/s
Upload: 0.88 Mbit/s
Mo 30. Nov 20:45:01 CET 2015
Ping: 32.856 ms
Download: 21.42 Mbit/s
Upload: 0.87 Mbit/s
Mo 30. Nov 21:45:01 CET 2015
Ping: 31.241 ms
Download: 21.21 Mbit/s
Upload: 0.80 Mbit/s
Mo 30. Nov 22:45:01 CET 2015
Ping: 29.298 ms
Download: 21.42 Mbit/s
Upload: 0.85 Mbit/s
Mo 30. Nov 23:45:01 CET 2015
Ping: 30.266 ms
Download: 21.01 Mbit/s
Upload: 0.88 Mbit/s
