Fr 1. Mai 00:45:01 CEST 2015
Ping: 27.228 ms
Download: 10.73 Mbit/s
Upload: 0.88 Mbit/s
Fr 1. Mai 01:45:01 CEST 2015
Ping: 29.446 ms
Download: 10.72 Mbit/s
Upload: 0.87 Mbit/s
Fr 1. Mai 02:45:01 CEST 2015
Ping: 24.74 ms
Download: 10.74 Mbit/s
Upload: 0.81 Mbit/s
Fr 1. Mai 03:45:02 CEST 2015
Ping: 25.282 ms
Download: 10.72 Mbit/s
Upload: 0.87 Mbit/s
Fr 1. Mai 04:45:01 CEST 2015
Ping: 28.069 ms
Download: 10.72 Mbit/s
Upload: 0.87 Mbit/s
Fr 1. Mai 05:45:01 CEST 2015
Ping: 26.941 ms
Download: 10.74 Mbit/s
Upload: 0.87 Mbit/s
Fr 1. Mai 06:45:02 CEST 2015
Ping: 27.903 ms
Download: 10.72 Mbit/s
Upload: 0.87 Mbit/s
Fr 1. Mai 07:45:01 CEST 2015
Ping: 26.039 ms
Download: 10.74 Mbit/s
Upload: 0.88 Mbit/s
Fr 1. Mai 08:45:01 CEST 2015
Ping: 26.382 ms
Download: 10.73 Mbit/s
Upload: 0.87 Mbit/s
Fr 1. Mai 09:45:01 CEST 2015
Ping: 26.9 ms
Download: 10.72 Mbit/s
Upload: 0.87 Mbit/s
Fr 1. Mai 10:45:01 CEST 2015
Ping: 26.798 ms
Download: 10.72 Mbit/s
Upload: 0.87 Mbit/s
Fr 1. Mai 11:45:01 CEST 2015
Ping: 27.305 ms
Download: 10.74 Mbit/s
Upload: 0.86 Mbit/s
Fr 1. Mai 12:45:02 CEST 2015
Ping: 28.171 ms
Download: 10.70 Mbit/s
Upload: 0.85 Mbit/s
Fr 1. Mai 13:45:01 CEST 2015
Ping: 27.138 ms
Download: 10.74 Mbit/s
Upload: 0.87 Mbit/s
Fr 1. Mai 14:45:01 CEST 2015
Ping: 29.454 ms
Download: 10.74 Mbit/s
Upload: 0.87 Mbit/s
Fr 1. Mai 15:45:01 CEST 2015
Ping: 26.735 ms
Download: 10.73 Mbit/s
Upload: 0.87 Mbit/s
Fr 1. Mai 16:45:01 CEST 2015
Ping: 26.499 ms
Download: 10.72 Mbit/s
Upload: 0.87 Mbit/s
Fr 1. Mai 17:45:01 CEST 2015
Ping: 26.914 ms
Download: 10.73 Mbit/s
Upload: 0.87 Mbit/s
Fr 1. Mai 18:45:01 CEST 2015
Ping: 26.074 ms
Download: 10.74 Mbit/s
Upload: 0.87 Mbit/s
Fr 1. Mai 19:45:01 CEST 2015
Ping: 26.602 ms
Download: 10.72 Mbit/s
Upload: 0.88 Mbit/s
Fr 1. Mai 20:45:01 CEST 2015
Ping: 29.577 ms
Download: 10.72 Mbit/s
Upload: 0.87 Mbit/s
Fr 1. Mai 21:45:01 CEST 2015
Ping: 27.994 ms
Download: 10.72 Mbit/s
Upload: 0.87 Mbit/s
Fr 1. Mai 22:45:02 CEST 2015
Ping: 27.373 ms
Download: 10.73 Mbit/s
Upload: 0.86 Mbit/s
Fr 1. Mai 23:45:01 CEST 2015
Ping: 28.304 ms
Download: 10.73 Mbit/s
Upload: 0.87 Mbit/s
Sa 2. Mai 00:45:01 CEST 2015
Ping: 29.571 ms
Download: 10.74 Mbit/s
Upload: 0.87 Mbit/s
Sa 2. Mai 01:45:01 CEST 2015
Ping: 26.973 ms
Download: 10.72 Mbit/s
Upload: 0.87 Mbit/s
Sa 2. Mai 02:45:01 CEST 2015
Ping: 27.916 ms
Download: 10.74 Mbit/s
Upload: 0.88 Mbit/s
Sa 2. Mai 03:45:01 CEST 2015
Ping: 33.352 ms
Download: 10.72 Mbit/s
Upload: 0.87 Mbit/s
Sa 2. Mai 04:45:01 CEST 2015
Ping: 26.341 ms
Download: 10.72 Mbit/s
Upload: 0.87 Mbit/s
Sa 2. Mai 05:45:01 CEST 2015
Ping: 27.708 ms
Download: 10.72 Mbit/s
Upload: 0.87 Mbit/s
Sa 2. Mai 06:45:01 CEST 2015
Ping: 28.486 ms
Download: 10.72 Mbit/s
Upload: 0.87 Mbit/s
Sa 2. Mai 07:45:01 CEST 2015
Ping: 27.287 ms
Download: 10.74 Mbit/s
Upload: 0.87 Mbit/s
Sa 2. Mai 08:45:01 CEST 2015
Ping: 28.376 ms
Download: 10.72 Mbit/s
Upload: 0.79 Mbit/s
Sa 2. Mai 09:45:01 CEST 2015
Ping: 28.187 ms
Download: 9.61 Mbit/s
Upload: 0.83 Mbit/s
Sa 2. Mai 10:45:01 CEST 2015
Ping: 27.37 ms
Download: 10.73 Mbit/s
Upload: 0.87 Mbit/s
Sa 2. Mai 11:45:01 CEST 2015
Ping: 26.538 ms
Download: 10.71 Mbit/s
Upload: 0.88 Mbit/s
Sa 2. Mai 12:45:01 CEST 2015
Ping: 27.039 ms
Download: 10.73 Mbit/s
Upload: 0.88 Mbit/s
Sa 2. Mai 13:45:01 CEST 2015
Ping: 27.54 ms
Download: 10.72 Mbit/s
Upload: 0.86 Mbit/s
Sa 2. Mai 14:45:01 CEST 2015
Ping: 27.298 ms
Download: 10.71 Mbit/s
Upload: 0.87 Mbit/s
Sa 2. Mai 15:45:01 CEST 2015
Ping: 27.531 ms
Download: 10.72 Mbit/s
Upload: 0.87 Mbit/s
Sa 2. Mai 16:45:01 CEST 2015
Ping: 26.484 ms
Download: 10.73 Mbit/s
Upload: 0.87 Mbit/s
Sa 2. Mai 17:45:01 CEST 2015
Ping: 27.259 ms
Download: 10.65 Mbit/s
Upload: 0.87 Mbit/s
Sa 2. Mai 18:45:01 CEST 2015
Ping: 28.649 ms
Download: 10.59 Mbit/s
Upload: 0.86 Mbit/s
Sa 2. Mai 19:45:01 CEST 2015
Ping: 27.693 ms
Download: 10.74 Mbit/s
Upload: 0.87 Mbit/s
Sa 2. Mai 20:45:01 CEST 2015
Ping: 27.981 ms
Download: 10.74 Mbit/s
Upload: 0.88 Mbit/s
Sa 2. Mai 21:45:01 CEST 2015
Ping: 31.207 ms
Download: 10.72 Mbit/s
Upload: 0.87 Mbit/s
Sa 2. Mai 22:45:01 CEST 2015
Ping: 27.905 ms
Download: 10.73 Mbit/s
Upload: 0.87 Mbit/s
Sa 2. Mai 23:45:01 CEST 2015
Ping: 27.481 ms
Download: 10.08 Mbit/s
Upload: 0.86 Mbit/s
So 3. Mai 00:45:01 CEST 2015
Ping: 28.275 ms
Download: 10.74 Mbit/s
Upload: 0.88 Mbit/s
So 3. Mai 01:45:01 CEST 2015
Ping: 27.553 ms
Download: 10.73 Mbit/s
Upload: 0.88 Mbit/s
So 3. Mai 02:45:01 CEST 2015
Ping: 28.228 ms
Download: 10.72 Mbit/s
Upload: 0.87 Mbit/s
So 3. Mai 03:45:01 CEST 2015
Ping: 27.793 ms
Download: 10.71 Mbit/s
Upload: 0.88 Mbit/s
So 3. Mai 04:45:01 CEST 2015
Ping: 26.08 ms
Download: 10.72 Mbit/s
Upload: 0.85 Mbit/s
So 3. Mai 05:45:01 CEST 2015
Ping: 27.43 ms
Download: 10.72 Mbit/s
Upload: 0.87 Mbit/s
So 3. Mai 06:45:01 CEST 2015
Ping: 26.965 ms
Download: 10.73 Mbit/s
Upload: 0.88 Mbit/s
So 3. Mai 07:45:01 CEST 2015
Ping: 26.557 ms
Download: 10.68 Mbit/s
Upload: 0.85 Mbit/s
So 3. Mai 08:45:01 CEST 2015
Ping: 26.805 ms
Download: 10.72 Mbit/s
Upload: 0.87 Mbit/s
So 3. Mai 09:45:01 CEST 2015
Ping: 27.052 ms
Download: 10.72 Mbit/s
Upload: 0.87 Mbit/s
So 3. Mai 10:45:01 CEST 2015
Ping: 28.047 ms
Download: 10.73 Mbit/s
Upload: 0.80 Mbit/s
So 3. Mai 11:45:01 CEST 2015
Ping: 28.679 ms
Download: 10.36 Mbit/s
Upload: 0.83 Mbit/s
So 3. Mai 12:45:01 CEST 2015
Ping: 26.345 ms
Download: 10.67 Mbit/s
Upload: 0.88 Mbit/s
So 3. Mai 13:45:01 CEST 2015
Ping: 28.328 ms
Download: 10.59 Mbit/s
Upload: 0.86 Mbit/s
So 3. Mai 14:45:01 CEST 2015
Ping: 26.874 ms
Download: 10.56 Mbit/s
Upload: 0.86 Mbit/s
So 3. Mai 15:45:01 CEST 2015
Ping: 28.757 ms
Download: 10.17 Mbit/s
Upload: 0.79 Mbit/s
So 3. Mai 16:45:01 CEST 2015
Ping: 26.191 ms
Download: 10.66 Mbit/s
Upload: 0.86 Mbit/s
So 3. Mai 17:45:01 CEST 2015
Ping: 26.547 ms
Download: 10.60 Mbit/s
Upload: 0.86 Mbit/s
So 3. Mai 18:45:01 CEST 2015
Ping: 26.365 ms
Download: 10.70 Mbit/s
Upload: 0.86 Mbit/s
So 3. Mai 19:45:01 CEST 2015
Ping: 28.125 ms
Download: 10.46 Mbit/s
Upload: 0.84 Mbit/s
So 3. Mai 20:45:01 CEST 2015
Ping: 28.703 ms
Download: 10.65 Mbit/s
Upload: 0.86 Mbit/s
So 3. Mai 21:45:01 CEST 2015
Ping: 30.753 ms
Download: 10.12 Mbit/s
Upload: 0.83 Mbit/s
So 3. Mai 22:45:01 CEST 2015
Ping: 28.365 ms
Download: 10.36 Mbit/s
Upload: 0.86 Mbit/s
So 3. Mai 23:45:01 CEST 2015
Ping: 27.567 ms
Download: 10.73 Mbit/s
Upload: 0.88 Mbit/s
Mo 4. Mai 00:45:01 CEST 2015
Ping: 28.334 ms
Download: 10.74 Mbit/s
Upload: 0.87 Mbit/s
Mo 4. Mai 01:45:01 CEST 2015
Ping: 27.612 ms
Download: 10.74 Mbit/s
Upload: 0.87 Mbit/s
Mo 4. Mai 02:45:01 CEST 2015
Ping: 29.911 ms
Download: 10.72 Mbit/s
Upload: 0.87 Mbit/s
Mo 4. Mai 03:45:01 CEST 2015
Ping: 26.956 ms
Download: 10.70 Mbit/s
Upload: 0.87 Mbit/s
Mo 4. Mai 04:45:02 CEST 2015
Ping: 27.418 ms
Download: 10.72 Mbit/s
Upload: 0.87 Mbit/s
Mo 4. Mai 05:45:01 CEST 2015
Ping: 26.937 ms
Download: 10.73 Mbit/s
Upload: 0.88 Mbit/s
Mo 4. Mai 06:45:01 CEST 2015
Ping: 26.17 ms
Download: 10.73 Mbit/s
Upload: 0.87 Mbit/s
Mo 4. Mai 07:45:01 CEST 2015
Ping: 27.28 ms
Download: 10.72 Mbit/s
Upload: 0.82 Mbit/s
Mo 4. Mai 08:45:01 CEST 2015
Ping: 27.041 ms
Download: 10.74 Mbit/s
Upload: 0.85 Mbit/s
Mo 4. Mai 09:45:01 CEST 2015
Ping: 25.996 ms
Download: 10.73 Mbit/s
Upload: 0.87 Mbit/s
Mo 4. Mai 10:45:01 CEST 2015
Ping: 30.03 ms
Download: 10.72 Mbit/s
Upload: 0.85 Mbit/s
Mo 4. Mai 11:45:01 CEST 2015
Ping: 27.687 ms
Download: 10.72 Mbit/s
Upload: 0.87 Mbit/s
Mo 4. Mai 12:45:01 CEST 2015
Ping: 26.665 ms
Download: 10.73 Mbit/s
Upload: 0.88 Mbit/s
Mo 4. Mai 13:45:01 CEST 2015
Ping: 27.487 ms
Download: 10.73 Mbit/s
Upload: 0.87 Mbit/s
Mo 4. Mai 14:45:01 CEST 2015
Ping: 32.865 ms
Download: 10.73 Mbit/s
Upload: 0.87 Mbit/s
Mo 4. Mai 15:45:01 CEST 2015
Ping: 26.83 ms
Download: 10.73 Mbit/s
Upload: 0.87 Mbit/s
Mo 4. Mai 16:45:01 CEST 2015
Ping: 28.027 ms
Download: 10.74 Mbit/s
Upload: 0.88 Mbit/s
Mo 4. Mai 17:45:01 CEST 2015
Ping: 27.185 ms
Download: 10.72 Mbit/s
Upload: 0.87 Mbit/s
Mo 4. Mai 18:45:02 CEST 2015
Ping: 27.548 ms
Download: 10.71 Mbit/s
Upload: 0.84 Mbit/s
Mo 4. Mai 19:45:01 CEST 2015
Ping: 26.751 ms
Download: 10.73 Mbit/s
Upload: 0.87 Mbit/s
Mo 4. Mai 20:45:01 CEST 2015
Ping: 31.393 ms
Download: 10.70 Mbit/s
Upload: 0.84 Mbit/s
Mo 4. Mai 21:45:01 CEST 2015
Ping: 28.566 ms
Download: 10.72 Mbit/s
Upload: 0.81 Mbit/s
Mo 4. Mai 22:45:01 CEST 2015
Ping: 25.383 ms
Download: 10.74 Mbit/s
Upload: 0.88 Mbit/s
Mo 4. Mai 23:45:01 CEST 2015
Ping: 27.01 ms
Download: 10.73 Mbit/s
Upload: 0.87 Mbit/s
Di 5. Mai 00:45:01 CEST 2015
Ping: 27.715 ms
Download: 10.74 Mbit/s
Upload: 0.87 Mbit/s
Di 5. Mai 01:45:01 CEST 2015
Ping: 29.157 ms
Download: 10.72 Mbit/s
Upload: 0.87 Mbit/s
Di 5. Mai 02:45:01 CEST 2015
Ping: 28.32 ms
Download: 10.72 Mbit/s
Upload: 0.83 Mbit/s
Di 5. Mai 03:45:01 CEST 2015
Ping: 27.952 ms
Download: 10.73 Mbit/s
Upload: 0.87 Mbit/s
Di 5. Mai 04:45:01 CEST 2015
Ping: 27.787 ms
Download: 10.73 Mbit/s
Upload: 0.88 Mbit/s
Di 5. Mai 05:45:01 CEST 2015
Ping: 25.155 ms
Download: 10.74 Mbit/s
Upload: 0.87 Mbit/s
Di 5. Mai 06:45:01 CEST 2015
Ping: 32.394 ms
Download: 10.73 Mbit/s
Upload: 0.87 Mbit/s
Di 5. Mai 07:45:01 CEST 2015
Ping: 27.7 ms
Download: 10.71 Mbit/s
Upload: 0.89 Mbit/s
Di 5. Mai 08:45:01 CEST 2015
Ping: 27.217 ms
Download: 10.15 Mbit/s
Upload: 0.84 Mbit/s
Di 5. Mai 09:45:02 CEST 2015
Ping: 27.812 ms
Download: 10.51 Mbit/s
Upload: 0.81 Mbit/s
Di 5. Mai 10:45:01 CEST 2015
Ping: 28.203 ms
Download: 10.73 Mbit/s
Upload: 0.87 Mbit/s
Di 5. Mai 11:45:01 CEST 2015
Ping: 27.885 ms
Download: 10.07 Mbit/s
Upload: 0.86 Mbit/s
Di 5. Mai 12:45:01 CEST 2015
Ping: 26.643 ms
Download: 10.33 Mbit/s
Upload: 0.87 Mbit/s
Di 5. Mai 13:45:01 CEST 2015
Ping: 28.037 ms
Download: 10.48 Mbit/s
Upload: 0.86 Mbit/s
Di 5. Mai 14:45:01 CEST 2015
Ping: 31.181 ms
Download: 10.68 Mbit/s
Upload: 0.87 Mbit/s
Di 5. Mai 15:45:01 CEST 2015
Ping: 26.749 ms
Download: 10.74 Mbit/s
Upload: 0.89 Mbit/s
Di 5. Mai 16:45:01 CEST 2015
Ping: 32.01 ms
Download: 10.72 Mbit/s
Upload: 0.84 Mbit/s
Di 5. Mai 17:45:01 CEST 2015
Ping: 26.501 ms
Download: 10.72 Mbit/s
Upload: 0.87 Mbit/s
Di 5. Mai 18:45:01 CEST 2015
Ping: 26.612 ms
Download: 10.73 Mbit/s
Upload: 0.81 Mbit/s
Di 5. Mai 19:45:01 CEST 2015
Ping: 28.314 ms
Download: 10.72 Mbit/s
Upload: 0.87 Mbit/s
Di 5. Mai 20:45:01 CEST 2015
Ping: 26.373 ms
Download: 10.71 Mbit/s
Upload: 0.87 Mbit/s
Di 5. Mai 21:45:01 CEST 2015
Ping: 28.457 ms
Download: 10.71 Mbit/s
Upload: 0.87 Mbit/s
Di 5. Mai 22:45:01 CEST 2015
Ping: 27.509 ms
Download: 9.58 Mbit/s
Upload: 0.80 Mbit/s
Di 5. Mai 23:45:01 CEST 2015
Ping: 26.589 ms
Download: 10.72 Mbit/s
Upload: 0.87 Mbit/s
Mi 6. Mai 00:45:01 CEST 2015
Ping: 27.161 ms
Download: 10.74 Mbit/s
Upload: 0.82 Mbit/s
Mi 6. Mai 01:45:01 CEST 2015
Ping: 26.382 ms
Download: 10.72 Mbit/s
Upload: 0.87 Mbit/s
Mi 6. Mai 02:45:02 CEST 2015
Ping: 33.356 ms
Download: 10.72 Mbit/s
Upload: 0.87 Mbit/s
Mi 6. Mai 03:45:01 CEST 2015
Ping: 25.618 ms
Download: 10.72 Mbit/s
Upload: 0.87 Mbit/s
Mi 6. Mai 04:45:01 CEST 2015
Ping: 25.098 ms
Download: 10.72 Mbit/s
Upload: 0.86 Mbit/s
Mi 6. Mai 05:45:01 CEST 2015
Ping: 32.449 ms
Download: 0.00 Mbit/s
Upload: 0.86 Mbit/s
Mi 6. Mai 06:45:01 CEST 2015
Ping: 24.962 ms
Download: 10.73 Mbit/s
Upload: 0.88 Mbit/s
Mi 6. Mai 07:45:01 CEST 2015
Ping: 26.752 ms
Download: 10.72 Mbit/s
Upload: 0.87 Mbit/s
Mi 6. Mai 08:45:01 CEST 2015
Ping: 28.106 ms
Download: 10.71 Mbit/s
Upload: 0.86 Mbit/s
Mi 6. Mai 09:45:01 CEST 2015
Ping: 29.118 ms
Download: 10.71 Mbit/s
Upload: 0.86 Mbit/s
Mi 6. Mai 10:45:01 CEST 2015
Ping: 31.374 ms
Download: 10.62 Mbit/s
Upload: 0.78 Mbit/s
Mi 6. Mai 11:45:01 CEST 2015
Ping: 26.453 ms
Download: 10.61 Mbit/s
Upload: 0.77 Mbit/s
Mi 6. Mai 12:45:01 CEST 2015
Ping: 26.916 ms
Download: 10.72 Mbit/s
Upload: 0.85 Mbit/s
Mi 6. Mai 13:45:01 CEST 2015
Ping: 30.579 ms
Download: 10.58 Mbit/s
Upload: 0.76 Mbit/s
Mi 6. Mai 14:45:01 CEST 2015
Ping: 26.356 ms
Download: 10.59 Mbit/s
Upload: 0.75 Mbit/s
Mi 6. Mai 15:45:01 CEST 2015
Ping: 28.299 ms
Download: 10.56 Mbit/s
Upload: 0.76 Mbit/s
Mi 6. Mai 16:45:01 CEST 2015
Ping: 27.379 ms
Download: 10.62 Mbit/s
Upload: 0.76 Mbit/s
Mi 6. Mai 17:45:01 CEST 2015
Ping: 28.72 ms
Download: 10.73 Mbit/s
Upload: 0.87 Mbit/s
Mi 6. Mai 18:45:01 CEST 2015
Ping: 27.943 ms
Download: 10.67 Mbit/s
Upload: 0.86 Mbit/s
Mi 6. Mai 19:45:01 CEST 2015
Ping: 26.11 ms
Download: 10.69 Mbit/s
Upload: 0.87 Mbit/s
Mi 6. Mai 20:45:01 CEST 2015
Ping: 25.044 ms
Download: 10.72 Mbit/s
Upload: 0.87 Mbit/s
Mi 6. Mai 21:45:01 CEST 2015
Ping: 26.297 ms
Download: 10.73 Mbit/s
Upload: 0.87 Mbit/s
Mi 6. Mai 22:45:01 CEST 2015
Ping: 30.042 ms
Download: 10.72 Mbit/s
Upload: 0.89 Mbit/s
Mi 6. Mai 23:45:02 CEST 2015
Ping: 26.143 ms
Download: 10.74 Mbit/s
Upload: 0.85 Mbit/s
Do 7. Mai 00:45:01 CEST 2015
Ping: 27.069 ms
Download: 10.74 Mbit/s
Upload: 0.87 Mbit/s
Do 7. Mai 01:45:01 CEST 2015
Ping: 33.529 ms
Download: 0.00 Mbit/s
Upload: 0.82 Mbit/s
Do 7. Mai 02:45:01 CEST 2015
Ping: 25.043 ms
Download: 10.72 Mbit/s
Upload: 0.87 Mbit/s
Do 7. Mai 03:45:01 CEST 2015
Ping: 27.183 ms
Download: 10.73 Mbit/s
Upload: 0.87 Mbit/s
Do 7. Mai 04:45:01 CEST 2015
Ping: 27.062 ms
Download: 10.72 Mbit/s
Upload: 0.87 Mbit/s
Do 7. Mai 05:45:01 CEST 2015
Ping: 26.91 ms
Download: 10.74 Mbit/s
Upload: 0.87 Mbit/s
Do 7. Mai 06:45:01 CEST 2015
Ping: 27.661 ms
Download: 10.74 Mbit/s
Upload: 0.87 Mbit/s
Do 7. Mai 07:45:01 CEST 2015
Ping: 27.575 ms
Download: 10.72 Mbit/s
Upload: 0.82 Mbit/s
Do 7. Mai 08:45:01 CEST 2015
Ping: 26.511 ms
Download: 10.70 Mbit/s
Upload: 0.79 Mbit/s
Do 7. Mai 09:45:01 CEST 2015
Ping: 27.246 ms
Download: 10.60 Mbit/s
Upload: 0.77 Mbit/s
Do 7. Mai 10:45:01 CEST 2015
Ping: 26.896 ms
Download: 10.33 Mbit/s
Upload: 0.62 Mbit/s
Do 7. Mai 11:45:01 CEST 2015
Ping: 27.295 ms
Download: 10.72 Mbit/s
Upload: 0.87 Mbit/s
Do 7. Mai 12:45:01 CEST 2015
Ping: 31.3 ms
Download: 10.28 Mbit/s
Upload: 0.87 Mbit/s
Do 7. Mai 13:45:01 CEST 2015
Ping: 29.02 ms
Download: 10.68 Mbit/s
Upload: 0.87 Mbit/s
Do 7. Mai 14:45:01 CEST 2015
Ping: 30.25 ms
Download: 10.73 Mbit/s
Upload: 0.87 Mbit/s
Do 7. Mai 15:45:01 CEST 2015
Ping: 24.592 ms
Download: 10.74 Mbit/s
Upload: 0.88 Mbit/s
Do 7. Mai 16:45:01 CEST 2015
Ping: 27.162 ms
Download: 10.66 Mbit/s
Upload: 0.87 Mbit/s
Do 7. Mai 17:45:01 CEST 2015
Ping: 27.489 ms
Download: 10.72 Mbit/s
Upload: 0.87 Mbit/s
Do 7. Mai 18:45:01 CEST 2015
Ping: 28.293 ms
Download: 10.72 Mbit/s
Upload: 0.85 Mbit/s
Do 7. Mai 19:45:01 CEST 2015
Ping: 27.724 ms
Download: 10.59 Mbit/s
Upload: 0.85 Mbit/s
Do 7. Mai 20:45:01 CEST 2015
Ping: 28.334 ms
Download: 10.72 Mbit/s
Upload: 0.87 Mbit/s
Do 7. Mai 21:45:01 CEST 2015
Ping: 29.955 ms
Download: 10.71 Mbit/s
Upload: 0.87 Mbit/s
Do 7. Mai 22:45:01 CEST 2015
Ping: 28.656 ms
Download: 10.73 Mbit/s
Upload: 0.88 Mbit/s
Do 7. Mai 23:45:01 CEST 2015
Ping: 29.045 ms
Download: 10.72 Mbit/s
Upload: 0.87 Mbit/s
Fr 8. Mai 00:45:01 CEST 2015
Ping: 27.074 ms
Download: 10.73 Mbit/s
Upload: 0.87 Mbit/s
Fr 8. Mai 01:45:01 CEST 2015
Ping: 27.393 ms
Download: 10.74 Mbit/s
Upload: 0.88 Mbit/s
Fr 8. Mai 02:45:01 CEST 2015
Ping: 27.085 ms
Download: 10.73 Mbit/s
Upload: 0.88 Mbit/s
Fr 8. Mai 03:45:01 CEST 2015
Ping: 31.092 ms
Download: 10.74 Mbit/s
Upload: 0.87 Mbit/s
Fr 8. Mai 04:45:01 CEST 2015
Ping: 29.488 ms
Download: 10.74 Mbit/s
Upload: 0.87 Mbit/s
Fr 8. Mai 05:45:01 CEST 2015
Ping: 26.939 ms
Download: 10.69 Mbit/s
Upload: 0.87 Mbit/s
Fr 8. Mai 06:45:02 CEST 2015
Ping: 26.909 ms
Download: 10.74 Mbit/s
Upload: 0.87 Mbit/s
Fr 8. Mai 07:45:01 CEST 2015
Ping: 26.776 ms
Download: 10.74 Mbit/s
Upload: 0.87 Mbit/s
Fr 8. Mai 08:45:01 CEST 2015
Ping: 26.82 ms
Download: 10.43 Mbit/s
Upload: 0.87 Mbit/s
Fr 8. Mai 09:45:01 CEST 2015
Ping: 33.427 ms
Download: 10.72 Mbit/s
Upload: 0.87 Mbit/s
Fr 8. Mai 10:45:01 CEST 2015
Ping: 24.446 ms
Download: 10.74 Mbit/s
Upload: 0.85 Mbit/s
Fr 8. Mai 11:45:01 CEST 2015
Ping: 26.294 ms
Download: 10.73 Mbit/s
Upload: 0.84 Mbit/s
Fr 8. Mai 12:45:01 CEST 2015
Ping: 27.103 ms
Download: 10.73 Mbit/s
Upload: 0.87 Mbit/s
Fr 8. Mai 13:45:01 CEST 2015
Ping: 27.697 ms
Download: 10.74 Mbit/s
Upload: 0.86 Mbit/s
Fr 8. Mai 14:45:01 CEST 2015
Ping: 25.83 ms
Download: 10.72 Mbit/s
Upload: 0.87 Mbit/s
Fr 8. Mai 15:45:01 CEST 2015
Ping: 28.968 ms
Download: 10.72 Mbit/s
Upload: 0.87 Mbit/s
Fr 8. Mai 16:45:01 CEST 2015
Ping: 28.383 ms
Download: 10.72 Mbit/s
Upload: 0.87 Mbit/s
Fr 8. Mai 17:45:01 CEST 2015
Ping: 28.498 ms
Download: 10.74 Mbit/s
Upload: 0.87 Mbit/s
Fr 8. Mai 18:45:01 CEST 2015
Ping: 28.298 ms
Download: 10.72 Mbit/s
Upload: 0.87 Mbit/s
Fr 8. Mai 19:45:01 CEST 2015
Ping: 28.521 ms
Download: 10.72 Mbit/s
Upload: 0.87 Mbit/s
Fr 8. Mai 20:45:01 CEST 2015
Ping: 26.65 ms
Download: 10.53 Mbit/s
Upload: 0.85 Mbit/s
Fr 8. Mai 21:45:01 CEST 2015
Ping: 25.044 ms
Download: 10.72 Mbit/s
Upload: 0.88 Mbit/s
Fr 8. Mai 22:45:01 CEST 2015
Ping: 28.162 ms
Download: 10.72 Mbit/s
Upload: 0.87 Mbit/s
Fr 8. Mai 23:45:01 CEST 2015
Ping: 28.341 ms
Download: 10.72 Mbit/s
Upload: 0.88 Mbit/s
Sa 9. Mai 00:45:01 CEST 2015
Ping: 26.596 ms
Download: 10.73 Mbit/s
Upload: 0.87 Mbit/s
Sa 9. Mai 01:45:01 CEST 2015
Ping: 28.083 ms
Download: 10.72 Mbit/s
Upload: 0.88 Mbit/s
Sa 9. Mai 02:45:01 CEST 2015
Ping: 26.737 ms
Download: 10.72 Mbit/s
Upload: 0.87 Mbit/s
Sa 9. Mai 03:45:01 CEST 2015
Ping: 25.951 ms
Download: 10.72 Mbit/s
Upload: 0.88 Mbit/s
Sa 9. Mai 04:45:01 CEST 2015
Ping: 27.688 ms
Download: 10.72 Mbit/s
Upload: 0.87 Mbit/s
Sa 9. Mai 05:45:01 CEST 2015
Ping: 31.487 ms
Download: 10.73 Mbit/s
Upload: 0.88 Mbit/s
Sa 9. Mai 06:45:01 CEST 2015
Ping: 33.805 ms
Download: 10.73 Mbit/s
Upload: 0.88 Mbit/s
Sa 9. Mai 07:45:01 CEST 2015
Ping: 27.686 ms
Download: 10.72 Mbit/s
Upload: 0.87 Mbit/s
Sa 9. Mai 08:45:01 CEST 2015
Ping: 26.606 ms
Download: 10.25 Mbit/s
Upload: 0.87 Mbit/s
Sa 9. Mai 09:45:01 CEST 2015
Ping: 28.272 ms
Download: 10.72 Mbit/s
Upload: 0.88 Mbit/s
Sa 9. Mai 10:45:01 CEST 2015
Ping: 27.077 ms
Download: 8.32 Mbit/s
Upload: 0.84 Mbit/s
Sa 9. Mai 11:45:01 CEST 2015
Ping: 28.597 ms
Download: 10.74 Mbit/s
Upload: 0.86 Mbit/s
Sa 9. Mai 12:45:01 CEST 2015
Ping: 25.366 ms
Download: 10.72 Mbit/s
Upload: 0.85 Mbit/s
Sa 9. Mai 13:45:01 CEST 2015
Ping: 27.858 ms
Download: 10.72 Mbit/s
Upload: 0.88 Mbit/s
Sa 9. Mai 14:45:01 CEST 2015
Ping: 27.329 ms
Download: 10.72 Mbit/s
Upload: 0.87 Mbit/s
Sa 9. Mai 15:45:01 CEST 2015
Ping: 30.57 ms
Download: 10.73 Mbit/s
Upload: 0.87 Mbit/s
Sa 9. Mai 16:45:01 CEST 2015
Ping: 24.059 ms
Download: 10.72 Mbit/s
Upload: 0.87 Mbit/s
Sa 9. Mai 17:45:01 CEST 2015
Ping: 30.323 ms
Download: 10.73 Mbit/s
Upload: 0.87 Mbit/s
Sa 9. Mai 18:45:01 CEST 2015
Ping: 29.059 ms
Download: 10.73 Mbit/s
Upload: 0.87 Mbit/s
Sa 9. Mai 19:45:01 CEST 2015
Ping: 28.003 ms
Download: 10.73 Mbit/s
Upload: 0.87 Mbit/s
Sa 9. Mai 20:45:01 CEST 2015
Ping: 27.511 ms
Download: 10.73 Mbit/s
Upload: 0.87 Mbit/s
Sa 9. Mai 21:45:01 CEST 2015
Ping: 27.632 ms
Download: 10.73 Mbit/s
Upload: 0.87 Mbit/s
Sa 9. Mai 22:45:01 CEST 2015
Ping: 27.868 ms
Download: 10.73 Mbit/s
Upload: 0.87 Mbit/s
Sa 9. Mai 23:45:01 CEST 2015
Ping: 26.74 ms
Download: 10.73 Mbit/s
Upload: 0.85 Mbit/s
So 10. Mai 00:45:01 CEST 2015
Ping: 26.545 ms
Download: 10.73 Mbit/s
Upload: 0.87 Mbit/s
So 10. Mai 01:45:01 CEST 2015
Ping: 29.749 ms
Download: 10.73 Mbit/s
Upload: 0.87 Mbit/s
So 10. Mai 02:45:01 CEST 2015
Ping: 28.566 ms
Download: 10.73 Mbit/s
Upload: 0.87 Mbit/s
So 10. Mai 03:45:01 CEST 2015
Ping: 27.109 ms
Download: 10.73 Mbit/s
Upload: 0.87 Mbit/s
So 10. Mai 04:45:01 CEST 2015
Ping: 33.28 ms
Download: 10.74 Mbit/s
Upload: 0.88 Mbit/s
So 10. Mai 05:45:01 CEST 2015
Ping: 35.051 ms
Download: 0.00 Mbit/s
Upload: 0.85 Mbit/s
So 10. Mai 06:45:01 CEST 2015
Ping: 26.366 ms
Download: 10.73 Mbit/s
Upload: 0.87 Mbit/s
So 10. Mai 07:45:01 CEST 2015
Ping: 27.309 ms
Download: 10.73 Mbit/s
Upload: 0.88 Mbit/s
So 10. Mai 08:45:01 CEST 2015
Ping: 29.954 ms
Download: 10.72 Mbit/s
Upload: 0.87 Mbit/s
So 10. Mai 09:45:01 CEST 2015
Ping: 28.721 ms
Download: 10.71 Mbit/s
Upload: 0.87 Mbit/s
So 10. Mai 10:45:01 CEST 2015
Ping: 27.922 ms
Download: 10.73 Mbit/s
Upload: 0.87 Mbit/s
So 10. Mai 11:45:01 CEST 2015
Ping: 27.671 ms
Download: 10.73 Mbit/s
Upload: 0.87 Mbit/s
So 10. Mai 12:45:01 CEST 2015
Ping: 28.046 ms
Download: 10.72 Mbit/s
Upload: 0.88 Mbit/s
So 10. Mai 13:45:02 CEST 2015
Ping: 27.452 ms
Download: 10.58 Mbit/s
Upload: 0.87 Mbit/s
So 10. Mai 14:45:02 CEST 2015
Ping: 30.129 ms
Download: 10.73 Mbit/s
Upload: 0.87 Mbit/s
So 10. Mai 15:45:01 CEST 2015
Ping: 29.369 ms
Download: 10.72 Mbit/s
Upload: 0.87 Mbit/s
So 10. Mai 16:45:01 CEST 2015
Ping: 25.231 ms
Download: 10.73 Mbit/s
Upload: 0.87 Mbit/s
So 10. Mai 17:45:01 CEST 2015
Ping: 28.083 ms
Download: 10.73 Mbit/s
Upload: 0.87 Mbit/s
So 10. Mai 18:45:01 CEST 2015
Ping: 27.381 ms
Download: 10.74 Mbit/s
Upload: 0.87 Mbit/s
So 10. Mai 19:45:01 CEST 2015
Ping: 27.703 ms
Download: 10.72 Mbit/s
Upload: 0.87 Mbit/s
So 10. Mai 20:45:01 CEST 2015
Ping: 27.544 ms
Download: 10.73 Mbit/s
Upload: 0.87 Mbit/s
So 10. Mai 21:45:01 CEST 2015
Ping: 26.791 ms
Download: 10.72 Mbit/s
Upload: 0.83 Mbit/s
So 10. Mai 22:45:01 CEST 2015
Ping: 27.31 ms
Download: 10.72 Mbit/s
Upload: 0.88 Mbit/s
So 10. Mai 23:45:01 CEST 2015
Ping: 27.16 ms
Download: 10.73 Mbit/s
Upload: 0.88 Mbit/s
Mo 11. Mai 00:45:01 CEST 2015
Ping: 30.938 ms
Download: 10.72 Mbit/s
Upload: 0.84 Mbit/s
Mo 11. Mai 01:45:01 CEST 2015
Ping: 28.348 ms
Download: 10.74 Mbit/s
Upload: 0.84 Mbit/s
Mo 11. Mai 02:45:01 CEST 2015
Ping: 27.159 ms
Download: 10.74 Mbit/s
Upload: 0.87 Mbit/s
Mo 11. Mai 03:45:01 CEST 2015
Ping: 26.61 ms
Download: 10.73 Mbit/s
Upload: 0.87 Mbit/s
Mo 11. Mai 04:45:01 CEST 2015
Ping: 27.732 ms
Download: 10.72 Mbit/s
Upload: 0.87 Mbit/s
Mo 11. Mai 05:45:01 CEST 2015
Ping: 27.997 ms
Download: 10.72 Mbit/s
Upload: 0.87 Mbit/s
Mo 11. Mai 06:45:01 CEST 2015
Ping: 28.032 ms
Download: 10.74 Mbit/s
Upload: 0.88 Mbit/s
Mo 11. Mai 07:45:01 CEST 2015
Ping: 27.432 ms
Download: 10.73 Mbit/s
Upload: 0.88 Mbit/s
Mo 11. Mai 08:45:01 CEST 2015
Ping: 27.109 ms
Download: 10.74 Mbit/s
Upload: 0.87 Mbit/s
Mo 11. Mai 09:45:01 CEST 2015
Ping: 27.548 ms
Download: 10.72 Mbit/s
Upload: 0.87 Mbit/s
Mo 11. Mai 10:45:01 CEST 2015
Ping: 27.355 ms
Download: 10.72 Mbit/s
Upload: 0.87 Mbit/s
Mo 11. Mai 11:45:01 CEST 2015
Ping: 28.512 ms
Download: 10.74 Mbit/s
Upload: 0.87 Mbit/s
Mo 11. Mai 12:45:01 CEST 2015
Ping: 27.319 ms
Download: 10.71 Mbit/s
Upload: 0.87 Mbit/s
Mo 11. Mai 13:45:01 CEST 2015
Ping: 27.162 ms
Download: 10.72 Mbit/s
Upload: 0.87 Mbit/s
Mo 11. Mai 14:45:01 CEST 2015
Ping: 27.373 ms
Download: 10.73 Mbit/s
Upload: 0.87 Mbit/s
Mo 11. Mai 15:45:01 CEST 2015
Ping: 31.604 ms
Download: 10.70 Mbit/s
Upload: 0.87 Mbit/s
Mo 11. Mai 16:45:01 CEST 2015
Ping: 31.24 ms
Download: 10.68 Mbit/s
Upload: 0.87 Mbit/s
Mo 11. Mai 17:45:01 CEST 2015
Ping: 27.41 ms
Download: 10.72 Mbit/s
Upload: 0.88 Mbit/s
Mo 11. Mai 18:45:01 CEST 2015
Ping: 28.115 ms
Download: 10.72 Mbit/s
Upload: 0.87 Mbit/s
Mo 11. Mai 19:45:01 CEST 2015
Ping: 27.241 ms
Download: 10.72 Mbit/s
Upload: 0.85 Mbit/s
Mo 11. Mai 20:45:01 CEST 2015
Ping: 27.709 ms
Download: 10.72 Mbit/s
Upload: 0.87 Mbit/s
Mo 11. Mai 21:45:01 CEST 2015
Ping: 25.801 ms
Download: 10.72 Mbit/s
Upload: 0.86 Mbit/s
Mo 11. Mai 22:45:01 CEST 2015
Ping: 26.523 ms
Download: 10.73 Mbit/s
Upload: 0.87 Mbit/s
Mo 11. Mai 23:45:01 CEST 2015
Ping: 27.9 ms
Download: 10.72 Mbit/s
Upload: 0.87 Mbit/s
Di 12. Mai 00:45:01 CEST 2015
Ping: 26.449 ms
Download: 10.74 Mbit/s
Upload: 0.87 Mbit/s
Di 12. Mai 01:45:01 CEST 2015
Ping: 28.931 ms
Download: 10.73 Mbit/s
Upload: 0.87 Mbit/s
Di 12. Mai 02:45:01 CEST 2015
Ping: 28.496 ms
Download: 10.73 Mbit/s
Upload: 0.87 Mbit/s
Di 12. Mai 03:45:01 CEST 2015
Ping: 28.445 ms
Download: 10.69 Mbit/s
Upload: 0.85 Mbit/s
Di 12. Mai 04:45:01 CEST 2015
Ping: 24.661 ms
Download: 10.74 Mbit/s
Upload: 0.87 Mbit/s
Di 12. Mai 05:45:01 CEST 2015
Ping: 32.856 ms
Download: 10.73 Mbit/s
Upload: 0.87 Mbit/s
Di 12. Mai 06:45:01 CEST 2015
Ping: 27.378 ms
Download: 10.72 Mbit/s
Upload: 0.87 Mbit/s
Di 12. Mai 07:45:01 CEST 2015
Ping: 26.866 ms
Download: 10.72 Mbit/s
Upload: 0.87 Mbit/s
Di 12. Mai 08:45:01 CEST 2015
Ping: 26.994 ms
Download: 10.73 Mbit/s
Upload: 0.87 Mbit/s
Di 12. Mai 09:45:01 CEST 2015
Ping: 26.839 ms
Download: 10.62 Mbit/s
Upload: 0.86 Mbit/s
Di 12. Mai 10:45:01 CEST 2015
Ping: 27.377 ms
Download: 10.73 Mbit/s
Upload: 0.87 Mbit/s
Di 12. Mai 11:45:01 CEST 2015
Ping: 27.495 ms
Download: 10.72 Mbit/s
Upload: 0.87 Mbit/s
Di 12. Mai 12:45:01 CEST 2015
Ping: 28.468 ms
Download: 10.74 Mbit/s
Upload: 0.87 Mbit/s
Di 12. Mai 13:45:01 CEST 2015
Ping: 35.452 ms
Download: 10.49 Mbit/s
Upload: 0.88 Mbit/s
Di 12. Mai 14:45:01 CEST 2015
Ping: 28.565 ms
Download: 10.71 Mbit/s
Upload: 0.87 Mbit/s
Di 12. Mai 15:45:01 CEST 2015
Ping: 27.023 ms
Download: 10.74 Mbit/s
Upload: 0.87 Mbit/s
Di 12. Mai 16:45:01 CEST 2015
Ping: 92.936 ms
Download: 6.22 Mbit/s
Upload: 0.58 Mbit/s
Di 12. Mai 17:45:01 CEST 2015
Ping: 30.004 ms
Download: 8.27 Mbit/s
Upload: 0.82 Mbit/s
Di 12. Mai 18:45:01 CEST 2015
Ping: 61.408 ms
Download: 2.40 Mbit/s
Upload: 0.47 Mbit/s
Di 12. Mai 19:45:01 CEST 2015
Ping: 28.301 ms
Download: 10.72 Mbit/s
Upload: 0.80 Mbit/s
Di 12. Mai 20:45:01 CEST 2015
Ping: 29.902 ms
Download: 10.72 Mbit/s
Upload: 0.87 Mbit/s
Di 12. Mai 21:45:01 CEST 2015
Ping: 28.041 ms
Download: 10.73 Mbit/s
Upload: 0.83 Mbit/s
Di 12. Mai 22:45:01 CEST 2015
Ping: 28.035 ms
Download: 10.72 Mbit/s
Upload: 0.82 Mbit/s
Di 12. Mai 23:45:01 CEST 2015
Ping: 24.974 ms
Download: 10.73 Mbit/s
Upload: 0.87 Mbit/s
Mi 13. Mai 00:45:01 CEST 2015
Ping: 29.754 ms
Download: 9.54 Mbit/s
Upload: 0.87 Mbit/s
Mi 13. Mai 01:45:01 CEST 2015
Ping: 27.943 ms
Download: 10.72 Mbit/s
Upload: 0.87 Mbit/s
Mi 13. Mai 02:45:01 CEST 2015
Ping: 28.071 ms
Download: 10.72 Mbit/s
Upload: 0.87 Mbit/s
Mi 13. Mai 03:45:01 CEST 2015
Ping: 28.182 ms
Download: 10.73 Mbit/s
Upload: 0.87 Mbit/s
Mi 13. Mai 04:45:01 CEST 2015
Ping: 28.541 ms
Download: 10.12 Mbit/s
Upload: 0.88 Mbit/s
Mi 13. Mai 05:45:01 CEST 2015
Ping: 32.154 ms
Download: 10.74 Mbit/s
Upload: 0.87 Mbit/s
Mi 13. Mai 06:45:01 CEST 2015
Ping: 26.117 ms
Download: 10.73 Mbit/s
Upload: 0.88 Mbit/s
Mi 13. Mai 07:45:01 CEST 2015
Ping: 30.62 ms
Download: 10.73 Mbit/s
Upload: 0.86 Mbit/s
Mi 13. Mai 08:45:01 CEST 2015
Ping: 27.702 ms
Download: 10.72 Mbit/s
Upload: 0.87 Mbit/s
Mi 13. Mai 09:45:02 CEST 2015
Ping: 28.094 ms
Download: 10.43 Mbit/s
Upload: 0.75 Mbit/s
Mi 13. Mai 10:45:01 CEST 2015
Ping: 32.995 ms
Download: 9.80 Mbit/s
Upload: 0.85 Mbit/s
Mi 13. Mai 11:45:01 CEST 2015
Ping: 30.933 ms
Download: 10.59 Mbit/s
Upload: 0.87 Mbit/s
Mi 13. Mai 12:45:01 CEST 2015
Ping: 31.561 ms
Download: 10.71 Mbit/s
Upload: 0.86 Mbit/s
Mi 13. Mai 13:45:01 CEST 2015
Ping: 26.374 ms
Download: 10.70 Mbit/s
Upload: 0.87 Mbit/s
Mi 13. Mai 14:45:01 CEST 2015
Ping: 28.025 ms
Download: 10.73 Mbit/s
Upload: 0.86 Mbit/s
Mi 13. Mai 15:45:01 CEST 2015
Ping: 28.51 ms
Download: 10.62 Mbit/s
Upload: 0.76 Mbit/s
Mi 13. Mai 16:45:01 CEST 2015
Ping: 28.718 ms
Download: 10.72 Mbit/s
Upload: 0.86 Mbit/s
Mi 13. Mai 17:45:01 CEST 2015
Ping: 24.928 ms
Download: 10.72 Mbit/s
Upload: 0.87 Mbit/s
Mi 13. Mai 18:45:01 CEST 2015
Ping: 29.88 ms
Download: 10.72 Mbit/s
Upload: 0.88 Mbit/s
Mi 13. Mai 19:45:01 CEST 2015
Ping: 26.04 ms
Download: 10.72 Mbit/s
Upload: 0.87 Mbit/s
Mi 13. Mai 20:45:01 CEST 2015
Ping: 28.585 ms
Download: 10.29 Mbit/s
Upload: 0.87 Mbit/s
Mi 13. Mai 21:45:01 CEST 2015
Ping: 27.125 ms
Download: 10.71 Mbit/s
Upload: 0.78 Mbit/s
Mi 13. Mai 22:45:01 CEST 2015
Ping: 27.333 ms
Download: 10.67 Mbit/s
Upload: 0.85 Mbit/s
Mi 13. Mai 23:45:01 CEST 2015
Ping: 28.703 ms
Download: 10.74 Mbit/s
Upload: 0.87 Mbit/s
Do 14. Mai 00:45:01 CEST 2015
Ping: 25.189 ms
Download: 10.72 Mbit/s
Upload: 0.87 Mbit/s
Do 14. Mai 01:45:01 CEST 2015
Ping: 28.132 ms
Download: 10.72 Mbit/s
Upload: 0.88 Mbit/s
Do 14. Mai 02:45:01 CEST 2015
Ping: 27.17 ms
Download: 10.72 Mbit/s
Upload: 0.87 Mbit/s
Do 14. Mai 03:45:01 CEST 2015
Ping: 30.298 ms
Download: 10.74 Mbit/s
Upload: 0.87 Mbit/s
Do 14. Mai 04:45:01 CEST 2015
Ping: 28.662 ms
Download: 10.74 Mbit/s
Upload: 0.87 Mbit/s
Do 14. Mai 05:45:01 CEST 2015
Ping: 32.235 ms
Download: 10.69 Mbit/s
Upload: 0.87 Mbit/s
Do 14. Mai 06:45:01 CEST 2015
Ping: 28.286 ms
Download: 10.72 Mbit/s
Upload: 0.87 Mbit/s
Do 14. Mai 07:45:01 CEST 2015
Ping: 33.175 ms
Download: 10.74 Mbit/s
Upload: 0.88 Mbit/s
Do 14. Mai 08:45:01 CEST 2015
Ping: 27.699 ms
Download: 10.73 Mbit/s
Upload: 0.87 Mbit/s
Do 14. Mai 09:45:01 CEST 2015
Ping: 27.239 ms
Download: 10.72 Mbit/s
Upload: 0.87 Mbit/s
Do 14. Mai 10:45:01 CEST 2015
Ping: 28.523 ms
Download: 10.73 Mbit/s
Upload: 0.88 Mbit/s
Do 14. Mai 11:45:01 CEST 2015
Ping: 30.203 ms
Download: 10.73 Mbit/s
Upload: 0.87 Mbit/s
Do 14. Mai 12:45:01 CEST 2015
Ping: 28.318 ms
Download: 10.72 Mbit/s
Upload: 0.87 Mbit/s
Do 14. Mai 13:45:01 CEST 2015
Ping: 28.798 ms
Download: 10.54 Mbit/s
Upload: 0.78 Mbit/s
Do 14. Mai 14:45:01 CEST 2015
Ping: 27.442 ms
Download: 10.72 Mbit/s
Upload: 0.87 Mbit/s
Do 14. Mai 15:45:01 CEST 2015
Ping: 27.709 ms
Download: 10.74 Mbit/s
Upload: 0.88 Mbit/s
Do 14. Mai 16:45:01 CEST 2015
Ping: 27.459 ms
Download: 9.96 Mbit/s
Upload: 0.83 Mbit/s
Do 14. Mai 17:45:01 CEST 2015
Ping: 29.05 ms
Download: 10.73 Mbit/s
Upload: 0.86 Mbit/s
Do 14. Mai 18:45:01 CEST 2015
Ping: 29.513 ms
Download: 10.73 Mbit/s
Upload: 0.87 Mbit/s
Do 14. Mai 19:45:01 CEST 2015
Ping: 27.695 ms
Download: 10.73 Mbit/s
Upload: 0.87 Mbit/s
Do 14. Mai 20:45:01 CEST 2015
Ping: 27.119 ms
Download: 10.72 Mbit/s
Upload: 0.88 Mbit/s
Do 14. Mai 21:45:01 CEST 2015
Ping: 27.095 ms
Download: 10.72 Mbit/s
Upload: 0.87 Mbit/s
Do 14. Mai 22:45:01 CEST 2015
Ping: 29.041 ms
Download: 10.73 Mbit/s
Upload: 0.87 Mbit/s
Do 14. Mai 23:45:01 CEST 2015
Ping: 27.671 ms
Download: 10.71 Mbit/s
Upload: 0.88 Mbit/s
Fr 15. Mai 00:45:01 CEST 2015
Ping: 29.934 ms
Download: 10.64 Mbit/s
Upload: 0.87 Mbit/s
Fr 15. Mai 01:45:01 CEST 2015
Ping: 28.728 ms
Download: 10.73 Mbit/s
Upload: 0.87 Mbit/s
Fr 15. Mai 02:45:01 CEST 2015
Ping: 26.159 ms
Download: 10.74 Mbit/s
Upload: 0.87 Mbit/s
Fr 15. Mai 03:45:01 CEST 2015
Ping: 26.257 ms
Download: 10.69 Mbit/s
Upload: 0.68 Mbit/s
Fr 15. Mai 04:45:01 CEST 2015
Ping: 24.819 ms
Download: 10.74 Mbit/s
Upload: 0.87 Mbit/s
Fr 15. Mai 05:45:01 CEST 2015
Ping: 27.439 ms
Download: 10.74 Mbit/s
Upload: 0.88 Mbit/s
Fr 15. Mai 06:45:01 CEST 2015
Ping: 27.228 ms
Download: 10.74 Mbit/s
Upload: 0.87 Mbit/s
Fr 15. Mai 07:45:01 CEST 2015
Ping: 26.657 ms
Download: 10.72 Mbit/s
Upload: 0.87 Mbit/s
Fr 15. Mai 08:45:01 CEST 2015
Ping: 26.599 ms
Download: 10.72 Mbit/s
Upload: 0.87 Mbit/s
Fr 15. Mai 09:45:01 CEST 2015
Ping: 29.974 ms
Download: 10.74 Mbit/s
Upload: 0.87 Mbit/s
Fr 15. Mai 10:45:01 CEST 2015
Ping: 28.19 ms
Download: 10.65 Mbit/s
Upload: 0.84 Mbit/s
Fr 15. Mai 11:45:01 CEST 2015
Ping: 32.681 ms
Download: 10.72 Mbit/s
Upload: 0.84 Mbit/s
Fr 15. Mai 12:45:01 CEST 2015
Ping: 28.456 ms
Download: 10.72 Mbit/s
Upload: 0.87 Mbit/s
Fr 15. Mai 13:45:01 CEST 2015
Ping: 28.806 ms
Download: 10.72 Mbit/s
Upload: 0.87 Mbit/s
Fr 15. Mai 14:45:01 CEST 2015
Ping: 27.852 ms
Download: 10.72 Mbit/s
Upload: 0.87 Mbit/s
Fr 15. Mai 15:45:01 CEST 2015
Ping: 28.441 ms
Download: 10.72 Mbit/s
Upload: 0.87 Mbit/s
Fr 15. Mai 16:45:01 CEST 2015
Ping: 30.894 ms
Download: 9.25 Mbit/s
Upload: 0.83 Mbit/s
Fr 15. Mai 17:45:01 CEST 2015
Ping: 28.632 ms
Download: 10.72 Mbit/s
Upload: 0.87 Mbit/s
Fr 15. Mai 18:45:01 CEST 2015
Ping: 27.859 ms
Download: 10.73 Mbit/s
Upload: 0.84 Mbit/s
Fr 15. Mai 19:45:01 CEST 2015
Ping: 26.679 ms
Download: 10.69 Mbit/s
Upload: 0.87 Mbit/s
Fr 15. Mai 20:45:01 CEST 2015
Ping: 27.333 ms
Download: 10.70 Mbit/s
Upload: 0.87 Mbit/s
Fr 15. Mai 21:45:01 CEST 2015
Ping: 29.708 ms
Download: 8.63 Mbit/s
Upload: 0.85 Mbit/s
Fr 15. Mai 22:45:01 CEST 2015
Ping: 26.572 ms
Download: 10.72 Mbit/s
Upload: 0.87 Mbit/s
Fr 15. Mai 23:45:02 CEST 2015
Ping: 25.753 ms
Download: 10.72 Mbit/s
Upload: 0.87 Mbit/s
Sa 16. Mai 00:45:01 CEST 2015
Ping: 26.896 ms
Download: 10.74 Mbit/s
Upload: 0.87 Mbit/s
Sa 16. Mai 01:45:01 CEST 2015
Ping: 27.285 ms
Download: 10.73 Mbit/s
Upload: 0.87 Mbit/s
Sa 16. Mai 02:45:01 CEST 2015
Ping: 30.006 ms
Download: 10.73 Mbit/s
Upload: 0.87 Mbit/s
Sa 16. Mai 03:45:01 CEST 2015
Ping: 25.137 ms
Download: 10.72 Mbit/s
Upload: 0.87 Mbit/s
Sa 16. Mai 04:45:01 CEST 2015
Ping: 27.175 ms
Download: 10.73 Mbit/s
Upload: 0.87 Mbit/s
Sa 16. Mai 05:45:01 CEST 2015
Ping: 26.757 ms
Download: 10.72 Mbit/s
Upload: 0.88 Mbit/s
Sa 16. Mai 06:45:01 CEST 2015
Ping: 26.632 ms
Download: 10.73 Mbit/s
Upload: 0.88 Mbit/s
Sa 16. Mai 07:45:01 CEST 2015
Ping: 29.973 ms
Download: 10.73 Mbit/s
Upload: 0.87 Mbit/s
Sa 16. Mai 08:45:01 CEST 2015
Ping: 28.791 ms
Download: 10.74 Mbit/s
Upload: 0.87 Mbit/s
Sa 16. Mai 09:45:01 CEST 2015
Ping: 27.063 ms
Download: 10.72 Mbit/s
Upload: 0.86 Mbit/s
Sa 16. Mai 10:45:02 CEST 2015
Ping: 26.762 ms
Download: 10.47 Mbit/s
Upload: 0.84 Mbit/s
Sa 16. Mai 11:45:01 CEST 2015
Ping: 26.621 ms
Download: 10.72 Mbit/s
Upload: 0.87 Mbit/s
Sa 16. Mai 12:45:01 CEST 2015
Ping: 27.83 ms
Download: 10.36 Mbit/s
Upload: 0.83 Mbit/s
Sa 16. Mai 13:45:01 CEST 2015
Ping: 27.634 ms
Download: 10.72 Mbit/s
Upload: 0.87 Mbit/s
Sa 16. Mai 14:45:01 CEST 2015
Ping: 27.134 ms
Download: 10.72 Mbit/s
Upload: 0.87 Mbit/s
Sa 16. Mai 15:45:01 CEST 2015
Ping: 26.546 ms
Download: 10.73 Mbit/s
Upload: 0.87 Mbit/s
Sa 16. Mai 16:45:01 CEST 2015
Ping: 26.793 ms
Download: 10.72 Mbit/s
Upload: 0.87 Mbit/s
Sa 16. Mai 17:45:01 CEST 2015
Ping: 28.832 ms
Download: 10.71 Mbit/s
Upload: 0.87 Mbit/s
Sa 16. Mai 18:45:01 CEST 2015
Ping: 26.108 ms
Download: 10.71 Mbit/s
Upload: 0.84 Mbit/s
Sa 16. Mai 19:45:01 CEST 2015
Ping: 28.277 ms
Download: 10.74 Mbit/s
Upload: 0.85 Mbit/s
Sa 16. Mai 20:45:01 CEST 2015
Ping: 25.801 ms
Download: 10.71 Mbit/s
Upload: 0.88 Mbit/s
Sa 16. Mai 21:45:01 CEST 2015
Ping: 24.359 ms
Download: 10.72 Mbit/s
Upload: 0.87 Mbit/s
Sa 16. Mai 22:45:01 CEST 2015
Ping: 26.801 ms
Download: 10.72 Mbit/s
Upload: 0.83 Mbit/s
Sa 16. Mai 23:45:01 CEST 2015
Ping: 28.416 ms
Download: 10.72 Mbit/s
Upload: 0.87 Mbit/s
So 17. Mai 00:45:01 CEST 2015
Ping: 28.706 ms
Download: 10.73 Mbit/s
Upload: 0.88 Mbit/s
So 17. Mai 01:45:01 CEST 2015
Ping: 30.87 ms
Download: 0.00 Mbit/s
Upload: 0.85 Mbit/s
So 17. Mai 02:45:01 CEST 2015
Ping: 24.71 ms
Download: 10.73 Mbit/s
Upload: 0.87 Mbit/s
So 17. Mai 03:45:01 CEST 2015
Ping: 24.472 ms
Download: 10.72 Mbit/s
Upload: 0.87 Mbit/s
So 17. Mai 04:45:02 CEST 2015
Ping: 25.703 ms
Download: 10.74 Mbit/s
Upload: 0.87 Mbit/s
So 17. Mai 05:45:01 CEST 2015
Ping: 30.706 ms
Download: 10.73 Mbit/s
Upload: 0.87 Mbit/s
So 17. Mai 06:45:01 CEST 2015
Ping: 25.712 ms
Download: 10.69 Mbit/s
Upload: 0.87 Mbit/s
So 17. Mai 07:45:01 CEST 2015
Ping: 26.37 ms
Download: 10.72 Mbit/s
Upload: 0.87 Mbit/s
So 17. Mai 08:45:01 CEST 2015
Ping: 29.466 ms
Download: 10.74 Mbit/s
Upload: 0.87 Mbit/s
So 17. Mai 09:45:01 CEST 2015
Ping: 25.177 ms
Download: 10.72 Mbit/s
Upload: 0.86 Mbit/s
So 17. Mai 10:45:01 CEST 2015
Ping: 27.346 ms
Download: 10.72 Mbit/s
Upload: 0.87 Mbit/s
So 17. Mai 11:45:01 CEST 2015
Ping: 28.045 ms
Download: 10.55 Mbit/s
Upload: 0.87 Mbit/s
So 17. Mai 12:45:01 CEST 2015
Ping: 30.395 ms
Download: 10.44 Mbit/s
Upload: 0.81 Mbit/s
So 17. Mai 13:45:01 CEST 2015
Ping: 26.376 ms
Download: 10.72 Mbit/s
Upload: 0.87 Mbit/s
So 17. Mai 14:45:01 CEST 2015
Ping: 29.86 ms
Download: 9.98 Mbit/s
Upload: 0.81 Mbit/s
So 17. Mai 15:45:02 CEST 2015
Ping: 32.134 ms
Download: 10.74 Mbit/s
Upload: 0.86 Mbit/s
So 17. Mai 16:45:01 CEST 2015
Ping: 25.459 ms
Download: 10.72 Mbit/s
Upload: 0.87 Mbit/s
So 17. Mai 17:45:01 CEST 2015
Ping: 26.238 ms
Download: 10.74 Mbit/s
Upload: 0.88 Mbit/s
So 17. Mai 18:45:01 CEST 2015
Ping: 26.179 ms
Download: 10.49 Mbit/s
Upload: 0.87 Mbit/s
So 17. Mai 19:45:01 CEST 2015
Ping: 29.074 ms
Download: 10.13 Mbit/s
Upload: 0.79 Mbit/s
So 17. Mai 20:45:01 CEST 2015
Ping: 30.681 ms
Download: 10.72 Mbit/s
Upload: 0.87 Mbit/s
So 17. Mai 21:45:01 CEST 2015
Ping: 27.495 ms
Download: 10.74 Mbit/s
Upload: 0.87 Mbit/s
So 17. Mai 22:45:01 CEST 2015
Ping: 27.408 ms
Download: 4.28 Mbit/s
Upload: 0.66 Mbit/s
So 17. Mai 23:45:01 CEST 2015
Ping: 27.669 ms
Download: 10.72 Mbit/s
Upload: 0.87 Mbit/s
Mo 18. Mai 00:45:01 CEST 2015
Ping: 25.741 ms
Download: 10.74 Mbit/s
Upload: 0.87 Mbit/s
Mo 18. Mai 01:45:01 CEST 2015
Ping: 28.215 ms
Download: 10.72 Mbit/s
Upload: 0.87 Mbit/s
Mo 18. Mai 02:45:01 CEST 2015
Ping: 28.956 ms
Download: 10.73 Mbit/s
Upload: 0.85 Mbit/s
Mo 18. Mai 03:45:01 CEST 2015
Ping: 27.656 ms
Download: 10.72 Mbit/s
Upload: 0.87 Mbit/s
Mo 18. Mai 04:45:01 CEST 2015
Ping: 28.426 ms
Download: 10.72 Mbit/s
Upload: 0.87 Mbit/s
Mo 18. Mai 05:45:01 CEST 2015
Ping: 27.024 ms
Download: 10.74 Mbit/s
Upload: 0.88 Mbit/s
Mo 18. Mai 06:45:01 CEST 2015
Ping: 26.373 ms
Download: 10.73 Mbit/s
Upload: 0.87 Mbit/s
Mo 18. Mai 07:45:01 CEST 2015
Ping: 27.794 ms
Download: 10.72 Mbit/s
Upload: 0.87 Mbit/s
Mo 18. Mai 08:45:02 CEST 2015
Ping: 26.365 ms
Download: 10.72 Mbit/s
Upload: 0.88 Mbit/s
Mo 18. Mai 09:45:01 CEST 2015
Ping: 30.322 ms
Download: 10.70 Mbit/s
Upload: 0.87 Mbit/s
Mo 18. Mai 10:45:01 CEST 2015
Ping: 23.874 ms
Download: 10.71 Mbit/s
Upload: 0.87 Mbit/s
Mo 18. Mai 11:45:01 CEST 2015
Ping: 23.646 ms
Download: 10.73 Mbit/s
Upload: 0.87 Mbit/s
Mo 18. Mai 12:45:01 CEST 2015
Ping: 26.384 ms
Download: 10.74 Mbit/s
Upload: 0.87 Mbit/s
Mo 18. Mai 13:45:01 CEST 2015
Ping: 25.782 ms
Download: 10.74 Mbit/s
Upload: 0.87 Mbit/s
Mo 18. Mai 14:45:01 CEST 2015
Ping: 30.032 ms
Download: 10.72 Mbit/s
Upload: 0.87 Mbit/s
Mo 18. Mai 15:45:01 CEST 2015
Ping: 23.737 ms
Download: 10.71 Mbit/s
Upload: 0.87 Mbit/s
Mo 18. Mai 16:45:01 CEST 2015
Ping: 26.122 ms
Download: 10.72 Mbit/s
Upload: 0.87 Mbit/s
Mo 18. Mai 17:45:02 CEST 2015
Ping: 26.604 ms
Download: 10.72 Mbit/s
Upload: 0.82 Mbit/s
Mo 18. Mai 18:45:01 CEST 2015
Ping: 26.946 ms
Download: 10.19 Mbit/s
Upload: 0.85 Mbit/s
Mo 18. Mai 19:45:01 CEST 2015
Ping: 27.021 ms
Download: 10.67 Mbit/s
Upload: 0.87 Mbit/s
Mo 18. Mai 20:45:01 CEST 2015
Ping: 25.293 ms
Download: 10.74 Mbit/s
Upload: 0.87 Mbit/s
Mo 18. Mai 21:45:02 CEST 2015
Ping: 28.048 ms
Download: 10.70 Mbit/s
Upload: 0.87 Mbit/s
Mo 18. Mai 22:45:01 CEST 2015
Ping: 26.632 ms
Download: 10.72 Mbit/s
Upload: 0.87 Mbit/s
Mo 18. Mai 23:45:01 CEST 2015
Ping: 27.299 ms
Download: 10.72 Mbit/s
Upload: 0.87 Mbit/s
Di 19. Mai 00:45:01 CEST 2015
Ping: 30.21 ms
Download: 10.72 Mbit/s
Upload: 0.87 Mbit/s
Di 19. Mai 01:45:01 CEST 2015
Ping: 25.516 ms
Download: 10.74 Mbit/s
Upload: 0.88 Mbit/s
Di 19. Mai 02:45:01 CEST 2015
Ping: 24.841 ms
Download: 10.72 Mbit/s
Upload: 0.87 Mbit/s
Di 19. Mai 03:45:01 CEST 2015
Ping: 31.527 ms
Download: 10.73 Mbit/s
Upload: 0.84 Mbit/s
Di 19. Mai 04:45:01 CEST 2015
Ping: 26.563 ms
Download: 10.74 Mbit/s
Upload: 0.87 Mbit/s
Di 19. Mai 05:45:01 CEST 2015
Ping: 27.801 ms
Download: 10.74 Mbit/s
Upload: 0.87 Mbit/s
Di 19. Mai 06:45:01 CEST 2015
Ping: 26.383 ms
Download: 10.72 Mbit/s
Upload: 0.87 Mbit/s
Di 19. Mai 07:45:01 CEST 2015
Ping: 25.575 ms
Download: 10.74 Mbit/s
Upload: 0.87 Mbit/s
Di 19. Mai 08:45:02 CEST 2015
Ping: 30.852 ms
Download: 10.25 Mbit/s
Upload: 0.86 Mbit/s
Di 19. Mai 09:45:01 CEST 2015
Ping: 29.133 ms
Download: 10.22 Mbit/s
Upload: 0.87 Mbit/s
Di 19. Mai 10:45:01 CEST 2015
Ping: 28.026 ms
Download: 10.72 Mbit/s
Upload: 0.87 Mbit/s
Di 19. Mai 11:45:01 CEST 2015
Ping: 26.35 ms
Download: 10.30 Mbit/s
Upload: 0.87 Mbit/s
Di 19. Mai 12:45:01 CEST 2015
Ping: 27.63 ms
Download: 10.72 Mbit/s
Upload: 0.87 Mbit/s
Di 19. Mai 13:45:01 CEST 2015
Ping: 31.516 ms
Download: 10.73 Mbit/s
Upload: 0.87 Mbit/s
Di 19. Mai 14:45:01 CEST 2015
Ping: 26.375 ms
Download: 10.74 Mbit/s
Upload: 0.87 Mbit/s
Di 19. Mai 15:45:01 CEST 2015
Ping: 26.084 ms
Download: 10.74 Mbit/s
Upload: 0.87 Mbit/s
Di 19. Mai 16:45:01 CEST 2015
Ping: 33.078 ms
Download: 10.74 Mbit/s
Upload: 0.87 Mbit/s
Di 19. Mai 17:45:01 CEST 2015
Ping: 30.302 ms
Download: 10.72 Mbit/s
Upload: 0.87 Mbit/s
Di 19. Mai 18:45:01 CEST 2015
Ping: 33.045 ms
Download: 9.58 Mbit/s
Upload: 0.83 Mbit/s
Di 19. Mai 19:45:01 CEST 2015
Ping: 25.043 ms
Download: 10.68 Mbit/s
Upload: 0.80 Mbit/s
Di 19. Mai 20:45:01 CEST 2015
Ping: 30.57 ms
Download: 10.69 Mbit/s
Upload: 0.87 Mbit/s
Di 19. Mai 21:45:01 CEST 2015
Ping: 24.295 ms
Download: 10.74 Mbit/s
Upload: 0.87 Mbit/s
Di 19. Mai 22:45:01 CEST 2015
Ping: 27.706 ms
Download: 10.46 Mbit/s
Upload: 0.81 Mbit/s
Di 19. Mai 23:45:01 CEST 2015
Ping: 28.112 ms
Download: 10.73 Mbit/s
Upload: 0.88 Mbit/s
Mi 20. Mai 00:45:01 CEST 2015
Ping: 26.359 ms
Download: 10.72 Mbit/s
Upload: 0.87 Mbit/s
Mi 20. Mai 01:45:01 CEST 2015
Ping: 26.357 ms
Download: 10.74 Mbit/s
Upload: 0.88 Mbit/s
Mi 20. Mai 02:45:01 CEST 2015
Ping: 25.943 ms
Download: 10.74 Mbit/s
Upload: 0.87 Mbit/s
Mi 20. Mai 03:45:01 CEST 2015
Ping: 27.18 ms
Download: 10.72 Mbit/s
Upload: 0.85 Mbit/s
Mi 20. Mai 04:45:01 CEST 2015
Ping: 32.556 ms
Download: 10.72 Mbit/s
Upload: 0.87 Mbit/s
Mi 20. Mai 05:45:01 CEST 2015
Ping: 29.604 ms
Download: 10.72 Mbit/s
Upload: 0.87 Mbit/s
Mi 20. Mai 06:45:01 CEST 2015
Ping: 24.793 ms
Download: 10.74 Mbit/s
Upload: 0.85 Mbit/s
Mi 20. Mai 07:45:01 CEST 2015
Ping: 26.007 ms
Download: 10.72 Mbit/s
Upload: 0.85 Mbit/s
Mi 20. Mai 08:45:01 CEST 2015
Ping: 27.095 ms
Download: 10.73 Mbit/s
Upload: 0.86 Mbit/s
Mi 20. Mai 09:45:01 CEST 2015
Ping: 27.107 ms
Download: 10.43 Mbit/s
Upload: 0.85 Mbit/s
Mi 20. Mai 10:45:01 CEST 2015
Ping: 26.412 ms
Download: 10.57 Mbit/s
Upload: 0.81 Mbit/s
Mi 20. Mai 11:45:01 CEST 2015
Ping: 27.399 ms
Download: 10.71 Mbit/s
Upload: 0.87 Mbit/s
Mi 20. Mai 12:45:01 CEST 2015
Ping: 26.241 ms
Download: 10.70 Mbit/s
Upload: 0.85 Mbit/s
Mi 20. Mai 13:45:01 CEST 2015
Ping: 27.129 ms
Download: 10.30 Mbit/s
Upload: 0.85 Mbit/s
Mi 20. Mai 14:45:01 CEST 2015
Ping: 27.714 ms
Download: 10.72 Mbit/s
Upload: 0.87 Mbit/s
Mi 20. Mai 15:45:02 CEST 2015
Ping: 27.108 ms
Download: 10.73 Mbit/s
Upload: 0.87 Mbit/s
Mi 20. Mai 16:45:01 CEST 2015
Ping: 26.495 ms
Download: 10.73 Mbit/s
Upload: 0.87 Mbit/s
Mi 20. Mai 17:45:01 CEST 2015
Ping: 33.765 ms
Download: 10.72 Mbit/s
Upload: 0.84 Mbit/s
Mi 20. Mai 18:45:01 CEST 2015
Ping: 29.067 ms
Download: 10.71 Mbit/s
Upload: 0.87 Mbit/s
Mi 20. Mai 19:45:01 CEST 2015
Ping: 28.163 ms
Download: 10.74 Mbit/s
Upload: 0.87 Mbit/s
Mi 20. Mai 20:45:01 CEST 2015
Ping: 26.357 ms
Download: 9.58 Mbit/s
Upload: 0.76 Mbit/s
Mi 20. Mai 21:45:01 CEST 2015
Ping: 24.833 ms
Download: 10.72 Mbit/s
Upload: 0.84 Mbit/s
Mi 20. Mai 22:45:01 CEST 2015
Ping: 217.046 ms
Download: 3.35 Mbit/s
Upload: 0.54 Mbit/s
Mi 20. Mai 23:45:01 CEST 2015
Ping: 26.381 ms
Download: 10.72 Mbit/s
Upload: 0.87 Mbit/s
Do 21. Mai 00:45:01 CEST 2015
Ping: 28.335 ms
Download: 10.73 Mbit/s
Upload: 0.87 Mbit/s
Do 21. Mai 01:45:01 CEST 2015
Ping: 27.732 ms
Download: 10.74 Mbit/s
Upload: 0.88 Mbit/s
Do 21. Mai 02:45:01 CEST 2015
Ping: 31.532 ms
Download: 10.73 Mbit/s
Upload: 0.87 Mbit/s
Do 21. Mai 03:45:01 CEST 2015
Ping: 25.206 ms
Download: 10.72 Mbit/s
Upload: 0.87 Mbit/s
Do 21. Mai 04:45:01 CEST 2015
Ping: 27.565 ms
Download: 10.73 Mbit/s
Upload: 0.87 Mbit/s
Do 21. Mai 05:45:01 CEST 2015
Ping: 26.377 ms
Download: 10.74 Mbit/s
Upload: 0.87 Mbit/s
Do 21. Mai 06:45:01 CEST 2015
Ping: 27.544 ms
Download: 10.72 Mbit/s
Upload: 0.87 Mbit/s
Do 21. Mai 07:45:02 CEST 2015
Ping: 26.455 ms
Download: 8.62 Mbit/s
Upload: 0.80 Mbit/s
Do 21. Mai 08:45:01 CEST 2015
Ping: 32.254 ms
Download: 10.72 Mbit/s
Upload: 0.87 Mbit/s
Do 21. Mai 09:45:01 CEST 2015
Ping: 28.476 ms
Download: 9.69 Mbit/s
Upload: 0.83 Mbit/s
Do 21. Mai 10:45:01 CEST 2015
Ping: 29.738 ms
Download: 10.72 Mbit/s
Upload: 0.87 Mbit/s
Do 21. Mai 11:45:01 CEST 2015
Ping: 31.969 ms
Download: 10.72 Mbit/s
Upload: 0.87 Mbit/s
Do 21. Mai 12:45:01 CEST 2015
Ping: 23.312 ms
Download: 10.74 Mbit/s
Upload: 0.85 Mbit/s
Do 21. Mai 13:45:01 CEST 2015
Ping: 25.303 ms
Download: 10.73 Mbit/s
Upload: 0.87 Mbit/s
Do 21. Mai 14:45:01 CEST 2015
Ping: 26.267 ms
Download: 10.72 Mbit/s
Upload: 0.88 Mbit/s
Do 21. Mai 15:45:01 CEST 2015
Ping: 26.379 ms
Download: 10.73 Mbit/s
Upload: 0.87 Mbit/s
Do 21. Mai 16:45:01 CEST 2015
Ping: 27.118 ms
Download: 10.71 Mbit/s
Upload: 0.81 Mbit/s
Do 21. Mai 17:45:01 CEST 2015
Ping: 26.947 ms
Download: 10.71 Mbit/s
Upload: 0.87 Mbit/s
Do 21. Mai 18:45:01 CEST 2015
Ping: 28.164 ms
Download: 9.73 Mbit/s
Upload: 0.82 Mbit/s
Do 21. Mai 19:45:01 CEST 2015
Ping: 28.021 ms
Download: 10.74 Mbit/s
Upload: 0.85 Mbit/s
Do 21. Mai 20:45:01 CEST 2015
Ping: 27.103 ms
Download: 10.72 Mbit/s
Upload: 0.87 Mbit/s
Do 21. Mai 21:45:01 CEST 2015
Ping: 28.077 ms
Download: 10.74 Mbit/s
Upload: 0.87 Mbit/s
Do 21. Mai 22:45:01 CEST 2015
Ping: 27.067 ms
Download: 10.49 Mbit/s
Upload: 0.84 Mbit/s
Do 21. Mai 23:45:01 CEST 2015
Ping: 26.157 ms
Download: 10.73 Mbit/s
Upload: 0.87 Mbit/s
Fr 22. Mai 00:45:01 CEST 2015
Ping: 28.527 ms
Download: 10.72 Mbit/s
Upload: 0.88 Mbit/s
Fr 22. Mai 01:45:01 CEST 2015
Ping: 25.179 ms
Download: 10.72 Mbit/s
Upload: 0.88 Mbit/s
Fr 22. Mai 02:45:01 CEST 2015
Ping: 26.902 ms
Download: 10.73 Mbit/s
Upload: 0.87 Mbit/s
Fr 22. Mai 03:45:01 CEST 2015
Ping: 27.443 ms
Download: 10.74 Mbit/s
Upload: 0.87 Mbit/s
Fr 22. Mai 04:45:01 CEST 2015
Ping: 26.374 ms
Download: 10.72 Mbit/s
Upload: 0.87 Mbit/s
Fr 22. Mai 05:45:01 CEST 2015
Ping: 27.464 ms
Download: 10.73 Mbit/s
Upload: 0.87 Mbit/s
Fr 22. Mai 06:45:01 CEST 2015
Ping: 27.19 ms
Download: 10.74 Mbit/s
Upload: 0.87 Mbit/s
Fr 22. Mai 07:45:01 CEST 2015
Ping: 29.69 ms
Download: 10.72 Mbit/s
Upload: 0.87 Mbit/s
Fr 22. Mai 08:45:01 CEST 2015
Ping: 28.601 ms
Download: 10.73 Mbit/s
Upload: 0.87 Mbit/s
Fr 22. Mai 09:45:01 CEST 2015
Ping: 26.747 ms
Download: 10.73 Mbit/s
Upload: 0.87 Mbit/s
Fr 22. Mai 10:45:01 CEST 2015
Ping: 29.309 ms
Download: 10.32 Mbit/s
Upload: 0.86 Mbit/s
Fr 22. Mai 11:45:01 CEST 2015
Ping: 26.368 ms
Download: 10.55 Mbit/s
Upload: 0.85 Mbit/s
Fr 22. Mai 12:45:01 CEST 2015
Ping: 27.904 ms
Download: 10.70 Mbit/s
Upload: 0.82 Mbit/s
Fr 22. Mai 13:45:01 CEST 2015
Failed to retrieve list of speedtest.net servers
Fr 22. Mai 14:45:01 CEST 2015
Ping: 29.489 ms
Download: 10.17 Mbit/s
Upload: 0.86 Mbit/s
Fr 22. Mai 15:45:01 CEST 2015
Ping: 27.017 ms
Download: 10.72 Mbit/s
Upload: 0.87 Mbit/s
Fr 22. Mai 16:45:01 CEST 2015
Ping: 27.725 ms
Download: 10.72 Mbit/s
Upload: 0.85 Mbit/s
Fr 22. Mai 17:45:01 CEST 2015
Ping: 26.375 ms
Download: 10.72 Mbit/s
Upload: 0.87 Mbit/s
Fr 22. Mai 18:45:01 CEST 2015
Ping: 27.775 ms
Download: 10.41 Mbit/s
Upload: 0.87 Mbit/s
Fr 22. Mai 19:45:01 CEST 2015
Ping: 27.527 ms
Download: 10.73 Mbit/s
Upload: 0.88 Mbit/s
Fr 22. Mai 20:45:01 CEST 2015
Ping: 24.314 ms
Download: 10.74 Mbit/s
Upload: 0.87 Mbit/s
Fr 22. Mai 21:45:01 CEST 2015
Ping: 26.37 ms
Download: 10.73 Mbit/s
Upload: 0.84 Mbit/s
Fr 22. Mai 22:45:01 CEST 2015
Ping: 28.489 ms
Download: 10.70 Mbit/s
Upload: 0.87 Mbit/s
Fr 22. Mai 23:45:01 CEST 2015
Ping: 27.093 ms
Download: 8.50 Mbit/s
Upload: 0.80 Mbit/s
Sa 23. Mai 00:45:01 CEST 2015
Ping: 27.418 ms
Download: 10.73 Mbit/s
Upload: 0.87 Mbit/s
Sa 23. Mai 01:45:01 CEST 2015
Ping: 27.257 ms
Download: 10.74 Mbit/s
Upload: 0.87 Mbit/s
Sa 23. Mai 02:45:01 CEST 2015
Ping: 27.019 ms
Download: 10.73 Mbit/s
Upload: 0.87 Mbit/s
Sa 23. Mai 03:45:01 CEST 2015
Ping: 23.628 ms
Download: 10.74 Mbit/s
Upload: 0.87 Mbit/s
Sa 23. Mai 04:45:01 CEST 2015
Ping: 25.464 ms
Download: 10.74 Mbit/s
Upload: 0.87 Mbit/s
Sa 23. Mai 05:45:01 CEST 2015
Ping: 31.201 ms
Download: 10.72 Mbit/s
Upload: 0.87 Mbit/s
Sa 23. Mai 06:45:01 CEST 2015
Ping: 29.791 ms
Download: 10.73 Mbit/s
Upload: 0.87 Mbit/s
Sa 23. Mai 07:45:01 CEST 2015
Ping: 26.585 ms
Download: 10.73 Mbit/s
Upload: 0.87 Mbit/s
Sa 23. Mai 08:45:01 CEST 2015
Ping: 28.5 ms
Download: 10.72 Mbit/s
Upload: 0.87 Mbit/s
Sa 23. Mai 09:45:01 CEST 2015
Ping: 25.36 ms
Download: 10.72 Mbit/s
Upload: 0.87 Mbit/s
Sa 23. Mai 10:45:01 CEST 2015
Ping: 28.162 ms
Download: 10.74 Mbit/s
Upload: 0.87 Mbit/s
Sa 23. Mai 11:45:01 CEST 2015
Ping: 24.344 ms
Download: 10.73 Mbit/s
Upload: 0.87 Mbit/s
Sa 23. Mai 12:45:01 CEST 2015
Ping: 26.772 ms
Download: 9.19 Mbit/s
Upload: 0.85 Mbit/s
Sa 23. Mai 13:45:01 CEST 2015
Ping: 27.7 ms
Download: 10.69 Mbit/s
Upload: 0.88 Mbit/s
Sa 23. Mai 14:45:01 CEST 2015
Ping: 27.561 ms
Download: 10.69 Mbit/s
Upload: 0.87 Mbit/s
Sa 23. Mai 15:45:01 CEST 2015
Ping: 29.052 ms
Download: 10.63 Mbit/s
Upload: 0.86 Mbit/s
Sa 23. Mai 16:45:02 CEST 2015
Ping: 32.691 ms
Download: 10.23 Mbit/s
Upload: 0.82 Mbit/s
Sa 23. Mai 17:45:01 CEST 2015
Ping: 27.211 ms
Download: 10.49 Mbit/s
Upload: 0.85 Mbit/s
Sa 23. Mai 18:45:01 CEST 2015
Ping: 28.977 ms
Download: 10.70 Mbit/s
Upload: 0.85 Mbit/s
Sa 23. Mai 19:45:01 CEST 2015
Ping: 26.719 ms
Download: 10.72 Mbit/s
Upload: 0.78 Mbit/s
Sa 23. Mai 20:45:01 CEST 2015
Ping: 26.789 ms
Download: 9.88 Mbit/s
Upload: 0.71 Mbit/s
Sa 23. Mai 21:45:01 CEST 2015
Ping: 26.413 ms
Download: 10.72 Mbit/s
Upload: 0.87 Mbit/s
Sa 23. Mai 22:45:01 CEST 2015
Ping: 31.144 ms
Download: 10.74 Mbit/s
Upload: 0.87 Mbit/s
Sa 23. Mai 23:45:01 CEST 2015
Ping: 27.442 ms
Download: 10.74 Mbit/s
Upload: 0.87 Mbit/s
So 24. Mai 00:45:01 CEST 2015
Ping: 27.776 ms
Download: 10.73 Mbit/s
Upload: 0.87 Mbit/s
So 24. Mai 01:45:01 CEST 2015
Ping: 28.492 ms
Download: 10.73 Mbit/s
Upload: 0.76 Mbit/s
So 24. Mai 02:45:02 CEST 2015
Ping: 29.371 ms
Download: 10.72 Mbit/s
Upload: 0.87 Mbit/s
So 24. Mai 03:45:01 CEST 2015
Ping: 25.318 ms
Download: 10.73 Mbit/s
Upload: 0.88 Mbit/s
So 24. Mai 04:45:01 CEST 2015
Ping: 28.052 ms
Download: 10.74 Mbit/s
Upload: 0.87 Mbit/s
So 24. Mai 05:45:01 CEST 2015
Ping: 26.134 ms
Download: 10.72 Mbit/s
Upload: 0.87 Mbit/s
So 24. Mai 06:45:01 CEST 2015
Ping: 28.027 ms
Download: 10.74 Mbit/s
Upload: 0.87 Mbit/s
So 24. Mai 07:45:01 CEST 2015
Ping: 27.174 ms
Download: 10.72 Mbit/s
Upload: 0.87 Mbit/s
So 24. Mai 08:45:01 CEST 2015
Ping: 27.56 ms
Download: 10.74 Mbit/s
Upload: 0.87 Mbit/s
So 24. Mai 09:45:01 CEST 2015
Ping: 27.217 ms
Download: 10.74 Mbit/s
Upload: 0.87 Mbit/s
So 24. Mai 10:45:01 CEST 2015
Ping: 32.835 ms
Download: 10.72 Mbit/s
Upload: 0.87 Mbit/s
So 24. Mai 11:45:01 CEST 2015
Ping: 26.51 ms
Download: 10.73 Mbit/s
Upload: 0.87 Mbit/s
So 24. Mai 12:45:01 CEST 2015
Ping: 26.523 ms
Download: 10.73 Mbit/s
Upload: 0.88 Mbit/s
So 24. Mai 13:45:02 CEST 2015
Ping: 28.513 ms
Download: 10.70 Mbit/s
Upload: 0.88 Mbit/s
So 24. Mai 14:45:01 CEST 2015
Ping: 26.212 ms
Download: 10.72 Mbit/s
Upload: 0.89 Mbit/s
So 24. Mai 15:45:01 CEST 2015
Ping: 25.096 ms
Download: 10.72 Mbit/s
Upload: 0.88 Mbit/s
So 24. Mai 16:45:02 CEST 2015
Ping: 26.016 ms
Download: 10.74 Mbit/s
Upload: 0.87 Mbit/s
So 24. Mai 17:45:01 CEST 2015
Ping: 26.971 ms
Download: 10.70 Mbit/s
Upload: 0.86 Mbit/s
So 24. Mai 18:45:01 CEST 2015
Ping: 26.457 ms
Download: 10.73 Mbit/s
Upload: 0.84 Mbit/s
So 24. Mai 19:45:01 CEST 2015
Ping: 28.358 ms
Download: 9.31 Mbit/s
Upload: 0.84 Mbit/s
So 24. Mai 20:45:01 CEST 2015
Ping: 26.01 ms
Download: 10.72 Mbit/s
Upload: 0.87 Mbit/s
So 24. Mai 21:45:01 CEST 2015
Ping: 28.664 ms
Download: 10.74 Mbit/s
Upload: 0.87 Mbit/s
So 24. Mai 22:45:01 CEST 2015
Ping: 28.244 ms
Download: 10.62 Mbit/s
Upload: 0.86 Mbit/s
So 24. Mai 23:45:01 CEST 2015
Mo 25. Mai 00:45:01 CEST 2015
Ping: 26.604 ms
Download: 10.73 Mbit/s
Upload: 0.88 Mbit/s
Mo 25. Mai 01:45:01 CEST 2015
Ping: 26.869 ms
Download: 10.72 Mbit/s
Upload: 0.87 Mbit/s
Mo 25. Mai 02:45:01 CEST 2015
Ping: 30.388 ms
Download: 10.72 Mbit/s
Upload: 0.88 Mbit/s
Mo 25. Mai 03:45:02 CEST 2015
Ping: 26.611 ms
Download: 10.73 Mbit/s
Upload: 0.88 Mbit/s
Mo 25. Mai 04:45:01 CEST 2015
Ping: 26.031 ms
Download: 10.73 Mbit/s
Upload: 0.88 Mbit/s
Mo 25. Mai 05:45:02 CEST 2015
Ping: 28.334 ms
Download: 10.70 Mbit/s
Upload: 0.87 Mbit/s
Mo 25. Mai 06:45:01 CEST 2015
Ping: 27.685 ms
Download: 10.72 Mbit/s
Upload: 0.87 Mbit/s
Mo 25. Mai 07:45:01 CEST 2015
Ping: 26.15 ms
Download: 10.72 Mbit/s
Upload: 0.87 Mbit/s
Mo 25. Mai 08:45:01 CEST 2015
Ping: 28.04 ms
Download: 10.72 Mbit/s
Upload: 0.86 Mbit/s
Mo 25. Mai 09:45:01 CEST 2015
Ping: 26.655 ms
Download: 10.32 Mbit/s
Upload: 0.86 Mbit/s
Mo 25. Mai 10:45:01 CEST 2015
Ping: 26.601 ms
Download: 10.71 Mbit/s
Upload: 0.87 Mbit/s
Mo 25. Mai 11:45:01 CEST 2015
Ping: 29.587 ms
Download: 10.11 Mbit/s
Upload: 0.87 Mbit/s
Mo 25. Mai 12:45:01 CEST 2015
Ping: 25.056 ms
Download: 10.74 Mbit/s
Upload: 0.88 Mbit/s
Mo 25. Mai 13:45:01 CEST 2015
Ping: 29.857 ms
Download: 10.73 Mbit/s
Upload: 0.88 Mbit/s
Mo 25. Mai 14:45:01 CEST 2015
Ping: 33.054 ms
Download: 10.72 Mbit/s
Upload: 0.88 Mbit/s
Mo 25. Mai 15:45:01 CEST 2015
Ping: 26.267 ms
Download: 10.65 Mbit/s
Upload: 0.87 Mbit/s
Mo 25. Mai 16:45:01 CEST 2015
Ping: 27.615 ms
Download: 10.72 Mbit/s
Upload: 0.87 Mbit/s
Mo 25. Mai 17:45:01 CEST 2015
Ping: 26.381 ms
Download: 10.16 Mbit/s
Upload: 0.79 Mbit/s
Mo 25. Mai 18:45:01 CEST 2015
Ping: 29.007 ms
Download: 9.58 Mbit/s
Upload: 0.86 Mbit/s
Mo 25. Mai 19:45:01 CEST 2015
Ping: 27.719 ms
Download: 10.29 Mbit/s
Upload: 0.86 Mbit/s
Mo 25. Mai 20:45:01 CEST 2015
Ping: 26.703 ms
Download: 10.72 Mbit/s
Upload: 0.87 Mbit/s
Mo 25. Mai 21:45:01 CEST 2015
Ping: 26.355 ms
Download: 10.72 Mbit/s
Upload: 0.88 Mbit/s
Mo 25. Mai 22:45:01 CEST 2015
Ping: 27.102 ms
Download: 10.50 Mbit/s
Upload: 0.83 Mbit/s
Mo 25. Mai 23:45:01 CEST 2015
Ping: 28.265 ms
Download: 10.74 Mbit/s
Upload: 0.87 Mbit/s
Di 26. Mai 00:45:01 CEST 2015
Ping: 26.211 ms
Download: 10.73 Mbit/s
Upload: 0.88 Mbit/s
Di 26. Mai 01:45:01 CEST 2015
Ping: 26.439 ms
Download: 10.70 Mbit/s
Upload: 0.87 Mbit/s
Di 26. Mai 02:45:01 CEST 2015
Ping: 26.678 ms
Download: 10.72 Mbit/s
Upload: 0.87 Mbit/s
Di 26. Mai 03:45:01 CEST 2015
Ping: 28.024 ms
Download: 10.72 Mbit/s
Upload: 0.87 Mbit/s
Di 26. Mai 04:45:01 CEST 2015
Ping: 26.728 ms
Download: 10.74 Mbit/s
Upload: 0.85 Mbit/s
Di 26. Mai 05:45:01 CEST 2015
Ping: 30.031 ms
Download: 10.74 Mbit/s
Upload: 0.85 Mbit/s
Di 26. Mai 06:45:01 CEST 2015
Ping: 25.105 ms
Download: 10.72 Mbit/s
Upload: 0.87 Mbit/s
Di 26. Mai 07:45:02 CEST 2015
Ping: 34.842 ms
Download: 10.74 Mbit/s
Upload: 0.87 Mbit/s
Di 26. Mai 08:45:01 CEST 2015
Ping: 30.5 ms
Download: 10.27 Mbit/s
Upload: 0.85 Mbit/s
Di 26. Mai 09:45:01 CEST 2015
Ping: 26.608 ms
Download: 10.72 Mbit/s
Upload: 0.87 Mbit/s
Di 26. Mai 10:45:01 CEST 2015
Ping: 28.094 ms
Download: 10.72 Mbit/s
Upload: 0.88 Mbit/s
Di 26. Mai 11:45:01 CEST 2015
Ping: 31.156 ms
Download: 10.30 Mbit/s
Upload: 0.86 Mbit/s
Di 26. Mai 12:45:01 CEST 2015
Ping: 29.638 ms
Download: 10.72 Mbit/s
Upload: 0.87 Mbit/s
Di 26. Mai 13:45:01 CEST 2015
Ping: 24.773 ms
Download: 10.72 Mbit/s
Upload: 0.87 Mbit/s
Di 26. Mai 14:45:01 CEST 2015
Ping: 25.833 ms
Download: 10.74 Mbit/s
Upload: 0.88 Mbit/s
Di 26. Mai 15:45:01 CEST 2015
Ping: 25.746 ms
Download: 10.74 Mbit/s
Upload: 0.87 Mbit/s
Di 26. Mai 16:45:01 CEST 2015
Ping: 26.956 ms
Download: 10.71 Mbit/s
Upload: 0.87 Mbit/s
Di 26. Mai 17:45:01 CEST 2015
Ping: 27.235 ms
Download: 10.70 Mbit/s
Upload: 0.85 Mbit/s
Di 26. Mai 18:45:01 CEST 2015
Ping: 28.722 ms
Download: 10.72 Mbit/s
Upload: 0.87 Mbit/s
Di 26. Mai 19:45:01 CEST 2015
Ping: 26.182 ms
Download: 10.73 Mbit/s
Upload: 0.88 Mbit/s
Di 26. Mai 20:45:01 CEST 2015
Ping: 27.684 ms
Download: 10.73 Mbit/s
Upload: 0.87 Mbit/s
Di 26. Mai 21:45:01 CEST 2015
Ping: 29.433 ms
Download: 10.73 Mbit/s
Upload: 0.86 Mbit/s
Di 26. Mai 22:45:01 CEST 2015
Ping: 27.906 ms
Download: 10.59 Mbit/s
Upload: 0.86 Mbit/s
Di 26. Mai 23:45:01 CEST 2015
Ping: 26.784 ms
Download: 10.72 Mbit/s
Upload: 0.87 Mbit/s
Mi 27. Mai 00:45:01 CEST 2015
Ping: 26.245 ms
Download: 10.72 Mbit/s
Upload: 0.87 Mbit/s
Mi 27. Mai 01:45:01 CEST 2015
Ping: 27.527 ms
Download: 10.72 Mbit/s
Upload: 0.88 Mbit/s
Mi 27. Mai 02:45:01 CEST 2015
Ping: 26.777 ms
Download: 10.74 Mbit/s
Upload: 0.87 Mbit/s
Mi 27. Mai 03:45:01 CEST 2015
Ping: 27.693 ms
Download: 10.72 Mbit/s
Upload: 0.83 Mbit/s
Mi 27. Mai 04:45:01 CEST 2015
Ping: 27.044 ms
Download: 10.71 Mbit/s
Upload: 0.87 Mbit/s
Mi 27. Mai 05:45:01 CEST 2015
Ping: 27.015 ms
Download: 10.72 Mbit/s
Upload: 0.87 Mbit/s
Mi 27. Mai 06:45:01 CEST 2015
Ping: 27.779 ms
Download: 10.73 Mbit/s
Upload: 0.87 Mbit/s
Mi 27. Mai 07:45:01 CEST 2015
Ping: 26.374 ms
Download: 10.72 Mbit/s
Upload: 0.88 Mbit/s
Mi 27. Mai 08:45:01 CEST 2015
Ping: 26.251 ms
Download: 10.72 Mbit/s
Upload: 0.87 Mbit/s
Mi 27. Mai 09:45:01 CEST 2015
Ping: 26.571 ms
Download: 10.72 Mbit/s
Upload: 0.86 Mbit/s
Mi 27. Mai 10:45:01 CEST 2015
Ping: 28.212 ms
Download: 10.72 Mbit/s
Upload: 0.87 Mbit/s
Mi 27. Mai 11:45:01 CEST 2015
Ping: 26.212 ms
Download: 10.58 Mbit/s
Upload: 0.83 Mbit/s
Mi 27. Mai 12:45:01 CEST 2015
Ping: 32.852 ms
Download: 10.71 Mbit/s
Upload: 0.86 Mbit/s
Mi 27. Mai 13:45:01 CEST 2015
Ping: 26.331 ms
Download: 10.70 Mbit/s
Upload: 0.87 Mbit/s
Mi 27. Mai 14:45:01 CEST 2015
Ping: 25.338 ms
Download: 10.72 Mbit/s
Upload: 0.87 Mbit/s
Mi 27. Mai 15:45:01 CEST 2015
Ping: 26.245 ms
Download: 10.72 Mbit/s
Upload: 0.85 Mbit/s
Mi 27. Mai 16:45:01 CEST 2015
Ping: 26.297 ms
Download: 10.71 Mbit/s
Upload: 0.87 Mbit/s
Mi 27. Mai 17:45:01 CEST 2015
Ping: 31.227 ms
Download: 10.72 Mbit/s
Upload: 0.87 Mbit/s
Mi 27. Mai 18:45:01 CEST 2015
Ping: 30.119 ms
Download: 10.65 Mbit/s
Upload: 0.87 Mbit/s
Mi 27. Mai 19:45:01 CEST 2015
Ping: 29.099 ms
Download: 9.89 Mbit/s
Upload: 0.82 Mbit/s
Mi 27. Mai 20:45:01 CEST 2015
Ping: 28.469 ms
Download: 10.70 Mbit/s
Upload: 0.86 Mbit/s
Mi 27. Mai 21:45:01 CEST 2015
Ping: 26.63 ms
Download: 10.74 Mbit/s
Upload: 0.87 Mbit/s
Mi 27. Mai 22:45:01 CEST 2015
Ping: 28.033 ms
Download: 10.72 Mbit/s
Upload: 0.87 Mbit/s
Mi 27. Mai 23:45:02 CEST 2015
Ping: 25.44 ms
Download: 10.72 Mbit/s
Upload: 0.87 Mbit/s
Do 28. Mai 00:45:01 CEST 2015
Ping: 27.85 ms
Download: 10.72 Mbit/s
Upload: 0.88 Mbit/s
Do 28. Mai 01:45:01 CEST 2015
Ping: 27.942 ms
Download: 10.72 Mbit/s
Upload: 0.87 Mbit/s
Do 28. Mai 02:45:01 CEST 2015
Could not retrieve speedtest.net configuration
Do 28. Mai 03:45:01 CEST 2015
Could not retrieve speedtest.net configuration
Do 28. Mai 04:45:01 CEST 2015
Could not retrieve speedtest.net configuration
Do 28. Mai 05:45:01 CEST 2015
Ping: 26.389 ms
Download: 10.74 Mbit/s
Upload: 0.87 Mbit/s
Do 28. Mai 06:45:01 CEST 2015
Ping: 28.604 ms
Download: 10.74 Mbit/s
Upload: 0.85 Mbit/s
Do 28. Mai 07:45:01 CEST 2015
Ping: 26.164 ms
Download: 10.51 Mbit/s
Upload: 0.75 Mbit/s
Do 28. Mai 08:45:02 CEST 2015
Ping: 25.948 ms
Download: 10.74 Mbit/s
Upload: 0.75 Mbit/s
Do 28. Mai 09:45:01 CEST 2015
Ping: 25.223 ms
Download: 10.66 Mbit/s
Upload: 0.86 Mbit/s
Do 28. Mai 10:45:01 CEST 2015
Ping: 27.505 ms
Download: 10.74 Mbit/s
Upload: 0.86 Mbit/s
Do 28. Mai 11:45:01 CEST 2015
Ping: 26.297 ms
Download: 10.73 Mbit/s
Upload: 0.88 Mbit/s
Do 28. Mai 12:45:01 CEST 2015
Ping: 67.548 ms
Download: 9.92 Mbit/s
Upload: 0.81 Mbit/s
Do 28. Mai 13:45:01 CEST 2015
Ping: 26.541 ms
Download: 10.74 Mbit/s
Upload: 0.86 Mbit/s
Do 28. Mai 14:45:01 CEST 2015
Ping: 34.254 ms
Download: 0.00 Mbit/s
Upload: 0.86 Mbit/s
Do 28. Mai 15:45:01 CEST 2015
Ping: 26.429 ms
Download: 10.74 Mbit/s
Upload: 0.88 Mbit/s
Do 28. Mai 16:45:01 CEST 2015
Ping: 29.873 ms
Download: 10.74 Mbit/s
Upload: 0.87 Mbit/s
Do 28. Mai 17:45:01 CEST 2015
Ping: 33.484 ms
Download: 10.49 Mbit/s
Upload: 0.86 Mbit/s
Do 28. Mai 18:45:01 CEST 2015
Ping: 27.0 ms
Download: 10.73 Mbit/s
Upload: 0.88 Mbit/s
Do 28. Mai 19:45:01 CEST 2015
Ping: 25.69 ms
Download: 10.71 Mbit/s
Upload: 0.85 Mbit/s
Do 28. Mai 20:45:01 CEST 2015
Ping: 27.932 ms
Download: 10.74 Mbit/s
Upload: 0.87 Mbit/s
Do 28. Mai 21:45:01 CEST 2015
Ping: 27.26 ms
Download: 10.72 Mbit/s
Upload: 0.87 Mbit/s
Do 28. Mai 22:45:02 CEST 2015
Ping: 28.682 ms
Download: 10.45 Mbit/s
Upload: 0.85 Mbit/s
Do 28. Mai 23:45:01 CEST 2015
Ping: 26.332 ms
Download: 10.13 Mbit/s
Upload: 0.88 Mbit/s
Fr 29. Mai 00:45:01 CEST 2015
Ping: 27.488 ms
Download: 10.27 Mbit/s
Upload: 0.87 Mbit/s
Fr 29. Mai 01:45:01 CEST 2015
Ping: 31.798 ms
Download: 0.00 Mbit/s
Upload: 0.83 Mbit/s
Fr 29. Mai 02:45:01 CEST 2015
Ping: 26.699 ms
Download: 10.08 Mbit/s
Upload: 0.87 Mbit/s
Fr 29. Mai 03:45:01 CEST 2015
Ping: 26.671 ms
Download: 10.73 Mbit/s
Upload: 0.87 Mbit/s
Fr 29. Mai 04:45:01 CEST 2015
Ping: 26.178 ms
Download: 10.74 Mbit/s
Upload: 0.87 Mbit/s
Fr 29. Mai 05:45:01 CEST 2015
Ping: 27.62 ms
Download: 10.71 Mbit/s
Upload: 0.87 Mbit/s
Fr 29. Mai 06:45:01 CEST 2015
Ping: 27.266 ms
Download: 10.74 Mbit/s
Upload: 0.88 Mbit/s
Fr 29. Mai 07:45:01 CEST 2015
Ping: 26.82 ms
Download: 10.05 Mbit/s
Upload: 0.87 Mbit/s
Fr 29. Mai 08:45:01 CEST 2015
Ping: 28.773 ms
Download: 10.74 Mbit/s
Upload: 0.86 Mbit/s
Fr 29. Mai 09:45:01 CEST 2015
Ping: 27.718 ms
Download: 10.39 Mbit/s
Upload: 0.88 Mbit/s
Fr 29. Mai 10:45:01 CEST 2015
Ping: 30.052 ms
Download: 10.72 Mbit/s
Upload: 0.87 Mbit/s
Fr 29. Mai 11:45:01 CEST 2015
Ping: 26.966 ms
Download: 10.74 Mbit/s
Upload: 0.88 Mbit/s
Fr 29. Mai 12:45:01 CEST 2015
Ping: 25.18 ms
Download: 10.73 Mbit/s
Upload: 0.87 Mbit/s
Fr 29. Mai 13:45:01 CEST 2015
Ping: 30.309 ms
Download: 10.72 Mbit/s
Upload: 0.88 Mbit/s
Fr 29. Mai 14:45:01 CEST 2015
Ping: 28.139 ms
Download: 10.73 Mbit/s
Upload: 0.87 Mbit/s
Fr 29. Mai 15:45:01 CEST 2015
Ping: 27.161 ms
Download: 10.56 Mbit/s
Upload: 0.88 Mbit/s
Fr 29. Mai 16:45:01 CEST 2015
Ping: 27.76 ms
Download: 10.66 Mbit/s
Upload: 0.84 Mbit/s
Fr 29. Mai 17:45:01 CEST 2015
Ping: 29.214 ms
Download: 10.73 Mbit/s
Upload: 0.79 Mbit/s
Fr 29. Mai 18:45:01 CEST 2015
Ping: 26.157 ms
Download: 10.39 Mbit/s
Upload: 0.83 Mbit/s
Fr 29. Mai 19:45:01 CEST 2015
Ping: 26.996 ms
Download: 8.19 Mbit/s
Upload: 0.86 Mbit/s
Fr 29. Mai 20:45:01 CEST 2015
Ping: 27.283 ms
Download: 10.74 Mbit/s
Upload: 0.87 Mbit/s
Fr 29. Mai 21:45:01 CEST 2015
Ping: 29.205 ms
Download: 10.54 Mbit/s
Upload: 0.83 Mbit/s
Fr 29. Mai 22:45:01 CEST 2015
Ping: 28.509 ms
Download: 10.62 Mbit/s
Upload: 0.87 Mbit/s
Fr 29. Mai 23:45:01 CEST 2015
Ping: 26.779 ms
Download: 10.37 Mbit/s
Upload: 0.84 Mbit/s
Sa 30. Mai 00:45:01 CEST 2015
Ping: 26.778 ms
Download: 10.74 Mbit/s
Upload: 0.87 Mbit/s
Sa 30. Mai 01:45:01 CEST 2015
Ping: 28.242 ms
Download: 10.35 Mbit/s
Upload: 0.78 Mbit/s
Sa 30. Mai 02:45:01 CEST 2015
Ping: 26.333 ms
Download: 10.72 Mbit/s
Upload: 0.88 Mbit/s
Sa 30. Mai 03:45:01 CEST 2015
Ping: 27.835 ms
Download: 10.72 Mbit/s
Upload: 0.87 Mbit/s
Sa 30. Mai 04:45:01 CEST 2015
Ping: 33.785 ms
Download: 10.73 Mbit/s
Upload: 0.87 Mbit/s
Sa 30. Mai 05:45:01 CEST 2015
Ping: 27.049 ms
Download: 10.73 Mbit/s
Upload: 0.87 Mbit/s
Sa 30. Mai 06:45:01 CEST 2015
Ping: 26.696 ms
Download: 10.45 Mbit/s
Upload: 0.87 Mbit/s
Sa 30. Mai 07:45:01 CEST 2015
Ping: 30.627 ms
Download: 10.72 Mbit/s
Upload: 0.85 Mbit/s
Sa 30. Mai 08:45:01 CEST 2015
Ping: 27.274 ms
Download: 9.48 Mbit/s
Upload: 0.83 Mbit/s
Sa 30. Mai 09:45:01 CEST 2015
Ping: 26.562 ms
Download: 10.71 Mbit/s
Upload: 0.83 Mbit/s
Sa 30. Mai 10:45:02 CEST 2015
Ping: 27.642 ms
Download: 10.04 Mbit/s
Upload: 0.86 Mbit/s
Sa 30. Mai 11:45:01 CEST 2015
Ping: 27.293 ms
Download: 10.23 Mbit/s
Upload: 0.87 Mbit/s
Sa 30. Mai 12:45:01 CEST 2015
Ping: 26.449 ms
Download: 9.80 Mbit/s
Upload: 0.88 Mbit/s
Sa 30. Mai 13:45:01 CEST 2015
Ping: 27.483 ms
Download: 10.15 Mbit/s
Upload: 0.83 Mbit/s
Sa 30. Mai 14:45:01 CEST 2015
Ping: 28.754 ms
Download: 10.72 Mbit/s
Upload: 0.87 Mbit/s
Sa 30. Mai 15:45:01 CEST 2015
Ping: 26.147 ms
Download: 10.56 Mbit/s
Upload: 0.88 Mbit/s
Sa 30. Mai 16:45:01 CEST 2015
Ping: 27.222 ms
Download: 10.32 Mbit/s
Upload: 0.86 Mbit/s
Sa 30. Mai 17:45:01 CEST 2015
Ping: 33.548 ms
Download: 10.26 Mbit/s
Upload: 0.81 Mbit/s
Sa 30. Mai 18:45:01 CEST 2015
Ping: 26.937 ms
Download: 10.09 Mbit/s
Upload: 0.84 Mbit/s
Sa 30. Mai 19:45:01 CEST 2015
Ping: 27.841 ms
Download: 9.99 Mbit/s
Upload: 0.87 Mbit/s
Sa 30. Mai 20:45:01 CEST 2015
Ping: 27.066 ms
Download: 10.68 Mbit/s
Upload: 0.87 Mbit/s
Sa 30. Mai 21:45:01 CEST 2015
Failed to retrieve list of speedtest.net servers
Sa 30. Mai 22:45:01 CEST 2015
Ping: 29.651 ms
Download: 10.16 Mbit/s
Upload: 0.86 Mbit/s
Sa 30. Mai 23:45:01 CEST 2015
Ping: 32.247 ms
Download: 10.72 Mbit/s
Upload: 0.87 Mbit/s
So 31. Mai 00:45:01 CEST 2015
Ping: 26.446 ms
Download: 10.17 Mbit/s
Upload: 0.87 Mbit/s
So 31. Mai 01:45:01 CEST 2015
Ping: 27.314 ms
Download: 10.74 Mbit/s
Upload: 0.85 Mbit/s
So 31. Mai 02:45:01 CEST 2015
Ping: 28.572 ms
Download: 10.74 Mbit/s
Upload: 0.88 Mbit/s
So 31. Mai 03:45:01 CEST 2015
Ping: 26.243 ms
Download: 10.74 Mbit/s
Upload: 0.88 Mbit/s
So 31. Mai 04:45:01 CEST 2015
Ping: 27.262 ms
Download: 10.74 Mbit/s
Upload: 0.87 Mbit/s
So 31. Mai 05:45:01 CEST 2015
Ping: 32.246 ms
Download: 10.72 Mbit/s
Upload: 0.88 Mbit/s
So 31. Mai 06:45:01 CEST 2015
Ping: 31.304 ms
Download: 10.73 Mbit/s
Upload: 0.85 Mbit/s
So 31. Mai 07:45:01 CEST 2015
Ping: 27.748 ms
Download: 10.25 Mbit/s
Upload: 0.83 Mbit/s
So 31. Mai 08:45:01 CEST 2015
Ping: 26.301 ms
Download: 10.72 Mbit/s
Upload: 0.87 Mbit/s
So 31. Mai 09:45:01 CEST 2015
Ping: 26.843 ms
Download: 10.36 Mbit/s
Upload: 0.87 Mbit/s
So 31. Mai 10:45:01 CEST 2015
Ping: 26.978 ms
Download: 10.21 Mbit/s
Upload: 0.87 Mbit/s
So 31. Mai 11:45:01 CEST 2015
Ping: 25.816 ms
Download: 10.74 Mbit/s
Upload: 0.87 Mbit/s
So 31. Mai 12:45:01 CEST 2015
Failed to retrieve list of speedtest.net servers
So 31. Mai 13:45:01 CEST 2015
Ping: 27.349 ms
Download: 10.60 Mbit/s
Upload: 0.87 Mbit/s
So 31. Mai 14:45:01 CEST 2015
Ping: 25.158 ms
Download: 10.45 Mbit/s
Upload: 0.79 Mbit/s
So 31. Mai 15:45:01 CEST 2015
Ping: 29.559 ms
Download: 9.69 Mbit/s
Upload: 0.84 Mbit/s
So 31. Mai 16:45:01 CEST 2015
Ping: 30.164 ms
Download: 10.67 Mbit/s
Upload: 0.87 Mbit/s
So 31. Mai 17:45:01 CEST 2015
Ping: 29.72 ms
Download: 10.73 Mbit/s
Upload: 0.88 Mbit/s
So 31. Mai 19:45:01 CEST 2015
Ping: 26.925 ms
Download: 10.71 Mbit/s
Upload: 0.85 Mbit/s
So 31. Mai 20:45:01 CEST 2015
Ping: 27.044 ms
Download: 10.09 Mbit/s
Upload: 0.88 Mbit/s
So 31. Mai 21:45:01 CEST 2015
Ping: 26.674 ms
Download: 10.56 Mbit/s
Upload: 0.86 Mbit/s
So 31. Mai 22:45:01 CEST 2015
Ping: 28.311 ms
Download: 10.59 Mbit/s
Upload: 0.86 Mbit/s
So 31. Mai 23:45:01 CEST 2015
Ping: 28.436 ms
Download: 10.72 Mbit/s
Upload: 0.87 Mbit/s
