Thu Dec  1 00:45:01 CET 2016
Ping: 25.624 ms
Download: 21.33 Mbit/s
Upload: 0.86 Mbit/s
Thu Dec  1 01:45:01 CET 2016
Ping: 28.418 ms
Download: 18.38 Mbit/s
Upload: 0.86 Mbit/s
Thu Dec  1 02:45:01 CET 2016
Ping: 26.172 ms
Download: 21.43 Mbit/s
Upload: 0.86 Mbit/s
Thu Dec  1 03:45:01 CET 2016
Ping: 27.981 ms
Download: 21.11 Mbit/s
Upload: 0.87 Mbit/s
Thu Dec  1 04:45:01 CET 2016
Ping: 24.967 ms
Download: 21.12 Mbit/s
Upload: 0.86 Mbit/s
Thu Dec  1 05:45:02 CET 2016
Ping: 27.525 ms
Download: 20.65 Mbit/s
Upload: 0.86 Mbit/s
Thu Dec  1 06:45:01 CET 2016
Ping: 25.905 ms
Download: 18.58 Mbit/s
Upload: 0.89 Mbit/s
Thu Dec  1 07:45:01 CET 2016
Ping: 27.698 ms
Download: 21.43 Mbit/s
Upload: 0.86 Mbit/s
Thu Dec  1 08:45:01 CET 2016
Ping: 31.249 ms
Download: 18.55 Mbit/s
Upload: 0.77 Mbit/s
Thu Dec  1 09:45:01 CET 2016
Ping: 27.105 ms
Download: 20.93 Mbit/s
Upload: 0.82 Mbit/s
Thu Dec  1 10:45:01 CET 2016
Ping: 28.12 ms
Download: 21.43 Mbit/s
Upload: 0.87 Mbit/s
Thu Dec  1 11:45:01 CET 2016
Ping: 25.049 ms
Download: 21.42 Mbit/s
Upload: 0.86 Mbit/s
Thu Dec  1 12:45:01 CET 2016
Ping: 27.278 ms
Download: 21.31 Mbit/s
Upload: 0.85 Mbit/s
Thu Dec  1 13:45:01 CET 2016
Ping: 26.429 ms
Download: 21.42 Mbit/s
Upload: 0.86 Mbit/s
Thu Dec  1 14:45:01 CET 2016
Ping: 25.386 ms
Download: 21.44 Mbit/s
Upload: 0.83 Mbit/s
Thu Dec  1 15:45:01 CET 2016
Ping: 27.898 ms
Download: 21.40 Mbit/s
Upload: 0.85 Mbit/s
Thu Dec  1 16:45:01 CET 2016
Ping: 26.917 ms
Download: 21.42 Mbit/s
Upload: 0.84 Mbit/s
Thu Dec  1 17:45:01 CET 2016
Ping: 28.034 ms
Download: 18.49 Mbit/s
Upload: 0.77 Mbit/s
Thu Dec  1 18:45:01 CET 2016
Ping: 28.382 ms
Download: 21.33 Mbit/s
Upload: 0.86 Mbit/s
Thu Dec  1 19:45:01 CET 2016
Ping: 28.751 ms
Download: 13.71 Mbit/s
Upload: 0.79 Mbit/s
Thu Dec  1 20:45:01 CET 2016
Ping: 24.532 ms
Download: 21.38 Mbit/s
Upload: 0.88 Mbit/s
Thu Dec  1 21:45:01 CET 2016
Ping: 25.535 ms
Download: 21.42 Mbit/s
Upload: 0.87 Mbit/s
Thu Dec  1 22:45:01 CET 2016
Ping: 26.103 ms
Download: 21.42 Mbit/s
Upload: 0.86 Mbit/s
Thu Dec  1 23:45:01 CET 2016
Ping: 25.606 ms
Download: 20.82 Mbit/s
Upload: 0.86 Mbit/s
Fri Dec  2 00:45:02 CET 2016
Ping: 25.797 ms
Download: 21.38 Mbit/s
Upload: 0.86 Mbit/s
Fri Dec  2 01:45:02 CET 2016
Ping: 25.93 ms
Download: 21.26 Mbit/s
Upload: 0.87 Mbit/s
Fri Dec  2 02:45:01 CET 2016
Ping: 26.047 ms
Download: 21.43 Mbit/s
Upload: 0.86 Mbit/s
Fri Dec  2 03:45:02 CET 2016
Ping: 27.679 ms
Download: 21.43 Mbit/s
Upload: 0.86 Mbit/s
Fri Dec  2 04:45:01 CET 2016
Ping: 26.479 ms
Download: 21.42 Mbit/s
Upload: 0.87 Mbit/s
Fri Dec  2 05:45:01 CET 2016
Ping: 31.294 ms
Download: 21.38 Mbit/s
Upload: 0.85 Mbit/s
Fri Dec  2 06:45:01 CET 2016
Ping: 29.755 ms
Download: 21.52 Mbit/s
Upload: 0.87 Mbit/s
Fri Dec  2 07:45:01 CET 2016
Ping: 28.664 ms
Download: 21.44 Mbit/s
Upload: 0.85 Mbit/s
Fri Dec  2 08:45:01 CET 2016
Ping: 26.415 ms
Download: 21.30 Mbit/s
Upload: 0.87 Mbit/s
Fri Dec  2 09:45:01 CET 2016
Ping: 30.524 ms
Download: 20.47 Mbit/s
Upload: 0.87 Mbit/s
Fri Dec  2 10:45:01 CET 2016
Ping: 26.106 ms
Download: 21.40 Mbit/s
Upload: 0.87 Mbit/s
Fri Dec  2 11:45:01 CET 2016
Ping: 26.389 ms
Download: 21.39 Mbit/s
Upload: 0.79 Mbit/s
Fri Dec  2 12:45:02 CET 2016
Ping: 28.043 ms
Download: 21.45 Mbit/s
Upload: 0.78 Mbit/s
Fri Dec  2 13:45:01 CET 2016
Ping: 27.627 ms
Download: 11.88 Mbit/s
Upload: 0.71 Mbit/s
Fri Dec  2 14:45:01 CET 2016
Ping: 27.853 ms
Download: 21.39 Mbit/s
Upload: 0.82 Mbit/s
Fri Dec  2 15:45:01 CET 2016
Ping: 28.082 ms
Download: 20.81 Mbit/s
Upload: 0.85 Mbit/s
Fri Dec  2 16:45:01 CET 2016
Ping: 27.228 ms
Download: 21.42 Mbit/s
Upload: 0.83 Mbit/s
Fri Dec  2 17:45:01 CET 2016
Ping: 31.821 ms
Download: 20.98 Mbit/s
Upload: 0.88 Mbit/s
Fri Dec  2 18:45:01 CET 2016
Ping: 24.395 ms
Download: 18.56 Mbit/s
Upload: 0.80 Mbit/s
Fri Dec  2 19:45:01 CET 2016
Ping: 27.564 ms
Download: 21.42 Mbit/s
Upload: 0.86 Mbit/s
Fri Dec  2 20:45:01 CET 2016
Ping: 29.381 ms
Download: 17.03 Mbit/s
Upload: 0.82 Mbit/s
Fri Dec  2 21:45:01 CET 2016
Ping: 27.647 ms
Download: 16.88 Mbit/s
Upload: 0.74 Mbit/s
Fri Dec  2 22:45:01 CET 2016
Ping: 25.015 ms
Download: 21.14 Mbit/s
Upload: 0.85 Mbit/s
Fri Dec  2 23:45:01 CET 2016
Ping: 23.871 ms
Download: 21.43 Mbit/s
Upload: 0.86 Mbit/s
Sat Dec  3 00:45:01 CET 2016
Ping: 26.616 ms
Download: 21.22 Mbit/s
Upload: 0.85 Mbit/s
Sat Dec  3 01:45:01 CET 2016
Ping: 26.42 ms
Download: 21.33 Mbit/s
Upload: 0.85 Mbit/s
Sat Dec  3 02:45:01 CET 2016
Ping: 30.387 ms
Download: 21.13 Mbit/s
Upload: 0.88 Mbit/s
Sat Dec  3 03:45:01 CET 2016
Ping: 27.555 ms
Download: 21.30 Mbit/s
Upload: 0.85 Mbit/s
Sat Dec  3 04:45:01 CET 2016
Ping: 26.007 ms
Download: 21.29 Mbit/s
Upload: 0.86 Mbit/s
Sat Dec  3 05:45:01 CET 2016
Ping: 25.273 ms
Download: 21.11 Mbit/s
Upload: 0.83 Mbit/s
Sat Dec  3 06:45:01 CET 2016
Ping: 27.395 ms
Download: 20.25 Mbit/s
Upload: 0.86 Mbit/s
Sat Dec  3 07:45:01 CET 2016
Ping: 27.123 ms
Download: 21.40 Mbit/s
Upload: 0.85 Mbit/s
Sat Dec  3 08:45:01 CET 2016
Ping: 30.519 ms
Download: 21.12 Mbit/s
Upload: 0.81 Mbit/s
Sat Dec  3 09:45:01 CET 2016
Ping: 24.731 ms
Download: 21.38 Mbit/s
Upload: 0.86 Mbit/s
Sat Dec  3 10:45:01 CET 2016
Ping: 29.004 ms
Download: 21.27 Mbit/s
Upload: 0.81 Mbit/s
Sat Dec  3 11:45:01 CET 2016
Ping: 25.582 ms
Download: 21.42 Mbit/s
Upload: 0.86 Mbit/s
Sat Dec  3 12:45:01 CET 2016
Ping: 26.018 ms
Download: 16.61 Mbit/s
Upload: 0.72 Mbit/s
Sat Dec  3 13:45:01 CET 2016
Ping: 31.68 ms
Download: 20.98 Mbit/s
Upload: 0.88 Mbit/s
Sat Dec  3 14:45:01 CET 2016
Ping: 27.039 ms
Download: 21.11 Mbit/s
Upload: 0.87 Mbit/s
Sat Dec  3 15:45:01 CET 2016
Ping: 25.212 ms
Download: 21.28 Mbit/s
Upload: 0.87 Mbit/s
Sat Dec  3 16:45:01 CET 2016
Ping: 27.71 ms
Download: 21.16 Mbit/s
Upload: 0.83 Mbit/s
Sat Dec  3 17:45:01 CET 2016
Ping: 31.263 ms
Download: 21.12 Mbit/s
Upload: 0.88 Mbit/s
Sat Dec  3 18:45:01 CET 2016
Ping: 28.803 ms
Download: 21.42 Mbit/s
Upload: 0.86 Mbit/s
Sat Dec  3 19:45:01 CET 2016
Ping: 25.46 ms
Download: 21.11 Mbit/s
Upload: 0.86 Mbit/s
Sat Dec  3 20:45:01 CET 2016
Ping: 25.739 ms
Download: 21.33 Mbit/s
Upload: 0.86 Mbit/s
Sat Dec  3 21:45:01 CET 2016
Ping: 26.201 ms
Download: 21.45 Mbit/s
Upload: 0.87 Mbit/s
Sat Dec  3 22:45:01 CET 2016
Ping: 26.521 ms
Download: 21.39 Mbit/s
Upload: 0.86 Mbit/s
Sat Dec  3 23:45:01 CET 2016
Ping: 27.565 ms
Download: 21.25 Mbit/s
Upload: 0.87 Mbit/s
Sun Dec  4 00:45:01 CET 2016
Ping: 29.032 ms
Download: 21.43 Mbit/s
Upload: 0.85 Mbit/s
Sun Dec  4 01:45:01 CET 2016
Ping: 26.17 ms
Download: 21.45 Mbit/s
Upload: 0.86 Mbit/s
Sun Dec  4 02:45:01 CET 2016
Ping: 25.216 ms
Download: 21.42 Mbit/s
Upload: 0.87 Mbit/s
Sun Dec  4 03:45:01 CET 2016
Ping: 29.952 ms
Download: 21.31 Mbit/s
Upload: 0.86 Mbit/s
Sun Dec  4 04:45:02 CET 2016
Ping: 22.433 ms
Download: 21.12 Mbit/s
Upload: 0.86 Mbit/s
Sun Dec  4 05:45:01 CET 2016
Ping: 27.003 ms
Download: 21.43 Mbit/s
Upload: 0.86 Mbit/s
Sun Dec  4 06:45:01 CET 2016
Ping: 26.31 ms
Download: 21.38 Mbit/s
Upload: 0.86 Mbit/s
Sun Dec  4 07:45:01 CET 2016
Ping: 23.955 ms
Download: 21.33 Mbit/s
Upload: 0.86 Mbit/s
Sun Dec  4 08:45:01 CET 2016
Ping: 26.481 ms
Download: 21.32 Mbit/s
Upload: 0.86 Mbit/s
Sun Dec  4 09:45:01 CET 2016
Ping: 29.834 ms
Download: 21.21 Mbit/s
Upload: 0.85 Mbit/s
Sun Dec  4 10:45:01 CET 2016
Ping: 26.442 ms
Download: 20.63 Mbit/s
Upload: 0.87 Mbit/s
Sun Dec  4 11:45:01 CET 2016
Ping: 26.353 ms
Download: 21.39 Mbit/s
Upload: 0.84 Mbit/s
Sun Dec  4 12:45:01 CET 2016
Ping: 29.047 ms
Download: 20.95 Mbit/s
Upload: 0.58 Mbit/s
Sun Dec  4 13:45:01 CET 2016
Ping: 25.937 ms
Download: 21.43 Mbit/s
Upload: 0.85 Mbit/s
Sun Dec  4 14:45:01 CET 2016
Ping: 26.401 ms
Download: 21.44 Mbit/s
Upload: 0.88 Mbit/s
Sun Dec  4 15:45:01 CET 2016
Ping: 25.51 ms
Download: 14.64 Mbit/s
Upload: 0.86 Mbit/s
Sun Dec  4 16:45:01 CET 2016
Ping: 26.429 ms
Download: 21.43 Mbit/s
Upload: 0.86 Mbit/s
Sun Dec  4 17:45:01 CET 2016
Ping: 26.655 ms
Download: 18.81 Mbit/s
Upload: 0.78 Mbit/s
Sun Dec  4 18:45:01 CET 2016
Ping: 26.175 ms
Download: 20.90 Mbit/s
Upload: 0.83 Mbit/s
Sun Dec  4 19:45:01 CET 2016
Ping: 26.543 ms
Download: 20.53 Mbit/s
Upload: 0.74 Mbit/s
Sun Dec  4 20:45:01 CET 2016
Ping: 26.897 ms
Download: 21.43 Mbit/s
Upload: 0.86 Mbit/s
Sun Dec  4 21:45:01 CET 2016
Ping: 25.773 ms
Download: 19.42 Mbit/s
Upload: 0.86 Mbit/s
Sun Dec  4 22:45:01 CET 2016
Ping: 26.407 ms
Download: 21.44 Mbit/s
Upload: 0.86 Mbit/s
Sun Dec  4 23:45:01 CET 2016
Ping: 25.137 ms
Download: 15.16 Mbit/s
Upload: 0.69 Mbit/s
Mon Dec  5 00:45:01 CET 2016
Ping: 26.38 ms
Download: 21.45 Mbit/s
Upload: 0.83 Mbit/s
Mon Dec  5 01:45:01 CET 2016
Ping: 26.226 ms
Download: 21.40 Mbit/s
Upload: 0.87 Mbit/s
Mon Dec  5 02:45:01 CET 2016
Ping: 25.205 ms
Download: 21.45 Mbit/s
Upload: 0.86 Mbit/s
Mon Dec  5 03:45:01 CET 2016
Ping: 24.774 ms
Download: 21.45 Mbit/s
Upload: 0.87 Mbit/s
Mon Dec  5 04:45:01 CET 2016
Ping: 27.089 ms
Download: 21.43 Mbit/s
Upload: 0.85 Mbit/s
Mon Dec  5 05:45:01 CET 2016
Ping: 27.612 ms
Download: 21.29 Mbit/s
Upload: 0.87 Mbit/s
Mon Dec  5 06:45:01 CET 2016
Ping: 27.879 ms
Download: 21.12 Mbit/s
Upload: 0.86 Mbit/s
Mon Dec  5 07:45:01 CET 2016
Ping: 26.298 ms
Download: 20.22 Mbit/s
Upload: 0.86 Mbit/s
Mon Dec  5 08:45:01 CET 2016
Ping: 25.637 ms
Download: 21.42 Mbit/s
Upload: 0.85 Mbit/s
Mon Dec  5 09:45:01 CET 2016
Ping: 25.726 ms
Download: 21.43 Mbit/s
Upload: 0.84 Mbit/s
Mon Dec  5 10:45:01 CET 2016
Ping: 27.778 ms
Download: 21.43 Mbit/s
Upload: 0.85 Mbit/s
Mon Dec  5 11:45:01 CET 2016
Ping: 30.777 ms
Download: 20.48 Mbit/s
Upload: 0.87 Mbit/s
Mon Dec  5 12:45:01 CET 2016
Ping: 23.054 ms
Download: 21.43 Mbit/s
Upload: 0.86 Mbit/s
Mon Dec  5 13:45:01 CET 2016
Ping: 26.085 ms
Download: 17.79 Mbit/s
Upload: 0.77 Mbit/s
Mon Dec  5 14:45:01 CET 2016
Ping: 26.165 ms
Download: 21.29 Mbit/s
Upload: 0.77 Mbit/s
Mon Dec  5 15:45:01 CET 2016
Ping: 26.411 ms
Download: 20.88 Mbit/s
Upload: 0.88 Mbit/s
Mon Dec  5 16:45:01 CET 2016
Ping: 26.765 ms
Download: 19.35 Mbit/s
Upload: 0.80 Mbit/s
Mon Dec  5 17:45:01 CET 2016
Ping: 26.644 ms
Download: 18.56 Mbit/s
Upload: 0.86 Mbit/s
Mon Dec  5 18:45:01 CET 2016
Ping: 26.535 ms
Download: 21.44 Mbit/s
Upload: 0.84 Mbit/s
Mon Dec  5 19:45:01 CET 2016
Ping: 29.431 ms
Download: 21.29 Mbit/s
Upload: 0.83 Mbit/s
Mon Dec  5 20:45:01 CET 2016
Ping: 25.923 ms
Download: 21.39 Mbit/s
Upload: 0.85 Mbit/s
Mon Dec  5 21:45:01 CET 2016
Ping: 26.351 ms
Download: 21.43 Mbit/s
Upload: 0.86 Mbit/s
Mon Dec  5 22:45:01 CET 2016
Ping: 25.834 ms
Download: 21.13 Mbit/s
Upload: 0.86 Mbit/s
Mon Dec  5 23:45:01 CET 2016
Ping: 25.982 ms
Download: 21.31 Mbit/s
Upload: 0.87 Mbit/s
Tue Dec  6 00:45:01 CET 2016
Ping: 26.436 ms
Download: 21.41 Mbit/s
Upload: 0.88 Mbit/s
Tue Dec  6 01:45:01 CET 2016
Ping: 29.569 ms
Download: 21.42 Mbit/s
Upload: 0.85 Mbit/s
Tue Dec  6 02:45:01 CET 2016
Ping: 27.672 ms
Download: 21.42 Mbit/s
Upload: 0.86 Mbit/s
Tue Dec  6 03:45:01 CET 2016
Ping: 25.892 ms
Download: 18.39 Mbit/s
Upload: 0.87 Mbit/s
Tue Dec  6 04:45:01 CET 2016
Ping: 29.082 ms
Download: 21.45 Mbit/s
Upload: 0.85 Mbit/s
Tue Dec  6 05:45:01 CET 2016
Ping: 30.181 ms
Download: 21.57 Mbit/s
Upload: 0.88 Mbit/s
Tue Dec  6 06:45:01 CET 2016
Ping: 27.81 ms
Download: 21.42 Mbit/s
Upload: 0.83 Mbit/s
Tue Dec  6 07:45:01 CET 2016
Ping: 26.427 ms
Download: 21.40 Mbit/s
Upload: 0.86 Mbit/s
Tue Dec  6 08:45:02 CET 2016
Ping: 27.914 ms
Download: 17.51 Mbit/s
Upload: 0.62 Mbit/s
Tue Dec  6 09:45:01 CET 2016
Ping: 25.88 ms
Download: 20.55 Mbit/s
Upload: 0.78 Mbit/s
Tue Dec  6 10:45:01 CET 2016
Ping: 26.507 ms
Download: 19.85 Mbit/s
Upload: 0.86 Mbit/s
Tue Dec  6 11:45:02 CET 2016
Ping: 30.179 ms
Download: 21.37 Mbit/s
Upload: 0.85 Mbit/s
Tue Dec  6 12:45:01 CET 2016
Ping: 26.441 ms
Download: 21.44 Mbit/s
Upload: 0.86 Mbit/s
Tue Dec  6 13:45:01 CET 2016
Ping: 31.611 ms
Download: 21.43 Mbit/s
Upload: 0.84 Mbit/s
Tue Dec  6 14:45:01 CET 2016
Ping: 26.436 ms
Download: 21.40 Mbit/s
Upload: 0.86 Mbit/s
Tue Dec  6 15:45:01 CET 2016
Ping: 30.13 ms
Download: 21.58 Mbit/s
Upload: 0.81 Mbit/s
Tue Dec  6 16:45:01 CET 2016
Ping: 26.334 ms
Download: 21.44 Mbit/s
Upload: 0.86 Mbit/s
Tue Dec  6 17:45:01 CET 2016
Ping: 26.345 ms
Download: 19.50 Mbit/s
Upload: 0.83 Mbit/s
Tue Dec  6 18:45:01 CET 2016
Ping: 26.375 ms
Download: 20.75 Mbit/s
Upload: 0.86 Mbit/s
Tue Dec  6 19:45:01 CET 2016
Ping: 25.736 ms
Download: 21.09 Mbit/s
Upload: 0.86 Mbit/s
Tue Dec  6 20:45:01 CET 2016
Ping: 31.475 ms
Download: 18.24 Mbit/s
Upload: 0.80 Mbit/s
Tue Dec  6 21:45:01 CET 2016
Ping: 32.805 ms
Download: 21.34 Mbit/s
Upload: 0.82 Mbit/s
Tue Dec  6 22:45:01 CET 2016
Ping: 29.046 ms
Download: 21.22 Mbit/s
Upload: 0.87 Mbit/s
Tue Dec  6 23:45:01 CET 2016
Ping: 30.886 ms
Download: 14.51 Mbit/s
Upload: 0.86 Mbit/s
Wed Dec  7 00:45:02 CET 2016
Ping: 28.387 ms
Download: 21.60 Mbit/s
Upload: 0.87 Mbit/s
Wed Dec  7 01:45:01 CET 2016
Ping: 27.997 ms
Download: 21.45 Mbit/s
Upload: 0.83 Mbit/s
Wed Dec  7 02:45:01 CET 2016
Ping: 25.261 ms
Download: 21.40 Mbit/s
Upload: 0.86 Mbit/s
Wed Dec  7 03:45:01 CET 2016
Ping: 25.012 ms
Download: 21.25 Mbit/s
Upload: 0.85 Mbit/s
Wed Dec  7 04:45:01 CET 2016
Ping: 26.42 ms
Download: 21.32 Mbit/s
Upload: 0.86 Mbit/s
Wed Dec  7 05:45:01 CET 2016
Ping: 24.699 ms
Download: 20.21 Mbit/s
Upload: 0.86 Mbit/s
Wed Dec  7 06:45:01 CET 2016
Ping: 24.683 ms
Download: 21.45 Mbit/s
Upload: 0.85 Mbit/s
Wed Dec  7 07:45:01 CET 2016
Ping: 26.147 ms
Download: 16.11 Mbit/s
Upload: 0.72 Mbit/s
Wed Dec  7 08:45:01 CET 2016
Ping: 27.17 ms
Download: 21.42 Mbit/s
Upload: 0.87 Mbit/s
Wed Dec  7 09:45:01 CET 2016
Ping: 26.322 ms
Download: 21.09 Mbit/s
Upload: 0.84 Mbit/s
Wed Dec  7 10:45:01 CET 2016
Ping: 27.381 ms
Download: 20.58 Mbit/s
Upload: 0.81 Mbit/s
Wed Dec  7 11:45:01 CET 2016
Ping: 25.056 ms
Download: 20.20 Mbit/s
Upload: 0.84 Mbit/s
Wed Dec  7 12:45:01 CET 2016
Ping: 25.649 ms
Download: 18.41 Mbit/s
Upload: 0.68 Mbit/s
Wed Dec  7 13:45:01 CET 2016
Ping: 25.437 ms
Download: 21.36 Mbit/s
Upload: 0.82 Mbit/s
Wed Dec  7 14:45:01 CET 2016
Ping: 26.255 ms
Download: 21.11 Mbit/s
Upload: 0.84 Mbit/s
Wed Dec  7 15:45:01 CET 2016
Ping: 25.919 ms
Download: 21.39 Mbit/s
Upload: 0.85 Mbit/s
Wed Dec  7 16:45:01 CET 2016
Ping: 26.341 ms
Download: 21.39 Mbit/s
Upload: 0.86 Mbit/s
Wed Dec  7 17:45:01 CET 2016
Ping: 26.763 ms
Download: 21.43 Mbit/s
Upload: 0.86 Mbit/s
Wed Dec  7 18:45:01 CET 2016
Ping: 25.225 ms
Download: 21.12 Mbit/s
Upload: 0.77 Mbit/s
Wed Dec  7 19:45:01 CET 2016
Ping: 29.398 ms
Download: 12.36 Mbit/s
Upload: 0.87 Mbit/s
Wed Dec  7 20:45:01 CET 2016
Ping: 26.968 ms
Download: 20.57 Mbit/s
Upload: 0.82 Mbit/s
Wed Dec  7 21:45:01 CET 2016
Ping: 27.742 ms
Download: 21.30 Mbit/s
Upload: 0.86 Mbit/s
Wed Dec  7 22:45:01 CET 2016
Ping: 27.93 ms
Download: 21.38 Mbit/s
Upload: 0.84 Mbit/s
Wed Dec  7 23:45:01 CET 2016
Ping: 28.364 ms
Download: 21.42 Mbit/s
Upload: 0.85 Mbit/s
Thu Dec  8 00:45:01 CET 2016
Ping: 26.867 ms
Download: 21.39 Mbit/s
Upload: 0.86 Mbit/s
Thu Dec  8 01:45:01 CET 2016
Ping: 25.197 ms
Download: 21.46 Mbit/s
Upload: 0.88 Mbit/s
Thu Dec  8 02:45:01 CET 2016
Ping: 25.046 ms
Download: 21.43 Mbit/s
Upload: 0.86 Mbit/s
Thu Dec  8 03:45:01 CET 2016
Ping: 25.1 ms
Download: 21.45 Mbit/s
Upload: 0.87 Mbit/s
Thu Dec  8 04:45:01 CET 2016
Ping: 25.039 ms
Download: 20.86 Mbit/s
Upload: 0.86 Mbit/s
Thu Dec  8 05:45:01 CET 2016
Ping: 23.778 ms
Download: 21.44 Mbit/s
Upload: 0.86 Mbit/s
Thu Dec  8 06:45:01 CET 2016
Ping: 25.928 ms
Download: 21.43 Mbit/s
Upload: 0.87 Mbit/s
Thu Dec  8 07:45:01 CET 2016
Ping: 25.114 ms
Download: 19.86 Mbit/s
Upload: 0.55 Mbit/s
Thu Dec  8 08:45:02 CET 2016
Ping: 26.605 ms
Download: 21.43 Mbit/s
Upload: 0.85 Mbit/s
Thu Dec  8 09:45:01 CET 2016
Ping: 24.905 ms
Download: 19.10 Mbit/s
Upload: 0.86 Mbit/s
Thu Dec  8 10:45:01 CET 2016
Ping: 25.688 ms
Download: 21.39 Mbit/s
Upload: 0.86 Mbit/s
Thu Dec  8 11:45:01 CET 2016
Ping: 26.093 ms
Download: 21.29 Mbit/s
Upload: 0.86 Mbit/s
Thu Dec  8 12:45:01 CET 2016
Ping: 28.589 ms
Download: 20.56 Mbit/s
Upload: 0.83 Mbit/s
Thu Dec  8 13:45:02 CET 2016
Ping: 28.883 ms
Download: 16.84 Mbit/s
Upload: 0.72 Mbit/s
Thu Dec  8 14:45:01 CET 2016
Ping: 28.06 ms
Download: 20.96 Mbit/s
Upload: 0.87 Mbit/s
Thu Dec  8 15:45:01 CET 2016
Ping: 25.687 ms
Download: 21.35 Mbit/s
Upload: 0.87 Mbit/s
Thu Dec  8 16:45:01 CET 2016
Ping: 26.237 ms
Download: 21.30 Mbit/s
Upload: 0.85 Mbit/s
Thu Dec  8 17:45:01 CET 2016
Ping: 25.885 ms
Download: 18.51 Mbit/s
Upload: 0.71 Mbit/s
Thu Dec  8 18:45:01 CET 2016
Ping: 25.519 ms
Download: 20.84 Mbit/s
Upload: 0.79 Mbit/s
Thu Dec  8 19:45:01 CET 2016
Ping: 26.036 ms
Download: 19.44 Mbit/s
Upload: 0.81 Mbit/s
Thu Dec  8 20:45:01 CET 2016
Ping: 26.58 ms
Download: 19.84 Mbit/s
Upload: 0.83 Mbit/s
Thu Dec  8 21:45:01 CET 2016
Ping: 25.473 ms
Download: 20.26 Mbit/s
Upload: 0.75 Mbit/s
Thu Dec  8 22:45:01 CET 2016
Ping: 28.101 ms
Download: 20.99 Mbit/s
Upload: 0.85 Mbit/s
Thu Dec  8 23:45:01 CET 2016
Ping: 28.096 ms
Download: 21.34 Mbit/s
Upload: 0.82 Mbit/s
Fri Dec  9 00:45:01 CET 2016
Ping: 27.193 ms
Download: 21.38 Mbit/s
Upload: 0.87 Mbit/s
Fri Dec  9 01:45:01 CET 2016
Ping: 25.882 ms
Download: 21.45 Mbit/s
Upload: 0.75 Mbit/s
Fri Dec  9 02:45:01 CET 2016
Ping: 26.557 ms
Download: 21.42 Mbit/s
Upload: 0.87 Mbit/s
Fri Dec  9 03:45:01 CET 2016
Ping: 24.864 ms
Download: 21.43 Mbit/s
Upload: 0.86 Mbit/s
Fri Dec  9 04:45:01 CET 2016
Ping: 24.573 ms
Download: 20.96 Mbit/s
Upload: 0.86 Mbit/s
Fri Dec  9 05:45:01 CET 2016
Ping: 23.26 ms
Download: 21.39 Mbit/s
Upload: 0.86 Mbit/s
Fri Dec  9 06:45:01 CET 2016
Ping: 25.906 ms
Download: 21.43 Mbit/s
Upload: 0.83 Mbit/s
Fri Dec  9 07:45:01 CET 2016
Ping: 26.473 ms
Download: 21.43 Mbit/s
Upload: 0.86 Mbit/s
Fri Dec  9 08:45:01 CET 2016
Ping: 24.661 ms
Download: 21.31 Mbit/s
Upload: 0.86 Mbit/s
Fri Dec  9 09:45:02 CET 2016
Ping: 26.315 ms
Download: 21.39 Mbit/s
Upload: 0.85 Mbit/s
Fri Dec  9 10:45:01 CET 2016
Ping: 23.811 ms
Download: 18.65 Mbit/s
Upload: 0.84 Mbit/s
Fri Dec  9 11:45:01 CET 2016
Ping: 26.729 ms
Download: 20.36 Mbit/s
Upload: 0.86 Mbit/s
Fri Dec  9 12:45:01 CET 2016
Ping: 25.825 ms
Download: 21.38 Mbit/s
Upload: 0.87 Mbit/s
Fri Dec  9 13:45:01 CET 2016
Ping: 26.641 ms
Download: 21.33 Mbit/s
Upload: 0.83 Mbit/s
Fri Dec  9 14:45:01 CET 2016
Ping: 25.901 ms
Download: 21.43 Mbit/s
Upload: 0.86 Mbit/s
Fri Dec  9 15:45:01 CET 2016
Ping: 26.779 ms
Download: 21.29 Mbit/s
Upload: 0.81 Mbit/s
Fri Dec  9 16:45:01 CET 2016
Ping: 25.288 ms
Download: 20.30 Mbit/s
Upload: 0.86 Mbit/s
Fri Dec  9 17:45:01 CET 2016
Ping: 26.973 ms
Download: 13.28 Mbit/s
Upload: 0.87 Mbit/s
Fri Dec  9 18:45:01 CET 2016
Ping: 30.955 ms
Download: 21.05 Mbit/s
Upload: 0.83 Mbit/s
Fri Dec  9 19:45:01 CET 2016
Ping: 26.333 ms
Download: 21.40 Mbit/s
Upload: 0.86 Mbit/s
Fri Dec  9 20:45:01 CET 2016
Ping: 24.571 ms
Download: 21.01 Mbit/s
Upload: 0.86 Mbit/s
Fri Dec  9 21:45:01 CET 2016
Ping: 27.386 ms
Download: 21.39 Mbit/s
Upload: 0.83 Mbit/s
Fri Dec  9 22:45:01 CET 2016
Ping: 29.011 ms
Download: 20.95 Mbit/s
Upload: 0.84 Mbit/s
Fri Dec  9 23:45:01 CET 2016
Ping: 27.293 ms
Download: 19.92 Mbit/s
Upload: 0.84 Mbit/s
Sat Dec 10 00:45:01 CET 2016
Ping: 28.232 ms
Download: 21.39 Mbit/s
Upload: 0.85 Mbit/s
Sat Dec 10 01:45:01 CET 2016
Ping: 22.861 ms
Download: 21.43 Mbit/s
Upload: 0.86 Mbit/s
Sat Dec 10 02:45:01 CET 2016
Ping: 28.292 ms
Download: 21.41 Mbit/s
Upload: 0.85 Mbit/s
Sat Dec 10 03:45:01 CET 2016
Ping: 24.879 ms
Download: 21.22 Mbit/s
Upload: 0.86 Mbit/s
Sat Dec 10 04:45:01 CET 2016
Ping: 28.64 ms
Download: 20.29 Mbit/s
Upload: 0.86 Mbit/s
Sat Dec 10 05:45:01 CET 2016
Ping: 25.514 ms
Download: 21.43 Mbit/s
Upload: 0.85 Mbit/s
Sat Dec 10 06:45:01 CET 2016
Ping: 23.507 ms
Download: 21.38 Mbit/s
Upload: 0.86 Mbit/s
Sat Dec 10 07:45:01 CET 2016
Ping: 24.968 ms
Download: 20.62 Mbit/s
Upload: 0.86 Mbit/s
Sat Dec 10 08:45:02 CET 2016
Ping: 25.419 ms
Download: 21.03 Mbit/s
Upload: 0.85 Mbit/s
Sat Dec 10 09:45:01 CET 2016
Ping: 27.71 ms
Download: 14.50 Mbit/s
Upload: 0.81 Mbit/s
Sat Dec 10 10:45:01 CET 2016
Ping: 24.973 ms
Download: 20.86 Mbit/s
Upload: 0.86 Mbit/s
Sat Dec 10 11:45:01 CET 2016
Ping: 26.621 ms
Download: 21.22 Mbit/s
Upload: 0.81 Mbit/s
Sat Dec 10 12:45:01 CET 2016
Ping: 25.815 ms
Download: 17.55 Mbit/s
Upload: 0.69 Mbit/s
Sat Dec 10 13:45:01 CET 2016
Ping: 25.173 ms
Download: 21.43 Mbit/s
Upload: 0.86 Mbit/s
Sat Dec 10 14:45:01 CET 2016
Ping: 24.49 ms
Download: 21.03 Mbit/s
Upload: 0.84 Mbit/s
Sat Dec 10 15:45:01 CET 2016
Ping: 28.902 ms
Download: 19.18 Mbit/s
Upload: 0.81 Mbit/s
Sat Dec 10 16:45:01 CET 2016
Ping: 25.434 ms
Download: 21.21 Mbit/s
Upload: 0.86 Mbit/s
Sat Dec 10 17:45:01 CET 2016
Ping: 25.39 ms
Download: 20.63 Mbit/s
Upload: 0.86 Mbit/s
Sat Dec 10 18:45:01 CET 2016
Ping: 28.373 ms
Download: 17.52 Mbit/s
Upload: 0.70 Mbit/s
Sat Dec 10 19:45:01 CET 2016
Ping: 26.366 ms
Download: 16.47 Mbit/s
Upload: 0.62 Mbit/s
Sat Dec 10 20:45:01 CET 2016
Ping: 26.67 ms
Download: 16.98 Mbit/s
Upload: 0.67 Mbit/s
Sat Dec 10 21:45:01 CET 2016
Ping: 28.631 ms
Download: 21.41 Mbit/s
Upload: 0.86 Mbit/s
Sat Dec 10 22:45:01 CET 2016
Ping: 26.919 ms
Download: 21.33 Mbit/s
Upload: 0.87 Mbit/s
Sat Dec 10 23:06:45 CET 2016
Ping: 28.675 ms
Download: 21.43 Mbit/s
Upload: 0.87 Mbit/s
Sat Dec 10 23:43:41 CET 2016
Ping: 26.485 ms
Download: 21.04 Mbit/s
Upload: 0.87 Mbit/s
 
lines: 964/expected: 0
Sat Dec 10 23:45:01 CET 2016
Ping: 25.596 ms
Download: 21.40 Mbit/s
Upload: 0.84 Mbit/s
 
lines: 970/expected: 0
Sun Dec 11 00:26:02 CET 2016
Ping: 25.604 ms
Download: 21.16 Mbit/s
Upload: 0.86 Mbit/s
 
lines: 976/expected: 0
Sun Dec 11 00:27:20 CET 2016
Ping: 21.986 ms
Download: 21.29 Mbit/s
Upload: 0.86 Mbit/s
 
lines: 982/expected: 0
Sun Dec 11 00:45:01 CET 2016
Ping: 24.458 ms
Download: 21.40 Mbit/s
Upload: 0.87 Mbit/s
Sun Dec 11 01:45:01 CET 2016
Ping: 25.054 ms
Download: 21.43 Mbit/s
Upload: 0.87 Mbit/s
Sun Dec 11 02:45:01 CET 2016
Ping: 24.948 ms
Download: 21.33 Mbit/s
Upload: 0.86 Mbit/s
Sun Dec 11 03:45:01 CET 2016
Ping: 24.683 ms
Download: 20.75 Mbit/s
Upload: 0.86 Mbit/s
Sun Dec 11 04:45:01 CET 2016
Ping: 25.694 ms
Download: 21.36 Mbit/s
Upload: 0.87 Mbit/s
Sun Dec 11 05:45:01 CET 2016
Ping: 24.944 ms
Download: 21.43 Mbit/s
Upload: 0.86 Mbit/s
Sun Dec 11 06:45:01 CET 2016
Ping: 25.783 ms
Download: 21.43 Mbit/s
Upload: 0.86 Mbit/s
Sun Dec 11 07:45:01 CET 2016
Ping: 26.903 ms
Download: 21.31 Mbit/s
Upload: 0.83 Mbit/s
Sun Dec 11 08:45:01 CET 2016
Ping: 24.01 ms
Download: 16.92 Mbit/s
Upload: 0.76 Mbit/s
Sun Dec 11 09:45:01 CET 2016
Ping: 26.644 ms
Download: 20.87 Mbit/s
Upload: 0.83 Mbit/s
Sun Dec 11 10:45:01 CET 2016
Ping: 27.272 ms
Download: 20.62 Mbit/s
Upload: 0.84 Mbit/s
Sun Dec 11 11:45:01 CET 2016
Ping: 25.428 ms
Download: 21.46 Mbit/s
Upload: 0.87 Mbit/s
Sun Dec 11 12:45:01 CET 2016
Ping: 24.932 ms
Download: 21.02 Mbit/s
Upload: 0.86 Mbit/s
Sun Dec 11 13:45:02 CET 2016
Ping: 28.02 ms
Download: 21.09 Mbit/s
Upload: 0.84 Mbit/s
Sun Dec 11 14:45:01 CET 2016
Ping: 26.353 ms
Download: 20.79 Mbit/s
Upload: 0.87 Mbit/s
Sun Dec 11 15:45:01 CET 2016
Ping: 26.341 ms
Download: 21.25 Mbit/s
Upload: 0.88 Mbit/s
Sun Dec 11 16:45:01 CET 2016
Ping: 27.704 ms
Download: 21.43 Mbit/s
Upload: 0.87 Mbit/s
Sun Dec 11 17:45:01 CET 2016
Ping: 28.94 ms
Download: 21.47 Mbit/s
Upload: 0.85 Mbit/s
Sun Dec 11 18:45:02 CET 2016
Ping: 28.028 ms
Download: 20.86 Mbit/s
Upload: 0.82 Mbit/s
Sun Dec 11 19:45:02 CET 2016
Ping: 26.397 ms
Download: 16.22 Mbit/s
Upload: 0.75 Mbit/s
Sun Dec 11 20:45:01 CET 2016
Ping: 29.663 ms
Download: 16.72 Mbit/s
Upload: 0.75 Mbit/s
Sun Dec 11 21:45:01 CET 2016
Ping: 24.374 ms
Download: 17.57 Mbit/s
Upload: 0.74 Mbit/s
Sun Dec 11 22:45:01 CET 2016
Ping: 25.857 ms
Download: 21.38 Mbit/s
Upload: 0.87 Mbit/s
Sun Dec 11 23:45:01 CET 2016
Ping: 24.789 ms
Download: 21.39 Mbit/s
Upload: 0.87 Mbit/s
Mon Dec 12 00:45:01 CET 2016
Ping: 26.06 ms
Download: 21.39 Mbit/s
Upload: 0.86 Mbit/s
Mon Dec 12 01:45:01 CET 2016
Ping: 26.451 ms
Download: 21.30 Mbit/s
Upload: 0.86 Mbit/s
Mon Dec 12 02:45:01 CET 2016
Ping: 25.046 ms
Download: 21.46 Mbit/s
Upload: 0.86 Mbit/s
Mon Dec 12 03:45:01 CET 2016
Ping: 24.675 ms
Download: 21.43 Mbit/s
Upload: 0.83 Mbit/s
Mon Dec 12 04:45:01 CET 2016
Ping: 25.08 ms
Download: 20.85 Mbit/s
Upload: 0.87 Mbit/s
Mon Dec 12 05:45:01 CET 2016
Ping: 24.738 ms
Download: 21.45 Mbit/s
Upload: 0.86 Mbit/s
Mon Dec 12 06:45:01 CET 2016
Ping: 24.922 ms
Download: 21.45 Mbit/s
Upload: 0.86 Mbit/s
Mon Dec 12 07:45:01 CET 2016
Ping: 26.006 ms
Download: 21.17 Mbit/s
Upload: 0.87 Mbit/s
Mon Dec 12 08:45:01 CET 2016
Ping: 25.517 ms
Download: 21.42 Mbit/s
Upload: 0.87 Mbit/s
Mon Dec 12 09:45:01 CET 2016
Ping: 29.422 ms
Download: 21.43 Mbit/s
Upload: 0.85 Mbit/s
Mon Dec 12 10:45:01 CET 2016
Ping: 23.338 ms
Download: 21.40 Mbit/s
Upload: 0.82 Mbit/s
Mon Dec 12 11:45:01 CET 2016
Ping: 26.379 ms
Download: 20.00 Mbit/s
Upload: 0.87 Mbit/s
Mon Dec 12 12:45:01 CET 2016
Ping: 27.94 ms
Download: 21.17 Mbit/s
Upload: 0.85 Mbit/s
Mon Dec 12 13:45:01 CET 2016
Ping: 26.354 ms
Download: 17.23 Mbit/s
Upload: 0.60 Mbit/s
Mon Dec 12 14:45:01 CET 2016
Ping: 26.595 ms
Download: 21.19 Mbit/s
Upload: 0.80 Mbit/s
Mon Dec 12 15:45:01 CET 2016
Ping: 26.623 ms
Download: 21.39 Mbit/s
Upload: 0.86 Mbit/s
Mon Dec 12 16:45:02 CET 2016
Ping: 27.837 ms
Download: 21.43 Mbit/s
Upload: 0.87 Mbit/s
Mon Dec 12 17:45:01 CET 2016
Ping: 25.677 ms
Download: 18.48 Mbit/s
Upload: 0.79 Mbit/s
Mon Dec 12 18:45:02 CET 2016
Ping: 26.872 ms
Download: 21.42 Mbit/s
Upload: 0.83 Mbit/s
Mon Dec 12 19:45:01 CET 2016
Ping: 26.741 ms
Download: 21.36 Mbit/s
Upload: 0.86 Mbit/s
Mon Dec 12 20:45:01 CET 2016
Ping: 28.292 ms
Download: 18.28 Mbit/s
Upload: 0.78 Mbit/s
Mon Dec 12 21:45:01 CET 2016
Ping: 27.187 ms
Download: 20.66 Mbit/s
Upload: 0.85 Mbit/s
Mon Dec 12 22:45:01 CET 2016
Ping: 27.715 ms
Download: 21.39 Mbit/s
Upload: 0.86 Mbit/s
Mon Dec 12 23:45:01 CET 2016
Ping: 28.536 ms
Download: 20.74 Mbit/s
Upload: 0.84 Mbit/s
Tue Dec 13 00:45:01 CET 2016
Ping: 26.26 ms
Download: 20.88 Mbit/s
Upload: 0.87 Mbit/s
Tue Dec 13 01:45:01 CET 2016
Ping: 30.444 ms
Download: 21.43 Mbit/s
Upload: 0.84 Mbit/s
Tue Dec 13 02:45:01 CET 2016
Ping: 25.912 ms
Download: 21.43 Mbit/s
Upload: 0.86 Mbit/s
Tue Dec 13 03:45:01 CET 2016
Ping: 27.157 ms
Download: 21.43 Mbit/s
Upload: 0.86 Mbit/s
Tue Dec 13 04:45:01 CET 2016
Ping: 25.696 ms
Download: 20.82 Mbit/s
Upload: 0.87 Mbit/s
Tue Dec 13 05:45:01 CET 2016
Ping: 24.765 ms
Download: 20.36 Mbit/s
Upload: 0.87 Mbit/s
Tue Dec 13 06:45:01 CET 2016
Ping: 26.397 ms
Download: 19.65 Mbit/s
Upload: 0.86 Mbit/s
Tue Dec 13 07:45:01 CET 2016
Ping: 26.111 ms
Download: 21.42 Mbit/s
Upload: 0.86 Mbit/s
Tue Dec 13 08:45:01 CET 2016
Ping: 26.871 ms
Download: 21.39 Mbit/s
Upload: 0.87 Mbit/s
Tue Dec 13 09:45:01 CET 2016
Ping: 30.011 ms
Download: 21.44 Mbit/s
Upload: 0.84 Mbit/s
Tue Dec 13 10:45:01 CET 2016
Ping: 29.609 ms
Download: 20.98 Mbit/s
Upload: 0.85 Mbit/s
Tue Dec 13 11:45:01 CET 2016
Ping: 26.685 ms
Download: 20.22 Mbit/s
Upload: 0.84 Mbit/s
Tue Dec 13 12:45:01 CET 2016
Ping: 26.4 ms
Download: 18.11 Mbit/s
Upload: 0.70 Mbit/s
Tue Dec 13 13:45:01 CET 2016
Ping: 27.453 ms
Download: 16.40 Mbit/s
Upload: 0.56 Mbit/s
Tue Dec 13 14:45:01 CET 2016
Ping: 26.187 ms
Download: 14.41 Mbit/s
Upload: 0.67 Mbit/s
Tue Dec 13 15:45:01 CET 2016
Ping: 25.85 ms
Download: 18.99 Mbit/s
Upload: 0.82 Mbit/s
Tue Dec 13 16:45:01 CET 2016
Ping: 26.646 ms
Download: 15.90 Mbit/s
Upload: 0.71 Mbit/s
Tue Dec 13 17:45:01 CET 2016
Ping: 23.833 ms
Download: 12.03 Mbit/s
Upload: 0.46 Mbit/s
Tue Dec 13 18:45:01 CET 2016
Ping: 27.126 ms
Download: 21.29 Mbit/s
Upload: 0.81 Mbit/s
Tue Dec 13 19:45:01 CET 2016
Ping: 26.176 ms
Download: 21.24 Mbit/s
Upload: 0.88 Mbit/s
Tue Dec 13 20:45:01 CET 2016
Ping: 29.946 ms
Download: 18.96 Mbit/s
Upload: 0.72 Mbit/s
Tue Dec 13 21:45:01 CET 2016
Ping: 28.304 ms
Download: 20.85 Mbit/s
Upload: 0.86 Mbit/s
Tue Dec 13 22:45:01 CET 2016
Ping: 27.586 ms
Download: 21.43 Mbit/s
Upload: 0.84 Mbit/s
Tue Dec 13 23:45:01 CET 2016
Ping: 29.4 ms
Download: 21.28 Mbit/s
Upload: 0.85 Mbit/s
Wed Dec 14 00:45:01 CET 2016
Ping: 27.129 ms
Download: 21.43 Mbit/s
Upload: 0.84 Mbit/s
Wed Dec 14 01:45:01 CET 2016
Ping: 23.56 ms
Download: 21.44 Mbit/s
Upload: 0.87 Mbit/s
Wed Dec 14 02:45:01 CET 2016
Ping: 23.107 ms
Download: 21.44 Mbit/s
Upload: 0.86 Mbit/s
Wed Dec 14 03:45:01 CET 2016
Ping: 26.002 ms
Download: 20.79 Mbit/s
Upload: 0.87 Mbit/s
Wed Dec 14 04:45:01 CET 2016
Ping: 25.84 ms
Download: 21.17 Mbit/s
Upload: 0.87 Mbit/s
Wed Dec 14 05:45:01 CET 2016
Ping: 25.727 ms
Download: 21.42 Mbit/s
Upload: 0.87 Mbit/s
Wed Dec 14 06:45:01 CET 2016
Ping: 26.42 ms
Download: 21.31 Mbit/s
Upload: 0.87 Mbit/s
Wed Dec 14 07:45:01 CET 2016
Ping: 27.965 ms
Download: 21.30 Mbit/s
Upload: 0.87 Mbit/s
Wed Dec 14 08:45:01 CET 2016
Ping: 25.095 ms
Download: 21.36 Mbit/s
Upload: 0.86 Mbit/s
Wed Dec 14 09:45:01 CET 2016
Ping: 26.432 ms
Download: 17.08 Mbit/s
Upload: 0.83 Mbit/s
Wed Dec 14 10:45:01 CET 2016
Ping: 24.54 ms
Download: 21.38 Mbit/s
Upload: 0.86 Mbit/s
Wed Dec 14 11:45:01 CET 2016
Ping: 28.488 ms
Download: 12.04 Mbit/s
Upload: 0.65 Mbit/s
Wed Dec 14 12:45:01 CET 2016
Ping: 25.838 ms
Download: 21.40 Mbit/s
Upload: 0.85 Mbit/s
Wed Dec 14 13:45:01 CET 2016
Ping: 25.602 ms
Download: 21.37 Mbit/s
Upload: 0.83 Mbit/s
Wed Dec 14 14:45:01 CET 2016
Ping: 26.47 ms
Download: 21.36 Mbit/s
Upload: 0.81 Mbit/s
Wed Dec 14 15:45:01 CET 2016
Ping: 26.071 ms
Download: 14.67 Mbit/s
Upload: 0.81 Mbit/s
Wed Dec 14 16:45:01 CET 2016
Ping: 24.619 ms
Download: 21.21 Mbit/s
Upload: 0.79 Mbit/s
Wed Dec 14 17:45:01 CET 2016
Ping: 26.262 ms
Download: 20.20 Mbit/s
Upload: 0.78 Mbit/s
Wed Dec 14 18:45:01 CET 2016
Ping: 25.678 ms
Download: 21.39 Mbit/s
Upload: 0.88 Mbit/s
Wed Dec 14 19:45:01 CET 2016
Ping: 26.925 ms
Download: 21.36 Mbit/s
Upload: 0.82 Mbit/s
Wed Dec 14 20:45:01 CET 2016
Ping: 27.185 ms
Download: 15.86 Mbit/s
Upload: 0.80 Mbit/s
Wed Dec 14 21:45:01 CET 2016
Ping: 26.103 ms
Download: 20.70 Mbit/s
Upload: 0.86 Mbit/s
Wed Dec 14 22:45:01 CET 2016
Ping: 25.3 ms
Download: 21.43 Mbit/s
Upload: 0.86 Mbit/s
Wed Dec 14 23:45:01 CET 2016
Ping: 30.095 ms
Download: 21.60 Mbit/s
Upload: 0.84 Mbit/s
Thu Dec 15 00:45:01 CET 2016
Ping: 27.693 ms
Download: 21.55 Mbit/s
Upload: 0.87 Mbit/s
Thu Dec 15 01:45:01 CET 2016
Ping: 24.896 ms
Download: 16.14 Mbit/s
Upload: 0.87 Mbit/s
Thu Dec 15 02:45:01 CET 2016
Ping: 25.814 ms
Download: 21.24 Mbit/s
Upload: 0.88 Mbit/s
Thu Dec 15 03:45:01 CET 2016
Ping: 27.004 ms
Download: 21.39 Mbit/s
Upload: 0.87 Mbit/s
Thu Dec 15 04:45:01 CET 2016
Ping: 28.467 ms
Download: 21.40 Mbit/s
Upload: 0.86 Mbit/s
Thu Dec 15 05:45:01 CET 2016
Ping: 24.689 ms
Download: 21.44 Mbit/s
Upload: 0.86 Mbit/s
Thu Dec 15 06:45:01 CET 2016
Ping: 25.507 ms
Download: 21.13 Mbit/s
Upload: 0.87 Mbit/s
Thu Dec 15 07:45:01 CET 2016
Ping: 26.634 ms
Download: 16.23 Mbit/s
Upload: 0.33 Mbit/s
Thu Dec 15 08:45:01 CET 2016
Ping: 27.706 ms
Download: 21.13 Mbit/s
Upload: 0.75 Mbit/s
Thu Dec 15 09:45:01 CET 2016
Ping: 26.973 ms
Download: 18.56 Mbit/s
Upload: 0.87 Mbit/s
Thu Dec 15 10:45:02 CET 2016
Ping: 26.491 ms
Download: 21.17 Mbit/s
Upload: 0.79 Mbit/s
Thu Dec 15 11:45:01 CET 2016
Ping: 24.928 ms
Download: 21.40 Mbit/s
Upload: 0.81 Mbit/s
Thu Dec 15 12:45:01 CET 2016
Ping: 28.038 ms
Download: 20.45 Mbit/s
Upload: 0.85 Mbit/s
Thu Dec 15 13:45:01 CET 2016
Ping: 41.563 ms
Download: 17.89 Mbit/s
Upload: 0.81 Mbit/s
Thu Dec 15 14:45:02 CET 2016
Ping: 26.292 ms
Download: 17.74 Mbit/s
Upload: 0.76 Mbit/s
Thu Dec 15 15:45:01 CET 2016
Ping: 26.194 ms
Download: 12.09 Mbit/s
Upload: 0.60 Mbit/s
Thu Dec 15 16:45:01 CET 2016
Ping: 28.309 ms
Download: 21.42 Mbit/s
Upload: 0.86 Mbit/s
Thu Dec 15 17:45:01 CET 2016
Ping: 24.846 ms
Download: 17.76 Mbit/s
Upload: 0.78 Mbit/s
Thu Dec 15 18:45:01 CET 2016
Ping: 27.245 ms
Download: 21.39 Mbit/s
Upload: 0.86 Mbit/s
Thu Dec 15 19:45:01 CET 2016
Ping: 24.656 ms
Download: 18.87 Mbit/s
Upload: 0.79 Mbit/s
Thu Dec 15 20:45:01 CET 2016
Ping: 26.43 ms
Download: 21.44 Mbit/s
Upload: 0.88 Mbit/s
Thu Dec 15 21:45:01 CET 2016
Ping: 23.201 ms
Download: 19.34 Mbit/s
Upload: 0.82 Mbit/s
Thu Dec 15 22:45:01 CET 2016
Ping: 27.67 ms
Download: 21.08 Mbit/s
Upload: 0.67 Mbit/s
Thu Dec 15 23:45:01 CET 2016
Ping: 26.527 ms
Download: 21.42 Mbit/s
Upload: 0.86 Mbit/s
Fri Dec 16 00:45:01 CET 2016
Ping: 29.433 ms
Download: 21.31 Mbit/s
Upload: 0.86 Mbit/s
Fri Dec 16 01:45:01 CET 2016
Ping: 25.918 ms
Download: 21.28 Mbit/s
Upload: 0.88 Mbit/s
Fri Dec 16 02:45:01 CET 2016
Ping: 23.275 ms
Download: 21.43 Mbit/s
Upload: 0.87 Mbit/s
Fri Dec 16 03:45:01 CET 2016
Ping: 24.26 ms
Download: 21.43 Mbit/s
Upload: 0.87 Mbit/s
Fri Dec 16 04:45:01 CET 2016
Ping: 22.855 ms
Download: 21.37 Mbit/s
Upload: 0.86 Mbit/s
Fri Dec 16 05:45:01 CET 2016
Ping: 25.352 ms
Download: 21.45 Mbit/s
Upload: 0.86 Mbit/s
Fri Dec 16 06:45:01 CET 2016
Ping: 26.431 ms
Download: 21.45 Mbit/s
Upload: 0.86 Mbit/s
Fri Dec 16 07:45:01 CET 2016
Ping: 25.784 ms
Download: 21.16 Mbit/s
Upload: 0.86 Mbit/s
Fri Dec 16 08:45:01 CET 2016
Ping: 25.733 ms
Download: 21.45 Mbit/s
Upload: 0.87 Mbit/s
Fri Dec 16 09:45:01 CET 2016
Ping: 25.641 ms
Download: 21.44 Mbit/s
Upload: 0.87 Mbit/s
Fri Dec 16 10:45:02 CET 2016
Ping: 26.781 ms
Download: 21.16 Mbit/s
Upload: 0.86 Mbit/s
Fri Dec 16 11:45:01 CET 2016
Ping: 24.213 ms
Download: 21.31 Mbit/s
Upload: 0.70 Mbit/s
Fri Dec 16 12:45:01 CET 2016
Ping: 25.029 ms
Download: 17.75 Mbit/s
Upload: 0.80 Mbit/s
Fri Dec 16 13:45:01 CET 2016
Ping: 24.508 ms
Download: 11.20 Mbit/s
Upload: 0.60 Mbit/s
Fri Dec 16 14:45:02 CET 2016
Ping: 29.279 ms
Download: 20.12 Mbit/s
Upload: 0.84 Mbit/s
Fri Dec 16 15:45:02 CET 2016
Ping: 27.127 ms
Download: 19.76 Mbit/s
Upload: 0.86 Mbit/s
Fri Dec 16 16:45:01 CET 2016
Ping: 28.97 ms
Download: 17.61 Mbit/s
Upload: 0.80 Mbit/s
Fri Dec 16 17:45:01 CET 2016
Ping: 28.619 ms
Download: 16.95 Mbit/s
Upload: 0.69 Mbit/s
Fri Dec 16 18:45:01 CET 2016
Ping: 28.422 ms
Download: 20.56 Mbit/s
Upload: 0.81 Mbit/s
Fri Dec 16 19:45:01 CET 2016
Ping: 25.536 ms
Download: 21.39 Mbit/s
Upload: 0.80 Mbit/s
Fri Dec 16 20:45:01 CET 2016
Ping: 24.905 ms
Download: 21.43 Mbit/s
Upload: 0.87 Mbit/s
Fri Dec 16 21:45:01 CET 2016
Ping: 25.249 ms
Download: 21.44 Mbit/s
Upload: 0.86 Mbit/s
Fri Dec 16 22:45:01 CET 2016
Ping: 26.347 ms
Download: 21.42 Mbit/s
Upload: 0.86 Mbit/s
Fri Dec 16 23:45:01 CET 2016
Ping: 26.147 ms
Download: 21.02 Mbit/s
Upload: 0.84 Mbit/s
Sat Dec 17 00:45:01 CET 2016
Ping: 25.446 ms
Download: 21.42 Mbit/s
Upload: 0.87 Mbit/s
Sat Dec 17 01:45:01 CET 2016
Ping: 25.037 ms
Download: 21.46 Mbit/s
Upload: 0.85 Mbit/s
Sat Dec 17 02:45:01 CET 2016
Ping: 24.065 ms
Download: 21.45 Mbit/s
Upload: 0.86 Mbit/s
Sat Dec 17 03:45:01 CET 2016
Ping: 24.798 ms
Download: 21.43 Mbit/s
Upload: 0.86 Mbit/s
Sat Dec 17 04:45:01 CET 2016
Ping: 26.785 ms
Download: 21.00 Mbit/s
Upload: 0.82 Mbit/s
Sat Dec 17 05:45:01 CET 2016
Ping: 26.426 ms
Download: 21.45 Mbit/s
Upload: 0.86 Mbit/s
Sat Dec 17 06:45:01 CET 2016
Ping: 26.404 ms
Download: 21.22 Mbit/s
Upload: 0.86 Mbit/s
Sat Dec 17 07:45:01 CET 2016
Ping: 25.717 ms
Download: 14.18 Mbit/s
Upload: 0.70 Mbit/s
Sat Dec 17 08:45:01 CET 2016
Ping: 28.861 ms
Download: 10.51 Mbit/s
Upload: 0.56 Mbit/s
Sat Dec 17 09:45:01 CET 2016
Ping: 25.751 ms
Download: 21.16 Mbit/s
Upload: 0.77 Mbit/s
Sat Dec 17 10:45:01 CET 2016
Ping: 27.059 ms
Download: 21.44 Mbit/s
Upload: 0.86 Mbit/s
Sat Dec 17 11:45:01 CET 2016
Ping: 27.312 ms
Download: 21.31 Mbit/s
Upload: 0.87 Mbit/s
Sat Dec 17 12:45:01 CET 2016
Ping: 31.241 ms
Download: 21.38 Mbit/s
Upload: 0.84 Mbit/s
Sat Dec 17 13:45:01 CET 2016
Ping: 27.558 ms
Download: 20.96 Mbit/s
Upload: 0.85 Mbit/s
Sat Dec 17 14:45:01 CET 2016
Ping: 27.787 ms
Download: 21.19 Mbit/s
Upload: 0.85 Mbit/s
Sat Dec 17 15:45:01 CET 2016
Ping: 26.526 ms
Download: 20.96 Mbit/s
Upload: 0.63 Mbit/s
Sat Dec 17 16:45:01 CET 2016
Ping: 27.74 ms
Download: 20.43 Mbit/s
Upload: 0.83 Mbit/s
Sat Dec 17 17:45:01 CET 2016
Ping: 26.314 ms
Download: 21.33 Mbit/s
Upload: 0.86 Mbit/s
Sat Dec 17 18:45:01 CET 2016
Ping: 27.096 ms
Download: 21.39 Mbit/s
Upload: 0.85 Mbit/s
Sat Dec 17 19:45:01 CET 2016
Ping: 24.946 ms
Download: 21.28 Mbit/s
Upload: 0.80 Mbit/s
Sat Dec 17 20:45:01 CET 2016
Ping: 24.746 ms
Download: 21.39 Mbit/s
Upload: 0.82 Mbit/s
Sat Dec 17 21:45:01 CET 2016
Ping: 24.662 ms
Download: 21.42 Mbit/s
Upload: 0.86 Mbit/s
Sat Dec 17 22:45:01 CET 2016
Could not retrieve speedtest.net configuration
Sat Dec 17 23:45:01 CET 2016
Ping: 26.75 ms
Download: 21.44 Mbit/s
Upload: 0.85 Mbit/s
Sun Dec 18 00:45:01 CET 2016
Ping: 26.121 ms
Download: 21.45 Mbit/s
Upload: 0.86 Mbit/s
Sun Dec 18 01:45:01 CET 2016
Ping: 25.096 ms
Download: 21.43 Mbit/s
Upload: 0.86 Mbit/s
Sun Dec 18 02:45:01 CET 2016
Ping: 29.719 ms
Download: 21.40 Mbit/s
Upload: 0.85 Mbit/s
Sun Dec 18 03:45:01 CET 2016
Ping: 24.52 ms
Download: 21.44 Mbit/s
Upload: 0.86 Mbit/s
Sun Dec 18 04:45:01 CET 2016
Ping: 24.767 ms
Download: 21.42 Mbit/s
Upload: 0.86 Mbit/s
Sun Dec 18 05:45:01 CET 2016
Ping: 24.339 ms
Download: 21.46 Mbit/s
Upload: 0.86 Mbit/s
Sun Dec 18 06:45:01 CET 2016
Ping: 26.27 ms
Download: 21.42 Mbit/s
Upload: 0.86 Mbit/s
Sun Dec 18 07:45:01 CET 2016
Ping: 25.243 ms
Download: 15.95 Mbit/s
Upload: 0.88 Mbit/s
Sun Dec 18 08:45:01 CET 2016
Ping: 23.918 ms
Download: 21.39 Mbit/s
Upload: 0.86 Mbit/s
Sun Dec 18 09:45:01 CET 2016
Ping: 26.516 ms
Download: 21.15 Mbit/s
Upload: 0.85 Mbit/s
Sun Dec 18 10:45:01 CET 2016
Ping: 24.488 ms
Download: 21.40 Mbit/s
Upload: 0.86 Mbit/s
Sun Dec 18 11:45:01 CET 2016
Ping: 25.048 ms
Download: 21.22 Mbit/s
Upload: 0.77 Mbit/s
Sun Dec 18 12:45:01 CET 2016
Ping: 26.742 ms
Download: 20.76 Mbit/s
Upload: 0.86 Mbit/s
Sun Dec 18 13:45:01 CET 2016
Ping: 25.456 ms
Download: 21.45 Mbit/s
Upload: 0.85 Mbit/s
Sun Dec 18 14:45:01 CET 2016
Ping: 29.03 ms
Download: 21.22 Mbit/s
Upload: 0.82 Mbit/s
Sun Dec 18 15:45:01 CET 2016
Ping: 25.846 ms
Download: 21.36 Mbit/s
Upload: 0.84 Mbit/s
Sun Dec 18 16:45:01 CET 2016
Ping: 25.857 ms
Download: 21.43 Mbit/s
Upload: 0.86 Mbit/s
Sun Dec 18 17:45:02 CET 2016
Ping: 25.216 ms
Download: 21.43 Mbit/s
Upload: 0.87 Mbit/s
Sun Dec 18 18:45:01 CET 2016
Ping: 25.501 ms
Download: 13.32 Mbit/s
Upload: 0.75 Mbit/s
Sun Dec 18 19:45:01 CET 2016
Ping: 25.774 ms
Download: 21.42 Mbit/s
Upload: 0.87 Mbit/s
Sun Dec 18 20:45:01 CET 2016
Ping: 27.294 ms
Download: 21.07 Mbit/s
Upload: 0.83 Mbit/s
Sun Dec 18 21:45:01 CET 2016
Ping: 25.001 ms
Download: 21.40 Mbit/s
Upload: 0.85 Mbit/s
Sun Dec 18 22:45:01 CET 2016
Ping: 27.974 ms
Download: 21.39 Mbit/s
Upload: 0.85 Mbit/s
Sun Dec 18 23:45:01 CET 2016
Ping: 25.409 ms
Download: 21.42 Mbit/s
Upload: 0.84 Mbit/s
Mon Dec 19 00:45:01 CET 2016
Ping: 26.396 ms
Download: 21.40 Mbit/s
Upload: 0.86 Mbit/s
Mon Dec 19 01:45:01 CET 2016
Ping: 25.73 ms
Download: 19.78 Mbit/s
Upload: 0.86 Mbit/s
Mon Dec 19 02:45:01 CET 2016
Ping: 24.986 ms
Download: 21.43 Mbit/s
Upload: 0.86 Mbit/s
Mon Dec 19 03:45:02 CET 2016
Ping: 25.771 ms
Download: 21.38 Mbit/s
Upload: 0.86 Mbit/s
Mon Dec 19 04:45:01 CET 2016
Ping: 25.143 ms
Download: 21.45 Mbit/s
Upload: 0.86 Mbit/s
Mon Dec 19 05:45:01 CET 2016
Ping: 23.786 ms
Download: 21.45 Mbit/s
Upload: 0.87 Mbit/s
Mon Dec 19 06:45:01 CET 2016
Ping: 25.242 ms
Download: 21.42 Mbit/s
Upload: 0.87 Mbit/s
Mon Dec 19 07:45:01 CET 2016
Ping: 25.215 ms
Download: 21.41 Mbit/s
Upload: 0.87 Mbit/s
Mon Dec 19 08:45:01 CET 2016
Ping: 24.256 ms
Download: 21.38 Mbit/s
Upload: 0.75 Mbit/s
Mon Dec 19 09:45:01 CET 2016
Ping: 26.604 ms
Download: 21.45 Mbit/s
Upload: 0.87 Mbit/s
Mon Dec 19 10:45:01 CET 2016
Ping: 26.667 ms
Download: 21.45 Mbit/s
Upload: 0.86 Mbit/s
Mon Dec 19 11:45:01 CET 2016
Ping: 25.275 ms
Download: 21.44 Mbit/s
Upload: 0.86 Mbit/s
Mon Dec 19 12:45:01 CET 2016
Ping: 26.24 ms
Download: 21.44 Mbit/s
Upload: 0.87 Mbit/s
Mon Dec 19 13:45:01 CET 2016
Ping: 25.727 ms
Download: 21.22 Mbit/s
Upload: 0.84 Mbit/s
Mon Dec 19 14:45:01 CET 2016
Ping: 26.436 ms
Download: 21.36 Mbit/s
Upload: 0.81 Mbit/s
Mon Dec 19 15:45:01 CET 2016
Ping: 25.168 ms
Download: 21.34 Mbit/s
Upload: 0.86 Mbit/s
Mon Dec 19 16:45:01 CET 2016
Ping: 26.356 ms
Download: 21.25 Mbit/s
Upload: 0.86 Mbit/s
Mon Dec 19 17:45:01 CET 2016
Ping: 25.099 ms
Download: 21.02 Mbit/s
Upload: 0.81 Mbit/s
Mon Dec 19 18:45:01 CET 2016
Ping: 26.455 ms
Download: 21.46 Mbit/s
Upload: 0.86 Mbit/s
Mon Dec 19 19:45:02 CET 2016
Ping: 27.161 ms
Download: 20.77 Mbit/s
Upload: 0.85 Mbit/s
Mon Dec 19 20:45:01 CET 2016
Ping: 27.936 ms
Download: 19.23 Mbit/s
Upload: 0.80 Mbit/s
Mon Dec 19 21:45:01 CET 2016
Ping: 26.493 ms
Download: 20.26 Mbit/s
Upload: 0.87 Mbit/s
Mon Dec 19 22:45:01 CET 2016
Ping: 26.899 ms
Download: 21.31 Mbit/s
Upload: 0.81 Mbit/s
Mon Dec 19 23:45:01 CET 2016
Ping: 26.076 ms
Download: 20.71 Mbit/s
Upload: 0.86 Mbit/s
Tue Dec 20 00:45:01 CET 2016
Ping: 26.128 ms
Download: 21.46 Mbit/s
Upload: 0.87 Mbit/s
Tue Dec 20 01:45:01 CET 2016
Ping: 27.422 ms
Download: 21.43 Mbit/s
Upload: 0.85 Mbit/s
Tue Dec 20 02:45:01 CET 2016
Ping: 23.751 ms
Download: 20.85 Mbit/s
Upload: 0.87 Mbit/s
Tue Dec 20 03:45:01 CET 2016
Ping: 24.27 ms
Download: 21.43 Mbit/s
Upload: 0.87 Mbit/s
Tue Dec 20 04:45:01 CET 2016
Ping: 26.394 ms
Download: 21.43 Mbit/s
Upload: 0.87 Mbit/s
Tue Dec 20 05:45:01 CET 2016
Ping: 23.526 ms
Download: 21.45 Mbit/s
Upload: 0.87 Mbit/s
Tue Dec 20 06:45:01 CET 2016
Ping: 25.563 ms
Download: 20.37 Mbit/s
Upload: 0.86 Mbit/s
Tue Dec 20 07:45:01 CET 2016
Ping: 24.377 ms
Download: 20.93 Mbit/s
Upload: 0.82 Mbit/s
Tue Dec 20 08:45:01 CET 2016
Ping: 25.353 ms
Download: 20.96 Mbit/s
Upload: 0.84 Mbit/s
Tue Dec 20 09:45:02 CET 2016
Ping: 25.735 ms
Download: 20.63 Mbit/s
Upload: 0.85 Mbit/s
Tue Dec 20 10:45:02 CET 2016
Ping: 29.014 ms
Download: 21.40 Mbit/s
Upload: 0.87 Mbit/s
Tue Dec 20 11:45:01 CET 2016
Ping: 24.19 ms
Download: 20.30 Mbit/s
Upload: 0.82 Mbit/s
Tue Dec 20 12:45:01 CET 2016
Ping: 24.835 ms
Download: 19.96 Mbit/s
Upload: 0.71 Mbit/s
Tue Dec 20 13:45:01 CET 2016
Ping: 26.572 ms
Download: 11.46 Mbit/s
Upload: 0.80 Mbit/s
Tue Dec 20 14:45:01 CET 2016
Ping: 30.311 ms
Download: 21.25 Mbit/s
Upload: 0.87 Mbit/s
Tue Dec 20 15:45:01 CET 2016
Ping: 27.481 ms
Download: 21.43 Mbit/s
Upload: 0.86 Mbit/s
Tue Dec 20 16:45:02 CET 2016
Ping: 29.0 ms
Download: 21.31 Mbit/s
Upload: 0.84 Mbit/s
Tue Dec 20 17:45:01 CET 2016
Ping: 27.635 ms
Download: 21.34 Mbit/s
Upload: 0.85 Mbit/s
Tue Dec 20 18:45:01 CET 2016
Ping: 26.402 ms
Download: 20.64 Mbit/s
Upload: 0.85 Mbit/s
Tue Dec 20 19:45:01 CET 2016
Ping: 26.363 ms
Download: 17.20 Mbit/s
Upload: 0.74 Mbit/s
Tue Dec 20 20:45:01 CET 2016
Ping: 26.252 ms
Download: 21.43 Mbit/s
Upload: 0.86 Mbit/s
Tue Dec 20 21:45:01 CET 2016
Ping: 26.414 ms
Download: 21.34 Mbit/s
Upload: 0.84 Mbit/s
Tue Dec 20 22:45:01 CET 2016
Ping: 24.944 ms
Download: 20.23 Mbit/s
Upload: 0.87 Mbit/s
Tue Dec 20 23:45:01 CET 2016
Ping: 23.945 ms
Download: 21.19 Mbit/s
Upload: 0.86 Mbit/s
Wed Dec 21 00:45:01 CET 2016
Ping: 25.842 ms
Download: 21.25 Mbit/s
Upload: 0.84 Mbit/s
Wed Dec 21 01:45:01 CET 2016
Ping: 25.013 ms
Download: 21.40 Mbit/s
Upload: 0.87 Mbit/s
Wed Dec 21 02:45:02 CET 2016
Ping: 25.397 ms
Download: 21.43 Mbit/s
Upload: 0.87 Mbit/s
Wed Dec 21 03:45:01 CET 2016
Ping: 25.655 ms
Download: 21.17 Mbit/s
Upload: 0.86 Mbit/s
Wed Dec 21 04:45:01 CET 2016
Ping: 26.356 ms
Download: 21.45 Mbit/s
Upload: 0.87 Mbit/s
Wed Dec 21 05:45:01 CET 2016
Ping: 24.696 ms
Download: 21.43 Mbit/s
Upload: 0.87 Mbit/s
Wed Dec 21 06:45:01 CET 2016
Ping: 24.029 ms
Download: 21.42 Mbit/s
Upload: 0.87 Mbit/s
Wed Dec 21 07:45:01 CET 2016
Ping: 28.913 ms
Download: 21.41 Mbit/s
Upload: 0.87 Mbit/s
Wed Dec 21 08:45:01 CET 2016
Ping: 22.8 ms
Download: 21.28 Mbit/s
Upload: 0.86 Mbit/s
Wed Dec 21 09:45:01 CET 2016
Ping: 21.793 ms
Download: 20.90 Mbit/s
Upload: 0.82 Mbit/s
Wed Dec 21 10:45:01 CET 2016
Ping: 24.73 ms
Download: 21.39 Mbit/s
Upload: 0.85 Mbit/s
Wed Dec 21 11:45:02 CET 2016
Ping: 24.553 ms
Download: 16.51 Mbit/s
Upload: 0.62 Mbit/s
Wed Dec 21 12:45:01 CET 2016
Ping: 24.245 ms
Download: 17.66 Mbit/s
Upload: 0.62 Mbit/s
Wed Dec 21 13:45:01 CET 2016
Ping: 23.832 ms
Download: 21.38 Mbit/s
Upload: 0.79 Mbit/s
Wed Dec 21 14:45:01 CET 2016
Ping: 26.557 ms
Download: 21.42 Mbit/s
Upload: 0.87 Mbit/s
Wed Dec 21 15:45:01 CET 2016
Ping: 23.372 ms
Download: 21.10 Mbit/s
Upload: 0.82 Mbit/s
Wed Dec 21 16:45:01 CET 2016
Ping: 24.581 ms
Download: 20.85 Mbit/s
Upload: 0.83 Mbit/s
Wed Dec 21 17:45:01 CET 2016
Ping: 21.869 ms
Download: 21.43 Mbit/s
Upload: 0.86 Mbit/s
Wed Dec 21 18:45:01 CET 2016
Ping: 26.066 ms
Download: 20.73 Mbit/s
Upload: 0.86 Mbit/s
Wed Dec 21 19:45:01 CET 2016
Ping: 23.131 ms
Download: 21.33 Mbit/s
Upload: 0.86 Mbit/s
Wed Dec 21 20:45:01 CET 2016
Ping: 26.407 ms
Download: 21.45 Mbit/s
Upload: 0.86 Mbit/s
Wed Dec 21 21:45:01 CET 2016
Ping: 33.047 ms
Download: 20.38 Mbit/s
Upload: 0.77 Mbit/s
Wed Dec 21 22:45:01 CET 2016
Ping: 27.949 ms
Download: 21.42 Mbit/s
Upload: 0.85 Mbit/s
Wed Dec 21 23:45:01 CET 2016
Ping: 23.046 ms
Download: 21.42 Mbit/s
Upload: 0.87 Mbit/s
Thu Dec 22 00:45:01 CET 2016
Ping: 26.344 ms
Download: 21.07 Mbit/s
Upload: 0.87 Mbit/s
Thu Dec 22 01:45:01 CET 2016
Ping: 25.574 ms
Download: 21.43 Mbit/s
Upload: 0.87 Mbit/s
Thu Dec 22 02:45:01 CET 2016
Ping: 24.719 ms
Download: 21.42 Mbit/s
Upload: 0.86 Mbit/s
Thu Dec 22 03:45:01 CET 2016
Ping: 24.557 ms
Download: 21.45 Mbit/s
Upload: 0.83 Mbit/s
Thu Dec 22 04:45:01 CET 2016
Ping: 24.374 ms
Download: 21.43 Mbit/s
Upload: 0.86 Mbit/s
Thu Dec 22 05:45:01 CET 2016
Ping: 21.614 ms
Download: 21.39 Mbit/s
Upload: 0.87 Mbit/s
Thu Dec 22 06:45:01 CET 2016
Ping: 24.743 ms
Download: 21.42 Mbit/s
Upload: 0.86 Mbit/s
Thu Dec 22 07:45:01 CET 2016
Ping: 23.13 ms
Download: 21.43 Mbit/s
Upload: 0.86 Mbit/s
Thu Dec 22 08:45:01 CET 2016
Ping: 27.475 ms
Download: 21.31 Mbit/s
Upload: 0.86 Mbit/s
Thu Dec 22 09:45:01 CET 2016
Ping: 27.693 ms
Download: 21.42 Mbit/s
Upload: 0.84 Mbit/s
Thu Dec 22 10:45:01 CET 2016
Ping: 21.525 ms
Download: 21.46 Mbit/s
Upload: 0.86 Mbit/s
Thu Dec 22 11:45:01 CET 2016
Ping: 26.137 ms
Download: 21.40 Mbit/s
Upload: 0.84 Mbit/s
Thu Dec 22 12:45:01 CET 2016
Ping: 24.925 ms
Download: 21.31 Mbit/s
Upload: 0.86 Mbit/s
Thu Dec 22 13:45:01 CET 2016
Ping: 23.15 ms
Download: 21.17 Mbit/s
Upload: 0.83 Mbit/s
Thu Dec 22 14:45:01 CET 2016
Ping: 24.632 ms
Download: 21.43 Mbit/s
Upload: 0.85 Mbit/s
Thu Dec 22 15:45:01 CET 2016
Ping: 25.543 ms
Download: 21.42 Mbit/s
Upload: 0.88 Mbit/s
Thu Dec 22 16:45:01 CET 2016
Ping: 25.767 ms
Download: 21.29 Mbit/s
Upload: 0.86 Mbit/s
Thu Dec 22 17:45:01 CET 2016
Ping: 25.633 ms
Download: 21.44 Mbit/s
Upload: 0.86 Mbit/s
Thu Dec 22 18:45:01 CET 2016
Ping: 27.288 ms
Download: 19.17 Mbit/s
Upload: 0.78 Mbit/s
Thu Dec 22 19:45:01 CET 2016
Ping: 26.439 ms
Download: 19.57 Mbit/s
Upload: 0.83 Mbit/s
Thu Dec 22 20:45:01 CET 2016
Ping: 23.081 ms
Download: 20.86 Mbit/s
Upload: 0.87 Mbit/s
Thu Dec 22 21:45:01 CET 2016
Ping: 24.878 ms
Download: 21.38 Mbit/s
Upload: 0.88 Mbit/s
Thu Dec 22 22:45:01 CET 2016
Ping: 25.318 ms
Download: 21.45 Mbit/s
Upload: 0.87 Mbit/s
Thu Dec 22 23:45:01 CET 2016
Ping: 29.103 ms
Download: 21.39 Mbit/s
Upload: 0.86 Mbit/s
Fri Dec 23 00:45:01 CET 2016
Ping: 26.342 ms
Download: 21.45 Mbit/s
Upload: 0.87 Mbit/s
Fri Dec 23 01:45:01 CET 2016
Ping: 24.997 ms
Download: 17.26 Mbit/s
Upload: 0.86 Mbit/s
Fri Dec 23 02:45:01 CET 2016
Ping: 24.896 ms
Download: 21.39 Mbit/s
Upload: 0.86 Mbit/s
Fri Dec 23 03:45:01 CET 2016
Ping: 26.556 ms
Download: 21.42 Mbit/s
Upload: 0.86 Mbit/s
Fri Dec 23 04:45:01 CET 2016
Ping: 24.703 ms
Download: 21.30 Mbit/s
Upload: 0.86 Mbit/s
Fri Dec 23 05:45:01 CET 2016
Ping: 24.853 ms
Download: 21.46 Mbit/s
Upload: 0.87 Mbit/s
Fri Dec 23 06:45:01 CET 2016
Ping: 26.364 ms
Download: 20.98 Mbit/s
Upload: 0.86 Mbit/s
Fri Dec 23 07:45:02 CET 2016
Ping: 26.419 ms
Download: 21.43 Mbit/s
Upload: 0.86 Mbit/s
Fri Dec 23 08:45:01 CET 2016
Ping: 24.008 ms
Download: 21.44 Mbit/s
Upload: 0.85 Mbit/s
Fri Dec 23 09:45:01 CET 2016
Ping: 22.855 ms
Download: 21.35 Mbit/s
Upload: 0.85 Mbit/s
Fri Dec 23 10:45:01 CET 2016
Ping: 23.489 ms
Download: 18.21 Mbit/s
Upload: 0.72 Mbit/s
Fri Dec 23 11:45:01 CET 2016
Ping: 24.101 ms
Download: 21.33 Mbit/s
Upload: 0.74 Mbit/s
Fri Dec 23 12:45:01 CET 2016
Ping: 28.233 ms
Download: 20.79 Mbit/s
Upload: 0.87 Mbit/s
Fri Dec 23 13:45:01 CET 2016
Ping: 25.134 ms
Download: 21.23 Mbit/s
Upload: 0.86 Mbit/s
Fri Dec 23 14:45:01 CET 2016
Ping: 23.175 ms
Download: 21.31 Mbit/s
Upload: 0.76 Mbit/s
Fri Dec 23 15:45:01 CET 2016
Ping: 25.507 ms
Download: 21.39 Mbit/s
Upload: 0.86 Mbit/s
Fri Dec 23 16:45:02 CET 2016
Ping: 26.193 ms
Download: 21.04 Mbit/s
Upload: 0.87 Mbit/s
Fri Dec 23 17:45:01 CET 2016
Ping: 22.723 ms
Download: 20.65 Mbit/s
Upload: 0.86 Mbit/s
Fri Dec 23 18:45:01 CET 2016
Ping: 27.976 ms
Download: 21.43 Mbit/s
Upload: 0.85 Mbit/s
Fri Dec 23 19:45:01 CET 2016
Ping: 21.658 ms
Download: 21.20 Mbit/s
Upload: 0.86 Mbit/s
Fri Dec 23 20:45:01 CET 2016
Ping: 23.752 ms
Download: 21.43 Mbit/s
Upload: 0.86 Mbit/s
Fri Dec 23 21:45:01 CET 2016
Ping: 30.68 ms
Download: 21.43 Mbit/s
Upload: 0.85 Mbit/s
Fri Dec 23 22:45:01 CET 2016
Ping: 22.467 ms
Download: 20.99 Mbit/s
Upload: 0.87 Mbit/s
Fri Dec 23 23:45:01 CET 2016
Ping: 23.866 ms
Download: 21.41 Mbit/s
Upload: 0.86 Mbit/s
Sat Dec 24 00:45:01 CET 2016
Ping: 26.145 ms
Download: 21.22 Mbit/s
Upload: 0.86 Mbit/s
Sat Dec 24 01:45:01 CET 2016
Ping: 24.292 ms
Download: 21.34 Mbit/s
Upload: 0.87 Mbit/s
Sat Dec 24 02:45:01 CET 2016
Ping: 23.761 ms
Download: 21.34 Mbit/s
Upload: 0.86 Mbit/s
Sat Dec 24 03:45:01 CET 2016
Ping: 25.523 ms
Download: 21.43 Mbit/s
Upload: 0.86 Mbit/s
Sat Dec 24 04:45:01 CET 2016
Ping: 25.483 ms
Download: 21.39 Mbit/s
Upload: 0.86 Mbit/s
Sat Dec 24 05:45:02 CET 2016
Ping: 23.176 ms
Download: 21.31 Mbit/s
Upload: 0.86 Mbit/s
Sat Dec 24 06:45:01 CET 2016
Ping: 23.876 ms
Download: 21.38 Mbit/s
Upload: 0.86 Mbit/s
Sat Dec 24 07:45:01 CET 2016
Ping: 25.432 ms
Download: 21.45 Mbit/s
Upload: 0.86 Mbit/s
Sat Dec 24 08:45:01 CET 2016
Ping: 22.876 ms
Download: 21.21 Mbit/s
Upload: 0.86 Mbit/s
Sat Dec 24 09:45:01 CET 2016
Ping: 23.604 ms
Download: 21.40 Mbit/s
Upload: 0.87 Mbit/s
Sat Dec 24 10:45:01 CET 2016
Ping: 26.786 ms
Download: 21.43 Mbit/s
Upload: 0.86 Mbit/s
Sat Dec 24 11:45:01 CET 2016
Ping: 24.635 ms
Download: 20.18 Mbit/s
Upload: 0.79 Mbit/s
Sat Dec 24 12:45:02 CET 2016
Ping: 23.568 ms
Download: 21.22 Mbit/s
Upload: 0.81 Mbit/s
Sat Dec 24 13:45:01 CET 2016
Ping: 29.019 ms
Download: 20.85 Mbit/s
Upload: 0.86 Mbit/s
Sat Dec 24 14:45:01 CET 2016
Ping: 26.645 ms
Download: 20.62 Mbit/s
Upload: 0.84 Mbit/s
Sat Dec 24 15:45:01 CET 2016
Ping: 24.307 ms
Download: 17.90 Mbit/s
Upload: 0.71 Mbit/s
Sat Dec 24 16:45:01 CET 2016
Ping: 27.704 ms
Download: 18.60 Mbit/s
Upload: 0.79 Mbit/s
Sat Dec 24 17:45:01 CET 2016
Ping: 25.142 ms
Download: 21.42 Mbit/s
Upload: 0.86 Mbit/s
Sat Dec 24 18:45:01 CET 2016
Ping: 28.021 ms
Download: 21.39 Mbit/s
Upload: 0.85 Mbit/s
Sat Dec 24 19:45:01 CET 2016
Ping: 23.175 ms
Download: 21.25 Mbit/s
Upload: 0.85 Mbit/s
Sat Dec 24 20:45:01 CET 2016
Ping: 22.559 ms
Download: 21.39 Mbit/s
Upload: 0.87 Mbit/s
Sat Dec 24 21:45:01 CET 2016
Ping: 30.125 ms
Download: 19.72 Mbit/s
Upload: 0.80 Mbit/s
Sat Dec 24 22:45:01 CET 2016
Ping: 25.362 ms
Download: 20.94 Mbit/s
Upload: 0.78 Mbit/s
Sat Dec 24 23:45:01 CET 2016
Ping: 24.976 ms
Download: 21.42 Mbit/s
Upload: 0.86 Mbit/s
Sun Dec 25 00:45:02 CET 2016
Ping: 23.258 ms
Download: 21.44 Mbit/s
Upload: 0.85 Mbit/s
Sun Dec 25 01:45:01 CET 2016
Ping: 25.792 ms
Download: 21.42 Mbit/s
Upload: 0.87 Mbit/s
Sun Dec 25 02:45:01 CET 2016
Ping: 21.608 ms
Download: 21.45 Mbit/s
Upload: 0.87 Mbit/s
Sun Dec 25 03:45:01 CET 2016
Ping: 26.34 ms
Download: 21.45 Mbit/s
Upload: 0.86 Mbit/s
Sun Dec 25 04:45:01 CET 2016
Ping: 23.515 ms
Download: 21.42 Mbit/s
Upload: 0.87 Mbit/s
Sun Dec 25 05:45:01 CET 2016
Ping: 26.876 ms
Download: 21.43 Mbit/s
Upload: 0.86 Mbit/s
Sun Dec 25 06:45:01 CET 2016
Ping: 25.628 ms
Download: 20.30 Mbit/s
Upload: 0.86 Mbit/s
Sun Dec 25 07:45:01 CET 2016
Ping: 24.599 ms
Download: 21.39 Mbit/s
Upload: 0.87 Mbit/s
Sun Dec 25 08:45:01 CET 2016
Ping: 26.361 ms
Download: 21.43 Mbit/s
Upload: 0.84 Mbit/s
Sun Dec 25 09:45:01 CET 2016
Ping: 27.436 ms
Download: 21.02 Mbit/s
Upload: 0.77 Mbit/s
Sun Dec 25 10:45:01 CET 2016
Ping: 28.278 ms
Download: 17.88 Mbit/s
Upload: 0.77 Mbit/s
Sun Dec 25 11:45:01 CET 2016
Ping: 25.516 ms
Download: 21.18 Mbit/s
Upload: 0.85 Mbit/s
Sun Dec 25 12:45:01 CET 2016
Ping: 23.044 ms
Download: 20.33 Mbit/s
Upload: 0.82 Mbit/s
Sun Dec 25 13:45:01 CET 2016
Ping: 28.735 ms
Download: 21.40 Mbit/s
Upload: 0.85 Mbit/s
Sun Dec 25 14:45:01 CET 2016
Ping: 30.119 ms
Download: 21.43 Mbit/s
Upload: 0.85 Mbit/s
Sun Dec 25 15:45:01 CET 2016
Ping: 26.859 ms
Download: 19.87 Mbit/s
Upload: 0.78 Mbit/s
Sun Dec 25 16:45:01 CET 2016
Ping: 28.747 ms
Download: 21.42 Mbit/s
Upload: 0.86 Mbit/s
Sun Dec 25 17:45:01 CET 2016
Ping: 26.607 ms
Download: 21.42 Mbit/s
Upload: 0.89 Mbit/s
Sun Dec 25 18:45:01 CET 2016
Ping: 26.176 ms
Download: 21.39 Mbit/s
Upload: 0.85 Mbit/s
Sun Dec 25 19:45:01 CET 2016
Ping: 23.642 ms
Download: 21.43 Mbit/s
Upload: 0.86 Mbit/s
Sun Dec 25 20:45:01 CET 2016
Ping: 26.924 ms
Download: 21.42 Mbit/s
Upload: 0.86 Mbit/s
Sun Dec 25 21:45:01 CET 2016
Ping: 23.341 ms
Download: 21.25 Mbit/s
Upload: 0.77 Mbit/s
Sun Dec 25 22:45:01 CET 2016
Ping: 26.838 ms
Download: 21.44 Mbit/s
Upload: 0.87 Mbit/s
Sun Dec 25 23:45:01 CET 2016
Ping: 23.842 ms
Download: 21.42 Mbit/s
Upload: 0.86 Mbit/s
Mon Dec 26 00:45:01 CET 2016
Ping: 23.656 ms
Download: 21.39 Mbit/s
Upload: 0.86 Mbit/s
Mon Dec 26 01:45:01 CET 2016
Ping: 22.663 ms
Download: 21.42 Mbit/s
Upload: 0.87 Mbit/s
Mon Dec 26 02:45:01 CET 2016
Ping: 25.037 ms
Download: 21.43 Mbit/s
Upload: 0.86 Mbit/s
Mon Dec 26 03:45:01 CET 2016
Ping: 24.718 ms
Download: 21.45 Mbit/s
Upload: 0.86 Mbit/s
Mon Dec 26 04:45:01 CET 2016
Ping: 27.799 ms
Download: 21.44 Mbit/s
Upload: 0.85 Mbit/s
Mon Dec 26 05:45:01 CET 2016
Ping: 25.056 ms
Download: 21.42 Mbit/s
Upload: 0.86 Mbit/s
Mon Dec 26 06:45:01 CET 2016
Ping: 22.417 ms
Download: 20.83 Mbit/s
Upload: 0.86 Mbit/s
Mon Dec 26 07:45:01 CET 2016
Ping: 25.474 ms
Download: 21.45 Mbit/s
Upload: 0.87 Mbit/s
Mon Dec 26 08:45:01 CET 2016
Ping: 30.193 ms
Download: 21.22 Mbit/s
Upload: 0.84 Mbit/s
Mon Dec 26 09:45:02 CET 2016
Ping: 23.947 ms
Download: 18.12 Mbit/s
Upload: 0.87 Mbit/s
Mon Dec 26 10:45:01 CET 2016
Ping: 22.887 ms
Download: 21.43 Mbit/s
Upload: 0.86 Mbit/s
Mon Dec 26 11:45:01 CET 2016
Ping: 25.491 ms
Download: 21.43 Mbit/s
Upload: 0.86 Mbit/s
Mon Dec 26 12:45:01 CET 2016
Ping: 25.112 ms
Download: 21.40 Mbit/s
Upload: 0.86 Mbit/s
Mon Dec 26 13:45:01 CET 2016
Ping: 24.7 ms
Download: 21.43 Mbit/s
Upload: 0.87 Mbit/s
Mon Dec 26 14:45:01 CET 2016
Ping: 25.822 ms
Download: 21.46 Mbit/s
Upload: 0.87 Mbit/s
Mon Dec 26 15:45:01 CET 2016
Ping: 25.754 ms
Download: 21.42 Mbit/s
Upload: 0.86 Mbit/s
Mon Dec 26 16:45:01 CET 2016
Ping: 25.5 ms
Download: 21.45 Mbit/s
Upload: 0.85 Mbit/s
Mon Dec 26 17:45:01 CET 2016
Ping: 29.92 ms
Download: 21.40 Mbit/s
Upload: 0.85 Mbit/s
Mon Dec 26 18:45:01 CET 2016
Ping: 26.713 ms
Download: 21.45 Mbit/s
Upload: 0.86 Mbit/s
Mon Dec 26 19:45:01 CET 2016
Ping: 24.206 ms
Download: 20.14 Mbit/s
Upload: 0.84 Mbit/s
Mon Dec 26 20:45:01 CET 2016
Ping: 24.281 ms
Download: 20.28 Mbit/s
Upload: 0.86 Mbit/s
Mon Dec 26 21:45:01 CET 2016
Ping: 24.988 ms
Download: 18.06 Mbit/s
Upload: 0.87 Mbit/s
Mon Dec 26 22:45:01 CET 2016
Ping: 29.757 ms
Download: 20.05 Mbit/s
Upload: 0.85 Mbit/s
Mon Dec 26 23:45:01 CET 2016
Ping: 22.646 ms
Download: 21.19 Mbit/s
Upload: 0.87 Mbit/s
Tue Dec 27 00:45:02 CET 2016
Ping: 22.045 ms
Download: 21.40 Mbit/s
Upload: 0.86 Mbit/s
Tue Dec 27 01:45:01 CET 2016
Ping: 23.095 ms
Download: 20.99 Mbit/s
Upload: 0.87 Mbit/s
Tue Dec 27 02:45:01 CET 2016
Ping: 28.266 ms
Download: 20.88 Mbit/s
Upload: 0.86 Mbit/s
Tue Dec 27 03:45:01 CET 2016
Ping: 25.145 ms
Download: 21.46 Mbit/s
Upload: 0.86 Mbit/s
Tue Dec 27 04:45:01 CET 2016
Ping: 22.8 ms
Download: 21.40 Mbit/s
Upload: 0.86 Mbit/s
Tue Dec 27 05:45:02 CET 2016
Ping: 24.216 ms
Download: 21.43 Mbit/s
Upload: 0.86 Mbit/s
Tue Dec 27 06:45:01 CET 2016
Ping: 25.553 ms
Download: 21.39 Mbit/s
Upload: 0.86 Mbit/s
Tue Dec 27 07:45:01 CET 2016
Ping: 23.2 ms
Download: 21.39 Mbit/s
Upload: 0.85 Mbit/s
Tue Dec 27 08:45:01 CET 2016
Ping: 24.27 ms
Download: 21.38 Mbit/s
Upload: 0.87 Mbit/s
Tue Dec 27 09:45:01 CET 2016
Ping: 25.309 ms
Download: 21.43 Mbit/s
Upload: 0.82 Mbit/s
Tue Dec 27 10:45:01 CET 2016
Ping: 26.496 ms
Download: 21.27 Mbit/s
Upload: 0.83 Mbit/s
Tue Dec 27 11:45:01 CET 2016
Ping: 23.183 ms
Download: 21.31 Mbit/s
Upload: 0.75 Mbit/s
Tue Dec 27 12:45:01 CET 2016
Ping: 22.503 ms
Download: 19.25 Mbit/s
Upload: 0.84 Mbit/s
Tue Dec 27 13:45:01 CET 2016
Ping: 27.668 ms
Download: 21.41 Mbit/s
Upload: 0.80 Mbit/s
Tue Dec 27 14:45:01 CET 2016
Ping: 22.783 ms
Download: 21.31 Mbit/s
Upload: 0.87 Mbit/s
Tue Dec 27 15:45:02 CET 2016
Ping: 23.861 ms
Download: 21.34 Mbit/s
Upload: 0.83 Mbit/s
Tue Dec 27 16:45:01 CET 2016
Ping: 27.35 ms
Download: 21.41 Mbit/s
Upload: 0.86 Mbit/s
Tue Dec 27 17:45:01 CET 2016
Ping: 28.748 ms
Download: 21.38 Mbit/s
Upload: 0.83 Mbit/s
Tue Dec 27 18:45:01 CET 2016
Ping: 25.489 ms
Download: 20.88 Mbit/s
Upload: 0.85 Mbit/s
Tue Dec 27 19:45:01 CET 2016
Ping: 28.069 ms
Download: 21.45 Mbit/s
Upload: 0.86 Mbit/s
Tue Dec 27 20:45:02 CET 2016
Ping: 25.197 ms
Download: 18.83 Mbit/s
Upload: 0.75 Mbit/s
Tue Dec 27 21:45:01 CET 2016
Ping: 27.671 ms
Download: 19.79 Mbit/s
Upload: 0.80 Mbit/s
Tue Dec 27 22:45:01 CET 2016
Ping: 23.306 ms
Download: 21.38 Mbit/s
Upload: 0.87 Mbit/s
Tue Dec 27 23:45:01 CET 2016
Ping: 26.22 ms
Download: 20.84 Mbit/s
Upload: 0.87 Mbit/s
Wed Dec 28 00:45:01 CET 2016
Ping: 26.035 ms
Download: 21.20 Mbit/s
Upload: 0.86 Mbit/s
Wed Dec 28 01:45:01 CET 2016
Ping: 25.891 ms
Download: 21.46 Mbit/s
Upload: 0.87 Mbit/s
Wed Dec 28 02:45:01 CET 2016
Ping: 23.345 ms
Download: 21.43 Mbit/s
Upload: 0.86 Mbit/s
Wed Dec 28 03:45:01 CET 2016
Ping: 27.568 ms
Download: 21.25 Mbit/s
Upload: 0.86 Mbit/s
Wed Dec 28 04:45:01 CET 2016
Ping: 22.61 ms
Download: 20.57 Mbit/s
Upload: 0.87 Mbit/s
Wed Dec 28 05:45:01 CET 2016
Ping: 23.566 ms
Download: 20.77 Mbit/s
Upload: 0.86 Mbit/s
Wed Dec 28 06:45:01 CET 2016
Ping: 27.206 ms
Download: 21.40 Mbit/s
Upload: 0.81 Mbit/s
Wed Dec 28 07:45:01 CET 2016
Ping: 28.0 ms
Download: 20.61 Mbit/s
Upload: 0.72 Mbit/s
Wed Dec 28 08:45:01 CET 2016
Ping: 26.252 ms
Download: 21.43 Mbit/s
Upload: 0.82 Mbit/s
Wed Dec 28 09:45:01 CET 2016
Ping: 28.266 ms
Download: 21.39 Mbit/s
Upload: 0.86 Mbit/s
Wed Dec 28 10:45:01 CET 2016
Ping: 26.29 ms
Download: 13.57 Mbit/s
Upload: 0.66 Mbit/s
Wed Dec 28 11:45:01 CET 2016
Ping: 25.521 ms
Download: 14.18 Mbit/s
Upload: 0.59 Mbit/s
Wed Dec 28 12:45:01 CET 2016
Ping: 24.204 ms
Download: 21.13 Mbit/s
Upload: 0.86 Mbit/s
Wed Dec 28 13:45:01 CET 2016
Ping: 26.232 ms
Download: 21.22 Mbit/s
Upload: 0.86 Mbit/s
Wed Dec 28 14:45:01 CET 2016
Ping: 26.786 ms
Download: 21.31 Mbit/s
Upload: 0.83 Mbit/s
Wed Dec 28 15:45:01 CET 2016
Ping: 28.423 ms
Download: 21.20 Mbit/s
Upload: 0.81 Mbit/s
Wed Dec 28 16:45:01 CET 2016
Ping: 26.808 ms
Download: 20.95 Mbit/s
Upload: 0.86 Mbit/s
Wed Dec 28 17:45:01 CET 2016
Ping: 26.376 ms
Download: 19.87 Mbit/s
Upload: 0.81 Mbit/s
Wed Dec 28 18:45:01 CET 2016
Ping: 26.406 ms
Download: 18.17 Mbit/s
Upload: 0.84 Mbit/s
Wed Dec 28 19:45:01 CET 2016
Ping: 23.406 ms
Download: 13.77 Mbit/s
Upload: 0.69 Mbit/s
Wed Dec 28 20:45:01 CET 2016
Ping: 26.511 ms
Download: 19.72 Mbit/s
Upload: 0.85 Mbit/s
Wed Dec 28 21:45:01 CET 2016
Ping: 24.588 ms
Download: 21.40 Mbit/s
Upload: 0.82 Mbit/s
Wed Dec 28 22:45:01 CET 2016
Ping: 27.463 ms
Download: 21.43 Mbit/s
Upload: 0.75 Mbit/s
Wed Dec 28 23:45:01 CET 2016
Ping: 27.148 ms
Download: 21.40 Mbit/s
Upload: 0.84 Mbit/s
Thu Dec 29 00:45:01 CET 2016
Ping: 23.447 ms
Download: 21.43 Mbit/s
Upload: 0.86 Mbit/s
Thu Dec 29 01:45:01 CET 2016
Ping: 28.913 ms
Download: 21.43 Mbit/s
Upload: 0.86 Mbit/s
Thu Dec 29 02:45:01 CET 2016
Ping: 27.679 ms
Download: 21.43 Mbit/s
Upload: 0.85 Mbit/s
Thu Dec 29 03:45:01 CET 2016
Ping: 27.208 ms
Download: 21.25 Mbit/s
Upload: 0.83 Mbit/s
Thu Dec 29 04:45:01 CET 2016
Ping: 23.65 ms
Download: 21.42 Mbit/s
Upload: 0.86 Mbit/s
Thu Dec 29 05:45:01 CET 2016
Ping: 22.232 ms
Download: 21.38 Mbit/s
Upload: 0.87 Mbit/s
Thu Dec 29 06:45:01 CET 2016
Ping: 29.181 ms
Download: 21.44 Mbit/s
Upload: 0.87 Mbit/s
Thu Dec 29 07:45:01 CET 2016
Ping: 27.616 ms
Download: 21.21 Mbit/s
Upload: 0.83 Mbit/s
Thu Dec 29 08:45:01 CET 2016
Ping: 26.347 ms
Download: 17.88 Mbit/s
Upload: 0.79 Mbit/s
Thu Dec 29 09:45:01 CET 2016
Ping: 27.275 ms
Download: 21.42 Mbit/s
Upload: 0.85 Mbit/s
Thu Dec 29 10:45:01 CET 2016
Ping: 25.948 ms
Download: 20.79 Mbit/s
Upload: 0.67 Mbit/s
Thu Dec 29 11:45:01 CET 2016
Ping: 26.525 ms
Download: 20.16 Mbit/s
Upload: 0.85 Mbit/s
Thu Dec 29 12:45:01 CET 2016
Ping: 27.311 ms
Download: 15.32 Mbit/s
Upload: 0.59 Mbit/s
Thu Dec 29 13:45:01 CET 2016
Ping: 26.198 ms
Download: 21.36 Mbit/s
Upload: 0.87 Mbit/s
Thu Dec 29 14:45:01 CET 2016
Ping: 28.685 ms
Download: 21.43 Mbit/s
Upload: 0.86 Mbit/s
Thu Dec 29 15:45:02 CET 2016
Ping: 24.007 ms
Download: 21.38 Mbit/s
Upload: 0.86 Mbit/s
Thu Dec 29 16:45:01 CET 2016
Ping: 26.26 ms
Download: 21.28 Mbit/s
Upload: 0.86 Mbit/s
Thu Dec 29 17:45:01 CET 2016
Ping: 29.528 ms
Download: 21.13 Mbit/s
Upload: 0.71 Mbit/s
Thu Dec 29 18:45:01 CET 2016
Ping: 28.054 ms
Download: 21.39 Mbit/s
Upload: 0.84 Mbit/s
Thu Dec 29 19:45:01 CET 2016
Ping: 22.756 ms
Download: 21.16 Mbit/s
Upload: 0.74 Mbit/s
Thu Dec 29 20:45:01 CET 2016
Ping: 28.713 ms
Download: 16.37 Mbit/s
Upload: 0.76 Mbit/s
Thu Dec 29 21:45:01 CET 2016
Ping: 31.009 ms
Download: 16.70 Mbit/s
Upload: 0.81 Mbit/s
Thu Dec 29 22:45:01 CET 2016
Ping: 26.208 ms
Download: 19.29 Mbit/s
Upload: 0.86 Mbit/s
Thu Dec 29 23:45:01 CET 2016
Ping: 57.812 ms
Download: 12.35 Mbit/s
Upload: 0.59 Mbit/s
Fri Dec 30 00:45:01 CET 2016
Ping: 24.475 ms
Download: 21.43 Mbit/s
Upload: 0.86 Mbit/s
Fri Dec 30 01:45:01 CET 2016
Ping: 23.313 ms
Download: 18.83 Mbit/s
Upload: 0.88 Mbit/s
Fri Dec 30 02:45:01 CET 2016
Ping: 26.414 ms
Download: 21.28 Mbit/s
Upload: 0.85 Mbit/s
Fri Dec 30 03:45:01 CET 2016
Ping: 23.719 ms
Download: 21.43 Mbit/s
Upload: 0.87 Mbit/s
Fri Dec 30 04:45:01 CET 2016
Ping: 25.77 ms
Download: 21.22 Mbit/s
Upload: 0.86 Mbit/s
Fri Dec 30 05:45:01 CET 2016
Ping: 27.774 ms
Download: 21.31 Mbit/s
Upload: 0.84 Mbit/s
Fri Dec 30 06:45:01 CET 2016
Ping: 26.782 ms
Download: 21.43 Mbit/s
Upload: 0.85 Mbit/s
Fri Dec 30 07:45:01 CET 2016
Ping: 24.992 ms
Download: 21.46 Mbit/s
Upload: 0.86 Mbit/s
Fri Dec 30 08:45:01 CET 2016
Ping: 23.159 ms
Download: 21.13 Mbit/s
Upload: 0.83 Mbit/s
Fri Dec 30 09:45:01 CET 2016
Ping: 24.69 ms
Download: 21.40 Mbit/s
Upload: 0.86 Mbit/s
Fri Dec 30 10:45:01 CET 2016
Ping: 23.0 ms
Download: 18.90 Mbit/s
Upload: 0.86 Mbit/s
Fri Dec 30 11:45:02 CET 2016
Ping: 26.714 ms
Download: 14.92 Mbit/s
Upload: 0.51 Mbit/s
Fri Dec 30 12:45:01 CET 2016
Ping: 27.786 ms
Download: 21.42 Mbit/s
Upload: 0.86 Mbit/s
Fri Dec 30 13:45:01 CET 2016
Ping: 27.732 ms
Download: 21.34 Mbit/s
Upload: 0.86 Mbit/s
Fri Dec 30 14:45:01 CET 2016
Ping: 27.707 ms
Download: 21.39 Mbit/s
Upload: 0.86 Mbit/s
Fri Dec 30 15:45:01 CET 2016
Ping: 24.344 ms
Download: 21.43 Mbit/s
Upload: 0.87 Mbit/s
Fri Dec 30 16:45:01 CET 2016
Ping: 24.8 ms
Download: 15.11 Mbit/s
Upload: 0.73 Mbit/s
Fri Dec 30 17:45:01 CET 2016
Ping: 24.187 ms
Download: 21.40 Mbit/s
Upload: 0.86 Mbit/s
Fri Dec 30 18:45:01 CET 2016
Ping: 24.465 ms
Download: 21.39 Mbit/s
Upload: 0.87 Mbit/s
Fri Dec 30 19:45:01 CET 2016
Ping: 27.716 ms
Download: 21.13 Mbit/s
Upload: 0.84 Mbit/s
Fri Dec 30 20:45:01 CET 2016
Ping: 27.598 ms
Download: 21.40 Mbit/s
Upload: 0.85 Mbit/s
Fri Dec 30 21:45:01 CET 2016
Ping: 27.035 ms
Download: 17.34 Mbit/s
Upload: 0.77 Mbit/s
Fri Dec 30 22:45:01 CET 2016
Ping: 27.527 ms
Download: 18.43 Mbit/s
Upload: 0.68 Mbit/s
Fri Dec 30 23:45:01 CET 2016
Ping: 30.03 ms
Download: 21.17 Mbit/s
Upload: 0.86 Mbit/s
Sat Dec 31 00:45:01 CET 2016
Ping: 24.893 ms
Download: 21.05 Mbit/s
Upload: 0.88 Mbit/s
Sat Dec 31 01:45:01 CET 2016
Ping: 30.778 ms
Download: 21.43 Mbit/s
Upload: 0.86 Mbit/s
Sat Dec 31 02:45:01 CET 2016
Ping: 25.678 ms
Download: 21.43 Mbit/s
Upload: 0.87 Mbit/s
Sat Dec 31 03:45:01 CET 2016
Ping: 27.921 ms
Download: 21.43 Mbit/s
Upload: 0.87 Mbit/s
Sat Dec 31 04:45:01 CET 2016
Ping: 24.25 ms
Download: 21.43 Mbit/s
Upload: 0.86 Mbit/s
Sat Dec 31 05:45:01 CET 2016
Ping: 27.212 ms
Download: 21.41 Mbit/s
Upload: 0.86 Mbit/s
Sat Dec 31 06:45:01 CET 2016
Ping: 28.772 ms
Download: 21.38 Mbit/s
Upload: 0.87 Mbit/s
Sat Dec 31 07:45:01 CET 2016
Ping: 27.966 ms
Download: 21.40 Mbit/s
Upload: 0.84 Mbit/s
Sat Dec 31 08:45:02 CET 2016
Ping: 26.568 ms
Download: 21.43 Mbit/s
Upload: 0.86 Mbit/s
Sat Dec 31 09:45:01 CET 2016
Ping: 26.213 ms
Download: 15.51 Mbit/s
Upload: 0.61 Mbit/s
Sat Dec 31 10:45:01 CET 2016
Ping: 23.623 ms
Download: 21.25 Mbit/s
Upload: 0.85 Mbit/s
Sat Dec 31 11:45:01 CET 2016
Ping: 25.385 ms
Download: 21.36 Mbit/s
Upload: 0.84 Mbit/s
Sat Dec 31 12:45:01 CET 2016
Ping: 26.649 ms
Download: 21.43 Mbit/s
Upload: 0.85 Mbit/s
Sat Dec 31 13:45:01 CET 2016
Ping: 23.842 ms
Download: 20.16 Mbit/s
Upload: 0.86 Mbit/s
Sat Dec 31 14:45:01 CET 2016
Ping: 24.956 ms
Download: 21.17 Mbit/s
Upload: 0.85 Mbit/s
Sat Dec 31 15:45:01 CET 2016
Ping: 28.067 ms
Download: 21.16 Mbit/s
Upload: 0.86 Mbit/s
Sat Dec 31 16:45:01 CET 2016
Ping: 22.589 ms
Download: 18.59 Mbit/s
Upload: 0.70 Mbit/s
Sat Dec 31 17:45:01 CET 2016
Ping: 28.93 ms
Download: 19.87 Mbit/s
Upload: 0.79 Mbit/s
Sat Dec 31 18:45:01 CET 2016
Ping: 25.042 ms
Download: 20.90 Mbit/s
Upload: 0.81 Mbit/s
Sat Dec 31 19:45:01 CET 2016
Ping: 28.083 ms
Download: 21.43 Mbit/s
Upload: 0.85 Mbit/s
Sat Dec 31 20:45:01 CET 2016
Ping: 22.887 ms
Download: 21.46 Mbit/s
Upload: 0.86 Mbit/s
Sat Dec 31 21:45:01 CET 2016
Ping: 24.568 ms
Download: 20.53 Mbit/s
Upload: 0.88 Mbit/s
Sat Dec 31 22:45:01 CET 2016
Ping: 24.908 ms
Download: 21.39 Mbit/s
Upload: 0.87 Mbit/s
Sat Dec 31 23:45:01 CET 2016
Ping: 28.593 ms
Download: 21.43 Mbit/s
Upload: 0.84 Mbit/s
