Fr 1. Jan 00:45:01 CET 2016
Ping: 31.014 ms
Download: 21.44 Mbit/s
Upload: 0.88 Mbit/s
Fr 1. Jan 01:45:01 CET 2016
Ping: 30.693 ms
Download: 21.36 Mbit/s
Upload: 0.88 Mbit/s
Fr 1. Jan 02:45:01 CET 2016
Ping: 30.674 ms
Download: 21.43 Mbit/s
Upload: 0.88 Mbit/s
Fr 1. Jan 03:45:01 CET 2016
Ping: 30.923 ms
Download: 19.91 Mbit/s
Upload: 0.88 Mbit/s
Fr 1. Jan 04:45:01 CET 2016
Ping: 31.989 ms
Download: 21.38 Mbit/s
Upload: 0.88 Mbit/s
Fr 1. Jan 05:45:01 CET 2016
Ping: 31.92 ms
Download: 21.45 Mbit/s
Upload: 0.87 Mbit/s
Fr 1. Jan 06:45:01 CET 2016
Ping: 33.428 ms
Download: 21.16 Mbit/s
Upload: 0.88 Mbit/s
Fr 1. Jan 07:45:01 CET 2016
Ping: 31.379 ms
Download: 21.25 Mbit/s
Upload: 0.83 Mbit/s
Fr 1. Jan 08:45:01 CET 2016
Ping: 30.955 ms
Download: 21.45 Mbit/s
Upload: 0.88 Mbit/s
Fr 1. Jan 09:45:02 CET 2016
Ping: 31.032 ms
Download: 21.39 Mbit/s
Upload: 0.87 Mbit/s
Fr 1. Jan 10:45:01 CET 2016
Ping: 31.752 ms
Download: 21.43 Mbit/s
Upload: 0.87 Mbit/s
Fr 1. Jan 11:45:01 CET 2016
Ping: 29.811 ms
Download: 21.33 Mbit/s
Upload: 0.87 Mbit/s
Fr 1. Jan 12:45:01 CET 2016
Ping: 30.987 ms
Download: 21.42 Mbit/s
Upload: 0.88 Mbit/s
Fr 1. Jan 13:45:01 CET 2016
Ping: 31.11 ms
Download: 21.42 Mbit/s
Upload: 0.88 Mbit/s
Fr 1. Jan 14:45:01 CET 2016
Ping: 30.756 ms
Download: 21.39 Mbit/s
Upload: 0.87 Mbit/s
Fr 1. Jan 15:45:01 CET 2016
Ping: 31.078 ms
Download: 21.42 Mbit/s
Upload: 0.88 Mbit/s
Fr 1. Jan 16:45:02 CET 2016
Ping: 30.642 ms
Download: 21.41 Mbit/s
Upload: 0.88 Mbit/s
Fr 1. Jan 17:45:01 CET 2016
Ping: 30.122 ms
Download: 21.05 Mbit/s
Upload: 0.87 Mbit/s
Fr 1. Jan 18:45:01 CET 2016
Ping: 31.094 ms
Download: 20.71 Mbit/s
Upload: 0.88 Mbit/s
Fr 1. Jan 19:45:02 CET 2016
Ping: 33.069 ms
Download: 21.32 Mbit/s
Upload: 0.88 Mbit/s
Fr 1. Jan 20:45:01 CET 2016
Ping: 32.306 ms
Download: 20.06 Mbit/s
Upload: 0.88 Mbit/s
Fr 1. Jan 21:45:01 CET 2016
Ping: 29.745 ms
Download: 21.42 Mbit/s
Upload: 0.87 Mbit/s
Fr 1. Jan 22:45:01 CET 2016
Ping: 32.205 ms
Download: 16.90 Mbit/s
Upload: 0.87 Mbit/s
Fr 1. Jan 23:45:01 CET 2016
Ping: 30.038 ms
Download: 21.42 Mbit/s
Upload: 0.88 Mbit/s
Sa 2. Jan 00:45:01 CET 2016
Ping: 29.729 ms
Download: 20.07 Mbit/s
Upload: 0.88 Mbit/s
Sa 2. Jan 01:45:01 CET 2016
Ping: 31.865 ms
Download: 21.42 Mbit/s
Upload: 0.88 Mbit/s
Sa 2. Jan 02:45:01 CET 2016
Ping: 31.098 ms
Download: 19.58 Mbit/s
Upload: 0.87 Mbit/s
Sa 2. Jan 03:45:01 CET 2016
Ping: 29.805 ms
Download: 21.33 Mbit/s
Upload: 0.87 Mbit/s
Sa 2. Jan 04:45:01 CET 2016
Ping: 31.581 ms
Download: 21.42 Mbit/s
Upload: 0.87 Mbit/s
Sa 2. Jan 05:45:01 CET 2016
Ping: 30.458 ms
Download: 20.45 Mbit/s
Upload: 0.87 Mbit/s
Sa 2. Jan 06:45:01 CET 2016
Ping: 33.229 ms
Download: 21.43 Mbit/s
Upload: 0.88 Mbit/s
Sa 2. Jan 07:45:01 CET 2016
Ping: 31.237 ms
Download: 21.45 Mbit/s
Upload: 0.88 Mbit/s
Sa 2. Jan 08:45:01 CET 2016
Ping: 32.224 ms
Download: 21.42 Mbit/s
Upload: 0.87 Mbit/s
Sa 2. Jan 09:45:01 CET 2016
Ping: 29.199 ms
Download: 4.20 Mbit/s
Upload: 0.87 Mbit/s
Sa 2. Jan 10:45:02 CET 2016
Ping: 31.412 ms
Download: 19.11 Mbit/s
Upload: 0.61 Mbit/s
Sa 2. Jan 11:45:01 CET 2016
Ping: 31.791 ms
Download: 20.81 Mbit/s
Upload: 0.88 Mbit/s
Sa 2. Jan 12:45:01 CET 2016
Ping: 29.417 ms
Download: 21.08 Mbit/s
Upload: 0.84 Mbit/s
Sa 2. Jan 13:45:01 CET 2016
Ping: 30.509 ms
Download: 20.25 Mbit/s
Upload: 0.60 Mbit/s
Sa 2. Jan 14:45:01 CET 2016
Ping: 28.269 ms
Download: 21.29 Mbit/s
Upload: 0.88 Mbit/s
Sa 2. Jan 15:45:01 CET 2016
Ping: 27.829 ms
Download: 21.31 Mbit/s
Upload: 0.84 Mbit/s
Sa 2. Jan 16:45:01 CET 2016
Ping: 29.873 ms
Download: 21.39 Mbit/s
Upload: 0.88 Mbit/s
Sa 2. Jan 17:45:01 CET 2016
Ping: 31.158 ms
Download: 21.42 Mbit/s
Upload: 0.87 Mbit/s
Sa 2. Jan 18:45:01 CET 2016
Ping: 29.54 ms
Download: 21.44 Mbit/s
Upload: 0.88 Mbit/s
Sa 2. Jan 19:45:01 CET 2016
Ping: 28.963 ms
Download: 21.29 Mbit/s
Upload: 0.85 Mbit/s
Sa 2. Jan 20:45:01 CET 2016
Ping: 31.544 ms
Download: 21.42 Mbit/s
Upload: 0.87 Mbit/s
Sa 2. Jan 21:45:01 CET 2016
Ping: 29.822 ms
Download: 21.39 Mbit/s
Upload: 0.87 Mbit/s
Sa 2. Jan 22:45:01 CET 2016
Ping: 32.865 ms
Download: 21.09 Mbit/s
Upload: 0.86 Mbit/s
Sa 2. Jan 23:45:01 CET 2016
Ping: 28.977 ms
Download: 21.24 Mbit/s
Upload: 0.88 Mbit/s
So 3. Jan 00:45:01 CET 2016
Ping: 31.845 ms
Download: 21.08 Mbit/s
Upload: 0.87 Mbit/s
So 3. Jan 01:45:01 CET 2016
Ping: 28.786 ms
Download: 21.42 Mbit/s
Upload: 0.88 Mbit/s
So 3. Jan 02:45:01 CET 2016
Ping: 29.149 ms
Download: 21.45 Mbit/s
Upload: 0.88 Mbit/s
So 3. Jan 03:45:01 CET 2016
Ping: 30.33 ms
Download: 21.42 Mbit/s
Upload: 0.87 Mbit/s
So 3. Jan 04:45:01 CET 2016
Ping: 28.879 ms
Download: 21.33 Mbit/s
Upload: 0.87 Mbit/s
So 3. Jan 05:45:01 CET 2016
Ping: 30.52 ms
Download: 21.45 Mbit/s
Upload: 0.88 Mbit/s
So 3. Jan 06:45:01 CET 2016
Ping: 29.016 ms
Download: 21.43 Mbit/s
Upload: 0.88 Mbit/s
So 3. Jan 07:45:01 CET 2016
Ping: 28.789 ms
Download: 21.39 Mbit/s
Upload: 0.88 Mbit/s
So 3. Jan 08:45:01 CET 2016
Ping: 29.613 ms
Download: 21.42 Mbit/s
Upload: 0.88 Mbit/s
So 3. Jan 09:45:01 CET 2016
Ping: 29.561 ms
Download: 21.34 Mbit/s
Upload: 0.86 Mbit/s
So 3. Jan 10:45:01 CET 2016
Ping: 29.311 ms
Download: 20.74 Mbit/s
Upload: 0.86 Mbit/s
So 3. Jan 11:45:01 CET 2016
Ping: 28.433 ms
Download: 21.39 Mbit/s
Upload: 0.88 Mbit/s
So 3. Jan 12:45:01 CET 2016
Ping: 28.471 ms
Download: 21.39 Mbit/s
Upload: 0.87 Mbit/s
So 3. Jan 13:45:01 CET 2016
Ping: 29.207 ms
Download: 20.57 Mbit/s
Upload: 0.61 Mbit/s
So 3. Jan 14:45:01 CET 2016
Ping: 31.178 ms
Download: 20.96 Mbit/s
Upload: 0.78 Mbit/s
So 3. Jan 15:45:01 CET 2016
Ping: 30.114 ms
Download: 21.45 Mbit/s
Upload: 0.87 Mbit/s
So 3. Jan 16:45:01 CET 2016
Ping: 30.498 ms
Download: 21.34 Mbit/s
Upload: 0.75 Mbit/s
So 3. Jan 17:45:01 CET 2016
Ping: 29.604 ms
Download: 19.55 Mbit/s
Upload: 0.87 Mbit/s
So 3. Jan 18:45:01 CET 2016
Ping: 30.243 ms
Download: 21.28 Mbit/s
Upload: 0.87 Mbit/s
So 3. Jan 19:45:01 CET 2016
Ping: 30.088 ms
Download: 21.43 Mbit/s
Upload: 0.87 Mbit/s
So 3. Jan 20:45:01 CET 2016
Ping: 28.354 ms
Download: 21.40 Mbit/s
Upload: 0.81 Mbit/s
So 3. Jan 21:45:01 CET 2016
Ping: 31.826 ms
Download: 21.35 Mbit/s
Upload: 0.87 Mbit/s
So 3. Jan 22:45:01 CET 2016
Ping: 28.813 ms
Download: 21.20 Mbit/s
Upload: 0.87 Mbit/s
So 3. Jan 23:45:01 CET 2016
Ping: 29.95 ms
Download: 21.42 Mbit/s
Upload: 0.81 Mbit/s
Mo 4. Jan 00:45:01 CET 2016
Ping: 29.888 ms
Download: 21.44 Mbit/s
Upload: 0.88 Mbit/s
Mo 4. Jan 01:45:01 CET 2016
Ping: 31.719 ms
Download: 21.42 Mbit/s
Upload: 0.88 Mbit/s
Mo 4. Jan 02:45:01 CET 2016
Ping: 28.675 ms
Download: 21.21 Mbit/s
Upload: 0.87 Mbit/s
Mo 4. Jan 03:45:01 CET 2016
Ping: 31.865 ms
Download: 20.45 Mbit/s
Upload: 0.88 Mbit/s
Mo 4. Jan 04:45:02 CET 2016
Ping: 30.137 ms
Download: 21.43 Mbit/s
Upload: 0.87 Mbit/s
Mo 4. Jan 05:45:01 CET 2016
Ping: 32.501 ms
Download: 21.43 Mbit/s
Upload: 0.88 Mbit/s
Mo 4. Jan 06:45:01 CET 2016
Ping: 31.68 ms
Download: 19.91 Mbit/s
Upload: 0.88 Mbit/s
Mo 4. Jan 07:45:01 CET 2016
Ping: 29.326 ms
Download: 21.46 Mbit/s
Upload: 0.87 Mbit/s
Mo 4. Jan 08:45:01 CET 2016
Ping: 28.718 ms
Download: 20.38 Mbit/s
Upload: 0.88 Mbit/s
Mo 4. Jan 09:45:01 CET 2016
Ping: 30.177 ms
Download: 21.20 Mbit/s
Upload: 0.88 Mbit/s
Mo 4. Jan 10:45:01 CET 2016
Ping: 31.741 ms
Download: 19.24 Mbit/s
Upload: 0.88 Mbit/s
Mo 4. Jan 11:45:01 CET 2016
Ping: 31.511 ms
Download: 21.07 Mbit/s
Upload: 0.87 Mbit/s
Mo 4. Jan 12:45:01 CET 2016
Ping: 28.732 ms
Download: 21.22 Mbit/s
Upload: 0.88 Mbit/s
Mo 4. Jan 13:45:01 CET 2016
Ping: 27.851 ms
Download: 21.42 Mbit/s
Upload: 0.88 Mbit/s
Mo 4. Jan 14:45:02 CET 2016
Ping: 30.949 ms
Download: 21.04 Mbit/s
Upload: 0.65 Mbit/s
Mo 4. Jan 15:45:02 CET 2016
Ping: 33.469 ms
Download: 20.74 Mbit/s
Upload: 0.84 Mbit/s
Mo 4. Jan 16:45:01 CET 2016
Ping: 29.874 ms
Download: 21.42 Mbit/s
Upload: 0.87 Mbit/s
Mo 4. Jan 17:45:01 CET 2016
Ping: 29.808 ms
Download: 20.22 Mbit/s
Upload: 0.87 Mbit/s
Mo 4. Jan 18:45:01 CET 2016
Ping: 31.383 ms
Download: 21.40 Mbit/s
Upload: 0.87 Mbit/s
Mo 4. Jan 19:45:01 CET 2016
Ping: 32.022 ms
Download: 21.42 Mbit/s
Upload: 0.88 Mbit/s
Mo 4. Jan 20:45:01 CET 2016
Ping: 29.033 ms
Download: 20.27 Mbit/s
Upload: 0.87 Mbit/s
Mo 4. Jan 21:45:01 CET 2016
Ping: 30.988 ms
Download: 19.86 Mbit/s
Upload: 0.80 Mbit/s
Mo 4. Jan 22:45:01 CET 2016
Ping: 32.962 ms
Download: 21.40 Mbit/s
Upload: 0.80 Mbit/s
Mo 4. Jan 23:45:01 CET 2016
Ping: 31.779 ms
Download: 21.36 Mbit/s
Upload: 0.86 Mbit/s
Di 5. Jan 00:45:01 CET 2016
Ping: 28.487 ms
Download: 20.78 Mbit/s
Upload: 0.88 Mbit/s
Di 5. Jan 01:45:01 CET 2016
Ping: 30.885 ms
Download: 21.38 Mbit/s
Upload: 0.88 Mbit/s
Di 5. Jan 02:45:01 CET 2016
Ping: 31.389 ms
Download: 21.38 Mbit/s
Upload: 0.88 Mbit/s
Di 5. Jan 03:45:02 CET 2016
Ping: 31.543 ms
Download: 21.45 Mbit/s
Upload: 0.88 Mbit/s
Di 5. Jan 04:45:01 CET 2016
Ping: 30.289 ms
Download: 18.45 Mbit/s
Upload: 0.88 Mbit/s
Di 5. Jan 05:45:01 CET 2016
Ping: 30.325 ms
Download: 21.39 Mbit/s
Upload: 0.88 Mbit/s
Di 5. Jan 06:45:01 CET 2016
Ping: 31.482 ms
Download: 20.17 Mbit/s
Upload: 0.88 Mbit/s
Di 5. Jan 07:45:01 CET 2016
Ping: 31.004 ms
Download: 21.33 Mbit/s
Upload: 0.88 Mbit/s
Di 5. Jan 08:45:01 CET 2016
Ping: 30.482 ms
Download: 21.31 Mbit/s
Upload: 0.87 Mbit/s
Di 5. Jan 09:45:01 CET 2016
Ping: 30.326 ms
Download: 20.74 Mbit/s
Upload: 0.71 Mbit/s
Di 5. Jan 10:45:01 CET 2016
Ping: 31.833 ms
Download: 21.16 Mbit/s
Upload: 0.87 Mbit/s
Di 5. Jan 11:45:01 CET 2016
Ping: 33.575 ms
Download: 21.21 Mbit/s
Upload: 0.87 Mbit/s
Di 5. Jan 12:45:02 CET 2016
Ping: 30.801 ms
Download: 20.79 Mbit/s
Upload: 0.87 Mbit/s
Di 5. Jan 13:45:01 CET 2016
Ping: 31.092 ms
Download: 21.16 Mbit/s
Upload: 0.86 Mbit/s
Di 5. Jan 14:45:01 CET 2016
Ping: 29.248 ms
Download: 21.43 Mbit/s
Upload: 0.88 Mbit/s
Di 5. Jan 15:45:01 CET 2016
Ping: 33.276 ms
Download: 20.62 Mbit/s
Upload: 0.87 Mbit/s
Di 5. Jan 16:45:01 CET 2016
Ping: 33.771 ms
Download: 21.45 Mbit/s
Upload: 0.88 Mbit/s
Di 5. Jan 17:45:02 CET 2016
Ping: 27.477 ms
Download: 19.76 Mbit/s
Upload: 0.85 Mbit/s
Di 5. Jan 18:45:01 CET 2016
Ping: 30.713 ms
Download: 20.37 Mbit/s
Upload: 0.76 Mbit/s
Di 5. Jan 19:45:01 CET 2016
Ping: 30.084 ms
Download: 21.45 Mbit/s
Upload: 0.88 Mbit/s
Di 5. Jan 20:45:01 CET 2016
Ping: 34.456 ms
Download: 20.78 Mbit/s
Upload: 0.81 Mbit/s
Di 5. Jan 21:45:01 CET 2016
Ping: 30.822 ms
Download: 20.73 Mbit/s
Upload: 0.81 Mbit/s
Di 5. Jan 22:45:02 CET 2016
Ping: 29.543 ms
Download: 14.22 Mbit/s
Upload: 0.87 Mbit/s
Di 5. Jan 23:45:01 CET 2016
Ping: 30.167 ms
Download: 20.85 Mbit/s
Upload: 0.85 Mbit/s
Mi 6. Jan 00:45:01 CET 2016
Ping: 34.648 ms
Download: 21.42 Mbit/s
Upload: 0.87 Mbit/s
Mi 6. Jan 01:45:01 CET 2016
Ping: 29.316 ms
Download: 21.45 Mbit/s
Upload: 0.88 Mbit/s
Mi 6. Jan 02:45:01 CET 2016
Ping: 30.458 ms
Download: 21.43 Mbit/s
Upload: 0.88 Mbit/s
Mi 6. Jan 03:45:01 CET 2016
Ping: 32.35 ms
Download: 16.17 Mbit/s
Upload: 0.88 Mbit/s
Mi 6. Jan 04:45:01 CET 2016
Ping: 33.419 ms
Download: 21.12 Mbit/s
Upload: 0.87 Mbit/s
Mi 6. Jan 05:45:01 CET 2016
Ping: 29.578 ms
Download: 21.43 Mbit/s
Upload: 0.88 Mbit/s
Mi 6. Jan 06:45:01 CET 2016
Ping: 28.764 ms
Download: 21.45 Mbit/s
Upload: 0.88 Mbit/s
Mi 6. Jan 07:45:01 CET 2016
Ping: 30.403 ms
Download: 21.45 Mbit/s
Upload: 0.87 Mbit/s
Mi 6. Jan 08:45:02 CET 2016
Ping: 31.77 ms
Download: 21.22 Mbit/s
Upload: 0.87 Mbit/s
Mi 6. Jan 09:45:01 CET 2016
Ping: 35.98 ms
Download: 21.41 Mbit/s
Upload: 0.87 Mbit/s
Mi 6. Jan 10:45:01 CET 2016
Ping: 33.4 ms
Download: 21.42 Mbit/s
Upload: 0.87 Mbit/s
Mi 6. Jan 11:45:01 CET 2016
Ping: 26.712 ms
Download: 21.04 Mbit/s
Upload: 0.86 Mbit/s
Mi 6. Jan 12:45:01 CET 2016
Ping: 28.344 ms
Download: 20.14 Mbit/s
Upload: 0.77 Mbit/s
Mi 6. Jan 13:45:01 CET 2016
Ping: 30.39 ms
Download: 20.07 Mbit/s
Upload: 0.87 Mbit/s
Mi 6. Jan 14:45:01 CET 2016
Ping: 29.322 ms
Download: 21.43 Mbit/s
Upload: 0.87 Mbit/s
Mi 6. Jan 15:45:01 CET 2016
Ping: 33.283 ms
Download: 21.33 Mbit/s
Upload: 0.86 Mbit/s
Mi 6. Jan 16:45:01 CET 2016
Ping: 29.414 ms
Download: 20.14 Mbit/s
Upload: 0.87 Mbit/s
Mi 6. Jan 17:45:01 CET 2016
Ping: 31.559 ms
Download: 18.71 Mbit/s
Upload: 0.84 Mbit/s
Mi 6. Jan 18:45:02 CET 2016
Ping: 31.715 ms
Download: 21.42 Mbit/s
Upload: 0.88 Mbit/s
Mi 6. Jan 19:45:01 CET 2016
Ping: 31.43 ms
Download: 20.71 Mbit/s
Upload: 0.59 Mbit/s
Mi 6. Jan 20:45:01 CET 2016
Ping: 35.064 ms
Download: 21.15 Mbit/s
Upload: 0.87 Mbit/s
Mi 6. Jan 21:45:01 CET 2016
Ping: 30.108 ms
Download: 21.38 Mbit/s
Upload: 0.83 Mbit/s
Mi 6. Jan 22:45:01 CET 2016
Ping: 32.644 ms
Download: 12.83 Mbit/s
Upload: 0.82 Mbit/s
Mi 6. Jan 23:45:01 CET 2016
Ping: 33.612 ms
Download: 20.06 Mbit/s
Upload: 0.84 Mbit/s
Do 7. Jan 00:45:01 CET 2016
Ping: 29.243 ms
Download: 21.42 Mbit/s
Upload: 0.87 Mbit/s
Do 7. Jan 01:45:01 CET 2016
Ping: 31.053 ms
Download: 20.17 Mbit/s
Upload: 0.87 Mbit/s
Do 7. Jan 02:45:01 CET 2016
Ping: 29.545 ms
Download: 21.42 Mbit/s
Upload: 0.88 Mbit/s
Do 7. Jan 03:45:01 CET 2016
Ping: 33.403 ms
Download: 21.42 Mbit/s
Upload: 0.88 Mbit/s
Do 7. Jan 04:45:01 CET 2016
Ping: 29.862 ms
Download: 21.39 Mbit/s
Upload: 0.88 Mbit/s
Do 7. Jan 05:45:02 CET 2016
Ping: 30.091 ms
Download: 21.45 Mbit/s
Upload: 0.87 Mbit/s
Do 7. Jan 06:45:01 CET 2016
Ping: 33.329 ms
Download: 21.45 Mbit/s
Upload: 0.88 Mbit/s
Do 7. Jan 07:45:01 CET 2016
Ping: 28.074 ms
Download: 19.97 Mbit/s
Upload: 0.88 Mbit/s
Do 7. Jan 08:45:01 CET 2016
Ping: 29.851 ms
Download: 19.56 Mbit/s
Upload: 0.88 Mbit/s
Do 7. Jan 09:45:02 CET 2016
Ping: 32.436 ms
Download: 21.39 Mbit/s
Upload: 0.82 Mbit/s
Do 7. Jan 10:45:01 CET 2016
Ping: 32.027 ms
Download: 19.60 Mbit/s
Upload: 0.83 Mbit/s
Do 7. Jan 11:45:01 CET 2016
Ping: 28.118 ms
Download: 21.27 Mbit/s
Upload: 0.86 Mbit/s
Do 7. Jan 12:45:02 CET 2016
Ping: 30.287 ms
Download: 21.42 Mbit/s
Upload: 0.84 Mbit/s
Do 7. Jan 13:45:01 CET 2016
Ping: 28.913 ms
Download: 21.45 Mbit/s
Upload: 0.87 Mbit/s
Do 7. Jan 14:45:01 CET 2016
Ping: 29.739 ms
Download: 21.26 Mbit/s
Upload: 0.86 Mbit/s
Do 7. Jan 15:45:01 CET 2016
Ping: 33.121 ms
Download: 20.54 Mbit/s
Upload: 0.86 Mbit/s
Do 7. Jan 16:45:01 CET 2016
Ping: 31.65 ms
Download: 18.23 Mbit/s
Upload: 0.61 Mbit/s
Do 7. Jan 17:45:01 CET 2016
Ping: 32.984 ms
Download: 20.90 Mbit/s
Upload: 0.87 Mbit/s
Do 7. Jan 18:45:01 CET 2016
Ping: 33.284 ms
Download: 21.39 Mbit/s
Upload: 0.87 Mbit/s
Do 7. Jan 19:45:01 CET 2016
Ping: 26.398 ms
Download: 21.22 Mbit/s
Upload: 0.86 Mbit/s
Do 7. Jan 20:45:01 CET 2016
Ping: 28.542 ms
Download: 21.35 Mbit/s
Upload: 0.86 Mbit/s
Do 7. Jan 21:45:01 CET 2016
Ping: 28.797 ms
Download: 21.42 Mbit/s
Upload: 0.87 Mbit/s
Do 7. Jan 22:45:01 CET 2016
Ping: 28.748 ms
Download: 21.42 Mbit/s
Upload: 0.87 Mbit/s
Do 7. Jan 23:45:01 CET 2016
Ping: 34.081 ms
Download: 21.42 Mbit/s
Upload: 0.87 Mbit/s
Fr 8. Jan 00:45:01 CET 2016
Ping: 30.099 ms
Download: 21.36 Mbit/s
Upload: 0.87 Mbit/s
Fr 8. Jan 01:45:01 CET 2016
Ping: 31.363 ms
Download: 21.43 Mbit/s
Upload: 0.88 Mbit/s
Fr 8. Jan 02:45:01 CET 2016
Ping: 34.47 ms
Download: 21.39 Mbit/s
Upload: 0.88 Mbit/s
Fr 8. Jan 03:45:01 CET 2016
Ping: 32.158 ms
Download: 19.84 Mbit/s
Upload: 0.87 Mbit/s
Fr 8. Jan 04:45:01 CET 2016
Ping: 29.042 ms
Download: 21.12 Mbit/s
Upload: 0.88 Mbit/s
Fr 8. Jan 05:45:01 CET 2016
Ping: 30.407 ms
Download: 21.23 Mbit/s
Upload: 0.88 Mbit/s
Fr 8. Jan 06:45:01 CET 2016
Ping: 33.855 ms
Download: 21.42 Mbit/s
Upload: 0.88 Mbit/s
Fr 8. Jan 07:45:01 CET 2016
Ping: 33.202 ms
Download: 21.42 Mbit/s
Upload: 0.87 Mbit/s
Fr 8. Jan 08:45:01 CET 2016
Ping: 34.915 ms
Download: 20.71 Mbit/s
Upload: 0.87 Mbit/s
Fr 8. Jan 09:45:01 CET 2016
Ping: 29.656 ms
Download: 20.41 Mbit/s
Upload: 0.88 Mbit/s
Fr 8. Jan 10:45:01 CET 2016
Ping: 32.896 ms
Download: 20.01 Mbit/s
Upload: 0.69 Mbit/s
Fr 8. Jan 11:45:01 CET 2016
Ping: 33.449 ms
Download: 20.43 Mbit/s
Upload: 0.87 Mbit/s
Fr 8. Jan 12:45:01 CET 2016
Ping: 34.101 ms
Download: 19.51 Mbit/s
Upload: 0.77 Mbit/s
Fr 8. Jan 13:45:01 CET 2016
Ping: 28.334 ms
Download: 21.35 Mbit/s
Upload: 0.87 Mbit/s
Fr 8. Jan 14:45:01 CET 2016
Ping: 32.571 ms
Download: 21.33 Mbit/s
Upload: 0.84 Mbit/s
Fr 8. Jan 15:45:01 CET 2016
Ping: 31.837 ms
Download: 21.41 Mbit/s
Upload: 0.88 Mbit/s
Fr 8. Jan 16:45:01 CET 2016
Ping: 31.766 ms
Download: 21.13 Mbit/s
Upload: 0.87 Mbit/s
Fr 8. Jan 17:45:01 CET 2016
Ping: 30.915 ms
Download: 20.93 Mbit/s
Upload: 0.86 Mbit/s
Fr 8. Jan 18:45:01 CET 2016
Ping: 29.142 ms
Download: 21.42 Mbit/s
Upload: 0.88 Mbit/s
Fr 8. Jan 19:45:01 CET 2016
Ping: 28.685 ms
Download: 21.28 Mbit/s
Upload: 0.87 Mbit/s
Fr 8. Jan 20:45:01 CET 2016
Ping: 29.122 ms
Download: 21.45 Mbit/s
Upload: 0.88 Mbit/s
Fr 8. Jan 21:45:01 CET 2016
Ping: 31.384 ms
Download: 21.42 Mbit/s
Upload: 0.88 Mbit/s
Fr 8. Jan 22:45:02 CET 2016
Ping: 29.067 ms
Download: 21.43 Mbit/s
Upload: 0.87 Mbit/s
Fr 8. Jan 23:45:01 CET 2016
Ping: 25.742 ms
Download: 21.42 Mbit/s
Upload: 0.87 Mbit/s
Sa 9. Jan 00:45:01 CET 2016
Ping: 29.709 ms
Download: 21.43 Mbit/s
Upload: 0.88 Mbit/s
Sa 9. Jan 01:45:01 CET 2016
Ping: 30.208 ms
Download: 21.45 Mbit/s
Upload: 0.88 Mbit/s
Sa 9. Jan 02:45:01 CET 2016
Ping: 30.738 ms
Download: 21.45 Mbit/s
Upload: 0.88 Mbit/s
Sa 9. Jan 03:45:01 CET 2016
Ping: 30.078 ms
Download: 21.37 Mbit/s
Upload: 0.88 Mbit/s
Sa 9. Jan 04:45:01 CET 2016
Ping: 32.285 ms
Download: 21.41 Mbit/s
Upload: 0.88 Mbit/s
Sa 9. Jan 05:45:01 CET 2016
Ping: 29.596 ms
Download: 21.39 Mbit/s
Upload: 0.88 Mbit/s
Sa 9. Jan 06:45:01 CET 2016
Ping: 28.913 ms
Download: 21.24 Mbit/s
Upload: 0.88 Mbit/s
Sa 9. Jan 07:45:01 CET 2016
Ping: 33.319 ms
Download: 20.68 Mbit/s
Upload: 0.88 Mbit/s
Sa 9. Jan 08:45:01 CET 2016
Ping: 31.794 ms
Download: 21.35 Mbit/s
Upload: 0.88 Mbit/s
Sa 9. Jan 09:45:01 CET 2016
Ping: 30.046 ms
Download: 19.82 Mbit/s
Upload: 0.81 Mbit/s
Sa 9. Jan 10:45:01 CET 2016
Ping: 32.923 ms
Download: 21.40 Mbit/s
Upload: 0.83 Mbit/s
Sa 9. Jan 11:45:01 CET 2016
Ping: 29.06 ms
Download: 21.38 Mbit/s
Upload: 0.87 Mbit/s
Sa 9. Jan 12:45:01 CET 2016
Ping: 33.172 ms
Download: 21.42 Mbit/s
Upload: 0.87 Mbit/s
Sa 9. Jan 13:45:01 CET 2016
Ping: 30.883 ms
Download: 21.30 Mbit/s
Upload: 0.86 Mbit/s
Sa 9. Jan 14:45:01 CET 2016
Ping: 29.808 ms
Download: 15.48 Mbit/s
Upload: 0.77 Mbit/s
Sa 9. Jan 15:45:01 CET 2016
Ping: 28.696 ms
Download: 21.45 Mbit/s
Upload: 0.88 Mbit/s
Sa 9. Jan 16:45:01 CET 2016
Ping: 29.427 ms
Download: 21.42 Mbit/s
Upload: 0.87 Mbit/s
Sa 9. Jan 17:45:01 CET 2016
Ping: 29.324 ms
Download: 21.34 Mbit/s
Upload: 0.87 Mbit/s
Sa 9. Jan 18:45:01 CET 2016
Ping: 30.46 ms
Download: 21.43 Mbit/s
Upload: 0.87 Mbit/s
Sa 9. Jan 19:45:01 CET 2016
Ping: 31.619 ms
Download: 21.38 Mbit/s
Upload: 0.86 Mbit/s
Sa 9. Jan 20:45:01 CET 2016
Ping: 32.955 ms
Download: 21.42 Mbit/s
Upload: 0.88 Mbit/s
Sa 9. Jan 21:45:02 CET 2016
Ping: 29.71 ms
Download: 21.45 Mbit/s
Upload: 0.88 Mbit/s
Sa 9. Jan 22:45:01 CET 2016
Ping: 30.59 ms
Download: 21.42 Mbit/s
Upload: 0.87 Mbit/s
Sa 9. Jan 23:45:01 CET 2016
Ping: 30.894 ms
Download: 21.42 Mbit/s
Upload: 0.88 Mbit/s
So 10. Jan 00:45:01 CET 2016
Ping: 29.568 ms
Download: 21.38 Mbit/s
Upload: 0.88 Mbit/s
So 10. Jan 01:45:01 CET 2016
Ping: 32.457 ms
Download: 21.39 Mbit/s
Upload: 0.87 Mbit/s
So 10. Jan 02:45:01 CET 2016
Ping: 30.762 ms
Download: 21.45 Mbit/s
Upload: 0.87 Mbit/s
So 10. Jan 03:45:01 CET 2016
Ping: 30.257 ms
Download: 21.38 Mbit/s
Upload: 0.88 Mbit/s
So 10. Jan 04:45:01 CET 2016
Ping: 29.967 ms
Download: 21.42 Mbit/s
Upload: 0.88 Mbit/s
So 10. Jan 05:45:01 CET 2016
Ping: 28.236 ms
Download: 21.42 Mbit/s
Upload: 0.88 Mbit/s
So 10. Jan 06:45:01 CET 2016
Ping: 30.298 ms
Download: 20.38 Mbit/s
Upload: 0.88 Mbit/s
So 10. Jan 07:45:01 CET 2016
Ping: 32.273 ms
Download: 19.81 Mbit/s
Upload: 0.88 Mbit/s
So 10. Jan 08:45:01 CET 2016
Ping: 33.258 ms
Download: 20.63 Mbit/s
Upload: 0.88 Mbit/s
So 10. Jan 09:45:01 CET 2016
Ping: 30.677 ms
Download: 20.29 Mbit/s
Upload: 0.84 Mbit/s
So 10. Jan 10:45:01 CET 2016
Ping: 27.84 ms
Download: 20.65 Mbit/s
Upload: 0.68 Mbit/s
So 10. Jan 11:45:01 CET 2016
Ping: 28.709 ms
Download: 18.75 Mbit/s
Upload: 0.77 Mbit/s
So 10. Jan 12:45:01 CET 2016
Ping: 32.187 ms
Download: 21.45 Mbit/s
Upload: 0.87 Mbit/s
So 10. Jan 13:45:01 CET 2016
Ping: 33.862 ms
Download: 21.44 Mbit/s
Upload: 0.87 Mbit/s
So 10. Jan 14:45:01 CET 2016
Ping: 34.344 ms
Download: 21.30 Mbit/s
Upload: 0.88 Mbit/s
So 10. Jan 15:45:01 CET 2016
Ping: 31.741 ms
Download: 21.39 Mbit/s
Upload: 0.88 Mbit/s
So 10. Jan 16:45:01 CET 2016
Ping: 35.524 ms
Download: 20.45 Mbit/s
Upload: 0.85 Mbit/s
So 10. Jan 17:45:01 CET 2016
Ping: 31.789 ms
Download: 20.38 Mbit/s
Upload: 0.82 Mbit/s
So 10. Jan 18:45:01 CET 2016
Ping: 31.804 ms
Download: 20.74 Mbit/s
Upload: 0.83 Mbit/s
So 10. Jan 19:45:01 CET 2016
Ping: 31.616 ms
Download: 21.42 Mbit/s
Upload: 0.87 Mbit/s
So 10. Jan 20:45:01 CET 2016
Ping: 29.983 ms
Download: 20.99 Mbit/s
Upload: 0.87 Mbit/s
So 10. Jan 21:45:01 CET 2016
Ping: 29.933 ms
Download: 20.37 Mbit/s
Upload: 0.88 Mbit/s
So 10. Jan 22:45:01 CET 2016
Ping: 32.218 ms
Download: 21.41 Mbit/s
Upload: 0.87 Mbit/s
So 10. Jan 23:45:01 CET 2016
Ping: 33.466 ms
Download: 21.38 Mbit/s
Upload: 0.88 Mbit/s
Mo 11. Jan 00:45:01 CET 2016
Ping: 30.184 ms
Download: 21.43 Mbit/s
Upload: 0.88 Mbit/s
Mo 11. Jan 01:45:01 CET 2016
Ping: 31.603 ms
Download: 20.08 Mbit/s
Upload: 0.88 Mbit/s
Mo 11. Jan 02:45:01 CET 2016
Ping: 32.724 ms
Download: 20.14 Mbit/s
Upload: 0.88 Mbit/s
Mo 11. Jan 03:45:01 CET 2016
Ping: 35.248 ms
Download: 21.43 Mbit/s
Upload: 0.87 Mbit/s
Mo 11. Jan 04:45:01 CET 2016
Ping: 33.764 ms
Download: 20.38 Mbit/s
Upload: 0.88 Mbit/s
Mo 11. Jan 05:45:01 CET 2016
Ping: 30.022 ms
Download: 20.01 Mbit/s
Upload: 0.88 Mbit/s
Mo 11. Jan 06:45:01 CET 2016
Ping: 31.0 ms
Download: 21.44 Mbit/s
Upload: 0.88 Mbit/s
Mo 11. Jan 07:45:02 CET 2016
Ping: 29.464 ms
Download: 21.43 Mbit/s
Upload: 0.88 Mbit/s
Mo 11. Jan 08:45:01 CET 2016
Ping: 29.6 ms
Download: 20.22 Mbit/s
Upload: 0.88 Mbit/s
Mo 11. Jan 09:45:01 CET 2016
Ping: 31.101 ms
Download: 20.86 Mbit/s
Upload: 0.85 Mbit/s
Mo 11. Jan 10:45:01 CET 2016
Ping: 31.14 ms
Download: 21.23 Mbit/s
Upload: 0.88 Mbit/s
Mo 11. Jan 11:45:01 CET 2016
Ping: 30.976 ms
Download: 21.36 Mbit/s
Upload: 0.88 Mbit/s
Mo 11. Jan 12:45:01 CET 2016
Ping: 33.002 ms
Download: 21.43 Mbit/s
Upload: 0.88 Mbit/s
Mo 11. Jan 13:45:01 CET 2016
Ping: 28.009 ms
Download: 19.85 Mbit/s
Upload: 0.88 Mbit/s
Mo 11. Jan 14:45:01 CET 2016
Ping: 28.958 ms
Download: 21.42 Mbit/s
Upload: 0.88 Mbit/s
Mo 11. Jan 15:45:01 CET 2016
Ping: 32.843 ms
Download: 21.42 Mbit/s
Upload: 0.88 Mbit/s
Mo 11. Jan 16:45:01 CET 2016
Ping: 28.387 ms
Download: 21.42 Mbit/s
Upload: 0.87 Mbit/s
Mo 11. Jan 17:45:01 CET 2016
Ping: 28.436 ms
Download: 21.42 Mbit/s
Upload: 0.87 Mbit/s
Mo 11. Jan 18:45:01 CET 2016
Ping: 34.655 ms
Download: 21.05 Mbit/s
Upload: 0.85 Mbit/s
Mo 11. Jan 19:45:01 CET 2016
Ping: 33.057 ms
Download: 20.88 Mbit/s
Upload: 0.87 Mbit/s
Mo 11. Jan 20:45:01 CET 2016
Ping: 30.2 ms
Download: 20.41 Mbit/s
Upload: 0.83 Mbit/s
Mo 11. Jan 21:45:01 CET 2016
Ping: 33.441 ms
Download: 21.39 Mbit/s
Upload: 0.88 Mbit/s
Mo 11. Jan 22:45:02 CET 2016
Ping: 31.891 ms
Download: 21.45 Mbit/s
Upload: 0.87 Mbit/s
Mo 11. Jan 23:45:01 CET 2016
Ping: 32.537 ms
Download: 21.43 Mbit/s
Upload: 0.88 Mbit/s
Di 12. Jan 00:45:01 CET 2016
Ping: 31.843 ms
Download: 21.43 Mbit/s
Upload: 0.87 Mbit/s
Di 12. Jan 01:45:01 CET 2016
Ping: 34.5 ms
Download: 21.42 Mbit/s
Upload: 0.87 Mbit/s
Di 12. Jan 02:45:01 CET 2016
Ping: 32.431 ms
Download: 21.42 Mbit/s
Upload: 0.87 Mbit/s
Di 12. Jan 03:45:01 CET 2016
Ping: 30.942 ms
Download: 19.74 Mbit/s
Upload: 0.87 Mbit/s
Di 12. Jan 04:45:01 CET 2016
Ping: 34.147 ms
Download: 21.44 Mbit/s
Upload: 0.87 Mbit/s
Di 12. Jan 05:45:01 CET 2016
Ping: 32.043 ms
Download: 21.42 Mbit/s
Upload: 0.88 Mbit/s
Di 12. Jan 06:45:01 CET 2016
Ping: 30.523 ms
Download: 21.42 Mbit/s
Upload: 0.88 Mbit/s
Di 12. Jan 07:45:01 CET 2016
Ping: 30.89 ms
Download: 21.42 Mbit/s
Upload: 0.88 Mbit/s
Di 12. Jan 08:45:01 CET 2016
Ping: 32.785 ms
Download: 21.42 Mbit/s
Upload: 0.88 Mbit/s
Di 12. Jan 09:45:01 CET 2016
Ping: 34.154 ms
Download: 21.42 Mbit/s
Upload: 0.88 Mbit/s
Di 12. Jan 10:45:01 CET 2016
Ping: 29.157 ms
Download: 20.74 Mbit/s
Upload: 0.72 Mbit/s
Di 12. Jan 11:45:01 CET 2016
Ping: 31.817 ms
Download: 21.29 Mbit/s
Upload: 0.83 Mbit/s
Di 12. Jan 12:45:01 CET 2016
Ping: 34.533 ms
Download: 21.40 Mbit/s
Upload: 0.87 Mbit/s
Di 12. Jan 13:45:01 CET 2016
Ping: 33.641 ms
Download: 21.33 Mbit/s
Upload: 0.87 Mbit/s
Di 12. Jan 14:45:01 CET 2016
Ping: 31.579 ms
Download: 21.45 Mbit/s
Upload: 0.87 Mbit/s
Di 12. Jan 15:45:01 CET 2016
Ping: 26.69 ms
Download: 21.43 Mbit/s
Upload: 0.87 Mbit/s
Di 12. Jan 16:45:01 CET 2016
Ping: 32.02 ms
Download: 21.42 Mbit/s
Upload: 0.88 Mbit/s
Di 12. Jan 17:45:01 CET 2016
Ping: 32.553 ms
Download: 21.16 Mbit/s
Upload: 0.75 Mbit/s
Di 12. Jan 18:45:01 CET 2016
Ping: 34.314 ms
Download: 21.46 Mbit/s
Upload: 0.88 Mbit/s
Di 12. Jan 19:45:01 CET 2016
Ping: 32.552 ms
Download: 21.39 Mbit/s
Upload: 0.87 Mbit/s
Di 12. Jan 20:45:01 CET 2016
Ping: 29.864 ms
Download: 20.87 Mbit/s
Upload: 0.83 Mbit/s
Di 12. Jan 21:45:01 CET 2016
Ping: 33.709 ms
Download: 21.41 Mbit/s
Upload: 0.88 Mbit/s
Di 12. Jan 22:45:01 CET 2016
Ping: 30.623 ms
Download: 21.29 Mbit/s
Upload: 0.83 Mbit/s
Di 12. Jan 23:45:01 CET 2016
Ping: 29.557 ms
Download: 21.36 Mbit/s
Upload: 0.87 Mbit/s
Mi 13. Jan 00:45:01 CET 2016
Ping: 29.056 ms
Download: 21.40 Mbit/s
Upload: 0.88 Mbit/s
Mi 13. Jan 01:45:01 CET 2016
Ping: 31.053 ms
Download: 20.66 Mbit/s
Upload: 0.88 Mbit/s
Mi 13. Jan 02:45:01 CET 2016
Ping: 31.88 ms
Download: 21.42 Mbit/s
Upload: 0.87 Mbit/s
Mi 13. Jan 03:45:01 CET 2016
Ping: 34.735 ms
Download: 21.41 Mbit/s
Upload: 0.87 Mbit/s
Mi 13. Jan 04:45:01 CET 2016
Ping: 28.816 ms
Download: 21.41 Mbit/s
Upload: 0.87 Mbit/s
Mi 13. Jan 05:45:01 CET 2016
Ping: 31.522 ms
Download: 21.42 Mbit/s
Upload: 0.87 Mbit/s
Mi 13. Jan 06:45:01 CET 2016
Ping: 31.872 ms
Download: 21.45 Mbit/s
Upload: 0.85 Mbit/s
Mi 13. Jan 07:45:01 CET 2016
Ping: 31.626 ms
Download: 21.46 Mbit/s
Upload: 0.88 Mbit/s
Mi 13. Jan 08:45:01 CET 2016
Ping: 31.129 ms
Download: 21.42 Mbit/s
Upload: 0.88 Mbit/s
Mi 13. Jan 09:45:01 CET 2016
Ping: 30.276 ms
Download: 21.45 Mbit/s
Upload: 0.87 Mbit/s
Mi 13. Jan 10:45:01 CET 2016
Ping: 28.481 ms
Download: 21.42 Mbit/s
Upload: 0.87 Mbit/s
Mi 13. Jan 11:45:01 CET 2016
Ping: 33.007 ms
Download: 21.45 Mbit/s
Upload: 0.87 Mbit/s
Mi 13. Jan 12:45:01 CET 2016
Ping: 28.331 ms
Download: 21.46 Mbit/s
Upload: 0.87 Mbit/s
Mi 13. Jan 13:45:01 CET 2016
Ping: 28.893 ms
Download: 21.34 Mbit/s
Upload: 0.87 Mbit/s
Mi 13. Jan 14:45:01 CET 2016
Ping: 30.7 ms
Download: 21.34 Mbit/s
Upload: 0.86 Mbit/s
Mi 13. Jan 15:45:01 CET 2016
Ping: 30.465 ms
Download: 19.46 Mbit/s
Upload: 0.79 Mbit/s
Mi 13. Jan 16:45:01 CET 2016
Ping: 30.199 ms
Download: 21.42 Mbit/s
Upload: 0.84 Mbit/s
Mi 13. Jan 17:45:01 CET 2016
Ping: 30.932 ms
Download: 21.38 Mbit/s
Upload: 0.87 Mbit/s
Mi 13. Jan 18:45:01 CET 2016
Ping: 29.5 ms
Download: 21.33 Mbit/s
Upload: 0.74 Mbit/s
Mi 13. Jan 19:45:01 CET 2016
Ping: 28.98 ms
Download: 20.38 Mbit/s
Upload: 0.82 Mbit/s
Mi 13. Jan 20:45:01 CET 2016
Ping: 31.605 ms
Download: 19.99 Mbit/s
Upload: 0.84 Mbit/s
Mi 13. Jan 21:45:01 CET 2016
Ping: 33.302 ms
Download: 21.43 Mbit/s
Upload: 0.88 Mbit/s
Mi 13. Jan 22:45:01 CET 2016
Ping: 28.66 ms
Download: 21.13 Mbit/s
Upload: 0.87 Mbit/s
Mi 13. Jan 23:45:01 CET 2016
Ping: 30.806 ms
Download: 21.40 Mbit/s
Upload: 0.88 Mbit/s
Do 14. Jan 00:45:01 CET 2016
Ping: 31.172 ms
Download: 21.46 Mbit/s
Upload: 0.87 Mbit/s
Do 14. Jan 01:45:01 CET 2016
Ping: 31.952 ms
Download: 21.46 Mbit/s
Upload: 0.87 Mbit/s
Do 14. Jan 02:45:01 CET 2016
Ping: 31.076 ms
Download: 21.34 Mbit/s
Upload: 0.88 Mbit/s
Do 14. Jan 03:45:01 CET 2016
Ping: 29.882 ms
Download: 21.45 Mbit/s
Upload: 0.88 Mbit/s
Do 14. Jan 04:45:01 CET 2016
Ping: 33.068 ms
Download: 20.16 Mbit/s
Upload: 0.88 Mbit/s
Do 14. Jan 05:45:01 CET 2016
Ping: 29.421 ms
Download: 21.42 Mbit/s
Upload: 0.88 Mbit/s
Do 14. Jan 06:45:01 CET 2016
Ping: 31.362 ms
Download: 21.22 Mbit/s
Upload: 0.88 Mbit/s
Do 14. Jan 07:45:01 CET 2016
Ping: 30.321 ms
Download: 21.40 Mbit/s
Upload: 0.85 Mbit/s
Do 14. Jan 08:45:01 CET 2016
Ping: 33.012 ms
Download: 21.08 Mbit/s
Upload: 0.80 Mbit/s
Do 14. Jan 09:45:01 CET 2016
Ping: 29.047 ms
Download: 21.42 Mbit/s
Upload: 0.85 Mbit/s
Do 14. Jan 10:45:01 CET 2016
Ping: 35.018 ms
Download: 21.39 Mbit/s
Upload: 0.88 Mbit/s
Do 14. Jan 11:45:01 CET 2016
Ping: 28.23 ms
Download: 21.17 Mbit/s
Upload: 0.88 Mbit/s
Do 14. Jan 12:45:01 CET 2016
Ping: 34.166 ms
Download: 20.74 Mbit/s
Upload: 0.68 Mbit/s
Do 14. Jan 13:45:01 CET 2016
Ping: 32.699 ms
Download: 21.43 Mbit/s
Upload: 0.88 Mbit/s
Do 14. Jan 14:45:01 CET 2016
Ping: 28.04 ms
Download: 21.42 Mbit/s
Upload: 0.88 Mbit/s
Do 14. Jan 15:45:01 CET 2016
Ping: 30.481 ms
Download: 19.27 Mbit/s
Upload: 0.84 Mbit/s
Do 14. Jan 16:45:01 CET 2016
Ping: 32.68 ms
Download: 21.41 Mbit/s
Upload: 0.87 Mbit/s
Do 14. Jan 17:45:01 CET 2016
Ping: 38.23 ms
Download: 21.42 Mbit/s
Upload: 0.88 Mbit/s
Do 14. Jan 18:45:01 CET 2016
Ping: 29.4 ms
Download: 21.43 Mbit/s
Upload: 0.86 Mbit/s
Do 14. Jan 19:45:01 CET 2016
Ping: 35.025 ms
Download: 21.42 Mbit/s
Upload: 0.87 Mbit/s
Do 14. Jan 20:45:01 CET 2016
Ping: 33.063 ms
Download: 21.39 Mbit/s
Upload: 0.87 Mbit/s
Do 14. Jan 21:45:01 CET 2016
Ping: 29.01 ms
Download: 21.38 Mbit/s
Upload: 0.87 Mbit/s
Do 14. Jan 22:45:01 CET 2016
Ping: 32.941 ms
Download: 21.39 Mbit/s
Upload: 0.84 Mbit/s
Do 14. Jan 23:45:01 CET 2016
Ping: 27.93 ms
Download: 20.71 Mbit/s
Upload: 0.85 Mbit/s
Fr 15. Jan 00:45:01 CET 2016
Ping: 32.538 ms
Download: 21.46 Mbit/s
Upload: 0.88 Mbit/s
Fr 15. Jan 01:45:01 CET 2016
Ping: 33.082 ms
Download: 21.40 Mbit/s
Upload: 0.87 Mbit/s
Fr 15. Jan 02:45:01 CET 2016
Ping: 31.725 ms
Download: 21.42 Mbit/s
Upload: 0.87 Mbit/s
Fr 15. Jan 03:45:01 CET 2016
Ping: 35.215 ms
Download: 21.45 Mbit/s
Upload: 0.87 Mbit/s
Fr 15. Jan 04:45:01 CET 2016
Ping: 29.523 ms
Download: 19.94 Mbit/s
Upload: 0.88 Mbit/s
Fr 15. Jan 05:45:01 CET 2016
Ping: 33.553 ms
Download: 21.45 Mbit/s
Upload: 0.88 Mbit/s
Fr 15. Jan 06:45:01 CET 2016
Ping: 30.996 ms
Download: 21.42 Mbit/s
Upload: 0.88 Mbit/s
Fr 15. Jan 07:45:01 CET 2016
Ping: 33.072 ms
Download: 21.44 Mbit/s
Upload: 0.87 Mbit/s
Fr 15. Jan 08:45:01 CET 2016
Ping: 32.475 ms
Download: 20.44 Mbit/s
Upload: 0.88 Mbit/s
Fr 15. Jan 09:45:01 CET 2016
Ping: 28.071 ms
Download: 19.32 Mbit/s
Upload: 0.88 Mbit/s
Fr 15. Jan 10:45:01 CET 2016
Ping: 32.006 ms
Download: 21.45 Mbit/s
Upload: 0.87 Mbit/s
Fr 15. Jan 11:45:01 CET 2016
Ping: 31.918 ms
Download: 21.43 Mbit/s
Upload: 0.88 Mbit/s
Fr 15. Jan 12:45:01 CET 2016
Ping: 32.341 ms
Download: 21.42 Mbit/s
Upload: 0.87 Mbit/s
Fr 15. Jan 13:45:02 CET 2016
Ping: 30.669 ms
Download: 21.39 Mbit/s
Upload: 0.87 Mbit/s
Fr 15. Jan 14:45:02 CET 2016
Ping: 32.953 ms
Download: 21.45 Mbit/s
Upload: 0.88 Mbit/s
Fr 15. Jan 15:45:01 CET 2016
Ping: 31.729 ms
Download: 21.45 Mbit/s
Upload: 0.87 Mbit/s
Fr 15. Jan 16:45:01 CET 2016
Ping: 35.476 ms
Download: 19.56 Mbit/s
Upload: 0.48 Mbit/s
Fr 15. Jan 17:45:01 CET 2016
Ping: 30.739 ms
Download: 20.79 Mbit/s
Upload: 0.88 Mbit/s
Fr 15. Jan 18:45:01 CET 2016
Ping: 30.503 ms
Download: 21.38 Mbit/s
Upload: 0.88 Mbit/s
Fr 15. Jan 19:45:02 CET 2016
Ping: 29.571 ms
Download: 21.42 Mbit/s
Upload: 0.86 Mbit/s
Fr 15. Jan 20:45:01 CET 2016
Ping: 29.039 ms
Download: 20.33 Mbit/s
Upload: 0.83 Mbit/s
Fr 15. Jan 21:45:01 CET 2016
Ping: 29.361 ms
Download: 21.42 Mbit/s
Upload: 0.85 Mbit/s
Fr 15. Jan 22:45:01 CET 2016
Ping: 31.76 ms
Download: 20.73 Mbit/s
Upload: 0.86 Mbit/s
Fr 15. Jan 23:45:02 CET 2016
Ping: 30.159 ms
Download: 21.35 Mbit/s
Upload: 0.85 Mbit/s
Sa 16. Jan 00:45:01 CET 2016
Ping: 33.185 ms
Download: 21.39 Mbit/s
Upload: 0.88 Mbit/s
Sa 16. Jan 01:45:01 CET 2016
Ping: 33.329 ms
Download: 21.13 Mbit/s
Upload: 0.88 Mbit/s
Sa 16. Jan 02:45:01 CET 2016
Ping: 30.55 ms
Download: 21.43 Mbit/s
Upload: 0.88 Mbit/s
Sa 16. Jan 03:45:01 CET 2016
Ping: 31.642 ms
Download: 20.20 Mbit/s
Upload: 0.87 Mbit/s
Sa 16. Jan 04:45:01 CET 2016
Ping: 28.316 ms
Download: 21.42 Mbit/s
Upload: 0.87 Mbit/s
Sa 16. Jan 05:45:01 CET 2016
Ping: 29.271 ms
Download: 21.29 Mbit/s
Upload: 0.87 Mbit/s
Sa 16. Jan 06:45:01 CET 2016
Ping: 30.648 ms
Download: 21.42 Mbit/s
Upload: 0.87 Mbit/s
Sa 16. Jan 07:45:01 CET 2016
Ping: 32.036 ms
Download: 19.83 Mbit/s
Upload: 0.88 Mbit/s
Sa 16. Jan 08:45:01 CET 2016
Ping: 32.716 ms
Download: 21.37 Mbit/s
Upload: 0.84 Mbit/s
Sa 16. Jan 09:45:01 CET 2016
Ping: 33.376 ms
Download: 21.39 Mbit/s
Upload: 0.87 Mbit/s
Sa 16. Jan 10:45:01 CET 2016
Ping: 28.683 ms
Download: 21.32 Mbit/s
Upload: 0.87 Mbit/s
Sa 16. Jan 11:45:01 CET 2016
Ping: 28.594 ms
Download: 21.45 Mbit/s
Upload: 0.87 Mbit/s
Sa 16. Jan 12:45:02 CET 2016
Ping: 30.689 ms
Download: 21.31 Mbit/s
Upload: 0.88 Mbit/s
Sa 16. Jan 13:45:01 CET 2016
Ping: 31.81 ms
Download: 21.33 Mbit/s
Upload: 0.87 Mbit/s
Sa 16. Jan 14:45:01 CET 2016
Ping: 30.446 ms
Download: 21.43 Mbit/s
Upload: 0.88 Mbit/s
Sa 16. Jan 15:45:01 CET 2016
Ping: 35.288 ms
Download: 21.42 Mbit/s
Upload: 0.87 Mbit/s
Sa 16. Jan 16:45:01 CET 2016
Ping: 34.241 ms
Download: 21.30 Mbit/s
Upload: 0.88 Mbit/s
Sa 16. Jan 17:45:01 CET 2016
Ping: 29.889 ms
Download: 20.43 Mbit/s
Upload: 0.64 Mbit/s
Sa 16. Jan 18:45:01 CET 2016
Ping: 33.07 ms
Download: 21.33 Mbit/s
Upload: 0.59 Mbit/s
Sa 16. Jan 19:45:01 CET 2016
Ping: 27.712 ms
Download: 20.33 Mbit/s
Upload: 0.84 Mbit/s
Sa 16. Jan 20:45:01 CET 2016
Ping: 32.545 ms
Download: 21.42 Mbit/s
Upload: 0.87 Mbit/s
Sa 16. Jan 21:45:01 CET 2016
Ping: 31.479 ms
Download: 21.33 Mbit/s
Upload: 0.87 Mbit/s
Sa 16. Jan 22:45:01 CET 2016
Ping: 33.562 ms
Download: 21.15 Mbit/s
Upload: 0.87 Mbit/s
Sa 16. Jan 23:45:01 CET 2016
Ping: 32.263 ms
Download: 20.71 Mbit/s
Upload: 0.88 Mbit/s
So 17. Jan 00:45:01 CET 2016
Ping: 30.43 ms
Download: 20.14 Mbit/s
Upload: 0.87 Mbit/s
So 17. Jan 01:45:01 CET 2016
Ping: 30.299 ms
Download: 21.42 Mbit/s
Upload: 0.87 Mbit/s
So 17. Jan 02:45:02 CET 2016
Ping: 22.574 ms
Download: 20.30 Mbit/s
Upload: 0.87 Mbit/s
So 17. Jan 03:45:01 CET 2016
Ping: 31.009 ms
Download: 21.22 Mbit/s
Upload: 0.87 Mbit/s
So 17. Jan 04:45:01 CET 2016
Ping: 33.865 ms
Download: 21.39 Mbit/s
Upload: 0.87 Mbit/s
So 17. Jan 05:45:01 CET 2016
Ping: 29.406 ms
Download: 21.45 Mbit/s
Upload: 0.87 Mbit/s
So 17. Jan 06:45:01 CET 2016
Ping: 29.825 ms
Download: 21.42 Mbit/s
Upload: 0.88 Mbit/s
So 17. Jan 07:45:01 CET 2016
Ping: 31.019 ms
Download: 19.20 Mbit/s
Upload: 0.88 Mbit/s
So 17. Jan 08:45:01 CET 2016
Ping: 23.567 ms
Download: 21.45 Mbit/s
Upload: 0.75 Mbit/s
So 17. Jan 09:45:01 CET 2016
Ping: 31.723 ms
Download: 21.42 Mbit/s
Upload: 0.87 Mbit/s
So 17. Jan 10:45:01 CET 2016
Ping: 33.326 ms
Download: 21.42 Mbit/s
Upload: 0.87 Mbit/s
So 17. Jan 11:45:01 CET 2016
Ping: 33.062 ms
Download: 21.42 Mbit/s
Upload: 0.87 Mbit/s
So 17. Jan 12:45:01 CET 2016
Ping: 33.047 ms
Download: 21.38 Mbit/s
Upload: 0.88 Mbit/s
So 17. Jan 13:45:01 CET 2016
Ping: 33.842 ms
Download: 21.45 Mbit/s
Upload: 0.88 Mbit/s
So 17. Jan 14:45:01 CET 2016
Ping: 26.536 ms
Download: 21.43 Mbit/s
Upload: 0.88 Mbit/s
So 17. Jan 15:45:01 CET 2016
Ping: 34.774 ms
Download: 21.42 Mbit/s
Upload: 0.84 Mbit/s
So 17. Jan 16:45:01 CET 2016
Ping: 25.783 ms
Download: 21.40 Mbit/s
Upload: 0.88 Mbit/s
So 17. Jan 17:45:01 CET 2016
Ping: 34.398 ms
Download: 21.41 Mbit/s
Upload: 0.87 Mbit/s
So 17. Jan 18:45:01 CET 2016
Ping: 30.96 ms
Download: 21.39 Mbit/s
Upload: 0.87 Mbit/s
So 17. Jan 19:45:01 CET 2016
Ping: 33.35 ms
Download: 21.39 Mbit/s
Upload: 0.88 Mbit/s
So 17. Jan 20:45:01 CET 2016
Ping: 29.829 ms
Download: 21.30 Mbit/s
Upload: 0.85 Mbit/s
So 17. Jan 21:45:01 CET 2016
Ping: 32.019 ms
Download: 19.73 Mbit/s
Upload: 0.74 Mbit/s
So 17. Jan 22:45:01 CET 2016
Ping: 33.07 ms
Download: 15.90 Mbit/s
Upload: 0.67 Mbit/s
So 17. Jan 23:45:01 CET 2016
Ping: 29.401 ms
Download: 20.06 Mbit/s
Upload: 0.82 Mbit/s
Mo 18. Jan 00:45:01 CET 2016
Ping: 33.484 ms
Download: 21.60 Mbit/s
Upload: 0.59 Mbit/s
Mo 18. Jan 01:45:01 CET 2016
Ping: 35.464 ms
Download: 21.43 Mbit/s
Upload: 0.88 Mbit/s
Mo 18. Jan 02:45:01 CET 2016
Ping: 31.404 ms
Download: 21.21 Mbit/s
Upload: 0.88 Mbit/s
Mo 18. Jan 03:45:01 CET 2016
Ping: 28.832 ms
Download: 21.45 Mbit/s
Upload: 0.87 Mbit/s
Mo 18. Jan 04:45:01 CET 2016
Ping: 32.458 ms
Download: 21.42 Mbit/s
Upload: 0.88 Mbit/s
Mo 18. Jan 05:45:01 CET 2016
Ping: 30.829 ms
Download: 20.73 Mbit/s
Upload: 0.88 Mbit/s
Mo 18. Jan 06:45:01 CET 2016
Ping: 30.115 ms
Download: 21.42 Mbit/s
Upload: 0.87 Mbit/s
Mo 18. Jan 07:45:01 CET 2016
Ping: 29.068 ms
Download: 21.43 Mbit/s
Upload: 0.87 Mbit/s
Mo 18. Jan 08:45:01 CET 2016
Ping: 30.81 ms
Download: 21.42 Mbit/s
Upload: 0.87 Mbit/s
Mo 18. Jan 09:45:01 CET 2016
Ping: 29.12 ms
Download: 21.42 Mbit/s
Upload: 0.88 Mbit/s
Mo 18. Jan 10:45:01 CET 2016
Ping: 32.828 ms
Download: 21.38 Mbit/s
Upload: 0.85 Mbit/s
Mo 18. Jan 11:45:01 CET 2016
Ping: 33.195 ms
Download: 21.35 Mbit/s
Upload: 0.78 Mbit/s
Mo 18. Jan 12:45:01 CET 2016
Ping: 31.135 ms
Download: 21.20 Mbit/s
Upload: 0.76 Mbit/s
Mo 18. Jan 13:45:01 CET 2016
Ping: 33.857 ms
Download: 21.16 Mbit/s
Upload: 0.87 Mbit/s
Mo 18. Jan 14:45:01 CET 2016
Ping: 32.505 ms
Download: 20.78 Mbit/s
Upload: 0.76 Mbit/s
Mo 18. Jan 15:45:02 CET 2016
Ping: 33.331 ms
Download: 20.30 Mbit/s
Upload: 0.83 Mbit/s
Mo 18. Jan 16:45:01 CET 2016
Ping: 34.874 ms
Download: 21.63 Mbit/s
Upload: 0.56 Mbit/s
Mo 18. Jan 17:45:01 CET 2016
Ping: 33.74 ms
Download: 21.33 Mbit/s
Upload: 0.78 Mbit/s
Mo 18. Jan 18:45:01 CET 2016
Ping: 33.099 ms
Download: 20.95 Mbit/s
Upload: 0.88 Mbit/s
Mo 18. Jan 19:45:01 CET 2016
Ping: 28.644 ms
Download: 21.42 Mbit/s
Upload: 0.62 Mbit/s
Mo 18. Jan 20:45:02 CET 2016
Ping: 36.563 ms
Download: 21.42 Mbit/s
Upload: 0.87 Mbit/s
Mo 18. Jan 21:45:01 CET 2016
Ping: 30.115 ms
Download: 20.33 Mbit/s
Upload: 0.85 Mbit/s
Mo 18. Jan 22:45:01 CET 2016
Ping: 31.4 ms
Download: 21.29 Mbit/s
Upload: 0.88 Mbit/s
Mo 18. Jan 23:45:01 CET 2016
Ping: 30.38 ms
Download: 21.42 Mbit/s
Upload: 0.87 Mbit/s
Di 19. Jan 00:45:01 CET 2016
Ping: 28.18 ms
Download: 18.85 Mbit/s
Upload: 0.88 Mbit/s
Di 19. Jan 01:45:01 CET 2016
Ping: 31.273 ms
Download: 19.20 Mbit/s
Upload: 0.85 Mbit/s
Di 19. Jan 02:45:01 CET 2016
Ping: 27.587 ms
Download: 21.39 Mbit/s
Upload: 0.87 Mbit/s
Di 19. Jan 03:45:01 CET 2016
Ping: 28.492 ms
Download: 20.25 Mbit/s
Upload: 0.88 Mbit/s
Di 19. Jan 04:45:01 CET 2016
Ping: 30.765 ms
Download: 21.36 Mbit/s
Upload: 0.88 Mbit/s
Di 19. Jan 05:45:01 CET 2016
Ping: 35.214 ms
Download: 21.43 Mbit/s
Upload: 0.88 Mbit/s
Di 19. Jan 06:45:01 CET 2016
Ping: 29.831 ms
Download: 21.43 Mbit/s
Upload: 0.87 Mbit/s
Di 19. Jan 07:45:02 CET 2016
Ping: 31.511 ms
Download: 21.42 Mbit/s
Upload: 0.87 Mbit/s
Di 19. Jan 08:45:01 CET 2016
Ping: 32.595 ms
Download: 21.46 Mbit/s
Upload: 0.88 Mbit/s
Di 19. Jan 09:45:01 CET 2016
Ping: 31.949 ms
Download: 21.34 Mbit/s
Upload: 0.87 Mbit/s
Di 19. Jan 10:45:01 CET 2016
Ping: 33.402 ms
Download: 21.42 Mbit/s
Upload: 0.87 Mbit/s
Di 19. Jan 11:45:01 CET 2016
Ping: 31.585 ms
Download: 21.42 Mbit/s
Upload: 0.88 Mbit/s
Di 19. Jan 12:45:01 CET 2016
Ping: 30.401 ms
Download: 21.37 Mbit/s
Upload: 0.87 Mbit/s
Di 19. Jan 13:45:01 CET 2016
Ping: 29.08 ms
Download: 21.42 Mbit/s
Upload: 0.87 Mbit/s
Di 19. Jan 14:45:01 CET 2016
Ping: 29.501 ms
Download: 21.43 Mbit/s
Upload: 0.88 Mbit/s
Di 19. Jan 15:45:01 CET 2016
Ping: 34.08 ms
Download: 21.30 Mbit/s
Upload: 0.83 Mbit/s
Di 19. Jan 16:45:02 CET 2016
Ping: 28.436 ms
Download: 21.42 Mbit/s
Upload: 0.88 Mbit/s
Di 19. Jan 17:45:01 CET 2016
Ping: 33.665 ms
Download: 21.45 Mbit/s
Upload: 0.87 Mbit/s
Di 19. Jan 18:45:01 CET 2016
Ping: 34.716 ms
Download: 21.39 Mbit/s
Upload: 0.87 Mbit/s
Di 19. Jan 19:45:01 CET 2016
Ping: 30.783 ms
Download: 21.33 Mbit/s
Upload: 0.87 Mbit/s
Di 19. Jan 20:45:01 CET 2016
Ping: 30.79 ms
Download: 20.58 Mbit/s
Upload: 0.84 Mbit/s
Di 19. Jan 21:45:01 CET 2016
Ping: 29.48 ms
Download: 20.57 Mbit/s
Upload: 0.87 Mbit/s
Di 19. Jan 22:45:01 CET 2016
Ping: 32.994 ms
Download: 21.22 Mbit/s
Upload: 0.87 Mbit/s
Di 19. Jan 23:45:01 CET 2016
Ping: 33.636 ms
Download: 21.43 Mbit/s
Upload: 0.87 Mbit/s
Mi 20. Jan 00:45:01 CET 2016
Ping: 31.29 ms
Download: 21.42 Mbit/s
Upload: 0.88 Mbit/s
Mi 20. Jan 01:45:01 CET 2016
Ping: 34.539 ms
Download: 21.44 Mbit/s
Upload: 0.88 Mbit/s
Mi 20. Jan 02:45:01 CET 2016
Ping: 30.274 ms
Download: 21.42 Mbit/s
Upload: 0.87 Mbit/s
Mi 20. Jan 03:45:01 CET 2016
Ping: 30.413 ms
Download: 21.30 Mbit/s
Upload: 0.88 Mbit/s
Mi 20. Jan 04:45:01 CET 2016
Ping: 28.624 ms
Download: 21.42 Mbit/s
Upload: 0.87 Mbit/s
Mi 20. Jan 05:45:01 CET 2016
Ping: 33.607 ms
Download: 21.42 Mbit/s
Upload: 0.87 Mbit/s
Mi 20. Jan 06:45:01 CET 2016
Ping: 32.108 ms
Download: 21.42 Mbit/s
Upload: 0.88 Mbit/s
Mi 20. Jan 07:45:01 CET 2016
Ping: 31.325 ms
Download: 21.42 Mbit/s
Upload: 0.87 Mbit/s
Mi 20. Jan 08:45:01 CET 2016
Ping: 31.795 ms
Download: 21.45 Mbit/s
Upload: 0.88 Mbit/s
Mi 20. Jan 09:45:01 CET 2016
Ping: 32.252 ms
Download: 21.33 Mbit/s
Upload: 0.88 Mbit/s
Mi 20. Jan 10:45:01 CET 2016
Ping: 30.808 ms
Download: 21.44 Mbit/s
Upload: 0.87 Mbit/s
Mi 20. Jan 11:45:01 CET 2016
Ping: 29.073 ms
Download: 21.41 Mbit/s
Upload: 0.87 Mbit/s
Mi 20. Jan 12:45:01 CET 2016
Ping: 33.784 ms
Download: 21.42 Mbit/s
Upload: 0.80 Mbit/s
Mi 20. Jan 13:45:01 CET 2016
Ping: 37.632 ms
Download: 21.30 Mbit/s
Upload: 0.87 Mbit/s
Mi 20. Jan 14:45:01 CET 2016
Ping: 30.929 ms
Download: 21.44 Mbit/s
Upload: 0.84 Mbit/s
Mi 20. Jan 15:45:02 CET 2016
Ping: 30.513 ms
Download: 20.52 Mbit/s
Upload: 0.85 Mbit/s
Mi 20. Jan 16:45:01 CET 2016
Ping: 30.922 ms
Download: 21.04 Mbit/s
Upload: 0.63 Mbit/s
Mi 20. Jan 17:45:01 CET 2016
Ping: 33.038 ms
Download: 20.37 Mbit/s
Upload: 0.53 Mbit/s
Mi 20. Jan 18:45:01 CET 2016
Ping: 29.539 ms
Download: 21.42 Mbit/s
Upload: 0.88 Mbit/s
Mi 20. Jan 19:45:01 CET 2016
Ping: 33.813 ms
Download: 20.63 Mbit/s
Upload: 0.84 Mbit/s
Mi 20. Jan 20:45:01 CET 2016
Ping: 30.567 ms
Download: 21.42 Mbit/s
Upload: 0.88 Mbit/s
Mi 20. Jan 21:45:01 CET 2016
Ping: 29.058 ms
Download: 21.00 Mbit/s
Upload: 0.81 Mbit/s
Mi 20. Jan 22:45:01 CET 2016
Ping: 28.334 ms
Download: 21.42 Mbit/s
Upload: 0.87 Mbit/s
Mi 20. Jan 23:45:01 CET 2016
Ping: 31.461 ms
Download: 19.96 Mbit/s
Upload: 0.88 Mbit/s
Do 21. Jan 00:45:01 CET 2016
Ping: 31.423 ms
Download: 21.42 Mbit/s
Upload: 0.87 Mbit/s
Do 21. Jan 01:45:01 CET 2016
Ping: 29.506 ms
Download: 21.44 Mbit/s
Upload: 0.88 Mbit/s
Do 21. Jan 02:45:01 CET 2016
Ping: 28.835 ms
Download: 21.21 Mbit/s
Upload: 0.87 Mbit/s
Do 21. Jan 03:45:01 CET 2016
Ping: 31.952 ms
Download: 21.45 Mbit/s
Upload: 0.87 Mbit/s
Do 21. Jan 04:45:01 CET 2016
Ping: 29.466 ms
Download: 21.42 Mbit/s
Upload: 0.88 Mbit/s
Do 21. Jan 05:45:01 CET 2016
Ping: 33.344 ms
Download: 21.45 Mbit/s
Upload: 0.88 Mbit/s
Do 21. Jan 06:45:01 CET 2016
Ping: 27.073 ms
Download: 21.36 Mbit/s
Upload: 0.87 Mbit/s
Do 21. Jan 07:45:01 CET 2016
Ping: 30.952 ms
Download: 21.39 Mbit/s
Upload: 0.86 Mbit/s
Do 21. Jan 08:45:01 CET 2016
Ping: 31.954 ms
Download: 21.45 Mbit/s
Upload: 0.87 Mbit/s
Do 21. Jan 09:45:01 CET 2016
Ping: 32.181 ms
Download: 21.38 Mbit/s
Upload: 0.86 Mbit/s
Do 21. Jan 10:45:01 CET 2016
Ping: 32.337 ms
Download: 21.43 Mbit/s
Upload: 0.87 Mbit/s
Do 21. Jan 11:45:01 CET 2016
Ping: 31.099 ms
Download: 20.30 Mbit/s
Upload: 0.87 Mbit/s
Do 21. Jan 12:45:01 CET 2016
Ping: 30.487 ms
Download: 21.43 Mbit/s
Upload: 0.88 Mbit/s
Do 21. Jan 13:45:01 CET 2016
Ping: 29.325 ms
Download: 20.25 Mbit/s
Upload: 0.85 Mbit/s
Do 21. Jan 14:45:01 CET 2016
Ping: 32.917 ms
Download: 21.43 Mbit/s
Upload: 0.88 Mbit/s
Do 21. Jan 15:45:01 CET 2016
Ping: 31.47 ms
Download: 21.43 Mbit/s
Upload: 0.88 Mbit/s
Do 21. Jan 16:45:01 CET 2016
Ping: 35.373 ms
Download: 21.34 Mbit/s
Upload: 0.88 Mbit/s
Do 21. Jan 17:45:01 CET 2016
Ping: 30.641 ms
Download: 21.42 Mbit/s
Upload: 0.87 Mbit/s
Do 21. Jan 18:45:01 CET 2016
Ping: 30.08 ms
Download: 20.96 Mbit/s
Upload: 0.86 Mbit/s
Do 21. Jan 19:45:01 CET 2016
Ping: 27.888 ms
Download: 20.84 Mbit/s
Upload: 0.87 Mbit/s
Do 21. Jan 20:45:01 CET 2016
Ping: 33.486 ms
Download: 20.62 Mbit/s
Upload: 0.84 Mbit/s
Do 21. Jan 21:45:01 CET 2016
Ping: 29.728 ms
Download: 21.12 Mbit/s
Upload: 0.85 Mbit/s
Do 21. Jan 22:45:01 CET 2016
Ping: 31.264 ms
Download: 21.45 Mbit/s
Upload: 0.86 Mbit/s
Do 21. Jan 23:45:01 CET 2016
Ping: 29.484 ms
Download: 21.42 Mbit/s
Upload: 0.87 Mbit/s
Fr 22. Jan 00:45:01 CET 2016
Ping: 31.699 ms
Download: 21.45 Mbit/s
Upload: 0.87 Mbit/s
Fr 22. Jan 01:45:01 CET 2016
Ping: 31.145 ms
Download: 21.45 Mbit/s
Upload: 0.88 Mbit/s
Fr 22. Jan 02:45:01 CET 2016
Ping: 29.981 ms
Download: 21.39 Mbit/s
Upload: 0.88 Mbit/s
Fr 22. Jan 03:45:01 CET 2016
Ping: 30.999 ms
Download: 21.43 Mbit/s
Upload: 0.88 Mbit/s
Fr 22. Jan 04:45:01 CET 2016
Ping: 29.873 ms
Download: 21.42 Mbit/s
Upload: 0.89 Mbit/s
Fr 22. Jan 05:45:01 CET 2016
Ping: 32.211 ms
Download: 21.42 Mbit/s
Upload: 0.84 Mbit/s
Fr 22. Jan 06:45:01 CET 2016
Ping: 31.387 ms
Download: 21.45 Mbit/s
Upload: 0.87 Mbit/s
Fr 22. Jan 07:45:01 CET 2016
Ping: 27.116 ms
Download: 21.45 Mbit/s
Upload: 0.88 Mbit/s
Fr 22. Jan 08:45:01 CET 2016
Ping: 30.185 ms
Download: 21.45 Mbit/s
Upload: 0.88 Mbit/s
Fr 22. Jan 09:45:01 CET 2016
Ping: 32.411 ms
Download: 20.33 Mbit/s
Upload: 0.83 Mbit/s
Fr 22. Jan 10:45:01 CET 2016
Ping: 30.021 ms
Download: 20.88 Mbit/s
Upload: 0.85 Mbit/s
Fr 22. Jan 11:45:02 CET 2016
Ping: 34.448 ms
Download: 20.96 Mbit/s
Upload: 0.84 Mbit/s
Fr 22. Jan 12:45:02 CET 2016
Ping: 30.873 ms
Download: 20.87 Mbit/s
Upload: 0.85 Mbit/s
Fr 22. Jan 13:45:01 CET 2016
Ping: 27.788 ms
Download: 21.01 Mbit/s
Upload: 0.81 Mbit/s
Fr 22. Jan 14:45:01 CET 2016
Ping: 28.512 ms
Download: 21.42 Mbit/s
Upload: 0.86 Mbit/s
Fr 22. Jan 15:45:01 CET 2016
Ping: 29.795 ms
Download: 21.45 Mbit/s
Upload: 0.86 Mbit/s
Fr 22. Jan 16:45:02 CET 2016
Ping: 31.692 ms
Download: 21.04 Mbit/s
Upload: 0.76 Mbit/s
Fr 22. Jan 17:45:01 CET 2016
Ping: 29.992 ms
Download: 20.43 Mbit/s
Upload: 0.79 Mbit/s
Fr 22. Jan 18:45:01 CET 2016
Ping: 29.888 ms
Download: 21.36 Mbit/s
Upload: 0.87 Mbit/s
Fr 22. Jan 19:45:01 CET 2016
Ping: 30.054 ms
Download: 21.18 Mbit/s
Upload: 0.83 Mbit/s
Fr 22. Jan 20:45:02 CET 2016
Ping: 35.149 ms
Download: 21.39 Mbit/s
Upload: 0.87 Mbit/s
Fr 22. Jan 21:45:01 CET 2016
Ping: 31.238 ms
Download: 16.33 Mbit/s
Upload: 0.81 Mbit/s
Fr 22. Jan 22:45:02 CET 2016
Ping: 29.901 ms
Download: 14.72 Mbit/s
Upload: 0.84 Mbit/s
Fr 22. Jan 23:45:01 CET 2016
Ping: 30.13 ms
Download: 20.65 Mbit/s
Upload: 0.87 Mbit/s
Sa 23. Jan 00:45:01 CET 2016
Ping: 32.185 ms
Download: 21.45 Mbit/s
Upload: 0.82 Mbit/s
Sa 23. Jan 01:45:01 CET 2016
Ping: 31.378 ms
Download: 21.45 Mbit/s
Upload: 0.88 Mbit/s
Sa 23. Jan 02:45:01 CET 2016
Ping: 31.366 ms
Download: 21.42 Mbit/s
Upload: 0.88 Mbit/s
Sa 23. Jan 03:45:01 CET 2016
Ping: 28.883 ms
Download: 21.45 Mbit/s
Upload: 0.88 Mbit/s
Sa 23. Jan 04:45:01 CET 2016
Ping: 33.051 ms
Download: 21.38 Mbit/s
Upload: 0.88 Mbit/s
Sa 23. Jan 05:45:01 CET 2016
Ping: 33.528 ms
Download: 21.42 Mbit/s
Upload: 0.88 Mbit/s
Sa 23. Jan 06:45:01 CET 2016
Ping: 29.036 ms
Download: 21.44 Mbit/s
Upload: 0.88 Mbit/s
Sa 23. Jan 07:45:01 CET 2016
Ping: 33.37 ms
Download: 21.42 Mbit/s
Upload: 0.85 Mbit/s
Sa 23. Jan 08:45:01 CET 2016
Ping: 32.566 ms
Download: 21.43 Mbit/s
Upload: 0.88 Mbit/s
Sa 23. Jan 09:45:01 CET 2016
Ping: 27.8 ms
Download: 21.45 Mbit/s
Upload: 0.88 Mbit/s
Sa 23. Jan 10:45:01 CET 2016
Ping: 32.905 ms
Download: 21.10 Mbit/s
Upload: 0.87 Mbit/s
Sa 23. Jan 11:45:01 CET 2016
Ping: 32.829 ms
Download: 20.22 Mbit/s
Upload: 0.88 Mbit/s
Sa 23. Jan 12:45:01 CET 2016
Ping: 32.043 ms
Download: 21.39 Mbit/s
Upload: 0.88 Mbit/s
Sa 23. Jan 13:45:01 CET 2016
Ping: 33.196 ms
Download: 21.46 Mbit/s
Upload: 0.87 Mbit/s
Sa 23. Jan 14:45:01 CET 2016
Ping: 31.983 ms
Download: 21.43 Mbit/s
Upload: 0.87 Mbit/s
Sa 23. Jan 15:45:01 CET 2016
Ping: 27.441 ms
Download: 21.42 Mbit/s
Upload: 0.88 Mbit/s
Sa 23. Jan 16:45:01 CET 2016
Ping: 30.39 ms
Download: 21.45 Mbit/s
Upload: 0.87 Mbit/s
Sa 23. Jan 17:45:01 CET 2016
Ping: 31.126 ms
Download: 21.42 Mbit/s
Upload: 0.88 Mbit/s
Sa 23. Jan 18:45:01 CET 2016
Ping: 32.197 ms
Download: 21.45 Mbit/s
Upload: 0.87 Mbit/s
Sa 23. Jan 19:45:01 CET 2016
Ping: 30.317 ms
Download: 21.41 Mbit/s
Upload: 0.88 Mbit/s
Sa 23. Jan 20:45:01 CET 2016
Ping: 31.43 ms
Download: 21.39 Mbit/s
Upload: 0.71 Mbit/s
Sa 23. Jan 21:45:01 CET 2016
Ping: 30.976 ms
Download: 21.43 Mbit/s
Upload: 0.87 Mbit/s
Sa 23. Jan 22:45:01 CET 2016
Ping: 31.742 ms
Download: 20.37 Mbit/s
Upload: 0.87 Mbit/s
Sa 23. Jan 23:45:01 CET 2016
Ping: 32.774 ms
Download: 21.42 Mbit/s
Upload: 0.88 Mbit/s
So 24. Jan 00:45:01 CET 2016
Ping: 31.291 ms
Download: 21.42 Mbit/s
Upload: 0.87 Mbit/s
So 24. Jan 01:45:01 CET 2016
Ping: 28.937 ms
Download: 21.43 Mbit/s
Upload: 0.88 Mbit/s
So 24. Jan 02:45:01 CET 2016
Ping: 31.192 ms
Download: 21.45 Mbit/s
Upload: 0.87 Mbit/s
So 24. Jan 03:45:01 CET 2016
Ping: 32.71 ms
Download: 21.42 Mbit/s
Upload: 0.88 Mbit/s
So 24. Jan 04:45:01 CET 2016
Ping: 29.225 ms
Download: 21.45 Mbit/s
Upload: 0.88 Mbit/s
So 24. Jan 05:45:01 CET 2016
Ping: 35.378 ms
Download: 21.18 Mbit/s
Upload: 0.86 Mbit/s
So 24. Jan 06:45:01 CET 2016
Ping: 34.45 ms
Download: 21.45 Mbit/s
Upload: 0.88 Mbit/s
So 24. Jan 07:45:01 CET 2016
Ping: 32.221 ms
Download: 21.45 Mbit/s
Upload: 0.88 Mbit/s
So 24. Jan 08:45:01 CET 2016
Ping: 33.608 ms
Download: 20.82 Mbit/s
Upload: 0.77 Mbit/s
So 24. Jan 09:45:01 CET 2016
Ping: 35.773 ms
Download: 21.44 Mbit/s
Upload: 0.86 Mbit/s
So 24. Jan 10:45:01 CET 2016
Ping: 32.552 ms
Download: 21.44 Mbit/s
Upload: 0.88 Mbit/s
So 24. Jan 11:45:01 CET 2016
Ping: 30.972 ms
Download: 21.41 Mbit/s
Upload: 0.87 Mbit/s
So 24. Jan 12:45:01 CET 2016
Ping: 29.403 ms
Download: 20.54 Mbit/s
Upload: 0.83 Mbit/s
So 24. Jan 13:45:01 CET 2016
Ping: 29.567 ms
Download: 21.42 Mbit/s
Upload: 0.87 Mbit/s
So 24. Jan 14:45:01 CET 2016
Ping: 31.794 ms
Download: 21.13 Mbit/s
Upload: 0.86 Mbit/s
So 24. Jan 15:45:01 CET 2016
Ping: 27.378 ms
Download: 21.45 Mbit/s
Upload: 0.87 Mbit/s
So 24. Jan 16:45:01 CET 2016
Ping: 31.262 ms
Download: 21.42 Mbit/s
Upload: 0.87 Mbit/s
So 24. Jan 17:45:01 CET 2016
Ping: 32.104 ms
Download: 21.42 Mbit/s
Upload: 0.88 Mbit/s
So 24. Jan 18:45:01 CET 2016
Ping: 30.729 ms
Download: 21.33 Mbit/s
Upload: 0.87 Mbit/s
So 24. Jan 19:45:01 CET 2016
Ping: 32.15 ms
Download: 21.44 Mbit/s
Upload: 0.87 Mbit/s
So 24. Jan 20:45:01 CET 2016
Ping: 28.348 ms
Download: 21.42 Mbit/s
Upload: 0.83 Mbit/s
So 24. Jan 21:45:01 CET 2016
Ping: 28.676 ms
Download: 20.54 Mbit/s
Upload: 0.87 Mbit/s
So 24. Jan 22:45:01 CET 2016
Ping: 29.649 ms
Download: 20.33 Mbit/s
Upload: 0.81 Mbit/s
So 24. Jan 23:45:01 CET 2016
Ping: 30.588 ms
Download: 21.46 Mbit/s
Upload: 0.87 Mbit/s
Mo 25. Jan 00:45:01 CET 2016
Ping: 30.441 ms
Download: 21.33 Mbit/s
Upload: 0.88 Mbit/s
Mo 25. Jan 01:45:01 CET 2016
Ping: 28.282 ms
Download: 21.37 Mbit/s
Upload: 0.89 Mbit/s
Mo 25. Jan 02:45:01 CET 2016
Ping: 33.358 ms
Download: 21.42 Mbit/s
Upload: 0.88 Mbit/s
Mo 25. Jan 03:45:01 CET 2016
Ping: 31.504 ms
Download: 21.43 Mbit/s
Upload: 0.87 Mbit/s
Mo 25. Jan 04:45:01 CET 2016
Ping: 31.845 ms
Download: 21.12 Mbit/s
Upload: 0.88 Mbit/s
Mo 25. Jan 05:45:01 CET 2016
Ping: 26.629 ms
Download: 21.33 Mbit/s
Upload: 0.87 Mbit/s
Mo 25. Jan 06:45:01 CET 2016
Ping: 29.621 ms
Download: 21.43 Mbit/s
Upload: 0.87 Mbit/s
Mo 25. Jan 07:45:01 CET 2016
Ping: 32.637 ms
Download: 21.42 Mbit/s
Upload: 0.87 Mbit/s
Mo 25. Jan 08:45:02 CET 2016
Ping: 31.196 ms
Download: 21.42 Mbit/s
Upload: 0.88 Mbit/s
Mo 25. Jan 09:45:01 CET 2016
Ping: 30.781 ms
Download: 21.43 Mbit/s
Upload: 0.87 Mbit/s
Mo 25. Jan 10:45:01 CET 2016
Ping: 34.724 ms
Download: 21.44 Mbit/s
Upload: 0.87 Mbit/s
Mo 25. Jan 11:45:01 CET 2016
Ping: 34.059 ms
Download: 21.34 Mbit/s
Upload: 0.87 Mbit/s
Mo 25. Jan 12:45:01 CET 2016
Ping: 32.984 ms
Download: 21.38 Mbit/s
Upload: 0.85 Mbit/s
Mo 25. Jan 13:45:02 CET 2016
Ping: 33.13 ms
Download: 21.37 Mbit/s
Upload: 0.87 Mbit/s
Mo 25. Jan 14:45:01 CET 2016
Ping: 30.13 ms
Download: 21.42 Mbit/s
Upload: 0.88 Mbit/s
Mo 25. Jan 15:45:01 CET 2016
Ping: 31.494 ms
Download: 21.45 Mbit/s
Upload: 0.88 Mbit/s
Mo 25. Jan 16:45:01 CET 2016
Ping: 32.665 ms
Download: 21.45 Mbit/s
Upload: 0.87 Mbit/s
Mo 25. Jan 17:45:01 CET 2016
Ping: 30.313 ms
Download: 21.43 Mbit/s
Upload: 0.88 Mbit/s
Mo 25. Jan 18:45:01 CET 2016
Ping: 33.702 ms
Download: 20.20 Mbit/s
Upload: 0.88 Mbit/s
Mo 25. Jan 19:45:01 CET 2016
Ping: 32.302 ms
Download: 21.46 Mbit/s
Upload: 0.87 Mbit/s
Mo 25. Jan 20:45:01 CET 2016
Ping: 32.254 ms
Download: 20.65 Mbit/s
Upload: 0.84 Mbit/s
Mo 25. Jan 21:45:01 CET 2016
Ping: 33.217 ms
Download: 17.70 Mbit/s
Upload: 0.87 Mbit/s
Mo 25. Jan 22:45:01 CET 2016
Ping: 28.515 ms
Download: 21.39 Mbit/s
Upload: 0.88 Mbit/s
Mo 25. Jan 23:45:01 CET 2016
Ping: 34.359 ms
Download: 21.45 Mbit/s
Upload: 0.88 Mbit/s
Di 26. Jan 00:45:02 CET 2016
Ping: 29.669 ms
Download: 21.45 Mbit/s
Upload: 0.88 Mbit/s
Di 26. Jan 01:45:01 CET 2016
Ping: 29.279 ms
Download: 21.45 Mbit/s
Upload: 0.87 Mbit/s
Di 26. Jan 02:45:01 CET 2016
Ping: 31.729 ms
Download: 21.43 Mbit/s
Upload: 0.87 Mbit/s
Di 26. Jan 03:45:01 CET 2016
Ping: 27.912 ms
Download: 21.44 Mbit/s
Upload: 0.88 Mbit/s
Di 26. Jan 04:45:01 CET 2016
Ping: 27.057 ms
Download: 21.42 Mbit/s
Upload: 0.88 Mbit/s
Di 26. Jan 05:45:01 CET 2016
Ping: 29.439 ms
Download: 21.42 Mbit/s
Upload: 0.88 Mbit/s
Di 26. Jan 06:45:01 CET 2016
Ping: 32.154 ms
Download: 21.43 Mbit/s
Upload: 0.88 Mbit/s
Di 26. Jan 07:45:01 CET 2016
Ping: 29.465 ms
Download: 21.39 Mbit/s
Upload: 0.86 Mbit/s
Di 26. Jan 08:45:01 CET 2016
Ping: 31.519 ms
Download: 21.42 Mbit/s
Upload: 0.86 Mbit/s
Di 26. Jan 09:45:01 CET 2016
Ping: 33.922 ms
Download: 21.42 Mbit/s
Upload: 0.88 Mbit/s
Di 26. Jan 10:45:01 CET 2016
Ping: 31.847 ms
Download: 20.82 Mbit/s
Upload: 0.83 Mbit/s
Di 26. Jan 11:45:01 CET 2016
Ping: 32.786 ms
Download: 21.42 Mbit/s
Upload: 0.87 Mbit/s
Di 26. Jan 12:45:01 CET 2016
Ping: 32.322 ms
Download: 21.39 Mbit/s
Upload: 0.81 Mbit/s
Di 26. Jan 13:45:01 CET 2016
Ping: 32.537 ms
Download: 21.45 Mbit/s
Upload: 0.86 Mbit/s
Di 26. Jan 14:45:01 CET 2016
Ping: 33.186 ms
Download: 21.39 Mbit/s
Upload: 0.87 Mbit/s
Di 26. Jan 15:45:01 CET 2016
Ping: 32.381 ms
Download: 20.90 Mbit/s
Upload: 0.80 Mbit/s
Di 26. Jan 16:45:01 CET 2016
Ping: 33.475 ms
Download: 19.99 Mbit/s
Upload: 0.85 Mbit/s
Di 26. Jan 17:45:01 CET 2016
Ping: 32.27 ms
Download: 20.14 Mbit/s
Upload: 0.80 Mbit/s
Di 26. Jan 18:45:02 CET 2016
Ping: 33.796 ms
Download: 21.42 Mbit/s
Upload: 0.86 Mbit/s
Di 26. Jan 19:45:01 CET 2016
Ping: 31.725 ms
Download: 21.43 Mbit/s
Upload: 0.87 Mbit/s
Di 26. Jan 20:45:01 CET 2016
Ping: 31.203 ms
Download: 20.38 Mbit/s
Upload: 0.82 Mbit/s
Di 26. Jan 21:45:01 CET 2016
Ping: 29.196 ms
Download: 21.45 Mbit/s
Upload: 0.88 Mbit/s
Di 26. Jan 22:45:01 CET 2016
Ping: 28.81 ms
Download: 21.30 Mbit/s
Upload: 0.86 Mbit/s
Di 26. Jan 23:45:01 CET 2016
Ping: 27.46 ms
Download: 21.43 Mbit/s
Upload: 0.86 Mbit/s
Mi 27. Jan 00:45:02 CET 2016
Ping: 28.629 ms
Download: 21.42 Mbit/s
Upload: 0.87 Mbit/s
Mi 27. Jan 01:45:01 CET 2016
Ping: 32.831 ms
Download: 19.83 Mbit/s
Upload: 0.87 Mbit/s
Mi 27. Jan 02:45:01 CET 2016
Ping: 27.415 ms
Download: 21.46 Mbit/s
Upload: 0.88 Mbit/s
Mi 27. Jan 03:45:01 CET 2016
Ping: 32.12 ms
Download: 21.30 Mbit/s
Upload: 0.88 Mbit/s
Mi 27. Jan 04:45:01 CET 2016
Ping: 29.816 ms
Download: 21.42 Mbit/s
Upload: 0.87 Mbit/s
Mi 27. Jan 05:45:01 CET 2016
Ping: 33.118 ms
Download: 21.39 Mbit/s
Upload: 0.88 Mbit/s
Mi 27. Jan 06:45:01 CET 2016
Ping: 33.007 ms
Download: 21.33 Mbit/s
Upload: 0.88 Mbit/s
Mi 27. Jan 07:45:01 CET 2016
Ping: 32.519 ms
Download: 21.12 Mbit/s
Upload: 0.67 Mbit/s
Mi 27. Jan 08:45:01 CET 2016
Ping: 28.456 ms
Download: 21.39 Mbit/s
Upload: 0.87 Mbit/s
Mi 27. Jan 09:45:01 CET 2016
Ping: 32.155 ms
Download: 21.26 Mbit/s
Upload: 0.86 Mbit/s
Mi 27. Jan 10:45:01 CET 2016
Ping: 35.131 ms
Download: 21.43 Mbit/s
Upload: 0.87 Mbit/s
Mi 27. Jan 11:45:01 CET 2016
Ping: 30.861 ms
Download: 21.42 Mbit/s
Upload: 0.87 Mbit/s
Mi 27. Jan 12:45:01 CET 2016
Ping: 30.476 ms
Download: 21.42 Mbit/s
Upload: 0.86 Mbit/s
Mi 27. Jan 13:45:01 CET 2016
Ping: 28.224 ms
Download: 21.40 Mbit/s
Upload: 0.87 Mbit/s
Mi 27. Jan 14:45:01 CET 2016
Ping: 31.224 ms
Download: 21.39 Mbit/s
Upload: 0.86 Mbit/s
Mi 27. Jan 15:45:01 CET 2016
Ping: 28.464 ms
Download: 21.39 Mbit/s
Upload: 0.86 Mbit/s
Mi 27. Jan 16:45:01 CET 2016
Ping: 29.028 ms
Download: 21.43 Mbit/s
Upload: 0.87 Mbit/s
Mi 27. Jan 17:45:01 CET 2016
Ping: 30.271 ms
Download: 21.38 Mbit/s
Upload: 0.86 Mbit/s
Mi 27. Jan 18:45:01 CET 2016
Ping: 31.323 ms
Download: 21.05 Mbit/s
Upload: 0.86 Mbit/s
Mi 27. Jan 19:45:01 CET 2016
Ping: 31.161 ms
Download: 21.04 Mbit/s
Upload: 0.87 Mbit/s
Mi 27. Jan 20:45:01 CET 2016
Ping: 36.48 ms
Download: 19.58 Mbit/s
Upload: 0.77 Mbit/s
Mi 27. Jan 21:45:01 CET 2016
Ping: 30.516 ms
Download: 20.20 Mbit/s
Upload: 0.84 Mbit/s
Mi 27. Jan 22:45:01 CET 2016
Ping: 29.201 ms
Download: 21.42 Mbit/s
Upload: 0.87 Mbit/s
Mi 27. Jan 23:45:01 CET 2016
Ping: 27.516 ms
Download: 21.45 Mbit/s
Upload: 0.88 Mbit/s
Do 28. Jan 00:45:01 CET 2016
Ping: 31.349 ms
Download: 21.42 Mbit/s
Upload: 0.88 Mbit/s
Do 28. Jan 01:45:01 CET 2016
Ping: 30.208 ms
Download: 21.44 Mbit/s
Upload: 0.87 Mbit/s
Do 28. Jan 02:45:01 CET 2016
Ping: 32.428 ms
Download: 3.07 Mbit/s
Upload: 0.87 Mbit/s
Do 28. Jan 03:45:01 CET 2016
Ping: 32.853 ms
Download: 21.31 Mbit/s
Upload: 0.88 Mbit/s
Do 28. Jan 04:45:01 CET 2016
Ping: 32.008 ms
Download: 21.45 Mbit/s
Upload: 0.87 Mbit/s
Do 28. Jan 05:45:01 CET 2016
Ping: 32.276 ms
Download: 21.42 Mbit/s
Upload: 0.87 Mbit/s
Do 28. Jan 06:45:01 CET 2016
Ping: 28.494 ms
Download: 21.41 Mbit/s
Upload: 0.88 Mbit/s
Do 28. Jan 07:45:01 CET 2016
Ping: 30.919 ms
Download: 21.42 Mbit/s
Upload: 0.73 Mbit/s
Do 28. Jan 08:45:01 CET 2016
Ping: 30.983 ms
Download: 21.42 Mbit/s
Upload: 0.87 Mbit/s
Do 28. Jan 09:45:01 CET 2016
Ping: 30.434 ms
Download: 21.39 Mbit/s
Upload: 0.70 Mbit/s
Do 28. Jan 10:45:01 CET 2016
Ping: 31.91 ms
Download: 21.15 Mbit/s
Upload: 0.87 Mbit/s
Do 28. Jan 11:45:01 CET 2016
Ping: 31.243 ms
Download: 21.43 Mbit/s
Upload: 0.88 Mbit/s
Do 28. Jan 12:45:01 CET 2016
Ping: 33.762 ms
Download: 20.95 Mbit/s
Upload: 0.80 Mbit/s
Do 28. Jan 13:45:01 CET 2016
Ping: 32.339 ms
Download: 21.15 Mbit/s
Upload: 0.87 Mbit/s
Do 28. Jan 14:45:01 CET 2016
Ping: 34.275 ms
Download: 21.43 Mbit/s
Upload: 0.87 Mbit/s
Do 28. Jan 15:45:01 CET 2016
Ping: 30.559 ms
Download: 21.39 Mbit/s
Upload: 0.88 Mbit/s
Do 28. Jan 16:45:01 CET 2016
Ping: 33.213 ms
Download: 20.09 Mbit/s
Upload: 0.85 Mbit/s
Do 28. Jan 17:45:02 CET 2016
Ping: 30.221 ms
Download: 18.98 Mbit/s
Upload: 0.87 Mbit/s
Do 28. Jan 18:45:01 CET 2016
Ping: 28.478 ms
Download: 21.45 Mbit/s
Upload: 0.87 Mbit/s
Do 28. Jan 19:45:01 CET 2016
Ping: 31.4 ms
Download: 21.29 Mbit/s
Upload: 0.87 Mbit/s
Do 28. Jan 20:45:01 CET 2016
Ping: 31.735 ms
Download: 21.42 Mbit/s
Upload: 0.87 Mbit/s
Do 28. Jan 21:45:01 CET 2016
Ping: 29.279 ms
Download: 21.42 Mbit/s
Upload: 0.87 Mbit/s
Do 28. Jan 22:45:01 CET 2016
Ping: 35.153 ms
Download: 21.39 Mbit/s
Upload: 0.87 Mbit/s
Do 28. Jan 23:45:01 CET 2016
Ping: 32.893 ms
Download: 21.45 Mbit/s
Upload: 0.88 Mbit/s
Fr 29. Jan 00:45:02 CET 2016
Ping: 29.735 ms
Download: 21.47 Mbit/s
Upload: 0.88 Mbit/s
Fr 29. Jan 01:45:01 CET 2016
Ping: 32.555 ms
Download: 21.45 Mbit/s
Upload: 0.88 Mbit/s
Fr 29. Jan 02:45:01 CET 2016
Ping: 31.804 ms
Download: 21.14 Mbit/s
Upload: 0.88 Mbit/s
Fr 29. Jan 03:45:02 CET 2016
Ping: 31.149 ms
Download: 21.41 Mbit/s
Upload: 0.88 Mbit/s
Fr 29. Jan 04:45:01 CET 2016
Ping: 28.37 ms
Download: 21.30 Mbit/s
Upload: 0.88 Mbit/s
Fr 29. Jan 05:45:01 CET 2016
Ping: 31.407 ms
Download: 21.46 Mbit/s
Upload: 0.88 Mbit/s
Fr 29. Jan 06:45:02 CET 2016
Ping: 30.889 ms
Download: 21.36 Mbit/s
Upload: 0.86 Mbit/s
Fr 29. Jan 07:45:01 CET 2016
Ping: 32.211 ms
Download: 21.25 Mbit/s
Upload: 0.88 Mbit/s
Fr 29. Jan 08:45:01 CET 2016
Ping: 33.453 ms
Download: 21.45 Mbit/s
Upload: 0.88 Mbit/s
Fr 29. Jan 09:45:01 CET 2016
Ping: 31.289 ms
Download: 21.13 Mbit/s
Upload: 0.88 Mbit/s
Fr 29. Jan 10:45:01 CET 2016
Ping: 28.268 ms
Download: 21.45 Mbit/s
Upload: 0.87 Mbit/s
Fr 29. Jan 11:45:01 CET 2016
Ping: 30.661 ms
Download: 21.46 Mbit/s
Upload: 0.88 Mbit/s
Fr 29. Jan 12:45:01 CET 2016
Ping: 30.159 ms
Download: 21.44 Mbit/s
Upload: 0.87 Mbit/s
Fr 29. Jan 13:45:01 CET 2016
Ping: 35.092 ms
Download: 20.06 Mbit/s
Upload: 0.85 Mbit/s
Fr 29. Jan 14:45:02 CET 2016
Ping: 29.114 ms
Download: 21.42 Mbit/s
Upload: 0.88 Mbit/s
Fr 29. Jan 15:45:01 CET 2016
Ping: 33.851 ms
Download: 20.41 Mbit/s
Upload: 0.87 Mbit/s
Fr 29. Jan 16:45:01 CET 2016
Ping: 32.021 ms
Download: 21.38 Mbit/s
Upload: 0.87 Mbit/s
Fr 29. Jan 17:45:01 CET 2016
Ping: 31.476 ms
Download: 21.39 Mbit/s
Upload: 0.80 Mbit/s
Fr 29. Jan 18:45:01 CET 2016
Ping: 27.823 ms
Download: 20.57 Mbit/s
Upload: 0.83 Mbit/s
Fr 29. Jan 19:45:01 CET 2016
Ping: 29.555 ms
Download: 21.42 Mbit/s
Upload: 0.87 Mbit/s
Fr 29. Jan 20:45:02 CET 2016
Ping: 35.097 ms
Download: 21.42 Mbit/s
Upload: 0.87 Mbit/s
Fr 29. Jan 21:45:01 CET 2016
Ping: 33.141 ms
Download: 21.44 Mbit/s
Upload: 0.88 Mbit/s
Fr 29. Jan 22:45:01 CET 2016
Ping: 28.595 ms
Download: 20.41 Mbit/s
Upload: 0.85 Mbit/s
Fr 29. Jan 23:45:01 CET 2016
Ping: 28.528 ms
Download: 21.42 Mbit/s
Upload: 0.87 Mbit/s
Sa 30. Jan 00:45:01 CET 2016
Ping: 30.414 ms
Download: 21.41 Mbit/s
Upload: 0.88 Mbit/s
Sa 30. Jan 01:45:01 CET 2016
Ping: 36.209 ms
Download: 21.45 Mbit/s
Upload: 0.87 Mbit/s
Sa 30. Jan 02:45:01 CET 2016
Ping: 29.697 ms
Download: 20.38 Mbit/s
Upload: 0.88 Mbit/s
Sa 30. Jan 03:45:01 CET 2016
Ping: 30.912 ms
Download: 19.61 Mbit/s
Upload: 0.87 Mbit/s
Sa 30. Jan 04:45:01 CET 2016
Ping: 32.905 ms
Download: 21.32 Mbit/s
Upload: 0.87 Mbit/s
Sa 30. Jan 05:45:01 CET 2016
Ping: 28.41 ms
Download: 21.42 Mbit/s
Upload: 0.86 Mbit/s
Sa 30. Jan 06:45:01 CET 2016
Ping: 30.897 ms
Download: 19.54 Mbit/s
Upload: 0.88 Mbit/s
Sa 30. Jan 07:45:01 CET 2016
Ping: 32.509 ms
Download: 21.42 Mbit/s
Upload: 0.87 Mbit/s
Sa 30. Jan 08:45:01 CET 2016
Ping: 30.574 ms
Download: 18.63 Mbit/s
Upload: 0.82 Mbit/s
Sa 30. Jan 09:45:01 CET 2016
Ping: 28.637 ms
Download: 20.76 Mbit/s
Upload: 0.87 Mbit/s
Sa 30. Jan 10:45:01 CET 2016
Ping: 31.921 ms
Download: 18.96 Mbit/s
Upload: 0.74 Mbit/s
Sa 30. Jan 11:45:01 CET 2016
Ping: 33.317 ms
Download: 20.38 Mbit/s
Upload: 0.81 Mbit/s
Sa 30. Jan 12:45:01 CET 2016
Ping: 32.802 ms
Download: 20.38 Mbit/s
Upload: 0.83 Mbit/s
Sa 30. Jan 13:45:01 CET 2016
Ping: 28.159 ms
Download: 19.99 Mbit/s
Upload: 0.86 Mbit/s
Sa 30. Jan 14:45:01 CET 2016
Ping: 29.067 ms
Download: 18.97 Mbit/s
Upload: 0.80 Mbit/s
Sa 30. Jan 15:45:02 CET 2016
Ping: 32.439 ms
Download: 21.39 Mbit/s
Upload: 0.88 Mbit/s
Sa 30. Jan 16:45:01 CET 2016
Ping: 32.257 ms
Download: 17.41 Mbit/s
Upload: 0.87 Mbit/s
Sa 30. Jan 17:45:01 CET 2016
Ping: 30.724 ms
Download: 21.13 Mbit/s
Upload: 0.79 Mbit/s
Sa 30. Jan 18:45:01 CET 2016
Ping: 32.18 ms
Download: 19.01 Mbit/s
Upload: 0.63 Mbit/s
Sa 30. Jan 19:45:01 CET 2016
Ping: 31.786 ms
Download: 21.21 Mbit/s
Upload: 0.86 Mbit/s
Sa 30. Jan 20:45:01 CET 2016
Ping: 29.73 ms
Download: 18.92 Mbit/s
Upload: 0.83 Mbit/s
Sa 30. Jan 21:45:01 CET 2016
Ping: 29.601 ms
Download: 21.42 Mbit/s
Upload: 0.88 Mbit/s
Sa 30. Jan 22:45:01 CET 2016
Ping: 32.536 ms
Download: 21.46 Mbit/s
Upload: 0.87 Mbit/s
Sa 30. Jan 23:45:01 CET 2016
Ping: 28.661 ms
Download: 17.95 Mbit/s
Upload: 0.68 Mbit/s
So 31. Jan 00:45:01 CET 2016
Ping: 30.343 ms
Download: 21.42 Mbit/s
Upload: 0.88 Mbit/s
So 31. Jan 01:45:01 CET 2016
Ping: 30.408 ms
Download: 21.42 Mbit/s
Upload: 0.88 Mbit/s
So 31. Jan 02:45:01 CET 2016
Ping: 27.177 ms
Download: 19.96 Mbit/s
Upload: 0.88 Mbit/s
So 31. Jan 03:45:01 CET 2016
Ping: 28.463 ms
Download: 21.43 Mbit/s
Upload: 0.88 Mbit/s
So 31. Jan 04:45:01 CET 2016
Ping: 26.367 ms
Download: 20.87 Mbit/s
Upload: 0.88 Mbit/s
So 31. Jan 05:45:02 CET 2016
Ping: 29.167 ms
Download: 21.44 Mbit/s
Upload: 0.87 Mbit/s
So 31. Jan 06:45:01 CET 2016
Ping: 29.719 ms
Download: 21.35 Mbit/s
Upload: 0.88 Mbit/s
So 31. Jan 07:45:01 CET 2016
Ping: 27.409 ms
Download: 20.07 Mbit/s
Upload: 0.52 Mbit/s
So 31. Jan 08:45:01 CET 2016
Ping: 29.669 ms
Download: 19.83 Mbit/s
Upload: 0.88 Mbit/s
So 31. Jan 09:45:01 CET 2016
Ping: 29.093 ms
Download: 20.14 Mbit/s
Upload: 0.85 Mbit/s
So 31. Jan 10:45:01 CET 2016
Ping: 29.294 ms
Download: 20.79 Mbit/s
Upload: 0.66 Mbit/s
So 31. Jan 11:45:01 CET 2016
Ping: 28.258 ms
Download: 20.96 Mbit/s
Upload: 0.66 Mbit/s
So 31. Jan 12:45:01 CET 2016
Ping: 29.928 ms
Download: 20.38 Mbit/s
Upload: 0.88 Mbit/s
So 31. Jan 13:45:01 CET 2016
Ping: 52.091 ms
Download: 19.23 Mbit/s
Upload: 0.70 Mbit/s
So 31. Jan 14:45:01 CET 2016
Ping: 31.474 ms
Download: 19.83 Mbit/s
Upload: 0.76 Mbit/s
So 31. Jan 15:45:01 CET 2016
Ping: 29.653 ms
Download: 21.41 Mbit/s
Upload: 0.87 Mbit/s
So 31. Jan 16:45:01 CET 2016
Ping: 33.69 ms
Download: 18.87 Mbit/s
Upload: 0.88 Mbit/s
So 31. Jan 17:45:01 CET 2016
Ping: 29.822 ms
Download: 21.11 Mbit/s
Upload: 0.85 Mbit/s
So 31. Jan 18:45:01 CET 2016
Ping: 28.725 ms
Download: 20.45 Mbit/s
Upload: 0.80 Mbit/s
So 31. Jan 19:45:01 CET 2016
Ping: 27.733 ms
Download: 21.04 Mbit/s
Upload: 0.82 Mbit/s
So 31. Jan 20:45:01 CET 2016
Ping: 31.03 ms
Download: 21.13 Mbit/s
Upload: 0.74 Mbit/s
So 31. Jan 21:45:01 CET 2016
Ping: 34.106 ms
Download: 21.42 Mbit/s
Upload: 0.87 Mbit/s
So 31. Jan 22:45:01 CET 2016
Ping: 23.579 ms
Download: 21.38 Mbit/s
Upload: 0.88 Mbit/s
So 31. Jan 23:45:01 CET 2016
Ping: 28.86 ms
Download: 21.16 Mbit/s
Upload: 0.88 Mbit/s
