Mi 1. Jun 00:45:01 CEST 2016
Ping: 27.46 ms
Download: 21.20 Mbit/s
Upload: 0.88 Mbit/s
Mi 1. Jun 01:45:01 CEST 2016
Ping: 37.155 ms
Download: 21.42 Mbit/s
Upload: 0.87 Mbit/s
Mi 1. Jun 02:45:01 CEST 2016
Ping: 32.975 ms
Download: 21.43 Mbit/s
Upload: 0.87 Mbit/s
Mi 1. Jun 03:45:01 CEST 2016
Ping: 31.898 ms
Download: 19.45 Mbit/s
Upload: 0.88 Mbit/s
Mi 1. Jun 04:45:01 CEST 2016
Ping: 33.996 ms
Download: 21.45 Mbit/s
Upload: 0.88 Mbit/s
Mi 1. Jun 05:45:01 CEST 2016
Ping: 21.359 ms
Download: 21.46 Mbit/s
Upload: 0.88 Mbit/s
Mi 1. Jun 06:45:01 CEST 2016
Ping: 23.188 ms
Download: 20.95 Mbit/s
Upload: 0.89 Mbit/s
Mi 1. Jun 07:45:01 CEST 2016
Ping: 26.967 ms
Download: 20.96 Mbit/s
Upload: 0.88 Mbit/s
Mi 1. Jun 08:45:01 CEST 2016
Ping: 21.108 ms
Download: 21.28 Mbit/s
Upload: 0.84 Mbit/s
Mi 1. Jun 09:45:01 CEST 2016
Ping: 24.652 ms
Download: 21.01 Mbit/s
Upload: 0.87 Mbit/s
Mi 1. Jun 10:45:01 CEST 2016
Ping: 35.052 ms
Download: 21.45 Mbit/s
Upload: 0.78 Mbit/s
Mi 1. Jun 11:45:01 CEST 2016
Ping: 21.307 ms
Download: 20.48 Mbit/s
Upload: 0.88 Mbit/s
Mi 1. Jun 12:45:01 CEST 2016
Ping: 24.515 ms
Download: 20.96 Mbit/s
Upload: 0.87 Mbit/s
Mi 1. Jun 13:45:01 CEST 2016
Ping: 32.016 ms
Download: 21.45 Mbit/s
Upload: 0.87 Mbit/s
Mi 1. Jun 14:45:01 CEST 2016
Ping: 22.496 ms
Download: 20.43 Mbit/s
Upload: 0.87 Mbit/s
Mi 1. Jun 15:45:01 CEST 2016
Ping: 26.911 ms
Download: 21.39 Mbit/s
Upload: 0.84 Mbit/s
Mi 1. Jun 16:45:01 CEST 2016
Ping: 25.346 ms
Download: 21.39 Mbit/s
Upload: 0.87 Mbit/s
Mi 1. Jun 17:45:01 CEST 2016
Ping: 35.706 ms
Download: 21.45 Mbit/s
Upload: 0.86 Mbit/s
Mi 1. Jun 18:45:02 CEST 2016
Ping: 37.58 ms
Download: 21.21 Mbit/s
Upload: 0.85 Mbit/s
Mi 1. Jun 19:45:01 CEST 2016
Ping: 27.033 ms
Download: 20.85 Mbit/s
Upload: 0.88 Mbit/s
Mi 1. Jun 20:45:01 CEST 2016
Ping: 30.681 ms
Download: 20.22 Mbit/s
Upload: 0.85 Mbit/s
Mi 1. Jun 21:45:01 CEST 2016
Ping: 26.487 ms
Download: 13.82 Mbit/s
Upload: 0.80 Mbit/s
Mi 1. Jun 22:45:01 CEST 2016
Ping: 20.751 ms
Download: 21.46 Mbit/s
Upload: 0.88 Mbit/s
Mi 1. Jun 23:45:01 CEST 2016
Ping: 22.53 ms
Download: 21.04 Mbit/s
Upload: 0.88 Mbit/s
Do 2. Jun 00:45:01 CEST 2016
Ping: 28.239 ms
Download: 19.70 Mbit/s
Upload: 0.88 Mbit/s
Do 2. Jun 01:45:01 CEST 2016
Ping: 26.839 ms
Download: 20.98 Mbit/s
Upload: 0.88 Mbit/s
Do 2. Jun 02:45:01 CEST 2016
Ping: 21.017 ms
Download: 21.00 Mbit/s
Upload: 0.88 Mbit/s
Do 2. Jun 03:45:01 CEST 2016
Ping: 28.088 ms
Download: 20.99 Mbit/s
Upload: 0.88 Mbit/s
Do 2. Jun 04:45:01 CEST 2016
Ping: 21.654 ms
Download: 21.44 Mbit/s
Upload: 0.88 Mbit/s
Do 2. Jun 05:45:02 CEST 2016
Ping: 21.635 ms
Download: 19.78 Mbit/s
Upload: 0.88 Mbit/s
Do 2. Jun 06:45:01 CEST 2016
Ping: 26.642 ms
Download: 21.24 Mbit/s
Upload: 0.87 Mbit/s
Do 2. Jun 07:45:01 CEST 2016
Ping: 23.19 ms
Download: 20.70 Mbit/s
Upload: 0.87 Mbit/s
Do 2. Jun 08:45:01 CEST 2016
Ping: 22.493 ms
Download: 21.38 Mbit/s
Upload: 0.88 Mbit/s
Do 2. Jun 09:45:01 CEST 2016
Ping: 25.678 ms
Download: 21.46 Mbit/s
Upload: 0.89 Mbit/s
Do 2. Jun 10:45:01 CEST 2016
Ping: 26.413 ms
Download: 21.33 Mbit/s
Upload: 0.88 Mbit/s
Do 2. Jun 11:45:01 CEST 2016
Ping: 22.981 ms
Download: 21.46 Mbit/s
Upload: 0.86 Mbit/s
Do 2. Jun 12:45:01 CEST 2016
Ping: 22.518 ms
Download: 21.07 Mbit/s
Upload: 0.88 Mbit/s
Do 2. Jun 13:45:01 CEST 2016
Ping: 25.594 ms
Download: 21.45 Mbit/s
Upload: 0.88 Mbit/s
Do 2. Jun 14:45:01 CEST 2016
Ping: 24.571 ms
Download: 20.79 Mbit/s
Upload: 0.81 Mbit/s
Do 2. Jun 15:45:01 CEST 2016
Ping: 25.959 ms
Download: 21.43 Mbit/s
Upload: 0.88 Mbit/s
Do 2. Jun 16:45:01 CEST 2016
Ping: 22.881 ms
Download: 21.21 Mbit/s
Upload: 0.87 Mbit/s
Do 2. Jun 17:45:01 CEST 2016
Ping: 22.857 ms
Download: 21.46 Mbit/s
Upload: 0.88 Mbit/s
Do 2. Jun 18:45:01 CEST 2016
Ping: 34.202 ms
Download: 21.42 Mbit/s
Upload: 0.88 Mbit/s
Do 2. Jun 19:45:01 CEST 2016
Ping: 25.92 ms
Download: 21.47 Mbit/s
Upload: 0.88 Mbit/s
Do 2. Jun 20:45:01 CEST 2016
Ping: 23.049 ms
Download: 20.81 Mbit/s
Upload: 0.82 Mbit/s
Do 2. Jun 21:45:01 CEST 2016
Ping: 33.946 ms
Download: 20.62 Mbit/s
Upload: 0.78 Mbit/s
Do 2. Jun 22:45:01 CEST 2016
Ping: 25.696 ms
Download: 20.95 Mbit/s
Upload: 0.88 Mbit/s
Do 2. Jun 23:45:01 CEST 2016
Ping: 23.009 ms
Download: 21.01 Mbit/s
Upload: 0.88 Mbit/s
Fr 3. Jun 00:45:01 CEST 2016
Ping: 23.063 ms
Download: 21.24 Mbit/s
Upload: 0.88 Mbit/s
Fr 3. Jun 01:45:01 CEST 2016
Ping: 27.471 ms
Download: 21.44 Mbit/s
Upload: 0.87 Mbit/s
Fr 3. Jun 02:45:01 CEST 2016
Ping: 23.33 ms
Download: 21.21 Mbit/s
Upload: 0.88 Mbit/s
Fr 3. Jun 03:45:01 CEST 2016
Ping: 22.758 ms
Download: 20.18 Mbit/s
Upload: 0.88 Mbit/s
Fr 3. Jun 04:45:01 CEST 2016
Ping: 22.127 ms
Download: 21.12 Mbit/s
Upload: 0.88 Mbit/s
Fr 3. Jun 05:45:02 CEST 2016
Ping: 22.636 ms
Download: 21.16 Mbit/s
Upload: 0.88 Mbit/s
Fr 3. Jun 06:45:02 CEST 2016
Ping: 22.08 ms
Download: 20.62 Mbit/s
Upload: 0.88 Mbit/s
Fr 3. Jun 07:45:01 CEST 2016
Ping: 22.942 ms
Download: 21.21 Mbit/s
Upload: 0.88 Mbit/s
Fr 3. Jun 08:45:01 CEST 2016
Ping: 23.078 ms
Download: 21.25 Mbit/s
Upload: 0.88 Mbit/s
Fr 3. Jun 09:45:01 CEST 2016
Ping: 26.424 ms
Download: 20.41 Mbit/s
Upload: 0.88 Mbit/s
Fr 3. Jun 10:45:01 CEST 2016
Ping: 26.146 ms
Download: 20.79 Mbit/s
Upload: 0.88 Mbit/s
Fr 3. Jun 11:45:02 CEST 2016
Ping: 35.482 ms
Download: 21.36 Mbit/s
Upload: 0.86 Mbit/s
Fr 3. Jun 12:45:01 CEST 2016
Ping: 28.816 ms
Download: 20.87 Mbit/s
Upload: 0.85 Mbit/s
Fr 3. Jun 13:45:01 CEST 2016
Ping: 21.908 ms
Download: 21.13 Mbit/s
Upload: 0.79 Mbit/s
Fr 3. Jun 14:45:01 CEST 2016
Ping: 29.24 ms
Download: 20.54 Mbit/s
Upload: 0.79 Mbit/s
Fr 3. Jun 15:45:01 CEST 2016
Ping: 34.692 ms
Download: 19.78 Mbit/s
Upload: 0.87 Mbit/s
Fr 3. Jun 16:45:01 CEST 2016
Ping: 22.329 ms
Download: 20.49 Mbit/s
Upload: 0.88 Mbit/s
Fr 3. Jun 17:45:01 CEST 2016
Ping: 20.637 ms
Download: 20.81 Mbit/s
Upload: 0.83 Mbit/s
Fr 3. Jun 18:45:01 CEST 2016
Ping: 22.268 ms
Download: 20.77 Mbit/s
Upload: 0.71 Mbit/s
Fr 3. Jun 19:45:01 CEST 2016
Ping: 20.796 ms
Download: 21.42 Mbit/s
Upload: 0.88 Mbit/s
Fr 3. Jun 20:45:01 CEST 2016
Ping: 30.976 ms
Download: 21.45 Mbit/s
Upload: 0.88 Mbit/s
Fr 3. Jun 21:45:01 CEST 2016
Ping: 26.41 ms
Download: 20.94 Mbit/s
Upload: 0.82 Mbit/s
Fr 3. Jun 22:45:01 CEST 2016
Ping: 22.912 ms
Download: 20.99 Mbit/s
Upload: 0.80 Mbit/s
Fr 3. Jun 23:45:01 CEST 2016
Ping: 20.253 ms
Download: 21.37 Mbit/s
Upload: 0.88 Mbit/s
Sa 4. Jun 00:45:01 CEST 2016
Ping: 23.728 ms
Download: 21.21 Mbit/s
Upload: 0.88 Mbit/s
Sa 4. Jun 01:45:01 CEST 2016
Ping: 22.49 ms
Download: 21.07 Mbit/s
Upload: 0.88 Mbit/s
Sa 4. Jun 02:45:01 CEST 2016
Ping: 28.268 ms
Download: 20.95 Mbit/s
Upload: 0.87 Mbit/s
Sa 4. Jun 03:45:01 CEST 2016
Ping: 23.758 ms
Download: 21.47 Mbit/s
Upload: 0.88 Mbit/s
Sa 4. Jun 04:45:01 CEST 2016
Ping: 23.662 ms
Download: 21.39 Mbit/s
Upload: 0.87 Mbit/s
Sa 4. Jun 05:45:01 CEST 2016
Ping: 36.128 ms
Download: 21.42 Mbit/s
Upload: 0.85 Mbit/s
Sa 4. Jun 06:45:01 CEST 2016
Ping: 27.131 ms
Download: 20.98 Mbit/s
Upload: 0.88 Mbit/s
Sa 4. Jun 07:45:01 CEST 2016
Ping: 21.627 ms
Download: 21.24 Mbit/s
Upload: 0.82 Mbit/s
Sa 4. Jun 08:45:01 CEST 2016
Ping: 21.696 ms
Download: 20.49 Mbit/s
Upload: 0.87 Mbit/s
Sa 4. Jun 09:45:01 CEST 2016
Ping: 21.144 ms
Download: 21.11 Mbit/s
Upload: 0.86 Mbit/s
Sa 4. Jun 10:45:01 CEST 2016
Ping: 25.891 ms
Download: 21.42 Mbit/s
Upload: 0.84 Mbit/s
Sa 4. Jun 11:45:01 CEST 2016
Ping: 22.503 ms
Download: 20.95 Mbit/s
Upload: 0.85 Mbit/s
Sa 4. Jun 12:45:01 CEST 2016
Ping: 34.094 ms
Download: 21.42 Mbit/s
Upload: 0.88 Mbit/s
Sa 4. Jun 13:45:01 CEST 2016
Ping: 26.672 ms
Download: 21.18 Mbit/s
Upload: 0.88 Mbit/s
Sa 4. Jun 14:45:01 CEST 2016
Ping: 25.301 ms
Download: 20.13 Mbit/s
Upload: 0.84 Mbit/s
Sa 4. Jun 15:45:01 CEST 2016
Ping: 22.443 ms
Download: 21.46 Mbit/s
Upload: 0.88 Mbit/s
Sa 4. Jun 16:45:01 CEST 2016
Ping: 28.483 ms
Download: 21.07 Mbit/s
Upload: 0.88 Mbit/s
Sa 4. Jun 17:45:01 CEST 2016
Ping: 27.418 ms
Download: 21.07 Mbit/s
Upload: 0.88 Mbit/s
Sa 4. Jun 18:45:01 CEST 2016
Ping: 22.809 ms
Download: 21.46 Mbit/s
Upload: 0.88 Mbit/s
Sa 4. Jun 19:45:01 CEST 2016
Ping: 22.718 ms
Download: 21.44 Mbit/s
Upload: 0.87 Mbit/s
Sa 4. Jun 20:45:01 CEST 2016
Ping: 24.842 ms
Download: 21.33 Mbit/s
Upload: 0.88 Mbit/s
Sa 4. Jun 21:45:01 CEST 2016
Ping: 29.802 ms
Download: 21.38 Mbit/s
Upload: 0.88 Mbit/s
Sa 4. Jun 22:45:01 CEST 2016
Ping: 25.15 ms
Download: 21.39 Mbit/s
Upload: 0.88 Mbit/s
Sa 4. Jun 23:45:02 CEST 2016
Ping: 38.557 ms
Download: 21.42 Mbit/s
Upload: 0.86 Mbit/s
So 5. Jun 00:45:01 CEST 2016
Ping: 24.882 ms
Download: 19.39 Mbit/s
Upload: 0.88 Mbit/s
So 5. Jun 01:45:01 CEST 2016
Ping: 25.436 ms
Download: 20.95 Mbit/s
Upload: 0.87 Mbit/s
So 5. Jun 02:45:01 CEST 2016
Ping: 21.412 ms
Download: 21.42 Mbit/s
Upload: 0.88 Mbit/s
So 5. Jun 03:45:01 CEST 2016
Ping: 29.02 ms
Download: 21.22 Mbit/s
Upload: 0.89 Mbit/s
So 5. Jun 04:45:02 CEST 2016
Ping: 24.61 ms
Download: 21.45 Mbit/s
Upload: 0.88 Mbit/s
So 5. Jun 05:45:01 CEST 2016
Ping: 21.534 ms
Download: 21.45 Mbit/s
Upload: 0.88 Mbit/s
So 5. Jun 06:45:02 CEST 2016
Ping: 21.016 ms
Download: 21.11 Mbit/s
Upload: 0.88 Mbit/s
So 5. Jun 07:45:01 CEST 2016
Ping: 25.345 ms
Download: 21.36 Mbit/s
Upload: 0.88 Mbit/s
So 5. Jun 08:45:01 CEST 2016
Ping: 23.429 ms
Download: 21.47 Mbit/s
Upload: 0.88 Mbit/s
So 5. Jun 09:45:01 CEST 2016
Ping: 21.638 ms
Download: 21.04 Mbit/s
Upload: 0.88 Mbit/s
So 5. Jun 10:45:02 CEST 2016
Ping: 33.31 ms
Download: 20.67 Mbit/s
Upload: 0.85 Mbit/s
So 5. Jun 11:45:01 CEST 2016
Ping: 23.445 ms
Download: 21.33 Mbit/s
Upload: 0.78 Mbit/s
So 5. Jun 12:45:01 CEST 2016
Ping: 27.412 ms
Download: 20.62 Mbit/s
Upload: 0.89 Mbit/s
So 5. Jun 13:45:01 CEST 2016
Ping: 23.097 ms
Download: 21.42 Mbit/s
Upload: 0.88 Mbit/s
So 5. Jun 14:45:01 CEST 2016
Ping: 23.635 ms
Download: 20.01 Mbit/s
Upload: 0.79 Mbit/s
So 5. Jun 15:45:01 CEST 2016
Ping: 25.373 ms
Download: 20.99 Mbit/s
Upload: 0.87 Mbit/s
So 5. Jun 16:45:01 CEST 2016
Ping: 23.332 ms
Download: 20.57 Mbit/s
Upload: 0.87 Mbit/s
So 5. Jun 17:45:02 CEST 2016
Ping: 29.645 ms
Download: 20.98 Mbit/s
Upload: 0.88 Mbit/s
So 5. Jun 18:45:01 CEST 2016
Ping: 23.027 ms
Download: 21.42 Mbit/s
Upload: 0.88 Mbit/s
So 5. Jun 19:45:01 CEST 2016
Ping: 27.406 ms
Download: 20.84 Mbit/s
Upload: 0.88 Mbit/s
So 5. Jun 20:45:01 CEST 2016
Ping: 23.092 ms
Download: 21.46 Mbit/s
Upload: 0.88 Mbit/s
So 5. Jun 21:45:01 CEST 2016
Ping: 19.986 ms
Download: 21.38 Mbit/s
Upload: 0.88 Mbit/s
So 5. Jun 22:45:01 CEST 2016
Ping: 21.194 ms
Download: 21.12 Mbit/s
Upload: 0.88 Mbit/s
So 5. Jun 23:45:01 CEST 2016
Ping: 21.81 ms
Download: 20.73 Mbit/s
Upload: 0.88 Mbit/s
Mo 6. Jun 00:45:01 CEST 2016
Ping: 25.215 ms
Download: 19.66 Mbit/s
Upload: 0.88 Mbit/s
Mo 6. Jun 01:45:01 CEST 2016
Ping: 25.956 ms
Download: 21.30 Mbit/s
Upload: 0.88 Mbit/s
Mo 6. Jun 02:45:01 CEST 2016
Ping: 24.807 ms
Download: 20.39 Mbit/s
Upload: 0.88 Mbit/s
Mo 6. Jun 03:45:01 CEST 2016
Ping: 22.111 ms
Download: 21.45 Mbit/s
Upload: 0.88 Mbit/s
Mo 6. Jun 04:45:01 CEST 2016
Ping: 37.18 ms
Download: 21.45 Mbit/s
Upload: 0.86 Mbit/s
Mo 6. Jun 05:45:01 CEST 2016
Ping: 31.866 ms
Download: 21.42 Mbit/s
Upload: 0.88 Mbit/s
Mo 6. Jun 06:45:01 CEST 2016
Ping: 22.068 ms
Download: 21.46 Mbit/s
Upload: 0.88 Mbit/s
Mo 6. Jun 07:45:01 CEST 2016
Ping: 21.211 ms
Download: 21.47 Mbit/s
Upload: 0.87 Mbit/s
Mo 6. Jun 08:45:01 CEST 2016
Ping: 29.086 ms
Download: 20.98 Mbit/s
Upload: 0.83 Mbit/s
Mo 6. Jun 09:45:01 CEST 2016
Ping: 23.063 ms
Download: 21.46 Mbit/s
Upload: 0.88 Mbit/s
Mo 6. Jun 10:45:01 CEST 2016
Ping: 34.473 ms
Download: 21.42 Mbit/s
Upload: 0.87 Mbit/s
Mo 6. Jun 11:45:01 CEST 2016
Ping: 24.252 ms
Download: 20.98 Mbit/s
Upload: 0.88 Mbit/s
Mo 6. Jun 12:45:01 CEST 2016
Ping: 30.232 ms
Download: 20.87 Mbit/s
Upload: 0.85 Mbit/s
Mo 6. Jun 13:45:01 CEST 2016
Ping: 23.834 ms
Download: 20.93 Mbit/s
Upload: 0.88 Mbit/s
Mo 6. Jun 14:45:01 CEST 2016
Ping: 24.53 ms
Download: 19.53 Mbit/s
Upload: 0.85 Mbit/s
Mo 6. Jun 15:45:01 CEST 2016
Ping: 30.508 ms
Download: 20.98 Mbit/s
Upload: 0.88 Mbit/s
Mo 6. Jun 16:45:01 CEST 2016
Ping: 23.938 ms
Download: 21.43 Mbit/s
Upload: 0.88 Mbit/s
Mo 6. Jun 17:45:01 CEST 2016
Ping: 21.853 ms
Download: 20.27 Mbit/s
Upload: 0.85 Mbit/s
Mo 6. Jun 18:45:01 CEST 2016
Ping: 27.129 ms
Download: 21.36 Mbit/s
Upload: 0.88 Mbit/s
Mo 6. Jun 19:45:01 CEST 2016
Ping: 25.934 ms
Download: 20.97 Mbit/s
Upload: 0.88 Mbit/s
Mo 6. Jun 20:45:01 CEST 2016
Ping: 20.922 ms
Download: 21.10 Mbit/s
Upload: 0.88 Mbit/s
Mo 6. Jun 21:45:01 CEST 2016
Ping: 22.202 ms
Download: 21.18 Mbit/s
Upload: 0.88 Mbit/s
Mo 6. Jun 22:45:01 CEST 2016
Ping: 26.939 ms
Download: 20.98 Mbit/s
Upload: 0.88 Mbit/s
Mo 6. Jun 23:45:01 CEST 2016
Ping: 22.242 ms
Download: 21.21 Mbit/s
Upload: 0.88 Mbit/s
Di 7. Jun 00:45:02 CEST 2016
Ping: 26.45 ms
Download: 20.54 Mbit/s
Upload: 0.88 Mbit/s
Di 7. Jun 01:45:01 CEST 2016
Ping: 24.205 ms
Download: 21.44 Mbit/s
Upload: 0.88 Mbit/s
Di 7. Jun 02:45:01 CEST 2016
Ping: 20.73 ms
Download: 21.45 Mbit/s
Upload: 0.88 Mbit/s
Di 7. Jun 03:45:02 CEST 2016
Ping: 35.321 ms
Download: 21.41 Mbit/s
Upload: 0.85 Mbit/s
Di 7. Jun 04:45:01 CEST 2016
Ping: 35.18 ms
Download: 21.43 Mbit/s
Upload: 0.88 Mbit/s
Di 7. Jun 05:45:01 CEST 2016
Ping: 20.322 ms
Download: 21.24 Mbit/s
Upload: 0.87 Mbit/s
Di 7. Jun 06:45:01 CEST 2016
Ping: 23.11 ms
Download: 21.13 Mbit/s
Upload: 0.87 Mbit/s
Di 7. Jun 07:45:01 CEST 2016
Ping: 26.081 ms
Download: 21.42 Mbit/s
Upload: 0.88 Mbit/s
Di 7. Jun 08:45:01 CEST 2016
Ping: 27.875 ms
Download: 20.90 Mbit/s
Upload: 0.87 Mbit/s
Di 7. Jun 09:45:01 CEST 2016
Ping: 24.1 ms
Download: 21.45 Mbit/s
Upload: 0.85 Mbit/s
Di 7. Jun 10:45:01 CEST 2016
Ping: 22.366 ms
Download: 20.62 Mbit/s
Upload: 0.88 Mbit/s
Di 7. Jun 11:45:01 CEST 2016
Ping: 21.861 ms
Download: 21.30 Mbit/s
Upload: 0.88 Mbit/s
Di 7. Jun 12:45:01 CEST 2016
Ping: 25.08 ms
Download: 21.11 Mbit/s
Upload: 0.88 Mbit/s
Di 7. Jun 13:45:01 CEST 2016
Ping: 26.275 ms
Download: 21.39 Mbit/s
Upload: 0.88 Mbit/s
Di 7. Jun 14:45:01 CEST 2016
Ping: 27.903 ms
Download: 20.98 Mbit/s
Upload: 0.88 Mbit/s
Di 7. Jun 15:45:01 CEST 2016
Ping: 27.141 ms
Download: 21.10 Mbit/s
Upload: 0.87 Mbit/s
Di 7. Jun 16:45:01 CEST 2016
Ping: 27.23 ms
Download: 20.95 Mbit/s
Upload: 0.87 Mbit/s
Di 7. Jun 17:45:01 CEST 2016
Ping: 25.221 ms
Download: 20.96 Mbit/s
Upload: 0.78 Mbit/s
Di 7. Jun 18:45:01 CEST 2016
Ping: 25.112 ms
Download: 21.40 Mbit/s
Upload: 0.87 Mbit/s
Di 7. Jun 19:45:01 CEST 2016
Ping: 26.1 ms
Download: 21.24 Mbit/s
Upload: 0.86 Mbit/s
Di 7. Jun 20:45:01 CEST 2016
Ping: 23.303 ms
Download: 21.37 Mbit/s
Upload: 0.84 Mbit/s
Di 7. Jun 21:45:01 CEST 2016
Ping: 21.833 ms
Download: 19.91 Mbit/s
Upload: 0.86 Mbit/s
Di 7. Jun 22:45:02 CEST 2016
Ping: 22.407 ms
Download: 20.82 Mbit/s
Upload: 0.88 Mbit/s
Di 7. Jun 23:45:01 CEST 2016
Ping: 21.135 ms
Download: 21.15 Mbit/s
Upload: 0.88 Mbit/s
Mi 8. Jun 00:45:01 CEST 2016
Ping: 27.534 ms
Download: 20.60 Mbit/s
Upload: 0.88 Mbit/s
Mi 8. Jun 01:45:01 CEST 2016
Ping: 22.627 ms
Download: 19.59 Mbit/s
Upload: 0.88 Mbit/s
Mi 8. Jun 02:45:01 CEST 2016
Ping: 35.919 ms
Download: 20.75 Mbit/s
Upload: 0.87 Mbit/s
Mi 8. Jun 03:45:01 CEST 2016
Ping: 34.189 ms
Download: 21.42 Mbit/s
Upload: 0.88 Mbit/s
Mi 8. Jun 04:45:01 CEST 2016
Ping: 22.555 ms
Download: 21.46 Mbit/s
Upload: 0.88 Mbit/s
Mi 8. Jun 05:45:01 CEST 2016
Ping: 23.455 ms
Download: 21.43 Mbit/s
Upload: 0.88 Mbit/s
Mi 8. Jun 06:45:01 CEST 2016
Ping: 24.156 ms
Download: 20.90 Mbit/s
Upload: 0.88 Mbit/s
Mi 8. Jun 07:45:01 CEST 2016
Ping: 22.081 ms
Download: 17.44 Mbit/s
Upload: 0.83 Mbit/s
Mi 8. Jun 08:45:01 CEST 2016
Ping: 34.158 ms
Download: 20.92 Mbit/s
Upload: 0.83 Mbit/s
Mi 8. Jun 09:45:01 CEST 2016
Ping: 26.646 ms
Download: 20.52 Mbit/s
Upload: 0.87 Mbit/s
Mi 8. Jun 10:45:01 CEST 2016
Ping: 31.666 ms
Download: 21.36 Mbit/s
Upload: 0.87 Mbit/s
Mi 8. Jun 11:45:01 CEST 2016
Ping: 23.762 ms
Download: 21.40 Mbit/s
Upload: 0.88 Mbit/s
Mi 8. Jun 12:45:01 CEST 2016
Ping: 30.308 ms
Download: 20.30 Mbit/s
Upload: 0.85 Mbit/s
Mi 8. Jun 13:45:01 CEST 2016
Ping: 21.699 ms
Download: 21.41 Mbit/s
Upload: 0.85 Mbit/s
Mi 8. Jun 14:45:01 CEST 2016
Ping: 21.857 ms
Download: 20.95 Mbit/s
Upload: 0.87 Mbit/s
Mi 8. Jun 15:45:01 CEST 2016
Ping: 23.254 ms
Download: 21.15 Mbit/s
Upload: 0.87 Mbit/s
Mi 8. Jun 16:45:01 CEST 2016
Ping: 27.503 ms
Download: 20.92 Mbit/s
Upload: 0.85 Mbit/s
Mi 8. Jun 17:45:01 CEST 2016
Ping: 22.132 ms
Download: 20.69 Mbit/s
Upload: 0.86 Mbit/s
Mi 8. Jun 18:45:01 CEST 2016
Ping: 31.111 ms
Download: 21.41 Mbit/s
Upload: 0.87 Mbit/s
Mi 8. Jun 19:45:01 CEST 2016
Ping: 29.809 ms
Download: 20.98 Mbit/s
Upload: 0.87 Mbit/s
Mi 8. Jun 20:45:01 CEST 2016
Ping: 21.723 ms
Download: 17.30 Mbit/s
Upload: 0.82 Mbit/s
Mi 8. Jun 21:45:01 CEST 2016
Ping: 23.523 ms
Download: 21.35 Mbit/s
Upload: 0.85 Mbit/s
Mi 8. Jun 22:45:01 CEST 2016
Ping: 22.427 ms
Download: 21.43 Mbit/s
Upload: 0.87 Mbit/s
Mi 8. Jun 23:45:01 CEST 2016
Ping: 31.575 ms
Download: 21.06 Mbit/s
Upload: 0.88 Mbit/s
Do 9. Jun 00:45:01 CEST 2016
Ping: 23.654 ms
Download: 21.38 Mbit/s
Upload: 0.88 Mbit/s
Do 9. Jun 01:45:01 CEST 2016
Ping: 27.85 ms
Download: 20.97 Mbit/s
Upload: 0.87 Mbit/s
Do 9. Jun 02:45:02 CEST 2016
Ping: 25.443 ms
Download: 21.18 Mbit/s
Upload: 0.88 Mbit/s
Do 9. Jun 03:45:01 CEST 2016
Ping: 22.903 ms
Download: 20.68 Mbit/s
Upload: 0.88 Mbit/s
Do 9. Jun 04:45:01 CEST 2016
Ping: 24.348 ms
Download: 21.45 Mbit/s
Upload: 0.88 Mbit/s
Do 9. Jun 05:45:01 CEST 2016
Ping: 22.135 ms
Download: 19.02 Mbit/s
Upload: 0.88 Mbit/s
Do 9. Jun 06:45:01 CEST 2016
Ping: 21.954 ms
Download: 21.26 Mbit/s
Upload: 0.87 Mbit/s
Do 9. Jun 07:45:01 CEST 2016
Ping: 34.95 ms
Download: 21.26 Mbit/s
Upload: 0.88 Mbit/s
Do 9. Jun 08:45:01 CEST 2016
Ping: 23.556 ms
Download: 20.07 Mbit/s
Upload: 0.88 Mbit/s
Do 9. Jun 09:45:01 CEST 2016
Ping: 20.861 ms
Download: 21.43 Mbit/s
Upload: 0.88 Mbit/s
Do 9. Jun 10:45:01 CEST 2016
Ping: 25.174 ms
Download: 21.20 Mbit/s
Upload: 0.88 Mbit/s
Do 9. Jun 11:45:01 CEST 2016
Ping: 19.816 ms
Download: 19.75 Mbit/s
Upload: 0.83 Mbit/s
Do 9. Jun 12:45:02 CEST 2016
Ping: 30.116 ms
Download: 19.32 Mbit/s
Upload: 0.78 Mbit/s
Do 9. Jun 13:45:01 CEST 2016
Ping: 26.242 ms
Download: 20.83 Mbit/s
Upload: 0.86 Mbit/s
Do 9. Jun 14:45:01 CEST 2016
Ping: 26.773 ms
Download: 19.22 Mbit/s
Upload: 0.82 Mbit/s
Do 9. Jun 15:45:01 CEST 2016
Ping: 24.728 ms
Download: 21.15 Mbit/s
Upload: 0.88 Mbit/s
Do 9. Jun 16:45:01 CEST 2016
Ping: 28.993 ms
Download: 20.98 Mbit/s
Upload: 0.87 Mbit/s
Do 9. Jun 17:45:01 CEST 2016
Ping: 22.529 ms
Download: 20.98 Mbit/s
Upload: 0.87 Mbit/s
Do 9. Jun 18:45:01 CEST 2016
Ping: 23.695 ms
Download: 20.31 Mbit/s
Upload: 0.88 Mbit/s
Do 9. Jun 19:45:01 CEST 2016
Ping: 22.673 ms
Download: 20.26 Mbit/s
Upload: 0.88 Mbit/s
Do 9. Jun 20:45:01 CEST 2016
Ping: 27.239 ms
Download: 20.65 Mbit/s
Upload: 0.70 Mbit/s
Do 9. Jun 21:45:01 CEST 2016
Ping: 30.834 ms
Download: 21.38 Mbit/s
Upload: 0.88 Mbit/s
Do 9. Jun 22:45:01 CEST 2016
Ping: 26.712 ms
Download: 21.43 Mbit/s
Upload: 0.88 Mbit/s
Do 9. Jun 23:45:01 CEST 2016
Ping: 29.627 ms
Download: 21.44 Mbit/s
Upload: 0.88 Mbit/s
Fr 10. Jun 00:45:01 CEST 2016
Ping: 20.027 ms
Download: 20.27 Mbit/s
Upload: 0.88 Mbit/s
Fr 10. Jun 01:45:01 CEST 2016
Ping: 31.938 ms
Download: 21.37 Mbit/s
Upload: 0.87 Mbit/s
Fr 10. Jun 02:45:01 CEST 2016
Ping: 29.895 ms
Download: 21.43 Mbit/s
Upload: 0.87 Mbit/s
Fr 10. Jun 03:45:01 CEST 2016
Ping: 23.703 ms
Download: 21.03 Mbit/s
Upload: 0.88 Mbit/s
Fr 10. Jun 04:45:01 CEST 2016
Ping: 29.417 ms
Download: 20.98 Mbit/s
Upload: 0.88 Mbit/s
Fr 10. Jun 05:45:01 CEST 2016
Ping: 21.931 ms
Download: 21.43 Mbit/s
Upload: 0.88 Mbit/s
Fr 10. Jun 06:45:01 CEST 2016
Ping: 23.35 ms
Download: 19.57 Mbit/s
Upload: 0.88 Mbit/s
Fr 10. Jun 07:45:01 CEST 2016
Ping: 30.591 ms
Download: 21.03 Mbit/s
Upload: 0.88 Mbit/s
Fr 10. Jun 08:45:01 CEST 2016
Ping: 29.673 ms
Download: 20.98 Mbit/s
Upload: 0.88 Mbit/s
Fr 10. Jun 09:45:01 CEST 2016
Ping: 25.226 ms
Download: 20.23 Mbit/s
Upload: 0.88 Mbit/s
Fr 10. Jun 10:45:01 CEST 2016
Ping: 25.299 ms
Download: 20.97 Mbit/s
Upload: 0.88 Mbit/s
Fr 10. Jun 11:45:01 CEST 2016
Ping: 24.141 ms
Download: 20.89 Mbit/s
Upload: 0.88 Mbit/s
Fr 10. Jun 12:45:01 CEST 2016
Ping: 24.442 ms
Download: 21.41 Mbit/s
Upload: 0.89 Mbit/s
Fr 10. Jun 13:45:01 CEST 2016
Ping: 32.457 ms
Download: 20.36 Mbit/s
Upload: 0.87 Mbit/s
Fr 10. Jun 14:45:01 CEST 2016
Ping: 26.684 ms
Download: 20.24 Mbit/s
Upload: 0.87 Mbit/s
Fr 10. Jun 15:45:01 CEST 2016
Ping: 31.634 ms
Download: 21.21 Mbit/s
Upload: 0.88 Mbit/s
Fr 10. Jun 16:45:01 CEST 2016
Ping: 20.466 ms
Download: 21.45 Mbit/s
Upload: 0.88 Mbit/s
Fr 10. Jun 17:45:01 CEST 2016
Ping: 28.388 ms
Download: 21.44 Mbit/s
Upload: 0.87 Mbit/s
Fr 10. Jun 18:45:01 CEST 2016
Ping: 30.116 ms
Download: 19.87 Mbit/s
Upload: 0.74 Mbit/s
Fr 10. Jun 19:45:01 CEST 2016
Ping: 22.49 ms
Download: 18.91 Mbit/s
Upload: 0.82 Mbit/s
Fr 10. Jun 20:45:01 CEST 2016
Ping: 22.792 ms
Download: 20.23 Mbit/s
Upload: 0.84 Mbit/s
Fr 10. Jun 21:45:01 CEST 2016
Ping: 25.34 ms
Download: 20.75 Mbit/s
Upload: 0.88 Mbit/s
Fr 10. Jun 22:45:01 CEST 2016
Ping: 24.827 ms
Download: 21.41 Mbit/s
Upload: 0.88 Mbit/s
Fr 10. Jun 23:45:01 CEST 2016
Ping: 26.305 ms
Download: 21.01 Mbit/s
Upload: 0.88 Mbit/s
Sa 11. Jun 00:45:01 CEST 2016
Ping: 21.629 ms
Download: 21.28 Mbit/s
Upload: 0.88 Mbit/s
Sa 11. Jun 01:45:01 CEST 2016
Ping: 23.275 ms
Download: 21.46 Mbit/s
Upload: 0.88 Mbit/s
Sa 11. Jun 02:45:01 CEST 2016
Ping: 23.834 ms
Download: 21.06 Mbit/s
Upload: 0.88 Mbit/s
Sa 11. Jun 03:45:01 CEST 2016
Ping: 23.352 ms
Download: 20.86 Mbit/s
Upload: 0.88 Mbit/s
Sa 11. Jun 04:45:01 CEST 2016
Ping: 20.553 ms
Download: 21.46 Mbit/s
Upload: 0.88 Mbit/s
Sa 11. Jun 05:45:01 CEST 2016
Ping: 25.602 ms
Download: 21.44 Mbit/s
Upload: 0.88 Mbit/s
Sa 11. Jun 06:45:01 CEST 2016
Ping: 22.91 ms
Download: 21.32 Mbit/s
Upload: 0.88 Mbit/s
Sa 11. Jun 07:45:01 CEST 2016
Ping: 29.668 ms
Download: 20.93 Mbit/s
Upload: 0.85 Mbit/s
Sa 11. Jun 08:45:01 CEST 2016
Ping: 29.213 ms
Download: 20.95 Mbit/s
Upload: 0.88 Mbit/s
Sa 11. Jun 09:45:01 CEST 2016
Ping: 22.867 ms
Download: 21.45 Mbit/s
Upload: 0.88 Mbit/s
Sa 11. Jun 10:45:01 CEST 2016
Ping: 22.941 ms
Download: 21.38 Mbit/s
Upload: 0.88 Mbit/s
Sa 11. Jun 11:45:01 CEST 2016
Ping: 22.179 ms
Download: 20.45 Mbit/s
Upload: 0.87 Mbit/s
Sa 11. Jun 12:45:01 CEST 2016
Ping: 23.858 ms
Download: 21.15 Mbit/s
Upload: 0.88 Mbit/s
Sa 11. Jun 13:45:01 CEST 2016
Ping: 33.126 ms
Download: 21.09 Mbit/s
Upload: 0.85 Mbit/s
Sa 11. Jun 14:45:01 CEST 2016
Ping: 29.267 ms
Download: 20.98 Mbit/s
Upload: 0.87 Mbit/s
Sa 11. Jun 15:45:01 CEST 2016
Ping: 23.279 ms
Download: 21.26 Mbit/s
Upload: 0.88 Mbit/s
Sa 11. Jun 16:45:01 CEST 2016
Ping: 21.698 ms
Download: 21.24 Mbit/s
Upload: 0.87 Mbit/s
Sa 11. Jun 17:45:01 CEST 2016
Ping: 26.771 ms
Download: 21.09 Mbit/s
Upload: 0.88 Mbit/s
Sa 11. Jun 18:45:01 CEST 2016
Ping: 24.94 ms
Download: 18.38 Mbit/s
Upload: 0.89 Mbit/s
Sa 11. Jun 19:45:01 CEST 2016
Ping: 23.715 ms
Download: 20.97 Mbit/s
Upload: 0.88 Mbit/s
Sa 11. Jun 20:45:01 CEST 2016
Ping: 22.115 ms
Download: 21.41 Mbit/s
Upload: 0.88 Mbit/s
Sa 11. Jun 21:45:01 CEST 2016
Ping: 24.077 ms
Download: 20.78 Mbit/s
Upload: 0.87 Mbit/s
Sa 11. Jun 22:45:01 CEST 2016
Ping: 24.631 ms
Download: 21.41 Mbit/s
Upload: 0.86 Mbit/s
Sa 11. Jun 23:45:01 CEST 2016
Ping: 21.445 ms
Download: 21.46 Mbit/s
Upload: 0.88 Mbit/s
So 12. Jun 00:45:01 CEST 2016
Ping: 22.747 ms
Download: 21.33 Mbit/s
Upload: 0.88 Mbit/s
So 12. Jun 01:45:01 CEST 2016
Ping: 21.786 ms
Download: 20.89 Mbit/s
Upload: 0.88 Mbit/s
So 12. Jun 02:45:01 CEST 2016
Ping: 22.774 ms
Download: 21.43 Mbit/s
Upload: 0.88 Mbit/s
So 12. Jun 03:45:01 CEST 2016
Ping: 23.824 ms
Download: 21.21 Mbit/s
Upload: 0.88 Mbit/s
So 12. Jun 04:45:01 CEST 2016
Ping: 30.458 ms
Download: 20.96 Mbit/s
Upload: 0.88 Mbit/s
So 12. Jun 05:45:01 CEST 2016
Ping: 20.106 ms
Download: 21.03 Mbit/s
Upload: 0.88 Mbit/s
So 12. Jun 06:45:01 CEST 2016
Ping: 20.75 ms
Download: 20.98 Mbit/s
Upload: 0.88 Mbit/s
So 12. Jun 07:45:01 CEST 2016
Ping: 20.583 ms
Download: 21.39 Mbit/s
Upload: 0.87 Mbit/s
So 12. Jun 08:45:01 CEST 2016
Ping: 22.18 ms
Download: 18.60 Mbit/s
Upload: 0.70 Mbit/s
So 12. Jun 09:45:01 CEST 2016
Ping: 22.646 ms
Download: 20.05 Mbit/s
Upload: 0.86 Mbit/s
So 12. Jun 10:45:01 CEST 2016
Ping: 22.781 ms
Download: 21.28 Mbit/s
Upload: 0.87 Mbit/s
So 12. Jun 11:45:01 CEST 2016
Ping: 27.582 ms
Download: 17.23 Mbit/s
Upload: 0.81 Mbit/s
So 12. Jun 12:45:01 CEST 2016
Ping: 21.953 ms
Download: 19.59 Mbit/s
Upload: 0.82 Mbit/s
So 12. Jun 13:45:01 CEST 2016
Ping: 28.799 ms
Download: 16.78 Mbit/s
Upload: 0.79 Mbit/s
So 12. Jun 14:45:01 CEST 2016
Ping: 22.19 ms
Download: 21.11 Mbit/s
Upload: 0.86 Mbit/s
So 12. Jun 15:45:01 CEST 2016
Ping: 29.347 ms
Download: 20.95 Mbit/s
Upload: 0.85 Mbit/s
So 12. Jun 16:45:01 CEST 2016
Ping: 22.732 ms
Download: 20.70 Mbit/s
Upload: 0.88 Mbit/s
So 12. Jun 17:45:01 CEST 2016
Ping: 22.362 ms
Download: 21.02 Mbit/s
Upload: 0.88 Mbit/s
So 12. Jun 18:45:01 CEST 2016
Ping: 22.664 ms
Download: 21.47 Mbit/s
Upload: 0.88 Mbit/s
So 12. Jun 19:45:01 CEST 2016
Ping: 25.012 ms
Download: 19.05 Mbit/s
Upload: 0.82 Mbit/s
So 12. Jun 20:45:01 CEST 2016
Ping: 22.778 ms
Download: 20.32 Mbit/s
Upload: 0.86 Mbit/s
So 12. Jun 21:45:01 CEST 2016
Ping: 22.016 ms
Download: 21.42 Mbit/s
Upload: 0.88 Mbit/s
So 12. Jun 22:45:01 CEST 2016
Ping: 23.934 ms
Download: 21.15 Mbit/s
Upload: 0.87 Mbit/s
So 12. Jun 23:45:02 CEST 2016
Ping: 34.94 ms
Download: 21.41 Mbit/s
Upload: 0.84 Mbit/s
Mo 13. Jun 00:45:01 CEST 2016
Ping: 31.231 ms
Download: 21.31 Mbit/s
Upload: 0.88 Mbit/s
Mo 13. Jun 01:45:01 CEST 2016
Ping: 20.959 ms
Download: 21.28 Mbit/s
Upload: 0.88 Mbit/s
Mo 13. Jun 02:45:01 CEST 2016
Ping: 26.903 ms
Download: 21.21 Mbit/s
Upload: 0.88 Mbit/s
Mo 13. Jun 03:45:01 CEST 2016
Ping: 19.579 ms
Download: 21.33 Mbit/s
Upload: 0.88 Mbit/s
Mo 13. Jun 04:45:01 CEST 2016
Ping: 32.332 ms
Download: 21.41 Mbit/s
Upload: 0.87 Mbit/s
Mo 13. Jun 05:45:01 CEST 2016
Ping: 26.146 ms
Download: 19.36 Mbit/s
Upload: 0.88 Mbit/s
Mo 13. Jun 06:45:01 CEST 2016
Ping: 30.06 ms
Download: 20.95 Mbit/s
Upload: 0.86 Mbit/s
Mo 13. Jun 07:45:01 CEST 2016
Ping: 22.011 ms
Download: 19.37 Mbit/s
Upload: 0.80 Mbit/s
Mo 13. Jun 08:45:01 CEST 2016
Ping: 21.332 ms
Download: 18.62 Mbit/s
Upload: 0.75 Mbit/s
Mo 13. Jun 09:45:01 CEST 2016
Ping: 21.824 ms
Download: 21.15 Mbit/s
Upload: 0.88 Mbit/s
Mo 13. Jun 10:45:01 CEST 2016
Ping: 21.535 ms
Download: 21.39 Mbit/s
Upload: 0.88 Mbit/s
Mo 13. Jun 11:45:01 CEST 2016
Ping: 22.193 ms
Download: 20.64 Mbit/s
Upload: 0.89 Mbit/s
Mo 13. Jun 12:45:01 CEST 2016
Ping: 22.351 ms
Download: 19.48 Mbit/s
Upload: 0.88 Mbit/s
Mo 13. Jun 13:45:01 CEST 2016
Ping: 34.184 ms
Download: 21.24 Mbit/s
Upload: 0.84 Mbit/s
Mo 13. Jun 14:45:01 CEST 2016
Ping: 31.001 ms
Download: 20.76 Mbit/s
Upload: 0.87 Mbit/s
Mo 13. Jun 15:45:01 CEST 2016
Ping: 29.439 ms
Download: 19.81 Mbit/s
Upload: 0.81 Mbit/s
Mo 13. Jun 16:45:01 CEST 2016
Ping: 23.627 ms
Download: 21.32 Mbit/s
Upload: 0.88 Mbit/s
Mo 13. Jun 17:45:01 CEST 2016
Ping: 23.761 ms
Download: 20.65 Mbit/s
Upload: 0.87 Mbit/s
Mo 13. Jun 18:45:01 CEST 2016
Ping: 21.573 ms
Download: 21.33 Mbit/s
Upload: 0.87 Mbit/s
Mo 13. Jun 19:45:01 CEST 2016
Ping: 26.944 ms
Download: 18.27 Mbit/s
Upload: 0.83 Mbit/s
Mo 13. Jun 20:45:01 CEST 2016
Ping: 24.147 ms
Download: 21.39 Mbit/s
Upload: 0.84 Mbit/s
Mo 13. Jun 21:45:01 CEST 2016
Ping: 22.312 ms
Download: 17.59 Mbit/s
Upload: 0.72 Mbit/s
Mo 13. Jun 22:45:01 CEST 2016
Ping: 23.46 ms
Download: 20.57 Mbit/s
Upload: 0.89 Mbit/s
Mo 13. Jun 23:45:01 CEST 2016
Ping: 21.465 ms
Download: 20.07 Mbit/s
Upload: 0.88 Mbit/s
Di 14. Jun 00:45:01 CEST 2016
Ping: 27.969 ms
Download: 20.98 Mbit/s
Upload: 0.88 Mbit/s
Di 14. Jun 01:45:02 CEST 2016
Ping: 29.603 ms
Download: 20.53 Mbit/s
Upload: 0.88 Mbit/s
Di 14. Jun 02:45:01 CEST 2016
Ping: 24.527 ms
Download: 21.44 Mbit/s
Upload: 0.88 Mbit/s
Di 14. Jun 03:45:01 CEST 2016
Ping: 26.93 ms
Download: 20.56 Mbit/s
Upload: 0.88 Mbit/s
Di 14. Jun 04:45:01 CEST 2016
Ping: 21.574 ms
Download: 21.45 Mbit/s
Upload: 0.88 Mbit/s
Di 14. Jun 05:45:01 CEST 2016
Ping: 26.798 ms
Download: 21.42 Mbit/s
Upload: 0.88 Mbit/s
Di 14. Jun 06:45:01 CEST 2016
Ping: 25.052 ms
Download: 21.01 Mbit/s
Upload: 0.88 Mbit/s
Di 14. Jun 07:45:01 CEST 2016
Ping: 25.033 ms
Download: 21.04 Mbit/s
Upload: 0.87 Mbit/s
Di 14. Jun 08:45:01 CEST 2016
Ping: 21.458 ms
Download: 21.44 Mbit/s
Upload: 0.88 Mbit/s
Di 14. Jun 09:45:01 CEST 2016
Ping: 23.791 ms
Download: 19.63 Mbit/s
Upload: 0.75 Mbit/s
Di 14. Jun 10:45:01 CEST 2016
Ping: 19.803 ms
Download: 20.64 Mbit/s
Upload: 0.83 Mbit/s
Di 14. Jun 11:45:01 CEST 2016
Ping: 25.886 ms
Download: 20.27 Mbit/s
Upload: 0.87 Mbit/s
Di 14. Jun 12:45:01 CEST 2016
Ping: 22.547 ms
Download: 21.18 Mbit/s
Upload: 0.87 Mbit/s
Di 14. Jun 13:45:01 CEST 2016
Ping: 28.571 ms
Download: 20.06 Mbit/s
Upload: 0.80 Mbit/s
Di 14. Jun 14:45:01 CEST 2016
Ping: 23.151 ms
Download: 20.94 Mbit/s
Upload: 0.88 Mbit/s
Di 14. Jun 15:45:01 CEST 2016
Ping: 22.184 ms
Download: 20.45 Mbit/s
Upload: 0.86 Mbit/s
Di 14. Jun 16:45:01 CEST 2016
Ping: 33.756 ms
Download: 20.69 Mbit/s
Upload: 0.88 Mbit/s
Di 14. Jun 17:45:01 CEST 2016
Ping: 22.565 ms
Download: 21.18 Mbit/s
Upload: 0.89 Mbit/s
Di 14. Jun 18:45:01 CEST 2016
Ping: 25.83 ms
Download: 19.40 Mbit/s
Upload: 0.87 Mbit/s
Di 14. Jun 19:45:01 CEST 2016
Ping: 33.44 ms
Download: 21.32 Mbit/s
Upload: 0.87 Mbit/s
Di 14. Jun 20:45:01 CEST 2016
Ping: 24.594 ms
Download: 21.44 Mbit/s
Upload: 0.87 Mbit/s
Di 14. Jun 21:45:01 CEST 2016
Ping: 24.929 ms
Download: 21.30 Mbit/s
Upload: 0.88 Mbit/s
Di 14. Jun 22:45:01 CEST 2016
Ping: 29.887 ms
Download: 20.99 Mbit/s
Upload: 0.87 Mbit/s
Di 14. Jun 23:45:01 CEST 2016
Ping: 27.353 ms
Download: 20.69 Mbit/s
Upload: 0.88 Mbit/s
Mi 15. Jun 00:45:01 CEST 2016
Ping: 22.948 ms
Download: 21.38 Mbit/s
Upload: 0.87 Mbit/s
Mi 15. Jun 01:45:01 CEST 2016
Ping: 23.601 ms
Download: 21.18 Mbit/s
Upload: 0.88 Mbit/s
Mi 15. Jun 02:45:01 CEST 2016
Ping: 25.222 ms
Download: 21.45 Mbit/s
Upload: 0.89 Mbit/s
Mi 15. Jun 03:45:01 CEST 2016
Ping: 24.559 ms
Download: 21.44 Mbit/s
Upload: 0.88 Mbit/s
Mi 15. Jun 04:45:01 CEST 2016
Ping: 24.043 ms
Download: 21.24 Mbit/s
Upload: 0.85 Mbit/s
Mi 15. Jun 05:45:01 CEST 2016
Ping: 23.462 ms
Download: 20.77 Mbit/s
Upload: 0.88 Mbit/s
Mi 15. Jun 06:45:01 CEST 2016
Ping: 22.713 ms
Download: 21.45 Mbit/s
Upload: 0.88 Mbit/s
Mi 15. Jun 07:45:01 CEST 2016
Ping: 34.491 ms
Download: 20.78 Mbit/s
Upload: 0.86 Mbit/s
Mi 15. Jun 08:45:01 CEST 2016
Ping: 23.704 ms
Download: 20.47 Mbit/s
Upload: 0.88 Mbit/s
Mi 15. Jun 09:45:01 CEST 2016
Ping: 33.139 ms
Download: 21.42 Mbit/s
Upload: 0.88 Mbit/s
Mi 15. Jun 10:45:01 CEST 2016
Ping: 27.511 ms
Download: 21.39 Mbit/s
Upload: 0.88 Mbit/s
Mi 15. Jun 11:45:01 CEST 2016
Ping: 24.109 ms
Download: 21.38 Mbit/s
Upload: 0.87 Mbit/s
Mi 15. Jun 12:45:01 CEST 2016
Ping: 26.508 ms
Download: 18.85 Mbit/s
Upload: 0.87 Mbit/s
Mi 15. Jun 13:45:01 CEST 2016
Ping: 24.087 ms
Download: 18.51 Mbit/s
Upload: 0.85 Mbit/s
Mi 15. Jun 14:45:01 CEST 2016
Ping: 27.087 ms
Download: 20.35 Mbit/s
Upload: 0.86 Mbit/s
Mi 15. Jun 15:45:02 CEST 2016
Ping: 40.817 ms
Download: 15.63 Mbit/s
Upload: 0.74 Mbit/s
Mi 15. Jun 16:45:01 CEST 2016
Ping: 23.208 ms
Download: 19.96 Mbit/s
Upload: 0.63 Mbit/s
Mi 15. Jun 17:45:01 CEST 2016
Ping: 23.276 ms
Download: 21.40 Mbit/s
Upload: 0.88 Mbit/s
Mi 15. Jun 18:45:01 CEST 2016
Ping: 23.866 ms
Download: 21.04 Mbit/s
Upload: 0.88 Mbit/s
Mi 15. Jun 19:45:01 CEST 2016
Ping: 22.558 ms
Download: 16.49 Mbit/s
Upload: 0.76 Mbit/s
Mi 15. Jun 20:45:01 CEST 2016
Ping: 21.851 ms
Download: 18.94 Mbit/s
Upload: 0.83 Mbit/s
Mi 15. Jun 21:45:01 CEST 2016
Ping: 25.808 ms
Download: 21.10 Mbit/s
Upload: 0.88 Mbit/s
Mi 15. Jun 22:45:01 CEST 2016
Ping: 25.611 ms
Download: 20.98 Mbit/s
Upload: 0.86 Mbit/s
Mi 15. Jun 23:45:01 CEST 2016
Ping: 29.894 ms
Download: 21.00 Mbit/s
Upload: 0.88 Mbit/s
Do 16. Jun 00:45:01 CEST 2016
Ping: 25.472 ms
Download: 21.41 Mbit/s
Upload: 0.88 Mbit/s
Do 16. Jun 01:45:01 CEST 2016
Ping: 27.33 ms
Download: 20.98 Mbit/s
Upload: 0.88 Mbit/s
Do 16. Jun 02:45:01 CEST 2016
Ping: 26.298 ms
Download: 21.12 Mbit/s
Upload: 0.88 Mbit/s
Do 16. Jun 03:45:01 CEST 2016
Ping: 34.947 ms
Download: 21.44 Mbit/s
Upload: 0.88 Mbit/s
Do 16. Jun 04:45:01 CEST 2016
Ping: 22.03 ms
Download: 21.03 Mbit/s
Upload: 0.88 Mbit/s
Do 16. Jun 05:45:01 CEST 2016
Ping: 25.922 ms
Download: 21.12 Mbit/s
Upload: 0.88 Mbit/s
Do 16. Jun 06:45:01 CEST 2016
Ping: 23.053 ms
Download: 21.35 Mbit/s
Upload: 0.88 Mbit/s
Do 16. Jun 07:45:01 CEST 2016
Ping: 26.69 ms
Download: 21.41 Mbit/s
Upload: 0.88 Mbit/s
Do 16. Jun 08:45:01 CEST 2016
Ping: 26.093 ms
Download: 20.98 Mbit/s
Upload: 0.87 Mbit/s
Do 16. Jun 09:45:01 CEST 2016
Ping: 25.268 ms
Download: 21.26 Mbit/s
Upload: 0.87 Mbit/s
Do 16. Jun 10:45:01 CEST 2016
Ping: 27.272 ms
Download: 21.09 Mbit/s
Upload: 0.87 Mbit/s
Do 16. Jun 11:45:01 CEST 2016
Ping: 32.838 ms
Download: 21.29 Mbit/s
Upload: 0.80 Mbit/s
Do 16. Jun 12:45:01 CEST 2016
Ping: 23.71 ms
Download: 20.89 Mbit/s
Upload: 0.83 Mbit/s
Do 16. Jun 13:45:01 CEST 2016
Ping: 23.021 ms
Download: 19.47 Mbit/s
Upload: 0.88 Mbit/s
Do 16. Jun 14:45:01 CEST 2016
Ping: 20.969 ms
Download: 18.35 Mbit/s
Upload: 0.85 Mbit/s
Do 16. Jun 15:45:01 CEST 2016
Ping: 22.557 ms
Download: 20.82 Mbit/s
Upload: 0.84 Mbit/s
Do 16. Jun 16:45:01 CEST 2016
Ping: 22.917 ms
Download: 21.41 Mbit/s
Upload: 0.88 Mbit/s
Do 16. Jun 17:45:01 CEST 2016
Ping: 23.012 ms
Download: 21.18 Mbit/s
Upload: 0.88 Mbit/s
Do 16. Jun 18:45:01 CEST 2016
Ping: 28.113 ms
Download: 20.75 Mbit/s
Upload: 0.84 Mbit/s
Do 16. Jun 19:45:01 CEST 2016
Ping: 23.145 ms
Download: 21.41 Mbit/s
Upload: 0.86 Mbit/s
Do 16. Jun 20:45:01 CEST 2016
Ping: 32.408 ms
Download: 17.23 Mbit/s
Upload: 0.56 Mbit/s
Do 16. Jun 21:45:02 CEST 2016
Ping: 22.998 ms
Download: 20.50 Mbit/s
Upload: 0.87 Mbit/s
Do 16. Jun 22:45:01 CEST 2016
Ping: 23.66 ms
Download: 21.44 Mbit/s
Upload: 0.88 Mbit/s
Do 16. Jun 23:45:01 CEST 2016
Ping: 26.19 ms
Download: 21.24 Mbit/s
Upload: 0.88 Mbit/s
Fr 17. Jun 00:45:01 CEST 2016
Ping: 22.695 ms
Download: 21.19 Mbit/s
Upload: 0.88 Mbit/s
Fr 17. Jun 01:45:01 CEST 2016
Ping: 22.473 ms
Download: 21.38 Mbit/s
Upload: 0.88 Mbit/s
Fr 17. Jun 02:45:01 CEST 2016
Ping: 23.054 ms
Download: 21.24 Mbit/s
Upload: 0.88 Mbit/s
Fr 17. Jun 03:45:01 CEST 2016
Ping: 23.497 ms
Download: 21.43 Mbit/s
Upload: 0.87 Mbit/s
Fr 17. Jun 04:45:01 CEST 2016
Ping: 22.867 ms
Download: 21.33 Mbit/s
Upload: 0.88 Mbit/s
Fr 17. Jun 05:45:01 CEST 2016
Ping: 25.909 ms
Download: 21.39 Mbit/s
Upload: 0.88 Mbit/s
Fr 17. Jun 06:45:01 CEST 2016
Ping: 26.365 ms
Download: 21.18 Mbit/s
Upload: 0.88 Mbit/s
Fr 17. Jun 07:45:01 CEST 2016
Ping: 31.913 ms
Download: 18.95 Mbit/s
Upload: 0.81 Mbit/s
Fr 17. Jun 08:45:01 CEST 2016
Ping: 22.286 ms
Download: 21.20 Mbit/s
Upload: 0.87 Mbit/s
Fr 17. Jun 09:45:01 CEST 2016
Ping: 25.14 ms
Download: 20.95 Mbit/s
Upload: 0.88 Mbit/s
Fr 17. Jun 10:45:01 CEST 2016
Ping: 29.477 ms
Download: 20.93 Mbit/s
Upload: 0.87 Mbit/s
Fr 17. Jun 11:45:01 CEST 2016
Ping: 24.008 ms
Download: 21.38 Mbit/s
Upload: 0.87 Mbit/s
Fr 17. Jun 12:45:01 CEST 2016
Ping: 35.498 ms
Download: 21.29 Mbit/s
Upload: 0.87 Mbit/s
Fr 17. Jun 13:45:01 CEST 2016
Ping: 24.907 ms
Download: 20.19 Mbit/s
Upload: 0.81 Mbit/s
Fr 17. Jun 14:45:01 CEST 2016
Ping: 31.514 ms
Download: 20.85 Mbit/s
Upload: 0.63 Mbit/s
Fr 17. Jun 15:45:01 CEST 2016
Ping: 27.706 ms
Download: 20.92 Mbit/s
Upload: 0.87 Mbit/s
Fr 17. Jun 16:45:01 CEST 2016
Ping: 24.724 ms
Download: 20.89 Mbit/s
Upload: 0.88 Mbit/s
Fr 17. Jun 17:45:01 CEST 2016
Ping: 22.545 ms
Download: 21.18 Mbit/s
Upload: 0.88 Mbit/s
Fr 17. Jun 18:45:01 CEST 2016
Ping: 29.389 ms
Download: 20.20 Mbit/s
Upload: 0.82 Mbit/s
Fr 17. Jun 19:45:01 CEST 2016
Ping: 23.696 ms
Download: 20.95 Mbit/s
Upload: 0.88 Mbit/s
Fr 17. Jun 20:45:01 CEST 2016
Ping: 36.675 ms
Download: 18.15 Mbit/s
Upload: 0.84 Mbit/s
Fr 17. Jun 21:45:01 CEST 2016
Ping: 25.913 ms
Download: 17.90 Mbit/s
Upload: 0.83 Mbit/s
Fr 17. Jun 22:45:01 CEST 2016
Ping: 27.094 ms
Download: 20.05 Mbit/s
Upload: 0.81 Mbit/s
Fr 17. Jun 23:45:02 CEST 2016
Ping: 33.388 ms
Download: 20.40 Mbit/s
Upload: 0.84 Mbit/s
Sa 18. Jun 00:45:01 CEST 2016
Ping: 21.67 ms
Download: 21.36 Mbit/s
Upload: 0.88 Mbit/s
Sa 18. Jun 01:45:01 CEST 2016
Ping: 30.49 ms
Download: 20.98 Mbit/s
Upload: 0.88 Mbit/s
Sa 18. Jun 02:45:01 CEST 2016
Ping: 22.822 ms
Download: 21.02 Mbit/s
Upload: 0.88 Mbit/s
Sa 18. Jun 03:45:01 CEST 2016
Ping: 36.472 ms
Download: 21.45 Mbit/s
Upload: 0.88 Mbit/s
Sa 18. Jun 04:45:01 CEST 2016
Ping: 22.591 ms
Download: 21.16 Mbit/s
Upload: 0.88 Mbit/s
Sa 18. Jun 05:45:02 CEST 2016
Ping: 30.157 ms
Download: 21.00 Mbit/s
Upload: 0.88 Mbit/s
Sa 18. Jun 06:45:01 CEST 2016
Ping: 30.064 ms
Download: 20.97 Mbit/s
Upload: 0.88 Mbit/s
Sa 18. Jun 07:45:02 CEST 2016
Ping: 27.746 ms
Download: 20.76 Mbit/s
Upload: 0.86 Mbit/s
Sa 18. Jun 08:45:01 CEST 2016
Ping: 29.145 ms
Download: 20.40 Mbit/s
Upload: 0.87 Mbit/s
Sa 18. Jun 09:45:01 CEST 2016
Ping: 27.443 ms
Download: 21.32 Mbit/s
Upload: 0.82 Mbit/s
Sa 18. Jun 10:45:01 CEST 2016
Ping: 24.663 ms
Download: 20.99 Mbit/s
Upload: 0.88 Mbit/s
Sa 18. Jun 11:45:01 CEST 2016
Ping: 23.909 ms
Download: 19.00 Mbit/s
Upload: 0.79 Mbit/s
Sa 18. Jun 12:45:01 CEST 2016
Ping: 27.539 ms
Download: 20.98 Mbit/s
Upload: 0.86 Mbit/s
Sa 18. Jun 13:45:01 CEST 2016
Ping: 28.367 ms
Download: 19.28 Mbit/s
Upload: 0.79 Mbit/s
Sa 18. Jun 14:45:01 CEST 2016
Ping: 23.755 ms
Download: 20.28 Mbit/s
Upload: 0.86 Mbit/s
Sa 18. Jun 15:45:01 CEST 2016
Ping: 25.283 ms
Download: 17.02 Mbit/s
Upload: 0.85 Mbit/s
Sa 18. Jun 16:45:01 CEST 2016
Ping: 22.821 ms
Download: 18.53 Mbit/s
Upload: 0.83 Mbit/s
Sa 18. Jun 17:45:01 CEST 2016
Ping: 25.909 ms
Download: 19.48 Mbit/s
Upload: 0.83 Mbit/s
Sa 18. Jun 18:45:01 CEST 2016
Ping: 24.119 ms
Download: 20.81 Mbit/s
Upload: 0.84 Mbit/s
Sa 18. Jun 19:45:01 CEST 2016
Ping: 30.672 ms
Download: 21.28 Mbit/s
Upload: 0.87 Mbit/s
Sa 18. Jun 20:45:01 CEST 2016
Ping: 27.615 ms
Download: 19.03 Mbit/s
Upload: 0.80 Mbit/s
Sa 18. Jun 21:45:01 CEST 2016
Ping: 28.369 ms
Download: 20.78 Mbit/s
Upload: 0.75 Mbit/s
Sa 18. Jun 22:45:01 CEST 2016
Ping: 23.501 ms
Download: 19.51 Mbit/s
Upload: 0.88 Mbit/s
Sa 18. Jun 23:45:01 CEST 2016
Ping: 34.848 ms
Download: 21.33 Mbit/s
Upload: 0.87 Mbit/s
So 19. Jun 00:45:01 CEST 2016
Ping: 23.259 ms
Download: 16.53 Mbit/s
Upload: 0.71 Mbit/s
So 19. Jun 01:45:01 CEST 2016
Ping: 22.714 ms
Download: 21.33 Mbit/s
Upload: 0.88 Mbit/s
So 19. Jun 02:45:01 CEST 2016
Ping: 21.509 ms
Download: 20.93 Mbit/s
Upload: 0.88 Mbit/s
So 19. Jun 03:45:01 CEST 2016
Ping: 29.475 ms
Download: 20.24 Mbit/s
Upload: 0.88 Mbit/s
So 19. Jun 04:45:01 CEST 2016
Ping: 36.566 ms
Download: 21.18 Mbit/s
Upload: 0.86 Mbit/s
So 19. Jun 05:45:01 CEST 2016
Ping: 35.524 ms
Download: 21.41 Mbit/s
Upload: 0.87 Mbit/s
So 19. Jun 06:45:01 CEST 2016
Ping: 25.724 ms
Download: 21.46 Mbit/s
Upload: 0.88 Mbit/s
So 19. Jun 07:45:01 CEST 2016
Ping: 23.412 ms
Download: 21.15 Mbit/s
Upload: 0.84 Mbit/s
So 19. Jun 08:45:01 CEST 2016
Ping: 24.305 ms
Download: 17.38 Mbit/s
Upload: 0.79 Mbit/s
So 19. Jun 09:45:01 CEST 2016
Ping: 23.495 ms
Download: 21.15 Mbit/s
Upload: 0.87 Mbit/s
So 19. Jun 10:45:01 CEST 2016
Ping: 35.925 ms
Download: 20.60 Mbit/s
Upload: 0.86 Mbit/s
So 19. Jun 11:45:01 CEST 2016
Ping: 28.909 ms
Download: 20.60 Mbit/s
Upload: 0.88 Mbit/s
So 19. Jun 12:45:01 CEST 2016
Ping: 37.593 ms
Download: 21.28 Mbit/s
Upload: 0.86 Mbit/s
So 19. Jun 13:45:01 CEST 2016
Ping: 25.512 ms
Download: 21.43 Mbit/s
Upload: 0.88 Mbit/s
So 19. Jun 14:45:01 CEST 2016
Ping: 24.687 ms
Download: 21.12 Mbit/s
Upload: 0.89 Mbit/s
So 19. Jun 15:45:01 CEST 2016
Ping: 32.256 ms
Download: 21.29 Mbit/s
Upload: 0.88 Mbit/s
So 19. Jun 16:45:01 CEST 2016
Ping: 25.503 ms
Download: 20.51 Mbit/s
Upload: 0.88 Mbit/s
So 19. Jun 17:45:01 CEST 2016
Ping: 32.222 ms
Download: 21.43 Mbit/s
Upload: 0.88 Mbit/s
So 19. Jun 18:45:01 CEST 2016
Ping: 24.298 ms
Download: 19.97 Mbit/s
Upload: 0.88 Mbit/s
So 19. Jun 19:45:01 CEST 2016
Ping: 31.122 ms
Download: 20.56 Mbit/s
Upload: 0.88 Mbit/s
So 19. Jun 20:45:02 CEST 2016
Ping: 26.79 ms
Download: 20.90 Mbit/s
Upload: 0.87 Mbit/s
So 19. Jun 21:45:01 CEST 2016
Ping: 23.218 ms
Download: 21.12 Mbit/s
Upload: 0.88 Mbit/s
So 19. Jun 22:45:01 CEST 2016
Ping: 24.245 ms
Download: 21.46 Mbit/s
Upload: 0.88 Mbit/s
So 19. Jun 23:45:01 CEST 2016
Ping: 23.843 ms
Download: 19.07 Mbit/s
Upload: 0.84 Mbit/s
Mo 20. Jun 00:45:01 CEST 2016
Ping: 22.147 ms
Download: 21.45 Mbit/s
Upload: 0.88 Mbit/s
Mo 20. Jun 01:45:01 CEST 2016
Ping: 22.637 ms
Download: 21.45 Mbit/s
Upload: 0.88 Mbit/s
Mo 20. Jun 02:45:01 CEST 2016
Ping: 22.014 ms
Download: 21.12 Mbit/s
Upload: 0.88 Mbit/s
Mo 20. Jun 03:45:02 CEST 2016
Ping: 30.414 ms
Download: 20.56 Mbit/s
Upload: 0.88 Mbit/s
Mo 20. Jun 04:45:01 CEST 2016
Ping: 21.816 ms
Download: 21.03 Mbit/s
Upload: 0.88 Mbit/s
Mo 20. Jun 05:45:01 CEST 2016
Ping: 28.366 ms
Download: 20.98 Mbit/s
Upload: 0.88 Mbit/s
Mo 20. Jun 06:45:01 CEST 2016
Ping: 23.425 ms
Download: 21.27 Mbit/s
Upload: 0.88 Mbit/s
Mo 20. Jun 07:45:01 CEST 2016
Ping: 31.69 ms
Download: 21.01 Mbit/s
Upload: 0.88 Mbit/s
Mo 20. Jun 08:45:01 CEST 2016
Ping: 25.934 ms
Download: 18.99 Mbit/s
Upload: 0.65 Mbit/s
Mo 20. Jun 09:45:01 CEST 2016
Ping: 23.09 ms
Download: 18.91 Mbit/s
Upload: 0.58 Mbit/s
Mo 20. Jun 10:45:01 CEST 2016
Ping: 26.701 ms
Download: 17.01 Mbit/s
Upload: 0.68 Mbit/s
Mo 20. Jun 11:45:01 CEST 2016
Ping: 26.059 ms
Download: 17.53 Mbit/s
Upload: 0.69 Mbit/s
Mo 20. Jun 12:45:01 CEST 2016
Ping: 21.907 ms
Download: 20.72 Mbit/s
Upload: 0.88 Mbit/s
Mo 20. Jun 13:45:01 CEST 2016
Ping: 24.026 ms
Download: 20.38 Mbit/s
Upload: 0.88 Mbit/s
Mo 20. Jun 14:45:01 CEST 2016
Ping: 26.682 ms
Download: 20.29 Mbit/s
Upload: 0.88 Mbit/s
Mo 20. Jun 15:45:01 CEST 2016
Ping: 27.163 ms
Download: 20.48 Mbit/s
Upload: 0.88 Mbit/s
Mo 20. Jun 16:45:01 CEST 2016
Ping: 28.22 ms
Download: 21.27 Mbit/s
Upload: 0.88 Mbit/s
Mo 20. Jun 17:45:01 CEST 2016
Ping: 24.605 ms
Download: 20.64 Mbit/s
Upload: 0.88 Mbit/s
Mo 20. Jun 18:45:01 CEST 2016
Ping: 24.312 ms
Download: 20.10 Mbit/s
Upload: 0.88 Mbit/s
Mo 20. Jun 19:45:01 CEST 2016
Ping: 31.314 ms
Download: 20.22 Mbit/s
Upload: 0.82 Mbit/s
Mo 20. Jun 20:45:01 CEST 2016
Ping: 24.383 ms
Download: 21.30 Mbit/s
Upload: 0.86 Mbit/s
Mo 20. Jun 21:45:01 CEST 2016
Ping: 21.899 ms
Download: 20.76 Mbit/s
Upload: 0.88 Mbit/s
Mo 20. Jun 22:45:01 CEST 2016
Ping: 23.034 ms
Download: 21.38 Mbit/s
Upload: 0.88 Mbit/s
Mo 20. Jun 23:45:01 CEST 2016
Ping: 24.231 ms
Download: 20.85 Mbit/s
Upload: 0.88 Mbit/s
Di 21. Jun 00:45:01 CEST 2016
Ping: 25.81 ms
Download: 21.33 Mbit/s
Upload: 0.88 Mbit/s
Di 21. Jun 01:45:01 CEST 2016
Ping: 26.931 ms
Download: 20.17 Mbit/s
Upload: 0.88 Mbit/s
Di 21. Jun 02:45:01 CEST 2016
Ping: 22.768 ms
Download: 20.14 Mbit/s
Upload: 0.88 Mbit/s
Di 21. Jun 03:45:01 CEST 2016
Ping: 23.596 ms
Download: 21.18 Mbit/s
Upload: 0.88 Mbit/s
Di 21. Jun 04:45:01 CEST 2016
Ping: 34.284 ms
Download: 21.32 Mbit/s
Upload: 0.88 Mbit/s
Di 21. Jun 05:45:01 CEST 2016
Ping: 23.579 ms
Download: 20.98 Mbit/s
Upload: 0.89 Mbit/s
Di 21. Jun 06:45:01 CEST 2016
Ping: 20.733 ms
Download: 21.43 Mbit/s
Upload: 0.87 Mbit/s
Di 21. Jun 07:45:01 CEST 2016
Ping: 24.031 ms
Download: 21.42 Mbit/s
Upload: 0.88 Mbit/s
Di 21. Jun 08:45:01 CEST 2016
Ping: 24.346 ms
Download: 20.98 Mbit/s
Upload: 0.88 Mbit/s
Di 21. Jun 09:45:02 CEST 2016
Ping: 22.112 ms
Download: 20.22 Mbit/s
Upload: 0.88 Mbit/s
Di 21. Jun 10:45:01 CEST 2016
Ping: 28.752 ms
Download: 20.16 Mbit/s
Upload: 0.88 Mbit/s
Di 21. Jun 11:45:01 CEST 2016
Ping: 22.852 ms
Download: 20.44 Mbit/s
Upload: 0.84 Mbit/s
Di 21. Jun 12:45:01 CEST 2016
Ping: 21.252 ms
Download: 21.46 Mbit/s
Upload: 0.88 Mbit/s
Di 21. Jun 13:45:01 CEST 2016
Ping: 27.227 ms
Download: 20.81 Mbit/s
Upload: 0.88 Mbit/s
Di 21. Jun 14:45:01 CEST 2016
Ping: 24.566 ms
Download: 21.45 Mbit/s
Upload: 0.88 Mbit/s
Di 21. Jun 15:45:01 CEST 2016
Ping: 31.313 ms
Download: 20.98 Mbit/s
Upload: 0.87 Mbit/s
Di 21. Jun 16:45:01 CEST 2016
Ping: 29.453 ms
Download: 21.00 Mbit/s
Upload: 0.88 Mbit/s
Di 21. Jun 17:45:01 CEST 2016
Ping: 36.513 ms
Download: 21.37 Mbit/s
Upload: 0.87 Mbit/s
Di 21. Jun 18:45:01 CEST 2016
Ping: 33.516 ms
Download: 21.44 Mbit/s
Upload: 0.87 Mbit/s
Di 21. Jun 19:45:01 CEST 2016
Ping: 21.982 ms
Download: 21.15 Mbit/s
Upload: 0.86 Mbit/s
Di 21. Jun 20:45:01 CEST 2016
Ping: 25.623 ms
Download: 20.87 Mbit/s
Upload: 0.75 Mbit/s
Di 21. Jun 21:45:01 CEST 2016
Ping: 23.743 ms
Download: 18.47 Mbit/s
Upload: 0.84 Mbit/s
Di 21. Jun 22:45:02 CEST 2016
Ping: 38.916 ms
Download: 21.27 Mbit/s
Upload: 0.85 Mbit/s
Di 21. Jun 23:45:01 CEST 2016
Ping: 33.192 ms
Download: 21.38 Mbit/s
Upload: 0.88 Mbit/s
Mi 22. Jun 00:45:02 CEST 2016
Ping: 26.966 ms
Download: 21.40 Mbit/s
Upload: 0.88 Mbit/s
Mi 22. Jun 01:45:01 CEST 2016
Ping: 35.722 ms
Download: 21.33 Mbit/s
Upload: 0.88 Mbit/s
Mi 22. Jun 02:45:01 CEST 2016
Ping: 25.861 ms
Download: 21.12 Mbit/s
Upload: 0.88 Mbit/s
Mi 22. Jun 03:45:01 CEST 2016
Ping: 23.712 ms
Download: 20.73 Mbit/s
Upload: 0.89 Mbit/s
Mi 22. Jun 04:45:01 CEST 2016
Ping: 23.41 ms
Download: 21.44 Mbit/s
Upload: 0.88 Mbit/s
Mi 22. Jun 05:45:01 CEST 2016
Ping: 35.85 ms
Download: 21.41 Mbit/s
Upload: 0.88 Mbit/s
Mi 22. Jun 06:45:01 CEST 2016
Ping: 28.359 ms
Download: 20.65 Mbit/s
Upload: 0.88 Mbit/s
Mi 22. Jun 07:45:01 CEST 2016
Ping: 22.143 ms
Download: 17.61 Mbit/s
Upload: 0.83 Mbit/s
Mi 22. Jun 08:45:01 CEST 2016
Ping: 22.471 ms
Download: 21.46 Mbit/s
Upload: 0.88 Mbit/s
Mi 22. Jun 09:45:01 CEST 2016
Ping: 22.564 ms
Download: 20.41 Mbit/s
Upload: 0.88 Mbit/s
Mi 22. Jun 10:45:01 CEST 2016
Ping: 39.964 ms
Download: 21.08 Mbit/s
Upload: 0.84 Mbit/s
Mi 22. Jun 11:45:01 CEST 2016
Ping: 23.258 ms
Download: 20.77 Mbit/s
Upload: 0.89 Mbit/s
Mi 22. Jun 12:45:01 CEST 2016
Ping: 23.289 ms
Download: 21.41 Mbit/s
Upload: 0.80 Mbit/s
Mi 22. Jun 13:45:01 CEST 2016
Ping: 27.243 ms
Download: 21.14 Mbit/s
Upload: 0.87 Mbit/s
Mi 22. Jun 14:45:01 CEST 2016
Ping: 23.414 ms
Download: 15.87 Mbit/s
Upload: 0.60 Mbit/s
Mi 22. Jun 15:45:01 CEST 2016
Ping: 23.165 ms
Download: 21.44 Mbit/s
Upload: 0.87 Mbit/s
Mi 22. Jun 16:45:01 CEST 2016
Ping: 26.574 ms
Download: 21.08 Mbit/s
Upload: 0.88 Mbit/s
Mi 22. Jun 17:45:01 CEST 2016
Ping: 27.177 ms
Download: 20.98 Mbit/s
Upload: 0.88 Mbit/s
Mi 22. Jun 18:45:03 CEST 2016
Ping: 28.102 ms
Download: 20.33 Mbit/s
Upload: 0.87 Mbit/s
Mi 22. Jun 19:45:01 CEST 2016
Ping: 22.137 ms
Download: 19.50 Mbit/s
Upload: 0.79 Mbit/s
Mi 22. Jun 20:45:01 CEST 2016
Ping: 26.617 ms
Download: 21.43 Mbit/s
Upload: 0.87 Mbit/s
Mi 22. Jun 21:45:01 CEST 2016
Ping: 30.433 ms
Download: 21.15 Mbit/s
Upload: 0.88 Mbit/s
Mi 22. Jun 22:45:01 CEST 2016
Ping: 33.971 ms
Download: 21.43 Mbit/s
Upload: 0.87 Mbit/s
Mi 22. Jun 23:45:01 CEST 2016
Ping: 25.305 ms
Download: 20.44 Mbit/s
Upload: 0.88 Mbit/s
Do 23. Jun 00:45:01 CEST 2016
Ping: 34.208 ms
Download: 20.82 Mbit/s
Upload: 0.87 Mbit/s
Do 23. Jun 01:45:01 CEST 2016
Ping: 24.164 ms
Download: 20.81 Mbit/s
Upload: 0.88 Mbit/s
Do 23. Jun 02:45:01 CEST 2016
Ping: 23.195 ms
Download: 21.43 Mbit/s
Upload: 0.88 Mbit/s
Do 23. Jun 03:45:01 CEST 2016
Ping: 35.892 ms
Download: 21.45 Mbit/s
Upload: 0.87 Mbit/s
Do 23. Jun 04:45:01 CEST 2016
Ping: 33.069 ms
Download: 21.00 Mbit/s
Upload: 0.87 Mbit/s
Do 23. Jun 05:45:01 CEST 2016
Ping: 24.141 ms
Download: 20.87 Mbit/s
Upload: 0.88 Mbit/s
Do 23. Jun 06:45:01 CEST 2016
Ping: 32.846 ms
Download: 21.42 Mbit/s
Upload: 0.88 Mbit/s
Do 23. Jun 07:45:01 CEST 2016
Ping: 26.528 ms
Download: 16.47 Mbit/s
Upload: 0.69 Mbit/s
Do 23. Jun 08:45:01 CEST 2016
Ping: 25.914 ms
Download: 21.41 Mbit/s
Upload: 0.88 Mbit/s
Do 23. Jun 09:45:01 CEST 2016
Ping: 21.278 ms
Download: 20.89 Mbit/s
Upload: 0.88 Mbit/s
Do 23. Jun 10:45:01 CEST 2016
Ping: 26.473 ms
Download: 20.86 Mbit/s
Upload: 0.83 Mbit/s
Do 23. Jun 11:45:01 CEST 2016
Ping: 23.89 ms
Download: 21.07 Mbit/s
Upload: 0.88 Mbit/s
Do 23. Jun 12:45:01 CEST 2016
Ping: 26.753 ms
Download: 19.12 Mbit/s
Upload: 0.70 Mbit/s
Do 23. Jun 13:45:01 CEST 2016
Ping: 25.585 ms
Download: 21.24 Mbit/s
Upload: 0.88 Mbit/s
Do 23. Jun 14:45:01 CEST 2016
Ping: 25.688 ms
Download: 18.98 Mbit/s
Upload: 0.85 Mbit/s
Do 23. Jun 15:45:01 CEST 2016
Ping: 24.622 ms
Download: 20.13 Mbit/s
Upload: 0.88 Mbit/s
Do 23. Jun 16:45:01 CEST 2016
Ping: 23.692 ms
Download: 20.87 Mbit/s
Upload: 0.88 Mbit/s
Do 23. Jun 17:45:01 CEST 2016
Ping: 23.418 ms
Download: 21.42 Mbit/s
Upload: 0.88 Mbit/s
Do 23. Jun 18:45:01 CEST 2016
Ping: 27.625 ms
Download: 21.01 Mbit/s
Upload: 0.86 Mbit/s
Do 23. Jun 19:45:01 CEST 2016
Ping: 23.265 ms
Download: 21.31 Mbit/s
Upload: 0.88 Mbit/s
Do 23. Jun 20:45:01 CEST 2016
Ping: 25.863 ms
Download: 21.43 Mbit/s
Upload: 0.88 Mbit/s
Do 23. Jun 21:45:01 CEST 2016
Ping: 23.937 ms
Download: 21.38 Mbit/s
Upload: 0.87 Mbit/s
Do 23. Jun 22:45:01 CEST 2016
Ping: 23.254 ms
Download: 21.40 Mbit/s
Upload: 0.88 Mbit/s
Do 23. Jun 23:45:01 CEST 2016
Ping: 32.86 ms
Download: 20.93 Mbit/s
Upload: 0.88 Mbit/s
Fr 24. Jun 00:45:01 CEST 2016
Ping: 21.899 ms
Download: 20.87 Mbit/s
Upload: 0.88 Mbit/s
Fr 24. Jun 01:45:01 CEST 2016
Ping: 30.917 ms
Download: 20.47 Mbit/s
Upload: 0.88 Mbit/s
Fr 24. Jun 02:45:01 CEST 2016
Ping: 29.257 ms
Download: 20.98 Mbit/s
Upload: 0.85 Mbit/s
Fr 24. Jun 03:45:01 CEST 2016
Ping: 22.187 ms
Download: 21.29 Mbit/s
Upload: 0.88 Mbit/s
Fr 24. Jun 04:45:01 CEST 2016
Ping: 24.329 ms
Download: 21.46 Mbit/s
Upload: 0.88 Mbit/s
Fr 24. Jun 05:45:01 CEST 2016
Ping: 36.57 ms
Download: 21.43 Mbit/s
Upload: 0.86 Mbit/s
Fr 24. Jun 06:45:01 CEST 2016
Ping: 35.008 ms
Download: 21.41 Mbit/s
Upload: 0.88 Mbit/s
Fr 24. Jun 07:45:02 CEST 2016
Ping: 29.143 ms
Download: 20.75 Mbit/s
Upload: 0.86 Mbit/s
Fr 24. Jun 08:45:01 CEST 2016
Ping: 24.962 ms
Download: 16.97 Mbit/s
Upload: 0.77 Mbit/s
Fr 24. Jun 09:45:01 CEST 2016
Ping: 32.192 ms
Download: 21.40 Mbit/s
Upload: 0.88 Mbit/s
Fr 24. Jun 10:45:01 CEST 2016
Ping: 21.602 ms
Download: 21.41 Mbit/s
Upload: 0.88 Mbit/s
Fr 24. Jun 11:45:01 CEST 2016
Ping: 36.077 ms
Download: 21.38 Mbit/s
Upload: 0.88 Mbit/s
Fr 24. Jun 12:45:01 CEST 2016
Ping: 22.646 ms
Download: 21.06 Mbit/s
Upload: 0.88 Mbit/s
Fr 24. Jun 13:45:01 CEST 2016
Ping: 24.129 ms
Download: 21.20 Mbit/s
Upload: 0.87 Mbit/s
Fr 24. Jun 14:45:01 CEST 2016
Ping: 28.986 ms
Download: 18.88 Mbit/s
Upload: 0.86 Mbit/s
Fr 24. Jun 15:45:01 CEST 2016
Ping: 24.081 ms
Download: 21.01 Mbit/s
Upload: 0.88 Mbit/s
Fr 24. Jun 16:45:01 CEST 2016
Ping: 21.937 ms
Download: 20.68 Mbit/s
Upload: 0.88 Mbit/s
Fr 24. Jun 17:45:01 CEST 2016
Ping: 32.351 ms
Download: 21.42 Mbit/s
Upload: 0.87 Mbit/s
Fr 24. Jun 18:45:01 CEST 2016
Ping: 21.773 ms
Download: 21.02 Mbit/s
Upload: 0.88 Mbit/s
Fr 24. Jun 19:45:01 CEST 2016
Ping: 24.014 ms
Download: 20.57 Mbit/s
Upload: 0.88 Mbit/s
Fr 24. Jun 20:45:01 CEST 2016
Ping: 32.106 ms
Download: 16.96 Mbit/s
Upload: 0.76 Mbit/s
Fr 24. Jun 21:45:01 CEST 2016
Ping: 27.013 ms
Download: 20.64 Mbit/s
Upload: 0.87 Mbit/s
Fr 24. Jun 22:45:01 CEST 2016
Ping: 34.407 ms
Download: 17.16 Mbit/s
Upload: 0.85 Mbit/s
Fr 24. Jun 23:45:01 CEST 2016
Ping: 22.138 ms
Download: 21.09 Mbit/s
Upload: 0.88 Mbit/s
Sa 25. Jun 00:45:02 CEST 2016
Ping: 33.515 ms
Download: 20.97 Mbit/s
Upload: 0.88 Mbit/s
Sa 25. Jun 01:45:01 CEST 2016
Ping: 23.862 ms
Download: 21.44 Mbit/s
Upload: 0.88 Mbit/s
Sa 25. Jun 02:45:01 CEST 2016
Ping: 27.205 ms
Download: 21.17 Mbit/s
Upload: 0.88 Mbit/s
Sa 25. Jun 03:45:01 CEST 2016
Ping: 21.136 ms
Download: 21.40 Mbit/s
Upload: 0.88 Mbit/s
Sa 25. Jun 04:45:01 CEST 2016
Ping: 34.323 ms
Download: 21.44 Mbit/s
Upload: 0.88 Mbit/s
Sa 25. Jun 05:45:01 CEST 2016
Ping: 27.681 ms
Download: 20.92 Mbit/s
Upload: 0.88 Mbit/s
Sa 25. Jun 06:45:01 CEST 2016
Ping: 27.712 ms
Download: 19.22 Mbit/s
Upload: 0.84 Mbit/s
Sa 25. Jun 07:45:01 CEST 2016
Ping: 28.961 ms
Download: 20.81 Mbit/s
Upload: 0.88 Mbit/s
Sa 25. Jun 08:45:01 CEST 2016
Ping: 29.627 ms
Download: 20.61 Mbit/s
Upload: 0.88 Mbit/s
Sa 25. Jun 09:45:01 CEST 2016
Ping: 28.339 ms
Download: 21.15 Mbit/s
Upload: 0.88 Mbit/s
Sa 25. Jun 10:45:01 CEST 2016
Ping: 29.695 ms
Download: 19.60 Mbit/s
Upload: 0.86 Mbit/s
Sa 25. Jun 11:45:01 CEST 2016
Ping: 34.753 ms
Download: 19.67 Mbit/s
Upload: 0.80 Mbit/s
Sa 25. Jun 12:45:01 CEST 2016
Ping: 26.578 ms
Download: 20.91 Mbit/s
Upload: 0.88 Mbit/s
Sa 25. Jun 13:45:01 CEST 2016
Ping: 30.319 ms
Download: 20.98 Mbit/s
Upload: 0.87 Mbit/s
Sa 25. Jun 14:45:02 CEST 2016
Ping: 27.142 ms
Download: 20.98 Mbit/s
Upload: 0.87 Mbit/s
Sa 25. Jun 15:45:01 CEST 2016
Ping: 28.145 ms
Download: 20.32 Mbit/s
Upload: 0.86 Mbit/s
Sa 25. Jun 16:45:01 CEST 2016
Ping: 25.22 ms
Download: 20.81 Mbit/s
Upload: 0.88 Mbit/s
Sa 25. Jun 17:45:01 CEST 2016
Ping: 29.153 ms
Download: 21.04 Mbit/s
Upload: 0.82 Mbit/s
Sa 25. Jun 18:45:01 CEST 2016
Ping: 31.053 ms
Download: 21.41 Mbit/s
Upload: 0.87 Mbit/s
Sa 25. Jun 19:45:01 CEST 2016
Ping: 36.947 ms
Download: 10.32 Mbit/s
Upload: 0.54 Mbit/s
Sa 25. Jun 20:45:01 CEST 2016
Ping: 32.988 ms
Download: 21.11 Mbit/s
Upload: 0.88 Mbit/s
Sa 25. Jun 21:45:01 CEST 2016
Ping: 22.312 ms
Download: 21.16 Mbit/s
Upload: 0.88 Mbit/s
Sa 25. Jun 22:45:01 CEST 2016
Ping: 23.589 ms
Download: 21.44 Mbit/s
Upload: 0.88 Mbit/s
Sa 25. Jun 23:45:01 CEST 2016
Ping: 23.638 ms
Download: 20.26 Mbit/s
Upload: 0.88 Mbit/s
So 26. Jun 00:45:01 CEST 2016
Ping: 22.611 ms
Download: 21.01 Mbit/s
Upload: 0.88 Mbit/s
So 26. Jun 01:45:01 CEST 2016
Ping: 29.934 ms
Download: 20.99 Mbit/s
Upload: 0.88 Mbit/s
So 26. Jun 02:45:01 CEST 2016
Ping: 29.049 ms
Download: 20.42 Mbit/s
Upload: 0.88 Mbit/s
So 26. Jun 03:45:01 CEST 2016
Ping: 23.224 ms
Download: 20.65 Mbit/s
Upload: 0.89 Mbit/s
So 26. Jun 04:45:01 CEST 2016
Ping: 24.267 ms
Download: 21.07 Mbit/s
Upload: 0.89 Mbit/s
So 26. Jun 05:45:01 CEST 2016
Ping: 22.05 ms
Download: 20.64 Mbit/s
Upload: 0.88 Mbit/s
So 26. Jun 06:45:01 CEST 2016
Ping: 26.537 ms
Download: 21.07 Mbit/s
Upload: 0.88 Mbit/s
So 26. Jun 07:45:01 CEST 2016
Ping: 22.827 ms
Download: 21.10 Mbit/s
Upload: 0.88 Mbit/s
So 26. Jun 08:45:01 CEST 2016
Ping: 34.772 ms
Download: 18.72 Mbit/s
Upload: 0.86 Mbit/s
So 26. Jun 09:45:01 CEST 2016
Ping: 30.315 ms
Download: 20.95 Mbit/s
Upload: 0.74 Mbit/s
So 26. Jun 10:45:01 CEST 2016
Ping: 27.591 ms
Download: 21.26 Mbit/s
Upload: 0.82 Mbit/s
So 26. Jun 11:45:01 CEST 2016
Ping: 24.713 ms
Download: 17.85 Mbit/s
Upload: 0.87 Mbit/s
So 26. Jun 12:45:01 CEST 2016
Ping: 33.37 ms
Download: 19.27 Mbit/s
Upload: 0.85 Mbit/s
So 26. Jun 13:45:01 CEST 2016
Ping: 27.491 ms
Download: 20.34 Mbit/s
Upload: 0.87 Mbit/s
So 26. Jun 14:45:01 CEST 2016
Ping: 22.655 ms
Download: 19.59 Mbit/s
Upload: 0.87 Mbit/s
So 26. Jun 15:45:01 CEST 2016
Ping: 33.116 ms
Download: 21.08 Mbit/s
Upload: 0.88 Mbit/s
So 26. Jun 16:45:01 CEST 2016
Ping: 23.01 ms
Download: 19.65 Mbit/s
Upload: 0.88 Mbit/s
So 26. Jun 17:45:01 CEST 2016
Ping: 24.032 ms
Download: 18.28 Mbit/s
Upload: 0.86 Mbit/s
So 26. Jun 18:45:01 CEST 2016
Ping: 24.688 ms
Download: 21.45 Mbit/s
Upload: 0.89 Mbit/s
So 26. Jun 19:45:01 CEST 2016
Ping: 25.847 ms
Download: 21.18 Mbit/s
Upload: 0.88 Mbit/s
So 26. Jun 20:45:01 CEST 2016
Ping: 29.011 ms
Download: 19.02 Mbit/s
Upload: 0.87 Mbit/s
So 26. Jun 21:45:01 CEST 2016
Ping: 37.884 ms
Download: 21.24 Mbit/s
Upload: 0.79 Mbit/s
So 26. Jun 22:45:01 CEST 2016
Ping: 30.909 ms
Download: 20.89 Mbit/s
Upload: 0.88 Mbit/s
So 26. Jun 23:45:01 CEST 2016
Ping: 29.454 ms
Download: 20.79 Mbit/s
Upload: 0.88 Mbit/s
Mo 27. Jun 00:45:01 CEST 2016
Ping: 25.894 ms
Download: 20.64 Mbit/s
Upload: 0.89 Mbit/s
Mo 27. Jun 01:45:01 CEST 2016
Ping: 29.464 ms
Download: 20.57 Mbit/s
Upload: 0.88 Mbit/s
Mo 27. Jun 02:45:01 CEST 2016
Ping: 24.861 ms
Download: 21.29 Mbit/s
Upload: 0.88 Mbit/s
Mo 27. Jun 03:45:01 CEST 2016
Ping: 33.03 ms
Download: 21.44 Mbit/s
Upload: 0.88 Mbit/s
Mo 27. Jun 04:45:01 CEST 2016
Ping: 28.764 ms
Download: 20.95 Mbit/s
Upload: 0.89 Mbit/s
Mo 27. Jun 05:45:01 CEST 2016
Ping: 36.142 ms
Download: 21.38 Mbit/s
Upload: 0.82 Mbit/s
Mo 27. Jun 06:45:01 CEST 2016
Ping: 33.167 ms
Download: 20.98 Mbit/s
Upload: 0.87 Mbit/s
Mo 27. Jun 07:45:01 CEST 2016
Ping: 23.103 ms
Download: 19.95 Mbit/s
Upload: 0.88 Mbit/s
Mo 27. Jun 08:45:01 CEST 2016
Ping: 27.839 ms
Download: 20.98 Mbit/s
Upload: 0.88 Mbit/s
Mo 27. Jun 09:45:01 CEST 2016
Ping: 23.353 ms
Download: 20.37 Mbit/s
Upload: 0.88 Mbit/s
Mo 27. Jun 10:45:01 CEST 2016
Ping: 24.893 ms
Download: 21.46 Mbit/s
Upload: 0.88 Mbit/s
Mo 27. Jun 11:45:01 CEST 2016
Ping: 22.629 ms
Download: 21.45 Mbit/s
Upload: 0.88 Mbit/s
Mo 27. Jun 12:45:01 CEST 2016
Ping: 22.389 ms
Download: 20.57 Mbit/s
Upload: 0.88 Mbit/s
Mo 27. Jun 13:45:01 CEST 2016
Ping: 23.669 ms
Download: 21.06 Mbit/s
Upload: 0.88 Mbit/s
Mo 27. Jun 14:45:01 CEST 2016
Ping: 22.325 ms
Download: 19.68 Mbit/s
Upload: 0.84 Mbit/s
Mo 27. Jun 15:45:01 CEST 2016
Ping: 34.646 ms
Download: 19.37 Mbit/s
Upload: 0.83 Mbit/s
Mo 27. Jun 16:45:01 CEST 2016
Ping: 27.008 ms
Download: 21.37 Mbit/s
Upload: 0.88 Mbit/s
Mo 27. Jun 17:45:01 CEST 2016
Ping: 21.498 ms
Download: 21.44 Mbit/s
Upload: 0.88 Mbit/s
Mo 27. Jun 18:45:01 CEST 2016
Ping: 32.664 ms
Download: 21.42 Mbit/s
Upload: 0.88 Mbit/s
Mo 27. Jun 19:45:01 CEST 2016
Ping: 35.479 ms
Download: 21.36 Mbit/s
Upload: 0.88 Mbit/s
Mo 27. Jun 20:45:01 CEST 2016
Ping: 25.646 ms
Download: 20.84 Mbit/s
Upload: 0.88 Mbit/s
Mo 27. Jun 21:45:01 CEST 2016
Ping: 23.638 ms
Download: 19.02 Mbit/s
Upload: 0.87 Mbit/s
Mo 27. Jun 22:45:01 CEST 2016
Ping: 28.988 ms
Download: 20.98 Mbit/s
Upload: 0.88 Mbit/s
Mo 27. Jun 23:45:01 CEST 2016
Ping: 23.56 ms
Download: 20.69 Mbit/s
Upload: 0.86 Mbit/s
Di 28. Jun 00:45:01 CEST 2016
Ping: 33.916 ms
Download: 20.95 Mbit/s
Upload: 0.88 Mbit/s
Di 28. Jun 01:45:01 CEST 2016
Ping: 23.317 ms
Download: 21.12 Mbit/s
Upload: 0.89 Mbit/s
Di 28. Jun 02:45:01 CEST 2016
Ping: 21.403 ms
Download: 20.64 Mbit/s
Upload: 0.88 Mbit/s
Di 28. Jun 03:45:01 CEST 2016
Ping: 23.355 ms
Download: 21.38 Mbit/s
Upload: 0.88 Mbit/s
Di 28. Jun 04:45:01 CEST 2016
Ping: 23.131 ms
Download: 21.44 Mbit/s
Upload: 0.88 Mbit/s
Di 28. Jun 05:45:01 CEST 2016
Ping: 21.96 ms
Download: 20.70 Mbit/s
Upload: 0.88 Mbit/s
Di 28. Jun 06:45:01 CEST 2016
Ping: 31.435 ms
Download: 19.96 Mbit/s
Upload: 0.88 Mbit/s
Di 28. Jun 07:45:01 CEST 2016
Ping: 24.622 ms
Download: 20.78 Mbit/s
Upload: 0.87 Mbit/s
Di 28. Jun 08:45:01 CEST 2016
Ping: 30.767 ms
Download: 21.42 Mbit/s
Upload: 0.88 Mbit/s
Di 28. Jun 09:45:01 CEST 2016
Ping: 36.772 ms
Download: 19.89 Mbit/s
Upload: 0.87 Mbit/s
Di 28. Jun 10:45:01 CEST 2016
Ping: 24.712 ms
Download: 21.42 Mbit/s
Upload: 0.88 Mbit/s
Di 28. Jun 11:45:01 CEST 2016
Ping: 26.658 ms
Download: 21.45 Mbit/s
Upload: 0.88 Mbit/s
Di 28. Jun 12:45:01 CEST 2016
Ping: 22.869 ms
Download: 21.03 Mbit/s
Upload: 0.88 Mbit/s
Di 28. Jun 13:45:01 CEST 2016
Ping: 30.213 ms
Download: 20.98 Mbit/s
Upload: 0.88 Mbit/s
Di 28. Jun 14:45:01 CEST 2016
Ping: 27.88 ms
Download: 21.04 Mbit/s
Upload: 0.89 Mbit/s
Di 28. Jun 15:45:01 CEST 2016
Ping: 34.581 ms
Download: 21.41 Mbit/s
Upload: 0.87 Mbit/s
Di 28. Jun 16:45:01 CEST 2016
Ping: 29.984 ms
Download: 21.27 Mbit/s
Upload: 0.84 Mbit/s
Di 28. Jun 17:45:01 CEST 2016
Ping: 25.877 ms
Download: 21.04 Mbit/s
Upload: 0.88 Mbit/s
Di 28. Jun 18:45:01 CEST 2016
Ping: 34.448 ms
Download: 20.53 Mbit/s
Upload: 0.87 Mbit/s
Di 28. Jun 19:45:01 CEST 2016
Ping: 24.963 ms
Download: 21.06 Mbit/s
Upload: 0.77 Mbit/s
Di 28. Jun 20:45:01 CEST 2016
Ping: 23.241 ms
Download: 20.31 Mbit/s
Upload: 0.88 Mbit/s
Di 28. Jun 21:45:01 CEST 2016
Ping: 25.314 ms
Download: 21.47 Mbit/s
Upload: 0.88 Mbit/s
Di 28. Jun 22:45:01 CEST 2016
Ping: 23.064 ms
Download: 20.70 Mbit/s
Upload: 0.88 Mbit/s
Di 28. Jun 23:45:01 CEST 2016
Ping: 19.752 ms
Download: 19.55 Mbit/s
Upload: 0.88 Mbit/s
Mi 29. Jun 00:45:01 CEST 2016
Ping: 34.097 ms
Download: 21.26 Mbit/s
Upload: 0.87 Mbit/s
Mi 29. Jun 01:45:01 CEST 2016
Ping: 26.085 ms
Download: 20.98 Mbit/s
Upload: 0.88 Mbit/s
Mi 29. Jun 02:45:01 CEST 2016
Ping: 26.871 ms
Download: 20.01 Mbit/s
Upload: 0.88 Mbit/s
Mi 29. Jun 03:45:01 CEST 2016
Ping: 20.938 ms
Download: 19.85 Mbit/s
Upload: 0.88 Mbit/s
Mi 29. Jun 04:45:01 CEST 2016
Ping: 29.709 ms
Download: 21.33 Mbit/s
Upload: 0.88 Mbit/s
Mi 29. Jun 05:45:01 CEST 2016
Ping: 21.446 ms
Download: 21.39 Mbit/s
Upload: 0.88 Mbit/s
Mi 29. Jun 06:45:01 CEST 2016
Ping: 21.989 ms
Download: 20.66 Mbit/s
Upload: 0.88 Mbit/s
Mi 29. Jun 07:45:01 CEST 2016
Ping: 21.072 ms
Download: 21.21 Mbit/s
Upload: 0.88 Mbit/s
Mi 29. Jun 08:45:01 CEST 2016
Ping: 29.036 ms
Download: 20.95 Mbit/s
Upload: 0.87 Mbit/s
Mi 29. Jun 09:45:01 CEST 2016
Ping: 23.099 ms
Download: 20.78 Mbit/s
Upload: 0.88 Mbit/s
Mi 29. Jun 10:45:01 CEST 2016
Ping: 22.444 ms
Download: 20.60 Mbit/s
Upload: 0.88 Mbit/s
Mi 29. Jun 11:45:01 CEST 2016
Ping: 24.235 ms
Download: 21.41 Mbit/s
Upload: 0.88 Mbit/s
Mi 29. Jun 12:45:01 CEST 2016
Ping: 24.627 ms
Download: 20.99 Mbit/s
Upload: 0.87 Mbit/s
Mi 29. Jun 13:45:01 CEST 2016
Ping: 32.248 ms
Download: 21.12 Mbit/s
Upload: 0.79 Mbit/s
Mi 29. Jun 14:45:01 CEST 2016
Ping: 20.662 ms
Download: 20.18 Mbit/s
Upload: 0.85 Mbit/s
Mi 29. Jun 15:45:01 CEST 2016
Ping: 22.715 ms
Download: 19.93 Mbit/s
Upload: 0.84 Mbit/s
Mi 29. Jun 16:45:01 CEST 2016
Ping: 25.951 ms
Download: 19.48 Mbit/s
Upload: 0.85 Mbit/s
Mi 29. Jun 17:45:01 CEST 2016
Ping: 32.464 ms
Download: 17.16 Mbit/s
Upload: 0.84 Mbit/s
Mi 29. Jun 18:45:01 CEST 2016
Ping: 29.589 ms
Download: 20.84 Mbit/s
Upload: 0.87 Mbit/s
Mi 29. Jun 19:45:01 CEST 2016
Ping: 26.075 ms
Download: 19.59 Mbit/s
Upload: 0.85 Mbit/s
Mi 29. Jun 20:45:01 CEST 2016
Ping: 21.962 ms
Download: 17.55 Mbit/s
Upload: 0.81 Mbit/s
Mi 29. Jun 21:45:01 CEST 2016
Ping: 26.152 ms
Download: 20.95 Mbit/s
Upload: 0.88 Mbit/s
Mi 29. Jun 22:45:01 CEST 2016
Ping: 32.702 ms
Download: 21.43 Mbit/s
Upload: 0.88 Mbit/s
Mi 29. Jun 23:45:01 CEST 2016
Ping: 23.998 ms
Download: 21.07 Mbit/s
Upload: 0.88 Mbit/s
Do 30. Jun 00:45:02 CEST 2016
Ping: 31.877 ms
Download: 21.33 Mbit/s
Upload: 0.88 Mbit/s
Do 30. Jun 01:45:01 CEST 2016
Ping: 35.308 ms
Download: 21.44 Mbit/s
Upload: 0.86 Mbit/s
Do 30. Jun 02:45:01 CEST 2016
Ping: 22.323 ms
Download: 20.91 Mbit/s
Upload: 0.88 Mbit/s
Do 30. Jun 03:45:01 CEST 2016
Ping: 28.458 ms
Download: 20.97 Mbit/s
Upload: 0.88 Mbit/s
Do 30. Jun 04:45:02 CEST 2016
Ping: 37.725 ms
Download: 21.42 Mbit/s
Upload: 0.87 Mbit/s
Do 30. Jun 05:45:01 CEST 2016
Ping: 36.228 ms
Download: 21.38 Mbit/s
Upload: 0.86 Mbit/s
Do 30. Jun 06:45:01 CEST 2016
Ping: 32.716 ms
Download: 20.81 Mbit/s
Upload: 0.88 Mbit/s
Do 30. Jun 07:45:01 CEST 2016
Ping: 24.216 ms
Download: 19.02 Mbit/s
Upload: 0.71 Mbit/s
Do 30. Jun 08:45:02 CEST 2016
Ping: 22.871 ms
Download: 21.15 Mbit/s
Upload: 0.88 Mbit/s
Do 30. Jun 09:45:01 CEST 2016
Ping: 22.281 ms
Download: 21.44 Mbit/s
Upload: 0.77 Mbit/s
Do 30. Jun 10:45:01 CEST 2016
Ping: 22.185 ms
Download: 20.16 Mbit/s
Upload: 0.87 Mbit/s
Do 30. Jun 11:45:01 CEST 2016
Ping: 21.162 ms
Download: 20.39 Mbit/s
Upload: 0.88 Mbit/s
Do 30. Jun 12:45:01 CEST 2016
Ping: 31.09 ms
Download: 20.95 Mbit/s
Upload: 0.87 Mbit/s
Do 30. Jun 13:45:01 CEST 2016
Ping: 26.957 ms
Download: 20.32 Mbit/s
Upload: 0.86 Mbit/s
Do 30. Jun 14:45:01 CEST 2016
Ping: 22.694 ms
Download: 19.42 Mbit/s
Upload: 0.86 Mbit/s
Do 30. Jun 15:45:01 CEST 2016
Ping: 41.584 ms
Download: 20.90 Mbit/s
Upload: 0.87 Mbit/s
Do 30. Jun 16:45:01 CEST 2016
Ping: 23.844 ms
Download: 20.97 Mbit/s
Upload: 0.82 Mbit/s
Do 30. Jun 17:45:01 CEST 2016
Ping: 22.936 ms
Download: 20.41 Mbit/s
Upload: 0.88 Mbit/s
Do 30. Jun 18:45:01 CEST 2016
Ping: 26.268 ms
Download: 20.69 Mbit/s
Upload: 0.87 Mbit/s
Do 30. Jun 19:45:01 CEST 2016
Ping: 32.316 ms
Download: 21.38 Mbit/s
Upload: 0.85 Mbit/s
Do 30. Jun 20:45:01 CEST 2016
Ping: 26.792 ms
Download: 12.53 Mbit/s
Upload: 0.67 Mbit/s
Do 30. Jun 21:45:01 CEST 2016
Ping: 32.251 ms
Download: 20.97 Mbit/s
Upload: 0.82 Mbit/s
Do 30. Jun 22:45:01 CEST 2016
Ping: 23.982 ms
Download: 21.46 Mbit/s
Upload: 0.86 Mbit/s
Do 30. Jun 23:45:01 CEST 2016
Ping: 23.783 ms
Download: 20.57 Mbit/s
Upload: 0.88 Mbit/s
