Sat Oct  1 00:45:01 CEST 2016
Ping: 30.835 ms
Download: 21.60 Mbit/s
Upload: 0.87 Mbit/s
Sat Oct  1 01:45:01 CEST 2016
Ping: 29.486 ms
Download: 21.61 Mbit/s
Upload: 0.88 Mbit/s
Sat Oct  1 02:45:01 CEST 2016
Ping: 29.844 ms
Download: 20.71 Mbit/s
Upload: 0.87 Mbit/s
Sat Oct  1 03:45:01 CEST 2016
Ping: 30.363 ms
Download: 21.08 Mbit/s
Upload: 0.87 Mbit/s
Sat Oct  1 04:45:01 CEST 2016
Ping: 30.898 ms
Download: 21.43 Mbit/s
Upload: 0.87 Mbit/s
Sat Oct  1 05:45:01 CEST 2016
Ping: 27.491 ms
Download: 21.42 Mbit/s
Upload: 0.86 Mbit/s
Sat Oct  1 06:45:01 CEST 2016
Ping: 29.993 ms
Download: 21.44 Mbit/s
Upload: 0.87 Mbit/s
Sat Oct  1 07:45:01 CEST 2016
Ping: 27.133 ms
Download: 18.45 Mbit/s
Upload: 0.76 Mbit/s
Sat Oct  1 08:45:01 CEST 2016
Ping: 29.23 ms
Download: 19.91 Mbit/s
Upload: 0.80 Mbit/s
Sat Oct  1 09:45:01 CEST 2016
Ping: 29.43 ms
Download: 20.47 Mbit/s
Upload: 0.84 Mbit/s
Sat Oct  1 10:45:02 CEST 2016
Ping: 30.466 ms
Download: 21.58 Mbit/s
Upload: 0.89 Mbit/s
Sat Oct  1 11:45:01 CEST 2016
Ping: 27.78 ms
Download: 21.40 Mbit/s
Upload: 0.87 Mbit/s
Sat Oct  1 12:45:01 CEST 2016
Ping: 28.808 ms
Download: 21.40 Mbit/s
Upload: 0.86 Mbit/s
Sat Oct  1 13:45:01 CEST 2016
Ping: 28.948 ms
Download: 19.25 Mbit/s
Upload: 0.77 Mbit/s
Sat Oct  1 14:45:01 CEST 2016
Ping: 32.429 ms
Download: 21.61 Mbit/s
Upload: 0.86 Mbit/s
Sat Oct  1 15:45:01 CEST 2016
Ping: 30.389 ms
Download: 19.99 Mbit/s
Upload: 0.88 Mbit/s
Sat Oct  1 16:45:01 CEST 2016
Ping: 28.351 ms
Download: 21.43 Mbit/s
Upload: 0.86 Mbit/s
Sat Oct  1 17:45:01 CEST 2016
Ping: 29.733 ms
Download: 20.68 Mbit/s
Upload: 0.86 Mbit/s
Sat Oct  1 18:45:01 CEST 2016
Ping: 30.053 ms
Download: 17.82 Mbit/s
Upload: 0.64 Mbit/s
Sat Oct  1 19:45:01 CEST 2016
Ping: 30.982 ms
Download: 21.08 Mbit/s
Upload: 0.86 Mbit/s
Sat Oct  1 20:45:01 CEST 2016
Ping: 29.242 ms
Download: 15.18 Mbit/s
Upload: 0.65 Mbit/s
Sat Oct  1 21:45:01 CEST 2016
Ping: 31.248 ms
Download: 17.49 Mbit/s
Upload: 0.82 Mbit/s
Sat Oct  1 22:45:01 CEST 2016
Ping: 30.683 ms
Download: 21.36 Mbit/s
Upload: 0.84 Mbit/s
Sat Oct  1 23:45:01 CEST 2016
Ping: 29.663 ms
Download: 21.57 Mbit/s
Upload: 0.88 Mbit/s
Sun Oct  2 00:45:01 CEST 2016
Ping: 29.761 ms
Download: 21.11 Mbit/s
Upload: 0.87 Mbit/s
Sun Oct  2 01:45:01 CEST 2016
Ping: 29.733 ms
Download: 21.57 Mbit/s
Upload: 0.88 Mbit/s
Sun Oct  2 02:45:01 CEST 2016
Ping: 27.81 ms
Download: 21.16 Mbit/s
Upload: 0.87 Mbit/s
Sun Oct  2 03:45:01 CEST 2016
Ping: 28.755 ms
Download: 21.28 Mbit/s
Upload: 0.83 Mbit/s
Sun Oct  2 04:45:01 CEST 2016
Ping: 29.929 ms
Download: 21.58 Mbit/s
Upload: 0.87 Mbit/s
Sun Oct  2 05:45:01 CEST 2016
Ping: 28.093 ms
Download: 21.43 Mbit/s
Upload: 0.87 Mbit/s
Sun Oct  2 06:45:01 CEST 2016
Ping: 31.634 ms
Download: 21.59 Mbit/s
Upload: 0.87 Mbit/s
Sun Oct  2 07:45:01 CEST 2016
Ping: 31.012 ms
Download: 21.22 Mbit/s
Upload: 0.87 Mbit/s
Sun Oct  2 08:45:01 CEST 2016
Ping: 28.044 ms
Download: 19.22 Mbit/s
Upload: 0.76 Mbit/s
Sun Oct  2 09:45:01 CEST 2016
Ping: 30.898 ms
Download: 21.58 Mbit/s
Upload: 0.87 Mbit/s
Sun Oct  2 10:45:01 CEST 2016
Ping: 30.059 ms
Download: 21.29 Mbit/s
Upload: 0.80 Mbit/s
Sun Oct  2 11:45:01 CEST 2016
Ping: 31.691 ms
Download: 20.83 Mbit/s
Upload: 0.87 Mbit/s
Sun Oct  2 12:45:01 CEST 2016
Ping: 30.408 ms
Download: 20.31 Mbit/s
Upload: 0.78 Mbit/s
Sun Oct  2 13:45:01 CEST 2016
Ping: 27.231 ms
Download: 17.34 Mbit/s
Upload: 0.68 Mbit/s
Sun Oct  2 14:45:01 CEST 2016
Ping: 30.192 ms
Download: 21.13 Mbit/s
Upload: 0.86 Mbit/s
Sun Oct  2 15:45:01 CEST 2016
Ping: 30.585 ms
Download: 21.39 Mbit/s
Upload: 0.74 Mbit/s
Sun Oct  2 16:45:01 CEST 2016
Ping: 27.608 ms
Download: 21.25 Mbit/s
Upload: 0.86 Mbit/s
Sun Oct  2 17:45:02 CEST 2016
Ping: 30.068 ms
Download: 21.13 Mbit/s
Upload: 0.87 Mbit/s
Sun Oct  2 18:45:01 CEST 2016
Ping: 28.489 ms
Download: 20.79 Mbit/s
Upload: 0.83 Mbit/s
Sun Oct  2 19:45:01 CEST 2016
Ping: 27.712 ms
Download: 21.42 Mbit/s
Upload: 0.87 Mbit/s
Sun Oct  2 20:45:01 CEST 2016
Ping: 30.385 ms
Download: 21.42 Mbit/s
Upload: 0.80 Mbit/s
Sun Oct  2 21:45:01 CEST 2016
Ping: 32.013 ms
Download: 20.83 Mbit/s
Upload: 0.86 Mbit/s
Sun Oct  2 22:45:01 CEST 2016
Ping: 28.686 ms
Download: 20.94 Mbit/s
Upload: 0.87 Mbit/s
Sun Oct  2 23:45:01 CEST 2016
Ping: 31.14 ms
Download: 21.52 Mbit/s
Upload: 0.87 Mbit/s
Mon Oct  3 00:45:02 CEST 2016
Ping: 31.072 ms
Download: 21.60 Mbit/s
Upload: 0.87 Mbit/s
Mon Oct  3 01:45:01 CEST 2016
Ping: 28.584 ms
Download: 21.61 Mbit/s
Upload: 0.87 Mbit/s
Mon Oct  3 02:45:01 CEST 2016
Ping: 29.982 ms
Download: 21.58 Mbit/s
Upload: 0.87 Mbit/s
Mon Oct  3 03:45:01 CEST 2016
Ping: 31.076 ms
Download: 20.63 Mbit/s
Upload: 0.87 Mbit/s
Mon Oct  3 04:45:01 CEST 2016
Ping: 31.374 ms
Download: 20.22 Mbit/s
Upload: 0.88 Mbit/s
Mon Oct  3 05:45:01 CEST 2016
Ping: 29.157 ms
Download: 21.43 Mbit/s
Upload: 0.87 Mbit/s
Mon Oct  3 06:45:01 CEST 2016
Ping: 29.505 ms
Download: 21.39 Mbit/s
Upload: 0.87 Mbit/s
Mon Oct  3 07:45:01 CEST 2016
Ping: 31.748 ms
Download: 21.48 Mbit/s
Upload: 0.81 Mbit/s
Mon Oct  3 08:45:01 CEST 2016
Ping: 30.452 ms
Download: 21.58 Mbit/s
Upload: 0.87 Mbit/s
Mon Oct  3 09:45:01 CEST 2016
Could not retrieve speedtest.net configuration
Mon Oct  3 10:45:01 CEST 2016
Could not retrieve speedtest.net configuration
Mon Oct  3 10:45:01 CEST 2016
Could not retrieve speedtest.net configuration
Wed Oct  5 18:45:01 CEST 2016
Ping: 29.981 ms
Download: 21.31 Mbit/s
Upload: 0.87 Mbit/s
Wed Oct  5 19:45:01 CEST 2016
Ping: 26.574 ms
Download: 21.42 Mbit/s
Upload: 0.86 Mbit/s
Wed Oct  5 20:45:01 CEST 2016
Ping: 27.881 ms
Download: 21.21 Mbit/s
Upload: 0.87 Mbit/s
Wed Oct  5 21:45:01 CEST 2016
Ping: 31.384 ms
Download: 20.53 Mbit/s
Upload: 0.84 Mbit/s
Wed Oct  5 22:45:01 CEST 2016
Ping: 28.503 ms
Download: 21.42 Mbit/s
Upload: 0.87 Mbit/s
Wed Oct  5 23:45:01 CEST 2016
Ping: 28.3 ms
Download: 21.28 Mbit/s
Upload: 0.85 Mbit/s
Thu Oct  6 00:45:02 CEST 2016
Ping: 28.758 ms
Download: 21.43 Mbit/s
Upload: 0.84 Mbit/s
Thu Oct  6 01:45:01 CEST 2016
Ping: 25.627 ms
Download: 21.39 Mbit/s
Upload: 0.86 Mbit/s
Thu Oct  6 02:45:01 CEST 2016
Ping: 31.509 ms
Download: 21.25 Mbit/s
Upload: 0.87 Mbit/s
Thu Oct  6 03:45:01 CEST 2016
Ping: 30.4 ms
Download: 20.94 Mbit/s
Upload: 0.88 Mbit/s
Thu Oct  6 04:45:01 CEST 2016
Ping: 31.38 ms
Download: 21.57 Mbit/s
Upload: 0.87 Mbit/s
Thu Oct  6 05:45:01 CEST 2016
Ping: 30.622 ms
Download: 21.44 Mbit/s
Upload: 0.87 Mbit/s
Thu Oct  6 06:45:01 CEST 2016
Ping: 27.905 ms
Download: 21.42 Mbit/s
Upload: 0.85 Mbit/s
Thu Oct  6 07:45:01 CEST 2016
Ping: 27.171 ms
Download: 21.41 Mbit/s
Upload: 0.83 Mbit/s
Thu Oct  6 08:45:01 CEST 2016
Ping: 27.612 ms
Download: 21.23 Mbit/s
Upload: 0.86 Mbit/s
Thu Oct  6 09:45:01 CEST 2016
Ping: 30.721 ms
Download: 21.06 Mbit/s
Upload: 0.86 Mbit/s
Thu Oct  6 10:45:01 CEST 2016
Ping: 28.177 ms
Download: 21.43 Mbit/s
Upload: 0.84 Mbit/s
Thu Oct  6 11:45:01 CEST 2016
Ping: 30.172 ms
Download: 21.34 Mbit/s
Upload: 0.85 Mbit/s
Thu Oct  6 12:45:01 CEST 2016
Ping: 29.187 ms
Download: 20.47 Mbit/s
Upload: 0.70 Mbit/s
Thu Oct  6 13:45:01 CEST 2016
Ping: 25.337 ms
Download: 14.42 Mbit/s
Upload: 0.84 Mbit/s
Thu Oct  6 14:45:01 CEST 2016
Ping: 28.982 ms
Download: 17.55 Mbit/s
Upload: 0.68 Mbit/s
Thu Oct  6 15:45:01 CEST 2016
Ping: 30.029 ms
Download: 21.40 Mbit/s
Upload: 0.85 Mbit/s
Thu Oct  6 16:45:01 CEST 2016
Ping: 27.777 ms
Download: 21.39 Mbit/s
Upload: 0.86 Mbit/s
Thu Oct  6 17:45:01 CEST 2016
Ping: 31.153 ms
Download: 21.49 Mbit/s
Upload: 0.87 Mbit/s
Thu Oct  6 18:45:01 CEST 2016
Ping: 27.807 ms
Download: 20.31 Mbit/s
Upload: 0.77 Mbit/s
Thu Oct  6 19:45:01 CEST 2016
Ping: 31.616 ms
Download: 18.49 Mbit/s
Upload: 0.81 Mbit/s
Thu Oct  6 20:45:01 CEST 2016
Ping: 28.583 ms
Download: 21.34 Mbit/s
Upload: 0.81 Mbit/s
Thu Oct  6 21:45:01 CEST 2016
Ping: 30.384 ms
Download: 21.61 Mbit/s
Upload: 0.87 Mbit/s
Thu Oct  6 22:45:01 CEST 2016
Ping: 30.159 ms
Download: 21.11 Mbit/s
Upload: 0.85 Mbit/s
Thu Oct  6 23:45:01 CEST 2016
Ping: 30.418 ms
Download: 21.52 Mbit/s
Upload: 0.88 Mbit/s
Fri Oct  7 00:45:01 CEST 2016
Ping: 31.026 ms
Download: 21.43 Mbit/s
Upload: 0.84 Mbit/s
Fri Oct  7 01:45:01 CEST 2016
Ping: 30.524 ms
Download: 20.54 Mbit/s
Upload: 0.87 Mbit/s
Fri Oct  7 02:45:01 CEST 2016
Ping: 29.666 ms
Download: 21.57 Mbit/s
Upload: 0.87 Mbit/s
Fri Oct  7 03:45:01 CEST 2016
Ping: 30.954 ms
Download: 21.55 Mbit/s
Upload: 0.87 Mbit/s
Fri Oct  7 04:45:01 CEST 2016
Ping: 30.69 ms
Download: 21.60 Mbit/s
Upload: 0.87 Mbit/s
Fri Oct  7 05:45:01 CEST 2016
Ping: 32.216 ms
Download: 21.51 Mbit/s
Upload: 0.88 Mbit/s
Fri Oct  7 06:45:02 CEST 2016
Ping: 31.409 ms
Download: 21.42 Mbit/s
Upload: 0.85 Mbit/s
Fri Oct  7 07:45:01 CEST 2016
Ping: 29.851 ms
Download: 21.46 Mbit/s
Upload: 0.87 Mbit/s
Fri Oct  7 08:45:01 CEST 2016
Ping: 30.908 ms
Download: 21.31 Mbit/s
Upload: 0.73 Mbit/s
Fri Oct  7 09:45:01 CEST 2016
Ping: 31.697 ms
Download: 18.43 Mbit/s
Upload: 0.75 Mbit/s
Fri Oct  7 10:45:01 CEST 2016
Ping: 27.722 ms
Download: 21.43 Mbit/s
Upload: 0.86 Mbit/s
Fri Oct  7 11:45:01 CEST 2016
Ping: 31.177 ms
Download: 21.51 Mbit/s
Upload: 0.86 Mbit/s
Fri Oct  7 12:45:01 CEST 2016
Ping: 28.635 ms
Download: 21.25 Mbit/s
Upload: 0.85 Mbit/s
Fri Oct  7 13:45:01 CEST 2016
Ping: 29.818 ms
Download: 21.28 Mbit/s
Upload: 0.82 Mbit/s
Fri Oct  7 14:45:01 CEST 2016
Ping: 27.049 ms
Download: 20.99 Mbit/s
Upload: 0.85 Mbit/s
Fri Oct  7 15:45:01 CEST 2016
Ping: 29.601 ms
Download: 20.73 Mbit/s
Upload: 0.86 Mbit/s
Fri Oct  7 16:45:01 CEST 2016
Ping: 31.211 ms
Download: 18.74 Mbit/s
Upload: 0.75 Mbit/s
Fri Oct  7 17:45:01 CEST 2016
Ping: 31.435 ms
Download: 19.99 Mbit/s
Upload: 0.76 Mbit/s
Fri Oct  7 18:45:01 CEST 2016
Ping: 27.234 ms
Download: 21.40 Mbit/s
Upload: 0.85 Mbit/s
Fri Oct  7 19:45:01 CEST 2016
Ping: 29.713 ms
Download: 20.54 Mbit/s
Upload: 0.84 Mbit/s
Fri Oct  7 20:45:01 CEST 2016
Ping: 26.388 ms
Download: 18.82 Mbit/s
Upload: 0.81 Mbit/s
Fri Oct  7 21:45:01 CEST 2016
Ping: 29.254 ms
Download: 21.40 Mbit/s
Upload: 0.85 Mbit/s
Fri Oct  7 22:45:01 CEST 2016
Ping: 29.945 ms
Download: 21.55 Mbit/s
Upload: 0.87 Mbit/s
Fri Oct  7 23:45:01 CEST 2016
Ping: 29.171 ms
Download: 21.41 Mbit/s
Upload: 0.86 Mbit/s
Sat Oct  8 00:45:01 CEST 2016
Ping: 29.434 ms
Download: 21.61 Mbit/s
Upload: 0.87 Mbit/s
Sat Oct  8 01:45:01 CEST 2016
Ping: 31.295 ms
Download: 21.05 Mbit/s
Upload: 0.87 Mbit/s
Sat Oct  8 02:45:01 CEST 2016
Ping: 31.309 ms
Download: 21.43 Mbit/s
Upload: 0.86 Mbit/s
Sat Oct  8 03:45:01 CEST 2016
Ping: 27.366 ms
Download: 21.45 Mbit/s
Upload: 0.87 Mbit/s
Sat Oct  8 04:45:01 CEST 2016
Ping: 30.56 ms
Download: 21.40 Mbit/s
Upload: 0.85 Mbit/s
Sat Oct  8 05:45:01 CEST 2016
Ping: 26.958 ms
Download: 21.42 Mbit/s
Upload: 0.88 Mbit/s
Sat Oct  8 06:45:01 CEST 2016
Ping: 31.375 ms
Download: 21.22 Mbit/s
Upload: 0.88 Mbit/s
Sat Oct  8 07:45:01 CEST 2016
Ping: 30.014 ms
Download: 21.43 Mbit/s
Upload: 0.87 Mbit/s
Sat Oct  8 08:45:01 CEST 2016
Ping: 30.377 ms
Download: 21.57 Mbit/s
Upload: 0.86 Mbit/s
Sat Oct  8 09:45:01 CEST 2016
Ping: 28.567 ms
Download: 18.17 Mbit/s
Upload: 0.75 Mbit/s
Sat Oct  8 10:45:01 CEST 2016
Ping: 31.391 ms
Download: 21.30 Mbit/s
Upload: 0.86 Mbit/s
Sat Oct  8 11:45:01 CEST 2016
Ping: 26.727 ms
Download: 18.32 Mbit/s
Upload: 0.80 Mbit/s
Sat Oct  8 12:45:01 CEST 2016
Ping: 27.686 ms
Download: 21.38 Mbit/s
Upload: 0.88 Mbit/s
Sat Oct  8 13:45:01 CEST 2016
Ping: 29.683 ms
Download: 21.39 Mbit/s
Upload: 0.87 Mbit/s
Sat Oct  8 14:45:01 CEST 2016
Ping: 29.689 ms
Download: 21.45 Mbit/s
Upload: 0.84 Mbit/s
Sat Oct  8 15:45:01 CEST 2016
Ping: 27.604 ms
Download: 21.43 Mbit/s
Upload: 0.85 Mbit/s
Sat Oct  8 16:45:01 CEST 2016
Ping: 26.021 ms
Download: 21.35 Mbit/s
Upload: 0.80 Mbit/s
Sat Oct  8 17:45:01 CEST 2016
Ping: 31.469 ms
Download: 21.61 Mbit/s
Upload: 0.86 Mbit/s
Sat Oct  8 18:45:01 CEST 2016
Ping: 27.343 ms
Download: 16.92 Mbit/s
Upload: 0.71 Mbit/s
Sat Oct  8 19:45:01 CEST 2016
Ping: 30.413 ms
Download: 20.98 Mbit/s
Upload: 0.87 Mbit/s
Sat Oct  8 20:45:01 CEST 2016
Ping: 27.35 ms
Download: 16.73 Mbit/s
Upload: 0.78 Mbit/s
Sat Oct  8 21:45:01 CEST 2016
Ping: 26.206 ms
Download: 21.43 Mbit/s
Upload: 0.86 Mbit/s
Sat Oct  8 22:45:01 CEST 2016
Ping: 27.475 ms
Download: 21.40 Mbit/s
Upload: 0.87 Mbit/s
Sat Oct  8 23:45:01 CEST 2016
Ping: 31.442 ms
Download: 21.30 Mbit/s
Upload: 0.86 Mbit/s
Sun Oct  9 00:45:01 CEST 2016
Ping: 30.609 ms
Download: 21.55 Mbit/s
Upload: 0.87 Mbit/s
Sun Oct  9 01:45:01 CEST 2016
Ping: 31.491 ms
Download: 21.40 Mbit/s
Upload: 0.85 Mbit/s
Sun Oct  9 02:45:01 CEST 2016
Ping: 27.968 ms
Download: 21.40 Mbit/s
Upload: 0.84 Mbit/s
Sun Oct  9 03:45:01 CEST 2016
Ping: 26.37 ms
Download: 21.42 Mbit/s
Upload: 0.87 Mbit/s
Sun Oct  9 04:45:01 CEST 2016
Ping: 30.056 ms
Download: 21.04 Mbit/s
Upload: 0.87 Mbit/s
Sun Oct  9 05:45:01 CEST 2016
Ping: 31.681 ms
Download: 20.83 Mbit/s
Upload: 0.87 Mbit/s
Sun Oct  9 06:45:01 CEST 2016
Ping: 30.504 ms
Download: 21.58 Mbit/s
Upload: 0.85 Mbit/s
Sun Oct  9 07:45:01 CEST 2016
Ping: 28.817 ms
Download: 16.58 Mbit/s
Upload: 0.76 Mbit/s
Sun Oct  9 08:45:01 CEST 2016
Ping: 27.837 ms
Download: 21.42 Mbit/s
Upload: 0.84 Mbit/s
Sun Oct  9 09:45:01 CEST 2016
Ping: 25.614 ms
Download: 21.26 Mbit/s
Upload: 0.85 Mbit/s
Sun Oct  9 10:45:01 CEST 2016
Ping: 27.331 ms
Download: 20.95 Mbit/s
Upload: 0.75 Mbit/s
Sun Oct  9 11:45:01 CEST 2016
Ping: 28.61 ms
Download: 20.90 Mbit/s
Upload: 0.81 Mbit/s
Sun Oct  9 12:45:01 CEST 2016
Ping: 30.873 ms
Download: 21.61 Mbit/s
Upload: 0.83 Mbit/s
Sun Oct  9 13:45:01 CEST 2016
Ping: 26.39 ms
Download: 21.13 Mbit/s
Upload: 0.79 Mbit/s
Sun Oct  9 14:45:01 CEST 2016
Ping: 27.417 ms
Download: 19.89 Mbit/s
Upload: 0.85 Mbit/s
Sun Oct  9 15:45:01 CEST 2016
Ping: 31.118 ms
Download: 21.27 Mbit/s
Upload: 0.85 Mbit/s
Sun Oct  9 16:45:01 CEST 2016
Ping: 28.594 ms
Download: 21.39 Mbit/s
Upload: 0.82 Mbit/s
Sun Oct  9 17:45:01 CEST 2016
Ping: 33.001 ms
Download: 15.26 Mbit/s
Upload: 0.67 Mbit/s
Sun Oct  9 18:45:01 CEST 2016
Ping: 28.988 ms
Download: 21.21 Mbit/s
Upload: 0.85 Mbit/s
Sun Oct  9 19:45:01 CEST 2016
Ping: 25.348 ms
Download: 21.38 Mbit/s
Upload: 0.85 Mbit/s
Sun Oct  9 20:45:01 CEST 2016
Ping: 27.918 ms
Download: 21.39 Mbit/s
Upload: 0.85 Mbit/s
Sun Oct  9 21:45:01 CEST 2016
Ping: 29.937 ms
Download: 20.57 Mbit/s
Upload: 0.88 Mbit/s
Sun Oct  9 22:45:01 CEST 2016
Ping: 26.32 ms
Download: 20.83 Mbit/s
Upload: 0.79 Mbit/s
Sun Oct  9 23:45:01 CEST 2016
Ping: 29.897 ms
Download: 21.40 Mbit/s
Upload: 0.88 Mbit/s
Mon Oct 10 00:45:01 CEST 2016
Ping: 30.372 ms
Download: 21.58 Mbit/s
Upload: 0.86 Mbit/s
Mon Oct 10 01:45:01 CEST 2016
Ping: 26.052 ms
Download: 21.40 Mbit/s
Upload: 0.87 Mbit/s
Mon Oct 10 02:45:01 CEST 2016
Ping: 26.543 ms
Download: 21.22 Mbit/s
Upload: 0.86 Mbit/s
Mon Oct 10 03:45:02 CEST 2016
Ping: 29.746 ms
Download: 21.61 Mbit/s
Upload: 0.87 Mbit/s
Mon Oct 10 04:45:01 CEST 2016
Ping: 24.911 ms
Download: 21.40 Mbit/s
Upload: 0.87 Mbit/s
Mon Oct 10 05:45:01 CEST 2016
Ping: 30.407 ms
Download: 21.56 Mbit/s
Upload: 0.86 Mbit/s
Mon Oct 10 06:45:01 CEST 2016
Ping: 28.701 ms
Download: 21.39 Mbit/s
Upload: 0.85 Mbit/s
Mon Oct 10 07:45:01 CEST 2016
Ping: 31.371 ms
Download: 20.74 Mbit/s
Upload: 0.86 Mbit/s
Mon Oct 10 08:45:01 CEST 2016
Ping: 31.599 ms
Download: 21.60 Mbit/s
Upload: 0.86 Mbit/s
Mon Oct 10 09:45:01 CEST 2016
Ping: 26.513 ms
Download: 21.43 Mbit/s
Upload: 0.83 Mbit/s
Mon Oct 10 10:45:01 CEST 2016
Ping: 28.707 ms
Download: 20.58 Mbit/s
Upload: 0.84 Mbit/s
Mon Oct 10 11:45:01 CEST 2016
Ping: 26.736 ms
Download: 21.46 Mbit/s
Upload: 0.86 Mbit/s
Mon Oct 10 12:45:01 CEST 2016
Ping: 30.286 ms
Download: 20.31 Mbit/s
Upload: 0.85 Mbit/s
Mon Oct 10 13:45:01 CEST 2016
Ping: 29.992 ms
Download: 20.96 Mbit/s
Upload: 0.84 Mbit/s
Mon Oct 10 14:45:01 CEST 2016
Ping: 30.289 ms
Download: 21.40 Mbit/s
Upload: 0.86 Mbit/s
Mon Oct 10 15:45:01 CEST 2016
Ping: 29.277 ms
Download: 19.83 Mbit/s
Upload: 0.80 Mbit/s
Mon Oct 10 16:45:01 CEST 2016
Ping: 29.877 ms
Download: 21.16 Mbit/s
Upload: 0.86 Mbit/s
Mon Oct 10 17:45:01 CEST 2016
Ping: 31.621 ms
Download: 21.52 Mbit/s
Upload: 0.87 Mbit/s
Mon Oct 10 18:45:01 CEST 2016
Ping: 30.069 ms
Download: 21.31 Mbit/s
Upload: 0.86 Mbit/s
Mon Oct 10 19:45:01 CEST 2016
Ping: 27.126 ms
Download: 21.43 Mbit/s
Upload: 0.86 Mbit/s
Mon Oct 10 20:45:01 CEST 2016
Ping: 27.565 ms
Download: 21.43 Mbit/s
Upload: 0.82 Mbit/s
Mon Oct 10 21:45:01 CEST 2016
Ping: 26.372 ms
Download: 20.45 Mbit/s
Upload: 0.87 Mbit/s
Mon Oct 10 22:45:01 CEST 2016
Ping: 28.256 ms
Download: 21.33 Mbit/s
Upload: 0.86 Mbit/s
Mon Oct 10 23:45:02 CEST 2016
Ping: 26.862 ms
Download: 20.91 Mbit/s
Upload: 0.86 Mbit/s
Tue Oct 11 00:45:01 CEST 2016
Ping: 27.213 ms
Download: 21.29 Mbit/s
Upload: 0.84 Mbit/s
Tue Oct 11 01:45:01 CEST 2016
Ping: 30.75 ms
Download: 21.60 Mbit/s
Upload: 0.86 Mbit/s
Tue Oct 11 02:45:01 CEST 2016
Ping: 31.548 ms
Download: 21.34 Mbit/s
Upload: 0.87 Mbit/s
Tue Oct 11 03:45:01 CEST 2016
Ping: 28.324 ms
Download: 21.43 Mbit/s
Upload: 0.86 Mbit/s
Tue Oct 11 04:45:01 CEST 2016
Ping: 28.114 ms
Download: 21.13 Mbit/s
Upload: 0.85 Mbit/s
Tue Oct 11 05:45:01 CEST 2016
Ping: 30.405 ms
Download: 21.39 Mbit/s
Upload: 0.85 Mbit/s
Tue Oct 11 06:45:01 CEST 2016
Ping: 26.646 ms
Download: 21.43 Mbit/s
Upload: 0.86 Mbit/s
Tue Oct 11 07:45:01 CEST 2016
Ping: 31.43 ms
Download: 21.60 Mbit/s
Upload: 0.87 Mbit/s
Tue Oct 11 08:45:01 CEST 2016
Ping: 32.001 ms
Download: 21.47 Mbit/s
Upload: 0.87 Mbit/s
Tue Oct 11 09:45:01 CEST 2016
Ping: 25.917 ms
Download: 21.34 Mbit/s
Upload: 0.86 Mbit/s
Tue Oct 11 10:45:01 CEST 2016
Ping: 31.345 ms
Download: 21.38 Mbit/s
Upload: 0.87 Mbit/s
Tue Oct 11 11:45:01 CEST 2016
Ping: 27.714 ms
Download: 21.42 Mbit/s
Upload: 0.85 Mbit/s
Tue Oct 11 12:45:01 CEST 2016
Ping: 28.052 ms
Download: 21.45 Mbit/s
Upload: 0.87 Mbit/s
Tue Oct 11 13:45:01 CEST 2016
Ping: 30.061 ms
Download: 20.87 Mbit/s
Upload: 0.87 Mbit/s
Tue Oct 11 14:45:01 CEST 2016
Ping: 30.594 ms
Download: 21.44 Mbit/s
Upload: 0.82 Mbit/s
Tue Oct 11 15:45:01 CEST 2016
Ping: 28.534 ms
Download: 21.38 Mbit/s
Upload: 0.86 Mbit/s
Tue Oct 11 16:45:01 CEST 2016
Ping: 27.893 ms
Download: 21.40 Mbit/s
Upload: 0.86 Mbit/s
Tue Oct 11 17:45:01 CEST 2016
Ping: 30.014 ms
Download: 19.57 Mbit/s
Upload: 0.55 Mbit/s
Tue Oct 11 18:45:01 CEST 2016
Ping: 31.986 ms
Download: 21.52 Mbit/s
Upload: 0.85 Mbit/s
Tue Oct 11 19:45:01 CEST 2016
Ping: 31.5 ms
Download: 21.39 Mbit/s
Upload: 0.85 Mbit/s
Tue Oct 11 20:45:01 CEST 2016
Ping: 28.535 ms
Download: 21.41 Mbit/s
Upload: 0.87 Mbit/s
Tue Oct 11 21:45:01 CEST 2016
Ping: 26.608 ms
Download: 20.38 Mbit/s
Upload: 0.84 Mbit/s
Tue Oct 11 22:45:01 CEST 2016
Ping: 29.46 ms
Download: 21.49 Mbit/s
Upload: 0.87 Mbit/s
Tue Oct 11 23:45:01 CEST 2016
Ping: 28.708 ms
Download: 21.38 Mbit/s
Upload: 0.83 Mbit/s
Wed Oct 12 00:45:01 CEST 2016
Ping: 30.687 ms
Download: 19.64 Mbit/s
Upload: 0.74 Mbit/s
Wed Oct 12 01:45:01 CEST 2016
Ping: 26.085 ms
Download: 21.40 Mbit/s
Upload: 0.87 Mbit/s
Wed Oct 12 02:45:01 CEST 2016
Ping: 31.444 ms
Download: 21.60 Mbit/s
Upload: 0.88 Mbit/s
Wed Oct 12 03:45:01 CEST 2016
Ping: 29.864 ms
Download: 21.59 Mbit/s
Upload: 0.88 Mbit/s
Wed Oct 12 04:45:01 CEST 2016
Ping: 30.297 ms
Download: 21.52 Mbit/s
Upload: 0.87 Mbit/s
Wed Oct 12 05:45:01 CEST 2016
Ping: 31.349 ms
Download: 21.43 Mbit/s
Upload: 0.85 Mbit/s
Wed Oct 12 06:45:01 CEST 2016
Ping: 29.049 ms
Download: 21.52 Mbit/s
Upload: 0.87 Mbit/s
Wed Oct 12 07:45:01 CEST 2016
Ping: 31.407 ms
Download: 20.77 Mbit/s
Upload: 0.87 Mbit/s
Wed Oct 12 08:45:01 CEST 2016
Ping: 30.101 ms
Download: 20.99 Mbit/s
Upload: 0.82 Mbit/s
Wed Oct 12 09:45:01 CEST 2016
Ping: 31.783 ms
Download: 18.87 Mbit/s
Upload: 0.82 Mbit/s
Wed Oct 12 10:45:01 CEST 2016
Ping: 26.761 ms
Download: 21.43 Mbit/s
Upload: 0.86 Mbit/s
Wed Oct 12 11:45:01 CEST 2016
Ping: 31.654 ms
Download: 19.10 Mbit/s
Upload: 0.84 Mbit/s
Wed Oct 12 12:45:01 CEST 2016
Ping: 31.89 ms
Download: 21.58 Mbit/s
Upload: 0.87 Mbit/s
Wed Oct 12 13:45:01 CEST 2016
Ping: 29.522 ms
Download: 19.84 Mbit/s
Upload: 0.82 Mbit/s
Wed Oct 12 14:45:01 CEST 2016
Ping: 28.303 ms
Download: 20.99 Mbit/s
Upload: 0.85 Mbit/s
Wed Oct 12 15:45:01 CEST 2016
Ping: 30.737 ms
Download: 21.12 Mbit/s
Upload: 0.86 Mbit/s
Wed Oct 12 16:45:01 CEST 2016
Ping: 26.583 ms
Download: 21.38 Mbit/s
Upload: 0.83 Mbit/s
Wed Oct 12 17:45:01 CEST 2016
Ping: 30.727 ms
Download: 21.61 Mbit/s
Upload: 0.86 Mbit/s
Wed Oct 12 18:45:01 CEST 2016
Ping: 28.058 ms
Download: 21.38 Mbit/s
Upload: 0.84 Mbit/s
Wed Oct 12 19:45:01 CEST 2016
Ping: 25.98 ms
Download: 20.83 Mbit/s
Upload: 0.86 Mbit/s
Wed Oct 12 20:45:01 CEST 2016
Ping: 29.801 ms
Download: 20.91 Mbit/s
Upload: 0.84 Mbit/s
Wed Oct 12 21:45:01 CEST 2016
Ping: 29.932 ms
Download: 21.45 Mbit/s
Upload: 0.86 Mbit/s
Wed Oct 12 22:45:01 CEST 2016
Ping: 32.201 ms
Download: 21.58 Mbit/s
Upload: 0.87 Mbit/s
Wed Oct 12 23:45:02 CEST 2016
Ping: 31.463 ms
Download: 21.28 Mbit/s
Upload: 0.85 Mbit/s
Thu Oct 13 00:45:01 CEST 2016
Ping: 31.553 ms
Download: 21.28 Mbit/s
Upload: 0.87 Mbit/s
Thu Oct 13 01:45:01 CEST 2016
Ping: 29.63 ms
Download: 21.39 Mbit/s
Upload: 0.85 Mbit/s
Thu Oct 13 02:45:01 CEST 2016
Ping: 30.832 ms
Download: 21.13 Mbit/s
Upload: 0.84 Mbit/s
Thu Oct 13 03:45:01 CEST 2016
Ping: 30.704 ms
Download: 20.92 Mbit/s
Upload: 0.87 Mbit/s
Thu Oct 13 04:45:01 CEST 2016
Ping: 27.395 ms
Download: 21.46 Mbit/s
Upload: 0.87 Mbit/s
Thu Oct 13 05:45:01 CEST 2016
Ping: 31.436 ms
Download: 21.41 Mbit/s
Upload: 0.87 Mbit/s
Thu Oct 13 06:45:01 CEST 2016
Ping: 30.788 ms
Download: 21.61 Mbit/s
Upload: 0.81 Mbit/s
Thu Oct 13 07:45:01 CEST 2016
Ping: 30.192 ms
Download: 20.91 Mbit/s
Upload: 0.85 Mbit/s
Thu Oct 13 08:45:02 CEST 2016
Ping: 28.827 ms
Download: 19.11 Mbit/s
Upload: 0.82 Mbit/s
Thu Oct 13 09:45:01 CEST 2016
Ping: 31.865 ms
Download: 21.59 Mbit/s
Upload: 0.87 Mbit/s
Thu Oct 13 10:45:01 CEST 2016
Ping: 31.009 ms
Download: 21.57 Mbit/s
Upload: 0.85 Mbit/s
Thu Oct 13 11:45:01 CEST 2016
Ping: 28.178 ms
Download: 20.63 Mbit/s
Upload: 0.79 Mbit/s
Thu Oct 13 12:45:01 CEST 2016
Ping: 31.03 ms
Download: 20.85 Mbit/s
Upload: 0.86 Mbit/s
Thu Oct 13 13:45:01 CEST 2016
Ping: 25.828 ms
Download: 19.46 Mbit/s
Upload: 0.77 Mbit/s
Thu Oct 13 14:45:01 CEST 2016
Ping: 27.293 ms
Download: 20.21 Mbit/s
Upload: 0.68 Mbit/s
Thu Oct 13 15:45:01 CEST 2016
Ping: 27.048 ms
Download: 21.43 Mbit/s
Upload: 0.87 Mbit/s
Thu Oct 13 16:45:01 CEST 2016
Ping: 30.662 ms
Download: 20.79 Mbit/s
Upload: 0.87 Mbit/s
Thu Oct 13 17:45:01 CEST 2016
Ping: 29.482 ms
Download: 18.04 Mbit/s
Upload: 0.72 Mbit/s
Thu Oct 13 18:45:01 CEST 2016
Ping: 25.461 ms
Download: 16.70 Mbit/s
Upload: 0.77 Mbit/s
Thu Oct 13 19:45:01 CEST 2016
Ping: 31.156 ms
Download: 21.04 Mbit/s
Upload: 0.86 Mbit/s
Thu Oct 13 20:45:01 CEST 2016
Ping: 26.488 ms
Download: 20.38 Mbit/s
Upload: 0.82 Mbit/s
Thu Oct 13 21:45:01 CEST 2016
Ping: 29.847 ms
Download: 20.93 Mbit/s
Upload: 0.87 Mbit/s
Thu Oct 13 22:45:01 CEST 2016
Ping: 26.772 ms
Download: 21.39 Mbit/s
Upload: 0.87 Mbit/s
Thu Oct 13 23:45:01 CEST 2016
Ping: 27.86 ms
Download: 20.58 Mbit/s
Upload: 0.86 Mbit/s
Fri Oct 14 00:45:01 CEST 2016
Ping: 31.693 ms
Download: 21.41 Mbit/s
Upload: 0.89 Mbit/s
Fri Oct 14 01:45:01 CEST 2016
Ping: 28.898 ms
Download: 21.39 Mbit/s
Upload: 0.85 Mbit/s
Fri Oct 14 02:45:01 CEST 2016
Ping: 30.823 ms
Download: 21.43 Mbit/s
Upload: 0.85 Mbit/s
Fri Oct 14 03:45:01 CEST 2016
Ping: 31.539 ms
Download: 21.55 Mbit/s
Upload: 0.88 Mbit/s
Fri Oct 14 04:45:01 CEST 2016
Ping: 31.294 ms
Download: 21.48 Mbit/s
Upload: 0.85 Mbit/s
Fri Oct 14 05:45:02 CEST 2016
Ping: 28.256 ms
Download: 21.31 Mbit/s
Upload: 0.87 Mbit/s
Fri Oct 14 06:45:01 CEST 2016
Ping: 29.791 ms
Download: 21.40 Mbit/s
Upload: 0.85 Mbit/s
Fri Oct 14 07:45:01 CEST 2016
Ping: 26.694 ms
Download: 21.43 Mbit/s
Upload: 0.82 Mbit/s
Fri Oct 14 08:45:01 CEST 2016
Ping: 31.543 ms
Download: 21.46 Mbit/s
Upload: 0.84 Mbit/s
Fri Oct 14 09:45:01 CEST 2016
Ping: 27.171 ms
Download: 21.30 Mbit/s
Upload: 0.85 Mbit/s
Fri Oct 14 10:45:01 CEST 2016
Ping: 30.371 ms
Download: 21.56 Mbit/s
Upload: 0.87 Mbit/s
Fri Oct 14 11:45:01 CEST 2016
Ping: 26.572 ms
Download: 14.58 Mbit/s
Upload: 0.79 Mbit/s
Fri Oct 14 12:45:01 CEST 2016
Ping: 26.284 ms
Download: 21.39 Mbit/s
Upload: 0.86 Mbit/s
Fri Oct 14 13:45:01 CEST 2016
Ping: 30.784 ms
Download: 20.40 Mbit/s
Upload: 0.84 Mbit/s
Fri Oct 14 14:45:02 CEST 2016
Ping: 30.173 ms
Download: 21.37 Mbit/s
Upload: 0.85 Mbit/s
Fri Oct 14 15:45:02 CEST 2016
Ping: 32.942 ms
Download: 21.48 Mbit/s
Upload: 0.87 Mbit/s
Fri Oct 14 16:45:01 CEST 2016
Ping: 29.549 ms
Download: 19.69 Mbit/s
Upload: 0.81 Mbit/s
Fri Oct 14 17:45:01 CEST 2016
Ping: 28.72 ms
Download: 20.07 Mbit/s
Upload: 0.70 Mbit/s
Fri Oct 14 18:45:01 CEST 2016
Ping: 30.233 ms
Download: 19.54 Mbit/s
Upload: 0.77 Mbit/s
Fri Oct 14 19:45:01 CEST 2016
Ping: 30.637 ms
Download: 20.55 Mbit/s
Upload: 0.76 Mbit/s
Fri Oct 14 20:45:01 CEST 2016
Ping: 29.651 ms
Download: 21.47 Mbit/s
Upload: 0.87 Mbit/s
Fri Oct 14 21:45:01 CEST 2016
Ping: 28.483 ms
Download: 16.81 Mbit/s
Upload: 0.72 Mbit/s
Fri Oct 14 22:45:01 CEST 2016
Ping: 31.009 ms
Download: 21.48 Mbit/s
Upload: 0.73 Mbit/s
Fri Oct 14 23:45:01 CEST 2016
Ping: 30.107 ms
Download: 21.57 Mbit/s
Upload: 0.87 Mbit/s
Sat Oct 15 00:45:01 CEST 2016
Ping: 28.973 ms
Download: 21.41 Mbit/s
Upload: 0.87 Mbit/s
Sat Oct 15 01:45:01 CEST 2016
Ping: 29.951 ms
Download: 21.56 Mbit/s
Upload: 0.86 Mbit/s
Sat Oct 15 02:45:01 CEST 2016
Ping: 28.462 ms
Download: 21.39 Mbit/s
Upload: 0.85 Mbit/s
Sat Oct 15 03:45:01 CEST 2016
Ping: 31.825 ms
Download: 21.57 Mbit/s
Upload: 0.87 Mbit/s
Sat Oct 15 04:45:02 CEST 2016
Ping: 28.141 ms
Download: 21.43 Mbit/s
Upload: 0.87 Mbit/s
Sat Oct 15 05:45:01 CEST 2016
Ping: 29.19 ms
Download: 21.61 Mbit/s
Upload: 0.78 Mbit/s
Sat Oct 15 06:45:01 CEST 2016
Ping: 30.418 ms
Download: 21.40 Mbit/s
Upload: 0.85 Mbit/s
Sat Oct 15 07:45:01 CEST 2016
Ping: 32.985 ms
Download: 21.25 Mbit/s
Upload: 0.87 Mbit/s
Sat Oct 15 08:45:01 CEST 2016
Ping: 28.832 ms
Download: 19.94 Mbit/s
Upload: 0.69 Mbit/s
Sat Oct 15 09:45:01 CEST 2016
Ping: 30.623 ms
Download: 14.18 Mbit/s
Upload: 0.56 Mbit/s
Sat Oct 15 10:45:01 CEST 2016
Ping: 27.441 ms
Download: 21.40 Mbit/s
Upload: 0.83 Mbit/s
Sat Oct 15 11:45:01 CEST 2016
Ping: 31.669 ms
Download: 21.30 Mbit/s
Upload: 0.83 Mbit/s
Sat Oct 15 12:45:01 CEST 2016
Ping: 28.789 ms
Download: 21.39 Mbit/s
Upload: 0.84 Mbit/s
Sat Oct 15 13:45:01 CEST 2016
Ping: 27.864 ms
Download: 19.76 Mbit/s
Upload: 0.77 Mbit/s
Sat Oct 15 14:45:01 CEST 2016
Ping: 28.466 ms
Download: 21.14 Mbit/s
Upload: 0.84 Mbit/s
Sat Oct 15 15:45:01 CEST 2016
Ping: 29.795 ms
Download: 21.31 Mbit/s
Upload: 0.85 Mbit/s
Sat Oct 15 16:45:01 CEST 2016
Ping: 29.791 ms
Download: 21.29 Mbit/s
Upload: 0.82 Mbit/s
Sat Oct 15 17:45:01 CEST 2016
Ping: 28.485 ms
Download: 21.37 Mbit/s
Upload: 0.87 Mbit/s
Sat Oct 15 18:45:01 CEST 2016
Ping: 27.549 ms
Download: 21.43 Mbit/s
Upload: 0.86 Mbit/s
Sat Oct 15 19:45:01 CEST 2016
Ping: 28.075 ms
Download: 21.37 Mbit/s
Upload: 0.86 Mbit/s
Sat Oct 15 20:45:01 CEST 2016
Ping: 27.692 ms
Download: 21.38 Mbit/s
Upload: 0.76 Mbit/s
Sat Oct 15 21:45:01 CEST 2016
Ping: 25.912 ms
Download: 21.33 Mbit/s
Upload: 0.83 Mbit/s
Sat Oct 15 22:45:01 CEST 2016
Ping: 27.426 ms
Download: 21.45 Mbit/s
Upload: 0.87 Mbit/s
Sat Oct 15 23:45:01 CEST 2016
Ping: 25.001 ms
Download: 21.45 Mbit/s
Upload: 0.86 Mbit/s
Sun Oct 16 00:45:01 CEST 2016
Ping: 28.401 ms
Download: 20.55 Mbit/s
Upload: 0.85 Mbit/s
Sun Oct 16 01:45:01 CEST 2016
Ping: 30.094 ms
Download: 21.11 Mbit/s
Upload: 0.85 Mbit/s
Sun Oct 16 02:45:01 CEST 2016
Ping: 27.152 ms
Download: 21.40 Mbit/s
Upload: 0.87 Mbit/s
Sun Oct 16 03:45:01 CEST 2016
Ping: 26.109 ms
Download: 21.43 Mbit/s
Upload: 0.85 Mbit/s
Sun Oct 16 04:45:01 CEST 2016
Ping: 27.886 ms
Download: 21.34 Mbit/s
Upload: 0.87 Mbit/s
Sun Oct 16 05:45:01 CEST 2016
Ping: 30.385 ms
Download: 21.43 Mbit/s
Upload: 0.78 Mbit/s
Sun Oct 16 06:45:02 CEST 2016
Ping: 29.952 ms
Download: 21.56 Mbit/s
Upload: 0.86 Mbit/s
Sun Oct 16 07:45:01 CEST 2016
Ping: 31.349 ms
Download: 21.49 Mbit/s
Upload: 0.87 Mbit/s
Sun Oct 16 08:45:01 CEST 2016
Ping: 27.685 ms
Download: 21.43 Mbit/s
Upload: 0.78 Mbit/s
Sun Oct 16 09:45:01 CEST 2016
Ping: 30.569 ms
Download: 21.57 Mbit/s
Upload: 0.87 Mbit/s
Sun Oct 16 10:45:01 CEST 2016
Ping: 26.597 ms
Download: 21.38 Mbit/s
Upload: 0.87 Mbit/s
Sun Oct 16 11:45:01 CEST 2016
Ping: 32.909 ms
Download: 20.51 Mbit/s
Upload: 0.81 Mbit/s
Sun Oct 16 12:45:01 CEST 2016
Ping: 30.144 ms
Download: 21.13 Mbit/s
Upload: 0.84 Mbit/s
Sun Oct 16 13:45:02 CEST 2016
Ping: 29.474 ms
Download: 21.33 Mbit/s
Upload: 0.85 Mbit/s
Sun Oct 16 14:45:01 CEST 2016
Ping: 29.612 ms
Download: 21.57 Mbit/s
Upload: 0.87 Mbit/s
Sun Oct 16 15:45:01 CEST 2016
Ping: 26.8 ms
Download: 19.81 Mbit/s
Upload: 0.87 Mbit/s
Sun Oct 16 16:45:01 CEST 2016
Ping: 30.396 ms
Download: 20.61 Mbit/s
Upload: 0.81 Mbit/s
Sun Oct 16 17:45:01 CEST 2016
Ping: 25.87 ms
Download: 18.24 Mbit/s
Upload: 0.69 Mbit/s
Sun Oct 16 18:45:01 CEST 2016
Ping: 28.866 ms
Download: 21.43 Mbit/s
Upload: 0.86 Mbit/s
Sun Oct 16 19:45:01 CEST 2016
Ping: 27.411 ms
Download: 21.44 Mbit/s
Upload: 0.88 Mbit/s
Sun Oct 16 20:45:01 CEST 2016
Ping: 30.38 ms
Download: 16.91 Mbit/s
Upload: 0.68 Mbit/s
Sun Oct 16 21:45:01 CEST 2016
Ping: 29.61 ms
Download: 21.36 Mbit/s
Upload: 0.86 Mbit/s
Sun Oct 16 22:45:01 CEST 2016
Ping: 28.708 ms
Download: 20.40 Mbit/s
Upload: 0.81 Mbit/s
Sun Oct 16 23:45:01 CEST 2016
Ping: 31.603 ms
Download: 20.55 Mbit/s
Upload: 0.89 Mbit/s
Mon Oct 17 00:45:01 CEST 2016
Ping: 25.851 ms
Download: 21.43 Mbit/s
Upload: 0.87 Mbit/s
Mon Oct 17 01:45:02 CEST 2016
Ping: 27.476 ms
Download: 21.39 Mbit/s
Upload: 0.87 Mbit/s
Mon Oct 17 02:45:01 CEST 2016
Ping: 29.706 ms
Download: 21.57 Mbit/s
Upload: 0.87 Mbit/s
Mon Oct 17 03:45:01 CEST 2016
Ping: 27.07 ms
Download: 21.29 Mbit/s
Upload: 0.86 Mbit/s
Mon Oct 17 04:45:01 CEST 2016
Ping: 25.884 ms
Download: 21.46 Mbit/s
Upload: 0.87 Mbit/s
Mon Oct 17 05:45:01 CEST 2016
Ping: 30.458 ms
Download: 21.40 Mbit/s
Upload: 0.85 Mbit/s
Mon Oct 17 06:45:01 CEST 2016
Ping: 26.5 ms
Download: 21.43 Mbit/s
Upload: 0.86 Mbit/s
Mon Oct 17 07:45:01 CEST 2016
Ping: 27.47 ms
Download: 21.43 Mbit/s
Upload: 0.86 Mbit/s
Mon Oct 17 08:45:01 CEST 2016
Ping: 30.977 ms
Download: 21.22 Mbit/s
Upload: 0.83 Mbit/s
Mon Oct 17 09:45:01 CEST 2016
Ping: 30.631 ms
Download: 21.60 Mbit/s
Upload: 0.81 Mbit/s
Mon Oct 17 10:45:01 CEST 2016
Ping: 27.701 ms
Download: 20.79 Mbit/s
Upload: 0.84 Mbit/s
Mon Oct 17 11:45:01 CEST 2016
Ping: 29.615 ms
Download: 20.30 Mbit/s
Upload: 0.79 Mbit/s
Mon Oct 17 12:45:01 CEST 2016
Ping: 30.479 ms
Download: 20.28 Mbit/s
Upload: 0.80 Mbit/s
Mon Oct 17 13:45:01 CEST 2016
Ping: 26.98 ms
Download: 21.28 Mbit/s
Upload: 0.86 Mbit/s
Mon Oct 17 14:45:01 CEST 2016
Ping: 31.63 ms
Download: 21.42 Mbit/s
Upload: 0.86 Mbit/s
Mon Oct 17 15:45:01 CEST 2016
Ping: 28.46 ms
Download: 21.14 Mbit/s
Upload: 0.84 Mbit/s
Mon Oct 17 16:45:01 CEST 2016
Ping: 27.874 ms
Download: 18.49 Mbit/s
Upload: 0.74 Mbit/s
Mon Oct 17 17:45:01 CEST 2016
Ping: 26.367 ms
Download: 21.36 Mbit/s
Upload: 0.86 Mbit/s
Mon Oct 17 18:45:02 CEST 2016
Ping: 33.038 ms
Download: 17.36 Mbit/s
Upload: 0.63 Mbit/s
Mon Oct 17 19:45:01 CEST 2016
Ping: 31.631 ms
Download: 21.60 Mbit/s
Upload: 0.87 Mbit/s
Mon Oct 17 20:45:01 CEST 2016
Ping: 28.97 ms
Download: 21.05 Mbit/s
Upload: 0.85 Mbit/s
Mon Oct 17 21:45:01 CEST 2016
Ping: 26.113 ms
Download: 21.22 Mbit/s
Upload: 0.86 Mbit/s
Mon Oct 17 22:45:02 CEST 2016
Ping: 29.72 ms
Download: 21.38 Mbit/s
Upload: 0.80 Mbit/s
Mon Oct 17 23:45:01 CEST 2016
Ping: 26.139 ms
Download: 21.39 Mbit/s
Upload: 0.86 Mbit/s
Tue Oct 18 00:45:01 CEST 2016
Ping: 26.732 ms
Download: 21.42 Mbit/s
Upload: 0.86 Mbit/s
Tue Oct 18 01:45:01 CEST 2016
Ping: 27.646 ms
Download: 21.45 Mbit/s
Upload: 0.87 Mbit/s
Tue Oct 18 02:45:01 CEST 2016
Ping: 28.761 ms
Download: 21.38 Mbit/s
Upload: 0.84 Mbit/s
Tue Oct 18 03:45:01 CEST 2016
Ping: 25.886 ms
Download: 21.43 Mbit/s
Upload: 0.87 Mbit/s
Tue Oct 18 04:45:01 CEST 2016
Ping: 30.132 ms
Download: 21.61 Mbit/s
Upload: 0.88 Mbit/s
Tue Oct 18 05:45:01 CEST 2016
Ping: 31.692 ms
Download: 21.55 Mbit/s
Upload: 0.88 Mbit/s
Tue Oct 18 06:45:01 CEST 2016
Ping: 25.531 ms
Download: 20.96 Mbit/s
Upload: 0.86 Mbit/s
Tue Oct 18 07:45:01 CEST 2016
Ping: 31.693 ms
Download: 21.34 Mbit/s
Upload: 0.84 Mbit/s
Tue Oct 18 08:45:01 CEST 2016
Ping: 25.702 ms
Download: 19.54 Mbit/s
Upload: 0.86 Mbit/s
Tue Oct 18 09:45:01 CEST 2016
Ping: 29.927 ms
Download: 21.43 Mbit/s
Upload: 0.87 Mbit/s
Tue Oct 18 10:45:01 CEST 2016
Ping: 26.211 ms
Download: 19.92 Mbit/s
Upload: 0.78 Mbit/s
Tue Oct 18 11:45:01 CEST 2016
Ping: 27.709 ms
Download: 20.02 Mbit/s
Upload: 0.80 Mbit/s
Tue Oct 18 12:45:01 CEST 2016
Ping: 29.043 ms
Download: 21.43 Mbit/s
Upload: 0.84 Mbit/s
Tue Oct 18 13:45:01 CEST 2016
Ping: 26.042 ms
Download: 21.43 Mbit/s
Upload: 0.86 Mbit/s
Tue Oct 18 14:45:01 CEST 2016
Ping: 26.957 ms
Download: 21.17 Mbit/s
Upload: 0.86 Mbit/s
Tue Oct 18 15:45:02 CEST 2016
Ping: 27.863 ms
Download: 20.17 Mbit/s
Upload: 0.82 Mbit/s
Tue Oct 18 16:45:01 CEST 2016
Ping: 26.524 ms
Download: 21.42 Mbit/s
Upload: 0.87 Mbit/s
Tue Oct 18 17:45:01 CEST 2016
Ping: 30.953 ms
Download: 20.76 Mbit/s
Upload: 0.54 Mbit/s
Tue Oct 18 18:45:01 CEST 2016
Ping: 28.278 ms
Download: 18.25 Mbit/s
Upload: 0.82 Mbit/s
Tue Oct 18 19:45:01 CEST 2016
Ping: 25.651 ms
Download: 19.20 Mbit/s
Upload: 0.80 Mbit/s
Tue Oct 18 20:45:01 CEST 2016
Ping: 29.892 ms
Download: 21.24 Mbit/s
Upload: 0.84 Mbit/s
Tue Oct 18 21:45:01 CEST 2016
Ping: 32.739 ms
Download: 21.43 Mbit/s
Upload: 0.86 Mbit/s
Tue Oct 18 22:45:01 CEST 2016
Ping: 30.347 ms
Download: 18.44 Mbit/s
Upload: 0.79 Mbit/s
Tue Oct 18 23:45:01 CEST 2016
Ping: 31.102 ms
Download: 21.37 Mbit/s
Upload: 0.86 Mbit/s
Wed Oct 19 00:45:01 CEST 2016
Ping: 25.938 ms
Download: 21.37 Mbit/s
Upload: 0.88 Mbit/s
Wed Oct 19 01:45:02 CEST 2016
Ping: 25.867 ms
Download: 21.43 Mbit/s
Upload: 0.87 Mbit/s
Wed Oct 19 02:45:01 CEST 2016
Ping: 31.295 ms
Download: 21.52 Mbit/s
Upload: 0.87 Mbit/s
Wed Oct 19 03:45:01 CEST 2016
Ping: 30.595 ms
Download: 21.31 Mbit/s
Upload: 0.84 Mbit/s
Wed Oct 19 04:45:01 CEST 2016
Ping: 30.337 ms
Download: 21.40 Mbit/s
Upload: 0.85 Mbit/s
Wed Oct 19 05:45:01 CEST 2016
Ping: 29.676 ms
Download: 21.43 Mbit/s
Upload: 0.87 Mbit/s
Wed Oct 19 06:45:01 CEST 2016
Ping: 26.349 ms
Download: 21.43 Mbit/s
Upload: 0.86 Mbit/s
Wed Oct 19 07:45:01 CEST 2016
Ping: 29.502 ms
Download: 21.38 Mbit/s
Upload: 0.85 Mbit/s
Wed Oct 19 08:45:01 CEST 2016
Ping: 32.161 ms
Download: 19.96 Mbit/s
Upload: 0.78 Mbit/s
Wed Oct 19 09:45:01 CEST 2016
Ping: 29.697 ms
Download: 21.10 Mbit/s
Upload: 0.83 Mbit/s
Wed Oct 19 10:45:01 CEST 2016
Ping: 26.349 ms
Download: 21.42 Mbit/s
Upload: 0.87 Mbit/s
Wed Oct 19 11:45:01 CEST 2016
Ping: 28.827 ms
Download: 18.92 Mbit/s
Upload: 0.76 Mbit/s
Wed Oct 19 12:45:01 CEST 2016
Ping: 27.775 ms
Download: 21.16 Mbit/s
Upload: 0.78 Mbit/s
Wed Oct 19 13:45:01 CEST 2016
Ping: 30.883 ms
Download: 21.45 Mbit/s
Upload: 0.85 Mbit/s
Wed Oct 19 14:45:02 CEST 2016
Ping: 30.171 ms
Download: 20.18 Mbit/s
Upload: 0.82 Mbit/s
Wed Oct 19 15:45:01 CEST 2016
Ping: 24.676 ms
Download: 21.42 Mbit/s
Upload: 0.85 Mbit/s
Wed Oct 19 16:45:01 CEST 2016
Ping: 30.482 ms
Download: 21.19 Mbit/s
Upload: 0.87 Mbit/s
Wed Oct 19 17:45:01 CEST 2016
Ping: 31.297 ms
Download: 21.60 Mbit/s
Upload: 0.87 Mbit/s
Wed Oct 19 18:45:01 CEST 2016
Ping: 26.324 ms
Download: 21.43 Mbit/s
Upload: 0.86 Mbit/s
Wed Oct 19 19:45:01 CEST 2016
Ping: 26.367 ms
Download: 21.40 Mbit/s
Upload: 0.86 Mbit/s
Wed Oct 19 20:45:01 CEST 2016
Ping: 26.924 ms
Download: 21.24 Mbit/s
Upload: 0.85 Mbit/s
Wed Oct 19 21:45:01 CEST 2016
Ping: 31.598 ms
Download: 20.61 Mbit/s
Upload: 0.85 Mbit/s
Wed Oct 19 22:45:01 CEST 2016
Ping: 26.535 ms
Download: 21.34 Mbit/s
Upload: 0.86 Mbit/s
Wed Oct 19 23:45:01 CEST 2016
Ping: 27.739 ms
Download: 21.43 Mbit/s
Upload: 0.88 Mbit/s
Thu Oct 20 00:45:01 CEST 2016
Ping: 27.96 ms
Download: 21.42 Mbit/s
Upload: 0.86 Mbit/s
Thu Oct 20 01:45:02 CEST 2016
Ping: 28.646 ms
Download: 21.54 Mbit/s
Upload: 0.89 Mbit/s
Thu Oct 20 02:45:01 CEST 2016
Ping: 30.791 ms
Download: 21.55 Mbit/s
Upload: 0.87 Mbit/s
Thu Oct 20 03:45:01 CEST 2016
Ping: 27.376 ms
Download: 21.37 Mbit/s
Upload: 0.88 Mbit/s
Thu Oct 20 04:45:01 CEST 2016
Ping: 26.579 ms
Download: 21.40 Mbit/s
Upload: 0.86 Mbit/s
Thu Oct 20 05:45:01 CEST 2016
Ping: 26.13 ms
Download: 21.36 Mbit/s
Upload: 0.87 Mbit/s
Thu Oct 20 06:45:01 CEST 2016
Ping: 27.668 ms
Download: 21.43 Mbit/s
Upload: 0.87 Mbit/s
Thu Oct 20 07:45:01 CEST 2016
Ping: 30.857 ms
Download: 21.56 Mbit/s
Upload: 0.72 Mbit/s
Thu Oct 20 08:45:01 CEST 2016
Ping: 27.692 ms
Download: 21.43 Mbit/s
Upload: 0.86 Mbit/s
Thu Oct 20 09:45:01 CEST 2016
Ping: 30.263 ms
Download: 20.70 Mbit/s
Upload: 0.86 Mbit/s
Thu Oct 20 10:45:01 CEST 2016
Ping: 26.35 ms
Download: 21.43 Mbit/s
Upload: 0.86 Mbit/s
Thu Oct 20 11:45:01 CEST 2016
Ping: 28.642 ms
Download: 21.17 Mbit/s
Upload: 0.86 Mbit/s
Thu Oct 20 12:45:01 CEST 2016
Ping: 27.25 ms
Download: 21.38 Mbit/s
Upload: 0.87 Mbit/s
Thu Oct 20 13:45:01 CEST 2016
Ping: 27.675 ms
Download: 20.47 Mbit/s
Upload: 0.81 Mbit/s
Thu Oct 20 14:45:01 CEST 2016
Ping: 26.498 ms
Download: 21.37 Mbit/s
Upload: 0.88 Mbit/s
Thu Oct 20 15:45:01 CEST 2016
Ping: 30.107 ms
Download: 21.56 Mbit/s
Upload: 0.87 Mbit/s
Thu Oct 20 16:45:01 CEST 2016
Ping: 26.147 ms
Download: 19.99 Mbit/s
Upload: 0.86 Mbit/s
Thu Oct 20 17:45:01 CEST 2016
Ping: 26.782 ms
Download: 21.37 Mbit/s
Upload: 0.83 Mbit/s
Thu Oct 20 18:45:01 CEST 2016
Ping: 28.741 ms
Download: 17.71 Mbit/s
Upload: 0.80 Mbit/s
Thu Oct 20 19:45:01 CEST 2016
Ping: 28.832 ms
Download: 20.54 Mbit/s
Upload: 0.83 Mbit/s
Thu Oct 20 20:45:01 CEST 2016
Ping: 27.757 ms
Download: 21.43 Mbit/s
Upload: 0.88 Mbit/s
Thu Oct 20 21:45:01 CEST 2016
Ping: 25.796 ms
Download: 21.43 Mbit/s
Upload: 0.86 Mbit/s
Thu Oct 20 22:45:01 CEST 2016
Ping: 29.209 ms
Download: 21.08 Mbit/s
Upload: 0.87 Mbit/s
Thu Oct 20 23:45:01 CEST 2016
Ping: 29.46 ms
Download: 21.22 Mbit/s
Upload: 0.85 Mbit/s
Fri Oct 21 00:45:01 CEST 2016
Ping: 29.937 ms
Download: 20.91 Mbit/s
Upload: 0.86 Mbit/s
Fri Oct 21 01:45:01 CEST 2016
Ping: 31.332 ms
Download: 21.39 Mbit/s
Upload: 0.86 Mbit/s
Fri Oct 21 02:45:01 CEST 2016
Ping: 31.467 ms
Download: 20.91 Mbit/s
Upload: 0.79 Mbit/s
Fri Oct 21 03:45:01 CEST 2016
Ping: 26.359 ms
Download: 21.11 Mbit/s
Upload: 0.86 Mbit/s
Fri Oct 21 04:45:01 CEST 2016
Ping: 26.797 ms
Download: 21.43 Mbit/s
Upload: 0.85 Mbit/s
Fri Oct 21 05:45:01 CEST 2016
Ping: 31.057 ms
Download: 21.22 Mbit/s
Upload: 0.85 Mbit/s
Fri Oct 21 06:45:01 CEST 2016
Ping: 26.31 ms
Download: 21.43 Mbit/s
Upload: 0.86 Mbit/s
Fri Oct 21 07:45:01 CEST 2016
Ping: 29.274 ms
Download: 19.13 Mbit/s
Upload: 0.78 Mbit/s
Fri Oct 21 08:45:01 CEST 2016
Ping: 26.289 ms
Download: 20.99 Mbit/s
Upload: 0.66 Mbit/s
Fri Oct 21 09:45:01 CEST 2016
Ping: 31.292 ms
Download: 19.69 Mbit/s
Upload: 0.85 Mbit/s
Fri Oct 21 10:45:01 CEST 2016
Ping: 29.706 ms
Download: 20.66 Mbit/s
Upload: 0.86 Mbit/s
Fri Oct 21 11:45:01 CEST 2016
Ping: 28.725 ms
Download: 20.88 Mbit/s
Upload: 0.81 Mbit/s
Fri Oct 21 12:45:01 CEST 2016
Ping: 26.312 ms
Download: 21.10 Mbit/s
Upload: 0.85 Mbit/s
Fri Oct 21 13:45:01 CEST 2016
Ping: 25.417 ms
Download: 18.17 Mbit/s
Upload: 0.77 Mbit/s
Fri Oct 21 14:45:01 CEST 2016
Ping: 30.932 ms
Download: 18.56 Mbit/s
Upload: 0.75 Mbit/s
Fri Oct 21 15:45:01 CEST 2016
Ping: 26.802 ms
Download: 18.97 Mbit/s
Upload: 0.80 Mbit/s
Fri Oct 21 16:45:01 CEST 2016
Ping: 29.863 ms
Download: 17.55 Mbit/s
Upload: 0.76 Mbit/s
Fri Oct 21 17:45:01 CEST 2016
Ping: 26.961 ms
Download: 16.23 Mbit/s
Upload: 0.53 Mbit/s
Fri Oct 21 18:45:01 CEST 2016
Ping: 25.955 ms
Download: 19.87 Mbit/s
Upload: 0.83 Mbit/s
Fri Oct 21 19:45:01 CEST 2016
Ping: 29.835 ms
Download: 21.35 Mbit/s
Upload: 0.76 Mbit/s
Fri Oct 21 20:45:01 CEST 2016
Ping: 32.816 ms
Download: 16.76 Mbit/s
Upload: 0.71 Mbit/s
Fri Oct 21 21:45:01 CEST 2016
Ping: 30.33 ms
Download: 17.51 Mbit/s
Upload: 0.62 Mbit/s
Fri Oct 21 22:45:01 CEST 2016
Ping: 30.831 ms
Download: 21.61 Mbit/s
Upload: 0.86 Mbit/s
Fri Oct 21 23:45:01 CEST 2016
Ping: 28.302 ms
Download: 21.31 Mbit/s
Upload: 0.85 Mbit/s
Sat Oct 22 00:45:01 CEST 2016
Ping: 30.57 ms
Download: 21.39 Mbit/s
Upload: 0.85 Mbit/s
Sat Oct 22 01:45:01 CEST 2016
Ping: 26.909 ms
Download: 21.45 Mbit/s
Upload: 0.86 Mbit/s
Sat Oct 22 02:45:01 CEST 2016
Ping: 31.407 ms
Download: 21.43 Mbit/s
Upload: 0.85 Mbit/s
Sat Oct 22 03:45:02 CEST 2016
Ping: 30.505 ms
Download: 21.59 Mbit/s
Upload: 0.87 Mbit/s
Sat Oct 22 04:45:01 CEST 2016
Ping: 28.963 ms
Download: 21.08 Mbit/s
Upload: 0.87 Mbit/s
Sat Oct 22 05:45:01 CEST 2016
Ping: 26.685 ms
Download: 21.45 Mbit/s
Upload: 0.87 Mbit/s
Sat Oct 22 06:45:01 CEST 2016
Ping: 31.323 ms
Download: 20.46 Mbit/s
Upload: 0.88 Mbit/s
Sat Oct 22 07:45:02 CEST 2016
Ping: 30.103 ms
Download: 21.24 Mbit/s
Upload: 0.82 Mbit/s
Sat Oct 22 08:45:01 CEST 2016
Ping: 28.304 ms
Download: 16.06 Mbit/s
Upload: 0.83 Mbit/s
Sat Oct 22 09:45:01 CEST 2016
Ping: 29.202 ms
Download: 21.00 Mbit/s
Upload: 0.82 Mbit/s
Sat Oct 22 10:45:01 CEST 2016
Ping: 31.569 ms
Download: 20.55 Mbit/s
Upload: 0.79 Mbit/s
Sat Oct 22 11:45:01 CEST 2016
Ping: 30.882 ms
Download: 21.22 Mbit/s
Upload: 0.86 Mbit/s
Sat Oct 22 12:45:01 CEST 2016
Ping: 25.45 ms
Download: 21.43 Mbit/s
Upload: 0.86 Mbit/s
Sat Oct 22 13:45:01 CEST 2016
Ping: 28.29 ms
Download: 21.39 Mbit/s
Upload: 0.85 Mbit/s
Sat Oct 22 14:45:01 CEST 2016
Ping: 31.325 ms
Download: 21.38 Mbit/s
Upload: 0.87 Mbit/s
Sat Oct 22 15:45:01 CEST 2016
Ping: 27.387 ms
Download: 21.31 Mbit/s
Upload: 0.87 Mbit/s
Sat Oct 22 16:45:01 CEST 2016
Ping: 29.305 ms
Download: 20.31 Mbit/s
Upload: 0.80 Mbit/s
Sat Oct 22 17:45:01 CEST 2016
Ping: 32.207 ms
Download: 20.65 Mbit/s
Upload: 0.82 Mbit/s
Sat Oct 22 18:45:01 CEST 2016
Ping: 27.223 ms
Download: 21.25 Mbit/s
Upload: 0.87 Mbit/s
Sat Oct 22 19:45:01 CEST 2016
Ping: 26.828 ms
Download: 21.39 Mbit/s
Upload: 0.84 Mbit/s
Sat Oct 22 20:45:02 CEST 2016
Ping: 25.679 ms
Download: 21.46 Mbit/s
Upload: 0.87 Mbit/s
Sat Oct 22 21:45:01 CEST 2016
Ping: 31.613 ms
Download: 21.48 Mbit/s
Upload: 0.85 Mbit/s
Sat Oct 22 22:45:01 CEST 2016
Ping: 27.39 ms
Download: 20.58 Mbit/s
Upload: 0.85 Mbit/s
Sat Oct 22 23:45:01 CEST 2016
Ping: 31.269 ms
Download: 21.54 Mbit/s
Upload: 0.86 Mbit/s
Sun Oct 23 00:45:01 CEST 2016
Ping: 28.793 ms
Download: 21.37 Mbit/s
Upload: 0.85 Mbit/s
Sun Oct 23 01:45:01 CEST 2016
Ping: 26.97 ms
Download: 21.43 Mbit/s
Upload: 0.85 Mbit/s
Sun Oct 23 02:45:01 CEST 2016
Ping: 27.028 ms
Download: 21.43 Mbit/s
Upload: 0.86 Mbit/s
Sun Oct 23 03:45:01 CEST 2016
Ping: 26.768 ms
Download: 21.45 Mbit/s
Upload: 0.86 Mbit/s
Sun Oct 23 04:45:01 CEST 2016
Ping: 28.468 ms
Download: 21.04 Mbit/s
Upload: 0.86 Mbit/s
Sun Oct 23 05:45:01 CEST 2016
Ping: 30.721 ms
Download: 21.43 Mbit/s
Upload: 0.85 Mbit/s
Sun Oct 23 06:45:01 CEST 2016
Ping: 27.086 ms
Download: 21.43 Mbit/s
Upload: 0.86 Mbit/s
Sun Oct 23 07:45:01 CEST 2016
Ping: 25.071 ms
Download: 21.42 Mbit/s
Upload: 0.87 Mbit/s
Sun Oct 23 08:45:01 CEST 2016
Ping: 32.276 ms
Download: 21.13 Mbit/s
Upload: 0.86 Mbit/s
Sun Oct 23 09:45:01 CEST 2016
Ping: 27.522 ms
Download: 21.08 Mbit/s
Upload: 0.80 Mbit/s
Sun Oct 23 10:45:02 CEST 2016
Ping: 25.76 ms
Download: 21.43 Mbit/s
Upload: 0.88 Mbit/s
Sun Oct 23 11:45:01 CEST 2016
Ping: 28.315 ms
Download: 21.42 Mbit/s
Upload: 0.86 Mbit/s
Sun Oct 23 12:45:01 CEST 2016
Ping: 30.897 ms
Download: 20.49 Mbit/s
Upload: 0.84 Mbit/s
Sun Oct 23 13:45:01 CEST 2016
Ping: 27.103 ms
Download: 21.43 Mbit/s
Upload: 0.84 Mbit/s
Sun Oct 23 14:45:01 CEST 2016
Ping: 27.853 ms
Download: 21.15 Mbit/s
Upload: 0.84 Mbit/s
Sun Oct 23 15:45:01 CEST 2016
Ping: 29.411 ms
Download: 21.38 Mbit/s
Upload: 0.85 Mbit/s
Sun Oct 23 16:45:01 CEST 2016
Ping: 29.757 ms
Download: 21.08 Mbit/s
Upload: 0.87 Mbit/s
Sun Oct 23 17:45:01 CEST 2016
Ping: 27.778 ms
Download: 21.34 Mbit/s
Upload: 0.85 Mbit/s
Sun Oct 23 18:45:01 CEST 2016
Ping: 28.343 ms
Download: 21.22 Mbit/s
Upload: 0.85 Mbit/s
Sun Oct 23 19:45:01 CEST 2016
Ping: 28.674 ms
Download: 16.93 Mbit/s
Upload: 0.58 Mbit/s
Sun Oct 23 20:45:01 CEST 2016
Ping: 25.999 ms
Download: 21.27 Mbit/s
Upload: 0.84 Mbit/s
Sun Oct 23 21:45:01 CEST 2016
Ping: 25.939 ms
Download: 21.41 Mbit/s
Upload: 0.85 Mbit/s
Sun Oct 23 22:45:01 CEST 2016
Ping: 28.659 ms
Download: 21.42 Mbit/s
Upload: 0.87 Mbit/s
Sun Oct 23 23:45:01 CEST 2016
Ping: 26.204 ms
Download: 21.42 Mbit/s
Upload: 0.87 Mbit/s
Mon Oct 24 00:45:01 CEST 2016
Ping: 28.93 ms
Download: 21.39 Mbit/s
Upload: 0.86 Mbit/s
Mon Oct 24 01:45:01 CEST 2016
Ping: 30.817 ms
Download: 20.93 Mbit/s
Upload: 0.84 Mbit/s
Mon Oct 24 02:45:01 CEST 2016
Ping: 29.748 ms
Download: 21.43 Mbit/s
Upload: 0.85 Mbit/s
Mon Oct 24 03:45:01 CEST 2016
Ping: 30.382 ms
Download: 21.60 Mbit/s
Upload: 0.85 Mbit/s
Mon Oct 24 04:45:01 CEST 2016
Ping: 30.959 ms
Download: 21.61 Mbit/s
Upload: 0.87 Mbit/s
Mon Oct 24 05:45:01 CEST 2016
Ping: 30.656 ms
Download: 21.61 Mbit/s
Upload: 0.84 Mbit/s
Mon Oct 24 06:45:01 CEST 2016
Ping: 25.97 ms
Download: 21.08 Mbit/s
Upload: 0.86 Mbit/s
Mon Oct 24 07:45:01 CEST 2016
Ping: 29.569 ms
Download: 21.56 Mbit/s
Upload: 0.76 Mbit/s
Mon Oct 24 08:45:01 CEST 2016
Ping: 29.962 ms
Download: 21.57 Mbit/s
Upload: 0.85 Mbit/s
Mon Oct 24 09:45:01 CEST 2016
Ping: 26.926 ms
Download: 21.43 Mbit/s
Upload: 0.86 Mbit/s
Mon Oct 24 10:45:01 CEST 2016
Ping: 30.979 ms
Download: 21.61 Mbit/s
Upload: 0.84 Mbit/s
Mon Oct 24 11:45:01 CEST 2016
Ping: 23.748 ms
Download: 21.45 Mbit/s
Upload: 0.86 Mbit/s
Mon Oct 24 12:45:01 CEST 2016
Ping: 31.054 ms
Download: 21.40 Mbit/s
Upload: 0.84 Mbit/s
Mon Oct 24 13:45:01 CEST 2016
Ping: 32.161 ms
Download: 21.57 Mbit/s
Upload: 0.87 Mbit/s
Mon Oct 24 14:45:01 CEST 2016
Ping: 33.317 ms
Download: 17.57 Mbit/s
Upload: 0.68 Mbit/s
Mon Oct 24 15:45:01 CEST 2016
Ping: 28.665 ms
Download: 21.14 Mbit/s
Upload: 0.85 Mbit/s
Mon Oct 24 16:45:01 CEST 2016
Ping: 25.486 ms
Download: 21.29 Mbit/s
Upload: 0.87 Mbit/s
Mon Oct 24 17:45:01 CEST 2016
Ping: 30.44 ms
Download: 21.29 Mbit/s
Upload: 0.81 Mbit/s
Mon Oct 24 18:45:01 CEST 2016
Ping: 32.435 ms
Download: 21.61 Mbit/s
Upload: 0.85 Mbit/s
Mon Oct 24 19:45:04 CEST 2016
Ping: 31.758 ms
Download: 20.48 Mbit/s
Upload: 0.81 Mbit/s
Mon Oct 24 20:45:01 CEST 2016
Ping: 30.639 ms
Download: 21.29 Mbit/s
Upload: 0.86 Mbit/s
Mon Oct 24 21:45:02 CEST 2016
Ping: 30.701 ms
Download: 21.40 Mbit/s
Upload: 0.87 Mbit/s
Mon Oct 24 22:45:01 CEST 2016
Ping: 31.571 ms
Download: 21.48 Mbit/s
Upload: 0.87 Mbit/s
Mon Oct 24 23:45:01 CEST 2016
Ping: 26.328 ms
Download: 21.43 Mbit/s
Upload: 0.87 Mbit/s
Tue Oct 25 00:45:01 CEST 2016
Ping: 28.912 ms
Download: 21.40 Mbit/s
Upload: 0.84 Mbit/s
Tue Oct 25 01:45:01 CEST 2016
Ping: 29.938 ms
Download: 21.60 Mbit/s
Upload: 0.87 Mbit/s
Tue Oct 25 02:45:01 CEST 2016
Ping: 29.631 ms
Download: 21.17 Mbit/s
Upload: 0.87 Mbit/s
Tue Oct 25 03:45:02 CEST 2016
Ping: 28.148 ms
Download: 21.39 Mbit/s
Upload: 0.84 Mbit/s
Tue Oct 25 04:45:01 CEST 2016
Ping: 30.657 ms
Download: 21.55 Mbit/s
Upload: 0.85 Mbit/s
Tue Oct 25 05:45:01 CEST 2016
Ping: 31.904 ms
Download: 21.40 Mbit/s
Upload: 0.84 Mbit/s
Tue Oct 25 06:45:01 CEST 2016
Ping: 29.942 ms
Download: 21.11 Mbit/s
Upload: 0.84 Mbit/s
Tue Oct 25 07:45:02 CEST 2016
Ping: 31.876 ms
Download: 21.15 Mbit/s
Upload: 0.85 Mbit/s
Tue Oct 25 08:45:01 CEST 2016
Ping: 30.235 ms
Download: 21.41 Mbit/s
Upload: 0.85 Mbit/s
Tue Oct 25 09:45:01 CEST 2016
Ping: 28.372 ms
Download: 21.25 Mbit/s
Upload: 0.77 Mbit/s
Tue Oct 25 10:45:01 CEST 2016
Ping: 27.561 ms
Download: 20.40 Mbit/s
Upload: 0.85 Mbit/s
Tue Oct 25 11:45:01 CEST 2016
Ping: 26.04 ms
Download: 19.39 Mbit/s
Upload: 0.85 Mbit/s
Tue Oct 25 12:45:01 CEST 2016
Ping: 29.164 ms
Download: 20.63 Mbit/s
Upload: 0.85 Mbit/s
Tue Oct 25 13:45:01 CEST 2016
Ping: 26.656 ms
Download: 20.89 Mbit/s
Upload: 0.86 Mbit/s
Tue Oct 25 14:45:01 CEST 2016
Ping: 28.972 ms
Download: 21.39 Mbit/s
Upload: 0.85 Mbit/s
Tue Oct 25 15:45:01 CEST 2016
Ping: 27.661 ms
Download: 20.50 Mbit/s
Upload: 0.85 Mbit/s
Tue Oct 25 16:45:01 CEST 2016
Ping: 29.253 ms
Download: 15.55 Mbit/s
Upload: 0.68 Mbit/s
Tue Oct 25 17:45:01 CEST 2016
Ping: 31.951 ms
Download: 21.43 Mbit/s
Upload: 0.85 Mbit/s
Tue Oct 25 18:45:01 CEST 2016
Ping: 30.659 ms
Download: 21.49 Mbit/s
Upload: 0.87 Mbit/s
Tue Oct 25 19:45:01 CEST 2016
Ping: 27.433 ms
Download: 19.98 Mbit/s
Upload: 0.79 Mbit/s
Tue Oct 25 20:45:02 CEST 2016
Ping: 28.734 ms
Download: 17.82 Mbit/s
Upload: 0.67 Mbit/s
Tue Oct 25 21:45:01 CEST 2016
Ping: 30.756 ms
Download: 18.09 Mbit/s
Upload: 0.78 Mbit/s
Tue Oct 25 22:45:01 CEST 2016
Ping: 31.19 ms
Download: 21.20 Mbit/s
Upload: 0.87 Mbit/s
Tue Oct 25 23:45:01 CEST 2016
Ping: 28.349 ms
Download: 21.14 Mbit/s
Upload: 0.85 Mbit/s
Wed Oct 26 00:45:01 CEST 2016
Ping: 30.831 ms
Download: 21.12 Mbit/s
Upload: 0.87 Mbit/s
Wed Oct 26 01:45:01 CEST 2016
Ping: 29.262 ms
Download: 21.43 Mbit/s
Upload: 0.86 Mbit/s
Wed Oct 26 02:45:01 CEST 2016
Ping: 32.645 ms
Download: 19.37 Mbit/s
Upload: 0.88 Mbit/s
Wed Oct 26 03:45:01 CEST 2016
Ping: 30.632 ms
Download: 21.57 Mbit/s
Upload: 0.86 Mbit/s
Wed Oct 26 04:45:01 CEST 2016
Ping: 28.067 ms
Download: 21.35 Mbit/s
Upload: 0.85 Mbit/s
Wed Oct 26 05:45:02 CEST 2016
Ping: 28.259 ms
Download: 21.34 Mbit/s
Upload: 0.87 Mbit/s
Wed Oct 26 06:45:01 CEST 2016
Ping: 27.098 ms
Download: 21.43 Mbit/s
Upload: 0.85 Mbit/s
Wed Oct 26 07:45:01 CEST 2016
Ping: 29.217 ms
Download: 21.30 Mbit/s
Upload: 0.85 Mbit/s
Wed Oct 26 08:45:01 CEST 2016
Ping: 26.271 ms
Download: 21.31 Mbit/s
Upload: 0.83 Mbit/s
Wed Oct 26 09:45:01 CEST 2016
Ping: 29.853 ms
Download: 21.49 Mbit/s
Upload: 0.83 Mbit/s
Wed Oct 26 10:45:01 CEST 2016
Ping: 30.151 ms
Download: 21.40 Mbit/s
Upload: 0.84 Mbit/s
Wed Oct 26 11:45:01 CEST 2016
Ping: 31.165 ms
Download: 21.40 Mbit/s
Upload: 0.85 Mbit/s
Wed Oct 26 12:45:01 CEST 2016
Ping: 30.166 ms
Download: 20.26 Mbit/s
Upload: 0.61 Mbit/s
Wed Oct 26 13:45:01 CEST 2016
Ping: 29.458 ms
Download: 21.44 Mbit/s
Upload: 0.85 Mbit/s
Wed Oct 26 14:45:01 CEST 2016
Ping: 28.237 ms
Download: 21.44 Mbit/s
Upload: 0.84 Mbit/s
Wed Oct 26 15:45:01 CEST 2016
Ping: 30.942 ms
Download: 21.41 Mbit/s
Upload: 0.85 Mbit/s
Wed Oct 26 16:45:01 CEST 2016
Ping: 26.042 ms
Download: 21.43 Mbit/s
Upload: 0.87 Mbit/s
Wed Oct 26 17:45:01 CEST 2016
Ping: 29.73 ms
Download: 21.07 Mbit/s
Upload: 0.86 Mbit/s
Wed Oct 26 18:45:01 CEST 2016
Ping: 27.643 ms
Download: 21.29 Mbit/s
Upload: 0.85 Mbit/s
Wed Oct 26 19:45:01 CEST 2016
Ping: 25.779 ms
Download: 21.40 Mbit/s
Upload: 0.86 Mbit/s
Wed Oct 26 20:45:01 CEST 2016
Ping: 29.2 ms
Download: 21.27 Mbit/s
Upload: 0.85 Mbit/s
Wed Oct 26 21:45:01 CEST 2016
Ping: 29.546 ms
Download: 21.25 Mbit/s
Upload: 0.84 Mbit/s
Wed Oct 26 22:45:01 CEST 2016
Ping: 31.074 ms
Download: 21.58 Mbit/s
Upload: 0.85 Mbit/s
Wed Oct 26 23:45:01 CEST 2016
Ping: 30.569 ms
Download: 18.65 Mbit/s
Upload: 0.79 Mbit/s
Thu Oct 27 00:45:01 CEST 2016
Ping: 25.298 ms
Download: 21.25 Mbit/s
Upload: 0.84 Mbit/s
Thu Oct 27 01:45:01 CEST 2016
Ping: 28.752 ms
Download: 21.60 Mbit/s
Upload: 0.80 Mbit/s
Thu Oct 27 02:45:01 CEST 2016
Ping: 32.964 ms
Download: 21.38 Mbit/s
Upload: 0.71 Mbit/s
Thu Oct 27 03:45:01 CEST 2016
Ping: 25.489 ms
Download: 21.40 Mbit/s
Upload: 0.83 Mbit/s
Thu Oct 27 04:45:01 CEST 2016
Ping: 30.691 ms
Download: 21.40 Mbit/s
Upload: 0.83 Mbit/s
Thu Oct 27 05:45:01 CEST 2016
Ping: 29.453 ms
Download: 21.37 Mbit/s
Upload: 0.86 Mbit/s
Thu Oct 27 06:45:01 CEST 2016
Ping: 28.073 ms
Download: 21.43 Mbit/s
Upload: 0.83 Mbit/s
Thu Oct 27 07:45:01 CEST 2016
Ping: 30.404 ms
Download: 21.00 Mbit/s
Upload: 0.76 Mbit/s
Thu Oct 27 08:45:01 CEST 2016
Ping: 29.004 ms
Download: 20.58 Mbit/s
Upload: 0.80 Mbit/s
Thu Oct 27 09:45:01 CEST 2016
Ping: 26.864 ms
Download: 21.43 Mbit/s
Upload: 0.82 Mbit/s
Thu Oct 27 10:45:01 CEST 2016
Ping: 32.364 ms
Download: 21.52 Mbit/s
Upload: 0.89 Mbit/s
Thu Oct 27 11:45:01 CEST 2016
Ping: 32.833 ms
Download: 21.30 Mbit/s
Upload: 0.87 Mbit/s
Thu Oct 27 12:45:01 CEST 2016
Ping: 31.609 ms
Download: 21.48 Mbit/s
Upload: 0.76 Mbit/s
Thu Oct 27 13:45:01 CEST 2016
Ping: 27.687 ms
Download: 21.43 Mbit/s
Upload: 0.87 Mbit/s
Thu Oct 27 14:45:01 CEST 2016
Ping: 27.606 ms
Download: 21.28 Mbit/s
Upload: 0.84 Mbit/s
Thu Oct 27 15:45:01 CEST 2016
Ping: 29.62 ms
Download: 21.60 Mbit/s
Upload: 0.84 Mbit/s
Thu Oct 27 16:45:01 CEST 2016
Ping: 30.413 ms
Download: 21.61 Mbit/s
Upload: 0.84 Mbit/s
Thu Oct 27 17:45:01 CEST 2016
Ping: 30.369 ms
Download: 21.45 Mbit/s
Upload: 0.87 Mbit/s
Thu Oct 27 18:45:01 CEST 2016
Ping: 27.684 ms
Download: 21.40 Mbit/s
Upload: 0.85 Mbit/s
Thu Oct 27 19:45:01 CEST 2016
Ping: 28.688 ms
Download: 20.63 Mbit/s
Upload: 0.78 Mbit/s
Thu Oct 27 20:45:02 CEST 2016
Ping: 64.476 ms
Download: 14.69 Mbit/s
Upload: 0.61 Mbit/s
Thu Oct 27 21:45:01 CEST 2016
Ping: 29.99 ms
Download: 21.34 Mbit/s
Upload: 0.79 Mbit/s
Thu Oct 27 22:45:01 CEST 2016
Ping: 30.106 ms
Download: 21.38 Mbit/s
Upload: 0.83 Mbit/s
Thu Oct 27 23:45:01 CEST 2016
Ping: 26.722 ms
Download: 21.43 Mbit/s
Upload: 0.86 Mbit/s
Fri Oct 28 00:45:01 CEST 2016
Ping: 31.059 ms
Download: 21.43 Mbit/s
Upload: 0.86 Mbit/s
Fri Oct 28 01:45:01 CEST 2016
Ping: 31.38 ms
Download: 21.30 Mbit/s
Upload: 0.87 Mbit/s
Fri Oct 28 02:45:01 CEST 2016
Ping: 29.506 ms
Download: 21.43 Mbit/s
Upload: 0.84 Mbit/s
Fri Oct 28 03:45:01 CEST 2016
Ping: 27.699 ms
Download: 21.44 Mbit/s
Upload: 0.86 Mbit/s
Fri Oct 28 04:45:02 CEST 2016
Ping: 30.229 ms
Download: 21.59 Mbit/s
Upload: 0.81 Mbit/s
Fri Oct 28 05:45:02 CEST 2016
Ping: 28.392 ms
Download: 21.08 Mbit/s
Upload: 0.83 Mbit/s
Fri Oct 28 06:45:01 CEST 2016
Ping: 28.224 ms
Download: 21.28 Mbit/s
Upload: 0.85 Mbit/s
Fri Oct 28 07:45:01 CEST 2016
Ping: 24.678 ms
Download: 21.43 Mbit/s
Upload: 0.86 Mbit/s
Fri Oct 28 08:45:01 CEST 2016
Ping: 26.73 ms
Download: 21.40 Mbit/s
Upload: 0.86 Mbit/s
Fri Oct 28 09:45:01 CEST 2016
Ping: 26.756 ms
Download: 21.43 Mbit/s
Upload: 0.86 Mbit/s
Fri Oct 28 10:45:01 CEST 2016
Ping: 30.181 ms
Download: 21.61 Mbit/s
Upload: 0.87 Mbit/s
Fri Oct 28 11:45:01 CEST 2016
Ping: 29.465 ms
Download: 21.42 Mbit/s
Upload: 0.86 Mbit/s
Fri Oct 28 12:45:01 CEST 2016
Ping: 27.103 ms
Download: 20.43 Mbit/s
Upload: 0.87 Mbit/s
Fri Oct 28 13:45:01 CEST 2016
Ping: 26.939 ms
Download: 21.40 Mbit/s
Upload: 0.88 Mbit/s
Fri Oct 28 14:45:01 CEST 2016
Ping: 30.163 ms
Download: 21.61 Mbit/s
Upload: 0.86 Mbit/s
Fri Oct 28 15:45:01 CEST 2016
Ping: 29.33 ms
Download: 21.25 Mbit/s
Upload: 0.83 Mbit/s
Fri Oct 28 16:45:01 CEST 2016
Ping: 29.38 ms
Download: 21.45 Mbit/s
Upload: 0.85 Mbit/s
Fri Oct 28 17:45:01 CEST 2016
Ping: 30.714 ms
Download: 19.69 Mbit/s
Upload: 0.75 Mbit/s
Fri Oct 28 18:45:01 CEST 2016
Ping: 28.824 ms
Download: 20.37 Mbit/s
Upload: 0.83 Mbit/s
Fri Oct 28 19:45:01 CEST 2016
Ping: 29.673 ms
Download: 21.42 Mbit/s
Upload: 0.84 Mbit/s
Fri Oct 28 20:45:01 CEST 2016
Ping: 31.74 ms
Download: 21.51 Mbit/s
Upload: 0.87 Mbit/s
Fri Oct 28 21:45:01 CEST 2016
Ping: 32.162 ms
Download: 21.22 Mbit/s
Upload: 0.85 Mbit/s
Fri Oct 28 22:45:01 CEST 2016
Ping: 29.878 ms
Download: 20.62 Mbit/s
Upload: 0.85 Mbit/s
Fri Oct 28 23:45:01 CEST 2016
Ping: 26.347 ms
Download: 21.43 Mbit/s
Upload: 0.87 Mbit/s
Sat Oct 29 00:45:01 CEST 2016
Ping: 33.312 ms
Download: 21.58 Mbit/s
Upload: 0.86 Mbit/s
Sat Oct 29 01:45:01 CEST 2016
Ping: 30.909 ms
Download: 21.08 Mbit/s
Upload: 0.88 Mbit/s
Sat Oct 29 02:45:01 CEST 2016
Ping: 31.434 ms
Download: 21.49 Mbit/s
Upload: 0.87 Mbit/s
Sat Oct 29 03:45:01 CEST 2016
Ping: 28.03 ms
Download: 21.42 Mbit/s
Upload: 0.86 Mbit/s
Sat Oct 29 04:45:01 CEST 2016
Ping: 30.737 ms
Download: 21.60 Mbit/s
Upload: 0.86 Mbit/s
Sat Oct 29 05:45:01 CEST 2016
Ping: 30.673 ms
Download: 21.25 Mbit/s
Upload: 0.85 Mbit/s
Sat Oct 29 06:45:01 CEST 2016
Ping: 28.116 ms
Download: 21.43 Mbit/s
Upload: 0.86 Mbit/s
Sat Oct 29 07:45:01 CEST 2016
Ping: 30.099 ms
Download: 21.34 Mbit/s
Upload: 0.83 Mbit/s
Sat Oct 29 08:45:01 CEST 2016
Ping: 32.232 ms
Download: 17.94 Mbit/s
Upload: 0.69 Mbit/s
Sat Oct 29 09:45:01 CEST 2016
Ping: 27.927 ms
Download: 12.50 Mbit/s
Upload: 0.65 Mbit/s
Sat Oct 29 10:45:01 CEST 2016
Ping: 30.835 ms
Download: 20.53 Mbit/s
Upload: 0.83 Mbit/s
Sat Oct 29 11:45:01 CEST 2016
Ping: 26.917 ms
Download: 21.43 Mbit/s
Upload: 0.86 Mbit/s
Sat Oct 29 12:45:01 CEST 2016
Ping: 29.66 ms
Download: 20.70 Mbit/s
Upload: 0.86 Mbit/s
Sat Oct 29 13:45:01 CEST 2016
Ping: 31.984 ms
Download: 21.25 Mbit/s
Upload: 0.81 Mbit/s
Sat Oct 29 14:45:01 CEST 2016
Ping: 30.372 ms
Download: 21.08 Mbit/s
Upload: 0.82 Mbit/s
Sat Oct 29 15:45:01 CEST 2016
Ping: 29.554 ms
Download: 21.34 Mbit/s
Upload: 0.85 Mbit/s
Sat Oct 29 16:45:01 CEST 2016
Ping: 28.303 ms
Download: 16.60 Mbit/s
Upload: 0.74 Mbit/s
Sat Oct 29 17:45:01 CEST 2016
Ping: 32.048 ms
Download: 20.72 Mbit/s
Upload: 0.84 Mbit/s
Sat Oct 29 18:45:01 CEST 2016
Ping: 30.832 ms
Download: 20.53 Mbit/s
Upload: 0.86 Mbit/s
Sat Oct 29 19:45:01 CEST 2016
Ping: 30.569 ms
Download: 21.58 Mbit/s
Upload: 0.86 Mbit/s
Sat Oct 29 20:45:01 CEST 2016
Ping: 27.68 ms
Download: 21.30 Mbit/s
Upload: 0.86 Mbit/s
Sat Oct 29 21:45:01 CEST 2016
Ping: 26.148 ms
Download: 21.40 Mbit/s
Upload: 0.88 Mbit/s
Sat Oct 29 22:45:01 CEST 2016
Ping: 26.377 ms
Download: 21.42 Mbit/s
Upload: 0.86 Mbit/s
Sat Oct 29 23:45:01 CEST 2016
Ping: 26.924 ms
Download: 21.25 Mbit/s
Upload: 0.83 Mbit/s
Sun Oct 30 00:45:01 CEST 2016
Ping: 30.263 ms
Download: 21.40 Mbit/s
Upload: 0.85 Mbit/s
Sun Oct 30 01:45:01 CEST 2016
Ping: 30.624 ms
Download: 21.56 Mbit/s
Upload: 0.87 Mbit/s
Sun Oct 30 02:45:01 CEST 2016
Ping: 28.0 ms
Download: 21.40 Mbit/s
Upload: 0.84 Mbit/s
Sun Oct 30 02:45:01 CET 2016
Ping: 31.007 ms
Download: 21.17 Mbit/s
Upload: 0.87 Mbit/s
Sun Oct 30 03:45:01 CET 2016
Ping: 29.045 ms
Download: 21.39 Mbit/s
Upload: 0.86 Mbit/s
Sun Oct 30 04:45:01 CET 2016
Ping: 29.644 ms
Download: 21.56 Mbit/s
Upload: 0.88 Mbit/s
Sun Oct 30 05:45:01 CET 2016
Ping: 28.59 ms
Download: 21.22 Mbit/s
Upload: 0.85 Mbit/s
Sun Oct 30 06:45:01 CET 2016
Ping: 30.014 ms
Download: 21.60 Mbit/s
Upload: 0.87 Mbit/s
Sun Oct 30 07:45:01 CET 2016
Ping: 30.941 ms
Download: 14.46 Mbit/s
Upload: 0.51 Mbit/s
Sun Oct 30 08:45:01 CET 2016
Ping: 29.249 ms
Download: 21.30 Mbit/s
Upload: 0.86 Mbit/s
Sun Oct 30 09:45:01 CET 2016
Ping: 27.088 ms
Download: 20.20 Mbit/s
Upload: 0.75 Mbit/s
Sun Oct 30 10:45:01 CET 2016
Ping: 25.435 ms
Download: 20.76 Mbit/s
Upload: 0.72 Mbit/s
Sun Oct 30 11:45:01 CET 2016
Ping: 73.351 ms
Download: 11.54 Mbit/s
Upload: 0.52 Mbit/s
Sun Oct 30 12:45:01 CET 2016
Ping: 26.364 ms
Download: 21.31 Mbit/s
Upload: 0.85 Mbit/s
Sun Oct 30 13:45:01 CET 2016
Ping: 31.11 ms
Download: 21.44 Mbit/s
Upload: 0.86 Mbit/s
Sun Oct 30 14:45:01 CET 2016
Ping: 29.245 ms
Download: 21.32 Mbit/s
Upload: 0.85 Mbit/s
Sun Oct 30 15:45:01 CET 2016
Ping: 25.706 ms
Download: 17.36 Mbit/s
Upload: 0.78 Mbit/s
Sun Oct 30 16:45:01 CET 2016
Ping: 29.18 ms
Download: 19.30 Mbit/s
Upload: 0.82 Mbit/s
Sun Oct 30 17:45:01 CET 2016
Ping: 27.704 ms
Download: 21.43 Mbit/s
Upload: 0.87 Mbit/s
Sun Oct 30 18:45:01 CET 2016
Ping: 30.799 ms
Download: 21.25 Mbit/s
Upload: 0.85 Mbit/s
Sun Oct 30 19:45:01 CET 2016
Ping: 34.316 ms
Download: 17.02 Mbit/s
Upload: 0.72 Mbit/s
Sun Oct 30 20:45:01 CET 2016
Ping: 30.682 ms
Download: 21.61 Mbit/s
Upload: 0.87 Mbit/s
Sun Oct 30 21:45:01 CET 2016
Ping: 30.357 ms
Download: 21.47 Mbit/s
Upload: 0.87 Mbit/s
Sun Oct 30 22:45:01 CET 2016
Ping: 29.448 ms
Download: 20.96 Mbit/s
Upload: 0.84 Mbit/s
Sun Oct 30 23:45:01 CET 2016
Ping: 30.642 ms
Download: 20.56 Mbit/s
Upload: 0.87 Mbit/s
Mon Oct 31 00:45:01 CET 2016
Ping: 30.358 ms
Download: 21.43 Mbit/s
Upload: 0.84 Mbit/s
Mon Oct 31 01:45:01 CET 2016
Ping: 30.472 ms
Download: 21.52 Mbit/s
Upload: 0.87 Mbit/s
Mon Oct 31 02:45:01 CET 2016
Ping: 31.718 ms
Download: 21.55 Mbit/s
Upload: 0.87 Mbit/s
Mon Oct 31 03:45:01 CET 2016
Ping: 31.35 ms
Download: 21.57 Mbit/s
Upload: 0.87 Mbit/s
Mon Oct 31 04:45:01 CET 2016
Ping: 28.994 ms
Download: 21.37 Mbit/s
Upload: 0.84 Mbit/s
Mon Oct 31 05:45:01 CET 2016
Ping: 30.941 ms
Download: 20.24 Mbit/s
Upload: 0.84 Mbit/s
Mon Oct 31 06:45:01 CET 2016
Ping: 28.664 ms
Download: 21.40 Mbit/s
Upload: 0.85 Mbit/s
Mon Oct 31 07:45:01 CET 2016
Ping: 28.055 ms
Download: 21.39 Mbit/s
Upload: 0.86 Mbit/s
Mon Oct 31 08:45:01 CET 2016
Ping: 27.903 ms
Download: 21.17 Mbit/s
Upload: 0.81 Mbit/s
Mon Oct 31 09:45:01 CET 2016
Ping: 31.498 ms
Download: 21.28 Mbit/s
Upload: 0.84 Mbit/s
Mon Oct 31 10:45:01 CET 2016
Ping: 30.022 ms
Download: 21.36 Mbit/s
Upload: 0.85 Mbit/s
Mon Oct 31 11:45:01 CET 2016
Ping: 28.474 ms
Download: 21.52 Mbit/s
Upload: 0.83 Mbit/s
Mon Oct 31 12:45:01 CET 2016
Ping: 30.178 ms
Download: 21.43 Mbit/s
Upload: 0.85 Mbit/s
Mon Oct 31 13:45:01 CET 2016
Ping: 31.464 ms
Download: 19.59 Mbit/s
Upload: 0.70 Mbit/s
Mon Oct 31 14:45:01 CET 2016
Ping: 29.185 ms
Download: 20.83 Mbit/s
Upload: 0.84 Mbit/s
Mon Oct 31 15:45:01 CET 2016
Ping: 28.504 ms
Download: 21.39 Mbit/s
Upload: 0.86 Mbit/s
Mon Oct 31 16:45:01 CET 2016
Ping: 28.289 ms
Download: 21.44 Mbit/s
Upload: 0.85 Mbit/s
Mon Oct 31 17:45:01 CET 2016
Ping: 26.356 ms
Download: 15.95 Mbit/s
Upload: 0.56 Mbit/s
Mon Oct 31 18:45:01 CET 2016
Ping: 26.373 ms
Download: 21.17 Mbit/s
Upload: 0.86 Mbit/s
Mon Oct 31 19:45:01 CET 2016
Ping: 29.843 ms
Download: 21.08 Mbit/s
Upload: 0.86 Mbit/s
Mon Oct 31 20:45:01 CET 2016
Ping: 29.418 ms
Download: 21.39 Mbit/s
Upload: 0.85 Mbit/s
Mon Oct 31 21:45:01 CET 2016
Ping: 27.149 ms
Download: 20.63 Mbit/s
Upload: 0.87 Mbit/s
Mon Oct 31 22:45:01 CET 2016
Ping: 29.23 ms
Download: 21.44 Mbit/s
Upload: 0.85 Mbit/s
Mon Oct 31 23:45:01 CET 2016
Ping: 27.22 ms
Download: 21.34 Mbit/s
Upload: 0.81 Mbit/s
