Di 1. Mär 00:45:01 CET 2016
Ping: 34.064 ms
Download: 21.43 Mbit/s
Upload: 0.86 Mbit/s
Di 1. Mär 01:45:02 CET 2016
Ping: 29.525 ms
Download: 21.45 Mbit/s
Upload: 0.88 Mbit/s
Di 1. Mär 02:45:01 CET 2016
Ping: 29.207 ms
Download: 21.44 Mbit/s
Upload: 0.88 Mbit/s
Di 1. Mär 03:45:01 CET 2016
Ping: 31.194 ms
Download: 21.42 Mbit/s
Upload: 0.88 Mbit/s
Di 1. Mär 04:45:01 CET 2016
Ping: 29.17 ms
Download: 21.42 Mbit/s
Upload: 0.88 Mbit/s
Di 1. Mär 05:45:01 CET 2016
Ping: 33.983 ms
Download: 21.43 Mbit/s
Upload: 0.88 Mbit/s
Di 1. Mär 06:45:01 CET 2016
Ping: 28.822 ms
Download: 21.43 Mbit/s
Upload: 0.82 Mbit/s
Di 1. Mär 07:45:02 CET 2016
Ping: 33.862 ms
Download: 21.42 Mbit/s
Upload: 0.88 Mbit/s
Di 1. Mär 08:45:01 CET 2016
Ping: 32.382 ms
Download: 19.76 Mbit/s
Upload: 0.51 Mbit/s
Di 1. Mär 09:45:01 CET 2016
Ping: 27.219 ms
Download: 21.42 Mbit/s
Upload: 0.85 Mbit/s
Di 1. Mär 10:45:01 CET 2016
Ping: 26.85 ms
Download: 20.46 Mbit/s
Upload: 0.64 Mbit/s
Di 1. Mär 11:45:01 CET 2016
Ping: 29.682 ms
Download: 20.48 Mbit/s
Upload: 0.79 Mbit/s
Di 1. Mär 12:45:01 CET 2016
Ping: 31.823 ms
Download: 21.29 Mbit/s
Upload: 0.80 Mbit/s
Di 1. Mär 13:45:01 CET 2016
Ping: 30.264 ms
Download: 21.15 Mbit/s
Upload: 0.83 Mbit/s
Di 1. Mär 14:45:01 CET 2016
Ping: 32.748 ms
Download: 21.02 Mbit/s
Upload: 0.80 Mbit/s
Di 1. Mär 15:45:01 CET 2016
Ping: 32.042 ms
Download: 21.33 Mbit/s
Upload: 0.79 Mbit/s
Di 1. Mär 16:45:01 CET 2016
Ping: 30.457 ms
Download: 21.30 Mbit/s
Upload: 0.83 Mbit/s
Di 1. Mär 17:45:01 CET 2016
Ping: 31.222 ms
Download: 21.22 Mbit/s
Upload: 0.63 Mbit/s
Di 1. Mär 18:45:02 CET 2016
Ping: 28.474 ms
Download: 21.38 Mbit/s
Upload: 0.81 Mbit/s
Di 1. Mär 19:45:01 CET 2016
Ping: 29.814 ms
Download: 20.71 Mbit/s
Upload: 0.79 Mbit/s
Di 1. Mär 20:45:01 CET 2016
Ping: 34.674 ms
Download: 20.41 Mbit/s
Upload: 0.73 Mbit/s
Di 1. Mär 21:45:01 CET 2016
Ping: 28.894 ms
Download: 21.39 Mbit/s
Upload: 0.81 Mbit/s
Di 1. Mär 22:45:01 CET 2016
Ping: 36.494 ms
Download: 21.07 Mbit/s
Upload: 0.83 Mbit/s
Di 1. Mär 23:45:01 CET 2016
Ping: 31.449 ms
Download: 21.42 Mbit/s
Upload: 0.88 Mbit/s
Mi 2. Mär 00:45:01 CET 2016
Ping: 30.601 ms
Download: 21.46 Mbit/s
Upload: 0.87 Mbit/s
Mi 2. Mär 01:45:01 CET 2016
Ping: 27.513 ms
Download: 21.42 Mbit/s
Upload: 0.63 Mbit/s
Mi 2. Mär 02:45:01 CET 2016
Ping: 32.056 ms
Download: 21.45 Mbit/s
Upload: 0.88 Mbit/s
Mi 2. Mär 03:45:01 CET 2016
Ping: 27.458 ms
Download: 21.43 Mbit/s
Upload: 0.88 Mbit/s
Mi 2. Mär 04:45:02 CET 2016
Ping: 31.879 ms
Download: 21.30 Mbit/s
Upload: 0.88 Mbit/s
Mi 2. Mär 05:45:01 CET 2016
Ping: 31.364 ms
Download: 21.42 Mbit/s
Upload: 0.87 Mbit/s
Mi 2. Mär 06:45:01 CET 2016
Ping: 30.591 ms
Download: 21.42 Mbit/s
Upload: 0.86 Mbit/s
Mi 2. Mär 07:45:01 CET 2016
Ping: 26.531 ms
Download: 21.43 Mbit/s
Upload: 0.88 Mbit/s
Mi 2. Mär 08:45:01 CET 2016
Ping: 31.431 ms
Download: 21.42 Mbit/s
Upload: 0.88 Mbit/s
Mi 2. Mär 09:45:01 CET 2016
Ping: 33.938 ms
Download: 21.43 Mbit/s
Upload: 0.87 Mbit/s
Mi 2. Mär 10:45:01 CET 2016
Ping: 29.181 ms
Download: 21.46 Mbit/s
Upload: 0.88 Mbit/s
Mi 2. Mär 11:45:01 CET 2016
Ping: 36.037 ms
Download: 21.45 Mbit/s
Upload: 0.88 Mbit/s
Mi 2. Mär 12:45:01 CET 2016
Ping: 31.131 ms
Download: 20.92 Mbit/s
Upload: 0.88 Mbit/s
Mi 2. Mär 13:45:01 CET 2016
Ping: 33.889 ms
Download: 20.46 Mbit/s
Upload: 0.80 Mbit/s
Mi 2. Mär 14:45:01 CET 2016
Ping: 22.087 ms
Download: 21.04 Mbit/s
Upload: 0.86 Mbit/s
Mi 2. Mär 15:45:01 CET 2016
Ping: 35.079 ms
Download: 20.92 Mbit/s
Upload: 0.82 Mbit/s
Mi 2. Mär 16:45:01 CET 2016
Ping: 29.612 ms
Download: 21.44 Mbit/s
Upload: 0.88 Mbit/s
Mi 2. Mär 17:45:01 CET 2016
Ping: 29.105 ms
Download: 21.42 Mbit/s
Upload: 0.86 Mbit/s
Mi 2. Mär 18:45:01 CET 2016
Ping: 28.994 ms
Download: 21.16 Mbit/s
Upload: 0.88 Mbit/s
Mi 2. Mär 19:45:01 CET 2016
Ping: 31.862 ms
Download: 21.38 Mbit/s
Upload: 0.87 Mbit/s
Mi 2. Mär 20:45:01 CET 2016
Ping: 28.646 ms
Download: 19.88 Mbit/s
Upload: 0.84 Mbit/s
Mi 2. Mär 21:45:01 CET 2016
Ping: 26.818 ms
Download: 20.66 Mbit/s
Upload: 0.84 Mbit/s
Mi 2. Mär 22:45:01 CET 2016
Ping: 30.435 ms
Download: 21.45 Mbit/s
Upload: 0.88 Mbit/s
Mi 2. Mär 23:45:01 CET 2016
Ping: 32.125 ms
Download: 21.42 Mbit/s
Upload: 0.88 Mbit/s
Do 3. Mär 00:45:01 CET 2016
Ping: 34.196 ms
Download: 21.42 Mbit/s
Upload: 0.88 Mbit/s
Do 3. Mär 01:45:01 CET 2016
Ping: 30.019 ms
Download: 21.42 Mbit/s
Upload: 0.87 Mbit/s
Do 3. Mär 02:45:01 CET 2016
Ping: 29.55 ms
Download: 21.45 Mbit/s
Upload: 0.88 Mbit/s
Do 3. Mär 03:45:01 CET 2016
Ping: 30.248 ms
Download: 21.45 Mbit/s
Upload: 0.88 Mbit/s
Do 3. Mär 04:45:01 CET 2016
Ping: 28.88 ms
Download: 21.42 Mbit/s
Upload: 0.87 Mbit/s
Do 3. Mär 05:45:01 CET 2016
Ping: 29.5 ms
Download: 21.45 Mbit/s
Upload: 0.88 Mbit/s
Do 3. Mär 06:45:01 CET 2016
Ping: 34.36 ms
Download: 21.44 Mbit/s
Upload: 0.88 Mbit/s
Do 3. Mär 07:45:01 CET 2016
Ping: 29.321 ms
Download: 21.42 Mbit/s
Upload: 0.88 Mbit/s
Do 3. Mär 08:45:01 CET 2016
Ping: 28.671 ms
Download: 21.42 Mbit/s
Upload: 0.88 Mbit/s
Do 3. Mär 09:45:01 CET 2016
Ping: 28.514 ms
Download: 21.42 Mbit/s
Upload: 0.88 Mbit/s
Do 3. Mär 10:45:01 CET 2016
Ping: 34.195 ms
Download: 21.42 Mbit/s
Upload: 0.88 Mbit/s
Do 3. Mär 11:45:01 CET 2016
Ping: 33.284 ms
Download: 20.04 Mbit/s
Upload: 0.72 Mbit/s
Do 3. Mär 12:45:01 CET 2016
Ping: 31.464 ms
Download: 21.45 Mbit/s
Upload: 0.87 Mbit/s
Do 3. Mär 13:45:01 CET 2016
Ping: 31.367 ms
Download: 21.38 Mbit/s
Upload: 0.86 Mbit/s
Do 3. Mär 14:45:01 CET 2016
Ping: 27.789 ms
Download: 21.04 Mbit/s
Upload: 0.82 Mbit/s
Do 3. Mär 15:45:01 CET 2016
Ping: 27.028 ms
Download: 21.42 Mbit/s
Upload: 0.87 Mbit/s
Do 3. Mär 16:45:01 CET 2016
Ping: 34.136 ms
Download: 21.42 Mbit/s
Upload: 0.87 Mbit/s
Do 3. Mär 17:45:01 CET 2016
Ping: 32.888 ms
Download: 21.42 Mbit/s
Upload: 0.88 Mbit/s
Do 3. Mär 18:45:01 CET 2016
Ping: 28.152 ms
Download: 21.42 Mbit/s
Upload: 0.88 Mbit/s
Do 3. Mär 19:45:01 CET 2016
Ping: 28.569 ms
Download: 21.42 Mbit/s
Upload: 0.88 Mbit/s
Do 3. Mär 20:45:01 CET 2016
Ping: 35.022 ms
Download: 18.62 Mbit/s
Upload: 0.77 Mbit/s
Do 3. Mär 21:45:01 CET 2016
Ping: 34.077 ms
Download: 20.46 Mbit/s
Upload: 0.86 Mbit/s
Do 3. Mär 22:45:01 CET 2016
Ping: 32.804 ms
Download: 21.42 Mbit/s
Upload: 0.88 Mbit/s
Do 3. Mär 23:45:02 CET 2016
Ping: 27.974 ms
Download: 21.46 Mbit/s
Upload: 0.80 Mbit/s
Fr 4. Mär 00:45:01 CET 2016
Ping: 27.183 ms
Download: 21.42 Mbit/s
Upload: 0.88 Mbit/s
Fr 4. Mär 01:45:01 CET 2016
Ping: 28.016 ms
Download: 21.42 Mbit/s
Upload: 0.88 Mbit/s
Fr 4. Mär 02:45:01 CET 2016
Ping: 31.269 ms
Download: 21.46 Mbit/s
Upload: 0.88 Mbit/s
Fr 4. Mär 03:45:01 CET 2016
Ping: 31.269 ms
Download: 21.45 Mbit/s
Upload: 0.88 Mbit/s
Fr 4. Mär 04:45:01 CET 2016
Ping: 31.422 ms
Download: 21.44 Mbit/s
Upload: 0.87 Mbit/s
Fr 4. Mär 05:45:01 CET 2016
Ping: 31.044 ms
Download: 21.43 Mbit/s
Upload: 0.88 Mbit/s
Fr 4. Mär 06:45:01 CET 2016
Ping: 31.612 ms
Download: 21.42 Mbit/s
Upload: 0.88 Mbit/s
Fr 4. Mär 07:45:01 CET 2016
Ping: 34.876 ms
Download: 21.39 Mbit/s
Upload: 0.88 Mbit/s
Fr 4. Mär 08:45:01 CET 2016
Ping: 30.602 ms
Download: 21.16 Mbit/s
Upload: 0.85 Mbit/s
Fr 4. Mär 09:45:01 CET 2016
Ping: 31.281 ms
Download: 21.39 Mbit/s
Upload: 0.87 Mbit/s
Fr 4. Mär 10:45:01 CET 2016
Ping: 28.843 ms
Download: 20.49 Mbit/s
Upload: 0.58 Mbit/s
Fr 4. Mär 11:45:01 CET 2016
Ping: 27.777 ms
Download: 21.45 Mbit/s
Upload: 0.88 Mbit/s
Fr 4. Mär 12:45:01 CET 2016
Ping: 34.926 ms
Download: 21.42 Mbit/s
Upload: 0.86 Mbit/s
Fr 4. Mär 13:45:01 CET 2016
Ping: 33.991 ms
Download: 21.44 Mbit/s
Upload: 0.87 Mbit/s
Fr 4. Mär 14:45:01 CET 2016
Ping: 34.773 ms
Download: 4.44 Mbit/s
Upload: 0.86 Mbit/s
Fr 4. Mär 15:45:01 CET 2016
Ping: 30.817 ms
Download: 21.27 Mbit/s
Upload: 0.88 Mbit/s
Fr 4. Mär 16:45:01 CET 2016
Ping: 28.806 ms
Download: 21.43 Mbit/s
Upload: 0.88 Mbit/s
Fr 4. Mär 17:45:01 CET 2016
Ping: 34.439 ms
Download: 21.39 Mbit/s
Upload: 0.87 Mbit/s
Fr 4. Mär 18:45:01 CET 2016
Ping: 31.903 ms
Download: 21.39 Mbit/s
Upload: 0.86 Mbit/s
Fr 4. Mär 19:45:02 CET 2016
Ping: 30.93 ms
Download: 21.45 Mbit/s
Upload: 0.88 Mbit/s
Fr 4. Mär 20:45:01 CET 2016
Ping: 29.843 ms
Download: 21.42 Mbit/s
Upload: 0.87 Mbit/s
Fr 4. Mär 21:45:01 CET 2016
Ping: 29.473 ms
Download: 20.22 Mbit/s
Upload: 0.69 Mbit/s
Fr 4. Mär 22:45:01 CET 2016
Ping: 29.221 ms
Download: 21.42 Mbit/s
Upload: 0.88 Mbit/s
Fr 4. Mär 23:45:01 CET 2016
Ping: 33.224 ms
Download: 21.43 Mbit/s
Upload: 0.87 Mbit/s
Sa 5. Mär 00:45:01 CET 2016
Ping: 33.82 ms
Download: 21.26 Mbit/s
Upload: 0.88 Mbit/s
Sa 5. Mär 01:45:01 CET 2016
Ping: 28.361 ms
Download: 21.45 Mbit/s
Upload: 0.87 Mbit/s
Sa 5. Mär 02:45:01 CET 2016
Ping: 32.066 ms
Download: 21.42 Mbit/s
Upload: 0.88 Mbit/s
Sa 5. Mär 03:45:01 CET 2016
Ping: 31.605 ms
Download: 21.42 Mbit/s
Upload: 0.88 Mbit/s
Sa 5. Mär 04:45:01 CET 2016
Ping: 27.952 ms
Download: 21.42 Mbit/s
Upload: 0.88 Mbit/s
Sa 5. Mär 05:45:01 CET 2016
Ping: 29.599 ms
Download: 21.42 Mbit/s
Upload: 0.88 Mbit/s
Sa 5. Mär 06:45:01 CET 2016
Ping: 27.072 ms
Download: 21.22 Mbit/s
Upload: 0.87 Mbit/s
Sa 5. Mär 07:45:01 CET 2016
Ping: 28.087 ms
Download: 20.56 Mbit/s
Upload: 0.72 Mbit/s
Sa 5. Mär 08:45:01 CET 2016
Ping: 34.168 ms
Download: 21.36 Mbit/s
Upload: 0.70 Mbit/s
Sa 5. Mär 09:45:01 CET 2016
Ping: 33.414 ms
Download: 21.42 Mbit/s
Upload: 0.88 Mbit/s
Sa 5. Mär 10:45:01 CET 2016
Ping: 32.305 ms
Download: 19.82 Mbit/s
Upload: 0.88 Mbit/s
Sa 5. Mär 11:45:01 CET 2016
Ping: 29.647 ms
Download: 21.42 Mbit/s
Upload: 0.84 Mbit/s
Sa 5. Mär 12:45:01 CET 2016
Ping: 33.371 ms
Download: 19.49 Mbit/s
Upload: 0.81 Mbit/s
Sa 5. Mär 13:45:01 CET 2016
Ping: 29.82 ms
Download: 19.75 Mbit/s
Upload: 0.84 Mbit/s
Sa 5. Mär 14:45:01 CET 2016
Ping: 33.953 ms
Download: 20.57 Mbit/s
Upload: 0.80 Mbit/s
Sa 5. Mär 15:45:01 CET 2016
Ping: 28.283 ms
Download: 7.08 Mbit/s
Upload: 0.81 Mbit/s
Sa 5. Mär 16:45:01 CET 2016
Ping: 34.724 ms
Download: 21.39 Mbit/s
Upload: 0.84 Mbit/s
Sa 5. Mär 17:45:01 CET 2016
Ping: 31.83 ms
Download: 20.91 Mbit/s
Upload: 0.87 Mbit/s
Sa 5. Mär 18:45:01 CET 2016
Ping: 30.356 ms
Download: 21.43 Mbit/s
Upload: 0.88 Mbit/s
Sa 5. Mär 19:45:01 CET 2016
Ping: 30.912 ms
Download: 21.37 Mbit/s
Upload: 0.83 Mbit/s
Sa 5. Mär 20:45:01 CET 2016
Ping: 31.523 ms
Download: 21.39 Mbit/s
Upload: 0.85 Mbit/s
Sa 5. Mär 21:45:01 CET 2016
Ping: 35.809 ms
Download: 19.10 Mbit/s
Upload: 0.83 Mbit/s
Sa 5. Mär 22:45:01 CET 2016
Ping: 34.668 ms
Download: 17.51 Mbit/s
Upload: 0.87 Mbit/s
Sa 5. Mär 23:45:01 CET 2016
Ping: 31.119 ms
Download: 21.45 Mbit/s
Upload: 0.87 Mbit/s
So 6. Mär 00:45:01 CET 2016
Ping: 32.7 ms
Download: 20.49 Mbit/s
Upload: 0.87 Mbit/s
So 6. Mär 01:45:01 CET 2016
Ping: 31.199 ms
Download: 21.46 Mbit/s
Upload: 0.87 Mbit/s
So 6. Mär 02:45:01 CET 2016
Ping: 26.915 ms
Download: 21.42 Mbit/s
Upload: 0.88 Mbit/s
So 6. Mär 03:45:01 CET 2016
Ping: 32.627 ms
Download: 21.45 Mbit/s
Upload: 0.88 Mbit/s
So 6. Mär 04:45:01 CET 2016
Ping: 32.726 ms
Download: 21.36 Mbit/s
Upload: 0.88 Mbit/s
So 6. Mär 05:45:01 CET 2016
Ping: 32.049 ms
Download: 21.34 Mbit/s
Upload: 0.88 Mbit/s
So 6. Mär 06:45:01 CET 2016
Ping: 27.653 ms
Download: 21.43 Mbit/s
Upload: 0.88 Mbit/s
So 6. Mär 07:45:01 CET 2016
Ping: 27.462 ms
Download: 21.39 Mbit/s
Upload: 0.87 Mbit/s
So 6. Mär 08:45:01 CET 2016
Ping: 28.612 ms
Download: 19.49 Mbit/s
Upload: 0.83 Mbit/s
So 6. Mär 09:45:01 CET 2016
Ping: 32.269 ms
Download: 18.08 Mbit/s
Upload: 0.82 Mbit/s
So 6. Mär 10:45:01 CET 2016
Ping: 31.096 ms
Download: 21.30 Mbit/s
Upload: 0.84 Mbit/s
So 6. Mär 11:45:01 CET 2016
Ping: 33.434 ms
Download: 21.30 Mbit/s
Upload: 0.84 Mbit/s
So 6. Mär 12:45:01 CET 2016
Ping: 30.506 ms
Download: 21.40 Mbit/s
Upload: 0.87 Mbit/s
So 6. Mär 13:45:01 CET 2016
Ping: 31.856 ms
Download: 21.44 Mbit/s
Upload: 0.87 Mbit/s
So 6. Mär 14:45:01 CET 2016
Ping: 32.132 ms
Download: 21.33 Mbit/s
Upload: 0.85 Mbit/s
So 6. Mär 15:45:01 CET 2016
Ping: 32.925 ms
Download: 21.26 Mbit/s
Upload: 0.86 Mbit/s
So 6. Mär 16:45:01 CET 2016
Ping: 28.869 ms
Download: 21.30 Mbit/s
Upload: 0.87 Mbit/s
So 6. Mär 17:45:01 CET 2016
Ping: 34.214 ms
Download: 21.31 Mbit/s
Upload: 0.87 Mbit/s
So 6. Mär 18:45:01 CET 2016
Ping: 27.592 ms
Download: 21.42 Mbit/s
Upload: 0.86 Mbit/s
So 6. Mär 19:45:01 CET 2016
Ping: 30.574 ms
Download: 20.25 Mbit/s
Upload: 0.81 Mbit/s
So 6. Mär 20:45:01 CET 2016
Ping: 29.55 ms
Download: 20.28 Mbit/s
Upload: 0.71 Mbit/s
So 6. Mär 21:45:01 CET 2016
Ping: 32.296 ms
Download: 20.22 Mbit/s
Upload: 0.79 Mbit/s
So 6. Mär 22:45:01 CET 2016
Ping: 30.443 ms
Download: 21.42 Mbit/s
Upload: 0.87 Mbit/s
So 6. Mär 23:45:02 CET 2016
Ping: 32.028 ms
Download: 19.24 Mbit/s
Upload: 0.87 Mbit/s
Mo 7. Mär 00:45:02 CET 2016
Ping: 33.317 ms
Download: 21.44 Mbit/s
Upload: 0.88 Mbit/s
Mo 7. Mär 01:45:01 CET 2016
Ping: 32.167 ms
Download: 21.45 Mbit/s
Upload: 0.88 Mbit/s
Mo 7. Mär 02:45:01 CET 2016
Ping: 31.545 ms
Download: 21.44 Mbit/s
Upload: 0.87 Mbit/s
Mo 7. Mär 03:45:01 CET 2016
Ping: 28.878 ms
Download: 21.45 Mbit/s
Upload: 0.88 Mbit/s
Mo 7. Mär 04:45:01 CET 2016
Ping: 32.266 ms
Download: 21.42 Mbit/s
Upload: 0.88 Mbit/s
Mo 7. Mär 05:45:01 CET 2016
Ping: 27.097 ms
Download: 21.42 Mbit/s
Upload: 0.88 Mbit/s
Mo 7. Mär 06:45:01 CET 2016
Ping: 32.67 ms
Download: 21.42 Mbit/s
Upload: 0.88 Mbit/s
Mo 7. Mär 07:45:01 CET 2016
Ping: 32.382 ms
Download: 21.44 Mbit/s
Upload: 0.84 Mbit/s
Mo 7. Mär 08:45:01 CET 2016
Ping: 33.561 ms
Download: 21.42 Mbit/s
Upload: 0.87 Mbit/s
Mo 7. Mär 09:45:01 CET 2016
Ping: 31.657 ms
Download: 21.45 Mbit/s
Upload: 0.88 Mbit/s
Mo 7. Mär 10:45:01 CET 2016
Ping: 32.374 ms
Download: 21.45 Mbit/s
Upload: 0.87 Mbit/s
Mo 7. Mär 11:45:01 CET 2016
Ping: 34.996 ms
Download: 21.45 Mbit/s
Upload: 0.88 Mbit/s
Mo 7. Mär 12:45:01 CET 2016
Ping: 31.765 ms
Download: 21.42 Mbit/s
Upload: 0.88 Mbit/s
Mo 7. Mär 13:45:01 CET 2016
Ping: 32.933 ms
Download: 20.96 Mbit/s
Upload: 0.85 Mbit/s
Mo 7. Mär 14:45:01 CET 2016
Ping: 35.054 ms
Download: 20.70 Mbit/s
Upload: 0.86 Mbit/s
Mo 7. Mär 15:45:01 CET 2016
Ping: 32.383 ms
Download: 21.42 Mbit/s
Upload: 0.80 Mbit/s
Mo 7. Mär 16:45:01 CET 2016
Ping: 30.542 ms
Download: 21.18 Mbit/s
Upload: 0.87 Mbit/s
Mo 7. Mär 17:45:01 CET 2016
Ping: 32.311 ms
Download: 21.45 Mbit/s
Upload: 0.87 Mbit/s
Mo 7. Mär 18:45:01 CET 2016
Ping: 28.374 ms
Download: 21.25 Mbit/s
Upload: 0.86 Mbit/s
Mo 7. Mär 19:45:01 CET 2016
Ping: 33.952 ms
Download: 21.23 Mbit/s
Upload: 0.83 Mbit/s
Mo 7. Mär 20:45:01 CET 2016
Ping: 32.728 ms
Download: 21.45 Mbit/s
Upload: 0.87 Mbit/s
Mo 7. Mär 21:45:01 CET 2016
Ping: 31.56 ms
Download: 21.42 Mbit/s
Upload: 0.88 Mbit/s
Mo 7. Mär 22:45:01 CET 2016
Ping: 32.42 ms
Download: 21.42 Mbit/s
Upload: 0.87 Mbit/s
Mo 7. Mär 23:45:01 CET 2016
Ping: 31.233 ms
Download: 21.45 Mbit/s
Upload: 0.87 Mbit/s
Di 8. Mär 00:45:01 CET 2016
Ping: 33.065 ms
Download: 21.42 Mbit/s
Upload: 0.87 Mbit/s
Di 8. Mär 01:45:01 CET 2016
Ping: 32.704 ms
Download: 21.42 Mbit/s
Upload: 0.88 Mbit/s
Di 8. Mär 02:45:01 CET 2016
Ping: 32.079 ms
Download: 21.42 Mbit/s
Upload: 0.85 Mbit/s
Di 8. Mär 03:45:01 CET 2016
Ping: 31.136 ms
Download: 21.45 Mbit/s
Upload: 0.88 Mbit/s
Di 8. Mär 04:45:01 CET 2016
Ping: 32.3 ms
Download: 21.45 Mbit/s
Upload: 0.88 Mbit/s
Di 8. Mär 05:45:01 CET 2016
Ping: 26.92 ms
Download: 21.42 Mbit/s
Upload: 0.88 Mbit/s
Di 8. Mär 06:45:01 CET 2016
Ping: 27.495 ms
Download: 21.42 Mbit/s
Upload: 0.87 Mbit/s
Di 8. Mär 07:45:01 CET 2016
Ping: 28.758 ms
Download: 21.34 Mbit/s
Upload: 0.78 Mbit/s
Di 8. Mär 08:45:01 CET 2016
Ping: 31.551 ms
Download: 21.43 Mbit/s
Upload: 0.87 Mbit/s
Di 8. Mär 09:45:01 CET 2016
Ping: 31.722 ms
Download: 21.42 Mbit/s
Upload: 0.71 Mbit/s
Di 8. Mär 10:45:01 CET 2016
Ping: 31.14 ms
Download: 20.60 Mbit/s
Upload: 0.67 Mbit/s
Di 8. Mär 11:45:01 CET 2016
Ping: 31.132 ms
Download: 20.74 Mbit/s
Upload: 0.71 Mbit/s
Di 8. Mär 12:45:01 CET 2016
Ping: 31.074 ms
Download: 21.45 Mbit/s
Upload: 0.87 Mbit/s
Di 8. Mär 13:45:01 CET 2016
Ping: 31.977 ms
Download: 21.45 Mbit/s
Upload: 0.88 Mbit/s
Di 8. Mär 14:45:01 CET 2016
Ping: 29.774 ms
Download: 21.38 Mbit/s
Upload: 0.87 Mbit/s
Di 8. Mär 15:45:01 CET 2016
Ping: 31.488 ms
Download: 20.86 Mbit/s
Upload: 0.82 Mbit/s
Di 8. Mär 16:45:01 CET 2016
Ping: 28.33 ms
Download: 21.43 Mbit/s
Upload: 0.88 Mbit/s
Di 8. Mär 17:45:01 CET 2016
Ping: 33.407 ms
Download: 21.39 Mbit/s
Upload: 0.87 Mbit/s
Di 8. Mär 18:45:01 CET 2016
Ping: 29.285 ms
Download: 20.21 Mbit/s
Upload: 0.81 Mbit/s
Di 8. Mär 19:45:01 CET 2016
Ping: 33.153 ms
Download: 20.79 Mbit/s
Upload: 0.80 Mbit/s
Di 8. Mär 20:45:01 CET 2016
Ping: 31.124 ms
Download: 21.28 Mbit/s
Upload: 0.86 Mbit/s
Di 8. Mär 21:45:01 CET 2016
Ping: 33.342 ms
Download: 21.42 Mbit/s
Upload: 0.87 Mbit/s
Di 8. Mär 22:45:01 CET 2016
Ping: 28.312 ms
Download: 21.43 Mbit/s
Upload: 0.87 Mbit/s
Di 8. Mär 23:45:01 CET 2016
Ping: 28.026 ms
Download: 21.42 Mbit/s
Upload: 0.87 Mbit/s
Mi 9. Mär 00:45:01 CET 2016
Ping: 29.573 ms
Download: 21.46 Mbit/s
Upload: 0.88 Mbit/s
Mi 9. Mär 01:45:01 CET 2016
Ping: 31.672 ms
Download: 21.42 Mbit/s
Upload: 0.88 Mbit/s
Mi 9. Mär 02:45:01 CET 2016
Ping: 33.871 ms
Download: 21.37 Mbit/s
Upload: 0.88 Mbit/s
Mi 9. Mär 03:45:01 CET 2016
Ping: 31.532 ms
Download: 21.43 Mbit/s
Upload: 0.88 Mbit/s
Mi 9. Mär 04:45:01 CET 2016
Ping: 28.301 ms
Download: 21.43 Mbit/s
Upload: 0.87 Mbit/s
Mi 9. Mär 05:45:01 CET 2016
Ping: 35.048 ms
Download: 21.45 Mbit/s
Upload: 0.88 Mbit/s
Mi 9. Mär 06:45:01 CET 2016
Ping: 31.796 ms
Download: 20.30 Mbit/s
Upload: 0.88 Mbit/s
Mi 9. Mär 07:45:01 CET 2016
Ping: 32.062 ms
Download: 20.04 Mbit/s
Upload: 0.79 Mbit/s
Mi 9. Mär 08:45:01 CET 2016
Ping: 30.247 ms
Download: 21.39 Mbit/s
Upload: 0.86 Mbit/s
Mi 9. Mär 09:45:01 CET 2016
Ping: 31.502 ms
Download: 21.28 Mbit/s
Upload: 0.85 Mbit/s
Mi 9. Mär 10:45:01 CET 2016
Ping: 32.977 ms
Download: 20.41 Mbit/s
Upload: 0.71 Mbit/s
Mi 9. Mär 11:45:01 CET 2016
Ping: 32.124 ms
Download: 21.42 Mbit/s
Upload: 0.87 Mbit/s
Mi 9. Mär 12:45:01 CET 2016
Ping: 30.088 ms
Download: 21.42 Mbit/s
Upload: 0.87 Mbit/s
Mi 9. Mär 13:45:01 CET 2016
Ping: 30.105 ms
Download: 21.38 Mbit/s
Upload: 0.87 Mbit/s
Mi 9. Mär 14:45:01 CET 2016
Ping: 31.676 ms
Download: 18.56 Mbit/s
Upload: 0.84 Mbit/s
Mi 9. Mär 15:45:01 CET 2016
Ping: 27.636 ms
Download: 18.96 Mbit/s
Upload: 0.76 Mbit/s
Mi 9. Mär 16:45:01 CET 2016
Ping: 31.104 ms
Download: 21.45 Mbit/s
Upload: 0.79 Mbit/s
Mi 9. Mär 17:45:01 CET 2016
Ping: 29.907 ms
Download: 21.21 Mbit/s
Upload: 0.87 Mbit/s
Mi 9. Mär 18:45:01 CET 2016
Ping: 30.379 ms
Download: 21.41 Mbit/s
Upload: 0.84 Mbit/s
Mi 9. Mär 19:45:01 CET 2016
Ping: 36.462 ms
Download: 21.39 Mbit/s
Upload: 0.87 Mbit/s
Mi 9. Mär 20:45:01 CET 2016
Ping: 31.126 ms
Download: 21.42 Mbit/s
Upload: 0.86 Mbit/s
Mi 9. Mär 21:45:01 CET 2016
Ping: 32.618 ms
Download: 19.36 Mbit/s
Upload: 0.74 Mbit/s
Mi 9. Mär 22:45:01 CET 2016
Ping: 49.708 ms
Download: 19.97 Mbit/s
Upload: 0.76 Mbit/s
Mi 9. Mär 23:45:01 CET 2016
Ping: 30.712 ms
Download: 21.38 Mbit/s
Upload: 0.88 Mbit/s
Do 10. Mär 00:45:01 CET 2016
Ping: 29.851 ms
Download: 21.42 Mbit/s
Upload: 0.87 Mbit/s
Do 10. Mär 01:45:01 CET 2016
Ping: 28.213 ms
Download: 21.45 Mbit/s
Upload: 0.88 Mbit/s
Do 10. Mär 02:45:01 CET 2016
Ping: 34.402 ms
Download: 21.42 Mbit/s
Upload: 0.87 Mbit/s
Do 10. Mär 03:45:01 CET 2016
Ping: 35.767 ms
Download: 21.46 Mbit/s
Upload: 0.87 Mbit/s
Do 10. Mär 04:45:02 CET 2016
Ping: 32.013 ms
Download: 19.54 Mbit/s
Upload: 0.88 Mbit/s
Do 10. Mär 05:45:01 CET 2016
Ping: 34.887 ms
Download: 21.42 Mbit/s
Upload: 0.88 Mbit/s
Do 10. Mär 06:45:01 CET 2016
Ping: 33.519 ms
Download: 21.46 Mbit/s
Upload: 0.88 Mbit/s
Do 10. Mär 07:45:01 CET 2016
Ping: 32.906 ms
Download: 21.43 Mbit/s
Upload: 0.77 Mbit/s
Do 10. Mär 08:45:01 CET 2016
Ping: 31.443 ms
Download: 21.04 Mbit/s
Upload: 0.88 Mbit/s
Do 10. Mär 09:45:01 CET 2016
Ping: 30.808 ms
Download: 21.43 Mbit/s
Upload: 0.87 Mbit/s
Do 10. Mär 10:45:01 CET 2016
Ping: 26.843 ms
Download: 21.42 Mbit/s
Upload: 0.88 Mbit/s
Do 10. Mär 11:45:01 CET 2016
Ping: 28.752 ms
Download: 21.43 Mbit/s
Upload: 0.88 Mbit/s
Do 10. Mär 12:45:01 CET 2016
Ping: 32.865 ms
Download: 20.22 Mbit/s
Upload: 0.87 Mbit/s
Do 10. Mär 13:45:01 CET 2016
Ping: 32.12 ms
Download: 21.44 Mbit/s
Upload: 0.88 Mbit/s
Do 10. Mär 14:45:01 CET 2016
Ping: 32.257 ms
Download: 21.42 Mbit/s
Upload: 0.87 Mbit/s
Do 10. Mär 15:45:01 CET 2016
Ping: 31.374 ms
Download: 21.42 Mbit/s
Upload: 0.85 Mbit/s
Do 10. Mär 16:45:01 CET 2016
Ping: 28.378 ms
Download: 21.42 Mbit/s
Upload: 0.87 Mbit/s
Do 10. Mär 17:45:01 CET 2016
Ping: 30.715 ms
Download: 21.33 Mbit/s
Upload: 0.88 Mbit/s
Do 10. Mär 18:45:01 CET 2016
Ping: 33.646 ms
Download: 21.43 Mbit/s
Upload: 0.88 Mbit/s
Do 10. Mär 19:45:01 CET 2016
Ping: 29.7 ms
Download: 21.42 Mbit/s
Upload: 0.87 Mbit/s
Do 10. Mär 20:45:01 CET 2016
Ping: 31.456 ms
Download: 21.43 Mbit/s
Upload: 0.83 Mbit/s
Do 10. Mär 21:45:01 CET 2016
Ping: 30.379 ms
Download: 21.42 Mbit/s
Upload: 0.88 Mbit/s
Do 10. Mär 22:45:01 CET 2016
Ping: 26.806 ms
Download: 21.42 Mbit/s
Upload: 0.88 Mbit/s
Do 10. Mär 23:45:01 CET 2016
Ping: 32.658 ms
Download: 21.42 Mbit/s
Upload: 0.87 Mbit/s
Fr 11. Mär 00:45:01 CET 2016
Ping: 32.586 ms
Download: 21.38 Mbit/s
Upload: 0.87 Mbit/s
Fr 11. Mär 01:45:01 CET 2016
Ping: 31.709 ms
Download: 21.41 Mbit/s
Upload: 0.88 Mbit/s
Fr 11. Mär 02:45:01 CET 2016
Ping: 32.057 ms
Download: 21.42 Mbit/s
Upload: 0.87 Mbit/s
Fr 11. Mär 03:45:01 CET 2016
Ping: 28.488 ms
Download: 21.45 Mbit/s
Upload: 0.88 Mbit/s
Fr 11. Mär 04:45:01 CET 2016
Ping: 31.123 ms
Download: 21.45 Mbit/s
Upload: 0.85 Mbit/s
Fr 11. Mär 05:45:01 CET 2016
Ping: 29.719 ms
Download: 21.44 Mbit/s
Upload: 0.88 Mbit/s
Fr 11. Mär 06:45:01 CET 2016
Ping: 30.764 ms
Download: 21.46 Mbit/s
Upload: 0.79 Mbit/s
Fr 11. Mär 07:45:01 CET 2016
Ping: 32.972 ms
Download: 21.42 Mbit/s
Upload: 0.87 Mbit/s
Fr 11. Mär 08:45:01 CET 2016
Ping: 30.125 ms
Download: 21.42 Mbit/s
Upload: 0.88 Mbit/s
Fr 11. Mär 09:45:01 CET 2016
Ping: 32.92 ms
Download: 21.44 Mbit/s
Upload: 0.88 Mbit/s
Fr 11. Mär 10:45:01 CET 2016
Ping: 30.472 ms
Download: 21.45 Mbit/s
Upload: 0.87 Mbit/s
Fr 11. Mär 11:45:01 CET 2016
Ping: 30.773 ms
Download: 21.42 Mbit/s
Upload: 0.88 Mbit/s
Fr 11. Mär 12:45:01 CET 2016
Ping: 28.678 ms
Download: 21.38 Mbit/s
Upload: 0.88 Mbit/s
Fr 11. Mär 13:45:01 CET 2016
Ping: 37.186 ms
Download: 21.42 Mbit/s
Upload: 0.86 Mbit/s
Fr 11. Mär 14:45:01 CET 2016
Ping: 31.485 ms
Download: 21.27 Mbit/s
Upload: 0.86 Mbit/s
Fr 11. Mär 15:45:01 CET 2016
Ping: 29.839 ms
Download: 20.91 Mbit/s
Upload: 0.87 Mbit/s
Fr 11. Mär 16:45:01 CET 2016
Ping: 30.956 ms
Download: 21.42 Mbit/s
Upload: 0.88 Mbit/s
Fr 11. Mär 17:45:01 CET 2016
Ping: 31.105 ms
Download: 21.44 Mbit/s
Upload: 0.76 Mbit/s
Fr 11. Mär 18:45:01 CET 2016
Ping: 33.252 ms
Download: 21.30 Mbit/s
Upload: 0.87 Mbit/s
Fr 11. Mär 19:45:01 CET 2016
Ping: 32.181 ms
Download: 19.22 Mbit/s
Upload: 0.80 Mbit/s
Fr 11. Mär 20:45:01 CET 2016
Ping: 28.631 ms
Download: 21.24 Mbit/s
Upload: 0.84 Mbit/s
Fr 11. Mär 21:45:01 CET 2016
Ping: 31.961 ms
Download: 21.25 Mbit/s
Upload: 0.80 Mbit/s
Fr 11. Mär 22:45:01 CET 2016
Ping: 34.392 ms
Download: 21.44 Mbit/s
Upload: 0.88 Mbit/s
Fr 11. Mär 23:45:01 CET 2016
Ping: 26.316 ms
Download: 21.43 Mbit/s
Upload: 0.87 Mbit/s
Sa 12. Mär 00:45:01 CET 2016
Ping: 32.221 ms
Download: 21.45 Mbit/s
Upload: 0.87 Mbit/s
Sa 12. Mär 01:45:01 CET 2016
Ping: 32.24 ms
Download: 21.43 Mbit/s
Upload: 0.87 Mbit/s
Sa 12. Mär 02:45:01 CET 2016
Ping: 27.725 ms
Download: 21.46 Mbit/s
Upload: 0.88 Mbit/s
Sa 12. Mär 03:45:01 CET 2016
Ping: 33.894 ms
Download: 21.43 Mbit/s
Upload: 0.88 Mbit/s
Sa 12. Mär 04:45:01 CET 2016
Ping: 31.107 ms
Download: 21.44 Mbit/s
Upload: 0.86 Mbit/s
Sa 12. Mär 05:45:01 CET 2016
Ping: 33.768 ms
Download: 21.25 Mbit/s
Upload: 0.88 Mbit/s
Sa 12. Mär 06:45:01 CET 2016
Ping: 30.505 ms
Download: 21.42 Mbit/s
Upload: 0.87 Mbit/s
Sa 12. Mär 07:45:01 CET 2016
Ping: 29.553 ms
Download: 21.30 Mbit/s
Upload: 0.85 Mbit/s
Sa 12. Mär 08:45:01 CET 2016
Ping: 27.818 ms
Download: 20.30 Mbit/s
Upload: 0.86 Mbit/s
Sa 12. Mär 09:45:01 CET 2016
Ping: 29.013 ms
Download: 21.12 Mbit/s
Upload: 0.83 Mbit/s
Sa 12. Mär 10:45:01 CET 2016
Ping: 31.106 ms
Download: 17.71 Mbit/s
Upload: 0.68 Mbit/s
Sa 12. Mär 11:45:01 CET 2016
Ping: 29.319 ms
Download: 21.42 Mbit/s
Upload: 0.85 Mbit/s
Sa 12. Mär 12:45:02 CET 2016
Ping: 29.411 ms
Download: 21.45 Mbit/s
Upload: 0.88 Mbit/s
Sa 12. Mär 13:45:01 CET 2016
Ping: 27.649 ms
Download: 20.38 Mbit/s
Upload: 0.81 Mbit/s
Sa 12. Mär 14:45:01 CET 2016
Ping: 34.042 ms
Download: 21.43 Mbit/s
Upload: 0.88 Mbit/s
Sa 12. Mär 15:45:01 CET 2016
Ping: 32.882 ms
Download: 21.45 Mbit/s
Upload: 0.88 Mbit/s
Sa 12. Mär 16:45:01 CET 2016
Ping: 31.242 ms
Download: 21.45 Mbit/s
Upload: 0.87 Mbit/s
Sa 12. Mär 17:45:01 CET 2016
Ping: 32.939 ms
Download: 20.98 Mbit/s
Upload: 0.88 Mbit/s
Sa 12. Mär 18:45:01 CET 2016
Ping: 32.111 ms
Download: 21.45 Mbit/s
Upload: 0.87 Mbit/s
Sa 12. Mär 19:45:01 CET 2016
Ping: 28.388 ms
Download: 21.45 Mbit/s
Upload: 0.87 Mbit/s
Sa 12. Mär 20:45:01 CET 2016
Ping: 33.235 ms
Download: 21.04 Mbit/s
Upload: 0.86 Mbit/s
Sa 12. Mär 21:45:01 CET 2016
Ping: 27.959 ms
Download: 21.42 Mbit/s
Upload: 0.88 Mbit/s
Sa 12. Mär 22:45:01 CET 2016
Ping: 25.066 ms
Download: 21.22 Mbit/s
Upload: 0.88 Mbit/s
Sa 12. Mär 23:45:02 CET 2016
Ping: 34.973 ms
Download: 21.42 Mbit/s
Upload: 0.87 Mbit/s
So 13. Mär 00:45:01 CET 2016
Ping: 28.168 ms
Download: 21.42 Mbit/s
Upload: 0.88 Mbit/s
So 13. Mär 01:45:01 CET 2016
Ping: 31.028 ms
Download: 21.42 Mbit/s
Upload: 0.87 Mbit/s
So 13. Mär 02:45:01 CET 2016
Ping: 32.777 ms
Download: 18.80 Mbit/s
Upload: 0.88 Mbit/s
So 13. Mär 03:45:01 CET 2016
Ping: 32.732 ms
Download: 21.45 Mbit/s
Upload: 0.88 Mbit/s
So 13. Mär 04:45:01 CET 2016
Ping: 28.1 ms
Download: 21.33 Mbit/s
Upload: 0.87 Mbit/s
So 13. Mär 05:45:01 CET 2016
Ping: 29.899 ms
Download: 21.43 Mbit/s
Upload: 0.88 Mbit/s
So 13. Mär 06:45:01 CET 2016
Ping: 32.301 ms
Download: 21.39 Mbit/s
Upload: 0.88 Mbit/s
So 13. Mär 07:45:01 CET 2016
Ping: 30.737 ms
Download: 21.39 Mbit/s
Upload: 0.88 Mbit/s
So 13. Mär 08:45:01 CET 2016
Ping: 33.69 ms
Download: 20.85 Mbit/s
Upload: 0.84 Mbit/s
So 13. Mär 09:45:01 CET 2016
Ping: 32.305 ms
Download: 18.82 Mbit/s
Upload: 0.82 Mbit/s
So 13. Mär 10:45:01 CET 2016
Ping: 51.173 ms
Download: 21.07 Mbit/s
Upload: 0.88 Mbit/s
So 13. Mär 11:45:01 CET 2016
Ping: 28.019 ms
Download: 19.17 Mbit/s
Upload: 0.83 Mbit/s
So 13. Mär 12:45:01 CET 2016
Ping: 27.254 ms
Download: 20.09 Mbit/s
Upload: 0.84 Mbit/s
So 13. Mär 13:45:01 CET 2016
Ping: 30.342 ms
Download: 20.40 Mbit/s
Upload: 0.83 Mbit/s
So 13. Mär 14:45:01 CET 2016
Ping: 32.785 ms
Download: 21.33 Mbit/s
Upload: 0.88 Mbit/s
So 13. Mär 15:45:01 CET 2016
Ping: 34.127 ms
Download: 21.43 Mbit/s
Upload: 0.78 Mbit/s
So 13. Mär 16:45:01 CET 2016
Ping: 36.165 ms
Download: 21.30 Mbit/s
Upload: 0.85 Mbit/s
So 13. Mär 17:45:01 CET 2016
Ping: 27.426 ms
Download: 21.24 Mbit/s
Upload: 0.87 Mbit/s
So 13. Mär 18:45:01 CET 2016
Ping: 33.028 ms
Download: 21.36 Mbit/s
Upload: 0.86 Mbit/s
So 13. Mär 19:45:01 CET 2016
Ping: 32.641 ms
Download: 21.42 Mbit/s
Upload: 0.87 Mbit/s
So 13. Mär 20:45:01 CET 2016
Ping: 32.776 ms
Download: 21.07 Mbit/s
Upload: 0.83 Mbit/s
So 13. Mär 21:45:01 CET 2016
Ping: 29.32 ms
Download: 20.02 Mbit/s
Upload: 0.78 Mbit/s
So 13. Mär 22:45:01 CET 2016
Ping: 29.639 ms
Download: 21.43 Mbit/s
Upload: 0.88 Mbit/s
So 13. Mär 23:45:01 CET 2016
Ping: 32.037 ms
Download: 21.31 Mbit/s
Upload: 0.87 Mbit/s
Mo 14. Mär 00:45:01 CET 2016
Ping: 27.887 ms
Download: 21.45 Mbit/s
Upload: 0.87 Mbit/s
Mo 14. Mär 01:45:01 CET 2016
Ping: 29.36 ms
Download: 21.45 Mbit/s
Upload: 0.87 Mbit/s
Mo 14. Mär 02:45:01 CET 2016
Ping: 33.295 ms
Download: 21.42 Mbit/s
Upload: 0.85 Mbit/s
Mo 14. Mär 03:45:02 CET 2016
Ping: 23.711 ms
Download: 20.46 Mbit/s
Upload: 0.88 Mbit/s
Mo 14. Mär 04:45:01 CET 2016
Ping: 29.085 ms
Download: 21.43 Mbit/s
Upload: 0.87 Mbit/s
Mo 14. Mär 05:45:01 CET 2016
Ping: 29.227 ms
Download: 21.45 Mbit/s
Upload: 0.87 Mbit/s
Mo 14. Mär 06:45:01 CET 2016
Ping: 25.898 ms
Download: 21.45 Mbit/s
Upload: 0.87 Mbit/s
Mo 14. Mär 07:45:01 CET 2016
Ping: 27.324 ms
Download: 21.45 Mbit/s
Upload: 0.87 Mbit/s
Mo 14. Mär 08:45:01 CET 2016
Ping: 30.985 ms
Download: 21.45 Mbit/s
Upload: 0.88 Mbit/s
Mo 14. Mär 09:45:02 CET 2016
Ping: 29.973 ms
Download: 21.45 Mbit/s
Upload: 0.88 Mbit/s
Mo 14. Mär 10:45:01 CET 2016
Ping: 26.915 ms
Download: 20.23 Mbit/s
Upload: 0.83 Mbit/s
Mo 14. Mär 11:45:01 CET 2016
Ping: 31.282 ms
Download: 20.53 Mbit/s
Upload: 0.86 Mbit/s
Mo 14. Mär 12:45:02 CET 2016
Ping: 27.955 ms
Download: 21.46 Mbit/s
Upload: 0.86 Mbit/s
Mo 14. Mär 13:45:01 CET 2016
Ping: 35.43 ms
Download: 20.71 Mbit/s
Upload: 0.84 Mbit/s
Mo 14. Mär 14:45:01 CET 2016
Ping: 33.088 ms
Download: 19.76 Mbit/s
Upload: 0.87 Mbit/s
Mo 14. Mär 15:45:01 CET 2016
Ping: 30.756 ms
Download: 20.41 Mbit/s
Upload: 0.83 Mbit/s
Mo 14. Mär 16:45:01 CET 2016
Ping: 29.927 ms
Download: 20.68 Mbit/s
Upload: 0.86 Mbit/s
Mo 14. Mär 17:45:01 CET 2016
Ping: 30.706 ms
Download: 21.39 Mbit/s
Upload: 0.87 Mbit/s
Mo 14. Mär 18:45:01 CET 2016
Ping: 32.772 ms
Download: 21.42 Mbit/s
Upload: 0.88 Mbit/s
Mo 14. Mär 19:45:01 CET 2016
Ping: 35.287 ms
Download: 21.42 Mbit/s
Upload: 0.87 Mbit/s
Mo 14. Mär 20:45:01 CET 2016
Ping: 28.395 ms
Download: 20.65 Mbit/s
Upload: 0.85 Mbit/s
Mo 14. Mär 21:45:01 CET 2016
Ping: 28.129 ms
Download: 21.24 Mbit/s
Upload: 0.85 Mbit/s
Mo 14. Mär 22:45:01 CET 2016
Ping: 31.585 ms
Download: 21.45 Mbit/s
Upload: 0.87 Mbit/s
Mo 14. Mär 23:45:01 CET 2016
Ping: 32.078 ms
Download: 21.39 Mbit/s
Upload: 0.87 Mbit/s
Di 15. Mär 00:45:01 CET 2016
Ping: 27.547 ms
Download: 21.45 Mbit/s
Upload: 0.87 Mbit/s
Di 15. Mär 01:45:01 CET 2016
Ping: 34.237 ms
Download: 21.42 Mbit/s
Upload: 0.88 Mbit/s
Di 15. Mär 02:45:01 CET 2016
Ping: 33.58 ms
Download: 21.46 Mbit/s
Upload: 0.88 Mbit/s
Di 15. Mär 03:45:01 CET 2016
Ping: 33.195 ms
Download: 21.45 Mbit/s
Upload: 0.87 Mbit/s
Di 15. Mär 04:45:01 CET 2016
Ping: 32.659 ms
Download: 21.43 Mbit/s
Upload: 0.87 Mbit/s
Di 15. Mär 05:45:01 CET 2016
Ping: 31.501 ms
Download: 21.43 Mbit/s
Upload: 0.88 Mbit/s
Di 15. Mär 06:45:01 CET 2016
Ping: 30.265 ms
Download: 21.08 Mbit/s
Upload: 0.87 Mbit/s
Di 15. Mär 07:45:01 CET 2016
Ping: 33.597 ms
Download: 21.42 Mbit/s
Upload: 0.88 Mbit/s
Di 15. Mär 08:45:01 CET 2016
Ping: 29.37 ms
Download: 19.46 Mbit/s
Upload: 0.72 Mbit/s
Di 15. Mär 09:45:01 CET 2016
Ping: 34.049 ms
Download: 21.44 Mbit/s
Upload: 0.87 Mbit/s
Di 15. Mär 10:45:01 CET 2016
Ping: 29.989 ms
Download: 21.43 Mbit/s
Upload: 0.87 Mbit/s
Di 15. Mär 11:45:01 CET 2016
Ping: 32.674 ms
Download: 21.46 Mbit/s
Upload: 0.87 Mbit/s
Di 15. Mär 12:45:01 CET 2016
Ping: 29.978 ms
Download: 21.42 Mbit/s
Upload: 0.88 Mbit/s
Di 15. Mär 13:45:01 CET 2016
Ping: 33.794 ms
Download: 21.42 Mbit/s
Upload: 0.87 Mbit/s
Di 15. Mär 14:45:01 CET 2016
Ping: 29.389 ms
Download: 21.45 Mbit/s
Upload: 0.88 Mbit/s
Di 15. Mär 15:45:01 CET 2016
Ping: 32.977 ms
Download: 21.30 Mbit/s
Upload: 0.83 Mbit/s
Di 15. Mär 16:45:02 CET 2016
Ping: 36.265 ms
Download: 21.39 Mbit/s
Upload: 0.82 Mbit/s
Di 15. Mär 17:45:01 CET 2016
Ping: 37.094 ms
Download: 21.39 Mbit/s
Upload: 0.85 Mbit/s
Di 15. Mär 18:45:01 CET 2016
Ping: 31.542 ms
Download: 21.44 Mbit/s
Upload: 0.88 Mbit/s
Di 15. Mär 19:45:02 CET 2016
Ping: 31.149 ms
Download: 20.79 Mbit/s
Upload: 0.87 Mbit/s
Di 15. Mär 20:45:01 CET 2016
Ping: 32.827 ms
Download: 21.42 Mbit/s
Upload: 0.88 Mbit/s
Di 15. Mär 21:45:01 CET 2016
Ping: 32.123 ms
Download: 21.45 Mbit/s
Upload: 0.83 Mbit/s
Di 15. Mär 22:45:01 CET 2016
Ping: 32.676 ms
Download: 21.42 Mbit/s
Upload: 0.85 Mbit/s
Di 15. Mär 23:45:01 CET 2016
Ping: 32.464 ms
Download: 21.42 Mbit/s
Upload: 0.87 Mbit/s
Mi 16. Mär 00:45:01 CET 2016
Ping: 35.331 ms
Download: 21.42 Mbit/s
Upload: 0.88 Mbit/s
Mi 16. Mär 01:45:01 CET 2016
Ping: 32.94 ms
Download: 21.44 Mbit/s
Upload: 0.88 Mbit/s
Mi 16. Mär 02:45:01 CET 2016
Ping: 31.15 ms
Download: 21.43 Mbit/s
Upload: 0.88 Mbit/s
Mi 16. Mär 03:45:01 CET 2016
Ping: 33.714 ms
Download: 21.43 Mbit/s
Upload: 0.87 Mbit/s
Mi 16. Mär 04:45:01 CET 2016
Ping: 30.643 ms
Download: 20.07 Mbit/s
Upload: 0.88 Mbit/s
Mi 16. Mär 05:45:01 CET 2016
Ping: 35.006 ms
Download: 21.45 Mbit/s
Upload: 0.87 Mbit/s
Mi 16. Mär 06:45:01 CET 2016
Ping: 35.641 ms
Download: 21.42 Mbit/s
Upload: 0.88 Mbit/s
Mi 16. Mär 07:45:02 CET 2016
Ping: 33.64 ms
Download: 20.32 Mbit/s
Upload: 0.87 Mbit/s
Mi 16. Mär 08:45:01 CET 2016
Ping: 35.678 ms
Download: 19.74 Mbit/s
Upload: 0.77 Mbit/s
Mi 16. Mär 09:45:02 CET 2016
Ping: 35.518 ms
Download: 19.68 Mbit/s
Upload: 0.86 Mbit/s
Mi 16. Mär 10:45:01 CET 2016
Ping: 32.465 ms
Download: 21.43 Mbit/s
Upload: 0.76 Mbit/s
Mi 16. Mär 11:45:01 CET 2016
Ping: 33.407 ms
Download: 21.31 Mbit/s
Upload: 0.84 Mbit/s
Mi 16. Mär 12:45:01 CET 2016
Ping: 31.372 ms
Download: 21.35 Mbit/s
Upload: 0.84 Mbit/s
Mi 16. Mär 13:45:01 CET 2016
Ping: 29.866 ms
Download: 18.75 Mbit/s
Upload: 0.83 Mbit/s
Mi 16. Mär 14:45:01 CET 2016
Ping: 33.735 ms
Download: 20.33 Mbit/s
Upload: 0.85 Mbit/s
Mi 16. Mär 15:45:01 CET 2016
Ping: 31.245 ms
Download: 18.58 Mbit/s
Upload: 0.71 Mbit/s
Mi 16. Mär 16:45:01 CET 2016
Ping: 33.149 ms
Download: 20.91 Mbit/s
Upload: 0.87 Mbit/s
Mi 16. Mär 17:45:01 CET 2016
Ping: 36.774 ms
Download: 20.30 Mbit/s
Upload: 0.79 Mbit/s
Mi 16. Mär 18:45:01 CET 2016
Ping: 34.627 ms
Download: 21.39 Mbit/s
Upload: 0.88 Mbit/s
Mi 16. Mär 19:45:01 CET 2016
Ping: 34.815 ms
Download: 21.43 Mbit/s
Upload: 0.87 Mbit/s
Mi 16. Mär 20:45:01 CET 2016
Ping: 40.95 ms
Download: 20.04 Mbit/s
Upload: 0.80 Mbit/s
Mi 16. Mär 21:45:01 CET 2016
Ping: 33.455 ms
Download: 20.84 Mbit/s
Upload: 0.86 Mbit/s
Mi 16. Mär 22:45:01 CET 2016
Ping: 36.834 ms
Download: 18.42 Mbit/s
Upload: 0.87 Mbit/s
Mi 16. Mär 23:45:01 CET 2016
Ping: 34.568 ms
Download: 15.74 Mbit/s
Upload: 0.87 Mbit/s
Do 17. Mär 00:45:01 CET 2016
Ping: 32.709 ms
Download: 21.42 Mbit/s
Upload: 0.88 Mbit/s
Do 17. Mär 01:45:01 CET 2016
Ping: 34.56 ms
Download: 21.45 Mbit/s
Upload: 0.87 Mbit/s
Do 17. Mär 02:45:01 CET 2016
Ping: 33.473 ms
Download: 21.43 Mbit/s
Upload: 0.88 Mbit/s
Do 17. Mär 03:45:01 CET 2016
Ping: 34.496 ms
Download: 21.45 Mbit/s
Upload: 0.88 Mbit/s
Do 17. Mär 04:45:01 CET 2016
Ping: 33.732 ms
Download: 21.43 Mbit/s
Upload: 0.86 Mbit/s
Do 17. Mär 05:45:01 CET 2016
Ping: 32.56 ms
Download: 21.42 Mbit/s
Upload: 0.87 Mbit/s
Do 17. Mär 06:45:01 CET 2016
Ping: 31.503 ms
Download: 21.42 Mbit/s
Upload: 0.87 Mbit/s
Do 17. Mär 07:45:01 CET 2016
Ping: 33.412 ms
Download: 21.42 Mbit/s
Upload: 0.88 Mbit/s
Do 17. Mär 08:45:01 CET 2016
Ping: 34.516 ms
Download: 21.37 Mbit/s
Upload: 0.84 Mbit/s
Do 17. Mär 09:45:01 CET 2016
Ping: 31.663 ms
Download: 20.37 Mbit/s
Upload: 0.84 Mbit/s
Do 17. Mär 10:45:01 CET 2016
Ping: 34.262 ms
Download: 19.52 Mbit/s
Upload: 0.81 Mbit/s
Do 17. Mär 11:45:01 CET 2016
Ping: 31.468 ms
Download: 19.52 Mbit/s
Upload: 0.51 Mbit/s
Do 17. Mär 12:45:01 CET 2016
Ping: 33.431 ms
Download: 21.39 Mbit/s
Upload: 0.85 Mbit/s
Do 17. Mär 13:45:01 CET 2016
Ping: 36.931 ms
Download: 20.17 Mbit/s
Upload: 0.81 Mbit/s
Do 17. Mär 14:45:01 CET 2016
Ping: 28.773 ms
Download: 20.70 Mbit/s
Upload: 0.84 Mbit/s
Do 17. Mär 15:45:01 CET 2016
Ping: 29.775 ms
Download: 20.61 Mbit/s
Upload: 0.86 Mbit/s
Do 17. Mär 16:45:01 CET 2016
Ping: 32.502 ms
Download: 20.82 Mbit/s
Upload: 0.85 Mbit/s
Do 17. Mär 17:45:01 CET 2016
Ping: 31.674 ms
Download: 20.87 Mbit/s
Upload: 0.85 Mbit/s
Do 17. Mär 18:45:01 CET 2016
Ping: 32.43 ms
Download: 21.42 Mbit/s
Upload: 0.83 Mbit/s
Do 17. Mär 19:45:01 CET 2016
Ping: 30.881 ms
Download: 18.85 Mbit/s
Upload: 0.80 Mbit/s
Do 17. Mär 20:45:01 CET 2016
Ping: 30.309 ms
Download: 20.38 Mbit/s
Upload: 0.79 Mbit/s
Do 17. Mär 21:45:01 CET 2016
Ping: 34.052 ms
Download: 21.38 Mbit/s
Upload: 0.87 Mbit/s
Do 17. Mär 22:45:01 CET 2016
Ping: 27.315 ms
Download: 21.42 Mbit/s
Upload: 0.88 Mbit/s
Do 17. Mär 23:45:01 CET 2016
Ping: 33.412 ms
Download: 21.44 Mbit/s
Upload: 0.88 Mbit/s
Fr 18. Mär 00:45:01 CET 2016
Ping: 35.334 ms
Download: 21.42 Mbit/s
Upload: 0.87 Mbit/s
Fr 18. Mär 01:45:01 CET 2016
Ping: 32.57 ms
Download: 21.40 Mbit/s
Upload: 0.87 Mbit/s
Fr 18. Mär 02:45:01 CET 2016
Ping: 34.909 ms
Download: 21.42 Mbit/s
Upload: 0.87 Mbit/s
Fr 18. Mär 03:45:02 CET 2016
Ping: 32.639 ms
Download: 21.42 Mbit/s
Upload: 0.88 Mbit/s
Fr 18. Mär 04:45:01 CET 2016
Ping: 34.154 ms
Download: 21.16 Mbit/s
Upload: 0.88 Mbit/s
Fr 18. Mär 05:45:01 CET 2016
Ping: 31.654 ms
Download: 21.42 Mbit/s
Upload: 0.88 Mbit/s
Fr 18. Mär 06:45:01 CET 2016
Ping: 32.173 ms
Download: 21.43 Mbit/s
Upload: 0.88 Mbit/s
Fr 18. Mär 07:45:01 CET 2016
Ping: 31.147 ms
Download: 21.42 Mbit/s
Upload: 0.88 Mbit/s
Fr 18. Mär 08:45:01 CET 2016
Ping: 36.842 ms
Download: 21.42 Mbit/s
Upload: 0.76 Mbit/s
Fr 18. Mär 09:45:01 CET 2016
Ping: 32.39 ms
Download: 21.23 Mbit/s
Upload: 0.78 Mbit/s
Fr 18. Mär 10:45:01 CET 2016
Ping: 33.671 ms
Download: 21.39 Mbit/s
Upload: 0.84 Mbit/s
Fr 18. Mär 11:45:01 CET 2016
Ping: 31.67 ms
Download: 21.43 Mbit/s
Upload: 0.87 Mbit/s
Fr 18. Mär 12:45:01 CET 2016
Ping: 33.337 ms
Download: 21.45 Mbit/s
Upload: 0.87 Mbit/s
Fr 18. Mär 13:45:01 CET 2016
Ping: 32.985 ms
Download: 21.43 Mbit/s
Upload: 0.86 Mbit/s
Fr 18. Mär 14:45:01 CET 2016
Ping: 32.625 ms
Download: 21.42 Mbit/s
Upload: 0.85 Mbit/s
Fr 18. Mär 15:45:01 CET 2016
Ping: 31.629 ms
Download: 21.42 Mbit/s
Upload: 0.87 Mbit/s
Fr 18. Mär 16:45:01 CET 2016
Ping: 35.896 ms
Download: 20.95 Mbit/s
Upload: 0.88 Mbit/s
Fr 18. Mär 17:45:01 CET 2016
Ping: 36.843 ms
Download: 17.85 Mbit/s
Upload: 0.86 Mbit/s
Fr 18. Mär 18:45:01 CET 2016
Ping: 35.485 ms
Download: 20.38 Mbit/s
Upload: 0.83 Mbit/s
Fr 18. Mär 19:45:01 CET 2016
Ping: 34.691 ms
Download: 21.41 Mbit/s
Upload: 0.84 Mbit/s
Fr 18. Mär 20:45:01 CET 2016
Ping: 32.202 ms
Download: 21.42 Mbit/s
Upload: 0.86 Mbit/s
Fr 18. Mär 21:45:01 CET 2016
Ping: 33.375 ms
Download: 20.01 Mbit/s
Upload: 0.86 Mbit/s
Fr 18. Mär 22:45:01 CET 2016
Ping: 33.029 ms
Download: 21.46 Mbit/s
Upload: 0.87 Mbit/s
Fr 18. Mär 23:45:01 CET 2016
Ping: 30.756 ms
Download: 21.43 Mbit/s
Upload: 0.88 Mbit/s
Sa 19. Mär 00:45:01 CET 2016
Ping: 31.986 ms
Download: 21.42 Mbit/s
Upload: 0.87 Mbit/s
Sa 19. Mär 01:45:01 CET 2016
Ping: 33.671 ms
Download: 21.42 Mbit/s
Upload: 0.88 Mbit/s
Sa 19. Mär 02:45:02 CET 2016
Ping: 32.876 ms
Download: 21.43 Mbit/s
Upload: 0.88 Mbit/s
Sa 19. Mär 03:45:01 CET 2016
Ping: 32.823 ms
Download: 20.41 Mbit/s
Upload: 0.88 Mbit/s
Sa 19. Mär 04:45:01 CET 2016
Ping: 32.827 ms
Download: 18.15 Mbit/s
Upload: 0.87 Mbit/s
Sa 19. Mär 05:45:01 CET 2016
Ping: 32.899 ms
Download: 19.46 Mbit/s
Upload: 0.88 Mbit/s
Sa 19. Mär 06:45:01 CET 2016
Ping: 35.09 ms
Download: 21.40 Mbit/s
Upload: 0.88 Mbit/s
Sa 19. Mär 07:45:01 CET 2016
Ping: 34.256 ms
Download: 21.39 Mbit/s
Upload: 0.88 Mbit/s
Sa 19. Mär 08:45:01 CET 2016
Ping: 32.609 ms
Download: 20.22 Mbit/s
Upload: 0.79 Mbit/s
Sa 19. Mär 09:45:02 CET 2016
Ping: 30.177 ms
Download: 21.43 Mbit/s
Upload: 0.84 Mbit/s
Sa 19. Mär 10:45:01 CET 2016
Ping: 35.887 ms
Download: 21.40 Mbit/s
Upload: 0.87 Mbit/s
Sa 19. Mär 11:45:01 CET 2016
Ping: 34.647 ms
Download: 21.44 Mbit/s
Upload: 0.76 Mbit/s
Sa 19. Mär 12:45:01 CET 2016
Ping: 35.359 ms
Download: 21.38 Mbit/s
Upload: 0.81 Mbit/s
Sa 19. Mär 13:45:01 CET 2016
Ping: 32.824 ms
Download: 20.51 Mbit/s
Upload: 0.83 Mbit/s
Sa 19. Mär 14:45:01 CET 2016
Ping: 35.463 ms
Download: 20.41 Mbit/s
Upload: 0.87 Mbit/s
Sa 19. Mär 15:45:01 CET 2016
Ping: 34.634 ms
Download: 21.42 Mbit/s
Upload: 0.84 Mbit/s
Sa 19. Mär 16:45:01 CET 2016
Ping: 30.698 ms
Download: 17.32 Mbit/s
Upload: 0.80 Mbit/s
Sa 19. Mär 17:45:01 CET 2016
Ping: 32.156 ms
Download: 21.30 Mbit/s
Upload: 0.75 Mbit/s
Sa 19. Mär 18:45:01 CET 2016
Ping: 37.108 ms
Download: 21.44 Mbit/s
Upload: 0.87 Mbit/s
Sa 19. Mär 19:45:01 CET 2016
Ping: 32.311 ms
Download: 21.18 Mbit/s
Upload: 0.65 Mbit/s
Sa 19. Mär 20:45:01 CET 2016
Ping: 32.458 ms
Download: 20.91 Mbit/s
Upload: 0.62 Mbit/s
Sa 19. Mär 21:45:01 CET 2016
Ping: 29.924 ms
Download: 20.71 Mbit/s
Upload: 0.79 Mbit/s
Sa 19. Mär 22:45:01 CET 2016
Ping: 35.709 ms
Download: 21.43 Mbit/s
Upload: 0.88 Mbit/s
Sa 19. Mär 23:45:01 CET 2016
Ping: 35.333 ms
Download: 21.42 Mbit/s
Upload: 0.87 Mbit/s
So 20. Mär 00:45:01 CET 2016
Ping: 32.156 ms
Download: 21.37 Mbit/s
Upload: 0.88 Mbit/s
So 20. Mär 01:45:01 CET 2016
Ping: 32.199 ms
Download: 19.34 Mbit/s
Upload: 0.88 Mbit/s
So 20. Mär 02:45:01 CET 2016
Ping: 32.842 ms
Download: 20.61 Mbit/s
Upload: 0.88 Mbit/s
So 20. Mär 03:45:01 CET 2016
Ping: 27.611 ms
Download: 20.14 Mbit/s
Upload: 0.88 Mbit/s
So 20. Mär 04:45:01 CET 2016
Ping: 31.155 ms
Download: 21.42 Mbit/s
Upload: 0.88 Mbit/s
So 20. Mär 05:45:01 CET 2016
Ping: 33.544 ms
Download: 21.40 Mbit/s
Upload: 0.88 Mbit/s
So 20. Mär 06:45:01 CET 2016
Ping: 33.613 ms
Download: 21.39 Mbit/s
Upload: 0.87 Mbit/s
So 20. Mär 07:45:01 CET 2016
Ping: 33.44 ms
Download: 21.42 Mbit/s
Upload: 0.88 Mbit/s
So 20. Mär 08:45:02 CET 2016
Ping: 34.026 ms
Download: 21.37 Mbit/s
Upload: 0.87 Mbit/s
So 20. Mär 09:45:01 CET 2016
Ping: 32.543 ms
Download: 17.84 Mbit/s
Upload: 0.76 Mbit/s
So 20. Mär 10:45:01 CET 2016
Ping: 35.736 ms
Download: 17.57 Mbit/s
Upload: 0.72 Mbit/s
So 20. Mär 11:45:01 CET 2016
Ping: 31.848 ms
Download: 11.77 Mbit/s
Upload: 0.87 Mbit/s
So 20. Mär 12:45:01 CET 2016
Ping: 34.86 ms
Download: 17.77 Mbit/s
Upload: 0.87 Mbit/s
So 20. Mär 13:45:01 CET 2016
Ping: 33.612 ms
Download: 20.38 Mbit/s
Upload: 0.87 Mbit/s
So 20. Mär 14:45:01 CET 2016
Ping: 32.826 ms
Download: 20.14 Mbit/s
Upload: 0.84 Mbit/s
So 20. Mär 15:45:01 CET 2016
Ping: 33.047 ms
Download: 21.04 Mbit/s
Upload: 0.75 Mbit/s
So 20. Mär 16:45:01 CET 2016
Ping: 28.013 ms
Download: 21.33 Mbit/s
Upload: 0.87 Mbit/s
So 20. Mär 17:45:01 CET 2016
Ping: 74.135 ms
Download: 15.03 Mbit/s
Upload: 0.43 Mbit/s
So 20. Mär 18:45:01 CET 2016
Ping: 32.855 ms
Download: 21.45 Mbit/s
Upload: 0.88 Mbit/s
So 20. Mär 19:45:01 CET 2016
Ping: 33.031 ms
Download: 21.42 Mbit/s
Upload: 0.88 Mbit/s
So 20. Mär 20:45:01 CET 2016
Ping: 34.312 ms
Download: 20.65 Mbit/s
Upload: 0.85 Mbit/s
So 20. Mär 21:45:01 CET 2016
Ping: 39.967 ms
Download: 20.73 Mbit/s
Upload: 0.86 Mbit/s
So 20. Mär 22:45:01 CET 2016
Ping: 35.31 ms
Download: 21.45 Mbit/s
Upload: 0.88 Mbit/s
So 20. Mär 23:45:01 CET 2016
Ping: 31.775 ms
Download: 21.44 Mbit/s
Upload: 0.88 Mbit/s
Mo 21. Mär 00:45:01 CET 2016
Ping: 30.647 ms
Download: 21.42 Mbit/s
Upload: 0.87 Mbit/s
Mo 21. Mär 01:45:01 CET 2016
Ping: 34.708 ms
Download: 21.39 Mbit/s
Upload: 0.88 Mbit/s
Mo 21. Mär 02:45:01 CET 2016
Ping: 33.38 ms
Download: 21.43 Mbit/s
Upload: 0.88 Mbit/s
Mo 21. Mär 03:45:01 CET 2016
Ping: 32.888 ms
Download: 20.29 Mbit/s
Upload: 0.87 Mbit/s
Mo 21. Mär 04:45:01 CET 2016
Ping: 34.563 ms
Download: 20.99 Mbit/s
Upload: 0.88 Mbit/s
Mo 21. Mär 05:45:01 CET 2016
Ping: 31.646 ms
Download: 21.42 Mbit/s
Upload: 0.88 Mbit/s
Mo 21. Mär 06:45:01 CET 2016
Ping: 30.133 ms
Download: 21.45 Mbit/s
Upload: 0.88 Mbit/s
Mo 21. Mär 07:45:01 CET 2016
Ping: 35.102 ms
Download: 21.42 Mbit/s
Upload: 0.88 Mbit/s
Mo 21. Mär 08:45:01 CET 2016
Ping: 34.855 ms
Download: 21.43 Mbit/s
Upload: 0.88 Mbit/s
Mo 21. Mär 09:45:01 CET 2016
Ping: 31.955 ms
Download: 21.42 Mbit/s
Upload: 0.87 Mbit/s
Mo 21. Mär 10:45:01 CET 2016
Ping: 31.435 ms
Download: 21.46 Mbit/s
Upload: 0.88 Mbit/s
Mo 21. Mär 11:45:01 CET 2016
Ping: 33.182 ms
Download: 21.43 Mbit/s
Upload: 0.87 Mbit/s
Mo 21. Mär 12:45:01 CET 2016
Ping: 33.919 ms
Download: 21.45 Mbit/s
Upload: 0.87 Mbit/s
Mo 21. Mär 13:45:01 CET 2016
Ping: 31.519 ms
Download: 21.43 Mbit/s
Upload: 0.81 Mbit/s
Mo 21. Mär 14:45:01 CET 2016
Ping: 33.964 ms
Download: 21.08 Mbit/s
Upload: 0.83 Mbit/s
Mo 21. Mär 15:45:01 CET 2016
Ping: 32.777 ms
Download: 20.09 Mbit/s
Upload: 0.84 Mbit/s
Mo 21. Mär 16:45:01 CET 2016
Ping: 35.542 ms
Download: 20.96 Mbit/s
Upload: 0.75 Mbit/s
Mo 21. Mär 17:45:01 CET 2016
Ping: 35.381 ms
Download: 21.42 Mbit/s
Upload: 0.87 Mbit/s
Mo 21. Mär 18:45:01 CET 2016
Ping: 30.473 ms
Download: 21.39 Mbit/s
Upload: 0.87 Mbit/s
Mo 21. Mär 19:45:02 CET 2016
Ping: 31.013 ms
Download: 21.39 Mbit/s
Upload: 0.88 Mbit/s
Mo 21. Mär 20:45:01 CET 2016
Ping: 27.708 ms
Download: 20.27 Mbit/s
Upload: 0.80 Mbit/s
Mo 21. Mär 21:45:01 CET 2016
Ping: 31.266 ms
Download: 21.34 Mbit/s
Upload: 0.80 Mbit/s
Mo 21. Mär 22:45:01 CET 2016
Ping: 30.96 ms
Download: 21.42 Mbit/s
Upload: 0.87 Mbit/s
Mo 21. Mär 23:45:01 CET 2016
Ping: 30.582 ms
Download: 21.42 Mbit/s
Upload: 0.88 Mbit/s
Di 22. Mär 00:45:01 CET 2016
Ping: 30.337 ms
Download: 21.36 Mbit/s
Upload: 0.88 Mbit/s
Di 22. Mär 01:45:01 CET 2016
Ping: 31.133 ms
Download: 21.43 Mbit/s
Upload: 0.88 Mbit/s
Di 22. Mär 02:45:01 CET 2016
Ping: 28.058 ms
Download: 21.38 Mbit/s
Upload: 0.88 Mbit/s
Di 22. Mär 03:45:01 CET 2016
Ping: 31.434 ms
Download: 20.12 Mbit/s
Upload: 0.88 Mbit/s
Di 22. Mär 04:45:01 CET 2016
Ping: 29.64 ms
Download: 21.38 Mbit/s
Upload: 0.88 Mbit/s
Di 22. Mär 05:45:01 CET 2016
Ping: 30.59 ms
Download: 20.12 Mbit/s
Upload: 0.88 Mbit/s
Di 22. Mär 06:45:01 CET 2016
Ping: 35.75 ms
Download: 20.28 Mbit/s
Upload: 0.86 Mbit/s
Di 22. Mär 07:45:01 CET 2016
Ping: 30.908 ms
Download: 21.38 Mbit/s
Upload: 0.87 Mbit/s
Di 22. Mär 08:45:01 CET 2016
Ping: 33.815 ms
Download: 21.34 Mbit/s
Upload: 0.88 Mbit/s
Di 22. Mär 09:45:01 CET 2016
Ping: 29.375 ms
Download: 20.86 Mbit/s
Upload: 0.87 Mbit/s
Di 22. Mär 10:45:01 CET 2016
Ping: 30.108 ms
Download: 21.45 Mbit/s
Upload: 0.87 Mbit/s
Di 22. Mär 11:45:01 CET 2016
Ping: 31.975 ms
Download: 21.34 Mbit/s
Upload: 0.87 Mbit/s
Di 22. Mär 12:45:01 CET 2016
Ping: 31.05 ms
Download: 21.13 Mbit/s
Upload: 0.78 Mbit/s
Di 22. Mär 13:45:01 CET 2016
Ping: 33.903 ms
Download: 20.74 Mbit/s
Upload: 0.88 Mbit/s
Di 22. Mär 14:45:01 CET 2016
Ping: 33.152 ms
Download: 21.18 Mbit/s
Upload: 0.86 Mbit/s
Di 22. Mär 15:45:01 CET 2016
Ping: 30.658 ms
Download: 2.38 Mbit/s
Upload: 0.86 Mbit/s
Di 22. Mär 16:45:01 CET 2016
Ping: 30.937 ms
Download: 21.31 Mbit/s
Upload: 0.88 Mbit/s
Di 22. Mär 17:45:01 CET 2016
Ping: 32.471 ms
Download: 21.39 Mbit/s
Upload: 0.88 Mbit/s
Di 22. Mär 18:45:01 CET 2016
Ping: 30.956 ms
Download: 21.45 Mbit/s
Upload: 0.88 Mbit/s
Di 22. Mär 19:45:01 CET 2016
Ping: 31.83 ms
Download: 20.87 Mbit/s
Upload: 0.87 Mbit/s
Di 22. Mär 20:45:01 CET 2016
Ping: 32.381 ms
Download: 21.42 Mbit/s
Upload: 0.87 Mbit/s
Di 22. Mär 21:45:01 CET 2016
Ping: 29.188 ms
Download: 20.38 Mbit/s
Upload: 0.88 Mbit/s
Di 22. Mär 22:45:01 CET 2016
Ping: 30.029 ms
Download: 21.34 Mbit/s
Upload: 0.88 Mbit/s
Di 22. Mär 23:45:01 CET 2016
Ping: 31.369 ms
Download: 21.42 Mbit/s
Upload: 0.88 Mbit/s
Mi 23. Mär 00:45:02 CET 2016
Ping: 33.342 ms
Download: 21.31 Mbit/s
Upload: 0.88 Mbit/s
Mi 23. Mär 01:45:01 CET 2016
Ping: 33.356 ms
Download: 20.61 Mbit/s
Upload: 0.88 Mbit/s
Mi 23. Mär 02:45:01 CET 2016
Ping: 33.265 ms
Download: 21.42 Mbit/s
Upload: 0.87 Mbit/s
Mi 23. Mär 03:45:01 CET 2016
Ping: 33.78 ms
Download: 21.38 Mbit/s
Upload: 0.89 Mbit/s
Mi 23. Mär 04:45:01 CET 2016
Ping: 29.191 ms
Download: 21.43 Mbit/s
Upload: 0.88 Mbit/s
Mi 23. Mär 05:45:01 CET 2016
Ping: 31.511 ms
Download: 19.84 Mbit/s
Upload: 0.88 Mbit/s
Mi 23. Mär 06:45:01 CET 2016
Ping: 33.19 ms
Download: 21.45 Mbit/s
Upload: 0.88 Mbit/s
Mi 23. Mär 07:45:01 CET 2016
Ping: 32.899 ms
Download: 21.42 Mbit/s
Upload: 0.83 Mbit/s
Mi 23. Mär 08:45:01 CET 2016
Ping: 33.928 ms
Download: 20.86 Mbit/s
Upload: 0.75 Mbit/s
Mi 23. Mär 09:45:01 CET 2016
Ping: 31.909 ms
Download: 19.68 Mbit/s
Upload: 0.78 Mbit/s
Mi 23. Mär 10:45:01 CET 2016
Ping: 31.297 ms
Download: 21.45 Mbit/s
Upload: 0.87 Mbit/s
Mi 23. Mär 11:45:01 CET 2016
Ping: 30.458 ms
Download: 20.98 Mbit/s
Upload: 0.79 Mbit/s
Mi 23. Mär 12:45:01 CET 2016
Ping: 36.014 ms
Download: 21.39 Mbit/s
Upload: 0.87 Mbit/s
Mi 23. Mär 13:45:01 CET 2016
Ping: 31.605 ms
Download: 19.62 Mbit/s
Upload: 0.86 Mbit/s
Mi 23. Mär 14:45:01 CET 2016
Ping: 30.373 ms
Download: 20.46 Mbit/s
Upload: 0.87 Mbit/s
Mi 23. Mär 15:45:01 CET 2016
Ping: 35.129 ms
Download: 21.39 Mbit/s
Upload: 0.88 Mbit/s
Mi 23. Mär 16:45:01 CET 2016
Ping: 31.422 ms
Download: 21.43 Mbit/s
Upload: 0.88 Mbit/s
Mi 23. Mär 17:45:01 CET 2016
Ping: 36.03 ms
Download: 21.32 Mbit/s
Upload: 0.87 Mbit/s
Mi 23. Mär 18:45:01 CET 2016
Ping: 30.401 ms
Download: 21.41 Mbit/s
Upload: 0.86 Mbit/s
Mi 23. Mär 19:45:01 CET 2016
Ping: 33.856 ms
Download: 21.42 Mbit/s
Upload: 0.88 Mbit/s
Mi 23. Mär 20:45:01 CET 2016
Ping: 34.216 ms
Download: 19.07 Mbit/s
Upload: 0.84 Mbit/s
Mi 23. Mär 21:45:01 CET 2016
Ping: 30.525 ms
Download: 19.01 Mbit/s
Upload: 0.84 Mbit/s
Mi 23. Mär 22:45:01 CET 2016
Ping: 31.492 ms
Download: 21.44 Mbit/s
Upload: 0.87 Mbit/s
Mi 23. Mär 23:45:01 CET 2016
Ping: 32.926 ms
Download: 21.45 Mbit/s
Upload: 0.88 Mbit/s
Do 24. Mär 00:45:01 CET 2016
Ping: 31.679 ms
Download: 21.44 Mbit/s
Upload: 0.87 Mbit/s
Do 24. Mär 01:45:01 CET 2016
Ping: 31.316 ms
Download: 12.59 Mbit/s
Upload: 0.88 Mbit/s
Do 24. Mär 02:45:01 CET 2016
Ping: 33.621 ms
Download: 21.45 Mbit/s
Upload: 0.88 Mbit/s
Do 24. Mär 03:45:01 CET 2016
Ping: 32.385 ms
Download: 19.64 Mbit/s
Upload: 0.88 Mbit/s
Do 24. Mär 04:45:01 CET 2016
Ping: 30.412 ms
Download: 21.45 Mbit/s
Upload: 0.88 Mbit/s
Do 24. Mär 05:45:02 CET 2016
Ping: 31.699 ms
Download: 21.42 Mbit/s
Upload: 0.88 Mbit/s
Do 24. Mär 06:45:01 CET 2016
Ping: 29.383 ms
Download: 21.39 Mbit/s
Upload: 0.88 Mbit/s
Do 24. Mär 07:45:01 CET 2016
Ping: 33.518 ms
Download: 21.30 Mbit/s
Upload: 0.87 Mbit/s
Do 24. Mär 08:45:01 CET 2016
Ping: 29.045 ms
Download: 18.55 Mbit/s
Upload: 0.74 Mbit/s
Do 24. Mär 09:45:01 CET 2016
Ping: 30.277 ms
Download: 17.57 Mbit/s
Upload: 0.75 Mbit/s
Do 24. Mär 10:45:01 CET 2016
Ping: 29.321 ms
Download: 21.20 Mbit/s
Upload: 0.87 Mbit/s
Do 24. Mär 11:45:01 CET 2016
Ping: 29.792 ms
Download: 21.35 Mbit/s
Upload: 0.87 Mbit/s
Do 24. Mär 12:45:01 CET 2016
Ping: 30.035 ms
Download: 21.34 Mbit/s
Upload: 0.83 Mbit/s
Do 24. Mär 13:45:01 CET 2016
Ping: 32.894 ms
Download: 19.94 Mbit/s
Upload: 0.88 Mbit/s
Do 24. Mär 14:45:02 CET 2016
Ping: 29.637 ms
Download: 20.38 Mbit/s
Upload: 0.85 Mbit/s
Do 24. Mär 15:45:01 CET 2016
Ping: 31.602 ms
Download: 21.43 Mbit/s
Upload: 0.85 Mbit/s
Do 24. Mär 16:45:01 CET 2016
Ping: 34.536 ms
Download: 21.43 Mbit/s
Upload: 0.87 Mbit/s
Do 24. Mär 17:45:01 CET 2016
Ping: 29.649 ms
Download: 21.05 Mbit/s
Upload: 0.81 Mbit/s
Do 24. Mär 18:45:01 CET 2016
Ping: 31.428 ms
Download: 21.43 Mbit/s
Upload: 0.88 Mbit/s
Do 24. Mär 19:45:01 CET 2016
Ping: 29.64 ms
Download: 19.41 Mbit/s
Upload: 0.86 Mbit/s
Do 24. Mär 20:45:01 CET 2016
Ping: 32.467 ms
Download: 18.79 Mbit/s
Upload: 0.70 Mbit/s
Do 24. Mär 21:45:01 CET 2016
Ping: 32.778 ms
Download: 13.91 Mbit/s
Upload: 0.86 Mbit/s
Do 24. Mär 22:45:01 CET 2016
Ping: 31.495 ms
Download: 21.43 Mbit/s
Upload: 0.87 Mbit/s
Do 24. Mär 23:45:01 CET 2016
Ping: 32.368 ms
Download: 21.34 Mbit/s
Upload: 0.88 Mbit/s
Fr 25. Mär 00:45:01 CET 2016
Ping: 33.578 ms
Download: 21.46 Mbit/s
Upload: 0.87 Mbit/s
Fr 25. Mär 01:45:01 CET 2016
Ping: 34.118 ms
Download: 21.42 Mbit/s
Upload: 0.88 Mbit/s
Fr 25. Mär 02:45:01 CET 2016
Ping: 33.303 ms
Download: 21.34 Mbit/s
Upload: 0.88 Mbit/s
Fr 25. Mär 03:45:01 CET 2016
Ping: 32.157 ms
Download: 21.44 Mbit/s
Upload: 0.88 Mbit/s
Fr 25. Mär 04:45:01 CET 2016
Ping: 32.239 ms
Download: 21.32 Mbit/s
Upload: 0.87 Mbit/s
Fr 25. Mär 05:45:01 CET 2016
Ping: 31.773 ms
Download: 21.38 Mbit/s
Upload: 0.88 Mbit/s
Fr 25. Mär 06:45:01 CET 2016
Ping: 38.719 ms
Download: 20.60 Mbit/s
Upload: 0.88 Mbit/s
Fr 25. Mär 07:45:01 CET 2016
Ping: 32.102 ms
Download: 18.32 Mbit/s
Upload: 0.83 Mbit/s
Fr 25. Mär 08:45:01 CET 2016
Ping: 33.272 ms
Download: 21.25 Mbit/s
Upload: 0.87 Mbit/s
Fr 25. Mär 09:45:01 CET 2016
Ping: 32.9 ms
Download: 21.33 Mbit/s
Upload: 0.86 Mbit/s
Fr 25. Mär 10:45:01 CET 2016
Ping: 29.496 ms
Download: 18.88 Mbit/s
Upload: 0.81 Mbit/s
Fr 25. Mär 11:45:01 CET 2016
Ping: 28.619 ms
Download: 20.79 Mbit/s
Upload: 0.86 Mbit/s
Fr 25. Mär 12:45:01 CET 2016
Ping: 34.712 ms
Download: 21.27 Mbit/s
Upload: 0.88 Mbit/s
Fr 25. Mär 13:45:01 CET 2016
Ping: 30.531 ms
Download: 20.96 Mbit/s
Upload: 0.77 Mbit/s
Fr 25. Mär 14:45:01 CET 2016
Ping: 29.239 ms
Download: 19.81 Mbit/s
Upload: 0.73 Mbit/s
Fr 25. Mär 15:45:02 CET 2016
Ping: 29.688 ms
Download: 20.79 Mbit/s
Upload: 0.87 Mbit/s
Fr 25. Mär 16:45:01 CET 2016
Ping: 32.448 ms
Download: 21.31 Mbit/s
Upload: 0.88 Mbit/s
Fr 25. Mär 17:45:01 CET 2016
Ping: 31.536 ms
Download: 20.99 Mbit/s
Upload: 0.87 Mbit/s
Fr 25. Mär 18:45:01 CET 2016
Ping: 30.736 ms
Download: 21.21 Mbit/s
Upload: 0.88 Mbit/s
Fr 25. Mär 19:45:01 CET 2016
Ping: 31.307 ms
Download: 20.28 Mbit/s
Upload: 0.88 Mbit/s
Fr 25. Mär 20:45:01 CET 2016
Ping: 34.108 ms
Download: 21.39 Mbit/s
Upload: 0.88 Mbit/s
Fr 25. Mär 21:45:01 CET 2016
Ping: 33.115 ms
Download: 21.32 Mbit/s
Upload: 0.87 Mbit/s
Fr 25. Mär 22:45:01 CET 2016
Ping: 33.8 ms
Download: 21.42 Mbit/s
Upload: 0.88 Mbit/s
Fr 25. Mär 23:45:01 CET 2016
Ping: 30.603 ms
Download: 19.02 Mbit/s
Upload: 0.84 Mbit/s
Sa 26. Mär 00:45:02 CET 2016
Ping: 32.387 ms
Download: 21.42 Mbit/s
Upload: 0.88 Mbit/s
Sa 26. Mär 01:45:01 CET 2016
Ping: 30.795 ms
Download: 21.42 Mbit/s
Upload: 0.88 Mbit/s
Sa 26. Mär 02:45:01 CET 2016
Ping: 32.874 ms
Download: 19.84 Mbit/s
Upload: 0.88 Mbit/s
Sa 26. Mär 03:45:01 CET 2016
Ping: 32.36 ms
Download: 21.42 Mbit/s
Upload: 0.87 Mbit/s
Sa 26. Mär 04:45:01 CET 2016
Ping: 31.641 ms
Download: 20.41 Mbit/s
Upload: 0.88 Mbit/s
Sa 26. Mär 05:45:01 CET 2016
Ping: 31.701 ms
Download: 21.43 Mbit/s
Upload: 0.87 Mbit/s
Sa 26. Mär 06:45:01 CET 2016
Ping: 30.385 ms
Download: 21.36 Mbit/s
Upload: 0.88 Mbit/s
Sa 26. Mär 07:45:01 CET 2016
Ping: 33.535 ms
Download: 21.31 Mbit/s
Upload: 0.88 Mbit/s
Sa 26. Mär 08:45:01 CET 2016
Ping: 32.409 ms
Download: 21.07 Mbit/s
Upload: 0.75 Mbit/s
Sa 26. Mär 09:45:01 CET 2016
Ping: 32.14 ms
Download: 20.79 Mbit/s
Upload: 0.88 Mbit/s
Sa 26. Mär 10:45:01 CET 2016
Ping: 33.343 ms
Download: 19.14 Mbit/s
Upload: 0.85 Mbit/s
Sa 26. Mär 11:45:01 CET 2016
Ping: 31.744 ms
Download: 21.42 Mbit/s
Upload: 0.88 Mbit/s
Sa 26. Mär 12:45:01 CET 2016
Ping: 33.427 ms
Download: 19.97 Mbit/s
Upload: 0.87 Mbit/s
Sa 26. Mär 13:45:01 CET 2016
Ping: 36.913 ms
Download: 20.10 Mbit/s
Upload: 0.72 Mbit/s
Sa 26. Mär 14:45:01 CET 2016
Ping: 34.492 ms
Download: 17.35 Mbit/s
Upload: 0.78 Mbit/s
Sa 26. Mär 15:45:01 CET 2016
Ping: 33.486 ms
Download: 19.89 Mbit/s
Upload: 0.81 Mbit/s
Sa 26. Mär 16:45:01 CET 2016
Ping: 33.842 ms
Download: 21.43 Mbit/s
Upload: 0.88 Mbit/s
Sa 26. Mär 17:45:01 CET 2016
Ping: 31.683 ms
Download: 21.42 Mbit/s
Upload: 0.88 Mbit/s
Sa 26. Mär 18:45:01 CET 2016
Ping: 32.424 ms
Download: 21.19 Mbit/s
Upload: 0.88 Mbit/s
Sa 26. Mär 19:45:01 CET 2016
Ping: 31.504 ms
Download: 21.28 Mbit/s
Upload: 0.87 Mbit/s
Sa 26. Mär 20:45:01 CET 2016
Ping: 41.803 ms
Download: 21.39 Mbit/s
Upload: 0.88 Mbit/s
Sa 26. Mär 21:45:01 CET 2016
Ping: 34.454 ms
Download: 21.02 Mbit/s
Upload: 0.88 Mbit/s
Sa 26. Mär 22:45:01 CET 2016
Ping: 34.676 ms
Download: 21.42 Mbit/s
Upload: 0.88 Mbit/s
Sa 26. Mär 23:45:01 CET 2016
Ping: 32.611 ms
Download: 21.43 Mbit/s
Upload: 0.88 Mbit/s
So 27. Mär 00:45:01 CET 2016
Ping: 34.727 ms
Download: 21.16 Mbit/s
Upload: 0.88 Mbit/s
So 27. Mär 01:45:01 CET 2016
Ping: 33.277 ms
Download: 21.45 Mbit/s
Upload: 0.88 Mbit/s
So 27. Mär 03:45:01 CEST 2016
Ping: 35.157 ms
Download: 20.71 Mbit/s
Upload: 0.87 Mbit/s
So 27. Mär 04:45:01 CEST 2016
Ping: 32.182 ms
Download: 21.44 Mbit/s
Upload: 0.88 Mbit/s
So 27. Mär 05:45:01 CEST 2016
Ping: 30.199 ms
Download: 21.45 Mbit/s
Upload: 0.87 Mbit/s
So 27. Mär 06:45:01 CEST 2016
Ping: 33.253 ms
Download: 21.34 Mbit/s
Upload: 0.88 Mbit/s
So 27. Mär 07:45:01 CEST 2016
Ping: 33.075 ms
Download: 20.87 Mbit/s
Upload: 0.87 Mbit/s
So 27. Mär 08:45:01 CEST 2016
Ping: 29.744 ms
Download: 21.45 Mbit/s
Upload: 0.88 Mbit/s
So 27. Mär 09:45:01 CEST 2016
Ping: 30.292 ms
Download: 18.82 Mbit/s
Upload: 0.85 Mbit/s
So 27. Mär 10:45:01 CEST 2016
Ping: 31.154 ms
Download: 20.33 Mbit/s
Upload: 0.76 Mbit/s
So 27. Mär 11:45:01 CEST 2016
Ping: 31.981 ms
Download: 21.43 Mbit/s
Upload: 0.87 Mbit/s
So 27. Mär 12:45:01 CEST 2016
Ping: 32.374 ms
Download: 20.45 Mbit/s
Upload: 0.83 Mbit/s
So 27. Mär 13:45:01 CEST 2016
Ping: 36.326 ms
Download: 21.38 Mbit/s
Upload: 0.88 Mbit/s
So 27. Mär 14:45:01 CEST 2016
Ping: 33.179 ms
Download: 21.10 Mbit/s
Upload: 0.88 Mbit/s
So 27. Mär 15:45:01 CEST 2016
Ping: 33.788 ms
Download: 21.45 Mbit/s
Upload: 0.76 Mbit/s
So 27. Mär 16:45:01 CEST 2016
Ping: 35.882 ms
Download: 21.44 Mbit/s
Upload: 0.87 Mbit/s
So 27. Mär 17:45:01 CEST 2016
Ping: 32.535 ms
Download: 20.62 Mbit/s
Upload: 0.81 Mbit/s
So 27. Mär 18:45:01 CEST 2016
Ping: 33.004 ms
Download: 19.85 Mbit/s
Upload: 0.73 Mbit/s
So 27. Mär 19:45:01 CEST 2016
Ping: 33.111 ms
Download: 18.68 Mbit/s
Upload: 0.76 Mbit/s
So 27. Mär 20:45:01 CEST 2016
Ping: 33.129 ms
Download: 2.97 Mbit/s
Upload: 0.88 Mbit/s
So 27. Mär 21:45:01 CEST 2016
Ping: 32.366 ms
Download: 21.22 Mbit/s
Upload: 0.87 Mbit/s
So 27. Mär 22:45:01 CEST 2016
Ping: 33.008 ms
Download: 21.42 Mbit/s
Upload: 0.87 Mbit/s
So 27. Mär 23:45:01 CEST 2016
Ping: 32.55 ms
Download: 21.22 Mbit/s
Upload: 0.87 Mbit/s
Mo 28. Mär 00:45:01 CEST 2016
Ping: 30.911 ms
Download: 21.42 Mbit/s
Upload: 0.88 Mbit/s
Mo 28. Mär 01:45:01 CEST 2016
Ping: 28.08 ms
Download: 21.43 Mbit/s
Upload: 0.88 Mbit/s
Mo 28. Mär 02:45:01 CEST 2016
Ping: 32.929 ms
Download: 19.61 Mbit/s
Upload: 0.87 Mbit/s
Mo 28. Mär 03:45:01 CEST 2016
Ping: 29.849 ms
Download: 20.22 Mbit/s
Upload: 0.87 Mbit/s
Mo 28. Mär 04:45:01 CEST 2016
Ping: 30.211 ms
Download: 21.46 Mbit/s
Upload: 0.88 Mbit/s
Mo 28. Mär 05:45:01 CEST 2016
Ping: 30.407 ms
Download: 19.86 Mbit/s
Upload: 0.87 Mbit/s
Mo 28. Mär 06:45:01 CEST 2016
Ping: 30.112 ms
Download: 21.40 Mbit/s
Upload: 0.89 Mbit/s
Mo 28. Mär 07:45:01 CEST 2016
Ping: 29.917 ms
Download: 21.10 Mbit/s
Upload: 0.88 Mbit/s
Mo 28. Mär 08:45:01 CEST 2016
Ping: 29.762 ms
Download: 21.33 Mbit/s
Upload: 0.88 Mbit/s
Mo 28. Mär 09:45:01 CEST 2016
Ping: 30.411 ms
Download: 21.42 Mbit/s
Upload: 0.87 Mbit/s
Mo 28. Mär 10:45:01 CEST 2016
Ping: 30.363 ms
Download: 19.76 Mbit/s
Upload: 0.87 Mbit/s
Mo 28. Mär 11:45:01 CEST 2016
Ping: 29.282 ms
Download: 21.43 Mbit/s
Upload: 0.87 Mbit/s
Mo 28. Mär 12:45:01 CEST 2016
Ping: 30.614 ms
Download: 21.45 Mbit/s
Upload: 0.87 Mbit/s
Mo 28. Mär 13:45:01 CEST 2016
Ping: 33.072 ms
Download: 19.49 Mbit/s
Upload: 0.87 Mbit/s
Mo 28. Mär 14:45:01 CEST 2016
Ping: 30.224 ms
Download: 21.29 Mbit/s
Upload: 0.88 Mbit/s
Mo 28. Mär 15:45:01 CEST 2016
Ping: 36.227 ms
Download: 21.46 Mbit/s
Upload: 0.87 Mbit/s
Mo 28. Mär 16:45:01 CEST 2016
Ping: 32.951 ms
Download: 21.22 Mbit/s
Upload: 0.88 Mbit/s
Mo 28. Mär 17:45:01 CEST 2016
Ping: 33.014 ms
Download: 21.16 Mbit/s
Upload: 0.84 Mbit/s
Mo 28. Mär 18:45:01 CEST 2016
Ping: 33.102 ms
Download: 21.33 Mbit/s
Upload: 0.87 Mbit/s
Mo 28. Mär 19:45:01 CEST 2016
Ping: 33.054 ms
Download: 20.73 Mbit/s
Upload: 0.76 Mbit/s
Mo 28. Mär 20:45:01 CEST 2016
Ping: 34.047 ms
Download: 21.21 Mbit/s
Upload: 0.85 Mbit/s
Mo 28. Mär 21:45:01 CEST 2016
Ping: 28.791 ms
Download: 21.42 Mbit/s
Upload: 0.88 Mbit/s
Mo 28. Mär 22:45:01 CEST 2016
Ping: 29.463 ms
Download: 20.99 Mbit/s
Upload: 0.87 Mbit/s
Mo 28. Mär 23:45:01 CEST 2016
Ping: 34.06 ms
Download: 21.39 Mbit/s
Upload: 0.84 Mbit/s
Di 29. Mär 00:45:01 CEST 2016
Ping: 28.622 ms
Download: 21.43 Mbit/s
Upload: 0.88 Mbit/s
Di 29. Mär 01:45:01 CEST 2016
Ping: 28.421 ms
Download: 19.61 Mbit/s
Upload: 0.87 Mbit/s
Di 29. Mär 02:45:01 CEST 2016
Ping: 33.427 ms
Download: 21.41 Mbit/s
Upload: 0.87 Mbit/s
Di 29. Mär 03:45:01 CEST 2016
Ping: 31.393 ms
Download: 19.91 Mbit/s
Upload: 0.88 Mbit/s
Di 29. Mär 04:45:01 CEST 2016
Ping: 29.718 ms
Download: 21.38 Mbit/s
Upload: 0.88 Mbit/s
Di 29. Mär 05:45:01 CEST 2016
Ping: 31.099 ms
Download: 20.77 Mbit/s
Upload: 0.88 Mbit/s
Di 29. Mär 06:45:01 CEST 2016
Ping: 38.253 ms
Download: 21.43 Mbit/s
Upload: 0.86 Mbit/s
Di 29. Mär 07:45:01 CEST 2016
Ping: 30.432 ms
Download: 21.39 Mbit/s
Upload: 0.87 Mbit/s
Di 29. Mär 08:45:01 CEST 2016
Ping: 27.69 ms
Download: 20.93 Mbit/s
Upload: 0.62 Mbit/s
Di 29. Mär 09:45:01 CEST 2016
Ping: 31.793 ms
Download: 21.28 Mbit/s
Upload: 0.85 Mbit/s
Di 29. Mär 10:45:01 CEST 2016
Ping: 30.528 ms
Download: 20.95 Mbit/s
Upload: 0.88 Mbit/s
Di 29. Mär 11:45:01 CEST 2016
Ping: 29.944 ms
Download: 11.12 Mbit/s
Upload: 0.76 Mbit/s
Di 29. Mär 12:45:02 CEST 2016
Ping: 29.734 ms
Download: 18.45 Mbit/s
Upload: 0.74 Mbit/s
Di 29. Mär 13:45:01 CEST 2016
Ping: 31.687 ms
Download: 20.79 Mbit/s
Upload: 0.60 Mbit/s
Di 29. Mär 14:45:01 CEST 2016
Ping: 31.137 ms
Download: 21.40 Mbit/s
Upload: 0.88 Mbit/s
Di 29. Mär 15:45:01 CEST 2016
Ping: 34.318 ms
Download: 21.44 Mbit/s
Upload: 0.88 Mbit/s
Di 29. Mär 16:45:01 CEST 2016
Ping: 27.728 ms
Download: 20.61 Mbit/s
Upload: 0.81 Mbit/s
Di 29. Mär 17:45:01 CEST 2016
Ping: 35.443 ms
Download: 21.01 Mbit/s
Upload: 0.70 Mbit/s
Di 29. Mär 18:45:01 CEST 2016
Ping: 27.451 ms
Download: 21.36 Mbit/s
Upload: 0.87 Mbit/s
Di 29. Mär 19:45:01 CEST 2016
Ping: 34.962 ms
Download: 21.44 Mbit/s
Upload: 0.87 Mbit/s
Di 29. Mär 20:45:01 CEST 2016
Ping: 32.154 ms
Download: 17.44 Mbit/s
Upload: 0.87 Mbit/s
Di 29. Mär 21:45:01 CEST 2016
Ping: 31.141 ms
Download: 20.74 Mbit/s
Upload: 0.83 Mbit/s
Di 29. Mär 22:45:01 CEST 2016
Ping: 33.3 ms
Download: 21.34 Mbit/s
Upload: 0.87 Mbit/s
Di 29. Mär 23:45:01 CEST 2016
Ping: 33.244 ms
Download: 21.39 Mbit/s
Upload: 0.86 Mbit/s
Mi 30. Mär 00:45:01 CEST 2016
Ping: 31.379 ms
Download: 21.43 Mbit/s
Upload: 0.87 Mbit/s
Mi 30. Mär 01:45:01 CEST 2016
Ping: 27.177 ms
Download: 21.21 Mbit/s
Upload: 0.88 Mbit/s
Mi 30. Mär 02:45:01 CEST 2016
Ping: 32.193 ms
Download: 21.42 Mbit/s
Upload: 0.89 Mbit/s
Mi 30. Mär 03:45:01 CEST 2016
Ping: 32.915 ms
Download: 21.42 Mbit/s
Upload: 0.87 Mbit/s
Mi 30. Mär 04:45:01 CEST 2016
Ping: 29.043 ms
Download: 20.40 Mbit/s
Upload: 0.87 Mbit/s
Mi 30. Mär 05:45:01 CEST 2016
Ping: 31.641 ms
Download: 21.42 Mbit/s
Upload: 0.86 Mbit/s
Mi 30. Mär 06:45:01 CEST 2016
Ping: 32.402 ms
Download: 21.43 Mbit/s
Upload: 0.87 Mbit/s
Mi 30. Mär 07:45:01 CEST 2016
Ping: 32.484 ms
Download: 21.39 Mbit/s
Upload: 0.84 Mbit/s
Mi 30. Mär 08:45:01 CEST 2016
Ping: 31.718 ms
Download: 21.36 Mbit/s
Upload: 0.86 Mbit/s
Mi 30. Mär 09:45:01 CEST 2016
Ping: 32.352 ms
Download: 21.30 Mbit/s
Upload: 0.86 Mbit/s
Mi 30. Mär 10:45:01 CEST 2016
Ping: 30.183 ms
Download: 21.24 Mbit/s
Upload: 0.88 Mbit/s
Mi 30. Mär 11:45:01 CEST 2016
Ping: 28.185 ms
Download: 21.42 Mbit/s
Upload: 0.88 Mbit/s
Mi 30. Mär 12:45:01 CEST 2016
Ping: 38.027 ms
Download: 21.34 Mbit/s
Upload: 0.88 Mbit/s
Mi 30. Mär 13:45:01 CEST 2016
Ping: 28.328 ms
Download: 21.45 Mbit/s
Upload: 0.88 Mbit/s
Mi 30. Mär 14:45:01 CEST 2016
Ping: 29.363 ms
Download: 20.98 Mbit/s
Upload: 0.87 Mbit/s
Mi 30. Mär 15:45:01 CEST 2016
Ping: 28.77 ms
Download: 10.87 Mbit/s
Upload: 0.88 Mbit/s
Mi 30. Mär 16:45:01 CEST 2016
Ping: 33.62 ms
Download: 21.42 Mbit/s
Upload: 0.87 Mbit/s
Mi 30. Mär 17:45:01 CEST 2016
Ping: 29.483 ms
Download: 21.31 Mbit/s
Upload: 0.88 Mbit/s
Mi 30. Mär 18:45:01 CEST 2016
Ping: 27.859 ms
Download: 20.98 Mbit/s
Upload: 0.88 Mbit/s
Mi 30. Mär 19:45:01 CEST 2016
Ping: 32.065 ms
Download: 18.95 Mbit/s
Upload: 0.79 Mbit/s
Mi 30. Mär 20:45:01 CEST 2016
Ping: 36.608 ms
Download: 20.81 Mbit/s
Upload: 0.82 Mbit/s
Mi 30. Mär 21:45:01 CEST 2016
Ping: 31.373 ms
Download: 20.94 Mbit/s
Upload: 0.87 Mbit/s
Mi 30. Mär 22:45:01 CEST 2016
Ping: 29.986 ms
Download: 20.96 Mbit/s
Upload: 0.88 Mbit/s
Mi 30. Mär 23:45:02 CEST 2016
Ping: 33.235 ms
Download: 21.42 Mbit/s
Upload: 0.87 Mbit/s
Do 31. Mär 00:45:01 CEST 2016
Ping: 31.136 ms
Download: 21.43 Mbit/s
Upload: 0.88 Mbit/s
Do 31. Mär 01:45:01 CEST 2016
Ping: 35.394 ms
Download: 21.39 Mbit/s
Upload: 0.86 Mbit/s
Do 31. Mär 02:45:01 CEST 2016
Ping: 29.14 ms
Download: 20.96 Mbit/s
Upload: 0.88 Mbit/s
Do 31. Mär 03:45:01 CEST 2016
Ping: 29.646 ms
Download: 20.95 Mbit/s
Upload: 0.88 Mbit/s
Do 31. Mär 04:45:01 CEST 2016
Ping: 31.064 ms
Download: 21.42 Mbit/s
Upload: 0.88 Mbit/s
Do 31. Mär 05:45:01 CEST 2016
Ping: 30.97 ms
Download: 21.42 Mbit/s
Upload: 0.88 Mbit/s
Do 31. Mär 06:45:01 CEST 2016
Ping: 36.297 ms
Download: 21.42 Mbit/s
Upload: 0.86 Mbit/s
Do 31. Mär 07:45:01 CEST 2016
Ping: 30.949 ms
Download: 21.32 Mbit/s
Upload: 0.88 Mbit/s
Do 31. Mär 08:45:01 CEST 2016
Ping: 31.816 ms
Download: 21.30 Mbit/s
Upload: 0.75 Mbit/s
Do 31. Mär 09:45:01 CEST 2016
Ping: 31.204 ms
Download: 21.11 Mbit/s
Upload: 0.84 Mbit/s
Do 31. Mär 10:45:01 CEST 2016
Ping: 30.969 ms
Download: 20.70 Mbit/s
Upload: 0.81 Mbit/s
Do 31. Mär 11:45:01 CEST 2016
Ping: 28.24 ms
Download: 20.99 Mbit/s
Upload: 0.82 Mbit/s
Do 31. Mär 12:45:01 CEST 2016
Ping: 29.074 ms
Download: 20.90 Mbit/s
Upload: 0.88 Mbit/s
Do 31. Mär 13:45:01 CEST 2016
Ping: 29.497 ms
Download: 21.38 Mbit/s
Upload: 0.87 Mbit/s
Do 31. Mär 14:45:01 CEST 2016
Ping: 27.633 ms
Download: 20.95 Mbit/s
Upload: 0.86 Mbit/s
Do 31. Mär 15:45:01 CEST 2016
Ping: 31.312 ms
Download: 20.96 Mbit/s
Upload: 0.87 Mbit/s
Do 31. Mär 16:45:01 CEST 2016
Ping: 26.293 ms
Download: 20.13 Mbit/s
Upload: 0.85 Mbit/s
Do 31. Mär 17:45:01 CEST 2016
Ping: 28.757 ms
Download: 19.61 Mbit/s
Upload: 0.76 Mbit/s
Do 31. Mär 18:45:01 CEST 2016
Ping: 39.481 ms
Download: 20.30 Mbit/s
Upload: 0.87 Mbit/s
Do 31. Mär 19:45:01 CEST 2016
Ping: 34.367 ms
Download: 21.16 Mbit/s
Upload: 0.87 Mbit/s
Do 31. Mär 20:45:01 CEST 2016
Ping: 32.755 ms
Download: 20.87 Mbit/s
Upload: 0.75 Mbit/s
Do 31. Mär 21:45:01 CEST 2016
Ping: 32.647 ms
Download: 20.90 Mbit/s
Upload: 0.88 Mbit/s
Do 31. Mär 22:45:01 CEST 2016
Ping: 27.882 ms
Download: 20.60 Mbit/s
Upload: 0.88 Mbit/s
Do 31. Mär 23:45:01 CEST 2016
Ping: 28.202 ms
Download: 20.69 Mbit/s
Upload: 0.88 Mbit/s
