Tue Nov  1 00:45:02 CET 2016
Ping: 26.372 ms
Download: 21.43 Mbit/s
Upload: 0.86 Mbit/s
Tue Nov  1 01:45:01 CET 2016
Ping: 30.311 ms
Download: 21.58 Mbit/s
Upload: 0.86 Mbit/s
Tue Nov  1 02:45:01 CET 2016
Ping: 32.218 ms
Download: 21.34 Mbit/s
Upload: 0.84 Mbit/s
Tue Nov  1 03:45:01 CET 2016
Ping: 26.105 ms
Download: 21.45 Mbit/s
Upload: 0.86 Mbit/s
Tue Nov  1 04:45:01 CET 2016
Ping: 28.699 ms
Download: 21.22 Mbit/s
Upload: 0.85 Mbit/s
Tue Nov  1 05:45:01 CET 2016
Ping: 27.36 ms
Download: 21.46 Mbit/s
Upload: 0.82 Mbit/s
Tue Nov  1 06:45:01 CET 2016
Ping: 28.75 ms
Download: 21.43 Mbit/s
Upload: 0.85 Mbit/s
Tue Nov  1 07:45:01 CET 2016
Ping: 29.68 ms
Download: 21.26 Mbit/s
Upload: 0.86 Mbit/s
Tue Nov  1 08:45:01 CET 2016
Ping: 26.37 ms
Download: 21.40 Mbit/s
Upload: 0.83 Mbit/s
Tue Nov  1 09:45:01 CET 2016
Ping: 31.728 ms
Download: 16.41 Mbit/s
Upload: 0.59 Mbit/s
Tue Nov  1 10:45:01 CET 2016
Ping: 31.394 ms
Download: 21.52 Mbit/s
Upload: 0.85 Mbit/s
Tue Nov  1 11:45:01 CET 2016
Ping: 27.155 ms
Download: 20.43 Mbit/s
Upload: 0.85 Mbit/s
Tue Nov  1 12:45:01 CET 2016
Ping: 29.287 ms
Download: 19.00 Mbit/s
Upload: 0.73 Mbit/s
Tue Nov  1 13:45:01 CET 2016
Ping: 26.363 ms
Download: 16.27 Mbit/s
Upload: 0.85 Mbit/s
Tue Nov  1 14:45:01 CET 2016
Ping: 26.829 ms
Download: 21.31 Mbit/s
Upload: 0.84 Mbit/s
Tue Nov  1 15:45:01 CET 2016
Ping: 29.483 ms
Download: 21.39 Mbit/s
Upload: 0.84 Mbit/s
Tue Nov  1 16:45:01 CET 2016
Ping: 25.802 ms
Download: 21.43 Mbit/s
Upload: 0.86 Mbit/s
Tue Nov  1 17:45:01 CET 2016
Ping: 30.918 ms
Download: 20.85 Mbit/s
Upload: 0.84 Mbit/s
Tue Nov  1 18:45:01 CET 2016
Ping: 32.306 ms
Download: 20.54 Mbit/s
Upload: 0.79 Mbit/s
Tue Nov  1 19:45:01 CET 2016
Ping: 28.347 ms
Download: 19.32 Mbit/s
Upload: 0.79 Mbit/s
Tue Nov  1 20:45:01 CET 2016
Ping: 32.499 ms
Download: 21.04 Mbit/s
Upload: 0.84 Mbit/s
Tue Nov  1 21:45:01 CET 2016
Ping: 29.012 ms
Download: 21.43 Mbit/s
Upload: 0.86 Mbit/s
Tue Nov  1 22:45:01 CET 2016
Ping: 28.657 ms
Download: 21.25 Mbit/s
Upload: 0.85 Mbit/s
Tue Nov  1 23:45:01 CET 2016
Ping: 28.148 ms
Download: 21.43 Mbit/s
Upload: 0.86 Mbit/s
Wed Nov  2 00:45:02 CET 2016
Ping: 31.38 ms
Download: 21.40 Mbit/s
Upload: 0.86 Mbit/s
Wed Nov  2 01:45:01 CET 2016
Ping: 31.195 ms
Download: 21.31 Mbit/s
Upload: 0.86 Mbit/s
Wed Nov  2 02:45:01 CET 2016
Ping: 27.973 ms
Download: 20.96 Mbit/s
Upload: 0.89 Mbit/s
Wed Nov  2 03:45:01 CET 2016
Ping: 32.381 ms
Download: 21.61 Mbit/s
Upload: 0.87 Mbit/s
Wed Nov  2 04:45:01 CET 2016
Ping: 30.267 ms
Download: 21.57 Mbit/s
Upload: 0.87 Mbit/s
Wed Nov  2 05:45:01 CET 2016
Ping: 26.411 ms
Download: 21.46 Mbit/s
Upload: 0.83 Mbit/s
Wed Nov  2 06:45:01 CET 2016
Ping: 29.953 ms
Download: 21.44 Mbit/s
Upload: 0.82 Mbit/s
Wed Nov  2 07:45:01 CET 2016
Ping: 31.815 ms
Download: 20.71 Mbit/s
Upload: 0.87 Mbit/s
Wed Nov  2 08:45:01 CET 2016
Ping: 32.961 ms
Download: 19.54 Mbit/s
Upload: 0.79 Mbit/s
Wed Nov  2 09:45:02 CET 2016
Ping: 28.098 ms
Download: 18.03 Mbit/s
Upload: 0.74 Mbit/s
Wed Nov  2 10:45:01 CET 2016
Ping: 26.825 ms
Download: 20.09 Mbit/s
Upload: 0.87 Mbit/s
Wed Nov  2 11:45:01 CET 2016
Ping: 30.893 ms
Download: 21.43 Mbit/s
Upload: 0.84 Mbit/s
Wed Nov  2 12:45:01 CET 2016
Ping: 28.984 ms
Download: 19.76 Mbit/s
Upload: 0.82 Mbit/s
Wed Nov  2 13:45:01 CET 2016
Ping: 29.914 ms
Download: 17.30 Mbit/s
Upload: 0.77 Mbit/s
Wed Nov  2 14:45:01 CET 2016
Ping: 32.128 ms
Download: 21.46 Mbit/s
Upload: 0.87 Mbit/s
Wed Nov  2 15:45:01 CET 2016
Ping: 30.154 ms
Download: 21.59 Mbit/s
Upload: 0.87 Mbit/s
Wed Nov  2 16:45:01 CET 2016
Ping: 28.237 ms
Download: 21.22 Mbit/s
Upload: 0.85 Mbit/s
Wed Nov  2 17:45:01 CET 2016
Ping: 31.849 ms
Download: 21.13 Mbit/s
Upload: 0.87 Mbit/s
Wed Nov  2 18:45:01 CET 2016
Ping: 30.279 ms
Download: 21.46 Mbit/s
Upload: 0.88 Mbit/s
Wed Nov  2 19:45:01 CET 2016
Ping: 27.874 ms
Download: 21.38 Mbit/s
Upload: 0.85 Mbit/s
Wed Nov  2 20:45:01 CET 2016
Ping: 29.685 ms
Download: 21.43 Mbit/s
Upload: 0.84 Mbit/s
Wed Nov  2 21:45:01 CET 2016
Ping: 31.498 ms
Download: 21.60 Mbit/s
Upload: 0.87 Mbit/s
Wed Nov  2 22:45:01 CET 2016
Ping: 32.419 ms
Download: 20.66 Mbit/s
Upload: 0.84 Mbit/s
Wed Nov  2 23:45:02 CET 2016
Ping: 30.967 ms
Download: 21.58 Mbit/s
Upload: 0.88 Mbit/s
Thu Nov  3 00:45:01 CET 2016
Ping: 32.196 ms
Download: 20.80 Mbit/s
Upload: 0.84 Mbit/s
Thu Nov  3 01:45:01 CET 2016
Ping: 31.296 ms
Download: 21.48 Mbit/s
Upload: 0.87 Mbit/s
Thu Nov  3 02:45:01 CET 2016
Ping: 29.92 ms
Download: 21.39 Mbit/s
Upload: 0.84 Mbit/s
Thu Nov  3 03:45:01 CET 2016
Ping: 28.145 ms
Download: 21.37 Mbit/s
Upload: 0.85 Mbit/s
Thu Nov  3 04:45:01 CET 2016
Ping: 25.515 ms
Download: 21.30 Mbit/s
Upload: 0.87 Mbit/s
Thu Nov  3 05:45:01 CET 2016
Ping: 30.213 ms
Download: 21.33 Mbit/s
Upload: 0.81 Mbit/s
Thu Nov  3 06:45:01 CET 2016
Ping: 28.775 ms
Download: 21.08 Mbit/s
Upload: 0.85 Mbit/s
Thu Nov  3 07:45:01 CET 2016
Ping: 31.383 ms
Download: 21.43 Mbit/s
Upload: 0.82 Mbit/s
Thu Nov  3 08:45:01 CET 2016
Ping: 30.031 ms
Download: 21.31 Mbit/s
Upload: 0.82 Mbit/s
Thu Nov  3 09:45:01 CET 2016
Ping: 27.885 ms
Download: 21.25 Mbit/s
Upload: 0.84 Mbit/s
Thu Nov  3 10:45:01 CET 2016
Ping: 30.112 ms
Download: 21.47 Mbit/s
Upload: 0.84 Mbit/s
Thu Nov  3 11:45:01 CET 2016
Ping: 28.105 ms
Download: 19.68 Mbit/s
Upload: 0.81 Mbit/s
Thu Nov  3 12:45:01 CET 2016
Ping: 30.311 ms
Download: 20.80 Mbit/s
Upload: 0.85 Mbit/s
Thu Nov  3 13:45:01 CET 2016
Ping: 29.47 ms
Download: 21.30 Mbit/s
Upload: 0.87 Mbit/s
Thu Nov  3 14:45:01 CET 2016
Ping: 28.562 ms
Download: 21.43 Mbit/s
Upload: 0.83 Mbit/s
Thu Nov  3 15:45:01 CET 2016
Ping: 30.897 ms
Download: 21.61 Mbit/s
Upload: 0.87 Mbit/s
Thu Nov  3 16:45:02 CET 2016
Ping: 30.288 ms
Download: 20.63 Mbit/s
Upload: 0.86 Mbit/s
Thu Nov  3 17:45:01 CET 2016
Ping: 29.688 ms
Download: 21.31 Mbit/s
Upload: 0.79 Mbit/s
Thu Nov  3 18:45:01 CET 2016
Ping: 31.522 ms
Download: 20.39 Mbit/s
Upload: 0.87 Mbit/s
Thu Nov  3 19:45:01 CET 2016
Ping: 29.162 ms
Download: 16.46 Mbit/s
Upload: 0.76 Mbit/s
Thu Nov  3 20:45:02 CET 2016
Ping: 28.333 ms
Download: 15.54 Mbit/s
Upload: 0.71 Mbit/s
Thu Nov  3 21:45:01 CET 2016
Ping: 28.396 ms
Download: 21.39 Mbit/s
Upload: 0.85 Mbit/s
Thu Nov  3 22:45:01 CET 2016
Ping: 31.612 ms
Download: 21.43 Mbit/s
Upload: 0.87 Mbit/s
Thu Nov  3 23:45:01 CET 2016
Ping: 30.378 ms
Download: 21.25 Mbit/s
Upload: 0.85 Mbit/s
Fri Nov  4 00:45:01 CET 2016
Ping: 31.253 ms
Download: 21.57 Mbit/s
Upload: 0.87 Mbit/s
Fri Nov  4 01:45:01 CET 2016
Ping: 27.078 ms
Download: 21.43 Mbit/s
Upload: 0.87 Mbit/s
Fri Nov  4 02:45:01 CET 2016
Ping: 29.67 ms
Download: 21.03 Mbit/s
Upload: 0.87 Mbit/s
Fri Nov  4 03:45:01 CET 2016
Ping: 29.154 ms
Download: 21.49 Mbit/s
Upload: 0.88 Mbit/s
Fri Nov  4 04:45:01 CET 2016
Ping: 29.634 ms
Download: 21.16 Mbit/s
Upload: 0.87 Mbit/s
Fri Nov  4 05:45:01 CET 2016
Ping: 29.765 ms
Download: 21.61 Mbit/s
Upload: 0.86 Mbit/s
Fri Nov  4 06:45:01 CET 2016
Ping: 26.287 ms
Download: 21.40 Mbit/s
Upload: 0.86 Mbit/s
Fri Nov  4 07:45:01 CET 2016
Ping: 31.281 ms
Download: 21.59 Mbit/s
Upload: 0.88 Mbit/s
Fri Nov  4 08:45:01 CET 2016
Ping: 27.905 ms
Download: 19.79 Mbit/s
Upload: 0.79 Mbit/s
Fri Nov  4 09:45:01 CET 2016
Ping: 30.759 ms
Download: 19.24 Mbit/s
Upload: 0.79 Mbit/s
Fri Nov  4 10:45:01 CET 2016
Ping: 31.277 ms
Download: 20.77 Mbit/s
Upload: 0.86 Mbit/s
Fri Nov  4 11:45:01 CET 2016
Ping: 32.001 ms
Download: 21.56 Mbit/s
Upload: 0.87 Mbit/s
Fri Nov  4 12:45:01 CET 2016
Ping: 30.556 ms
Download: 21.59 Mbit/s
Upload: 0.84 Mbit/s
Fri Nov  4 13:45:01 CET 2016
Ping: 29.54 ms
Download: 21.30 Mbit/s
Upload: 0.87 Mbit/s
Fri Nov  4 14:45:01 CET 2016
Ping: 30.574 ms
Download: 21.22 Mbit/s
Upload: 0.85 Mbit/s
Fri Nov  4 15:45:01 CET 2016
Ping: 26.599 ms
Download: 20.94 Mbit/s
Upload: 0.86 Mbit/s
Fri Nov  4 16:45:01 CET 2016
Ping: 30.293 ms
Download: 20.40 Mbit/s
Upload: 0.86 Mbit/s
Fri Nov  4 17:45:01 CET 2016
Ping: 26.962 ms
Download: 21.08 Mbit/s
Upload: 0.82 Mbit/s
Fri Nov  4 18:45:01 CET 2016
Ping: 31.096 ms
Download: 21.49 Mbit/s
Upload: 0.87 Mbit/s
Fri Nov  4 19:45:01 CET 2016
Ping: 31.462 ms
Download: 20.87 Mbit/s
Upload: 0.87 Mbit/s
Fri Nov  4 20:45:01 CET 2016
Ping: 27.561 ms
Download: 21.43 Mbit/s
Upload: 0.86 Mbit/s
Fri Nov  4 21:45:01 CET 2016
Ping: 29.387 ms
Download: 21.52 Mbit/s
Upload: 0.87 Mbit/s
Fri Nov  4 22:45:01 CET 2016
Ping: 31.901 ms
Download: 21.61 Mbit/s
Upload: 0.86 Mbit/s
Fri Nov  4 23:45:01 CET 2016
Ping: 27.97 ms
Download: 21.34 Mbit/s
Upload: 0.84 Mbit/s
Sat Nov  5 00:45:01 CET 2016
Ping: 30.9 ms
Download: 21.05 Mbit/s
Upload: 0.86 Mbit/s
Sat Nov  5 01:45:01 CET 2016
Ping: 26.359 ms
Download: 21.43 Mbit/s
Upload: 0.87 Mbit/s
Sat Nov  5 02:45:02 CET 2016
Ping: 27.029 ms
Download: 21.43 Mbit/s
Upload: 0.87 Mbit/s
Sat Nov  5 03:45:01 CET 2016
Ping: 29.491 ms
Download: 20.48 Mbit/s
Upload: 0.85 Mbit/s
Sat Nov  5 04:45:01 CET 2016
Ping: 30.455 ms
Download: 21.25 Mbit/s
Upload: 0.85 Mbit/s
Sat Nov  5 05:45:01 CET 2016
Ping: 27.577 ms
Download: 21.39 Mbit/s
Upload: 0.86 Mbit/s
Sat Nov  5 06:45:01 CET 2016
Ping: 29.643 ms
Download: 21.42 Mbit/s
Upload: 0.89 Mbit/s
Sat Nov  5 07:45:01 CET 2016
Ping: 27.634 ms
Download: 21.40 Mbit/s
Upload: 0.85 Mbit/s
Sat Nov  5 08:45:01 CET 2016
Ping: 27.623 ms
Download: 21.39 Mbit/s
Upload: 0.82 Mbit/s
Sat Nov  5 09:45:01 CET 2016
Ping: 24.206 ms
Download: 20.67 Mbit/s
Upload: 0.86 Mbit/s
Sat Nov  5 10:45:01 CET 2016
Ping: 28.465 ms
Download: 21.33 Mbit/s
Upload: 0.85 Mbit/s
Sat Nov  5 11:45:01 CET 2016
Ping: 31.385 ms
Download: 21.03 Mbit/s
Upload: 0.88 Mbit/s
Sat Nov  5 12:45:01 CET 2016
Ping: 27.862 ms
Download: 21.10 Mbit/s
Upload: 0.76 Mbit/s
Sat Nov  5 13:45:01 CET 2016
Ping: 29.268 ms
Download: 21.40 Mbit/s
Upload: 0.84 Mbit/s
Sat Nov  5 14:45:01 CET 2016
Ping: 25.513 ms
Download: 21.30 Mbit/s
Upload: 0.87 Mbit/s
Sat Nov  5 15:45:01 CET 2016
Ping: 26.366 ms
Download: 20.76 Mbit/s
Upload: 0.74 Mbit/s
Sat Nov  5 16:45:01 CET 2016
Ping: 31.107 ms
Download: 21.39 Mbit/s
Upload: 0.84 Mbit/s
Sat Nov  5 17:45:01 CET 2016
Ping: 26.442 ms
Download: 21.40 Mbit/s
Upload: 0.87 Mbit/s
Sat Nov  5 18:45:01 CET 2016
Ping: 28.649 ms
Download: 21.43 Mbit/s
Upload: 0.85 Mbit/s
Sat Nov  5 19:45:01 CET 2016
Ping: 26.842 ms
Download: 21.43 Mbit/s
Upload: 0.86 Mbit/s
Sat Nov  5 20:45:02 CET 2016
Ping: 30.269 ms
Download: 19.55 Mbit/s
Upload: 0.85 Mbit/s
Sat Nov  5 21:45:01 CET 2016
Ping: 28.632 ms
Download: 19.18 Mbit/s
Upload: 0.80 Mbit/s
Sat Nov  5 22:45:01 CET 2016
Ping: 30.82 ms
Download: 21.22 Mbit/s
Upload: 0.85 Mbit/s
Sat Nov  5 23:45:01 CET 2016
Ping: 29.333 ms
Download: 20.49 Mbit/s
Upload: 0.86 Mbit/s
Sun Nov  6 00:45:01 CET 2016
Ping: 30.162 ms
Download: 21.16 Mbit/s
Upload: 0.86 Mbit/s
Sun Nov  6 01:45:01 CET 2016
Ping: 28.459 ms
Download: 21.42 Mbit/s
Upload: 0.85 Mbit/s
Sun Nov  6 02:45:01 CET 2016
Ping: 26.968 ms
Download: 21.43 Mbit/s
Upload: 0.86 Mbit/s
Sun Nov  6 03:45:02 CET 2016
Ping: 27.684 ms
Download: 20.70 Mbit/s
Upload: 0.85 Mbit/s
Sun Nov  6 04:45:01 CET 2016
Ping: 30.483 ms
Download: 21.61 Mbit/s
Upload: 0.79 Mbit/s
Sun Nov  6 05:45:02 CET 2016
Ping: 31.307 ms
Download: 21.60 Mbit/s
Upload: 0.87 Mbit/s
Sun Nov  6 06:45:01 CET 2016
Ping: 30.307 ms
Download: 20.33 Mbit/s
Upload: 0.87 Mbit/s
Sun Nov  6 07:45:01 CET 2016
Ping: 28.76 ms
Download: 19.94 Mbit/s
Upload: 0.82 Mbit/s
Sun Nov  6 08:45:01 CET 2016
Ping: 29.067 ms
Download: 21.57 Mbit/s
Upload: 0.85 Mbit/s
Sun Nov  6 09:45:01 CET 2016
Ping: 28.28 ms
Download: 19.09 Mbit/s
Upload: 0.80 Mbit/s
Sun Nov  6 10:45:01 CET 2016
Ping: 26.559 ms
Download: 20.91 Mbit/s
Upload: 0.72 Mbit/s
Sun Nov  6 11:45:01 CET 2016
Ping: 27.12 ms
Download: 21.39 Mbit/s
Upload: 0.86 Mbit/s
Sun Nov  6 12:45:01 CET 2016
Ping: 26.365 ms
Download: 21.20 Mbit/s
Upload: 0.81 Mbit/s
Sun Nov  6 13:45:01 CET 2016
Ping: 30.627 ms
Download: 20.99 Mbit/s
Upload: 0.80 Mbit/s
Sun Nov  6 14:45:01 CET 2016
Ping: 28.735 ms
Download: 21.40 Mbit/s
Upload: 0.85 Mbit/s
Sun Nov  6 15:45:01 CET 2016
Ping: 28.311 ms
Download: 21.37 Mbit/s
Upload: 0.74 Mbit/s
Sun Nov  6 16:45:01 CET 2016
Ping: 29.773 ms
Download: 21.43 Mbit/s
Upload: 0.82 Mbit/s
Sun Nov  6 17:45:01 CET 2016
Ping: 28.977 ms
Download: 21.40 Mbit/s
Upload: 0.85 Mbit/s
Sun Nov  6 18:45:01 CET 2016
Ping: 29.661 ms
Download: 20.68 Mbit/s
Upload: 0.82 Mbit/s
Sun Nov  6 19:45:01 CET 2016
Ping: 27.225 ms
Download: 21.17 Mbit/s
Upload: 0.83 Mbit/s
Sun Nov  6 20:45:01 CET 2016
Ping: 30.131 ms
Download: 17.34 Mbit/s
Upload: 0.77 Mbit/s
Sun Nov  6 21:45:01 CET 2016
Ping: 26.019 ms
Download: 17.91 Mbit/s
Upload: 0.74 Mbit/s
Sun Nov  6 22:45:01 CET 2016
Ping: 31.418 ms
Download: 21.37 Mbit/s
Upload: 0.84 Mbit/s
Sun Nov  6 23:45:01 CET 2016
Ping: 29.623 ms
Download: 21.34 Mbit/s
Upload: 0.85 Mbit/s
Mon Nov  7 00:45:01 CET 2016
Ping: 27.347 ms
Download: 21.45 Mbit/s
Upload: 0.87 Mbit/s
Mon Nov  7 01:45:01 CET 2016
Ping: 29.593 ms
Download: 20.91 Mbit/s
Upload: 0.85 Mbit/s
Mon Nov  7 02:45:01 CET 2016
Ping: 30.947 ms
Download: 21.40 Mbit/s
Upload: 0.87 Mbit/s
Mon Nov  7 03:45:01 CET 2016
Ping: 26.339 ms
Download: 21.43 Mbit/s
Upload: 0.86 Mbit/s
Mon Nov  7 04:45:01 CET 2016
Ping: 31.149 ms
Download: 21.43 Mbit/s
Upload: 0.85 Mbit/s
Mon Nov  7 05:45:01 CET 2016
Ping: 30.779 ms
Download: 20.96 Mbit/s
Upload: 0.85 Mbit/s
Mon Nov  7 06:45:01 CET 2016
Ping: 31.07 ms
Download: 21.61 Mbit/s
Upload: 0.82 Mbit/s
Mon Nov  7 07:45:01 CET 2016
Ping: 26.082 ms
Download: 21.44 Mbit/s
Upload: 0.88 Mbit/s
Mon Nov  7 08:45:01 CET 2016
Ping: 26.149 ms
Download: 21.43 Mbit/s
Upload: 0.86 Mbit/s
Mon Nov  7 09:45:01 CET 2016
Ping: 27.418 ms
Download: 20.85 Mbit/s
Upload: 0.86 Mbit/s
Mon Nov  7 10:45:01 CET 2016
Ping: 28.625 ms
Download: 21.43 Mbit/s
Upload: 0.86 Mbit/s
Mon Nov  7 11:45:01 CET 2016
Ping: 28.627 ms
Download: 21.13 Mbit/s
Upload: 0.85 Mbit/s
Mon Nov  7 12:45:01 CET 2016
Ping: 26.912 ms
Download: 18.21 Mbit/s
Upload: 0.83 Mbit/s
Mon Nov  7 13:45:01 CET 2016
Ping: 26.618 ms
Download: 21.45 Mbit/s
Upload: 0.87 Mbit/s
Mon Nov  7 14:45:01 CET 2016
Ping: 27.692 ms
Download: 21.05 Mbit/s
Upload: 0.85 Mbit/s
Mon Nov  7 15:45:01 CET 2016
Ping: 26.294 ms
Download: 21.43 Mbit/s
Upload: 0.86 Mbit/s
Mon Nov  7 16:45:01 CET 2016
Ping: 26.64 ms
Download: 21.45 Mbit/s
Upload: 0.86 Mbit/s
Mon Nov  7 17:45:02 CET 2016
Ping: 28.797 ms
Download: 21.34 Mbit/s
Upload: 0.87 Mbit/s
Mon Nov  7 18:45:01 CET 2016
Ping: 27.549 ms
Download: 21.43 Mbit/s
Upload: 0.87 Mbit/s
Mon Nov  7 19:45:01 CET 2016
Ping: 30.889 ms
Download: 17.15 Mbit/s
Upload: 0.66 Mbit/s
Mon Nov  7 20:45:01 CET 2016
Ping: 27.636 ms
Download: 20.91 Mbit/s
Upload: 0.77 Mbit/s
Mon Nov  7 21:45:02 CET 2016
Ping: 29.144 ms
Download: 21.51 Mbit/s
Upload: 0.86 Mbit/s
Mon Nov  7 22:45:01 CET 2016
Ping: 25.557 ms
Download: 21.25 Mbit/s
Upload: 0.84 Mbit/s
Mon Nov  7 23:45:01 CET 2016
Ping: 25.786 ms
Download: 21.46 Mbit/s
Upload: 0.87 Mbit/s
Tue Nov  8 00:45:01 CET 2016
Ping: 26.407 ms
Download: 21.43 Mbit/s
Upload: 0.86 Mbit/s
Tue Nov  8 01:45:01 CET 2016
Ping: 27.824 ms
Download: 21.45 Mbit/s
Upload: 0.86 Mbit/s
Tue Nov  8 02:45:01 CET 2016
Ping: 25.981 ms
Download: 21.45 Mbit/s
Upload: 0.86 Mbit/s
Tue Nov  8 03:45:01 CET 2016
Ping: 31.047 ms
Download: 21.48 Mbit/s
Upload: 0.86 Mbit/s
Tue Nov  8 04:45:01 CET 2016
Ping: 26.399 ms
Download: 21.40 Mbit/s
Upload: 0.86 Mbit/s
Tue Nov  8 05:45:02 CET 2016
Ping: 26.314 ms
Download: 21.31 Mbit/s
Upload: 0.87 Mbit/s
Tue Nov  8 06:45:01 CET 2016
Ping: 27.224 ms
Download: 21.43 Mbit/s
Upload: 0.87 Mbit/s
Tue Nov  8 07:45:01 CET 2016
Ping: 27.001 ms
Download: 20.95 Mbit/s
Upload: 0.82 Mbit/s
Tue Nov  8 08:45:01 CET 2016
Ping: 29.064 ms
Download: 20.91 Mbit/s
Upload: 0.83 Mbit/s
Tue Nov  8 09:45:01 CET 2016
Ping: 26.544 ms
Download: 21.42 Mbit/s
Upload: 0.86 Mbit/s
Tue Nov  8 10:45:01 CET 2016
Ping: 26.406 ms
Download: 21.45 Mbit/s
Upload: 0.87 Mbit/s
Tue Nov  8 11:45:01 CET 2016
Ping: 26.507 ms
Download: 21.16 Mbit/s
Upload: 0.76 Mbit/s
Tue Nov  8 12:45:01 CET 2016
Ping: 26.229 ms
Download: 21.43 Mbit/s
Upload: 0.86 Mbit/s
Tue Nov  8 13:45:01 CET 2016
Ping: 24.014 ms
Download: 18.10 Mbit/s
Upload: 0.78 Mbit/s
Tue Nov  8 14:45:01 CET 2016
Ping: 26.44 ms
Download: 21.40 Mbit/s
Upload: 0.86 Mbit/s
Tue Nov  8 15:45:01 CET 2016
Ping: 26.463 ms
Download: 20.01 Mbit/s
Upload: 0.86 Mbit/s
Tue Nov  8 16:45:01 CET 2016
Ping: 26.143 ms
Download: 21.43 Mbit/s
Upload: 0.86 Mbit/s
Tue Nov  8 17:45:01 CET 2016
Ping: 27.233 ms
Download: 19.75 Mbit/s
Upload: 0.87 Mbit/s
Tue Nov  8 18:45:01 CET 2016
Ping: 28.702 ms
Download: 21.38 Mbit/s
Upload: 0.86 Mbit/s
Tue Nov  8 19:45:01 CET 2016
Ping: 27.81 ms
Download: 19.10 Mbit/s
Upload: 0.88 Mbit/s
Tue Nov  8 20:45:01 CET 2016
Ping: 26.495 ms
Download: 21.25 Mbit/s
Upload: 0.85 Mbit/s
Tue Nov  8 21:45:01 CET 2016
Ping: 29.511 ms
Download: 21.19 Mbit/s
Upload: 0.84 Mbit/s
Tue Nov  8 22:45:01 CET 2016
Ping: 27.042 ms
Download: 19.03 Mbit/s
Upload: 0.72 Mbit/s
Tue Nov  8 23:45:01 CET 2016
Ping: 26.318 ms
Download: 20.58 Mbit/s
Upload: 0.85 Mbit/s
Wed Nov  9 00:45:01 CET 2016
Ping: 28.18 ms
Download: 19.97 Mbit/s
Upload: 0.86 Mbit/s
Wed Nov  9 01:45:01 CET 2016
Ping: 27.183 ms
Download: 21.45 Mbit/s
Upload: 0.86 Mbit/s
Wed Nov  9 02:45:01 CET 2016
Ping: 25.606 ms
Download: 19.97 Mbit/s
Upload: 0.87 Mbit/s
Wed Nov  9 03:45:01 CET 2016
Ping: 26.225 ms
Download: 21.43 Mbit/s
Upload: 0.87 Mbit/s
Wed Nov  9 04:45:01 CET 2016
Ping: 25.603 ms
Download: 21.44 Mbit/s
Upload: 0.87 Mbit/s
Wed Nov  9 05:45:01 CET 2016
Ping: 26.425 ms
Download: 21.45 Mbit/s
Upload: 0.86 Mbit/s
Wed Nov  9 06:45:01 CET 2016
Ping: 28.981 ms
Download: 21.44 Mbit/s
Upload: 0.87 Mbit/s
Wed Nov  9 07:45:01 CET 2016
Ping: 29.248 ms
Download: 21.38 Mbit/s
Upload: 0.84 Mbit/s
Wed Nov  9 08:45:01 CET 2016
Ping: 28.509 ms
Download: 20.96 Mbit/s
Upload: 0.84 Mbit/s
Wed Nov  9 09:45:01 CET 2016
Ping: 25.461 ms
Download: 20.82 Mbit/s
Upload: 0.84 Mbit/s
Wed Nov  9 10:45:01 CET 2016
Ping: 26.529 ms
Download: 21.33 Mbit/s
Upload: 0.81 Mbit/s
Wed Nov  9 11:45:01 CET 2016
Ping: 26.899 ms
Download: 19.40 Mbit/s
Upload: 0.77 Mbit/s
Wed Nov  9 12:45:01 CET 2016
Ping: 25.835 ms
Download: 21.39 Mbit/s
Upload: 0.86 Mbit/s
Wed Nov  9 13:45:01 CET 2016
Ping: 26.683 ms
Download: 21.38 Mbit/s
Upload: 0.85 Mbit/s
Wed Nov  9 14:45:02 CET 2016
Ping: 27.648 ms
Download: 21.27 Mbit/s
Upload: 0.82 Mbit/s
Wed Nov  9 15:45:01 CET 2016
Ping: 27.775 ms
Download: 20.03 Mbit/s
Upload: 0.85 Mbit/s
Wed Nov  9 16:45:01 CET 2016
Ping: 29.97 ms
Download: 20.27 Mbit/s
Upload: 0.81 Mbit/s
Wed Nov  9 17:45:01 CET 2016
Ping: 27.673 ms
Download: 10.57 Mbit/s
Upload: 0.77 Mbit/s
Wed Nov  9 18:45:01 CET 2016
Ping: 26.353 ms
Download: 18.48 Mbit/s
Upload: 0.77 Mbit/s
Wed Nov  9 19:45:02 CET 2016
Ping: 26.624 ms
Download: 21.09 Mbit/s
Upload: 0.86 Mbit/s
Wed Nov  9 20:45:01 CET 2016
Ping: 28.342 ms
Download: 17.87 Mbit/s
Upload: 0.79 Mbit/s
Wed Nov  9 21:45:01 CET 2016
Ping: 28.064 ms
Download: 19.80 Mbit/s
Upload: 0.82 Mbit/s
Wed Nov  9 22:45:01 CET 2016
Ping: 28.295 ms
Download: 21.19 Mbit/s
Upload: 0.85 Mbit/s
Wed Nov  9 23:45:01 CET 2016
Ping: 26.136 ms
Download: 21.44 Mbit/s
Upload: 0.87 Mbit/s
Thu Nov 10 00:45:01 CET 2016
Ping: 28.093 ms
Download: 21.43 Mbit/s
Upload: 0.86 Mbit/s
Thu Nov 10 01:45:01 CET 2016
Ping: 27.433 ms
Download: 20.24 Mbit/s
Upload: 0.86 Mbit/s
Thu Nov 10 02:45:01 CET 2016
Ping: 29.58 ms
Download: 21.38 Mbit/s
Upload: 0.87 Mbit/s
Thu Nov 10 03:45:01 CET 2016
Ping: 30.627 ms
Download: 21.45 Mbit/s
Upload: 0.85 Mbit/s
Thu Nov 10 04:45:01 CET 2016
Ping: 25.468 ms
Download: 19.55 Mbit/s
Upload: 0.87 Mbit/s
Thu Nov 10 05:45:01 CET 2016
Ping: 24.417 ms
Download: 20.90 Mbit/s
Upload: 0.87 Mbit/s
Thu Nov 10 06:45:01 CET 2016
Ping: 26.786 ms
Download: 21.45 Mbit/s
Upload: 0.87 Mbit/s
Thu Nov 10 07:45:02 CET 2016
Ping: 24.964 ms
Download: 18.69 Mbit/s
Upload: 0.83 Mbit/s
Thu Nov 10 08:45:01 CET 2016
Ping: 26.331 ms
Download: 21.36 Mbit/s
Upload: 0.84 Mbit/s
Thu Nov 10 09:45:01 CET 2016
Ping: 29.588 ms
Download: 21.59 Mbit/s
Upload: 0.86 Mbit/s
Thu Nov 10 10:45:01 CET 2016
Ping: 31.628 ms
Download: 21.28 Mbit/s
Upload: 0.85 Mbit/s
Thu Nov 10 11:45:01 CET 2016
Ping: 28.127 ms
Download: 21.12 Mbit/s
Upload: 0.86 Mbit/s
Thu Nov 10 12:45:01 CET 2016
Ping: 26.048 ms
Download: 20.68 Mbit/s
Upload: 0.85 Mbit/s
Thu Nov 10 13:45:01 CET 2016
Ping: 26.368 ms
Download: 14.35 Mbit/s
Upload: 0.87 Mbit/s
Thu Nov 10 14:45:01 CET 2016
Ping: 31.307 ms
Download: 21.43 Mbit/s
Upload: 0.85 Mbit/s
Thu Nov 10 15:45:01 CET 2016
Ping: 27.756 ms
Download: 21.43 Mbit/s
Upload: 0.86 Mbit/s
Thu Nov 10 16:45:01 CET 2016
Ping: 27.788 ms
Download: 19.72 Mbit/s
Upload: 0.79 Mbit/s
Thu Nov 10 17:45:02 CET 2016
Ping: 27.054 ms
Download: 20.72 Mbit/s
Upload: 0.86 Mbit/s
Thu Nov 10 18:45:01 CET 2016
Ping: 27.655 ms
Download: 20.36 Mbit/s
Upload: 0.80 Mbit/s
Thu Nov 10 19:45:01 CET 2016
Ping: 28.472 ms
Download: 20.87 Mbit/s
Upload: 0.86 Mbit/s
Thu Nov 10 20:45:01 CET 2016
Ping: 30.327 ms
Download: 21.30 Mbit/s
Upload: 0.88 Mbit/s
Thu Nov 10 21:45:01 CET 2016
Ping: 26.596 ms
Download: 21.43 Mbit/s
Upload: 0.85 Mbit/s
Thu Nov 10 22:45:01 CET 2016
Ping: 28.71 ms
Download: 21.39 Mbit/s
Upload: 0.85 Mbit/s
Thu Nov 10 23:45:01 CET 2016
Ping: 31.061 ms
Download: 21.43 Mbit/s
Upload: 0.87 Mbit/s
Fri Nov 11 00:45:01 CET 2016
Ping: 27.691 ms
Download: 21.45 Mbit/s
Upload: 0.83 Mbit/s
Fri Nov 11 01:45:01 CET 2016
Ping: 27.631 ms
Download: 21.44 Mbit/s
Upload: 0.86 Mbit/s
Fri Nov 11 02:45:01 CET 2016
Ping: 26.302 ms
Download: 21.45 Mbit/s
Upload: 0.86 Mbit/s
Fri Nov 11 03:45:01 CET 2016
Ping: 27.196 ms
Download: 21.31 Mbit/s
Upload: 0.86 Mbit/s
Fri Nov 11 04:45:01 CET 2016
Ping: 26.965 ms
Download: 21.43 Mbit/s
Upload: 0.86 Mbit/s
Fri Nov 11 05:45:01 CET 2016
Ping: 28.874 ms
Download: 21.40 Mbit/s
Upload: 0.87 Mbit/s
Fri Nov 11 06:45:01 CET 2016
Ping: 28.626 ms
Download: 21.29 Mbit/s
Upload: 0.87 Mbit/s
Fri Nov 11 07:45:01 CET 2016
Ping: 31.609 ms
Download: 21.51 Mbit/s
Upload: 0.86 Mbit/s
Fri Nov 11 08:45:01 CET 2016
Ping: 32.551 ms
Download: 21.61 Mbit/s
Upload: 0.87 Mbit/s
Fri Nov 11 09:45:01 CET 2016
Ping: 29.832 ms
Download: 21.14 Mbit/s
Upload: 0.87 Mbit/s
Fri Nov 11 10:45:01 CET 2016
Ping: 25.598 ms
Download: 21.45 Mbit/s
Upload: 0.87 Mbit/s
Fri Nov 11 11:45:01 CET 2016
Ping: 27.633 ms
Download: 18.72 Mbit/s
Upload: 0.86 Mbit/s
Fri Nov 11 12:45:01 CET 2016
Ping: 27.745 ms
Download: 21.23 Mbit/s
Upload: 0.79 Mbit/s
Fri Nov 11 13:45:01 CET 2016
Ping: 26.152 ms
Download: 21.40 Mbit/s
Upload: 0.86 Mbit/s
Fri Nov 11 14:45:01 CET 2016
Ping: 27.072 ms
Download: 19.97 Mbit/s
Upload: 0.85 Mbit/s
Fri Nov 11 15:45:01 CET 2016
Ping: 28.259 ms
Download: 21.43 Mbit/s
Upload: 0.85 Mbit/s
Fri Nov 11 16:45:01 CET 2016
Ping: 27.995 ms
Download: 21.08 Mbit/s
Upload: 0.87 Mbit/s
Fri Nov 11 17:45:01 CET 2016
Ping: 25.993 ms
Download: 21.42 Mbit/s
Upload: 0.86 Mbit/s
Fri Nov 11 18:45:01 CET 2016
Ping: 25.922 ms
Download: 21.43 Mbit/s
Upload: 0.86 Mbit/s
Fri Nov 11 19:45:01 CET 2016
Ping: 27.757 ms
Download: 18.50 Mbit/s
Upload: 0.87 Mbit/s
Fri Nov 11 20:45:01 CET 2016
Ping: 26.606 ms
Download: 21.34 Mbit/s
Upload: 0.86 Mbit/s
Fri Nov 11 21:45:01 CET 2016
Ping: 25.243 ms
Download: 21.43 Mbit/s
Upload: 0.85 Mbit/s
Fri Nov 11 22:45:01 CET 2016
Ping: 24.698 ms
Download: 21.42 Mbit/s
Upload: 0.85 Mbit/s
Fri Nov 11 23:45:01 CET 2016
Ping: 27.075 ms
Download: 21.45 Mbit/s
Upload: 0.86 Mbit/s
Sat Nov 12 00:45:01 CET 2016
Ping: 28.053 ms
Download: 21.41 Mbit/s
Upload: 0.85 Mbit/s
Sat Nov 12 01:45:01 CET 2016
Ping: 29.021 ms
Download: 20.69 Mbit/s
Upload: 0.88 Mbit/s
Sat Nov 12 02:45:01 CET 2016
Ping: 26.666 ms
Download: 20.25 Mbit/s
Upload: 0.87 Mbit/s
Sat Nov 12 03:45:01 CET 2016
Ping: 27.464 ms
Download: 21.25 Mbit/s
Upload: 0.86 Mbit/s
Sat Nov 12 04:45:01 CET 2016
Ping: 27.591 ms
Download: 21.22 Mbit/s
Upload: 0.87 Mbit/s
Sat Nov 12 05:45:01 CET 2016
Ping: 28.339 ms
Download: 21.40 Mbit/s
Upload: 0.85 Mbit/s
Sat Nov 12 06:45:01 CET 2016
Ping: 27.419 ms
Download: 21.44 Mbit/s
Upload: 0.87 Mbit/s
Sat Nov 12 07:45:01 CET 2016
Ping: 25.59 ms
Download: 21.43 Mbit/s
Upload: 0.87 Mbit/s
Sat Nov 12 08:45:01 CET 2016
Ping: 26.358 ms
Download: 17.64 Mbit/s
Upload: 0.85 Mbit/s
Sat Nov 12 09:45:01 CET 2016
Ping: 27.068 ms
Download: 21.43 Mbit/s
Upload: 0.82 Mbit/s
Sat Nov 12 10:45:01 CET 2016
Ping: 28.215 ms
Download: 16.94 Mbit/s
Upload: 0.69 Mbit/s
Sat Nov 12 11:45:01 CET 2016
Ping: 25.123 ms
Download: 21.38 Mbit/s
Upload: 0.87 Mbit/s
Sat Nov 12 12:45:01 CET 2016
Ping: 26.288 ms
Download: 18.92 Mbit/s
Upload: 0.87 Mbit/s
Sat Nov 12 13:45:01 CET 2016
Ping: 25.515 ms
Download: 21.42 Mbit/s
Upload: 0.80 Mbit/s
Sat Nov 12 14:45:01 CET 2016
Ping: 29.328 ms
Download: 21.17 Mbit/s
Upload: 0.85 Mbit/s
Sat Nov 12 15:45:01 CET 2016
Ping: 26.411 ms
Download: 21.46 Mbit/s
Upload: 0.87 Mbit/s
Sat Nov 12 16:45:01 CET 2016
Ping: 27.966 ms
Download: 21.45 Mbit/s
Upload: 0.88 Mbit/s
Sat Nov 12 17:45:01 CET 2016
Ping: 25.85 ms
Download: 21.37 Mbit/s
Upload: 0.86 Mbit/s
Sat Nov 12 18:45:01 CET 2016
Ping: 26.494 ms
Download: 20.04 Mbit/s
Upload: 0.79 Mbit/s
Sat Nov 12 19:45:01 CET 2016
Ping: 28.323 ms
Download: 21.43 Mbit/s
Upload: 0.84 Mbit/s
Sat Nov 12 20:45:01 CET 2016
Ping: 27.069 ms
Download: 21.25 Mbit/s
Upload: 0.85 Mbit/s
Sat Nov 12 21:45:01 CET 2016
Ping: 24.824 ms
Download: 21.07 Mbit/s
Upload: 0.86 Mbit/s
Sat Nov 12 22:45:01 CET 2016
Ping: 28.991 ms
Download: 21.13 Mbit/s
Upload: 0.83 Mbit/s
Sat Nov 12 23:45:01 CET 2016
Ping: 25.514 ms
Download: 21.43 Mbit/s
Upload: 0.86 Mbit/s
Sun Nov 13 00:45:01 CET 2016
Ping: 25.518 ms
Download: 19.14 Mbit/s
Upload: 0.87 Mbit/s
Sun Nov 13 01:45:01 CET 2016
Ping: 26.383 ms
Download: 21.43 Mbit/s
Upload: 0.85 Mbit/s
Sun Nov 13 02:45:01 CET 2016
Ping: 30.79 ms
Download: 21.40 Mbit/s
Upload: 0.87 Mbit/s
Sun Nov 13 03:45:02 CET 2016
Ping: 26.371 ms
Download: 21.27 Mbit/s
Upload: 0.86 Mbit/s
Sun Nov 13 04:45:01 CET 2016
Ping: 28.209 ms
Download: 21.45 Mbit/s
Upload: 0.87 Mbit/s
Sun Nov 13 05:45:01 CET 2016
Ping: 28.744 ms
Download: 21.43 Mbit/s
Upload: 0.84 Mbit/s
Sun Nov 13 06:45:01 CET 2016
Ping: 25.329 ms
Download: 21.46 Mbit/s
Upload: 0.86 Mbit/s
Sun Nov 13 07:45:01 CET 2016
Ping: 28.362 ms
Download: 21.31 Mbit/s
Upload: 0.82 Mbit/s
Sun Nov 13 08:45:01 CET 2016
Ping: 27.394 ms
Download: 20.85 Mbit/s
Upload: 0.86 Mbit/s
Sun Nov 13 09:45:01 CET 2016
Ping: 27.302 ms
Download: 21.43 Mbit/s
Upload: 0.85 Mbit/s
Sun Nov 13 10:45:01 CET 2016
Ping: 26.353 ms
Download: 21.34 Mbit/s
Upload: 0.87 Mbit/s
Sun Nov 13 11:45:01 CET 2016
Ping: 25.605 ms
Download: 20.12 Mbit/s
Upload: 0.86 Mbit/s
Sun Nov 13 12:45:01 CET 2016
Ping: 25.628 ms
Download: 21.16 Mbit/s
Upload: 0.87 Mbit/s
Sun Nov 13 13:45:01 CET 2016
Ping: 25.389 ms
Download: 21.29 Mbit/s
Upload: 0.86 Mbit/s
Sun Nov 13 14:45:01 CET 2016
Ping: 26.494 ms
Download: 21.43 Mbit/s
Upload: 0.86 Mbit/s
Sun Nov 13 15:45:01 CET 2016
Ping: 25.353 ms
Download: 21.42 Mbit/s
Upload: 0.86 Mbit/s
Sun Nov 13 16:45:01 CET 2016
Ping: 27.821 ms
Download: 21.44 Mbit/s
Upload: 0.87 Mbit/s
Sun Nov 13 17:45:01 CET 2016
Ping: 25.169 ms
Download: 21.25 Mbit/s
Upload: 0.85 Mbit/s
Sun Nov 13 18:45:01 CET 2016
Ping: 27.956 ms
Download: 21.43 Mbit/s
Upload: 0.85 Mbit/s
Sun Nov 13 19:45:01 CET 2016
Ping: 28.598 ms
Download: 21.42 Mbit/s
Upload: 0.86 Mbit/s
Sun Nov 13 20:45:01 CET 2016
Ping: 26.478 ms
Download: 21.39 Mbit/s
Upload: 0.85 Mbit/s
Sun Nov 13 21:45:02 CET 2016
Ping: 27.113 ms
Download: 21.45 Mbit/s
Upload: 0.86 Mbit/s
Sun Nov 13 22:45:01 CET 2016
Ping: 29.301 ms
Download: 21.43 Mbit/s
Upload: 0.85 Mbit/s
Sun Nov 13 23:45:01 CET 2016
Ping: 26.607 ms
Download: 21.28 Mbit/s
Upload: 0.86 Mbit/s
Mon Nov 14 00:45:01 CET 2016
Ping: 27.652 ms
Download: 21.28 Mbit/s
Upload: 0.87 Mbit/s
Mon Nov 14 01:45:01 CET 2016
Ping: 27.291 ms
Download: 21.43 Mbit/s
Upload: 0.85 Mbit/s
Mon Nov 14 02:45:01 CET 2016
Ping: 25.617 ms
Download: 21.33 Mbit/s
Upload: 0.86 Mbit/s
Mon Nov 14 03:45:01 CET 2016
Ping: 29.223 ms
Download: 21.49 Mbit/s
Upload: 0.87 Mbit/s
Mon Nov 14 04:45:01 CET 2016
Ping: 26.141 ms
Download: 21.45 Mbit/s
Upload: 0.86 Mbit/s
Mon Nov 14 05:45:01 CET 2016
Ping: 27.366 ms
Download: 21.42 Mbit/s
Upload: 0.87 Mbit/s
Mon Nov 14 06:45:01 CET 2016
Ping: 33.981 ms
Download: 21.53 Mbit/s
Upload: 0.88 Mbit/s
Mon Nov 14 07:45:01 CET 2016
Ping: 26.835 ms
Download: 21.43 Mbit/s
Upload: 0.86 Mbit/s
Mon Nov 14 08:45:01 CET 2016
Ping: 27.234 ms
Download: 21.05 Mbit/s
Upload: 0.84 Mbit/s
Mon Nov 14 09:45:01 CET 2016
Ping: 27.024 ms
Download: 21.18 Mbit/s
Upload: 0.85 Mbit/s
Mon Nov 14 10:45:01 CET 2016
Ping: 29.867 ms
Download: 21.36 Mbit/s
Upload: 0.86 Mbit/s
Mon Nov 14 11:45:01 CET 2016
Ping: 30.233 ms
Download: 21.53 Mbit/s
Upload: 0.85 Mbit/s
Mon Nov 14 12:45:01 CET 2016
Ping: 25.132 ms
Download: 21.39 Mbit/s
Upload: 0.86 Mbit/s
Mon Nov 14 13:45:01 CET 2016
Ping: 25.366 ms
Download: 21.43 Mbit/s
Upload: 0.85 Mbit/s
Mon Nov 14 14:45:01 CET 2016
Ping: 28.923 ms
Download: 20.61 Mbit/s
Upload: 0.83 Mbit/s
Mon Nov 14 15:45:01 CET 2016
Ping: 25.038 ms
Download: 14.51 Mbit/s
Upload: 0.54 Mbit/s
Mon Nov 14 16:45:01 CET 2016
Ping: 28.234 ms
Download: 16.67 Mbit/s
Upload: 0.77 Mbit/s
Mon Nov 14 17:45:01 CET 2016
Ping: 26.501 ms
Download: 21.42 Mbit/s
Upload: 0.87 Mbit/s
Mon Nov 14 18:45:01 CET 2016
Ping: 25.868 ms
Download: 21.42 Mbit/s
Upload: 0.86 Mbit/s
Mon Nov 14 19:45:01 CET 2016
Ping: 25.919 ms
Download: 20.12 Mbit/s
Upload: 0.84 Mbit/s
Mon Nov 14 20:45:01 CET 2016
Ping: 32.416 ms
Download: 21.42 Mbit/s
Upload: 0.86 Mbit/s
Mon Nov 14 21:45:01 CET 2016
Ping: 26.613 ms
Download: 21.25 Mbit/s
Upload: 0.77 Mbit/s
Mon Nov 14 22:45:01 CET 2016
Ping: 27.667 ms
Download: 21.33 Mbit/s
Upload: 0.86 Mbit/s
Mon Nov 14 23:45:01 CET 2016
Ping: 27.019 ms
Download: 21.40 Mbit/s
Upload: 0.87 Mbit/s
Tue Nov 15 00:45:01 CET 2016
Ping: 27.35 ms
Download: 21.25 Mbit/s
Upload: 0.86 Mbit/s
Tue Nov 15 01:45:01 CET 2016
Ping: 26.497 ms
Download: 21.40 Mbit/s
Upload: 0.86 Mbit/s
Tue Nov 15 02:45:01 CET 2016
Ping: 24.958 ms
Download: 21.30 Mbit/s
Upload: 0.86 Mbit/s
Tue Nov 15 03:45:01 CET 2016
Ping: 25.693 ms
Download: 20.95 Mbit/s
Upload: 0.86 Mbit/s
Tue Nov 15 04:45:01 CET 2016
Ping: 24.356 ms
Download: 21.25 Mbit/s
Upload: 0.87 Mbit/s
Tue Nov 15 05:45:01 CET 2016
Ping: 28.821 ms
Download: 20.96 Mbit/s
Upload: 0.87 Mbit/s
Tue Nov 15 06:45:01 CET 2016
Ping: 25.779 ms
Download: 21.12 Mbit/s
Upload: 0.86 Mbit/s
Tue Nov 15 07:45:01 CET 2016
Ping: 29.729 ms
Download: 21.31 Mbit/s
Upload: 0.84 Mbit/s
Tue Nov 15 08:45:01 CET 2016
Ping: 27.051 ms
Download: 20.92 Mbit/s
Upload: 0.82 Mbit/s
Tue Nov 15 09:45:01 CET 2016
Ping: 25.517 ms
Download: 21.46 Mbit/s
Upload: 0.86 Mbit/s
Tue Nov 15 10:45:01 CET 2016
Ping: 25.8 ms
Download: 19.91 Mbit/s
Upload: 0.87 Mbit/s
Tue Nov 15 11:45:01 CET 2016
Ping: 28.452 ms
Download: 21.08 Mbit/s
Upload: 0.85 Mbit/s
Tue Nov 15 12:45:01 CET 2016
Ping: 27.036 ms
Download: 20.46 Mbit/s
Upload: 0.81 Mbit/s
Tue Nov 15 13:45:01 CET 2016
Ping: 27.873 ms
Download: 19.11 Mbit/s
Upload: 0.68 Mbit/s
Tue Nov 15 14:45:01 CET 2016
Ping: 26.644 ms
Download: 19.83 Mbit/s
Upload: 0.60 Mbit/s
Tue Nov 15 15:45:01 CET 2016
Ping: 27.524 ms
Download: 21.43 Mbit/s
Upload: 0.74 Mbit/s
Tue Nov 15 16:45:01 CET 2016
Ping: 25.995 ms
Download: 20.46 Mbit/s
Upload: 0.83 Mbit/s
Tue Nov 15 17:45:01 CET 2016
Ping: 25.483 ms
Download: 21.38 Mbit/s
Upload: 0.87 Mbit/s
Tue Nov 15 18:45:01 CET 2016
Ping: 26.154 ms
Download: 21.06 Mbit/s
Upload: 0.86 Mbit/s
Tue Nov 15 19:45:01 CET 2016
Ping: 26.443 ms
Download: 21.39 Mbit/s
Upload: 0.83 Mbit/s
Tue Nov 15 20:45:01 CET 2016
Ping: 27.686 ms
Download: 20.86 Mbit/s
Upload: 0.85 Mbit/s
Tue Nov 15 21:45:01 CET 2016
Ping: 31.011 ms
Download: 21.34 Mbit/s
Upload: 0.86 Mbit/s
Tue Nov 15 22:45:01 CET 2016
Ping: 27.407 ms
Download: 21.30 Mbit/s
Upload: 0.86 Mbit/s
Tue Nov 15 23:45:01 CET 2016
Ping: 29.917 ms
Download: 21.58 Mbit/s
Upload: 0.70 Mbit/s
Wed Nov 16 00:45:01 CET 2016
Ping: 32.053 ms
Download: 20.60 Mbit/s
Upload: 0.84 Mbit/s
Wed Nov 16 01:45:01 CET 2016
Ping: 25.947 ms
Download: 19.54 Mbit/s
Upload: 0.86 Mbit/s
Wed Nov 16 02:45:01 CET 2016
Ping: 25.924 ms
Download: 21.39 Mbit/s
Upload: 0.85 Mbit/s
Wed Nov 16 03:45:01 CET 2016
Ping: 24.302 ms
Download: 21.43 Mbit/s
Upload: 0.88 Mbit/s
Wed Nov 16 04:45:01 CET 2016
Ping: 24.91 ms
Download: 20.92 Mbit/s
Upload: 0.87 Mbit/s
Wed Nov 16 05:45:01 CET 2016
Ping: 25.849 ms
Download: 19.40 Mbit/s
Upload: 0.86 Mbit/s
Wed Nov 16 06:45:01 CET 2016
Ping: 25.59 ms
Download: 21.36 Mbit/s
Upload: 0.86 Mbit/s
Wed Nov 16 07:45:01 CET 2016
Ping: 25.558 ms
Download: 21.43 Mbit/s
Upload: 0.87 Mbit/s
Wed Nov 16 08:45:01 CET 2016
Ping: 25.69 ms
Download: 21.42 Mbit/s
Upload: 0.87 Mbit/s
Wed Nov 16 09:45:01 CET 2016
Ping: 28.195 ms
Download: 21.43 Mbit/s
Upload: 0.85 Mbit/s
Wed Nov 16 10:45:01 CET 2016
Ping: 27.722 ms
Download: 20.88 Mbit/s
Upload: 0.86 Mbit/s
Wed Nov 16 11:45:01 CET 2016
Ping: 25.017 ms
Download: 21.43 Mbit/s
Upload: 0.85 Mbit/s
Wed Nov 16 12:45:01 CET 2016
Ping: 26.341 ms
Download: 21.19 Mbit/s
Upload: 0.77 Mbit/s
Wed Nov 16 13:45:01 CET 2016
Ping: 27.748 ms
Download: 21.43 Mbit/s
Upload: 0.86 Mbit/s
Wed Nov 16 14:45:01 CET 2016
Ping: 26.37 ms
Download: 20.74 Mbit/s
Upload: 0.86 Mbit/s
Wed Nov 16 15:45:01 CET 2016
Ping: 26.327 ms
Download: 19.11 Mbit/s
Upload: 0.75 Mbit/s
Wed Nov 16 16:45:01 CET 2016
Ping: 27.295 ms
Download: 18.86 Mbit/s
Upload: 0.70 Mbit/s
Wed Nov 16 17:45:01 CET 2016
Ping: 26.036 ms
Download: 21.40 Mbit/s
Upload: 0.87 Mbit/s
Wed Nov 16 18:45:01 CET 2016
Ping: 28.309 ms
Download: 21.05 Mbit/s
Upload: 0.86 Mbit/s
Wed Nov 16 19:45:01 CET 2016
Ping: 30.554 ms
Download: 17.57 Mbit/s
Upload: 0.80 Mbit/s
Wed Nov 16 20:45:02 CET 2016
Ping: 28.234 ms
Download: 17.30 Mbit/s
Upload: 0.64 Mbit/s
Wed Nov 16 21:45:01 CET 2016
Ping: 25.806 ms
Download: 21.43 Mbit/s
Upload: 0.86 Mbit/s
Wed Nov 16 22:45:01 CET 2016
Ping: 30.38 ms
Download: 21.56 Mbit/s
Upload: 0.87 Mbit/s
Wed Nov 16 23:45:01 CET 2016
Ping: 28.781 ms
Download: 21.32 Mbit/s
Upload: 0.85 Mbit/s
Thu Nov 17 00:45:01 CET 2016
Ping: 22.438 ms
Download: 21.41 Mbit/s
Upload: 0.86 Mbit/s
Thu Nov 17 01:45:01 CET 2016
Ping: 26.175 ms
Download: 21.39 Mbit/s
Upload: 0.86 Mbit/s
Thu Nov 17 02:45:01 CET 2016
Ping: 27.179 ms
Download: 21.43 Mbit/s
Upload: 0.87 Mbit/s
Thu Nov 17 03:45:01 CET 2016
Ping: 30.344 ms
Download: 21.24 Mbit/s
Upload: 0.85 Mbit/s
Thu Nov 17 04:45:01 CET 2016
Ping: 24.69 ms
Download: 21.42 Mbit/s
Upload: 0.86 Mbit/s
Thu Nov 17 05:45:01 CET 2016
Ping: 25.013 ms
Download: 21.46 Mbit/s
Upload: 0.86 Mbit/s
Thu Nov 17 06:45:01 CET 2016
Ping: 24.428 ms
Download: 20.97 Mbit/s
Upload: 0.83 Mbit/s
Thu Nov 17 07:45:01 CET 2016
Ping: 25.956 ms
Download: 21.38 Mbit/s
Upload: 0.86 Mbit/s
Thu Nov 17 08:45:01 CET 2016
Ping: 27.987 ms
Download: 20.94 Mbit/s
Upload: 0.84 Mbit/s
Thu Nov 17 09:45:01 CET 2016
Ping: 26.463 ms
Download: 19.83 Mbit/s
Upload: 0.76 Mbit/s
Thu Nov 17 10:45:01 CET 2016
Ping: 26.196 ms
Download: 21.23 Mbit/s
Upload: 0.84 Mbit/s
Thu Nov 17 11:45:01 CET 2016
Ping: 26.136 ms
Download: 21.29 Mbit/s
Upload: 0.86 Mbit/s
Thu Nov 17 12:45:01 CET 2016
Ping: 25.909 ms
Download: 21.42 Mbit/s
Upload: 0.86 Mbit/s
Thu Nov 17 13:45:01 CET 2016
Ping: 26.848 ms
Download: 20.99 Mbit/s
Upload: 0.84 Mbit/s
Thu Nov 17 14:45:01 CET 2016
Ping: 26.495 ms
Download: 21.42 Mbit/s
Upload: 0.86 Mbit/s
Thu Nov 17 15:45:01 CET 2016
Ping: 29.451 ms
Download: 19.76 Mbit/s
Upload: 0.78 Mbit/s
Thu Nov 17 16:45:01 CET 2016
Ping: 25.199 ms
Download: 21.43 Mbit/s
Upload: 0.87 Mbit/s
Thu Nov 17 17:45:01 CET 2016
Ping: 29.244 ms
Download: 21.31 Mbit/s
Upload: 0.85 Mbit/s
Thu Nov 17 18:45:01 CET 2016
Ping: 26.561 ms
Download: 21.13 Mbit/s
Upload: 0.70 Mbit/s
Thu Nov 17 19:45:01 CET 2016
Ping: 26.64 ms
Download: 21.38 Mbit/s
Upload: 0.87 Mbit/s
Thu Nov 17 20:45:01 CET 2016
Ping: 25.907 ms
Download: 21.43 Mbit/s
Upload: 0.86 Mbit/s
Thu Nov 17 21:45:01 CET 2016
Ping: 26.044 ms
Download: 21.27 Mbit/s
Upload: 0.85 Mbit/s
Thu Nov 17 22:45:01 CET 2016
Ping: 27.594 ms
Download: 21.42 Mbit/s
Upload: 0.87 Mbit/s
Thu Nov 17 23:45:01 CET 2016
Ping: 28.276 ms
Download: 20.57 Mbit/s
Upload: 0.87 Mbit/s
Fri Nov 18 00:45:01 CET 2016
Ping: 29.09 ms
Download: 21.42 Mbit/s
Upload: 0.86 Mbit/s
Fri Nov 18 01:45:02 CET 2016
Ping: 25.63 ms
Download: 21.42 Mbit/s
Upload: 0.87 Mbit/s
Fri Nov 18 02:45:01 CET 2016
Ping: 27.418 ms
Download: 21.43 Mbit/s
Upload: 0.87 Mbit/s
Fri Nov 18 03:45:01 CET 2016
Ping: 27.191 ms
Download: 21.42 Mbit/s
Upload: 0.86 Mbit/s
Fri Nov 18 04:45:02 CET 2016
Ping: 26.053 ms
Download: 21.28 Mbit/s
Upload: 0.85 Mbit/s
Fri Nov 18 05:45:01 CET 2016
Ping: 26.548 ms
Download: 21.43 Mbit/s
Upload: 0.87 Mbit/s
Fri Nov 18 06:45:01 CET 2016
Ping: 28.137 ms
Download: 21.46 Mbit/s
Upload: 0.86 Mbit/s
Fri Nov 18 07:45:01 CET 2016
Ping: 30.053 ms
Download: 21.19 Mbit/s
Upload: 0.86 Mbit/s
Fri Nov 18 08:45:01 CET 2016
Ping: 26.747 ms
Download: 21.39 Mbit/s
Upload: 0.87 Mbit/s
Fri Nov 18 09:45:01 CET 2016
Ping: 29.169 ms
Download: 21.40 Mbit/s
Upload: 0.85 Mbit/s
Fri Nov 18 10:45:01 CET 2016
Ping: 26.067 ms
Download: 20.10 Mbit/s
Upload: 0.83 Mbit/s
Fri Nov 18 11:45:01 CET 2016
Ping: 29.042 ms
Download: 21.52 Mbit/s
Upload: 0.87 Mbit/s
Fri Nov 18 12:45:01 CET 2016
Ping: 24.992 ms
Download: 14.83 Mbit/s
Upload: 0.77 Mbit/s
Fri Nov 18 13:45:01 CET 2016
Ping: 28.449 ms
Download: 20.95 Mbit/s
Upload: 0.82 Mbit/s
Fri Nov 18 14:45:01 CET 2016
Ping: 26.005 ms
Download: 21.39 Mbit/s
Upload: 0.83 Mbit/s
Fri Nov 18 15:45:01 CET 2016
Ping: 28.325 ms
Download: 21.34 Mbit/s
Upload: 0.58 Mbit/s
Fri Nov 18 16:45:01 CET 2016
Ping: 27.717 ms
Download: 21.29 Mbit/s
Upload: 0.81 Mbit/s
Fri Nov 18 17:45:01 CET 2016
Ping: 26.59 ms
Download: 21.39 Mbit/s
Upload: 0.85 Mbit/s
Fri Nov 18 18:45:01 CET 2016
Ping: 26.342 ms
Download: 19.53 Mbit/s
Upload: 0.84 Mbit/s
Fri Nov 18 19:45:01 CET 2016
Ping: 25.567 ms
Download: 21.39 Mbit/s
Upload: 0.82 Mbit/s
Fri Nov 18 20:45:01 CET 2016
Ping: 28.203 ms
Download: 21.39 Mbit/s
Upload: 0.84 Mbit/s
Fri Nov 18 21:45:01 CET 2016
Ping: 26.741 ms
Download: 21.45 Mbit/s
Upload: 0.86 Mbit/s
Fri Nov 18 22:45:01 CET 2016
Ping: 26.401 ms
Download: 21.05 Mbit/s
Upload: 0.86 Mbit/s
Fri Nov 18 23:45:01 CET 2016
Ping: 28.136 ms
Download: 21.44 Mbit/s
Upload: 0.86 Mbit/s
Sat Nov 19 00:45:01 CET 2016
Ping: 29.197 ms
Download: 20.68 Mbit/s
Upload: 0.88 Mbit/s
Sat Nov 19 01:45:01 CET 2016
Ping: 24.346 ms
Download: 21.34 Mbit/s
Upload: 0.86 Mbit/s
Sat Nov 19 02:45:01 CET 2016
Ping: 26.005 ms
Download: 21.40 Mbit/s
Upload: 0.86 Mbit/s
Sat Nov 19 03:45:01 CET 2016
Ping: 28.084 ms
Download: 21.42 Mbit/s
Upload: 0.86 Mbit/s
Sat Nov 19 04:45:01 CET 2016
Ping: 29.632 ms
Download: 21.45 Mbit/s
Upload: 0.84 Mbit/s
Sat Nov 19 05:45:01 CET 2016
Ping: 27.032 ms
Download: 21.46 Mbit/s
Upload: 0.87 Mbit/s
Sat Nov 19 06:45:01 CET 2016
Ping: 30.143 ms
Download: 21.39 Mbit/s
Upload: 0.83 Mbit/s
Sat Nov 19 07:45:01 CET 2016
Ping: 28.98 ms
Download: 21.38 Mbit/s
Upload: 0.86 Mbit/s
Sat Nov 19 08:45:01 CET 2016
Ping: 27.828 ms
Download: 15.95 Mbit/s
Upload: 0.40 Mbit/s
Sat Nov 19 09:45:01 CET 2016
Ping: 25.719 ms
Download: 16.74 Mbit/s
Upload: 0.73 Mbit/s
Sat Nov 19 10:45:01 CET 2016
Ping: 27.493 ms
Download: 20.52 Mbit/s
Upload: 0.78 Mbit/s
Sat Nov 19 11:45:01 CET 2016
Ping: 26.434 ms
Download: 20.99 Mbit/s
Upload: 0.84 Mbit/s
Sat Nov 19 12:45:01 CET 2016
Ping: 27.248 ms
Download: 17.92 Mbit/s
Upload: 0.81 Mbit/s
Sat Nov 19 13:45:01 CET 2016
Ping: 26.47 ms
Download: 21.43 Mbit/s
Upload: 0.84 Mbit/s
Sat Nov 19 14:45:01 CET 2016
Ping: 26.531 ms
Download: 21.35 Mbit/s
Upload: 0.84 Mbit/s
Sat Nov 19 15:45:01 CET 2016
Ping: 26.532 ms
Download: 21.13 Mbit/s
Upload: 0.86 Mbit/s
Sat Nov 19 16:45:01 CET 2016
Ping: 27.978 ms
Download: 16.03 Mbit/s
Upload: 0.87 Mbit/s
Sat Nov 19 17:45:01 CET 2016
Ping: 26.803 ms
Download: 21.08 Mbit/s
Upload: 0.82 Mbit/s
Sat Nov 19 18:45:01 CET 2016
Ping: 27.699 ms
Download: 21.42 Mbit/s
Upload: 0.86 Mbit/s
Sat Nov 19 19:45:01 CET 2016
Ping: 28.062 ms
Download: 17.49 Mbit/s
Upload: 0.72 Mbit/s
Sat Nov 19 20:45:01 CET 2016
Ping: 26.146 ms
Download: 17.60 Mbit/s
Upload: 0.72 Mbit/s
Sat Nov 19 21:45:01 CET 2016
Ping: 26.981 ms
Download: 18.47 Mbit/s
Upload: 0.80 Mbit/s
Sat Nov 19 22:45:01 CET 2016
Ping: 25.609 ms
Download: 21.43 Mbit/s
Upload: 0.83 Mbit/s
Sat Nov 19 23:45:01 CET 2016
Ping: 28.084 ms
Download: 21.42 Mbit/s
Upload: 0.86 Mbit/s
Sun Nov 20 00:45:01 CET 2016
Ping: 28.08 ms
Download: 21.08 Mbit/s
Upload: 0.86 Mbit/s
Sun Nov 20 01:45:01 CET 2016
Ping: 28.214 ms
Download: 21.42 Mbit/s
Upload: 0.86 Mbit/s
Sun Nov 20 02:45:01 CET 2016
Ping: 28.304 ms
Download: 21.43 Mbit/s
Upload: 0.85 Mbit/s
Sun Nov 20 03:45:01 CET 2016
Ping: 28.554 ms
Download: 21.38 Mbit/s
Upload: 0.87 Mbit/s
Sun Nov 20 04:45:01 CET 2016
Ping: 28.316 ms
Download: 21.04 Mbit/s
Upload: 0.86 Mbit/s
Sun Nov 20 05:45:01 CET 2016
Ping: 27.149 ms
Download: 21.46 Mbit/s
Upload: 0.88 Mbit/s
Sun Nov 20 06:45:01 CET 2016
Ping: 26.991 ms
Download: 21.43 Mbit/s
Upload: 0.86 Mbit/s
Sun Nov 20 07:45:01 CET 2016
Ping: 25.054 ms
Download: 21.43 Mbit/s
Upload: 0.85 Mbit/s
Sun Nov 20 08:45:01 CET 2016
Ping: 28.132 ms
Download: 21.38 Mbit/s
Upload: 0.86 Mbit/s
Sun Nov 20 09:45:01 CET 2016
Ping: 35.447 ms
Download: 18.19 Mbit/s
Upload: 0.85 Mbit/s
Sun Nov 20 10:45:01 CET 2016
Ping: 27.002 ms
Download: 15.06 Mbit/s
Upload: 0.76 Mbit/s
Sun Nov 20 11:45:01 CET 2016
Ping: 25.11 ms
Download: 20.85 Mbit/s
Upload: 0.83 Mbit/s
Sun Nov 20 12:45:01 CET 2016
Ping: 32.484 ms
Download: 20.52 Mbit/s
Upload: 0.86 Mbit/s
Sun Nov 20 13:45:01 CET 2016
Ping: 26.965 ms
Download: 21.40 Mbit/s
Upload: 0.87 Mbit/s
Sun Nov 20 14:45:01 CET 2016
Ping: 26.228 ms
Download: 21.33 Mbit/s
Upload: 0.86 Mbit/s
Sun Nov 20 15:45:01 CET 2016
Ping: 29.376 ms
Download: 21.19 Mbit/s
Upload: 0.86 Mbit/s
Sun Nov 20 16:45:01 CET 2016
Ping: 25.877 ms
Download: 21.42 Mbit/s
Upload: 0.86 Mbit/s
Sun Nov 20 17:45:01 CET 2016
Ping: 28.67 ms
Download: 20.96 Mbit/s
Upload: 0.85 Mbit/s
Sun Nov 20 18:45:01 CET 2016
Ping: 26.829 ms
Download: 21.02 Mbit/s
Upload: 0.87 Mbit/s
Sun Nov 20 19:45:01 CET 2016
Ping: 30.62 ms
Download: 21.52 Mbit/s
Upload: 0.74 Mbit/s
Sun Nov 20 20:45:01 CET 2016
Ping: 26.39 ms
Download: 21.44 Mbit/s
Upload: 0.87 Mbit/s
Sun Nov 20 21:45:01 CET 2016
Ping: 25.174 ms
Download: 21.42 Mbit/s
Upload: 0.86 Mbit/s
Sun Nov 20 22:45:01 CET 2016
Ping: 27.689 ms
Download: 21.33 Mbit/s
Upload: 0.88 Mbit/s
Sun Nov 20 23:45:01 CET 2016
Ping: 27.648 ms
Download: 21.43 Mbit/s
Upload: 0.87 Mbit/s
Mon Nov 21 00:45:01 CET 2016
Ping: 26.643 ms
Download: 21.39 Mbit/s
Upload: 0.87 Mbit/s
Mon Nov 21 01:45:01 CET 2016
Ping: 24.724 ms
Download: 21.40 Mbit/s
Upload: 0.87 Mbit/s
Mon Nov 21 02:45:01 CET 2016
Ping: 25.465 ms
Download: 21.42 Mbit/s
Upload: 0.87 Mbit/s
Mon Nov 21 03:45:01 CET 2016
Ping: 26.844 ms
Download: 21.45 Mbit/s
Upload: 0.87 Mbit/s
Mon Nov 21 04:45:01 CET 2016
Ping: 27.648 ms
Download: 21.43 Mbit/s
Upload: 0.87 Mbit/s
Mon Nov 21 05:45:01 CET 2016
Ping: 26.361 ms
Download: 21.40 Mbit/s
Upload: 0.88 Mbit/s
Mon Nov 21 06:45:01 CET 2016
Ping: 26.462 ms
Download: 21.45 Mbit/s
Upload: 0.85 Mbit/s
Mon Nov 21 07:45:01 CET 2016
Ping: 27.93 ms
Download: 21.43 Mbit/s
Upload: 0.83 Mbit/s
Mon Nov 21 08:45:01 CET 2016
Ping: 30.251 ms
Download: 21.48 Mbit/s
Upload: 0.87 Mbit/s
Mon Nov 21 09:45:01 CET 2016
Ping: 26.366 ms
Download: 21.46 Mbit/s
Upload: 0.87 Mbit/s
Mon Nov 21 10:45:02 CET 2016
Ping: 26.363 ms
Download: 21.38 Mbit/s
Upload: 0.86 Mbit/s
Mon Nov 21 11:45:01 CET 2016
Ping: 26.238 ms
Download: 21.40 Mbit/s
Upload: 0.86 Mbit/s
Mon Nov 21 12:45:01 CET 2016
Ping: 27.317 ms
Download: 21.40 Mbit/s
Upload: 0.86 Mbit/s
Mon Nov 21 13:45:01 CET 2016
Ping: 24.854 ms
Download: 21.29 Mbit/s
Upload: 0.87 Mbit/s
Mon Nov 21 14:45:01 CET 2016
Ping: 27.884 ms
Download: 21.34 Mbit/s
Upload: 0.87 Mbit/s
Mon Nov 21 15:45:01 CET 2016
Ping: 27.788 ms
Download: 21.04 Mbit/s
Upload: 0.86 Mbit/s
Mon Nov 21 16:45:01 CET 2016
Ping: 28.9 ms
Download: 15.14 Mbit/s
Upload: 0.70 Mbit/s
Mon Nov 21 17:45:02 CET 2016
Ping: 26.42 ms
Download: 21.46 Mbit/s
Upload: 0.86 Mbit/s
Mon Nov 21 18:45:01 CET 2016
Ping: 29.756 ms
Download: 21.18 Mbit/s
Upload: 0.76 Mbit/s
Mon Nov 21 19:45:01 CET 2016
Ping: 24.575 ms
Download: 21.21 Mbit/s
Upload: 0.86 Mbit/s
Mon Nov 21 20:45:01 CET 2016
Ping: 27.347 ms
Download: 21.34 Mbit/s
Upload: 0.85 Mbit/s
Mon Nov 21 21:45:01 CET 2016
Ping: 23.544 ms
Download: 19.36 Mbit/s
Upload: 0.81 Mbit/s
Mon Nov 21 22:45:01 CET 2016
Ping: 27.04 ms
Download: 20.74 Mbit/s
Upload: 0.86 Mbit/s
Mon Nov 21 23:45:01 CET 2016
Ping: 25.138 ms
Download: 21.43 Mbit/s
Upload: 0.87 Mbit/s
Tue Nov 22 00:45:01 CET 2016
Ping: 29.465 ms
Download: 21.31 Mbit/s
Upload: 0.85 Mbit/s
Tue Nov 22 01:45:01 CET 2016
Ping: 26.249 ms
Download: 21.37 Mbit/s
Upload: 0.87 Mbit/s
Tue Nov 22 02:45:01 CET 2016
Ping: 27.605 ms
Download: 21.43 Mbit/s
Upload: 0.86 Mbit/s
Tue Nov 22 03:45:01 CET 2016
Ping: 24.74 ms
Download: 21.37 Mbit/s
Upload: 0.86 Mbit/s
Tue Nov 22 04:45:01 CET 2016
Ping: 25.646 ms
Download: 21.45 Mbit/s
Upload: 0.86 Mbit/s
Tue Nov 22 05:45:01 CET 2016
Ping: 26.104 ms
Download: 20.82 Mbit/s
Upload: 0.87 Mbit/s
Tue Nov 22 06:45:01 CET 2016
Ping: 28.02 ms
Download: 21.38 Mbit/s
Upload: 0.87 Mbit/s
Tue Nov 22 07:45:01 CET 2016
Ping: 28.835 ms
Download: 21.19 Mbit/s
Upload: 0.64 Mbit/s
Tue Nov 22 08:45:01 CET 2016
Ping: 26.832 ms
Download: 20.15 Mbit/s
Upload: 0.78 Mbit/s
Tue Nov 22 09:45:01 CET 2016
Ping: 26.354 ms
Download: 21.02 Mbit/s
Upload: 0.84 Mbit/s
Tue Nov 22 10:45:01 CET 2016
Ping: 26.702 ms
Download: 20.62 Mbit/s
Upload: 0.85 Mbit/s
Tue Nov 22 11:45:01 CET 2016
Ping: 26.414 ms
Download: 20.85 Mbit/s
Upload: 0.86 Mbit/s
Tue Nov 22 12:45:01 CET 2016
Ping: 25.4 ms
Download: 15.58 Mbit/s
Upload: 0.53 Mbit/s
Tue Nov 22 13:45:01 CET 2016
Ping: 26.834 ms
Download: 20.71 Mbit/s
Upload: 0.81 Mbit/s
Tue Nov 22 14:45:01 CET 2016
Ping: 26.913 ms
Download: 21.29 Mbit/s
Upload: 0.86 Mbit/s
Tue Nov 22 15:45:01 CET 2016
Ping: 27.617 ms
Download: 19.35 Mbit/s
Upload: 0.70 Mbit/s
Tue Nov 22 16:45:01 CET 2016
Ping: 27.541 ms
Download: 21.13 Mbit/s
Upload: 0.86 Mbit/s
Tue Nov 22 17:45:01 CET 2016
Ping: 28.84 ms
Download: 21.43 Mbit/s
Upload: 0.86 Mbit/s
Tue Nov 22 18:45:01 CET 2016
Ping: 25.007 ms
Download: 21.38 Mbit/s
Upload: 0.86 Mbit/s
Tue Nov 22 19:45:01 CET 2016
Ping: 31.663 ms
Download: 16.80 Mbit/s
Upload: 0.60 Mbit/s
Tue Nov 22 20:45:01 CET 2016
Ping: 28.177 ms
Download: 17.33 Mbit/s
Upload: 0.70 Mbit/s
Tue Nov 22 21:45:01 CET 2016
Ping: 28.811 ms
Download: 21.33 Mbit/s
Upload: 0.85 Mbit/s
Tue Nov 22 22:45:01 CET 2016
Ping: 26.664 ms
Download: 21.42 Mbit/s
Upload: 0.87 Mbit/s
Tue Nov 22 23:45:01 CET 2016
Ping: 25.63 ms
Download: 20.93 Mbit/s
Upload: 0.85 Mbit/s
Wed Nov 23 00:45:01 CET 2016
Ping: 27.287 ms
Download: 21.45 Mbit/s
Upload: 0.86 Mbit/s
Wed Nov 23 01:45:01 CET 2016
Could not retrieve speedtest.net configuration
Wed Nov 23 02:45:01 CET 2016
Ping: 26.361 ms
Download: 21.39 Mbit/s
Upload: 0.85 Mbit/s
Wed Nov 23 03:45:01 CET 2016
Ping: 26.583 ms
Download: 21.27 Mbit/s
Upload: 0.88 Mbit/s
Wed Nov 23 04:45:01 CET 2016
Ping: 27.759 ms
Download: 21.41 Mbit/s
Upload: 0.86 Mbit/s
Wed Nov 23 05:45:01 CET 2016
Ping: 27.677 ms
Download: 21.43 Mbit/s
Upload: 0.85 Mbit/s
Wed Nov 23 06:45:01 CET 2016
Ping: 25.683 ms
Download: 21.39 Mbit/s
Upload: 0.85 Mbit/s
Wed Nov 23 07:45:01 CET 2016
Ping: 26.455 ms
Download: 21.22 Mbit/s
Upload: 0.86 Mbit/s
Wed Nov 23 08:45:01 CET 2016
Ping: 28.057 ms
Download: 21.39 Mbit/s
Upload: 0.85 Mbit/s
Wed Nov 23 09:45:01 CET 2016
Ping: 29.444 ms
Download: 21.32 Mbit/s
Upload: 0.89 Mbit/s
Wed Nov 23 10:45:01 CET 2016
Ping: 25.552 ms
Download: 21.39 Mbit/s
Upload: 0.84 Mbit/s
Wed Nov 23 11:45:01 CET 2016
Ping: 27.216 ms
Download: 18.00 Mbit/s
Upload: 0.71 Mbit/s
Wed Nov 23 12:45:01 CET 2016
Ping: 25.672 ms
Download: 20.65 Mbit/s
Upload: 0.85 Mbit/s
Wed Nov 23 13:45:01 CET 2016
Ping: 26.279 ms
Download: 21.42 Mbit/s
Upload: 0.84 Mbit/s
Wed Nov 23 14:45:01 CET 2016
Ping: 26.399 ms
Download: 20.25 Mbit/s
Upload: 0.85 Mbit/s
Wed Nov 23 15:45:01 CET 2016
Ping: 26.841 ms
Download: 18.46 Mbit/s
Upload: 0.78 Mbit/s
Wed Nov 23 16:45:01 CET 2016
Ping: 26.778 ms
Download: 14.72 Mbit/s
Upload: 0.59 Mbit/s
Wed Nov 23 17:45:01 CET 2016
Ping: 115.814 ms
Download: 12.96 Mbit/s
Upload: 0.56 Mbit/s
Wed Nov 23 18:45:01 CET 2016
Ping: 25.68 ms
Download: 21.37 Mbit/s
Upload: 0.83 Mbit/s
Wed Nov 23 19:45:01 CET 2016
Ping: 26.162 ms
Download: 14.67 Mbit/s
Upload: 0.70 Mbit/s
Wed Nov 23 20:45:01 CET 2016
Ping: 25.867 ms
Download: 20.58 Mbit/s
Upload: 0.62 Mbit/s
Wed Nov 23 21:45:02 CET 2016
Ping: 29.121 ms
Download: 21.42 Mbit/s
Upload: 0.83 Mbit/s
Wed Nov 23 22:45:01 CET 2016
Ping: 24.764 ms
Download: 21.43 Mbit/s
Upload: 0.86 Mbit/s
Wed Nov 23 23:45:01 CET 2016
Ping: 30.737 ms
Download: 21.38 Mbit/s
Upload: 0.83 Mbit/s
Thu Nov 24 00:45:01 CET 2016
Ping: 29.526 ms
Download: 21.57 Mbit/s
Upload: 0.66 Mbit/s
Thu Nov 24 01:45:01 CET 2016
Ping: 26.163 ms
Download: 21.13 Mbit/s
Upload: 0.86 Mbit/s
Thu Nov 24 02:45:01 CET 2016
Ping: 27.07 ms
Download: 21.43 Mbit/s
Upload: 0.86 Mbit/s
Thu Nov 24 03:45:01 CET 2016
Ping: 24.104 ms
Download: 21.33 Mbit/s
Upload: 0.83 Mbit/s
Thu Nov 24 04:45:01 CET 2016
Ping: 31.055 ms
Download: 21.58 Mbit/s
Upload: 0.79 Mbit/s
Thu Nov 24 05:45:02 CET 2016
Ping: 27.064 ms
Download: 21.40 Mbit/s
Upload: 0.88 Mbit/s
Thu Nov 24 06:45:01 CET 2016
Ping: 25.453 ms
Download: 20.96 Mbit/s
Upload: 0.86 Mbit/s
Thu Nov 24 07:45:01 CET 2016
Ping: 32.772 ms
Download: 18.19 Mbit/s
Upload: 0.62 Mbit/s
Thu Nov 24 08:45:01 CET 2016
Ping: 30.073 ms
Download: 17.69 Mbit/s
Upload: 0.79 Mbit/s
Thu Nov 24 09:45:01 CET 2016
Ping: 27.043 ms
Download: 21.40 Mbit/s
Upload: 0.80 Mbit/s
Thu Nov 24 10:45:01 CET 2016
Ping: 28.031 ms
Download: 21.45 Mbit/s
Upload: 0.86 Mbit/s
Thu Nov 24 11:45:01 CET 2016
Ping: 28.674 ms
Download: 21.43 Mbit/s
Upload: 0.86 Mbit/s
Thu Nov 24 12:45:01 CET 2016
Ping: 26.453 ms
Download: 19.78 Mbit/s
Upload: 0.86 Mbit/s
Thu Nov 24 13:45:01 CET 2016
Ping: 26.342 ms
Download: 15.79 Mbit/s
Upload: 0.77 Mbit/s
Thu Nov 24 14:45:01 CET 2016
Ping: 27.595 ms
Download: 7.20 Mbit/s
Upload: 0.79 Mbit/s
Thu Nov 24 15:45:01 CET 2016
Ping: 25.17 ms
Download: 21.39 Mbit/s
Upload: 0.88 Mbit/s
Thu Nov 24 16:45:01 CET 2016
Ping: 25.7 ms
Download: 21.40 Mbit/s
Upload: 0.86 Mbit/s
Thu Nov 24 17:45:01 CET 2016
Ping: 28.337 ms
Download: 21.43 Mbit/s
Upload: 0.85 Mbit/s
Thu Nov 24 18:45:01 CET 2016
Ping: 27.374 ms
Download: 20.29 Mbit/s
Upload: 0.83 Mbit/s
Thu Nov 24 19:45:01 CET 2016
Ping: 26.926 ms
Download: 21.41 Mbit/s
Upload: 0.87 Mbit/s
Thu Nov 24 20:45:01 CET 2016
Ping: 28.112 ms
Download: 21.33 Mbit/s
Upload: 0.87 Mbit/s
Thu Nov 24 21:45:01 CET 2016
Ping: 26.79 ms
Download: 17.26 Mbit/s
Upload: 0.71 Mbit/s
Thu Nov 24 22:45:01 CET 2016
Ping: 26.612 ms
Download: 21.42 Mbit/s
Upload: 0.86 Mbit/s
Thu Nov 24 23:45:01 CET 2016
Ping: 27.863 ms
Download: 21.45 Mbit/s
Upload: 0.86 Mbit/s
Fri Nov 25 00:45:01 CET 2016
Ping: 23.829 ms
Download: 21.52 Mbit/s
Upload: 0.85 Mbit/s
Fri Nov 25 01:45:01 CET 2016
Ping: 24.651 ms
Download: 21.61 Mbit/s
Upload: 0.84 Mbit/s
Fri Nov 25 02:45:01 CET 2016
Ping: 24.955 ms
Download: 21.59 Mbit/s
Upload: 0.85 Mbit/s
Fri Nov 25 03:45:01 CET 2016
Ping: 25.066 ms
Download: 21.61 Mbit/s
Upload: 0.84 Mbit/s
Fri Nov 25 04:45:02 CET 2016
Ping: 23.419 ms
Download: 21.42 Mbit/s
Upload: 0.85 Mbit/s
Fri Nov 25 05:45:01 CET 2016
Ping: 28.522 ms
Download: 21.43 Mbit/s
Upload: 0.85 Mbit/s
Fri Nov 25 06:45:01 CET 2016
Ping: 27.121 ms
Download: 20.07 Mbit/s
Upload: 0.85 Mbit/s
Fri Nov 25 07:45:01 CET 2016
Ping: 25.248 ms
Download: 21.39 Mbit/s
Upload: 0.84 Mbit/s
Fri Nov 25 08:45:01 CET 2016
Ping: 26.378 ms
Download: 21.01 Mbit/s
Upload: 0.85 Mbit/s
Fri Nov 25 09:45:01 CET 2016
Ping: 26.351 ms
Download: 21.40 Mbit/s
Upload: 0.85 Mbit/s
Fri Nov 25 10:45:01 CET 2016
Ping: 25.254 ms
Download: 21.42 Mbit/s
Upload: 0.85 Mbit/s
Fri Nov 25 11:45:01 CET 2016
Ping: 29.753 ms
Download: 13.10 Mbit/s
Upload: 0.67 Mbit/s
Fri Nov 25 12:45:01 CET 2016
Ping: 26.562 ms
Download: 21.31 Mbit/s
Upload: 0.85 Mbit/s
Fri Nov 25 13:45:01 CET 2016
Ping: 31.009 ms
Download: 21.22 Mbit/s
Upload: 0.86 Mbit/s
Fri Nov 25 14:45:01 CET 2016
Ping: 27.0 ms
Download: 21.42 Mbit/s
Upload: 0.80 Mbit/s
Fri Nov 25 15:45:01 CET 2016
Ping: 25.946 ms
Download: 21.43 Mbit/s
Upload: 0.83 Mbit/s
Fri Nov 25 16:45:01 CET 2016
Ping: 26.974 ms
Download: 21.44 Mbit/s
Upload: 0.87 Mbit/s
Fri Nov 25 17:45:01 CET 2016
Ping: 26.291 ms
Download: 21.13 Mbit/s
Upload: 0.83 Mbit/s
Fri Nov 25 18:45:01 CET 2016
Ping: 26.344 ms
Download: 21.25 Mbit/s
Upload: 0.81 Mbit/s
Fri Nov 25 19:45:01 CET 2016
Ping: 26.402 ms
Download: 20.39 Mbit/s
Upload: 0.86 Mbit/s
Fri Nov 25 20:45:02 CET 2016
Ping: 26.966 ms
Download: 21.03 Mbit/s
Upload: 0.87 Mbit/s
Fri Nov 25 21:45:01 CET 2016
Ping: 24.552 ms
Download: 21.45 Mbit/s
Upload: 0.86 Mbit/s
Fri Nov 25 22:45:01 CET 2016
Ping: 29.043 ms
Download: 21.39 Mbit/s
Upload: 0.78 Mbit/s
Fri Nov 25 23:45:01 CET 2016
Ping: 31.22 ms
Download: 21.30 Mbit/s
Upload: 0.85 Mbit/s
Sat Nov 26 00:45:01 CET 2016
Ping: 25.156 ms
Download: 21.34 Mbit/s
Upload: 0.86 Mbit/s
Sat Nov 26 01:45:01 CET 2016
Ping: 26.109 ms
Download: 21.42 Mbit/s
Upload: 0.82 Mbit/s
Sat Nov 26 02:45:01 CET 2016
Ping: 29.748 ms
Download: 21.34 Mbit/s
Upload: 0.83 Mbit/s
Sat Nov 26 03:45:01 CET 2016
Ping: 26.295 ms
Download: 21.44 Mbit/s
Upload: 0.86 Mbit/s
Sat Nov 26 04:45:02 CET 2016
Ping: 25.666 ms
Download: 21.43 Mbit/s
Upload: 0.86 Mbit/s
Sat Nov 26 05:45:01 CET 2016
Ping: 30.548 ms
Download: 21.62 Mbit/s
Upload: 0.88 Mbit/s
Sat Nov 26 06:45:01 CET 2016
Ping: 28.526 ms
Download: 21.42 Mbit/s
Upload: 0.86 Mbit/s
Sat Nov 26 07:45:01 CET 2016
Ping: 29.697 ms
Download: 21.58 Mbit/s
Upload: 0.87 Mbit/s
Sat Nov 26 08:45:01 CET 2016
Ping: 26.807 ms
Download: 20.57 Mbit/s
Upload: 0.80 Mbit/s
Sat Nov 26 09:45:01 CET 2016
Ping: 24.916 ms
Download: 21.37 Mbit/s
Upload: 0.86 Mbit/s
Sat Nov 26 10:45:01 CET 2016
Ping: 30.308 ms
Download: 20.79 Mbit/s
Upload: 0.88 Mbit/s
Sat Nov 26 11:45:01 CET 2016
Ping: 28.696 ms
Download: 20.91 Mbit/s
Upload: 0.85 Mbit/s
Sat Nov 26 12:45:01 CET 2016
Ping: 26.743 ms
Download: 21.34 Mbit/s
Upload: 0.87 Mbit/s
Sat Nov 26 13:45:01 CET 2016
Ping: 31.49 ms
Download: 21.58 Mbit/s
Upload: 0.83 Mbit/s
Sat Nov 26 14:45:01 CET 2016
Ping: 27.421 ms
Download: 20.29 Mbit/s
Upload: 0.81 Mbit/s
Sat Nov 26 15:45:01 CET 2016
Ping: 84.886 ms
Download: 20.63 Mbit/s
Upload: 0.51 Mbit/s
Sat Nov 26 16:45:01 CET 2016
Ping: 121.876 ms
Download: 14.21 Mbit/s
Upload: 0.58 Mbit/s
Sat Nov 26 17:45:01 CET 2016
Ping: 30.77 ms
Download: 20.46 Mbit/s
Upload: 0.79 Mbit/s
Sat Nov 26 18:45:01 CET 2016
Ping: 81.249 ms
Download: 14.06 Mbit/s
Upload: 0.56 Mbit/s
Sat Nov 26 19:45:01 CET 2016
Ping: 28.427 ms
Download: 20.79 Mbit/s
Upload: 0.82 Mbit/s
Sat Nov 26 20:45:01 CET 2016
Ping: 25.003 ms
Download: 21.12 Mbit/s
Upload: 0.84 Mbit/s
Sat Nov 26 21:45:01 CET 2016
Ping: 25.785 ms
Download: 21.39 Mbit/s
Upload: 0.84 Mbit/s
Sat Nov 26 22:45:01 CET 2016
Ping: 121.166 ms
Download: 14.61 Mbit/s
Upload: 0.76 Mbit/s
Sat Nov 26 23:45:01 CET 2016
Ping: 25.101 ms
Download: 21.43 Mbit/s
Upload: 0.83 Mbit/s
Sun Nov 27 00:45:01 CET 2016
Ping: 30.089 ms
Download: 21.54 Mbit/s
Upload: 0.79 Mbit/s
Sun Nov 27 01:45:01 CET 2016
Ping: 27.111 ms
Download: 21.33 Mbit/s
Upload: 0.82 Mbit/s
Sun Nov 27 02:45:01 CET 2016
Ping: 25.532 ms
Download: 17.89 Mbit/s
Upload: 0.82 Mbit/s
Sun Nov 27 03:45:01 CET 2016
Ping: 25.78 ms
Download: 21.42 Mbit/s
Upload: 0.77 Mbit/s
Sun Nov 27 04:45:01 CET 2016
Ping: 28.516 ms
Download: 21.17 Mbit/s
Upload: 0.81 Mbit/s
Sun Nov 27 05:45:01 CET 2016
Ping: 25.961 ms
Download: 21.42 Mbit/s
Upload: 0.87 Mbit/s
Sun Nov 27 06:45:01 CET 2016
Ping: 24.793 ms
Download: 21.45 Mbit/s
Upload: 0.87 Mbit/s
Sun Nov 27 07:45:01 CET 2016
Ping: 25.115 ms
Download: 20.32 Mbit/s
Upload: 0.85 Mbit/s
Sun Nov 27 08:45:01 CET 2016
Ping: 25.955 ms
Download: 20.82 Mbit/s
Upload: 0.83 Mbit/s
Sun Nov 27 09:45:02 CET 2016
Ping: 112.003 ms
Download: 14.38 Mbit/s
Upload: 0.64 Mbit/s
Sun Nov 27 10:45:01 CET 2016
Ping: 30.342 ms
Download: 17.22 Mbit/s
Upload: 0.58 Mbit/s
Sun Nov 27 11:45:01 CET 2016
Ping: 26.115 ms
Download: 18.02 Mbit/s
Upload: 0.68 Mbit/s
Sun Nov 27 12:45:01 CET 2016
Ping: 26.818 ms
Download: 15.26 Mbit/s
Upload: 0.53 Mbit/s
Sun Nov 27 13:45:01 CET 2016
Ping: 98.133 ms
Download: 16.07 Mbit/s
Upload: 0.55 Mbit/s
Sun Nov 27 14:45:01 CET 2016
Ping: 28.631 ms
Download: 21.06 Mbit/s
Upload: 0.82 Mbit/s
Sun Nov 27 15:45:01 CET 2016
Ping: 27.685 ms
Download: 19.60 Mbit/s
Upload: 0.86 Mbit/s
Sun Nov 27 16:45:01 CET 2016
Ping: 111.42 ms
Download: 14.84 Mbit/s
Upload: 0.51 Mbit/s
Sun Nov 27 17:45:01 CET 2016
Ping: 25.761 ms
Download: 21.33 Mbit/s
Upload: 0.83 Mbit/s
Sun Nov 27 18:45:01 CET 2016
Ping: 26.494 ms
Download: 15.28 Mbit/s
Upload: 0.40 Mbit/s
Sun Nov 27 19:45:01 CET 2016
Ping: 24.965 ms
Download: 18.55 Mbit/s
Upload: 0.58 Mbit/s
Sun Nov 27 20:45:02 CET 2016
Ping: 122.956 ms
Download: 15.40 Mbit/s
Upload: 0.55 Mbit/s
Sun Nov 27 21:45:01 CET 2016
Ping: 113.703 ms
Download: 15.68 Mbit/s
Upload: 0.55 Mbit/s
Sun Nov 27 22:45:01 CET 2016
Ping: 31.617 ms
Download: 15.56 Mbit/s
Upload: 0.53 Mbit/s
Sun Nov 27 23:45:01 CET 2016
Ping: 122.146 ms
Download: 11.44 Mbit/s
Upload: 0.44 Mbit/s
Mon Nov 28 00:45:01 CET 2016
Ping: 29.524 ms
Download: 21.34 Mbit/s
Upload: 0.86 Mbit/s
Mon Nov 28 01:45:02 CET 2016
Ping: 27.7 ms
Download: 21.42 Mbit/s
Upload: 0.86 Mbit/s
Mon Nov 28 02:45:01 CET 2016
Ping: 26.548 ms
Download: 21.46 Mbit/s
Upload: 0.86 Mbit/s
Mon Nov 28 03:45:01 CET 2016
Ping: 25.119 ms
Download: 16.97 Mbit/s
Upload: 0.85 Mbit/s
Mon Nov 28 04:45:01 CET 2016
Ping: 26.418 ms
Download: 21.40 Mbit/s
Upload: 0.85 Mbit/s
Mon Nov 28 05:45:01 CET 2016
Ping: 27.453 ms
Download: 21.42 Mbit/s
Upload: 0.85 Mbit/s
Mon Nov 28 06:45:01 CET 2016
Ping: 25.12 ms
Download: 21.44 Mbit/s
Upload: 0.88 Mbit/s
Mon Nov 28 07:45:01 CET 2016
Ping: 25.786 ms
Download: 21.38 Mbit/s
Upload: 0.88 Mbit/s
Mon Nov 28 08:45:01 CET 2016
Ping: 25.126 ms
Download: 21.43 Mbit/s
Upload: 0.86 Mbit/s
Mon Nov 28 09:45:01 CET 2016
Ping: 28.056 ms
Download: 19.28 Mbit/s
Upload: 0.86 Mbit/s
Mon Nov 28 10:45:01 CET 2016
Ping: 27.745 ms
Download: 19.92 Mbit/s
Upload: 0.82 Mbit/s
Mon Nov 28 11:45:01 CET 2016
Ping: 24.826 ms
Download: 21.10 Mbit/s
Upload: 0.82 Mbit/s
Mon Nov 28 12:45:01 CET 2016
Ping: 27.803 ms
Download: 21.44 Mbit/s
Upload: 0.87 Mbit/s
Mon Nov 28 13:45:01 CET 2016
Ping: 100.085 ms
Download: 14.60 Mbit/s
Upload: 0.59 Mbit/s
Mon Nov 28 14:45:01 CET 2016
Ping: 132.978 ms
Download: 13.90 Mbit/s
Upload: 0.73 Mbit/s
Mon Nov 28 15:45:01 CET 2016
Ping: 117.609 ms
Download: 13.11 Mbit/s
Upload: 0.71 Mbit/s
Mon Nov 28 16:45:01 CET 2016
Ping: 27.019 ms
Download: 21.39 Mbit/s
Upload: 0.87 Mbit/s
Mon Nov 28 17:45:01 CET 2016
Ping: 27.269 ms
Download: 21.43 Mbit/s
Upload: 0.86 Mbit/s
Mon Nov 28 18:45:01 CET 2016
Ping: 120.841 ms
Download: 14.45 Mbit/s
Upload: 0.67 Mbit/s
Mon Nov 28 19:45:01 CET 2016
Ping: 125.264 ms
Download: 9.38 Mbit/s
Upload: 0.65 Mbit/s
Mon Nov 28 20:45:01 CET 2016
Ping: 28.516 ms
Download: 20.50 Mbit/s
Upload: 0.84 Mbit/s
Mon Nov 28 21:45:01 CET 2016
Ping: 28.705 ms
Download: 12.63 Mbit/s
Upload: 0.67 Mbit/s
Mon Nov 28 22:45:01 CET 2016
Ping: 26.428 ms
Download: 21.43 Mbit/s
Upload: 0.86 Mbit/s
Mon Nov 28 23:45:01 CET 2016
Ping: 24.558 ms
Download: 21.40 Mbit/s
Upload: 0.86 Mbit/s
Tue Nov 29 00:45:01 CET 2016
Ping: 26.44 ms
Download: 21.40 Mbit/s
Upload: 0.86 Mbit/s
Tue Nov 29 01:45:01 CET 2016
Ping: 26.285 ms
Download: 21.30 Mbit/s
Upload: 0.86 Mbit/s
Tue Nov 29 02:45:01 CET 2016
Ping: 26.431 ms
Download: 20.01 Mbit/s
Upload: 0.84 Mbit/s
Tue Nov 29 03:45:01 CET 2016
Ping: 29.876 ms
Download: 20.91 Mbit/s
Upload: 0.86 Mbit/s
Tue Nov 29 04:45:01 CET 2016
Ping: 26.673 ms
Download: 21.45 Mbit/s
Upload: 0.84 Mbit/s
Tue Nov 29 05:45:01 CET 2016
Ping: 26.402 ms
Download: 21.44 Mbit/s
Upload: 0.87 Mbit/s
Tue Nov 29 06:45:01 CET 2016
Ping: 29.462 ms
Download: 21.38 Mbit/s
Upload: 0.79 Mbit/s
Tue Nov 29 07:45:01 CET 2016
Ping: 26.248 ms
Download: 20.71 Mbit/s
Upload: 0.84 Mbit/s
Tue Nov 29 08:45:01 CET 2016
Ping: 26.168 ms
Download: 20.44 Mbit/s
Upload: 0.83 Mbit/s
Tue Nov 29 09:45:01 CET 2016
Ping: 25.716 ms
Download: 21.16 Mbit/s
Upload: 0.86 Mbit/s
Tue Nov 29 10:45:01 CET 2016
Ping: 24.2 ms
Download: 21.43 Mbit/s
Upload: 0.86 Mbit/s
Tue Nov 29 11:45:01 CET 2016
Ping: 25.862 ms
Download: 20.79 Mbit/s
Upload: 0.85 Mbit/s
Tue Nov 29 12:45:01 CET 2016
Ping: 27.023 ms
Download: 18.25 Mbit/s
Upload: 0.77 Mbit/s
Tue Nov 29 13:45:01 CET 2016
Ping: 24.481 ms
Download: 20.67 Mbit/s
Upload: 0.82 Mbit/s
Tue Nov 29 14:45:01 CET 2016
Ping: 26.021 ms
Download: 21.40 Mbit/s
Upload: 0.82 Mbit/s
Tue Nov 29 15:45:01 CET 2016
Ping: 26.763 ms
Download: 20.37 Mbit/s
Upload: 0.87 Mbit/s
Tue Nov 29 16:45:01 CET 2016
Ping: 30.778 ms
Download: 21.55 Mbit/s
Upload: 0.56 Mbit/s
Tue Nov 29 17:45:01 CET 2016
Ping: 28.688 ms
Download: 21.44 Mbit/s
Upload: 0.84 Mbit/s
Tue Nov 29 18:45:01 CET 2016
Ping: 24.452 ms
Download: 20.93 Mbit/s
Upload: 0.86 Mbit/s
Tue Nov 29 19:45:01 CET 2016
Ping: 25.677 ms
Download: 21.39 Mbit/s
Upload: 0.86 Mbit/s
Tue Nov 29 20:45:01 CET 2016
Ping: 24.944 ms
Download: 20.84 Mbit/s
Upload: 0.85 Mbit/s
Tue Nov 29 21:45:01 CET 2016
Ping: 25.96 ms
Download: 14.03 Mbit/s
Upload: 0.74 Mbit/s
Tue Nov 29 22:45:01 CET 2016
Ping: 26.776 ms
Download: 21.45 Mbit/s
Upload: 0.88 Mbit/s
Tue Nov 29 23:45:02 CET 2016
Ping: 28.054 ms
Download: 21.41 Mbit/s
Upload: 0.87 Mbit/s
Wed Nov 30 00:45:01 CET 2016
Ping: 26.165 ms
Download: 21.45 Mbit/s
Upload: 0.88 Mbit/s
Wed Nov 30 01:45:01 CET 2016
Ping: 26.947 ms
Download: 21.43 Mbit/s
Upload: 0.86 Mbit/s
Wed Nov 30 02:45:01 CET 2016
Ping: 25.363 ms
Download: 21.45 Mbit/s
Upload: 0.87 Mbit/s
Wed Nov 30 03:45:01 CET 2016
Ping: 28.333 ms
Download: 21.57 Mbit/s
Upload: 0.85 Mbit/s
Wed Nov 30 04:45:02 CET 2016
Ping: 28.153 ms
Download: 21.61 Mbit/s
Upload: 0.88 Mbit/s
Wed Nov 30 05:45:01 CET 2016
Ping: 28.312 ms
Download: 21.39 Mbit/s
Upload: 0.84 Mbit/s
Wed Nov 30 06:45:01 CET 2016
Ping: 29.111 ms
Download: 21.38 Mbit/s
Upload: 0.87 Mbit/s
Wed Nov 30 07:45:01 CET 2016
Ping: 30.415 ms
Download: 21.11 Mbit/s
Upload: 0.85 Mbit/s
Wed Nov 30 08:45:01 CET 2016
Ping: 30.19 ms
Download: 21.43 Mbit/s
Upload: 0.86 Mbit/s
Wed Nov 30 09:45:01 CET 2016
Ping: 27.06 ms
Download: 21.36 Mbit/s
Upload: 0.86 Mbit/s
Wed Nov 30 10:45:02 CET 2016
Ping: 26.354 ms
Download: 21.34 Mbit/s
Upload: 0.86 Mbit/s
Wed Nov 30 11:45:02 CET 2016
Ping: 25.919 ms
Download: 17.57 Mbit/s
Upload: 0.71 Mbit/s
Wed Nov 30 12:45:01 CET 2016
Ping: 26.375 ms
Download: 21.43 Mbit/s
Upload: 0.86 Mbit/s
Wed Nov 30 13:45:01 CET 2016
Ping: 26.426 ms
Download: 16.59 Mbit/s
Upload: 0.82 Mbit/s
Wed Nov 30 14:45:01 CET 2016
Ping: 26.508 ms
Download: 20.65 Mbit/s
Upload: 0.86 Mbit/s
Wed Nov 30 15:45:02 CET 2016
Ping: 26.766 ms
Download: 16.58 Mbit/s
Upload: 0.76 Mbit/s
Wed Nov 30 16:45:01 CET 2016
Ping: 26.308 ms
Download: 21.08 Mbit/s
Upload: 0.86 Mbit/s
Wed Nov 30 17:45:01 CET 2016
Ping: 26.326 ms
Download: 20.65 Mbit/s
Upload: 0.86 Mbit/s
Wed Nov 30 18:45:01 CET 2016
Ping: 25.014 ms
Download: 21.42 Mbit/s
Upload: 0.86 Mbit/s
Wed Nov 30 19:45:02 CET 2016
Ping: 31.632 ms
Download: 21.42 Mbit/s
Upload: 0.86 Mbit/s
Wed Nov 30 20:45:01 CET 2016
Ping: 27.677 ms
Download: 21.42 Mbit/s
Upload: 0.82 Mbit/s
Wed Nov 30 21:45:01 CET 2016
Ping: 25.357 ms
Download: 21.38 Mbit/s
Upload: 0.86 Mbit/s
Wed Nov 30 22:45:01 CET 2016
Ping: 32.62 ms
Download: 21.34 Mbit/s
Upload: 0.85 Mbit/s
Wed Nov 30 23:45:01 CET 2016
Ping: 27.008 ms
Download: 18.18 Mbit/s
Upload: 0.86 Mbit/s
