Do 1. Sep 00:45:02 CEST 2016
Ping: 28.019 ms
Download: 21.56 Mbit/s
Upload: 0.89 Mbit/s
Do 1. Sep 01:45:01 CEST 2016
Ping: 28.122 ms
Download: 21.62 Mbit/s
Upload: 0.88 Mbit/s
Do 1. Sep 02:45:01 CEST 2016
Ping: 28.979 ms
Download: 21.25 Mbit/s
Upload: 0.89 Mbit/s
Do 1. Sep 03:45:01 CEST 2016
Ping: 29.0 ms
Download: 21.58 Mbit/s
Upload: 0.89 Mbit/s
Do 1. Sep 04:45:01 CEST 2016
Ping: 29.716 ms
Download: 21.47 Mbit/s
Upload: 0.89 Mbit/s
Do 1. Sep 05:45:01 CEST 2016
Ping: 28.376 ms
Download: 21.22 Mbit/s
Upload: 0.88 Mbit/s
Do 1. Sep 06:45:01 CEST 2016
Ping: 28.273 ms
Download: 21.56 Mbit/s
Upload: 0.86 Mbit/s
Do 1. Sep 07:45:01 CEST 2016
Ping: 29.374 ms
Download: 21.56 Mbit/s
Upload: 0.88 Mbit/s
Do 1. Sep 08:45:01 CEST 2016
Ping: 28.385 ms
Download: 19.31 Mbit/s
Upload: 0.74 Mbit/s
Do 1. Sep 09:45:01 CEST 2016
Ping: 29.604 ms
Download: 20.21 Mbit/s
Upload: 0.76 Mbit/s
Do 1. Sep 10:45:01 CEST 2016
Ping: 29.823 ms
Download: 21.07 Mbit/s
Upload: 0.86 Mbit/s
Do 1. Sep 11:45:01 CEST 2016
Ping: 27.928 ms
Download: 21.41 Mbit/s
Upload: 0.88 Mbit/s
Do 1. Sep 12:45:01 CEST 2016
Ping: 29.064 ms
Download: 21.53 Mbit/s
Upload: 0.87 Mbit/s
Do 1. Sep 13:45:01 CEST 2016
Ping: 27.874 ms
Download: 21.16 Mbit/s
Upload: 0.69 Mbit/s
Do 1. Sep 14:45:01 CEST 2016
Ping: 29.591 ms
Download: 21.45 Mbit/s
Upload: 0.86 Mbit/s
Do 1. Sep 15:45:01 CEST 2016
Ping: 29.012 ms
Download: 21.41 Mbit/s
Upload: 0.88 Mbit/s
Do 1. Sep 16:45:01 CEST 2016
Ping: 30.354 ms
Download: 20.10 Mbit/s
Upload: 0.84 Mbit/s
Do 1. Sep 17:45:01 CEST 2016
Ping: 28.849 ms
Download: 21.51 Mbit/s
Upload: 0.89 Mbit/s
Do 1. Sep 18:45:01 CEST 2016
Ping: 30.476 ms
Download: 21.61 Mbit/s
Upload: 0.84 Mbit/s
Do 1. Sep 19:45:01 CEST 2016
Ping: 29.787 ms
Download: 21.47 Mbit/s
Upload: 0.88 Mbit/s
Do 1. Sep 20:45:01 CEST 2016
Ping: 28.964 ms
Download: 21.60 Mbit/s
Upload: 0.88 Mbit/s
Do 1. Sep 21:45:01 CEST 2016
Ping: 28.172 ms
Download: 21.54 Mbit/s
Upload: 0.82 Mbit/s
Do 1. Sep 22:45:01 CEST 2016
Ping: 30.809 ms
Download: 21.50 Mbit/s
Upload: 0.89 Mbit/s
Do 1. Sep 23:45:02 CEST 2016
Ping: 29.106 ms
Download: 21.42 Mbit/s
Upload: 0.87 Mbit/s
Fr 2. Sep 00:45:01 CEST 2016
Ping: 27.865 ms
Download: 21.50 Mbit/s
Upload: 0.89 Mbit/s
Fr 2. Sep 01:45:01 CEST 2016
Ping: 28.286 ms
Download: 21.60 Mbit/s
Upload: 0.89 Mbit/s
Fr 2. Sep 02:45:01 CEST 2016
Ping: 28.241 ms
Download: 21.41 Mbit/s
Upload: 0.88 Mbit/s
Fr 2. Sep 03:45:01 CEST 2016
Ping: 29.628 ms
Download: 21.12 Mbit/s
Upload: 0.88 Mbit/s
Fr 2. Sep 04:45:01 CEST 2016
Ping: 27.421 ms
Download: 21.57 Mbit/s
Upload: 0.89 Mbit/s
Fr 2. Sep 05:45:01 CEST 2016
Ping: 30.021 ms
Download: 21.38 Mbit/s
Upload: 0.86 Mbit/s
Fr 2. Sep 06:45:01 CEST 2016
Ping: 30.911 ms
Download: 21.60 Mbit/s
Upload: 0.89 Mbit/s
Fr 2. Sep 07:45:01 CEST 2016
Ping: 26.931 ms
Download: 20.72 Mbit/s
Upload: 0.86 Mbit/s
Fr 2. Sep 08:45:01 CEST 2016
Ping: 28.538 ms
Download: 20.47 Mbit/s
Upload: 0.83 Mbit/s
Fr 2. Sep 09:45:01 CEST 2016
Ping: 30.543 ms
Download: 21.38 Mbit/s
Upload: 0.88 Mbit/s
Fr 2. Sep 10:45:01 CEST 2016
Ping: 27.354 ms
Download: 21.59 Mbit/s
Upload: 0.88 Mbit/s
Fr 2. Sep 11:45:01 CEST 2016
Ping: 27.677 ms
Download: 21.55 Mbit/s
Upload: 0.88 Mbit/s
Fr 2. Sep 12:45:01 CEST 2016
Ping: 28.518 ms
Download: 21.55 Mbit/s
Upload: 0.76 Mbit/s
Fr 2. Sep 13:45:01 CEST 2016
Ping: 101.453 ms
Download: 21.21 Mbit/s
Upload: 0.72 Mbit/s
Fr 2. Sep 14:45:01 CEST 2016
Ping: 29.57 ms
Download: 21.47 Mbit/s
Upload: 0.88 Mbit/s
Fr 2. Sep 15:45:01 CEST 2016
Ping: 29.567 ms
Download: 21.57 Mbit/s
Upload: 0.89 Mbit/s
Fr 2. Sep 16:45:01 CEST 2016
Ping: 28.367 ms
Download: 21.43 Mbit/s
Upload: 0.82 Mbit/s
Fr 2. Sep 17:45:01 CEST 2016
Ping: 31.464 ms
Download: 21.46 Mbit/s
Upload: 0.85 Mbit/s
Fr 2. Sep 18:45:01 CEST 2016
Ping: 29.819 ms
Download: 19.08 Mbit/s
Upload: 0.80 Mbit/s
Fr 2. Sep 19:45:01 CEST 2016
Ping: 28.965 ms
Download: 21.41 Mbit/s
Upload: 0.89 Mbit/s
Fr 2. Sep 20:45:01 CEST 2016
Ping: 31.086 ms
Download: 21.60 Mbit/s
Upload: 0.89 Mbit/s
Fr 2. Sep 21:45:01 CEST 2016
Ping: 28.884 ms
Download: 20.20 Mbit/s
Upload: 0.89 Mbit/s
Fr 2. Sep 22:45:01 CEST 2016
Ping: 28.949 ms
Download: 20.34 Mbit/s
Upload: 0.83 Mbit/s
Fr 2. Sep 23:45:01 CEST 2016
Ping: 28.219 ms
Download: 21.53 Mbit/s
Upload: 0.85 Mbit/s
Sa 3. Sep 00:45:01 CEST 2016
Ping: 28.202 ms
Download: 21.58 Mbit/s
Upload: 0.85 Mbit/s
Sa 3. Sep 01:45:01 CEST 2016
Ping: 26.804 ms
Download: 21.54 Mbit/s
Upload: 0.88 Mbit/s
Sa 3. Sep 02:45:01 CEST 2016
Ping: 28.157 ms
Download: 21.59 Mbit/s
Upload: 0.88 Mbit/s
Sa 3. Sep 03:45:01 CEST 2016
Ping: 30.228 ms
Download: 21.63 Mbit/s
Upload: 0.89 Mbit/s
Sa 3. Sep 04:45:01 CEST 2016
Ping: 28.835 ms
Download: 21.62 Mbit/s
Upload: 0.86 Mbit/s
Sa 3. Sep 05:45:01 CEST 2016
Ping: 30.296 ms
Download: 21.39 Mbit/s
Upload: 0.89 Mbit/s
Sa 3. Sep 06:45:01 CEST 2016
Ping: 28.485 ms
Download: 21.47 Mbit/s
Upload: 0.89 Mbit/s
Sa 3. Sep 07:45:01 CEST 2016
Ping: 27.001 ms
Download: 21.59 Mbit/s
Upload: 0.82 Mbit/s
Sa 3. Sep 08:45:01 CEST 2016
Ping: 27.935 ms
Download: 21.56 Mbit/s
Upload: 0.87 Mbit/s
Sa 3. Sep 09:45:01 CEST 2016
Ping: 30.09 ms
Download: 21.56 Mbit/s
Upload: 0.87 Mbit/s
Sa 3. Sep 10:45:01 CEST 2016
Ping: 28.822 ms
Download: 21.60 Mbit/s
Upload: 0.89 Mbit/s
Sa 3. Sep 11:45:01 CEST 2016
Ping: 29.093 ms
Download: 21.47 Mbit/s
Upload: 0.86 Mbit/s
Sa 3. Sep 12:45:01 CEST 2016
Ping: 29.807 ms
Download: 21.38 Mbit/s
Upload: 0.88 Mbit/s
Sa 3. Sep 13:45:01 CEST 2016
Ping: 27.95 ms
Download: 21.56 Mbit/s
Upload: 0.89 Mbit/s
Sa 3. Sep 14:45:01 CEST 2016
Ping: 27.634 ms
Download: 21.25 Mbit/s
Upload: 0.76 Mbit/s
Sa 3. Sep 15:45:01 CEST 2016
Ping: 27.25 ms
Download: 21.27 Mbit/s
Upload: 0.89 Mbit/s
Sa 3. Sep 16:45:01 CEST 2016
Ping: 28.192 ms
Download: 21.47 Mbit/s
Upload: 0.89 Mbit/s
Sa 3. Sep 17:45:01 CEST 2016
Ping: 29.605 ms
Download: 19.70 Mbit/s
Upload: 0.76 Mbit/s
Sa 3. Sep 18:45:01 CEST 2016
Ping: 29.595 ms
Download: 21.21 Mbit/s
Upload: 0.87 Mbit/s
Sa 3. Sep 19:45:01 CEST 2016
Ping: 30.285 ms
Download: 21.50 Mbit/s
Upload: 0.88 Mbit/s
Sa 3. Sep 20:45:01 CEST 2016
Ping: 29.537 ms
Download: 21.47 Mbit/s
Upload: 0.89 Mbit/s
Sa 3. Sep 21:45:01 CEST 2016
Ping: 29.993 ms
Download: 21.24 Mbit/s
Upload: 0.88 Mbit/s
Sa 3. Sep 22:45:01 CEST 2016
Ping: 28.467 ms
Download: 21.60 Mbit/s
Upload: 0.88 Mbit/s
Sa 3. Sep 23:45:01 CEST 2016
Ping: 30.248 ms
Download: 21.41 Mbit/s
Upload: 0.86 Mbit/s
So 4. Sep 00:45:01 CEST 2016
Ping: 28.696 ms
Download: 21.60 Mbit/s
Upload: 0.85 Mbit/s
So 4. Sep 01:45:01 CEST 2016
Ping: 28.774 ms
Download: 21.17 Mbit/s
Upload: 0.88 Mbit/s
So 4. Sep 02:45:01 CEST 2016
Ping: 28.747 ms
Download: 21.48 Mbit/s
Upload: 0.89 Mbit/s
So 4. Sep 03:45:01 CEST 2016
Ping: 29.047 ms
Download: 21.62 Mbit/s
Upload: 0.89 Mbit/s
So 4. Sep 04:45:01 CEST 2016
Ping: 27.503 ms
Download: 21.59 Mbit/s
Upload: 0.87 Mbit/s
So 4. Sep 05:45:01 CEST 2016
Ping: 27.709 ms
Download: 21.12 Mbit/s
Upload: 0.89 Mbit/s
So 4. Sep 06:45:01 CEST 2016
Ping: 28.929 ms
Download: 21.63 Mbit/s
Upload: 0.72 Mbit/s
So 4. Sep 07:45:01 CEST 2016
Ping: 30.356 ms
Download: 21.39 Mbit/s
Upload: 0.87 Mbit/s
So 4. Sep 08:45:01 CEST 2016
Ping: 28.125 ms
Download: 21.57 Mbit/s
Upload: 0.88 Mbit/s
So 4. Sep 09:45:02 CEST 2016
Ping: 29.239 ms
Download: 21.51 Mbit/s
Upload: 0.71 Mbit/s
So 4. Sep 10:45:01 CEST 2016
Ping: 29.371 ms
Download: 21.59 Mbit/s
Upload: 0.88 Mbit/s
So 4. Sep 11:45:01 CEST 2016
Ping: 29.016 ms
Download: 21.54 Mbit/s
Upload: 0.89 Mbit/s
So 4. Sep 12:45:01 CEST 2016
Ping: 27.784 ms
Download: 17.95 Mbit/s
Upload: 0.82 Mbit/s
So 4. Sep 13:45:01 CEST 2016
Ping: 29.793 ms
Download: 21.47 Mbit/s
Upload: 0.82 Mbit/s
So 4. Sep 14:45:01 CEST 2016
Ping: 30.249 ms
Download: 21.33 Mbit/s
Upload: 0.88 Mbit/s
So 4. Sep 15:45:01 CEST 2016
Ping: 28.601 ms
Download: 21.59 Mbit/s
Upload: 0.69 Mbit/s
So 4. Sep 16:45:01 CEST 2016
Ping: 27.949 ms
Download: 21.56 Mbit/s
Upload: 0.84 Mbit/s
So 4. Sep 17:45:01 CEST 2016
Ping: 29.036 ms
Download: 21.33 Mbit/s
Upload: 0.87 Mbit/s
So 4. Sep 18:45:01 CEST 2016
Ping: 27.447 ms
Download: 21.59 Mbit/s
Upload: 0.86 Mbit/s
So 4. Sep 19:45:01 CEST 2016
Ping: 28.074 ms
Download: 20.48 Mbit/s
Upload: 0.76 Mbit/s
So 4. Sep 20:45:01 CEST 2016
Ping: 30.381 ms
Download: 21.60 Mbit/s
Upload: 0.89 Mbit/s
So 4. Sep 21:45:01 CEST 2016
Ping: 30.092 ms
Download: 21.14 Mbit/s
Upload: 0.85 Mbit/s
So 4. Sep 22:45:01 CEST 2016
Ping: 30.055 ms
Download: 21.62 Mbit/s
Upload: 0.88 Mbit/s
So 4. Sep 23:45:01 CEST 2016
Ping: 29.964 ms
Download: 21.36 Mbit/s
Upload: 0.89 Mbit/s
Mo 5. Sep 00:45:01 CEST 2016
Ping: 27.936 ms
Download: 21.60 Mbit/s
Upload: 0.88 Mbit/s
Mo 5. Sep 01:45:01 CEST 2016
Ping: 29.213 ms
Download: 21.37 Mbit/s
Upload: 0.87 Mbit/s
Mo 5. Sep 02:45:01 CEST 2016
Ping: 27.288 ms
Download: 21.56 Mbit/s
Upload: 0.89 Mbit/s
Mo 5. Sep 03:45:01 CEST 2016
Ping: 29.305 ms
Download: 21.06 Mbit/s
Upload: 0.87 Mbit/s
Mo 5. Sep 04:45:01 CEST 2016
Ping: 29.157 ms
Download: 21.52 Mbit/s
Upload: 0.77 Mbit/s
Mo 5. Sep 05:45:01 CEST 2016
Ping: 28.603 ms
Download: 21.41 Mbit/s
Upload: 0.88 Mbit/s
Mo 5. Sep 06:45:01 CEST 2016
Ping: 29.837 ms
Download: 21.59 Mbit/s
Upload: 0.86 Mbit/s
Mo 5. Sep 07:45:01 CEST 2016
Ping: 28.217 ms
Download: 20.90 Mbit/s
Upload: 0.70 Mbit/s
Mo 5. Sep 08:45:01 CEST 2016
Ping: 28.246 ms
Download: 14.87 Mbit/s
Upload: 0.71 Mbit/s
Mo 5. Sep 09:45:01 CEST 2016
Ping: 28.841 ms
Download: 21.62 Mbit/s
Upload: 0.88 Mbit/s
Mo 5. Sep 10:45:01 CEST 2016
Ping: 27.076 ms
Download: 21.56 Mbit/s
Upload: 0.86 Mbit/s
Mo 5. Sep 11:45:01 CEST 2016
Ping: 27.749 ms
Download: 21.54 Mbit/s
Upload: 0.86 Mbit/s
Mo 5. Sep 12:45:01 CEST 2016
Ping: 26.359 ms
Download: 16.32 Mbit/s
Upload: 0.73 Mbit/s
Mo 5. Sep 13:45:01 CEST 2016
Ping: 28.422 ms
Download: 21.62 Mbit/s
Upload: 0.88 Mbit/s
Mo 5. Sep 14:45:01 CEST 2016
Ping: 24.561 ms
Download: 19.35 Mbit/s
Upload: 0.79 Mbit/s
Mo 5. Sep 15:45:01 CEST 2016
Ping: 28.387 ms
Download: 21.44 Mbit/s
Upload: 0.88 Mbit/s
Mo 5. Sep 16:45:01 CEST 2016
Ping: 25.317 ms
Download: 20.91 Mbit/s
Upload: 0.86 Mbit/s
Mo 5. Sep 17:45:01 CEST 2016
Ping: 27.623 ms
Download: 21.60 Mbit/s
Upload: 0.89 Mbit/s
Mo 5. Sep 18:45:01 CEST 2016
Ping: 28.373 ms
Download: 19.63 Mbit/s
Upload: 0.82 Mbit/s
Mo 5. Sep 19:45:01 CEST 2016
Ping: 28.886 ms
Download: 21.47 Mbit/s
Upload: 0.88 Mbit/s
Mo 5. Sep 20:45:01 CEST 2016
Ping: 29.891 ms
Download: 21.43 Mbit/s
Upload: 0.87 Mbit/s
Mo 5. Sep 21:45:01 CEST 2016
Ping: 29.981 ms
Download: 21.56 Mbit/s
Upload: 0.84 Mbit/s
Mo 5. Sep 22:45:01 CEST 2016
Ping: 29.241 ms
Download: 21.41 Mbit/s
Upload: 0.87 Mbit/s
Mo 5. Sep 23:45:01 CEST 2016
Ping: 27.357 ms
Download: 21.42 Mbit/s
Upload: 0.89 Mbit/s
Di 6. Sep 00:45:01 CEST 2016
Ping: 30.234 ms
Download: 21.38 Mbit/s
Upload: 0.89 Mbit/s
Di 6. Sep 01:45:01 CEST 2016
Ping: 26.257 ms
Download: 21.60 Mbit/s
Upload: 0.88 Mbit/s
Di 6. Sep 02:45:01 CEST 2016
Ping: 29.275 ms
Download: 21.63 Mbit/s
Upload: 0.85 Mbit/s
Di 6. Sep 03:45:01 CEST 2016
Ping: 28.136 ms
Download: 21.62 Mbit/s
Upload: 0.85 Mbit/s
Di 6. Sep 04:45:01 CEST 2016
Ping: 29.83 ms
Download: 21.62 Mbit/s
Upload: 0.85 Mbit/s
Di 6. Sep 05:45:01 CEST 2016
Ping: 28.136 ms
Download: 21.31 Mbit/s
Upload: 0.89 Mbit/s
Di 6. Sep 06:45:01 CEST 2016
Ping: 30.105 ms
Download: 21.55 Mbit/s
Upload: 0.86 Mbit/s
Di 6. Sep 07:45:01 CEST 2016
Ping: 29.199 ms
Download: 21.61 Mbit/s
Upload: 0.89 Mbit/s
Di 6. Sep 08:45:01 CEST 2016
Ping: 31.032 ms
Download: 21.42 Mbit/s
Upload: 0.79 Mbit/s
Di 6. Sep 09:45:01 CEST 2016
Ping: 29.088 ms
Download: 21.53 Mbit/s
Upload: 0.87 Mbit/s
Di 6. Sep 10:45:01 CEST 2016
Ping: 30.687 ms
Download: 21.18 Mbit/s
Upload: 0.88 Mbit/s
Di 6. Sep 11:45:01 CEST 2016
Ping: 26.266 ms
Download: 21.53 Mbit/s
Upload: 0.89 Mbit/s
Di 6. Sep 12:45:01 CEST 2016
Ping: 27.754 ms
Download: 21.63 Mbit/s
Upload: 0.89 Mbit/s
Di 6. Sep 13:45:01 CEST 2016
Ping: 28.985 ms
Download: 21.42 Mbit/s
Upload: 0.89 Mbit/s
Di 6. Sep 14:45:01 CEST 2016
Ping: 24.007 ms
Download: 21.59 Mbit/s
Upload: 0.86 Mbit/s
Di 6. Sep 15:45:01 CEST 2016
Ping: 22.343 ms
Download: 21.48 Mbit/s
Upload: 0.88 Mbit/s
Di 6. Sep 16:45:01 CEST 2016
Ping: 24.119 ms
Download: 21.36 Mbit/s
Upload: 0.88 Mbit/s
Di 6. Sep 17:45:01 CEST 2016
Ping: 24.909 ms
Download: 21.38 Mbit/s
Upload: 0.85 Mbit/s
Di 6. Sep 18:45:01 CEST 2016
Ping: 23.673 ms
Download: 21.48 Mbit/s
Upload: 0.88 Mbit/s
Di 6. Sep 19:45:01 CEST 2016
Ping: 24.898 ms
Download: 21.51 Mbit/s
Upload: 0.85 Mbit/s
Di 6. Sep 20:45:01 CEST 2016
Ping: 24.687 ms
Download: 21.03 Mbit/s
Upload: 0.87 Mbit/s
Di 6. Sep 21:45:01 CEST 2016
Ping: 24.56 ms
Download: 20.41 Mbit/s
Upload: 0.73 Mbit/s
Di 6. Sep 22:45:01 CEST 2016
Ping: 25.06 ms
Download: 21.63 Mbit/s
Upload: 0.89 Mbit/s
Di 6. Sep 23:45:01 CEST 2016
Ping: 23.309 ms
Download: 21.52 Mbit/s
Upload: 0.85 Mbit/s
Sun Sep 11 09:33:44 CEST 2016
Sun Sep 11 09:35:11 CEST 2016
Ping: 24.283 ms
Download: 21.59 Mbit/s
Upload: 0.83 Mbit/s
Sun Sep 11 16:45:01 CEST 2016
Ping: 23.26 ms
Download: 21.56 Mbit/s
Upload: 0.87 Mbit/s
Sun Sep 11 17:45:01 CEST 2016
Ping: 23.364 ms
Download: 20.08 Mbit/s
Upload: 0.85 Mbit/s
Sun Sep 11 18:45:01 CEST 2016
Ping: 21.172 ms
Download: 21.59 Mbit/s
Upload: 0.87 Mbit/s
Sun Sep 11 19:45:01 CEST 2016
Ping: 23.555 ms
Download: 21.53 Mbit/s
Upload: 0.85 Mbit/s
Sun Sep 11 20:45:01 CEST 2016
Ping: 22.891 ms
Download: 20.68 Mbit/s
Upload: 0.85 Mbit/s
Sun Sep 11 21:45:01 CEST 2016
Ping: 28.815 ms
Download: 21.58 Mbit/s
Upload: 0.88 Mbit/s
Sun Sep 11 22:45:01 CEST 2016
Ping: 113.077 ms
Download: 16.83 Mbit/s
Upload: 0.54 Mbit/s
Sun Sep 11 23:45:01 CEST 2016
Ping: 74.524 ms
Download: 20.25 Mbit/s
Upload: 0.51 Mbit/s
Mon Sep 12 00:45:01 CEST 2016
Ping: 36.313 ms
Download: 21.13 Mbit/s
Upload: 0.64 Mbit/s
Mon Sep 12 01:45:01 CEST 2016
Ping: 23.875 ms
Download: 21.17 Mbit/s
Upload: 0.88 Mbit/s
Mon Sep 12 02:45:01 CEST 2016
Ping: 23.684 ms
Download: 21.32 Mbit/s
Upload: 0.84 Mbit/s
Mon Sep 12 03:45:01 CEST 2016
Ping: 29.645 ms
Download: 20.43 Mbit/s
Upload: 0.56 Mbit/s
Mon Sep 12 04:45:01 CEST 2016
Ping: 22.93 ms
Download: 19.34 Mbit/s
Upload: 0.75 Mbit/s
Mon Sep 12 05:45:01 CEST 2016
Ping: 22.897 ms
Download: 21.60 Mbit/s
Upload: 0.89 Mbit/s
Mon Sep 12 06:45:01 CEST 2016
Ping: 24.071 ms
Download: 21.58 Mbit/s
Upload: 0.88 Mbit/s
Mon Sep 12 07:45:01 CEST 2016
Ping: 25.211 ms
Download: 20.67 Mbit/s
Upload: 0.31 Mbit/s
Mon Sep 12 08:45:01 CEST 2016
Ping: 129.065 ms
Download: 20.21 Mbit/s
Upload: 0.46 Mbit/s
Mon Sep 12 09:45:01 CEST 2016
Ping: 107.425 ms
Download: 21.43 Mbit/s
Upload: 0.68 Mbit/s
Mon Sep 12 10:45:01 CEST 2016
Ping: 122.653 ms
Download: 21.12 Mbit/s
Upload: 0.65 Mbit/s
Mon Sep 12 11:45:01 CEST 2016
Ping: 120.071 ms
Download: 21.39 Mbit/s
Upload: 0.53 Mbit/s
Mon Sep 12 12:45:01 CEST 2016
Ping: 106.235 ms
Download: 20.82 Mbit/s
Upload: 0.57 Mbit/s
Mon Sep 12 13:45:01 CEST 2016
Ping: 117.834 ms
Download: 20.63 Mbit/s
Upload: 0.58 Mbit/s
Mon Sep 12 14:45:01 CEST 2016
Ping: 125.778 ms
Download: 19.39 Mbit/s
Upload: 0.59 Mbit/s
Mon Sep 12 15:45:01 CEST 2016
Ping: 113.175 ms
Download: 20.58 Mbit/s
Upload: 0.45 Mbit/s
Mon Sep 12 16:45:01 CEST 2016
Ping: 114.334 ms
Download: 21.04 Mbit/s
Upload: 0.64 Mbit/s
Mon Sep 12 17:45:01 CEST 2016
Ping: 118.37 ms
Download: 21.34 Mbit/s
Upload: 0.57 Mbit/s
Mon Sep 12 18:45:01 CEST 2016
Ping: 461.668 ms
Download: 7.70 Mbit/s
Upload: 0.22 Mbit/s
Mon Sep 12 19:45:01 CEST 2016
Ping: 437.909 ms
Download: 12.33 Mbit/s
Upload: 0.16 Mbit/s
Mon Sep 12 20:45:01 CEST 2016
Ping: 124.136 ms
Download: 21.22 Mbit/s
Upload: 0.66 Mbit/s
Mon Sep 12 21:45:01 CEST 2016
Ping: 110.362 ms
Download: 21.20 Mbit/s
Upload: 0.60 Mbit/s
Mon Sep 12 22:45:01 CEST 2016
Ping: 123.054 ms
Download: 21.39 Mbit/s
Upload: 0.59 Mbit/s
Mon Sep 12 23:45:01 CEST 2016
Ping: 119.685 ms
Download: 20.42 Mbit/s
Upload: 0.61 Mbit/s
Tue Sep 13 00:45:01 CEST 2016
Ping: 128.195 ms
Download: 21.18 Mbit/s
Upload: 0.65 Mbit/s
Tue Sep 13 01:45:01 CEST 2016
Ping: 122.5 ms
Download: 21.31 Mbit/s
Upload: 0.55 Mbit/s
Tue Sep 13 02:45:01 CEST 2016
Ping: 77.592 ms
Download: 21.05 Mbit/s
Upload: 0.65 Mbit/s
Tue Sep 13 03:45:01 CEST 2016
Ping: 122.926 ms
Download: 21.36 Mbit/s
Upload: 0.62 Mbit/s
Tue Sep 13 04:45:01 CEST 2016
Ping: 118.075 ms
Download: 21.16 Mbit/s
Upload: 0.68 Mbit/s
Tue Sep 13 05:45:01 CEST 2016
Ping: 116.671 ms
Download: 21.22 Mbit/s
Upload: 0.63 Mbit/s
Tue Sep 13 06:45:01 CEST 2016
Ping: 113.945 ms
Download: 21.22 Mbit/s
Upload: 0.61 Mbit/s
Tue Sep 13 07:45:01 CEST 2016
Ping: 122.631 ms
Download: 21.40 Mbit/s
Upload: 0.67 Mbit/s
Tue Sep 13 08:45:01 CEST 2016
Ping: 114.269 ms
Download: 20.57 Mbit/s
Upload: 0.39 Mbit/s
Tue Sep 13 09:45:01 CEST 2016
Ping: 116.822 ms
Download: 21.12 Mbit/s
Upload: 0.67 Mbit/s
Tue Sep 13 10:45:01 CEST 2016
Ping: 117.953 ms
Download: 21.25 Mbit/s
Upload: 0.63 Mbit/s
Tue Sep 13 11:45:01 CEST 2016
Ping: 124.646 ms
Download: 20.59 Mbit/s
Upload: 0.58 Mbit/s
Tue Sep 13 12:45:01 CEST 2016
Ping: 121.362 ms
Download: 20.25 Mbit/s
Upload: 0.54 Mbit/s
Tue Sep 13 13:45:01 CEST 2016
Ping: 114.807 ms
Download: 21.39 Mbit/s
Upload: 0.67 Mbit/s
Tue Sep 13 14:45:01 CEST 2016
Ping: 119.691 ms
Download: 20.58 Mbit/s
Upload: 0.66 Mbit/s
Tue Sep 13 15:45:01 CEST 2016
Ping: 118.023 ms
Download: 21.08 Mbit/s
Upload: 0.66 Mbit/s
Tue Sep 13 16:45:01 CEST 2016
Ping: 108.766 ms
Download: 21.30 Mbit/s
Upload: 0.40 Mbit/s
Tue Sep 13 17:45:01 CEST 2016
Ping: 110.243 ms
Download: 20.01 Mbit/s
Upload: 0.56 Mbit/s
Tue Sep 13 18:45:01 CEST 2016
Ping: 115.579 ms
Download: 21.34 Mbit/s
Upload: 0.66 Mbit/s
Tue Sep 13 19:45:01 CEST 2016
Ping: 443.585 ms
Download: 8.81 Mbit/s
Upload: 0.15 Mbit/s
Tue Sep 13 20:45:01 CEST 2016
Ping: 122.872 ms
Download: 20.18 Mbit/s
Upload: 0.53 Mbit/s
Tue Sep 13 21:45:01 CEST 2016
Ping: 402.418 ms
Download: 9.59 Mbit/s
Upload: 0.19 Mbit/s
Tue Sep 13 22:45:01 CEST 2016
Ping: 111.256 ms
Download: 20.87 Mbit/s
Upload: 0.00 Mbit/s
Tue Sep 13 23:45:01 CEST 2016
Ping: 120.271 ms
Download: 21.25 Mbit/s
Upload: 0.67 Mbit/s
Wed Sep 14 00:45:01 CEST 2016
Ping: 122.169 ms
Download: 20.89 Mbit/s
Upload: 0.67 Mbit/s
Wed Sep 14 01:45:02 CEST 2016
Ping: 112.071 ms
Download: 21.13 Mbit/s
Upload: 0.67 Mbit/s
Wed Sep 14 02:45:01 CEST 2016
Ping: 107.172 ms
Download: 21.13 Mbit/s
Upload: 0.64 Mbit/s
Wed Sep 14 03:45:01 CEST 2016
Ping: 111.986 ms
Download: 21.10 Mbit/s
Upload: 0.67 Mbit/s
Wed Sep 14 04:45:01 CEST 2016
Ping: 127.315 ms
Download: 21.03 Mbit/s
Upload: 0.66 Mbit/s
Wed Sep 14 05:45:01 CEST 2016
Ping: 113.628 ms
Download: 20.99 Mbit/s
Upload: 0.64 Mbit/s
Wed Sep 14 06:45:01 CEST 2016
Ping: 102.873 ms
Download: 21.10 Mbit/s
Upload: 0.66 Mbit/s
Wed Sep 14 07:45:01 CEST 2016
Ping: 454.566 ms
Download: 8.30 Mbit/s
Upload: 0.23 Mbit/s
Wed Sep 14 08:45:01 CEST 2016
Ping: 455.863 ms
Download: 13.99 Mbit/s
Upload: 0.15 Mbit/s
Wed Sep 14 09:45:01 CEST 2016
Ping: 118.393 ms
Download: 20.18 Mbit/s
Upload: 0.65 Mbit/s
Wed Sep 14 10:45:01 CEST 2016
Ping: 112.242 ms
Download: 21.02 Mbit/s
Upload: 0.64 Mbit/s
Wed Sep 14 11:45:01 CEST 2016
Ping: 121.029 ms
Download: 20.07 Mbit/s
Upload: 0.68 Mbit/s
Wed Sep 14 12:45:01 CEST 2016
Ping: 103.87 ms
Download: 21.19 Mbit/s
Upload: 0.63 Mbit/s
Wed Sep 14 13:45:01 CEST 2016
Ping: 397.531 ms
Download: 10.86 Mbit/s
Upload: 0.62 Mbit/s
Wed Sep 14 14:45:01 CEST 2016
Ping: 119.803 ms
Download: 20.45 Mbit/s
Upload: 0.61 Mbit/s
Wed Sep 14 15:45:01 CEST 2016
Ping: 110.762 ms
Download: 18.46 Mbit/s
Upload: 0.62 Mbit/s
Wed Sep 14 16:45:01 CEST 2016
Ping: 119.295 ms
Download: 21.42 Mbit/s
Upload: 0.65 Mbit/s
Wed Sep 14 17:45:01 CEST 2016
Ping: 127.815 ms
Download: 18.16 Mbit/s
Upload: 0.64 Mbit/s
Wed Sep 14 18:45:01 CEST 2016
Ping: 91.788 ms
Download: 20.68 Mbit/s
Upload: 0.52 Mbit/s
Wed Sep 14 19:45:01 CEST 2016
Ping: 90.64 ms
Download: 15.64 Mbit/s
Upload: 0.21 Mbit/s
Wed Sep 14 20:45:01 CEST 2016
Ping: 113.637 ms
Download: 20.04 Mbit/s
Upload: 0.72 Mbit/s
Wed Sep 14 21:45:01 CEST 2016
Ping: 25.447 ms
Download: 21.13 Mbit/s
Upload: 0.75 Mbit/s
Wed Sep 14 22:45:01 CEST 2016
Ping: 25.837 ms
Download: 21.61 Mbit/s
Upload: 0.86 Mbit/s
Wed Sep 14 23:45:01 CEST 2016
Ping: 25.772 ms
Download: 21.61 Mbit/s
Upload: 0.87 Mbit/s
Thu Sep 15 00:45:02 CEST 2016
Ping: 24.947 ms
Download: 21.44 Mbit/s
Upload: 0.82 Mbit/s
Thu Sep 15 01:45:01 CEST 2016
Ping: 26.116 ms
Download: 21.56 Mbit/s
Upload: 0.70 Mbit/s
Thu Sep 15 02:45:01 CEST 2016
Ping: 25.865 ms
Download: 21.60 Mbit/s
Upload: 0.87 Mbit/s
Thu Sep 15 03:45:01 CEST 2016
Ping: 23.979 ms
Download: 21.61 Mbit/s
Upload: 0.87 Mbit/s
Thu Sep 15 04:45:01 CEST 2016
Ping: 26.282 ms
Download: 21.45 Mbit/s
Upload: 0.86 Mbit/s
Thu Sep 15 05:45:01 CEST 2016
Ping: 24.681 ms
Download: 21.62 Mbit/s
Upload: 0.84 Mbit/s
Thu Sep 15 06:45:01 CEST 2016
Ping: 24.952 ms
Download: 21.43 Mbit/s
Upload: 0.87 Mbit/s
Thu Sep 15 07:45:01 CEST 2016
Ping: 26.453 ms
Download: 21.25 Mbit/s
Upload: 0.87 Mbit/s
Thu Sep 15 08:45:01 CEST 2016
Ping: 25.126 ms
Download: 21.63 Mbit/s
Upload: 0.86 Mbit/s
Thu Sep 15 09:45:01 CEST 2016
Ping: 25.571 ms
Download: 21.60 Mbit/s
Upload: 0.86 Mbit/s
Thu Sep 15 10:45:01 CEST 2016
Ping: 26.058 ms
Download: 20.84 Mbit/s
Upload: 0.85 Mbit/s
Thu Sep 15 11:45:01 CEST 2016
Ping: 25.486 ms
Download: 21.59 Mbit/s
Upload: 0.88 Mbit/s
Thu Sep 15 12:45:01 CEST 2016
Ping: 24.971 ms
Download: 21.60 Mbit/s
Upload: 0.86 Mbit/s
Thu Sep 15 13:45:01 CEST 2016
Ping: 24.455 ms
Download: 19.11 Mbit/s
Upload: 0.81 Mbit/s
Thu Sep 15 14:45:02 CEST 2016
Ping: 24.742 ms
Download: 21.40 Mbit/s
Upload: 0.83 Mbit/s
Thu Sep 15 15:45:01 CEST 2016
Ping: 25.319 ms
Download: 21.30 Mbit/s
Upload: 0.76 Mbit/s
Thu Sep 15 16:45:01 CEST 2016
Ping: 26.175 ms
Download: 21.49 Mbit/s
Upload: 0.87 Mbit/s
Thu Sep 15 17:45:01 CEST 2016
Ping: 25.616 ms
Download: 20.90 Mbit/s
Upload: 0.79 Mbit/s
Thu Sep 15 18:45:01 CEST 2016
Ping: 25.527 ms
Download: 21.56 Mbit/s
Upload: 0.87 Mbit/s
Thu Sep 15 19:45:01 CEST 2016
Ping: 26.02 ms
Download: 20.93 Mbit/s
Upload: 0.85 Mbit/s
Thu Sep 15 20:45:01 CEST 2016
Ping: 26.302 ms
Download: 21.29 Mbit/s
Upload: 0.82 Mbit/s
Thu Sep 15 21:45:01 CEST 2016
Ping: 31.133 ms
Download: 17.70 Mbit/s
Upload: 0.81 Mbit/s
Thu Sep 15 22:45:01 CEST 2016
Ping: 25.58 ms
Download: 17.61 Mbit/s
Upload: 0.82 Mbit/s
Thu Sep 15 23:45:01 CEST 2016
Ping: 25.555 ms
Download: 21.55 Mbit/s
Upload: 0.85 Mbit/s
Fri Sep 16 00:45:02 CEST 2016
Ping: 27.375 ms
Download: 21.61 Mbit/s
Upload: 0.84 Mbit/s
Fri Sep 16 01:45:01 CEST 2016
Ping: 25.456 ms
Download: 21.63 Mbit/s
Upload: 0.87 Mbit/s
Fri Sep 16 02:45:01 CEST 2016
Ping: 25.64 ms
Download: 21.52 Mbit/s
Upload: 0.84 Mbit/s
Fri Sep 16 03:45:01 CEST 2016
Ping: 25.092 ms
Download: 21.52 Mbit/s
Upload: 0.89 Mbit/s
Fri Sep 16 04:45:01 CEST 2016
Ping: 25.342 ms
Download: 21.56 Mbit/s
Upload: 0.87 Mbit/s
Fri Sep 16 05:45:02 CEST 2016
Ping: 26.971 ms
Download: 21.61 Mbit/s
Upload: 0.87 Mbit/s
Fri Sep 16 06:45:01 CEST 2016
Ping: 25.639 ms
Download: 21.60 Mbit/s
Upload: 0.85 Mbit/s
Fri Sep 16 07:45:01 CEST 2016
Ping: 23.838 ms
Download: 21.54 Mbit/s
Upload: 0.83 Mbit/s
Fri Sep 16 08:45:01 CEST 2016
Ping: 24.872 ms
Download: 21.58 Mbit/s
Upload: 0.86 Mbit/s
Fri Sep 16 09:45:01 CEST 2016
Ping: 27.124 ms
Download: 21.55 Mbit/s
Upload: 0.87 Mbit/s
Fri Sep 16 10:45:01 CEST 2016
Ping: 25.067 ms
Download: 21.64 Mbit/s
Upload: 0.85 Mbit/s
Fri Sep 16 11:45:01 CEST 2016
Ping: 26.738 ms
Download: 21.52 Mbit/s
Upload: 0.87 Mbit/s
Fri Sep 16 12:45:01 CEST 2016
Ping: 23.925 ms
Download: 21.48 Mbit/s
Upload: 0.87 Mbit/s
Fri Sep 16 13:45:01 CEST 2016
Ping: 25.705 ms
Download: 21.57 Mbit/s
Upload: 0.87 Mbit/s
Fri Sep 16 14:45:01 CEST 2016
Ping: 26.453 ms
Download: 21.61 Mbit/s
Upload: 0.81 Mbit/s
Fri Sep 16 15:45:01 CEST 2016
Ping: 26.434 ms
Download: 17.32 Mbit/s
Upload: 0.60 Mbit/s
Fri Sep 16 16:45:01 CEST 2016
Ping: 24.605 ms
Download: 21.62 Mbit/s
Upload: 0.87 Mbit/s
Fri Sep 16 17:45:01 CEST 2016
Ping: 23.402 ms
Download: 18.61 Mbit/s
Upload: 0.82 Mbit/s
Fri Sep 16 18:45:01 CEST 2016
Ping: 27.912 ms
Download: 21.34 Mbit/s
Upload: 0.81 Mbit/s
Fri Sep 16 19:45:01 CEST 2016
Ping: 25.409 ms
Download: 16.13 Mbit/s
Upload: 0.68 Mbit/s
Fri Sep 16 20:45:01 CEST 2016
Ping: 24.907 ms
Download: 21.59 Mbit/s
Upload: 0.88 Mbit/s
Fri Sep 16 21:45:01 CEST 2016
Ping: 24.741 ms
Download: 21.48 Mbit/s
Upload: 0.87 Mbit/s
Fri Sep 16 22:45:01 CEST 2016
Ping: 27.8 ms
Download: 21.63 Mbit/s
Upload: 0.87 Mbit/s
Fri Sep 16 23:45:01 CEST 2016
Ping: 26.652 ms
Download: 21.56 Mbit/s
Upload: 0.86 Mbit/s
Sat Sep 17 00:45:01 CEST 2016
Ping: 25.774 ms
Download: 21.49 Mbit/s
Upload: 0.87 Mbit/s
Sat Sep 17 01:45:01 CEST 2016
Ping: 25.812 ms
Download: 21.61 Mbit/s
Upload: 0.87 Mbit/s
Sat Sep 17 02:45:02 CEST 2016
Ping: 26.284 ms
Download: 21.60 Mbit/s
Upload: 0.84 Mbit/s
Sat Sep 17 03:45:01 CEST 2016
Ping: 24.845 ms
Download: 21.61 Mbit/s
Upload: 0.87 Mbit/s
Sat Sep 17 04:45:01 CEST 2016
Ping: 24.169 ms
Download: 21.11 Mbit/s
Upload: 0.87 Mbit/s
Sat Sep 17 05:45:01 CEST 2016
Ping: 26.476 ms
Download: 21.62 Mbit/s
Upload: 0.87 Mbit/s
Sat Sep 17 06:45:01 CEST 2016
Ping: 25.137 ms
Download: 21.43 Mbit/s
Upload: 0.87 Mbit/s
Sat Sep 17 07:45:01 CEST 2016
Ping: 26.289 ms
Download: 21.57 Mbit/s
Upload: 0.87 Mbit/s
Sat Sep 17 08:45:01 CEST 2016
Ping: 25.194 ms
Download: 21.48 Mbit/s
Upload: 0.86 Mbit/s
Sat Sep 17 09:45:02 CEST 2016
Ping: 26.678 ms
Download: 21.47 Mbit/s
Upload: 0.87 Mbit/s
Sat Sep 17 10:45:01 CEST 2016
Ping: 25.83 ms
Download: 21.57 Mbit/s
Upload: 0.87 Mbit/s
Sat Sep 17 11:45:01 CEST 2016
Ping: 32.96 ms
Download: 15.60 Mbit/s
Upload: 0.69 Mbit/s
Sat Sep 17 12:45:01 CEST 2016
Ping: 26.16 ms
Download: 21.31 Mbit/s
Upload: 0.80 Mbit/s
Sat Sep 17 13:45:01 CEST 2016
Ping: 26.969 ms
Download: 21.64 Mbit/s
Upload: 0.86 Mbit/s
Sat Sep 17 14:45:01 CEST 2016
Ping: 26.791 ms
Download: 18.81 Mbit/s
Upload: 0.45 Mbit/s
Sat Sep 17 15:45:01 CEST 2016
Ping: 26.299 ms
Download: 21.61 Mbit/s
Upload: 0.86 Mbit/s
Sat Sep 17 16:45:01 CEST 2016
Ping: 24.535 ms
Download: 21.55 Mbit/s
Upload: 0.85 Mbit/s
Sat Sep 17 17:45:01 CEST 2016
Ping: 25.206 ms
Download: 21.47 Mbit/s
Upload: 0.86 Mbit/s
Sat Sep 17 18:45:01 CEST 2016
Ping: 25.345 ms
Download: 21.22 Mbit/s
Upload: 0.84 Mbit/s
Sat Sep 17 19:45:01 CEST 2016
Ping: 26.31 ms
Download: 20.26 Mbit/s
Upload: 0.84 Mbit/s
Sat Sep 17 20:45:01 CEST 2016
Ping: 27.613 ms
Download: 21.61 Mbit/s
Upload: 0.86 Mbit/s
Sat Sep 17 21:45:02 CEST 2016
Ping: 24.201 ms
Download: 21.63 Mbit/s
Upload: 0.87 Mbit/s
Sat Sep 17 22:45:01 CEST 2016
Ping: 25.92 ms
Download: 21.61 Mbit/s
Upload: 0.87 Mbit/s
Sat Sep 17 23:45:01 CEST 2016
Ping: 27.111 ms
Download: 21.61 Mbit/s
Upload: 0.83 Mbit/s
Sun Sep 18 00:45:01 CEST 2016
Ping: 26.349 ms
Download: 21.43 Mbit/s
Upload: 0.87 Mbit/s
Sun Sep 18 01:45:01 CEST 2016
Ping: 25.156 ms
Download: 21.48 Mbit/s
Upload: 0.89 Mbit/s
Sun Sep 18 02:45:01 CEST 2016
Ping: 24.969 ms
Download: 21.60 Mbit/s
Upload: 0.83 Mbit/s
Sun Sep 18 03:45:01 CEST 2016
Ping: 25.479 ms
Download: 21.55 Mbit/s
Upload: 0.86 Mbit/s
Sun Sep 18 04:45:01 CEST 2016
Ping: 24.609 ms
Download: 21.56 Mbit/s
Upload: 0.87 Mbit/s
Sun Sep 18 05:45:01 CEST 2016
Ping: 25.434 ms
Download: 21.57 Mbit/s
Upload: 0.87 Mbit/s
Sun Sep 18 06:45:01 CEST 2016
Ping: 25.092 ms
Download: 21.61 Mbit/s
Upload: 0.87 Mbit/s
Sun Sep 18 07:45:01 CEST 2016
Ping: 25.003 ms
Download: 21.61 Mbit/s
Upload: 0.87 Mbit/s
Sun Sep 18 08:45:01 CEST 2016
Ping: 26.134 ms
Download: 21.57 Mbit/s
Upload: 0.87 Mbit/s
Sun Sep 18 09:45:01 CEST 2016
Ping: 25.263 ms
Download: 21.63 Mbit/s
Upload: 0.86 Mbit/s
Sun Sep 18 10:45:01 CEST 2016
Ping: 24.81 ms
Download: 20.30 Mbit/s
Upload: 0.66 Mbit/s
Sun Sep 18 11:45:01 CEST 2016
Ping: 25.605 ms
Download: 21.61 Mbit/s
Upload: 0.86 Mbit/s
Sun Sep 18 12:45:01 CEST 2016
Ping: 26.762 ms
Download: 21.63 Mbit/s
Upload: 0.85 Mbit/s
Sun Sep 18 13:45:01 CEST 2016
Ping: 25.928 ms
Download: 21.46 Mbit/s
Upload: 0.88 Mbit/s
Sun Sep 18 14:45:01 CEST 2016
Ping: 24.607 ms
Download: 21.57 Mbit/s
Upload: 0.83 Mbit/s
Sun Sep 18 15:45:01 CEST 2016
Ping: 27.563 ms
Download: 21.61 Mbit/s
Upload: 0.84 Mbit/s
Sun Sep 18 16:45:01 CEST 2016
Ping: 26.815 ms
Download: 21.40 Mbit/s
Upload: 0.86 Mbit/s
Sun Sep 18 17:45:01 CEST 2016
Ping: 24.918 ms
Download: 21.25 Mbit/s
Upload: 0.79 Mbit/s
Sun Sep 18 18:45:01 CEST 2016
Ping: 25.425 ms
Download: 21.57 Mbit/s
Upload: 0.87 Mbit/s
Sun Sep 18 19:45:01 CEST 2016
Ping: 24.915 ms
Download: 17.75 Mbit/s
Upload: 0.77 Mbit/s
Sun Sep 18 20:45:01 CEST 2016
Ping: 28.61 ms
Download: 18.53 Mbit/s
Upload: 0.80 Mbit/s
Sun Sep 18 21:45:01 CEST 2016
Ping: 27.042 ms
Download: 21.61 Mbit/s
Upload: 0.86 Mbit/s
Sun Sep 18 22:45:01 CEST 2016
Ping: 26.858 ms
Download: 21.60 Mbit/s
Upload: 0.82 Mbit/s
Sun Sep 18 23:45:01 CEST 2016
Ping: 26.278 ms
Download: 21.61 Mbit/s
Upload: 0.87 Mbit/s
Mon Sep 19 00:45:01 CEST 2016
Ping: 26.236 ms
Download: 21.61 Mbit/s
Upload: 0.87 Mbit/s
Mon Sep 19 01:45:01 CEST 2016
Ping: 27.291 ms
Download: 21.54 Mbit/s
Upload: 0.87 Mbit/s
Mon Sep 19 02:45:01 CEST 2016
Ping: 25.314 ms
Download: 21.52 Mbit/s
Upload: 0.89 Mbit/s
Mon Sep 19 03:45:01 CEST 2016
Ping: 23.687 ms
Download: 21.63 Mbit/s
Upload: 0.87 Mbit/s
Mon Sep 19 04:45:01 CEST 2016
Ping: 24.808 ms
Download: 21.48 Mbit/s
Upload: 0.87 Mbit/s
Mon Sep 19 05:45:01 CEST 2016
Ping: 23.563 ms
Download: 21.62 Mbit/s
Upload: 0.72 Mbit/s
Mon Sep 19 06:45:01 CEST 2016
Ping: 26.429 ms
Download: 21.43 Mbit/s
Upload: 0.84 Mbit/s
Mon Sep 19 07:45:01 CEST 2016
Ping: 26.26 ms
Download: 21.39 Mbit/s
Upload: 0.86 Mbit/s
Mon Sep 19 08:45:01 CEST 2016
Ping: 24.938 ms
Download: 21.58 Mbit/s
Upload: 0.87 Mbit/s
Mon Sep 19 09:45:01 CEST 2016
Ping: 24.177 ms
Download: 21.57 Mbit/s
Upload: 0.75 Mbit/s
Mon Sep 19 10:45:01 CEST 2016
Ping: 25.737 ms
Download: 21.58 Mbit/s
Upload: 0.79 Mbit/s
Mon Sep 19 11:45:01 CEST 2016
Ping: 29.308 ms
Download: 21.43 Mbit/s
Upload: 0.86 Mbit/s
Mon Sep 19 12:45:01 CEST 2016
Ping: 32.103 ms
Download: 21.25 Mbit/s
Upload: 0.77 Mbit/s
Mon Sep 19 13:45:01 CEST 2016
Ping: 28.347 ms
Download: 21.41 Mbit/s
Upload: 0.86 Mbit/s
Mon Sep 19 14:45:01 CEST 2016
Ping: 33.882 ms
Download: 21.42 Mbit/s
Upload: 0.85 Mbit/s
Mon Sep 19 15:45:01 CEST 2016
Ping: 31.575 ms
Download: 21.34 Mbit/s
Upload: 0.84 Mbit/s
Mon Sep 19 16:45:01 CEST 2016
Ping: 30.662 ms
Download: 21.43 Mbit/s
Upload: 0.86 Mbit/s
Mon Sep 19 17:45:01 CEST 2016
Ping: 27.377 ms
Download: 21.40 Mbit/s
Upload: 0.85 Mbit/s
Mon Sep 19 18:45:01 CEST 2016
Ping: 27.415 ms
Download: 21.39 Mbit/s
Upload: 0.86 Mbit/s
Mon Sep 19 19:45:01 CEST 2016
Ping: 33.624 ms
Download: 15.90 Mbit/s
Upload: 0.76 Mbit/s
Mon Sep 19 20:45:01 CEST 2016
Ping: 30.853 ms
Download: 17.15 Mbit/s
Upload: 0.70 Mbit/s
Mon Sep 19 21:45:01 CEST 2016
Ping: 31.005 ms
Download: 21.34 Mbit/s
Upload: 0.87 Mbit/s
Mon Sep 19 22:45:01 CEST 2016
Ping: 30.484 ms
Download: 21.46 Mbit/s
Upload: 0.85 Mbit/s
Mon Sep 19 23:45:01 CEST 2016
Ping: 36.323 ms
Download: 21.40 Mbit/s
Upload: 0.84 Mbit/s
Tue Sep 20 00:45:01 CEST 2016
Ping: 26.348 ms
Download: 21.29 Mbit/s
Upload: 0.86 Mbit/s
Tue Sep 20 01:45:01 CEST 2016
Ping: 30.886 ms
Download: 21.43 Mbit/s
Upload: 0.86 Mbit/s
Tue Sep 20 02:45:01 CEST 2016
Ping: 30.405 ms
Download: 21.30 Mbit/s
Upload: 0.86 Mbit/s
Tue Sep 20 03:45:01 CEST 2016
Ping: 29.34 ms
Download: 21.29 Mbit/s
Upload: 0.88 Mbit/s
Tue Sep 20 04:45:01 CEST 2016
Ping: 27.777 ms
Download: 21.40 Mbit/s
Upload: 0.86 Mbit/s
Tue Sep 20 05:45:01 CEST 2016
Ping: 34.257 ms
Download: 21.42 Mbit/s
Upload: 0.86 Mbit/s
Tue Sep 20 06:45:01 CEST 2016
Ping: 33.709 ms
Download: 21.40 Mbit/s
Upload: 0.87 Mbit/s
Tue Sep 20 07:45:01 CEST 2016
Ping: 36.632 ms
Download: 21.45 Mbit/s
Upload: 0.85 Mbit/s
Tue Sep 20 08:45:01 CEST 2016
Ping: 30.003 ms
Download: 21.39 Mbit/s
Upload: 0.86 Mbit/s
Tue Sep 20 09:45:02 CEST 2016
Ping: 34.452 ms
Download: 20.64 Mbit/s
Upload: 0.87 Mbit/s
Tue Sep 20 10:45:01 CEST 2016
Ping: 30.098 ms
Download: 21.28 Mbit/s
Upload: 0.87 Mbit/s
Tue Sep 20 11:45:01 CEST 2016
Ping: 24.889 ms
Download: 21.43 Mbit/s
Upload: 0.86 Mbit/s
Tue Sep 20 12:45:01 CEST 2016
Ping: 31.576 ms
Download: 19.91 Mbit/s
Upload: 0.80 Mbit/s
Tue Sep 20 13:45:01 CEST 2016
Ping: 25.283 ms
Download: 20.93 Mbit/s
Upload: 0.87 Mbit/s
Tue Sep 20 14:45:01 CEST 2016
Ping: 25.768 ms
Download: 19.97 Mbit/s
Upload: 0.79 Mbit/s
Tue Sep 20 15:45:01 CEST 2016
Ping: 25.813 ms
Download: 17.87 Mbit/s
Upload: 0.71 Mbit/s
Tue Sep 20 16:45:01 CEST 2016
Ping: 25.837 ms
Download: 19.86 Mbit/s
Upload: 0.83 Mbit/s
Tue Sep 20 17:45:01 CEST 2016
Ping: 25.333 ms
Download: 21.59 Mbit/s
Upload: 0.86 Mbit/s
Tue Sep 20 18:45:01 CEST 2016
Ping: 24.491 ms
Download: 21.60 Mbit/s
Upload: 0.87 Mbit/s
Tue Sep 20 19:45:01 CEST 2016
Ping: 27.591 ms
Download: 21.57 Mbit/s
Upload: 0.85 Mbit/s
Tue Sep 20 20:45:01 CEST 2016
Ping: 26.934 ms
Download: 21.60 Mbit/s
Upload: 0.86 Mbit/s
Tue Sep 20 21:45:02 CEST 2016
Ping: 25.706 ms
Download: 21.58 Mbit/s
Upload: 0.87 Mbit/s
Tue Sep 20 22:45:01 CEST 2016
Ping: 27.251 ms
Download: 21.61 Mbit/s
Upload: 0.87 Mbit/s
Tue Sep 20 23:45:01 CEST 2016
Ping: 27.3 ms
Download: 21.62 Mbit/s
Upload: 0.87 Mbit/s
Wed Sep 21 00:45:01 CEST 2016
Ping: 23.958 ms
Download: 21.39 Mbit/s
Upload: 0.87 Mbit/s
Wed Sep 21 01:45:01 CEST 2016
Ping: 24.555 ms
Download: 21.52 Mbit/s
Upload: 0.87 Mbit/s
Wed Sep 21 02:45:01 CEST 2016
Ping: 26.915 ms
Download: 21.48 Mbit/s
Upload: 0.87 Mbit/s
Wed Sep 21 03:45:01 CEST 2016
Ping: 24.378 ms
Download: 21.57 Mbit/s
Upload: 0.87 Mbit/s
Wed Sep 21 04:45:01 CEST 2016
Ping: 26.843 ms
Download: 21.57 Mbit/s
Upload: 0.87 Mbit/s
Wed Sep 21 05:45:01 CEST 2016
Ping: 26.275 ms
Download: 21.55 Mbit/s
Upload: 0.87 Mbit/s
Wed Sep 21 06:45:01 CEST 2016
Ping: 24.201 ms
Download: 21.61 Mbit/s
Upload: 0.86 Mbit/s
Wed Sep 21 07:45:02 CEST 2016
Ping: 25.226 ms
Download: 20.61 Mbit/s
Upload: 0.87 Mbit/s
Wed Sep 21 08:45:01 CEST 2016
Ping: 25.28 ms
Download: 21.57 Mbit/s
Upload: 0.86 Mbit/s
Wed Sep 21 09:45:01 CEST 2016
Ping: 26.518 ms
Download: 21.10 Mbit/s
Upload: 0.82 Mbit/s
Wed Sep 21 10:45:01 CEST 2016
Ping: 25.483 ms
Download: 21.45 Mbit/s
Upload: 0.70 Mbit/s
Wed Sep 21 11:45:01 CEST 2016
Ping: 26.305 ms
Download: 21.61 Mbit/s
Upload: 0.87 Mbit/s
Wed Sep 21 12:45:01 CEST 2016
Ping: 25.797 ms
Download: 21.22 Mbit/s
Upload: 0.87 Mbit/s
Wed Sep 21 13:45:01 CEST 2016
Ping: 25.19 ms
Download: 20.89 Mbit/s
Upload: 0.80 Mbit/s
Wed Sep 21 14:45:01 CEST 2016
Ping: 28.705 ms
Download: 21.20 Mbit/s
Upload: 0.86 Mbit/s
Wed Sep 21 15:45:01 CEST 2016
Ping: 29.568 ms
Download: 21.59 Mbit/s
Upload: 0.85 Mbit/s
Wed Sep 21 16:45:01 CEST 2016
Ping: 29.845 ms
Download: 21.46 Mbit/s
Upload: 0.86 Mbit/s
Wed Sep 21 17:45:01 CEST 2016
Ping: 29.774 ms
Download: 21.47 Mbit/s
Upload: 0.86 Mbit/s
Wed Sep 21 18:45:01 CEST 2016
Ping: 28.247 ms
Download: 21.61 Mbit/s
Upload: 0.84 Mbit/s
Wed Sep 21 19:45:01 CEST 2016
Ping: 28.972 ms
Download: 21.46 Mbit/s
Upload: 0.87 Mbit/s
Wed Sep 21 20:45:01 CEST 2016
Ping: 29.937 ms
Download: 20.74 Mbit/s
Upload: 0.82 Mbit/s
Wed Sep 21 21:45:02 CEST 2016
Ping: 28.506 ms
Download: 21.23 Mbit/s
Upload: 0.86 Mbit/s
Wed Sep 21 22:45:01 CEST 2016
Ping: 30.142 ms
Download: 21.20 Mbit/s
Upload: 0.88 Mbit/s
Wed Sep 21 23:45:01 CEST 2016
Ping: 26.332 ms
Download: 21.25 Mbit/s
Upload: 0.86 Mbit/s
Thu Sep 22 00:45:01 CEST 2016
Ping: 30.342 ms
Download: 21.38 Mbit/s
Upload: 0.86 Mbit/s
Thu Sep 22 01:45:01 CEST 2016
Ping: 28.294 ms
Download: 21.21 Mbit/s
Upload: 0.87 Mbit/s
Thu Sep 22 02:45:01 CEST 2016
Ping: 29.446 ms
Download: 21.60 Mbit/s
Upload: 0.89 Mbit/s
Thu Sep 22 03:45:01 CEST 2016
Ping: 30.67 ms
Download: 21.56 Mbit/s
Upload: 0.87 Mbit/s
Thu Sep 22 04:45:01 CEST 2016
Ping: 30.951 ms
Download: 21.47 Mbit/s
Upload: 0.85 Mbit/s
Thu Sep 22 05:45:01 CEST 2016
Ping: 29.859 ms
Download: 21.61 Mbit/s
Upload: 0.87 Mbit/s
Thu Sep 22 06:45:01 CEST 2016
Ping: 31.022 ms
Download: 21.61 Mbit/s
Upload: 0.85 Mbit/s
Thu Sep 22 07:45:02 CEST 2016
Ping: 30.25 ms
Download: 20.97 Mbit/s
Upload: 0.87 Mbit/s
Thu Sep 22 08:45:01 CEST 2016
Ping: 30.394 ms
Download: 20.86 Mbit/s
Upload: 0.86 Mbit/s
Thu Sep 22 09:45:01 CEST 2016
Ping: 31.603 ms
Download: 21.62 Mbit/s
Upload: 0.87 Mbit/s
Thu Sep 22 10:45:01 CEST 2016
Ping: 27.645 ms
Download: 21.39 Mbit/s
Upload: 0.86 Mbit/s
Thu Sep 22 11:45:02 CEST 2016
Ping: 30.707 ms
Download: 21.12 Mbit/s
Upload: 0.87 Mbit/s
Thu Sep 22 12:45:01 CEST 2016
Ping: 29.884 ms
Download: 20.12 Mbit/s
Upload: 0.72 Mbit/s
Thu Sep 22 13:45:01 CEST 2016
Ping: 30.245 ms
Download: 21.52 Mbit/s
Upload: 0.87 Mbit/s
Thu Sep 22 14:45:01 CEST 2016
Ping: 27.731 ms
Download: 21.42 Mbit/s
Upload: 0.86 Mbit/s
Thu Sep 22 15:45:01 CEST 2016
Ping: 31.616 ms
Download: 21.40 Mbit/s
Upload: 0.87 Mbit/s
Thu Sep 22 16:45:01 CEST 2016
Ping: 29.053 ms
Download: 21.40 Mbit/s
Upload: 0.85 Mbit/s
Thu Sep 22 17:45:01 CEST 2016
Ping: 29.774 ms
Download: 20.71 Mbit/s
Upload: 0.85 Mbit/s
Thu Sep 22 18:45:01 CEST 2016
Ping: 29.495 ms
Download: 21.61 Mbit/s
Upload: 0.83 Mbit/s
Thu Sep 22 19:45:01 CEST 2016
Ping: 30.127 ms
Download: 20.96 Mbit/s
Upload: 0.80 Mbit/s
Thu Sep 22 20:45:01 CEST 2016
Ping: 30.925 ms
Download: 17.24 Mbit/s
Upload: 0.73 Mbit/s
Thu Sep 22 21:45:01 CEST 2016
Ping: 30.968 ms
Download: 21.59 Mbit/s
Upload: 0.87 Mbit/s
Thu Sep 22 22:45:01 CEST 2016
Ping: 28.746 ms
Download: 21.52 Mbit/s
Upload: 0.86 Mbit/s
Thu Sep 22 23:45:01 CEST 2016
Ping: 29.259 ms
Download: 20.87 Mbit/s
Upload: 0.87 Mbit/s
Fri Sep 23 00:45:01 CEST 2016
Ping: 26.93 ms
Download: 21.57 Mbit/s
Upload: 0.88 Mbit/s
Fri Sep 23 01:45:01 CEST 2016
Ping: 30.462 ms
Download: 21.57 Mbit/s
Upload: 0.87 Mbit/s
Fri Sep 23 02:45:01 CEST 2016
Ping: 30.616 ms
Download: 21.43 Mbit/s
Upload: 0.88 Mbit/s
Fri Sep 23 03:45:01 CEST 2016
Ping: 30.29 ms
Download: 21.48 Mbit/s
Upload: 0.85 Mbit/s
Fri Sep 23 04:45:01 CEST 2016
Ping: 29.479 ms
Download: 21.40 Mbit/s
Upload: 0.87 Mbit/s
Fri Sep 23 05:45:01 CEST 2016
Ping: 27.768 ms
Download: 20.80 Mbit/s
Upload: 0.87 Mbit/s
Fri Sep 23 06:45:01 CEST 2016
Ping: 30.706 ms
Download: 21.48 Mbit/s
Upload: 0.87 Mbit/s
Fri Sep 23 07:45:01 CEST 2016
Ping: 29.785 ms
Download: 21.47 Mbit/s
Upload: 0.89 Mbit/s
Fri Sep 23 08:45:01 CEST 2016
Ping: 30.31 ms
Download: 21.61 Mbit/s
Upload: 0.87 Mbit/s
Fri Sep 23 09:45:01 CEST 2016
Ping: 29.324 ms
Download: 21.43 Mbit/s
Upload: 0.84 Mbit/s
Fri Sep 23 10:45:01 CEST 2016
Ping: 29.288 ms
Download: 21.58 Mbit/s
Upload: 0.86 Mbit/s
Fri Sep 23 11:45:01 CEST 2016
Ping: 30.076 ms
Download: 21.16 Mbit/s
Upload: 0.85 Mbit/s
Fri Sep 23 12:45:01 CEST 2016
Ping: 27.793 ms
Download: 16.39 Mbit/s
Upload: 0.74 Mbit/s
Fri Sep 23 13:45:01 CEST 2016
Ping: 29.963 ms
Download: 20.74 Mbit/s
Upload: 0.83 Mbit/s
Fri Sep 23 14:45:01 CEST 2016
Ping: 29.409 ms
Download: 21.10 Mbit/s
Upload: 0.83 Mbit/s
Fri Sep 23 15:45:01 CEST 2016
Ping: 30.279 ms
Download: 21.60 Mbit/s
Upload: 0.89 Mbit/s
Fri Sep 23 16:45:01 CEST 2016
Ping: 30.152 ms
Download: 19.20 Mbit/s
Upload: 0.88 Mbit/s
Fri Sep 23 17:45:01 CEST 2016
Ping: 30.712 ms
Download: 21.22 Mbit/s
Upload: 0.78 Mbit/s
Fri Sep 23 18:45:01 CEST 2016
Ping: 30.087 ms
Download: 20.56 Mbit/s
Upload: 0.87 Mbit/s
Fri Sep 23 19:45:01 CEST 2016
Ping: 31.31 ms
Download: 18.56 Mbit/s
Upload: 0.74 Mbit/s
Fri Sep 23 20:45:02 CEST 2016
Ping: 30.912 ms
Download: 19.46 Mbit/s
Upload: 0.80 Mbit/s
Fri Sep 23 21:45:01 CEST 2016
Ping: 28.43 ms
Download: 19.35 Mbit/s
Upload: 0.81 Mbit/s
Fri Sep 23 22:45:01 CEST 2016
Ping: 27.987 ms
Download: 20.78 Mbit/s
Upload: 0.78 Mbit/s
Fri Sep 23 23:45:01 CEST 2016
Ping: 30.942 ms
Download: 21.61 Mbit/s
Upload: 0.86 Mbit/s
Sat Sep 24 00:45:02 CEST 2016
Ping: 30.658 ms
Download: 21.59 Mbit/s
Upload: 0.87 Mbit/s
Sat Sep 24 01:45:01 CEST 2016
Ping: 28.769 ms
Download: 21.61 Mbit/s
Upload: 0.87 Mbit/s
Sat Sep 24 02:45:01 CEST 2016
Ping: 29.519 ms
Download: 21.61 Mbit/s
Upload: 0.86 Mbit/s
Sat Sep 24 03:45:01 CEST 2016
Ping: 29.403 ms
Download: 21.21 Mbit/s
Upload: 0.88 Mbit/s
Sat Sep 24 04:45:01 CEST 2016
Ping: 30.189 ms
Download: 21.25 Mbit/s
Upload: 0.87 Mbit/s
Sat Sep 24 05:45:01 CEST 2016
Ping: 30.216 ms
Download: 21.49 Mbit/s
Upload: 0.87 Mbit/s
Sat Sep 24 06:45:01 CEST 2016
Ping: 29.96 ms
Download: 21.63 Mbit/s
Upload: 0.87 Mbit/s
Sat Sep 24 07:45:01 CEST 2016
Ping: 27.982 ms
Download: 16.23 Mbit/s
Upload: 0.37 Mbit/s
Sat Sep 24 08:45:01 CEST 2016
Ping: 30.182 ms
Download: 21.49 Mbit/s
Upload: 0.88 Mbit/s
Sat Sep 24 09:45:01 CEST 2016
Ping: 29.639 ms
Download: 18.15 Mbit/s
Upload: 0.71 Mbit/s
Sat Sep 24 10:45:01 CEST 2016
Ping: 29.573 ms
Download: 20.91 Mbit/s
Upload: 0.87 Mbit/s
Sat Sep 24 11:45:02 CEST 2016
Ping: 26.95 ms
Download: 20.62 Mbit/s
Upload: 0.86 Mbit/s
Sat Sep 24 12:45:01 CEST 2016
Ping: 31.418 ms
Download: 21.04 Mbit/s
Upload: 0.86 Mbit/s
Sat Sep 24 13:45:01 CEST 2016
Ping: 31.705 ms
Download: 21.59 Mbit/s
Upload: 0.87 Mbit/s
Sat Sep 24 14:45:01 CEST 2016
Ping: 30.395 ms
Download: 21.51 Mbit/s
Upload: 0.87 Mbit/s
Sat Sep 24 15:45:01 CEST 2016
Ping: 32.648 ms
Download: 20.10 Mbit/s
Upload: 0.88 Mbit/s
Sat Sep 24 16:45:02 CEST 2016
Ping: 30.08 ms
Download: 19.94 Mbit/s
Upload: 0.86 Mbit/s
Sat Sep 24 17:45:01 CEST 2016
Ping: 32.61 ms
Download: 21.60 Mbit/s
Upload: 0.87 Mbit/s
Sat Sep 24 18:45:01 CEST 2016
Ping: 27.713 ms
Download: 21.37 Mbit/s
Upload: 0.86 Mbit/s
Sat Sep 24 19:45:01 CEST 2016
Ping: 34.32 ms
Download: 15.71 Mbit/s
Upload: 0.72 Mbit/s
Sat Sep 24 20:45:01 CEST 2016
Ping: 31.511 ms
Download: 17.02 Mbit/s
Upload: 0.84 Mbit/s
Sat Sep 24 21:45:01 CEST 2016
Ping: 31.073 ms
Download: 21.48 Mbit/s
Upload: 0.88 Mbit/s
Sat Sep 24 22:45:01 CEST 2016
Ping: 29.403 ms
Download: 21.43 Mbit/s
Upload: 0.86 Mbit/s
Sat Sep 24 23:45:01 CEST 2016
Ping: 28.925 ms
Download: 21.19 Mbit/s
Upload: 0.68 Mbit/s
Sun Sep 25 00:45:01 CEST 2016
Ping: 31.117 ms
Download: 21.60 Mbit/s
Upload: 0.88 Mbit/s
Sun Sep 25 01:45:01 CEST 2016
Ping: 31.249 ms
Download: 20.83 Mbit/s
Upload: 0.86 Mbit/s
Sun Sep 25 02:45:01 CEST 2016
Ping: 29.787 ms
Download: 21.52 Mbit/s
Upload: 0.87 Mbit/s
Sun Sep 25 03:45:01 CEST 2016
Ping: 29.911 ms
Download: 21.61 Mbit/s
Upload: 0.87 Mbit/s
Sun Sep 25 04:45:01 CEST 2016
Ping: 26.782 ms
Download: 21.43 Mbit/s
Upload: 0.85 Mbit/s
Sun Sep 25 05:45:01 CEST 2016
Ping: 28.87 ms
Download: 21.56 Mbit/s
Upload: 0.87 Mbit/s
Sun Sep 25 06:45:01 CEST 2016
Ping: 31.374 ms
Download: 21.58 Mbit/s
Upload: 0.87 Mbit/s
Sun Sep 25 07:45:01 CEST 2016
Ping: 30.039 ms
Download: 21.14 Mbit/s
Upload: 0.86 Mbit/s
Sun Sep 25 08:45:01 CEST 2016
Ping: 32.161 ms
Download: 19.69 Mbit/s
Upload: 0.77 Mbit/s
Sun Sep 25 09:45:01 CEST 2016
Ping: 29.709 ms
Download: 21.47 Mbit/s
Upload: 0.78 Mbit/s
Sun Sep 25 10:45:01 CEST 2016
Ping: 29.221 ms
Download: 21.34 Mbit/s
Upload: 0.85 Mbit/s
Sun Sep 25 11:45:01 CEST 2016
Ping: 31.086 ms
Download: 21.03 Mbit/s
Upload: 0.84 Mbit/s
Sun Sep 25 12:45:01 CEST 2016
Ping: 31.739 ms
Download: 21.17 Mbit/s
Upload: 0.86 Mbit/s
Sun Sep 25 13:45:01 CEST 2016
Ping: 30.286 ms
Download: 21.61 Mbit/s
Upload: 0.86 Mbit/s
Sun Sep 25 14:45:01 CEST 2016
Ping: 29.027 ms
Download: 21.61 Mbit/s
Upload: 0.82 Mbit/s
Sun Sep 25 15:45:01 CEST 2016
Ping: 30.359 ms
Download: 19.18 Mbit/s
Upload: 0.74 Mbit/s
Sun Sep 25 16:45:01 CEST 2016
Ping: 31.385 ms
Download: 21.52 Mbit/s
Upload: 0.87 Mbit/s
Sun Sep 25 17:45:01 CEST 2016
Ping: 31.233 ms
Download: 21.57 Mbit/s
Upload: 0.85 Mbit/s
Sun Sep 25 18:45:01 CEST 2016
Ping: 30.764 ms
Download: 20.85 Mbit/s
Upload: 0.87 Mbit/s
Sun Sep 25 19:45:01 CEST 2016
Ping: 33.608 ms
Download: 20.79 Mbit/s
Upload: 0.83 Mbit/s
Sun Sep 25 20:45:01 CEST 2016
Ping: 32.133 ms
Download: 21.47 Mbit/s
Upload: 0.87 Mbit/s
Sun Sep 25 21:45:01 CEST 2016
Ping: 31.094 ms
Download: 21.43 Mbit/s
Upload: 0.83 Mbit/s
Sun Sep 25 22:45:01 CEST 2016
Ping: 29.273 ms
Download: 21.57 Mbit/s
Upload: 0.88 Mbit/s
Sun Sep 25 23:45:01 CEST 2016
Ping: 31.484 ms
Download: 21.28 Mbit/s
Upload: 0.85 Mbit/s
Mon Sep 26 00:45:01 CEST 2016
Ping: 31.081 ms
Download: 21.57 Mbit/s
Upload: 0.88 Mbit/s
Mon Sep 26 01:45:01 CEST 2016
Ping: 30.588 ms
Download: 21.39 Mbit/s
Upload: 0.84 Mbit/s
Mon Sep 26 02:45:01 CEST 2016
Ping: 30.624 ms
Download: 21.61 Mbit/s
Upload: 0.87 Mbit/s
Mon Sep 26 03:45:01 CEST 2016
Ping: 31.141 ms
Download: 21.48 Mbit/s
Upload: 0.88 Mbit/s
Mon Sep 26 04:45:01 CEST 2016
Ping: 31.744 ms
Download: 21.57 Mbit/s
Upload: 0.87 Mbit/s
Mon Sep 26 05:45:01 CEST 2016
Ping: 29.0 ms
Download: 21.61 Mbit/s
Upload: 0.83 Mbit/s
Mon Sep 26 06:45:01 CEST 2016
Ping: 31.083 ms
Download: 21.60 Mbit/s
Upload: 0.87 Mbit/s
Mon Sep 26 07:45:01 CEST 2016
Ping: 29.275 ms
Download: 20.97 Mbit/s
Upload: 0.87 Mbit/s
Mon Sep 26 08:45:01 CEST 2016
Ping: 29.79 ms
Download: 21.46 Mbit/s
Upload: 0.88 Mbit/s
Mon Sep 26 09:45:01 CEST 2016
Ping: 30.62 ms
Download: 20.98 Mbit/s
Upload: 0.87 Mbit/s
Mon Sep 26 10:45:01 CEST 2016
Ping: 31.022 ms
Download: 21.57 Mbit/s
Upload: 0.87 Mbit/s
Mon Sep 26 11:45:01 CEST 2016
Ping: 30.148 ms
Download: 21.43 Mbit/s
Upload: 0.87 Mbit/s
Mon Sep 26 12:45:01 CEST 2016
Ping: 31.329 ms
Download: 21.61 Mbit/s
Upload: 0.84 Mbit/s
Mon Sep 26 13:45:01 CEST 2016
Ping: 29.982 ms
Download: 20.91 Mbit/s
Upload: 0.86 Mbit/s
Mon Sep 26 14:45:01 CEST 2016
Ping: 30.379 ms
Download: 20.09 Mbit/s
Upload: 0.87 Mbit/s
Mon Sep 26 15:45:01 CEST 2016
Ping: 31.181 ms
Download: 21.58 Mbit/s
Upload: 0.87 Mbit/s
Mon Sep 26 16:45:01 CEST 2016
Ping: 29.459 ms
Download: 21.60 Mbit/s
Upload: 0.87 Mbit/s
Mon Sep 26 17:45:01 CEST 2016
Ping: 32.446 ms
Download: 19.98 Mbit/s
Upload: 0.85 Mbit/s
Mon Sep 26 18:45:01 CEST 2016
Ping: 30.382 ms
Download: 21.43 Mbit/s
Upload: 0.86 Mbit/s
Mon Sep 26 19:45:01 CEST 2016
Ping: 27.131 ms
Download: 20.33 Mbit/s
Upload: 0.83 Mbit/s
Mon Sep 26 20:45:01 CEST 2016
Ping: 31.114 ms
Download: 21.57 Mbit/s
Upload: 0.87 Mbit/s
Mon Sep 26 21:45:01 CEST 2016
Ping: 29.725 ms
Download: 21.47 Mbit/s
Upload: 0.85 Mbit/s
Mon Sep 26 22:45:01 CEST 2016
Ping: 30.938 ms
Download: 21.57 Mbit/s
Upload: 0.87 Mbit/s
Mon Sep 26 23:45:01 CEST 2016
Ping: 30.843 ms
Download: 21.20 Mbit/s
Upload: 0.87 Mbit/s
Tue Sep 27 00:45:01 CEST 2016
Ping: 30.432 ms
Download: 21.61 Mbit/s
Upload: 0.87 Mbit/s
Tue Sep 27 01:45:01 CEST 2016
Ping: 27.576 ms
Download: 21.40 Mbit/s
Upload: 0.87 Mbit/s
Tue Sep 27 02:45:01 CEST 2016
Ping: 31.7 ms
Download: 21.50 Mbit/s
Upload: 0.83 Mbit/s
Tue Sep 27 03:45:01 CEST 2016
Ping: 29.849 ms
Download: 21.60 Mbit/s
Upload: 0.89 Mbit/s
Tue Sep 27 04:45:01 CEST 2016
Ping: 31.059 ms
Download: 20.83 Mbit/s
Upload: 0.83 Mbit/s
Tue Sep 27 05:45:01 CEST 2016
Ping: 30.043 ms
Download: 21.61 Mbit/s
Upload: 0.87 Mbit/s
Tue Sep 27 06:45:01 CEST 2016
Ping: 30.06 ms
Download: 21.57 Mbit/s
Upload: 0.80 Mbit/s
Tue Sep 27 07:45:01 CEST 2016
Ping: 31.704 ms
Download: 21.37 Mbit/s
Upload: 0.87 Mbit/s
Tue Sep 27 08:45:01 CEST 2016
Ping: 28.226 ms
Download: 21.38 Mbit/s
Upload: 0.83 Mbit/s
Tue Sep 27 09:45:01 CEST 2016
Ping: 31.166 ms
Download: 21.60 Mbit/s
Upload: 0.87 Mbit/s
Tue Sep 27 10:45:01 CEST 2016
Ping: 31.292 ms
Download: 21.58 Mbit/s
Upload: 0.87 Mbit/s
Tue Sep 27 11:45:01 CEST 2016
Ping: 30.339 ms
Download: 21.56 Mbit/s
Upload: 0.86 Mbit/s
Tue Sep 27 12:45:01 CEST 2016
Ping: 32.315 ms
Download: 21.43 Mbit/s
Upload: 0.86 Mbit/s
Tue Sep 27 13:45:01 CEST 2016
Ping: 30.268 ms
Download: 21.61 Mbit/s
Upload: 0.87 Mbit/s
Tue Sep 27 14:45:01 CEST 2016
Ping: 28.764 ms
Download: 21.43 Mbit/s
Upload: 0.87 Mbit/s
Tue Sep 27 15:45:01 CEST 2016
Ping: 30.374 ms
Download: 19.54 Mbit/s
Upload: 0.79 Mbit/s
Tue Sep 27 16:45:02 CEST 2016
Ping: 36.794 ms
Download: 18.63 Mbit/s
Upload: 0.79 Mbit/s
Tue Sep 27 17:45:01 CEST 2016
Ping: 29.069 ms
Download: 21.59 Mbit/s
Upload: 0.87 Mbit/s
Tue Sep 27 18:45:01 CEST 2016
Ping: 26.484 ms
Download: 21.43 Mbit/s
Upload: 0.86 Mbit/s
Tue Sep 27 19:45:01 CEST 2016
Ping: 32.348 ms
Download: 21.39 Mbit/s
Upload: 0.87 Mbit/s
Tue Sep 27 20:45:01 CEST 2016
Ping: 28.284 ms
Download: 21.43 Mbit/s
Upload: 0.78 Mbit/s
Tue Sep 27 21:45:01 CEST 2016
Ping: 29.803 ms
Download: 20.95 Mbit/s
Upload: 0.74 Mbit/s
Tue Sep 27 22:45:01 CEST 2016
Ping: 31.466 ms
Download: 16.26 Mbit/s
Upload: 0.78 Mbit/s
Tue Sep 27 23:45:01 CEST 2016
Ping: 29.017 ms
Download: 21.57 Mbit/s
Upload: 0.87 Mbit/s
Wed Sep 28 00:45:01 CEST 2016
Ping: 32.535 ms
Download: 21.61 Mbit/s
Upload: 0.88 Mbit/s
Wed Sep 28 01:45:01 CEST 2016
Ping: 32.177 ms
Download: 21.57 Mbit/s
Upload: 0.86 Mbit/s
Wed Sep 28 02:45:01 CEST 2016
Ping: 31.535 ms
Download: 20.43 Mbit/s
Upload: 0.88 Mbit/s
Wed Sep 28 03:45:01 CEST 2016
Ping: 31.501 ms
Download: 21.57 Mbit/s
Upload: 0.87 Mbit/s
Wed Sep 28 04:45:01 CEST 2016
Ping: 26.361 ms
Download: 19.67 Mbit/s
Upload: 0.81 Mbit/s
Wed Sep 28 05:45:01 CEST 2016
Ping: 30.386 ms
Download: 21.61 Mbit/s
Upload: 0.87 Mbit/s
Wed Sep 28 06:45:01 CEST 2016
Ping: 30.681 ms
Download: 21.34 Mbit/s
Upload: 0.87 Mbit/s
Wed Sep 28 07:45:01 CEST 2016
Ping: 27.735 ms
Download: 21.43 Mbit/s
Upload: 0.86 Mbit/s
Wed Sep 28 08:45:01 CEST 2016
Ping: 30.56 ms
Download: 21.38 Mbit/s
Upload: 0.86 Mbit/s
Wed Sep 28 09:45:01 CEST 2016
Ping: 30.224 ms
Download: 21.52 Mbit/s
Upload: 0.87 Mbit/s
Wed Sep 28 10:45:01 CEST 2016
Ping: 28.253 ms
Download: 21.40 Mbit/s
Upload: 0.86 Mbit/s
Wed Sep 28 11:45:01 CEST 2016
Ping: 30.155 ms
Download: 21.22 Mbit/s
Upload: 0.75 Mbit/s
Wed Sep 28 12:45:01 CEST 2016
Ping: 31.205 ms
Download: 20.58 Mbit/s
Upload: 0.88 Mbit/s
Wed Sep 28 13:45:01 CEST 2016
Ping: 29.036 ms
Download: 20.45 Mbit/s
Upload: 0.80 Mbit/s
Wed Sep 28 14:45:01 CEST 2016
Ping: 29.135 ms
Download: 21.58 Mbit/s
Upload: 0.87 Mbit/s
Wed Sep 28 15:45:01 CEST 2016
Ping: 26.174 ms
Download: 21.40 Mbit/s
Upload: 0.82 Mbit/s
Wed Sep 28 16:45:01 CEST 2016
Ping: 27.53 ms
Download: 21.41 Mbit/s
Upload: 0.72 Mbit/s
Wed Sep 28 17:45:01 CEST 2016
Ping: 27.614 ms
Download: 19.55 Mbit/s
Upload: 0.67 Mbit/s
Wed Sep 28 18:45:01 CEST 2016
Ping: 33.178 ms
Download: 19.04 Mbit/s
Upload: 0.87 Mbit/s
Wed Sep 28 19:45:01 CEST 2016
Ping: 25.009 ms
Download: 21.39 Mbit/s
Upload: 0.86 Mbit/s
Wed Sep 28 20:45:01 CEST 2016
Ping: 29.757 ms
Download: 21.02 Mbit/s
Upload: 0.88 Mbit/s
Wed Sep 28 21:45:01 CEST 2016
Ping: 29.259 ms
Download: 21.42 Mbit/s
Upload: 0.83 Mbit/s
Wed Sep 28 22:45:01 CEST 2016
Ping: 30.383 ms
Download: 21.44 Mbit/s
Upload: 0.87 Mbit/s
Wed Sep 28 23:45:01 CEST 2016
Ping: 30.464 ms
Download: 21.57 Mbit/s
Upload: 0.85 Mbit/s
Thu Sep 29 00:45:01 CEST 2016
Ping: 30.323 ms
Download: 21.59 Mbit/s
Upload: 0.87 Mbit/s
Thu Sep 29 01:45:01 CEST 2016
Ping: 30.382 ms
Download: 21.62 Mbit/s
Upload: 0.87 Mbit/s
Thu Sep 29 02:45:01 CEST 2016
Ping: 30.028 ms
Download: 21.57 Mbit/s
Upload: 0.87 Mbit/s
Thu Sep 29 03:45:01 CEST 2016
Ping: 30.716 ms
Download: 21.61 Mbit/s
Upload: 0.87 Mbit/s
Thu Sep 29 04:45:01 CEST 2016
Ping: 30.923 ms
Download: 21.42 Mbit/s
Upload: 0.87 Mbit/s
Thu Sep 29 05:45:01 CEST 2016
Ping: 31.398 ms
Download: 20.80 Mbit/s
Upload: 0.87 Mbit/s
Thu Sep 29 06:45:01 CEST 2016
Ping: 28.309 ms
Download: 21.33 Mbit/s
Upload: 0.88 Mbit/s
Thu Sep 29 07:45:01 CEST 2016
Ping: 32.737 ms
Download: 21.40 Mbit/s
Upload: 0.85 Mbit/s
Thu Sep 29 08:45:01 CEST 2016
Ping: 29.307 ms
Download: 21.38 Mbit/s
Upload: 0.85 Mbit/s
Thu Sep 29 09:45:01 CEST 2016
Ping: 31.399 ms
Download: 21.14 Mbit/s
Upload: 0.87 Mbit/s
Thu Sep 29 10:45:01 CEST 2016
Ping: 31.676 ms
Download: 19.75 Mbit/s
Upload: 0.88 Mbit/s
Thu Sep 29 11:45:01 CEST 2016
Ping: 31.326 ms
Download: 21.21 Mbit/s
Upload: 0.83 Mbit/s
Thu Sep 29 12:45:01 CEST 2016
Ping: 31.866 ms
Download: 15.53 Mbit/s
Upload: 0.66 Mbit/s
Thu Sep 29 13:45:01 CEST 2016
Ping: 31.099 ms
Download: 21.17 Mbit/s
Upload: 0.87 Mbit/s
Thu Sep 29 14:45:01 CEST 2016
Ping: 30.398 ms
Download: 21.57 Mbit/s
Upload: 0.83 Mbit/s
Thu Sep 29 15:45:01 CEST 2016
Ping: 30.915 ms
Download: 21.43 Mbit/s
Upload: 0.87 Mbit/s
Thu Sep 29 16:45:01 CEST 2016
Ping: 29.305 ms
Download: 21.43 Mbit/s
Upload: 0.87 Mbit/s
Thu Sep 29 17:45:01 CEST 2016
Ping: 29.507 ms
Download: 21.13 Mbit/s
Upload: 0.87 Mbit/s
Thu Sep 29 18:45:02 CEST 2016
Ping: 30.821 ms
Download: 20.42 Mbit/s
Upload: 0.86 Mbit/s
Thu Sep 29 19:45:01 CEST 2016
Ping: 33.231 ms
Download: 21.39 Mbit/s
Upload: 0.83 Mbit/s
Thu Sep 29 20:45:01 CEST 2016
Ping: 31.247 ms
Download: 21.35 Mbit/s
Upload: 0.84 Mbit/s
Thu Sep 29 21:45:01 CEST 2016
Ping: 33.06 ms
Download: 20.62 Mbit/s
Upload: 0.88 Mbit/s
Thu Sep 29 22:45:01 CEST 2016
Ping: 32.117 ms
Download: 21.49 Mbit/s
Upload: 0.86 Mbit/s
Thu Sep 29 23:45:01 CEST 2016
Ping: 30.204 ms
Download: 21.56 Mbit/s
Upload: 0.87 Mbit/s
Fri Sep 30 00:45:01 CEST 2016
Ping: 30.191 ms
Download: 21.57 Mbit/s
Upload: 0.87 Mbit/s
Fri Sep 30 01:45:01 CEST 2016
Ping: 32.443 ms
Download: 21.57 Mbit/s
Upload: 0.87 Mbit/s
Fri Sep 30 02:45:01 CEST 2016
Ping: 26.644 ms
Download: 21.40 Mbit/s
Upload: 0.87 Mbit/s
Fri Sep 30 03:45:01 CEST 2016
Ping: 31.714 ms
Download: 21.47 Mbit/s
Upload: 0.88 Mbit/s
Fri Sep 30 04:45:01 CEST 2016
Ping: 33.063 ms
Download: 21.48 Mbit/s
Upload: 0.82 Mbit/s
Fri Sep 30 05:45:01 CEST 2016
Ping: 33.065 ms
Download: 21.20 Mbit/s
Upload: 0.86 Mbit/s
Fri Sep 30 06:45:01 CEST 2016
Ping: 31.397 ms
Download: 21.61 Mbit/s
Upload: 0.87 Mbit/s
Fri Sep 30 07:45:01 CEST 2016
Ping: 30.214 ms
Download: 13.37 Mbit/s
Upload: 0.60 Mbit/s
Fri Sep 30 08:45:01 CEST 2016
Ping: 26.777 ms
Download: 21.43 Mbit/s
Upload: 0.86 Mbit/s
Fri Sep 30 09:45:01 CEST 2016
Ping: 29.074 ms
Download: 21.40 Mbit/s
Upload: 0.87 Mbit/s
Fri Sep 30 10:45:01 CEST 2016
Ping: 29.714 ms
Download: 21.57 Mbit/s
Upload: 0.87 Mbit/s
Fri Sep 30 11:45:01 CEST 2016
Ping: 30.38 ms
Download: 21.57 Mbit/s
Upload: 0.88 Mbit/s
Fri Sep 30 12:45:01 CEST 2016
Ping: 30.393 ms
Download: 21.61 Mbit/s
Upload: 0.87 Mbit/s
Fri Sep 30 13:45:01 CEST 2016
Ping: 30.232 ms
Download: 21.43 Mbit/s
Upload: 0.86 Mbit/s
Fri Sep 30 14:45:01 CEST 2016
Ping: 30.461 ms
Download: 20.62 Mbit/s
Upload: 0.87 Mbit/s
Fri Sep 30 15:45:01 CEST 2016
Ping: 30.383 ms
Download: 21.31 Mbit/s
Upload: 0.87 Mbit/s
Fri Sep 30 16:45:01 CEST 2016
Ping: 29.725 ms
Download: 18.09 Mbit/s
Upload: 0.77 Mbit/s
Fri Sep 30 17:45:02 CEST 2016
Ping: 29.732 ms
Download: 20.55 Mbit/s
Upload: 0.82 Mbit/s
Fri Sep 30 18:45:01 CEST 2016
Ping: 30.393 ms
Download: 20.80 Mbit/s
Upload: 0.84 Mbit/s
Fri Sep 30 19:45:01 CEST 2016
Ping: 28.053 ms
Download: 21.44 Mbit/s
Upload: 0.86 Mbit/s
Fri Sep 30 20:45:01 CEST 2016
Ping: 27.746 ms
Download: 21.43 Mbit/s
Upload: 0.86 Mbit/s
Fri Sep 30 21:45:01 CEST 2016
Ping: 30.416 ms
Download: 21.56 Mbit/s
Upload: 0.89 Mbit/s
Fri Sep 30 22:45:01 CEST 2016
Ping: 29.938 ms
Download: 20.66 Mbit/s
Upload: 0.87 Mbit/s
Fri Sep 30 23:45:02 CEST 2016
Ping: 30.299 ms
Download: 20.96 Mbit/s
Upload: 0.86 Mbit/s
