Mon May  1 00:45:01 CEST 2017
Ping: 27.17 ms
Download: 21.08 Mbit/s
Upload: 0.81 Mbit/s
Mon May  1 01:45:01 CEST 2017
Ping: 26.306 ms
Download: 21.13 Mbit/s
Upload: 0.85 Mbit/s
Mon May  1 02:45:01 CEST 2017
Ping: 26.118 ms
Download: 21.05 Mbit/s
Upload: 0.85 Mbit/s
Mon May  1 03:45:01 CEST 2017
Ping: 25.892 ms
Download: 20.89 Mbit/s
Upload: 0.84 Mbit/s
Mon May  1 04:45:01 CEST 2017
Ping: 28.263 ms
Download: 21.31 Mbit/s
Upload: 0.89 Mbit/s
Mon May  1 05:45:01 CEST 2017
Ping: 26.978 ms
Download: 20.71 Mbit/s
Upload: 0.87 Mbit/s
Mon May  1 06:45:01 CEST 2017
Ping: 27.847 ms
Download: 20.87 Mbit/s
Upload: 0.70 Mbit/s
Mon May  1 07:45:01 CEST 2017
Ping: 30.256 ms
Download: 21.11 Mbit/s
Upload: 0.83 Mbit/s
Mon May  1 08:45:01 CEST 2017
Ping: 27.471 ms
Download: 17.00 Mbit/s
Upload: 0.76 Mbit/s
Mon May  1 09:45:01 CEST 2017
Ping: 28.704 ms
Download: 21.13 Mbit/s
Upload: 0.74 Mbit/s
Mon May  1 10:45:01 CEST 2017
Ping: 26.241 ms
Download: 17.34 Mbit/s
Upload: 0.75 Mbit/s
Mon May  1 11:45:01 CEST 2017
Ping: 31.067 ms
Download: 21.31 Mbit/s
Upload: 0.77 Mbit/s
Mon May  1 12:45:01 CEST 2017
Ping: 28.209 ms
Download: 20.97 Mbit/s
Upload: 0.87 Mbit/s
Mon May  1 13:45:01 CEST 2017
Ping: 28.979 ms
Download: 20.61 Mbit/s
Upload: 0.78 Mbit/s
Mon May  1 14:45:01 CEST 2017
Ping: 29.202 ms
Download: 20.98 Mbit/s
Upload: 0.82 Mbit/s
Mon May  1 15:45:01 CEST 2017
Ping: 28.818 ms
Download: 20.65 Mbit/s
Upload: 0.84 Mbit/s
Mon May  1 16:45:01 CEST 2017
Ping: 28.996 ms
Download: 20.79 Mbit/s
Upload: 0.84 Mbit/s
Mon May  1 17:45:01 CEST 2017
Ping: 28.429 ms
Download: 21.13 Mbit/s
Upload: 0.85 Mbit/s
Mon May  1 18:45:01 CEST 2017
Ping: 29.004 ms
Download: 21.31 Mbit/s
Upload: 0.80 Mbit/s
Mon May  1 19:45:01 CEST 2017
Ping: 27.619 ms
Download: 21.13 Mbit/s
Upload: 0.88 Mbit/s
Mon May  1 20:45:02 CEST 2017
Ping: 34.436 ms
Download: 21.48 Mbit/s
Upload: 0.84 Mbit/s
Mon May  1 21:45:01 CEST 2017
Ping: 30.328 ms
Download: 19.09 Mbit/s
Upload: 0.81 Mbit/s
Mon May  1 22:45:01 CEST 2017
Ping: 27.659 ms
Download: 21.13 Mbit/s
Upload: 0.86 Mbit/s
Mon May  1 23:45:01 CEST 2017
Ping: 30.623 ms
Download: 21.61 Mbit/s
Upload: 0.86 Mbit/s
Tue May  2 00:45:01 CEST 2017
Ping: 29.479 ms
Download: 21.56 Mbit/s
Upload: 0.87 Mbit/s
Tue May  2 01:45:01 CEST 2017
Ping: 28.435 ms
Download: 16.99 Mbit/s
Upload: 0.81 Mbit/s
Tue May  2 02:45:01 CEST 2017
Ping: 29.157 ms
Download: 21.04 Mbit/s
Upload: 0.88 Mbit/s
Tue May  2 03:45:01 CEST 2017
Ping: 27.793 ms
Download: 20.90 Mbit/s
Upload: 0.84 Mbit/s
Tue May  2 04:45:01 CEST 2017
Ping: 26.476 ms
Download: 21.11 Mbit/s
Upload: 0.83 Mbit/s
Tue May  2 05:45:01 CEST 2017
Ping: 28.427 ms
Download: 21.40 Mbit/s
Upload: 0.89 Mbit/s
Tue May  2 06:45:01 CEST 2017
Ping: 30.468 ms
Download: 21.07 Mbit/s
Upload: 0.88 Mbit/s
Tue May  2 07:45:01 CEST 2017
Ping: 27.176 ms
Download: 15.66 Mbit/s
Upload: 0.63 Mbit/s
Tue May  2 08:45:01 CEST 2017
Ping: 27.744 ms
Download: 21.11 Mbit/s
Upload: 0.83 Mbit/s
Tue May  2 09:45:01 CEST 2017
Ping: 30.511 ms
Download: 21.38 Mbit/s
Upload: 0.82 Mbit/s
Tue May  2 10:45:01 CEST 2017
Ping: 26.676 ms
Download: 9.65 Mbit/s
Upload: 0.75 Mbit/s
Tue May  2 11:45:01 CEST 2017
Ping: 29.086 ms
Download: 20.96 Mbit/s
Upload: 0.85 Mbit/s
Tue May  2 12:45:01 CEST 2017
Ping: 29.602 ms
Download: 21.43 Mbit/s
Upload: 0.88 Mbit/s
Tue May  2 13:45:01 CEST 2017
Ping: 27.667 ms
Download: 20.88 Mbit/s
Upload: 0.84 Mbit/s
Tue May  2 14:45:01 CEST 2017
Ping: 29.284 ms
Download: 21.37 Mbit/s
Upload: 0.88 Mbit/s
Tue May  2 15:45:01 CEST 2017
Ping: 29.313 ms
Download: 20.05 Mbit/s
Upload: 0.83 Mbit/s
Tue May  2 16:45:01 CEST 2017
Ping: 29.807 ms
Download: 20.57 Mbit/s
Upload: 0.86 Mbit/s
Tue May  2 17:45:01 CEST 2017
Ping: 30.194 ms
Download: 20.78 Mbit/s
Upload: 0.84 Mbit/s
Tue May  2 18:45:01 CEST 2017
Ping: 29.746 ms
Download: 18.11 Mbit/s
Upload: 0.69 Mbit/s
Tue May  2 19:45:01 CEST 2017
Ping: 29.524 ms
Download: 21.21 Mbit/s
Upload: 0.81 Mbit/s
Tue May  2 20:45:01 CEST 2017
Ping: 28.732 ms
Download: 19.68 Mbit/s
Upload: 0.84 Mbit/s
Tue May  2 21:45:01 CEST 2017
Ping: 29.719 ms
Download: 19.24 Mbit/s
Upload: 0.74 Mbit/s
Tue May  2 22:45:01 CEST 2017
Ping: 29.657 ms
Download: 21.43 Mbit/s
Upload: 0.88 Mbit/s
Tue May  2 23:45:01 CEST 2017
Ping: 27.906 ms
Download: 14.04 Mbit/s
Upload: 0.76 Mbit/s
Wed May  3 00:45:01 CEST 2017
Ping: 30.199 ms
Download: 21.33 Mbit/s
Upload: 0.87 Mbit/s
Wed May  3 01:45:01 CEST 2017
Ping: 27.029 ms
Download: 21.00 Mbit/s
Upload: 0.88 Mbit/s
Wed May  3 02:45:01 CEST 2017
Ping: 29.539 ms
Download: 21.13 Mbit/s
Upload: 0.85 Mbit/s
Wed May  3 03:45:02 CEST 2017
Ping: 27.749 ms
Download: 20.83 Mbit/s
Upload: 0.84 Mbit/s
Wed May  3 04:45:01 CEST 2017
Ping: 28.764 ms
Download: 21.22 Mbit/s
Upload: 0.89 Mbit/s
Wed May  3 05:45:01 CEST 2017
Ping: 30.204 ms
Download: 21.58 Mbit/s
Upload: 0.88 Mbit/s
Wed May  3 06:45:01 CEST 2017
Ping: 29.33 ms
Download: 21.40 Mbit/s
Upload: 0.88 Mbit/s
Wed May  3 07:45:01 CEST 2017
Ping: 27.775 ms
Download: 21.07 Mbit/s
Upload: 0.83 Mbit/s
Wed May  3 08:45:01 CEST 2017
Ping: 27.664 ms
Download: 20.39 Mbit/s
Upload: 0.75 Mbit/s
Wed May  3 09:45:02 CEST 2017
Ping: 27.656 ms
Download: 21.04 Mbit/s
Upload: 0.81 Mbit/s
Wed May  3 10:45:01 CEST 2017
Ping: 26.605 ms
Download: 20.68 Mbit/s
Upload: 0.82 Mbit/s
Wed May  3 11:45:01 CEST 2017
Ping: 29.749 ms
Download: 8.70 Mbit/s
Upload: 0.82 Mbit/s
Wed May  3 12:45:01 CEST 2017
Ping: 100.878 ms
Download: 17.21 Mbit/s
Upload: 0.81 Mbit/s
Wed May  3 13:45:01 CEST 2017
Ping: 30.605 ms
Download: 19.20 Mbit/s
Upload: 0.84 Mbit/s
Wed May  3 14:45:01 CEST 2017
Ping: 27.588 ms
Download: 19.81 Mbit/s
Upload: 0.60 Mbit/s
Wed May  3 15:45:01 CEST 2017
Ping: 29.661 ms
Download: 20.74 Mbit/s
Upload: 0.75 Mbit/s
Wed May  3 16:45:01 CEST 2017
Ping: 27.537 ms
Download: 20.66 Mbit/s
Upload: 0.74 Mbit/s
Wed May  3 17:45:01 CEST 2017
Ping: 31.432 ms
Download: 21.57 Mbit/s
Upload: 0.86 Mbit/s
Wed May  3 18:45:02 CEST 2017
Ping: 28.336 ms
Download: 21.42 Mbit/s
Upload: 0.88 Mbit/s
Wed May  3 19:45:01 CEST 2017
Ping: 29.336 ms
Download: 21.54 Mbit/s
Upload: 0.88 Mbit/s
Wed May  3 20:45:01 CEST 2017
Ping: 31.381 ms
Download: 14.92 Mbit/s
Upload: 0.66 Mbit/s
Wed May  3 21:45:01 CEST 2017
Ping: 30.62 ms
Download: 17.67 Mbit/s
Upload: 0.82 Mbit/s
Wed May  3 22:45:01 CEST 2017
Ping: 29.868 ms
Download: 21.17 Mbit/s
Upload: 0.75 Mbit/s
Wed May  3 23:45:01 CEST 2017
Ping: 27.83 ms
Download: 18.60 Mbit/s
Upload: 0.86 Mbit/s
Thu May  4 00:45:01 CEST 2017
Ping: 29.034 ms
Download: 21.10 Mbit/s
Upload: 0.84 Mbit/s
Thu May  4 01:45:01 CEST 2017
Ping: 29.579 ms
Download: 21.03 Mbit/s
Upload: 0.88 Mbit/s
Thu May  4 02:45:01 CEST 2017
Ping: 30.065 ms
Download: 21.57 Mbit/s
Upload: 0.84 Mbit/s
Thu May  4 03:45:01 CEST 2017
Ping: 30.663 ms
Download: 21.34 Mbit/s
Upload: 0.69 Mbit/s
Thu May  4 04:45:01 CEST 2017
Ping: 28.611 ms
Download: 21.10 Mbit/s
Upload: 0.85 Mbit/s
Thu May  4 05:45:01 CEST 2017
Ping: 28.761 ms
Download: 21.13 Mbit/s
Upload: 0.83 Mbit/s
Thu May  4 06:45:01 CEST 2017
Ping: 28.191 ms
Download: 21.10 Mbit/s
Upload: 0.84 Mbit/s
Thu May  4 07:45:01 CEST 2017
Ping: 29.157 ms
Download: 21.57 Mbit/s
Upload: 0.85 Mbit/s
Thu May  4 08:45:01 CEST 2017
Ping: 31.126 ms
Download: 21.08 Mbit/s
Upload: 0.89 Mbit/s
Thu May  4 09:45:01 CEST 2017
Ping: 30.139 ms
Download: 21.57 Mbit/s
Upload: 0.88 Mbit/s
Thu May  4 10:45:01 CEST 2017
Ping: 28.934 ms
Download: 21.13 Mbit/s
Upload: 0.88 Mbit/s
Thu May  4 11:45:01 CEST 2017
Ping: 28.82 ms
Download: 21.59 Mbit/s
Upload: 0.86 Mbit/s
Thu May  4 12:45:02 CEST 2017
Ping: 31.114 ms
Download: 20.63 Mbit/s
Upload: 0.80 Mbit/s
Thu May  4 13:45:01 CEST 2017
Ping: 26.995 ms
Download: 21.10 Mbit/s
Upload: 0.85 Mbit/s
Thu May  4 14:45:01 CEST 2017
Ping: 29.523 ms
Download: 21.41 Mbit/s
Upload: 0.86 Mbit/s
Thu May  4 15:45:01 CEST 2017
Ping: 28.676 ms
Download: 21.12 Mbit/s
Upload: 0.86 Mbit/s
Thu May  4 16:45:01 CEST 2017
Ping: 30.259 ms
Download: 12.50 Mbit/s
Upload: 0.84 Mbit/s
Thu May  4 17:45:01 CEST 2017
Ping: 30.248 ms
Download: 21.39 Mbit/s
Upload: 0.88 Mbit/s
Thu May  4 18:45:01 CEST 2017
Ping: 31.189 ms
Download: 20.50 Mbit/s
Upload: 0.80 Mbit/s
Thu May  4 19:45:01 CEST 2017
Ping: 28.348 ms
Download: 18.95 Mbit/s
Upload: 0.82 Mbit/s
Thu May  4 20:45:01 CEST 2017
Ping: 31.58 ms
Download: 12.91 Mbit/s
Upload: 0.46 Mbit/s
Thu May  4 21:45:01 CEST 2017
Ping: 26.655 ms
Download: 8.49 Mbit/s
Upload: 0.72 Mbit/s
Thu May  4 22:45:01 CEST 2017
Ping: 31.471 ms
Download: 15.92 Mbit/s
Upload: 0.85 Mbit/s
Thu May  4 23:45:01 CEST 2017
Ping: 27.585 ms
Download: 18.46 Mbit/s
Upload: 0.70 Mbit/s
Fri May  5 00:45:01 CEST 2017
Ping: 27.732 ms
Download: 21.06 Mbit/s
Upload: 0.81 Mbit/s
Fri May  5 01:45:01 CEST 2017
Ping: 28.445 ms
Download: 21.43 Mbit/s
Upload: 0.88 Mbit/s
Fri May  5 02:45:01 CEST 2017
Ping: 27.77 ms
Download: 21.14 Mbit/s
Upload: 0.84 Mbit/s
Fri May  5 03:45:01 CEST 2017
Ping: 28.957 ms
Download: 21.18 Mbit/s
Upload: 0.86 Mbit/s
Fri May  5 04:45:01 CEST 2017
Ping: 26.387 ms
Download: 19.31 Mbit/s
Upload: 0.85 Mbit/s
Fri May  5 05:45:01 CEST 2017
Ping: 28.45 ms
Download: 21.43 Mbit/s
Upload: 0.88 Mbit/s
Fri May  5 06:45:01 CEST 2017
Ping: 27.575 ms
Download: 10.07 Mbit/s
Upload: 0.66 Mbit/s
Fri May  5 07:45:02 CEST 2017
Ping: 29.896 ms
Download: 21.43 Mbit/s
Upload: 0.88 Mbit/s
Fri May  5 08:45:01 CEST 2017
Ping: 28.882 ms
Download: 21.44 Mbit/s
Upload: 0.86 Mbit/s
Fri May  5 09:45:01 CEST 2017
Ping: 30.025 ms
Download: 21.54 Mbit/s
Upload: 0.87 Mbit/s
Fri May  5 10:45:01 CEST 2017
Ping: 26.039 ms
Download: 19.27 Mbit/s
Upload: 0.83 Mbit/s
Fri May  5 11:45:01 CEST 2017
Ping: 29.109 ms
Download: 20.66 Mbit/s
Upload: 0.89 Mbit/s
Fri May  5 12:45:01 CEST 2017
Ping: 29.906 ms
Download: 7.76 Mbit/s
Upload: 0.90 Mbit/s
Fri May  5 13:45:01 CEST 2017
Ping: 30.824 ms
Download: 17.70 Mbit/s
Upload: 0.65 Mbit/s
Fri May  5 14:45:01 CEST 2017
Ping: 29.784 ms
Download: 21.22 Mbit/s
Upload: 0.88 Mbit/s
Fri May  5 15:45:01 CEST 2017
Ping: 29.691 ms
Download: 6.76 Mbit/s
Upload: 0.88 Mbit/s
Fri May  5 16:45:01 CEST 2017
Ping: 27.108 ms
Download: 15.84 Mbit/s
Upload: 0.74 Mbit/s
Fri May  5 17:45:01 CEST 2017
Ping: 28.283 ms
Download: 14.42 Mbit/s
Upload: 0.86 Mbit/s
Fri May  5 18:45:01 CEST 2017
Ping: 29.977 ms
Download: 9.58 Mbit/s
Upload: 0.58 Mbit/s
Fri May  5 19:45:01 CEST 2017
Ping: 30.437 ms
Download: 14.49 Mbit/s
Upload: 0.81 Mbit/s
Fri May  5 20:45:01 CEST 2017
Ping: 29.867 ms
Download: 18.67 Mbit/s
Upload: 0.82 Mbit/s
Fri May  5 21:45:01 CEST 2017
Ping: 30.969 ms
Download: 17.70 Mbit/s
Upload: 0.81 Mbit/s
Fri May  5 22:45:01 CEST 2017
Ping: 32.891 ms
Download: 7.72 Mbit/s
Upload: 0.74 Mbit/s
Fri May  5 23:45:01 CEST 2017
Ping: 32.757 ms
Download: 10.27 Mbit/s
Upload: 0.86 Mbit/s
Sat May  6 00:45:01 CEST 2017
Ping: 27.542 ms
Download: 18.17 Mbit/s
Upload: 0.82 Mbit/s
Sat May  6 01:45:01 CEST 2017
Ping: 27.004 ms
Download: 18.78 Mbit/s
Upload: 0.91 Mbit/s
Sat May  6 02:45:01 CEST 2017
Ping: 26.415 ms
Download: 9.12 Mbit/s
Upload: 0.79 Mbit/s
Sat May  6 03:45:01 CEST 2017
Ping: 27.808 ms
Download: 20.89 Mbit/s
Upload: 0.85 Mbit/s
Sat May  6 04:45:01 CEST 2017
Ping: 25.982 ms
Download: 20.93 Mbit/s
Upload: 0.82 Mbit/s
Sat May  6 05:45:01 CEST 2017
Ping: 24.747 ms
Download: 20.61 Mbit/s
Upload: 0.86 Mbit/s
Sat May  6 06:45:01 CEST 2017
Ping: 26.323 ms
Download: 21.04 Mbit/s
Upload: 0.84 Mbit/s
Sat May  6 07:45:01 CEST 2017
Ping: 27.322 ms
Download: 21.12 Mbit/s
Upload: 0.84 Mbit/s
Sat May  6 08:45:01 CEST 2017
Ping: 28.301 ms
Download: 9.21 Mbit/s
Upload: 0.85 Mbit/s
Sat May  6 09:45:01 CEST 2017
Ping: 27.542 ms
Download: 9.76 Mbit/s
Upload: 0.73 Mbit/s
Sat May  6 10:45:01 CEST 2017
Ping: 29.088 ms
Download: 18.03 Mbit/s
Upload: 0.78 Mbit/s
Sat May  6 11:45:01 CEST 2017
Ping: 28.148 ms
Download: 18.36 Mbit/s
Upload: 0.71 Mbit/s
Sat May  6 12:45:01 CEST 2017
Ping: 30.216 ms
Download: 14.12 Mbit/s
Upload: 0.78 Mbit/s
Sat May  6 13:45:01 CEST 2017
Ping: 132.352 ms
Download: 9.88 Mbit/s
Upload: 0.70 Mbit/s
Sat May  6 14:45:01 CEST 2017
Ping: 31.164 ms
Download: 21.58 Mbit/s
Upload: 0.89 Mbit/s
Sat May  6 15:45:01 CEST 2017
Ping: 31.759 ms
Download: 20.96 Mbit/s
Upload: 0.80 Mbit/s
Sat May  6 16:45:01 CEST 2017
Ping: 30.057 ms
Download: 13.81 Mbit/s
Upload: 0.79 Mbit/s
Sat May  6 17:45:01 CEST 2017
Ping: 30.065 ms
Download: 20.78 Mbit/s
Upload: 0.86 Mbit/s
Sat May  6 18:45:01 CEST 2017
Ping: 29.8 ms
Download: 20.72 Mbit/s
Upload: 0.88 Mbit/s
Sat May  6 19:45:01 CEST 2017
Ping: 27.102 ms
Download: 14.91 Mbit/s
Upload: 0.55 Mbit/s
Sat May  6 20:45:01 CEST 2017
Ping: 25.083 ms
Download: 14.19 Mbit/s
Upload: 0.78 Mbit/s
Sat May  6 21:45:01 CEST 2017
Ping: 28.25 ms
Download: 18.71 Mbit/s
Upload: 0.81 Mbit/s
Sat May  6 22:45:01 CEST 2017
Ping: 28.094 ms
Download: 11.73 Mbit/s
Upload: 0.84 Mbit/s
Sat May  6 23:45:01 CEST 2017
Ping: 28.339 ms
Download: 21.56 Mbit/s
Upload: 0.88 Mbit/s
Sun May  7 00:45:01 CEST 2017
Ping: 29.247 ms
Download: 21.16 Mbit/s
Upload: 0.87 Mbit/s
Sun May  7 01:45:01 CEST 2017
Ping: 29.612 ms
Download: 21.04 Mbit/s
Upload: 0.88 Mbit/s
Sun May  7 02:45:01 CEST 2017
Ping: 28.986 ms
Download: 18.12 Mbit/s
Upload: 0.90 Mbit/s
Sun May  7 03:45:01 CEST 2017
Ping: 30.849 ms
Download: 20.46 Mbit/s
Upload: 0.87 Mbit/s
Sun May  7 04:45:01 CEST 2017
Ping: 31.265 ms
Download: 21.28 Mbit/s
Upload: 0.88 Mbit/s
Sun May  7 05:45:01 CEST 2017
Ping: 28.671 ms
Download: 20.15 Mbit/s
Upload: 0.87 Mbit/s
Sun May  7 06:45:01 CEST 2017
Ping: 34.556 ms
Download: 21.61 Mbit/s
Upload: 0.88 Mbit/s
Sun May  7 07:45:01 CEST 2017
Ping: 29.011 ms
Download: 21.44 Mbit/s
Upload: 0.76 Mbit/s
Sun May  7 08:45:01 CEST 2017
Ping: 31.481 ms
Download: 21.19 Mbit/s
Upload: 0.88 Mbit/s
Sun May  7 09:45:01 CEST 2017
Ping: 28.97 ms
Download: 21.37 Mbit/s
Upload: 0.86 Mbit/s
Sun May  7 10:45:01 CEST 2017
Ping: 31.465 ms
Download: 19.46 Mbit/s
Upload: 0.87 Mbit/s
Sun May  7 11:45:01 CEST 2017
Ping: 30.416 ms
Download: 21.40 Mbit/s
Upload: 0.88 Mbit/s
Sun May  7 12:45:02 CEST 2017
Ping: 28.481 ms
Download: 8.76 Mbit/s
Upload: 0.75 Mbit/s
Sun May  7 13:45:01 CEST 2017
Ping: 28.914 ms
Download: 8.40 Mbit/s
Upload: 0.77 Mbit/s
Sun May  7 14:45:02 CEST 2017
Ping: 30.657 ms
Download: 21.61 Mbit/s
Upload: 0.89 Mbit/s
Sun May  7 15:45:01 CEST 2017
Ping: 30.236 ms
Download: 21.40 Mbit/s
Upload: 0.88 Mbit/s
Sun May  7 16:45:01 CEST 2017
Ping: 29.102 ms
Download: 21.29 Mbit/s
Upload: 0.87 Mbit/s
Sun May  7 17:45:01 CEST 2017
Ping: 30.106 ms
Download: 21.55 Mbit/s
Upload: 0.86 Mbit/s
Sun May  7 18:45:01 CEST 2017
Ping: 30.961 ms
Download: 20.76 Mbit/s
Upload: 0.87 Mbit/s
Sun May  7 19:45:01 CEST 2017
Ping: 31.327 ms
Download: 21.46 Mbit/s
Upload: 0.89 Mbit/s
Sun May  7 20:45:02 CEST 2017
Ping: 30.213 ms
Download: 12.67 Mbit/s
Upload: 0.78 Mbit/s
Sun May  7 21:45:01 CEST 2017
Ping: 31.199 ms
Download: 20.52 Mbit/s
Upload: 0.83 Mbit/s
Sun May  7 22:45:01 CEST 2017
Ping: 28.408 ms
Download: 10.51 Mbit/s
Upload: 0.82 Mbit/s
Sun May  7 23:45:02 CEST 2017
Ping: 29.625 ms
Download: 21.42 Mbit/s
Upload: 0.88 Mbit/s
Mon May  8 00:45:01 CEST 2017
Ping: 28.218 ms
Download: 21.13 Mbit/s
Upload: 0.88 Mbit/s
Mon May  8 01:45:01 CEST 2017
Ping: 31.835 ms
Download: 21.62 Mbit/s
Upload: 0.87 Mbit/s
Mon May  8 02:45:01 CEST 2017
Ping: 29.527 ms
Download: 20.45 Mbit/s
Upload: 0.86 Mbit/s
Mon May  8 03:45:01 CEST 2017
Ping: 27.811 ms
Download: 20.55 Mbit/s
Upload: 0.88 Mbit/s
Mon May  8 04:45:01 CEST 2017
Ping: 30.23 ms
Download: 12.67 Mbit/s
Upload: 0.77 Mbit/s
Mon May  8 05:45:01 CEST 2017
Ping: 30.316 ms
Download: 21.34 Mbit/s
Upload: 0.88 Mbit/s
Mon May  8 06:45:01 CEST 2017
Ping: 28.563 ms
Download: 21.42 Mbit/s
Upload: 0.88 Mbit/s
Mon May  8 07:45:01 CEST 2017
Ping: 28.344 ms
Download: 9.49 Mbit/s
Upload: 0.94 Mbit/s
Mon May  8 08:45:01 CEST 2017
Ping: 30.901 ms
Download: 21.56 Mbit/s
Upload: 0.88 Mbit/s
Mon May  8 09:45:01 CEST 2017
Ping: 27.772 ms
Download: 20.91 Mbit/s
Upload: 0.87 Mbit/s
Mon May  8 10:45:01 CEST 2017
Ping: 30.467 ms
Download: 21.34 Mbit/s
Upload: 0.86 Mbit/s
Mon May  8 11:45:01 CEST 2017
Ping: 28.824 ms
Download: 21.32 Mbit/s
Upload: 0.86 Mbit/s
Mon May  8 12:45:01 CEST 2017
Ping: 31.242 ms
Download: 21.61 Mbit/s
Upload: 0.89 Mbit/s
Mon May  8 13:45:01 CEST 2017
Ping: 28.279 ms
Download: 21.39 Mbit/s
Upload: 0.85 Mbit/s
Mon May  8 14:45:01 CEST 2017
Ping: 30.357 ms
Download: 21.59 Mbit/s
Upload: 0.87 Mbit/s
Mon May  8 15:45:01 CEST 2017
Ping: 33.573 ms
Download: 11.54 Mbit/s
Upload: 0.33 Mbit/s
Mon May  8 16:45:01 CEST 2017
Ping: 28.845 ms
Download: 17.39 Mbit/s
Upload: 0.83 Mbit/s
Mon May  8 17:45:01 CEST 2017
Ping: 28.91 ms
Download: 13.38 Mbit/s
Upload: 0.76 Mbit/s
Mon May  8 18:45:01 CEST 2017
Ping: 33.866 ms
Download: 20.86 Mbit/s
Upload: 0.85 Mbit/s
Mon May  8 19:45:01 CEST 2017
Ping: 27.002 ms
Download: 20.96 Mbit/s
Upload: 0.88 Mbit/s
Mon May  8 20:45:01 CEST 2017
Ping: 27.878 ms
Download: 10.78 Mbit/s
Upload: 0.63 Mbit/s
Mon May  8 21:45:01 CEST 2017
Ping: 30.582 ms
Download: 17.73 Mbit/s
Upload: 0.73 Mbit/s
Mon May  8 22:45:02 CEST 2017
Ping: 31.222 ms
Download: 20.88 Mbit/s
Upload: 0.85 Mbit/s
Mon May  8 23:45:01 CEST 2017
Ping: 29.814 ms
Download: 21.57 Mbit/s
Upload: 0.85 Mbit/s
Tue May  9 00:45:02 CEST 2017
Ping: 29.195 ms
Download: 21.40 Mbit/s
Upload: 0.87 Mbit/s
Tue May  9 01:45:01 CEST 2017
Ping: 28.844 ms
Download: 21.44 Mbit/s
Upload: 0.87 Mbit/s
Tue May  9 02:45:01 CEST 2017
Ping: 29.375 ms
Download: 21.33 Mbit/s
Upload: 0.87 Mbit/s
Tue May  9 03:45:01 CEST 2017
Ping: 28.881 ms
Download: 19.31 Mbit/s
Upload: 0.87 Mbit/s
Tue May  9 04:45:01 CEST 2017
Ping: 26.848 ms
Download: 19.29 Mbit/s
Upload: 0.89 Mbit/s
Tue May  9 05:45:01 CEST 2017
Ping: 27.556 ms
Download: 15.83 Mbit/s
Upload: 0.80 Mbit/s
Tue May  9 06:45:01 CEST 2017
Ping: 26.512 ms
Download: 9.64 Mbit/s
Upload: 0.92 Mbit/s
Tue May  9 07:45:01 CEST 2017
Ping: 28.714 ms
Download: 21.12 Mbit/s
Upload: 0.83 Mbit/s
Tue May  9 08:45:01 CEST 2017
Ping: 26.965 ms
Download: 8.18 Mbit/s
Upload: 0.88 Mbit/s
Tue May  9 09:45:01 CEST 2017
Ping: 29.757 ms
Download: 17.16 Mbit/s
Upload: 0.89 Mbit/s
Tue May  9 10:45:01 CEST 2017
Ping: 30.002 ms
Download: 21.41 Mbit/s
Upload: 0.88 Mbit/s
Tue May  9 11:45:01 CEST 2017
Ping: 29.132 ms
Download: 21.38 Mbit/s
Upload: 0.86 Mbit/s
Tue May  9 12:45:02 CEST 2017
Ping: 31.1 ms
Download: 21.61 Mbit/s
Upload: 0.88 Mbit/s
Tue May  9 13:45:01 CEST 2017
Ping: 28.108 ms
Download: 8.20 Mbit/s
Upload: 0.90 Mbit/s
Tue May  9 14:45:01 CEST 2017
Ping: 28.859 ms
Download: 21.52 Mbit/s
Upload: 0.84 Mbit/s
Tue May  9 15:45:01 CEST 2017
Ping: 30.863 ms
Download: 19.59 Mbit/s
Upload: 0.67 Mbit/s
Tue May  9 16:45:01 CEST 2017
Ping: 29.3 ms
Download: 13.62 Mbit/s
Upload: 0.86 Mbit/s
Tue May  9 17:45:01 CEST 2017
Ping: 27.905 ms
Download: 21.08 Mbit/s
Upload: 0.49 Mbit/s
Tue May  9 18:45:01 CEST 2017
Ping: 31.787 ms
Download: 20.83 Mbit/s
Upload: 0.74 Mbit/s
Tue May  9 19:45:01 CEST 2017
Ping: 31.582 ms
Download: 20.82 Mbit/s
Upload: 0.89 Mbit/s
Tue May  9 20:45:01 CEST 2017
Ping: 29.004 ms
Download: 15.30 Mbit/s
Upload: 0.82 Mbit/s
Tue May  9 21:45:01 CEST 2017
Ping: 31.826 ms
Download: 16.93 Mbit/s
Upload: 0.63 Mbit/s
Tue May  9 22:45:01 CEST 2017
Ping: 31.829 ms
Download: 21.42 Mbit/s
Upload: 0.87 Mbit/s
Tue May  9 23:45:01 CEST 2017
Ping: 29.889 ms
Download: 21.42 Mbit/s
Upload: 0.88 Mbit/s
Wed May 10 00:45:01 CEST 2017
Ping: 29.721 ms
Download: 20.90 Mbit/s
Upload: 0.84 Mbit/s
Wed May 10 01:45:01 CEST 2017
Ping: 29.685 ms
Download: 21.30 Mbit/s
Upload: 0.89 Mbit/s
Wed May 10 02:45:01 CEST 2017
Ping: 29.504 ms
Download: 21.58 Mbit/s
Upload: 0.88 Mbit/s
Wed May 10 03:45:01 CEST 2017
Ping: 25.894 ms
Download: 19.31 Mbit/s
Upload: 0.91 Mbit/s
Wed May 10 04:45:01 CEST 2017
Ping: 27.572 ms
Download: 9.19 Mbit/s
Upload: 0.84 Mbit/s
Wed May 10 05:45:02 CEST 2017
Ping: 31.23 ms
Download: 21.58 Mbit/s
Upload: 0.87 Mbit/s
Wed May 10 06:45:01 CEST 2017
Ping: 30.287 ms
Download: 20.63 Mbit/s
Upload: 0.87 Mbit/s
Wed May 10 07:45:01 CEST 2017
Ping: 30.238 ms
Download: 21.57 Mbit/s
Upload: 0.84 Mbit/s
Wed May 10 08:45:01 CEST 2017
Ping: 31.692 ms
Download: 21.41 Mbit/s
Upload: 0.87 Mbit/s
Wed May 10 09:45:01 CEST 2017
Ping: 24.543 ms
Download: 19.71 Mbit/s
Upload: 0.87 Mbit/s
Wed May 10 10:45:01 CEST 2017
Ping: 30.806 ms
Download: 21.39 Mbit/s
Upload: 0.86 Mbit/s
Wed May 10 11:45:01 CEST 2017
Ping: 25.515 ms
Download: 21.22 Mbit/s
Upload: 0.88 Mbit/s
Wed May 10 12:45:01 CEST 2017
Ping: 28.34 ms
Download: 19.76 Mbit/s
Upload: 0.78 Mbit/s
Wed May 10 13:45:01 CEST 2017
Ping: 28.53 ms
Download: 14.05 Mbit/s
Upload: 0.70 Mbit/s
Wed May 10 14:45:01 CEST 2017
Ping: 28.879 ms
Download: 10.23 Mbit/s
Upload: 0.92 Mbit/s
Wed May 10 15:45:01 CEST 2017
Ping: 29.193 ms
Download: 21.22 Mbit/s
Upload: 0.86 Mbit/s
Wed May 10 16:45:01 CEST 2017
Ping: 28.552 ms
Download: 8.79 Mbit/s
Upload: 0.89 Mbit/s
Wed May 10 17:45:01 CEST 2017
Ping: 28.407 ms
Download: 7.63 Mbit/s
Upload: 0.80 Mbit/s
Wed May 10 18:45:01 CEST 2017
Ping: 29.076 ms
Download: 21.37 Mbit/s
Upload: 0.86 Mbit/s
Wed May 10 19:45:01 CEST 2017
Ping: 33.263 ms
Download: 21.38 Mbit/s
Upload: 0.87 Mbit/s
Wed May 10 20:45:01 CEST 2017
Ping: 36.506 ms
Download: 16.27 Mbit/s
Upload: 0.71 Mbit/s
Wed May 10 21:45:01 CEST 2017
Ping: 29.215 ms
Download: 21.34 Mbit/s
Upload: 0.88 Mbit/s
Wed May 10 22:45:01 CEST 2017
Ping: 29.662 ms
Download: 21.31 Mbit/s
Upload: 0.88 Mbit/s
Wed May 10 23:45:01 CEST 2017
Ping: 29.496 ms
Download: 20.99 Mbit/s
Upload: 0.88 Mbit/s
Thu May 11 00:45:01 CEST 2017
Ping: 28.59 ms
Download: 10.56 Mbit/s
Upload: 0.82 Mbit/s
Thu May 11 01:45:01 CEST 2017
Ping: 28.23 ms
Download: 21.31 Mbit/s
Upload: 0.88 Mbit/s
Thu May 11 02:45:01 CEST 2017
Ping: 29.54 ms
Download: 21.43 Mbit/s
Upload: 0.87 Mbit/s
Thu May 11 03:45:01 CEST 2017
Ping: 27.586 ms
Download: 20.38 Mbit/s
Upload: 0.89 Mbit/s
Thu May 11 04:45:01 CEST 2017
Ping: 26.222 ms
Download: 11.58 Mbit/s
Upload: 0.80 Mbit/s
Thu May 11 05:45:01 CEST 2017
Ping: 30.487 ms
Download: 21.17 Mbit/s
Upload: 0.89 Mbit/s
Thu May 11 06:45:01 CEST 2017
Ping: 28.397 ms
Download: 21.38 Mbit/s
Upload: 0.89 Mbit/s
Thu May 11 07:45:01 CEST 2017
Ping: 32.715 ms
Download: 7.65 Mbit/s
Upload: 0.85 Mbit/s
Thu May 11 08:45:01 CEST 2017
Ping: 28.327 ms
Download: 21.39 Mbit/s
Upload: 0.79 Mbit/s
Thu May 11 09:45:01 CEST 2017
Ping: 29.528 ms
Download: 21.41 Mbit/s
Upload: 0.87 Mbit/s
Thu May 11 10:45:01 CEST 2017
Ping: 27.73 ms
Download: 20.69 Mbit/s
Upload: 0.87 Mbit/s
Thu May 11 11:45:01 CEST 2017
Ping: 26.136 ms
Download: 8.07 Mbit/s
Upload: 0.75 Mbit/s
Thu May 11 12:45:01 CEST 2017
Ping: 31.32 ms
Download: 21.11 Mbit/s
Upload: 0.85 Mbit/s
Thu May 11 13:45:01 CEST 2017
Ping: 30.07 ms
Download: 21.52 Mbit/s
Upload: 0.62 Mbit/s
Thu May 11 14:45:01 CEST 2017
Ping: 25.8 ms
Download: 12.29 Mbit/s
Upload: 0.77 Mbit/s
Thu May 11 15:45:02 CEST 2017
Ping: 27.759 ms
Download: 18.39 Mbit/s
Upload: 0.85 Mbit/s
Thu May 11 16:45:01 CEST 2017
Ping: 27.834 ms
Download: 19.22 Mbit/s
Upload: 0.69 Mbit/s
Thu May 11 17:45:01 CEST 2017
Ping: 28.775 ms
Download: 18.89 Mbit/s
Upload: 0.74 Mbit/s
Thu May 11 18:45:01 CEST 2017
Ping: 30.091 ms
Download: 21.56 Mbit/s
Upload: 0.88 Mbit/s
Thu May 11 19:45:01 CEST 2017
Ping: 32.005 ms
Download: 19.91 Mbit/s
Upload: 0.81 Mbit/s
Thu May 11 20:45:01 CEST 2017
Ping: 29.996 ms
Download: 21.19 Mbit/s
Upload: 0.82 Mbit/s
Thu May 11 21:45:01 CEST 2017
Ping: 29.0 ms
Download: 21.31 Mbit/s
Upload: 0.85 Mbit/s
Thu May 11 22:45:01 CEST 2017
Ping: 27.358 ms
Download: 18.96 Mbit/s
Upload: 0.77 Mbit/s
Thu May 11 23:45:01 CEST 2017
Ping: 31.639 ms
Download: 20.99 Mbit/s
Upload: 0.85 Mbit/s
Fri May 12 00:45:02 CEST 2017
Ping: 25.647 ms
Download: 8.02 Mbit/s
Upload: 0.82 Mbit/s
Fri May 12 01:45:01 CEST 2017
Ping: 29.836 ms
Download: 21.36 Mbit/s
Upload: 0.88 Mbit/s
Fri May 12 02:45:01 CEST 2017
Ping: 28.723 ms
Download: 20.80 Mbit/s
Upload: 0.87 Mbit/s
Fri May 12 03:45:01 CEST 2017
Ping: 29.275 ms
Download: 21.22 Mbit/s
Upload: 0.88 Mbit/s
Fri May 12 04:45:01 CEST 2017
Ping: 29.74 ms
Download: 21.13 Mbit/s
Upload: 0.88 Mbit/s
Fri May 12 05:45:01 CEST 2017
Ping: 29.005 ms
Download: 21.13 Mbit/s
Upload: 0.82 Mbit/s
Fri May 12 06:45:01 CEST 2017
Ping: 27.174 ms
Download: 9.21 Mbit/s
Upload: 0.85 Mbit/s
Fri May 12 07:45:01 CEST 2017
Ping: 28.455 ms
Download: 20.88 Mbit/s
Upload: 0.86 Mbit/s
Fri May 12 08:45:01 CEST 2017
Ping: 29.258 ms
Download: 21.40 Mbit/s
Upload: 0.81 Mbit/s
Fri May 12 09:45:01 CEST 2017
Ping: 30.45 ms
Download: 21.03 Mbit/s
Upload: 0.85 Mbit/s
Fri May 12 10:45:01 CEST 2017
Ping: 29.257 ms
Download: 17.11 Mbit/s
Upload: 0.83 Mbit/s
Fri May 12 11:45:01 CEST 2017
Ping: 27.268 ms
Download: 13.78 Mbit/s
Upload: 0.81 Mbit/s
Fri May 12 12:45:01 CEST 2017
Ping: 25.532 ms
Download: 9.77 Mbit/s
Upload: 0.90 Mbit/s
Fri May 12 13:45:01 CEST 2017
Ping: 26.541 ms
Download: 21.13 Mbit/s
Upload: 0.85 Mbit/s
Fri May 12 14:45:01 CEST 2017
Ping: 26.687 ms
Download: 14.75 Mbit/s
Upload: 0.76 Mbit/s
Fri May 12 15:45:01 CEST 2017
Ping: 27.623 ms
Download: 13.03 Mbit/s
Upload: 0.85 Mbit/s
Fri May 12 16:45:01 CEST 2017
Ping: 30.363 ms
Download: 18.00 Mbit/s
Upload: 0.66 Mbit/s
Fri May 12 17:45:01 CEST 2017
Ping: 26.676 ms
Download: 18.58 Mbit/s
Upload: 0.87 Mbit/s
Fri May 12 18:45:01 CEST 2017
Ping: 30.558 ms
Download: 19.64 Mbit/s
Upload: 0.82 Mbit/s
Fri May 12 19:45:01 CEST 2017
Ping: 31.655 ms
Download: 20.96 Mbit/s
Upload: 0.82 Mbit/s
Fri May 12 20:45:01 CEST 2017
Ping: 30.887 ms
Download: 21.51 Mbit/s
Upload: 0.89 Mbit/s
Fri May 12 21:45:01 CEST 2017
Ping: 24.468 ms
Download: 15.90 Mbit/s
Upload: 0.67 Mbit/s
Fri May 12 22:45:01 CEST 2017
Ping: 29.999 ms
Download: 16.88 Mbit/s
Upload: 0.78 Mbit/s
Fri May 12 23:45:01 CEST 2017
Ping: 27.578 ms
Download: 19.31 Mbit/s
Upload: 0.85 Mbit/s
Sat May 13 00:45:01 CEST 2017
Ping: 29.875 ms
Download: 21.57 Mbit/s
Upload: 0.88 Mbit/s
Sat May 13 01:45:01 CEST 2017
Ping: 31.11 ms
Download: 21.13 Mbit/s
Upload: 0.85 Mbit/s
Sat May 13 02:45:01 CEST 2017
Ping: 30.251 ms
Download: 9.47 Mbit/s
Upload: 0.81 Mbit/s
Sat May 13 03:45:01 CEST 2017
Ping: 29.252 ms
Download: 21.39 Mbit/s
Upload: 0.88 Mbit/s
Sat May 13 04:45:01 CEST 2017
Ping: 30.463 ms
Download: 21.08 Mbit/s
Upload: 0.88 Mbit/s
Sat May 13 05:45:01 CEST 2017
Ping: 29.004 ms
Download: 19.68 Mbit/s
Upload: 0.85 Mbit/s
Sat May 13 06:45:01 CEST 2017
Ping: 40.221 ms
Download: 18.95 Mbit/s
Upload: 0.79 Mbit/s
Sat May 13 07:45:01 CEST 2017
Ping: 28.194 ms
Download: 19.27 Mbit/s
Upload: 0.88 Mbit/s
Sat May 13 08:45:01 CEST 2017
Ping: 29.025 ms
Download: 21.05 Mbit/s
Upload: 0.74 Mbit/s
Sat May 13 09:45:01 CEST 2017
Ping: 31.198 ms
Download: 11.59 Mbit/s
Upload: 0.66 Mbit/s
Sat May 13 10:45:02 CEST 2017
Ping: 28.039 ms
Download: 20.25 Mbit/s
Upload: 0.69 Mbit/s
Sat May 13 11:45:01 CEST 2017
Ping: 26.73 ms
Download: 19.98 Mbit/s
Upload: 0.86 Mbit/s
Sat May 13 12:45:02 CEST 2017
Ping: 30.471 ms
Download: 20.52 Mbit/s
Upload: 0.81 Mbit/s
Sat May 13 13:45:01 CEST 2017
Ping: 27.847 ms
Download: 21.29 Mbit/s
Upload: 0.84 Mbit/s
Sat May 13 14:45:01 CEST 2017
Ping: 29.166 ms
Download: 20.95 Mbit/s
Upload: 0.84 Mbit/s
Sat May 13 15:45:01 CEST 2017
Ping: 27.647 ms
Download: 20.68 Mbit/s
Upload: 0.86 Mbit/s
Sat May 13 16:45:01 CEST 2017
Ping: 29.365 ms
Download: 20.74 Mbit/s
Upload: 0.86 Mbit/s
Sat May 13 17:45:01 CEST 2017
Ping: 33.684 ms
Download: 19.79 Mbit/s
Upload: 0.84 Mbit/s
Sat May 13 18:45:01 CEST 2017
Ping: 27.746 ms
Download: 21.15 Mbit/s
Upload: 0.85 Mbit/s
Sat May 13 19:45:01 CEST 2017
Ping: 28.91 ms
Download: 21.10 Mbit/s
Upload: 0.85 Mbit/s
Sat May 13 20:45:01 CEST 2017
Ping: 30.292 ms
Download: 16.27 Mbit/s
Upload: 0.76 Mbit/s
Sat May 13 21:45:01 CEST 2017
Ping: 27.73 ms
Download: 10.39 Mbit/s
Upload: 0.84 Mbit/s
Sat May 13 22:45:01 CEST 2017
Ping: 28.38 ms
Download: 21.39 Mbit/s
Upload: 0.88 Mbit/s
Sat May 13 23:45:01 CEST 2017
Ping: 28.018 ms
Download: 20.92 Mbit/s
Upload: 0.72 Mbit/s
Sun May 14 00:45:01 CEST 2017
Ping: 27.505 ms
Download: 21.12 Mbit/s
Upload: 0.84 Mbit/s
Sun May 14 01:45:01 CEST 2017
Ping: 27.697 ms
Download: 21.38 Mbit/s
Upload: 0.88 Mbit/s
Sun May 14 02:45:01 CEST 2017
Ping: 25.931 ms
Download: 9.58 Mbit/s
Upload: 0.82 Mbit/s
Sun May 14 03:45:01 CEST 2017
Ping: 28.983 ms
Download: 21.10 Mbit/s
Upload: 0.86 Mbit/s
Sun May 14 04:45:01 CEST 2017
Ping: 26.987 ms
Download: 21.40 Mbit/s
Upload: 0.89 Mbit/s
Sun May 14 05:45:01 CEST 2017
Ping: 25.853 ms
Download: 9.70 Mbit/s
Upload: 0.81 Mbit/s
Sun May 14 06:45:01 CEST 2017
Ping: 24.952 ms
Download: 19.29 Mbit/s
Upload: 0.79 Mbit/s
Sun May 14 07:45:01 CEST 2017
Ping: 29.844 ms
Download: 21.13 Mbit/s
Upload: 0.82 Mbit/s
Sun May 14 08:45:01 CEST 2017
Ping: 26.22 ms
Download: 7.73 Mbit/s
Upload: 0.68 Mbit/s
Sun May 14 09:45:01 CEST 2017
Ping: 28.588 ms
Download: 8.20 Mbit/s
Upload: 0.87 Mbit/s
Sun May 14 10:45:01 CEST 2017
Ping: 27.789 ms
Download: 17.63 Mbit/s
Upload: 0.68 Mbit/s
Sun May 14 11:45:01 CEST 2017
Ping: 29.18 ms
Download: 19.42 Mbit/s
Upload: 0.72 Mbit/s
Sun May 14 12:45:01 CEST 2017
Ping: 28.956 ms
Download: 21.43 Mbit/s
Upload: 0.89 Mbit/s
Sun May 14 13:45:01 CEST 2017
Ping: 27.994 ms
Download: 20.97 Mbit/s
Upload: 0.78 Mbit/s
Sun May 14 14:45:01 CEST 2017
Ping: 28.478 ms
Download: 9.18 Mbit/s
Upload: 0.93 Mbit/s
Sun May 14 15:45:01 CEST 2017
Ping: 29.231 ms
Download: 14.50 Mbit/s
Upload: 0.88 Mbit/s
Sun May 14 16:45:01 CEST 2017
Ping: 28.138 ms
Download: 20.85 Mbit/s
Upload: 0.86 Mbit/s
Sun May 14 17:45:01 CEST 2017
Ping: 26.959 ms
Download: 10.37 Mbit/s
Upload: 0.85 Mbit/s
Sun May 14 18:45:01 CEST 2017
Ping: 27.335 ms
Download: 11.44 Mbit/s
Upload: 0.87 Mbit/s
Sun May 14 19:45:01 CEST 2017
Ping: 28.117 ms
Download: 21.28 Mbit/s
Upload: 0.88 Mbit/s
Sun May 14 20:45:01 CEST 2017
Ping: 27.656 ms
Download: 17.51 Mbit/s
Upload: 0.82 Mbit/s
Sun May 14 21:45:01 CEST 2017
Ping: 28.038 ms
Download: 17.02 Mbit/s
Upload: 0.70 Mbit/s
Sun May 14 22:45:01 CEST 2017
Ping: 29.01 ms
Download: 21.13 Mbit/s
Upload: 0.86 Mbit/s
Sun May 14 23:45:02 CEST 2017
Ping: 28.736 ms
Download: 7.46 Mbit/s
Upload: 0.92 Mbit/s
Mon May 15 00:45:01 CEST 2017
Ping: 29.519 ms
Download: 21.41 Mbit/s
Upload: 0.89 Mbit/s
Mon May 15 01:45:01 CEST 2017
Ping: 27.547 ms
Download: 13.19 Mbit/s
Upload: 0.79 Mbit/s
Mon May 15 02:45:01 CEST 2017
Ping: 28.597 ms
Download: 21.43 Mbit/s
Upload: 0.89 Mbit/s
Mon May 15 03:45:01 CEST 2017
Ping: 29.778 ms
Download: 16.33 Mbit/s
Upload: 0.87 Mbit/s
Mon May 15 04:45:01 CEST 2017
Ping: 29.5 ms
Download: 21.07 Mbit/s
Upload: 0.83 Mbit/s
Mon May 15 05:45:01 CEST 2017
Ping: 32.475 ms
Download: 21.57 Mbit/s
Upload: 0.87 Mbit/s
Mon May 15 06:45:01 CEST 2017
Ping: 27.819 ms
Download: 12.53 Mbit/s
Upload: 0.77 Mbit/s
Mon May 15 07:45:01 CEST 2017
Ping: 28.395 ms
Download: 21.19 Mbit/s
Upload: 0.86 Mbit/s
Mon May 15 08:45:01 CEST 2017
Ping: 29.845 ms
Download: 21.40 Mbit/s
Upload: 0.88 Mbit/s
Mon May 15 09:45:01 CEST 2017
Ping: 29.659 ms
Download: 21.14 Mbit/s
Upload: 0.86 Mbit/s
Mon May 15 10:45:01 CEST 2017
Ping: 28.998 ms
Download: 21.13 Mbit/s
Upload: 0.83 Mbit/s
Mon May 15 11:45:01 CEST 2017
Ping: 28.913 ms
Download: 20.98 Mbit/s
Upload: 0.84 Mbit/s
Mon May 15 12:45:01 CEST 2017
Ping: 28.532 ms
Download: 9.29 Mbit/s
Upload: 0.85 Mbit/s
Mon May 15 13:45:01 CEST 2017
Ping: 26.206 ms
Download: 11.51 Mbit/s
Upload: 0.86 Mbit/s
Mon May 15 14:45:01 CEST 2017
Ping: 27.535 ms
Download: 21.13 Mbit/s
Upload: 0.79 Mbit/s
Mon May 15 15:45:01 CEST 2017
Ping: 29.426 ms
Download: 21.44 Mbit/s
Upload: 0.86 Mbit/s
Mon May 15 16:45:01 CEST 2017
Ping: 28.55 ms
Download: 9.62 Mbit/s
Upload: 0.68 Mbit/s
Mon May 15 17:45:01 CEST 2017
Ping: 29.402 ms
Download: 21.13 Mbit/s
Upload: 0.82 Mbit/s
Mon May 15 18:45:01 CEST 2017
Ping: 30.429 ms
Download: 21.36 Mbit/s
Upload: 0.87 Mbit/s
Mon May 15 19:45:01 CEST 2017
Ping: 27.305 ms
Download: 13.68 Mbit/s
Upload: 0.82 Mbit/s
Mon May 15 20:45:01 CEST 2017
Ping: 27.802 ms
Download: 17.51 Mbit/s
Upload: 0.77 Mbit/s
Mon May 15 21:45:01 CEST 2017
Ping: 27.824 ms
Download: 21.40 Mbit/s
Upload: 0.85 Mbit/s
Mon May 15 22:45:01 CEST 2017
Ping: 25.025 ms
Download: 21.42 Mbit/s
Upload: 0.86 Mbit/s
Mon May 15 23:45:01 CEST 2017
Ping: 30.44 ms
Download: 21.58 Mbit/s
Upload: 0.89 Mbit/s
Tue May 16 00:45:01 CEST 2017
Ping: 27.179 ms
Download: 21.46 Mbit/s
Upload: 0.89 Mbit/s
Tue May 16 01:45:01 CEST 2017
Ping: 26.846 ms
Download: 7.40 Mbit/s
Upload: 0.74 Mbit/s
Tue May 16 02:45:01 CEST 2017
Ping: 27.782 ms
Download: 21.43 Mbit/s
Upload: 0.89 Mbit/s
Tue May 16 03:45:01 CEST 2017
Ping: 26.624 ms
Download: 21.45 Mbit/s
Upload: 0.87 Mbit/s
Tue May 16 04:45:01 CEST 2017
Ping: 28.236 ms
Download: 9.50 Mbit/s
Upload: 0.85 Mbit/s
Tue May 16 05:45:01 CEST 2017
Ping: 30.502 ms
Download: 21.28 Mbit/s
Upload: 0.87 Mbit/s
Tue May 16 06:45:01 CEST 2017
Ping: 27.268 ms
Download: 21.43 Mbit/s
Upload: 0.88 Mbit/s
Tue May 16 07:45:01 CEST 2017
Ping: 27.088 ms
Download: 21.42 Mbit/s
Upload: 0.88 Mbit/s
Tue May 16 08:45:01 CEST 2017
Ping: 26.531 ms
Download: 21.43 Mbit/s
Upload: 0.88 Mbit/s
Tue May 16 09:45:01 CEST 2017
Ping: 25.594 ms
Download: 20.95 Mbit/s
Upload: 0.84 Mbit/s
Tue May 16 10:45:01 CEST 2017
Ping: 26.23 ms
Download: 13.53 Mbit/s
Upload: 0.84 Mbit/s
Tue May 16 11:45:01 CEST 2017
Ping: 27.829 ms
Download: 21.13 Mbit/s
Upload: 0.86 Mbit/s
Tue May 16 12:45:01 CEST 2017
Ping: 27.448 ms
Download: 21.13 Mbit/s
Upload: 0.84 Mbit/s
Tue May 16 13:45:01 CEST 2017
Ping: 27.784 ms
Download: 21.30 Mbit/s
Upload: 0.88 Mbit/s
Tue May 16 14:45:01 CEST 2017
Ping: 31.161 ms
Download: 21.57 Mbit/s
Upload: 0.85 Mbit/s
Tue May 16 15:45:01 CEST 2017
Ping: 28.066 ms
Download: 8.97 Mbit/s
Upload: 0.97 Mbit/s
Tue May 16 16:45:01 CEST 2017
Ping: 25.803 ms
Download: 13.01 Mbit/s
Upload: 0.78 Mbit/s
Tue May 16 17:45:01 CEST 2017
Ping: 29.511 ms
Download: 17.09 Mbit/s
Upload: 0.78 Mbit/s
Tue May 16 18:45:01 CEST 2017
Ping: 29.254 ms
Download: 21.40 Mbit/s
Upload: 0.87 Mbit/s
Tue May 16 19:45:01 CEST 2017
Ping: 29.218 ms
Download: 21.22 Mbit/s
Upload: 0.86 Mbit/s
Tue May 16 20:45:02 CEST 2017
Ping: 26.3 ms
Download: 18.96 Mbit/s
Upload: 0.87 Mbit/s
Tue May 16 21:45:01 CEST 2017
Ping: 28.452 ms
Download: 18.55 Mbit/s
Upload: 0.77 Mbit/s
Tue May 16 22:45:01 CEST 2017
Ping: 28.535 ms
Download: 21.12 Mbit/s
Upload: 0.86 Mbit/s
Tue May 16 23:45:01 CEST 2017
Ping: 30.263 ms
Download: 21.40 Mbit/s
Upload: 0.87 Mbit/s
Wed May 17 00:45:01 CEST 2017
Ping: 27.507 ms
Download: 20.96 Mbit/s
Upload: 0.83 Mbit/s
Wed May 17 01:45:01 CEST 2017
Ping: 28.03 ms
Download: 20.94 Mbit/s
Upload: 0.89 Mbit/s
Wed May 17 02:45:01 CEST 2017
Ping: 28.35 ms
Download: 9.77 Mbit/s
Upload: 0.83 Mbit/s
Wed May 17 03:45:01 CEST 2017
Ping: 27.65 ms
Download: 21.11 Mbit/s
Upload: 0.85 Mbit/s
Wed May 17 04:45:01 CEST 2017
Ping: 30.487 ms
Download: 21.25 Mbit/s
Upload: 0.87 Mbit/s
Wed May 17 05:45:01 CEST 2017
Ping: 27.58 ms
Download: 15.05 Mbit/s
Upload: 0.78 Mbit/s
Wed May 17 06:45:01 CEST 2017
Ping: 28.092 ms
Download: 12.37 Mbit/s
Upload: 0.84 Mbit/s
Wed May 17 07:45:01 CEST 2017
Ping: 28.658 ms
Download: 21.61 Mbit/s
Upload: 0.85 Mbit/s
Wed May 17 08:45:01 CEST 2017
Ping: 29.249 ms
Download: 7.09 Mbit/s
Upload: 0.83 Mbit/s
Wed May 17 09:45:01 CEST 2017
Ping: 28.884 ms
Download: 20.58 Mbit/s
Upload: 0.82 Mbit/s
Wed May 17 10:45:01 CEST 2017
Ping: 30.267 ms
Download: 20.78 Mbit/s
Upload: 0.84 Mbit/s
Wed May 17 11:45:01 CEST 2017
Ping: 30.199 ms
Download: 21.42 Mbit/s
Upload: 0.87 Mbit/s
Wed May 17 12:45:01 CEST 2017
Ping: 30.41 ms
Download: 21.22 Mbit/s
Upload: 0.82 Mbit/s
Wed May 17 13:45:02 CEST 2017
Ping: 28.587 ms
Download: 20.05 Mbit/s
Upload: 0.82 Mbit/s
Wed May 17 14:45:01 CEST 2017
Ping: 29.734 ms
Download: 19.74 Mbit/s
Upload: 0.79 Mbit/s
Wed May 17 15:45:01 CEST 2017
Ping: 30.273 ms
Download: 6.08 Mbit/s
Upload: 0.82 Mbit/s
Wed May 17 16:45:01 CEST 2017
Ping: 28.483 ms
Download: 20.62 Mbit/s
Upload: 0.82 Mbit/s
Wed May 17 17:45:01 CEST 2017
Ping: 27.559 ms
Download: 12.94 Mbit/s
Upload: 0.86 Mbit/s
Wed May 17 18:45:01 CEST 2017
Ping: 29.228 ms
Download: 19.02 Mbit/s
Upload: 0.73 Mbit/s
Wed May 17 19:45:01 CEST 2017
Ping: 28.443 ms
Download: 14.35 Mbit/s
Upload: 0.65 Mbit/s
Wed May 17 20:45:01 CEST 2017
Ping: 27.28 ms
Download: 13.20 Mbit/s
Upload: 0.89 Mbit/s
Wed May 17 21:45:01 CEST 2017
Ping: 32.573 ms
Download: 20.91 Mbit/s
Upload: 0.69 Mbit/s
Wed May 17 22:45:01 CEST 2017
Ping: 29.261 ms
Download: 19.24 Mbit/s
Upload: 0.73 Mbit/s
Wed May 17 23:45:01 CEST 2017
Ping: 27.745 ms
Download: 21.43 Mbit/s
Upload: 0.88 Mbit/s
Thu May 18 00:45:01 CEST 2017
Ping: 27.796 ms
Download: 21.40 Mbit/s
Upload: 0.88 Mbit/s
Thu May 18 01:45:01 CEST 2017
Ping: 29.468 ms
Download: 21.43 Mbit/s
Upload: 0.88 Mbit/s
Thu May 18 02:45:02 CEST 2017
Ping: 28.549 ms
Download: 19.30 Mbit/s
Upload: 0.80 Mbit/s
Thu May 18 03:45:01 CEST 2017
Ping: 27.099 ms
Download: 7.50 Mbit/s
Upload: 0.85 Mbit/s
Thu May 18 04:45:01 CEST 2017
Ping: 30.016 ms
Download: 21.10 Mbit/s
Upload: 0.84 Mbit/s
Thu May 18 05:45:01 CEST 2017
Ping: 29.108 ms
Download: 21.22 Mbit/s
Upload: 0.89 Mbit/s
Thu May 18 06:45:01 CEST 2017
Ping: 28.675 ms
Download: 21.40 Mbit/s
Upload: 0.87 Mbit/s
Thu May 18 07:45:01 CEST 2017
Ping: 29.332 ms
Download: 20.70 Mbit/s
Upload: 0.85 Mbit/s
Thu May 18 08:45:01 CEST 2017
Ping: 27.563 ms
Download: 7.26 Mbit/s
Upload: 0.74 Mbit/s
Thu May 18 09:45:01 CEST 2017
Ping: 31.022 ms
Download: 6.64 Mbit/s
Upload: 0.79 Mbit/s
Thu May 18 10:45:01 CEST 2017
Ping: 29.381 ms
Download: 21.43 Mbit/s
Upload: 0.88 Mbit/s
Thu May 18 11:45:01 CEST 2017
Ping: 29.76 ms
Download: 21.43 Mbit/s
Upload: 0.89 Mbit/s
Thu May 18 12:45:01 CEST 2017
Ping: 27.661 ms
Download: 9.72 Mbit/s
Upload: 0.91 Mbit/s
Thu May 18 13:45:01 CEST 2017
Ping: 27.982 ms
Download: 21.12 Mbit/s
Upload: 0.86 Mbit/s
Thu May 18 14:45:01 CEST 2017
Ping: 27.976 ms
Download: 21.13 Mbit/s
Upload: 0.85 Mbit/s
Thu May 18 15:45:01 CEST 2017
Ping: 27.441 ms
Download: 18.71 Mbit/s
Upload: 0.72 Mbit/s
Thu May 18 16:45:01 CEST 2017
Ping: 29.576 ms
Download: 20.63 Mbit/s
Upload: 0.83 Mbit/s
Thu May 18 17:45:01 CEST 2017
Ping: 28.883 ms
Download: 18.24 Mbit/s
Upload: 0.80 Mbit/s
Thu May 18 18:45:01 CEST 2017
Ping: 26.891 ms
Download: 9.63 Mbit/s
Upload: 0.75 Mbit/s
Thu May 18 19:45:01 CEST 2017
Ping: 31.067 ms
Download: 20.66 Mbit/s
Upload: 0.83 Mbit/s
Thu May 18 20:45:01 CEST 2017
Ping: 30.051 ms
Download: 20.95 Mbit/s
Upload: 0.80 Mbit/s
Thu May 18 21:45:01 CEST 2017
Ping: 29.835 ms
Download: 21.13 Mbit/s
Upload: 0.84 Mbit/s
Thu May 18 22:45:01 CEST 2017
Ping: 27.902 ms
Download: 7.80 Mbit/s
Upload: 0.86 Mbit/s
Thu May 18 23:45:01 CEST 2017
Ping: 27.666 ms
Download: 21.04 Mbit/s
Upload: 0.85 Mbit/s
Fri May 19 00:45:01 CEST 2017
Ping: 30.791 ms
Download: 21.39 Mbit/s
Upload: 0.88 Mbit/s
Fri May 19 01:45:01 CEST 2017
Ping: 25.939 ms
Download: 8.14 Mbit/s
Upload: 0.85 Mbit/s
Fri May 19 02:45:01 CEST 2017
Ping: 27.997 ms
Download: 11.07 Mbit/s
Upload: 0.74 Mbit/s
Fri May 19 03:45:01 CEST 2017
Ping: 29.316 ms
Download: 21.58 Mbit/s
Upload: 0.89 Mbit/s
Fri May 19 04:45:01 CEST 2017
Ping: 28.474 ms
Download: 20.77 Mbit/s
Upload: 0.89 Mbit/s
Fri May 19 05:45:01 CEST 2017
Ping: 26.34 ms
Download: 21.14 Mbit/s
Upload: 0.82 Mbit/s
Fri May 19 06:45:01 CEST 2017
Ping: 29.139 ms
Download: 21.13 Mbit/s
Upload: 0.82 Mbit/s
Fri May 19 07:45:01 CEST 2017
Ping: 29.789 ms
Download: 20.79 Mbit/s
Upload: 0.84 Mbit/s
Fri May 19 08:45:01 CEST 2017
Ping: 29.097 ms
Download: 21.39 Mbit/s
Upload: 0.83 Mbit/s
Fri May 19 09:45:01 CEST 2017
Ping: 29.893 ms
Download: 21.13 Mbit/s
Upload: 0.86 Mbit/s
Fri May 19 10:45:01 CEST 2017
Ping: 29.336 ms
Download: 21.40 Mbit/s
Upload: 0.88 Mbit/s
Fri May 19 11:45:01 CEST 2017
Ping: 29.901 ms
Download: 21.13 Mbit/s
Upload: 0.85 Mbit/s
Fri May 19 12:45:01 CEST 2017
Ping: 31.534 ms
Download: 14.67 Mbit/s
Upload: 0.77 Mbit/s
Fri May 19 13:45:01 CEST 2017
Ping: 27.249 ms
Download: 21.11 Mbit/s
Upload: 0.84 Mbit/s
Fri May 19 14:45:01 CEST 2017
Ping: 29.558 ms
Download: 21.43 Mbit/s
Upload: 0.87 Mbit/s
Fri May 19 15:45:02 CEST 2017
Ping: 28.989 ms
Download: 21.00 Mbit/s
Upload: 0.88 Mbit/s
Fri May 19 16:45:02 CEST 2017
Ping: 28.248 ms
Download: 21.60 Mbit/s
Upload: 0.86 Mbit/s
Fri May 19 17:45:01 CEST 2017
Ping: 32.343 ms
Download: 16.60 Mbit/s
Upload: 0.54 Mbit/s
Fri May 19 18:45:01 CEST 2017
Ping: 29.334 ms
Download: 20.28 Mbit/s
Upload: 0.86 Mbit/s
Fri May 19 19:45:01 CEST 2017
Ping: 28.004 ms
Download: 21.13 Mbit/s
Upload: 0.81 Mbit/s
Fri May 19 20:45:01 CEST 2017
Ping: 30.893 ms
Download: 17.96 Mbit/s
Upload: 0.73 Mbit/s
Fri May 19 21:45:01 CEST 2017
Ping: 28.607 ms
Download: 16.38 Mbit/s
Upload: 0.55 Mbit/s
Fri May 19 22:45:01 CEST 2017
Ping: 28.844 ms
Download: 20.07 Mbit/s
Upload: 0.88 Mbit/s
Fri May 19 23:45:01 CEST 2017
Ping: 28.577 ms
Download: 21.11 Mbit/s
Upload: 0.84 Mbit/s
Sat May 20 00:45:01 CEST 2017
Ping: 28.542 ms
Download: 21.39 Mbit/s
Upload: 0.86 Mbit/s
Sat May 20 01:45:01 CEST 2017
Ping: 28.532 ms
Download: 21.13 Mbit/s
Upload: 0.82 Mbit/s
Sat May 20 02:45:01 CEST 2017
Ping: 27.863 ms
Download: 21.43 Mbit/s
Upload: 0.87 Mbit/s
Sat May 20 03:45:02 CEST 2017
Ping: 27.019 ms
Download: 10.24 Mbit/s
Upload: 0.89 Mbit/s
Sat May 20 04:45:01 CEST 2017
Ping: 26.217 ms
Download: 19.32 Mbit/s
Upload: 0.84 Mbit/s
Sat May 20 05:45:01 CEST 2017
Ping: 30.855 ms
Download: 21.44 Mbit/s
Upload: 0.87 Mbit/s
Sat May 20 06:45:01 CEST 2017
Ping: 26.248 ms
Download: 10.16 Mbit/s
Upload: 0.78 Mbit/s
Sat May 20 07:45:01 CEST 2017
Ping: 29.136 ms
Download: 20.61 Mbit/s
Upload: 0.88 Mbit/s
Sat May 20 08:45:01 CEST 2017
Ping: 51.54 ms
Download: 10.34 Mbit/s
Upload: 0.68 Mbit/s
Sat May 20 09:45:01 CEST 2017
Ping: 30.734 ms
Download: 13.79 Mbit/s
Upload: 0.60 Mbit/s
Sat May 20 10:45:01 CEST 2017
Ping: 27.285 ms
Download: 21.39 Mbit/s
Upload: 0.88 Mbit/s
Sat May 20 11:45:01 CEST 2017
Ping: 29.391 ms
Download: 21.13 Mbit/s
Upload: 0.85 Mbit/s
Sat May 20 12:45:01 CEST 2017
Ping: 27.211 ms
Download: 21.10 Mbit/s
Upload: 0.85 Mbit/s
Sat May 20 13:45:02 CEST 2017
Ping: 27.066 ms
Download: 12.44 Mbit/s
Upload: 0.81 Mbit/s
Sat May 20 14:45:01 CEST 2017
Ping: 32.747 ms
Download: 21.38 Mbit/s
Upload: 0.87 Mbit/s
Sat May 20 15:45:01 CEST 2017
Ping: 32.95 ms
Download: 10.59 Mbit/s
Upload: 0.57 Mbit/s
Sat May 20 16:45:01 CEST 2017
Ping: 29.734 ms
Download: 21.04 Mbit/s
Upload: 0.84 Mbit/s
Sat May 20 17:45:01 CEST 2017
Ping: 28.798 ms
Download: 21.37 Mbit/s
Upload: 0.85 Mbit/s
Sat May 20 18:45:02 CEST 2017
Ping: 27.572 ms
Download: 15.41 Mbit/s
Upload: 0.76 Mbit/s
Sat May 20 19:45:01 CEST 2017
Ping: 28.455 ms
Download: 21.15 Mbit/s
Upload: 0.85 Mbit/s
Sat May 20 20:45:01 CEST 2017
Ping: 28.234 ms
Download: 17.79 Mbit/s
Upload: 0.72 Mbit/s
Sat May 20 21:45:01 CEST 2017
Ping: 30.806 ms
Download: 18.06 Mbit/s
Upload: 0.74 Mbit/s
Sat May 20 22:45:01 CEST 2017
Ping: 29.161 ms
Download: 20.13 Mbit/s
Upload: 0.80 Mbit/s
Sat May 20 23:45:01 CEST 2017
Ping: 54.46 ms
Download: 11.19 Mbit/s
Upload: 0.64 Mbit/s
Sun May 21 00:45:01 CEST 2017
Ping: 30.433 ms
Download: 21.58 Mbit/s
Upload: 0.84 Mbit/s
Sun May 21 01:45:01 CEST 2017
Ping: 29.278 ms
Download: 20.42 Mbit/s
Upload: 0.83 Mbit/s
Sun May 21 02:45:01 CEST 2017
Ping: 25.888 ms
Download: 18.69 Mbit/s
Upload: 0.67 Mbit/s
Sun May 21 03:45:01 CEST 2017
Ping: 28.525 ms
Download: 21.43 Mbit/s
Upload: 0.88 Mbit/s
Sun May 21 04:45:01 CEST 2017
Ping: 28.761 ms
Download: 21.13 Mbit/s
Upload: 0.83 Mbit/s
Sun May 21 05:45:01 CEST 2017
Ping: 31.018 ms
Download: 21.33 Mbit/s
Upload: 0.87 Mbit/s
Sun May 21 06:45:01 CEST 2017
Ping: 27.973 ms
Download: 21.07 Mbit/s
Upload: 0.85 Mbit/s
Sun May 21 07:45:01 CEST 2017
Ping: 28.651 ms
Download: 18.43 Mbit/s
Upload: 0.75 Mbit/s
Sun May 21 08:45:01 CEST 2017
Ping: 28.349 ms
Download: 10.07 Mbit/s
Upload: 0.81 Mbit/s
Sun May 21 09:45:01 CEST 2017
Ping: 29.885 ms
Download: 21.31 Mbit/s
Upload: 0.85 Mbit/s
Sun May 21 10:45:01 CEST 2017
Ping: 31.726 ms
Download: 21.24 Mbit/s
Upload: 0.85 Mbit/s
Sun May 21 11:45:01 CEST 2017
Ping: 27.662 ms
Download: 21.13 Mbit/s
Upload: 0.86 Mbit/s
Sun May 21 12:45:01 CEST 2017
Ping: 29.412 ms
Download: 20.96 Mbit/s
Upload: 0.84 Mbit/s
Sun May 21 13:45:02 CEST 2017
Ping: 30.303 ms
Download: 17.62 Mbit/s
Upload: 0.68 Mbit/s
Sun May 21 14:45:01 CEST 2017
Ping: 25.56 ms
Download: 9.39 Mbit/s
Upload: 0.85 Mbit/s
Sun May 21 15:45:01 CEST 2017
Ping: 27.64 ms
Download: 13.36 Mbit/s
Upload: 0.90 Mbit/s
Sun May 21 16:45:01 CEST 2017
Ping: 28.881 ms
Download: 9.77 Mbit/s
Upload: 0.81 Mbit/s
Sun May 21 17:45:01 CEST 2017
Ping: 31.696 ms
Download: 19.13 Mbit/s
Upload: 0.74 Mbit/s
Sun May 21 18:45:01 CEST 2017
Ping: 28.041 ms
Download: 20.75 Mbit/s
Upload: 0.82 Mbit/s
Sun May 21 19:45:01 CEST 2017
Ping: 30.085 ms
Download: 21.39 Mbit/s
Upload: 0.87 Mbit/s
Sun May 21 20:45:01 CEST 2017
Ping: 29.533 ms
Download: 9.91 Mbit/s
Upload: 0.84 Mbit/s
Sun May 21 21:45:02 CEST 2017
Ping: 31.6 ms
Download: 9.84 Mbit/s
Upload: 0.76 Mbit/s
Sun May 21 22:45:01 CEST 2017
Ping: 29.99 ms
Download: 21.61 Mbit/s
Upload: 0.89 Mbit/s
Sun May 21 23:45:01 CEST 2017
Ping: 30.077 ms
Download: 20.88 Mbit/s
Upload: 0.86 Mbit/s
Mon May 22 00:45:02 CEST 2017
Ping: 27.162 ms
Download: 21.57 Mbit/s
Upload: 0.89 Mbit/s
Mon May 22 01:45:01 CEST 2017
Ping: 28.123 ms
Download: 21.61 Mbit/s
Upload: 0.89 Mbit/s
Mon May 22 02:45:01 CEST 2017
Ping: 27.4 ms
Download: 9.75 Mbit/s
Upload: 0.90 Mbit/s
Mon May 22 03:45:01 CEST 2017
Ping: 29.745 ms
Download: 21.13 Mbit/s
Upload: 0.86 Mbit/s
Mon May 22 04:45:02 CEST 2017
Ping: 27.854 ms
Download: 21.13 Mbit/s
Upload: 0.85 Mbit/s
Mon May 22 05:45:01 CEST 2017
Ping: 30.682 ms
Download: 21.42 Mbit/s
Upload: 0.88 Mbit/s
Mon May 22 06:45:02 CEST 2017
Ping: 27.731 ms
Download: 21.15 Mbit/s
Upload: 0.84 Mbit/s
Mon May 22 07:45:01 CEST 2017
Ping: 30.207 ms
Download: 20.70 Mbit/s
Upload: 0.86 Mbit/s
Mon May 22 08:45:01 CEST 2017
Ping: 30.145 ms
Download: 21.10 Mbit/s
Upload: 0.85 Mbit/s
Mon May 22 09:45:01 CEST 2017
Ping: 27.812 ms
Download: 21.60 Mbit/s
Upload: 0.89 Mbit/s
Mon May 22 10:45:01 CEST 2017
Ping: 30.386 ms
Download: 21.57 Mbit/s
Upload: 0.89 Mbit/s
Mon May 22 11:45:01 CEST 2017
Ping: 30.065 ms
Download: 21.13 Mbit/s
Upload: 0.76 Mbit/s
Mon May 22 12:45:01 CEST 2017
Ping: 29.479 ms
Download: 19.22 Mbit/s
Upload: 0.86 Mbit/s
Mon May 22 13:45:01 CEST 2017
Ping: 29.661 ms
Download: 20.80 Mbit/s
Upload: 0.85 Mbit/s
Mon May 22 14:45:01 CEST 2017
Ping: 29.06 ms
Download: 21.39 Mbit/s
Upload: 0.88 Mbit/s
Mon May 22 15:45:01 CEST 2017
Ping: 29.09 ms
Download: 20.10 Mbit/s
Upload: 0.85 Mbit/s
Mon May 22 16:45:02 CEST 2017
Ping: 29.012 ms
Download: 20.66 Mbit/s
Upload: 0.73 Mbit/s
Mon May 22 17:45:01 CEST 2017
Ping: 30.41 ms
Download: 18.91 Mbit/s
Upload: 0.71 Mbit/s
Mon May 22 18:45:01 CEST 2017
Ping: 30.775 ms
Download: 20.95 Mbit/s
Upload: 0.85 Mbit/s
Mon May 22 19:45:01 CEST 2017
Ping: 29.391 ms
Download: 20.75 Mbit/s
Upload: 0.85 Mbit/s
Mon May 22 20:45:01 CEST 2017
Ping: 26.873 ms
Download: 6.80 Mbit/s
Upload: 0.75 Mbit/s
Mon May 22 21:45:01 CEST 2017
Ping: 28.794 ms
Download: 21.12 Mbit/s
Upload: 0.85 Mbit/s
Mon May 22 22:45:01 CEST 2017
Ping: 28.969 ms
Download: 20.99 Mbit/s
Upload: 0.75 Mbit/s
Mon May 22 23:45:01 CEST 2017
Ping: 29.125 ms
Download: 21.13 Mbit/s
Upload: 0.84 Mbit/s
Tue May 23 00:45:01 CEST 2017
Ping: 27.697 ms
Download: 10.21 Mbit/s
Upload: 0.87 Mbit/s
Tue May 23 01:45:01 CEST 2017
Ping: 29.164 ms
Download: 21.52 Mbit/s
Upload: 0.89 Mbit/s
Tue May 23 02:45:01 CEST 2017
Ping: 26.382 ms
Download: 21.25 Mbit/s
Upload: 0.88 Mbit/s
Tue May 23 03:45:01 CEST 2017
Ping: 29.323 ms
Download: 21.61 Mbit/s
Upload: 0.89 Mbit/s
Tue May 23 04:45:01 CEST 2017
Ping: 28.246 ms
Download: 21.07 Mbit/s
Upload: 0.84 Mbit/s
Tue May 23 05:45:01 CEST 2017
Ping: 31.729 ms
Download: 21.60 Mbit/s
Upload: 0.89 Mbit/s
Tue May 23 06:45:01 CEST 2017
Ping: 27.577 ms
Download: 8.44 Mbit/s
Upload: 0.84 Mbit/s
Tue May 23 07:45:01 CEST 2017
Ping: 35.032 ms
Download: 20.05 Mbit/s
Upload: 0.81 Mbit/s
Tue May 23 08:45:01 CEST 2017
Ping: 30.112 ms
Download: 20.91 Mbit/s
Upload: 0.84 Mbit/s
Tue May 23 09:45:01 CEST 2017
Ping: 28.977 ms
Download: 21.11 Mbit/s
Upload: 0.83 Mbit/s
Tue May 23 10:45:01 CEST 2017
Ping: 27.669 ms
Download: 6.70 Mbit/s
Upload: 0.68 Mbit/s
Tue May 23 11:45:01 CEST 2017
Ping: 27.508 ms
Download: 14.92 Mbit/s
Upload: 0.73 Mbit/s
Tue May 23 12:45:01 CEST 2017
Ping: 28.229 ms
Download: 21.06 Mbit/s
Upload: 0.86 Mbit/s
Tue May 23 13:45:01 CEST 2017
Ping: 30.426 ms
Download: 20.96 Mbit/s
Upload: 0.88 Mbit/s
Tue May 23 14:45:01 CEST 2017
Ping: 27.558 ms
Download: 15.32 Mbit/s
Upload: 0.83 Mbit/s
Tue May 23 15:45:02 CEST 2017
Ping: 27.995 ms
Download: 21.08 Mbit/s
Upload: 0.78 Mbit/s
Tue May 23 16:45:01 CEST 2017
Ping: 27.462 ms
Download: 6.24 Mbit/s
Upload: 0.71 Mbit/s
Tue May 23 17:45:01 CEST 2017
Ping: 26.911 ms
Download: 17.50 Mbit/s
Upload: 0.79 Mbit/s
Tue May 23 18:45:01 CEST 2017
Ping: 29.221 ms
Download: 21.39 Mbit/s
Upload: 0.85 Mbit/s
Tue May 23 19:45:01 CEST 2017
Ping: 28.844 ms
Download: 21.58 Mbit/s
Upload: 0.89 Mbit/s
Tue May 23 20:45:01 CEST 2017
Ping: 27.769 ms
Download: 20.14 Mbit/s
Upload: 0.80 Mbit/s
Tue May 23 21:45:01 CEST 2017
Ping: 28.975 ms
Download: 21.08 Mbit/s
Upload: 0.75 Mbit/s
Tue May 23 22:45:01 CEST 2017
Ping: 28.82 ms
Download: 21.04 Mbit/s
Upload: 0.84 Mbit/s
Tue May 23 23:45:01 CEST 2017
Ping: 29.802 ms
Download: 20.79 Mbit/s
Upload: 0.85 Mbit/s
Wed May 24 00:45:01 CEST 2017
Ping: 28.02 ms
Download: 21.05 Mbit/s
Upload: 0.86 Mbit/s
Wed May 24 01:45:02 CEST 2017
Ping: 30.02 ms
Download: 20.76 Mbit/s
Upload: 0.88 Mbit/s
Wed May 24 02:45:02 CEST 2017
Ping: 28.976 ms
Download: 21.45 Mbit/s
Upload: 0.88 Mbit/s
Wed May 24 03:45:01 CEST 2017
Ping: 29.355 ms
Download: 21.13 Mbit/s
Upload: 0.84 Mbit/s
Wed May 24 04:45:01 CEST 2017
Ping: 29.591 ms
Download: 21.43 Mbit/s
Upload: 0.88 Mbit/s
Wed May 24 05:45:02 CEST 2017
Ping: 27.887 ms
Download: 21.40 Mbit/s
Upload: 0.86 Mbit/s
Wed May 24 06:45:01 CEST 2017
Ping: 29.895 ms
Download: 21.34 Mbit/s
Upload: 0.71 Mbit/s
Wed May 24 07:45:01 CEST 2017
Ping: 27.951 ms
Download: 21.36 Mbit/s
Upload: 0.87 Mbit/s
Wed May 24 08:45:01 CEST 2017
Ping: 28.084 ms
Download: 18.22 Mbit/s
Upload: 0.80 Mbit/s
Wed May 24 09:45:01 CEST 2017
Ping: 30.444 ms
Download: 21.55 Mbit/s
Upload: 0.86 Mbit/s
Wed May 24 10:45:01 CEST 2017
Ping: 27.002 ms
Download: 19.48 Mbit/s
Upload: 0.84 Mbit/s
Wed May 24 11:45:01 CEST 2017
Ping: 29.426 ms
Download: 21.42 Mbit/s
Upload: 0.87 Mbit/s
Wed May 24 12:45:01 CEST 2017
Ping: 28.119 ms
Download: 111.49 Mbit/s
Upload: 5.59 Mbit/s
Wed May 24 13:45:01 CEST 2017
Ping: 29.394 ms
Download: 118.55 Mbit/s
Upload: 5.45 Mbit/s
Wed May 24 14:45:01 CEST 2017
Ping: 29.619 ms
Download: 114.86 Mbit/s
Upload: 5.52 Mbit/s
Wed May 24 15:45:01 CEST 2017
Ping: 29.222 ms
Download: 102.63 Mbit/s
Upload: 5.58 Mbit/s
Wed May 24 16:45:01 CEST 2017
Ping: 30.805 ms
Download: 12.28 Mbit/s
Upload: 5.69 Mbit/s
Wed May 24 17:45:01 CEST 2017
Ping: 27.409 ms
Download: 110.69 Mbit/s
Upload: 5.10 Mbit/s
Wed May 24 18:45:01 CEST 2017
Ping: 28.957 ms
Download: 11.39 Mbit/s
Upload: 5.60 Mbit/s
Wed May 24 19:45:01 CEST 2017
Ping: 28.707 ms
Download: 111.32 Mbit/s
Upload: 5.36 Mbit/s
Wed May 24 20:45:01 CEST 2017
Ping: 28.937 ms
Download: 114.22 Mbit/s
Upload: 5.00 Mbit/s
Wed May 24 21:45:01 CEST 2017
Ping: 30.336 ms
Download: 120.94 Mbit/s
Upload: 5.44 Mbit/s
Wed May 24 22:45:01 CEST 2017
Ping: 27.697 ms
Download: 107.78 Mbit/s
Upload: 5.30 Mbit/s
Wed May 24 23:45:01 CEST 2017
Ping: 28.585 ms
Download: 8.30 Mbit/s
Upload: 5.64 Mbit/s
Thu May 25 00:45:02 CEST 2017
Ping: 29.979 ms
Download: 124.59 Mbit/s
Upload: 5.60 Mbit/s
Thu May 25 01:45:01 CEST 2017
Ping: 29.48 ms
Download: 118.97 Mbit/s
Upload: 5.65 Mbit/s
Thu May 25 02:45:01 CEST 2017
Ping: 27.32 ms
Download: 9.72 Mbit/s
Upload: 5.68 Mbit/s
Thu May 25 03:45:01 CEST 2017
Ping: 27.805 ms
Download: 119.17 Mbit/s
Upload: 5.70 Mbit/s
Thu May 25 04:45:01 CEST 2017
Ping: 29.805 ms
Download: 104.07 Mbit/s
Upload: 5.67 Mbit/s
Thu May 25 05:45:01 CEST 2017
Ping: 29.126 ms
Download: 117.26 Mbit/s
Upload: 5.62 Mbit/s
Thu May 25 06:45:01 CEST 2017
Ping: 27.891 ms
Download: 120.86 Mbit/s
Upload: 5.17 Mbit/s
Thu May 25 07:45:01 CEST 2017
Ping: 26.704 ms
Download: 111.76 Mbit/s
Upload: 5.35 Mbit/s
Thu May 25 08:45:01 CEST 2017
Ping: 29.036 ms
Download: 9.74 Mbit/s
Upload: 5.35 Mbit/s
Thu May 25 09:45:01 CEST 2017
Ping: 29.034 ms
Download: 113.07 Mbit/s
Upload: 5.06 Mbit/s
Thu May 25 10:45:01 CEST 2017
Ping: 23.825 ms
Download: 12.91 Mbit/s
Upload: 5.56 Mbit/s
Thu May 25 11:45:01 CEST 2017
Ping: 26.752 ms
Download: 16.52 Mbit/s
Upload: 5.57 Mbit/s
Thu May 25 12:45:01 CEST 2017
Ping: 27.374 ms
Download: 19.27 Mbit/s
Upload: 5.56 Mbit/s
Thu May 25 13:45:01 CEST 2017
Ping: 27.361 ms
Download: 13.30 Mbit/s
Upload: 5.69 Mbit/s
Thu May 25 14:45:02 CEST 2017
Ping: 28.788 ms
Download: 115.43 Mbit/s
Upload: 5.07 Mbit/s
Thu May 25 15:45:01 CEST 2017
Ping: 29.011 ms
Download: 106.45 Mbit/s
Upload: 5.58 Mbit/s
Thu May 25 16:45:01 CEST 2017
Ping: 27.444 ms
Download: 9.99 Mbit/s
Upload: 5.59 Mbit/s
Thu May 25 17:45:01 CEST 2017
Ping: 27.31 ms
Download: 9.58 Mbit/s
Upload: 5.54 Mbit/s
Thu May 25 18:45:01 CEST 2017
Ping: 30.405 ms
Download: 100.53 Mbit/s
Upload: 5.49 Mbit/s
Thu May 25 19:45:01 CEST 2017
Ping: 32.106 ms
Download: 7.27 Mbit/s
Upload: 5.52 Mbit/s
Thu May 25 20:45:01 CEST 2017
Ping: 28.951 ms
Download: 117.33 Mbit/s
Upload: 5.09 Mbit/s
Thu May 25 21:45:01 CEST 2017
Ping: 30.194 ms
Download: 123.64 Mbit/s
Upload: 5.57 Mbit/s
Thu May 25 22:45:02 CEST 2017
Ping: 27.916 ms
Download: 111.26 Mbit/s
Upload: 4.72 Mbit/s
Thu May 25 23:45:01 CEST 2017
Ping: 28.208 ms
Download: 125.69 Mbit/s
Upload: 5.30 Mbit/s
Fri May 26 00:45:01 CEST 2017
Ping: 27.987 ms
Download: 119.69 Mbit/s
Upload: 4.98 Mbit/s
Fri May 26 01:45:01 CEST 2017
Ping: 30.622 ms
Download: 116.10 Mbit/s
Upload: 5.61 Mbit/s
Fri May 26 02:45:02 CEST 2017
Ping: 26.925 ms
Download: 19.29 Mbit/s
Upload: 5.58 Mbit/s
Fri May 26 03:45:01 CEST 2017
Ping: 28.36 ms
Download: 123.99 Mbit/s
Upload: 5.55 Mbit/s
Fri May 26 04:45:01 CEST 2017
Ping: 28.268 ms
Download: 123.89 Mbit/s
Upload: 5.15 Mbit/s
Fri May 26 05:45:01 CEST 2017
Ping: 30.381 ms
Download: 7.58 Mbit/s
Upload: 5.66 Mbit/s
Fri May 26 06:45:01 CEST 2017
Ping: 27.412 ms
Download: 111.74 Mbit/s
Upload: 5.57 Mbit/s
Fri May 26 07:45:01 CEST 2017
Ping: 27.217 ms
Download: 8.86 Mbit/s
Upload: 5.59 Mbit/s
Fri May 26 08:45:01 CEST 2017
Ping: 28.037 ms
Download: 122.26 Mbit/s
Upload: 5.37 Mbit/s
Fri May 26 09:45:01 CEST 2017
Ping: 26.98 ms
Download: 107.02 Mbit/s
Upload: 5.39 Mbit/s
Fri May 26 10:45:01 CEST 2017
Ping: 28.702 ms
Download: 120.44 Mbit/s
Upload: 5.40 Mbit/s
Fri May 26 11:45:01 CEST 2017
Ping: 27.374 ms
Download: 88.70 Mbit/s
Upload: 5.56 Mbit/s
Fri May 26 12:45:01 CEST 2017
Ping: 29.859 ms
Download: 118.02 Mbit/s
Upload: 5.58 Mbit/s
Fri May 26 13:45:01 CEST 2017
Ping: 28.045 ms
Download: 112.39 Mbit/s
Upload: 5.20 Mbit/s
Fri May 26 14:45:01 CEST 2017
Ping: 30.004 ms
Download: 119.39 Mbit/s
Upload: 5.53 Mbit/s
Fri May 26 15:45:01 CEST 2017
Ping: 28.038 ms
Download: 11.48 Mbit/s
Upload: 5.60 Mbit/s
Fri May 26 16:45:02 CEST 2017
Ping: 26.604 ms
Download: 94.16 Mbit/s
Upload: 5.60 Mbit/s
Fri May 26 17:45:01 CEST 2017
Ping: 26.974 ms
Download: 119.49 Mbit/s
Upload: 5.32 Mbit/s
Fri May 26 18:45:01 CEST 2017
Ping: 28.201 ms
Download: 92.74 Mbit/s
Upload: 5.15 Mbit/s
Fri May 26 19:45:01 CEST 2017
Ping: 28.7 ms
Download: 124.09 Mbit/s
Upload: 5.37 Mbit/s
Fri May 26 20:45:02 CEST 2017
Ping: 28.837 ms
Download: 117.99 Mbit/s
Upload: 5.17 Mbit/s
Fri May 26 21:45:01 CEST 2017
Ping: 28.061 ms
Download: 110.69 Mbit/s
Upload: 5.63 Mbit/s
Fri May 26 22:45:01 CEST 2017
Ping: 28.686 ms
Download: 111.81 Mbit/s
Upload: 4.97 Mbit/s
Fri May 26 23:45:01 CEST 2017
Ping: 30.317 ms
Download: 124.89 Mbit/s
Upload: 5.16 Mbit/s
Sat May 27 00:45:01 CEST 2017
Ping: 27.49 ms
Download: 122.93 Mbit/s
Upload: 5.26 Mbit/s
Sat May 27 01:45:01 CEST 2017
Ping: 26.248 ms
Download: 18.80 Mbit/s
Upload: 5.63 Mbit/s
Sat May 27 02:45:01 CEST 2017
Ping: 27.537 ms
Download: 16.80 Mbit/s
Upload: 5.10 Mbit/s
Sat May 27 03:45:01 CEST 2017
Ping: 24.619 ms
Download: 9.14 Mbit/s
Upload: 5.77 Mbit/s
Sat May 27 04:45:01 CEST 2017
Ping: 27.913 ms
Download: 94.37 Mbit/s
Upload: 5.61 Mbit/s
Sat May 27 05:45:01 CEST 2017
Ping: 28.856 ms
Download: 123.51 Mbit/s
Upload: 5.24 Mbit/s
Sat May 27 06:45:01 CEST 2017
Ping: 28.726 ms
Download: 123.26 Mbit/s
Upload: 5.52 Mbit/s
Sat May 27 07:45:01 CEST 2017
Ping: 31.219 ms
Download: 118.76 Mbit/s
Upload: 5.67 Mbit/s
Sat May 27 08:45:01 CEST 2017
Ping: 30.444 ms
Download: 121.94 Mbit/s
Upload: 5.68 Mbit/s
Sat May 27 09:45:01 CEST 2017
Ping: 27.401 ms
Download: 111.97 Mbit/s
Upload: 4.96 Mbit/s
Sat May 27 10:45:02 CEST 2017
Ping: 27.543 ms
Download: 111.55 Mbit/s
Upload: 5.34 Mbit/s
Sat May 27 11:45:01 CEST 2017
Ping: 28.969 ms
Download: 119.56 Mbit/s
Upload: 5.23 Mbit/s
Sat May 27 12:45:01 CEST 2017
Ping: 28.935 ms
Download: 106.70 Mbit/s
Upload: 5.58 Mbit/s
Sat May 27 13:45:01 CEST 2017
Ping: 31.002 ms
Download: 118.89 Mbit/s
Upload: 5.61 Mbit/s
Sat May 27 14:45:02 CEST 2017
Ping: 30.065 ms
Download: 121.87 Mbit/s
Upload: 5.17 Mbit/s
Sat May 27 15:45:01 CEST 2017
Ping: 29.676 ms
Download: 105.91 Mbit/s
Upload: 5.58 Mbit/s
Sat May 27 16:45:01 CEST 2017
Ping: 28.923 ms
Download: 94.30 Mbit/s
Upload: 5.21 Mbit/s
Sat May 27 17:45:01 CEST 2017
Ping: 29.306 ms
Download: 103.86 Mbit/s
Upload: 4.91 Mbit/s
Sat May 27 18:45:01 CEST 2017
Ping: 29.361 ms
Download: 117.69 Mbit/s
Upload: 5.31 Mbit/s
Sat May 27 19:45:01 CEST 2017
Ping: 31.548 ms
Download: 123.07 Mbit/s
Upload: 5.58 Mbit/s
Sat May 27 20:45:02 CEST 2017
Ping: 29.521 ms
Download: 94.00 Mbit/s
Upload: 5.18 Mbit/s
Sat May 27 21:45:01 CEST 2017
Ping: 30.708 ms
Download: 117.86 Mbit/s
Upload: 5.16 Mbit/s
Sat May 27 22:45:01 CEST 2017
Ping: 27.678 ms
Download: 18.74 Mbit/s
Upload: 5.64 Mbit/s
Sat May 27 23:45:01 CEST 2017
Ping: 29.113 ms
Download: 119.09 Mbit/s
Upload: 5.58 Mbit/s
Sun May 28 00:45:01 CEST 2017
Ping: 31.143 ms
Download: 126.75 Mbit/s
Upload: 5.60 Mbit/s
Sun May 28 01:45:01 CEST 2017
Ping: 29.019 ms
Download: 123.64 Mbit/s
Upload: 5.34 Mbit/s
Sun May 28 02:45:01 CEST 2017
Ping: 27.037 ms
Download: 19.27 Mbit/s
Upload: 5.38 Mbit/s
Sun May 28 03:45:01 CEST 2017
Ping: 28.177 ms
Download: 122.86 Mbit/s
Upload: 5.22 Mbit/s
Sun May 28 04:45:01 CEST 2017
Ping: 29.946 ms
Download: 123.74 Mbit/s
Upload: 5.60 Mbit/s
Sun May 28 05:45:01 CEST 2017
Ping: 27.045 ms
Download: 16.58 Mbit/s
Upload: 5.69 Mbit/s
Sun May 28 06:45:01 CEST 2017
Ping: 26.595 ms
Download: 12.02 Mbit/s
Upload: 5.57 Mbit/s
Sun May 28 07:45:01 CEST 2017
Ping: 30.877 ms
Download: 99.56 Mbit/s
Upload: 5.31 Mbit/s
Sun May 28 08:45:01 CEST 2017
Ping: 27.041 ms
Download: 116.49 Mbit/s
Upload: 5.61 Mbit/s
Sun May 28 09:45:01 CEST 2017
Ping: 28.016 ms
Download: 115.98 Mbit/s
Upload: 5.19 Mbit/s
Sun May 28 10:45:01 CEST 2017
Ping: 27.449 ms
Download: 119.26 Mbit/s
Upload: 4.62 Mbit/s
Sun May 28 11:45:01 CEST 2017
Ping: 28.577 ms
Download: 9.64 Mbit/s
Upload: 5.53 Mbit/s
Sun May 28 12:45:01 CEST 2017
Ping: 27.891 ms
Download: 18.44 Mbit/s
Upload: 5.38 Mbit/s
Sun May 28 13:45:01 CEST 2017
Ping: 26.987 ms
Download: 9.69 Mbit/s
Upload: 5.38 Mbit/s
Sun May 28 14:45:01 CEST 2017
Ping: 28.895 ms
Download: 12.86 Mbit/s
Upload: 5.55 Mbit/s
Sun May 28 15:45:01 CEST 2017
Ping: 31.625 ms
Download: 112.63 Mbit/s
Upload: 5.49 Mbit/s
Sun May 28 16:45:02 CEST 2017
Ping: 27.561 ms
Download: 115.58 Mbit/s
Upload: 5.53 Mbit/s
Sun May 28 17:45:01 CEST 2017
Ping: 28.649 ms
Download: 121.45 Mbit/s
Upload: 5.34 Mbit/s
Sun May 28 18:45:01 CEST 2017
Ping: 28.969 ms
Download: 111.23 Mbit/s
Upload: 5.33 Mbit/s
Sun May 28 19:45:01 CEST 2017
Ping: 30.856 ms
Download: 118.65 Mbit/s
Upload: 5.21 Mbit/s
Sun May 28 20:45:01 CEST 2017
Ping: 30.716 ms
Download: 114.38 Mbit/s
Upload: 5.66 Mbit/s
Sun May 28 21:45:01 CEST 2017
Ping: 30.555 ms
Download: 120.37 Mbit/s
Upload: 5.52 Mbit/s
Sun May 28 22:45:01 CEST 2017
Ping: 29.058 ms
Download: 105.61 Mbit/s
Upload: 5.15 Mbit/s
Sun May 28 23:45:01 CEST 2017
Ping: 27.99 ms
Download: 122.24 Mbit/s
Upload: 5.22 Mbit/s
Mon May 29 00:45:01 CEST 2017
Ping: 27.988 ms
Download: 123.23 Mbit/s
Upload: 5.28 Mbit/s
Mon May 29 01:45:01 CEST 2017
Ping: 30.481 ms
Download: 118.57 Mbit/s
Upload: 5.63 Mbit/s
Mon May 29 02:45:01 CEST 2017
Ping: 29.209 ms
Download: 102.02 Mbit/s
Upload: 5.63 Mbit/s
Mon May 29 03:45:02 CEST 2017
Ping: 29.746 ms
Download: 127.05 Mbit/s
Upload: 5.61 Mbit/s
Mon May 29 04:45:01 CEST 2017
Ping: 26.804 ms
Download: 120.60 Mbit/s
Upload: 5.62 Mbit/s
Mon May 29 05:45:01 CEST 2017
Ping: 26.891 ms
Download: 8.04 Mbit/s
Upload: 5.57 Mbit/s
Mon May 29 06:45:01 CEST 2017
Ping: 26.649 ms
Download: 15.29 Mbit/s
Upload: 5.49 Mbit/s
Mon May 29 07:45:01 CEST 2017
Ping: 28.78 ms
Download: 117.69 Mbit/s
Upload: 5.32 Mbit/s
Mon May 29 08:45:01 CEST 2017
Ping: 28.745 ms
Download: 122.77 Mbit/s
Upload: 5.35 Mbit/s
Mon May 29 09:45:01 CEST 2017
Ping: 27.677 ms
Download: 125.89 Mbit/s
Upload: 5.35 Mbit/s
Mon May 29 10:45:01 CEST 2017
Ping: 27.981 ms
Download: 119.50 Mbit/s
Upload: 5.13 Mbit/s
Mon May 29 11:45:01 CEST 2017
Ping: 27.692 ms
Download: 117.24 Mbit/s
Upload: 5.12 Mbit/s
Mon May 29 12:45:01 CEST 2017
Ping: 27.676 ms
Download: 122.25 Mbit/s
Upload: 5.27 Mbit/s
Mon May 29 13:45:01 CEST 2017
Ping: 28.107 ms
Download: 119.30 Mbit/s
Upload: 5.28 Mbit/s
Mon May 29 14:45:01 CEST 2017
Ping: 27.644 ms
Download: 9.84 Mbit/s
Upload: 5.31 Mbit/s
Mon May 29 15:45:01 CEST 2017
Ping: 27.307 ms
Download: 123.77 Mbit/s
Upload: 5.23 Mbit/s
Mon May 29 16:45:01 CEST 2017
Ping: 28.08 ms
Download: 99.71 Mbit/s
Upload: 5.21 Mbit/s
Mon May 29 17:45:01 CEST 2017
Ping: 27.469 ms
Download: 85.99 Mbit/s
Upload: 5.27 Mbit/s
Mon May 29 18:45:01 CEST 2017
Ping: 29.828 ms
Download: 80.58 Mbit/s
Upload: 5.60 Mbit/s
Mon May 29 19:45:01 CEST 2017
Ping: 29.656 ms
Download: 114.68 Mbit/s
Upload: 5.36 Mbit/s
Mon May 29 20:45:02 CEST 2017
Ping: 31.527 ms
Download: 124.00 Mbit/s
Upload: 5.43 Mbit/s
Mon May 29 21:45:01 CEST 2017
Ping: 29.066 ms
Download: 124.69 Mbit/s
Upload: 5.41 Mbit/s
Mon May 29 22:45:01 CEST 2017
Ping: 29.446 ms
Download: 110.42 Mbit/s
Upload: 5.25 Mbit/s
Mon May 29 23:45:01 CEST 2017
Ping: 28.86 ms
Download: 117.13 Mbit/s
Upload: 5.40 Mbit/s
Tue May 30 00:45:02 CEST 2017
Ping: 28.524 ms
Download: 123.38 Mbit/s
Upload: 5.06 Mbit/s
Tue May 30 01:45:01 CEST 2017
Ping: 32.4 ms
Download: 123.68 Mbit/s
Upload: 5.64 Mbit/s
Tue May 30 02:45:01 CEST 2017
Ping: 29.523 ms
Download: 123.44 Mbit/s
Upload: 5.62 Mbit/s
Tue May 30 03:45:01 CEST 2017
Ping: 27.06 ms
Download: 103.01 Mbit/s
Upload: 5.57 Mbit/s
Tue May 30 04:45:01 CEST 2017
Ping: 28.662 ms
Download: 118.83 Mbit/s
Upload: 5.34 Mbit/s
Tue May 30 05:45:01 CEST 2017
Ping: 28.635 ms
Download: 123.08 Mbit/s
Upload: 5.36 Mbit/s
Tue May 30 06:45:01 CEST 2017
Ping: 27.252 ms
Download: 122.61 Mbit/s
Upload: 5.31 Mbit/s
Tue May 30 07:45:01 CEST 2017
Ping: 25.173 ms
Download: 9.09 Mbit/s
Upload: 5.60 Mbit/s
Tue May 30 08:45:01 CEST 2017
Ping: 28.022 ms
Download: 9.02 Mbit/s
Upload: 5.54 Mbit/s
Tue May 30 09:45:02 CEST 2017
Ping: 28.919 ms
Download: 122.50 Mbit/s
Upload: 5.10 Mbit/s
Tue May 30 10:45:01 CEST 2017
Ping: 30.049 ms
Download: 124.16 Mbit/s
Upload: 4.94 Mbit/s
Tue May 30 11:45:01 CEST 2017
Ping: 26.871 ms
Download: 7.07 Mbit/s
Upload: 5.53 Mbit/s
Tue May 30 12:45:02 CEST 2017
Ping: 26.497 ms
Download: 19.27 Mbit/s
Upload: 5.45 Mbit/s
Tue May 30 13:45:01 CEST 2017
Ping: 27.272 ms
Download: 121.12 Mbit/s
Upload: 4.89 Mbit/s
Tue May 30 14:45:01 CEST 2017
Ping: 26.072 ms
Download: 10.34 Mbit/s
Upload: 5.61 Mbit/s
Tue May 30 15:45:01 CEST 2017
Ping: 29.008 ms
Download: 11.28 Mbit/s
Upload: 5.54 Mbit/s
Tue May 30 16:45:01 CEST 2017
Ping: 28.997 ms
Download: 123.93 Mbit/s
Upload: 5.38 Mbit/s
Tue May 30 17:45:01 CEST 2017
Ping: 27.562 ms
Download: 111.88 Mbit/s
Upload: 5.31 Mbit/s
Tue May 30 18:45:01 CEST 2017
Ping: 29.893 ms
Download: 112.06 Mbit/s
Upload: 5.46 Mbit/s
Tue May 30 19:45:01 CEST 2017
Ping: 28.024 ms
Download: 100.56 Mbit/s
Upload: 4.99 Mbit/s
Tue May 30 20:45:01 CEST 2017
Ping: 29.013 ms
Download: 121.06 Mbit/s
Upload: 5.10 Mbit/s
Tue May 30 21:45:01 CEST 2017
Ping: 29.634 ms
Download: 126.89 Mbit/s
Upload: 5.51 Mbit/s
Tue May 30 22:45:01 CEST 2017
Ping: 30.011 ms
Download: 116.61 Mbit/s
Upload: 5.03 Mbit/s
Tue May 30 23:45:01 CEST 2017
Ping: 28.988 ms
Download: 119.12 Mbit/s
Upload: 5.00 Mbit/s
Wed May 31 00:45:01 CEST 2017
Ping: 31.172 ms
Download: 116.74 Mbit/s
Upload: 5.44 Mbit/s
Wed May 31 01:45:01 CEST 2017
Ping: 28.809 ms
Download: 16.40 Mbit/s
Upload: 5.63 Mbit/s
Wed May 31 02:45:01 CEST 2017
Ping: 30.583 ms
Download: 116.28 Mbit/s
Upload: 5.52 Mbit/s
Wed May 31 03:45:01 CEST 2017
Ping: 28.492 ms
Download: 123.76 Mbit/s
Upload: 5.64 Mbit/s
Wed May 31 04:45:01 CEST 2017
Ping: 27.537 ms
Download: 10.23 Mbit/s
Upload: 5.50 Mbit/s
Wed May 31 05:45:01 CEST 2017
Ping: 29.501 ms
Download: 127.43 Mbit/s
Upload: 5.59 Mbit/s
Wed May 31 06:45:01 CEST 2017
Ping: 29.944 ms
Download: 107.99 Mbit/s
Upload: 5.64 Mbit/s
Wed May 31 07:45:01 CEST 2017
Ping: 27.369 ms
Download: 118.63 Mbit/s
Upload: 5.33 Mbit/s
Wed May 31 08:45:01 CEST 2017
Ping: 30.614 ms
Download: 119.61 Mbit/s
Upload: 5.17 Mbit/s
Wed May 31 09:45:01 CEST 2017
Ping: 25.023 ms
Download: 109.09 Mbit/s
Upload: 5.11 Mbit/s
Wed May 31 10:45:02 CEST 2017
Ping: 28.767 ms
Download: 119.67 Mbit/s
Upload: 5.43 Mbit/s
Wed May 31 11:45:01 CEST 2017
Ping: 26.955 ms
Download: 9.37 Mbit/s
Upload: 5.45 Mbit/s
Wed May 31 12:45:01 CEST 2017
Ping: 26.227 ms
Download: 14.07 Mbit/s
Upload: 5.16 Mbit/s
Wed May 31 13:45:01 CEST 2017
Ping: 30.315 ms
Download: 123.82 Mbit/s
Upload: 5.22 Mbit/s
Wed May 31 14:45:01 CEST 2017
Ping: 29.594 ms
Download: 123.48 Mbit/s
Upload: 5.21 Mbit/s
Wed May 31 15:45:01 CEST 2017
Ping: 28.353 ms
Download: 14.07 Mbit/s
Upload: 5.60 Mbit/s
Wed May 31 16:45:01 CEST 2017
Ping: 27.676 ms
Download: 109.66 Mbit/s
Upload: 4.68 Mbit/s
Wed May 31 17:45:01 CEST 2017
Ping: 27.786 ms
Download: 121.74 Mbit/s
Upload: 5.26 Mbit/s
Wed May 31 18:45:01 CEST 2017
Ping: 27.528 ms
Download: 8.96 Mbit/s
Upload: 4.35 Mbit/s
Wed May 31 19:45:01 CEST 2017
Ping: 29.712 ms
Download: 107.99 Mbit/s
Upload: 5.58 Mbit/s
Wed May 31 20:45:01 CEST 2017
Ping: 29.521 ms
Download: 93.16 Mbit/s
Upload: 5.25 Mbit/s
Wed May 31 21:45:01 CEST 2017
Ping: 27.659 ms
Download: 101.78 Mbit/s
Upload: 5.18 Mbit/s
Wed May 31 22:45:01 CEST 2017
Ping: 30.511 ms
Download: 122.91 Mbit/s
Upload: 5.62 Mbit/s
Wed May 31 23:45:01 CEST 2017
Ping: 29.284 ms
Download: 103.25 Mbit/s
Upload: 5.34 Mbit/s
