Fri Dec  1 00:45:01 CET 2017
Ping: 26.455 ms
Download: 119.26 Mbit/s
Upload: 5.49 Mbit/s
Fri Dec  1 01:45:01 CET 2017
Ping: 26.28 ms
Download: 118.81 Mbit/s
Upload: 5.64 Mbit/s
Fri Dec  1 02:45:01 CET 2017
Ping: 27.105 ms
Download: 125.79 Mbit/s
Upload: 5.55 Mbit/s
Fri Dec  1 03:45:01 CET 2017
Ping: 26.27 ms
Download: 127.45 Mbit/s
Upload: 5.49 Mbit/s
Fri Dec  1 04:45:01 CET 2017
Ping: 24.515 ms
Download: 122.86 Mbit/s
Upload: 5.56 Mbit/s
Fri Dec  1 05:45:01 CET 2017
Ping: 25.962 ms
Download: 126.41 Mbit/s
Upload: 5.64 Mbit/s
Fri Dec  1 06:45:01 CET 2017
Ping: 26.064 ms
Download: 127.94 Mbit/s
Upload: 4.32 Mbit/s
Fri Dec  1 07:45:01 CET 2017
Ping: 24.68 ms
Download: 126.34 Mbit/s
Upload: 5.61 Mbit/s
Fri Dec  1 08:45:01 CET 2017
Ping: 28.503 ms
Download: 118.13 Mbit/s
Upload: 5.62 Mbit/s
Fri Dec  1 09:45:01 CET 2017
Ping: 26.1 ms
Download: 127.98 Mbit/s
Upload: 5.59 Mbit/s
Fri Dec  1 10:45:01 CET 2017
Ping: 23.605 ms
Download: 115.37 Mbit/s
Upload: 5.11 Mbit/s
Fri Dec  1 11:45:02 CET 2017
Ping: 27.486 ms
Download: 122.25 Mbit/s
Upload: 5.39 Mbit/s
Fri Dec  1 12:45:01 CET 2017
Ping: 25.099 ms
Download: 127.30 Mbit/s
Upload: 5.61 Mbit/s
Fri Dec  1 13:45:02 CET 2017
Ping: 25.323 ms
Download: 127.68 Mbit/s
Upload: 5.51 Mbit/s
Fri Dec  1 14:45:01 CET 2017
Ping: 26.318 ms
Download: 116.46 Mbit/s
Upload: 5.47 Mbit/s
Fri Dec  1 15:45:01 CET 2017
Ping: 26.179 ms
Download: 123.32 Mbit/s
Upload: 5.67 Mbit/s
Fri Dec  1 16:45:01 CET 2017
Ping: 24.874 ms
Download: 126.03 Mbit/s
Upload: 5.59 Mbit/s
Fri Dec  1 17:45:01 CET 2017
Ping: 27.183 ms
Download: 111.81 Mbit/s
Upload: 5.65 Mbit/s
Fri Dec  1 18:45:01 CET 2017
Ping: 27.089 ms
Download: 124.28 Mbit/s
Upload: 4.60 Mbit/s
Fri Dec  1 19:45:01 CET 2017
Ping: 27.826 ms
Download: 121.10 Mbit/s
Upload: 5.61 Mbit/s
Fri Dec  1 20:45:01 CET 2017
Ping: 28.937 ms
Download: 125.06 Mbit/s
Upload: 5.63 Mbit/s
Fri Dec  1 21:45:01 CET 2017
Ping: 25.84 ms
Download: 113.00 Mbit/s
Upload: 5.64 Mbit/s
Fri Dec  1 22:45:01 CET 2017
Ping: 27.325 ms
Download: 119.27 Mbit/s
Upload: 5.67 Mbit/s
Fri Dec  1 23:45:01 CET 2017
Ping: 26.275 ms
Download: 119.57 Mbit/s
Upload: 5.59 Mbit/s
Sat Dec  2 00:45:01 CET 2017
Ping: 26.496 ms
Download: 116.93 Mbit/s
Upload: 5.48 Mbit/s
Sat Dec  2 01:45:01 CET 2017
Ping: 23.842 ms
Download: 116.90 Mbit/s
Upload: 4.64 Mbit/s
Sat Dec  2 02:45:01 CET 2017
Ping: 24.754 ms
Download: 113.42 Mbit/s
Upload: 5.42 Mbit/s
Sat Dec  2 03:45:01 CET 2017
Ping: 25.086 ms
Download: 112.87 Mbit/s
Upload: 5.54 Mbit/s
Sat Dec  2 04:45:01 CET 2017
Ping: 26.078 ms
Download: 128.42 Mbit/s
Upload: 5.23 Mbit/s
Sat Dec  2 05:45:01 CET 2017
Ping: 26.446 ms
Download: 124.28 Mbit/s
Upload: 5.61 Mbit/s
Sat Dec  2 06:45:01 CET 2017
Ping: 25.154 ms
Download: 123.97 Mbit/s
Upload: 5.41 Mbit/s
Sat Dec  2 07:45:01 CET 2017
Ping: 26.979 ms
Download: 126.08 Mbit/s
Upload: 4.66 Mbit/s
Sat Dec  2 08:45:01 CET 2017
Ping: 26.285 ms
Download: 117.71 Mbit/s
Upload: 5.42 Mbit/s
Sat Dec  2 09:45:01 CET 2017
Ping: 25.795 ms
Download: 120.06 Mbit/s
Upload: 5.56 Mbit/s
Sat Dec  2 10:45:01 CET 2017
Ping: 26.071 ms
Download: 124.21 Mbit/s
Upload: 5.64 Mbit/s
Sat Dec  2 11:45:01 CET 2017
Ping: 26.105 ms
Download: 126.21 Mbit/s
Upload: 5.32 Mbit/s
Sat Dec  2 12:45:01 CET 2017
Ping: 24.671 ms
Download: 121.93 Mbit/s
Upload: 5.50 Mbit/s
Sat Dec  2 13:45:01 CET 2017
Ping: 25.914 ms
Download: 113.12 Mbit/s
Upload: 5.49 Mbit/s
Sat Dec  2 14:45:01 CET 2017
Ping: 25.679 ms
Download: 116.14 Mbit/s
Upload: 5.62 Mbit/s
Sat Dec  2 15:45:01 CET 2017
Ping: 26.306 ms
Download: 113.72 Mbit/s
Upload: 5.46 Mbit/s
Sat Dec  2 16:45:01 CET 2017
Ping: 26.302 ms
Download: 118.49 Mbit/s
Upload: 5.54 Mbit/s
Sat Dec  2 17:45:01 CET 2017
Ping: 26.608 ms
Download: 115.01 Mbit/s
Upload: 5.54 Mbit/s
Sat Dec  2 18:45:01 CET 2017
Ping: 25.141 ms
Download: 125.65 Mbit/s
Upload: 5.59 Mbit/s
Sat Dec  2 19:45:01 CET 2017
Ping: 25.545 ms
Download: 106.38 Mbit/s
Upload: 5.59 Mbit/s
Sat Dec  2 20:45:02 CET 2017
Ping: 29.149 ms
Download: 127.72 Mbit/s
Upload: 5.64 Mbit/s
Sat Dec  2 21:45:01 CET 2017
Ping: 27.635 ms
Download: 118.26 Mbit/s
Upload: 5.66 Mbit/s
Sat Dec  2 22:45:01 CET 2017
Ping: 28.906 ms
Download: 121.26 Mbit/s
Upload: 5.58 Mbit/s
Sat Dec  2 23:45:01 CET 2017
Ping: 26.27 ms
Download: 125.78 Mbit/s
Upload: 5.54 Mbit/s
Sun Dec  3 00:45:01 CET 2017
Ping: 26.483 ms
Download: 127.18 Mbit/s
Upload: 5.60 Mbit/s
Sun Dec  3 01:45:01 CET 2017
Ping: 25.525 ms
Download: 125.49 Mbit/s
Upload: 5.66 Mbit/s
Sun Dec  3 02:45:01 CET 2017
Ping: 24.621 ms
Download: 125.04 Mbit/s
Upload: 5.60 Mbit/s
Sun Dec  3 03:45:01 CET 2017
Ping: 23.167 ms
Download: 126.52 Mbit/s
Upload: 5.62 Mbit/s
Sun Dec  3 04:45:01 CET 2017
Ping: 26.285 ms
Download: 116.13 Mbit/s
Upload: 5.65 Mbit/s
Sun Dec  3 05:45:01 CET 2017
Ping: 27.074 ms
Download: 127.26 Mbit/s
Upload: 5.58 Mbit/s
Sun Dec  3 06:45:01 CET 2017
Ping: 27.627 ms
Download: 127.66 Mbit/s
Upload: 5.61 Mbit/s
Sun Dec  3 07:45:01 CET 2017
Ping: 26.441 ms
Download: 121.04 Mbit/s
Upload: 5.59 Mbit/s
Sun Dec  3 08:45:01 CET 2017
Ping: 27.589 ms
Download: 121.23 Mbit/s
Upload: 5.52 Mbit/s
Sun Dec  3 09:45:01 CET 2017
Ping: 26.231 ms
Download: 115.45 Mbit/s
Upload: 5.64 Mbit/s
Sun Dec  3 10:45:01 CET 2017
Ping: 26.529 ms
Download: 117.51 Mbit/s
Upload: 5.50 Mbit/s
Sun Dec  3 11:45:01 CET 2017
Ping: 24.11 ms
Download: 126.98 Mbit/s
Upload: 5.36 Mbit/s
Sun Dec  3 12:45:02 CET 2017
Ping: 27.632 ms
Download: 123.21 Mbit/s
Upload: 5.60 Mbit/s
Sun Dec  3 13:45:01 CET 2017
Ping: 27.011 ms
Download: 121.88 Mbit/s
Upload: 5.56 Mbit/s
Sun Dec  3 14:45:01 CET 2017
Ping: 25.168 ms
Download: 116.08 Mbit/s
Upload: 5.38 Mbit/s
Sun Dec  3 15:45:02 CET 2017
Ping: 27.326 ms
Download: 106.59 Mbit/s
Upload: 5.42 Mbit/s
Sun Dec  3 16:45:01 CET 2017
Ping: 28.235 ms
Download: 126.26 Mbit/s
Upload: 5.64 Mbit/s
Sun Dec  3 17:45:01 CET 2017
Ping: 24.638 ms
Download: 109.17 Mbit/s
Upload: 5.64 Mbit/s
Sun Dec  3 18:45:01 CET 2017
Ping: 27.632 ms
Download: 117.48 Mbit/s
Upload: 5.33 Mbit/s
Sun Dec  3 19:45:01 CET 2017
Ping: 28.076 ms
Download: 114.14 Mbit/s
Upload: 5.47 Mbit/s
Sun Dec  3 20:45:01 CET 2017
Ping: 25.386 ms
Download: 123.24 Mbit/s
Upload: 5.63 Mbit/s
Sun Dec  3 21:45:01 CET 2017
Ping: 25.311 ms
Download: 112.22 Mbit/s
Upload: 5.52 Mbit/s
Sun Dec  3 22:45:01 CET 2017
Ping: 25.335 ms
Download: 117.33 Mbit/s
Upload: 5.64 Mbit/s
Sun Dec  3 23:45:01 CET 2017
Ping: 27.809 ms
Download: 109.82 Mbit/s
Upload: 5.64 Mbit/s
Mon Dec  4 00:45:01 CET 2017
Ping: 26.276 ms
Download: 125.71 Mbit/s
Upload: 4.05 Mbit/s
Mon Dec  4 01:45:01 CET 2017
Ping: 26.466 ms
Download: 117.24 Mbit/s
Upload: 5.53 Mbit/s
Mon Dec  4 02:45:01 CET 2017
Ping: 24.029 ms
Download: 116.89 Mbit/s
Upload: 5.33 Mbit/s
Mon Dec  4 03:45:01 CET 2017
Ping: 26.338 ms
Download: 127.19 Mbit/s
Upload: 5.59 Mbit/s
Mon Dec  4 04:45:01 CET 2017
Ping: 25.134 ms
Download: 107.67 Mbit/s
Upload: 5.62 Mbit/s
Mon Dec  4 05:45:01 CET 2017
Ping: 24.703 ms
Download: 126.78 Mbit/s
Upload: 5.63 Mbit/s
Mon Dec  4 06:45:02 CET 2017
Ping: 26.646 ms
Download: 119.07 Mbit/s
Upload: 5.66 Mbit/s
Mon Dec  4 07:45:01 CET 2017
Ping: 26.39 ms
Download: 122.39 Mbit/s
Upload: 4.81 Mbit/s
Mon Dec  4 08:45:01 CET 2017
Ping: 26.529 ms
Download: 119.97 Mbit/s
Upload: 5.56 Mbit/s
Mon Dec  4 09:45:01 CET 2017
Ping: 24.12 ms
Download: 122.78 Mbit/s
Upload: 5.62 Mbit/s
Mon Dec  4 10:45:01 CET 2017
Ping: 28.516 ms
Download: 120.13 Mbit/s
Upload: 5.42 Mbit/s
Mon Dec  4 11:45:01 CET 2017
Ping: 25.703 ms
Download: 123.61 Mbit/s
Upload: 5.56 Mbit/s
Mon Dec  4 12:45:01 CET 2017
Ping: 26.295 ms
Download: 116.65 Mbit/s
Upload: 5.40 Mbit/s
Mon Dec  4 13:45:01 CET 2017
Ping: 24.253 ms
Download: 123.33 Mbit/s
Upload: 5.51 Mbit/s
Mon Dec  4 14:45:01 CET 2017
Ping: 24.626 ms
Download: 121.47 Mbit/s
Upload: 5.52 Mbit/s
Mon Dec  4 15:45:01 CET 2017
Ping: 25.147 ms
Download: 127.65 Mbit/s
Upload: 5.50 Mbit/s
Mon Dec  4 16:45:01 CET 2017
Ping: 24.931 ms
Download: 119.92 Mbit/s
Upload: 5.35 Mbit/s
Mon Dec  4 17:45:01 CET 2017
Ping: 24.421 ms
Download: 125.37 Mbit/s
Upload: 5.53 Mbit/s
Mon Dec  4 18:45:01 CET 2017
Ping: 27.856 ms
Download: 123.67 Mbit/s
Upload: 5.52 Mbit/s
Mon Dec  4 19:45:01 CET 2017
Ping: 25.46 ms
Download: 122.67 Mbit/s
Upload: 5.64 Mbit/s
Mon Dec  4 20:45:01 CET 2017
Ping: 26.295 ms
Download: 121.68 Mbit/s
Upload: 5.62 Mbit/s
Mon Dec  4 21:45:01 CET 2017
Ping: 27.204 ms
Download: 127.35 Mbit/s
Upload: 5.57 Mbit/s
Mon Dec  4 22:45:01 CET 2017
Ping: 25.625 ms
Download: 118.71 Mbit/s
Upload: 5.11 Mbit/s
Mon Dec  4 23:45:01 CET 2017
Ping: 26.499 ms
Download: 125.95 Mbit/s
Upload: 5.54 Mbit/s
Tue Dec  5 00:45:01 CET 2017
Ping: 26.403 ms
Download: 123.68 Mbit/s
Upload: 5.65 Mbit/s
Tue Dec  5 01:45:02 CET 2017
Ping: 25.41 ms
Download: 120.40 Mbit/s
Upload: 5.45 Mbit/s
Tue Dec  5 02:45:01 CET 2017
Ping: 26.049 ms
Download: 127.76 Mbit/s
Upload: 5.52 Mbit/s
Tue Dec  5 03:45:01 CET 2017
Ping: 26.187 ms
Download: 126.75 Mbit/s
Upload: 5.60 Mbit/s
Tue Dec  5 04:45:01 CET 2017
Ping: 25.282 ms
Download: 119.59 Mbit/s
Upload: 5.63 Mbit/s
Tue Dec  5 05:45:01 CET 2017
Ping: 26.691 ms
Download: 127.65 Mbit/s
Upload: 5.64 Mbit/s
Tue Dec  5 06:45:02 CET 2017
Ping: 24.182 ms
Download: 123.29 Mbit/s
Upload: 5.56 Mbit/s
Tue Dec  5 07:45:01 CET 2017
Ping: 24.842 ms
Download: 125.39 Mbit/s
Upload: 5.60 Mbit/s
Tue Dec  5 08:45:01 CET 2017
Ping: 23.295 ms
Download: 114.01 Mbit/s
Upload: 5.59 Mbit/s
Tue Dec  5 09:45:01 CET 2017
Ping: 24.353 ms
Download: 125.29 Mbit/s
Upload: 5.41 Mbit/s
Tue Dec  5 10:45:01 CET 2017
Ping: 24.727 ms
Download: 114.84 Mbit/s
Upload: 5.38 Mbit/s
Tue Dec  5 11:45:01 CET 2017
Ping: 25.771 ms
Download: 127.98 Mbit/s
Upload: 5.49 Mbit/s
Tue Dec  5 12:45:01 CET 2017
Ping: 26.403 ms
Download: 113.61 Mbit/s
Upload: 5.61 Mbit/s
Tue Dec  5 13:45:01 CET 2017
Ping: 25.535 ms
Download: 126.95 Mbit/s
Upload: 5.63 Mbit/s
Tue Dec  5 14:45:01 CET 2017
Ping: 24.649 ms
Download: 121.90 Mbit/s
Upload: 5.58 Mbit/s
Tue Dec  5 15:45:01 CET 2017
Ping: 27.64 ms
Download: 115.40 Mbit/s
Upload: 5.44 Mbit/s
Tue Dec  5 16:45:01 CET 2017
Ping: 25.246 ms
Download: 98.55 Mbit/s
Upload: 5.49 Mbit/s
Tue Dec  5 17:45:01 CET 2017
Ping: 26.431 ms
Download: 118.50 Mbit/s
Upload: 4.69 Mbit/s
Tue Dec  5 18:45:01 CET 2017
Ping: 26.885 ms
Download: 103.97 Mbit/s
Upload: 5.48 Mbit/s
Tue Dec  5 19:45:02 CET 2017
Ping: 26.384 ms
Download: 120.95 Mbit/s
Upload: 5.40 Mbit/s
Tue Dec  5 20:45:01 CET 2017
Ping: 25.338 ms
Download: 105.73 Mbit/s
Upload: 3.95 Mbit/s
Tue Dec  5 21:45:01 CET 2017
Ping: 26.239 ms
Download: 115.36 Mbit/s
Upload: 5.52 Mbit/s
Tue Dec  5 22:45:01 CET 2017
Ping: 26.778 ms
Download: 124.17 Mbit/s
Upload: 5.39 Mbit/s
Tue Dec  5 23:45:01 CET 2017
Ping: 25.029 ms
Download: 126.77 Mbit/s
Upload: 5.49 Mbit/s
Wed Dec  6 00:45:01 CET 2017
Ping: 24.507 ms
Download: 105.52 Mbit/s
Upload: 5.59 Mbit/s
Wed Dec  6 01:45:01 CET 2017
Ping: 25.222 ms
Download: 126.02 Mbit/s
Upload: 5.60 Mbit/s
Wed Dec  6 02:45:01 CET 2017
Ping: 25.849 ms
Download: 124.00 Mbit/s
Upload: 5.62 Mbit/s
Wed Dec  6 03:45:01 CET 2017
Ping: 25.452 ms
Download: 124.18 Mbit/s
Upload: 5.69 Mbit/s
Wed Dec  6 04:45:01 CET 2017
Ping: 25.128 ms
Download: 127.56 Mbit/s
Upload: 5.70 Mbit/s
Wed Dec  6 05:45:01 CET 2017
Ping: 24.933 ms
Download: 122.78 Mbit/s
Upload: 5.63 Mbit/s
Wed Dec  6 06:45:01 CET 2017
Ping: 23.741 ms
Download: 127.44 Mbit/s
Upload: 5.56 Mbit/s
Wed Dec  6 07:45:01 CET 2017
Ping: 25.276 ms
Download: 121.26 Mbit/s
Upload: 5.58 Mbit/s
Wed Dec  6 08:45:01 CET 2017
Ping: 26.482 ms
Download: 53.48 Mbit/s
Upload: 5.37 Mbit/s
Wed Dec  6 09:45:01 CET 2017
Ping: 26.254 ms
Download: 114.14 Mbit/s
Upload: 5.50 Mbit/s
Wed Dec  6 10:45:01 CET 2017
Ping: 25.561 ms
Download: 117.61 Mbit/s
Upload: 5.66 Mbit/s
Wed Dec  6 11:45:02 CET 2017
Ping: 25.793 ms
Download: 123.40 Mbit/s
Upload: 5.51 Mbit/s
Wed Dec  6 12:45:02 CET 2017
Ping: 24.954 ms
Download: 104.80 Mbit/s
Upload: 5.46 Mbit/s
Wed Dec  6 13:45:01 CET 2017
Ping: 24.582 ms
Download: 122.32 Mbit/s
Upload: 5.50 Mbit/s
Wed Dec  6 14:45:01 CET 2017
Ping: 25.963 ms
Download: 114.12 Mbit/s
Upload: 5.48 Mbit/s
Wed Dec  6 15:45:02 CET 2017
Ping: 23.294 ms
Download: 125.20 Mbit/s
Upload: 5.52 Mbit/s
Wed Dec  6 16:45:01 CET 2017
Ping: 24.796 ms
Download: 126.62 Mbit/s
Upload: 5.51 Mbit/s
Wed Dec  6 17:45:01 CET 2017
Ping: 24.74 ms
Download: 124.82 Mbit/s
Upload: 5.52 Mbit/s
Wed Dec  6 18:45:01 CET 2017
Ping: 24.77 ms
Download: 116.63 Mbit/s
Upload: 5.40 Mbit/s
Wed Dec  6 19:45:01 CET 2017
Ping: 25.661 ms
Download: 127.80 Mbit/s
Upload: 5.57 Mbit/s
Wed Dec  6 20:45:01 CET 2017
Ping: 26.433 ms
Download: 123.10 Mbit/s
Upload: 5.50 Mbit/s
Wed Dec  6 21:45:01 CET 2017
Ping: 26.6 ms
Download: 121.27 Mbit/s
Upload: 4.72 Mbit/s
Wed Dec  6 22:45:01 CET 2017
Ping: 25.401 ms
Download: 126.11 Mbit/s
Upload: 5.62 Mbit/s
Wed Dec  6 23:45:01 CET 2017
Ping: 25.072 ms
Download: 125.68 Mbit/s
Upload: 5.59 Mbit/s
Thu Dec  7 00:45:02 CET 2017
Ping: 26.433 ms
Download: 127.60 Mbit/s
Upload: 5.65 Mbit/s
Thu Dec  7 01:45:01 CET 2017
Ping: 23.963 ms
Download: 127.92 Mbit/s
Upload: 5.64 Mbit/s
Thu Dec  7 02:45:02 CET 2017
Ping: 24.57 ms
Download: 127.22 Mbit/s
Upload: 5.57 Mbit/s
Thu Dec  7 03:45:01 CET 2017
Ping: 24.213 ms
Download: 120.66 Mbit/s
Upload: 5.57 Mbit/s
Thu Dec  7 04:45:01 CET 2017
Ping: 26.366 ms
Download: 125.00 Mbit/s
Upload: 5.64 Mbit/s
Thu Dec  7 05:45:01 CET 2017
Ping: 23.976 ms
Download: 121.54 Mbit/s
Upload: 5.56 Mbit/s
Thu Dec  7 06:45:01 CET 2017
Ping: 26.496 ms
Download: 124.65 Mbit/s
Upload: 5.63 Mbit/s
Thu Dec  7 07:45:01 CET 2017
Ping: 25.542 ms
Download: 94.26 Mbit/s
Upload: 5.35 Mbit/s
Thu Dec  7 08:45:01 CET 2017
Ping: 25.995 ms
Download: 127.35 Mbit/s
Upload: 5.59 Mbit/s
Thu Dec  7 09:45:01 CET 2017
Ping: 26.81 ms
Download: 116.48 Mbit/s
Upload: 5.62 Mbit/s
Thu Dec  7 10:45:01 CET 2017
Ping: 25.59 ms
Download: 126.58 Mbit/s
Upload: 5.57 Mbit/s
Thu Dec  7 11:45:01 CET 2017
Ping: 24.646 ms
Download: 108.07 Mbit/s
Upload: 5.62 Mbit/s
Thu Dec  7 12:45:02 CET 2017
Ping: 27.594 ms
Download: 123.13 Mbit/s
Upload: 5.57 Mbit/s
Thu Dec  7 13:45:01 CET 2017
Ping: 25.581 ms
Download: 117.91 Mbit/s
Upload: 5.59 Mbit/s
Thu Dec  7 14:45:01 CET 2017
Ping: 25.821 ms
Download: 114.30 Mbit/s
Upload: 5.63 Mbit/s
Thu Dec  7 15:45:01 CET 2017
Ping: 27.151 ms
Download: 123.61 Mbit/s
Upload: 5.67 Mbit/s
Thu Dec  7 16:45:01 CET 2017
Ping: 24.8 ms
Download: 125.49 Mbit/s
Upload: 5.44 Mbit/s
Thu Dec  7 17:45:01 CET 2017
Ping: 25.327 ms
Download: 124.81 Mbit/s
Upload: 5.65 Mbit/s
Thu Dec  7 18:45:01 CET 2017
Ping: 26.991 ms
Download: 113.29 Mbit/s
Upload: 5.27 Mbit/s
Thu Dec  7 19:45:01 CET 2017
Ping: 25.611 ms
Download: 126.88 Mbit/s
Upload: 5.43 Mbit/s
Thu Dec  7 20:45:01 CET 2017
Ping: 26.434 ms
Download: 119.06 Mbit/s
Upload: 5.63 Mbit/s
Thu Dec  7 21:45:01 CET 2017
Ping: 24.683 ms
Download: 126.13 Mbit/s
Upload: 4.42 Mbit/s
Thu Dec  7 22:45:01 CET 2017
Ping: 27.97 ms
Download: 118.10 Mbit/s
Upload: 5.28 Mbit/s
Thu Dec  7 23:45:01 CET 2017
Ping: 25.068 ms
Download: 128.00 Mbit/s
Upload: 5.58 Mbit/s
Fri Dec  8 00:45:01 CET 2017
Ping: 24.881 ms
Download: 119.27 Mbit/s
Upload: 5.66 Mbit/s
Fri Dec  8 01:45:01 CET 2017
Ping: 25.757 ms
Download: 121.93 Mbit/s
Upload: 5.51 Mbit/s
Fri Dec  8 02:45:01 CET 2017
Ping: 24.907 ms
Download: 125.82 Mbit/s
Upload: 5.59 Mbit/s
Fri Dec  8 03:45:01 CET 2017
Ping: 24.662 ms
Download: 120.02 Mbit/s
Upload: 5.67 Mbit/s
Fri Dec  8 04:45:01 CET 2017
Ping: 24.953 ms
Download: 118.61 Mbit/s
Upload: 5.52 Mbit/s
Fri Dec  8 05:45:01 CET 2017
Ping: 24.903 ms
Download: 124.62 Mbit/s
Upload: 5.64 Mbit/s
Fri Dec  8 06:45:02 CET 2017
Ping: 25.539 ms
Download: 127.91 Mbit/s
Upload: 4.50 Mbit/s
Fri Dec  8 07:45:01 CET 2017
Ping: 25.598 ms
Download: 110.72 Mbit/s
Upload: 5.51 Mbit/s
Fri Dec  8 08:45:02 CET 2017
Ping: 26.252 ms
Download: 110.61 Mbit/s
Upload: 5.62 Mbit/s
Fri Dec  8 09:45:02 CET 2017
Ping: 25.947 ms
Download: 124.69 Mbit/s
Upload: 5.60 Mbit/s
Fri Dec  8 10:45:01 CET 2017
Ping: 25.338 ms
Download: 118.04 Mbit/s
Upload: 5.61 Mbit/s
Fri Dec  8 11:45:01 CET 2017
Ping: 25.664 ms
Download: 124.54 Mbit/s
Upload: 5.65 Mbit/s
Fri Dec  8 12:45:01 CET 2017
Ping: 25.403 ms
Download: 118.32 Mbit/s
Upload: 5.60 Mbit/s
Fri Dec  8 13:45:01 CET 2017
Ping: 24.918 ms
Download: 127.11 Mbit/s
Upload: 5.47 Mbit/s
Fri Dec  8 14:45:01 CET 2017
Ping: 23.586 ms
Download: 122.05 Mbit/s
Upload: 5.37 Mbit/s
Fri Dec  8 15:45:01 CET 2017
Ping: 26.547 ms
Download: 125.58 Mbit/s
Upload: 5.59 Mbit/s
Fri Dec  8 16:45:01 CET 2017
Ping: 27.599 ms
Download: 120.95 Mbit/s
Upload: 5.34 Mbit/s
Fri Dec  8 17:45:01 CET 2017
Ping: 24.695 ms
Download: 120.14 Mbit/s
Upload: 5.32 Mbit/s
Fri Dec  8 18:45:01 CET 2017
Ping: 24.514 ms
Download: 105.19 Mbit/s
Upload: 5.26 Mbit/s
Fri Dec  8 19:45:01 CET 2017
Ping: 23.919 ms
Download: 121.85 Mbit/s
Upload: 5.46 Mbit/s
Fri Dec  8 20:45:01 CET 2017
Ping: 24.642 ms
Download: 122.81 Mbit/s
Upload: 5.39 Mbit/s
Fri Dec  8 21:45:01 CET 2017
Ping: 25.959 ms
Download: 124.99 Mbit/s
Upload: 5.50 Mbit/s
Fri Dec  8 22:45:01 CET 2017
Ping: 25.027 ms
Download: 127.03 Mbit/s
Upload: 5.64 Mbit/s
Fri Dec  8 23:45:01 CET 2017
Ping: 24.88 ms
Download: 120.46 Mbit/s
Upload: 5.64 Mbit/s
Sat Dec  9 00:45:01 CET 2017
Ping: 24.696 ms
Download: 122.41 Mbit/s
Upload: 5.63 Mbit/s
Sat Dec  9 01:45:01 CET 2017
Ping: 24.275 ms
Download: 127.27 Mbit/s
Upload: 5.55 Mbit/s
Sat Dec  9 02:45:01 CET 2017
Ping: 26.401 ms
Download: 127.24 Mbit/s
Upload: 5.58 Mbit/s
Sat Dec  9 03:45:01 CET 2017
Ping: 25.011 ms
Download: 125.75 Mbit/s
Upload: 4.90 Mbit/s
Sat Dec  9 04:45:02 CET 2017
Ping: 25.97 ms
Download: 126.05 Mbit/s
Upload: 5.62 Mbit/s
Sat Dec  9 05:45:01 CET 2017
Ping: 25.919 ms
Download: 127.60 Mbit/s
Upload: 5.52 Mbit/s
Sat Dec  9 06:45:01 CET 2017
Ping: 26.211 ms
Download: 126.24 Mbit/s
Upload: 5.58 Mbit/s
Sat Dec  9 07:45:02 CET 2017
Ping: 25.12 ms
Download: 126.09 Mbit/s
Upload: 5.60 Mbit/s
Sat Dec  9 08:45:01 CET 2017
Ping: 24.6 ms
Download: 122.06 Mbit/s
Upload: 5.70 Mbit/s
Sat Dec  9 09:45:01 CET 2017
Ping: 25.085 ms
Download: 112.40 Mbit/s
Upload: 5.46 Mbit/s
Sat Dec  9 10:45:01 CET 2017
Ping: 26.384 ms
Download: 113.21 Mbit/s
Upload: 5.52 Mbit/s
Sat Dec  9 11:45:01 CET 2017
Ping: 26.023 ms
Download: 119.23 Mbit/s
Upload: 5.36 Mbit/s
Sat Dec  9 12:45:01 CET 2017
Ping: 26.451 ms
Download: 125.96 Mbit/s
Upload: 5.62 Mbit/s
Sat Dec  9 13:45:01 CET 2017
Ping: 27.872 ms
Download: 116.15 Mbit/s
Upload: 5.51 Mbit/s
Sat Dec  9 14:45:01 CET 2017
Ping: 24.107 ms
Download: 125.91 Mbit/s
Upload: 5.57 Mbit/s
Sat Dec  9 15:45:01 CET 2017
Ping: 26.836 ms
Download: 125.90 Mbit/s
Upload: 5.61 Mbit/s
Sat Dec  9 16:45:01 CET 2017
Ping: 24.946 ms
Download: 119.60 Mbit/s
Upload: 5.59 Mbit/s
Sat Dec  9 17:45:01 CET 2017
Ping: 23.59 ms
Download: 109.01 Mbit/s
Upload: 5.53 Mbit/s
Sat Dec  9 18:45:01 CET 2017
Ping: 25.114 ms
Download: 128.09 Mbit/s
Upload: 5.56 Mbit/s
Sat Dec  9 19:45:01 CET 2017
Ping: 24.964 ms
Download: 126.05 Mbit/s
Upload: 5.58 Mbit/s
Sat Dec  9 20:45:01 CET 2017
Ping: 24.213 ms
Download: 100.16 Mbit/s
Upload: 5.08 Mbit/s
Sat Dec  9 21:45:01 CET 2017
Ping: 24.755 ms
Download: 126.37 Mbit/s
Upload: 3.66 Mbit/s
Sat Dec  9 22:45:01 CET 2017
Ping: 25.209 ms
Download: 125.41 Mbit/s
Upload: 5.42 Mbit/s
Sat Dec  9 23:45:01 CET 2017
Ping: 27.016 ms
Download: 123.23 Mbit/s
Upload: 5.35 Mbit/s
Sun Dec 10 00:45:01 CET 2017
Ping: 26.054 ms
Download: 114.94 Mbit/s
Upload: 5.50 Mbit/s
Sun Dec 10 01:45:01 CET 2017
Ping: 24.882 ms
Download: 122.48 Mbit/s
Upload: 3.94 Mbit/s
Sun Dec 10 02:45:01 CET 2017
Ping: 23.289 ms
Download: 118.68 Mbit/s
Upload: 5.55 Mbit/s
Sun Dec 10 03:45:01 CET 2017
Ping: 25.934 ms
Download: 118.22 Mbit/s
Upload: 5.65 Mbit/s
Sun Dec 10 04:45:01 CET 2017
Ping: 25.507 ms
Download: 119.37 Mbit/s
Upload: 5.59 Mbit/s
Sun Dec 10 05:45:01 CET 2017
Ping: 24.98 ms
Download: 119.21 Mbit/s
Upload: 5.49 Mbit/s
Sun Dec 10 06:45:01 CET 2017
Ping: 23.941 ms
Download: 120.19 Mbit/s
Upload: 5.60 Mbit/s
Sun Dec 10 07:45:02 CET 2017
Ping: 24.604 ms
Download: 117.82 Mbit/s
Upload: 5.56 Mbit/s
Sun Dec 10 08:45:01 CET 2017
Ping: 24.05 ms
Download: 117.65 Mbit/s
Upload: 5.56 Mbit/s
Sun Dec 10 09:45:01 CET 2017
Ping: 26.05 ms
Download: 127.18 Mbit/s
Upload: 5.61 Mbit/s
Sun Dec 10 10:45:01 CET 2017
Ping: 26.026 ms
Download: 128.33 Mbit/s
Upload: 5.59 Mbit/s
Sun Dec 10 11:45:01 CET 2017
Ping: 24.957 ms
Download: 126.93 Mbit/s
Upload: 5.58 Mbit/s
Sun Dec 10 12:45:01 CET 2017
Ping: 24.668 ms
Download: 125.97 Mbit/s
Upload: 5.61 Mbit/s
Sun Dec 10 13:45:01 CET 2017
Ping: 24.95 ms
Download: 126.99 Mbit/s
Upload: 5.52 Mbit/s
Sun Dec 10 14:45:02 CET 2017
Ping: 24.411 ms
Download: 123.29 Mbit/s
Upload: 5.53 Mbit/s
Sun Dec 10 15:45:02 CET 2017
Ping: 28.086 ms
Download: 122.96 Mbit/s
Upload: 5.58 Mbit/s
Sun Dec 10 16:45:01 CET 2017
Ping: 23.157 ms
Download: 104.23 Mbit/s
Upload: 5.52 Mbit/s
Sun Dec 10 17:45:01 CET 2017
Ping: 27.081 ms
Download: 123.33 Mbit/s
Upload: 5.48 Mbit/s
Sun Dec 10 18:45:01 CET 2017
Ping: 24.905 ms
Download: 120.25 Mbit/s
Upload: 5.39 Mbit/s
Sun Dec 10 19:45:01 CET 2017
Ping: 25.545 ms
Download: 125.32 Mbit/s
Upload: 5.50 Mbit/s
Sun Dec 10 20:45:01 CET 2017
Ping: 24.358 ms
Download: 123.01 Mbit/s
Upload: 5.39 Mbit/s
Sun Dec 10 21:45:01 CET 2017
Ping: 27.727 ms
Download: 124.38 Mbit/s
Upload: 5.55 Mbit/s
Sun Dec 10 22:45:01 CET 2017
Ping: 24.06 ms
Download: 115.36 Mbit/s
Upload: 5.48 Mbit/s
Sun Dec 10 23:45:01 CET 2017
Ping: 25.937 ms
Download: 124.49 Mbit/s
Upload: 5.65 Mbit/s
Mon Dec 11 00:45:01 CET 2017
Ping: 24.468 ms
Download: 127.32 Mbit/s
Upload: 5.60 Mbit/s
Mon Dec 11 01:45:01 CET 2017
Ping: 26.017 ms
Download: 126.08 Mbit/s
Upload: 5.65 Mbit/s
Mon Dec 11 02:45:01 CET 2017
Ping: 23.51 ms
Download: 125.28 Mbit/s
Upload: 5.40 Mbit/s
Mon Dec 11 03:45:01 CET 2017
Ping: 26.268 ms
Download: 125.90 Mbit/s
Upload: 5.18 Mbit/s
Mon Dec 11 04:45:01 CET 2017
Ping: 24.448 ms
Download: 120.31 Mbit/s
Upload: 5.65 Mbit/s
Mon Dec 11 05:45:01 CET 2017
Ping: 26.388 ms
Download: 127.61 Mbit/s
Upload: 5.67 Mbit/s
Mon Dec 11 06:45:01 CET 2017
Ping: 25.522 ms
Download: 127.65 Mbit/s
Upload: 5.59 Mbit/s
Mon Dec 11 07:45:01 CET 2017
Ping: 23.385 ms
Download: 119.30 Mbit/s
Upload: 5.54 Mbit/s
Mon Dec 11 08:45:01 CET 2017
Ping: 24.629 ms
Download: 126.42 Mbit/s
Upload: 4.54 Mbit/s
Mon Dec 11 09:45:01 CET 2017
Ping: 25.829 ms
Download: 126.53 Mbit/s
Upload: 5.54 Mbit/s
Mon Dec 11 10:45:01 CET 2017
Ping: 26.278 ms
Download: 124.90 Mbit/s
Upload: 5.53 Mbit/s
Mon Dec 11 11:45:01 CET 2017
Ping: 27.092 ms
Download: 126.17 Mbit/s
Upload: 5.67 Mbit/s
Mon Dec 11 12:45:01 CET 2017
Ping: 25.1 ms
Download: 123.42 Mbit/s
Upload: 5.61 Mbit/s
Mon Dec 11 13:45:01 CET 2017
Ping: 24.899 ms
Download: 116.21 Mbit/s
Upload: 5.58 Mbit/s
Mon Dec 11 14:45:01 CET 2017
Ping: 26.286 ms
Download: 104.80 Mbit/s
Upload: 5.52 Mbit/s
Mon Dec 11 15:45:01 CET 2017
Ping: 25.072 ms
Download: 125.86 Mbit/s
Upload: 5.58 Mbit/s
Mon Dec 11 16:45:01 CET 2017
Ping: 25.07 ms
Download: 90.04 Mbit/s
Upload: 5.59 Mbit/s
Mon Dec 11 17:45:01 CET 2017
Ping: 24.719 ms
Download: 114.45 Mbit/s
Upload: 5.57 Mbit/s
Mon Dec 11 18:45:01 CET 2017
Ping: 26.401 ms
Download: 128.09 Mbit/s
Upload: 5.58 Mbit/s
Mon Dec 11 19:45:01 CET 2017
Ping: 27.335 ms
Download: 125.92 Mbit/s
Upload: 5.29 Mbit/s
Mon Dec 11 20:45:01 CET 2017
Ping: 26.191 ms
Download: 116.36 Mbit/s
Upload: 5.11 Mbit/s
Mon Dec 11 21:45:01 CET 2017
Ping: 24.392 ms
Download: 121.00 Mbit/s
Upload: 5.57 Mbit/s
Mon Dec 11 22:45:01 CET 2017
Ping: 25.453 ms
Download: 122.76 Mbit/s
Upload: 5.37 Mbit/s
Mon Dec 11 23:45:01 CET 2017
Ping: 24.588 ms
Download: 106.67 Mbit/s
Upload: 5.63 Mbit/s
Tue Dec 12 00:45:01 CET 2017
Ping: 23.021 ms
Download: 127.42 Mbit/s
Upload: 5.53 Mbit/s
Tue Dec 12 01:45:01 CET 2017
Ping: 24.734 ms
Download: 127.00 Mbit/s
Upload: 5.61 Mbit/s
Tue Dec 12 02:45:01 CET 2017
Ping: 26.268 ms
Download: 117.84 Mbit/s
Upload: 5.68 Mbit/s
Tue Dec 12 03:45:01 CET 2017
Ping: 25.057 ms
Download: 128.19 Mbit/s
Upload: 5.59 Mbit/s
Tue Dec 12 04:45:01 CET 2017
Ping: 27.605 ms
Download: 108.10 Mbit/s
Upload: 5.63 Mbit/s
Tue Dec 12 05:45:01 CET 2017
Ping: 25.78 ms
Download: 127.11 Mbit/s
Upload: 5.61 Mbit/s
Tue Dec 12 06:45:01 CET 2017
Ping: 25.07 ms
Download: 127.33 Mbit/s
Upload: 5.67 Mbit/s
Tue Dec 12 07:45:01 CET 2017
Ping: 25.475 ms
Download: 128.16 Mbit/s
Upload: 5.68 Mbit/s
Tue Dec 12 08:45:01 CET 2017
Ping: 25.034 ms
Download: 126.63 Mbit/s
Upload: 5.62 Mbit/s
Tue Dec 12 09:45:01 CET 2017
Ping: 26.289 ms
Download: 115.83 Mbit/s
Upload: 5.60 Mbit/s
Tue Dec 12 10:45:01 CET 2017
Ping: 23.523 ms
Download: 123.86 Mbit/s
Upload: 5.57 Mbit/s
Tue Dec 12 11:45:01 CET 2017
Ping: 26.329 ms
Download: 106.06 Mbit/s
Upload: 5.60 Mbit/s
Tue Dec 12 12:45:01 CET 2017
Ping: 24.727 ms
Download: 124.57 Mbit/s
Upload: 5.57 Mbit/s
Tue Dec 12 13:45:01 CET 2017
Ping: 25.13 ms
Download: 122.88 Mbit/s
Upload: 5.57 Mbit/s
Tue Dec 12 14:45:01 CET 2017
Ping: 24.649 ms
Download: 123.70 Mbit/s
Upload: 5.57 Mbit/s
Tue Dec 12 15:45:01 CET 2017
Ping: 26.013 ms
Download: 118.24 Mbit/s
Upload: 5.53 Mbit/s
Tue Dec 12 16:45:01 CET 2017
Ping: 25.669 ms
Download: 122.13 Mbit/s
Upload: 5.70 Mbit/s
Tue Dec 12 17:45:01 CET 2017
Ping: 27.52 ms
Download: 120.67 Mbit/s
Upload: 5.51 Mbit/s
Tue Dec 12 18:45:01 CET 2017
Ping: 26.546 ms
Download: 122.94 Mbit/s
Upload: 5.64 Mbit/s
Tue Dec 12 19:45:01 CET 2017
Ping: 26.384 ms
Download: 111.08 Mbit/s
Upload: 5.56 Mbit/s
Tue Dec 12 20:45:01 CET 2017
Ping: 30.616 ms
Download: 114.61 Mbit/s
Upload: 5.43 Mbit/s
Tue Dec 12 21:45:01 CET 2017
Ping: 29.714 ms
Download: 64.99 Mbit/s
Upload: 5.45 Mbit/s
Tue Dec 12 22:45:01 CET 2017
Ping: 23.088 ms
Download: 113.89 Mbit/s
Upload: 5.56 Mbit/s
Tue Dec 12 23:45:01 CET 2017
Ping: 26.067 ms
Download: 126.89 Mbit/s
Upload: 5.60 Mbit/s
Wed Dec 13 00:45:01 CET 2017
Ping: 26.445 ms
Download: 126.58 Mbit/s
Upload: 5.45 Mbit/s
Wed Dec 13 01:45:01 CET 2017
Ping: 28.909 ms
Download: 126.71 Mbit/s
Upload: 5.59 Mbit/s
Wed Dec 13 02:45:01 CET 2017
Ping: 26.919 ms
Download: 126.10 Mbit/s
Upload: 5.58 Mbit/s
Wed Dec 13 03:45:01 CET 2017
Ping: 25.045 ms
Download: 124.74 Mbit/s
Upload: 5.57 Mbit/s
Wed Dec 13 04:45:01 CET 2017
Ping: 26.359 ms
Download: 123.63 Mbit/s
Upload: 5.60 Mbit/s
Wed Dec 13 05:45:02 CET 2017
Ping: 29.367 ms
Download: 126.01 Mbit/s
Upload: 5.64 Mbit/s
Wed Dec 13 06:45:01 CET 2017
Ping: 27.722 ms
Download: 121.23 Mbit/s
Upload: 5.58 Mbit/s
Wed Dec 13 07:45:01 CET 2017
Ping: 26.522 ms
Download: 122.66 Mbit/s
Upload: 4.44 Mbit/s
Wed Dec 13 08:45:01 CET 2017
Ping: 26.351 ms
Download: 125.60 Mbit/s
Upload: 5.40 Mbit/s
Wed Dec 13 09:45:01 CET 2017
Ping: 23.625 ms
Download: 127.07 Mbit/s
Upload: 5.59 Mbit/s
Wed Dec 13 10:45:01 CET 2017
Ping: 24.048 ms
Download: 126.28 Mbit/s
Upload: 5.57 Mbit/s
Wed Dec 13 11:45:01 CET 2017
Ping: 24.545 ms
Download: 118.26 Mbit/s
Upload: 5.35 Mbit/s
Wed Dec 13 12:45:01 CET 2017
Ping: 25.919 ms
Download: 127.97 Mbit/s
Upload: 5.52 Mbit/s
Wed Dec 13 13:45:01 CET 2017
Ping: 24.325 ms
Download: 126.44 Mbit/s
Upload: 5.56 Mbit/s
Wed Dec 13 14:45:01 CET 2017
Ping: 27.145 ms
Download: 120.41 Mbit/s
Upload: 5.47 Mbit/s
Wed Dec 13 15:45:01 CET 2017
Ping: 27.087 ms
Download: 125.86 Mbit/s
Upload: 5.58 Mbit/s
Wed Dec 13 16:45:01 CET 2017
Ping: 28.192 ms
Download: 123.76 Mbit/s
Upload: 5.57 Mbit/s
Wed Dec 13 17:45:01 CET 2017
Ping: 26.049 ms
Download: 127.69 Mbit/s
Upload: 5.57 Mbit/s
Wed Dec 13 18:45:01 CET 2017
Ping: 26.342 ms
Download: 100.12 Mbit/s
Upload: 5.47 Mbit/s
Wed Dec 13 19:45:01 CET 2017
Ping: 24.891 ms
Download: 115.88 Mbit/s
Upload: 5.50 Mbit/s
Wed Dec 13 20:45:01 CET 2017
Ping: 27.036 ms
Download: 121.81 Mbit/s
Upload: 5.33 Mbit/s
Wed Dec 13 21:45:02 CET 2017
Ping: 25.99 ms
Download: 111.43 Mbit/s
Upload: 5.37 Mbit/s
Wed Dec 13 22:45:01 CET 2017
Ping: 24.334 ms
Download: 123.78 Mbit/s
Upload: 5.53 Mbit/s
Wed Dec 13 23:45:01 CET 2017
Ping: 24.726 ms
Download: 119.67 Mbit/s
Upload: 5.47 Mbit/s
Thu Dec 14 00:45:01 CET 2017
Ping: 25.264 ms
Download: 127.55 Mbit/s
Upload: 5.34 Mbit/s
Thu Dec 14 01:45:01 CET 2017
Ping: 25.668 ms
Download: 127.62 Mbit/s
Upload: 5.60 Mbit/s
Thu Dec 14 02:45:02 CET 2017
Ping: 26.897 ms
Download: 127.25 Mbit/s
Upload: 5.49 Mbit/s
Thu Dec 14 03:45:01 CET 2017
Ping: 24.092 ms
Download: 127.55 Mbit/s
Upload: 5.40 Mbit/s
Thu Dec 14 04:45:01 CET 2017
Ping: 26.303 ms
Download: 125.78 Mbit/s
Upload: 5.57 Mbit/s
Thu Dec 14 05:45:01 CET 2017
Ping: 24.713 ms
Download: 127.54 Mbit/s
Upload: 5.64 Mbit/s
Thu Dec 14 06:45:01 CET 2017
Ping: 26.427 ms
Download: 126.53 Mbit/s
Upload: 5.65 Mbit/s
Thu Dec 14 07:45:01 CET 2017
Ping: 23.643 ms
Download: 127.56 Mbit/s
Upload: 5.62 Mbit/s
Thu Dec 14 08:45:01 CET 2017
Ping: 24.146 ms
Download: 125.37 Mbit/s
Upload: 5.53 Mbit/s
Thu Dec 14 09:45:01 CET 2017
Ping: 26.283 ms
Download: 126.17 Mbit/s
Upload: 5.56 Mbit/s
Thu Dec 14 10:45:01 CET 2017
Ping: 24.799 ms
Download: 113.21 Mbit/s
Upload: 5.28 Mbit/s
Thu Dec 14 11:45:01 CET 2017
Ping: 24.776 ms
Download: 121.11 Mbit/s
Upload: 5.49 Mbit/s
Thu Dec 14 12:45:01 CET 2017
Ping: 24.409 ms
Download: 119.04 Mbit/s
Upload: 5.45 Mbit/s
Thu Dec 14 13:45:01 CET 2017
Ping: 28.937 ms
Download: 113.69 Mbit/s
Upload: 5.48 Mbit/s
Thu Dec 14 14:45:02 CET 2017
Ping: 24.186 ms
Download: 98.91 Mbit/s
Upload: 5.15 Mbit/s
Thu Dec 14 15:45:01 CET 2017
Ping: 24.594 ms
Download: 126.98 Mbit/s
Upload: 5.62 Mbit/s
Thu Dec 14 16:45:01 CET 2017
Ping: 25.899 ms
Download: 105.76 Mbit/s
Upload: 5.54 Mbit/s
Thu Dec 14 17:45:01 CET 2017
Ping: 25.817 ms
Download: 125.32 Mbit/s
Upload: 5.56 Mbit/s
Thu Dec 14 18:45:01 CET 2017
Ping: 27.163 ms
Download: 115.45 Mbit/s
Upload: 5.52 Mbit/s
Thu Dec 14 19:45:01 CET 2017
Ping: 24.076 ms
Download: 127.22 Mbit/s
Upload: 4.98 Mbit/s
Thu Dec 14 20:45:01 CET 2017
Ping: 26.257 ms
Download: 110.14 Mbit/s
Upload: 5.54 Mbit/s
Thu Dec 14 21:45:01 CET 2017
Ping: 24.528 ms
Download: 105.77 Mbit/s
Upload: 5.42 Mbit/s
Thu Dec 14 22:45:01 CET 2017
Ping: 25.42 ms
Download: 112.74 Mbit/s
Upload: 5.57 Mbit/s
Thu Dec 14 23:45:01 CET 2017
Ping: 25.103 ms
Download: 126.63 Mbit/s
Upload: 5.66 Mbit/s
Fri Dec 15 00:45:01 CET 2017
Ping: 26.429 ms
Download: 127.78 Mbit/s
Upload: 5.50 Mbit/s
Fri Dec 15 01:45:01 CET 2017
Ping: 24.951 ms
Download: 125.44 Mbit/s
Upload: 5.60 Mbit/s
Fri Dec 15 02:45:01 CET 2017
Ping: 27.445 ms
Download: 123.22 Mbit/s
Upload: 5.67 Mbit/s
Fri Dec 15 03:45:01 CET 2017
Ping: 25.401 ms
Download: 126.93 Mbit/s
Upload: 5.61 Mbit/s
Fri Dec 15 04:45:01 CET 2017
Ping: 24.951 ms
Download: 121.47 Mbit/s
Upload: 5.56 Mbit/s
Fri Dec 15 05:45:01 CET 2017
Ping: 24.502 ms
Download: 126.56 Mbit/s
Upload: 5.65 Mbit/s
Fri Dec 15 06:45:01 CET 2017
Ping: 24.845 ms
Download: 127.66 Mbit/s
Upload: 5.47 Mbit/s
Fri Dec 15 07:45:01 CET 2017
Ping: 24.925 ms
Download: 125.12 Mbit/s
Upload: 5.66 Mbit/s
Fri Dec 15 08:45:01 CET 2017
Ping: 24.834 ms
Download: 105.52 Mbit/s
Upload: 5.19 Mbit/s
Fri Dec 15 09:45:01 CET 2017
Ping: 25.235 ms
Download: 103.71 Mbit/s
Upload: 5.61 Mbit/s
Fri Dec 15 10:45:01 CET 2017
Ping: 24.455 ms
Download: 109.36 Mbit/s
Upload: 4.70 Mbit/s
Fri Dec 15 11:45:01 CET 2017
Ping: 26.505 ms
Download: 121.73 Mbit/s
Upload: 5.50 Mbit/s
Fri Dec 15 12:45:01 CET 2017
Ping: 22.126 ms
Download: 121.52 Mbit/s
Upload: 5.20 Mbit/s
Fri Dec 15 13:45:02 CET 2017
Ping: 24.822 ms
Download: 119.98 Mbit/s
Upload: 5.35 Mbit/s
Fri Dec 15 14:45:02 CET 2017
Ping: 26.286 ms
Download: 120.75 Mbit/s
Upload: 5.26 Mbit/s
Fri Dec 15 15:45:01 CET 2017
Ping: 27.476 ms
Download: 105.51 Mbit/s
Upload: 5.65 Mbit/s
Fri Dec 15 16:45:01 CET 2017
Ping: 27.406 ms
Download: 102.50 Mbit/s
Upload: 5.00 Mbit/s
Fri Dec 15 17:45:01 CET 2017
Ping: 30.668 ms
Download: 126.97 Mbit/s
Upload: 5.21 Mbit/s
Fri Dec 15 18:45:02 CET 2017
Ping: 27.935 ms
Download: 104.38 Mbit/s
Upload: 5.51 Mbit/s
Fri Dec 15 19:45:01 CET 2017
Ping: 24.91 ms
Download: 118.31 Mbit/s
Upload: 5.57 Mbit/s
Fri Dec 15 20:45:01 CET 2017
Ping: 24.957 ms
Download: 125.52 Mbit/s
Upload: 5.59 Mbit/s
Fri Dec 15 21:45:01 CET 2017
Ping: 24.947 ms
Download: 120.37 Mbit/s
Upload: 5.60 Mbit/s
Fri Dec 15 22:45:01 CET 2017
Ping: 25.312 ms
Download: 126.84 Mbit/s
Upload: 5.52 Mbit/s
Fri Dec 15 23:45:02 CET 2017
Ping: 27.111 ms
Download: 115.08 Mbit/s
Upload: 5.46 Mbit/s
Sat Dec 16 00:45:01 CET 2017
Ping: 25.029 ms
Download: 127.21 Mbit/s
Upload: 5.57 Mbit/s
Sat Dec 16 01:45:01 CET 2017
Ping: 26.18 ms
Download: 126.09 Mbit/s
Upload: 5.62 Mbit/s
Sat Dec 16 02:45:02 CET 2017
Ping: 25.084 ms
Download: 126.25 Mbit/s
Upload: 5.47 Mbit/s
Sat Dec 16 03:45:01 CET 2017
Ping: 25.076 ms
Download: 121.51 Mbit/s
Upload: 5.65 Mbit/s
Sat Dec 16 04:45:01 CET 2017
Ping: 24.646 ms
Download: 104.37 Mbit/s
Upload: 5.64 Mbit/s
Sat Dec 16 05:45:01 CET 2017
Ping: 24.902 ms
Download: 127.96 Mbit/s
Upload: 5.50 Mbit/s
Sat Dec 16 06:45:01 CET 2017
Ping: 24.488 ms
Download: 125.32 Mbit/s
Upload: 5.65 Mbit/s
Sat Dec 16 07:45:01 CET 2017
Ping: 24.899 ms
Download: 116.92 Mbit/s
Upload: 5.57 Mbit/s
Sat Dec 16 08:45:01 CET 2017
Ping: 24.103 ms
Download: 105.42 Mbit/s
Upload: 5.57 Mbit/s
Sat Dec 16 09:45:01 CET 2017
Ping: 26.386 ms
Download: 113.38 Mbit/s
Upload: 5.43 Mbit/s
Sat Dec 16 10:45:02 CET 2017
Ping: 25.17 ms
Download: 118.31 Mbit/s
Upload: 5.61 Mbit/s
Sat Dec 16 11:45:01 CET 2017
Ping: 25.007 ms
Download: 127.27 Mbit/s
Upload: 5.49 Mbit/s
Sat Dec 16 12:45:01 CET 2017
Ping: 24.541 ms
Download: 126.52 Mbit/s
Upload: 4.96 Mbit/s
Sat Dec 16 13:45:01 CET 2017
Ping: 24.797 ms
Download: 119.50 Mbit/s
Upload: 5.48 Mbit/s
Sat Dec 16 14:45:01 CET 2017
Ping: 24.949 ms
Download: 107.47 Mbit/s
Upload: 5.51 Mbit/s
Sat Dec 16 15:45:01 CET 2017
Ping: 24.983 ms
Download: 119.44 Mbit/s
Upload: 5.60 Mbit/s
Sat Dec 16 16:45:01 CET 2017
Ping: 26.247 ms
Download: 124.97 Mbit/s
Upload: 5.64 Mbit/s
Sat Dec 16 17:45:01 CET 2017
Ping: 24.705 ms
Download: 122.97 Mbit/s
Upload: 5.25 Mbit/s
Sat Dec 16 18:45:01 CET 2017
Ping: 27.225 ms
Download: 110.11 Mbit/s
Upload: 5.28 Mbit/s
Sat Dec 16 19:45:01 CET 2017
Ping: 24.694 ms
Download: 113.99 Mbit/s
Upload: 5.62 Mbit/s
Sat Dec 16 20:45:01 CET 2017
Ping: 25.777 ms
Download: 122.40 Mbit/s
Upload: 5.50 Mbit/s
Sat Dec 16 21:45:01 CET 2017
Ping: 25.434 ms
Download: 116.02 Mbit/s
Upload: 5.39 Mbit/s
Sat Dec 16 22:45:01 CET 2017
Ping: 25.815 ms
Download: 56.59 Mbit/s
Upload: 3.85 Mbit/s
Sat Dec 16 23:45:01 CET 2017
Ping: 24.595 ms
Download: 110.24 Mbit/s
Upload: 5.52 Mbit/s
Sun Dec 17 00:45:01 CET 2017
Ping: 25.73 ms
Download: 127.92 Mbit/s
Upload: 5.63 Mbit/s
Sun Dec 17 01:45:01 CET 2017
Ping: 26.274 ms
Download: 127.23 Mbit/s
Upload: 5.25 Mbit/s
Sun Dec 17 02:45:01 CET 2017
Ping: 26.292 ms
Download: 122.84 Mbit/s
Upload: 5.68 Mbit/s
Sun Dec 17 03:45:01 CET 2017
Ping: 25.633 ms
Download: 128.27 Mbit/s
Upload: 5.49 Mbit/s
Sun Dec 17 04:45:01 CET 2017
Ping: 24.99 ms
Download: 127.90 Mbit/s
Upload: 5.66 Mbit/s
Sun Dec 17 05:45:01 CET 2017
Ping: 24.797 ms
Download: 121.77 Mbit/s
Upload: 5.67 Mbit/s
Sun Dec 17 06:45:01 CET 2017
Ping: 24.496 ms
Download: 127.75 Mbit/s
Upload: 5.62 Mbit/s
Sun Dec 17 07:45:01 CET 2017
Ping: 26.069 ms
Download: 120.86 Mbit/s
Upload: 5.62 Mbit/s
Sun Dec 17 08:45:01 CET 2017
Ping: 25.05 ms
Download: 127.39 Mbit/s
Upload: 5.62 Mbit/s
Sun Dec 17 09:45:01 CET 2017
Ping: 25.01 ms
Download: 116.61 Mbit/s
Upload: 5.33 Mbit/s
Sun Dec 17 10:45:01 CET 2017
Ping: 24.646 ms
Download: 113.95 Mbit/s
Upload: 5.34 Mbit/s
Sun Dec 17 11:45:01 CET 2017
Ping: 25.857 ms
Download: 127.84 Mbit/s
Upload: 5.51 Mbit/s
Sun Dec 17 12:45:01 CET 2017
Ping: 26.395 ms
Download: 120.97 Mbit/s
Upload: 5.59 Mbit/s
Sun Dec 17 13:45:01 CET 2017
Ping: 26.265 ms
Download: 118.47 Mbit/s
Upload: 5.50 Mbit/s
Sun Dec 17 14:45:01 CET 2017
Ping: 25.807 ms
Download: 114.50 Mbit/s
Upload: 5.50 Mbit/s
Sun Dec 17 15:45:01 CET 2017
Ping: 22.372 ms
Download: 126.60 Mbit/s
Upload: 5.64 Mbit/s
Sun Dec 17 16:45:01 CET 2017
Ping: 25.208 ms
Download: 126.89 Mbit/s
Upload: 5.57 Mbit/s
Sun Dec 17 17:45:02 CET 2017
Ping: 24.059 ms
Download: 116.63 Mbit/s
Upload: 5.38 Mbit/s
Sun Dec 17 18:45:01 CET 2017
Ping: 26.28 ms
Download: 98.65 Mbit/s
Upload: 5.27 Mbit/s
Sun Dec 17 19:45:01 CET 2017
Ping: 25.246 ms
Download: 124.18 Mbit/s
Upload: 5.56 Mbit/s
Sun Dec 17 20:45:01 CET 2017
Ping: 27.802 ms
Download: 115.36 Mbit/s
Upload: 4.82 Mbit/s
Sun Dec 17 21:45:01 CET 2017
Ping: 28.972 ms
Download: 123.74 Mbit/s
Upload: 5.59 Mbit/s
Sun Dec 17 22:45:01 CET 2017
Ping: 25.525 ms
Download: 115.01 Mbit/s
Upload: 5.46 Mbit/s
Sun Dec 17 23:45:01 CET 2017
Ping: 24.578 ms
Download: 127.53 Mbit/s
Upload: 5.62 Mbit/s
Mon Dec 18 00:45:01 CET 2017
Ping: 25.242 ms
Download: 127.09 Mbit/s
Upload: 5.60 Mbit/s
Mon Dec 18 01:45:01 CET 2017
Ping: 26.393 ms
Download: 127.81 Mbit/s
Upload: 5.67 Mbit/s
Mon Dec 18 02:45:01 CET 2017
Ping: 25.271 ms
Download: 118.67 Mbit/s
Upload: 5.55 Mbit/s
Mon Dec 18 03:45:01 CET 2017
Ping: 24.867 ms
Download: 116.83 Mbit/s
Upload: 5.61 Mbit/s
Mon Dec 18 04:45:01 CET 2017
Ping: 26.284 ms
Download: 119.69 Mbit/s
Upload: 5.70 Mbit/s
Mon Dec 18 05:45:01 CET 2017
Ping: 26.075 ms
Download: 127.56 Mbit/s
Upload: 5.68 Mbit/s
Mon Dec 18 06:45:01 CET 2017
Ping: 25.372 ms
Download: 128.15 Mbit/s
Upload: 5.67 Mbit/s
Mon Dec 18 07:45:01 CET 2017
Ping: 24.45 ms
Download: 126.67 Mbit/s
Upload: 5.62 Mbit/s
Mon Dec 18 08:45:01 CET 2017
Ping: 24.329 ms
Download: 125.88 Mbit/s
Upload: 5.52 Mbit/s
Mon Dec 18 09:45:01 CET 2017
Ping: 25.978 ms
Download: 108.06 Mbit/s
Upload: 5.62 Mbit/s
Mon Dec 18 10:45:01 CET 2017
Ping: 27.002 ms
Download: 123.60 Mbit/s
Upload: 5.69 Mbit/s
Mon Dec 18 11:45:01 CET 2017
Ping: 27.608 ms
Download: 121.02 Mbit/s
Upload: 5.56 Mbit/s
Mon Dec 18 12:45:01 CET 2017
Ping: 25.678 ms
Download: 127.89 Mbit/s
Upload: 5.61 Mbit/s
Mon Dec 18 13:45:01 CET 2017
Ping: 23.66 ms
Download: 114.13 Mbit/s
Upload: 5.53 Mbit/s
Mon Dec 18 14:45:01 CET 2017
Ping: 24.319 ms
Download: 106.92 Mbit/s
Upload: 5.50 Mbit/s
Mon Dec 18 15:45:01 CET 2017
Ping: 25.919 ms
Download: 109.34 Mbit/s
Upload: 5.66 Mbit/s
Mon Dec 18 16:45:01 CET 2017
Ping: 26.091 ms
Download: 117.22 Mbit/s
Upload: 5.53 Mbit/s
Mon Dec 18 17:45:01 CET 2017
Ping: 25.843 ms
Download: 114.74 Mbit/s
Upload: 5.47 Mbit/s
Mon Dec 18 18:45:01 CET 2017
Ping: 25.212 ms
Download: 123.71 Mbit/s
Upload: 5.65 Mbit/s
Mon Dec 18 19:45:01 CET 2017
Ping: 27.235 ms
Download: 108.76 Mbit/s
Upload: 5.13 Mbit/s
Mon Dec 18 20:45:01 CET 2017
Ping: 30.403 ms
Download: 90.46 Mbit/s
Upload: 5.42 Mbit/s
Mon Dec 18 21:45:02 CET 2017
Ping: 21.723 ms
Download: 107.83 Mbit/s
Upload: 5.33 Mbit/s
Mon Dec 18 22:45:01 CET 2017
Ping: 25.919 ms
Download: 117.31 Mbit/s
Upload: 5.47 Mbit/s
Mon Dec 18 23:45:01 CET 2017
Ping: 26.274 ms
Download: 122.91 Mbit/s
Upload: 5.62 Mbit/s
Tue Dec 19 00:45:01 CET 2017
Ping: 24.706 ms
Download: 126.53 Mbit/s
Upload: 5.60 Mbit/s
Tue Dec 19 01:45:02 CET 2017
Ping: 24.965 ms
Download: 127.16 Mbit/s
Upload: 5.58 Mbit/s
Tue Dec 19 02:45:01 CET 2017
Ping: 24.346 ms
Download: 127.45 Mbit/s
Upload: 5.61 Mbit/s
Tue Dec 19 03:45:01 CET 2017
Ping: 24.321 ms
Download: 124.02 Mbit/s
Upload: 5.59 Mbit/s
Tue Dec 19 04:45:02 CET 2017
Ping: 24.718 ms
Download: 127.87 Mbit/s
Upload: 5.59 Mbit/s
Tue Dec 19 05:45:01 CET 2017
Ping: 24.605 ms
Download: 116.07 Mbit/s
Upload: 5.61 Mbit/s
Tue Dec 19 06:45:01 CET 2017
Ping: 25.015 ms
Download: 127.72 Mbit/s
Upload: 5.60 Mbit/s
Tue Dec 19 07:45:01 CET 2017
Ping: 24.524 ms
Download: 118.05 Mbit/s
Upload: 5.71 Mbit/s
Tue Dec 19 08:45:01 CET 2017
Ping: 25.473 ms
Download: 116.16 Mbit/s
Upload: 5.51 Mbit/s
Tue Dec 19 09:45:01 CET 2017
Ping: 23.864 ms
Download: 111.26 Mbit/s
Upload: 5.53 Mbit/s
Tue Dec 19 10:45:01 CET 2017
Ping: 27.25 ms
Download: 127.79 Mbit/s
Upload: 5.59 Mbit/s
Tue Dec 19 11:45:01 CET 2017
Ping: 25.276 ms
Download: 127.08 Mbit/s
Upload: 5.43 Mbit/s
Tue Dec 19 12:45:01 CET 2017
Ping: 24.934 ms
Download: 125.35 Mbit/s
Upload: 5.54 Mbit/s
Tue Dec 19 13:45:01 CET 2017
Ping: 26.066 ms
Download: 125.37 Mbit/s
Upload: 5.55 Mbit/s
Tue Dec 19 14:45:02 CET 2017
Ping: 24.953 ms
Download: 125.25 Mbit/s
Upload: 5.24 Mbit/s
Tue Dec 19 15:45:01 CET 2017
Ping: 26.896 ms
Download: 127.29 Mbit/s
Upload: 5.54 Mbit/s
Tue Dec 19 16:45:01 CET 2017
Ping: 24.806 ms
Download: 124.90 Mbit/s
Upload: 5.48 Mbit/s
Tue Dec 19 17:45:01 CET 2017
Ping: 27.766 ms
Download: 127.43 Mbit/s
Upload: 5.66 Mbit/s
Tue Dec 19 18:45:01 CET 2017
Ping: 26.42 ms
Download: 120.00 Mbit/s
Upload: 5.25 Mbit/s
Tue Dec 19 19:45:01 CET 2017
Ping: 27.715 ms
Download: 117.56 Mbit/s
Upload: 5.35 Mbit/s
Tue Dec 19 20:45:01 CET 2017
Ping: 29.466 ms
Download: 104.71 Mbit/s
Upload: 5.32 Mbit/s
Tue Dec 19 21:45:01 CET 2017
Ping: 26.288 ms
Download: 126.28 Mbit/s
Upload: 5.59 Mbit/s
Tue Dec 19 22:45:01 CET 2017
Ping: 26.425 ms
Download: 125.58 Mbit/s
Upload: 5.59 Mbit/s
Tue Dec 19 23:45:01 CET 2017
Ping: 24.26 ms
Download: 127.49 Mbit/s
Upload: 5.63 Mbit/s
Wed Dec 20 00:45:01 CET 2017
Ping: 25.844 ms
Download: 126.74 Mbit/s
Upload: 5.60 Mbit/s
Wed Dec 20 01:45:01 CET 2017
Ping: 25.101 ms
Download: 127.79 Mbit/s
Upload: 5.64 Mbit/s
Wed Dec 20 02:45:02 CET 2017
Ping: 26.982 ms
Download: 124.89 Mbit/s
Upload: 5.65 Mbit/s
Wed Dec 20 03:45:01 CET 2017
Ping: 26.149 ms
Download: 105.62 Mbit/s
Upload: 5.61 Mbit/s
Wed Dec 20 04:45:01 CET 2017
Ping: 24.469 ms
Download: 127.38 Mbit/s
Upload: 5.66 Mbit/s
Wed Dec 20 05:45:01 CET 2017
Ping: 26.018 ms
Download: 126.63 Mbit/s
Upload: 5.19 Mbit/s
Wed Dec 20 06:45:01 CET 2017
Ping: 27.567 ms
Download: 125.75 Mbit/s
Upload: 5.55 Mbit/s
Wed Dec 20 07:45:01 CET 2017
Ping: 23.725 ms
Download: 126.65 Mbit/s
Upload: 5.54 Mbit/s
Wed Dec 20 08:45:01 CET 2017
Ping: 25.525 ms
Download: 119.07 Mbit/s
Upload: 5.67 Mbit/s
Wed Dec 20 09:45:01 CET 2017
Ping: 26.45 ms
Download: 121.61 Mbit/s
Upload: 4.70 Mbit/s
Wed Dec 20 10:45:01 CET 2017
Ping: 26.942 ms
Download: 126.00 Mbit/s
Upload: 5.63 Mbit/s
Wed Dec 20 11:45:01 CET 2017
Ping: 24.698 ms
Download: 125.51 Mbit/s
Upload: 5.52 Mbit/s
Wed Dec 20 12:45:01 CET 2017
Ping: 26.837 ms
Download: 126.75 Mbit/s
Upload: 5.51 Mbit/s
Wed Dec 20 13:45:01 CET 2017
Ping: 26.381 ms
Download: 125.62 Mbit/s
Upload: 5.49 Mbit/s
Wed Dec 20 14:45:01 CET 2017
Ping: 27.793 ms
Download: 105.10 Mbit/s
Upload: 5.63 Mbit/s
Wed Dec 20 15:45:01 CET 2017
Ping: 24.728 ms
Download: 115.21 Mbit/s
Upload: 5.25 Mbit/s
Wed Dec 20 16:45:01 CET 2017
Ping: 25.104 ms
Download: 126.99 Mbit/s
Upload: 5.62 Mbit/s
Wed Dec 20 17:45:02 CET 2017
Ping: 24.745 ms
Download: 126.48 Mbit/s
Upload: 5.51 Mbit/s
Wed Dec 20 18:45:01 CET 2017
Ping: 25.342 ms
Download: 126.58 Mbit/s
Upload: 5.58 Mbit/s
Wed Dec 20 19:45:01 CET 2017
Ping: 29.379 ms
Download: 122.31 Mbit/s
Upload: 5.56 Mbit/s
Wed Dec 20 20:45:01 CET 2017
Ping: 27.31 ms
Download: 96.98 Mbit/s
Upload: 5.49 Mbit/s
Wed Dec 20 21:45:01 CET 2017
Ping: 27.621 ms
Download: 121.43 Mbit/s
Upload: 5.46 Mbit/s
Wed Dec 20 22:45:01 CET 2017
Ping: 27.014 ms
Download: 121.90 Mbit/s
Upload: 5.58 Mbit/s
Wed Dec 20 23:45:01 CET 2017
Ping: 26.477 ms
Download: 125.42 Mbit/s
Upload: 5.66 Mbit/s
Thu Dec 21 00:45:02 CET 2017
Ping: 24.009 ms
Download: 126.94 Mbit/s
Upload: 5.55 Mbit/s
Thu Dec 21 01:45:01 CET 2017
Ping: 25.195 ms
Download: 127.10 Mbit/s
Upload: 5.58 Mbit/s
Thu Dec 21 02:45:02 CET 2017
Ping: 24.749 ms
Download: 127.69 Mbit/s
Upload: 5.54 Mbit/s
Thu Dec 21 03:45:01 CET 2017
Ping: 24.927 ms
Download: 112.79 Mbit/s
Upload: 5.66 Mbit/s
Thu Dec 21 04:45:02 CET 2017
Ping: 24.686 ms
Download: 128.20 Mbit/s
Upload: 5.45 Mbit/s
Thu Dec 21 05:45:01 CET 2017
Ping: 25.858 ms
Download: 127.17 Mbit/s
Upload: 5.60 Mbit/s
Thu Dec 21 06:45:02 CET 2017
Ping: 26.674 ms
Download: 114.24 Mbit/s
Upload: 5.59 Mbit/s
Thu Dec 21 07:45:01 CET 2017
Ping: 26.411 ms
Download: 120.91 Mbit/s
Upload: 5.61 Mbit/s
Thu Dec 21 08:45:02 CET 2017
Ping: 29.234 ms
Download: 120.77 Mbit/s
Upload: 5.59 Mbit/s
Thu Dec 21 09:45:01 CET 2017
Ping: 26.437 ms
Download: 127.69 Mbit/s
Upload: 5.57 Mbit/s
Thu Dec 21 10:45:01 CET 2017
Ping: 26.407 ms
Download: 127.28 Mbit/s
Upload: 5.60 Mbit/s
Thu Dec 21 11:45:01 CET 2017
Ping: 24.965 ms
Download: 121.28 Mbit/s
Upload: 5.41 Mbit/s
Thu Dec 21 12:45:01 CET 2017
Ping: 27.26 ms
Download: 122.59 Mbit/s
Upload: 5.41 Mbit/s
Thu Dec 21 13:45:01 CET 2017
Ping: 29.275 ms
Download: 121.04 Mbit/s
Upload: 5.61 Mbit/s
Thu Dec 21 14:45:01 CET 2017
Ping: 23.453 ms
Download: 99.10 Mbit/s
Upload: 5.25 Mbit/s
Thu Dec 21 15:45:01 CET 2017
Ping: 27.668 ms
Download: 127.37 Mbit/s
Upload: 5.59 Mbit/s
Thu Dec 21 16:45:01 CET 2017
Ping: 26.259 ms
Download: 120.36 Mbit/s
Upload: 5.56 Mbit/s
Thu Dec 21 17:45:01 CET 2017
Ping: 24.592 ms
Download: 126.63 Mbit/s
Upload: 5.50 Mbit/s
Thu Dec 21 18:45:02 CET 2017
Ping: 25.601 ms
Download: 127.15 Mbit/s
Upload: 5.33 Mbit/s
Thu Dec 21 19:45:01 CET 2017
Ping: 29.085 ms
Download: 117.39 Mbit/s
Upload: 5.55 Mbit/s
Thu Dec 21 20:45:02 CET 2017
Ping: 29.807 ms
Download: 108.07 Mbit/s
Upload: 5.52 Mbit/s
Thu Dec 21 21:45:01 CET 2017
Ping: 27.383 ms
Download: 122.16 Mbit/s
Upload: 5.56 Mbit/s
Thu Dec 21 22:45:01 CET 2017
Ping: 26.553 ms
Download: 115.86 Mbit/s
Upload: 5.56 Mbit/s
Thu Dec 21 23:45:01 CET 2017
Ping: 26.429 ms
Download: 118.00 Mbit/s
Upload: 5.60 Mbit/s
Fri Dec 22 00:45:01 CET 2017
Ping: 26.049 ms
Download: 126.46 Mbit/s
Upload: 5.29 Mbit/s
Fri Dec 22 01:45:02 CET 2017
Ping: 26.311 ms
Download: 115.53 Mbit/s
Upload: 5.61 Mbit/s
Fri Dec 22 02:45:01 CET 2017
Ping: 24.67 ms
Download: 128.03 Mbit/s
Upload: 5.63 Mbit/s
Fri Dec 22 03:45:01 CET 2017
Ping: 27.124 ms
Download: 127.96 Mbit/s
Upload: 5.65 Mbit/s
Fri Dec 22 04:45:02 CET 2017
Ping: 26.409 ms
Download: 128.09 Mbit/s
Upload: 5.53 Mbit/s
Fri Dec 22 05:45:01 CET 2017
Ping: 26.385 ms
Download: 121.45 Mbit/s
Upload: 5.50 Mbit/s
Fri Dec 22 06:45:01 CET 2017
Ping: 25.067 ms
Download: 122.37 Mbit/s
Upload: 5.57 Mbit/s
Fri Dec 22 07:45:02 CET 2017
Ping: 26.925 ms
Download: 121.99 Mbit/s
Upload: 5.64 Mbit/s
Fri Dec 22 08:45:01 CET 2017
Ping: 31.159 ms
Download: 124.95 Mbit/s
Upload: 5.55 Mbit/s
Fri Dec 22 09:45:01 CET 2017
Ping: 26.389 ms
Download: 122.50 Mbit/s
Upload: 5.54 Mbit/s
Fri Dec 22 10:45:01 CET 2017
Ping: 24.431 ms
Download: 122.76 Mbit/s
Upload: 5.50 Mbit/s
Fri Dec 22 11:45:01 CET 2017
Ping: 25.735 ms
Download: 118.08 Mbit/s
Upload: 5.33 Mbit/s
Fri Dec 22 12:45:01 CET 2017
Ping: 25.689 ms
Download: 126.74 Mbit/s
Upload: 5.63 Mbit/s
Fri Dec 22 13:45:02 CET 2017
Ping: 25.021 ms
Download: 123.04 Mbit/s
Upload: 5.53 Mbit/s
Fri Dec 22 14:45:01 CET 2017
Ping: 25.715 ms
Download: 123.78 Mbit/s
Upload: 5.54 Mbit/s
Fri Dec 22 15:45:01 CET 2017
Ping: 25.938 ms
Download: 126.73 Mbit/s
Upload: 5.54 Mbit/s
Fri Dec 22 16:45:01 CET 2017
Ping: 25.835 ms
Download: 113.39 Mbit/s
Upload: 5.62 Mbit/s
Fri Dec 22 17:45:02 CET 2017
Ping: 26.419 ms
Download: 125.21 Mbit/s
Upload: 5.63 Mbit/s
Fri Dec 22 18:45:01 CET 2017
Ping: 26.712 ms
Download: 125.08 Mbit/s
Upload: 5.51 Mbit/s
Fri Dec 22 19:45:01 CET 2017
Ping: 24.75 ms
Download: 127.98 Mbit/s
Upload: 5.56 Mbit/s
Fri Dec 22 20:45:02 CET 2017
Ping: 28.54 ms
Download: 116.70 Mbit/s
Upload: 5.39 Mbit/s
Fri Dec 22 21:45:01 CET 2017
Ping: 26.592 ms
Download: 118.45 Mbit/s
Upload: 5.32 Mbit/s
Fri Dec 22 22:45:01 CET 2017
Ping: 27.829 ms
Download: 122.52 Mbit/s
Upload: 5.48 Mbit/s
Fri Dec 22 23:45:01 CET 2017
Ping: 26.398 ms
Download: 125.82 Mbit/s
Upload: 5.56 Mbit/s
Sat Dec 23 00:45:01 CET 2017
Ping: 26.596 ms
Download: 100.37 Mbit/s
Upload: 5.58 Mbit/s
Sat Dec 23 01:45:01 CET 2017
Ping: 26.373 ms
Download: 122.01 Mbit/s
Upload: 5.61 Mbit/s
Sat Dec 23 02:45:01 CET 2017
Ping: 27.235 ms
Download: 127.42 Mbit/s
Upload: 5.61 Mbit/s
Sat Dec 23 03:45:02 CET 2017
Ping: 27.602 ms
Download: 123.55 Mbit/s
Upload: 4.38 Mbit/s
Sat Dec 23 04:45:01 CET 2017
Ping: 26.001 ms
Download: 124.91 Mbit/s
Upload: 5.63 Mbit/s
Sat Dec 23 05:45:01 CET 2017
Ping: 26.35 ms
Download: 123.51 Mbit/s
Upload: 5.61 Mbit/s
Sat Dec 23 06:45:01 CET 2017
Ping: 25.581 ms
Download: 126.85 Mbit/s
Upload: 5.63 Mbit/s
Sat Dec 23 07:45:01 CET 2017
Ping: 27.967 ms
Download: 126.74 Mbit/s
Upload: 5.63 Mbit/s
Sat Dec 23 08:45:01 CET 2017
Ping: 27.937 ms
Download: 121.55 Mbit/s
Upload: 5.65 Mbit/s
Sat Dec 23 09:45:01 CET 2017
Ping: 27.169 ms
Download: 115.63 Mbit/s
Upload: 5.50 Mbit/s
Sat Dec 23 10:45:01 CET 2017
Ping: 25.549 ms
Download: 122.33 Mbit/s
Upload: 5.50 Mbit/s
Sat Dec 23 11:45:01 CET 2017
Ping: 29.462 ms
Download: 121.83 Mbit/s
Upload: 5.48 Mbit/s
Sat Dec 23 12:45:01 CET 2017
Ping: 26.276 ms
Download: 125.12 Mbit/s
Upload: 5.59 Mbit/s
Sat Dec 23 13:45:01 CET 2017
Ping: 26.405 ms
Download: 123.16 Mbit/s
Upload: 5.61 Mbit/s
Sat Dec 23 14:45:02 CET 2017
Ping: 27.632 ms
Download: 126.46 Mbit/s
Upload: 5.52 Mbit/s
Sat Dec 23 15:45:01 CET 2017
Ping: 27.61 ms
Download: 110.54 Mbit/s
Upload: 5.57 Mbit/s
Sat Dec 23 16:45:02 CET 2017
Ping: 26.211 ms
Download: 123.17 Mbit/s
Upload: 5.54 Mbit/s
Sat Dec 23 17:45:01 CET 2017
Ping: 29.378 ms
Download: 126.61 Mbit/s
Upload: 5.43 Mbit/s
Sat Dec 23 18:45:01 CET 2017
Ping: 24.765 ms
Download: 112.42 Mbit/s
Upload: 5.50 Mbit/s
Sat Dec 23 19:45:01 CET 2017
Ping: 27.648 ms
Download: 125.42 Mbit/s
Upload: 5.48 Mbit/s
Sat Dec 23 20:45:01 CET 2017
Ping: 27.701 ms
Download: 121.22 Mbit/s
Upload: 5.59 Mbit/s
Sat Dec 23 21:45:01 CET 2017
Ping: 27.328 ms
Download: 117.30 Mbit/s
Upload: 5.52 Mbit/s
Sat Dec 23 22:45:01 CET 2017
Ping: 27.945 ms
Download: 126.98 Mbit/s
Upload: 5.61 Mbit/s
Sat Dec 23 23:45:01 CET 2017
Ping: 28.144 ms
Download: 123.56 Mbit/s
Upload: 5.62 Mbit/s
Sun Dec 24 00:45:01 CET 2017
Ping: 24.849 ms
Download: 118.56 Mbit/s
Upload: 5.42 Mbit/s
Sun Dec 24 01:45:01 CET 2017
Ping: 25.124 ms
Download: 127.09 Mbit/s
Upload: 4.72 Mbit/s
Sun Dec 24 02:45:01 CET 2017
Ping: 27.027 ms
Download: 125.38 Mbit/s
Upload: 5.68 Mbit/s
Sun Dec 24 03:45:01 CET 2017
Ping: 26.417 ms
Download: 127.54 Mbit/s
Upload: 5.60 Mbit/s
Sun Dec 24 04:45:01 CET 2017
Ping: 27.633 ms
Download: 115.85 Mbit/s
Upload: 5.39 Mbit/s
Sun Dec 24 05:45:01 CET 2017
Ping: 23.761 ms
Download: 128.08 Mbit/s
Upload: 5.56 Mbit/s
Sun Dec 24 06:45:02 CET 2017
Ping: 26.394 ms
Download: 125.58 Mbit/s
Upload: 5.58 Mbit/s
Sun Dec 24 07:45:01 CET 2017
Ping: 27.612 ms
Download: 127.77 Mbit/s
Upload: 5.61 Mbit/s
Sun Dec 24 08:45:01 CET 2017
Ping: 24.445 ms
Download: 118.03 Mbit/s
Upload: 5.65 Mbit/s
Sun Dec 24 09:45:01 CET 2017
Ping: 26.524 ms
Download: 111.35 Mbit/s
Upload: 3.77 Mbit/s
Sun Dec 24 10:45:01 CET 2017
Ping: 24.494 ms
Download: 124.89 Mbit/s
Upload: 5.55 Mbit/s
Sun Dec 24 11:45:01 CET 2017
Ping: 24.797 ms
Download: 119.24 Mbit/s
Upload: 5.31 Mbit/s
Sun Dec 24 12:45:01 CET 2017
Ping: 27.18 ms
Download: 127.20 Mbit/s
Upload: 5.30 Mbit/s
Sun Dec 24 13:45:02 CET 2017
Ping: 27.746 ms
Download: 127.62 Mbit/s
Upload: 5.44 Mbit/s
Sun Dec 24 14:45:01 CET 2017
Ping: 25.078 ms
Download: 127.74 Mbit/s
Upload: 5.60 Mbit/s
Sun Dec 24 15:45:01 CET 2017
Ping: 26.292 ms
Download: 120.22 Mbit/s
Upload: 5.59 Mbit/s
Sun Dec 24 16:45:01 CET 2017
Ping: 27.726 ms
Download: 124.70 Mbit/s
Upload: 4.37 Mbit/s
Sun Dec 24 17:45:01 CET 2017
Ping: 23.638 ms
Download: 126.62 Mbit/s
Upload: 5.66 Mbit/s
Sun Dec 24 18:45:01 CET 2017
Ping: 25.508 ms
Download: 128.03 Mbit/s
Upload: 5.55 Mbit/s
Sun Dec 24 19:45:01 CET 2017
Ping: 26.303 ms
Download: 121.50 Mbit/s
Upload: 5.58 Mbit/s
Sun Dec 24 20:45:01 CET 2017
Ping: 25.878 ms
Download: 125.34 Mbit/s
Upload: 5.62 Mbit/s
Sun Dec 24 21:45:01 CET 2017
Ping: 27.746 ms
Download: 126.39 Mbit/s
Upload: 5.66 Mbit/s
Sun Dec 24 22:45:01 CET 2017
Ping: 25.498 ms
Download: 118.96 Mbit/s
Upload: 5.54 Mbit/s
Sun Dec 24 23:45:01 CET 2017
Ping: 28.604 ms
Download: 114.70 Mbit/s
Upload: 5.58 Mbit/s
Mon Dec 25 00:45:01 CET 2017
Ping: 25.074 ms
Download: 118.74 Mbit/s
Upload: 5.57 Mbit/s
Mon Dec 25 01:45:01 CET 2017
Ping: 29.257 ms
Download: 126.84 Mbit/s
Upload: 5.62 Mbit/s
Mon Dec 25 02:45:01 CET 2017
Ping: 26.995 ms
Download: 123.24 Mbit/s
Upload: 5.62 Mbit/s
Mon Dec 25 03:45:02 CET 2017
Ping: 26.299 ms
Download: 126.42 Mbit/s
Upload: 5.64 Mbit/s
Mon Dec 25 04:45:01 CET 2017
Ping: 26.42 ms
Download: 120.25 Mbit/s
Upload: 5.63 Mbit/s
Mon Dec 25 05:45:01 CET 2017
Ping: 26.913 ms
Download: 120.33 Mbit/s
Upload: 5.59 Mbit/s
Mon Dec 25 06:45:01 CET 2017
Ping: 23.757 ms
Download: 125.79 Mbit/s
Upload: 5.57 Mbit/s
Mon Dec 25 07:45:01 CET 2017
Ping: 26.194 ms
Download: 126.66 Mbit/s
Upload: 5.57 Mbit/s
Mon Dec 25 08:45:01 CET 2017
Ping: 24.25 ms
Download: 128.07 Mbit/s
Upload: 5.55 Mbit/s
Mon Dec 25 09:45:01 CET 2017
Ping: 26.166 ms
Download: 127.32 Mbit/s
Upload: 4.81 Mbit/s
Mon Dec 25 10:45:02 CET 2017
Ping: 26.367 ms
Download: 125.08 Mbit/s
Upload: 5.56 Mbit/s
Mon Dec 25 11:45:01 CET 2017
Ping: 25.379 ms
Download: 123.05 Mbit/s
Upload: 5.51 Mbit/s
Mon Dec 25 12:45:01 CET 2017
Ping: 26.291 ms
Download: 123.99 Mbit/s
Upload: 5.60 Mbit/s
Mon Dec 25 13:45:02 CET 2017
Ping: 26.296 ms
Download: 112.93 Mbit/s
Upload: 5.61 Mbit/s
Mon Dec 25 14:45:01 CET 2017
Ping: 26.378 ms
Download: 116.85 Mbit/s
Upload: 5.48 Mbit/s
Mon Dec 25 15:45:01 CET 2017
Ping: 28.193 ms
Download: 117.20 Mbit/s
Upload: 5.55 Mbit/s
Mon Dec 25 16:45:01 CET 2017
Ping: 27.611 ms
Download: 110.34 Mbit/s
Upload: 5.37 Mbit/s
Mon Dec 25 17:45:01 CET 2017
Ping: 25.771 ms
Download: 123.94 Mbit/s
Upload: 5.56 Mbit/s
Mon Dec 25 18:45:01 CET 2017
Ping: 26.428 ms
Download: 126.36 Mbit/s
Upload: 5.65 Mbit/s
Mon Dec 25 19:45:02 CET 2017
Ping: 25.046 ms
Download: 126.17 Mbit/s
Upload: 5.47 Mbit/s
Mon Dec 25 20:45:01 CET 2017
Ping: 26.291 ms
Download: 119.44 Mbit/s
Upload: 5.50 Mbit/s
Mon Dec 25 21:45:01 CET 2017
Ping: 26.372 ms
Download: 110.73 Mbit/s
Upload: 5.56 Mbit/s
Mon Dec 25 22:45:01 CET 2017
Ping: 28.948 ms
Download: 121.58 Mbit/s
Upload: 5.51 Mbit/s
Mon Dec 25 23:45:01 CET 2017
Ping: 24.961 ms
Download: 123.63 Mbit/s
Upload: 5.59 Mbit/s
Tue Dec 26 00:45:01 CET 2017
Ping: 26.295 ms
Download: 127.62 Mbit/s
Upload: 5.60 Mbit/s
Tue Dec 26 01:45:01 CET 2017
Ping: 27.954 ms
Download: 109.32 Mbit/s
Upload: 5.66 Mbit/s
Tue Dec 26 02:45:01 CET 2017
Ping: 25.335 ms
Download: 126.41 Mbit/s
Upload: 5.64 Mbit/s
Tue Dec 26 03:45:01 CET 2017
Ping: 23.515 ms
Download: 127.34 Mbit/s
Upload: 5.63 Mbit/s
Tue Dec 26 04:45:01 CET 2017
Ping: 25.314 ms
Download: 127.63 Mbit/s
Upload: 5.65 Mbit/s
Tue Dec 26 05:45:02 CET 2017
Ping: 24.882 ms
Download: 127.12 Mbit/s
Upload: 5.61 Mbit/s
Tue Dec 26 06:45:01 CET 2017
Ping: 24.654 ms
Download: 127.26 Mbit/s
Upload: 5.60 Mbit/s
Tue Dec 26 07:45:01 CET 2017
Ping: 24.609 ms
Download: 124.30 Mbit/s
Upload: 5.34 Mbit/s
Tue Dec 26 08:45:01 CET 2017
Ping: 26.29 ms
Download: 119.18 Mbit/s
Upload: 5.63 Mbit/s
Tue Dec 26 09:45:01 CET 2017
Ping: 23.662 ms
Download: 127.97 Mbit/s
Upload: 4.61 Mbit/s
Tue Dec 26 10:45:01 CET 2017
Ping: 26.14 ms
Download: 123.54 Mbit/s
Upload: 4.65 Mbit/s
Tue Dec 26 11:45:01 CET 2017
Ping: 26.163 ms
Download: 127.63 Mbit/s
Upload: 4.75 Mbit/s
Tue Dec 26 12:45:01 CET 2017
Ping: 25.018 ms
Download: 119.17 Mbit/s
Upload: 5.59 Mbit/s
Tue Dec 26 13:45:01 CET 2017
Ping: 26.296 ms
Download: 128.21 Mbit/s
Upload: 5.29 Mbit/s
Tue Dec 26 14:45:01 CET 2017
Ping: 26.384 ms
Download: 125.61 Mbit/s
Upload: 5.58 Mbit/s
Tue Dec 26 15:45:01 CET 2017
Ping: 28.132 ms
Download: 107.19 Mbit/s
Upload: 5.44 Mbit/s
Tue Dec 26 16:45:01 CET 2017
Ping: 26.41 ms
Download: 126.46 Mbit/s
Upload: 5.56 Mbit/s
Tue Dec 26 17:45:01 CET 2017
Ping: 27.392 ms
Download: 124.45 Mbit/s
Upload: 5.37 Mbit/s
Tue Dec 26 18:45:01 CET 2017
Ping: 28.735 ms
Download: 121.36 Mbit/s
Upload: 5.60 Mbit/s
Tue Dec 26 19:45:01 CET 2017
Ping: 26.479 ms
Download: 127.23 Mbit/s
Upload: 5.51 Mbit/s
Tue Dec 26 20:45:02 CET 2017
Ping: 28.469 ms
Download: 96.13 Mbit/s
Upload: 5.35 Mbit/s
Tue Dec 26 21:45:01 CET 2017
Ping: 25.325 ms
Download: 119.61 Mbit/s
Upload: 5.30 Mbit/s
Tue Dec 26 22:45:01 CET 2017
Ping: 24.815 ms
Download: 126.46 Mbit/s
Upload: 5.53 Mbit/s
Tue Dec 26 23:45:01 CET 2017
Ping: 27.915 ms
Download: 125.33 Mbit/s
Upload: 5.59 Mbit/s
Wed Dec 27 00:45:02 CET 2017
Ping: 25.748 ms
Download: 110.29 Mbit/s
Upload: 5.48 Mbit/s
Wed Dec 27 01:45:01 CET 2017
Ping: 26.483 ms
Download: 126.47 Mbit/s
Upload: 4.85 Mbit/s
Wed Dec 27 02:45:01 CET 2017
Ping: 27.327 ms
Download: 124.34 Mbit/s
Upload: 5.50 Mbit/s
Wed Dec 27 03:45:01 CET 2017
Ping: 26.924 ms
Download: 127.70 Mbit/s
Upload: 5.63 Mbit/s
Wed Dec 27 04:45:01 CET 2017
Ping: 24.979 ms
Download: 127.10 Mbit/s
Upload: 5.62 Mbit/s
Wed Dec 27 05:45:01 CET 2017
Ping: 28.01 ms
Download: 117.44 Mbit/s
Upload: 5.62 Mbit/s
Wed Dec 27 06:45:01 CET 2017
Could not retrieve speedtest.net configuration
Wed Dec 27 07:45:02 CET 2017
Ping: 25.74 ms
Download: 127.49 Mbit/s
Upload: 5.65 Mbit/s
Wed Dec 27 08:45:01 CET 2017
Ping: 23.914 ms
Download: 125.66 Mbit/s
Upload: 5.56 Mbit/s
Wed Dec 27 09:45:01 CET 2017
Ping: 27.594 ms
Download: 120.26 Mbit/s
Upload: 5.50 Mbit/s
Wed Dec 27 10:45:01 CET 2017
Ping: 26.285 ms
Download: 62.78 Mbit/s
Upload: 3.93 Mbit/s
Wed Dec 27 11:45:01 CET 2017
Ping: 25.08 ms
Download: 125.41 Mbit/s
Upload: 5.42 Mbit/s
Wed Dec 27 12:45:01 CET 2017
Ping: 25.738 ms
Download: 127.10 Mbit/s
Upload: 5.52 Mbit/s
Wed Dec 27 13:45:01 CET 2017
Ping: 25.362 ms
Download: 127.64 Mbit/s
Upload: 5.57 Mbit/s
Wed Dec 27 14:45:01 CET 2017
Ping: 25.396 ms
Download: 127.32 Mbit/s
Upload: 5.61 Mbit/s
Wed Dec 27 15:45:01 CET 2017
Ping: 26.373 ms
Download: 126.44 Mbit/s
Upload: 5.46 Mbit/s
Wed Dec 27 16:45:01 CET 2017
Ping: 25.704 ms
Download: 126.84 Mbit/s
Upload: 5.59 Mbit/s
Wed Dec 27 17:45:02 CET 2017
Ping: 26.242 ms
Download: 127.34 Mbit/s
Upload: 5.64 Mbit/s
Wed Dec 27 18:45:01 CET 2017
Ping: 31.8 ms
Download: 109.67 Mbit/s
Upload: 5.40 Mbit/s
Wed Dec 27 19:45:01 CET 2017
Ping: 26.396 ms
Download: 127.47 Mbit/s
Upload: 5.60 Mbit/s
Wed Dec 27 20:45:01 CET 2017
Ping: 26.658 ms
Download: 125.14 Mbit/s
Upload: 5.52 Mbit/s
Wed Dec 27 21:45:01 CET 2017
Ping: 27.052 ms
Download: 106.51 Mbit/s
Upload: 5.50 Mbit/s
Wed Dec 27 22:45:01 CET 2017
Ping: 27.202 ms
Download: 122.17 Mbit/s
Upload: 5.66 Mbit/s
Wed Dec 27 23:45:01 CET 2017
Ping: 26.3 ms
Download: 126.72 Mbit/s
Upload: 5.52 Mbit/s
Thu Dec 28 00:45:01 CET 2017
Ping: 25.077 ms
Download: 126.57 Mbit/s
Upload: 5.47 Mbit/s
Thu Dec 28 01:45:01 CET 2017
Ping: 25.862 ms
Download: 126.22 Mbit/s
Upload: 5.49 Mbit/s
Thu Dec 28 02:45:01 CET 2017
Ping: 26.237 ms
Download: 126.70 Mbit/s
Upload: 5.62 Mbit/s
Thu Dec 28 03:45:01 CET 2017
Ping: 26.513 ms
Download: 120.19 Mbit/s
Upload: 5.67 Mbit/s
Thu Dec 28 04:45:01 CET 2017
Ping: 24.574 ms
Download: 127.34 Mbit/s
Upload: 5.62 Mbit/s
Thu Dec 28 05:45:02 CET 2017
Ping: 23.956 ms
Download: 127.74 Mbit/s
Upload: 5.60 Mbit/s
Thu Dec 28 06:45:01 CET 2017
Ping: 24.453 ms
Download: 126.71 Mbit/s
Upload: 5.62 Mbit/s
Thu Dec 28 07:45:01 CET 2017
Ping: 25.055 ms
Download: 126.39 Mbit/s
Upload: 3.89 Mbit/s
Thu Dec 28 08:45:01 CET 2017
Ping: 23.094 ms
Download: 126.42 Mbit/s
Upload: 5.43 Mbit/s
Thu Dec 28 09:45:02 CET 2017
Ping: 27.196 ms
Download: 124.56 Mbit/s
Upload: 5.65 Mbit/s
Thu Dec 28 10:45:02 CET 2017
Ping: 25.627 ms
Download: 125.55 Mbit/s
Upload: 5.43 Mbit/s
Thu Dec 28 11:45:01 CET 2017
Ping: 25.139 ms
Download: 126.65 Mbit/s
Upload: 4.54 Mbit/s
Thu Dec 28 12:45:01 CET 2017
Ping: 26.719 ms
Download: 119.65 Mbit/s
Upload: 5.14 Mbit/s
Thu Dec 28 13:45:01 CET 2017
Ping: 26.901 ms
Download: 110.85 Mbit/s
Upload: 5.52 Mbit/s
Thu Dec 28 14:45:01 CET 2017
Ping: 25.961 ms
Download: 127.05 Mbit/s
Upload: 5.57 Mbit/s
Thu Dec 28 15:45:01 CET 2017
Ping: 26.405 ms
Download: 126.95 Mbit/s
Upload: 5.41 Mbit/s
Thu Dec 28 16:45:01 CET 2017
Ping: 24.48 ms
Download: 120.68 Mbit/s
Upload: 5.59 Mbit/s
Thu Dec 28 17:45:01 CET 2017
Ping: 26.323 ms
Download: 123.76 Mbit/s
Upload: 5.60 Mbit/s
Thu Dec 28 18:45:01 CET 2017
Ping: 27.811 ms
Download: 118.53 Mbit/s
Upload: 5.53 Mbit/s
Thu Dec 28 19:45:01 CET 2017
Ping: 25.938 ms
Download: 127.54 Mbit/s
Upload: 5.61 Mbit/s
Thu Dec 28 20:45:01 CET 2017
Ping: 28.106 ms
Download: 123.23 Mbit/s
Upload: 5.36 Mbit/s
Thu Dec 28 21:45:01 CET 2017
Ping: 26.37 ms
Download: 116.82 Mbit/s
Upload: 5.61 Mbit/s
Thu Dec 28 22:45:01 CET 2017
Ping: 27.053 ms
Download: 120.83 Mbit/s
Upload: 5.55 Mbit/s
Thu Dec 28 23:45:01 CET 2017
Ping: 25.979 ms
Download: 126.87 Mbit/s
Upload: 5.63 Mbit/s
Fri Dec 29 00:45:01 CET 2017
Ping: 26.051 ms
Download: 125.91 Mbit/s
Upload: 5.57 Mbit/s
Fri Dec 29 01:45:01 CET 2017
Ping: 26.422 ms
Download: 127.69 Mbit/s
Upload: 5.64 Mbit/s
Fri Dec 29 02:45:01 CET 2017
Ping: 26.421 ms
Download: 127.66 Mbit/s
Upload: 5.64 Mbit/s
Fri Dec 29 03:45:01 CET 2017
Ping: 26.415 ms
Download: 127.62 Mbit/s
Upload: 5.65 Mbit/s
Fri Dec 29 04:45:01 CET 2017
Ping: 23.987 ms
Download: 126.07 Mbit/s
Upload: 5.60 Mbit/s
Fri Dec 29 05:45:01 CET 2017
Ping: 26.154 ms
Download: 118.24 Mbit/s
Upload: 5.63 Mbit/s
Fri Dec 29 06:45:01 CET 2017
Ping: 25.423 ms
Download: 125.02 Mbit/s
Upload: 5.67 Mbit/s
Fri Dec 29 07:45:01 CET 2017
Ping: 24.734 ms
Download: 125.89 Mbit/s
Upload: 5.55 Mbit/s
Fri Dec 29 08:45:01 CET 2017
Ping: 23.713 ms
Download: 128.25 Mbit/s
Upload: 5.54 Mbit/s
Fri Dec 29 09:45:01 CET 2017
Ping: 23.803 ms
Download: 127.70 Mbit/s
Upload: 5.63 Mbit/s
Fri Dec 29 10:45:01 CET 2017
Ping: 25.342 ms
Download: 126.42 Mbit/s
Upload: 5.62 Mbit/s
Fri Dec 29 11:45:01 CET 2017
Ping: 28.034 ms
Download: 126.51 Mbit/s
Upload: 5.63 Mbit/s
Fri Dec 29 12:45:01 CET 2017
Ping: 24.615 ms
Download: 127.50 Mbit/s
Upload: 5.60 Mbit/s
Fri Dec 29 13:45:01 CET 2017
Ping: 28.014 ms
Download: 122.20 Mbit/s
Upload: 5.07 Mbit/s
Fri Dec 29 14:45:01 CET 2017
Ping: 25.0 ms
Download: 104.75 Mbit/s
Upload: 5.37 Mbit/s
Fri Dec 29 15:45:01 CET 2017
Ping: 24.04 ms
Download: 127.06 Mbit/s
Upload: 5.57 Mbit/s
Fri Dec 29 16:45:01 CET 2017
Ping: 25.269 ms
Download: 125.83 Mbit/s
Upload: 5.52 Mbit/s
Fri Dec 29 17:45:01 CET 2017
Ping: 27.027 ms
Download: 125.13 Mbit/s
Upload: 5.64 Mbit/s
Fri Dec 29 18:45:01 CET 2017
Ping: 25.674 ms
Download: 125.41 Mbit/s
Upload: 5.58 Mbit/s
Fri Dec 29 19:45:01 CET 2017
Ping: 27.663 ms
Download: 111.75 Mbit/s
Upload: 5.44 Mbit/s
Fri Dec 29 20:45:01 CET 2017
Ping: 27.126 ms
Download: 117.38 Mbit/s
Upload: 5.61 Mbit/s
Fri Dec 29 21:45:01 CET 2017
Ping: 28.949 ms
Download: 122.58 Mbit/s
Upload: 5.63 Mbit/s
Fri Dec 29 22:45:01 CET 2017
Ping: 28.006 ms
Download: 126.27 Mbit/s
Upload: 5.59 Mbit/s
Fri Dec 29 23:45:01 CET 2017
Ping: 26.369 ms
Download: 108.79 Mbit/s
Upload: 5.61 Mbit/s
Sat Dec 30 00:45:01 CET 2017
Ping: 24.481 ms
Download: 122.46 Mbit/s
Upload: 5.65 Mbit/s
Sat Dec 30 01:45:01 CET 2017
Ping: 23.853 ms
Download: 127.19 Mbit/s
Upload: 5.46 Mbit/s
Sat Dec 30 02:45:02 CET 2017
Ping: 25.069 ms
Download: 126.42 Mbit/s
Upload: 5.62 Mbit/s
Sat Dec 30 03:45:01 CET 2017
Ping: 25.242 ms
Download: 125.09 Mbit/s
Upload: 5.24 Mbit/s
Sat Dec 30 04:45:01 CET 2017
Ping: 26.918 ms
Download: 118.88 Mbit/s
Upload: 5.66 Mbit/s
Sat Dec 30 05:45:01 CET 2017
Ping: 25.078 ms
Download: 126.66 Mbit/s
Upload: 5.59 Mbit/s
Sat Dec 30 06:45:01 CET 2017
Ping: 28.44 ms
Download: 125.34 Mbit/s
Upload: 5.57 Mbit/s
Sat Dec 30 07:45:01 CET 2017
Ping: 25.838 ms
Download: 128.13 Mbit/s
Upload: 5.56 Mbit/s
Sat Dec 30 08:45:01 CET 2017
Ping: 26.605 ms
Download: 128.03 Mbit/s
Upload: 5.56 Mbit/s
Sat Dec 30 09:45:01 CET 2017
Ping: 25.076 ms
Download: 113.18 Mbit/s
Upload: 5.56 Mbit/s
Sat Dec 30 10:45:01 CET 2017
Ping: 26.407 ms
Download: 120.20 Mbit/s
Upload: 5.47 Mbit/s
Sat Dec 30 11:45:01 CET 2017
Ping: 27.712 ms
Download: 123.11 Mbit/s
Upload: 5.58 Mbit/s
Sat Dec 30 12:45:01 CET 2017
Ping: 26.43 ms
Download: 126.31 Mbit/s
Upload: 5.35 Mbit/s
Sat Dec 30 13:45:01 CET 2017
Ping: 24.968 ms
Download: 126.69 Mbit/s
Upload: 5.58 Mbit/s
Sat Dec 30 14:45:02 CET 2017
Ping: 25.217 ms
Download: 127.24 Mbit/s
Upload: 5.55 Mbit/s
Sat Dec 30 15:45:01 CET 2017
Could not retrieve speedtest.net configuration
Sat Dec 30 16:45:01 CET 2017
Ping: 26.372 ms
Download: 125.29 Mbit/s
Upload: 5.49 Mbit/s
Sat Dec 30 17:45:01 CET 2017
Ping: 25.08 ms
Download: 124.25 Mbit/s
Upload: 5.50 Mbit/s
Sat Dec 30 18:45:01 CET 2017
Ping: 26.138 ms
Download: 126.74 Mbit/s
Upload: 5.57 Mbit/s
Sat Dec 30 19:45:01 CET 2017
Ping: 28.641 ms
Download: 126.28 Mbit/s
Upload: 5.68 Mbit/s
Sat Dec 30 20:45:01 CET 2017
Ping: 27.816 ms
Download: 127.11 Mbit/s
Upload: 5.39 Mbit/s
Sat Dec 30 21:45:02 CET 2017
Ping: 27.679 ms
Download: 120.80 Mbit/s
Upload: 5.59 Mbit/s
Sat Dec 30 22:45:01 CET 2017
Ping: 28.579 ms
Download: 124.83 Mbit/s
Upload: 5.48 Mbit/s
Sat Dec 30 23:45:01 CET 2017
Ping: 28.121 ms
Download: 126.99 Mbit/s
Upload: 5.49 Mbit/s
Sun Dec 31 00:45:01 CET 2017
Ping: 24.744 ms
Download: 127.71 Mbit/s
Upload: 5.29 Mbit/s
Sun Dec 31 01:45:01 CET 2017
Ping: 24.542 ms
Download: 127.53 Mbit/s
Upload: 5.61 Mbit/s
Sun Dec 31 02:45:01 CET 2017
Ping: 25.384 ms
Download: 126.71 Mbit/s
Upload: 5.67 Mbit/s
Sun Dec 31 03:45:01 CET 2017
Ping: 25.284 ms
Download: 126.79 Mbit/s
Upload: 5.44 Mbit/s
Sun Dec 31 04:45:01 CET 2017
Ping: 24.847 ms
Download: 128.04 Mbit/s
Upload: 5.53 Mbit/s
Sun Dec 31 05:45:01 CET 2017
Ping: 24.059 ms
Download: 128.25 Mbit/s
Upload: 5.60 Mbit/s
Sun Dec 31 06:45:01 CET 2017
Ping: 26.941 ms
Download: 118.36 Mbit/s
Upload: 5.64 Mbit/s
Sun Dec 31 07:45:01 CET 2017
Ping: 26.4 ms
Download: 125.07 Mbit/s
Upload: 5.51 Mbit/s
Sun Dec 31 08:45:02 CET 2017
Ping: 25.73 ms
Download: 126.14 Mbit/s
Upload: 5.54 Mbit/s
Sun Dec 31 09:45:01 CET 2017
Ping: 27.802 ms
Download: 110.23 Mbit/s
Upload: 5.43 Mbit/s
Sun Dec 31 10:45:01 CET 2017
Ping: 24.728 ms
Download: 127.60 Mbit/s
Upload: 5.60 Mbit/s
Sun Dec 31 11:45:01 CET 2017
Ping: 25.441 ms
Download: 126.96 Mbit/s
Upload: 5.40 Mbit/s
Sun Dec 31 12:45:01 CET 2017
Ping: 25.086 ms
Download: 121.88 Mbit/s
Upload: 4.95 Mbit/s
Sun Dec 31 13:45:01 CET 2017
Ping: 27.978 ms
Download: 127.11 Mbit/s
Upload: 5.25 Mbit/s
Sun Dec 31 14:45:01 CET 2017
Ping: 24.796 ms
Download: 125.15 Mbit/s
Upload: 5.47 Mbit/s
Sun Dec 31 15:45:01 CET 2017
Ping: 26.396 ms
Download: 118.92 Mbit/s
Upload: 5.52 Mbit/s
Sun Dec 31 16:45:01 CET 2017
Ping: 27.862 ms
Download: 127.42 Mbit/s
Upload: 5.68 Mbit/s
Sun Dec 31 17:45:01 CET 2017
Ping: 25.045 ms
Download: 126.67 Mbit/s
Upload: 5.55 Mbit/s
Sun Dec 31 18:45:01 CET 2017
Ping: 25.065 ms
Download: 119.81 Mbit/s
Upload: 4.83 Mbit/s
Sun Dec 31 19:45:02 CET 2017
Ping: 25.059 ms
Download: 127.29 Mbit/s
Upload: 5.61 Mbit/s
Sun Dec 31 20:45:01 CET 2017
Ping: 24.408 ms
Download: 123.53 Mbit/s
Upload: 5.64 Mbit/s
Sun Dec 31 21:45:01 CET 2017
Ping: 25.615 ms
Download: 126.90 Mbit/s
Upload: 5.59 Mbit/s
Sun Dec 31 22:45:01 CET 2017
Ping: 26.08 ms
Download: 126.47 Mbit/s
Upload: 5.42 Mbit/s
Sun Dec 31 23:45:01 CET 2017
Ping: 27.891 ms
Download: 125.92 Mbit/s
Upload: 5.65 Mbit/s
