Tue Aug  1 00:45:01 CEST 2017
Ping: 24.572 ms
Download: 127.34 Mbit/s
Upload: 5.64 Mbit/s
Tue Aug  1 01:45:01 CEST 2017
Ping: 22.308 ms
Download: 126.93 Mbit/s
Upload: 5.62 Mbit/s
Tue Aug  1 02:45:01 CEST 2017
Ping: 22.782 ms
Download: 128.16 Mbit/s
Upload: 5.50 Mbit/s
Tue Aug  1 03:45:01 CEST 2017
Ping: 22.402 ms
Download: 123.26 Mbit/s
Upload: 5.60 Mbit/s
Tue Aug  1 04:45:01 CEST 2017
Ping: 22.847 ms
Download: 127.92 Mbit/s
Upload: 5.62 Mbit/s
Tue Aug  1 05:45:01 CEST 2017
Ping: 25.041 ms
Download: 114.47 Mbit/s
Upload: 5.46 Mbit/s
Tue Aug  1 06:45:01 CEST 2017
Ping: 25.007 ms
Download: 126.37 Mbit/s
Upload: 5.66 Mbit/s
Tue Aug  1 07:45:01 CEST 2017
Ping: 23.176 ms
Download: 127.17 Mbit/s
Upload: 5.59 Mbit/s
Tue Aug  1 08:45:01 CEST 2017
Ping: 23.634 ms
Download: 127.21 Mbit/s
Upload: 5.62 Mbit/s
Tue Aug  1 09:45:01 CEST 2017
Ping: 25.035 ms
Download: 116.84 Mbit/s
Upload: 5.64 Mbit/s
Tue Aug  1 10:45:01 CEST 2017
Ping: 25.841 ms
Download: 105.28 Mbit/s
Upload: 5.61 Mbit/s
Tue Aug  1 11:45:01 CEST 2017
Ping: 23.708 ms
Download: 126.65 Mbit/s
Upload: 5.65 Mbit/s
Tue Aug  1 12:45:01 CEST 2017
Ping: 24.439 ms
Download: 127.55 Mbit/s
Upload: 5.55 Mbit/s
Tue Aug  1 13:45:01 CEST 2017
Ping: 23.923 ms
Download: 128.06 Mbit/s
Upload: 5.67 Mbit/s
Tue Aug  1 14:45:01 CEST 2017
Ping: 25.487 ms
Download: 119.54 Mbit/s
Upload: 5.59 Mbit/s
Tue Aug  1 15:45:01 CEST 2017
Ping: 23.153 ms
Download: 127.84 Mbit/s
Upload: 5.62 Mbit/s
Tue Aug  1 16:45:01 CEST 2017
Ping: 28.204 ms
Download: 120.03 Mbit/s
Upload: 5.63 Mbit/s
Tue Aug  1 17:45:01 CEST 2017
Ping: 29.913 ms
Download: 118.18 Mbit/s
Upload: 5.59 Mbit/s
Tue Aug  1 18:45:01 CEST 2017
Ping: 25.596 ms
Download: 123.74 Mbit/s
Upload: 5.58 Mbit/s
Tue Aug  1 19:45:01 CEST 2017
Ping: 31.073 ms
Download: 120.17 Mbit/s
Upload: 5.53 Mbit/s
Tue Aug  1 20:45:01 CEST 2017
Ping: 29.74 ms
Download: 121.85 Mbit/s
Upload: 5.57 Mbit/s
Tue Aug  1 21:45:01 CEST 2017
Ping: 28.324 ms
Download: 123.03 Mbit/s
Upload: 5.59 Mbit/s
Tue Aug  1 22:45:01 CEST 2017
Ping: 24.785 ms
Download: 126.55 Mbit/s
Upload: 5.50 Mbit/s
Tue Aug  1 23:45:01 CEST 2017
Ping: 31.442 ms
Download: 118.42 Mbit/s
Upload: 5.52 Mbit/s
Wed Aug  2 00:45:01 CEST 2017
Ping: 29.016 ms
Download: 117.48 Mbit/s
Upload: 5.29 Mbit/s
Wed Aug  2 01:45:01 CEST 2017
Ping: 26.972 ms
Download: 116.24 Mbit/s
Upload: 5.34 Mbit/s
Wed Aug  2 02:45:01 CEST 2017
Ping: 30.106 ms
Download: 126.48 Mbit/s
Upload: 5.32 Mbit/s
Wed Aug  2 03:45:01 CEST 2017
Ping: 28.772 ms
Download: 110.02 Mbit/s
Upload: 5.49 Mbit/s
Wed Aug  2 04:45:01 CEST 2017
Ping: 30.622 ms
Download: 97.09 Mbit/s
Upload: 5.42 Mbit/s
Wed Aug  2 05:45:02 CEST 2017
Ping: 28.029 ms
Download: 126.19 Mbit/s
Upload: 5.16 Mbit/s
Wed Aug  2 06:45:01 CEST 2017
Ping: 26.778 ms
Download: 123.27 Mbit/s
Upload: 5.38 Mbit/s
Wed Aug  2 07:45:01 CEST 2017
Ping: 28.94 ms
Download: 126.89 Mbit/s
Upload: 5.30 Mbit/s
Wed Aug  2 08:45:01 CEST 2017
Ping: 25.129 ms
Download: 111.06 Mbit/s
Upload: 5.61 Mbit/s
Wed Aug  2 09:45:01 CEST 2017
Ping: 25.016 ms
Download: 127.93 Mbit/s
Upload: 5.61 Mbit/s
Wed Aug  2 10:45:01 CEST 2017
Ping: 25.035 ms
Download: 118.57 Mbit/s
Upload: 5.63 Mbit/s
Wed Aug  2 11:45:01 CEST 2017
Ping: 24.52 ms
Download: 126.76 Mbit/s
Upload: 5.64 Mbit/s
Wed Aug  2 12:45:01 CEST 2017
Ping: 28.406 ms
Download: 120.06 Mbit/s
Upload: 5.61 Mbit/s
Wed Aug  2 13:45:01 CEST 2017
Ping: 26.799 ms
Download: 112.25 Mbit/s
Upload: 5.59 Mbit/s
Wed Aug  2 14:45:01 CEST 2017
Ping: 24.833 ms
Download: 125.05 Mbit/s
Upload: 4.89 Mbit/s
Wed Aug  2 15:45:01 CEST 2017
Ping: 24.722 ms
Download: 127.69 Mbit/s
Upload: 5.57 Mbit/s
Wed Aug  2 16:45:01 CEST 2017
Ping: 24.334 ms
Download: 126.09 Mbit/s
Upload: 5.63 Mbit/s
Wed Aug  2 17:45:01 CEST 2017
Ping: 23.72 ms
Download: 127.60 Mbit/s
Upload: 5.63 Mbit/s
Wed Aug  2 18:45:01 CEST 2017
Ping: 24.488 ms
Download: 110.48 Mbit/s
Upload: 5.60 Mbit/s
Wed Aug  2 19:45:01 CEST 2017
Ping: 23.63 ms
Download: 121.86 Mbit/s
Upload: 5.60 Mbit/s
Wed Aug  2 20:45:01 CEST 2017
Ping: 22.473 ms
Download: 126.64 Mbit/s
Upload: 5.63 Mbit/s
Wed Aug  2 21:45:01 CEST 2017
Ping: 24.58 ms
Download: 127.72 Mbit/s
Upload: 5.57 Mbit/s
Wed Aug  2 22:45:01 CEST 2017
Ping: 30.544 ms
Download: 110.06 Mbit/s
Upload: 5.60 Mbit/s
Wed Aug  2 23:45:01 CEST 2017
Ping: 23.619 ms
Download: 127.40 Mbit/s
Upload: 5.64 Mbit/s
Thu Aug  3 00:45:01 CEST 2017
Ping: 27.002 ms
Download: 114.65 Mbit/s
Upload: 5.59 Mbit/s
Thu Aug  3 01:45:01 CEST 2017
Ping: 23.528 ms
Download: 127.76 Mbit/s
Upload: 5.53 Mbit/s
Thu Aug  3 02:45:01 CEST 2017
Ping: 22.077 ms
Download: 127.60 Mbit/s
Upload: 5.58 Mbit/s
Thu Aug  3 03:45:01 CEST 2017
Ping: 26.672 ms
Download: 116.58 Mbit/s
Upload: 5.59 Mbit/s
Thu Aug  3 04:45:01 CEST 2017
Ping: 23.235 ms
Download: 127.97 Mbit/s
Upload: 5.58 Mbit/s
Thu Aug  3 05:45:01 CEST 2017
Ping: 24.72 ms
Download: 125.13 Mbit/s
Upload: 5.61 Mbit/s
Thu Aug  3 06:45:01 CEST 2017
Ping: 22.66 ms
Download: 127.44 Mbit/s
Upload: 5.61 Mbit/s
Thu Aug  3 07:45:01 CEST 2017
Ping: 23.275 ms
Download: 127.89 Mbit/s
Upload: 4.72 Mbit/s
Thu Aug  3 08:45:01 CEST 2017
Ping: 23.501 ms
Download: 127.65 Mbit/s
Upload: 5.61 Mbit/s
Thu Aug  3 09:45:01 CEST 2017
Ping: 26.482 ms
Download: 120.37 Mbit/s
Upload: 5.64 Mbit/s
Thu Aug  3 10:45:02 CEST 2017
Ping: 24.149 ms
Download: 127.26 Mbit/s
Upload: 5.58 Mbit/s
Thu Aug  3 11:45:01 CEST 2017
Ping: 24.908 ms
Download: 115.71 Mbit/s
Upload: 5.47 Mbit/s
Thu Aug  3 12:45:01 CEST 2017
Ping: 23.777 ms
Download: 117.73 Mbit/s
Upload: 5.58 Mbit/s
Thu Aug  3 13:45:01 CEST 2017
Ping: 24.761 ms
Download: 125.25 Mbit/s
Upload: 5.49 Mbit/s
Thu Aug  3 14:45:01 CEST 2017
Ping: 24.339 ms
Download: 127.19 Mbit/s
Upload: 5.59 Mbit/s
Thu Aug  3 15:45:01 CEST 2017
Ping: 24.708 ms
Download: 123.21 Mbit/s
Upload: 5.62 Mbit/s
Thu Aug  3 16:45:01 CEST 2017
Ping: 24.352 ms
Download: 127.87 Mbit/s
Upload: 5.56 Mbit/s
Thu Aug  3 17:45:01 CEST 2017
Ping: 23.709 ms
Download: 127.89 Mbit/s
Upload: 5.57 Mbit/s
Thu Aug  3 18:45:01 CEST 2017
Ping: 28.218 ms
Download: 124.05 Mbit/s
Upload: 5.55 Mbit/s
Thu Aug  3 19:45:01 CEST 2017
Ping: 22.909 ms
Download: 123.85 Mbit/s
Upload: 5.46 Mbit/s
Thu Aug  3 20:45:02 CEST 2017
Ping: 25.554 ms
Download: 103.13 Mbit/s
Upload: 5.58 Mbit/s
Thu Aug  3 21:45:01 CEST 2017
Ping: 29.616 ms
Download: 120.31 Mbit/s
Upload: 5.60 Mbit/s
Thu Aug  3 22:45:01 CEST 2017
Ping: 23.866 ms
Download: 122.60 Mbit/s
Upload: 5.54 Mbit/s
Thu Aug  3 23:45:01 CEST 2017
Ping: 25.366 ms
Download: 122.51 Mbit/s
Upload: 5.65 Mbit/s
Fri Aug  4 00:45:01 CEST 2017
Ping: 23.712 ms
Download: 127.96 Mbit/s
Upload: 5.62 Mbit/s
Fri Aug  4 01:45:01 CEST 2017
Ping: 29.116 ms
Download: 121.95 Mbit/s
Upload: 5.61 Mbit/s
Fri Aug  4 02:45:01 CEST 2017
Ping: 25.347 ms
Download: 128.18 Mbit/s
Upload: 5.58 Mbit/s
Fri Aug  4 03:45:02 CEST 2017
Ping: 24.702 ms
Download: 118.51 Mbit/s
Upload: 5.57 Mbit/s
Fri Aug  4 04:45:01 CEST 2017
Ping: 24.541 ms
Download: 128.00 Mbit/s
Upload: 5.61 Mbit/s
Fri Aug  4 05:45:01 CEST 2017
Ping: 23.718 ms
Download: 127.95 Mbit/s
Upload: 5.62 Mbit/s
Fri Aug  4 06:45:01 CEST 2017
Ping: 23.503 ms
Download: 127.57 Mbit/s
Upload: 5.61 Mbit/s
Fri Aug  4 07:45:01 CEST 2017
Ping: 23.58 ms
Download: 126.35 Mbit/s
Upload: 5.63 Mbit/s
Fri Aug  4 08:45:01 CEST 2017
Ping: 22.248 ms
Download: 91.52 Mbit/s
Upload: 5.40 Mbit/s
Fri Aug  4 09:45:01 CEST 2017
Ping: 25.878 ms
Download: 118.82 Mbit/s
Upload: 5.57 Mbit/s
Fri Aug  4 10:45:02 CEST 2017
Ping: 24.112 ms
Download: 123.48 Mbit/s
Upload: 5.59 Mbit/s
Fri Aug  4 11:45:01 CEST 2017
Ping: 24.126 ms
Download: 127.79 Mbit/s
Upload: 5.52 Mbit/s
Fri Aug  4 12:45:01 CEST 2017
Ping: 22.157 ms
Download: 114.10 Mbit/s
Upload: 5.60 Mbit/s
Fri Aug  4 13:45:01 CEST 2017
Ping: 23.712 ms
Download: 109.59 Mbit/s
Upload: 5.52 Mbit/s
Fri Aug  4 14:45:01 CEST 2017
Ping: 22.796 ms
Download: 127.86 Mbit/s
Upload: 5.45 Mbit/s
Fri Aug  4 15:45:01 CEST 2017
Ping: 26.383 ms
Download: 124.70 Mbit/s
Upload: 5.45 Mbit/s
Fri Aug  4 16:45:01 CEST 2017
Ping: 25.603 ms
Download: 109.22 Mbit/s
Upload: 5.55 Mbit/s
Fri Aug  4 17:45:01 CEST 2017
Ping: 23.14 ms
Download: 89.34 Mbit/s
Upload: 5.62 Mbit/s
Fri Aug  4 18:45:01 CEST 2017
Ping: 24.298 ms
Download: 122.61 Mbit/s
Upload: 5.57 Mbit/s
Fri Aug  4 19:45:01 CEST 2017
Ping: 23.79 ms
Download: 119.93 Mbit/s
Upload: 5.52 Mbit/s
Fri Aug  4 20:45:01 CEST 2017
Ping: 23.613 ms
Download: 126.27 Mbit/s
Upload: 5.61 Mbit/s
Fri Aug  4 21:45:01 CEST 2017
Ping: 22.153 ms
Download: 119.06 Mbit/s
Upload: 5.67 Mbit/s
Fri Aug  4 22:45:01 CEST 2017
Ping: 24.431 ms
Download: 116.47 Mbit/s
Upload: 5.61 Mbit/s
Fri Aug  4 23:45:02 CEST 2017
Ping: 25.72 ms
Download: 108.03 Mbit/s
Upload: 5.54 Mbit/s
Sat Aug  5 00:45:01 CEST 2017
Ping: 24.863 ms
Download: 99.49 Mbit/s
Upload: 5.59 Mbit/s
Sat Aug  5 01:45:01 CEST 2017
Ping: 22.608 ms
Download: 127.76 Mbit/s
Upload: 5.62 Mbit/s
Sat Aug  5 02:45:01 CEST 2017
Ping: 26.58 ms
Download: 112.04 Mbit/s
Upload: 5.66 Mbit/s
Sat Aug  5 03:45:01 CEST 2017
Ping: 25.017 ms
Download: 127.68 Mbit/s
Upload: 5.53 Mbit/s
Sat Aug  5 04:45:01 CEST 2017
Ping: 24.831 ms
Download: 127.99 Mbit/s
Upload: 5.60 Mbit/s
Sat Aug  5 05:45:01 CEST 2017
Ping: 23.728 ms
Download: 103.52 Mbit/s
Upload: 5.61 Mbit/s
Sat Aug  5 06:45:01 CEST 2017
Ping: 24.714 ms
Download: 126.20 Mbit/s
Upload: 5.58 Mbit/s
Sat Aug  5 07:45:02 CEST 2017
Ping: 23.705 ms
Download: 127.48 Mbit/s
Upload: 5.57 Mbit/s
Sat Aug  5 08:45:01 CEST 2017
Ping: 22.402 ms
Download: 127.69 Mbit/s
Upload: 5.58 Mbit/s
Sat Aug  5 09:45:01 CEST 2017
Ping: 22.743 ms
Download: 126.32 Mbit/s
Upload: 5.52 Mbit/s
Sat Aug  5 10:45:01 CEST 2017
Ping: 27.924 ms
Download: 120.35 Mbit/s
Upload: 5.47 Mbit/s
Sat Aug  5 11:45:01 CEST 2017
Ping: 28.034 ms
Download: 124.21 Mbit/s
Upload: 5.00 Mbit/s
Sat Aug  5 12:45:02 CEST 2017
Ping: 30.715 ms
Download: 117.18 Mbit/s
Upload: 5.38 Mbit/s
Sat Aug  5 13:45:02 CEST 2017
Ping: 24.19 ms
Download: 125.19 Mbit/s
Upload: 5.37 Mbit/s
Sat Aug  5 14:45:02 CEST 2017
Ping: 24.818 ms
Download: 125.89 Mbit/s
Upload: 5.28 Mbit/s
Sat Aug  5 15:45:01 CEST 2017
Ping: 30.349 ms
Download: 116.91 Mbit/s
Upload: 5.43 Mbit/s
Sat Aug  5 16:45:01 CEST 2017
Ping: 24.627 ms
Download: 125.48 Mbit/s
Upload: 5.55 Mbit/s
Sat Aug  5 17:45:01 CEST 2017
Ping: 24.343 ms
Download: 125.83 Mbit/s
Upload: 5.58 Mbit/s
Sat Aug  5 18:45:01 CEST 2017
Ping: 23.71 ms
Download: 113.51 Mbit/s
Upload: 5.44 Mbit/s
Sat Aug  5 19:45:01 CEST 2017
Ping: 25.091 ms
Download: 121.93 Mbit/s
Upload: 5.60 Mbit/s
Sat Aug  5 20:45:01 CEST 2017
Ping: 30.058 ms
Download: 122.94 Mbit/s
Upload: 5.55 Mbit/s
Sat Aug  5 21:45:01 CEST 2017
Ping: 25.623 ms
Download: 126.00 Mbit/s
Upload: 5.54 Mbit/s
Sat Aug  5 22:45:01 CEST 2017
Ping: 24.261 ms
Download: 126.39 Mbit/s
Upload: 5.63 Mbit/s
Sat Aug  5 23:45:01 CEST 2017
Ping: 27.706 ms
Download: 123.25 Mbit/s
Upload: 5.61 Mbit/s
Sun Aug  6 00:45:01 CEST 2017
Ping: 26.366 ms
Download: 126.59 Mbit/s
Upload: 5.56 Mbit/s
Sun Aug  6 01:45:01 CEST 2017
Ping: 23.43 ms
Download: 127.71 Mbit/s
Upload: 5.58 Mbit/s
Sun Aug  6 02:45:01 CEST 2017
Ping: 22.872 ms
Download: 127.30 Mbit/s
Upload: 5.65 Mbit/s
Sun Aug  6 03:45:02 CEST 2017
Ping: 21.465 ms
Download: 127.53 Mbit/s
Upload: 5.58 Mbit/s
Sun Aug  6 04:45:01 CEST 2017
Ping: 24.229 ms
Download: 124.59 Mbit/s
Upload: 5.63 Mbit/s
Sun Aug  6 05:45:01 CEST 2017
Ping: 22.368 ms
Download: 127.23 Mbit/s
Upload: 5.59 Mbit/s
Sun Aug  6 06:45:01 CEST 2017
Ping: 23.641 ms
Download: 126.96 Mbit/s
Upload: 5.61 Mbit/s
Sun Aug  6 07:45:02 CEST 2017
Ping: 23.108 ms
Download: 127.11 Mbit/s
Upload: 5.63 Mbit/s
Sun Aug  6 08:45:01 CEST 2017
Ping: 26.551 ms
Download: 127.28 Mbit/s
Upload: 5.59 Mbit/s
Sun Aug  6 09:45:02 CEST 2017
Ping: 25.747 ms
Download: 115.60 Mbit/s
Upload: 5.44 Mbit/s
Sun Aug  6 10:45:01 CEST 2017
Ping: 26.309 ms
Download: 120.13 Mbit/s
Upload: 5.36 Mbit/s
Sun Aug  6 11:45:01 CEST 2017
Ping: 27.053 ms
Download: 117.19 Mbit/s
Upload: 5.43 Mbit/s
Sun Aug  6 12:45:01 CEST 2017
Ping: 24.688 ms
Download: 110.35 Mbit/s
Upload: 5.48 Mbit/s
Sun Aug  6 13:45:01 CEST 2017
Ping: 24.514 ms
Download: 114.42 Mbit/s
Upload: 5.51 Mbit/s
Sun Aug  6 14:45:01 CEST 2017
Ping: 21.325 ms
Download: 119.33 Mbit/s
Upload: 5.58 Mbit/s
Sun Aug  6 15:45:01 CEST 2017
Ping: 22.824 ms
Download: 108.91 Mbit/s
Upload: 5.63 Mbit/s
Sun Aug  6 16:45:01 CEST 2017
Ping: 24.434 ms
Download: 125.22 Mbit/s
Upload: 5.53 Mbit/s
Sun Aug  6 17:45:01 CEST 2017
Ping: 24.867 ms
Download: 127.40 Mbit/s
Upload: 5.21 Mbit/s
Sun Aug  6 18:45:01 CEST 2017
Ping: 27.737 ms
Download: 127.08 Mbit/s
Upload: 5.47 Mbit/s
Sun Aug  6 19:45:01 CEST 2017
Ping: 23.066 ms
Download: 125.42 Mbit/s
Upload: 5.56 Mbit/s
Sun Aug  6 20:45:01 CEST 2017
Ping: 27.257 ms
Download: 123.57 Mbit/s
Upload: 5.59 Mbit/s
Sun Aug  6 21:45:02 CEST 2017
Ping: 26.759 ms
Download: 115.80 Mbit/s
Upload: 5.60 Mbit/s
Sun Aug  6 22:45:01 CEST 2017
Ping: 29.649 ms
Download: 116.24 Mbit/s
Upload: 5.58 Mbit/s
Sun Aug  6 23:45:02 CEST 2017
Ping: 27.424 ms
Download: 101.86 Mbit/s
Upload: 3.35 Mbit/s
Mon Aug  7 00:45:01 CEST 2017
Ping: 25.161 ms
Download: 126.12 Mbit/s
Upload: 5.57 Mbit/s
Mon Aug  7 01:45:01 CEST 2017
Ping: 24.27 ms
Download: 127.47 Mbit/s
Upload: 5.56 Mbit/s
Mon Aug  7 02:45:01 CEST 2017
Ping: 22.46 ms
Download: 127.24 Mbit/s
Upload: 5.54 Mbit/s
Mon Aug  7 03:45:01 CEST 2017
Ping: 22.745 ms
Download: 126.85 Mbit/s
Upload: 5.54 Mbit/s
Mon Aug  7 04:45:01 CEST 2017
Ping: 24.074 ms
Download: 127.63 Mbit/s
Upload: 5.52 Mbit/s
Mon Aug  7 05:45:01 CEST 2017
Ping: 22.353 ms
Download: 127.71 Mbit/s
Upload: 5.52 Mbit/s
Mon Aug  7 06:45:01 CEST 2017
Ping: 22.533 ms
Download: 127.57 Mbit/s
Upload: 5.62 Mbit/s
Mon Aug  7 07:45:01 CEST 2017
Ping: 23.951 ms
Download: 126.06 Mbit/s
Upload: 5.42 Mbit/s
Mon Aug  7 08:45:01 CEST 2017
Ping: 22.452 ms
Download: 112.88 Mbit/s
Upload: 5.60 Mbit/s
Mon Aug  7 09:45:01 CEST 2017
Ping: 25.66 ms
Download: 120.06 Mbit/s
Upload: 5.36 Mbit/s
Mon Aug  7 10:45:01 CEST 2017
Ping: 22.295 ms
Download: 127.84 Mbit/s
Upload: 5.62 Mbit/s
Mon Aug  7 11:45:01 CEST 2017
Ping: 23.11 ms
Download: 127.05 Mbit/s
Upload: 5.62 Mbit/s
Mon Aug  7 12:45:01 CEST 2017
Ping: 23.804 ms
Download: 127.17 Mbit/s
Upload: 5.22 Mbit/s
Mon Aug  7 13:45:01 CEST 2017
Ping: 23.842 ms
Download: 126.30 Mbit/s
Upload: 5.60 Mbit/s
Mon Aug  7 14:45:01 CEST 2017
Ping: 30.085 ms
Download: 112.26 Mbit/s
Upload: 5.55 Mbit/s
Mon Aug  7 15:45:01 CEST 2017
Ping: 24.691 ms
Download: 113.38 Mbit/s
Upload: 5.58 Mbit/s
Mon Aug  7 16:45:01 CEST 2017
Ping: 22.381 ms
Download: 126.75 Mbit/s
Upload: 5.54 Mbit/s
Mon Aug  7 17:45:01 CEST 2017
Ping: 22.875 ms
Download: 123.93 Mbit/s
Upload: 5.62 Mbit/s
Mon Aug  7 18:45:01 CEST 2017
Ping: 29.848 ms
Download: 120.83 Mbit/s
Upload: 5.62 Mbit/s
Mon Aug  7 19:45:01 CEST 2017
Ping: 24.729 ms
Download: 118.43 Mbit/s
Upload: 5.47 Mbit/s
Mon Aug  7 20:45:01 CEST 2017
Ping: 22.822 ms
Download: 95.43 Mbit/s
Upload: 5.55 Mbit/s
Mon Aug  7 21:45:01 CEST 2017
Ping: 25.091 ms
Download: 127.44 Mbit/s
Upload: 5.63 Mbit/s
Mon Aug  7 22:45:01 CEST 2017
Ping: 26.185 ms
Download: 120.89 Mbit/s
Upload: 5.57 Mbit/s
Mon Aug  7 23:45:01 CEST 2017
Ping: 26.519 ms
Download: 108.79 Mbit/s
Upload: 5.52 Mbit/s
Tue Aug  8 00:45:01 CEST 2017
Ping: 24.148 ms
Download: 82.09 Mbit/s
Upload: 5.59 Mbit/s
Tue Aug  8 01:45:01 CEST 2017
Ping: 24.09 ms
Download: 127.24 Mbit/s
Upload: 5.60 Mbit/s
Tue Aug  8 02:45:01 CEST 2017
Ping: 23.393 ms
Download: 127.70 Mbit/s
Upload: 5.62 Mbit/s
Tue Aug  8 03:45:01 CEST 2017
Ping: 24.698 ms
Download: 118.29 Mbit/s
Upload: 5.59 Mbit/s
Tue Aug  8 04:45:01 CEST 2017
Ping: 22.255 ms
Download: 127.21 Mbit/s
Upload: 5.58 Mbit/s
Tue Aug  8 05:45:01 CEST 2017
Ping: 21.989 ms
Download: 127.50 Mbit/s
Upload: 5.61 Mbit/s
Tue Aug  8 06:45:02 CEST 2017
Ping: 24.297 ms
Download: 114.40 Mbit/s
Upload: 5.59 Mbit/s
Tue Aug  8 07:45:01 CEST 2017
Ping: 23.393 ms
Download: 127.17 Mbit/s
Upload: 5.63 Mbit/s
Tue Aug  8 08:45:01 CEST 2017
Ping: 22.181 ms
Download: 127.31 Mbit/s
Upload: 5.58 Mbit/s
Tue Aug  8 09:45:01 CEST 2017
Ping: 25.328 ms
Download: 127.92 Mbit/s
Upload: 4.70 Mbit/s
Tue Aug  8 10:45:01 CEST 2017
Ping: 22.57 ms
Download: 124.50 Mbit/s
Upload: 5.51 Mbit/s
Tue Aug  8 11:45:01 CEST 2017
Ping: 26.591 ms
Download: 124.14 Mbit/s
Upload: 5.39 Mbit/s
Tue Aug  8 12:45:01 CEST 2017
Ping: 26.237 ms
Download: 122.18 Mbit/s
Upload: 5.32 Mbit/s
Tue Aug  8 13:45:01 CEST 2017
Ping: 26.588 ms
Download: 127.15 Mbit/s
Upload: 5.53 Mbit/s
Tue Aug  8 14:45:02 CEST 2017
Ping: 29.768 ms
Download: 69.58 Mbit/s
Upload: 5.35 Mbit/s
Tue Aug  8 15:45:02 CEST 2017
Ping: 30.669 ms
Download: 116.47 Mbit/s
Upload: 5.32 Mbit/s
Tue Aug  8 16:45:01 CEST 2017
Ping: 24.77 ms
Download: 121.38 Mbit/s
Upload: 5.02 Mbit/s
Tue Aug  8 17:45:02 CEST 2017
Ping: 29.869 ms
Download: 117.85 Mbit/s
Upload: 5.43 Mbit/s
Tue Aug  8 18:45:01 CEST 2017
Ping: 31.038 ms
Download: 121.45 Mbit/s
Upload: 4.98 Mbit/s
Tue Aug  8 19:45:01 CEST 2017
Ping: 30.107 ms
Download: 95.64 Mbit/s
Upload: 4.96 Mbit/s
Tue Aug  8 20:45:01 CEST 2017
Ping: 28.877 ms
Download: 117.02 Mbit/s
Upload: 4.84 Mbit/s
Tue Aug  8 21:45:01 CEST 2017
Ping: 31.391 ms
Download: 119.16 Mbit/s
Upload: 5.12 Mbit/s
Tue Aug  8 22:45:02 CEST 2017
Ping: 24.34 ms
Download: 121.75 Mbit/s
Upload: 5.22 Mbit/s
Tue Aug  8 23:45:02 CEST 2017
Ping: 29.89 ms
Download: 111.55 Mbit/s
Upload: 5.21 Mbit/s
Wed Aug  9 00:45:01 CEST 2017
Ping: 31.0 ms
Download: 118.77 Mbit/s
Upload: 5.15 Mbit/s
Wed Aug  9 01:45:01 CEST 2017
Ping: 27.749 ms
Download: 122.99 Mbit/s
Upload: 5.18 Mbit/s
Wed Aug  9 02:45:01 CEST 2017
Ping: 31.572 ms
Download: 122.10 Mbit/s
Upload: 5.28 Mbit/s
Wed Aug  9 03:45:01 CEST 2017
Ping: 30.28 ms
Download: 117.37 Mbit/s
Upload: 5.33 Mbit/s
Wed Aug  9 04:45:01 CEST 2017
Ping: 32.296 ms
Download: 122.22 Mbit/s
Upload: 5.35 Mbit/s
Wed Aug  9 05:45:01 CEST 2017
Ping: 28.261 ms
Download: 126.99 Mbit/s
Upload: 5.23 Mbit/s
Wed Aug  9 06:45:01 CEST 2017
Ping: 23.63 ms
Download: 119.50 Mbit/s
Upload: 5.50 Mbit/s
Wed Aug  9 07:45:01 CEST 2017
Ping: 25.448 ms
Download: 127.20 Mbit/s
Upload: 5.61 Mbit/s
Wed Aug  9 08:45:01 CEST 2017
Ping: 24.904 ms
Download: 113.84 Mbit/s
Upload: 5.43 Mbit/s
Wed Aug  9 09:45:01 CEST 2017
Ping: 28.247 ms
Download: 89.93 Mbit/s
Upload: 5.33 Mbit/s
Wed Aug  9 10:45:01 CEST 2017
Ping: 21.601 ms
Download: 124.19 Mbit/s
Upload: 5.60 Mbit/s
Wed Aug  9 11:45:02 CEST 2017
Ping: 26.274 ms
Download: 122.39 Mbit/s
Upload: 5.03 Mbit/s
Wed Aug  9 12:45:01 CEST 2017
Ping: 26.142 ms
Download: 124.11 Mbit/s
Upload: 5.29 Mbit/s
Wed Aug  9 13:45:01 CEST 2017
Ping: 27.55 ms
Download: 125.06 Mbit/s
Upload: 5.26 Mbit/s
Wed Aug  9 14:45:01 CEST 2017
Ping: 26.029 ms
Download: 126.22 Mbit/s
Upload: 5.37 Mbit/s
Wed Aug  9 15:45:01 CEST 2017
Ping: 26.626 ms
Download: 126.52 Mbit/s
Upload: 5.43 Mbit/s
Wed Aug  9 16:45:02 CEST 2017
Ping: 24.854 ms
Download: 124.96 Mbit/s
Upload: 5.36 Mbit/s
Wed Aug  9 17:45:01 CEST 2017
Ping: 23.956 ms
Download: 125.96 Mbit/s
Upload: 5.61 Mbit/s
Wed Aug  9 18:45:01 CEST 2017
Ping: 23.5 ms
Download: 126.50 Mbit/s
Upload: 5.57 Mbit/s
Wed Aug  9 19:45:01 CEST 2017
Ping: 26.388 ms
Download: 124.47 Mbit/s
Upload: 5.46 Mbit/s
Wed Aug  9 20:45:01 CEST 2017
Ping: 24.693 ms
Download: 117.61 Mbit/s
Upload: 5.57 Mbit/s
Wed Aug  9 21:45:01 CEST 2017
Ping: 24.472 ms
Download: 88.63 Mbit/s
Upload: 5.51 Mbit/s
Wed Aug  9 22:45:01 CEST 2017
Ping: 25.052 ms
Download: 126.00 Mbit/s
Upload: 5.38 Mbit/s
Wed Aug  9 23:45:01 CEST 2017
Ping: 26.634 ms
Download: 124.29 Mbit/s
Upload: 5.23 Mbit/s
Thu Aug 10 00:45:01 CEST 2017
Ping: 41.138 ms
Download: 112.88 Mbit/s
Upload: 5.12 Mbit/s
Thu Aug 10 01:45:01 CEST 2017
Ping: 35.615 ms
Download: 90.37 Mbit/s
Upload: 2.93 Mbit/s
Thu Aug 10 02:45:01 CEST 2017
Ping: 40.285 ms
Download: 116.14 Mbit/s
Upload: 3.73 Mbit/s
Thu Aug 10 03:45:01 CEST 2017
Ping: 32.711 ms
Download: 117.28 Mbit/s
Upload: 3.06 Mbit/s
Thu Aug 10 04:45:01 CEST 2017
Ping: 34.713 ms
Download: 98.22 Mbit/s
Upload: 5.39 Mbit/s
Thu Aug 10 05:45:01 CEST 2017
Ping: 31.184 ms
Download: 119.80 Mbit/s
Upload: 2.01 Mbit/s
Thu Aug 10 06:45:01 CEST 2017
Ping: 35.674 ms
Download: 110.29 Mbit/s
Upload: 5.48 Mbit/s
Thu Aug 10 07:45:01 CEST 2017
Ping: 23.351 ms
Download: 111.64 Mbit/s
Upload: 4.70 Mbit/s
Thu Aug 10 08:45:01 CEST 2017
Ping: 41.03 ms
Download: 118.27 Mbit/s
Upload: 4.35 Mbit/s
Thu Aug 10 09:45:01 CEST 2017
Ping: 23.679 ms
Download: 124.89 Mbit/s
Upload: 5.34 Mbit/s
Thu Aug 10 10:45:01 CEST 2017
Ping: 308.567 ms
Download: 107.02 Mbit/s
Upload: 4.12 Mbit/s
Thu Aug 10 11:45:01 CEST 2017
Ping: 23.719 ms
Download: 127.83 Mbit/s
Upload: 5.49 Mbit/s
Thu Aug 10 12:45:02 CEST 2017
Ping: 23.709 ms
Download: 127.86 Mbit/s
Upload: 5.54 Mbit/s
Thu Aug 10 13:45:01 CEST 2017
Ping: 38.965 ms
Download: 119.47 Mbit/s
Upload: 4.70 Mbit/s
Thu Aug 10 14:45:01 CEST 2017
Ping: 30.286 ms
Download: 110.06 Mbit/s
Upload: 5.15 Mbit/s
Thu Aug 10 15:45:01 CEST 2017
Ping: 42.653 ms
Download: 115.01 Mbit/s
Upload: 5.18 Mbit/s
Thu Aug 10 17:45:01 CEST 2017
Ping: 38.402 ms
Download: 113.37 Mbit/s
Upload: 4.34 Mbit/s
Thu Aug 10 18:45:01 CEST 2017
Ping: 28.423 ms
Download: 122.58 Mbit/s
Upload: 4.08 Mbit/s
Thu Aug 10 19:45:01 CEST 2017
Ping: 25.667 ms
Download: 106.92 Mbit/s
Upload: 4.52 Mbit/s
Thu Aug 10 20:45:01 CEST 2017
Ping: 40.883 ms
Download: 125.98 Mbit/s
Upload: 5.19 Mbit/s
Thu Aug 10 21:45:01 CEST 2017
Ping: 36.84 ms
Download: 125.07 Mbit/s
Upload: 4.52 Mbit/s
Thu Aug 10 22:45:01 CEST 2017
Ping: 37.02 ms
Download: 124.89 Mbit/s
Upload: 4.74 Mbit/s
Thu Aug 10 23:45:01 CEST 2017
Ping: 26.504 ms
Download: 117.51 Mbit/s
Upload: 5.60 Mbit/s
Fri Aug 11 00:45:01 CEST 2017
Ping: 29.387 ms
Download: 118.84 Mbit/s
Upload: 5.58 Mbit/s
Fri Aug 11 01:45:01 CEST 2017
Ping: 26.382 ms
Download: 113.48 Mbit/s
Upload: 5.55 Mbit/s
Fri Aug 11 02:45:01 CEST 2017
Ping: 24.866 ms
Download: 127.18 Mbit/s
Upload: 5.66 Mbit/s
Fri Aug 11 03:45:02 CEST 2017
Ping: 30.593 ms
Download: 123.89 Mbit/s
Upload: 5.64 Mbit/s
Fri Aug 11 04:45:01 CEST 2017
Ping: 24.572 ms
Download: 121.17 Mbit/s
Upload: 5.68 Mbit/s
Fri Aug 11 05:45:01 CEST 2017
Ping: 26.538 ms
Download: 125.63 Mbit/s
Upload: 5.62 Mbit/s
Fri Aug 11 06:45:01 CEST 2017
Ping: 28.767 ms
Download: 125.15 Mbit/s
Upload: 5.57 Mbit/s
Fri Aug 11 07:45:01 CEST 2017
Ping: 27.704 ms
Download: 119.27 Mbit/s
Upload: 5.56 Mbit/s
Fri Aug 11 08:45:01 CEST 2017
Ping: 28.222 ms
Download: 121.05 Mbit/s
Upload: 5.64 Mbit/s
Fri Aug 11 09:45:01 CEST 2017
Ping: 26.611 ms
Download: 111.58 Mbit/s
Upload: 5.33 Mbit/s
Fri Aug 11 10:45:01 CEST 2017
Ping: 26.364 ms
Download: 109.20 Mbit/s
Upload: 5.56 Mbit/s
Fri Aug 11 11:45:01 CEST 2017
Ping: 28.658 ms
Download: 111.70 Mbit/s
Upload: 5.59 Mbit/s
Fri Aug 11 12:45:01 CEST 2017
Ping: 27.767 ms
Download: 107.41 Mbit/s
Upload: 5.34 Mbit/s
Fri Aug 11 13:45:01 CEST 2017
Ping: 29.753 ms
Download: 121.45 Mbit/s
Upload: 5.51 Mbit/s
Fri Aug 11 14:45:01 CEST 2017
Ping: 27.147 ms
Download: 122.90 Mbit/s
Upload: 5.57 Mbit/s
Fri Aug 11 15:45:01 CEST 2017
Ping: 28.999 ms
Download: 116.72 Mbit/s
Upload: 5.55 Mbit/s
Fri Aug 11 16:45:01 CEST 2017
Ping: 30.405 ms
Download: 110.59 Mbit/s
Upload: 5.56 Mbit/s
Fri Aug 11 17:45:01 CEST 2017
Ping: 31.132 ms
Download: 116.68 Mbit/s
Upload: 5.60 Mbit/s
Fri Aug 11 18:45:01 CEST 2017
Ping: 26.969 ms
Download: 126.83 Mbit/s
Upload: 5.64 Mbit/s
Fri Aug 11 19:45:02 CEST 2017
Ping: 28.296 ms
Download: 127.29 Mbit/s
Upload: 5.57 Mbit/s
Fri Aug 11 20:45:01 CEST 2017
Ping: 30.268 ms
Download: 122.47 Mbit/s
Upload: 5.64 Mbit/s
Fri Aug 11 21:45:02 CEST 2017
Ping: 29.696 ms
Download: 123.35 Mbit/s
Upload: 5.51 Mbit/s
Fri Aug 11 22:45:02 CEST 2017
Ping: 30.566 ms
Download: 115.34 Mbit/s
Upload: 5.33 Mbit/s
Fri Aug 11 23:45:01 CEST 2017
Ping: 27.639 ms
Download: 125.74 Mbit/s
Upload: 5.57 Mbit/s
Sat Aug 12 00:45:01 CEST 2017
Ping: 31.655 ms
Download: 125.57 Mbit/s
Upload: 5.61 Mbit/s
Sat Aug 12 01:45:01 CEST 2017
Ping: 28.358 ms
Download: 114.92 Mbit/s
Upload: 5.66 Mbit/s
Sat Aug 12 02:45:01 CEST 2017
Ping: 25.945 ms
Download: 125.89 Mbit/s
Upload: 5.63 Mbit/s
Sat Aug 12 03:45:01 CEST 2017
Ping: 27.703 ms
Download: 119.52 Mbit/s
Upload: 5.65 Mbit/s
Sat Aug 12 04:45:01 CEST 2017
Ping: 25.717 ms
Download: 118.85 Mbit/s
Upload: 3.74 Mbit/s
Sat Aug 12 05:45:02 CEST 2017
Ping: 26.36 ms
Download: 127.29 Mbit/s
Upload: 5.60 Mbit/s
Sat Aug 12 06:45:01 CEST 2017
Ping: 26.065 ms
Download: 123.24 Mbit/s
Upload: 5.59 Mbit/s
Sat Aug 12 07:45:01 CEST 2017
Ping: 26.947 ms
Download: 117.60 Mbit/s
Upload: 5.58 Mbit/s
Sat Aug 12 08:45:01 CEST 2017
Ping: 24.984 ms
Download: 121.19 Mbit/s
Upload: 5.55 Mbit/s
Sat Aug 12 09:45:01 CEST 2017
Ping: 25.836 ms
Download: 110.04 Mbit/s
Upload: 5.45 Mbit/s
Sat Aug 12 10:45:01 CEST 2017
Ping: 27.179 ms
Download: 118.53 Mbit/s
Upload: 5.07 Mbit/s
Sat Aug 12 11:45:01 CEST 2017
Ping: 27.416 ms
Download: 118.36 Mbit/s
Upload: 5.58 Mbit/s
Sat Aug 12 12:45:01 CEST 2017
Ping: 29.809 ms
Download: 124.09 Mbit/s
Upload: 5.64 Mbit/s
Sat Aug 12 13:45:01 CEST 2017
Ping: 27.345 ms
Download: 121.00 Mbit/s
Upload: 5.53 Mbit/s
Sat Aug 12 14:45:01 CEST 2017
Ping: 25.049 ms
Download: 123.18 Mbit/s
Upload: 3.81 Mbit/s
Sat Aug 12 15:45:01 CEST 2017
Ping: 27.754 ms
Download: 102.43 Mbit/s
Upload: 5.58 Mbit/s
Sat Aug 12 16:45:01 CEST 2017
Ping: 25.761 ms
Download: 123.30 Mbit/s
Upload: 5.64 Mbit/s
Sat Aug 12 17:45:01 CEST 2017
Ping: 27.548 ms
Download: 87.47 Mbit/s
Upload: 5.63 Mbit/s
Sat Aug 12 18:45:01 CEST 2017
Ping: 28.664 ms
Download: 107.29 Mbit/s
Upload: 5.58 Mbit/s
Sat Aug 12 19:45:01 CEST 2017
Ping: 27.081 ms
Download: 65.77 Mbit/s
Upload: 5.57 Mbit/s
Sat Aug 12 20:45:01 CEST 2017
Ping: 29.357 ms
Download: 118.82 Mbit/s
Upload: 5.61 Mbit/s
Sat Aug 12 21:45:01 CEST 2017
Ping: 27.024 ms
Download: 121.36 Mbit/s
Upload: 5.44 Mbit/s
Sat Aug 12 22:45:01 CEST 2017
Ping: 29.062 ms
Download: 122.76 Mbit/s
Upload: 5.62 Mbit/s
Sat Aug 12 23:45:01 CEST 2017
Ping: 27.444 ms
Download: 117.39 Mbit/s
Upload: 5.49 Mbit/s
Sun Aug 13 00:45:01 CEST 2017
Ping: 28.294 ms
Download: 124.84 Mbit/s
Upload: 5.61 Mbit/s
Sun Aug 13 01:45:01 CEST 2017
Ping: 27.54 ms
Download: 125.15 Mbit/s
Upload: 5.61 Mbit/s
Sun Aug 13 02:45:01 CEST 2017
Ping: 29.037 ms
Download: 124.95 Mbit/s
Upload: 5.60 Mbit/s
Sun Aug 13 03:45:01 CEST 2017
Ping: 26.423 ms
Download: 120.08 Mbit/s
Upload: 4.75 Mbit/s
Sun Aug 13 04:45:01 CEST 2017
Ping: 29.525 ms
Download: 119.96 Mbit/s
Upload: 5.57 Mbit/s
Sun Aug 13 05:45:01 CEST 2017
Ping: 28.241 ms
Download: 117.31 Mbit/s
Upload: 5.57 Mbit/s
Sun Aug 13 06:45:01 CEST 2017
Ping: 27.719 ms
Download: 126.97 Mbit/s
Upload: 5.59 Mbit/s
Sun Aug 13 07:45:01 CEST 2017
Ping: 29.142 ms
Download: 122.17 Mbit/s
Upload: 5.56 Mbit/s
Sun Aug 13 08:45:01 CEST 2017
Ping: 26.513 ms
Download: 127.37 Mbit/s
Upload: 5.52 Mbit/s
Sun Aug 13 09:45:01 CEST 2017
Ping: 27.847 ms
Download: 120.68 Mbit/s
Upload: 5.61 Mbit/s
Sun Aug 13 10:45:01 CEST 2017
Ping: 30.281 ms
Download: 125.57 Mbit/s
Upload: 5.44 Mbit/s
Sun Aug 13 11:45:01 CEST 2017
Ping: 30.667 ms
Download: 119.13 Mbit/s
Upload: 5.49 Mbit/s
Sun Aug 13 12:45:01 CEST 2017
Ping: 27.824 ms
Download: 115.02 Mbit/s
Upload: 5.56 Mbit/s
Sun Aug 13 13:45:01 CEST 2017
Ping: 29.797 ms
Download: 123.98 Mbit/s
Upload: 5.68 Mbit/s
Sun Aug 13 14:45:01 CEST 2017
Ping: 28.648 ms
Download: 118.19 Mbit/s
Upload: 5.02 Mbit/s
Sun Aug 13 15:45:01 CEST 2017
Ping: 30.823 ms
Download: 117.46 Mbit/s
Upload: 5.59 Mbit/s
Sun Aug 13 16:45:01 CEST 2017
Ping: 26.42 ms
Download: 120.53 Mbit/s
Upload: 5.45 Mbit/s
Sun Aug 13 17:45:01 CEST 2017
Ping: 29.81 ms
Download: 124.42 Mbit/s
Upload: 5.60 Mbit/s
Sun Aug 13 18:45:01 CEST 2017
Ping: 32.767 ms
Download: 107.19 Mbit/s
Upload: 5.54 Mbit/s
Sun Aug 13 19:45:01 CEST 2017
Ping: 28.267 ms
Download: 117.07 Mbit/s
Upload: 5.11 Mbit/s
Sun Aug 13 20:45:01 CEST 2017
Ping: 30.768 ms
Download: 101.27 Mbit/s
Upload: 5.57 Mbit/s
Sun Aug 13 21:45:01 CEST 2017
Ping: 28.367 ms
Download: 122.50 Mbit/s
Upload: 5.38 Mbit/s
Sun Aug 13 22:45:02 CEST 2017
Ping: 26.613 ms
Download: 121.37 Mbit/s
Upload: 4.45 Mbit/s
Sun Aug 13 23:45:01 CEST 2017
Ping: 28.384 ms
Download: 122.07 Mbit/s
Upload: 5.58 Mbit/s
Mon Aug 14 00:45:01 CEST 2017
Ping: 26.199 ms
Download: 125.47 Mbit/s
Upload: 5.64 Mbit/s
Mon Aug 14 01:45:01 CEST 2017
Ping: 27.675 ms
Download: 123.34 Mbit/s
Upload: 5.63 Mbit/s
Mon Aug 14 02:45:01 CEST 2017
Ping: 26.761 ms
Download: 124.17 Mbit/s
Upload: 5.61 Mbit/s
Mon Aug 14 03:45:01 CEST 2017
Ping: 26.445 ms
Download: 123.29 Mbit/s
Upload: 5.55 Mbit/s
Mon Aug 14 04:45:02 CEST 2017
Ping: 27.345 ms
Download: 118.33 Mbit/s
Upload: 5.52 Mbit/s
Mon Aug 14 05:45:01 CEST 2017
Ping: 28.01 ms
Download: 124.93 Mbit/s
Upload: 5.58 Mbit/s
Mon Aug 14 06:45:01 CEST 2017
Ping: 27.993 ms
Download: 125.52 Mbit/s
Upload: 5.66 Mbit/s
Mon Aug 14 07:45:01 CEST 2017
Ping: 26.382 ms
Download: 126.75 Mbit/s
Upload: 5.61 Mbit/s
Mon Aug 14 08:45:02 CEST 2017
Ping: 28.971 ms
Download: 122.53 Mbit/s
Upload: 5.66 Mbit/s
Mon Aug 14 09:45:02 CEST 2017
Ping: 31.225 ms
Download: 120.78 Mbit/s
Upload: 5.26 Mbit/s
Mon Aug 14 10:45:01 CEST 2017
Ping: 28.044 ms
Download: 124.85 Mbit/s
Upload: 5.58 Mbit/s
Mon Aug 14 11:45:01 CEST 2017
Ping: 27.789 ms
Download: 126.27 Mbit/s
Upload: 5.60 Mbit/s
Mon Aug 14 12:45:01 CEST 2017
Ping: 30.855 ms
Download: 125.81 Mbit/s
Upload: 5.53 Mbit/s
Mon Aug 14 13:45:01 CEST 2017
Ping: 26.546 ms
Download: 122.69 Mbit/s
Upload: 5.50 Mbit/s
Mon Aug 14 14:45:01 CEST 2017
Ping: 25.903 ms
Download: 127.40 Mbit/s
Upload: 5.61 Mbit/s
Mon Aug 14 15:45:01 CEST 2017
Ping: 25.951 ms
Download: 120.26 Mbit/s
Upload: 5.07 Mbit/s
Mon Aug 14 16:45:01 CEST 2017
Ping: 25.774 ms
Download: 115.51 Mbit/s
Upload: 5.63 Mbit/s
Mon Aug 14 17:45:01 CEST 2017
Ping: 24.223 ms
Download: 119.60 Mbit/s
Upload: 5.64 Mbit/s
Mon Aug 14 18:45:01 CEST 2017
Ping: 26.315 ms
Download: 120.16 Mbit/s
Upload: 5.55 Mbit/s
Mon Aug 14 19:45:01 CEST 2017
Ping: 27.931 ms
Download: 123.22 Mbit/s
Upload: 5.59 Mbit/s
Mon Aug 14 20:45:01 CEST 2017
Ping: 26.72 ms
Download: 118.30 Mbit/s
Upload: 5.54 Mbit/s
Mon Aug 14 21:45:01 CEST 2017
Ping: 25.468 ms
Download: 118.73 Mbit/s
Upload: 5.25 Mbit/s
Mon Aug 14 22:45:01 CEST 2017
Ping: 25.742 ms
Download: 120.25 Mbit/s
Upload: 4.12 Mbit/s
Mon Aug 14 23:45:01 CEST 2017
Ping: 27.164 ms
Download: 121.17 Mbit/s
Upload: 5.58 Mbit/s
Tue Aug 15 00:45:01 CEST 2017
Ping: 29.413 ms
Download: 118.63 Mbit/s
Upload: 5.54 Mbit/s
Tue Aug 15 01:45:01 CEST 2017
Ping: 29.615 ms
Download: 126.78 Mbit/s
Upload: 5.62 Mbit/s
Tue Aug 15 02:45:01 CEST 2017
Ping: 26.392 ms
Download: 121.76 Mbit/s
Upload: 5.59 Mbit/s
Tue Aug 15 03:45:01 CEST 2017
Ping: 27.809 ms
Download: 125.96 Mbit/s
Upload: 5.63 Mbit/s
Tue Aug 15 04:45:01 CEST 2017
Ping: 25.872 ms
Download: 116.38 Mbit/s
Upload: 5.61 Mbit/s
Tue Aug 15 05:45:01 CEST 2017
Ping: 25.405 ms
Download: 125.77 Mbit/s
Upload: 5.62 Mbit/s
Tue Aug 15 06:45:02 CEST 2017
Ping: 25.804 ms
Download: 121.42 Mbit/s
Upload: 5.54 Mbit/s
Tue Aug 15 07:45:01 CEST 2017
Ping: 28.665 ms
Download: 125.49 Mbit/s
Upload: 5.63 Mbit/s
Tue Aug 15 08:45:01 CEST 2017
Ping: 29.611 ms
Download: 126.70 Mbit/s
Upload: 5.57 Mbit/s
Tue Aug 15 09:45:01 CEST 2017
Ping: 27.303 ms
Download: 126.80 Mbit/s
Upload: 5.61 Mbit/s
Tue Aug 15 10:45:01 CEST 2017
Ping: 29.211 ms
Download: 124.95 Mbit/s
Upload: 5.50 Mbit/s
Tue Aug 15 11:45:01 CEST 2017
Ping: 29.971 ms
Download: 118.09 Mbit/s
Upload: 5.60 Mbit/s
Tue Aug 15 12:45:01 CEST 2017
Ping: 39.638 ms
Download: 81.70 Mbit/s
Upload: 4.03 Mbit/s
Tue Aug 15 13:45:01 CEST 2017
Ping: 50.857 ms
Download: 53.91 Mbit/s
Upload: 3.68 Mbit/s
Tue Aug 15 14:45:01 CEST 2017
Ping: 23.72 ms
Download: 107.17 Mbit/s
Upload: 4.84 Mbit/s
Tue Aug 15 15:45:01 CEST 2017
Ping: 28.634 ms
Download: 111.32 Mbit/s
Upload: 5.56 Mbit/s
Tue Aug 15 16:45:01 CEST 2017
Ping: 25.374 ms
Download: 125.48 Mbit/s
Upload: 5.58 Mbit/s
Tue Aug 15 17:45:01 CEST 2017
Ping: 29.825 ms
Download: 116.15 Mbit/s
Upload: 4.92 Mbit/s
Tue Aug 15 18:45:01 CEST 2017
Ping: 26.596 ms
Download: 107.79 Mbit/s
Upload: 5.53 Mbit/s
Tue Aug 15 19:45:01 CEST 2017
Ping: 30.258 ms
Download: 112.83 Mbit/s
Upload: 4.93 Mbit/s
Tue Aug 15 20:45:01 CEST 2017
Ping: 28.385 ms
Download: 120.58 Mbit/s
Upload: 5.34 Mbit/s
Tue Aug 15 21:45:01 CEST 2017
Ping: 26.528 ms
Download: 125.07 Mbit/s
Upload: 5.65 Mbit/s
Tue Aug 15 22:45:01 CEST 2017
Ping: 24.488 ms
Download: 126.07 Mbit/s
Upload: 5.64 Mbit/s
Tue Aug 15 23:45:01 CEST 2017
Ping: 24.957 ms
Download: 119.03 Mbit/s
Upload: 5.25 Mbit/s
Wed Aug 16 00:45:01 CEST 2017
Ping: 27.785 ms
Download: 112.95 Mbit/s
Upload: 5.61 Mbit/s
Wed Aug 16 01:45:01 CEST 2017
Ping: 29.028 ms
Download: 118.79 Mbit/s
Upload: 5.57 Mbit/s
Wed Aug 16 02:45:01 CEST 2017
Ping: 28.688 ms
Download: 120.55 Mbit/s
Upload: 5.35 Mbit/s
Wed Aug 16 03:45:01 CEST 2017
Ping: 27.107 ms
Download: 117.27 Mbit/s
Upload: 5.58 Mbit/s
Wed Aug 16 04:45:01 CEST 2017
Ping: 28.359 ms
Download: 110.26 Mbit/s
Upload: 5.60 Mbit/s
Wed Aug 16 05:45:01 CEST 2017
Ping: 24.686 ms
Download: 127.21 Mbit/s
Upload: 5.41 Mbit/s
Wed Aug 16 06:45:01 CEST 2017
Ping: 25.645 ms
Download: 120.88 Mbit/s
Upload: 5.66 Mbit/s
Wed Aug 16 07:45:01 CEST 2017
Ping: 25.37 ms
Download: 122.16 Mbit/s
Upload: 5.54 Mbit/s
Wed Aug 16 08:45:01 CEST 2017
Ping: 26.97 ms
Download: 66.18 Mbit/s
Upload: 5.59 Mbit/s
Wed Aug 16 09:45:01 CEST 2017
Ping: 26.757 ms
Download: 94.90 Mbit/s
Upload: 5.59 Mbit/s
Wed Aug 16 10:45:01 CEST 2017
Ping: 25.971 ms
Download: 117.23 Mbit/s
Upload: 5.55 Mbit/s
Wed Aug 16 11:45:01 CEST 2017
Ping: 27.076 ms
Download: 117.54 Mbit/s
Upload: 5.62 Mbit/s
Wed Aug 16 12:45:02 CEST 2017
Ping: 26.373 ms
Download: 125.17 Mbit/s
Upload: 5.64 Mbit/s
Wed Aug 16 13:45:01 CEST 2017
Ping: 25.725 ms
Download: 124.25 Mbit/s
Upload: 5.61 Mbit/s
Wed Aug 16 14:45:01 CEST 2017
Ping: 26.198 ms
Download: 116.04 Mbit/s
Upload: 5.40 Mbit/s
Wed Aug 16 15:45:01 CEST 2017
Ping: 24.231 ms
Download: 116.51 Mbit/s
Upload: 5.52 Mbit/s
Wed Aug 16 16:45:01 CEST 2017
Ping: 26.383 ms
Download: 117.78 Mbit/s
Upload: 5.60 Mbit/s
Wed Aug 16 17:45:01 CEST 2017
Ping: 25.69 ms
Download: 122.78 Mbit/s
Upload: 5.49 Mbit/s
Wed Aug 16 18:45:01 CEST 2017
Ping: 26.276 ms
Download: 114.80 Mbit/s
Upload: 5.56 Mbit/s
Wed Aug 16 19:45:01 CEST 2017
Ping: 29.787 ms
Download: 126.70 Mbit/s
Upload: 5.56 Mbit/s
Wed Aug 16 20:45:01 CEST 2017
Ping: 26.263 ms
Download: 121.14 Mbit/s
Upload: 5.55 Mbit/s
Wed Aug 16 21:45:01 CEST 2017
Ping: 29.624 ms
Download: 124.68 Mbit/s
Upload: 5.55 Mbit/s
Wed Aug 16 22:45:01 CEST 2017
Ping: 28.173 ms
Download: 113.76 Mbit/s
Upload: 5.57 Mbit/s
Wed Aug 16 23:45:01 CEST 2017
Ping: 29.102 ms
Download: 124.92 Mbit/s
Upload: 5.68 Mbit/s
Thu Aug 17 00:45:01 CEST 2017
Ping: 27.471 ms
Download: 120.99 Mbit/s
Upload: 5.64 Mbit/s
Thu Aug 17 01:45:01 CEST 2017
Ping: 25.81 ms
Download: 107.84 Mbit/s
Upload: 5.59 Mbit/s
Thu Aug 17 02:45:01 CEST 2017
Ping: 24.388 ms
Download: 127.32 Mbit/s
Upload: 5.67 Mbit/s
Thu Aug 17 03:45:01 CEST 2017
Ping: 25.803 ms
Download: 119.24 Mbit/s
Upload: 5.63 Mbit/s
Thu Aug 17 04:45:01 CEST 2017
Ping: 24.48 ms
Download: 125.08 Mbit/s
Upload: 5.61 Mbit/s
Thu Aug 17 05:45:01 CEST 2017
Ping: 26.242 ms
Download: 121.97 Mbit/s
Upload: 5.61 Mbit/s
Thu Aug 17 06:45:01 CEST 2017
Ping: 27.04 ms
Download: 125.41 Mbit/s
Upload: 5.61 Mbit/s
Thu Aug 17 07:45:01 CEST 2017
Ping: 26.922 ms
Download: 123.65 Mbit/s
Upload: 5.50 Mbit/s
Thu Aug 17 08:45:01 CEST 2017
Ping: 28.274 ms
Download: 120.65 Mbit/s
Upload: 5.54 Mbit/s
Thu Aug 17 09:45:01 CEST 2017
Ping: 26.314 ms
Download: 124.15 Mbit/s
Upload: 5.41 Mbit/s
Thu Aug 17 10:45:01 CEST 2017
Ping: 25.791 ms
Download: 117.41 Mbit/s
Upload: 5.62 Mbit/s
Thu Aug 17 11:45:01 CEST 2017
Ping: 26.634 ms
Download: 120.36 Mbit/s
Upload: 5.61 Mbit/s
Thu Aug 17 12:45:01 CEST 2017
Ping: 26.852 ms
Download: 118.51 Mbit/s
Upload: 5.27 Mbit/s
Thu Aug 17 13:45:01 CEST 2017
Ping: 28.761 ms
Download: 112.95 Mbit/s
Upload: 5.48 Mbit/s
Thu Aug 17 14:45:01 CEST 2017
Ping: 26.381 ms
Download: 113.27 Mbit/s
Upload: 5.43 Mbit/s
Thu Aug 17 15:45:01 CEST 2017
Ping: 28.521 ms
Download: 120.17 Mbit/s
Upload: 5.55 Mbit/s
Thu Aug 17 16:45:01 CEST 2017
Ping: 26.332 ms
Download: 126.07 Mbit/s
Upload: 5.22 Mbit/s
Thu Aug 17 17:45:01 CEST 2017
Ping: 29.758 ms
Download: 121.17 Mbit/s
Upload: 5.64 Mbit/s
Thu Aug 17 18:45:01 CEST 2017
Ping: 26.296 ms
Download: 123.50 Mbit/s
Upload: 5.57 Mbit/s
Thu Aug 17 19:45:01 CEST 2017
Ping: 26.572 ms
Download: 126.69 Mbit/s
Upload: 5.50 Mbit/s
Thu Aug 17 20:45:01 CEST 2017
Ping: 26.575 ms
Download: 118.58 Mbit/s
Upload: 5.56 Mbit/s
Thu Aug 17 21:45:01 CEST 2017
Ping: 25.095 ms
Download: 125.39 Mbit/s
Upload: 5.57 Mbit/s
Thu Aug 17 22:45:01 CEST 2017
Ping: 27.009 ms
Download: 113.63 Mbit/s
Upload: 5.59 Mbit/s
Thu Aug 17 23:45:01 CEST 2017
Ping: 26.652 ms
Download: 119.24 Mbit/s
Upload: 5.49 Mbit/s
Fri Aug 18 00:45:01 CEST 2017
Ping: 28.578 ms
Download: 110.95 Mbit/s
Upload: 5.51 Mbit/s
Fri Aug 18 01:45:01 CEST 2017
Ping: 26.3 ms
Download: 116.44 Mbit/s
Upload: 5.62 Mbit/s
Fri Aug 18 02:45:01 CEST 2017
Ping: 28.214 ms
Download: 126.71 Mbit/s
Upload: 5.63 Mbit/s
Fri Aug 18 03:45:01 CEST 2017
Ping: 27.152 ms
Download: 126.07 Mbit/s
Upload: 5.63 Mbit/s
Fri Aug 18 04:45:01 CEST 2017
Ping: 26.361 ms
Download: 120.92 Mbit/s
Upload: 5.59 Mbit/s
Fri Aug 18 05:45:01 CEST 2017
Ping: 25.793 ms
Download: 127.45 Mbit/s
Upload: 4.26 Mbit/s
Fri Aug 18 06:45:01 CEST 2017
Ping: 27.456 ms
Download: 117.51 Mbit/s
Upload: 5.61 Mbit/s
Fri Aug 18 07:45:01 CEST 2017
Ping: 24.163 ms
Download: 126.93 Mbit/s
Upload: 5.65 Mbit/s
Fri Aug 18 08:45:01 CEST 2017
Ping: 26.289 ms
Download: 114.78 Mbit/s
Upload: 5.18 Mbit/s
Fri Aug 18 09:45:01 CEST 2017
Ping: 27.394 ms
Download: 124.23 Mbit/s
Upload: 5.61 Mbit/s
Fri Aug 18 10:45:01 CEST 2017
Ping: 27.532 ms
Download: 117.12 Mbit/s
Upload: 5.50 Mbit/s
Fri Aug 18 11:45:02 CEST 2017
Ping: 27.123 ms
Download: 119.63 Mbit/s
Upload: 5.62 Mbit/s
Fri Aug 18 12:45:01 CEST 2017
Ping: 26.624 ms
Download: 115.91 Mbit/s
Upload: 5.60 Mbit/s
Fri Aug 18 13:45:01 CEST 2017
Ping: 25.568 ms
Download: 124.68 Mbit/s
Upload: 5.48 Mbit/s
Fri Aug 18 14:45:01 CEST 2017
Ping: 25.735 ms
Download: 122.31 Mbit/s
Upload: 5.48 Mbit/s
Fri Aug 18 15:45:01 CEST 2017
Ping: 26.365 ms
Download: 124.12 Mbit/s
Upload: 5.62 Mbit/s
Fri Aug 18 16:45:01 CEST 2017
Ping: 25.918 ms
Download: 126.03 Mbit/s
Upload: 5.53 Mbit/s
Fri Aug 18 17:45:01 CEST 2017
Ping: 26.202 ms
Download: 86.65 Mbit/s
Upload: 5.02 Mbit/s
Fri Aug 18 18:45:01 CEST 2017
Ping: 29.101 ms
Download: 119.79 Mbit/s
Upload: 5.50 Mbit/s
Fri Aug 18 19:45:01 CEST 2017
Ping: 28.389 ms
Download: 126.37 Mbit/s
Upload: 5.57 Mbit/s
Fri Aug 18 20:45:01 CEST 2017
Ping: 26.853 ms
Download: 111.53 Mbit/s
Upload: 5.58 Mbit/s
Fri Aug 18 21:45:01 CEST 2017
Ping: 26.558 ms
Download: 117.57 Mbit/s
Upload: 5.57 Mbit/s
Fri Aug 18 22:45:01 CEST 2017
Ping: 27.669 ms
Download: 86.71 Mbit/s
Upload: 5.61 Mbit/s
Fri Aug 18 23:45:01 CEST 2017
Ping: 27.979 ms
Download: 81.60 Mbit/s
Upload: 5.47 Mbit/s
Sat Aug 19 00:45:01 CEST 2017
Ping: 27.065 ms
Download: 123.78 Mbit/s
Upload: 5.63 Mbit/s
Sat Aug 19 01:45:01 CEST 2017
Ping: 27.7 ms
Download: 125.79 Mbit/s
Upload: 5.56 Mbit/s
Sat Aug 19 02:45:01 CEST 2017
Ping: 28.508 ms
Download: 121.32 Mbit/s
Upload: 5.52 Mbit/s
Sat Aug 19 03:45:01 CEST 2017
Ping: 26.504 ms
Download: 118.60 Mbit/s
Upload: 5.54 Mbit/s
Sat Aug 19 04:45:01 CEST 2017
Ping: 29.91 ms
Download: 120.20 Mbit/s
Upload: 5.58 Mbit/s
Sat Aug 19 05:45:02 CEST 2017
Ping: 27.379 ms
Download: 123.23 Mbit/s
Upload: 5.64 Mbit/s
Sat Aug 19 06:45:01 CEST 2017
Ping: 26.524 ms
Download: 125.42 Mbit/s
Upload: 5.62 Mbit/s
Sat Aug 19 07:45:01 CEST 2017
Ping: 26.385 ms
Download: 126.72 Mbit/s
Upload: 5.50 Mbit/s
Sat Aug 19 08:45:01 CEST 2017
Ping: 27.821 ms
Download: 114.08 Mbit/s
Upload: 5.46 Mbit/s
Sat Aug 19 09:45:01 CEST 2017
Ping: 25.699 ms
Download: 121.08 Mbit/s
Upload: 5.43 Mbit/s
Sat Aug 19 10:45:01 CEST 2017
Ping: 26.728 ms
Download: 122.49 Mbit/s
Upload: 5.64 Mbit/s
Sat Aug 19 11:45:01 CEST 2017
Ping: 26.552 ms
Download: 127.39 Mbit/s
Upload: 5.51 Mbit/s
Sat Aug 19 12:45:01 CEST 2017
Ping: 28.383 ms
Download: 109.37 Mbit/s
Upload: 5.58 Mbit/s
Sat Aug 19 13:45:01 CEST 2017
Ping: 30.539 ms
Download: 122.89 Mbit/s
Upload: 5.57 Mbit/s
Sat Aug 19 14:45:01 CEST 2017
Ping: 26.714 ms
Download: 117.80 Mbit/s
Upload: 4.20 Mbit/s
Sat Aug 19 15:45:01 CEST 2017
Ping: 25.438 ms
Download: 125.81 Mbit/s
Upload: 4.76 Mbit/s
Sat Aug 19 16:45:01 CEST 2017
Ping: 25.642 ms
Download: 126.49 Mbit/s
Upload: 5.63 Mbit/s
Sat Aug 19 17:45:01 CEST 2017
Ping: 27.087 ms
Download: 119.79 Mbit/s
Upload: 5.44 Mbit/s
Sat Aug 19 18:45:01 CEST 2017
Ping: 25.42 ms
Download: 103.65 Mbit/s
Upload: 5.54 Mbit/s
Sat Aug 19 19:45:01 CEST 2017
Ping: 25.683 ms
Download: 123.71 Mbit/s
Upload: 4.94 Mbit/s
Sat Aug 19 20:45:01 CEST 2017
Ping: 26.964 ms
Download: 106.65 Mbit/s
Upload: 5.61 Mbit/s
Sat Aug 19 21:45:01 CEST 2017
Ping: 28.821 ms
Download: 119.12 Mbit/s
Upload: 5.63 Mbit/s
Sat Aug 19 22:45:01 CEST 2017
Ping: 26.406 ms
Download: 125.33 Mbit/s
Upload: 5.50 Mbit/s
Sat Aug 19 23:45:01 CEST 2017
Ping: 23.247 ms
Download: 122.62 Mbit/s
Upload: 5.60 Mbit/s
Sun Aug 20 00:45:01 CEST 2017
Ping: 29.288 ms
Download: 117.62 Mbit/s
Upload: 5.69 Mbit/s
Sun Aug 20 01:45:01 CEST 2017
Ping: 28.527 ms
Download: 126.89 Mbit/s
Upload: 5.61 Mbit/s
Sun Aug 20 02:45:01 CEST 2017
Ping: 26.933 ms
Download: 124.37 Mbit/s
Upload: 5.59 Mbit/s
Sun Aug 20 03:45:02 CEST 2017
Ping: 27.683 ms
Download: 122.57 Mbit/s
Upload: 5.61 Mbit/s
Sun Aug 20 04:45:01 CEST 2017
Ping: 26.377 ms
Download: 126.36 Mbit/s
Upload: 5.65 Mbit/s
Sun Aug 20 05:45:01 CEST 2017
Ping: 24.996 ms
Download: 122.47 Mbit/s
Upload: 5.59 Mbit/s
Sun Aug 20 06:45:01 CEST 2017
Ping: 29.461 ms
Download: 124.64 Mbit/s
Upload: 5.56 Mbit/s
Sun Aug 20 07:45:02 CEST 2017
Ping: 25.362 ms
Download: 118.71 Mbit/s
Upload: 5.63 Mbit/s
Sun Aug 20 08:45:01 CEST 2017
Ping: 27.32 ms
Download: 109.71 Mbit/s
Upload: 5.45 Mbit/s
Sun Aug 20 09:45:01 CEST 2017
Ping: 27.717 ms
Download: 109.19 Mbit/s
Upload: 5.19 Mbit/s
Sun Aug 20 10:45:01 CEST 2017
Ping: 26.045 ms
Download: 125.47 Mbit/s
Upload: 5.63 Mbit/s
Sun Aug 20 11:45:01 CEST 2017
Ping: 25.485 ms
Download: 126.59 Mbit/s
Upload: 5.06 Mbit/s
Sun Aug 20 12:45:01 CEST 2017
Ping: 27.719 ms
Download: 109.55 Mbit/s
Upload: 5.64 Mbit/s
Sun Aug 20 13:45:01 CEST 2017
Ping: 26.583 ms
Download: 123.03 Mbit/s
Upload: 5.54 Mbit/s
Sun Aug 20 14:45:01 CEST 2017
Ping: 28.803 ms
Download: 120.45 Mbit/s
Upload: 5.63 Mbit/s
Sun Aug 20 15:45:01 CEST 2017
Ping: 27.408 ms
Download: 115.82 Mbit/s
Upload: 5.65 Mbit/s
Sun Aug 20 16:45:01 CEST 2017
Ping: 27.7 ms
Download: 93.02 Mbit/s
Upload: 5.56 Mbit/s
Sun Aug 20 17:45:01 CEST 2017
Ping: 26.376 ms
Download: 122.82 Mbit/s
Upload: 5.58 Mbit/s
Sun Aug 20 18:45:01 CEST 2017
Ping: 27.72 ms
Download: 122.04 Mbit/s
Upload: 5.60 Mbit/s
Sun Aug 20 19:45:01 CEST 2017
Ping: 27.893 ms
Download: 125.69 Mbit/s
Upload: 5.60 Mbit/s
Sun Aug 20 20:45:01 CEST 2017
Ping: 27.126 ms
Download: 126.74 Mbit/s
Upload: 5.59 Mbit/s
Sun Aug 20 21:45:01 CEST 2017
Ping: 26.888 ms
Download: 112.41 Mbit/s
Upload: 5.31 Mbit/s
Sun Aug 20 22:45:01 CEST 2017
Ping: 26.822 ms
Download: 126.53 Mbit/s
Upload: 5.63 Mbit/s
Sun Aug 20 23:45:01 CEST 2017
Ping: 24.736 ms
Download: 124.36 Mbit/s
Upload: 4.26 Mbit/s
Mon Aug 21 00:45:02 CEST 2017
Ping: 26.45 ms
Download: 112.88 Mbit/s
Upload: 5.38 Mbit/s
Mon Aug 21 01:45:01 CEST 2017
Ping: 27.473 ms
Download: 124.95 Mbit/s
Upload: 5.63 Mbit/s
Mon Aug 21 02:45:01 CEST 2017
Ping: 28.269 ms
Download: 96.06 Mbit/s
Upload: 5.62 Mbit/s
Mon Aug 21 03:45:01 CEST 2017
Ping: 26.912 ms
Download: 109.58 Mbit/s
Upload: 5.61 Mbit/s
Mon Aug 21 04:45:01 CEST 2017
Ping: 26.108 ms
Download: 124.87 Mbit/s
Upload: 5.59 Mbit/s
Mon Aug 21 05:45:01 CEST 2017
Ping: 26.436 ms
Download: 124.35 Mbit/s
Upload: 5.67 Mbit/s
Mon Aug 21 06:45:01 CEST 2017
Ping: 26.253 ms
Download: 123.67 Mbit/s
Upload: 5.32 Mbit/s
Mon Aug 21 07:45:01 CEST 2017
Ping: 25.612 ms
Download: 119.68 Mbit/s
Upload: 5.61 Mbit/s
Mon Aug 21 08:45:01 CEST 2017
Ping: 26.916 ms
Download: 123.89 Mbit/s
Upload: 5.51 Mbit/s
Mon Aug 21 09:45:01 CEST 2017
Ping: 26.875 ms
Download: 123.14 Mbit/s
Upload: 2.75 Mbit/s
Mon Aug 21 10:45:01 CEST 2017
Ping: 26.619 ms
Download: 123.00 Mbit/s
Upload: 5.46 Mbit/s
Mon Aug 21 11:45:02 CEST 2017
Ping: 25.188 ms
Download: 120.67 Mbit/s
Upload: 5.59 Mbit/s
Mon Aug 21 12:45:01 CEST 2017
Ping: 28.173 ms
Download: 125.33 Mbit/s
Upload: 5.61 Mbit/s
Mon Aug 21 13:45:01 CEST 2017
Ping: 26.11 ms
Download: 105.64 Mbit/s
Upload: 5.63 Mbit/s
Mon Aug 21 14:45:01 CEST 2017
Ping: 25.037 ms
Download: 121.97 Mbit/s
Upload: 5.58 Mbit/s
Mon Aug 21 15:45:01 CEST 2017
Ping: 26.602 ms
Download: 126.49 Mbit/s
Upload: 5.57 Mbit/s
Mon Aug 21 16:45:01 CEST 2017
Ping: 29.955 ms
Download: 120.48 Mbit/s
Upload: 5.59 Mbit/s
Mon Aug 21 17:45:01 CEST 2017
Ping: 27.327 ms
Download: 111.56 Mbit/s
Upload: 5.58 Mbit/s
Mon Aug 21 18:45:01 CEST 2017
Ping: 29.695 ms
Download: 119.44 Mbit/s
Upload: 5.38 Mbit/s
Mon Aug 21 19:45:01 CEST 2017
Ping: 26.392 ms
Download: 127.90 Mbit/s
Upload: 5.56 Mbit/s
Mon Aug 21 20:45:01 CEST 2017
Ping: 27.139 ms
Download: 115.48 Mbit/s
Upload: 5.57 Mbit/s
Mon Aug 21 21:45:01 CEST 2017
Ping: 26.522 ms
Download: 126.74 Mbit/s
Upload: 5.63 Mbit/s
Mon Aug 21 22:45:01 CEST 2017
Ping: 26.385 ms
Download: 123.97 Mbit/s
Upload: 5.64 Mbit/s
Mon Aug 21 23:45:01 CEST 2017
Ping: 25.168 ms
Download: 124.79 Mbit/s
Upload: 5.63 Mbit/s
Tue Aug 22 00:45:01 CEST 2017
Ping: 26.936 ms
Download: 121.85 Mbit/s
Upload: 5.47 Mbit/s
Tue Aug 22 01:45:01 CEST 2017
Ping: 22.062 ms
Download: 119.62 Mbit/s
Upload: 5.59 Mbit/s
Tue Aug 22 02:45:01 CEST 2017
Ping: 24.814 ms
Download: 126.37 Mbit/s
Upload: 5.63 Mbit/s
Tue Aug 22 03:45:01 CEST 2017
Ping: 29.603 ms
Download: 118.34 Mbit/s
Upload: 5.60 Mbit/s
Tue Aug 22 04:45:02 CEST 2017
Ping: 27.424 ms
Download: 118.83 Mbit/s
Upload: 5.60 Mbit/s
Tue Aug 22 05:45:01 CEST 2017
Ping: 22.222 ms
Download: 121.89 Mbit/s
Upload: 5.52 Mbit/s
Tue Aug 22 06:45:01 CEST 2017
Ping: 28.247 ms
Download: 119.75 Mbit/s
Upload: 5.49 Mbit/s
Tue Aug 22 07:45:01 CEST 2017
Ping: 25.801 ms
Download: 124.03 Mbit/s
Upload: 5.60 Mbit/s
Tue Aug 22 08:45:01 CEST 2017
Ping: 26.72 ms
Download: 118.59 Mbit/s
Upload: 5.60 Mbit/s
Tue Aug 22 09:45:01 CEST 2017
Ping: 26.299 ms
Download: 94.77 Mbit/s
Upload: 5.58 Mbit/s
Tue Aug 22 10:45:01 CEST 2017
Ping: 25.508 ms
Download: 126.43 Mbit/s
Upload: 5.60 Mbit/s
Tue Aug 22 11:45:01 CEST 2017
Ping: 26.042 ms
Download: 117.94 Mbit/s
Upload: 3.97 Mbit/s
Tue Aug 22 12:45:02 CEST 2017
Ping: 26.382 ms
Download: 106.52 Mbit/s
Upload: 5.63 Mbit/s
Tue Aug 22 13:45:01 CEST 2017
Ping: 28.54 ms
Download: 124.13 Mbit/s
Upload: 5.53 Mbit/s
Tue Aug 22 14:45:02 CEST 2017
Ping: 27.578 ms
Download: 98.24 Mbit/s
Upload: 5.59 Mbit/s
Tue Aug 22 15:45:01 CEST 2017
Ping: 27.511 ms
Download: 125.73 Mbit/s
Upload: 5.61 Mbit/s
Tue Aug 22 16:45:01 CEST 2017
Ping: 28.175 ms
Download: 124.78 Mbit/s
Upload: 5.54 Mbit/s
Tue Aug 22 17:45:01 CEST 2017
Ping: 27.413 ms
Download: 124.06 Mbit/s
Upload: 5.62 Mbit/s
Tue Aug 22 18:45:01 CEST 2017
Ping: 28.717 ms
Download: 124.81 Mbit/s
Upload: 5.61 Mbit/s
Tue Aug 22 19:45:01 CEST 2017
Ping: 23.077 ms
Download: 123.46 Mbit/s
Upload: 5.62 Mbit/s
Tue Aug 22 20:45:01 CEST 2017
Ping: 27.154 ms
Download: 121.90 Mbit/s
Upload: 5.38 Mbit/s
Tue Aug 22 21:45:01 CEST 2017
Ping: 25.735 ms
Download: 126.79 Mbit/s
Upload: 5.57 Mbit/s
Tue Aug 22 22:45:01 CEST 2017
Ping: 29.106 ms
Download: 118.82 Mbit/s
Upload: 5.45 Mbit/s
Tue Aug 22 23:45:01 CEST 2017
Ping: 27.915 ms
Download: 127.25 Mbit/s
Upload: 5.67 Mbit/s
Wed Aug 23 00:45:01 CEST 2017
Ping: 29.597 ms
Download: 110.05 Mbit/s
Upload: 5.61 Mbit/s
Wed Aug 23 01:45:01 CEST 2017
Ping: 26.797 ms
Download: 114.05 Mbit/s
Upload: 5.61 Mbit/s
Wed Aug 23 02:45:01 CEST 2017
Ping: 20.527 ms
Download: 109.31 Mbit/s
Upload: 5.61 Mbit/s
Wed Aug 23 03:45:01 CEST 2017
Ping: 28.194 ms
Download: 117.65 Mbit/s
Upload: 5.68 Mbit/s
Wed Aug 23 04:45:01 CEST 2017
Ping: 27.071 ms
Download: 118.80 Mbit/s
Upload: 5.58 Mbit/s
Wed Aug 23 05:45:01 CEST 2017
Ping: 27.365 ms
Download: 118.35 Mbit/s
Upload: 5.59 Mbit/s
Wed Aug 23 06:45:01 CEST 2017
Ping: 26.535 ms
Download: 115.16 Mbit/s
Upload: 5.58 Mbit/s
Wed Aug 23 07:45:01 CEST 2017
Ping: 26.362 ms
Download: 124.05 Mbit/s
Upload: 5.64 Mbit/s
Wed Aug 23 08:45:01 CEST 2017
Ping: 24.833 ms
Download: 122.48 Mbit/s
Upload: 5.50 Mbit/s
Wed Aug 23 09:45:01 CEST 2017
Ping: 27.776 ms
Download: 112.16 Mbit/s
Upload: 5.50 Mbit/s
Wed Aug 23 10:45:01 CEST 2017
Ping: 30.264 ms
Download: 126.31 Mbit/s
Upload: 5.31 Mbit/s
Wed Aug 23 11:45:01 CEST 2017
Ping: 26.398 ms
Download: 117.73 Mbit/s
Upload: 4.03 Mbit/s
Wed Aug 23 12:45:01 CEST 2017
Ping: 25.07 ms
Download: 123.98 Mbit/s
Upload: 5.64 Mbit/s
Wed Aug 23 13:45:01 CEST 2017
Ping: 26.753 ms
Download: 123.81 Mbit/s
Upload: 5.59 Mbit/s
Wed Aug 23 14:45:01 CEST 2017
Ping: 24.809 ms
Download: 120.58 Mbit/s
Upload: 5.62 Mbit/s
Wed Aug 23 15:45:01 CEST 2017
Ping: 28.241 ms
Download: 109.10 Mbit/s
Upload: 5.55 Mbit/s
Wed Aug 23 16:45:01 CEST 2017
Ping: 27.389 ms
Download: 111.71 Mbit/s
Upload: 5.57 Mbit/s
Wed Aug 23 17:45:01 CEST 2017
Ping: 27.825 ms
Download: 120.42 Mbit/s
Upload: 5.62 Mbit/s
Wed Aug 23 18:45:01 CEST 2017
Ping: 27.587 ms
Download: 83.47 Mbit/s
Upload: 5.09 Mbit/s
Wed Aug 23 19:45:02 CEST 2017
Ping: 27.641 ms
Download: 126.23 Mbit/s
Upload: 5.63 Mbit/s
Wed Aug 23 20:45:01 CEST 2017
Ping: 27.029 ms
Download: 118.29 Mbit/s
Upload: 5.55 Mbit/s
Wed Aug 23 21:45:01 CEST 2017
Ping: 29.098 ms
Download: 125.09 Mbit/s
Upload: 5.54 Mbit/s
Wed Aug 23 22:45:01 CEST 2017
Ping: 28.026 ms
Download: 118.74 Mbit/s
Upload: 5.62 Mbit/s
Wed Aug 23 23:45:01 CEST 2017
Ping: 26.51 ms
Download: 115.21 Mbit/s
Upload: 5.42 Mbit/s
Thu Aug 24 00:45:01 CEST 2017
Ping: 28.049 ms
Download: 113.69 Mbit/s
Upload: 5.60 Mbit/s
Thu Aug 24 01:45:01 CEST 2017
Ping: 26.388 ms
Download: 101.70 Mbit/s
Upload: 5.63 Mbit/s
Thu Aug 24 02:45:01 CEST 2017
Ping: 26.423 ms
Download: 123.04 Mbit/s
Upload: 5.59 Mbit/s
Thu Aug 24 03:45:01 CEST 2017
Ping: 29.174 ms
Download: 122.41 Mbit/s
Upload: 5.60 Mbit/s
Thu Aug 24 04:45:02 CEST 2017
Ping: 29.629 ms
Download: 107.56 Mbit/s
Upload: 5.60 Mbit/s
Thu Aug 24 05:45:01 CEST 2017
Ping: 27.358 ms
Download: 121.08 Mbit/s
Upload: 5.65 Mbit/s
Thu Aug 24 06:45:01 CEST 2017
Ping: 28.306 ms
Download: 108.83 Mbit/s
Upload: 5.64 Mbit/s
Thu Aug 24 07:45:01 CEST 2017
Ping: 27.872 ms
Download: 122.39 Mbit/s
Upload: 5.62 Mbit/s
Thu Aug 24 08:45:01 CEST 2017
Ping: 28.519 ms
Download: 126.32 Mbit/s
Upload: 5.62 Mbit/s
Thu Aug 24 09:45:01 CEST 2017
Ping: 28.594 ms
Download: 89.48 Mbit/s
Upload: 5.62 Mbit/s
Thu Aug 24 10:45:01 CEST 2017
Ping: 28.562 ms
Download: 117.86 Mbit/s
Upload: 5.57 Mbit/s
Thu Aug 24 11:45:01 CEST 2017
Ping: 27.194 ms
Download: 127.49 Mbit/s
Upload: 5.66 Mbit/s
Thu Aug 24 12:45:01 CEST 2017
Ping: 24.98 ms
Download: 127.82 Mbit/s
Upload: 5.33 Mbit/s
Thu Aug 24 13:45:01 CEST 2017
Ping: 25.541 ms
Download: 124.97 Mbit/s
Upload: 5.63 Mbit/s
Thu Aug 24 14:45:01 CEST 2017
Ping: 27.259 ms
Download: 124.52 Mbit/s
Upload: 5.61 Mbit/s
Thu Aug 24 15:45:01 CEST 2017
Ping: 27.958 ms
Download: 125.77 Mbit/s
Upload: 4.02 Mbit/s
Thu Aug 24 16:45:01 CEST 2017
Ping: 30.015 ms
Download: 108.11 Mbit/s
Upload: 5.58 Mbit/s
Thu Aug 24 17:45:01 CEST 2017
Ping: 28.086 ms
Download: 72.36 Mbit/s
Upload: 5.64 Mbit/s
Thu Aug 24 18:45:01 CEST 2017
Ping: 26.367 ms
Download: 125.94 Mbit/s
Upload: 5.62 Mbit/s
Thu Aug 24 19:45:01 CEST 2017
Ping: 27.878 ms
Download: 125.02 Mbit/s
Upload: 5.42 Mbit/s
Thu Aug 24 20:45:01 CEST 2017
Ping: 25.949 ms
Download: 119.22 Mbit/s
Upload: 5.56 Mbit/s
Thu Aug 24 21:45:01 CEST 2017
Ping: 24.769 ms
Download: 125.90 Mbit/s
Upload: 5.53 Mbit/s
Thu Aug 24 22:45:01 CEST 2017
Ping: 25.209 ms
Download: 126.95 Mbit/s
Upload: 5.61 Mbit/s
Thu Aug 24 23:45:01 CEST 2017
Ping: 26.379 ms
Download: 117.12 Mbit/s
Upload: 5.54 Mbit/s
Fri Aug 25 00:45:01 CEST 2017
Ping: 26.437 ms
Download: 127.54 Mbit/s
Upload: 5.64 Mbit/s
Fri Aug 25 01:45:01 CEST 2017
Ping: 25.389 ms
Download: 127.84 Mbit/s
Upload: 5.48 Mbit/s
Fri Aug 25 02:45:01 CEST 2017
Ping: 25.769 ms
Download: 127.75 Mbit/s
Upload: 5.66 Mbit/s
Fri Aug 25 03:45:01 CEST 2017
Ping: 24.733 ms
Download: 127.67 Mbit/s
Upload: 5.64 Mbit/s
Fri Aug 25 04:45:01 CEST 2017
Ping: 25.79 ms
Download: 127.69 Mbit/s
Upload: 5.65 Mbit/s
Fri Aug 25 05:45:01 CEST 2017
Ping: 23.05 ms
Download: 125.82 Mbit/s
Upload: 5.22 Mbit/s
Fri Aug 25 06:45:02 CEST 2017
Ping: 25.821 ms
Download: 116.16 Mbit/s
Upload: 5.60 Mbit/s
Fri Aug 25 07:45:01 CEST 2017
Ping: 23.71 ms
Download: 109.05 Mbit/s
Upload: 5.64 Mbit/s
Fri Aug 25 08:45:01 CEST 2017
Ping: 23.446 ms
Download: 127.52 Mbit/s
Upload: 5.65 Mbit/s
Fri Aug 25 09:45:01 CEST 2017
Ping: 26.474 ms
Download: 123.53 Mbit/s
Upload: 5.64 Mbit/s
Fri Aug 25 10:45:01 CEST 2017
Ping: 26.384 ms
Download: 125.52 Mbit/s
Upload: 5.61 Mbit/s
Fri Aug 25 11:45:01 CEST 2017
Ping: 23.696 ms
Download: 127.73 Mbit/s
Upload: 5.01 Mbit/s
Fri Aug 25 12:45:02 CEST 2017
Ping: 30.51 ms
Download: 123.65 Mbit/s
Upload: 5.62 Mbit/s
Fri Aug 25 13:45:02 CEST 2017
Ping: 24.398 ms
Download: 127.48 Mbit/s
Upload: 5.52 Mbit/s
Fri Aug 25 14:45:01 CEST 2017
Ping: 21.848 ms
Download: 127.47 Mbit/s
Upload: 5.57 Mbit/s
Fri Aug 25 15:45:02 CEST 2017
Ping: 26.832 ms
Download: 124.22 Mbit/s
Upload: 5.58 Mbit/s
Fri Aug 25 16:45:01 CEST 2017
Ping: 25.456 ms
Download: 124.21 Mbit/s
Upload: 5.07 Mbit/s
Fri Aug 25 17:45:01 CEST 2017
Ping: 25.033 ms
Download: 123.35 Mbit/s
Upload: 4.98 Mbit/s
Fri Aug 25 18:45:01 CEST 2017
Ping: 26.38 ms
Download: 127.48 Mbit/s
Upload: 5.56 Mbit/s
Fri Aug 25 19:45:01 CEST 2017
Ping: 27.061 ms
Download: 125.03 Mbit/s
Upload: 5.61 Mbit/s
Fri Aug 25 20:45:01 CEST 2017
Ping: 25.657 ms
Download: 126.25 Mbit/s
Upload: 5.57 Mbit/s
Fri Aug 25 21:45:01 CEST 2017
Ping: 26.371 ms
Download: 96.82 Mbit/s
Upload: 3.90 Mbit/s
Fri Aug 25 22:45:01 CEST 2017
Ping: 25.138 ms
Download: 125.46 Mbit/s
Upload: 5.57 Mbit/s
Fri Aug 25 23:45:01 CEST 2017
Ping: 25.176 ms
Download: 118.27 Mbit/s
Upload: 5.59 Mbit/s
Sat Aug 26 00:45:01 CEST 2017
Ping: 25.033 ms
Download: 127.73 Mbit/s
Upload: 5.64 Mbit/s
Sat Aug 26 01:45:01 CEST 2017
Ping: 23.579 ms
Download: 127.82 Mbit/s
Upload: 5.54 Mbit/s
Sat Aug 26 02:45:01 CEST 2017
Ping: 23.165 ms
Download: 126.05 Mbit/s
Upload: 5.57 Mbit/s
Sat Aug 26 03:45:01 CEST 2017
Ping: 25.559 ms
Download: 128.08 Mbit/s
Upload: 5.56 Mbit/s
Sat Aug 26 04:45:01 CEST 2017
Ping: 24.902 ms
Download: 122.40 Mbit/s
Upload: 5.60 Mbit/s
Sat Aug 26 05:45:01 CEST 2017
Ping: 25.052 ms
Download: 122.94 Mbit/s
Upload: 4.70 Mbit/s
Sat Aug 26 06:45:01 CEST 2017
Ping: 24.9 ms
Download: 125.61 Mbit/s
Upload: 5.61 Mbit/s
Sat Aug 26 07:45:01 CEST 2017
Ping: 24.931 ms
Download: 119.68 Mbit/s
Upload: 5.52 Mbit/s
Sat Aug 26 08:45:01 CEST 2017
Ping: 24.581 ms
Download: 118.45 Mbit/s
Upload: 5.55 Mbit/s
Sat Aug 26 09:45:01 CEST 2017
Ping: 25.856 ms
Download: 111.52 Mbit/s
Upload: 5.58 Mbit/s
Sat Aug 26 10:45:01 CEST 2017
Ping: 26.386 ms
Download: 112.49 Mbit/s
Upload: 5.62 Mbit/s
Sat Aug 26 11:45:01 CEST 2017
Ping: 25.71 ms
Download: 127.25 Mbit/s
Upload: 5.47 Mbit/s
Sat Aug 26 12:45:01 CEST 2017
Ping: 26.019 ms
Download: 126.23 Mbit/s
Upload: 5.54 Mbit/s
Sat Aug 26 13:45:01 CEST 2017
Ping: 26.366 ms
Download: 127.88 Mbit/s
Upload: 5.63 Mbit/s
Sat Aug 26 14:45:01 CEST 2017
Ping: 25.052 ms
Download: 122.31 Mbit/s
Upload: 5.56 Mbit/s
Sat Aug 26 15:45:01 CEST 2017
Ping: 23.947 ms
Download: 127.44 Mbit/s
Upload: 5.45 Mbit/s
Sat Aug 26 16:45:01 CEST 2017
Ping: 27.877 ms
Download: 126.71 Mbit/s
Upload: 5.58 Mbit/s
Sat Aug 26 17:45:01 CEST 2017
Ping: 28.041 ms
Download: 125.91 Mbit/s
Upload: 5.59 Mbit/s
Sat Aug 26 18:45:01 CEST 2017
Ping: 26.604 ms
Download: 122.83 Mbit/s
Upload: 5.63 Mbit/s
Sat Aug 26 19:45:01 CEST 2017
Ping: 25.007 ms
Download: 127.41 Mbit/s
Upload: 5.59 Mbit/s
Sat Aug 26 20:45:01 CEST 2017
Ping: 22.413 ms
Download: 123.24 Mbit/s
Upload: 3.38 Mbit/s
Sat Aug 26 21:45:01 CEST 2017
Ping: 26.776 ms
Download: 122.05 Mbit/s
Upload: 5.58 Mbit/s
Sat Aug 26 22:45:01 CEST 2017
Ping: 25.605 ms
Download: 127.47 Mbit/s
Upload: 5.65 Mbit/s
Sat Aug 26 23:45:01 CEST 2017
Ping: 23.31 ms
Download: 126.63 Mbit/s
Upload: 5.64 Mbit/s
Sun Aug 27 00:45:01 CEST 2017
Ping: 24.715 ms
Download: 125.53 Mbit/s
Upload: 5.65 Mbit/s
Sun Aug 27 01:45:01 CEST 2017
Ping: 24.756 ms
Download: 116.16 Mbit/s
Upload: 5.68 Mbit/s
Sun Aug 27 02:45:01 CEST 2017
Ping: 25.051 ms
Download: 127.38 Mbit/s
Upload: 5.64 Mbit/s
Sun Aug 27 03:45:01 CEST 2017
Ping: 22.267 ms
Download: 123.30 Mbit/s
Upload: 5.63 Mbit/s
Sun Aug 27 04:45:01 CEST 2017
Ping: 23.253 ms
Download: 128.07 Mbit/s
Upload: 5.59 Mbit/s
Sun Aug 27 05:45:01 CEST 2017
Ping: 22.002 ms
Download: 122.99 Mbit/s
Upload: 5.65 Mbit/s
Sun Aug 27 06:45:01 CEST 2017
Ping: 25.238 ms
Download: 126.20 Mbit/s
Upload: 5.58 Mbit/s
Sun Aug 27 07:45:01 CEST 2017
Ping: 26.03 ms
Download: 126.49 Mbit/s
Upload: 4.31 Mbit/s
Sun Aug 27 08:45:01 CEST 2017
Ping: 24.77 ms
Download: 117.39 Mbit/s
Upload: 5.58 Mbit/s
Sun Aug 27 09:45:01 CEST 2017
Ping: 24.851 ms
Download: 123.14 Mbit/s
Upload: 5.53 Mbit/s
Sun Aug 27 10:45:01 CEST 2017
Ping: 23.724 ms
Download: 127.29 Mbit/s
Upload: 5.62 Mbit/s
Sun Aug 27 11:45:01 CEST 2017
Ping: 27.214 ms
Download: 121.56 Mbit/s
Upload: 5.62 Mbit/s
Sun Aug 27 12:45:01 CEST 2017
Ping: 26.111 ms
Download: 127.97 Mbit/s
Upload: 5.62 Mbit/s
Sun Aug 27 13:45:01 CEST 2017
Ping: 24.549 ms
Download: 121.66 Mbit/s
Upload: 5.58 Mbit/s
Sun Aug 27 14:45:01 CEST 2017
Ping: 25.636 ms
Download: 127.00 Mbit/s
Upload: 5.59 Mbit/s
Sun Aug 27 15:45:01 CEST 2017
Ping: 24.787 ms
Download: 126.86 Mbit/s
Upload: 5.63 Mbit/s
Sun Aug 27 16:45:01 CEST 2017
Ping: 26.356 ms
Download: 126.85 Mbit/s
Upload: 5.62 Mbit/s
Sun Aug 27 17:45:01 CEST 2017
Ping: 25.529 ms
Download: 125.95 Mbit/s
Upload: 5.56 Mbit/s
Sun Aug 27 18:45:01 CEST 2017
Ping: 26.388 ms
Download: 127.57 Mbit/s
Upload: 5.61 Mbit/s
Sun Aug 27 19:45:01 CEST 2017
Ping: 25.566 ms
Download: 126.49 Mbit/s
Upload: 5.63 Mbit/s
Sun Aug 27 20:45:01 CEST 2017
Ping: 25.701 ms
Download: 127.17 Mbit/s
Upload: 5.61 Mbit/s
Sun Aug 27 21:45:02 CEST 2017
Ping: 27.711 ms
Download: 104.84 Mbit/s
Upload: 5.03 Mbit/s
Sun Aug 27 22:45:01 CEST 2017
Ping: 23.996 ms
Download: 124.97 Mbit/s
Upload: 5.67 Mbit/s
Sun Aug 27 23:45:01 CEST 2017
Ping: 24.764 ms
Download: 122.39 Mbit/s
Upload: 5.61 Mbit/s
Mon Aug 28 00:45:01 CEST 2017
Ping: 26.448 ms
Download: 127.12 Mbit/s
Upload: 5.62 Mbit/s
Mon Aug 28 01:45:01 CEST 2017
Ping: 26.369 ms
Download: 126.36 Mbit/s
Upload: 5.58 Mbit/s
Mon Aug 28 02:45:01 CEST 2017
Ping: 25.032 ms
Download: 89.35 Mbit/s
Upload: 5.58 Mbit/s
Mon Aug 28 03:45:01 CEST 2017
Ping: 25.047 ms
Download: 128.04 Mbit/s
Upload: 5.63 Mbit/s
Mon Aug 28 04:45:01 CEST 2017
Ping: 24.694 ms
Download: 127.34 Mbit/s
Upload: 5.64 Mbit/s
Mon Aug 28 05:45:02 CEST 2017
Ping: 26.38 ms
Download: 127.05 Mbit/s
Upload: 3.87 Mbit/s
Mon Aug 28 06:45:01 CEST 2017
Ping: 25.554 ms
Download: 128.02 Mbit/s
Upload: 5.58 Mbit/s
Mon Aug 28 07:45:01 CEST 2017
Ping: 24.333 ms
Download: 126.25 Mbit/s
Upload: 5.56 Mbit/s
Mon Aug 28 08:45:01 CEST 2017
Ping: 24.965 ms
Download: 112.72 Mbit/s
Upload: 5.33 Mbit/s
Mon Aug 28 09:45:01 CEST 2017
Ping: 24.643 ms
Download: 107.63 Mbit/s
Upload: 5.53 Mbit/s
Mon Aug 28 10:45:01 CEST 2017
Ping: 25.16 ms
Download: 126.62 Mbit/s
Upload: 5.58 Mbit/s
Mon Aug 28 11:45:01 CEST 2017
Ping: 25.792 ms
Download: 127.57 Mbit/s
Upload: 5.51 Mbit/s
Mon Aug 28 12:45:01 CEST 2017
Ping: 26.382 ms
Download: 125.60 Mbit/s
Upload: 5.60 Mbit/s
Mon Aug 28 13:45:01 CEST 2017
Ping: 23.718 ms
Download: 122.81 Mbit/s
Upload: 5.56 Mbit/s
Mon Aug 28 14:45:01 CEST 2017
Ping: 25.028 ms
Download: 126.29 Mbit/s
Upload: 5.50 Mbit/s
Mon Aug 28 15:45:01 CEST 2017
Ping: 25.054 ms
Download: 82.16 Mbit/s
Upload: 5.44 Mbit/s
Mon Aug 28 16:45:01 CEST 2017
Ping: 25.306 ms
Download: 117.55 Mbit/s
Upload: 5.60 Mbit/s
Mon Aug 28 17:45:01 CEST 2017
Ping: 25.114 ms
Download: 126.50 Mbit/s
Upload: 5.55 Mbit/s
Mon Aug 28 18:45:01 CEST 2017
Ping: 23.334 ms
Download: 119.34 Mbit/s
Upload: 5.38 Mbit/s
Mon Aug 28 19:45:01 CEST 2017
Ping: 26.632 ms
Download: 124.29 Mbit/s
Upload: 5.60 Mbit/s
Mon Aug 28 20:45:01 CEST 2017
Ping: 25.28 ms
Download: 127.76 Mbit/s
Upload: 5.58 Mbit/s
Mon Aug 28 21:45:01 CEST 2017
Ping: 26.372 ms
Download: 127.41 Mbit/s
Upload: 5.61 Mbit/s
Mon Aug 28 22:45:01 CEST 2017
Ping: 26.462 ms
Download: 127.50 Mbit/s
Upload: 5.64 Mbit/s
Mon Aug 28 23:45:01 CEST 2017
Ping: 26.046 ms
Download: 124.60 Mbit/s
Upload: 5.61 Mbit/s
Tue Aug 29 00:45:01 CEST 2017
Ping: 23.285 ms
Download: 126.73 Mbit/s
Upload: 5.64 Mbit/s
Tue Aug 29 01:45:01 CEST 2017
Ping: 24.969 ms
Download: 128.09 Mbit/s
Upload: 5.62 Mbit/s
Tue Aug 29 02:45:01 CEST 2017
Ping: 26.508 ms
Download: 109.57 Mbit/s
Upload: 5.53 Mbit/s
Tue Aug 29 03:45:01 CEST 2017
Ping: 24.834 ms
Download: 128.05 Mbit/s
Upload: 5.57 Mbit/s
Tue Aug 29 04:45:01 CEST 2017
Ping: 24.724 ms
Download: 125.69 Mbit/s
Upload: 5.63 Mbit/s
Tue Aug 29 05:45:01 CEST 2017
Ping: 25.074 ms
Download: 26.63 Mbit/s
Upload: 3.17 Mbit/s
Tue Aug 29 06:45:01 CEST 2017
Ping: 24.246 ms
Download: 126.91 Mbit/s
Upload: 5.64 Mbit/s
Tue Aug 29 07:45:01 CEST 2017
Ping: 23.68 ms
Download: 124.25 Mbit/s
Upload: 5.50 Mbit/s
Tue Aug 29 08:45:01 CEST 2017
Ping: 24.715 ms
Download: 125.84 Mbit/s
Upload: 5.61 Mbit/s
Tue Aug 29 09:45:01 CEST 2017
Ping: 24.663 ms
Download: 127.07 Mbit/s
Upload: 5.61 Mbit/s
Tue Aug 29 10:45:01 CEST 2017
Ping: 24.948 ms
Download: 122.85 Mbit/s
Upload: 5.56 Mbit/s
Tue Aug 29 11:45:01 CEST 2017
Ping: 24.75 ms
Download: 90.64 Mbit/s
Upload: 5.60 Mbit/s
Tue Aug 29 12:45:01 CEST 2017
Ping: 25.241 ms
Download: 115.35 Mbit/s
Upload: 5.65 Mbit/s
Tue Aug 29 13:45:01 CEST 2017
Ping: 24.712 ms
Download: 123.21 Mbit/s
Upload: 5.65 Mbit/s
Tue Aug 29 14:45:01 CEST 2017
Ping: 26.558 ms
Download: 102.04 Mbit/s
Upload: 5.57 Mbit/s
Tue Aug 29 15:45:01 CEST 2017
Ping: 25.675 ms
Download: 128.03 Mbit/s
Upload: 5.63 Mbit/s
Tue Aug 29 16:45:01 CEST 2017
Ping: 24.711 ms
Download: 127.79 Mbit/s
Upload: 5.61 Mbit/s
Tue Aug 29 17:45:01 CEST 2017
Ping: 26.419 ms
Download: 125.12 Mbit/s
Upload: 5.55 Mbit/s
Tue Aug 29 18:45:01 CEST 2017
Ping: 24.604 ms
Download: 123.59 Mbit/s
Upload: 5.57 Mbit/s
Tue Aug 29 19:45:01 CEST 2017
Ping: 24.78 ms
Download: 121.89 Mbit/s
Upload: 5.57 Mbit/s
Tue Aug 29 20:45:01 CEST 2017
Ping: 24.255 ms
Download: 125.56 Mbit/s
Upload: 5.40 Mbit/s
Tue Aug 29 21:45:01 CEST 2017
Ping: 25.303 ms
Download: 122.10 Mbit/s
Upload: 5.56 Mbit/s
Tue Aug 29 22:45:01 CEST 2017
Ping: 25.632 ms
Download: 127.81 Mbit/s
Upload: 5.53 Mbit/s
Tue Aug 29 23:45:01 CEST 2017
Ping: 27.549 ms
Download: 122.89 Mbit/s
Upload: 5.50 Mbit/s
Wed Aug 30 00:45:01 CEST 2017
Ping: 24.835 ms
Download: 127.71 Mbit/s
Upload: 5.56 Mbit/s
Wed Aug 30 01:45:01 CEST 2017
Ping: 24.749 ms
Download: 102.65 Mbit/s
Upload: 5.60 Mbit/s
Wed Aug 30 02:45:01 CEST 2017
Ping: 25.499 ms
Download: 126.55 Mbit/s
Upload: 5.62 Mbit/s
Wed Aug 30 03:45:01 CEST 2017
Ping: 24.693 ms
Download: 126.75 Mbit/s
Upload: 4.98 Mbit/s
Wed Aug 30 04:45:01 CEST 2017
Ping: 26.357 ms
Download: 127.83 Mbit/s
Upload: 5.61 Mbit/s
Wed Aug 30 05:45:01 CEST 2017
Ping: 25.68 ms
Download: 121.61 Mbit/s
Upload: 5.64 Mbit/s
Wed Aug 30 06:45:02 CEST 2017
Ping: 25.871 ms
Download: 125.91 Mbit/s
Upload: 5.59 Mbit/s
Wed Aug 30 07:45:01 CEST 2017
Ping: 23.693 ms
Download: 127.38 Mbit/s
Upload: 5.58 Mbit/s
Wed Aug 30 08:45:01 CEST 2017
Ping: 25.754 ms
Download: 127.24 Mbit/s
Upload: 4.40 Mbit/s
Wed Aug 30 09:45:01 CEST 2017
Ping: 26.623 ms
Download: 126.65 Mbit/s
Upload: 5.59 Mbit/s
Wed Aug 30 10:45:01 CEST 2017
Ping: 26.364 ms
Download: 123.96 Mbit/s
Upload: 5.53 Mbit/s
Wed Aug 30 11:45:01 CEST 2017
Ping: 23.564 ms
Download: 127.68 Mbit/s
Upload: 5.59 Mbit/s
Wed Aug 30 12:45:01 CEST 2017
Ping: 26.821 ms
Download: 109.39 Mbit/s
Upload: 4.36 Mbit/s
Wed Aug 30 13:45:01 CEST 2017
Ping: 24.77 ms
Download: 123.47 Mbit/s
Upload: 5.61 Mbit/s
Wed Aug 30 14:45:01 CEST 2017
Ping: 24.255 ms
Download: 127.94 Mbit/s
Upload: 5.22 Mbit/s
Wed Aug 30 15:45:01 CEST 2017
Ping: 24.105 ms
Download: 124.46 Mbit/s
Upload: 5.61 Mbit/s
Wed Aug 30 16:45:01 CEST 2017
Ping: 25.665 ms
Download: 116.49 Mbit/s
Upload: 5.57 Mbit/s
Wed Aug 30 17:45:01 CEST 2017
Ping: 25.553 ms
Download: 124.81 Mbit/s
Upload: 5.49 Mbit/s
Wed Aug 30 18:45:01 CEST 2017
Ping: 26.794 ms
Download: 126.90 Mbit/s
Upload: 5.60 Mbit/s
Wed Aug 30 19:45:01 CEST 2017
Ping: 24.909 ms
Download: 117.48 Mbit/s
Upload: 4.58 Mbit/s
Wed Aug 30 20:45:02 CEST 2017
Ping: 26.339 ms
Download: 126.59 Mbit/s
Upload: 5.64 Mbit/s
Wed Aug 30 21:45:01 CEST 2017
Ping: 24.655 ms
Download: 126.43 Mbit/s
Upload: 5.62 Mbit/s
Wed Aug 30 22:45:01 CEST 2017
Ping: 25.634 ms
Download: 127.59 Mbit/s
Upload: 5.61 Mbit/s
Wed Aug 30 23:45:01 CEST 2017
Ping: 23.655 ms
Download: 106.70 Mbit/s
Upload: 5.63 Mbit/s
Thu Aug 31 00:45:01 CEST 2017
Ping: 28.367 ms
Download: 127.99 Mbit/s
Upload: 5.63 Mbit/s
Thu Aug 31 01:45:01 CEST 2017
Ping: 25.057 ms
Download: 128.18 Mbit/s
Upload: 5.02 Mbit/s
Thu Aug 31 02:45:01 CEST 2017
Ping: 25.23 ms
Download: 127.99 Mbit/s
Upload: 5.51 Mbit/s
Thu Aug 31 03:45:01 CEST 2017
Ping: 24.609 ms
Download: 124.68 Mbit/s
Upload: 5.63 Mbit/s
Thu Aug 31 04:45:01 CEST 2017
Ping: 22.42 ms
Download: 127.01 Mbit/s
Upload: 5.59 Mbit/s
Thu Aug 31 05:45:01 CEST 2017
Ping: 25.13 ms
Download: 123.70 Mbit/s
Upload: 5.45 Mbit/s
Thu Aug 31 06:45:01 CEST 2017
Ping: 25.968 ms
Download: 126.30 Mbit/s
Upload: 5.62 Mbit/s
Thu Aug 31 07:45:01 CEST 2017
Ping: 26.122 ms
Download: 127.83 Mbit/s
Upload: 5.62 Mbit/s
Thu Aug 31 08:45:01 CEST 2017
Ping: 25.55 ms
Download: 124.49 Mbit/s
Upload: 5.61 Mbit/s
Thu Aug 31 09:45:01 CEST 2017
Ping: 27.923 ms
Download: 120.91 Mbit/s
Upload: 5.56 Mbit/s
Thu Aug 31 10:45:01 CEST 2017
Ping: 27.157 ms
Download: 116.73 Mbit/s
Upload: 5.62 Mbit/s
Thu Aug 31 11:45:01 CEST 2017
Ping: 25.12 ms
Download: 125.05 Mbit/s
Upload: 5.56 Mbit/s
Thu Aug 31 12:45:01 CEST 2017
Ping: 25.026 ms
Download: 126.67 Mbit/s
Upload: 5.59 Mbit/s
Thu Aug 31 13:45:01 CEST 2017
Ping: 24.684 ms
Download: 127.73 Mbit/s
Upload: 5.60 Mbit/s
Thu Aug 31 14:45:01 CEST 2017
Ping: 24.905 ms
Download: 127.81 Mbit/s
Upload: 5.60 Mbit/s
Thu Aug 31 15:45:01 CEST 2017
Ping: 24.82 ms
Download: 127.25 Mbit/s
Upload: 5.60 Mbit/s
Thu Aug 31 16:45:01 CEST 2017
Ping: 28.435 ms
Download: 127.80 Mbit/s
Upload: 5.42 Mbit/s
Thu Aug 31 17:45:01 CEST 2017
Ping: 23.296 ms
Download: 126.12 Mbit/s
Upload: 5.62 Mbit/s
Thu Aug 31 18:45:01 CEST 2017
Ping: 30.215 ms
Download: 118.65 Mbit/s
Upload: 5.56 Mbit/s
Thu Aug 31 19:45:01 CEST 2017
Ping: 25.026 ms
Download: 124.23 Mbit/s
Upload: 5.55 Mbit/s
Thu Aug 31 20:45:01 CEST 2017
Ping: 26.34 ms
Download: 114.59 Mbit/s
Upload: 5.56 Mbit/s
Thu Aug 31 21:45:01 CEST 2017
Ping: 26.487 ms
Download: 128.16 Mbit/s
Upload: 5.53 Mbit/s
Thu Aug 31 22:45:01 CEST 2017
Ping: 26.559 ms
Download: 116.31 Mbit/s
Upload: 5.58 Mbit/s
Thu Aug 31 23:45:01 CEST 2017
Ping: 26.087 ms
Download: 127.00 Mbit/s
Upload: 5.62 Mbit/s
