Wed Feb  1 00:45:02 CET 2017
Ping: 26.391 ms
Download: 21.17 Mbit/s
Upload: 0.86 Mbit/s
Wed Feb  1 01:45:01 CET 2017
Ping: 29.023 ms
Download: 21.37 Mbit/s
Upload: 0.87 Mbit/s
Wed Feb  1 02:45:01 CET 2017
Ping: 22.783 ms
Download: 21.40 Mbit/s
Upload: 0.87 Mbit/s
Wed Feb  1 03:45:01 CET 2017
Ping: 27.76 ms
Download: 21.42 Mbit/s
Upload: 0.87 Mbit/s
Wed Feb  1 04:45:01 CET 2017
Ping: 26.24 ms
Download: 9.50 Mbit/s
Upload: 0.86 Mbit/s
Wed Feb  1 05:45:01 CET 2017
Ping: 23.52 ms
Download: 21.43 Mbit/s
Upload: 0.86 Mbit/s
Wed Feb  1 06:45:01 CET 2017
Ping: 26.329 ms
Download: 15.63 Mbit/s
Upload: 0.82 Mbit/s
Wed Feb  1 07:45:01 CET 2017
Ping: 28.978 ms
Download: 21.36 Mbit/s
Upload: 0.86 Mbit/s
Wed Feb  1 08:45:01 CET 2017
Ping: 24.988 ms
Download: 21.40 Mbit/s
Upload: 0.81 Mbit/s
Wed Feb  1 09:45:01 CET 2017
Ping: 103.945 ms
Download: 7.16 Mbit/s
Upload: 0.65 Mbit/s
Wed Feb  1 10:45:01 CET 2017
Ping: 28.811 ms
Download: 21.43 Mbit/s
Upload: 0.85 Mbit/s
Wed Feb  1 11:45:01 CET 2017
Ping: 24.936 ms
Download: 11.17 Mbit/s
Upload: 0.85 Mbit/s
Wed Feb  1 12:45:01 CET 2017
Ping: 24.333 ms
Download: 21.40 Mbit/s
Upload: 0.87 Mbit/s
Wed Feb  1 13:45:01 CET 2017
Ping: 28.591 ms
Download: 21.33 Mbit/s
Upload: 0.83 Mbit/s
Wed Feb  1 14:45:01 CET 2017
Ping: 26.802 ms
Download: 21.34 Mbit/s
Upload: 0.85 Mbit/s
Wed Feb  1 15:45:01 CET 2017
Ping: 27.597 ms
Download: 21.05 Mbit/s
Upload: 0.81 Mbit/s
Wed Feb  1 16:45:01 CET 2017
Ping: 27.236 ms
Download: 21.10 Mbit/s
Upload: 0.86 Mbit/s
Wed Feb  1 17:45:01 CET 2017
Ping: 26.193 ms
Download: 12.75 Mbit/s
Upload: 0.86 Mbit/s
Wed Feb  1 18:45:01 CET 2017
Ping: 26.284 ms
Download: 21.34 Mbit/s
Upload: 0.86 Mbit/s
Wed Feb  1 19:45:01 CET 2017
Ping: 26.631 ms
Download: 6.83 Mbit/s
Upload: 0.76 Mbit/s
Wed Feb  1 20:45:01 CET 2017
Ping: 30.326 ms
Download: 19.32 Mbit/s
Upload: 0.76 Mbit/s
Wed Feb  1 21:45:01 CET 2017
Ping: 23.79 ms
Download: 21.39 Mbit/s
Upload: 0.86 Mbit/s
Wed Feb  1 22:45:01 CET 2017
Ping: 28.02 ms
Download: 8.95 Mbit/s
Upload: 0.77 Mbit/s
Wed Feb  1 23:45:01 CET 2017
Ping: 26.596 ms
Download: 15.12 Mbit/s
Upload: 0.87 Mbit/s
Thu Feb  2 00:45:01 CET 2017
Ping: 28.247 ms
Download: 21.29 Mbit/s
Upload: 0.87 Mbit/s
Thu Feb  2 01:45:01 CET 2017
Ping: 26.364 ms
Download: 19.31 Mbit/s
Upload: 0.88 Mbit/s
Thu Feb  2 02:45:01 CET 2017
Ping: 24.581 ms
Download: 21.40 Mbit/s
Upload: 0.87 Mbit/s
Thu Feb  2 03:45:01 CET 2017
Ping: 26.42 ms
Download: 21.43 Mbit/s
Upload: 0.87 Mbit/s
Thu Feb  2 04:45:01 CET 2017
Ping: 25.06 ms
Download: 14.79 Mbit/s
Upload: 0.83 Mbit/s
Thu Feb  2 05:45:01 CET 2017
Ping: 26.471 ms
Download: 12.75 Mbit/s
Upload: 0.86 Mbit/s
Thu Feb  2 06:45:01 CET 2017
Ping: 24.885 ms
Download: 21.19 Mbit/s
Upload: 0.87 Mbit/s
Thu Feb  2 07:45:01 CET 2017
Ping: 25.46 ms
Download: 20.18 Mbit/s
Upload: 0.87 Mbit/s
Thu Feb  2 08:45:01 CET 2017
Ping: 25.454 ms
Download: 19.29 Mbit/s
Upload: 0.88 Mbit/s
Thu Feb  2 09:45:02 CET 2017
Ping: 28.254 ms
Download: 20.96 Mbit/s
Upload: 0.83 Mbit/s
Thu Feb  2 10:45:01 CET 2017
Ping: 25.399 ms
Download: 17.98 Mbit/s
Upload: 0.75 Mbit/s
Thu Feb  2 11:45:01 CET 2017
Ping: 22.895 ms
Download: 21.39 Mbit/s
Upload: 0.87 Mbit/s
Thu Feb  2 12:45:01 CET 2017
Ping: 23.632 ms
Download: 21.14 Mbit/s
Upload: 0.80 Mbit/s
Thu Feb  2 13:45:01 CET 2017
Ping: 45.633 ms
Download: 11.56 Mbit/s
Upload: 0.53 Mbit/s
Thu Feb  2 14:45:01 CET 2017
Ping: 26.434 ms
Download: 10.25 Mbit/s
Upload: 0.86 Mbit/s
Thu Feb  2 15:45:02 CET 2017
Ping: 26.72 ms
Download: 21.44 Mbit/s
Upload: 0.87 Mbit/s
Thu Feb  2 16:45:01 CET 2017
Ping: 26.224 ms
Download: 7.39 Mbit/s
Upload: 0.82 Mbit/s
Thu Feb  2 17:45:01 CET 2017
Ping: 28.401 ms
Download: 6.72 Mbit/s
Upload: 0.81 Mbit/s
Thu Feb  2 18:45:01 CET 2017
Ping: 30.062 ms
Download: 18.55 Mbit/s
Upload: 0.81 Mbit/s
Thu Feb  2 19:45:01 CET 2017
Ping: 24.532 ms
Download: 20.68 Mbit/s
Upload: 0.70 Mbit/s
Thu Feb  2 20:45:01 CET 2017
Ping: 26.187 ms
Download: 19.25 Mbit/s
Upload: 0.78 Mbit/s
Thu Feb  2 21:45:01 CET 2017
Ping: 26.956 ms
Download: 16.67 Mbit/s
Upload: 0.73 Mbit/s
Thu Feb  2 22:45:02 CET 2017
Ping: 25.035 ms
Download: 4.64 Mbit/s
Upload: 0.86 Mbit/s
Thu Feb  2 23:45:01 CET 2017
Ping: 26.868 ms
Download: 21.39 Mbit/s
Upload: 0.87 Mbit/s
Fri Feb  3 00:45:01 CET 2017
Ping: 27.282 ms
Download: 21.45 Mbit/s
Upload: 0.88 Mbit/s
Fri Feb  3 01:45:01 CET 2017
Ping: 24.003 ms
Download: 21.43 Mbit/s
Upload: 0.87 Mbit/s
Fri Feb  3 02:45:01 CET 2017
Ping: 24.567 ms
Download: 21.43 Mbit/s
Upload: 0.86 Mbit/s
Fri Feb  3 03:45:01 CET 2017
Ping: 28.885 ms
Download: 21.08 Mbit/s
Upload: 0.85 Mbit/s
Fri Feb  3 04:45:01 CET 2017
Ping: 26.109 ms
Download: 9.66 Mbit/s
Upload: 0.87 Mbit/s
Fri Feb  3 05:45:01 CET 2017
Ping: 24.809 ms
Download: 19.31 Mbit/s
Upload: 0.88 Mbit/s
Fri Feb  3 06:45:01 CET 2017
Ping: 26.523 ms
Download: 21.33 Mbit/s
Upload: 0.86 Mbit/s
Fri Feb  3 07:45:01 CET 2017
Ping: 28.552 ms
Download: 9.69 Mbit/s
Upload: 0.87 Mbit/s
Fri Feb  3 08:45:01 CET 2017
Ping: 25.798 ms
Download: 15.43 Mbit/s
Upload: 0.87 Mbit/s
Fri Feb  3 09:45:01 CET 2017
Ping: 24.157 ms
Download: 21.42 Mbit/s
Upload: 0.84 Mbit/s
Fri Feb  3 10:45:01 CET 2017
Ping: 25.367 ms
Download: 19.29 Mbit/s
Upload: 0.86 Mbit/s
Fri Feb  3 11:45:01 CET 2017
Ping: 24.315 ms
Download: 21.43 Mbit/s
Upload: 0.87 Mbit/s
Fri Feb  3 12:45:01 CET 2017
Ping: 27.692 ms
Download: 21.45 Mbit/s
Upload: 0.86 Mbit/s
Fri Feb  3 13:45:01 CET 2017
Ping: 28.045 ms
Download: 20.50 Mbit/s
Upload: 0.87 Mbit/s
Fri Feb  3 14:45:02 CET 2017
Ping: 26.425 ms
Download: 14.00 Mbit/s
Upload: 0.84 Mbit/s
Fri Feb  3 15:45:02 CET 2017
Ping: 27.667 ms
Download: 17.24 Mbit/s
Upload: 0.65 Mbit/s
Fri Feb  3 16:45:01 CET 2017
Ping: 26.286 ms
Download: 17.59 Mbit/s
Upload: 0.88 Mbit/s
Fri Feb  3 17:45:01 CET 2017
Ping: 24.131 ms
Download: 21.43 Mbit/s
Upload: 0.76 Mbit/s
Fri Feb  3 18:45:01 CET 2017
Ping: 25.387 ms
Download: 21.41 Mbit/s
Upload: 0.85 Mbit/s
Fri Feb  3 19:45:02 CET 2017
Ping: 25.626 ms
Download: 16.33 Mbit/s
Upload: 0.72 Mbit/s
Fri Feb  3 20:45:01 CET 2017
Ping: 30.522 ms
Download: 18.96 Mbit/s
Upload: 0.84 Mbit/s
Fri Feb  3 21:45:01 CET 2017
Ping: 26.643 ms
Download: 18.99 Mbit/s
Upload: 0.78 Mbit/s
Fri Feb  3 22:45:01 CET 2017
Ping: 23.912 ms
Download: 21.24 Mbit/s
Upload: 0.87 Mbit/s
Fri Feb  3 23:45:01 CET 2017
Ping: 29.455 ms
Download: 21.33 Mbit/s
Upload: 0.87 Mbit/s
Sat Feb  4 00:45:01 CET 2017
Ping: 23.768 ms
Download: 21.45 Mbit/s
Upload: 0.87 Mbit/s
Sat Feb  4 01:45:01 CET 2017
Ping: 24.697 ms
Download: 8.20 Mbit/s
Upload: 0.86 Mbit/s
Sat Feb  4 02:45:01 CET 2017
Ping: 23.164 ms
Download: 20.47 Mbit/s
Upload: 0.86 Mbit/s
Sat Feb  4 03:45:01 CET 2017
Ping: 29.51 ms
Download: 21.35 Mbit/s
Upload: 0.86 Mbit/s
Sat Feb  4 04:45:02 CET 2017
Ping: 25.495 ms
Download: 12.75 Mbit/s
Upload: 0.87 Mbit/s
Sat Feb  4 05:45:02 CET 2017
Ping: 26.06 ms
Download: 21.43 Mbit/s
Upload: 0.86 Mbit/s
Sat Feb  4 06:45:01 CET 2017
Ping: 23.399 ms
Download: 21.44 Mbit/s
Upload: 0.86 Mbit/s
Sat Feb  4 07:45:01 CET 2017
Ping: 24.831 ms
Download: 21.42 Mbit/s
Upload: 0.87 Mbit/s
Sat Feb  4 08:45:01 CET 2017
Ping: 31.668 ms
Download: 18.19 Mbit/s
Upload: 0.67 Mbit/s
Sat Feb  4 09:45:01 CET 2017
Ping: 23.928 ms
Download: 19.32 Mbit/s
Upload: 0.78 Mbit/s
Sat Feb  4 10:45:01 CET 2017
Ping: 22.886 ms
Download: 21.05 Mbit/s
Upload: 0.84 Mbit/s
Sat Feb  4 11:45:01 CET 2017
Ping: 62.42 ms
Download: 5.29 Mbit/s
Upload: 0.82 Mbit/s
Sat Feb  4 12:45:02 CET 2017
Ping: 29.502 ms
Download: 19.06 Mbit/s
Upload: 0.85 Mbit/s
Sat Feb  4 13:45:01 CET 2017
Ping: 22.643 ms
Download: 20.84 Mbit/s
Upload: 0.87 Mbit/s
Sat Feb  4 14:45:01 CET 2017
Ping: 28.978 ms
Download: 15.67 Mbit/s
Upload: 0.42 Mbit/s
Sat Feb  4 15:45:01 CET 2017
Ping: 24.198 ms
Download: 19.01 Mbit/s
Upload: 0.62 Mbit/s
Sat Feb  4 16:45:01 CET 2017
Ping: 26.176 ms
Download: 21.40 Mbit/s
Upload: 0.87 Mbit/s
Sat Feb  4 17:45:01 CET 2017
Ping: 32.985 ms
Download: 21.08 Mbit/s
Upload: 0.84 Mbit/s
Sat Feb  4 18:45:01 CET 2017
Ping: 23.178 ms
Download: 21.38 Mbit/s
Upload: 0.87 Mbit/s
Sat Feb  4 19:45:01 CET 2017
Ping: 25.652 ms
Download: 10.38 Mbit/s
Upload: 0.80 Mbit/s
Sat Feb  4 20:45:01 CET 2017
Ping: 28.767 ms
Download: 20.83 Mbit/s
Upload: 0.86 Mbit/s
Sat Feb  4 21:45:01 CET 2017
Ping: 26.923 ms
Download: 20.50 Mbit/s
Upload: 0.82 Mbit/s
Sat Feb  4 22:45:01 CET 2017
Ping: 27.491 ms
Download: 21.13 Mbit/s
Upload: 0.84 Mbit/s
Sat Feb  4 23:45:01 CET 2017
Ping: 27.949 ms
Download: 21.23 Mbit/s
Upload: 0.81 Mbit/s
Sun Feb  5 00:45:01 CET 2017
Ping: 26.483 ms
Download: 21.03 Mbit/s
Upload: 0.86 Mbit/s
Sun Feb  5 01:45:01 CET 2017
Ping: 27.551 ms
Download: 8.98 Mbit/s
Upload: 0.87 Mbit/s
Sun Feb  5 02:45:01 CET 2017
Ping: 27.462 ms
Download: 20.66 Mbit/s
Upload: 0.83 Mbit/s
Sun Feb  5 03:45:01 CET 2017
Ping: 29.025 ms
Download: 21.08 Mbit/s
Upload: 0.85 Mbit/s
Sun Feb  5 04:45:01 CET 2017
Ping: 24.253 ms
Download: 20.74 Mbit/s
Upload: 0.87 Mbit/s
Sun Feb  5 05:45:01 CET 2017
Ping: 27.555 ms
Download: 14.22 Mbit/s
Upload: 0.87 Mbit/s
Sun Feb  5 06:45:01 CET 2017
Ping: 29.212 ms
Download: 21.13 Mbit/s
Upload: 0.83 Mbit/s
Sun Feb  5 07:45:01 CET 2017
Ping: 23.934 ms
Download: 21.25 Mbit/s
Upload: 0.85 Mbit/s
Sun Feb  5 08:45:01 CET 2017
Ping: 25.456 ms
Download: 21.25 Mbit/s
Upload: 0.87 Mbit/s
Sun Feb  5 09:45:01 CET 2017
Ping: 27.663 ms
Download: 21.08 Mbit/s
Upload: 0.84 Mbit/s
Sun Feb  5 10:45:01 CET 2017
Ping: 24.2 ms
Download: 19.61 Mbit/s
Upload: 0.81 Mbit/s
Sun Feb  5 11:45:01 CET 2017
Ping: 21.776 ms
Download: 14.23 Mbit/s
Upload: 0.79 Mbit/s
Sun Feb  5 12:45:01 CET 2017
Ping: 25.988 ms
Download: 17.18 Mbit/s
Upload: 0.84 Mbit/s
Sun Feb  5 13:45:01 CET 2017
Ping: 46.538 ms
Download: 14.30 Mbit/s
Upload: 0.27 Mbit/s
Sun Feb  5 14:45:01 CET 2017
Ping: 27.645 ms
Download: 21.13 Mbit/s
Upload: 0.83 Mbit/s
Sun Feb  5 15:45:01 CET 2017
Ping: 29.416 ms
Download: 13.78 Mbit/s
Upload: 0.86 Mbit/s
Sun Feb  5 16:45:01 CET 2017
Ping: 24.327 ms
Download: 21.38 Mbit/s
Upload: 0.88 Mbit/s
Sun Feb  5 17:45:01 CET 2017
Ping: 23.377 ms
Download: 21.39 Mbit/s
Upload: 0.86 Mbit/s
Sun Feb  5 18:45:01 CET 2017
Ping: 28.617 ms
Download: 17.95 Mbit/s
Upload: 0.74 Mbit/s
Sun Feb  5 19:45:01 CET 2017
Ping: 28.422 ms
Download: 21.42 Mbit/s
Upload: 0.84 Mbit/s
Sun Feb  5 20:45:01 CET 2017
Ping: 25.959 ms
Download: 20.87 Mbit/s
Upload: 0.74 Mbit/s
Sun Feb  5 21:45:01 CET 2017
Ping: 25.289 ms
Download: 21.42 Mbit/s
Upload: 0.86 Mbit/s
Sun Feb  5 22:45:01 CET 2017
Ping: 24.672 ms
Download: 21.37 Mbit/s
Upload: 0.83 Mbit/s
Sun Feb  5 23:45:01 CET 2017
Ping: 26.286 ms
Download: 8.30 Mbit/s
Upload: 0.83 Mbit/s
Mon Feb  6 00:45:01 CET 2017
Ping: 24.875 ms
Download: 21.39 Mbit/s
Upload: 0.87 Mbit/s
Mon Feb  6 01:45:01 CET 2017
Ping: 28.661 ms
Download: 21.08 Mbit/s
Upload: 0.84 Mbit/s
Mon Feb  6 02:45:01 CET 2017
Ping: 29.666 ms
Download: 20.95 Mbit/s
Upload: 0.84 Mbit/s
Mon Feb  6 03:45:01 CET 2017
Ping: 26.332 ms
Download: 21.13 Mbit/s
Upload: 0.86 Mbit/s
Mon Feb  6 04:45:01 CET 2017
Ping: 25.573 ms
Download: 18.92 Mbit/s
Upload: 0.86 Mbit/s
Mon Feb  6 05:45:01 CET 2017
Ping: 24.316 ms
Download: 17.50 Mbit/s
Upload: 0.87 Mbit/s
Mon Feb  6 06:45:01 CET 2017
Ping: 26.656 ms
Download: 8.56 Mbit/s
Upload: 0.87 Mbit/s
Mon Feb  6 07:45:01 CET 2017
Ping: 24.297 ms
Download: 21.38 Mbit/s
Upload: 0.88 Mbit/s
Mon Feb  6 08:45:01 CET 2017
Ping: 28.994 ms
Download: 21.42 Mbit/s
Upload: 0.87 Mbit/s
Mon Feb  6 09:45:01 CET 2017
Ping: 26.763 ms
Download: 20.98 Mbit/s
Upload: 0.87 Mbit/s
Mon Feb  6 10:45:01 CET 2017
Ping: 26.229 ms
Download: 21.43 Mbit/s
Upload: 0.86 Mbit/s
Mon Feb  6 11:45:01 CET 2017
Ping: 27.057 ms
Download: 21.45 Mbit/s
Upload: 0.86 Mbit/s
Mon Feb  6 12:45:01 CET 2017
Ping: 26.415 ms
Download: 9.82 Mbit/s
Upload: 0.87 Mbit/s
Mon Feb  6 13:45:02 CET 2017
Ping: 26.452 ms
Download: 21.40 Mbit/s
Upload: 0.86 Mbit/s
Mon Feb  6 14:45:01 CET 2017
Ping: 29.986 ms
Download: 21.13 Mbit/s
Upload: 0.84 Mbit/s
Mon Feb  6 15:45:02 CET 2017
Ping: 118.299 ms
Download: 15.23 Mbit/s
Upload: 0.69 Mbit/s
Mon Feb  6 16:45:01 CET 2017
Ping: 127.167 ms
Download: 15.69 Mbit/s
Upload: 0.67 Mbit/s
Mon Feb  6 17:45:01 CET 2017
Ping: 26.047 ms
Download: 20.99 Mbit/s
Upload: 0.84 Mbit/s
Mon Feb  6 18:45:01 CET 2017
Ping: 28.684 ms
Download: 21.42 Mbit/s
Upload: 0.82 Mbit/s
Mon Feb  6 19:45:01 CET 2017
Ping: 29.619 ms
Download: 20.71 Mbit/s
Upload: 0.87 Mbit/s
Mon Feb  6 20:45:01 CET 2017
Ping: 28.797 ms
Download: 14.75 Mbit/s
Upload: 0.86 Mbit/s
Mon Feb  6 21:45:01 CET 2017
Ping: 29.689 ms
Download: 21.13 Mbit/s
Upload: 0.80 Mbit/s
Mon Feb  6 22:45:01 CET 2017
Ping: 28.1 ms
Download: 20.98 Mbit/s
Upload: 0.85 Mbit/s
Mon Feb  6 23:45:01 CET 2017
Ping: 25.428 ms
Download: 8.22 Mbit/s
Upload: 0.77 Mbit/s
Tue Feb  7 00:45:01 CET 2017
Ping: 28.196 ms
Download: 20.49 Mbit/s
Upload: 0.87 Mbit/s
Tue Feb  7 01:45:01 CET 2017
Ping: 25.577 ms
Download: 21.09 Mbit/s
Upload: 0.87 Mbit/s
Tue Feb  7 02:45:02 CET 2017
Ping: 23.777 ms
Download: 21.40 Mbit/s
Upload: 0.87 Mbit/s
Tue Feb  7 03:45:01 CET 2017
Ping: 24.016 ms
Download: 21.27 Mbit/s
Upload: 0.88 Mbit/s
Tue Feb  7 04:45:01 CET 2017
Ping: 26.408 ms
Download: 9.62 Mbit/s
Upload: 0.87 Mbit/s
Tue Feb  7 05:45:01 CET 2017
Ping: 24.008 ms
Download: 21.44 Mbit/s
Upload: 0.87 Mbit/s
Tue Feb  7 06:45:02 CET 2017
Ping: 27.807 ms
Download: 20.94 Mbit/s
Upload: 0.84 Mbit/s
Tue Feb  7 07:45:02 CET 2017
Ping: 27.343 ms
Download: 20.93 Mbit/s
Upload: 0.80 Mbit/s
Tue Feb  7 08:45:01 CET 2017
Ping: 27.513 ms
Download: 19.40 Mbit/s
Upload: 0.83 Mbit/s
Tue Feb  7 09:45:01 CET 2017
Ping: 29.496 ms
Download: 19.95 Mbit/s
Upload: 0.79 Mbit/s
Tue Feb  7 10:45:01 CET 2017
Ping: 29.738 ms
Download: 19.77 Mbit/s
Upload: 0.79 Mbit/s
Tue Feb  7 11:45:01 CET 2017
Ping: 28.054 ms
Download: 19.29 Mbit/s
Upload: 0.86 Mbit/s
Tue Feb  7 12:45:01 CET 2017
Ping: 23.753 ms
Download: 19.75 Mbit/s
Upload: 0.82 Mbit/s
Tue Feb  7 13:45:01 CET 2017
Ping: 29.65 ms
Download: 20.83 Mbit/s
Upload: 0.77 Mbit/s
Tue Feb  7 14:45:01 CET 2017
Ping: 28.685 ms
Download: 7.75 Mbit/s
Upload: 0.86 Mbit/s
Tue Feb  7 15:45:01 CET 2017
Ping: 23.092 ms
Download: 21.43 Mbit/s
Upload: 0.88 Mbit/s
Tue Feb  7 16:45:01 CET 2017
Ping: 26.24 ms
Download: 21.43 Mbit/s
Upload: 0.84 Mbit/s
Tue Feb  7 17:45:01 CET 2017
Ping: 27.691 ms
Download: 6.66 Mbit/s
Upload: 0.86 Mbit/s
Tue Feb  7 18:45:01 CET 2017
Ping: 23.978 ms
Download: 21.29 Mbit/s
Upload: 0.76 Mbit/s
Tue Feb  7 19:45:01 CET 2017
Ping: 26.29 ms
Download: 21.06 Mbit/s
Upload: 0.78 Mbit/s
Tue Feb  7 20:45:01 CET 2017
Ping: 28.565 ms
Download: 20.78 Mbit/s
Upload: 0.81 Mbit/s
Tue Feb  7 21:45:01 CET 2017
Ping: 28.06 ms
Download: 12.27 Mbit/s
Upload: 0.84 Mbit/s
Tue Feb  7 22:45:01 CET 2017
Ping: 28.866 ms
Download: 21.12 Mbit/s
Upload: 0.85 Mbit/s
Tue Feb  7 23:45:01 CET 2017
Ping: 23.43 ms
Download: 21.39 Mbit/s
Upload: 0.88 Mbit/s
Wed Feb  8 00:45:01 CET 2017
Ping: 29.706 ms
Download: 5.81 Mbit/s
Upload: 0.86 Mbit/s
Wed Feb  8 01:45:01 CET 2017
Ping: 27.767 ms
Download: 21.13 Mbit/s
Upload: 0.85 Mbit/s
Wed Feb  8 02:45:01 CET 2017
Ping: 26.208 ms
Download: 21.39 Mbit/s
Upload: 0.87 Mbit/s
Wed Feb  8 03:45:01 CET 2017
Ping: 26.356 ms
Download: 21.43 Mbit/s
Upload: 0.86 Mbit/s
Wed Feb  8 04:45:02 CET 2017
Ping: 28.277 ms
Download: 21.45 Mbit/s
Upload: 0.86 Mbit/s
Wed Feb  8 05:45:01 CET 2017
Ping: 23.907 ms
Download: 21.38 Mbit/s
Upload: 0.86 Mbit/s
Wed Feb  8 06:45:01 CET 2017
Ping: 28.813 ms
Download: 21.13 Mbit/s
Upload: 0.83 Mbit/s
Wed Feb  8 07:45:01 CET 2017
Ping: 26.67 ms
Download: 21.40 Mbit/s
Upload: 0.88 Mbit/s
Wed Feb  8 08:45:01 CET 2017
Ping: 24.158 ms
Download: 19.88 Mbit/s
Upload: 0.78 Mbit/s
Wed Feb  8 09:45:01 CET 2017
Ping: 29.252 ms
Download: 18.75 Mbit/s
Upload: 0.80 Mbit/s
Wed Feb  8 10:45:01 CET 2017
Ping: 26.198 ms
Download: 19.98 Mbit/s
Upload: 0.78 Mbit/s
Wed Feb  8 11:45:01 CET 2017
Ping: 28.692 ms
Download: 21.08 Mbit/s
Upload: 0.83 Mbit/s
Wed Feb  8 12:45:01 CET 2017
Ping: 26.441 ms
Download: 20.49 Mbit/s
Upload: 0.83 Mbit/s
Wed Feb  8 13:45:01 CET 2017
Ping: 25.768 ms
Download: 21.40 Mbit/s
Upload: 0.87 Mbit/s
Wed Feb  8 14:45:01 CET 2017
Ping: 30.108 ms
Download: 18.43 Mbit/s
Upload: 0.75 Mbit/s
Wed Feb  8 15:45:01 CET 2017
Ping: 29.651 ms
Download: 19.67 Mbit/s
Upload: 0.78 Mbit/s
Wed Feb  8 16:45:01 CET 2017
Ping: 25.629 ms
Download: 10.49 Mbit/s
Upload: 0.78 Mbit/s
Wed Feb  8 17:45:01 CET 2017
Ping: 29.832 ms
Download: 18.84 Mbit/s
Upload: 0.78 Mbit/s
Wed Feb  8 18:45:01 CET 2017
Ping: 30.219 ms
Download: 20.53 Mbit/s
Upload: 0.89 Mbit/s
Wed Feb  8 19:45:01 CET 2017
Ping: 28.748 ms
Download: 21.38 Mbit/s
Upload: 0.76 Mbit/s
Wed Feb  8 20:45:01 CET 2017
Ping: 28.991 ms
Download: 20.54 Mbit/s
Upload: 0.83 Mbit/s
Wed Feb  8 21:45:01 CET 2017
Ping: 27.682 ms
Download: 14.58 Mbit/s
Upload: 0.76 Mbit/s
Wed Feb  8 22:45:01 CET 2017
Ping: 27.638 ms
Download: 19.28 Mbit/s
Upload: 0.86 Mbit/s
Wed Feb  8 23:45:01 CET 2017
Ping: 26.135 ms
Download: 8.47 Mbit/s
Upload: 0.87 Mbit/s
Thu Feb  9 00:45:02 CET 2017
Ping: 27.566 ms
Download: 21.15 Mbit/s
Upload: 0.85 Mbit/s
Thu Feb  9 01:45:01 CET 2017
Ping: 26.845 ms
Download: 21.43 Mbit/s
Upload: 0.86 Mbit/s
Thu Feb  9 02:45:01 CET 2017
Ping: 26.225 ms
Download: 21.40 Mbit/s
Upload: 0.87 Mbit/s
Thu Feb  9 03:45:01 CET 2017
Ping: 24.5 ms
Download: 20.46 Mbit/s
Upload: 0.87 Mbit/s
Thu Feb  9 04:45:01 CET 2017
Ping: 27.603 ms
Download: 21.08 Mbit/s
Upload: 0.87 Mbit/s
Thu Feb  9 05:45:01 CET 2017
Ping: 28.497 ms
Download: 20.91 Mbit/s
Upload: 0.86 Mbit/s
Thu Feb  9 06:45:01 CET 2017
Ping: 29.322 ms
Download: 21.43 Mbit/s
Upload: 0.87 Mbit/s
Thu Feb  9 07:45:01 CET 2017
Ping: 27.142 ms
Download: 9.64 Mbit/s
Upload: 0.86 Mbit/s
Thu Feb  9 08:45:01 CET 2017
Ping: 22.103 ms
Download: 21.39 Mbit/s
Upload: 0.87 Mbit/s
Thu Feb  9 09:45:01 CET 2017
Ping: 28.554 ms
Download: 21.08 Mbit/s
Upload: 0.85 Mbit/s
Thu Feb  9 10:45:01 CET 2017
Ping: 25.939 ms
Download: 15.01 Mbit/s
Upload: 0.60 Mbit/s
Thu Feb  9 11:45:01 CET 2017
Ping: 26.982 ms
Download: 21.43 Mbit/s
Upload: 0.87 Mbit/s
Thu Feb  9 12:45:01 CET 2017
Ping: 30.666 ms
Download: 17.76 Mbit/s
Upload: 0.85 Mbit/s
Thu Feb  9 13:45:01 CET 2017
Ping: 28.096 ms
Download: 21.43 Mbit/s
Upload: 0.86 Mbit/s
Thu Feb  9 14:45:01 CET 2017
Ping: 23.944 ms
Download: 21.43 Mbit/s
Upload: 0.86 Mbit/s
Thu Feb  9 15:45:01 CET 2017
Ping: 28.232 ms
Download: 18.56 Mbit/s
Upload: 0.75 Mbit/s
Thu Feb  9 16:45:01 CET 2017
Ping: 31.656 ms
Download: 18.24 Mbit/s
Upload: 0.74 Mbit/s
Thu Feb  9 17:45:01 CET 2017
Ping: 84.757 ms
Download: 21.43 Mbit/s
Upload: 0.86 Mbit/s
Thu Feb  9 18:45:01 CET 2017
Ping: 28.929 ms
Download: 5.81 Mbit/s
Upload: 0.86 Mbit/s
Thu Feb  9 19:45:02 CET 2017
Ping: 26.405 ms
Download: 15.00 Mbit/s
Upload: 0.77 Mbit/s
Thu Feb  9 20:45:01 CET 2017
Ping: 27.572 ms
Download: 21.30 Mbit/s
Upload: 0.75 Mbit/s
Thu Feb  9 21:45:01 CET 2017
Ping: 24.809 ms
Download: 21.34 Mbit/s
Upload: 0.86 Mbit/s
Thu Feb  9 22:45:01 CET 2017
Ping: 28.578 ms
Download: 15.60 Mbit/s
Upload: 0.87 Mbit/s
Thu Feb  9 23:45:01 CET 2017
Ping: 30.196 ms
Download: 12.94 Mbit/s
Upload: 0.64 Mbit/s
Fri Feb 10 00:45:01 CET 2017
Ping: 25.963 ms
Download: 21.40 Mbit/s
Upload: 0.87 Mbit/s
Fri Feb 10 01:45:01 CET 2017
Ping: 28.739 ms
Download: 21.12 Mbit/s
Upload: 0.85 Mbit/s
Fri Feb 10 02:45:01 CET 2017
Ping: 25.242 ms
Download: 21.43 Mbit/s
Upload: 0.87 Mbit/s
Fri Feb 10 03:45:02 CET 2017
Ping: 24.912 ms
Download: 21.04 Mbit/s
Upload: 0.86 Mbit/s
Fri Feb 10 04:45:02 CET 2017
Ping: 28.589 ms
Download: 21.12 Mbit/s
Upload: 0.85 Mbit/s
Fri Feb 10 05:45:01 CET 2017
Ping: 28.81 ms
Download: 20.86 Mbit/s
Upload: 0.85 Mbit/s
Fri Feb 10 06:45:01 CET 2017
Ping: 30.462 ms
Download: 11.06 Mbit/s
Upload: 0.87 Mbit/s
Fri Feb 10 07:45:02 CET 2017
Ping: 24.884 ms
Download: 20.29 Mbit/s
Upload: 0.88 Mbit/s
Fri Feb 10 08:45:01 CET 2017
Ping: 26.979 ms
Download: 21.25 Mbit/s
Upload: 0.86 Mbit/s
Fri Feb 10 09:45:01 CET 2017
Ping: 27.18 ms
Download: 20.58 Mbit/s
Upload: 0.81 Mbit/s
Fri Feb 10 10:45:01 CET 2017
Ping: 25.328 ms
Download: 19.91 Mbit/s
Upload: 0.76 Mbit/s
Fri Feb 10 11:45:01 CET 2017
Ping: 28.086 ms
Download: 20.32 Mbit/s
Upload: 0.83 Mbit/s
Fri Feb 10 12:45:01 CET 2017
Ping: 27.07 ms
Download: 21.37 Mbit/s
Upload: 0.86 Mbit/s
Fri Feb 10 13:45:01 CET 2017
Ping: 33.593 ms
Download: 6.71 Mbit/s
Upload: 0.83 Mbit/s
Fri Feb 10 14:45:01 CET 2017
Ping: 29.5 ms
Download: 20.95 Mbit/s
Upload: 0.83 Mbit/s
Fri Feb 10 15:45:01 CET 2017
Ping: 27.333 ms
Download: 21.12 Mbit/s
Upload: 0.79 Mbit/s
Fri Feb 10 16:45:01 CET 2017
Ping: 29.686 ms
Download: 20.42 Mbit/s
Upload: 0.84 Mbit/s
Fri Feb 10 17:45:01 CET 2017
Ping: 30.331 ms
Download: 21.13 Mbit/s
Upload: 0.85 Mbit/s
Fri Feb 10 18:45:01 CET 2017
Ping: 24.95 ms
Download: 20.91 Mbit/s
Upload: 0.86 Mbit/s
Fri Feb 10 19:45:01 CET 2017
Ping: 28.752 ms
Download: 15.68 Mbit/s
Upload: 0.68 Mbit/s
Fri Feb 10 20:45:01 CET 2017
Ping: 27.544 ms
Download: 17.76 Mbit/s
Upload: 0.71 Mbit/s
Fri Feb 10 21:45:01 CET 2017
Ping: 30.094 ms
Download: 15.54 Mbit/s
Upload: 0.70 Mbit/s
Fri Feb 10 22:45:01 CET 2017
Ping: 30.723 ms
Download: 21.42 Mbit/s
Upload: 0.86 Mbit/s
Fri Feb 10 23:45:02 CET 2017
Ping: 30.214 ms
Download: 21.42 Mbit/s
Upload: 0.86 Mbit/s
Sat Feb 11 00:45:01 CET 2017
Ping: 28.675 ms
Download: 21.10 Mbit/s
Upload: 0.83 Mbit/s
Sat Feb 11 01:45:01 CET 2017
Ping: 27.36 ms
Download: 21.38 Mbit/s
Upload: 0.87 Mbit/s
Sat Feb 11 02:45:01 CET 2017
Ping: 27.706 ms
Download: 21.43 Mbit/s
Upload: 0.86 Mbit/s
Sat Feb 11 03:45:01 CET 2017
Ping: 28.996 ms
Download: 21.01 Mbit/s
Upload: 0.84 Mbit/s
Sat Feb 11 04:45:01 CET 2017
Ping: 26.232 ms
Download: 19.30 Mbit/s
Upload: 0.88 Mbit/s
Sat Feb 11 05:45:01 CET 2017
Ping: 24.884 ms
Download: 20.54 Mbit/s
Upload: 0.78 Mbit/s
Sat Feb 11 06:45:01 CET 2017
Ping: 26.207 ms
Download: 21.39 Mbit/s
Upload: 0.86 Mbit/s
Sat Feb 11 07:45:01 CET 2017
Ping: 29.781 ms
Download: 21.39 Mbit/s
Upload: 0.86 Mbit/s
Sat Feb 11 08:45:01 CET 2017
Ping: 29.957 ms
Download: 20.88 Mbit/s
Upload: 0.85 Mbit/s
Sat Feb 11 09:45:01 CET 2017
Ping: 27.069 ms
Download: 21.22 Mbit/s
Upload: 0.85 Mbit/s
Sat Feb 11 10:45:02 CET 2017
Ping: 28.767 ms
Download: 21.40 Mbit/s
Upload: 0.85 Mbit/s
Sat Feb 11 11:45:02 CET 2017
Ping: 29.373 ms
Download: 16.57 Mbit/s
Upload: 0.84 Mbit/s
Sat Feb 11 12:45:01 CET 2017
Ping: 28.315 ms
Download: 21.33 Mbit/s
Upload: 0.86 Mbit/s
Sat Feb 11 13:45:01 CET 2017
Ping: 31.168 ms
Download: 21.34 Mbit/s
Upload: 0.87 Mbit/s
Sat Feb 11 14:45:01 CET 2017
Ping: 27.745 ms
Download: 15.26 Mbit/s
Upload: 0.86 Mbit/s
Sat Feb 11 15:45:01 CET 2017
Ping: 29.123 ms
Download: 21.14 Mbit/s
Upload: 0.86 Mbit/s
Sat Feb 11 16:45:01 CET 2017
Ping: 31.366 ms
Download: 21.15 Mbit/s
Upload: 0.83 Mbit/s
Sat Feb 11 17:45:02 CET 2017
Ping: 26.969 ms
Download: 20.57 Mbit/s
Upload: 0.86 Mbit/s
Sat Feb 11 18:45:01 CET 2017
Ping: 27.664 ms
Download: 21.13 Mbit/s
Upload: 0.79 Mbit/s
Sat Feb 11 19:45:01 CET 2017
Ping: 28.59 ms
Download: 21.13 Mbit/s
Upload: 0.85 Mbit/s
Sat Feb 11 20:45:01 CET 2017
Ping: 28.995 ms
Download: 21.14 Mbit/s
Upload: 0.83 Mbit/s
Sat Feb 11 21:45:01 CET 2017
Ping: 24.881 ms
Download: 21.46 Mbit/s
Upload: 0.85 Mbit/s
Sat Feb 11 22:45:01 CET 2017
Ping: 23.561 ms
Download: 21.42 Mbit/s
Upload: 0.86 Mbit/s
Sat Feb 11 23:45:01 CET 2017
Ping: 27.385 ms
Download: 21.18 Mbit/s
Upload: 0.76 Mbit/s
Sun Feb 12 00:45:01 CET 2017
Ping: 28.974 ms
Download: 20.08 Mbit/s
Upload: 0.84 Mbit/s
Sun Feb 12 01:45:01 CET 2017
Ping: 26.133 ms
Download: 7.41 Mbit/s
Upload: 0.28 Mbit/s
Sun Feb 12 02:45:01 CET 2017
Ping: 27.286 ms
Download: 21.07 Mbit/s
Upload: 0.83 Mbit/s
Sun Feb 12 03:45:01 CET 2017
Ping: 25.551 ms
Download: 21.21 Mbit/s
Upload: 0.88 Mbit/s
Sun Feb 12 04:45:01 CET 2017
Ping: 27.111 ms
Download: 21.42 Mbit/s
Upload: 0.87 Mbit/s
Sun Feb 12 05:45:01 CET 2017
Ping: 27.599 ms
Download: 20.99 Mbit/s
Upload: 0.84 Mbit/s
Sun Feb 12 06:45:01 CET 2017
Ping: 28.62 ms
Download: 21.43 Mbit/s
Upload: 0.86 Mbit/s
Sun Feb 12 07:45:01 CET 2017
Ping: 27.841 ms
Download: 20.54 Mbit/s
Upload: 0.87 Mbit/s
Sun Feb 12 08:45:01 CET 2017
Ping: 24.856 ms
Download: 21.38 Mbit/s
Upload: 0.87 Mbit/s
Sun Feb 12 09:45:02 CET 2017
Ping: 28.468 ms
Download: 12.24 Mbit/s
Upload: 0.66 Mbit/s
Sun Feb 12 10:45:01 CET 2017
Ping: 29.865 ms
Download: 21.39 Mbit/s
Upload: 0.88 Mbit/s
Sun Feb 12 11:45:01 CET 2017
Ping: 27.067 ms
Download: 20.17 Mbit/s
Upload: 0.82 Mbit/s
Sun Feb 12 12:45:01 CET 2017
Ping: 34.116 ms
Download: 21.39 Mbit/s
Upload: 0.87 Mbit/s
Sun Feb 12 13:45:01 CET 2017
Ping: 119.414 ms
Download: 16.69 Mbit/s
Upload: 0.71 Mbit/s
Sun Feb 12 14:45:01 CET 2017
Ping: 24.434 ms
Download: 21.37 Mbit/s
Upload: 0.88 Mbit/s
Sun Feb 12 15:45:01 CET 2017
Ping: 28.69 ms
Download: 20.58 Mbit/s
Upload: 0.78 Mbit/s
Sun Feb 12 16:45:01 CET 2017
Ping: 25.687 ms
Download: 20.71 Mbit/s
Upload: 0.86 Mbit/s
Sun Feb 12 17:45:01 CET 2017
Ping: 26.669 ms
Download: 18.97 Mbit/s
Upload: 0.78 Mbit/s
Sun Feb 12 18:45:01 CET 2017
Ping: 26.754 ms
Download: 13.12 Mbit/s
Upload: 0.86 Mbit/s
Sun Feb 12 19:45:01 CET 2017
Ping: 27.612 ms
Download: 20.61 Mbit/s
Upload: 0.78 Mbit/s
Sun Feb 12 20:45:01 CET 2017
Ping: 24.893 ms
Download: 21.14 Mbit/s
Upload: 0.82 Mbit/s
Sun Feb 12 21:45:01 CET 2017
Ping: 22.885 ms
Download: 21.43 Mbit/s
Upload: 0.87 Mbit/s
Sun Feb 12 22:45:01 CET 2017
Ping: 28.341 ms
Download: 7.70 Mbit/s
Upload: 0.81 Mbit/s
Sun Feb 12 23:45:02 CET 2017
Ping: 26.338 ms
Download: 21.43 Mbit/s
Upload: 0.89 Mbit/s
Mon Feb 13 00:45:01 CET 2017
Ping: 27.909 ms
Download: 21.46 Mbit/s
Upload: 0.86 Mbit/s
Mon Feb 13 01:45:01 CET 2017
Ping: 29.13 ms
Download: 19.97 Mbit/s
Upload: 0.86 Mbit/s
Mon Feb 13 02:45:01 CET 2017
Ping: 30.963 ms
Download: 20.39 Mbit/s
Upload: 0.88 Mbit/s
Mon Feb 13 03:45:01 CET 2017
Ping: 24.154 ms
Download: 21.45 Mbit/s
Upload: 0.87 Mbit/s
Mon Feb 13 04:45:01 CET 2017
Ping: 27.039 ms
Download: 21.30 Mbit/s
Upload: 0.87 Mbit/s
Mon Feb 13 05:45:01 CET 2017
Ping: 27.773 ms
Download: 21.05 Mbit/s
Upload: 0.84 Mbit/s
Mon Feb 13 06:45:01 CET 2017
Ping: 24.551 ms
Download: 21.46 Mbit/s
Upload: 0.87 Mbit/s
Mon Feb 13 07:45:01 CET 2017
Ping: 30.186 ms
Download: 21.13 Mbit/s
Upload: 0.82 Mbit/s
Mon Feb 13 08:45:01 CET 2017
Ping: 27.927 ms
Download: 20.94 Mbit/s
Upload: 0.86 Mbit/s
Mon Feb 13 09:45:01 CET 2017
Ping: 29.493 ms
Download: 20.50 Mbit/s
Upload: 0.87 Mbit/s
Mon Feb 13 10:45:01 CET 2017
Ping: 27.118 ms
Download: 21.30 Mbit/s
Upload: 0.87 Mbit/s
Mon Feb 13 11:45:01 CET 2017
Ping: 26.271 ms
Download: 19.25 Mbit/s
Upload: 0.80 Mbit/s
Mon Feb 13 12:45:01 CET 2017
Ping: 28.174 ms
Download: 10.25 Mbit/s
Upload: 0.86 Mbit/s
Mon Feb 13 13:45:01 CET 2017
Ping: 28.281 ms
Download: 21.36 Mbit/s
Upload: 0.87 Mbit/s
Mon Feb 13 14:45:01 CET 2017
Ping: 28.546 ms
Download: 21.15 Mbit/s
Upload: 0.82 Mbit/s
Mon Feb 13 15:45:01 CET 2017
Ping: 28.708 ms
Download: 21.43 Mbit/s
Upload: 0.86 Mbit/s
Mon Feb 13 16:45:01 CET 2017
Ping: 28.017 ms
Download: 9.79 Mbit/s
Upload: 0.86 Mbit/s
Mon Feb 13 17:45:01 CET 2017
Ping: 29.108 ms
Download: 21.43 Mbit/s
Upload: 0.74 Mbit/s
Mon Feb 13 18:45:01 CET 2017
Ping: 26.238 ms
Download: 21.21 Mbit/s
Upload: 0.84 Mbit/s
Mon Feb 13 19:45:01 CET 2017
Ping: 31.383 ms
Download: 21.40 Mbit/s
Upload: 0.87 Mbit/s
Mon Feb 13 20:45:01 CET 2017
Ping: 25.219 ms
Download: 9.31 Mbit/s
Upload: 0.82 Mbit/s
Mon Feb 13 21:45:01 CET 2017
Ping: 26.644 ms
Download: 20.46 Mbit/s
Upload: 0.84 Mbit/s
Mon Feb 13 22:45:01 CET 2017
Ping: 26.358 ms
Download: 13.26 Mbit/s
Upload: 0.87 Mbit/s
Mon Feb 13 23:45:02 CET 2017
Ping: 28.674 ms
Download: 21.12 Mbit/s
Upload: 0.84 Mbit/s
Tue Feb 14 00:45:01 CET 2017
Ping: 22.76 ms
Download: 21.32 Mbit/s
Upload: 0.87 Mbit/s
Tue Feb 14 01:45:01 CET 2017
Ping: 27.512 ms
Download: 12.75 Mbit/s
Upload: 0.86 Mbit/s
Tue Feb 14 02:45:01 CET 2017
Ping: 26.218 ms
Download: 21.42 Mbit/s
Upload: 0.87 Mbit/s
Tue Feb 14 03:45:01 CET 2017
Ping: 26.576 ms
Download: 21.39 Mbit/s
Upload: 0.86 Mbit/s
Tue Feb 14 04:45:01 CET 2017
Ping: 29.429 ms
Download: 21.21 Mbit/s
Upload: 0.86 Mbit/s
Tue Feb 14 05:45:01 CET 2017
Ping: 23.544 ms
Download: 21.43 Mbit/s
Upload: 0.87 Mbit/s
Tue Feb 14 06:45:01 CET 2017
Ping: 25.417 ms
Download: 21.45 Mbit/s
Upload: 0.86 Mbit/s
Tue Feb 14 07:45:01 CET 2017
Ping: 28.593 ms
Download: 21.44 Mbit/s
Upload: 0.86 Mbit/s
Tue Feb 14 08:45:01 CET 2017
Ping: 29.51 ms
Download: 21.13 Mbit/s
Upload: 0.84 Mbit/s
Tue Feb 14 09:45:01 CET 2017
Ping: 27.962 ms
Download: 20.69 Mbit/s
Upload: 0.84 Mbit/s
Tue Feb 14 10:45:01 CET 2017
Ping: 30.333 ms
Download: 20.94 Mbit/s
Upload: 0.84 Mbit/s
Tue Feb 14 11:45:01 CET 2017
Ping: 29.009 ms
Download: 20.39 Mbit/s
Upload: 0.83 Mbit/s
Tue Feb 14 12:45:01 CET 2017
Ping: 23.316 ms
Download: 21.37 Mbit/s
Upload: 0.81 Mbit/s
Tue Feb 14 13:45:01 CET 2017
Ping: 29.047 ms
Download: 21.43 Mbit/s
Upload: 0.86 Mbit/s
Tue Feb 14 14:45:01 CET 2017
Ping: 29.09 ms
Download: 21.09 Mbit/s
Upload: 0.81 Mbit/s
Tue Feb 14 15:45:02 CET 2017
Ping: 25.563 ms
Download: 21.43 Mbit/s
Upload: 0.86 Mbit/s
Tue Feb 14 16:45:01 CET 2017
Ping: 31.775 ms
Download: 20.55 Mbit/s
Upload: 0.86 Mbit/s
Tue Feb 14 17:45:01 CET 2017
Ping: 26.892 ms
Download: 11.16 Mbit/s
Upload: 0.86 Mbit/s
Tue Feb 14 18:45:01 CET 2017
Ping: 30.282 ms
Download: 18.84 Mbit/s
Upload: 0.75 Mbit/s
Tue Feb 14 19:45:01 CET 2017
Ping: 31.247 ms
Download: 20.37 Mbit/s
Upload: 0.85 Mbit/s
Tue Feb 14 20:45:01 CET 2017
Ping: 31.311 ms
Download: 20.70 Mbit/s
Upload: 0.86 Mbit/s
Tue Feb 14 21:45:01 CET 2017
Ping: 23.996 ms
Download: 21.02 Mbit/s
Upload: 0.84 Mbit/s
Tue Feb 14 22:45:01 CET 2017
Ping: 27.679 ms
Download: 8.03 Mbit/s
Upload: 0.86 Mbit/s
Tue Feb 14 23:45:01 CET 2017
Ping: 26.796 ms
Download: 21.46 Mbit/s
Upload: 0.86 Mbit/s
Wed Feb 15 00:45:01 CET 2017
Ping: 24.381 ms
Download: 21.43 Mbit/s
Upload: 0.87 Mbit/s
Wed Feb 15 01:45:01 CET 2017
Ping: 29.004 ms
Download: 21.02 Mbit/s
Upload: 0.85 Mbit/s
Wed Feb 15 02:45:01 CET 2017
Ping: 31.549 ms
Download: 21.40 Mbit/s
Upload: 0.87 Mbit/s
Wed Feb 15 03:45:02 CET 2017
Ping: 31.117 ms
Download: 20.73 Mbit/s
Upload: 0.87 Mbit/s
Wed Feb 15 04:45:02 CET 2017
Ping: 28.617 ms
Download: 21.08 Mbit/s
Upload: 0.81 Mbit/s
Wed Feb 15 05:45:02 CET 2017
Ping: 27.642 ms
Download: 21.07 Mbit/s
Upload: 0.83 Mbit/s
Wed Feb 15 06:45:01 CET 2017
Ping: 25.28 ms
Download: 21.42 Mbit/s
Upload: 0.86 Mbit/s
Wed Feb 15 07:45:01 CET 2017
Ping: 31.881 ms
Download: 20.35 Mbit/s
Upload: 0.67 Mbit/s
Wed Feb 15 08:45:01 CET 2017
Ping: 24.922 ms
Download: 21.24 Mbit/s
Upload: 0.83 Mbit/s
Wed Feb 15 09:45:01 CET 2017
Ping: 27.5 ms
Download: 21.16 Mbit/s
Upload: 0.84 Mbit/s
Wed Feb 15 10:45:01 CET 2017
Ping: 26.788 ms
Download: 14.94 Mbit/s
Upload: 0.85 Mbit/s
Wed Feb 15 11:45:01 CET 2017
Ping: 29.187 ms
Download: 21.14 Mbit/s
Upload: 0.85 Mbit/s
Wed Feb 15 12:45:01 CET 2017
Ping: 26.216 ms
Download: 21.42 Mbit/s
Upload: 0.86 Mbit/s
Wed Feb 15 13:45:01 CET 2017
Ping: 27.844 ms
Download: 11.15 Mbit/s
Upload: 0.84 Mbit/s
Wed Feb 15 14:45:01 CET 2017
Ping: 28.288 ms
Download: 6.72 Mbit/s
Upload: 0.81 Mbit/s
Wed Feb 15 15:45:01 CET 2017
Ping: 27.188 ms
Download: 6.54 Mbit/s
Upload: 0.85 Mbit/s
Wed Feb 15 16:45:01 CET 2017
Ping: 24.673 ms
Download: 21.20 Mbit/s
Upload: 0.86 Mbit/s
Wed Feb 15 17:45:02 CET 2017
Ping: 27.701 ms
Download: 13.59 Mbit/s
Upload: 0.86 Mbit/s
Wed Feb 15 18:45:01 CET 2017
Ping: 25.507 ms
Download: 20.07 Mbit/s
Upload: 0.81 Mbit/s
Wed Feb 15 19:45:01 CET 2017
Ping: 53.153 ms
Download: 18.74 Mbit/s
Upload: 0.83 Mbit/s
Wed Feb 15 20:45:01 CET 2017
Ping: 27.9 ms
Download: 20.43 Mbit/s
Upload: 0.86 Mbit/s
Wed Feb 15 21:45:01 CET 2017
Ping: 26.717 ms
Download: 20.69 Mbit/s
Upload: 0.84 Mbit/s
Wed Feb 15 22:45:01 CET 2017
Ping: 23.479 ms
Download: 21.43 Mbit/s
Upload: 0.87 Mbit/s
Wed Feb 15 23:45:01 CET 2017
Ping: 24.261 ms
Download: 21.39 Mbit/s
Upload: 0.87 Mbit/s
Thu Feb 16 00:45:02 CET 2017
Ping: 25.339 ms
Download: 21.40 Mbit/s
Upload: 0.86 Mbit/s
Thu Feb 16 01:45:01 CET 2017
Ping: 24.63 ms
Download: 21.40 Mbit/s
Upload: 0.87 Mbit/s
Thu Feb 16 02:45:01 CET 2017
Ping: 22.994 ms
Download: 21.40 Mbit/s
Upload: 0.87 Mbit/s
Thu Feb 16 03:45:01 CET 2017
Ping: 25.896 ms
Download: 21.42 Mbit/s
Upload: 0.87 Mbit/s
Thu Feb 16 04:45:01 CET 2017
Ping: 24.108 ms
Download: 21.40 Mbit/s
Upload: 0.76 Mbit/s
Thu Feb 16 05:45:01 CET 2017
Ping: 22.745 ms
Download: 21.40 Mbit/s
Upload: 0.87 Mbit/s
Thu Feb 16 06:45:01 CET 2017
Ping: 24.064 ms
Download: 20.58 Mbit/s
Upload: 0.80 Mbit/s
Thu Feb 16 07:45:01 CET 2017
Ping: 23.07 ms
Download: 21.40 Mbit/s
Upload: 0.87 Mbit/s
Thu Feb 16 08:45:01 CET 2017
Ping: 23.967 ms
Download: 21.39 Mbit/s
Upload: 0.87 Mbit/s
Thu Feb 16 09:45:01 CET 2017
Ping: 24.916 ms
Download: 21.39 Mbit/s
Upload: 0.84 Mbit/s
Thu Feb 16 10:45:01 CET 2017
Ping: 25.194 ms
Download: 21.39 Mbit/s
Upload: 0.87 Mbit/s
Thu Feb 16 11:45:01 CET 2017
Ping: 23.042 ms
Download: 21.34 Mbit/s
Upload: 0.87 Mbit/s
Thu Feb 16 12:45:02 CET 2017
Ping: 37.1 ms
Download: 15.65 Mbit/s
Upload: 0.33 Mbit/s
Thu Feb 16 13:45:01 CET 2017
Ping: 23.69 ms
Download: 17.88 Mbit/s
Upload: 0.68 Mbit/s
Thu Feb 16 14:45:02 CET 2017
Ping: 22.89 ms
Download: 21.43 Mbit/s
Upload: 0.87 Mbit/s
Thu Feb 16 15:45:01 CET 2017
Ping: 24.699 ms
Download: 21.39 Mbit/s
Upload: 0.86 Mbit/s
Thu Feb 16 16:45:01 CET 2017
Ping: 23.137 ms
Download: 21.39 Mbit/s
Upload: 0.86 Mbit/s
Thu Feb 16 17:45:01 CET 2017
Ping: 27.406 ms
Download: 21.42 Mbit/s
Upload: 0.87 Mbit/s
Thu Feb 16 18:45:01 CET 2017
Ping: 26.224 ms
Download: 20.67 Mbit/s
Upload: 0.88 Mbit/s
Thu Feb 16 19:45:01 CET 2017
Ping: 26.522 ms
Download: 20.51 Mbit/s
Upload: 0.77 Mbit/s
Thu Feb 16 20:45:01 CET 2017
Ping: 25.213 ms
Download: 17.33 Mbit/s
Upload: 0.59 Mbit/s
Thu Feb 16 21:45:01 CET 2017
Ping: 23.033 ms
Download: 21.38 Mbit/s
Upload: 0.80 Mbit/s
Thu Feb 16 22:45:01 CET 2017
Ping: 28.507 ms
Download: 21.28 Mbit/s
Upload: 0.86 Mbit/s
Thu Feb 16 23:45:01 CET 2017
Ping: 26.992 ms
Download: 20.79 Mbit/s
Upload: 0.82 Mbit/s
Fri Feb 17 00:45:01 CET 2017
Ping: 23.823 ms
Download: 21.39 Mbit/s
Upload: 0.87 Mbit/s
Fri Feb 17 01:45:01 CET 2017
Ping: 23.433 ms
Download: 21.39 Mbit/s
Upload: 0.87 Mbit/s
Fri Feb 17 02:45:01 CET 2017
Ping: 22.583 ms
Download: 21.40 Mbit/s
Upload: 0.87 Mbit/s
Fri Feb 17 03:45:01 CET 2017
Ping: 24.891 ms
Download: 21.39 Mbit/s
Upload: 0.87 Mbit/s
Fri Feb 17 04:45:02 CET 2017
Ping: 24.581 ms
Download: 21.39 Mbit/s
Upload: 0.88 Mbit/s
Fri Feb 17 05:45:01 CET 2017
Ping: 24.561 ms
Download: 21.43 Mbit/s
Upload: 0.86 Mbit/s
Fri Feb 17 06:45:01 CET 2017
Ping: 28.24 ms
Download: 21.13 Mbit/s
Upload: 0.84 Mbit/s
Fri Feb 17 07:45:02 CET 2017
Ping: 22.892 ms
Download: 21.43 Mbit/s
Upload: 0.83 Mbit/s
Fri Feb 17 08:45:01 CET 2017
Ping: 23.872 ms
Download: 21.34 Mbit/s
Upload: 0.78 Mbit/s
Fri Feb 17 09:45:01 CET 2017
Ping: 24.034 ms
Download: 21.13 Mbit/s
Upload: 0.85 Mbit/s
Fri Feb 17 10:45:01 CET 2017
Ping: 26.616 ms
Download: 21.40 Mbit/s
Upload: 0.83 Mbit/s
Fri Feb 17 11:45:01 CET 2017
Ping: 24.748 ms
Download: 18.45 Mbit/s
Upload: 0.80 Mbit/s
Fri Feb 17 12:45:01 CET 2017
Ping: 25.35 ms
Download: 20.54 Mbit/s
Upload: 0.76 Mbit/s
Fri Feb 17 13:45:01 CET 2017
Ping: 25.741 ms
Download: 21.40 Mbit/s
Upload: 0.87 Mbit/s
Fri Feb 17 14:45:01 CET 2017
Ping: 25.002 ms
Download: 21.39 Mbit/s
Upload: 0.85 Mbit/s
Fri Feb 17 15:45:01 CET 2017
Ping: 25.168 ms
Download: 20.65 Mbit/s
Upload: 0.86 Mbit/s
Fri Feb 17 16:45:01 CET 2017
Ping: 26.361 ms
Download: 20.12 Mbit/s
Upload: 0.84 Mbit/s
Fri Feb 17 17:45:01 CET 2017
Ping: 23.615 ms
Download: 21.43 Mbit/s
Upload: 0.87 Mbit/s
Fri Feb 17 18:45:01 CET 2017
Ping: 29.114 ms
Download: 20.42 Mbit/s
Upload: 0.75 Mbit/s
Fri Feb 17 19:45:01 CET 2017
Ping: 28.166 ms
Download: 21.42 Mbit/s
Upload: 0.87 Mbit/s
Fri Feb 17 20:45:01 CET 2017
Ping: 24.894 ms
Download: 21.42 Mbit/s
Upload: 0.86 Mbit/s
Fri Feb 17 21:45:01 CET 2017
Ping: 23.668 ms
Download: 17.11 Mbit/s
Upload: 0.78 Mbit/s
Fri Feb 17 22:45:01 CET 2017
Ping: 24.241 ms
Download: 17.15 Mbit/s
Upload: 0.70 Mbit/s
Fri Feb 17 23:45:01 CET 2017
Ping: 29.855 ms
Download: 20.66 Mbit/s
Upload: 0.86 Mbit/s
Sat Feb 18 00:45:01 CET 2017
Ping: 23.575 ms
Download: 21.43 Mbit/s
Upload: 0.87 Mbit/s
Sat Feb 18 01:45:01 CET 2017
Ping: 26.292 ms
Download: 21.03 Mbit/s
Upload: 0.83 Mbit/s
Sat Feb 18 02:45:01 CET 2017
Ping: 24.593 ms
Download: 21.39 Mbit/s
Upload: 0.87 Mbit/s
Sat Feb 18 03:45:01 CET 2017
Ping: 23.84 ms
Download: 21.40 Mbit/s
Upload: 0.86 Mbit/s
Sat Feb 18 04:45:01 CET 2017
Ping: 25.04 ms
Download: 21.40 Mbit/s
Upload: 0.88 Mbit/s
Sat Feb 18 05:45:01 CET 2017
Ping: 23.389 ms
Download: 21.39 Mbit/s
Upload: 0.86 Mbit/s
Sat Feb 18 06:45:01 CET 2017
Ping: 27.2 ms
Download: 21.36 Mbit/s
Upload: 0.85 Mbit/s
Sat Feb 18 07:45:01 CET 2017
Ping: 24.897 ms
Download: 20.41 Mbit/s
Upload: 0.81 Mbit/s
Sat Feb 18 08:45:01 CET 2017
Ping: 25.187 ms
Download: 21.13 Mbit/s
Upload: 0.80 Mbit/s
Sat Feb 18 09:45:02 CET 2017
Ping: 24.906 ms
Download: 21.22 Mbit/s
Upload: 0.81 Mbit/s
Sat Feb 18 10:45:01 CET 2017
Ping: 25.113 ms
Download: 21.39 Mbit/s
Upload: 0.86 Mbit/s
Sat Feb 18 11:45:01 CET 2017
Ping: 24.363 ms
Download: 21.42 Mbit/s
Upload: 0.86 Mbit/s
Sat Feb 18 12:45:02 CET 2017
Ping: 40.029 ms
Download: 14.13 Mbit/s
Upload: 0.57 Mbit/s
Sat Feb 18 13:45:01 CET 2017
Ping: 25.215 ms
Download: 20.63 Mbit/s
Upload: 0.81 Mbit/s
Sat Feb 18 14:45:01 CET 2017
Ping: 24.898 ms
Download: 21.20 Mbit/s
Upload: 0.88 Mbit/s
Sat Feb 18 15:45:01 CET 2017
Ping: 28.569 ms
Download: 20.77 Mbit/s
Upload: 0.80 Mbit/s
Sat Feb 18 16:45:01 CET 2017
Ping: 24.009 ms
Download: 21.39 Mbit/s
Upload: 0.87 Mbit/s
Sat Feb 18 17:45:01 CET 2017
Ping: 23.464 ms
Download: 20.55 Mbit/s
Upload: 0.82 Mbit/s
Sat Feb 18 18:45:01 CET 2017
Ping: 24.921 ms
Download: 21.42 Mbit/s
Upload: 0.87 Mbit/s
Sat Feb 18 19:45:01 CET 2017
Ping: 24.358 ms
Download: 21.40 Mbit/s
Upload: 0.86 Mbit/s
Sat Feb 18 20:45:01 CET 2017
Ping: 58.375 ms
Download: 8.71 Mbit/s
Upload: 0.66 Mbit/s
Sat Feb 18 21:45:01 CET 2017
Ping: 24.158 ms
Download: 16.64 Mbit/s
Upload: 0.67 Mbit/s
Sat Feb 18 22:45:01 CET 2017
Ping: 25.482 ms
Download: 20.10 Mbit/s
Upload: 0.84 Mbit/s
Sat Feb 18 23:45:01 CET 2017
Ping: 26.514 ms
Download: 21.42 Mbit/s
Upload: 0.87 Mbit/s
Sun Feb 19 00:45:01 CET 2017
Ping: 23.19 ms
Download: 21.40 Mbit/s
Upload: 0.86 Mbit/s
Sun Feb 19 01:45:01 CET 2017
Ping: 25.92 ms
Download: 21.40 Mbit/s
Upload: 0.86 Mbit/s
Sun Feb 19 02:45:01 CET 2017
Ping: 24.845 ms
Download: 21.39 Mbit/s
Upload: 0.75 Mbit/s
Sun Feb 19 03:45:01 CET 2017
Ping: 24.823 ms
Download: 21.39 Mbit/s
Upload: 0.84 Mbit/s
Sun Feb 19 04:45:01 CET 2017
Ping: 24.913 ms
Download: 21.40 Mbit/s
Upload: 0.87 Mbit/s
Sun Feb 19 05:45:01 CET 2017
Ping: 26.448 ms
Download: 21.43 Mbit/s
Upload: 0.86 Mbit/s
Sun Feb 19 06:45:01 CET 2017
Ping: 24.455 ms
Download: 21.42 Mbit/s
Upload: 0.86 Mbit/s
Sun Feb 19 07:45:01 CET 2017
Ping: 25.265 ms
Download: 20.66 Mbit/s
Upload: 0.85 Mbit/s
Sun Feb 19 08:45:01 CET 2017
Ping: 22.806 ms
Download: 21.43 Mbit/s
Upload: 0.86 Mbit/s
Sun Feb 19 09:45:01 CET 2017
Ping: 23.321 ms
Download: 18.00 Mbit/s
Upload: 0.73 Mbit/s
Sun Feb 19 10:45:02 CET 2017
Ping: 34.373 ms
Download: 18.67 Mbit/s
Upload: 0.76 Mbit/s
Sun Feb 19 11:45:01 CET 2017
Ping: 28.058 ms
Download: 20.41 Mbit/s
Upload: 0.88 Mbit/s
Sun Feb 19 12:45:01 CET 2017
Ping: 24.986 ms
Download: 21.40 Mbit/s
Upload: 0.86 Mbit/s
Sun Feb 19 13:45:01 CET 2017
Ping: 22.956 ms
Download: 21.40 Mbit/s
Upload: 0.86 Mbit/s
Sun Feb 19 14:45:01 CET 2017
Ping: 24.882 ms
Download: 21.36 Mbit/s
Upload: 0.87 Mbit/s
Sun Feb 19 15:45:01 CET 2017
Ping: 24.895 ms
Download: 21.30 Mbit/s
Upload: 0.84 Mbit/s
Sun Feb 19 16:45:01 CET 2017
Ping: 26.547 ms
Download: 21.39 Mbit/s
Upload: 0.86 Mbit/s
Sun Feb 19 17:45:01 CET 2017
Ping: 25.717 ms
Download: 18.55 Mbit/s
Upload: 0.81 Mbit/s
Sun Feb 19 18:45:01 CET 2017
Ping: 22.748 ms
Download: 21.40 Mbit/s
Upload: 0.85 Mbit/s
Sun Feb 19 19:45:01 CET 2017
Ping: 24.701 ms
Download: 21.39 Mbit/s
Upload: 0.82 Mbit/s
Sun Feb 19 20:45:01 CET 2017
Ping: 26.66 ms
Download: 19.31 Mbit/s
Upload: 0.76 Mbit/s
Sun Feb 19 21:45:01 CET 2017
Ping: 22.485 ms
Download: 21.39 Mbit/s
Upload: 0.87 Mbit/s
Sun Feb 19 22:45:01 CET 2017
Ping: 25.181 ms
Download: 21.16 Mbit/s
Upload: 0.85 Mbit/s
Sun Feb 19 23:45:01 CET 2017
Ping: 27.523 ms
Download: 21.39 Mbit/s
Upload: 0.86 Mbit/s
Mon Feb 20 00:45:01 CET 2017
Ping: 24.098 ms
Download: 21.39 Mbit/s
Upload: 0.87 Mbit/s
Mon Feb 20 01:45:01 CET 2017
Ping: 24.855 ms
Download: 21.40 Mbit/s
Upload: 0.86 Mbit/s
Mon Feb 20 02:45:01 CET 2017
Ping: 24.574 ms
Download: 21.43 Mbit/s
Upload: 0.86 Mbit/s
Mon Feb 20 03:45:01 CET 2017
Ping: 24.723 ms
Download: 21.40 Mbit/s
Upload: 0.86 Mbit/s
Mon Feb 20 04:45:01 CET 2017
Ping: 23.368 ms
Download: 21.40 Mbit/s
Upload: 0.86 Mbit/s
Mon Feb 20 05:45:01 CET 2017
Ping: 25.225 ms
Download: 21.43 Mbit/s
Upload: 0.87 Mbit/s
Mon Feb 20 06:45:01 CET 2017
Ping: 23.11 ms
Download: 21.29 Mbit/s
Upload: 0.87 Mbit/s
Mon Feb 20 07:45:01 CET 2017
Ping: 22.82 ms
Download: 21.39 Mbit/s
Upload: 0.79 Mbit/s
Mon Feb 20 08:45:01 CET 2017
Ping: 24.268 ms
Download: 21.40 Mbit/s
Upload: 0.87 Mbit/s
Mon Feb 20 09:45:01 CET 2017
Ping: 27.354 ms
Download: 20.99 Mbit/s
Upload: 0.86 Mbit/s
Mon Feb 20 10:45:01 CET 2017
Ping: 24.967 ms
Download: 21.39 Mbit/s
Upload: 0.87 Mbit/s
Mon Feb 20 11:45:01 CET 2017
Ping: 24.934 ms
Download: 21.38 Mbit/s
Upload: 0.87 Mbit/s
Mon Feb 20 12:45:01 CET 2017
Ping: 24.146 ms
Download: 20.86 Mbit/s
Upload: 0.86 Mbit/s
Mon Feb 20 13:45:01 CET 2017
Ping: 22.444 ms
Download: 20.82 Mbit/s
Upload: 0.83 Mbit/s
Mon Feb 20 14:45:01 CET 2017
Ping: 26.344 ms
Download: 21.43 Mbit/s
Upload: 0.86 Mbit/s
Mon Feb 20 15:45:01 CET 2017
Ping: 29.577 ms
Download: 20.88 Mbit/s
Upload: 0.86 Mbit/s
Mon Feb 20 16:45:01 CET 2017
Ping: 24.86 ms
Download: 21.39 Mbit/s
Upload: 0.86 Mbit/s
Mon Feb 20 17:45:01 CET 2017
Ping: 25.634 ms
Download: 21.32 Mbit/s
Upload: 0.88 Mbit/s
Mon Feb 20 18:45:02 CET 2017
Ping: 30.996 ms
Download: 20.59 Mbit/s
Upload: 0.87 Mbit/s
Mon Feb 20 19:45:01 CET 2017
Ping: 28.388 ms
Download: 19.67 Mbit/s
Upload: 0.81 Mbit/s
Mon Feb 20 20:45:01 CET 2017
Ping: 23.666 ms
Download: 18.25 Mbit/s
Upload: 0.75 Mbit/s
Mon Feb 20 21:45:01 CET 2017
Ping: 24.824 ms
Download: 21.38 Mbit/s
Upload: 0.84 Mbit/s
Mon Feb 20 22:45:01 CET 2017
Ping: 27.388 ms
Download: 21.29 Mbit/s
Upload: 0.75 Mbit/s
Mon Feb 20 23:45:01 CET 2017
Ping: 26.721 ms
Download: 21.40 Mbit/s
Upload: 0.86 Mbit/s
Tue Feb 21 00:45:01 CET 2017
Ping: 24.598 ms
Download: 21.43 Mbit/s
Upload: 0.85 Mbit/s
Tue Feb 21 01:45:01 CET 2017
Ping: 26.325 ms
Download: 21.07 Mbit/s
Upload: 0.80 Mbit/s
Tue Feb 21 02:45:01 CET 2017
Ping: 23.843 ms
Download: 21.40 Mbit/s
Upload: 0.86 Mbit/s
Tue Feb 21 03:45:01 CET 2017
Ping: 23.354 ms
Download: 21.40 Mbit/s
Upload: 0.88 Mbit/s
Tue Feb 21 04:45:01 CET 2017
Ping: 22.844 ms
Download: 21.39 Mbit/s
Upload: 0.86 Mbit/s
Tue Feb 21 05:45:01 CET 2017
Ping: 24.611 ms
Download: 21.43 Mbit/s
Upload: 0.87 Mbit/s
Tue Feb 21 06:45:01 CET 2017
Ping: 23.074 ms
Download: 21.43 Mbit/s
Upload: 0.86 Mbit/s
Tue Feb 21 07:45:01 CET 2017
Ping: 23.496 ms
Download: 21.45 Mbit/s
Upload: 0.86 Mbit/s
Tue Feb 21 08:45:01 CET 2017
Ping: 23.889 ms
Download: 21.39 Mbit/s
Upload: 0.86 Mbit/s
Tue Feb 21 09:45:01 CET 2017
Ping: 24.038 ms
Download: 21.42 Mbit/s
Upload: 0.86 Mbit/s
Tue Feb 21 10:45:01 CET 2017
Ping: 23.007 ms
Download: 21.40 Mbit/s
Upload: 0.87 Mbit/s
Tue Feb 21 11:45:01 CET 2017
Ping: 25.114 ms
Download: 21.40 Mbit/s
Upload: 0.84 Mbit/s
Tue Feb 21 12:45:01 CET 2017
Ping: 23.886 ms
Download: 21.43 Mbit/s
Upload: 0.83 Mbit/s
Tue Feb 21 13:45:01 CET 2017
Ping: 23.966 ms
Download: 21.39 Mbit/s
Upload: 0.87 Mbit/s
Tue Feb 21 14:45:01 CET 2017
Ping: 28.022 ms
Download: 21.27 Mbit/s
Upload: 0.84 Mbit/s
Tue Feb 21 15:45:01 CET 2017
Ping: 23.107 ms
Download: 21.39 Mbit/s
Upload: 0.86 Mbit/s
Tue Feb 21 16:45:01 CET 2017
Ping: 24.496 ms
Download: 21.39 Mbit/s
Upload: 0.86 Mbit/s
Tue Feb 21 17:45:01 CET 2017
Ping: 23.744 ms
Download: 21.28 Mbit/s
Upload: 0.81 Mbit/s
Tue Feb 21 18:45:01 CET 2017
Ping: 27.263 ms
Download: 18.83 Mbit/s
Upload: 0.83 Mbit/s
Tue Feb 21 19:45:01 CET 2017
Ping: 25.184 ms
Download: 20.71 Mbit/s
Upload: 0.80 Mbit/s
Tue Feb 21 20:45:01 CET 2017
Ping: 28.135 ms
Download: 21.41 Mbit/s
Upload: 0.86 Mbit/s
Tue Feb 21 21:45:01 CET 2017
Ping: 26.437 ms
Download: 21.43 Mbit/s
Upload: 0.85 Mbit/s
Tue Feb 21 22:45:01 CET 2017
Ping: 27.776 ms
Download: 20.79 Mbit/s
Upload: 0.84 Mbit/s
Tue Feb 21 23:45:01 CET 2017
Ping: 24.966 ms
Download: 3.36 Mbit/s
Upload: 0.86 Mbit/s
Wed Feb 22 00:45:01 CET 2017
Ping: 25.181 ms
Download: 1.04 Mbit/s
Upload: 0.87 Mbit/s
Wed Feb 22 01:45:01 CET 2017
Ping: 23.312 ms
Download: 18.30 Mbit/s
Upload: 0.80 Mbit/s
Wed Feb 22 02:45:01 CET 2017
Ping: 24.063 ms
Download: 1.97 Mbit/s
Upload: 0.87 Mbit/s
Wed Feb 22 03:45:01 CET 2017
Ping: 23.541 ms
Download: 2.04 Mbit/s
Upload: 0.87 Mbit/s
Wed Feb 22 04:45:01 CET 2017
Ping: 25.094 ms
Download: 4.20 Mbit/s
Upload: 0.87 Mbit/s
Wed Feb 22 05:45:01 CET 2017
Ping: 24.204 ms
Download: 1.84 Mbit/s
Upload: 0.87 Mbit/s
Wed Feb 22 06:45:01 CET 2017
Ping: 23.641 ms
Download: 1.25 Mbit/s
Upload: 0.87 Mbit/s
Wed Feb 22 07:45:01 CET 2017
Ping: 23.819 ms
Download: 4.68 Mbit/s
Upload: 0.86 Mbit/s
Wed Feb 22 08:45:01 CET 2017
Ping: 25.202 ms
Download: 1.39 Mbit/s
Upload: 0.86 Mbit/s
Wed Feb 22 09:45:01 CET 2017
Ping: 24.749 ms
Download: 1.20 Mbit/s
Upload: 0.86 Mbit/s
Wed Feb 22 10:45:01 CET 2017
Ping: 29.806 ms
Download: 21.31 Mbit/s
Upload: 0.70 Mbit/s
Wed Feb 22 11:45:01 CET 2017
Ping: 26.51 ms
Download: 1.90 Mbit/s
Upload: 0.83 Mbit/s
Wed Feb 22 12:45:01 CET 2017
Ping: 24.013 ms
Download: 21.05 Mbit/s
Upload: 0.88 Mbit/s
Wed Feb 22 13:45:01 CET 2017
Ping: 22.066 ms
Download: 0.85 Mbit/s
Upload: 0.83 Mbit/s
Wed Feb 22 14:45:01 CET 2017
Ping: 22.945 ms
Download: 0.91 Mbit/s
Upload: 0.76 Mbit/s
Wed Feb 22 15:45:01 CET 2017
Ping: 22.22 ms
Download: 1.42 Mbit/s
Upload: 0.77 Mbit/s
Wed Feb 22 16:45:01 CET 2017
Ping: 26.514 ms
Download: 1.14 Mbit/s
Upload: 0.78 Mbit/s
Wed Feb 22 17:45:01 CET 2017
Ping: 25.17 ms
Download: 1.39 Mbit/s
Upload: 0.85 Mbit/s
Wed Feb 22 18:45:01 CET 2017
Ping: 27.971 ms
Download: 1.07 Mbit/s
Upload: 0.41 Mbit/s
Wed Feb 22 19:45:01 CET 2017
Ping: 28.039 ms
Download: 1.39 Mbit/s
Upload: 0.84 Mbit/s
Wed Feb 22 20:45:01 CET 2017
Ping: 24.287 ms
Download: 21.40 Mbit/s
Upload: 0.78 Mbit/s
Wed Feb 22 21:45:01 CET 2017
Ping: 23.112 ms
Download: 21.03 Mbit/s
Upload: 0.85 Mbit/s
Wed Feb 22 22:45:01 CET 2017
Ping: 23.806 ms
Download: 1.91 Mbit/s
Upload: 0.85 Mbit/s
Wed Feb 22 23:45:01 CET 2017
Ping: 24.338 ms
Download: 1.45 Mbit/s
Upload: 0.80 Mbit/s
Thu Feb 23 00:45:01 CET 2017
Ping: 24.655 ms
Download: 2.20 Mbit/s
Upload: 0.86 Mbit/s
Thu Feb 23 01:45:01 CET 2017
Ping: 24.72 ms
Download: 1.80 Mbit/s
Upload: 0.86 Mbit/s
Thu Feb 23 02:45:01 CET 2017
Ping: 23.434 ms
Download: 3.81 Mbit/s
Upload: 0.87 Mbit/s
Thu Feb 23 03:45:01 CET 2017
Ping: 24.196 ms
Download: 21.40 Mbit/s
Upload: 0.88 Mbit/s
Thu Feb 23 04:45:01 CET 2017
Ping: 23.993 ms
Download: 2.80 Mbit/s
Upload: 0.87 Mbit/s
Thu Feb 23 05:45:01 CET 2017
Ping: 24.659 ms
Download: 2.59 Mbit/s
Upload: 0.87 Mbit/s
Thu Feb 23 06:45:01 CET 2017
Ping: 23.337 ms
Download: 2.46 Mbit/s
Upload: 0.86 Mbit/s
Thu Feb 23 07:45:01 CET 2017
Ping: 22.638 ms
Download: 1.20 Mbit/s
Upload: 0.86 Mbit/s
Thu Feb 23 08:45:01 CET 2017
Ping: 23.884 ms
Download: 0.98 Mbit/s
Upload: 0.87 Mbit/s
Thu Feb 23 09:45:02 CET 2017
Ping: 26.309 ms
Download: 2.08 Mbit/s
Upload: 0.87 Mbit/s
Thu Feb 23 10:45:01 CET 2017
Ping: 23.64 ms
Download: 1.74 Mbit/s
Upload: 0.87 Mbit/s
Thu Feb 23 11:45:01 CET 2017
Ping: 25.991 ms
Download: 0.96 Mbit/s
Upload: 0.86 Mbit/s
Thu Feb 23 12:45:01 CET 2017
Ping: 23.45 ms
Download: 1.81 Mbit/s
Upload: 0.87 Mbit/s
Thu Feb 23 13:45:01 CET 2017
Ping: 23.97 ms
Download: 2.78 Mbit/s
Upload: 0.86 Mbit/s
Thu Feb 23 14:45:01 CET 2017
Ping: 23.16 ms
Download: 1.40 Mbit/s
Upload: 0.84 Mbit/s
Thu Feb 23 15:45:01 CET 2017
Ping: 23.109 ms
Download: 21.23 Mbit/s
Upload: 0.84 Mbit/s
Thu Feb 23 16:45:01 CET 2017
Ping: 26.511 ms
Download: 1.73 Mbit/s
Upload: 0.87 Mbit/s
Thu Feb 23 17:45:01 CET 2017
Ping: 28.978 ms
Download: 20.96 Mbit/s
Upload: 0.86 Mbit/s
Thu Feb 23 18:45:01 CET 2017
Ping: 24.833 ms
Download: 21.39 Mbit/s
Upload: 0.77 Mbit/s
Thu Feb 23 19:45:01 CET 2017
Ping: 29.801 ms
Download: 20.85 Mbit/s
Upload: 0.82 Mbit/s
Thu Feb 23 20:45:01 CET 2017
Ping: 27.988 ms
Download: 16.46 Mbit/s
Upload: 0.74 Mbit/s
Thu Feb 23 21:45:01 CET 2017
Ping: 22.268 ms
Download: 21.34 Mbit/s
Upload: 0.86 Mbit/s
Thu Feb 23 22:45:01 CET 2017
Ping: 24.041 ms
Download: 21.42 Mbit/s
Upload: 0.88 Mbit/s
Thu Feb 23 23:45:01 CET 2017
Ping: 23.715 ms
Download: 21.39 Mbit/s
Upload: 0.86 Mbit/s
Fri Feb 24 00:45:01 CET 2017
Ping: 24.792 ms
Download: 21.38 Mbit/s
Upload: 0.87 Mbit/s
Fri Feb 24 01:45:02 CET 2017
Ping: 24.198 ms
Download: 21.39 Mbit/s
Upload: 0.86 Mbit/s
Fri Feb 24 02:45:01 CET 2017
Ping: 23.157 ms
Download: 21.36 Mbit/s
Upload: 0.87 Mbit/s
Fri Feb 24 03:45:01 CET 2017
Ping: 23.645 ms
Download: 21.39 Mbit/s
Upload: 0.86 Mbit/s
Fri Feb 24 04:45:01 CET 2017
Ping: 24.856 ms
Download: 21.39 Mbit/s
Upload: 0.86 Mbit/s
Fri Feb 24 05:45:01 CET 2017
Ping: 23.508 ms
Download: 21.40 Mbit/s
Upload: 0.86 Mbit/s
Fri Feb 24 06:45:01 CET 2017
Ping: 26.69 ms
Download: 21.28 Mbit/s
Upload: 0.88 Mbit/s
Fri Feb 24 07:45:01 CET 2017
Ping: 23.249 ms
Download: 21.39 Mbit/s
Upload: 0.87 Mbit/s
Fri Feb 24 08:45:02 CET 2017
Ping: 28.101 ms
Download: 21.28 Mbit/s
Upload: 0.85 Mbit/s
Fri Feb 24 09:45:01 CET 2017
Ping: 22.983 ms
Download: 21.41 Mbit/s
Upload: 0.86 Mbit/s
Fri Feb 24 10:45:01 CET 2017
Ping: 27.866 ms
Download: 21.22 Mbit/s
Upload: 0.87 Mbit/s
Fri Feb 24 11:45:01 CET 2017
Ping: 26.272 ms
Download: 16.79 Mbit/s
Upload: 0.74 Mbit/s
Fri Feb 24 12:45:01 CET 2017
Ping: 24.684 ms
Download: 21.20 Mbit/s
Upload: 0.86 Mbit/s
Fri Feb 24 13:45:01 CET 2017
Ping: 24.129 ms
Download: 18.85 Mbit/s
Upload: 0.84 Mbit/s
Fri Feb 24 14:45:01 CET 2017
Ping: 23.926 ms
Download: 21.05 Mbit/s
Upload: 0.85 Mbit/s
Fri Feb 24 15:45:01 CET 2017
Ping: 23.366 ms
Download: 16.51 Mbit/s
Upload: 0.73 Mbit/s
Fri Feb 24 16:45:01 CET 2017
Ping: 24.295 ms
Download: 21.34 Mbit/s
Upload: 0.86 Mbit/s
Fri Feb 24 17:45:02 CET 2017
Ping: 27.174 ms
Download: 21.31 Mbit/s
Upload: 0.84 Mbit/s
Fri Feb 24 18:45:01 CET 2017
Ping: 25.179 ms
Download: 19.91 Mbit/s
Upload: 0.79 Mbit/s
Fri Feb 24 19:45:01 CET 2017
Ping: 25.171 ms
Download: 21.39 Mbit/s
Upload: 0.86 Mbit/s
Fri Feb 24 20:45:01 CET 2017
Ping: 31.002 ms
Download: 16.74 Mbit/s
Upload: 0.74 Mbit/s
Fri Feb 24 21:45:01 CET 2017
Ping: 23.109 ms
Download: 18.88 Mbit/s
Upload: 0.82 Mbit/s
Fri Feb 24 22:45:01 CET 2017
Ping: 24.85 ms
Download: 20.70 Mbit/s
Upload: 0.75 Mbit/s
Fri Feb 24 23:45:01 CET 2017
Ping: 24.42 ms
Download: 20.53 Mbit/s
Upload: 0.81 Mbit/s
Sat Feb 25 00:45:01 CET 2017
Ping: 23.122 ms
Download: 21.44 Mbit/s
Upload: 0.89 Mbit/s
Sat Feb 25 01:45:01 CET 2017
Ping: 28.009 ms
Download: 21.10 Mbit/s
Upload: 0.82 Mbit/s
Sat Feb 25 02:45:01 CET 2017
Ping: 24.844 ms
Download: 21.40 Mbit/s
Upload: 0.86 Mbit/s
Sat Feb 25 03:45:01 CET 2017
Ping: 23.619 ms
Download: 21.44 Mbit/s
Upload: 0.88 Mbit/s
Sat Feb 25 04:45:01 CET 2017
Ping: 24.865 ms
Download: 21.42 Mbit/s
Upload: 0.86 Mbit/s
Sat Feb 25 05:45:01 CET 2017
Ping: 28.192 ms
Download: 20.87 Mbit/s
Upload: 0.87 Mbit/s
Sat Feb 25 06:45:02 CET 2017
Ping: 23.532 ms
Download: 21.46 Mbit/s
Upload: 0.83 Mbit/s
Sat Feb 25 07:45:01 CET 2017
Ping: 25.452 ms
Download: 21.35 Mbit/s
Upload: 0.87 Mbit/s
Sat Feb 25 08:45:01 CET 2017
Ping: 25.383 ms
Download: 20.87 Mbit/s
Upload: 0.85 Mbit/s
Sat Feb 25 09:45:01 CET 2017
Ping: 24.046 ms
Download: 21.34 Mbit/s
Upload: 0.86 Mbit/s
Sat Feb 25 10:45:01 CET 2017
Ping: 25.198 ms
Download: 21.39 Mbit/s
Upload: 0.87 Mbit/s
Sat Feb 25 11:45:01 CET 2017
Ping: 24.338 ms
Download: 20.38 Mbit/s
Upload: 0.82 Mbit/s
Sat Feb 25 12:45:01 CET 2017
Ping: 23.459 ms
Download: 21.34 Mbit/s
Upload: 0.69 Mbit/s
Sat Feb 25 13:45:01 CET 2017
Ping: 25.304 ms
Download: 20.82 Mbit/s
Upload: 0.84 Mbit/s
Sat Feb 25 14:45:01 CET 2017
Ping: 24.839 ms
Download: 21.39 Mbit/s
Upload: 0.85 Mbit/s
Sat Feb 25 15:45:01 CET 2017
Ping: 22.598 ms
Download: 21.40 Mbit/s
Upload: 0.88 Mbit/s
Sat Feb 25 16:45:01 CET 2017
Ping: 25.082 ms
Download: 21.39 Mbit/s
Upload: 0.86 Mbit/s
Sat Feb 25 17:45:01 CET 2017
Ping: 25.177 ms
Download: 21.39 Mbit/s
Upload: 0.86 Mbit/s
Sat Feb 25 18:45:01 CET 2017
Ping: 27.183 ms
Download: 21.14 Mbit/s
Upload: 0.82 Mbit/s
Sat Feb 25 19:45:01 CET 2017
Ping: 23.865 ms
Download: 21.43 Mbit/s
Upload: 0.85 Mbit/s
Sat Feb 25 20:45:01 CET 2017
Ping: 23.104 ms
Download: 21.31 Mbit/s
Upload: 0.82 Mbit/s
Sat Feb 25 21:45:01 CET 2017
Ping: 26.519 ms
Download: 21.39 Mbit/s
Upload: 0.86 Mbit/s
Sat Feb 25 22:45:01 CET 2017
Ping: 25.448 ms
Download: 18.56 Mbit/s
Upload: 0.71 Mbit/s
Sat Feb 25 23:45:01 CET 2017
Ping: 27.508 ms
Download: 21.13 Mbit/s
Upload: 0.85 Mbit/s
Sun Feb 26 00:45:01 CET 2017
Ping: 23.464 ms
Download: 21.38 Mbit/s
Upload: 0.86 Mbit/s
Sun Feb 26 01:45:02 CET 2017
Ping: 23.708 ms
Download: 21.43 Mbit/s
Upload: 0.87 Mbit/s
Sun Feb 26 02:45:01 CET 2017
Ping: 24.878 ms
Download: 21.43 Mbit/s
Upload: 0.86 Mbit/s
Sun Feb 26 03:45:01 CET 2017
Ping: 24.354 ms
Download: 21.39 Mbit/s
Upload: 0.87 Mbit/s
Sun Feb 26 04:45:01 CET 2017
Ping: 23.609 ms
Download: 21.41 Mbit/s
Upload: 0.87 Mbit/s
Sun Feb 26 05:45:01 CET 2017
Ping: 27.627 ms
Download: 21.28 Mbit/s
Upload: 0.88 Mbit/s
Sun Feb 26 06:45:01 CET 2017
Ping: 24.268 ms
Download: 21.39 Mbit/s
Upload: 0.87 Mbit/s
Sun Feb 26 07:45:01 CET 2017
Ping: 29.024 ms
Download: 21.11 Mbit/s
Upload: 0.84 Mbit/s
Sun Feb 26 08:45:01 CET 2017
Ping: 28.054 ms
Download: 21.31 Mbit/s
Upload: 0.85 Mbit/s
Sun Feb 26 09:45:01 CET 2017
Ping: 27.656 ms
Download: 20.29 Mbit/s
Upload: 0.80 Mbit/s
Sun Feb 26 10:45:01 CET 2017
Ping: 25.118 ms
Download: 8.42 Mbit/s
Upload: 0.86 Mbit/s
Sun Feb 26 11:45:01 CET 2017
Ping: 28.507 ms
Download: 21.14 Mbit/s
Upload: 0.76 Mbit/s
Sun Feb 26 12:45:01 CET 2017
Ping: 27.654 ms
Download: 21.06 Mbit/s
Upload: 0.86 Mbit/s
Sun Feb 26 13:45:01 CET 2017
Ping: 28.802 ms
Download: 20.31 Mbit/s
Upload: 0.84 Mbit/s
Sun Feb 26 14:45:01 CET 2017
Ping: 29.618 ms
Download: 21.44 Mbit/s
Upload: 0.86 Mbit/s
Sun Feb 26 15:45:01 CET 2017
Ping: 27.534 ms
Download: 21.13 Mbit/s
Upload: 0.86 Mbit/s
Sun Feb 26 16:45:01 CET 2017
Ping: 24.248 ms
Download: 21.40 Mbit/s
Upload: 0.88 Mbit/s
Sun Feb 26 17:45:01 CET 2017
Ping: 27.373 ms
Download: 21.45 Mbit/s
Upload: 0.86 Mbit/s
Sun Feb 26 18:45:01 CET 2017
Ping: 25.457 ms
Download: 21.38 Mbit/s
Upload: 0.87 Mbit/s
Sun Feb 26 19:45:01 CET 2017
Ping: 25.198 ms
Download: 21.41 Mbit/s
Upload: 0.82 Mbit/s
Sun Feb 26 20:45:01 CET 2017
Ping: 26.374 ms
Download: 21.39 Mbit/s
Upload: 0.85 Mbit/s
Sun Feb 26 21:45:01 CET 2017
Ping: 23.171 ms
Download: 21.38 Mbit/s
Upload: 0.88 Mbit/s
Sun Feb 26 22:45:01 CET 2017
Ping: 27.503 ms
Download: 20.74 Mbit/s
Upload: 0.83 Mbit/s
Sun Feb 26 23:45:01 CET 2017
Ping: 24.882 ms
Download: 21.31 Mbit/s
Upload: 0.85 Mbit/s
Mon Feb 27 00:45:01 CET 2017
Ping: 24.891 ms
Download: 21.39 Mbit/s
Upload: 0.86 Mbit/s
Mon Feb 27 01:45:01 CET 2017
Ping: 25.17 ms
Download: 21.40 Mbit/s
Upload: 0.87 Mbit/s
Mon Feb 27 02:45:01 CET 2017
Ping: 26.821 ms
Download: 21.43 Mbit/s
Upload: 0.87 Mbit/s
Mon Feb 27 03:45:01 CET 2017
Ping: 26.035 ms
Download: 21.40 Mbit/s
Upload: 0.87 Mbit/s
Mon Feb 27 04:45:01 CET 2017
Ping: 24.333 ms
Download: 21.40 Mbit/s
Upload: 0.87 Mbit/s
Mon Feb 27 05:45:01 CET 2017
Ping: 23.817 ms
Download: 21.41 Mbit/s
Upload: 0.87 Mbit/s
Mon Feb 27 06:45:01 CET 2017
Ping: 24.412 ms
Download: 21.38 Mbit/s
Upload: 0.88 Mbit/s
Mon Feb 27 07:45:01 CET 2017
Ping: 24.84 ms
Download: 21.38 Mbit/s
Upload: 0.85 Mbit/s
Mon Feb 27 08:45:02 CET 2017
Ping: 22.883 ms
Download: 18.54 Mbit/s
Upload: 0.69 Mbit/s
Mon Feb 27 09:45:01 CET 2017
Ping: 24.301 ms
Download: 19.76 Mbit/s
Upload: 0.78 Mbit/s
Mon Feb 27 10:45:01 CET 2017
Ping: 24.474 ms
Download: 21.38 Mbit/s
Upload: 0.88 Mbit/s
Mon Feb 27 11:45:01 CET 2017
Ping: 27.877 ms
Download: 21.05 Mbit/s
Upload: 0.84 Mbit/s
Mon Feb 27 12:45:01 CET 2017
Ping: 26.511 ms
Download: 21.40 Mbit/s
Upload: 0.86 Mbit/s
Mon Feb 27 13:45:01 CET 2017
Ping: 28.238 ms
Download: 21.10 Mbit/s
Upload: 0.84 Mbit/s
Mon Feb 27 14:45:01 CET 2017
Ping: 26.234 ms
Download: 21.39 Mbit/s
Upload: 0.86 Mbit/s
Mon Feb 27 15:45:01 CET 2017
Ping: 34.215 ms
Download: 16.93 Mbit/s
Upload: 0.56 Mbit/s
Mon Feb 27 16:45:01 CET 2017
Ping: 22.964 ms
Download: 21.39 Mbit/s
Upload: 0.87 Mbit/s
Mon Feb 27 17:45:01 CET 2017
Ping: 27.025 ms
Download: 21.10 Mbit/s
Upload: 0.75 Mbit/s
Mon Feb 27 18:45:01 CET 2017
Ping: 29.033 ms
Download: 19.82 Mbit/s
Upload: 0.79 Mbit/s
Mon Feb 27 19:45:01 CET 2017
Ping: 27.806 ms
Download: 21.38 Mbit/s
Upload: 0.85 Mbit/s
Mon Feb 27 20:45:01 CET 2017
Ping: 27.709 ms
Download: 18.15 Mbit/s
Upload: 0.68 Mbit/s
Mon Feb 27 21:45:01 CET 2017
Ping: 26.435 ms
Download: 15.51 Mbit/s
Upload: 0.65 Mbit/s
Mon Feb 27 22:45:01 CET 2017
Ping: 27.914 ms
Download: 21.38 Mbit/s
Upload: 0.87 Mbit/s
Mon Feb 27 23:45:01 CET 2017
Ping: 26.443 ms
Download: 21.43 Mbit/s
Upload: 0.81 Mbit/s
Tue Feb 28 00:45:01 CET 2017
Ping: 28.735 ms
Download: 21.10 Mbit/s
Upload: 0.84 Mbit/s
Tue Feb 28 01:45:01 CET 2017
Could not retrieve speedtest.net configuration
Tue Feb 28 02:45:02 CET 2017
Could not retrieve speedtest.net configuration
Tue Feb 28 03:45:01 CET 2017
Could not retrieve speedtest.net configuration
Tue Feb 28 04:45:01 CET 2017
Could not retrieve speedtest.net configuration
Tue Feb 28 05:45:01 CET 2017
Ping: 28.734 ms
Download: 21.38 Mbit/s
Upload: 0.87 Mbit/s
Tue Feb 28 06:45:02 CET 2017
Ping: 28.595 ms
Download: 21.44 Mbit/s
Upload: 0.88 Mbit/s
Tue Feb 28 07:45:01 CET 2017
Ping: 25.656 ms
Download: 10.03 Mbit/s
Upload: 0.85 Mbit/s
Tue Feb 28 08:45:01 CET 2017
Ping: 25.956 ms
Download: 21.40 Mbit/s
Upload: 0.82 Mbit/s
Tue Feb 28 09:45:02 CET 2017
Ping: 27.604 ms
Download: 19.16 Mbit/s
Upload: 0.78 Mbit/s
Tue Feb 28 10:45:01 CET 2017
Ping: 25.828 ms
Download: 21.38 Mbit/s
Upload: 0.87 Mbit/s
Tue Feb 28 11:45:01 CET 2017
Ping: 26.071 ms
Download: 18.44 Mbit/s
Upload: 0.77 Mbit/s
Tue Feb 28 12:45:01 CET 2017
Ping: 25.337 ms
Download: 5.62 Mbit/s
Upload: 0.69 Mbit/s
Tue Feb 28 13:45:01 CET 2017
Ping: 26.495 ms
Download: 14.75 Mbit/s
Upload: 0.54 Mbit/s
Tue Feb 28 14:45:01 CET 2017
Ping: 26.428 ms
Download: 18.96 Mbit/s
Upload: 0.67 Mbit/s
Tue Feb 28 15:45:01 CET 2017
Ping: 26.682 ms
Download: 9.67 Mbit/s
Upload: 0.86 Mbit/s
Tue Feb 28 16:45:02 CET 2017
Ping: 28.116 ms
Download: 21.29 Mbit/s
Upload: 0.88 Mbit/s
Tue Feb 28 17:45:01 CET 2017
Ping: 26.197 ms
Download: 5.68 Mbit/s
Upload: 0.84 Mbit/s
Tue Feb 28 18:45:01 CET 2017
Ping: 29.242 ms
Download: 21.30 Mbit/s
Upload: 0.87 Mbit/s
Tue Feb 28 19:45:02 CET 2017
Ping: 26.218 ms
Download: 20.70 Mbit/s
Upload: 0.85 Mbit/s
Tue Feb 28 20:45:01 CET 2017
Ping: 26.212 ms
Download: 15.60 Mbit/s
Upload: 0.76 Mbit/s
Tue Feb 28 21:45:01 CET 2017
Ping: 27.636 ms
Download: 21.37 Mbit/s
Upload: 0.81 Mbit/s
Tue Feb 28 22:45:01 CET 2017
Ping: 30.325 ms
Download: 21.13 Mbit/s
Upload: 0.84 Mbit/s
Tue Feb 28 23:45:01 CET 2017
Ping: 27.728 ms
Download: 21.45 Mbit/s
Upload: 0.86 Mbit/s
