Thu Jun  1 00:45:01 CEST 2017
Ping: 27.332 ms
Download: 102.09 Mbit/s
Upload: 5.08 Mbit/s
Thu Jun  1 01:45:02 CEST 2017
Ping: 28.627 ms
Download: 119.95 Mbit/s
Upload: 5.63 Mbit/s
Thu Jun  1 02:45:01 CEST 2017
Ping: 28.549 ms
Download: 119.34 Mbit/s
Upload: 5.24 Mbit/s
Thu Jun  1 03:45:01 CEST 2017
Ping: 30.175 ms
Download: 125.98 Mbit/s
Upload: 5.65 Mbit/s
Thu Jun  1 04:45:01 CEST 2017
Ping: 28.171 ms
Download: 112.54 Mbit/s
Upload: 5.67 Mbit/s
Thu Jun  1 05:45:01 CEST 2017
Ping: 27.686 ms
Download: 111.13 Mbit/s
Upload: 5.29 Mbit/s
Thu Jun  1 06:45:01 CEST 2017
Ping: 26.396 ms
Download: 19.31 Mbit/s
Upload: 5.55 Mbit/s
Thu Jun  1 07:45:01 CEST 2017
Ping: 28.438 ms
Download: 10.91 Mbit/s
Upload: 5.71 Mbit/s
Thu Jun  1 08:45:01 CEST 2017
Ping: 27.855 ms
Download: 115.31 Mbit/s
Upload: 5.30 Mbit/s
Thu Jun  1 09:45:01 CEST 2017
Ping: 26.208 ms
Download: 19.24 Mbit/s
Upload: 5.57 Mbit/s
Thu Jun  1 10:45:01 CEST 2017
Ping: 27.873 ms
Download: 9.83 Mbit/s
Upload: 5.65 Mbit/s
Thu Jun  1 11:45:01 CEST 2017
Ping: 30.179 ms
Download: 122.00 Mbit/s
Upload: 5.64 Mbit/s
Thu Jun  1 12:45:01 CEST 2017
Ping: 27.098 ms
Download: 117.42 Mbit/s
Upload: 5.18 Mbit/s
Thu Jun  1 13:45:01 CEST 2017
Ping: 26.337 ms
Download: 10.86 Mbit/s
Upload: 5.59 Mbit/s
Thu Jun  1 14:45:01 CEST 2017
Ping: 27.551 ms
Download: 17.35 Mbit/s
Upload: 5.58 Mbit/s
Thu Jun  1 15:45:01 CEST 2017
Ping: 29.564 ms
Download: 122.62 Mbit/s
Upload: 5.61 Mbit/s
Thu Jun  1 16:45:02 CEST 2017
Ping: 29.272 ms
Download: 113.54 Mbit/s
Upload: 5.20 Mbit/s
Thu Jun  1 17:45:01 CEST 2017
Ping: 29.142 ms
Download: 118.43 Mbit/s
Upload: 5.31 Mbit/s
Thu Jun  1 18:45:01 CEST 2017
Ping: 28.491 ms
Download: 118.90 Mbit/s
Upload: 5.10 Mbit/s
Thu Jun  1 19:45:01 CEST 2017
Ping: 28.558 ms
Download: 17.63 Mbit/s
Upload: 5.54 Mbit/s
Thu Jun  1 20:45:01 CEST 2017
Ping: 29.492 ms
Download: 120.33 Mbit/s
Upload: 5.55 Mbit/s
Thu Jun  1 21:45:01 CEST 2017
Ping: 30.317 ms
Download: 118.11 Mbit/s
Upload: 5.59 Mbit/s
Thu Jun  1 22:45:01 CEST 2017
Ping: 30.233 ms
Download: 9.87 Mbit/s
Upload: 5.67 Mbit/s
Thu Jun  1 23:45:02 CEST 2017
Ping: 29.665 ms
Download: 108.34 Mbit/s
Upload: 5.61 Mbit/s
Fri Jun  2 00:45:01 CEST 2017
Ping: 26.204 ms
Download: 19.29 Mbit/s
Upload: 5.63 Mbit/s
Fri Jun  2 01:45:01 CEST 2017
Ping: 27.296 ms
Download: 9.70 Mbit/s
Upload: 5.59 Mbit/s
Fri Jun  2 02:45:01 CEST 2017
Ping: 29.623 ms
Download: 120.01 Mbit/s
Upload: 5.62 Mbit/s
Fri Jun  2 03:45:01 CEST 2017
Ping: 30.505 ms
Download: 124.91 Mbit/s
Upload: 5.35 Mbit/s
Fri Jun  2 04:45:01 CEST 2017
Ping: 30.634 ms
Download: 123.09 Mbit/s
Upload: 5.67 Mbit/s
Fri Jun  2 05:45:01 CEST 2017
Ping: 29.418 ms
Download: 115.00 Mbit/s
Upload: 5.66 Mbit/s
Fri Jun  2 06:45:01 CEST 2017
Ping: 29.816 ms
Download: 109.13 Mbit/s
Upload: 5.63 Mbit/s
Fri Jun  2 07:45:01 CEST 2017
Ping: 30.864 ms
Download: 119.90 Mbit/s
Upload: 5.33 Mbit/s
Fri Jun  2 08:45:01 CEST 2017
Ping: 29.005 ms
Download: 110.84 Mbit/s
Upload: 5.56 Mbit/s
Fri Jun  2 09:45:01 CEST 2017
Ping: 28.477 ms
Download: 108.77 Mbit/s
Upload: 5.36 Mbit/s
Fri Jun  2 10:45:01 CEST 2017
Ping: 28.007 ms
Download: 122.99 Mbit/s
Upload: 5.31 Mbit/s
Fri Jun  2 11:45:01 CEST 2017
Ping: 29.579 ms
Download: 108.38 Mbit/s
Upload: 5.63 Mbit/s
Fri Jun  2 12:45:01 CEST 2017
Ping: 28.005 ms
Download: 112.23 Mbit/s
Upload: 5.39 Mbit/s
Fri Jun  2 13:45:01 CEST 2017
Ping: 27.678 ms
Download: 87.33 Mbit/s
Upload: 5.29 Mbit/s
Fri Jun  2 14:45:01 CEST 2017
Ping: 28.758 ms
Download: 117.44 Mbit/s
Upload: 5.31 Mbit/s
Fri Jun  2 15:45:01 CEST 2017
Ping: 28.504 ms
Download: 110.44 Mbit/s
Upload: 5.12 Mbit/s
Fri Jun  2 16:45:01 CEST 2017
Ping: 29.04 ms
Download: 120.59 Mbit/s
Upload: 5.62 Mbit/s
Fri Jun  2 17:45:01 CEST 2017
Ping: 29.032 ms
Download: 100.12 Mbit/s
Upload: 5.40 Mbit/s
Fri Jun  2 18:45:01 CEST 2017
Ping: 29.773 ms
Download: 114.38 Mbit/s
Upload: 5.53 Mbit/s
Fri Jun  2 19:45:01 CEST 2017
Ping: 29.772 ms
Download: 121.27 Mbit/s
Upload: 5.19 Mbit/s
Fri Jun  2 20:45:01 CEST 2017
Ping: 27.799 ms
Download: 124.07 Mbit/s
Upload: 5.24 Mbit/s
Fri Jun  2 21:45:01 CEST 2017
Ping: 28.653 ms
Download: 112.18 Mbit/s
Upload: 5.64 Mbit/s
Fri Jun  2 22:45:01 CEST 2017
Ping: 30.85 ms
Download: 115.88 Mbit/s
Upload: 5.55 Mbit/s
Fri Jun  2 23:45:01 CEST 2017
Ping: 27.674 ms
Download: 120.91 Mbit/s
Upload: 5.26 Mbit/s
Sat Jun  3 00:45:01 CEST 2017
Ping: 27.795 ms
Download: 111.60 Mbit/s
Upload: 5.18 Mbit/s
Sat Jun  3 01:45:01 CEST 2017
Ping: 29.781 ms
Download: 109.62 Mbit/s
Upload: 5.29 Mbit/s
Sat Jun  3 02:45:02 CEST 2017
Ping: 30.602 ms
Download: 74.89 Mbit/s
Upload: 5.17 Mbit/s
Sat Jun  3 03:45:01 CEST 2017
Ping: 25.261 ms
Download: 112.49 Mbit/s
Upload: 5.64 Mbit/s
Sat Jun  3 04:45:01 CEST 2017
Ping: 28.889 ms
Download: 120.67 Mbit/s
Upload: 5.35 Mbit/s
Sat Jun  3 05:45:01 CEST 2017
Ping: 30.987 ms
Download: 125.81 Mbit/s
Upload: 5.67 Mbit/s
Sat Jun  3 06:45:01 CEST 2017
Ping: 26.366 ms
Download: 16.32 Mbit/s
Upload: 5.57 Mbit/s
Sat Jun  3 07:45:02 CEST 2017
Ping: 30.507 ms
Download: 106.66 Mbit/s
Upload: 5.52 Mbit/s
Sat Jun  3 08:45:01 CEST 2017
Ping: 27.735 ms
Download: 67.41 Mbit/s
Upload: 5.24 Mbit/s
Sat Jun  3 09:45:01 CEST 2017
Ping: 29.02 ms
Download: 122.92 Mbit/s
Upload: 5.29 Mbit/s
Sat Jun  3 10:45:01 CEST 2017
Ping: 28.975 ms
Download: 113.09 Mbit/s
Upload: 4.56 Mbit/s
Sat Jun  3 11:45:01 CEST 2017
Ping: 31.327 ms
Download: 122.54 Mbit/s
Upload: 5.15 Mbit/s
Sat Jun  3 12:45:01 CEST 2017
Ping: 27.276 ms
Download: 102.73 Mbit/s
Upload: 5.04 Mbit/s
Sat Jun  3 13:45:01 CEST 2017
Ping: 28.984 ms
Download: 122.44 Mbit/s
Upload: 5.27 Mbit/s
Sat Jun  3 14:45:01 CEST 2017
Ping: 29.634 ms
Download: 119.35 Mbit/s
Upload: 5.59 Mbit/s
Sat Jun  3 15:45:01 CEST 2017
Ping: 29.098 ms
Download: 111.40 Mbit/s
Upload: 5.37 Mbit/s
Sat Jun  3 16:45:01 CEST 2017
Ping: 28.96 ms
Download: 93.87 Mbit/s
Upload: 5.14 Mbit/s
Sat Jun  3 17:45:01 CEST 2017
Ping: 30.234 ms
Download: 103.18 Mbit/s
Upload: 5.09 Mbit/s
Sat Jun  3 18:45:01 CEST 2017
Ping: 26.327 ms
Download: 114.62 Mbit/s
Upload: 5.17 Mbit/s
Sat Jun  3 19:45:01 CEST 2017
Ping: 26.248 ms
Download: 7.64 Mbit/s
Upload: 5.53 Mbit/s
Sat Jun  3 20:45:01 CEST 2017
Ping: 28.711 ms
Download: 103.02 Mbit/s
Upload: 5.26 Mbit/s
Sat Jun  3 21:45:01 CEST 2017
Ping: 29.804 ms
Download: 106.47 Mbit/s
Upload: 5.58 Mbit/s
Sat Jun  3 22:45:02 CEST 2017
Ping: 28.645 ms
Download: 125.62 Mbit/s
Upload: 5.53 Mbit/s
Sat Jun  3 23:45:01 CEST 2017
Ping: 28.142 ms
Download: 124.41 Mbit/s
Upload: 5.35 Mbit/s
Sun Jun  4 00:45:01 CEST 2017
Ping: 28.501 ms
Download: 100.12 Mbit/s
Upload: 5.65 Mbit/s
Sun Jun  4 01:45:01 CEST 2017
Ping: 29.469 ms
Download: 91.36 Mbit/s
Upload: 5.57 Mbit/s
Sun Jun  4 02:45:01 CEST 2017
Ping: 28.549 ms
Download: 124.26 Mbit/s
Upload: 5.21 Mbit/s
Sun Jun  4 03:45:01 CEST 2017
Ping: 28.899 ms
Download: 19.30 Mbit/s
Upload: 5.66 Mbit/s
Sun Jun  4 04:45:01 CEST 2017
Ping: 26.078 ms
Download: 118.98 Mbit/s
Upload: 5.33 Mbit/s
Sun Jun  4 05:45:01 CEST 2017
Ping: 27.674 ms
Download: 123.81 Mbit/s
Upload: 5.17 Mbit/s
Sun Jun  4 06:45:01 CEST 2017
Ping: 29.029 ms
Download: 124.79 Mbit/s
Upload: 5.24 Mbit/s
Sun Jun  4 07:45:01 CEST 2017
Ping: 26.869 ms
Download: 16.88 Mbit/s
Upload: 5.58 Mbit/s
Sun Jun  4 08:45:01 CEST 2017
Ping: 28.763 ms
Download: 122.67 Mbit/s
Upload: 5.18 Mbit/s
Sun Jun  4 09:45:01 CEST 2017
Ping: 24.556 ms
Download: 17.16 Mbit/s
Upload: 5.52 Mbit/s
Sun Jun  4 10:45:01 CEST 2017
Ping: 28.248 ms
Download: 94.19 Mbit/s
Upload: 5.18 Mbit/s
Sun Jun  4 11:45:01 CEST 2017
Ping: 28.647 ms
Download: 111.64 Mbit/s
Upload: 5.19 Mbit/s
Sun Jun  4 12:45:01 CEST 2017
Ping: 27.904 ms
Download: 16.18 Mbit/s
Upload: 4.56 Mbit/s
Sun Jun  4 13:45:01 CEST 2017
Ping: 26.259 ms
Download: 12.25 Mbit/s
Upload: 5.67 Mbit/s
Sun Jun  4 14:45:01 CEST 2017
Ping: 25.703 ms
Download: 8.54 Mbit/s
Upload: 5.65 Mbit/s
Sun Jun  4 15:45:01 CEST 2017
Ping: 29.301 ms
Download: 123.24 Mbit/s
Upload: 5.18 Mbit/s
Sun Jun  4 16:45:01 CEST 2017
Ping: 29.148 ms
Download: 99.21 Mbit/s
Upload: 5.58 Mbit/s
Sun Jun  4 17:45:01 CEST 2017
Ping: 29.559 ms
Download: 7.42 Mbit/s
Upload: 5.57 Mbit/s
Sun Jun  4 18:45:02 CEST 2017
Ping: 29.745 ms
Download: 115.19 Mbit/s
Upload: 5.54 Mbit/s
Sun Jun  4 19:45:01 CEST 2017
Ping: 29.615 ms
Download: 16.54 Mbit/s
Upload: 5.63 Mbit/s
Sun Jun  4 20:45:01 CEST 2017
Ping: 30.445 ms
Download: 108.62 Mbit/s
Upload: 4.71 Mbit/s
Sun Jun  4 21:45:01 CEST 2017
Ping: 28.472 ms
Download: 117.69 Mbit/s
Upload: 5.62 Mbit/s
Sun Jun  4 22:45:01 CEST 2017
Ping: 28.892 ms
Download: 116.37 Mbit/s
Upload: 5.36 Mbit/s
Sun Jun  4 23:45:01 CEST 2017
Ping: 29.035 ms
Download: 123.39 Mbit/s
Upload: 5.35 Mbit/s
Mon Jun  5 00:45:01 CEST 2017
Ping: 29.184 ms
Download: 99.58 Mbit/s
Upload: 5.56 Mbit/s
Mon Jun  5 01:45:01 CEST 2017
Ping: 27.603 ms
Download: 118.24 Mbit/s
Upload: 5.30 Mbit/s
Mon Jun  5 02:45:01 CEST 2017
Ping: 30.163 ms
Download: 92.67 Mbit/s
Upload: 5.15 Mbit/s
Mon Jun  5 03:45:01 CEST 2017
Ping: 26.803 ms
Download: 18.04 Mbit/s
Upload: 5.65 Mbit/s
Mon Jun  5 04:45:01 CEST 2017
Ping: 29.278 ms
Download: 115.19 Mbit/s
Upload: 5.27 Mbit/s
Mon Jun  5 05:45:01 CEST 2017
Ping: 28.192 ms
Download: 123.74 Mbit/s
Upload: 5.24 Mbit/s
Mon Jun  5 06:45:01 CEST 2017
Ping: 28.245 ms
Download: 118.47 Mbit/s
Upload: 5.20 Mbit/s
Mon Jun  5 07:45:01 CEST 2017
Ping: 28.121 ms
Download: 124.39 Mbit/s
Upload: 5.55 Mbit/s
Mon Jun  5 08:45:02 CEST 2017
Ping: 31.34 ms
Download: 122.03 Mbit/s
Upload: 5.59 Mbit/s
Mon Jun  5 09:45:01 CEST 2017
Ping: 28.754 ms
Download: 109.22 Mbit/s
Upload: 5.62 Mbit/s
Mon Jun  5 10:45:01 CEST 2017
Ping: 26.334 ms
Download: 107.12 Mbit/s
Upload: 5.14 Mbit/s
Mon Jun  5 11:45:02 CEST 2017
Ping: 26.232 ms
Download: 9.27 Mbit/s
Upload: 5.76 Mbit/s
Mon Jun  5 12:45:01 CEST 2017
Ping: 27.803 ms
Download: 119.33 Mbit/s
Upload: 5.58 Mbit/s
Mon Jun  5 13:45:01 CEST 2017
Ping: 30.553 ms
Download: 118.15 Mbit/s
Upload: 5.63 Mbit/s
Mon Jun  5 14:45:01 CEST 2017
Ping: 29.211 ms
Download: 125.56 Mbit/s
Upload: 5.59 Mbit/s
Mon Jun  5 15:45:01 CEST 2017
Ping: 30.178 ms
Download: 120.54 Mbit/s
Upload: 5.26 Mbit/s
Mon Jun  5 16:45:01 CEST 2017
Ping: 29.035 ms
Download: 19.30 Mbit/s
Upload: 5.76 Mbit/s
Mon Jun  5 17:45:01 CEST 2017
Ping: 28.368 ms
Download: 10.04 Mbit/s
Upload: 5.57 Mbit/s
Mon Jun  5 18:45:01 CEST 2017
Ping: 29.805 ms
Download: 114.89 Mbit/s
Upload: 5.31 Mbit/s
Mon Jun  5 19:45:01 CEST 2017
Ping: 28.298 ms
Download: 12.70 Mbit/s
Upload: 5.49 Mbit/s
Mon Jun  5 20:45:01 CEST 2017
Ping: 29.897 ms
Download: 107.45 Mbit/s
Upload: 5.57 Mbit/s
Mon Jun  5 21:45:01 CEST 2017
Ping: 29.664 ms
Download: 117.20 Mbit/s
Upload: 5.38 Mbit/s
Mon Jun  5 22:45:01 CEST 2017
Ping: 26.958 ms
Download: 115.98 Mbit/s
Upload: 5.38 Mbit/s
Mon Jun  5 23:45:02 CEST 2017
Ping: 29.606 ms
Download: 111.10 Mbit/s
Upload: 5.69 Mbit/s
Tue Jun  6 00:45:01 CEST 2017
Ping: 30.336 ms
Download: 126.52 Mbit/s
Upload: 5.23 Mbit/s
Tue Jun  6 01:45:01 CEST 2017
Ping: 29.154 ms
Download: 125.72 Mbit/s
Upload: 5.23 Mbit/s
Tue Jun  6 02:45:01 CEST 2017
Ping: 28.983 ms
Download: 125.27 Mbit/s
Upload: 5.26 Mbit/s
Tue Jun  6 03:45:01 CEST 2017
Ping: 28.464 ms
Download: 79.35 Mbit/s
Upload: 5.32 Mbit/s
Tue Jun  6 04:45:01 CEST 2017
Ping: 28.428 ms
Download: 125.47 Mbit/s
Upload: 5.68 Mbit/s
Tue Jun  6 05:45:01 CEST 2017
Ping: 28.359 ms
Download: 126.79 Mbit/s
Upload: 5.63 Mbit/s
Tue Jun  6 06:45:01 CEST 2017
Ping: 27.879 ms
Download: 108.80 Mbit/s
Upload: 5.58 Mbit/s
Tue Jun  6 07:45:01 CEST 2017
Ping: 29.136 ms
Download: 119.96 Mbit/s
Upload: 5.26 Mbit/s
Tue Jun  6 08:45:01 CEST 2017
Ping: 28.745 ms
Download: 10.96 Mbit/s
Upload: 5.52 Mbit/s
Tue Jun  6 09:45:01 CEST 2017
Ping: 30.319 ms
Download: 117.42 Mbit/s
Upload: 5.29 Mbit/s
Tue Jun  6 10:45:01 CEST 2017
Ping: 29.009 ms
Download: 109.61 Mbit/s
Upload: 5.22 Mbit/s
Tue Jun  6 11:45:01 CEST 2017
Ping: 30.275 ms
Download: 114.89 Mbit/s
Upload: 5.14 Mbit/s
Tue Jun  6 12:45:01 CEST 2017
Ping: 27.719 ms
Download: 123.15 Mbit/s
Upload: 5.31 Mbit/s
Tue Jun  6 13:45:01 CEST 2017
Ping: 29.635 ms
Download: 120.12 Mbit/s
Upload: 5.62 Mbit/s
Tue Jun  6 14:45:01 CEST 2017
Ping: 26.912 ms
Download: 8.72 Mbit/s
Upload: 5.62 Mbit/s
Tue Jun  6 15:45:01 CEST 2017
Ping: 29.555 ms
Download: 19.29 Mbit/s
Upload: 5.66 Mbit/s
Tue Jun  6 16:45:01 CEST 2017
Ping: 31.68 ms
Download: 104.09 Mbit/s
Upload: 5.38 Mbit/s
Tue Jun  6 17:45:01 CEST 2017
Ping: 27.566 ms
Download: 17.97 Mbit/s
Upload: 5.67 Mbit/s
Tue Jun  6 18:45:01 CEST 2017
Ping: 29.383 ms
Download: 102.20 Mbit/s
Upload: 5.60 Mbit/s
Tue Jun  6 19:45:01 CEST 2017
Ping: 28.797 ms
Download: 110.74 Mbit/s
Upload: 5.25 Mbit/s
Tue Jun  6 20:45:01 CEST 2017
Ping: 30.349 ms
Download: 87.72 Mbit/s
Upload: 5.29 Mbit/s
Tue Jun  6 21:45:01 CEST 2017
Ping: 30.184 ms
Download: 8.56 Mbit/s
Upload: 5.55 Mbit/s
Tue Jun  6 22:45:01 CEST 2017
Ping: 28.375 ms
Download: 16.47 Mbit/s
Upload: 5.53 Mbit/s
Tue Jun  6 23:45:01 CEST 2017
Ping: 29.999 ms
Download: 102.01 Mbit/s
Upload: 5.63 Mbit/s
Wed Jun  7 00:45:01 CEST 2017
Ping: 27.878 ms
Download: 7.23 Mbit/s
Upload: 5.40 Mbit/s
Wed Jun  7 01:45:01 CEST 2017
Ping: 28.92 ms
Download: 107.20 Mbit/s
Upload: 5.38 Mbit/s
Wed Jun  7 02:45:01 CEST 2017
Ping: 26.716 ms
Download: 9.53 Mbit/s
Upload: 5.64 Mbit/s
Wed Jun  7 03:45:01 CEST 2017
Ping: 25.662 ms
Download: 9.57 Mbit/s
Upload: 5.63 Mbit/s
Wed Jun  7 04:45:01 CEST 2017
Ping: 28.882 ms
Download: 8.88 Mbit/s
Upload: 5.67 Mbit/s
Wed Jun  7 05:45:01 CEST 2017
Ping: 30.593 ms
Download: 86.43 Mbit/s
Upload: 5.64 Mbit/s
Wed Jun  7 06:45:01 CEST 2017
Ping: 30.203 ms
Download: 124.43 Mbit/s
Upload: 5.66 Mbit/s
Wed Jun  7 07:45:02 CEST 2017
Ping: 29.024 ms
Download: 120.18 Mbit/s
Upload: 4.95 Mbit/s
Wed Jun  7 08:45:01 CEST 2017
Ping: 29.668 ms
Download: 88.77 Mbit/s
Upload: 5.21 Mbit/s
Wed Jun  7 09:45:02 CEST 2017
Ping: 27.565 ms
Download: 10.25 Mbit/s
Upload: 5.64 Mbit/s
Wed Jun  7 10:45:01 CEST 2017
Ping: 29.797 ms
Download: 108.79 Mbit/s
Upload: 5.31 Mbit/s
Wed Jun  7 11:45:01 CEST 2017
Ping: 28.983 ms
Download: 100.84 Mbit/s
Upload: 5.26 Mbit/s
Wed Jun  7 12:45:01 CEST 2017
Ping: 26.234 ms
Download: 9.94 Mbit/s
Upload: 5.53 Mbit/s
Wed Jun  7 13:45:01 CEST 2017
Ping: 29.439 ms
Download: 6.87 Mbit/s
Upload: 5.58 Mbit/s
Wed Jun  7 14:45:01 CEST 2017
Ping: 29.512 ms
Download: 8.05 Mbit/s
Upload: 5.11 Mbit/s
Wed Jun  7 15:45:01 CEST 2017
Ping: 27.562 ms
Download: 15.11 Mbit/s
Upload: 5.63 Mbit/s
Wed Jun  7 16:45:01 CEST 2017
Ping: 29.89 ms
Download: 113.31 Mbit/s
Upload: 5.67 Mbit/s
Wed Jun  7 17:45:01 CEST 2017
Ping: 30.259 ms
Download: 118.47 Mbit/s
Upload: 5.60 Mbit/s
Wed Jun  7 18:45:02 CEST 2017
Ping: 31.378 ms
Download: 9.61 Mbit/s
Upload: 5.50 Mbit/s
Wed Jun  7 19:45:01 CEST 2017
Ping: 28.758 ms
Download: 16.42 Mbit/s
Upload: 5.52 Mbit/s
Wed Jun  7 20:45:01 CEST 2017
Ping: 28.756 ms
Download: 124.31 Mbit/s
Upload: 5.29 Mbit/s
Wed Jun  7 21:45:01 CEST 2017
Ping: 29.295 ms
Download: 125.20 Mbit/s
Upload: 5.50 Mbit/s
Wed Jun  7 22:45:01 CEST 2017
Ping: 28.854 ms
Download: 14.74 Mbit/s
Upload: 5.60 Mbit/s
Wed Jun  7 23:45:01 CEST 2017
Ping: 28.875 ms
Download: 95.91 Mbit/s
Upload: 5.23 Mbit/s
Thu Jun  8 00:45:01 CEST 2017
Ping: 26.293 ms
Download: 122.96 Mbit/s
Upload: 5.46 Mbit/s
Thu Jun  8 01:45:01 CEST 2017
Ping: 27.104 ms
Download: 116.62 Mbit/s
Upload: 5.64 Mbit/s
Thu Jun  8 02:45:01 CEST 2017
Ping: 22.275 ms
Download: 105.62 Mbit/s
Upload: 5.66 Mbit/s
Thu Jun  8 03:45:01 CEST 2017
Ping: 23.859 ms
Download: 123.26 Mbit/s
Upload: 5.58 Mbit/s
Thu Jun  8 04:45:01 CEST 2017
Ping: 24.785 ms
Download: 126.51 Mbit/s
Upload: 5.57 Mbit/s
Thu Jun  8 05:45:01 CEST 2017
Ping: 23.071 ms
Download: 125.71 Mbit/s
Upload: 5.61 Mbit/s
Thu Jun  8 06:45:01 CEST 2017
Ping: 23.432 ms
Download: 126.43 Mbit/s
Upload: 5.56 Mbit/s
Thu Jun  8 07:45:02 CEST 2017
Ping: 29.877 ms
Download: 117.20 Mbit/s
Upload: 5.60 Mbit/s
Thu Jun  8 08:45:01 CEST 2017
Ping: 27.578 ms
Download: 127.64 Mbit/s
Upload: 5.60 Mbit/s
Thu Jun  8 09:45:01 CEST 2017
Ping: 28.063 ms
Download: 117.60 Mbit/s
Upload: 5.53 Mbit/s
Thu Jun  8 10:45:01 CEST 2017
Ping: 27.193 ms
Download: 9.64 Mbit/s
Upload: 5.56 Mbit/s
Thu Jun  8 11:45:01 CEST 2017
Ping: 26.363 ms
Download: 122.66 Mbit/s
Upload: 5.60 Mbit/s
Thu Jun  8 12:45:01 CEST 2017
Ping: 27.875 ms
Download: 95.16 Mbit/s
Upload: 5.36 Mbit/s
Thu Jun  8 13:45:01 CEST 2017
Ping: 27.699 ms
Download: 121.98 Mbit/s
Upload: 5.55 Mbit/s
Thu Jun  8 14:45:01 CEST 2017
Ping: 27.541 ms
Download: 111.93 Mbit/s
Upload: 5.15 Mbit/s
Thu Jun  8 15:45:01 CEST 2017
Ping: 23.29 ms
Download: 120.00 Mbit/s
Upload: 5.50 Mbit/s
Thu Jun  8 16:45:01 CEST 2017
Ping: 24.987 ms
Download: 112.00 Mbit/s
Upload: 5.62 Mbit/s
Thu Jun  8 17:45:01 CEST 2017
Ping: 25.69 ms
Download: 103.83 Mbit/s
Upload: 5.59 Mbit/s
Thu Jun  8 18:45:01 CEST 2017
Ping: 30.784 ms
Download: 103.06 Mbit/s
Upload: 5.12 Mbit/s
Thu Jun  8 19:45:01 CEST 2017
Ping: 27.735 ms
Download: 88.99 Mbit/s
Upload: 5.04 Mbit/s
Thu Jun  8 20:45:01 CEST 2017
Ping: 26.395 ms
Download: 115.37 Mbit/s
Upload: 5.57 Mbit/s
Thu Jun  8 21:45:01 CEST 2017
Ping: 28.316 ms
Download: 7.77 Mbit/s
Upload: 5.52 Mbit/s
Thu Jun  8 22:45:02 CEST 2017
Ping: 27.719 ms
Download: 118.88 Mbit/s
Upload: 5.63 Mbit/s
Thu Jun  8 23:45:01 CEST 2017
Ping: 29.834 ms
Download: 124.42 Mbit/s
Upload: 5.43 Mbit/s
Fri Jun  9 00:45:01 CEST 2017
Ping: 25.642 ms
Download: 125.53 Mbit/s
Upload: 5.59 Mbit/s
Fri Jun  9 01:45:01 CEST 2017
Ping: 26.722 ms
Download: 111.11 Mbit/s
Upload: 5.62 Mbit/s
Fri Jun  9 02:45:01 CEST 2017
Ping: 27.067 ms
Download: 124.69 Mbit/s
Upload: 5.56 Mbit/s
Fri Jun  9 03:45:01 CEST 2017
Ping: 28.39 ms
Download: 114.72 Mbit/s
Upload: 5.59 Mbit/s
Fri Jun  9 04:45:01 CEST 2017
Ping: 29.935 ms
Download: 127.20 Mbit/s
Upload: 5.62 Mbit/s
Fri Jun  9 05:45:01 CEST 2017
Ping: 25.852 ms
Download: 127.48 Mbit/s
Upload: 5.26 Mbit/s
Fri Jun  9 06:45:01 CEST 2017
Ping: 26.205 ms
Download: 111.49 Mbit/s
Upload: 5.58 Mbit/s
Fri Jun  9 07:45:01 CEST 2017
Ping: 29.77 ms
Download: 124.30 Mbit/s
Upload: 5.55 Mbit/s
Fri Jun  9 08:45:01 CEST 2017
Ping: 28.223 ms
Download: 116.09 Mbit/s
Upload: 5.18 Mbit/s
Fri Jun  9 09:45:01 CEST 2017
Ping: 29.881 ms
Download: 115.25 Mbit/s
Upload: 5.44 Mbit/s
Fri Jun  9 10:45:01 CEST 2017
Ping: 24.927 ms
Download: 15.26 Mbit/s
Upload: 5.42 Mbit/s
Fri Jun  9 11:45:01 CEST 2017
Ping: 27.366 ms
Download: 94.14 Mbit/s
Upload: 5.13 Mbit/s
Fri Jun  9 12:45:01 CEST 2017
Ping: 25.621 ms
Download: 11.35 Mbit/s
Upload: 5.53 Mbit/s
Fri Jun  9 13:45:01 CEST 2017
Ping: 30.846 ms
Download: 110.73 Mbit/s
Upload: 5.45 Mbit/s
Fri Jun  9 14:45:01 CEST 2017
Ping: 27.866 ms
Download: 119.40 Mbit/s
Upload: 5.57 Mbit/s
Fri Jun  9 15:45:01 CEST 2017
Ping: 26.844 ms
Download: 8.59 Mbit/s
Upload: 5.59 Mbit/s
Fri Jun  9 16:45:01 CEST 2017
Ping: 28.992 ms
Download: 93.88 Mbit/s
Upload: 5.13 Mbit/s
Fri Jun  9 17:45:01 CEST 2017
Ping: 29.278 ms
Download: 115.46 Mbit/s
Upload: 5.40 Mbit/s
Fri Jun  9 18:45:01 CEST 2017
Ping: 29.875 ms
Download: 94.94 Mbit/s
Upload: 5.26 Mbit/s
Fri Jun  9 19:45:01 CEST 2017
Ping: 29.066 ms
Download: 116.85 Mbit/s
Upload: 5.63 Mbit/s
Fri Jun  9 20:45:01 CEST 2017
Ping: 28.63 ms
Download: 124.13 Mbit/s
Upload: 5.14 Mbit/s
Fri Jun  9 21:45:01 CEST 2017
Ping: 29.427 ms
Download: 113.11 Mbit/s
Upload: 5.63 Mbit/s
Fri Jun  9 22:45:01 CEST 2017
Ping: 30.325 ms
Download: 114.63 Mbit/s
Upload: 5.22 Mbit/s
Fri Jun  9 23:45:01 CEST 2017
Ping: 31.258 ms
Download: 119.82 Mbit/s
Upload: 5.62 Mbit/s
Sat Jun 10 00:45:01 CEST 2017
Ping: 28.864 ms
Download: 110.43 Mbit/s
Upload: 5.26 Mbit/s
Sat Jun 10 01:45:01 CEST 2017
Ping: 27.999 ms
Download: 105.75 Mbit/s
Upload: 5.30 Mbit/s
Sat Jun 10 02:45:01 CEST 2017
Ping: 28.921 ms
Download: 102.10 Mbit/s
Upload: 5.17 Mbit/s
Sat Jun 10 03:45:01 CEST 2017
Ping: 28.91 ms
Download: 90.84 Mbit/s
Upload: 5.32 Mbit/s
Sat Jun 10 04:45:01 CEST 2017
Ping: 27.549 ms
Download: 106.40 Mbit/s
Upload: 5.28 Mbit/s
Sat Jun 10 05:45:01 CEST 2017
Ping: 30.143 ms
Download: 120.18 Mbit/s
Upload: 5.33 Mbit/s
Sat Jun 10 06:45:01 CEST 2017
Ping: 29.934 ms
Download: 113.27 Mbit/s
Upload: 5.62 Mbit/s
Sat Jun 10 07:45:01 CEST 2017
Ping: 30.047 ms
Download: 117.73 Mbit/s
Upload: 5.54 Mbit/s
Sat Jun 10 08:45:01 CEST 2017
Ping: 29.888 ms
Download: 90.90 Mbit/s
Upload: 5.30 Mbit/s
Sat Jun 10 09:45:01 CEST 2017
Ping: 28.108 ms
Download: 108.57 Mbit/s
Upload: 5.59 Mbit/s
Sat Jun 10 10:45:01 CEST 2017
Ping: 30.776 ms
Download: 117.23 Mbit/s
Upload: 5.12 Mbit/s
Sat Jun 10 11:45:01 CEST 2017
Ping: 28.42 ms
Download: 112.57 Mbit/s
Upload: 5.22 Mbit/s
Sat Jun 10 12:45:01 CEST 2017
Ping: 30.463 ms
Download: 120.36 Mbit/s
Upload: 5.64 Mbit/s
Sat Jun 10 13:45:01 CEST 2017
Ping: 29.989 ms
Download: 112.05 Mbit/s
Upload: 5.56 Mbit/s
Sat Jun 10 14:45:01 CEST 2017
Ping: 30.047 ms
Download: 117.03 Mbit/s
Upload: 5.32 Mbit/s
Sat Jun 10 15:45:01 CEST 2017
Ping: 27.865 ms
Download: 89.97 Mbit/s
Upload: 5.23 Mbit/s
Sat Jun 10 16:45:01 CEST 2017
Ping: 29.438 ms
Download: 100.67 Mbit/s
Upload: 5.60 Mbit/s
Sat Jun 10 17:45:01 CEST 2017
Ping: 31.533 ms
Download: 120.58 Mbit/s
Upload: 5.34 Mbit/s
Sat Jun 10 18:45:01 CEST 2017
Ping: 28.627 ms
Download: 107.36 Mbit/s
Upload: 5.55 Mbit/s
Sat Jun 10 19:45:01 CEST 2017
Ping: 27.522 ms
Download: 110.25 Mbit/s
Upload: 5.36 Mbit/s
Sat Jun 10 20:45:02 CEST 2017
Ping: 27.473 ms
Download: 109.14 Mbit/s
Upload: 5.38 Mbit/s
Sat Jun 10 21:45:02 CEST 2017
Ping: 28.562 ms
Download: 107.39 Mbit/s
Upload: 5.50 Mbit/s
Sat Jun 10 22:45:01 CEST 2017
Ping: 30.286 ms
Download: 121.86 Mbit/s
Upload: 4.86 Mbit/s
Sat Jun 10 23:45:01 CEST 2017
Ping: 28.999 ms
Download: 113.77 Mbit/s
Upload: 5.60 Mbit/s
Sun Jun 11 00:45:01 CEST 2017
Ping: 31.053 ms
Download: 118.87 Mbit/s
Upload: 4.98 Mbit/s
Sun Jun 11 01:45:01 CEST 2017
Ping: 28.399 ms
Download: 117.66 Mbit/s
Upload: 5.60 Mbit/s
Sun Jun 11 02:45:01 CEST 2017
Ping: 28.933 ms
Download: 112.20 Mbit/s
Upload: 5.39 Mbit/s
Sun Jun 11 03:45:01 CEST 2017
Ping: 30.169 ms
Download: 127.46 Mbit/s
Upload: 5.56 Mbit/s
Sun Jun 11 04:45:01 CEST 2017
Ping: 27.421 ms
Download: 110.71 Mbit/s
Upload: 5.68 Mbit/s
Sun Jun 11 05:45:02 CEST 2017
Ping: 29.115 ms
Download: 106.58 Mbit/s
Upload: 5.66 Mbit/s
Sun Jun 11 06:45:01 CEST 2017
Ping: 28.588 ms
Download: 122.51 Mbit/s
Upload: 5.33 Mbit/s
Sun Jun 11 07:45:01 CEST 2017
Ping: 26.332 ms
Download: 119.07 Mbit/s
Upload: 5.14 Mbit/s
Sun Jun 11 08:45:01 CEST 2017
Ping: 27.679 ms
Download: 125.18 Mbit/s
Upload: 5.30 Mbit/s
Sun Jun 11 09:45:01 CEST 2017
Ping: 26.399 ms
Download: 114.49 Mbit/s
Upload: 5.22 Mbit/s
Sun Jun 11 10:45:01 CEST 2017
Ping: 29.353 ms
Download: 121.46 Mbit/s
Upload: 5.58 Mbit/s
Sun Jun 11 11:45:02 CEST 2017
Ping: 27.153 ms
Download: 97.62 Mbit/s
Upload: 5.28 Mbit/s
Sun Jun 11 12:45:01 CEST 2017
Ping: 30.611 ms
Download: 121.09 Mbit/s
Upload: 5.31 Mbit/s
Sun Jun 11 13:45:01 CEST 2017
Ping: 28.708 ms
Download: 120.74 Mbit/s
Upload: 5.29 Mbit/s
Sun Jun 11 14:45:01 CEST 2017
Ping: 28.278 ms
Download: 107.09 Mbit/s
Upload: 5.28 Mbit/s
Sun Jun 11 15:45:01 CEST 2017
Ping: 27.6 ms
Download: 110.86 Mbit/s
Upload: 5.25 Mbit/s
Sun Jun 11 16:45:01 CEST 2017
Ping: 29.642 ms
Download: 113.28 Mbit/s
Upload: 5.43 Mbit/s
Sun Jun 11 17:45:02 CEST 2017
Ping: 26.975 ms
Download: 107.08 Mbit/s
Upload: 5.24 Mbit/s
Sun Jun 11 18:45:01 CEST 2017
Ping: 28.403 ms
Download: 99.74 Mbit/s
Upload: 5.19 Mbit/s
Sun Jun 11 19:45:01 CEST 2017
Ping: 28.804 ms
Download: 122.99 Mbit/s
Upload: 5.61 Mbit/s
Sun Jun 11 20:45:01 CEST 2017
Ping: 30.329 ms
Download: 85.18 Mbit/s
Upload: 5.33 Mbit/s
Sun Jun 11 21:45:01 CEST 2017
Ping: 30.992 ms
Download: 93.29 Mbit/s
Upload: 5.32 Mbit/s
Sun Jun 11 22:45:01 CEST 2017
Ping: 30.808 ms
Download: 122.54 Mbit/s
Upload: 5.56 Mbit/s
Sun Jun 11 23:45:01 CEST 2017
Ping: 27.734 ms
Download: 114.66 Mbit/s
Upload: 5.29 Mbit/s
Mon Jun 12 00:45:02 CEST 2017
Ping: 29.182 ms
Download: 107.62 Mbit/s
Upload: 5.15 Mbit/s
Mon Jun 12 01:45:01 CEST 2017
Ping: 28.344 ms
Download: 123.31 Mbit/s
Upload: 5.31 Mbit/s
Mon Jun 12 02:45:01 CEST 2017
Ping: 30.619 ms
Download: 127.22 Mbit/s
Upload: 5.62 Mbit/s
Mon Jun 12 03:45:01 CEST 2017
Ping: 27.19 ms
Download: 113.09 Mbit/s
Upload: 5.35 Mbit/s
Mon Jun 12 04:45:01 CEST 2017
Ping: 27.195 ms
Download: 121.13 Mbit/s
Upload: 5.12 Mbit/s
Mon Jun 12 05:45:01 CEST 2017
Ping: 27.53 ms
Download: 124.09 Mbit/s
Upload: 5.32 Mbit/s
Mon Jun 12 06:45:01 CEST 2017
Ping: 28.863 ms
Download: 121.25 Mbit/s
Upload: 5.58 Mbit/s
Mon Jun 12 07:45:01 CEST 2017
Ping: 28.998 ms
Download: 106.54 Mbit/s
Upload: 5.54 Mbit/s
Mon Jun 12 08:45:01 CEST 2017
Ping: 30.333 ms
Download: 124.43 Mbit/s
Upload: 5.57 Mbit/s
Mon Jun 12 09:45:01 CEST 2017
Ping: 29.832 ms
Download: 105.16 Mbit/s
Upload: 5.21 Mbit/s
Mon Jun 12 10:45:01 CEST 2017
Ping: 28.766 ms
Download: 92.28 Mbit/s
Upload: 5.07 Mbit/s
Mon Jun 12 11:45:01 CEST 2017
Ping: 29.326 ms
Download: 115.17 Mbit/s
Upload: 5.24 Mbit/s
Mon Jun 12 12:45:01 CEST 2017
Ping: 27.093 ms
Download: 116.63 Mbit/s
Upload: 5.17 Mbit/s
Mon Jun 12 13:45:01 CEST 2017
Ping: 28.7 ms
Download: 94.29 Mbit/s
Upload: 4.90 Mbit/s
Mon Jun 12 14:45:01 CEST 2017
Ping: 26.348 ms
Download: 106.74 Mbit/s
Upload: 5.24 Mbit/s
Mon Jun 12 15:45:01 CEST 2017
Ping: 27.319 ms
Download: 116.55 Mbit/s
Upload: 5.27 Mbit/s
Mon Jun 12 16:45:01 CEST 2017
Ping: 28.002 ms
Download: 116.42 Mbit/s
Upload: 5.11 Mbit/s
Mon Jun 12 17:45:01 CEST 2017
Ping: 29.925 ms
Download: 99.01 Mbit/s
Upload: 5.21 Mbit/s
Mon Jun 12 18:45:01 CEST 2017
Ping: 27.682 ms
Download: 116.56 Mbit/s
Upload: 5.06 Mbit/s
Mon Jun 12 19:45:01 CEST 2017
Ping: 28.257 ms
Download: 111.71 Mbit/s
Upload: 5.58 Mbit/s
Mon Jun 12 20:45:01 CEST 2017
Ping: 28.971 ms
Download: 91.00 Mbit/s
Upload: 5.27 Mbit/s
Mon Jun 12 21:45:01 CEST 2017
Ping: 29.705 ms
Download: 94.51 Mbit/s
Upload: 5.24 Mbit/s
Mon Jun 12 22:45:01 CEST 2017
Ping: 26.711 ms
Download: 106.22 Mbit/s
Upload: 5.59 Mbit/s
Mon Jun 12 23:45:01 CEST 2017
Ping: 27.761 ms
Download: 100.32 Mbit/s
Upload: 5.38 Mbit/s
Tue Jun 13 00:45:01 CEST 2017
Ping: 29.359 ms
Download: 118.56 Mbit/s
Upload: 5.59 Mbit/s
Tue Jun 13 01:45:01 CEST 2017
Ping: 28.656 ms
Download: 93.42 Mbit/s
Upload: 5.29 Mbit/s
Tue Jun 13 02:45:01 CEST 2017
Ping: 27.802 ms
Download: 122.31 Mbit/s
Upload: 5.66 Mbit/s
Tue Jun 13 03:45:01 CEST 2017
Ping: 29.32 ms
Download: 124.21 Mbit/s
Upload: 5.58 Mbit/s
Tue Jun 13 04:45:01 CEST 2017
Ping: 28.042 ms
Download: 120.53 Mbit/s
Upload: 5.44 Mbit/s
Tue Jun 13 05:45:01 CEST 2017
Ping: 28.631 ms
Download: 120.18 Mbit/s
Upload: 5.35 Mbit/s
Tue Jun 13 06:45:01 CEST 2017
Ping: 27.689 ms
Download: 123.28 Mbit/s
Upload: 4.85 Mbit/s
Tue Jun 13 07:45:01 CEST 2017
Ping: 30.747 ms
Download: 115.97 Mbit/s
Upload: 5.38 Mbit/s
Tue Jun 13 08:45:01 CEST 2017
Ping: 28.232 ms
Download: 107.77 Mbit/s
Upload: 5.37 Mbit/s
Tue Jun 13 09:45:01 CEST 2017
Ping: 28.576 ms
Download: 123.03 Mbit/s
Upload: 5.46 Mbit/s
Tue Jun 13 10:45:01 CEST 2017
Ping: 27.678 ms
Download: 90.03 Mbit/s
Upload: 5.16 Mbit/s
Tue Jun 13 11:45:01 CEST 2017
Ping: 30.522 ms
Download: 115.83 Mbit/s
Upload: 5.04 Mbit/s
Tue Jun 13 12:45:01 CEST 2017
Ping: 27.371 ms
Download: 120.29 Mbit/s
Upload: 5.54 Mbit/s
Tue Jun 13 13:45:01 CEST 2017
Ping: 28.659 ms
Download: 122.03 Mbit/s
Upload: 5.41 Mbit/s
Tue Jun 13 14:45:01 CEST 2017
Ping: 29.642 ms
Download: 104.40 Mbit/s
Upload: 5.15 Mbit/s
Tue Jun 13 15:45:01 CEST 2017
Ping: 28.428 ms
Download: 116.35 Mbit/s
Upload: 5.56 Mbit/s
Tue Jun 13 16:45:01 CEST 2017
Ping: 28.006 ms
Download: 91.08 Mbit/s
Upload: 5.21 Mbit/s
Tue Jun 13 17:45:01 CEST 2017
Ping: 28.142 ms
Download: 113.71 Mbit/s
Upload: 5.54 Mbit/s
Tue Jun 13 18:45:01 CEST 2017
Ping: 28.813 ms
Download: 120.33 Mbit/s
Upload: 5.58 Mbit/s
Tue Jun 13 19:45:01 CEST 2017
Ping: 26.85 ms
Download: 74.90 Mbit/s
Upload: 5.31 Mbit/s
Tue Jun 13 20:45:01 CEST 2017
Ping: 30.428 ms
Download: 100.96 Mbit/s
Upload: 4.95 Mbit/s
Tue Jun 13 21:45:01 CEST 2017
Ping: 29.742 ms
Download: 109.10 Mbit/s
Upload: 5.54 Mbit/s
Tue Jun 13 22:45:01 CEST 2017
Ping: 28.127 ms
Download: 119.09 Mbit/s
Upload: 5.61 Mbit/s
Tue Jun 13 23:45:02 CEST 2017
Ping: 29.245 ms
Download: 124.86 Mbit/s
Upload: 5.20 Mbit/s
Wed Jun 14 00:45:01 CEST 2017
Ping: 29.007 ms
Download: 123.73 Mbit/s
Upload: 5.19 Mbit/s
Wed Jun 14 01:45:02 CEST 2017
Ping: 27.508 ms
Download: 108.74 Mbit/s
Upload: 5.38 Mbit/s
Wed Jun 14 02:45:01 CEST 2017
Ping: 28.568 ms
Download: 111.44 Mbit/s
Upload: 5.32 Mbit/s
Wed Jun 14 03:45:01 CEST 2017
Ping: 26.267 ms
Download: 124.40 Mbit/s
Upload: 5.14 Mbit/s
Wed Jun 14 04:45:01 CEST 2017
Ping: 27.321 ms
Download: 119.86 Mbit/s
Upload: 5.17 Mbit/s
Wed Jun 14 05:45:01 CEST 2017
Ping: 28.439 ms
Download: 121.25 Mbit/s
Upload: 5.07 Mbit/s
Wed Jun 14 06:45:01 CEST 2017
Ping: 30.27 ms
Download: 112.16 Mbit/s
Upload: 5.59 Mbit/s
Wed Jun 14 07:45:01 CEST 2017
Ping: 29.652 ms
Download: 115.12 Mbit/s
Upload: 5.66 Mbit/s
Wed Jun 14 08:45:01 CEST 2017
Ping: 27.576 ms
Download: 119.47 Mbit/s
Upload: 5.50 Mbit/s
Wed Jun 14 09:45:01 CEST 2017
Ping: 31.618 ms
Download: 125.93 Mbit/s
Upload: 5.55 Mbit/s
Wed Jun 14 10:45:01 CEST 2017
Ping: 29.003 ms
Download: 105.34 Mbit/s
Upload: 5.18 Mbit/s
Wed Jun 14 11:45:01 CEST 2017
Ping: 29.125 ms
Download: 111.20 Mbit/s
Upload: 5.53 Mbit/s
Wed Jun 14 12:45:01 CEST 2017
Ping: 31.465 ms
Download: 114.47 Mbit/s
Upload: 5.60 Mbit/s
Wed Jun 14 13:45:01 CEST 2017
Ping: 29.889 ms
Download: 127.05 Mbit/s
Upload: 5.61 Mbit/s
Wed Jun 14 14:45:02 CEST 2017
Ping: 28.02 ms
Download: 118.18 Mbit/s
Upload: 5.10 Mbit/s
Wed Jun 14 15:45:01 CEST 2017
Ping: 30.897 ms
Download: 122.44 Mbit/s
Upload: 5.56 Mbit/s
Wed Jun 14 16:45:02 CEST 2017
Ping: 27.86 ms
Download: 112.52 Mbit/s
Upload: 5.16 Mbit/s
Wed Jun 14 17:45:02 CEST 2017
Ping: 27.869 ms
Download: 119.31 Mbit/s
Upload: 5.19 Mbit/s
Wed Jun 14 18:45:01 CEST 2017
Ping: 30.16 ms
Download: 126.80 Mbit/s
Upload: 5.56 Mbit/s
Wed Jun 14 19:45:01 CEST 2017
Ping: 27.697 ms
Download: 87.76 Mbit/s
Upload: 4.90 Mbit/s
Wed Jun 14 20:45:01 CEST 2017
Ping: 28.005 ms
Download: 115.07 Mbit/s
Upload: 5.30 Mbit/s
Wed Jun 14 21:45:01 CEST 2017
Ping: 31.016 ms
Download: 122.46 Mbit/s
Upload: 5.58 Mbit/s
Wed Jun 14 22:45:02 CEST 2017
Ping: 29.371 ms
Download: 125.66 Mbit/s
Upload: 5.56 Mbit/s
Wed Jun 14 23:45:01 CEST 2017
Ping: 28.951 ms
Download: 113.74 Mbit/s
Upload: 5.13 Mbit/s
Thu Jun 15 00:45:01 CEST 2017
Could not retrieve speedtest.net configuration
Thu Jun 15 01:45:01 CEST 2017
Could not retrieve speedtest.net configuration
Thu Jun 15 02:45:01 CEST 2017
Could not retrieve speedtest.net configuration
Thu Jun 15 03:45:01 CEST 2017
Could not retrieve speedtest.net configuration
Thu Jun 15 04:45:01 CEST 2017
Could not retrieve speedtest.net configuration
Thu Jun 15 05:45:02 CEST 2017
Could not retrieve speedtest.net configuration
Thu Jun 15 06:45:01 CEST 2017
Could not retrieve speedtest.net configuration
Thu Jun 15 07:45:01 CEST 2017
Could not retrieve speedtest.net configuration
Thu Jun 15 08:45:01 CEST 2017
Could not retrieve speedtest.net configuration
Thu Jun 15 09:45:01 CEST 2017
Could not retrieve speedtest.net configuration
Thu Jun 15 10:45:01 CEST 2017
Could not retrieve speedtest.net configuration
Thu Jun 15 11:45:01 CEST 2017
Could not retrieve speedtest.net configuration
Thu Jun 15 12:45:01 CEST 2017
Could not retrieve speedtest.net configuration
Thu Jun 15 13:45:01 CEST 2017
Could not retrieve speedtest.net configuration
Thu Jun 15 14:45:01 CEST 2017
Could not retrieve speedtest.net configuration
Thu Jun 15 15:45:01 CEST 2017
Could not retrieve speedtest.net configuration
Thu Jun 15 16:45:01 CEST 2017
Could not retrieve speedtest.net configuration
Thu Jun 15 17:45:01 CEST 2017
Could not retrieve speedtest.net configuration
Thu Jun 15 18:45:01 CEST 2017
Could not retrieve speedtest.net configuration
Thu Jun 15 19:45:01 CEST 2017
Could not retrieve speedtest.net configuration
Thu Jun 15 20:45:01 CEST 2017
Could not retrieve speedtest.net configuration
Thu Jun 15 21:45:01 CEST 2017
Could not retrieve speedtest.net configuration
Thu Jun 15 22:45:01 CEST 2017
Could not retrieve speedtest.net configuration
Thu Jun 15 23:45:01 CEST 2017
Could not retrieve speedtest.net configuration
Fri Jun 16 00:45:01 CEST 2017
Could not retrieve speedtest.net configuration
Fri Jun 16 01:45:01 CEST 2017
Could not retrieve speedtest.net configuration
Fri Jun 16 02:45:01 CEST 2017
Could not retrieve speedtest.net configuration
Fri Jun 16 03:45:01 CEST 2017
Could not retrieve speedtest.net configuration
Fri Jun 16 04:45:01 CEST 2017
Could not retrieve speedtest.net configuration
Fri Jun 16 05:45:01 CEST 2017
Could not retrieve speedtest.net configuration
Fri Jun 16 06:45:01 CEST 2017
Could not retrieve speedtest.net configuration
Fri Jun 16 07:45:01 CEST 2017
Could not retrieve speedtest.net configuration
Fri Jun 16 08:45:01 CEST 2017
Could not retrieve speedtest.net configuration
Fri Jun 16 09:45:01 CEST 2017
Could not retrieve speedtest.net configuration
Fri Jun 16 10:45:02 CEST 2017
Could not retrieve speedtest.net configuration
Fri Jun 16 11:45:01 CEST 2017
Could not retrieve speedtest.net configuration
Fri Jun 16 12:45:01 CEST 2017
Could not retrieve speedtest.net configuration
Fri Jun 16 13:45:01 CEST 2017
Could not retrieve speedtest.net configuration
Fri Jun 16 14:45:01 CEST 2017
Could not retrieve speedtest.net configuration
Fri Jun 16 15:45:01 CEST 2017
Could not retrieve speedtest.net configuration
Fri Jun 16 16:45:01 CEST 2017
Could not retrieve speedtest.net configuration
Fri Jun 16 17:45:01 CEST 2017
Could not retrieve speedtest.net configuration
Fri Jun 16 18:45:01 CEST 2017
Could not retrieve speedtest.net configuration
Fri Jun 16 19:45:01 CEST 2017
Could not retrieve speedtest.net configuration
Fri Jun 16 20:45:01 CEST 2017
Could not retrieve speedtest.net configuration
Fri Jun 16 21:45:01 CEST 2017
Could not retrieve speedtest.net configuration
Fri Jun 16 22:45:02 CEST 2017
Could not retrieve speedtest.net configuration
Fri Jun 16 23:45:01 CEST 2017
Could not retrieve speedtest.net configuration
Sat Jun 17 00:45:01 CEST 2017
Could not retrieve speedtest.net configuration
Sat Jun 17 01:45:01 CEST 2017
Could not retrieve speedtest.net configuration
Sat Jun 17 02:45:01 CEST 2017
Could not retrieve speedtest.net configuration
Sat Jun 17 03:45:01 CEST 2017
Could not retrieve speedtest.net configuration
Sat Jun 17 04:45:01 CEST 2017
Could not retrieve speedtest.net configuration
Sat Jun 17 05:45:01 CEST 2017
Could not retrieve speedtest.net configuration
Sat Jun 17 06:45:01 CEST 2017
Could not retrieve speedtest.net configuration
Sat Jun 17 07:45:02 CEST 2017
Could not retrieve speedtest.net configuration
Sat Jun 17 08:45:01 CEST 2017
Could not retrieve speedtest.net configuration
Sat Jun 17 09:45:01 CEST 2017
Could not retrieve speedtest.net configuration
Sat Jun 17 10:45:01 CEST 2017
Could not retrieve speedtest.net configuration
Sat Jun 17 11:45:01 CEST 2017
Could not retrieve speedtest.net configuration
Sat Jun 17 12:45:01 CEST 2017
Could not retrieve speedtest.net configuration
Sat Jun 17 13:45:01 CEST 2017
Could not retrieve speedtest.net configuration
Sat Jun 17 14:45:01 CEST 2017
Could not retrieve speedtest.net configuration
Sat Jun 17 15:45:01 CEST 2017
Could not retrieve speedtest.net configuration
Sat Jun 17 16:45:01 CEST 2017
Could not retrieve speedtest.net configuration
Sat Jun 17 17:45:01 CEST 2017
Could not retrieve speedtest.net configuration
Sat Jun 17 18:45:01 CEST 2017
Could not retrieve speedtest.net configuration
Sat Jun 17 19:45:01 CEST 2017
Could not retrieve speedtest.net configuration
Sat Jun 17 20:45:01 CEST 2017
Could not retrieve speedtest.net configuration
Sat Jun 17 21:45:01 CEST 2017
Could not retrieve speedtest.net configuration
Sat Jun 17 22:45:01 CEST 2017
Could not retrieve speedtest.net configuration
Sat Jun 17 23:45:02 CEST 2017
Could not retrieve speedtest.net configuration
Sun Jun 18 00:45:01 CEST 2017
Could not retrieve speedtest.net configuration
Sun Jun 18 01:45:01 CEST 2017
Could not retrieve speedtest.net configuration
Sun Jun 18 02:45:01 CEST 2017
Could not retrieve speedtest.net configuration
Sun Jun 18 03:45:01 CEST 2017
Could not retrieve speedtest.net configuration
Sun Jun 18 04:45:01 CEST 2017
Could not retrieve speedtest.net configuration
Sun Jun 18 05:45:01 CEST 2017
Could not retrieve speedtest.net configuration
Sun Jun 18 06:45:01 CEST 2017
Could not retrieve speedtest.net configuration
Sun Jun 18 07:45:01 CEST 2017
Could not retrieve speedtest.net configuration
Sun Jun 18 08:45:01 CEST 2017
Could not retrieve speedtest.net configuration
Sun Jun 18 09:45:01 CEST 2017
Could not retrieve speedtest.net configuration
Sun Jun 18 10:45:01 CEST 2017
Could not retrieve speedtest.net configuration
Sun Jun 18 11:45:01 CEST 2017
Could not retrieve speedtest.net configuration
Sun Jun 18 12:45:01 CEST 2017
Could not retrieve speedtest.net configuration
Sun Jun 18 13:45:01 CEST 2017
Could not retrieve speedtest.net configuration
Sun Jun 18 14:45:01 CEST 2017
Could not retrieve speedtest.net configuration
Sun Jun 18 15:45:01 CEST 2017
Could not retrieve speedtest.net configuration
Sun Jun 18 16:45:01 CEST 2017
Could not retrieve speedtest.net configuration
Sun Jun 18 17:45:01 CEST 2017
Could not retrieve speedtest.net configuration
Sun Jun 18 18:45:01 CEST 2017
Could not retrieve speedtest.net configuration
Sun Jun 18 19:45:01 CEST 2017
Could not retrieve speedtest.net configuration
Sun Jun 18 20:45:01 CEST 2017
Could not retrieve speedtest.net configuration
Sun Jun 18 21:45:01 CEST 2017
Could not retrieve speedtest.net configuration
Sun Jun 18 22:45:01 CEST 2017
Could not retrieve speedtest.net configuration
Sun Jun 18 23:45:01 CEST 2017
Could not retrieve speedtest.net configuration
Mon Jun 19 00:45:01 CEST 2017
Could not retrieve speedtest.net configuration
Mon Jun 19 01:45:01 CEST 2017
Could not retrieve speedtest.net configuration
Mon Jun 19 02:45:02 CEST 2017
Could not retrieve speedtest.net configuration
Mon Jun 19 03:45:01 CEST 2017
Could not retrieve speedtest.net configuration
Mon Jun 19 04:45:01 CEST 2017
Could not retrieve speedtest.net configuration
Mon Jun 19 05:45:01 CEST 2017
Could not retrieve speedtest.net configuration
Mon Jun 19 06:45:01 CEST 2017
Could not retrieve speedtest.net configuration
Mon Jun 19 07:45:01 CEST 2017
Could not retrieve speedtest.net configuration
Mon Jun 19 08:45:01 CEST 2017
Could not retrieve speedtest.net configuration
Mon Jun 19 09:45:01 CEST 2017
Could not retrieve speedtest.net configuration
Mon Jun 19 10:45:02 CEST 2017
Could not retrieve speedtest.net configuration
Mon Jun 19 11:45:01 CEST 2017
Could not retrieve speedtest.net configuration
Mon Jun 19 12:45:01 CEST 2017
Could not retrieve speedtest.net configuration
Mon Jun 19 13:45:01 CEST 2017
Could not retrieve speedtest.net configuration
Mon Jun 19 14:45:01 CEST 2017
Could not retrieve speedtest.net configuration
Mon Jun 19 15:45:01 CEST 2017
Could not retrieve speedtest.net configuration
Mon Jun 19 16:45:02 CEST 2017
Could not retrieve speedtest.net configuration
Mon Jun 19 17:45:01 CEST 2017
Could not retrieve speedtest.net configuration
Mon Jun 19 18:45:01 CEST 2017
Ping: 32.723 ms
Download: 110.90 Mbit/s
Upload: 5.50 Mbit/s
Mon Jun 19 19:45:01 CEST 2017
Ping: 27.784 ms
Download: 117.23 Mbit/s
Upload: 5.28 Mbit/s
Mon Jun 19 20:45:01 CEST 2017
Ping: 30.727 ms
Download: 118.52 Mbit/s
Upload: 5.57 Mbit/s
Mon Jun 19 21:45:01 CEST 2017
Ping: 29.473 ms
Download: 114.32 Mbit/s
Upload: 5.21 Mbit/s
Mon Jun 19 22:45:01 CEST 2017
Ping: 29.804 ms
Download: 108.62 Mbit/s
Upload: 5.55 Mbit/s
Mon Jun 19 23:45:01 CEST 2017
Ping: 28.495 ms
Download: 99.30 Mbit/s
Upload: 5.03 Mbit/s
Tue Jun 20 00:45:01 CEST 2017
Ping: 27.602 ms
Download: 124.79 Mbit/s
Upload: 5.24 Mbit/s
Tue Jun 20 01:45:01 CEST 2017
Ping: 29.122 ms
Download: 114.42 Mbit/s
Upload: 5.61 Mbit/s
Tue Jun 20 02:45:01 CEST 2017
Ping: 29.959 ms
Download: 102.48 Mbit/s
Upload: 5.55 Mbit/s
Tue Jun 20 03:45:01 CEST 2017
Ping: 29.833 ms
Download: 113.32 Mbit/s
Upload: 5.17 Mbit/s
Tue Jun 20 04:45:01 CEST 2017
Ping: 25.908 ms
Download: 124.34 Mbit/s
Upload: 5.01 Mbit/s
Tue Jun 20 05:45:01 CEST 2017
Ping: 28.012 ms
Download: 115.52 Mbit/s
Upload: 5.13 Mbit/s
Tue Jun 20 06:45:01 CEST 2017
Ping: 28.756 ms
Download: 106.69 Mbit/s
Upload: 5.20 Mbit/s
Tue Jun 20 07:45:01 CEST 2017
Ping: 28.699 ms
Download: 119.72 Mbit/s
Upload: 5.21 Mbit/s
Tue Jun 20 08:45:02 CEST 2017
Ping: 30.333 ms
Download: 121.27 Mbit/s
Upload: 5.37 Mbit/s
Tue Jun 20 09:45:02 CEST 2017
Ping: 29.588 ms
Download: 117.12 Mbit/s
Upload: 5.59 Mbit/s
Tue Jun 20 10:45:01 CEST 2017
Ping: 28.67 ms
Download: 110.10 Mbit/s
Upload: 5.52 Mbit/s
Tue Jun 20 11:45:01 CEST 2017
Ping: 28.772 ms
Download: 105.18 Mbit/s
Upload: 5.25 Mbit/s
Tue Jun 20 12:45:01 CEST 2017
Ping: 27.686 ms
Download: 95.38 Mbit/s
Upload: 4.75 Mbit/s
Tue Jun 20 13:45:01 CEST 2017
Ping: 28.57 ms
Download: 94.84 Mbit/s
Upload: 5.20 Mbit/s
Tue Jun 20 14:45:01 CEST 2017
Ping: 28.658 ms
Download: 102.07 Mbit/s
Upload: 5.02 Mbit/s
Tue Jun 20 15:45:01 CEST 2017
Ping: 28.7 ms
Download: 120.89 Mbit/s
Upload: 5.25 Mbit/s
Tue Jun 20 16:45:01 CEST 2017
Ping: 31.836 ms
Download: 108.17 Mbit/s
Upload: 5.23 Mbit/s
Tue Jun 20 17:45:01 CEST 2017
Ping: 28.324 ms
Download: 119.15 Mbit/s
Upload: 5.24 Mbit/s
Tue Jun 20 18:45:01 CEST 2017
Ping: 28.012 ms
Download: 114.65 Mbit/s
Upload: 5.17 Mbit/s
Tue Jun 20 19:45:01 CEST 2017
Ping: 30.098 ms
Download: 122.67 Mbit/s
Upload: 5.61 Mbit/s
Tue Jun 20 20:45:01 CEST 2017
Ping: 27.982 ms
Download: 110.14 Mbit/s
Upload: 5.14 Mbit/s
Tue Jun 20 21:45:01 CEST 2017
Ping: 28.993 ms
Download: 110.67 Mbit/s
Upload: 5.14 Mbit/s
Tue Jun 20 22:45:01 CEST 2017
Ping: 31.381 ms
Download: 107.09 Mbit/s
Upload: 5.66 Mbit/s
Tue Jun 20 23:45:01 CEST 2017
Ping: 30.189 ms
Download: 122.86 Mbit/s
Upload: 5.02 Mbit/s
Wed Jun 21 00:45:01 CEST 2017
Could not retrieve speedtest.net configuration
Wed Jun 21 01:45:02 CEST 2017
Could not retrieve speedtest.net configuration
Wed Jun 21 02:45:01 CEST 2017
Could not retrieve speedtest.net configuration
Wed Jun 21 03:45:01 CEST 2017
Could not retrieve speedtest.net configuration
Wed Jun 21 04:45:01 CEST 2017
Ping: 29.955 ms
Download: 105.73 Mbit/s
Upload: 5.63 Mbit/s
Wed Jun 21 05:45:01 CEST 2017
Ping: 30.227 ms
Download: 125.00 Mbit/s
Upload: 5.59 Mbit/s
Wed Jun 21 06:45:01 CEST 2017
Ping: 26.672 ms
Download: 118.02 Mbit/s
Upload: 5.28 Mbit/s
Wed Jun 21 07:45:01 CEST 2017
Ping: 31.914 ms
Download: 121.43 Mbit/s
Upload: 5.52 Mbit/s
Wed Jun 21 08:45:01 CEST 2017
Ping: 29.565 ms
Download: 94.63 Mbit/s
Upload: 5.01 Mbit/s
Wed Jun 21 09:45:01 CEST 2017
Ping: 30.498 ms
Download: 112.79 Mbit/s
Upload: 5.48 Mbit/s
Wed Jun 21 10:45:01 CEST 2017
Ping: 27.768 ms
Download: 107.27 Mbit/s
Upload: 5.24 Mbit/s
Wed Jun 21 11:45:01 CEST 2017
Ping: 30.515 ms
Download: 99.16 Mbit/s
Upload: 5.39 Mbit/s
Wed Jun 21 12:45:01 CEST 2017
Ping: 29.966 ms
Download: 123.82 Mbit/s
Upload: 5.09 Mbit/s
Wed Jun 21 13:45:01 CEST 2017
Ping: 29.382 ms
Download: 116.24 Mbit/s
Upload: 5.47 Mbit/s
Wed Jun 21 14:45:01 CEST 2017
Ping: 28.341 ms
Download: 124.53 Mbit/s
Upload: 5.25 Mbit/s
Wed Jun 21 15:45:01 CEST 2017
Ping: 30.783 ms
Download: 103.21 Mbit/s
Upload: 5.14 Mbit/s
Wed Jun 21 16:45:01 CEST 2017
Ping: 28.743 ms
Download: 112.07 Mbit/s
Upload: 5.31 Mbit/s
Wed Jun 21 17:45:01 CEST 2017
Ping: 29.428 ms
Download: 118.71 Mbit/s
Upload: 5.60 Mbit/s
Wed Jun 21 18:45:01 CEST 2017
Ping: 30.485 ms
Download: 110.57 Mbit/s
Upload: 5.62 Mbit/s
Wed Jun 21 19:45:01 CEST 2017
Ping: 29.227 ms
Download: 121.96 Mbit/s
Upload: 5.04 Mbit/s
Wed Jun 21 20:45:01 CEST 2017
Ping: 28.065 ms
Download: 119.38 Mbit/s
Upload: 5.33 Mbit/s
Wed Jun 21 21:45:01 CEST 2017
Ping: 28.406 ms
Download: 122.56 Mbit/s
Upload: 5.08 Mbit/s
Wed Jun 21 22:45:01 CEST 2017
Ping: 33.151 ms
Download: 116.73 Mbit/s
Upload: 5.59 Mbit/s
Wed Jun 21 23:45:01 CEST 2017
Ping: 27.33 ms
Download: 98.37 Mbit/s
Upload: 5.22 Mbit/s
Thu Jun 22 00:45:01 CEST 2017
Ping: 25.824 ms
Download: 103.90 Mbit/s
Upload: 5.42 Mbit/s
Thu Jun 22 01:45:01 CEST 2017
Ping: 27.865 ms
Download: 122.24 Mbit/s
Upload: 4.90 Mbit/s
Thu Jun 22 02:45:01 CEST 2017
Ping: 27.794 ms
Download: 122.23 Mbit/s
Upload: 5.29 Mbit/s
Thu Jun 22 03:45:01 CEST 2017
Ping: 27.951 ms
Download: 123.08 Mbit/s
Upload: 5.33 Mbit/s
Thu Jun 22 04:45:01 CEST 2017
Ping: 29.853 ms
Download: 118.55 Mbit/s
Upload: 5.65 Mbit/s
Thu Jun 22 05:45:01 CEST 2017
Ping: 29.263 ms
Download: 119.54 Mbit/s
Upload: 5.67 Mbit/s
Thu Jun 22 06:45:01 CEST 2017
Ping: 28.925 ms
Download: 119.35 Mbit/s
Upload: 5.37 Mbit/s
Thu Jun 22 07:45:01 CEST 2017
Ping: 29.568 ms
Download: 120.62 Mbit/s
Upload: 5.54 Mbit/s
Thu Jun 22 08:45:01 CEST 2017
Ping: 28.995 ms
Download: 119.23 Mbit/s
Upload: 5.19 Mbit/s
Thu Jun 22 09:45:01 CEST 2017
Ping: 27.818 ms
Download: 108.20 Mbit/s
Upload: 5.11 Mbit/s
Thu Jun 22 10:45:01 CEST 2017
Ping: 29.791 ms
Download: 118.05 Mbit/s
Upload: 5.63 Mbit/s
Thu Jun 22 11:45:01 CEST 2017
Ping: 27.716 ms
Download: 110.85 Mbit/s
Upload: 5.34 Mbit/s
Thu Jun 22 12:45:01 CEST 2017
Ping: 29.16 ms
Download: 112.23 Mbit/s
Upload: 5.61 Mbit/s
Thu Jun 22 13:45:01 CEST 2017
Ping: 29.243 ms
Download: 115.93 Mbit/s
Upload: 5.20 Mbit/s
Thu Jun 22 14:45:01 CEST 2017
Ping: 28.324 ms
Download: 118.69 Mbit/s
Upload: 5.15 Mbit/s
Thu Jun 22 15:45:01 CEST 2017
Ping: 28.697 ms
Download: 124.73 Mbit/s
Upload: 5.19 Mbit/s
Thu Jun 22 16:45:01 CEST 2017
Ping: 28.903 ms
Download: 99.54 Mbit/s
Upload: 5.32 Mbit/s
Thu Jun 22 17:45:01 CEST 2017
Ping: 29.939 ms
Download: 120.78 Mbit/s
Upload: 5.39 Mbit/s
Thu Jun 22 18:45:01 CEST 2017
Ping: 28.99 ms
Download: 106.14 Mbit/s
Upload: 5.31 Mbit/s
Thu Jun 22 19:45:01 CEST 2017
Ping: 29.834 ms
Download: 107.52 Mbit/s
Upload: 5.02 Mbit/s
Thu Jun 22 20:45:01 CEST 2017
Ping: 28.041 ms
Download: 118.22 Mbit/s
Upload: 5.23 Mbit/s
Thu Jun 22 21:45:01 CEST 2017
Ping: 29.809 ms
Download: 109.58 Mbit/s
Upload: 5.63 Mbit/s
Thu Jun 22 22:45:01 CEST 2017
Ping: 28.983 ms
Download: 51.37 Mbit/s
Upload: 5.09 Mbit/s
Thu Jun 22 23:45:01 CEST 2017
Ping: 28.004 ms
Download: 123.19 Mbit/s
Upload: 5.17 Mbit/s
Fri Jun 23 00:45:01 CEST 2017
Ping: 27.666 ms
Download: 103.94 Mbit/s
Upload: 5.26 Mbit/s
Fri Jun 23 01:45:01 CEST 2017
Ping: 30.464 ms
Download: 123.63 Mbit/s
Upload: 5.57 Mbit/s
Fri Jun 23 02:45:01 CEST 2017
Ping: 28.142 ms
Download: 113.24 Mbit/s
Upload: 5.56 Mbit/s
Fri Jun 23 03:45:01 CEST 2017
Ping: 28.902 ms
Download: 121.54 Mbit/s
Upload: 5.63 Mbit/s
Fri Jun 23 04:45:01 CEST 2017
Ping: 27.812 ms
Download: 109.19 Mbit/s
Upload: 5.64 Mbit/s
Fri Jun 23 05:45:01 CEST 2017
Ping: 29.513 ms
Download: 113.85 Mbit/s
Upload: 5.62 Mbit/s
Fri Jun 23 06:45:01 CEST 2017
Ping: 28.999 ms
Download: 124.42 Mbit/s
Upload: 5.41 Mbit/s
Fri Jun 23 07:45:01 CEST 2017
Ping: 29.446 ms
Download: 117.07 Mbit/s
Upload: 5.65 Mbit/s
Fri Jun 23 08:45:01 CEST 2017
Ping: 27.803 ms
Download: 120.29 Mbit/s
Upload: 5.33 Mbit/s
Fri Jun 23 09:45:01 CEST 2017
Ping: 27.702 ms
Download: 121.76 Mbit/s
Upload: 5.26 Mbit/s
Fri Jun 23 10:45:01 CEST 2017
Ping: 30.63 ms
Download: 119.35 Mbit/s
Upload: 5.09 Mbit/s
Fri Jun 23 11:45:01 CEST 2017
Ping: 29.012 ms
Download: 119.51 Mbit/s
Upload: 5.06 Mbit/s
Fri Jun 23 12:45:01 CEST 2017
Ping: 27.776 ms
Download: 124.71 Mbit/s
Upload: 5.68 Mbit/s
Fri Jun 23 13:45:01 CEST 2017
Ping: 29.36 ms
Download: 100.52 Mbit/s
Upload: 5.66 Mbit/s
Fri Jun 23 14:45:01 CEST 2017
Ping: 29.773 ms
Download: 103.79 Mbit/s
Upload: 4.80 Mbit/s
Fri Jun 23 15:45:02 CEST 2017
Ping: 30.389 ms
Download: 115.83 Mbit/s
Upload: 5.64 Mbit/s
Fri Jun 23 16:45:01 CEST 2017
Ping: 29.533 ms
Download: 125.11 Mbit/s
Upload: 5.38 Mbit/s
Fri Jun 23 17:45:01 CEST 2017
Ping: 27.092 ms
Download: 118.61 Mbit/s
Upload: 5.29 Mbit/s
Fri Jun 23 18:45:01 CEST 2017
Ping: 28.845 ms
Download: 116.76 Mbit/s
Upload: 5.20 Mbit/s
Fri Jun 23 19:45:01 CEST 2017
Ping: 29.319 ms
Download: 118.74 Mbit/s
Upload: 5.27 Mbit/s
Fri Jun 23 20:45:01 CEST 2017
Ping: 32.594 ms
Download: 113.98 Mbit/s
Upload: 5.20 Mbit/s
Fri Jun 23 21:45:02 CEST 2017
Ping: 27.886 ms
Download: 106.44 Mbit/s
Upload: 5.27 Mbit/s
Fri Jun 23 22:45:01 CEST 2017
Ping: 28.831 ms
Download: 108.49 Mbit/s
Upload: 5.16 Mbit/s
Fri Jun 23 23:45:01 CEST 2017
Ping: 27.977 ms
Download: 119.01 Mbit/s
Upload: 5.05 Mbit/s
Sat Jun 24 00:45:01 CEST 2017
Ping: 29.392 ms
Download: 110.25 Mbit/s
Upload: 5.68 Mbit/s
Sat Jun 24 01:45:02 CEST 2017
Ping: 29.442 ms
Download: 119.60 Mbit/s
Upload: 5.37 Mbit/s
Sat Jun 24 02:45:01 CEST 2017
Ping: 27.329 ms
Download: 117.94 Mbit/s
Upload: 5.22 Mbit/s
Sat Jun 24 03:45:02 CEST 2017
Ping: 28.948 ms
Download: 118.41 Mbit/s
Upload: 5.14 Mbit/s
Sat Jun 24 04:45:01 CEST 2017
Ping: 29.002 ms
Download: 124.58 Mbit/s
Upload: 5.62 Mbit/s
Sat Jun 24 05:45:01 CEST 2017
Ping: 26.677 ms
Download: 116.09 Mbit/s
Upload: 5.36 Mbit/s
Sat Jun 24 06:45:01 CEST 2017
Ping: 29.507 ms
Download: 106.31 Mbit/s
Upload: 5.67 Mbit/s
Sat Jun 24 07:45:01 CEST 2017
Ping: 28.898 ms
Download: 118.51 Mbit/s
Upload: 5.50 Mbit/s
Sat Jun 24 08:45:01 CEST 2017
Ping: 26.994 ms
Download: 118.92 Mbit/s
Upload: 5.26 Mbit/s
Sat Jun 24 09:45:01 CEST 2017
Ping: 27.902 ms
Download: 124.95 Mbit/s
Upload: 5.41 Mbit/s
Sat Jun 24 10:45:01 CEST 2017
Ping: 27.474 ms
Download: 116.07 Mbit/s
Upload: 5.20 Mbit/s
Sat Jun 24 11:45:01 CEST 2017
Ping: 29.543 ms
Download: 121.34 Mbit/s
Upload: 5.66 Mbit/s
Sat Jun 24 12:45:01 CEST 2017
Ping: 29.006 ms
Download: 102.88 Mbit/s
Upload: 5.15 Mbit/s
Sat Jun 24 13:45:01 CEST 2017
Ping: 29.007 ms
Download: 62.33 Mbit/s
Upload: 5.16 Mbit/s
Sat Jun 24 14:45:01 CEST 2017
Ping: 29.486 ms
Download: 114.31 Mbit/s
Upload: 5.66 Mbit/s
Sat Jun 24 15:45:02 CEST 2017
Ping: 28.292 ms
Download: 97.85 Mbit/s
Upload: 5.62 Mbit/s
Sat Jun 24 16:45:01 CEST 2017
Ping: 30.7 ms
Download: 124.33 Mbit/s
Upload: 5.46 Mbit/s
Sat Jun 24 17:45:01 CEST 2017
Ping: 28.415 ms
Download: 120.96 Mbit/s
Upload: 5.03 Mbit/s
Sat Jun 24 18:45:01 CEST 2017
Ping: 28.547 ms
Download: 125.67 Mbit/s
Upload: 5.61 Mbit/s
Sat Jun 24 19:45:01 CEST 2017
Ping: 27.919 ms
Download: 117.37 Mbit/s
Upload: 5.15 Mbit/s
Sat Jun 24 20:45:01 CEST 2017
Ping: 29.201 ms
Download: 114.81 Mbit/s
Upload: 5.30 Mbit/s
Sat Jun 24 21:45:01 CEST 2017
Ping: 29.894 ms
Download: 108.60 Mbit/s
Upload: 5.26 Mbit/s
Sat Jun 24 22:45:01 CEST 2017
Ping: 27.631 ms
Download: 125.42 Mbit/s
Upload: 5.30 Mbit/s
Sat Jun 24 23:45:01 CEST 2017
Ping: 29.305 ms
Download: 120.30 Mbit/s
Upload: 5.37 Mbit/s
Sun Jun 25 00:45:02 CEST 2017
Ping: 27.252 ms
Download: 119.09 Mbit/s
Upload: 5.01 Mbit/s
Sun Jun 25 01:45:01 CEST 2017
Ping: 25.553 ms
Download: 121.41 Mbit/s
Upload: 5.26 Mbit/s
Sun Jun 25 02:45:01 CEST 2017
Ping: 28.884 ms
Download: 125.19 Mbit/s
Upload: 5.13 Mbit/s
Sun Jun 25 03:45:01 CEST 2017
Ping: 27.271 ms
Download: 124.80 Mbit/s
Upload: 5.32 Mbit/s
Sun Jun 25 04:45:01 CEST 2017
Ping: 28.683 ms
Download: 114.85 Mbit/s
Upload: 5.17 Mbit/s
Sun Jun 25 05:45:01 CEST 2017
Ping: 29.811 ms
Download: 110.92 Mbit/s
Upload: 5.64 Mbit/s
Sun Jun 25 06:45:01 CEST 2017
Ping: 28.036 ms
Download: 121.86 Mbit/s
Upload: 5.17 Mbit/s
Sun Jun 25 07:45:02 CEST 2017
Ping: 28.987 ms
Download: 126.23 Mbit/s
Upload: 5.59 Mbit/s
Sun Jun 25 08:45:01 CEST 2017
Ping: 30.569 ms
Download: 101.95 Mbit/s
Upload: 5.61 Mbit/s
Sun Jun 25 09:45:02 CEST 2017
Ping: 28.287 ms
Download: 123.56 Mbit/s
Upload: 5.52 Mbit/s
Sun Jun 25 10:45:01 CEST 2017
Ping: 27.337 ms
Download: 118.54 Mbit/s
Upload: 5.32 Mbit/s
Sun Jun 25 11:45:01 CEST 2017
Ping: 27.714 ms
Download: 124.39 Mbit/s
Upload: 5.60 Mbit/s
Sun Jun 25 12:45:02 CEST 2017
Ping: 29.28 ms
Download: 119.10 Mbit/s
Upload: 5.31 Mbit/s
Sun Jun 25 13:45:01 CEST 2017
Ping: 29.138 ms
Download: 97.09 Mbit/s
Upload: 5.57 Mbit/s
Sun Jun 25 14:45:01 CEST 2017
Ping: 29.034 ms
Download: 123.39 Mbit/s
Upload: 5.57 Mbit/s
Sun Jun 25 15:45:01 CEST 2017
Ping: 27.516 ms
Download: 123.71 Mbit/s
Upload: 5.32 Mbit/s
Sun Jun 25 16:45:01 CEST 2017
Ping: 27.707 ms
Download: 108.72 Mbit/s
Upload: 5.17 Mbit/s
Sun Jun 25 17:45:01 CEST 2017
Ping: 29.485 ms
Download: 113.37 Mbit/s
Upload: 5.59 Mbit/s
Sun Jun 25 18:45:01 CEST 2017
Ping: 30.407 ms
Download: 124.15 Mbit/s
Upload: 5.62 Mbit/s
Sun Jun 25 19:45:01 CEST 2017
Ping: 31.905 ms
Download: 120.80 Mbit/s
Upload: 5.59 Mbit/s
Sun Jun 25 20:45:02 CEST 2017
Ping: 30.289 ms
Download: 121.21 Mbit/s
Upload: 5.63 Mbit/s
Sun Jun 25 21:45:02 CEST 2017
Ping: 27.664 ms
Download: 123.81 Mbit/s
Upload: 5.35 Mbit/s
Sun Jun 25 22:45:01 CEST 2017
Ping: 29.649 ms
Download: 119.57 Mbit/s
Upload: 5.19 Mbit/s
Sun Jun 25 23:45:01 CEST 2017
Ping: 27.337 ms
Download: 76.96 Mbit/s
Upload: 5.40 Mbit/s
Mon Jun 26 00:45:01 CEST 2017
Ping: 27.877 ms
Download: 124.66 Mbit/s
Upload: 5.62 Mbit/s
Mon Jun 26 01:45:01 CEST 2017
Ping: 27.539 ms
Download: 111.97 Mbit/s
Upload: 5.18 Mbit/s
Mon Jun 26 02:45:01 CEST 2017
Ping: 28.531 ms
Download: 120.38 Mbit/s
Upload: 5.48 Mbit/s
Mon Jun 26 03:45:01 CEST 2017
Ping: 26.309 ms
Download: 108.41 Mbit/s
Upload: 5.25 Mbit/s
Mon Jun 26 04:45:01 CEST 2017
Ping: 27.319 ms
Download: 121.67 Mbit/s
Upload: 5.35 Mbit/s
Mon Jun 26 05:45:02 CEST 2017
Ping: 29.418 ms
Download: 121.00 Mbit/s
Upload: 5.61 Mbit/s
Mon Jun 26 06:45:01 CEST 2017
Ping: 29.779 ms
Download: 122.77 Mbit/s
Upload: 5.63 Mbit/s
Mon Jun 26 07:45:01 CEST 2017
Ping: 29.451 ms
Download: 121.50 Mbit/s
Upload: 5.62 Mbit/s
Mon Jun 26 08:45:01 CEST 2017
Ping: 28.658 ms
Download: 122.11 Mbit/s
Upload: 5.08 Mbit/s
Mon Jun 26 09:45:01 CEST 2017
Ping: 27.876 ms
Download: 121.34 Mbit/s
Upload: 5.26 Mbit/s
Mon Jun 26 10:45:02 CEST 2017
Ping: 29.016 ms
Download: 106.69 Mbit/s
Upload: 5.24 Mbit/s
Mon Jun 26 11:45:02 CEST 2017
Ping: 27.887 ms
Download: 125.82 Mbit/s
Upload: 5.38 Mbit/s
Mon Jun 26 12:45:01 CEST 2017
Ping: 29.003 ms
Download: 76.15 Mbit/s
Upload: 5.20 Mbit/s
Mon Jun 26 13:45:01 CEST 2017
Ping: 28.043 ms
Download: 125.36 Mbit/s
Upload: 5.58 Mbit/s
Mon Jun 26 14:45:01 CEST 2017
Ping: 29.142 ms
Download: 98.33 Mbit/s
Upload: 5.59 Mbit/s
Mon Jun 26 15:45:01 CEST 2017
Ping: 27.536 ms
Download: 116.98 Mbit/s
Upload: 5.38 Mbit/s
Mon Jun 26 16:45:01 CEST 2017
Ping: 28.45 ms
Download: 126.88 Mbit/s
Upload: 5.55 Mbit/s
Mon Jun 26 17:45:01 CEST 2017
Ping: 29.806 ms
Download: 125.59 Mbit/s
Upload: 5.66 Mbit/s
Mon Jun 26 18:45:01 CEST 2017
Ping: 29.714 ms
Download: 122.32 Mbit/s
Upload: 5.47 Mbit/s
Mon Jun 26 19:45:01 CEST 2017
Ping: 28.158 ms
Download: 105.53 Mbit/s
Upload: 4.96 Mbit/s
Mon Jun 26 20:45:01 CEST 2017
Ping: 31.718 ms
Download: 120.12 Mbit/s
Upload: 5.47 Mbit/s
Mon Jun 26 21:45:02 CEST 2017
Ping: 27.421 ms
Download: 120.98 Mbit/s
Upload: 4.87 Mbit/s
Mon Jun 26 22:45:01 CEST 2017
Ping: 28.856 ms
Download: 105.07 Mbit/s
Upload: 5.14 Mbit/s
Mon Jun 26 23:45:01 CEST 2017
Ping: 28.986 ms
Download: 117.66 Mbit/s
Upload: 5.30 Mbit/s
Tue Jun 27 00:45:01 CEST 2017
Ping: 29.763 ms
Download: 125.45 Mbit/s
Upload: 5.65 Mbit/s
Tue Jun 27 01:45:01 CEST 2017
Ping: 28.274 ms
Download: 121.13 Mbit/s
Upload: 5.62 Mbit/s
Tue Jun 27 02:45:01 CEST 2017
Ping: 28.083 ms
Download: 124.52 Mbit/s
Upload: 5.26 Mbit/s
Tue Jun 27 03:45:01 CEST 2017
Ping: 25.115 ms
Download: 127.91 Mbit/s
Upload: 5.50 Mbit/s
Tue Jun 27 04:45:01 CEST 2017
Ping: 26.983 ms
Download: 127.66 Mbit/s
Upload: 5.63 Mbit/s
Tue Jun 27 05:45:01 CEST 2017
Ping: 30.661 ms
Download: 110.96 Mbit/s
Upload: 5.62 Mbit/s
Tue Jun 27 06:45:01 CEST 2017
Ping: 23.668 ms
Download: 127.83 Mbit/s
Upload: 5.63 Mbit/s
Tue Jun 27 07:45:01 CEST 2017
Ping: 29.066 ms
Download: 127.21 Mbit/s
Upload: 5.44 Mbit/s
Tue Jun 27 08:45:01 CEST 2017
Ping: 24.797 ms
Download: 126.29 Mbit/s
Upload: 5.49 Mbit/s
Tue Jun 27 09:45:01 CEST 2017
Ping: 31.457 ms
Download: 126.90 Mbit/s
Upload: 5.60 Mbit/s
Tue Jun 27 10:45:01 CEST 2017
Ping: 22.891 ms
Download: 127.77 Mbit/s
Upload: 5.63 Mbit/s
Tue Jun 27 11:45:02 CEST 2017
Ping: 24.97 ms
Download: 127.00 Mbit/s
Upload: 5.60 Mbit/s
Tue Jun 27 12:45:01 CEST 2017
Ping: 26.286 ms
Download: 126.42 Mbit/s
Upload: 5.38 Mbit/s
Tue Jun 27 13:45:01 CEST 2017
Ping: 24.788 ms
Download: 127.60 Mbit/s
Upload: 5.62 Mbit/s
Tue Jun 27 14:45:02 CEST 2017
Ping: 30.041 ms
Download: 122.53 Mbit/s
Upload: 5.61 Mbit/s
Tue Jun 27 15:45:02 CEST 2017
Ping: 28.568 ms
Download: 124.00 Mbit/s
Upload: 5.17 Mbit/s
Tue Jun 27 16:45:01 CEST 2017
Ping: 25.007 ms
Download: 127.11 Mbit/s
Upload: 5.61 Mbit/s
Tue Jun 27 17:45:01 CEST 2017
Ping: 28.351 ms
Download: 125.97 Mbit/s
Upload: 5.41 Mbit/s
Tue Jun 27 18:45:01 CEST 2017
Ping: 28.978 ms
Download: 114.62 Mbit/s
Upload: 5.63 Mbit/s
Tue Jun 27 19:45:01 CEST 2017
Ping: 24.586 ms
Download: 122.24 Mbit/s
Upload: 5.58 Mbit/s
Tue Jun 27 20:45:01 CEST 2017
Ping: 25.579 ms
Download: 125.49 Mbit/s
Upload: 5.45 Mbit/s
Tue Jun 27 21:45:01 CEST 2017
Ping: 25.113 ms
Download: 117.92 Mbit/s
Upload: 5.59 Mbit/s
Tue Jun 27 22:45:01 CEST 2017
Ping: 27.809 ms
Download: 124.75 Mbit/s
Upload: 5.59 Mbit/s
Tue Jun 27 23:45:02 CEST 2017
Ping: 27.676 ms
Download: 117.45 Mbit/s
Upload: 5.21 Mbit/s
Wed Jun 28 00:45:01 CEST 2017
Ping: 27.311 ms
Download: 126.07 Mbit/s
Upload: 5.31 Mbit/s
Wed Jun 28 01:45:01 CEST 2017
Ping: 26.616 ms
Download: 127.28 Mbit/s
Upload: 5.58 Mbit/s
Wed Jun 28 02:45:01 CEST 2017
Ping: 24.844 ms
Download: 127.88 Mbit/s
Upload: 5.59 Mbit/s
Wed Jun 28 03:45:01 CEST 2017
Ping: 26.127 ms
Download: 115.16 Mbit/s
Upload: 5.54 Mbit/s
Wed Jun 28 04:45:01 CEST 2017
Ping: 23.717 ms
Download: 127.24 Mbit/s
Upload: 5.61 Mbit/s
Wed Jun 28 05:45:02 CEST 2017
Ping: 25.701 ms
Download: 109.57 Mbit/s
Upload: 5.44 Mbit/s
Wed Jun 28 06:45:01 CEST 2017
Ping: 26.456 ms
Download: 113.93 Mbit/s
Upload: 5.63 Mbit/s
Wed Jun 28 07:45:01 CEST 2017
Ping: 26.586 ms
Download: 127.41 Mbit/s
Upload: 5.63 Mbit/s
Wed Jun 28 08:45:01 CEST 2017
Ping: 25.657 ms
Download: 127.85 Mbit/s
Upload: 5.59 Mbit/s
Wed Jun 28 09:45:01 CEST 2017
Ping: 27.05 ms
Download: 127.72 Mbit/s
Upload: 5.66 Mbit/s
Wed Jun 28 10:45:01 CEST 2017
Ping: 24.77 ms
Download: 127.81 Mbit/s
Upload: 5.59 Mbit/s
Wed Jun 28 11:45:01 CEST 2017
Ping: 29.18 ms
Download: 124.93 Mbit/s
Upload: 4.98 Mbit/s
Wed Jun 28 12:45:01 CEST 2017
Ping: 26.191 ms
Download: 126.18 Mbit/s
Upload: 5.63 Mbit/s
Wed Jun 28 13:45:01 CEST 2017
Ping: 32.135 ms
Download: 126.38 Mbit/s
Upload: 5.54 Mbit/s
Wed Jun 28 14:45:01 CEST 2017
Ping: 26.432 ms
Download: 113.44 Mbit/s
Upload: 5.62 Mbit/s
Wed Jun 28 15:45:01 CEST 2017
Ping: 23.83 ms
Download: 126.18 Mbit/s
Upload: 5.53 Mbit/s
Wed Jun 28 16:45:01 CEST 2017
Ping: 30.527 ms
Download: 100.25 Mbit/s
Upload: 5.55 Mbit/s
Wed Jun 28 17:45:01 CEST 2017
Wed Jun 28 18:45:01 CEST 2017
Ping: 26.465 ms
Download: 126.77 Mbit/s
Upload: 5.57 Mbit/s
Wed Jun 28 19:45:01 CEST 2017
Ping: 23.827 ms
Download: 127.74 Mbit/s
Upload: 5.60 Mbit/s
Wed Jun 28 20:45:01 CEST 2017
Ping: 24.737 ms
Download: 126.97 Mbit/s
Upload: 5.58 Mbit/s
Wed Jun 28 21:45:01 CEST 2017
Ping: 25.113 ms
Download: 126.59 Mbit/s
Upload: 5.59 Mbit/s
Wed Jun 28 22:45:01 CEST 2017
Ping: 26.564 ms
Download: 113.33 Mbit/s
Upload: 5.15 Mbit/s
Wed Jun 28 23:45:01 CEST 2017
Ping: 23.588 ms
Download: 127.02 Mbit/s
Upload: 5.64 Mbit/s
Thu Jun 29 00:45:01 CEST 2017
Ping: 29.137 ms
Download: 122.45 Mbit/s
Upload: 5.37 Mbit/s
Thu Jun 29 01:45:01 CEST 2017
Ping: 24.429 ms
Download: 116.83 Mbit/s
Upload: 5.60 Mbit/s
Thu Jun 29 02:45:01 CEST 2017
Ping: 22.898 ms
Download: 121.48 Mbit/s
Upload: 5.62 Mbit/s
Thu Jun 29 03:45:01 CEST 2017
Ping: 24.3 ms
Download: 127.46 Mbit/s
Upload: 5.62 Mbit/s
Thu Jun 29 04:45:01 CEST 2017
Ping: 26.259 ms
Download: 125.48 Mbit/s
Upload: 5.59 Mbit/s
Thu Jun 29 05:45:01 CEST 2017
Ping: 22.904 ms
Download: 127.55 Mbit/s
Upload: 5.66 Mbit/s
Thu Jun 29 06:45:01 CEST 2017
Ping: 27.661 ms
Download: 122.60 Mbit/s
Upload: 5.24 Mbit/s
Thu Jun 29 07:45:02 CEST 2017
Ping: 23.324 ms
Download: 125.52 Mbit/s
Upload: 5.60 Mbit/s
Thu Jun 29 08:45:01 CEST 2017
Ping: 25.103 ms
Download: 127.67 Mbit/s
Upload: 5.63 Mbit/s
Thu Jun 29 09:45:01 CEST 2017
Ping: 26.449 ms
Download: 127.14 Mbit/s
Upload: 5.64 Mbit/s
Thu Jun 29 10:45:01 CEST 2017
Ping: 26.214 ms
Download: 126.51 Mbit/s
Upload: 5.62 Mbit/s
Thu Jun 29 11:45:02 CEST 2017
Ping: 30.306 ms
Download: 126.81 Mbit/s
Upload: 5.56 Mbit/s
Thu Jun 29 12:45:01 CEST 2017
Ping: 26.445 ms
Download: 117.03 Mbit/s
Upload: 5.56 Mbit/s
Thu Jun 29 13:45:01 CEST 2017
Ping: 26.452 ms
Download: 127.00 Mbit/s
Upload: 5.60 Mbit/s
Thu Jun 29 14:45:01 CEST 2017
Ping: 25.996 ms
Download: 127.47 Mbit/s
Upload: 5.55 Mbit/s
Thu Jun 29 15:45:01 CEST 2017
Ping: 26.083 ms
Download: 125.68 Mbit/s
Upload: 5.60 Mbit/s
Thu Jun 29 16:45:01 CEST 2017
Ping: 25.973 ms
Download: 125.16 Mbit/s
Upload: 5.57 Mbit/s
Thu Jun 29 17:45:01 CEST 2017
Ping: 28.059 ms
Download: 127.35 Mbit/s
Upload: 5.59 Mbit/s
Thu Jun 29 18:45:01 CEST 2017
Ping: 29.092 ms
Download: 125.99 Mbit/s
Upload: 5.56 Mbit/s
Thu Jun 29 19:45:01 CEST 2017
Ping: 25.122 ms
Download: 125.76 Mbit/s
Upload: 5.48 Mbit/s
Thu Jun 29 20:45:01 CEST 2017
Ping: 28.285 ms
Download: 120.56 Mbit/s
Upload: 5.50 Mbit/s
Thu Jun 29 21:45:01 CEST 2017
Ping: 24.784 ms
Download: 126.57 Mbit/s
Upload: 5.60 Mbit/s
Thu Jun 29 22:45:01 CEST 2017
Ping: 25.019 ms
Download: 126.57 Mbit/s
Upload: 5.64 Mbit/s
Thu Jun 29 23:45:01 CEST 2017
Ping: 30.314 ms
Download: 122.95 Mbit/s
Upload: 5.28 Mbit/s
Fri Jun 30 00:45:01 CEST 2017
Ping: 24.685 ms
Download: 127.80 Mbit/s
Upload: 5.59 Mbit/s
Fri Jun 30 01:45:01 CEST 2017
Ping: 27.776 ms
Download: 124.19 Mbit/s
Upload: 5.59 Mbit/s
Fri Jun 30 02:45:01 CEST 2017
Ping: 26.274 ms
Download: 124.29 Mbit/s
Upload: 5.63 Mbit/s
Fri Jun 30 03:45:01 CEST 2017
Ping: 27.635 ms
Download: 127.90 Mbit/s
Upload: 5.62 Mbit/s
Fri Jun 30 04:45:01 CEST 2017
Ping: 27.971 ms
Download: 125.05 Mbit/s
Upload: 5.59 Mbit/s
Fri Jun 30 05:45:01 CEST 2017
Ping: 24.773 ms
Download: 127.78 Mbit/s
Upload: 5.58 Mbit/s
Fri Jun 30 06:45:01 CEST 2017
Ping: 23.598 ms
Download: 127.78 Mbit/s
Upload: 5.52 Mbit/s
Fri Jun 30 07:45:01 CEST 2017
Ping: 27.633 ms
Download: 127.18 Mbit/s
Upload: 5.65 Mbit/s
Fri Jun 30 08:45:01 CEST 2017
Ping: 26.094 ms
Download: 125.40 Mbit/s
Upload: 5.23 Mbit/s
Fri Jun 30 09:45:01 CEST 2017
Ping: 24.232 ms
Download: 126.24 Mbit/s
Upload: 5.51 Mbit/s
Fri Jun 30 10:45:01 CEST 2017
Ping: 29.6 ms
Download: 126.77 Mbit/s
Upload: 5.58 Mbit/s
Fri Jun 30 11:45:01 CEST 2017
Ping: 26.741 ms
Download: 127.23 Mbit/s
Upload: 5.42 Mbit/s
Fri Jun 30 12:45:01 CEST 2017
Ping: 26.444 ms
Download: 127.84 Mbit/s
Upload: 5.43 Mbit/s
Fri Jun 30 13:45:01 CEST 2017
Ping: 23.796 ms
Download: 126.62 Mbit/s
Upload: 5.56 Mbit/s
Fri Jun 30 14:45:01 CEST 2017
Ping: 23.785 ms
Download: 127.82 Mbit/s
Upload: 5.49 Mbit/s
Fri Jun 30 15:45:01 CEST 2017
Ping: 27.972 ms
Download: 124.76 Mbit/s
Upload: 5.63 Mbit/s
Fri Jun 30 16:45:01 CEST 2017
Ping: 28.822 ms
Download: 121.53 Mbit/s
Upload: 5.28 Mbit/s
Fri Jun 30 17:45:01 CEST 2017
Ping: 27.418 ms
Download: 122.19 Mbit/s
Upload: 5.61 Mbit/s
Fri Jun 30 18:45:01 CEST 2017
Ping: 26.448 ms
Download: 125.33 Mbit/s
Upload: 5.57 Mbit/s
Fri Jun 30 19:45:01 CEST 2017
Ping: 23.791 ms
Download: 126.43 Mbit/s
Upload: 5.50 Mbit/s
Fri Jun 30 20:45:01 CEST 2017
Ping: 25.106 ms
Download: 116.37 Mbit/s
Upload: 5.60 Mbit/s
Fri Jun 30 21:45:01 CEST 2017
Ping: 27.897 ms
Download: 125.63 Mbit/s
Upload: 5.15 Mbit/s
Fri Jun 30 22:45:01 CEST 2017
Ping: 32.492 ms
Download: 117.57 Mbit/s
Upload: 5.62 Mbit/s
Fri Jun 30 23:45:01 CEST 2017
Ping: 31.538 ms
Download: 123.27 Mbit/s
Upload: 5.64 Mbit/s
