Sat Jul  1 00:45:01 CEST 2017
Ping: 26.125 ms
Download: 126.54 Mbit/s
Upload: 5.60 Mbit/s
Sat Jul  1 01:45:01 CEST 2017
Ping: 28.956 ms
Download: 121.11 Mbit/s
Upload: 5.65 Mbit/s
Sat Jul  1 02:45:01 CEST 2017
Ping: 23.364 ms
Download: 83.61 Mbit/s
Upload: 5.60 Mbit/s
Sat Jul  1 03:45:01 CEST 2017
Ping: 28.128 ms
Download: 126.24 Mbit/s
Upload: 4.65 Mbit/s
Sat Jul  1 04:45:01 CEST 2017
Ping: 24.252 ms
Download: 127.64 Mbit/s
Upload: 5.55 Mbit/s
Sat Jul  1 05:45:01 CEST 2017
Ping: 24.94 ms
Download: 127.09 Mbit/s
Upload: 5.64 Mbit/s
Sat Jul  1 06:45:01 CEST 2017
Ping: 30.997 ms
Download: 107.22 Mbit/s
Upload: 5.61 Mbit/s
Sat Jul  1 07:45:01 CEST 2017
Ping: 27.883 ms
Download: 127.45 Mbit/s
Upload: 5.61 Mbit/s
Sat Jul  1 08:45:01 CEST 2017
Ping: 23.714 ms
Download: 114.31 Mbit/s
Upload: 5.33 Mbit/s
Sat Jul  1 09:45:01 CEST 2017
Ping: 26.552 ms
Download: 127.58 Mbit/s
Upload: 5.60 Mbit/s
Sat Jul  1 10:45:01 CEST 2017
Ping: 24.76 ms
Download: 124.34 Mbit/s
Upload: 5.50 Mbit/s
Sat Jul  1 11:45:01 CEST 2017
Ping: 25.385 ms
Download: 126.41 Mbit/s
Upload: 5.62 Mbit/s
Sat Jul  1 12:45:01 CEST 2017
Ping: 28.778 ms
Download: 121.02 Mbit/s
Upload: 5.15 Mbit/s
Sat Jul  1 13:45:01 CEST 2017
Ping: 26.21 ms
Download: 127.33 Mbit/s
Upload: 5.56 Mbit/s
Sat Jul  1 14:45:01 CEST 2017
Ping: 26.479 ms
Download: 126.30 Mbit/s
Upload: 5.46 Mbit/s
Sat Jul  1 15:45:01 CEST 2017
Ping: 25.681 ms
Download: 125.27 Mbit/s
Upload: 5.66 Mbit/s
Sat Jul  1 16:45:01 CEST 2017
Ping: 24.76 ms
Download: 126.48 Mbit/s
Upload: 5.62 Mbit/s
Sat Jul  1 17:45:01 CEST 2017
Ping: 27.705 ms
Download: 104.52 Mbit/s
Upload: 5.14 Mbit/s
Sat Jul  1 18:45:01 CEST 2017
Ping: 29.715 ms
Download: 109.37 Mbit/s
Upload: 5.21 Mbit/s
Sat Jul  1 19:45:01 CEST 2017
Ping: 24.303 ms
Download: 124.61 Mbit/s
Upload: 5.59 Mbit/s
Sat Jul  1 20:45:01 CEST 2017
Ping: 24.453 ms
Download: 127.56 Mbit/s
Upload: 5.58 Mbit/s
Sat Jul  1 21:45:01 CEST 2017
Ping: 23.926 ms
Download: 103.89 Mbit/s
Upload: 5.62 Mbit/s
Sat Jul  1 22:45:01 CEST 2017
Ping: 31.082 ms
Download: 97.62 Mbit/s
Upload: 5.56 Mbit/s
Sat Jul  1 23:45:01 CEST 2017
Ping: 28.579 ms
Download: 117.43 Mbit/s
Upload: 5.60 Mbit/s
Sun Jul  2 00:45:01 CEST 2017
Ping: 26.894 ms
Download: 124.78 Mbit/s
Upload: 5.62 Mbit/s
Sun Jul  2 01:45:01 CEST 2017
Ping: 26.456 ms
Download: 127.26 Mbit/s
Upload: 5.62 Mbit/s
Sun Jul  2 02:45:01 CEST 2017
Ping: 23.415 ms
Download: 119.50 Mbit/s
Upload: 5.66 Mbit/s
Sun Jul  2 03:45:01 CEST 2017
Ping: 23.816 ms
Download: 127.33 Mbit/s
Upload: 5.59 Mbit/s
Sun Jul  2 04:45:01 CEST 2017
Ping: 28.684 ms
Download: 110.37 Mbit/s
Upload: 5.32 Mbit/s
Sun Jul  2 05:45:01 CEST 2017
Ping: 24.327 ms
Download: 127.57 Mbit/s
Upload: 5.50 Mbit/s
Sun Jul  2 06:45:01 CEST 2017
Ping: 22.428 ms
Download: 118.13 Mbit/s
Upload: 5.55 Mbit/s
Sun Jul  2 07:45:01 CEST 2017
Ping: 26.46 ms
Download: 124.15 Mbit/s
Upload: 5.65 Mbit/s
Sun Jul  2 08:45:01 CEST 2017
Ping: 26.565 ms
Download: 126.76 Mbit/s
Upload: 5.49 Mbit/s
Sun Jul  2 09:45:01 CEST 2017
Ping: 24.839 ms
Download: 126.92 Mbit/s
Upload: 5.46 Mbit/s
Sun Jul  2 10:45:02 CEST 2017
Ping: 27.8 ms
Download: 110.96 Mbit/s
Upload: 5.27 Mbit/s
Sun Jul  2 11:45:01 CEST 2017
Ping: 25.164 ms
Download: 127.53 Mbit/s
Upload: 5.63 Mbit/s
Sun Jul  2 12:45:01 CEST 2017
Ping: 29.373 ms
Download: 105.04 Mbit/s
Upload: 5.59 Mbit/s
Sun Jul  2 13:45:01 CEST 2017
Ping: 27.679 ms
Download: 120.63 Mbit/s
Upload: 5.24 Mbit/s
Sun Jul  2 14:45:01 CEST 2017
Ping: 28.111 ms
Download: 127.54 Mbit/s
Upload: 5.52 Mbit/s
Sun Jul  2 15:45:01 CEST 2017
Ping: 31.771 ms
Download: 123.90 Mbit/s
Upload: 5.58 Mbit/s
Sun Jul  2 16:45:01 CEST 2017
Ping: 32.651 ms
Download: 97.85 Mbit/s
Upload: 5.58 Mbit/s
Sun Jul  2 17:45:01 CEST 2017
Ping: 25.607 ms
Download: 125.91 Mbit/s
Upload: 5.54 Mbit/s
Sun Jul  2 18:45:02 CEST 2017
Ping: 28.958 ms
Download: 95.71 Mbit/s
Upload: 5.20 Mbit/s
Sun Jul  2 19:45:01 CEST 2017
Ping: 22.699 ms
Download: 123.63 Mbit/s
Upload: 5.58 Mbit/s
Sun Jul  2 20:45:01 CEST 2017
Ping: 26.158 ms
Download: 113.02 Mbit/s
Upload: 5.56 Mbit/s
Sun Jul  2 21:45:01 CEST 2017
Ping: 23.775 ms
Download: 126.07 Mbit/s
Upload: 5.58 Mbit/s
Sun Jul  2 22:45:01 CEST 2017
Ping: 27.167 ms
Download: 125.82 Mbit/s
Upload: 5.54 Mbit/s
Sun Jul  2 23:45:01 CEST 2017
Ping: 29.067 ms
Download: 92.76 Mbit/s
Upload: 4.97 Mbit/s
Mon Jul  3 00:45:01 CEST 2017
Ping: 29.106 ms
Download: 99.34 Mbit/s
Upload: 5.09 Mbit/s
Mon Jul  3 01:45:01 CEST 2017
Ping: 25.076 ms
Download: 123.79 Mbit/s
Upload: 5.55 Mbit/s
Mon Jul  3 02:45:01 CEST 2017
Ping: 26.461 ms
Download: 127.53 Mbit/s
Upload: 5.59 Mbit/s
Mon Jul  3 03:45:01 CEST 2017
Ping: 25.108 ms
Download: 128.02 Mbit/s
Upload: 5.58 Mbit/s
Mon Jul  3 04:45:01 CEST 2017
Ping: 25.317 ms
Download: 127.88 Mbit/s
Upload: 5.57 Mbit/s
Mon Jul  3 05:45:01 CEST 2017
Ping: 25.12 ms
Download: 125.03 Mbit/s
Upload: 5.46 Mbit/s
Mon Jul  3 06:45:01 CEST 2017
Ping: 27.682 ms
Download: 118.75 Mbit/s
Upload: 5.27 Mbit/s
Mon Jul  3 07:45:01 CEST 2017
Ping: 31.039 ms
Download: 116.86 Mbit/s
Upload: 4.98 Mbit/s
Mon Jul  3 08:45:01 CEST 2017
Ping: 31.409 ms
Download: 120.82 Mbit/s
Upload: 3.80 Mbit/s
Mon Jul  3 09:45:01 CEST 2017
Ping: 25.417 ms
Download: 126.97 Mbit/s
Upload: 5.61 Mbit/s
Mon Jul  3 10:45:01 CEST 2017
Ping: 24.491 ms
Download: 127.67 Mbit/s
Upload: 5.65 Mbit/s
Mon Jul  3 11:45:01 CEST 2017
Ping: 24.722 ms
Download: 127.84 Mbit/s
Upload: 5.50 Mbit/s
Mon Jul  3 12:45:01 CEST 2017
Ping: 29.693 ms
Download: 119.12 Mbit/s
Upload: 5.43 Mbit/s
Mon Jul  3 13:45:01 CEST 2017
Ping: 31.436 ms
Download: 124.66 Mbit/s
Upload: 4.82 Mbit/s
Mon Jul  3 14:45:01 CEST 2017
Ping: 27.859 ms
Download: 128.03 Mbit/s
Upload: 5.54 Mbit/s
Mon Jul  3 15:45:01 CEST 2017
Ping: 31.667 ms
Download: 114.19 Mbit/s
Upload: 5.58 Mbit/s
Mon Jul  3 16:45:01 CEST 2017
Ping: 25.136 ms
Download: 124.77 Mbit/s
Upload: 5.46 Mbit/s
Mon Jul  3 17:45:01 CEST 2017
Ping: 23.1 ms
Download: 119.84 Mbit/s
Upload: 5.41 Mbit/s
Mon Jul  3 18:45:01 CEST 2017
Ping: 27.112 ms
Download: 127.95 Mbit/s
Upload: 5.62 Mbit/s
Mon Jul  3 19:45:02 CEST 2017
Ping: 29.165 ms
Download: 78.48 Mbit/s
Upload: 5.32 Mbit/s
Mon Jul  3 20:45:01 CEST 2017
Ping: 24.584 ms
Download: 126.21 Mbit/s
Upload: 5.50 Mbit/s
Mon Jul  3 21:45:01 CEST 2017
Ping: 29.794 ms
Download: 120.45 Mbit/s
Upload: 5.54 Mbit/s
Mon Jul  3 22:45:01 CEST 2017
Ping: 31.137 ms
Download: 122.07 Mbit/s
Upload: 5.52 Mbit/s
Mon Jul  3 23:45:01 CEST 2017
Ping: 29.612 ms
Download: 100.78 Mbit/s
Upload: 5.60 Mbit/s
Tue Jul  4 00:45:01 CEST 2017
Ping: 26.349 ms
Download: 126.09 Mbit/s
Upload: 5.54 Mbit/s
Tue Jul  4 01:45:01 CEST 2017
Ping: 26.557 ms
Download: 123.72 Mbit/s
Upload: 5.56 Mbit/s
Tue Jul  4 02:45:01 CEST 2017
Ping: 25.295 ms
Download: 115.24 Mbit/s
Upload: 5.66 Mbit/s
Tue Jul  4 03:45:01 CEST 2017
Ping: 25.066 ms
Download: 127.66 Mbit/s
Upload: 5.64 Mbit/s
Tue Jul  4 04:45:01 CEST 2017
Ping: 27.173 ms
Download: 125.30 Mbit/s
Upload: 5.57 Mbit/s
Tue Jul  4 05:45:01 CEST 2017
Ping: 26.38 ms
Download: 127.57 Mbit/s
Upload: 4.98 Mbit/s
Tue Jul  4 06:45:01 CEST 2017
Ping: 25.419 ms
Download: 124.48 Mbit/s
Upload: 5.57 Mbit/s
Tue Jul  4 07:45:01 CEST 2017
Ping: 22.769 ms
Download: 119.73 Mbit/s
Upload: 5.48 Mbit/s
Tue Jul  4 08:45:01 CEST 2017
Ping: 24.43 ms
Download: 127.22 Mbit/s
Upload: 5.64 Mbit/s
Tue Jul  4 09:45:01 CEST 2017
Ping: 29.997 ms
Download: 111.30 Mbit/s
Upload: 5.57 Mbit/s
Tue Jul  4 10:45:01 CEST 2017
Ping: 26.406 ms
Download: 124.77 Mbit/s
Upload: 5.59 Mbit/s
Tue Jul  4 11:45:01 CEST 2017
Ping: 25.598 ms
Download: 126.41 Mbit/s
Upload: 5.61 Mbit/s
Tue Jul  4 12:45:01 CEST 2017
Ping: 25.042 ms
Download: 125.03 Mbit/s
Upload: 5.41 Mbit/s
Tue Jul  4 13:45:01 CEST 2017
Ping: 26.365 ms
Download: 126.77 Mbit/s
Upload: 5.63 Mbit/s
Tue Jul  4 14:45:01 CEST 2017
Ping: 29.513 ms
Download: 115.99 Mbit/s
Upload: 5.60 Mbit/s
Tue Jul  4 15:45:01 CEST 2017
Ping: 29.134 ms
Download: 119.17 Mbit/s
Upload: 5.64 Mbit/s
Tue Jul  4 16:45:01 CEST 2017
Ping: 25.755 ms
Download: 118.28 Mbit/s
Upload: 5.57 Mbit/s
Tue Jul  4 17:45:01 CEST 2017
Ping: 24.715 ms
Download: 127.11 Mbit/s
Upload: 5.59 Mbit/s
Tue Jul  4 18:45:01 CEST 2017
Ping: 26.646 ms
Download: 113.95 Mbit/s
Upload: 5.59 Mbit/s
Tue Jul  4 19:45:01 CEST 2017
Ping: 26.249 ms
Download: 109.62 Mbit/s
Upload: 5.59 Mbit/s
Tue Jul  4 20:45:01 CEST 2017
Ping: 25.673 ms
Download: 122.26 Mbit/s
Upload: 5.63 Mbit/s
Tue Jul  4 21:45:01 CEST 2017
Ping: 24.93 ms
Download: 107.71 Mbit/s
Upload: 5.41 Mbit/s
Tue Jul  4 22:45:01 CEST 2017
Ping: 29.609 ms
Download: 115.03 Mbit/s
Upload: 5.51 Mbit/s
Tue Jul  4 23:45:01 CEST 2017
Ping: 27.54 ms
Download: 126.28 Mbit/s
Upload: 5.55 Mbit/s
Wed Jul  5 00:45:01 CEST 2017
Ping: 26.357 ms
Download: 126.43 Mbit/s
Upload: 5.62 Mbit/s
Wed Jul  5 01:45:01 CEST 2017
Ping: 27.192 ms
Download: 127.31 Mbit/s
Upload: 5.61 Mbit/s
Wed Jul  5 02:45:02 CEST 2017
Ping: 24.765 ms
Download: 127.01 Mbit/s
Upload: 5.59 Mbit/s
Wed Jul  5 03:45:01 CEST 2017
Ping: 29.862 ms
Download: 127.28 Mbit/s
Upload: 5.62 Mbit/s
Wed Jul  5 04:45:01 CEST 2017
Ping: 28.071 ms
Download: 102.99 Mbit/s
Upload: 5.58 Mbit/s
Wed Jul  5 05:45:02 CEST 2017
Ping: 24.738 ms
Download: 127.51 Mbit/s
Upload: 5.54 Mbit/s
Wed Jul  5 06:45:01 CEST 2017
Ping: 27.199 ms
Download: 126.77 Mbit/s
Upload: 5.62 Mbit/s
Wed Jul  5 07:45:01 CEST 2017
Ping: 27.51 ms
Download: 124.22 Mbit/s
Upload: 5.58 Mbit/s
Wed Jul  5 08:45:01 CEST 2017
Ping: 29.148 ms
Download: 110.13 Mbit/s
Upload: 5.56 Mbit/s
Wed Jul  5 09:45:01 CEST 2017
Ping: 29.455 ms
Download: 123.12 Mbit/s
Upload: 5.54 Mbit/s
Wed Jul  5 10:45:01 CEST 2017
Ping: 27.443 ms
Download: 122.75 Mbit/s
Upload: 5.59 Mbit/s
Wed Jul  5 11:45:01 CEST 2017
Ping: 25.026 ms
Download: 114.07 Mbit/s
Upload: 5.52 Mbit/s
Wed Jul  5 12:45:01 CEST 2017
Ping: 26.372 ms
Download: 109.13 Mbit/s
Upload: 5.59 Mbit/s
Wed Jul  5 13:45:01 CEST 2017
Ping: 26.067 ms
Download: 125.56 Mbit/s
Upload: 5.57 Mbit/s
Wed Jul  5 14:45:01 CEST 2017
Ping: 25.029 ms
Download: 102.82 Mbit/s
Upload: 5.60 Mbit/s
Wed Jul  5 15:45:01 CEST 2017
Ping: 24.722 ms
Download: 104.87 Mbit/s
Upload: 5.60 Mbit/s
Wed Jul  5 16:45:01 CEST 2017
Ping: 24.188 ms
Download: 127.32 Mbit/s
Upload: 5.63 Mbit/s
Wed Jul  5 17:45:01 CEST 2017
Ping: 26.064 ms
Download: 113.83 Mbit/s
Upload: 5.63 Mbit/s
Wed Jul  5 18:45:01 CEST 2017
Ping: 27.372 ms
Download: 125.93 Mbit/s
Upload: 5.55 Mbit/s
Wed Jul  5 19:45:01 CEST 2017
Ping: 26.574 ms
Download: 126.03 Mbit/s
Upload: 5.57 Mbit/s
Wed Jul  5 20:45:01 CEST 2017
Ping: 24.017 ms
Download: 124.22 Mbit/s
Upload: 5.54 Mbit/s
Wed Jul  5 21:45:01 CEST 2017
Ping: 24.697 ms
Download: 124.25 Mbit/s
Upload: 5.64 Mbit/s
Wed Jul  5 22:45:01 CEST 2017
Ping: 24.739 ms
Download: 124.89 Mbit/s
Upload: 5.61 Mbit/s
Wed Jul  5 23:45:01 CEST 2017
Ping: 30.459 ms
Download: 126.43 Mbit/s
Upload: 5.61 Mbit/s
Thu Jul  6 00:45:01 CEST 2017
Ping: 28.422 ms
Download: 112.85 Mbit/s
Upload: 5.67 Mbit/s
Thu Jul  6 01:45:01 CEST 2017
Ping: 26.412 ms
Download: 126.26 Mbit/s
Upload: 5.52 Mbit/s
Thu Jul  6 02:45:01 CEST 2017
Ping: 25.957 ms
Download: 127.69 Mbit/s
Upload: 5.57 Mbit/s
Thu Jul  6 03:45:01 CEST 2017
Ping: 25.233 ms
Download: 127.13 Mbit/s
Upload: 3.94 Mbit/s
Thu Jul  6 04:45:01 CEST 2017
Ping: 28.033 ms
Download: 108.45 Mbit/s
Upload: 5.58 Mbit/s
Thu Jul  6 05:45:01 CEST 2017
Ping: 27.586 ms
Download: 127.43 Mbit/s
Upload: 5.60 Mbit/s
Thu Jul  6 06:45:01 CEST 2017
Ping: 29.261 ms
Download: 120.28 Mbit/s
Upload: 5.53 Mbit/s
Thu Jul  6 07:45:01 CEST 2017
Ping: 27.706 ms
Download: 127.36 Mbit/s
Upload: 5.61 Mbit/s
Thu Jul  6 08:45:01 CEST 2017
Ping: 26.326 ms
Download: 126.47 Mbit/s
Upload: 5.64 Mbit/s
Thu Jul  6 09:45:01 CEST 2017
Ping: 25.791 ms
Download: 126.77 Mbit/s
Upload: 5.64 Mbit/s
Thu Jul  6 10:45:01 CEST 2017
Ping: 25.322 ms
Download: 124.74 Mbit/s
Upload: 5.59 Mbit/s
Thu Jul  6 11:45:01 CEST 2017
Ping: 25.864 ms
Download: 124.28 Mbit/s
Upload: 5.49 Mbit/s
Thu Jul  6 12:45:01 CEST 2017
Ping: 29.162 ms
Download: 112.42 Mbit/s
Upload: 5.65 Mbit/s
Thu Jul  6 13:45:01 CEST 2017
Ping: 23.844 ms
Download: 119.43 Mbit/s
Upload: 5.55 Mbit/s
Thu Jul  6 14:45:01 CEST 2017
Ping: 23.059 ms
Download: 126.83 Mbit/s
Upload: 5.65 Mbit/s
Thu Jul  6 15:45:01 CEST 2017
Ping: 27.978 ms
Download: 126.42 Mbit/s
Upload: 5.29 Mbit/s
Thu Jul  6 16:45:01 CEST 2017
Ping: 29.155 ms
Download: 125.50 Mbit/s
Upload: 5.52 Mbit/s
Thu Jul  6 17:45:01 CEST 2017
Ping: 32.651 ms
Download: 119.07 Mbit/s
Upload: 5.52 Mbit/s
Thu Jul  6 18:45:01 CEST 2017
Ping: 25.626 ms
Download: 116.41 Mbit/s
Upload: 5.51 Mbit/s
Thu Jul  6 19:45:01 CEST 2017
Ping: 25.555 ms
Download: 124.56 Mbit/s
Upload: 5.35 Mbit/s
Thu Jul  6 20:45:01 CEST 2017
Ping: 26.399 ms
Download: 94.69 Mbit/s
Upload: 5.42 Mbit/s
Thu Jul  6 21:45:01 CEST 2017
Ping: 29.863 ms
Download: 118.97 Mbit/s
Upload: 5.57 Mbit/s
Thu Jul  6 22:45:01 CEST 2017
Ping: 25.139 ms
Download: 123.69 Mbit/s
Upload: 5.56 Mbit/s
Thu Jul  6 23:45:01 CEST 2017
Ping: 25.81 ms
Download: 108.58 Mbit/s
Upload: 5.42 Mbit/s
Fri Jul  7 00:45:01 CEST 2017
Ping: 26.481 ms
Download: 125.99 Mbit/s
Upload: 5.55 Mbit/s
Fri Jul  7 01:45:01 CEST 2017
Ping: 30.288 ms
Download: 124.39 Mbit/s
Upload: 5.50 Mbit/s
Fri Jul  7 02:45:01 CEST 2017
Ping: 26.356 ms
Download: 120.64 Mbit/s
Upload: 5.49 Mbit/s
Fri Jul  7 03:45:01 CEST 2017
Ping: 28.22 ms
Download: 125.02 Mbit/s
Upload: 5.53 Mbit/s
Fri Jul  7 04:45:01 CEST 2017
Ping: 28.59 ms
Download: 102.81 Mbit/s
Upload: 5.52 Mbit/s
Fri Jul  7 05:45:01 CEST 2017
Ping: 26.22 ms
Download: 111.76 Mbit/s
Upload: 5.54 Mbit/s
Fri Jul  7 06:45:01 CEST 2017
Ping: 25.026 ms
Download: 105.22 Mbit/s
Upload: 4.66 Mbit/s
Fri Jul  7 07:45:01 CEST 2017
Ping: 29.912 ms
Download: 116.84 Mbit/s
Upload: 5.65 Mbit/s
Fri Jul  7 08:45:01 CEST 2017
Ping: 29.133 ms
Download: 118.59 Mbit/s
Upload: 5.39 Mbit/s
Fri Jul  7 09:45:01 CEST 2017
Ping: 23.717 ms
Download: 115.10 Mbit/s
Upload: 5.58 Mbit/s
Fri Jul  7 10:45:01 CEST 2017
Ping: 23.72 ms
Download: 127.39 Mbit/s
Upload: 5.61 Mbit/s
Fri Jul  7 11:45:01 CEST 2017
Ping: 25.504 ms
Download: 123.72 Mbit/s
Upload: 5.64 Mbit/s
Fri Jul  7 12:45:01 CEST 2017
Ping: 28.289 ms
Download: 109.36 Mbit/s
Upload: 5.65 Mbit/s
Fri Jul  7 13:45:01 CEST 2017
Ping: 28.731 ms
Download: 127.94 Mbit/s
Upload: 5.59 Mbit/s
Fri Jul  7 14:45:01 CEST 2017
Ping: 22.908 ms
Download: 119.07 Mbit/s
Upload: 5.62 Mbit/s
Fri Jul  7 15:45:01 CEST 2017
Ping: 28.074 ms
Download: 111.87 Mbit/s
Upload: 5.67 Mbit/s
Fri Jul  7 16:45:01 CEST 2017
Ping: 23.718 ms
Download: 127.50 Mbit/s
Upload: 5.61 Mbit/s
Fri Jul  7 17:45:01 CEST 2017
Ping: 26.084 ms
Download: 120.15 Mbit/s
Upload: 5.56 Mbit/s
Fri Jul  7 18:45:01 CEST 2017
Ping: 29.291 ms
Download: 114.53 Mbit/s
Upload: 5.43 Mbit/s
Fri Jul  7 19:45:01 CEST 2017
Ping: 25.039 ms
Download: 127.66 Mbit/s
Upload: 5.55 Mbit/s
Fri Jul  7 20:45:01 CEST 2017
Ping: 23.729 ms
Download: 124.29 Mbit/s
Upload: 5.55 Mbit/s
Fri Jul  7 21:45:01 CEST 2017
Ping: 25.767 ms
Download: 126.07 Mbit/s
Upload: 5.56 Mbit/s
Fri Jul  7 22:45:01 CEST 2017
Ping: 25.263 ms
Download: 122.85 Mbit/s
Upload: 5.56 Mbit/s
Fri Jul  7 23:45:01 CEST 2017
Ping: 25.34 ms
Download: 127.46 Mbit/s
Upload: 5.36 Mbit/s
Sat Jul  8 00:45:01 CEST 2017
Ping: 26.373 ms
Download: 124.65 Mbit/s
Upload: 5.63 Mbit/s
Sat Jul  8 01:45:01 CEST 2017
Ping: 30.261 ms
Download: 120.97 Mbit/s
Upload: 5.60 Mbit/s
Sat Jul  8 02:45:01 CEST 2017
Ping: 24.446 ms
Download: 126.93 Mbit/s
Upload: 5.66 Mbit/s
Sat Jul  8 03:45:01 CEST 2017
Ping: 27.461 ms
Download: 128.11 Mbit/s
Upload: 5.58 Mbit/s
Sat Jul  8 04:45:01 CEST 2017
Ping: 28.362 ms
Download: 124.84 Mbit/s
Upload: 5.63 Mbit/s
Sat Jul  8 05:45:02 CEST 2017
Ping: 25.745 ms
Download: 126.99 Mbit/s
Upload: 5.62 Mbit/s
Sat Jul  8 06:45:01 CEST 2017
Ping: 25.723 ms
Download: 127.50 Mbit/s
Upload: 5.62 Mbit/s
Sat Jul  8 07:45:01 CEST 2017
Ping: 26.39 ms
Download: 124.51 Mbit/s
Upload: 5.62 Mbit/s
Sat Jul  8 08:45:01 CEST 2017
Ping: 26.673 ms
Download: 110.82 Mbit/s
Upload: 5.63 Mbit/s
Sat Jul  8 09:45:01 CEST 2017
Ping: 25.049 ms
Download: 123.98 Mbit/s
Upload: 5.37 Mbit/s
Sat Jul  8 10:45:01 CEST 2017
Ping: 23.772 ms
Download: 116.69 Mbit/s
Upload: 5.57 Mbit/s
Sat Jul  8 11:45:01 CEST 2017
Ping: 25.179 ms
Download: 126.78 Mbit/s
Upload: 5.65 Mbit/s
Sat Jul  8 12:45:01 CEST 2017
Ping: 25.399 ms
Download: 127.79 Mbit/s
Upload: 5.38 Mbit/s
Sat Jul  8 13:45:01 CEST 2017
Ping: 26.427 ms
Download: 125.39 Mbit/s
Upload: 5.58 Mbit/s
Sat Jul  8 14:45:01 CEST 2017
Ping: 29.046 ms
Download: 125.69 Mbit/s
Upload: 5.59 Mbit/s
Sat Jul  8 15:45:01 CEST 2017
Ping: 28.048 ms
Download: 122.07 Mbit/s
Upload: 5.54 Mbit/s
Sat Jul  8 16:45:01 CEST 2017
Ping: 23.691 ms
Download: 119.72 Mbit/s
Upload: 5.51 Mbit/s
Sat Jul  8 17:45:01 CEST 2017
Ping: 30.697 ms
Download: 116.25 Mbit/s
Upload: 5.66 Mbit/s
Sat Jul  8 18:45:01 CEST 2017
Ping: 25.041 ms
Download: 125.14 Mbit/s
Upload: 5.60 Mbit/s
Sat Jul  8 19:45:01 CEST 2017
Ping: 26.078 ms
Download: 123.27 Mbit/s
Upload: 5.57 Mbit/s
Sat Jul  8 20:45:01 CEST 2017
Ping: 30.345 ms
Download: 102.22 Mbit/s
Upload: 5.41 Mbit/s
Sat Jul  8 21:45:01 CEST 2017
Ping: 24.934 ms
Download: 124.88 Mbit/s
Upload: 5.59 Mbit/s
Sat Jul  8 22:45:01 CEST 2017
Ping: 28.649 ms
Download: 115.42 Mbit/s
Upload: 5.62 Mbit/s
Sat Jul  8 23:45:01 CEST 2017
Ping: 24.567 ms
Download: 124.48 Mbit/s
Upload: 5.27 Mbit/s
Sun Jul  9 00:45:01 CEST 2017
Ping: 23.711 ms
Download: 127.51 Mbit/s
Upload: 5.50 Mbit/s
Sun Jul  9 01:45:01 CEST 2017
Ping: 28.907 ms
Download: 121.92 Mbit/s
Upload: 5.68 Mbit/s
Sun Jul  9 02:45:01 CEST 2017
Ping: 30.906 ms
Download: 116.57 Mbit/s
Upload: 5.54 Mbit/s
Sun Jul  9 03:45:01 CEST 2017
Ping: 25.064 ms
Download: 120.69 Mbit/s
Upload: 5.59 Mbit/s
Sun Jul  9 04:45:02 CEST 2017
Ping: 28.92 ms
Download: 123.03 Mbit/s
Upload: 5.63 Mbit/s
Sun Jul  9 05:45:01 CEST 2017
Ping: 27.129 ms
Download: 127.22 Mbit/s
Upload: 5.60 Mbit/s
Sun Jul  9 06:45:01 CEST 2017
Ping: 30.043 ms
Download: 113.30 Mbit/s
Upload: 5.60 Mbit/s
Sun Jul  9 07:45:02 CEST 2017
Ping: 26.36 ms
Download: 120.97 Mbit/s
Upload: 5.60 Mbit/s
Sun Jul  9 08:45:01 CEST 2017
Ping: 27.546 ms
Download: 127.17 Mbit/s
Upload: 5.63 Mbit/s
Sun Jul  9 09:45:02 CEST 2017
Ping: 25.072 ms
Download: 120.38 Mbit/s
Upload: 5.06 Mbit/s
Sun Jul  9 10:45:01 CEST 2017
Ping: 29.309 ms
Download: 123.26 Mbit/s
Upload: 5.57 Mbit/s
Sun Jul  9 11:45:02 CEST 2017
Ping: 28.17 ms
Download: 116.51 Mbit/s
Upload: 5.58 Mbit/s
Sun Jul  9 12:45:02 CEST 2017
Ping: 29.987 ms
Download: 114.78 Mbit/s
Upload: 5.60 Mbit/s
Sun Jul  9 13:45:01 CEST 2017
Ping: 25.854 ms
Download: 120.38 Mbit/s
Upload: 5.59 Mbit/s
Sun Jul  9 14:45:01 CEST 2017
Ping: 28.883 ms
Download: 108.09 Mbit/s
Upload: 5.64 Mbit/s
Sun Jul  9 15:45:01 CEST 2017
Ping: 29.299 ms
Download: 119.52 Mbit/s
Upload: 5.53 Mbit/s
Sun Jul  9 16:45:01 CEST 2017
Ping: 26.375 ms
Download: 95.86 Mbit/s
Upload: 5.63 Mbit/s
Sun Jul  9 17:45:01 CEST 2017
Ping: 30.016 ms
Download: 108.82 Mbit/s
Upload: 5.05 Mbit/s
Sun Jul  9 18:45:01 CEST 2017
Ping: 24.16 ms
Download: 126.01 Mbit/s
Upload: 5.44 Mbit/s
Sun Jul  9 19:45:01 CEST 2017
Ping: 24.612 ms
Download: 103.84 Mbit/s
Upload: 5.58 Mbit/s
Sun Jul  9 20:45:01 CEST 2017
Ping: 24.711 ms
Download: 121.27 Mbit/s
Upload: 5.59 Mbit/s
Sun Jul  9 21:45:01 CEST 2017
Ping: 25.057 ms
Download: 117.68 Mbit/s
Upload: 5.59 Mbit/s
Sun Jul  9 22:45:01 CEST 2017
Ping: 25.557 ms
Download: 126.02 Mbit/s
Upload: 5.57 Mbit/s
Sun Jul  9 23:45:01 CEST 2017
Ping: 26.787 ms
Download: 127.41 Mbit/s
Upload: 5.54 Mbit/s
Mon Jul 10 00:45:01 CEST 2017
Ping: 29.621 ms
Download: 91.41 Mbit/s
Upload: 5.61 Mbit/s
Mon Jul 10 01:45:01 CEST 2017
Ping: 24.794 ms
Download: 127.75 Mbit/s
Upload: 5.64 Mbit/s
Mon Jul 10 02:45:01 CEST 2017
Ping: 25.156 ms
Download: 127.86 Mbit/s
Upload: 5.60 Mbit/s
Mon Jul 10 03:45:01 CEST 2017
Ping: 24.199 ms
Download: 127.35 Mbit/s
Upload: 5.59 Mbit/s
Mon Jul 10 04:45:01 CEST 2017
Ping: 25.198 ms
Download: 127.51 Mbit/s
Upload: 5.25 Mbit/s
Mon Jul 10 05:45:01 CEST 2017
Ping: 23.874 ms
Download: 127.84 Mbit/s
Upload: 5.64 Mbit/s
Mon Jul 10 06:45:01 CEST 2017
Ping: 26.211 ms
Download: 126.20 Mbit/s
Upload: 5.57 Mbit/s
Mon Jul 10 07:45:01 CEST 2017
Ping: 23.642 ms
Download: 127.91 Mbit/s
Upload: 5.59 Mbit/s
Mon Jul 10 08:45:01 CEST 2017
Ping: 29.73 ms
Download: 124.82 Mbit/s
Upload: 5.55 Mbit/s
Mon Jul 10 09:45:01 CEST 2017
Ping: 23.53 ms
Download: 127.46 Mbit/s
Upload: 5.57 Mbit/s
Mon Jul 10 10:45:02 CEST 2017
Ping: 26.14 ms
Download: 125.13 Mbit/s
Upload: 5.61 Mbit/s
Mon Jul 10 11:45:01 CEST 2017
Ping: 28.034 ms
Download: 118.95 Mbit/s
Upload: 5.63 Mbit/s
Mon Jul 10 12:45:01 CEST 2017
Ping: 24.607 ms
Download: 126.37 Mbit/s
Upload: 5.55 Mbit/s
Mon Jul 10 13:45:01 CEST 2017
Ping: 27.418 ms
Download: 120.21 Mbit/s
Upload: 5.58 Mbit/s
Mon Jul 10 14:45:01 CEST 2017
Ping: 27.067 ms
Download: 127.28 Mbit/s
Upload: 5.54 Mbit/s
Mon Jul 10 15:45:01 CEST 2017
Ping: 29.513 ms
Download: 127.14 Mbit/s
Upload: 5.61 Mbit/s
Mon Jul 10 16:45:01 CEST 2017
Ping: 26.024 ms
Download: 122.27 Mbit/s
Upload: 5.62 Mbit/s
Mon Jul 10 17:45:01 CEST 2017
Ping: 25.75 ms
Download: 127.68 Mbit/s
Upload: 5.60 Mbit/s
Mon Jul 10 18:45:01 CEST 2017
Ping: 24.441 ms
Download: 127.53 Mbit/s
Upload: 5.64 Mbit/s
Mon Jul 10 19:45:01 CEST 2017
Ping: 27.232 ms
Download: 111.08 Mbit/s
Upload: 5.59 Mbit/s
Mon Jul 10 20:45:01 CEST 2017
Ping: 29.774 ms
Download: 113.47 Mbit/s
Upload: 5.38 Mbit/s
Mon Jul 10 21:45:02 CEST 2017
Ping: 25.037 ms
Download: 127.80 Mbit/s
Upload: 5.60 Mbit/s
Mon Jul 10 22:45:02 CEST 2017
Ping: 28.608 ms
Download: 115.67 Mbit/s
Upload: 5.61 Mbit/s
Mon Jul 10 23:45:01 CEST 2017
Ping: 28.068 ms
Download: 116.90 Mbit/s
Upload: 5.61 Mbit/s
Tue Jul 11 00:45:01 CEST 2017
Ping: 22.12 ms
Download: 123.00 Mbit/s
Upload: 4.97 Mbit/s
Tue Jul 11 01:45:01 CEST 2017
Ping: 23.341 ms
Download: 126.86 Mbit/s
Upload: 5.51 Mbit/s
Tue Jul 11 02:45:01 CEST 2017
Ping: 29.498 ms
Download: 118.27 Mbit/s
Upload: 5.47 Mbit/s
Tue Jul 11 03:45:01 CEST 2017
Ping: 23.142 ms
Download: 126.60 Mbit/s
Upload: 5.57 Mbit/s
Tue Jul 11 04:45:01 CEST 2017
Ping: 23.786 ms
Download: 127.96 Mbit/s
Upload: 5.58 Mbit/s
Tue Jul 11 05:45:01 CEST 2017
Ping: 25.45 ms
Download: 128.02 Mbit/s
Upload: 5.61 Mbit/s
Tue Jul 11 06:45:01 CEST 2017
Ping: 26.378 ms
Download: 127.49 Mbit/s
Upload: 5.61 Mbit/s
Tue Jul 11 07:45:01 CEST 2017
Ping: 26.404 ms
Download: 115.96 Mbit/s
Upload: 5.61 Mbit/s
Tue Jul 11 08:45:01 CEST 2017
Ping: 27.275 ms
Download: 103.66 Mbit/s
Upload: 5.61 Mbit/s
Tue Jul 11 09:45:01 CEST 2017
Ping: 25.868 ms
Download: 124.06 Mbit/s
Upload: 5.25 Mbit/s
Tue Jul 11 10:45:01 CEST 2017
Ping: 26.379 ms
Download: 127.67 Mbit/s
Upload: 5.56 Mbit/s
Tue Jul 11 11:45:01 CEST 2017
Ping: 24.48 ms
Download: 126.83 Mbit/s
Upload: 5.60 Mbit/s
Tue Jul 11 12:45:01 CEST 2017
Ping: 30.988 ms
Download: 116.78 Mbit/s
Upload: 5.53 Mbit/s
Tue Jul 11 13:45:01 CEST 2017
Ping: 27.17 ms
Download: 125.22 Mbit/s
Upload: 5.42 Mbit/s
Tue Jul 11 14:45:01 CEST 2017
Ping: 23.974 ms
Download: 108.81 Mbit/s
Upload: 5.56 Mbit/s
Tue Jul 11 15:45:01 CEST 2017
Ping: 24.055 ms
Download: 125.98 Mbit/s
Upload: 5.55 Mbit/s
Tue Jul 11 16:45:02 CEST 2017
Ping: 26.64 ms
Download: 124.21 Mbit/s
Upload: 5.39 Mbit/s
Tue Jul 11 17:45:01 CEST 2017
Ping: 25.917 ms
Download: 116.01 Mbit/s
Upload: 5.58 Mbit/s
Tue Jul 11 18:45:01 CEST 2017
Ping: 27.642 ms
Download: 127.72 Mbit/s
Upload: 5.56 Mbit/s
Tue Jul 11 19:45:01 CEST 2017
Ping: 26.152 ms
Download: 125.10 Mbit/s
Upload: 5.54 Mbit/s
Tue Jul 11 20:45:01 CEST 2017
Ping: 29.523 ms
Download: 121.72 Mbit/s
Upload: 5.62 Mbit/s
Tue Jul 11 21:45:01 CEST 2017
Ping: 32.061 ms
Download: 96.15 Mbit/s
Upload: 5.44 Mbit/s
Tue Jul 11 22:45:01 CEST 2017
Ping: 26.363 ms
Download: 123.87 Mbit/s
Upload: 5.46 Mbit/s
Tue Jul 11 23:45:01 CEST 2017
Ping: 23.706 ms
Download: 127.77 Mbit/s
Upload: 5.63 Mbit/s
Wed Jul 12 00:45:01 CEST 2017
Ping: 27.696 ms
Download: 127.39 Mbit/s
Upload: 5.57 Mbit/s
Wed Jul 12 01:45:01 CEST 2017
Ping: 30.646 ms
Download: 125.62 Mbit/s
Upload: 5.60 Mbit/s
Wed Jul 12 02:45:01 CEST 2017
Ping: 26.426 ms
Download: 127.45 Mbit/s
Upload: 5.63 Mbit/s
Wed Jul 12 03:45:01 CEST 2017
Ping: 25.974 ms
Download: 127.41 Mbit/s
Upload: 5.59 Mbit/s
Wed Jul 12 04:45:01 CEST 2017
Ping: 24.716 ms
Download: 126.29 Mbit/s
Upload: 5.51 Mbit/s
Wed Jul 12 05:45:01 CEST 2017
Ping: 26.689 ms
Download: 127.48 Mbit/s
Upload: 5.62 Mbit/s
Wed Jul 12 06:45:01 CEST 2017
Ping: 25.065 ms
Download: 109.72 Mbit/s
Upload: 5.64 Mbit/s
Wed Jul 12 07:45:01 CEST 2017
Ping: 29.193 ms
Download: 125.74 Mbit/s
Upload: 5.61 Mbit/s
Wed Jul 12 08:45:01 CEST 2017
Ping: 28.304 ms
Download: 119.55 Mbit/s
Upload: 5.59 Mbit/s
Wed Jul 12 09:45:01 CEST 2017
Ping: 26.367 ms
Download: 126.01 Mbit/s
Upload: 5.62 Mbit/s
Wed Jul 12 10:45:01 CEST 2017
Ping: 30.591 ms
Download: 110.99 Mbit/s
Upload: 5.68 Mbit/s
Wed Jul 12 11:45:01 CEST 2017
Ping: 31.475 ms
Download: 101.63 Mbit/s
Upload: 5.54 Mbit/s
Wed Jul 12 12:45:01 CEST 2017
Ping: 25.062 ms
Download: 105.78 Mbit/s
Upload: 5.41 Mbit/s
Wed Jul 12 13:45:01 CEST 2017
Ping: 25.722 ms
Download: 122.53 Mbit/s
Upload: 5.58 Mbit/s
Wed Jul 12 14:45:01 CEST 2017
Ping: 28.541 ms
Download: 119.77 Mbit/s
Upload: 5.57 Mbit/s
Wed Jul 12 15:45:01 CEST 2017
Ping: 29.107 ms
Download: 121.60 Mbit/s
Upload: 5.58 Mbit/s
Wed Jul 12 16:45:01 CEST 2017
Ping: 26.383 ms
Download: 126.97 Mbit/s
Upload: 5.58 Mbit/s
Wed Jul 12 17:45:01 CEST 2017
Ping: 23.679 ms
Download: 127.47 Mbit/s
Upload: 5.57 Mbit/s
Wed Jul 12 18:45:01 CEST 2017
Ping: 28.685 ms
Download: 119.39 Mbit/s
Upload: 5.68 Mbit/s
Wed Jul 12 19:45:01 CEST 2017
Ping: 30.449 ms
Download: 105.43 Mbit/s
Upload: 5.67 Mbit/s
Wed Jul 12 20:45:01 CEST 2017
Ping: 25.169 ms
Download: 120.28 Mbit/s
Upload: 5.57 Mbit/s
Wed Jul 12 21:45:01 CEST 2017
Ping: 24.824 ms
Download: 123.21 Mbit/s
Upload: 5.51 Mbit/s
Wed Jul 12 22:45:01 CEST 2017
Ping: 27.725 ms
Download: 122.15 Mbit/s
Upload: 5.54 Mbit/s
Wed Jul 12 23:45:01 CEST 2017
Ping: 25.855 ms
Download: 124.73 Mbit/s
Upload: 5.55 Mbit/s
Thu Jul 13 00:45:01 CEST 2017
Ping: 28.842 ms
Download: 120.04 Mbit/s
Upload: 5.62 Mbit/s
Thu Jul 13 01:45:01 CEST 2017
Ping: 25.058 ms
Download: 127.64 Mbit/s
Upload: 5.51 Mbit/s
Thu Jul 13 02:45:02 CEST 2017
Ping: 24.835 ms
Download: 126.26 Mbit/s
Upload: 4.89 Mbit/s
Thu Jul 13 03:45:01 CEST 2017
Ping: 27.143 ms
Download: 127.87 Mbit/s
Upload: 5.61 Mbit/s
Thu Jul 13 04:45:02 CEST 2017
Ping: 26.489 ms
Download: 125.67 Mbit/s
Upload: 5.61 Mbit/s
Thu Jul 13 05:45:01 CEST 2017
Ping: 23.755 ms
Download: 126.62 Mbit/s
Upload: 5.52 Mbit/s
Thu Jul 13 06:45:01 CEST 2017
Ping: 25.043 ms
Download: 125.18 Mbit/s
Upload: 5.49 Mbit/s
Thu Jul 13 07:45:01 CEST 2017
Ping: 29.602 ms
Download: 107.04 Mbit/s
Upload: 5.47 Mbit/s
Thu Jul 13 08:45:01 CEST 2017
Ping: 28.04 ms
Download: 114.37 Mbit/s
Upload: 5.60 Mbit/s
Thu Jul 13 09:45:01 CEST 2017
Ping: 29.288 ms
Download: 115.72 Mbit/s
Upload: 5.58 Mbit/s
Thu Jul 13 10:45:01 CEST 2017
Ping: 24.617 ms
Download: 124.29 Mbit/s
Upload: 5.53 Mbit/s
Thu Jul 13 11:45:01 CEST 2017
Ping: 26.572 ms
Download: 121.16 Mbit/s
Upload: 5.53 Mbit/s
Thu Jul 13 12:45:01 CEST 2017
Ping: 29.821 ms
Download: 107.96 Mbit/s
Upload: 5.64 Mbit/s
Thu Jul 13 13:45:01 CEST 2017
Ping: 26.393 ms
Download: 100.18 Mbit/s
Upload: 5.25 Mbit/s
Thu Jul 13 14:45:01 CEST 2017
Ping: 26.382 ms
Download: 127.34 Mbit/s
Upload: 5.54 Mbit/s
Thu Jul 13 15:45:01 CEST 2017
Ping: 28.523 ms
Download: 110.42 Mbit/s
Upload: 5.47 Mbit/s
Thu Jul 13 16:45:01 CEST 2017
Ping: 26.918 ms
Download: 127.18 Mbit/s
Upload: 5.41 Mbit/s
Thu Jul 13 17:45:01 CEST 2017
Ping: 29.685 ms
Download: 112.53 Mbit/s
Upload: 5.57 Mbit/s
Thu Jul 13 18:45:01 CEST 2017
Ping: 26.395 ms
Download: 127.06 Mbit/s
Upload: 5.28 Mbit/s
Thu Jul 13 19:45:01 CEST 2017
Ping: 25.595 ms
Download: 126.41 Mbit/s
Upload: 5.58 Mbit/s
Thu Jul 13 20:45:01 CEST 2017
Ping: 30.277 ms
Download: 122.54 Mbit/s
Upload: 5.58 Mbit/s
Thu Jul 13 21:45:01 CEST 2017
Ping: 25.845 ms
Download: 123.74 Mbit/s
Upload: 5.58 Mbit/s
Thu Jul 13 22:45:02 CEST 2017
Ping: 27.339 ms
Download: 126.79 Mbit/s
Upload: 5.57 Mbit/s
Thu Jul 13 23:45:01 CEST 2017
Ping: 24.457 ms
Download: 126.40 Mbit/s
Upload: 5.61 Mbit/s
Fri Jul 14 00:45:01 CEST 2017
Ping: 26.79 ms
Download: 124.70 Mbit/s
Upload: 5.53 Mbit/s
Fri Jul 14 01:45:01 CEST 2017
Ping: 26.038 ms
Download: 123.88 Mbit/s
Upload: 5.60 Mbit/s
Fri Jul 14 02:45:01 CEST 2017
Ping: 25.41 ms
Download: 127.11 Mbit/s
Upload: 5.63 Mbit/s
Fri Jul 14 03:45:01 CEST 2017
Ping: 25.093 ms
Download: 120.99 Mbit/s
Upload: 5.61 Mbit/s
Fri Jul 14 04:45:01 CEST 2017
Ping: 26.27 ms
Download: 114.08 Mbit/s
Upload: 5.66 Mbit/s
Fri Jul 14 05:45:01 CEST 2017
Ping: 27.019 ms
Download: 122.60 Mbit/s
Upload: 5.52 Mbit/s
Fri Jul 14 06:45:01 CEST 2017
Ping: 25.068 ms
Download: 116.13 Mbit/s
Upload: 5.52 Mbit/s
Fri Jul 14 07:45:01 CEST 2017
Ping: 26.368 ms
Download: 127.71 Mbit/s
Upload: 5.61 Mbit/s
Fri Jul 14 08:45:02 CEST 2017
Ping: 24.69 ms
Download: 119.65 Mbit/s
Upload: 5.64 Mbit/s
Fri Jul 14 09:45:01 CEST 2017
Ping: 29.07 ms
Download: 111.46 Mbit/s
Upload: 5.66 Mbit/s
Fri Jul 14 10:45:02 CEST 2017
Ping: 24.674 ms
Download: 123.16 Mbit/s
Upload: 5.61 Mbit/s
Fri Jul 14 11:45:02 CEST 2017
Ping: 29.014 ms
Download: 112.68 Mbit/s
Upload: 5.62 Mbit/s
Fri Jul 14 12:45:01 CEST 2017
Ping: 24.049 ms
Download: 127.41 Mbit/s
Upload: 5.63 Mbit/s
Fri Jul 14 13:45:01 CEST 2017
Ping: 23.309 ms
Download: 125.01 Mbit/s
Upload: 4.89 Mbit/s
Fri Jul 14 14:45:01 CEST 2017
Ping: 24.094 ms
Download: 127.09 Mbit/s
Upload: 5.60 Mbit/s
Fri Jul 14 15:45:01 CEST 2017
Ping: 23.952 ms
Download: 113.71 Mbit/s
Upload: 5.57 Mbit/s
Fri Jul 14 16:45:01 CEST 2017
Ping: 28.333 ms
Download: 126.03 Mbit/s
Upload: 5.62 Mbit/s
Fri Jul 14 17:45:01 CEST 2017
Ping: 26.358 ms
Download: 127.03 Mbit/s
Upload: 5.48 Mbit/s
Fri Jul 14 18:45:01 CEST 2017
Ping: 22.628 ms
Download: 125.39 Mbit/s
Upload: 5.57 Mbit/s
Fri Jul 14 19:45:01 CEST 2017
Ping: 24.127 ms
Download: 122.19 Mbit/s
Upload: 5.61 Mbit/s
Fri Jul 14 20:45:01 CEST 2017
Ping: 26.077 ms
Download: 111.84 Mbit/s
Upload: 5.58 Mbit/s
Fri Jul 14 21:45:01 CEST 2017
Ping: 25.99 ms
Download: 124.43 Mbit/s
Upload: 5.63 Mbit/s
Fri Jul 14 22:45:01 CEST 2017
Ping: 24.326 ms
Download: 126.58 Mbit/s
Upload: 5.55 Mbit/s
Fri Jul 14 23:45:01 CEST 2017
Ping: 27.459 ms
Download: 108.17 Mbit/s
Upload: 5.58 Mbit/s
Sat Jul 15 00:45:01 CEST 2017
Ping: 24.298 ms
Download: 127.94 Mbit/s
Upload: 5.59 Mbit/s
Sat Jul 15 01:45:01 CEST 2017
Ping: 23.586 ms
Download: 127.78 Mbit/s
Upload: 5.63 Mbit/s
Sat Jul 15 02:45:01 CEST 2017
Ping: 25.783 ms
Download: 127.21 Mbit/s
Upload: 5.64 Mbit/s
Sat Jul 15 03:45:01 CEST 2017
Ping: 26.69 ms
Download: 127.43 Mbit/s
Upload: 5.52 Mbit/s
Sat Jul 15 04:45:01 CEST 2017
Ping: 24.111 ms
Download: 127.64 Mbit/s
Upload: 5.57 Mbit/s
Sat Jul 15 05:45:01 CEST 2017
Ping: 26.386 ms
Download: 124.52 Mbit/s
Upload: 5.60 Mbit/s
Sat Jul 15 06:45:01 CEST 2017
Ping: 26.379 ms
Download: 118.34 Mbit/s
Upload: 5.57 Mbit/s
Sat Jul 15 07:45:02 CEST 2017
Ping: 27.238 ms
Download: 127.31 Mbit/s
Upload: 5.42 Mbit/s
Sat Jul 15 08:45:02 CEST 2017
Ping: 24.687 ms
Download: 123.51 Mbit/s
Upload: 5.46 Mbit/s
Sat Jul 15 09:45:01 CEST 2017
Ping: 25.515 ms
Download: 112.76 Mbit/s
Upload: 5.40 Mbit/s
Sat Jul 15 10:45:01 CEST 2017
Ping: 26.351 ms
Download: 126.89 Mbit/s
Upload: 5.64 Mbit/s
Sat Jul 15 11:45:01 CEST 2017
Ping: 24.839 ms
Download: 117.56 Mbit/s
Upload: 4.84 Mbit/s
Sat Jul 15 12:45:01 CEST 2017
Ping: 28.622 ms
Download: 108.08 Mbit/s
Upload: 5.66 Mbit/s
Sat Jul 15 13:45:01 CEST 2017
Ping: 25.036 ms
Download: 126.92 Mbit/s
Upload: 5.49 Mbit/s
Sat Jul 15 14:45:01 CEST 2017
Ping: 30.115 ms
Download: 124.26 Mbit/s
Upload: 5.66 Mbit/s
Sat Jul 15 15:45:01 CEST 2017
Ping: 24.758 ms
Download: 127.38 Mbit/s
Upload: 5.59 Mbit/s
Sat Jul 15 16:45:01 CEST 2017
Ping: 23.949 ms
Download: 127.91 Mbit/s
Upload: 5.64 Mbit/s
Sat Jul 15 17:45:01 CEST 2017
Ping: 25.179 ms
Download: 124.97 Mbit/s
Upload: 5.60 Mbit/s
Sat Jul 15 18:45:01 CEST 2017
Ping: 26.537 ms
Download: 121.78 Mbit/s
Upload: 5.56 Mbit/s
Sat Jul 15 19:45:02 CEST 2017
Ping: 30.139 ms
Download: 91.69 Mbit/s
Upload: 5.53 Mbit/s
Sat Jul 15 20:45:01 CEST 2017
Ping: 29.364 ms
Download: 122.30 Mbit/s
Upload: 5.56 Mbit/s
Sat Jul 15 21:45:01 CEST 2017
Ping: 25.197 ms
Download: 125.90 Mbit/s
Upload: 5.48 Mbit/s
Sat Jul 15 22:45:02 CEST 2017
Ping: 31.131 ms
Download: 113.58 Mbit/s
Upload: 5.67 Mbit/s
Sat Jul 15 23:45:01 CEST 2017
Ping: 24.312 ms
Download: 119.60 Mbit/s
Upload: 5.56 Mbit/s
Sun Jul 16 00:45:01 CEST 2017
Ping: 25.886 ms
Download: 118.81 Mbit/s
Upload: 5.63 Mbit/s
Sun Jul 16 01:45:01 CEST 2017
Ping: 28.917 ms
Download: 120.67 Mbit/s
Upload: 5.57 Mbit/s
Sun Jul 16 02:45:01 CEST 2017
Ping: 27.2 ms
Download: 127.74 Mbit/s
Upload: 5.60 Mbit/s
Sun Jul 16 03:45:01 CEST 2017
Ping: 25.9 ms
Download: 127.38 Mbit/s
Upload: 5.58 Mbit/s
Sun Jul 16 04:45:01 CEST 2017
Ping: 25.703 ms
Download: 127.49 Mbit/s
Upload: 5.64 Mbit/s
Sun Jul 16 05:45:01 CEST 2017
Ping: 27.106 ms
Download: 127.65 Mbit/s
Upload: 5.64 Mbit/s
Sun Jul 16 06:45:01 CEST 2017
Ping: 26.865 ms
Download: 127.23 Mbit/s
Upload: 4.79 Mbit/s
Sun Jul 16 07:45:01 CEST 2017
Ping: 29.457 ms
Download: 109.70 Mbit/s
Upload: 5.37 Mbit/s
Sun Jul 16 08:45:01 CEST 2017
Ping: 26.134 ms
Download: 126.67 Mbit/s
Upload: 5.33 Mbit/s
Sun Jul 16 09:45:01 CEST 2017
Ping: 26.203 ms
Download: 121.84 Mbit/s
Upload: 5.52 Mbit/s
Sun Jul 16 10:45:01 CEST 2017
Ping: 26.372 ms
Download: 127.86 Mbit/s
Upload: 5.59 Mbit/s
Sun Jul 16 11:45:01 CEST 2017
Ping: 30.09 ms
Download: 119.92 Mbit/s
Upload: 5.64 Mbit/s
Sun Jul 16 12:45:01 CEST 2017
Ping: 25.05 ms
Download: 121.48 Mbit/s
Upload: 5.52 Mbit/s
Sun Jul 16 13:45:01 CEST 2017
Ping: 33.108 ms
Download: 106.47 Mbit/s
Upload: 5.62 Mbit/s
Sun Jul 16 14:45:02 CEST 2017
Ping: 30.098 ms
Download: 111.71 Mbit/s
Upload: 5.53 Mbit/s
Sun Jul 16 15:45:01 CEST 2017
Ping: 27.451 ms
Download: 124.18 Mbit/s
Upload: 5.58 Mbit/s
Sun Jul 16 16:45:01 CEST 2017
Ping: 28.741 ms
Download: 120.97 Mbit/s
Upload: 5.62 Mbit/s
Sun Jul 16 17:45:01 CEST 2017
Ping: 26.02 ms
Download: 125.53 Mbit/s
Upload: 4.93 Mbit/s
Sun Jul 16 18:45:01 CEST 2017
Ping: 28.137 ms
Download: 124.79 Mbit/s
Upload: 5.60 Mbit/s
Sun Jul 16 19:45:01 CEST 2017
Ping: 27.504 ms
Download: 123.40 Mbit/s
Upload: 5.46 Mbit/s
Sun Jul 16 20:45:01 CEST 2017
Ping: 23.807 ms
Download: 124.42 Mbit/s
Upload: 5.57 Mbit/s
Sun Jul 16 21:45:01 CEST 2017
Ping: 30.872 ms
Download: 107.24 Mbit/s
Upload: 5.59 Mbit/s
Sun Jul 16 22:45:01 CEST 2017
Ping: 26.383 ms
Download: 123.54 Mbit/s
Upload: 5.63 Mbit/s
Sun Jul 16 23:45:01 CEST 2017
Ping: 23.703 ms
Download: 124.65 Mbit/s
Upload: 5.58 Mbit/s
Mon Jul 17 00:45:01 CEST 2017
Ping: 26.705 ms
Download: 127.66 Mbit/s
Upload: 5.58 Mbit/s
Mon Jul 17 01:45:01 CEST 2017
Ping: 25.139 ms
Download: 124.30 Mbit/s
Upload: 5.63 Mbit/s
Mon Jul 17 02:45:01 CEST 2017
Ping: 24.339 ms
Download: 127.41 Mbit/s
Upload: 5.51 Mbit/s
Mon Jul 17 03:45:01 CEST 2017
Ping: 25.949 ms
Download: 127.92 Mbit/s
Upload: 5.60 Mbit/s
Mon Jul 17 04:45:02 CEST 2017
Ping: 23.705 ms
Download: 127.50 Mbit/s
Upload: 5.64 Mbit/s
Mon Jul 17 05:45:01 CEST 2017
Ping: 25.792 ms
Download: 126.34 Mbit/s
Upload: 5.62 Mbit/s
Mon Jul 17 06:45:01 CEST 2017
Ping: 26.395 ms
Download: 127.99 Mbit/s
Upload: 5.66 Mbit/s
Mon Jul 17 07:45:01 CEST 2017
Ping: 25.078 ms
Download: 127.90 Mbit/s
Upload: 5.62 Mbit/s
Mon Jul 17 08:45:01 CEST 2017
Ping: 24.431 ms
Download: 108.31 Mbit/s
Upload: 5.59 Mbit/s
Mon Jul 17 09:45:01 CEST 2017
Ping: 25.057 ms
Download: 126.95 Mbit/s
Upload: 5.63 Mbit/s
Mon Jul 17 10:45:01 CEST 2017
Ping: 22.734 ms
Download: 124.38 Mbit/s
Upload: 5.47 Mbit/s
Mon Jul 17 11:45:01 CEST 2017
Ping: 22.768 ms
Download: 127.30 Mbit/s
Upload: 5.63 Mbit/s
Mon Jul 17 12:45:01 CEST 2017
Ping: 21.448 ms
Download: 112.95 Mbit/s
Upload: 5.49 Mbit/s
Mon Jul 17 13:45:01 CEST 2017
Ping: 26.405 ms
Download: 127.51 Mbit/s
Upload: 5.54 Mbit/s
Mon Jul 17 14:45:01 CEST 2017
Ping: 22.754 ms
Download: 127.79 Mbit/s
Upload: 5.48 Mbit/s
Mon Jul 17 15:45:01 CEST 2017
Ping: 21.97 ms
Download: 125.03 Mbit/s
Upload: 5.50 Mbit/s
Mon Jul 17 16:45:01 CEST 2017
Ping: 23.333 ms
Download: 127.72 Mbit/s
Upload: 5.58 Mbit/s
Mon Jul 17 17:45:01 CEST 2017
Ping: 23.576 ms
Download: 120.14 Mbit/s
Upload: 5.59 Mbit/s
Mon Jul 17 18:45:01 CEST 2017
Ping: 22.407 ms
Download: 127.64 Mbit/s
Upload: 5.07 Mbit/s
Mon Jul 17 19:45:01 CEST 2017
Ping: 22.381 ms
Download: 122.88 Mbit/s
Upload: 5.57 Mbit/s
Mon Jul 17 20:45:01 CEST 2017
Ping: 24.405 ms
Download: 123.07 Mbit/s
Upload: 5.58 Mbit/s
Mon Jul 17 21:45:01 CEST 2017
Ping: 24.057 ms
Download: 126.12 Mbit/s
Upload: 5.59 Mbit/s
Mon Jul 17 22:45:01 CEST 2017
Ping: 27.227 ms
Download: 119.58 Mbit/s
Upload: 5.63 Mbit/s
Mon Jul 17 23:45:02 CEST 2017
Ping: 23.707 ms
Download: 126.27 Mbit/s
Upload: 5.66 Mbit/s
Tue Jul 18 00:45:01 CEST 2017
Ping: 23.508 ms
Download: 126.08 Mbit/s
Upload: 5.59 Mbit/s
Tue Jul 18 01:45:01 CEST 2017
Ping: 22.662 ms
Download: 125.78 Mbit/s
Upload: 5.56 Mbit/s
Tue Jul 18 02:45:01 CEST 2017
Ping: 26.362 ms
Download: 126.76 Mbit/s
Upload: 5.55 Mbit/s
Tue Jul 18 03:45:01 CEST 2017
Ping: 22.904 ms
Download: 124.57 Mbit/s
Upload: 5.64 Mbit/s
Tue Jul 18 04:45:01 CEST 2017
Ping: 24.706 ms
Download: 127.06 Mbit/s
Upload: 5.62 Mbit/s
Tue Jul 18 05:45:01 CEST 2017
Ping: 23.797 ms
Download: 127.45 Mbit/s
Upload: 5.63 Mbit/s
Tue Jul 18 06:45:01 CEST 2017
Ping: 25.061 ms
Download: 127.70 Mbit/s
Upload: 5.10 Mbit/s
Tue Jul 18 07:45:01 CEST 2017
Ping: 23.428 ms
Download: 127.38 Mbit/s
Upload: 5.60 Mbit/s
Tue Jul 18 08:45:01 CEST 2017
Ping: 24.661 ms
Download: 125.50 Mbit/s
Upload: 5.59 Mbit/s
Tue Jul 18 09:45:01 CEST 2017
Ping: 23.403 ms
Download: 127.84 Mbit/s
Upload: 5.60 Mbit/s
Tue Jul 18 10:45:01 CEST 2017
Ping: 22.367 ms
Download: 126.87 Mbit/s
Upload: 5.57 Mbit/s
Tue Jul 18 11:45:01 CEST 2017
Ping: 28.557 ms
Download: 123.70 Mbit/s
Upload: 5.42 Mbit/s
Tue Jul 18 12:45:01 CEST 2017
Ping: 23.11 ms
Download: 125.11 Mbit/s
Upload: 5.60 Mbit/s
Tue Jul 18 13:45:01 CEST 2017
Ping: 30.077 ms
Download: 110.64 Mbit/s
Upload: 5.61 Mbit/s
Tue Jul 18 14:45:01 CEST 2017
Ping: 30.951 ms
Download: 107.20 Mbit/s
Upload: 5.60 Mbit/s
Tue Jul 18 15:45:01 CEST 2017
Ping: 24.802 ms
Download: 115.58 Mbit/s
Upload: 5.54 Mbit/s
Tue Jul 18 16:45:01 CEST 2017
Ping: 23.924 ms
Download: 127.49 Mbit/s
Upload: 4.76 Mbit/s
Tue Jul 18 17:45:01 CEST 2017
Ping: 24.283 ms
Download: 125.96 Mbit/s
Upload: 5.60 Mbit/s
Tue Jul 18 18:45:01 CEST 2017
Ping: 23.402 ms
Download: 127.11 Mbit/s
Upload: 5.11 Mbit/s
Tue Jul 18 19:45:01 CEST 2017
Ping: 25.188 ms
Download: 82.18 Mbit/s
Upload: 5.62 Mbit/s
Tue Jul 18 20:45:01 CEST 2017
Ping: 25.985 ms
Download: 126.53 Mbit/s
Upload: 4.81 Mbit/s
Tue Jul 18 21:45:01 CEST 2017
Ping: 23.125 ms
Download: 125.98 Mbit/s
Upload: 5.61 Mbit/s
Tue Jul 18 22:45:01 CEST 2017
Ping: 23.937 ms
Download: 115.11 Mbit/s
Upload: 5.59 Mbit/s
Tue Jul 18 23:45:01 CEST 2017
Ping: 28.392 ms
Download: 125.94 Mbit/s
Upload: 5.61 Mbit/s
Wed Jul 19 00:45:01 CEST 2017
Ping: 25.909 ms
Download: 127.25 Mbit/s
Upload: 5.57 Mbit/s
Wed Jul 19 01:45:01 CEST 2017
Ping: 24.478 ms
Download: 127.72 Mbit/s
Upload: 5.62 Mbit/s
Wed Jul 19 02:45:01 CEST 2017
Ping: 22.672 ms
Download: 120.60 Mbit/s
Upload: 5.41 Mbit/s
Wed Jul 19 03:45:01 CEST 2017
Ping: 29.218 ms
Download: 113.64 Mbit/s
Upload: 5.66 Mbit/s
Wed Jul 19 04:45:01 CEST 2017
Ping: 25.318 ms
Download: 124.54 Mbit/s
Upload: 5.64 Mbit/s
Wed Jul 19 05:45:01 CEST 2017
Ping: 24.165 ms
Download: 127.54 Mbit/s
Upload: 5.64 Mbit/s
Wed Jul 19 06:45:01 CEST 2017
Ping: 23.009 ms
Download: 127.72 Mbit/s
Upload: 5.62 Mbit/s
Wed Jul 19 07:45:01 CEST 2017
Ping: 28.02 ms
Download: 115.42 Mbit/s
Upload: 5.50 Mbit/s
Wed Jul 19 08:45:01 CEST 2017
Ping: 23.496 ms
Download: 127.61 Mbit/s
Upload: 5.44 Mbit/s
Wed Jul 19 09:45:01 CEST 2017
Ping: 30.539 ms
Download: 125.76 Mbit/s
Upload: 5.41 Mbit/s
Wed Jul 19 10:45:01 CEST 2017
Ping: 27.137 ms
Download: 112.76 Mbit/s
Upload: 5.35 Mbit/s
Wed Jul 19 11:45:01 CEST 2017
Ping: 30.006 ms
Download: 120.54 Mbit/s
Upload: 5.63 Mbit/s
Wed Jul 19 12:45:01 CEST 2017
Ping: 26.375 ms
Download: 127.86 Mbit/s
Upload: 5.58 Mbit/s
Wed Jul 19 13:45:01 CEST 2017
Ping: 24.725 ms
Download: 125.87 Mbit/s
Upload: 5.55 Mbit/s
Wed Jul 19 14:45:01 CEST 2017
Ping: 30.674 ms
Download: 117.01 Mbit/s
Upload: 5.56 Mbit/s
Wed Jul 19 15:45:01 CEST 2017
Ping: 27.735 ms
Download: 125.39 Mbit/s
Upload: 5.60 Mbit/s
Wed Jul 19 16:45:01 CEST 2017
Ping: 23.699 ms
Download: 100.76 Mbit/s
Upload: 5.59 Mbit/s
Wed Jul 19 17:45:02 CEST 2017
Ping: 27.639 ms
Download: 120.77 Mbit/s
Upload: 5.58 Mbit/s
Wed Jul 19 18:45:01 CEST 2017
Ping: 26.374 ms
Download: 126.39 Mbit/s
Upload: 5.48 Mbit/s
Wed Jul 19 19:45:01 CEST 2017
Ping: 24.501 ms
Download: 127.28 Mbit/s
Upload: 5.61 Mbit/s
Wed Jul 19 20:45:02 CEST 2017
Ping: 30.844 ms
Download: 114.25 Mbit/s
Upload: 5.66 Mbit/s
Wed Jul 19 21:45:02 CEST 2017
Ping: 22.681 ms
Download: 125.14 Mbit/s
Upload: 5.51 Mbit/s
Wed Jul 19 22:45:01 CEST 2017
Ping: 22.546 ms
Download: 127.68 Mbit/s
Upload: 5.56 Mbit/s
Wed Jul 19 23:45:01 CEST 2017
Ping: 23.123 ms
Download: 127.42 Mbit/s
Upload: 5.60 Mbit/s
Thu Jul 20 00:45:01 CEST 2017
Ping: 25.345 ms
Download: 127.76 Mbit/s
Upload: 5.58 Mbit/s
Thu Jul 20 01:45:01 CEST 2017
Ping: 25.887 ms
Download: 127.25 Mbit/s
Upload: 5.62 Mbit/s
Thu Jul 20 02:45:01 CEST 2017
Ping: 22.568 ms
Download: 126.95 Mbit/s
Upload: 5.56 Mbit/s
Thu Jul 20 03:45:01 CEST 2017
Ping: 24.406 ms
Download: 127.74 Mbit/s
Upload: 5.50 Mbit/s
Thu Jul 20 04:45:01 CEST 2017
Ping: 29.204 ms
Download: 122.09 Mbit/s
Upload: 5.61 Mbit/s
Thu Jul 20 05:45:01 CEST 2017
Ping: 32.11 ms
Download: 124.70 Mbit/s
Upload: 5.69 Mbit/s
Thu Jul 20 06:45:01 CEST 2017
Ping: 24.17 ms
Download: 127.86 Mbit/s
Upload: 5.60 Mbit/s
Thu Jul 20 07:45:01 CEST 2017
Ping: 23.72 ms
Download: 125.87 Mbit/s
Upload: 5.58 Mbit/s
Thu Jul 20 08:45:01 CEST 2017
Ping: 24.748 ms
Download: 127.77 Mbit/s
Upload: 5.54 Mbit/s
Thu Jul 20 09:45:01 CEST 2017
Ping: 28.327 ms
Download: 118.15 Mbit/s
Upload: 5.52 Mbit/s
Thu Jul 20 10:45:01 CEST 2017
Ping: 28.739 ms
Download: 113.71 Mbit/s
Upload: 5.55 Mbit/s
Thu Jul 20 11:45:01 CEST 2017
Ping: 23.702 ms
Download: 127.62 Mbit/s
Upload: 5.63 Mbit/s
Thu Jul 20 12:45:01 CEST 2017
Ping: 24.403 ms
Download: 127.99 Mbit/s
Upload: 5.54 Mbit/s
Thu Jul 20 13:45:01 CEST 2017
Ping: 24.781 ms
Download: 127.02 Mbit/s
Upload: 4.06 Mbit/s
Thu Jul 20 14:45:01 CEST 2017
Ping: 22.081 ms
Download: 127.52 Mbit/s
Upload: 5.53 Mbit/s
Thu Jul 20 15:45:01 CEST 2017
Ping: 26.628 ms
Download: 123.58 Mbit/s
Upload: 5.54 Mbit/s
Thu Jul 20 16:45:01 CEST 2017
Ping: 23.742 ms
Download: 121.49 Mbit/s
Upload: 5.53 Mbit/s
Thu Jul 20 17:45:01 CEST 2017
Ping: 28.052 ms
Download: 121.22 Mbit/s
Upload: 5.32 Mbit/s
Thu Jul 20 18:45:01 CEST 2017
Ping: 23.281 ms
Download: 123.96 Mbit/s
Upload: 5.47 Mbit/s
Thu Jul 20 19:45:01 CEST 2017
Ping: 27.475 ms
Download: 125.44 Mbit/s
Upload: 5.60 Mbit/s
Thu Jul 20 20:45:01 CEST 2017
Ping: 23.163 ms
Download: 112.09 Mbit/s
Upload: 5.13 Mbit/s
Thu Jul 20 21:45:01 CEST 2017
Ping: 30.451 ms
Download: 126.09 Mbit/s
Upload: 5.57 Mbit/s
Thu Jul 20 22:45:02 CEST 2017
Ping: 29.04 ms
Download: 124.84 Mbit/s
Upload: 5.59 Mbit/s
Thu Jul 20 23:45:01 CEST 2017
Ping: 21.854 ms
Download: 118.08 Mbit/s
Upload: 5.61 Mbit/s
Fri Jul 21 00:45:01 CEST 2017
Ping: 25.6 ms
Download: 122.94 Mbit/s
Upload: 5.65 Mbit/s
Fri Jul 21 01:45:01 CEST 2017
Ping: 28.601 ms
Download: 117.97 Mbit/s
Upload: 5.65 Mbit/s
Fri Jul 21 02:45:01 CEST 2017
Ping: 22.563 ms
Download: 126.15 Mbit/s
Upload: 5.59 Mbit/s
Fri Jul 21 03:45:01 CEST 2017
Ping: 25.372 ms
Download: 124.59 Mbit/s
Upload: 5.56 Mbit/s
Fri Jul 21 04:45:01 CEST 2017
Ping: 24.07 ms
Download: 127.02 Mbit/s
Upload: 5.64 Mbit/s
Fri Jul 21 05:45:01 CEST 2017
Ping: 23.156 ms
Download: 126.00 Mbit/s
Upload: 5.51 Mbit/s
Fri Jul 21 06:45:01 CEST 2017
Ping: 24.433 ms
Download: 118.04 Mbit/s
Upload: 5.58 Mbit/s
Fri Jul 21 07:45:01 CEST 2017
Ping: 29.202 ms
Download: 125.16 Mbit/s
Upload: 5.56 Mbit/s
Fri Jul 21 08:45:01 CEST 2017
Ping: 24.255 ms
Download: 125.44 Mbit/s
Upload: 5.57 Mbit/s
Fri Jul 21 09:45:01 CEST 2017
Ping: 29.649 ms
Download: 123.31 Mbit/s
Upload: 5.51 Mbit/s
Fri Jul 21 10:45:01 CEST 2017
Ping: 22.408 ms
Download: 115.52 Mbit/s
Upload: 4.40 Mbit/s
Fri Jul 21 11:45:01 CEST 2017
Ping: 24.718 ms
Download: 118.60 Mbit/s
Upload: 5.39 Mbit/s
Fri Jul 21 12:45:01 CEST 2017
Ping: 30.888 ms
Download: 115.73 Mbit/s
Upload: 5.43 Mbit/s
Fri Jul 21 13:45:01 CEST 2017
Ping: 28.228 ms
Download: 90.63 Mbit/s
Upload: 5.50 Mbit/s
Fri Jul 21 14:45:01 CEST 2017
Ping: 24.14 ms
Download: 101.94 Mbit/s
Upload: 5.37 Mbit/s
Fri Jul 21 15:45:01 CEST 2017
Ping: 30.176 ms
Download: 117.42 Mbit/s
Upload: 5.68 Mbit/s
Fri Jul 21 16:45:02 CEST 2017
Ping: 30.073 ms
Download: 98.08 Mbit/s
Upload: 5.53 Mbit/s
Fri Jul 21 17:45:01 CEST 2017
Ping: 28.545 ms
Download: 115.15 Mbit/s
Upload: 5.44 Mbit/s
Fri Jul 21 18:45:01 CEST 2017
Ping: 29.695 ms
Download: 111.69 Mbit/s
Upload: 5.62 Mbit/s
Fri Jul 21 19:45:01 CEST 2017
Ping: 29.246 ms
Download: 119.74 Mbit/s
Upload: 5.59 Mbit/s
Fri Jul 21 20:45:01 CEST 2017
Ping: 29.398 ms
Download: 126.67 Mbit/s
Upload: 5.51 Mbit/s
Fri Jul 21 21:45:01 CEST 2017
Ping: 29.762 ms
Download: 101.42 Mbit/s
Upload: 5.33 Mbit/s
Fri Jul 21 22:45:01 CEST 2017
Could not retrieve speedtest.net configuration
Fri Jul 21 23:45:01 CEST 2017
Ping: 29.004 ms
Download: 125.74 Mbit/s
Upload: 5.58 Mbit/s
Sat Jul 22 00:45:01 CEST 2017
Ping: 24.699 ms
Download: 123.88 Mbit/s
Upload: 5.61 Mbit/s
Sat Jul 22 01:45:01 CEST 2017
Ping: 22.4 ms
Download: 127.25 Mbit/s
Upload: 5.54 Mbit/s
Sat Jul 22 02:45:01 CEST 2017
Ping: 24.954 ms
Download: 122.77 Mbit/s
Upload: 5.62 Mbit/s
Sat Jul 22 03:45:01 CEST 2017
Ping: 23.464 ms
Download: 124.15 Mbit/s
Upload: 5.44 Mbit/s
Sat Jul 22 04:45:01 CEST 2017
Ping: 27.513 ms
Download: 124.05 Mbit/s
Upload: 5.57 Mbit/s
Sat Jul 22 05:45:01 CEST 2017
Ping: 25.082 ms
Download: 123.91 Mbit/s
Upload: 5.58 Mbit/s
Sat Jul 22 06:45:01 CEST 2017
Ping: 26.094 ms
Download: 127.40 Mbit/s
Upload: 5.59 Mbit/s
Sat Jul 22 07:45:01 CEST 2017
Ping: 23.689 ms
Download: 126.37 Mbit/s
Upload: 5.59 Mbit/s
Sat Jul 22 08:45:01 CEST 2017
Ping: 25.931 ms
Download: 106.85 Mbit/s
Upload: 5.43 Mbit/s
Sat Jul 22 09:45:01 CEST 2017
Ping: 26.368 ms
Download: 111.64 Mbit/s
Upload: 5.48 Mbit/s
Sat Jul 22 10:45:01 CEST 2017
Ping: 27.001 ms
Download: 117.67 Mbit/s
Upload: 5.57 Mbit/s
Sat Jul 22 11:45:01 CEST 2017
Ping: 29.432 ms
Download: 122.66 Mbit/s
Upload: 5.48 Mbit/s
Sat Jul 22 12:45:01 CEST 2017
Ping: 23.817 ms
Download: 127.63 Mbit/s
Upload: 5.62 Mbit/s
Sat Jul 22 13:45:01 CEST 2017
Ping: 26.705 ms
Download: 118.89 Mbit/s
Upload: 5.40 Mbit/s
Sat Jul 22 14:45:01 CEST 2017
Ping: 24.917 ms
Download: 124.85 Mbit/s
Upload: 5.58 Mbit/s
Sat Jul 22 15:45:01 CEST 2017
Ping: 22.337 ms
Download: 126.90 Mbit/s
Upload: 5.52 Mbit/s
Sat Jul 22 16:45:01 CEST 2017
Ping: 22.369 ms
Download: 127.89 Mbit/s
Upload: 5.65 Mbit/s
Sat Jul 22 17:45:01 CEST 2017
Ping: 22.359 ms
Download: 127.32 Mbit/s
Upload: 5.36 Mbit/s
Sat Jul 22 18:45:01 CEST 2017
Ping: 23.446 ms
Download: 127.22 Mbit/s
Upload: 5.40 Mbit/s
Sat Jul 22 19:45:01 CEST 2017
Ping: 24.042 ms
Download: 126.05 Mbit/s
Upload: 5.60 Mbit/s
Sat Jul 22 20:45:01 CEST 2017
Ping: 24.621 ms
Download: 116.46 Mbit/s
Upload: 5.55 Mbit/s
Sat Jul 22 21:45:01 CEST 2017
Ping: 24.683 ms
Download: 125.69 Mbit/s
Upload: 5.54 Mbit/s
Sat Jul 22 22:45:01 CEST 2017
Ping: 24.172 ms
Download: 123.39 Mbit/s
Upload: 5.44 Mbit/s
Sat Jul 22 23:45:01 CEST 2017
Ping: 25.717 ms
Download: 125.50 Mbit/s
Upload: 5.56 Mbit/s
Sun Jul 23 00:45:01 CEST 2017
Ping: 25.583 ms
Download: 119.31 Mbit/s
Upload: 5.58 Mbit/s
Sun Jul 23 01:45:01 CEST 2017
Ping: 25.538 ms
Download: 125.85 Mbit/s
Upload: 5.61 Mbit/s
Sun Jul 23 02:45:01 CEST 2017
Ping: 23.616 ms
Download: 126.48 Mbit/s
Upload: 5.60 Mbit/s
Sun Jul 23 03:45:01 CEST 2017
Ping: 24.005 ms
Download: 127.93 Mbit/s
Upload: 5.61 Mbit/s
Sun Jul 23 04:45:01 CEST 2017
Ping: 23.254 ms
Download: 127.52 Mbit/s
Upload: 5.57 Mbit/s
Sun Jul 23 05:45:01 CEST 2017
Ping: 22.955 ms
Download: 125.16 Mbit/s
Upload: 5.52 Mbit/s
Sun Jul 23 06:45:01 CEST 2017
Ping: 26.715 ms
Download: 116.23 Mbit/s
Upload: 5.58 Mbit/s
Sun Jul 23 07:45:01 CEST 2017
Ping: 24.665 ms
Download: 127.61 Mbit/s
Upload: 5.62 Mbit/s
Sun Jul 23 08:45:01 CEST 2017
Ping: 25.518 ms
Download: 125.61 Mbit/s
Upload: 5.53 Mbit/s
Sun Jul 23 09:45:01 CEST 2017
Ping: 29.086 ms
Download: 126.98 Mbit/s
Upload: 5.52 Mbit/s
Sun Jul 23 10:45:02 CEST 2017
Ping: 22.818 ms
Download: 127.37 Mbit/s
Upload: 5.58 Mbit/s
Sun Jul 23 11:45:01 CEST 2017
Ping: 25.517 ms
Download: 108.99 Mbit/s
Upload: 5.07 Mbit/s
Sun Jul 23 12:45:01 CEST 2017
Ping: 26.462 ms
Download: 119.04 Mbit/s
Upload: 5.57 Mbit/s
Sun Jul 23 13:45:01 CEST 2017
Ping: 22.395 ms
Download: 127.75 Mbit/s
Upload: 5.63 Mbit/s
Sun Jul 23 14:45:01 CEST 2017
Ping: 24.096 ms
Download: 118.53 Mbit/s
Upload: 5.53 Mbit/s
Sun Jul 23 15:45:01 CEST 2017
Ping: 25.302 ms
Download: 106.86 Mbit/s
Upload: 5.45 Mbit/s
Sun Jul 23 16:45:01 CEST 2017
Ping: 29.283 ms
Download: 122.65 Mbit/s
Upload: 5.26 Mbit/s
Sun Jul 23 17:45:01 CEST 2017
Ping: 23.829 ms
Download: 127.04 Mbit/s
Upload: 5.64 Mbit/s
Sun Jul 23 18:45:01 CEST 2017
Ping: 23.752 ms
Download: 115.73 Mbit/s
Upload: 5.25 Mbit/s
Sun Jul 23 19:45:01 CEST 2017
Ping: 24.372 ms
Download: 127.44 Mbit/s
Upload: 5.64 Mbit/s
Sun Jul 23 20:45:01 CEST 2017
Ping: 22.503 ms
Download: 126.51 Mbit/s
Upload: 5.57 Mbit/s
Sun Jul 23 21:45:01 CEST 2017
Ping: 24.589 ms
Download: 124.24 Mbit/s
Upload: 5.25 Mbit/s
Sun Jul 23 22:45:01 CEST 2017
Ping: 25.723 ms
Download: 121.22 Mbit/s
Upload: 5.59 Mbit/s
Sun Jul 23 23:45:01 CEST 2017
Ping: 22.405 ms
Download: 122.64 Mbit/s
Upload: 5.67 Mbit/s
Mon Jul 24 00:45:01 CEST 2017
Ping: 27.632 ms
Download: 121.29 Mbit/s
Upload: 5.45 Mbit/s
Mon Jul 24 01:45:01 CEST 2017
Ping: 23.307 ms
Download: 127.61 Mbit/s
Upload: 5.61 Mbit/s
Mon Jul 24 02:45:01 CEST 2017
Ping: 24.355 ms
Download: 121.73 Mbit/s
Upload: 5.62 Mbit/s
Mon Jul 24 03:45:01 CEST 2017
Ping: 26.043 ms
Download: 110.39 Mbit/s
Upload: 5.58 Mbit/s
Mon Jul 24 04:45:01 CEST 2017
Ping: 23.121 ms
Download: 124.87 Mbit/s
Upload: 5.28 Mbit/s
Mon Jul 24 05:45:01 CEST 2017
Ping: 22.989 ms
Download: 124.88 Mbit/s
Upload: 5.56 Mbit/s
Mon Jul 24 06:45:01 CEST 2017
Ping: 25.552 ms
Download: 120.52 Mbit/s
Upload: 5.59 Mbit/s
Mon Jul 24 07:45:01 CEST 2017
Ping: 23.734 ms
Download: 127.16 Mbit/s
Upload: 5.56 Mbit/s
Mon Jul 24 08:45:01 CEST 2017
Ping: 24.715 ms
Download: 111.42 Mbit/s
Upload: 5.52 Mbit/s
Mon Jul 24 09:45:01 CEST 2017
Ping: 22.364 ms
Download: 123.28 Mbit/s
Upload: 5.61 Mbit/s
Mon Jul 24 10:45:01 CEST 2017
Ping: 26.362 ms
Download: 121.33 Mbit/s
Upload: 5.62 Mbit/s
Mon Jul 24 11:45:01 CEST 2017
Ping: 27.323 ms
Download: 124.04 Mbit/s
Upload: 5.48 Mbit/s
Mon Jul 24 12:45:01 CEST 2017
Ping: 22.374 ms
Download: 124.58 Mbit/s
Upload: 5.65 Mbit/s
Mon Jul 24 13:45:01 CEST 2017
Ping: 23.82 ms
Download: 124.95 Mbit/s
Upload: 4.93 Mbit/s
Mon Jul 24 14:45:01 CEST 2017
Ping: 23.053 ms
Download: 126.40 Mbit/s
Upload: 4.87 Mbit/s
Mon Jul 24 15:45:01 CEST 2017
Ping: 24.196 ms
Download: 127.78 Mbit/s
Upload: 5.58 Mbit/s
Mon Jul 24 16:45:02 CEST 2017
Ping: 22.723 ms
Download: 125.68 Mbit/s
Upload: 5.64 Mbit/s
Mon Jul 24 17:45:01 CEST 2017
Ping: 23.63 ms
Download: 122.59 Mbit/s
Upload: 5.54 Mbit/s
Mon Jul 24 18:45:01 CEST 2017
Ping: 24.713 ms
Download: 127.82 Mbit/s
Upload: 5.50 Mbit/s
Mon Jul 24 19:45:01 CEST 2017
Ping: 24.772 ms
Download: 127.63 Mbit/s
Upload: 5.61 Mbit/s
Mon Jul 24 20:45:01 CEST 2017
Ping: 24.349 ms
Download: 127.63 Mbit/s
Upload: 5.53 Mbit/s
Mon Jul 24 21:45:01 CEST 2017
Ping: 25.255 ms
Download: 126.53 Mbit/s
Upload: 5.57 Mbit/s
Mon Jul 24 22:45:01 CEST 2017
Ping: 28.544 ms
Download: 112.18 Mbit/s
Upload: 5.59 Mbit/s
Mon Jul 24 23:45:01 CEST 2017
Ping: 22.743 ms
Download: 120.42 Mbit/s
Upload: 5.58 Mbit/s
Tue Jul 25 00:45:01 CEST 2017
Ping: 25.835 ms
Download: 127.59 Mbit/s
Upload: 5.59 Mbit/s
Tue Jul 25 01:45:01 CEST 2017
Ping: 23.936 ms
Download: 126.17 Mbit/s
Upload: 4.77 Mbit/s
Tue Jul 25 02:45:01 CEST 2017
Ping: 23.868 ms
Download: 127.05 Mbit/s
Upload: 5.62 Mbit/s
Tue Jul 25 03:45:01 CEST 2017
Ping: 25.024 ms
Download: 127.53 Mbit/s
Upload: 5.60 Mbit/s
Tue Jul 25 04:45:01 CEST 2017
Ping: 23.207 ms
Download: 127.74 Mbit/s
Upload: 5.53 Mbit/s
Tue Jul 25 05:45:01 CEST 2017
Ping: 24.125 ms
Download: 127.61 Mbit/s
Upload: 5.60 Mbit/s
Tue Jul 25 06:45:01 CEST 2017
Ping: 24.063 ms
Download: 126.29 Mbit/s
Upload: 5.64 Mbit/s
Tue Jul 25 07:45:01 CEST 2017
Ping: 24.146 ms
Download: 124.81 Mbit/s
Upload: 5.58 Mbit/s
Tue Jul 25 08:45:01 CEST 2017
Ping: 23.39 ms
Download: 124.03 Mbit/s
Upload: 5.61 Mbit/s
Tue Jul 25 09:45:02 CEST 2017
Ping: 24.77 ms
Download: 116.19 Mbit/s
Upload: 5.64 Mbit/s
Tue Jul 25 10:45:01 CEST 2017
Ping: 24.039 ms
Download: 124.09 Mbit/s
Upload: 5.61 Mbit/s
Tue Jul 25 11:45:01 CEST 2017
Ping: 22.351 ms
Download: 127.93 Mbit/s
Upload: 5.51 Mbit/s
Tue Jul 25 12:45:01 CEST 2017
Ping: 23.511 ms
Download: 127.55 Mbit/s
Upload: 5.65 Mbit/s
Tue Jul 25 13:45:01 CEST 2017
Ping: 24.224 ms
Download: 127.67 Mbit/s
Upload: 5.21 Mbit/s
Tue Jul 25 14:45:01 CEST 2017
Ping: 23.62 ms
Download: 103.70 Mbit/s
Upload: 5.62 Mbit/s
Tue Jul 25 15:45:01 CEST 2017
Ping: 25.325 ms
Download: 112.51 Mbit/s
Upload: 5.60 Mbit/s
Tue Jul 25 16:45:01 CEST 2017
Ping: 26.855 ms
Download: 118.51 Mbit/s
Upload: 5.61 Mbit/s
Tue Jul 25 17:45:01 CEST 2017
Ping: 24.884 ms
Download: 123.17 Mbit/s
Upload: 5.52 Mbit/s
Tue Jul 25 18:45:01 CEST 2017
Ping: 22.671 ms
Download: 127.54 Mbit/s
Upload: 5.64 Mbit/s
Tue Jul 25 19:45:01 CEST 2017
Ping: 26.368 ms
Download: 125.79 Mbit/s
Upload: 5.51 Mbit/s
Tue Jul 25 20:45:01 CEST 2017
Ping: 26.396 ms
Download: 125.68 Mbit/s
Upload: 5.54 Mbit/s
Tue Jul 25 21:45:01 CEST 2017
Ping: 23.367 ms
Download: 124.63 Mbit/s
Upload: 5.44 Mbit/s
Tue Jul 25 22:45:01 CEST 2017
Ping: 26.318 ms
Download: 116.47 Mbit/s
Upload: 3.88 Mbit/s
Tue Jul 25 23:45:01 CEST 2017
Ping: 24.994 ms
Download: 127.93 Mbit/s
Upload: 5.36 Mbit/s
Wed Jul 26 00:45:01 CEST 2017
Ping: 24.594 ms
Download: 127.27 Mbit/s
Upload: 5.22 Mbit/s
Wed Jul 26 01:45:01 CEST 2017
Ping: 25.135 ms
Download: 127.63 Mbit/s
Upload: 4.94 Mbit/s
Wed Jul 26 02:45:01 CEST 2017
Ping: 25.805 ms
Download: 125.01 Mbit/s
Upload: 5.61 Mbit/s
Wed Jul 26 03:45:01 CEST 2017
Ping: 26.374 ms
Download: 126.22 Mbit/s
Upload: 5.63 Mbit/s
Wed Jul 26 04:45:01 CEST 2017
Ping: 24.486 ms
Download: 127.31 Mbit/s
Upload: 5.59 Mbit/s
Wed Jul 26 05:45:01 CEST 2017
Ping: 24.096 ms
Download: 127.15 Mbit/s
Upload: 5.53 Mbit/s
Wed Jul 26 06:45:01 CEST 2017
Ping: 24.293 ms
Download: 125.54 Mbit/s
Upload: 5.55 Mbit/s
Wed Jul 26 07:45:01 CEST 2017
Ping: 22.417 ms
Download: 124.09 Mbit/s
Upload: 5.48 Mbit/s
Wed Jul 26 08:45:01 CEST 2017
Ping: 22.918 ms
Download: 126.98 Mbit/s
Upload: 5.51 Mbit/s
Wed Jul 26 09:45:01 CEST 2017
Ping: 24.55 ms
Download: 118.27 Mbit/s
Upload: 5.43 Mbit/s
Wed Jul 26 10:45:01 CEST 2017
Ping: 24.276 ms
Download: 115.26 Mbit/s
Upload: 5.60 Mbit/s
Wed Jul 26 11:45:01 CEST 2017
Ping: 24.744 ms
Download: 120.95 Mbit/s
Upload: 5.46 Mbit/s
Wed Jul 26 12:45:01 CEST 2017
Ping: 25.832 ms
Download: 96.66 Mbit/s
Upload: 5.56 Mbit/s
Wed Jul 26 13:45:01 CEST 2017
Ping: 24.22 ms
Download: 112.80 Mbit/s
Upload: 5.55 Mbit/s
Wed Jul 26 14:45:01 CEST 2017
Ping: 23.702 ms
Download: 126.66 Mbit/s
Upload: 5.56 Mbit/s
Wed Jul 26 15:45:01 CEST 2017
Ping: 22.714 ms
Download: 112.69 Mbit/s
Upload: 5.52 Mbit/s
Wed Jul 26 16:45:01 CEST 2017
Ping: 23.945 ms
Download: 126.51 Mbit/s
Upload: 5.59 Mbit/s
Wed Jul 26 17:45:02 CEST 2017
Ping: 23.117 ms
Download: 109.70 Mbit/s
Upload: 5.66 Mbit/s
Wed Jul 26 18:45:01 CEST 2017
Ping: 25.012 ms
Download: 124.31 Mbit/s
Upload: 5.56 Mbit/s
Wed Jul 26 19:45:01 CEST 2017
Ping: 23.698 ms
Download: 127.38 Mbit/s
Upload: 5.60 Mbit/s
Wed Jul 26 20:45:01 CEST 2017
Ping: 26.384 ms
Download: 119.09 Mbit/s
Upload: 5.59 Mbit/s
Wed Jul 26 21:45:01 CEST 2017
Ping: 25.041 ms
Download: 124.19 Mbit/s
Upload: 5.51 Mbit/s
Wed Jul 26 22:45:01 CEST 2017
Ping: 22.608 ms
Download: 127.17 Mbit/s
Upload: 5.62 Mbit/s
Wed Jul 26 23:45:01 CEST 2017
Ping: 26.721 ms
Download: 125.30 Mbit/s
Upload: 5.60 Mbit/s
Thu Jul 27 00:45:01 CEST 2017
Ping: 27.672 ms
Download: 126.77 Mbit/s
Upload: 5.59 Mbit/s
Thu Jul 27 01:45:01 CEST 2017
Ping: 22.714 ms
Download: 127.55 Mbit/s
Upload: 5.64 Mbit/s
Thu Jul 27 02:45:01 CEST 2017
Ping: 22.673 ms
Download: 127.79 Mbit/s
Upload: 5.61 Mbit/s
Thu Jul 27 03:45:01 CEST 2017
Ping: 21.9 ms
Download: 127.65 Mbit/s
Upload: 5.58 Mbit/s
Thu Jul 27 04:45:01 CEST 2017
Ping: 25.055 ms
Download: 126.03 Mbit/s
Upload: 5.59 Mbit/s
Thu Jul 27 05:45:01 CEST 2017
Ping: 22.06 ms
Download: 127.92 Mbit/s
Upload: 5.63 Mbit/s
Thu Jul 27 06:45:01 CEST 2017
Ping: 24.822 ms
Download: 115.38 Mbit/s
Upload: 5.56 Mbit/s
Thu Jul 27 07:45:01 CEST 2017
Ping: 22.991 ms
Download: 127.42 Mbit/s
Upload: 5.63 Mbit/s
Thu Jul 27 08:45:01 CEST 2017
Ping: 21.831 ms
Download: 122.18 Mbit/s
Upload: 5.62 Mbit/s
Thu Jul 27 09:45:02 CEST 2017
Ping: 23.025 ms
Download: 118.13 Mbit/s
Upload: 5.61 Mbit/s
Thu Jul 27 10:45:02 CEST 2017
Ping: 24.759 ms
Download: 127.87 Mbit/s
Upload: 5.61 Mbit/s
Thu Jul 27 11:45:01 CEST 2017
Ping: 30.263 ms
Download: 114.40 Mbit/s
Upload: 5.58 Mbit/s
Thu Jul 27 12:45:02 CEST 2017
Ping: 27.756 ms
Download: 102.99 Mbit/s
Upload: 5.57 Mbit/s
Thu Jul 27 13:45:01 CEST 2017
Ping: 23.74 ms
Download: 127.35 Mbit/s
Upload: 5.62 Mbit/s
Thu Jul 27 14:45:01 CEST 2017
Ping: 24.793 ms
Download: 127.49 Mbit/s
Upload: 5.58 Mbit/s
Thu Jul 27 15:45:01 CEST 2017
Ping: 26.369 ms
Download: 122.67 Mbit/s
Upload: 4.93 Mbit/s
Thu Jul 27 16:45:01 CEST 2017
Ping: 27.708 ms
Download: 124.89 Mbit/s
Upload: 5.53 Mbit/s
Thu Jul 27 17:45:01 CEST 2017
Ping: 25.002 ms
Download: 126.57 Mbit/s
Upload: 5.48 Mbit/s
Thu Jul 27 18:45:01 CEST 2017
Ping: 22.385 ms
Download: 127.04 Mbit/s
Upload: 5.65 Mbit/s
Thu Jul 27 19:45:01 CEST 2017
Ping: 23.27 ms
Download: 124.57 Mbit/s
Upload: 5.49 Mbit/s
Thu Jul 27 20:45:01 CEST 2017
Ping: 22.283 ms
Download: 120.55 Mbit/s
Upload: 5.65 Mbit/s
Thu Jul 27 21:45:01 CEST 2017
Ping: 25.075 ms
Download: 115.51 Mbit/s
Upload: 5.59 Mbit/s
Thu Jul 27 22:45:01 CEST 2017
Ping: 29.421 ms
Download: 125.56 Mbit/s
Upload: 5.55 Mbit/s
Thu Jul 27 23:45:01 CEST 2017
Ping: 28.904 ms
Download: 105.05 Mbit/s
Upload: 5.58 Mbit/s
Fri Jul 28 00:45:01 CEST 2017
Ping: 23.281 ms
Download: 118.11 Mbit/s
Upload: 5.63 Mbit/s
Fri Jul 28 01:45:01 CEST 2017
Ping: 23.212 ms
Download: 126.60 Mbit/s
Upload: 5.60 Mbit/s
Fri Jul 28 02:45:01 CEST 2017
Ping: 23.648 ms
Download: 7.54 Mbit/s
Upload: 5.57 Mbit/s
Fri Jul 28 03:45:01 CEST 2017
Ping: 28.885 ms
Download: 119.59 Mbit/s
Upload: 5.61 Mbit/s
Fri Jul 28 04:45:01 CEST 2017
Ping: 23.125 ms
Download: 110.04 Mbit/s
Upload: 5.62 Mbit/s
Fri Jul 28 05:45:01 CEST 2017
Ping: 22.647 ms
Download: 3.95 Mbit/s
Upload: 5.59 Mbit/s
Fri Jul 28 06:45:01 CEST 2017
Ping: 25.93 ms
Download: 123.08 Mbit/s
Upload: 5.61 Mbit/s
Fri Jul 28 07:45:01 CEST 2017
Ping: 22.946 ms
Download: 7.09 Mbit/s
Upload: 5.54 Mbit/s
Fri Jul 28 08:45:01 CEST 2017
Ping: 29.52 ms
Download: 123.66 Mbit/s
Upload: 5.58 Mbit/s
Fri Jul 28 09:45:01 CEST 2017
Ping: 23.828 ms
Download: 1.58 Mbit/s
Upload: 5.56 Mbit/s
Fri Jul 28 10:45:01 CEST 2017
Ping: 21.924 ms
Download: 1.32 Mbit/s
Upload: 5.54 Mbit/s
Fri Jul 28 11:45:01 CEST 2017
Ping: 24.196 ms
Download: 4.60 Mbit/s
Upload: 5.58 Mbit/s
Fri Jul 28 12:45:01 CEST 2017
Ping: 24.489 ms
Download: 119.26 Mbit/s
Upload: 5.58 Mbit/s
Fri Jul 28 13:45:01 CEST 2017
Ping: 22.37 ms
Download: 3.51 Mbit/s
Upload: 5.11 Mbit/s
Fri Jul 28 14:45:01 CEST 2017
Ping: 23.534 ms
Download: 2.21 Mbit/s
Upload: 5.60 Mbit/s
Fri Jul 28 15:45:01 CEST 2017
Ping: 29.764 ms
Download: 127.30 Mbit/s
Upload: 5.62 Mbit/s
Fri Jul 28 16:45:01 CEST 2017
Ping: 23.172 ms
Download: 2.12 Mbit/s
Upload: 5.58 Mbit/s
Fri Jul 28 17:45:01 CEST 2017
Ping: 30.164 ms
Download: 118.31 Mbit/s
Upload: 5.62 Mbit/s
Fri Jul 28 18:45:02 CEST 2017
Ping: 28.704 ms
Download: 117.08 Mbit/s
Upload: 5.58 Mbit/s
Fri Jul 28 19:45:01 CEST 2017
Ping: 24.764 ms
Download: 2.03 Mbit/s
Upload: 5.52 Mbit/s
Fri Jul 28 20:45:01 CEST 2017
Ping: 25.06 ms
Download: 2.21 Mbit/s
Upload: 5.55 Mbit/s
Fri Jul 28 21:45:01 CEST 2017
Ping: 26.352 ms
Download: 123.94 Mbit/s
Upload: 5.52 Mbit/s
Fri Jul 28 22:45:01 CEST 2017
Ping: 24.84 ms
Download: 3.46 Mbit/s
Upload: 5.31 Mbit/s
Fri Jul 28 23:45:01 CEST 2017
Ping: 26.992 ms
Download: 117.49 Mbit/s
Upload: 5.58 Mbit/s
Sat Jul 29 00:45:01 CEST 2017
Ping: 22.381 ms
Download: 2.04 Mbit/s
Upload: 5.56 Mbit/s
Sat Jul 29 01:45:01 CEST 2017
Ping: 27.232 ms
Download: 126.53 Mbit/s
Upload: 5.57 Mbit/s
Sat Jul 29 02:45:01 CEST 2017
Ping: 27.706 ms
Download: 126.67 Mbit/s
Upload: 5.60 Mbit/s
Sat Jul 29 03:45:01 CEST 2017
Ping: 26.349 ms
Download: 122.34 Mbit/s
Upload: 5.58 Mbit/s
Sat Jul 29 04:45:01 CEST 2017
Ping: 21.034 ms
Download: 4.27 Mbit/s
Upload: 5.53 Mbit/s
Sat Jul 29 05:45:01 CEST 2017
Ping: 21.971 ms
Download: 5.08 Mbit/s
Upload: 5.55 Mbit/s
Sat Jul 29 06:45:01 CEST 2017
Ping: 22.853 ms
Download: 6.44 Mbit/s
Upload: 5.66 Mbit/s
Sat Jul 29 07:45:02 CEST 2017
Ping: 23.79 ms
Download: 4.34 Mbit/s
Upload: 5.62 Mbit/s
Sat Jul 29 08:45:01 CEST 2017
Ping: 27.099 ms
Download: 116.13 Mbit/s
Upload: 5.61 Mbit/s
Sat Jul 29 09:45:01 CEST 2017
Ping: 23.401 ms
Download: 3.95 Mbit/s
Upload: 5.54 Mbit/s
Sat Jul 29 10:45:01 CEST 2017
Ping: 23.278 ms
Download: 1.64 Mbit/s
Upload: 5.58 Mbit/s
Sat Jul 29 11:45:01 CEST 2017
Ping: 24.399 ms
Download: 125.01 Mbit/s
Upload: 5.66 Mbit/s
Sat Jul 29 12:45:01 CEST 2017
Ping: 26.383 ms
Download: 124.91 Mbit/s
Upload: 5.60 Mbit/s
Sat Jul 29 13:45:01 CEST 2017
Ping: 24.316 ms
Download: 2.43 Mbit/s
Upload: 5.55 Mbit/s
Sat Jul 29 14:45:02 CEST 2017
Ping: 24.617 ms
Download: 127.32 Mbit/s
Upload: 5.60 Mbit/s
Sat Jul 29 15:45:01 CEST 2017
Ping: 24.485 ms
Download: 1.00 Mbit/s
Upload: 5.53 Mbit/s
Sat Jul 29 16:45:01 CEST 2017
Ping: 22.406 ms
Download: 1.85 Mbit/s
Upload: 5.51 Mbit/s
Sat Jul 29 17:45:01 CEST 2017
Ping: 23.708 ms
Download: 3.03 Mbit/s
Upload: 5.46 Mbit/s
Sat Jul 29 18:45:01 CEST 2017
Ping: 24.959 ms
Download: 2.55 Mbit/s
Upload: 5.62 Mbit/s
Sat Jul 29 19:45:01 CEST 2017
Ping: 23.549 ms
Download: 1.69 Mbit/s
Upload: 5.51 Mbit/s
Sat Jul 29 20:45:01 CEST 2017
Ping: 24.598 ms
Download: 2.45 Mbit/s
Upload: 5.64 Mbit/s
Sat Jul 29 21:45:01 CEST 2017
Ping: 25.545 ms
Download: 125.29 Mbit/s
Upload: 5.60 Mbit/s
Sat Jul 29 22:45:01 CEST 2017
Ping: 27.374 ms
Download: 113.86 Mbit/s
Upload: 5.58 Mbit/s
Sat Jul 29 23:45:01 CEST 2017
Ping: 24.511 ms
Download: 2.42 Mbit/s
Upload: 5.61 Mbit/s
Sun Jul 30 00:45:01 CEST 2017
Ping: 21.6 ms
Download: 2.10 Mbit/s
Upload: 5.61 Mbit/s
Sun Jul 30 01:45:01 CEST 2017
Ping: 25.71 ms
Download: 124.39 Mbit/s
Upload: 5.59 Mbit/s
Sun Jul 30 02:45:01 CEST 2017
Ping: 23.471 ms
Download: 126.35 Mbit/s
Upload: 5.59 Mbit/s
Sun Jul 30 03:45:01 CEST 2017
Ping: 23.484 ms
Download: 126.34 Mbit/s
Upload: 5.58 Mbit/s
Sun Jul 30 04:45:01 CEST 2017
Ping: 22.464 ms
Download: 126.81 Mbit/s
Upload: 5.65 Mbit/s
Sun Jul 30 05:45:01 CEST 2017
Ping: 23.957 ms
Download: 125.22 Mbit/s
Upload: 5.59 Mbit/s
Sun Jul 30 06:45:02 CEST 2017
Ping: 24.899 ms
Download: 127.82 Mbit/s
Upload: 5.58 Mbit/s
Sun Jul 30 07:45:01 CEST 2017
Ping: 25.538 ms
Download: 123.02 Mbit/s
Upload: 5.59 Mbit/s
Sun Jul 30 08:45:01 CEST 2017
Ping: 24.792 ms
Download: 117.12 Mbit/s
Upload: 5.61 Mbit/s
Sun Jul 30 09:45:01 CEST 2017
Ping: 24.604 ms
Download: 128.18 Mbit/s
Upload: 5.63 Mbit/s
Sun Jul 30 10:45:01 CEST 2017
Ping: 24.985 ms
Download: 127.77 Mbit/s
Upload: 5.57 Mbit/s
Sun Jul 30 11:45:01 CEST 2017
Ping: 25.692 ms
Download: 112.95 Mbit/s
Upload: 5.54 Mbit/s
Sun Jul 30 12:45:01 CEST 2017
Ping: 23.815 ms
Download: 126.68 Mbit/s
Upload: 5.63 Mbit/s
Sun Jul 30 13:45:01 CEST 2017
Ping: 23.625 ms
Download: 128.19 Mbit/s
Upload: 5.58 Mbit/s
Sun Jul 30 14:45:01 CEST 2017
Ping: 25.777 ms
Download: 127.82 Mbit/s
Upload: 5.59 Mbit/s
Sun Jul 30 15:45:02 CEST 2017
Ping: 26.29 ms
Download: 127.62 Mbit/s
Upload: 5.63 Mbit/s
Sun Jul 30 16:45:01 CEST 2017
Ping: 27.72 ms
Download: 119.11 Mbit/s
Upload: 5.48 Mbit/s
Sun Jul 30 17:45:01 CEST 2017
Ping: 30.254 ms
Download: 113.47 Mbit/s
Upload: 5.65 Mbit/s
Sun Jul 30 18:45:01 CEST 2017
Ping: 26.471 ms
Download: 116.62 Mbit/s
Upload: 5.40 Mbit/s
Sun Jul 30 19:45:01 CEST 2017
Ping: 26.367 ms
Download: 127.69 Mbit/s
Upload: 5.61 Mbit/s
Sun Jul 30 20:45:01 CEST 2017
Ping: 27.28 ms
Download: 127.22 Mbit/s
Upload: 5.59 Mbit/s
Sun Jul 30 21:45:01 CEST 2017
Ping: 26.755 ms
Download: 120.82 Mbit/s
Upload: 5.53 Mbit/s
Sun Jul 30 22:45:01 CEST 2017
Ping: 24.017 ms
Download: 125.81 Mbit/s
Upload: 5.47 Mbit/s
Sun Jul 30 23:45:01 CEST 2017
Ping: 24.27 ms
Download: 124.54 Mbit/s
Upload: 5.57 Mbit/s
Mon Jul 31 00:45:01 CEST 2017
Ping: 25.572 ms
Download: 106.60 Mbit/s
Upload: 5.57 Mbit/s
Mon Jul 31 01:45:02 CEST 2017
Ping: 23.754 ms
Download: 127.56 Mbit/s
Upload: 5.58 Mbit/s
Mon Jul 31 02:45:01 CEST 2017
Ping: 29.66 ms
Download: 117.55 Mbit/s
Upload: 5.58 Mbit/s
Mon Jul 31 03:45:01 CEST 2017
Ping: 23.696 ms
Download: 127.53 Mbit/s
Upload: 5.60 Mbit/s
Mon Jul 31 04:45:01 CEST 2017
Ping: 23.059 ms
Download: 128.26 Mbit/s
Upload: 5.59 Mbit/s
Mon Jul 31 05:45:01 CEST 2017
Ping: 23.749 ms
Download: 127.83 Mbit/s
Upload: 5.57 Mbit/s
Mon Jul 31 06:45:01 CEST 2017
Ping: 24.442 ms
Download: 124.29 Mbit/s
Upload: 5.17 Mbit/s
Mon Jul 31 07:45:01 CEST 2017
Ping: 23.973 ms
Download: 127.91 Mbit/s
Upload: 5.60 Mbit/s
Mon Jul 31 08:45:01 CEST 2017
Ping: 22.177 ms
Download: 127.30 Mbit/s
Upload: 4.90 Mbit/s
Mon Jul 31 09:45:01 CEST 2017
Ping: 23.601 ms
Download: 127.76 Mbit/s
Upload: 5.67 Mbit/s
Mon Jul 31 10:45:01 CEST 2017
Ping: 25.042 ms
Download: 116.18 Mbit/s
Upload: 5.61 Mbit/s
Mon Jul 31 11:45:01 CEST 2017
Ping: 23.71 ms
Download: 127.42 Mbit/s
Upload: 5.62 Mbit/s
Mon Jul 31 12:45:01 CEST 2017
Ping: 24.319 ms
Download: 118.12 Mbit/s
Upload: 5.55 Mbit/s
Mon Jul 31 13:45:02 CEST 2017
Ping: 22.645 ms
Download: 127.64 Mbit/s
Upload: 5.57 Mbit/s
Mon Jul 31 14:45:01 CEST 2017
Ping: 24.816 ms
Download: 126.85 Mbit/s
Upload: 5.67 Mbit/s
Mon Jul 31 15:45:01 CEST 2017
Ping: 27.09 ms
Download: 108.93 Mbit/s
Upload: 5.62 Mbit/s
Mon Jul 31 16:45:01 CEST 2017
Ping: 22.133 ms
Download: 125.65 Mbit/s
Upload: 5.61 Mbit/s
Mon Jul 31 17:45:01 CEST 2017
Ping: 22.098 ms
Download: 127.51 Mbit/s
Upload: 5.45 Mbit/s
Mon Jul 31 18:45:01 CEST 2017
Ping: 28.088 ms
Download: 122.76 Mbit/s
Upload: 5.65 Mbit/s
Mon Jul 31 19:45:01 CEST 2017
Ping: 24.223 ms
Download: 115.75 Mbit/s
Upload: 5.33 Mbit/s
Mon Jul 31 20:45:01 CEST 2017
Ping: 24.443 ms
Download: 127.66 Mbit/s
Upload: 5.49 Mbit/s
Mon Jul 31 21:45:01 CEST 2017
Ping: 23.695 ms
Download: 126.64 Mbit/s
Upload: 5.64 Mbit/s
Mon Jul 31 22:45:01 CEST 2017
Ping: 25.581 ms
Download: 127.80 Mbit/s
Upload: 5.63 Mbit/s
Mon Jul 31 23:45:01 CEST 2017
Ping: 26.39 ms
Download: 122.94 Mbit/s
Upload: 5.59 Mbit/s
