Wed Nov  1 00:45:01 CET 2017
Ping: 25.662 ms
Download: 109.10 Mbit/s
Upload: 5.50 Mbit/s
Wed Nov  1 01:45:01 CET 2017
Ping: 26.295 ms
Download: 125.61 Mbit/s
Upload: 5.48 Mbit/s
Wed Nov  1 02:45:01 CET 2017
Ping: 28.631 ms
Download: 126.46 Mbit/s
Upload: 5.43 Mbit/s
Wed Nov  1 03:45:01 CET 2017
Ping: 27.605 ms
Download: 123.43 Mbit/s
Upload: 5.52 Mbit/s
Wed Nov  1 04:45:01 CET 2017
Ping: 26.282 ms
Download: 124.96 Mbit/s
Upload: 4.27 Mbit/s
Wed Nov  1 05:45:01 CET 2017
Ping: 27.966 ms
Download: 126.51 Mbit/s
Upload: 5.46 Mbit/s
Wed Nov  1 06:45:01 CET 2017
Ping: 25.662 ms
Download: 122.62 Mbit/s
Upload: 5.52 Mbit/s
Wed Nov  1 07:45:01 CET 2017
Ping: 27.448 ms
Download: 124.89 Mbit/s
Upload: 5.37 Mbit/s
Wed Nov  1 08:45:01 CET 2017
Ping: 27.872 ms
Download: 120.03 Mbit/s
Upload: 5.22 Mbit/s
Wed Nov  1 09:45:01 CET 2017
Ping: 28.115 ms
Download: 121.95 Mbit/s
Upload: 5.47 Mbit/s
Wed Nov  1 10:45:01 CET 2017
Ping: 26.282 ms
Download: 126.46 Mbit/s
Upload: 5.57 Mbit/s
Wed Nov  1 11:45:01 CET 2017
Ping: 25.043 ms
Download: 115.43 Mbit/s
Upload: 5.62 Mbit/s
Wed Nov  1 12:45:01 CET 2017
Ping: 25.629 ms
Download: 127.17 Mbit/s
Upload: 5.31 Mbit/s
Wed Nov  1 13:45:01 CET 2017
Ping: 25.401 ms
Download: 123.55 Mbit/s
Upload: 5.44 Mbit/s
Wed Nov  1 14:45:01 CET 2017
Ping: 26.288 ms
Download: 126.32 Mbit/s
Upload: 5.36 Mbit/s
Wed Nov  1 15:45:01 CET 2017
Ping: 25.705 ms
Download: 128.44 Mbit/s
Upload: 5.53 Mbit/s
Wed Nov  1 16:45:01 CET 2017
Ping: 24.85 ms
Download: 118.31 Mbit/s
Upload: 5.55 Mbit/s
Wed Nov  1 17:45:01 CET 2017
Ping: 27.562 ms
Download: 128.60 Mbit/s
Upload: 5.52 Mbit/s
Wed Nov  1 18:45:01 CET 2017
Ping: 26.256 ms
Download: 75.55 Mbit/s
Upload: 5.42 Mbit/s
Wed Nov  1 19:45:01 CET 2017
Ping: 25.413 ms
Download: 127.11 Mbit/s
Upload: 5.63 Mbit/s
Wed Nov  1 20:45:01 CET 2017
Ping: 25.879 ms
Download: 119.89 Mbit/s
Upload: 5.68 Mbit/s
Wed Nov  1 21:45:01 CET 2017
Ping: 27.408 ms
Download: 125.42 Mbit/s
Upload: 5.61 Mbit/s
Wed Nov  1 22:45:01 CET 2017
Ping: 25.405 ms
Download: 119.01 Mbit/s
Upload: 5.55 Mbit/s
Wed Nov  1 23:45:01 CET 2017
Ping: 26.262 ms
Download: 121.58 Mbit/s
Upload: 5.49 Mbit/s
Thu Nov  2 00:45:01 CET 2017
Ping: 23.536 ms
Download: 127.36 Mbit/s
Upload: 5.64 Mbit/s
Thu Nov  2 01:45:01 CET 2017
Ping: 23.998 ms
Download: 121.20 Mbit/s
Upload: 5.56 Mbit/s
Thu Nov  2 02:45:01 CET 2017
Ping: 27.443 ms
Download: 121.44 Mbit/s
Upload: 5.57 Mbit/s
Thu Nov  2 03:45:01 CET 2017
Ping: 24.632 ms
Download: 127.91 Mbit/s
Upload: 5.58 Mbit/s
Thu Nov  2 04:45:01 CET 2017
Ping: 26.563 ms
Download: 119.61 Mbit/s
Upload: 5.66 Mbit/s
Thu Nov  2 05:45:01 CET 2017
Ping: 26.133 ms
Download: 113.57 Mbit/s
Upload: 5.62 Mbit/s
Thu Nov  2 06:45:01 CET 2017
Ping: 26.302 ms
Download: 124.79 Mbit/s
Upload: 5.54 Mbit/s
Thu Nov  2 07:45:01 CET 2017
Ping: 27.644 ms
Download: 126.40 Mbit/s
Upload: 5.64 Mbit/s
Thu Nov  2 08:45:01 CET 2017
Ping: 25.425 ms
Download: 115.12 Mbit/s
Upload: 5.59 Mbit/s
Thu Nov  2 09:45:01 CET 2017
Ping: 26.28 ms
Download: 125.72 Mbit/s
Upload: 5.66 Mbit/s
Thu Nov  2 10:45:01 CET 2017
Ping: 25.777 ms
Download: 117.53 Mbit/s
Upload: 5.52 Mbit/s
Thu Nov  2 11:45:02 CET 2017
Ping: 25.838 ms
Download: 121.99 Mbit/s
Upload: 5.11 Mbit/s
Thu Nov  2 12:45:01 CET 2017
Ping: 26.269 ms
Download: 123.97 Mbit/s
Upload: 5.56 Mbit/s
Thu Nov  2 13:45:01 CET 2017
Ping: 24.965 ms
Download: 124.23 Mbit/s
Upload: 5.68 Mbit/s
Thu Nov  2 14:45:01 CET 2017
Ping: 26.299 ms
Download: 126.99 Mbit/s
Upload: 5.66 Mbit/s
Thu Nov  2 15:45:01 CET 2017
Ping: 27.156 ms
Download: 121.27 Mbit/s
Upload: 5.30 Mbit/s
Thu Nov  2 16:45:01 CET 2017
Ping: 24.217 ms
Download: 113.99 Mbit/s
Upload: 5.45 Mbit/s
Thu Nov  2 17:45:01 CET 2017
Ping: 28.797 ms
Download: 107.00 Mbit/s
Upload: 5.45 Mbit/s
Thu Nov  2 18:45:01 CET 2017
Ping: 26.377 ms
Download: 116.43 Mbit/s
Upload: 4.62 Mbit/s
Thu Nov  2 19:45:01 CET 2017
Ping: 26.178 ms
Download: 105.89 Mbit/s
Upload: 5.31 Mbit/s
Thu Nov  2 20:45:01 CET 2017
Ping: 25.812 ms
Download: 103.92 Mbit/s
Upload: 5.09 Mbit/s
Thu Nov  2 21:45:01 CET 2017
Ping: 24.224 ms
Download: 98.91 Mbit/s
Upload: 4.34 Mbit/s
Thu Nov  2 22:45:01 CET 2017
Ping: 28.548 ms
Download: 105.93 Mbit/s
Upload: 5.06 Mbit/s
Thu Nov  2 23:45:01 CET 2017
Ping: 24.597 ms
Download: 121.88 Mbit/s
Upload: 5.47 Mbit/s
Fri Nov  3 00:45:01 CET 2017
Ping: 25.444 ms
Download: 118.03 Mbit/s
Upload: 5.55 Mbit/s
Fri Nov  3 01:45:01 CET 2017
Ping: 24.822 ms
Download: 117.71 Mbit/s
Upload: 5.48 Mbit/s
Fri Nov  3 02:45:01 CET 2017
Ping: 26.368 ms
Download: 112.02 Mbit/s
Upload: 5.41 Mbit/s
Fri Nov  3 03:45:02 CET 2017
Ping: 27.745 ms
Download: 123.37 Mbit/s
Upload: 5.10 Mbit/s
Fri Nov  3 04:45:01 CET 2017
Ping: 26.296 ms
Download: 123.27 Mbit/s
Upload: 5.58 Mbit/s
Fri Nov  3 05:45:01 CET 2017
Ping: 25.552 ms
Download: 114.00 Mbit/s
Upload: 5.12 Mbit/s
Fri Nov  3 06:45:01 CET 2017
Ping: 24.134 ms
Download: 109.39 Mbit/s
Upload: 5.26 Mbit/s
Fri Nov  3 07:45:01 CET 2017
Ping: 24.936 ms
Download: 111.71 Mbit/s
Upload: 5.36 Mbit/s
Fri Nov  3 08:45:02 CET 2017
Ping: 25.7 ms
Download: 115.63 Mbit/s
Upload: 5.31 Mbit/s
Fri Nov  3 09:45:01 CET 2017
Ping: 25.15 ms
Download: 121.77 Mbit/s
Upload: 5.41 Mbit/s
Fri Nov  3 10:45:01 CET 2017
Ping: 26.374 ms
Download: 111.90 Mbit/s
Upload: 5.50 Mbit/s
Fri Nov  3 11:45:01 CET 2017
Ping: 26.46 ms
Download: 128.37 Mbit/s
Upload: 5.57 Mbit/s
Fri Nov  3 12:45:01 CET 2017
Ping: 26.422 ms
Download: 125.65 Mbit/s
Upload: 5.65 Mbit/s
Fri Nov  3 13:45:01 CET 2017
Ping: 24.605 ms
Download: 107.96 Mbit/s
Upload: 5.63 Mbit/s
Fri Nov  3 14:45:01 CET 2017
Ping: 24.691 ms
Download: 118.47 Mbit/s
Upload: 5.54 Mbit/s
Fri Nov  3 15:45:02 CET 2017
Ping: 24.97 ms
Download: 126.86 Mbit/s
Upload: 5.51 Mbit/s
Fri Nov  3 16:45:01 CET 2017
Ping: 29.09 ms
Download: 126.88 Mbit/s
Upload: 5.59 Mbit/s
Fri Nov  3 17:45:01 CET 2017
Ping: 23.563 ms
Download: 123.50 Mbit/s
Upload: 5.57 Mbit/s
Fri Nov  3 18:45:01 CET 2017
Ping: 28.512 ms
Download: 100.75 Mbit/s
Upload: 5.56 Mbit/s
Fri Nov  3 19:45:01 CET 2017
Ping: 26.833 ms
Download: 120.28 Mbit/s
Upload: 5.59 Mbit/s
Fri Nov  3 20:45:01 CET 2017
Ping: 27.27 ms
Download: 107.94 Mbit/s
Upload: 5.43 Mbit/s
Fri Nov  3 21:45:01 CET 2017
Ping: 26.414 ms
Download: 120.38 Mbit/s
Upload: 5.49 Mbit/s
Fri Nov  3 22:45:01 CET 2017
Could not retrieve speedtest.net configuration
Fri Nov  3 23:45:01 CET 2017
Ping: 26.298 ms
Download: 122.57 Mbit/s
Upload: 5.56 Mbit/s
Sat Nov  4 00:45:01 CET 2017
Ping: 27.031 ms
Download: 93.15 Mbit/s
Upload: 5.47 Mbit/s
Sat Nov  4 01:45:01 CET 2017
Ping: 27.601 ms
Download: 115.31 Mbit/s
Upload: 5.63 Mbit/s
Sat Nov  4 02:45:01 CET 2017
Ping: 27.761 ms
Download: 122.12 Mbit/s
Upload: 5.59 Mbit/s
Sat Nov  4 03:45:01 CET 2017
Ping: 25.579 ms
Download: 118.10 Mbit/s
Upload: 5.66 Mbit/s
Sat Nov  4 04:45:01 CET 2017
Ping: 25.816 ms
Download: 122.37 Mbit/s
Upload: 5.58 Mbit/s
Sat Nov  4 05:45:01 CET 2017
Ping: 25.32 ms
Download: 126.02 Mbit/s
Upload: 5.47 Mbit/s
Sat Nov  4 06:45:01 CET 2017
Ping: 25.869 ms
Download: 115.21 Mbit/s
Upload: 5.63 Mbit/s
Sat Nov  4 07:45:01 CET 2017
Ping: 25.437 ms
Download: 119.16 Mbit/s
Upload: 5.60 Mbit/s
Sat Nov  4 08:45:01 CET 2017
Ping: 26.29 ms
Download: 126.70 Mbit/s
Upload: 5.50 Mbit/s
Sat Nov  4 09:45:01 CET 2017
Ping: 25.36 ms
Download: 127.62 Mbit/s
Upload: 5.66 Mbit/s
Sat Nov  4 10:45:01 CET 2017
Ping: 25.513 ms
Download: 127.35 Mbit/s
Upload: 5.30 Mbit/s
Sat Nov  4 11:45:01 CET 2017
Ping: 26.396 ms
Download: 128.13 Mbit/s
Upload: 5.57 Mbit/s
Sat Nov  4 12:45:01 CET 2017
Ping: 27.989 ms
Download: 128.31 Mbit/s
Upload: 5.61 Mbit/s
Sat Nov  4 13:45:01 CET 2017
Ping: 27.092 ms
Download: 126.55 Mbit/s
Upload: 5.60 Mbit/s
Sat Nov  4 14:45:01 CET 2017
Ping: 26.399 ms
Download: 126.22 Mbit/s
Upload: 5.38 Mbit/s
Sat Nov  4 15:45:01 CET 2017
Ping: 26.778 ms
Download: 124.82 Mbit/s
Upload: 5.56 Mbit/s
Sat Nov  4 16:45:01 CET 2017
Ping: 27.615 ms
Download: 121.70 Mbit/s
Upload: 5.61 Mbit/s
Sat Nov  4 17:45:01 CET 2017
Ping: 27.458 ms
Download: 115.96 Mbit/s
Upload: 5.38 Mbit/s
Sat Nov  4 18:45:01 CET 2017
Ping: 25.657 ms
Download: 120.33 Mbit/s
Upload: 5.62 Mbit/s
Sat Nov  4 19:45:01 CET 2017
Ping: 27.95 ms
Download: 126.36 Mbit/s
Upload: 5.62 Mbit/s
Sat Nov  4 20:45:01 CET 2017
Ping: 24.879 ms
Download: 126.93 Mbit/s
Upload: 5.60 Mbit/s
Sat Nov  4 21:45:01 CET 2017
Ping: 24.688 ms
Download: 123.27 Mbit/s
Upload: 5.14 Mbit/s
Sat Nov  4 22:45:01 CET 2017
Ping: 26.94 ms
Download: 106.89 Mbit/s
Upload: 5.51 Mbit/s
Sat Nov  4 23:45:01 CET 2017
Ping: 24.389 ms
Download: 123.71 Mbit/s
Upload: 5.59 Mbit/s
Sun Nov  5 00:45:01 CET 2017
Ping: 25.632 ms
Download: 111.49 Mbit/s
Upload: 5.64 Mbit/s
Sun Nov  5 01:45:01 CET 2017
Ping: 26.284 ms
Download: 124.31 Mbit/s
Upload: 5.58 Mbit/s
Sun Nov  5 02:45:01 CET 2017
Ping: 25.658 ms
Download: 124.08 Mbit/s
Upload: 5.53 Mbit/s
Sun Nov  5 03:45:01 CET 2017
Ping: 26.133 ms
Download: 119.98 Mbit/s
Upload: 5.58 Mbit/s
Sun Nov  5 04:45:01 CET 2017
Ping: 27.638 ms
Download: 127.40 Mbit/s
Upload: 5.66 Mbit/s
Sun Nov  5 05:45:01 CET 2017
Ping: 27.143 ms
Download: 123.17 Mbit/s
Upload: 5.62 Mbit/s
Sun Nov  5 06:45:01 CET 2017
Ping: 26.689 ms
Download: 120.63 Mbit/s
Upload: 4.91 Mbit/s
Sun Nov  5 07:45:01 CET 2017
Ping: 26.443 ms
Download: 114.29 Mbit/s
Upload: 5.61 Mbit/s
Sun Nov  5 08:45:01 CET 2017
Ping: 26.283 ms
Download: 126.32 Mbit/s
Upload: 5.60 Mbit/s
Sun Nov  5 09:45:01 CET 2017
Ping: 26.409 ms
Download: 112.88 Mbit/s
Upload: 5.30 Mbit/s
Sun Nov  5 10:45:01 CET 2017
Ping: 25.892 ms
Download: 111.94 Mbit/s
Upload: 5.59 Mbit/s
Sun Nov  5 18:45:01 CET 2017
Ping: 25.803 ms
Download: 103.99 Mbit/s
Upload: 5.35 Mbit/s
Sun Nov  5 19:45:01 CET 2017
Ping: 24.955 ms
Download: 114.81 Mbit/s
Upload: 5.50 Mbit/s
Sun Nov  5 20:45:02 CET 2017
Ping: 27.633 ms
Download: 127.47 Mbit/s
Upload: 5.54 Mbit/s
Sun Nov  5 21:45:02 CET 2017
Ping: 26.309 ms
Download: 126.39 Mbit/s
Upload: 5.61 Mbit/s
Sun Nov  5 22:45:01 CET 2017
Ping: 27.811 ms
Download: 121.67 Mbit/s
Upload: 5.43 Mbit/s
Sun Nov  5 23:45:01 CET 2017
Ping: 26.559 ms
Download: 113.34 Mbit/s
Upload: 5.63 Mbit/s
Mon Nov  6 00:45:01 CET 2017
Ping: 26.761 ms
Download: 118.61 Mbit/s
Upload: 5.60 Mbit/s
Mon Nov  6 01:45:01 CET 2017
Ping: 25.527 ms
Download: 126.71 Mbit/s
Upload: 5.61 Mbit/s
Mon Nov  6 02:45:01 CET 2017
Ping: 24.726 ms
Download: 121.32 Mbit/s
Upload: 5.53 Mbit/s
Mon Nov  6 03:45:01 CET 2017
Ping: 26.288 ms
Download: 112.66 Mbit/s
Upload: 5.65 Mbit/s
Mon Nov  6 04:45:01 CET 2017
Ping: 26.311 ms
Download: 116.50 Mbit/s
Upload: 5.54 Mbit/s
Mon Nov  6 05:45:01 CET 2017
Ping: 24.624 ms
Download: 110.84 Mbit/s
Upload: 5.65 Mbit/s
Mon Nov  6 06:45:01 CET 2017
Ping: 25.365 ms
Download: 126.55 Mbit/s
Upload: 5.55 Mbit/s
Mon Nov  6 07:45:01 CET 2017
Ping: 26.128 ms
Download: 114.54 Mbit/s
Upload: 3.89 Mbit/s
Mon Nov  6 08:45:01 CET 2017
Ping: 25.177 ms
Download: 127.81 Mbit/s
Upload: 5.58 Mbit/s
Mon Nov  6 09:45:01 CET 2017
Ping: 26.246 ms
Download: 126.57 Mbit/s
Upload: 5.47 Mbit/s
Mon Nov  6 10:45:01 CET 2017
Ping: 25.821 ms
Download: 126.89 Mbit/s
Upload: 5.47 Mbit/s
Mon Nov  6 11:45:01 CET 2017
Ping: 27.274 ms
Download: 108.77 Mbit/s
Upload: 5.49 Mbit/s
Mon Nov  6 12:45:01 CET 2017
Ping: 24.97 ms
Download: 127.67 Mbit/s
Upload: 4.47 Mbit/s
Mon Nov  6 13:45:01 CET 2017
Ping: 25.619 ms
Download: 126.04 Mbit/s
Upload: 5.56 Mbit/s
Mon Nov  6 14:45:01 CET 2017
Ping: 27.605 ms
Download: 127.68 Mbit/s
Upload: 4.86 Mbit/s
Mon Nov  6 15:45:02 CET 2017
Ping: 26.462 ms
Download: 119.96 Mbit/s
Upload: 5.38 Mbit/s
Mon Nov  6 16:45:01 CET 2017
Ping: 27.66 ms
Download: 118.60 Mbit/s
Upload: 5.45 Mbit/s
Mon Nov  6 17:45:01 CET 2017
Ping: 26.694 ms
Download: 127.91 Mbit/s
Upload: 5.63 Mbit/s
Mon Nov  6 18:45:01 CET 2017
Ping: 26.153 ms
Download: 114.72 Mbit/s
Upload: 5.64 Mbit/s
Mon Nov  6 19:45:01 CET 2017
Ping: 29.602 ms
Download: 121.78 Mbit/s
Upload: 5.57 Mbit/s
Mon Nov  6 20:45:01 CET 2017
Ping: 25.494 ms
Download: 117.65 Mbit/s
Upload: 5.44 Mbit/s
Mon Nov  6 21:45:01 CET 2017
Ping: 25.415 ms
Download: 115.30 Mbit/s
Upload: 5.48 Mbit/s
Mon Nov  6 22:45:01 CET 2017
Ping: 25.641 ms
Download: 113.16 Mbit/s
Upload: 5.53 Mbit/s
Mon Nov  6 23:45:01 CET 2017
Ping: 27.575 ms
Download: 127.16 Mbit/s
Upload: 5.58 Mbit/s
Tue Nov  7 00:45:01 CET 2017
Ping: 26.518 ms
Download: 107.14 Mbit/s
Upload: 5.61 Mbit/s
Tue Nov  7 01:45:01 CET 2017
Ping: 24.611 ms
Download: 119.31 Mbit/s
Upload: 5.66 Mbit/s
Tue Nov  7 02:45:01 CET 2017
Ping: 23.361 ms
Download: 127.49 Mbit/s
Upload: 5.52 Mbit/s
Tue Nov  7 03:45:01 CET 2017
Ping: 23.548 ms
Download: 123.35 Mbit/s
Upload: 5.66 Mbit/s
Tue Nov  7 04:45:01 CET 2017
Ping: 27.614 ms
Download: 125.39 Mbit/s
Upload: 5.64 Mbit/s
Tue Nov  7 05:45:01 CET 2017
Ping: 26.423 ms
Download: 111.72 Mbit/s
Upload: 5.61 Mbit/s
Tue Nov  7 06:45:01 CET 2017
Ping: 26.449 ms
Download: 124.62 Mbit/s
Upload: 5.56 Mbit/s
Tue Nov  7 07:45:01 CET 2017
Ping: 25.796 ms
Download: 116.05 Mbit/s
Upload: 5.56 Mbit/s
Tue Nov  7 08:45:01 CET 2017
Ping: 26.349 ms
Download: 125.60 Mbit/s
Upload: 5.61 Mbit/s
Tue Nov  7 09:45:01 CET 2017
Ping: 24.237 ms
Download: 127.10 Mbit/s
Upload: 5.68 Mbit/s
Tue Nov  7 10:45:01 CET 2017
Ping: 27.164 ms
Download: 127.73 Mbit/s
Upload: 5.56 Mbit/s
Tue Nov  7 11:45:01 CET 2017
Ping: 25.24 ms
Download: 107.94 Mbit/s
Upload: 5.56 Mbit/s
Tue Nov  7 12:45:02 CET 2017
Ping: 25.271 ms
Download: 125.80 Mbit/s
Upload: 5.63 Mbit/s
Tue Nov  7 13:45:01 CET 2017
Ping: 25.525 ms
Download: 125.42 Mbit/s
Upload: 5.58 Mbit/s
Tue Nov  7 14:45:01 CET 2017
Ping: 25.572 ms
Download: 125.98 Mbit/s
Upload: 5.03 Mbit/s
Tue Nov  7 15:45:01 CET 2017
Ping: 23.94 ms
Download: 126.08 Mbit/s
Upload: 5.54 Mbit/s
Tue Nov  7 16:45:01 CET 2017
Ping: 24.545 ms
Download: 127.41 Mbit/s
Upload: 5.60 Mbit/s
Tue Nov  7 17:45:01 CET 2017
Ping: 26.368 ms
Download: 123.74 Mbit/s
Upload: 5.28 Mbit/s
Tue Nov  7 18:45:01 CET 2017
Ping: 24.671 ms
Download: 104.90 Mbit/s
Upload: 5.53 Mbit/s
Tue Nov  7 19:45:01 CET 2017
Ping: 27.418 ms
Download: 116.75 Mbit/s
Upload: 5.56 Mbit/s
Tue Nov  7 20:45:02 CET 2017
Ping: 25.605 ms
Download: 116.95 Mbit/s
Upload: 5.51 Mbit/s
Tue Nov  7 21:45:01 CET 2017
Ping: 24.226 ms
Download: 119.39 Mbit/s
Upload: 5.46 Mbit/s
Tue Nov  7 22:45:01 CET 2017
Ping: 24.15 ms
Download: 124.00 Mbit/s
Upload: 5.56 Mbit/s
Tue Nov  7 23:45:01 CET 2017
Ping: 25.579 ms
Download: 125.77 Mbit/s
Upload: 5.62 Mbit/s
Wed Nov  8 00:45:01 CET 2017
Ping: 25.691 ms
Download: 117.45 Mbit/s
Upload: 5.62 Mbit/s
Wed Nov  8 01:45:01 CET 2017
Ping: 27.798 ms
Download: 125.12 Mbit/s
Upload: 5.59 Mbit/s
Wed Nov  8 02:45:01 CET 2017
Ping: 24.786 ms
Download: 124.23 Mbit/s
Upload: 5.60 Mbit/s
Wed Nov  8 03:45:01 CET 2017
Ping: 24.169 ms
Download: 124.60 Mbit/s
Upload: 5.61 Mbit/s
Wed Nov  8 04:45:01 CET 2017
Ping: 25.044 ms
Download: 123.94 Mbit/s
Upload: 5.64 Mbit/s
Wed Nov  8 05:45:02 CET 2017
Ping: 23.74 ms
Download: 127.18 Mbit/s
Upload: 5.48 Mbit/s
Wed Nov  8 06:45:01 CET 2017
Ping: 24.289 ms
Download: 109.94 Mbit/s
Upload: 5.64 Mbit/s
Wed Nov  8 07:45:01 CET 2017
Ping: 25.029 ms
Download: 128.63 Mbit/s
Upload: 5.64 Mbit/s
Wed Nov  8 08:45:01 CET 2017
Ping: 25.194 ms
Download: 127.50 Mbit/s
Upload: 5.62 Mbit/s
Wed Nov  8 09:45:02 CET 2017
Ping: 24.782 ms
Download: 122.17 Mbit/s
Upload: 5.12 Mbit/s
Wed Nov  8 10:45:01 CET 2017
Ping: 27.426 ms
Download: 124.78 Mbit/s
Upload: 5.40 Mbit/s
Wed Nov  8 11:45:01 CET 2017
Ping: 27.402 ms
Download: 110.87 Mbit/s
Upload: 5.56 Mbit/s
Wed Nov  8 12:45:01 CET 2017
Ping: 25.714 ms
Download: 120.55 Mbit/s
Upload: 5.66 Mbit/s
Wed Nov  8 13:45:01 CET 2017
Ping: 27.215 ms
Download: 117.17 Mbit/s
Upload: 5.63 Mbit/s
Wed Nov  8 14:45:01 CET 2017
Ping: 25.22 ms
Download: 124.29 Mbit/s
Upload: 5.66 Mbit/s
Wed Nov  8 15:45:02 CET 2017
Ping: 27.904 ms
Download: 114.18 Mbit/s
Upload: 5.21 Mbit/s
Wed Nov  8 16:45:01 CET 2017
Ping: 35.202 ms
Download: 82.41 Mbit/s
Upload: 5.57 Mbit/s
Wed Nov  8 17:45:01 CET 2017
Ping: 24.82 ms
Download: 127.11 Mbit/s
Upload: 5.46 Mbit/s
Wed Nov  8 18:45:01 CET 2017
Ping: 26.528 ms
Download: 125.23 Mbit/s
Upload: 5.63 Mbit/s
Wed Nov  8 19:45:01 CET 2017
Ping: 24.853 ms
Download: 119.32 Mbit/s
Upload: 5.68 Mbit/s
Wed Nov  8 20:45:01 CET 2017
Ping: 23.769 ms
Download: 122.43 Mbit/s
Upload: 5.48 Mbit/s
Wed Nov  8 21:45:01 CET 2017
Ping: 25.069 ms
Download: 127.59 Mbit/s
Upload: 5.61 Mbit/s
Wed Nov  8 22:45:01 CET 2017
Ping: 25.397 ms
Download: 125.17 Mbit/s
Upload: 5.58 Mbit/s
Wed Nov  8 23:45:01 CET 2017
Ping: 26.747 ms
Download: 109.08 Mbit/s
Upload: 5.60 Mbit/s
Thu Nov  9 00:45:01 CET 2017
Ping: 26.234 ms
Download: 128.18 Mbit/s
Upload: 5.65 Mbit/s
Thu Nov  9 01:45:01 CET 2017
Ping: 23.549 ms
Download: 121.16 Mbit/s
Upload: 5.69 Mbit/s
Thu Nov  9 02:45:01 CET 2017
Ping: 25.285 ms
Download: 113.05 Mbit/s
Upload: 5.57 Mbit/s
Thu Nov  9 03:45:01 CET 2017
Ping: 26.805 ms
Download: 126.59 Mbit/s
Upload: 5.44 Mbit/s
Thu Nov  9 04:45:01 CET 2017
Ping: 23.256 ms
Download: 124.45 Mbit/s
Upload: 5.64 Mbit/s
Thu Nov  9 05:45:01 CET 2017
Ping: 26.383 ms
Download: 116.68 Mbit/s
Upload: 5.65 Mbit/s
Thu Nov  9 06:45:01 CET 2017
Ping: 25.018 ms
Download: 127.46 Mbit/s
Upload: 5.40 Mbit/s
Thu Nov  9 07:45:01 CET 2017
Ping: 27.638 ms
Download: 125.68 Mbit/s
Upload: 5.50 Mbit/s
Thu Nov  9 08:45:01 CET 2017
Ping: 25.877 ms
Download: 124.65 Mbit/s
Upload: 5.29 Mbit/s
Thu Nov  9 09:45:01 CET 2017
Ping: 25.593 ms
Download: 125.80 Mbit/s
Upload: 5.62 Mbit/s
Thu Nov  9 10:45:01 CET 2017
Ping: 27.051 ms
Download: 121.33 Mbit/s
Upload: 5.58 Mbit/s
Thu Nov  9 11:45:01 CET 2017
Ping: 24.57 ms
Download: 122.47 Mbit/s
Upload: 5.65 Mbit/s
Thu Nov  9 12:45:01 CET 2017
Ping: 24.871 ms
Download: 125.77 Mbit/s
Upload: 5.67 Mbit/s
Thu Nov  9 13:45:01 CET 2017
Ping: 26.483 ms
Download: 124.28 Mbit/s
Upload: 5.67 Mbit/s
Thu Nov  9 14:45:01 CET 2017
Ping: 25.424 ms
Download: 125.35 Mbit/s
Upload: 5.51 Mbit/s
Thu Nov  9 15:45:01 CET 2017
Ping: 26.002 ms
Download: 122.98 Mbit/s
Upload: 5.62 Mbit/s
Thu Nov  9 16:45:01 CET 2017
Ping: 25.02 ms
Download: 127.71 Mbit/s
Upload: 5.57 Mbit/s
Thu Nov  9 17:45:01 CET 2017
Ping: 24.872 ms
Download: 126.49 Mbit/s
Upload: 5.45 Mbit/s
Thu Nov  9 18:45:01 CET 2017
Ping: 23.68 ms
Download: 103.81 Mbit/s
Upload: 5.62 Mbit/s
Thu Nov  9 19:45:01 CET 2017
Ping: 26.532 ms
Download: 112.33 Mbit/s
Upload: 5.62 Mbit/s
Thu Nov  9 20:45:01 CET 2017
Ping: 24.87 ms
Download: 112.95 Mbit/s
Upload: 5.54 Mbit/s
Thu Nov  9 21:45:01 CET 2017
Ping: 25.444 ms
Download: 123.01 Mbit/s
Upload: 5.48 Mbit/s
Thu Nov  9 22:45:01 CET 2017
Ping: 29.153 ms
Download: 110.39 Mbit/s
Upload: 5.42 Mbit/s
Thu Nov  9 23:45:01 CET 2017
Ping: 25.289 ms
Download: 127.94 Mbit/s
Upload: 5.58 Mbit/s
Fri Nov 10 00:45:01 CET 2017
Ping: 25.767 ms
Download: 127.52 Mbit/s
Upload: 5.12 Mbit/s
Fri Nov 10 01:45:01 CET 2017
Ping: 26.137 ms
Download: 114.04 Mbit/s
Upload: 5.43 Mbit/s
Fri Nov 10 02:45:01 CET 2017
Ping: 24.864 ms
Download: 117.23 Mbit/s
Upload: 5.53 Mbit/s
Fri Nov 10 03:45:01 CET 2017
Ping: 26.12 ms
Download: 117.84 Mbit/s
Upload: 5.57 Mbit/s
Fri Nov 10 04:45:02 CET 2017
Ping: 24.19 ms
Download: 123.93 Mbit/s
Upload: 5.52 Mbit/s
Fri Nov 10 05:45:01 CET 2017
Ping: 23.699 ms
Download: 117.54 Mbit/s
Upload: 5.61 Mbit/s
Fri Nov 10 06:45:01 CET 2017
Ping: 28.598 ms
Download: 127.79 Mbit/s
Upload: 5.61 Mbit/s
Fri Nov 10 07:45:02 CET 2017
Ping: 25.82 ms
Download: 123.90 Mbit/s
Upload: 5.43 Mbit/s
Fri Nov 10 08:45:01 CET 2017
Ping: 27.42 ms
Download: 127.56 Mbit/s
Upload: 5.58 Mbit/s
Fri Nov 10 09:45:01 CET 2017
Ping: 24.987 ms
Download: 127.54 Mbit/s
Upload: 5.65 Mbit/s
Fri Nov 10 10:45:01 CET 2017
Ping: 24.522 ms
Download: 119.84 Mbit/s
Upload: 5.61 Mbit/s
Fri Nov 10 11:45:01 CET 2017
Ping: 24.25 ms
Download: 126.47 Mbit/s
Upload: 5.57 Mbit/s
Fri Nov 10 12:45:01 CET 2017
Ping: 27.009 ms
Download: 125.90 Mbit/s
Upload: 5.60 Mbit/s
Fri Nov 10 13:45:01 CET 2017
Ping: 26.396 ms
Download: 127.87 Mbit/s
Upload: 5.56 Mbit/s
Fri Nov 10 14:45:01 CET 2017
Ping: 27.098 ms
Download: 120.01 Mbit/s
Upload: 5.50 Mbit/s
Fri Nov 10 15:45:01 CET 2017
Ping: 27.182 ms
Download: 120.62 Mbit/s
Upload: 5.48 Mbit/s
Fri Nov 10 16:45:01 CET 2017
Ping: 26.488 ms
Download: 126.34 Mbit/s
Upload: 5.60 Mbit/s
Fri Nov 10 17:45:01 CET 2017
Ping: 25.804 ms
Download: 112.27 Mbit/s
Upload: 5.57 Mbit/s
Fri Nov 10 18:45:01 CET 2017
Ping: 25.044 ms
Download: 104.73 Mbit/s
Upload: 3.75 Mbit/s
Fri Nov 10 19:45:01 CET 2017
Ping: 25.044 ms
Download: 113.72 Mbit/s
Upload: 5.65 Mbit/s
Fri Nov 10 20:45:01 CET 2017
Ping: 24.085 ms
Download: 109.38 Mbit/s
Upload: 5.36 Mbit/s
Fri Nov 10 21:45:01 CET 2017
Ping: 24.679 ms
Download: 112.07 Mbit/s
Upload: 5.37 Mbit/s
Fri Nov 10 22:45:01 CET 2017
Ping: 27.927 ms
Download: 118.02 Mbit/s
Upload: 5.61 Mbit/s
Fri Nov 10 23:45:01 CET 2017
Ping: 26.447 ms
Download: 125.77 Mbit/s
Upload: 5.50 Mbit/s
Sat Nov 11 00:45:01 CET 2017
Ping: 25.793 ms
Download: 125.80 Mbit/s
Upload: 5.62 Mbit/s
Sat Nov 11 01:45:01 CET 2017
Ping: 28.751 ms
Download: 126.05 Mbit/s
Upload: 5.58 Mbit/s
Sat Nov 11 02:45:01 CET 2017
Ping: 24.502 ms
Download: 115.70 Mbit/s
Upload: 5.60 Mbit/s
Sat Nov 11 03:45:01 CET 2017
Could not retrieve speedtest.net configuration
Sat Nov 11 04:45:01 CET 2017
Ping: 26.398 ms
Download: 116.18 Mbit/s
Upload: 5.61 Mbit/s
Sat Nov 11 05:45:01 CET 2017
Ping: 23.717 ms
Download: 121.71 Mbit/s
Upload: 5.69 Mbit/s
Sat Nov 11 06:45:01 CET 2017
Ping: 26.173 ms
Download: 121.67 Mbit/s
Upload: 5.54 Mbit/s
Sat Nov 11 07:45:01 CET 2017
Ping: 25.095 ms
Download: 127.72 Mbit/s
Upload: 5.64 Mbit/s
Sat Nov 11 08:45:01 CET 2017
Ping: 26.691 ms
Download: 112.44 Mbit/s
Upload: 5.51 Mbit/s
Sat Nov 11 09:45:01 CET 2017
Ping: 26.782 ms
Download: 127.93 Mbit/s
Upload: 5.50 Mbit/s
Sat Nov 11 10:45:02 CET 2017
Ping: 25.061 ms
Download: 120.60 Mbit/s
Upload: 5.63 Mbit/s
Sat Nov 11 11:45:01 CET 2017
Ping: 25.776 ms
Download: 126.27 Mbit/s
Upload: 5.55 Mbit/s
Sat Nov 11 12:45:01 CET 2017
Ping: 24.715 ms
Download: 127.94 Mbit/s
Upload: 5.55 Mbit/s
Sat Nov 11 13:45:01 CET 2017
Ping: 27.043 ms
Download: 113.13 Mbit/s
Upload: 5.45 Mbit/s
Sat Nov 11 14:45:01 CET 2017
Ping: 24.651 ms
Download: 123.56 Mbit/s
Upload: 5.64 Mbit/s
Sat Nov 11 15:45:02 CET 2017
Ping: 25.594 ms
Download: 127.19 Mbit/s
Upload: 5.66 Mbit/s
Sat Nov 11 16:45:01 CET 2017
Ping: 24.712 ms
Download: 122.99 Mbit/s
Upload: 5.46 Mbit/s
Sat Nov 11 17:45:01 CET 2017
Ping: 28.165 ms
Download: 78.11 Mbit/s
Upload: 5.42 Mbit/s
Sat Nov 11 18:45:01 CET 2017
Ping: 26.389 ms
Download: 120.39 Mbit/s
Upload: 5.60 Mbit/s
Sat Nov 11 19:45:01 CET 2017
Ping: 29.863 ms
Download: 118.12 Mbit/s
Upload: 5.50 Mbit/s
Sat Nov 11 20:45:01 CET 2017
Ping: 24.725 ms
Download: 112.39 Mbit/s
Upload: 5.39 Mbit/s
Sat Nov 11 21:45:01 CET 2017
Ping: 26.377 ms
Download: 122.23 Mbit/s
Upload: 5.56 Mbit/s
Sat Nov 11 22:45:01 CET 2017
Ping: 27.816 ms
Download: 123.14 Mbit/s
Upload: 5.61 Mbit/s
Sat Nov 11 23:45:01 CET 2017
Ping: 24.73 ms
Download: 112.38 Mbit/s
Upload: 5.68 Mbit/s
Sun Nov 12 00:45:01 CET 2017
Ping: 25.834 ms
Download: 112.78 Mbit/s
Upload: 4.36 Mbit/s
Sun Nov 12 01:45:01 CET 2017
Ping: 26.519 ms
Download: 110.41 Mbit/s
Upload: 5.64 Mbit/s
Sun Nov 12 02:45:01 CET 2017
Ping: 23.192 ms
Download: 124.63 Mbit/s
Upload: 5.47 Mbit/s
Sun Nov 12 03:45:01 CET 2017
Ping: 26.402 ms
Download: 127.86 Mbit/s
Upload: 5.67 Mbit/s
Sun Nov 12 04:45:01 CET 2017
Ping: 23.469 ms
Download: 122.35 Mbit/s
Upload: 4.82 Mbit/s
Sun Nov 12 05:45:01 CET 2017
Ping: 26.657 ms
Download: 128.12 Mbit/s
Upload: 5.61 Mbit/s
Sun Nov 12 06:45:01 CET 2017
Ping: 24.928 ms
Download: 126.88 Mbit/s
Upload: 5.67 Mbit/s
Sun Nov 12 07:45:01 CET 2017
Ping: 26.369 ms
Download: 125.09 Mbit/s
Upload: 5.34 Mbit/s
Sun Nov 12 08:45:01 CET 2017
Ping: 26.962 ms
Download: 123.99 Mbit/s
Upload: 5.55 Mbit/s
Sun Nov 12 09:45:01 CET 2017
Ping: 25.94 ms
Download: 116.07 Mbit/s
Upload: 5.53 Mbit/s
Sun Nov 12 10:45:01 CET 2017
Ping: 27.176 ms
Download: 114.92 Mbit/s
Upload: 5.49 Mbit/s
Sun Nov 12 11:45:01 CET 2017
Ping: 25.05 ms
Download: 127.46 Mbit/s
Upload: 5.64 Mbit/s
Sun Nov 12 12:45:01 CET 2017
Ping: 27.707 ms
Download: 126.32 Mbit/s
Upload: 5.52 Mbit/s
Sun Nov 12 13:45:01 CET 2017
Ping: 26.376 ms
Download: 126.37 Mbit/s
Upload: 5.46 Mbit/s
Sun Nov 12 14:45:01 CET 2017
Ping: 27.961 ms
Download: 116.63 Mbit/s
Upload: 5.43 Mbit/s
Sun Nov 12 15:45:01 CET 2017
Ping: 26.126 ms
Download: 127.13 Mbit/s
Upload: 5.46 Mbit/s
Sun Nov 12 16:45:01 CET 2017
Ping: 27.379 ms
Download: 116.97 Mbit/s
Upload: 4.65 Mbit/s
Sun Nov 12 17:45:01 CET 2017
Ping: 26.191 ms
Download: 125.27 Mbit/s
Upload: 5.58 Mbit/s
Sun Nov 12 18:45:01 CET 2017
Ping: 28.074 ms
Download: 121.03 Mbit/s
Upload: 5.26 Mbit/s
Sun Nov 12 19:45:01 CET 2017
Ping: 31.779 ms
Download: 123.79 Mbit/s
Upload: 5.61 Mbit/s
Sun Nov 12 20:45:01 CET 2017
Ping: 25.119 ms
Download: 121.26 Mbit/s
Upload: 5.59 Mbit/s
Sun Nov 12 21:45:02 CET 2017
Ping: 25.414 ms
Download: 105.05 Mbit/s
Upload: 5.51 Mbit/s
Sun Nov 12 22:45:01 CET 2017
Ping: 24.869 ms
Download: 125.79 Mbit/s
Upload: 5.68 Mbit/s
Sun Nov 12 23:45:02 CET 2017
Ping: 26.663 ms
Download: 127.01 Mbit/s
Upload: 5.64 Mbit/s
Mon Nov 13 00:45:01 CET 2017
Ping: 27.694 ms
Download: 128.16 Mbit/s
Upload: 5.60 Mbit/s
Mon Nov 13 01:45:01 CET 2017
Ping: 26.719 ms
Download: 126.46 Mbit/s
Upload: 5.39 Mbit/s
Mon Nov 13 02:45:01 CET 2017
Ping: 24.804 ms
Download: 127.07 Mbit/s
Upload: 4.62 Mbit/s
Mon Nov 13 03:45:01 CET 2017
Ping: 24.538 ms
Download: 118.76 Mbit/s
Upload: 5.69 Mbit/s
Mon Nov 13 04:45:01 CET 2017
Ping: 24.431 ms
Download: 124.53 Mbit/s
Upload: 5.62 Mbit/s
Mon Nov 13 05:45:01 CET 2017
Ping: 25.892 ms
Download: 113.11 Mbit/s
Upload: 5.62 Mbit/s
Mon Nov 13 06:45:01 CET 2017
Ping: 26.186 ms
Download: 116.30 Mbit/s
Upload: 5.57 Mbit/s
Mon Nov 13 07:45:01 CET 2017
Ping: 25.383 ms
Download: 125.75 Mbit/s
Upload: 5.67 Mbit/s
Mon Nov 13 08:45:01 CET 2017
Ping: 25.781 ms
Download: 127.19 Mbit/s
Upload: 5.58 Mbit/s
Mon Nov 13 09:45:01 CET 2017
Ping: 25.047 ms
Download: 115.31 Mbit/s
Upload: 5.64 Mbit/s
Mon Nov 13 10:45:01 CET 2017
Ping: 26.373 ms
Download: 121.67 Mbit/s
Upload: 5.59 Mbit/s
Mon Nov 13 11:45:01 CET 2017
Ping: 26.377 ms
Download: 112.27 Mbit/s
Upload: 5.59 Mbit/s
Mon Nov 13 12:45:01 CET 2017
Ping: 26.258 ms
Download: 118.14 Mbit/s
Upload: 5.64 Mbit/s
Mon Nov 13 13:45:01 CET 2017
Ping: 25.248 ms
Download: 99.95 Mbit/s
Upload: 5.55 Mbit/s
Mon Nov 13 14:45:01 CET 2017
Ping: 26.743 ms
Download: 113.70 Mbit/s
Upload: 5.65 Mbit/s
Mon Nov 13 15:45:01 CET 2017
Ping: 26.467 ms
Download: 124.58 Mbit/s
Upload: 5.56 Mbit/s
Mon Nov 13 16:45:01 CET 2017
Ping: 26.363 ms
Download: 126.65 Mbit/s
Upload: 5.53 Mbit/s
Mon Nov 13 17:45:01 CET 2017
Ping: 27.797 ms
Download: 91.83 Mbit/s
Upload: 5.59 Mbit/s
Mon Nov 13 18:45:01 CET 2017
Ping: 25.214 ms
Download: 111.44 Mbit/s
Upload: 5.56 Mbit/s
Mon Nov 13 19:45:01 CET 2017
Ping: 27.712 ms
Download: 124.89 Mbit/s
Upload: 5.65 Mbit/s
Mon Nov 13 20:45:01 CET 2017
Ping: 25.047 ms
Download: 124.33 Mbit/s
Upload: 5.61 Mbit/s
Mon Nov 13 21:45:01 CET 2017
Ping: 25.866 ms
Download: 113.75 Mbit/s
Upload: 5.64 Mbit/s
Mon Nov 13 22:45:01 CET 2017
Ping: 26.945 ms
Download: 124.42 Mbit/s
Upload: 5.50 Mbit/s
Mon Nov 13 23:45:01 CET 2017
Ping: 25.628 ms
Download: 127.81 Mbit/s
Upload: 5.64 Mbit/s
Tue Nov 14 00:45:02 CET 2017
Ping: 27.72 ms
Download: 114.64 Mbit/s
Upload: 5.64 Mbit/s
Tue Nov 14 01:45:01 CET 2017
Ping: 25.447 ms
Download: 127.95 Mbit/s
Upload: 5.18 Mbit/s
Tue Nov 14 02:45:01 CET 2017
Ping: 27.969 ms
Download: 127.51 Mbit/s
Upload: 5.29 Mbit/s
Tue Nov 14 03:45:01 CET 2017
Ping: 25.031 ms
Download: 127.49 Mbit/s
Upload: 5.60 Mbit/s
Tue Nov 14 04:45:01 CET 2017
Ping: 24.937 ms
Download: 123.23 Mbit/s
Upload: 5.62 Mbit/s
Tue Nov 14 05:45:01 CET 2017
Ping: 25.562 ms
Download: 127.17 Mbit/s
Upload: 5.58 Mbit/s
Tue Nov 14 06:45:01 CET 2017
Ping: 27.734 ms
Download: 122.92 Mbit/s
Upload: 5.68 Mbit/s
Tue Nov 14 07:45:01 CET 2017
Ping: 26.36 ms
Download: 119.12 Mbit/s
Upload: 5.60 Mbit/s
Tue Nov 14 08:45:01 CET 2017
Ping: 27.654 ms
Download: 126.67 Mbit/s
Upload: 5.58 Mbit/s
Tue Nov 14 09:45:01 CET 2017
Ping: 25.352 ms
Download: 127.90 Mbit/s
Upload: 5.59 Mbit/s
Tue Nov 14 10:45:01 CET 2017
Ping: 27.473 ms
Download: 123.27 Mbit/s
Upload: 5.65 Mbit/s
Tue Nov 14 11:45:01 CET 2017
Ping: 26.377 ms
Download: 116.50 Mbit/s
Upload: 4.31 Mbit/s
Tue Nov 14 12:45:01 CET 2017
Ping: 25.054 ms
Download: 115.72 Mbit/s
Upload: 5.56 Mbit/s
Tue Nov 14 13:45:01 CET 2017
Ping: 26.344 ms
Download: 126.99 Mbit/s
Upload: 5.67 Mbit/s
Tue Nov 14 14:45:02 CET 2017
Ping: 27.882 ms
Download: 120.85 Mbit/s
Upload: 5.53 Mbit/s
Tue Nov 14 15:45:01 CET 2017
Ping: 25.312 ms
Download: 126.52 Mbit/s
Upload: 5.63 Mbit/s
Tue Nov 14 16:45:01 CET 2017
Ping: 26.389 ms
Download: 123.92 Mbit/s
Upload: 5.60 Mbit/s
Tue Nov 14 17:45:01 CET 2017
Ping: 23.798 ms
Download: 122.34 Mbit/s
Upload: 5.63 Mbit/s
Tue Nov 14 18:45:01 CET 2017
Ping: 28.284 ms
Download: 119.80 Mbit/s
Upload: 4.80 Mbit/s
Tue Nov 14 19:45:02 CET 2017
Ping: 27.709 ms
Download: 123.97 Mbit/s
Upload: 5.05 Mbit/s
Tue Nov 14 20:45:01 CET 2017
Ping: 25.279 ms
Download: 105.69 Mbit/s
Upload: 5.54 Mbit/s
Tue Nov 14 21:45:02 CET 2017
Ping: 26.376 ms
Download: 125.45 Mbit/s
Upload: 5.55 Mbit/s
Tue Nov 14 22:45:01 CET 2017
Ping: 27.814 ms
Download: 117.36 Mbit/s
Upload: 5.59 Mbit/s
Tue Nov 14 23:45:01 CET 2017
Ping: 28.517 ms
Download: 107.89 Mbit/s
Upload: 5.70 Mbit/s
Wed Nov 15 00:45:01 CET 2017
Could not retrieve speedtest.net configuration
Wed Nov 15 01:45:01 CET 2017
Ping: 28.474 ms
Download: 126.42 Mbit/s
Upload: 5.62 Mbit/s
Wed Nov 15 02:45:01 CET 2017
Ping: 23.625 ms
Download: 119.16 Mbit/s
Upload: 5.66 Mbit/s
Wed Nov 15 03:45:02 CET 2017
Ping: 25.292 ms
Download: 125.58 Mbit/s
Upload: 5.68 Mbit/s
Wed Nov 15 04:45:01 CET 2017
Ping: 23.656 ms
Download: 124.34 Mbit/s
Upload: 5.63 Mbit/s
Wed Nov 15 05:45:01 CET 2017
Ping: 25.356 ms
Download: 99.58 Mbit/s
Upload: 5.36 Mbit/s
Wed Nov 15 06:45:01 CET 2017
Ping: 26.293 ms
Download: 124.61 Mbit/s
Upload: 5.58 Mbit/s
Wed Nov 15 07:45:01 CET 2017
Ping: 27.627 ms
Download: 124.15 Mbit/s
Upload: 5.13 Mbit/s
Wed Nov 15 08:45:01 CET 2017
Ping: 25.734 ms
Download: 116.65 Mbit/s
Upload: 5.58 Mbit/s
Wed Nov 15 09:45:01 CET 2017
Ping: 26.213 ms
Download: 112.63 Mbit/s
Upload: 5.57 Mbit/s
Wed Nov 15 10:45:02 CET 2017
Ping: 25.945 ms
Download: 123.03 Mbit/s
Upload: 5.43 Mbit/s
Wed Nov 15 11:45:01 CET 2017
Ping: 26.66 ms
Download: 114.54 Mbit/s
Upload: 5.47 Mbit/s
Wed Nov 15 12:45:01 CET 2017
Ping: 25.34 ms
Download: 110.09 Mbit/s
Upload: 5.66 Mbit/s
Wed Nov 15 13:45:01 CET 2017
Ping: 24.956 ms
Download: 126.26 Mbit/s
Upload: 4.86 Mbit/s
Wed Nov 15 14:45:01 CET 2017
Ping: 26.302 ms
Download: 127.44 Mbit/s
Upload: 5.61 Mbit/s
Wed Nov 15 15:45:01 CET 2017
Ping: 25.42 ms
Download: 127.68 Mbit/s
Upload: 5.62 Mbit/s
Wed Nov 15 16:45:01 CET 2017
Ping: 25.586 ms
Download: 115.74 Mbit/s
Upload: 5.52 Mbit/s
Wed Nov 15 17:45:01 CET 2017
Ping: 25.768 ms
Download: 123.99 Mbit/s
Upload: 5.59 Mbit/s
Wed Nov 15 18:45:02 CET 2017
Ping: 24.393 ms
Download: 123.60 Mbit/s
Upload: 5.49 Mbit/s
Wed Nov 15 19:45:01 CET 2017
Ping: 27.307 ms
Download: 126.02 Mbit/s
Upload: 5.29 Mbit/s
Wed Nov 15 20:45:02 CET 2017
Ping: 26.93 ms
Download: 123.25 Mbit/s
Upload: 5.43 Mbit/s
Wed Nov 15 21:45:01 CET 2017
Ping: 27.157 ms
Download: 125.70 Mbit/s
Upload: 5.37 Mbit/s
Wed Nov 15 22:45:01 CET 2017
Ping: 26.248 ms
Download: 119.43 Mbit/s
Upload: 5.58 Mbit/s
Wed Nov 15 23:45:01 CET 2017
Ping: 25.287 ms
Download: 104.96 Mbit/s
Upload: 5.64 Mbit/s
Thu Nov 16 00:45:01 CET 2017
Ping: 26.281 ms
Download: 120.81 Mbit/s
Upload: 5.41 Mbit/s
Thu Nov 16 01:45:01 CET 2017
Ping: 27.881 ms
Download: 112.46 Mbit/s
Upload: 5.58 Mbit/s
Thu Nov 16 02:45:01 CET 2017
Ping: 28.728 ms
Download: 117.16 Mbit/s
Upload: 5.63 Mbit/s
Thu Nov 16 03:45:01 CET 2017
Ping: 26.559 ms
Download: 126.88 Mbit/s
Upload: 5.27 Mbit/s
Thu Nov 16 04:45:01 CET 2017
Ping: 24.935 ms
Download: 109.89 Mbit/s
Upload: 4.87 Mbit/s
Thu Nov 16 05:45:01 CET 2017
Ping: 27.828 ms
Download: 124.17 Mbit/s
Upload: 5.59 Mbit/s
Thu Nov 16 06:45:02 CET 2017
Ping: 27.113 ms
Download: 122.10 Mbit/s
Upload: 5.62 Mbit/s
Thu Nov 16 07:45:01 CET 2017
Ping: 26.274 ms
Download: 110.80 Mbit/s
Upload: 5.65 Mbit/s
Thu Nov 16 08:45:01 CET 2017
Ping: 24.452 ms
Download: 126.05 Mbit/s
Upload: 5.36 Mbit/s
Thu Nov 16 09:45:01 CET 2017
Ping: 23.793 ms
Download: 128.40 Mbit/s
Upload: 5.60 Mbit/s
Thu Nov 16 10:45:01 CET 2017
Ping: 25.729 ms
Download: 123.29 Mbit/s
Upload: 5.62 Mbit/s
Thu Nov 16 11:45:01 CET 2017
Ping: 26.136 ms
Download: 124.67 Mbit/s
Upload: 5.62 Mbit/s
Thu Nov 16 12:45:01 CET 2017
Ping: 24.953 ms
Download: 117.58 Mbit/s
Upload: 5.63 Mbit/s
Thu Nov 16 13:45:01 CET 2017
Ping: 27.308 ms
Download: 126.50 Mbit/s
Upload: 5.45 Mbit/s
Thu Nov 16 14:45:01 CET 2017
Ping: 25.909 ms
Download: 125.54 Mbit/s
Upload: 5.53 Mbit/s
Thu Nov 16 15:45:01 CET 2017
Ping: 26.305 ms
Download: 118.00 Mbit/s
Upload: 5.67 Mbit/s
Thu Nov 16 16:45:01 CET 2017
Ping: 25.295 ms
Download: 125.34 Mbit/s
Upload: 5.52 Mbit/s
Thu Nov 16 17:45:01 CET 2017
Ping: 27.563 ms
Download: 124.41 Mbit/s
Upload: 5.53 Mbit/s
Thu Nov 16 18:45:01 CET 2017
Ping: 25.355 ms
Download: 127.87 Mbit/s
Upload: 5.61 Mbit/s
Thu Nov 16 19:45:01 CET 2017
Ping: 25.843 ms
Download: 127.43 Mbit/s
Upload: 5.55 Mbit/s
Thu Nov 16 20:45:02 CET 2017
Ping: 25.808 ms
Download: 125.00 Mbit/s
Upload: 5.52 Mbit/s
Thu Nov 16 21:45:01 CET 2017
Ping: 25.302 ms
Download: 119.60 Mbit/s
Upload: 5.48 Mbit/s
Thu Nov 16 22:45:01 CET 2017
Ping: 27.618 ms
Download: 121.94 Mbit/s
Upload: 5.44 Mbit/s
Thu Nov 16 23:45:01 CET 2017
Ping: 26.253 ms
Download: 127.81 Mbit/s
Upload: 5.47 Mbit/s
Fri Nov 17 00:45:01 CET 2017
Ping: 25.859 ms
Download: 115.05 Mbit/s
Upload: 5.51 Mbit/s
Fri Nov 17 01:45:01 CET 2017
Ping: 24.962 ms
Download: 123.53 Mbit/s
Upload: 5.62 Mbit/s
Fri Nov 17 02:45:01 CET 2017
Ping: 27.611 ms
Download: 127.52 Mbit/s
Upload: 5.61 Mbit/s
Fri Nov 17 03:45:01 CET 2017
Ping: 23.133 ms
Download: 121.03 Mbit/s
Upload: 5.37 Mbit/s
Fri Nov 17 04:45:01 CET 2017
Ping: 26.295 ms
Download: 125.10 Mbit/s
Upload: 5.64 Mbit/s
Fri Nov 17 05:45:01 CET 2017
Ping: 26.407 ms
Download: 127.51 Mbit/s
Upload: 5.64 Mbit/s
Fri Nov 17 06:45:01 CET 2017
Ping: 24.945 ms
Download: 127.98 Mbit/s
Upload: 5.64 Mbit/s
Fri Nov 17 07:45:01 CET 2017
Ping: 24.296 ms
Download: 127.70 Mbit/s
Upload: 5.53 Mbit/s
Fri Nov 17 08:45:01 CET 2017
Ping: 26.197 ms
Download: 112.14 Mbit/s
Upload: 5.57 Mbit/s
Fri Nov 17 09:45:01 CET 2017
Ping: 24.933 ms
Download: 120.35 Mbit/s
Upload: 5.61 Mbit/s
Fri Nov 17 10:45:01 CET 2017
Ping: 26.392 ms
Download: 118.68 Mbit/s
Upload: 5.44 Mbit/s
Fri Nov 17 11:45:01 CET 2017
Ping: 22.239 ms
Download: 126.89 Mbit/s
Upload: 5.56 Mbit/s
Fri Nov 17 12:45:01 CET 2017
Ping: 26.297 ms
Download: 106.57 Mbit/s
Upload: 5.64 Mbit/s
Fri Nov 17 13:45:01 CET 2017
Ping: 25.889 ms
Download: 128.31 Mbit/s
Upload: 5.68 Mbit/s
Fri Nov 17 14:45:01 CET 2017
Ping: 26.259 ms
Download: 124.96 Mbit/s
Upload: 5.30 Mbit/s
Fri Nov 17 15:45:01 CET 2017
Ping: 28.237 ms
Download: 117.73 Mbit/s
Upload: 5.54 Mbit/s
Fri Nov 17 16:45:01 CET 2017
Ping: 24.276 ms
Download: 113.08 Mbit/s
Upload: 5.65 Mbit/s
Fri Nov 17 17:45:01 CET 2017
Ping: 26.593 ms
Download: 128.18 Mbit/s
Upload: 5.47 Mbit/s
Fri Nov 17 18:45:01 CET 2017
Ping: 27.258 ms
Download: 125.58 Mbit/s
Upload: 5.56 Mbit/s
Fri Nov 17 19:45:01 CET 2017
Ping: 26.228 ms
Download: 120.29 Mbit/s
Upload: 5.48 Mbit/s
Fri Nov 17 20:45:01 CET 2017
Ping: 26.219 ms
Download: 122.36 Mbit/s
Upload: 5.53 Mbit/s
Fri Nov 17 21:45:01 CET 2017
Ping: 26.785 ms
Download: 125.73 Mbit/s
Upload: 5.59 Mbit/s
Fri Nov 17 22:45:01 CET 2017
Ping: 25.741 ms
Download: 113.14 Mbit/s
Upload: 5.63 Mbit/s
Fri Nov 17 23:45:02 CET 2017
Ping: 27.238 ms
Download: 123.37 Mbit/s
Upload: 5.68 Mbit/s
Sat Nov 18 00:45:01 CET 2017
Ping: 27.06 ms
Download: 127.99 Mbit/s
Upload: 5.58 Mbit/s
Sat Nov 18 01:45:01 CET 2017
Ping: 25.952 ms
Download: 117.74 Mbit/s
Upload: 5.36 Mbit/s
Sat Nov 18 02:45:01 CET 2017
Ping: 26.77 ms
Download: 126.85 Mbit/s
Upload: 5.59 Mbit/s
Sat Nov 18 03:45:01 CET 2017
Ping: 26.534 ms
Download: 123.31 Mbit/s
Upload: 5.39 Mbit/s
Sat Nov 18 04:45:01 CET 2017
Ping: 27.093 ms
Download: 126.56 Mbit/s
Upload: 5.65 Mbit/s
Sat Nov 18 05:45:01 CET 2017
Ping: 24.219 ms
Download: 121.30 Mbit/s
Upload: 5.48 Mbit/s
Sat Nov 18 06:45:01 CET 2017
Ping: 25.68 ms
Download: 125.63 Mbit/s
Upload: 5.64 Mbit/s
Sat Nov 18 07:45:01 CET 2017
Ping: 27.555 ms
Download: 113.48 Mbit/s
Upload: 5.63 Mbit/s
Sat Nov 18 08:45:01 CET 2017
Ping: 25.788 ms
Download: 122.38 Mbit/s
Upload: 5.61 Mbit/s
Sat Nov 18 09:45:01 CET 2017
Ping: 26.161 ms
Download: 102.61 Mbit/s
Upload: 5.29 Mbit/s
Sat Nov 18 10:45:01 CET 2017
Ping: 26.314 ms
Download: 119.15 Mbit/s
Upload: 5.47 Mbit/s
Sat Nov 18 11:45:01 CET 2017
Ping: 27.792 ms
Download: 94.96 Mbit/s
Upload: 3.58 Mbit/s
Sat Nov 18 12:45:01 CET 2017
Ping: 25.761 ms
Download: 123.03 Mbit/s
Upload: 5.46 Mbit/s
Sat Nov 18 13:45:01 CET 2017
Ping: 27.177 ms
Download: 103.26 Mbit/s
Upload: 5.56 Mbit/s
Sat Nov 18 14:45:01 CET 2017
Ping: 27.836 ms
Download: 117.70 Mbit/s
Upload: 5.30 Mbit/s
Sat Nov 18 15:45:01 CET 2017
Ping: 27.324 ms
Download: 124.50 Mbit/s
Upload: 5.51 Mbit/s
Sat Nov 18 16:45:01 CET 2017
Ping: 26.044 ms
Download: 119.84 Mbit/s
Upload: 5.51 Mbit/s
Sat Nov 18 17:45:01 CET 2017
Ping: 25.576 ms
Download: 123.72 Mbit/s
Upload: 5.53 Mbit/s
Sat Nov 18 18:45:01 CET 2017
Ping: 26.286 ms
Download: 117.75 Mbit/s
Upload: 5.55 Mbit/s
Sat Nov 18 19:45:01 CET 2017
Ping: 27.556 ms
Download: 115.52 Mbit/s
Upload: 5.65 Mbit/s
Sat Nov 18 20:45:01 CET 2017
Ping: 28.045 ms
Download: 105.80 Mbit/s
Upload: 5.58 Mbit/s
Sat Nov 18 21:45:01 CET 2017
Ping: 27.621 ms
Download: 113.95 Mbit/s
Upload: 5.53 Mbit/s
Sat Nov 18 22:45:01 CET 2017
Ping: 27.603 ms
Download: 119.11 Mbit/s
Upload: 5.43 Mbit/s
Sat Nov 18 23:45:01 CET 2017
Ping: 25.321 ms
Download: 125.36 Mbit/s
Upload: 5.53 Mbit/s
Sun Nov 19 00:45:01 CET 2017
Ping: 26.001 ms
Download: 124.55 Mbit/s
Upload: 5.51 Mbit/s
Sun Nov 19 01:45:01 CET 2017
Ping: 24.572 ms
Download: 122.02 Mbit/s
Upload: 5.16 Mbit/s
Sun Nov 19 02:45:01 CET 2017
Ping: 27.574 ms
Download: 107.21 Mbit/s
Upload: 5.64 Mbit/s
Sun Nov 19 03:45:01 CET 2017
Ping: 24.971 ms
Download: 125.65 Mbit/s
Upload: 5.61 Mbit/s
Sun Nov 19 04:45:01 CET 2017
Ping: 24.961 ms
Download: 121.00 Mbit/s
Upload: 5.53 Mbit/s
Sun Nov 19 05:45:01 CET 2017
Ping: 25.831 ms
Download: 117.75 Mbit/s
Upload: 5.65 Mbit/s
Sun Nov 19 06:45:01 CET 2017
Ping: 26.014 ms
Download: 120.91 Mbit/s
Upload: 5.63 Mbit/s
Sun Nov 19 07:45:01 CET 2017
Ping: 26.478 ms
Download: 114.84 Mbit/s
Upload: 5.60 Mbit/s
Sun Nov 19 08:45:01 CET 2017
Ping: 25.552 ms
Download: 127.70 Mbit/s
Upload: 5.65 Mbit/s
Sun Nov 19 09:45:01 CET 2017
Ping: 26.48 ms
Download: 126.28 Mbit/s
Upload: 5.55 Mbit/s
Sun Nov 19 10:45:01 CET 2017
Ping: 26.816 ms
Download: 120.99 Mbit/s
Upload: 5.63 Mbit/s
Sun Nov 19 11:45:01 CET 2017
Ping: 28.593 ms
Download: 125.48 Mbit/s
Upload: 5.59 Mbit/s
Sun Nov 19 12:45:01 CET 2017
Ping: 24.956 ms
Download: 118.89 Mbit/s
Upload: 5.62 Mbit/s
Sun Nov 19 13:45:01 CET 2017
Ping: 24.661 ms
Download: 122.61 Mbit/s
Upload: 5.57 Mbit/s
Sun Nov 19 14:45:02 CET 2017
Ping: 26.286 ms
Download: 116.23 Mbit/s
Upload: 5.62 Mbit/s
Sun Nov 19 15:45:01 CET 2017
Ping: 26.003 ms
Download: 118.03 Mbit/s
Upload: 5.65 Mbit/s
Sun Nov 19 16:45:01 CET 2017
Ping: 26.612 ms
Download: 109.52 Mbit/s
Upload: 5.40 Mbit/s
Sun Nov 19 17:45:01 CET 2017
Ping: 26.282 ms
Download: 123.76 Mbit/s
Upload: 5.55 Mbit/s
Sun Nov 19 18:45:01 CET 2017
Ping: 27.204 ms
Download: 126.72 Mbit/s
Upload: 5.56 Mbit/s
Sun Nov 19 19:45:01 CET 2017
Ping: 26.823 ms
Download: 112.18 Mbit/s
Upload: 5.63 Mbit/s
Sun Nov 19 20:45:01 CET 2017
Ping: 25.012 ms
Download: 105.78 Mbit/s
Upload: 5.52 Mbit/s
Sun Nov 19 21:45:02 CET 2017
Ping: 25.465 ms
Download: 113.55 Mbit/s
Upload: 5.48 Mbit/s
Sun Nov 19 22:45:01 CET 2017
Ping: 27.007 ms
Download: 121.65 Mbit/s
Upload: 5.64 Mbit/s
Sun Nov 19 23:45:02 CET 2017
Ping: 26.074 ms
Download: 117.76 Mbit/s
Upload: 5.16 Mbit/s
Mon Nov 20 00:45:01 CET 2017
Ping: 27.686 ms
Download: 120.39 Mbit/s
Upload: 5.65 Mbit/s
Mon Nov 20 01:45:01 CET 2017
Ping: 26.759 ms
Download: 116.49 Mbit/s
Upload: 5.69 Mbit/s
Mon Nov 20 02:45:01 CET 2017
Ping: 26.276 ms
Download: 127.20 Mbit/s
Upload: 5.53 Mbit/s
Mon Nov 20 03:45:01 CET 2017
Ping: 26.691 ms
Download: 120.93 Mbit/s
Upload: 5.45 Mbit/s
Mon Nov 20 04:45:01 CET 2017
Ping: 23.078 ms
Download: 127.56 Mbit/s
Upload: 4.39 Mbit/s
Mon Nov 20 05:45:01 CET 2017
Ping: 26.038 ms
Download: 111.84 Mbit/s
Upload: 5.62 Mbit/s
Mon Nov 20 06:45:01 CET 2017
Ping: 26.084 ms
Download: 120.39 Mbit/s
Upload: 5.55 Mbit/s
Mon Nov 20 07:45:01 CET 2017
Ping: 25.002 ms
Download: 105.00 Mbit/s
Upload: 5.44 Mbit/s
Mon Nov 20 08:45:02 CET 2017
Ping: 24.943 ms
Download: 127.03 Mbit/s
Upload: 5.63 Mbit/s
Mon Nov 20 09:45:01 CET 2017
Ping: 27.179 ms
Download: 127.68 Mbit/s
Upload: 5.61 Mbit/s
Mon Nov 20 10:45:01 CET 2017
Ping: 25.781 ms
Download: 111.05 Mbit/s
Upload: 5.60 Mbit/s
Mon Nov 20 11:45:01 CET 2017
Ping: 27.971 ms
Download: 128.22 Mbit/s
Upload: 5.61 Mbit/s
Mon Nov 20 12:45:01 CET 2017
Ping: 26.789 ms
Download: 128.09 Mbit/s
Upload: 5.65 Mbit/s
Mon Nov 20 13:45:01 CET 2017
Ping: 24.314 ms
Download: 118.12 Mbit/s
Upload: 5.51 Mbit/s
Mon Nov 20 14:45:01 CET 2017
Ping: 26.149 ms
Download: 120.22 Mbit/s
Upload: 5.49 Mbit/s
Mon Nov 20 15:45:01 CET 2017
Ping: 24.816 ms
Download: 117.96 Mbit/s
Upload: 5.54 Mbit/s
Mon Nov 20 16:45:01 CET 2017
Ping: 26.286 ms
Download: 126.44 Mbit/s
Upload: 5.60 Mbit/s
Mon Nov 20 17:45:01 CET 2017
Ping: 26.956 ms
Download: 123.43 Mbit/s
Upload: 5.18 Mbit/s
Mon Nov 20 18:45:01 CET 2017
Ping: 24.861 ms
Download: 122.40 Mbit/s
Upload: 5.18 Mbit/s
Mon Nov 20 19:45:01 CET 2017
Ping: 25.242 ms
Download: 126.27 Mbit/s
Upload: 5.56 Mbit/s
Mon Nov 20 20:45:01 CET 2017
Ping: 27.462 ms
Download: 112.30 Mbit/s
Upload: 5.57 Mbit/s
Mon Nov 20 21:45:01 CET 2017
Ping: 27.849 ms
Download: 122.26 Mbit/s
Upload: 5.54 Mbit/s
Mon Nov 20 22:45:01 CET 2017
Ping: 26.87 ms
Download: 126.35 Mbit/s
Upload: 4.11 Mbit/s
Mon Nov 20 23:45:01 CET 2017
Ping: 26.301 ms
Download: 125.70 Mbit/s
Upload: 5.47 Mbit/s
Tue Nov 21 00:45:01 CET 2017
Ping: 26.025 ms
Download: 117.30 Mbit/s
Upload: 5.50 Mbit/s
Tue Nov 21 01:45:01 CET 2017
Ping: 25.926 ms
Download: 122.14 Mbit/s
Upload: 5.47 Mbit/s
Tue Nov 21 02:45:01 CET 2017
Ping: 25.869 ms
Download: 127.56 Mbit/s
Upload: 5.60 Mbit/s
Tue Nov 21 03:45:01 CET 2017
Ping: 26.293 ms
Download: 123.50 Mbit/s
Upload: 5.60 Mbit/s
Tue Nov 21 04:45:01 CET 2017
Ping: 26.358 ms
Download: 127.73 Mbit/s
Upload: 5.58 Mbit/s
Tue Nov 21 05:45:01 CET 2017
Ping: 24.934 ms
Download: 128.10 Mbit/s
Upload: 5.68 Mbit/s
Tue Nov 21 06:45:01 CET 2017
Ping: 27.464 ms
Download: 123.73 Mbit/s
Upload: 5.53 Mbit/s
Tue Nov 21 07:45:01 CET 2017
Ping: 24.951 ms
Download: 127.43 Mbit/s
Upload: 5.35 Mbit/s
Tue Nov 21 08:45:02 CET 2017
Ping: 27.339 ms
Download: 116.44 Mbit/s
Upload: 5.55 Mbit/s
Tue Nov 21 09:45:01 CET 2017
Ping: 25.735 ms
Download: 109.12 Mbit/s
Upload: 5.54 Mbit/s
Tue Nov 21 10:45:01 CET 2017
Ping: 26.454 ms
Download: 124.25 Mbit/s
Upload: 5.61 Mbit/s
Tue Nov 21 11:45:01 CET 2017
Ping: 26.173 ms
Download: 117.86 Mbit/s
Upload: 5.35 Mbit/s
Tue Nov 21 12:45:01 CET 2017
Ping: 24.778 ms
Download: 116.96 Mbit/s
Upload: 5.50 Mbit/s
Tue Nov 21 13:45:01 CET 2017
Ping: 26.295 ms
Download: 127.25 Mbit/s
Upload: 5.62 Mbit/s
Tue Nov 21 14:45:01 CET 2017
Ping: 24.581 ms
Download: 126.97 Mbit/s
Upload: 5.32 Mbit/s
Tue Nov 21 15:45:01 CET 2017
Ping: 25.49 ms
Download: 127.64 Mbit/s
Upload: 5.61 Mbit/s
Tue Nov 21 16:45:01 CET 2017
Ping: 26.303 ms
Download: 121.10 Mbit/s
Upload: 5.49 Mbit/s
Tue Nov 21 17:45:01 CET 2017
Ping: 26.27 ms
Download: 127.74 Mbit/s
Upload: 5.55 Mbit/s
Tue Nov 21 18:45:01 CET 2017
Ping: 24.602 ms
Download: 121.57 Mbit/s
Upload: 5.38 Mbit/s
Tue Nov 21 19:45:01 CET 2017
Ping: 25.212 ms
Download: 120.38 Mbit/s
Upload: 5.56 Mbit/s
Tue Nov 21 20:45:01 CET 2017
Ping: 26.796 ms
Download: 113.63 Mbit/s
Upload: 5.53 Mbit/s
Tue Nov 21 21:45:01 CET 2017
Ping: 26.797 ms
Download: 96.85 Mbit/s
Upload: 5.57 Mbit/s
Tue Nov 21 22:45:01 CET 2017
Ping: 26.536 ms
Download: 124.42 Mbit/s
Upload: 5.43 Mbit/s
Tue Nov 21 23:45:01 CET 2017
Ping: 26.737 ms
Download: 126.82 Mbit/s
Upload: 5.55 Mbit/s
Wed Nov 22 00:45:01 CET 2017
Ping: 26.889 ms
Download: 128.07 Mbit/s
Upload: 5.65 Mbit/s
Wed Nov 22 01:45:01 CET 2017
Ping: 25.635 ms
Download: 127.74 Mbit/s
Upload: 5.60 Mbit/s
Wed Nov 22 02:45:01 CET 2017
Ping: 26.284 ms
Download: 125.79 Mbit/s
Upload: 5.70 Mbit/s
Wed Nov 22 03:45:01 CET 2017
Ping: 26.291 ms
Download: 124.07 Mbit/s
Upload: 5.55 Mbit/s
Wed Nov 22 04:45:01 CET 2017
Ping: 24.834 ms
Download: 122.28 Mbit/s
Upload: 5.62 Mbit/s
Wed Nov 22 05:45:01 CET 2017
Ping: 26.303 ms
Download: 119.74 Mbit/s
Upload: 5.68 Mbit/s
Wed Nov 22 06:45:01 CET 2017
Ping: 26.065 ms
Download: 121.92 Mbit/s
Upload: 5.65 Mbit/s
Wed Nov 22 07:45:01 CET 2017
Ping: 27.576 ms
Download: 111.72 Mbit/s
Upload: 4.72 Mbit/s
Wed Nov 22 08:45:02 CET 2017
Ping: 25.585 ms
Download: 109.56 Mbit/s
Upload: 5.52 Mbit/s
Wed Nov 22 09:45:01 CET 2017
Ping: 26.274 ms
Download: 125.44 Mbit/s
Upload: 5.57 Mbit/s
Wed Nov 22 10:45:01 CET 2017
Ping: 27.577 ms
Download: 115.72 Mbit/s
Upload: 5.56 Mbit/s
Wed Nov 22 11:45:01 CET 2017
Ping: 26.275 ms
Download: 125.80 Mbit/s
Upload: 5.53 Mbit/s
Wed Nov 22 12:45:01 CET 2017
Ping: 28.042 ms
Download: 116.14 Mbit/s
Upload: 5.68 Mbit/s
Wed Nov 22 13:45:01 CET 2017
Ping: 27.983 ms
Download: 125.37 Mbit/s
Upload: 5.58 Mbit/s
Wed Nov 22 14:45:01 CET 2017
Ping: 24.924 ms
Download: 104.94 Mbit/s
Upload: 5.45 Mbit/s
Wed Nov 22 15:45:02 CET 2017
Ping: 27.662 ms
Download: 124.07 Mbit/s
Upload: 5.39 Mbit/s
Wed Nov 22 16:45:01 CET 2017
Ping: 27.367 ms
Download: 127.67 Mbit/s
Upload: 5.42 Mbit/s
Wed Nov 22 17:45:02 CET 2017
Ping: 26.64 ms
Download: 86.41 Mbit/s
Upload: 5.51 Mbit/s
Wed Nov 22 18:45:01 CET 2017
Ping: 27.383 ms
Download: 102.26 Mbit/s
Upload: 5.58 Mbit/s
Wed Nov 22 19:45:01 CET 2017
Ping: 26.269 ms
Download: 117.22 Mbit/s
Upload: 5.60 Mbit/s
Wed Nov 22 20:45:01 CET 2017
Ping: 28.296 ms
Download: 115.74 Mbit/s
Upload: 5.48 Mbit/s
Wed Nov 22 21:45:01 CET 2017
Ping: 26.264 ms
Download: 104.40 Mbit/s
Upload: 5.55 Mbit/s
Wed Nov 22 22:45:01 CET 2017
Ping: 28.179 ms
Download: 111.36 Mbit/s
Upload: 5.47 Mbit/s
Wed Nov 22 23:45:01 CET 2017
Ping: 26.98 ms
Download: 118.89 Mbit/s
Upload: 5.54 Mbit/s
Thu Nov 23 00:45:01 CET 2017
Ping: 25.764 ms
Download: 126.39 Mbit/s
Upload: 5.64 Mbit/s
Thu Nov 23 01:45:01 CET 2017
Ping: 26.298 ms
Download: 125.43 Mbit/s
Upload: 5.32 Mbit/s
Thu Nov 23 02:45:01 CET 2017
Ping: 24.652 ms
Download: 125.90 Mbit/s
Upload: 5.69 Mbit/s
Thu Nov 23 03:45:01 CET 2017
Ping: 25.804 ms
Download: 126.68 Mbit/s
Upload: 5.58 Mbit/s
Thu Nov 23 04:45:01 CET 2017
Ping: 27.086 ms
Download: 127.84 Mbit/s
Upload: 5.56 Mbit/s
Thu Nov 23 05:45:01 CET 2017
Ping: 25.207 ms
Download: 115.34 Mbit/s
Upload: 5.20 Mbit/s
Thu Nov 23 06:45:02 CET 2017
Ping: 28.244 ms
Download: 124.59 Mbit/s
Upload: 5.10 Mbit/s
Thu Nov 23 07:45:01 CET 2017
Ping: 25.236 ms
Download: 127.20 Mbit/s
Upload: 5.55 Mbit/s
Thu Nov 23 08:45:01 CET 2017
Ping: 25.543 ms
Download: 120.42 Mbit/s
Upload: 5.42 Mbit/s
Thu Nov 23 09:45:01 CET 2017
Ping: 26.24 ms
Download: 122.65 Mbit/s
Upload: 5.64 Mbit/s
Thu Nov 23 10:45:01 CET 2017
Ping: 24.959 ms
Download: 123.28 Mbit/s
Upload: 5.62 Mbit/s
Thu Nov 23 11:45:02 CET 2017
Ping: 26.293 ms
Download: 113.57 Mbit/s
Upload: 5.48 Mbit/s
Thu Nov 23 12:45:01 CET 2017
Ping: 22.794 ms
Download: 126.79 Mbit/s
Upload: 5.63 Mbit/s
Thu Nov 23 13:45:01 CET 2017
Ping: 24.114 ms
Download: 125.71 Mbit/s
Upload: 5.52 Mbit/s
Thu Nov 23 14:45:02 CET 2017
Ping: 24.735 ms
Download: 126.45 Mbit/s
Upload: 5.62 Mbit/s
Thu Nov 23 15:45:01 CET 2017
Ping: 26.272 ms
Download: 126.06 Mbit/s
Upload: 5.59 Mbit/s
Thu Nov 23 16:45:01 CET 2017
Ping: 26.235 ms
Download: 119.84 Mbit/s
Upload: 5.51 Mbit/s
Thu Nov 23 17:45:01 CET 2017
Ping: 25.151 ms
Download: 122.86 Mbit/s
Upload: 5.62 Mbit/s
Thu Nov 23 18:45:02 CET 2017
Ping: 23.738 ms
Download: 106.44 Mbit/s
Upload: 5.40 Mbit/s
Thu Nov 23 19:45:01 CET 2017
Ping: 24.976 ms
Download: 120.48 Mbit/s
Upload: 5.31 Mbit/s
Thu Nov 23 20:45:02 CET 2017
Ping: 26.981 ms
Download: 115.21 Mbit/s
Upload: 5.60 Mbit/s
Thu Nov 23 21:45:01 CET 2017
Ping: 26.368 ms
Download: 120.62 Mbit/s
Upload: 5.49 Mbit/s
Thu Nov 23 22:45:01 CET 2017
Ping: 27.27 ms
Download: 126.37 Mbit/s
Upload: 5.45 Mbit/s
Thu Nov 23 23:45:01 CET 2017
Ping: 26.507 ms
Download: 120.27 Mbit/s
Upload: 5.70 Mbit/s
Fri Nov 24 00:45:01 CET 2017
Ping: 25.769 ms
Download: 127.26 Mbit/s
Upload: 5.64 Mbit/s
Fri Nov 24 01:45:01 CET 2017
Ping: 25.532 ms
Download: 127.42 Mbit/s
Upload: 5.59 Mbit/s
Fri Nov 24 02:45:01 CET 2017
Ping: 26.274 ms
Download: 125.75 Mbit/s
Upload: 5.47 Mbit/s
Fri Nov 24 03:45:01 CET 2017
Ping: 25.683 ms
Download: 126.75 Mbit/s
Upload: 5.67 Mbit/s
Fri Nov 24 04:45:01 CET 2017
Ping: 24.542 ms
Download: 127.52 Mbit/s
Upload: 5.60 Mbit/s
Fri Nov 24 05:45:01 CET 2017
Ping: 25.072 ms
Download: 127.17 Mbit/s
Upload: 5.54 Mbit/s
Fri Nov 24 06:45:02 CET 2017
Ping: 25.204 ms
Download: 127.76 Mbit/s
Upload: 5.61 Mbit/s
Fri Nov 24 07:45:01 CET 2017
Ping: 24.298 ms
Download: 128.31 Mbit/s
Upload: 5.62 Mbit/s
Fri Nov 24 08:45:01 CET 2017
Ping: 24.639 ms
Download: 127.16 Mbit/s
Upload: 5.48 Mbit/s
Fri Nov 24 09:45:01 CET 2017
Ping: 25.271 ms
Download: 127.80 Mbit/s
Upload: 5.61 Mbit/s
Fri Nov 24 10:45:01 CET 2017
Ping: 24.87 ms
Download: 127.73 Mbit/s
Upload: 5.58 Mbit/s
Fri Nov 24 11:45:01 CET 2017
Ping: 30.915 ms
Download: 120.30 Mbit/s
Upload: 5.53 Mbit/s
Fri Nov 24 12:45:01 CET 2017
Ping: 24.944 ms
Download: 104.63 Mbit/s
Upload: 5.66 Mbit/s
Fri Nov 24 13:45:01 CET 2017
Ping: 25.517 ms
Download: 126.39 Mbit/s
Upload: 5.52 Mbit/s
Fri Nov 24 14:45:01 CET 2017
Ping: 24.54 ms
Download: 126.08 Mbit/s
Upload: 5.50 Mbit/s
Fri Nov 24 15:45:01 CET 2017
Ping: 26.395 ms
Download: 127.19 Mbit/s
Upload: 5.45 Mbit/s
Fri Nov 24 16:45:01 CET 2017
Ping: 26.282 ms
Download: 113.75 Mbit/s
Upload: 5.62 Mbit/s
Fri Nov 24 17:45:01 CET 2017
Ping: 26.408 ms
Download: 126.17 Mbit/s
Upload: 5.53 Mbit/s
Fri Nov 24 18:45:01 CET 2017
Ping: 26.398 ms
Download: 127.19 Mbit/s
Upload: 5.55 Mbit/s
Fri Nov 24 19:45:01 CET 2017
Ping: 25.583 ms
Download: 126.16 Mbit/s
Upload: 5.47 Mbit/s
Fri Nov 24 20:45:01 CET 2017
Ping: 26.376 ms
Download: 127.53 Mbit/s
Upload: 5.56 Mbit/s
Fri Nov 24 21:45:01 CET 2017
Ping: 26.687 ms
Download: 119.72 Mbit/s
Upload: 5.50 Mbit/s
Fri Nov 24 22:45:01 CET 2017
Ping: 25.872 ms
Download: 111.50 Mbit/s
Upload: 5.45 Mbit/s
Fri Nov 24 23:45:01 CET 2017
Ping: 27.052 ms
Download: 123.97 Mbit/s
Upload: 5.62 Mbit/s
Sat Nov 25 00:45:01 CET 2017
Ping: 26.278 ms
Download: 125.89 Mbit/s
Upload: 5.31 Mbit/s
Sat Nov 25 01:45:01 CET 2017
Ping: 24.8 ms
Download: 112.91 Mbit/s
Upload: 5.52 Mbit/s
Sat Nov 25 02:45:01 CET 2017
Ping: 24.527 ms
Download: 116.83 Mbit/s
Upload: 5.56 Mbit/s
Sat Nov 25 03:45:01 CET 2017
Ping: 25.647 ms
Download: 114.60 Mbit/s
Upload: 5.63 Mbit/s
Sat Nov 25 04:45:01 CET 2017
Ping: 24.938 ms
Download: 127.25 Mbit/s
Upload: 5.57 Mbit/s
Sat Nov 25 05:45:01 CET 2017
Ping: 24.527 ms
Download: 127.73 Mbit/s
Upload: 5.56 Mbit/s
Sat Nov 25 06:45:01 CET 2017
Ping: 26.282 ms
Download: 128.36 Mbit/s
Upload: 5.62 Mbit/s
Sat Nov 25 07:45:01 CET 2017
Ping: 24.999 ms
Download: 118.98 Mbit/s
Upload: 5.62 Mbit/s
Sat Nov 25 08:45:01 CET 2017
Ping: 27.945 ms
Download: 114.61 Mbit/s
Upload: 5.65 Mbit/s
Sat Nov 25 09:45:02 CET 2017
Ping: 25.887 ms
Download: 109.54 Mbit/s
Upload: 5.29 Mbit/s
Sat Nov 25 10:45:01 CET 2017
Ping: 25.112 ms
Download: 116.10 Mbit/s
Upload: 5.38 Mbit/s
Sat Nov 25 11:45:01 CET 2017
Ping: 26.256 ms
Download: 125.49 Mbit/s
Upload: 5.33 Mbit/s
Sat Nov 25 12:45:01 CET 2017
Ping: 26.882 ms
Download: 125.75 Mbit/s
Upload: 5.58 Mbit/s
Sat Nov 25 13:45:01 CET 2017
Ping: 26.984 ms
Download: 121.24 Mbit/s
Upload: 4.84 Mbit/s
Sat Nov 25 14:45:01 CET 2017
Ping: 26.293 ms
Download: 127.94 Mbit/s
Upload: 5.49 Mbit/s
Sat Nov 25 15:45:01 CET 2017
Ping: 24.931 ms
Download: 126.08 Mbit/s
Upload: 5.59 Mbit/s
Sat Nov 25 16:45:01 CET 2017
Ping: 25.302 ms
Download: 125.68 Mbit/s
Upload: 5.62 Mbit/s
Sat Nov 25 17:45:01 CET 2017
Ping: 24.756 ms
Download: 127.16 Mbit/s
Upload: 5.57 Mbit/s
Sat Nov 25 18:45:02 CET 2017
Ping: 26.285 ms
Download: 120.28 Mbit/s
Upload: 5.52 Mbit/s
Sat Nov 25 19:45:01 CET 2017
Ping: 26.213 ms
Download: 122.40 Mbit/s
Upload: 5.52 Mbit/s
Sat Nov 25 20:45:01 CET 2017
Ping: 26.42 ms
Download: 127.05 Mbit/s
Upload: 5.43 Mbit/s
Sat Nov 25 21:45:01 CET 2017
Ping: 26.289 ms
Download: 109.13 Mbit/s
Upload: 5.02 Mbit/s
Sat Nov 25 22:45:01 CET 2017
Ping: 27.61 ms
Download: 109.87 Mbit/s
Upload: 5.54 Mbit/s
Sat Nov 25 23:45:01 CET 2017
Ping: 24.934 ms
Download: 113.14 Mbit/s
Upload: 5.54 Mbit/s
Sun Nov 26 00:45:01 CET 2017
Ping: 28.268 ms
Download: 109.80 Mbit/s
Upload: 5.51 Mbit/s
Sun Nov 26 01:45:01 CET 2017
Ping: 24.714 ms
Download: 115.61 Mbit/s
Upload: 5.64 Mbit/s
Sun Nov 26 02:45:01 CET 2017
Ping: 25.544 ms
Download: 127.94 Mbit/s
Upload: 5.55 Mbit/s
Sun Nov 26 03:45:01 CET 2017
Ping: 25.085 ms
Download: 127.23 Mbit/s
Upload: 5.65 Mbit/s
Sun Nov 26 04:45:01 CET 2017
Ping: 23.781 ms
Download: 127.76 Mbit/s
Upload: 5.60 Mbit/s
Sun Nov 26 05:45:01 CET 2017
Ping: 25.308 ms
Download: 121.11 Mbit/s
Upload: 5.64 Mbit/s
Sun Nov 26 06:45:02 CET 2017
Ping: 24.894 ms
Download: 127.65 Mbit/s
Upload: 5.66 Mbit/s
Sun Nov 26 07:45:01 CET 2017
Ping: 24.469 ms
Download: 126.95 Mbit/s
Upload: 5.51 Mbit/s
Sun Nov 26 08:45:01 CET 2017
Ping: 24.832 ms
Download: 126.72 Mbit/s
Upload: 5.63 Mbit/s
Sun Nov 26 09:45:01 CET 2017
Ping: 25.358 ms
Download: 124.58 Mbit/s
Upload: 5.45 Mbit/s
Sun Nov 26 10:45:02 CET 2017
Ping: 25.775 ms
Download: 124.43 Mbit/s
Upload: 5.53 Mbit/s
Sun Nov 26 11:45:01 CET 2017
Ping: 26.264 ms
Download: 124.61 Mbit/s
Upload: 4.83 Mbit/s
Sun Nov 26 12:45:01 CET 2017
Ping: 25.686 ms
Download: 125.10 Mbit/s
Upload: 5.50 Mbit/s
Sun Nov 26 13:45:01 CET 2017
Ping: 25.17 ms
Download: 119.82 Mbit/s
Upload: 5.36 Mbit/s
Sun Nov 26 14:45:02 CET 2017
Ping: 25.554 ms
Download: 116.71 Mbit/s
Upload: 5.53 Mbit/s
Sun Nov 26 15:45:01 CET 2017
Ping: 25.534 ms
Download: 127.36 Mbit/s
Upload: 5.57 Mbit/s
Sun Nov 26 16:45:01 CET 2017
Ping: 24.003 ms
Download: 127.33 Mbit/s
Upload: 5.20 Mbit/s
Sun Nov 26 17:45:01 CET 2017
Ping: 25.056 ms
Download: 124.62 Mbit/s
Upload: 5.58 Mbit/s
Sun Nov 26 18:45:01 CET 2017
Ping: 27.082 ms
Download: 108.53 Mbit/s
Upload: 5.49 Mbit/s
Sun Nov 26 19:45:01 CET 2017
Ping: 23.794 ms
Download: 112.31 Mbit/s
Upload: 5.49 Mbit/s
Sun Nov 26 20:45:01 CET 2017
Ping: 24.689 ms
Download: 117.45 Mbit/s
Upload: 5.52 Mbit/s
Sun Nov 26 21:45:01 CET 2017
Ping: 28.562 ms
Download: 124.56 Mbit/s
Upload: 5.54 Mbit/s
Sun Nov 26 22:45:01 CET 2017
Ping: 24.944 ms
Download: 120.64 Mbit/s
Upload: 5.60 Mbit/s
Sun Nov 26 23:45:01 CET 2017
Ping: 24.365 ms
Download: 123.13 Mbit/s
Upload: 5.60 Mbit/s
Mon Nov 27 00:45:01 CET 2017
Ping: 25.465 ms
Download: 123.43 Mbit/s
Upload: 5.55 Mbit/s
Mon Nov 27 01:45:01 CET 2017
Ping: 26.334 ms
Download: 115.10 Mbit/s
Upload: 5.65 Mbit/s
Mon Nov 27 02:45:01 CET 2017
Ping: 24.991 ms
Download: 127.35 Mbit/s
Upload: 5.59 Mbit/s
Mon Nov 27 03:45:01 CET 2017
Ping: 25.834 ms
Download: 128.14 Mbit/s
Upload: 5.59 Mbit/s
Mon Nov 27 04:45:01 CET 2017
Ping: 24.191 ms
Download: 127.02 Mbit/s
Upload: 5.59 Mbit/s
Mon Nov 27 05:45:01 CET 2017
Ping: 24.694 ms
Download: 121.34 Mbit/s
Upload: 5.54 Mbit/s
Mon Nov 27 06:45:01 CET 2017
Ping: 25.154 ms
Download: 127.08 Mbit/s
Upload: 5.47 Mbit/s
Mon Nov 27 07:45:01 CET 2017
Ping: 25.468 ms
Download: 125.92 Mbit/s
Upload: 5.63 Mbit/s
Mon Nov 27 08:45:02 CET 2017
Ping: 26.226 ms
Download: 113.95 Mbit/s
Upload: 5.62 Mbit/s
Mon Nov 27 09:45:01 CET 2017
Ping: 27.18 ms
Download: 113.47 Mbit/s
Upload: 5.57 Mbit/s
Mon Nov 27 10:45:01 CET 2017
Ping: 25.074 ms
Download: 123.33 Mbit/s
Upload: 5.62 Mbit/s
Mon Nov 27 11:45:01 CET 2017
Ping: 24.582 ms
Download: 112.57 Mbit/s
Upload: 5.35 Mbit/s
Mon Nov 27 12:45:01 CET 2017
Ping: 25.87 ms
Download: 116.09 Mbit/s
Upload: 5.66 Mbit/s
Mon Nov 27 13:45:01 CET 2017
Ping: 25.891 ms
Download: 120.60 Mbit/s
Upload: 5.59 Mbit/s
Mon Nov 27 14:45:01 CET 2017
Ping: 25.742 ms
Download: 117.98 Mbit/s
Upload: 5.66 Mbit/s
Mon Nov 27 15:45:01 CET 2017
Ping: 27.407 ms
Download: 115.31 Mbit/s
Upload: 5.67 Mbit/s
Mon Nov 27 16:45:01 CET 2017
Ping: 26.875 ms
Download: 117.78 Mbit/s
Upload: 5.60 Mbit/s
Mon Nov 27 17:45:01 CET 2017
Ping: 24.856 ms
Download: 127.76 Mbit/s
Upload: 5.58 Mbit/s
Mon Nov 27 18:45:01 CET 2017
Ping: 26.279 ms
Download: 125.98 Mbit/s
Upload: 5.58 Mbit/s
Mon Nov 27 19:45:01 CET 2017
Ping: 29.697 ms
Download: 75.66 Mbit/s
Upload: 5.58 Mbit/s
Mon Nov 27 20:45:01 CET 2017
Ping: 26.293 ms
Download: 92.71 Mbit/s
Upload: 5.59 Mbit/s
Mon Nov 27 21:45:01 CET 2017
Ping: 26.284 ms
Download: 119.71 Mbit/s
Upload: 5.31 Mbit/s
Mon Nov 27 22:45:01 CET 2017
Ping: 27.346 ms
Download: 122.99 Mbit/s
Upload: 5.62 Mbit/s
Mon Nov 27 23:45:01 CET 2017
Ping: 27.071 ms
Download: 126.10 Mbit/s
Upload: 5.60 Mbit/s
Tue Nov 28 00:45:01 CET 2017
Ping: 24.665 ms
Download: 117.74 Mbit/s
Upload: 5.61 Mbit/s
Tue Nov 28 01:45:01 CET 2017
Ping: 26.811 ms
Download: 128.35 Mbit/s
Upload: 5.46 Mbit/s
Tue Nov 28 02:45:01 CET 2017
Ping: 26.502 ms
Download: 123.51 Mbit/s
Upload: 5.60 Mbit/s
Tue Nov 28 03:45:02 CET 2017
Ping: 26.266 ms
Download: 124.69 Mbit/s
Upload: 5.56 Mbit/s
Tue Nov 28 04:45:01 CET 2017
Ping: 26.844 ms
Download: 125.29 Mbit/s
Upload: 5.65 Mbit/s
Tue Nov 28 05:45:01 CET 2017
Ping: 24.785 ms
Download: 126.75 Mbit/s
Upload: 5.52 Mbit/s
Tue Nov 28 06:45:01 CET 2017
Ping: 25.325 ms
Download: 127.39 Mbit/s
Upload: 4.77 Mbit/s
Tue Nov 28 07:45:01 CET 2017
Ping: 25.051 ms
Download: 121.45 Mbit/s
Upload: 5.60 Mbit/s
Tue Nov 28 08:45:01 CET 2017
Ping: 26.776 ms
Download: 126.45 Mbit/s
Upload: 5.68 Mbit/s
Tue Nov 28 09:45:01 CET 2017
Ping: 26.617 ms
Download: 128.02 Mbit/s
Upload: 5.57 Mbit/s
Tue Nov 28 10:45:01 CET 2017
Ping: 27.725 ms
Download: 126.28 Mbit/s
Upload: 3.27 Mbit/s
Tue Nov 28 11:45:02 CET 2017
Ping: 25.249 ms
Download: 107.52 Mbit/s
Upload: 5.49 Mbit/s
Tue Nov 28 12:45:01 CET 2017
Ping: 23.546 ms
Download: 125.59 Mbit/s
Upload: 5.45 Mbit/s
Tue Nov 28 13:45:01 CET 2017
Ping: 26.471 ms
Download: 115.86 Mbit/s
Upload: 3.90 Mbit/s
Tue Nov 28 14:45:02 CET 2017
Ping: 26.154 ms
Download: 101.62 Mbit/s
Upload: 5.61 Mbit/s
Tue Nov 28 15:45:01 CET 2017
Ping: 24.775 ms
Download: 122.12 Mbit/s
Upload: 5.61 Mbit/s
Tue Nov 28 16:45:01 CET 2017
Ping: 26.165 ms
Download: 123.99 Mbit/s
Upload: 5.63 Mbit/s
Tue Nov 28 17:45:01 CET 2017
Ping: 25.856 ms
Download: 112.12 Mbit/s
Upload: 4.67 Mbit/s
Tue Nov 28 18:45:01 CET 2017
Ping: 25.907 ms
Download: 101.59 Mbit/s
Upload: 5.56 Mbit/s
Tue Nov 28 19:45:01 CET 2017
Ping: 26.283 ms
Download: 117.83 Mbit/s
Upload: 5.48 Mbit/s
Tue Nov 28 20:45:01 CET 2017
Ping: 27.628 ms
Download: 125.49 Mbit/s
Upload: 5.59 Mbit/s
Tue Nov 28 21:45:01 CET 2017
Ping: 25.259 ms
Download: 124.59 Mbit/s
Upload: 5.27 Mbit/s
Tue Nov 28 22:45:02 CET 2017
Ping: 26.275 ms
Download: 104.29 Mbit/s
Upload: 5.40 Mbit/s
Tue Nov 28 23:45:01 CET 2017
Ping: 26.021 ms
Download: 128.19 Mbit/s
Upload: 5.65 Mbit/s
Wed Nov 29 00:45:01 CET 2017
Ping: 24.589 ms
Download: 114.13 Mbit/s
Upload: 5.54 Mbit/s
Wed Nov 29 01:45:01 CET 2017
Ping: 25.604 ms
Download: 114.69 Mbit/s
Upload: 4.96 Mbit/s
Wed Nov 29 02:45:02 CET 2017
Ping: 25.584 ms
Download: 128.23 Mbit/s
Upload: 5.64 Mbit/s
Wed Nov 29 03:45:01 CET 2017
Ping: 26.298 ms
Download: 127.15 Mbit/s
Upload: 5.63 Mbit/s
Wed Nov 29 04:45:01 CET 2017
Ping: 26.294 ms
Download: 126.45 Mbit/s
Upload: 5.61 Mbit/s
Wed Nov 29 05:45:01 CET 2017
Ping: 24.237 ms
Download: 121.93 Mbit/s
Upload: 5.64 Mbit/s
Wed Nov 29 06:45:01 CET 2017
Ping: 27.595 ms
Download: 119.25 Mbit/s
Upload: 5.56 Mbit/s
Wed Nov 29 07:45:01 CET 2017
Ping: 24.153 ms
Download: 121.20 Mbit/s
Upload: 5.42 Mbit/s
Wed Nov 29 08:45:01 CET 2017
Ping: 26.361 ms
Download: 124.39 Mbit/s
Upload: 5.62 Mbit/s
Wed Nov 29 09:45:01 CET 2017
Could not retrieve speedtest.net configuration
Wed Nov 29 10:45:01 CET 2017
Ping: 24.922 ms
Download: 127.15 Mbit/s
Upload: 4.72 Mbit/s
Wed Nov 29 11:45:01 CET 2017
Ping: 25.277 ms
Download: 126.95 Mbit/s
Upload: 5.60 Mbit/s
Wed Nov 29 12:45:01 CET 2017
Ping: 24.949 ms
Download: 113.19 Mbit/s
Upload: 5.62 Mbit/s
Wed Nov 29 13:45:01 CET 2017
Ping: 25.686 ms
Download: 118.52 Mbit/s
Upload: 5.43 Mbit/s
Wed Nov 29 14:45:01 CET 2017
Ping: 26.289 ms
Download: 116.32 Mbit/s
Upload: 5.50 Mbit/s
Wed Nov 29 15:45:01 CET 2017
Ping: 24.307 ms
Download: 123.47 Mbit/s
Upload: 5.47 Mbit/s
Wed Nov 29 16:45:01 CET 2017
Ping: 25.054 ms
Download: 110.53 Mbit/s
Upload: 5.60 Mbit/s
Wed Nov 29 17:45:01 CET 2017
Ping: 23.718 ms
Download: 117.57 Mbit/s
Upload: 5.53 Mbit/s
Wed Nov 29 18:45:01 CET 2017
Ping: 25.006 ms
Download: 124.99 Mbit/s
Upload: 5.66 Mbit/s
Wed Nov 29 19:45:01 CET 2017
Ping: 23.858 ms
Download: 117.74 Mbit/s
Upload: 5.54 Mbit/s
Wed Nov 29 20:45:01 CET 2017
Ping: 23.69 ms
Download: 99.54 Mbit/s
Upload: 5.43 Mbit/s
Wed Nov 29 21:45:01 CET 2017
Ping: 27.602 ms
Download: 108.61 Mbit/s
Upload: 5.51 Mbit/s
Wed Nov 29 22:45:01 CET 2017
Ping: 24.959 ms
Download: 119.85 Mbit/s
Upload: 5.63 Mbit/s
Wed Nov 29 23:45:01 CET 2017
Ping: 24.979 ms
Download: 100.41 Mbit/s
Upload: 5.58 Mbit/s
Thu Nov 30 00:45:01 CET 2017
Ping: 27.075 ms
Download: 79.48 Mbit/s
Upload: 5.53 Mbit/s
Thu Nov 30 01:45:01 CET 2017
Ping: 23.624 ms
Download: 127.47 Mbit/s
Upload: 5.66 Mbit/s
Thu Nov 30 02:45:01 CET 2017
Ping: 26.212 ms
Download: 120.75 Mbit/s
Upload: 5.48 Mbit/s
Thu Nov 30 03:45:01 CET 2017
Ping: 26.524 ms
Download: 126.93 Mbit/s
Upload: 5.59 Mbit/s
Thu Nov 30 04:45:01 CET 2017
Ping: 26.316 ms
Download: 127.15 Mbit/s
Upload: 5.64 Mbit/s
Thu Nov 30 05:45:01 CET 2017
Ping: 26.456 ms
Download: 123.91 Mbit/s
Upload: 5.62 Mbit/s
Thu Nov 30 06:45:01 CET 2017
Ping: 24.489 ms
Download: 122.19 Mbit/s
Upload: 5.67 Mbit/s
Thu Nov 30 07:45:01 CET 2017
Ping: 24.781 ms
Download: 126.02 Mbit/s
Upload: 5.36 Mbit/s
Thu Nov 30 08:45:01 CET 2017
Ping: 24.578 ms
Download: 116.72 Mbit/s
Upload: 5.42 Mbit/s
Thu Nov 30 09:45:01 CET 2017
Ping: 26.29 ms
Download: 127.17 Mbit/s
Upload: 4.75 Mbit/s
Thu Nov 30 10:45:01 CET 2017
Ping: 25.494 ms
Download: 107.27 Mbit/s
Upload: 5.63 Mbit/s
Thu Nov 30 11:45:01 CET 2017
Ping: 23.617 ms
Download: 126.45 Mbit/s
Upload: 5.57 Mbit/s
Thu Nov 30 12:45:01 CET 2017
Ping: 27.809 ms
Download: 98.22 Mbit/s
Upload: 5.37 Mbit/s
Thu Nov 30 13:45:01 CET 2017
Ping: 29.416 ms
Download: 123.45 Mbit/s
Upload: 5.54 Mbit/s
Thu Nov 30 14:45:02 CET 2017
Ping: 26.555 ms
Download: 118.05 Mbit/s
Upload: 5.52 Mbit/s
Thu Nov 30 15:45:01 CET 2017
Ping: 26.222 ms
Download: 122.62 Mbit/s
Upload: 5.60 Mbit/s
Thu Nov 30 16:45:01 CET 2017
Ping: 25.923 ms
Download: 122.38 Mbit/s
Upload: 5.47 Mbit/s
Thu Nov 30 17:45:01 CET 2017
Ping: 24.822 ms
Download: 124.49 Mbit/s
Upload: 5.56 Mbit/s
Thu Nov 30 18:45:01 CET 2017
Ping: 27.423 ms
Download: 116.24 Mbit/s
Upload: 2.94 Mbit/s
Thu Nov 30 19:45:01 CET 2017
Ping: 28.994 ms
Download: 70.94 Mbit/s
Upload: 5.61 Mbit/s
Thu Nov 30 20:45:01 CET 2017
Ping: 27.944 ms
Download: 112.64 Mbit/s
Upload: 5.38 Mbit/s
Thu Nov 30 21:45:01 CET 2017
Ping: 25.806 ms
Download: 112.01 Mbit/s
Upload: 5.42 Mbit/s
Thu Nov 30 22:45:01 CET 2017
Ping: 25.708 ms
Download: 106.96 Mbit/s
Upload: 5.62 Mbit/s
Thu Nov 30 23:45:01 CET 2017
Ping: 27.927 ms
Download: 121.58 Mbit/s
Upload: 5.69 Mbit/s
