Sat Apr  1 00:45:01 CEST 2017
Ping: 24.791 ms
Download: 21.43 Mbit/s
Upload: 0.87 Mbit/s
Sat Apr  1 01:45:01 CEST 2017
Ping: 25.262 ms
Download: 19.30 Mbit/s
Upload: 0.85 Mbit/s
Sat Apr  1 02:45:01 CEST 2017
Ping: 27.618 ms
Download: 20.94 Mbit/s
Upload: 0.85 Mbit/s
Sat Apr  1 03:45:01 CEST 2017
Ping: 26.43 ms
Download: 21.42 Mbit/s
Upload: 0.86 Mbit/s
Sat Apr  1 04:45:02 CEST 2017
Ping: 26.421 ms
Download: 21.42 Mbit/s
Upload: 0.86 Mbit/s
Sat Apr  1 05:45:01 CEST 2017
Ping: 28.036 ms
Download: 21.46 Mbit/s
Upload: 0.86 Mbit/s
Sat Apr  1 06:45:01 CEST 2017
Ping: 23.741 ms
Download: 21.31 Mbit/s
Upload: 0.87 Mbit/s
Sat Apr  1 07:45:01 CEST 2017
Ping: 25.888 ms
Download: 21.45 Mbit/s
Upload: 0.87 Mbit/s
Sat Apr  1 08:45:02 CEST 2017
Ping: 26.613 ms
Download: 21.13 Mbit/s
Upload: 0.86 Mbit/s
Sat Apr  1 09:45:01 CEST 2017
Ping: 26.585 ms
Download: 15.30 Mbit/s
Upload: 0.69 Mbit/s
Sat Apr  1 10:45:01 CEST 2017
Ping: 24.042 ms
Download: 21.43 Mbit/s
Upload: 0.86 Mbit/s
Sat Apr  1 11:45:01 CEST 2017
Ping: 28.902 ms
Download: 15.99 Mbit/s
Upload: 0.72 Mbit/s
Sat Apr  1 12:45:01 CEST 2017
Ping: 28.003 ms
Download: 19.53 Mbit/s
Upload: 0.78 Mbit/s
Sat Apr  1 13:45:01 CEST 2017
Ping: 28.095 ms
Download: 21.40 Mbit/s
Upload: 0.86 Mbit/s
Sat Apr  1 14:45:01 CEST 2017
Ping: 56.382 ms
Download: 11.87 Mbit/s
Upload: 0.63 Mbit/s
Sat Apr  1 15:45:02 CEST 2017
Ping: 28.744 ms
Download: 15.45 Mbit/s
Upload: 0.69 Mbit/s
Sat Apr  1 16:45:01 CEST 2017
Ping: 27.624 ms
Download: 20.11 Mbit/s
Upload: 0.83 Mbit/s
Sat Apr  1 17:45:01 CEST 2017
Ping: 27.645 ms
Download: 16.42 Mbit/s
Upload: 0.63 Mbit/s
Sat Apr  1 18:45:01 CEST 2017
Ping: 27.613 ms
Download: 21.26 Mbit/s
Upload: 0.85 Mbit/s
Sat Apr  1 19:45:01 CEST 2017
Ping: 22.537 ms
Download: 21.46 Mbit/s
Upload: 0.86 Mbit/s
Sat Apr  1 20:45:01 CEST 2017
Ping: 26.436 ms
Download: 21.42 Mbit/s
Upload: 0.85 Mbit/s
Sat Apr  1 21:45:01 CEST 2017
Ping: 26.426 ms
Download: 21.24 Mbit/s
Upload: 0.82 Mbit/s
Sat Apr  1 22:45:01 CEST 2017
Ping: 28.226 ms
Download: 21.08 Mbit/s
Upload: 0.79 Mbit/s
Sat Apr  1 23:45:01 CEST 2017
Ping: 27.272 ms
Download: 21.38 Mbit/s
Upload: 0.86 Mbit/s
Sun Apr  2 00:45:01 CEST 2017
Ping: 27.281 ms
Download: 21.30 Mbit/s
Upload: 0.86 Mbit/s
Sun Apr  2 01:45:01 CEST 2017
Ping: 27.314 ms
Download: 21.45 Mbit/s
Upload: 0.87 Mbit/s
Sun Apr  2 02:45:01 CEST 2017
Ping: 26.567 ms
Download: 21.39 Mbit/s
Upload: 0.89 Mbit/s
Sun Apr  2 03:45:01 CEST 2017
Ping: 28.045 ms
Download: 21.43 Mbit/s
Upload: 0.87 Mbit/s
Sun Apr  2 04:45:01 CEST 2017
Ping: 28.432 ms
Download: 21.42 Mbit/s
Upload: 0.87 Mbit/s
Sun Apr  2 05:45:01 CEST 2017
Ping: 26.489 ms
Download: 21.45 Mbit/s
Upload: 0.87 Mbit/s
Sun Apr  2 06:45:01 CEST 2017
Ping: 30.651 ms
Download: 20.97 Mbit/s
Upload: 0.87 Mbit/s
Sun Apr  2 07:45:01 CEST 2017
Ping: 27.753 ms
Download: 21.05 Mbit/s
Upload: 0.81 Mbit/s
Sun Apr  2 08:45:01 CEST 2017
Ping: 27.258 ms
Download: 20.93 Mbit/s
Upload: 0.84 Mbit/s
Sun Apr  2 09:45:01 CEST 2017
Ping: 25.039 ms
Download: 21.39 Mbit/s
Upload: 0.86 Mbit/s
Sun Apr  2 10:45:01 CEST 2017
Ping: 27.648 ms
Download: 21.42 Mbit/s
Upload: 0.87 Mbit/s
Sun Apr  2 11:45:01 CEST 2017
Ping: 27.975 ms
Download: 21.09 Mbit/s
Upload: 0.84 Mbit/s
Sun Apr  2 12:45:01 CEST 2017
Ping: 26.194 ms
Download: 21.10 Mbit/s
Upload: 0.73 Mbit/s
Sun Apr  2 13:45:01 CEST 2017
Ping: 28.112 ms
Download: 21.43 Mbit/s
Upload: 0.83 Mbit/s
Sun Apr  2 14:45:01 CEST 2017
Ping: 26.404 ms
Download: 20.71 Mbit/s
Upload: 0.83 Mbit/s
Sun Apr  2 15:45:01 CEST 2017
Ping: 27.139 ms
Download: 6.05 Mbit/s
Upload: 0.85 Mbit/s
Sun Apr  2 16:45:01 CEST 2017
Ping: 26.005 ms
Download: 20.55 Mbit/s
Upload: 0.82 Mbit/s
Sun Apr  2 17:45:01 CEST 2017
Ping: 25.961 ms
Download: 20.78 Mbit/s
Upload: 0.74 Mbit/s
Sun Apr  2 18:45:01 CEST 2017
Ping: 26.703 ms
Download: 21.26 Mbit/s
Upload: 0.87 Mbit/s
Sun Apr  2 19:45:01 CEST 2017
Ping: 26.361 ms
Download: 19.23 Mbit/s
Upload: 0.74 Mbit/s
Sun Apr  2 20:45:01 CEST 2017
Ping: 28.028 ms
Download: 21.10 Mbit/s
Upload: 0.84 Mbit/s
Sun Apr  2 21:45:01 CEST 2017
Ping: 29.104 ms
Download: 21.45 Mbit/s
Upload: 0.87 Mbit/s
Sun Apr  2 22:45:01 CEST 2017
Ping: 27.674 ms
Download: 21.11 Mbit/s
Upload: 0.86 Mbit/s
Sun Apr  2 23:45:01 CEST 2017
Ping: 27.658 ms
Download: 21.43 Mbit/s
Upload: 0.87 Mbit/s
Mon Apr  3 00:45:01 CEST 2017
Ping: 26.664 ms
Download: 21.42 Mbit/s
Upload: 0.87 Mbit/s
Mon Apr  3 01:45:01 CEST 2017
Ping: 29.645 ms
Download: 21.39 Mbit/s
Upload: 0.87 Mbit/s
Mon Apr  3 02:45:01 CEST 2017
Ping: 24.049 ms
Download: 21.45 Mbit/s
Upload: 0.86 Mbit/s
Mon Apr  3 03:45:01 CEST 2017
Ping: 26.577 ms
Download: 21.43 Mbit/s
Upload: 0.87 Mbit/s
Mon Apr  3 04:45:01 CEST 2017
Ping: 24.76 ms
Download: 21.43 Mbit/s
Upload: 0.87 Mbit/s
Mon Apr  3 05:45:01 CEST 2017
Ping: 27.727 ms
Download: 21.45 Mbit/s
Upload: 0.87 Mbit/s
Mon Apr  3 06:45:01 CEST 2017
Ping: 26.938 ms
Download: 21.44 Mbit/s
Upload: 0.87 Mbit/s
Mon Apr  3 07:45:01 CEST 2017
Ping: 27.2 ms
Download: 21.45 Mbit/s
Upload: 0.86 Mbit/s
Mon Apr  3 08:45:01 CEST 2017
Ping: 26.626 ms
Download: 21.43 Mbit/s
Upload: 0.87 Mbit/s
Mon Apr  3 09:45:01 CEST 2017
Ping: 26.666 ms
Download: 15.94 Mbit/s
Upload: 0.79 Mbit/s
Mon Apr  3 10:45:01 CEST 2017
Ping: 28.926 ms
Download: 21.40 Mbit/s
Upload: 0.88 Mbit/s
Mon Apr  3 11:45:01 CEST 2017
Ping: 28.235 ms
Download: 19.17 Mbit/s
Upload: 0.64 Mbit/s
Mon Apr  3 12:45:01 CEST 2017
Ping: 27.013 ms
Download: 21.43 Mbit/s
Upload: 0.87 Mbit/s
Mon Apr  3 13:45:01 CEST 2017
Ping: 25.785 ms
Download: 18.86 Mbit/s
Upload: 0.77 Mbit/s
Mon Apr  3 14:45:01 CEST 2017
Ping: 27.686 ms
Download: 18.87 Mbit/s
Upload: 0.67 Mbit/s
Mon Apr  3 15:45:01 CEST 2017
Ping: 26.431 ms
Download: 21.40 Mbit/s
Upload: 0.87 Mbit/s
Mon Apr  3 16:45:01 CEST 2017
Ping: 29.172 ms
Download: 16.49 Mbit/s
Upload: 0.67 Mbit/s
Mon Apr  3 17:45:01 CEST 2017
Ping: 26.169 ms
Download: 21.43 Mbit/s
Upload: 0.86 Mbit/s
Mon Apr  3 18:45:02 CEST 2017
Ping: 27.56 ms
Download: 16.30 Mbit/s
Upload: 0.77 Mbit/s
Mon Apr  3 19:45:01 CEST 2017
Ping: 27.623 ms
Download: 21.37 Mbit/s
Upload: 0.75 Mbit/s
Mon Apr  3 20:45:01 CEST 2017
Ping: 27.885 ms
Download: 13.11 Mbit/s
Upload: 0.87 Mbit/s
Mon Apr  3 21:45:01 CEST 2017
Ping: 28.115 ms
Download: 21.43 Mbit/s
Upload: 0.87 Mbit/s
Mon Apr  3 22:45:01 CEST 2017
Ping: 28.165 ms
Download: 21.37 Mbit/s
Upload: 0.86 Mbit/s
Mon Apr  3 23:45:01 CEST 2017
Ping: 28.998 ms
Download: 21.12 Mbit/s
Upload: 0.84 Mbit/s
Tue Apr  4 00:45:01 CEST 2017
Ping: 27.759 ms
Download: 21.45 Mbit/s
Upload: 0.80 Mbit/s
Tue Apr  4 01:45:01 CEST 2017
Ping: 23.311 ms
Download: 21.43 Mbit/s
Upload: 0.87 Mbit/s
Tue Apr  4 02:45:01 CEST 2017
Ping: 26.91 ms
Download: 21.46 Mbit/s
Upload: 0.87 Mbit/s
Tue Apr  4 03:45:01 CEST 2017
Ping: 26.426 ms
Download: 21.43 Mbit/s
Upload: 0.87 Mbit/s
Tue Apr  4 04:45:01 CEST 2017
Ping: 24.417 ms
Download: 21.40 Mbit/s
Upload: 0.88 Mbit/s
Tue Apr  4 05:45:01 CEST 2017
Ping: 22.748 ms
Download: 21.43 Mbit/s
Upload: 0.86 Mbit/s
Tue Apr  4 06:45:01 CEST 2017
Ping: 28.115 ms
Download: 21.42 Mbit/s
Upload: 0.86 Mbit/s
Tue Apr  4 07:45:01 CEST 2017
Ping: 28.058 ms
Download: 19.52 Mbit/s
Upload: 0.73 Mbit/s
Tue Apr  4 08:45:01 CEST 2017
Ping: 28.808 ms
Download: 21.00 Mbit/s
Upload: 0.85 Mbit/s
Tue Apr  4 09:45:01 CEST 2017
Ping: 28.65 ms
Download: 21.14 Mbit/s
Upload: 0.84 Mbit/s
Tue Apr  4 10:45:01 CEST 2017
Ping: 26.446 ms
Download: 21.43 Mbit/s
Upload: 0.87 Mbit/s
Tue Apr  4 11:45:01 CEST 2017
Ping: 27.55 ms
Download: 20.69 Mbit/s
Upload: 0.84 Mbit/s
Tue Apr  4 12:45:01 CEST 2017
Ping: 27.052 ms
Download: 15.89 Mbit/s
Upload: 0.86 Mbit/s
Tue Apr  4 13:45:02 CEST 2017
Ping: 27.415 ms
Download: 19.01 Mbit/s
Upload: 0.80 Mbit/s
Tue Apr  4 14:45:01 CEST 2017
Ping: 26.429 ms
Download: 20.70 Mbit/s
Upload: 0.84 Mbit/s
Tue Apr  4 15:45:01 CEST 2017
Ping: 27.626 ms
Download: 21.43 Mbit/s
Upload: 0.87 Mbit/s
Tue Apr  4 16:45:01 CEST 2017
Ping: 23.775 ms
Download: 16.03 Mbit/s
Upload: 0.78 Mbit/s
Tue Apr  4 17:45:01 CEST 2017
Ping: 31.233 ms
Download: 20.80 Mbit/s
Upload: 0.85 Mbit/s
Tue Apr  4 18:45:01 CEST 2017
Ping: 27.782 ms
Download: 21.43 Mbit/s
Upload: 0.83 Mbit/s
Tue Apr  4 19:45:01 CEST 2017
Ping: 27.531 ms
Download: 20.55 Mbit/s
Upload: 0.83 Mbit/s
Tue Apr  4 20:45:01 CEST 2017
Ping: 28.043 ms
Download: 21.43 Mbit/s
Upload: 0.86 Mbit/s
Tue Apr  4 21:45:01 CEST 2017
Ping: 27.719 ms
Download: 20.96 Mbit/s
Upload: 0.79 Mbit/s
Tue Apr  4 22:45:01 CEST 2017
Ping: 28.978 ms
Download: 21.43 Mbit/s
Upload: 0.86 Mbit/s
Tue Apr  4 23:45:01 CEST 2017
Ping: 27.707 ms
Download: 21.42 Mbit/s
Upload: 0.87 Mbit/s
Wed Apr  5 00:45:01 CEST 2017
Ping: 27.767 ms
Download: 21.43 Mbit/s
Upload: 0.87 Mbit/s
Wed Apr  5 01:45:01 CEST 2017
Ping: 27.787 ms
Download: 21.42 Mbit/s
Upload: 0.87 Mbit/s
Wed Apr  5 02:45:01 CEST 2017
Ping: 26.419 ms
Download: 21.22 Mbit/s
Upload: 0.87 Mbit/s
Wed Apr  5 03:45:01 CEST 2017
Ping: 27.339 ms
Download: 21.09 Mbit/s
Upload: 0.85 Mbit/s
Wed Apr  5 04:45:01 CEST 2017
Ping: 25.825 ms
Download: 21.05 Mbit/s
Upload: 0.77 Mbit/s
Wed Apr  5 05:45:01 CEST 2017
Ping: 27.792 ms
Download: 21.42 Mbit/s
Upload: 0.87 Mbit/s
Wed Apr  5 06:45:01 CEST 2017
Ping: 27.093 ms
Download: 21.40 Mbit/s
Upload: 0.88 Mbit/s
Wed Apr  5 07:45:01 CEST 2017
Ping: 28.546 ms
Download: 20.33 Mbit/s
Upload: 0.85 Mbit/s
Wed Apr  5 08:45:01 CEST 2017
Ping: 27.425 ms
Download: 21.37 Mbit/s
Upload: 0.81 Mbit/s
Wed Apr  5 09:45:01 CEST 2017
Ping: 27.933 ms
Download: 21.09 Mbit/s
Upload: 0.84 Mbit/s
Wed Apr  5 10:45:01 CEST 2017
Ping: 26.834 ms
Download: 20.29 Mbit/s
Upload: 0.68 Mbit/s
Wed Apr  5 11:45:01 CEST 2017
Ping: 27.094 ms
Download: 19.14 Mbit/s
Upload: 0.83 Mbit/s
Wed Apr  5 12:45:01 CEST 2017
Ping: 26.424 ms
Download: 21.43 Mbit/s
Upload: 0.87 Mbit/s
Wed Apr  5 13:45:01 CEST 2017
Ping: 28.173 ms
Download: 18.70 Mbit/s
Upload: 0.64 Mbit/s
Wed Apr  5 14:45:01 CEST 2017
Ping: 28.559 ms
Download: 20.93 Mbit/s
Upload: 0.82 Mbit/s
Wed Apr  5 15:45:01 CEST 2017
Ping: 27.578 ms
Download: 21.21 Mbit/s
Upload: 0.86 Mbit/s
Wed Apr  5 16:45:01 CEST 2017
Ping: 37.829 ms
Download: 17.10 Mbit/s
Upload: 0.77 Mbit/s
Wed Apr  5 17:45:01 CEST 2017
Ping: 24.074 ms
Download: 21.34 Mbit/s
Upload: 0.84 Mbit/s
Wed Apr  5 18:45:01 CEST 2017
Ping: 29.614 ms
Download: 21.08 Mbit/s
Upload: 0.82 Mbit/s
Wed Apr  5 19:45:01 CEST 2017
Ping: 30.686 ms
Download: 18.72 Mbit/s
Upload: 0.71 Mbit/s
Wed Apr  5 20:45:01 CEST 2017
Ping: 27.539 ms
Download: 19.32 Mbit/s
Upload: 0.81 Mbit/s
Wed Apr  5 21:45:01 CEST 2017
Ping: 23.633 ms
Download: 19.46 Mbit/s
Upload: 0.78 Mbit/s
Wed Apr  5 22:45:01 CEST 2017
Ping: 26.602 ms
Download: 21.45 Mbit/s
Upload: 0.87 Mbit/s
Wed Apr  5 23:45:02 CEST 2017
Ping: 29.019 ms
Download: 21.13 Mbit/s
Upload: 0.83 Mbit/s
Thu Apr  6 00:45:02 CEST 2017
Ping: 27.647 ms
Download: 21.43 Mbit/s
Upload: 0.86 Mbit/s
Thu Apr  6 01:45:01 CEST 2017
Ping: 26.42 ms
Download: 21.45 Mbit/s
Upload: 0.86 Mbit/s
Thu Apr  6 02:45:01 CEST 2017
Ping: 27.508 ms
Download: 21.43 Mbit/s
Upload: 0.86 Mbit/s
Thu Apr  6 03:45:01 CEST 2017
Ping: 27.964 ms
Download: 21.39 Mbit/s
Upload: 0.88 Mbit/s
Thu Apr  6 04:45:01 CEST 2017
Ping: 25.094 ms
Download: 21.43 Mbit/s
Upload: 0.86 Mbit/s
Thu Apr  6 05:45:01 CEST 2017
Ping: 27.775 ms
Download: 21.45 Mbit/s
Upload: 0.87 Mbit/s
Thu Apr  6 06:45:02 CEST 2017
Ping: 23.747 ms
Download: 21.43 Mbit/s
Upload: 0.86 Mbit/s
Thu Apr  6 07:45:01 CEST 2017
Ping: 28.328 ms
Download: 21.25 Mbit/s
Upload: 0.82 Mbit/s
Thu Apr  6 08:45:01 CEST 2017
Ping: 27.831 ms
Download: 21.37 Mbit/s
Upload: 0.83 Mbit/s
Thu Apr  6 09:45:01 CEST 2017
Ping: 27.793 ms
Download: 17.85 Mbit/s
Upload: 0.80 Mbit/s
Thu Apr  6 10:45:02 CEST 2017
Ping: 28.134 ms
Download: 14.82 Mbit/s
Upload: 0.49 Mbit/s
Thu Apr  6 11:45:01 CEST 2017
Ping: 27.739 ms
Download: 21.13 Mbit/s
Upload: 0.85 Mbit/s
Thu Apr  6 12:45:01 CEST 2017
Ping: 31.099 ms
Download: 13.30 Mbit/s
Upload: 0.59 Mbit/s
Thu Apr  6 13:45:01 CEST 2017
Ping: 28.56 ms
Download: 21.42 Mbit/s
Upload: 0.86 Mbit/s
Thu Apr  6 14:45:01 CEST 2017
Ping: 26.226 ms
Download: 19.82 Mbit/s
Upload: 0.79 Mbit/s
Thu Apr  6 15:45:01 CEST 2017
Ping: 28.037 ms
Download: 21.43 Mbit/s
Upload: 0.87 Mbit/s
Thu Apr  6 16:45:01 CEST 2017
Ping: 26.436 ms
Download: 18.19 Mbit/s
Upload: 0.75 Mbit/s
Thu Apr  6 17:45:01 CEST 2017
Ping: 27.642 ms
Download: 21.37 Mbit/s
Upload: 0.85 Mbit/s
Thu Apr  6 18:45:01 CEST 2017
Ping: 27.551 ms
Download: 21.43 Mbit/s
Upload: 0.86 Mbit/s
Thu Apr  6 19:45:01 CEST 2017
Ping: 28.88 ms
Download: 21.38 Mbit/s
Upload: 0.86 Mbit/s
Thu Apr  6 20:45:01 CEST 2017
Ping: 26.973 ms
Download: 21.33 Mbit/s
Upload: 0.86 Mbit/s
Thu Apr  6 21:45:01 CEST 2017
Ping: 29.007 ms
Download: 21.13 Mbit/s
Upload: 0.85 Mbit/s
Thu Apr  6 22:45:01 CEST 2017
Ping: 26.554 ms
Download: 21.28 Mbit/s
Upload: 0.88 Mbit/s
Thu Apr  6 23:45:01 CEST 2017
Ping: 24.42 ms
Download: 21.45 Mbit/s
Upload: 0.87 Mbit/s
Fri Apr  7 00:45:01 CEST 2017
Ping: 25.548 ms
Download: 21.46 Mbit/s
Upload: 0.86 Mbit/s
Fri Apr  7 01:45:01 CEST 2017
Ping: 22.684 ms
Download: 21.43 Mbit/s
Upload: 0.87 Mbit/s
Fri Apr  7 02:45:01 CEST 2017
Ping: 28.039 ms
Download: 21.39 Mbit/s
Upload: 0.87 Mbit/s
Fri Apr  7 03:45:01 CEST 2017
Ping: 27.761 ms
Download: 21.43 Mbit/s
Upload: 0.86 Mbit/s
Fri Apr  7 04:45:01 CEST 2017
Ping: 27.66 ms
Download: 21.13 Mbit/s
Upload: 0.84 Mbit/s
Fri Apr  7 05:45:01 CEST 2017
Ping: 29.551 ms
Download: 21.25 Mbit/s
Upload: 0.76 Mbit/s
Fri Apr  7 06:45:01 CEST 2017
Ping: 28.246 ms
Download: 20.83 Mbit/s
Upload: 0.88 Mbit/s
Fri Apr  7 07:45:01 CEST 2017
Ping: 31.034 ms
Download: 19.99 Mbit/s
Upload: 0.79 Mbit/s
Fri Apr  7 08:45:01 CEST 2017
Ping: 25.53 ms
Download: 20.02 Mbit/s
Upload: 0.80 Mbit/s
Fri Apr  7 09:45:01 CEST 2017
Ping: 27.658 ms
Download: 6.87 Mbit/s
Upload: 0.82 Mbit/s
Fri Apr  7 10:45:01 CEST 2017
Ping: 30.367 ms
Download: 20.27 Mbit/s
Upload: 0.81 Mbit/s
Fri Apr  7 11:45:01 CEST 2017
Ping: 29.059 ms
Download: 19.91 Mbit/s
Upload: 0.86 Mbit/s
Fri Apr  7 12:45:01 CEST 2017
Ping: 29.231 ms
Download: 21.61 Mbit/s
Upload: 0.87 Mbit/s
Fri Apr  7 13:45:01 CEST 2017
Ping: 30.411 ms
Download: 21.37 Mbit/s
Upload: 0.80 Mbit/s
Fri Apr  7 14:45:02 CEST 2017
Ping: 27.138 ms
Download: 9.74 Mbit/s
Upload: 0.86 Mbit/s
Fri Apr  7 15:45:01 CEST 2017
Ping: 29.896 ms
Download: 18.45 Mbit/s
Upload: 0.80 Mbit/s
Fri Apr  7 16:45:01 CEST 2017
Ping: 28.04 ms
Download: 8.38 Mbit/s
Upload: 0.80 Mbit/s
Fri Apr  7 17:45:02 CEST 2017
Ping: 28.673 ms
Download: 21.05 Mbit/s
Upload: 0.84 Mbit/s
Fri Apr  7 18:45:01 CEST 2017
Ping: 28.772 ms
Download: 20.28 Mbit/s
Upload: 0.77 Mbit/s
Fri Apr  7 19:45:01 CEST 2017
Ping: 30.83 ms
Download: 17.10 Mbit/s
Upload: 0.85 Mbit/s
Fri Apr  7 20:45:02 CEST 2017
Ping: 31.258 ms
Download: 16.74 Mbit/s
Upload: 0.71 Mbit/s
Fri Apr  7 21:45:01 CEST 2017
Ping: 29.661 ms
Download: 11.19 Mbit/s
Upload: 0.74 Mbit/s
Fri Apr  7 22:45:01 CEST 2017
Ping: 30.23 ms
Download: 14.14 Mbit/s
Upload: 0.75 Mbit/s
Fri Apr  7 23:45:01 CEST 2017
Ping: 30.36 ms
Download: 21.61 Mbit/s
Upload: 0.85 Mbit/s
Sat Apr  8 00:45:01 CEST 2017
Ping: 26.58 ms
Download: 21.40 Mbit/s
Upload: 0.87 Mbit/s
Sat Apr  8 01:45:01 CEST 2017
Ping: 28.505 ms
Download: 20.74 Mbit/s
Upload: 0.86 Mbit/s
Sat Apr  8 02:45:01 CEST 2017
Ping: 29.595 ms
Download: 21.39 Mbit/s
Upload: 0.83 Mbit/s
Sat Apr  8 03:45:01 CEST 2017
Ping: 28.94 ms
Download: 21.57 Mbit/s
Upload: 0.88 Mbit/s
Sat Apr  8 04:45:01 CEST 2017
Ping: 32.926 ms
Download: 21.61 Mbit/s
Upload: 0.87 Mbit/s
Sat Apr  8 05:45:01 CEST 2017
Ping: 27.852 ms
Download: 21.39 Mbit/s
Upload: 0.86 Mbit/s
Sat Apr  8 06:45:01 CEST 2017
Ping: 30.307 ms
Download: 21.34 Mbit/s
Upload: 0.87 Mbit/s
Sat Apr  8 07:45:01 CEST 2017
Ping: 30.895 ms
Download: 21.51 Mbit/s
Upload: 0.87 Mbit/s
Sat Apr  8 08:45:01 CEST 2017
Ping: 28.134 ms
Download: 19.84 Mbit/s
Upload: 0.85 Mbit/s
Sat Apr  8 09:45:01 CEST 2017
Ping: 28.399 ms
Download: 21.29 Mbit/s
Upload: 0.88 Mbit/s
Sat Apr  8 10:45:01 CEST 2017
Ping: 29.244 ms
Download: 3.16 Mbit/s
Upload: 0.65 Mbit/s
Sat Apr  8 11:45:01 CEST 2017
Ping: 27.849 ms
Download: 19.25 Mbit/s
Upload: 0.77 Mbit/s
Sat Apr  8 12:45:01 CEST 2017
Ping: 27.676 ms
Download: 20.21 Mbit/s
Upload: 0.79 Mbit/s
Sat Apr  8 13:45:02 CEST 2017
Ping: 28.696 ms
Download: 21.12 Mbit/s
Upload: 0.84 Mbit/s
Sat Apr  8 14:45:01 CEST 2017
Ping: 26.509 ms
Download: 19.30 Mbit/s
Upload: 0.86 Mbit/s
Sat Apr  8 15:45:01 CEST 2017
Ping: 29.379 ms
Download: 20.69 Mbit/s
Upload: 0.82 Mbit/s
Sat Apr  8 16:45:01 CEST 2017
Ping: 30.204 ms
Download: 20.83 Mbit/s
Upload: 0.81 Mbit/s
Sat Apr  8 17:45:01 CEST 2017
Ping: 28.963 ms
Download: 21.60 Mbit/s
Upload: 0.79 Mbit/s
Sat Apr  8 18:45:02 CEST 2017
Ping: 27.038 ms
Download: 20.79 Mbit/s
Upload: 0.77 Mbit/s
Sat Apr  8 19:45:01 CEST 2017
Ping: 27.939 ms
Download: 19.03 Mbit/s
Upload: 0.82 Mbit/s
Sat Apr  8 20:45:01 CEST 2017
Ping: 26.732 ms
Download: 21.04 Mbit/s
Upload: 0.86 Mbit/s
Sat Apr  8 21:45:01 CEST 2017
Ping: 28.941 ms
Download: 21.25 Mbit/s
Upload: 0.87 Mbit/s
Sat Apr  8 22:45:01 CEST 2017
Ping: 27.685 ms
Download: 21.10 Mbit/s
Upload: 0.86 Mbit/s
Sat Apr  8 23:45:02 CEST 2017
Ping: 27.914 ms
Download: 20.97 Mbit/s
Upload: 0.86 Mbit/s
Sun Apr  9 00:45:01 CEST 2017
Ping: 29.71 ms
Download: 21.39 Mbit/s
Upload: 0.87 Mbit/s
Sun Apr  9 01:45:01 CEST 2017
Ping: 27.133 ms
Download: 21.05 Mbit/s
Upload: 0.84 Mbit/s
Sun Apr  9 02:45:01 CEST 2017
Ping: 30.017 ms
Download: 21.07 Mbit/s
Upload: 0.84 Mbit/s
Sun Apr  9 03:45:01 CEST 2017
Ping: 29.963 ms
Download: 18.96 Mbit/s
Upload: 0.86 Mbit/s
Sun Apr  9 04:45:01 CEST 2017
Ping: 27.482 ms
Download: 21.28 Mbit/s
Upload: 0.88 Mbit/s
Sun Apr  9 05:45:01 CEST 2017
Ping: 28.644 ms
Download: 21.13 Mbit/s
Upload: 0.80 Mbit/s
Sun Apr  9 06:45:01 CEST 2017
Ping: 25.976 ms
Download: 9.98 Mbit/s
Upload: 0.79 Mbit/s
Sun Apr  9 07:45:02 CEST 2017
Ping: 27.198 ms
Download: 16.00 Mbit/s
Upload: 0.83 Mbit/s
Sun Apr  9 08:45:01 CEST 2017
Ping: 30.352 ms
Download: 21.13 Mbit/s
Upload: 0.84 Mbit/s
Sun Apr  9 09:45:01 CEST 2017
Ping: 27.528 ms
Download: 19.97 Mbit/s
Upload: 0.53 Mbit/s
Sun Apr  9 10:45:02 CEST 2017
Ping: 27.829 ms
Download: 20.00 Mbit/s
Upload: 0.83 Mbit/s
Sun Apr  9 11:45:01 CEST 2017
Ping: 28.622 ms
Download: 21.08 Mbit/s
Upload: 0.82 Mbit/s
Sun Apr  9 12:45:01 CEST 2017
Ping: 27.653 ms
Download: 21.09 Mbit/s
Upload: 0.85 Mbit/s
Sun Apr  9 13:45:01 CEST 2017
Ping: 28.941 ms
Download: 21.14 Mbit/s
Upload: 0.84 Mbit/s
Sun Apr  9 14:45:01 CEST 2017
Ping: 29.006 ms
Download: 18.96 Mbit/s
Upload: 0.84 Mbit/s
Sun Apr  9 15:45:01 CEST 2017
Ping: 28.614 ms
Download: 18.68 Mbit/s
Upload: 0.96 Mbit/s
Sun Apr  9 16:45:01 CEST 2017
Ping: 28.129 ms
Download: 18.13 Mbit/s
Upload: 0.78 Mbit/s
Sun Apr  9 17:45:01 CEST 2017
Ping: 29.451 ms
Download: 21.11 Mbit/s
Upload: 0.87 Mbit/s
Sun Apr  9 18:45:01 CEST 2017
Ping: 29.272 ms
Download: 21.22 Mbit/s
Upload: 0.84 Mbit/s
Sun Apr  9 19:45:01 CEST 2017
Ping: 28.298 ms
Download: 21.04 Mbit/s
Upload: 0.84 Mbit/s
Sun Apr  9 20:45:01 CEST 2017
Ping: 28.215 ms
Download: 20.18 Mbit/s
Upload: 0.84 Mbit/s
Sun Apr  9 21:45:01 CEST 2017
Ping: 28.388 ms
Download: 16.45 Mbit/s
Upload: 0.75 Mbit/s
Sun Apr  9 22:45:01 CEST 2017
Ping: 30.272 ms
Download: 21.60 Mbit/s
Upload: 0.87 Mbit/s
Sun Apr  9 23:45:01 CEST 2017
Ping: 28.473 ms
Download: 21.27 Mbit/s
Upload: 0.89 Mbit/s
Mon Apr 10 00:45:01 CEST 2017
Ping: 29.744 ms
Download: 21.08 Mbit/s
Upload: 0.85 Mbit/s
Mon Apr 10 01:45:01 CEST 2017
Ping: 29.838 ms
Download: 15.14 Mbit/s
Upload: 0.81 Mbit/s
Mon Apr 10 02:45:01 CEST 2017
Ping: 27.762 ms
Download: 21.13 Mbit/s
Upload: 0.84 Mbit/s
Mon Apr 10 03:45:01 CEST 2017
Ping: 28.948 ms
Download: 21.46 Mbit/s
Upload: 0.87 Mbit/s
Mon Apr 10 04:45:01 CEST 2017
Ping: 29.128 ms
Download: 21.11 Mbit/s
Upload: 0.87 Mbit/s
Mon Apr 10 05:45:01 CEST 2017
Ping: 28.379 ms
Download: 21.14 Mbit/s
Upload: 0.85 Mbit/s
Mon Apr 10 06:45:01 CEST 2017
Ping: 29.759 ms
Download: 21.43 Mbit/s
Upload: 0.87 Mbit/s
Mon Apr 10 07:45:01 CEST 2017
Ping: 29.307 ms
Download: 21.12 Mbit/s
Upload: 0.85 Mbit/s
Mon Apr 10 08:45:01 CEST 2017
Ping: 30.822 ms
Download: 20.77 Mbit/s
Upload: 0.84 Mbit/s
Mon Apr 10 09:45:01 CEST 2017
Ping: 28.779 ms
Download: 20.49 Mbit/s
Upload: 0.86 Mbit/s
Mon Apr 10 10:45:01 CEST 2017
Ping: 29.811 ms
Download: 21.57 Mbit/s
Upload: 0.87 Mbit/s
Mon Apr 10 11:45:01 CEST 2017
Ping: 29.92 ms
Download: 21.11 Mbit/s
Upload: 0.85 Mbit/s
Mon Apr 10 12:45:01 CEST 2017
Ping: 29.411 ms
Download: 21.37 Mbit/s
Upload: 0.87 Mbit/s
Mon Apr 10 13:45:01 CEST 2017
Ping: 29.708 ms
Download: 7.68 Mbit/s
Upload: 0.87 Mbit/s
Mon Apr 10 14:45:01 CEST 2017
Ping: 28.182 ms
Download: 20.50 Mbit/s
Upload: 0.85 Mbit/s
Mon Apr 10 15:45:01 CEST 2017
Ping: 30.789 ms
Download: 21.61 Mbit/s
Upload: 0.87 Mbit/s
Mon Apr 10 16:45:01 CEST 2017
Ping: 29.164 ms
Download: 21.40 Mbit/s
Upload: 0.77 Mbit/s
Mon Apr 10 17:45:01 CEST 2017
Ping: 30.71 ms
Download: 21.13 Mbit/s
Upload: 0.85 Mbit/s
Mon Apr 10 18:45:01 CEST 2017
Ping: 29.005 ms
Download: 21.40 Mbit/s
Upload: 0.86 Mbit/s
Mon Apr 10 19:45:01 CEST 2017
Ping: 28.244 ms
Download: 21.13 Mbit/s
Upload: 0.85 Mbit/s
Mon Apr 10 20:45:01 CEST 2017
Ping: 30.237 ms
Download: 21.13 Mbit/s
Upload: 0.82 Mbit/s
Mon Apr 10 21:45:01 CEST 2017
Ping: 28.99 ms
Download: 16.02 Mbit/s
Upload: 0.66 Mbit/s
Mon Apr 10 22:45:01 CEST 2017
Ping: 29.628 ms
Download: 21.57 Mbit/s
Upload: 0.87 Mbit/s
Mon Apr 10 23:45:01 CEST 2017
Ping: 29.262 ms
Download: 21.42 Mbit/s
Upload: 0.86 Mbit/s
Tue Apr 11 00:45:01 CEST 2017
Ping: 27.917 ms
Download: 21.10 Mbit/s
Upload: 0.83 Mbit/s
Tue Apr 11 01:45:01 CEST 2017
Ping: 29.824 ms
Download: 7.21 Mbit/s
Upload: 0.82 Mbit/s
Tue Apr 11 02:45:01 CEST 2017
Ping: 31.172 ms
Download: 21.45 Mbit/s
Upload: 0.87 Mbit/s
Tue Apr 11 03:45:01 CEST 2017
Ping: 29.355 ms
Download: 20.89 Mbit/s
Upload: 0.84 Mbit/s
Tue Apr 11 04:45:01 CEST 2017
Ping: 27.632 ms
Download: 21.58 Mbit/s
Upload: 0.87 Mbit/s
Tue Apr 11 05:45:01 CEST 2017
Ping: 29.278 ms
Download: 21.40 Mbit/s
Upload: 0.88 Mbit/s
Tue Apr 11 06:45:01 CEST 2017
Ping: 30.225 ms
Download: 21.62 Mbit/s
Upload: 0.84 Mbit/s
Tue Apr 11 07:45:01 CEST 2017
Ping: 26.358 ms
Download: 19.25 Mbit/s
Upload: 0.81 Mbit/s
Tue Apr 11 08:45:01 CEST 2017
Ping: 28.996 ms
Download: 20.48 Mbit/s
Upload: 0.82 Mbit/s
Tue Apr 11 09:45:01 CEST 2017
Ping: 29.67 ms
Download: 20.96 Mbit/s
Upload: 0.84 Mbit/s
Tue Apr 11 10:45:01 CEST 2017
Ping: 29.454 ms
Download: 20.44 Mbit/s
Upload: 0.83 Mbit/s
Tue Apr 11 11:45:01 CEST 2017
Ping: 27.629 ms
Download: 21.60 Mbit/s
Upload: 0.75 Mbit/s
Tue Apr 11 12:45:02 CEST 2017
Ping: 30.78 ms
Download: 21.19 Mbit/s
Upload: 0.87 Mbit/s
Tue Apr 11 13:45:01 CEST 2017
Ping: 30.011 ms
Download: 12.11 Mbit/s
Upload: 0.64 Mbit/s
Tue Apr 11 14:45:01 CEST 2017
Ping: 28.69 ms
Download: 17.26 Mbit/s
Upload: 0.77 Mbit/s
Tue Apr 11 15:45:01 CEST 2017
Ping: 29.99 ms
Download: 20.58 Mbit/s
Upload: 0.86 Mbit/s
Tue Apr 11 16:45:01 CEST 2017
Ping: 27.37 ms
Download: 21.21 Mbit/s
Upload: 0.87 Mbit/s
Tue Apr 11 17:45:01 CEST 2017
Ping: 28.997 ms
Download: 20.77 Mbit/s
Upload: 0.84 Mbit/s
Tue Apr 11 18:45:01 CEST 2017
Ping: 29.534 ms
Download: 19.68 Mbit/s
Upload: 0.80 Mbit/s
Tue Apr 11 19:45:01 CEST 2017
Ping: 28.012 ms
Download: 20.64 Mbit/s
Upload: 0.82 Mbit/s
Tue Apr 11 20:45:01 CEST 2017
Ping: 28.785 ms
Download: 19.08 Mbit/s
Upload: 0.69 Mbit/s
Tue Apr 11 21:45:01 CEST 2017
Ping: 26.718 ms
Download: 21.12 Mbit/s
Upload: 0.84 Mbit/s
Tue Apr 11 22:45:01 CEST 2017
Ping: 29.387 ms
Download: 21.10 Mbit/s
Upload: 0.86 Mbit/s
Tue Apr 11 23:45:01 CEST 2017
Ping: 29.738 ms
Download: 21.58 Mbit/s
Upload: 0.87 Mbit/s
Wed Apr 12 00:45:01 CEST 2017
Ping: 29.297 ms
Download: 21.43 Mbit/s
Upload: 0.87 Mbit/s
Wed Apr 12 01:45:01 CEST 2017
Ping: 30.188 ms
Download: 21.61 Mbit/s
Upload: 0.87 Mbit/s
Wed Apr 12 02:45:01 CEST 2017
Ping: 30.247 ms
Download: 21.51 Mbit/s
Upload: 0.88 Mbit/s
Wed Apr 12 03:45:01 CEST 2017
Ping: 28.546 ms
Download: 20.76 Mbit/s
Upload: 0.83 Mbit/s
Wed Apr 12 04:45:01 CEST 2017
Ping: 30.729 ms
Download: 21.61 Mbit/s
Upload: 0.87 Mbit/s
Wed Apr 12 05:45:01 CEST 2017
Ping: 29.144 ms
Download: 20.52 Mbit/s
Upload: 0.86 Mbit/s
Wed Apr 12 06:45:01 CEST 2017
Ping: 28.412 ms
Download: 16.17 Mbit/s
Upload: 0.78 Mbit/s
Wed Apr 12 07:45:01 CEST 2017
Ping: 29.066 ms
Download: 21.06 Mbit/s
Upload: 0.85 Mbit/s
Wed Apr 12 08:45:01 CEST 2017
Ping: 27.607 ms
Download: 19.71 Mbit/s
Upload: 0.82 Mbit/s
Wed Apr 12 09:45:01 CEST 2017
Ping: 29.361 ms
Download: 21.06 Mbit/s
Upload: 0.44 Mbit/s
Wed Apr 12 10:45:01 CEST 2017
Ping: 28.984 ms
Download: 21.05 Mbit/s
Upload: 0.81 Mbit/s
Wed Apr 12 11:45:02 CEST 2017
Ping: 29.709 ms
Download: 20.79 Mbit/s
Upload: 0.82 Mbit/s
Wed Apr 12 12:45:01 CEST 2017
Ping: 29.453 ms
Download: 20.80 Mbit/s
Upload: 0.86 Mbit/s
Wed Apr 12 13:45:01 CEST 2017
Ping: 29.167 ms
Download: 19.84 Mbit/s
Upload: 0.67 Mbit/s
Wed Apr 12 14:45:01 CEST 2017
Ping: 28.424 ms
Download: 21.37 Mbit/s
Upload: 0.83 Mbit/s
Wed Apr 12 15:45:01 CEST 2017
Ping: 28.617 ms
Download: 21.25 Mbit/s
Upload: 0.85 Mbit/s
Wed Apr 12 16:45:01 CEST 2017
Ping: 28.675 ms
Download: 17.10 Mbit/s
Upload: 0.80 Mbit/s
Wed Apr 12 17:45:01 CEST 2017
Ping: 29.859 ms
Download: 21.13 Mbit/s
Upload: 0.80 Mbit/s
Wed Apr 12 18:45:01 CEST 2017
Ping: 27.074 ms
Download: 7.66 Mbit/s
Upload: 0.74 Mbit/s
Wed Apr 12 19:45:01 CEST 2017
Ping: 30.452 ms
Download: 21.36 Mbit/s
Upload: 0.86 Mbit/s
Wed Apr 12 20:45:01 CEST 2017
Ping: 29.333 ms
Download: 19.57 Mbit/s
Upload: 0.85 Mbit/s
Wed Apr 12 21:45:01 CEST 2017
Ping: 28.978 ms
Download: 19.27 Mbit/s
Upload: 0.80 Mbit/s
Wed Apr 12 22:45:01 CEST 2017
Ping: 29.014 ms
Download: 21.03 Mbit/s
Upload: 0.86 Mbit/s
Wed Apr 12 23:45:01 CEST 2017
Ping: 30.583 ms
Download: 20.13 Mbit/s
Upload: 0.88 Mbit/s
Thu Apr 13 00:45:01 CEST 2017
Ping: 28.852 ms
Download: 20.88 Mbit/s
Upload: 0.86 Mbit/s
Thu Apr 13 01:45:01 CEST 2017
Ping: 28.249 ms
Download: 21.42 Mbit/s
Upload: 0.87 Mbit/s
Thu Apr 13 02:45:01 CEST 2017
Ping: 29.648 ms
Download: 21.56 Mbit/s
Upload: 0.86 Mbit/s
Thu Apr 13 03:45:01 CEST 2017
Ping: 28.011 ms
Download: 10.37 Mbit/s
Upload: 0.93 Mbit/s
Thu Apr 13 04:45:01 CEST 2017
Ping: 29.44 ms
Download: 21.38 Mbit/s
Upload: 0.88 Mbit/s
Thu Apr 13 05:45:01 CEST 2017
Ping: 28.965 ms
Download: 21.58 Mbit/s
Upload: 0.87 Mbit/s
Thu Apr 13 06:45:01 CEST 2017
Ping: 29.217 ms
Download: 21.05 Mbit/s
Upload: 0.79 Mbit/s
Thu Apr 13 07:45:01 CEST 2017
Ping: 29.177 ms
Download: 21.13 Mbit/s
Upload: 0.84 Mbit/s
Thu Apr 13 08:45:01 CEST 2017
Ping: 29.41 ms
Download: 21.11 Mbit/s
Upload: 0.82 Mbit/s
Thu Apr 13 09:45:01 CEST 2017
Ping: 30.285 ms
Download: 21.34 Mbit/s
Upload: 0.86 Mbit/s
Thu Apr 13 10:45:01 CEST 2017
Ping: 28.414 ms
Download: 19.99 Mbit/s
Upload: 0.82 Mbit/s
Thu Apr 13 11:45:01 CEST 2017
Ping: 27.325 ms
Download: 20.10 Mbit/s
Upload: 0.79 Mbit/s
Thu Apr 13 12:45:01 CEST 2017
Ping: 27.951 ms
Download: 17.70 Mbit/s
Upload: 0.83 Mbit/s
Thu Apr 13 13:45:01 CEST 2017
Ping: 28.002 ms
Download: 20.99 Mbit/s
Upload: 0.81 Mbit/s
Thu Apr 13 14:45:01 CEST 2017
Ping: 27.354 ms
Download: 20.89 Mbit/s
Upload: 0.83 Mbit/s
Thu Apr 13 15:45:01 CEST 2017
Ping: 30.252 ms
Download: 21.58 Mbit/s
Upload: 0.87 Mbit/s
Thu Apr 13 16:45:01 CEST 2017
Ping: 32.433 ms
Download: 21.08 Mbit/s
Upload: 0.85 Mbit/s
Thu Apr 13 17:45:01 CEST 2017
Ping: 28.337 ms
Download: 20.92 Mbit/s
Upload: 0.69 Mbit/s
Thu Apr 13 18:45:01 CEST 2017
Ping: 29.599 ms
Download: 20.99 Mbit/s
Upload: 0.86 Mbit/s
Thu Apr 13 19:45:01 CEST 2017
Ping: 29.493 ms
Download: 21.18 Mbit/s
Upload: 0.86 Mbit/s
Thu Apr 13 20:45:01 CEST 2017
Ping: 27.2 ms
Download: 7.56 Mbit/s
Upload: 0.84 Mbit/s
Thu Apr 13 21:45:01 CEST 2017
Ping: 32.794 ms
Download: 21.57 Mbit/s
Upload: 0.89 Mbit/s
Thu Apr 13 22:45:01 CEST 2017
Ping: 29.774 ms
Download: 20.65 Mbit/s
Upload: 0.85 Mbit/s
Thu Apr 13 23:45:01 CEST 2017
Ping: 27.986 ms
Download: 21.61 Mbit/s
Upload: 0.83 Mbit/s
Fri Apr 14 00:45:01 CEST 2017
Ping: 29.294 ms
Download: 20.82 Mbit/s
Upload: 0.86 Mbit/s
Fri Apr 14 01:45:01 CEST 2017
Ping: 27.958 ms
Download: 21.08 Mbit/s
Upload: 0.84 Mbit/s
Fri Apr 14 02:45:01 CEST 2017
Ping: 29.768 ms
Download: 21.43 Mbit/s
Upload: 0.87 Mbit/s
Fri Apr 14 03:45:01 CEST 2017
Ping: 30.189 ms
Download: 21.12 Mbit/s
Upload: 0.86 Mbit/s
Fri Apr 14 04:45:01 CEST 2017
Ping: 30.827 ms
Download: 21.25 Mbit/s
Upload: 0.87 Mbit/s
Fri Apr 14 05:45:01 CEST 2017
Ping: 28.967 ms
Download: 21.42 Mbit/s
Upload: 0.87 Mbit/s
Fri Apr 14 06:45:01 CEST 2017
Ping: 27.978 ms
Download: 20.99 Mbit/s
Upload: 0.84 Mbit/s
Fri Apr 14 07:45:01 CEST 2017
Ping: 29.759 ms
Download: 21.39 Mbit/s
Upload: 0.86 Mbit/s
Fri Apr 14 08:45:01 CEST 2017
Ping: 29.647 ms
Download: 7.06 Mbit/s
Upload: 0.77 Mbit/s
Fri Apr 14 09:45:02 CEST 2017
Ping: 29.54 ms
Download: 21.38 Mbit/s
Upload: 0.61 Mbit/s
Fri Apr 14 10:45:01 CEST 2017
Ping: 33.211 ms
Download: 20.88 Mbit/s
Upload: 0.84 Mbit/s
Fri Apr 14 11:45:01 CEST 2017
Ping: 27.502 ms
Download: 7.15 Mbit/s
Upload: 0.72 Mbit/s
Fri Apr 14 12:45:01 CEST 2017
Ping: 26.753 ms
Download: 21.03 Mbit/s
Upload: 0.82 Mbit/s
Fri Apr 14 13:45:01 CEST 2017
Ping: 30.458 ms
Download: 16.19 Mbit/s
Upload: 0.72 Mbit/s
Fri Apr 14 14:45:01 CEST 2017
Ping: 28.805 ms
Download: 20.88 Mbit/s
Upload: 0.83 Mbit/s
Fri Apr 14 15:45:01 CEST 2017
Ping: 29.107 ms
Download: 19.13 Mbit/s
Upload: 0.71 Mbit/s
Fri Apr 14 16:45:01 CEST 2017
Ping: 30.626 ms
Download: 21.04 Mbit/s
Upload: 0.83 Mbit/s
Fri Apr 14 17:45:01 CEST 2017
Ping: 28.551 ms
Download: 19.28 Mbit/s
Upload: 0.80 Mbit/s
Fri Apr 14 18:45:02 CEST 2017
Ping: 31.35 ms
Download: 9.49 Mbit/s
Upload: 0.53 Mbit/s
Fri Apr 14 19:45:01 CEST 2017
Ping: 30.973 ms
Download: 21.43 Mbit/s
Upload: 0.85 Mbit/s
Fri Apr 14 20:45:01 CEST 2017
Ping: 29.308 ms
Download: 20.91 Mbit/s
Upload: 0.73 Mbit/s
Fri Apr 14 21:45:01 CEST 2017
Ping: 31.762 ms
Download: 20.28 Mbit/s
Upload: 0.84 Mbit/s
Fri Apr 14 22:45:01 CEST 2017
Ping: 29.929 ms
Download: 21.22 Mbit/s
Upload: 0.86 Mbit/s
Fri Apr 14 23:45:01 CEST 2017
Ping: 27.793 ms
Download: 19.60 Mbit/s
Upload: 0.85 Mbit/s
Sat Apr 15 00:45:01 CEST 2017
Ping: 28.45 ms
Download: 21.07 Mbit/s
Upload: 0.86 Mbit/s
Sat Apr 15 01:45:01 CEST 2017
Ping: 29.113 ms
Download: 20.45 Mbit/s
Upload: 0.87 Mbit/s
Sat Apr 15 02:45:01 CEST 2017
Ping: 26.803 ms
Download: 21.06 Mbit/s
Upload: 0.86 Mbit/s
Sat Apr 15 03:45:01 CEST 2017
Ping: 28.266 ms
Download: 21.35 Mbit/s
Upload: 0.87 Mbit/s
Sat Apr 15 04:45:01 CEST 2017
Ping: 26.851 ms
Download: 20.30 Mbit/s
Upload: 0.86 Mbit/s
Sat Apr 15 05:45:01 CEST 2017
Ping: 25.729 ms
Download: 21.15 Mbit/s
Upload: 0.84 Mbit/s
Sat Apr 15 06:45:01 CEST 2017
Ping: 27.529 ms
Download: 20.85 Mbit/s
Upload: 0.84 Mbit/s
Sat Apr 15 07:45:01 CEST 2017
Ping: 28.341 ms
Download: 21.14 Mbit/s
Upload: 0.78 Mbit/s
Sat Apr 15 08:45:01 CEST 2017
Ping: 29.395 ms
Download: 19.67 Mbit/s
Upload: 0.65 Mbit/s
Sat Apr 15 09:45:01 CEST 2017
Ping: 29.398 ms
Download: 18.60 Mbit/s
Upload: 0.70 Mbit/s
Sat Apr 15 10:45:01 CEST 2017
Ping: 30.035 ms
Download: 20.82 Mbit/s
Upload: 0.69 Mbit/s
Sat Apr 15 11:45:01 CEST 2017
Ping: 28.466 ms
Download: 20.30 Mbit/s
Upload: 0.67 Mbit/s
Sat Apr 15 12:45:01 CEST 2017
Ping: 29.908 ms
Download: 21.11 Mbit/s
Upload: 0.85 Mbit/s
Sat Apr 15 13:45:01 CEST 2017
Ping: 29.199 ms
Download: 21.25 Mbit/s
Upload: 0.86 Mbit/s
Sat Apr 15 14:45:01 CEST 2017
Ping: 30.865 ms
Download: 12.43 Mbit/s
Upload: 0.69 Mbit/s
Sat Apr 15 15:45:01 CEST 2017
Ping: 27.869 ms
Download: 21.11 Mbit/s
Upload: 0.85 Mbit/s
Sat Apr 15 16:45:01 CEST 2017
Ping: 30.274 ms
Download: 20.74 Mbit/s
Upload: 0.86 Mbit/s
Sat Apr 15 17:45:01 CEST 2017
Ping: 30.174 ms
Download: 18.04 Mbit/s
Upload: 0.73 Mbit/s
Sat Apr 15 18:45:01 CEST 2017
Ping: 28.46 ms
Download: 20.96 Mbit/s
Upload: 0.83 Mbit/s
Sat Apr 15 19:45:01 CEST 2017
Ping: 30.592 ms
Download: 20.86 Mbit/s
Upload: 0.84 Mbit/s
Sat Apr 15 20:45:01 CEST 2017
Ping: 29.196 ms
Download: 17.61 Mbit/s
Upload: 0.79 Mbit/s
Sat Apr 15 21:45:01 CEST 2017
Ping: 28.287 ms
Download: 11.52 Mbit/s
Upload: 0.80 Mbit/s
Sat Apr 15 22:45:01 CEST 2017
Ping: 29.288 ms
Download: 21.43 Mbit/s
Upload: 0.87 Mbit/s
Sat Apr 15 23:45:01 CEST 2017
Ping: 28.398 ms
Download: 21.13 Mbit/s
Upload: 0.84 Mbit/s
Sun Apr 16 00:45:01 CEST 2017
Ping: 28.573 ms
Download: 21.42 Mbit/s
Upload: 0.87 Mbit/s
Sun Apr 16 01:45:01 CEST 2017
Ping: 31.191 ms
Download: 21.58 Mbit/s
Upload: 0.87 Mbit/s
Sun Apr 16 02:45:02 CEST 2017
Ping: 29.596 ms
Download: 21.03 Mbit/s
Upload: 0.84 Mbit/s
Sun Apr 16 03:45:01 CEST 2017
Ping: 27.467 ms
Download: 21.04 Mbit/s
Upload: 0.87 Mbit/s
Sun Apr 16 04:45:01 CEST 2017
Ping: 29.001 ms
Download: 21.12 Mbit/s
Upload: 0.84 Mbit/s
Sun Apr 16 05:45:01 CEST 2017
Ping: 28.014 ms
Download: 21.11 Mbit/s
Upload: 0.84 Mbit/s
Sun Apr 16 06:45:01 CEST 2017
Ping: 28.766 ms
Download: 8.08 Mbit/s
Upload: 0.54 Mbit/s
Sun Apr 16 07:45:01 CEST 2017
Ping: 29.437 ms
Download: 20.74 Mbit/s
Upload: 0.87 Mbit/s
Sun Apr 16 08:45:01 CEST 2017
Ping: 28.542 ms
Download: 21.15 Mbit/s
Upload: 0.84 Mbit/s
Sun Apr 16 09:45:01 CEST 2017
Ping: 31.867 ms
Download: 21.58 Mbit/s
Upload: 0.88 Mbit/s
Sun Apr 16 10:45:02 CEST 2017
Ping: 29.713 ms
Download: 19.03 Mbit/s
Upload: 0.84 Mbit/s
Sun Apr 16 11:45:01 CEST 2017
Ping: 26.877 ms
Download: 20.48 Mbit/s
Upload: 0.80 Mbit/s
Sun Apr 16 12:45:01 CEST 2017
Ping: 29.183 ms
Download: 21.34 Mbit/s
Upload: 0.86 Mbit/s
Sun Apr 16 13:45:01 CEST 2017
Ping: 29.398 ms
Download: 21.10 Mbit/s
Upload: 0.85 Mbit/s
Sun Apr 16 14:45:01 CEST 2017
Ping: 31.156 ms
Download: 21.13 Mbit/s
Upload: 0.85 Mbit/s
Sun Apr 16 15:45:01 CEST 2017
Ping: 29.305 ms
Download: 20.28 Mbit/s
Upload: 0.77 Mbit/s
Sun Apr 16 16:45:01 CEST 2017
Ping: 27.779 ms
Download: 21.04 Mbit/s
Upload: 0.82 Mbit/s
Sun Apr 16 17:45:01 CEST 2017
Ping: 28.86 ms
Download: 12.07 Mbit/s
Upload: 0.79 Mbit/s
Sun Apr 16 18:45:01 CEST 2017
Ping: 29.55 ms
Download: 18.29 Mbit/s
Upload: 0.84 Mbit/s
Sun Apr 16 19:45:01 CEST 2017
Ping: 28.083 ms
Download: 21.41 Mbit/s
Upload: 0.86 Mbit/s
Sun Apr 16 20:45:01 CEST 2017
Ping: 28.157 ms
Download: 13.75 Mbit/s
Upload: 0.91 Mbit/s
Sun Apr 16 21:45:01 CEST 2017
Ping: 28.631 ms
Download: 21.06 Mbit/s
Upload: 0.86 Mbit/s
Sun Apr 16 22:45:01 CEST 2017
Ping: 30.289 ms
Download: 21.13 Mbit/s
Upload: 0.84 Mbit/s
Sun Apr 16 23:45:01 CEST 2017
Ping: 28.57 ms
Download: 20.58 Mbit/s
Upload: 0.85 Mbit/s
Mon Apr 17 00:45:01 CEST 2017
Ping: 27.968 ms
Download: 21.05 Mbit/s
Upload: 0.86 Mbit/s
Mon Apr 17 01:45:01 CEST 2017
Ping: 28.987 ms
Download: 20.99 Mbit/s
Upload: 0.85 Mbit/s
Mon Apr 17 02:45:01 CEST 2017
Ping: 27.424 ms
Download: 9.57 Mbit/s
Upload: 0.83 Mbit/s
Mon Apr 17 03:45:01 CEST 2017
Ping: 26.961 ms
Download: 9.13 Mbit/s
Upload: 0.82 Mbit/s
Mon Apr 17 04:45:01 CEST 2017
Ping: 29.637 ms
Download: 21.05 Mbit/s
Upload: 0.85 Mbit/s
Mon Apr 17 05:45:01 CEST 2017
Ping: 29.418 ms
Download: 20.92 Mbit/s
Upload: 0.87 Mbit/s
Mon Apr 17 06:45:01 CEST 2017
Ping: 29.865 ms
Download: 21.56 Mbit/s
Upload: 0.89 Mbit/s
Mon Apr 17 07:45:01 CEST 2017
Ping: 27.085 ms
Download: 9.91 Mbit/s
Upload: 0.71 Mbit/s
Mon Apr 17 08:45:01 CEST 2017
Ping: 29.155 ms
Download: 21.61 Mbit/s
Upload: 0.86 Mbit/s
Mon Apr 17 09:45:01 CEST 2017
Ping: 27.678 ms
Download: 20.79 Mbit/s
Upload: 0.82 Mbit/s
Mon Apr 17 10:45:01 CEST 2017
Ping: 29.692 ms
Download: 21.12 Mbit/s
Upload: 0.76 Mbit/s
Mon Apr 17 11:45:01 CEST 2017
Ping: 27.806 ms
Download: 20.55 Mbit/s
Upload: 0.81 Mbit/s
Mon Apr 17 12:45:01 CEST 2017
Ping: 28.883 ms
Download: 21.13 Mbit/s
Upload: 0.86 Mbit/s
Mon Apr 17 13:45:01 CEST 2017
Ping: 27.227 ms
Download: 21.43 Mbit/s
Upload: 0.87 Mbit/s
Mon Apr 17 14:45:01 CEST 2017
Ping: 27.036 ms
Download: 9.20 Mbit/s
Upload: 0.87 Mbit/s
Mon Apr 17 15:45:01 CEST 2017
Ping: 29.071 ms
Download: 21.15 Mbit/s
Upload: 0.84 Mbit/s
Mon Apr 17 16:45:01 CEST 2017
Ping: 25.622 ms
Download: 9.72 Mbit/s
Upload: 0.94 Mbit/s
Mon Apr 17 17:45:01 CEST 2017
Ping: 30.48 ms
Download: 20.99 Mbit/s
Upload: 0.79 Mbit/s
Mon Apr 17 18:45:01 CEST 2017
Ping: 28.624 ms
Download: 20.96 Mbit/s
Upload: 0.81 Mbit/s
Mon Apr 17 19:45:01 CEST 2017
Ping: 27.87 ms
Download: 19.27 Mbit/s
Upload: 0.80 Mbit/s
Mon Apr 17 20:45:01 CEST 2017
Ping: 29.974 ms
Download: 16.60 Mbit/s
Upload: 0.57 Mbit/s
Mon Apr 17 21:45:01 CEST 2017
Ping: 29.231 ms
Download: 9.65 Mbit/s
Upload: 0.65 Mbit/s
Mon Apr 17 22:45:01 CEST 2017
Ping: 28.915 ms
Download: 20.91 Mbit/s
Upload: 0.83 Mbit/s
Mon Apr 17 23:45:01 CEST 2017
Ping: 30.353 ms
Download: 20.33 Mbit/s
Upload: 0.85 Mbit/s
Tue Apr 18 00:45:01 CEST 2017
Ping: 30.369 ms
Download: 21.10 Mbit/s
Upload: 0.85 Mbit/s
Tue Apr 18 01:45:01 CEST 2017
Ping: 28.482 ms
Download: 19.89 Mbit/s
Upload: 0.84 Mbit/s
Tue Apr 18 02:45:01 CEST 2017
Ping: 28.84 ms
Download: 21.38 Mbit/s
Upload: 0.86 Mbit/s
Tue Apr 18 03:45:01 CEST 2017
Ping: 29.991 ms
Download: 21.30 Mbit/s
Upload: 0.87 Mbit/s
Tue Apr 18 04:45:01 CEST 2017
Ping: 26.588 ms
Download: 15.60 Mbit/s
Upload: 0.85 Mbit/s
Tue Apr 18 05:45:01 CEST 2017
Ping: 27.013 ms
Download: 8.09 Mbit/s
Upload: 0.81 Mbit/s
Tue Apr 18 06:45:01 CEST 2017
Ping: 29.512 ms
Download: 6.06 Mbit/s
Upload: 1.02 Mbit/s
Tue Apr 18 07:45:01 CEST 2017
Ping: 31.346 ms
Download: 20.74 Mbit/s
Upload: 0.86 Mbit/s
Tue Apr 18 08:45:01 CEST 2017
Ping: 28.305 ms
Download: 18.44 Mbit/s
Upload: 0.66 Mbit/s
Tue Apr 18 09:45:01 CEST 2017
Ping: 29.39 ms
Download: 16.12 Mbit/s
Upload: 0.69 Mbit/s
Tue Apr 18 10:45:01 CEST 2017
Ping: 28.192 ms
Download: 21.39 Mbit/s
Upload: 0.86 Mbit/s
Tue Apr 18 11:45:01 CEST 2017
Ping: 29.156 ms
Download: 17.72 Mbit/s
Upload: 0.58 Mbit/s
Tue Apr 18 12:45:01 CEST 2017
Ping: 27.681 ms
Download: 20.22 Mbit/s
Upload: 0.75 Mbit/s
Tue Apr 18 13:45:01 CEST 2017
Ping: 29.466 ms
Download: 18.88 Mbit/s
Upload: 0.79 Mbit/s
Tue Apr 18 14:45:01 CEST 2017
Ping: 31.828 ms
Download: 15.44 Mbit/s
Upload: 0.71 Mbit/s
Tue Apr 18 15:45:01 CEST 2017
Ping: 28.828 ms
Download: 12.31 Mbit/s
Upload: 0.74 Mbit/s
Tue Apr 18 16:45:01 CEST 2017
Ping: 28.912 ms
Download: 20.80 Mbit/s
Upload: 0.82 Mbit/s
Tue Apr 18 17:45:01 CEST 2017
Ping: 28.277 ms
Download: 15.59 Mbit/s
Upload: 0.76 Mbit/s
Tue Apr 18 18:45:01 CEST 2017
Ping: 31.28 ms
Download: 20.12 Mbit/s
Upload: 0.82 Mbit/s
Tue Apr 18 19:45:01 CEST 2017
Ping: 29.777 ms
Download: 18.48 Mbit/s
Upload: 0.72 Mbit/s
Tue Apr 18 20:45:01 CEST 2017
Ping: 30.58 ms
Download: 15.61 Mbit/s
Upload: 0.72 Mbit/s
Tue Apr 18 21:45:02 CEST 2017
Ping: 25.895 ms
Download: 12.03 Mbit/s
Upload: 0.83 Mbit/s
Tue Apr 18 22:45:02 CEST 2017
Ping: 27.851 ms
Download: 21.13 Mbit/s
Upload: 0.83 Mbit/s
Tue Apr 18 23:45:01 CEST 2017
Ping: 28.778 ms
Download: 15.53 Mbit/s
Upload: 0.62 Mbit/s
Wed Apr 19 00:45:01 CEST 2017
Ping: 30.392 ms
Download: 21.32 Mbit/s
Upload: 0.88 Mbit/s
Wed Apr 19 01:45:01 CEST 2017
Ping: 27.927 ms
Download: 9.65 Mbit/s
Upload: 0.91 Mbit/s
Wed Apr 19 02:45:01 CEST 2017
Ping: 29.282 ms
Download: 20.71 Mbit/s
Upload: 0.85 Mbit/s
Wed Apr 19 03:45:01 CEST 2017
Ping: 28.608 ms
Download: 20.06 Mbit/s
Upload: 0.88 Mbit/s
Wed Apr 19 04:45:01 CEST 2017
Ping: 33.302 ms
Download: 13.14 Mbit/s
Upload: 0.87 Mbit/s
Wed Apr 19 05:45:01 CEST 2017
Ping: 28.38 ms
Download: 21.21 Mbit/s
Upload: 0.88 Mbit/s
Wed Apr 19 06:45:01 CEST 2017
Ping: 26.407 ms
Download: 20.79 Mbit/s
Upload: 0.86 Mbit/s
Wed Apr 19 07:45:01 CEST 2017
Ping: 28.104 ms
Download: 19.30 Mbit/s
Upload: 0.87 Mbit/s
Wed Apr 19 08:45:01 CEST 2017
Ping: 30.102 ms
Download: 18.78 Mbit/s
Upload: 0.63 Mbit/s
Wed Apr 19 09:45:01 CEST 2017
Ping: 28.0 ms
Download: 17.95 Mbit/s
Upload: 0.67 Mbit/s
Wed Apr 19 10:45:01 CEST 2017
Ping: 30.932 ms
Download: 21.08 Mbit/s
Upload: 0.81 Mbit/s
Wed Apr 19 11:45:01 CEST 2017
Ping: 28.614 ms
Download: 19.43 Mbit/s
Upload: 0.85 Mbit/s
Wed Apr 19 12:45:01 CEST 2017
Ping: 27.736 ms
Download: 9.80 Mbit/s
Upload: 0.75 Mbit/s
Wed Apr 19 13:45:02 CEST 2017
Ping: 30.943 ms
Download: 21.28 Mbit/s
Upload: 0.86 Mbit/s
Wed Apr 19 14:45:01 CEST 2017
Ping: 27.92 ms
Download: 20.94 Mbit/s
Upload: 0.85 Mbit/s
Wed Apr 19 15:45:01 CEST 2017
Ping: 29.792 ms
Download: 21.60 Mbit/s
Upload: 0.87 Mbit/s
Wed Apr 19 16:45:01 CEST 2017
Ping: 30.792 ms
Download: 21.60 Mbit/s
Upload: 0.89 Mbit/s
Wed Apr 19 17:45:01 CEST 2017
Ping: 28.564 ms
Download: 21.52 Mbit/s
Upload: 0.87 Mbit/s
Wed Apr 19 18:45:01 CEST 2017
Ping: 26.478 ms
Download: 21.52 Mbit/s
Upload: 0.64 Mbit/s
Wed Apr 19 19:45:01 CEST 2017
Ping: 28.97 ms
Download: 21.05 Mbit/s
Upload: 0.82 Mbit/s
Wed Apr 19 20:45:01 CEST 2017
Ping: 29.859 ms
Download: 19.57 Mbit/s
Upload: 0.84 Mbit/s
Wed Apr 19 21:45:01 CEST 2017
Ping: 29.005 ms
Download: 17.77 Mbit/s
Upload: 0.60 Mbit/s
Wed Apr 19 22:45:01 CEST 2017
Ping: 28.59 ms
Download: 17.03 Mbit/s
Upload: 0.76 Mbit/s
Wed Apr 19 23:45:01 CEST 2017
Ping: 30.387 ms
Download: 21.10 Mbit/s
Upload: 0.87 Mbit/s
Thu Apr 20 00:45:01 CEST 2017
Ping: 27.934 ms
Download: 21.43 Mbit/s
Upload: 0.86 Mbit/s
Thu Apr 20 01:45:01 CEST 2017
Ping: 27.205 ms
Download: 21.13 Mbit/s
Upload: 0.84 Mbit/s
Thu Apr 20 02:45:01 CEST 2017
Ping: 28.035 ms
Download: 21.43 Mbit/s
Upload: 0.88 Mbit/s
Thu Apr 20 03:45:01 CEST 2017
Ping: 30.198 ms
Download: 21.21 Mbit/s
Upload: 0.87 Mbit/s
Thu Apr 20 04:45:01 CEST 2017
Ping: 28.351 ms
Download: 21.60 Mbit/s
Upload: 0.87 Mbit/s
Thu Apr 20 05:45:02 CEST 2017
Ping: 29.121 ms
Download: 20.71 Mbit/s
Upload: 0.87 Mbit/s
Thu Apr 20 06:45:01 CEST 2017
Ping: 29.991 ms
Download: 20.85 Mbit/s
Upload: 0.87 Mbit/s
Thu Apr 20 07:45:01 CEST 2017
Ping: 27.834 ms
Download: 17.56 Mbit/s
Upload: 0.73 Mbit/s
Thu Apr 20 08:45:01 CEST 2017
Ping: 27.1 ms
Download: 21.34 Mbit/s
Upload: 0.86 Mbit/s
Thu Apr 20 09:45:01 CEST 2017
Ping: 29.294 ms
Download: 16.70 Mbit/s
Upload: 0.62 Mbit/s
Thu Apr 20 10:45:01 CEST 2017
Ping: 27.628 ms
Download: 20.44 Mbit/s
Upload: 0.84 Mbit/s
Thu Apr 20 11:45:01 CEST 2017
Ping: 28.656 ms
Download: 20.95 Mbit/s
Upload: 0.64 Mbit/s
Thu Apr 20 12:45:01 CEST 2017
Ping: 29.605 ms
Download: 18.36 Mbit/s
Upload: 0.73 Mbit/s
Thu Apr 20 13:45:01 CEST 2017
Ping: 28.198 ms
Download: 21.36 Mbit/s
Upload: 0.88 Mbit/s
Thu Apr 20 14:45:01 CEST 2017
Ping: 28.675 ms
Download: 21.29 Mbit/s
Upload: 0.86 Mbit/s
Thu Apr 20 15:45:01 CEST 2017
Ping: 30.216 ms
Download: 20.47 Mbit/s
Upload: 0.83 Mbit/s
Thu Apr 20 16:45:01 CEST 2017
Ping: 30.599 ms
Download: 9.83 Mbit/s
Upload: 0.86 Mbit/s
Thu Apr 20 17:45:01 CEST 2017
Ping: 29.44 ms
Download: 10.90 Mbit/s
Upload: 0.83 Mbit/s
Thu Apr 20 18:45:01 CEST 2017
Ping: 31.627 ms
Download: 21.54 Mbit/s
Upload: 0.86 Mbit/s
Thu Apr 20 19:45:01 CEST 2017
Ping: 30.27 ms
Download: 21.21 Mbit/s
Upload: 0.86 Mbit/s
Thu Apr 20 20:45:01 CEST 2017
Ping: 29.998 ms
Download: 16.09 Mbit/s
Upload: 0.77 Mbit/s
Thu Apr 20 21:45:01 CEST 2017
Ping: 28.285 ms
Download: 19.09 Mbit/s
Upload: 0.66 Mbit/s
Thu Apr 20 22:45:01 CEST 2017
Ping: 30.41 ms
Download: 20.77 Mbit/s
Upload: 0.86 Mbit/s
Thu Apr 20 23:45:01 CEST 2017
Ping: 25.887 ms
Download: 19.22 Mbit/s
Upload: 0.82 Mbit/s
Fri Apr 21 00:45:01 CEST 2017
Ping: 29.605 ms
Download: 21.31 Mbit/s
Upload: 0.86 Mbit/s
Fri Apr 21 01:45:01 CEST 2017
Ping: 29.036 ms
Download: 21.13 Mbit/s
Upload: 0.84 Mbit/s
Fri Apr 21 02:45:01 CEST 2017
Ping: 29.343 ms
Download: 19.74 Mbit/s
Upload: 0.85 Mbit/s
Fri Apr 21 03:45:01 CEST 2017
Ping: 29.064 ms
Download: 21.28 Mbit/s
Upload: 0.87 Mbit/s
Fri Apr 21 04:45:01 CEST 2017
Ping: 30.39 ms
Download: 21.52 Mbit/s
Upload: 0.83 Mbit/s
Fri Apr 21 05:45:01 CEST 2017
Ping: 29.581 ms
Download: 21.25 Mbit/s
Upload: 0.87 Mbit/s
Fri Apr 21 06:45:01 CEST 2017
Ping: 26.663 ms
Download: 21.17 Mbit/s
Upload: 0.86 Mbit/s
Fri Apr 21 07:45:01 CEST 2017
Ping: 25.327 ms
Download: 18.92 Mbit/s
Upload: 0.81 Mbit/s
Fri Apr 21 08:45:01 CEST 2017
Ping: 31.641 ms
Download: 19.21 Mbit/s
Upload: 0.71 Mbit/s
Fri Apr 21 09:45:01 CEST 2017
Ping: 28.623 ms
Download: 21.06 Mbit/s
Upload: 0.80 Mbit/s
Fri Apr 21 10:45:01 CEST 2017
Ping: 28.332 ms
Download: 14.61 Mbit/s
Upload: 0.85 Mbit/s
Fri Apr 21 11:45:01 CEST 2017
Ping: 28.329 ms
Download: 14.28 Mbit/s
Upload: 0.76 Mbit/s
Fri Apr 21 12:45:01 CEST 2017
Ping: 28.969 ms
Download: 20.45 Mbit/s
Upload: 0.82 Mbit/s
Fri Apr 21 13:45:01 CEST 2017
Ping: 25.8 ms
Download: 21.08 Mbit/s
Upload: 0.88 Mbit/s
Fri Apr 21 14:45:01 CEST 2017
Ping: 27.625 ms
Download: 18.78 Mbit/s
Upload: 0.82 Mbit/s
Fri Apr 21 15:45:02 CEST 2017
Ping: 28.271 ms
Download: 18.97 Mbit/s
Upload: 0.80 Mbit/s
Fri Apr 21 16:45:01 CEST 2017
Ping: 26.835 ms
Download: 18.06 Mbit/s
Upload: 0.82 Mbit/s
Fri Apr 21 17:45:01 CEST 2017
Ping: 27.816 ms
Download: 18.42 Mbit/s
Upload: 0.72 Mbit/s
Fri Apr 21 18:45:01 CEST 2017
Ping: 27.121 ms
Download: 21.05 Mbit/s
Upload: 0.83 Mbit/s
Fri Apr 21 19:45:01 CEST 2017
Ping: 26.335 ms
Download: 20.73 Mbit/s
Upload: 0.81 Mbit/s
Fri Apr 21 20:45:01 CEST 2017
Ping: 29.431 ms
Download: 21.05 Mbit/s
Upload: 0.82 Mbit/s
Fri Apr 21 21:45:01 CEST 2017
Ping: 28.693 ms
Download: 21.01 Mbit/s
Upload: 0.77 Mbit/s
Fri Apr 21 22:45:01 CEST 2017
Ping: 28.945 ms
Download: 10.28 Mbit/s
Upload: 0.85 Mbit/s
Fri Apr 21 23:45:02 CEST 2017
Ping: 30.812 ms
Download: 21.16 Mbit/s
Upload: 0.87 Mbit/s
Sat Apr 22 00:45:01 CEST 2017
Ping: 28.783 ms
Download: 12.71 Mbit/s
Upload: 0.74 Mbit/s
Sat Apr 22 01:45:01 CEST 2017
Ping: 28.993 ms
Download: 21.47 Mbit/s
Upload: 0.86 Mbit/s
Sat Apr 22 02:45:01 CEST 2017
Ping: 30.599 ms
Download: 19.78 Mbit/s
Upload: 0.88 Mbit/s
Sat Apr 22 03:45:01 CEST 2017
Ping: 26.325 ms
Download: 21.11 Mbit/s
Upload: 0.83 Mbit/s
Sat Apr 22 04:45:01 CEST 2017
Ping: 28.332 ms
Download: 21.40 Mbit/s
Upload: 0.89 Mbit/s
Sat Apr 22 05:45:01 CEST 2017
Ping: 26.34 ms
Download: 21.10 Mbit/s
Upload: 0.85 Mbit/s
Sat Apr 22 06:45:01 CEST 2017
Ping: 28.968 ms
Download: 20.27 Mbit/s
Upload: 0.85 Mbit/s
Sat Apr 22 07:45:01 CEST 2017
Ping: 29.018 ms
Download: 21.02 Mbit/s
Upload: 0.84 Mbit/s
Sat Apr 22 08:45:01 CEST 2017
Ping: 26.267 ms
Download: 17.56 Mbit/s
Upload: 0.82 Mbit/s
Sat Apr 22 09:45:01 CEST 2017
Ping: 29.002 ms
Download: 20.33 Mbit/s
Upload: 0.81 Mbit/s
Sat Apr 22 10:45:01 CEST 2017
Ping: 29.969 ms
Download: 21.22 Mbit/s
Upload: 0.87 Mbit/s
Sat Apr 22 11:45:01 CEST 2017
Ping: 30.401 ms
Download: 20.33 Mbit/s
Upload: 0.84 Mbit/s
Sat Apr 22 12:45:01 CEST 2017
Ping: 31.048 ms
Download: 21.14 Mbit/s
Upload: 0.86 Mbit/s
Sat Apr 22 13:45:01 CEST 2017
Ping: 27.49 ms
Download: 20.48 Mbit/s
Upload: 0.86 Mbit/s
Sat Apr 22 14:45:01 CEST 2017
Ping: 28.767 ms
Download: 18.48 Mbit/s
Upload: 0.79 Mbit/s
Sat Apr 22 15:45:01 CEST 2017
Ping: 28.907 ms
Download: 20.24 Mbit/s
Upload: 0.82 Mbit/s
Sat Apr 22 16:45:01 CEST 2017
Ping: 28.695 ms
Download: 19.89 Mbit/s
Upload: 0.79 Mbit/s
Sat Apr 22 17:45:01 CEST 2017
Ping: 29.014 ms
Download: 21.12 Mbit/s
Upload: 0.84 Mbit/s
Sat Apr 22 18:45:01 CEST 2017
Ping: 28.886 ms
Download: 21.13 Mbit/s
Upload: 0.84 Mbit/s
Sat Apr 22 19:45:01 CEST 2017
Ping: 27.989 ms
Download: 20.95 Mbit/s
Upload: 0.85 Mbit/s
Sat Apr 22 20:45:01 CEST 2017
Ping: 28.121 ms
Download: 20.77 Mbit/s
Upload: 0.84 Mbit/s
Sat Apr 22 21:45:01 CEST 2017
Ping: 28.568 ms
Download: 20.79 Mbit/s
Upload: 0.84 Mbit/s
Sat Apr 22 22:45:02 CEST 2017
Ping: 28.868 ms
Download: 21.11 Mbit/s
Upload: 0.84 Mbit/s
Sat Apr 22 23:45:02 CEST 2017
Ping: 28.315 ms
Download: 21.13 Mbit/s
Upload: 0.80 Mbit/s
Sun Apr 23 00:45:01 CEST 2017
Ping: 29.658 ms
Download: 21.12 Mbit/s
Upload: 0.84 Mbit/s
Sun Apr 23 01:45:01 CEST 2017
Ping: 28.98 ms
Download: 21.44 Mbit/s
Upload: 0.86 Mbit/s
Sun Apr 23 02:45:01 CEST 2017
Ping: 28.859 ms
Download: 21.25 Mbit/s
Upload: 0.87 Mbit/s
Sun Apr 23 03:45:01 CEST 2017
Ping: 29.056 ms
Download: 21.43 Mbit/s
Upload: 0.84 Mbit/s
Sun Apr 23 04:45:01 CEST 2017
Ping: 28.255 ms
Download: 21.45 Mbit/s
Upload: 0.87 Mbit/s
Sun Apr 23 05:45:01 CEST 2017
Ping: 28.864 ms
Download: 20.90 Mbit/s
Upload: 0.84 Mbit/s
Sun Apr 23 06:45:01 CEST 2017
Ping: 30.939 ms
Download: 21.13 Mbit/s
Upload: 0.86 Mbit/s
Sun Apr 23 07:45:01 CEST 2017
Ping: 27.689 ms
Download: 21.39 Mbit/s
Upload: 0.86 Mbit/s
Sun Apr 23 08:45:01 CEST 2017
Ping: 26.757 ms
Download: 7.11 Mbit/s
Upload: 0.79 Mbit/s
Sun Apr 23 09:45:01 CEST 2017
Ping: 31.599 ms
Download: 18.65 Mbit/s
Upload: 0.76 Mbit/s
Sun Apr 23 10:45:01 CEST 2017
Ping: 29.239 ms
Download: 21.08 Mbit/s
Upload: 0.83 Mbit/s
Sun Apr 23 11:45:01 CEST 2017
Ping: 30.073 ms
Download: 20.52 Mbit/s
Upload: 0.86 Mbit/s
Sun Apr 23 12:45:01 CEST 2017
Ping: 25.486 ms
Download: 18.45 Mbit/s
Upload: 0.77 Mbit/s
Sun Apr 23 13:45:01 CEST 2017
Ping: 29.872 ms
Download: 21.13 Mbit/s
Upload: 0.85 Mbit/s
Sun Apr 23 14:45:01 CEST 2017
Ping: 29.744 ms
Download: 21.22 Mbit/s
Upload: 0.87 Mbit/s
Sun Apr 23 15:45:01 CEST 2017
Ping: 26.613 ms
Download: 20.11 Mbit/s
Upload: 0.87 Mbit/s
Sun Apr 23 16:45:01 CEST 2017
Ping: 28.501 ms
Download: 11.31 Mbit/s
Upload: 0.89 Mbit/s
Sun Apr 23 17:45:01 CEST 2017
Ping: 29.838 ms
Download: 21.60 Mbit/s
Upload: 0.78 Mbit/s
Sun Apr 23 18:45:01 CEST 2017
Ping: 29.01 ms
Download: 20.89 Mbit/s
Upload: 0.83 Mbit/s
Sun Apr 23 19:45:01 CEST 2017
Ping: 30.262 ms
Download: 20.37 Mbit/s
Upload: 0.84 Mbit/s
Sun Apr 23 20:45:01 CEST 2017
Ping: 29.309 ms
Download: 21.39 Mbit/s
Upload: 0.83 Mbit/s
Sun Apr 23 21:45:01 CEST 2017
Ping: 30.236 ms
Download: 21.42 Mbit/s
Upload: 0.84 Mbit/s
Sun Apr 23 22:45:01 CEST 2017
Ping: 29.096 ms
Download: 21.14 Mbit/s
Upload: 0.84 Mbit/s
Sun Apr 23 23:45:01 CEST 2017
Ping: 27.436 ms
Download: 21.22 Mbit/s
Upload: 0.87 Mbit/s
Mon Apr 24 00:45:01 CEST 2017
Ping: 30.083 ms
Download: 21.39 Mbit/s
Upload: 0.86 Mbit/s
Mon Apr 24 01:45:01 CEST 2017
Ping: 27.965 ms
Download: 5.94 Mbit/s
Upload: 0.87 Mbit/s
Mon Apr 24 02:45:01 CEST 2017
Ping: 29.022 ms
Download: 20.85 Mbit/s
Upload: 0.85 Mbit/s
Mon Apr 24 03:45:01 CEST 2017
Ping: 28.738 ms
Download: 21.11 Mbit/s
Upload: 0.83 Mbit/s
Mon Apr 24 04:45:01 CEST 2017
Ping: 27.972 ms
Download: 20.33 Mbit/s
Upload: 0.88 Mbit/s
Mon Apr 24 05:45:01 CEST 2017
Ping: 29.093 ms
Download: 20.31 Mbit/s
Upload: 0.86 Mbit/s
Mon Apr 24 06:45:01 CEST 2017
Ping: 28.83 ms
Download: 21.61 Mbit/s
Upload: 0.87 Mbit/s
Mon Apr 24 07:45:01 CEST 2017
Ping: 28.6 ms
Download: 21.13 Mbit/s
Upload: 0.84 Mbit/s
Mon Apr 24 08:45:01 CEST 2017
Ping: 28.962 ms
Download: 21.13 Mbit/s
Upload: 0.84 Mbit/s
Mon Apr 24 09:45:01 CEST 2017
Ping: 24.7 ms
Download: 21.19 Mbit/s
Upload: 0.86 Mbit/s
Mon Apr 24 10:45:01 CEST 2017
Ping: 27.391 ms
Download: 19.24 Mbit/s
Upload: 0.89 Mbit/s
Mon Apr 24 11:45:01 CEST 2017
Ping: 28.986 ms
Download: 14.81 Mbit/s
Upload: 0.66 Mbit/s
Mon Apr 24 12:45:01 CEST 2017
Ping: 28.912 ms
Download: 7.97 Mbit/s
Upload: 0.85 Mbit/s
Mon Apr 24 13:45:01 CEST 2017
Ping: 27.052 ms
Download: 20.87 Mbit/s
Upload: 0.85 Mbit/s
Mon Apr 24 14:45:01 CEST 2017
Ping: 30.452 ms
Download: 21.53 Mbit/s
Upload: 0.88 Mbit/s
Mon Apr 24 15:45:02 CEST 2017
Ping: 29.602 ms
Download: 21.13 Mbit/s
Upload: 0.84 Mbit/s
Mon Apr 24 16:45:01 CEST 2017
Ping: 29.87 ms
Download: 6.91 Mbit/s
Upload: 0.76 Mbit/s
Mon Apr 24 17:45:01 CEST 2017
Ping: 29.582 ms
Download: 13.21 Mbit/s
Upload: 0.85 Mbit/s
Mon Apr 24 18:45:02 CEST 2017
Ping: 28.999 ms
Download: 19.88 Mbit/s
Upload: 0.74 Mbit/s
Mon Apr 24 19:45:01 CEST 2017
Ping: 29.717 ms
Download: 19.57 Mbit/s
Upload: 0.72 Mbit/s
Mon Apr 24 20:45:01 CEST 2017
Ping: 29.821 ms
Download: 19.55 Mbit/s
Upload: 0.85 Mbit/s
Mon Apr 24 21:45:01 CEST 2017
Ping: 30.186 ms
Download: 21.14 Mbit/s
Upload: 0.84 Mbit/s
Mon Apr 24 22:45:01 CEST 2017
Ping: 30.423 ms
Download: 20.45 Mbit/s
Upload: 0.84 Mbit/s
Mon Apr 24 23:45:01 CEST 2017
Ping: 30.355 ms
Download: 16.87 Mbit/s
Upload: 0.67 Mbit/s
Tue Apr 25 00:45:01 CEST 2017
Ping: 30.938 ms
Download: 14.34 Mbit/s
Upload: 0.73 Mbit/s
Tue Apr 25 01:45:01 CEST 2017
Ping: 28.879 ms
Download: 16.39 Mbit/s
Upload: 0.79 Mbit/s
Tue Apr 25 02:45:01 CEST 2017
Ping: 29.016 ms
Download: 21.07 Mbit/s
Upload: 0.86 Mbit/s
Tue Apr 25 03:45:01 CEST 2017
Ping: 29.118 ms
Download: 21.61 Mbit/s
Upload: 0.87 Mbit/s
Tue Apr 25 04:45:01 CEST 2017
Ping: 26.597 ms
Download: 19.27 Mbit/s
Upload: 0.79 Mbit/s
Tue Apr 25 05:45:01 CEST 2017
Ping: 28.323 ms
Download: 21.58 Mbit/s
Upload: 0.87 Mbit/s
Tue Apr 25 06:45:02 CEST 2017
Ping: 27.683 ms
Download: 21.13 Mbit/s
Upload: 0.85 Mbit/s
Tue Apr 25 07:45:01 CEST 2017
Ping: 28.483 ms
Download: 21.12 Mbit/s
Upload: 0.85 Mbit/s
Tue Apr 25 08:45:01 CEST 2017
Ping: 28.137 ms
Download: 21.10 Mbit/s
Upload: 0.84 Mbit/s
Tue Apr 25 09:45:01 CEST 2017
Ping: 30.379 ms
Download: 21.43 Mbit/s
Upload: 0.88 Mbit/s
Tue Apr 25 10:45:02 CEST 2017
Ping: 27.601 ms
Download: 9.83 Mbit/s
Upload: 0.83 Mbit/s
Tue Apr 25 11:45:01 CEST 2017
Ping: 30.276 ms
Download: 21.60 Mbit/s
Upload: 0.88 Mbit/s
Tue Apr 25 12:45:02 CEST 2017
Ping: 29.635 ms
Download: 14.65 Mbit/s
Upload: 0.52 Mbit/s
Tue Apr 25 13:45:01 CEST 2017
Ping: 27.191 ms
Download: 16.13 Mbit/s
Upload: 0.85 Mbit/s
Tue Apr 25 14:45:01 CEST 2017
Ping: 28.991 ms
Download: 20.37 Mbit/s
Upload: 0.84 Mbit/s
Tue Apr 25 15:45:01 CEST 2017
Ping: 26.661 ms
Download: 20.76 Mbit/s
Upload: 0.85 Mbit/s
Tue Apr 25 16:45:01 CEST 2017
Ping: 28.898 ms
Download: 15.87 Mbit/s
Upload: 0.84 Mbit/s
Tue Apr 25 17:45:01 CEST 2017
Ping: 32.141 ms
Download: 21.29 Mbit/s
Upload: 0.80 Mbit/s
Tue Apr 25 18:45:01 CEST 2017
Ping: 31.291 ms
Download: 20.90 Mbit/s
Upload: 0.86 Mbit/s
Tue Apr 25 19:45:01 CEST 2017
Ping: 31.342 ms
Download: 20.90 Mbit/s
Upload: 0.81 Mbit/s
Tue Apr 25 20:45:01 CEST 2017
Ping: 31.592 ms
Download: 19.87 Mbit/s
Upload: 0.83 Mbit/s
Tue Apr 25 21:45:01 CEST 2017
Ping: 30.335 ms
Download: 21.10 Mbit/s
Upload: 0.85 Mbit/s
Tue Apr 25 22:45:01 CEST 2017
Ping: 28.025 ms
Download: 14.78 Mbit/s
Upload: 0.90 Mbit/s
Tue Apr 25 23:45:01 CEST 2017
Ping: 30.461 ms
Download: 21.52 Mbit/s
Upload: 0.89 Mbit/s
Wed Apr 26 00:45:01 CEST 2017
Ping: 27.083 ms
Download: 5.21 Mbit/s
Upload: 0.81 Mbit/s
Wed Apr 26 01:45:01 CEST 2017
Ping: 29.662 ms
Download: 21.39 Mbit/s
Upload: 0.87 Mbit/s
Wed Apr 26 02:45:01 CEST 2017
Ping: 27.7 ms
Download: 20.02 Mbit/s
Upload: 0.88 Mbit/s
Wed Apr 26 03:45:01 CEST 2017
Ping: 29.208 ms
Download: 20.37 Mbit/s
Upload: 0.73 Mbit/s
Wed Apr 26 04:45:01 CEST 2017
Ping: 28.016 ms
Download: 21.14 Mbit/s
Upload: 0.85 Mbit/s
Wed Apr 26 05:45:01 CEST 2017
Ping: 28.971 ms
Download: 21.47 Mbit/s
Upload: 0.89 Mbit/s
Wed Apr 26 06:45:01 CEST 2017
Ping: 28.945 ms
Download: 21.05 Mbit/s
Upload: 0.71 Mbit/s
Wed Apr 26 07:45:02 CEST 2017
Ping: 29.977 ms
Download: 21.25 Mbit/s
Upload: 0.89 Mbit/s
Wed Apr 26 08:45:01 CEST 2017
Ping: 27.649 ms
Download: 21.14 Mbit/s
Upload: 0.87 Mbit/s
Wed Apr 26 09:45:01 CEST 2017
Ping: 30.897 ms
Download: 20.59 Mbit/s
Upload: 0.85 Mbit/s
Wed Apr 26 10:45:01 CEST 2017
Ping: 30.466 ms
Download: 20.83 Mbit/s
Upload: 0.83 Mbit/s
Wed Apr 26 11:45:01 CEST 2017
Ping: 30.798 ms
Download: 20.27 Mbit/s
Upload: 0.83 Mbit/s
Wed Apr 26 12:45:01 CEST 2017
Ping: 30.165 ms
Download: 20.99 Mbit/s
Upload: 0.82 Mbit/s
Wed Apr 26 13:45:01 CEST 2017
Ping: 28.518 ms
Download: 18.39 Mbit/s
Upload: 0.69 Mbit/s
Wed Apr 26 14:45:01 CEST 2017
Ping: 28.889 ms
Download: 9.56 Mbit/s
Upload: 0.85 Mbit/s
Wed Apr 26 15:45:01 CEST 2017
Ping: 30.529 ms
Download: 21.25 Mbit/s
Upload: 0.87 Mbit/s
Wed Apr 26 16:45:01 CEST 2017
Ping: 29.05 ms
Download: 5.06 Mbit/s
Upload: 0.83 Mbit/s
Wed Apr 26 17:45:01 CEST 2017
Ping: 30.317 ms
Download: 19.66 Mbit/s
Upload: 0.81 Mbit/s
Wed Apr 26 18:45:01 CEST 2017
Ping: 29.149 ms
Download: 20.30 Mbit/s
Upload: 0.84 Mbit/s
Wed Apr 26 19:45:01 CEST 2017
Ping: 26.17 ms
Download: 13.49 Mbit/s
Upload: 0.88 Mbit/s
Wed Apr 26 20:45:02 CEST 2017
Ping: 26.596 ms
Download: 5.49 Mbit/s
Upload: 0.67 Mbit/s
Wed Apr 26 21:45:01 CEST 2017
Ping: 27.631 ms
Download: 15.52 Mbit/s
Upload: 0.57 Mbit/s
Wed Apr 26 22:45:01 CEST 2017
Ping: 27.316 ms
Download: 21.10 Mbit/s
Upload: 0.86 Mbit/s
Wed Apr 26 23:45:01 CEST 2017
Ping: 27.91 ms
Download: 21.13 Mbit/s
Upload: 0.86 Mbit/s
Thu Apr 27 00:45:01 CEST 2017
Ping: 29.888 ms
Download: 21.13 Mbit/s
Upload: 0.84 Mbit/s
Thu Apr 27 01:45:01 CEST 2017
Ping: 27.441 ms
Download: 20.57 Mbit/s
Upload: 0.86 Mbit/s
Thu Apr 27 02:45:01 CEST 2017
Ping: 27.848 ms
Download: 20.88 Mbit/s
Upload: 0.86 Mbit/s
Thu Apr 27 03:45:01 CEST 2017
Ping: 27.789 ms
Download: 21.04 Mbit/s
Upload: 0.85 Mbit/s
Thu Apr 27 04:45:01 CEST 2017
Ping: 27.69 ms
Download: 14.74 Mbit/s
Upload: 0.84 Mbit/s
Thu Apr 27 05:45:02 CEST 2017
Ping: 27.684 ms
Download: 21.12 Mbit/s
Upload: 0.85 Mbit/s
Thu Apr 27 06:45:01 CEST 2017
Ping: 29.168 ms
Download: 21.13 Mbit/s
Upload: 0.84 Mbit/s
Thu Apr 27 07:45:01 CEST 2017
Ping: 28.699 ms
Download: 14.57 Mbit/s
Upload: 0.61 Mbit/s
Thu Apr 27 08:45:01 CEST 2017
Ping: 28.826 ms
Download: 21.15 Mbit/s
Upload: 0.71 Mbit/s
Thu Apr 27 09:45:01 CEST 2017
Ping: 29.346 ms
Download: 19.35 Mbit/s
Upload: 0.79 Mbit/s
Thu Apr 27 10:45:01 CEST 2017
Ping: 29.561 ms
Download: 21.52 Mbit/s
Upload: 0.88 Mbit/s
Thu Apr 27 11:45:01 CEST 2017
Ping: 30.292 ms
Download: 20.40 Mbit/s
Upload: 0.84 Mbit/s
Thu Apr 27 12:45:01 CEST 2017
Ping: 28.722 ms
Download: 18.83 Mbit/s
Upload: 0.84 Mbit/s
Thu Apr 27 13:45:01 CEST 2017
Ping: 29.024 ms
Download: 21.25 Mbit/s
Upload: 0.82 Mbit/s
Thu Apr 27 14:45:01 CEST 2017
Ping: 28.888 ms
Download: 18.15 Mbit/s
Upload: 0.71 Mbit/s
Thu Apr 27 15:45:01 CEST 2017
Ping: 30.915 ms
Download: 21.43 Mbit/s
Upload: 0.86 Mbit/s
Thu Apr 27 16:45:01 CEST 2017
Ping: 28.014 ms
Download: 20.91 Mbit/s
Upload: 0.69 Mbit/s
Thu Apr 27 17:45:01 CEST 2017
Ping: 30.263 ms
Download: 14.39 Mbit/s
Upload: 0.60 Mbit/s
Thu Apr 27 18:45:01 CEST 2017
Ping: 29.365 ms
Download: 21.33 Mbit/s
Upload: 0.81 Mbit/s
Thu Apr 27 19:45:01 CEST 2017
Ping: 28.908 ms
Download: 21.09 Mbit/s
Upload: 0.78 Mbit/s
Thu Apr 27 20:45:01 CEST 2017
Ping: 27.098 ms
Download: 10.74 Mbit/s
Upload: 0.68 Mbit/s
Thu Apr 27 21:45:01 CEST 2017
Ping: 28.62 ms
Download: 19.96 Mbit/s
Upload: 0.51 Mbit/s
Thu Apr 27 22:45:01 CEST 2017
Ping: 29.553 ms
Download: 11.44 Mbit/s
Upload: 0.80 Mbit/s
Thu Apr 27 23:45:01 CEST 2017
Ping: 29.601 ms
Download: 21.06 Mbit/s
Upload: 0.86 Mbit/s
Fri Apr 28 00:45:01 CEST 2017
Ping: 30.666 ms
Download: 21.24 Mbit/s
Upload: 0.89 Mbit/s
Fri Apr 28 01:45:01 CEST 2017
Ping: 29.749 ms
Download: 20.86 Mbit/s
Upload: 0.86 Mbit/s
Fri Apr 28 02:45:01 CEST 2017
Ping: 29.299 ms
Download: 21.39 Mbit/s
Upload: 0.88 Mbit/s
Fri Apr 28 03:45:01 CEST 2017
Ping: 28.36 ms
Download: 21.12 Mbit/s
Upload: 0.85 Mbit/s
Fri Apr 28 04:45:01 CEST 2017
Ping: 28.515 ms
Download: 21.13 Mbit/s
Upload: 0.85 Mbit/s
Fri Apr 28 05:45:01 CEST 2017
Ping: 27.56 ms
Download: 9.65 Mbit/s
Upload: 0.90 Mbit/s
Fri Apr 28 06:45:01 CEST 2017
Ping: 30.403 ms
Download: 20.93 Mbit/s
Upload: 0.88 Mbit/s
Fri Apr 28 07:45:01 CEST 2017
Ping: 28.395 ms
Download: 19.29 Mbit/s
Upload: 0.85 Mbit/s
Fri Apr 28 08:45:01 CEST 2017
Ping: 29.047 ms
Download: 13.53 Mbit/s
Upload: 0.84 Mbit/s
Fri Apr 28 09:45:01 CEST 2017
Ping: 31.269 ms
Download: 20.28 Mbit/s
Upload: 0.87 Mbit/s
Fri Apr 28 10:45:01 CEST 2017
Ping: 27.015 ms
Download: 21.06 Mbit/s
Upload: 0.85 Mbit/s
Fri Apr 28 11:45:01 CEST 2017
Ping: 27.431 ms
Download: 21.10 Mbit/s
Upload: 0.85 Mbit/s
Fri Apr 28 12:45:01 CEST 2017
Ping: 27.524 ms
Download: 11.02 Mbit/s
Upload: 0.68 Mbit/s
Fri Apr 28 13:45:01 CEST 2017
Ping: 28.685 ms
Download: 17.13 Mbit/s
Upload: 0.86 Mbit/s
Fri Apr 28 14:45:01 CEST 2017
Ping: 29.154 ms
Download: 7.17 Mbit/s
Upload: 0.79 Mbit/s
Fri Apr 28 15:45:02 CEST 2017
Ping: 29.93 ms
Download: 20.53 Mbit/s
Upload: 0.80 Mbit/s
Fri Apr 28 16:45:01 CEST 2017
Ping: 29.973 ms
Download: 19.39 Mbit/s
Upload: 0.74 Mbit/s
Fri Apr 28 17:45:01 CEST 2017
Ping: 28.438 ms
Download: 9.25 Mbit/s
Upload: 0.77 Mbit/s
Fri Apr 28 18:45:01 CEST 2017
Ping: 28.277 ms
Download: 21.12 Mbit/s
Upload: 0.85 Mbit/s
Fri Apr 28 19:45:01 CEST 2017
Ping: 27.028 ms
Download: 21.08 Mbit/s
Upload: 0.85 Mbit/s
Fri Apr 28 20:45:01 CEST 2017
Ping: 29.551 ms
Download: 8.15 Mbit/s
Upload: 0.98 Mbit/s
Fri Apr 28 21:45:01 CEST 2017
Ping: 29.648 ms
Download: 17.24 Mbit/s
Upload: 0.44 Mbit/s
Fri Apr 28 22:45:01 CEST 2017
Ping: 29.356 ms
Download: 21.44 Mbit/s
Upload: 0.88 Mbit/s
Fri Apr 28 23:45:01 CEST 2017
Ping: 26.87 ms
Download: 9.51 Mbit/s
Upload: 0.88 Mbit/s
Sat Apr 29 00:45:01 CEST 2017
Ping: 27.101 ms
Download: 21.42 Mbit/s
Upload: 0.88 Mbit/s
Sat Apr 29 01:45:01 CEST 2017
Ping: 28.721 ms
Download: 21.12 Mbit/s
Upload: 0.86 Mbit/s
Sat Apr 29 02:45:01 CEST 2017
Ping: 26.374 ms
Download: 20.80 Mbit/s
Upload: 0.86 Mbit/s
Sat Apr 29 03:45:01 CEST 2017
Ping: 26.428 ms
Download: 20.46 Mbit/s
Upload: 0.84 Mbit/s
Sat Apr 29 04:45:01 CEST 2017
Ping: 26.524 ms
Download: 21.05 Mbit/s
Upload: 0.87 Mbit/s
Sat Apr 29 05:45:01 CEST 2017
Ping: 27.892 ms
Download: 20.98 Mbit/s
Upload: 0.69 Mbit/s
Sat Apr 29 06:45:01 CEST 2017
Ping: 30.564 ms
Download: 21.52 Mbit/s
Upload: 0.87 Mbit/s
Sat Apr 29 07:45:01 CEST 2017
Ping: 25.929 ms
Download: 10.40 Mbit/s
Upload: 0.90 Mbit/s
Sat Apr 29 08:45:01 CEST 2017
Ping: 29.002 ms
Download: 7.38 Mbit/s
Upload: 0.81 Mbit/s
Sat Apr 29 09:45:01 CEST 2017
Ping: 29.802 ms
Download: 14.06 Mbit/s
Upload: 0.48 Mbit/s
Sat Apr 29 10:45:01 CEST 2017
Ping: 30.793 ms
Download: 18.06 Mbit/s
Upload: 0.84 Mbit/s
Sat Apr 29 11:45:01 CEST 2017
Ping: 30.099 ms
Download: 20.87 Mbit/s
Upload: 0.81 Mbit/s
Sat Apr 29 12:45:01 CEST 2017
Ping: 26.972 ms
Download: 9.68 Mbit/s
Upload: 0.78 Mbit/s
Sat Apr 29 13:45:01 CEST 2017
Ping: 28.711 ms
Download: 13.37 Mbit/s
Upload: 0.91 Mbit/s
Sat Apr 29 14:45:01 CEST 2017
Ping: 28.758 ms
Download: 5.75 Mbit/s
Upload: 0.87 Mbit/s
Sat Apr 29 15:45:01 CEST 2017
Ping: 27.376 ms
Download: 16.25 Mbit/s
Upload: 0.76 Mbit/s
Sat Apr 29 16:45:01 CEST 2017
Ping: 29.57 ms
Download: 21.14 Mbit/s
Upload: 0.84 Mbit/s
Sat Apr 29 17:45:01 CEST 2017
Ping: 26.521 ms
Download: 17.40 Mbit/s
Upload: 0.84 Mbit/s
Sat Apr 29 18:45:01 CEST 2017
Ping: 28.07 ms
Download: 21.08 Mbit/s
Upload: 0.83 Mbit/s
Sat Apr 29 19:45:01 CEST 2017
Ping: 27.58 ms
Download: 9.51 Mbit/s
Upload: 0.80 Mbit/s
Sat Apr 29 20:45:02 CEST 2017
Ping: 29.131 ms
Download: 21.21 Mbit/s
Upload: 0.88 Mbit/s
Sat Apr 29 21:45:01 CEST 2017
Ping: 28.531 ms
Download: 20.58 Mbit/s
Upload: 0.85 Mbit/s
Sat Apr 29 22:45:01 CEST 2017
Ping: 27.569 ms
Download: 19.13 Mbit/s
Upload: 0.77 Mbit/s
Sat Apr 29 23:45:01 CEST 2017
Ping: 27.959 ms
Download: 13.88 Mbit/s
Upload: 0.91 Mbit/s
Sun Apr 30 00:45:01 CEST 2017
Ping: 27.942 ms
Download: 20.82 Mbit/s
Upload: 0.86 Mbit/s
Sun Apr 30 01:45:01 CEST 2017
Ping: 28.933 ms
Download: 21.34 Mbit/s
Upload: 0.86 Mbit/s
Sun Apr 30 02:45:01 CEST 2017
Ping: 28.47 ms
Download: 19.88 Mbit/s
Upload: 0.84 Mbit/s
Sun Apr 30 03:45:01 CEST 2017
Ping: 29.225 ms
Download: 21.12 Mbit/s
Upload: 0.88 Mbit/s
Sun Apr 30 04:45:01 CEST 2017
Ping: 28.27 ms
Download: 21.04 Mbit/s
Upload: 0.85 Mbit/s
Sun Apr 30 05:45:01 CEST 2017
Ping: 27.942 ms
Download: 21.11 Mbit/s
Upload: 0.84 Mbit/s
Sun Apr 30 06:45:01 CEST 2017
Ping: 28.28 ms
Download: 21.57 Mbit/s
Upload: 0.89 Mbit/s
Sun Apr 30 07:45:01 CEST 2017
Ping: 30.051 ms
Download: 21.13 Mbit/s
Upload: 0.86 Mbit/s
Sun Apr 30 08:45:01 CEST 2017
Ping: 27.915 ms
Download: 20.96 Mbit/s
Upload: 0.78 Mbit/s
Sun Apr 30 09:45:01 CEST 2017
Ping: 31.391 ms
Download: 14.83 Mbit/s
Upload: 0.87 Mbit/s
Sun Apr 30 10:45:01 CEST 2017
Ping: 28.256 ms
Download: 21.01 Mbit/s
Upload: 0.82 Mbit/s
Sun Apr 30 11:45:01 CEST 2017
Ping: 28.96 ms
Download: 19.91 Mbit/s
Upload: 0.79 Mbit/s
Sun Apr 30 12:45:01 CEST 2017
Ping: 30.175 ms
Download: 21.08 Mbit/s
Upload: 0.85 Mbit/s
Sun Apr 30 13:45:02 CEST 2017
Ping: 29.02 ms
Download: 19.60 Mbit/s
Upload: 0.79 Mbit/s
Sun Apr 30 14:45:01 CEST 2017
Ping: 28.837 ms
Download: 21.09 Mbit/s
Upload: 0.82 Mbit/s
Sun Apr 30 15:45:01 CEST 2017
Ping: 27.579 ms
Download: 8.89 Mbit/s
Upload: 0.74 Mbit/s
Sun Apr 30 16:45:01 CEST 2017
Ping: 28.635 ms
Download: 20.17 Mbit/s
Upload: 0.83 Mbit/s
Sun Apr 30 17:45:01 CEST 2017
Ping: 29.227 ms
Download: 15.70 Mbit/s
Upload: 0.85 Mbit/s
Sun Apr 30 18:45:01 CEST 2017
Ping: 26.611 ms
Download: 20.84 Mbit/s
Upload: 0.84 Mbit/s
Sun Apr 30 19:45:01 CEST 2017
Ping: 28.745 ms
Download: 20.76 Mbit/s
Upload: 0.83 Mbit/s
Sun Apr 30 20:45:01 CEST 2017
Ping: 29.089 ms
Download: 21.40 Mbit/s
Upload: 0.87 Mbit/s
Sun Apr 30 21:45:01 CEST 2017
Ping: 30.547 ms
Download: 21.40 Mbit/s
Upload: 0.88 Mbit/s
Sun Apr 30 22:45:01 CEST 2017
Ping: 27.663 ms
Download: 20.52 Mbit/s
Upload: 0.84 Mbit/s
Sun Apr 30 23:45:01 CEST 2017
Ping: 32.114 ms
Download: 17.80 Mbit/s
Upload: 0.89 Mbit/s
