Sun Oct  1 00:45:01 CEST 2017
Ping: 28.248 ms
Download: 122.19 Mbit/s
Upload: 5.58 Mbit/s
Sun Oct  1 01:45:01 CEST 2017
Ping: 29.821 ms
Download: 120.30 Mbit/s
Upload: 5.56 Mbit/s
Sun Oct  1 02:45:01 CEST 2017
Ping: 27.009 ms
Download: 96.70 Mbit/s
Upload: 5.59 Mbit/s
Sun Oct  1 03:45:01 CEST 2017
Ping: 30.036 ms
Download: 126.02 Mbit/s
Upload: 5.61 Mbit/s
Sun Oct  1 04:45:01 CEST 2017
Ping: 29.341 ms
Download: 119.88 Mbit/s
Upload: 5.56 Mbit/s
Sun Oct  1 05:45:01 CEST 2017
Ping: 28.162 ms
Download: 127.58 Mbit/s
Upload: 5.64 Mbit/s
Sun Oct  1 06:45:01 CEST 2017
Ping: 29.456 ms
Download: 125.31 Mbit/s
Upload: 5.63 Mbit/s
Sun Oct  1 07:45:01 CEST 2017
Ping: 27.946 ms
Download: 118.28 Mbit/s
Upload: 5.68 Mbit/s
Sun Oct  1 08:45:01 CEST 2017
Ping: 28.031 ms
Download: 123.71 Mbit/s
Upload: 5.50 Mbit/s
Sun Oct  1 09:45:02 CEST 2017
Ping: 27.49 ms
Download: 126.56 Mbit/s
Upload: 5.59 Mbit/s
Sun Oct  1 10:45:02 CEST 2017
Ping: 27.614 ms
Download: 125.99 Mbit/s
Upload: 5.60 Mbit/s
Sun Oct  1 11:45:01 CEST 2017
Ping: 29.576 ms
Download: 118.64 Mbit/s
Upload: 5.59 Mbit/s
Sun Oct  1 12:45:01 CEST 2017
Ping: 30.046 ms
Download: 125.23 Mbit/s
Upload: 5.63 Mbit/s
Sun Oct  1 13:45:01 CEST 2017
Ping: 29.373 ms
Download: 126.69 Mbit/s
Upload: 5.39 Mbit/s
Sun Oct  1 14:45:01 CEST 2017
Ping: 33.444 ms
Download: 111.51 Mbit/s
Upload: 5.40 Mbit/s
Sun Oct  1 15:45:02 CEST 2017
Ping: 28.534 ms
Download: 120.26 Mbit/s
Upload: 5.60 Mbit/s
Sun Oct  1 16:45:01 CEST 2017
Ping: 30.431 ms
Download: 113.89 Mbit/s
Upload: 5.52 Mbit/s
Sun Oct  1 17:45:01 CEST 2017
Ping: 31.635 ms
Download: 116.54 Mbit/s
Upload: 5.62 Mbit/s
Sun Oct  1 18:45:01 CEST 2017
Ping: 28.124 ms
Download: 118.86 Mbit/s
Upload: 5.62 Mbit/s
Sun Oct  1 19:45:01 CEST 2017
Ping: 27.645 ms
Download: 122.22 Mbit/s
Upload: 4.28 Mbit/s
Sun Oct  1 20:45:01 CEST 2017
Ping: 29.157 ms
Download: 126.37 Mbit/s
Upload: 5.60 Mbit/s
Sun Oct  1 21:45:01 CEST 2017
Ping: 30.467 ms
Download: 123.82 Mbit/s
Upload: 5.42 Mbit/s
Sun Oct  1 22:45:02 CEST 2017
Ping: 28.636 ms
Download: 125.83 Mbit/s
Upload: 5.64 Mbit/s
Sun Oct  1 23:45:01 CEST 2017
Ping: 28.141 ms
Download: 98.20 Mbit/s
Upload: 5.66 Mbit/s
Mon Oct  2 00:45:01 CEST 2017
Ping: 30.404 ms
Download: 119.15 Mbit/s
Upload: 5.67 Mbit/s
Mon Oct  2 01:45:01 CEST 2017
Ping: 27.73 ms
Download: 123.00 Mbit/s
Upload: 5.62 Mbit/s
Mon Oct  2 02:45:01 CEST 2017
Ping: 28.138 ms
Download: 118.01 Mbit/s
Upload: 5.62 Mbit/s
Mon Oct  2 03:45:01 CEST 2017
Ping: 27.728 ms
Download: 109.34 Mbit/s
Upload: 5.61 Mbit/s
Mon Oct  2 04:45:01 CEST 2017
Ping: 27.908 ms
Download: 120.32 Mbit/s
Upload: 5.61 Mbit/s
Mon Oct  2 05:45:02 CEST 2017
Ping: 27.976 ms
Download: 122.67 Mbit/s
Upload: 5.56 Mbit/s
Mon Oct  2 06:45:01 CEST 2017
Ping: 25.071 ms
Download: 116.46 Mbit/s
Upload: 5.60 Mbit/s
Mon Oct  2 07:45:01 CEST 2017
Ping: 27.822 ms
Download: 126.78 Mbit/s
Upload: 5.59 Mbit/s
Mon Oct  2 08:45:01 CEST 2017
Ping: 30.168 ms
Download: 125.79 Mbit/s
Upload: 5.58 Mbit/s
Mon Oct  2 09:45:01 CEST 2017
Ping: 27.595 ms
Download: 123.77 Mbit/s
Upload: 5.62 Mbit/s
Mon Oct  2 10:45:01 CEST 2017
Ping: 28.479 ms
Download: 119.53 Mbit/s
Upload: 5.29 Mbit/s
Mon Oct  2 11:45:01 CEST 2017
Ping: 29.763 ms
Download: 124.65 Mbit/s
Upload: 5.43 Mbit/s
Mon Oct  2 12:45:01 CEST 2017
Ping: 27.822 ms
Download: 114.02 Mbit/s
Upload: 5.61 Mbit/s
Mon Oct  2 13:45:01 CEST 2017
Ping: 29.586 ms
Download: 118.12 Mbit/s
Upload: 5.42 Mbit/s
Mon Oct  2 14:45:01 CEST 2017
Ping: 29.092 ms
Download: 112.37 Mbit/s
Upload: 5.45 Mbit/s
Mon Oct  2 15:45:01 CEST 2017
Ping: 27.652 ms
Download: 123.15 Mbit/s
Upload: 5.55 Mbit/s
Mon Oct  2 16:45:02 CEST 2017
Ping: 30.224 ms
Download: 117.77 Mbit/s
Upload: 5.55 Mbit/s
Mon Oct  2 17:45:01 CEST 2017
Ping: 30.124 ms
Download: 122.75 Mbit/s
Upload: 5.43 Mbit/s
Mon Oct  2 18:45:01 CEST 2017
Ping: 31.487 ms
Download: 110.36 Mbit/s
Upload: 5.56 Mbit/s
Mon Oct  2 19:45:01 CEST 2017
Ping: 28.242 ms
Download: 126.01 Mbit/s
Upload: 5.54 Mbit/s
Mon Oct  2 20:45:01 CEST 2017
Ping: 29.315 ms
Download: 114.57 Mbit/s
Upload: 5.50 Mbit/s
Mon Oct  2 21:45:01 CEST 2017
Ping: 28.202 ms
Download: 119.38 Mbit/s
Upload: 5.48 Mbit/s
Mon Oct  2 22:45:01 CEST 2017
Ping: 29.394 ms
Download: 122.96 Mbit/s
Upload: 5.65 Mbit/s
Mon Oct  2 23:45:01 CEST 2017
Ping: 29.35 ms
Download: 121.34 Mbit/s
Upload: 5.52 Mbit/s
Tue Oct  3 00:45:01 CEST 2017
Ping: 29.813 ms
Download: 124.46 Mbit/s
Upload: 5.64 Mbit/s
Tue Oct  3 01:45:01 CEST 2017
Ping: 30.436 ms
Download: 122.16 Mbit/s
Upload: 5.63 Mbit/s
Tue Oct  3 02:45:01 CEST 2017
Ping: 27.801 ms
Download: 117.56 Mbit/s
Upload: 5.62 Mbit/s
Tue Oct  3 03:45:01 CEST 2017
Ping: 28.862 ms
Download: 114.30 Mbit/s
Upload: 5.64 Mbit/s
Tue Oct  3 04:45:01 CEST 2017
Ping: 27.993 ms
Download: 121.35 Mbit/s
Upload: 5.65 Mbit/s
Tue Oct  3 05:45:01 CEST 2017
Ping: 28.984 ms
Download: 124.65 Mbit/s
Upload: 5.59 Mbit/s
Tue Oct  3 06:45:01 CEST 2017
Ping: 29.12 ms
Download: 122.30 Mbit/s
Upload: 5.62 Mbit/s
Tue Oct  3 07:45:01 CEST 2017
Ping: 27.817 ms
Download: 123.88 Mbit/s
Upload: 4.23 Mbit/s
Tue Oct  3 08:45:01 CEST 2017
Ping: 27.773 ms
Download: 123.29 Mbit/s
Upload: 5.55 Mbit/s
Tue Oct  3 09:45:01 CEST 2017
Ping: 30.664 ms
Download: 124.98 Mbit/s
Upload: 5.62 Mbit/s
Tue Oct  3 10:45:02 CEST 2017
Ping: 29.938 ms
Download: 76.69 Mbit/s
Upload: 5.60 Mbit/s
Tue Oct  3 11:45:01 CEST 2017
Ping: 30.29 ms
Download: 119.75 Mbit/s
Upload: 5.56 Mbit/s
Tue Oct  3 12:45:01 CEST 2017
Ping: 30.525 ms
Download: 122.04 Mbit/s
Upload: 5.51 Mbit/s
Tue Oct  3 13:45:01 CEST 2017
Ping: 30.69 ms
Download: 125.46 Mbit/s
Upload: 5.48 Mbit/s
Tue Oct  3 14:45:01 CEST 2017
Ping: 27.427 ms
Download: 107.86 Mbit/s
Upload: 5.56 Mbit/s
Tue Oct  3 15:45:01 CEST 2017
Ping: 28.841 ms
Download: 120.39 Mbit/s
Upload: 5.49 Mbit/s
Tue Oct  3 16:45:01 CEST 2017
Ping: 29.758 ms
Download: 109.92 Mbit/s
Upload: 5.13 Mbit/s
Tue Oct  3 17:45:01 CEST 2017
Ping: 29.803 ms
Download: 122.23 Mbit/s
Upload: 5.54 Mbit/s
Tue Oct  3 18:45:02 CEST 2017
Ping: 28.16 ms
Download: 126.06 Mbit/s
Upload: 5.61 Mbit/s
Tue Oct  3 19:45:02 CEST 2017
Ping: 28.502 ms
Download: 117.43 Mbit/s
Upload: 5.61 Mbit/s
Tue Oct  3 20:45:02 CEST 2017
Ping: 32.424 ms
Download: 122.09 Mbit/s
Upload: 5.61 Mbit/s
Tue Oct  3 21:45:01 CEST 2017
Ping: 28.013 ms
Download: 110.21 Mbit/s
Upload: 5.61 Mbit/s
Tue Oct  3 22:45:01 CEST 2017
Ping: 32.131 ms
Download: 125.33 Mbit/s
Upload: 5.63 Mbit/s
Tue Oct  3 23:45:01 CEST 2017
Ping: 28.175 ms
Download: 115.63 Mbit/s
Upload: 5.38 Mbit/s
Wed Oct  4 00:45:01 CEST 2017
Ping: 28.134 ms
Download: 122.23 Mbit/s
Upload: 5.55 Mbit/s
Wed Oct  4 01:45:01 CEST 2017
Ping: 30.108 ms
Download: 116.63 Mbit/s
Upload: 5.57 Mbit/s
Wed Oct  4 02:45:01 CEST 2017
Ping: 27.813 ms
Download: 124.06 Mbit/s
Upload: 5.64 Mbit/s
Wed Oct  4 03:45:01 CEST 2017
Ping: 29.246 ms
Download: 118.96 Mbit/s
Upload: 5.61 Mbit/s
Wed Oct  4 04:45:01 CEST 2017
Ping: 29.045 ms
Download: 118.91 Mbit/s
Upload: 5.13 Mbit/s
Wed Oct  4 05:45:01 CEST 2017
Ping: 28.485 ms
Download: 122.66 Mbit/s
Upload: 5.64 Mbit/s
Wed Oct  4 06:45:01 CEST 2017
Ping: 28.919 ms
Download: 126.83 Mbit/s
Upload: 5.59 Mbit/s
Wed Oct  4 07:45:01 CEST 2017
Ping: 27.88 ms
Download: 109.25 Mbit/s
Upload: 4.43 Mbit/s
Wed Oct  4 08:45:01 CEST 2017
Ping: 29.374 ms
Download: 119.62 Mbit/s
Upload: 5.61 Mbit/s
Wed Oct  4 09:45:01 CEST 2017
Ping: 27.2 ms
Download: 120.93 Mbit/s
Upload: 5.63 Mbit/s
Wed Oct  4 10:45:01 CEST 2017
Ping: 28.97 ms
Download: 123.95 Mbit/s
Upload: 5.60 Mbit/s
Wed Oct  4 11:45:01 CEST 2017
Ping: 29.424 ms
Download: 119.88 Mbit/s
Upload: 5.61 Mbit/s
Wed Oct  4 12:45:01 CEST 2017
Ping: 28.535 ms
Download: 122.63 Mbit/s
Upload: 5.64 Mbit/s
Wed Oct  4 13:45:01 CEST 2017
Ping: 29.824 ms
Download: 110.04 Mbit/s
Upload: 5.67 Mbit/s
Wed Oct  4 14:45:01 CEST 2017
Ping: 30.416 ms
Download: 123.79 Mbit/s
Upload: 5.56 Mbit/s
Wed Oct  4 15:45:01 CEST 2017
Ping: 29.017 ms
Download: 116.17 Mbit/s
Upload: 5.53 Mbit/s
Wed Oct  4 16:45:01 CEST 2017
Ping: 29.92 ms
Download: 105.21 Mbit/s
Upload: 5.50 Mbit/s
Wed Oct  4 17:45:01 CEST 2017
Ping: 29.387 ms
Download: 113.31 Mbit/s
Upload: 5.35 Mbit/s
Wed Oct  4 18:45:01 CEST 2017
Ping: 29.203 ms
Download: 126.35 Mbit/s
Upload: 5.26 Mbit/s
Wed Oct  4 19:45:01 CEST 2017
Ping: 27.804 ms
Download: 114.49 Mbit/s
Upload: 5.61 Mbit/s
Wed Oct  4 20:45:01 CEST 2017
Ping: 28.608 ms
Download: 111.63 Mbit/s
Upload: 5.25 Mbit/s
Wed Oct  4 21:45:01 CEST 2017
Ping: 30.746 ms
Download: 110.61 Mbit/s
Upload: 5.58 Mbit/s
Wed Oct  4 22:45:01 CEST 2017
Ping: 30.19 ms
Download: 123.99 Mbit/s
Upload: 5.53 Mbit/s
Wed Oct  4 23:45:01 CEST 2017
Ping: 27.561 ms
Download: 115.90 Mbit/s
Upload: 5.45 Mbit/s
Thu Oct  5 00:45:01 CEST 2017
Ping: 28.826 ms
Download: 107.40 Mbit/s
Upload: 5.65 Mbit/s
Thu Oct  5 01:45:01 CEST 2017
Ping: 28.498 ms
Download: 124.94 Mbit/s
Upload: 5.57 Mbit/s
Thu Oct  5 02:45:01 CEST 2017
Ping: 28.957 ms
Download: 123.96 Mbit/s
Upload: 5.64 Mbit/s
Thu Oct  5 03:45:01 CEST 2017
Ping: 28.461 ms
Download: 108.62 Mbit/s
Upload: 5.60 Mbit/s
Thu Oct  5 04:45:01 CEST 2017
Ping: 26.754 ms
Download: 127.88 Mbit/s
Upload: 5.61 Mbit/s
Thu Oct  5 05:45:01 CEST 2017
Ping: 31.445 ms
Download: 123.64 Mbit/s
Upload: 5.55 Mbit/s
Thu Oct  5 06:45:01 CEST 2017
Ping: 26.542 ms
Download: 120.45 Mbit/s
Upload: 5.59 Mbit/s
Thu Oct  5 07:45:01 CEST 2017
Ping: 28.395 ms
Download: 122.22 Mbit/s
Upload: 5.58 Mbit/s
Thu Oct  5 08:45:01 CEST 2017
Ping: 27.791 ms
Download: 126.07 Mbit/s
Upload: 5.57 Mbit/s
Thu Oct  5 09:45:01 CEST 2017
Ping: 30.164 ms
Download: 126.76 Mbit/s
Upload: 5.64 Mbit/s
Thu Oct  5 10:45:01 CEST 2017
Ping: 27.759 ms
Download: 125.88 Mbit/s
Upload: 5.63 Mbit/s
Thu Oct  5 11:45:01 CEST 2017
Ping: 26.227 ms
Download: 102.75 Mbit/s
Upload: 5.34 Mbit/s
Thu Oct  5 12:45:01 CEST 2017
Ping: 27.257 ms
Download: 121.71 Mbit/s
Upload: 5.59 Mbit/s
Thu Oct  5 13:45:01 CEST 2017
Ping: 29.111 ms
Download: 75.33 Mbit/s
Upload: 5.59 Mbit/s
Thu Oct  5 14:45:01 CEST 2017
Ping: 29.026 ms
Download: 126.54 Mbit/s
Upload: 4.21 Mbit/s
Thu Oct  5 15:45:01 CEST 2017
Ping: 27.639 ms
Download: 121.13 Mbit/s
Upload: 5.57 Mbit/s
Thu Oct  5 16:45:01 CEST 2017
Ping: 28.112 ms
Download: 126.08 Mbit/s
Upload: 5.40 Mbit/s
Thu Oct  5 17:45:01 CEST 2017
Ping: 29.911 ms
Download: 112.54 Mbit/s
Upload: 5.49 Mbit/s
Thu Oct  5 18:45:01 CEST 2017
Ping: 29.157 ms
Download: 119.68 Mbit/s
Upload: 3.54 Mbit/s
Thu Oct  5 19:45:01 CEST 2017
Ping: 29.537 ms
Download: 124.24 Mbit/s
Upload: 5.49 Mbit/s
Thu Oct  5 20:45:01 CEST 2017
Ping: 28.085 ms
Download: 113.20 Mbit/s
Upload: 5.58 Mbit/s
Thu Oct  5 21:45:01 CEST 2017
Ping: 28.38 ms
Download: 116.29 Mbit/s
Upload: 5.59 Mbit/s
Thu Oct  5 22:45:01 CEST 2017
Ping: 28.477 ms
Download: 124.99 Mbit/s
Upload: 5.62 Mbit/s
Thu Oct  5 23:45:01 CEST 2017
Ping: 28.0 ms
Download: 124.28 Mbit/s
Upload: 5.63 Mbit/s
Fri Oct  6 00:45:01 CEST 2017
Ping: 29.265 ms
Download: 124.16 Mbit/s
Upload: 5.59 Mbit/s
Fri Oct  6 01:45:01 CEST 2017
Ping: 27.639 ms
Download: 125.63 Mbit/s
Upload: 5.60 Mbit/s
Fri Oct  6 02:45:01 CEST 2017
Ping: 27.466 ms
Download: 118.55 Mbit/s
Upload: 5.52 Mbit/s
Fri Oct  6 03:45:01 CEST 2017
Ping: 28.289 ms
Download: 117.99 Mbit/s
Upload: 5.64 Mbit/s
Fri Oct  6 04:45:01 CEST 2017
Ping: 26.467 ms
Download: 122.91 Mbit/s
Upload: 5.57 Mbit/s
Fri Oct  6 05:45:01 CEST 2017
Ping: 27.817 ms
Download: 125.62 Mbit/s
Upload: 5.56 Mbit/s
Fri Oct  6 06:45:01 CEST 2017
Ping: 27.126 ms
Download: 125.51 Mbit/s
Upload: 5.56 Mbit/s
Fri Oct  6 07:45:01 CEST 2017
Ping: 28.124 ms
Download: 124.79 Mbit/s
Upload: 5.66 Mbit/s
Fri Oct  6 08:45:01 CEST 2017
Ping: 30.227 ms
Download: 116.79 Mbit/s
Upload: 5.40 Mbit/s
Fri Oct  6 09:45:01 CEST 2017
Ping: 31.937 ms
Download: 82.51 Mbit/s
Upload: 5.15 Mbit/s
Fri Oct  6 10:45:02 CEST 2017
Ping: 26.014 ms
Download: 125.38 Mbit/s
Upload: 5.58 Mbit/s
Fri Oct  6 11:45:01 CEST 2017
Ping: 29.101 ms
Download: 118.38 Mbit/s
Upload: 5.59 Mbit/s
Fri Oct  6 12:45:01 CEST 2017
Ping: 30.141 ms
Download: 118.08 Mbit/s
Upload: 5.07 Mbit/s
Fri Oct  6 13:45:02 CEST 2017
Ping: 30.471 ms
Download: 120.76 Mbit/s
Upload: 5.51 Mbit/s
Fri Oct  6 14:45:01 CEST 2017
Ping: 27.836 ms
Download: 125.19 Mbit/s
Upload: 5.58 Mbit/s
Fri Oct  6 15:45:01 CEST 2017
Ping: 28.743 ms
Download: 119.89 Mbit/s
Upload: 5.52 Mbit/s
Fri Oct  6 16:45:02 CEST 2017
Ping: 30.986 ms
Download: 120.74 Mbit/s
Upload: 5.41 Mbit/s
Fri Oct  6 17:45:01 CEST 2017
Ping: 30.49 ms
Download: 123.27 Mbit/s
Upload: 5.60 Mbit/s
Fri Oct  6 18:45:01 CEST 2017
Ping: 28.932 ms
Download: 120.13 Mbit/s
Upload: 5.53 Mbit/s
Fri Oct  6 19:45:01 CEST 2017
Ping: 27.785 ms
Download: 118.05 Mbit/s
Upload: 5.54 Mbit/s
Fri Oct  6 20:45:01 CEST 2017
Ping: 28.593 ms
Download: 111.11 Mbit/s
Upload: 5.45 Mbit/s
Fri Oct  6 21:45:01 CEST 2017
Ping: 27.855 ms
Download: 105.06 Mbit/s
Upload: 5.41 Mbit/s
Fri Oct  6 22:45:01 CEST 2017
Ping: 28.049 ms
Download: 122.45 Mbit/s
Upload: 5.59 Mbit/s
Fri Oct  6 23:45:02 CEST 2017
Ping: 31.926 ms
Download: 124.84 Mbit/s
Upload: 5.61 Mbit/s
Sat Oct  7 00:45:01 CEST 2017
Ping: 28.792 ms
Download: 121.64 Mbit/s
Upload: 5.45 Mbit/s
Sat Oct  7 01:45:01 CEST 2017
Ping: 29.194 ms
Download: 124.34 Mbit/s
Upload: 5.67 Mbit/s
Sat Oct  7 02:45:01 CEST 2017
Ping: 30.326 ms
Download: 124.93 Mbit/s
Upload: 5.42 Mbit/s
Sat Oct  7 03:45:01 CEST 2017
Ping: 28.18 ms
Download: 117.03 Mbit/s
Upload: 5.58 Mbit/s
Sat Oct  7 04:45:01 CEST 2017
Ping: 29.426 ms
Download: 125.12 Mbit/s
Upload: 5.65 Mbit/s
Sat Oct  7 05:45:01 CEST 2017
Ping: 28.576 ms
Download: 114.39 Mbit/s
Upload: 5.60 Mbit/s
Sat Oct  7 06:45:02 CEST 2017
Ping: 27.596 ms
Download: 118.64 Mbit/s
Upload: 5.54 Mbit/s
Sat Oct  7 07:45:01 CEST 2017
Ping: 27.681 ms
Download: 119.62 Mbit/s
Upload: 5.64 Mbit/s
Sat Oct  7 08:45:01 CEST 2017
Ping: 28.282 ms
Download: 122.22 Mbit/s
Upload: 5.49 Mbit/s
Sat Oct  7 09:45:01 CEST 2017
Ping: 29.393 ms
Download: 110.88 Mbit/s
Upload: 5.34 Mbit/s
Sat Oct  7 10:45:01 CEST 2017
Ping: 32.123 ms
Download: 121.87 Mbit/s
Upload: 4.88 Mbit/s
Sat Oct  7 11:45:01 CEST 2017
Ping: 48.389 ms
Download: 57.61 Mbit/s
Upload: 3.70 Mbit/s
Sat Oct  7 12:45:01 CEST 2017
Ping: 29.427 ms
Download: 115.90 Mbit/s
Upload: 5.59 Mbit/s
Sat Oct  7 13:45:01 CEST 2017
Ping: 31.227 ms
Download: 115.57 Mbit/s
Upload: 5.37 Mbit/s
Sat Oct  7 14:45:01 CEST 2017
Ping: 28.312 ms
Download: 115.07 Mbit/s
Upload: 4.08 Mbit/s
Sat Oct  7 15:45:01 CEST 2017
Ping: 30.011 ms
Download: 123.51 Mbit/s
Upload: 5.45 Mbit/s
Sat Oct  7 16:45:01 CEST 2017
Ping: 29.158 ms
Download: 113.91 Mbit/s
Upload: 5.13 Mbit/s
Sat Oct  7 17:45:01 CEST 2017
Ping: 28.346 ms
Download: 115.54 Mbit/s
Upload: 5.56 Mbit/s
Sat Oct  7 18:45:01 CEST 2017
Ping: 29.54 ms
Download: 122.40 Mbit/s
Upload: 5.25 Mbit/s
Sat Oct  7 19:45:01 CEST 2017
Ping: 29.99 ms
Download: 125.32 Mbit/s
Upload: 5.62 Mbit/s
Sat Oct  7 20:45:02 CEST 2017
Ping: 29.059 ms
Download: 124.74 Mbit/s
Upload: 5.62 Mbit/s
Sat Oct  7 21:45:01 CEST 2017
Ping: 29.87 ms
Download: 110.53 Mbit/s
Upload: 5.36 Mbit/s
Sat Oct  7 22:45:01 CEST 2017
Ping: 29.082 ms
Download: 111.82 Mbit/s
Upload: 5.60 Mbit/s
Sat Oct  7 23:45:01 CEST 2017
Ping: 29.04 ms
Download: 124.67 Mbit/s
Upload: 5.54 Mbit/s
Sun Oct  8 00:45:01 CEST 2017
Ping: 29.155 ms
Download: 123.01 Mbit/s
Upload: 5.63 Mbit/s
Sun Oct  8 01:45:01 CEST 2017
Ping: 29.804 ms
Download: 121.18 Mbit/s
Upload: 5.65 Mbit/s
Sun Oct  8 02:45:02 CEST 2017
Ping: 26.737 ms
Download: 125.62 Mbit/s
Upload: 5.63 Mbit/s
Sun Oct  8 03:45:01 CEST 2017
Ping: 31.269 ms
Download: 120.24 Mbit/s
Upload: 5.60 Mbit/s
Sun Oct  8 04:45:02 CEST 2017
Ping: 28.489 ms
Download: 124.53 Mbit/s
Upload: 5.51 Mbit/s
Sun Oct  8 05:45:01 CEST 2017
Ping: 30.182 ms
Download: 124.20 Mbit/s
Upload: 5.63 Mbit/s
Sun Oct  8 06:45:01 CEST 2017
Ping: 29.009 ms
Download: 118.74 Mbit/s
Upload: 5.58 Mbit/s
Sun Oct  8 07:45:02 CEST 2017
Ping: 28.73 ms
Download: 124.55 Mbit/s
Upload: 5.57 Mbit/s
Sun Oct  8 08:45:01 CEST 2017
Ping: 29.157 ms
Download: 118.56 Mbit/s
Upload: 5.59 Mbit/s
Sun Oct  8 09:45:01 CEST 2017
Ping: 30.197 ms
Download: 121.60 Mbit/s
Upload: 5.67 Mbit/s
Sun Oct  8 10:45:01 CEST 2017
Ping: 28.673 ms
Download: 120.71 Mbit/s
Upload: 5.61 Mbit/s
Sun Oct  8 11:45:01 CEST 2017
Ping: 29.289 ms
Download: 120.33 Mbit/s
Upload: 5.17 Mbit/s
Sun Oct  8 12:45:01 CEST 2017
Ping: 28.688 ms
Download: 122.72 Mbit/s
Upload: 5.50 Mbit/s
Sun Oct  8 13:45:01 CEST 2017
Ping: 30.307 ms
Download: 102.36 Mbit/s
Upload: 5.58 Mbit/s
Sun Oct  8 14:45:01 CEST 2017
Ping: 29.977 ms
Download: 124.65 Mbit/s
Upload: 5.62 Mbit/s
Sun Oct  8 15:45:01 CEST 2017
Ping: 28.484 ms
Download: 122.06 Mbit/s
Upload: 5.12 Mbit/s
Sun Oct  8 16:45:01 CEST 2017
Ping: 30.916 ms
Download: 115.31 Mbit/s
Upload: 5.30 Mbit/s
Sun Oct  8 17:45:01 CEST 2017
Ping: 27.62 ms
Download: 123.85 Mbit/s
Upload: 5.48 Mbit/s
Sun Oct  8 18:45:01 CEST 2017
Ping: 29.167 ms
Download: 124.43 Mbit/s
Upload: 5.55 Mbit/s
Sun Oct  8 19:45:01 CEST 2017
Ping: 30.676 ms
Download: 104.07 Mbit/s
Upload: 5.49 Mbit/s
Sun Oct  8 20:45:01 CEST 2017
Ping: 28.028 ms
Download: 117.64 Mbit/s
Upload: 5.60 Mbit/s
Sun Oct  8 21:45:01 CEST 2017
Ping: 28.238 ms
Download: 125.72 Mbit/s
Upload: 5.45 Mbit/s
Sun Oct  8 22:45:01 CEST 2017
Ping: 28.773 ms
Download: 118.94 Mbit/s
Upload: 5.57 Mbit/s
Sun Oct  8 23:45:01 CEST 2017
Ping: 27.971 ms
Download: 121.44 Mbit/s
Upload: 4.91 Mbit/s
Mon Oct  9 00:45:01 CEST 2017
Ping: 29.167 ms
Download: 118.04 Mbit/s
Upload: 5.49 Mbit/s
Mon Oct  9 01:45:01 CEST 2017
Ping: 30.558 ms
Download: 118.63 Mbit/s
Upload: 5.62 Mbit/s
Mon Oct  9 02:45:01 CEST 2017
Ping: 28.324 ms
Download: 120.60 Mbit/s
Upload: 5.59 Mbit/s
Mon Oct  9 03:45:01 CEST 2017
Ping: 27.536 ms
Download: 116.26 Mbit/s
Upload: 5.60 Mbit/s
Mon Oct  9 04:45:01 CEST 2017
Ping: 28.103 ms
Download: 115.34 Mbit/s
Upload: 5.58 Mbit/s
Mon Oct  9 05:45:01 CEST 2017
Ping: 29.605 ms
Download: 126.28 Mbit/s
Upload: 5.61 Mbit/s
Mon Oct  9 06:45:01 CEST 2017
Ping: 30.594 ms
Download: 118.32 Mbit/s
Upload: 5.63 Mbit/s
Mon Oct  9 07:45:01 CEST 2017
Ping: 29.096 ms
Download: 118.91 Mbit/s
Upload: 5.55 Mbit/s
Mon Oct  9 08:45:01 CEST 2017
Ping: 28.354 ms
Download: 125.77 Mbit/s
Upload: 5.65 Mbit/s
Mon Oct  9 09:45:01 CEST 2017
Ping: 31.444 ms
Download: 115.55 Mbit/s
Upload: 5.55 Mbit/s
Mon Oct  9 10:45:02 CEST 2017
Ping: 29.131 ms
Download: 123.53 Mbit/s
Upload: 5.60 Mbit/s
Mon Oct  9 11:45:01 CEST 2017
Ping: 28.301 ms
Download: 120.83 Mbit/s
Upload: 5.61 Mbit/s
Mon Oct  9 12:45:01 CEST 2017
Ping: 29.898 ms
Download: 109.13 Mbit/s
Upload: 5.59 Mbit/s
Mon Oct  9 13:45:01 CEST 2017
Ping: 28.325 ms
Download: 120.44 Mbit/s
Upload: 5.55 Mbit/s
Mon Oct  9 14:45:01 CEST 2017
Ping: 30.849 ms
Download: 125.03 Mbit/s
Upload: 5.62 Mbit/s
Mon Oct  9 15:45:01 CEST 2017
Ping: 29.135 ms
Download: 114.53 Mbit/s
Upload: 5.60 Mbit/s
Mon Oct  9 16:45:02 CEST 2017
Ping: 28.077 ms
Download: 110.72 Mbit/s
Upload: 5.57 Mbit/s
Mon Oct  9 17:45:01 CEST 2017
Ping: 24.555 ms
Download: 126.23 Mbit/s
Upload: 5.55 Mbit/s
Mon Oct  9 18:45:01 CEST 2017
Ping: 28.057 ms
Download: 127.25 Mbit/s
Upload: 5.59 Mbit/s
Mon Oct  9 19:45:01 CEST 2017
Ping: 26.072 ms
Download: 127.54 Mbit/s
Upload: 5.56 Mbit/s
Mon Oct  9 20:45:01 CEST 2017
Ping: 28.824 ms
Download: 124.24 Mbit/s
Upload: 5.57 Mbit/s
Mon Oct  9 21:45:01 CEST 2017
Ping: 26.999 ms
Download: 126.44 Mbit/s
Upload: 5.56 Mbit/s
Mon Oct  9 22:45:01 CEST 2017
Ping: 29.653 ms
Download: 127.98 Mbit/s
Upload: 5.65 Mbit/s
Mon Oct  9 23:45:01 CEST 2017
Ping: 28.991 ms
Download: 126.70 Mbit/s
Upload: 5.61 Mbit/s
Tue Oct 10 00:45:01 CEST 2017
Ping: 26.8 ms
Download: 127.55 Mbit/s
Upload: 5.61 Mbit/s
Tue Oct 10 01:45:01 CEST 2017
Ping: 25.077 ms
Download: 127.40 Mbit/s
Upload: 5.63 Mbit/s
Tue Oct 10 02:45:01 CEST 2017
Ping: 24.782 ms
Download: 125.09 Mbit/s
Upload: 5.58 Mbit/s
Tue Oct 10 03:45:02 CEST 2017
Ping: 26.497 ms
Download: 126.78 Mbit/s
Upload: 5.59 Mbit/s
Tue Oct 10 04:45:01 CEST 2017
Ping: 24.651 ms
Download: 125.68 Mbit/s
Upload: 5.63 Mbit/s
Tue Oct 10 05:45:02 CEST 2017
Ping: 27.545 ms
Download: 124.40 Mbit/s
Upload: 5.56 Mbit/s
Tue Oct 10 06:45:01 CEST 2017
Ping: 26.492 ms
Download: 126.58 Mbit/s
Upload: 5.63 Mbit/s
Tue Oct 10 07:45:01 CEST 2017
Ping: 25.849 ms
Download: 126.45 Mbit/s
Upload: 5.53 Mbit/s
Tue Oct 10 08:45:01 CEST 2017
Ping: 26.817 ms
Download: 71.28 Mbit/s
Upload: 5.52 Mbit/s
Tue Oct 10 09:45:01 CEST 2017
Ping: 24.047 ms
Download: 124.07 Mbit/s
Upload: 5.52 Mbit/s
Tue Oct 10 10:45:01 CEST 2017
Ping: 26.396 ms
Download: 118.84 Mbit/s
Upload: 5.61 Mbit/s
Tue Oct 10 11:45:01 CEST 2017
Ping: 24.201 ms
Download: 127.51 Mbit/s
Upload: 5.58 Mbit/s
Tue Oct 10 12:45:01 CEST 2017
Ping: 24.942 ms
Download: 125.91 Mbit/s
Upload: 5.61 Mbit/s
Tue Oct 10 13:45:01 CEST 2017
Ping: 26.398 ms
Download: 119.69 Mbit/s
Upload: 5.41 Mbit/s
Tue Oct 10 14:45:01 CEST 2017
Ping: 27.684 ms
Download: 119.48 Mbit/s
Upload: 5.43 Mbit/s
Tue Oct 10 15:45:01 CEST 2017
Ping: 26.412 ms
Download: 127.61 Mbit/s
Upload: 5.54 Mbit/s
Tue Oct 10 16:45:01 CEST 2017
Ping: 28.733 ms
Download: 116.84 Mbit/s
Upload: 5.54 Mbit/s
Tue Oct 10 17:45:01 CEST 2017
Ping: 27.002 ms
Download: 126.97 Mbit/s
Upload: 5.52 Mbit/s
Tue Oct 10 18:45:01 CEST 2017
Ping: 27.777 ms
Download: 114.31 Mbit/s
Upload: 5.60 Mbit/s
Tue Oct 10 19:45:01 CEST 2017
Ping: 25.675 ms
Download: 124.68 Mbit/s
Upload: 5.57 Mbit/s
Tue Oct 10 20:45:01 CEST 2017
Ping: 27.828 ms
Download: 125.97 Mbit/s
Upload: 5.56 Mbit/s
Tue Oct 10 21:45:01 CEST 2017
Ping: 26.492 ms
Download: 111.06 Mbit/s
Upload: 5.61 Mbit/s
Tue Oct 10 22:45:01 CEST 2017
Ping: 26.838 ms
Download: 126.26 Mbit/s
Upload: 5.65 Mbit/s
Tue Oct 10 23:45:02 CEST 2017
Ping: 25.185 ms
Download: 127.11 Mbit/s
Upload: 5.63 Mbit/s
Wed Oct 11 00:45:02 CEST 2017
Ping: 25.019 ms
Download: 127.37 Mbit/s
Upload: 5.61 Mbit/s
Wed Oct 11 01:45:01 CEST 2017
Ping: 28.653 ms
Download: 126.05 Mbit/s
Upload: 5.61 Mbit/s
Wed Oct 11 02:45:01 CEST 2017
Ping: 26.565 ms
Download: 127.56 Mbit/s
Upload: 5.61 Mbit/s
Wed Oct 11 03:45:01 CEST 2017
Ping: 24.737 ms
Download: 127.58 Mbit/s
Upload: 5.63 Mbit/s
Wed Oct 11 04:45:01 CEST 2017
Ping: 26.418 ms
Download: 127.02 Mbit/s
Upload: 5.64 Mbit/s
Wed Oct 11 05:45:01 CEST 2017
Ping: 27.766 ms
Download: 121.95 Mbit/s
Upload: 5.62 Mbit/s
Wed Oct 11 06:45:01 CEST 2017
Ping: 25.461 ms
Download: 126.80 Mbit/s
Upload: 5.37 Mbit/s
Wed Oct 11 07:45:01 CEST 2017
Ping: 26.406 ms
Download: 107.65 Mbit/s
Upload: 5.59 Mbit/s
Wed Oct 11 08:45:01 CEST 2017
Ping: 26.048 ms
Download: 121.24 Mbit/s
Upload: 5.42 Mbit/s
Wed Oct 11 09:45:01 CEST 2017
Ping: 26.597 ms
Download: 124.49 Mbit/s
Upload: 5.62 Mbit/s
Wed Oct 11 10:45:01 CEST 2017
Ping: 24.154 ms
Download: 127.10 Mbit/s
Upload: 5.65 Mbit/s
Wed Oct 11 11:45:01 CEST 2017
Ping: 25.981 ms
Download: 126.97 Mbit/s
Upload: 5.62 Mbit/s
Wed Oct 11 12:45:01 CEST 2017
Ping: 26.375 ms
Download: 122.85 Mbit/s
Upload: 5.56 Mbit/s
Wed Oct 11 13:45:01 CEST 2017
Ping: 27.515 ms
Download: 126.91 Mbit/s
Upload: 5.43 Mbit/s
Wed Oct 11 14:45:01 CEST 2017
Ping: 24.789 ms
Download: 126.48 Mbit/s
Upload: 5.60 Mbit/s
Wed Oct 11 15:45:01 CEST 2017
Ping: 26.429 ms
Download: 121.31 Mbit/s
Upload: 5.56 Mbit/s
Wed Oct 11 16:45:01 CEST 2017
Ping: 25.632 ms
Download: 125.84 Mbit/s
Upload: 5.57 Mbit/s
Wed Oct 11 17:45:01 CEST 2017
Ping: 26.404 ms
Download: 123.15 Mbit/s
Upload: 5.60 Mbit/s
Wed Oct 11 18:45:01 CEST 2017
Ping: 26.467 ms
Download: 124.03 Mbit/s
Upload: 5.57 Mbit/s
Wed Oct 11 19:45:01 CEST 2017
Ping: 26.813 ms
Download: 117.47 Mbit/s
Upload: 5.60 Mbit/s
Wed Oct 11 20:45:01 CEST 2017
Ping: 27.792 ms
Download: 112.95 Mbit/s
Upload: 4.71 Mbit/s
Wed Oct 11 21:45:02 CEST 2017
Ping: 28.671 ms
Download: 124.47 Mbit/s
Upload: 5.58 Mbit/s
Wed Oct 11 22:45:01 CEST 2017
Ping: 28.174 ms
Download: 126.05 Mbit/s
Upload: 5.55 Mbit/s
Wed Oct 11 23:45:01 CEST 2017
Ping: 29.345 ms
Download: 123.71 Mbit/s
Upload: 5.56 Mbit/s
Thu Oct 12 00:45:01 CEST 2017
Ping: 25.929 ms
Download: 126.35 Mbit/s
Upload: 5.56 Mbit/s
Thu Oct 12 01:45:01 CEST 2017
Ping: 26.411 ms
Download: 122.56 Mbit/s
Upload: 5.47 Mbit/s
Thu Oct 12 02:45:01 CEST 2017
Ping: 27.415 ms
Download: 124.82 Mbit/s
Upload: 5.61 Mbit/s
Thu Oct 12 03:45:02 CEST 2017
Ping: 26.127 ms
Download: 109.87 Mbit/s
Upload: 5.41 Mbit/s
Thu Oct 12 04:45:01 CEST 2017
Ping: 27.072 ms
Download: 108.53 Mbit/s
Upload: 5.57 Mbit/s
Thu Oct 12 05:45:01 CEST 2017
Ping: 26.645 ms
Download: 121.04 Mbit/s
Upload: 5.56 Mbit/s
Thu Oct 12 06:45:01 CEST 2017
Ping: 28.361 ms
Download: 126.03 Mbit/s
Upload: 5.61 Mbit/s
Thu Oct 12 07:45:01 CEST 2017
Ping: 27.904 ms
Download: 107.23 Mbit/s
Upload: 5.61 Mbit/s
Thu Oct 12 08:45:01 CEST 2017
Ping: 28.826 ms
Download: 124.93 Mbit/s
Upload: 5.55 Mbit/s
Thu Oct 12 09:45:01 CEST 2017
Ping: 28.092 ms
Download: 122.42 Mbit/s
Upload: 5.59 Mbit/s
Thu Oct 12 10:45:01 CEST 2017
Ping: 28.335 ms
Download: 123.61 Mbit/s
Upload: 5.58 Mbit/s
Thu Oct 12 11:45:01 CEST 2017
Ping: 26.945 ms
Download: 124.18 Mbit/s
Upload: 5.57 Mbit/s
Thu Oct 12 12:45:01 CEST 2017
Ping: 27.655 ms
Download: 115.33 Mbit/s
Upload: 5.43 Mbit/s
Thu Oct 12 13:45:01 CEST 2017
Ping: 28.59 ms
Download: 117.30 Mbit/s
Upload: 5.55 Mbit/s
Thu Oct 12 14:45:01 CEST 2017
Ping: 25.975 ms
Download: 110.98 Mbit/s
Upload: 5.32 Mbit/s
Thu Oct 12 15:45:01 CEST 2017
Ping: 28.782 ms
Download: 122.93 Mbit/s
Upload: 5.63 Mbit/s
Thu Oct 12 16:45:01 CEST 2017
Ping: 29.34 ms
Download: 116.56 Mbit/s
Upload: 5.64 Mbit/s
Thu Oct 12 17:45:01 CEST 2017
Ping: 28.498 ms
Download: 121.37 Mbit/s
Upload: 5.37 Mbit/s
Thu Oct 12 18:45:01 CEST 2017
Ping: 27.352 ms
Download: 114.69 Mbit/s
Upload: 5.42 Mbit/s
Thu Oct 12 19:45:02 CEST 2017
Ping: 27.416 ms
Download: 125.10 Mbit/s
Upload: 5.63 Mbit/s
Thu Oct 12 20:45:01 CEST 2017
Ping: 27.932 ms
Download: 107.43 Mbit/s
Upload: 5.49 Mbit/s
Thu Oct 12 21:45:01 CEST 2017
Ping: 30.645 ms
Download: 109.54 Mbit/s
Upload: 5.33 Mbit/s
Thu Oct 12 22:45:01 CEST 2017
Ping: 26.482 ms
Download: 125.14 Mbit/s
Upload: 5.62 Mbit/s
Thu Oct 12 23:45:01 CEST 2017
Ping: 28.912 ms
Download: 117.60 Mbit/s
Upload: 5.60 Mbit/s
Fri Oct 13 00:45:01 CEST 2017
Ping: 27.466 ms
Download: 124.24 Mbit/s
Upload: 3.89 Mbit/s
Fri Oct 13 01:45:01 CEST 2017
Ping: 26.479 ms
Download: 123.25 Mbit/s
Upload: 5.58 Mbit/s
Fri Oct 13 02:45:01 CEST 2017
Ping: 27.707 ms
Download: 100.76 Mbit/s
Upload: 5.58 Mbit/s
Fri Oct 13 03:45:01 CEST 2017
Ping: 28.967 ms
Download: 126.17 Mbit/s
Upload: 5.54 Mbit/s
Fri Oct 13 04:45:01 CEST 2017
Ping: 30.322 ms
Download: 124.63 Mbit/s
Upload: 5.54 Mbit/s
Fri Oct 13 05:45:01 CEST 2017
Ping: 27.644 ms
Download: 126.19 Mbit/s
Upload: 5.61 Mbit/s
Fri Oct 13 06:45:02 CEST 2017
Ping: 28.732 ms
Download: 110.36 Mbit/s
Upload: 5.60 Mbit/s
Fri Oct 13 07:45:01 CEST 2017
Ping: 28.648 ms
Download: 126.75 Mbit/s
Upload: 5.53 Mbit/s
Fri Oct 13 08:45:02 CEST 2017
Ping: 27.841 ms
Download: 122.60 Mbit/s
Upload: 5.43 Mbit/s
Fri Oct 13 09:45:01 CEST 2017
Ping: 26.698 ms
Download: 110.03 Mbit/s
Upload: 5.63 Mbit/s
Fri Oct 13 10:45:01 CEST 2017
Ping: 26.052 ms
Download: 116.77 Mbit/s
Upload: 5.60 Mbit/s
Fri Oct 13 11:45:01 CEST 2017
Ping: 28.152 ms
Download: 125.62 Mbit/s
Upload: 5.49 Mbit/s
Fri Oct 13 12:45:01 CEST 2017
Ping: 30.175 ms
Download: 117.77 Mbit/s
Upload: 5.55 Mbit/s
Fri Oct 13 13:45:01 CEST 2017
Ping: 27.625 ms
Download: 120.83 Mbit/s
Upload: 5.51 Mbit/s
Fri Oct 13 14:45:01 CEST 2017
Ping: 29.104 ms
Download: 117.63 Mbit/s
Upload: 5.53 Mbit/s
Fri Oct 13 15:45:01 CEST 2017
Ping: 28.96 ms
Download: 119.51 Mbit/s
Upload: 5.51 Mbit/s
Fri Oct 13 16:45:01 CEST 2017
Ping: 27.762 ms
Download: 117.66 Mbit/s
Upload: 5.50 Mbit/s
Fri Oct 13 17:45:01 CEST 2017
Could not retrieve speedtest.net configuration
Fri Oct 13 18:45:01 CEST 2017
Ping: 27.198 ms
Download: 123.54 Mbit/s
Upload: 5.54 Mbit/s
Fri Oct 13 19:45:01 CEST 2017
Ping: 29.641 ms
Download: 120.50 Mbit/s
Upload: 5.44 Mbit/s
Fri Oct 13 20:45:01 CEST 2017
Ping: 29.356 ms
Download: 123.29 Mbit/s
Upload: 5.49 Mbit/s
Fri Oct 13 21:45:01 CEST 2017
Ping: 26.873 ms
Download: 126.33 Mbit/s
Upload: 5.48 Mbit/s
Fri Oct 13 22:45:01 CEST 2017
Ping: 27.793 ms
Download: 116.07 Mbit/s
Upload: 5.25 Mbit/s
Fri Oct 13 23:45:02 CEST 2017
Ping: 27.835 ms
Download: 126.13 Mbit/s
Upload: 5.65 Mbit/s
Sat Oct 14 00:45:01 CEST 2017
Ping: 26.093 ms
Download: 117.72 Mbit/s
Upload: 5.57 Mbit/s
Sat Oct 14 01:45:01 CEST 2017
Ping: 26.481 ms
Download: 124.99 Mbit/s
Upload: 5.47 Mbit/s
Sat Oct 14 02:45:01 CEST 2017
Could not retrieve speedtest.net configuration
Sat Oct 14 03:45:01 CEST 2017
Ping: 28.124 ms
Download: 125.69 Mbit/s
Upload: 5.54 Mbit/s
Sat Oct 14 04:45:01 CEST 2017
Could not retrieve speedtest.net configuration
Sat Oct 14 05:45:01 CEST 2017
Ping: 27.845 ms
Download: 114.76 Mbit/s
Upload: 5.56 Mbit/s
Sat Oct 14 06:45:01 CEST 2017
Ping: 27.597 ms
Download: 126.49 Mbit/s
Upload: 5.67 Mbit/s
Sat Oct 14 07:45:01 CEST 2017
Ping: 28.914 ms
Download: 119.69 Mbit/s
Upload: 5.51 Mbit/s
Sat Oct 14 08:45:01 CEST 2017
Ping: 26.683 ms
Download: 119.26 Mbit/s
Upload: 5.61 Mbit/s
Sat Oct 14 09:45:01 CEST 2017
Ping: 27.864 ms
Download: 118.67 Mbit/s
Upload: 5.60 Mbit/s
Sat Oct 14 10:45:01 CEST 2017
Ping: 26.255 ms
Download: 87.08 Mbit/s
Upload: 5.56 Mbit/s
Sat Oct 14 11:45:01 CEST 2017
Ping: 29.17 ms
Download: 122.91 Mbit/s
Upload: 5.62 Mbit/s
Sat Oct 14 12:45:01 CEST 2017
Ping: 28.183 ms
Download: 121.21 Mbit/s
Upload: 5.55 Mbit/s
Sat Oct 14 13:45:01 CEST 2017
Ping: 30.923 ms
Download: 121.65 Mbit/s
Upload: 5.56 Mbit/s
Sat Oct 14 14:45:01 CEST 2017
Ping: 29.12 ms
Download: 126.05 Mbit/s
Upload: 5.49 Mbit/s
Sat Oct 14 15:45:01 CEST 2017
Ping: 28.772 ms
Download: 124.06 Mbit/s
Upload: 5.54 Mbit/s
Sat Oct 14 16:45:01 CEST 2017
Ping: 27.377 ms
Download: 107.61 Mbit/s
Upload: 4.12 Mbit/s
Sat Oct 14 17:45:01 CEST 2017
Ping: 28.726 ms
Download: 118.73 Mbit/s
Upload: 4.84 Mbit/s
Sat Oct 14 18:45:01 CEST 2017
Ping: 30.702 ms
Download: 119.01 Mbit/s
Upload: 5.65 Mbit/s
Sat Oct 14 19:45:01 CEST 2017
Ping: 28.698 ms
Download: 126.54 Mbit/s
Upload: 5.57 Mbit/s
Sat Oct 14 20:45:01 CEST 2017
Ping: 28.291 ms
Download: 125.46 Mbit/s
Upload: 5.59 Mbit/s
Sat Oct 14 21:45:01 CEST 2017
Ping: 27.737 ms
Download: 117.49 Mbit/s
Upload: 5.56 Mbit/s
Sat Oct 14 22:45:01 CEST 2017
Ping: 27.789 ms
Download: 123.02 Mbit/s
Upload: 5.58 Mbit/s
Sat Oct 14 23:45:01 CEST 2017
Ping: 30.178 ms
Download: 118.53 Mbit/s
Upload: 5.44 Mbit/s
Sun Oct 15 00:45:01 CEST 2017
Ping: 26.459 ms
Download: 118.04 Mbit/s
Upload: 5.49 Mbit/s
Sun Oct 15 01:45:01 CEST 2017
Ping: 29.157 ms
Download: 126.08 Mbit/s
Upload: 5.03 Mbit/s
Sun Oct 15 02:45:01 CEST 2017
Ping: 28.59 ms
Download: 126.47 Mbit/s
Upload: 5.59 Mbit/s
Sun Oct 15 03:45:01 CEST 2017
Ping: 27.06 ms
Download: 125.82 Mbit/s
Upload: 5.57 Mbit/s
Sun Oct 15 04:45:01 CEST 2017
Ping: 27.684 ms
Download: 119.73 Mbit/s
Upload: 5.18 Mbit/s
Sun Oct 15 05:45:02 CEST 2017
Ping: 28.884 ms
Download: 125.99 Mbit/s
Upload: 5.60 Mbit/s
Sun Oct 15 06:45:01 CEST 2017
Ping: 28.138 ms
Download: 119.64 Mbit/s
Upload: 5.59 Mbit/s
Sun Oct 15 07:45:01 CEST 2017
Ping: 28.573 ms
Download: 123.46 Mbit/s
Upload: 5.60 Mbit/s
Sun Oct 15 08:45:01 CEST 2017
Ping: 28.367 ms
Download: 122.42 Mbit/s
Upload: 5.50 Mbit/s
Sun Oct 15 09:45:01 CEST 2017
Ping: 28.005 ms
Download: 123.28 Mbit/s
Upload: 5.44 Mbit/s
Sun Oct 15 10:45:01 CEST 2017
Ping: 26.475 ms
Download: 106.73 Mbit/s
Upload: 5.50 Mbit/s
Sun Oct 15 11:45:01 CEST 2017
Ping: 28.144 ms
Download: 99.10 Mbit/s
Upload: 5.39 Mbit/s
Sun Oct 15 12:45:01 CEST 2017
Ping: 30.867 ms
Download: 125.41 Mbit/s
Upload: 5.61 Mbit/s
Sun Oct 15 13:45:01 CEST 2017
Ping: 29.668 ms
Download: 124.48 Mbit/s
Upload: 5.56 Mbit/s
Sun Oct 15 14:45:01 CEST 2017
Ping: 27.789 ms
Download: 112.27 Mbit/s
Upload: 5.62 Mbit/s
Sun Oct 15 15:45:01 CEST 2017
Ping: 28.555 ms
Download: 121.06 Mbit/s
Upload: 5.58 Mbit/s
Sun Oct 15 16:45:01 CEST 2017
Ping: 27.781 ms
Download: 114.08 Mbit/s
Upload: 5.59 Mbit/s
Sun Oct 15 17:45:01 CEST 2017
Ping: 27.344 ms
Download: 113.08 Mbit/s
Upload: 5.55 Mbit/s
Sun Oct 15 18:45:01 CEST 2017
Ping: 28.141 ms
Download: 119.28 Mbit/s
Upload: 5.46 Mbit/s
Sun Oct 15 19:45:01 CEST 2017
Ping: 30.183 ms
Download: 123.05 Mbit/s
Upload: 5.51 Mbit/s
Sun Oct 15 20:45:01 CEST 2017
Ping: 31.008 ms
Download: 123.31 Mbit/s
Upload: 5.56 Mbit/s
Sun Oct 15 21:45:01 CEST 2017
Ping: 29.398 ms
Download: 120.61 Mbit/s
Upload: 5.54 Mbit/s
Sun Oct 15 22:45:01 CEST 2017
Ping: 28.329 ms
Download: 123.53 Mbit/s
Upload: 5.45 Mbit/s
Sun Oct 15 23:45:01 CEST 2017
Ping: 26.983 ms
Download: 122.06 Mbit/s
Upload: 5.59 Mbit/s
Mon Oct 16 00:45:01 CEST 2017
Ping: 26.866 ms
Download: 123.55 Mbit/s
Upload: 5.49 Mbit/s
Mon Oct 16 01:45:01 CEST 2017
Ping: 24.029 ms
Download: 105.42 Mbit/s
Upload: 5.51 Mbit/s
Mon Oct 16 02:45:01 CEST 2017
Ping: 28.501 ms
Download: 126.17 Mbit/s
Upload: 5.62 Mbit/s
Mon Oct 16 03:45:01 CEST 2017
Could not retrieve speedtest.net configuration
Mon Oct 16 04:45:01 CEST 2017
Ping: 27.826 ms
Download: 121.62 Mbit/s
Upload: 5.61 Mbit/s
Mon Oct 16 05:45:02 CEST 2017
Ping: 30.403 ms
Download: 115.97 Mbit/s
Upload: 5.62 Mbit/s
Mon Oct 16 06:45:01 CEST 2017
Ping: 31.435 ms
Download: 116.44 Mbit/s
Upload: 5.64 Mbit/s
Mon Oct 16 07:45:01 CEST 2017
Ping: 27.16 ms
Download: 123.77 Mbit/s
Upload: 5.58 Mbit/s
Mon Oct 16 08:45:01 CEST 2017
Ping: 29.387 ms
Download: 122.72 Mbit/s
Upload: 5.54 Mbit/s
Mon Oct 16 09:45:01 CEST 2017
Ping: 28.672 ms
Download: 120.25 Mbit/s
Upload: 5.60 Mbit/s
Mon Oct 16 10:45:01 CEST 2017
Ping: 29.305 ms
Download: 87.40 Mbit/s
Upload: 5.58 Mbit/s
Mon Oct 16 11:45:01 CEST 2017
Ping: 26.371 ms
Download: 123.72 Mbit/s
Upload: 5.48 Mbit/s
Mon Oct 16 12:45:02 CEST 2017
Ping: 29.668 ms
Download: 105.44 Mbit/s
Upload: 5.57 Mbit/s
Mon Oct 16 13:45:01 CEST 2017
Ping: 27.693 ms
Download: 106.01 Mbit/s
Upload: 5.59 Mbit/s
Mon Oct 16 14:45:01 CEST 2017
Ping: 28.312 ms
Download: 125.01 Mbit/s
Upload: 5.39 Mbit/s
Mon Oct 16 15:45:01 CEST 2017
Ping: 26.775 ms
Download: 121.38 Mbit/s
Upload: 5.63 Mbit/s
Mon Oct 16 16:45:01 CEST 2017
Ping: 30.508 ms
Download: 119.01 Mbit/s
Upload: 5.57 Mbit/s
Mon Oct 16 17:45:01 CEST 2017
Ping: 27.639 ms
Download: 114.34 Mbit/s
Upload: 5.29 Mbit/s
Mon Oct 16 18:45:01 CEST 2017
Ping: 26.43 ms
Download: 118.75 Mbit/s
Upload: 4.50 Mbit/s
Mon Oct 16 19:45:01 CEST 2017
Ping: 28.105 ms
Download: 108.05 Mbit/s
Upload: 5.20 Mbit/s
Mon Oct 16 20:45:02 CEST 2017
Ping: 31.179 ms
Download: 114.61 Mbit/s
Upload: 5.38 Mbit/s
Mon Oct 16 21:45:01 CEST 2017
Ping: 27.582 ms
Download: 123.88 Mbit/s
Upload: 5.58 Mbit/s
Mon Oct 16 22:45:01 CEST 2017
Ping: 26.488 ms
Download: 117.40 Mbit/s
Upload: 5.61 Mbit/s
Mon Oct 16 23:45:01 CEST 2017
Ping: 29.075 ms
Download: 125.71 Mbit/s
Upload: 5.57 Mbit/s
Tue Oct 17 00:45:01 CEST 2017
Ping: 28.126 ms
Download: 124.59 Mbit/s
Upload: 5.61 Mbit/s
Tue Oct 17 01:45:02 CEST 2017
Ping: 27.382 ms
Download: 119.17 Mbit/s
Upload: 5.64 Mbit/s
Tue Oct 17 02:45:01 CEST 2017
Ping: 27.734 ms
Download: 123.93 Mbit/s
Upload: 5.64 Mbit/s
Tue Oct 17 03:45:01 CEST 2017
Ping: 26.496 ms
Download: 126.16 Mbit/s
Upload: 5.55 Mbit/s
Tue Oct 17 04:45:01 CEST 2017
Ping: 27.501 ms
Download: 120.91 Mbit/s
Upload: 5.58 Mbit/s
Tue Oct 17 05:45:01 CEST 2017
Ping: 27.439 ms
Download: 117.17 Mbit/s
Upload: 5.54 Mbit/s
Tue Oct 17 06:45:01 CEST 2017
Could not retrieve speedtest.net configuration
Tue Oct 17 07:45:01 CEST 2017
Ping: 31.474 ms
Download: 84.05 Mbit/s
Upload: 5.53 Mbit/s
Tue Oct 17 08:45:01 CEST 2017
Ping: 28.946 ms
Download: 126.99 Mbit/s
Upload: 5.60 Mbit/s
Tue Oct 17 09:45:01 CEST 2017
Ping: 28.905 ms
Download: 123.86 Mbit/s
Upload: 5.54 Mbit/s
Tue Oct 17 10:45:01 CEST 2017
Ping: 28.136 ms
Download: 102.60 Mbit/s
Upload: 5.33 Mbit/s
Tue Oct 17 11:45:02 CEST 2017
Ping: 30.522 ms
Download: 126.57 Mbit/s
Upload: 5.58 Mbit/s
Tue Oct 17 12:45:01 CEST 2017
Ping: 29.307 ms
Download: 114.41 Mbit/s
Upload: 5.57 Mbit/s
Tue Oct 17 13:45:01 CEST 2017
Ping: 28.162 ms
Download: 105.73 Mbit/s
Upload: 5.65 Mbit/s
Tue Oct 17 14:45:02 CEST 2017
Ping: 29.525 ms
Download: 123.57 Mbit/s
Upload: 5.57 Mbit/s
Tue Oct 17 15:45:01 CEST 2017
Ping: 31.414 ms
Download: 104.74 Mbit/s
Upload: 5.54 Mbit/s
Tue Oct 17 16:45:01 CEST 2017
Ping: 28.639 ms
Download: 125.83 Mbit/s
Upload: 5.59 Mbit/s
Tue Oct 17 17:45:01 CEST 2017
Ping: 28.985 ms
Download: 122.86 Mbit/s
Upload: 5.40 Mbit/s
Tue Oct 17 18:45:01 CEST 2017
Ping: 30.184 ms
Download: 126.68 Mbit/s
Upload: 5.59 Mbit/s
Tue Oct 17 19:45:01 CEST 2017
Ping: 26.79 ms
Download: 113.06 Mbit/s
Upload: 5.26 Mbit/s
Tue Oct 17 20:45:01 CEST 2017
Ping: 27.605 ms
Download: 113.82 Mbit/s
Upload: 5.54 Mbit/s
Tue Oct 17 21:45:01 CEST 2017
Ping: 27.977 ms
Download: 121.55 Mbit/s
Upload: 5.60 Mbit/s
Tue Oct 17 22:45:01 CEST 2017
Ping: 28.37 ms
Download: 126.79 Mbit/s
Upload: 5.62 Mbit/s
Tue Oct 17 23:45:01 CEST 2017
Ping: 28.126 ms
Download: 125.16 Mbit/s
Upload: 5.58 Mbit/s
Wed Oct 18 00:45:01 CEST 2017
Ping: 29.864 ms
Download: 109.08 Mbit/s
Upload: 5.66 Mbit/s
Wed Oct 18 01:45:01 CEST 2017
Ping: 29.841 ms
Download: 125.61 Mbit/s
Upload: 5.48 Mbit/s
Wed Oct 18 02:45:01 CEST 2017
Ping: 30.088 ms
Download: 123.77 Mbit/s
Upload: 5.57 Mbit/s
Wed Oct 18 03:45:01 CEST 2017
Ping: 26.481 ms
Download: 114.90 Mbit/s
Upload: 5.62 Mbit/s
Wed Oct 18 04:45:01 CEST 2017
Ping: 26.953 ms
Download: 119.55 Mbit/s
Upload: 5.66 Mbit/s
Wed Oct 18 05:45:01 CEST 2017
Ping: 26.042 ms
Download: 126.02 Mbit/s
Upload: 5.64 Mbit/s
Wed Oct 18 06:45:01 CEST 2017
Ping: 28.278 ms
Download: 107.77 Mbit/s
Upload: 5.56 Mbit/s
Wed Oct 18 07:45:01 CEST 2017
Ping: 27.81 ms
Download: 123.70 Mbit/s
Upload: 5.61 Mbit/s
Wed Oct 18 08:45:01 CEST 2017
Ping: 29.127 ms
Download: 111.23 Mbit/s
Upload: 5.54 Mbit/s
Wed Oct 18 09:45:01 CEST 2017
Ping: 27.715 ms
Download: 123.05 Mbit/s
Upload: 5.42 Mbit/s
Wed Oct 18 10:45:01 CEST 2017
Ping: 28.264 ms
Download: 123.20 Mbit/s
Upload: 4.50 Mbit/s
Wed Oct 18 11:45:01 CEST 2017
Ping: 27.816 ms
Download: 126.24 Mbit/s
Upload: 5.62 Mbit/s
Wed Oct 18 12:45:02 CEST 2017
Ping: 26.38 ms
Download: 126.27 Mbit/s
Upload: 2.83 Mbit/s
Wed Oct 18 13:45:01 CEST 2017
Ping: 30.993 ms
Download: 77.65 Mbit/s
Upload: 5.45 Mbit/s
Wed Oct 18 14:45:01 CEST 2017
Ping: 25.382 ms
Download: 115.09 Mbit/s
Upload: 5.56 Mbit/s
Wed Oct 18 15:45:01 CEST 2017
Ping: 28.686 ms
Download: 126.05 Mbit/s
Upload: 5.58 Mbit/s
Wed Oct 18 16:45:02 CEST 2017
Ping: 26.41 ms
Download: 120.24 Mbit/s
Upload: 5.34 Mbit/s
Wed Oct 18 17:45:01 CEST 2017
Ping: 29.028 ms
Download: 120.96 Mbit/s
Upload: 3.98 Mbit/s
Wed Oct 18 18:45:01 CEST 2017
Ping: 29.018 ms
Download: 112.19 Mbit/s
Upload: 5.49 Mbit/s
Wed Oct 18 19:45:01 CEST 2017
Ping: 29.897 ms
Download: 122.69 Mbit/s
Upload: 5.52 Mbit/s
Wed Oct 18 20:45:01 CEST 2017
Ping: 29.916 ms
Download: 113.00 Mbit/s
Upload: 5.55 Mbit/s
Wed Oct 18 21:45:01 CEST 2017
Ping: 29.005 ms
Download: 125.27 Mbit/s
Upload: 5.54 Mbit/s
Wed Oct 18 22:45:01 CEST 2017
Ping: 31.082 ms
Download: 105.87 Mbit/s
Upload: 5.59 Mbit/s
Wed Oct 18 23:45:01 CEST 2017
Ping: 28.336 ms
Download: 124.03 Mbit/s
Upload: 5.63 Mbit/s
Thu Oct 19 00:45:01 CEST 2017
Ping: 29.281 ms
Download: 117.71 Mbit/s
Upload: 5.55 Mbit/s
Thu Oct 19 01:45:01 CEST 2017
Ping: 28.933 ms
Download: 107.69 Mbit/s
Upload: 5.61 Mbit/s
Thu Oct 19 02:45:01 CEST 2017
Ping: 26.467 ms
Download: 125.27 Mbit/s
Upload: 5.58 Mbit/s
Thu Oct 19 03:45:01 CEST 2017
Ping: 27.629 ms
Download: 114.64 Mbit/s
Upload: 5.59 Mbit/s
Thu Oct 19 04:45:01 CEST 2017
Ping: 27.459 ms
Download: 125.50 Mbit/s
Upload: 5.61 Mbit/s
Thu Oct 19 05:45:01 CEST 2017
Ping: 27.634 ms
Download: 107.91 Mbit/s
Upload: 5.56 Mbit/s
Thu Oct 19 06:45:01 CEST 2017
Could not retrieve speedtest.net configuration
Thu Oct 19 07:45:01 CEST 2017
Ping: 27.802 ms
Download: 125.64 Mbit/s
Upload: 5.59 Mbit/s
Thu Oct 19 08:45:01 CEST 2017
Ping: 29.801 ms
Download: 112.78 Mbit/s
Upload: 5.43 Mbit/s
Thu Oct 19 09:45:01 CEST 2017
Ping: 29.398 ms
Download: 121.30 Mbit/s
Upload: 5.59 Mbit/s
Thu Oct 19 10:45:01 CEST 2017
Ping: 27.639 ms
Download: 126.47 Mbit/s
Upload: 5.55 Mbit/s
Thu Oct 19 11:45:01 CEST 2017
Ping: 27.756 ms
Download: 109.07 Mbit/s
Upload: 5.53 Mbit/s
Thu Oct 19 12:45:01 CEST 2017
Ping: 27.261 ms
Download: 124.40 Mbit/s
Upload: 5.61 Mbit/s
Thu Oct 19 13:45:01 CEST 2017
Ping: 29.899 ms
Download: 119.93 Mbit/s
Upload: 5.63 Mbit/s
Thu Oct 19 14:45:01 CEST 2017
Ping: 29.443 ms
Download: 122.34 Mbit/s
Upload: 5.60 Mbit/s
Thu Oct 19 15:45:01 CEST 2017
Ping: 26.457 ms
Download: 125.26 Mbit/s
Upload: 5.57 Mbit/s
Thu Oct 19 16:45:01 CEST 2017
Ping: 27.017 ms
Download: 114.75 Mbit/s
Upload: 5.51 Mbit/s
Thu Oct 19 17:45:01 CEST 2017
Ping: 28.082 ms
Download: 120.21 Mbit/s
Upload: 5.58 Mbit/s
Thu Oct 19 18:45:01 CEST 2017
Could not retrieve speedtest.net configuration
Thu Oct 19 19:45:01 CEST 2017
Ping: 28.249 ms
Download: 122.67 Mbit/s
Upload: 5.59 Mbit/s
Thu Oct 19 20:45:01 CEST 2017
Could not retrieve speedtest.net configuration
Thu Oct 19 21:45:01 CEST 2017
Ping: 28.385 ms
Download: 105.69 Mbit/s
Upload: 5.35 Mbit/s
Thu Oct 19 22:45:01 CEST 2017
Ping: 27.978 ms
Download: 118.68 Mbit/s
Upload: 5.58 Mbit/s
Thu Oct 19 23:45:01 CEST 2017
Ping: 30.062 ms
Download: 123.69 Mbit/s
Upload: 5.49 Mbit/s
Fri Oct 20 00:45:01 CEST 2017
Ping: 28.483 ms
Download: 121.09 Mbit/s
Upload: 5.63 Mbit/s
Fri Oct 20 01:45:01 CEST 2017
Ping: 29.867 ms
Download: 116.11 Mbit/s
Upload: 5.62 Mbit/s
Fri Oct 20 02:45:01 CEST 2017
Ping: 29.161 ms
Download: 126.46 Mbit/s
Upload: 5.58 Mbit/s
Fri Oct 20 03:45:01 CEST 2017
Ping: 27.69 ms
Download: 117.10 Mbit/s
Upload: 5.59 Mbit/s
Fri Oct 20 04:45:01 CEST 2017
Ping: 28.649 ms
Download: 119.49 Mbit/s
Upload: 5.53 Mbit/s
Fri Oct 20 05:45:01 CEST 2017
Ping: 27.728 ms
Download: 125.52 Mbit/s
Upload: 5.60 Mbit/s
Fri Oct 20 06:45:01 CEST 2017
Ping: 28.156 ms
Download: 123.22 Mbit/s
Upload: 5.61 Mbit/s
Fri Oct 20 07:45:01 CEST 2017
Ping: 28.388 ms
Download: 114.56 Mbit/s
Upload: 5.51 Mbit/s
Fri Oct 20 08:45:01 CEST 2017
Ping: 29.801 ms
Download: 116.95 Mbit/s
Upload: 5.38 Mbit/s
Fri Oct 20 09:45:01 CEST 2017
Ping: 26.782 ms
Download: 115.31 Mbit/s
Upload: 4.41 Mbit/s
Fri Oct 20 10:45:02 CEST 2017
Ping: 30.569 ms
Download: 113.81 Mbit/s
Upload: 5.41 Mbit/s
Fri Oct 20 11:45:01 CEST 2017
Ping: 31.435 ms
Download: 117.46 Mbit/s
Upload: 5.28 Mbit/s
Fri Oct 20 12:45:01 CEST 2017
Ping: 27.409 ms
Download: 124.21 Mbit/s
Upload: 4.35 Mbit/s
Fri Oct 20 13:45:01 CEST 2017
Ping: 30.658 ms
Download: 117.89 Mbit/s
Upload: 5.48 Mbit/s
Fri Oct 20 14:45:01 CEST 2017
Ping: 28.996 ms
Download: 95.21 Mbit/s
Upload: 5.39 Mbit/s
Fri Oct 20 15:45:01 CEST 2017
Ping: 27.793 ms
Download: 117.10 Mbit/s
Upload: 5.56 Mbit/s
Fri Oct 20 16:45:01 CEST 2017
Ping: 27.791 ms
Download: 125.60 Mbit/s
Upload: 5.59 Mbit/s
Fri Oct 20 17:45:01 CEST 2017
Ping: 31.227 ms
Download: 123.93 Mbit/s
Upload: 5.23 Mbit/s
Fri Oct 20 18:45:01 CEST 2017
Ping: 31.267 ms
Download: 121.99 Mbit/s
Upload: 5.25 Mbit/s
Fri Oct 20 19:45:01 CEST 2017
Ping: 28.135 ms
Download: 115.68 Mbit/s
Upload: 5.56 Mbit/s
Fri Oct 20 20:45:01 CEST 2017
Ping: 31.092 ms
Download: 125.53 Mbit/s
Upload: 5.33 Mbit/s
Fri Oct 20 21:45:01 CEST 2017
Ping: 25.264 ms
Download: 117.63 Mbit/s
Upload: 5.59 Mbit/s
Fri Oct 20 22:45:01 CEST 2017
Ping: 31.207 ms
Download: 121.94 Mbit/s
Upload: 5.60 Mbit/s
Fri Oct 20 23:45:01 CEST 2017
Ping: 27.795 ms
Download: 124.36 Mbit/s
Upload: 5.56 Mbit/s
Sat Oct 21 00:45:01 CEST 2017
Ping: 26.49 ms
Download: 119.45 Mbit/s
Upload: 5.56 Mbit/s
Sat Oct 21 01:45:02 CEST 2017
Ping: 28.4 ms
Download: 111.19 Mbit/s
Upload: 5.48 Mbit/s
Sat Oct 21 02:45:01 CEST 2017
Ping: 29.153 ms
Download: 121.25 Mbit/s
Upload: 5.54 Mbit/s
Sat Oct 21 03:45:01 CEST 2017
Ping: 28.069 ms
Download: 102.89 Mbit/s
Upload: 5.31 Mbit/s
Sat Oct 21 04:45:01 CEST 2017
Ping: 26.502 ms
Download: 127.13 Mbit/s
Upload: 5.56 Mbit/s
Sat Oct 21 05:45:01 CEST 2017
Ping: 26.378 ms
Download: 127.65 Mbit/s
Upload: 5.56 Mbit/s
Sat Oct 21 06:45:01 CEST 2017
Ping: 28.634 ms
Download: 117.92 Mbit/s
Upload: 5.60 Mbit/s
Sat Oct 21 07:45:01 CEST 2017
Ping: 28.133 ms
Download: 125.51 Mbit/s
Upload: 5.50 Mbit/s
Sat Oct 21 08:45:01 CEST 2017
Ping: 28.671 ms
Download: 117.38 Mbit/s
Upload: 5.41 Mbit/s
Sat Oct 21 09:45:01 CEST 2017
Ping: 28.101 ms
Download: 113.64 Mbit/s
Upload: 5.42 Mbit/s
Sat Oct 21 10:45:01 CEST 2017
Ping: 31.413 ms
Download: 104.48 Mbit/s
Upload: 5.56 Mbit/s
Sat Oct 21 11:45:01 CEST 2017
Ping: 27.585 ms
Download: 126.26 Mbit/s
Upload: 5.55 Mbit/s
Sat Oct 21 12:45:01 CEST 2017
Ping: 27.835 ms
Download: 116.14 Mbit/s
Upload: 5.57 Mbit/s
Sat Oct 21 13:45:01 CEST 2017
Ping: 29.496 ms
Download: 124.41 Mbit/s
Upload: 5.54 Mbit/s
Sat Oct 21 14:45:01 CEST 2017
Ping: 29.077 ms
Download: 116.90 Mbit/s
Upload: 5.45 Mbit/s
Sat Oct 21 15:45:01 CEST 2017
Ping: 31.475 ms
Download: 109.39 Mbit/s
Upload: 5.53 Mbit/s
Sat Oct 21 16:45:01 CEST 2017
Ping: 27.534 ms
Download: 125.50 Mbit/s
Upload: 5.62 Mbit/s
Sat Oct 21 17:45:01 CEST 2017
Ping: 27.793 ms
Download: 114.77 Mbit/s
Upload: 5.60 Mbit/s
Sat Oct 21 18:45:01 CEST 2017
Ping: 27.863 ms
Download: 110.88 Mbit/s
Upload: 5.27 Mbit/s
Sat Oct 21 19:45:01 CEST 2017
Ping: 28.88 ms
Download: 126.32 Mbit/s
Upload: 5.62 Mbit/s
Sat Oct 21 20:45:01 CEST 2017
Ping: 28.864 ms
Download: 120.19 Mbit/s
Upload: 5.62 Mbit/s
Sat Oct 21 21:45:01 CEST 2017
Ping: 28.978 ms
Download: 121.39 Mbit/s
Upload: 5.50 Mbit/s
Sat Oct 21 22:45:01 CEST 2017
Ping: 28.075 ms
Download: 113.12 Mbit/s
Upload: 5.46 Mbit/s
Sat Oct 21 23:45:01 CEST 2017
Ping: 27.781 ms
Download: 124.45 Mbit/s
Upload: 5.64 Mbit/s
Sun Oct 22 00:45:01 CEST 2017
Ping: 29.586 ms
Download: 122.99 Mbit/s
Upload: 5.60 Mbit/s
Sun Oct 22 01:45:01 CEST 2017
Ping: 27.861 ms
Download: 116.11 Mbit/s
Upload: 5.63 Mbit/s
Sun Oct 22 02:45:01 CEST 2017
Ping: 28.918 ms
Download: 125.87 Mbit/s
Upload: 5.61 Mbit/s
Sun Oct 22 03:45:01 CEST 2017
Ping: 27.743 ms
Download: 124.59 Mbit/s
Upload: 5.65 Mbit/s
Sun Oct 22 04:45:01 CEST 2017
Ping: 27.371 ms
Download: 126.11 Mbit/s
Upload: 5.56 Mbit/s
Sun Oct 22 05:45:01 CEST 2017
Ping: 28.586 ms
Download: 114.72 Mbit/s
Upload: 5.61 Mbit/s
Sun Oct 22 06:45:01 CEST 2017
Ping: 28.513 ms
Download: 116.19 Mbit/s
Upload: 5.69 Mbit/s
Sun Oct 22 07:45:01 CEST 2017
Ping: 34.406 ms
Download: 100.19 Mbit/s
Upload: 5.43 Mbit/s
Sun Oct 22 08:45:01 CEST 2017
Ping: 28.906 ms
Download: 98.79 Mbit/s
Upload: 5.59 Mbit/s
Sun Oct 22 09:45:01 CEST 2017
Ping: 30.85 ms
Download: 117.07 Mbit/s
Upload: 5.56 Mbit/s
Sun Oct 22 10:45:01 CEST 2017
Ping: 28.033 ms
Download: 112.06 Mbit/s
Upload: 5.54 Mbit/s
Sun Oct 22 11:45:01 CEST 2017
Ping: 29.786 ms
Download: 124.50 Mbit/s
Upload: 5.52 Mbit/s
Sun Oct 22 12:45:01 CEST 2017
Ping: 30.124 ms
Download: 105.83 Mbit/s
Upload: 5.55 Mbit/s
Sun Oct 22 13:45:01 CEST 2017
Ping: 27.802 ms
Download: 123.66 Mbit/s
Upload: 5.59 Mbit/s
Sun Oct 22 14:45:02 CEST 2017
Ping: 30.741 ms
Download: 124.79 Mbit/s
Upload: 5.52 Mbit/s
Sun Oct 22 15:45:01 CEST 2017
Ping: 28.934 ms
Download: 117.47 Mbit/s
Upload: 5.59 Mbit/s
Sun Oct 22 16:45:01 CEST 2017
Ping: 30.491 ms
Download: 105.09 Mbit/s
Upload: 5.66 Mbit/s
Sun Oct 22 17:45:01 CEST 2017
Ping: 29.251 ms
Download: 126.51 Mbit/s
Upload: 5.54 Mbit/s
Sun Oct 22 18:45:01 CEST 2017
Ping: 27.629 ms
Download: 125.42 Mbit/s
Upload: 5.53 Mbit/s
Sun Oct 22 19:45:01 CEST 2017
Ping: 29.794 ms
Download: 119.75 Mbit/s
Upload: 5.53 Mbit/s
Sun Oct 22 20:45:01 CEST 2017
Ping: 28.537 ms
Download: 125.71 Mbit/s
Upload: 5.57 Mbit/s
Sun Oct 22 21:45:01 CEST 2017
Ping: 30.139 ms
Download: 121.04 Mbit/s
Upload: 5.55 Mbit/s
Sun Oct 22 22:45:01 CEST 2017
Ping: 30.48 ms
Download: 124.04 Mbit/s
Upload: 5.52 Mbit/s
Sun Oct 22 23:45:01 CEST 2017
Ping: 26.191 ms
Download: 121.81 Mbit/s
Upload: 5.61 Mbit/s
Mon Oct 23 00:45:01 CEST 2017
Ping: 28.584 ms
Download: 122.83 Mbit/s
Upload: 5.68 Mbit/s
Mon Oct 23 01:45:02 CEST 2017
Ping: 28.707 ms
Download: 112.56 Mbit/s
Upload: 5.53 Mbit/s
Mon Oct 23 02:45:01 CEST 2017
Ping: 28.357 ms
Download: 110.45 Mbit/s
Upload: 5.56 Mbit/s
Mon Oct 23 03:45:02 CEST 2017
Ping: 28.332 ms
Download: 114.78 Mbit/s
Upload: 5.26 Mbit/s
Mon Oct 23 04:45:01 CEST 2017
Ping: 27.821 ms
Download: 125.20 Mbit/s
Upload: 5.58 Mbit/s
Mon Oct 23 05:45:01 CEST 2017
Ping: 29.723 ms
Download: 116.78 Mbit/s
Upload: 5.70 Mbit/s
Mon Oct 23 06:45:01 CEST 2017
Ping: 26.732 ms
Download: 116.86 Mbit/s
Upload: 5.64 Mbit/s
Mon Oct 23 07:45:01 CEST 2017
Ping: 27.989 ms
Download: 114.92 Mbit/s
Upload: 5.51 Mbit/s
Mon Oct 23 08:45:01 CEST 2017
Ping: 30.495 ms
Download: 122.17 Mbit/s
Upload: 5.59 Mbit/s
Mon Oct 23 09:45:01 CEST 2017
Ping: 29.927 ms
Download: 111.97 Mbit/s
Upload: 5.62 Mbit/s
Mon Oct 23 10:45:01 CEST 2017
Ping: 30.502 ms
Download: 109.52 Mbit/s
Upload: 5.57 Mbit/s
Mon Oct 23 11:45:02 CEST 2017
Ping: 29.723 ms
Download: 123.68 Mbit/s
Upload: 5.64 Mbit/s
Mon Oct 23 12:45:01 CEST 2017
Ping: 29.461 ms
Download: 124.72 Mbit/s
Upload: 5.44 Mbit/s
Mon Oct 23 13:45:01 CEST 2017
Ping: 28.469 ms
Download: 124.58 Mbit/s
Upload: 5.61 Mbit/s
Mon Oct 23 14:45:01 CEST 2017
Ping: 30.243 ms
Download: 116.43 Mbit/s
Upload: 5.47 Mbit/s
Mon Oct 23 15:45:01 CEST 2017
Ping: 27.157 ms
Download: 125.61 Mbit/s
Upload: 5.62 Mbit/s
Mon Oct 23 16:45:01 CEST 2017
Ping: 29.12 ms
Download: 119.71 Mbit/s
Upload: 5.46 Mbit/s
Mon Oct 23 17:45:01 CEST 2017
Ping: 31.79 ms
Download: 119.78 Mbit/s
Upload: 5.55 Mbit/s
Mon Oct 23 18:45:01 CEST 2017
Ping: 26.868 ms
Download: 124.12 Mbit/s
Upload: 5.55 Mbit/s
Mon Oct 23 19:45:02 CEST 2017
Ping: 29.549 ms
Download: 108.71 Mbit/s
Upload: 5.60 Mbit/s
Mon Oct 23 20:45:01 CEST 2017
Ping: 29.493 ms
Download: 120.42 Mbit/s
Upload: 4.92 Mbit/s
Mon Oct 23 21:45:01 CEST 2017
Ping: 27.8 ms
Download: 116.31 Mbit/s
Upload: 5.63 Mbit/s
Mon Oct 23 22:45:01 CEST 2017
Ping: 27.826 ms
Download: 124.33 Mbit/s
Upload: 5.63 Mbit/s
Mon Oct 23 23:45:01 CEST 2017
Ping: 28.908 ms
Download: 123.52 Mbit/s
Upload: 5.64 Mbit/s
Tue Oct 24 00:45:01 CEST 2017
Ping: 28.158 ms
Download: 120.11 Mbit/s
Upload: 5.63 Mbit/s
Tue Oct 24 01:45:01 CEST 2017
Ping: 32.261 ms
Download: 124.83 Mbit/s
Upload: 5.48 Mbit/s
Tue Oct 24 02:45:01 CEST 2017
Ping: 29.17 ms
Download: 120.00 Mbit/s
Upload: 5.62 Mbit/s
Tue Oct 24 03:45:01 CEST 2017
Ping: 27.291 ms
Download: 126.32 Mbit/s
Upload: 5.62 Mbit/s
Tue Oct 24 04:45:01 CEST 2017
Ping: 28.85 ms
Download: 116.03 Mbit/s
Upload: 5.51 Mbit/s
Tue Oct 24 05:45:01 CEST 2017
Ping: 28.33 ms
Download: 121.31 Mbit/s
Upload: 5.55 Mbit/s
Tue Oct 24 06:45:01 CEST 2017
Ping: 30.76 ms
Download: 122.07 Mbit/s
Upload: 5.63 Mbit/s
Tue Oct 24 07:45:01 CEST 2017
Ping: 27.678 ms
Download: 118.37 Mbit/s
Upload: 5.61 Mbit/s
Tue Oct 24 08:45:01 CEST 2017
Ping: 28.812 ms
Download: 123.72 Mbit/s
Upload: 5.64 Mbit/s
Tue Oct 24 09:45:01 CEST 2017
Ping: 28.177 ms
Download: 114.58 Mbit/s
Upload: 5.63 Mbit/s
Tue Oct 24 10:45:01 CEST 2017
Ping: 27.93 ms
Download: 124.41 Mbit/s
Upload: 5.61 Mbit/s
Tue Oct 24 11:45:01 CEST 2017
Ping: 28.171 ms
Download: 103.94 Mbit/s
Upload: 5.61 Mbit/s
Tue Oct 24 12:45:01 CEST 2017
Ping: 29.601 ms
Download: 120.42 Mbit/s
Upload: 5.57 Mbit/s
Tue Oct 24 13:45:01 CEST 2017
Ping: 30.122 ms
Download: 126.19 Mbit/s
Upload: 5.62 Mbit/s
Tue Oct 24 14:45:01 CEST 2017
Ping: 25.793 ms
Download: 104.48 Mbit/s
Upload: 5.55 Mbit/s
Tue Oct 24 15:45:01 CEST 2017
Ping: 28.373 ms
Download: 126.95 Mbit/s
Upload: 5.54 Mbit/s
Tue Oct 24 16:45:01 CEST 2017
Ping: 29.536 ms
Download: 117.94 Mbit/s
Upload: 5.53 Mbit/s
Tue Oct 24 17:45:01 CEST 2017
Ping: 29.084 ms
Download: 119.78 Mbit/s
Upload: 5.62 Mbit/s
Tue Oct 24 18:45:01 CEST 2017
Ping: 26.432 ms
Download: 123.77 Mbit/s
Upload: 5.60 Mbit/s
Tue Oct 24 19:45:01 CEST 2017
Ping: 28.801 ms
Download: 118.94 Mbit/s
Upload: 5.49 Mbit/s
Tue Oct 24 20:45:01 CEST 2017
Ping: 26.471 ms
Download: 104.13 Mbit/s
Upload: 4.69 Mbit/s
Tue Oct 24 21:45:02 CEST 2017
Ping: 27.014 ms
Download: 119.60 Mbit/s
Upload: 5.51 Mbit/s
Tue Oct 24 22:45:01 CEST 2017
Ping: 27.307 ms
Download: 118.99 Mbit/s
Upload: 5.57 Mbit/s
Tue Oct 24 23:45:01 CEST 2017
Ping: 28.837 ms
Download: 126.57 Mbit/s
Upload: 5.58 Mbit/s
Wed Oct 25 00:45:01 CEST 2017
Ping: 28.596 ms
Download: 108.32 Mbit/s
Upload: 5.63 Mbit/s
Wed Oct 25 01:45:01 CEST 2017
Ping: 28.576 ms
Download: 112.54 Mbit/s
Upload: 5.63 Mbit/s
Wed Oct 25 02:45:01 CEST 2017
Ping: 28.393 ms
Download: 114.53 Mbit/s
Upload: 5.53 Mbit/s
Wed Oct 25 03:45:01 CEST 2017
Ping: 27.872 ms
Download: 119.68 Mbit/s
Upload: 5.51 Mbit/s
Wed Oct 25 04:45:01 CEST 2017
Ping: 27.501 ms
Download: 109.81 Mbit/s
Upload: 5.65 Mbit/s
Wed Oct 25 05:45:01 CEST 2017
Ping: 30.284 ms
Download: 122.02 Mbit/s
Upload: 5.55 Mbit/s
Wed Oct 25 06:45:01 CEST 2017
Ping: 27.728 ms
Download: 117.23 Mbit/s
Upload: 5.60 Mbit/s
Wed Oct 25 07:45:01 CEST 2017
Ping: 27.15 ms
Download: 114.36 Mbit/s
Upload: 5.58 Mbit/s
Wed Oct 25 08:45:01 CEST 2017
Ping: 29.081 ms
Download: 117.83 Mbit/s
Upload: 5.45 Mbit/s
Wed Oct 25 09:45:01 CEST 2017
Ping: 28.767 ms
Download: 121.85 Mbit/s
Upload: 5.61 Mbit/s
Wed Oct 25 10:45:01 CEST 2017
Ping: 27.265 ms
Download: 106.69 Mbit/s
Upload: 5.58 Mbit/s
Wed Oct 25 11:45:01 CEST 2017
Ping: 28.776 ms
Download: 119.10 Mbit/s
Upload: 5.54 Mbit/s
Wed Oct 25 12:45:01 CEST 2017
Ping: 30.567 ms
Download: 124.75 Mbit/s
Upload: 4.80 Mbit/s
Wed Oct 25 13:45:01 CEST 2017
Ping: 28.71 ms
Download: 124.88 Mbit/s
Upload: 5.61 Mbit/s
Wed Oct 25 14:45:01 CEST 2017
Ping: 29.663 ms
Download: 109.05 Mbit/s
Upload: 4.76 Mbit/s
Wed Oct 25 15:45:01 CEST 2017
Ping: 30.299 ms
Download: 99.92 Mbit/s
Upload: 5.51 Mbit/s
Wed Oct 25 16:45:01 CEST 2017
Ping: 28.785 ms
Download: 106.44 Mbit/s
Upload: 5.32 Mbit/s
Wed Oct 25 17:45:01 CEST 2017
Ping: 28.934 ms
Download: 124.43 Mbit/s
Upload: 5.59 Mbit/s
Wed Oct 25 18:45:01 CEST 2017
Ping: 29.609 ms
Download: 120.54 Mbit/s
Upload: 5.59 Mbit/s
Wed Oct 25 19:45:01 CEST 2017
Ping: 29.311 ms
Download: 116.63 Mbit/s
Upload: 5.48 Mbit/s
Wed Oct 25 20:45:01 CEST 2017
Ping: 31.661 ms
Download: 117.75 Mbit/s
Upload: 5.55 Mbit/s
Wed Oct 25 21:45:01 CEST 2017
Ping: 26.459 ms
Download: 118.99 Mbit/s
Upload: 5.60 Mbit/s
Wed Oct 25 22:45:01 CEST 2017
Ping: 28.595 ms
Download: 125.59 Mbit/s
Upload: 5.52 Mbit/s
Wed Oct 25 23:45:01 CEST 2017
Ping: 28.141 ms
Download: 121.69 Mbit/s
Upload: 5.54 Mbit/s
Thu Oct 26 00:45:01 CEST 2017
Ping: 28.15 ms
Download: 121.56 Mbit/s
Upload: 5.42 Mbit/s
Thu Oct 26 01:45:01 CEST 2017
Ping: 28.828 ms
Download: 122.93 Mbit/s
Upload: 5.59 Mbit/s
Thu Oct 26 02:45:01 CEST 2017
Ping: 27.97 ms
Download: 124.27 Mbit/s
Upload: 5.62 Mbit/s
Thu Oct 26 03:45:01 CEST 2017
Ping: 30.152 ms
Download: 125.32 Mbit/s
Upload: 5.68 Mbit/s
Thu Oct 26 04:45:01 CEST 2017
Ping: 27.813 ms
Download: 126.47 Mbit/s
Upload: 5.53 Mbit/s
Thu Oct 26 05:45:01 CEST 2017
Ping: 27.826 ms
Download: 100.08 Mbit/s
Upload: 5.59 Mbit/s
Thu Oct 26 06:45:02 CEST 2017
Ping: 27.506 ms
Download: 123.73 Mbit/s
Upload: 5.66 Mbit/s
Thu Oct 26 07:45:01 CEST 2017
Ping: 31.373 ms
Download: 121.39 Mbit/s
Upload: 5.58 Mbit/s
Thu Oct 26 08:45:01 CEST 2017
Ping: 29.135 ms
Download: 115.90 Mbit/s
Upload: 5.64 Mbit/s
Thu Oct 26 09:45:01 CEST 2017
Ping: 30.354 ms
Download: 103.27 Mbit/s
Upload: 5.00 Mbit/s
Thu Oct 26 10:45:01 CEST 2017
Ping: 29.151 ms
Download: 113.63 Mbit/s
Upload: 5.64 Mbit/s
Thu Oct 26 11:45:02 CEST 2017
Ping: 29.688 ms
Download: 110.95 Mbit/s
Upload: 5.53 Mbit/s
Thu Oct 26 12:45:01 CEST 2017
Ping: 27.805 ms
Download: 111.01 Mbit/s
Upload: 5.59 Mbit/s
Thu Oct 26 13:45:01 CEST 2017
Ping: 27.779 ms
Download: 113.72 Mbit/s
Upload: 3.59 Mbit/s
Thu Oct 26 14:45:01 CEST 2017
Ping: 29.868 ms
Download: 106.95 Mbit/s
Upload: 5.60 Mbit/s
Thu Oct 26 15:45:01 CEST 2017
Ping: 29.096 ms
Download: 117.84 Mbit/s
Upload: 5.43 Mbit/s
Thu Oct 26 16:45:01 CEST 2017
Ping: 29.816 ms
Download: 123.32 Mbit/s
Upload: 5.54 Mbit/s
Thu Oct 26 17:45:01 CEST 2017
Ping: 30.25 ms
Download: 116.60 Mbit/s
Upload: 5.51 Mbit/s
Thu Oct 26 18:45:01 CEST 2017
Ping: 30.401 ms
Download: 93.54 Mbit/s
Upload: 5.57 Mbit/s
Thu Oct 26 19:45:01 CEST 2017
Ping: 29.311 ms
Download: 117.68 Mbit/s
Upload: 5.16 Mbit/s
Thu Oct 26 20:45:01 CEST 2017
Ping: 30.65 ms
Download: 109.87 Mbit/s
Upload: 5.64 Mbit/s
Thu Oct 26 21:45:01 CEST 2017
Ping: 28.012 ms
Download: 120.89 Mbit/s
Upload: 5.48 Mbit/s
Thu Oct 26 22:45:01 CEST 2017
Ping: 30.916 ms
Download: 114.08 Mbit/s
Upload: 5.61 Mbit/s
Thu Oct 26 23:45:01 CEST 2017
Ping: 27.999 ms
Download: 125.01 Mbit/s
Upload: 5.52 Mbit/s
Fri Oct 27 00:45:01 CEST 2017
Ping: 29.121 ms
Download: 123.99 Mbit/s
Upload: 5.60 Mbit/s
Fri Oct 27 01:45:01 CEST 2017
Ping: 28.411 ms
Download: 122.57 Mbit/s
Upload: 5.62 Mbit/s
Fri Oct 27 02:45:01 CEST 2017
Ping: 28.591 ms
Download: 109.09 Mbit/s
Upload: 4.33 Mbit/s
Fri Oct 27 03:45:01 CEST 2017
Ping: 28.251 ms
Download: 118.42 Mbit/s
Upload: 5.58 Mbit/s
Fri Oct 27 04:45:02 CEST 2017
Ping: 27.351 ms
Download: 126.22 Mbit/s
Upload: 5.61 Mbit/s
Fri Oct 27 05:45:02 CEST 2017
Ping: 28.117 ms
Download: 120.96 Mbit/s
Upload: 5.01 Mbit/s
Fri Oct 27 06:45:01 CEST 2017
Ping: 28.924 ms
Download: 113.19 Mbit/s
Upload: 5.56 Mbit/s
Fri Oct 27 07:45:01 CEST 2017
Ping: 26.421 ms
Download: 114.69 Mbit/s
Upload: 5.62 Mbit/s
Fri Oct 27 08:45:01 CEST 2017
Ping: 27.576 ms
Download: 125.59 Mbit/s
Upload: 5.16 Mbit/s
Fri Oct 27 09:45:01 CEST 2017
Ping: 30.434 ms
Download: 118.97 Mbit/s
Upload: 5.67 Mbit/s
Fri Oct 27 10:45:01 CEST 2017
Ping: 28.875 ms
Download: 125.88 Mbit/s
Upload: 4.40 Mbit/s
Fri Oct 27 11:45:01 CEST 2017
Ping: 28.409 ms
Download: 110.30 Mbit/s
Upload: 4.98 Mbit/s
Fri Oct 27 12:45:01 CEST 2017
Ping: 30.465 ms
Download: 109.32 Mbit/s
Upload: 5.58 Mbit/s
Fri Oct 27 13:45:01 CEST 2017
Ping: 27.996 ms
Download: 102.59 Mbit/s
Upload: 5.58 Mbit/s
Fri Oct 27 14:45:01 CEST 2017
Ping: 28.658 ms
Download: 99.48 Mbit/s
Upload: 5.37 Mbit/s
Fri Oct 27 15:45:01 CEST 2017
Ping: 29.983 ms
Download: 92.43 Mbit/s
Upload: 5.42 Mbit/s
Fri Oct 27 16:45:01 CEST 2017
Ping: 29.793 ms
Download: 105.76 Mbit/s
Upload: 5.60 Mbit/s
Fri Oct 27 17:45:01 CEST 2017
Ping: 29.124 ms
Download: 125.49 Mbit/s
Upload: 5.55 Mbit/s
Fri Oct 27 18:45:01 CEST 2017
Ping: 28.15 ms
Download: 67.37 Mbit/s
Upload: 5.27 Mbit/s
Fri Oct 27 19:45:01 CEST 2017
Ping: 30.88 ms
Download: 124.97 Mbit/s
Upload: 5.45 Mbit/s
Fri Oct 27 20:45:01 CEST 2017
Ping: 29.584 ms
Download: 124.98 Mbit/s
Upload: 5.54 Mbit/s
Fri Oct 27 21:45:01 CEST 2017
Ping: 30.585 ms
Download: 116.25 Mbit/s
Upload: 5.60 Mbit/s
Fri Oct 27 22:45:01 CEST 2017
Ping: 30.63 ms
Download: 108.76 Mbit/s
Upload: 5.50 Mbit/s
Fri Oct 27 23:45:01 CEST 2017
Ping: 30.367 ms
Download: 125.50 Mbit/s
Upload: 5.52 Mbit/s
Sat Oct 28 00:45:01 CEST 2017
Ping: 29.124 ms
Download: 123.70 Mbit/s
Upload: 5.53 Mbit/s
Sat Oct 28 01:45:01 CEST 2017
Ping: 29.729 ms
Download: 116.44 Mbit/s
Upload: 5.63 Mbit/s
Sat Oct 28 02:45:01 CEST 2017
Ping: 27.141 ms
Download: 121.27 Mbit/s
Upload: 5.60 Mbit/s
Sat Oct 28 03:45:01 CEST 2017
Ping: 30.51 ms
Download: 120.65 Mbit/s
Upload: 0.72 Mbit/s
Sat Oct 28 04:45:01 CEST 2017
Ping: 29.691 ms
Download: 103.68 Mbit/s
Upload: 5.57 Mbit/s
Sat Oct 28 05:45:01 CEST 2017
Ping: 28.819 ms
Download: 123.45 Mbit/s
Upload: 5.04 Mbit/s
Sat Oct 28 06:45:01 CEST 2017
Ping: 28.168 ms
Download: 127.59 Mbit/s
Upload: 5.60 Mbit/s
Sat Oct 28 07:45:01 CEST 2017
Ping: 29.665 ms
Download: 101.61 Mbit/s
Upload: 5.60 Mbit/s
Sat Oct 28 08:45:01 CEST 2017
Ping: 29.048 ms
Download: 120.10 Mbit/s
Upload: 5.61 Mbit/s
Sat Oct 28 09:45:01 CEST 2017
Ping: 31.558 ms
Download: 106.56 Mbit/s
Upload: 5.44 Mbit/s
Sat Oct 28 10:45:01 CEST 2017
Ping: 28.394 ms
Download: 112.09 Mbit/s
Upload: 5.41 Mbit/s
Sat Oct 28 11:45:01 CEST 2017
Ping: 29.126 ms
Download: 119.01 Mbit/s
Upload: 5.34 Mbit/s
Sat Oct 28 12:45:01 CEST 2017
Ping: 28.84 ms
Download: 109.73 Mbit/s
Upload: 5.35 Mbit/s
Sat Oct 28 13:45:01 CEST 2017
Ping: 28.918 ms
Download: 110.63 Mbit/s
Upload: 5.40 Mbit/s
Sat Oct 28 14:45:01 CEST 2017
Ping: 30.4 ms
Download: 111.29 Mbit/s
Upload: 5.54 Mbit/s
Sat Oct 28 15:45:01 CEST 2017
Ping: 26.425 ms
Download: 116.49 Mbit/s
Upload: 5.57 Mbit/s
Sat Oct 28 16:45:01 CEST 2017
Ping: 28.467 ms
Download: 111.83 Mbit/s
Upload: 5.51 Mbit/s
Sat Oct 28 17:45:01 CEST 2017
Ping: 29.205 ms
Download: 113.78 Mbit/s
Upload: 5.54 Mbit/s
Sat Oct 28 18:45:02 CEST 2017
Ping: 29.757 ms
Download: 120.37 Mbit/s
Upload: 5.38 Mbit/s
Sat Oct 28 19:45:01 CEST 2017
Ping: 25.65 ms
Download: 110.74 Mbit/s
Upload: 5.34 Mbit/s
Sat Oct 28 20:45:01 CEST 2017
Ping: 32.061 ms
Download: 94.82 Mbit/s
Upload: 5.37 Mbit/s
Sat Oct 28 21:45:01 CEST 2017
Ping: 27.453 ms
Download: 106.43 Mbit/s
Upload: 5.31 Mbit/s
Sat Oct 28 22:45:01 CEST 2017
Ping: 29.851 ms
Download: 91.88 Mbit/s
Upload: 5.56 Mbit/s
Sat Oct 28 23:45:01 CEST 2017
Ping: 28.792 ms
Download: 115.16 Mbit/s
Upload: 5.48 Mbit/s
Sun Oct 29 00:45:01 CEST 2017
Ping: 28.622 ms
Download: 112.35 Mbit/s
Upload: 5.22 Mbit/s
Sun Oct 29 01:45:01 CEST 2017
Ping: 28.954 ms
Download: 112.85 Mbit/s
Upload: 5.57 Mbit/s
Sun Oct 29 02:45:01 CEST 2017
Ping: 28.588 ms
Download: 124.29 Mbit/s
Upload: 5.55 Mbit/s
Sun Oct 29 02:45:02 CET 2017
Ping: 27.402 ms
Download: 110.98 Mbit/s
Upload: 4.58 Mbit/s
Sun Oct 29 03:45:01 CET 2017
Ping: 29.089 ms
Download: 113.29 Mbit/s
Upload: 5.59 Mbit/s
Sun Oct 29 04:45:02 CET 2017
Ping: 29.404 ms
Download: 122.49 Mbit/s
Upload: 5.53 Mbit/s
Sun Oct 29 05:45:01 CET 2017
Ping: 28.673 ms
Download: 111.36 Mbit/s
Upload: 5.49 Mbit/s
Sun Oct 29 06:45:01 CET 2017
Ping: 27.375 ms
Download: 104.15 Mbit/s
Upload: 4.59 Mbit/s
Sun Oct 29 07:45:01 CET 2017
Ping: 28.817 ms
Download: 112.77 Mbit/s
Upload: 5.44 Mbit/s
Sun Oct 29 08:45:01 CET 2017
Ping: 28.738 ms
Download: 115.33 Mbit/s
Upload: 5.48 Mbit/s
Sun Oct 29 09:45:01 CET 2017
Ping: 28.199 ms
Download: 109.87 Mbit/s
Upload: 5.25 Mbit/s
Sun Oct 29 10:45:02 CET 2017
Ping: 29.336 ms
Download: 113.76 Mbit/s
Upload: 5.31 Mbit/s
Sun Oct 29 11:45:01 CET 2017
Ping: 28.358 ms
Download: 107.98 Mbit/s
Upload: 5.43 Mbit/s
Sun Oct 29 12:45:01 CET 2017
Ping: 29.377 ms
Download: 122.20 Mbit/s
Upload: 5.62 Mbit/s
Sun Oct 29 13:45:01 CET 2017
Ping: 28.014 ms
Download: 123.62 Mbit/s
Upload: 5.59 Mbit/s
Sun Oct 29 14:45:01 CET 2017
Ping: 30.731 ms
Download: 111.88 Mbit/s
Upload: 5.61 Mbit/s
Sun Oct 29 15:45:01 CET 2017
Ping: 30.541 ms
Download: 122.34 Mbit/s
Upload: 5.59 Mbit/s
Sun Oct 29 16:45:01 CET 2017
Ping: 27.678 ms
Download: 102.43 Mbit/s
Upload: 5.56 Mbit/s
Sun Oct 29 17:45:01 CET 2017
Ping: 29.116 ms
Download: 113.43 Mbit/s
Upload: 5.30 Mbit/s
Sun Oct 29 18:45:01 CET 2017
Ping: 28.769 ms
Download: 114.98 Mbit/s
Upload: 5.47 Mbit/s
Sun Oct 29 19:45:01 CET 2017
Ping: 28.692 ms
Download: 107.11 Mbit/s
Upload: 5.56 Mbit/s
Sun Oct 29 20:45:02 CET 2017
Ping: 29.445 ms
Download: 119.17 Mbit/s
Upload: 5.54 Mbit/s
Sun Oct 29 21:45:01 CET 2017
Ping: 28.689 ms
Download: 103.50 Mbit/s
Upload: 5.65 Mbit/s
Sun Oct 29 22:45:01 CET 2017
Ping: 27.03 ms
Download: 105.62 Mbit/s
Upload: 5.48 Mbit/s
Sun Oct 29 23:45:01 CET 2017
Ping: 29.901 ms
Download: 119.37 Mbit/s
Upload: 5.64 Mbit/s
Mon Oct 30 00:45:01 CET 2017
Ping: 27.637 ms
Download: 118.43 Mbit/s
Upload: 5.61 Mbit/s
Mon Oct 30 01:45:02 CET 2017
Ping: 29.864 ms
Download: 120.45 Mbit/s
Upload: 5.59 Mbit/s
Mon Oct 30 02:45:01 CET 2017
Ping: 29.558 ms
Download: 113.13 Mbit/s
Upload: 5.63 Mbit/s
Mon Oct 30 03:45:01 CET 2017
Ping: 30.212 ms
Download: 122.79 Mbit/s
Upload: 5.61 Mbit/s
Mon Oct 30 04:45:01 CET 2017
Ping: 26.495 ms
Download: 124.79 Mbit/s
Upload: 5.64 Mbit/s
Mon Oct 30 05:45:01 CET 2017
Ping: 26.731 ms
Download: 122.69 Mbit/s
Upload: 5.66 Mbit/s
Mon Oct 30 06:45:01 CET 2017
Ping: 27.403 ms
Download: 113.78 Mbit/s
Upload: 5.59 Mbit/s
Mon Oct 30 07:45:01 CET 2017
Ping: 27.247 ms
Download: 125.12 Mbit/s
Upload: 5.60 Mbit/s
Mon Oct 30 08:45:01 CET 2017
Ping: 27.711 ms
Download: 125.06 Mbit/s
Upload: 5.60 Mbit/s
Mon Oct 30 09:45:01 CET 2017
Ping: 30.585 ms
Download: 118.18 Mbit/s
Upload: 5.28 Mbit/s
Mon Oct 30 10:45:02 CET 2017
Ping: 31.379 ms
Download: 124.53 Mbit/s
Upload: 5.51 Mbit/s
Mon Oct 30 11:45:01 CET 2017
Ping: 32.122 ms
Download: 119.31 Mbit/s
Upload: 5.38 Mbit/s
Mon Oct 30 12:45:01 CET 2017
Ping: 31.104 ms
Download: 124.22 Mbit/s
Upload: 5.40 Mbit/s
Mon Oct 30 13:45:01 CET 2017
Ping: 24.599 ms
Download: 126.94 Mbit/s
Upload: 5.46 Mbit/s
Mon Oct 30 14:45:01 CET 2017
Ping: 24.68 ms
Download: 114.94 Mbit/s
Upload: 5.62 Mbit/s
Mon Oct 30 15:45:01 CET 2017
Ping: 25.341 ms
Download: 112.55 Mbit/s
Upload: 5.48 Mbit/s
Mon Oct 30 16:45:01 CET 2017
Ping: 27.555 ms
Download: 126.29 Mbit/s
Upload: 5.26 Mbit/s
Mon Oct 30 17:45:01 CET 2017
Ping: 25.437 ms
Download: 118.52 Mbit/s
Upload: 5.51 Mbit/s
Mon Oct 30 18:45:01 CET 2017
Ping: 26.101 ms
Download: 113.60 Mbit/s
Upload: 5.35 Mbit/s
Mon Oct 30 19:45:01 CET 2017
Ping: 30.604 ms
Download: 113.21 Mbit/s
Upload: 5.43 Mbit/s
Mon Oct 30 20:45:02 CET 2017
Ping: 25.073 ms
Download: 116.91 Mbit/s
Upload: 5.11 Mbit/s
Mon Oct 30 21:45:01 CET 2017
Ping: 25.503 ms
Download: 124.90 Mbit/s
Upload: 5.12 Mbit/s
Mon Oct 30 22:45:01 CET 2017
Ping: 24.623 ms
Download: 114.86 Mbit/s
Upload: 5.46 Mbit/s
Mon Oct 30 23:45:01 CET 2017
Ping: 24.274 ms
Download: 116.79 Mbit/s
Upload: 5.45 Mbit/s
Tue Oct 31 00:45:01 CET 2017
Ping: 26.444 ms
Download: 118.39 Mbit/s
Upload: 5.46 Mbit/s
Tue Oct 31 01:45:01 CET 2017
Ping: 24.652 ms
Download: 124.95 Mbit/s
Upload: 4.97 Mbit/s
Tue Oct 31 02:45:01 CET 2017
Ping: 27.61 ms
Download: 120.68 Mbit/s
Upload: 5.40 Mbit/s
Tue Oct 31 03:45:01 CET 2017
Ping: 25.315 ms
Download: 124.94 Mbit/s
Upload: 5.48 Mbit/s
Tue Oct 31 04:45:02 CET 2017
Ping: 25.494 ms
Download: 114.16 Mbit/s
Upload: 5.51 Mbit/s
Tue Oct 31 05:45:02 CET 2017
Ping: 27.784 ms
Download: 116.45 Mbit/s
Upload: 5.47 Mbit/s
Tue Oct 31 06:45:01 CET 2017
Ping: 24.094 ms
Download: 124.68 Mbit/s
Upload: 5.32 Mbit/s
Tue Oct 31 07:45:01 CET 2017
Ping: 24.5 ms
Download: 120.66 Mbit/s
Upload: 5.45 Mbit/s
Tue Oct 31 08:45:01 CET 2017
Ping: 24.904 ms
Download: 124.03 Mbit/s
Upload: 5.11 Mbit/s
Tue Oct 31 09:45:01 CET 2017
Ping: 25.908 ms
Download: 100.22 Mbit/s
Upload: 5.37 Mbit/s
Tue Oct 31 10:45:01 CET 2017
Ping: 25.453 ms
Download: 114.47 Mbit/s
Upload: 5.36 Mbit/s
Tue Oct 31 11:45:01 CET 2017
Ping: 24.783 ms
Download: 125.17 Mbit/s
Upload: 5.49 Mbit/s
Tue Oct 31 12:45:01 CET 2017
Ping: 27.719 ms
Download: 120.40 Mbit/s
Upload: 5.33 Mbit/s
Tue Oct 31 13:45:02 CET 2017
Ping: 26.4 ms
Download: 113.92 Mbit/s
Upload: 5.35 Mbit/s
Tue Oct 31 14:45:01 CET 2017
Ping: 27.216 ms
Download: 118.13 Mbit/s
Upload: 5.47 Mbit/s
Tue Oct 31 15:45:01 CET 2017
Ping: 26.28 ms
Download: 122.72 Mbit/s
Upload: 5.53 Mbit/s
Tue Oct 31 16:45:01 CET 2017
Ping: 26.645 ms
Download: 113.48 Mbit/s
Upload: 5.49 Mbit/s
Tue Oct 31 17:45:01 CET 2017
Ping: 26.397 ms
Download: 115.05 Mbit/s
Upload: 5.49 Mbit/s
Tue Oct 31 18:45:01 CET 2017
Ping: 26.45 ms
Download: 118.03 Mbit/s
Upload: 4.88 Mbit/s
Tue Oct 31 19:45:01 CET 2017
Ping: 27.587 ms
Download: 125.73 Mbit/s
Upload: 5.02 Mbit/s
Tue Oct 31 20:45:01 CET 2017
Ping: 27.378 ms
Download: 114.89 Mbit/s
Upload: 5.25 Mbit/s
Tue Oct 31 21:45:01 CET 2017
Ping: 25.521 ms
Download: 119.04 Mbit/s
Upload: 4.74 Mbit/s
Tue Oct 31 22:45:01 CET 2017
Ping: 24.943 ms
Download: 119.83 Mbit/s
Upload: 5.07 Mbit/s
Tue Oct 31 23:45:01 CET 2017
Ping: 24.766 ms
Download: 112.33 Mbit/s
Upload: 5.48 Mbit/s
