Mon Oct  1 00:45:01 CEST 2018
Ping: 37.871 ms
Download: 117.19 Mbit/s
Upload: 5.53 Mbit/s
Mon Oct  1 01:45:01 CEST 2018
Ping: 30.292 ms
Download: 120.39 Mbit/s
Upload: 5.65 Mbit/s
Mon Oct  1 02:45:01 CEST 2018
Ping: 26.291 ms
Download: 124.20 Mbit/s
Upload: 5.56 Mbit/s
Mon Oct  1 03:45:01 CEST 2018
Ping: 25.779 ms
Download: 119.53 Mbit/s
Upload: 5.62 Mbit/s
Mon Oct  1 04:45:01 CEST 2018
Ping: 24.918 ms
Download: 124.88 Mbit/s
Upload: 5.61 Mbit/s
Mon Oct  1 05:45:01 CEST 2018
Ping: 24.265 ms
Download: 101.09 Mbit/s
Upload: 5.56 Mbit/s
Mon Oct  1 06:45:01 CEST 2018
Ping: 26.243 ms
Download: 123.26 Mbit/s
Upload: 5.64 Mbit/s
Mon Oct  1 07:45:01 CEST 2018
Ping: 26.753 ms
Download: 121.41 Mbit/s
Upload: 5.61 Mbit/s
Mon Oct  1 08:45:01 CEST 2018
Ping: 26.557 ms
Download: 116.04 Mbit/s
Upload: 5.62 Mbit/s
Mon Oct  1 09:45:02 CEST 2018
Ping: 26.963 ms
Download: 110.36 Mbit/s
Upload: 5.53 Mbit/s
Mon Oct  1 10:45:01 CEST 2018
Ping: 27.381 ms
Download: 115.84 Mbit/s
Upload: 5.56 Mbit/s
Mon Oct  1 11:45:01 CEST 2018
Ping: 28.02 ms
Download: 121.15 Mbit/s
Upload: 5.60 Mbit/s
Mon Oct  1 12:45:01 CEST 2018
Ping: 27.307 ms
Download: 118.45 Mbit/s
Upload: 5.56 Mbit/s
Mon Oct  1 13:45:01 CEST 2018
Ping: 28.093 ms
Download: 120.90 Mbit/s
Upload: 5.57 Mbit/s
Mon Oct  1 14:45:01 CEST 2018
Ping: 25.075 ms
Download: 119.48 Mbit/s
Upload: 5.48 Mbit/s
Mon Oct  1 15:45:01 CEST 2018
Ping: 27.344 ms
Download: 126.29 Mbit/s
Upload: 5.56 Mbit/s
Mon Oct  1 16:45:01 CEST 2018
Ping: 27.809 ms
Download: 116.13 Mbit/s
Upload: 5.62 Mbit/s
Mon Oct  1 17:45:02 CEST 2018
Ping: 29.785 ms
Download: 113.67 Mbit/s
Upload: 5.46 Mbit/s
Mon Oct  1 18:45:01 CEST 2018
Ping: 27.74 ms
Download: 124.34 Mbit/s
Upload: 5.57 Mbit/s
Mon Oct  1 19:45:01 CEST 2018
Ping: 28.698 ms
Download: 126.05 Mbit/s
Upload: 5.57 Mbit/s
Mon Oct  1 20:45:01 CEST 2018
Ping: 27.377 ms
Download: 119.81 Mbit/s
Upload: 5.60 Mbit/s
Mon Oct  1 21:45:01 CEST 2018
Ping: 27.608 ms
Download: 122.09 Mbit/s
Upload: 5.43 Mbit/s
Mon Oct  1 22:45:01 CEST 2018
Ping: 27.743 ms
Download: 98.89 Mbit/s
Upload: 5.57 Mbit/s
Mon Oct  1 23:45:01 CEST 2018
Ping: 26.383 ms
Download: 126.48 Mbit/s
Upload: 5.39 Mbit/s
Tue Oct  2 00:45:01 CEST 2018
Ping: 26.347 ms
Download: 124.89 Mbit/s
Upload: 5.60 Mbit/s
Tue Oct  2 01:45:01 CEST 2018
Ping: 27.845 ms
Download: 121.81 Mbit/s
Upload: 5.61 Mbit/s
Tue Oct  2 02:45:01 CEST 2018
Ping: 25.561 ms
Download: 125.38 Mbit/s
Upload: 5.64 Mbit/s
Tue Oct  2 03:45:01 CEST 2018
Ping: 26.055 ms
Download: 123.88 Mbit/s
Upload: 5.63 Mbit/s
Tue Oct  2 04:45:01 CEST 2018
Ping: 25.568 ms
Download: 119.86 Mbit/s
Upload: 5.65 Mbit/s
Tue Oct  2 05:45:01 CEST 2018
Ping: 26.205 ms
Download: 117.01 Mbit/s
Upload: 5.60 Mbit/s
Tue Oct  2 06:45:01 CEST 2018
Ping: 25.228 ms
Download: 125.62 Mbit/s
Upload: 5.62 Mbit/s
Tue Oct  2 07:45:01 CEST 2018
Ping: 28.079 ms
Download: 126.04 Mbit/s
Upload: 5.56 Mbit/s
Tue Oct  2 08:45:01 CEST 2018
Ping: 26.79 ms
Download: 120.17 Mbit/s
Upload: 5.52 Mbit/s
Tue Oct  2 09:45:01 CEST 2018
Ping: 29.32 ms
Download: 114.89 Mbit/s
Upload: 5.55 Mbit/s
Tue Oct  2 10:45:01 CEST 2018
Ping: 27.73 ms
Download: 114.00 Mbit/s
Upload: 5.50 Mbit/s
Tue Oct  2 11:45:01 CEST 2018
Ping: 26.823 ms
Download: 113.95 Mbit/s
Upload: 5.59 Mbit/s
Tue Oct  2 12:45:01 CEST 2018
Ping: 26.99 ms
Download: 122.17 Mbit/s
Upload: 5.60 Mbit/s
Tue Oct  2 13:45:01 CEST 2018
Ping: 26.067 ms
Download: 116.68 Mbit/s
Upload: 5.33 Mbit/s
Tue Oct  2 14:45:01 CEST 2018
Ping: 26.066 ms
Download: 105.34 Mbit/s
Upload: 5.36 Mbit/s
Tue Oct  2 15:45:01 CEST 2018
Ping: 27.382 ms
Download: 123.95 Mbit/s
Upload: 5.49 Mbit/s
Tue Oct  2 16:45:01 CEST 2018
Ping: 26.063 ms
Download: 114.98 Mbit/s
Upload: 5.52 Mbit/s
Tue Oct  2 17:45:01 CEST 2018
Ping: 27.407 ms
Download: 116.56 Mbit/s
Upload: 5.51 Mbit/s
Tue Oct  2 18:45:01 CEST 2018
Ping: 27.327 ms
Download: 120.12 Mbit/s
Upload: 5.63 Mbit/s
Tue Oct  2 19:45:01 CEST 2018
Ping: 30.879 ms
Download: 118.61 Mbit/s
Upload: 5.58 Mbit/s
Tue Oct  2 20:45:02 CEST 2018
Ping: 26.163 ms
Download: 117.93 Mbit/s
Upload: 5.56 Mbit/s
Tue Oct  2 21:45:01 CEST 2018
Ping: 30.699 ms
Download: 113.57 Mbit/s
Upload: 5.30 Mbit/s
Tue Oct  2 22:45:02 CEST 2018
Ping: 26.847 ms
Download: 124.34 Mbit/s
Upload: 5.46 Mbit/s
Tue Oct  2 23:45:01 CEST 2018
Ping: 28.151 ms
Download: 116.10 Mbit/s
Upload: 5.53 Mbit/s
Wed Oct  3 00:45:01 CEST 2018
Ping: 37.894 ms
Download: 116.42 Mbit/s
Upload: 5.55 Mbit/s
Wed Oct  3 01:45:01 CEST 2018
Ping: 30.123 ms
Download: 124.78 Mbit/s
Upload: 5.53 Mbit/s
Wed Oct  3 02:45:02 CEST 2018
Ping: 31.06 ms
Download: 115.86 Mbit/s
Upload: 5.61 Mbit/s
Wed Oct  3 03:45:01 CEST 2018
Ping: 29.955 ms
Download: 124.72 Mbit/s
Upload: 4.93 Mbit/s
Wed Oct  3 04:45:01 CEST 2018
Ping: 30.802 ms
Download: 120.10 Mbit/s
Upload: 5.56 Mbit/s
Wed Oct  3 05:45:01 CEST 2018
Ping: 30.054 ms
Download: 123.88 Mbit/s
Upload: 5.61 Mbit/s
Wed Oct  3 06:45:01 CEST 2018
Ping: 30.943 ms
Download: 18.50 Mbit/s
Upload: 5.05 Mbit/s
Wed Oct  3 07:45:01 CEST 2018
Ping: 28.052 ms
Download: 81.50 Mbit/s
Upload: 5.31 Mbit/s
Wed Oct  3 08:45:01 CEST 2018
Ping: 30.542 ms
Download: 120.61 Mbit/s
Upload: 5.55 Mbit/s
Wed Oct  3 09:45:01 CEST 2018
Ping: 30.136 ms
Download: 107.26 Mbit/s
Upload: 5.56 Mbit/s
Wed Oct  3 10:45:01 CEST 2018
Ping: 28.93 ms
Download: 120.39 Mbit/s
Upload: 5.63 Mbit/s
Wed Oct  3 11:45:01 CEST 2018
Ping: 27.064 ms
Download: 118.79 Mbit/s
Upload: 5.59 Mbit/s
Wed Oct  3 12:45:01 CEST 2018
Ping: 27.411 ms
Download: 119.10 Mbit/s
Upload: 5.61 Mbit/s
Wed Oct  3 13:45:01 CEST 2018
Ping: 25.979 ms
Download: 120.18 Mbit/s
Upload: 5.59 Mbit/s
Wed Oct  3 14:45:01 CEST 2018
Ping: 27.045 ms
Download: 122.08 Mbit/s
Upload: 5.47 Mbit/s
Wed Oct  3 15:45:01 CEST 2018
Ping: 28.27 ms
Download: 120.41 Mbit/s
Upload: 5.58 Mbit/s
Wed Oct  3 16:45:01 CEST 2018
Ping: 29.784 ms
Download: 122.14 Mbit/s
Upload: 4.86 Mbit/s
Wed Oct  3 17:45:01 CEST 2018
Ping: 26.923 ms
Download: 118.26 Mbit/s
Upload: 5.51 Mbit/s
Wed Oct  3 18:45:01 CEST 2018
Ping: 28.322 ms
Download: 125.00 Mbit/s
Upload: 5.39 Mbit/s
Wed Oct  3 19:45:01 CEST 2018
Ping: 27.994 ms
Download: 110.69 Mbit/s
Upload: 5.57 Mbit/s
Wed Oct  3 20:45:01 CEST 2018
Ping: 28.265 ms
Download: 113.23 Mbit/s
Upload: 5.60 Mbit/s
Wed Oct  3 21:45:01 CEST 2018
Ping: 28.865 ms
Download: 91.56 Mbit/s
Upload: 5.53 Mbit/s
Wed Oct  3 22:45:01 CEST 2018
Ping: 25.582 ms
Download: 105.44 Mbit/s
Upload: 5.56 Mbit/s
Wed Oct  3 23:45:01 CEST 2018
Ping: 26.554 ms
Download: 117.42 Mbit/s
Upload: 5.55 Mbit/s
Thu Oct  4 00:45:01 CEST 2018
Ping: 27.674 ms
Download: 119.37 Mbit/s
Upload: 5.64 Mbit/s
Thu Oct  4 01:45:01 CEST 2018
Ping: 27.391 ms
Download: 126.38 Mbit/s
Upload: 5.44 Mbit/s
Thu Oct  4 02:45:01 CEST 2018
Ping: 27.557 ms
Download: 33.65 Mbit/s
Upload: 5.60 Mbit/s
Thu Oct  4 03:45:02 CEST 2018
Ping: 26.123 ms
Download: 121.28 Mbit/s
Upload: 5.63 Mbit/s
Thu Oct  4 04:45:01 CEST 2018
Ping: 28.301 ms
Download: 123.89 Mbit/s
Upload: 5.67 Mbit/s
Thu Oct  4 05:45:01 CEST 2018
Ping: 26.857 ms
Download: 115.48 Mbit/s
Upload: 5.64 Mbit/s
Thu Oct  4 06:45:01 CEST 2018
Ping: 26.037 ms
Download: 113.81 Mbit/s
Upload: 5.62 Mbit/s
Thu Oct  4 07:45:01 CEST 2018
Ping: 28.065 ms
Download: 120.57 Mbit/s
Upload: 5.47 Mbit/s
Thu Oct  4 08:45:01 CEST 2018
Ping: 27.373 ms
Download: 127.20 Mbit/s
Upload: 5.65 Mbit/s
Thu Oct  4 09:45:01 CEST 2018
Ping: 24.437 ms
Download: 124.88 Mbit/s
Upload: 5.61 Mbit/s
Thu Oct  4 10:45:01 CEST 2018
Ping: 27.902 ms
Download: 116.98 Mbit/s
Upload: 5.40 Mbit/s
Thu Oct  4 11:45:01 CEST 2018
Ping: 27.028 ms
Download: 115.28 Mbit/s
Upload: 5.47 Mbit/s
Thu Oct  4 12:45:01 CEST 2018
Ping: 28.745 ms
Download: 117.21 Mbit/s
Upload: 5.51 Mbit/s
Thu Oct  4 13:45:01 CEST 2018
Ping: 27.406 ms
Download: 115.98 Mbit/s
Upload: 5.48 Mbit/s
Thu Oct  4 14:45:01 CEST 2018
Ping: 25.009 ms
Download: 127.00 Mbit/s
Upload: 5.61 Mbit/s
Thu Oct  4 15:45:01 CEST 2018
Ping: 24.75 ms
Download: 126.10 Mbit/s
Upload: 5.54 Mbit/s
Thu Oct  4 16:45:01 CEST 2018
Ping: 28.561 ms
Download: 116.68 Mbit/s
Upload: 5.58 Mbit/s
Thu Oct  4 17:45:01 CEST 2018
Ping: 24.686 ms
Download: 115.11 Mbit/s
Upload: 5.49 Mbit/s
Thu Oct  4 18:45:02 CEST 2018
Ping: 29.875 ms
Download: 121.73 Mbit/s
Upload: 5.51 Mbit/s
Thu Oct  4 19:45:01 CEST 2018
Ping: 24.751 ms
Download: 119.01 Mbit/s
Upload: 5.34 Mbit/s
Thu Oct  4 20:45:01 CEST 2018
Ping: 29.625 ms
Download: 119.17 Mbit/s
Upload: 5.53 Mbit/s
Thu Oct  4 21:45:01 CEST 2018
Ping: 25.607 ms
Download: 94.84 Mbit/s
Upload: 5.55 Mbit/s
Thu Oct  4 22:45:01 CEST 2018
Ping: 27.655 ms
Download: 117.75 Mbit/s
Upload: 5.49 Mbit/s
Thu Oct  4 23:45:01 CEST 2018
Ping: 31.732 ms
Download: 16.16 Mbit/s
Upload: 1.89 Mbit/s
Fri Oct  5 00:45:01 CEST 2018
Ping: 31.14 ms
Download: 22.68 Mbit/s
Upload: 5.40 Mbit/s
Fri Oct  5 01:45:01 CEST 2018
Ping: 27.934 ms
Download: 122.15 Mbit/s
Upload: 5.59 Mbit/s
Fri Oct  5 02:45:01 CEST 2018
Ping: 30.118 ms
Download: 116.94 Mbit/s
Upload: 5.54 Mbit/s
Fri Oct  5 03:45:01 CEST 2018
Ping: 28.85 ms
Download: 121.21 Mbit/s
Upload: 5.62 Mbit/s
Fri Oct  5 04:45:02 CEST 2018
Ping: 45.299 ms
Download: 101.91 Mbit/s
Upload: 5.53 Mbit/s
Fri Oct  5 05:45:01 CEST 2018
Ping: 30.961 ms
Download: 17.94 Mbit/s
Upload: 2.07 Mbit/s
Fri Oct  5 06:45:01 CEST 2018
Ping: 30.22 ms
Download: 20.83 Mbit/s
Upload: 2.67 Mbit/s
Fri Oct  5 07:45:01 CEST 2018
Ping: 26.885 ms
Download: 124.30 Mbit/s
Upload: 5.59 Mbit/s
Fri Oct  5 08:45:01 CEST 2018
Ping: 27.733 ms
Download: 124.69 Mbit/s
Upload: 5.53 Mbit/s
Fri Oct  5 09:45:01 CEST 2018
Ping: 27.136 ms
Download: 126.30 Mbit/s
Upload: 5.65 Mbit/s
Fri Oct  5 10:45:01 CEST 2018
Ping: 27.371 ms
Download: 127.06 Mbit/s
Upload: 5.65 Mbit/s
Fri Oct  5 11:45:01 CEST 2018
Ping: 30.053 ms
Download: 123.30 Mbit/s
Upload: 5.61 Mbit/s
Fri Oct  5 12:45:02 CEST 2018
Ping: 28.554 ms
Download: 30.26 Mbit/s
Upload: 3.39 Mbit/s
Fri Oct  5 13:45:01 CEST 2018
Ping: 28.06 ms
Download: 104.80 Mbit/s
Upload: 5.57 Mbit/s
Fri Oct  5 14:45:02 CEST 2018
Ping: 26.859 ms
Download: 115.85 Mbit/s
Upload: 5.57 Mbit/s
Fri Oct  5 15:45:01 CEST 2018
Ping: 27.057 ms
Download: 125.48 Mbit/s
Upload: 5.55 Mbit/s
Fri Oct  5 16:45:02 CEST 2018
Ping: 28.905 ms
Download: 117.26 Mbit/s
Upload: 5.55 Mbit/s
Fri Oct  5 17:45:01 CEST 2018
Ping: 27.704 ms
Download: 116.72 Mbit/s
Upload: 5.45 Mbit/s
Fri Oct  5 18:45:01 CEST 2018
Ping: 28.6 ms
Download: 117.28 Mbit/s
Upload: 5.35 Mbit/s
Fri Oct  5 19:45:01 CEST 2018
Ping: 28.039 ms
Download: 121.96 Mbit/s
Upload: 5.40 Mbit/s
Fri Oct  5 20:45:01 CEST 2018
Ping: 27.76 ms
Download: 110.43 Mbit/s
Upload: 5.57 Mbit/s
Fri Oct  5 21:45:02 CEST 2018
Ping: 27.908 ms
Download: 125.66 Mbit/s
Upload: 5.59 Mbit/s
Fri Oct  5 22:45:01 CEST 2018
Ping: 27.266 ms
Download: 123.47 Mbit/s
Upload: 5.51 Mbit/s
Fri Oct  5 23:45:01 CEST 2018
Ping: 37.733 ms
Download: 122.00 Mbit/s
Upload: 5.50 Mbit/s
Sat Oct  6 00:45:01 CEST 2018
Ping: 25.876 ms
Download: 113.00 Mbit/s
Upload: 5.39 Mbit/s
Sat Oct  6 01:45:01 CEST 2018
Ping: 28.51 ms
Download: 120.03 Mbit/s
Upload: 5.55 Mbit/s
Sat Oct  6 02:45:01 CEST 2018
Ping: 24.336 ms
Download: 124.42 Mbit/s
Upload: 5.60 Mbit/s
Sat Oct  6 03:45:01 CEST 2018
Ping: 27.077 ms
Download: 124.54 Mbit/s
Upload: 5.58 Mbit/s
Sat Oct  6 04:45:01 CEST 2018
Ping: 27.629 ms
Download: 115.68 Mbit/s
Upload: 5.59 Mbit/s
Sat Oct  6 05:45:01 CEST 2018
Ping: 25.493 ms
Download: 119.09 Mbit/s
Upload: 5.65 Mbit/s
Sat Oct  6 06:45:01 CEST 2018
Ping: 25.729 ms
Download: 125.14 Mbit/s
Upload: 5.56 Mbit/s
Sat Oct  6 07:45:01 CEST 2018
Ping: 27.403 ms
Download: 120.75 Mbit/s
Upload: 5.55 Mbit/s
Sat Oct  6 08:45:01 CEST 2018
Ping: 27.044 ms
Download: 123.52 Mbit/s
Upload: 5.64 Mbit/s
Sat Oct  6 09:45:01 CEST 2018
Ping: 28.142 ms
Download: 102.39 Mbit/s
Upload: 5.14 Mbit/s
Sat Oct  6 10:45:01 CEST 2018
Ping: 26.677 ms
Download: 124.30 Mbit/s
Upload: 5.62 Mbit/s
Sat Oct  6 11:45:01 CEST 2018
Ping: 26.408 ms
Download: 123.49 Mbit/s
Upload: 5.52 Mbit/s
Sat Oct  6 12:45:01 CEST 2018
Ping: 27.401 ms
Download: 116.17 Mbit/s
Upload: 5.29 Mbit/s
Sat Oct  6 13:45:01 CEST 2018
Ping: 24.247 ms
Download: 116.38 Mbit/s
Upload: 5.55 Mbit/s
Sat Oct  6 14:45:01 CEST 2018
Ping: 27.402 ms
Download: 109.45 Mbit/s
Upload: 5.60 Mbit/s
Sat Oct  6 15:45:01 CEST 2018
Ping: 27.783 ms
Download: 102.26 Mbit/s
Upload: 5.48 Mbit/s
Sat Oct  6 16:45:01 CEST 2018
Ping: 26.405 ms
Download: 116.15 Mbit/s
Upload: 5.39 Mbit/s
Sat Oct  6 17:45:01 CEST 2018
Ping: 28.378 ms
Download: 109.97 Mbit/s
Upload: 5.45 Mbit/s
Sat Oct  6 18:45:01 CEST 2018
Ping: 28.238 ms
Download: 109.61 Mbit/s
Upload: 5.52 Mbit/s
Sat Oct  6 19:45:01 CEST 2018
Ping: 26.087 ms
Download: 121.14 Mbit/s
Upload: 5.52 Mbit/s
Sat Oct  6 20:45:02 CEST 2018
Ping: 27.446 ms
Download: 119.02 Mbit/s
Upload: 5.58 Mbit/s
Sat Oct  6 21:45:01 CEST 2018
Ping: 26.856 ms
Download: 122.50 Mbit/s
Upload: 5.59 Mbit/s
Sat Oct  6 22:45:01 CEST 2018
Ping: 30.254 ms
Download: 124.77 Mbit/s
Upload: 5.50 Mbit/s
Sat Oct  6 23:45:01 CEST 2018
Ping: 26.657 ms
Download: 122.98 Mbit/s
Upload: 5.55 Mbit/s
Sun Oct  7 00:45:01 CEST 2018
Ping: 27.019 ms
Download: 118.74 Mbit/s
Upload: 5.53 Mbit/s
Sun Oct  7 01:45:01 CEST 2018
Ping: 27.394 ms
Download: 122.48 Mbit/s
Upload: 5.63 Mbit/s
Sun Oct  7 02:45:01 CEST 2018
Ping: 25.789 ms
Download: 122.02 Mbit/s
Upload: 5.62 Mbit/s
Sun Oct  7 03:45:01 CEST 2018
Ping: 25.296 ms
Download: 123.06 Mbit/s
Upload: 5.65 Mbit/s
Sun Oct  7 04:45:02 CEST 2018
Ping: 24.964 ms
Download: 115.61 Mbit/s
Upload: 5.60 Mbit/s
Sun Oct  7 05:45:01 CEST 2018
Ping: 26.299 ms
Download: 126.79 Mbit/s
Upload: 5.57 Mbit/s
Sun Oct  7 06:45:01 CEST 2018
Ping: 26.028 ms
Download: 126.34 Mbit/s
Upload: 5.65 Mbit/s
Sun Oct  7 07:45:01 CEST 2018
Ping: 27.436 ms
Download: 117.52 Mbit/s
Upload: 5.57 Mbit/s
Sun Oct  7 08:45:01 CEST 2018
Ping: 24.01 ms
Download: 124.26 Mbit/s
Upload: 5.51 Mbit/s
Sun Oct  7 09:45:01 CEST 2018
Ping: 24.001 ms
Download: 126.71 Mbit/s
Upload: 5.61 Mbit/s
Sun Oct  7 10:45:01 CEST 2018
Ping: 27.6 ms
Download: 116.85 Mbit/s
Upload: 5.57 Mbit/s
Sun Oct  7 11:45:01 CEST 2018
Ping: 27.341 ms
Download: 121.88 Mbit/s
Upload: 5.59 Mbit/s
Sun Oct  7 12:45:01 CEST 2018
Ping: 26.794 ms
Download: 118.31 Mbit/s
Upload: 5.52 Mbit/s
Sun Oct  7 13:45:01 CEST 2018
Ping: 27.475 ms
Download: 125.24 Mbit/s
Upload: 5.57 Mbit/s
Sun Oct  7 14:45:01 CEST 2018
Ping: 26.54 ms
Download: 120.62 Mbit/s
Upload: 5.55 Mbit/s
Sun Oct  7 15:45:01 CEST 2018
Ping: 27.479 ms
Download: 126.22 Mbit/s
Upload: 5.54 Mbit/s
Sun Oct  7 16:45:01 CEST 2018
Ping: 29.096 ms
Download: 123.17 Mbit/s
Upload: 5.59 Mbit/s
Sun Oct  7 17:45:01 CEST 2018
Ping: 26.781 ms
Download: 119.00 Mbit/s
Upload: 5.60 Mbit/s
Sun Oct  7 18:45:01 CEST 2018
Ping: 27.383 ms
Download: 120.27 Mbit/s
Upload: 5.64 Mbit/s
Sun Oct  7 19:45:01 CEST 2018
Ping: 28.599 ms
Download: 111.95 Mbit/s
Upload: 5.47 Mbit/s
Sun Oct  7 20:45:01 CEST 2018
Ping: 26.065 ms
Download: 116.98 Mbit/s
Upload: 5.47 Mbit/s
Sun Oct  7 21:45:01 CEST 2018
Ping: 27.339 ms
Download: 121.78 Mbit/s
Upload: 5.53 Mbit/s
Sun Oct  7 22:45:01 CEST 2018
Ping: 25.506 ms
Download: 123.59 Mbit/s
Upload: 5.58 Mbit/s
Sun Oct  7 23:45:01 CEST 2018
Ping: 27.61 ms
Download: 122.93 Mbit/s
Upload: 5.60 Mbit/s
Mon Oct  8 00:45:01 CEST 2018
Ping: 26.554 ms
Download: 125.28 Mbit/s
Upload: 5.60 Mbit/s
Mon Oct  8 01:45:01 CEST 2018
Ping: 26.082 ms
Download: 116.82 Mbit/s
Upload: 5.64 Mbit/s
Mon Oct  8 02:45:01 CEST 2018
Ping: 26.29 ms
Download: 122.96 Mbit/s
Upload: 5.62 Mbit/s
Mon Oct  8 03:45:01 CEST 2018
Ping: 24.033 ms
Download: 113.63 Mbit/s
Upload: 5.64 Mbit/s
Mon Oct  8 04:45:01 CEST 2018
Ping: 28.732 ms
Download: 123.63 Mbit/s
Upload: 5.61 Mbit/s
Mon Oct  8 05:45:01 CEST 2018
Ping: 26.784 ms
Download: 121.51 Mbit/s
Upload: 5.59 Mbit/s
Mon Oct  8 06:45:01 CEST 2018
Ping: 27.397 ms
Download: 113.72 Mbit/s
Upload: 5.50 Mbit/s
Mon Oct  8 07:45:01 CEST 2018
Ping: 25.815 ms
Download: 120.91 Mbit/s
Upload: 5.64 Mbit/s
Mon Oct  8 08:45:01 CEST 2018
Ping: 28.524 ms
Download: 123.06 Mbit/s
Upload: 5.59 Mbit/s
Mon Oct  8 09:45:01 CEST 2018
Ping: 28.098 ms
Download: 119.99 Mbit/s
Upload: 5.64 Mbit/s
Mon Oct  8 10:45:02 CEST 2018
Ping: 27.381 ms
Download: 125.80 Mbit/s
Upload: 5.48 Mbit/s
Mon Oct  8 11:45:01 CEST 2018
Ping: 27.293 ms
Download: 123.93 Mbit/s
Upload: 5.63 Mbit/s
Mon Oct  8 12:45:01 CEST 2018
Ping: 27.379 ms
Download: 121.23 Mbit/s
Upload: 4.97 Mbit/s
Mon Oct  8 13:45:01 CEST 2018
Ping: 29.251 ms
Download: 111.98 Mbit/s
Upload: 5.45 Mbit/s
Mon Oct  8 14:45:01 CEST 2018
Ping: 27.277 ms
Download: 107.44 Mbit/s
Upload: 5.49 Mbit/s
Mon Oct  8 15:45:01 CEST 2018
Ping: 27.399 ms
Download: 121.78 Mbit/s
Upload: 5.57 Mbit/s
Mon Oct  8 16:45:01 CEST 2018
Ping: 26.417 ms
Download: 108.76 Mbit/s
Upload: 5.64 Mbit/s
Mon Oct  8 17:45:01 CEST 2018
Ping: 26.43 ms
Download: 121.30 Mbit/s
Upload: 5.44 Mbit/s
Mon Oct  8 18:45:01 CEST 2018
Ping: 26.582 ms
Download: 113.27 Mbit/s
Upload: 5.60 Mbit/s
Mon Oct  8 19:45:01 CEST 2018
Ping: 26.39 ms
Download: 122.74 Mbit/s
Upload: 5.61 Mbit/s
Mon Oct  8 20:45:01 CEST 2018
Ping: 29.291 ms
Download: 106.32 Mbit/s
Upload: 5.64 Mbit/s
Mon Oct  8 21:45:01 CEST 2018
Ping: 30.161 ms
Download: 126.71 Mbit/s
Upload: 5.64 Mbit/s
Mon Oct  8 22:45:01 CEST 2018
Ping: 28.298 ms
Download: 115.85 Mbit/s
Upload: 5.59 Mbit/s
Mon Oct  8 23:45:01 CEST 2018
Ping: 29.781 ms
Download: 117.41 Mbit/s
Upload: 5.56 Mbit/s
Tue Oct  9 00:45:01 CEST 2018
Ping: 27.22 ms
Download: 115.48 Mbit/s
Upload: 5.61 Mbit/s
Tue Oct  9 01:45:01 CEST 2018
Ping: 28.712 ms
Download: 125.07 Mbit/s
Upload: 5.66 Mbit/s
Tue Oct  9 02:45:01 CEST 2018
Ping: 28.648 ms
Download: 110.00 Mbit/s
Upload: 5.64 Mbit/s
Tue Oct  9 03:45:01 CEST 2018
Ping: 24.202 ms
Download: 112.95 Mbit/s
Upload: 5.64 Mbit/s
Tue Oct  9 04:45:01 CEST 2018
Ping: 30.168 ms
Download: 62.42 Mbit/s
Upload: 5.59 Mbit/s
Tue Oct  9 05:45:01 CEST 2018
Ping: 27.103 ms
Download: 121.49 Mbit/s
Upload: 5.58 Mbit/s
Tue Oct  9 06:45:01 CEST 2018
Ping: 27.496 ms
Download: 113.56 Mbit/s
Upload: 5.65 Mbit/s
Tue Oct  9 07:45:01 CEST 2018
Ping: 30.11 ms
Download: 118.99 Mbit/s
Upload: 5.61 Mbit/s
Tue Oct  9 08:45:01 CEST 2018
Ping: 29.733 ms
Download: 123.27 Mbit/s
Upload: 5.61 Mbit/s
Tue Oct  9 09:45:01 CEST 2018
Ping: 26.38 ms
Download: 120.32 Mbit/s
Upload: 5.54 Mbit/s
Tue Oct  9 10:45:01 CEST 2018
Ping: 26.712 ms
Download: 125.16 Mbit/s
Upload: 5.65 Mbit/s
Tue Oct  9 11:45:01 CEST 2018
Ping: 29.377 ms
Download: 121.91 Mbit/s
Upload: 5.59 Mbit/s
Tue Oct  9 12:45:01 CEST 2018
Ping: 27.755 ms
Download: 113.74 Mbit/s
Upload: 5.50 Mbit/s
Tue Oct  9 13:45:01 CEST 2018
Ping: 26.995 ms
Download: 115.43 Mbit/s
Upload: 5.46 Mbit/s
Tue Oct  9 14:45:01 CEST 2018
Ping: 27.834 ms
Download: 124.69 Mbit/s
Upload: 5.54 Mbit/s
Tue Oct  9 15:45:01 CEST 2018
Ping: 26.594 ms
Download: 124.05 Mbit/s
Upload: 5.43 Mbit/s
Tue Oct  9 16:45:01 CEST 2018
Ping: 27.693 ms
Download: 120.46 Mbit/s
Upload: 5.58 Mbit/s
Tue Oct  9 17:45:01 CEST 2018
Ping: 30.063 ms
Download: 113.76 Mbit/s
Upload: 5.52 Mbit/s
Tue Oct  9 18:45:01 CEST 2018
Ping: 26.015 ms
Download: 116.84 Mbit/s
Upload: 5.59 Mbit/s
Tue Oct  9 19:45:01 CEST 2018
Ping: 28.06 ms
Download: 117.20 Mbit/s
Upload: 5.55 Mbit/s
Tue Oct  9 20:45:01 CEST 2018
Ping: 27.405 ms
Download: 118.32 Mbit/s
Upload: 5.44 Mbit/s
Tue Oct  9 21:45:01 CEST 2018
Ping: 26.194 ms
Download: 106.26 Mbit/s
Upload: 5.50 Mbit/s
Tue Oct  9 22:45:01 CEST 2018
Ping: 26.954 ms
Download: 105.04 Mbit/s
Upload: 5.62 Mbit/s
Tue Oct  9 23:45:01 CEST 2018
Ping: 27.057 ms
Download: 120.39 Mbit/s
Upload: 5.59 Mbit/s
Wed Oct 10 00:45:01 CEST 2018
Ping: 27.75 ms
Download: 126.72 Mbit/s
Upload: 5.59 Mbit/s
Wed Oct 10 01:45:01 CEST 2018
Ping: 27.341 ms
Download: 125.31 Mbit/s
Upload: 5.56 Mbit/s
Wed Oct 10 02:45:01 CEST 2018
Ping: 27.702 ms
Download: 112.01 Mbit/s
Upload: 5.56 Mbit/s
Wed Oct 10 03:45:01 CEST 2018
Ping: 28.732 ms
Download: 123.17 Mbit/s
Upload: 5.64 Mbit/s
Wed Oct 10 04:45:01 CEST 2018
Ping: 26.806 ms
Download: 123.75 Mbit/s
Upload: 5.61 Mbit/s
Wed Oct 10 05:45:01 CEST 2018
Ping: 30.066 ms
Download: 126.00 Mbit/s
Upload: 5.67 Mbit/s
Wed Oct 10 06:45:01 CEST 2018
Ping: 27.599 ms
Download: 126.62 Mbit/s
Upload: 5.65 Mbit/s
Wed Oct 10 07:45:01 CEST 2018
Ping: 31.569 ms
Download: 123.83 Mbit/s
Upload: 5.65 Mbit/s
Wed Oct 10 08:45:01 CEST 2018
Ping: 28.755 ms
Download: 124.08 Mbit/s
Upload: 5.58 Mbit/s
Wed Oct 10 09:45:01 CEST 2018
Ping: 27.406 ms
Download: 125.57 Mbit/s
Upload: 5.62 Mbit/s
Wed Oct 10 10:45:01 CEST 2018
Ping: 27.975 ms
Download: 117.38 Mbit/s
Upload: 5.57 Mbit/s
Wed Oct 10 11:45:01 CEST 2018
Ping: 27.733 ms
Download: 119.70 Mbit/s
Upload: 5.58 Mbit/s
Wed Oct 10 12:45:01 CEST 2018
Ping: 26.028 ms
Download: 118.37 Mbit/s
Upload: 5.60 Mbit/s
Wed Oct 10 13:45:01 CEST 2018
Ping: 28.139 ms
Download: 119.25 Mbit/s
Upload: 5.43 Mbit/s
Wed Oct 10 14:45:01 CEST 2018
Ping: 26.751 ms
Download: 118.75 Mbit/s
Upload: 5.41 Mbit/s
Wed Oct 10 15:45:01 CEST 2018
Ping: 28.842 ms
Download: 124.79 Mbit/s
Upload: 5.40 Mbit/s
Wed Oct 10 16:45:01 CEST 2018
Ping: 27.378 ms
Download: 125.89 Mbit/s
Upload: 5.48 Mbit/s
Wed Oct 10 17:45:01 CEST 2018
Ping: 27.733 ms
Download: 115.44 Mbit/s
Upload: 5.52 Mbit/s
Wed Oct 10 18:45:01 CEST 2018
Ping: 27.398 ms
Download: 116.65 Mbit/s
Upload: 5.48 Mbit/s
Wed Oct 10 19:45:01 CEST 2018
Ping: 29.894 ms
Download: 100.87 Mbit/s
Upload: 5.43 Mbit/s
Wed Oct 10 20:45:01 CEST 2018
Ping: 28.067 ms
Download: 122.40 Mbit/s
Upload: 5.58 Mbit/s
Wed Oct 10 21:45:01 CEST 2018
Ping: 28.526 ms
Download: 125.78 Mbit/s
Upload: 5.49 Mbit/s
Wed Oct 10 22:45:01 CEST 2018
Ping: 31.063 ms
Download: 123.09 Mbit/s
Upload: 5.53 Mbit/s
Wed Oct 10 23:45:01 CEST 2018
Ping: 27.747 ms
Download: 114.38 Mbit/s
Upload: 5.55 Mbit/s
Thu Oct 11 00:45:01 CEST 2018
Ping: 28.319 ms
Download: 123.13 Mbit/s
Upload: 5.62 Mbit/s
Thu Oct 11 01:45:01 CEST 2018
Ping: 25.951 ms
Download: 120.44 Mbit/s
Upload: 5.59 Mbit/s
Thu Oct 11 02:45:01 CEST 2018
Ping: 30.87 ms
Download: 34.40 Mbit/s
Upload: 2.75 Mbit/s
Thu Oct 11 03:45:01 CEST 2018
Ping: 27.088 ms
Download: 126.00 Mbit/s
Upload: 5.61 Mbit/s
Thu Oct 11 04:45:01 CEST 2018
Ping: 26.309 ms
Download: 125.50 Mbit/s
Upload: 5.55 Mbit/s
Thu Oct 11 05:45:01 CEST 2018
Ping: 26.058 ms
Download: 125.39 Mbit/s
Upload: 5.62 Mbit/s
Thu Oct 11 06:45:01 CEST 2018
Ping: 26.882 ms
Download: 112.08 Mbit/s
Upload: 5.58 Mbit/s
Thu Oct 11 07:45:01 CEST 2018
Ping: 25.374 ms
Download: 125.06 Mbit/s
Upload: 5.55 Mbit/s
Thu Oct 11 08:45:01 CEST 2018
Ping: 28.789 ms
Download: 123.31 Mbit/s
Upload: 5.59 Mbit/s
Thu Oct 11 09:45:01 CEST 2018
Ping: 26.235 ms
Download: 123.44 Mbit/s
Upload: 5.59 Mbit/s
Thu Oct 11 10:45:01 CEST 2018
Ping: 26.054 ms
Download: 116.06 Mbit/s
Upload: 5.62 Mbit/s
Thu Oct 11 11:45:01 CEST 2018
Ping: 27.587 ms
Download: 119.67 Mbit/s
Upload: 5.40 Mbit/s
Thu Oct 11 12:45:01 CEST 2018
Ping: 27.264 ms
Download: 120.09 Mbit/s
Upload: 5.46 Mbit/s
Thu Oct 11 13:45:01 CEST 2018
Ping: 29.385 ms
Download: 117.63 Mbit/s
Upload: 5.38 Mbit/s
Thu Oct 11 14:45:01 CEST 2018
Ping: 26.271 ms
Download: 119.06 Mbit/s
Upload: 5.62 Mbit/s
Thu Oct 11 15:45:01 CEST 2018
Ping: 24.913 ms
Download: 124.90 Mbit/s
Upload: 5.62 Mbit/s
Thu Oct 11 16:45:01 CEST 2018
Ping: 28.714 ms
Download: 97.95 Mbit/s
Upload: 5.59 Mbit/s
Thu Oct 11 17:45:01 CEST 2018
Ping: 28.41 ms
Download: 102.28 Mbit/s
Upload: 5.20 Mbit/s
Thu Oct 11 18:45:01 CEST 2018
Ping: 27.952 ms
Download: 123.55 Mbit/s
Upload: 5.65 Mbit/s
Thu Oct 11 19:45:01 CEST 2018
Ping: 27.746 ms
Download: 107.22 Mbit/s
Upload: 5.53 Mbit/s
Thu Oct 11 20:45:02 CEST 2018
Ping: 29.153 ms
Download: 101.63 Mbit/s
Upload: 5.39 Mbit/s
Thu Oct 11 21:45:02 CEST 2018
Ping: 27.936 ms
Download: 126.30 Mbit/s
Upload: 5.61 Mbit/s
Thu Oct 11 22:45:01 CEST 2018
Ping: 27.832 ms
Download: 121.14 Mbit/s
Upload: 5.54 Mbit/s
Thu Oct 11 23:45:01 CEST 2018
Ping: 26.772 ms
Download: 112.65 Mbit/s
Upload: 5.41 Mbit/s
Fri Oct 12 00:45:01 CEST 2018
Ping: 26.235 ms
Download: 114.44 Mbit/s
Upload: 5.62 Mbit/s
Fri Oct 12 01:45:01 CEST 2018
Ping: 27.982 ms
Download: 122.60 Mbit/s
Upload: 5.56 Mbit/s
Fri Oct 12 02:45:01 CEST 2018
Ping: 29.509 ms
Download: 121.82 Mbit/s
Upload: 5.62 Mbit/s
Fri Oct 12 03:45:01 CEST 2018
Ping: 27.395 ms
Download: 120.46 Mbit/s
Upload: 5.61 Mbit/s
Fri Oct 12 04:45:01 CEST 2018
Ping: 27.11 ms
Download: 124.34 Mbit/s
Upload: 5.65 Mbit/s
Fri Oct 12 05:45:01 CEST 2018
Ping: 30.044 ms
Download: 122.96 Mbit/s
Upload: 5.64 Mbit/s
Fri Oct 12 06:45:01 CEST 2018
Ping: 25.67 ms
Download: 120.24 Mbit/s
Upload: 5.57 Mbit/s
Fri Oct 12 07:45:01 CEST 2018
Ping: 29.902 ms
Download: 119.25 Mbit/s
Upload: 5.62 Mbit/s
Fri Oct 12 08:45:01 CEST 2018
Ping: 26.906 ms
Download: 121.30 Mbit/s
Upload: 5.59 Mbit/s
Fri Oct 12 09:45:02 CEST 2018
Ping: 28.501 ms
Download: 117.69 Mbit/s
Upload: 5.56 Mbit/s
Fri Oct 12 10:45:01 CEST 2018
Ping: 26.401 ms
Download: 125.31 Mbit/s
Upload: 5.60 Mbit/s
Fri Oct 12 11:45:01 CEST 2018
Ping: 26.326 ms
Download: 123.30 Mbit/s
Upload: 5.59 Mbit/s
Fri Oct 12 12:45:01 CEST 2018
Ping: 29.447 ms
Download: 125.02 Mbit/s
Upload: 5.44 Mbit/s
Fri Oct 12 13:45:01 CEST 2018
Ping: 26.06 ms
Download: 123.52 Mbit/s
Upload: 5.64 Mbit/s
Fri Oct 12 14:45:01 CEST 2018
Ping: 27.988 ms
Download: 117.39 Mbit/s
Upload: 5.34 Mbit/s
Fri Oct 12 15:45:01 CEST 2018
Ping: 26.669 ms
Download: 118.36 Mbit/s
Upload: 5.52 Mbit/s
Fri Oct 12 16:45:01 CEST 2018
Ping: 30.303 ms
Download: 112.59 Mbit/s
Upload: 5.53 Mbit/s
Fri Oct 12 17:45:01 CEST 2018
Ping: 26.747 ms
Download: 112.23 Mbit/s
Upload: 5.61 Mbit/s
Fri Oct 12 18:45:01 CEST 2018
Ping: 28.848 ms
Download: 23.84 Mbit/s
Upload: 4.23 Mbit/s
Fri Oct 12 19:45:01 CEST 2018
Ping: 27.93 ms
Download: 101.98 Mbit/s
Upload: 5.54 Mbit/s
Fri Oct 12 20:45:01 CEST 2018
Ping: 25.869 ms
Download: 106.57 Mbit/s
Upload: 5.59 Mbit/s
Fri Oct 12 21:45:01 CEST 2018
Ping: 32.215 ms
Download: 124.81 Mbit/s
Upload: 5.62 Mbit/s
Fri Oct 12 22:45:01 CEST 2018
Ping: 31.322 ms
Download: 22.77 Mbit/s
Upload: 5.56 Mbit/s
Fri Oct 12 23:45:01 CEST 2018
Ping: 27.141 ms
Download: 121.32 Mbit/s
Upload: 5.46 Mbit/s
Sat Oct 13 00:45:01 CEST 2018
Ping: 30.553 ms
Download: 115.93 Mbit/s
Upload: 5.59 Mbit/s
Sat Oct 13 01:45:01 CEST 2018
Ping: 31.404 ms
Download: 113.49 Mbit/s
Upload: 5.65 Mbit/s
Sat Oct 13 02:45:01 CEST 2018
Ping: 31.412 ms
Download: 35.78 Mbit/s
Upload: 5.50 Mbit/s
Sat Oct 13 03:45:01 CEST 2018
Ping: 27.781 ms
Download: 117.50 Mbit/s
Upload: 5.59 Mbit/s
Sat Oct 13 04:45:01 CEST 2018
Ping: 26.046 ms
Download: 123.55 Mbit/s
Upload: 5.65 Mbit/s
Sat Oct 13 05:45:01 CEST 2018
Ping: 27.376 ms
Download: 119.77 Mbit/s
Upload: 5.64 Mbit/s
Sat Oct 13 06:45:01 CEST 2018
Ping: 27.049 ms
Download: 111.62 Mbit/s
Upload: 5.61 Mbit/s
Sat Oct 13 07:45:01 CEST 2018
Ping: 30.042 ms
Download: 123.95 Mbit/s
Upload: 5.59 Mbit/s
Sat Oct 13 08:45:01 CEST 2018
Ping: 27.523 ms
Download: 120.41 Mbit/s
Upload: 5.60 Mbit/s
Sat Oct 13 09:45:01 CEST 2018
Ping: 28.923 ms
Download: 121.21 Mbit/s
Upload: 5.63 Mbit/s
Sat Oct 13 10:45:02 CEST 2018
Ping: 30.332 ms
Download: 32.23 Mbit/s
Upload: 5.13 Mbit/s
Sat Oct 13 11:45:01 CEST 2018
Ping: 26.237 ms
Download: 113.76 Mbit/s
Upload: 5.58 Mbit/s
Sat Oct 13 12:45:01 CEST 2018
Ping: 26.403 ms
Download: 117.89 Mbit/s
Upload: 5.62 Mbit/s
Sat Oct 13 13:45:02 CEST 2018
Ping: 27.095 ms
Download: 120.59 Mbit/s
Upload: 5.63 Mbit/s
Sat Oct 13 14:45:02 CEST 2018
Ping: 27.491 ms
Download: 121.37 Mbit/s
Upload: 5.62 Mbit/s
Sat Oct 13 15:45:01 CEST 2018
Ping: 28.277 ms
Download: 123.76 Mbit/s
Upload: 5.59 Mbit/s
Sat Oct 13 16:45:01 CEST 2018
Ping: 27.621 ms
Download: 119.24 Mbit/s
Upload: 5.49 Mbit/s
Sat Oct 13 17:45:01 CEST 2018
Ping: 28.395 ms
Download: 110.30 Mbit/s
Upload: 5.59 Mbit/s
Sat Oct 13 18:45:01 CEST 2018
Ping: 30.634 ms
Download: 119.74 Mbit/s
Upload: 5.54 Mbit/s
Sat Oct 13 19:45:01 CEST 2018
Ping: 31.258 ms
Download: 104.70 Mbit/s
Upload: 5.59 Mbit/s
Sat Oct 13 20:45:01 CEST 2018
Ping: 28.954 ms
Download: 123.76 Mbit/s
Upload: 5.44 Mbit/s
Sat Oct 13 21:45:01 CEST 2018
Ping: 27.168 ms
Download: 125.80 Mbit/s
Upload: 5.59 Mbit/s
Sat Oct 13 22:45:01 CEST 2018
Ping: 25.039 ms
Download: 126.05 Mbit/s
Upload: 5.53 Mbit/s
Sat Oct 13 23:45:01 CEST 2018
Ping: 30.361 ms
Download: 14.38 Mbit/s
Upload: 1.54 Mbit/s
Sun Oct 14 00:45:01 CEST 2018
Ping: 26.069 ms
Download: 112.36 Mbit/s
Upload: 5.54 Mbit/s
Sun Oct 14 01:45:01 CEST 2018
Ping: 28.396 ms
Download: 104.93 Mbit/s
Upload: 5.62 Mbit/s
Sun Oct 14 02:45:01 CEST 2018
Ping: 26.299 ms
Download: 122.02 Mbit/s
Upload: 5.59 Mbit/s
Sun Oct 14 03:45:01 CEST 2018
Ping: 27.672 ms
Download: 122.24 Mbit/s
Upload: 5.60 Mbit/s
Sun Oct 14 04:45:01 CEST 2018
Ping: 28.707 ms
Download: 117.17 Mbit/s
Upload: 5.62 Mbit/s
Sun Oct 14 05:45:01 CEST 2018
Ping: 29.175 ms
Download: 120.67 Mbit/s
Upload: 5.62 Mbit/s
Sun Oct 14 06:45:01 CEST 2018
Ping: 27.409 ms
Download: 117.30 Mbit/s
Upload: 5.63 Mbit/s
Sun Oct 14 07:45:01 CEST 2018
Ping: 29.777 ms
Download: 121.59 Mbit/s
Upload: 5.59 Mbit/s
Sun Oct 14 08:45:02 CEST 2018
Ping: 28.364 ms
Download: 111.71 Mbit/s
Upload: 5.62 Mbit/s
Sun Oct 14 09:45:01 CEST 2018
Ping: 26.104 ms
Download: 121.23 Mbit/s
Upload: 5.65 Mbit/s
Sun Oct 14 10:45:01 CEST 2018
Ping: 28.036 ms
Download: 119.97 Mbit/s
Upload: 5.57 Mbit/s
Sun Oct 14 11:45:02 CEST 2018
Ping: 29.444 ms
Download: 124.38 Mbit/s
Upload: 5.31 Mbit/s
Sun Oct 14 12:45:01 CEST 2018
Ping: 29.047 ms
Download: 124.31 Mbit/s
Upload: 5.56 Mbit/s
Sun Oct 14 13:45:01 CEST 2018
Ping: 30.066 ms
Download: 117.23 Mbit/s
Upload: 5.64 Mbit/s
Sun Oct 14 14:45:01 CEST 2018
Ping: 30.803 ms
Download: 124.45 Mbit/s
Upload: 5.61 Mbit/s
Sun Oct 14 15:45:01 CEST 2018
Ping: 32.411 ms
Download: 57.41 Mbit/s
Upload: 5.33 Mbit/s
Sun Oct 14 16:45:01 CEST 2018
Ping: 26.397 ms
Download: 119.78 Mbit/s
Upload: 5.42 Mbit/s
Sun Oct 14 17:45:01 CEST 2018
Ping: 26.379 ms
Download: 123.88 Mbit/s
Upload: 5.58 Mbit/s
Sun Oct 14 18:45:01 CEST 2018
Ping: 26.182 ms
Download: 117.21 Mbit/s
Upload: 5.58 Mbit/s
Sun Oct 14 19:45:01 CEST 2018
Ping: 27.76 ms
Download: 119.68 Mbit/s
Upload: 5.60 Mbit/s
Sun Oct 14 20:45:01 CEST 2018
Ping: 29.683 ms
Download: 117.67 Mbit/s
Upload: 5.17 Mbit/s
Sun Oct 14 21:45:01 CEST 2018
Ping: 29.531 ms
Download: 118.81 Mbit/s
Upload: 5.56 Mbit/s
Sun Oct 14 22:45:01 CEST 2018
Ping: 27.844 ms
Download: 123.07 Mbit/s
Upload: 5.50 Mbit/s
Sun Oct 14 23:45:01 CEST 2018
Ping: 27.462 ms
Download: 115.90 Mbit/s
Upload: 5.50 Mbit/s
Mon Oct 15 00:45:01 CEST 2018
Ping: 27.437 ms
Download: 126.06 Mbit/s
Upload: 5.63 Mbit/s
Mon Oct 15 01:45:01 CEST 2018
Ping: 26.752 ms
Download: 126.67 Mbit/s
Upload: 5.63 Mbit/s
Mon Oct 15 02:45:01 CEST 2018
Ping: 25.285 ms
Download: 115.08 Mbit/s
Upload: 5.54 Mbit/s
Mon Oct 15 03:45:01 CEST 2018
Ping: 29.19 ms
Download: 126.67 Mbit/s
Upload: 5.58 Mbit/s
Mon Oct 15 04:45:01 CEST 2018
Ping: 27.347 ms
Download: 121.66 Mbit/s
Upload: 5.62 Mbit/s
Mon Oct 15 05:45:01 CEST 2018
Ping: 27.76 ms
Download: 117.73 Mbit/s
Upload: 5.62 Mbit/s
Mon Oct 15 06:45:01 CEST 2018
Ping: 27.436 ms
Download: 123.78 Mbit/s
Upload: 5.62 Mbit/s
Mon Oct 15 07:45:01 CEST 2018
Ping: 27.006 ms
Download: 117.46 Mbit/s
Upload: 5.65 Mbit/s
Mon Oct 15 08:45:01 CEST 2018
Ping: 30.22 ms
Download: 122.30 Mbit/s
Upload: 5.55 Mbit/s
Mon Oct 15 09:45:02 CEST 2018
Ping: 27.306 ms
Download: 122.09 Mbit/s
Upload: 5.65 Mbit/s
Mon Oct 15 10:45:01 CEST 2018
Ping: 27.749 ms
Download: 107.72 Mbit/s
Upload: 5.65 Mbit/s
Mon Oct 15 11:45:01 CEST 2018
Ping: 26.391 ms
Download: 109.62 Mbit/s
Upload: 5.54 Mbit/s
Mon Oct 15 12:45:01 CEST 2018
Ping: 24.712 ms
Download: 123.86 Mbit/s
Upload: 5.54 Mbit/s
Mon Oct 15 13:45:01 CEST 2018
Ping: 27.287 ms
Download: 123.29 Mbit/s
Upload: 5.48 Mbit/s
Mon Oct 15 14:45:01 CEST 2018
Ping: 27.547 ms
Download: 122.53 Mbit/s
Upload: 5.47 Mbit/s
Mon Oct 15 15:45:01 CEST 2018
Ping: 26.681 ms
Download: 125.38 Mbit/s
Upload: 5.49 Mbit/s
Mon Oct 15 16:45:01 CEST 2018
Ping: 29.231 ms
Download: 122.93 Mbit/s
Upload: 5.59 Mbit/s
Mon Oct 15 17:45:01 CEST 2018
Ping: 27.164 ms
Download: 116.13 Mbit/s
Upload: 5.45 Mbit/s
Mon Oct 15 18:45:01 CEST 2018
Ping: 30.556 ms
Download: 65.63 Mbit/s
Upload: 5.61 Mbit/s
Mon Oct 15 19:45:01 CEST 2018
Ping: 27.387 ms
Download: 121.45 Mbit/s
Upload: 5.33 Mbit/s
Mon Oct 15 20:45:01 CEST 2018
Ping: 28.998 ms
Download: 125.17 Mbit/s
Upload: 5.56 Mbit/s
Mon Oct 15 21:45:01 CEST 2018
Ping: 28.382 ms
Download: 111.70 Mbit/s
Upload: 5.62 Mbit/s
Mon Oct 15 22:45:01 CEST 2018
Ping: 27.904 ms
Download: 123.25 Mbit/s
Upload: 5.61 Mbit/s
Mon Oct 15 23:45:01 CEST 2018
Ping: 25.713 ms
Download: 124.55 Mbit/s
Upload: 5.61 Mbit/s
Tue Oct 16 00:45:01 CEST 2018
Ping: 26.372 ms
Download: 125.42 Mbit/s
Upload: 5.53 Mbit/s
Tue Oct 16 01:45:01 CEST 2018
Ping: 26.066 ms
Download: 115.75 Mbit/s
Upload: 5.61 Mbit/s
Tue Oct 16 02:45:01 CEST 2018
Ping: 27.033 ms
Download: 124.11 Mbit/s
Upload: 5.59 Mbit/s
Tue Oct 16 03:45:01 CEST 2018
Ping: 30.033 ms
Download: 123.91 Mbit/s
Upload: 5.61 Mbit/s
Tue Oct 16 04:45:01 CEST 2018
Ping: 29.615 ms
Download: 123.26 Mbit/s
Upload: 5.61 Mbit/s
Tue Oct 16 05:45:01 CEST 2018
Ping: 26.822 ms
Download: 120.98 Mbit/s
Upload: 5.63 Mbit/s
Tue Oct 16 06:45:02 CEST 2018
Ping: 27.0 ms
Download: 117.75 Mbit/s
Upload: 5.59 Mbit/s
Tue Oct 16 07:45:01 CEST 2018
Ping: 26.207 ms
Download: 123.07 Mbit/s
Upload: 5.53 Mbit/s
Tue Oct 16 08:45:01 CEST 2018
Ping: 27.151 ms
Download: 122.81 Mbit/s
Upload: 5.56 Mbit/s
Tue Oct 16 09:45:02 CEST 2018
Ping: 26.413 ms
Download: 122.72 Mbit/s
Upload: 5.45 Mbit/s
Tue Oct 16 10:45:01 CEST 2018
Ping: 29.249 ms
Download: 125.16 Mbit/s
Upload: 5.44 Mbit/s
Tue Oct 16 11:45:01 CEST 2018
Ping: 25.828 ms
Download: 125.35 Mbit/s
Upload: 5.40 Mbit/s
Tue Oct 16 12:45:01 CEST 2018
Ping: 29.301 ms
Download: 108.64 Mbit/s
Upload: 5.46 Mbit/s
Tue Oct 16 13:45:01 CEST 2018
Ping: 27.54 ms
Download: 122.61 Mbit/s
Upload: 5.66 Mbit/s
Tue Oct 16 14:45:01 CEST 2018
Ping: 28.557 ms
Download: 109.75 Mbit/s
Upload: 5.60 Mbit/s
Tue Oct 16 15:45:01 CEST 2018
Ping: 25.675 ms
Download: 124.93 Mbit/s
Upload: 5.63 Mbit/s
Tue Oct 16 16:45:01 CEST 2018
Ping: 26.976 ms
Download: 126.01 Mbit/s
Upload: 5.42 Mbit/s
Tue Oct 16 17:45:01 CEST 2018
Ping: 28.61 ms
Download: 116.18 Mbit/s
Upload: 5.33 Mbit/s
Tue Oct 16 18:45:01 CEST 2018
Ping: 27.73 ms
Download: 126.72 Mbit/s
Upload: 5.50 Mbit/s
Tue Oct 16 19:45:01 CEST 2018
Ping: 28.736 ms
Download: 125.76 Mbit/s
Upload: 5.18 Mbit/s
Tue Oct 16 20:45:01 CEST 2018
Ping: 27.951 ms
Download: 113.76 Mbit/s
Upload: 5.57 Mbit/s
Tue Oct 16 21:45:01 CEST 2018
Ping: 29.719 ms
Download: 123.62 Mbit/s
Upload: 5.61 Mbit/s
Tue Oct 16 22:45:01 CEST 2018
Ping: 27.023 ms
Download: 103.53 Mbit/s
Upload: 5.63 Mbit/s
Tue Oct 16 23:45:01 CEST 2018
Ping: 27.194 ms
Download: 118.09 Mbit/s
Upload: 5.51 Mbit/s
Wed Oct 17 00:45:01 CEST 2018
Ping: 28.173 ms
Download: 125.71 Mbit/s
Upload: 5.64 Mbit/s
Wed Oct 17 01:45:01 CEST 2018
Ping: 28.405 ms
Download: 113.50 Mbit/s
Upload: 5.52 Mbit/s
Wed Oct 17 02:45:01 CEST 2018
Ping: 29.668 ms
Download: 124.29 Mbit/s
Upload: 5.59 Mbit/s
Wed Oct 17 03:45:01 CEST 2018
Ping: 29.761 ms
Download: 116.32 Mbit/s
Upload: 5.60 Mbit/s
Wed Oct 17 04:45:01 CEST 2018
Ping: 27.125 ms
Download: 119.17 Mbit/s
Upload: 5.65 Mbit/s
Wed Oct 17 05:45:01 CEST 2018
Ping: 25.459 ms
Download: 125.40 Mbit/s
Upload: 5.58 Mbit/s
Wed Oct 17 06:45:01 CEST 2018
Ping: 26.884 ms
Download: 121.62 Mbit/s
Upload: 5.63 Mbit/s
Wed Oct 17 07:45:01 CEST 2018
Ping: 26.002 ms
Download: 121.02 Mbit/s
Upload: 5.57 Mbit/s
Wed Oct 17 08:45:02 CEST 2018
Ping: 26.948 ms
Download: 122.41 Mbit/s
Upload: 5.44 Mbit/s
Wed Oct 17 09:45:01 CEST 2018
Ping: 28.37 ms
Download: 119.35 Mbit/s
Upload: 5.57 Mbit/s
Wed Oct 17 10:45:01 CEST 2018
Ping: 25.878 ms
Download: 121.59 Mbit/s
Upload: 5.62 Mbit/s
Wed Oct 17 11:45:02 CEST 2018
Ping: 25.384 ms
Download: 113.70 Mbit/s
Upload: 5.05 Mbit/s
Wed Oct 17 12:45:01 CEST 2018
Ping: 28.344 ms
Download: 120.93 Mbit/s
Upload: 5.59 Mbit/s
Wed Oct 17 13:45:01 CEST 2018
Ping: 26.738 ms
Download: 118.01 Mbit/s
Upload: 5.47 Mbit/s
Wed Oct 17 14:45:01 CEST 2018
Ping: 28.047 ms
Download: 120.29 Mbit/s
Upload: 5.56 Mbit/s
Wed Oct 17 15:45:01 CEST 2018
Ping: 26.998 ms
Download: 116.90 Mbit/s
Upload: 5.64 Mbit/s
Wed Oct 17 16:45:01 CEST 2018
Ping: 27.168 ms
Download: 123.55 Mbit/s
Upload: 5.58 Mbit/s
Wed Oct 17 17:45:01 CEST 2018
Ping: 27.508 ms
Download: 123.14 Mbit/s
Upload: 5.46 Mbit/s
Wed Oct 17 18:45:01 CEST 2018
Ping: 28.369 ms
Download: 113.54 Mbit/s
Upload: 5.58 Mbit/s
Wed Oct 17 19:45:01 CEST 2018
Ping: 28.3 ms
Download: 119.59 Mbit/s
Upload: 5.61 Mbit/s
Wed Oct 17 20:45:01 CEST 2018
Ping: 25.871 ms
Download: 125.58 Mbit/s
Upload: 5.56 Mbit/s
Wed Oct 17 21:45:01 CEST 2018
Ping: 32.289 ms
Download: 39.60 Mbit/s
Upload: 5.42 Mbit/s
Wed Oct 17 22:45:01 CEST 2018
Ping: 28.053 ms
Download: 119.01 Mbit/s
Upload: 5.46 Mbit/s
Wed Oct 17 23:45:01 CEST 2018
Ping: 26.423 ms
Download: 112.63 Mbit/s
Upload: 5.66 Mbit/s
Thu Oct 18 00:45:02 CEST 2018
Ping: 28.678 ms
Download: 125.78 Mbit/s
Upload: 5.61 Mbit/s
Thu Oct 18 01:45:01 CEST 2018
Ping: 30.568 ms
Download: 110.31 Mbit/s
Upload: 5.56 Mbit/s
Thu Oct 18 02:45:01 CEST 2018
Ping: 27.363 ms
Download: 123.66 Mbit/s
Upload: 5.64 Mbit/s
Thu Oct 18 03:45:01 CEST 2018
Ping: 27.403 ms
Download: 116.05 Mbit/s
Upload: 5.61 Mbit/s
Thu Oct 18 04:45:01 CEST 2018
Ping: 27.268 ms
Download: 120.31 Mbit/s
Upload: 5.66 Mbit/s
Thu Oct 18 05:45:02 CEST 2018
Ping: 26.334 ms
Download: 127.17 Mbit/s
Upload: 5.63 Mbit/s
Thu Oct 18 06:45:01 CEST 2018
Ping: 29.349 ms
Download: 123.50 Mbit/s
Upload: 5.58 Mbit/s
Thu Oct 18 07:45:01 CEST 2018
Ping: 30.929 ms
Download: 21.60 Mbit/s
Upload: 5.23 Mbit/s
Thu Oct 18 08:45:02 CEST 2018
Ping: 26.668 ms
Download: 101.67 Mbit/s
Upload: 5.53 Mbit/s
Thu Oct 18 09:45:01 CEST 2018
Ping: 27.357 ms
Download: 103.27 Mbit/s
Upload: 5.60 Mbit/s
Thu Oct 18 10:45:01 CEST 2018
Ping: 26.051 ms
Download: 118.89 Mbit/s
Upload: 5.61 Mbit/s
Thu Oct 18 11:45:01 CEST 2018
Ping: 25.971 ms
Download: 123.87 Mbit/s
Upload: 5.49 Mbit/s
Thu Oct 18 12:45:01 CEST 2018
Ping: 28.876 ms
Download: 113.10 Mbit/s
Upload: 5.48 Mbit/s
Thu Oct 18 13:45:01 CEST 2018
Ping: 26.369 ms
Download: 117.31 Mbit/s
Upload: 5.54 Mbit/s
Thu Oct 18 14:45:01 CEST 2018
Ping: 26.088 ms
Download: 105.44 Mbit/s
Upload: 5.61 Mbit/s
Thu Oct 18 15:45:01 CEST 2018
Ping: 26.669 ms
Download: 126.21 Mbit/s
Upload: 5.51 Mbit/s
Thu Oct 18 16:45:01 CEST 2018
Ping: 26.078 ms
Download: 125.30 Mbit/s
Upload: 5.56 Mbit/s
Thu Oct 18 17:45:01 CEST 2018
Ping: 28.741 ms
Download: 114.71 Mbit/s
Upload: 5.55 Mbit/s
Thu Oct 18 18:45:01 CEST 2018
Ping: 26.374 ms
Download: 121.22 Mbit/s
Upload: 5.52 Mbit/s
Thu Oct 18 19:45:01 CEST 2018
Ping: 27.395 ms
Download: 118.57 Mbit/s
Upload: 5.57 Mbit/s
Thu Oct 18 20:45:01 CEST 2018
Ping: 28.264 ms
Download: 113.60 Mbit/s
Upload: 5.52 Mbit/s
Thu Oct 18 21:45:01 CEST 2018
Ping: 28.341 ms
Download: 123.75 Mbit/s
Upload: 5.58 Mbit/s
Thu Oct 18 22:45:01 CEST 2018
Ping: 27.392 ms
Download: 115.40 Mbit/s
Upload: 5.50 Mbit/s
Thu Oct 18 23:45:01 CEST 2018
Ping: 29.762 ms
Download: 125.11 Mbit/s
Upload: 5.63 Mbit/s
Fri Oct 19 00:45:01 CEST 2018
Ping: 28.083 ms
Download: 122.88 Mbit/s
Upload: 5.63 Mbit/s
Fri Oct 19 01:45:01 CEST 2018
Ping: 27.566 ms
Download: 123.26 Mbit/s
Upload: 5.66 Mbit/s
Fri Oct 19 02:45:01 CEST 2018
Ping: 28.954 ms
Download: 115.57 Mbit/s
Upload: 5.63 Mbit/s
Fri Oct 19 03:45:01 CEST 2018
Ping: 27.06 ms
Download: 111.27 Mbit/s
Upload: 5.61 Mbit/s
Fri Oct 19 04:45:01 CEST 2018
Ping: 27.567 ms
Download: 120.99 Mbit/s
Upload: 5.61 Mbit/s
Fri Oct 19 05:45:01 CEST 2018
Ping: 28.727 ms
Download: 120.27 Mbit/s
Upload: 5.60 Mbit/s
Fri Oct 19 06:45:01 CEST 2018
Ping: 27.724 ms
Download: 105.78 Mbit/s
Upload: 5.61 Mbit/s
Fri Oct 19 07:45:01 CEST 2018
Ping: 27.397 ms
Download: 115.38 Mbit/s
Upload: 5.55 Mbit/s
Fri Oct 19 08:45:01 CEST 2018
Ping: 28.937 ms
Download: 103.89 Mbit/s
Upload: 5.39 Mbit/s
Fri Oct 19 09:45:01 CEST 2018
Ping: 26.014 ms
Download: 120.51 Mbit/s
Upload: 5.51 Mbit/s
Fri Oct 19 10:45:01 CEST 2018
Ping: 25.611 ms
Download: 121.11 Mbit/s
Upload: 5.62 Mbit/s
Fri Oct 19 11:45:01 CEST 2018
Ping: 26.181 ms
Download: 125.25 Mbit/s
Upload: 5.58 Mbit/s
Fri Oct 19 12:45:01 CEST 2018
Ping: 29.548 ms
Download: 116.66 Mbit/s
Upload: 5.56 Mbit/s
Fri Oct 19 13:45:01 CEST 2018
Ping: 27.595 ms
Download: 124.20 Mbit/s
Upload: 5.61 Mbit/s
Fri Oct 19 14:45:01 CEST 2018
Ping: 27.712 ms
Download: 118.62 Mbit/s
Upload: 5.60 Mbit/s
Fri Oct 19 15:45:01 CEST 2018
Ping: 28.742 ms
Download: 104.17 Mbit/s
Upload: 5.53 Mbit/s
Fri Oct 19 16:45:01 CEST 2018
Ping: 27.7 ms
Download: 119.78 Mbit/s
Upload: 5.63 Mbit/s
Fri Oct 19 17:45:01 CEST 2018
Ping: 26.248 ms
Download: 102.76 Mbit/s
Upload: 5.41 Mbit/s
Fri Oct 19 18:45:01 CEST 2018
Ping: 27.684 ms
Download: 115.13 Mbit/s
Upload: 5.33 Mbit/s
Fri Oct 19 19:45:01 CEST 2018
Ping: 28.702 ms
Download: 119.64 Mbit/s
Upload: 5.45 Mbit/s
Fri Oct 19 20:45:01 CEST 2018
Ping: 25.762 ms
Download: 114.54 Mbit/s
Upload: 5.56 Mbit/s
Fri Oct 19 21:45:01 CEST 2018
Ping: 28.881 ms
Download: 114.74 Mbit/s
Upload: 5.55 Mbit/s
Fri Oct 19 22:45:01 CEST 2018
Ping: 26.174 ms
Download: 112.11 Mbit/s
Upload: 5.46 Mbit/s
Fri Oct 19 23:45:01 CEST 2018
Ping: 28.677 ms
Download: 122.22 Mbit/s
Upload: 5.39 Mbit/s
Sat Oct 20 00:45:01 CEST 2018
Ping: 29.831 ms
Download: 118.03 Mbit/s
Upload: 5.61 Mbit/s
Sat Oct 20 01:45:01 CEST 2018
Ping: 30.071 ms
Download: 118.28 Mbit/s
Upload: 5.53 Mbit/s
Sat Oct 20 02:45:01 CEST 2018
Ping: 26.054 ms
Download: 125.10 Mbit/s
Upload: 5.59 Mbit/s
Sat Oct 20 03:45:01 CEST 2018
Ping: 29.76 ms
Download: 125.82 Mbit/s
Upload: 5.64 Mbit/s
Sat Oct 20 04:45:01 CEST 2018
Ping: 27.005 ms
Download: 123.90 Mbit/s
Upload: 5.62 Mbit/s
Sat Oct 20 05:45:01 CEST 2018
Ping: 26.386 ms
Download: 119.64 Mbit/s
Upload: 5.55 Mbit/s
Sat Oct 20 06:45:01 CEST 2018
Ping: 31.804 ms
Download: 89.40 Mbit/s
Upload: 2.62 Mbit/s
Sat Oct 20 07:45:01 CEST 2018
Ping: 27.377 ms
Download: 120.82 Mbit/s
Upload: 5.56 Mbit/s
Sat Oct 20 08:45:01 CEST 2018
Ping: 28.869 ms
Download: 116.37 Mbit/s
Upload: 5.58 Mbit/s
Sat Oct 20 09:45:01 CEST 2018
Ping: 27.377 ms
Download: 109.85 Mbit/s
Upload: 5.55 Mbit/s
Sat Oct 20 10:45:02 CEST 2018
Ping: 26.516 ms
Download: 121.75 Mbit/s
Upload: 5.58 Mbit/s
Sat Oct 20 11:45:01 CEST 2018
Ping: 27.07 ms
Download: 127.62 Mbit/s
Upload: 5.63 Mbit/s
Sat Oct 20 12:45:01 CEST 2018
Ping: 27.913 ms
Download: 121.49 Mbit/s
Upload: 5.59 Mbit/s
Sat Oct 20 13:45:01 CEST 2018
Ping: 29.769 ms
Download: 122.95 Mbit/s
Upload: 5.58 Mbit/s
Sat Oct 20 14:45:02 CEST 2018
Ping: 25.892 ms
Download: 117.26 Mbit/s
Upload: 5.42 Mbit/s
Sat Oct 20 15:45:01 CEST 2018
Ping: 28.602 ms
Download: 120.26 Mbit/s
Upload: 5.57 Mbit/s
Sat Oct 20 16:45:01 CEST 2018
Ping: 26.154 ms
Download: 111.42 Mbit/s
Upload: 5.56 Mbit/s
Sat Oct 20 17:45:01 CEST 2018
Ping: 28.405 ms
Download: 120.29 Mbit/s
Upload: 5.48 Mbit/s
Sat Oct 20 18:45:01 CEST 2018
Ping: 26.612 ms
Download: 114.94 Mbit/s
Upload: 5.47 Mbit/s
Sat Oct 20 19:45:01 CEST 2018
Ping: 25.623 ms
Download: 119.77 Mbit/s
Upload: 5.55 Mbit/s
Sat Oct 20 20:45:01 CEST 2018
Ping: 28.7 ms
Download: 125.15 Mbit/s
Upload: 5.56 Mbit/s
Sat Oct 20 21:45:01 CEST 2018
Ping: 28.389 ms
Download: 119.09 Mbit/s
Upload: 5.51 Mbit/s
Sat Oct 20 22:45:01 CEST 2018
Ping: 28.423 ms
Download: 124.62 Mbit/s
Upload: 5.61 Mbit/s
Sat Oct 20 23:45:01 CEST 2018
Ping: 30.486 ms
Download: 109.14 Mbit/s
Upload: 5.59 Mbit/s
Sun Oct 21 00:45:01 CEST 2018
Ping: 28.781 ms
Download: 121.14 Mbit/s
Upload: 5.54 Mbit/s
Sun Oct 21 01:45:01 CEST 2018
Ping: 30.562 ms
Download: 36.88 Mbit/s
Upload: 5.50 Mbit/s
Sun Oct 21 02:45:01 CEST 2018
Ping: 27.421 ms
Download: 121.12 Mbit/s
Upload: 5.62 Mbit/s
Sun Oct 21 03:45:02 CEST 2018
Ping: 28.155 ms
Download: 115.11 Mbit/s
Upload: 5.69 Mbit/s
Sun Oct 21 04:45:01 CEST 2018
Ping: 26.861 ms
Download: 123.28 Mbit/s
Upload: 5.59 Mbit/s
Sun Oct 21 05:45:02 CEST 2018
Ping: 30.286 ms
Download: 120.56 Mbit/s
Upload: 5.62 Mbit/s
Sun Oct 21 06:45:01 CEST 2018
Ping: 27.759 ms
Download: 120.63 Mbit/s
Upload: 5.60 Mbit/s
Sun Oct 21 07:45:01 CEST 2018
Ping: 26.333 ms
Download: 117.34 Mbit/s
Upload: 5.58 Mbit/s
Sun Oct 21 08:45:01 CEST 2018
Ping: 30.178 ms
Download: 122.53 Mbit/s
Upload: 5.62 Mbit/s
Sun Oct 21 09:45:01 CEST 2018
Ping: 26.778 ms
Download: 121.70 Mbit/s
Upload: 5.59 Mbit/s
Sun Oct 21 10:45:01 CEST 2018
Ping: 27.373 ms
Download: 110.36 Mbit/s
Upload: 5.60 Mbit/s
Sun Oct 21 11:45:01 CEST 2018
Ping: 26.568 ms
Download: 123.16 Mbit/s
Upload: 5.57 Mbit/s
Sun Oct 21 12:45:02 CEST 2018
Ping: 29.651 ms
Download: 121.95 Mbit/s
Upload: 5.36 Mbit/s
Sun Oct 21 13:45:01 CEST 2018
Ping: 28.559 ms
Download: 118.68 Mbit/s
Upload: 5.51 Mbit/s
Sun Oct 21 14:45:01 CEST 2018
Ping: 25.867 ms
Download: 121.36 Mbit/s
Upload: 5.59 Mbit/s
Sun Oct 21 15:45:01 CEST 2018
Ping: 24.916 ms
Download: 121.36 Mbit/s
Upload: 5.38 Mbit/s
Sun Oct 21 16:45:01 CEST 2018
Ping: 27.759 ms
Download: 106.98 Mbit/s
Upload: 5.65 Mbit/s
Sun Oct 21 17:45:01 CEST 2018
Ping: 29.824 ms
Download: 120.35 Mbit/s
Upload: 5.53 Mbit/s
Sun Oct 21 18:45:02 CEST 2018
Ping: 28.426 ms
Download: 125.11 Mbit/s
Upload: 5.23 Mbit/s
Sun Oct 21 19:45:01 CEST 2018
Ping: 27.409 ms
Download: 92.07 Mbit/s
Upload: 5.54 Mbit/s
Sun Oct 21 20:45:01 CEST 2018
Ping: 28.733 ms
Download: 111.59 Mbit/s
Upload: 5.58 Mbit/s
Sun Oct 21 21:45:01 CEST 2018
Ping: 31.56 ms
Download: 115.21 Mbit/s
Upload: 5.54 Mbit/s
Sun Oct 21 22:45:01 CEST 2018
Ping: 30.048 ms
Download: 115.65 Mbit/s
Upload: 5.59 Mbit/s
Sun Oct 21 23:45:01 CEST 2018
Ping: 28.238 ms
Download: 124.27 Mbit/s
Upload: 5.54 Mbit/s
Mon Oct 22 00:45:01 CEST 2018
Ping: 29.081 ms
Download: 109.17 Mbit/s
Upload: 5.59 Mbit/s
Mon Oct 22 01:45:01 CEST 2018
Ping: 27.166 ms
Download: 122.08 Mbit/s
Upload: 5.52 Mbit/s
Mon Oct 22 02:45:01 CEST 2018
Ping: 27.083 ms
Download: 115.56 Mbit/s
Upload: 5.67 Mbit/s
Mon Oct 22 03:45:01 CEST 2018
Ping: 27.088 ms
Download: 118.09 Mbit/s
Upload: 5.62 Mbit/s
Mon Oct 22 04:45:01 CEST 2018
Ping: 30.883 ms
Download: 113.37 Mbit/s
Upload: 5.60 Mbit/s
Mon Oct 22 05:45:01 CEST 2018
Ping: 31.78 ms
Download: 22.04 Mbit/s
Upload: 1.06 Mbit/s
Mon Oct 22 06:45:01 CEST 2018
Ping: 27.412 ms
Download: 126.34 Mbit/s
Upload: 5.61 Mbit/s
Mon Oct 22 07:45:01 CEST 2018
Ping: 26.524 ms
Download: 125.01 Mbit/s
Upload: 5.59 Mbit/s
Mon Oct 22 08:45:01 CEST 2018
Ping: 27.683 ms
Download: 125.61 Mbit/s
Upload: 5.56 Mbit/s
Mon Oct 22 09:45:01 CEST 2018
Ping: 28.088 ms
Download: 120.78 Mbit/s
Upload: 5.65 Mbit/s
Mon Oct 22 10:45:01 CEST 2018
Ping: 27.171 ms
Download: 126.93 Mbit/s
Upload: 5.18 Mbit/s
Mon Oct 22 11:45:01 CEST 2018
Ping: 29.742 ms
Download: 126.27 Mbit/s
Upload: 5.60 Mbit/s
Mon Oct 22 12:45:01 CEST 2018
Ping: 27.761 ms
Download: 107.92 Mbit/s
Upload: 5.64 Mbit/s
Mon Oct 22 13:45:01 CEST 2018
Ping: 26.074 ms
Download: 119.99 Mbit/s
Upload: 5.53 Mbit/s
Mon Oct 22 14:45:01 CEST 2018
Ping: 26.777 ms
Download: 105.10 Mbit/s
Upload: 5.61 Mbit/s
Mon Oct 22 15:45:01 CEST 2018
Ping: 29.877 ms
Download: 110.14 Mbit/s
Upload: 5.63 Mbit/s
Mon Oct 22 16:45:01 CEST 2018
Ping: 26.601 ms
Download: 115.51 Mbit/s
Upload: 5.63 Mbit/s
Mon Oct 22 17:45:01 CEST 2018
Ping: 27.441 ms
Download: 123.62 Mbit/s
Upload: 5.51 Mbit/s
Mon Oct 22 18:45:01 CEST 2018
Ping: 28.931 ms
Download: 115.85 Mbit/s
Upload: 5.39 Mbit/s
Mon Oct 22 19:45:01 CEST 2018
Ping: 27.387 ms
Download: 113.22 Mbit/s
Upload: 5.63 Mbit/s
Mon Oct 22 20:45:01 CEST 2018
Ping: 29.232 ms
Download: 126.95 Mbit/s
Upload: 5.65 Mbit/s
Mon Oct 22 21:45:01 CEST 2018
Ping: 27.272 ms
Download: 117.68 Mbit/s
Upload: 5.49 Mbit/s
Mon Oct 22 22:45:01 CEST 2018
Ping: 26.275 ms
Download: 118.29 Mbit/s
Upload: 5.56 Mbit/s
Mon Oct 22 23:45:01 CEST 2018
Ping: 27.587 ms
Download: 123.97 Mbit/s
Upload: 5.65 Mbit/s
Tue Oct 23 00:45:02 CEST 2018
Ping: 29.225 ms
Download: 122.98 Mbit/s
Upload: 5.59 Mbit/s
Tue Oct 23 01:45:01 CEST 2018
Ping: 26.671 ms
Download: 125.76 Mbit/s
Upload: 5.55 Mbit/s
Tue Oct 23 02:45:01 CEST 2018
Ping: 26.872 ms
Download: 119.19 Mbit/s
Upload: 5.55 Mbit/s
Tue Oct 23 03:45:01 CEST 2018
Ping: 25.843 ms
Download: 118.34 Mbit/s
Upload: 5.60 Mbit/s
Tue Oct 23 04:45:01 CEST 2018
Ping: 25.528 ms
Download: 123.81 Mbit/s
Upload: 5.57 Mbit/s
Tue Oct 23 05:45:01 CEST 2018
Ping: 23.513 ms
Download: 120.90 Mbit/s
Upload: 5.67 Mbit/s
Tue Oct 23 06:45:01 CEST 2018
Ping: 28.732 ms
Download: 126.69 Mbit/s
Upload: 5.58 Mbit/s
Tue Oct 23 07:45:01 CEST 2018
Ping: 26.821 ms
Download: 124.89 Mbit/s
Upload: 5.62 Mbit/s
Tue Oct 23 08:45:01 CEST 2018
Ping: 25.824 ms
Download: 124.57 Mbit/s
Upload: 5.58 Mbit/s
Tue Oct 23 09:45:01 CEST 2018
Ping: 27.06 ms
Download: 111.88 Mbit/s
Upload: 5.64 Mbit/s
Tue Oct 23 10:45:01 CEST 2018
Ping: 29.198 ms
Download: 123.48 Mbit/s
Upload: 5.62 Mbit/s
Tue Oct 23 11:45:01 CEST 2018
Ping: 27.912 ms
Download: 126.70 Mbit/s
Upload: 5.61 Mbit/s
Tue Oct 23 12:45:01 CEST 2018
Ping: 28.238 ms
Download: 121.40 Mbit/s
Upload: 5.56 Mbit/s
Tue Oct 23 13:45:01 CEST 2018
Ping: 26.19 ms
Download: 100.89 Mbit/s
Upload: 5.61 Mbit/s
Tue Oct 23 14:45:01 CEST 2018
Ping: 25.232 ms
Download: 116.20 Mbit/s
Upload: 5.66 Mbit/s
Tue Oct 23 15:45:01 CEST 2018
Ping: 27.365 ms
Download: 113.98 Mbit/s
Upload: 5.54 Mbit/s
Tue Oct 23 16:45:01 CEST 2018
Ping: 24.987 ms
Download: 118.55 Mbit/s
Upload: 5.59 Mbit/s
Tue Oct 23 17:45:01 CEST 2018
Ping: 26.245 ms
Download: 126.05 Mbit/s
Upload: 5.57 Mbit/s
Tue Oct 23 18:45:01 CEST 2018
Ping: 27.671 ms
Download: 125.16 Mbit/s
Upload: 5.63 Mbit/s
Tue Oct 23 19:45:01 CEST 2018
Ping: 27.373 ms
Download: 91.83 Mbit/s
Upload: 4.46 Mbit/s
Tue Oct 23 20:45:01 CEST 2018
Ping: 27.112 ms
Download: 120.19 Mbit/s
Upload: 5.49 Mbit/s
Tue Oct 23 21:45:01 CEST 2018
Ping: 26.84 ms
Download: 121.92 Mbit/s
Upload: 5.60 Mbit/s
Tue Oct 23 22:45:01 CEST 2018
Ping: 26.166 ms
Download: 126.04 Mbit/s
Upload: 5.64 Mbit/s
Tue Oct 23 23:45:01 CEST 2018
Ping: 29.049 ms
Download: 122.34 Mbit/s
Upload: 5.51 Mbit/s
Wed Oct 24 00:45:01 CEST 2018
Ping: 27.467 ms
Download: 123.18 Mbit/s
Upload: 5.61 Mbit/s
Wed Oct 24 01:45:01 CEST 2018
Ping: 27.673 ms
Download: 113.54 Mbit/s
Upload: 5.53 Mbit/s
Wed Oct 24 02:45:01 CEST 2018
Ping: 28.615 ms
Download: 114.99 Mbit/s
Upload: 5.62 Mbit/s
Wed Oct 24 03:45:01 CEST 2018
Ping: 28.588 ms
Download: 125.79 Mbit/s
Upload: 5.62 Mbit/s
Wed Oct 24 04:45:01 CEST 2018
Ping: 27.764 ms
Download: 122.10 Mbit/s
Upload: 5.60 Mbit/s
Wed Oct 24 05:45:01 CEST 2018
Ping: 27.021 ms
Download: 114.77 Mbit/s
Upload: 5.52 Mbit/s
Wed Oct 24 06:45:01 CEST 2018
Ping: 26.88 ms
Download: 126.01 Mbit/s
Upload: 5.56 Mbit/s
Wed Oct 24 07:45:01 CEST 2018
Ping: 26.251 ms
Download: 116.81 Mbit/s
Upload: 5.65 Mbit/s
Wed Oct 24 08:45:02 CEST 2018
Ping: 26.756 ms
Download: 123.25 Mbit/s
Upload: 5.60 Mbit/s
Wed Oct 24 09:45:01 CEST 2018
Ping: 27.591 ms
Download: 122.72 Mbit/s
Upload: 5.64 Mbit/s
Wed Oct 24 10:45:01 CEST 2018
Ping: 26.701 ms
Download: 115.79 Mbit/s
Upload: 5.46 Mbit/s
Wed Oct 24 11:45:01 CEST 2018
Ping: 27.242 ms
Download: 121.50 Mbit/s
Upload: 5.61 Mbit/s
Wed Oct 24 12:45:01 CEST 2018
Ping: 28.019 ms
Download: 112.40 Mbit/s
Upload: 5.59 Mbit/s
Wed Oct 24 13:45:01 CEST 2018
Ping: 25.65 ms
Download: 120.54 Mbit/s
Upload: 5.63 Mbit/s
Wed Oct 24 14:45:01 CEST 2018
Ping: 28.48 ms
Download: 78.27 Mbit/s
Upload: 4.65 Mbit/s
Wed Oct 24 15:45:01 CEST 2018
Ping: 24.45 ms
Download: 126.37 Mbit/s
Upload: 5.59 Mbit/s
Wed Oct 24 16:45:01 CEST 2018
Ping: 27.013 ms
Download: 124.76 Mbit/s
Upload: 5.56 Mbit/s
Wed Oct 24 17:45:02 CEST 2018
Ping: 26.826 ms
Download: 106.91 Mbit/s
Upload: 5.35 Mbit/s
Wed Oct 24 18:45:01 CEST 2018
Ping: 27.022 ms
Download: 102.08 Mbit/s
Upload: 5.48 Mbit/s
Wed Oct 24 19:45:01 CEST 2018
Ping: 26.116 ms
Download: 119.74 Mbit/s
Upload: 5.59 Mbit/s
Wed Oct 24 20:45:01 CEST 2018
Ping: 28.904 ms
Download: 108.59 Mbit/s
Upload: 5.20 Mbit/s
Wed Oct 24 21:45:01 CEST 2018
Ping: 27.328 ms
Download: 113.71 Mbit/s
Upload: 5.56 Mbit/s
Wed Oct 24 22:45:01 CEST 2018
Ping: 26.191 ms
Download: 115.89 Mbit/s
Upload: 5.57 Mbit/s
Wed Oct 24 23:45:01 CEST 2018
Ping: 28.002 ms
Download: 118.37 Mbit/s
Upload: 5.58 Mbit/s
Thu Oct 25 00:45:01 CEST 2018
Ping: 26.571 ms
Download: 118.35 Mbit/s
Upload: 5.65 Mbit/s
Thu Oct 25 01:45:02 CEST 2018
Ping: 25.721 ms
Download: 121.52 Mbit/s
Upload: 5.60 Mbit/s
Thu Oct 25 02:45:01 CEST 2018
Ping: 25.126 ms
Download: 126.33 Mbit/s
Upload: 5.60 Mbit/s
Thu Oct 25 03:45:01 CEST 2018
Ping: 29.13 ms
Download: 117.80 Mbit/s
Upload: 5.58 Mbit/s
Thu Oct 25 04:45:01 CEST 2018
Ping: 29.778 ms
Download: 119.79 Mbit/s
Upload: 5.52 Mbit/s
Thu Oct 25 05:45:01 CEST 2018
Ping: 25.286 ms
Download: 119.97 Mbit/s
Upload: 5.61 Mbit/s
Thu Oct 25 06:45:01 CEST 2018
Ping: 30.436 ms
Download: 28.04 Mbit/s
Upload: 1.95 Mbit/s
Thu Oct 25 07:45:01 CEST 2018
Ping: 27.727 ms
Download: 121.12 Mbit/s
Upload: 5.51 Mbit/s
Thu Oct 25 08:45:01 CEST 2018
Ping: 26.85 ms
Download: 123.53 Mbit/s
Upload: 5.58 Mbit/s
Thu Oct 25 09:45:01 CEST 2018
Ping: 25.953 ms
Download: 126.72 Mbit/s
Upload: 5.54 Mbit/s
Thu Oct 25 10:45:01 CEST 2018
Ping: 26.947 ms
Download: 110.36 Mbit/s
Upload: 5.63 Mbit/s
Thu Oct 25 11:45:01 CEST 2018
Ping: 27.086 ms
Download: 120.49 Mbit/s
Upload: 5.59 Mbit/s
Thu Oct 25 12:45:01 CEST 2018
Ping: 26.04 ms
Download: 116.48 Mbit/s
Upload: 5.58 Mbit/s
Thu Oct 25 13:45:01 CEST 2018
Ping: 27.575 ms
Download: 117.27 Mbit/s
Upload: 5.53 Mbit/s
Thu Oct 25 14:45:01 CEST 2018
Ping: 27.255 ms
Download: 117.25 Mbit/s
Upload: 5.60 Mbit/s
Thu Oct 25 15:45:01 CEST 2018
Ping: 27.905 ms
Download: 115.82 Mbit/s
Upload: 5.59 Mbit/s
Thu Oct 25 16:45:01 CEST 2018
Ping: 28.821 ms
Download: 121.97 Mbit/s
Upload: 5.60 Mbit/s
Thu Oct 25 17:45:01 CEST 2018
Ping: 26.357 ms
Download: 121.17 Mbit/s
Upload: 5.53 Mbit/s
Thu Oct 25 18:45:01 CEST 2018
Ping: 26.266 ms
Download: 126.54 Mbit/s
Upload: 5.56 Mbit/s
Thu Oct 25 19:45:01 CEST 2018
Ping: 26.068 ms
Download: 121.76 Mbit/s
Upload: 5.62 Mbit/s
Thu Oct 25 20:45:01 CEST 2018
Ping: 24.385 ms
Download: 110.69 Mbit/s
Upload: 5.36 Mbit/s
Thu Oct 25 21:45:01 CEST 2018
Ping: 27.654 ms
Download: 112.24 Mbit/s
Upload: 5.59 Mbit/s
Thu Oct 25 22:45:01 CEST 2018
Ping: 28.222 ms
Download: 123.04 Mbit/s
Upload: 5.61 Mbit/s
Thu Oct 25 23:45:01 CEST 2018
Ping: 27.359 ms
Download: 123.18 Mbit/s
Upload: 5.62 Mbit/s
Fri Oct 26 00:45:01 CEST 2018
Ping: 26.071 ms
Download: 121.00 Mbit/s
Upload: 5.55 Mbit/s
Fri Oct 26 01:45:01 CEST 2018
Ping: 24.821 ms
Download: 126.12 Mbit/s
Upload: 5.51 Mbit/s
Fri Oct 26 02:45:01 CEST 2018
Ping: 26.787 ms
Download: 122.38 Mbit/s
Upload: 5.55 Mbit/s
Fri Oct 26 03:45:01 CEST 2018
Ping: 30.15 ms
Download: 124.16 Mbit/s
Upload: 5.61 Mbit/s
Fri Oct 26 04:45:01 CEST 2018
Ping: 26.01 ms
Download: 105.59 Mbit/s
Upload: 5.61 Mbit/s
Fri Oct 26 05:45:02 CEST 2018
Ping: 24.595 ms
Download: 108.99 Mbit/s
Upload: 5.59 Mbit/s
Fri Oct 26 06:45:01 CEST 2018
Ping: 25.578 ms
Download: 123.68 Mbit/s
Upload: 5.54 Mbit/s
Fri Oct 26 07:45:01 CEST 2018
Ping: 25.836 ms
Download: 110.35 Mbit/s
Upload: 5.65 Mbit/s
Fri Oct 26 08:45:01 CEST 2018
Ping: 25.706 ms
Download: 118.08 Mbit/s
Upload: 5.55 Mbit/s
Fri Oct 26 09:45:01 CEST 2018
Ping: 25.134 ms
Download: 101.40 Mbit/s
Upload: 4.78 Mbit/s
Fri Oct 26 10:45:01 CEST 2018
Ping: 27.386 ms
Download: 125.81 Mbit/s
Upload: 5.61 Mbit/s
Fri Oct 26 11:45:01 CEST 2018
Ping: 27.601 ms
Download: 112.72 Mbit/s
Upload: 5.56 Mbit/s
Fri Oct 26 12:45:01 CEST 2018
Ping: 25.571 ms
Download: 126.36 Mbit/s
Upload: 5.63 Mbit/s
Fri Oct 26 13:45:01 CEST 2018
Ping: 26.45 ms
Download: 122.19 Mbit/s
Upload: 5.56 Mbit/s
Fri Oct 26 14:45:01 CEST 2018
Ping: 27.266 ms
Download: 120.56 Mbit/s
Upload: 5.55 Mbit/s
Fri Oct 26 15:45:01 CEST 2018
Ping: 27.29 ms
Download: 116.07 Mbit/s
Upload: 5.48 Mbit/s
Fri Oct 26 16:45:01 CEST 2018
Ping: 26.32 ms
Download: 117.22 Mbit/s
Upload: 5.49 Mbit/s
Fri Oct 26 17:45:01 CEST 2018
Ping: 28.513 ms
Download: 113.14 Mbit/s
Upload: 4.79 Mbit/s
Fri Oct 26 18:45:01 CEST 2018
Ping: 31.012 ms
Download: 105.75 Mbit/s
Upload: 5.63 Mbit/s
Fri Oct 26 19:45:02 CEST 2018
Ping: 27.333 ms
Download: 115.27 Mbit/s
Upload: 5.53 Mbit/s
Fri Oct 26 20:45:01 CEST 2018
Ping: 27.024 ms
Download: 126.85 Mbit/s
Upload: 5.09 Mbit/s
Fri Oct 26 21:45:01 CEST 2018
Ping: 27.115 ms
Download: 123.00 Mbit/s
Upload: 5.49 Mbit/s
Fri Oct 26 22:45:01 CEST 2018
Ping: 26.21 ms
Download: 120.18 Mbit/s
Upload: 5.60 Mbit/s
Fri Oct 26 23:45:01 CEST 2018
Ping: 27.273 ms
Download: 106.64 Mbit/s
Upload: 5.61 Mbit/s
Sat Oct 27 00:45:02 CEST 2018
Ping: 27.739 ms
Download: 125.55 Mbit/s
Upload: 5.57 Mbit/s
Sat Oct 27 01:45:01 CEST 2018
Ping: 26.065 ms
Download: 110.23 Mbit/s
Upload: 5.56 Mbit/s
Sat Oct 27 02:45:01 CEST 2018
Ping: 30.168 ms
Download: 120.16 Mbit/s
Upload: 3.40 Mbit/s
Sat Oct 27 03:45:01 CEST 2018
Ping: 26.41 ms
Download: 124.61 Mbit/s
Upload: 5.64 Mbit/s
Sat Oct 27 04:45:02 CEST 2018
Ping: 26.823 ms
Download: 118.50 Mbit/s
Upload: 5.54 Mbit/s
Sat Oct 27 05:45:01 CEST 2018
Ping: 27.422 ms
Download: 121.09 Mbit/s
Upload: 5.57 Mbit/s
Sat Oct 27 06:45:01 CEST 2018
Ping: 27.399 ms
Download: 121.97 Mbit/s
Upload: 5.63 Mbit/s
Sat Oct 27 07:45:01 CEST 2018
Ping: 26.5 ms
Download: 125.12 Mbit/s
Upload: 4.79 Mbit/s
Sat Oct 27 08:45:01 CEST 2018
Ping: 26.928 ms
Download: 122.30 Mbit/s
Upload: 5.60 Mbit/s
Sat Oct 27 09:45:01 CEST 2018
Ping: 26.481 ms
Download: 101.94 Mbit/s
Upload: 5.54 Mbit/s
Sat Oct 27 10:45:01 CEST 2018
Ping: 28.111 ms
Download: 105.92 Mbit/s
Upload: 5.64 Mbit/s
Sat Oct 27 11:45:01 CEST 2018
Ping: 25.625 ms
Download: 109.75 Mbit/s
Upload: 5.54 Mbit/s
Sat Oct 27 12:45:01 CEST 2018
Ping: 25.597 ms
Download: 120.60 Mbit/s
Upload: 5.59 Mbit/s
Sat Oct 27 13:45:01 CEST 2018
Ping: 25.13 ms
Download: 107.68 Mbit/s
Upload: 5.19 Mbit/s
Sat Oct 27 14:45:01 CEST 2018
Ping: 25.98 ms
Download: 114.80 Mbit/s
Upload: 5.62 Mbit/s
Sat Oct 27 15:45:01 CEST 2018
Ping: 26.803 ms
Download: 84.33 Mbit/s
Upload: 5.26 Mbit/s
Sat Oct 27 16:45:01 CEST 2018
Ping: 27.107 ms
Download: 118.57 Mbit/s
Upload: 5.28 Mbit/s
Sat Oct 27 17:45:01 CEST 2018
Ping: 30.221 ms
Download: 21.52 Mbit/s
Upload: 5.20 Mbit/s
Sat Oct 27 18:45:01 CEST 2018
Ping: 26.066 ms
Download: 113.18 Mbit/s
Upload: 5.51 Mbit/s
Sat Oct 27 19:45:01 CEST 2018
Ping: 26.904 ms
Download: 116.10 Mbit/s
Upload: 4.85 Mbit/s
Sat Oct 27 20:45:01 CEST 2018
Ping: 27.409 ms
Download: 118.83 Mbit/s
Upload: 5.62 Mbit/s
Sat Oct 27 21:45:01 CEST 2018
Ping: 25.803 ms
Download: 123.88 Mbit/s
Upload: 5.62 Mbit/s
Sat Oct 27 22:45:01 CEST 2018
Ping: 28.331 ms
Download: 122.34 Mbit/s
Upload: 5.59 Mbit/s
Sat Oct 27 23:45:02 CEST 2018
Ping: 27.338 ms
Download: 119.46 Mbit/s
Upload: 5.42 Mbit/s
Sun Oct 28 00:45:01 CEST 2018
Ping: 30.384 ms
Download: 38.29 Mbit/s
Upload: 2.40 Mbit/s
Sun Oct 28 01:45:01 CEST 2018
Ping: 25.899 ms
Download: 120.10 Mbit/s
Upload: 5.41 Mbit/s
Sun Oct 28 02:45:01 CEST 2018
Ping: 26.877 ms
Download: 116.04 Mbit/s
Upload: 5.42 Mbit/s
Sun Oct 28 02:45:01 CET 2018
Ping: 28.6 ms
Download: 109.88 Mbit/s
Upload: 5.58 Mbit/s
Sun Oct 28 03:45:01 CET 2018
Ping: 29.221 ms
Download: 31.94 Mbit/s
Upload: 3.89 Mbit/s
Sun Oct 28 04:45:01 CET 2018
Ping: 31.361 ms
Download: 125.30 Mbit/s
Upload: 5.64 Mbit/s
Sun Oct 28 05:45:01 CET 2018
Ping: 28.498 ms
Download: 113.42 Mbit/s
Upload: 4.93 Mbit/s
Sun Oct 28 06:45:01 CET 2018
Ping: 28.065 ms
Download: 123.55 Mbit/s
Upload: 5.64 Mbit/s
Sun Oct 28 07:45:01 CET 2018
Ping: 30.457 ms
Download: 66.79 Mbit/s
Upload: 5.52 Mbit/s
Sun Oct 28 08:45:01 CET 2018
Ping: 25.64 ms
Download: 110.16 Mbit/s
Upload: 5.60 Mbit/s
Sun Oct 28 09:45:01 CET 2018
Ping: 28.767 ms
Download: 120.26 Mbit/s
Upload: 5.50 Mbit/s
Sun Oct 28 10:45:02 CET 2018
Ping: 27.23 ms
Download: 115.02 Mbit/s
Upload: 5.05 Mbit/s
Sun Oct 28 11:45:01 CET 2018
Ping: 30.55 ms
Download: 42.99 Mbit/s
Upload: 5.53 Mbit/s
Sun Oct 28 12:45:01 CET 2018
Ping: 68.625 ms
Download: 47.08 Mbit/s
Upload: 1.78 Mbit/s
Sun Oct 28 13:45:01 CET 2018
Ping: 33.144 ms
Download: 20.03 Mbit/s
Upload: 3.49 Mbit/s
Sun Oct 28 14:45:01 CET 2018
Ping: 27.69 ms
Download: 119.71 Mbit/s
Upload: 5.44 Mbit/s
Sun Oct 28 15:45:01 CET 2018
Ping: 27.427 ms
Download: 110.19 Mbit/s
Upload: 5.53 Mbit/s
Sun Oct 28 16:45:01 CET 2018
Ping: 26.176 ms
Download: 123.30 Mbit/s
Upload: 5.49 Mbit/s
Sun Oct 28 17:45:01 CET 2018
Ping: 29.72 ms
Download: 124.70 Mbit/s
Upload: 5.16 Mbit/s
Sun Oct 28 18:45:01 CET 2018
Ping: 28.703 ms
Download: 118.55 Mbit/s
Upload: 5.53 Mbit/s
Sun Oct 28 19:45:01 CET 2018
Ping: 28.977 ms
Download: 109.53 Mbit/s
Upload: 5.49 Mbit/s
Sun Oct 28 20:45:01 CET 2018
Ping: 27.362 ms
Download: 124.30 Mbit/s
Upload: 5.52 Mbit/s
Sun Oct 28 21:45:01 CET 2018
Ping: 26.386 ms
Download: 122.22 Mbit/s
Upload: 5.51 Mbit/s
Sun Oct 28 22:45:01 CET 2018
Ping: 27.041 ms
Download: 115.03 Mbit/s
Upload: 5.44 Mbit/s
Sun Oct 28 23:45:01 CET 2018
Ping: 26.103 ms
Download: 116.07 Mbit/s
Upload: 5.26 Mbit/s
Mon Oct 29 00:45:01 CET 2018
Ping: 26.381 ms
Download: 126.16 Mbit/s
Upload: 5.49 Mbit/s
Mon Oct 29 01:45:01 CET 2018
Ping: 30.047 ms
Download: 122.16 Mbit/s
Upload: 5.46 Mbit/s
Mon Oct 29 02:45:02 CET 2018
Ping: 28.05 ms
Download: 107.85 Mbit/s
Upload: 5.61 Mbit/s
Mon Oct 29 03:45:01 CET 2018
Ping: 30.238 ms
Download: 126.21 Mbit/s
Upload: 5.55 Mbit/s
Mon Oct 29 04:45:01 CET 2018
Ping: 27.334 ms
Download: 119.61 Mbit/s
Upload: 5.57 Mbit/s
Mon Oct 29 05:45:01 CET 2018
Ping: 24.523 ms
Download: 117.27 Mbit/s
Upload: 5.64 Mbit/s
Mon Oct 29 06:45:01 CET 2018
Ping: 26.829 ms
Download: 117.65 Mbit/s
Upload: 5.60 Mbit/s
Mon Oct 29 07:45:01 CET 2018
Ping: 28.455 ms
Download: 124.13 Mbit/s
Upload: 5.64 Mbit/s
Mon Oct 29 08:45:02 CET 2018
Ping: 26.057 ms
Download: 101.09 Mbit/s
Upload: 5.41 Mbit/s
Mon Oct 29 09:45:01 CET 2018
Ping: 27.093 ms
Download: 114.52 Mbit/s
Upload: 5.29 Mbit/s
Mon Oct 29 10:45:01 CET 2018
Ping: 28.81 ms
Download: 124.55 Mbit/s
Upload: 5.51 Mbit/s
Mon Oct 29 11:45:01 CET 2018
Ping: 26.94 ms
Download: 123.55 Mbit/s
Upload: 5.63 Mbit/s
Mon Oct 29 12:45:01 CET 2018
Ping: 26.365 ms
Download: 120.00 Mbit/s
Upload: 5.34 Mbit/s
Mon Oct 29 13:45:01 CET 2018
Ping: 26.062 ms
Download: 120.65 Mbit/s
Upload: 5.62 Mbit/s
Mon Oct 29 14:45:01 CET 2018
Ping: 27.4 ms
Download: 124.67 Mbit/s
Upload: 5.58 Mbit/s
Mon Oct 29 15:45:02 CET 2018
Ping: 26.977 ms
Download: 126.41 Mbit/s
Upload: 5.63 Mbit/s
Mon Oct 29 16:45:01 CET 2018
Ping: 26.389 ms
Download: 125.60 Mbit/s
Upload: 5.54 Mbit/s
Mon Oct 29 17:45:01 CET 2018
Ping: 26.08 ms
Download: 123.57 Mbit/s
Upload: 5.57 Mbit/s
Mon Oct 29 18:45:01 CET 2018
Ping: 26.677 ms
Download: 114.04 Mbit/s
Upload: 5.57 Mbit/s
Mon Oct 29 19:45:01 CET 2018
Ping: 39.03 ms
Download: 120.21 Mbit/s
Upload: 5.33 Mbit/s
Mon Oct 29 20:45:01 CET 2018
Ping: 26.626 ms
Download: 118.92 Mbit/s
Upload: 5.47 Mbit/s
Mon Oct 29 21:45:01 CET 2018
Ping: 26.745 ms
Download: 114.81 Mbit/s
Upload: 5.44 Mbit/s
Mon Oct 29 22:45:01 CET 2018
Ping: 27.455 ms
Download: 110.36 Mbit/s
Upload: 5.54 Mbit/s
Mon Oct 29 23:45:01 CET 2018
Ping: 27.369 ms
Download: 126.35 Mbit/s
Upload: 5.58 Mbit/s
Tue Oct 30 00:45:01 CET 2018
Ping: 27.085 ms
Download: 119.98 Mbit/s
Upload: 5.47 Mbit/s
Tue Oct 30 01:45:01 CET 2018
Ping: 27.685 ms
Download: 120.98 Mbit/s
Upload: 5.57 Mbit/s
Tue Oct 30 02:45:01 CET 2018
Ping: 26.908 ms
Download: 111.05 Mbit/s
Upload: 5.54 Mbit/s
Tue Oct 30 03:45:01 CET 2018
Ping: 27.324 ms
Download: 125.83 Mbit/s
Upload: 5.59 Mbit/s
Tue Oct 30 04:45:01 CET 2018
Ping: 28.413 ms
Download: 120.85 Mbit/s
Upload: 5.58 Mbit/s
Tue Oct 30 05:45:01 CET 2018
Ping: 27.227 ms
Download: 125.23 Mbit/s
Upload: 5.63 Mbit/s
Tue Oct 30 06:45:01 CET 2018
Ping: 26.406 ms
Download: 126.74 Mbit/s
Upload: 5.60 Mbit/s
Tue Oct 30 07:45:01 CET 2018
Ping: 27.246 ms
Download: 112.96 Mbit/s
Upload: 5.52 Mbit/s
Tue Oct 30 08:45:01 CET 2018
Ping: 25.322 ms
Download: 122.04 Mbit/s
Upload: 5.38 Mbit/s
Tue Oct 30 09:45:01 CET 2018
Ping: 25.88 ms
Download: 125.37 Mbit/s
Upload: 5.40 Mbit/s
Tue Oct 30 10:45:01 CET 2018
Ping: 27.38 ms
Download: 124.92 Mbit/s
Upload: 5.19 Mbit/s
Tue Oct 30 11:45:01 CET 2018
Ping: 29.192 ms
Download: 111.66 Mbit/s
Upload: 5.55 Mbit/s
Tue Oct 30 12:45:01 CET 2018
Ping: 27.737 ms
Download: 126.27 Mbit/s
Upload: 5.63 Mbit/s
Tue Oct 30 13:45:01 CET 2018
Ping: 26.155 ms
Download: 118.75 Mbit/s
Upload: 5.62 Mbit/s
Tue Oct 30 14:45:02 CET 2018
Ping: 27.609 ms
Download: 124.65 Mbit/s
Upload: 5.61 Mbit/s
Tue Oct 30 15:45:01 CET 2018
Ping: 28.574 ms
Download: 124.18 Mbit/s
Upload: 5.50 Mbit/s
Tue Oct 30 16:45:02 CET 2018
Ping: 26.114 ms
Download: 115.04 Mbit/s
Upload: 5.49 Mbit/s
Tue Oct 30 17:45:01 CET 2018
Ping: 26.404 ms
Download: 111.72 Mbit/s
Upload: 5.58 Mbit/s
Tue Oct 30 18:45:01 CET 2018
Ping: 52.226 ms
Download: 60.43 Mbit/s
Upload: 3.96 Mbit/s
Tue Oct 30 19:45:01 CET 2018
Ping: 27.38 ms
Download: 100.45 Mbit/s
Upload: 5.37 Mbit/s
Tue Oct 30 20:45:01 CET 2018
Ping: 27.4 ms
Download: 121.28 Mbit/s
Upload: 5.39 Mbit/s
Tue Oct 30 21:45:01 CET 2018
Ping: 27.406 ms
Download: 125.94 Mbit/s
Upload: 5.55 Mbit/s
Tue Oct 30 22:45:01 CET 2018
Ping: 29.255 ms
Download: 83.56 Mbit/s
Upload: 5.36 Mbit/s
Tue Oct 30 23:45:01 CET 2018
Ping: 26.557 ms
Download: 121.07 Mbit/s
Upload: 5.58 Mbit/s
Wed Oct 31 00:45:01 CET 2018
Ping: 26.355 ms
Download: 114.61 Mbit/s
Upload: 5.58 Mbit/s
Wed Oct 31 01:45:01 CET 2018
Ping: 27.243 ms
Download: 116.28 Mbit/s
Upload: 5.59 Mbit/s
Wed Oct 31 02:45:01 CET 2018
Ping: 27.704 ms
Download: 125.75 Mbit/s
Upload: 5.56 Mbit/s
Wed Oct 31 03:45:01 CET 2018
Ping: 28.88 ms
Download: 104.12 Mbit/s
Upload: 5.62 Mbit/s
Wed Oct 31 04:45:01 CET 2018
Ping: 29.396 ms
Download: 121.83 Mbit/s
Upload: 5.55 Mbit/s
Wed Oct 31 05:45:01 CET 2018
Ping: 27.016 ms
Download: 119.59 Mbit/s
Upload: 5.60 Mbit/s
Wed Oct 31 06:45:01 CET 2018
Ping: 27.864 ms
Download: 118.22 Mbit/s
Upload: 5.57 Mbit/s
Wed Oct 31 07:45:01 CET 2018
Ping: 27.075 ms
Download: 124.74 Mbit/s
Upload: 5.59 Mbit/s
Wed Oct 31 08:45:01 CET 2018
Ping: 26.916 ms
Download: 119.10 Mbit/s
Upload: 5.58 Mbit/s
Wed Oct 31 09:45:01 CET 2018
Ping: 26.306 ms
Download: 115.33 Mbit/s
Upload: 5.59 Mbit/s
Wed Oct 31 10:45:02 CET 2018
Ping: 29.314 ms
Download: 117.05 Mbit/s
Upload: 5.54 Mbit/s
Wed Oct 31 11:45:01 CET 2018
Ping: 27.331 ms
Download: 111.11 Mbit/s
Upload: 5.63 Mbit/s
Wed Oct 31 12:45:01 CET 2018
Ping: 26.069 ms
Download: 123.29 Mbit/s
Upload: 5.64 Mbit/s
Wed Oct 31 13:45:01 CET 2018
Ping: 30.965 ms
Download: 102.21 Mbit/s
Upload: 5.58 Mbit/s
Wed Oct 31 14:45:02 CET 2018
Ping: 24.847 ms
Download: 118.66 Mbit/s
Upload: 5.50 Mbit/s
Wed Oct 31 15:45:02 CET 2018
Ping: 28.776 ms
Download: 125.19 Mbit/s
Upload: 5.53 Mbit/s
Wed Oct 31 16:45:01 CET 2018
Ping: 25.789 ms
Download: 114.19 Mbit/s
Upload: 5.53 Mbit/s
Wed Oct 31 17:45:01 CET 2018
Ping: 29.739 ms
Download: 123.71 Mbit/s
Upload: 5.49 Mbit/s
Wed Oct 31 18:45:01 CET 2018
Ping: 27.361 ms
Download: 119.23 Mbit/s
Upload: 5.55 Mbit/s
Wed Oct 31 19:45:01 CET 2018
Ping: 27.625 ms
Download: 122.31 Mbit/s
Upload: 5.59 Mbit/s
Wed Oct 31 20:45:02 CET 2018
Ping: 27.366 ms
Download: 126.54 Mbit/s
Upload: 5.51 Mbit/s
Wed Oct 31 21:45:01 CET 2018
Ping: 26.075 ms
Download: 115.35 Mbit/s
Upload: 5.62 Mbit/s
Wed Oct 31 22:45:01 CET 2018
Ping: 25.751 ms
Download: 123.25 Mbit/s
Upload: 5.57 Mbit/s
Wed Oct 31 23:45:01 CET 2018
Ping: 26.052 ms
Download: 120.47 Mbit/s
Upload: 5.54 Mbit/s
