Thu Mar  1 00:45:01 CET 2018
Ping: 23.67 ms
Download: 48.90 Mbit/s
Upload: 5.61 Mbit/s
Thu Mar  1 01:45:01 CET 2018
Ping: 25.599 ms
Download: 114.52 Mbit/s
Upload: 5.64 Mbit/s
Thu Mar  1 02:45:01 CET 2018
Ping: 23.808 ms
Download: 103.28 Mbit/s
Upload: 5.36 Mbit/s
Thu Mar  1 03:45:01 CET 2018
Ping: 27.544 ms
Download: 117.92 Mbit/s
Upload: 5.57 Mbit/s
Thu Mar  1 04:45:01 CET 2018
Ping: 22.699 ms
Download: 77.74 Mbit/s
Upload: 5.63 Mbit/s
Thu Mar  1 05:45:01 CET 2018
Ping: 29.611 ms
Download: 113.22 Mbit/s
Upload: 5.53 Mbit/s
Thu Mar  1 06:45:01 CET 2018
Ping: 23.049 ms
Download: 59.02 Mbit/s
Upload: 5.43 Mbit/s
Thu Mar  1 07:45:01 CET 2018
Ping: 22.86 ms
Download: 102.30 Mbit/s
Upload: 5.35 Mbit/s
Thu Mar  1 08:45:01 CET 2018
Ping: 24.114 ms
Download: 128.06 Mbit/s
Upload: 4.98 Mbit/s
Thu Mar  1 09:45:01 CET 2018
Ping: 27.804 ms
Download: 124.52 Mbit/s
Upload: 5.63 Mbit/s
Thu Mar  1 10:45:02 CET 2018
Ping: 27.728 ms
Download: 125.50 Mbit/s
Upload: 5.63 Mbit/s
Thu Mar  1 11:45:01 CET 2018
Ping: 24.094 ms
Download: 109.86 Mbit/s
Upload: 5.49 Mbit/s
Thu Mar  1 12:45:01 CET 2018
Ping: 24.025 ms
Download: 123.50 Mbit/s
Upload: 5.57 Mbit/s
Thu Mar  1 13:45:01 CET 2018
Ping: 24.176 ms
Download: 87.70 Mbit/s
Upload: 5.53 Mbit/s
Thu Mar  1 14:45:01 CET 2018
Ping: 26.465 ms
Download: 110.53 Mbit/s
Upload: 5.31 Mbit/s
Thu Mar  1 15:45:01 CET 2018
Ping: 25.446 ms
Download: 73.06 Mbit/s
Upload: 5.36 Mbit/s
Thu Mar  1 16:45:01 CET 2018
Ping: 22.73 ms
Download: 127.36 Mbit/s
Upload: 5.52 Mbit/s
Thu Mar  1 17:45:01 CET 2018
Ping: 28.96 ms
Download: 125.21 Mbit/s
Upload: 5.57 Mbit/s
Thu Mar  1 18:45:01 CET 2018
Ping: 28.034 ms
Download: 126.29 Mbit/s
Upload: 5.66 Mbit/s
Thu Mar  1 19:45:01 CET 2018
Ping: 28.169 ms
Download: 115.02 Mbit/s
Upload: 5.24 Mbit/s
Thu Mar  1 20:45:01 CET 2018
Ping: 29.858 ms
Download: 121.64 Mbit/s
Upload: 5.56 Mbit/s
Thu Mar  1 21:45:01 CET 2018
Ping: 27.437 ms
Download: 126.69 Mbit/s
Upload: 5.53 Mbit/s
Thu Mar  1 22:45:01 CET 2018
Ping: 23.203 ms
Download: 126.32 Mbit/s
Upload: 5.55 Mbit/s
Thu Mar  1 23:45:01 CET 2018
Ping: 26.522 ms
Download: 127.03 Mbit/s
Upload: 5.61 Mbit/s
Fri Mar  2 00:45:01 CET 2018
Ping: 25.905 ms
Download: 126.63 Mbit/s
Upload: 5.57 Mbit/s
Fri Mar  2 01:45:01 CET 2018
Ping: 26.419 ms
Download: 126.68 Mbit/s
Upload: 5.56 Mbit/s
Fri Mar  2 02:45:01 CET 2018
Ping: 27.297 ms
Download: 122.51 Mbit/s
Upload: 5.59 Mbit/s
Fri Mar  2 03:45:01 CET 2018
Ping: 26.034 ms
Download: 124.93 Mbit/s
Upload: 5.52 Mbit/s
Fri Mar  2 04:45:01 CET 2018
Ping: 27.938 ms
Download: 113.89 Mbit/s
Upload: 5.65 Mbit/s
Fri Mar  2 05:45:01 CET 2018
Ping: 26.102 ms
Download: 125.65 Mbit/s
Upload: 5.23 Mbit/s
Fri Mar  2 06:45:01 CET 2018
Ping: 26.782 ms
Download: 125.99 Mbit/s
Upload: 5.64 Mbit/s
Fri Mar  2 07:45:01 CET 2018
Ping: 28.422 ms
Download: 122.47 Mbit/s
Upload: 5.55 Mbit/s
Fri Mar  2 08:45:02 CET 2018
Ping: 29.124 ms
Download: 126.23 Mbit/s
Upload: 5.65 Mbit/s
Fri Mar  2 09:45:01 CET 2018
Ping: 27.758 ms
Download: 126.79 Mbit/s
Upload: 5.55 Mbit/s
Fri Mar  2 10:45:01 CET 2018
Ping: 28.097 ms
Download: 125.77 Mbit/s
Upload: 5.61 Mbit/s
Fri Mar  2 11:45:01 CET 2018
Ping: 28.19 ms
Download: 121.94 Mbit/s
Upload: 5.64 Mbit/s
Fri Mar  2 12:45:01 CET 2018
Ping: 27.975 ms
Download: 125.73 Mbit/s
Upload: 5.64 Mbit/s
Fri Mar  2 13:45:02 CET 2018
Ping: 27.699 ms
Download: 116.82 Mbit/s
Upload: 5.61 Mbit/s
Fri Mar  2 14:45:01 CET 2018
Ping: 29.334 ms
Download: 116.41 Mbit/s
Upload: 5.42 Mbit/s
Fri Mar  2 15:45:01 CET 2018
Ping: 26.41 ms
Download: 123.78 Mbit/s
Upload: 5.53 Mbit/s
Fri Mar  2 16:45:01 CET 2018
Ping: 26.443 ms
Download: 122.40 Mbit/s
Upload: 5.65 Mbit/s
Fri Mar  2 17:45:01 CET 2018
Ping: 27.534 ms
Download: 127.22 Mbit/s
Upload: 5.12 Mbit/s
Fri Mar  2 18:45:01 CET 2018
Ping: 30.328 ms
Download: 108.74 Mbit/s
Upload: 5.46 Mbit/s
Fri Mar  2 19:45:01 CET 2018
Ping: 27.074 ms
Download: 123.94 Mbit/s
Upload: 5.60 Mbit/s
Fri Mar  2 20:45:01 CET 2018
Ping: 26.915 ms
Download: 115.94 Mbit/s
Upload: 5.61 Mbit/s
Fri Mar  2 21:45:01 CET 2018
Ping: 26.419 ms
Download: 122.45 Mbit/s
Upload: 5.06 Mbit/s
Fri Mar  2 22:45:01 CET 2018
Ping: 27.758 ms
Download: 115.64 Mbit/s
Upload: 5.54 Mbit/s
Fri Mar  2 23:45:01 CET 2018
Ping: 29.145 ms
Download: 124.90 Mbit/s
Upload: 5.64 Mbit/s
Sat Mar  3 00:45:01 CET 2018
Ping: 27.122 ms
Download: 99.90 Mbit/s
Upload: 5.60 Mbit/s
Sat Mar  3 01:45:01 CET 2018
Ping: 25.201 ms
Download: 117.49 Mbit/s
Upload: 5.62 Mbit/s
Sat Mar  3 02:45:01 CET 2018
Ping: 26.294 ms
Download: 126.30 Mbit/s
Upload: 5.45 Mbit/s
Sat Mar  3 03:45:01 CET 2018
Ping: 27.588 ms
Download: 127.76 Mbit/s
Upload: 5.59 Mbit/s
Sat Mar  3 04:45:01 CET 2018
Ping: 23.353 ms
Download: 127.74 Mbit/s
Upload: 5.66 Mbit/s
Sat Mar  3 05:45:01 CET 2018
Ping: 24.468 ms
Download: 127.57 Mbit/s
Upload: 5.58 Mbit/s
Sat Mar  3 06:45:02 CET 2018
Ping: 27.709 ms
Download: 121.04 Mbit/s
Upload: 5.55 Mbit/s
Sat Mar  3 07:45:01 CET 2018
Ping: 29.593 ms
Download: 109.36 Mbit/s
Upload: 5.52 Mbit/s
Sat Mar  3 08:45:01 CET 2018
Ping: 25.628 ms
Download: 123.70 Mbit/s
Upload: 5.61 Mbit/s
Sat Mar  3 09:45:01 CET 2018
Ping: 29.687 ms
Download: 125.48 Mbit/s
Upload: 5.45 Mbit/s
Sat Mar  3 10:45:01 CET 2018
Ping: 25.373 ms
Download: 127.43 Mbit/s
Upload: 5.51 Mbit/s
Sat Mar  3 11:45:01 CET 2018
Ping: 27.671 ms
Download: 125.82 Mbit/s
Upload: 5.59 Mbit/s
Sat Mar  3 12:45:01 CET 2018
Ping: 30.243 ms
Download: 127.47 Mbit/s
Upload: 5.63 Mbit/s
Sat Mar  3 13:45:01 CET 2018
Ping: 23.78 ms
Download: 127.80 Mbit/s
Upload: 5.48 Mbit/s
Sat Mar  3 14:45:01 CET 2018
Ping: 27.742 ms
Download: 126.55 Mbit/s
Upload: 5.39 Mbit/s
Sat Mar  3 15:45:01 CET 2018
Ping: 27.208 ms
Download: 109.36 Mbit/s
Upload: 5.68 Mbit/s
Sat Mar  3 16:45:01 CET 2018
Ping: 27.659 ms
Download: 125.41 Mbit/s
Upload: 5.45 Mbit/s
Sat Mar  3 17:45:01 CET 2018
Ping: 27.17 ms
Download: 121.11 Mbit/s
Upload: 5.06 Mbit/s
Sat Mar  3 18:45:01 CET 2018
Ping: 27.058 ms
Download: 125.59 Mbit/s
Upload: 5.55 Mbit/s
Sat Mar  3 19:45:01 CET 2018
Ping: 26.943 ms
Download: 115.11 Mbit/s
Upload: 5.65 Mbit/s
Sat Mar  3 20:45:01 CET 2018
Ping: 28.583 ms
Download: 118.56 Mbit/s
Upload: 5.54 Mbit/s
Sat Mar  3 21:45:01 CET 2018
Ping: 28.358 ms
Download: 120.04 Mbit/s
Upload: 5.54 Mbit/s
Sat Mar  3 22:45:01 CET 2018
Ping: 25.829 ms
Download: 121.14 Mbit/s
Upload: 5.59 Mbit/s
Sat Mar  3 23:45:01 CET 2018
Ping: 28.309 ms
Download: 117.88 Mbit/s
Upload: 5.32 Mbit/s
Sun Mar  4 00:45:01 CET 2018
Ping: 27.311 ms
Download: 112.87 Mbit/s
Upload: 5.52 Mbit/s
Sun Mar  4 01:45:01 CET 2018
Ping: 26.501 ms
Download: 116.38 Mbit/s
Upload: 5.27 Mbit/s
Sun Mar  4 02:45:01 CET 2018
Ping: 28.112 ms
Download: 123.72 Mbit/s
Upload: 4.52 Mbit/s
Sun Mar  4 03:45:01 CET 2018
Ping: 26.894 ms
Download: 114.91 Mbit/s
Upload: 5.40 Mbit/s
Sun Mar  4 04:45:01 CET 2018
Ping: 28.639 ms
Download: 110.43 Mbit/s
Upload: 5.59 Mbit/s
Sun Mar  4 05:45:01 CET 2018
Ping: 23.605 ms
Download: 82.50 Mbit/s
Upload: 5.61 Mbit/s
Sun Mar  4 06:45:02 CET 2018
Ping: 27.479 ms
Download: 113.93 Mbit/s
Upload: 5.67 Mbit/s
Sun Mar  4 07:45:01 CET 2018
Ping: 28.501 ms
Download: 126.50 Mbit/s
Upload: 5.65 Mbit/s
Sun Mar  4 08:45:01 CET 2018
Ping: 27.669 ms
Download: 107.91 Mbit/s
Upload: 5.61 Mbit/s
Sun Mar  4 09:45:01 CET 2018
Ping: 25.041 ms
Download: 126.27 Mbit/s
Upload: 5.47 Mbit/s
Sun Mar  4 10:45:01 CET 2018
Ping: 27.606 ms
Download: 116.27 Mbit/s
Upload: 5.60 Mbit/s
Sun Mar  4 11:45:02 CET 2018
Ping: 30.363 ms
Download: 102.97 Mbit/s
Upload: 5.59 Mbit/s
Sun Mar  4 12:45:01 CET 2018
Ping: 27.602 ms
Download: 123.26 Mbit/s
Upload: 5.64 Mbit/s
Sun Mar  4 13:45:02 CET 2018
Ping: 28.658 ms
Download: 123.27 Mbit/s
Upload: 5.55 Mbit/s
Sun Mar  4 14:45:01 CET 2018
Ping: 30.725 ms
Download: 118.73 Mbit/s
Upload: 5.65 Mbit/s
Sun Mar  4 15:45:01 CET 2018
Ping: 28.378 ms
Download: 96.03 Mbit/s
Upload: 5.59 Mbit/s
Sun Mar  4 16:45:01 CET 2018
Ping: 27.639 ms
Download: 126.20 Mbit/s
Upload: 5.50 Mbit/s
Sun Mar  4 17:45:01 CET 2018
Ping: 28.86 ms
Download: 113.53 Mbit/s
Upload: 5.54 Mbit/s
Sun Mar  4 18:45:01 CET 2018
Ping: 29.579 ms
Download: 122.08 Mbit/s
Upload: 5.59 Mbit/s
Sun Mar  4 19:45:01 CET 2018
Ping: 28.846 ms
Download: 80.39 Mbit/s
Upload: 5.59 Mbit/s
Sun Mar  4 20:45:01 CET 2018
Ping: 27.746 ms
Download: 124.97 Mbit/s
Upload: 5.64 Mbit/s
Sun Mar  4 21:45:01 CET 2018
Ping: 27.708 ms
Download: 125.64 Mbit/s
Upload: 5.43 Mbit/s
Sun Mar  4 22:45:01 CET 2018
Ping: 29.095 ms
Download: 122.62 Mbit/s
Upload: 5.47 Mbit/s
Sun Mar  4 23:45:01 CET 2018
Ping: 25.934 ms
Download: 121.73 Mbit/s
Upload: 5.53 Mbit/s
Mon Mar  5 00:45:01 CET 2018
Ping: 27.423 ms
Download: 127.04 Mbit/s
Upload: 5.63 Mbit/s
Mon Mar  5 01:45:01 CET 2018
Ping: 27.353 ms
Download: 127.99 Mbit/s
Upload: 5.56 Mbit/s
Mon Mar  5 02:45:01 CET 2018
Ping: 27.565 ms
Download: 123.78 Mbit/s
Upload: 4.20 Mbit/s
Mon Mar  5 03:45:01 CET 2018
Ping: 27.258 ms
Download: 124.05 Mbit/s
Upload: 5.51 Mbit/s
Mon Mar  5 04:45:01 CET 2018
Ping: 28.677 ms
Download: 128.11 Mbit/s
Upload: 5.57 Mbit/s
Mon Mar  5 05:45:01 CET 2018
Ping: 28.1 ms
Download: 98.63 Mbit/s
Upload: 5.70 Mbit/s
Mon Mar  5 06:45:01 CET 2018
Ping: 26.513 ms
Download: 120.88 Mbit/s
Upload: 5.62 Mbit/s
Mon Mar  5 07:45:01 CET 2018
Ping: 27.826 ms
Download: 126.15 Mbit/s
Upload: 5.47 Mbit/s
Mon Mar  5 08:45:01 CET 2018
Ping: 30.456 ms
Download: 123.21 Mbit/s
Upload: 5.64 Mbit/s
Mon Mar  5 09:45:01 CET 2018
Ping: 28.099 ms
Download: 126.88 Mbit/s
Upload: 4.06 Mbit/s
Mon Mar  5 10:45:01 CET 2018
Ping: 26.442 ms
Download: 126.92 Mbit/s
Upload: 5.52 Mbit/s
Mon Mar  5 11:45:01 CET 2018
Ping: 29.63 ms
Download: 112.06 Mbit/s
Upload: 5.65 Mbit/s
Mon Mar  5 12:45:01 CET 2018
Ping: 27.056 ms
Download: 105.78 Mbit/s
Upload: 5.61 Mbit/s
Mon Mar  5 13:45:01 CET 2018
Ping: 28.649 ms
Download: 126.22 Mbit/s
Upload: 5.55 Mbit/s
Mon Mar  5 14:45:02 CET 2018
Ping: 29.424 ms
Download: 119.96 Mbit/s
Upload: 5.52 Mbit/s
Mon Mar  5 15:45:01 CET 2018
Ping: 29.472 ms
Download: 124.36 Mbit/s
Upload: 5.49 Mbit/s
Mon Mar  5 16:45:02 CET 2018
Ping: 30.113 ms
Download: 122.51 Mbit/s
Upload: 5.58 Mbit/s
Mon Mar  5 17:45:01 CET 2018
Ping: 28.932 ms
Download: 123.50 Mbit/s
Upload: 5.56 Mbit/s
Mon Mar  5 18:45:01 CET 2018
Ping: 28.43 ms
Download: 116.60 Mbit/s
Upload: 5.46 Mbit/s
Mon Mar  5 19:45:01 CET 2018
Ping: 28.915 ms
Download: 125.55 Mbit/s
Upload: 5.65 Mbit/s
Mon Mar  5 20:45:02 CET 2018
Ping: 27.641 ms
Download: 97.90 Mbit/s
Upload: 5.41 Mbit/s
Mon Mar  5 21:45:01 CET 2018
Ping: 28.128 ms
Download: 112.45 Mbit/s
Upload: 5.43 Mbit/s
Mon Mar  5 22:45:01 CET 2018
Ping: 29.096 ms
Download: 118.67 Mbit/s
Upload: 5.02 Mbit/s
Mon Mar  5 23:45:01 CET 2018
Ping: 26.157 ms
Download: 117.22 Mbit/s
Upload: 5.57 Mbit/s
Tue Mar  6 00:45:01 CET 2018
Ping: 26.411 ms
Download: 117.72 Mbit/s
Upload: 5.60 Mbit/s
Tue Mar  6 01:45:01 CET 2018
Ping: 28.201 ms
Download: 122.38 Mbit/s
Upload: 5.51 Mbit/s
Tue Mar  6 02:45:01 CET 2018
Ping: 22.973 ms
Download: 113.81 Mbit/s
Upload: 5.45 Mbit/s
Tue Mar  6 03:45:01 CET 2018
Ping: 27.192 ms
Download: 126.25 Mbit/s
Upload: 5.61 Mbit/s
Tue Mar  6 04:45:01 CET 2018
Ping: 27.122 ms
Download: 121.57 Mbit/s
Upload: 5.67 Mbit/s
Tue Mar  6 05:45:01 CET 2018
Ping: 28.099 ms
Download: 116.82 Mbit/s
Upload: 5.55 Mbit/s
Tue Mar  6 06:45:01 CET 2018
Ping: 26.403 ms
Download: 122.79 Mbit/s
Upload: 5.60 Mbit/s
Tue Mar  6 07:45:01 CET 2018
Ping: 28.373 ms
Download: 107.23 Mbit/s
Upload: 5.64 Mbit/s
Tue Mar  6 08:45:02 CET 2018
Ping: 30.033 ms
Download: 118.13 Mbit/s
Upload: 5.62 Mbit/s
Tue Mar  6 09:45:01 CET 2018
Ping: 27.777 ms
Download: 122.18 Mbit/s
Upload: 5.37 Mbit/s
Tue Mar  6 10:45:01 CET 2018
Ping: 28.467 ms
Download: 113.71 Mbit/s
Upload: 5.44 Mbit/s
Tue Mar  6 11:45:01 CET 2018
Ping: 28.971 ms
Download: 112.58 Mbit/s
Upload: 5.63 Mbit/s
Tue Mar  6 12:45:01 CET 2018
Ping: 28.941 ms
Download: 112.41 Mbit/s
Upload: 5.61 Mbit/s
Tue Mar  6 13:45:01 CET 2018
Ping: 22.327 ms
Download: 125.87 Mbit/s
Upload: 5.66 Mbit/s
Tue Mar  6 14:45:01 CET 2018
Ping: 27.594 ms
Download: 124.22 Mbit/s
Upload: 5.65 Mbit/s
Tue Mar  6 15:45:01 CET 2018
Ping: 27.743 ms
Download: 122.61 Mbit/s
Upload: 5.58 Mbit/s
Tue Mar  6 16:45:01 CET 2018
Ping: 27.742 ms
Download: 126.04 Mbit/s
Upload: 5.57 Mbit/s
Tue Mar  6 17:45:01 CET 2018
Ping: 27.736 ms
Download: 125.53 Mbit/s
Upload: 5.58 Mbit/s
Tue Mar  6 18:45:01 CET 2018
Ping: 29.069 ms
Download: 114.26 Mbit/s
Upload: 5.62 Mbit/s
Tue Mar  6 19:45:01 CET 2018
Ping: 27.876 ms
Download: 98.48 Mbit/s
Upload: 5.54 Mbit/s
Tue Mar  6 20:45:01 CET 2018
Ping: 26.577 ms
Download: 119.66 Mbit/s
Upload: 5.63 Mbit/s
Tue Mar  6 21:45:01 CET 2018
Ping: 26.406 ms
Download: 122.94 Mbit/s
Upload: 5.55 Mbit/s
Tue Mar  6 22:45:01 CET 2018
Ping: 28.079 ms
Download: 126.97 Mbit/s
Upload: 5.63 Mbit/s
Tue Mar  6 23:45:01 CET 2018
Ping: 27.245 ms
Download: 125.88 Mbit/s
Upload: 5.54 Mbit/s
Wed Mar  7 00:45:01 CET 2018
Ping: 26.155 ms
Download: 127.77 Mbit/s
Upload: 5.63 Mbit/s
Wed Mar  7 01:45:01 CET 2018
Ping: 22.586 ms
Download: 126.79 Mbit/s
Upload: 5.65 Mbit/s
Wed Mar  7 02:45:01 CET 2018
Ping: 27.243 ms
Download: 126.42 Mbit/s
Upload: 5.60 Mbit/s
Wed Mar  7 03:45:01 CET 2018
Ping: 26.845 ms
Download: 121.95 Mbit/s
Upload: 5.64 Mbit/s
Wed Mar  7 04:45:01 CET 2018
Ping: 26.725 ms
Download: 122.02 Mbit/s
Upload: 5.63 Mbit/s
Wed Mar  7 05:45:02 CET 2018
Ping: 28.745 ms
Download: 106.78 Mbit/s
Upload: 5.61 Mbit/s
Wed Mar  7 06:45:01 CET 2018
Ping: 28.6 ms
Download: 108.62 Mbit/s
Upload: 5.59 Mbit/s
Wed Mar  7 07:45:01 CET 2018
Ping: 26.878 ms
Download: 112.40 Mbit/s
Upload: 5.65 Mbit/s
Wed Mar  7 08:45:01 CET 2018
Ping: 28.442 ms
Download: 110.87 Mbit/s
Upload: 5.64 Mbit/s
Wed Mar  7 09:45:01 CET 2018
Ping: 27.212 ms
Download: 126.56 Mbit/s
Upload: 5.58 Mbit/s
Wed Mar  7 10:45:02 CET 2018
Ping: 31.782 ms
Download: 109.86 Mbit/s
Upload: 5.48 Mbit/s
Wed Mar  7 11:45:01 CET 2018
Ping: 27.225 ms
Download: 111.93 Mbit/s
Upload: 5.55 Mbit/s
Wed Mar  7 12:45:01 CET 2018
Ping: 26.14 ms
Download: 124.89 Mbit/s
Upload: 5.56 Mbit/s
Wed Mar  7 13:45:01 CET 2018
Ping: 28.509 ms
Download: 127.61 Mbit/s
Upload: 5.60 Mbit/s
Wed Mar  7 14:45:01 CET 2018
Ping: 29.727 ms
Download: 106.34 Mbit/s
Upload: 5.63 Mbit/s
Wed Mar  7 15:45:01 CET 2018
Ping: 27.818 ms
Download: 127.11 Mbit/s
Upload: 5.61 Mbit/s
Wed Mar  7 16:45:01 CET 2018
Ping: 28.938 ms
Download: 120.48 Mbit/s
Upload: 5.50 Mbit/s
Wed Mar  7 17:45:01 CET 2018
Ping: 24.907 ms
Download: 117.42 Mbit/s
Upload: 3.72 Mbit/s
Wed Mar  7 18:45:01 CET 2018
Ping: 28.416 ms
Download: 113.02 Mbit/s
Upload: 5.59 Mbit/s
Wed Mar  7 19:45:01 CET 2018
Ping: 28.032 ms
Download: 99.45 Mbit/s
Upload: 5.38 Mbit/s
Wed Mar  7 20:45:01 CET 2018
Ping: 28.458 ms
Download: 126.38 Mbit/s
Upload: 5.59 Mbit/s
Wed Mar  7 21:45:01 CET 2018
Ping: 30.739 ms
Download: 127.02 Mbit/s
Upload: 5.56 Mbit/s
Wed Mar  7 22:45:01 CET 2018
Ping: 28.755 ms
Download: 121.24 Mbit/s
Upload: 5.63 Mbit/s
Wed Mar  7 23:45:01 CET 2018
Ping: 26.288 ms
Download: 112.62 Mbit/s
Upload: 5.63 Mbit/s
Thu Mar  8 00:45:01 CET 2018
Ping: 25.338 ms
Download: 126.78 Mbit/s
Upload: 5.47 Mbit/s
Thu Mar  8 01:45:02 CET 2018
Ping: 24.289 ms
Download: 127.20 Mbit/s
Upload: 5.61 Mbit/s
Thu Mar  8 02:45:01 CET 2018
Ping: 23.878 ms
Download: 120.95 Mbit/s
Upload: 5.63 Mbit/s
Thu Mar  8 03:45:01 CET 2018
Ping: 27.629 ms
Download: 117.67 Mbit/s
Upload: 5.67 Mbit/s
Thu Mar  8 04:45:01 CET 2018
Ping: 29.434 ms
Download: 124.83 Mbit/s
Upload: 5.64 Mbit/s
Thu Mar  8 05:45:02 CET 2018
Ping: 23.868 ms
Download: 127.69 Mbit/s
Upload: 5.56 Mbit/s
Thu Mar  8 06:45:02 CET 2018
Ping: 23.929 ms
Download: 126.52 Mbit/s
Upload: 5.63 Mbit/s
Thu Mar  8 07:45:02 CET 2018
Ping: 26.658 ms
Download: 127.56 Mbit/s
Upload: 5.64 Mbit/s
Thu Mar  8 08:45:01 CET 2018
Ping: 27.745 ms
Download: 127.06 Mbit/s
Upload: 5.58 Mbit/s
Thu Mar  8 09:45:01 CET 2018
Ping: 27.075 ms
Download: 122.66 Mbit/s
Upload: 5.62 Mbit/s
Thu Mar  8 10:45:01 CET 2018
Ping: 25.057 ms
Download: 117.36 Mbit/s
Upload: 5.65 Mbit/s
Thu Mar  8 11:45:01 CET 2018
Ping: 26.734 ms
Download: 116.66 Mbit/s
Upload: 5.61 Mbit/s
Thu Mar  8 12:45:01 CET 2018
Ping: 25.401 ms
Download: 109.29 Mbit/s
Upload: 5.52 Mbit/s
Thu Mar  8 13:45:01 CET 2018
Ping: 27.941 ms
Download: 117.77 Mbit/s
Upload: 5.58 Mbit/s
Thu Mar  8 14:45:01 CET 2018
Ping: 27.746 ms
Download: 126.20 Mbit/s
Upload: 5.59 Mbit/s
Thu Mar  8 15:45:01 CET 2018
Ping: 30.439 ms
Download: 114.27 Mbit/s
Upload: 5.51 Mbit/s
Thu Mar  8 16:45:01 CET 2018
Ping: 31.807 ms
Download: 114.40 Mbit/s
Upload: 5.28 Mbit/s
Thu Mar  8 17:45:01 CET 2018
Ping: 27.085 ms
Download: 121.14 Mbit/s
Upload: 4.53 Mbit/s
Thu Mar  8 18:45:01 CET 2018
Ping: 29.292 ms
Download: 116.73 Mbit/s
Upload: 5.66 Mbit/s
Thu Mar  8 19:45:01 CET 2018
Ping: 26.047 ms
Download: 123.95 Mbit/s
Upload: 5.55 Mbit/s
Thu Mar  8 20:45:01 CET 2018
Ping: 24.369 ms
Download: 126.54 Mbit/s
Upload: 5.53 Mbit/s
Thu Mar  8 21:45:01 CET 2018
Ping: 26.451 ms
Download: 124.15 Mbit/s
Upload: 5.51 Mbit/s
Thu Mar  8 22:45:01 CET 2018
Ping: 24.591 ms
Download: 127.03 Mbit/s
Upload: 5.61 Mbit/s
Thu Mar  8 23:45:01 CET 2018
Ping: 30.024 ms
Download: 110.47 Mbit/s
Upload: 5.51 Mbit/s
Fri Mar  9 00:45:01 CET 2018
Ping: 29.198 ms
Download: 90.18 Mbit/s
Upload: 5.59 Mbit/s
Fri Mar  9 01:45:01 CET 2018
Ping: 24.755 ms
Download: 127.28 Mbit/s
Upload: 5.66 Mbit/s
Fri Mar  9 02:45:01 CET 2018
Ping: 23.667 ms
Download: 127.09 Mbit/s
Upload: 5.63 Mbit/s
Fri Mar  9 03:45:01 CET 2018
Ping: 26.099 ms
Download: 126.61 Mbit/s
Upload: 5.42 Mbit/s
Fri Mar  9 04:45:01 CET 2018
Ping: 26.452 ms
Download: 127.35 Mbit/s
Upload: 5.66 Mbit/s
Fri Mar  9 05:45:01 CET 2018
Ping: 28.259 ms
Download: 120.54 Mbit/s
Upload: 5.64 Mbit/s
Fri Mar  9 06:45:02 CET 2018
Ping: 25.922 ms
Download: 125.80 Mbit/s
Upload: 5.63 Mbit/s
Fri Mar  9 07:45:01 CET 2018
Ping: 25.57 ms
Download: 127.56 Mbit/s
Upload: 5.54 Mbit/s
Fri Mar  9 08:45:01 CET 2018
Ping: 26.199 ms
Download: 120.47 Mbit/s
Upload: 5.55 Mbit/s
Fri Mar  9 09:45:01 CET 2018
Ping: 26.397 ms
Download: 124.49 Mbit/s
Upload: 5.62 Mbit/s
Fri Mar  9 10:45:01 CET 2018
Ping: 27.44 ms
Download: 123.80 Mbit/s
Upload: 5.50 Mbit/s
Fri Mar  9 11:45:01 CET 2018
Ping: 29.04 ms
Download: 113.55 Mbit/s
Upload: 5.58 Mbit/s
Fri Mar  9 12:45:01 CET 2018
Ping: 28.075 ms
Download: 117.21 Mbit/s
Upload: 5.55 Mbit/s
Fri Mar  9 13:45:01 CET 2018
Ping: 27.437 ms
Download: 126.11 Mbit/s
Upload: 5.64 Mbit/s
Fri Mar  9 14:45:01 CET 2018
Ping: 26.998 ms
Download: 108.50 Mbit/s
Upload: 5.59 Mbit/s
Fri Mar  9 15:45:01 CET 2018
Ping: 28.054 ms
Download: 122.25 Mbit/s
Upload: 5.52 Mbit/s
Fri Mar  9 16:45:01 CET 2018
Ping: 28.192 ms
Download: 124.00 Mbit/s
Upload: 5.61 Mbit/s
Fri Mar  9 17:45:01 CET 2018
Ping: 27.207 ms
Download: 123.73 Mbit/s
Upload: 5.63 Mbit/s
Fri Mar  9 18:45:01 CET 2018
Ping: 25.988 ms
Download: 122.75 Mbit/s
Upload: 5.35 Mbit/s
Fri Mar  9 19:45:01 CET 2018
Ping: 26.66 ms
Download: 126.41 Mbit/s
Upload: 5.53 Mbit/s
Fri Mar  9 20:45:01 CET 2018
Ping: 29.146 ms
Download: 116.62 Mbit/s
Upload: 5.57 Mbit/s
Fri Mar  9 21:45:01 CET 2018
Ping: 26.721 ms
Download: 96.70 Mbit/s
Upload: 5.35 Mbit/s
Fri Mar  9 22:45:01 CET 2018
Ping: 28.696 ms
Download: 127.05 Mbit/s
Upload: 5.62 Mbit/s
Fri Mar  9 23:45:01 CET 2018
Ping: 29.426 ms
Download: 104.95 Mbit/s
Upload: 5.46 Mbit/s
Sat Mar 10 00:45:01 CET 2018
Ping: 26.967 ms
Download: 122.09 Mbit/s
Upload: 5.58 Mbit/s
Sat Mar 10 01:45:01 CET 2018
Ping: 27.465 ms
Download: 122.15 Mbit/s
Upload: 5.60 Mbit/s
Sat Mar 10 02:45:01 CET 2018
Ping: 27.645 ms
Download: 116.51 Mbit/s
Upload: 5.66 Mbit/s
Sat Mar 10 03:45:01 CET 2018
Ping: 26.911 ms
Download: 123.71 Mbit/s
Upload: 5.47 Mbit/s
Sat Mar 10 04:45:01 CET 2018
Ping: 24.429 ms
Download: 127.06 Mbit/s
Upload: 5.58 Mbit/s
Sat Mar 10 05:45:01 CET 2018
Ping: 26.045 ms
Download: 126.54 Mbit/s
Upload: 5.62 Mbit/s
Sat Mar 10 06:45:01 CET 2018
Ping: 28.332 ms
Download: 104.50 Mbit/s
Upload: 5.65 Mbit/s
Sat Mar 10 07:45:01 CET 2018
Ping: 26.408 ms
Download: 126.38 Mbit/s
Upload: 5.52 Mbit/s
Sat Mar 10 08:45:01 CET 2018
Ping: 25.663 ms
Download: 64.08 Mbit/s
Upload: 5.53 Mbit/s
Sat Mar 10 09:45:01 CET 2018
Ping: 27.973 ms
Download: 125.82 Mbit/s
Upload: 5.40 Mbit/s
Sat Mar 10 10:45:01 CET 2018
Ping: 26.797 ms
Download: 125.15 Mbit/s
Upload: 5.57 Mbit/s
Sat Mar 10 11:45:01 CET 2018
Ping: 25.465 ms
Download: 127.75 Mbit/s
Upload: 5.55 Mbit/s
Sat Mar 10 12:45:01 CET 2018
Ping: 25.625 ms
Download: 126.68 Mbit/s
Upload: 5.58 Mbit/s
Sat Mar 10 13:45:01 CET 2018
Ping: 27.197 ms
Download: 112.57 Mbit/s
Upload: 5.46 Mbit/s
Sat Mar 10 14:45:02 CET 2018
Ping: 26.422 ms
Download: 118.29 Mbit/s
Upload: 5.59 Mbit/s
Sat Mar 10 15:45:01 CET 2018
Ping: 27.723 ms
Download: 122.21 Mbit/s
Upload: 5.61 Mbit/s
Sat Mar 10 16:45:01 CET 2018
Ping: 30.335 ms
Download: 108.01 Mbit/s
Upload: 5.42 Mbit/s
Sat Mar 10 17:45:01 CET 2018
Ping: 29.253 ms
Download: 107.88 Mbit/s
Upload: 5.58 Mbit/s
Sat Mar 10 18:45:01 CET 2018
Ping: 27.276 ms
Download: 112.00 Mbit/s
Upload: 5.58 Mbit/s
Sat Mar 10 19:45:01 CET 2018
Ping: 28.208 ms
Download: 122.84 Mbit/s
Upload: 5.66 Mbit/s
Sat Mar 10 20:45:02 CET 2018
Ping: 28.958 ms
Download: 115.12 Mbit/s
Upload: 5.50 Mbit/s
Sat Mar 10 21:45:01 CET 2018
Ping: 26.308 ms
Download: 123.60 Mbit/s
Upload: 5.55 Mbit/s
Sat Mar 10 22:45:01 CET 2018
Ping: 25.054 ms
Download: 112.01 Mbit/s
Upload: 5.64 Mbit/s
Sat Mar 10 23:45:01 CET 2018
Ping: 28.023 ms
Download: 122.96 Mbit/s
Upload: 5.67 Mbit/s
Sun Mar 11 00:45:01 CET 2018
Ping: 26.416 ms
Download: 116.71 Mbit/s
Upload: 5.58 Mbit/s
Sun Mar 11 01:45:01 CET 2018
Ping: 24.256 ms
Download: 128.16 Mbit/s
Upload: 5.63 Mbit/s
Sun Mar 11 02:45:01 CET 2018
Ping: 23.079 ms
Download: 125.63 Mbit/s
Upload: 5.53 Mbit/s
Sun Mar 11 03:45:01 CET 2018
Ping: 27.927 ms
Download: 125.16 Mbit/s
Upload: 5.61 Mbit/s
Sun Mar 11 04:45:01 CET 2018
Ping: 26.633 ms
Download: 125.91 Mbit/s
Upload: 5.62 Mbit/s
Sun Mar 11 05:45:01 CET 2018
Ping: 25.77 ms
Download: 122.82 Mbit/s
Upload: 5.64 Mbit/s
Sun Mar 11 06:45:02 CET 2018
Ping: 27.436 ms
Download: 127.43 Mbit/s
Upload: 5.45 Mbit/s
Sun Mar 11 07:45:01 CET 2018
Ping: 25.332 ms
Download: 126.15 Mbit/s
Upload: 5.53 Mbit/s
Sun Mar 11 08:45:01 CET 2018
Ping: 26.394 ms
Download: 119.75 Mbit/s
Upload: 5.58 Mbit/s
Sun Mar 11 09:45:01 CET 2018
Ping: 26.398 ms
Download: 119.47 Mbit/s
Upload: 5.37 Mbit/s
Sun Mar 11 10:45:01 CET 2018
Ping: 27.198 ms
Download: 117.69 Mbit/s
Upload: 5.56 Mbit/s
Sun Mar 11 11:45:02 CET 2018
Ping: 29.573 ms
Download: 97.38 Mbit/s
Upload: 5.08 Mbit/s
Sun Mar 11 12:45:01 CET 2018
Ping: 29.265 ms
Download: 125.60 Mbit/s
Upload: 5.62 Mbit/s
Sun Mar 11 13:45:01 CET 2018
Ping: 28.366 ms
Download: 114.46 Mbit/s
Upload: 5.66 Mbit/s
Sun Mar 11 14:45:01 CET 2018
Ping: 28.669 ms
Download: 122.87 Mbit/s
Upload: 5.66 Mbit/s
Sun Mar 11 15:45:01 CET 2018
Ping: 26.871 ms
Download: 127.45 Mbit/s
Upload: 5.58 Mbit/s
Sun Mar 11 16:45:01 CET 2018
Ping: 28.13 ms
Download: 120.86 Mbit/s
Upload: 5.63 Mbit/s
Sun Mar 11 17:45:01 CET 2018
Ping: 26.401 ms
Download: 122.94 Mbit/s
Upload: 5.27 Mbit/s
Sun Mar 11 18:45:01 CET 2018
Ping: 28.908 ms
Download: 100.64 Mbit/s
Upload: 5.56 Mbit/s
Sun Mar 11 19:45:01 CET 2018
Ping: 27.662 ms
Download: 125.77 Mbit/s
Upload: 5.63 Mbit/s
Sun Mar 11 20:45:01 CET 2018
Ping: 29.536 ms
Download: 119.38 Mbit/s
Upload: 5.60 Mbit/s
Sun Mar 11 21:45:01 CET 2018
Ping: 26.983 ms
Download: 126.54 Mbit/s
Upload: 5.62 Mbit/s
Sun Mar 11 22:45:01 CET 2018
Ping: 28.279 ms
Download: 123.58 Mbit/s
Upload: 5.66 Mbit/s
Sun Mar 11 23:45:01 CET 2018
Ping: 25.388 ms
Download: 125.06 Mbit/s
Upload: 5.60 Mbit/s
Mon Mar 12 00:45:01 CET 2018
Ping: 26.406 ms
Download: 123.30 Mbit/s
Upload: 5.55 Mbit/s
Mon Mar 12 01:45:01 CET 2018
Ping: 26.574 ms
Download: 128.03 Mbit/s
Upload: 5.65 Mbit/s
Mon Mar 12 02:45:01 CET 2018
Ping: 26.829 ms
Download: 127.03 Mbit/s
Upload: 5.56 Mbit/s
Mon Mar 12 03:45:01 CET 2018
Ping: 27.82 ms
Download: 120.17 Mbit/s
Upload: 5.54 Mbit/s
Mon Mar 12 04:45:01 CET 2018
Ping: 29.205 ms
Download: 127.22 Mbit/s
Upload: 5.65 Mbit/s
Mon Mar 12 05:45:01 CET 2018
Ping: 27.949 ms
Download: 126.52 Mbit/s
Upload: 5.41 Mbit/s
Mon Mar 12 06:45:01 CET 2018
Ping: 26.716 ms
Download: 126.20 Mbit/s
Upload: 5.58 Mbit/s
Mon Mar 12 07:45:01 CET 2018
Ping: 25.836 ms
Download: 123.69 Mbit/s
Upload: 5.61 Mbit/s
Mon Mar 12 08:45:01 CET 2018
Ping: 29.472 ms
Download: 120.02 Mbit/s
Upload: 5.68 Mbit/s
Mon Mar 12 09:45:01 CET 2018
Ping: 25.849 ms
Download: 123.53 Mbit/s
Upload: 5.58 Mbit/s
Mon Mar 12 10:45:01 CET 2018
Ping: 29.352 ms
Download: 121.61 Mbit/s
Upload: 5.47 Mbit/s
Mon Mar 12 11:45:01 CET 2018
Ping: 26.391 ms
Download: 127.01 Mbit/s
Upload: 5.63 Mbit/s
Mon Mar 12 12:45:01 CET 2018
Ping: 28.707 ms
Download: 108.61 Mbit/s
Upload: 5.56 Mbit/s
Mon Mar 12 13:45:01 CET 2018
Ping: 27.69 ms
Download: 114.23 Mbit/s
Upload: 5.44 Mbit/s
Mon Mar 12 14:45:01 CET 2018
Ping: 26.903 ms
Download: 120.51 Mbit/s
Upload: 4.88 Mbit/s
Mon Mar 12 15:45:01 CET 2018
Ping: 27.621 ms
Download: 114.26 Mbit/s
Upload: 5.37 Mbit/s
Mon Mar 12 16:45:01 CET 2018
Ping: 26.0 ms
Download: 127.46 Mbit/s
Upload: 5.56 Mbit/s
Mon Mar 12 17:45:01 CET 2018
Ping: 27.608 ms
Download: 122.81 Mbit/s
Upload: 5.59 Mbit/s
Mon Mar 12 18:45:01 CET 2018
Ping: 27.605 ms
Download: 121.78 Mbit/s
Upload: 5.55 Mbit/s
Mon Mar 12 19:45:01 CET 2018
Ping: 29.445 ms
Download: 122.66 Mbit/s
Upload: 5.65 Mbit/s
Mon Mar 12 20:45:01 CET 2018
Ping: 28.101 ms
Download: 126.54 Mbit/s
Upload: 5.59 Mbit/s
Mon Mar 12 21:45:02 CET 2018
Ping: 28.183 ms
Download: 126.54 Mbit/s
Upload: 5.53 Mbit/s
Mon Mar 12 22:45:01 CET 2018
Ping: 29.649 ms
Download: 124.23 Mbit/s
Upload: 5.65 Mbit/s
Mon Mar 12 23:45:01 CET 2018
Ping: 26.417 ms
Download: 127.29 Mbit/s
Upload: 5.59 Mbit/s
Tue Mar 13 00:45:01 CET 2018
Ping: 26.392 ms
Download: 126.84 Mbit/s
Upload: 5.66 Mbit/s
Tue Mar 13 01:45:01 CET 2018
Ping: 27.345 ms
Download: 126.10 Mbit/s
Upload: 5.11 Mbit/s
Tue Mar 13 02:45:02 CET 2018
Ping: 28.485 ms
Download: 124.32 Mbit/s
Upload: 5.58 Mbit/s
Tue Mar 13 03:45:01 CET 2018
Ping: 25.554 ms
Download: 127.61 Mbit/s
Upload: 5.66 Mbit/s
Tue Mar 13 04:45:01 CET 2018
Ping: 28.08 ms
Download: 95.41 Mbit/s
Upload: 5.57 Mbit/s
Tue Mar 13 05:45:01 CET 2018
Ping: 25.129 ms
Download: 127.58 Mbit/s
Upload: 5.61 Mbit/s
Tue Mar 13 06:45:01 CET 2018
Ping: 26.185 ms
Download: 127.63 Mbit/s
Upload: 5.62 Mbit/s
Tue Mar 13 07:45:01 CET 2018
Ping: 27.236 ms
Download: 127.27 Mbit/s
Upload: 5.64 Mbit/s
Tue Mar 13 08:45:01 CET 2018
Ping: 27.329 ms
Download: 111.35 Mbit/s
Upload: 5.61 Mbit/s
Tue Mar 13 09:45:01 CET 2018
Ping: 25.859 ms
Download: 127.61 Mbit/s
Upload: 5.57 Mbit/s
Tue Mar 13 10:45:01 CET 2018
Ping: 25.124 ms
Download: 126.23 Mbit/s
Upload: 5.63 Mbit/s
Tue Mar 13 11:45:01 CET 2018
Ping: 26.218 ms
Download: 125.24 Mbit/s
Upload: 5.62 Mbit/s
Tue Mar 13 12:45:01 CET 2018
Ping: 25.075 ms
Download: 123.59 Mbit/s
Upload: 5.60 Mbit/s
Tue Mar 13 13:45:01 CET 2018
Ping: 27.151 ms
Download: 123.58 Mbit/s
Upload: 5.53 Mbit/s
Tue Mar 13 14:45:01 CET 2018
Ping: 27.292 ms
Download: 126.75 Mbit/s
Upload: 5.59 Mbit/s
Tue Mar 13 15:45:01 CET 2018
Ping: 26.587 ms
Download: 126.62 Mbit/s
Upload: 5.53 Mbit/s
Tue Mar 13 16:45:01 CET 2018
Ping: 25.57 ms
Download: 126.82 Mbit/s
Upload: 5.62 Mbit/s
Tue Mar 13 17:45:01 CET 2018
Ping: 26.381 ms
Download: 126.63 Mbit/s
Upload: 5.50 Mbit/s
Tue Mar 13 18:45:01 CET 2018
Ping: 30.111 ms
Download: 122.48 Mbit/s
Upload: 5.48 Mbit/s
Tue Mar 13 19:45:01 CET 2018
Ping: 27.056 ms
Download: 125.57 Mbit/s
Upload: 5.57 Mbit/s
Tue Mar 13 20:45:01 CET 2018
Ping: 26.674 ms
Download: 125.46 Mbit/s
Upload: 5.48 Mbit/s
Tue Mar 13 21:45:01 CET 2018
Ping: 30.792 ms
Download: 118.11 Mbit/s
Upload: 4.95 Mbit/s
Tue Mar 13 22:45:01 CET 2018
Ping: 28.313 ms
Download: 123.88 Mbit/s
Upload: 5.61 Mbit/s
Tue Mar 13 23:45:01 CET 2018
Ping: 25.621 ms
Download: 119.53 Mbit/s
Upload: 3.86 Mbit/s
Wed Mar 14 00:45:02 CET 2018
Ping: 26.39 ms
Download: 126.30 Mbit/s
Upload: 4.50 Mbit/s
Wed Mar 14 01:45:01 CET 2018
Ping: 26.415 ms
Download: 125.57 Mbit/s
Upload: 5.65 Mbit/s
Wed Mar 14 02:45:01 CET 2018
Ping: 27.747 ms
Download: 112.59 Mbit/s
Upload: 5.69 Mbit/s
Wed Mar 14 03:45:01 CET 2018
Ping: 25.859 ms
Download: 127.64 Mbit/s
Upload: 5.65 Mbit/s
Wed Mar 14 04:45:01 CET 2018
Ping: 27.576 ms
Download: 121.71 Mbit/s
Upload: 5.61 Mbit/s
Wed Mar 14 05:45:01 CET 2018
Ping: 26.411 ms
Download: 112.07 Mbit/s
Upload: 5.62 Mbit/s
Wed Mar 14 06:45:01 CET 2018
Ping: 26.369 ms
Download: 127.37 Mbit/s
Upload: 5.58 Mbit/s
Wed Mar 14 07:45:01 CET 2018
Ping: 29.073 ms
Download: 121.92 Mbit/s
Upload: 5.58 Mbit/s
Wed Mar 14 08:45:02 CET 2018
Ping: 27.051 ms
Download: 126.29 Mbit/s
Upload: 5.30 Mbit/s
Wed Mar 14 09:45:01 CET 2018
Ping: 24.808 ms
Download: 126.02 Mbit/s
Upload: 5.37 Mbit/s
Wed Mar 14 10:45:01 CET 2018
Ping: 26.353 ms
Download: 126.00 Mbit/s
Upload: 5.56 Mbit/s
Wed Mar 14 11:45:01 CET 2018
Ping: 28.211 ms
Download: 123.84 Mbit/s
Upload: 5.54 Mbit/s
Wed Mar 14 12:45:01 CET 2018
Ping: 26.205 ms
Download: 99.26 Mbit/s
Upload: 5.62 Mbit/s
Wed Mar 14 13:45:01 CET 2018
Ping: 26.408 ms
Download: 126.98 Mbit/s
Upload: 5.61 Mbit/s
Wed Mar 14 14:45:01 CET 2018
Ping: 25.622 ms
Download: 124.10 Mbit/s
Upload: 5.61 Mbit/s
Wed Mar 14 15:45:01 CET 2018
Ping: 26.292 ms
Download: 111.42 Mbit/s
Upload: 5.33 Mbit/s
Wed Mar 14 16:45:01 CET 2018
Ping: 29.33 ms
Download: 124.29 Mbit/s
Upload: 5.65 Mbit/s
Wed Mar 14 17:45:01 CET 2018
Ping: 27.705 ms
Download: 119.33 Mbit/s
Upload: 5.45 Mbit/s
Wed Mar 14 18:45:01 CET 2018
Ping: 26.927 ms
Download: 121.49 Mbit/s
Upload: 5.40 Mbit/s
Wed Mar 14 19:45:01 CET 2018
Ping: 26.826 ms
Download: 114.70 Mbit/s
Upload: 5.61 Mbit/s
Wed Mar 14 20:45:01 CET 2018
Ping: 26.895 ms
Download: 125.85 Mbit/s
Upload: 5.47 Mbit/s
Wed Mar 14 21:45:01 CET 2018
Ping: 27.241 ms
Download: 125.19 Mbit/s
Upload: 5.60 Mbit/s
Wed Mar 14 22:45:01 CET 2018
Ping: 27.836 ms
Download: 120.66 Mbit/s
Upload: 5.60 Mbit/s
Wed Mar 14 23:45:01 CET 2018
Ping: 27.272 ms
Download: 121.77 Mbit/s
Upload: 5.65 Mbit/s
Thu Mar 15 00:45:01 CET 2018
Ping: 26.407 ms
Download: 124.06 Mbit/s
Upload: 5.61 Mbit/s
Thu Mar 15 01:45:01 CET 2018
Ping: 26.666 ms
Download: 123.58 Mbit/s
Upload: 5.65 Mbit/s
Thu Mar 15 02:45:01 CET 2018
Ping: 26.415 ms
Download: 124.73 Mbit/s
Upload: 5.64 Mbit/s
Thu Mar 15 03:45:01 CET 2018
Ping: 25.951 ms
Download: 127.67 Mbit/s
Upload: 5.65 Mbit/s
Thu Mar 15 04:45:01 CET 2018
Ping: 26.967 ms
Download: 127.05 Mbit/s
Upload: 5.63 Mbit/s
Thu Mar 15 05:45:01 CET 2018
Ping: 26.426 ms
Download: 122.33 Mbit/s
Upload: 5.62 Mbit/s
Thu Mar 15 06:45:01 CET 2018
Ping: 27.206 ms
Download: 113.23 Mbit/s
Upload: 5.66 Mbit/s
Thu Mar 15 07:45:01 CET 2018
Ping: 26.438 ms
Download: 127.66 Mbit/s
Upload: 5.61 Mbit/s
Thu Mar 15 08:45:01 CET 2018
Ping: 27.618 ms
Download: 116.76 Mbit/s
Upload: 5.60 Mbit/s
Thu Mar 15 09:45:01 CET 2018
Ping: 29.495 ms
Download: 109.90 Mbit/s
Upload: 5.49 Mbit/s
Thu Mar 15 10:45:01 CET 2018
Ping: 24.385 ms
Download: 124.45 Mbit/s
Upload: 5.61 Mbit/s
Thu Mar 15 11:45:01 CET 2018
Ping: 26.151 ms
Download: 126.48 Mbit/s
Upload: 5.60 Mbit/s
Thu Mar 15 12:45:01 CET 2018
Ping: 24.324 ms
Download: 127.63 Mbit/s
Upload: 5.59 Mbit/s
Thu Mar 15 13:45:01 CET 2018
Ping: 26.274 ms
Download: 119.58 Mbit/s
Upload: 5.53 Mbit/s
Thu Mar 15 14:45:01 CET 2018
Ping: 28.602 ms
Download: 125.08 Mbit/s
Upload: 5.55 Mbit/s
Thu Mar 15 15:45:01 CET 2018
Ping: 25.584 ms
Download: 126.27 Mbit/s
Upload: 5.47 Mbit/s
Thu Mar 15 16:45:01 CET 2018
Ping: 27.398 ms
Download: 115.46 Mbit/s
Upload: 5.41 Mbit/s
Thu Mar 15 17:45:01 CET 2018
Ping: 26.298 ms
Download: 106.53 Mbit/s
Upload: 5.50 Mbit/s
Thu Mar 15 18:45:01 CET 2018
Ping: 28.884 ms
Download: 122.30 Mbit/s
Upload: 5.52 Mbit/s
Thu Mar 15 19:45:01 CET 2018
Ping: 26.399 ms
Download: 125.51 Mbit/s
Upload: 5.54 Mbit/s
Thu Mar 15 20:45:01 CET 2018
Ping: 27.55 ms
Download: 108.39 Mbit/s
Upload: 5.46 Mbit/s
Thu Mar 15 21:45:01 CET 2018
Ping: 30.603 ms
Download: 126.66 Mbit/s
Upload: 5.58 Mbit/s
Thu Mar 15 22:45:01 CET 2018
Ping: 28.977 ms
Download: 111.74 Mbit/s
Upload: 5.58 Mbit/s
Thu Mar 15 23:45:01 CET 2018
Ping: 26.406 ms
Download: 121.15 Mbit/s
Upload: 5.56 Mbit/s
Fri Mar 16 00:45:01 CET 2018
Ping: 27.333 ms
Download: 116.83 Mbit/s
Upload: 5.63 Mbit/s
Fri Mar 16 01:45:01 CET 2018
Ping: 23.488 ms
Download: 121.78 Mbit/s
Upload: 5.60 Mbit/s
Fri Mar 16 02:45:01 CET 2018
Ping: 26.385 ms
Download: 127.75 Mbit/s
Upload: 5.65 Mbit/s
Fri Mar 16 03:45:01 CET 2018
Ping: 24.96 ms
Download: 126.98 Mbit/s
Upload: 5.61 Mbit/s
Fri Mar 16 04:45:01 CET 2018
Ping: 26.643 ms
Download: 127.46 Mbit/s
Upload: 5.66 Mbit/s
Fri Mar 16 05:45:01 CET 2018
Ping: 29.05 ms
Download: 121.51 Mbit/s
Upload: 5.64 Mbit/s
Fri Mar 16 06:45:02 CET 2018
Ping: 25.433 ms
Download: 127.22 Mbit/s
Upload: 5.64 Mbit/s
Fri Mar 16 07:45:01 CET 2018
Ping: 26.421 ms
Download: 120.87 Mbit/s
Upload: 5.49 Mbit/s
Fri Mar 16 08:45:01 CET 2018
Ping: 27.568 ms
Download: 120.16 Mbit/s
Upload: 5.60 Mbit/s
Fri Mar 16 09:45:01 CET 2018
Ping: 24.49 ms
Download: 124.66 Mbit/s
Upload: 5.00 Mbit/s
Fri Mar 16 10:45:01 CET 2018
Ping: 25.998 ms
Download: 126.86 Mbit/s
Upload: 5.19 Mbit/s
Fri Mar 16 11:45:02 CET 2018
Ping: 27.723 ms
Download: 118.03 Mbit/s
Upload: 5.45 Mbit/s
Fri Mar 16 12:45:01 CET 2018
Ping: 24.063 ms
Download: 122.32 Mbit/s
Upload: 5.53 Mbit/s
Fri Mar 16 13:45:01 CET 2018
Ping: 26.596 ms
Download: 119.88 Mbit/s
Upload: 5.59 Mbit/s
Fri Mar 16 14:45:01 CET 2018
Ping: 25.561 ms
Download: 126.85 Mbit/s
Upload: 5.55 Mbit/s
Fri Mar 16 15:45:01 CET 2018
Ping: 27.923 ms
Download: 105.69 Mbit/s
Upload: 5.56 Mbit/s
Fri Mar 16 16:45:01 CET 2018
Ping: 27.708 ms
Download: 117.28 Mbit/s
Upload: 5.39 Mbit/s
Fri Mar 16 17:45:01 CET 2018
Ping: 29.279 ms
Download: 120.33 Mbit/s
Upload: 5.60 Mbit/s
Fri Mar 16 18:45:01 CET 2018
Ping: 27.102 ms
Download: 124.61 Mbit/s
Upload: 5.43 Mbit/s
Fri Mar 16 19:45:01 CET 2018
Ping: 26.276 ms
Download: 109.26 Mbit/s
Upload: 5.53 Mbit/s
Fri Mar 16 20:45:01 CET 2018
Ping: 25.922 ms
Download: 125.33 Mbit/s
Upload: 5.29 Mbit/s
Fri Mar 16 21:45:01 CET 2018
Ping: 26.424 ms
Download: 125.50 Mbit/s
Upload: 5.54 Mbit/s
Fri Mar 16 22:45:01 CET 2018
Ping: 25.959 ms
Download: 127.47 Mbit/s
Upload: 5.66 Mbit/s
Fri Mar 16 23:45:01 CET 2018
Ping: 26.447 ms
Download: 126.95 Mbit/s
Upload: 5.58 Mbit/s
Sat Mar 17 00:45:01 CET 2018
Ping: 26.336 ms
Download: 125.92 Mbit/s
Upload: 5.56 Mbit/s
Sat Mar 17 01:45:01 CET 2018
Ping: 27.795 ms
Download: 117.17 Mbit/s
Upload: 5.29 Mbit/s
Sat Mar 17 02:45:01 CET 2018
Ping: 29.21 ms
Download: 118.07 Mbit/s
Upload: 5.54 Mbit/s
Sat Mar 17 03:45:01 CET 2018
Ping: 26.394 ms
Download: 115.91 Mbit/s
Upload: 5.29 Mbit/s
Sat Mar 17 04:45:01 CET 2018
Ping: 26.048 ms
Download: 124.94 Mbit/s
Upload: 5.58 Mbit/s
Sat Mar 17 05:45:01 CET 2018
Ping: 26.362 ms
Download: 121.38 Mbit/s
Upload: 5.63 Mbit/s
Sat Mar 17 06:45:01 CET 2018
Ping: 26.77 ms
Download: 126.14 Mbit/s
Upload: 5.53 Mbit/s
Sat Mar 17 07:45:01 CET 2018
Ping: 26.423 ms
Download: 128.14 Mbit/s
Upload: 5.61 Mbit/s
Sat Mar 17 08:45:01 CET 2018
Ping: 25.241 ms
Download: 119.63 Mbit/s
Upload: 5.63 Mbit/s
Sat Mar 17 09:45:01 CET 2018
Ping: 29.381 ms
Download: 116.07 Mbit/s
Upload: 5.62 Mbit/s
Sat Mar 17 10:45:01 CET 2018
Ping: 26.149 ms
Download: 126.99 Mbit/s
Upload: 5.60 Mbit/s
Sat Mar 17 11:45:02 CET 2018
Ping: 27.002 ms
Download: 126.32 Mbit/s
Upload: 5.51 Mbit/s
Sat Mar 17 12:45:01 CET 2018
Ping: 25.378 ms
Download: 126.11 Mbit/s
Upload: 5.60 Mbit/s
Sat Mar 17 13:45:02 CET 2018
Ping: 28.308 ms
Download: 102.49 Mbit/s
Upload: 5.51 Mbit/s
Sat Mar 17 14:45:01 CET 2018
Ping: 26.412 ms
Download: 124.04 Mbit/s
Upload: 5.45 Mbit/s
Sat Mar 17 15:45:01 CET 2018
Ping: 24.85 ms
Download: 120.45 Mbit/s
Upload: 5.24 Mbit/s
Sat Mar 17 16:45:01 CET 2018
Ping: 28.382 ms
Download: 119.99 Mbit/s
Upload: 5.52 Mbit/s
Sat Mar 17 17:45:01 CET 2018
Ping: 26.715 ms
Download: 125.62 Mbit/s
Upload: 5.55 Mbit/s
Sat Mar 17 18:45:01 CET 2018
Ping: 27.01 ms
Download: 118.84 Mbit/s
Upload: 5.47 Mbit/s
Sat Mar 17 19:45:01 CET 2018
Ping: 27.144 ms
Download: 117.13 Mbit/s
Upload: 5.56 Mbit/s
Sat Mar 17 20:45:01 CET 2018
Ping: 25.08 ms
Download: 125.85 Mbit/s
Upload: 5.45 Mbit/s
Sat Mar 17 21:45:02 CET 2018
Ping: 28.596 ms
Download: 120.82 Mbit/s
Upload: 5.61 Mbit/s
Sat Mar 17 22:45:01 CET 2018
Ping: 25.781 ms
Download: 121.19 Mbit/s
Upload: 4.79 Mbit/s
Sat Mar 17 23:45:01 CET 2018
Ping: 28.713 ms
Download: 112.76 Mbit/s
Upload: 5.52 Mbit/s
Sun Mar 18 00:45:01 CET 2018
Ping: 26.041 ms
Download: 120.31 Mbit/s
Upload: 5.31 Mbit/s
Sun Mar 18 01:45:01 CET 2018
Ping: 25.161 ms
Download: 110.23 Mbit/s
Upload: 5.55 Mbit/s
Sun Mar 18 02:45:01 CET 2018
Ping: 27.493 ms
Download: 118.86 Mbit/s
Upload: 5.63 Mbit/s
Sun Mar 18 03:45:01 CET 2018
Ping: 26.989 ms
Download: 125.33 Mbit/s
Upload: 5.61 Mbit/s
Sun Mar 18 04:45:01 CET 2018
Ping: 22.917 ms
Download: 126.13 Mbit/s
Upload: 5.59 Mbit/s
Sun Mar 18 05:45:01 CET 2018
Ping: 25.854 ms
Download: 125.92 Mbit/s
Upload: 5.60 Mbit/s
Sun Mar 18 06:45:01 CET 2018
Ping: 26.295 ms
Download: 114.05 Mbit/s
Upload: 5.52 Mbit/s
Sun Mar 18 07:45:01 CET 2018
Ping: 27.909 ms
Download: 125.21 Mbit/s
Upload: 4.55 Mbit/s
Sun Mar 18 08:45:01 CET 2018
Ping: 27.286 ms
Download: 115.77 Mbit/s
Upload: 5.60 Mbit/s
Sun Mar 18 09:45:01 CET 2018
Ping: 25.758 ms
Download: 119.59 Mbit/s
Upload: 5.55 Mbit/s
Sun Mar 18 10:45:02 CET 2018
Ping: 27.833 ms
Download: 108.85 Mbit/s
Upload: 4.87 Mbit/s
Sun Mar 18 11:45:01 CET 2018
Ping: 27.784 ms
Download: 121.37 Mbit/s
Upload: 5.63 Mbit/s
Sun Mar 18 12:45:01 CET 2018
Ping: 24.813 ms
Download: 105.73 Mbit/s
Upload: 5.20 Mbit/s
Sun Mar 18 13:45:01 CET 2018
Ping: 27.159 ms
Download: 122.71 Mbit/s
Upload: 5.57 Mbit/s
Sun Mar 18 14:45:01 CET 2018
Ping: 24.808 ms
Download: 123.19 Mbit/s
Upload: 5.63 Mbit/s
Sun Mar 18 15:45:01 CET 2018
Ping: 26.239 ms
Download: 120.21 Mbit/s
Upload: 4.05 Mbit/s
Sun Mar 18 16:45:01 CET 2018
Ping: 25.394 ms
Download: 123.33 Mbit/s
Upload: 5.30 Mbit/s
Sun Mar 18 17:45:01 CET 2018
Ping: 26.437 ms
Download: 127.50 Mbit/s
Upload: 5.50 Mbit/s
Sun Mar 18 18:45:01 CET 2018
Ping: 27.197 ms
Download: 115.15 Mbit/s
Upload: 5.38 Mbit/s
Sun Mar 18 19:45:01 CET 2018
Ping: 28.667 ms
Download: 127.14 Mbit/s
Upload: 5.56 Mbit/s
Sun Mar 18 20:45:01 CET 2018
Ping: 27.476 ms
Download: 127.12 Mbit/s
Upload: 5.62 Mbit/s
Sun Mar 18 21:45:01 CET 2018
Ping: 27.416 ms
Download: 122.29 Mbit/s
Upload: 5.30 Mbit/s
Sun Mar 18 22:45:01 CET 2018
Ping: 29.665 ms
Download: 112.99 Mbit/s
Upload: 5.60 Mbit/s
Sun Mar 18 23:45:01 CET 2018
Ping: 28.002 ms
Download: 125.18 Mbit/s
Upload: 5.60 Mbit/s
Mon Mar 19 00:45:01 CET 2018
Ping: 28.931 ms
Download: 110.36 Mbit/s
Upload: 5.58 Mbit/s
Mon Mar 19 01:45:01 CET 2018
Ping: 28.097 ms
Download: 91.67 Mbit/s
Upload: 5.51 Mbit/s
Mon Mar 19 02:45:02 CET 2018
Ping: 26.739 ms
Download: 127.41 Mbit/s
Upload: 5.54 Mbit/s
Mon Mar 19 03:45:01 CET 2018
Ping: 23.186 ms
Download: 114.08 Mbit/s
Upload: 5.58 Mbit/s
Mon Mar 19 04:45:01 CET 2018
Ping: 27.593 ms
Download: 121.06 Mbit/s
Upload: 5.59 Mbit/s
Mon Mar 19 05:45:01 CET 2018
Ping: 25.984 ms
Download: 117.21 Mbit/s
Upload: 5.59 Mbit/s
Mon Mar 19 06:45:01 CET 2018
Ping: 23.77 ms
Download: 120.43 Mbit/s
Upload: 5.47 Mbit/s
Mon Mar 19 07:45:01 CET 2018
Ping: 28.508 ms
Download: 126.76 Mbit/s
Upload: 5.57 Mbit/s
Mon Mar 19 08:45:02 CET 2018
Ping: 24.969 ms
Download: 99.61 Mbit/s
Upload: 5.60 Mbit/s
Mon Mar 19 09:45:01 CET 2018
Ping: 29.869 ms
Download: 109.02 Mbit/s
Upload: 5.61 Mbit/s
Mon Mar 19 10:45:01 CET 2018
Ping: 27.399 ms
Download: 124.35 Mbit/s
Upload: 5.58 Mbit/s
Mon Mar 19 11:45:01 CET 2018
Ping: 24.547 ms
Download: 127.32 Mbit/s
Upload: 5.55 Mbit/s
Mon Mar 19 12:45:01 CET 2018
Ping: 26.763 ms
Download: 127.53 Mbit/s
Upload: 5.62 Mbit/s
Mon Mar 19 13:45:01 CET 2018
Ping: 26.876 ms
Download: 121.59 Mbit/s
Upload: 5.68 Mbit/s
Mon Mar 19 14:45:01 CET 2018
Ping: 26.394 ms
Download: 123.97 Mbit/s
Upload: 5.56 Mbit/s
Mon Mar 19 15:45:01 CET 2018
Ping: 25.72 ms
Download: 127.35 Mbit/s
Upload: 5.66 Mbit/s
Mon Mar 19 16:45:01 CET 2018
Ping: 28.994 ms
Download: 107.55 Mbit/s
Upload: 5.63 Mbit/s
Mon Mar 19 17:45:01 CET 2018
Ping: 26.68 ms
Download: 127.39 Mbit/s
Upload: 5.60 Mbit/s
Mon Mar 19 18:45:01 CET 2018
Ping: 25.618 ms
Download: 118.75 Mbit/s
Upload: 5.57 Mbit/s
Mon Mar 19 19:45:01 CET 2018
Ping: 27.759 ms
Download: 111.70 Mbit/s
Upload: 2.89 Mbit/s
Mon Mar 19 20:45:01 CET 2018
Ping: 27.251 ms
Download: 127.29 Mbit/s
Upload: 5.48 Mbit/s
Mon Mar 19 21:45:01 CET 2018
Ping: 27.201 ms
Download: 124.50 Mbit/s
Upload: 5.40 Mbit/s
Mon Mar 19 22:45:01 CET 2018
Ping: 26.363 ms
Download: 126.70 Mbit/s
Upload: 5.54 Mbit/s
Mon Mar 19 23:45:01 CET 2018
Ping: 28.575 ms
Download: 98.62 Mbit/s
Upload: 5.56 Mbit/s
Tue Mar 20 00:45:01 CET 2018
Ping: 23.98 ms
Download: 126.96 Mbit/s
Upload: 5.60 Mbit/s
Tue Mar 20 01:45:01 CET 2018
Ping: 25.851 ms
Download: 125.96 Mbit/s
Upload: 5.64 Mbit/s
Tue Mar 20 02:45:01 CET 2018
Ping: 29.811 ms
Download: 100.43 Mbit/s
Upload: 5.51 Mbit/s
Tue Mar 20 03:45:01 CET 2018
Ping: 27.702 ms
Download: 113.80 Mbit/s
Upload: 4.82 Mbit/s
Tue Mar 20 04:45:01 CET 2018
Ping: 28.21 ms
Download: 115.47 Mbit/s
Upload: 5.63 Mbit/s
Tue Mar 20 05:45:01 CET 2018
Ping: 25.973 ms
Download: 122.50 Mbit/s
Upload: 5.52 Mbit/s
Tue Mar 20 06:45:01 CET 2018
Ping: 25.922 ms
Download: 122.13 Mbit/s
Upload: 5.49 Mbit/s
Tue Mar 20 07:45:01 CET 2018
Ping: 30.968 ms
Download: 117.76 Mbit/s
Upload: 5.53 Mbit/s
Tue Mar 20 08:45:01 CET 2018
Ping: 29.14 ms
Download: 122.65 Mbit/s
Upload: 5.52 Mbit/s
Tue Mar 20 09:45:01 CET 2018
Ping: 26.033 ms
Download: 126.93 Mbit/s
Upload: 5.46 Mbit/s
Tue Mar 20 10:45:02 CET 2018
Ping: 29.067 ms
Download: 116.09 Mbit/s
Upload: 4.24 Mbit/s
Tue Mar 20 11:45:01 CET 2018
Ping: 33.139 ms
Download: 116.39 Mbit/s
Upload: 5.53 Mbit/s
Tue Mar 20 12:45:01 CET 2018
Ping: 27.536 ms
Download: 81.25 Mbit/s
Upload: 5.26 Mbit/s
Tue Mar 20 13:45:01 CET 2018
Ping: 28.11 ms
Download: 100.69 Mbit/s
Upload: 5.52 Mbit/s
Tue Mar 20 14:45:01 CET 2018
Ping: 25.214 ms
Download: 126.59 Mbit/s
Upload: 5.41 Mbit/s
Tue Mar 20 15:45:01 CET 2018
Ping: 26.397 ms
Download: 126.62 Mbit/s
Upload: 5.54 Mbit/s
Tue Mar 20 16:45:01 CET 2018
Ping: 25.371 ms
Download: 127.70 Mbit/s
Upload: 5.41 Mbit/s
Tue Mar 20 17:45:01 CET 2018
Ping: 26.723 ms
Download: 122.93 Mbit/s
Upload: 5.55 Mbit/s
Tue Mar 20 18:45:01 CET 2018
Ping: 28.684 ms
Download: 126.07 Mbit/s
Upload: 5.60 Mbit/s
Tue Mar 20 19:45:01 CET 2018
Ping: 26.257 ms
Download: 125.52 Mbit/s
Upload: 4.91 Mbit/s
Tue Mar 20 20:45:01 CET 2018
Ping: 26.398 ms
Download: 125.61 Mbit/s
Upload: 5.61 Mbit/s
Tue Mar 20 21:45:01 CET 2018
Ping: 28.266 ms
Download: 103.90 Mbit/s
Upload: 5.45 Mbit/s
Tue Mar 20 22:45:02 CET 2018
Ping: 28.449 ms
Download: 121.06 Mbit/s
Upload: 5.66 Mbit/s
Tue Mar 20 23:45:01 CET 2018
Ping: 27.792 ms
Download: 125.02 Mbit/s
Upload: 5.60 Mbit/s
Wed Mar 21 00:45:01 CET 2018
Ping: 26.394 ms
Download: 125.71 Mbit/s
Upload: 5.63 Mbit/s
Wed Mar 21 01:45:01 CET 2018
Ping: 27.02 ms
Download: 125.74 Mbit/s
Upload: 5.61 Mbit/s
Wed Mar 21 02:45:02 CET 2018
Ping: 25.466 ms
Download: 126.87 Mbit/s
Upload: 5.58 Mbit/s
Wed Mar 21 03:45:01 CET 2018
Ping: 23.047 ms
Download: 125.18 Mbit/s
Upload: 5.33 Mbit/s
Wed Mar 21 04:45:01 CET 2018
Ping: 27.095 ms
Download: 121.18 Mbit/s
Upload: 5.67 Mbit/s
Wed Mar 21 05:45:01 CET 2018
Ping: 26.623 ms
Download: 113.05 Mbit/s
Upload: 5.67 Mbit/s
Wed Mar 21 06:45:02 CET 2018
Ping: 28.663 ms
Download: 126.04 Mbit/s
Upload: 5.62 Mbit/s
Wed Mar 21 07:45:01 CET 2018
Ping: 28.565 ms
Download: 93.92 Mbit/s
Upload: 5.58 Mbit/s
Wed Mar 21 08:45:01 CET 2018
Ping: 25.564 ms
Download: 118.74 Mbit/s
Upload: 5.56 Mbit/s
Wed Mar 21 09:45:01 CET 2018
Ping: 28.392 ms
Download: 113.22 Mbit/s
Upload: 5.30 Mbit/s
Wed Mar 21 10:45:01 CET 2018
Ping: 25.074 ms
Download: 121.87 Mbit/s
Upload: 5.56 Mbit/s
Wed Mar 21 11:45:01 CET 2018
Ping: 26.698 ms
Download: 111.43 Mbit/s
Upload: 5.61 Mbit/s
Wed Mar 21 12:45:01 CET 2018
Ping: 25.694 ms
Download: 126.16 Mbit/s
Upload: 5.54 Mbit/s
Wed Mar 21 13:45:01 CET 2018
Ping: 28.465 ms
Download: 126.36 Mbit/s
Upload: 5.30 Mbit/s
Wed Mar 21 14:45:01 CET 2018
Ping: 26.429 ms
Download: 127.61 Mbit/s
Upload: 5.53 Mbit/s
Wed Mar 21 15:45:01 CET 2018
Ping: 29.233 ms
Download: 105.77 Mbit/s
Upload: 5.63 Mbit/s
Wed Mar 21 16:45:01 CET 2018
Ping: 25.7 ms
Download: 112.85 Mbit/s
Upload: 5.66 Mbit/s
Wed Mar 21 17:45:01 CET 2018
Ping: 27.04 ms
Download: 119.41 Mbit/s
Upload: 5.15 Mbit/s
Wed Mar 21 18:45:02 CET 2018
Ping: 25.795 ms
Download: 125.20 Mbit/s
Upload: 5.60 Mbit/s
Wed Mar 21 19:45:01 CET 2018
Ping: 27.755 ms
Download: 126.55 Mbit/s
Upload: 5.57 Mbit/s
Wed Mar 21 20:45:01 CET 2018
Ping: 29.066 ms
Download: 121.55 Mbit/s
Upload: 5.52 Mbit/s
Wed Mar 21 21:45:01 CET 2018
Ping: 29.428 ms
Download: 100.56 Mbit/s
Upload: 5.58 Mbit/s
Wed Mar 21 22:45:01 CET 2018
Ping: 29.937 ms
Download: 104.59 Mbit/s
Upload: 5.58 Mbit/s
Wed Mar 21 23:45:01 CET 2018
Ping: 29.215 ms
Download: 122.07 Mbit/s
Upload: 5.57 Mbit/s
Thu Mar 22 00:45:01 CET 2018
Ping: 26.229 ms
Download: 126.54 Mbit/s
Upload: 5.60 Mbit/s
Thu Mar 22 01:45:01 CET 2018
Ping: 28.589 ms
Download: 119.01 Mbit/s
Upload: 5.69 Mbit/s
Thu Mar 22 02:45:01 CET 2018
Ping: 25.15 ms
Download: 127.08 Mbit/s
Upload: 5.58 Mbit/s
Thu Mar 22 03:45:01 CET 2018
Ping: 25.955 ms
Download: 126.91 Mbit/s
Upload: 5.45 Mbit/s
Thu Mar 22 04:45:01 CET 2018
Ping: 27.208 ms
Download: 121.73 Mbit/s
Upload: 5.53 Mbit/s
Thu Mar 22 05:45:02 CET 2018
Ping: 29.658 ms
Download: 122.61 Mbit/s
Upload: 5.70 Mbit/s
Thu Mar 22 06:45:01 CET 2018
Ping: 25.959 ms
Download: 110.82 Mbit/s
Upload: 5.63 Mbit/s
Thu Mar 22 07:45:01 CET 2018
Ping: 26.279 ms
Download: 123.26 Mbit/s
Upload: 5.64 Mbit/s
Thu Mar 22 08:45:01 CET 2018
Ping: 27.745 ms
Download: 126.62 Mbit/s
Upload: 5.50 Mbit/s
Thu Mar 22 09:45:01 CET 2018
Ping: 26.556 ms
Download: 121.02 Mbit/s
Upload: 5.63 Mbit/s
Thu Mar 22 10:45:01 CET 2018
Ping: 29.142 ms
Download: 100.22 Mbit/s
Upload: 5.56 Mbit/s
Thu Mar 22 11:45:01 CET 2018
Ping: 24.7 ms
Download: 124.26 Mbit/s
Upload: 5.60 Mbit/s
Thu Mar 22 12:45:01 CET 2018
Ping: 26.674 ms
Download: 125.36 Mbit/s
Upload: 5.38 Mbit/s
Thu Mar 22 13:45:01 CET 2018
Ping: 26.292 ms
Download: 100.86 Mbit/s
Upload: 5.63 Mbit/s
Thu Mar 22 14:45:01 CET 2018
Ping: 28.709 ms
Download: 116.04 Mbit/s
Upload: 5.59 Mbit/s
Thu Mar 22 15:45:01 CET 2018
Ping: 30.467 ms
Download: 104.63 Mbit/s
Upload: 5.60 Mbit/s
Thu Mar 22 16:45:01 CET 2018
Ping: 27.627 ms
Download: 115.51 Mbit/s
Upload: 5.64 Mbit/s
Thu Mar 22 17:45:01 CET 2018
Ping: 28.624 ms
Download: 124.82 Mbit/s
Upload: 5.46 Mbit/s
Thu Mar 22 18:45:01 CET 2018
Ping: 26.398 ms
Download: 126.61 Mbit/s
Upload: 5.65 Mbit/s
Thu Mar 22 19:45:01 CET 2018
Ping: 29.025 ms
Download: 124.44 Mbit/s
Upload: 5.62 Mbit/s
Thu Mar 22 20:45:01 CET 2018
Ping: 26.412 ms
Download: 123.93 Mbit/s
Upload: 5.50 Mbit/s
Thu Mar 22 21:45:01 CET 2018
Ping: 27.82 ms
Download: 122.17 Mbit/s
Upload: 5.50 Mbit/s
Thu Mar 22 22:45:01 CET 2018
Ping: 25.556 ms
Download: 125.48 Mbit/s
Upload: 5.59 Mbit/s
Thu Mar 22 23:45:01 CET 2018
Ping: 25.292 ms
Download: 127.21 Mbit/s
Upload: 5.62 Mbit/s
Fri Mar 23 00:45:01 CET 2018
Ping: 28.083 ms
Download: 124.95 Mbit/s
Upload: 5.60 Mbit/s
Fri Mar 23 01:45:01 CET 2018
Ping: 24.119 ms
Download: 127.56 Mbit/s
Upload: 5.64 Mbit/s
Fri Mar 23 02:45:01 CET 2018
Ping: 27.036 ms
Download: 126.94 Mbit/s
Upload: 5.64 Mbit/s
Fri Mar 23 03:45:02 CET 2018
Ping: 29.538 ms
Download: 105.44 Mbit/s
Upload: 5.63 Mbit/s
Fri Mar 23 04:45:01 CET 2018
Ping: 27.321 ms
Download: 122.72 Mbit/s
Upload: 5.53 Mbit/s
Fri Mar 23 05:45:01 CET 2018
Ping: 27.406 ms
Download: 127.55 Mbit/s
Upload: 5.59 Mbit/s
Fri Mar 23 06:45:01 CET 2018
Ping: 25.5 ms
Download: 127.79 Mbit/s
Upload: 5.62 Mbit/s
Fri Mar 23 07:45:02 CET 2018
Ping: 26.573 ms
Download: 127.27 Mbit/s
Upload: 5.61 Mbit/s
Fri Mar 23 08:45:01 CET 2018
Ping: 25.729 ms
Download: 127.41 Mbit/s
Upload: 5.55 Mbit/s
Fri Mar 23 09:45:01 CET 2018
Ping: 27.778 ms
Download: 119.68 Mbit/s
Upload: 5.64 Mbit/s
Fri Mar 23 10:45:01 CET 2018
Ping: 27.446 ms
Download: 116.68 Mbit/s
Upload: 5.62 Mbit/s
Fri Mar 23 11:45:01 CET 2018
Ping: 26.594 ms
Download: 127.81 Mbit/s
Upload: 5.59 Mbit/s
Fri Mar 23 12:45:01 CET 2018
Ping: 27.904 ms
Download: 115.13 Mbit/s
Upload: 5.63 Mbit/s
Fri Mar 23 13:45:01 CET 2018
Ping: 26.405 ms
Download: 117.17 Mbit/s
Upload: 5.62 Mbit/s
Fri Mar 23 14:45:01 CET 2018
Ping: 27.693 ms
Download: 120.19 Mbit/s
Upload: 5.62 Mbit/s
Fri Mar 23 15:45:01 CET 2018
Ping: 26.418 ms
Download: 119.84 Mbit/s
Upload: 5.58 Mbit/s
Fri Mar 23 16:45:01 CET 2018
Ping: 25.222 ms
Download: 125.66 Mbit/s
Upload: 5.61 Mbit/s
Fri Mar 23 17:45:01 CET 2018
Ping: 34.639 ms
Download: 117.54 Mbit/s
Upload: 5.55 Mbit/s
Fri Mar 23 18:45:02 CET 2018
Ping: 26.368 ms
Download: 125.69 Mbit/s
Upload: 5.55 Mbit/s
Fri Mar 23 19:45:01 CET 2018
Ping: 33.128 ms
Download: 109.87 Mbit/s
Upload: 5.42 Mbit/s
Fri Mar 23 20:45:01 CET 2018
Ping: 28.29 ms
Download: 126.50 Mbit/s
Upload: 5.61 Mbit/s
Fri Mar 23 21:45:01 CET 2018
Ping: 26.357 ms
Download: 105.51 Mbit/s
Upload: 5.63 Mbit/s
Fri Mar 23 22:45:01 CET 2018
Ping: 29.874 ms
Download: 124.66 Mbit/s
Upload: 5.10 Mbit/s
Fri Mar 23 23:45:01 CET 2018
Ping: 25.652 ms
Download: 127.06 Mbit/s
Upload: 5.59 Mbit/s
Sat Mar 24 00:45:01 CET 2018
Ping: 25.223 ms
Download: 126.94 Mbit/s
Upload: 5.61 Mbit/s
Sat Mar 24 01:45:01 CET 2018
Ping: 28.632 ms
Download: 120.86 Mbit/s
Upload: 5.56 Mbit/s
Sat Mar 24 02:45:01 CET 2018
Ping: 26.257 ms
Download: 126.99 Mbit/s
Upload: 5.67 Mbit/s
Sat Mar 24 03:45:01 CET 2018
Ping: 25.49 ms
Download: 127.44 Mbit/s
Upload: 5.48 Mbit/s
Sat Mar 24 04:45:01 CET 2018
Ping: 29.304 ms
Download: 114.25 Mbit/s
Upload: 5.67 Mbit/s
Sat Mar 24 05:45:01 CET 2018
Ping: 26.617 ms
Download: 113.16 Mbit/s
Upload: 5.67 Mbit/s
Sat Mar 24 06:45:01 CET 2018
Ping: 27.08 ms
Download: 112.77 Mbit/s
Upload: 5.59 Mbit/s
Sat Mar 24 07:45:01 CET 2018
Ping: 27.922 ms
Download: 114.44 Mbit/s
Upload: 5.63 Mbit/s
Sat Mar 24 08:45:02 CET 2018
Ping: 25.997 ms
Download: 126.71 Mbit/s
Upload: 5.56 Mbit/s
Sat Mar 24 09:45:01 CET 2018
Ping: 25.661 ms
Download: 127.64 Mbit/s
Upload: 5.64 Mbit/s
Sat Mar 24 10:45:01 CET 2018
Ping: 25.988 ms
Download: 127.42 Mbit/s
Upload: 5.45 Mbit/s
Sat Mar 24 11:45:01 CET 2018
Ping: 27.646 ms
Download: 127.38 Mbit/s
Upload: 5.61 Mbit/s
Sat Mar 24 12:45:01 CET 2018
Ping: 28.95 ms
Download: 124.04 Mbit/s
Upload: 5.58 Mbit/s
Sat Mar 24 13:45:01 CET 2018
Ping: 30.211 ms
Download: 100.85 Mbit/s
Upload: 4.72 Mbit/s
Sat Mar 24 14:45:01 CET 2018
Ping: 25.071 ms
Download: 126.22 Mbit/s
Upload: 5.59 Mbit/s
Sat Mar 24 15:45:01 CET 2018
Ping: 29.18 ms
Download: 103.25 Mbit/s
Upload: 5.54 Mbit/s
Sat Mar 24 16:45:01 CET 2018
Ping: 29.784 ms
Download: 111.98 Mbit/s
Upload: 5.44 Mbit/s
Sat Mar 24 17:45:01 CET 2018
Ping: 27.27 ms
Download: 122.02 Mbit/s
Upload: 5.50 Mbit/s
Sat Mar 24 18:45:01 CET 2018
Ping: 28.008 ms
Download: 126.12 Mbit/s
Upload: 5.56 Mbit/s
Sat Mar 24 19:45:01 CET 2018
Ping: 28.544 ms
Download: 127.35 Mbit/s
Upload: 5.58 Mbit/s
Sat Mar 24 20:45:02 CET 2018
Ping: 29.943 ms
Download: 126.76 Mbit/s
Upload: 5.66 Mbit/s
Sat Mar 24 21:45:01 CET 2018
Ping: 26.888 ms
Download: 126.84 Mbit/s
Upload: 5.63 Mbit/s
Sat Mar 24 22:45:01 CET 2018
Ping: 26.433 ms
Download: 127.13 Mbit/s
Upload: 5.60 Mbit/s
Sat Mar 24 23:45:01 CET 2018
Ping: 25.751 ms
Download: 123.57 Mbit/s
Upload: 5.62 Mbit/s
Sun Mar 25 00:45:01 CET 2018
Ping: 28.471 ms
Download: 125.91 Mbit/s
Upload: 5.56 Mbit/s
Sun Mar 25 01:45:01 CET 2018
Ping: 29.637 ms
Download: 119.37 Mbit/s
Upload: 5.55 Mbit/s
Sun Mar 25 03:45:01 CEST 2018
Ping: 25.864 ms
Download: 127.48 Mbit/s
Upload: 5.66 Mbit/s
Sun Mar 25 04:45:02 CEST 2018
Ping: 27.015 ms
Download: 125.71 Mbit/s
Upload: 5.59 Mbit/s
Sun Mar 25 05:45:01 CEST 2018
Ping: 28.547 ms
Download: 119.57 Mbit/s
Upload: 5.67 Mbit/s
Sun Mar 25 06:45:01 CEST 2018
Ping: 23.279 ms
Download: 127.06 Mbit/s
Upload: 5.57 Mbit/s
Sun Mar 25 07:45:01 CEST 2018
Ping: 26.487 ms
Download: 121.81 Mbit/s
Upload: 5.62 Mbit/s
Sun Mar 25 08:45:01 CEST 2018
Ping: 26.41 ms
Download: 112.15 Mbit/s
Upload: 5.62 Mbit/s
Sun Mar 25 09:45:01 CEST 2018
Ping: 27.462 ms
Download: 115.72 Mbit/s
Upload: 4.46 Mbit/s
Sun Mar 25 10:45:01 CEST 2018
Ping: 26.132 ms
Download: 122.18 Mbit/s
Upload: 5.50 Mbit/s
Sun Mar 25 11:45:01 CEST 2018
Ping: 25.05 ms
Download: 126.97 Mbit/s
Upload: 5.63 Mbit/s
Sun Mar 25 12:45:01 CEST 2018
Ping: 26.406 ms
Download: 126.49 Mbit/s
Upload: 4.83 Mbit/s
Sun Mar 25 13:45:01 CEST 2018
Ping: 25.477 ms
Download: 116.95 Mbit/s
Upload: 5.64 Mbit/s
Sun Mar 25 14:45:01 CEST 2018
Ping: 27.423 ms
Download: 124.45 Mbit/s
Upload: 5.64 Mbit/s
Sun Mar 25 15:45:01 CEST 2018
Ping: 26.403 ms
Download: 127.34 Mbit/s
Upload: 5.62 Mbit/s
Sun Mar 25 16:45:01 CEST 2018
Ping: 27.328 ms
Download: 114.44 Mbit/s
Upload: 5.64 Mbit/s
Sun Mar 25 17:45:01 CEST 2018
Ping: 27.895 ms
Download: 127.53 Mbit/s
Upload: 5.64 Mbit/s
Sun Mar 25 18:45:01 CEST 2018
Ping: 23.814 ms
Download: 114.64 Mbit/s
Upload: 5.61 Mbit/s
Sun Mar 25 19:45:01 CEST 2018
Ping: 27.306 ms
Download: 124.24 Mbit/s
Upload: 5.65 Mbit/s
Sun Mar 25 20:45:01 CEST 2018
Ping: 27.617 ms
Download: 115.89 Mbit/s
Upload: 4.86 Mbit/s
Sun Mar 25 21:45:01 CEST 2018
Ping: 27.311 ms
Download: 121.96 Mbit/s
Upload: 5.59 Mbit/s
Sun Mar 25 22:45:01 CEST 2018
Ping: 29.111 ms
Download: 105.38 Mbit/s
Upload: 5.40 Mbit/s
Sun Mar 25 23:45:01 CEST 2018
Ping: 26.406 ms
Download: 126.76 Mbit/s
Upload: 5.63 Mbit/s
Mon Mar 26 00:45:01 CEST 2018
Ping: 27.838 ms
Download: 114.82 Mbit/s
Upload: 5.63 Mbit/s
Mon Mar 26 01:45:01 CEST 2018
Ping: 26.876 ms
Download: 127.64 Mbit/s
Upload: 5.61 Mbit/s
Mon Mar 26 02:45:01 CEST 2018
Ping: 26.638 ms
Download: 125.98 Mbit/s
Upload: 5.64 Mbit/s
Mon Mar 26 03:45:02 CEST 2018
Ping: 26.398 ms
Download: 110.13 Mbit/s
Upload: 5.63 Mbit/s
Mon Mar 26 04:45:01 CEST 2018
Ping: 26.842 ms
Download: 119.87 Mbit/s
Upload: 5.62 Mbit/s
Mon Mar 26 05:45:02 CEST 2018
Ping: 29.082 ms
Download: 127.29 Mbit/s
Upload: 5.62 Mbit/s
Mon Mar 26 06:45:01 CEST 2018
Ping: 29.054 ms
Download: 113.68 Mbit/s
Upload: 5.55 Mbit/s
Mon Mar 26 07:45:01 CEST 2018
Ping: 30.171 ms
Download: 108.57 Mbit/s
Upload: 5.63 Mbit/s
Mon Mar 26 08:45:01 CEST 2018
Ping: 26.135 ms
Download: 121.72 Mbit/s
Upload: 5.68 Mbit/s
Mon Mar 26 09:45:01 CEST 2018
Ping: 25.901 ms
Download: 127.54 Mbit/s
Upload: 5.61 Mbit/s
Mon Mar 26 10:45:01 CEST 2018
Ping: 28.483 ms
Download: 125.67 Mbit/s
Upload: 5.63 Mbit/s
Mon Mar 26 11:45:01 CEST 2018
Ping: 24.863 ms
Download: 115.63 Mbit/s
Upload: 5.60 Mbit/s
Mon Mar 26 12:45:02 CEST 2018
Ping: 28.367 ms
Download: 117.64 Mbit/s
Upload: 5.54 Mbit/s
Mon Mar 26 13:45:01 CEST 2018
Ping: 28.954 ms
Download: 107.45 Mbit/s
Upload: 5.13 Mbit/s
Mon Mar 26 14:45:01 CEST 2018
Ping: 26.616 ms
Download: 126.12 Mbit/s
Upload: 5.55 Mbit/s
Mon Mar 26 15:45:01 CEST 2018
Ping: 27.247 ms
Download: 123.23 Mbit/s
Upload: 5.59 Mbit/s
Mon Mar 26 16:45:01 CEST 2018
Ping: 28.084 ms
Download: 113.28 Mbit/s
Upload: 5.46 Mbit/s
Mon Mar 26 17:45:01 CEST 2018
Ping: 27.256 ms
Download: 121.72 Mbit/s
Upload: 5.42 Mbit/s
Mon Mar 26 18:45:01 CEST 2018
Ping: 27.958 ms
Download: 122.20 Mbit/s
Upload: 5.56 Mbit/s
Mon Mar 26 19:45:01 CEST 2018
Ping: 26.833 ms
Download: 125.35 Mbit/s
Upload: 5.58 Mbit/s
Mon Mar 26 20:45:01 CEST 2018
Ping: 27.032 ms
Download: 111.13 Mbit/s
Upload: 4.96 Mbit/s
Mon Mar 26 21:45:01 CEST 2018
Ping: 27.494 ms
Download: 121.65 Mbit/s
Upload: 5.59 Mbit/s
Mon Mar 26 22:45:01 CEST 2018
Ping: 28.068 ms
Download: 125.10 Mbit/s
Upload: 5.34 Mbit/s
Mon Mar 26 23:45:01 CEST 2018
Ping: 27.592 ms
Download: 106.10 Mbit/s
Upload: 5.65 Mbit/s
Tue Mar 27 00:45:01 CEST 2018
Ping: 26.399 ms
Download: 126.08 Mbit/s
Upload: 5.62 Mbit/s
Tue Mar 27 01:45:01 CEST 2018
Ping: 27.646 ms
Download: 119.81 Mbit/s
Upload: 5.63 Mbit/s
Tue Mar 27 02:45:01 CEST 2018
Ping: 27.863 ms
Download: 125.18 Mbit/s
Upload: 5.60 Mbit/s
Tue Mar 27 03:45:01 CEST 2018
Ping: 30.023 ms
Download: 115.91 Mbit/s
Upload: 5.62 Mbit/s
Tue Mar 27 04:45:01 CEST 2018
Ping: 25.668 ms
Download: 116.79 Mbit/s
Upload: 5.11 Mbit/s
Tue Mar 27 05:45:01 CEST 2018
Ping: 24.493 ms
Download: 127.63 Mbit/s
Upload: 5.60 Mbit/s
Tue Mar 27 06:45:01 CEST 2018
Ping: 26.83 ms
Download: 117.55 Mbit/s
Upload: 5.59 Mbit/s
Tue Mar 27 07:45:01 CEST 2018
Ping: 27.098 ms
Download: 127.75 Mbit/s
Upload: 5.53 Mbit/s
Tue Mar 27 08:45:01 CEST 2018
Ping: 29.045 ms
Download: 124.11 Mbit/s
Upload: 5.59 Mbit/s
Tue Mar 27 09:45:01 CEST 2018
Ping: 30.471 ms
Download: 108.59 Mbit/s
Upload: 5.56 Mbit/s
Tue Mar 27 10:45:01 CEST 2018
Ping: 27.755 ms
Download: 119.49 Mbit/s
Upload: 5.61 Mbit/s
Tue Mar 27 11:45:01 CEST 2018
Ping: 24.722 ms
Download: 127.12 Mbit/s
Upload: 5.61 Mbit/s
Tue Mar 27 12:45:01 CEST 2018
Ping: 26.2 ms
Download: 125.71 Mbit/s
Upload: 5.54 Mbit/s
Tue Mar 27 13:45:01 CEST 2018
Ping: 25.168 ms
Download: 125.38 Mbit/s
Upload: 4.88 Mbit/s
Tue Mar 27 14:45:01 CEST 2018
Ping: 27.607 ms
Download: 126.07 Mbit/s
Upload: 5.40 Mbit/s
Tue Mar 27 15:45:01 CEST 2018
Ping: 27.22 ms
Download: 118.27 Mbit/s
Upload: 5.61 Mbit/s
Tue Mar 27 16:45:01 CEST 2018
Ping: 27.195 ms
Download: 125.88 Mbit/s
Upload: 5.58 Mbit/s
Tue Mar 27 17:45:01 CEST 2018
Ping: 31.608 ms
Download: 124.22 Mbit/s
Upload: 5.64 Mbit/s
Tue Mar 27 18:45:01 CEST 2018
Ping: 25.56 ms
Download: 122.60 Mbit/s
Upload: 5.45 Mbit/s
Tue Mar 27 19:45:01 CEST 2018
Ping: 25.248 ms
Download: 127.24 Mbit/s
Upload: 5.60 Mbit/s
Tue Mar 27 20:45:01 CEST 2018
Ping: 27.955 ms
Download: 104.59 Mbit/s
Upload: 5.35 Mbit/s
Tue Mar 27 21:45:01 CEST 2018
Ping: 27.434 ms
Download: 113.86 Mbit/s
Upload: 5.31 Mbit/s
Tue Mar 27 22:45:01 CEST 2018
Ping: 28.946 ms
Download: 122.72 Mbit/s
Upload: 5.62 Mbit/s
Tue Mar 27 23:45:01 CEST 2018
Ping: 28.164 ms
Download: 126.73 Mbit/s
Upload: 5.50 Mbit/s
Wed Mar 28 00:45:01 CEST 2018
Ping: 23.758 ms
Download: 127.21 Mbit/s
Upload: 5.41 Mbit/s
Wed Mar 28 01:45:01 CEST 2018
Ping: 29.172 ms
Download: 91.25 Mbit/s
Upload: 5.58 Mbit/s
Wed Mar 28 02:45:01 CEST 2018
Ping: 25.088 ms
Download: 125.91 Mbit/s
Upload: 5.66 Mbit/s
Wed Mar 28 03:45:01 CEST 2018
Ping: 25.556 ms
Download: 127.05 Mbit/s
Upload: 5.65 Mbit/s
Wed Mar 28 04:45:01 CEST 2018
Ping: 25.551 ms
Download: 126.16 Mbit/s
Upload: 5.56 Mbit/s
Wed Mar 28 05:45:01 CEST 2018
Ping: 25.842 ms
Download: 121.25 Mbit/s
Upload: 4.97 Mbit/s
Wed Mar 28 06:45:01 CEST 2018
Ping: 26.477 ms
Download: 127.95 Mbit/s
Upload: 5.61 Mbit/s
Wed Mar 28 07:45:01 CEST 2018
Ping: 27.834 ms
Download: 126.95 Mbit/s
Upload: 5.56 Mbit/s
Wed Mar 28 08:45:01 CEST 2018
Ping: 25.782 ms
Download: 127.28 Mbit/s
Upload: 5.61 Mbit/s
Wed Mar 28 09:45:01 CEST 2018
Ping: 26.15 ms
Download: 126.47 Mbit/s
Upload: 5.60 Mbit/s
Wed Mar 28 10:45:01 CEST 2018
Ping: 30.309 ms
Download: 115.85 Mbit/s
Upload: 5.52 Mbit/s
Wed Mar 28 11:45:01 CEST 2018
Ping: 27.263 ms
Download: 126.39 Mbit/s
Upload: 5.54 Mbit/s
Wed Mar 28 12:45:01 CEST 2018
Ping: 27.284 ms
Download: 127.63 Mbit/s
Upload: 5.61 Mbit/s
Wed Mar 28 13:45:01 CEST 2018
Ping: 25.699 ms
Download: 127.81 Mbit/s
Upload: 5.65 Mbit/s
Wed Mar 28 14:45:01 CEST 2018
Ping: 27.725 ms
Download: 127.72 Mbit/s
Upload: 5.60 Mbit/s
Wed Mar 28 15:45:01 CEST 2018
Ping: 27.817 ms
Download: 105.37 Mbit/s
Upload: 5.59 Mbit/s
Wed Mar 28 16:45:01 CEST 2018
Ping: 28.577 ms
Download: 123.74 Mbit/s
Upload: 5.66 Mbit/s
Wed Mar 28 17:45:01 CEST 2018
Ping: 26.597 ms
Download: 125.10 Mbit/s
Upload: 5.42 Mbit/s
Wed Mar 28 18:45:02 CEST 2018
Ping: 27.963 ms
Download: 112.61 Mbit/s
Upload: 5.39 Mbit/s
Wed Mar 28 19:45:01 CEST 2018
Ping: 28.656 ms
Download: 126.05 Mbit/s
Upload: 5.28 Mbit/s
Wed Mar 28 20:45:01 CEST 2018
Ping: 27.641 ms
Download: 121.94 Mbit/s
Upload: 5.61 Mbit/s
Wed Mar 28 21:45:01 CEST 2018
Ping: 27.381 ms
Download: 128.01 Mbit/s
Upload: 5.52 Mbit/s
Wed Mar 28 22:45:01 CEST 2018
Ping: 27.791 ms
Download: 121.54 Mbit/s
Upload: 5.57 Mbit/s
Wed Mar 28 23:45:01 CEST 2018
Ping: 27.528 ms
Download: 124.33 Mbit/s
Upload: 5.57 Mbit/s
Thu Mar 29 00:45:02 CEST 2018
Ping: 27.126 ms
Download: 115.66 Mbit/s
Upload: 5.16 Mbit/s
Thu Mar 29 01:45:01 CEST 2018
Ping: 26.425 ms
Download: 126.75 Mbit/s
Upload: 5.63 Mbit/s
Thu Mar 29 02:45:01 CEST 2018
Ping: 24.36 ms
Download: 126.32 Mbit/s
Upload: 5.67 Mbit/s
Thu Mar 29 03:45:01 CEST 2018
Ping: 23.971 ms
Download: 124.46 Mbit/s
Upload: 5.56 Mbit/s
Thu Mar 29 04:45:01 CEST 2018
Ping: 29.231 ms
Download: 115.59 Mbit/s
Upload: 5.64 Mbit/s
Thu Mar 29 05:45:01 CEST 2018
Ping: 25.74 ms
Download: 125.69 Mbit/s
Upload: 5.42 Mbit/s
Thu Mar 29 06:45:02 CEST 2018
Ping: 27.091 ms
Download: 123.27 Mbit/s
Upload: 5.67 Mbit/s
Thu Mar 29 07:45:02 CEST 2018
Ping: 28.569 ms
Download: 114.18 Mbit/s
Upload: 4.82 Mbit/s
Thu Mar 29 08:45:01 CEST 2018
Ping: 27.339 ms
Download: 105.78 Mbit/s
Upload: 5.60 Mbit/s
Thu Mar 29 09:45:01 CEST 2018
Ping: 26.401 ms
Download: 126.45 Mbit/s
Upload: 5.49 Mbit/s
Thu Mar 29 10:45:01 CEST 2018
Ping: 25.972 ms
Download: 74.32 Mbit/s
Upload: 5.64 Mbit/s
Thu Mar 29 11:45:01 CEST 2018
Ping: 27.912 ms
Download: 127.45 Mbit/s
Upload: 5.66 Mbit/s
Thu Mar 29 12:45:01 CEST 2018
Ping: 26.416 ms
Download: 121.46 Mbit/s
Upload: 5.60 Mbit/s
Thu Mar 29 13:45:01 CEST 2018
Ping: 27.604 ms
Download: 124.60 Mbit/s
Upload: 5.59 Mbit/s
Thu Mar 29 14:45:01 CEST 2018
Ping: 27.738 ms
Download: 122.76 Mbit/s
Upload: 5.39 Mbit/s
Thu Mar 29 15:45:02 CEST 2018
Ping: 27.294 ms
Download: 110.33 Mbit/s
Upload: 5.63 Mbit/s
Thu Mar 29 16:45:01 CEST 2018
Ping: 25.752 ms
Download: 126.96 Mbit/s
Upload: 5.13 Mbit/s
Thu Mar 29 17:45:01 CEST 2018
Ping: 24.754 ms
Download: 127.54 Mbit/s
Upload: 5.60 Mbit/s
Thu Mar 29 18:45:01 CEST 2018
Ping: 26.4 ms
Download: 127.26 Mbit/s
Upload: 5.45 Mbit/s
Thu Mar 29 19:45:01 CEST 2018
Ping: 26.417 ms
Download: 127.03 Mbit/s
Upload: 5.59 Mbit/s
Thu Mar 29 20:45:01 CEST 2018
Ping: 26.657 ms
Download: 117.43 Mbit/s
Upload: 5.36 Mbit/s
Thu Mar 29 21:45:01 CEST 2018
Ping: 26.405 ms
Download: 119.22 Mbit/s
Upload: 5.43 Mbit/s
Thu Mar 29 22:45:01 CEST 2018
Ping: 26.62 ms
Download: 110.28 Mbit/s
Upload: 5.55 Mbit/s
Thu Mar 29 23:45:01 CEST 2018
Ping: 26.611 ms
Download: 124.89 Mbit/s
Upload: 5.55 Mbit/s
Fri Mar 30 00:45:01 CEST 2018
Ping: 29.443 ms
Download: 118.90 Mbit/s
Upload: 5.67 Mbit/s
Fri Mar 30 01:45:01 CEST 2018
Ping: 26.417 ms
Download: 127.72 Mbit/s
Upload: 5.13 Mbit/s
Fri Mar 30 02:45:01 CEST 2018
Ping: 27.217 ms
Download: 115.64 Mbit/s
Upload: 5.63 Mbit/s
Fri Mar 30 03:45:01 CEST 2018
Ping: 23.519 ms
Download: 100.18 Mbit/s
Upload: 5.62 Mbit/s
Fri Mar 30 04:45:01 CEST 2018
Ping: 25.603 ms
Download: 126.95 Mbit/s
Upload: 5.53 Mbit/s
Fri Mar 30 05:45:01 CEST 2018
Ping: 26.292 ms
Download: 125.74 Mbit/s
Upload: 5.60 Mbit/s
Fri Mar 30 06:45:01 CEST 2018
Ping: 29.641 ms
Download: 126.38 Mbit/s
Upload: 5.51 Mbit/s
Fri Mar 30 07:45:01 CEST 2018
Ping: 25.194 ms
Download: 126.82 Mbit/s
Upload: 5.60 Mbit/s
Fri Mar 30 08:45:01 CEST 2018
Ping: 24.94 ms
Download: 120.96 Mbit/s
Upload: 5.57 Mbit/s
Fri Mar 30 09:45:01 CEST 2018
Ping: 25.993 ms
Download: 125.08 Mbit/s
Upload: 5.54 Mbit/s
Fri Mar 30 10:45:01 CEST 2018
Ping: 28.011 ms
Download: 115.50 Mbit/s
Upload: 5.67 Mbit/s
Fri Mar 30 11:45:01 CEST 2018
Ping: 26.509 ms
Download: 126.24 Mbit/s
Upload: 5.60 Mbit/s
Fri Mar 30 12:45:01 CEST 2018
Ping: 28.96 ms
Download: 127.61 Mbit/s
Upload: 5.46 Mbit/s
Fri Mar 30 13:45:01 CEST 2018
Ping: 26.133 ms
Download: 125.35 Mbit/s
Upload: 5.61 Mbit/s
Fri Mar 30 14:45:01 CEST 2018
Ping: 25.73 ms
Download: 121.37 Mbit/s
Upload: 5.59 Mbit/s
Fri Mar 30 15:45:01 CEST 2018
Ping: 26.306 ms
Download: 127.72 Mbit/s
Upload: 5.54 Mbit/s
Fri Mar 30 16:45:01 CEST 2018
Ping: 27.08 ms
Download: 126.15 Mbit/s
Upload: 5.49 Mbit/s
Fri Mar 30 17:45:01 CEST 2018
Ping: 26.319 ms
Download: 119.43 Mbit/s
Upload: 5.61 Mbit/s
Fri Mar 30 18:45:01 CEST 2018
Ping: 28.818 ms
Download: 120.55 Mbit/s
Upload: 5.51 Mbit/s
Fri Mar 30 19:45:01 CEST 2018
Ping: 26.785 ms
Download: 126.32 Mbit/s
Upload: 5.61 Mbit/s
Fri Mar 30 20:45:01 CEST 2018
Ping: 26.287 ms
Download: 112.17 Mbit/s
Upload: 5.57 Mbit/s
Fri Mar 30 21:45:01 CEST 2018
Ping: 25.882 ms
Download: 127.18 Mbit/s
Upload: 5.58 Mbit/s
Fri Mar 30 22:45:01 CEST 2018
Ping: 26.547 ms
Download: 121.07 Mbit/s
Upload: 5.62 Mbit/s
Fri Mar 30 23:45:01 CEST 2018
Ping: 25.16 ms
Download: 127.46 Mbit/s
Upload: 5.48 Mbit/s
Sat Mar 31 00:45:01 CEST 2018
Ping: 26.473 ms
Download: 118.35 Mbit/s
Upload: 5.39 Mbit/s
Sat Mar 31 01:45:01 CEST 2018
Ping: 28.001 ms
Download: 114.04 Mbit/s
Upload: 5.62 Mbit/s
Sat Mar 31 02:45:01 CEST 2018
Ping: 23.968 ms
Download: 127.56 Mbit/s
Upload: 5.63 Mbit/s
Sat Mar 31 03:45:01 CEST 2018
Ping: 26.181 ms
Download: 127.58 Mbit/s
Upload: 5.66 Mbit/s
Sat Mar 31 04:45:01 CEST 2018
Ping: 25.789 ms
Download: 128.05 Mbit/s
Upload: 5.66 Mbit/s
Sat Mar 31 05:45:01 CEST 2018
Ping: 26.18 ms
Download: 106.63 Mbit/s
Upload: 5.60 Mbit/s
Sat Mar 31 06:45:01 CEST 2018
Ping: 22.317 ms
Download: 127.50 Mbit/s
Upload: 5.64 Mbit/s
Sat Mar 31 07:45:01 CEST 2018
Ping: 26.309 ms
Download: 120.05 Mbit/s
Upload: 5.66 Mbit/s
Sat Mar 31 08:45:02 CEST 2018
Ping: 25.85 ms
Download: 123.08 Mbit/s
Upload: 5.59 Mbit/s
Sat Mar 31 09:45:01 CEST 2018
Ping: 26.467 ms
Download: 106.74 Mbit/s
Upload: 5.33 Mbit/s
Sat Mar 31 10:45:02 CEST 2018
Ping: 26.124 ms
Download: 127.37 Mbit/s
Upload: 5.55 Mbit/s
Sat Mar 31 11:45:01 CEST 2018
Ping: 26.458 ms
Download: 125.65 Mbit/s
Upload: 5.57 Mbit/s
Sat Mar 31 12:45:01 CEST 2018
Ping: 24.732 ms
Download: 122.76 Mbit/s
Upload: 5.61 Mbit/s
Sat Mar 31 13:45:01 CEST 2018
Ping: 26.293 ms
Download: 124.19 Mbit/s
Upload: 5.65 Mbit/s
Sat Mar 31 14:45:01 CEST 2018
Ping: 26.771 ms
Download: 118.98 Mbit/s
Upload: 5.61 Mbit/s
Sat Mar 31 15:45:01 CEST 2018
Ping: 26.196 ms
Download: 98.33 Mbit/s
Upload: 5.61 Mbit/s
Sat Mar 31 16:45:01 CEST 2018
Ping: 27.593 ms
Download: 101.20 Mbit/s
Upload: 5.55 Mbit/s
Sat Mar 31 17:45:01 CEST 2018
Ping: 27.239 ms
Download: 123.28 Mbit/s
Upload: 5.62 Mbit/s
Sat Mar 31 18:45:01 CEST 2018
Ping: 26.767 ms
Download: 125.10 Mbit/s
Upload: 5.61 Mbit/s
Sat Mar 31 19:45:01 CEST 2018
Ping: 25.342 ms
Download: 125.92 Mbit/s
Upload: 5.64 Mbit/s
Sat Mar 31 20:45:01 CEST 2018
Ping: 27.66 ms
Download: 121.36 Mbit/s
Upload: 5.64 Mbit/s
Sat Mar 31 21:45:01 CEST 2018
Ping: 24.454 ms
Download: 121.30 Mbit/s
Upload: 5.34 Mbit/s
Sat Mar 31 22:45:01 CEST 2018
Ping: 27.444 ms
Download: 120.40 Mbit/s
Upload: 5.28 Mbit/s
Sat Mar 31 23:45:01 CEST 2018
Ping: 25.361 ms
Download: 120.56 Mbit/s
Upload: 5.46 Mbit/s
