Sun Jul  1 00:45:01 CEST 2018
Ping: 24.436 ms
Download: 123.71 Mbit/s
Upload: 5.63 Mbit/s
Sun Jul  1 01:45:01 CEST 2018
Ping: 30.721 ms
Download: 53.80 Mbit/s
Upload: 5.59 Mbit/s
Sun Jul  1 02:45:01 CEST 2018
Ping: 29.102 ms
Download: 124.22 Mbit/s
Upload: 5.39 Mbit/s
Sun Jul  1 03:45:01 CEST 2018
Ping: 28.039 ms
Download: 125.40 Mbit/s
Upload: 5.62 Mbit/s
Sun Jul  1 04:45:01 CEST 2018
Ping: 27.836 ms
Download: 122.72 Mbit/s
Upload: 5.66 Mbit/s
Sun Jul  1 05:45:01 CEST 2018
Ping: 27.207 ms
Download: 125.66 Mbit/s
Upload: 5.59 Mbit/s
Sun Jul  1 06:45:01 CEST 2018
Ping: 30.806 ms
Download: 34.17 Mbit/s
Upload: 5.56 Mbit/s
Sun Jul  1 07:45:01 CEST 2018
Ping: 30.325 ms
Download: 89.93 Mbit/s
Upload: 5.48 Mbit/s
Sun Jul  1 08:45:01 CEST 2018
Ping: 28.335 ms
Download: 109.82 Mbit/s
Upload: 5.37 Mbit/s
Sun Jul  1 09:45:01 CEST 2018
Ping: 29.148 ms
Download: 39.16 Mbit/s
Upload: 1.43 Mbit/s
Sun Jul  1 10:45:02 CEST 2018
Ping: 30.088 ms
Download: 40.70 Mbit/s
Upload: 5.49 Mbit/s
Sun Jul  1 11:45:01 CEST 2018
Ping: 27.156 ms
Download: 108.84 Mbit/s
Upload: 5.37 Mbit/s
Sun Jul  1 12:45:01 CEST 2018
Ping: 28.686 ms
Download: 99.42 Mbit/s
Upload: 5.61 Mbit/s
Sun Jul  1 13:45:01 CEST 2018
Ping: 26.906 ms
Download: 115.41 Mbit/s
Upload: 5.56 Mbit/s
Sun Jul  1 14:45:01 CEST 2018
Ping: 30.194 ms
Download: 60.94 Mbit/s
Upload: 5.52 Mbit/s
Sun Jul  1 15:45:01 CEST 2018
Ping: 32.146 ms
Download: 42.69 Mbit/s
Upload: 2.38 Mbit/s
Sun Jul  1 16:45:01 CEST 2018
Ping: 25.931 ms
Download: 116.77 Mbit/s
Upload: 5.47 Mbit/s
Sun Jul  1 17:45:01 CEST 2018
Ping: 32.177 ms
Download: 113.32 Mbit/s
Upload: 5.33 Mbit/s
Sun Jul  1 18:45:01 CEST 2018
Ping: 28.955 ms
Download: 88.58 Mbit/s
Upload: 5.29 Mbit/s
Sun Jul  1 19:45:01 CEST 2018
Ping: 30.796 ms
Download: 124.53 Mbit/s
Upload: 5.48 Mbit/s
Sun Jul  1 20:45:01 CEST 2018
Ping: 28.717 ms
Download: 109.96 Mbit/s
Upload: 5.54 Mbit/s
Sun Jul  1 21:45:01 CEST 2018
Ping: 31.747 ms
Download: 102.03 Mbit/s
Upload: 5.64 Mbit/s
Sun Jul  1 22:45:01 CEST 2018
Ping: 31.132 ms
Download: 46.78 Mbit/s
Upload: 5.53 Mbit/s
Sun Jul  1 23:45:01 CEST 2018
Ping: 25.49 ms
Download: 120.56 Mbit/s
Upload: 5.51 Mbit/s
Mon Jul  2 00:45:01 CEST 2018
Ping: 32.574 ms
Download: 19.52 Mbit/s
Upload: 5.54 Mbit/s
Mon Jul  2 01:45:01 CEST 2018
Ping: 25.346 ms
Download: 123.70 Mbit/s
Upload: 5.56 Mbit/s
Mon Jul  2 02:45:01 CEST 2018
Ping: 29.948 ms
Download: 105.70 Mbit/s
Upload: 5.57 Mbit/s
Mon Jul  2 03:45:01 CEST 2018
Ping: 28.242 ms
Download: 125.25 Mbit/s
Upload: 5.66 Mbit/s
Mon Jul  2 04:45:01 CEST 2018
Ping: 30.751 ms
Download: 122.92 Mbit/s
Upload: 5.60 Mbit/s
Mon Jul  2 05:45:01 CEST 2018
Ping: 30.045 ms
Download: 46.43 Mbit/s
Upload: 5.51 Mbit/s
Mon Jul  2 06:45:02 CEST 2018
Ping: 28.214 ms
Download: 123.60 Mbit/s
Upload: 5.50 Mbit/s
Mon Jul  2 07:45:01 CEST 2018
Ping: 27.313 ms
Download: 125.71 Mbit/s
Upload: 5.53 Mbit/s
Mon Jul  2 08:45:01 CEST 2018
Ping: 28.073 ms
Download: 118.46 Mbit/s
Upload: 5.56 Mbit/s
Mon Jul  2 09:45:01 CEST 2018
Ping: 30.471 ms
Download: 34.12 Mbit/s
Upload: 2.12 Mbit/s
Mon Jul  2 10:45:01 CEST 2018
Ping: 29.758 ms
Download: 124.16 Mbit/s
Upload: 5.49 Mbit/s
Mon Jul  2 11:45:01 CEST 2018
Ping: 31.184 ms
Download: 105.45 Mbit/s
Upload: 5.54 Mbit/s
Mon Jul  2 12:45:01 CEST 2018
Ping: 30.219 ms
Download: 15.42 Mbit/s
Upload: 1.53 Mbit/s
Mon Jul  2 13:45:02 CEST 2018
Ping: 33.391 ms
Download: 114.85 Mbit/s
Upload: 5.37 Mbit/s
Mon Jul  2 14:45:02 CEST 2018
Ping: 28.394 ms
Download: 124.67 Mbit/s
Upload: 5.53 Mbit/s
Mon Jul  2 15:45:01 CEST 2018
Ping: 29.893 ms
Download: 111.14 Mbit/s
Upload: 5.57 Mbit/s
Mon Jul  2 16:45:01 CEST 2018
Ping: 31.447 ms
Download: 24.75 Mbit/s
Upload: 5.46 Mbit/s
Mon Jul  2 17:45:01 CEST 2018
Ping: 31.09 ms
Download: 63.77 Mbit/s
Upload: 5.40 Mbit/s
Mon Jul  2 18:45:01 CEST 2018
Failed to retrieve list of speedtest.net servers
Mon Jul  2 19:45:01 CEST 2018
Ping: 30.479 ms
Download: 126.74 Mbit/s
Upload: 5.39 Mbit/s
Mon Jul  2 20:45:01 CEST 2018
Ping: 29.497 ms
Download: 126.26 Mbit/s
Upload: 5.62 Mbit/s
Mon Jul  2 21:45:01 CEST 2018
Ping: 31.83 ms
Download: 42.00 Mbit/s
Upload: 5.48 Mbit/s
Mon Jul  2 22:45:01 CEST 2018
Ping: 29.727 ms
Download: 57.31 Mbit/s
Upload: 5.51 Mbit/s
Mon Jul  2 23:45:01 CEST 2018
Ping: 27.373 ms
Download: 96.23 Mbit/s
Upload: 5.57 Mbit/s
Tue Jul  3 00:45:01 CEST 2018
Ping: 27.52 ms
Download: 123.95 Mbit/s
Upload: 5.62 Mbit/s
Tue Jul  3 01:45:01 CEST 2018
Ping: 28.946 ms
Download: 90.74 Mbit/s
Upload: 5.60 Mbit/s
Tue Jul  3 02:45:01 CEST 2018
Ping: 29.878 ms
Download: 126.54 Mbit/s
Upload: 5.64 Mbit/s
Tue Jul  3 03:45:01 CEST 2018
Ping: 30.279 ms
Download: 38.50 Mbit/s
Upload: 5.52 Mbit/s
Tue Jul  3 04:45:01 CEST 2018
Ping: 29.22 ms
Download: 107.70 Mbit/s
Upload: 5.57 Mbit/s
Tue Jul  3 05:45:01 CEST 2018
Ping: 28.249 ms
Download: 121.55 Mbit/s
Upload: 5.62 Mbit/s
Tue Jul  3 06:45:01 CEST 2018
Ping: 29.15 ms
Download: 127.32 Mbit/s
Upload: 5.65 Mbit/s
Tue Jul  3 07:45:01 CEST 2018
Ping: 26.257 ms
Download: 121.82 Mbit/s
Upload: 5.49 Mbit/s
Tue Jul  3 08:45:01 CEST 2018
Ping: 29.137 ms
Download: 108.63 Mbit/s
Upload: 5.58 Mbit/s
Tue Jul  3 09:45:01 CEST 2018
Ping: 29.066 ms
Download: 30.44 Mbit/s
Upload: 5.56 Mbit/s
Tue Jul  3 10:45:01 CEST 2018
Ping: 26.774 ms
Download: 124.43 Mbit/s
Upload: 5.63 Mbit/s
Tue Jul  3 11:45:01 CEST 2018
Ping: 29.381 ms
Download: 121.07 Mbit/s
Upload: 5.60 Mbit/s
Tue Jul  3 12:45:01 CEST 2018
Ping: 26.613 ms
Download: 126.47 Mbit/s
Upload: 5.56 Mbit/s
Tue Jul  3 13:45:01 CEST 2018
Ping: 27.11 ms
Download: 123.27 Mbit/s
Upload: 5.53 Mbit/s
Tue Jul  3 14:45:01 CEST 2018
Ping: 27.674 ms
Download: 123.52 Mbit/s
Upload: 5.56 Mbit/s
Tue Jul  3 15:45:01 CEST 2018
Ping: 25.847 ms
Download: 125.09 Mbit/s
Upload: 5.62 Mbit/s
Tue Jul  3 16:45:01 CEST 2018
Ping: 29.002 ms
Download: 37.57 Mbit/s
Upload: 5.41 Mbit/s
Tue Jul  3 17:45:01 CEST 2018
Ping: 27.145 ms
Download: 116.53 Mbit/s
Upload: 5.59 Mbit/s
Tue Jul  3 18:45:02 CEST 2018
Ping: 28.609 ms
Download: 125.69 Mbit/s
Upload: 5.60 Mbit/s
Tue Jul  3 19:45:01 CEST 2018
Ping: 32.212 ms
Download: 32.02 Mbit/s
Upload: 5.45 Mbit/s
Tue Jul  3 20:45:02 CEST 2018
Ping: 29.53 ms
Download: 34.81 Mbit/s
Upload: 5.43 Mbit/s
Tue Jul  3 21:45:01 CEST 2018
Ping: 28.943 ms
Download: 122.69 Mbit/s
Upload: 5.55 Mbit/s
Tue Jul  3 22:45:01 CEST 2018
Ping: 29.196 ms
Download: 122.56 Mbit/s
Upload: 5.61 Mbit/s
Tue Jul  3 23:45:01 CEST 2018
Ping: 28.192 ms
Download: 116.86 Mbit/s
Upload: 5.57 Mbit/s
Wed Jul  4 00:45:01 CEST 2018
Ping: 30.162 ms
Download: 32.83 Mbit/s
Upload: 2.84 Mbit/s
Wed Jul  4 01:45:01 CEST 2018
Ping: 29.843 ms
Download: 26.81 Mbit/s
Upload: 5.50 Mbit/s
Wed Jul  4 02:45:01 CEST 2018
Ping: 31.517 ms
Download: 119.76 Mbit/s
Upload: 5.62 Mbit/s
Wed Jul  4 03:45:01 CEST 2018
Ping: 33.164 ms
Download: 32.92 Mbit/s
Upload: 5.55 Mbit/s
Wed Jul  4 04:45:01 CEST 2018
Ping: 31.125 ms
Download: 58.01 Mbit/s
Upload: 5.56 Mbit/s
Wed Jul  4 05:45:01 CEST 2018
Ping: 30.49 ms
Download: 36.69 Mbit/s
Upload: 1.27 Mbit/s
Wed Jul  4 06:45:01 CEST 2018
Ping: 29.951 ms
Download: 33.11 Mbit/s
Upload: 2.80 Mbit/s
Wed Jul  4 07:45:02 CEST 2018
Ping: 31.922 ms
Download: 53.05 Mbit/s
Upload: 2.96 Mbit/s
Wed Jul  4 08:45:01 CEST 2018
Ping: 30.008 ms
Download: 66.82 Mbit/s
Upload: 5.61 Mbit/s
Wed Jul  4 09:45:01 CEST 2018
Ping: 30.022 ms
Download: 34.49 Mbit/s
Upload: 5.58 Mbit/s
Wed Jul  4 10:45:01 CEST 2018
Ping: 30.767 ms
Download: 35.05 Mbit/s
Upload: 1.80 Mbit/s
Wed Jul  4 11:45:01 CEST 2018
Ping: 26.279 ms
Download: 102.62 Mbit/s
Upload: 5.63 Mbit/s
Wed Jul  4 12:45:01 CEST 2018
Ping: 26.411 ms
Download: 119.05 Mbit/s
Upload: 5.59 Mbit/s
Wed Jul  4 13:45:01 CEST 2018
Ping: 31.253 ms
Download: 120.76 Mbit/s
Upload: 5.56 Mbit/s
Wed Jul  4 14:45:01 CEST 2018
Ping: 27.01 ms
Download: 90.61 Mbit/s
Upload: 5.58 Mbit/s
Wed Jul  4 15:45:01 CEST 2018
Ping: 31.729 ms
Download: 123.50 Mbit/s
Upload: 5.59 Mbit/s
Wed Jul  4 16:45:01 CEST 2018
Ping: 30.417 ms
Download: 61.29 Mbit/s
Upload: 5.60 Mbit/s
Wed Jul  4 17:45:01 CEST 2018
Ping: 25.855 ms
Download: 103.18 Mbit/s
Upload: 5.61 Mbit/s
Wed Jul  4 18:45:01 CEST 2018
Ping: 29.071 ms
Download: 113.97 Mbit/s
Upload: 5.56 Mbit/s
Wed Jul  4 19:45:01 CEST 2018
Ping: 24.168 ms
Download: 115.22 Mbit/s
Upload: 5.50 Mbit/s
Wed Jul  4 20:45:01 CEST 2018
Ping: 28.203 ms
Download: 125.21 Mbit/s
Upload: 5.61 Mbit/s
Wed Jul  4 21:45:01 CEST 2018
Ping: 30.826 ms
Download: 125.86 Mbit/s
Upload: 5.59 Mbit/s
Wed Jul  4 22:45:01 CEST 2018
Ping: 30.117 ms
Download: 26.41 Mbit/s
Upload: 2.69 Mbit/s
Wed Jul  4 23:45:01 CEST 2018
Ping: 30.865 ms
Download: 63.38 Mbit/s
Upload: 2.79 Mbit/s
Thu Jul  5 00:45:01 CEST 2018
Ping: 30.294 ms
Download: 109.28 Mbit/s
Upload: 5.44 Mbit/s
Thu Jul  5 01:45:01 CEST 2018
Ping: 27.224 ms
Download: 126.80 Mbit/s
Upload: 5.44 Mbit/s
Thu Jul  5 02:45:01 CEST 2018
Ping: 29.017 ms
Download: 33.33 Mbit/s
Upload: 2.69 Mbit/s
Thu Jul  5 03:45:01 CEST 2018
Ping: 26.178 ms
Download: 115.42 Mbit/s
Upload: 5.59 Mbit/s
Thu Jul  5 04:45:01 CEST 2018
Ping: 29.96 ms
Download: 121.84 Mbit/s
Upload: 5.54 Mbit/s
Thu Jul  5 05:45:01 CEST 2018
Ping: 30.283 ms
Download: 31.44 Mbit/s
Upload: 5.48 Mbit/s
Thu Jul  5 06:45:01 CEST 2018
Ping: 30.325 ms
Download: 126.15 Mbit/s
Upload: 5.61 Mbit/s
Thu Jul  5 07:45:01 CEST 2018
Ping: 26.905 ms
Download: 120.36 Mbit/s
Upload: 5.56 Mbit/s
Thu Jul  5 08:45:01 CEST 2018
Ping: 26.061 ms
Download: 106.51 Mbit/s
Upload: 5.58 Mbit/s
Thu Jul  5 09:45:01 CEST 2018
Ping: 29.684 ms
Download: 125.06 Mbit/s
Upload: 5.62 Mbit/s
Thu Jul  5 10:45:01 CEST 2018
Ping: 30.453 ms
Download: 121.21 Mbit/s
Upload: 5.60 Mbit/s
Thu Jul  5 11:45:01 CEST 2018
Ping: 29.808 ms
Download: 37.88 Mbit/s
Upload: 5.40 Mbit/s
Thu Jul  5 12:45:01 CEST 2018
Ping: 28.923 ms
Download: 83.54 Mbit/s
Upload: 5.60 Mbit/s
Thu Jul  5 13:45:01 CEST 2018
Ping: 33.982 ms
Download: 107.32 Mbit/s
Upload: 5.51 Mbit/s
Thu Jul  5 14:45:01 CEST 2018
Ping: 29.367 ms
Download: 117.74 Mbit/s
Upload: 5.61 Mbit/s
Thu Jul  5 15:45:01 CEST 2018
Ping: 29.509 ms
Download: 126.66 Mbit/s
Upload: 5.62 Mbit/s
Thu Jul  5 16:45:01 CEST 2018
Ping: 30.371 ms
Download: 122.83 Mbit/s
Upload: 5.53 Mbit/s
Thu Jul  5 17:45:01 CEST 2018
Ping: 29.397 ms
Download: 123.57 Mbit/s
Upload: 4.78 Mbit/s
Thu Jul  5 18:45:01 CEST 2018
Ping: 29.133 ms
Download: 111.33 Mbit/s
Upload: 5.58 Mbit/s
Thu Jul  5 19:45:01 CEST 2018
Ping: 30.462 ms
Download: 120.27 Mbit/s
Upload: 5.22 Mbit/s
Thu Jul  5 20:45:01 CEST 2018
Ping: 31.797 ms
Download: 37.32 Mbit/s
Upload: 5.11 Mbit/s
Thu Jul  5 21:45:01 CEST 2018
Ping: 29.8 ms
Download: 119.14 Mbit/s
Upload: 5.51 Mbit/s
Thu Jul  5 22:45:02 CEST 2018
Ping: 30.732 ms
Download: 42.04 Mbit/s
Upload: 3.36 Mbit/s
Thu Jul  5 23:45:01 CEST 2018
Ping: 25.861 ms
Download: 122.85 Mbit/s
Upload: 5.61 Mbit/s
Fri Jul  6 00:45:01 CEST 2018
Ping: 25.412 ms
Download: 125.63 Mbit/s
Upload: 5.60 Mbit/s
Fri Jul  6 01:45:01 CEST 2018
Ping: 25.761 ms
Download: 111.53 Mbit/s
Upload: 5.56 Mbit/s
Fri Jul  6 02:45:01 CEST 2018
Ping: 28.615 ms
Download: 125.01 Mbit/s
Upload: 5.59 Mbit/s
Fri Jul  6 03:45:02 CEST 2018
Ping: 24.215 ms
Download: 111.90 Mbit/s
Upload: 5.51 Mbit/s
Fri Jul  6 04:45:01 CEST 2018
Ping: 25.333 ms
Download: 124.54 Mbit/s
Upload: 5.63 Mbit/s
Fri Jul  6 05:45:01 CEST 2018
Ping: 31.824 ms
Download: 26.90 Mbit/s
Upload: 2.05 Mbit/s
Fri Jul  6 06:45:01 CEST 2018
Ping: 26.071 ms
Download: 114.64 Mbit/s
Upload: 5.53 Mbit/s
Fri Jul  6 07:45:01 CEST 2018
Ping: 29.135 ms
Download: 116.07 Mbit/s
Upload: 5.64 Mbit/s
Fri Jul  6 08:45:01 CEST 2018
Ping: 31.388 ms
Download: 13.63 Mbit/s
Upload: 2.24 Mbit/s
Fri Jul  6 09:45:01 CEST 2018
Ping: 29.205 ms
Download: 114.77 Mbit/s
Upload: 5.56 Mbit/s
Fri Jul  6 10:45:01 CEST 2018
Ping: 29.164 ms
Download: 37.44 Mbit/s
Upload: 5.59 Mbit/s
Fri Jul  6 11:45:01 CEST 2018
Ping: 29.434 ms
Download: 56.10 Mbit/s
Upload: 5.46 Mbit/s
Fri Jul  6 12:45:02 CEST 2018
Ping: 30.2 ms
Download: 83.01 Mbit/s
Upload: 5.32 Mbit/s
Fri Jul  6 13:45:01 CEST 2018
Ping: 33.609 ms
Download: 57.03 Mbit/s
Upload: 2.93 Mbit/s
Fri Jul  6 14:45:02 CEST 2018
Ping: 31.879 ms
Download: 27.72 Mbit/s
Upload: 1.41 Mbit/s
Fri Jul  6 15:45:01 CEST 2018
Ping: 30.461 ms
Download: 95.12 Mbit/s
Upload: 5.42 Mbit/s
Fri Jul  6 16:45:01 CEST 2018
Ping: 31.546 ms
Download: 48.57 Mbit/s
Upload: 3.13 Mbit/s
Fri Jul  6 17:45:01 CEST 2018
Ping: 30.301 ms
Download: 125.97 Mbit/s
Upload: 5.55 Mbit/s
Fri Jul  6 18:45:01 CEST 2018
Ping: 31.008 ms
Download: 30.19 Mbit/s
Upload: 1.64 Mbit/s
Fri Jul  6 19:45:01 CEST 2018
Ping: 30.782 ms
Download: 38.50 Mbit/s
Upload: 5.36 Mbit/s
Fri Jul  6 20:45:01 CEST 2018
Ping: 30.793 ms
Download: 31.80 Mbit/s
Upload: 5.57 Mbit/s
Fri Jul  6 21:45:01 CEST 2018
Ping: 30.857 ms
Download: 118.77 Mbit/s
Upload: 5.54 Mbit/s
Fri Jul  6 22:45:01 CEST 2018
Ping: 29.991 ms
Download: 25.36 Mbit/s
Upload: 5.53 Mbit/s
Fri Jul  6 23:45:01 CEST 2018
Ping: 26.984 ms
Download: 121.19 Mbit/s
Upload: 5.64 Mbit/s
Sat Jul  7 00:45:01 CEST 2018
Ping: 29.798 ms
Download: 126.63 Mbit/s
Upload: 5.56 Mbit/s
Sat Jul  7 01:45:01 CEST 2018
Ping: 32.033 ms
Download: 112.22 Mbit/s
Upload: 5.27 Mbit/s
Sat Jul  7 02:45:01 CEST 2018
Ping: 29.792 ms
Download: 25.71 Mbit/s
Upload: 5.58 Mbit/s
Sat Jul  7 03:45:01 CEST 2018
Ping: 30.847 ms
Download: 39.00 Mbit/s
Upload: 5.57 Mbit/s
Sat Jul  7 04:45:01 CEST 2018
Ping: 30.676 ms
Download: 39.92 Mbit/s
Upload: 5.60 Mbit/s
Sat Jul  7 05:45:01 CEST 2018
Ping: 25.925 ms
Download: 112.86 Mbit/s
Upload: 5.55 Mbit/s
Sat Jul  7 06:45:01 CEST 2018
Ping: 28.555 ms
Download: 123.79 Mbit/s
Upload: 5.54 Mbit/s
Sat Jul  7 07:45:01 CEST 2018
Ping: 28.896 ms
Download: 126.11 Mbit/s
Upload: 5.58 Mbit/s
Sat Jul  7 08:45:01 CEST 2018
Ping: 29.373 ms
Download: 121.80 Mbit/s
Upload: 5.59 Mbit/s
Sat Jul  7 09:45:01 CEST 2018
Ping: 27.979 ms
Download: 98.97 Mbit/s
Upload: 5.57 Mbit/s
Sat Jul  7 10:45:01 CEST 2018
Ping: 31.891 ms
Download: 29.47 Mbit/s
Upload: 1.61 Mbit/s
Sat Jul  7 11:45:01 CEST 2018
Ping: 28.726 ms
Download: 125.45 Mbit/s
Upload: 5.44 Mbit/s
Sat Jul  7 12:45:01 CEST 2018
Ping: 30.919 ms
Download: 36.01 Mbit/s
Upload: 5.19 Mbit/s
Sat Jul  7 13:45:01 CEST 2018
Ping: 29.151 ms
Download: 114.76 Mbit/s
Upload: 5.54 Mbit/s
Sat Jul  7 14:45:01 CEST 2018
Ping: 33.157 ms
Download: 35.28 Mbit/s
Upload: 5.44 Mbit/s
Sat Jul  7 15:45:01 CEST 2018
Ping: 27.139 ms
Download: 126.30 Mbit/s
Upload: 5.57 Mbit/s
Sat Jul  7 16:45:01 CEST 2018
Ping: 31.049 ms
Download: 39.32 Mbit/s
Upload: 1.42 Mbit/s
Sat Jul  7 17:45:01 CEST 2018
Ping: 31.963 ms
Download: 33.17 Mbit/s
Upload: 4.86 Mbit/s
Sat Jul  7 18:45:01 CEST 2018
Ping: 26.397 ms
Download: 123.05 Mbit/s
Upload: 5.56 Mbit/s
Sat Jul  7 19:45:01 CEST 2018
Ping: 30.384 ms
Download: 34.13 Mbit/s
Upload: 5.52 Mbit/s
Sat Jul  7 20:45:01 CEST 2018
Ping: 28.894 ms
Download: 119.17 Mbit/s
Upload: 5.53 Mbit/s
Sat Jul  7 21:45:01 CEST 2018
Ping: 29.036 ms
Download: 119.25 Mbit/s
Upload: 5.65 Mbit/s
Sat Jul  7 22:45:01 CEST 2018
Ping: 32.792 ms
Download: 15.41 Mbit/s
Upload: 3.06 Mbit/s
Sat Jul  7 23:45:01 CEST 2018
Ping: 30.442 ms
Download: 119.44 Mbit/s
Upload: 5.59 Mbit/s
Sun Jul  8 00:45:01 CEST 2018
Ping: 31.552 ms
Download: 43.41 Mbit/s
Upload: 5.49 Mbit/s
Sun Jul  8 01:45:01 CEST 2018
Ping: 32.185 ms
Download: 126.39 Mbit/s
Upload: 5.53 Mbit/s
Sun Jul  8 02:45:01 CEST 2018
Ping: 30.1 ms
Download: 53.96 Mbit/s
Upload: 5.62 Mbit/s
Sun Jul  8 03:45:01 CEST 2018
Ping: 26.133 ms
Download: 115.36 Mbit/s
Upload: 5.58 Mbit/s
Sun Jul  8 04:45:02 CEST 2018
Ping: 27.601 ms
Download: 122.98 Mbit/s
Upload: 5.57 Mbit/s
Sun Jul  8 05:45:01 CEST 2018
Ping: 31.944 ms
Download: 60.45 Mbit/s
Upload: 5.57 Mbit/s
Sun Jul  8 06:45:02 CEST 2018
Ping: 32.346 ms
Download: 124.43 Mbit/s
Upload: 5.60 Mbit/s
Sun Jul  8 07:45:01 CEST 2018
Ping: 26.378 ms
Download: 120.60 Mbit/s
Upload: 5.58 Mbit/s
Sun Jul  8 08:45:01 CEST 2018
Ping: 29.692 ms
Download: 109.71 Mbit/s
Upload: 5.63 Mbit/s
Sun Jul  8 09:45:01 CEST 2018
Ping: 30.498 ms
Download: 35.68 Mbit/s
Upload: 3.15 Mbit/s
Sun Jul  8 10:45:01 CEST 2018
Ping: 29.372 ms
Download: 102.92 Mbit/s
Upload: 5.27 Mbit/s
Sun Jul  8 11:45:01 CEST 2018
Ping: 29.169 ms
Download: 126.87 Mbit/s
Upload: 5.60 Mbit/s
Sun Jul  8 12:45:01 CEST 2018
Ping: 32.257 ms
Download: 28.38 Mbit/s
Upload: 5.48 Mbit/s
Sun Jul  8 13:45:01 CEST 2018
Ping: 28.233 ms
Download: 118.36 Mbit/s
Upload: 5.30 Mbit/s
Sun Jul  8 14:45:01 CEST 2018
Ping: 31.645 ms
Download: 52.89 Mbit/s
Upload: 5.24 Mbit/s
Sun Jul  8 15:45:01 CEST 2018
Ping: 29.885 ms
Download: 64.44 Mbit/s
Upload: 5.36 Mbit/s
Sun Jul  8 16:45:01 CEST 2018
Ping: 31.752 ms
Download: 36.10 Mbit/s
Upload: 5.60 Mbit/s
Sun Jul  8 17:45:01 CEST 2018
Ping: 29.142 ms
Download: 45.44 Mbit/s
Upload: 5.50 Mbit/s
Sun Jul  8 18:45:01 CEST 2018
Ping: 28.927 ms
Download: 32.16 Mbit/s
Upload: 5.48 Mbit/s
Sun Jul  8 19:45:01 CEST 2018
Ping: 30.174 ms
Download: 51.54 Mbit/s
Upload: 5.53 Mbit/s
Sun Jul  8 20:45:01 CEST 2018
Ping: 34.509 ms
Download: 16.74 Mbit/s
Upload: 2.27 Mbit/s
Sun Jul  8 21:45:01 CEST 2018
Ping: 30.246 ms
Download: 27.94 Mbit/s
Upload: 2.37 Mbit/s
Sun Jul  8 22:45:01 CEST 2018
Ping: 31.315 ms
Download: 119.27 Mbit/s
Upload: 5.53 Mbit/s
Sun Jul  8 23:45:01 CEST 2018
Ping: 30.822 ms
Download: 122.80 Mbit/s
Upload: 5.45 Mbit/s
Mon Jul  9 00:45:01 CEST 2018
Ping: 26.454 ms
Download: 126.38 Mbit/s
Upload: 5.60 Mbit/s
Mon Jul  9 01:45:02 CEST 2018
Ping: 30.508 ms
Download: 39.25 Mbit/s
Upload: 5.58 Mbit/s
Mon Jul  9 02:45:01 CEST 2018
Ping: 30.639 ms
Download: 40.87 Mbit/s
Upload: 2.02 Mbit/s
Mon Jul  9 03:45:01 CEST 2018
Ping: 27.408 ms
Download: 113.87 Mbit/s
Upload: 5.35 Mbit/s
Mon Jul  9 04:45:01 CEST 2018
Ping: 25.855 ms
Download: 117.53 Mbit/s
Upload: 5.52 Mbit/s
Mon Jul  9 05:45:01 CEST 2018
Ping: 28.15 ms
Download: 38.62 Mbit/s
Upload: 2.79 Mbit/s
Mon Jul  9 06:45:01 CEST 2018
Ping: 25.714 ms
Download: 124.29 Mbit/s
Upload: 5.55 Mbit/s
Mon Jul  9 07:45:01 CEST 2018
Ping: 28.816 ms
Download: 125.54 Mbit/s
Upload: 5.55 Mbit/s
Mon Jul  9 08:45:01 CEST 2018
Ping: 31.34 ms
Download: 119.59 Mbit/s
Upload: 5.59 Mbit/s
Mon Jul  9 09:45:01 CEST 2018
Ping: 25.692 ms
Download: 122.61 Mbit/s
Upload: 5.53 Mbit/s
Mon Jul  9 10:45:01 CEST 2018
Ping: 31.482 ms
Download: 29.08 Mbit/s
Upload: 1.82 Mbit/s
Mon Jul  9 11:45:01 CEST 2018
Ping: 30.488 ms
Download: 25.97 Mbit/s
Upload: 2.38 Mbit/s
Mon Jul  9 12:45:01 CEST 2018
Ping: 26.514 ms
Download: 121.48 Mbit/s
Upload: 5.61 Mbit/s
Mon Jul  9 13:45:01 CEST 2018
Ping: 30.614 ms
Download: 51.48 Mbit/s
Upload: 1.99 Mbit/s
Mon Jul  9 14:45:01 CEST 2018
Ping: 28.849 ms
Download: 123.67 Mbit/s
Upload: 5.49 Mbit/s
Mon Jul  9 15:45:01 CEST 2018
Ping: 27.979 ms
Download: 124.45 Mbit/s
Upload: 5.51 Mbit/s
Mon Jul  9 16:45:01 CEST 2018
Ping: 32.171 ms
Download: 30.12 Mbit/s
Upload: 2.54 Mbit/s
Mon Jul  9 17:45:01 CEST 2018
Ping: 30.477 ms
Download: 120.36 Mbit/s
Upload: 5.45 Mbit/s
Mon Jul  9 18:45:01 CEST 2018
Ping: 27.502 ms
Download: 123.44 Mbit/s
Upload: 5.50 Mbit/s
Mon Jul  9 19:45:01 CEST 2018
Ping: 32.365 ms
Download: 39.00 Mbit/s
Upload: 5.56 Mbit/s
Mon Jul  9 20:45:01 CEST 2018
Ping: 29.725 ms
Download: 119.78 Mbit/s
Upload: 5.43 Mbit/s
Mon Jul  9 21:45:01 CEST 2018
Ping: 26.041 ms
Download: 121.87 Mbit/s
Upload: 5.51 Mbit/s
Mon Jul  9 22:45:01 CEST 2018
Ping: 29.13 ms
Download: 110.29 Mbit/s
Upload: 5.28 Mbit/s
Mon Jul  9 23:45:01 CEST 2018
Ping: 29.661 ms
Download: 44.44 Mbit/s
Upload: 5.50 Mbit/s
Tue Jul 10 00:45:01 CEST 2018
Ping: 29.162 ms
Download: 124.29 Mbit/s
Upload: 5.48 Mbit/s
Tue Jul 10 01:45:01 CEST 2018
Ping: 26.403 ms
Download: 120.03 Mbit/s
Upload: 5.59 Mbit/s
Tue Jul 10 02:45:01 CEST 2018
Ping: 30.762 ms
Download: 38.59 Mbit/s
Upload: 1.49 Mbit/s
Tue Jul 10 03:45:02 CEST 2018
Ping: 28.577 ms
Download: 127.38 Mbit/s
Upload: 5.61 Mbit/s
Tue Jul 10 04:45:01 CEST 2018
Ping: 25.944 ms
Download: 127.30 Mbit/s
Upload: 5.59 Mbit/s
Tue Jul 10 05:45:01 CEST 2018
Ping: 28.489 ms
Download: 122.08 Mbit/s
Upload: 5.65 Mbit/s
Tue Jul 10 06:45:02 CEST 2018
Ping: 28.122 ms
Download: 126.44 Mbit/s
Upload: 5.54 Mbit/s
Tue Jul 10 07:45:01 CEST 2018
Ping: 31.048 ms
Download: 3.45 Mbit/s
Upload: 2.19 Mbit/s
Tue Jul 10 08:45:01 CEST 2018
Ping: 30.023 ms
Download: 41.19 Mbit/s
Upload: 3.08 Mbit/s
Tue Jul 10 09:45:02 CEST 2018
Ping: 29.816 ms
Download: 30.69 Mbit/s
Upload: 5.46 Mbit/s
Tue Jul 10 10:45:01 CEST 2018
Ping: 30.969 ms
Download: 22.79 Mbit/s
Upload: 2.04 Mbit/s
Tue Jul 10 11:45:01 CEST 2018
Ping: 35.832 ms
Download: 14.82 Mbit/s
Upload: 5.21 Mbit/s
Tue Jul 10 12:45:01 CEST 2018
Ping: 26.974 ms
Download: 125.79 Mbit/s
Upload: 5.60 Mbit/s
Tue Jul 10 13:45:01 CEST 2018
Ping: 27.808 ms
Download: 104.17 Mbit/s
Upload: 5.64 Mbit/s
Tue Jul 10 14:45:01 CEST 2018
Ping: 27.678 ms
Download: 98.88 Mbit/s
Upload: 5.47 Mbit/s
Tue Jul 10 15:45:01 CEST 2018
Ping: 30.036 ms
Download: 114.67 Mbit/s
Upload: 5.48 Mbit/s
Tue Jul 10 16:45:01 CEST 2018
Ping: 31.196 ms
Download: 23.14 Mbit/s
Upload: 5.37 Mbit/s
Tue Jul 10 17:45:01 CEST 2018
Ping: 27.088 ms
Download: 123.75 Mbit/s
Upload: 5.52 Mbit/s
Tue Jul 10 18:45:01 CEST 2018
Ping: 28.757 ms
Download: 112.78 Mbit/s
Upload: 5.53 Mbit/s
Tue Jul 10 19:45:01 CEST 2018
Ping: 29.299 ms
Download: 20.90 Mbit/s
Upload: 5.30 Mbit/s
Tue Jul 10 20:45:01 CEST 2018
Ping: 28.863 ms
Download: 117.84 Mbit/s
Upload: 5.28 Mbit/s
Tue Jul 10 21:45:01 CEST 2018
Ping: 30.947 ms
Download: 51.00 Mbit/s
Upload: 2.40 Mbit/s
Tue Jul 10 22:45:01 CEST 2018
Ping: 29.994 ms
Download: 117.97 Mbit/s
Upload: 5.34 Mbit/s
Tue Jul 10 23:45:01 CEST 2018
Ping: 31.286 ms
Download: 124.39 Mbit/s
Upload: 5.62 Mbit/s
Wed Jul 11 00:45:02 CEST 2018
Ping: 30.498 ms
Download: 28.28 Mbit/s
Upload: 3.24 Mbit/s
Wed Jul 11 01:45:01 CEST 2018
Ping: 24.566 ms
Download: 124.25 Mbit/s
Upload: 5.63 Mbit/s
Wed Jul 11 02:45:01 CEST 2018
Ping: 37.342 ms
Download: 118.16 Mbit/s
Upload: 5.42 Mbit/s
Wed Jul 11 03:45:01 CEST 2018
Ping: 25.267 ms
Download: 120.16 Mbit/s
Upload: 5.63 Mbit/s
Wed Jul 11 04:45:01 CEST 2018
Ping: 26.95 ms
Download: 127.06 Mbit/s
Upload: 5.65 Mbit/s
Wed Jul 11 05:45:01 CEST 2018
Ping: 30.141 ms
Download: 114.26 Mbit/s
Upload: 5.63 Mbit/s
Wed Jul 11 06:45:01 CEST 2018
Ping: 26.387 ms
Download: 119.69 Mbit/s
Upload: 4.47 Mbit/s
Wed Jul 11 07:45:01 CEST 2018
Ping: 30.496 ms
Download: 17.00 Mbit/s
Upload: 2.32 Mbit/s
Wed Jul 11 08:45:01 CEST 2018
Ping: 27.64 ms
Download: 121.46 Mbit/s
Upload: 5.52 Mbit/s
Wed Jul 11 09:45:01 CEST 2018
Ping: 31.441 ms
Download: 22.29 Mbit/s
Upload: 5.32 Mbit/s
Wed Jul 11 10:45:01 CEST 2018
Ping: 28.199 ms
Download: 120.27 Mbit/s
Upload: 5.64 Mbit/s
Wed Jul 11 11:45:01 CEST 2018
Ping: 25.418 ms
Download: 112.08 Mbit/s
Upload: 5.53 Mbit/s
Wed Jul 11 12:45:01 CEST 2018
Ping: 26.677 ms
Download: 119.53 Mbit/s
Upload: 5.60 Mbit/s
Wed Jul 11 13:45:01 CEST 2018
Ping: 30.221 ms
Download: 23.17 Mbit/s
Upload: 2.14 Mbit/s
Wed Jul 11 14:45:01 CEST 2018
Ping: 26.395 ms
Download: 86.95 Mbit/s
Upload: 5.59 Mbit/s
Wed Jul 11 15:45:01 CEST 2018
Ping: 29.279 ms
Download: 115.33 Mbit/s
Upload: 5.46 Mbit/s
Wed Jul 11 16:45:01 CEST 2018
Ping: 29.947 ms
Download: 25.25 Mbit/s
Upload: 5.34 Mbit/s
Wed Jul 11 17:45:01 CEST 2018
Ping: 33.929 ms
Download: 118.14 Mbit/s
Upload: 5.40 Mbit/s
Wed Jul 11 18:45:01 CEST 2018
Ping: 28.741 ms
Download: 123.16 Mbit/s
Upload: 5.53 Mbit/s
Wed Jul 11 19:45:01 CEST 2018
Ping: 31.07 ms
Download: 34.59 Mbit/s
Upload: 5.55 Mbit/s
Wed Jul 11 20:45:01 CEST 2018
Ping: 29.581 ms
Download: 118.43 Mbit/s
Upload: 3.35 Mbit/s
Wed Jul 11 21:45:01 CEST 2018
Ping: 29.751 ms
Download: 27.44 Mbit/s
Upload: 5.45 Mbit/s
Wed Jul 11 22:45:01 CEST 2018
Ping: 32.325 ms
Download: 25.50 Mbit/s
Upload: 1.76 Mbit/s
Wed Jul 11 23:45:01 CEST 2018
Ping: 26.228 ms
Download: 116.86 Mbit/s
Upload: 5.64 Mbit/s
Thu Jul 12 00:45:01 CEST 2018
Ping: 30.473 ms
Download: 29.87 Mbit/s
Upload: 4.81 Mbit/s
Thu Jul 12 01:45:01 CEST 2018
Ping: 30.001 ms
Download: 123.25 Mbit/s
Upload: 5.63 Mbit/s
Thu Jul 12 02:45:01 CEST 2018
Ping: 25.984 ms
Download: 120.28 Mbit/s
Upload: 5.60 Mbit/s
Thu Jul 12 03:45:01 CEST 2018
Ping: 29.604 ms
Download: 27.10 Mbit/s
Upload: 5.62 Mbit/s
Thu Jul 12 04:45:02 CEST 2018
Ping: 30.485 ms
Download: 24.54 Mbit/s
Upload: 2.34 Mbit/s
Thu Jul 12 05:45:01 CEST 2018
Ping: 33.61 ms
Download: 30.84 Mbit/s
Upload: 5.55 Mbit/s
Thu Jul 12 06:45:01 CEST 2018
Ping: 26.458 ms
Download: 108.55 Mbit/s
Upload: 5.53 Mbit/s
Thu Jul 12 07:45:01 CEST 2018
Ping: 27.092 ms
Download: 79.19 Mbit/s
Upload: 5.60 Mbit/s
Thu Jul 12 08:45:01 CEST 2018
Ping: 32.438 ms
Download: 24.08 Mbit/s
Upload: 3.47 Mbit/s
Thu Jul 12 09:45:01 CEST 2018
Ping: 25.543 ms
Download: 107.43 Mbit/s
Upload: 5.61 Mbit/s
Thu Jul 12 10:45:01 CEST 2018
Ping: 29.179 ms
Download: 110.74 Mbit/s
Upload: 5.58 Mbit/s
Thu Jul 12 11:45:02 CEST 2018
Ping: 30.485 ms
Download: 123.20 Mbit/s
Upload: 5.56 Mbit/s
Thu Jul 12 12:45:01 CEST 2018
Ping: 30.119 ms
Download: 101.71 Mbit/s
Upload: 5.51 Mbit/s
Thu Jul 12 13:45:01 CEST 2018
Ping: 30.399 ms
Download: 126.40 Mbit/s
Upload: 5.64 Mbit/s
Thu Jul 12 14:45:01 CEST 2018
Ping: 31.358 ms
Download: 126.36 Mbit/s
Upload: 5.54 Mbit/s
Thu Jul 12 15:45:01 CEST 2018
Ping: 25.592 ms
Download: 114.85 Mbit/s
Upload: 5.58 Mbit/s
Thu Jul 12 16:45:01 CEST 2018
Ping: 33.129 ms
Download: 20.60 Mbit/s
Upload: 5.42 Mbit/s
Thu Jul 12 17:45:01 CEST 2018
Ping: 26.613 ms
Download: 75.42 Mbit/s
Upload: 5.39 Mbit/s
Thu Jul 12 18:45:01 CEST 2018
Ping: 30.262 ms
Download: 111.43 Mbit/s
Upload: 5.52 Mbit/s
Thu Jul 12 19:45:01 CEST 2018
Ping: 29.376 ms
Download: 106.44 Mbit/s
Upload: 5.60 Mbit/s
Thu Jul 12 20:45:01 CEST 2018
Ping: 33.1 ms
Download: 36.45 Mbit/s
Upload: 1.97 Mbit/s
Thu Jul 12 21:45:01 CEST 2018
Ping: 28.822 ms
Download: 50.36 Mbit/s
Upload: 2.34 Mbit/s
Thu Jul 12 22:45:01 CEST 2018
Ping: 28.327 ms
Download: 124.35 Mbit/s
Upload: 5.62 Mbit/s
Thu Jul 12 23:45:01 CEST 2018
Ping: 25.199 ms
Download: 113.78 Mbit/s
Upload: 5.23 Mbit/s
Fri Jul 13 00:45:01 CEST 2018
Ping: 29.339 ms
Download: 124.80 Mbit/s
Upload: 5.58 Mbit/s
Fri Jul 13 01:45:01 CEST 2018
Ping: 27.349 ms
Download: 126.00 Mbit/s
Upload: 5.56 Mbit/s
Fri Jul 13 02:45:01 CEST 2018
Ping: 29.855 ms
Download: 35.92 Mbit/s
Upload: 5.58 Mbit/s
Fri Jul 13 03:45:01 CEST 2018
Ping: 28.811 ms
Download: 107.91 Mbit/s
Upload: 5.61 Mbit/s
Fri Jul 13 04:45:01 CEST 2018
Ping: 29.82 ms
Download: 37.77 Mbit/s
Upload: 5.38 Mbit/s
Fri Jul 13 05:45:01 CEST 2018
Ping: 26.353 ms
Download: 123.06 Mbit/s
Upload: 5.62 Mbit/s
Fri Jul 13 06:45:01 CEST 2018
Ping: 32.268 ms
Download: 32.62 Mbit/s
Upload: 1.95 Mbit/s
Fri Jul 13 07:45:01 CEST 2018
Ping: 30.395 ms
Download: 20.66 Mbit/s
Upload: 5.48 Mbit/s
Fri Jul 13 08:45:01 CEST 2018
Ping: 30.001 ms
Download: 14.08 Mbit/s
Upload: 1.88 Mbit/s
Fri Jul 13 09:45:01 CEST 2018
Ping: 26.911 ms
Download: 126.83 Mbit/s
Upload: 5.60 Mbit/s
Fri Jul 13 10:45:01 CEST 2018
Ping: 25.599 ms
Download: 123.82 Mbit/s
Upload: 5.45 Mbit/s
Fri Jul 13 11:45:01 CEST 2018
Ping: 28.055 ms
Download: 119.33 Mbit/s
Upload: 5.57 Mbit/s
Fri Jul 13 12:45:01 CEST 2018
Ping: 30.116 ms
Download: 124.23 Mbit/s
Upload: 5.62 Mbit/s
Fri Jul 13 13:45:01 CEST 2018
Ping: 30.348 ms
Download: 42.25 Mbit/s
Upload: 2.53 Mbit/s
Fri Jul 13 14:45:02 CEST 2018
Ping: 30.089 ms
Download: 120.61 Mbit/s
Upload: 5.41 Mbit/s
Fri Jul 13 15:45:01 CEST 2018
Ping: 28.15 ms
Download: 126.61 Mbit/s
Upload: 5.45 Mbit/s
Fri Jul 13 16:45:01 CEST 2018
Ping: 29.307 ms
Download: 121.62 Mbit/s
Upload: 5.63 Mbit/s
Fri Jul 13 17:45:01 CEST 2018
Ping: 29.528 ms
Download: 19.15 Mbit/s
Upload: 2.14 Mbit/s
Fri Jul 13 18:45:01 CEST 2018
Ping: 26.147 ms
Download: 119.50 Mbit/s
Upload: 5.55 Mbit/s
Fri Jul 13 19:45:01 CEST 2018
Ping: 31.347 ms
Download: 25.06 Mbit/s
Upload: 5.54 Mbit/s
Fri Jul 13 20:45:01 CEST 2018
Ping: 30.489 ms
Download: 24.85 Mbit/s
Upload: 1.94 Mbit/s
Fri Jul 13 21:45:01 CEST 2018
Ping: 28.772 ms
Download: 126.60 Mbit/s
Upload: 5.55 Mbit/s
Fri Jul 13 22:45:01 CEST 2018
Ping: 29.062 ms
Download: 118.96 Mbit/s
Upload: 5.55 Mbit/s
Fri Jul 13 23:45:01 CEST 2018
Ping: 28.296 ms
Download: 121.60 Mbit/s
Upload: 5.56 Mbit/s
Sat Jul 14 00:45:01 CEST 2018
Ping: 28.813 ms
Download: 120.78 Mbit/s
Upload: 5.45 Mbit/s
Sat Jul 14 01:45:01 CEST 2018
Ping: 32.053 ms
Download: 24.35 Mbit/s
Upload: 5.54 Mbit/s
Sat Jul 14 02:45:01 CEST 2018
Ping: 29.767 ms
Download: 27.15 Mbit/s
Upload: 1.79 Mbit/s
Sat Jul 14 03:45:01 CEST 2018
Ping: 26.412 ms
Download: 109.96 Mbit/s
Upload: 5.54 Mbit/s
Sat Jul 14 04:45:01 CEST 2018
Ping: 30.768 ms
Download: 11.50 Mbit/s
Upload: 1.91 Mbit/s
Sat Jul 14 05:45:01 CEST 2018
Ping: 29.457 ms
Download: 125.94 Mbit/s
Upload: 5.61 Mbit/s
Sat Jul 14 06:45:01 CEST 2018
Ping: 26.445 ms
Download: 121.55 Mbit/s
Upload: 5.61 Mbit/s
Sat Jul 14 07:45:01 CEST 2018
Ping: 30.186 ms
Download: 127.50 Mbit/s
Upload: 5.52 Mbit/s
Sat Jul 14 08:45:01 CEST 2018
Ping: 26.403 ms
Download: 113.42 Mbit/s
Upload: 5.52 Mbit/s
Sat Jul 14 09:45:01 CEST 2018
Ping: 29.497 ms
Download: 121.00 Mbit/s
Upload: 5.59 Mbit/s
Sat Jul 14 10:45:01 CEST 2018
Ping: 31.975 ms
Download: 18.54 Mbit/s
Upload: 1.17 Mbit/s
Sat Jul 14 11:45:01 CEST 2018
Ping: 29.065 ms
Download: 124.88 Mbit/s
Upload: 5.54 Mbit/s
Sat Jul 14 12:45:01 CEST 2018
Ping: 28.233 ms
Download: 101.02 Mbit/s
Upload: 5.53 Mbit/s
Sat Jul 14 13:45:01 CEST 2018
Ping: 30.41 ms
Download: 32.17 Mbit/s
Upload: 4.90 Mbit/s
Sat Jul 14 14:45:01 CEST 2018
Ping: 26.089 ms
Download: 122.68 Mbit/s
Upload: 5.60 Mbit/s
Sat Jul 14 15:45:01 CEST 2018
Ping: 25.45 ms
Download: 119.93 Mbit/s
Upload: 5.61 Mbit/s
Sat Jul 14 16:45:02 CEST 2018
Ping: 29.235 ms
Download: 23.53 Mbit/s
Upload: 1.92 Mbit/s
Sat Jul 14 17:45:01 CEST 2018
Ping: 32.529 ms
Download: 32.23 Mbit/s
Upload: 3.30 Mbit/s
Sat Jul 14 18:45:01 CEST 2018
Ping: 29.185 ms
Download: 127.20 Mbit/s
Upload: 5.59 Mbit/s
Sat Jul 14 19:45:01 CEST 2018
Ping: 30.899 ms
Download: 118.26 Mbit/s
Upload: 5.61 Mbit/s
Sat Jul 14 20:45:01 CEST 2018
Ping: 31.021 ms
Download: 53.69 Mbit/s
Upload: 2.70 Mbit/s
Sat Jul 14 21:45:01 CEST 2018
Ping: 31.232 ms
Download: 20.33 Mbit/s
Upload: 1.96 Mbit/s
Sat Jul 14 22:45:01 CEST 2018
Ping: 27.723 ms
Download: 122.29 Mbit/s
Upload: 5.45 Mbit/s
Sat Jul 14 23:45:01 CEST 2018
Ping: 30.456 ms
Download: 123.05 Mbit/s
Upload: 5.47 Mbit/s
Sun Jul 15 00:45:01 CEST 2018
Ping: 31.071 ms
Download: 7.37 Mbit/s
Upload: 1.96 Mbit/s
Sun Jul 15 01:45:01 CEST 2018
Ping: 25.364 ms
Download: 126.00 Mbit/s
Upload: 5.64 Mbit/s
Sun Jul 15 02:45:01 CEST 2018
Ping: 29.239 ms
Download: 127.68 Mbit/s
Upload: 5.63 Mbit/s
Sun Jul 15 03:45:02 CEST 2018
Ping: 29.148 ms
Download: 121.92 Mbit/s
Upload: 5.61 Mbit/s
Sun Jul 15 04:45:01 CEST 2018
Ping: 30.202 ms
Download: 114.03 Mbit/s
Upload: 5.60 Mbit/s
Sun Jul 15 05:45:01 CEST 2018
Ping: 30.5 ms
Download: 25.75 Mbit/s
Upload: 1.98 Mbit/s
Sun Jul 15 06:45:01 CEST 2018
Ping: 25.315 ms
Download: 125.94 Mbit/s
Upload: 5.60 Mbit/s
Sun Jul 15 07:45:01 CEST 2018
Ping: 30.749 ms
Download: 17.02 Mbit/s
Upload: 3.47 Mbit/s
Sun Jul 15 08:45:01 CEST 2018
Ping: 25.038 ms
Download: 108.67 Mbit/s
Upload: 5.63 Mbit/s
Sun Jul 15 09:45:01 CEST 2018
Ping: 29.837 ms
Download: 14.98 Mbit/s
Upload: 1.01 Mbit/s
Sun Jul 15 10:45:01 CEST 2018
Ping: 29.711 ms
Download: 14.01 Mbit/s
Upload: 2.49 Mbit/s
Sun Jul 15 11:45:01 CEST 2018
Ping: 31.485 ms
Download: 17.85 Mbit/s
Upload: 1.40 Mbit/s
Sun Jul 15 12:45:01 CEST 2018
Ping: 27.812 ms
Download: 113.77 Mbit/s
Upload: 5.53 Mbit/s
Sun Jul 15 13:45:01 CEST 2018
Ping: 30.245 ms
Download: 31.04 Mbit/s
Upload: 4.75 Mbit/s
Sun Jul 15 14:45:01 CEST 2018
Ping: 31.156 ms
Download: 13.69 Mbit/s
Upload: 5.35 Mbit/s
Sun Jul 15 15:45:02 CEST 2018
Ping: 29.811 ms
Download: 123.93 Mbit/s
Upload: 5.41 Mbit/s
Sun Jul 15 16:45:01 CEST 2018
Ping: 29.731 ms
Download: 121.59 Mbit/s
Upload: 5.49 Mbit/s
Sun Jul 15 17:45:01 CEST 2018
Ping: 28.489 ms
Download: 127.08 Mbit/s
Upload: 5.64 Mbit/s
Sun Jul 15 18:45:01 CEST 2018
Ping: 31.817 ms
Download: 21.37 Mbit/s
Upload: 2.19 Mbit/s
Sun Jul 15 19:45:01 CEST 2018
Ping: 30.176 ms
Download: 25.05 Mbit/s
Upload: 1.92 Mbit/s
Sun Jul 15 20:45:01 CEST 2018
Ping: 27.136 ms
Download: 105.65 Mbit/s
Upload: 5.56 Mbit/s
Sun Jul 15 21:45:01 CEST 2018
Ping: 27.755 ms
Download: 125.10 Mbit/s
Upload: 5.51 Mbit/s
Sun Jul 15 22:45:01 CEST 2018
Ping: 27.699 ms
Download: 119.78 Mbit/s
Upload: 5.56 Mbit/s
Sun Jul 15 23:45:01 CEST 2018
Ping: 30.113 ms
Download: 104.59 Mbit/s
Upload: 5.43 Mbit/s
Mon Jul 16 00:45:01 CEST 2018
Ping: 31.058 ms
Download: 29.58 Mbit/s
Upload: 1.46 Mbit/s
Mon Jul 16 01:45:01 CEST 2018
Ping: 25.154 ms
Download: 122.41 Mbit/s
Upload: 5.52 Mbit/s
Mon Jul 16 02:45:01 CEST 2018
Ping: 29.798 ms
Download: 124.35 Mbit/s
Upload: 5.58 Mbit/s
Mon Jul 16 03:45:02 CEST 2018
Ping: 31.358 ms
Download: 116.68 Mbit/s
Upload: 5.59 Mbit/s
Mon Jul 16 04:45:01 CEST 2018
Ping: 29.455 ms
Download: 121.92 Mbit/s
Upload: 5.59 Mbit/s
Mon Jul 16 05:45:01 CEST 2018
Ping: 26.399 ms
Download: 113.77 Mbit/s
Upload: 5.63 Mbit/s
Mon Jul 16 06:45:02 CEST 2018
Ping: 28.872 ms
Download: 118.92 Mbit/s
Upload: 4.93 Mbit/s
Mon Jul 16 07:45:01 CEST 2018
Ping: 30.47 ms
Download: 24.77 Mbit/s
Upload: 5.29 Mbit/s
Mon Jul 16 08:45:02 CEST 2018
Ping: 36.69 ms
Download: 127.41 Mbit/s
Upload: 5.59 Mbit/s
Mon Jul 16 09:45:01 CEST 2018
Ping: 28.282 ms
Download: 123.19 Mbit/s
Upload: 5.55 Mbit/s
Mon Jul 16 10:45:02 CEST 2018
Ping: 25.793 ms
Download: 127.59 Mbit/s
Upload: 5.63 Mbit/s
Mon Jul 16 11:45:01 CEST 2018
Ping: 27.733 ms
Download: 123.30 Mbit/s
Upload: 5.59 Mbit/s
Mon Jul 16 12:45:02 CEST 2018
Ping: 29.232 ms
Download: 118.41 Mbit/s
Upload: 5.61 Mbit/s
Mon Jul 16 13:45:01 CEST 2018
Ping: 27.824 ms
Download: 121.92 Mbit/s
Upload: 5.49 Mbit/s
Mon Jul 16 14:45:01 CEST 2018
Ping: 30.512 ms
Download: 111.11 Mbit/s
Upload: 5.62 Mbit/s
Mon Jul 16 15:45:01 CEST 2018
Ping: 34.075 ms
Download: 17.46 Mbit/s
Upload: 2.29 Mbit/s
Mon Jul 16 16:45:02 CEST 2018
Ping: 29.448 ms
Download: 103.55 Mbit/s
Upload: 3.97 Mbit/s
Mon Jul 16 17:45:01 CEST 2018
Ping: 26.055 ms
Download: 113.79 Mbit/s
Upload: 5.18 Mbit/s
Mon Jul 16 18:45:01 CEST 2018
Ping: 28.913 ms
Download: 19.28 Mbit/s
Upload: 2.05 Mbit/s
Mon Jul 16 19:45:01 CEST 2018
Ping: 30.889 ms
Download: 121.39 Mbit/s
Upload: 5.57 Mbit/s
Mon Jul 16 20:45:01 CEST 2018
Ping: 33.159 ms
Download: 21.94 Mbit/s
Upload: 5.36 Mbit/s
Mon Jul 16 21:45:01 CEST 2018
Ping: 27.715 ms
Download: 105.69 Mbit/s
Upload: 5.52 Mbit/s
Mon Jul 16 22:45:01 CEST 2018
Ping: 30.457 ms
Download: 71.10 Mbit/s
Upload: 5.42 Mbit/s
Mon Jul 16 23:45:01 CEST 2018
Ping: 27.077 ms
Download: 122.65 Mbit/s
Upload: 5.58 Mbit/s
Tue Jul 17 00:45:01 CEST 2018
Ping: 26.679 ms
Download: 118.34 Mbit/s
Upload: 5.33 Mbit/s
Tue Jul 17 01:45:01 CEST 2018
Ping: 29.732 ms
Download: 120.20 Mbit/s
Upload: 5.50 Mbit/s
Tue Jul 17 02:45:01 CEST 2018
Ping: 28.751 ms
Download: 17.31 Mbit/s
Upload: 1.75 Mbit/s
Tue Jul 17 03:45:01 CEST 2018
Ping: 27.935 ms
Download: 116.95 Mbit/s
Upload: 5.61 Mbit/s
Tue Jul 17 04:45:01 CEST 2018
Ping: 27.822 ms
Download: 112.17 Mbit/s
Upload: 5.44 Mbit/s
Tue Jul 17 05:45:01 CEST 2018
Ping: 30.585 ms
Download: 23.32 Mbit/s
Upload: 3.22 Mbit/s
Tue Jul 17 06:45:01 CEST 2018
Ping: 25.596 ms
Download: 115.65 Mbit/s
Upload: 5.62 Mbit/s
Tue Jul 17 07:45:01 CEST 2018
Ping: 28.206 ms
Download: 105.63 Mbit/s
Upload: 5.51 Mbit/s
Tue Jul 17 08:45:01 CEST 2018
Ping: 31.61 ms
Download: 111.61 Mbit/s
Upload: 5.44 Mbit/s
Tue Jul 17 09:45:01 CEST 2018
Ping: 29.847 ms
Download: 107.71 Mbit/s
Upload: 5.55 Mbit/s
Tue Jul 17 10:45:01 CEST 2018
Ping: 26.841 ms
Download: 121.32 Mbit/s
Upload: 5.52 Mbit/s
Tue Jul 17 11:45:01 CEST 2018
Ping: 28.392 ms
Download: 126.40 Mbit/s
Upload: 5.58 Mbit/s
Tue Jul 17 12:45:01 CEST 2018
Ping: 30.244 ms
Download: 23.60 Mbit/s
Upload: 2.93 Mbit/s
Tue Jul 17 13:45:01 CEST 2018
Ping: 29.308 ms
Download: 115.81 Mbit/s
Upload: 5.57 Mbit/s
Tue Jul 17 14:45:01 CEST 2018
Ping: 26.692 ms
Download: 122.52 Mbit/s
Upload: 5.51 Mbit/s
Tue Jul 17 15:45:01 CEST 2018
Ping: 30.822 ms
Download: 68.38 Mbit/s
Upload: 5.53 Mbit/s
Tue Jul 17 16:45:01 CEST 2018
Ping: 28.01 ms
Download: 36.04 Mbit/s
Upload: 1.84 Mbit/s
Tue Jul 17 17:45:01 CEST 2018
Ping: 26.798 ms
Download: 126.12 Mbit/s
Upload: 5.54 Mbit/s
Tue Jul 17 18:45:01 CEST 2018
Ping: 29.002 ms
Download: 125.17 Mbit/s
Upload: 5.60 Mbit/s
Tue Jul 17 19:45:01 CEST 2018
Ping: 29.999 ms
Download: 25.26 Mbit/s
Upload: 2.12 Mbit/s
Tue Jul 17 20:45:01 CEST 2018
Ping: 30.638 ms
Download: 21.93 Mbit/s
Upload: 2.31 Mbit/s
Tue Jul 17 21:45:01 CEST 2018
Ping: 32.159 ms
Download: 39.61 Mbit/s
Upload: 5.55 Mbit/s
Tue Jul 17 22:45:01 CEST 2018
Ping: 34.039 ms
Download: 34.03 Mbit/s
Upload: 3.56 Mbit/s
Tue Jul 17 23:45:01 CEST 2018
Ping: 31.972 ms
Download: 24.12 Mbit/s
Upload: 2.16 Mbit/s
Wed Jul 18 00:45:01 CEST 2018
Ping: 33.504 ms
Download: 45.29 Mbit/s
Upload: 1.93 Mbit/s
Wed Jul 18 01:45:01 CEST 2018
Ping: 33.482 ms
Download: 25.70 Mbit/s
Upload: 5.58 Mbit/s
Wed Jul 18 02:45:01 CEST 2018
Ping: 34.222 ms
Download: 116.07 Mbit/s
Upload: 5.51 Mbit/s
Wed Jul 18 03:45:01 CEST 2018
Ping: 30.191 ms
Download: 126.93 Mbit/s
Upload: 5.61 Mbit/s
Wed Jul 18 04:45:01 CEST 2018
Ping: 24.788 ms
Download: 115.18 Mbit/s
Upload: 5.61 Mbit/s
Wed Jul 18 05:45:01 CEST 2018
Ping: 30.238 ms
Download: 126.45 Mbit/s
Upload: 5.60 Mbit/s
Wed Jul 18 06:45:02 CEST 2018
Ping: 30.435 ms
Download: 19.45 Mbit/s
Upload: 3.30 Mbit/s
Wed Jul 18 07:45:01 CEST 2018
Ping: 32.763 ms
Download: 14.00 Mbit/s
Upload: 2.49 Mbit/s
Wed Jul 18 08:45:01 CEST 2018
Ping: 31.268 ms
Download: 23.26 Mbit/s
Upload: 3.15 Mbit/s
Wed Jul 18 09:45:01 CEST 2018
Ping: 27.009 ms
Download: 122.58 Mbit/s
Upload: 5.63 Mbit/s
Wed Jul 18 10:45:01 CEST 2018
Ping: 27.417 ms
Download: 99.06 Mbit/s
Upload: 5.63 Mbit/s
Wed Jul 18 11:45:02 CEST 2018
Ping: 29.999 ms
Download: 16.68 Mbit/s
Upload: 1.54 Mbit/s
Wed Jul 18 12:45:01 CEST 2018
Ping: 31.757 ms
Download: 20.48 Mbit/s
Upload: 2.46 Mbit/s
Wed Jul 18 13:45:01 CEST 2018
Ping: 30.536 ms
Download: 117.72 Mbit/s
Upload: 5.55 Mbit/s
Wed Jul 18 14:45:01 CEST 2018
Ping: 34.103 ms
Download: 34.80 Mbit/s
Upload: 2.36 Mbit/s
Wed Jul 18 15:45:01 CEST 2018
Ping: 30.28 ms
Download: 125.98 Mbit/s
Upload: 5.55 Mbit/s
Wed Jul 18 16:45:01 CEST 2018
Ping: 26.904 ms
Download: 119.82 Mbit/s
Upload: 5.45 Mbit/s
Wed Jul 18 17:45:01 CEST 2018
Ping: 31.059 ms
Download: 113.70 Mbit/s
Upload: 5.34 Mbit/s
Wed Jul 18 18:45:01 CEST 2018
Ping: 31.786 ms
Download: 31.42 Mbit/s
Upload: 2.31 Mbit/s
Wed Jul 18 19:45:01 CEST 2018
Ping: 28.119 ms
Download: 125.50 Mbit/s
Upload: 5.56 Mbit/s
Wed Jul 18 20:45:01 CEST 2018
Ping: 30.08 ms
Download: 37.05 Mbit/s
Upload: 5.51 Mbit/s
Wed Jul 18 21:45:01 CEST 2018
Ping: 32.662 ms
Download: 29.91 Mbit/s
Upload: 2.48 Mbit/s
Wed Jul 18 22:45:01 CEST 2018
Ping: 26.382 ms
Download: 115.70 Mbit/s
Upload: 5.58 Mbit/s
Wed Jul 18 23:45:01 CEST 2018
Ping: 29.954 ms
Download: 37.60 Mbit/s
Upload: 5.50 Mbit/s
Thu Jul 19 00:45:01 CEST 2018
Ping: 29.163 ms
Download: 124.62 Mbit/s
Upload: 5.16 Mbit/s
Thu Jul 19 01:45:01 CEST 2018
Ping: 26.46 ms
Download: 126.45 Mbit/s
Upload: 5.59 Mbit/s
Thu Jul 19 02:45:01 CEST 2018
Ping: 31.306 ms
Download: 126.70 Mbit/s
Upload: 5.62 Mbit/s
Thu Jul 19 03:45:01 CEST 2018
Ping: 31.043 ms
Download: 25.40 Mbit/s
Upload: 5.44 Mbit/s
Thu Jul 19 04:45:01 CEST 2018
Ping: 26.355 ms
Download: 113.30 Mbit/s
Upload: 5.54 Mbit/s
Thu Jul 19 05:45:01 CEST 2018
Ping: 31.074 ms
Download: 13.52 Mbit/s
Upload: 1.80 Mbit/s
Thu Jul 19 06:45:02 CEST 2018
Ping: 25.793 ms
Download: 92.71 Mbit/s
Upload: 5.58 Mbit/s
Thu Jul 19 07:45:01 CEST 2018
Ping: 41.105 ms
Download: 126.81 Mbit/s
Upload: 5.58 Mbit/s
Thu Jul 19 08:45:01 CEST 2018
Ping: 31.799 ms
Download: 31.53 Mbit/s
Upload: 2.70 Mbit/s
Thu Jul 19 09:45:01 CEST 2018
Ping: 25.977 ms
Download: 121.10 Mbit/s
Upload: 5.44 Mbit/s
Thu Jul 19 10:45:01 CEST 2018
Ping: 32.335 ms
Download: 21.47 Mbit/s
Upload: 5.15 Mbit/s
Thu Jul 19 11:45:01 CEST 2018
Ping: 26.924 ms
Download: 70.63 Mbit/s
Upload: 5.55 Mbit/s
Thu Jul 19 12:45:01 CEST 2018
Ping: 32.046 ms
Download: 33.31 Mbit/s
Upload: 5.44 Mbit/s
Thu Jul 19 13:45:01 CEST 2018
Ping: 30.539 ms
Download: 120.30 Mbit/s
Upload: 5.42 Mbit/s
Thu Jul 19 14:45:01 CEST 2018
Ping: 31.138 ms
Download: 23.78 Mbit/s
Upload: 2.27 Mbit/s
Thu Jul 19 15:45:01 CEST 2018
Ping: 29.083 ms
Download: 116.58 Mbit/s
Upload: 5.43 Mbit/s
Thu Jul 19 16:45:01 CEST 2018
Ping: 29.008 ms
Download: 29.07 Mbit/s
Upload: 5.49 Mbit/s
Thu Jul 19 17:45:01 CEST 2018
Ping: 29.327 ms
Download: 47.44 Mbit/s
Upload: 5.54 Mbit/s
Thu Jul 19 18:45:02 CEST 2018
Ping: 30.936 ms
Download: 123.83 Mbit/s
Upload: 5.53 Mbit/s
Thu Jul 19 19:45:01 CEST 2018
Ping: 30.739 ms
Download: 24.52 Mbit/s
Upload: 2.23 Mbit/s
Thu Jul 19 20:45:01 CEST 2018
Ping: 29.836 ms
Download: 124.96 Mbit/s
Upload: 5.43 Mbit/s
Thu Jul 19 21:45:01 CEST 2018
Ping: 29.453 ms
Download: 107.03 Mbit/s
Upload: 5.25 Mbit/s
Thu Jul 19 22:45:01 CEST 2018
Ping: 29.861 ms
Download: 116.17 Mbit/s
Upload: 5.40 Mbit/s
Thu Jul 19 23:45:02 CEST 2018
Ping: 27.578 ms
Download: 123.13 Mbit/s
Upload: 5.42 Mbit/s
Fri Jul 20 00:45:01 CEST 2018
Ping: 27.904 ms
Download: 116.62 Mbit/s
Upload: 5.55 Mbit/s
Fri Jul 20 01:45:01 CEST 2018
Ping: 30.594 ms
Download: 117.91 Mbit/s
Upload: 5.58 Mbit/s
Fri Jul 20 02:45:01 CEST 2018
Ping: 29.691 ms
Download: 127.12 Mbit/s
Upload: 5.57 Mbit/s
Fri Jul 20 03:45:01 CEST 2018
Ping: 30.589 ms
Download: 82.00 Mbit/s
Upload: 2.11 Mbit/s
Fri Jul 20 04:45:01 CEST 2018
Ping: 29.903 ms
Download: 124.90 Mbit/s
Upload: 5.58 Mbit/s
Fri Jul 20 05:45:01 CEST 2018
Ping: 30.003 ms
Download: 119.93 Mbit/s
Upload: 5.62 Mbit/s
Fri Jul 20 06:45:02 CEST 2018
Ping: 30.256 ms
Download: 19.15 Mbit/s
Upload: 2.92 Mbit/s
Fri Jul 20 07:45:01 CEST 2018
Ping: 28.818 ms
Download: 125.26 Mbit/s
Upload: 5.42 Mbit/s
Fri Jul 20 08:45:01 CEST 2018
Ping: 31.632 ms
Download: 123.47 Mbit/s
Upload: 5.56 Mbit/s
Fri Jul 20 09:45:01 CEST 2018
Ping: 29.425 ms
Download: 124.20 Mbit/s
Upload: 5.56 Mbit/s
Fri Jul 20 10:45:01 CEST 2018
Ping: 30.44 ms
Download: 124.80 Mbit/s
Upload: 5.57 Mbit/s
Fri Jul 20 11:45:01 CEST 2018
Ping: 31.088 ms
Download: 22.19 Mbit/s
Upload: 5.55 Mbit/s
Fri Jul 20 12:45:01 CEST 2018
Ping: 28.716 ms
Download: 125.38 Mbit/s
Upload: 5.61 Mbit/s
Fri Jul 20 13:45:01 CEST 2018
Ping: 31.624 ms
Download: 122.02 Mbit/s
Upload: 5.23 Mbit/s
Fri Jul 20 14:45:01 CEST 2018
Ping: 30.321 ms
Download: 107.90 Mbit/s
Upload: 5.37 Mbit/s
Fri Jul 20 15:45:01 CEST 2018
Ping: 32.186 ms
Download: 45.42 Mbit/s
Upload: 5.52 Mbit/s
Fri Jul 20 16:45:01 CEST 2018
Ping: 29.824 ms
Download: 126.56 Mbit/s
Upload: 5.58 Mbit/s
Fri Jul 20 17:45:02 CEST 2018
Ping: 30.511 ms
Download: 54.03 Mbit/s
Upload: 5.53 Mbit/s
Fri Jul 20 18:45:01 CEST 2018
Ping: 28.582 ms
Download: 125.54 Mbit/s
Upload: 5.51 Mbit/s
Fri Jul 20 19:45:02 CEST 2018
Ping: 31.123 ms
Download: 19.52 Mbit/s
Upload: 2.06 Mbit/s
Fri Jul 20 20:45:01 CEST 2018
Ping: 31.217 ms
Download: 31.05 Mbit/s
Upload: 5.55 Mbit/s
Fri Jul 20 21:45:01 CEST 2018
Ping: 27.136 ms
Download: 120.15 Mbit/s
Upload: 5.59 Mbit/s
Fri Jul 20 22:45:01 CEST 2018
Ping: 29.806 ms
Download: 126.11 Mbit/s
Upload: 5.59 Mbit/s
Fri Jul 20 23:45:02 CEST 2018
Ping: 46.273 ms
Download: 74.61 Mbit/s
Upload: 4.41 Mbit/s
Sat Jul 21 00:45:01 CEST 2018
Ping: 31.65 ms
Download: 87.95 Mbit/s
Upload: 5.45 Mbit/s
Sat Jul 21 01:45:02 CEST 2018
Ping: 29.128 ms
Download: 122.55 Mbit/s
Upload: 5.55 Mbit/s
Sat Jul 21 02:45:01 CEST 2018
Ping: 27.772 ms
Download: 118.21 Mbit/s
Upload: 5.54 Mbit/s
Sat Jul 21 03:45:01 CEST 2018
Ping: 25.593 ms
Download: 120.62 Mbit/s
Upload: 5.61 Mbit/s
Sat Jul 21 04:45:01 CEST 2018
Ping: 27.016 ms
Download: 126.27 Mbit/s
Upload: 5.59 Mbit/s
Sat Jul 21 05:45:01 CEST 2018
Ping: 26.345 ms
Download: 119.28 Mbit/s
Upload: 5.60 Mbit/s
Sat Jul 21 06:45:01 CEST 2018
Ping: 26.497 ms
Download: 124.70 Mbit/s
Upload: 5.51 Mbit/s
Sat Jul 21 07:45:01 CEST 2018
Ping: 34.152 ms
Download: 123.61 Mbit/s
Upload: 5.55 Mbit/s
Sat Jul 21 08:45:02 CEST 2018
Ping: 31.135 ms
Download: 126.62 Mbit/s
Upload: 5.50 Mbit/s
Sat Jul 21 09:45:01 CEST 2018
Ping: 32.615 ms
Download: 62.91 Mbit/s
Upload: 5.49 Mbit/s
Sat Jul 21 10:45:01 CEST 2018
Ping: 32.972 ms
Download: 79.02 Mbit/s
Upload: 5.49 Mbit/s
Sat Jul 21 11:45:01 CEST 2018
Ping: 29.541 ms
Download: 38.62 Mbit/s
Upload: 1.79 Mbit/s
Sat Jul 21 12:45:01 CEST 2018
Ping: 32.714 ms
Download: 57.83 Mbit/s
Upload: 5.26 Mbit/s
Sat Jul 21 13:45:01 CEST 2018
Ping: 30.171 ms
Download: 125.88 Mbit/s
Upload: 5.43 Mbit/s
Sat Jul 21 14:45:01 CEST 2018
Ping: 31.196 ms
Download: 69.39 Mbit/s
Upload: 5.32 Mbit/s
Sat Jul 21 15:45:01 CEST 2018
Ping: 29.742 ms
Download: 126.76 Mbit/s
Upload: 5.59 Mbit/s
Sat Jul 21 16:45:01 CEST 2018
Ping: 27.79 ms
Download: 121.78 Mbit/s
Upload: 5.53 Mbit/s
Sat Jul 21 17:45:01 CEST 2018
Ping: 27.033 ms
Download: 117.51 Mbit/s
Upload: 4.65 Mbit/s
Sat Jul 21 18:45:01 CEST 2018
Ping: 29.592 ms
Download: 126.84 Mbit/s
Upload: 5.42 Mbit/s
Sat Jul 21 19:45:01 CEST 2018
Ping: 29.997 ms
Download: 27.98 Mbit/s
Upload: 5.32 Mbit/s
Sat Jul 21 20:45:01 CEST 2018
Ping: 27.566 ms
Download: 126.53 Mbit/s
Upload: 5.53 Mbit/s
Sat Jul 21 21:45:01 CEST 2018
Ping: 31.515 ms
Download: 122.99 Mbit/s
Upload: 5.54 Mbit/s
Sat Jul 21 22:45:01 CEST 2018
Ping: 30.469 ms
Download: 32.15 Mbit/s
Upload: 5.41 Mbit/s
Sat Jul 21 23:45:01 CEST 2018
Ping: 29.165 ms
Download: 126.44 Mbit/s
Upload: 5.54 Mbit/s
Sun Jul 22 00:45:01 CEST 2018
Ping: 29.205 ms
Download: 55.44 Mbit/s
Upload: 5.56 Mbit/s
Sun Jul 22 01:45:02 CEST 2018
Ping: 26.475 ms
Download: 114.42 Mbit/s
Upload: 5.48 Mbit/s
Sun Jul 22 02:45:01 CEST 2018
Ping: 25.711 ms
Download: 113.60 Mbit/s
Upload: 5.49 Mbit/s
Sun Jul 22 03:45:01 CEST 2018
Ping: 29.627 ms
Download: 123.62 Mbit/s
Upload: 5.59 Mbit/s
Sun Jul 22 04:45:01 CEST 2018
Ping: 26.466 ms
Download: 127.54 Mbit/s
Upload: 5.57 Mbit/s
Sun Jul 22 05:45:01 CEST 2018
Ping: 26.439 ms
Download: 117.15 Mbit/s
Upload: 5.53 Mbit/s
Sun Jul 22 06:45:01 CEST 2018
Ping: 30.473 ms
Download: 118.72 Mbit/s
Upload: 5.51 Mbit/s
Sun Jul 22 07:45:01 CEST 2018
Ping: 28.248 ms
Download: 22.68 Mbit/s
Upload: 2.16 Mbit/s
Sun Jul 22 08:45:01 CEST 2018
Ping: 30.305 ms
Download: 34.36 Mbit/s
Upload: 5.22 Mbit/s
Sun Jul 22 09:45:01 CEST 2018
Ping: 29.352 ms
Download: 36.95 Mbit/s
Upload: 1.62 Mbit/s
Sun Jul 22 10:45:01 CEST 2018
Ping: 29.702 ms
Download: 125.71 Mbit/s
Upload: 5.55 Mbit/s
Sun Jul 22 11:45:01 CEST 2018
Ping: 28.763 ms
Download: 11.86 Mbit/s
Upload: 4.83 Mbit/s
Sun Jul 22 12:45:02 CEST 2018
Ping: 29.114 ms
Download: 126.10 Mbit/s
Upload: 5.15 Mbit/s
Sun Jul 22 13:45:01 CEST 2018
Ping: 36.043 ms
Download: 56.68 Mbit/s
Upload: 1.89 Mbit/s
Sun Jul 22 14:45:01 CEST 2018
Ping: 29.919 ms
Download: 113.55 Mbit/s
Upload: 4.82 Mbit/s
Sun Jul 22 15:45:01 CEST 2018
Ping: 32.238 ms
Download: 25.31 Mbit/s
Upload: 1.56 Mbit/s
Sun Jul 22 16:45:01 CEST 2018
Ping: 25.927 ms
Download: 103.42 Mbit/s
Upload: 5.53 Mbit/s
Sun Jul 22 17:45:01 CEST 2018
Ping: 26.935 ms
Download: 118.30 Mbit/s
Upload: 5.59 Mbit/s
Sun Jul 22 18:45:01 CEST 2018
Ping: 29.543 ms
Download: 12.92 Mbit/s
Upload: 2.48 Mbit/s
Sun Jul 22 19:45:01 CEST 2018
Ping: 31.024 ms
Download: 28.28 Mbit/s
Upload: 1.70 Mbit/s
Sun Jul 22 20:45:01 CEST 2018
Ping: 28.549 ms
Download: 125.80 Mbit/s
Upload: 5.48 Mbit/s
Sun Jul 22 21:45:01 CEST 2018
Ping: 29.085 ms
Download: 126.03 Mbit/s
Upload: 5.46 Mbit/s
Sun Jul 22 22:45:01 CEST 2018
Ping: 29.823 ms
Download: 59.52 Mbit/s
Upload: 4.70 Mbit/s
Sun Jul 22 23:45:01 CEST 2018
Ping: 28.732 ms
Download: 116.25 Mbit/s
Upload: 5.22 Mbit/s
Mon Jul 23 00:45:01 CEST 2018
Ping: 31.076 ms
Download: 11.35 Mbit/s
Upload: 1.37 Mbit/s
Mon Jul 23 01:45:01 CEST 2018
Ping: 29.051 ms
Download: 118.36 Mbit/s
Upload: 5.60 Mbit/s
Mon Jul 23 02:45:01 CEST 2018
Ping: 27.887 ms
Download: 114.90 Mbit/s
Upload: 5.56 Mbit/s
Mon Jul 23 03:45:01 CEST 2018
Ping: 28.102 ms
Download: 113.28 Mbit/s
Upload: 5.56 Mbit/s
Mon Jul 23 04:45:01 CEST 2018
Ping: 29.212 ms
Download: 127.11 Mbit/s
Upload: 5.54 Mbit/s
Mon Jul 23 05:45:01 CEST 2018
Ping: 29.037 ms
Download: 124.31 Mbit/s
Upload: 5.53 Mbit/s
Mon Jul 23 06:45:01 CEST 2018
Ping: 30.494 ms
Download: 31.75 Mbit/s
Upload: 5.43 Mbit/s
Mon Jul 23 07:45:01 CEST 2018
Ping: 27.464 ms
Download: 125.74 Mbit/s
Upload: 5.53 Mbit/s
Mon Jul 23 08:45:01 CEST 2018
Ping: 28.977 ms
Download: 124.45 Mbit/s
Upload: 5.30 Mbit/s
Mon Jul 23 09:45:01 CEST 2018
Ping: 29.206 ms
Download: 111.99 Mbit/s
Upload: 5.62 Mbit/s
Mon Jul 23 10:45:01 CEST 2018
Ping: 33.529 ms
Download: 30.96 Mbit/s
Upload: 2.98 Mbit/s
Mon Jul 23 11:45:01 CEST 2018
Ping: 27.732 ms
Download: 122.38 Mbit/s
Upload: 5.63 Mbit/s
Mon Jul 23 12:45:01 CEST 2018
Ping: 27.321 ms
Download: 107.70 Mbit/s
Upload: 5.63 Mbit/s
Mon Jul 23 13:45:01 CEST 2018
Ping: 29.197 ms
Download: 117.09 Mbit/s
Upload: 5.43 Mbit/s
Mon Jul 23 14:45:01 CEST 2018
Ping: 28.306 ms
Download: 117.77 Mbit/s
Upload: 5.61 Mbit/s
Mon Jul 23 15:45:01 CEST 2018
Ping: 31.827 ms
Download: 21.75 Mbit/s
Upload: 2.94 Mbit/s
Mon Jul 23 16:45:02 CEST 2018
Ping: 31.169 ms
Download: 22.70 Mbit/s
Upload: 3.05 Mbit/s
Mon Jul 23 17:45:01 CEST 2018
Ping: 28.925 ms
Download: 36.69 Mbit/s
Upload: 2.31 Mbit/s
Mon Jul 23 18:45:01 CEST 2018
Ping: 30.475 ms
Download: 66.76 Mbit/s
Upload: 5.06 Mbit/s
Mon Jul 23 19:45:01 CEST 2018
Ping: 30.278 ms
Download: 33.90 Mbit/s
Upload: 5.50 Mbit/s
Mon Jul 23 20:45:01 CEST 2018
Ping: 26.466 ms
Download: 119.80 Mbit/s
Upload: 5.42 Mbit/s
Mon Jul 23 21:45:01 CEST 2018
Ping: 29.174 ms
Download: 124.41 Mbit/s
Upload: 4.12 Mbit/s
Mon Jul 23 22:45:01 CEST 2018
Ping: 31.159 ms
Download: 18.88 Mbit/s
Upload: 5.25 Mbit/s
Mon Jul 23 23:45:01 CEST 2018
Ping: 26.98 ms
Download: 124.20 Mbit/s
Upload: 5.53 Mbit/s
Tue Jul 24 00:45:01 CEST 2018
Ping: 26.984 ms
Download: 88.84 Mbit/s
Upload: 5.45 Mbit/s
Tue Jul 24 01:45:01 CEST 2018
Ping: 28.453 ms
Download: 30.27 Mbit/s
Upload: 5.33 Mbit/s
Tue Jul 24 02:45:01 CEST 2018
Ping: 30.017 ms
Download: 25.26 Mbit/s
Upload: 5.46 Mbit/s
Tue Jul 24 03:45:01 CEST 2018
Ping: 25.175 ms
Download: 116.79 Mbit/s
Upload: 5.42 Mbit/s
Tue Jul 24 04:45:01 CEST 2018
Ping: 25.871 ms
Download: 109.96 Mbit/s
Upload: 5.54 Mbit/s
Tue Jul 24 05:45:01 CEST 2018
Ping: 27.342 ms
Download: 123.66 Mbit/s
Upload: 5.55 Mbit/s
Tue Jul 24 06:45:01 CEST 2018
Ping: 30.459 ms
Download: 31.38 Mbit/s
Upload: 5.38 Mbit/s
Tue Jul 24 07:45:02 CEST 2018
Ping: 30.126 ms
Download: 22.43 Mbit/s
Upload: 1.79 Mbit/s
Tue Jul 24 08:45:01 CEST 2018
Ping: 26.359 ms
Download: 114.02 Mbit/s
Upload: 5.43 Mbit/s
Tue Jul 24 09:45:01 CEST 2018
Ping: 26.396 ms
Download: 112.65 Mbit/s
Upload: 5.51 Mbit/s
Tue Jul 24 10:45:01 CEST 2018
Ping: 28.251 ms
Download: 121.56 Mbit/s
Upload: 5.54 Mbit/s
Tue Jul 24 11:45:01 CEST 2018
Ping: 28.449 ms
Download: 22.27 Mbit/s
Upload: 2.97 Mbit/s
Tue Jul 24 12:45:01 CEST 2018
Ping: 27.893 ms
Download: 114.87 Mbit/s
Upload: 5.60 Mbit/s
Tue Jul 24 13:45:01 CEST 2018
Ping: 29.168 ms
Download: 105.24 Mbit/s
Upload: 5.49 Mbit/s
Tue Jul 24 14:45:01 CEST 2018
Ping: 30.793 ms
Download: 89.58 Mbit/s
Upload: 5.55 Mbit/s
Tue Jul 24 15:45:01 CEST 2018
Ping: 28.398 ms
Download: 31.24 Mbit/s
Upload: 5.49 Mbit/s
Tue Jul 24 16:45:01 CEST 2018
Ping: 29.097 ms
Download: 33.82 Mbit/s
Upload: 5.46 Mbit/s
Tue Jul 24 17:45:01 CEST 2018
Ping: 28.884 ms
Download: 125.78 Mbit/s
Upload: 5.45 Mbit/s
Tue Jul 24 18:45:01 CEST 2018
Ping: 28.592 ms
Download: 126.97 Mbit/s
Upload: 5.53 Mbit/s
Tue Jul 24 19:45:01 CEST 2018
Ping: 26.983 ms
Download: 112.37 Mbit/s
Upload: 5.08 Mbit/s
Tue Jul 24 20:45:01 CEST 2018
Ping: 29.739 ms
Download: 119.97 Mbit/s
Upload: 5.44 Mbit/s
Tue Jul 24 21:45:01 CEST 2018
Ping: 27.562 ms
Download: 120.99 Mbit/s
Upload: 5.53 Mbit/s
Tue Jul 24 22:45:01 CEST 2018
Ping: 26.398 ms
Download: 125.11 Mbit/s
Upload: 5.52 Mbit/s
Tue Jul 24 23:45:01 CEST 2018
Ping: 32.135 ms
Download: 122.15 Mbit/s
Upload: 5.60 Mbit/s
Wed Jul 25 00:45:01 CEST 2018
Ping: 29.691 ms
Download: 37.97 Mbit/s
Upload: 5.57 Mbit/s
Wed Jul 25 01:45:01 CEST 2018
Ping: 28.82 ms
Download: 125.57 Mbit/s
Upload: 5.59 Mbit/s
Wed Jul 25 02:45:02 CEST 2018
Ping: 28.234 ms
Download: 121.83 Mbit/s
Upload: 5.54 Mbit/s
Wed Jul 25 03:45:01 CEST 2018
Ping: 29.648 ms
Download: 120.58 Mbit/s
Upload: 5.62 Mbit/s
Wed Jul 25 04:45:01 CEST 2018
Ping: 29.18 ms
Download: 122.64 Mbit/s
Upload: 5.60 Mbit/s
Wed Jul 25 05:45:01 CEST 2018
Ping: 25.561 ms
Download: 123.91 Mbit/s
Upload: 5.65 Mbit/s
Wed Jul 25 06:45:01 CEST 2018
Ping: 28.543 ms
Download: 116.56 Mbit/s
Upload: 5.62 Mbit/s
Wed Jul 25 07:45:01 CEST 2018
Ping: 25.328 ms
Download: 113.10 Mbit/s
Upload: 5.58 Mbit/s
Wed Jul 25 08:45:01 CEST 2018
Ping: 27.344 ms
Download: 119.24 Mbit/s
Upload: 5.58 Mbit/s
Wed Jul 25 09:45:01 CEST 2018
Ping: 31.041 ms
Download: 29.13 Mbit/s
Upload: 5.63 Mbit/s
Wed Jul 25 10:45:01 CEST 2018
Ping: 29.246 ms
Download: 124.68 Mbit/s
Upload: 5.60 Mbit/s
Wed Jul 25 11:45:01 CEST 2018
Ping: 27.883 ms
Download: 125.97 Mbit/s
Upload: 5.56 Mbit/s
Wed Jul 25 12:45:01 CEST 2018
Ping: 29.451 ms
Download: 123.60 Mbit/s
Upload: 5.57 Mbit/s
Wed Jul 25 13:45:01 CEST 2018
Ping: 27.233 ms
Download: 118.62 Mbit/s
Upload: 5.58 Mbit/s
Wed Jul 25 14:45:01 CEST 2018
Ping: 28.452 ms
Download: 34.12 Mbit/s
Upload: 5.27 Mbit/s
Wed Jul 25 15:45:01 CEST 2018
Ping: 29.418 ms
Download: 28.90 Mbit/s
Upload: 2.35 Mbit/s
Wed Jul 25 16:45:01 CEST 2018
Ping: 30.45 ms
Download: 116.93 Mbit/s
Upload: 5.10 Mbit/s
Wed Jul 25 17:45:01 CEST 2018
Ping: 24.74 ms
Download: 108.60 Mbit/s
Upload: 5.60 Mbit/s
Wed Jul 25 18:45:01 CEST 2018
Ping: 28.138 ms
Download: 35.38 Mbit/s
Upload: 5.47 Mbit/s
Wed Jul 25 19:45:01 CEST 2018
Ping: 28.661 ms
Download: 125.98 Mbit/s
Upload: 5.51 Mbit/s
Wed Jul 25 20:45:01 CEST 2018
Ping: 31.494 ms
Download: 39.15 Mbit/s
Upload: 5.30 Mbit/s
Wed Jul 25 21:45:01 CEST 2018
Ping: 29.862 ms
Download: 10.03 Mbit/s
Upload: 5.22 Mbit/s
Wed Jul 25 22:45:01 CEST 2018
Ping: 30.509 ms
Download: 15.10 Mbit/s
Upload: 1.51 Mbit/s
Wed Jul 25 23:45:01 CEST 2018
Ping: 30.494 ms
Download: 30.42 Mbit/s
Upload: 3.17 Mbit/s
Thu Jul 26 00:45:01 CEST 2018
Ping: 29.477 ms
Download: 118.12 Mbit/s
Upload: 5.47 Mbit/s
Thu Jul 26 01:45:01 CEST 2018
Ping: 27.979 ms
Download: 125.85 Mbit/s
Upload: 5.41 Mbit/s
Thu Jul 26 02:45:01 CEST 2018
Ping: 25.792 ms
Download: 122.38 Mbit/s
Upload: 5.59 Mbit/s
Thu Jul 26 03:45:01 CEST 2018
Ping: 29.51 ms
Download: 56.22 Mbit/s
Upload: 5.56 Mbit/s
Thu Jul 26 04:45:01 CEST 2018
Ping: 30.018 ms
Download: 82.32 Mbit/s
Upload: 5.58 Mbit/s
Thu Jul 26 05:45:01 CEST 2018
Ping: 29.135 ms
Download: 125.56 Mbit/s
Upload: 5.61 Mbit/s
Thu Jul 26 06:45:02 CEST 2018
Ping: 29.935 ms
Download: 122.35 Mbit/s
Upload: 5.63 Mbit/s
Thu Jul 26 07:45:01 CEST 2018
Ping: 30.873 ms
Download: 29.91 Mbit/s
Upload: 5.52 Mbit/s
Thu Jul 26 08:45:01 CEST 2018
Ping: 29.787 ms
Download: 106.98 Mbit/s
Upload: 5.56 Mbit/s
Thu Jul 26 09:45:01 CEST 2018
Ping: 29.151 ms
Download: 124.35 Mbit/s
Upload: 5.54 Mbit/s
Thu Jul 26 10:45:01 CEST 2018
Ping: 30.487 ms
Download: 114.71 Mbit/s
Upload: 5.65 Mbit/s
Thu Jul 26 11:45:01 CEST 2018
Ping: 25.649 ms
Download: 126.67 Mbit/s
Upload: 5.51 Mbit/s
Thu Jul 26 12:45:01 CEST 2018
Ping: 27.992 ms
Download: 109.03 Mbit/s
Upload: 5.65 Mbit/s
Thu Jul 26 13:45:01 CEST 2018
Ping: 30.455 ms
Download: 25.68 Mbit/s
Upload: 5.50 Mbit/s
Thu Jul 26 14:45:01 CEST 2018
Ping: 27.146 ms
Download: 123.73 Mbit/s
Upload: 5.60 Mbit/s
Thu Jul 26 15:45:01 CEST 2018
Ping: 27.287 ms
Download: 111.63 Mbit/s
Upload: 5.59 Mbit/s
Thu Jul 26 16:45:01 CEST 2018
Ping: 30.268 ms
Download: 101.50 Mbit/s
Upload: 5.57 Mbit/s
Thu Jul 26 17:45:01 CEST 2018
Ping: 29.828 ms
Download: 32.91 Mbit/s
Upload: 5.50 Mbit/s
Thu Jul 26 18:45:01 CEST 2018
Ping: 28.248 ms
Download: 120.87 Mbit/s
Upload: 5.57 Mbit/s
Thu Jul 26 19:45:01 CEST 2018
Ping: 26.393 ms
Download: 115.61 Mbit/s
Upload: 5.60 Mbit/s
Thu Jul 26 20:45:01 CEST 2018
Ping: 28.081 ms
Download: 118.61 Mbit/s
Upload: 5.57 Mbit/s
Thu Jul 26 21:45:01 CEST 2018
Ping: 30.473 ms
Download: 107.15 Mbit/s
Upload: 5.56 Mbit/s
Thu Jul 26 22:45:01 CEST 2018
Ping: 27.704 ms
Download: 98.85 Mbit/s
Upload: 5.37 Mbit/s
Thu Jul 26 23:45:02 CEST 2018
Ping: 33.134 ms
Download: 22.59 Mbit/s
Upload: 5.14 Mbit/s
Fri Jul 27 00:45:01 CEST 2018
Ping: 29.782 ms
Download: 18.59 Mbit/s
Upload: 1.84 Mbit/s
Fri Jul 27 01:45:01 CEST 2018
Ping: 31.257 ms
Download: 22.33 Mbit/s
Upload: 2.58 Mbit/s
Fri Jul 27 02:45:01 CEST 2018
Ping: 29.278 ms
Download: 109.63 Mbit/s
Upload: 5.49 Mbit/s
Fri Jul 27 03:45:01 CEST 2018
Ping: 29.006 ms
Download: 26.77 Mbit/s
Upload: 5.52 Mbit/s
Fri Jul 27 04:45:01 CEST 2018
Ping: 29.298 ms
Download: 47.13 Mbit/s
Upload: 1.91 Mbit/s
Fri Jul 27 05:45:02 CEST 2018
Ping: 29.173 ms
Download: 23.94 Mbit/s
Upload: 5.50 Mbit/s
Fri Jul 27 06:45:01 CEST 2018
Ping: 30.492 ms
Download: 124.28 Mbit/s
Upload: 5.61 Mbit/s
Fri Jul 27 07:45:01 CEST 2018
Ping: 27.888 ms
Download: 124.18 Mbit/s
Upload: 5.62 Mbit/s
Fri Jul 27 08:45:01 CEST 2018
Ping: 29.359 ms
Download: 121.64 Mbit/s
Upload: 5.57 Mbit/s
Fri Jul 27 09:45:01 CEST 2018
Ping: 25.964 ms
Download: 119.53 Mbit/s
Upload: 5.62 Mbit/s
Fri Jul 27 10:45:01 CEST 2018
Ping: 28.465 ms
Download: 119.40 Mbit/s
Upload: 5.58 Mbit/s
Fri Jul 27 11:45:01 CEST 2018
Ping: 26.388 ms
Download: 109.07 Mbit/s
Upload: 5.64 Mbit/s
Fri Jul 27 12:45:01 CEST 2018
Ping: 25.695 ms
Download: 103.41 Mbit/s
Upload: 5.56 Mbit/s
Fri Jul 27 13:45:01 CEST 2018
Ping: 31.044 ms
Download: 28.65 Mbit/s
Upload: 3.22 Mbit/s
Fri Jul 27 14:45:02 CEST 2018
Ping: 25.102 ms
Download: 91.10 Mbit/s
Upload: 5.45 Mbit/s
Fri Jul 27 15:45:01 CEST 2018
Ping: 32.311 ms
Download: 20.01 Mbit/s
Upload: 5.52 Mbit/s
Fri Jul 27 16:45:01 CEST 2018
Ping: 27.135 ms
Download: 125.03 Mbit/s
Upload: 5.60 Mbit/s
Fri Jul 27 17:45:01 CEST 2018
Ping: 28.566 ms
Download: 104.97 Mbit/s
Upload: 5.54 Mbit/s
Fri Jul 27 18:45:01 CEST 2018
Ping: 30.434 ms
Download: 123.05 Mbit/s
Upload: 5.61 Mbit/s
Fri Jul 27 19:45:01 CEST 2018
Ping: 28.049 ms
Download: 123.97 Mbit/s
Upload: 5.67 Mbit/s
Fri Jul 27 20:45:01 CEST 2018
Ping: 28.626 ms
Download: 127.33 Mbit/s
Upload: 5.59 Mbit/s
Fri Jul 27 21:45:01 CEST 2018
Ping: 32.502 ms
Download: 15.74 Mbit/s
Upload: 1.51 Mbit/s
Fri Jul 27 22:45:01 CEST 2018
Ping: 26.398 ms
Download: 115.47 Mbit/s
Upload: 5.54 Mbit/s
Fri Jul 27 23:45:01 CEST 2018
Ping: 29.774 ms
Download: 23.51 Mbit/s
Upload: 5.07 Mbit/s
Sat Jul 28 00:45:01 CEST 2018
Ping: 29.158 ms
Download: 126.94 Mbit/s
Upload: 5.61 Mbit/s
Sat Jul 28 01:45:01 CEST 2018
Ping: 25.853 ms
Download: 119.61 Mbit/s
Upload: 5.29 Mbit/s
Sat Jul 28 02:45:01 CEST 2018
Ping: 28.955 ms
Download: 122.48 Mbit/s
Upload: 5.56 Mbit/s
Sat Jul 28 03:45:01 CEST 2018
Ping: 28.964 ms
Download: 116.84 Mbit/s
Upload: 5.58 Mbit/s
Sat Jul 28 04:45:01 CEST 2018
Ping: 29.813 ms
Download: 32.22 Mbit/s
Upload: 2.54 Mbit/s
Sat Jul 28 05:45:02 CEST 2018
Ping: 28.641 ms
Download: 31.30 Mbit/s
Upload: 5.59 Mbit/s
Sat Jul 28 06:45:01 CEST 2018
Ping: 27.194 ms
Download: 127.22 Mbit/s
Upload: 5.61 Mbit/s
Sat Jul 28 07:45:01 CEST 2018
Ping: 28.097 ms
Download: 123.35 Mbit/s
Upload: 5.64 Mbit/s
Sat Jul 28 08:45:01 CEST 2018
Ping: 30.041 ms
Download: 18.74 Mbit/s
Upload: 3.35 Mbit/s
Sat Jul 28 09:45:01 CEST 2018
Ping: 29.112 ms
Download: 121.43 Mbit/s
Upload: 5.55 Mbit/s
Sat Jul 28 10:45:01 CEST 2018
Ping: 27.648 ms
Download: 110.03 Mbit/s
Upload: 5.58 Mbit/s
Sat Jul 28 11:45:01 CEST 2018
Ping: 28.255 ms
Download: 126.94 Mbit/s
Upload: 5.55 Mbit/s
Sat Jul 28 12:45:01 CEST 2018
Ping: 32.768 ms
Download: 17.32 Mbit/s
Upload: 5.45 Mbit/s
Sat Jul 28 13:45:01 CEST 2018
Ping: 29.582 ms
Download: 22.59 Mbit/s
Upload: 2.75 Mbit/s
Sat Jul 28 14:45:01 CEST 2018
Ping: 28.622 ms
Download: 125.51 Mbit/s
Upload: 5.57 Mbit/s
Sat Jul 28 15:45:01 CEST 2018
Ping: 31.826 ms
Download: 119.28 Mbit/s
Upload: 5.62 Mbit/s
Sat Jul 28 16:45:02 CEST 2018
Ping: 26.407 ms
Download: 117.35 Mbit/s
Upload: 5.54 Mbit/s
Sat Jul 28 17:45:02 CEST 2018
Ping: 28.17 ms
Download: 21.80 Mbit/s
Upload: 3.83 Mbit/s
Sat Jul 28 18:45:01 CEST 2018
Ping: 27.548 ms
Download: 95.35 Mbit/s
Upload: 5.41 Mbit/s
Sat Jul 28 19:45:01 CEST 2018
Ping: 30.478 ms
Download: 126.80 Mbit/s
Upload: 5.61 Mbit/s
Sat Jul 28 20:45:01 CEST 2018
Ping: 29.147 ms
Download: 121.34 Mbit/s
Upload: 5.53 Mbit/s
Sat Jul 28 21:45:01 CEST 2018
Ping: 32.483 ms
Download: 15.25 Mbit/s
Upload: 1.76 Mbit/s
Sat Jul 28 22:45:01 CEST 2018
Ping: 29.138 ms
Download: 121.41 Mbit/s
Upload: 5.58 Mbit/s
Sat Jul 28 23:45:02 CEST 2018
Ping: 30.162 ms
Download: 88.54 Mbit/s
Upload: 1.65 Mbit/s
Sun Jul 29 00:45:01 CEST 2018
Ping: 27.091 ms
Download: 126.37 Mbit/s
Upload: 5.61 Mbit/s
Sun Jul 29 01:45:01 CEST 2018
Ping: 25.739 ms
Download: 121.77 Mbit/s
Upload: 5.65 Mbit/s
Sun Jul 29 02:45:01 CEST 2018
Ping: 31.51 ms
Download: 15.39 Mbit/s
Upload: 5.26 Mbit/s
Sun Jul 29 03:45:01 CEST 2018
Ping: 27.741 ms
Download: 115.46 Mbit/s
Upload: 5.55 Mbit/s
Sun Jul 29 04:45:02 CEST 2018
Ping: 30.021 ms
Download: 102.12 Mbit/s
Upload: 5.56 Mbit/s
Sun Jul 29 05:45:01 CEST 2018
Ping: 26.444 ms
Download: 126.32 Mbit/s
Upload: 5.60 Mbit/s
Sun Jul 29 06:45:01 CEST 2018
Ping: 30.487 ms
Download: 31.87 Mbit/s
Upload: 5.52 Mbit/s
Sun Jul 29 07:45:01 CEST 2018
Ping: 24.998 ms
Download: 123.95 Mbit/s
Upload: 5.60 Mbit/s
Sun Jul 29 08:45:01 CEST 2018
Ping: 26.385 ms
Download: 118.38 Mbit/s
Upload: 5.63 Mbit/s
Sun Jul 29 09:45:01 CEST 2018
Ping: 28.177 ms
Download: 124.48 Mbit/s
Upload: 5.66 Mbit/s
Sun Jul 29 10:45:01 CEST 2018
Ping: 29.824 ms
Download: 23.63 Mbit/s
Upload: 5.40 Mbit/s
Sun Jul 29 11:45:01 CEST 2018
Ping: 32.712 ms
Download: 34.81 Mbit/s
Upload: 5.56 Mbit/s
Sun Jul 29 12:45:01 CEST 2018
Ping: 31.544 ms
Download: 31.56 Mbit/s
Upload: 2.73 Mbit/s
Sun Jul 29 13:45:01 CEST 2018
Ping: 27.981 ms
Download: 126.01 Mbit/s
Upload: 5.58 Mbit/s
Sun Jul 29 14:45:01 CEST 2018
Ping: 27.225 ms
Download: 126.08 Mbit/s
Upload: 5.55 Mbit/s
Sun Jul 29 15:45:01 CEST 2018
Ping: 30.646 ms
Download: 10.46 Mbit/s
Upload: 1.86 Mbit/s
Sun Jul 29 16:45:01 CEST 2018
Ping: 31.357 ms
Download: 96.92 Mbit/s
Upload: 5.56 Mbit/s
Sun Jul 29 17:45:01 CEST 2018
Ping: 26.439 ms
Download: 95.63 Mbit/s
Upload: 5.60 Mbit/s
Sun Jul 29 18:45:01 CEST 2018
Ping: 27.653 ms
Download: 127.43 Mbit/s
Upload: 5.62 Mbit/s
Sun Jul 29 19:45:01 CEST 2018
Ping: 27.537 ms
Download: 119.25 Mbit/s
Upload: 5.57 Mbit/s
Sun Jul 29 20:45:01 CEST 2018
Ping: 32.399 ms
Download: 42.08 Mbit/s
Upload: 1.45 Mbit/s
Sun Jul 29 21:45:02 CEST 2018
Ping: 30.477 ms
Download: 125.46 Mbit/s
Upload: 5.52 Mbit/s
Sun Jul 29 22:45:01 CEST 2018
Ping: 26.446 ms
Download: 126.85 Mbit/s
Upload: 5.55 Mbit/s
Sun Jul 29 23:45:01 CEST 2018
Ping: 26.331 ms
Download: 118.97 Mbit/s
Upload: 5.56 Mbit/s
Mon Jul 30 00:45:01 CEST 2018
Ping: 30.121 ms
Download: 11.53 Mbit/s
Upload: 2.49 Mbit/s
Mon Jul 30 01:45:01 CEST 2018
Ping: 30.414 ms
Download: 21.90 Mbit/s
Upload: 5.40 Mbit/s
Mon Jul 30 02:45:01 CEST 2018
Ping: 30.529 ms
Download: 29.91 Mbit/s
Upload: 1.80 Mbit/s
Mon Jul 30 03:45:02 CEST 2018
Ping: 29.061 ms
Download: 24.57 Mbit/s
Upload: 5.50 Mbit/s
Mon Jul 30 04:45:01 CEST 2018
Ping: 28.025 ms
Download: 127.21 Mbit/s
Upload: 5.61 Mbit/s
Mon Jul 30 05:45:01 CEST 2018
Ping: 30.968 ms
Download: 18.71 Mbit/s
Upload: 2.18 Mbit/s
Mon Jul 30 06:45:01 CEST 2018
Ping: 29.094 ms
Download: 116.34 Mbit/s
Upload: 5.60 Mbit/s
Mon Jul 30 07:45:01 CEST 2018
Ping: 28.37 ms
Download: 43.70 Mbit/s
Upload: 3.09 Mbit/s
Mon Jul 30 08:45:01 CEST 2018
Ping: 32.02 ms
Download: 28.64 Mbit/s
Upload: 1.86 Mbit/s
Mon Jul 30 09:45:01 CEST 2018
Ping: 27.422 ms
Download: 45.38 Mbit/s
Upload: 5.12 Mbit/s
Mon Jul 30 10:45:01 CEST 2018
Ping: 26.599 ms
Download: 126.16 Mbit/s
Upload: 5.38 Mbit/s
Mon Jul 30 11:45:01 CEST 2018
Ping: 29.684 ms
Download: 18.43 Mbit/s
Upload: 2.17 Mbit/s
Mon Jul 30 12:45:01 CEST 2018
Ping: 30.489 ms
Download: 125.63 Mbit/s
Upload: 5.24 Mbit/s
Mon Jul 30 13:45:01 CEST 2018
Ping: 31.567 ms
Download: 24.49 Mbit/s
Upload: 5.04 Mbit/s
Mon Jul 30 14:45:01 CEST 2018
Ping: 29.519 ms
Download: 127.54 Mbit/s
Upload: 5.57 Mbit/s
Mon Jul 30 15:45:01 CEST 2018
Ping: 30.291 ms
Download: 125.71 Mbit/s
Upload: 5.52 Mbit/s
Mon Jul 30 16:45:01 CEST 2018
Ping: 31.198 ms
Download: 23.45 Mbit/s
Upload: 1.79 Mbit/s
Mon Jul 30 17:45:01 CEST 2018
Ping: 27.086 ms
Download: 109.14 Mbit/s
Upload: 3.41 Mbit/s
Mon Jul 30 18:45:01 CEST 2018
Ping: 29.572 ms
Download: 124.36 Mbit/s
Upload: 5.15 Mbit/s
Mon Jul 30 19:45:01 CEST 2018
Ping: 31.269 ms
Download: 11.01 Mbit/s
Upload: 2.37 Mbit/s
Mon Jul 30 20:45:01 CEST 2018
Ping: 26.667 ms
Download: 114.64 Mbit/s
Upload: 5.53 Mbit/s
Mon Jul 30 21:45:01 CEST 2018
Ping: 32.758 ms
Download: 29.01 Mbit/s
Upload: 1.52 Mbit/s
Mon Jul 30 22:45:01 CEST 2018
Ping: 30.27 ms
Download: 121.44 Mbit/s
Upload: 5.64 Mbit/s
Mon Jul 30 23:45:01 CEST 2018
Ping: 32.15 ms
Download: 102.91 Mbit/s
Upload: 5.53 Mbit/s
Tue Jul 31 00:45:01 CEST 2018
Ping: 26.22 ms
Download: 116.57 Mbit/s
Upload: 5.55 Mbit/s
Tue Jul 31 01:45:01 CEST 2018
Ping: 26.39 ms
Download: 119.94 Mbit/s
Upload: 5.55 Mbit/s
Tue Jul 31 02:45:01 CEST 2018
Ping: 26.381 ms
Download: 108.77 Mbit/s
Upload: 5.60 Mbit/s
Tue Jul 31 03:45:01 CEST 2018
Ping: 30.987 ms
Download: 26.95 Mbit/s
Upload: 2.50 Mbit/s
Tue Jul 31 04:45:01 CEST 2018
Ping: 26.588 ms
Download: 120.15 Mbit/s
Upload: 5.59 Mbit/s
Tue Jul 31 05:45:01 CEST 2018
Ping: 29.04 ms
Download: 26.48 Mbit/s
Upload: 5.56 Mbit/s
Tue Jul 31 06:45:01 CEST 2018
Ping: 25.879 ms
Download: 122.61 Mbit/s
Upload: 5.43 Mbit/s
Tue Jul 31 07:45:01 CEST 2018
Ping: 30.147 ms
Download: 125.61 Mbit/s
Upload: 5.49 Mbit/s
Tue Jul 31 08:45:01 CEST 2018
Ping: 31.225 ms
Download: 31.88 Mbit/s
Upload: 5.41 Mbit/s
Tue Jul 31 09:45:01 CEST 2018
Ping: 28.412 ms
Download: 117.72 Mbit/s
Upload: 5.57 Mbit/s
Tue Jul 31 10:45:01 CEST 2018
Ping: 27.93 ms
Download: 118.74 Mbit/s
Upload: 5.38 Mbit/s
Tue Jul 31 11:45:02 CEST 2018
Ping: 29.401 ms
Download: 21.03 Mbit/s
Upload: 2.52 Mbit/s
Tue Jul 31 12:45:01 CEST 2018
Ping: 29.404 ms
Download: 126.19 Mbit/s
Upload: 5.20 Mbit/s
Tue Jul 31 13:45:01 CEST 2018
Ping: 31.182 ms
Download: 27.44 Mbit/s
Upload: 3.15 Mbit/s
Tue Jul 31 14:45:02 CEST 2018
Ping: 27.457 ms
Download: 125.48 Mbit/s
Upload: 5.59 Mbit/s
Tue Jul 31 15:45:01 CEST 2018
Ping: 27.031 ms
Download: 126.76 Mbit/s
Upload: 5.44 Mbit/s
Tue Jul 31 16:45:01 CEST 2018
Ping: 31.067 ms
Download: 123.29 Mbit/s
Upload: 5.57 Mbit/s
Tue Jul 31 17:45:01 CEST 2018
Ping: 29.25 ms
Download: 36.09 Mbit/s
Upload: 5.51 Mbit/s
Tue Jul 31 18:45:01 CEST 2018
Ping: 30.781 ms
Download: 18.95 Mbit/s
Upload: 2.74 Mbit/s
Tue Jul 31 19:45:01 CEST 2018
Ping: 29.25 ms
Download: 123.47 Mbit/s
Upload: 5.61 Mbit/s
Tue Jul 31 20:45:01 CEST 2018
Ping: 31.558 ms
Download: 122.44 Mbit/s
Upload: 5.52 Mbit/s
Tue Jul 31 21:45:01 CEST 2018
Ping: 35.193 ms
Download: 25.98 Mbit/s
Upload: 3.13 Mbit/s
Tue Jul 31 22:45:01 CEST 2018
Ping: 29.982 ms
Download: 123.99 Mbit/s
Upload: 5.49 Mbit/s
Tue Jul 31 23:45:01 CEST 2018
Ping: 30.112 ms
Download: 124.42 Mbit/s
Upload: 5.53 Mbit/s
