Mon Jan  1 00:45:01 CET 2018
Ping: 24.971 ms
Download: 127.76 Mbit/s
Upload: 5.64 Mbit/s
Mon Jan  1 01:45:01 CET 2018
Ping: 28.709 ms
Download: 127.42 Mbit/s
Upload: 5.64 Mbit/s
Mon Jan  1 02:45:01 CET 2018
Ping: 25.601 ms
Download: 115.11 Mbit/s
Upload: 5.66 Mbit/s
Mon Jan  1 03:45:01 CET 2018
Ping: 25.078 ms
Download: 118.16 Mbit/s
Upload: 5.66 Mbit/s
Mon Jan  1 04:45:01 CET 2018
Ping: 26.871 ms
Download: 127.65 Mbit/s
Upload: 5.66 Mbit/s
Mon Jan  1 05:45:01 CET 2018
Ping: 24.795 ms
Download: 126.19 Mbit/s
Upload: 5.66 Mbit/s
Mon Jan  1 06:45:01 CET 2018
Ping: 28.612 ms
Download: 122.82 Mbit/s
Upload: 5.24 Mbit/s
Mon Jan  1 07:45:01 CET 2018
Ping: 26.289 ms
Download: 126.00 Mbit/s
Upload: 5.67 Mbit/s
Mon Jan  1 08:45:01 CET 2018
Ping: 24.817 ms
Download: 126.98 Mbit/s
Upload: 5.56 Mbit/s
Mon Jan  1 09:45:01 CET 2018
Ping: 25.542 ms
Download: 120.19 Mbit/s
Upload: 5.55 Mbit/s
Mon Jan  1 10:45:01 CET 2018
Ping: 26.811 ms
Download: 126.64 Mbit/s
Upload: 5.52 Mbit/s
Mon Jan  1 11:45:01 CET 2018
Ping: 24.544 ms
Download: 127.76 Mbit/s
Upload: 5.55 Mbit/s
Mon Jan  1 12:45:01 CET 2018
Ping: 26.398 ms
Download: 127.08 Mbit/s
Upload: 5.62 Mbit/s
Mon Jan  1 13:45:01 CET 2018
Ping: 26.764 ms
Download: 126.70 Mbit/s
Upload: 5.65 Mbit/s
Mon Jan  1 14:45:01 CET 2018
Ping: 26.401 ms
Download: 125.90 Mbit/s
Upload: 5.55 Mbit/s
Mon Jan  1 15:45:01 CET 2018
Ping: 24.742 ms
Download: 127.48 Mbit/s
Upload: 5.60 Mbit/s
Mon Jan  1 16:45:01 CET 2018
Ping: 26.986 ms
Download: 119.70 Mbit/s
Upload: 5.59 Mbit/s
Mon Jan  1 17:45:01 CET 2018
Ping: 31.854 ms
Download: 111.13 Mbit/s
Upload: 5.50 Mbit/s
Mon Jan  1 18:45:01 CET 2018
Ping: 27.491 ms
Download: 121.11 Mbit/s
Upload: 5.30 Mbit/s
Mon Jan  1 19:45:01 CET 2018
Ping: 30.051 ms
Download: 10.78 Mbit/s
Upload: 4.73 Mbit/s
Mon Jan  1 20:45:01 CET 2018
Ping: 25.698 ms
Download: 124.38 Mbit/s
Upload: 5.63 Mbit/s
Mon Jan  1 21:45:01 CET 2018
Ping: 27.154 ms
Download: 103.42 Mbit/s
Upload: 5.59 Mbit/s
Mon Jan  1 22:45:02 CET 2018
Ping: 30.05 ms
Download: 106.02 Mbit/s
Upload: 5.50 Mbit/s
Mon Jan  1 23:45:01 CET 2018
Ping: 27.406 ms
Download: 110.45 Mbit/s
Upload: 4.91 Mbit/s
Tue Jan  2 00:45:01 CET 2018
Ping: 26.025 ms
Download: 115.53 Mbit/s
Upload: 5.57 Mbit/s
Tue Jan  2 01:45:02 CET 2018
Ping: 27.314 ms
Download: 127.63 Mbit/s
Upload: 5.61 Mbit/s
Tue Jan  2 02:45:01 CET 2018
Ping: 28.404 ms
Download: 127.63 Mbit/s
Upload: 5.64 Mbit/s
Tue Jan  2 03:45:01 CET 2018
Ping: 27.748 ms
Download: 127.47 Mbit/s
Upload: 5.66 Mbit/s
Tue Jan  2 04:45:01 CET 2018
Ping: 26.36 ms
Download: 125.76 Mbit/s
Upload: 5.59 Mbit/s
Tue Jan  2 05:45:01 CET 2018
Ping: 26.273 ms
Download: 122.29 Mbit/s
Upload: 5.67 Mbit/s
Tue Jan  2 06:45:01 CET 2018
Ping: 26.3 ms
Download: 126.18 Mbit/s
Upload: 5.67 Mbit/s
Tue Jan  2 07:45:01 CET 2018
Ping: 24.754 ms
Download: 127.45 Mbit/s
Upload: 5.61 Mbit/s
Tue Jan  2 08:45:01 CET 2018
Ping: 26.672 ms
Download: 127.90 Mbit/s
Upload: 5.54 Mbit/s
Tue Jan  2 09:45:01 CET 2018
Ping: 24.632 ms
Download: 125.69 Mbit/s
Upload: 5.02 Mbit/s
Tue Jan  2 10:45:01 CET 2018
Ping: 26.405 ms
Download: 127.11 Mbit/s
Upload: 5.64 Mbit/s
Tue Jan  2 11:45:01 CET 2018
Ping: 25.217 ms
Download: 128.11 Mbit/s
Upload: 5.23 Mbit/s
Tue Jan  2 12:45:01 CET 2018
Ping: 24.391 ms
Download: 119.97 Mbit/s
Upload: 5.53 Mbit/s
Tue Jan  2 13:45:01 CET 2018
Ping: 25.509 ms
Download: 123.64 Mbit/s
Upload: 5.59 Mbit/s
Tue Jan  2 14:45:01 CET 2018
Ping: 26.39 ms
Download: 126.12 Mbit/s
Upload: 5.58 Mbit/s
Tue Jan  2 15:45:02 CET 2018
Ping: 28.166 ms
Download: 123.24 Mbit/s
Upload: 5.67 Mbit/s
Tue Jan  2 16:45:01 CET 2018
Ping: 25.144 ms
Download: 126.91 Mbit/s
Upload: 5.57 Mbit/s
Tue Jan  2 17:45:01 CET 2018
Ping: 26.968 ms
Download: 118.78 Mbit/s
Upload: 5.38 Mbit/s
Tue Jan  2 18:45:01 CET 2018
Ping: 29.605 ms
Download: 127.49 Mbit/s
Upload: 5.58 Mbit/s
Tue Jan  2 19:45:01 CET 2018
Ping: 24.764 ms
Download: 124.35 Mbit/s
Upload: 5.32 Mbit/s
Tue Jan  2 20:45:01 CET 2018
Ping: 27.681 ms
Download: 123.95 Mbit/s
Upload: 5.52 Mbit/s
Tue Jan  2 21:45:01 CET 2018
Ping: 28.936 ms
Download: 122.10 Mbit/s
Upload: 5.54 Mbit/s
Tue Jan  2 22:45:01 CET 2018
Ping: 30.409 ms
Download: 122.92 Mbit/s
Upload: 5.53 Mbit/s
Tue Jan  2 23:45:01 CET 2018
Ping: 29.834 ms
Download: 109.83 Mbit/s
Upload: 5.31 Mbit/s
Wed Jan  3 00:45:02 CET 2018
Ping: 29.008 ms
Download: 108.65 Mbit/s
Upload: 4.54 Mbit/s
Wed Jan  3 01:45:01 CET 2018
Ping: 26.31 ms
Download: 108.82 Mbit/s
Upload: 5.10 Mbit/s
Wed Jan  3 02:45:01 CET 2018
Ping: 25.946 ms
Download: 101.69 Mbit/s
Upload: 5.07 Mbit/s
Wed Jan  3 03:45:01 CET 2018
Ping: 27.564 ms
Download: 122.02 Mbit/s
Upload: 5.19 Mbit/s
Wed Jan  3 04:45:01 CET 2018
Ping: 24.992 ms
Download: 106.05 Mbit/s
Upload: 5.36 Mbit/s
Wed Jan  3 05:45:01 CET 2018
Ping: 25.307 ms
Download: 126.52 Mbit/s
Upload: 5.28 Mbit/s
Wed Jan  3 06:45:01 CET 2018
Ping: 27.486 ms
Download: 118.66 Mbit/s
Upload: 5.34 Mbit/s
Wed Jan  3 07:45:01 CET 2018
Ping: 28.175 ms
Download: 112.51 Mbit/s
Upload: 5.27 Mbit/s
Wed Jan  3 08:45:01 CET 2018
Ping: 26.832 ms
Download: 126.60 Mbit/s
Upload: 5.42 Mbit/s
Wed Jan  3 09:45:01 CET 2018
Ping: 26.208 ms
Download: 95.80 Mbit/s
Upload: 5.34 Mbit/s
Wed Jan  3 10:45:01 CET 2018
Ping: 26.796 ms
Download: 120.11 Mbit/s
Upload: 4.78 Mbit/s
Wed Jan  3 11:45:01 CET 2018
Ping: 25.391 ms
Download: 117.78 Mbit/s
Upload: 5.33 Mbit/s
Wed Jan  3 12:45:01 CET 2018
Ping: 25.218 ms
Download: 122.50 Mbit/s
Upload: 5.34 Mbit/s
Wed Jan  3 13:45:01 CET 2018
Ping: 24.918 ms
Download: 120.16 Mbit/s
Upload: 5.25 Mbit/s
Wed Jan  3 14:45:01 CET 2018
Ping: 25.939 ms
Download: 118.77 Mbit/s
Upload: 5.41 Mbit/s
Wed Jan  3 15:45:01 CET 2018
Ping: 25.875 ms
Download: 122.84 Mbit/s
Upload: 5.46 Mbit/s
Wed Jan  3 16:45:01 CET 2018
Ping: 27.436 ms
Download: 120.51 Mbit/s
Upload: 5.14 Mbit/s
Wed Jan  3 17:45:01 CET 2018
Ping: 27.559 ms
Download: 127.67 Mbit/s
Upload: 5.54 Mbit/s
Wed Jan  3 18:45:01 CET 2018
Ping: 25.439 ms
Download: 127.68 Mbit/s
Upload: 5.64 Mbit/s
Wed Jan  3 19:45:01 CET 2018
Ping: 26.737 ms
Download: 125.87 Mbit/s
Upload: 5.56 Mbit/s
Wed Jan  3 20:45:01 CET 2018
Ping: 27.963 ms
Download: 123.01 Mbit/s
Upload: 5.36 Mbit/s
Wed Jan  3 21:45:02 CET 2018
Ping: 29.402 ms
Download: 120.20 Mbit/s
Upload: 5.59 Mbit/s
Wed Jan  3 22:45:01 CET 2018
Ping: 24.956 ms
Download: 126.52 Mbit/s
Upload: 5.47 Mbit/s
Wed Jan  3 23:45:02 CET 2018
Ping: 28.499 ms
Download: 116.17 Mbit/s
Upload: 5.52 Mbit/s
Thu Jan  4 00:45:01 CET 2018
Ping: 27.419 ms
Download: 118.49 Mbit/s
Upload: 5.48 Mbit/s
Thu Jan  4 01:45:01 CET 2018
Ping: 24.946 ms
Download: 127.06 Mbit/s
Upload: 5.56 Mbit/s
Thu Jan  4 02:45:01 CET 2018
Ping: 25.04 ms
Download: 127.59 Mbit/s
Upload: 5.52 Mbit/s
Thu Jan  4 03:45:01 CET 2018
Ping: 25.854 ms
Download: 127.73 Mbit/s
Upload: 5.58 Mbit/s
Thu Jan  4 04:45:01 CET 2018
Ping: 25.31 ms
Download: 127.43 Mbit/s
Upload: 5.58 Mbit/s
Thu Jan  4 05:45:01 CET 2018
Ping: 25.776 ms
Download: 128.06 Mbit/s
Upload: 5.61 Mbit/s
Thu Jan  4 06:45:01 CET 2018
Ping: 28.058 ms
Download: 126.01 Mbit/s
Upload: 5.54 Mbit/s
Thu Jan  4 07:45:01 CET 2018
Ping: 24.739 ms
Download: 122.05 Mbit/s
Upload: 5.60 Mbit/s
Thu Jan  4 08:45:01 CET 2018
Ping: 26.127 ms
Download: 126.42 Mbit/s
Upload: 5.57 Mbit/s
Thu Jan  4 09:45:01 CET 2018
Ping: 27.554 ms
Download: 120.13 Mbit/s
Upload: 5.54 Mbit/s
Thu Jan  4 10:45:01 CET 2018
Ping: 25.988 ms
Download: 123.29 Mbit/s
Upload: 5.32 Mbit/s
Thu Jan  4 11:45:01 CET 2018
Ping: 26.376 ms
Download: 122.26 Mbit/s
Upload: 5.61 Mbit/s
Thu Jan  4 12:45:01 CET 2018
Ping: 29.397 ms
Download: 123.11 Mbit/s
Upload: 5.35 Mbit/s
Thu Jan  4 13:45:01 CET 2018
Ping: 27.023 ms
Download: 118.27 Mbit/s
Upload: 5.56 Mbit/s
Thu Jan  4 14:45:01 CET 2018
Ping: 25.159 ms
Download: 119.80 Mbit/s
Upload: 5.09 Mbit/s
Thu Jan  4 15:45:01 CET 2018
Ping: 27.708 ms
Download: 116.42 Mbit/s
Upload: 5.36 Mbit/s
Thu Jan  4 16:45:01 CET 2018
Ping: 26.389 ms
Download: 122.90 Mbit/s
Upload: 5.54 Mbit/s
Thu Jan  4 17:45:02 CET 2018
Ping: 27.707 ms
Download: 119.53 Mbit/s
Upload: 5.13 Mbit/s
Thu Jan  4 18:45:01 CET 2018
Ping: 26.961 ms
Download: 127.12 Mbit/s
Upload: 5.59 Mbit/s
Thu Jan  4 19:45:01 CET 2018
Ping: 25.87 ms
Download: 114.67 Mbit/s
Upload: 5.43 Mbit/s
Thu Jan  4 20:45:01 CET 2018
Ping: 28.847 ms
Download: 112.06 Mbit/s
Upload: 5.32 Mbit/s
Thu Jan  4 21:45:01 CET 2018
Ping: 29.143 ms
Download: 113.88 Mbit/s
Upload: 5.38 Mbit/s
Thu Jan  4 22:45:01 CET 2018
Ping: 27.459 ms
Download: 114.25 Mbit/s
Upload: 5.42 Mbit/s
Thu Jan  4 23:45:01 CET 2018
Ping: 27.341 ms
Download: 123.38 Mbit/s
Upload: 5.58 Mbit/s
Fri Jan  5 00:45:02 CET 2018
Ping: 26.518 ms
Download: 123.87 Mbit/s
Upload: 5.49 Mbit/s
Fri Jan  5 01:45:01 CET 2018
Ping: 26.707 ms
Download: 95.98 Mbit/s
Upload: 5.65 Mbit/s
Fri Jan  5 02:45:01 CET 2018
Ping: 26.232 ms
Download: 120.55 Mbit/s
Upload: 5.65 Mbit/s
Fri Jan  5 03:45:02 CET 2018
Ping: 27.616 ms
Download: 113.29 Mbit/s
Upload: 5.62 Mbit/s
Fri Jan  5 04:45:01 CET 2018
Ping: 26.51 ms
Download: 119.82 Mbit/s
Upload: 5.63 Mbit/s
Fri Jan  5 05:45:01 CET 2018
Ping: 26.317 ms
Download: 125.64 Mbit/s
Upload: 5.69 Mbit/s
Fri Jan  5 06:45:02 CET 2018
Ping: 25.631 ms
Download: 119.55 Mbit/s
Upload: 5.65 Mbit/s
Fri Jan  5 07:45:01 CET 2018
Ping: 26.466 ms
Download: 119.94 Mbit/s
Upload: 5.65 Mbit/s
Fri Jan  5 08:45:01 CET 2018
Ping: 25.813 ms
Download: 123.24 Mbit/s
Upload: 5.67 Mbit/s
Fri Jan  5 09:45:01 CET 2018
Ping: 26.279 ms
Download: 113.80 Mbit/s
Upload: 5.58 Mbit/s
Fri Jan  5 10:45:01 CET 2018
Ping: 26.817 ms
Download: 98.56 Mbit/s
Upload: 5.61 Mbit/s
Fri Jan  5 11:45:01 CET 2018
Ping: 26.272 ms
Download: 115.93 Mbit/s
Upload: 5.58 Mbit/s
Fri Jan  5 12:45:01 CET 2018
Ping: 28.386 ms
Download: 125.58 Mbit/s
Upload: 5.30 Mbit/s
Fri Jan  5 13:45:01 CET 2018
Ping: 24.442 ms
Download: 111.70 Mbit/s
Upload: 5.43 Mbit/s
Fri Jan  5 14:45:01 CET 2018
Ping: 26.51 ms
Download: 119.64 Mbit/s
Upload: 5.54 Mbit/s
Fri Jan  5 15:45:01 CET 2018
Ping: 28.942 ms
Download: 120.75 Mbit/s
Upload: 5.48 Mbit/s
Fri Jan  5 16:45:01 CET 2018
Ping: 27.212 ms
Download: 122.71 Mbit/s
Upload: 5.65 Mbit/s
Fri Jan  5 17:45:01 CET 2018
Ping: 27.333 ms
Download: 126.40 Mbit/s
Upload: 5.66 Mbit/s
Fri Jan  5 18:45:01 CET 2018
Ping: 24.759 ms
Download: 127.38 Mbit/s
Upload: 5.61 Mbit/s
Fri Jan  5 19:45:01 CET 2018
Ping: 25.881 ms
Download: 121.34 Mbit/s
Upload: 5.46 Mbit/s
Fri Jan  5 20:45:01 CET 2018
Ping: 26.685 ms
Download: 108.36 Mbit/s
Upload: 5.37 Mbit/s
Fri Jan  5 21:45:01 CET 2018
Ping: 27.18 ms
Download: 109.81 Mbit/s
Upload: 5.36 Mbit/s
Fri Jan  5 22:45:01 CET 2018
Ping: 26.296 ms
Download: 125.11 Mbit/s
Upload: 5.39 Mbit/s
Fri Jan  5 23:45:01 CET 2018
Ping: 26.396 ms
Download: 125.38 Mbit/s
Upload: 5.58 Mbit/s
Sat Jan  6 00:45:01 CET 2018
Ping: 26.282 ms
Download: 117.32 Mbit/s
Upload: 5.57 Mbit/s
Sat Jan  6 01:45:01 CET 2018
Ping: 25.425 ms
Download: 127.70 Mbit/s
Upload: 5.64 Mbit/s
Sat Jan  6 02:45:01 CET 2018
Ping: 23.545 ms
Download: 127.04 Mbit/s
Upload: 5.53 Mbit/s
Sat Jan  6 03:45:01 CET 2018
Ping: 27.691 ms
Download: 127.41 Mbit/s
Upload: 5.58 Mbit/s
Sat Jan  6 04:45:01 CET 2018
Ping: 24.833 ms
Download: 126.44 Mbit/s
Upload: 5.61 Mbit/s
Sat Jan  6 05:45:01 CET 2018
Ping: 24.014 ms
Download: 127.03 Mbit/s
Upload: 5.53 Mbit/s
Sat Jan  6 06:45:02 CET 2018
Ping: 26.634 ms
Download: 120.14 Mbit/s
Upload: 5.66 Mbit/s
Sat Jan  6 07:45:01 CET 2018
Ping: 25.06 ms
Download: 125.40 Mbit/s
Upload: 5.60 Mbit/s
Sat Jan  6 08:45:01 CET 2018
Ping: 25.758 ms
Download: 125.66 Mbit/s
Upload: 5.43 Mbit/s
Sat Jan  6 09:45:01 CET 2018
Ping: 26.723 ms
Download: 123.67 Mbit/s
Upload: 5.46 Mbit/s
Sat Jan  6 10:45:02 CET 2018
Ping: 26.473 ms
Download: 125.30 Mbit/s
Upload: 5.29 Mbit/s
Sat Jan  6 11:45:01 CET 2018
Ping: 24.717 ms
Download: 127.73 Mbit/s
Upload: 5.54 Mbit/s
Sat Jan  6 12:45:02 CET 2018
Ping: 25.931 ms
Download: 127.44 Mbit/s
Upload: 5.62 Mbit/s
Sat Jan  6 13:45:02 CET 2018
Ping: 27.375 ms
Download: 127.43 Mbit/s
Upload: 5.60 Mbit/s
Sat Jan  6 14:45:01 CET 2018
Ping: 24.736 ms
Download: 126.17 Mbit/s
Upload: 5.57 Mbit/s
Sat Jan  6 15:45:01 CET 2018
Ping: 26.395 ms
Download: 116.79 Mbit/s
Upload: 5.66 Mbit/s
Sat Jan  6 16:45:02 CET 2018
Ping: 27.243 ms
Download: 124.94 Mbit/s
Upload: 5.59 Mbit/s
Sat Jan  6 17:45:01 CET 2018
Ping: 27.726 ms
Download: 125.50 Mbit/s
Upload: 5.56 Mbit/s
Sat Jan  6 18:45:01 CET 2018
Ping: 27.068 ms
Download: 127.61 Mbit/s
Upload: 5.62 Mbit/s
Sat Jan  6 19:45:01 CET 2018
Ping: 27.875 ms
Download: 125.05 Mbit/s
Upload: 5.67 Mbit/s
Sat Jan  6 20:45:01 CET 2018
Ping: 26.418 ms
Download: 125.44 Mbit/s
Upload: 5.59 Mbit/s
Sat Jan  6 21:45:01 CET 2018
Ping: 25.624 ms
Download: 122.39 Mbit/s
Upload: 5.65 Mbit/s
Sat Jan  6 22:45:01 CET 2018
Ping: 27.614 ms
Download: 124.64 Mbit/s
Upload: 5.53 Mbit/s
Sat Jan  6 23:45:01 CET 2018
Ping: 26.993 ms
Download: 127.64 Mbit/s
Upload: 5.55 Mbit/s
Sun Jan  7 00:45:01 CET 2018
Ping: 26.039 ms
Download: 121.14 Mbit/s
Upload: 5.43 Mbit/s
Sun Jan  7 01:45:01 CET 2018
Ping: 25.59 ms
Download: 125.49 Mbit/s
Upload: 5.54 Mbit/s
Sun Jan  7 02:45:01 CET 2018
Ping: 26.895 ms
Download: 125.88 Mbit/s
Upload: 5.61 Mbit/s
Sun Jan  7 03:45:01 CET 2018
Ping: 26.312 ms
Download: 126.57 Mbit/s
Upload: 5.64 Mbit/s
Sun Jan  7 04:45:01 CET 2018
Ping: 26.286 ms
Download: 127.48 Mbit/s
Upload: 5.61 Mbit/s
Sun Jan  7 05:45:01 CET 2018
Ping: 26.414 ms
Download: 126.51 Mbit/s
Upload: 5.32 Mbit/s
Sun Jan  7 06:45:01 CET 2018
Ping: 25.388 ms
Download: 128.26 Mbit/s
Upload: 5.60 Mbit/s
Sun Jan  7 07:45:01 CET 2018
Ping: 26.612 ms
Download: 125.37 Mbit/s
Upload: 5.67 Mbit/s
Sun Jan  7 08:45:01 CET 2018
Ping: 26.421 ms
Download: 127.43 Mbit/s
Upload: 5.52 Mbit/s
Sun Jan  7 09:45:01 CET 2018
Ping: 26.606 ms
Download: 124.35 Mbit/s
Upload: 5.59 Mbit/s
Sun Jan  7 10:45:01 CET 2018
Ping: 26.402 ms
Download: 126.61 Mbit/s
Upload: 5.58 Mbit/s
Sun Jan  7 11:45:01 CET 2018
Ping: 27.324 ms
Download: 123.84 Mbit/s
Upload: 5.64 Mbit/s
Sun Jan  7 12:45:01 CET 2018
Ping: 24.348 ms
Download: 111.06 Mbit/s
Upload: 5.32 Mbit/s
Sun Jan  7 13:45:01 CET 2018
Ping: 24.822 ms
Download: 126.29 Mbit/s
Upload: 5.61 Mbit/s
Sun Jan  7 14:45:01 CET 2018
Ping: 26.611 ms
Download: 127.27 Mbit/s
Upload: 5.44 Mbit/s
Sun Jan  7 15:45:01 CET 2018
Ping: 28.572 ms
Download: 112.37 Mbit/s
Upload: 5.17 Mbit/s
Sun Jan  7 16:45:01 CET 2018
Ping: 29.18 ms
Download: 124.67 Mbit/s
Upload: 5.59 Mbit/s
Sun Jan  7 17:45:01 CET 2018
Ping: 27.596 ms
Download: 122.46 Mbit/s
Upload: 5.59 Mbit/s
Sun Jan  7 18:45:01 CET 2018
Ping: 26.284 ms
Download: 127.36 Mbit/s
Upload: 5.62 Mbit/s
Sun Jan  7 19:45:01 CET 2018
Ping: 24.933 ms
Download: 127.09 Mbit/s
Upload: 5.49 Mbit/s
Sun Jan  7 20:45:01 CET 2018
Ping: 27.481 ms
Download: 127.72 Mbit/s
Upload: 5.25 Mbit/s
Sun Jan  7 21:45:01 CET 2018
Ping: 27.954 ms
Download: 122.30 Mbit/s
Upload: 5.53 Mbit/s
Sun Jan  7 22:45:01 CET 2018
Ping: 26.412 ms
Download: 127.01 Mbit/s
Upload: 5.59 Mbit/s
Sun Jan  7 23:45:01 CET 2018
Ping: 29.154 ms
Download: 118.28 Mbit/s
Upload: 5.62 Mbit/s
Mon Jan  8 00:45:02 CET 2018
Ping: 25.18 ms
Download: 127.60 Mbit/s
Upload: 5.59 Mbit/s
Mon Jan  8 01:45:01 CET 2018
Ping: 26.456 ms
Download: 122.44 Mbit/s
Upload: 5.53 Mbit/s
Mon Jan  8 02:45:01 CET 2018
Ping: 25.974 ms
Download: 128.10 Mbit/s
Upload: 5.62 Mbit/s
Mon Jan  8 03:45:01 CET 2018
Ping: 24.734 ms
Download: 127.49 Mbit/s
Upload: 5.65 Mbit/s
Mon Jan  8 04:45:01 CET 2018
Ping: 27.103 ms
Download: 126.04 Mbit/s
Upload: 5.41 Mbit/s
Mon Jan  8 05:45:01 CET 2018
Ping: 26.277 ms
Download: 127.45 Mbit/s
Upload: 5.62 Mbit/s
Mon Jan  8 06:45:01 CET 2018
Ping: 26.581 ms
Download: 123.91 Mbit/s
Upload: 5.62 Mbit/s
Mon Jan  8 07:45:02 CET 2018
Ping: 24.488 ms
Download: 127.13 Mbit/s
Upload: 5.59 Mbit/s
Mon Jan  8 08:45:01 CET 2018
Ping: 25.772 ms
Download: 126.94 Mbit/s
Upload: 5.59 Mbit/s
Mon Jan  8 09:45:01 CET 2018
Ping: 25.264 ms
Download: 126.15 Mbit/s
Upload: 5.64 Mbit/s
Mon Jan  8 10:45:01 CET 2018
Ping: 24.694 ms
Download: 127.17 Mbit/s
Upload: 5.63 Mbit/s
Mon Jan  8 11:45:01 CET 2018
Ping: 27.794 ms
Download: 127.91 Mbit/s
Upload: 5.65 Mbit/s
Mon Jan  8 12:45:01 CET 2018
Ping: 26.599 ms
Download: 123.29 Mbit/s
Upload: 5.54 Mbit/s
Mon Jan  8 13:45:01 CET 2018
Ping: 26.812 ms
Download: 112.82 Mbit/s
Upload: 5.52 Mbit/s
Mon Jan  8 14:45:01 CET 2018
Ping: 26.442 ms
Download: 127.47 Mbit/s
Upload: 5.46 Mbit/s
Mon Jan  8 15:45:01 CET 2018
Ping: 25.438 ms
Download: 127.60 Mbit/s
Upload: 5.55 Mbit/s
Mon Jan  8 16:45:01 CET 2018
Ping: 26.474 ms
Download: 108.94 Mbit/s
Upload: 5.53 Mbit/s
Mon Jan  8 17:45:01 CET 2018
Ping: 26.058 ms
Download: 122.92 Mbit/s
Upload: 5.51 Mbit/s
Mon Jan  8 18:45:01 CET 2018
Ping: 29.51 ms
Download: 128.12 Mbit/s
Upload: 5.61 Mbit/s
Mon Jan  8 19:45:01 CET 2018
Ping: 26.955 ms
Download: 123.12 Mbit/s
Upload: 5.51 Mbit/s
Mon Jan  8 20:45:01 CET 2018
Ping: 25.542 ms
Download: 122.96 Mbit/s
Upload: 5.55 Mbit/s
Mon Jan  8 21:45:01 CET 2018
Ping: 27.644 ms
Download: 125.00 Mbit/s
Upload: 5.57 Mbit/s
Mon Jan  8 22:45:01 CET 2018
Ping: 26.304 ms
Download: 123.85 Mbit/s
Upload: 5.60 Mbit/s
Mon Jan  8 23:45:01 CET 2018
Ping: 27.841 ms
Download: 122.37 Mbit/s
Upload: 5.61 Mbit/s
Tue Jan  9 00:45:01 CET 2018
Ping: 25.889 ms
Download: 123.63 Mbit/s
Upload: 5.63 Mbit/s
Tue Jan  9 01:45:01 CET 2018
Ping: 26.236 ms
Download: 121.85 Mbit/s
Upload: 5.60 Mbit/s
Tue Jan  9 02:45:01 CET 2018
Ping: 26.787 ms
Download: 125.87 Mbit/s
Upload: 5.61 Mbit/s
Tue Jan  9 03:45:01 CET 2018
Ping: 26.471 ms
Download: 118.08 Mbit/s
Upload: 5.58 Mbit/s
Tue Jan  9 04:45:02 CET 2018
Ping: 27.252 ms
Download: 114.68 Mbit/s
Upload: 5.59 Mbit/s
Tue Jan  9 05:45:01 CET 2018
Ping: 26.58 ms
Download: 115.64 Mbit/s
Upload: 5.01 Mbit/s
Tue Jan  9 06:45:01 CET 2018
Ping: 25.854 ms
Download: 110.05 Mbit/s
Upload: 5.58 Mbit/s
Tue Jan  9 07:45:01 CET 2018
Ping: 27.632 ms
Download: 122.68 Mbit/s
Upload: 5.53 Mbit/s
Tue Jan  9 08:45:01 CET 2018
Ping: 26.373 ms
Download: 118.94 Mbit/s
Upload: 5.66 Mbit/s
Tue Jan  9 09:45:01 CET 2018
Ping: 26.4 ms
Download: 127.40 Mbit/s
Upload: 5.57 Mbit/s
Tue Jan  9 10:45:01 CET 2018
Ping: 28.212 ms
Download: 125.47 Mbit/s
Upload: 5.62 Mbit/s
Tue Jan  9 11:45:01 CET 2018
Ping: 25.451 ms
Download: 126.18 Mbit/s
Upload: 5.59 Mbit/s
Tue Jan  9 12:45:01 CET 2018
Ping: 28.126 ms
Download: 99.96 Mbit/s
Upload: 5.36 Mbit/s
Tue Jan  9 13:45:01 CET 2018
Ping: 27.406 ms
Download: 118.24 Mbit/s
Upload: 5.56 Mbit/s
Tue Jan  9 14:45:01 CET 2018
Ping: 26.269 ms
Download: 122.20 Mbit/s
Upload: 5.71 Mbit/s
Tue Jan  9 15:45:01 CET 2018
Ping: 26.697 ms
Download: 112.41 Mbit/s
Upload: 4.43 Mbit/s
Tue Jan  9 16:45:01 CET 2018
Ping: 24.912 ms
Download: 113.52 Mbit/s
Upload: 5.66 Mbit/s
Tue Jan  9 17:45:01 CET 2018
Ping: 27.359 ms
Download: 122.26 Mbit/s
Upload: 5.66 Mbit/s
Tue Jan  9 18:45:01 CET 2018
Ping: 27.765 ms
Download: 110.46 Mbit/s
Upload: 5.66 Mbit/s
Tue Jan  9 19:45:01 CET 2018
Ping: 25.975 ms
Download: 125.19 Mbit/s
Upload: 5.62 Mbit/s
Tue Jan  9 20:45:01 CET 2018
Ping: 27.053 ms
Download: 111.37 Mbit/s
Upload: 5.66 Mbit/s
Tue Jan  9 21:45:01 CET 2018
Ping: 27.425 ms
Download: 114.57 Mbit/s
Upload: 5.51 Mbit/s
Tue Jan  9 22:45:01 CET 2018
Ping: 26.626 ms
Download: 116.60 Mbit/s
Upload: 5.48 Mbit/s
Tue Jan  9 23:45:01 CET 2018
Ping: 28.032 ms
Download: 125.42 Mbit/s
Upload: 5.56 Mbit/s
Wed Jan 10 00:45:01 CET 2018
Ping: 27.776 ms
Download: 116.75 Mbit/s
Upload: 5.59 Mbit/s
Wed Jan 10 01:45:01 CET 2018
Ping: 25.482 ms
Download: 120.50 Mbit/s
Upload: 5.65 Mbit/s
Wed Jan 10 02:45:01 CET 2018
Ping: 26.271 ms
Download: 115.71 Mbit/s
Upload: 5.66 Mbit/s
Wed Jan 10 03:45:01 CET 2018
Ping: 25.492 ms
Download: 124.98 Mbit/s
Upload: 5.60 Mbit/s
Wed Jan 10 04:45:01 CET 2018
Ping: 24.602 ms
Download: 110.17 Mbit/s
Upload: 5.55 Mbit/s
Wed Jan 10 05:45:01 CET 2018
Ping: 26.784 ms
Download: 113.01 Mbit/s
Upload: 5.54 Mbit/s
Wed Jan 10 06:45:01 CET 2018
Ping: 26.269 ms
Download: 124.31 Mbit/s
Upload: 5.51 Mbit/s
Wed Jan 10 07:45:01 CET 2018
Ping: 26.478 ms
Download: 121.27 Mbit/s
Upload: 5.59 Mbit/s
Wed Jan 10 08:45:01 CET 2018
Ping: 27.179 ms
Download: 107.24 Mbit/s
Upload: 5.58 Mbit/s
Wed Jan 10 09:45:01 CET 2018
Ping: 24.677 ms
Download: 124.93 Mbit/s
Upload: 5.57 Mbit/s
Wed Jan 10 10:45:01 CET 2018
Ping: 24.648 ms
Download: 124.82 Mbit/s
Upload: 5.63 Mbit/s
Wed Jan 10 11:45:01 CET 2018
Ping: 26.096 ms
Download: 127.39 Mbit/s
Upload: 5.61 Mbit/s
Wed Jan 10 12:45:01 CET 2018
Ping: 25.309 ms
Download: 122.01 Mbit/s
Upload: 5.03 Mbit/s
Wed Jan 10 13:45:01 CET 2018
Ping: 26.712 ms
Download: 125.02 Mbit/s
Upload: 5.59 Mbit/s
Wed Jan 10 14:45:01 CET 2018
Ping: 26.424 ms
Download: 117.58 Mbit/s
Upload: 5.30 Mbit/s
Wed Jan 10 15:45:01 CET 2018
Ping: 29.176 ms
Download: 94.87 Mbit/s
Upload: 5.41 Mbit/s
Wed Jan 10 16:45:01 CET 2018
Ping: 26.416 ms
Download: 123.71 Mbit/s
Upload: 5.45 Mbit/s
Wed Jan 10 17:45:01 CET 2018
Ping: 28.838 ms
Download: 117.20 Mbit/s
Upload: 5.54 Mbit/s
Wed Jan 10 18:45:01 CET 2018
Ping: 27.086 ms
Download: 96.03 Mbit/s
Upload: 5.35 Mbit/s
Wed Jan 10 19:45:01 CET 2018
Ping: 27.368 ms
Download: 121.03 Mbit/s
Upload: 5.59 Mbit/s
Wed Jan 10 20:45:01 CET 2018
Ping: 26.287 ms
Download: 120.88 Mbit/s
Upload: 5.48 Mbit/s
Wed Jan 10 21:45:01 CET 2018
Ping: 26.829 ms
Download: 119.21 Mbit/s
Upload: 4.12 Mbit/s
Wed Jan 10 22:45:01 CET 2018
Ping: 28.474 ms
Download: 114.96 Mbit/s
Upload: 5.60 Mbit/s
Wed Jan 10 23:45:01 CET 2018
Ping: 25.855 ms
Download: 127.17 Mbit/s
Upload: 5.61 Mbit/s
Thu Jan 11 00:45:01 CET 2018
Ping: 28.545 ms
Download: 126.65 Mbit/s
Upload: 5.63 Mbit/s
Thu Jan 11 01:45:01 CET 2018
Ping: 27.829 ms
Download: 114.98 Mbit/s
Upload: 5.65 Mbit/s
Thu Jan 11 02:45:01 CET 2018
Ping: 26.292 ms
Download: 69.61 Mbit/s
Upload: 0.00 Mbit/s
Thu Jan 11 03:45:01 CET 2018
Ping: 28.964 ms
Download: 127.63 Mbit/s
Upload: 5.58 Mbit/s
Thu Jan 11 04:45:01 CET 2018
Ping: 26.272 ms
Download: 123.97 Mbit/s
Upload: 5.51 Mbit/s
Thu Jan 11 05:45:01 CET 2018
Ping: 27.771 ms
Download: 125.02 Mbit/s
Upload: 5.37 Mbit/s
Thu Jan 11 06:45:01 CET 2018
Ping: 27.237 ms
Download: 113.70 Mbit/s
Upload: 5.40 Mbit/s
Thu Jan 11 07:45:01 CET 2018
Ping: 26.57 ms
Download: 117.11 Mbit/s
Upload: 5.19 Mbit/s
Thu Jan 11 08:45:01 CET 2018
Ping: 26.925 ms
Download: 121.47 Mbit/s
Upload: 5.49 Mbit/s
Thu Jan 11 09:45:02 CET 2018
Ping: 28.131 ms
Download: 127.33 Mbit/s
Upload: 5.02 Mbit/s
Thu Jan 11 10:45:01 CET 2018
Ping: 25.78 ms
Download: 127.73 Mbit/s
Upload: 5.57 Mbit/s
Thu Jan 11 11:45:01 CET 2018
Ping: 26.017 ms
Download: 112.66 Mbit/s
Upload: 5.50 Mbit/s
Thu Jan 11 12:45:01 CET 2018
Ping: 26.941 ms
Download: 125.05 Mbit/s
Upload: 5.38 Mbit/s
Thu Jan 11 13:45:01 CET 2018
Ping: 25.083 ms
Download: 126.83 Mbit/s
Upload: 5.42 Mbit/s
Thu Jan 11 14:45:01 CET 2018
Ping: 26.383 ms
Download: 125.79 Mbit/s
Upload: 5.64 Mbit/s
Thu Jan 11 15:45:01 CET 2018
Ping: 25.552 ms
Download: 127.53 Mbit/s
Upload: 5.57 Mbit/s
Thu Jan 11 16:45:01 CET 2018
Ping: 26.459 ms
Download: 123.50 Mbit/s
Upload: 5.45 Mbit/s
Thu Jan 11 17:45:01 CET 2018
Ping: 26.671 ms
Download: 126.39 Mbit/s
Upload: 5.63 Mbit/s
Thu Jan 11 18:45:01 CET 2018
Ping: 25.81 ms
Download: 126.17 Mbit/s
Upload: 5.54 Mbit/s
Thu Jan 11 19:45:01 CET 2018
Ping: 26.41 ms
Download: 121.65 Mbit/s
Upload: 5.44 Mbit/s
Thu Jan 11 20:45:01 CET 2018
Ping: 27.834 ms
Download: 125.76 Mbit/s
Upload: 5.62 Mbit/s
Thu Jan 11 21:45:01 CET 2018
Ping: 25.002 ms
Download: 127.25 Mbit/s
Upload: 5.65 Mbit/s
Thu Jan 11 22:45:01 CET 2018
Ping: 25.163 ms
Download: 127.55 Mbit/s
Upload: 5.65 Mbit/s
Thu Jan 11 23:45:02 CET 2018
Ping: 26.396 ms
Download: 126.63 Mbit/s
Upload: 5.52 Mbit/s
Fri Jan 12 00:45:01 CET 2018
Ping: 25.59 ms
Download: 125.87 Mbit/s
Upload: 5.62 Mbit/s
Fri Jan 12 01:45:01 CET 2018
Ping: 26.399 ms
Download: 115.85 Mbit/s
Upload: 5.58 Mbit/s
Fri Jan 12 02:45:01 CET 2018
Ping: 26.425 ms
Download: 125.49 Mbit/s
Upload: 5.55 Mbit/s
Fri Jan 12 03:45:01 CET 2018
Ping: 25.368 ms
Download: 123.57 Mbit/s
Upload: 5.65 Mbit/s
Fri Jan 12 04:45:02 CET 2018
Ping: 25.03 ms
Download: 127.08 Mbit/s
Upload: 5.60 Mbit/s
Fri Jan 12 05:45:01 CET 2018
Ping: 26.413 ms
Download: 123.11 Mbit/s
Upload: 5.63 Mbit/s
Fri Jan 12 06:45:01 CET 2018
Ping: 26.436 ms
Download: 115.25 Mbit/s
Upload: 4.47 Mbit/s
Fri Jan 12 07:45:01 CET 2018
Ping: 24.729 ms
Download: 126.96 Mbit/s
Upload: 5.67 Mbit/s
Fri Jan 12 08:45:01 CET 2018
Ping: 24.946 ms
Download: 125.53 Mbit/s
Upload: 5.63 Mbit/s
Fri Jan 12 09:45:01 CET 2018
Ping: 26.465 ms
Download: 127.11 Mbit/s
Upload: 5.54 Mbit/s
Fri Jan 12 10:45:02 CET 2018
Ping: 26.263 ms
Download: 118.77 Mbit/s
Upload: 4.69 Mbit/s
Fri Jan 12 11:45:02 CET 2018
Ping: 27.411 ms
Download: 127.22 Mbit/s
Upload: 5.56 Mbit/s
Fri Jan 12 12:45:01 CET 2018
Ping: 27.425 ms
Download: 123.47 Mbit/s
Upload: 5.62 Mbit/s
Fri Jan 12 13:45:01 CET 2018
Ping: 26.06 ms
Download: 113.74 Mbit/s
Upload: 5.52 Mbit/s
Fri Jan 12 14:45:01 CET 2018
Ping: 24.858 ms
Download: 120.14 Mbit/s
Upload: 5.60 Mbit/s
Fri Jan 12 15:45:01 CET 2018
Ping: 25.594 ms
Download: 117.61 Mbit/s
Upload: 5.50 Mbit/s
Fri Jan 12 16:45:01 CET 2018
Ping: 24.742 ms
Download: 126.16 Mbit/s
Upload: 5.62 Mbit/s
Fri Jan 12 17:45:01 CET 2018
Ping: 26.92 ms
Download: 125.48 Mbit/s
Upload: 5.54 Mbit/s
Fri Jan 12 18:45:02 CET 2018
Ping: 28.604 ms
Download: 127.14 Mbit/s
Upload: 5.59 Mbit/s
Fri Jan 12 19:45:01 CET 2018
Ping: 26.444 ms
Download: 123.63 Mbit/s
Upload: 5.68 Mbit/s
Fri Jan 12 20:45:01 CET 2018
Ping: 25.986 ms
Download: 117.51 Mbit/s
Upload: 4.99 Mbit/s
Fri Jan 12 21:45:01 CET 2018
Ping: 26.418 ms
Download: 124.90 Mbit/s
Upload: 5.66 Mbit/s
Fri Jan 12 22:45:01 CET 2018
Ping: 25.792 ms
Download: 126.30 Mbit/s
Upload: 5.51 Mbit/s
Fri Jan 12 23:45:01 CET 2018
Ping: 25.314 ms
Download: 119.04 Mbit/s
Upload: 5.57 Mbit/s
Sat Jan 13 00:45:01 CET 2018
Ping: 26.412 ms
Download: 127.46 Mbit/s
Upload: 5.60 Mbit/s
Sat Jan 13 01:45:02 CET 2018
Ping: 26.408 ms
Download: 125.44 Mbit/s
Upload: 5.61 Mbit/s
Sat Jan 13 02:45:01 CET 2018
Ping: 26.385 ms
Download: 124.19 Mbit/s
Upload: 5.58 Mbit/s
Sat Jan 13 03:45:01 CET 2018
Ping: 26.866 ms
Download: 113.92 Mbit/s
Upload: 5.64 Mbit/s
Sat Jan 13 04:45:01 CET 2018
Ping: 26.427 ms
Download: 126.76 Mbit/s
Upload: 4.84 Mbit/s
Sat Jan 13 05:45:01 CET 2018
Ping: 26.29 ms
Download: 118.49 Mbit/s
Upload: 5.38 Mbit/s
Sat Jan 13 06:45:01 CET 2018
Ping: 25.809 ms
Download: 127.61 Mbit/s
Upload: 5.39 Mbit/s
Sat Jan 13 07:45:01 CET 2018
Ping: 25.173 ms
Download: 127.33 Mbit/s
Upload: 5.63 Mbit/s
Sat Jan 13 08:45:01 CET 2018
Ping: 26.277 ms
Download: 126.57 Mbit/s
Upload: 5.53 Mbit/s
Sat Jan 13 09:45:01 CET 2018
Ping: 25.726 ms
Download: 126.30 Mbit/s
Upload: 5.58 Mbit/s
Sat Jan 13 10:45:01 CET 2018
Ping: 28.784 ms
Download: 118.61 Mbit/s
Upload: 5.58 Mbit/s
Sat Jan 13 11:45:01 CET 2018
Ping: 24.383 ms
Download: 125.85 Mbit/s
Upload: 5.57 Mbit/s
Sat Jan 13 12:45:01 CET 2018
Ping: 24.958 ms
Download: 119.26 Mbit/s
Upload: 5.51 Mbit/s
Sat Jan 13 13:45:01 CET 2018
Ping: 26.922 ms
Download: 120.42 Mbit/s
Upload: 5.50 Mbit/s
Sat Jan 13 14:45:01 CET 2018
Ping: 26.219 ms
Download: 126.06 Mbit/s
Upload: 5.56 Mbit/s
Sat Jan 13 15:45:01 CET 2018
Ping: 27.959 ms
Download: 117.68 Mbit/s
Upload: 5.00 Mbit/s
Sat Jan 13 16:45:01 CET 2018
Ping: 28.221 ms
Download: 125.95 Mbit/s
Upload: 5.38 Mbit/s
Sat Jan 13 17:45:01 CET 2018
Ping: 25.564 ms
Download: 126.56 Mbit/s
Upload: 5.60 Mbit/s
Sat Jan 13 18:45:01 CET 2018
Ping: 25.053 ms
Download: 126.00 Mbit/s
Upload: 5.61 Mbit/s
Sat Jan 13 19:45:01 CET 2018
Ping: 26.404 ms
Download: 123.53 Mbit/s
Upload: 5.56 Mbit/s
Sat Jan 13 20:45:01 CET 2018
Ping: 26.422 ms
Download: 127.10 Mbit/s
Upload: 5.56 Mbit/s
Sat Jan 13 21:45:01 CET 2018
Ping: 24.926 ms
Download: 121.58 Mbit/s
Upload: 4.82 Mbit/s
Sat Jan 13 22:45:01 CET 2018
Ping: 24.726 ms
Download: 124.28 Mbit/s
Upload: 5.66 Mbit/s
Sat Jan 13 23:45:02 CET 2018
Ping: 27.589 ms
Download: 126.05 Mbit/s
Upload: 5.60 Mbit/s
Sun Jan 14 00:45:01 CET 2018
Ping: 26.373 ms
Download: 116.28 Mbit/s
Upload: 5.54 Mbit/s
Sun Jan 14 01:45:01 CET 2018
Ping: 25.401 ms
Download: 126.66 Mbit/s
Upload: 5.57 Mbit/s
Sun Jan 14 02:45:01 CET 2018
Ping: 27.023 ms
Download: 126.22 Mbit/s
Upload: 5.60 Mbit/s
Sun Jan 14 03:45:01 CET 2018
Ping: 24.772 ms
Download: 126.96 Mbit/s
Upload: 4.98 Mbit/s
Sun Jan 14 04:45:01 CET 2018
Ping: 26.18 ms
Download: 127.14 Mbit/s
Upload: 5.57 Mbit/s
Sun Jan 14 05:45:01 CET 2018
Ping: 24.774 ms
Download: 108.24 Mbit/s
Upload: 5.60 Mbit/s
Sun Jan 14 06:45:01 CET 2018
Ping: 24.626 ms
Download: 127.06 Mbit/s
Upload: 5.65 Mbit/s
Sun Jan 14 07:45:01 CET 2018
Ping: 26.398 ms
Download: 125.23 Mbit/s
Upload: 5.63 Mbit/s
Sun Jan 14 08:45:02 CET 2018
Ping: 24.022 ms
Download: 102.76 Mbit/s
Upload: 5.55 Mbit/s
Sun Jan 14 09:45:01 CET 2018
Ping: 25.587 ms
Download: 124.90 Mbit/s
Upload: 5.50 Mbit/s
Sun Jan 14 10:45:01 CET 2018
Ping: 24.266 ms
Download: 123.29 Mbit/s
Upload: 5.51 Mbit/s
Sun Jan 14 11:45:01 CET 2018
Ping: 24.732 ms
Download: 127.59 Mbit/s
Upload: 5.51 Mbit/s
Sun Jan 14 12:45:01 CET 2018
Ping: 25.932 ms
Download: 126.23 Mbit/s
Upload: 5.51 Mbit/s
Sun Jan 14 13:45:01 CET 2018
Ping: 24.729 ms
Download: 126.31 Mbit/s
Upload: 5.53 Mbit/s
Sun Jan 14 14:45:01 CET 2018
Ping: 27.011 ms
Download: 127.81 Mbit/s
Upload: 5.53 Mbit/s
Sun Jan 14 15:45:01 CET 2018
Ping: 27.796 ms
Download: 123.52 Mbit/s
Upload: 5.55 Mbit/s
Sun Jan 14 16:45:02 CET 2018
Ping: 26.176 ms
Download: 123.70 Mbit/s
Upload: 5.61 Mbit/s
Sun Jan 14 17:45:01 CET 2018
Ping: 26.393 ms
Download: 126.58 Mbit/s
Upload: 5.08 Mbit/s
Sun Jan 14 18:45:02 CET 2018
Ping: 25.704 ms
Download: 122.77 Mbit/s
Upload: 5.20 Mbit/s
Sun Jan 14 19:45:01 CET 2018
Ping: 25.913 ms
Download: 127.40 Mbit/s
Upload: 5.61 Mbit/s
Sun Jan 14 20:45:01 CET 2018
Ping: 25.299 ms
Download: 127.58 Mbit/s
Upload: 5.66 Mbit/s
Sun Jan 14 21:45:01 CET 2018
Ping: 26.76 ms
Download: 121.68 Mbit/s
Upload: 5.54 Mbit/s
Sun Jan 14 22:45:01 CET 2018
Ping: 28.456 ms
Download: 107.39 Mbit/s
Upload: 5.40 Mbit/s
Sun Jan 14 23:45:01 CET 2018
Ping: 25.316 ms
Download: 119.27 Mbit/s
Upload: 5.55 Mbit/s
Mon Jan 15 00:45:01 CET 2018
Ping: 25.221 ms
Download: 127.10 Mbit/s
Upload: 5.62 Mbit/s
Mon Jan 15 01:45:01 CET 2018
Ping: 25.919 ms
Download: 125.84 Mbit/s
Upload: 4.62 Mbit/s
Mon Jan 15 02:45:02 CET 2018
Ping: 25.082 ms
Download: 127.95 Mbit/s
Upload: 5.63 Mbit/s
Mon Jan 15 03:45:01 CET 2018
Ping: 26.391 ms
Download: 124.07 Mbit/s
Upload: 5.65 Mbit/s
Mon Jan 15 04:45:01 CET 2018
Ping: 25.4 ms
Download: 127.89 Mbit/s
Upload: 5.61 Mbit/s
Mon Jan 15 05:45:01 CET 2018
Ping: 24.258 ms
Download: 79.06 Mbit/s
Upload: 5.62 Mbit/s
Mon Jan 15 06:45:01 CET 2018
Ping: 25.982 ms
Download: 126.38 Mbit/s
Upload: 5.62 Mbit/s
Mon Jan 15 07:45:01 CET 2018
Ping: 25.107 ms
Download: 125.73 Mbit/s
Upload: 5.60 Mbit/s
Mon Jan 15 08:45:01 CET 2018
Ping: 24.286 ms
Download: 126.23 Mbit/s
Upload: 5.46 Mbit/s
Mon Jan 15 09:45:02 CET 2018
Ping: 24.688 ms
Download: 120.55 Mbit/s
Upload: 5.66 Mbit/s
Mon Jan 15 10:45:01 CET 2018
Ping: 25.866 ms
Download: 120.85 Mbit/s
Upload: 5.58 Mbit/s
Mon Jan 15 11:45:01 CET 2018
Ping: 27.289 ms
Download: 127.25 Mbit/s
Upload: 5.59 Mbit/s
Mon Jan 15 12:45:01 CET 2018
Ping: 27.237 ms
Download: 123.13 Mbit/s
Upload: 5.51 Mbit/s
Mon Jan 15 13:45:01 CET 2018
Ping: 26.648 ms
Download: 124.98 Mbit/s
Upload: 5.61 Mbit/s
Mon Jan 15 14:45:02 CET 2018
Ping: 26.439 ms
Download: 127.12 Mbit/s
Upload: 5.54 Mbit/s
Mon Jan 15 15:45:01 CET 2018
Ping: 24.947 ms
Download: 127.03 Mbit/s
Upload: 5.61 Mbit/s
Mon Jan 15 16:45:01 CET 2018
Ping: 26.54 ms
Download: 115.88 Mbit/s
Upload: 5.67 Mbit/s
Mon Jan 15 17:45:01 CET 2018
Ping: 24.699 ms
Download: 127.13 Mbit/s
Upload: 5.65 Mbit/s
Mon Jan 15 18:45:01 CET 2018
Ping: 25.9 ms
Download: 123.86 Mbit/s
Upload: 5.63 Mbit/s
Mon Jan 15 19:45:01 CET 2018
Ping: 28.6 ms
Download: 126.73 Mbit/s
Upload: 5.68 Mbit/s
Mon Jan 15 20:45:01 CET 2018
Ping: 29.484 ms
Download: 121.13 Mbit/s
Upload: 5.64 Mbit/s
Mon Jan 15 21:45:01 CET 2018
Ping: 26.387 ms
Download: 124.00 Mbit/s
Upload: 5.51 Mbit/s
Mon Jan 15 22:45:01 CET 2018
Ping: 28.514 ms
Download: 123.02 Mbit/s
Upload: 5.58 Mbit/s
Mon Jan 15 23:45:01 CET 2018
Ping: 23.823 ms
Download: 127.40 Mbit/s
Upload: 5.59 Mbit/s
Tue Jan 16 00:45:01 CET 2018
Ping: 25.27 ms
Download: 126.50 Mbit/s
Upload: 5.64 Mbit/s
Tue Jan 16 01:45:01 CET 2018
Ping: 26.427 ms
Download: 127.63 Mbit/s
Upload: 5.58 Mbit/s
Tue Jan 16 02:45:01 CET 2018
Ping: 26.259 ms
Download: 124.97 Mbit/s
Upload: 5.67 Mbit/s
Tue Jan 16 03:45:01 CET 2018
Ping: 25.439 ms
Download: 127.57 Mbit/s
Upload: 5.62 Mbit/s
Tue Jan 16 04:45:01 CET 2018
Ping: 25.671 ms
Download: 126.55 Mbit/s
Upload: 5.64 Mbit/s
Tue Jan 16 05:45:01 CET 2018
Ping: 26.555 ms
Download: 127.59 Mbit/s
Upload: 5.61 Mbit/s
Tue Jan 16 06:45:01 CET 2018
Ping: 24.703 ms
Download: 126.43 Mbit/s
Upload: 5.01 Mbit/s
Tue Jan 16 07:45:01 CET 2018
Ping: 25.054 ms
Download: 126.17 Mbit/s
Upload: 5.59 Mbit/s
Tue Jan 16 08:45:01 CET 2018
Ping: 26.978 ms
Download: 126.37 Mbit/s
Upload: 5.59 Mbit/s
Tue Jan 16 09:45:01 CET 2018
Ping: 25.086 ms
Download: 127.20 Mbit/s
Upload: 5.58 Mbit/s
Tue Jan 16 10:45:01 CET 2018
Ping: 26.266 ms
Download: 125.28 Mbit/s
Upload: 5.60 Mbit/s
Tue Jan 16 11:45:01 CET 2018
Ping: 26.538 ms
Download: 127.42 Mbit/s
Upload: 5.62 Mbit/s
Tue Jan 16 12:45:01 CET 2018
Ping: 26.361 ms
Download: 126.80 Mbit/s
Upload: 5.56 Mbit/s
Tue Jan 16 13:45:01 CET 2018
Ping: 26.138 ms
Download: 126.98 Mbit/s
Upload: 5.60 Mbit/s
Tue Jan 16 14:45:01 CET 2018
Ping: 25.104 ms
Download: 126.05 Mbit/s
Upload: 5.58 Mbit/s
Tue Jan 16 15:45:01 CET 2018
Ping: 25.053 ms
Download: 122.59 Mbit/s
Upload: 5.60 Mbit/s
Tue Jan 16 16:45:02 CET 2018
Ping: 25.65 ms
Download: 119.56 Mbit/s
Upload: 5.60 Mbit/s
Tue Jan 16 17:45:01 CET 2018
Ping: 27.249 ms
Download: 114.01 Mbit/s
Upload: 5.68 Mbit/s
Tue Jan 16 18:45:01 CET 2018
Ping: 24.726 ms
Download: 127.58 Mbit/s
Upload: 5.55 Mbit/s
Tue Jan 16 19:45:01 CET 2018
Ping: 29.586 ms
Download: 120.19 Mbit/s
Upload: 5.62 Mbit/s
Tue Jan 16 20:45:01 CET 2018
Ping: 29.959 ms
Download: 115.63 Mbit/s
Upload: 5.60 Mbit/s
Tue Jan 16 21:45:01 CET 2018
Ping: 26.276 ms
Download: 110.10 Mbit/s
Upload: 5.57 Mbit/s
Tue Jan 16 22:45:02 CET 2018
Ping: 25.975 ms
Download: 126.00 Mbit/s
Upload: 5.59 Mbit/s
Tue Jan 16 23:45:01 CET 2018
Ping: 27.578 ms
Download: 124.59 Mbit/s
Upload: 5.59 Mbit/s
Wed Jan 17 00:45:01 CET 2018
Ping: 26.183 ms
Download: 123.44 Mbit/s
Upload: 5.62 Mbit/s
Wed Jan 17 01:45:01 CET 2018
Ping: 24.301 ms
Download: 127.40 Mbit/s
Upload: 5.44 Mbit/s
Wed Jan 17 02:45:01 CET 2018
Ping: 25.382 ms
Download: 121.26 Mbit/s
Upload: 5.59 Mbit/s
Wed Jan 17 03:45:01 CET 2018
Ping: 26.408 ms
Download: 127.56 Mbit/s
Upload: 4.89 Mbit/s
Wed Jan 17 04:45:01 CET 2018
Ping: 26.087 ms
Download: 126.86 Mbit/s
Upload: 3.87 Mbit/s
Wed Jan 17 05:45:01 CET 2018
Ping: 27.917 ms
Download: 125.15 Mbit/s
Upload: 5.67 Mbit/s
Wed Jan 17 06:45:01 CET 2018
Ping: 28.42 ms
Download: 120.91 Mbit/s
Upload: 5.58 Mbit/s
Wed Jan 17 07:45:01 CET 2018
Ping: 24.365 ms
Download: 121.87 Mbit/s
Upload: 5.58 Mbit/s
Wed Jan 17 08:45:01 CET 2018
Ping: 26.262 ms
Download: 123.79 Mbit/s
Upload: 5.39 Mbit/s
Wed Jan 17 09:45:01 CET 2018
Ping: 28.747 ms
Download: 125.38 Mbit/s
Upload: 5.67 Mbit/s
Wed Jan 17 10:45:01 CET 2018
Ping: 26.401 ms
Download: 128.07 Mbit/s
Upload: 5.63 Mbit/s
Wed Jan 17 11:45:01 CET 2018
Ping: 26.401 ms
Download: 127.39 Mbit/s
Upload: 5.60 Mbit/s
Wed Jan 17 12:45:01 CET 2018
Ping: 25.081 ms
Download: 123.16 Mbit/s
Upload: 5.41 Mbit/s
Wed Jan 17 13:45:01 CET 2018
Ping: 25.252 ms
Download: 124.79 Mbit/s
Upload: 5.49 Mbit/s
Wed Jan 17 14:45:01 CET 2018
Ping: 26.896 ms
Download: 126.21 Mbit/s
Upload: 5.53 Mbit/s
Wed Jan 17 15:45:02 CET 2018
Ping: 24.999 ms
Download: 127.54 Mbit/s
Upload: 4.96 Mbit/s
Wed Jan 17 16:45:01 CET 2018
Ping: 25.826 ms
Download: 123.50 Mbit/s
Upload: 5.56 Mbit/s
Wed Jan 17 17:45:01 CET 2018
Ping: 26.079 ms
Download: 126.27 Mbit/s
Upload: 5.59 Mbit/s
Wed Jan 17 18:45:01 CET 2018
Ping: 26.551 ms
Download: 125.46 Mbit/s
Upload: 5.46 Mbit/s
Wed Jan 17 19:45:01 CET 2018
Ping: 28.356 ms
Download: 127.51 Mbit/s
Upload: 5.55 Mbit/s
Wed Jan 17 20:45:01 CET 2018
Ping: 27.968 ms
Download: 126.51 Mbit/s
Upload: 5.62 Mbit/s
Wed Jan 17 21:45:01 CET 2018
Ping: 26.604 ms
Download: 123.16 Mbit/s
Upload: 5.58 Mbit/s
Wed Jan 17 22:45:01 CET 2018
Ping: 27.118 ms
Download: 127.86 Mbit/s
Upload: 4.41 Mbit/s
Wed Jan 17 23:45:01 CET 2018
Ping: 23.853 ms
Download: 127.02 Mbit/s
Upload: 5.63 Mbit/s
Thu Jan 18 00:45:01 CET 2018
Ping: 27.29 ms
Download: 125.56 Mbit/s
Upload: 5.65 Mbit/s
Thu Jan 18 01:45:01 CET 2018
Ping: 26.683 ms
Download: 126.75 Mbit/s
Upload: 5.61 Mbit/s
Thu Jan 18 02:45:01 CET 2018
Ping: 25.155 ms
Download: 127.59 Mbit/s
Upload: 5.61 Mbit/s
Thu Jan 18 03:45:01 CET 2018
Ping: 25.467 ms
Download: 110.72 Mbit/s
Upload: 5.69 Mbit/s
Thu Jan 18 04:45:01 CET 2018
Ping: 26.887 ms
Download: 125.16 Mbit/s
Upload: 5.63 Mbit/s
Thu Jan 18 05:45:01 CET 2018
Ping: 25.877 ms
Download: 120.60 Mbit/s
Upload: 5.60 Mbit/s
Thu Jan 18 06:45:02 CET 2018
Ping: 26.409 ms
Download: 127.62 Mbit/s
Upload: 5.48 Mbit/s
Thu Jan 18 07:45:02 CET 2018
Ping: 26.647 ms
Download: 126.44 Mbit/s
Upload: 4.67 Mbit/s
Thu Jan 18 08:45:01 CET 2018
Ping: 25.988 ms
Download: 127.49 Mbit/s
Upload: 5.64 Mbit/s
Thu Jan 18 09:45:01 CET 2018
Ping: 27.855 ms
Download: 125.91 Mbit/s
Upload: 5.62 Mbit/s
Thu Jan 18 10:45:01 CET 2018
Ping: 25.382 ms
Download: 120.27 Mbit/s
Upload: 5.61 Mbit/s
Thu Jan 18 11:45:01 CET 2018
Ping: 25.501 ms
Download: 125.97 Mbit/s
Upload: 5.60 Mbit/s
Thu Jan 18 12:45:01 CET 2018
Ping: 25.258 ms
Download: 127.44 Mbit/s
Upload: 5.60 Mbit/s
Thu Jan 18 13:45:01 CET 2018
Ping: 26.462 ms
Download: 125.78 Mbit/s
Upload: 5.60 Mbit/s
Thu Jan 18 14:45:01 CET 2018
Ping: 28.524 ms
Download: 116.25 Mbit/s
Upload: 5.56 Mbit/s
Thu Jan 18 15:45:01 CET 2018
Ping: 25.343 ms
Download: 119.77 Mbit/s
Upload: 5.68 Mbit/s
Thu Jan 18 16:45:01 CET 2018
Ping: 27.017 ms
Download: 123.68 Mbit/s
Upload: 5.53 Mbit/s
Thu Jan 18 17:45:01 CET 2018
Ping: 25.651 ms
Download: 124.74 Mbit/s
Upload: 5.63 Mbit/s
Thu Jan 18 18:45:01 CET 2018
Ping: 25.043 ms
Download: 125.20 Mbit/s
Upload: 5.55 Mbit/s
Thu Jan 18 19:45:02 CET 2018
Ping: 25.067 ms
Download: 127.63 Mbit/s
Upload: 5.43 Mbit/s
Thu Jan 18 20:45:01 CET 2018
Ping: 28.78 ms
Download: 120.43 Mbit/s
Upload: 5.49 Mbit/s
Thu Jan 18 21:45:01 CET 2018
Ping: 26.421 ms
Download: 117.16 Mbit/s
Upload: 5.19 Mbit/s
Thu Jan 18 22:45:01 CET 2018
Ping: 27.952 ms
Download: 109.19 Mbit/s
Upload: 5.57 Mbit/s
Thu Jan 18 23:45:01 CET 2018
Ping: 26.729 ms
Download: 119.92 Mbit/s
Upload: 5.42 Mbit/s
Fri Jan 19 00:45:01 CET 2018
Ping: 26.292 ms
Download: 121.11 Mbit/s
Upload: 5.58 Mbit/s
Fri Jan 19 01:45:01 CET 2018
Ping: 28.41 ms
Download: 124.60 Mbit/s
Upload: 5.68 Mbit/s
Fri Jan 19 02:45:01 CET 2018
Ping: 27.145 ms
Download: 123.32 Mbit/s
Upload: 5.24 Mbit/s
Fri Jan 19 03:45:01 CET 2018
Ping: 25.788 ms
Download: 126.64 Mbit/s
Upload: 5.62 Mbit/s
Fri Jan 19 04:45:01 CET 2018
Ping: 24.743 ms
Download: 125.38 Mbit/s
Upload: 5.67 Mbit/s
Fri Jan 19 05:45:01 CET 2018
Ping: 28.621 ms
Download: 123.83 Mbit/s
Upload: 5.58 Mbit/s
Fri Jan 19 06:45:01 CET 2018
Ping: 24.975 ms
Download: 126.15 Mbit/s
Upload: 5.64 Mbit/s
Fri Jan 19 07:45:01 CET 2018
Ping: 25.68 ms
Download: 116.08 Mbit/s
Upload: 5.59 Mbit/s
Fri Jan 19 08:45:01 CET 2018
Ping: 25.847 ms
Download: 122.72 Mbit/s
Upload: 5.37 Mbit/s
Fri Jan 19 09:45:01 CET 2018
Ping: 25.461 ms
Download: 127.88 Mbit/s
Upload: 5.56 Mbit/s
Fri Jan 19 10:45:01 CET 2018
Ping: 24.7 ms
Download: 128.03 Mbit/s
Upload: 5.54 Mbit/s
Fri Jan 19 11:45:01 CET 2018
Ping: 26.151 ms
Download: 122.88 Mbit/s
Upload: 5.58 Mbit/s
Fri Jan 19 12:45:01 CET 2018
Ping: 27.653 ms
Download: 114.68 Mbit/s
Upload: 5.58 Mbit/s
Fri Jan 19 13:45:01 CET 2018
Ping: 26.413 ms
Download: 126.89 Mbit/s
Upload: 5.62 Mbit/s
Fri Jan 19 14:45:01 CET 2018
Ping: 25.551 ms
Download: 122.41 Mbit/s
Upload: 5.54 Mbit/s
Fri Jan 19 15:45:02 CET 2018
Ping: 30.067 ms
Download: 125.80 Mbit/s
Upload: 5.56 Mbit/s
Fri Jan 19 16:45:01 CET 2018
Ping: 25.612 ms
Download: 125.60 Mbit/s
Upload: 5.56 Mbit/s
Fri Jan 19 17:45:01 CET 2018
Ping: 27.922 ms
Download: 125.11 Mbit/s
Upload: 5.49 Mbit/s
Fri Jan 19 18:45:01 CET 2018
Ping: 26.414 ms
Download: 127.50 Mbit/s
Upload: 5.43 Mbit/s
Fri Jan 19 19:45:01 CET 2018
Ping: 25.431 ms
Download: 123.94 Mbit/s
Upload: 4.76 Mbit/s
Fri Jan 19 20:45:01 CET 2018
Ping: 25.944 ms
Download: 125.83 Mbit/s
Upload: 5.61 Mbit/s
Fri Jan 19 21:45:01 CET 2018
Ping: 26.708 ms
Download: 125.13 Mbit/s
Upload: 5.64 Mbit/s
Fri Jan 19 22:45:01 CET 2018
Ping: 25.724 ms
Download: 122.61 Mbit/s
Upload: 5.59 Mbit/s
Fri Jan 19 23:45:01 CET 2018
Ping: 26.398 ms
Download: 120.51 Mbit/s
Upload: 5.49 Mbit/s
Sat Jan 20 00:45:01 CET 2018
Ping: 26.406 ms
Download: 114.34 Mbit/s
Upload: 5.53 Mbit/s
Sat Jan 20 01:45:01 CET 2018
Ping: 26.543 ms
Download: 125.85 Mbit/s
Upload: 5.61 Mbit/s
Sat Jan 20 02:45:01 CET 2018
Ping: 24.284 ms
Download: 124.41 Mbit/s
Upload: 5.57 Mbit/s
Sat Jan 20 03:45:01 CET 2018
Ping: 23.733 ms
Download: 127.98 Mbit/s
Upload: 5.61 Mbit/s
Sat Jan 20 04:45:01 CET 2018
Ping: 27.336 ms
Download: 125.37 Mbit/s
Upload: 5.60 Mbit/s
Sat Jan 20 05:45:01 CET 2018
Ping: 26.031 ms
Download: 127.80 Mbit/s
Upload: 5.59 Mbit/s
Sat Jan 20 06:45:02 CET 2018
Ping: 25.644 ms
Download: 127.76 Mbit/s
Upload: 5.57 Mbit/s
Sat Jan 20 07:45:01 CET 2018
Ping: 25.072 ms
Download: 123.96 Mbit/s
Upload: 5.47 Mbit/s
Sat Jan 20 08:45:01 CET 2018
Ping: 25.622 ms
Download: 123.14 Mbit/s
Upload: 5.59 Mbit/s
Sat Jan 20 09:45:01 CET 2018
Ping: 26.973 ms
Download: 124.96 Mbit/s
Upload: 5.62 Mbit/s
Sat Jan 20 10:45:01 CET 2018
Ping: 27.72 ms
Download: 126.64 Mbit/s
Upload: 5.61 Mbit/s
Sat Jan 20 11:45:01 CET 2018
Ping: 26.302 ms
Download: 115.36 Mbit/s
Upload: 5.47 Mbit/s
Sat Jan 20 12:45:01 CET 2018
Ping: 24.437 ms
Download: 127.53 Mbit/s
Upload: 5.57 Mbit/s
Sat Jan 20 13:45:01 CET 2018
Ping: 25.658 ms
Download: 126.86 Mbit/s
Upload: 5.50 Mbit/s
Sat Jan 20 14:45:01 CET 2018
Ping: 25.88 ms
Download: 127.59 Mbit/s
Upload: 5.52 Mbit/s
Sat Jan 20 15:45:01 CET 2018
Ping: 26.504 ms
Download: 109.53 Mbit/s
Upload: 5.55 Mbit/s
Sat Jan 20 16:45:01 CET 2018
Ping: 24.922 ms
Download: 125.64 Mbit/s
Upload: 5.62 Mbit/s
Sat Jan 20 17:45:01 CET 2018
Ping: 25.872 ms
Download: 125.52 Mbit/s
Upload: 5.67 Mbit/s
Sat Jan 20 18:45:01 CET 2018
Ping: 25.692 ms
Download: 120.29 Mbit/s
Upload: 5.34 Mbit/s
Sat Jan 20 19:45:01 CET 2018
Ping: 26.33 ms
Download: 122.74 Mbit/s
Upload: 5.60 Mbit/s
Sat Jan 20 20:45:01 CET 2018
Ping: 27.617 ms
Download: 123.16 Mbit/s
Upload: 5.62 Mbit/s
Sat Jan 20 21:45:01 CET 2018
Ping: 27.084 ms
Download: 125.38 Mbit/s
Upload: 5.63 Mbit/s
Sat Jan 20 22:45:01 CET 2018
Ping: 26.95 ms
Download: 121.34 Mbit/s
Upload: 5.56 Mbit/s
Sat Jan 20 23:45:01 CET 2018
Ping: 25.058 ms
Download: 125.90 Mbit/s
Upload: 5.53 Mbit/s
Sun Jan 21 00:45:01 CET 2018
Ping: 24.308 ms
Download: 126.20 Mbit/s
Upload: 5.55 Mbit/s
Sun Jan 21 01:45:01 CET 2018
Ping: 26.64 ms
Download: 127.50 Mbit/s
Upload: 5.42 Mbit/s
Sun Jan 21 02:45:01 CET 2018
Ping: 25.671 ms
Download: 101.28 Mbit/s
Upload: 5.60 Mbit/s
Sun Jan 21 03:45:01 CET 2018
Ping: 26.317 ms
Download: 124.40 Mbit/s
Upload: 5.65 Mbit/s
Sun Jan 21 04:45:01 CET 2018
Ping: 24.771 ms
Download: 125.69 Mbit/s
Upload: 5.57 Mbit/s
Sun Jan 21 05:45:01 CET 2018
Ping: 25.792 ms
Download: 125.92 Mbit/s
Upload: 5.58 Mbit/s
Sun Jan 21 06:45:01 CET 2018
Ping: 25.672 ms
Download: 123.40 Mbit/s
Upload: 3.74 Mbit/s
Sun Jan 21 07:45:01 CET 2018
Ping: 25.173 ms
Download: 127.04 Mbit/s
Upload: 5.61 Mbit/s
Sun Jan 21 08:45:02 CET 2018
Ping: 25.852 ms
Download: 124.96 Mbit/s
Upload: 5.60 Mbit/s
Sun Jan 21 09:45:01 CET 2018
Ping: 29.045 ms
Download: 118.84 Mbit/s
Upload: 5.61 Mbit/s
Sun Jan 21 10:45:01 CET 2018
Ping: 26.29 ms
Download: 122.37 Mbit/s
Upload: 5.41 Mbit/s
Sun Jan 21 11:45:01 CET 2018
Ping: 26.537 ms
Download: 125.63 Mbit/s
Upload: 5.60 Mbit/s
Sun Jan 21 12:45:01 CET 2018
Ping: 26.842 ms
Download: 126.36 Mbit/s
Upload: 5.59 Mbit/s
Sun Jan 21 13:45:01 CET 2018
Ping: 27.704 ms
Download: 111.10 Mbit/s
Upload: 5.51 Mbit/s
Sun Jan 21 14:45:01 CET 2018
Ping: 27.303 ms
Download: 108.53 Mbit/s
Upload: 5.55 Mbit/s
Sun Jan 21 15:45:01 CET 2018
Ping: 27.582 ms
Download: 121.85 Mbit/s
Upload: 5.62 Mbit/s
Sun Jan 21 16:45:01 CET 2018
Ping: 25.337 ms
Download: 127.24 Mbit/s
Upload: 5.52 Mbit/s
Sun Jan 21 17:45:01 CET 2018
Ping: 27.89 ms
Download: 123.61 Mbit/s
Upload: 5.62 Mbit/s
Sun Jan 21 18:45:01 CET 2018
Ping: 28.259 ms
Download: 125.98 Mbit/s
Upload: 5.46 Mbit/s
Sun Jan 21 19:45:01 CET 2018
Ping: 26.451 ms
Download: 127.69 Mbit/s
Upload: 5.55 Mbit/s
Sun Jan 21 20:45:01 CET 2018
Ping: 26.546 ms
Download: 126.17 Mbit/s
Upload: 5.60 Mbit/s
Sun Jan 21 21:45:01 CET 2018
Ping: 26.318 ms
Download: 127.04 Mbit/s
Upload: 5.50 Mbit/s
Sun Jan 21 22:45:01 CET 2018
Ping: 25.397 ms
Download: 123.66 Mbit/s
Upload: 5.61 Mbit/s
Sun Jan 21 23:45:01 CET 2018
Ping: 26.54 ms
Download: 104.16 Mbit/s
Upload: 5.52 Mbit/s
Mon Jan 22 00:45:01 CET 2018
Ping: 27.691 ms
Download: 127.59 Mbit/s
Upload: 5.50 Mbit/s
Mon Jan 22 01:45:01 CET 2018
Ping: 26.263 ms
Download: 126.66 Mbit/s
Upload: 5.59 Mbit/s
Mon Jan 22 02:45:01 CET 2018
Ping: 24.829 ms
Download: 127.70 Mbit/s
Upload: 5.59 Mbit/s
Mon Jan 22 03:45:01 CET 2018
Ping: 27.779 ms
Download: 125.90 Mbit/s
Upload: 5.59 Mbit/s
Mon Jan 22 04:45:01 CET 2018
Ping: 24.811 ms
Download: 127.73 Mbit/s
Upload: 5.57 Mbit/s
Mon Jan 22 05:45:01 CET 2018
Ping: 24.192 ms
Download: 127.23 Mbit/s
Upload: 5.58 Mbit/s
Mon Jan 22 06:45:01 CET 2018
Ping: 24.951 ms
Download: 126.77 Mbit/s
Upload: 5.55 Mbit/s
Mon Jan 22 07:45:01 CET 2018
Ping: 24.282 ms
Download: 116.11 Mbit/s
Upload: 5.62 Mbit/s
Mon Jan 22 08:45:02 CET 2018
Ping: 28.099 ms
Download: 127.31 Mbit/s
Upload: 5.58 Mbit/s
Mon Jan 22 09:45:01 CET 2018
Ping: 25.716 ms
Download: 126.77 Mbit/s
Upload: 5.67 Mbit/s
Mon Jan 22 10:45:02 CET 2018
Ping: 24.53 ms
Download: 127.95 Mbit/s
Upload: 5.62 Mbit/s
Mon Jan 22 11:45:01 CET 2018
Ping: 27.637 ms
Download: 127.29 Mbit/s
Upload: 5.60 Mbit/s
Mon Jan 22 12:45:01 CET 2018
Ping: 27.833 ms
Download: 110.55 Mbit/s
Upload: 5.61 Mbit/s
Mon Jan 22 13:45:01 CET 2018
Ping: 26.26 ms
Download: 125.62 Mbit/s
Upload: 5.47 Mbit/s
Mon Jan 22 14:45:01 CET 2018
Ping: 25.505 ms
Download: 127.96 Mbit/s
Upload: 5.37 Mbit/s
Mon Jan 22 15:45:01 CET 2018
Ping: 24.742 ms
Download: 127.55 Mbit/s
Upload: 5.31 Mbit/s
Mon Jan 22 16:45:01 CET 2018
Ping: 27.591 ms
Download: 123.23 Mbit/s
Upload: 5.67 Mbit/s
Mon Jan 22 17:45:01 CET 2018
Ping: 25.013 ms
Download: 127.29 Mbit/s
Upload: 5.63 Mbit/s
Mon Jan 22 18:45:01 CET 2018
Ping: 26.286 ms
Download: 111.90 Mbit/s
Upload: 5.48 Mbit/s
Mon Jan 22 19:45:02 CET 2018
Ping: 26.255 ms
Download: 125.56 Mbit/s
Upload: 5.60 Mbit/s
Mon Jan 22 20:45:01 CET 2018
Ping: 28.284 ms
Download: 101.98 Mbit/s
Upload: 5.62 Mbit/s
Mon Jan 22 21:45:02 CET 2018
Ping: 27.215 ms
Download: 113.55 Mbit/s
Upload: 5.49 Mbit/s
Mon Jan 22 22:45:01 CET 2018
Ping: 25.776 ms
Download: 118.81 Mbit/s
Upload: 3.10 Mbit/s
Mon Jan 22 23:45:01 CET 2018
Ping: 26.107 ms
Download: 124.81 Mbit/s
Upload: 5.65 Mbit/s
Tue Jan 23 00:45:01 CET 2018
Ping: 26.56 ms
Download: 114.35 Mbit/s
Upload: 5.66 Mbit/s
Tue Jan 23 01:45:01 CET 2018
Ping: 26.624 ms
Download: 127.49 Mbit/s
Upload: 5.59 Mbit/s
Tue Jan 23 02:45:01 CET 2018
Ping: 26.924 ms
Download: 127.48 Mbit/s
Upload: 5.60 Mbit/s
Tue Jan 23 03:45:01 CET 2018
Ping: 23.812 ms
Download: 127.91 Mbit/s
Upload: 5.56 Mbit/s
Tue Jan 23 04:45:01 CET 2018
Ping: 25.05 ms
Download: 126.38 Mbit/s
Upload: 5.40 Mbit/s
Tue Jan 23 05:45:02 CET 2018
Ping: 24.771 ms
Download: 126.31 Mbit/s
Upload: 5.11 Mbit/s
Tue Jan 23 06:45:01 CET 2018
Ping: 25.092 ms
Download: 128.04 Mbit/s
Upload: 5.62 Mbit/s
Tue Jan 23 07:45:01 CET 2018
Ping: 26.221 ms
Download: 128.02 Mbit/s
Upload: 5.35 Mbit/s
Tue Jan 23 08:45:01 CET 2018
Ping: 27.434 ms
Download: 125.79 Mbit/s
Upload: 5.68 Mbit/s
Tue Jan 23 09:45:01 CET 2018
Ping: 26.709 ms
Download: 103.14 Mbit/s
Upload: 5.61 Mbit/s
Tue Jan 23 10:45:01 CET 2018
Ping: 28.716 ms
Download: 72.23 Mbit/s
Upload: 5.63 Mbit/s
Tue Jan 23 11:45:01 CET 2018
Ping: 25.115 ms
Download: 125.59 Mbit/s
Upload: 5.50 Mbit/s
Tue Jan 23 12:45:01 CET 2018
Ping: 24.545 ms
Download: 125.86 Mbit/s
Upload: 5.62 Mbit/s
Tue Jan 23 13:45:01 CET 2018
Ping: 24.592 ms
Download: 127.53 Mbit/s
Upload: 5.22 Mbit/s
Tue Jan 23 14:45:01 CET 2018
Ping: 25.866 ms
Download: 118.14 Mbit/s
Upload: 5.59 Mbit/s
Tue Jan 23 15:45:01 CET 2018
Ping: 26.413 ms
Download: 120.85 Mbit/s
Upload: 5.62 Mbit/s
Tue Jan 23 16:45:01 CET 2018
Ping: 23.817 ms
Download: 125.54 Mbit/s
Upload: 5.52 Mbit/s
Tue Jan 23 17:45:01 CET 2018
Ping: 26.226 ms
Download: 123.14 Mbit/s
Upload: 5.42 Mbit/s
Tue Jan 23 18:45:01 CET 2018
Ping: 25.486 ms
Download: 121.24 Mbit/s
Upload: 5.49 Mbit/s
Tue Jan 23 19:45:01 CET 2018
Ping: 24.975 ms
Download: 127.27 Mbit/s
Upload: 5.58 Mbit/s
Tue Jan 23 20:45:01 CET 2018
Ping: 25.741 ms
Download: 123.51 Mbit/s
Upload: 5.59 Mbit/s
Tue Jan 23 21:45:01 CET 2018
Ping: 26.223 ms
Download: 124.62 Mbit/s
Upload: 5.53 Mbit/s
Tue Jan 23 22:45:01 CET 2018
Ping: 27.734 ms
Download: 101.95 Mbit/s
Upload: 4.98 Mbit/s
Tue Jan 23 23:45:01 CET 2018
Ping: 25.075 ms
Download: 126.62 Mbit/s
Upload: 5.62 Mbit/s
Wed Jan 24 00:45:01 CET 2018
Ping: 27.198 ms
Download: 123.94 Mbit/s
Upload: 5.64 Mbit/s
Wed Jan 24 01:45:01 CET 2018
Ping: 25.939 ms
Download: 127.77 Mbit/s
Upload: 5.65 Mbit/s
Wed Jan 24 02:45:02 CET 2018
Ping: 25.673 ms
Download: 124.79 Mbit/s
Upload: 5.57 Mbit/s
Wed Jan 24 03:45:01 CET 2018
Ping: 23.279 ms
Download: 126.04 Mbit/s
Upload: 5.61 Mbit/s
Wed Jan 24 04:45:01 CET 2018
Ping: 25.098 ms
Download: 115.24 Mbit/s
Upload: 5.60 Mbit/s
Wed Jan 24 05:45:01 CET 2018
Ping: 26.444 ms
Download: 125.15 Mbit/s
Upload: 5.47 Mbit/s
Wed Jan 24 06:45:01 CET 2018
Ping: 26.972 ms
Download: 119.78 Mbit/s
Upload: 5.63 Mbit/s
Wed Jan 24 07:45:01 CET 2018
Ping: 24.291 ms
Download: 121.56 Mbit/s
Upload: 5.57 Mbit/s
Wed Jan 24 08:45:02 CET 2018
Ping: 22.622 ms
Download: 125.06 Mbit/s
Upload: 5.61 Mbit/s
Wed Jan 24 09:45:01 CET 2018
Ping: 24.112 ms
Download: 125.66 Mbit/s
Upload: 5.49 Mbit/s
Wed Jan 24 10:45:01 CET 2018
Ping: 26.399 ms
Download: 126.57 Mbit/s
Upload: 5.52 Mbit/s
Wed Jan 24 11:45:01 CET 2018
Ping: 25.085 ms
Download: 126.15 Mbit/s
Upload: 5.60 Mbit/s
Wed Jan 24 12:45:01 CET 2018
Ping: 27.404 ms
Download: 126.58 Mbit/s
Upload: 4.95 Mbit/s
Wed Jan 24 13:45:02 CET 2018
Ping: 26.353 ms
Download: 118.51 Mbit/s
Upload: 5.61 Mbit/s
Wed Jan 24 14:45:02 CET 2018
Ping: 26.277 ms
Download: 121.50 Mbit/s
Upload: 5.64 Mbit/s
Wed Jan 24 15:45:01 CET 2018
Ping: 25.722 ms
Download: 125.57 Mbit/s
Upload: 5.60 Mbit/s
Wed Jan 24 16:45:01 CET 2018
Ping: 26.401 ms
Download: 122.44 Mbit/s
Upload: 5.41 Mbit/s
Wed Jan 24 17:45:01 CET 2018
Ping: 24.288 ms
Download: 126.46 Mbit/s
Upload: 4.64 Mbit/s
Wed Jan 24 18:45:02 CET 2018
Ping: 26.421 ms
Download: 123.36 Mbit/s
Upload: 5.60 Mbit/s
Wed Jan 24 19:45:01 CET 2018
Ping: 27.61 ms
Download: 125.02 Mbit/s
Upload: 5.51 Mbit/s
Wed Jan 24 20:45:01 CET 2018
Ping: 27.627 ms
Download: 117.36 Mbit/s
Upload: 5.55 Mbit/s
Wed Jan 24 21:45:01 CET 2018
Ping: 26.687 ms
Download: 112.92 Mbit/s
Upload: 5.53 Mbit/s
Wed Jan 24 22:45:02 CET 2018
Ping: 25.04 ms
Download: 124.63 Mbit/s
Upload: 5.66 Mbit/s
Wed Jan 24 23:45:01 CET 2018
Ping: 25.005 ms
Download: 124.15 Mbit/s
Upload: 5.68 Mbit/s
Thu Jan 25 00:45:01 CET 2018
Ping: 27.653 ms
Download: 121.00 Mbit/s
Upload: 5.64 Mbit/s
Thu Jan 25 01:45:01 CET 2018
Ping: 26.41 ms
Download: 121.61 Mbit/s
Upload: 5.59 Mbit/s
Thu Jan 25 02:45:01 CET 2018
Ping: 25.078 ms
Download: 127.78 Mbit/s
Upload: 5.50 Mbit/s
Thu Jan 25 03:45:01 CET 2018
Ping: 25.988 ms
Download: 126.98 Mbit/s
Upload: 5.59 Mbit/s
Thu Jan 25 04:45:01 CET 2018
Ping: 25.077 ms
Download: 116.89 Mbit/s
Upload: 5.63 Mbit/s
Thu Jan 25 05:45:01 CET 2018
Ping: 24.456 ms
Download: 127.34 Mbit/s
Upload: 5.41 Mbit/s
Thu Jan 25 06:45:02 CET 2018
Ping: 24.612 ms
Download: 123.39 Mbit/s
Upload: 5.62 Mbit/s
Thu Jan 25 07:45:01 CET 2018
Ping: 26.425 ms
Download: 127.57 Mbit/s
Upload: 5.65 Mbit/s
Thu Jan 25 08:45:01 CET 2018
Ping: 25.655 ms
Download: 127.70 Mbit/s
Upload: 5.66 Mbit/s
Thu Jan 25 09:45:02 CET 2018
Ping: 24.578 ms
Download: 127.79 Mbit/s
Upload: 5.67 Mbit/s
Thu Jan 25 10:45:01 CET 2018
Ping: 24.835 ms
Download: 121.93 Mbit/s
Upload: 5.64 Mbit/s
Thu Jan 25 11:45:01 CET 2018
Ping: 25.096 ms
Download: 125.06 Mbit/s
Upload: 5.62 Mbit/s
Thu Jan 25 12:45:01 CET 2018
Ping: 26.092 ms
Download: 126.47 Mbit/s
Upload: 5.43 Mbit/s
Thu Jan 25 13:45:01 CET 2018
Ping: 27.646 ms
Download: 127.42 Mbit/s
Upload: 5.61 Mbit/s
Thu Jan 25 14:45:01 CET 2018
Ping: 24.754 ms
Download: 127.44 Mbit/s
Upload: 5.66 Mbit/s
Thu Jan 25 15:45:01 CET 2018
Ping: 26.748 ms
Download: 123.51 Mbit/s
Upload: 5.48 Mbit/s
Thu Jan 25 16:45:01 CET 2018
Ping: 26.484 ms
Download: 126.18 Mbit/s
Upload: 5.62 Mbit/s
Thu Jan 25 17:45:01 CET 2018
Ping: 28.933 ms
Download: 121.10 Mbit/s
Upload: 5.63 Mbit/s
Thu Jan 25 18:45:01 CET 2018
Ping: 27.16 ms
Download: 110.63 Mbit/s
Upload: 5.65 Mbit/s
Thu Jan 25 19:45:01 CET 2018
Ping: 26.31 ms
Download: 125.35 Mbit/s
Upload: 5.59 Mbit/s
Thu Jan 25 20:45:01 CET 2018
Ping: 26.96 ms
Download: 101.80 Mbit/s
Upload: 5.61 Mbit/s
Thu Jan 25 21:45:01 CET 2018
Ping: 30.303 ms
Download: 118.99 Mbit/s
Upload: 5.40 Mbit/s
Thu Jan 25 22:45:01 CET 2018
Ping: 29.879 ms
Download: 88.05 Mbit/s
Upload: 5.61 Mbit/s
Thu Jan 25 23:45:01 CET 2018
Ping: 26.945 ms
Download: 126.58 Mbit/s
Upload: 5.63 Mbit/s
Fri Jan 26 00:45:01 CET 2018
Ping: 25.828 ms
Download: 125.13 Mbit/s
Upload: 5.63 Mbit/s
Fri Jan 26 01:45:01 CET 2018
Ping: 24.529 ms
Download: 127.86 Mbit/s
Upload: 5.61 Mbit/s
Fri Jan 26 02:45:01 CET 2018
Ping: 24.823 ms
Download: 124.06 Mbit/s
Upload: 5.60 Mbit/s
Fri Jan 26 03:45:01 CET 2018
Ping: 25.909 ms
Download: 127.64 Mbit/s
Upload: 5.66 Mbit/s
Fri Jan 26 04:45:01 CET 2018
Ping: 24.207 ms
Download: 127.86 Mbit/s
Upload: 5.59 Mbit/s
Fri Jan 26 05:45:01 CET 2018
Ping: 26.799 ms
Download: 127.30 Mbit/s
Upload: 5.58 Mbit/s
Fri Jan 26 06:45:01 CET 2018
Ping: 25.822 ms
Download: 127.71 Mbit/s
Upload: 5.63 Mbit/s
Fri Jan 26 07:45:01 CET 2018
Ping: 25.653 ms
Download: 127.79 Mbit/s
Upload: 5.52 Mbit/s
Fri Jan 26 08:45:01 CET 2018
Ping: 24.041 ms
Download: 120.89 Mbit/s
Upload: 5.46 Mbit/s
Fri Jan 26 09:45:01 CET 2018
Ping: 26.424 ms
Download: 119.81 Mbit/s
Upload: 5.57 Mbit/s
Fri Jan 26 10:45:01 CET 2018
Ping: 24.319 ms
Download: 127.98 Mbit/s
Upload: 5.28 Mbit/s
Fri Jan 26 11:45:01 CET 2018
Ping: 24.336 ms
Download: 126.72 Mbit/s
Upload: 5.56 Mbit/s
Fri Jan 26 12:45:01 CET 2018
Ping: 29.129 ms
Download: 112.89 Mbit/s
Upload: 5.67 Mbit/s
Fri Jan 26 13:45:01 CET 2018
Ping: 24.729 ms
Download: 121.38 Mbit/s
Upload: 5.41 Mbit/s
Fri Jan 26 14:45:01 CET 2018
Ping: 25.265 ms
Download: 123.56 Mbit/s
Upload: 5.42 Mbit/s
Fri Jan 26 15:45:01 CET 2018
Ping: 26.613 ms
Download: 108.01 Mbit/s
Upload: 5.53 Mbit/s
Fri Jan 26 16:45:01 CET 2018
Ping: 29.893 ms
Download: 125.23 Mbit/s
Upload: 5.56 Mbit/s
Fri Jan 26 17:45:01 CET 2018
Ping: 30.191 ms
Download: 125.75 Mbit/s
Upload: 5.64 Mbit/s
Fri Jan 26 18:45:01 CET 2018
Ping: 28.091 ms
Download: 118.01 Mbit/s
Upload: 5.52 Mbit/s
Fri Jan 26 19:45:01 CET 2018
Ping: 27.586 ms
Download: 125.82 Mbit/s
Upload: 5.61 Mbit/s
Fri Jan 26 20:45:01 CET 2018
Ping: 27.124 ms
Download: 120.66 Mbit/s
Upload: 5.61 Mbit/s
Fri Jan 26 21:45:01 CET 2018
Ping: 26.983 ms
Download: 100.74 Mbit/s
Upload: 5.53 Mbit/s
Fri Jan 26 22:45:01 CET 2018
Ping: 27.623 ms
Download: 124.67 Mbit/s
Upload: 5.66 Mbit/s
Fri Jan 26 23:45:01 CET 2018
Ping: 26.8 ms
Download: 117.35 Mbit/s
Upload: 5.43 Mbit/s
Sat Jan 27 00:45:01 CET 2018
Ping: 27.585 ms
Download: 127.18 Mbit/s
Upload: 5.65 Mbit/s
Sat Jan 27 01:45:01 CET 2018
Ping: 27.073 ms
Download: 113.32 Mbit/s
Upload: 5.64 Mbit/s
Sat Jan 27 02:45:01 CET 2018
Ping: 25.597 ms
Download: 126.84 Mbit/s
Upload: 5.62 Mbit/s
Sat Jan 27 03:45:01 CET 2018
Ping: 27.446 ms
Download: 125.68 Mbit/s
Upload: 5.45 Mbit/s
Sat Jan 27 04:45:01 CET 2018
Ping: 26.273 ms
Download: 126.01 Mbit/s
Upload: 5.61 Mbit/s
Sat Jan 27 05:45:02 CET 2018
Ping: 24.518 ms
Download: 127.93 Mbit/s
Upload: 5.66 Mbit/s
Sat Jan 27 06:45:02 CET 2018
Ping: 24.832 ms
Download: 126.64 Mbit/s
Upload: 5.61 Mbit/s
Sat Jan 27 07:45:01 CET 2018
Ping: 26.286 ms
Download: 126.48 Mbit/s
Upload: 5.69 Mbit/s
Sat Jan 27 08:45:01 CET 2018
Ping: 25.76 ms
Download: 121.41 Mbit/s
Upload: 5.48 Mbit/s
Sat Jan 27 09:45:01 CET 2018
Ping: 26.31 ms
Download: 103.99 Mbit/s
Upload: 5.47 Mbit/s
Sat Jan 27 10:45:01 CET 2018
Ping: 26.814 ms
Download: 109.36 Mbit/s
Upload: 5.37 Mbit/s
Sat Jan 27 11:45:01 CET 2018
Ping: 27.559 ms
Download: 121.30 Mbit/s
Upload: 5.40 Mbit/s
Sat Jan 27 12:45:01 CET 2018
Ping: 25.467 ms
Download: 119.52 Mbit/s
Upload: 5.55 Mbit/s
Sat Jan 27 13:45:01 CET 2018
Ping: 25.24 ms
Download: 113.26 Mbit/s
Upload: 5.59 Mbit/s
Sat Jan 27 14:45:01 CET 2018
Ping: 27.142 ms
Download: 123.47 Mbit/s
Upload: 5.23 Mbit/s
Sat Jan 27 15:45:01 CET 2018
Ping: 26.727 ms
Download: 115.85 Mbit/s
Upload: 5.47 Mbit/s
Sat Jan 27 16:45:01 CET 2018
Ping: 28.416 ms
Download: 118.10 Mbit/s
Upload: 5.18 Mbit/s
Sat Jan 27 17:45:01 CET 2018
Ping: 28.572 ms
Download: 121.46 Mbit/s
Upload: 5.59 Mbit/s
Sat Jan 27 18:45:01 CET 2018
Ping: 26.893 ms
Download: 118.26 Mbit/s
Upload: 5.64 Mbit/s
Sat Jan 27 19:45:01 CET 2018
Ping: 26.257 ms
Download: 102.54 Mbit/s
Upload: 5.45 Mbit/s
Sat Jan 27 20:45:01 CET 2018
Ping: 27.24 ms
Download: 120.20 Mbit/s
Upload: 5.56 Mbit/s
Sat Jan 27 21:45:01 CET 2018
Ping: 28.974 ms
Download: 114.30 Mbit/s
Upload: 5.50 Mbit/s
Sat Jan 27 22:45:01 CET 2018
Ping: 26.225 ms
Download: 120.24 Mbit/s
Upload: 5.34 Mbit/s
Sat Jan 27 23:45:01 CET 2018
Ping: 26.284 ms
Download: 101.57 Mbit/s
Upload: 5.65 Mbit/s
Sun Jan 28 00:45:01 CET 2018
Ping: 27.069 ms
Download: 114.04 Mbit/s
Upload: 5.56 Mbit/s
Sun Jan 28 01:45:01 CET 2018
Ping: 27.606 ms
Download: 124.69 Mbit/s
Upload: 5.64 Mbit/s
Sun Jan 28 02:45:01 CET 2018
Ping: 24.392 ms
Download: 125.77 Mbit/s
Upload: 5.62 Mbit/s
Sun Jan 28 03:45:01 CET 2018
Ping: 26.893 ms
Download: 127.71 Mbit/s
Upload: 5.65 Mbit/s
Sun Jan 28 04:45:01 CET 2018
Ping: 26.959 ms
Download: 118.63 Mbit/s
Upload: 5.59 Mbit/s
Sun Jan 28 05:45:01 CET 2018
Ping: 27.636 ms
Download: 126.95 Mbit/s
Upload: 5.65 Mbit/s
Sun Jan 28 06:45:01 CET 2018
Ping: 27.463 ms
Download: 124.54 Mbit/s
Upload: 5.62 Mbit/s
Sun Jan 28 07:45:01 CET 2018
Ping: 25.717 ms
Download: 125.67 Mbit/s
Upload: 4.71 Mbit/s
Sun Jan 28 08:45:01 CET 2018
Ping: 25.152 ms
Download: 127.36 Mbit/s
Upload: 5.60 Mbit/s
Sun Jan 28 09:45:01 CET 2018
Ping: 24.716 ms
Download: 125.13 Mbit/s
Upload: 5.61 Mbit/s
Sun Jan 28 10:45:02 CET 2018
Ping: 26.412 ms
Download: 125.87 Mbit/s
Upload: 5.52 Mbit/s
Sun Jan 28 11:45:01 CET 2018
Ping: 28.688 ms
Download: 114.15 Mbit/s
Upload: 5.45 Mbit/s
Sun Jan 28 12:45:01 CET 2018
Ping: 26.485 ms
Download: 119.13 Mbit/s
Upload: 5.51 Mbit/s
Sun Jan 28 13:45:01 CET 2018
Ping: 26.831 ms
Download: 125.61 Mbit/s
Upload: 5.48 Mbit/s
Sun Jan 28 14:45:01 CET 2018
Ping: 29.688 ms
Download: 125.99 Mbit/s
Upload: 5.59 Mbit/s
Sun Jan 28 15:45:01 CET 2018
Ping: 28.565 ms
Download: 119.93 Mbit/s
Upload: 5.53 Mbit/s
Sun Jan 28 16:45:01 CET 2018
Ping: 26.278 ms
Download: 108.12 Mbit/s
Upload: 5.60 Mbit/s
Sun Jan 28 17:45:02 CET 2018
Ping: 27.141 ms
Download: 121.11 Mbit/s
Upload: 5.58 Mbit/s
Sun Jan 28 18:45:01 CET 2018
Ping: 25.104 ms
Download: 124.62 Mbit/s
Upload: 5.50 Mbit/s
Sun Jan 28 19:45:01 CET 2018
Ping: 25.493 ms
Download: 125.46 Mbit/s
Upload: 5.51 Mbit/s
Sun Jan 28 20:45:01 CET 2018
Ping: 26.916 ms
Download: 111.05 Mbit/s
Upload: 5.31 Mbit/s
Sun Jan 28 21:45:01 CET 2018
Ping: 26.304 ms
Download: 115.13 Mbit/s
Upload: 5.55 Mbit/s
Sun Jan 28 22:45:01 CET 2018
Ping: 26.257 ms
Download: 120.57 Mbit/s
Upload: 5.56 Mbit/s
Sun Jan 28 23:45:01 CET 2018
Ping: 26.078 ms
Download: 127.59 Mbit/s
Upload: 5.65 Mbit/s
Mon Jan 29 00:45:01 CET 2018
Ping: 24.774 ms
Download: 127.01 Mbit/s
Upload: 5.58 Mbit/s
Mon Jan 29 01:45:01 CET 2018
Ping: 25.524 ms
Download: 124.47 Mbit/s
Upload: 5.61 Mbit/s
Mon Jan 29 02:45:01 CET 2018
Ping: 24.99 ms
Download: 127.77 Mbit/s
Upload: 5.65 Mbit/s
Mon Jan 29 03:45:01 CET 2018
Ping: 25.123 ms
Download: 127.68 Mbit/s
Upload: 5.58 Mbit/s
Mon Jan 29 04:45:01 CET 2018
Ping: 26.307 ms
Download: 123.92 Mbit/s
Upload: 5.30 Mbit/s
Mon Jan 29 05:45:01 CET 2018
Ping: 26.404 ms
Download: 125.70 Mbit/s
Upload: 4.25 Mbit/s
Mon Jan 29 06:45:02 CET 2018
Ping: 23.74 ms
Download: 127.64 Mbit/s
Upload: 5.59 Mbit/s
Mon Jan 29 07:45:01 CET 2018
Ping: 26.372 ms
Download: 126.22 Mbit/s
Upload: 5.63 Mbit/s
Mon Jan 29 08:45:01 CET 2018
Ping: 24.075 ms
Download: 93.67 Mbit/s
Upload: 5.65 Mbit/s
Mon Jan 29 09:45:01 CET 2018
Ping: 26.177 ms
Download: 127.44 Mbit/s
Upload: 5.21 Mbit/s
Mon Jan 29 10:45:01 CET 2018
Ping: 24.224 ms
Download: 127.79 Mbit/s
Upload: 5.63 Mbit/s
Mon Jan 29 11:45:01 CET 2018
Ping: 26.403 ms
Download: 127.57 Mbit/s
Upload: 5.63 Mbit/s
Mon Jan 29 12:45:01 CET 2018
Ping: 25.324 ms
Download: 126.53 Mbit/s
Upload: 5.62 Mbit/s
Mon Jan 29 13:45:01 CET 2018
Ping: 24.842 ms
Download: 127.15 Mbit/s
Upload: 5.41 Mbit/s
Mon Jan 29 14:45:01 CET 2018
Ping: 26.438 ms
Download: 127.00 Mbit/s
Upload: 5.58 Mbit/s
Mon Jan 29 15:45:01 CET 2018
Ping: 24.995 ms
Download: 125.71 Mbit/s
Upload: 5.52 Mbit/s
Mon Jan 29 16:45:01 CET 2018
Ping: 28.892 ms
Download: 111.47 Mbit/s
Upload: 5.60 Mbit/s
Mon Jan 29 17:45:01 CET 2018
Ping: 26.64 ms
Download: 126.85 Mbit/s
Upload: 5.63 Mbit/s
Mon Jan 29 18:45:01 CET 2018
Ping: 27.623 ms
Download: 123.61 Mbit/s
Upload: 5.55 Mbit/s
Mon Jan 29 19:45:01 CET 2018
Ping: 24.925 ms
Download: 124.96 Mbit/s
Upload: 5.61 Mbit/s
Mon Jan 29 20:45:01 CET 2018
Ping: 27.423 ms
Download: 120.78 Mbit/s
Upload: 5.54 Mbit/s
Mon Jan 29 21:45:01 CET 2018
Ping: 24.55 ms
Download: 126.40 Mbit/s
Upload: 5.26 Mbit/s
Mon Jan 29 22:45:01 CET 2018
Ping: 24.165 ms
Download: 127.14 Mbit/s
Upload: 5.49 Mbit/s
Mon Jan 29 23:45:01 CET 2018
Ping: 27.42 ms
Download: 126.91 Mbit/s
Upload: 5.57 Mbit/s
Tue Jan 30 00:45:01 CET 2018
Ping: 26.325 ms
Download: 118.46 Mbit/s
Upload: 5.63 Mbit/s
Tue Jan 30 01:45:01 CET 2018
Ping: 24.05 ms
Download: 127.65 Mbit/s
Upload: 5.66 Mbit/s
Tue Jan 30 02:45:01 CET 2018
Ping: 26.288 ms
Download: 123.03 Mbit/s
Upload: 5.58 Mbit/s
Tue Jan 30 03:45:01 CET 2018
Ping: 25.14 ms
Download: 126.37 Mbit/s
Upload: 5.59 Mbit/s
Tue Jan 30 04:45:01 CET 2018
Ping: 25.279 ms
Download: 127.25 Mbit/s
Upload: 5.55 Mbit/s
Tue Jan 30 05:45:01 CET 2018
Ping: 26.365 ms
Download: 125.67 Mbit/s
Upload: 5.62 Mbit/s
Tue Jan 30 06:45:01 CET 2018
Ping: 25.424 ms
Download: 127.30 Mbit/s
Upload: 5.60 Mbit/s
Tue Jan 30 07:45:01 CET 2018
Ping: 27.005 ms
Download: 127.54 Mbit/s
Upload: 5.55 Mbit/s
Tue Jan 30 08:45:01 CET 2018
Ping: 26.923 ms
Download: 121.07 Mbit/s
Upload: 5.60 Mbit/s
Tue Jan 30 09:45:02 CET 2018
Ping: 24.751 ms
Download: 125.47 Mbit/s
Upload: 5.63 Mbit/s
Tue Jan 30 10:45:01 CET 2018
Ping: 25.215 ms
Download: 124.02 Mbit/s
Upload: 5.58 Mbit/s
Tue Jan 30 11:45:01 CET 2018
Ping: 26.582 ms
Download: 112.62 Mbit/s
Upload: 5.57 Mbit/s
Tue Jan 30 12:45:02 CET 2018
Ping: 24.782 ms
Download: 126.32 Mbit/s
Upload: 5.60 Mbit/s
Tue Jan 30 13:45:01 CET 2018
Ping: 25.188 ms
Download: 126.71 Mbit/s
Upload: 5.49 Mbit/s
Tue Jan 30 14:45:01 CET 2018
Ping: 27.418 ms
Download: 127.71 Mbit/s
Upload: 5.64 Mbit/s
Tue Jan 30 15:45:01 CET 2018
Ping: 26.269 ms
Download: 121.14 Mbit/s
Upload: 5.63 Mbit/s
Tue Jan 30 16:45:01 CET 2018
Ping: 28.37 ms
Download: 126.34 Mbit/s
Upload: 5.64 Mbit/s
Tue Jan 30 17:45:02 CET 2018
Ping: 24.721 ms
Download: 121.89 Mbit/s
Upload: 5.48 Mbit/s
Tue Jan 30 18:45:01 CET 2018
Ping: 26.43 ms
Download: 116.77 Mbit/s
Upload: 5.66 Mbit/s
Tue Jan 30 19:45:01 CET 2018
Ping: 28.223 ms
Download: 118.77 Mbit/s
Upload: 4.98 Mbit/s
Tue Jan 30 20:45:01 CET 2018
Ping: 26.215 ms
Download: 126.96 Mbit/s
Upload: 5.66 Mbit/s
Tue Jan 30 21:45:01 CET 2018
Ping: 26.404 ms
Download: 125.57 Mbit/s
Upload: 5.53 Mbit/s
Tue Jan 30 22:45:01 CET 2018
Ping: 26.958 ms
Download: 117.58 Mbit/s
Upload: 5.46 Mbit/s
Tue Jan 30 23:45:01 CET 2018
Ping: 25.254 ms
Download: 101.81 Mbit/s
Upload: 4.80 Mbit/s
Wed Jan 31 00:45:01 CET 2018
Ping: 27.887 ms
Download: 127.26 Mbit/s
Upload: 5.65 Mbit/s
Wed Jan 31 01:45:01 CET 2018
Ping: 25.878 ms
Download: 124.76 Mbit/s
Upload: 5.70 Mbit/s
Wed Jan 31 02:45:02 CET 2018
Ping: 27.504 ms
Download: 118.86 Mbit/s
Upload: 5.50 Mbit/s
Wed Jan 31 03:45:01 CET 2018
Ping: 25.074 ms
Download: 127.16 Mbit/s
Upload: 5.61 Mbit/s
Wed Jan 31 04:45:01 CET 2018
Ping: 24.922 ms
Download: 126.76 Mbit/s
Upload: 5.53 Mbit/s
Wed Jan 31 05:45:01 CET 2018
Ping: 24.747 ms
Download: 126.80 Mbit/s
Upload: 5.62 Mbit/s
Wed Jan 31 06:45:01 CET 2018
Ping: 26.627 ms
Download: 127.81 Mbit/s
Upload: 5.61 Mbit/s
Wed Jan 31 07:45:01 CET 2018
Ping: 24.655 ms
Download: 127.71 Mbit/s
Upload: 5.58 Mbit/s
Wed Jan 31 08:45:01 CET 2018
Ping: 25.036 ms
Download: 125.08 Mbit/s
Upload: 5.55 Mbit/s
Wed Jan 31 09:45:01 CET 2018
Ping: 24.434 ms
Download: 127.81 Mbit/s
Upload: 5.54 Mbit/s
Wed Jan 31 10:45:01 CET 2018
Ping: 26.358 ms
Download: 127.36 Mbit/s
Upload: 5.47 Mbit/s
Wed Jan 31 11:45:01 CET 2018
Ping: 26.41 ms
Download: 127.42 Mbit/s
Upload: 5.58 Mbit/s
Wed Jan 31 12:45:01 CET 2018
Ping: 26.252 ms
Download: 117.83 Mbit/s
Upload: 5.60 Mbit/s
Wed Jan 31 13:45:01 CET 2018
Ping: 25.08 ms
Download: 126.41 Mbit/s
Upload: 5.63 Mbit/s
Wed Jan 31 14:45:01 CET 2018
Ping: 25.779 ms
Download: 127.48 Mbit/s
Upload: 5.50 Mbit/s
Wed Jan 31 15:45:01 CET 2018
Ping: 28.415 ms
Download: 127.47 Mbit/s
Upload: 5.58 Mbit/s
Wed Jan 31 16:45:01 CET 2018
Ping: 24.969 ms
Download: 125.15 Mbit/s
Upload: 5.56 Mbit/s
Wed Jan 31 17:45:01 CET 2018
Ping: 26.418 ms
Download: 126.40 Mbit/s
Upload: 5.43 Mbit/s
Wed Jan 31 18:45:01 CET 2018
Ping: 25.499 ms
Download: 127.59 Mbit/s
Upload: 5.60 Mbit/s
Wed Jan 31 19:45:01 CET 2018
Ping: 25.157 ms
Download: 125.28 Mbit/s
Upload: 5.42 Mbit/s
Wed Jan 31 20:45:02 CET 2018
Ping: 26.374 ms
Download: 124.95 Mbit/s
Upload: 5.64 Mbit/s
Wed Jan 31 21:45:01 CET 2018
Ping: 24.743 ms
Download: 123.40 Mbit/s
Upload: 5.64 Mbit/s
Wed Jan 31 22:45:01 CET 2018
Ping: 25.578 ms
Download: 127.38 Mbit/s
Upload: 5.48 Mbit/s
Wed Jan 31 23:45:01 CET 2018
Ping: 25.097 ms
Download: 123.58 Mbit/s
Upload: 5.63 Mbit/s
