Wed Aug  1 00:45:01 CEST 2018
Ping: 27.628 ms
Download: 123.96 Mbit/s
Upload: 5.62 Mbit/s
Wed Aug  1 01:45:02 CEST 2018
Ping: 28.139 ms
Download: 127.18 Mbit/s
Upload: 5.60 Mbit/s
Wed Aug  1 02:45:01 CEST 2018
Ping: 27.349 ms
Download: 125.76 Mbit/s
Upload: 5.63 Mbit/s
Wed Aug  1 03:45:01 CEST 2018
Ping: 24.855 ms
Download: 119.27 Mbit/s
Upload: 4.90 Mbit/s
Wed Aug  1 04:45:01 CEST 2018
Ping: 26.832 ms
Download: 113.57 Mbit/s
Upload: 5.48 Mbit/s
Wed Aug  1 05:45:01 CEST 2018
Ping: 26.809 ms
Download: 125.28 Mbit/s
Upload: 5.58 Mbit/s
Wed Aug  1 06:45:02 CEST 2018
Ping: 25.848 ms
Download: 115.37 Mbit/s
Upload: 5.58 Mbit/s
Wed Aug  1 07:45:01 CEST 2018
Ping: 26.217 ms
Download: 118.38 Mbit/s
Upload: 5.51 Mbit/s
Wed Aug  1 08:45:01 CEST 2018
Ping: 25.802 ms
Download: 127.42 Mbit/s
Upload: 5.56 Mbit/s
Wed Aug  1 09:45:01 CEST 2018
Ping: 27.122 ms
Download: 117.22 Mbit/s
Upload: 5.62 Mbit/s
Wed Aug  1 10:45:01 CEST 2018
Ping: 29.843 ms
Download: 28.36 Mbit/s
Upload: 5.47 Mbit/s
Wed Aug  1 11:45:01 CEST 2018
Ping: 30.496 ms
Download: 40.18 Mbit/s
Upload: 2.10 Mbit/s
Wed Aug  1 12:45:01 CEST 2018
Ping: 30.966 ms
Download: 33.38 Mbit/s
Upload: 2.39 Mbit/s
Wed Aug  1 13:45:01 CEST 2018
Ping: 28.549 ms
Download: 55.60 Mbit/s
Upload: 5.45 Mbit/s
Wed Aug  1 14:45:01 CEST 2018
Ping: 32.021 ms
Download: 56.79 Mbit/s
Upload: 5.46 Mbit/s
Wed Aug  1 15:45:01 CEST 2018
Ping: 29.669 ms
Download: 84.00 Mbit/s
Upload: 5.53 Mbit/s
Wed Aug  1 16:45:01 CEST 2018
Ping: 33.103 ms
Download: 10.44 Mbit/s
Upload: 0.33 Mbit/s
Wed Aug  1 17:45:01 CEST 2018
Ping: 30.374 ms
Download: 24.80 Mbit/s
Upload: 3.51 Mbit/s
Wed Aug  1 18:45:01 CEST 2018
Ping: 31.714 ms
Download: 122.92 Mbit/s
Upload: 5.50 Mbit/s
Wed Aug  1 19:45:01 CEST 2018
Ping: 27.289 ms
Download: 120.54 Mbit/s
Upload: 5.47 Mbit/s
Wed Aug  1 20:45:01 CEST 2018
Ping: 31.321 ms
Download: 97.92 Mbit/s
Upload: 5.30 Mbit/s
Wed Aug  1 21:45:01 CEST 2018
Ping: 32.467 ms
Download: 49.31 Mbit/s
Upload: 5.52 Mbit/s
Wed Aug  1 22:45:01 CEST 2018
Ping: 31.175 ms
Download: 28.15 Mbit/s
Upload: 1.72 Mbit/s
Wed Aug  1 23:45:01 CEST 2018
Ping: 29.495 ms
Download: 118.38 Mbit/s
Upload: 5.56 Mbit/s
Thu Aug  2 00:45:01 CEST 2018
Ping: 31.089 ms
Download: 24.63 Mbit/s
Upload: 5.10 Mbit/s
Thu Aug  2 01:45:01 CEST 2018
Ping: 27.846 ms
Download: 24.29 Mbit/s
Upload: 5.60 Mbit/s
Thu Aug  2 02:45:01 CEST 2018
Ping: 29.123 ms
Download: 127.31 Mbit/s
Upload: 5.60 Mbit/s
Thu Aug  2 03:45:01 CEST 2018
Ping: 27.334 ms
Download: 101.78 Mbit/s
Upload: 5.60 Mbit/s
Thu Aug  2 04:45:01 CEST 2018
Ping: 28.535 ms
Download: 19.71 Mbit/s
Upload: 2.82 Mbit/s
Thu Aug  2 05:45:01 CEST 2018
Ping: 30.32 ms
Download: 39.96 Mbit/s
Upload: 5.53 Mbit/s
Thu Aug  2 06:45:01 CEST 2018
Ping: 27.682 ms
Download: 80.74 Mbit/s
Upload: 5.63 Mbit/s
Thu Aug  2 07:45:01 CEST 2018
Ping: 29.309 ms
Download: 124.00 Mbit/s
Upload: 5.57 Mbit/s
Thu Aug  2 08:45:02 CEST 2018
Ping: 31.118 ms
Download: 51.72 Mbit/s
Upload: 5.52 Mbit/s
Thu Aug  2 09:45:01 CEST 2018
Ping: 30.509 ms
Download: 123.28 Mbit/s
Upload: 5.48 Mbit/s
Thu Aug  2 10:45:01 CEST 2018
Ping: 30.401 ms
Download: 126.51 Mbit/s
Upload: 5.56 Mbit/s
Thu Aug  2 11:45:01 CEST 2018
Ping: 31.283 ms
Download: 95.58 Mbit/s
Upload: 5.57 Mbit/s
Thu Aug  2 12:45:01 CEST 2018
Ping: 29.326 ms
Download: 120.24 Mbit/s
Upload: 5.51 Mbit/s
Thu Aug  2 13:45:01 CEST 2018
Ping: 31.445 ms
Download: 31.60 Mbit/s
Upload: 5.52 Mbit/s
Thu Aug  2 14:45:01 CEST 2018
Ping: 30.91 ms
Download: 121.92 Mbit/s
Upload: 5.58 Mbit/s
Thu Aug  2 15:45:01 CEST 2018
Ping: 31.957 ms
Download: 26.32 Mbit/s
Upload: 5.39 Mbit/s
Thu Aug  2 16:45:01 CEST 2018
Ping: 31.041 ms
Download: 120.99 Mbit/s
Upload: 5.51 Mbit/s
Thu Aug  2 17:45:01 CEST 2018
Ping: 28.841 ms
Download: 126.09 Mbit/s
Upload: 5.59 Mbit/s
Thu Aug  2 18:45:01 CEST 2018
Ping: 31.94 ms
Download: 21.54 Mbit/s
Upload: 2.25 Mbit/s
Thu Aug  2 19:45:01 CEST 2018
Ping: 28.304 ms
Download: 121.79 Mbit/s
Upload: 5.49 Mbit/s
Thu Aug  2 20:45:01 CEST 2018
Ping: 27.806 ms
Download: 124.02 Mbit/s
Upload: 5.44 Mbit/s
Thu Aug  2 21:45:01 CEST 2018
Ping: 27.898 ms
Download: 121.83 Mbit/s
Upload: 5.52 Mbit/s
Thu Aug  2 22:45:01 CEST 2018
Ping: 30.487 ms
Download: 120.33 Mbit/s
Upload: 5.50 Mbit/s
Thu Aug  2 23:45:01 CEST 2018
Ping: 29.831 ms
Download: 28.02 Mbit/s
Upload: 4.77 Mbit/s
Fri Aug  3 00:45:01 CEST 2018
Ping: 28.579 ms
Download: 117.44 Mbit/s
Upload: 5.44 Mbit/s
Fri Aug  3 01:45:02 CEST 2018
Ping: 28.875 ms
Download: 125.46 Mbit/s
Upload: 5.45 Mbit/s
Fri Aug  3 02:45:01 CEST 2018
Ping: 27.681 ms
Download: 121.01 Mbit/s
Upload: 5.63 Mbit/s
Fri Aug  3 03:45:02 CEST 2018
Ping: 27.809 ms
Download: 126.07 Mbit/s
Upload: 5.63 Mbit/s
Fri Aug  3 04:45:01 CEST 2018
Ping: 24.788 ms
Download: 126.29 Mbit/s
Upload: 5.36 Mbit/s
Fri Aug  3 05:45:01 CEST 2018
Ping: 25.769 ms
Download: 126.64 Mbit/s
Upload: 5.56 Mbit/s
Fri Aug  3 06:45:01 CEST 2018
Ping: 28.008 ms
Download: 123.18 Mbit/s
Upload: 5.60 Mbit/s
Fri Aug  3 07:45:01 CEST 2018
Ping: 28.521 ms
Download: 83.10 Mbit/s
Upload: 5.59 Mbit/s
Fri Aug  3 08:45:01 CEST 2018
Ping: 29.901 ms
Download: 43.16 Mbit/s
Upload: 5.55 Mbit/s
Fri Aug  3 09:45:01 CEST 2018
Ping: 30.391 ms
Download: 30.99 Mbit/s
Upload: 5.50 Mbit/s
Fri Aug  3 10:45:01 CEST 2018
Ping: 31.65 ms
Download: 18.08 Mbit/s
Upload: 2.28 Mbit/s
Fri Aug  3 11:45:02 CEST 2018
Ping: 30.799 ms
Download: 67.67 Mbit/s
Upload: 5.49 Mbit/s
Fri Aug  3 12:45:01 CEST 2018
Ping: 28.654 ms
Download: 111.95 Mbit/s
Upload: 5.61 Mbit/s
Fri Aug  3 13:45:01 CEST 2018
Ping: 33.962 ms
Download: 49.69 Mbit/s
Upload: 5.43 Mbit/s
Fri Aug  3 14:45:01 CEST 2018
Ping: 32.654 ms
Download: 21.66 Mbit/s
Upload: 1.71 Mbit/s
Fri Aug  3 15:45:02 CEST 2018
Ping: 31.127 ms
Download: 127.18 Mbit/s
Upload: 5.58 Mbit/s
Fri Aug  3 16:45:01 CEST 2018
Ping: 31.398 ms
Download: 115.62 Mbit/s
Upload: 5.58 Mbit/s
Fri Aug  3 17:45:01 CEST 2018
Ping: 32.077 ms
Download: 21.42 Mbit/s
Upload: 1.94 Mbit/s
Fri Aug  3 18:45:01 CEST 2018
Ping: 32.093 ms
Download: 111.60 Mbit/s
Upload: 5.59 Mbit/s
Fri Aug  3 19:45:01 CEST 2018
Ping: 33.075 ms
Download: 35.06 Mbit/s
Upload: 3.22 Mbit/s
Fri Aug  3 20:45:01 CEST 2018
Ping: 33.515 ms
Download: 124.79 Mbit/s
Upload: 5.44 Mbit/s
Fri Aug  3 21:45:01 CEST 2018
Ping: 33.453 ms
Download: 16.57 Mbit/s
Upload: 2.45 Mbit/s
Fri Aug  3 22:45:01 CEST 2018
Ping: 29.839 ms
Download: 21.69 Mbit/s
Upload: 1.93 Mbit/s
Fri Aug  3 23:45:01 CEST 2018
Ping: 33.215 ms
Download: 31.67 Mbit/s
Upload: 4.88 Mbit/s
Sat Aug  4 00:45:01 CEST 2018
Ping: 28.046 ms
Download: 22.06 Mbit/s
Upload: 5.51 Mbit/s
Sat Aug  4 01:45:01 CEST 2018
Ping: 35.689 ms
Download: 24.87 Mbit/s
Upload: 2.08 Mbit/s
Sat Aug  4 02:45:01 CEST 2018
Ping: 33.435 ms
Download: 54.20 Mbit/s
Upload: 5.43 Mbit/s
Sat Aug  4 03:45:01 CEST 2018
Ping: 27.479 ms
Download: 119.45 Mbit/s
Upload: 5.62 Mbit/s
Sat Aug  4 04:45:02 CEST 2018
Ping: 29.123 ms
Download: 44.98 Mbit/s
Upload: 2.93 Mbit/s
Sat Aug  4 05:45:01 CEST 2018
Ping: 27.802 ms
Download: 114.39 Mbit/s
Upload: 5.58 Mbit/s
Sat Aug  4 06:45:01 CEST 2018
Ping: 30.157 ms
Download: 30.99 Mbit/s
Upload: 5.61 Mbit/s
Sat Aug  4 07:45:02 CEST 2018
Ping: 28.786 ms
Download: 121.40 Mbit/s
Upload: 5.52 Mbit/s
Sat Aug  4 08:45:01 CEST 2018
Ping: 28.625 ms
Download: 112.98 Mbit/s
Upload: 5.56 Mbit/s
Sat Aug  4 09:45:01 CEST 2018
Ping: 30.412 ms
Download: 107.72 Mbit/s
Upload: 5.67 Mbit/s
Sat Aug  4 10:45:02 CEST 2018
Ping: 28.911 ms
Download: 36.80 Mbit/s
Upload: 5.39 Mbit/s
Sat Aug  4 11:45:01 CEST 2018
Ping: 31.427 ms
Download: 17.31 Mbit/s
Upload: 1.62 Mbit/s
Sat Aug  4 12:45:02 CEST 2018
Ping: 29.183 ms
Download: 24.64 Mbit/s
Upload: 2.48 Mbit/s
Sat Aug  4 13:45:01 CEST 2018
Ping: 30.261 ms
Download: 125.74 Mbit/s
Upload: 5.46 Mbit/s
Sat Aug  4 14:45:01 CEST 2018
Ping: 30.732 ms
Download: 44.48 Mbit/s
Upload: 3.40 Mbit/s
Sat Aug  4 15:45:01 CEST 2018
Ping: 30.741 ms
Download: 42.84 Mbit/s
Upload: 5.30 Mbit/s
Sat Aug  4 16:45:01 CEST 2018
Ping: 29.904 ms
Download: 18.98 Mbit/s
Upload: 2.07 Mbit/s
Sat Aug  4 17:45:02 CEST 2018
Ping: 31.765 ms
Download: 29.80 Mbit/s
Upload: 5.60 Mbit/s
Sat Aug  4 18:45:01 CEST 2018
Ping: 32.68 ms
Download: 120.71 Mbit/s
Upload: 5.57 Mbit/s
Sat Aug  4 19:45:01 CEST 2018
Ping: 32.302 ms
Download: 26.81 Mbit/s
Upload: 2.75 Mbit/s
Sat Aug  4 20:45:01 CEST 2018
Ping: 30.592 ms
Download: 31.92 Mbit/s
Upload: 2.23 Mbit/s
Sat Aug  4 21:45:01 CEST 2018
Ping: 31.667 ms
Download: 124.40 Mbit/s
Upload: 5.08 Mbit/s
Sat Aug  4 22:45:01 CEST 2018
Ping: 31.524 ms
Download: 30.25 Mbit/s
Upload: 2.10 Mbit/s
Sat Aug  4 23:45:01 CEST 2018
Ping: 30.043 ms
Download: 114.87 Mbit/s
Upload: 5.61 Mbit/s
Sun Aug  5 00:45:01 CEST 2018
Ping: 30.496 ms
Download: 50.68 Mbit/s
Upload: 4.56 Mbit/s
Sun Aug  5 01:45:01 CEST 2018
Ping: 32.555 ms
Download: 21.23 Mbit/s
Upload: 5.54 Mbit/s
Sun Aug  5 02:45:01 CEST 2018
Ping: 29.223 ms
Download: 126.34 Mbit/s
Upload: 5.63 Mbit/s
Sun Aug  5 03:45:01 CEST 2018
Ping: 28.696 ms
Download: 123.13 Mbit/s
Upload: 5.49 Mbit/s
Sun Aug  5 04:45:01 CEST 2018
Ping: 29.808 ms
Download: 33.79 Mbit/s
Upload: 5.57 Mbit/s
Sun Aug  5 05:45:01 CEST 2018
Ping: 27.439 ms
Download: 110.05 Mbit/s
Upload: 5.55 Mbit/s
Sun Aug  5 06:45:02 CEST 2018
Ping: 29.13 ms
Download: 127.07 Mbit/s
Upload: 5.60 Mbit/s
Sun Aug  5 07:45:01 CEST 2018
Ping: 28.284 ms
Download: 29.86 Mbit/s
Upload: 1.45 Mbit/s
Sun Aug  5 08:45:01 CEST 2018
Ping: 29.126 ms
Download: 118.92 Mbit/s
Upload: 5.53 Mbit/s
Sun Aug  5 09:45:01 CEST 2018
Ping: 28.854 ms
Download: 12.53 Mbit/s
Upload: 2.70 Mbit/s
Sun Aug  5 10:45:01 CEST 2018
Ping: 37.513 ms
Download: 27.72 Mbit/s
Upload: 5.00 Mbit/s
Sun Aug  5 11:45:01 CEST 2018
Ping: 35.23 ms
Download: 123.73 Mbit/s
Upload: 5.52 Mbit/s
Sun Aug  5 12:45:01 CEST 2018
Ping: 29.281 ms
Download: 23.49 Mbit/s
Upload: 2.07 Mbit/s
Sun Aug  5 13:45:02 CEST 2018
Ping: 33.353 ms
Download: 29.62 Mbit/s
Upload: 5.48 Mbit/s
Sun Aug  5 14:45:02 CEST 2018
Ping: 31.421 ms
Download: 37.18 Mbit/s
Upload: 1.58 Mbit/s
Sun Aug  5 15:45:01 CEST 2018
Ping: 30.271 ms
Download: 121.82 Mbit/s
Upload: 5.27 Mbit/s
Sun Aug  5 16:45:01 CEST 2018
Ping: 41.04 ms
Download: 112.46 Mbit/s
Upload: 5.43 Mbit/s
Sun Aug  5 17:45:01 CEST 2018
Ping: 37.696 ms
Download: 19.68 Mbit/s
Upload: 1.57 Mbit/s
Sun Aug  5 18:45:01 CEST 2018
Ping: 37.23 ms
Download: 13.15 Mbit/s
Upload: 2.97 Mbit/s
Sun Aug  5 19:45:01 CEST 2018
Ping: 29.418 ms
Download: 120.98 Mbit/s
Upload: 5.58 Mbit/s
Sun Aug  5 20:45:01 CEST 2018
Ping: 37.298 ms
Download: 23.34 Mbit/s
Upload: 2.53 Mbit/s
Sun Aug  5 21:45:01 CEST 2018
Ping: 32.442 ms
Download: 31.41 Mbit/s
Upload: 5.33 Mbit/s
Sun Aug  5 22:45:01 CEST 2018
Ping: 32.405 ms
Download: 33.54 Mbit/s
Upload: 5.41 Mbit/s
Sun Aug  5 23:45:01 CEST 2018
Ping: 34.101 ms
Download: 44.92 Mbit/s
Upload: 5.48 Mbit/s
Mon Aug  6 00:45:01 CEST 2018
Ping: 27.653 ms
Download: 107.11 Mbit/s
Upload: 5.62 Mbit/s
Mon Aug  6 01:45:01 CEST 2018
Ping: 30.986 ms
Download: 126.30 Mbit/s
Upload: 5.63 Mbit/s
Mon Aug  6 02:45:01 CEST 2018
Ping: 31.814 ms
Download: 126.95 Mbit/s
Upload: 5.61 Mbit/s
Mon Aug  6 03:45:01 CEST 2018
Ping: 28.292 ms
Download: 125.50 Mbit/s
Upload: 5.51 Mbit/s
Mon Aug  6 04:45:01 CEST 2018
Ping: 30.04 ms
Download: 126.07 Mbit/s
Upload: 5.63 Mbit/s
Mon Aug  6 05:45:01 CEST 2018
Ping: 30.964 ms
Download: 87.73 Mbit/s
Upload: 5.59 Mbit/s
Mon Aug  6 06:45:01 CEST 2018
Ping: 29.61 ms
Download: 125.82 Mbit/s
Upload: 5.66 Mbit/s
Mon Aug  6 07:45:01 CEST 2018
Ping: 28.734 ms
Download: 20.86 Mbit/s
Upload: 4.61 Mbit/s
Mon Aug  6 08:45:01 CEST 2018
Ping: 30.782 ms
Download: 126.09 Mbit/s
Upload: 5.59 Mbit/s
Mon Aug  6 09:45:01 CEST 2018
Ping: 30.681 ms
Download: 126.04 Mbit/s
Upload: 5.56 Mbit/s
Mon Aug  6 10:45:01 CEST 2018
Ping: 30.913 ms
Download: 90.89 Mbit/s
Upload: 5.53 Mbit/s
Mon Aug  6 11:45:01 CEST 2018
Ping: 30.383 ms
Download: 119.77 Mbit/s
Upload: 5.56 Mbit/s
Mon Aug  6 12:45:01 CEST 2018
Ping: 29.788 ms
Download: 125.89 Mbit/s
Upload: 5.58 Mbit/s
Mon Aug  6 13:45:01 CEST 2018
Ping: 27.036 ms
Download: 124.56 Mbit/s
Upload: 5.59 Mbit/s
Mon Aug  6 14:45:01 CEST 2018
Ping: 33.148 ms
Download: 10.07 Mbit/s
Upload: 2.28 Mbit/s
Mon Aug  6 15:45:01 CEST 2018
Ping: 29.796 ms
Download: 122.73 Mbit/s
Upload: 5.63 Mbit/s
Mon Aug  6 16:45:01 CEST 2018
Ping: 29.305 ms
Download: 127.44 Mbit/s
Upload: 5.67 Mbit/s
Mon Aug  6 17:45:01 CEST 2018
Ping: 31.793 ms
Download: 23.11 Mbit/s
Upload: 2.51 Mbit/s
Mon Aug  6 18:45:02 CEST 2018
Ping: 36.832 ms
Download: 28.57 Mbit/s
Upload: 3.21 Mbit/s
Mon Aug  6 19:45:01 CEST 2018
Ping: 25.505 ms
Download: 125.21 Mbit/s
Upload: 5.20 Mbit/s
Mon Aug  6 20:45:01 CEST 2018
Ping: 33.22 ms
Download: 52.23 Mbit/s
Upload: 5.57 Mbit/s
Mon Aug  6 21:45:01 CEST 2018
Ping: 31.524 ms
Download: 36.16 Mbit/s
Upload: 5.56 Mbit/s
Mon Aug  6 22:45:01 CEST 2018
Ping: 30.218 ms
Download: 119.56 Mbit/s
Upload: 5.55 Mbit/s
Mon Aug  6 23:45:01 CEST 2018
Ping: 31.615 ms
Download: 29.41 Mbit/s
Upload: 1.95 Mbit/s
Tue Aug  7 00:45:01 CEST 2018
Ping: 29.752 ms
Download: 116.04 Mbit/s
Upload: 5.59 Mbit/s
Tue Aug  7 01:45:01 CEST 2018
Ping: 28.2 ms
Download: 126.43 Mbit/s
Upload: 5.59 Mbit/s
Tue Aug  7 02:45:01 CEST 2018
Ping: 29.197 ms
Download: 126.60 Mbit/s
Upload: 5.60 Mbit/s
Tue Aug  7 03:45:01 CEST 2018
Ping: 30.232 ms
Download: 6.10 Mbit/s
Upload: 2.47 Mbit/s
Tue Aug  7 04:45:02 CEST 2018
Ping: 30.164 ms
Download: 122.83 Mbit/s
Upload: 5.58 Mbit/s
Tue Aug  7 05:45:01 CEST 2018
Ping: 27.483 ms
Download: 126.87 Mbit/s
Upload: 5.63 Mbit/s
Tue Aug  7 06:45:01 CEST 2018
Ping: 28.892 ms
Download: 100.13 Mbit/s
Upload: 5.17 Mbit/s
Tue Aug  7 07:45:01 CEST 2018
Ping: 29.509 ms
Download: 124.27 Mbit/s
Upload: 5.58 Mbit/s
Tue Aug  7 08:45:01 CEST 2018
Ping: 31.205 ms
Download: 26.41 Mbit/s
Upload: 5.51 Mbit/s
Tue Aug  7 09:45:01 CEST 2018
Ping: 33.286 ms
Download: 123.55 Mbit/s
Upload: 5.51 Mbit/s
Tue Aug  7 10:45:01 CEST 2018
Ping: 33.151 ms
Download: 30.92 Mbit/s
Upload: 2.31 Mbit/s
Tue Aug  7 11:45:01 CEST 2018
Ping: 33.143 ms
Download: 25.63 Mbit/s
Upload: 5.58 Mbit/s
Tue Aug  7 12:45:01 CEST 2018
Ping: 29.575 ms
Download: 125.59 Mbit/s
Upload: 5.54 Mbit/s
Tue Aug  7 13:45:01 CEST 2018
Ping: 29.273 ms
Download: 113.00 Mbit/s
Upload: 5.62 Mbit/s
Tue Aug  7 14:45:01 CEST 2018
Ping: 31.13 ms
Download: 10.89 Mbit/s
Upload: 1.41 Mbit/s
Tue Aug  7 15:45:01 CEST 2018
Ping: 31.51 ms
Download: 126.93 Mbit/s
Upload: 5.58 Mbit/s
Tue Aug  7 16:45:01 CEST 2018
Ping: 30.569 ms
Download: 25.14 Mbit/s
Upload: 5.54 Mbit/s
Tue Aug  7 17:45:01 CEST 2018
Ping: 35.207 ms
Download: 16.88 Mbit/s
Upload: 3.18 Mbit/s
Tue Aug  7 18:45:01 CEST 2018
Ping: 30.782 ms
Download: 28.34 Mbit/s
Upload: 5.57 Mbit/s
Tue Aug  7 19:45:01 CEST 2018
Ping: 30.393 ms
Download: 124.95 Mbit/s
Upload: 5.61 Mbit/s
Tue Aug  7 20:45:01 CEST 2018
Ping: 31.161 ms
Download: 28.57 Mbit/s
Upload: 3.07 Mbit/s
Tue Aug  7 21:45:01 CEST 2018
Ping: 31.242 ms
Download: 126.03 Mbit/s
Upload: 5.61 Mbit/s
Tue Aug  7 22:45:01 CEST 2018
Ping: 30.975 ms
Download: 124.58 Mbit/s
Upload: 5.56 Mbit/s
Tue Aug  7 23:45:01 CEST 2018
Ping: 30.106 ms
Download: 28.32 Mbit/s
Upload: 5.40 Mbit/s
Wed Aug  8 00:45:01 CEST 2018
Ping: 29.605 ms
Download: 126.54 Mbit/s
Upload: 5.36 Mbit/s
Wed Aug  8 01:45:01 CEST 2018
Ping: 22.649 ms
Download: 126.74 Mbit/s
Upload: 5.63 Mbit/s
Wed Aug  8 02:45:01 CEST 2018
Ping: 30.455 ms
Download: 127.53 Mbit/s
Upload: 5.63 Mbit/s
Wed Aug  8 03:45:01 CEST 2018
Ping: 29.408 ms
Download: 127.55 Mbit/s
Upload: 5.66 Mbit/s
Wed Aug  8 04:45:01 CEST 2018
Ping: 29.98 ms
Download: 30.08 Mbit/s
Upload: 5.51 Mbit/s
Wed Aug  8 05:45:01 CEST 2018
Ping: 32.168 ms
Download: 25.99 Mbit/s
Upload: 5.59 Mbit/s
Wed Aug  8 06:45:01 CEST 2018
Ping: 33.376 ms
Download: 11.80 Mbit/s
Upload: 2.55 Mbit/s
Wed Aug  8 07:45:01 CEST 2018
Ping: 31.091 ms
Download: 22.09 Mbit/s
Upload: 1.44 Mbit/s
Wed Aug  8 08:45:01 CEST 2018
Ping: 28.416 ms
Download: 124.50 Mbit/s
Upload: 5.63 Mbit/s
Wed Aug  8 09:45:01 CEST 2018
Ping: 30.636 ms
Download: 39.31 Mbit/s
Upload: 5.57 Mbit/s
Wed Aug  8 10:45:01 CEST 2018
Ping: 30.674 ms
Download: 37.00 Mbit/s
Upload: 5.53 Mbit/s
Wed Aug  8 11:45:01 CEST 2018
Ping: 31.088 ms
Download: 75.58 Mbit/s
Upload: 5.51 Mbit/s
Wed Aug  8 12:45:01 CEST 2018
Ping: 33.067 ms
Download: 123.29 Mbit/s
Upload: 5.63 Mbit/s
Wed Aug  8 13:45:01 CEST 2018
Ping: 32.031 ms
Download: 21.32 Mbit/s
Upload: 5.51 Mbit/s
Wed Aug  8 14:45:01 CEST 2018
Ping: 31.824 ms
Download: 17.78 Mbit/s
Upload: 1.87 Mbit/s
Wed Aug  8 15:45:01 CEST 2018
Ping: 32.651 ms
Download: 20.89 Mbit/s
Upload: 1.95 Mbit/s
Wed Aug  8 16:45:01 CEST 2018
Ping: 33.957 ms
Download: 19.10 Mbit/s
Upload: 2.21 Mbit/s
Wed Aug  8 17:45:01 CEST 2018
Ping: 31.09 ms
Download: 18.70 Mbit/s
Upload: 2.65 Mbit/s
Wed Aug  8 18:45:01 CEST 2018
Ping: 29.632 ms
Download: 44.01 Mbit/s
Upload: 2.08 Mbit/s
Wed Aug  8 19:45:01 CEST 2018
Ping: 37.448 ms
Download: 81.69 Mbit/s
Upload: 5.55 Mbit/s
Wed Aug  8 20:45:01 CEST 2018
Ping: 30.505 ms
Download: 45.87 Mbit/s
Upload: 5.51 Mbit/s
Wed Aug  8 21:45:01 CEST 2018
Ping: 33.408 ms
Download: 26.95 Mbit/s
Upload: 2.03 Mbit/s
Wed Aug  8 22:45:01 CEST 2018
Ping: 31.531 ms
Download: 69.69 Mbit/s
Upload: 1.63 Mbit/s
Wed Aug  8 23:45:01 CEST 2018
Ping: 31.145 ms
Download: 28.32 Mbit/s
Upload: 5.37 Mbit/s
Thu Aug  9 00:45:01 CEST 2018
Ping: 29.363 ms
Download: 117.57 Mbit/s
Upload: 5.63 Mbit/s
Thu Aug  9 01:45:01 CEST 2018
Ping: 29.82 ms
Download: 20.42 Mbit/s
Upload: 5.42 Mbit/s
Thu Aug  9 02:45:01 CEST 2018
Ping: 29.729 ms
Download: 37.82 Mbit/s
Upload: 5.40 Mbit/s
Thu Aug  9 03:45:01 CEST 2018
Ping: 30.427 ms
Download: 13.85 Mbit/s
Upload: 1.83 Mbit/s
Thu Aug  9 04:45:01 CEST 2018
Ping: 27.552 ms
Download: 117.95 Mbit/s
Upload: 5.61 Mbit/s
Thu Aug  9 05:45:01 CEST 2018
Ping: 33.136 ms
Download: 22.18 Mbit/s
Upload: 3.85 Mbit/s
Thu Aug  9 06:45:02 CEST 2018
Ping: 37.454 ms
Download: 120.42 Mbit/s
Upload: 5.44 Mbit/s
Thu Aug  9 07:45:01 CEST 2018
Ping: 33.259 ms
Download: 17.88 Mbit/s
Upload: 1.59 Mbit/s
Thu Aug  9 08:45:01 CEST 2018
Ping: 29.735 ms
Download: 115.49 Mbit/s
Upload: 5.57 Mbit/s
Thu Aug  9 09:45:01 CEST 2018
Ping: 37.356 ms
Download: 79.58 Mbit/s
Upload: 5.36 Mbit/s
Thu Aug  9 10:45:01 CEST 2018
Ping: 30.285 ms
Download: 122.17 Mbit/s
Upload: 5.48 Mbit/s
Thu Aug  9 10:45:01 CEST 2018
Ping: 30.332 ms
Download: 55.21 Mbit/s
Upload: 5.53 Mbit/s
Thu Aug  9 11:45:01 CEST 2018
Ping: 30.886 ms
Download: 73.67 Mbit/s
Upload: 5.47 Mbit/s
Thu Aug  9 12:45:01 CEST 2018
Ping: 30.607 ms
Download: 126.86 Mbit/s
Upload: 5.57 Mbit/s
Thu Aug  9 13:45:01 CEST 2018
Ping: 30.478 ms
Download: 123.43 Mbit/s
Upload: 5.62 Mbit/s
Thu Aug  9 14:45:01 CEST 2018
Ping: 29.581 ms
Download: 115.56 Mbit/s
Upload: 5.57 Mbit/s
Thu Aug  9 15:45:01 CEST 2018
Ping: 29.94 ms
Download: 126.99 Mbit/s
Upload: 5.64 Mbit/s
Thu Aug  9 16:45:01 CEST 2018
Ping: 30.226 ms
Download: 127.03 Mbit/s
Upload: 5.62 Mbit/s
Thu Aug  9 17:45:01 CEST 2018
Ping: 31.372 ms
Download: 121.28 Mbit/s
Upload: 5.64 Mbit/s
Thu Aug  9 18:45:01 CEST 2018
Ping: 30.416 ms
Download: 124.13 Mbit/s
Upload: 5.38 Mbit/s
Thu Aug  9 19:45:02 CEST 2018
Ping: 29.654 ms
Download: 127.20 Mbit/s
Upload: 5.63 Mbit/s
Thu Aug  9 20:45:01 CEST 2018
Ping: 30.864 ms
Download: 123.45 Mbit/s
Upload: 5.62 Mbit/s
Thu Aug  9 21:45:01 CEST 2018
Ping: 30.77 ms
Download: 62.54 Mbit/s
Upload: 5.57 Mbit/s
Thu Aug  9 22:45:01 CEST 2018
Ping: 29.334 ms
Download: 126.53 Mbit/s
Upload: 5.49 Mbit/s
Thu Aug  9 23:45:02 CEST 2018
Ping: 30.393 ms
Download: 120.07 Mbit/s
Upload: 5.62 Mbit/s
Fri Aug 10 00:45:01 CEST 2018
Ping: 29.809 ms
Download: 126.42 Mbit/s
Upload: 5.63 Mbit/s
Fri Aug 10 01:45:01 CEST 2018
Ping: 29.142 ms
Download: 127.75 Mbit/s
Upload: 5.62 Mbit/s
Fri Aug 10 02:45:01 CEST 2018
Ping: 28.852 ms
Download: 126.73 Mbit/s
Upload: 5.59 Mbit/s
Fri Aug 10 03:45:01 CEST 2018
Ping: 30.062 ms
Download: 127.54 Mbit/s
Upload: 5.56 Mbit/s
Fri Aug 10 04:45:01 CEST 2018
Ping: 29.657 ms
Download: 115.69 Mbit/s
Upload: 5.61 Mbit/s
Fri Aug 10 05:45:01 CEST 2018
Ping: 30.116 ms
Download: 116.09 Mbit/s
Upload: 5.53 Mbit/s
Fri Aug 10 06:45:01 CEST 2018
Ping: 30.367 ms
Download: 127.12 Mbit/s
Upload: 5.63 Mbit/s
Fri Aug 10 07:45:01 CEST 2018
Ping: 28.767 ms
Download: 123.33 Mbit/s
Upload: 5.53 Mbit/s
Fri Aug 10 08:45:01 CEST 2018
Ping: 30.488 ms
Download: 124.99 Mbit/s
Upload: 5.48 Mbit/s
Fri Aug 10 09:45:01 CEST 2018
Ping: 30.499 ms
Download: 127.47 Mbit/s
Upload: 5.56 Mbit/s
Fri Aug 10 10:45:01 CEST 2018
Ping: 30.177 ms
Download: 114.68 Mbit/s
Upload: 5.52 Mbit/s
Fri Aug 10 11:45:01 CEST 2018
Ping: 26.482 ms
Download: 124.25 Mbit/s
Upload: 5.52 Mbit/s
Fri Aug 10 12:45:01 CEST 2018
Ping: 25.711 ms
Download: 125.43 Mbit/s
Upload: 5.64 Mbit/s
Fri Aug 10 13:45:01 CEST 2018
Ping: 30.754 ms
Download: 45.45 Mbit/s
Upload: 2.72 Mbit/s
Fri Aug 10 14:45:01 CEST 2018
Ping: 31.111 ms
Download: 41.57 Mbit/s
Upload: 5.48 Mbit/s
Fri Aug 10 15:45:01 CEST 2018
Ping: 30.595 ms
Download: 126.87 Mbit/s
Upload: 5.51 Mbit/s
Fri Aug 10 16:45:01 CEST 2018
Ping: 27.78 ms
Download: 121.93 Mbit/s
Upload: 5.59 Mbit/s
Fri Aug 10 17:45:01 CEST 2018
Ping: 30.604 ms
Download: 69.83 Mbit/s
Upload: 2.74 Mbit/s
Fri Aug 10 18:45:01 CEST 2018
Ping: 32.371 ms
Download: 67.75 Mbit/s
Upload: 5.43 Mbit/s
Fri Aug 10 19:45:01 CEST 2018
Ping: 30.209 ms
Download: 57.52 Mbit/s
Upload: 5.47 Mbit/s
Fri Aug 10 20:45:01 CEST 2018
Ping: 25.684 ms
Download: 126.70 Mbit/s
Upload: 5.60 Mbit/s
Fri Aug 10 21:45:01 CEST 2018
Ping: 27.413 ms
Download: 125.90 Mbit/s
Upload: 5.16 Mbit/s
Fri Aug 10 22:45:01 CEST 2018
Ping: 27.736 ms
Download: 127.51 Mbit/s
Upload: 5.61 Mbit/s
Fri Aug 10 23:45:01 CEST 2018
Ping: 27.858 ms
Download: 124.57 Mbit/s
Upload: 5.57 Mbit/s
Sat Aug 11 00:45:01 CEST 2018
Ping: 22.622 ms
Download: 125.98 Mbit/s
Upload: 5.41 Mbit/s
Sat Aug 11 01:45:02 CEST 2018
Ping: 27.384 ms
Download: 128.06 Mbit/s
Upload: 5.59 Mbit/s
Sat Aug 11 02:45:01 CEST 2018
Ping: 28.124 ms
Download: 124.60 Mbit/s
Upload: 5.62 Mbit/s
Sat Aug 11 03:45:01 CEST 2018
Ping: 25.696 ms
Download: 128.02 Mbit/s
Upload: 5.59 Mbit/s
Sat Aug 11 04:45:01 CEST 2018
Ping: 25.904 ms
Download: 127.64 Mbit/s
Upload: 5.55 Mbit/s
Sat Aug 11 05:45:01 CEST 2018
Ping: 28.135 ms
Download: 123.69 Mbit/s
Upload: 5.62 Mbit/s
Sat Aug 11 06:45:01 CEST 2018
Ping: 26.654 ms
Download: 127.96 Mbit/s
Upload: 5.58 Mbit/s
Sat Aug 11 07:45:01 CEST 2018
Ping: 27.724 ms
Download: 127.80 Mbit/s
Upload: 5.59 Mbit/s
Sat Aug 11 08:45:01 CEST 2018
Ping: 28.419 ms
Download: 127.48 Mbit/s
Upload: 5.57 Mbit/s
Sat Aug 11 09:45:01 CEST 2018
Ping: 27.789 ms
Download: 125.50 Mbit/s
Upload: 5.64 Mbit/s
Sat Aug 11 10:45:01 CEST 2018
Ping: 26.612 ms
Download: 122.10 Mbit/s
Upload: 5.61 Mbit/s
Sat Aug 11 11:45:01 CEST 2018
Ping: 27.2 ms
Download: 125.70 Mbit/s
Upload: 4.29 Mbit/s
Sat Aug 11 12:45:01 CEST 2018
Ping: 27.804 ms
Download: 127.83 Mbit/s
Upload: 5.62 Mbit/s
Sat Aug 11 13:45:01 CEST 2018
Ping: 27.812 ms
Download: 117.27 Mbit/s
Upload: 5.56 Mbit/s
Sat Aug 11 14:45:02 CEST 2018
Ping: 28.556 ms
Download: 127.81 Mbit/s
Upload: 5.61 Mbit/s
Sat Aug 11 15:45:01 CEST 2018
Ping: 27.799 ms
Download: 125.90 Mbit/s
Upload: 5.58 Mbit/s
Sat Aug 11 16:45:01 CEST 2018
Ping: 26.388 ms
Download: 127.70 Mbit/s
Upload: 5.55 Mbit/s
Sat Aug 11 17:45:02 CEST 2018
Ping: 26.063 ms
Download: 127.46 Mbit/s
Upload: 5.61 Mbit/s
Sat Aug 11 18:45:01 CEST 2018
Ping: 27.816 ms
Download: 124.69 Mbit/s
Upload: 5.64 Mbit/s
Sat Aug 11 19:45:01 CEST 2018
Ping: 26.12 ms
Download: 127.71 Mbit/s
Upload: 5.57 Mbit/s
Sat Aug 11 20:45:01 CEST 2018
Ping: 26.464 ms
Download: 122.26 Mbit/s
Upload: 5.62 Mbit/s
Sat Aug 11 21:45:01 CEST 2018
Ping: 29.401 ms
Download: 123.63 Mbit/s
Upload: 5.61 Mbit/s
Sat Aug 11 22:45:01 CEST 2018
Ping: 27.079 ms
Download: 127.81 Mbit/s
Upload: 5.62 Mbit/s
Sat Aug 11 23:45:01 CEST 2018
Ping: 27.61 ms
Download: 127.05 Mbit/s
Upload: 5.61 Mbit/s
Sun Aug 12 00:45:01 CEST 2018
Ping: 26.465 ms
Download: 127.65 Mbit/s
Upload: 5.63 Mbit/s
Sun Aug 12 01:45:01 CEST 2018
Ping: 26.464 ms
Download: 125.67 Mbit/s
Upload: 5.55 Mbit/s
Sun Aug 12 02:45:01 CEST 2018
Ping: 27.749 ms
Download: 127.10 Mbit/s
Upload: 5.34 Mbit/s
Sun Aug 12 03:45:01 CEST 2018
Ping: 31.606 ms
Download: 113.48 Mbit/s
Upload: 5.54 Mbit/s
Sun Aug 12 04:45:01 CEST 2018
Ping: 26.332 ms
Download: 127.54 Mbit/s
Upload: 5.56 Mbit/s
Sun Aug 12 05:45:01 CEST 2018
Ping: 26.096 ms
Download: 128.10 Mbit/s
Upload: 5.57 Mbit/s
Sun Aug 12 06:45:01 CEST 2018
Ping: 26.139 ms
Download: 127.08 Mbit/s
Upload: 5.62 Mbit/s
Sun Aug 12 07:45:01 CEST 2018
Ping: 28.014 ms
Download: 127.08 Mbit/s
Upload: 5.63 Mbit/s
Sun Aug 12 08:45:01 CEST 2018
Ping: 26.466 ms
Download: 126.67 Mbit/s
Upload: 5.60 Mbit/s
Sun Aug 12 09:45:01 CEST 2018
Ping: 25.89 ms
Download: 124.63 Mbit/s
Upload: 5.55 Mbit/s
Sun Aug 12 10:45:01 CEST 2018
Ping: 29.93 ms
Download: 63.64 Mbit/s
Upload: 5.58 Mbit/s
Sun Aug 12 11:45:01 CEST 2018
Ping: 28.152 ms
Download: 126.60 Mbit/s
Upload: 5.66 Mbit/s
Sun Aug 12 12:45:01 CEST 2018
Ping: 27.82 ms
Download: 126.84 Mbit/s
Upload: 5.63 Mbit/s
Sun Aug 12 13:45:01 CEST 2018
Ping: 28.975 ms
Download: 126.65 Mbit/s
Upload: 5.65 Mbit/s
Sun Aug 12 14:45:01 CEST 2018
Ping: 27.559 ms
Download: 117.44 Mbit/s
Upload: 5.57 Mbit/s
Sun Aug 12 15:45:01 CEST 2018
Ping: 27.946 ms
Download: 120.94 Mbit/s
Upload: 5.60 Mbit/s
Sun Aug 12 16:45:01 CEST 2018
Ping: 29.363 ms
Download: 126.14 Mbit/s
Upload: 5.65 Mbit/s
Sun Aug 12 17:45:01 CEST 2018
Ping: 22.791 ms
Download: 126.70 Mbit/s
Upload: 5.59 Mbit/s
Sun Aug 12 18:45:01 CEST 2018
Ping: 27.794 ms
Download: 127.10 Mbit/s
Upload: 5.63 Mbit/s
Sun Aug 12 19:45:01 CEST 2018
Ping: 28.225 ms
Download: 126.36 Mbit/s
Upload: 4.96 Mbit/s
Sun Aug 12 20:45:01 CEST 2018
Ping: 26.883 ms
Download: 127.79 Mbit/s
Upload: 5.57 Mbit/s
Sun Aug 12 21:45:01 CEST 2018
Ping: 27.43 ms
Download: 123.35 Mbit/s
Upload: 5.65 Mbit/s
Sun Aug 12 22:45:01 CEST 2018
Ping: 22.336 ms
Download: 127.75 Mbit/s
Upload: 5.60 Mbit/s
Sun Aug 12 23:45:01 CEST 2018
Ping: 29.786 ms
Download: 116.88 Mbit/s
Upload: 5.58 Mbit/s
Mon Aug 13 00:45:01 CEST 2018
Ping: 27.757 ms
Download: 127.85 Mbit/s
Upload: 5.47 Mbit/s
Mon Aug 13 01:45:02 CEST 2018
Ping: 28.492 ms
Download: 126.90 Mbit/s
Upload: 5.61 Mbit/s
Mon Aug 13 02:45:01 CEST 2018
Ping: 30.936 ms
Download: 72.43 Mbit/s
Upload: 5.54 Mbit/s
Mon Aug 13 03:45:01 CEST 2018
Ping: 26.47 ms
Download: 127.69 Mbit/s
Upload: 5.60 Mbit/s
Mon Aug 13 04:45:01 CEST 2018
Ping: 30.19 ms
Download: 118.57 Mbit/s
Upload: 4.88 Mbit/s
Mon Aug 13 05:45:02 CEST 2018
Ping: 27.643 ms
Download: 126.14 Mbit/s
Upload: 5.64 Mbit/s
Mon Aug 13 06:45:01 CEST 2018
Ping: 26.302 ms
Download: 125.39 Mbit/s
Upload: 5.67 Mbit/s
Mon Aug 13 07:45:01 CEST 2018
Ping: 28.425 ms
Download: 125.40 Mbit/s
Upload: 5.58 Mbit/s
Mon Aug 13 08:45:01 CEST 2018
Ping: 31.454 ms
Download: 127.12 Mbit/s
Upload: 5.58 Mbit/s
Mon Aug 13 09:45:01 CEST 2018
Ping: 29.591 ms
Download: 112.52 Mbit/s
Upload: 5.28 Mbit/s
Mon Aug 13 10:45:01 CEST 2018
Ping: 29.057 ms
Download: 127.12 Mbit/s
Upload: 5.55 Mbit/s
Mon Aug 13 11:45:01 CEST 2018
Ping: 30.333 ms
Download: 117.11 Mbit/s
Upload: 5.52 Mbit/s
Mon Aug 13 12:45:01 CEST 2018
Ping: 29.153 ms
Download: 120.32 Mbit/s
Upload: 5.62 Mbit/s
Mon Aug 13 13:45:01 CEST 2018
Ping: 30.483 ms
Download: 125.93 Mbit/s
Upload: 5.57 Mbit/s
Mon Aug 13 14:45:01 CEST 2018
Ping: 26.463 ms
Download: 113.38 Mbit/s
Upload: 5.54 Mbit/s
Mon Aug 13 15:45:01 CEST 2018
Ping: 30.244 ms
Download: 124.97 Mbit/s
Upload: 5.58 Mbit/s
Mon Aug 13 16:45:01 CEST 2018
Ping: 31.307 ms
Download: 65.62 Mbit/s
Upload: 2.74 Mbit/s
Mon Aug 13 17:45:01 CEST 2018
Ping: 30.436 ms
Download: 126.75 Mbit/s
Upload: 5.58 Mbit/s
Mon Aug 13 18:45:01 CEST 2018
Ping: 30.778 ms
Download: 126.08 Mbit/s
Upload: 5.62 Mbit/s
Mon Aug 13 19:45:01 CEST 2018
Ping: 30.234 ms
Download: 125.16 Mbit/s
Upload: 5.62 Mbit/s
Mon Aug 13 20:45:02 CEST 2018
Ping: 30.453 ms
Download: 124.65 Mbit/s
Upload: 5.29 Mbit/s
Mon Aug 13 21:45:01 CEST 2018
Ping: 30.956 ms
Download: 119.65 Mbit/s
Upload: 5.66 Mbit/s
Mon Aug 13 22:45:01 CEST 2018
Ping: 29.209 ms
Download: 108.48 Mbit/s
Upload: 5.55 Mbit/s
Mon Aug 13 23:45:01 CEST 2018
Ping: 27.957 ms
Download: 127.33 Mbit/s
Upload: 5.62 Mbit/s
Tue Aug 14 00:45:01 CEST 2018
Ping: 30.022 ms
Download: 127.27 Mbit/s
Upload: 5.53 Mbit/s
Tue Aug 14 01:45:01 CEST 2018
Ping: 30.385 ms
Download: 126.95 Mbit/s
Upload: 5.51 Mbit/s
Tue Aug 14 02:45:01 CEST 2018
Ping: 31.049 ms
Download: 62.73 Mbit/s
Upload: 5.52 Mbit/s
Tue Aug 14 03:45:01 CEST 2018
Ping: 29.952 ms
Download: 126.89 Mbit/s
Upload: 5.58 Mbit/s
Tue Aug 14 04:45:01 CEST 2018
Ping: 30.215 ms
Download: 127.02 Mbit/s
Upload: 5.48 Mbit/s
Tue Aug 14 05:45:01 CEST 2018
Ping: 29.123 ms
Download: 127.61 Mbit/s
Upload: 5.56 Mbit/s
Tue Aug 14 06:45:01 CEST 2018
Ping: 30.319 ms
Download: 124.14 Mbit/s
Upload: 5.59 Mbit/s
Tue Aug 14 07:45:01 CEST 2018
Ping: 29.145 ms
Download: 125.62 Mbit/s
Upload: 5.37 Mbit/s
Tue Aug 14 08:45:01 CEST 2018
Ping: 30.488 ms
Download: 127.39 Mbit/s
Upload: 5.54 Mbit/s
Tue Aug 14 09:45:01 CEST 2018
Ping: 29.603 ms
Download: 126.95 Mbit/s
Upload: 5.50 Mbit/s
Tue Aug 14 10:45:01 CEST 2018
Ping: 31.179 ms
Download: 54.48 Mbit/s
Upload: 5.54 Mbit/s
Tue Aug 14 11:45:02 CEST 2018
Ping: 29.9 ms
Download: 126.74 Mbit/s
Upload: 5.59 Mbit/s
Tue Aug 14 12:45:01 CEST 2018
Ping: 28.991 ms
Download: 119.59 Mbit/s
Upload: 5.55 Mbit/s
Tue Aug 14 13:45:01 CEST 2018
Ping: 30.485 ms
Download: 126.99 Mbit/s
Upload: 5.57 Mbit/s
Tue Aug 14 14:45:02 CEST 2018
Ping: 29.291 ms
Download: 124.94 Mbit/s
Upload: 5.58 Mbit/s
Tue Aug 14 15:45:01 CEST 2018
Ping: 28.645 ms
Download: 126.85 Mbit/s
Upload: 5.60 Mbit/s
Tue Aug 14 16:45:01 CEST 2018
Ping: 30.491 ms
Download: 126.32 Mbit/s
Upload: 5.64 Mbit/s
Tue Aug 14 17:45:01 CEST 2018
Ping: 29.573 ms
Download: 127.65 Mbit/s
Upload: 5.60 Mbit/s
Tue Aug 14 18:45:01 CEST 2018
Ping: 30.412 ms
Download: 126.21 Mbit/s
Upload: 5.54 Mbit/s
Tue Aug 14 19:45:01 CEST 2018
Ping: 30.547 ms
Download: 118.56 Mbit/s
Upload: 5.19 Mbit/s
Tue Aug 14 20:45:01 CEST 2018
Ping: 29.727 ms
Download: 119.67 Mbit/s
Upload: 5.64 Mbit/s
Tue Aug 14 21:45:01 CEST 2018
Ping: 30.272 ms
Download: 114.74 Mbit/s
Upload: 5.51 Mbit/s
Tue Aug 14 22:45:02 CEST 2018
Ping: 31.56 ms
Download: 118.57 Mbit/s
Upload: 5.64 Mbit/s
Tue Aug 14 23:45:01 CEST 2018
Ping: 30.315 ms
Download: 123.06 Mbit/s
Upload: 5.60 Mbit/s
Wed Aug 15 00:45:01 CEST 2018
Ping: 30.069 ms
Download: 126.18 Mbit/s
Upload: 5.60 Mbit/s
Wed Aug 15 01:45:01 CEST 2018
Ping: 29.468 ms
Download: 126.89 Mbit/s
Upload: 5.66 Mbit/s
Wed Aug 15 02:45:01 CEST 2018
Ping: 29.136 ms
Download: 125.98 Mbit/s
Upload: 5.59 Mbit/s
Wed Aug 15 03:45:01 CEST 2018
Ping: 29.718 ms
Download: 125.76 Mbit/s
Upload: 5.62 Mbit/s
Wed Aug 15 04:45:01 CEST 2018
Ping: 30.895 ms
Download: 107.99 Mbit/s
Upload: 5.63 Mbit/s
Wed Aug 15 05:45:01 CEST 2018
Ping: 29.807 ms
Download: 126.23 Mbit/s
Upload: 5.65 Mbit/s
Wed Aug 15 06:45:01 CEST 2018
Ping: 29.153 ms
Download: 125.23 Mbit/s
Upload: 5.59 Mbit/s
Wed Aug 15 07:45:01 CEST 2018
Ping: 30.491 ms
Download: 126.37 Mbit/s
Upload: 5.52 Mbit/s
Wed Aug 15 08:45:01 CEST 2018
Ping: 30.689 ms
Download: 59.53 Mbit/s
Upload: 5.50 Mbit/s
Wed Aug 15 09:45:01 CEST 2018
Ping: 29.395 ms
Download: 127.68 Mbit/s
Upload: 5.18 Mbit/s
Wed Aug 15 10:45:01 CEST 2018
Ping: 25.134 ms
Download: 122.27 Mbit/s
Upload: 5.61 Mbit/s
Wed Aug 15 11:45:01 CEST 2018
Ping: 30.205 ms
Download: 124.75 Mbit/s
Upload: 5.61 Mbit/s
Wed Aug 15 12:45:02 CEST 2018
Ping: 29.348 ms
Download: 124.24 Mbit/s
Upload: 5.56 Mbit/s
Wed Aug 15 13:45:01 CEST 2018
Ping: 31.434 ms
Download: 107.22 Mbit/s
Upload: 5.58 Mbit/s
Wed Aug 15 14:45:01 CEST 2018
Ping: 29.06 ms
Download: 109.16 Mbit/s
Upload: 5.57 Mbit/s
Wed Aug 15 15:45:01 CEST 2018
Ping: 29.286 ms
Download: 127.36 Mbit/s
Upload: 5.61 Mbit/s
Wed Aug 15 16:45:01 CEST 2018
Ping: 27.326 ms
Download: 127.22 Mbit/s
Upload: 5.61 Mbit/s
Wed Aug 15 17:45:01 CEST 2018
Ping: 31.223 ms
Download: 54.38 Mbit/s
Upload: 5.54 Mbit/s
Wed Aug 15 18:45:02 CEST 2018
Ping: 29.137 ms
Download: 125.58 Mbit/s
Upload: 5.63 Mbit/s
Wed Aug 15 19:45:01 CEST 2018
Ping: 30.225 ms
Download: 80.51 Mbit/s
Upload: 5.50 Mbit/s
Wed Aug 15 20:45:01 CEST 2018
Ping: 30.563 ms
Download: 53.15 Mbit/s
Upload: 5.51 Mbit/s
Wed Aug 15 21:45:01 CEST 2018
Ping: 31.296 ms
Download: 122.96 Mbit/s
Upload: 5.60 Mbit/s
Wed Aug 15 22:45:01 CEST 2018
Ping: 30.129 ms
Download: 126.13 Mbit/s
Upload: 5.59 Mbit/s
Wed Aug 15 23:45:01 CEST 2018
Ping: 31.126 ms
Download: 127.54 Mbit/s
Upload: 5.64 Mbit/s
Thu Aug 16 00:45:01 CEST 2018
Ping: 29.429 ms
Download: 113.99 Mbit/s
Upload: 5.40 Mbit/s
Thu Aug 16 01:45:01 CEST 2018
Ping: 31.348 ms
Download: 127.39 Mbit/s
Upload: 4.64 Mbit/s
Thu Aug 16 02:45:01 CEST 2018
Ping: 28.574 ms
Download: 126.20 Mbit/s
Upload: 5.62 Mbit/s
Thu Aug 16 03:45:01 CEST 2018
Ping: 29.161 ms
Download: 116.18 Mbit/s
Upload: 5.63 Mbit/s
Thu Aug 16 04:45:01 CEST 2018
Ping: 30.323 ms
Download: 124.85 Mbit/s
Upload: 5.60 Mbit/s
Thu Aug 16 05:45:01 CEST 2018
Ping: 29.632 ms
Download: 124.63 Mbit/s
Upload: 5.62 Mbit/s
Thu Aug 16 06:45:01 CEST 2018
Ping: 30.164 ms
Download: 125.76 Mbit/s
Upload: 5.54 Mbit/s
Thu Aug 16 07:45:01 CEST 2018
Ping: 29.325 ms
Download: 127.57 Mbit/s
Upload: 5.47 Mbit/s
Thu Aug 16 08:45:01 CEST 2018
Ping: 31.816 ms
Download: 124.69 Mbit/s
Upload: 5.55 Mbit/s
Thu Aug 16 09:45:01 CEST 2018
Ping: 30.515 ms
Download: 125.89 Mbit/s
Upload: 5.55 Mbit/s
Thu Aug 16 10:45:01 CEST 2018
Ping: 29.42 ms
Download: 120.90 Mbit/s
Upload: 5.37 Mbit/s
Thu Aug 16 11:45:01 CEST 2018
Ping: 28.981 ms
Download: 124.86 Mbit/s
Upload: 5.58 Mbit/s
Thu Aug 16 12:45:01 CEST 2018
Ping: 30.531 ms
Download: 126.65 Mbit/s
Upload: 5.58 Mbit/s
Thu Aug 16 13:45:01 CEST 2018
Ping: 31.414 ms
Download: 122.71 Mbit/s
Upload: 5.49 Mbit/s
Thu Aug 16 14:45:01 CEST 2018
Ping: 29.609 ms
Download: 110.27 Mbit/s
Upload: 5.61 Mbit/s
Thu Aug 16 15:45:01 CEST 2018
Ping: 30.979 ms
Download: 119.88 Mbit/s
Upload: 5.56 Mbit/s
Thu Aug 16 16:45:01 CEST 2018
Ping: 30.303 ms
Download: 126.85 Mbit/s
Upload: 5.57 Mbit/s
Thu Aug 16 17:45:01 CEST 2018
Ping: 30.879 ms
Download: 124.15 Mbit/s
Upload: 5.64 Mbit/s
Thu Aug 16 18:45:01 CEST 2018
Ping: 30.381 ms
Download: 126.54 Mbit/s
Upload: 5.60 Mbit/s
Thu Aug 16 19:45:01 CEST 2018
Ping: 30.298 ms
Download: 81.31 Mbit/s
Upload: 5.48 Mbit/s
Thu Aug 16 20:45:01 CEST 2018
Ping: 31.395 ms
Download: 121.80 Mbit/s
Upload: 5.58 Mbit/s
Thu Aug 16 21:45:01 CEST 2018
Ping: 29.139 ms
Download: 126.15 Mbit/s
Upload: 5.56 Mbit/s
Thu Aug 16 22:45:02 CEST 2018
Ping: 29.136 ms
Download: 127.53 Mbit/s
Upload: 5.42 Mbit/s
Thu Aug 16 23:45:01 CEST 2018
Ping: 30.185 ms
Download: 126.65 Mbit/s
Upload: 5.60 Mbit/s
Fri Aug 17 00:45:01 CEST 2018
Ping: 30.698 ms
Download: 125.80 Mbit/s
Upload: 5.45 Mbit/s
Fri Aug 17 01:45:01 CEST 2018
Ping: 30.1 ms
Download: 126.28 Mbit/s
Upload: 5.59 Mbit/s
Fri Aug 17 02:45:01 CEST 2018
Ping: 29.725 ms
Download: 125.02 Mbit/s
Upload: 5.54 Mbit/s
Fri Aug 17 03:45:01 CEST 2018
Ping: 30.456 ms
Download: 121.14 Mbit/s
Upload: 4.72 Mbit/s
Fri Aug 17 04:45:01 CEST 2018
Ping: 30.648 ms
Download: 126.81 Mbit/s
Upload: 5.61 Mbit/s
Fri Aug 17 05:45:01 CEST 2018
Ping: 29.152 ms
Download: 125.53 Mbit/s
Upload: 5.57 Mbit/s
Fri Aug 17 06:45:01 CEST 2018
Ping: 30.321 ms
Download: 126.69 Mbit/s
Upload: 5.37 Mbit/s
Fri Aug 17 07:45:01 CEST 2018
Ping: 28.866 ms
Download: 127.22 Mbit/s
Upload: 5.34 Mbit/s
Fri Aug 17 08:45:02 CEST 2018
Ping: 28.651 ms
Download: 126.21 Mbit/s
Upload: 5.57 Mbit/s
Fri Aug 17 09:45:01 CEST 2018
Ping: 30.564 ms
Download: 34.07 Mbit/s
Upload: 5.53 Mbit/s
Fri Aug 17 10:45:01 CEST 2018
Ping: 30.182 ms
Download: 103.08 Mbit/s
Upload: 5.64 Mbit/s
Fri Aug 17 11:45:01 CEST 2018
Ping: 30.238 ms
Download: 127.43 Mbit/s
Upload: 5.63 Mbit/s
Fri Aug 17 12:45:01 CEST 2018
Ping: 29.688 ms
Download: 118.16 Mbit/s
Upload: 5.57 Mbit/s
Fri Aug 17 13:45:01 CEST 2018
Ping: 29.722 ms
Download: 114.65 Mbit/s
Upload: 5.57 Mbit/s
Fri Aug 17 14:45:01 CEST 2018
Ping: 30.035 ms
Download: 119.25 Mbit/s
Upload: 5.57 Mbit/s
Fri Aug 17 15:45:01 CEST 2018
Ping: 29.807 ms
Download: 126.89 Mbit/s
Upload: 5.55 Mbit/s
Fri Aug 17 16:45:01 CEST 2018
Ping: 30.328 ms
Download: 68.76 Mbit/s
Upload: 5.57 Mbit/s
Fri Aug 17 17:45:01 CEST 2018
Ping: 28.889 ms
Download: 126.61 Mbit/s
Upload: 5.64 Mbit/s
Fri Aug 17 18:45:01 CEST 2018
Ping: 29.477 ms
Download: 126.79 Mbit/s
Upload: 5.54 Mbit/s
Fri Aug 17 19:45:01 CEST 2018
Ping: 30.442 ms
Download: 50.50 Mbit/s
Upload: 5.54 Mbit/s
Fri Aug 17 20:45:01 CEST 2018
Ping: 29.158 ms
Download: 123.60 Mbit/s
Upload: 5.63 Mbit/s
Fri Aug 17 21:45:01 CEST 2018
Ping: 30.013 ms
Download: 124.08 Mbit/s
Upload: 5.59 Mbit/s
Fri Aug 17 22:45:01 CEST 2018
Ping: 30.521 ms
Download: 84.21 Mbit/s
Upload: 5.55 Mbit/s
Fri Aug 17 23:45:01 CEST 2018
Ping: 30.151 ms
Download: 75.51 Mbit/s
Upload: 5.39 Mbit/s
Sat Aug 18 00:45:01 CEST 2018
Ping: 30.448 ms
Download: 126.14 Mbit/s
Upload: 5.62 Mbit/s
Sat Aug 18 01:45:01 CEST 2018
Ping: 28.901 ms
Download: 127.46 Mbit/s
Upload: 5.64 Mbit/s
Sat Aug 18 02:45:01 CEST 2018
Ping: 28.161 ms
Download: 127.16 Mbit/s
Upload: 5.63 Mbit/s
Sat Aug 18 03:45:01 CEST 2018
Ping: 29.96 ms
Download: 127.42 Mbit/s
Upload: 5.58 Mbit/s
Sat Aug 18 04:45:01 CEST 2018
Ping: 28.325 ms
Download: 124.94 Mbit/s
Upload: 5.62 Mbit/s
Sat Aug 18 05:45:01 CEST 2018
Ping: 29.597 ms
Download: 125.09 Mbit/s
Upload: 4.90 Mbit/s
Sat Aug 18 06:45:01 CEST 2018
Ping: 29.774 ms
Download: 81.19 Mbit/s
Upload: 5.46 Mbit/s
Sat Aug 18 07:45:02 CEST 2018
Ping: 31.814 ms
Download: 62.04 Mbit/s
Upload: 5.50 Mbit/s
Sat Aug 18 08:45:02 CEST 2018
Ping: 30.958 ms
Download: 105.07 Mbit/s
Upload: 5.58 Mbit/s
Sat Aug 18 09:45:01 CEST 2018
Ping: 30.282 ms
Download: 126.60 Mbit/s
Upload: 5.57 Mbit/s
Sat Aug 18 10:45:01 CEST 2018
Ping: 29.031 ms
Download: 125.60 Mbit/s
Upload: 5.62 Mbit/s
Sat Aug 18 11:45:01 CEST 2018
Ping: 30.409 ms
Download: 123.28 Mbit/s
Upload: 5.60 Mbit/s
Sat Aug 18 12:45:01 CEST 2018
Ping: 29.066 ms
Download: 123.73 Mbit/s
Upload: 5.61 Mbit/s
Sat Aug 18 13:45:01 CEST 2018
Ping: 30.708 ms
Download: 124.83 Mbit/s
Upload: 5.46 Mbit/s
Sat Aug 18 14:45:01 CEST 2018
Ping: 30.783 ms
Download: 118.37 Mbit/s
Upload: 5.55 Mbit/s
Sat Aug 18 15:45:01 CEST 2018
Ping: 29.628 ms
Download: 124.98 Mbit/s
Upload: 5.49 Mbit/s
Sat Aug 18 16:45:01 CEST 2018
Ping: 30.848 ms
Download: 101.91 Mbit/s
Upload: 5.11 Mbit/s
Sat Aug 18 17:45:01 CEST 2018
Ping: 30.119 ms
Download: 125.59 Mbit/s
Upload: 5.58 Mbit/s
Sat Aug 18 18:45:01 CEST 2018
Ping: 30.165 ms
Download: 126.36 Mbit/s
Upload: 5.45 Mbit/s
Sat Aug 18 19:45:01 CEST 2018
Ping: 31.161 ms
Download: 42.67 Mbit/s
Upload: 1.99 Mbit/s
Sat Aug 18 20:45:01 CEST 2018
Ping: 29.153 ms
Download: 124.89 Mbit/s
Upload: 5.51 Mbit/s
Sat Aug 18 21:45:01 CEST 2018
Ping: 29.545 ms
Download: 107.42 Mbit/s
Upload: 5.47 Mbit/s
Sat Aug 18 22:45:01 CEST 2018
Ping: 30.117 ms
Download: 127.31 Mbit/s
Upload: 5.63 Mbit/s
Sat Aug 18 23:45:01 CEST 2018
Ping: 30.625 ms
Download: 121.06 Mbit/s
Upload: 5.50 Mbit/s
Sun Aug 19 00:45:01 CEST 2018
Ping: 30.394 ms
Download: 127.51 Mbit/s
Upload: 4.22 Mbit/s
Sun Aug 19 01:45:01 CEST 2018
Ping: 29.925 ms
Download: 127.66 Mbit/s
Upload: 5.02 Mbit/s
Sun Aug 19 02:45:01 CEST 2018
Ping: 27.869 ms
Download: 126.87 Mbit/s
Upload: 5.53 Mbit/s
Sun Aug 19 03:45:01 CEST 2018
Ping: 29.093 ms
Download: 126.47 Mbit/s
Upload: 5.57 Mbit/s
Sun Aug 19 04:45:01 CEST 2018
Ping: 28.594 ms
Download: 127.45 Mbit/s
Upload: 5.66 Mbit/s
Sun Aug 19 05:45:01 CEST 2018
Ping: 29.994 ms
Download: 126.89 Mbit/s
Upload: 5.53 Mbit/s
Sun Aug 19 06:45:01 CEST 2018
Ping: 30.517 ms
Download: 120.88 Mbit/s
Upload: 5.34 Mbit/s
Sun Aug 19 07:45:01 CEST 2018
Ping: 29.859 ms
Download: 113.74 Mbit/s
Upload: 5.25 Mbit/s
Sun Aug 19 08:45:01 CEST 2018
Ping: 30.095 ms
Download: 126.96 Mbit/s
Upload: 5.61 Mbit/s
Sun Aug 19 09:45:01 CEST 2018
Ping: 30.686 ms
Download: 69.10 Mbit/s
Upload: 5.50 Mbit/s
Sun Aug 19 09:45:01 CEST 2018
Could not retrieve speedtest.net configuration
Sun Aug 19 10:45:01 CEST 2018
Could not retrieve speedtest.net configuration
Sun Aug 19 10:45:01 CEST 2018
Could not retrieve speedtest.net configuration
Sun Aug 19 16:45:02 CEST 2018
Ping: 28.536 ms
Download: 107.84 Mbit/s
Upload: 5.55 Mbit/s
Sun Aug 19 17:45:01 CEST 2018
Ping: 31.787 ms
Download: 21.22 Mbit/s
Upload: 2.27 Mbit/s
Sun Aug 19 18:45:01 CEST 2018
Ping: 30.07 ms
Download: 108.30 Mbit/s
Upload: 5.49 Mbit/s
Sun Aug 19 19:45:01 CEST 2018
Ping: 32.678 ms
Download: 104.83 Mbit/s
Upload: 5.57 Mbit/s
Sun Aug 19 20:45:01 CEST 2018
Ping: 33.293 ms
Download: 120.55 Mbit/s
Upload: 5.56 Mbit/s
Sun Aug 19 21:45:01 CEST 2018
Ping: 30.487 ms
Download: 114.29 Mbit/s
Upload: 5.41 Mbit/s
Sun Aug 19 22:45:01 CEST 2018
Ping: 30.103 ms
Download: 120.60 Mbit/s
Upload: 5.57 Mbit/s
Sun Aug 19 23:45:01 CEST 2018
Ping: 29.105 ms
Download: 102.61 Mbit/s
Upload: 5.52 Mbit/s
Mon Aug 20 00:45:01 CEST 2018
Ping: 33.187 ms
Download: 29.29 Mbit/s
Upload: 1.39 Mbit/s
Mon Aug 20 01:45:01 CEST 2018
Ping: 29.411 ms
Download: 110.32 Mbit/s
Upload: 5.60 Mbit/s
Mon Aug 20 02:45:01 CEST 2018
Ping: 30.425 ms
Download: 119.99 Mbit/s
Upload: 5.62 Mbit/s
Mon Aug 20 03:45:01 CEST 2018
Ping: 28.295 ms
Download: 115.80 Mbit/s
Upload: 5.32 Mbit/s
Mon Aug 20 04:45:01 CEST 2018
Ping: 31.745 ms
Download: 102.01 Mbit/s
Upload: 5.57 Mbit/s
Mon Aug 20 05:45:01 CEST 2018
Ping: 30.426 ms
Download: 124.72 Mbit/s
Upload: 5.59 Mbit/s
Mon Aug 20 06:45:01 CEST 2018
Ping: 30.266 ms
Download: 31.45 Mbit/s
Upload: 4.65 Mbit/s
Mon Aug 20 07:45:01 CEST 2018
Ping: 30.987 ms
Download: 16.95 Mbit/s
Upload: 5.44 Mbit/s
Mon Aug 20 08:45:01 CEST 2018
Ping: 29.178 ms
Download: 17.24 Mbit/s
Upload: 1.74 Mbit/s
Mon Aug 20 09:45:01 CEST 2018
Ping: 31.11 ms
Download: 21.39 Mbit/s
Upload: 4.82 Mbit/s
Mon Aug 20 10:45:01 CEST 2018
Ping: 31.503 ms
Download: 22.18 Mbit/s
Upload: 2.38 Mbit/s
Mon Aug 20 11:45:01 CEST 2018
Ping: 30.459 ms
Download: 64.84 Mbit/s
Upload: 5.46 Mbit/s
Mon Aug 20 12:45:01 CEST 2018
Ping: 31.103 ms
Download: 123.28 Mbit/s
Upload: 5.55 Mbit/s
Mon Aug 20 13:45:01 CEST 2018
Ping: 30.158 ms
Download: 75.92 Mbit/s
Upload: 5.60 Mbit/s
Mon Aug 20 14:45:01 CEST 2018
Ping: 31.787 ms
Download: 42.46 Mbit/s
Upload: 5.52 Mbit/s
Mon Aug 20 15:45:01 CEST 2018
Ping: 30.609 ms
Download: 25.58 Mbit/s
Upload: 5.37 Mbit/s
Mon Aug 20 16:45:01 CEST 2018
Ping: 29.853 ms
Download: 116.83 Mbit/s
Upload: 5.54 Mbit/s
Mon Aug 20 17:45:01 CEST 2018
Ping: 30.939 ms
Download: 110.28 Mbit/s
Upload: 5.60 Mbit/s
Mon Aug 20 18:45:01 CEST 2018
Ping: 29.082 ms
Download: 16.41 Mbit/s
Upload: 5.27 Mbit/s
Mon Aug 20 19:45:01 CEST 2018
Ping: 33.104 ms
Download: 15.88 Mbit/s
Upload: 2.85 Mbit/s
Mon Aug 20 20:45:01 CEST 2018
Ping: 32.178 ms
Download: 22.59 Mbit/s
Upload: 2.38 Mbit/s
Mon Aug 20 21:45:01 CEST 2018
Ping: 30.022 ms
Download: 9.49 Mbit/s
Upload: 1.41 Mbit/s
Mon Aug 20 22:45:01 CEST 2018
Ping: 33.245 ms
Download: 119.35 Mbit/s
Upload: 5.54 Mbit/s
Mon Aug 20 23:45:01 CEST 2018
Ping: 33.008 ms
Download: 116.64 Mbit/s
Upload: 5.55 Mbit/s
Tue Aug 21 00:45:01 CEST 2018
Ping: 31.284 ms
Download: 56.13 Mbit/s
Upload: 5.17 Mbit/s
Tue Aug 21 01:45:01 CEST 2018
Ping: 31.245 ms
Download: 111.35 Mbit/s
Upload: 5.59 Mbit/s
Tue Aug 21 02:45:01 CEST 2018
Ping: 30.983 ms
Download: 120.48 Mbit/s
Upload: 5.59 Mbit/s
Tue Aug 21 03:45:01 CEST 2018
Ping: 30.688 ms
Download: 116.63 Mbit/s
Upload: 5.59 Mbit/s
Tue Aug 21 04:45:01 CEST 2018
Ping: 30.721 ms
Download: 126.23 Mbit/s
Upload: 5.52 Mbit/s
Tue Aug 21 05:45:01 CEST 2018
Ping: 30.244 ms
Download: 104.86 Mbit/s
Upload: 5.60 Mbit/s
Tue Aug 21 06:45:01 CEST 2018
Ping: 30.088 ms
Download: 114.72 Mbit/s
Upload: 5.62 Mbit/s
Tue Aug 21 07:45:01 CEST 2018
Ping: 32.162 ms
Download: 21.02 Mbit/s
Upload: 3.26 Mbit/s
Tue Aug 21 08:45:01 CEST 2018
Ping: 31.671 ms
Download: 103.47 Mbit/s
Upload: 5.52 Mbit/s
Tue Aug 21 09:45:01 CEST 2018
Ping: 30.664 ms
Download: 116.46 Mbit/s
Upload: 5.50 Mbit/s
Tue Aug 21 10:45:01 CEST 2018
Ping: 28.422 ms
Download: 23.31 Mbit/s
Upload: 5.55 Mbit/s
Tue Aug 21 11:45:01 CEST 2018
Ping: 28.94 ms
Download: 70.55 Mbit/s
Upload: 5.64 Mbit/s
Tue Aug 21 12:45:01 CEST 2018
Ping: 31.82 ms
Download: 10.18 Mbit/s
Upload: 1.52 Mbit/s
Tue Aug 21 13:45:01 CEST 2018
Ping: 32.122 ms
Download: 113.60 Mbit/s
Upload: 5.63 Mbit/s
Tue Aug 21 14:45:01 CEST 2018
Ping: 32.624 ms
Download: 120.14 Mbit/s
Upload: 5.65 Mbit/s
Tue Aug 21 15:45:01 CEST 2018
Ping: 31.436 ms
Download: 104.54 Mbit/s
Upload: 5.52 Mbit/s
Tue Aug 21 16:45:01 CEST 2018
Ping: 31.783 ms
Download: 20.52 Mbit/s
Upload: 5.40 Mbit/s
Tue Aug 21 17:45:01 CEST 2018
Ping: 32.628 ms
Download: 35.04 Mbit/s
Upload: 5.35 Mbit/s
Tue Aug 21 18:45:01 CEST 2018
Ping: 31.45 ms
Download: 38.73 Mbit/s
Upload: 2.92 Mbit/s
Tue Aug 21 19:45:01 CEST 2018
Ping: 31.363 ms
Download: 105.84 Mbit/s
Upload: 5.64 Mbit/s
Tue Aug 21 20:45:01 CEST 2018
Ping: 30.32 ms
Download: 119.07 Mbit/s
Upload: 5.62 Mbit/s
Tue Aug 21 21:45:01 CEST 2018
Ping: 28.097 ms
Download: 120.28 Mbit/s
Upload: 5.63 Mbit/s
Tue Aug 21 22:45:01 CEST 2018
Ping: 29.959 ms
Download: 21.45 Mbit/s
Upload: 1.20 Mbit/s
Tue Aug 21 23:45:01 CEST 2018
Ping: 29.911 ms
Download: 22.25 Mbit/s
Upload: 5.53 Mbit/s
Wed Aug 22 00:45:01 CEST 2018
Ping: 30.666 ms
Download: 20.56 Mbit/s
Upload: 1.98 Mbit/s
Wed Aug 22 01:45:01 CEST 2018
Ping: 30.445 ms
Download: 104.41 Mbit/s
Upload: 5.55 Mbit/s
Wed Aug 22 02:45:01 CEST 2018
Ping: 31.505 ms
Download: 108.67 Mbit/s
Upload: 5.61 Mbit/s
Wed Aug 22 03:45:01 CEST 2018
Ping: 31.888 ms
Download: 20.16 Mbit/s
Upload: 5.55 Mbit/s
Wed Aug 22 04:45:01 CEST 2018
Ping: 29.426 ms
Download: 121.76 Mbit/s
Upload: 5.59 Mbit/s
Wed Aug 22 05:45:01 CEST 2018
Ping: 31.723 ms
Download: 119.03 Mbit/s
Upload: 5.53 Mbit/s
Wed Aug 22 06:45:01 CEST 2018
Ping: 33.249 ms
Download: 121.54 Mbit/s
Upload: 5.56 Mbit/s
Wed Aug 22 07:45:01 CEST 2018
Ping: 31.268 ms
Download: 111.11 Mbit/s
Upload: 5.63 Mbit/s
Wed Aug 22 08:45:01 CEST 2018
Ping: 32.61 ms
Download: 10.87 Mbit/s
Upload: 5.36 Mbit/s
Wed Aug 22 09:45:02 CEST 2018
Ping: 31.527 ms
Download: 125.37 Mbit/s
Upload: 5.64 Mbit/s
Wed Aug 22 10:45:01 CEST 2018
Ping: 30.323 ms
Download: 112.34 Mbit/s
Upload: 5.53 Mbit/s
Wed Aug 22 11:45:01 CEST 2018
Ping: 30.692 ms
Download: 21.65 Mbit/s
Upload: 0.77 Mbit/s
Wed Aug 22 12:45:01 CEST 2018
Ping: 33.061 ms
Download: 124.01 Mbit/s
Upload: 5.59 Mbit/s
Wed Aug 22 13:45:01 CEST 2018
Ping: 33.141 ms
Download: 123.09 Mbit/s
Upload: 4.77 Mbit/s
Wed Aug 22 14:45:01 CEST 2018
Ping: 30.872 ms
Download: 65.20 Mbit/s
Upload: 5.54 Mbit/s
Wed Aug 22 15:45:01 CEST 2018
Ping: 30.756 ms
Download: 101.37 Mbit/s
Upload: 5.58 Mbit/s
Wed Aug 22 16:45:01 CEST 2018
Ping: 31.129 ms
Download: 107.13 Mbit/s
Upload: 5.58 Mbit/s
Wed Aug 22 17:45:01 CEST 2018
Ping: 31.1 ms
Download: 39.74 Mbit/s
Upload: 5.58 Mbit/s
Wed Aug 22 18:45:01 CEST 2018
Ping: 33.382 ms
Download: 31.63 Mbit/s
Upload: 2.92 Mbit/s
Wed Aug 22 19:45:01 CEST 2018
Ping: 33.062 ms
Download: 109.73 Mbit/s
Upload: 5.48 Mbit/s
Wed Aug 22 20:45:01 CEST 2018
Ping: 29.659 ms
Download: 123.91 Mbit/s
Upload: 5.55 Mbit/s
Wed Aug 22 21:45:01 CEST 2018
Ping: 30.281 ms
Download: 14.35 Mbit/s
Upload: 5.47 Mbit/s
Wed Aug 22 22:45:01 CEST 2018
Ping: 31.415 ms
Download: 98.40 Mbit/s
Upload: 5.45 Mbit/s
Wed Aug 22 23:45:01 CEST 2018
Ping: 30.455 ms
Download: 102.68 Mbit/s
Upload: 5.52 Mbit/s
Thu Aug 23 00:45:01 CEST 2018
Ping: 31.154 ms
Download: 40.54 Mbit/s
Upload: 5.54 Mbit/s
Thu Aug 23 01:45:02 CEST 2018
Ping: 30.384 ms
Download: 98.22 Mbit/s
Upload: 5.61 Mbit/s
Thu Aug 23 02:45:01 CEST 2018
Ping: 30.369 ms
Download: 114.93 Mbit/s
Upload: 5.53 Mbit/s
Thu Aug 23 03:45:01 CEST 2018
Ping: 30.893 ms
Download: 110.22 Mbit/s
Upload: 5.45 Mbit/s
Thu Aug 23 04:45:01 CEST 2018
Ping: 30.903 ms
Download: 115.16 Mbit/s
Upload: 5.60 Mbit/s
Thu Aug 23 05:45:01 CEST 2018
Ping: 30.544 ms
Download: 31.94 Mbit/s
Upload: 5.52 Mbit/s
Thu Aug 23 06:45:01 CEST 2018
Ping: 30.22 ms
Download: 42.80 Mbit/s
Upload: 5.54 Mbit/s
Thu Aug 23 07:45:01 CEST 2018
Ping: 31.369 ms
Download: 37.07 Mbit/s
Upload: 2.91 Mbit/s
Thu Aug 23 08:45:01 CEST 2018
Ping: 30.934 ms
Download: 119.34 Mbit/s
Upload: 5.58 Mbit/s
Thu Aug 23 09:45:01 CEST 2018
Ping: 32.121 ms
Download: 14.32 Mbit/s
Upload: 0.65 Mbit/s
Thu Aug 23 10:45:01 CEST 2018
Ping: 29.138 ms
Download: 121.44 Mbit/s
Upload: 3.95 Mbit/s
Thu Aug 23 11:45:01 CEST 2018
Ping: 29.366 ms
Download: 102.72 Mbit/s
Upload: 5.50 Mbit/s
Thu Aug 23 12:45:01 CEST 2018
Ping: 33.105 ms
Download: 111.98 Mbit/s
Upload: 5.62 Mbit/s
Thu Aug 23 13:45:01 CEST 2018
Ping: 33.099 ms
Download: 35.79 Mbit/s
Upload: 3.33 Mbit/s
Thu Aug 23 14:45:01 CEST 2018
Ping: 33.035 ms
Download: 108.80 Mbit/s
Upload: 5.53 Mbit/s
Thu Aug 23 15:45:01 CEST 2018
Ping: 32.041 ms
Download: 121.00 Mbit/s
Upload: 5.38 Mbit/s
Thu Aug 23 16:45:01 CEST 2018
Ping: 30.501 ms
Download: 48.96 Mbit/s
Upload: 2.49 Mbit/s
Thu Aug 23 17:45:01 CEST 2018
Ping: 30.076 ms
Download: 90.03 Mbit/s
Upload: 5.20 Mbit/s
Thu Aug 23 18:45:01 CEST 2018
Ping: 30.942 ms
Download: 20.23 Mbit/s
Upload: 1.96 Mbit/s
Thu Aug 23 19:45:01 CEST 2018
Ping: 31.212 ms
Download: 12.26 Mbit/s
Upload: 1.75 Mbit/s
Thu Aug 23 20:45:01 CEST 2018
Ping: 31.484 ms
Download: 30.78 Mbit/s
Upload: 5.58 Mbit/s
Thu Aug 23 21:45:01 CEST 2018
Ping: 31.754 ms
Download: 85.95 Mbit/s
Upload: 5.60 Mbit/s
Thu Aug 23 22:45:01 CEST 2018
Ping: 29.85 ms
Download: 20.30 Mbit/s
Upload: 5.54 Mbit/s
Thu Aug 23 23:45:01 CEST 2018
Ping: 29.381 ms
Download: 37.45 Mbit/s
Upload: 1.46 Mbit/s
Fri Aug 24 00:45:01 CEST 2018
Ping: 31.999 ms
Download: 115.90 Mbit/s
Upload: 5.47 Mbit/s
Fri Aug 24 01:45:01 CEST 2018
Ping: 27.395 ms
Download: 109.90 Mbit/s
Upload: 5.56 Mbit/s
Fri Aug 24 02:45:01 CEST 2018
Ping: 28.895 ms
Download: 51.41 Mbit/s
Upload: 5.46 Mbit/s
Fri Aug 24 03:45:01 CEST 2018
Ping: 30.582 ms
Download: 35.61 Mbit/s
Upload: 5.51 Mbit/s
Fri Aug 24 04:45:01 CEST 2018
Ping: 30.464 ms
Download: 18.54 Mbit/s
Upload: 2.06 Mbit/s
Fri Aug 24 05:45:01 CEST 2018
Ping: 30.47 ms
Download: 122.09 Mbit/s
Upload: 5.60 Mbit/s
Fri Aug 24 06:45:01 CEST 2018
Ping: 31.801 ms
Download: 106.51 Mbit/s
Upload: 5.57 Mbit/s
Fri Aug 24 07:45:01 CEST 2018
Ping: 30.669 ms
Download: 123.34 Mbit/s
Upload: 5.57 Mbit/s
Fri Aug 24 08:45:01 CEST 2018
Ping: 32.263 ms
Download: 23.77 Mbit/s
Upload: 5.48 Mbit/s
Fri Aug 24 09:45:01 CEST 2018
Ping: 30.578 ms
Download: 15.58 Mbit/s
Upload: 1.92 Mbit/s
Fri Aug 24 10:45:01 CEST 2018
Ping: 31.616 ms
Download: 125.59 Mbit/s
Upload: 5.50 Mbit/s
Fri Aug 24 11:45:02 CEST 2018
Ping: 31.472 ms
Download: 115.32 Mbit/s
Upload: 5.61 Mbit/s
Fri Aug 24 12:45:01 CEST 2018
Ping: 30.753 ms
Download: 107.93 Mbit/s
Upload: 5.62 Mbit/s
Fri Aug 24 13:45:01 CEST 2018
Ping: 31.914 ms
Download: 50.43 Mbit/s
Upload: 5.51 Mbit/s
Fri Aug 24 14:45:01 CEST 2018
Ping: 31.844 ms
Download: 27.88 Mbit/s
Upload: 4.75 Mbit/s
Fri Aug 24 15:45:01 CEST 2018
Ping: 32.528 ms
Download: 24.21 Mbit/s
Upload: 5.33 Mbit/s
Fri Aug 24 16:45:01 CEST 2018
Ping: 31.856 ms
Download: 110.85 Mbit/s
Upload: 5.35 Mbit/s
Fri Aug 24 17:45:01 CEST 2018
Ping: 32.075 ms
Download: 107.29 Mbit/s
Upload: 5.46 Mbit/s
Fri Aug 24 18:45:01 CEST 2018
Ping: 30.435 ms
Download: 115.76 Mbit/s
Upload: 5.50 Mbit/s
Fri Aug 24 19:45:01 CEST 2018
Ping: 31.926 ms
Download: 60.84 Mbit/s
Upload: 2.20 Mbit/s
Fri Aug 24 20:45:01 CEST 2018
Ping: 30.393 ms
Download: 26.14 Mbit/s
Upload: 4.56 Mbit/s
Fri Aug 24 21:45:01 CEST 2018
Ping: 29.905 ms
Download: 33.04 Mbit/s
Upload: 5.48 Mbit/s
Fri Aug 24 22:45:01 CEST 2018
Ping: 33.793 ms
Download: 112.71 Mbit/s
Upload: 5.64 Mbit/s
Fri Aug 24 23:45:02 CEST 2018
Ping: 30.997 ms
Download: 124.72 Mbit/s
Upload: 5.56 Mbit/s
Sat Aug 25 00:45:01 CEST 2018
Ping: 31.096 ms
Download: 126.89 Mbit/s
Upload: 5.55 Mbit/s
Sat Aug 25 01:45:01 CEST 2018
Ping: 29.72 ms
Download: 115.68 Mbit/s
Upload: 5.50 Mbit/s
Sat Aug 25 02:45:01 CEST 2018
Ping: 29.366 ms
Download: 116.98 Mbit/s
Upload: 5.63 Mbit/s
Sat Aug 25 03:45:02 CEST 2018
Ping: 30.471 ms
Download: 116.31 Mbit/s
Upload: 5.60 Mbit/s
Sat Aug 25 04:45:01 CEST 2018
Ping: 29.275 ms
Download: 53.47 Mbit/s
Upload: 5.53 Mbit/s
Sat Aug 25 05:45:01 CEST 2018
Ping: 32.001 ms
Download: 121.41 Mbit/s
Upload: 5.58 Mbit/s
Sat Aug 25 06:45:01 CEST 2018
Ping: 31.202 ms
Download: 37.21 Mbit/s
Upload: 1.76 Mbit/s
Sat Aug 25 07:45:01 CEST 2018
Ping: 29.049 ms
Download: 21.60 Mbit/s
Upload: 5.41 Mbit/s
Sat Aug 25 08:45:01 CEST 2018
Ping: 30.205 ms
Download: 111.35 Mbit/s
Upload: 5.55 Mbit/s
Sat Aug 25 09:45:02 CEST 2018
Ping: 31.17 ms
Download: 44.13 Mbit/s
Upload: 5.41 Mbit/s
Sat Aug 25 10:45:01 CEST 2018
Ping: 29.686 ms
Download: 109.36 Mbit/s
Upload: 5.39 Mbit/s
Sat Aug 25 11:45:01 CEST 2018
Ping: 31.88 ms
Download: 14.18 Mbit/s
Upload: 1.74 Mbit/s
Sat Aug 25 12:45:01 CEST 2018
Ping: 33.153 ms
Download: 8.78 Mbit/s
Upload: 1.71 Mbit/s
Sat Aug 25 13:45:01 CEST 2018
Ping: 31.0 ms
Download: 100.59 Mbit/s
Upload: 5.57 Mbit/s
Sat Aug 25 14:45:01 CEST 2018
Ping: 32.247 ms
Download: 110.81 Mbit/s
Upload: 5.64 Mbit/s
Sat Aug 25 15:45:01 CEST 2018
Ping: 30.98 ms
Download: 123.14 Mbit/s
Upload: 5.44 Mbit/s
Sat Aug 25 16:45:01 CEST 2018
Ping: 31.165 ms
Download: 23.12 Mbit/s
Upload: 1.41 Mbit/s
Sat Aug 25 17:45:01 CEST 2018
Ping: 29.846 ms
Download: 15.92 Mbit/s
Upload: 3.50 Mbit/s
Sat Aug 25 18:45:01 CEST 2018
Ping: 33.112 ms
Download: 113.75 Mbit/s
Upload: 5.55 Mbit/s
Sat Aug 25 19:45:01 CEST 2018
Ping: 32.728 ms
Download: 106.34 Mbit/s
Upload: 5.23 Mbit/s
Sat Aug 25 20:45:01 CEST 2018
Ping: 31.019 ms
Download: 5.62 Mbit/s
Upload: 1.79 Mbit/s
Sat Aug 25 21:45:01 CEST 2018
Ping: 32.795 ms
Download: 125.08 Mbit/s
Upload: 5.46 Mbit/s
Sat Aug 25 22:45:01 CEST 2018
Ping: 29.723 ms
Download: 22.50 Mbit/s
Upload: 5.46 Mbit/s
Sat Aug 25 23:45:01 CEST 2018
Ping: 29.187 ms
Download: 75.15 Mbit/s
Upload: 5.53 Mbit/s
Sun Aug 26 00:45:01 CEST 2018
Ping: 33.602 ms
Download: 15.33 Mbit/s
Upload: 1.26 Mbit/s
Sun Aug 26 01:45:01 CEST 2018
Ping: 30.815 ms
Download: 46.79 Mbit/s
Upload: 5.54 Mbit/s
Sun Aug 26 02:45:01 CEST 2018
Ping: 30.609 ms
Download: 22.05 Mbit/s
Upload: 3.04 Mbit/s
Sun Aug 26 03:45:01 CEST 2018
Ping: 31.275 ms
Download: 121.44 Mbit/s
Upload: 5.63 Mbit/s
Sun Aug 26 04:45:01 CEST 2018
Ping: 30.405 ms
Download: 68.15 Mbit/s
Upload: 5.63 Mbit/s
Sun Aug 26 05:45:01 CEST 2018
Ping: 30.377 ms
Download: 125.78 Mbit/s
Upload: 5.64 Mbit/s
Sun Aug 26 06:45:01 CEST 2018
Ping: 30.841 ms
Download: 109.43 Mbit/s
Upload: 5.59 Mbit/s
Sun Aug 26 07:45:01 CEST 2018
Ping: 30.565 ms
Download: 28.10 Mbit/s
Upload: 3.37 Mbit/s
Sun Aug 26 08:45:01 CEST 2018
Ping: 32.114 ms
Download: 24.70 Mbit/s
Upload: 5.48 Mbit/s
Sun Aug 26 09:45:01 CEST 2018
Ping: 68.943 ms
Download: 107.04 Mbit/s
Upload: 5.62 Mbit/s
Sun Aug 26 10:45:01 CEST 2018
Ping: 31.251 ms
Download: 115.75 Mbit/s
Upload: 5.45 Mbit/s
Sun Aug 26 11:45:01 CEST 2018
Ping: 30.177 ms
Download: 125.11 Mbit/s
Upload: 5.45 Mbit/s
Sun Aug 26 12:45:01 CEST 2018
Ping: 32.029 ms
Download: 14.35 Mbit/s
Upload: 4.80 Mbit/s
Sun Aug 26 13:45:01 CEST 2018
Ping: 31.803 ms
Download: 90.79 Mbit/s
Upload: 5.59 Mbit/s
Sun Aug 26 14:45:01 CEST 2018
Ping: 32.295 ms
Download: 110.38 Mbit/s
Upload: 5.54 Mbit/s
Sun Aug 26 15:45:01 CEST 2018
Ping: 30.697 ms
Download: 9.48 Mbit/s
Upload: 1.64 Mbit/s
Sun Aug 26 16:45:01 CEST 2018
Ping: 31.24 ms
Download: 109.94 Mbit/s
Upload: 5.56 Mbit/s
Sun Aug 26 17:45:02 CEST 2018
Ping: 29.639 ms
Download: 117.05 Mbit/s
Upload: 5.56 Mbit/s
Sun Aug 26 18:45:01 CEST 2018
Ping: 31.753 ms
Download: 86.22 Mbit/s
Upload: 5.63 Mbit/s
Sun Aug 26 19:45:01 CEST 2018
Ping: 31.053 ms
Download: 27.69 Mbit/s
Upload: 5.25 Mbit/s
Sun Aug 26 20:45:01 CEST 2018
Ping: 31.802 ms
Download: 33.24 Mbit/s
Upload: 3.08 Mbit/s
Sun Aug 26 21:45:01 CEST 2018
Ping: 32.549 ms
Download: 20.47 Mbit/s
Upload: 2.11 Mbit/s
Sun Aug 26 22:45:02 CEST 2018
Ping: 30.595 ms
Download: 60.28 Mbit/s
Upload: 5.59 Mbit/s
Sun Aug 26 23:45:01 CEST 2018
Ping: 29.821 ms
Download: 30.45 Mbit/s
Upload: 2.33 Mbit/s
Mon Aug 27 00:45:01 CEST 2018
Ping: 29.394 ms
Download: 29.07 Mbit/s
Upload: 5.48 Mbit/s
Mon Aug 27 01:45:01 CEST 2018
Ping: 30.883 ms
Download: 13.59 Mbit/s
Upload: 2.06 Mbit/s
Mon Aug 27 02:45:01 CEST 2018
Ping: 30.496 ms
Download: 119.11 Mbit/s
Upload: 5.55 Mbit/s
Mon Aug 27 03:45:01 CEST 2018
Ping: 28.098 ms
Download: 124.23 Mbit/s
Upload: 5.64 Mbit/s
Mon Aug 27 04:45:01 CEST 2018
Ping: 30.831 ms
Download: 124.64 Mbit/s
Upload: 5.63 Mbit/s
Mon Aug 27 05:45:01 CEST 2018
Ping: 30.888 ms
Download: 24.65 Mbit/s
Upload: 2.49 Mbit/s
Mon Aug 27 06:45:01 CEST 2018
Ping: 31.335 ms
Download: 32.81 Mbit/s
Upload: 1.40 Mbit/s
Mon Aug 27 07:45:01 CEST 2018
Ping: 28.812 ms
Download: 108.69 Mbit/s
Upload: 5.59 Mbit/s
Mon Aug 27 08:45:01 CEST 2018
Ping: 30.903 ms
Download: 107.07 Mbit/s
Upload: 5.60 Mbit/s
Mon Aug 27 09:45:01 CEST 2018
Ping: 30.373 ms
Download: 80.87 Mbit/s
Upload: 5.58 Mbit/s
Mon Aug 27 10:45:01 CEST 2018
Ping: 31.024 ms
Download: 122.74 Mbit/s
Upload: 5.54 Mbit/s
Mon Aug 27 11:45:02 CEST 2018
Ping: 30.584 ms
Download: 13.79 Mbit/s
Upload: 1.92 Mbit/s
Mon Aug 27 12:45:01 CEST 2018
Ping: 29.804 ms
Download: 16.32 Mbit/s
Upload: 1.79 Mbit/s
Mon Aug 27 13:45:01 CEST 2018
Ping: 30.438 ms
Download: 111.07 Mbit/s
Upload: 5.60 Mbit/s
Mon Aug 27 14:45:01 CEST 2018
Ping: 31.817 ms
Download: 51.01 Mbit/s
Upload: 5.43 Mbit/s
Mon Aug 27 15:45:01 CEST 2018
Ping: 30.488 ms
Download: 20.11 Mbit/s
Upload: 1.37 Mbit/s
Mon Aug 27 16:45:01 CEST 2018
Ping: 30.754 ms
Download: 81.68 Mbit/s
Upload: 5.12 Mbit/s
Mon Aug 27 17:45:02 CEST 2018
Ping: 31.79 ms
Download: 24.77 Mbit/s
Upload: 5.50 Mbit/s
Mon Aug 27 18:45:01 CEST 2018
Ping: 32.526 ms
Download: 120.67 Mbit/s
Upload: 5.53 Mbit/s
Mon Aug 27 19:45:01 CEST 2018
Ping: 30.762 ms
Download: 24.18 Mbit/s
Upload: 1.95 Mbit/s
Mon Aug 27 20:45:01 CEST 2018
Ping: 30.358 ms
Download: 113.57 Mbit/s
Upload: 5.51 Mbit/s
Mon Aug 27 21:45:01 CEST 2018
Ping: 30.749 ms
Download: 118.02 Mbit/s
Upload: 5.39 Mbit/s
Mon Aug 27 22:45:01 CEST 2018
Ping: 33.126 ms
Download: 114.65 Mbit/s
Upload: 5.52 Mbit/s
Mon Aug 27 23:45:01 CEST 2018
Ping: 27.302 ms
Download: 36.55 Mbit/s
Upload: 2.14 Mbit/s
Tue Aug 28 00:45:01 CEST 2018
Ping: 25.389 ms
Download: 126.41 Mbit/s
Upload: 5.63 Mbit/s
Tue Aug 28 01:45:01 CEST 2018
Ping: 31.394 ms
Download: 20.59 Mbit/s
Upload: 5.47 Mbit/s
Tue Aug 28 02:45:01 CEST 2018
Ping: 31.374 ms
Download: 102.66 Mbit/s
Upload: 5.62 Mbit/s
Tue Aug 28 03:45:01 CEST 2018
Ping: 29.973 ms
Download: 123.83 Mbit/s
Upload: 5.60 Mbit/s
Tue Aug 28 04:45:01 CEST 2018
Ping: 30.905 ms
Download: 24.42 Mbit/s
Upload: 2.91 Mbit/s
Tue Aug 28 05:45:01 CEST 2018
Ping: 29.925 ms
Download: 125.34 Mbit/s
Upload: 5.61 Mbit/s
Tue Aug 28 06:45:01 CEST 2018
Ping: 30.305 ms
Download: 34.05 Mbit/s
Upload: 5.55 Mbit/s
Tue Aug 28 07:45:01 CEST 2018
Ping: 30.52 ms
Download: 18.07 Mbit/s
Upload: 2.13 Mbit/s
Tue Aug 28 08:45:01 CEST 2018
Ping: 31.078 ms
Download: 118.29 Mbit/s
Upload: 5.63 Mbit/s
Tue Aug 28 09:45:01 CEST 2018
Ping: 30.285 ms
Download: 71.83 Mbit/s
Upload: 5.54 Mbit/s
Tue Aug 28 10:45:01 CEST 2018
Ping: 29.6 ms
Download: 41.83 Mbit/s
Upload: 5.53 Mbit/s
Tue Aug 28 11:45:01 CEST 2018
Ping: 30.671 ms
Download: 114.98 Mbit/s
Upload: 5.61 Mbit/s
Tue Aug 28 12:45:01 CEST 2018
Ping: 29.903 ms
Download: 20.91 Mbit/s
Upload: 5.58 Mbit/s
Tue Aug 28 13:45:01 CEST 2018
Ping: 30.881 ms
Download: 23.52 Mbit/s
Upload: 5.47 Mbit/s
Tue Aug 28 14:45:01 CEST 2018
Ping: 31.933 ms
Download: 101.31 Mbit/s
Upload: 5.59 Mbit/s
Tue Aug 28 15:45:01 CEST 2018
Ping: 29.675 ms
Download: 59.26 Mbit/s
Upload: 5.54 Mbit/s
Tue Aug 28 16:45:01 CEST 2018
Ping: 30.437 ms
Download: 117.67 Mbit/s
Upload: 5.54 Mbit/s
Tue Aug 28 17:45:01 CEST 2018
Ping: 29.724 ms
Download: 25.67 Mbit/s
Upload: 5.51 Mbit/s
Tue Aug 28 18:45:01 CEST 2018
Ping: 30.55 ms
Download: 13.63 Mbit/s
Upload: 2.21 Mbit/s
Tue Aug 28 19:45:01 CEST 2018
Ping: 31.242 ms
Download: 113.77 Mbit/s
Upload: 5.56 Mbit/s
Tue Aug 28 20:45:02 CEST 2018
Ping: 29.109 ms
Download: 24.00 Mbit/s
Upload: 5.42 Mbit/s
Tue Aug 28 21:45:01 CEST 2018
Ping: 33.095 ms
Download: 115.20 Mbit/s
Upload: 5.55 Mbit/s
Tue Aug 28 22:45:01 CEST 2018
Ping: 32.873 ms
Download: 113.77 Mbit/s
Upload: 5.57 Mbit/s
Tue Aug 28 23:45:01 CEST 2018
Ping: 32.402 ms
Download: 113.25 Mbit/s
Upload: 5.53 Mbit/s
Wed Aug 29 00:45:01 CEST 2018
Ping: 27.703 ms
Download: 121.98 Mbit/s
Upload: 5.57 Mbit/s
Wed Aug 29 01:45:01 CEST 2018
Ping: 29.156 ms
Download: 110.86 Mbit/s
Upload: 5.45 Mbit/s
Wed Aug 29 02:45:01 CEST 2018
Ping: 31.379 ms
Download: 22.47 Mbit/s
Upload: 3.13 Mbit/s
Wed Aug 29 03:45:01 CEST 2018
Ping: 26.187 ms
Download: 107.40 Mbit/s
Upload: 5.57 Mbit/s
Wed Aug 29 04:45:01 CEST 2018
Ping: 30.424 ms
Download: 42.20 Mbit/s
Upload: 1.92 Mbit/s
Wed Aug 29 05:45:01 CEST 2018
Ping: 31.159 ms
Download: 29.49 Mbit/s
Upload: 5.54 Mbit/s
Wed Aug 29 06:45:01 CEST 2018
Ping: 30.776 ms
Download: 27.68 Mbit/s
Upload: 5.56 Mbit/s
Wed Aug 29 07:45:01 CEST 2018
Ping: 31.525 ms
Download: 5.56 Mbit/s
Upload: 1.76 Mbit/s
Wed Aug 29 08:45:01 CEST 2018
Ping: 29.132 ms
Download: 124.86 Mbit/s
Upload: 5.55 Mbit/s
Wed Aug 29 09:45:01 CEST 2018
Ping: 29.901 ms
Download: 23.15 Mbit/s
Upload: 2.25 Mbit/s
Wed Aug 29 10:45:01 CEST 2018
Ping: 32.327 ms
Download: 120.32 Mbit/s
Upload: 5.59 Mbit/s
Wed Aug 29 11:45:01 CEST 2018
Ping: 31.809 ms
Download: 23.64 Mbit/s
Upload: 5.48 Mbit/s
Wed Aug 29 12:45:01 CEST 2018
Ping: 31.782 ms
Download: 18.94 Mbit/s
Upload: 5.02 Mbit/s
Wed Aug 29 13:45:01 CEST 2018
Ping: 31.47 ms
Download: 17.55 Mbit/s
Upload: 3.09 Mbit/s
Wed Aug 29 14:45:01 CEST 2018
Ping: 30.115 ms
Download: 15.82 Mbit/s
Upload: 5.40 Mbit/s
Wed Aug 29 15:45:01 CEST 2018
Ping: 27.741 ms
Download: 105.04 Mbit/s
Upload: 5.15 Mbit/s
Wed Aug 29 16:45:02 CEST 2018
Ping: 29.062 ms
Download: 118.03 Mbit/s
Upload: 5.50 Mbit/s
Wed Aug 29 17:45:01 CEST 2018
Ping: 31.861 ms
Download: 20.79 Mbit/s
Upload: 1.55 Mbit/s
Wed Aug 29 18:45:01 CEST 2018
Ping: 31.725 ms
Download: 97.71 Mbit/s
Upload: 5.45 Mbit/s
Wed Aug 29 19:45:01 CEST 2018
Ping: 32.612 ms
Download: 110.20 Mbit/s
Upload: 4.76 Mbit/s
Wed Aug 29 20:45:01 CEST 2018
Ping: 32.253 ms
Download: 109.69 Mbit/s
Upload: 5.40 Mbit/s
Wed Aug 29 21:45:01 CEST 2018
Ping: 29.8 ms
Download: 29.14 Mbit/s
Upload: 2.54 Mbit/s
Wed Aug 29 22:45:02 CEST 2018
Ping: 33.891 ms
Download: 17.19 Mbit/s
Upload: 2.10 Mbit/s
Wed Aug 29 23:45:01 CEST 2018
Ping: 29.982 ms
Download: 25.06 Mbit/s
Upload: 2.77 Mbit/s
Thu Aug 30 00:45:01 CEST 2018
Ping: 31.493 ms
Download: 109.81 Mbit/s
Upload: 4.91 Mbit/s
Thu Aug 30 01:45:01 CEST 2018
Ping: 31.549 ms
Download: 18.09 Mbit/s
Upload: 1.27 Mbit/s
Thu Aug 30 02:45:01 CEST 2018
Ping: 28.431 ms
Download: 118.91 Mbit/s
Upload: 5.18 Mbit/s
Thu Aug 30 03:45:01 CEST 2018
Ping: 29.231 ms
Download: 109.40 Mbit/s
Upload: 5.64 Mbit/s
Thu Aug 30 04:45:01 CEST 2018
Ping: 31.997 ms
Download: 15.51 Mbit/s
Upload: 2.12 Mbit/s
Thu Aug 30 05:45:01 CEST 2018
Ping: 31.81 ms
Download: 35.45 Mbit/s
Upload: 3.26 Mbit/s
Thu Aug 30 06:45:01 CEST 2018
Ping: 31.898 ms
Download: 15.83 Mbit/s
Upload: 1.24 Mbit/s
Thu Aug 30 07:45:01 CEST 2018
Ping: 29.446 ms
Download: 113.57 Mbit/s
Upload: 5.61 Mbit/s
Thu Aug 30 08:45:01 CEST 2018
Ping: 32.115 ms
Download: 120.28 Mbit/s
Upload: 5.58 Mbit/s
Thu Aug 30 09:45:01 CEST 2018
Ping: 31.408 ms
Download: 102.44 Mbit/s
Upload: 5.68 Mbit/s
Thu Aug 30 10:45:01 CEST 2018
Ping: 31.546 ms
Download: 115.91 Mbit/s
Upload: 5.60 Mbit/s
Thu Aug 30 11:45:01 CEST 2018
Ping: 31.082 ms
Download: 31.55 Mbit/s
Upload: 2.94 Mbit/s
Thu Aug 30 12:45:01 CEST 2018
Ping: 32.034 ms
Download: 21.48 Mbit/s
Upload: 5.11 Mbit/s
Thu Aug 30 13:45:02 CEST 2018
Ping: 30.91 ms
Download: 106.17 Mbit/s
Upload: 5.57 Mbit/s
Thu Aug 30 14:45:01 CEST 2018
Ping: 30.96 ms
Download: 20.88 Mbit/s
Upload: 5.46 Mbit/s
Thu Aug 30 15:45:01 CEST 2018
Ping: 29.816 ms
Download: 116.87 Mbit/s
Upload: 5.60 Mbit/s
Thu Aug 30 16:45:01 CEST 2018
Ping: 31.39 ms
Download: 20.80 Mbit/s
Upload: 1.24 Mbit/s
Thu Aug 30 17:45:01 CEST 2018
Ping: 32.538 ms
Download: 95.60 Mbit/s
Upload: 5.57 Mbit/s
Thu Aug 30 18:45:01 CEST 2018
Ping: 32.965 ms
Download: 8.67 Mbit/s
Upload: 1.82 Mbit/s
Thu Aug 30 19:45:01 CEST 2018
Ping: 31.478 ms
Download: 24.92 Mbit/s
Upload: 4.53 Mbit/s
Thu Aug 30 20:45:02 CEST 2018
Ping: 32.026 ms
Download: 23.90 Mbit/s
Upload: 2.38 Mbit/s
Thu Aug 30 21:45:01 CEST 2018
Ping: 29.044 ms
Download: 86.31 Mbit/s
Upload: 5.58 Mbit/s
Thu Aug 30 22:45:01 CEST 2018
Ping: 31.496 ms
Download: 35.79 Mbit/s
Upload: 5.48 Mbit/s
Thu Aug 30 23:45:02 CEST 2018
Ping: 32.477 ms
Download: 22.00 Mbit/s
Upload: 1.77 Mbit/s
Fri Aug 31 00:45:01 CEST 2018
Ping: 32.195 ms
Download: 13.18 Mbit/s
Upload: 1.09 Mbit/s
Fri Aug 31 01:45:01 CEST 2018
Ping: 30.683 ms
Download: 16.68 Mbit/s
Upload: 0.46 Mbit/s
Fri Aug 31 02:45:02 CEST 2018
Ping: 30.789 ms
Download: 24.16 Mbit/s
Upload: 4.66 Mbit/s
Fri Aug 31 03:45:01 CEST 2018
Ping: 30.129 ms
Download: 22.37 Mbit/s
Upload: 5.43 Mbit/s
Fri Aug 31 04:45:01 CEST 2018
Ping: 30.31 ms
Download: 89.11 Mbit/s
Upload: 5.65 Mbit/s
Fri Aug 31 05:45:01 CEST 2018
Ping: 31.507 ms
Download: 21.40 Mbit/s
Upload: 1.76 Mbit/s
Fri Aug 31 06:45:01 CEST 2018
Ping: 28.551 ms
Download: 110.60 Mbit/s
Upload: 5.56 Mbit/s
Fri Aug 31 07:45:01 CEST 2018
Ping: 32.767 ms
Download: 115.33 Mbit/s
Upload: 5.59 Mbit/s
Fri Aug 31 08:45:01 CEST 2018
Ping: 31.666 ms
Download: 31.44 Mbit/s
Upload: 2.51 Mbit/s
Fri Aug 31 09:45:01 CEST 2018
Ping: 30.592 ms
Download: 71.33 Mbit/s
Upload: 5.59 Mbit/s
Fri Aug 31 10:45:02 CEST 2018
Ping: 30.248 ms
Download: 117.17 Mbit/s
Upload: 5.58 Mbit/s
Fri Aug 31 11:45:01 CEST 2018
Ping: 28.656 ms
Download: 114.74 Mbit/s
Upload: 5.59 Mbit/s
Fri Aug 31 12:45:01 CEST 2018
Ping: 28.137 ms
Download: 5.18 Mbit/s
Upload: 1.24 Mbit/s
Fri Aug 31 13:45:01 CEST 2018
Ping: 29.036 ms
Download: 112.11 Mbit/s
Upload: 5.57 Mbit/s
Fri Aug 31 14:45:01 CEST 2018
Ping: 30.184 ms
Download: 116.93 Mbit/s
Upload: 5.56 Mbit/s
Fri Aug 31 15:45:01 CEST 2018
Ping: 30.221 ms
Download: 35.78 Mbit/s
Upload: 2.85 Mbit/s
Fri Aug 31 16:45:01 CEST 2018
Ping: 30.541 ms
Download: 23.29 Mbit/s
Upload: 2.87 Mbit/s
Fri Aug 31 17:45:01 CEST 2018
Ping: 33.148 ms
Download: 13.66 Mbit/s
Upload: 1.73 Mbit/s
Fri Aug 31 18:45:01 CEST 2018
Ping: 30.579 ms
Download: 36.37 Mbit/s
Upload: 5.32 Mbit/s
Fri Aug 31 19:45:01 CEST 2018
Ping: 31.329 ms
Download: 23.85 Mbit/s
Upload: 5.57 Mbit/s
Fri Aug 31 20:45:01 CEST 2018
Ping: 30.775 ms
Download: 33.56 Mbit/s
Upload: 1.61 Mbit/s
Fri Aug 31 21:45:01 CEST 2018
Ping: 32.621 ms
Download: 20.86 Mbit/s
Upload: 5.27 Mbit/s
Fri Aug 31 22:45:01 CEST 2018
Ping: 34.397 ms
Download: 122.53 Mbit/s
Upload: 5.65 Mbit/s
Fri Aug 31 23:45:01 CEST 2018
Ping: 30.361 ms
Download: 14.75 Mbit/s
Upload: 1.27 Mbit/s
