Thu Nov  1 00:45:01 CET 2018
Ping: 28.382 ms
Download: 120.61 Mbit/s
Upload: 5.52 Mbit/s
Thu Nov  1 01:45:01 CET 2018
Ping: 29.251 ms
Download: 113.05 Mbit/s
Upload: 5.49 Mbit/s
Thu Nov  1 02:45:01 CET 2018
Ping: 27.053 ms
Download: 122.66 Mbit/s
Upload: 5.50 Mbit/s
Thu Nov  1 03:45:01 CET 2018
Ping: 27.904 ms
Download: 112.30 Mbit/s
Upload: 5.62 Mbit/s
Thu Nov  1 04:45:02 CET 2018
Ping: 26.852 ms
Download: 121.91 Mbit/s
Upload: 5.65 Mbit/s
Thu Nov  1 05:45:01 CET 2018
Ping: 26.075 ms
Download: 125.21 Mbit/s
Upload: 5.66 Mbit/s
Thu Nov  1 06:45:01 CET 2018
Ping: 26.652 ms
Download: 121.44 Mbit/s
Upload: 5.60 Mbit/s
Thu Nov  1 07:45:01 CET 2018
Ping: 27.844 ms
Download: 108.75 Mbit/s
Upload: 5.54 Mbit/s
Thu Nov  1 08:45:01 CET 2018
Ping: 27.03 ms
Download: 116.28 Mbit/s
Upload: 5.59 Mbit/s
Thu Nov  1 09:45:02 CET 2018
Ping: 28.3 ms
Download: 112.87 Mbit/s
Upload: 5.60 Mbit/s
Thu Nov  1 10:45:01 CET 2018
Ping: 27.375 ms
Download: 122.37 Mbit/s
Upload: 5.62 Mbit/s
Thu Nov  1 11:45:01 CET 2018
Ping: 24.702 ms
Download: 123.26 Mbit/s
Upload: 5.49 Mbit/s
Thu Nov  1 12:45:01 CET 2018
Ping: 25.506 ms
Download: 119.73 Mbit/s
Upload: 5.57 Mbit/s
Thu Nov  1 13:45:01 CET 2018
Ping: 26.954 ms
Download: 119.56 Mbit/s
Upload: 5.57 Mbit/s
Thu Nov  1 14:45:01 CET 2018
Ping: 28.032 ms
Download: 108.54 Mbit/s
Upload: 5.59 Mbit/s
Thu Nov  1 15:45:01 CET 2018
Ping: 31.2 ms
Download: 124.90 Mbit/s
Upload: 5.61 Mbit/s
Thu Nov  1 16:45:01 CET 2018
Ping: 27.724 ms
Download: 110.07 Mbit/s
Upload: 5.41 Mbit/s
Thu Nov  1 17:45:01 CET 2018
Ping: 26.665 ms
Download: 115.89 Mbit/s
Upload: 5.55 Mbit/s
Thu Nov  1 17:45:01 CET 2018
Ping: 27.753 ms
Download: 97.65 Mbit/s
Upload: 5.12 Mbit/s
Thu Nov  1 18:45:01 CET 2018
Ping: 26.107 ms
Download: 122.13 Mbit/s
Upload: 5.58 Mbit/s
Thu Nov  1 19:45:01 CET 2018
Ping: 25.544 ms
Download: 125.07 Mbit/s
Upload: 5.58 Mbit/s
Thu Nov  1 20:45:02 CET 2018
Ping: 27.361 ms
Download: 124.20 Mbit/s
Upload: 5.57 Mbit/s
Thu Nov  1 21:45:01 CET 2018
Ping: 27.222 ms
Download: 127.07 Mbit/s
Upload: 5.37 Mbit/s
Thu Nov  1 22:45:01 CET 2018
Ping: 25.549 ms
Download: 113.36 Mbit/s
Upload: 5.49 Mbit/s
Thu Nov  1 23:45:01 CET 2018
Ping: 25.258 ms
Download: 124.34 Mbit/s
Upload: 5.57 Mbit/s
Fri Nov  2 00:45:01 CET 2018
Ping: 26.388 ms
Download: 122.87 Mbit/s
Upload: 5.57 Mbit/s
Fri Nov  2 01:45:01 CET 2018
Ping: 26.299 ms
Download: 114.54 Mbit/s
Upload: 5.52 Mbit/s
Fri Nov  2 02:45:01 CET 2018
Ping: 25.604 ms
Download: 126.11 Mbit/s
Upload: 5.47 Mbit/s
Fri Nov  2 03:45:01 CET 2018
Ping: 25.505 ms
Download: 126.19 Mbit/s
Upload: 5.58 Mbit/s
Fri Nov  2 04:45:01 CET 2018
Ping: 25.8 ms
Download: 124.74 Mbit/s
Upload: 5.52 Mbit/s
Fri Nov  2 05:45:01 CET 2018
Ping: 26.276 ms
Download: 125.12 Mbit/s
Upload: 5.62 Mbit/s
Fri Nov  2 06:45:01 CET 2018
Ping: 25.875 ms
Download: 120.30 Mbit/s
Upload: 5.59 Mbit/s
Fri Nov  2 07:45:01 CET 2018
Ping: 25.597 ms
Download: 123.96 Mbit/s
Upload: 5.58 Mbit/s
Fri Nov  2 08:45:01 CET 2018
Ping: 25.509 ms
Download: 118.18 Mbit/s
Upload: 5.27 Mbit/s
Fri Nov  2 09:45:01 CET 2018
Ping: 26.394 ms
Download: 113.51 Mbit/s
Upload: 5.51 Mbit/s
Fri Nov  2 10:45:01 CET 2018
Ping: 27.061 ms
Download: 122.30 Mbit/s
Upload: 5.65 Mbit/s
Fri Nov  2 11:45:01 CET 2018
Ping: 25.731 ms
Download: 116.28 Mbit/s
Upload: 5.25 Mbit/s
Fri Nov  2 12:45:01 CET 2018
Ping: 26.669 ms
Download: 117.16 Mbit/s
Upload: 5.44 Mbit/s
Fri Nov  2 13:45:01 CET 2018
Ping: 25.603 ms
Download: 123.41 Mbit/s
Upload: 5.51 Mbit/s
Fri Nov  2 14:45:01 CET 2018
Ping: 27.014 ms
Download: 120.10 Mbit/s
Upload: 5.55 Mbit/s
Fri Nov  2 15:45:01 CET 2018
Ping: 26.276 ms
Download: 118.09 Mbit/s
Upload: 5.53 Mbit/s
Fri Nov  2 16:45:01 CET 2018
Ping: 26.794 ms
Download: 122.03 Mbit/s
Upload: 5.41 Mbit/s
Fri Nov  2 17:45:01 CET 2018
Ping: 27.578 ms
Download: 123.28 Mbit/s
Upload: 5.42 Mbit/s
Fri Nov  2 18:45:01 CET 2018
Ping: 27.213 ms
Download: 123.26 Mbit/s
Upload: 5.60 Mbit/s
Fri Nov  2 19:45:01 CET 2018
Ping: 27.244 ms
Download: 120.56 Mbit/s
Upload: 5.50 Mbit/s
Fri Nov  2 20:45:01 CET 2018
Ping: 25.331 ms
Download: 122.48 Mbit/s
Upload: 5.60 Mbit/s
Fri Nov  2 21:45:01 CET 2018
Ping: 26.421 ms
Download: 118.62 Mbit/s
Upload: 5.26 Mbit/s
Fri Nov  2 22:45:01 CET 2018
Ping: 27.534 ms
Download: 126.41 Mbit/s
Upload: 5.50 Mbit/s
Fri Nov  2 23:45:01 CET 2018
Ping: 26.627 ms
Download: 117.33 Mbit/s
Upload: 5.57 Mbit/s
Sat Nov  3 00:45:01 CET 2018
Ping: 25.802 ms
Download: 126.66 Mbit/s
Upload: 5.55 Mbit/s
Sat Nov  3 01:45:01 CET 2018
Ping: 27.571 ms
Download: 126.05 Mbit/s
Upload: 5.50 Mbit/s
Sat Nov  3 02:45:01 CET 2018
Ping: 26.366 ms
Download: 124.93 Mbit/s
Upload: 5.57 Mbit/s
Sat Nov  3 03:45:01 CET 2018
Ping: 26.255 ms
Download: 121.55 Mbit/s
Upload: 5.58 Mbit/s
Sat Nov  3 04:45:01 CET 2018
Ping: 25.789 ms
Download: 126.64 Mbit/s
Upload: 5.56 Mbit/s
Sat Nov  3 05:45:01 CET 2018
Ping: 25.076 ms
Download: 127.28 Mbit/s
Upload: 5.05 Mbit/s
Sat Nov  3 06:45:01 CET 2018
Ping: 24.56 ms
Download: 125.76 Mbit/s
Upload: 5.57 Mbit/s
Sat Nov  3 07:45:01 CET 2018
Ping: 26.313 ms
Download: 122.74 Mbit/s
Upload: 5.63 Mbit/s
Sat Nov  3 08:45:01 CET 2018
Ping: 25.61 ms
Download: 119.01 Mbit/s
Upload: 5.59 Mbit/s
Sat Nov  3 09:45:01 CET 2018
Ping: 26.377 ms
Download: 127.03 Mbit/s
Upload: 5.61 Mbit/s
Sat Nov  3 10:45:01 CET 2018
Ping: 25.705 ms
Download: 119.54 Mbit/s
Upload: 5.45 Mbit/s
Sat Nov  3 11:45:01 CET 2018
Ping: 25.821 ms
Download: 123.26 Mbit/s
Upload: 5.50 Mbit/s
Sat Nov  3 12:45:01 CET 2018
Ping: 25.11 ms
Download: 115.90 Mbit/s
Upload: 5.59 Mbit/s
Sat Nov  3 13:45:01 CET 2018
Ping: 26.058 ms
Download: 126.08 Mbit/s
Upload: 5.57 Mbit/s
Sat Nov  3 14:45:01 CET 2018
Ping: 25.858 ms
Download: 114.89 Mbit/s
Upload: 5.48 Mbit/s
Sat Nov  3 15:45:01 CET 2018
Ping: 27.915 ms
Download: 122.98 Mbit/s
Upload: 5.66 Mbit/s
Sat Nov  3 16:45:01 CET 2018
Ping: 26.148 ms
Download: 118.49 Mbit/s
Upload: 5.47 Mbit/s
Sat Nov  3 17:45:01 CET 2018
Ping: 27.431 ms
Download: 120.06 Mbit/s
Upload: 5.63 Mbit/s
Sat Nov  3 18:45:01 CET 2018
Ping: 26.925 ms
Download: 118.99 Mbit/s
Upload: 5.47 Mbit/s
Sat Nov  3 19:45:01 CET 2018
Ping: 25.03 ms
Download: 107.93 Mbit/s
Upload: 5.62 Mbit/s
Sat Nov  3 20:45:01 CET 2018
Ping: 26.416 ms
Download: 125.95 Mbit/s
Upload: 5.51 Mbit/s
Sat Nov  3 21:45:01 CET 2018
Ping: 25.719 ms
Download: 118.25 Mbit/s
Upload: 5.48 Mbit/s
Sat Nov  3 22:45:01 CET 2018
Ping: 27.174 ms
Download: 126.94 Mbit/s
Upload: 5.61 Mbit/s
Sat Nov  3 23:45:01 CET 2018
Ping: 25.29 ms
Download: 114.57 Mbit/s
Upload: 5.56 Mbit/s
Sun Nov  4 00:45:02 CET 2018
Ping: 25.129 ms
Download: 113.71 Mbit/s
Upload: 5.54 Mbit/s
Sun Nov  4 01:45:01 CET 2018
Ping: 25.235 ms
Download: 125.18 Mbit/s
Upload: 5.64 Mbit/s
Sun Nov  4 02:45:01 CET 2018
Ping: 25.843 ms
Download: 125.40 Mbit/s
Upload: 5.61 Mbit/s
Sun Nov  4 03:45:01 CET 2018
Ping: 25.203 ms
Download: 112.63 Mbit/s
Upload: 5.64 Mbit/s
Sun Nov  4 04:45:01 CET 2018
Ping: 26.36 ms
Download: 121.12 Mbit/s
Upload: 5.57 Mbit/s
Sun Nov  4 05:45:02 CET 2018
Ping: 25.531 ms
Download: 126.06 Mbit/s
Upload: 5.57 Mbit/s
Sun Nov  4 06:45:01 CET 2018
Ping: 26.093 ms
Download: 118.97 Mbit/s
Upload: 5.58 Mbit/s
Sun Nov  4 07:45:01 CET 2018
Ping: 27.465 ms
Download: 99.57 Mbit/s
Upload: 5.49 Mbit/s
Sun Nov  4 08:45:01 CET 2018
Ping: 26.07 ms
Download: 120.62 Mbit/s
Upload: 5.61 Mbit/s
Sun Nov  4 09:45:01 CET 2018
Ping: 26.286 ms
Download: 122.22 Mbit/s
Upload: 5.62 Mbit/s
Sun Nov  4 10:45:01 CET 2018
Ping: 25.232 ms
Download: 127.39 Mbit/s
Upload: 5.56 Mbit/s
Sun Nov  4 11:45:01 CET 2018
Ping: 25.836 ms
Download: 127.09 Mbit/s
Upload: 5.43 Mbit/s
Sun Nov  4 12:45:01 CET 2018
Ping: 25.949 ms
Download: 115.86 Mbit/s
Upload: 5.59 Mbit/s
Sun Nov  4 13:45:01 CET 2018
Ping: 25.789 ms
Download: 126.39 Mbit/s
Upload: 5.61 Mbit/s
Sun Nov  4 14:45:01 CET 2018
Ping: 26.797 ms
Download: 116.79 Mbit/s
Upload: 5.62 Mbit/s
Sun Nov  4 15:45:01 CET 2018
Ping: 26.948 ms
Download: 117.39 Mbit/s
Upload: 4.88 Mbit/s
Sun Nov  4 16:45:01 CET 2018
Ping: 26.307 ms
Download: 119.40 Mbit/s
Upload: 5.42 Mbit/s
Sun Nov  4 17:45:01 CET 2018
Ping: 24.986 ms
Download: 126.22 Mbit/s
Upload: 5.61 Mbit/s
Sun Nov  4 18:45:01 CET 2018
Ping: 26.616 ms
Download: 118.41 Mbit/s
Upload: 5.57 Mbit/s
Sun Nov  4 19:45:01 CET 2018
Ping: 27.605 ms
Download: 120.28 Mbit/s
Upload: 5.47 Mbit/s
Sun Nov  4 20:45:01 CET 2018
Ping: 25.464 ms
Download: 123.97 Mbit/s
Upload: 5.55 Mbit/s
Sun Nov  4 21:45:01 CET 2018
Ping: 24.432 ms
Download: 120.58 Mbit/s
Upload: 5.61 Mbit/s
Sun Nov  4 22:45:01 CET 2018
Ping: 26.912 ms
Download: 123.70 Mbit/s
Upload: 5.60 Mbit/s
Sun Nov  4 23:45:01 CET 2018
Ping: 26.379 ms
Download: 124.72 Mbit/s
Upload: 5.60 Mbit/s
Mon Nov  5 00:45:01 CET 2018
Ping: 26.422 ms
Download: 124.55 Mbit/s
Upload: 5.59 Mbit/s
Mon Nov  5 01:45:01 CET 2018
Ping: 26.746 ms
Download: 118.38 Mbit/s
Upload: 5.66 Mbit/s
Mon Nov  5 02:45:01 CET 2018
Ping: 25.304 ms
Download: 126.92 Mbit/s
Upload: 5.62 Mbit/s
Mon Nov  5 03:45:01 CET 2018
Ping: 25.065 ms
Download: 120.54 Mbit/s
Upload: 5.60 Mbit/s
Mon Nov  5 04:45:01 CET 2018
Ping: 26.847 ms
Download: 125.04 Mbit/s
Upload: 5.63 Mbit/s
Mon Nov  5 05:45:01 CET 2018
Ping: 25.099 ms
Download: 125.31 Mbit/s
Upload: 5.59 Mbit/s
Mon Nov  5 06:45:01 CET 2018
Ping: 26.259 ms
Download: 127.42 Mbit/s
Upload: 5.62 Mbit/s
Mon Nov  5 07:45:01 CET 2018
Ping: 25.676 ms
Download: 122.06 Mbit/s
Upload: 5.63 Mbit/s
Mon Nov  5 08:45:01 CET 2018
Ping: 27.404 ms
Download: 126.90 Mbit/s
Upload: 5.62 Mbit/s
Mon Nov  5 09:45:01 CET 2018
Ping: 29.163 ms
Download: 112.83 Mbit/s
Upload: 5.63 Mbit/s
Mon Nov  5 10:45:01 CET 2018
Ping: 25.223 ms
Download: 123.95 Mbit/s
Upload: 5.55 Mbit/s
Mon Nov  5 11:45:01 CET 2018
Ping: 26.226 ms
Download: 117.67 Mbit/s
Upload: 5.56 Mbit/s
Mon Nov  5 12:45:01 CET 2018
Ping: 25.472 ms
Download: 104.49 Mbit/s
Upload: 5.54 Mbit/s
Mon Nov  5 13:45:01 CET 2018
Ping: 25.683 ms
Download: 121.23 Mbit/s
Upload: 5.57 Mbit/s
Mon Nov  5 14:45:01 CET 2018
Ping: 24.392 ms
Download: 124.19 Mbit/s
Upload: 5.42 Mbit/s
Mon Nov  5 15:45:01 CET 2018
Ping: 25.594 ms
Download: 112.05 Mbit/s
Upload: 5.42 Mbit/s
Mon Nov  5 16:45:01 CET 2018
Ping: 25.841 ms
Download: 119.03 Mbit/s
Upload: 5.62 Mbit/s
Mon Nov  5 17:45:01 CET 2018
Ping: 25.331 ms
Download: 122.36 Mbit/s
Upload: 5.56 Mbit/s
Mon Nov  5 18:45:01 CET 2018
Ping: 27.131 ms
Download: 118.21 Mbit/s
Upload: 5.57 Mbit/s
Mon Nov  5 19:45:01 CET 2018
Ping: 24.839 ms
Download: 113.13 Mbit/s
Upload: 5.58 Mbit/s
Mon Nov  5 20:45:01 CET 2018
Ping: 27.107 ms
Download: 117.23 Mbit/s
Upload: 5.48 Mbit/s
Mon Nov  5 21:45:01 CET 2018
Ping: 25.051 ms
Download: 111.08 Mbit/s
Upload: 5.54 Mbit/s
Mon Nov  5 22:45:01 CET 2018
Ping: 25.499 ms
Download: 127.15 Mbit/s
Upload: 5.64 Mbit/s
Mon Nov  5 23:45:01 CET 2018
Ping: 26.381 ms
Download: 124.02 Mbit/s
Upload: 5.66 Mbit/s
Tue Nov  6 00:45:01 CET 2018
Ping: 25.892 ms
Download: 125.10 Mbit/s
Upload: 5.67 Mbit/s
Tue Nov  6 01:45:01 CET 2018
Ping: 25.644 ms
Download: 121.40 Mbit/s
Upload: 5.63 Mbit/s
Tue Nov  6 02:45:01 CET 2018
Ping: 26.698 ms
Download: 119.72 Mbit/s
Upload: 5.62 Mbit/s
Tue Nov  6 03:45:01 CET 2018
Ping: 25.061 ms
Download: 111.70 Mbit/s
Upload: 5.60 Mbit/s
Tue Nov  6 04:45:01 CET 2018
Ping: 25.575 ms
Download: 122.59 Mbit/s
Upload: 5.59 Mbit/s
Tue Nov  6 05:45:01 CET 2018
Ping: 25.323 ms
Download: 126.81 Mbit/s
Upload: 5.60 Mbit/s
Tue Nov  6 06:45:01 CET 2018
Ping: 26.721 ms
Download: 117.25 Mbit/s
Upload: 5.59 Mbit/s
Tue Nov  6 07:45:01 CET 2018
Ping: 26.959 ms
Download: 125.55 Mbit/s
Upload: 5.60 Mbit/s
Tue Nov  6 08:45:01 CET 2018
Ping: 25.047 ms
Download: 126.61 Mbit/s
Upload: 5.36 Mbit/s
Tue Nov  6 09:45:02 CET 2018
Ping: 24.744 ms
Download: 124.12 Mbit/s
Upload: 5.45 Mbit/s
Tue Nov  6 10:45:01 CET 2018
Ping: 26.013 ms
Download: 126.00 Mbit/s
Upload: 5.61 Mbit/s
Tue Nov  6 11:45:01 CET 2018
Ping: 25.909 ms
Download: 123.53 Mbit/s
Upload: 5.61 Mbit/s
Tue Nov  6 12:45:01 CET 2018
Ping: 25.216 ms
Download: 123.88 Mbit/s
Upload: 5.48 Mbit/s
Tue Nov  6 13:45:01 CET 2018
Ping: 25.693 ms
Download: 115.86 Mbit/s
Upload: 5.60 Mbit/s
Tue Nov  6 14:45:01 CET 2018
Ping: 25.946 ms
Download: 115.87 Mbit/s
Upload: 5.11 Mbit/s
Tue Nov  6 15:45:01 CET 2018
Ping: 25.918 ms
Download: 117.61 Mbit/s
Upload: 5.57 Mbit/s
Tue Nov  6 16:45:01 CET 2018
Ping: 25.681 ms
Download: 123.90 Mbit/s
Upload: 5.22 Mbit/s
Tue Nov  6 17:45:01 CET 2018
Ping: 24.662 ms
Download: 125.98 Mbit/s
Upload: 5.57 Mbit/s
Tue Nov  6 18:45:01 CET 2018
Ping: 25.232 ms
Download: 123.69 Mbit/s
Upload: 5.45 Mbit/s
Tue Nov  6 19:45:01 CET 2018
Ping: 26.392 ms
Download: 124.20 Mbit/s
Upload: 5.52 Mbit/s
Tue Nov  6 20:45:01 CET 2018
Ping: 26.465 ms
Download: 112.49 Mbit/s
Upload: 5.56 Mbit/s
Tue Nov  6 21:45:01 CET 2018
Ping: 25.929 ms
Download: 105.40 Mbit/s
Upload: 5.64 Mbit/s
Tue Nov  6 22:45:01 CET 2018
Ping: 28.641 ms
Download: 125.32 Mbit/s
Upload: 5.62 Mbit/s
Tue Nov  6 23:45:01 CET 2018
Ping: 26.19 ms
Download: 125.16 Mbit/s
Upload: 5.65 Mbit/s
Wed Nov  7 00:45:01 CET 2018
Ping: 26.42 ms
Download: 113.56 Mbit/s
Upload: 5.61 Mbit/s
Wed Nov  7 01:45:01 CET 2018
Ping: 25.894 ms
Download: 109.94 Mbit/s
Upload: 5.61 Mbit/s
Wed Nov  7 02:45:01 CET 2018
Ping: 26.715 ms
Download: 112.81 Mbit/s
Upload: 5.62 Mbit/s
Wed Nov  7 03:45:01 CET 2018
Ping: 24.891 ms
Download: 121.71 Mbit/s
Upload: 5.63 Mbit/s
Wed Nov  7 04:45:01 CET 2018
Ping: 26.495 ms
Download: 125.03 Mbit/s
Upload: 5.57 Mbit/s
Wed Nov  7 05:45:01 CET 2018
Ping: 24.658 ms
Download: 122.46 Mbit/s
Upload: 5.57 Mbit/s
Wed Nov  7 06:45:01 CET 2018
Ping: 26.928 ms
Download: 124.63 Mbit/s
Upload: 5.61 Mbit/s
Wed Nov  7 07:45:01 CET 2018
Ping: 25.887 ms
Download: 112.90 Mbit/s
Upload: 5.37 Mbit/s
Wed Nov  7 08:45:01 CET 2018
Ping: 24.301 ms
Download: 122.99 Mbit/s
Upload: 5.57 Mbit/s
Wed Nov  7 09:45:01 CET 2018
Ping: 25.04 ms
Download: 127.75 Mbit/s
Upload: 5.54 Mbit/s
Wed Nov  7 10:45:01 CET 2018
Ping: 24.848 ms
Download: 124.58 Mbit/s
Upload: 5.63 Mbit/s
Wed Nov  7 11:45:01 CET 2018
Ping: 25.421 ms
Download: 104.37 Mbit/s
Upload: 5.64 Mbit/s
Wed Nov  7 12:45:01 CET 2018
Ping: 28.592 ms
Download: 125.05 Mbit/s
Upload: 5.59 Mbit/s
Wed Nov  7 13:45:01 CET 2018
Ping: 25.633 ms
Download: 126.95 Mbit/s
Upload: 5.55 Mbit/s
Wed Nov  7 14:45:01 CET 2018
Ping: 24.271 ms
Download: 125.66 Mbit/s
Upload: 5.60 Mbit/s
Wed Nov  7 15:45:01 CET 2018
Ping: 25.59 ms
Download: 121.49 Mbit/s
Upload: 5.59 Mbit/s
Wed Nov  7 16:45:01 CET 2018
Ping: 25.838 ms
Download: 117.81 Mbit/s
Upload: 5.59 Mbit/s
Wed Nov  7 17:45:01 CET 2018
Ping: 25.632 ms
Download: 127.10 Mbit/s
Upload: 5.61 Mbit/s
Wed Nov  7 18:45:01 CET 2018
Ping: 25.414 ms
Download: 122.17 Mbit/s
Upload: 5.62 Mbit/s
Wed Nov  7 19:45:01 CET 2018
Ping: 25.18 ms
Download: 126.38 Mbit/s
Upload: 5.54 Mbit/s
Wed Nov  7 20:45:01 CET 2018
Ping: 26.474 ms
Download: 123.22 Mbit/s
Upload: 5.52 Mbit/s
Wed Nov  7 21:45:02 CET 2018
Ping: 25.794 ms
Download: 116.38 Mbit/s
Upload: 5.45 Mbit/s
Wed Nov  7 22:45:01 CET 2018
Ping: 26.069 ms
Download: 124.20 Mbit/s
Upload: 5.57 Mbit/s
Wed Nov  7 23:45:01 CET 2018
Ping: 25.899 ms
Download: 123.53 Mbit/s
Upload: 5.60 Mbit/s
Thu Nov  8 00:45:01 CET 2018
Ping: 25.519 ms
Download: 125.28 Mbit/s
Upload: 5.65 Mbit/s
Thu Nov  8 01:45:01 CET 2018
Ping: 26.021 ms
Download: 127.08 Mbit/s
Upload: 5.61 Mbit/s
Thu Nov  8 02:45:01 CET 2018
Ping: 26.248 ms
Download: 105.15 Mbit/s
Upload: 5.56 Mbit/s
Thu Nov  8 03:45:01 CET 2018
Ping: 25.866 ms
Download: 119.38 Mbit/s
Upload: 5.56 Mbit/s
Thu Nov  8 04:45:01 CET 2018
Ping: 25.846 ms
Download: 113.57 Mbit/s
Upload: 5.53 Mbit/s
Thu Nov  8 05:45:01 CET 2018
Ping: 24.026 ms
Download: 125.17 Mbit/s
Upload: 5.58 Mbit/s
Thu Nov  8 06:45:01 CET 2018
Ping: 25.425 ms
Download: 125.08 Mbit/s
Upload: 5.54 Mbit/s
Thu Nov  8 07:45:01 CET 2018
Ping: 25.012 ms
Download: 108.77 Mbit/s
Upload: 5.60 Mbit/s
Thu Nov  8 08:45:01 CET 2018
Ping: 25.833 ms
Download: 120.25 Mbit/s
Upload: 5.54 Mbit/s
Thu Nov  8 09:45:01 CET 2018
Ping: 27.407 ms
Download: 114.29 Mbit/s
Upload: 5.63 Mbit/s
Thu Nov  8 10:45:01 CET 2018
Ping: 25.594 ms
Download: 127.17 Mbit/s
Upload: 5.57 Mbit/s
Thu Nov  8 11:45:01 CET 2018
Ping: 24.927 ms
Download: 124.27 Mbit/s
Upload: 5.52 Mbit/s
Thu Nov  8 12:45:01 CET 2018
Ping: 25.398 ms
Download: 126.57 Mbit/s
Upload: 5.64 Mbit/s
Thu Nov  8 13:45:01 CET 2018
Ping: 26.849 ms
Download: 121.11 Mbit/s
Upload: 5.58 Mbit/s
Thu Nov  8 14:45:01 CET 2018
Ping: 25.821 ms
Download: 118.74 Mbit/s
Upload: 5.57 Mbit/s
Thu Nov  8 15:45:01 CET 2018
Ping: 26.309 ms
Download: 122.01 Mbit/s
Upload: 5.46 Mbit/s
Thu Nov  8 16:45:01 CET 2018
Ping: 27.066 ms
Download: 116.43 Mbit/s
Upload: 5.53 Mbit/s
Thu Nov  8 17:45:01 CET 2018
Ping: 26.366 ms
Download: 124.73 Mbit/s
Upload: 5.39 Mbit/s
Thu Nov  8 18:45:01 CET 2018
Ping: 26.628 ms
Download: 111.25 Mbit/s
Upload: 5.06 Mbit/s
Thu Nov  8 19:45:01 CET 2018
Ping: 25.743 ms
Download: 120.72 Mbit/s
Upload: 5.55 Mbit/s
Thu Nov  8 20:45:01 CET 2018
Ping: 24.848 ms
Download: 120.51 Mbit/s
Upload: 5.62 Mbit/s
Thu Nov  8 21:45:01 CET 2018
Ping: 26.989 ms
Download: 122.33 Mbit/s
Upload: 5.50 Mbit/s
Thu Nov  8 22:45:01 CET 2018
Ping: 29.03 ms
Download: 120.90 Mbit/s
Upload: 5.36 Mbit/s
Thu Nov  8 23:45:01 CET 2018
Ping: 25.894 ms
Download: 120.56 Mbit/s
Upload: 5.13 Mbit/s
Fri Nov  9 00:45:01 CET 2018
Ping: 26.384 ms
Download: 124.18 Mbit/s
Upload: 5.55 Mbit/s
Fri Nov  9 01:45:01 CET 2018
Ping: 26.986 ms
Download: 121.96 Mbit/s
Upload: 5.58 Mbit/s
Fri Nov  9 02:45:01 CET 2018
Ping: 25.117 ms
Download: 109.92 Mbit/s
Upload: 5.59 Mbit/s
Fri Nov  9 03:45:01 CET 2018
Ping: 25.53 ms
Download: 102.97 Mbit/s
Upload: 5.54 Mbit/s
Fri Nov  9 04:45:01 CET 2018
Ping: 27.609 ms
Download: 119.49 Mbit/s
Upload: 5.48 Mbit/s
Fri Nov  9 05:45:01 CET 2018
Ping: 25.145 ms
Download: 119.47 Mbit/s
Upload: 5.59 Mbit/s
Fri Nov  9 06:45:01 CET 2018
Ping: 26.592 ms
Download: 119.96 Mbit/s
Upload: 5.58 Mbit/s
Fri Nov  9 07:45:01 CET 2018
Ping: 26.022 ms
Download: 123.71 Mbit/s
Upload: 5.45 Mbit/s
Fri Nov  9 08:45:01 CET 2018
Ping: 26.415 ms
Download: 118.12 Mbit/s
Upload: 4.48 Mbit/s
Fri Nov  9 09:45:01 CET 2018
Ping: 25.935 ms
Download: 126.53 Mbit/s
Upload: 5.55 Mbit/s
Fri Nov  9 10:45:01 CET 2018
Ping: 24.796 ms
Download: 124.23 Mbit/s
Upload: 5.45 Mbit/s
Fri Nov  9 11:45:01 CET 2018
Ping: 27.059 ms
Download: 126.84 Mbit/s
Upload: 5.62 Mbit/s
Fri Nov  9 12:45:01 CET 2018
Ping: 24.309 ms
Download: 121.52 Mbit/s
Upload: 5.50 Mbit/s
Fri Nov  9 13:45:01 CET 2018
Ping: 26.856 ms
Download: 125.46 Mbit/s
Upload: 5.60 Mbit/s
Fri Nov  9 14:45:01 CET 2018
Ping: 26.391 ms
Download: 125.72 Mbit/s
Upload: 5.44 Mbit/s
Fri Nov  9 15:45:01 CET 2018
Ping: 25.718 ms
Download: 117.86 Mbit/s
Upload: 5.29 Mbit/s
Fri Nov  9 16:45:01 CET 2018
Ping: 25.29 ms
Download: 115.82 Mbit/s
Upload: 5.67 Mbit/s
Fri Nov  9 17:45:01 CET 2018
Ping: 25.672 ms
Download: 119.87 Mbit/s
Upload: 5.61 Mbit/s
Fri Nov  9 18:45:01 CET 2018
Ping: 25.654 ms
Download: 124.45 Mbit/s
Upload: 5.52 Mbit/s
Fri Nov  9 19:45:01 CET 2018
Ping: 26.662 ms
Download: 79.59 Mbit/s
Upload: 5.15 Mbit/s
Fri Nov  9 20:45:01 CET 2018
Ping: 27.74 ms
Download: 116.61 Mbit/s
Upload: 5.53 Mbit/s
Fri Nov  9 21:45:01 CET 2018
Ping: 26.771 ms
Download: 119.09 Mbit/s
Upload: 5.16 Mbit/s
Fri Nov  9 22:45:01 CET 2018
Ping: 26.047 ms
Download: 126.42 Mbit/s
Upload: 5.53 Mbit/s
Fri Nov  9 23:45:02 CET 2018
Ping: 26.149 ms
Download: 105.41 Mbit/s
Upload: 5.44 Mbit/s
Sat Nov 10 00:45:01 CET 2018
Ping: 24.915 ms
Download: 126.14 Mbit/s
Upload: 5.50 Mbit/s
Sat Nov 10 01:45:01 CET 2018
Ping: 26.407 ms
Download: 117.83 Mbit/s
Upload: 5.57 Mbit/s
Sat Nov 10 02:45:01 CET 2018
Ping: 26.938 ms
Download: 112.58 Mbit/s
Upload: 5.62 Mbit/s
Sat Nov 10 03:45:01 CET 2018
Ping: 26.503 ms
Download: 122.05 Mbit/s
Upload: 5.65 Mbit/s
Sat Nov 10 04:45:01 CET 2018
Ping: 26.34 ms
Download: 127.65 Mbit/s
Upload: 5.44 Mbit/s
Sat Nov 10 05:45:01 CET 2018
Ping: 25.037 ms
Download: 127.45 Mbit/s
Upload: 5.66 Mbit/s
Sat Nov 10 06:45:01 CET 2018
Ping: 26.238 ms
Download: 123.80 Mbit/s
Upload: 5.63 Mbit/s
Sat Nov 10 07:45:01 CET 2018
Ping: 25.153 ms
Download: 117.88 Mbit/s
Upload: 5.62 Mbit/s
Sat Nov 10 08:45:01 CET 2018
Ping: 25.203 ms
Download: 121.95 Mbit/s
Upload: 5.47 Mbit/s
Sat Nov 10 09:45:01 CET 2018
Ping: 26.385 ms
Download: 121.85 Mbit/s
Upload: 5.56 Mbit/s
Sat Nov 10 10:45:01 CET 2018
Ping: 26.376 ms
Download: 126.28 Mbit/s
Upload: 5.63 Mbit/s
Sat Nov 10 11:45:01 CET 2018
Ping: 26.065 ms
Download: 126.95 Mbit/s
Upload: 5.63 Mbit/s
Sat Nov 10 12:45:01 CET 2018
Ping: 26.393 ms
Download: 120.14 Mbit/s
Upload: 5.65 Mbit/s
Sat Nov 10 13:45:01 CET 2018
Ping: 25.995 ms
Download: 121.61 Mbit/s
Upload: 5.05 Mbit/s
Sat Nov 10 14:45:01 CET 2018
Ping: 25.869 ms
Download: 126.53 Mbit/s
Upload: 5.63 Mbit/s
Sat Nov 10 15:45:01 CET 2018
Ping: 26.9 ms
Download: 121.08 Mbit/s
Upload: 5.50 Mbit/s
Sat Nov 10 16:45:02 CET 2018
Ping: 26.561 ms
Download: 124.43 Mbit/s
Upload: 5.61 Mbit/s
Sat Nov 10 17:45:01 CET 2018
Ping: 28.228 ms
Download: 120.27 Mbit/s
Upload: 5.51 Mbit/s
Sat Nov 10 18:45:01 CET 2018
Ping: 27.965 ms
Download: 114.56 Mbit/s
Upload: 5.61 Mbit/s
Sat Nov 10 19:45:02 CET 2018
Ping: 25.62 ms
Download: 120.52 Mbit/s
Upload: 5.58 Mbit/s
Sat Nov 10 20:45:01 CET 2018
Ping: 25.975 ms
Download: 125.99 Mbit/s
Upload: 5.52 Mbit/s
Sat Nov 10 21:45:01 CET 2018
Ping: 27.76 ms
Download: 124.80 Mbit/s
Upload: 5.40 Mbit/s
Sat Nov 10 22:45:01 CET 2018
Ping: 26.225 ms
Download: 124.22 Mbit/s
Upload: 5.45 Mbit/s
Sat Nov 10 23:45:01 CET 2018
Ping: 26.476 ms
Download: 115.43 Mbit/s
Upload: 5.43 Mbit/s
Sun Nov 11 00:45:02 CET 2018
Ping: 26.411 ms
Download: 108.25 Mbit/s
Upload: 5.59 Mbit/s
Sun Nov 11 01:45:01 CET 2018
Ping: 26.179 ms
Download: 115.80 Mbit/s
Upload: 5.56 Mbit/s
Sun Nov 11 02:45:01 CET 2018
Ping: 25.544 ms
Download: 125.81 Mbit/s
Upload: 5.61 Mbit/s
Sun Nov 11 03:45:01 CET 2018
Ping: 25.731 ms
Download: 117.29 Mbit/s
Upload: 5.60 Mbit/s
Sun Nov 11 04:45:01 CET 2018
Ping: 24.723 ms
Download: 122.67 Mbit/s
Upload: 5.57 Mbit/s
Sun Nov 11 05:45:01 CET 2018
Ping: 25.556 ms
Download: 123.16 Mbit/s
Upload: 5.33 Mbit/s
Sun Nov 11 06:45:01 CET 2018
Ping: 25.957 ms
Download: 126.85 Mbit/s
Upload: 5.67 Mbit/s
Sun Nov 11 07:45:01 CET 2018
Ping: 25.82 ms
Download: 114.40 Mbit/s
Upload: 5.37 Mbit/s
Sun Nov 11 08:45:01 CET 2018
Ping: 25.376 ms
Download: 122.87 Mbit/s
Upload: 5.58 Mbit/s
Sun Nov 11 09:45:01 CET 2018
Ping: 26.86 ms
Download: 115.85 Mbit/s
Upload: 5.40 Mbit/s
Sun Nov 11 10:45:01 CET 2018
Ping: 26.439 ms
Download: 117.35 Mbit/s
Upload: 5.48 Mbit/s
Sun Nov 11 11:45:01 CET 2018
Ping: 28.279 ms
Download: 124.15 Mbit/s
Upload: 5.59 Mbit/s
Sun Nov 11 12:45:01 CET 2018
Ping: 25.836 ms
Download: 118.85 Mbit/s
Upload: 5.51 Mbit/s
Sun Nov 11 13:45:01 CET 2018
Ping: 26.94 ms
Download: 126.74 Mbit/s
Upload: 5.59 Mbit/s
Sun Nov 11 14:45:01 CET 2018
Ping: 25.117 ms
Download: 126.08 Mbit/s
Upload: 5.56 Mbit/s
Sun Nov 11 15:45:01 CET 2018
Ping: 26.232 ms
Download: 112.12 Mbit/s
Upload: 5.51 Mbit/s
Sun Nov 11 16:45:01 CET 2018
Ping: 25.93 ms
Download: 121.98 Mbit/s
Upload: 5.55 Mbit/s
Sun Nov 11 17:45:01 CET 2018
Ping: 26.544 ms
Download: 120.21 Mbit/s
Upload: 5.44 Mbit/s
Sun Nov 11 18:45:01 CET 2018
Ping: 27.042 ms
Download: 123.89 Mbit/s
Upload: 5.55 Mbit/s
Sun Nov 11 19:45:01 CET 2018
Ping: 28.945 ms
Download: 103.87 Mbit/s
Upload: 5.33 Mbit/s
Sun Nov 11 20:45:01 CET 2018
Ping: 27.816 ms
Download: 125.67 Mbit/s
Upload: 5.62 Mbit/s
Sun Nov 11 21:45:01 CET 2018
Ping: 25.57 ms
Download: 108.21 Mbit/s
Upload: 5.52 Mbit/s
Sun Nov 11 22:45:01 CET 2018
Ping: 26.404 ms
Download: 125.72 Mbit/s
Upload: 5.61 Mbit/s
Sun Nov 11 23:45:01 CET 2018
Ping: 25.75 ms
Download: 124.58 Mbit/s
Upload: 5.59 Mbit/s
Mon Nov 12 00:45:01 CET 2018
Ping: 26.013 ms
Download: 119.75 Mbit/s
Upload: 5.56 Mbit/s
Mon Nov 12 01:45:01 CET 2018
Ping: 27.988 ms
Download: 124.73 Mbit/s
Upload: 5.62 Mbit/s
Mon Nov 12 02:45:01 CET 2018
Ping: 25.063 ms
Download: 124.15 Mbit/s
Upload: 5.58 Mbit/s
Mon Nov 12 03:45:01 CET 2018
Ping: 25.177 ms
Download: 118.08 Mbit/s
Upload: 5.58 Mbit/s
Mon Nov 12 04:45:01 CET 2018
Ping: 26.647 ms
Download: 123.85 Mbit/s
Upload: 5.58 Mbit/s
Mon Nov 12 05:45:01 CET 2018
Ping: 25.307 ms
Download: 118.04 Mbit/s
Upload: 5.62 Mbit/s
Mon Nov 12 06:45:02 CET 2018
Ping: 26.126 ms
Download: 126.38 Mbit/s
Upload: 5.59 Mbit/s
Mon Nov 12 07:45:01 CET 2018
Ping: 25.665 ms
Download: 122.82 Mbit/s
Upload: 5.61 Mbit/s
Mon Nov 12 08:45:01 CET 2018
Ping: 26.145 ms
Download: 124.31 Mbit/s
Upload: 5.61 Mbit/s
Mon Nov 12 09:45:01 CET 2018
Ping: 25.866 ms
Download: 121.77 Mbit/s
Upload: 5.64 Mbit/s
Mon Nov 12 10:45:02 CET 2018
Ping: 25.498 ms
Download: 122.17 Mbit/s
Upload: 5.38 Mbit/s
Mon Nov 12 11:45:01 CET 2018
Ping: 25.412 ms
Download: 125.52 Mbit/s
Upload: 5.66 Mbit/s
Mon Nov 12 12:45:01 CET 2018
Ping: 25.548 ms
Download: 122.36 Mbit/s
Upload: 4.97 Mbit/s
Mon Nov 12 13:45:01 CET 2018
Ping: 26.384 ms
Download: 117.45 Mbit/s
Upload: 5.59 Mbit/s
Mon Nov 12 14:45:01 CET 2018
Ping: 25.862 ms
Download: 111.30 Mbit/s
Upload: 5.52 Mbit/s
Mon Nov 12 15:45:01 CET 2018
Ping: 26.81 ms
Download: 119.81 Mbit/s
Upload: 5.57 Mbit/s
Mon Nov 12 16:45:01 CET 2018
Ping: 25.919 ms
Download: 111.73 Mbit/s
Upload: 5.52 Mbit/s
Mon Nov 12 17:45:01 CET 2018
Ping: 27.147 ms
Download: 116.20 Mbit/s
Upload: 5.62 Mbit/s
Mon Nov 12 18:45:01 CET 2018
Ping: 26.398 ms
Download: 122.58 Mbit/s
Upload: 5.53 Mbit/s
Mon Nov 12 19:45:01 CET 2018
Ping: 27.459 ms
Download: 121.95 Mbit/s
Upload: 5.64 Mbit/s
Mon Nov 12 20:45:01 CET 2018
Ping: 26.336 ms
Download: 126.44 Mbit/s
Upload: 5.62 Mbit/s
Mon Nov 12 21:45:01 CET 2018
Ping: 25.077 ms
Download: 122.31 Mbit/s
Upload: 5.59 Mbit/s
Mon Nov 12 22:45:01 CET 2018
Ping: 25.402 ms
Download: 124.31 Mbit/s
Upload: 5.63 Mbit/s
Mon Nov 12 23:45:01 CET 2018
Ping: 25.62 ms
Download: 126.91 Mbit/s
Upload: 5.64 Mbit/s
Tue Nov 13 00:45:01 CET 2018
Ping: 24.95 ms
Download: 127.64 Mbit/s
Upload: 5.65 Mbit/s
Tue Nov 13 01:45:01 CET 2018
Ping: 25.005 ms
Download: 123.28 Mbit/s
Upload: 5.63 Mbit/s
Tue Nov 13 02:45:01 CET 2018
Ping: 25.988 ms
Download: 126.65 Mbit/s
Upload: 5.60 Mbit/s
Tue Nov 13 03:45:01 CET 2018
Ping: 25.565 ms
Download: 122.68 Mbit/s
Upload: 5.64 Mbit/s
Tue Nov 13 04:45:01 CET 2018
Ping: 26.417 ms
Download: 123.56 Mbit/s
Upload: 5.63 Mbit/s
Tue Nov 13 05:45:01 CET 2018
Ping: 26.472 ms
Download: 116.46 Mbit/s
Upload: 5.61 Mbit/s
Tue Nov 13 06:45:01 CET 2018
Ping: 24.594 ms
Download: 121.67 Mbit/s
Upload: 5.44 Mbit/s
Tue Nov 13 07:45:01 CET 2018
Ping: 25.572 ms
Download: 123.24 Mbit/s
Upload: 5.50 Mbit/s
Tue Nov 13 08:45:01 CET 2018
Ping: 26.041 ms
Download: 126.33 Mbit/s
Upload: 5.58 Mbit/s
Tue Nov 13 09:45:01 CET 2018
Ping: 26.628 ms
Download: 121.01 Mbit/s
Upload: 5.53 Mbit/s
Tue Nov 13 10:45:01 CET 2018
Ping: 25.33 ms
Download: 124.57 Mbit/s
Upload: 5.61 Mbit/s
Tue Nov 13 11:45:02 CET 2018
Ping: 25.265 ms
Download: 126.64 Mbit/s
Upload: 5.60 Mbit/s
Tue Nov 13 12:45:01 CET 2018
Ping: 26.562 ms
Download: 112.02 Mbit/s
Upload: 5.57 Mbit/s
Tue Nov 13 13:45:01 CET 2018
Ping: 25.549 ms
Download: 106.94 Mbit/s
Upload: 5.42 Mbit/s
Tue Nov 13 14:45:01 CET 2018
Ping: 25.186 ms
Download: 118.29 Mbit/s
Upload: 5.57 Mbit/s
Tue Nov 13 15:45:01 CET 2018
Ping: 24.821 ms
Download: 123.20 Mbit/s
Upload: 5.64 Mbit/s
Tue Nov 13 16:45:02 CET 2018
Ping: 25.765 ms
Download: 125.11 Mbit/s
Upload: 5.53 Mbit/s
Tue Nov 13 17:45:01 CET 2018
Ping: 28.14 ms
Download: 111.94 Mbit/s
Upload: 5.59 Mbit/s
Tue Nov 13 18:45:01 CET 2018
Ping: 25.4 ms
Download: 118.06 Mbit/s
Upload: 5.53 Mbit/s
Tue Nov 13 19:45:01 CET 2018
Ping: 25.811 ms
Download: 105.76 Mbit/s
Upload: 5.59 Mbit/s
Tue Nov 13 20:45:01 CET 2018
Ping: 26.425 ms
Download: 114.81 Mbit/s
Upload: 5.66 Mbit/s
Tue Nov 13 21:45:01 CET 2018
Ping: 28.563 ms
Download: 123.27 Mbit/s
Upload: 5.32 Mbit/s
Tue Nov 13 22:45:01 CET 2018
Ping: 25.983 ms
Download: 124.08 Mbit/s
Upload: 5.60 Mbit/s
Tue Nov 13 23:45:01 CET 2018
Ping: 26.401 ms
Download: 126.07 Mbit/s
Upload: 5.62 Mbit/s
Wed Nov 14 00:45:01 CET 2018
Ping: 26.311 ms
Download: 113.91 Mbit/s
Upload: 5.58 Mbit/s
Wed Nov 14 01:45:01 CET 2018
Ping: 26.039 ms
Download: 92.50 Mbit/s
Upload: 5.60 Mbit/s
Wed Nov 14 02:45:02 CET 2018
Ping: 25.287 ms
Download: 114.61 Mbit/s
Upload: 5.47 Mbit/s
Wed Nov 14 03:45:01 CET 2018
Ping: 25.085 ms
Download: 121.06 Mbit/s
Upload: 5.59 Mbit/s
Wed Nov 14 04:45:01 CET 2018
Ping: 25.767 ms
Download: 120.43 Mbit/s
Upload: 5.63 Mbit/s
Wed Nov 14 05:45:01 CET 2018
Ping: 25.395 ms
Download: 125.22 Mbit/s
Upload: 5.62 Mbit/s
Wed Nov 14 06:45:01 CET 2018
Ping: 25.534 ms
Download: 123.12 Mbit/s
Upload: 5.44 Mbit/s
Wed Nov 14 07:45:01 CET 2018
Ping: 26.4 ms
Download: 111.46 Mbit/s
Upload: 5.59 Mbit/s
Wed Nov 14 08:45:01 CET 2018
Ping: 26.394 ms
Download: 117.98 Mbit/s
Upload: 5.63 Mbit/s
Wed Nov 14 09:45:01 CET 2018
Ping: 25.761 ms
Download: 120.82 Mbit/s
Upload: 5.42 Mbit/s
Wed Nov 14 10:45:01 CET 2018
Ping: 26.299 ms
Download: 124.14 Mbit/s
Upload: 5.63 Mbit/s
Wed Nov 14 11:45:01 CET 2018
Ping: 26.097 ms
Download: 110.92 Mbit/s
Upload: 5.52 Mbit/s
Wed Nov 14 12:45:01 CET 2018
Ping: 26.388 ms
Download: 110.90 Mbit/s
Upload: 5.54 Mbit/s
Wed Nov 14 13:45:01 CET 2018
Ping: 25.099 ms
Download: 120.18 Mbit/s
Upload: 5.61 Mbit/s
Wed Nov 14 14:45:01 CET 2018
Ping: 24.327 ms
Download: 126.59 Mbit/s
Upload: 5.40 Mbit/s
Wed Nov 14 15:45:01 CET 2018
Ping: 26.254 ms
Download: 111.48 Mbit/s
Upload: 5.61 Mbit/s
Wed Nov 14 16:45:01 CET 2018
Ping: 25.63 ms
Download: 122.80 Mbit/s
Upload: 5.52 Mbit/s
Wed Nov 14 17:45:01 CET 2018
Ping: 26.622 ms
Download: 125.80 Mbit/s
Upload: 5.56 Mbit/s
Wed Nov 14 18:45:01 CET 2018
Ping: 27.354 ms
Download: 124.94 Mbit/s
Upload: 5.57 Mbit/s
Wed Nov 14 19:45:01 CET 2018
Ping: 26.184 ms
Download: 99.45 Mbit/s
Upload: 5.53 Mbit/s
Wed Nov 14 20:45:01 CET 2018
Ping: 25.708 ms
Download: 126.01 Mbit/s
Upload: 5.64 Mbit/s
Wed Nov 14 21:45:01 CET 2018
Ping: 27.055 ms
Download: 120.77 Mbit/s
Upload: 5.54 Mbit/s
Wed Nov 14 22:45:01 CET 2018
Ping: 26.545 ms
Download: 94.26 Mbit/s
Upload: 5.61 Mbit/s
Wed Nov 14 23:45:01 CET 2018
Ping: 25.566 ms
Download: 120.66 Mbit/s
Upload: 5.63 Mbit/s
Thu Nov 15 00:45:01 CET 2018
Ping: 25.234 ms
Download: 127.22 Mbit/s
Upload: 5.58 Mbit/s
Thu Nov 15 01:45:01 CET 2018
Ping: 24.848 ms
Download: 119.24 Mbit/s
Upload: 5.60 Mbit/s
Thu Nov 15 02:45:01 CET 2018
Ping: 27.013 ms
Download: 125.50 Mbit/s
Upload: 5.60 Mbit/s
Thu Nov 15 03:45:01 CET 2018
Ping: 28.15 ms
Download: 87.21 Mbit/s
Upload: 5.43 Mbit/s
Thu Nov 15 04:45:01 CET 2018
Ping: 27.702 ms
Download: 127.13 Mbit/s
Upload: 5.63 Mbit/s
Thu Nov 15 05:45:01 CET 2018
Ping: 23.866 ms
Download: 126.77 Mbit/s
Upload: 5.61 Mbit/s
Thu Nov 15 06:45:01 CET 2018
Ping: 26.038 ms
Download: 94.80 Mbit/s
Upload: 5.35 Mbit/s
Thu Nov 15 07:45:02 CET 2018
Ping: 25.62 ms
Download: 123.57 Mbit/s
Upload: 5.53 Mbit/s
Thu Nov 15 08:45:01 CET 2018
Ping: 25.787 ms
Download: 125.13 Mbit/s
Upload: 5.48 Mbit/s
Thu Nov 15 09:45:01 CET 2018
Ping: 26.074 ms
Download: 124.48 Mbit/s
Upload: 5.57 Mbit/s
Thu Nov 15 10:45:02 CET 2018
Ping: 25.771 ms
Download: 121.08 Mbit/s
Upload: 5.53 Mbit/s
Thu Nov 15 11:45:01 CET 2018
Ping: 24.838 ms
Download: 120.22 Mbit/s
Upload: 5.57 Mbit/s
Thu Nov 15 12:45:01 CET 2018
Ping: 26.345 ms
Download: 114.86 Mbit/s
Upload: 5.64 Mbit/s
Thu Nov 15 13:45:01 CET 2018
Ping: 25.037 ms
Download: 113.03 Mbit/s
Upload: 5.52 Mbit/s
Thu Nov 15 14:45:01 CET 2018
Ping: 27.383 ms
Download: 125.78 Mbit/s
Upload: 5.63 Mbit/s
Thu Nov 15 15:45:01 CET 2018
Ping: 25.296 ms
Download: 121.89 Mbit/s
Upload: 5.53 Mbit/s
Thu Nov 15 16:45:01 CET 2018
Ping: 24.583 ms
Download: 122.99 Mbit/s
Upload: 5.58 Mbit/s
Thu Nov 15 17:45:01 CET 2018
Ping: 25.318 ms
Download: 101.59 Mbit/s
Upload: 5.55 Mbit/s
Thu Nov 15 18:45:01 CET 2018
Ping: 26.069 ms
Download: 121.20 Mbit/s
Upload: 5.53 Mbit/s
Thu Nov 15 19:45:01 CET 2018
Ping: 24.972 ms
Download: 113.34 Mbit/s
Upload: 5.41 Mbit/s
Thu Nov 15 20:45:01 CET 2018
Ping: 25.677 ms
Download: 111.91 Mbit/s
Upload: 5.44 Mbit/s
Thu Nov 15 21:45:01 CET 2018
Ping: 27.217 ms
Download: 114.40 Mbit/s
Upload: 5.52 Mbit/s
Thu Nov 15 22:45:01 CET 2018
Ping: 25.143 ms
Download: 120.08 Mbit/s
Upload: 5.61 Mbit/s
Thu Nov 15 23:45:01 CET 2018
Ping: 25.355 ms
Download: 126.73 Mbit/s
Upload: 5.59 Mbit/s
Fri Nov 16 00:45:01 CET 2018
Ping: 26.566 ms
Download: 108.57 Mbit/s
Upload: 5.51 Mbit/s
Fri Nov 16 01:45:01 CET 2018
Ping: 25.859 ms
Download: 39.10 Mbit/s
Upload: 5.57 Mbit/s
Fri Nov 16 02:45:02 CET 2018
Ping: 24.393 ms
Download: 120.61 Mbit/s
Upload: 5.61 Mbit/s
Fri Nov 16 03:45:01 CET 2018
Ping: 24.366 ms
Download: 111.45 Mbit/s
Upload: 5.59 Mbit/s
Fri Nov 16 04:45:01 CET 2018
Ping: 25.786 ms
Download: 120.24 Mbit/s
Upload: 5.56 Mbit/s
Fri Nov 16 05:45:01 CET 2018
Ping: 25.402 ms
Download: 125.65 Mbit/s
Upload: 5.56 Mbit/s
Fri Nov 16 06:45:01 CET 2018
Ping: 26.147 ms
Download: 125.57 Mbit/s
Upload: 5.61 Mbit/s
Fri Nov 16 07:45:01 CET 2018
Ping: 27.697 ms
Download: 126.27 Mbit/s
Upload: 5.45 Mbit/s
Fri Nov 16 08:45:01 CET 2018
Ping: 25.553 ms
Download: 127.48 Mbit/s
Upload: 5.63 Mbit/s
Fri Nov 16 09:45:01 CET 2018
Ping: 24.977 ms
Download: 126.97 Mbit/s
Upload: 5.62 Mbit/s
Fri Nov 16 10:45:01 CET 2018
Ping: 25.139 ms
Download: 117.29 Mbit/s
Upload: 5.54 Mbit/s
Fri Nov 16 11:45:01 CET 2018
Ping: 27.298 ms
Download: 117.16 Mbit/s
Upload: 5.63 Mbit/s
Fri Nov 16 12:45:01 CET 2018
Ping: 25.083 ms
Download: 123.36 Mbit/s
Upload: 5.54 Mbit/s
Fri Nov 16 13:45:01 CET 2018
Ping: 26.084 ms
Download: 109.80 Mbit/s
Upload: 5.44 Mbit/s
Fri Nov 16 14:45:01 CET 2018
Ping: 25.0 ms
Download: 125.15 Mbit/s
Upload: 5.59 Mbit/s
Fri Nov 16 15:45:01 CET 2018
Ping: 25.026 ms
Download: 108.15 Mbit/s
Upload: 5.40 Mbit/s
Fri Nov 16 16:45:01 CET 2018
Ping: 27.343 ms
Download: 110.19 Mbit/s
Upload: 5.52 Mbit/s
Fri Nov 16 17:45:01 CET 2018
Ping: 25.823 ms
Download: 125.35 Mbit/s
Upload: 5.53 Mbit/s
Fri Nov 16 18:45:01 CET 2018
Ping: 26.387 ms
Download: 116.55 Mbit/s
Upload: 5.54 Mbit/s
Fri Nov 16 19:45:01 CET 2018
Ping: 25.871 ms
Download: 113.35 Mbit/s
Upload: 5.53 Mbit/s
Fri Nov 16 20:45:01 CET 2018
Ping: 26.077 ms
Download: 114.83 Mbit/s
Upload: 5.33 Mbit/s
Fri Nov 16 21:45:01 CET 2018
Ping: 26.79 ms
Download: 120.41 Mbit/s
Upload: 5.55 Mbit/s
Fri Nov 16 22:45:01 CET 2018
Ping: 27.465 ms
Download: 112.57 Mbit/s
Upload: 5.52 Mbit/s
Fri Nov 16 23:45:01 CET 2018
Ping: 26.437 ms
Download: 121.15 Mbit/s
Upload: 5.44 Mbit/s
Sat Nov 17 00:45:01 CET 2018
Ping: 27.127 ms
Download: 113.58 Mbit/s
Upload: 5.60 Mbit/s
Sat Nov 17 01:45:01 CET 2018
Ping: 26.502 ms
Download: 117.18 Mbit/s
Upload: 5.59 Mbit/s
Sat Nov 17 02:45:01 CET 2018
Ping: 26.089 ms
Download: 124.37 Mbit/s
Upload: 5.65 Mbit/s
Sat Nov 17 03:45:01 CET 2018
Ping: 26.373 ms
Download: 115.51 Mbit/s
Upload: 5.51 Mbit/s
Sat Nov 17 04:45:01 CET 2018
Ping: 27.743 ms
Download: 121.94 Mbit/s
Upload: 5.61 Mbit/s
Sat Nov 17 05:45:01 CET 2018
Ping: 24.592 ms
Download: 120.84 Mbit/s
Upload: 5.59 Mbit/s
Sat Nov 17 06:45:01 CET 2018
Ping: 27.045 ms
Download: 123.47 Mbit/s
Upload: 5.58 Mbit/s
Sat Nov 17 07:45:01 CET 2018
Ping: 27.496 ms
Download: 104.72 Mbit/s
Upload: 5.51 Mbit/s
Sat Nov 17 08:45:01 CET 2018
Ping: 26.79 ms
Download: 118.04 Mbit/s
Upload: 5.45 Mbit/s
Sat Nov 17 09:45:01 CET 2018
Ping: 26.62 ms
Download: 125.60 Mbit/s
Upload: 5.55 Mbit/s
Sat Nov 17 10:45:01 CET 2018
Ping: 25.087 ms
Download: 125.59 Mbit/s
Upload: 5.51 Mbit/s
Sat Nov 17 11:45:01 CET 2018
Ping: 26.978 ms
Download: 121.32 Mbit/s
Upload: 5.56 Mbit/s
Sat Nov 17 12:45:01 CET 2018
Ping: 25.285 ms
Download: 112.49 Mbit/s
Upload: 5.48 Mbit/s
Sat Nov 17 13:45:01 CET 2018
Ping: 27.733 ms
Download: 110.09 Mbit/s
Upload: 5.58 Mbit/s
Sat Nov 17 14:45:01 CET 2018
Ping: 25.241 ms
Download: 104.03 Mbit/s
Upload: 5.57 Mbit/s
Sat Nov 17 15:45:02 CET 2018
Ping: 26.582 ms
Download: 116.62 Mbit/s
Upload: 5.56 Mbit/s
Sat Nov 17 16:45:01 CET 2018
Ping: 27.165 ms
Download: 125.49 Mbit/s
Upload: 5.56 Mbit/s
Sat Nov 17 17:45:01 CET 2018
Ping: 24.769 ms
Download: 114.18 Mbit/s
Upload: 5.57 Mbit/s
Sat Nov 17 18:45:01 CET 2018
Ping: 27.174 ms
Download: 114.07 Mbit/s
Upload: 5.49 Mbit/s
Sat Nov 17 19:45:01 CET 2018
Ping: 25.937 ms
Download: 120.16 Mbit/s
Upload: 4.98 Mbit/s
Sat Nov 17 20:45:01 CET 2018
Ping: 28.044 ms
Download: 125.67 Mbit/s
Upload: 5.45 Mbit/s
Sat Nov 17 21:45:01 CET 2018
Ping: 26.17 ms
Download: 109.50 Mbit/s
Upload: 5.59 Mbit/s
Sat Nov 17 22:45:02 CET 2018
Ping: 25.759 ms
Download: 117.64 Mbit/s
Upload: 5.36 Mbit/s
Sat Nov 17 23:45:01 CET 2018
Ping: 24.632 ms
Download: 124.01 Mbit/s
Upload: 5.39 Mbit/s
Sun Nov 18 00:45:01 CET 2018
Ping: 26.078 ms
Download: 105.56 Mbit/s
Upload: 5.54 Mbit/s
Sun Nov 18 01:45:01 CET 2018
Ping: 27.183 ms
Download: 122.57 Mbit/s
Upload: 5.54 Mbit/s
Sun Nov 18 02:45:01 CET 2018
Ping: 26.36 ms
Download: 126.20 Mbit/s
Upload: 5.64 Mbit/s
Sun Nov 18 03:45:01 CET 2018
Ping: 25.99 ms
Download: 117.55 Mbit/s
Upload: 5.58 Mbit/s
Sun Nov 18 04:45:01 CET 2018
Ping: 25.888 ms
Download: 125.14 Mbit/s
Upload: 5.60 Mbit/s
Sun Nov 18 05:45:01 CET 2018
Ping: 25.546 ms
Download: 127.04 Mbit/s
Upload: 5.61 Mbit/s
Sun Nov 18 06:45:01 CET 2018
Ping: 27.449 ms
Download: 122.32 Mbit/s
Upload: 5.53 Mbit/s
Sun Nov 18 07:45:01 CET 2018
Ping: 26.657 ms
Download: 126.34 Mbit/s
Upload: 5.64 Mbit/s
Sun Nov 18 08:45:01 CET 2018
Ping: 25.373 ms
Download: 118.05 Mbit/s
Upload: 5.26 Mbit/s
Sun Nov 18 09:45:02 CET 2018
Ping: 26.303 ms
Download: 120.67 Mbit/s
Upload: 5.55 Mbit/s
Sun Nov 18 10:45:01 CET 2018
Ping: 27.884 ms
Download: 117.99 Mbit/s
Upload: 5.41 Mbit/s
Sun Nov 18 11:45:01 CET 2018
Ping: 30.828 ms
Download: 118.79 Mbit/s
Upload: 5.46 Mbit/s
Sun Nov 18 12:45:01 CET 2018
Ping: 26.322 ms
Download: 123.24 Mbit/s
Upload: 5.46 Mbit/s
Sun Nov 18 13:45:01 CET 2018
Ping: 26.534 ms
Download: 115.22 Mbit/s
Upload: 5.60 Mbit/s
Sun Nov 18 14:45:01 CET 2018
Ping: 26.554 ms
Download: 115.61 Mbit/s
Upload: 5.52 Mbit/s
Sun Nov 18 15:45:01 CET 2018
Ping: 26.952 ms
Download: 125.12 Mbit/s
Upload: 5.54 Mbit/s
Sun Nov 18 16:45:01 CET 2018
Ping: 26.729 ms
Download: 123.74 Mbit/s
Upload: 5.59 Mbit/s
Sun Nov 18 17:45:01 CET 2018
Ping: 26.532 ms
Download: 110.97 Mbit/s
Upload: 5.14 Mbit/s
Sun Nov 18 18:45:01 CET 2018
Ping: 26.39 ms
Download: 125.93 Mbit/s
Upload: 5.63 Mbit/s
Sun Nov 18 19:45:01 CET 2018
Ping: 27.761 ms
Download: 123.04 Mbit/s
Upload: 5.51 Mbit/s
Sun Nov 18 20:45:01 CET 2018
Ping: 28.741 ms
Download: 122.57 Mbit/s
Upload: 5.41 Mbit/s
Sun Nov 18 21:45:01 CET 2018
Ping: 27.764 ms
Download: 121.42 Mbit/s
Upload: 5.47 Mbit/s
Sun Nov 18 22:45:01 CET 2018
Ping: 27.921 ms
Download: 124.95 Mbit/s
Upload: 5.39 Mbit/s
Sun Nov 18 23:45:01 CET 2018
Ping: 25.962 ms
Download: 121.86 Mbit/s
Upload: 5.59 Mbit/s
Mon Nov 19 00:45:01 CET 2018
Ping: 27.582 ms
Download: 120.59 Mbit/s
Upload: 5.66 Mbit/s
Mon Nov 19 01:45:01 CET 2018
Ping: 26.8 ms
Download: 120.59 Mbit/s
Upload: 5.55 Mbit/s
Mon Nov 19 02:45:01 CET 2018
Ping: 28.004 ms
Download: 126.14 Mbit/s
Upload: 5.58 Mbit/s
Mon Nov 19 03:45:01 CET 2018
Ping: 26.999 ms
Download: 126.31 Mbit/s
Upload: 5.58 Mbit/s
Mon Nov 19 04:45:01 CET 2018
Ping: 26.374 ms
Download: 119.14 Mbit/s
Upload: 5.57 Mbit/s
Mon Nov 19 05:45:01 CET 2018
Ping: 26.914 ms
Download: 111.96 Mbit/s
Upload: 5.52 Mbit/s
Mon Nov 19 06:45:01 CET 2018
Ping: 25.859 ms
Download: 108.78 Mbit/s
Upload: 5.36 Mbit/s
Mon Nov 19 07:45:01 CET 2018
Ping: 25.73 ms
Download: 119.15 Mbit/s
Upload: 5.54 Mbit/s
Mon Nov 19 08:45:01 CET 2018
Ping: 26.351 ms
Download: 120.76 Mbit/s
Upload: 5.57 Mbit/s
Mon Nov 19 09:45:01 CET 2018
Ping: 26.387 ms
Download: 116.00 Mbit/s
Upload: 5.63 Mbit/s
Mon Nov 19 10:45:01 CET 2018
Ping: 25.61 ms
Download: 121.67 Mbit/s
Upload: 5.62 Mbit/s
Mon Nov 19 11:45:01 CET 2018
Ping: 25.115 ms
Download: 125.09 Mbit/s
Upload: 5.60 Mbit/s
Mon Nov 19 12:45:01 CET 2018
Ping: 26.465 ms
Download: 126.50 Mbit/s
Upload: 5.60 Mbit/s
Mon Nov 19 13:45:01 CET 2018
Ping: 27.622 ms
Download: 127.16 Mbit/s
Upload: 5.57 Mbit/s
Mon Nov 19 14:45:01 CET 2018
Ping: 25.245 ms
Download: 116.81 Mbit/s
Upload: 5.61 Mbit/s
Mon Nov 19 15:45:01 CET 2018
Ping: 26.384 ms
Download: 118.32 Mbit/s
Upload: 5.67 Mbit/s
Mon Nov 19 16:45:01 CET 2018
Ping: 26.973 ms
Download: 107.19 Mbit/s
Upload: 5.30 Mbit/s
Mon Nov 19 17:45:01 CET 2018
Ping: 27.971 ms
Download: 122.40 Mbit/s
Upload: 5.47 Mbit/s
Mon Nov 19 18:45:01 CET 2018
Ping: 26.447 ms
Download: 116.41 Mbit/s
Upload: 5.37 Mbit/s
Mon Nov 19 19:45:01 CET 2018
Ping: 26.915 ms
Download: 113.48 Mbit/s
Upload: 5.38 Mbit/s
Mon Nov 19 20:45:01 CET 2018
Ping: 26.282 ms
Download: 119.16 Mbit/s
Upload: 5.54 Mbit/s
Mon Nov 19 21:45:02 CET 2018
Ping: 25.881 ms
Download: 113.76 Mbit/s
Upload: 5.57 Mbit/s
Mon Nov 19 22:45:01 CET 2018
Ping: 26.384 ms
Download: 125.28 Mbit/s
Upload: 5.57 Mbit/s
Mon Nov 19 23:45:01 CET 2018
Ping: 27.176 ms
Download: 120.49 Mbit/s
Upload: 5.63 Mbit/s
Tue Nov 20 00:45:01 CET 2018
Ping: 28.363 ms
Download: 121.81 Mbit/s
Upload: 5.61 Mbit/s
Tue Nov 20 01:45:01 CET 2018
Ping: 27.265 ms
Download: 125.62 Mbit/s
Upload: 5.62 Mbit/s
Tue Nov 20 02:45:01 CET 2018
Ping: 26.342 ms
Download: 124.96 Mbit/s
Upload: 5.55 Mbit/s
Tue Nov 20 03:45:01 CET 2018
Ping: 27.611 ms
Download: 124.63 Mbit/s
Upload: 5.63 Mbit/s
Tue Nov 20 04:45:01 CET 2018
Ping: 25.023 ms
Download: 122.10 Mbit/s
Upload: 5.63 Mbit/s
Tue Nov 20 05:45:01 CET 2018
Ping: 25.33 ms
Download: 121.57 Mbit/s
Upload: 5.51 Mbit/s
Tue Nov 20 06:45:01 CET 2018
Ping: 26.89 ms
Download: 125.89 Mbit/s
Upload: 5.63 Mbit/s
Tue Nov 20 07:45:01 CET 2018
Ping: 25.645 ms
Download: 115.02 Mbit/s
Upload: 5.59 Mbit/s
Tue Nov 20 08:45:01 CET 2018
Ping: 25.298 ms
Download: 122.90 Mbit/s
Upload: 5.61 Mbit/s
Tue Nov 20 09:45:01 CET 2018
Ping: 28.319 ms
Download: 121.09 Mbit/s
Upload: 5.49 Mbit/s
Tue Nov 20 10:45:01 CET 2018
Ping: 26.357 ms
Download: 90.92 Mbit/s
Upload: 5.57 Mbit/s
Tue Nov 20 11:45:01 CET 2018
Ping: 27.114 ms
Download: 122.28 Mbit/s
Upload: 5.37 Mbit/s
Tue Nov 20 12:45:01 CET 2018
Ping: 24.895 ms
Download: 115.62 Mbit/s
Upload: 5.62 Mbit/s
Tue Nov 20 13:45:01 CET 2018
Ping: 29.503 ms
Download: 37.88 Mbit/s
Upload: 5.44 Mbit/s
Tue Nov 20 14:45:01 CET 2018
Ping: 27.998 ms
Download: 126.15 Mbit/s
Upload: 5.58 Mbit/s
Tue Nov 20 15:45:01 CET 2018
Ping: 29.149 ms
Download: 118.70 Mbit/s
Upload: 5.40 Mbit/s
Tue Nov 20 16:45:01 CET 2018
Ping: 26.854 ms
Download: 123.02 Mbit/s
Upload: 5.53 Mbit/s
Tue Nov 20 17:45:02 CET 2018
Ping: 26.054 ms
Download: 110.36 Mbit/s
Upload: 5.32 Mbit/s
Tue Nov 20 18:45:01 CET 2018
Ping: 25.507 ms
Download: 125.32 Mbit/s
Upload: 5.53 Mbit/s
Tue Nov 20 19:45:02 CET 2018
Ping: 26.386 ms
Download: 113.34 Mbit/s
Upload: 5.34 Mbit/s
Tue Nov 20 20:45:01 CET 2018
Ping: 26.648 ms
Download: 111.66 Mbit/s
Upload: 5.57 Mbit/s
Tue Nov 20 21:45:01 CET 2018
Ping: 24.441 ms
Download: 122.39 Mbit/s
Upload: 5.50 Mbit/s
Tue Nov 20 22:45:02 CET 2018
Ping: 27.042 ms
Download: 126.05 Mbit/s
Upload: 5.60 Mbit/s
Tue Nov 20 23:45:01 CET 2018
Ping: 25.531 ms
Download: 116.44 Mbit/s
Upload: 5.64 Mbit/s
Wed Nov 21 00:45:01 CET 2018
Ping: 25.61 ms
Download: 125.85 Mbit/s
Upload: 5.56 Mbit/s
Wed Nov 21 01:45:02 CET 2018
Ping: 26.658 ms
Download: 124.51 Mbit/s
Upload: 5.56 Mbit/s
Wed Nov 21 02:45:01 CET 2018
Ping: 25.139 ms
Download: 127.27 Mbit/s
Upload: 5.50 Mbit/s
Wed Nov 21 03:45:01 CET 2018
Ping: 25.997 ms
Download: 127.62 Mbit/s
Upload: 5.62 Mbit/s
Wed Nov 21 04:45:01 CET 2018
Ping: 26.524 ms
Download: 125.62 Mbit/s
Upload: 5.64 Mbit/s
Wed Nov 21 05:45:01 CET 2018
Ping: 24.369 ms
Download: 126.89 Mbit/s
Upload: 5.60 Mbit/s
Wed Nov 21 06:45:01 CET 2018
Ping: 26.017 ms
Download: 123.44 Mbit/s
Upload: 5.61 Mbit/s
Wed Nov 21 07:45:01 CET 2018
Ping: 26.164 ms
Download: 122.52 Mbit/s
Upload: 5.56 Mbit/s
Wed Nov 21 08:45:01 CET 2018
Ping: 25.662 ms
Download: 124.36 Mbit/s
Upload: 5.56 Mbit/s
Wed Nov 21 09:45:01 CET 2018
Ping: 26.372 ms
Download: 124.11 Mbit/s
Upload: 5.60 Mbit/s
Wed Nov 21 10:45:01 CET 2018
Ping: 26.284 ms
Download: 127.18 Mbit/s
Upload: 5.55 Mbit/s
Wed Nov 21 11:45:01 CET 2018
Ping: 25.589 ms
Download: 124.13 Mbit/s
Upload: 5.54 Mbit/s
Wed Nov 21 12:45:01 CET 2018
Ping: 25.721 ms
Download: 108.42 Mbit/s
Upload: 5.51 Mbit/s
Wed Nov 21 13:45:01 CET 2018
Ping: 25.654 ms
Download: 88.46 Mbit/s
Upload: 5.52 Mbit/s
Wed Nov 21 14:45:01 CET 2018
Ping: 26.618 ms
Download: 121.15 Mbit/s
Upload: 5.48 Mbit/s
Wed Nov 21 15:45:01 CET 2018
Ping: 27.035 ms
Download: 122.28 Mbit/s
Upload: 5.52 Mbit/s
Wed Nov 21 16:45:01 CET 2018
Ping: 24.746 ms
Download: 118.73 Mbit/s
Upload: 5.54 Mbit/s
Wed Nov 21 17:45:01 CET 2018
Ping: 26.002 ms
Download: 123.31 Mbit/s
Upload: 5.47 Mbit/s
Wed Nov 21 18:45:01 CET 2018
Ping: 26.354 ms
Download: 118.84 Mbit/s
Upload: 5.58 Mbit/s
Wed Nov 21 19:45:01 CET 2018
Ping: 25.937 ms
Download: 92.05 Mbit/s
Upload: 5.52 Mbit/s
Wed Nov 21 20:45:01 CET 2018
Ping: 27.717 ms
Download: 126.23 Mbit/s
Upload: 5.49 Mbit/s
Wed Nov 21 21:45:01 CET 2018
Ping: 26.466 ms
Download: 126.51 Mbit/s
Upload: 5.59 Mbit/s
Wed Nov 21 22:45:01 CET 2018
Ping: 26.374 ms
Download: 120.17 Mbit/s
Upload: 5.55 Mbit/s
Wed Nov 21 23:45:01 CET 2018
Ping: 28.238 ms
Download: 120.87 Mbit/s
Upload: 5.54 Mbit/s
Thu Nov 22 00:45:01 CET 2018
Ping: 23.543 ms
Download: 125.25 Mbit/s
Upload: 5.58 Mbit/s
Thu Nov 22 01:45:01 CET 2018
Ping: 27.552 ms
Download: 116.07 Mbit/s
Upload: 5.60 Mbit/s
Thu Nov 22 02:45:01 CET 2018
Ping: 25.54 ms
Download: 125.61 Mbit/s
Upload: 5.64 Mbit/s
Thu Nov 22 03:45:01 CET 2018
Ping: 25.769 ms
Download: 120.30 Mbit/s
Upload: 5.63 Mbit/s
Thu Nov 22 04:45:01 CET 2018
Ping: 26.401 ms
Download: 116.04 Mbit/s
Upload: 5.53 Mbit/s
Thu Nov 22 05:45:01 CET 2018
Ping: 25.944 ms
Download: 127.42 Mbit/s
Upload: 5.58 Mbit/s
Thu Nov 22 06:45:01 CET 2018
Ping: 24.826 ms
Download: 127.03 Mbit/s
Upload: 5.53 Mbit/s
Thu Nov 22 07:45:01 CET 2018
Ping: 25.426 ms
Download: 113.20 Mbit/s
Upload: 5.39 Mbit/s
Thu Nov 22 08:45:02 CET 2018
Ping: 25.476 ms
Download: 118.04 Mbit/s
Upload: 5.50 Mbit/s
Thu Nov 22 09:45:01 CET 2018
Ping: 24.959 ms
Download: 126.47 Mbit/s
Upload: 5.65 Mbit/s
Thu Nov 22 10:45:01 CET 2018
Ping: 24.361 ms
Download: 121.41 Mbit/s
Upload: 5.61 Mbit/s
Thu Nov 22 11:45:01 CET 2018
Ping: 26.066 ms
Download: 126.61 Mbit/s
Upload: 5.57 Mbit/s
Thu Nov 22 12:45:01 CET 2018
Ping: 25.172 ms
Download: 120.17 Mbit/s
Upload: 5.53 Mbit/s
Thu Nov 22 13:45:01 CET 2018
Ping: 26.927 ms
Download: 109.96 Mbit/s
Upload: 5.49 Mbit/s
Thu Nov 22 14:45:01 CET 2018
Ping: 26.031 ms
Download: 103.43 Mbit/s
Upload: 5.59 Mbit/s
Thu Nov 22 15:45:01 CET 2018
Ping: 25.235 ms
Download: 119.20 Mbit/s
Upload: 5.49 Mbit/s
Thu Nov 22 16:45:01 CET 2018
Ping: 25.516 ms
Download: 126.36 Mbit/s
Upload: 5.59 Mbit/s
Thu Nov 22 17:45:01 CET 2018
Ping: 29.281 ms
Download: 123.64 Mbit/s
Upload: 5.61 Mbit/s
Thu Nov 22 18:45:01 CET 2018
Ping: 26.905 ms
Download: 125.58 Mbit/s
Upload: 5.49 Mbit/s
Thu Nov 22 19:45:01 CET 2018
Ping: 24.847 ms
Download: 120.11 Mbit/s
Upload: 5.31 Mbit/s
Thu Nov 22 20:45:01 CET 2018
Ping: 27.15 ms
Download: 120.02 Mbit/s
Upload: 5.57 Mbit/s
Thu Nov 22 21:45:01 CET 2018
Ping: 26.265 ms
Download: 124.48 Mbit/s
Upload: 5.51 Mbit/s
Thu Nov 22 22:45:02 CET 2018
Ping: 26.249 ms
Download: 120.06 Mbit/s
Upload: 5.60 Mbit/s
Thu Nov 22 23:45:01 CET 2018
Ping: 25.694 ms
Download: 125.10 Mbit/s
Upload: 5.60 Mbit/s
Fri Nov 23 00:45:01 CET 2018
Ping: 25.861 ms
Download: 119.64 Mbit/s
Upload: 5.52 Mbit/s
Fri Nov 23 01:45:01 CET 2018
Ping: 24.382 ms
Download: 122.08 Mbit/s
Upload: 5.58 Mbit/s
Fri Nov 23 02:45:01 CET 2018
Ping: 26.292 ms
Download: 126.68 Mbit/s
Upload: 5.64 Mbit/s
Fri Nov 23 03:45:01 CET 2018
Ping: 25.893 ms
Download: 112.14 Mbit/s
Upload: 5.64 Mbit/s
Fri Nov 23 04:45:01 CET 2018
Ping: 25.64 ms
Download: 126.88 Mbit/s
Upload: 5.61 Mbit/s
Fri Nov 23 05:45:01 CET 2018
Ping: 26.162 ms
Download: 125.02 Mbit/s
Upload: 5.64 Mbit/s
Fri Nov 23 06:45:01 CET 2018
Ping: 25.079 ms
Download: 125.47 Mbit/s
Upload: 5.60 Mbit/s
Fri Nov 23 07:45:01 CET 2018
Ping: 25.938 ms
Download: 125.21 Mbit/s
Upload: 5.61 Mbit/s
Fri Nov 23 08:45:01 CET 2018
Ping: 26.435 ms
Download: 123.72 Mbit/s
Upload: 5.51 Mbit/s
Fri Nov 23 09:45:01 CET 2018
Ping: 23.868 ms
Download: 118.00 Mbit/s
Upload: 5.60 Mbit/s
Fri Nov 23 10:45:01 CET 2018
Ping: 26.406 ms
Download: 111.29 Mbit/s
Upload: 5.59 Mbit/s
Fri Nov 23 11:45:01 CET 2018
Ping: 26.055 ms
Download: 126.75 Mbit/s
Upload: 5.58 Mbit/s
Fri Nov 23 12:45:01 CET 2018
Ping: 26.405 ms
Download: 115.56 Mbit/s
Upload: 5.58 Mbit/s
Fri Nov 23 13:45:01 CET 2018
Ping: 24.895 ms
Download: 121.40 Mbit/s
Upload: 5.64 Mbit/s
Fri Nov 23 14:45:01 CET 2018
Ping: 26.387 ms
Download: 123.86 Mbit/s
Upload: 5.51 Mbit/s
Fri Nov 23 15:45:02 CET 2018
Ping: 28.28 ms
Download: 119.48 Mbit/s
Upload: 5.61 Mbit/s
Fri Nov 23 16:45:01 CET 2018
Ping: 26.877 ms
Download: 120.91 Mbit/s
Upload: 5.53 Mbit/s
Fri Nov 23 17:45:01 CET 2018
Ping: 25.279 ms
Download: 123.41 Mbit/s
Upload: 5.48 Mbit/s
Fri Nov 23 18:45:01 CET 2018
Ping: 27.657 ms
Download: 104.83 Mbit/s
Upload: 5.54 Mbit/s
Fri Nov 23 19:45:01 CET 2018
Ping: 28.678 ms
Download: 99.73 Mbit/s
Upload: 5.51 Mbit/s
Fri Nov 23 20:45:01 CET 2018
Ping: 27.741 ms
Download: 124.29 Mbit/s
Upload: 5.62 Mbit/s
Fri Nov 23 21:45:01 CET 2018
Ping: 27.138 ms
Download: 122.67 Mbit/s
Upload: 5.30 Mbit/s
Fri Nov 23 22:45:01 CET 2018
Ping: 28.044 ms
Download: 121.94 Mbit/s
Upload: 5.47 Mbit/s
Fri Nov 23 23:45:01 CET 2018
Ping: 26.445 ms
Download: 121.88 Mbit/s
Upload: 5.63 Mbit/s
Sat Nov 24 00:45:01 CET 2018
Ping: 26.381 ms
Download: 119.48 Mbit/s
Upload: 5.63 Mbit/s
Sat Nov 24 01:45:01 CET 2018
Ping: 27.259 ms
Download: 125.12 Mbit/s
Upload: 5.53 Mbit/s
Sat Nov 24 02:45:01 CET 2018
Ping: 25.392 ms
Download: 121.08 Mbit/s
Upload: 5.63 Mbit/s
Sat Nov 24 03:45:01 CET 2018
Ping: 27.061 ms
Download: 119.54 Mbit/s
Upload: 5.62 Mbit/s
Sat Nov 24 04:45:02 CET 2018
Ping: 25.658 ms
Download: 113.92 Mbit/s
Upload: 5.55 Mbit/s
Sat Nov 24 05:45:01 CET 2018
Ping: 26.37 ms
Download: 121.32 Mbit/s
Upload: 5.62 Mbit/s
Sat Nov 24 06:45:01 CET 2018
Ping: 26.399 ms
Download: 126.60 Mbit/s
Upload: 5.57 Mbit/s
Sat Nov 24 07:45:01 CET 2018
Ping: 24.295 ms
Download: 124.24 Mbit/s
Upload: 5.39 Mbit/s
Sat Nov 24 08:45:01 CET 2018
Ping: 26.398 ms
Download: 123.93 Mbit/s
Upload: 5.62 Mbit/s
Sat Nov 24 09:45:01 CET 2018
Ping: 25.736 ms
Download: 125.63 Mbit/s
Upload: 5.56 Mbit/s
Sat Nov 24 10:45:02 CET 2018
Ping: 24.95 ms
Download: 119.83 Mbit/s
Upload: 5.59 Mbit/s
Sat Nov 24 11:45:02 CET 2018
Ping: 27.963 ms
Download: 122.33 Mbit/s
Upload: 5.60 Mbit/s
Sat Nov 24 12:45:01 CET 2018
Ping: 25.511 ms
Download: 123.83 Mbit/s
Upload: 5.56 Mbit/s
Sat Nov 24 13:45:01 CET 2018
Ping: 25.832 ms
Download: 121.34 Mbit/s
Upload: 5.43 Mbit/s
Sat Nov 24 14:45:02 CET 2018
Ping: 27.364 ms
Download: 127.02 Mbit/s
Upload: 5.52 Mbit/s
Sat Nov 24 15:45:01 CET 2018
Ping: 25.712 ms
Download: 126.81 Mbit/s
Upload: 5.58 Mbit/s
Sat Nov 24 16:45:01 CET 2018
Ping: 28.173 ms
Download: 115.46 Mbit/s
Upload: 5.54 Mbit/s
Sat Nov 24 17:45:01 CET 2018
Ping: 27.463 ms
Download: 126.13 Mbit/s
Upload: 5.62 Mbit/s
Sat Nov 24 18:45:01 CET 2018
Ping: 27.552 ms
Download: 126.48 Mbit/s
Upload: 5.53 Mbit/s
Sat Nov 24 19:45:01 CET 2018
Ping: 25.81 ms
Download: 114.30 Mbit/s
Upload: 5.38 Mbit/s
Sat Nov 24 20:45:01 CET 2018
Ping: 26.004 ms
Download: 123.00 Mbit/s
Upload: 5.52 Mbit/s
Sat Nov 24 21:45:01 CET 2018
Ping: 27.608 ms
Download: 113.54 Mbit/s
Upload: 5.61 Mbit/s
Sat Nov 24 22:45:01 CET 2018
Ping: 25.364 ms
Download: 120.16 Mbit/s
Upload: 5.61 Mbit/s
Sat Nov 24 23:45:01 CET 2018
Ping: 25.993 ms
Download: 126.27 Mbit/s
Upload: 5.58 Mbit/s
Sun Nov 25 00:45:01 CET 2018
Ping: 25.204 ms
Download: 122.37 Mbit/s
Upload: 5.63 Mbit/s
Sun Nov 25 01:45:01 CET 2018
Ping: 26.399 ms
Download: 124.13 Mbit/s
Upload: 5.62 Mbit/s
Sun Nov 25 02:45:01 CET 2018
Ping: 29.048 ms
Download: 125.37 Mbit/s
Upload: 5.60 Mbit/s
Sun Nov 25 03:45:01 CET 2018
Ping: 25.802 ms
Download: 124.02 Mbit/s
Upload: 4.60 Mbit/s
Sun Nov 25 04:45:01 CET 2018
Ping: 26.389 ms
Download: 116.82 Mbit/s
Upload: 5.64 Mbit/s
Sun Nov 25 05:45:01 CET 2018
Ping: 26.221 ms
Download: 118.92 Mbit/s
Upload: 5.63 Mbit/s
Sun Nov 25 06:45:01 CET 2018
Ping: 28.105 ms
Download: 122.98 Mbit/s
Upload: 5.52 Mbit/s
Sun Nov 25 07:45:01 CET 2018
Ping: 26.661 ms
Download: 126.61 Mbit/s
Upload: 5.32 Mbit/s
Sun Nov 25 08:45:01 CET 2018
Ping: 26.722 ms
Download: 118.35 Mbit/s
Upload: 5.53 Mbit/s
Sun Nov 25 09:45:01 CET 2018
Ping: 25.973 ms
Download: 125.91 Mbit/s
Upload: 5.58 Mbit/s
Sun Nov 25 10:45:01 CET 2018
Ping: 29.003 ms
Download: 119.30 Mbit/s
Upload: 5.58 Mbit/s
Sun Nov 25 11:45:01 CET 2018
Ping: 26.392 ms
Download: 123.59 Mbit/s
Upload: 5.57 Mbit/s
Sun Nov 25 12:45:01 CET 2018
Ping: 28.865 ms
Download: 113.07 Mbit/s
Upload: 5.60 Mbit/s
Sun Nov 25 13:45:01 CET 2018
Ping: 25.272 ms
Download: 118.81 Mbit/s
Upload: 5.63 Mbit/s
Sun Nov 25 14:45:01 CET 2018
Ping: 28.395 ms
Download: 124.61 Mbit/s
Upload: 5.57 Mbit/s
Sun Nov 25 15:45:01 CET 2018
Ping: 25.632 ms
Download: 119.86 Mbit/s
Upload: 5.53 Mbit/s
Sun Nov 25 16:45:02 CET 2018
Ping: 28.509 ms
Download: 124.19 Mbit/s
Upload: 5.54 Mbit/s
Sun Nov 25 17:45:01 CET 2018
Ping: 25.064 ms
Download: 122.28 Mbit/s
Upload: 5.54 Mbit/s
Sun Nov 25 18:45:01 CET 2018
Ping: 26.682 ms
Download: 127.19 Mbit/s
Upload: 5.62 Mbit/s
Sun Nov 25 19:45:01 CET 2018
Ping: 26.568 ms
Download: 118.98 Mbit/s
Upload: 5.44 Mbit/s
Sun Nov 25 20:45:01 CET 2018
Ping: 26.164 ms
Download: 118.26 Mbit/s
Upload: 5.59 Mbit/s
Sun Nov 25 21:45:01 CET 2018
Ping: 27.537 ms
Download: 121.54 Mbit/s
Upload: 5.55 Mbit/s
Sun Nov 25 22:45:01 CET 2018
Ping: 27.759 ms
Download: 119.33 Mbit/s
Upload: 5.54 Mbit/s
Sun Nov 25 23:45:01 CET 2018
Ping: 27.278 ms
Download: 107.12 Mbit/s
Upload: 5.41 Mbit/s
Mon Nov 26 00:45:01 CET 2018
Ping: 26.274 ms
Download: 126.41 Mbit/s
Upload: 5.59 Mbit/s
Mon Nov 26 01:45:01 CET 2018
Ping: 26.36 ms
Download: 119.18 Mbit/s
Upload: 5.58 Mbit/s
Mon Nov 26 02:45:01 CET 2018
Ping: 25.921 ms
Download: 118.06 Mbit/s
Upload: 5.61 Mbit/s
Mon Nov 26 03:45:02 CET 2018
Ping: 27.105 ms
Download: 124.37 Mbit/s
Upload: 5.52 Mbit/s
Mon Nov 26 04:45:01 CET 2018
Ping: 25.054 ms
Download: 125.92 Mbit/s
Upload: 5.48 Mbit/s
Mon Nov 26 05:45:02 CET 2018
Ping: 27.136 ms
Download: 114.93 Mbit/s
Upload: 5.59 Mbit/s
Mon Nov 26 06:45:01 CET 2018
Ping: 25.789 ms
Download: 118.06 Mbit/s
Upload: 5.55 Mbit/s
Mon Nov 26 07:45:01 CET 2018
Ping: 25.337 ms
Download: 126.74 Mbit/s
Upload: 4.64 Mbit/s
Mon Nov 26 08:45:01 CET 2018
Ping: 31.571 ms
Download: 119.54 Mbit/s
Upload: 5.54 Mbit/s
Mon Nov 26 09:45:02 CET 2018
Ping: 25.321 ms
Download: 123.99 Mbit/s
Upload: 5.51 Mbit/s
Mon Nov 26 10:45:01 CET 2018
Ping: 27.245 ms
Download: 121.00 Mbit/s
Upload: 5.60 Mbit/s
Mon Nov 26 11:45:01 CET 2018
Ping: 26.34 ms
Download: 118.49 Mbit/s
Upload: 5.37 Mbit/s
Mon Nov 26 12:45:01 CET 2018
Ping: 31.089 ms
Download: 106.47 Mbit/s
Upload: 5.58 Mbit/s
Mon Nov 26 13:45:01 CET 2018
Ping: 31.813 ms
Download: 106.62 Mbit/s
Upload: 5.47 Mbit/s
Mon Nov 26 14:45:01 CET 2018
Ping: 26.339 ms
Download: 127.01 Mbit/s
Upload: 5.53 Mbit/s
Mon Nov 26 15:45:01 CET 2018
Ping: 30.186 ms
Download: 95.90 Mbit/s
Upload: 5.58 Mbit/s
Mon Nov 26 16:45:01 CET 2018
Ping: 24.463 ms
Download: 127.03 Mbit/s
Upload: 5.54 Mbit/s
Mon Nov 26 17:45:01 CET 2018
Ping: 30.254 ms
Download: 124.22 Mbit/s
Upload: 5.61 Mbit/s
Mon Nov 26 18:45:01 CET 2018
Ping: 32.57 ms
Download: 65.17 Mbit/s
Upload: 5.42 Mbit/s
Mon Nov 26 19:45:01 CET 2018
Ping: 25.256 ms
Download: 102.40 Mbit/s
Upload: 5.44 Mbit/s
Mon Nov 26 20:45:01 CET 2018
Ping: 29.046 ms
Download: 119.91 Mbit/s
Upload: 5.53 Mbit/s
Mon Nov 26 21:45:01 CET 2018
Ping: 27.349 ms
Download: 122.88 Mbit/s
Upload: 5.57 Mbit/s
Mon Nov 26 22:45:01 CET 2018
Ping: 26.318 ms
Download: 124.16 Mbit/s
Upload: 5.61 Mbit/s
Mon Nov 26 23:45:01 CET 2018
Ping: 24.781 ms
Download: 123.96 Mbit/s
Upload: 5.54 Mbit/s
Tue Nov 27 00:45:01 CET 2018
Ping: 34.474 ms
Download: 99.72 Mbit/s
Upload: 5.19 Mbit/s
Tue Nov 27 01:45:01 CET 2018
Ping: 27.402 ms
Download: 111.58 Mbit/s
Upload: 5.62 Mbit/s
Tue Nov 27 02:45:02 CET 2018
Ping: 26.991 ms
Download: 110.93 Mbit/s
Upload: 5.58 Mbit/s
Tue Nov 27 03:45:01 CET 2018
Ping: 25.753 ms
Download: 124.69 Mbit/s
Upload: 5.62 Mbit/s
Tue Nov 27 04:45:01 CET 2018
Ping: 27.561 ms
Download: 121.23 Mbit/s
Upload: 5.60 Mbit/s
Tue Nov 27 05:45:01 CET 2018
Ping: 26.467 ms
Download: 123.05 Mbit/s
Upload: 5.66 Mbit/s
Tue Nov 27 06:45:01 CET 2018
Ping: 27.408 ms
Download: 113.94 Mbit/s
Upload: 5.41 Mbit/s
Tue Nov 27 07:45:01 CET 2018
Ping: 27.161 ms
Download: 116.36 Mbit/s
Upload: 5.62 Mbit/s
Tue Nov 27 08:45:01 CET 2018
Ping: 27.469 ms
Download: 126.29 Mbit/s
Upload: 5.60 Mbit/s
Tue Nov 27 09:45:01 CET 2018
Ping: 25.319 ms
Download: 122.23 Mbit/s
Upload: 5.55 Mbit/s
Tue Nov 27 10:45:01 CET 2018
Ping: 25.52 ms
Download: 115.07 Mbit/s
Upload: 5.53 Mbit/s
Tue Nov 27 11:45:01 CET 2018
Ping: 25.887 ms
Download: 126.34 Mbit/s
Upload: 5.52 Mbit/s
Tue Nov 27 12:45:01 CET 2018
Ping: 25.299 ms
Download: 125.19 Mbit/s
Upload: 5.57 Mbit/s
Tue Nov 27 13:45:01 CET 2018
Ping: 25.589 ms
Download: 112.23 Mbit/s
Upload: 5.60 Mbit/s
Tue Nov 27 14:45:02 CET 2018
Ping: 26.885 ms
Download: 118.54 Mbit/s
Upload: 5.58 Mbit/s
Tue Nov 27 15:45:01 CET 2018
Ping: 25.202 ms
Download: 123.18 Mbit/s
Upload: 5.47 Mbit/s
Tue Nov 27 16:45:01 CET 2018
Ping: 25.676 ms
Download: 122.37 Mbit/s
Upload: 5.48 Mbit/s
Tue Nov 27 17:45:01 CET 2018
Ping: 27.045 ms
Download: 126.60 Mbit/s
Upload: 5.21 Mbit/s
Tue Nov 27 18:45:01 CET 2018
Ping: 28.725 ms
Download: 112.90 Mbit/s
Upload: 5.54 Mbit/s
Tue Nov 27 19:45:02 CET 2018
Ping: 26.665 ms
Download: 124.16 Mbit/s
Upload: 5.59 Mbit/s
Tue Nov 27 20:45:01 CET 2018
Ping: 27.09 ms
Download: 108.83 Mbit/s
Upload: 5.07 Mbit/s
Tue Nov 27 21:45:01 CET 2018
Ping: 26.132 ms
Download: 116.21 Mbit/s
Upload: 5.55 Mbit/s
Tue Nov 27 22:45:01 CET 2018
Ping: 24.729 ms
Download: 122.14 Mbit/s
Upload: 5.33 Mbit/s
Tue Nov 27 23:45:01 CET 2018
Ping: 25.617 ms
Download: 113.37 Mbit/s
Upload: 5.38 Mbit/s
Wed Nov 28 00:45:01 CET 2018
Ping: 25.379 ms
Download: 125.79 Mbit/s
Upload: 5.46 Mbit/s
Wed Nov 28 01:45:01 CET 2018
Ping: 27.06 ms
Download: 126.20 Mbit/s
Upload: 5.62 Mbit/s
Wed Nov 28 02:45:01 CET 2018
Ping: 26.06 ms
Download: 127.14 Mbit/s
Upload: 5.58 Mbit/s
Wed Nov 28 03:45:01 CET 2018
Ping: 26.071 ms
Download: 126.64 Mbit/s
Upload: 5.62 Mbit/s
Wed Nov 28 04:45:01 CET 2018
Ping: 25.484 ms
Download: 125.26 Mbit/s
Upload: 5.63 Mbit/s
Wed Nov 28 05:45:01 CET 2018
Ping: 24.863 ms
Download: 125.23 Mbit/s
Upload: 5.54 Mbit/s
Wed Nov 28 06:45:01 CET 2018
Ping: 26.254 ms
Download: 127.50 Mbit/s
Upload: 5.64 Mbit/s
Wed Nov 28 07:45:01 CET 2018
Ping: 26.024 ms
Download: 124.84 Mbit/s
Upload: 5.63 Mbit/s
Wed Nov 28 08:45:01 CET 2018
Ping: 25.063 ms
Download: 123.86 Mbit/s
Upload: 5.58 Mbit/s
Wed Nov 28 09:45:01 CET 2018
Ping: 25.591 ms
Download: 125.73 Mbit/s
Upload: 5.65 Mbit/s
Wed Nov 28 10:45:01 CET 2018
Ping: 25.613 ms
Download: 125.64 Mbit/s
Upload: 5.64 Mbit/s
Wed Nov 28 11:45:01 CET 2018
Ping: 26.336 ms
Download: 126.93 Mbit/s
Upload: 5.61 Mbit/s
Wed Nov 28 12:45:01 CET 2018
Ping: 25.956 ms
Download: 119.53 Mbit/s
Upload: 5.13 Mbit/s
Wed Nov 28 13:45:01 CET 2018
Ping: 26.171 ms
Download: 119.33 Mbit/s
Upload: 5.51 Mbit/s
Wed Nov 28 14:45:01 CET 2018
Ping: 25.122 ms
Download: 126.71 Mbit/s
Upload: 5.59 Mbit/s
Wed Nov 28 15:45:01 CET 2018
Ping: 25.635 ms
Download: 119.33 Mbit/s
Upload: 5.56 Mbit/s
Wed Nov 28 16:45:01 CET 2018
Ping: 25.152 ms
Download: 122.18 Mbit/s
Upload: 5.45 Mbit/s
Wed Nov 28 17:45:01 CET 2018
Ping: 23.866 ms
Download: 126.31 Mbit/s
Upload: 5.43 Mbit/s
Wed Nov 28 18:45:01 CET 2018
Ping: 28.718 ms
Download: 120.26 Mbit/s
Upload: 5.04 Mbit/s
Wed Nov 28 19:45:01 CET 2018
Ping: 27.461 ms
Download: 123.58 Mbit/s
Upload: 5.57 Mbit/s
Wed Nov 28 20:45:01 CET 2018
Ping: 25.617 ms
Download: 103.28 Mbit/s
Upload: 5.33 Mbit/s
Wed Nov 28 21:45:01 CET 2018
Ping: 28.648 ms
Download: 115.92 Mbit/s
Upload: 5.54 Mbit/s
Wed Nov 28 22:45:01 CET 2018
Ping: 26.054 ms
Download: 120.53 Mbit/s
Upload: 5.59 Mbit/s
Wed Nov 28 23:45:01 CET 2018
Ping: 27.158 ms
Download: 124.10 Mbit/s
Upload: 5.60 Mbit/s
Thu Nov 29 00:45:01 CET 2018
Ping: 24.73 ms
Download: 118.51 Mbit/s
Upload: 5.59 Mbit/s
Thu Nov 29 01:45:01 CET 2018
Ping: 26.302 ms
Download: 115.87 Mbit/s
Upload: 5.59 Mbit/s
Thu Nov 29 02:45:01 CET 2018
Ping: 25.681 ms
Download: 127.74 Mbit/s
Upload: 5.62 Mbit/s
Thu Nov 29 03:45:01 CET 2018
Ping: 25.179 ms
Download: 118.99 Mbit/s
Upload: 5.49 Mbit/s
Thu Nov 29 04:45:01 CET 2018
Ping: 26.497 ms
Download: 125.60 Mbit/s
Upload: 5.29 Mbit/s
Thu Nov 29 05:45:01 CET 2018
Ping: 27.318 ms
Download: 123.53 Mbit/s
Upload: 5.57 Mbit/s
Thu Nov 29 06:45:01 CET 2018
Ping: 25.73 ms
Download: 120.86 Mbit/s
Upload: 5.59 Mbit/s
Thu Nov 29 07:45:01 CET 2018
Ping: 25.316 ms
Download: 112.92 Mbit/s
Upload: 5.33 Mbit/s
Thu Nov 29 08:45:01 CET 2018
Ping: 26.369 ms
Download: 125.01 Mbit/s
Upload: 5.53 Mbit/s
Thu Nov 29 09:45:01 CET 2018
Ping: 26.376 ms
Download: 126.67 Mbit/s
Upload: 5.62 Mbit/s
Thu Nov 29 10:45:01 CET 2018
Ping: 26.013 ms
Download: 111.11 Mbit/s
Upload: 5.59 Mbit/s
Thu Nov 29 11:45:01 CET 2018
Ping: 24.798 ms
Download: 120.89 Mbit/s
Upload: 5.45 Mbit/s
Thu Nov 29 12:45:01 CET 2018
Ping: 25.156 ms
Download: 124.93 Mbit/s
Upload: 5.66 Mbit/s
Thu Nov 29 13:45:01 CET 2018
Ping: 27.085 ms
Download: 112.74 Mbit/s
Upload: 5.53 Mbit/s
Thu Nov 29 14:45:01 CET 2018
Ping: 25.571 ms
Download: 121.45 Mbit/s
Upload: 5.59 Mbit/s
Thu Nov 29 15:45:01 CET 2018
Ping: 25.822 ms
Download: 106.05 Mbit/s
Upload: 5.61 Mbit/s
Thu Nov 29 16:45:01 CET 2018
Ping: 25.402 ms
Download: 119.25 Mbit/s
Upload: 5.61 Mbit/s
Thu Nov 29 17:45:01 CET 2018
Ping: 26.527 ms
Download: 84.86 Mbit/s
Upload: 4.99 Mbit/s
Thu Nov 29 18:45:01 CET 2018
Ping: 27.424 ms
Download: 121.13 Mbit/s
Upload: 5.58 Mbit/s
Thu Nov 29 19:45:02 CET 2018
Ping: 24.269 ms
Download: 116.09 Mbit/s
Upload: 5.08 Mbit/s
Thu Nov 29 20:45:01 CET 2018
Ping: 26.071 ms
Download: 114.99 Mbit/s
Upload: 5.28 Mbit/s
Thu Nov 29 21:45:02 CET 2018
Ping: 25.623 ms
Download: 124.56 Mbit/s
Upload: 5.62 Mbit/s
Thu Nov 29 22:45:01 CET 2018
Ping: 25.352 ms
Download: 113.14 Mbit/s
Upload: 5.39 Mbit/s
Thu Nov 29 23:45:02 CET 2018
Ping: 25.058 ms
Download: 120.81 Mbit/s
Upload: 5.51 Mbit/s
Fri Nov 30 00:45:01 CET 2018
Ping: 27.561 ms
Download: 125.68 Mbit/s
Upload: 5.60 Mbit/s
Fri Nov 30 01:45:01 CET 2018
Ping: 26.639 ms
Download: 119.67 Mbit/s
Upload: 5.61 Mbit/s
Fri Nov 30 02:45:01 CET 2018
Ping: 25.869 ms
Download: 125.59 Mbit/s
Upload: 5.57 Mbit/s
Fri Nov 30 03:45:01 CET 2018
Ping: 27.387 ms
Download: 125.23 Mbit/s
Upload: 5.65 Mbit/s
Fri Nov 30 04:45:02 CET 2018
Ping: 24.852 ms
Download: 124.70 Mbit/s
Upload: 5.20 Mbit/s
Fri Nov 30 05:45:01 CET 2018
Ping: 25.743 ms
Download: 124.31 Mbit/s
Upload: 5.45 Mbit/s
Fri Nov 30 06:45:01 CET 2018
Ping: 26.456 ms
Download: 120.12 Mbit/s
Upload: 5.63 Mbit/s
Fri Nov 30 07:45:01 CET 2018
Ping: 26.24 ms
Download: 118.09 Mbit/s
Upload: 5.55 Mbit/s
Fri Nov 30 08:45:01 CET 2018
Ping: 26.109 ms
Download: 117.22 Mbit/s
Upload: 5.30 Mbit/s
Fri Nov 30 09:45:01 CET 2018
Ping: 26.41 ms
Download: 126.02 Mbit/s
Upload: 5.62 Mbit/s
Fri Nov 30 10:45:01 CET 2018
Ping: 25.674 ms
Download: 125.79 Mbit/s
Upload: 5.66 Mbit/s
Fri Nov 30 11:45:01 CET 2018
Ping: 26.617 ms
Download: 111.55 Mbit/s
Upload: 5.65 Mbit/s
Fri Nov 30 12:45:01 CET 2018
Ping: 26.305 ms
Download: 120.17 Mbit/s
Upload: 5.55 Mbit/s
Fri Nov 30 13:45:01 CET 2018
Ping: 24.469 ms
Download: 114.75 Mbit/s
Upload: 5.49 Mbit/s
Fri Nov 30 14:45:01 CET 2018
Ping: 26.558 ms
Download: 121.40 Mbit/s
Upload: 5.48 Mbit/s
Fri Nov 30 15:45:01 CET 2018
Ping: 24.214 ms
Download: 122.11 Mbit/s
Upload: 5.48 Mbit/s
Fri Nov 30 16:45:01 CET 2018
Ping: 26.242 ms
Download: 123.91 Mbit/s
Upload: 5.51 Mbit/s
Fri Nov 30 17:45:01 CET 2018
Ping: 24.673 ms
Download: 114.33 Mbit/s
Upload: 5.53 Mbit/s
Fri Nov 30 18:45:01 CET 2018
Ping: 26.189 ms
Download: 112.02 Mbit/s
Upload: 5.58 Mbit/s
Fri Nov 30 19:45:01 CET 2018
Ping: 26.876 ms
Download: 126.06 Mbit/s
Upload: 5.63 Mbit/s
Fri Nov 30 20:45:01 CET 2018
Ping: 26.303 ms
Download: 120.26 Mbit/s
Upload: 5.47 Mbit/s
Fri Nov 30 21:45:01 CET 2018
Ping: 26.703 ms
Download: 111.77 Mbit/s
Upload: 5.33 Mbit/s
Fri Nov 30 22:45:01 CET 2018
Ping: 24.529 ms
Download: 116.30 Mbit/s
Upload: 5.39 Mbit/s
Fri Nov 30 23:45:01 CET 2018
Ping: 26.41 ms
Download: 118.71 Mbit/s
Upload: 5.60 Mbit/s
