Sat Dec  1 00:45:01 CET 2018
Ping: 26.006 ms
Download: 118.88 Mbit/s
Upload: 5.64 Mbit/s
Sat Dec  1 01:45:01 CET 2018
Ping: 25.267 ms
Download: 118.92 Mbit/s
Upload: 5.56 Mbit/s
Sat Dec  1 02:45:01 CET 2018
Ping: 26.486 ms
Download: 126.98 Mbit/s
Upload: 5.63 Mbit/s
Sat Dec  1 03:45:01 CET 2018
Ping: 25.159 ms
Download: 122.07 Mbit/s
Upload: 5.61 Mbit/s
Sat Dec  1 04:45:01 CET 2018
Ping: 26.346 ms
Download: 116.72 Mbit/s
Upload: 5.59 Mbit/s
Sat Dec  1 05:45:01 CET 2018
Ping: 26.179 ms
Download: 116.06 Mbit/s
Upload: 5.56 Mbit/s
Sat Dec  1 06:45:01 CET 2018
Ping: 26.365 ms
Download: 123.70 Mbit/s
Upload: 5.58 Mbit/s
Sat Dec  1 07:45:01 CET 2018
Ping: 25.171 ms
Download: 125.93 Mbit/s
Upload: 5.57 Mbit/s
Sat Dec  1 08:45:02 CET 2018
Ping: 26.464 ms
Download: 125.90 Mbit/s
Upload: 5.58 Mbit/s
Sat Dec  1 09:45:01 CET 2018
Ping: 24.53 ms
Download: 120.38 Mbit/s
Upload: 5.48 Mbit/s
Sat Dec  1 10:45:01 CET 2018
Ping: 26.121 ms
Download: 118.28 Mbit/s
Upload: 5.53 Mbit/s
Sat Dec  1 11:45:02 CET 2018
Ping: 26.132 ms
Download: 124.09 Mbit/s
Upload: 5.25 Mbit/s
Sat Dec  1 12:45:02 CET 2018
Ping: 25.653 ms
Download: 114.14 Mbit/s
Upload: 5.57 Mbit/s
Sat Dec  1 13:45:01 CET 2018
Ping: 23.865 ms
Download: 123.78 Mbit/s
Upload: 5.61 Mbit/s
Sat Dec  1 14:45:02 CET 2018
Ping: 24.273 ms
Download: 105.41 Mbit/s
Upload: 5.43 Mbit/s
Sat Dec  1 15:45:01 CET 2018
Ping: 25.178 ms
Download: 124.94 Mbit/s
Upload: 5.53 Mbit/s
Sat Dec  1 16:45:01 CET 2018
Ping: 25.933 ms
Download: 122.57 Mbit/s
Upload: 5.52 Mbit/s
Sat Dec  1 17:45:01 CET 2018
Ping: 26.055 ms
Download: 119.66 Mbit/s
Upload: 5.59 Mbit/s
Sat Dec  1 18:45:01 CET 2018
Ping: 25.698 ms
Download: 123.87 Mbit/s
Upload: 5.52 Mbit/s
Sat Dec  1 19:45:01 CET 2018
Ping: 25.313 ms
Download: 108.40 Mbit/s
Upload: 5.33 Mbit/s
Sat Dec  1 20:45:01 CET 2018
Ping: 27.162 ms
Download: 127.60 Mbit/s
Upload: 5.60 Mbit/s
Sat Dec  1 21:45:01 CET 2018
Ping: 26.193 ms
Download: 116.89 Mbit/s
Upload: 5.56 Mbit/s
Sat Dec  1 22:45:01 CET 2018
Ping: 25.59 ms
Download: 124.75 Mbit/s
Upload: 5.57 Mbit/s
Sat Dec  1 23:45:01 CET 2018
Ping: 25.343 ms
Download: 121.50 Mbit/s
Upload: 5.55 Mbit/s
Sun Dec  2 00:45:01 CET 2018
Ping: 26.957 ms
Download: 124.53 Mbit/s
Upload: 5.61 Mbit/s
Sun Dec  2 01:45:01 CET 2018
Ping: 26.348 ms
Download: 125.24 Mbit/s
Upload: 5.59 Mbit/s
Sun Dec  2 02:45:01 CET 2018
Ping: 26.406 ms
Download: 123.57 Mbit/s
Upload: 5.63 Mbit/s
Sun Dec  2 03:45:01 CET 2018
Ping: 25.452 ms
Download: 126.79 Mbit/s
Upload: 5.62 Mbit/s
Sun Dec  2 04:45:01 CET 2018
Ping: 23.428 ms
Download: 126.59 Mbit/s
Upload: 5.63 Mbit/s
Sun Dec  2 05:45:01 CET 2018
Ping: 25.982 ms
Download: 118.13 Mbit/s
Upload: 5.63 Mbit/s
Sun Dec  2 06:45:01 CET 2018
Ping: 25.757 ms
Download: 125.81 Mbit/s
Upload: 5.62 Mbit/s
Sun Dec  2 07:45:01 CET 2018
Ping: 26.895 ms
Download: 112.65 Mbit/s
Upload: 5.59 Mbit/s
Sun Dec  2 08:45:02 CET 2018
Ping: 26.376 ms
Download: 107.83 Mbit/s
Upload: 5.59 Mbit/s
Sun Dec  2 09:45:01 CET 2018
Ping: 27.172 ms
Download: 120.33 Mbit/s
Upload: 5.47 Mbit/s
Sun Dec  2 10:45:01 CET 2018
Ping: 26.367 ms
Download: 110.29 Mbit/s
Upload: 5.58 Mbit/s
Sun Dec  2 11:45:01 CET 2018
Ping: 26.341 ms
Download: 126.62 Mbit/s
Upload: 5.60 Mbit/s
Sun Dec  2 12:45:01 CET 2018
Ping: 26.101 ms
Download: 120.65 Mbit/s
Upload: 5.51 Mbit/s
Sun Dec  2 13:45:01 CET 2018
Ping: 24.134 ms
Download: 117.56 Mbit/s
Upload: 5.46 Mbit/s
Sun Dec  2 14:45:01 CET 2018
Ping: 26.043 ms
Download: 124.75 Mbit/s
Upload: 5.59 Mbit/s
Sun Dec  2 15:45:01 CET 2018
Ping: 25.698 ms
Download: 125.68 Mbit/s
Upload: 5.46 Mbit/s
Sun Dec  2 16:45:01 CET 2018
Ping: 25.978 ms
Download: 123.54 Mbit/s
Upload: 5.60 Mbit/s
Sun Dec  2 17:45:01 CET 2018
Ping: 27.293 ms
Download: 125.11 Mbit/s
Upload: 5.62 Mbit/s
Sun Dec  2 18:45:01 CET 2018
Ping: 26.163 ms
Download: 120.38 Mbit/s
Upload: 5.52 Mbit/s
Sun Dec  2 19:45:01 CET 2018
Ping: 25.985 ms
Download: 122.78 Mbit/s
Upload: 5.56 Mbit/s
Sun Dec  2 20:45:01 CET 2018
Ping: 24.214 ms
Download: 120.63 Mbit/s
Upload: 5.49 Mbit/s
Sun Dec  2 21:45:01 CET 2018
Ping: 26.028 ms
Download: 122.14 Mbit/s
Upload: 5.57 Mbit/s
Sun Dec  2 22:45:01 CET 2018
Ping: 25.253 ms
Download: 124.89 Mbit/s
Upload: 5.38 Mbit/s
Sun Dec  2 23:45:01 CET 2018
Ping: 26.374 ms
Download: 123.49 Mbit/s
Upload: 5.64 Mbit/s
Mon Dec  3 00:45:01 CET 2018
Ping: 26.081 ms
Download: 102.86 Mbit/s
Upload: 5.62 Mbit/s
Mon Dec  3 01:45:01 CET 2018
Ping: 25.092 ms
Download: 124.64 Mbit/s
Upload: 5.60 Mbit/s
Mon Dec  3 02:45:01 CET 2018
Ping: 25.972 ms
Download: 123.52 Mbit/s
Upload: 5.59 Mbit/s
Mon Dec  3 03:45:01 CET 2018
Ping: 25.748 ms
Download: 121.97 Mbit/s
Upload: 5.57 Mbit/s
Mon Dec  3 04:45:01 CET 2018
Ping: 25.256 ms
Download: 113.89 Mbit/s
Upload: 5.61 Mbit/s
Mon Dec  3 05:45:02 CET 2018
Ping: 25.468 ms
Download: 124.12 Mbit/s
Upload: 5.63 Mbit/s
Mon Dec  3 06:45:01 CET 2018
Ping: 25.119 ms
Download: 126.91 Mbit/s
Upload: 5.50 Mbit/s
Mon Dec  3 07:45:01 CET 2018
Ping: 26.936 ms
Download: 112.65 Mbit/s
Upload: 5.47 Mbit/s
Mon Dec  3 08:45:01 CET 2018
Ping: 26.327 ms
Download: 124.65 Mbit/s
Upload: 5.61 Mbit/s
Mon Dec  3 09:45:01 CET 2018
Ping: 25.386 ms
Download: 124.14 Mbit/s
Upload: 5.56 Mbit/s
Mon Dec  3 10:45:01 CET 2018
Ping: 24.727 ms
Download: 127.63 Mbit/s
Upload: 5.58 Mbit/s
Mon Dec  3 11:45:01 CET 2018
Ping: 25.041 ms
Download: 123.29 Mbit/s
Upload: 5.65 Mbit/s
Mon Dec  3 12:45:01 CET 2018
Ping: 26.394 ms
Download: 120.80 Mbit/s
Upload: 5.60 Mbit/s
Mon Dec  3 13:45:01 CET 2018
Ping: 26.216 ms
Download: 115.14 Mbit/s
Upload: 5.46 Mbit/s
Mon Dec  3 14:45:01 CET 2018
Ping: 25.392 ms
Download: 126.06 Mbit/s
Upload: 5.58 Mbit/s
Mon Dec  3 15:45:01 CET 2018
Ping: 25.415 ms
Download: 112.41 Mbit/s
Upload: 5.64 Mbit/s
Mon Dec  3 16:45:02 CET 2018
Ping: 28.013 ms
Download: 118.18 Mbit/s
Upload: 5.55 Mbit/s
Mon Dec  3 17:45:01 CET 2018
Ping: 27.438 ms
Download: 115.80 Mbit/s
Upload: 5.58 Mbit/s
Mon Dec  3 18:45:01 CET 2018
Ping: 26.703 ms
Download: 115.68 Mbit/s
Upload: 5.03 Mbit/s
Mon Dec  3 19:45:01 CET 2018
Ping: 27.333 ms
Download: 118.24 Mbit/s
Upload: 5.34 Mbit/s
Mon Dec  3 20:45:02 CET 2018
Ping: 26.279 ms
Download: 119.15 Mbit/s
Upload: 5.49 Mbit/s
Mon Dec  3 21:45:01 CET 2018
Ping: 25.902 ms
Download: 118.90 Mbit/s
Upload: 5.58 Mbit/s
Mon Dec  3 22:45:01 CET 2018
Ping: 24.993 ms
Download: 123.16 Mbit/s
Upload: 5.55 Mbit/s
Mon Dec  3 23:45:01 CET 2018
Ping: 25.897 ms
Download: 126.43 Mbit/s
Upload: 5.57 Mbit/s
Tue Dec  4 00:45:01 CET 2018
Ping: 25.844 ms
Download: 125.64 Mbit/s
Upload: 5.56 Mbit/s
Tue Dec  4 01:45:01 CET 2018
Ping: 28.935 ms
Download: 124.70 Mbit/s
Upload: 5.60 Mbit/s
Tue Dec  4 02:45:01 CET 2018
Ping: 25.162 ms
Download: 121.57 Mbit/s
Upload: 5.56 Mbit/s
Tue Dec  4 03:45:01 CET 2018
Ping: 27.64 ms
Download: 122.47 Mbit/s
Upload: 5.63 Mbit/s
Tue Dec  4 04:45:01 CET 2018
Ping: 25.057 ms
Download: 125.20 Mbit/s
Upload: 5.55 Mbit/s
Tue Dec  4 05:45:01 CET 2018
Ping: 26.481 ms
Download: 109.01 Mbit/s
Upload: 5.51 Mbit/s
Tue Dec  4 06:45:01 CET 2018
Ping: 24.745 ms
Download: 123.71 Mbit/s
Upload: 5.35 Mbit/s
Tue Dec  4 07:45:01 CET 2018
Ping: 24.549 ms
Download: 118.08 Mbit/s
Upload: 5.56 Mbit/s
Tue Dec  4 08:45:01 CET 2018
Ping: 26.836 ms
Download: 111.84 Mbit/s
Upload: 5.46 Mbit/s
Tue Dec  4 09:45:01 CET 2018
Ping: 25.694 ms
Download: 121.35 Mbit/s
Upload: 5.63 Mbit/s
Tue Dec  4 10:45:01 CET 2018
Ping: 25.793 ms
Download: 121.89 Mbit/s
Upload: 5.55 Mbit/s
Tue Dec  4 11:45:01 CET 2018
Ping: 25.46 ms
Download: 123.53 Mbit/s
Upload: 5.41 Mbit/s
Tue Dec  4 12:45:01 CET 2018
Ping: 25.97 ms
Download: 118.85 Mbit/s
Upload: 5.59 Mbit/s
Tue Dec  4 13:45:01 CET 2018
Ping: 25.052 ms
Download: 116.62 Mbit/s
Upload: 5.63 Mbit/s
Tue Dec  4 14:45:01 CET 2018
Ping: 26.749 ms
Download: 122.84 Mbit/s
Upload: 5.55 Mbit/s
Tue Dec  4 15:45:01 CET 2018
Ping: 24.611 ms
Download: 117.16 Mbit/s
Upload: 5.57 Mbit/s
Tue Dec  4 16:45:01 CET 2018
Ping: 24.816 ms
Download: 126.31 Mbit/s
Upload: 5.43 Mbit/s
Tue Dec  4 17:45:01 CET 2018
Ping: 26.519 ms
Download: 125.93 Mbit/s
Upload: 5.60 Mbit/s
Tue Dec  4 18:45:02 CET 2018
Ping: 25.338 ms
Download: 117.94 Mbit/s
Upload: 5.30 Mbit/s
Tue Dec  4 19:45:01 CET 2018
Ping: 25.887 ms
Download: 121.61 Mbit/s
Upload: 5.57 Mbit/s
Tue Dec  4 20:45:01 CET 2018
Ping: 25.574 ms
Download: 109.76 Mbit/s
Upload: 5.63 Mbit/s
Tue Dec  4 21:45:01 CET 2018
Ping: 25.054 ms
Download: 113.25 Mbit/s
Upload: 5.57 Mbit/s
Tue Dec  4 22:45:01 CET 2018
Ping: 28.314 ms
Download: 122.51 Mbit/s
Upload: 5.54 Mbit/s
Tue Dec  4 23:45:01 CET 2018
Ping: 25.589 ms
Download: 124.72 Mbit/s
Upload: 5.64 Mbit/s
Wed Dec  5 00:45:01 CET 2018
Ping: 25.951 ms
Download: 124.32 Mbit/s
Upload: 5.57 Mbit/s
Wed Dec  5 01:45:01 CET 2018
Ping: 24.561 ms
Download: 118.31 Mbit/s
Upload: 5.60 Mbit/s
Wed Dec  5 02:45:01 CET 2018
Ping: 25.721 ms
Download: 119.92 Mbit/s
Upload: 5.54 Mbit/s
Wed Dec  5 03:45:01 CET 2018
Ping: 25.684 ms
Download: 126.12 Mbit/s
Upload: 5.56 Mbit/s
Wed Dec  5 04:45:02 CET 2018
Ping: 25.429 ms
Download: 115.14 Mbit/s
Upload: 5.61 Mbit/s
Wed Dec  5 05:45:01 CET 2018
Ping: 27.404 ms
Download: 120.63 Mbit/s
Upload: 5.61 Mbit/s
Wed Dec  5 06:45:01 CET 2018
Ping: 25.42 ms
Download: 117.11 Mbit/s
Upload: 5.53 Mbit/s
Wed Dec  5 07:45:01 CET 2018
Ping: 25.5 ms
Download: 109.06 Mbit/s
Upload: 5.60 Mbit/s
Wed Dec  5 08:45:01 CET 2018
Ping: 25.223 ms
Download: 122.81 Mbit/s
Upload: 5.59 Mbit/s
Wed Dec  5 09:45:01 CET 2018
Ping: 26.046 ms
Download: 100.37 Mbit/s
Upload: 5.44 Mbit/s
Wed Dec  5 10:45:01 CET 2018
Ping: 26.365 ms
Download: 122.11 Mbit/s
Upload: 5.56 Mbit/s
Wed Dec  5 11:45:01 CET 2018
Ping: 26.467 ms
Download: 127.00 Mbit/s
Upload: 5.56 Mbit/s
Wed Dec  5 12:45:01 CET 2018
Ping: 25.681 ms
Download: 123.04 Mbit/s
Upload: 5.57 Mbit/s
Wed Dec  5 13:45:01 CET 2018
Ping: 26.0 ms
Download: 121.37 Mbit/s
Upload: 5.60 Mbit/s
Wed Dec  5 14:45:01 CET 2018
Ping: 26.046 ms
Download: 121.66 Mbit/s
Upload: 5.53 Mbit/s
Wed Dec  5 15:45:01 CET 2018
Ping: 25.054 ms
Download: 121.58 Mbit/s
Upload: 5.56 Mbit/s
Wed Dec  5 16:45:01 CET 2018
Ping: 27.063 ms
Download: 126.55 Mbit/s
Upload: 5.55 Mbit/s
Wed Dec  5 17:45:01 CET 2018
Ping: 25.724 ms
Download: 115.73 Mbit/s
Upload: 5.57 Mbit/s
Wed Dec  5 18:45:01 CET 2018
Ping: 26.398 ms
Download: 121.62 Mbit/s
Upload: 5.44 Mbit/s
Wed Dec  5 19:45:01 CET 2018
Ping: 27.707 ms
Download: 119.72 Mbit/s
Upload: 5.54 Mbit/s
Wed Dec  5 20:45:01 CET 2018
Ping: 25.435 ms
Download: 120.62 Mbit/s
Upload: 5.22 Mbit/s
Wed Dec  5 21:45:01 CET 2018
Ping: 26.658 ms
Download: 125.20 Mbit/s
Upload: 5.58 Mbit/s
Wed Dec  5 22:45:01 CET 2018
Ping: 25.876 ms
Download: 125.69 Mbit/s
Upload: 5.55 Mbit/s
Wed Dec  5 23:45:01 CET 2018
Ping: 24.941 ms
Download: 116.09 Mbit/s
Upload: 5.55 Mbit/s
Thu Dec  6 00:45:01 CET 2018
Ping: 25.294 ms
Download: 123.42 Mbit/s
Upload: 5.54 Mbit/s
Thu Dec  6 01:45:01 CET 2018
Ping: 25.091 ms
Download: 124.47 Mbit/s
Upload: 5.62 Mbit/s
Thu Dec  6 02:45:01 CET 2018
Ping: 26.402 ms
Download: 124.24 Mbit/s
Upload: 5.57 Mbit/s
Thu Dec  6 03:45:01 CET 2018
Ping: 25.849 ms
Download: 119.59 Mbit/s
Upload: 5.60 Mbit/s
Thu Dec  6 04:45:01 CET 2018
Ping: 25.249 ms
Download: 123.81 Mbit/s
Upload: 5.52 Mbit/s
Thu Dec  6 05:45:01 CET 2018
Ping: 26.391 ms
Download: 122.04 Mbit/s
Upload: 5.55 Mbit/s
Thu Dec  6 06:45:01 CET 2018
Ping: 25.075 ms
Download: 81.74 Mbit/s
Upload: 5.35 Mbit/s
Thu Dec  6 07:45:01 CET 2018
Ping: 26.239 ms
Download: 116.82 Mbit/s
Upload: 5.41 Mbit/s
Thu Dec  6 08:45:01 CET 2018
Ping: 25.325 ms
Download: 124.17 Mbit/s
Upload: 5.65 Mbit/s
Thu Dec  6 09:45:01 CET 2018
Ping: 25.626 ms
Download: 125.43 Mbit/s
Upload: 5.49 Mbit/s
Thu Dec  6 10:45:01 CET 2018
Ping: 25.332 ms
Download: 126.18 Mbit/s
Upload: 5.60 Mbit/s
Thu Dec  6 11:45:01 CET 2018
Ping: 24.993 ms
Download: 120.32 Mbit/s
Upload: 5.57 Mbit/s
Thu Dec  6 12:45:01 CET 2018
Ping: 25.705 ms
Download: 122.46 Mbit/s
Upload: 5.46 Mbit/s
Thu Dec  6 13:45:01 CET 2018
Ping: 25.599 ms
Download: 94.80 Mbit/s
Upload: 4.72 Mbit/s
Thu Dec  6 14:45:01 CET 2018
Ping: 26.256 ms
Download: 125.06 Mbit/s
Upload: 5.51 Mbit/s
Thu Dec  6 15:45:01 CET 2018
Ping: 25.287 ms
Download: 115.52 Mbit/s
Upload: 5.59 Mbit/s
Thu Dec  6 16:45:01 CET 2018
Ping: 26.412 ms
Download: 110.70 Mbit/s
Upload: 5.42 Mbit/s
Thu Dec  6 17:45:01 CET 2018
Ping: 24.569 ms
Download: 118.51 Mbit/s
Upload: 5.35 Mbit/s
Thu Dec  6 18:45:01 CET 2018
Ping: 27.286 ms
Download: 117.39 Mbit/s
Upload: 5.53 Mbit/s
Thu Dec  6 19:45:01 CET 2018
Ping: 26.897 ms
Download: 115.30 Mbit/s
Upload: 5.53 Mbit/s
Thu Dec  6 20:45:02 CET 2018
Ping: 24.925 ms
Download: 126.01 Mbit/s
Upload: 5.50 Mbit/s
Thu Dec  6 21:45:01 CET 2018
Ping: 25.226 ms
Download: 113.87 Mbit/s
Upload: 5.23 Mbit/s
Thu Dec  6 22:45:01 CET 2018
Ping: 28.086 ms
Download: 126.32 Mbit/s
Upload: 5.58 Mbit/s
Thu Dec  6 23:45:01 CET 2018
Ping: 24.671 ms
Download: 108.87 Mbit/s
Upload: 5.57 Mbit/s
Fri Dec  7 00:45:01 CET 2018
Ping: 26.374 ms
Download: 114.56 Mbit/s
Upload: 5.59 Mbit/s
Fri Dec  7 01:45:01 CET 2018
Ping: 26.273 ms
Download: 126.36 Mbit/s
Upload: 5.60 Mbit/s
Fri Dec  7 02:45:01 CET 2018
Ping: 24.717 ms
Download: 127.77 Mbit/s
Upload: 5.60 Mbit/s
Fri Dec  7 03:45:01 CET 2018
Ping: 25.232 ms
Download: 118.53 Mbit/s
Upload: 5.61 Mbit/s
Fri Dec  7 04:45:01 CET 2018
Ping: 24.564 ms
Download: 126.36 Mbit/s
Upload: 5.58 Mbit/s
Fri Dec  7 05:45:01 CET 2018
Ping: 26.108 ms
Download: 113.98 Mbit/s
Upload: 5.57 Mbit/s
Fri Dec  7 06:45:01 CET 2018
Ping: 25.319 ms
Download: 123.71 Mbit/s
Upload: 5.55 Mbit/s
Fri Dec  7 07:45:01 CET 2018
Ping: 25.046 ms
Download: 123.93 Mbit/s
Upload: 5.64 Mbit/s
Fri Dec  7 08:45:01 CET 2018
Ping: 26.046 ms
Download: 120.61 Mbit/s
Upload: 5.60 Mbit/s
Fri Dec  7 09:45:01 CET 2018
Ping: 24.364 ms
Download: 119.26 Mbit/s
Upload: 5.56 Mbit/s
Fri Dec  7 10:45:01 CET 2018
Ping: 25.273 ms
Download: 110.97 Mbit/s
Upload: 5.55 Mbit/s
Fri Dec  7 11:45:01 CET 2018
Ping: 24.022 ms
Download: 124.84 Mbit/s
Upload: 5.40 Mbit/s
Fri Dec  7 12:45:01 CET 2018
Ping: 26.462 ms
Download: 121.05 Mbit/s
Upload: 5.59 Mbit/s
Fri Dec  7 13:45:01 CET 2018
Ping: 26.249 ms
Download: 117.45 Mbit/s
Upload: 5.53 Mbit/s
Fri Dec  7 14:45:01 CET 2018
Ping: 23.879 ms
Download: 122.94 Mbit/s
Upload: 5.38 Mbit/s
Fri Dec  7 15:45:01 CET 2018
Ping: 27.003 ms
Download: 122.17 Mbit/s
Upload: 5.55 Mbit/s
Fri Dec  7 16:45:01 CET 2018
Ping: 25.235 ms
Download: 125.63 Mbit/s
Upload: 5.59 Mbit/s
Fri Dec  7 17:45:01 CET 2018
Ping: 25.737 ms
Download: 111.06 Mbit/s
Upload: 5.45 Mbit/s
Fri Dec  7 18:45:01 CET 2018
Ping: 25.645 ms
Download: 113.32 Mbit/s
Upload: 5.51 Mbit/s
Fri Dec  7 19:45:02 CET 2018
Ping: 25.289 ms
Download: 111.85 Mbit/s
Upload: 5.58 Mbit/s
Fri Dec  7 20:45:01 CET 2018
Ping: 26.806 ms
Download: 120.34 Mbit/s
Upload: 5.42 Mbit/s
Fri Dec  7 21:45:01 CET 2018
Ping: 27.712 ms
Download: 125.63 Mbit/s
Upload: 5.45 Mbit/s
Fri Dec  7 22:45:01 CET 2018
Ping: 24.765 ms
Download: 110.68 Mbit/s
Upload: 5.50 Mbit/s
Fri Dec  7 23:45:01 CET 2018
Ping: 28.223 ms
Download: 121.18 Mbit/s
Upload: 5.57 Mbit/s
Sat Dec  8 00:45:01 CET 2018
Ping: 24.567 ms
Download: 118.44 Mbit/s
Upload: 5.60 Mbit/s
Sat Dec  8 01:45:01 CET 2018
Ping: 24.355 ms
Download: 126.66 Mbit/s
Upload: 5.61 Mbit/s
Sat Dec  8 02:45:01 CET 2018
Ping: 24.081 ms
Download: 125.50 Mbit/s
Upload: 5.61 Mbit/s
Sat Dec  8 03:45:01 CET 2018
Ping: 24.972 ms
Download: 120.33 Mbit/s
Upload: 5.64 Mbit/s
Sat Dec  8 04:45:01 CET 2018
Ping: 26.038 ms
Download: 125.68 Mbit/s
Upload: 5.60 Mbit/s
Sat Dec  8 05:45:01 CET 2018
Ping: 26.598 ms
Download: 119.74 Mbit/s
Upload: 5.65 Mbit/s
Sat Dec  8 06:45:01 CET 2018
Ping: 26.315 ms
Download: 125.12 Mbit/s
Upload: 5.62 Mbit/s
Sat Dec  8 07:45:01 CET 2018
Ping: 26.803 ms
Download: 119.57 Mbit/s
Upload: 5.51 Mbit/s
Sat Dec  8 08:45:01 CET 2018
Ping: 26.53 ms
Download: 123.27 Mbit/s
Upload: 5.57 Mbit/s
Sat Dec  8 09:45:01 CET 2018
Ping: 25.985 ms
Download: 126.73 Mbit/s
Upload: 5.53 Mbit/s
Sat Dec  8 10:45:01 CET 2018
Ping: 25.707 ms
Download: 116.86 Mbit/s
Upload: 5.55 Mbit/s
Sat Dec  8 11:45:01 CET 2018
Ping: 24.769 ms
Download: 122.54 Mbit/s
Upload: 5.54 Mbit/s
Sat Dec  8 12:45:01 CET 2018
Ping: 25.852 ms
Download: 122.16 Mbit/s
Upload: 5.55 Mbit/s
Sat Dec  8 13:45:01 CET 2018
Ping: 26.71 ms
Download: 123.01 Mbit/s
Upload: 5.48 Mbit/s
Sat Dec  8 14:45:01 CET 2018
Ping: 26.139 ms
Download: 118.95 Mbit/s
Upload: 5.58 Mbit/s
Sat Dec  8 15:45:01 CET 2018
Ping: 26.008 ms
Download: 123.96 Mbit/s
Upload: 5.58 Mbit/s
Sat Dec  8 16:45:01 CET 2018
Ping: 24.723 ms
Download: 124.69 Mbit/s
Upload: 5.62 Mbit/s
Sat Dec  8 17:45:01 CET 2018
Ping: 25.856 ms
Download: 108.28 Mbit/s
Upload: 5.59 Mbit/s
Sat Dec  8 18:45:01 CET 2018
Ping: 27.477 ms
Download: 126.67 Mbit/s
Upload: 5.51 Mbit/s
Sat Dec  8 19:45:01 CET 2018
Ping: 26.532 ms
Download: 126.64 Mbit/s
Upload: 5.60 Mbit/s
Sat Dec  8 20:45:01 CET 2018
Ping: 26.059 ms
Download: 126.75 Mbit/s
Upload: 5.62 Mbit/s
Sat Dec  8 21:45:01 CET 2018
Ping: 25.905 ms
Download: 126.02 Mbit/s
Upload: 5.62 Mbit/s
Sat Dec  8 22:45:01 CET 2018
Ping: 26.244 ms
Download: 120.56 Mbit/s
Upload: 5.21 Mbit/s
Sat Dec  8 23:45:01 CET 2018
Ping: 25.74 ms
Download: 111.99 Mbit/s
Upload: 5.62 Mbit/s
Sun Dec  9 00:45:02 CET 2018
Ping: 26.179 ms
Download: 122.41 Mbit/s
Upload: 5.62 Mbit/s
Sun Dec  9 01:45:01 CET 2018
Ping: 25.128 ms
Download: 125.20 Mbit/s
Upload: 5.64 Mbit/s
Sun Dec  9 02:45:01 CET 2018
Ping: 25.755 ms
Download: 124.31 Mbit/s
Upload: 5.64 Mbit/s
Sun Dec  9 03:45:01 CET 2018
Ping: 25.918 ms
Download: 126.31 Mbit/s
Upload: 5.54 Mbit/s
Sun Dec  9 04:45:01 CET 2018
Ping: 23.95 ms
Download: 119.51 Mbit/s
Upload: 5.54 Mbit/s
Sun Dec  9 05:45:01 CET 2018
Ping: 25.061 ms
Download: 116.61 Mbit/s
Upload: 5.60 Mbit/s
Sun Dec  9 06:45:01 CET 2018
Ping: 26.579 ms
Download: 106.44 Mbit/s
Upload: 5.56 Mbit/s
Sun Dec  9 07:45:01 CET 2018
Ping: 24.229 ms
Download: 122.65 Mbit/s
Upload: 5.65 Mbit/s
Sun Dec  9 08:45:01 CET 2018
Ping: 24.962 ms
Download: 118.99 Mbit/s
Upload: 5.60 Mbit/s
Sun Dec  9 09:45:01 CET 2018
Ping: 24.323 ms
Download: 119.60 Mbit/s
Upload: 5.58 Mbit/s
Sun Dec  9 10:45:01 CET 2018
Ping: 25.255 ms
Download: 116.32 Mbit/s
Upload: 5.44 Mbit/s
Sun Dec  9 11:45:01 CET 2018
Ping: 25.684 ms
Download: 121.66 Mbit/s
Upload: 5.37 Mbit/s
Sun Dec  9 12:45:01 CET 2018
Ping: 26.324 ms
Download: 121.94 Mbit/s
Upload: 5.56 Mbit/s
Sun Dec  9 13:45:01 CET 2018
Ping: 26.018 ms
Download: 116.51 Mbit/s
Upload: 5.43 Mbit/s
Sun Dec  9 14:45:01 CET 2018
Ping: 28.937 ms
Download: 119.95 Mbit/s
Upload: 5.51 Mbit/s
Sun Dec  9 15:45:01 CET 2018
Ping: 24.735 ms
Download: 115.49 Mbit/s
Upload: 5.46 Mbit/s
Sun Dec  9 16:45:01 CET 2018
Ping: 27.584 ms
Download: 116.93 Mbit/s
Upload: 5.54 Mbit/s
Sun Dec  9 17:45:01 CET 2018
Ping: 25.642 ms
Download: 122.57 Mbit/s
Upload: 5.56 Mbit/s
Sun Dec  9 18:45:01 CET 2018
Ping: 25.789 ms
Download: 113.85 Mbit/s
Upload: 5.43 Mbit/s
Sun Dec  9 19:45:01 CET 2018
Ping: 26.854 ms
Download: 107.89 Mbit/s
Upload: 5.37 Mbit/s
Sun Dec  9 20:45:01 CET 2018
Ping: 27.276 ms
Download: 114.92 Mbit/s
Upload: 5.56 Mbit/s
Sun Dec  9 21:45:01 CET 2018
Ping: 25.196 ms
Download: 115.89 Mbit/s
Upload: 5.37 Mbit/s
Sun Dec  9 22:45:01 CET 2018
Ping: 27.378 ms
Download: 125.14 Mbit/s
Upload: 5.33 Mbit/s
Sun Dec  9 23:45:01 CET 2018
Ping: 25.933 ms
Download: 112.71 Mbit/s
Upload: 5.39 Mbit/s
Mon Dec 10 00:45:01 CET 2018
Ping: 26.317 ms
Download: 122.61 Mbit/s
Upload: 5.57 Mbit/s
Mon Dec 10 01:45:01 CET 2018
Ping: 25.459 ms
Download: 124.26 Mbit/s
Upload: 5.61 Mbit/s
Mon Dec 10 02:45:01 CET 2018
Ping: 24.156 ms
Download: 120.89 Mbit/s
Upload: 5.55 Mbit/s
Mon Dec 10 03:45:01 CET 2018
Ping: 25.628 ms
Download: 124.56 Mbit/s
Upload: 5.59 Mbit/s
Mon Dec 10 04:45:01 CET 2018
Ping: 25.348 ms
Download: 122.91 Mbit/s
Upload: 5.60 Mbit/s
Mon Dec 10 05:45:02 CET 2018
Ping: 24.815 ms
Download: 124.78 Mbit/s
Upload: 5.62 Mbit/s
Mon Dec 10 06:45:01 CET 2018
Ping: 24.73 ms
Download: 110.69 Mbit/s
Upload: 5.51 Mbit/s
Mon Dec 10 07:45:01 CET 2018
Ping: 26.836 ms
Download: 120.10 Mbit/s
Upload: 5.58 Mbit/s
Mon Dec 10 08:45:01 CET 2018
Ping: 23.98 ms
Download: 125.53 Mbit/s
Upload: 5.35 Mbit/s
Mon Dec 10 09:45:01 CET 2018
Ping: 25.89 ms
Download: 121.07 Mbit/s
Upload: 5.58 Mbit/s
Mon Dec 10 10:45:01 CET 2018
Ping: 27.231 ms
Download: 118.05 Mbit/s
Upload: 5.49 Mbit/s
Mon Dec 10 11:45:01 CET 2018
Ping: 26.396 ms
Download: 123.43 Mbit/s
Upload: 5.59 Mbit/s
Mon Dec 10 12:45:01 CET 2018
Ping: 25.692 ms
Download: 126.17 Mbit/s
Upload: 5.62 Mbit/s
Mon Dec 10 13:45:01 CET 2018
Ping: 27.384 ms
Download: 113.00 Mbit/s
Upload: 5.52 Mbit/s
Mon Dec 10 14:45:01 CET 2018
Ping: 24.738 ms
Download: 119.49 Mbit/s
Upload: 5.52 Mbit/s
Mon Dec 10 15:45:01 CET 2018
Ping: 24.865 ms
Download: 119.16 Mbit/s
Upload: 5.56 Mbit/s
Mon Dec 10 16:45:01 CET 2018
Ping: 26.376 ms
Download: 125.04 Mbit/s
Upload: 3.70 Mbit/s
Mon Dec 10 17:45:01 CET 2018
Ping: 26.043 ms
Download: 112.08 Mbit/s
Upload: 5.58 Mbit/s
Mon Dec 10 18:45:01 CET 2018
Ping: 27.836 ms
Download: 120.35 Mbit/s
Upload: 5.49 Mbit/s
Mon Dec 10 19:45:01 CET 2018
Ping: 26.571 ms
Download: 113.65 Mbit/s
Upload: 5.42 Mbit/s
Mon Dec 10 20:45:01 CET 2018
Ping: 25.077 ms
Download: 124.99 Mbit/s
Upload: 5.57 Mbit/s
Mon Dec 10 21:45:01 CET 2018
Ping: 28.786 ms
Download: 116.17 Mbit/s
Upload: 5.52 Mbit/s
Mon Dec 10 22:45:01 CET 2018
Ping: 27.125 ms
Download: 120.31 Mbit/s
Upload: 5.56 Mbit/s
Mon Dec 10 23:45:01 CET 2018
Ping: 24.745 ms
Download: 127.52 Mbit/s
Upload: 5.48 Mbit/s
Tue Dec 11 00:45:01 CET 2018
Ping: 24.082 ms
Download: 127.39 Mbit/s
Upload: 5.55 Mbit/s
Tue Dec 11 01:45:01 CET 2018
Ping: 26.172 ms
Download: 121.82 Mbit/s
Upload: 5.62 Mbit/s
Tue Dec 11 02:45:01 CET 2018
Ping: 25.073 ms
Download: 116.81 Mbit/s
Upload: 5.54 Mbit/s
Tue Dec 11 03:45:01 CET 2018
Ping: 27.585 ms
Download: 120.09 Mbit/s
Upload: 5.60 Mbit/s
Tue Dec 11 04:45:01 CET 2018
Ping: 27.86 ms
Download: 126.93 Mbit/s
Upload: 5.61 Mbit/s
Tue Dec 11 05:45:02 CET 2018
Ping: 27.375 ms
Download: 112.79 Mbit/s
Upload: 5.58 Mbit/s
Tue Dec 11 06:45:01 CET 2018
Ping: 25.483 ms
Download: 120.59 Mbit/s
Upload: 5.58 Mbit/s
Tue Dec 11 07:45:01 CET 2018
Ping: 24.542 ms
Download: 121.75 Mbit/s
Upload: 5.58 Mbit/s
Tue Dec 11 08:45:01 CET 2018
Ping: 27.038 ms
Download: 125.63 Mbit/s
Upload: 5.51 Mbit/s
Tue Dec 11 09:45:01 CET 2018
Ping: 26.842 ms
Download: 125.43 Mbit/s
Upload: 5.50 Mbit/s
Tue Dec 11 10:45:02 CET 2018
Ping: 24.775 ms
Download: 127.62 Mbit/s
Upload: 5.62 Mbit/s
Tue Dec 11 11:45:01 CET 2018
Ping: 26.404 ms
Download: 125.97 Mbit/s
Upload: 5.25 Mbit/s
Tue Dec 11 12:45:01 CET 2018
Ping: 25.446 ms
Download: 124.35 Mbit/s
Upload: 5.51 Mbit/s
Tue Dec 11 13:45:01 CET 2018
Ping: 26.184 ms
Download: 121.29 Mbit/s
Upload: 5.61 Mbit/s
Tue Dec 11 14:45:01 CET 2018
Ping: 25.593 ms
Download: 121.52 Mbit/s
Upload: 5.47 Mbit/s
Tue Dec 11 15:45:01 CET 2018
Ping: 25.258 ms
Download: 115.84 Mbit/s
Upload: 5.49 Mbit/s
Tue Dec 11 16:45:01 CET 2018
Ping: 26.909 ms
Download: 121.31 Mbit/s
Upload: 5.53 Mbit/s
Tue Dec 11 17:45:01 CET 2018
Ping: 26.039 ms
Download: 121.39 Mbit/s
Upload: 5.08 Mbit/s
Tue Dec 11 18:45:01 CET 2018
Ping: 27.007 ms
Download: 113.02 Mbit/s
Upload: 5.50 Mbit/s
Tue Dec 11 19:45:01 CET 2018
Ping: 27.001 ms
Download: 119.12 Mbit/s
Upload: 5.56 Mbit/s
Tue Dec 11 20:45:01 CET 2018
Ping: 25.844 ms
Download: 122.97 Mbit/s
Upload: 5.28 Mbit/s
Tue Dec 11 21:45:01 CET 2018
Ping: 26.216 ms
Download: 121.03 Mbit/s
Upload: 5.47 Mbit/s
Tue Dec 11 22:45:01 CET 2018
Ping: 26.439 ms
Download: 119.42 Mbit/s
Upload: 5.41 Mbit/s
Tue Dec 11 23:45:01 CET 2018
Ping: 26.398 ms
Download: 127.87 Mbit/s
Upload: 5.59 Mbit/s
Wed Dec 12 00:45:01 CET 2018
Ping: 25.533 ms
Download: 123.28 Mbit/s
Upload: 5.57 Mbit/s
Wed Dec 12 01:45:01 CET 2018
Ping: 26.22 ms
Download: 122.19 Mbit/s
Upload: 5.58 Mbit/s
Wed Dec 12 02:45:01 CET 2018
Ping: 25.934 ms
Download: 118.35 Mbit/s
Upload: 5.50 Mbit/s
Wed Dec 12 03:45:01 CET 2018
Ping: 26.061 ms
Download: 125.33 Mbit/s
Upload: 5.63 Mbit/s
Wed Dec 12 04:45:02 CET 2018
Ping: 26.49 ms
Download: 127.04 Mbit/s
Upload: 5.54 Mbit/s
Wed Dec 12 05:45:01 CET 2018
Ping: 25.214 ms
Download: 119.56 Mbit/s
Upload: 5.55 Mbit/s
Wed Dec 12 06:45:01 CET 2018
Ping: 24.227 ms
Download: 117.34 Mbit/s
Upload: 5.50 Mbit/s
Wed Dec 12 07:45:01 CET 2018
Ping: 25.0 ms
Download: 122.95 Mbit/s
Upload: 5.60 Mbit/s
Wed Dec 12 08:45:01 CET 2018
Ping: 26.054 ms
Download: 105.43 Mbit/s
Upload: 5.54 Mbit/s
Wed Dec 12 09:45:01 CET 2018
Ping: 25.543 ms
Download: 120.04 Mbit/s
Upload: 5.59 Mbit/s
Wed Dec 12 10:45:01 CET 2018
Ping: 24.824 ms
Download: 122.60 Mbit/s
Upload: 5.58 Mbit/s
Wed Dec 12 11:45:01 CET 2018
Ping: 24.71 ms
Download: 119.44 Mbit/s
Upload: 5.47 Mbit/s
Wed Dec 12 12:45:01 CET 2018
Ping: 26.066 ms
Download: 123.25 Mbit/s
Upload: 5.48 Mbit/s
Wed Dec 12 13:45:01 CET 2018
Ping: 25.92 ms
Download: 104.22 Mbit/s
Upload: 5.34 Mbit/s
Wed Dec 12 14:45:01 CET 2018
Ping: 26.056 ms
Download: 115.27 Mbit/s
Upload: 5.45 Mbit/s
Wed Dec 12 15:45:01 CET 2018
Ping: 25.182 ms
Download: 126.74 Mbit/s
Upload: 5.49 Mbit/s
Wed Dec 12 16:45:01 CET 2018
Ping: 26.753 ms
Download: 126.27 Mbit/s
Upload: 5.49 Mbit/s
Wed Dec 12 17:45:01 CET 2018
Ping: 25.424 ms
Download: 119.28 Mbit/s
Upload: 5.51 Mbit/s
Wed Dec 12 18:45:01 CET 2018
Ping: 24.554 ms
Download: 123.87 Mbit/s
Upload: 5.50 Mbit/s
Wed Dec 12 19:45:01 CET 2018
Ping: 26.72 ms
Download: 124.65 Mbit/s
Upload: 5.52 Mbit/s
Wed Dec 12 20:45:01 CET 2018
Ping: 27.943 ms
Download: 120.31 Mbit/s
Upload: 5.57 Mbit/s
Wed Dec 12 21:45:01 CET 2018
Ping: 25.236 ms
Download: 118.29 Mbit/s
Upload: 5.38 Mbit/s
Wed Dec 12 22:45:01 CET 2018
Ping: 24.78 ms
Download: 105.10 Mbit/s
Upload: 5.42 Mbit/s
Wed Dec 12 23:45:01 CET 2018
Ping: 24.71 ms
Download: 111.35 Mbit/s
Upload: 5.61 Mbit/s
Thu Dec 13 00:45:01 CET 2018
Ping: 24.701 ms
Download: 119.93 Mbit/s
Upload: 5.61 Mbit/s
Thu Dec 13 01:45:01 CET 2018
Ping: 25.954 ms
Download: 112.25 Mbit/s
Upload: 5.45 Mbit/s
Thu Dec 13 02:45:01 CET 2018
Ping: 25.086 ms
Download: 122.32 Mbit/s
Upload: 5.60 Mbit/s
Thu Dec 13 03:45:01 CET 2018
Ping: 25.69 ms
Download: 124.86 Mbit/s
Upload: 5.62 Mbit/s
Thu Dec 13 04:45:01 CET 2018
Ping: 25.176 ms
Download: 126.58 Mbit/s
Upload: 5.40 Mbit/s
Thu Dec 13 05:45:01 CET 2018
Ping: 25.336 ms
Download: 116.95 Mbit/s
Upload: 5.63 Mbit/s
Thu Dec 13 06:45:01 CET 2018
Ping: 25.963 ms
Download: 125.34 Mbit/s
Upload: 5.53 Mbit/s
Thu Dec 13 07:45:01 CET 2018
Ping: 25.577 ms
Download: 126.77 Mbit/s
Upload: 5.58 Mbit/s
Thu Dec 13 08:45:01 CET 2018
Ping: 26.032 ms
Download: 123.14 Mbit/s
Upload: 5.25 Mbit/s
Thu Dec 13 09:45:01 CET 2018
Ping: 27.208 ms
Download: 112.33 Mbit/s
Upload: 5.47 Mbit/s
Thu Dec 13 10:45:01 CET 2018
Ping: 25.76 ms
Download: 126.88 Mbit/s
Upload: 5.51 Mbit/s
Thu Dec 13 11:45:01 CET 2018
Ping: 26.396 ms
Download: 121.97 Mbit/s
Upload: 5.59 Mbit/s
Thu Dec 13 12:45:01 CET 2018
Ping: 24.863 ms
Download: 124.80 Mbit/s
Upload: 5.51 Mbit/s
Thu Dec 13 13:45:01 CET 2018
Ping: 26.748 ms
Download: 126.96 Mbit/s
Upload: 5.52 Mbit/s
Thu Dec 13 14:45:01 CET 2018
Ping: 26.576 ms
Download: 127.03 Mbit/s
Upload: 5.54 Mbit/s
Thu Dec 13 15:45:01 CET 2018
Ping: 25.559 ms
Download: 121.31 Mbit/s
Upload: 5.51 Mbit/s
Thu Dec 13 16:45:01 CET 2018
Ping: 27.526 ms
Download: 119.28 Mbit/s
Upload: 5.28 Mbit/s
Thu Dec 13 17:45:01 CET 2018
Ping: 27.81 ms
Download: 112.99 Mbit/s
Upload: 5.56 Mbit/s
Thu Dec 13 18:45:01 CET 2018
Ping: 27.685 ms
Download: 121.76 Mbit/s
Upload: 5.45 Mbit/s
Thu Dec 13 19:45:01 CET 2018
Ping: 27.149 ms
Download: 99.53 Mbit/s
Upload: 5.42 Mbit/s
Thu Dec 13 20:45:01 CET 2018
Ping: 27.016 ms
Download: 117.68 Mbit/s
Upload: 5.45 Mbit/s
Thu Dec 13 21:45:01 CET 2018
Ping: 24.909 ms
Download: 120.14 Mbit/s
Upload: 5.54 Mbit/s
Thu Dec 13 22:45:02 CET 2018
Ping: 26.891 ms
Download: 122.57 Mbit/s
Upload: 5.59 Mbit/s
Thu Dec 13 23:45:01 CET 2018
Ping: 26.359 ms
Download: 119.38 Mbit/s
Upload: 5.54 Mbit/s
Fri Dec 14 00:45:02 CET 2018
Ping: 26.042 ms
Download: 127.39 Mbit/s
Upload: 5.61 Mbit/s
Fri Dec 14 01:45:01 CET 2018
Ping: 26.175 ms
Download: 126.52 Mbit/s
Upload: 5.58 Mbit/s
Fri Dec 14 02:45:01 CET 2018
Ping: 25.563 ms
Download: 125.05 Mbit/s
Upload: 5.62 Mbit/s
Fri Dec 14 03:45:01 CET 2018
Ping: 25.257 ms
Download: 120.14 Mbit/s
Upload: 5.61 Mbit/s
Fri Dec 14 04:45:01 CET 2018
Ping: 25.528 ms
Download: 116.22 Mbit/s
Upload: 5.49 Mbit/s
Fri Dec 14 05:45:01 CET 2018
Ping: 24.773 ms
Download: 120.19 Mbit/s
Upload: 5.63 Mbit/s
Fri Dec 14 06:45:01 CET 2018
Ping: 26.324 ms
Download: 118.56 Mbit/s
Upload: 5.41 Mbit/s
Fri Dec 14 07:45:01 CET 2018
Ping: 23.916 ms
Download: 127.09 Mbit/s
Upload: 5.61 Mbit/s
Fri Dec 14 08:45:01 CET 2018
Ping: 25.948 ms
Download: 117.77 Mbit/s
Upload: 5.58 Mbit/s
Fri Dec 14 09:45:01 CET 2018
Ping: 26.365 ms
Download: 125.10 Mbit/s
Upload: 5.51 Mbit/s
Fri Dec 14 10:45:01 CET 2018
Ping: 24.439 ms
Download: 119.63 Mbit/s
Upload: 5.64 Mbit/s
Fri Dec 14 11:45:01 CET 2018
Ping: 26.36 ms
Download: 117.74 Mbit/s
Upload: 5.54 Mbit/s
Fri Dec 14 12:45:01 CET 2018
Ping: 24.634 ms
Download: 125.95 Mbit/s
Upload: 5.52 Mbit/s
Fri Dec 14 13:45:01 CET 2018
Ping: 27.085 ms
Download: 118.16 Mbit/s
Upload: 5.51 Mbit/s
Fri Dec 14 14:45:01 CET 2018
Ping: 25.212 ms
Download: 116.10 Mbit/s
Upload: 5.46 Mbit/s
Fri Dec 14 15:45:01 CET 2018
Ping: 25.825 ms
Download: 120.50 Mbit/s
Upload: 5.48 Mbit/s
Fri Dec 14 16:45:01 CET 2018
Ping: 25.832 ms
Download: 108.46 Mbit/s
Upload: 5.38 Mbit/s
Fri Dec 14 17:45:01 CET 2018
Ping: 26.612 ms
Download: 124.50 Mbit/s
Upload: 5.50 Mbit/s
Fri Dec 14 18:45:01 CET 2018
Ping: 23.868 ms
Download: 118.88 Mbit/s
Upload: 5.50 Mbit/s
Fri Dec 14 19:45:01 CET 2018
Ping: 26.65 ms
Download: 106.36 Mbit/s
Upload: 5.45 Mbit/s
Fri Dec 14 20:45:02 CET 2018
Ping: 28.151 ms
Download: 121.06 Mbit/s
Upload: 5.44 Mbit/s
Fri Dec 14 21:45:01 CET 2018
Ping: 26.959 ms
Download: 113.80 Mbit/s
Upload: 5.36 Mbit/s
Fri Dec 14 22:45:01 CET 2018
Ping: 26.02 ms
Download: 108.40 Mbit/s
Upload: 5.57 Mbit/s
Fri Dec 14 23:45:01 CET 2018
Ping: 33.673 ms
Download: 123.30 Mbit/s
Upload: 5.41 Mbit/s
Sat Dec 15 00:45:01 CET 2018
Ping: 25.075 ms
Download: 126.43 Mbit/s
Upload: 5.58 Mbit/s
Sat Dec 15 01:45:01 CET 2018
Ping: 24.829 ms
Download: 116.37 Mbit/s
Upload: 5.61 Mbit/s
Sat Dec 15 02:45:01 CET 2018
Ping: 24.94 ms
Download: 126.79 Mbit/s
Upload: 5.58 Mbit/s
Sat Dec 15 03:45:01 CET 2018
Ping: 25.098 ms
Download: 123.53 Mbit/s
Upload: 5.63 Mbit/s
Sat Dec 15 04:45:01 CET 2018
Ping: 26.015 ms
Download: 119.12 Mbit/s
Upload: 5.57 Mbit/s
Sat Dec 15 05:45:01 CET 2018
Ping: 27.405 ms
Download: 88.61 Mbit/s
Upload: 5.59 Mbit/s
Sat Dec 15 06:45:01 CET 2018
Ping: 24.179 ms
Download: 124.58 Mbit/s
Upload: 5.64 Mbit/s
Sat Dec 15 07:45:01 CET 2018
Ping: 26.385 ms
Download: 124.62 Mbit/s
Upload: 5.57 Mbit/s
Sat Dec 15 08:45:01 CET 2018
Ping: 25.562 ms
Download: 102.04 Mbit/s
Upload: 5.57 Mbit/s
Sat Dec 15 09:45:01 CET 2018
Ping: 26.427 ms
Download: 125.55 Mbit/s
Upload: 5.61 Mbit/s
Sat Dec 15 10:45:01 CET 2018
Ping: 25.06 ms
Download: 113.82 Mbit/s
Upload: 5.56 Mbit/s
Sat Dec 15 11:45:01 CET 2018
Ping: 26.749 ms
Download: 115.93 Mbit/s
Upload: 5.58 Mbit/s
Sat Dec 15 12:45:01 CET 2018
Ping: 26.452 ms
Download: 119.34 Mbit/s
Upload: 5.54 Mbit/s
Sat Dec 15 13:45:01 CET 2018
Ping: 26.538 ms
Download: 124.04 Mbit/s
Upload: 5.56 Mbit/s
Sat Dec 15 14:45:01 CET 2018
Ping: 27.77 ms
Download: 113.01 Mbit/s
Upload: 5.44 Mbit/s
Sat Dec 15 15:45:01 CET 2018
Ping: 26.798 ms
Download: 116.13 Mbit/s
Upload: 5.34 Mbit/s
Sat Dec 15 16:45:01 CET 2018
Ping: 27.408 ms
Download: 86.07 Mbit/s
Upload: 5.40 Mbit/s
Sat Dec 15 17:45:01 CET 2018
Ping: 27.919 ms
Download: 121.01 Mbit/s
Upload: 5.47 Mbit/s
Sat Dec 15 18:45:01 CET 2018
Ping: 25.364 ms
Download: 125.56 Mbit/s
Upload: 5.53 Mbit/s
Sat Dec 15 19:45:01 CET 2018
Ping: 26.905 ms
Download: 126.76 Mbit/s
Upload: 5.38 Mbit/s
Sat Dec 15 20:45:01 CET 2018
Ping: 25.846 ms
Download: 125.76 Mbit/s
Upload: 5.41 Mbit/s
Sat Dec 15 21:45:01 CET 2018
Ping: 24.246 ms
Download: 117.72 Mbit/s
Upload: 5.57 Mbit/s
Sat Dec 15 22:45:01 CET 2018
Ping: 25.645 ms
Download: 117.48 Mbit/s
Upload: 5.38 Mbit/s
Sat Dec 15 23:45:01 CET 2018
Ping: 25.558 ms
Download: 126.06 Mbit/s
Upload: 5.61 Mbit/s
Sun Dec 16 00:45:01 CET 2018
Ping: 25.653 ms
Download: 127.24 Mbit/s
Upload: 5.55 Mbit/s
Sun Dec 16 01:45:01 CET 2018
Ping: 24.192 ms
Download: 124.76 Mbit/s
Upload: 5.59 Mbit/s
Sun Dec 16 02:45:01 CET 2018
Ping: 25.015 ms
Download: 108.25 Mbit/s
Upload: 5.41 Mbit/s
Sun Dec 16 03:45:01 CET 2018
Ping: 24.139 ms
Download: 120.34 Mbit/s
Upload: 5.59 Mbit/s
Sun Dec 16 04:45:01 CET 2018
Ping: 25.157 ms
Download: 109.25 Mbit/s
Upload: 5.41 Mbit/s
Sun Dec 16 05:45:01 CET 2018
Ping: 25.92 ms
Download: 123.86 Mbit/s
Upload: 5.54 Mbit/s
Sun Dec 16 06:45:01 CET 2018
Ping: 28.665 ms
Download: 111.73 Mbit/s
Upload: 5.46 Mbit/s
Sun Dec 16 07:45:01 CET 2018
Ping: 24.15 ms
Download: 116.45 Mbit/s
Upload: 5.60 Mbit/s
Sun Dec 16 08:45:01 CET 2018
Ping: 25.466 ms
Download: 110.59 Mbit/s
Upload: 5.50 Mbit/s
Sun Dec 16 09:45:01 CET 2018
Ping: 26.672 ms
Download: 104.74 Mbit/s
Upload: 5.43 Mbit/s
Sun Dec 16 10:45:01 CET 2018
Ping: 25.161 ms
Download: 98.75 Mbit/s
Upload: 5.45 Mbit/s
Sun Dec 16 11:45:01 CET 2018
Ping: 25.906 ms
Download: 122.61 Mbit/s
Upload: 4.93 Mbit/s
Sun Dec 16 12:45:01 CET 2018
Ping: 26.609 ms
Download: 119.41 Mbit/s
Upload: 5.46 Mbit/s
Sun Dec 16 13:45:01 CET 2018
Ping: 26.373 ms
Download: 118.11 Mbit/s
Upload: 5.59 Mbit/s
Sun Dec 16 14:45:01 CET 2018
Ping: 25.473 ms
Download: 125.24 Mbit/s
Upload: 5.34 Mbit/s
Sun Dec 16 15:45:01 CET 2018
Ping: 26.041 ms
Download: 114.17 Mbit/s
Upload: 5.51 Mbit/s
Sun Dec 16 16:45:01 CET 2018
Ping: 26.068 ms
Download: 116.32 Mbit/s
Upload: 4.58 Mbit/s
Sun Dec 16 17:45:01 CET 2018
Ping: 25.341 ms
Download: 119.73 Mbit/s
Upload: 5.16 Mbit/s
Sun Dec 16 18:45:01 CET 2018
Ping: 26.997 ms
Download: 127.19 Mbit/s
Upload: 5.52 Mbit/s
Sun Dec 16 19:45:01 CET 2018
Ping: 28.919 ms
Download: 123.34 Mbit/s
Upload: 5.46 Mbit/s
Sun Dec 16 20:45:01 CET 2018
Ping: 25.826 ms
Download: 112.44 Mbit/s
Upload: 5.51 Mbit/s
Sun Dec 16 21:45:01 CET 2018
Ping: 29.242 ms
Download: 121.17 Mbit/s
Upload: 5.48 Mbit/s
Sun Dec 16 22:45:01 CET 2018
Ping: 25.634 ms
Download: 122.25 Mbit/s
Upload: 5.56 Mbit/s
Sun Dec 16 23:45:01 CET 2018
Ping: 24.778 ms
Download: 121.05 Mbit/s
Upload: 5.63 Mbit/s
Mon Dec 17 00:45:01 CET 2018
Ping: 26.203 ms
Download: 120.74 Mbit/s
Upload: 5.45 Mbit/s
Mon Dec 17 01:45:01 CET 2018
Ping: 25.742 ms
Download: 127.19 Mbit/s
Upload: 5.54 Mbit/s
Mon Dec 17 02:45:01 CET 2018
Ping: 26.019 ms
Download: 116.61 Mbit/s
Upload: 5.65 Mbit/s
Mon Dec 17 03:45:01 CET 2018
Ping: 24.341 ms
Download: 115.11 Mbit/s
Upload: 5.47 Mbit/s
Mon Dec 17 04:45:01 CET 2018
Ping: 25.649 ms
Download: 111.43 Mbit/s
Upload: 5.51 Mbit/s
Mon Dec 17 05:45:01 CET 2018
Ping: 24.754 ms
Download: 124.23 Mbit/s
Upload: 5.54 Mbit/s
Mon Dec 17 06:45:01 CET 2018
Ping: 25.496 ms
Download: 110.63 Mbit/s
Upload: 5.35 Mbit/s
Mon Dec 17 07:45:01 CET 2018
Ping: 26.217 ms
Download: 108.21 Mbit/s
Upload: 5.59 Mbit/s
Mon Dec 17 08:45:01 CET 2018
Ping: 26.459 ms
Download: 123.00 Mbit/s
Upload: 5.61 Mbit/s
Mon Dec 17 09:45:01 CET 2018
Ping: 26.23 ms
Download: 123.43 Mbit/s
Upload: 5.59 Mbit/s
Mon Dec 17 10:45:01 CET 2018
Ping: 25.403 ms
Download: 121.41 Mbit/s
Upload: 5.45 Mbit/s
Mon Dec 17 11:45:01 CET 2018
Ping: 24.727 ms
Download: 119.69 Mbit/s
Upload: 5.13 Mbit/s
Mon Dec 17 12:45:01 CET 2018
Ping: 25.133 ms
Download: 117.09 Mbit/s
Upload: 5.48 Mbit/s
Mon Dec 17 13:45:01 CET 2018
Ping: 25.541 ms
Download: 127.54 Mbit/s
Upload: 5.45 Mbit/s
Mon Dec 17 14:45:01 CET 2018
Ping: 25.888 ms
Download: 125.29 Mbit/s
Upload: 5.58 Mbit/s
Mon Dec 17 15:45:01 CET 2018
Ping: 25.099 ms
Download: 118.25 Mbit/s
Upload: 5.61 Mbit/s
Mon Dec 17 16:45:02 CET 2018
Ping: 25.913 ms
Download: 122.16 Mbit/s
Upload: 5.54 Mbit/s
Mon Dec 17 17:45:01 CET 2018
Ping: 24.54 ms
Download: 123.18 Mbit/s
Upload: 5.59 Mbit/s
Mon Dec 17 18:45:01 CET 2018
Ping: 27.75 ms
Download: 114.06 Mbit/s
Upload: 5.53 Mbit/s
Mon Dec 17 19:45:01 CET 2018
Ping: 25.287 ms
Download: 125.77 Mbit/s
Upload: 5.44 Mbit/s
Mon Dec 17 20:45:01 CET 2018
Ping: 27.908 ms
Download: 109.89 Mbit/s
Upload: 5.43 Mbit/s
Mon Dec 17 21:45:01 CET 2018
Ping: 26.025 ms
Download: 100.35 Mbit/s
Upload: 4.98 Mbit/s
Mon Dec 17 22:45:01 CET 2018
Ping: 25.926 ms
Download: 126.01 Mbit/s
Upload: 5.09 Mbit/s
Mon Dec 17 23:45:01 CET 2018
Ping: 24.629 ms
Download: 124.97 Mbit/s
Upload: 5.51 Mbit/s
Tue Dec 18 00:45:01 CET 2018
Ping: 25.483 ms
Download: 120.72 Mbit/s
Upload: 5.58 Mbit/s
Tue Dec 18 01:45:01 CET 2018
Ping: 25.765 ms
Download: 126.87 Mbit/s
Upload: 5.59 Mbit/s
Tue Dec 18 02:45:01 CET 2018
Ping: 26.376 ms
Download: 118.92 Mbit/s
Upload: 5.61 Mbit/s
Tue Dec 18 03:45:01 CET 2018
Ping: 25.609 ms
Download: 127.04 Mbit/s
Upload: 5.62 Mbit/s
Tue Dec 18 04:45:01 CET 2018
Ping: 23.864 ms
Download: 126.28 Mbit/s
Upload: 5.60 Mbit/s
Tue Dec 18 05:45:01 CET 2018
Ping: 24.722 ms
Download: 123.23 Mbit/s
Upload: 5.53 Mbit/s
Tue Dec 18 06:45:01 CET 2018
Ping: 25.091 ms
Download: 120.95 Mbit/s
Upload: 5.58 Mbit/s
Tue Dec 18 07:45:01 CET 2018
Ping: 27.197 ms
Download: 110.70 Mbit/s
Upload: 5.57 Mbit/s
Tue Dec 18 08:45:01 CET 2018
Ping: 25.264 ms
Download: 122.62 Mbit/s
Upload: 5.25 Mbit/s
Tue Dec 18 09:45:01 CET 2018
Ping: 25.751 ms
Download: 126.92 Mbit/s
Upload: 5.59 Mbit/s
Tue Dec 18 10:45:01 CET 2018
Ping: 24.875 ms
Download: 125.82 Mbit/s
Upload: 5.53 Mbit/s
Tue Dec 18 11:45:02 CET 2018
Ping: 23.537 ms
Download: 113.64 Mbit/s
Upload: 5.58 Mbit/s
Tue Dec 18 12:45:01 CET 2018
Ping: 24.554 ms
Download: 119.49 Mbit/s
Upload: 5.47 Mbit/s
Tue Dec 18 13:45:01 CET 2018
Ping: 26.154 ms
Download: 120.42 Mbit/s
Upload: 5.55 Mbit/s
Tue Dec 18 14:45:01 CET 2018
Ping: 25.662 ms
Download: 117.72 Mbit/s
Upload: 5.56 Mbit/s
Tue Dec 18 15:45:01 CET 2018
Ping: 27.411 ms
Download: 112.67 Mbit/s
Upload: 5.46 Mbit/s
Tue Dec 18 16:45:01 CET 2018
Ping: 26.982 ms
Download: 102.56 Mbit/s
Upload: 5.50 Mbit/s
Tue Dec 18 17:45:01 CET 2018
Ping: 25.706 ms
Download: 124.15 Mbit/s
Upload: 5.44 Mbit/s
Tue Dec 18 18:45:01 CET 2018
Ping: 24.495 ms
Download: 119.62 Mbit/s
Upload: 5.60 Mbit/s
Tue Dec 18 19:45:01 CET 2018
Ping: 24.881 ms
Download: 123.01 Mbit/s
Upload: 5.44 Mbit/s
Tue Dec 18 20:45:01 CET 2018
Ping: 26.355 ms
Download: 125.48 Mbit/s
Upload: 5.54 Mbit/s
Tue Dec 18 21:45:01 CET 2018
Ping: 26.858 ms
Download: 118.55 Mbit/s
Upload: 5.59 Mbit/s
Tue Dec 18 22:45:01 CET 2018
Ping: 26.009 ms
Download: 109.92 Mbit/s
Upload: 5.37 Mbit/s
Tue Dec 18 23:45:01 CET 2018
Ping: 25.844 ms
Download: 125.59 Mbit/s
Upload: 5.58 Mbit/s
Wed Dec 19 00:45:01 CET 2018
Ping: 25.099 ms
Download: 122.87 Mbit/s
Upload: 5.65 Mbit/s
Wed Dec 19 01:45:01 CET 2018
Ping: 24.96 ms
Download: 123.45 Mbit/s
Upload: 5.60 Mbit/s
Wed Dec 19 02:45:01 CET 2018
Ping: 25.391 ms
Download: 123.50 Mbit/s
Upload: 5.59 Mbit/s
Wed Dec 19 03:45:01 CET 2018
Ping: 26.065 ms
Download: 113.72 Mbit/s
Upload: 5.58 Mbit/s
Wed Dec 19 04:45:02 CET 2018
Ping: 25.973 ms
Download: 121.73 Mbit/s
Upload: 5.61 Mbit/s
Wed Dec 19 05:45:02 CET 2018
Ping: 24.827 ms
Download: 119.89 Mbit/s
Upload: 5.61 Mbit/s
Wed Dec 19 06:45:01 CET 2018
Ping: 24.482 ms
Download: 124.16 Mbit/s
Upload: 5.23 Mbit/s
Wed Dec 19 07:45:02 CET 2018
Ping: 24.779 ms
Download: 122.31 Mbit/s
Upload: 5.62 Mbit/s
Wed Dec 19 08:45:01 CET 2018
Ping: 26.354 ms
Download: 126.08 Mbit/s
Upload: 5.67 Mbit/s
Wed Dec 19 09:45:01 CET 2018
Ping: 25.444 ms
Download: 121.01 Mbit/s
Upload: 5.58 Mbit/s
Wed Dec 19 10:45:02 CET 2018
Ping: 24.923 ms
Download: 122.73 Mbit/s
Upload: 5.54 Mbit/s
Wed Dec 19 11:45:01 CET 2018
Ping: 24.776 ms
Download: 107.44 Mbit/s
Upload: 5.52 Mbit/s
Wed Dec 19 12:45:01 CET 2018
Ping: 25.729 ms
Download: 110.26 Mbit/s
Upload: 5.49 Mbit/s
Wed Dec 19 13:45:01 CET 2018
Ping: 26.77 ms
Download: 104.92 Mbit/s
Upload: 5.56 Mbit/s
Wed Dec 19 14:45:01 CET 2018
Ping: 25.672 ms
Download: 124.68 Mbit/s
Upload: 5.28 Mbit/s
Wed Dec 19 15:45:02 CET 2018
Ping: 25.011 ms
Download: 123.21 Mbit/s
Upload: 5.36 Mbit/s
Wed Dec 19 16:45:01 CET 2018
Ping: 25.415 ms
Download: 122.00 Mbit/s
Upload: 5.26 Mbit/s
Wed Dec 19 17:45:01 CET 2018
Ping: 26.075 ms
Download: 120.06 Mbit/s
Upload: 5.62 Mbit/s
Wed Dec 19 18:45:02 CET 2018
Ping: 25.98 ms
Download: 117.78 Mbit/s
Upload: 5.62 Mbit/s
Wed Dec 19 19:45:01 CET 2018
Ping: 26.77 ms
Download: 111.56 Mbit/s
Upload: 5.58 Mbit/s
Wed Dec 19 20:45:01 CET 2018
Ping: 26.767 ms
Download: 126.36 Mbit/s
Upload: 5.57 Mbit/s
Wed Dec 19 21:45:02 CET 2018
Ping: 25.676 ms
Download: 118.48 Mbit/s
Upload: 5.53 Mbit/s
Wed Dec 19 22:45:01 CET 2018
Ping: 25.35 ms
Download: 126.36 Mbit/s
Upload: 5.59 Mbit/s
Wed Dec 19 23:45:01 CET 2018
Ping: 25.98 ms
Download: 125.74 Mbit/s
Upload: 5.33 Mbit/s
Thu Dec 20 00:45:01 CET 2018
Ping: 26.379 ms
Download: 121.28 Mbit/s
Upload: 5.39 Mbit/s
Thu Dec 20 01:45:01 CET 2018
Ping: 25.001 ms
Download: 126.87 Mbit/s
Upload: 5.58 Mbit/s
Thu Dec 20 02:45:01 CET 2018
Ping: 25.13 ms
Download: 116.69 Mbit/s
Upload: 5.66 Mbit/s
Thu Dec 20 03:45:01 CET 2018
Ping: 27.324 ms
Download: 113.12 Mbit/s
Upload: 5.61 Mbit/s
Thu Dec 20 04:45:01 CET 2018
Ping: 25.959 ms
Download: 124.10 Mbit/s
Upload: 5.66 Mbit/s
Thu Dec 20 05:45:01 CET 2018
Ping: 26.402 ms
Download: 126.21 Mbit/s
Upload: 5.56 Mbit/s
Thu Dec 20 06:45:01 CET 2018
Ping: 27.592 ms
Download: 124.19 Mbit/s
Upload: 5.65 Mbit/s
Thu Dec 20 07:45:01 CET 2018
Ping: 25.866 ms
Download: 110.05 Mbit/s
Upload: 5.61 Mbit/s
Thu Dec 20 08:45:01 CET 2018
Ping: 25.006 ms
Download: 120.96 Mbit/s
Upload: 5.59 Mbit/s
Thu Dec 20 09:45:01 CET 2018
Ping: 26.678 ms
Download: 124.42 Mbit/s
Upload: 5.48 Mbit/s
Thu Dec 20 10:45:01 CET 2018
Ping: 24.86 ms
Download: 125.00 Mbit/s
Upload: 5.53 Mbit/s
Thu Dec 20 11:45:01 CET 2018
Ping: 26.065 ms
Download: 126.05 Mbit/s
Upload: 5.56 Mbit/s
Thu Dec 20 12:45:01 CET 2018
Ping: 26.412 ms
Download: 117.10 Mbit/s
Upload: 5.57 Mbit/s
Thu Dec 20 13:45:01 CET 2018
Ping: 26.086 ms
Download: 125.26 Mbit/s
Upload: 5.56 Mbit/s
Thu Dec 20 14:45:01 CET 2018
Ping: 26.304 ms
Download: 124.41 Mbit/s
Upload: 5.58 Mbit/s
Thu Dec 20 15:45:01 CET 2018
Ping: 25.526 ms
Download: 119.90 Mbit/s
Upload: 5.60 Mbit/s
Thu Dec 20 16:45:01 CET 2018
Ping: 25.442 ms
Download: 116.46 Mbit/s
Upload: 5.60 Mbit/s
Thu Dec 20 17:45:01 CET 2018
Ping: 25.377 ms
Download: 123.92 Mbit/s
Upload: 5.56 Mbit/s
Thu Dec 20 18:45:01 CET 2018
Ping: 25.849 ms
Download: 112.53 Mbit/s
Upload: 5.57 Mbit/s
Thu Dec 20 19:45:02 CET 2018
Ping: 25.234 ms
Download: 113.74 Mbit/s
Upload: 5.52 Mbit/s
Thu Dec 20 20:45:01 CET 2018
Ping: 24.547 ms
Download: 120.04 Mbit/s
Upload: 5.26 Mbit/s
Thu Dec 20 21:45:01 CET 2018
Ping: 27.678 ms
Download: 117.47 Mbit/s
Upload: 5.31 Mbit/s
Thu Dec 20 22:45:01 CET 2018
Ping: 26.624 ms
Download: 120.84 Mbit/s
Upload: 5.56 Mbit/s
Thu Dec 20 23:45:01 CET 2018
Ping: 25.478 ms
Download: 127.24 Mbit/s
Upload: 5.42 Mbit/s
Fri Dec 21 00:45:01 CET 2018
Ping: 26.157 ms
Download: 126.31 Mbit/s
Upload: 5.40 Mbit/s
Fri Dec 21 01:45:01 CET 2018
Ping: 27.561 ms
Download: 114.92 Mbit/s
Upload: 5.44 Mbit/s
Fri Dec 21 02:45:01 CET 2018
Ping: 25.1 ms
Download: 122.37 Mbit/s
Upload: 5.59 Mbit/s
Fri Dec 21 03:45:01 CET 2018
Ping: 25.447 ms
Download: 119.60 Mbit/s
Upload: 5.55 Mbit/s
Fri Dec 21 04:45:01 CET 2018
Ping: 25.857 ms
Download: 123.20 Mbit/s
Upload: 5.57 Mbit/s
Fri Dec 21 05:45:01 CET 2018
Ping: 24.95 ms
Download: 119.61 Mbit/s
Upload: 5.64 Mbit/s
Fri Dec 21 06:45:01 CET 2018
Ping: 25.498 ms
Download: 119.23 Mbit/s
Upload: 5.61 Mbit/s
Fri Dec 21 07:45:01 CET 2018
Ping: 25.796 ms
Download: 126.84 Mbit/s
Upload: 5.59 Mbit/s
Fri Dec 21 08:45:01 CET 2018
Ping: 24.865 ms
Download: 127.05 Mbit/s
Upload: 5.59 Mbit/s
Fri Dec 21 09:45:01 CET 2018
Ping: 25.042 ms
Download: 110.86 Mbit/s
Upload: 5.59 Mbit/s
Fri Dec 21 10:45:01 CET 2018
Ping: 25.628 ms
Download: 106.67 Mbit/s
Upload: 5.51 Mbit/s
Fri Dec 21 11:45:02 CET 2018
Ping: 25.588 ms
Download: 121.50 Mbit/s
Upload: 5.57 Mbit/s
Fri Dec 21 12:45:01 CET 2018
Ping: 26.384 ms
Download: 118.07 Mbit/s
Upload: 5.40 Mbit/s
Fri Dec 21 13:45:01 CET 2018
Ping: 25.914 ms
Download: 109.77 Mbit/s
Upload: 5.59 Mbit/s
Fri Dec 21 14:45:01 CET 2018
Ping: 23.931 ms
Download: 110.72 Mbit/s
Upload: 5.55 Mbit/s
Fri Dec 21 15:45:01 CET 2018
Ping: 26.322 ms
Download: 122.47 Mbit/s
Upload: 5.53 Mbit/s
Fri Dec 21 16:45:01 CET 2018
Ping: 26.383 ms
Download: 112.91 Mbit/s
Upload: 5.54 Mbit/s
Fri Dec 21 17:45:01 CET 2018
Ping: 26.129 ms
Download: 124.37 Mbit/s
Upload: 5.47 Mbit/s
Fri Dec 21 18:45:01 CET 2018
Ping: 25.892 ms
Download: 109.04 Mbit/s
Upload: 5.49 Mbit/s
Fri Dec 21 19:45:01 CET 2018
Ping: 25.864 ms
Download: 100.40 Mbit/s
Upload: 5.55 Mbit/s
Fri Dec 21 20:45:01 CET 2018
Ping: 26.383 ms
Download: 112.44 Mbit/s
Upload: 5.61 Mbit/s
Fri Dec 21 21:45:02 CET 2018
Ping: 28.263 ms
Download: 121.93 Mbit/s
Upload: 5.45 Mbit/s
Fri Dec 21 22:45:01 CET 2018
Ping: 25.666 ms
Download: 116.32 Mbit/s
Upload: 5.55 Mbit/s
Fri Dec 21 23:45:01 CET 2018
Ping: 25.161 ms
Download: 124.10 Mbit/s
Upload: 5.46 Mbit/s
Sat Dec 22 00:45:01 CET 2018
Ping: 25.263 ms
Download: 127.05 Mbit/s
Upload: 5.42 Mbit/s
Sat Dec 22 01:45:01 CET 2018
Ping: 25.838 ms
Download: 122.89 Mbit/s
Upload: 5.60 Mbit/s
Sat Dec 22 02:45:01 CET 2018
Ping: 25.566 ms
Download: 119.69 Mbit/s
Upload: 5.62 Mbit/s
Sat Dec 22 03:45:02 CET 2018
Ping: 25.182 ms
Download: 122.63 Mbit/s
Upload: 5.59 Mbit/s
Sat Dec 22 04:45:01 CET 2018
Ping: 26.156 ms
Download: 119.83 Mbit/s
Upload: 5.63 Mbit/s
Sat Dec 22 05:45:01 CET 2018
Ping: 24.379 ms
Download: 125.69 Mbit/s
Upload: 5.60 Mbit/s
Sat Dec 22 06:45:01 CET 2018
Ping: 25.311 ms
Download: 127.08 Mbit/s
Upload: 5.62 Mbit/s
Sat Dec 22 07:45:01 CET 2018
Ping: 24.926 ms
Download: 122.94 Mbit/s
Upload: 5.62 Mbit/s
Sat Dec 22 08:45:01 CET 2018
Ping: 24.312 ms
Download: 107.13 Mbit/s
Upload: 5.59 Mbit/s
Sat Dec 22 09:45:01 CET 2018
Ping: 25.953 ms
Download: 125.32 Mbit/s
Upload: 5.55 Mbit/s
Sat Dec 22 10:45:01 CET 2018
Ping: 25.0 ms
Download: 120.59 Mbit/s
Upload: 5.58 Mbit/s
Sat Dec 22 11:45:01 CET 2018
Ping: 24.194 ms
Download: 123.65 Mbit/s
Upload: 5.61 Mbit/s
Sat Dec 22 12:45:01 CET 2018
Ping: 27.748 ms
Download: 127.70 Mbit/s
Upload: 5.26 Mbit/s
Sat Dec 22 13:45:01 CET 2018
Ping: 26.071 ms
Download: 124.38 Mbit/s
Upload: 5.55 Mbit/s
Sat Dec 22 14:45:01 CET 2018
Ping: 25.699 ms
Download: 118.51 Mbit/s
Upload: 5.57 Mbit/s
Sat Dec 22 15:45:01 CET 2018
Ping: 25.104 ms
Download: 118.37 Mbit/s
Upload: 5.60 Mbit/s
Sat Dec 22 16:45:01 CET 2018
Ping: 26.941 ms
Download: 125.14 Mbit/s
Upload: 5.57 Mbit/s
Sat Dec 22 17:45:01 CET 2018
Ping: 26.821 ms
Download: 69.40 Mbit/s
Upload: 5.55 Mbit/s
Sat Dec 22 18:45:01 CET 2018
Ping: 25.803 ms
Download: 102.84 Mbit/s
Upload: 5.29 Mbit/s
Sat Dec 22 19:45:01 CET 2018
Ping: 25.159 ms
Download: 120.44 Mbit/s
Upload: 5.51 Mbit/s
Sat Dec 22 20:45:01 CET 2018
Ping: 26.061 ms
Download: 124.64 Mbit/s
Upload: 5.61 Mbit/s
Sat Dec 22 21:45:01 CET 2018
Ping: 25.553 ms
Download: 114.23 Mbit/s
Upload: 5.33 Mbit/s
Sat Dec 22 22:45:01 CET 2018
Ping: 24.652 ms
Download: 120.30 Mbit/s
Upload: 5.38 Mbit/s
Sat Dec 22 23:45:01 CET 2018
Ping: 26.368 ms
Download: 125.08 Mbit/s
Upload: 5.40 Mbit/s
Sun Dec 23 00:45:01 CET 2018
Ping: 25.475 ms
Download: 123.71 Mbit/s
Upload: 5.44 Mbit/s
Sun Dec 23 01:45:01 CET 2018
Ping: 25.477 ms
Download: 113.20 Mbit/s
Upload: 5.50 Mbit/s
Sun Dec 23 02:45:01 CET 2018
Ping: 26.525 ms
Download: 126.36 Mbit/s
Upload: 5.59 Mbit/s
Sun Dec 23 03:45:01 CET 2018
Ping: 26.029 ms
Download: 102.39 Mbit/s
Upload: 5.50 Mbit/s
Sun Dec 23 04:45:01 CET 2018
Ping: 25.084 ms
Download: 121.31 Mbit/s
Upload: 5.63 Mbit/s
Sun Dec 23 05:45:01 CET 2018
Ping: 26.441 ms
Download: 125.50 Mbit/s
Upload: 5.61 Mbit/s
Sun Dec 23 06:45:01 CET 2018
Ping: 25.37 ms
Download: 126.86 Mbit/s
Upload: 5.59 Mbit/s
Sun Dec 23 07:45:01 CET 2018
Ping: 25.225 ms
Download: 126.22 Mbit/s
Upload: 5.52 Mbit/s
Sun Dec 23 08:45:01 CET 2018
Ping: 25.231 ms
Download: 117.47 Mbit/s
Upload: 5.28 Mbit/s
Sun Dec 23 09:45:01 CET 2018
Ping: 24.035 ms
Download: 110.32 Mbit/s
Upload: 5.29 Mbit/s
Sun Dec 23 10:45:01 CET 2018
Ping: 25.617 ms
Download: 120.67 Mbit/s
Upload: 5.49 Mbit/s
Sun Dec 23 11:45:01 CET 2018
Ping: 25.686 ms
Download: 125.51 Mbit/s
Upload: 5.53 Mbit/s
Sun Dec 23 12:45:01 CET 2018
Ping: 25.61 ms
Download: 124.53 Mbit/s
Upload: 5.59 Mbit/s
Sun Dec 23 13:45:01 CET 2018
Ping: 27.574 ms
Download: 123.32 Mbit/s
Upload: 5.50 Mbit/s
Sun Dec 23 14:45:02 CET 2018
Ping: 25.856 ms
Download: 122.80 Mbit/s
Upload: 5.38 Mbit/s
Sun Dec 23 15:45:01 CET 2018
Ping: 25.947 ms
Download: 113.48 Mbit/s
Upload: 5.54 Mbit/s
Sun Dec 23 16:45:01 CET 2018
Ping: 27.322 ms
Download: 113.78 Mbit/s
Upload: 5.48 Mbit/s
Sun Dec 23 17:45:01 CET 2018
Ping: 26.616 ms
Download: 115.12 Mbit/s
Upload: 5.53 Mbit/s
Sun Dec 23 18:45:01 CET 2018
Ping: 26.315 ms
Download: 122.55 Mbit/s
Upload: 5.57 Mbit/s
Sun Dec 23 19:45:01 CET 2018
Ping: 25.426 ms
Download: 123.71 Mbit/s
Upload: 5.59 Mbit/s
Sun Dec 23 20:45:02 CET 2018
Ping: 25.971 ms
Download: 127.01 Mbit/s
Upload: 5.61 Mbit/s
Sun Dec 23 21:45:01 CET 2018
Ping: 28.054 ms
Download: 112.62 Mbit/s
Upload: 5.63 Mbit/s
Sun Dec 23 22:45:01 CET 2018
Ping: 25.652 ms
Download: 119.30 Mbit/s
Upload: 5.44 Mbit/s
Sun Dec 23 23:45:01 CET 2018
Ping: 27.458 ms
Download: 126.64 Mbit/s
Upload: 5.61 Mbit/s
Mon Dec 24 00:45:01 CET 2018
Ping: 26.677 ms
Download: 119.08 Mbit/s
Upload: 5.57 Mbit/s
Mon Dec 24 01:45:01 CET 2018
Ping: 26.657 ms
Download: 110.31 Mbit/s
Upload: 5.56 Mbit/s
Mon Dec 24 02:45:01 CET 2018
Ping: 26.234 ms
Download: 122.68 Mbit/s
Upload: 5.64 Mbit/s
Mon Dec 24 03:45:01 CET 2018
Ping: 24.246 ms
Download: 121.15 Mbit/s
Upload: 5.46 Mbit/s
Mon Dec 24 04:45:01 CET 2018
Ping: 26.423 ms
Download: 126.63 Mbit/s
Upload: 5.61 Mbit/s
Mon Dec 24 05:45:01 CET 2018
Ping: 25.555 ms
Download: 125.22 Mbit/s
Upload: 5.53 Mbit/s
Mon Dec 24 06:45:01 CET 2018
Ping: 25.305 ms
Download: 125.32 Mbit/s
Upload: 5.61 Mbit/s
Mon Dec 24 07:45:01 CET 2018
Ping: 26.792 ms
Download: 124.26 Mbit/s
Upload: 5.57 Mbit/s
Mon Dec 24 08:45:01 CET 2018
Ping: 23.999 ms
Download: 122.56 Mbit/s
Upload: 5.41 Mbit/s
Mon Dec 24 09:45:01 CET 2018
Ping: 25.86 ms
Download: 120.81 Mbit/s
Upload: 5.50 Mbit/s
Mon Dec 24 10:45:01 CET 2018
Ping: 24.355 ms
Download: 123.21 Mbit/s
Upload: 5.04 Mbit/s
Mon Dec 24 11:45:02 CET 2018
Ping: 26.119 ms
Download: 113.56 Mbit/s
Upload: 5.63 Mbit/s
Mon Dec 24 12:45:01 CET 2018
Ping: 26.391 ms
Download: 126.37 Mbit/s
Upload: 5.51 Mbit/s
Mon Dec 24 13:45:01 CET 2018
Ping: 24.502 ms
Download: 117.50 Mbit/s
Upload: 5.43 Mbit/s
Mon Dec 24 14:45:01 CET 2018
Ping: 26.382 ms
Download: 90.17 Mbit/s
Upload: 5.31 Mbit/s
Mon Dec 24 15:45:01 CET 2018
Ping: 26.38 ms
Download: 106.95 Mbit/s
Upload: 5.10 Mbit/s
Mon Dec 24 16:45:01 CET 2018
Ping: 28.073 ms
Download: 124.54 Mbit/s
Upload: 5.53 Mbit/s
Mon Dec 24 17:45:01 CET 2018
Ping: 24.728 ms
Download: 118.67 Mbit/s
Upload: 5.39 Mbit/s
Mon Dec 24 18:45:01 CET 2018
Ping: 28.724 ms
Download: 121.65 Mbit/s
Upload: 5.43 Mbit/s
Mon Dec 24 19:45:02 CET 2018
Ping: 24.404 ms
Download: 120.03 Mbit/s
Upload: 5.53 Mbit/s
Mon Dec 24 20:45:01 CET 2018
Ping: 27.951 ms
Download: 120.46 Mbit/s
Upload: 5.50 Mbit/s
Mon Dec 24 21:45:01 CET 2018
Ping: 24.926 ms
Download: 119.16 Mbit/s
Upload: 5.44 Mbit/s
Mon Dec 24 22:45:01 CET 2018
Ping: 24.606 ms
Download: 125.58 Mbit/s
Upload: 5.63 Mbit/s
Mon Dec 24 23:45:01 CET 2018
Ping: 25.482 ms
Download: 123.27 Mbit/s
Upload: 5.59 Mbit/s
Tue Dec 25 00:45:01 CET 2018
Ping: 24.618 ms
Download: 115.42 Mbit/s
Upload: 5.61 Mbit/s
Tue Dec 25 01:45:01 CET 2018
Ping: 26.113 ms
Download: 115.90 Mbit/s
Upload: 5.58 Mbit/s
Tue Dec 25 02:45:01 CET 2018
Ping: 26.049 ms
Download: 104.15 Mbit/s
Upload: 5.60 Mbit/s
Tue Dec 25 03:45:02 CET 2018
Ping: 26.254 ms
Download: 124.84 Mbit/s
Upload: 5.53 Mbit/s
Tue Dec 25 04:45:02 CET 2018
Ping: 25.996 ms
Download: 117.71 Mbit/s
Upload: 5.62 Mbit/s
Tue Dec 25 05:45:01 CET 2018
Ping: 24.395 ms
Download: 114.15 Mbit/s
Upload: 5.62 Mbit/s
Tue Dec 25 06:45:01 CET 2018
Ping: 25.755 ms
Download: 120.01 Mbit/s
Upload: 5.55 Mbit/s
Tue Dec 25 07:45:01 CET 2018
Ping: 24.918 ms
Download: 119.40 Mbit/s
Upload: 5.56 Mbit/s
Tue Dec 25 08:45:01 CET 2018
Ping: 27.215 ms
Download: 125.82 Mbit/s
Upload: 5.58 Mbit/s
Tue Dec 25 09:45:01 CET 2018
Ping: 26.38 ms
Download: 121.78 Mbit/s
Upload: 5.53 Mbit/s
Tue Dec 25 10:45:01 CET 2018
Ping: 25.121 ms
Download: 120.59 Mbit/s
Upload: 5.30 Mbit/s
Tue Dec 25 11:45:01 CET 2018
Ping: 25.541 ms
Download: 123.69 Mbit/s
Upload: 5.55 Mbit/s
Tue Dec 25 12:45:01 CET 2018
Ping: 25.474 ms
Download: 117.73 Mbit/s
Upload: 5.45 Mbit/s
Tue Dec 25 13:45:01 CET 2018
Ping: 26.357 ms
Download: 126.38 Mbit/s
Upload: 5.59 Mbit/s
Tue Dec 25 14:45:01 CET 2018
Ping: 25.28 ms
Download: 124.99 Mbit/s
Upload: 5.53 Mbit/s
Tue Dec 25 15:45:01 CET 2018
Ping: 25.882 ms
Download: 120.63 Mbit/s
Upload: 5.58 Mbit/s
Tue Dec 25 16:45:01 CET 2018
Ping: 24.654 ms
Download: 123.26 Mbit/s
Upload: 5.52 Mbit/s
Tue Dec 25 17:45:02 CET 2018
Ping: 26.097 ms
Download: 126.06 Mbit/s
Upload: 5.46 Mbit/s
Tue Dec 25 18:45:01 CET 2018
Ping: 26.248 ms
Download: 126.03 Mbit/s
Upload: 5.63 Mbit/s
Tue Dec 25 19:45:01 CET 2018
Ping: 27.262 ms
Download: 125.77 Mbit/s
Upload: 5.54 Mbit/s
Tue Dec 25 20:45:02 CET 2018
Ping: 26.6 ms
Download: 122.48 Mbit/s
Upload: 5.29 Mbit/s
Tue Dec 25 21:45:01 CET 2018
Ping: 25.056 ms
Download: 109.65 Mbit/s
Upload: 5.19 Mbit/s
Tue Dec 25 22:45:01 CET 2018
Ping: 25.53 ms
Download: 124.61 Mbit/s
Upload: 5.58 Mbit/s
Tue Dec 25 23:45:01 CET 2018
Ping: 27.872 ms
Download: 127.00 Mbit/s
Upload: 5.59 Mbit/s
Wed Dec 26 00:45:01 CET 2018
Ping: 26.06 ms
Download: 123.24 Mbit/s
Upload: 5.61 Mbit/s
Wed Dec 26 01:45:02 CET 2018
Ping: 25.676 ms
Download: 125.98 Mbit/s
Upload: 5.52 Mbit/s
Wed Dec 26 02:45:01 CET 2018
Ping: 26.55 ms
Download: 125.58 Mbit/s
Upload: 5.38 Mbit/s
Wed Dec 26 03:45:02 CET 2018
Ping: 25.56 ms
Download: 124.44 Mbit/s
Upload: 5.62 Mbit/s
Wed Dec 26 04:45:01 CET 2018
Ping: 25.274 ms
Download: 123.90 Mbit/s
Upload: 5.53 Mbit/s
Wed Dec 26 05:45:01 CET 2018
Ping: 26.685 ms
Download: 125.14 Mbit/s
Upload: 5.59 Mbit/s
Wed Dec 26 06:45:01 CET 2018
Ping: 26.23 ms
Download: 125.10 Mbit/s
Upload: 5.55 Mbit/s
Wed Dec 26 07:45:01 CET 2018
Ping: 25.003 ms
Download: 125.70 Mbit/s
Upload: 5.56 Mbit/s
Wed Dec 26 08:45:01 CET 2018
Ping: 26.263 ms
Download: 111.81 Mbit/s
Upload: 5.57 Mbit/s
Wed Dec 26 09:45:01 CET 2018
Ping: 26.964 ms
Download: 124.05 Mbit/s
Upload: 5.63 Mbit/s
Wed Dec 26 10:45:01 CET 2018
Ping: 26.404 ms
Download: 125.03 Mbit/s
Upload: 5.40 Mbit/s
Wed Dec 26 11:45:01 CET 2018
Ping: 26.407 ms
Download: 124.89 Mbit/s
Upload: 5.62 Mbit/s
Wed Dec 26 12:45:01 CET 2018
Ping: 26.053 ms
Download: 125.82 Mbit/s
Upload: 5.62 Mbit/s
Wed Dec 26 13:45:01 CET 2018
Ping: 26.13 ms
Download: 123.73 Mbit/s
Upload: 5.54 Mbit/s
Wed Dec 26 14:45:01 CET 2018
Ping: 25.494 ms
Download: 116.76 Mbit/s
Upload: 5.56 Mbit/s
Wed Dec 26 15:45:01 CET 2018
Ping: 25.432 ms
Download: 125.47 Mbit/s
Upload: 5.58 Mbit/s
Wed Dec 26 16:45:01 CET 2018
Ping: 27.675 ms
Download: 121.65 Mbit/s
Upload: 5.46 Mbit/s
Wed Dec 26 17:45:01 CET 2018
Ping: 26.355 ms
Download: 126.17 Mbit/s
Upload: 5.60 Mbit/s
Wed Dec 26 18:45:01 CET 2018
Ping: 27.261 ms
Download: 120.77 Mbit/s
Upload: 5.62 Mbit/s
Wed Dec 26 19:45:01 CET 2018
Ping: 27.958 ms
Download: 118.86 Mbit/s
Upload: 5.50 Mbit/s
Wed Dec 26 20:45:01 CET 2018
Ping: 28.3 ms
Download: 116.50 Mbit/s
Upload: 5.40 Mbit/s
Wed Dec 26 21:45:01 CET 2018
Ping: 26.198 ms
Download: 125.09 Mbit/s
Upload: 5.58 Mbit/s
Wed Dec 26 22:45:01 CET 2018
Ping: 27.593 ms
Download: 124.35 Mbit/s
Upload: 5.60 Mbit/s
Wed Dec 26 23:45:02 CET 2018
Ping: 27.177 ms
Download: 125.50 Mbit/s
Upload: 5.58 Mbit/s
Thu Dec 27 00:45:01 CET 2018
Ping: 25.323 ms
Download: 125.62 Mbit/s
Upload: 5.50 Mbit/s
Thu Dec 27 01:45:01 CET 2018
Ping: 26.285 ms
Download: 125.35 Mbit/s
Upload: 5.54 Mbit/s
Thu Dec 27 02:45:01 CET 2018
Ping: 25.661 ms
Download: 119.31 Mbit/s
Upload: 5.23 Mbit/s
Thu Dec 27 03:45:01 CET 2018
Ping: 27.191 ms
Download: 123.73 Mbit/s
Upload: 5.53 Mbit/s
Thu Dec 27 04:45:01 CET 2018
Ping: 26.306 ms
Download: 123.27 Mbit/s
Upload: 5.59 Mbit/s
Thu Dec 27 05:45:01 CET 2018
Ping: 26.39 ms
Download: 127.85 Mbit/s
Upload: 5.63 Mbit/s
Thu Dec 27 06:45:01 CET 2018
Ping: 24.013 ms
Download: 126.06 Mbit/s
Upload: 5.58 Mbit/s
Thu Dec 27 07:45:01 CET 2018
Ping: 25.33 ms
Download: 126.36 Mbit/s
Upload: 5.58 Mbit/s
Thu Dec 27 08:45:01 CET 2018
Ping: 25.467 ms
Download: 103.36 Mbit/s
Upload: 5.60 Mbit/s
Thu Dec 27 09:45:01 CET 2018
Ping: 24.183 ms
Download: 119.19 Mbit/s
Upload: 5.55 Mbit/s
Thu Dec 27 10:45:01 CET 2018
Ping: 25.679 ms
Download: 126.68 Mbit/s
Upload: 5.26 Mbit/s
Thu Dec 27 11:45:01 CET 2018
Ping: 26.074 ms
Download: 121.03 Mbit/s
Upload: 5.26 Mbit/s
Thu Dec 27 12:45:01 CET 2018
Ping: 26.211 ms
Download: 112.92 Mbit/s
Upload: 5.62 Mbit/s
Thu Dec 27 13:45:01 CET 2018
Ping: 25.433 ms
Download: 126.07 Mbit/s
Upload: 5.45 Mbit/s
Thu Dec 27 14:45:01 CET 2018
Ping: 25.475 ms
Download: 122.43 Mbit/s
Upload: 5.46 Mbit/s
Thu Dec 27 15:45:01 CET 2018
Ping: 25.033 ms
Download: 123.64 Mbit/s
Upload: 5.55 Mbit/s
Thu Dec 27 16:45:02 CET 2018
Ping: 25.131 ms
Download: 121.74 Mbit/s
Upload: 5.62 Mbit/s
Thu Dec 27 17:45:01 CET 2018
Ping: 25.599 ms
Download: 122.80 Mbit/s
Upload: 5.53 Mbit/s
Thu Dec 27 18:45:01 CET 2018
Ping: 26.204 ms
Download: 118.97 Mbit/s
Upload: 5.46 Mbit/s
Thu Dec 27 19:45:01 CET 2018
Ping: 25.191 ms
Download: 127.37 Mbit/s
Upload: 5.40 Mbit/s
Thu Dec 27 20:45:01 CET 2018
Ping: 26.053 ms
Download: 124.89 Mbit/s
Upload: 5.53 Mbit/s
Thu Dec 27 21:45:01 CET 2018
Ping: 26.681 ms
Download: 116.17 Mbit/s
Upload: 5.36 Mbit/s
Thu Dec 27 22:45:01 CET 2018
Ping: 25.64 ms
Download: 124.60 Mbit/s
Upload: 5.48 Mbit/s
Thu Dec 27 23:45:01 CET 2018
Ping: 26.64 ms
Download: 122.73 Mbit/s
Upload: 5.61 Mbit/s
Fri Dec 28 00:45:01 CET 2018
Ping: 25.89 ms
Download: 125.47 Mbit/s
Upload: 5.44 Mbit/s
Fri Dec 28 01:45:01 CET 2018
Ping: 24.726 ms
Download: 106.54 Mbit/s
Upload: 5.58 Mbit/s
Fri Dec 28 02:45:01 CET 2018
Ping: 25.47 ms
Download: 117.97 Mbit/s
Upload: 5.56 Mbit/s
Fri Dec 28 03:45:01 CET 2018
Ping: 23.8 ms
Download: 124.82 Mbit/s
Upload: 5.58 Mbit/s
Fri Dec 28 04:45:01 CET 2018
Ping: 25.797 ms
Download: 121.16 Mbit/s
Upload: 5.60 Mbit/s
Fri Dec 28 05:45:01 CET 2018
Ping: 25.531 ms
Download: 107.94 Mbit/s
Upload: 5.61 Mbit/s
Fri Dec 28 06:45:02 CET 2018
Ping: 25.852 ms
Download: 124.60 Mbit/s
Upload: 5.60 Mbit/s
Fri Dec 28 07:45:01 CET 2018
Ping: 26.268 ms
Download: 124.08 Mbit/s
Upload: 5.59 Mbit/s
Fri Dec 28 08:45:01 CET 2018
Ping: 24.421 ms
Download: 121.74 Mbit/s
Upload: 5.63 Mbit/s
Fri Dec 28 09:45:01 CET 2018
Ping: 26.391 ms
Download: 115.35 Mbit/s
Upload: 5.38 Mbit/s
Fri Dec 28 10:45:01 CET 2018
Ping: 27.739 ms
Download: 118.32 Mbit/s
Upload: 5.00 Mbit/s
Fri Dec 28 11:45:01 CET 2018
Ping: 25.321 ms
Download: 122.54 Mbit/s
Upload: 5.52 Mbit/s
Fri Dec 28 12:45:01 CET 2018
Ping: 24.395 ms
Download: 124.73 Mbit/s
Upload: 5.51 Mbit/s
Fri Dec 28 13:45:02 CET 2018
Ping: 26.965 ms
Download: 126.24 Mbit/s
Upload: 5.52 Mbit/s
Fri Dec 28 14:45:01 CET 2018
Ping: 25.268 ms
Download: 110.25 Mbit/s
Upload: 5.48 Mbit/s
Fri Dec 28 15:45:01 CET 2018
Ping: 26.036 ms
Download: 107.04 Mbit/s
Upload: 5.48 Mbit/s
Fri Dec 28 16:45:01 CET 2018
Ping: 26.016 ms
Download: 124.17 Mbit/s
Upload: 5.32 Mbit/s
Fri Dec 28 17:45:01 CET 2018
Ping: 26.443 ms
Download: 115.95 Mbit/s
Upload: 5.43 Mbit/s
Fri Dec 28 18:45:01 CET 2018
Ping: 25.603 ms
Download: 123.92 Mbit/s
Upload: 5.61 Mbit/s
Fri Dec 28 19:45:01 CET 2018
Ping: 26.29 ms
Download: 125.17 Mbit/s
Upload: 5.58 Mbit/s
Fri Dec 28 20:45:01 CET 2018
Ping: 26.817 ms
Download: 103.65 Mbit/s
Upload: 5.26 Mbit/s
Fri Dec 28 21:45:01 CET 2018
Ping: 26.37 ms
Download: 119.12 Mbit/s
Upload: 5.41 Mbit/s
Fri Dec 28 22:45:01 CET 2018
Ping: 24.246 ms
Download: 120.02 Mbit/s
Upload: 5.51 Mbit/s
Fri Dec 28 23:45:01 CET 2018
Ping: 26.408 ms
Download: 124.90 Mbit/s
Upload: 5.46 Mbit/s
Sat Dec 29 00:45:01 CET 2018
Ping: 26.387 ms
Download: 126.74 Mbit/s
Upload: 5.37 Mbit/s
Sat Dec 29 01:45:02 CET 2018
Ping: 27.032 ms
Download: 121.56 Mbit/s
Upload: 5.55 Mbit/s
Sat Dec 29 02:45:01 CET 2018
Ping: 25.347 ms
Download: 124.07 Mbit/s
Upload: 5.57 Mbit/s
Sat Dec 29 03:45:01 CET 2018
Ping: 26.07 ms
Download: 124.41 Mbit/s
Upload: 5.60 Mbit/s
Sat Dec 29 04:45:01 CET 2018
Ping: 26.462 ms
Download: 127.05 Mbit/s
Upload: 5.68 Mbit/s
Sat Dec 29 05:45:01 CET 2018
Ping: 24.882 ms
Download: 121.28 Mbit/s
Upload: 5.57 Mbit/s
Sat Dec 29 06:45:01 CET 2018
Ping: 24.498 ms
Download: 125.58 Mbit/s
Upload: 5.52 Mbit/s
Sat Dec 29 07:45:01 CET 2018
Ping: 24.937 ms
Download: 118.28 Mbit/s
Upload: 5.63 Mbit/s
Sat Dec 29 08:45:01 CET 2018
Ping: 26.683 ms
Download: 126.24 Mbit/s
Upload: 5.63 Mbit/s
Sat Dec 29 09:45:01 CET 2018
Ping: 27.312 ms
Download: 118.29 Mbit/s
Upload: 5.55 Mbit/s
Sat Dec 29 10:45:01 CET 2018
Ping: 26.036 ms
Download: 124.26 Mbit/s
Upload: 5.60 Mbit/s
Sat Dec 29 11:45:01 CET 2018
Ping: 25.366 ms
Download: 123.44 Mbit/s
Upload: 5.55 Mbit/s
Sat Dec 29 12:45:01 CET 2018
Ping: 25.405 ms
Download: 126.27 Mbit/s
Upload: 5.56 Mbit/s
Sat Dec 29 13:45:01 CET 2018
Ping: 26.156 ms
Download: 117.61 Mbit/s
Upload: 5.41 Mbit/s
Sat Dec 29 14:45:01 CET 2018
Ping: 25.654 ms
Download: 123.03 Mbit/s
Upload: 5.56 Mbit/s
Sat Dec 29 15:45:01 CET 2018
Ping: 25.421 ms
Download: 117.17 Mbit/s
Upload: 5.56 Mbit/s
Sat Dec 29 16:45:01 CET 2018
Ping: 25.228 ms
Download: 119.16 Mbit/s
Upload: 5.53 Mbit/s
Sat Dec 29 17:45:01 CET 2018
Ping: 25.241 ms
Download: 126.07 Mbit/s
Upload: 5.59 Mbit/s
Sat Dec 29 18:45:01 CET 2018
Ping: 26.453 ms
Download: 122.84 Mbit/s
Upload: 5.64 Mbit/s
Sat Dec 29 19:45:01 CET 2018
Ping: 25.09 ms
Download: 119.43 Mbit/s
Upload: 5.25 Mbit/s
Sat Dec 29 20:45:01 CET 2018
Ping: 26.631 ms
Download: 107.93 Mbit/s
Upload: 5.25 Mbit/s
Sat Dec 29 21:45:01 CET 2018
Ping: 27.052 ms
Download: 121.90 Mbit/s
Upload: 5.58 Mbit/s
Sat Dec 29 22:45:01 CET 2018
Ping: 25.65 ms
Download: 125.07 Mbit/s
Upload: 5.52 Mbit/s
Sat Dec 29 23:45:02 CET 2018
Ping: 24.876 ms
Download: 89.89 Mbit/s
Upload: 5.49 Mbit/s
Sun Dec 30 00:45:01 CET 2018
Ping: 25.689 ms
Download: 121.88 Mbit/s
Upload: 5.56 Mbit/s
Sun Dec 30 01:45:01 CET 2018
Ping: 24.792 ms
Download: 126.06 Mbit/s
Upload: 5.54 Mbit/s
Sun Dec 30 02:45:01 CET 2018
Ping: 26.028 ms
Download: 121.10 Mbit/s
Upload: 5.62 Mbit/s
Sun Dec 30 03:45:02 CET 2018
Ping: 25.551 ms
Download: 115.77 Mbit/s
Upload: 5.56 Mbit/s
Sun Dec 30 04:45:01 CET 2018
Ping: 24.522 ms
Download: 115.15 Mbit/s
Upload: 5.58 Mbit/s
Sun Dec 30 05:45:01 CET 2018
Ping: 26.383 ms
Download: 121.08 Mbit/s
Upload: 5.61 Mbit/s
Sun Dec 30 06:45:01 CET 2018
Ping: 26.86 ms
Download: 126.47 Mbit/s
Upload: 5.57 Mbit/s
Sun Dec 30 07:45:01 CET 2018
Ping: 24.816 ms
Download: 127.31 Mbit/s
Upload: 5.61 Mbit/s
Sun Dec 30 08:45:01 CET 2018
Ping: 24.796 ms
Download: 118.09 Mbit/s
Upload: 5.53 Mbit/s
Sun Dec 30 09:45:01 CET 2018
Ping: 24.184 ms
Download: 123.35 Mbit/s
Upload: 5.54 Mbit/s
Sun Dec 30 10:45:01 CET 2018
Ping: 25.532 ms
Download: 125.77 Mbit/s
Upload: 5.59 Mbit/s
Sun Dec 30 11:45:01 CET 2018
Ping: 24.396 ms
Download: 124.16 Mbit/s
Upload: 5.52 Mbit/s
Sun Dec 30 12:45:01 CET 2018
Ping: 26.415 ms
Download: 118.53 Mbit/s
Upload: 5.55 Mbit/s
Sun Dec 30 13:45:01 CET 2018
Ping: 24.71 ms
Download: 125.59 Mbit/s
Upload: 5.63 Mbit/s
Sun Dec 30 14:45:01 CET 2018
Ping: 27.076 ms
Download: 117.32 Mbit/s
Upload: 5.57 Mbit/s
Sun Dec 30 15:45:01 CET 2018
Ping: 25.23 ms
Download: 126.38 Mbit/s
Upload: 5.61 Mbit/s
Sun Dec 30 16:45:01 CET 2018
Ping: 27.531 ms
Download: 103.55 Mbit/s
Upload: 5.52 Mbit/s
Sun Dec 30 17:45:01 CET 2018
Ping: 25.001 ms
Download: 108.72 Mbit/s
Upload: 5.42 Mbit/s
Sun Dec 30 18:45:01 CET 2018
Ping: 26.714 ms
Download: 121.59 Mbit/s
Upload: 5.58 Mbit/s
Sun Dec 30 19:45:01 CET 2018
Ping: 26.195 ms
Download: 120.65 Mbit/s
Upload: 5.38 Mbit/s
Sun Dec 30 20:45:01 CET 2018
Ping: 26.221 ms
Download: 111.05 Mbit/s
Upload: 5.40 Mbit/s
Sun Dec 30 21:45:01 CET 2018
Ping: 25.069 ms
Download: 112.80 Mbit/s
Upload: 5.40 Mbit/s
Sun Dec 30 22:45:01 CET 2018
Ping: 24.728 ms
Download: 116.11 Mbit/s
Upload: 5.48 Mbit/s
Sun Dec 30 23:45:02 CET 2018
Ping: 25.53 ms
Download: 124.65 Mbit/s
Upload: 5.58 Mbit/s
Mon Dec 31 00:45:01 CET 2018
Ping: 25.869 ms
Download: 123.26 Mbit/s
Upload: 5.55 Mbit/s
Mon Dec 31 01:45:02 CET 2018
Ping: 25.082 ms
Download: 114.38 Mbit/s
Upload: 5.62 Mbit/s
Mon Dec 31 02:45:01 CET 2018
Ping: 24.511 ms
Download: 124.06 Mbit/s
Upload: 5.62 Mbit/s
Mon Dec 31 03:45:01 CET 2018
Ping: 26.339 ms
Download: 119.35 Mbit/s
Upload: 5.56 Mbit/s
Mon Dec 31 04:45:01 CET 2018
Ping: 25.482 ms
Download: 125.92 Mbit/s
Upload: 5.59 Mbit/s
Mon Dec 31 05:45:01 CET 2018
Ping: 26.57 ms
Download: 121.73 Mbit/s
Upload: 5.60 Mbit/s
Mon Dec 31 06:45:02 CET 2018
Ping: 26.035 ms
Download: 123.65 Mbit/s
Upload: 5.57 Mbit/s
Mon Dec 31 07:45:01 CET 2018
Ping: 25.725 ms
Download: 116.58 Mbit/s
Upload: 5.55 Mbit/s
Mon Dec 31 08:45:01 CET 2018
Ping: 25.913 ms
Download: 117.35 Mbit/s
Upload: 5.41 Mbit/s
Mon Dec 31 09:45:01 CET 2018
Ping: 24.083 ms
Download: 117.34 Mbit/s
Upload: 5.52 Mbit/s
Mon Dec 31 10:45:01 CET 2018
Ping: 25.695 ms
Download: 119.08 Mbit/s
Upload: 5.26 Mbit/s
Mon Dec 31 11:45:01 CET 2018
Ping: 24.809 ms
Download: 117.71 Mbit/s
Upload: 5.62 Mbit/s
Mon Dec 31 12:45:01 CET 2018
Ping: 27.103 ms
Download: 114.38 Mbit/s
Upload: 4.97 Mbit/s
Mon Dec 31 13:45:01 CET 2018
Ping: 25.81 ms
Download: 125.67 Mbit/s
Upload: 5.25 Mbit/s
Mon Dec 31 14:45:01 CET 2018
Ping: 24.695 ms
Download: 113.56 Mbit/s
Upload: 5.49 Mbit/s
Mon Dec 31 15:45:01 CET 2018
Ping: 28.003 ms
Download: 122.91 Mbit/s
Upload: 4.86 Mbit/s
Mon Dec 31 16:45:01 CET 2018
Ping: 26.805 ms
Download: 121.71 Mbit/s
Upload: 5.48 Mbit/s
Mon Dec 31 17:45:01 CET 2018
Ping: 27.667 ms
Download: 116.33 Mbit/s
Upload: 5.48 Mbit/s
Mon Dec 31 18:45:01 CET 2018
Ping: 25.877 ms
Download: 115.36 Mbit/s
Upload: 5.52 Mbit/s
Mon Dec 31 19:45:01 CET 2018
Ping: 28.386 ms
Download: 117.76 Mbit/s
Upload: 5.60 Mbit/s
Mon Dec 31 20:45:01 CET 2018
Ping: 26.693 ms
Download: 127.07 Mbit/s
Upload: 5.50 Mbit/s
Mon Dec 31 21:45:01 CET 2018
Ping: 25.493 ms
Download: 107.20 Mbit/s
Upload: 5.57 Mbit/s
Mon Dec 31 22:45:01 CET 2018
Ping: 25.938 ms
Download: 126.30 Mbit/s
Upload: 5.45 Mbit/s
Mon Dec 31 23:45:01 CET 2018
Ping: 28.306 ms
Download: 125.62 Mbit/s
Upload: 5.59 Mbit/s
