Sun Apr  1 00:45:01 CEST 2018
Ping: 26.146 ms
Download: 122.88 Mbit/s
Upload: 5.52 Mbit/s
Sun Apr  1 01:45:01 CEST 2018
Ping: 26.619 ms
Download: 126.60 Mbit/s
Upload: 5.67 Mbit/s
Sun Apr  1 02:45:01 CEST 2018
Ping: 25.646 ms
Download: 127.92 Mbit/s
Upload: 5.59 Mbit/s
Sun Apr  1 03:45:01 CEST 2018
Ping: 26.249 ms
Download: 128.02 Mbit/s
Upload: 5.55 Mbit/s
Sun Apr  1 04:45:01 CEST 2018
Ping: 27.538 ms
Download: 126.24 Mbit/s
Upload: 5.58 Mbit/s
Sun Apr  1 05:45:02 CEST 2018
Ping: 30.051 ms
Download: 116.11 Mbit/s
Upload: 5.62 Mbit/s
Sun Apr  1 06:45:01 CEST 2018
Ping: 26.131 ms
Download: 126.75 Mbit/s
Upload: 5.61 Mbit/s
Sun Apr  1 07:45:01 CEST 2018
Ping: 25.647 ms
Download: 125.21 Mbit/s
Upload: 5.63 Mbit/s
Sun Apr  1 08:45:01 CEST 2018
Ping: 26.878 ms
Download: 114.38 Mbit/s
Upload: 5.65 Mbit/s
Sun Apr  1 09:45:01 CEST 2018
Ping: 28.254 ms
Download: 125.75 Mbit/s
Upload: 5.63 Mbit/s
Sun Apr  1 10:45:01 CEST 2018
Ping: 25.746 ms
Download: 126.14 Mbit/s
Upload: 5.40 Mbit/s
Sun Apr  1 11:45:01 CEST 2018
Ping: 25.909 ms
Download: 111.95 Mbit/s
Upload: 5.46 Mbit/s
Sun Apr  1 12:45:01 CEST 2018
Ping: 26.144 ms
Download: 114.34 Mbit/s
Upload: 5.45 Mbit/s
Sun Apr  1 13:45:01 CEST 2018
Ping: 28.316 ms
Download: 119.55 Mbit/s
Upload: 5.61 Mbit/s
Sun Apr  1 14:45:01 CEST 2018
Ping: 27.281 ms
Download: 110.77 Mbit/s
Upload: 5.61 Mbit/s
Sun Apr  1 15:45:01 CEST 2018
Ping: 25.988 ms
Download: 126.91 Mbit/s
Upload: 5.61 Mbit/s
Sun Apr  1 16:45:01 CEST 2018
Ping: 26.307 ms
Download: 127.12 Mbit/s
Upload: 5.61 Mbit/s
Sun Apr  1 17:45:01 CEST 2018
Ping: 24.454 ms
Download: 112.32 Mbit/s
Upload: 5.46 Mbit/s
Sun Apr  1 18:45:01 CEST 2018
Ping: 28.822 ms
Download: 114.12 Mbit/s
Upload: 5.56 Mbit/s
Sun Apr  1 19:45:01 CEST 2018
Ping: 27.327 ms
Download: 122.99 Mbit/s
Upload: 5.61 Mbit/s
Sun Apr  1 20:45:01 CEST 2018
Ping: 23.41 ms
Download: 113.37 Mbit/s
Upload: 5.66 Mbit/s
Sun Apr  1 21:45:02 CEST 2018
Ping: 27.3 ms
Download: 112.10 Mbit/s
Upload: 5.46 Mbit/s
Sun Apr  1 22:45:01 CEST 2018
Ping: 26.333 ms
Download: 121.12 Mbit/s
Upload: 5.46 Mbit/s
Sun Apr  1 23:45:01 CEST 2018
Ping: 28.155 ms
Download: 113.40 Mbit/s
Upload: 5.53 Mbit/s
Mon Apr  2 00:45:01 CEST 2018
Ping: 27.118 ms
Download: 123.44 Mbit/s
Upload: 5.51 Mbit/s
Mon Apr  2 01:45:01 CEST 2018
Ping: 27.387 ms
Download: 127.15 Mbit/s
Upload: 5.56 Mbit/s
Mon Apr  2 02:45:01 CEST 2018
Ping: 24.978 ms
Download: 124.86 Mbit/s
Upload: 5.61 Mbit/s
Mon Apr  2 03:45:01 CEST 2018
Ping: 26.963 ms
Download: 128.18 Mbit/s
Upload: 5.67 Mbit/s
Mon Apr  2 04:45:01 CEST 2018
Ping: 26.153 ms
Download: 121.95 Mbit/s
Upload: 5.66 Mbit/s
Mon Apr  2 05:45:01 CEST 2018
Ping: 24.165 ms
Download: 127.51 Mbit/s
Upload: 5.66 Mbit/s
Mon Apr  2 06:45:01 CEST 2018
Ping: 25.585 ms
Download: 127.32 Mbit/s
Upload: 5.62 Mbit/s
Mon Apr  2 07:45:01 CEST 2018
Ping: 30.691 ms
Download: 105.21 Mbit/s
Upload: 5.55 Mbit/s
Mon Apr  2 08:45:01 CEST 2018
Ping: 26.457 ms
Download: 89.14 Mbit/s
Upload: 5.61 Mbit/s
Mon Apr  2 09:45:01 CEST 2018
Ping: 27.767 ms
Download: 120.61 Mbit/s
Upload: 5.66 Mbit/s
Mon Apr  2 10:45:01 CEST 2018
Ping: 26.522 ms
Download: 127.19 Mbit/s
Upload: 5.56 Mbit/s
Mon Apr  2 11:45:01 CEST 2018
Ping: 24.718 ms
Download: 122.09 Mbit/s
Upload: 5.57 Mbit/s
Mon Apr  2 12:45:01 CEST 2018
Ping: 27.683 ms
Download: 127.55 Mbit/s
Upload: 5.62 Mbit/s
Mon Apr  2 13:45:01 CEST 2018
Ping: 23.609 ms
Download: 127.21 Mbit/s
Upload: 5.43 Mbit/s
Mon Apr  2 14:45:01 CEST 2018
Ping: 24.308 ms
Download: 126.32 Mbit/s
Upload: 5.57 Mbit/s
Mon Apr  2 15:45:01 CEST 2018
Ping: 26.554 ms
Download: 124.66 Mbit/s
Upload: 5.53 Mbit/s
Mon Apr  2 16:45:01 CEST 2018
Ping: 28.114 ms
Download: 121.67 Mbit/s
Upload: 5.54 Mbit/s
Mon Apr  2 17:45:01 CEST 2018
Ping: 25.371 ms
Download: 127.52 Mbit/s
Upload: 5.42 Mbit/s
Mon Apr  2 18:45:01 CEST 2018
Ping: 26.863 ms
Download: 117.13 Mbit/s
Upload: 5.39 Mbit/s
Mon Apr  2 19:45:01 CEST 2018
Ping: 27.396 ms
Download: 124.00 Mbit/s
Upload: 5.30 Mbit/s
Mon Apr  2 20:45:01 CEST 2018
Ping: 26.457 ms
Download: 117.18 Mbit/s
Upload: 5.47 Mbit/s
Mon Apr  2 21:45:01 CEST 2018
Ping: 26.528 ms
Download: 102.57 Mbit/s
Upload: 5.59 Mbit/s
Mon Apr  2 22:45:01 CEST 2018
Ping: 28.523 ms
Download: 118.35 Mbit/s
Upload: 5.51 Mbit/s
Mon Apr  2 23:45:01 CEST 2018
Ping: 25.868 ms
Download: 119.06 Mbit/s
Upload: 5.57 Mbit/s
Tue Apr  3 00:45:01 CEST 2018
Ping: 25.221 ms
Download: 115.14 Mbit/s
Upload: 5.43 Mbit/s
Tue Apr  3 01:45:01 CEST 2018
Ping: 27.73 ms
Download: 100.50 Mbit/s
Upload: 5.52 Mbit/s
Tue Apr  3 02:45:01 CEST 2018
Ping: 25.661 ms
Download: 127.59 Mbit/s
Upload: 5.57 Mbit/s
Tue Apr  3 03:45:01 CEST 2018
Ping: 28.031 ms
Download: 127.15 Mbit/s
Upload: 5.52 Mbit/s
Tue Apr  3 04:45:01 CEST 2018
Ping: 26.828 ms
Download: 126.71 Mbit/s
Upload: 4.85 Mbit/s
Tue Apr  3 05:45:01 CEST 2018
Ping: 27.781 ms
Download: 126.36 Mbit/s
Upload: 5.64 Mbit/s
Tue Apr  3 06:45:01 CEST 2018
Ping: 30.619 ms
Download: 118.05 Mbit/s
Upload: 5.56 Mbit/s
Tue Apr  3 07:45:01 CEST 2018
Ping: 25.395 ms
Download: 127.53 Mbit/s
Upload: 5.60 Mbit/s
Tue Apr  3 08:45:01 CEST 2018
Ping: 26.306 ms
Download: 125.04 Mbit/s
Upload: 5.59 Mbit/s
Tue Apr  3 09:45:01 CEST 2018
Ping: 24.643 ms
Download: 123.09 Mbit/s
Upload: 5.42 Mbit/s
Tue Apr  3 10:45:01 CEST 2018
Ping: 28.388 ms
Download: 120.37 Mbit/s
Upload: 5.59 Mbit/s
Tue Apr  3 11:45:01 CEST 2018
Ping: 27.653 ms
Download: 107.15 Mbit/s
Upload: 5.53 Mbit/s
Tue Apr  3 12:45:01 CEST 2018
Ping: 27.32 ms
Download: 126.01 Mbit/s
Upload: 5.63 Mbit/s
Tue Apr  3 13:45:01 CEST 2018
Ping: 24.964 ms
Download: 127.42 Mbit/s
Upload: 5.65 Mbit/s
Tue Apr  3 14:45:01 CEST 2018
Ping: 24.594 ms
Download: 127.01 Mbit/s
Upload: 5.58 Mbit/s
Tue Apr  3 15:45:01 CEST 2018
Ping: 27.646 ms
Download: 127.05 Mbit/s
Upload: 5.60 Mbit/s
Tue Apr  3 16:45:01 CEST 2018
Ping: 26.581 ms
Download: 127.86 Mbit/s
Upload: 5.62 Mbit/s
Tue Apr  3 17:45:01 CEST 2018
Ping: 24.655 ms
Download: 126.78 Mbit/s
Upload: 5.57 Mbit/s
Tue Apr  3 18:45:01 CEST 2018
Ping: 27.787 ms
Download: 123.62 Mbit/s
Upload: 5.56 Mbit/s
Tue Apr  3 19:45:01 CEST 2018
Ping: 30.083 ms
Download: 120.83 Mbit/s
Upload: 5.63 Mbit/s
Tue Apr  3 20:45:01 CEST 2018
Ping: 26.839 ms
Download: 127.30 Mbit/s
Upload: 5.59 Mbit/s
Tue Apr  3 21:45:01 CEST 2018
Ping: 28.763 ms
Download: 119.35 Mbit/s
Upload: 5.62 Mbit/s
Tue Apr  3 22:45:01 CEST 2018
Ping: 25.831 ms
Download: 126.10 Mbit/s
Upload: 5.60 Mbit/s
Tue Apr  3 23:45:01 CEST 2018
Ping: 27.619 ms
Download: 126.35 Mbit/s
Upload: 5.56 Mbit/s
Wed Apr  4 00:45:01 CEST 2018
Ping: 27.863 ms
Download: 124.66 Mbit/s
Upload: 5.66 Mbit/s
Wed Apr  4 01:45:02 CEST 2018
Ping: 25.561 ms
Download: 126.47 Mbit/s
Upload: 5.58 Mbit/s
Wed Apr  4 02:45:01 CEST 2018
Could not retrieve speedtest.net configuration
Wed Apr  4 03:45:02 CEST 2018
Ping: 28.388 ms
Download: 126.29 Mbit/s
Upload: 5.56 Mbit/s
Wed Apr  4 04:45:01 CEST 2018
Ping: 25.358 ms
Download: 127.36 Mbit/s
Upload: 5.63 Mbit/s
Wed Apr  4 05:45:01 CEST 2018
Ping: 24.357 ms
Download: 102.19 Mbit/s
Upload: 5.61 Mbit/s
Wed Apr  4 06:45:01 CEST 2018
Ping: 25.164 ms
Download: 126.17 Mbit/s
Upload: 5.58 Mbit/s
Wed Apr  4 07:45:01 CEST 2018
Ping: 24.977 ms
Download: 127.20 Mbit/s
Upload: 4.65 Mbit/s
Wed Apr  4 08:45:01 CEST 2018
Ping: 27.398 ms
Download: 126.83 Mbit/s
Upload: 5.56 Mbit/s
Wed Apr  4 09:45:01 CEST 2018
Ping: 26.704 ms
Download: 111.64 Mbit/s
Upload: 5.54 Mbit/s
Wed Apr  4 10:45:01 CEST 2018
Ping: 26.465 ms
Download: 126.15 Mbit/s
Upload: 5.16 Mbit/s
Wed Apr  4 11:45:01 CEST 2018
Ping: 27.198 ms
Download: 108.38 Mbit/s
Upload: 5.61 Mbit/s
Wed Apr  4 12:45:01 CEST 2018
Ping: 27.773 ms
Download: 118.04 Mbit/s
Upload: 5.37 Mbit/s
Wed Apr  4 13:45:01 CEST 2018
Ping: 29.008 ms
Download: 127.49 Mbit/s
Upload: 5.56 Mbit/s
Wed Apr  4 14:45:01 CEST 2018
Ping: 28.578 ms
Download: 107.27 Mbit/s
Upload: 5.58 Mbit/s
Wed Apr  4 15:45:01 CEST 2018
Ping: 25.1 ms
Download: 126.33 Mbit/s
Upload: 5.58 Mbit/s
Wed Apr  4 16:45:01 CEST 2018
Ping: 29.116 ms
Download: 123.94 Mbit/s
Upload: 5.62 Mbit/s
Wed Apr  4 17:45:01 CEST 2018
Ping: 25.923 ms
Download: 127.41 Mbit/s
Upload: 5.57 Mbit/s
Wed Apr  4 18:45:01 CEST 2018
Ping: 29.09 ms
Download: 115.07 Mbit/s
Upload: 5.56 Mbit/s
Wed Apr  4 19:45:01 CEST 2018
Ping: 26.708 ms
Download: 119.65 Mbit/s
Upload: 5.48 Mbit/s
Wed Apr  4 20:45:01 CEST 2018
Ping: 26.3 ms
Download: 126.74 Mbit/s
Upload: 5.53 Mbit/s
Wed Apr  4 21:45:02 CEST 2018
Ping: 29.293 ms
Download: 124.16 Mbit/s
Upload: 5.60 Mbit/s
Wed Apr  4 22:45:01 CEST 2018
Ping: 30.818 ms
Download: 116.41 Mbit/s
Upload: 5.57 Mbit/s
Wed Apr  4 23:45:01 CEST 2018
Ping: 28.937 ms
Download: 115.85 Mbit/s
Upload: 5.51 Mbit/s
Thu Apr  5 00:45:01 CEST 2018
Ping: 28.128 ms
Download: 126.27 Mbit/s
Upload: 5.50 Mbit/s
Thu Apr  5 01:45:01 CEST 2018
Ping: 27.815 ms
Download: 119.19 Mbit/s
Upload: 5.59 Mbit/s
Thu Apr  5 02:45:01 CEST 2018
Ping: 25.489 ms
Download: 113.00 Mbit/s
Upload: 5.58 Mbit/s
Thu Apr  5 03:45:01 CEST 2018
Ping: 25.084 ms
Download: 121.02 Mbit/s
Upload: 5.63 Mbit/s
Thu Apr  5 04:45:02 CEST 2018
Ping: 27.796 ms
Download: 126.90 Mbit/s
Upload: 5.63 Mbit/s
Thu Apr  5 05:45:01 CEST 2018
Ping: 25.263 ms
Download: 123.26 Mbit/s
Upload: 5.67 Mbit/s
Thu Apr  5 06:45:01 CEST 2018
Ping: 27.603 ms
Download: 125.58 Mbit/s
Upload: 5.63 Mbit/s
Thu Apr  5 07:45:01 CEST 2018
Ping: 28.312 ms
Download: 112.62 Mbit/s
Upload: 5.67 Mbit/s
Thu Apr  5 08:45:01 CEST 2018
Ping: 26.344 ms
Download: 126.99 Mbit/s
Upload: 5.60 Mbit/s
Thu Apr  5 09:45:01 CEST 2018
Ping: 26.618 ms
Download: 121.60 Mbit/s
Upload: 5.48 Mbit/s
Thu Apr  5 10:45:01 CEST 2018
Ping: 29.078 ms
Download: 124.87 Mbit/s
Upload: 5.53 Mbit/s
Thu Apr  5 11:45:01 CEST 2018
Ping: 26.566 ms
Download: 122.06 Mbit/s
Upload: 5.54 Mbit/s
Thu Apr  5 12:45:01 CEST 2018
Ping: 27.22 ms
Download: 121.14 Mbit/s
Upload: 5.59 Mbit/s
Thu Apr  5 13:45:01 CEST 2018
Ping: 26.274 ms
Download: 122.77 Mbit/s
Upload: 5.51 Mbit/s
Thu Apr  5 14:45:01 CEST 2018
Ping: 27.356 ms
Download: 126.34 Mbit/s
Upload: 5.60 Mbit/s
Thu Apr  5 15:45:01 CEST 2018
Ping: 27.829 ms
Download: 99.79 Mbit/s
Upload: 5.58 Mbit/s
Thu Apr  5 16:45:01 CEST 2018
Ping: 26.811 ms
Download: 117.97 Mbit/s
Upload: 5.67 Mbit/s
Thu Apr  5 17:45:01 CEST 2018
Ping: 31.439 ms
Download: 87.47 Mbit/s
Upload: 5.12 Mbit/s
Thu Apr  5 18:45:01 CEST 2018
Ping: 26.589 ms
Download: 119.32 Mbit/s
Upload: 4.96 Mbit/s
Thu Apr  5 19:45:01 CEST 2018
Ping: 25.86 ms
Download: 126.08 Mbit/s
Upload: 5.65 Mbit/s
Thu Apr  5 20:45:01 CEST 2018
Ping: 27.653 ms
Download: 127.80 Mbit/s
Upload: 5.56 Mbit/s
Thu Apr  5 21:45:01 CEST 2018
Ping: 26.772 ms
Download: 116.72 Mbit/s
Upload: 5.61 Mbit/s
Thu Apr  5 22:45:01 CEST 2018
Ping: 26.98 ms
Download: 112.22 Mbit/s
Upload: 5.53 Mbit/s
Thu Apr  5 23:45:01 CEST 2018
Ping: 26.578 ms
Download: 108.17 Mbit/s
Upload: 5.64 Mbit/s
Fri Apr  6 00:45:01 CEST 2018
Ping: 26.431 ms
Download: 116.42 Mbit/s
Upload: 5.61 Mbit/s
Fri Apr  6 01:45:01 CEST 2018
Ping: 27.542 ms
Download: 122.58 Mbit/s
Upload: 5.66 Mbit/s
Fri Apr  6 02:45:02 CEST 2018
Ping: 23.317 ms
Download: 126.58 Mbit/s
Upload: 5.64 Mbit/s
Fri Apr  6 03:45:01 CEST 2018
Ping: 23.025 ms
Download: 126.81 Mbit/s
Upload: 5.65 Mbit/s
Fri Apr  6 04:45:01 CEST 2018
Ping: 25.144 ms
Download: 127.13 Mbit/s
Upload: 5.60 Mbit/s
Fri Apr  6 05:45:02 CEST 2018
Ping: 26.003 ms
Download: 124.25 Mbit/s
Upload: 5.19 Mbit/s
Fri Apr  6 06:45:01 CEST 2018
Ping: 27.797 ms
Download: 116.31 Mbit/s
Upload: 5.67 Mbit/s
Fri Apr  6 07:45:01 CEST 2018
Ping: 26.95 ms
Download: 127.06 Mbit/s
Upload: 5.59 Mbit/s
Fri Apr  6 08:45:01 CEST 2018
Ping: 29.557 ms
Download: 119.32 Mbit/s
Upload: 5.34 Mbit/s
Fri Apr  6 09:45:01 CEST 2018
Ping: 27.382 ms
Download: 124.88 Mbit/s
Upload: 5.66 Mbit/s
Fri Apr  6 10:45:01 CEST 2018
Ping: 26.005 ms
Download: 126.25 Mbit/s
Upload: 5.60 Mbit/s
Fri Apr  6 11:45:01 CEST 2018
Ping: 26.34 ms
Download: 125.01 Mbit/s
Upload: 5.48 Mbit/s
Fri Apr  6 12:45:01 CEST 2018
Ping: 25.421 ms
Download: 115.46 Mbit/s
Upload: 5.58 Mbit/s
Fri Apr  6 13:45:01 CEST 2018
Ping: 27.544 ms
Download: 116.93 Mbit/s
Upload: 5.51 Mbit/s
Fri Apr  6 14:45:01 CEST 2018
Ping: 29.226 ms
Download: 118.88 Mbit/s
Upload: 5.31 Mbit/s
Fri Apr  6 15:45:01 CEST 2018
Ping: 27.63 ms
Download: 114.88 Mbit/s
Upload: 5.40 Mbit/s
Fri Apr  6 16:45:01 CEST 2018
Ping: 28.332 ms
Download: 126.99 Mbit/s
Upload: 5.57 Mbit/s
Fri Apr  6 17:45:01 CEST 2018
Ping: 26.389 ms
Download: 121.51 Mbit/s
Upload: 5.49 Mbit/s
Fri Apr  6 18:45:01 CEST 2018
Ping: 28.679 ms
Download: 124.61 Mbit/s
Upload: 5.50 Mbit/s
Fri Apr  6 19:45:01 CEST 2018
Ping: 25.895 ms
Download: 115.83 Mbit/s
Upload: 5.66 Mbit/s
Fri Apr  6 20:45:01 CEST 2018
Ping: 26.309 ms
Download: 124.98 Mbit/s
Upload: 5.57 Mbit/s
Fri Apr  6 21:45:01 CEST 2018
Ping: 25.647 ms
Download: 127.29 Mbit/s
Upload: 5.52 Mbit/s
Fri Apr  6 22:45:01 CEST 2018
Ping: 28.963 ms
Download: 119.53 Mbit/s
Upload: 5.46 Mbit/s
Fri Apr  6 23:45:01 CEST 2018
Ping: 29.175 ms
Download: 106.71 Mbit/s
Upload: 5.59 Mbit/s
Sat Apr  7 00:45:01 CEST 2018
Ping: 26.459 ms
Download: 108.95 Mbit/s
Upload: 5.52 Mbit/s
Sat Apr  7 01:45:01 CEST 2018
Ping: 28.652 ms
Download: 125.51 Mbit/s
Upload: 5.60 Mbit/s
Sat Apr  7 02:45:01 CEST 2018
Ping: 27.024 ms
Download: 127.83 Mbit/s
Upload: 5.63 Mbit/s
Sat Apr  7 03:45:01 CEST 2018
Ping: 25.86 ms
Download: 110.69 Mbit/s
Upload: 5.61 Mbit/s
Sat Apr  7 04:45:01 CEST 2018
Ping: 29.09 ms
Download: 125.65 Mbit/s
Upload: 5.64 Mbit/s
Sat Apr  7 05:45:01 CEST 2018
Ping: 27.807 ms
Download: 121.64 Mbit/s
Upload: 5.58 Mbit/s
Sat Apr  7 06:45:01 CEST 2018
Ping: 26.836 ms
Download: 123.28 Mbit/s
Upload: 5.65 Mbit/s
Sat Apr  7 07:45:01 CEST 2018
Ping: 25.455 ms
Download: 122.06 Mbit/s
Upload: 5.61 Mbit/s
Sat Apr  7 08:45:01 CEST 2018
Ping: 26.681 ms
Download: 114.58 Mbit/s
Upload: 5.57 Mbit/s
Sat Apr  7 09:45:01 CEST 2018
Ping: 26.492 ms
Download: 111.96 Mbit/s
Upload: 5.56 Mbit/s
Sat Apr  7 10:45:01 CEST 2018
Ping: 28.086 ms
Download: 112.79 Mbit/s
Upload: 5.66 Mbit/s
Sat Apr  7 11:45:01 CEST 2018
Ping: 28.133 ms
Download: 123.03 Mbit/s
Upload: 5.63 Mbit/s
Sat Apr  7 12:45:01 CEST 2018
Ping: 27.257 ms
Download: 126.45 Mbit/s
Upload: 5.52 Mbit/s
Sat Apr  7 13:45:01 CEST 2018
Ping: 25.704 ms
Download: 123.82 Mbit/s
Upload: 5.60 Mbit/s
Sat Apr  7 14:45:01 CEST 2018
Ping: 27.546 ms
Download: 126.50 Mbit/s
Upload: 5.50 Mbit/s
Sat Apr  7 15:45:01 CEST 2018
Ping: 29.385 ms
Download: 118.50 Mbit/s
Upload: 5.58 Mbit/s
Sat Apr  7 16:45:01 CEST 2018
Ping: 27.131 ms
Download: 116.87 Mbit/s
Upload: 5.64 Mbit/s
Sat Apr  7 17:45:02 CEST 2018
Ping: 28.226 ms
Download: 121.46 Mbit/s
Upload: 5.54 Mbit/s
Sat Apr  7 18:45:01 CEST 2018
Ping: 25.813 ms
Download: 127.52 Mbit/s
Upload: 5.58 Mbit/s
Sat Apr  7 19:45:01 CEST 2018
Ping: 24.961 ms
Download: 124.06 Mbit/s
Upload: 5.60 Mbit/s
Sat Apr  7 20:45:01 CEST 2018
Ping: 25.65 ms
Download: 126.33 Mbit/s
Upload: 5.58 Mbit/s
Sat Apr  7 21:45:02 CEST 2018
Ping: 25.464 ms
Download: 112.77 Mbit/s
Upload: 5.45 Mbit/s
Sat Apr  7 22:45:01 CEST 2018
Ping: 28.635 ms
Download: 122.02 Mbit/s
Upload: 5.63 Mbit/s
Sat Apr  7 23:45:01 CEST 2018
Ping: 27.598 ms
Download: 125.85 Mbit/s
Upload: 5.59 Mbit/s
Sun Apr  8 00:45:01 CEST 2018
Ping: 27.776 ms
Download: 115.31 Mbit/s
Upload: 5.66 Mbit/s
Sun Apr  8 01:45:01 CEST 2018
Ping: 25.887 ms
Download: 126.90 Mbit/s
Upload: 4.60 Mbit/s
Sun Apr  8 02:45:01 CEST 2018
Ping: 28.125 ms
Download: 125.48 Mbit/s
Upload: 5.59 Mbit/s
Sun Apr  8 03:45:01 CEST 2018
Ping: 30.035 ms
Download: 124.41 Mbit/s
Upload: 5.62 Mbit/s
Sun Apr  8 04:45:01 CEST 2018
Ping: 24.213 ms
Download: 125.87 Mbit/s
Upload: 5.64 Mbit/s
Sun Apr  8 05:45:01 CEST 2018
Ping: 23.482 ms
Download: 126.61 Mbit/s
Upload: 5.67 Mbit/s
Sun Apr  8 06:45:01 CEST 2018
Ping: 26.807 ms
Download: 128.13 Mbit/s
Upload: 5.61 Mbit/s
Sun Apr  8 07:45:01 CEST 2018
Ping: 25.413 ms
Download: 127.77 Mbit/s
Upload: 5.57 Mbit/s
Sun Apr  8 08:45:01 CEST 2018
Ping: 26.38 ms
Download: 127.53 Mbit/s
Upload: 5.65 Mbit/s
Sun Apr  8 09:45:01 CEST 2018
Ping: 27.652 ms
Download: 111.49 Mbit/s
Upload: 5.67 Mbit/s
Sun Apr  8 10:45:01 CEST 2018
Ping: 26.313 ms
Download: 126.47 Mbit/s
Upload: 5.57 Mbit/s
Sun Apr  8 11:45:01 CEST 2018
Ping: 26.535 ms
Download: 125.83 Mbit/s
Upload: 5.55 Mbit/s
Sun Apr  8 12:45:01 CEST 2018
Ping: 26.483 ms
Download: 123.51 Mbit/s
Upload: 5.63 Mbit/s
Sun Apr  8 13:45:01 CEST 2018
Ping: 25.743 ms
Download: 126.51 Mbit/s
Upload: 5.55 Mbit/s
Sun Apr  8 14:45:01 CEST 2018
Ping: 29.197 ms
Download: 105.06 Mbit/s
Upload: 5.43 Mbit/s
Sun Apr  8 15:45:01 CEST 2018
Ping: 26.087 ms
Download: 124.69 Mbit/s
Upload: 5.59 Mbit/s
Sun Apr  8 16:45:01 CEST 2018
Ping: 28.595 ms
Download: 123.97 Mbit/s
Upload: 5.59 Mbit/s
Sun Apr  8 17:45:01 CEST 2018
Ping: 23.611 ms
Download: 127.32 Mbit/s
Upload: 5.54 Mbit/s
Sun Apr  8 18:45:01 CEST 2018
Ping: 26.198 ms
Download: 124.86 Mbit/s
Upload: 5.65 Mbit/s
Sun Apr  8 19:45:01 CEST 2018
Ping: 25.156 ms
Download: 127.77 Mbit/s
Upload: 5.62 Mbit/s
Sun Apr  8 20:45:01 CEST 2018
Ping: 29.277 ms
Download: 125.59 Mbit/s
Upload: 5.64 Mbit/s
Sun Apr  8 21:45:01 CEST 2018
Ping: 26.302 ms
Download: 126.42 Mbit/s
Upload: 5.56 Mbit/s
Sun Apr  8 22:45:01 CEST 2018
Ping: 28.607 ms
Download: 126.35 Mbit/s
Upload: 5.61 Mbit/s
Sun Apr  8 23:45:01 CEST 2018
Ping: 26.686 ms
Download: 115.80 Mbit/s
Upload: 5.66 Mbit/s
Mon Apr  9 00:45:01 CEST 2018
Ping: 28.504 ms
Download: 126.07 Mbit/s
Upload: 5.63 Mbit/s
Mon Apr  9 01:45:01 CEST 2018
Ping: 27.089 ms
Download: 127.05 Mbit/s
Upload: 5.62 Mbit/s
Mon Apr  9 02:45:01 CEST 2018
Ping: 27.814 ms
Download: 120.51 Mbit/s
Upload: 5.65 Mbit/s
Mon Apr  9 03:45:01 CEST 2018
Ping: 26.68 ms
Download: 117.20 Mbit/s
Upload: 5.63 Mbit/s
Mon Apr  9 04:45:01 CEST 2018
Ping: 25.466 ms
Download: 127.78 Mbit/s
Upload: 5.36 Mbit/s
Mon Apr  9 05:45:01 CEST 2018
Ping: 26.946 ms
Download: 126.89 Mbit/s
Upload: 5.60 Mbit/s
Mon Apr  9 06:45:01 CEST 2018
Ping: 28.12 ms
Download: 120.28 Mbit/s
Upload: 5.47 Mbit/s
Mon Apr  9 07:45:01 CEST 2018
Ping: 24.754 ms
Download: 120.17 Mbit/s
Upload: 5.64 Mbit/s
Mon Apr  9 08:45:01 CEST 2018
Ping: 29.756 ms
Download: 107.85 Mbit/s
Upload: 5.62 Mbit/s
Mon Apr  9 09:45:01 CEST 2018
Ping: 29.156 ms
Download: 113.92 Mbit/s
Upload: 5.56 Mbit/s
Mon Apr  9 10:45:02 CEST 2018
Ping: 27.542 ms
Download: 108.08 Mbit/s
Upload: 5.59 Mbit/s
Mon Apr  9 11:45:01 CEST 2018
Ping: 27.946 ms
Download: 113.96 Mbit/s
Upload: 5.14 Mbit/s
Mon Apr  9 12:45:01 CEST 2018
Ping: 25.714 ms
Download: 126.88 Mbit/s
Upload: 5.55 Mbit/s
Mon Apr  9 13:45:01 CEST 2018
Ping: 28.135 ms
Download: 117.18 Mbit/s
Upload: 5.63 Mbit/s
Mon Apr  9 14:45:01 CEST 2018
Ping: 28.611 ms
Download: 121.03 Mbit/s
Upload: 5.59 Mbit/s
Mon Apr  9 15:45:01 CEST 2018
Ping: 27.327 ms
Download: 90.29 Mbit/s
Upload: 5.45 Mbit/s
Mon Apr  9 16:45:01 CEST 2018
Ping: 25.542 ms
Download: 109.93 Mbit/s
Upload: 5.58 Mbit/s
Mon Apr  9 17:45:01 CEST 2018
Ping: 28.121 ms
Download: 125.21 Mbit/s
Upload: 5.63 Mbit/s
Mon Apr  9 18:45:01 CEST 2018
Ping: 23.259 ms
Download: 125.99 Mbit/s
Upload: 5.59 Mbit/s
Mon Apr  9 19:45:01 CEST 2018
Ping: 27.427 ms
Download: 127.65 Mbit/s
Upload: 5.57 Mbit/s
Mon Apr  9 20:45:01 CEST 2018
Ping: 27.99 ms
Download: 126.84 Mbit/s
Upload: 5.51 Mbit/s
Mon Apr  9 21:45:01 CEST 2018
Ping: 27.814 ms
Download: 112.49 Mbit/s
Upload: 5.47 Mbit/s
Mon Apr  9 22:45:01 CEST 2018
Ping: 27.569 ms
Download: 126.86 Mbit/s
Upload: 5.58 Mbit/s
Mon Apr  9 23:45:02 CEST 2018
Ping: 27.487 ms
Download: 123.83 Mbit/s
Upload: 5.47 Mbit/s
Tue Apr 10 00:45:01 CEST 2018
Ping: 26.249 ms
Download: 127.19 Mbit/s
Upload: 5.62 Mbit/s
Tue Apr 10 01:45:01 CEST 2018
Ping: 28.135 ms
Download: 124.29 Mbit/s
Upload: 5.68 Mbit/s
Tue Apr 10 02:45:01 CEST 2018
Ping: 29.131 ms
Download: 125.90 Mbit/s
Upload: 5.33 Mbit/s
Tue Apr 10 03:45:01 CEST 2018
Ping: 26.508 ms
Download: 125.73 Mbit/s
Upload: 5.71 Mbit/s
Tue Apr 10 04:45:02 CEST 2018
Ping: 24.469 ms
Download: 116.31 Mbit/s
Upload: 4.81 Mbit/s
Tue Apr 10 05:45:01 CEST 2018
Ping: 26.184 ms
Download: 126.19 Mbit/s
Upload: 5.66 Mbit/s
Tue Apr 10 06:45:01 CEST 2018
Ping: 24.17 ms
Download: 126.51 Mbit/s
Upload: 5.59 Mbit/s
Tue Apr 10 07:45:01 CEST 2018
Ping: 27.294 ms
Download: 119.27 Mbit/s
Upload: 5.65 Mbit/s
Tue Apr 10 08:45:01 CEST 2018
Ping: 26.499 ms
Download: 127.24 Mbit/s
Upload: 5.56 Mbit/s
Tue Apr 10 09:45:01 CEST 2018
Ping: 24.019 ms
Download: 123.49 Mbit/s
Upload: 5.56 Mbit/s
Tue Apr 10 10:45:01 CEST 2018
Ping: 26.042 ms
Download: 115.18 Mbit/s
Upload: 5.61 Mbit/s
Tue Apr 10 11:45:01 CEST 2018
Ping: 26.441 ms
Download: 127.81 Mbit/s
Upload: 5.60 Mbit/s
Tue Apr 10 12:45:01 CEST 2018
Ping: 27.452 ms
Download: 126.23 Mbit/s
Upload: 5.64 Mbit/s
Tue Apr 10 13:45:01 CEST 2018
Ping: 29.407 ms
Download: 117.70 Mbit/s
Upload: 5.64 Mbit/s
Tue Apr 10 14:45:01 CEST 2018
Ping: 26.646 ms
Download: 126.03 Mbit/s
Upload: 0.42 Mbit/s
Tue Apr 10 15:45:01 CEST 2018
Ping: 25.906 ms
Download: 125.93 Mbit/s
Upload: 5.55 Mbit/s
Tue Apr 10 16:45:01 CEST 2018
Ping: 28.855 ms
Download: 126.23 Mbit/s
Upload: 5.64 Mbit/s
Tue Apr 10 17:45:01 CEST 2018
Ping: 28.481 ms
Download: 111.89 Mbit/s
Upload: 5.61 Mbit/s
Tue Apr 10 18:45:01 CEST 2018
Ping: 26.727 ms
Download: 121.65 Mbit/s
Upload: 5.52 Mbit/s
Tue Apr 10 19:45:01 CEST 2018
Ping: 28.129 ms
Download: 118.37 Mbit/s
Upload: 5.56 Mbit/s
Tue Apr 10 20:45:01 CEST 2018
Ping: 24.687 ms
Download: 121.80 Mbit/s
Upload: 4.87 Mbit/s
Tue Apr 10 21:45:02 CEST 2018
Ping: 26.326 ms
Download: 126.48 Mbit/s
Upload: 5.53 Mbit/s
Tue Apr 10 22:45:01 CEST 2018
Ping: 23.299 ms
Download: 106.32 Mbit/s
Upload: 5.61 Mbit/s
Tue Apr 10 23:45:01 CEST 2018
Ping: 25.868 ms
Download: 124.76 Mbit/s
Upload: 5.56 Mbit/s
Wed Apr 11 00:45:01 CEST 2018
Ping: 27.624 ms
Download: 117.68 Mbit/s
Upload: 5.57 Mbit/s
Wed Apr 11 01:45:01 CEST 2018
Ping: 26.199 ms
Download: 125.90 Mbit/s
Upload: 5.32 Mbit/s
Wed Apr 11 02:45:01 CEST 2018
Ping: 27.306 ms
Download: 127.21 Mbit/s
Upload: 4.99 Mbit/s
Wed Apr 11 03:45:01 CEST 2018
Ping: 28.28 ms
Download: 124.57 Mbit/s
Upload: 5.66 Mbit/s
Wed Apr 11 04:45:01 CEST 2018
Ping: 25.242 ms
Download: 126.16 Mbit/s
Upload: 5.63 Mbit/s
Wed Apr 11 05:45:01 CEST 2018
Ping: 28.653 ms
Download: 125.98 Mbit/s
Upload: 5.55 Mbit/s
Wed Apr 11 06:45:02 CEST 2018
Ping: 29.948 ms
Download: 116.40 Mbit/s
Upload: 5.52 Mbit/s
Wed Apr 11 07:45:01 CEST 2018
Ping: 25.669 ms
Download: 121.56 Mbit/s
Upload: 5.55 Mbit/s
Wed Apr 11 08:45:01 CEST 2018
Ping: 26.07 ms
Download: 127.79 Mbit/s
Upload: 5.59 Mbit/s
Wed Apr 11 09:45:01 CEST 2018
Ping: 28.462 ms
Download: 108.44 Mbit/s
Upload: 5.49 Mbit/s
Wed Apr 11 10:45:01 CEST 2018
Ping: 25.955 ms
Download: 125.09 Mbit/s
Upload: 5.61 Mbit/s
Wed Apr 11 11:45:01 CEST 2018
Ping: 27.644 ms
Download: 125.62 Mbit/s
Upload: 5.56 Mbit/s
Wed Apr 11 12:45:01 CEST 2018
Ping: 27.566 ms
Download: 116.45 Mbit/s
Upload: 5.56 Mbit/s
Wed Apr 11 13:45:01 CEST 2018
Ping: 27.449 ms
Download: 108.83 Mbit/s
Upload: 5.61 Mbit/s
Wed Apr 11 14:45:02 CEST 2018
Ping: 28.398 ms
Download: 111.03 Mbit/s
Upload: 5.60 Mbit/s
Wed Apr 11 15:45:02 CEST 2018
Ping: 28.668 ms
Download: 115.37 Mbit/s
Upload: 5.27 Mbit/s
Wed Apr 11 16:45:01 CEST 2018
Ping: 26.322 ms
Download: 124.23 Mbit/s
Upload: 5.63 Mbit/s
Wed Apr 11 17:45:01 CEST 2018
Ping: 28.165 ms
Download: 108.86 Mbit/s
Upload: 5.58 Mbit/s
Wed Apr 11 18:45:01 CEST 2018
Ping: 27.1 ms
Download: 124.05 Mbit/s
Upload: 5.54 Mbit/s
Wed Apr 11 19:45:01 CEST 2018
Ping: 27.001 ms
Download: 125.79 Mbit/s
Upload: 5.44 Mbit/s
Wed Apr 11 20:45:01 CEST 2018
Ping: 28.532 ms
Download: 115.83 Mbit/s
Upload: 5.46 Mbit/s
Wed Apr 11 21:45:01 CEST 2018
Ping: 26.135 ms
Download: 126.68 Mbit/s
Upload: 5.59 Mbit/s
Wed Apr 11 22:45:01 CEST 2018
Ping: 29.48 ms
Download: 124.64 Mbit/s
Upload: 5.59 Mbit/s
Wed Apr 11 23:45:02 CEST 2018
Ping: 27.118 ms
Download: 110.31 Mbit/s
Upload: 5.64 Mbit/s
Thu Apr 12 00:45:01 CEST 2018
Ping: 27.981 ms
Download: 123.76 Mbit/s
Upload: 5.62 Mbit/s
Thu Apr 12 01:45:01 CEST 2018
Ping: 25.537 ms
Download: 127.99 Mbit/s
Upload: 5.62 Mbit/s
Thu Apr 12 02:45:01 CEST 2018
Ping: 25.61 ms
Download: 127.47 Mbit/s
Upload: 5.54 Mbit/s
Thu Apr 12 03:45:01 CEST 2018
Ping: 26.327 ms
Download: 125.90 Mbit/s
Upload: 5.62 Mbit/s
Thu Apr 12 04:45:01 CEST 2018
Ping: 29.911 ms
Download: 115.91 Mbit/s
Upload: 5.53 Mbit/s
Thu Apr 12 05:45:01 CEST 2018
Ping: 25.716 ms
Download: 119.04 Mbit/s
Upload: 5.62 Mbit/s
Thu Apr 12 06:45:01 CEST 2018
Ping: 25.119 ms
Download: 119.73 Mbit/s
Upload: 5.57 Mbit/s
Thu Apr 12 07:45:01 CEST 2018
Ping: 27.593 ms
Download: 126.20 Mbit/s
Upload: 5.12 Mbit/s
Thu Apr 12 08:45:01 CEST 2018
Ping: 29.076 ms
Download: 116.77 Mbit/s
Upload: 5.49 Mbit/s
Thu Apr 12 09:45:01 CEST 2018
Ping: 28.798 ms
Download: 115.71 Mbit/s
Upload: 5.48 Mbit/s
Thu Apr 12 10:45:01 CEST 2018
Ping: 25.798 ms
Download: 126.56 Mbit/s
Upload: 5.62 Mbit/s
Thu Apr 12 11:45:01 CEST 2018
Ping: 28.708 ms
Download: 111.46 Mbit/s
Upload: 5.58 Mbit/s
Thu Apr 12 12:45:01 CEST 2018
Ping: 25.805 ms
Download: 125.49 Mbit/s
Upload: 5.22 Mbit/s
Thu Apr 12 13:45:01 CEST 2018
Ping: 28.22 ms
Download: 117.76 Mbit/s
Upload: 5.60 Mbit/s
Thu Apr 12 14:45:01 CEST 2018
Ping: 28.272 ms
Download: 120.12 Mbit/s
Upload: 5.61 Mbit/s
Thu Apr 12 15:45:02 CEST 2018
Ping: 27.805 ms
Download: 111.25 Mbit/s
Upload: 5.62 Mbit/s
Thu Apr 12 16:45:01 CEST 2018
Ping: 26.308 ms
Download: 125.90 Mbit/s
Upload: 5.50 Mbit/s
Thu Apr 12 17:45:01 CEST 2018
Ping: 29.301 ms
Download: 127.19 Mbit/s
Upload: 5.61 Mbit/s
Thu Apr 12 18:45:01 CEST 2018
Ping: 26.772 ms
Download: 126.19 Mbit/s
Upload: 5.50 Mbit/s
Thu Apr 12 19:45:01 CEST 2018
Ping: 25.938 ms
Download: 117.61 Mbit/s
Upload: 5.40 Mbit/s
Thu Apr 12 20:45:01 CEST 2018
Ping: 28.179 ms
Download: 125.79 Mbit/s
Upload: 5.54 Mbit/s
Thu Apr 12 21:45:01 CEST 2018
Ping: 25.866 ms
Download: 98.88 Mbit/s
Upload: 5.62 Mbit/s
Thu Apr 12 22:45:01 CEST 2018
Ping: 28.316 ms
Download: 108.97 Mbit/s
Upload: 5.60 Mbit/s
Thu Apr 12 23:45:01 CEST 2018
Ping: 26.942 ms
Download: 127.99 Mbit/s
Upload: 5.59 Mbit/s
Fri Apr 13 00:45:01 CEST 2018
Ping: 28.698 ms
Download: 108.77 Mbit/s
Upload: 5.70 Mbit/s
Fri Apr 13 01:45:01 CEST 2018
Ping: 24.912 ms
Download: 127.67 Mbit/s
Upload: 5.66 Mbit/s
Fri Apr 13 02:45:01 CEST 2018
Ping: 24.975 ms
Download: 127.14 Mbit/s
Upload: 5.66 Mbit/s
Fri Apr 13 03:45:01 CEST 2018
Ping: 27.975 ms
Download: 121.69 Mbit/s
Upload: 5.64 Mbit/s
Fri Apr 13 04:45:01 CEST 2018
Ping: 24.556 ms
Download: 125.60 Mbit/s
Upload: 5.43 Mbit/s
Fri Apr 13 05:45:01 CEST 2018
Ping: 27.775 ms
Download: 113.73 Mbit/s
Upload: 1.64 Mbit/s
Fri Apr 13 06:45:01 CEST 2018
Ping: 28.027 ms
Download: 112.22 Mbit/s
Upload: 5.65 Mbit/s
Fri Apr 13 07:45:01 CEST 2018
Ping: 27.133 ms
Download: 127.08 Mbit/s
Upload: 5.68 Mbit/s
Fri Apr 13 08:45:01 CEST 2018
Ping: 25.844 ms
Download: 125.57 Mbit/s
Upload: 5.59 Mbit/s
Fri Apr 13 09:45:01 CEST 2018
Ping: 26.321 ms
Download: 127.46 Mbit/s
Upload: 5.56 Mbit/s
Fri Apr 13 10:45:01 CEST 2018
Ping: 26.653 ms
Download: 118.80 Mbit/s
Upload: 5.58 Mbit/s
Fri Apr 13 11:45:01 CEST 2018
Ping: 27.729 ms
Download: 124.56 Mbit/s
Upload: 5.61 Mbit/s
Fri Apr 13 12:45:01 CEST 2018
Ping: 28.631 ms
Download: 126.05 Mbit/s
Upload: 4.71 Mbit/s
Fri Apr 13 13:45:01 CEST 2018
Ping: 28.923 ms
Download: 122.11 Mbit/s
Upload: 5.49 Mbit/s
Fri Apr 13 14:45:02 CEST 2018
Ping: 26.16 ms
Download: 126.82 Mbit/s
Upload: 5.52 Mbit/s
Fri Apr 13 15:45:01 CEST 2018
Ping: 28.033 ms
Download: 119.00 Mbit/s
Upload: 5.56 Mbit/s
Fri Apr 13 16:45:01 CEST 2018
Ping: 26.412 ms
Download: 127.44 Mbit/s
Upload: 5.61 Mbit/s
Fri Apr 13 17:45:01 CEST 2018
Ping: 26.7 ms
Download: 125.19 Mbit/s
Upload: 5.58 Mbit/s
Fri Apr 13 18:45:01 CEST 2018
Ping: 28.66 ms
Download: 113.16 Mbit/s
Upload: 5.60 Mbit/s
Fri Apr 13 19:45:01 CEST 2018
Ping: 25.473 ms
Download: 123.79 Mbit/s
Upload: 5.59 Mbit/s
Fri Apr 13 20:45:01 CEST 2018
Ping: 28.414 ms
Download: 125.55 Mbit/s
Upload: 5.64 Mbit/s
Fri Apr 13 21:45:01 CEST 2018
Ping: 26.329 ms
Download: 123.41 Mbit/s
Upload: 5.41 Mbit/s
Fri Apr 13 22:45:01 CEST 2018
Ping: 29.089 ms
Download: 102.54 Mbit/s
Upload: 5.68 Mbit/s
Fri Apr 13 23:45:01 CEST 2018
Ping: 28.074 ms
Download: 119.44 Mbit/s
Upload: 5.64 Mbit/s
Sat Apr 14 00:45:01 CEST 2018
Ping: 28.486 ms
Download: 123.24 Mbit/s
Upload: 5.68 Mbit/s
Sat Apr 14 01:45:01 CEST 2018
Ping: 25.827 ms
Download: 126.47 Mbit/s
Upload: 5.63 Mbit/s
Sat Apr 14 02:45:01 CEST 2018
Ping: 25.101 ms
Download: 126.47 Mbit/s
Upload: 5.64 Mbit/s
Sat Apr 14 03:45:01 CEST 2018
Ping: 28.059 ms
Download: 126.76 Mbit/s
Upload: 5.48 Mbit/s
Sat Apr 14 04:45:01 CEST 2018
Ping: 30.568 ms
Download: 123.55 Mbit/s
Upload: 5.60 Mbit/s
Sat Apr 14 05:45:01 CEST 2018
Ping: 29.068 ms
Download: 116.84 Mbit/s
Upload: 5.70 Mbit/s
Sat Apr 14 06:45:01 CEST 2018
Ping: 26.408 ms
Download: 123.50 Mbit/s
Upload: 5.66 Mbit/s
Sat Apr 14 07:45:01 CEST 2018
Ping: 27.671 ms
Download: 119.28 Mbit/s
Upload: 5.65 Mbit/s
Sat Apr 14 08:45:01 CEST 2018
Ping: 24.711 ms
Download: 121.46 Mbit/s
Upload: 5.52 Mbit/s
Sat Apr 14 09:45:01 CEST 2018
Ping: 29.507 ms
Download: 102.07 Mbit/s
Upload: 5.51 Mbit/s
Sat Apr 14 10:45:01 CEST 2018
Ping: 28.977 ms
Download: 103.73 Mbit/s
Upload: 5.52 Mbit/s
Sat Apr 14 11:45:01 CEST 2018
Ping: 26.285 ms
Download: 126.96 Mbit/s
Upload: 5.56 Mbit/s
Sat Apr 14 12:45:01 CEST 2018
Ping: 28.155 ms
Download: 121.92 Mbit/s
Upload: 5.65 Mbit/s
Sat Apr 14 13:45:01 CEST 2018
Ping: 24.647 ms
Download: 110.55 Mbit/s
Upload: 5.55 Mbit/s
Sat Apr 14 14:45:01 CEST 2018
Ping: 26.995 ms
Download: 108.55 Mbit/s
Upload: 5.60 Mbit/s
Sat Apr 14 15:45:01 CEST 2018
Ping: 24.685 ms
Download: 127.20 Mbit/s
Upload: 5.58 Mbit/s
Sat Apr 14 16:45:02 CEST 2018
Ping: 27.79 ms
Download: 117.12 Mbit/s
Upload: 5.51 Mbit/s
Sat Apr 14 17:45:01 CEST 2018
Ping: 27.682 ms
Download: 119.01 Mbit/s
Upload: 5.56 Mbit/s
Sat Apr 14 18:45:01 CEST 2018
Ping: 28.615 ms
Download: 109.85 Mbit/s
Upload: 5.44 Mbit/s
Sat Apr 14 19:45:01 CEST 2018
Ping: 28.973 ms
Download: 126.74 Mbit/s
Upload: 5.57 Mbit/s
Sat Apr 14 20:45:01 CEST 2018
Ping: 30.343 ms
Download: 124.62 Mbit/s
Upload: 5.53 Mbit/s
Sat Apr 14 21:45:01 CEST 2018
Ping: 29.011 ms
Download: 127.48 Mbit/s
Upload: 5.58 Mbit/s
Sat Apr 14 22:45:01 CEST 2018
Ping: 25.201 ms
Download: 126.14 Mbit/s
Upload: 5.52 Mbit/s
Sat Apr 14 23:45:01 CEST 2018
Ping: 29.568 ms
Download: 119.93 Mbit/s
Upload: 5.58 Mbit/s
Sun Apr 15 00:45:01 CEST 2018
Ping: 27.975 ms
Download: 101.82 Mbit/s
Upload: 5.43 Mbit/s
Sun Apr 15 01:45:01 CEST 2018
Ping: 27.827 ms
Download: 118.38 Mbit/s
Upload: 5.61 Mbit/s
Sun Apr 15 02:45:01 CEST 2018
Ping: 29.321 ms
Download: 98.68 Mbit/s
Upload: 5.63 Mbit/s
Sun Apr 15 03:45:01 CEST 2018
Ping: 28.786 ms
Download: 126.35 Mbit/s
Upload: 5.47 Mbit/s
Sun Apr 15 04:45:01 CEST 2018
Ping: 26.498 ms
Download: 114.46 Mbit/s
Upload: 5.68 Mbit/s
Sun Apr 15 05:45:01 CEST 2018
Ping: 26.317 ms
Download: 123.37 Mbit/s
Upload: 5.56 Mbit/s
Sun Apr 15 06:45:01 CEST 2018
Ping: 26.34 ms
Download: 127.26 Mbit/s
Upload: 5.61 Mbit/s
Sun Apr 15 07:45:01 CEST 2018
Ping: 25.027 ms
Download: 123.90 Mbit/s
Upload: 5.58 Mbit/s
Sun Apr 15 08:45:01 CEST 2018
Ping: 26.87 ms
Download: 120.93 Mbit/s
Upload: 5.51 Mbit/s
Sun Apr 15 09:45:01 CEST 2018
Ping: 29.128 ms
Download: 106.74 Mbit/s
Upload: 5.59 Mbit/s
Sun Apr 15 10:45:01 CEST 2018
Ping: 26.316 ms
Download: 117.32 Mbit/s
Upload: 5.48 Mbit/s
Sun Apr 15 11:45:01 CEST 2018
Ping: 29.955 ms
Download: 122.31 Mbit/s
Upload: 5.56 Mbit/s
Sun Apr 15 12:45:01 CEST 2018
Ping: 24.15 ms
Download: 119.45 Mbit/s
Upload: 5.56 Mbit/s
Sun Apr 15 13:45:01 CEST 2018
Ping: 27.798 ms
Download: 114.26 Mbit/s
Upload: 5.60 Mbit/s
Sun Apr 15 14:45:02 CEST 2018
Ping: 26.671 ms
Download: 126.18 Mbit/s
Upload: 5.64 Mbit/s
Sun Apr 15 15:45:02 CEST 2018
Ping: 25.526 ms
Download: 107.13 Mbit/s
Upload: 5.48 Mbit/s
Sun Apr 15 16:45:01 CEST 2018
Ping: 26.147 ms
Download: 123.53 Mbit/s
Upload: 5.55 Mbit/s
Sun Apr 15 17:45:01 CEST 2018
Ping: 26.89 ms
Download: 127.18 Mbit/s
Upload: 5.59 Mbit/s
Sun Apr 15 18:45:01 CEST 2018
Ping: 28.086 ms
Download: 126.92 Mbit/s
Upload: 5.59 Mbit/s
Sun Apr 15 19:45:01 CEST 2018
Ping: 30.98 ms
Download: 104.31 Mbit/s
Upload: 5.48 Mbit/s
Sun Apr 15 20:45:01 CEST 2018
Ping: 29.288 ms
Download: 119.63 Mbit/s
Upload: 5.17 Mbit/s
Sun Apr 15 21:45:01 CEST 2018
Ping: 27.888 ms
Download: 102.64 Mbit/s
Upload: 5.41 Mbit/s
Sun Apr 15 22:45:01 CEST 2018
Ping: 27.479 ms
Download: 127.31 Mbit/s
Upload: 5.55 Mbit/s
Sun Apr 15 23:45:01 CEST 2018
Ping: 27.601 ms
Download: 122.65 Mbit/s
Upload: 5.68 Mbit/s
Mon Apr 16 00:45:01 CEST 2018
Ping: 28.535 ms
Download: 127.81 Mbit/s
Upload: 5.60 Mbit/s
Mon Apr 16 01:45:01 CEST 2018
Ping: 24.479 ms
Download: 127.19 Mbit/s
Upload: 5.61 Mbit/s
Mon Apr 16 02:45:01 CEST 2018
Ping: 24.98 ms
Download: 126.94 Mbit/s
Upload: 5.62 Mbit/s
Mon Apr 16 03:45:01 CEST 2018
Ping: 25.695 ms
Download: 126.42 Mbit/s
Upload: 5.61 Mbit/s
Mon Apr 16 04:45:01 CEST 2018
Ping: 27.062 ms
Download: 127.70 Mbit/s
Upload: 5.62 Mbit/s
Mon Apr 16 05:45:01 CEST 2018
Ping: 29.079 ms
Download: 117.89 Mbit/s
Upload: 5.53 Mbit/s
Mon Apr 16 06:45:01 CEST 2018
Ping: 27.103 ms
Download: 127.33 Mbit/s
Upload: 5.63 Mbit/s
Mon Apr 16 07:45:01 CEST 2018
Ping: 26.877 ms
Download: 123.86 Mbit/s
Upload: 5.57 Mbit/s
Mon Apr 16 08:45:01 CEST 2018
Ping: 27.459 ms
Download: 123.51 Mbit/s
Upload: 5.61 Mbit/s
Mon Apr 16 09:45:01 CEST 2018
Ping: 26.778 ms
Download: 123.16 Mbit/s
Upload: 5.64 Mbit/s
Mon Apr 16 10:45:01 CEST 2018
Ping: 26.17 ms
Download: 127.13 Mbit/s
Upload: 5.41 Mbit/s
Mon Apr 16 11:45:01 CEST 2018
Ping: 28.601 ms
Download: 126.62 Mbit/s
Upload: 5.56 Mbit/s
Mon Apr 16 12:45:01 CEST 2018
Ping: 23.642 ms
Download: 124.80 Mbit/s
Upload: 5.59 Mbit/s
Mon Apr 16 13:45:01 CEST 2018
Ping: 28.386 ms
Download: 114.04 Mbit/s
Upload: 5.59 Mbit/s
Mon Apr 16 14:45:01 CEST 2018
Ping: 28.128 ms
Download: 123.56 Mbit/s
Upload: 5.63 Mbit/s
Mon Apr 16 15:45:01 CEST 2018
Ping: 26.345 ms
Download: 125.73 Mbit/s
Upload: 5.41 Mbit/s
Mon Apr 16 16:45:01 CEST 2018
Ping: 29.793 ms
Download: 112.90 Mbit/s
Upload: 5.54 Mbit/s
Mon Apr 16 17:45:01 CEST 2018
Ping: 28.52 ms
Download: 84.55 Mbit/s
Upload: 5.58 Mbit/s
Mon Apr 16 18:45:01 CEST 2018
Ping: 29.209 ms
Download: 127.80 Mbit/s
Upload: 5.58 Mbit/s
Mon Apr 16 19:45:01 CEST 2018
Ping: 26.63 ms
Download: 125.63 Mbit/s
Upload: 5.57 Mbit/s
Mon Apr 16 20:45:02 CEST 2018
Ping: 28.607 ms
Download: 126.07 Mbit/s
Upload: 5.57 Mbit/s
Mon Apr 16 21:45:01 CEST 2018
Ping: 28.353 ms
Download: 119.70 Mbit/s
Upload: 5.64 Mbit/s
Mon Apr 16 22:45:01 CEST 2018
Ping: 25.442 ms
Download: 116.92 Mbit/s
Upload: 5.48 Mbit/s
Mon Apr 16 23:45:01 CEST 2018
Ping: 28.322 ms
Download: 122.36 Mbit/s
Upload: 5.57 Mbit/s
Tue Apr 17 00:45:01 CEST 2018
Ping: 27.699 ms
Download: 122.09 Mbit/s
Upload: 5.51 Mbit/s
Tue Apr 17 01:45:01 CEST 2018
Ping: 26.284 ms
Download: 127.15 Mbit/s
Upload: 5.65 Mbit/s
Tue Apr 17 02:45:01 CEST 2018
Ping: 24.717 ms
Download: 125.40 Mbit/s
Upload: 5.64 Mbit/s
Tue Apr 17 03:45:01 CEST 2018
Ping: 27.445 ms
Download: 127.84 Mbit/s
Upload: 5.55 Mbit/s
Tue Apr 17 04:45:01 CEST 2018
Ping: 27.208 ms
Download: 118.97 Mbit/s
Upload: 5.61 Mbit/s
Tue Apr 17 05:45:01 CEST 2018
Ping: 27.011 ms
Download: 127.07 Mbit/s
Upload: 5.65 Mbit/s
Tue Apr 17 06:45:01 CEST 2018
Ping: 28.087 ms
Download: 120.61 Mbit/s
Upload: 5.54 Mbit/s
Tue Apr 17 07:45:01 CEST 2018
Ping: 28.821 ms
Download: 118.63 Mbit/s
Upload: 5.61 Mbit/s
Tue Apr 17 08:45:01 CEST 2018
Ping: 27.186 ms
Download: 127.80 Mbit/s
Upload: 5.36 Mbit/s
Tue Apr 17 09:45:01 CEST 2018
Ping: 29.152 ms
Download: 117.08 Mbit/s
Upload: 5.46 Mbit/s
Tue Apr 17 10:45:02 CEST 2018
Ping: 27.888 ms
Download: 119.78 Mbit/s
Upload: 5.66 Mbit/s
Tue Apr 17 11:45:01 CEST 2018
Ping: 24.485 ms
Download: 118.95 Mbit/s
Upload: 5.62 Mbit/s
Tue Apr 17 12:45:01 CEST 2018
Ping: 26.509 ms
Download: 126.34 Mbit/s
Upload: 4.93 Mbit/s
Tue Apr 17 13:45:01 CEST 2018
Ping: 26.302 ms
Download: 127.85 Mbit/s
Upload: 5.56 Mbit/s
Tue Apr 17 14:45:01 CEST 2018
Ping: 27.679 ms
Download: 124.54 Mbit/s
Upload: 5.59 Mbit/s
Tue Apr 17 15:45:01 CEST 2018
Ping: 26.329 ms
Download: 126.04 Mbit/s
Upload: 5.47 Mbit/s
Tue Apr 17 16:45:01 CEST 2018
Ping: 28.136 ms
Download: 96.54 Mbit/s
Upload: 5.42 Mbit/s
Tue Apr 17 17:45:01 CEST 2018
Ping: 29.521 ms
Download: 121.78 Mbit/s
Upload: 5.59 Mbit/s
Tue Apr 17 18:45:01 CEST 2018
Ping: 26.579 ms
Download: 127.07 Mbit/s
Upload: 5.59 Mbit/s
Tue Apr 17 19:45:01 CEST 2018
Ping: 27.792 ms
Download: 118.08 Mbit/s
Upload: 5.55 Mbit/s
Tue Apr 17 20:45:01 CEST 2018
Ping: 28.266 ms
Download: 122.12 Mbit/s
Upload: 5.60 Mbit/s
Tue Apr 17 21:45:01 CEST 2018
Ping: 26.305 ms
Download: 125.25 Mbit/s
Upload: 5.63 Mbit/s
Tue Apr 17 22:45:01 CEST 2018
Ping: 28.027 ms
Download: 120.90 Mbit/s
Upload: 5.56 Mbit/s
Tue Apr 17 23:45:02 CEST 2018
Ping: 27.63 ms
Download: 120.14 Mbit/s
Upload: 5.63 Mbit/s
Wed Apr 18 00:45:01 CEST 2018
Ping: 28.136 ms
Download: 125.25 Mbit/s
Upload: 5.48 Mbit/s
Wed Apr 18 01:45:02 CEST 2018
Ping: 24.034 ms
Download: 127.95 Mbit/s
Upload: 5.61 Mbit/s
Wed Apr 18 02:45:01 CEST 2018
Ping: 26.088 ms
Download: 125.62 Mbit/s
Upload: 5.63 Mbit/s
Wed Apr 18 03:45:01 CEST 2018
Ping: 24.226 ms
Download: 125.92 Mbit/s
Upload: 5.64 Mbit/s
Wed Apr 18 04:45:01 CEST 2018
Ping: 26.297 ms
Download: 127.67 Mbit/s
Upload: 5.59 Mbit/s
Wed Apr 18 05:45:01 CEST 2018
Ping: 26.92 ms
Download: 127.57 Mbit/s
Upload: 5.65 Mbit/s
Wed Apr 18 06:45:01 CEST 2018
Ping: 25.686 ms
Download: 127.61 Mbit/s
Upload: 5.61 Mbit/s
Wed Apr 18 07:45:01 CEST 2018
Ping: 28.527 ms
Download: 125.36 Mbit/s
Upload: 5.64 Mbit/s
Wed Apr 18 08:45:01 CEST 2018
Ping: 27.793 ms
Download: 120.59 Mbit/s
Upload: 5.63 Mbit/s
Wed Apr 18 09:45:01 CEST 2018
Ping: 25.323 ms
Download: 127.33 Mbit/s
Upload: 5.60 Mbit/s
Wed Apr 18 10:45:01 CEST 2018
Ping: 26.288 ms
Download: 125.09 Mbit/s
Upload: 5.67 Mbit/s
Wed Apr 18 11:45:01 CEST 2018
Ping: 27.776 ms
Download: 115.39 Mbit/s
Upload: 5.66 Mbit/s
Wed Apr 18 12:45:01 CEST 2018
Ping: 24.96 ms
Download: 126.00 Mbit/s
Upload: 5.60 Mbit/s
Wed Apr 18 13:45:01 CEST 2018
Ping: 27.226 ms
Download: 96.83 Mbit/s
Upload: 5.60 Mbit/s
Wed Apr 18 14:45:01 CEST 2018
Ping: 28.223 ms
Download: 119.77 Mbit/s
Upload: 5.62 Mbit/s
Wed Apr 18 15:45:01 CEST 2018
Ping: 28.358 ms
Download: 120.02 Mbit/s
Upload: 5.55 Mbit/s
Wed Apr 18 16:45:01 CEST 2018
Ping: 26.462 ms
Download: 122.41 Mbit/s
Upload: 5.59 Mbit/s
Wed Apr 18 17:45:01 CEST 2018
Ping: 29.326 ms
Download: 126.20 Mbit/s
Upload: 5.62 Mbit/s
Wed Apr 18 18:45:01 CEST 2018
Ping: 29.117 ms
Download: 115.65 Mbit/s
Upload: 5.54 Mbit/s
Wed Apr 18 19:45:01 CEST 2018
Ping: 27.542 ms
Download: 125.88 Mbit/s
Upload: 5.49 Mbit/s
Wed Apr 18 20:45:01 CEST 2018
Ping: 28.334 ms
Download: 110.43 Mbit/s
Upload: 5.61 Mbit/s
Wed Apr 18 21:45:01 CEST 2018
Ping: 26.282 ms
Download: 126.61 Mbit/s
Upload: 5.60 Mbit/s
Wed Apr 18 22:45:02 CEST 2018
Ping: 29.109 ms
Download: 111.70 Mbit/s
Upload: 5.63 Mbit/s
Wed Apr 18 23:45:01 CEST 2018
Ping: 25.509 ms
Download: 127.30 Mbit/s
Upload: 5.63 Mbit/s
Thu Apr 19 00:45:01 CEST 2018
Ping: 25.112 ms
Download: 124.75 Mbit/s
Upload: 5.61 Mbit/s
Thu Apr 19 01:45:01 CEST 2018
Ping: 25.677 ms
Download: 127.97 Mbit/s
Upload: 5.62 Mbit/s
Thu Apr 19 02:45:01 CEST 2018
Ping: 27.818 ms
Download: 109.84 Mbit/s
Upload: 5.62 Mbit/s
Thu Apr 19 03:45:01 CEST 2018
Ping: 26.28 ms
Download: 126.87 Mbit/s
Upload: 5.64 Mbit/s
Thu Apr 19 04:45:01 CEST 2018
Ping: 27.547 ms
Download: 126.54 Mbit/s
Upload: 5.59 Mbit/s
Thu Apr 19 05:45:01 CEST 2018
Ping: 24.633 ms
Download: 127.40 Mbit/s
Upload: 5.58 Mbit/s
Thu Apr 19 06:45:02 CEST 2018
Ping: 26.54 ms
Download: 127.87 Mbit/s
Upload: 5.60 Mbit/s
Thu Apr 19 07:45:01 CEST 2018
Ping: 25.996 ms
Download: 126.51 Mbit/s
Upload: 5.64 Mbit/s
Thu Apr 19 08:45:01 CEST 2018
Ping: 23.206 ms
Download: 127.30 Mbit/s
Upload: 5.59 Mbit/s
Thu Apr 19 09:45:02 CEST 2018
Ping: 26.293 ms
Download: 127.09 Mbit/s
Upload: 5.58 Mbit/s
Thu Apr 19 10:45:01 CEST 2018
Ping: 27.299 ms
Download: 125.52 Mbit/s
Upload: 5.57 Mbit/s
Thu Apr 19 11:45:01 CEST 2018
Ping: 27.579 ms
Download: 122.22 Mbit/s
Upload: 5.54 Mbit/s
Thu Apr 19 12:45:02 CEST 2018
Ping: 26.715 ms
Download: 121.36 Mbit/s
Upload: 5.47 Mbit/s
Thu Apr 19 13:45:01 CEST 2018
Ping: 24.01 ms
Download: 127.01 Mbit/s
Upload: 5.56 Mbit/s
Thu Apr 19 14:45:01 CEST 2018
Ping: 26.284 ms
Download: 125.84 Mbit/s
Upload: 5.54 Mbit/s
Thu Apr 19 15:45:01 CEST 2018
Ping: 26.321 ms
Download: 127.15 Mbit/s
Upload: 5.61 Mbit/s
Thu Apr 19 16:45:01 CEST 2018
Ping: 27.687 ms
Download: 121.87 Mbit/s
Upload: 5.53 Mbit/s
Thu Apr 19 17:45:01 CEST 2018
Ping: 27.551 ms
Download: 122.12 Mbit/s
Upload: 5.66 Mbit/s
Thu Apr 19 18:45:01 CEST 2018
Ping: 27.819 ms
Download: 123.00 Mbit/s
Upload: 5.62 Mbit/s
Thu Apr 19 19:45:01 CEST 2018
Ping: 27.442 ms
Download: 126.61 Mbit/s
Upload: 5.58 Mbit/s
Thu Apr 19 20:45:01 CEST 2018
Ping: 28.246 ms
Download: 122.26 Mbit/s
Upload: 5.67 Mbit/s
Thu Apr 19 21:45:01 CEST 2018
Ping: 27.334 ms
Download: 122.00 Mbit/s
Upload: 5.63 Mbit/s
Thu Apr 19 22:45:01 CEST 2018
Ping: 28.423 ms
Download: 123.77 Mbit/s
Upload: 5.54 Mbit/s
Thu Apr 19 23:45:01 CEST 2018
Ping: 26.999 ms
Download: 126.88 Mbit/s
Upload: 5.43 Mbit/s
Fri Apr 20 00:45:02 CEST 2018
Ping: 29.155 ms
Download: 124.03 Mbit/s
Upload: 5.27 Mbit/s
Fri Apr 20 01:45:01 CEST 2018
Ping: 29.199 ms
Download: 113.18 Mbit/s
Upload: 5.69 Mbit/s
Fri Apr 20 02:45:01 CEST 2018
Ping: 24.5 ms
Download: 125.89 Mbit/s
Upload: 5.66 Mbit/s
Fri Apr 20 03:45:01 CEST 2018
Ping: 25.761 ms
Download: 125.76 Mbit/s
Upload: 5.66 Mbit/s
Fri Apr 20 04:45:01 CEST 2018
Ping: 25.562 ms
Download: 126.64 Mbit/s
Upload: 5.59 Mbit/s
Fri Apr 20 05:45:01 CEST 2018
Ping: 26.679 ms
Download: 127.21 Mbit/s
Upload: 5.63 Mbit/s
Fri Apr 20 06:45:01 CEST 2018
Ping: 26.991 ms
Download: 101.90 Mbit/s
Upload: 5.67 Mbit/s
Fri Apr 20 07:45:01 CEST 2018
Ping: 25.412 ms
Download: 121.48 Mbit/s
Upload: 5.65 Mbit/s
Fri Apr 20 08:45:01 CEST 2018
Ping: 25.55 ms
Download: 105.61 Mbit/s
Upload: 5.59 Mbit/s
Fri Apr 20 09:45:01 CEST 2018
Ping: 26.408 ms
Download: 126.60 Mbit/s
Upload: 5.65 Mbit/s
Fri Apr 20 10:45:01 CEST 2018
Ping: 26.219 ms
Download: 125.61 Mbit/s
Upload: 5.62 Mbit/s
Fri Apr 20 11:45:01 CEST 2018
Ping: 28.791 ms
Download: 112.94 Mbit/s
Upload: 5.58 Mbit/s
Fri Apr 20 12:45:01 CEST 2018
Ping: 28.535 ms
Download: 126.01 Mbit/s
Upload: 5.12 Mbit/s
Fri Apr 20 13:45:01 CEST 2018
Ping: 26.741 ms
Download: 96.12 Mbit/s
Upload: 5.39 Mbit/s
Fri Apr 20 14:45:01 CEST 2018
Ping: 30.07 ms
Download: 122.91 Mbit/s
Upload: 5.63 Mbit/s
Fri Apr 20 15:45:01 CEST 2018
Ping: 24.906 ms
Download: 125.43 Mbit/s
Upload: 5.33 Mbit/s
Fri Apr 20 16:45:01 CEST 2018
Ping: 25.615 ms
Download: 127.37 Mbit/s
Upload: 5.64 Mbit/s
Fri Apr 20 17:45:02 CEST 2018
Ping: 29.246 ms
Download: 111.95 Mbit/s
Upload: 5.60 Mbit/s
Fri Apr 20 18:45:01 CEST 2018
Ping: 25.08 ms
Download: 125.71 Mbit/s
Upload: 5.61 Mbit/s
Fri Apr 20 19:45:01 CEST 2018
Ping: 28.027 ms
Download: 126.92 Mbit/s
Upload: 5.51 Mbit/s
Fri Apr 20 20:45:01 CEST 2018
Ping: 25.386 ms
Download: 123.67 Mbit/s
Upload: 5.56 Mbit/s
Fri Apr 20 21:45:01 CEST 2018
Ping: 27.221 ms
Download: 113.49 Mbit/s
Upload: 5.19 Mbit/s
Fri Apr 20 22:45:01 CEST 2018
Ping: 27.647 ms
Download: 116.97 Mbit/s
Upload: 5.51 Mbit/s
Fri Apr 20 23:45:01 CEST 2018
Ping: 27.665 ms
Download: 116.30 Mbit/s
Upload: 5.63 Mbit/s
Sat Apr 21 00:45:01 CEST 2018
Ping: 29.414 ms
Download: 126.57 Mbit/s
Upload: 5.34 Mbit/s
Sat Apr 21 01:45:01 CEST 2018
Ping: 22.9 ms
Download: 127.24 Mbit/s
Upload: 5.67 Mbit/s
Sat Apr 21 02:45:01 CEST 2018
Ping: 24.229 ms
Download: 121.64 Mbit/s
Upload: 5.60 Mbit/s
Sat Apr 21 03:45:01 CEST 2018
Ping: 25.651 ms
Download: 111.51 Mbit/s
Upload: 5.57 Mbit/s
Sat Apr 21 04:45:01 CEST 2018
Ping: 23.92 ms
Download: 126.87 Mbit/s
Upload: 5.66 Mbit/s
Sat Apr 21 05:45:01 CEST 2018
Ping: 27.551 ms
Download: 101.90 Mbit/s
Upload: 5.21 Mbit/s
Sat Apr 21 06:45:01 CEST 2018
Ping: 25.322 ms
Download: 116.83 Mbit/s
Upload: 5.57 Mbit/s
Sat Apr 21 07:45:01 CEST 2018
Ping: 29.925 ms
Download: 105.99 Mbit/s
Upload: 5.47 Mbit/s
Sat Apr 21 08:45:01 CEST 2018
Ping: 28.611 ms
Download: 113.78 Mbit/s
Upload: 5.62 Mbit/s
Sat Apr 21 09:45:01 CEST 2018
Ping: 29.781 ms
Download: 124.16 Mbit/s
Upload: 5.61 Mbit/s
Sat Apr 21 10:45:01 CEST 2018
Ping: 27.378 ms
Download: 126.62 Mbit/s
Upload: 5.64 Mbit/s
Sat Apr 21 11:45:01 CEST 2018
Ping: 28.944 ms
Download: 118.75 Mbit/s
Upload: 5.59 Mbit/s
Sat Apr 21 12:45:01 CEST 2018
Ping: 26.287 ms
Download: 108.13 Mbit/s
Upload: 5.60 Mbit/s
Sat Apr 21 13:45:01 CEST 2018
Ping: 26.083 ms
Download: 125.65 Mbit/s
Upload: 5.46 Mbit/s
Sat Apr 21 14:45:01 CEST 2018
Ping: 26.77 ms
Download: 125.48 Mbit/s
Upload: 4.89 Mbit/s
Sat Apr 21 15:45:01 CEST 2018
Ping: 27.033 ms
Download: 125.58 Mbit/s
Upload: 5.43 Mbit/s
Sat Apr 21 16:45:01 CEST 2018
Ping: 26.406 ms
Download: 125.42 Mbit/s
Upload: 5.51 Mbit/s
Sat Apr 21 17:45:01 CEST 2018
Ping: 25.706 ms
Download: 126.81 Mbit/s
Upload: 5.62 Mbit/s
Sat Apr 21 18:45:01 CEST 2018
Ping: 29.199 ms
Download: 109.37 Mbit/s
Upload: 5.58 Mbit/s
Sat Apr 21 19:45:01 CEST 2018
Ping: 29.988 ms
Download: 117.68 Mbit/s
Upload: 5.51 Mbit/s
Sat Apr 21 20:45:02 CEST 2018
Ping: 27.648 ms
Download: 123.51 Mbit/s
Upload: 5.53 Mbit/s
Sat Apr 21 21:45:01 CEST 2018
Ping: 26.702 ms
Download: 113.72 Mbit/s
Upload: 4.95 Mbit/s
Sat Apr 21 22:45:01 CEST 2018
Ping: 27.346 ms
Download: 114.31 Mbit/s
Upload: 5.28 Mbit/s
Sat Apr 21 23:45:01 CEST 2018
Ping: 30.279 ms
Download: 113.67 Mbit/s
Upload: 5.52 Mbit/s
Sun Apr 22 00:45:01 CEST 2018
Ping: 26.816 ms
Download: 107.14 Mbit/s
Upload: 5.50 Mbit/s
Sun Apr 22 01:45:01 CEST 2018
Ping: 28.766 ms
Download: 126.81 Mbit/s
Upload: 5.51 Mbit/s
Sun Apr 22 02:45:01 CEST 2018
Ping: 29.757 ms
Download: 103.22 Mbit/s
Upload: 5.50 Mbit/s
Sun Apr 22 03:45:01 CEST 2018
Ping: 31.298 ms
Download: 126.26 Mbit/s
Upload: 5.19 Mbit/s
Sun Apr 22 04:45:01 CEST 2018
Ping: 25.717 ms
Download: 126.42 Mbit/s
Upload: 5.62 Mbit/s
Sun Apr 22 05:45:01 CEST 2018
Ping: 26.412 ms
Download: 109.92 Mbit/s
Upload: 5.64 Mbit/s
Sun Apr 22 06:45:01 CEST 2018
Ping: 27.129 ms
Download: 126.51 Mbit/s
Upload: 5.62 Mbit/s
Sun Apr 22 07:45:01 CEST 2018
Ping: 27.445 ms
Download: 124.04 Mbit/s
Upload: 5.61 Mbit/s
Sun Apr 22 08:45:01 CEST 2018
Ping: 27.671 ms
Download: 119.01 Mbit/s
Upload: 5.57 Mbit/s
Sun Apr 22 09:45:01 CEST 2018
Ping: 27.558 ms
Download: 124.06 Mbit/s
Upload: 5.58 Mbit/s
Sun Apr 22 10:45:01 CEST 2018
Ping: 27.539 ms
Download: 112.20 Mbit/s
Upload: 5.56 Mbit/s
Sun Apr 22 11:45:02 CEST 2018
Ping: 28.939 ms
Download: 108.46 Mbit/s
Upload: 5.36 Mbit/s
Sun Apr 22 12:45:01 CEST 2018
Ping: 25.982 ms
Download: 126.50 Mbit/s
Upload: 5.46 Mbit/s
Sun Apr 22 13:45:02 CEST 2018
Ping: 27.624 ms
Download: 126.26 Mbit/s
Upload: 4.65 Mbit/s
Sun Apr 22 14:45:01 CEST 2018
Ping: 31.118 ms
Download: 115.04 Mbit/s
Upload: 5.46 Mbit/s
Sun Apr 22 15:45:01 CEST 2018
Ping: 25.372 ms
Download: 127.04 Mbit/s
Upload: 5.60 Mbit/s
Sun Apr 22 16:45:01 CEST 2018
Ping: 30.317 ms
Download: 108.58 Mbit/s
Upload: 5.50 Mbit/s
Sun Apr 22 17:45:01 CEST 2018
Ping: 27.432 ms
Download: 125.51 Mbit/s
Upload: 5.63 Mbit/s
Sun Apr 22 18:45:01 CEST 2018
Ping: 24.921 ms
Download: 127.53 Mbit/s
Upload: 5.57 Mbit/s
Sun Apr 22 19:45:01 CEST 2018
Ping: 29.08 ms
Download: 126.44 Mbit/s
Upload: 5.42 Mbit/s
Sun Apr 22 20:45:01 CEST 2018
Ping: 28.887 ms
Download: 109.06 Mbit/s
Upload: 5.62 Mbit/s
Sun Apr 22 21:45:01 CEST 2018
Ping: 26.725 ms
Download: 121.72 Mbit/s
Upload: 5.45 Mbit/s
Sun Apr 22 22:45:01 CEST 2018
Ping: 26.413 ms
Download: 118.26 Mbit/s
Upload: 5.62 Mbit/s
Sun Apr 22 23:45:02 CEST 2018
Ping: 27.035 ms
Download: 99.25 Mbit/s
Upload: 5.40 Mbit/s
Mon Apr 23 00:45:01 CEST 2018
Ping: 27.533 ms
Download: 106.41 Mbit/s
Upload: 5.66 Mbit/s
Mon Apr 23 01:45:01 CEST 2018
Ping: 25.063 ms
Download: 127.47 Mbit/s
Upload: 5.64 Mbit/s
Mon Apr 23 02:45:01 CEST 2018
Ping: 26.898 ms
Download: 117.42 Mbit/s
Upload: 5.67 Mbit/s
Mon Apr 23 03:45:01 CEST 2018
Ping: 26.198 ms
Download: 127.54 Mbit/s
Upload: 5.59 Mbit/s
Mon Apr 23 04:45:01 CEST 2018
Ping: 29.113 ms
Download: 114.87 Mbit/s
Upload: 5.63 Mbit/s
Mon Apr 23 05:45:01 CEST 2018
Ping: 25.63 ms
Download: 127.28 Mbit/s
Upload: 5.65 Mbit/s
Mon Apr 23 06:45:01 CEST 2018
Ping: 25.068 ms
Download: 126.68 Mbit/s
Upload: 5.55 Mbit/s
Mon Apr 23 07:45:01 CEST 2018
Ping: 27.377 ms
Download: 125.08 Mbit/s
Upload: 5.66 Mbit/s
Mon Apr 23 08:45:01 CEST 2018
Ping: 28.475 ms
Download: 113.13 Mbit/s
Upload: 5.47 Mbit/s
Mon Apr 23 09:45:01 CEST 2018
Ping: 26.218 ms
Download: 121.30 Mbit/s
Upload: 5.65 Mbit/s
Mon Apr 23 10:45:01 CEST 2018
Ping: 25.435 ms
Download: 126.79 Mbit/s
Upload: 5.61 Mbit/s
Mon Apr 23 11:45:01 CEST 2018
Ping: 30.0 ms
Download: 124.75 Mbit/s
Upload: 5.65 Mbit/s
Mon Apr 23 12:45:01 CEST 2018
Ping: 26.41 ms
Download: 125.67 Mbit/s
Upload: 5.60 Mbit/s
Mon Apr 23 13:45:01 CEST 2018
Ping: 27.708 ms
Download: 128.07 Mbit/s
Upload: 5.59 Mbit/s
Mon Apr 23 14:45:01 CEST 2018
Ping: 27.173 ms
Download: 125.51 Mbit/s
Upload: 5.59 Mbit/s
Mon Apr 23 15:45:01 CEST 2018
Ping: 27.292 ms
Download: 126.82 Mbit/s
Upload: 5.62 Mbit/s
Mon Apr 23 16:45:01 CEST 2018
Ping: 28.634 ms
Download: 126.76 Mbit/s
Upload: 5.57 Mbit/s
Mon Apr 23 17:45:01 CEST 2018
Ping: 27.115 ms
Download: 92.36 Mbit/s
Upload: 5.57 Mbit/s
Mon Apr 23 18:45:01 CEST 2018
Ping: 27.332 ms
Download: 103.61 Mbit/s
Upload: 5.57 Mbit/s
Mon Apr 23 19:45:01 CEST 2018
Ping: 28.243 ms
Download: 125.57 Mbit/s
Upload: 5.52 Mbit/s
Mon Apr 23 20:45:01 CEST 2018
Ping: 27.616 ms
Download: 116.45 Mbit/s
Upload: 5.37 Mbit/s
Mon Apr 23 21:45:01 CEST 2018
Ping: 30.6 ms
Download: 102.27 Mbit/s
Upload: 5.29 Mbit/s
Mon Apr 23 22:45:01 CEST 2018
Ping: 27.881 ms
Download: 115.55 Mbit/s
Upload: 5.66 Mbit/s
Mon Apr 23 23:45:01 CEST 2018
Ping: 28.219 ms
Download: 127.33 Mbit/s
Upload: 5.61 Mbit/s
Tue Apr 24 00:45:01 CEST 2018
Ping: 29.258 ms
Download: 120.15 Mbit/s
Upload: 5.66 Mbit/s
Tue Apr 24 01:45:01 CEST 2018
Ping: 27.115 ms
Download: 105.92 Mbit/s
Upload: 5.65 Mbit/s
Tue Apr 24 02:45:01 CEST 2018
Ping: 26.947 ms
Download: 126.51 Mbit/s
Upload: 5.67 Mbit/s
Tue Apr 24 03:45:01 CEST 2018
Ping: 26.418 ms
Download: 127.18 Mbit/s
Upload: 5.65 Mbit/s
Tue Apr 24 04:45:02 CEST 2018
Ping: 26.204 ms
Download: 127.84 Mbit/s
Upload: 5.60 Mbit/s
Tue Apr 24 05:45:01 CEST 2018
Ping: 26.814 ms
Download: 121.99 Mbit/s
Upload: 5.64 Mbit/s
Tue Apr 24 06:45:01 CEST 2018
Ping: 28.899 ms
Download: 112.64 Mbit/s
Upload: 5.64 Mbit/s
Tue Apr 24 07:45:01 CEST 2018
Ping: 26.056 ms
Download: 114.49 Mbit/s
Upload: 5.55 Mbit/s
Tue Apr 24 08:45:01 CEST 2018
Ping: 29.728 ms
Download: 126.32 Mbit/s
Upload: 5.58 Mbit/s
Tue Apr 24 09:45:01 CEST 2018
Ping: 24.614 ms
Download: 119.01 Mbit/s
Upload: 5.63 Mbit/s
Tue Apr 24 10:45:02 CEST 2018
Ping: 26.415 ms
Download: 116.60 Mbit/s
Upload: 5.54 Mbit/s
Tue Apr 24 11:45:01 CEST 2018
Ping: 27.355 ms
Download: 106.34 Mbit/s
Upload: 5.61 Mbit/s
Tue Apr 24 12:45:01 CEST 2018
Ping: 26.415 ms
Download: 127.61 Mbit/s
Upload: 5.64 Mbit/s
Tue Apr 24 13:45:01 CEST 2018
Ping: 28.409 ms
Download: 123.05 Mbit/s
Upload: 5.56 Mbit/s
Tue Apr 24 14:45:01 CEST 2018
Ping: 30.494 ms
Download: 108.60 Mbit/s
Upload: 5.30 Mbit/s
Tue Apr 24 15:45:01 CEST 2018
Ping: 27.195 ms
Download: 116.64 Mbit/s
Upload: 5.48 Mbit/s
Tue Apr 24 16:45:01 CEST 2018
Ping: 26.703 ms
Download: 119.77 Mbit/s
Upload: 5.53 Mbit/s
Tue Apr 24 17:45:01 CEST 2018
Ping: 26.577 ms
Download: 116.09 Mbit/s
Upload: 5.62 Mbit/s
Tue Apr 24 18:45:01 CEST 2018
Ping: 25.947 ms
Download: 126.31 Mbit/s
Upload: 5.46 Mbit/s
Tue Apr 24 19:45:01 CEST 2018
Ping: 26.693 ms
Download: 127.02 Mbit/s
Upload: 5.62 Mbit/s
Tue Apr 24 20:45:01 CEST 2018
Ping: 29.63 ms
Download: 110.68 Mbit/s
Upload: 5.38 Mbit/s
Tue Apr 24 21:45:01 CEST 2018
Ping: 27.503 ms
Download: 105.58 Mbit/s
Upload: 5.55 Mbit/s
Tue Apr 24 22:45:02 CEST 2018
Ping: 26.465 ms
Download: 108.93 Mbit/s
Upload: 5.65 Mbit/s
Tue Apr 24 23:45:01 CEST 2018
Ping: 25.086 ms
Download: 119.15 Mbit/s
Upload: 5.59 Mbit/s
Wed Apr 25 00:45:01 CEST 2018
Ping: 29.726 ms
Download: 114.00 Mbit/s
Upload: 5.59 Mbit/s
Wed Apr 25 01:45:01 CEST 2018
Ping: 26.413 ms
Download: 127.10 Mbit/s
Upload: 5.56 Mbit/s
Wed Apr 25 02:45:01 CEST 2018
Ping: 26.422 ms
Download: 127.59 Mbit/s
Upload: 5.60 Mbit/s
Wed Apr 25 03:45:01 CEST 2018
Ping: 26.047 ms
Download: 127.49 Mbit/s
Upload: 5.66 Mbit/s
Wed Apr 25 04:45:01 CEST 2018
Ping: 24.926 ms
Download: 120.24 Mbit/s
Upload: 5.67 Mbit/s
Wed Apr 25 05:45:01 CEST 2018
Ping: 25.126 ms
Download: 127.73 Mbit/s
Upload: 5.48 Mbit/s
Wed Apr 25 06:45:02 CEST 2018
Ping: 27.27 ms
Download: 119.61 Mbit/s
Upload: 5.48 Mbit/s
Wed Apr 25 07:45:01 CEST 2018
Ping: 28.998 ms
Download: 123.48 Mbit/s
Upload: 5.51 Mbit/s
Wed Apr 25 08:45:01 CEST 2018
Ping: 23.934 ms
Download: 124.66 Mbit/s
Upload: 5.59 Mbit/s
Wed Apr 25 09:45:01 CEST 2018
Ping: 30.022 ms
Download: 114.31 Mbit/s
Upload: 5.55 Mbit/s
Wed Apr 25 10:45:01 CEST 2018
Ping: 24.414 ms
Download: 126.22 Mbit/s
Upload: 5.61 Mbit/s
Wed Apr 25 11:45:01 CEST 2018
Ping: 25.97 ms
Download: 127.59 Mbit/s
Upload: 5.61 Mbit/s
Wed Apr 25 12:45:02 CEST 2018
Ping: 26.026 ms
Download: 125.02 Mbit/s
Upload: 5.50 Mbit/s
Wed Apr 25 13:45:01 CEST 2018
Ping: 26.63 ms
Download: 121.66 Mbit/s
Upload: 5.46 Mbit/s
Wed Apr 25 14:45:01 CEST 2018
Ping: 26.284 ms
Download: 106.74 Mbit/s
Upload: 5.64 Mbit/s
Wed Apr 25 15:45:02 CEST 2018
Ping: 27.729 ms
Download: 104.34 Mbit/s
Upload: 5.54 Mbit/s
Wed Apr 25 16:45:02 CEST 2018
Ping: 30.138 ms
Download: 116.86 Mbit/s
Upload: 5.51 Mbit/s
Wed Apr 25 17:45:01 CEST 2018
Ping: 23.779 ms
Download: 106.43 Mbit/s
Upload: 5.42 Mbit/s
Wed Apr 25 18:45:01 CEST 2018
Ping: 28.159 ms
Download: 124.97 Mbit/s
Upload: 5.62 Mbit/s
Wed Apr 25 19:45:01 CEST 2018
Ping: 27.23 ms
Download: 126.05 Mbit/s
Upload: 5.59 Mbit/s
Wed Apr 25 20:45:01 CEST 2018
Ping: 29.346 ms
Download: 116.05 Mbit/s
Upload: 5.59 Mbit/s
Wed Apr 25 21:45:01 CEST 2018
Ping: 30.081 ms
Download: 115.43 Mbit/s
Upload: 5.50 Mbit/s
Wed Apr 25 22:45:01 CEST 2018
Ping: 27.446 ms
Download: 126.79 Mbit/s
Upload: 5.52 Mbit/s
Wed Apr 25 23:45:01 CEST 2018
Ping: 25.69 ms
Download: 125.87 Mbit/s
Upload: 5.63 Mbit/s
Thu Apr 26 00:45:01 CEST 2018
Ping: 25.219 ms
Download: 126.68 Mbit/s
Upload: 5.64 Mbit/s
Thu Apr 26 01:45:01 CEST 2018
Ping: 24.737 ms
Download: 110.30 Mbit/s
Upload: 5.54 Mbit/s
Thu Apr 26 02:45:01 CEST 2018
Ping: 28.081 ms
Download: 127.33 Mbit/s
Upload: 5.62 Mbit/s
Thu Apr 26 03:45:01 CEST 2018
Ping: 28.791 ms
Download: 119.94 Mbit/s
Upload: 5.64 Mbit/s
Thu Apr 26 04:45:01 CEST 2018
Ping: 25.825 ms
Download: 126.27 Mbit/s
Upload: 5.62 Mbit/s
Thu Apr 26 05:45:01 CEST 2018
Ping: 25.937 ms
Download: 103.46 Mbit/s
Upload: 5.57 Mbit/s
Thu Apr 26 06:45:01 CEST 2018
Ping: 27.548 ms
Download: 127.66 Mbit/s
Upload: 5.52 Mbit/s
Thu Apr 26 07:45:01 CEST 2018
Ping: 26.375 ms
Download: 124.17 Mbit/s
Upload: 5.56 Mbit/s
Thu Apr 26 08:45:01 CEST 2018
Ping: 26.822 ms
Download: 107.94 Mbit/s
Upload: 5.65 Mbit/s
Thu Apr 26 09:45:01 CEST 2018
Ping: 25.356 ms
Download: 120.56 Mbit/s
Upload: 5.55 Mbit/s
Thu Apr 26 10:45:01 CEST 2018
Ping: 26.854 ms
Download: 126.69 Mbit/s
Upload: 5.49 Mbit/s
Thu Apr 26 11:45:01 CEST 2018
Ping: 28.117 ms
Download: 125.12 Mbit/s
Upload: 5.64 Mbit/s
Thu Apr 26 12:45:01 CEST 2018
Ping: 27.576 ms
Download: 121.87 Mbit/s
Upload: 5.57 Mbit/s
Thu Apr 26 13:45:01 CEST 2018
Ping: 28.628 ms
Download: 125.77 Mbit/s
Upload: 5.55 Mbit/s
Thu Apr 26 14:45:01 CEST 2018
Ping: 26.397 ms
Download: 120.20 Mbit/s
Upload: 5.53 Mbit/s
Thu Apr 26 15:45:02 CEST 2018
Ping: 28.61 ms
Download: 94.92 Mbit/s
Upload: 5.48 Mbit/s
Thu Apr 26 16:45:01 CEST 2018
Ping: 26.439 ms
Download: 124.87 Mbit/s
Upload: 5.56 Mbit/s
Thu Apr 26 17:45:01 CEST 2018
Ping: 27.211 ms
Download: 127.68 Mbit/s
Upload: 5.54 Mbit/s
Thu Apr 26 18:45:01 CEST 2018
Ping: 29.773 ms
Download: 113.29 Mbit/s
Upload: 5.53 Mbit/s
Thu Apr 26 19:45:01 CEST 2018
Ping: 29.3 ms
Download: 120.34 Mbit/s
Upload: 5.47 Mbit/s
Thu Apr 26 20:45:01 CEST 2018
Ping: 27.909 ms
Download: 108.49 Mbit/s
Upload: 5.50 Mbit/s
Thu Apr 26 21:45:01 CEST 2018
Ping: 27.854 ms
Download: 113.31 Mbit/s
Upload: 5.35 Mbit/s
Thu Apr 26 22:45:01 CEST 2018
Ping: 26.493 ms
Download: 127.05 Mbit/s
Upload: 5.47 Mbit/s
Thu Apr 26 23:45:01 CEST 2018
Ping: 28.691 ms
Download: 113.64 Mbit/s
Upload: 5.58 Mbit/s
Fri Apr 27 00:45:01 CEST 2018
Ping: 29.821 ms
Download: 126.14 Mbit/s
Upload: 5.55 Mbit/s
Fri Apr 27 01:45:01 CEST 2018
Ping: 22.424 ms
Download: 107.10 Mbit/s
Upload: 5.64 Mbit/s
Fri Apr 27 02:45:01 CEST 2018
Ping: 22.72 ms
Download: 121.97 Mbit/s
Upload: 5.62 Mbit/s
Fri Apr 27 03:45:01 CEST 2018
Ping: 28.143 ms
Download: 118.30 Mbit/s
Upload: 5.65 Mbit/s
Fri Apr 27 04:45:01 CEST 2018
Ping: 25.511 ms
Download: 124.61 Mbit/s
Upload: 5.62 Mbit/s
Fri Apr 27 05:45:01 CEST 2018
Ping: 26.409 ms
Download: 126.60 Mbit/s
Upload: 5.63 Mbit/s
Fri Apr 27 06:45:02 CEST 2018
Ping: 24.429 ms
Download: 116.16 Mbit/s
Upload: 5.57 Mbit/s
Fri Apr 27 07:45:01 CEST 2018
Ping: 26.136 ms
Download: 126.42 Mbit/s
Upload: 5.32 Mbit/s
Fri Apr 27 08:45:02 CEST 2018
Ping: 27.325 ms
Download: 125.11 Mbit/s
Upload: 5.57 Mbit/s
Fri Apr 27 09:45:01 CEST 2018
Ping: 26.425 ms
Download: 126.98 Mbit/s
Upload: 5.56 Mbit/s
Fri Apr 27 10:45:01 CEST 2018
Ping: 24.589 ms
Download: 127.52 Mbit/s
Upload: 5.62 Mbit/s
Fri Apr 27 11:45:01 CEST 2018
Ping: 24.78 ms
Download: 126.07 Mbit/s
Upload: 5.57 Mbit/s
Fri Apr 27 12:45:01 CEST 2018
Ping: 26.718 ms
Download: 127.73 Mbit/s
Upload: 5.65 Mbit/s
Fri Apr 27 13:45:01 CEST 2018
Ping: 28.176 ms
Download: 112.81 Mbit/s
Upload: 5.01 Mbit/s
Fri Apr 27 14:45:01 CEST 2018
Ping: 26.628 ms
Download: 124.97 Mbit/s
Upload: 5.52 Mbit/s
Fri Apr 27 15:45:01 CEST 2018
Ping: 24.914 ms
Download: 123.42 Mbit/s
Upload: 5.51 Mbit/s
Fri Apr 27 16:45:01 CEST 2018
Ping: 26.286 ms
Download: 125.40 Mbit/s
Upload: 5.49 Mbit/s
Fri Apr 27 17:45:01 CEST 2018
Ping: 27.414 ms
Download: 127.37 Mbit/s
Upload: 5.61 Mbit/s
Fri Apr 27 18:45:01 CEST 2018
Ping: 28.297 ms
Download: 116.27 Mbit/s
Upload: 5.64 Mbit/s
Fri Apr 27 19:45:01 CEST 2018
Ping: 27.381 ms
Download: 125.98 Mbit/s
Upload: 5.63 Mbit/s
Fri Apr 27 20:45:01 CEST 2018
Ping: 26.438 ms
Download: 117.67 Mbit/s
Upload: 5.08 Mbit/s
Fri Apr 27 21:45:01 CEST 2018
Ping: 28.924 ms
Download: 110.57 Mbit/s
Upload: 5.52 Mbit/s
Fri Apr 27 22:45:01 CEST 2018
Ping: 27.213 ms
Download: 110.52 Mbit/s
Upload: 5.23 Mbit/s
Fri Apr 27 23:45:01 CEST 2018
Ping: 28.629 ms
Download: 116.42 Mbit/s
Upload: 5.64 Mbit/s
Sat Apr 28 00:45:01 CEST 2018
Ping: 26.287 ms
Download: 97.52 Mbit/s
Upload: 5.68 Mbit/s
Sat Apr 28 01:45:01 CEST 2018
Ping: 27.691 ms
Download: 125.87 Mbit/s
Upload: 5.48 Mbit/s
Sat Apr 28 02:45:01 CEST 2018
Ping: 26.131 ms
Download: 126.80 Mbit/s
Upload: 5.63 Mbit/s
Sat Apr 28 03:45:01 CEST 2018
Ping: 26.381 ms
Download: 119.07 Mbit/s
Upload: 5.65 Mbit/s
Sat Apr 28 04:45:01 CEST 2018
Ping: 24.903 ms
Download: 125.17 Mbit/s
Upload: 5.59 Mbit/s
Sat Apr 28 05:45:01 CEST 2018
Ping: 24.74 ms
Download: 123.11 Mbit/s
Upload: 5.59 Mbit/s
Sat Apr 28 06:45:01 CEST 2018
Ping: 26.802 ms
Download: 126.82 Mbit/s
Upload: 5.57 Mbit/s
Sat Apr 28 07:45:01 CEST 2018
Ping: 27.594 ms
Download: 125.60 Mbit/s
Upload: 5.22 Mbit/s
Sat Apr 28 08:45:01 CEST 2018
Ping: 27.822 ms
Download: 118.99 Mbit/s
Upload: 5.47 Mbit/s
Sat Apr 28 09:45:01 CEST 2018
Ping: 30.223 ms
Download: 115.80 Mbit/s
Upload: 5.57 Mbit/s
Sat Apr 28 10:45:01 CEST 2018
Ping: 27.402 ms
Download: 124.18 Mbit/s
Upload: 5.69 Mbit/s
Sat Apr 28 11:45:02 CEST 2018
Ping: 27.031 ms
Download: 117.86 Mbit/s
Upload: 5.56 Mbit/s
Sat Apr 28 12:45:01 CEST 2018
Ping: 25.074 ms
Download: 112.21 Mbit/s
Upload: 5.58 Mbit/s
Sat Apr 28 13:45:01 CEST 2018
Ping: 28.041 ms
Download: 125.48 Mbit/s
Upload: 5.62 Mbit/s
Sat Apr 28 14:45:01 CEST 2018
Ping: 27.956 ms
Download: 111.76 Mbit/s
Upload: 5.58 Mbit/s
Sat Apr 28 15:45:01 CEST 2018
Ping: 29.21 ms
Download: 113.09 Mbit/s
Upload: 5.66 Mbit/s
Sat Apr 28 16:45:02 CEST 2018
Ping: 26.711 ms
Download: 121.80 Mbit/s
Upload: 5.63 Mbit/s
Sat Apr 28 17:45:01 CEST 2018
Ping: 28.138 ms
Download: 110.38 Mbit/s
Upload: 5.40 Mbit/s
Sat Apr 28 18:45:01 CEST 2018
Ping: 27.597 ms
Download: 102.00 Mbit/s
Upload: 5.51 Mbit/s
Sat Apr 28 19:45:01 CEST 2018
Ping: 27.274 ms
Download: 127.10 Mbit/s
Upload: 5.54 Mbit/s
Sat Apr 28 20:45:01 CEST 2018
Ping: 29.74 ms
Download: 110.02 Mbit/s
Upload: 5.57 Mbit/s
Sat Apr 28 21:45:01 CEST 2018
Ping: 28.907 ms
Download: 99.91 Mbit/s
Upload: 5.56 Mbit/s
Sat Apr 28 22:45:01 CEST 2018
Ping: 27.967 ms
Download: 104.12 Mbit/s
Upload: 5.62 Mbit/s
Sat Apr 28 23:45:01 CEST 2018
Ping: 26.492 ms
Download: 126.42 Mbit/s
Upload: 5.61 Mbit/s
Sun Apr 29 00:45:01 CEST 2018
Ping: 27.622 ms
Download: 127.64 Mbit/s
Upload: 5.52 Mbit/s
Sun Apr 29 01:45:01 CEST 2018
Ping: 29.408 ms
Download: 119.33 Mbit/s
Upload: 5.58 Mbit/s
Sun Apr 29 02:45:01 CEST 2018
Ping: 24.745 ms
Download: 120.03 Mbit/s
Upload: 5.64 Mbit/s
Sun Apr 29 03:45:01 CEST 2018
Ping: 28.588 ms
Download: 114.41 Mbit/s
Upload: 5.62 Mbit/s
Sun Apr 29 04:45:01 CEST 2018
Ping: 26.503 ms
Download: 126.95 Mbit/s
Upload: 5.66 Mbit/s
Sun Apr 29 05:45:01 CEST 2018
Ping: 26.279 ms
Download: 120.60 Mbit/s
Upload: 5.56 Mbit/s
Sun Apr 29 06:45:01 CEST 2018
Ping: 26.614 ms
Download: 124.64 Mbit/s
Upload: 5.60 Mbit/s
Sun Apr 29 07:45:01 CEST 2018
Ping: 26.878 ms
Download: 127.13 Mbit/s
Upload: 5.57 Mbit/s
Sun Apr 29 08:45:01 CEST 2018
Ping: 28.994 ms
Download: 122.81 Mbit/s
Upload: 5.29 Mbit/s
Sun Apr 29 09:45:01 CEST 2018
Ping: 26.245 ms
Download: 121.85 Mbit/s
Upload: 5.60 Mbit/s
Sun Apr 29 10:45:01 CEST 2018
Ping: 27.268 ms
Download: 114.70 Mbit/s
Upload: 5.30 Mbit/s
Sun Apr 29 11:45:01 CEST 2018
Ping: 29.94 ms
Download: 100.01 Mbit/s
Upload: 5.61 Mbit/s
Sun Apr 29 12:45:01 CEST 2018
Ping: 27.748 ms
Download: 126.91 Mbit/s
Upload: 5.50 Mbit/s
Sun Apr 29 13:45:01 CEST 2018
Ping: 30.643 ms
Download: 124.27 Mbit/s
Upload: 5.54 Mbit/s
Sun Apr 29 14:45:01 CEST 2018
Ping: 26.291 ms
Download: 126.51 Mbit/s
Upload: 5.64 Mbit/s
Sun Apr 29 15:45:01 CEST 2018
Ping: 28.75 ms
Download: 127.01 Mbit/s
Upload: 5.50 Mbit/s
Sun Apr 29 16:45:01 CEST 2018
Ping: 26.422 ms
Download: 127.68 Mbit/s
Upload: 5.61 Mbit/s
Sun Apr 29 17:45:01 CEST 2018
Ping: 28.225 ms
Download: 118.57 Mbit/s
Upload: 5.62 Mbit/s
Sun Apr 29 18:45:01 CEST 2018
Ping: 28.089 ms
Download: 116.29 Mbit/s
Upload: 5.54 Mbit/s
Sun Apr 29 19:45:01 CEST 2018
Ping: 27.011 ms
Download: 119.36 Mbit/s
Upload: 5.55 Mbit/s
Sun Apr 29 20:45:01 CEST 2018
Ping: 26.628 ms
Download: 124.77 Mbit/s
Upload: 5.36 Mbit/s
Sun Apr 29 21:45:01 CEST 2018
Ping: 26.41 ms
Download: 124.49 Mbit/s
Upload: 5.61 Mbit/s
Sun Apr 29 22:45:01 CEST 2018
Ping: 26.545 ms
Download: 117.29 Mbit/s
Upload: 5.52 Mbit/s
Sun Apr 29 23:45:01 CEST 2018
Ping: 26.608 ms
Download: 127.03 Mbit/s
Upload: 5.62 Mbit/s
Mon Apr 30 00:45:01 CEST 2018
Ping: 28.083 ms
Download: 126.35 Mbit/s
Upload: 5.61 Mbit/s
Mon Apr 30 01:45:01 CEST 2018
Ping: 27.741 ms
Download: 127.72 Mbit/s
Upload: 5.55 Mbit/s
Mon Apr 30 02:45:01 CEST 2018
Ping: 28.957 ms
Download: 104.47 Mbit/s
Upload: 5.58 Mbit/s
Mon Apr 30 03:45:01 CEST 2018
Ping: 26.896 ms
Download: 123.89 Mbit/s
Upload: 5.60 Mbit/s
Mon Apr 30 04:45:01 CEST 2018
Ping: 26.014 ms
Download: 127.77 Mbit/s
Upload: 5.64 Mbit/s
Mon Apr 30 05:45:01 CEST 2018
Ping: 26.173 ms
Download: 127.01 Mbit/s
Upload: 5.66 Mbit/s
Mon Apr 30 06:45:01 CEST 2018
Ping: 28.732 ms
Download: 117.84 Mbit/s
Upload: 5.54 Mbit/s
Mon Apr 30 07:45:01 CEST 2018
Ping: 26.117 ms
Download: 127.04 Mbit/s
Upload: 5.59 Mbit/s
Mon Apr 30 08:45:01 CEST 2018
Ping: 26.957 ms
Download: 107.13 Mbit/s
Upload: 5.51 Mbit/s
Mon Apr 30 09:45:01 CEST 2018
Ping: 29.669 ms
Download: 112.97 Mbit/s
Upload: 5.46 Mbit/s
Mon Apr 30 10:45:01 CEST 2018
Ping: 26.304 ms
Download: 118.42 Mbit/s
Upload: 5.62 Mbit/s
Mon Apr 30 11:45:01 CEST 2018
Ping: 28.31 ms
Download: 113.48 Mbit/s
Upload: 5.61 Mbit/s
Mon Apr 30 12:45:02 CEST 2018
Ping: 27.345 ms
Download: 124.35 Mbit/s
Upload: 5.54 Mbit/s
Mon Apr 30 13:45:02 CEST 2018
Ping: 27.605 ms
Download: 123.73 Mbit/s
Upload: 5.31 Mbit/s
Mon Apr 30 14:45:02 CEST 2018
Ping: 29.186 ms
Download: 118.32 Mbit/s
Upload: 5.63 Mbit/s
Mon Apr 30 15:45:02 CEST 2018
Ping: 27.835 ms
Download: 125.08 Mbit/s
Upload: 5.32 Mbit/s
Mon Apr 30 16:45:01 CEST 2018
Ping: 27.943 ms
Download: 89.19 Mbit/s
Upload: 5.54 Mbit/s
Mon Apr 30 17:45:01 CEST 2018
Ping: 28.344 ms
Download: 116.05 Mbit/s
Upload: 5.45 Mbit/s
Mon Apr 30 18:45:01 CEST 2018
Ping: 25.268 ms
Download: 120.53 Mbit/s
Upload: 4.63 Mbit/s
Mon Apr 30 19:45:02 CEST 2018
Ping: 29.028 ms
Download: 114.23 Mbit/s
Upload: 5.56 Mbit/s
Mon Apr 30 20:45:01 CEST 2018
Ping: 25.825 ms
Download: 120.52 Mbit/s
Upload: 5.42 Mbit/s
Mon Apr 30 21:45:01 CEST 2018
Ping: 26.953 ms
Download: 110.10 Mbit/s
Upload: 5.53 Mbit/s
Mon Apr 30 22:45:01 CEST 2018
Ping: 26.387 ms
Download: 122.95 Mbit/s
Upload: 5.59 Mbit/s
Mon Apr 30 23:45:01 CEST 2018
Ping: 29.297 ms
Download: 124.33 Mbit/s
Upload: 5.62 Mbit/s
