Sun Sep  1 00:45:01 CEST 2019
Ping: 28.439 ms
Download: 220.09 Mbit/s
Upload: 18.78 Mbit/s
Sun Sep  1 01:45:01 CEST 2019
Ping: 27.827 ms
Download: 207.65 Mbit/s
Upload: 19.82 Mbit/s
Sun Sep  1 02:45:01 CEST 2019
Ping: 25.307 ms
Download: 142.84 Mbit/s
Upload: 19.70 Mbit/s
Sun Sep  1 03:45:01 CEST 2019
Ping: 24.622 ms
Download: 106.70 Mbit/s
Upload: 19.19 Mbit/s
Sun Sep  1 04:45:01 CEST 2019
Ping: 25.583 ms
Download: 122.50 Mbit/s
Upload: 19.80 Mbit/s
Sun Sep  1 05:45:01 CEST 2019
Ping: 27.344 ms
Download: 259.30 Mbit/s
Upload: 19.30 Mbit/s
Sun Sep  1 06:45:01 CEST 2019
Ping: 24.342 ms
Download: 102.18 Mbit/s
Upload: 18.95 Mbit/s
Sun Sep  1 07:45:01 CEST 2019
Ping: 26.6 ms
Download: 258.92 Mbit/s
Upload: 19.27 Mbit/s
Sun Sep  1 08:45:01 CEST 2019
Ping: 24.116 ms
Download: 153.71 Mbit/s
Upload: 19.33 Mbit/s
Sun Sep  1 09:45:01 CEST 2019
Ping: 25.037 ms
Download: 248.65 Mbit/s
Upload: 19.03 Mbit/s
Sun Sep  1 10:45:01 CEST 2019
Ping: 24.25 ms
Download: 123.26 Mbit/s
Upload: 18.94 Mbit/s
Sun Sep  1 11:45:01 CEST 2019
Ping: 23.139 ms
Download: 177.76 Mbit/s
Upload: 18.97 Mbit/s
Sun Sep  1 12:45:01 CEST 2019
Ping: 27.03 ms
Download: 202.55 Mbit/s
Upload: 19.59 Mbit/s
Sun Sep  1 13:45:01 CEST 2019
Ping: 25.386 ms
Download: 165.40 Mbit/s
Upload: 18.29 Mbit/s
Sun Sep  1 14:45:01 CEST 2019
Ping: 24.228 ms
Download: 223.04 Mbit/s
Upload: 19.11 Mbit/s
Sun Sep  1 15:45:01 CEST 2019
Ping: 26.686 ms
Download: 262.39 Mbit/s
Upload: 19.27 Mbit/s
Sun Sep  1 16:45:01 CEST 2019
Ping: 26.132 ms
Download: 173.73 Mbit/s
Upload: 19.34 Mbit/s
Sun Sep  1 17:45:01 CEST 2019
Ping: 24.582 ms
Download: 134.10 Mbit/s
Upload: 19.44 Mbit/s
Sun Sep  1 18:45:01 CEST 2019
Ping: 23.086 ms
Download: 124.68 Mbit/s
Upload: 19.10 Mbit/s
Sun Sep  1 19:45:01 CEST 2019
Ping: 26.672 ms
Download: 202.17 Mbit/s
Upload: 19.30 Mbit/s
Sun Sep  1 20:45:01 CEST 2019
Ping: 36.603 ms
Download: 197.14 Mbit/s
Upload: 19.67 Mbit/s
Sun Sep  1 21:45:01 CEST 2019
Ping: 26.637 ms
Download: 275.89 Mbit/s
Upload: 19.40 Mbit/s
Sun Sep  1 22:45:01 CEST 2019
Ping: 25.295 ms
Download: 162.31 Mbit/s
Upload: 18.74 Mbit/s
Sun Sep  1 23:45:01 CEST 2019
Ping: 27.853 ms
Download: 154.31 Mbit/s
Upload: 19.76 Mbit/s
Mon Sep  2 00:45:01 CEST 2019
Ping: 25.347 ms
Download: 217.19 Mbit/s
Upload: 19.78 Mbit/s
Mon Sep  2 01:45:01 CEST 2019
Ping: 25.557 ms
Download: 127.67 Mbit/s
Upload: 19.04 Mbit/s
Mon Sep  2 02:45:01 CEST 2019
Ping: 24.012 ms
Download: 212.52 Mbit/s
Upload: 19.36 Mbit/s
Mon Sep  2 03:45:01 CEST 2019
Ping: 27.951 ms
Download: 240.55 Mbit/s
Upload: 19.67 Mbit/s
Mon Sep  2 04:45:02 CEST 2019
Ping: 24.241 ms
Download: 195.36 Mbit/s
Upload: 19.07 Mbit/s
Mon Sep  2 05:45:01 CEST 2019
Ping: 23.752 ms
Download: 147.75 Mbit/s
Upload: 19.81 Mbit/s
Mon Sep  2 06:45:01 CEST 2019
Ping: 23.346 ms
Download: 221.19 Mbit/s
Upload: 19.45 Mbit/s
Mon Sep  2 07:45:01 CEST 2019
Ping: 24.38 ms
Download: 157.73 Mbit/s
Upload: 19.70 Mbit/s
Mon Sep  2 08:45:01 CEST 2019
Ping: 26.901 ms
Download: 269.65 Mbit/s
Upload: 18.61 Mbit/s
Mon Sep  2 09:45:01 CEST 2019
Ping: 26.677 ms
Download: 195.05 Mbit/s
Upload: 18.84 Mbit/s
Mon Sep  2 10:45:01 CEST 2019
Ping: 26.867 ms
Download: 154.62 Mbit/s
Upload: 19.41 Mbit/s
Mon Sep  2 11:45:01 CEST 2019
Ping: 24.403 ms
Download: 117.75 Mbit/s
Upload: 19.44 Mbit/s
Mon Sep  2 12:45:01 CEST 2019
Ping: 26.636 ms
Download: 224.11 Mbit/s
Upload: 19.75 Mbit/s
Mon Sep  2 13:45:01 CEST 2019
Ping: 24.901 ms
Download: 95.21 Mbit/s
Upload: 19.48 Mbit/s
Mon Sep  2 14:45:01 CEST 2019
Ping: 25.214 ms
Download: 143.43 Mbit/s
Upload: 19.27 Mbit/s
Mon Sep  2 15:45:01 CEST 2019
Ping: 24.622 ms
Download: 134.05 Mbit/s
Upload: 19.57 Mbit/s
Mon Sep  2 16:45:01 CEST 2019
Ping: 25.574 ms
Download: 124.73 Mbit/s
Upload: 19.68 Mbit/s
Mon Sep  2 17:45:01 CEST 2019
Ping: 25.954 ms
Download: 171.14 Mbit/s
Upload: 18.48 Mbit/s
Mon Sep  2 18:45:01 CEST 2019
Ping: 25.238 ms
Download: 118.45 Mbit/s
Upload: 19.33 Mbit/s
Mon Sep  2 19:45:01 CEST 2019
Ping: 23.724 ms
Download: 201.81 Mbit/s
Upload: 19.48 Mbit/s
Mon Sep  2 20:45:01 CEST 2019
Ping: 25.829 ms
Download: 165.95 Mbit/s
Upload: 19.33 Mbit/s
Mon Sep  2 21:45:01 CEST 2019
Ping: 28.61 ms
Download: 235.09 Mbit/s
Upload: 19.68 Mbit/s
Mon Sep  2 22:45:01 CEST 2019
Ping: 26.787 ms
Download: 212.78 Mbit/s
Upload: 19.42 Mbit/s
Mon Sep  2 23:45:01 CEST 2019
Ping: 23.944 ms
Download: 148.39 Mbit/s
Upload: 19.64 Mbit/s
Tue Sep  3 00:45:01 CEST 2019
Ping: 24.622 ms
Download: 128.53 Mbit/s
Upload: 18.88 Mbit/s
Tue Sep  3 01:45:01 CEST 2019
Ping: 27.162 ms
Download: 211.81 Mbit/s
Upload: 19.33 Mbit/s
Tue Sep  3 02:45:01 CEST 2019
Ping: 24.158 ms
Download: 144.97 Mbit/s
Upload: 19.49 Mbit/s
Tue Sep  3 03:45:01 CEST 2019
Ping: 23.414 ms
Download: 236.40 Mbit/s
Upload: 19.62 Mbit/s
Tue Sep  3 04:45:01 CEST 2019
Ping: 25.827 ms
Download: 137.88 Mbit/s
Upload: 19.58 Mbit/s
Tue Sep  3 05:45:01 CEST 2019
Ping: 24.304 ms
Download: 169.91 Mbit/s
Upload: 19.38 Mbit/s
Tue Sep  3 06:45:01 CEST 2019
Ping: 26.257 ms
Download: 138.72 Mbit/s
Upload: 19.52 Mbit/s
Tue Sep  3 07:45:01 CEST 2019
Ping: 24.729 ms
Download: 220.12 Mbit/s
Upload: 19.41 Mbit/s
Tue Sep  3 08:45:02 CEST 2019
Ping: 26.104 ms
Download: 102.04 Mbit/s
Upload: 19.65 Mbit/s
Tue Sep  3 09:45:01 CEST 2019
Ping: 23.791 ms
Download: 118.08 Mbit/s
Upload: 19.72 Mbit/s
Tue Sep  3 10:45:01 CEST 2019
Ping: 27.099 ms
Download: 256.01 Mbit/s
Upload: 19.31 Mbit/s
Tue Sep  3 11:45:01 CEST 2019
Ping: 26.177 ms
Download: 234.33 Mbit/s
Upload: 19.26 Mbit/s
Tue Sep  3 12:45:01 CEST 2019
Ping: 25.252 ms
Download: 155.80 Mbit/s
Upload: 19.60 Mbit/s
Tue Sep  3 13:45:01 CEST 2019
Ping: 27.039 ms
Download: 242.43 Mbit/s
Upload: 19.80 Mbit/s
Tue Sep  3 14:45:01 CEST 2019
Ping: 24.961 ms
Download: 128.37 Mbit/s
Upload: 19.34 Mbit/s
Tue Sep  3 15:45:01 CEST 2019
Ping: 25.954 ms
Download: 128.74 Mbit/s
Upload: 18.83 Mbit/s
Tue Sep  3 16:45:01 CEST 2019
Ping: 25.58 ms
Download: 221.85 Mbit/s
Upload: 19.11 Mbit/s
Tue Sep  3 17:45:01 CEST 2019
Ping: 27.418 ms
Download: 121.41 Mbit/s
Upload: 19.41 Mbit/s
Tue Sep  3 18:45:01 CEST 2019
Ping: 25.402 ms
Download: 108.68 Mbit/s
Upload: 19.20 Mbit/s
Tue Sep  3 19:45:01 CEST 2019
Ping: 27.02 ms
Download: 254.31 Mbit/s
Upload: 19.23 Mbit/s
Tue Sep  3 20:45:02 CEST 2019
Ping: 26.504 ms
Download: 114.19 Mbit/s
Upload: 19.44 Mbit/s
Tue Sep  3 21:45:01 CEST 2019
Ping: 25.632 ms
Download: 243.41 Mbit/s
Upload: 19.34 Mbit/s
Tue Sep  3 22:45:01 CEST 2019
Ping: 24.735 ms
Download: 171.58 Mbit/s
Upload: 19.34 Mbit/s
Tue Sep  3 23:45:01 CEST 2019
Ping: 23.432 ms
Download: 212.38 Mbit/s
Upload: 18.91 Mbit/s
Wed Sep  4 00:45:01 CEST 2019
Could not retrieve speedtest.net configuration
Wed Sep  4 01:45:02 CEST 2019
Ping: 29.307 ms
Download: 249.83 Mbit/s
Upload: 19.28 Mbit/s
Wed Sep  4 02:45:01 CEST 2019
Ping: 26.377 ms
Download: 216.32 Mbit/s
Upload: 19.65 Mbit/s
Wed Sep  4 03:45:01 CEST 2019
Ping: 27.038 ms
Download: 240.29 Mbit/s
Upload: 19.57 Mbit/s
Wed Sep  4 04:45:01 CEST 2019
Ping: 25.475 ms
Download: 124.84 Mbit/s
Upload: 19.77 Mbit/s
Wed Sep  4 05:45:01 CEST 2019
Ping: 27.526 ms
Download: 166.51 Mbit/s
Upload: 19.48 Mbit/s
Wed Sep  4 06:45:01 CEST 2019
Ping: 26.545 ms
Download: 132.87 Mbit/s
Upload: 19.68 Mbit/s
Wed Sep  4 07:45:01 CEST 2019
Ping: 26.682 ms
Download: 99.68 Mbit/s
Upload: 18.95 Mbit/s
Wed Sep  4 08:45:01 CEST 2019
Ping: 26.226 ms
Download: 246.99 Mbit/s
Upload: 18.54 Mbit/s
Wed Sep  4 09:45:01 CEST 2019
Ping: 25.855 ms
Download: 180.92 Mbit/s
Upload: 19.43 Mbit/s
Wed Sep  4 10:45:01 CEST 2019
Ping: 26.629 ms
Download: 230.13 Mbit/s
Upload: 18.47 Mbit/s
Wed Sep  4 11:45:01 CEST 2019
Ping: 28.25 ms
Download: 202.56 Mbit/s
Upload: 19.38 Mbit/s
Wed Sep  4 12:45:01 CEST 2019
Ping: 26.592 ms
Download: 125.73 Mbit/s
Upload: 18.68 Mbit/s
Wed Sep  4 13:45:01 CEST 2019
Ping: 24.799 ms
Download: 235.82 Mbit/s
Upload: 19.52 Mbit/s
Wed Sep  4 14:45:01 CEST 2019
Ping: 27.137 ms
Download: 139.56 Mbit/s
Upload: 18.94 Mbit/s
Wed Sep  4 15:45:01 CEST 2019
Ping: 25.373 ms
Download: 260.96 Mbit/s
Upload: 19.45 Mbit/s
Wed Sep  4 16:45:01 CEST 2019
Ping: 26.385 ms
Download: 131.69 Mbit/s
Upload: 19.39 Mbit/s
Wed Sep  4 17:45:01 CEST 2019
Ping: 24.762 ms
Download: 212.58 Mbit/s
Upload: 18.67 Mbit/s
Wed Sep  4 18:45:01 CEST 2019
Ping: 25.24 ms
Download: 118.61 Mbit/s
Upload: 19.54 Mbit/s
Wed Sep  4 19:45:01 CEST 2019
Ping: 24.623 ms
Download: 201.92 Mbit/s
Upload: 19.04 Mbit/s
Wed Sep  4 20:45:01 CEST 2019
Ping: 26.405 ms
Download: 233.67 Mbit/s
Upload: 19.17 Mbit/s
Wed Sep  4 21:45:01 CEST 2019
Ping: 27.072 ms
Download: 206.27 Mbit/s
Upload: 19.69 Mbit/s
Wed Sep  4 22:45:01 CEST 2019
Ping: 26.75 ms
Download: 176.35 Mbit/s
Upload: 18.79 Mbit/s
Wed Sep  4 23:45:01 CEST 2019
Ping: 26.189 ms
Download: 222.10 Mbit/s
Upload: 18.82 Mbit/s
Thu Sep  5 00:45:01 CEST 2019
Ping: 26.632 ms
Download: 112.55 Mbit/s
Upload: 19.50 Mbit/s
Thu Sep  5 01:45:01 CEST 2019
Ping: 27.093 ms
Download: 108.43 Mbit/s
Upload: 19.43 Mbit/s
Thu Sep  5 02:45:01 CEST 2019
Ping: 26.408 ms
Download: 243.19 Mbit/s
Upload: 19.63 Mbit/s
Thu Sep  5 03:45:01 CEST 2019
Ping: 25.816 ms
Download: 114.57 Mbit/s
Upload: 19.19 Mbit/s
Thu Sep  5 04:45:01 CEST 2019
Ping: 25.531 ms
Download: 239.01 Mbit/s
Upload: 19.37 Mbit/s
Thu Sep  5 05:45:01 CEST 2019
Ping: 25.157 ms
Download: 137.77 Mbit/s
Upload: 19.79 Mbit/s
Thu Sep  5 06:45:01 CEST 2019
Ping: 25.575 ms
Download: 163.69 Mbit/s
Upload: 19.75 Mbit/s
Thu Sep  5 07:45:02 CEST 2019
Ping: 24.041 ms
Download: 228.71 Mbit/s
Upload: 19.17 Mbit/s
Thu Sep  5 08:45:01 CEST 2019
Ping: 28.194 ms
Download: 261.00 Mbit/s
Upload: 19.22 Mbit/s
Thu Sep  5 09:45:01 CEST 2019
Ping: 26.612 ms
Download: 122.98 Mbit/s
Upload: 18.87 Mbit/s
Thu Sep  5 10:45:01 CEST 2019
Ping: 26.34 ms
Download: 225.76 Mbit/s
Upload: 19.73 Mbit/s
Thu Sep  5 11:45:01 CEST 2019
Ping: 25.784 ms
Download: 204.63 Mbit/s
Upload: 19.46 Mbit/s
Thu Sep  5 12:45:01 CEST 2019
Ping: 24.635 ms
Download: 226.06 Mbit/s
Upload: 19.30 Mbit/s
Thu Sep  5 13:45:01 CEST 2019
Ping: 25.095 ms
Download: 127.93 Mbit/s
Upload: 19.46 Mbit/s
Thu Sep  5 14:45:01 CEST 2019
Ping: 24.489 ms
Download: 138.03 Mbit/s
Upload: 18.67 Mbit/s
Thu Sep  5 15:45:01 CEST 2019
Ping: 25.016 ms
Download: 229.57 Mbit/s
Upload: 19.73 Mbit/s
Thu Sep  5 16:45:01 CEST 2019
Ping: 23.836 ms
Download: 238.41 Mbit/s
Upload: 19.27 Mbit/s
Thu Sep  5 17:45:01 CEST 2019
Ping: 22.224 ms
Download: 0.29 Mbit/s
Upload: 0.16 Mbit/s
Thu Sep  5 18:45:01 CEST 2019
Ping: 24.782 ms
Download: 107.75 Mbit/s
Upload: 19.19 Mbit/s
Thu Sep  5 19:45:01 CEST 2019
Ping: 26.175 ms
Download: 206.52 Mbit/s
Upload: 18.84 Mbit/s
Thu Sep  5 20:45:01 CEST 2019
Ping: 26.847 ms
Download: 222.40 Mbit/s
Upload: 18.91 Mbit/s
Thu Sep  5 21:45:01 CEST 2019
Ping: 25.051 ms
Download: 132.11 Mbit/s
Upload: 19.61 Mbit/s
Thu Sep  5 22:45:01 CEST 2019
Ping: 27.206 ms
Download: 105.90 Mbit/s
Upload: 19.24 Mbit/s
Thu Sep  5 23:45:01 CEST 2019
Ping: 26.423 ms
Download: 227.32 Mbit/s
Upload: 19.30 Mbit/s
Fri Sep  6 00:45:02 CEST 2019
Ping: 27.987 ms
Download: 168.62 Mbit/s
Upload: 18.61 Mbit/s
Fri Sep  6 01:45:02 CEST 2019
Ping: 25.369 ms
Download: 107.81 Mbit/s
Upload: 19.02 Mbit/s
Fri Sep  6 02:45:01 CEST 2019
Ping: 24.368 ms
Download: 219.15 Mbit/s
Upload: 19.17 Mbit/s
Fri Sep  6 03:45:01 CEST 2019
Ping: 25.334 ms
Download: 197.07 Mbit/s
Upload: 19.77 Mbit/s
Fri Sep  6 04:45:01 CEST 2019
Ping: 27.138 ms
Download: 224.45 Mbit/s
Upload: 19.80 Mbit/s
Fri Sep  6 05:45:02 CEST 2019
Ping: 24.588 ms
Download: 172.02 Mbit/s
Upload: 19.37 Mbit/s
Fri Sep  6 06:45:01 CEST 2019
Ping: 24.138 ms
Download: 101.99 Mbit/s
Upload: 18.22 Mbit/s
Fri Sep  6 07:45:01 CEST 2019
Ping: 25.632 ms
Download: 133.70 Mbit/s
Upload: 19.31 Mbit/s
Fri Sep  6 08:45:01 CEST 2019
Ping: 25.826 ms
Download: 166.97 Mbit/s
Upload: 18.89 Mbit/s
Fri Sep  6 09:45:01 CEST 2019
Ping: 25.013 ms
Download: 98.46 Mbit/s
Upload: 19.51 Mbit/s
Fri Sep  6 10:45:02 CEST 2019
Ping: 27.926 ms
Download: 247.11 Mbit/s
Upload: 19.66 Mbit/s
Fri Sep  6 11:45:01 CEST 2019
Ping: 25.565 ms
Download: 139.91 Mbit/s
Upload: 19.33 Mbit/s
Fri Sep  6 12:45:01 CEST 2019
Ping: 26.309 ms
Download: 228.45 Mbit/s
Upload: 19.72 Mbit/s
Fri Sep  6 13:45:01 CEST 2019
Ping: 23.159 ms
Download: 0.33 Mbit/s
Upload: 0.37 Mbit/s
Fri Sep  6 14:45:01 CEST 2019
Ping: 25.822 ms
Download: 168.15 Mbit/s
Upload: 18.93 Mbit/s
Fri Sep  6 15:45:01 CEST 2019
Ping: 28.328 ms
Download: 99.62 Mbit/s
Upload: 19.76 Mbit/s
Fri Sep  6 16:45:01 CEST 2019
Ping: 26.554 ms
Download: 238.71 Mbit/s
Upload: 18.83 Mbit/s
Fri Sep  6 17:45:01 CEST 2019
Ping: 27.406 ms
Download: 234.07 Mbit/s
Upload: 19.02 Mbit/s
Fri Sep  6 18:45:01 CEST 2019
Ping: 23.312 ms
Download: 204.53 Mbit/s
Upload: 19.57 Mbit/s
Fri Sep  6 19:45:01 CEST 2019
Ping: 26.168 ms
Download: 245.96 Mbit/s
Upload: 19.40 Mbit/s
Fri Sep  6 20:45:01 CEST 2019
Ping: 25.396 ms
Download: 95.81 Mbit/s
Upload: 19.26 Mbit/s
Fri Sep  6 21:45:02 CEST 2019
Ping: 26.911 ms
Download: 228.46 Mbit/s
Upload: 19.36 Mbit/s
Fri Sep  6 22:45:01 CEST 2019
Ping: 28.328 ms
Download: 209.63 Mbit/s
Upload: 19.54 Mbit/s
Fri Sep  6 23:45:01 CEST 2019
Ping: 26.956 ms
Download: 204.65 Mbit/s
Upload: 18.93 Mbit/s
Sat Sep  7 00:45:01 CEST 2019
Ping: 28.644 ms
Download: 180.39 Mbit/s
Upload: 18.42 Mbit/s
Sat Sep  7 01:45:01 CEST 2019
Ping: 26.234 ms
Download: 196.94 Mbit/s
Upload: 19.70 Mbit/s
Sat Sep  7 02:45:01 CEST 2019
Ping: 25.394 ms
Download: 224.93 Mbit/s
Upload: 19.25 Mbit/s
Sat Sep  7 03:45:01 CEST 2019
Ping: 23.15 ms
Download: 0.32 Mbit/s
Upload: 0.36 Mbit/s
Sat Sep  7 04:45:02 CEST 2019
Ping: 26.05 ms
Download: 127.10 Mbit/s
Upload: 19.09 Mbit/s
Sat Sep  7 05:45:02 CEST 2019
Ping: 27.412 ms
Download: 240.84 Mbit/s
Upload: 19.11 Mbit/s
Sat Sep  7 06:45:01 CEST 2019
Ping: 26.67 ms
Download: 143.25 Mbit/s
Upload: 19.66 Mbit/s
Sat Sep  7 07:45:01 CEST 2019
Ping: 26.867 ms
Download: 211.16 Mbit/s
Upload: 19.46 Mbit/s
Sat Sep  7 08:45:01 CEST 2019
Ping: 27.776 ms
Download: 222.19 Mbit/s
Upload: 19.55 Mbit/s
Sat Sep  7 09:45:01 CEST 2019
Ping: 24.906 ms
Download: 260.68 Mbit/s
Upload: 19.58 Mbit/s
Sat Sep  7 10:45:01 CEST 2019
Ping: 25.471 ms
Download: 144.98 Mbit/s
Upload: 19.31 Mbit/s
Sat Sep  7 11:45:01 CEST 2019
Ping: 26.736 ms
Download: 208.35 Mbit/s
Upload: 19.85 Mbit/s
Sat Sep  7 12:45:02 CEST 2019
Ping: 26.695 ms
Download: 129.70 Mbit/s
Upload: 19.27 Mbit/s
Sat Sep  7 13:45:01 CEST 2019
Ping: 26.016 ms
Download: 183.59 Mbit/s
Upload: 19.10 Mbit/s
Sat Sep  7 14:45:01 CEST 2019
Ping: 25.536 ms
Download: 227.04 Mbit/s
Upload: 19.18 Mbit/s
Sat Sep  7 15:45:01 CEST 2019
Ping: 28.534 ms
Download: 177.77 Mbit/s
Upload: 19.44 Mbit/s
Sat Sep  7 16:45:01 CEST 2019
Ping: 25.977 ms
Download: 217.53 Mbit/s
Upload: 19.23 Mbit/s
Sat Sep  7 17:45:01 CEST 2019
Ping: 25.071 ms
Download: 160.27 Mbit/s
Upload: 19.67 Mbit/s
Sat Sep  7 18:45:01 CEST 2019
Ping: 27.335 ms
Download: 238.53 Mbit/s
Upload: 19.28 Mbit/s
Sat Sep  7 19:45:01 CEST 2019
Ping: 24.358 ms
Download: 108.89 Mbit/s
Upload: 19.43 Mbit/s
Sat Sep  7 20:45:01 CEST 2019
Ping: 27.475 ms
Download: 205.33 Mbit/s
Upload: 18.91 Mbit/s
Sat Sep  7 21:45:01 CEST 2019
Ping: 27.035 ms
Download: 250.42 Mbit/s
Upload: 19.41 Mbit/s
Sat Sep  7 22:45:01 CEST 2019
Ping: 27.351 ms
Download: 212.20 Mbit/s
Upload: 19.55 Mbit/s
Sat Sep  7 23:45:01 CEST 2019
Ping: 28.351 ms
Download: 241.59 Mbit/s
Upload: 19.28 Mbit/s
Sun Sep  8 00:45:01 CEST 2019
Ping: 27.547 ms
Download: 215.17 Mbit/s
Upload: 19.19 Mbit/s
Sun Sep  8 01:45:01 CEST 2019
Ping: 28.638 ms
Download: 210.35 Mbit/s
Upload: 19.01 Mbit/s
Sun Sep  8 02:45:01 CEST 2019
Ping: 29.735 ms
Download: 204.53 Mbit/s
Upload: 19.48 Mbit/s
Sun Sep  8 03:45:01 CEST 2019
Ping: 25.952 ms
Download: 166.50 Mbit/s
Upload: 19.19 Mbit/s
Sun Sep  8 04:45:01 CEST 2019
Ping: 25.874 ms
Download: 109.29 Mbit/s
Upload: 19.26 Mbit/s
Sun Sep  8 05:45:01 CEST 2019
Ping: 25.729 ms
Download: 116.20 Mbit/s
Upload: 19.81 Mbit/s
Sun Sep  8 06:45:01 CEST 2019
Ping: 25.991 ms
Download: 141.15 Mbit/s
Upload: 19.53 Mbit/s
Sun Sep  8 07:45:01 CEST 2019
Ping: 27.249 ms
Download: 142.10 Mbit/s
Upload: 19.43 Mbit/s
Sun Sep  8 08:45:01 CEST 2019
Ping: 24.77 ms
Download: 98.62 Mbit/s
Upload: 19.67 Mbit/s
Sun Sep  8 09:45:01 CEST 2019
Ping: 26.074 ms
Download: 154.65 Mbit/s
Upload: 19.48 Mbit/s
Sun Sep  8 10:45:01 CEST 2019
Ping: 26.154 ms
Download: 108.99 Mbit/s
Upload: 19.70 Mbit/s
Sun Sep  8 11:45:01 CEST 2019
Ping: 25.401 ms
Download: 119.37 Mbit/s
Upload: 19.05 Mbit/s
Sun Sep  8 12:45:01 CEST 2019
Ping: 25.354 ms
Download: 87.53 Mbit/s
Upload: 19.35 Mbit/s
Sun Sep  8 13:45:01 CEST 2019
Ping: 25.242 ms
Download: 119.04 Mbit/s
Upload: 19.55 Mbit/s
Sun Sep  8 14:45:01 CEST 2019
Ping: 25.166 ms
Download: 264.49 Mbit/s
Upload: 19.05 Mbit/s
Sun Sep  8 15:45:01 CEST 2019
Ping: 25.215 ms
Download: 131.46 Mbit/s
Upload: 19.71 Mbit/s
Sun Sep  8 16:45:01 CEST 2019
Ping: 24.988 ms
Download: 215.16 Mbit/s
Upload: 19.07 Mbit/s
Sun Sep  8 17:45:01 CEST 2019
Ping: 25.494 ms
Download: 119.10 Mbit/s
Upload: 19.25 Mbit/s
Sun Sep  8 18:45:01 CEST 2019
Ping: 24.973 ms
Download: 98.65 Mbit/s
Upload: 19.41 Mbit/s
Sun Sep  8 19:45:01 CEST 2019
Ping: 26.313 ms
Download: 155.46 Mbit/s
Upload: 19.05 Mbit/s
Sun Sep  8 20:45:01 CEST 2019
Ping: 28.147 ms
Download: 197.83 Mbit/s
Upload: 18.82 Mbit/s
Sun Sep  8 21:45:01 CEST 2019
Ping: 25.739 ms
Download: 141.94 Mbit/s
Upload: 19.59 Mbit/s
Sun Sep  8 22:45:01 CEST 2019
Ping: 24.713 ms
Download: 224.61 Mbit/s
Upload: 19.31 Mbit/s
Sun Sep  8 23:45:01 CEST 2019
Ping: 25.02 ms
Download: 139.08 Mbit/s
Upload: 19.46 Mbit/s
Mon Sep  9 00:45:01 CEST 2019
Ping: 28.636 ms
Download: 223.62 Mbit/s
Upload: 19.16 Mbit/s
Mon Sep  9 01:45:01 CEST 2019
Ping: 26.269 ms
Download: 130.70 Mbit/s
Upload: 19.58 Mbit/s
Mon Sep  9 02:45:01 CEST 2019
Ping: 26.723 ms
Download: 243.72 Mbit/s
Upload: 19.60 Mbit/s
Mon Sep  9 03:45:01 CEST 2019
Ping: 25.833 ms
Download: 138.88 Mbit/s
Upload: 19.38 Mbit/s
Mon Sep  9 04:45:01 CEST 2019
Ping: 26.535 ms
Download: 172.00 Mbit/s
Upload: 19.55 Mbit/s
Mon Sep  9 05:45:01 CEST 2019
Ping: 25.225 ms
Download: 163.21 Mbit/s
Upload: 19.55 Mbit/s
Mon Sep  9 06:45:01 CEST 2019
Ping: 25.266 ms
Download: 142.21 Mbit/s
Upload: 19.56 Mbit/s
Mon Sep  9 07:45:01 CEST 2019
Ping: 26.85 ms
Download: 134.03 Mbit/s
Upload: 19.39 Mbit/s
Mon Sep  9 08:45:01 CEST 2019
Ping: 25.95 ms
Download: 140.70 Mbit/s
Upload: 18.57 Mbit/s
Mon Sep  9 09:45:01 CEST 2019
Ping: 25.592 ms
Download: 131.79 Mbit/s
Upload: 19.03 Mbit/s
Mon Sep  9 10:45:01 CEST 2019
Ping: 23.198 ms
Download: 236.83 Mbit/s
Upload: 19.76 Mbit/s
Mon Sep  9 11:45:01 CEST 2019
Ping: 26.766 ms
Download: 209.47 Mbit/s
Upload: 19.83 Mbit/s
Mon Sep  9 12:45:01 CEST 2019
Ping: 25.811 ms
Download: 199.73 Mbit/s
Upload: 19.84 Mbit/s
Mon Sep  9 13:45:01 CEST 2019
Ping: 27.494 ms
Download: 213.35 Mbit/s
Upload: 19.58 Mbit/s
Mon Sep  9 14:45:01 CEST 2019
Ping: 25.415 ms
Download: 250.66 Mbit/s
Upload: 18.78 Mbit/s
Mon Sep  9 15:45:01 CEST 2019
Ping: 27.558 ms
Download: 122.38 Mbit/s
Upload: 19.58 Mbit/s
Mon Sep  9 16:45:01 CEST 2019
Ping: 29.258 ms
Download: 224.51 Mbit/s
Upload: 18.57 Mbit/s
Mon Sep  9 17:45:01 CEST 2019
Ping: 27.216 ms
Download: 219.58 Mbit/s
Upload: 19.42 Mbit/s
Mon Sep  9 18:45:01 CEST 2019
Ping: 25.554 ms
Download: 265.83 Mbit/s
Upload: 19.59 Mbit/s
Mon Sep  9 19:45:01 CEST 2019
Ping: 25.711 ms
Download: 132.62 Mbit/s
Upload: 18.78 Mbit/s
Mon Sep  9 20:45:01 CEST 2019
Ping: 25.329 ms
Download: 199.73 Mbit/s
Upload: 19.55 Mbit/s
Mon Sep  9 21:45:01 CEST 2019
Ping: 30.176 ms
Download: 245.77 Mbit/s
Upload: 19.24 Mbit/s
Mon Sep  9 22:45:01 CEST 2019
Ping: 25.038 ms
Download: 171.42 Mbit/s
Upload: 19.19 Mbit/s
Mon Sep  9 23:45:01 CEST 2019
Ping: 27.665 ms
Download: 127.01 Mbit/s
Upload: 18.71 Mbit/s
Tue Sep 10 00:45:01 CEST 2019
Ping: 23.889 ms
Download: 178.00 Mbit/s
Upload: 19.65 Mbit/s
Tue Sep 10 01:45:02 CEST 2019
Ping: 26.665 ms
Download: 126.18 Mbit/s
Upload: 19.29 Mbit/s
Tue Sep 10 02:45:01 CEST 2019
Ping: 27.574 ms
Download: 229.90 Mbit/s
Upload: 19.22 Mbit/s
Tue Sep 10 03:45:01 CEST 2019
Ping: 26.354 ms
Download: 144.16 Mbit/s
Upload: 19.65 Mbit/s
Tue Sep 10 04:45:01 CEST 2019
Ping: 27.294 ms
Download: 170.91 Mbit/s
Upload: 19.63 Mbit/s
Tue Sep 10 05:45:01 CEST 2019
Ping: 24.089 ms
Download: 0.19 Mbit/s
Upload: 0.16 Mbit/s
Tue Sep 10 06:45:01 CEST 2019
Ping: 23.96 ms
Download: 217.43 Mbit/s
Upload: 19.43 Mbit/s
Tue Sep 10 07:45:01 CEST 2019
Ping: 25.926 ms
Download: 154.22 Mbit/s
Upload: 19.23 Mbit/s
Tue Sep 10 08:45:01 CEST 2019
Ping: 27.349 ms
Download: 203.60 Mbit/s
Upload: 19.12 Mbit/s
Tue Sep 10 09:45:01 CEST 2019
Ping: 22.354 ms
Download: 0.36 Mbit/s
Upload: 0.40 Mbit/s
Tue Sep 10 10:45:01 CEST 2019
Ping: 27.103 ms
Download: 229.65 Mbit/s
Upload: 19.85 Mbit/s
Tue Sep 10 11:45:01 CEST 2019
Ping: 24.554 ms
Download: 167.88 Mbit/s
Upload: 19.56 Mbit/s
Tue Sep 10 12:45:01 CEST 2019
Ping: 27.301 ms
Download: 220.24 Mbit/s
Upload: 18.86 Mbit/s
Tue Sep 10 13:45:01 CEST 2019
Ping: 27.002 ms
Download: 84.57 Mbit/s
Upload: 18.49 Mbit/s
Tue Sep 10 14:45:01 CEST 2019
Ping: 25.948 ms
Download: 224.14 Mbit/s
Upload: 19.02 Mbit/s
Tue Sep 10 15:45:01 CEST 2019
Ping: 26.091 ms
Download: 214.03 Mbit/s
Upload: 19.36 Mbit/s
Tue Sep 10 16:45:01 CEST 2019
Ping: 25.199 ms
Download: 219.80 Mbit/s
Upload: 19.25 Mbit/s
Tue Sep 10 17:45:01 CEST 2019
Ping: 26.433 ms
Download: 100.84 Mbit/s
Upload: 19.41 Mbit/s
Tue Sep 10 18:45:02 CEST 2019
Ping: 26.527 ms
Download: 234.05 Mbit/s
Upload: 19.35 Mbit/s
Tue Sep 10 19:45:01 CEST 2019
Ping: 26.81 ms
Download: 217.94 Mbit/s
Upload: 19.39 Mbit/s
Tue Sep 10 20:45:01 CEST 2019
Ping: 29.952 ms
Download: 232.04 Mbit/s
Upload: 18.57 Mbit/s
Tue Sep 10 21:45:01 CEST 2019
Ping: 28.889 ms
Download: 243.44 Mbit/s
Upload: 19.38 Mbit/s
Tue Sep 10 22:45:01 CEST 2019
Ping: 28.398 ms
Download: 212.51 Mbit/s
Upload: 19.58 Mbit/s
Tue Sep 10 23:45:01 CEST 2019
Ping: 25.429 ms
Download: 238.56 Mbit/s
Upload: 19.56 Mbit/s
Wed Sep 11 00:45:01 CEST 2019
Ping: 28.371 ms
Download: 159.76 Mbit/s
Upload: 19.72 Mbit/s
Wed Sep 11 01:45:01 CEST 2019
Ping: 25.998 ms
Download: 164.26 Mbit/s
Upload: 17.74 Mbit/s
Wed Sep 11 02:45:01 CEST 2019
Ping: 24.676 ms
Download: 167.89 Mbit/s
Upload: 19.46 Mbit/s
Wed Sep 11 03:45:01 CEST 2019
Ping: 29.435 ms
Download: 243.77 Mbit/s
Upload: 19.49 Mbit/s
Wed Sep 11 04:45:01 CEST 2019
Ping: 24.29 ms
Download: 144.20 Mbit/s
Upload: 19.23 Mbit/s
Wed Sep 11 05:45:01 CEST 2019
Ping: 23.88 ms
Download: 170.67 Mbit/s
Upload: 19.45 Mbit/s
Wed Sep 11 06:45:01 CEST 2019
Ping: 27.687 ms
Download: 264.18 Mbit/s
Upload: 19.85 Mbit/s
Wed Sep 11 07:45:01 CEST 2019
Ping: 26.412 ms
Download: 219.20 Mbit/s
Upload: 19.93 Mbit/s
Wed Sep 11 08:45:01 CEST 2019
Ping: 27.32 ms
Download: 224.44 Mbit/s
Upload: 19.20 Mbit/s
Wed Sep 11 09:45:01 CEST 2019
Ping: 26.157 ms
Download: 223.45 Mbit/s
Upload: 18.07 Mbit/s
Wed Sep 11 10:45:02 CEST 2019
Ping: 27.06 ms
Download: 112.66 Mbit/s
Upload: 18.81 Mbit/s
Wed Sep 11 11:45:01 CEST 2019
Ping: 25.947 ms
Download: 223.02 Mbit/s
Upload: 19.64 Mbit/s
Wed Sep 11 12:45:01 CEST 2019
Ping: 25.675 ms
Download: 167.08 Mbit/s
Upload: 19.21 Mbit/s
Wed Sep 11 13:45:01 CEST 2019
Ping: 27.715 ms
Download: 179.52 Mbit/s
Upload: 19.30 Mbit/s
Wed Sep 11 14:45:01 CEST 2019
Ping: 27.254 ms
Download: 131.75 Mbit/s
Upload: 18.96 Mbit/s
Wed Sep 11 15:45:01 CEST 2019
Ping: 27.533 ms
Download: 95.05 Mbit/s
Upload: 18.98 Mbit/s
Wed Sep 11 16:45:02 CEST 2019
Ping: 27.121 ms
Download: 237.43 Mbit/s
Upload: 19.56 Mbit/s
Wed Sep 11 17:45:02 CEST 2019
Ping: 25.897 ms
Download: 90.98 Mbit/s
Upload: 19.77 Mbit/s
Wed Sep 11 18:45:02 CEST 2019
Ping: 28.016 ms
Download: 256.62 Mbit/s
Upload: 19.11 Mbit/s
Wed Sep 11 19:45:01 CEST 2019
Ping: 27.727 ms
Download: 238.52 Mbit/s
Upload: 19.61 Mbit/s
Wed Sep 11 20:45:01 CEST 2019
Ping: 28.113 ms
Download: 175.27 Mbit/s
Upload: 19.52 Mbit/s
Wed Sep 11 21:45:01 CEST 2019
Ping: 27.993 ms
Download: 225.41 Mbit/s
Upload: 18.86 Mbit/s
Wed Sep 11 22:45:01 CEST 2019
Ping: 30.175 ms
Download: 216.75 Mbit/s
Upload: 18.86 Mbit/s
Wed Sep 11 23:45:01 CEST 2019
Ping: 29.18 ms
Download: 222.91 Mbit/s
Upload: 19.58 Mbit/s
Thu Sep 12 00:45:01 CEST 2019
Ping: 27.635 ms
Download: 199.29 Mbit/s
Upload: 18.52 Mbit/s
Thu Sep 12 01:45:02 CEST 2019
Ping: 24.938 ms
Download: 212.50 Mbit/s
Upload: 19.56 Mbit/s
Thu Sep 12 02:45:01 CEST 2019
Ping: 25.352 ms
Download: 160.25 Mbit/s
Upload: 19.24 Mbit/s
Thu Sep 12 03:45:01 CEST 2019
Ping: 24.403 ms
Download: 217.95 Mbit/s
Upload: 19.56 Mbit/s
Thu Sep 12 04:45:01 CEST 2019
Ping: 25.373 ms
Download: 253.26 Mbit/s
Upload: 19.72 Mbit/s
Thu Sep 12 05:45:01 CEST 2019
Ping: 24.63 ms
Download: 65.77 Mbit/s
Upload: 19.61 Mbit/s
Thu Sep 12 06:45:01 CEST 2019
Ping: 25.533 ms
Download: 100.91 Mbit/s
Upload: 18.91 Mbit/s
Thu Sep 12 07:45:01 CEST 2019
Ping: 26.231 ms
Download: 213.48 Mbit/s
Upload: 19.41 Mbit/s
Thu Sep 12 08:45:01 CEST 2019
Ping: 24.553 ms
Download: 62.65 Mbit/s
Upload: 18.68 Mbit/s
Thu Sep 12 09:45:01 CEST 2019
Ping: 27.811 ms
Download: 230.68 Mbit/s
Upload: 19.58 Mbit/s
Thu Sep 12 10:45:01 CEST 2019
Ping: 27.936 ms
Download: 200.60 Mbit/s
Upload: 19.40 Mbit/s
Thu Sep 12 11:45:01 CEST 2019
Ping: 27.945 ms
Download: 121.23 Mbit/s
Upload: 18.81 Mbit/s
Thu Sep 12 12:45:01 CEST 2019
Ping: 27.991 ms
Download: 244.50 Mbit/s
Upload: 18.87 Mbit/s
Thu Sep 12 13:45:01 CEST 2019
Ping: 25.978 ms
Download: 155.02 Mbit/s
Upload: 19.05 Mbit/s
Thu Sep 12 14:45:01 CEST 2019
Ping: 26.469 ms
Download: 179.79 Mbit/s
Upload: 18.10 Mbit/s
Thu Sep 12 15:45:01 CEST 2019
Ping: 26.545 ms
Download: 224.88 Mbit/s
Upload: 18.24 Mbit/s
Thu Sep 12 16:45:01 CEST 2019
Ping: 25.82 ms
Download: 161.38 Mbit/s
Upload: 18.68 Mbit/s
Thu Sep 12 17:45:01 CEST 2019
Ping: 25.315 ms
Download: 145.66 Mbit/s
Upload: 18.30 Mbit/s
Thu Sep 12 18:45:02 CEST 2019
Ping: 29.539 ms
Download: 203.10 Mbit/s
Upload: 18.73 Mbit/s
Thu Sep 12 19:45:01 CEST 2019
Ping: 26.834 ms
Download: 253.19 Mbit/s
Upload: 19.25 Mbit/s
Thu Sep 12 20:45:01 CEST 2019
Ping: 26.309 ms
Download: 237.19 Mbit/s
Upload: 19.15 Mbit/s
Thu Sep 12 21:45:01 CEST 2019
Ping: 25.791 ms
Download: 131.00 Mbit/s
Upload: 18.94 Mbit/s
Thu Sep 12 22:45:01 CEST 2019
Ping: 26.303 ms
Download: 181.81 Mbit/s
Upload: 19.10 Mbit/s
Thu Sep 12 23:45:01 CEST 2019
Ping: 24.712 ms
Download: 173.15 Mbit/s
Upload: 19.42 Mbit/s
Fri Sep 13 00:45:01 CEST 2019
Ping: 26.61 ms
Download: 204.66 Mbit/s
Upload: 18.20 Mbit/s
Fri Sep 13 01:45:01 CEST 2019
Ping: 26.364 ms
Download: 167.89 Mbit/s
Upload: 18.98 Mbit/s
Fri Sep 13 02:45:02 CEST 2019
Ping: 26.027 ms
Download: 204.33 Mbit/s
Upload: 19.26 Mbit/s
Fri Sep 13 03:45:01 CEST 2019
Ping: 26.409 ms
Download: 229.59 Mbit/s
Upload: 19.11 Mbit/s
Fri Sep 13 04:45:01 CEST 2019
Ping: 26.309 ms
Download: 206.89 Mbit/s
Upload: 19.41 Mbit/s
Fri Sep 13 05:45:01 CEST 2019
Ping: 26.652 ms
Download: 196.01 Mbit/s
Upload: 19.06 Mbit/s
Fri Sep 13 06:45:01 CEST 2019
Ping: 27.111 ms
Download: 233.91 Mbit/s
Upload: 19.72 Mbit/s
Fri Sep 13 07:45:01 CEST 2019
Ping: 23.202 ms
Download: 127.86 Mbit/s
Upload: 18.88 Mbit/s
Fri Sep 13 08:45:01 CEST 2019
Ping: 25.115 ms
Download: 257.96 Mbit/s
Upload: 19.72 Mbit/s
Fri Sep 13 09:45:01 CEST 2019
Ping: 25.887 ms
Download: 236.83 Mbit/s
Upload: 19.48 Mbit/s
Fri Sep 13 10:45:01 CEST 2019
Ping: 25.418 ms
Download: 166.92 Mbit/s
Upload: 17.05 Mbit/s
Fri Sep 13 11:45:01 CEST 2019
Ping: 25.47 ms
Download: 132.05 Mbit/s
Upload: 18.53 Mbit/s
Fri Sep 13 12:45:01 CEST 2019
Ping: 26.199 ms
Download: 185.72 Mbit/s
Upload: 18.07 Mbit/s
Fri Sep 13 13:45:01 CEST 2019
Ping: 28.214 ms
Download: 253.81 Mbit/s
Upload: 18.94 Mbit/s
Fri Sep 13 14:45:01 CEST 2019
Ping: 29.362 ms
Download: 241.86 Mbit/s
Upload: 17.25 Mbit/s
Fri Sep 13 15:45:01 CEST 2019
Ping: 27.376 ms
Download: 264.65 Mbit/s
Upload: 18.79 Mbit/s
Fri Sep 13 16:45:01 CEST 2019
Ping: 27.831 ms
Download: 241.88 Mbit/s
Upload: 18.63 Mbit/s
Fri Sep 13 17:45:01 CEST 2019
Ping: 25.858 ms
Download: 134.70 Mbit/s
Upload: 18.39 Mbit/s
Fri Sep 13 18:45:01 CEST 2019
Ping: 26.275 ms
Download: 111.54 Mbit/s
Upload: 18.07 Mbit/s
Fri Sep 13 19:45:01 CEST 2019
Ping: 28.085 ms
Download: 246.69 Mbit/s
Upload: 18.85 Mbit/s
Fri Sep 13 20:45:02 CEST 2019
Ping: 28.188 ms
Download: 236.47 Mbit/s
Upload: 18.37 Mbit/s
Fri Sep 13 21:45:01 CEST 2019
Ping: 24.134 ms
Download: 201.90 Mbit/s
Upload: 18.59 Mbit/s
Fri Sep 13 22:45:01 CEST 2019
Ping: 27.551 ms
Download: 192.36 Mbit/s
Upload: 19.45 Mbit/s
Fri Sep 13 23:45:01 CEST 2019
Ping: 25.974 ms
Download: 262.31 Mbit/s
Upload: 19.54 Mbit/s
Sat Sep 14 00:45:01 CEST 2019
Ping: 26.914 ms
Download: 248.45 Mbit/s
Upload: 19.32 Mbit/s
Sat Sep 14 01:45:01 CEST 2019
Ping: 25.613 ms
Download: 188.74 Mbit/s
Upload: 19.29 Mbit/s
Sat Sep 14 02:45:01 CEST 2019
Ping: 27.452 ms
Download: 213.71 Mbit/s
Upload: 19.35 Mbit/s
Sat Sep 14 03:45:01 CEST 2019
Ping: 24.249 ms
Download: 136.60 Mbit/s
Upload: 19.86 Mbit/s
Sat Sep 14 04:45:01 CEST 2019
Ping: 28.301 ms
Download: 150.13 Mbit/s
Upload: 18.96 Mbit/s
Sat Sep 14 05:45:02 CEST 2019
Ping: 25.118 ms
Download: 140.33 Mbit/s
Upload: 18.90 Mbit/s
Sat Sep 14 06:45:01 CEST 2019
Ping: 24.573 ms
Download: 201.58 Mbit/s
Upload: 19.36 Mbit/s
Sat Sep 14 07:45:01 CEST 2019
Ping: 27.127 ms
Download: 210.01 Mbit/s
Upload: 19.56 Mbit/s
Sat Sep 14 08:45:01 CEST 2019
Ping: 27.156 ms
Download: 200.29 Mbit/s
Upload: 19.77 Mbit/s
Sat Sep 14 09:45:01 CEST 2019
Ping: 25.421 ms
Download: 132.75 Mbit/s
Upload: 19.31 Mbit/s
Sat Sep 14 10:45:01 CEST 2019
Ping: 25.602 ms
Download: 171.71 Mbit/s
Upload: 19.49 Mbit/s
Sat Sep 14 11:45:01 CEST 2019
Ping: 26.814 ms
Download: 210.88 Mbit/s
Upload: 19.67 Mbit/s
Sat Sep 14 12:45:01 CEST 2019
Ping: 26.721 ms
Download: 139.83 Mbit/s
Upload: 19.60 Mbit/s
Sat Sep 14 13:45:01 CEST 2019
Ping: 27.058 ms
Download: 239.51 Mbit/s
Upload: 19.12 Mbit/s
Sat Sep 14 14:45:01 CEST 2019
Ping: 27.673 ms
Download: 191.38 Mbit/s
Upload: 19.48 Mbit/s
Sat Sep 14 15:45:01 CEST 2019
Ping: 24.876 ms
Download: 177.37 Mbit/s
Upload: 19.76 Mbit/s
Sat Sep 14 16:45:01 CEST 2019
Ping: 25.831 ms
Download: 231.54 Mbit/s
Upload: 19.72 Mbit/s
Sat Sep 14 17:45:01 CEST 2019
Ping: 26.734 ms
Download: 221.14 Mbit/s
Upload: 19.33 Mbit/s
Sat Sep 14 18:45:01 CEST 2019
Ping: 27.528 ms
Download: 220.94 Mbit/s
Upload: 19.43 Mbit/s
Sat Sep 14 19:45:01 CEST 2019
Ping: 28.752 ms
Download: 200.78 Mbit/s
Upload: 19.56 Mbit/s
Sat Sep 14 20:45:01 CEST 2019
Ping: 27.015 ms
Download: 108.24 Mbit/s
Upload: 19.57 Mbit/s
Sat Sep 14 21:45:01 CEST 2019
Ping: 26.771 ms
Download: 97.65 Mbit/s
Upload: 19.67 Mbit/s
Sat Sep 14 22:45:01 CEST 2019
Ping: 26.452 ms
Download: 213.79 Mbit/s
Upload: 19.45 Mbit/s
Sat Sep 14 23:45:01 CEST 2019
Ping: 26.006 ms
Download: 224.70 Mbit/s
Upload: 18.76 Mbit/s
Sun Sep 15 00:45:01 CEST 2019
Ping: 28.524 ms
Download: 237.03 Mbit/s
Upload: 19.36 Mbit/s
Sun Sep 15 01:45:01 CEST 2019
Ping: 26.53 ms
Download: 174.45 Mbit/s
Upload: 19.31 Mbit/s
Sun Sep 15 02:45:02 CEST 2019
Ping: 22.657 ms
Download: 0.23 Mbit/s
Upload: 0.14 Mbit/s
Sun Sep 15 03:45:01 CEST 2019
Ping: 27.073 ms
Download: 239.04 Mbit/s
Upload: 19.42 Mbit/s
Sun Sep 15 04:45:01 CEST 2019
Ping: 28.083 ms
Download: 213.12 Mbit/s
Upload: 19.59 Mbit/s
Sun Sep 15 05:45:01 CEST 2019
Ping: 24.054 ms
Download: 212.21 Mbit/s
Upload: 19.85 Mbit/s
Sun Sep 15 06:45:01 CEST 2019
Ping: 27.985 ms
Download: 188.79 Mbit/s
Upload: 19.19 Mbit/s
Sun Sep 15 07:45:01 CEST 2019
Ping: 26.333 ms
Download: 239.19 Mbit/s
Upload: 19.27 Mbit/s
Sun Sep 15 08:45:01 CEST 2019
Ping: 26.621 ms
Download: 222.49 Mbit/s
Upload: 19.65 Mbit/s
Sun Sep 15 09:45:01 CEST 2019
Ping: 28.75 ms
Download: 227.25 Mbit/s
Upload: 18.70 Mbit/s
Sun Sep 15 10:45:01 CEST 2019
Ping: 29.563 ms
Download: 189.08 Mbit/s
Upload: 19.62 Mbit/s
Sun Sep 15 11:45:01 CEST 2019
Ping: 28.624 ms
Download: 235.75 Mbit/s
Upload: 18.96 Mbit/s
Sun Sep 15 12:45:01 CEST 2019
Ping: 27.428 ms
Download: 246.98 Mbit/s
Upload: 19.25 Mbit/s
Sun Sep 15 13:45:01 CEST 2019
Ping: 26.906 ms
Download: 178.55 Mbit/s
Upload: 19.04 Mbit/s
Sun Sep 15 14:45:01 CEST 2019
Ping: 26.587 ms
Download: 232.48 Mbit/s
Upload: 19.58 Mbit/s
Sun Sep 15 15:45:01 CEST 2019
Ping: 25.549 ms
Download: 159.82 Mbit/s
Upload: 19.10 Mbit/s
Sun Sep 15 16:45:01 CEST 2019
Ping: 27.2 ms
Download: 242.24 Mbit/s
Upload: 18.62 Mbit/s
Sun Sep 15 17:45:01 CEST 2019
Ping: 25.503 ms
Download: 118.02 Mbit/s
Upload: 19.47 Mbit/s
Sun Sep 15 18:45:01 CEST 2019
Ping: 27.303 ms
Download: 208.13 Mbit/s
Upload: 18.76 Mbit/s
Sun Sep 15 19:45:01 CEST 2019
Ping: 25.411 ms
Download: 234.31 Mbit/s
Upload: 19.71 Mbit/s
Sun Sep 15 20:45:01 CEST 2019
Ping: 27.43 ms
Download: 229.49 Mbit/s
Upload: 19.30 Mbit/s
Sun Sep 15 21:45:01 CEST 2019
Ping: 24.414 ms
Download: 0.37 Mbit/s
Upload: 0.20 Mbit/s
Sun Sep 15 22:45:01 CEST 2019
Ping: 28.217 ms
Download: 226.14 Mbit/s
Upload: 19.35 Mbit/s
Sun Sep 15 23:45:01 CEST 2019
Ping: 28.722 ms
Download: 241.37 Mbit/s
Upload: 19.73 Mbit/s
Mon Sep 16 00:45:01 CEST 2019
Ping: 28.613 ms
Download: 208.79 Mbit/s
Upload: 19.74 Mbit/s
Mon Sep 16 01:45:01 CEST 2019
Ping: 28.79 ms
Download: 229.55 Mbit/s
Upload: 19.42 Mbit/s
Mon Sep 16 02:45:01 CEST 2019
Ping: 24.963 ms
Download: 212.88 Mbit/s
Upload: 19.59 Mbit/s
Mon Sep 16 03:45:01 CEST 2019
Ping: 27.64 ms
Download: 155.40 Mbit/s
Upload: 19.80 Mbit/s
Mon Sep 16 04:45:01 CEST 2019
Ping: 27.834 ms
Download: 85.63 Mbit/s
Upload: 18.10 Mbit/s
Mon Sep 16 05:45:01 CEST 2019
Ping: 24.841 ms
Download: 179.79 Mbit/s
Upload: 19.54 Mbit/s
Mon Sep 16 06:45:01 CEST 2019
Ping: 27.404 ms
Download: 74.72 Mbit/s
Upload: 19.90 Mbit/s
Mon Sep 16 07:45:01 CEST 2019
Ping: 25.711 ms
Download: 154.37 Mbit/s
Upload: 19.24 Mbit/s
Mon Sep 16 08:45:01 CEST 2019
Ping: 28.77 ms
Download: 196.81 Mbit/s
Upload: 19.59 Mbit/s
Mon Sep 16 09:45:01 CEST 2019
Ping: 24.097 ms
Download: 227.43 Mbit/s
Upload: 19.54 Mbit/s
Mon Sep 16 10:45:01 CEST 2019
Ping: 27.077 ms
Download: 99.82 Mbit/s
Upload: 19.41 Mbit/s
Mon Sep 16 11:45:02 CEST 2019
Ping: 24.606 ms
Download: 114.94 Mbit/s
Upload: 19.09 Mbit/s
Mon Sep 16 12:45:01 CEST 2019
Ping: 27.798 ms
Download: 227.93 Mbit/s
Upload: 19.49 Mbit/s
Mon Sep 16 13:45:01 CEST 2019
Ping: 25.723 ms
Download: 172.95 Mbit/s
Upload: 19.85 Mbit/s
Mon Sep 16 14:45:01 CEST 2019
Ping: 27.864 ms
Download: 178.77 Mbit/s
Upload: 19.31 Mbit/s
Mon Sep 16 15:45:01 CEST 2019
Ping: 25.389 ms
Download: 224.85 Mbit/s
Upload: 19.06 Mbit/s
Mon Sep 16 16:45:01 CEST 2019
Ping: 24.432 ms
Download: 129.34 Mbit/s
Upload: 19.09 Mbit/s
Mon Sep 16 17:45:01 CEST 2019
Ping: 27.33 ms
Download: 124.65 Mbit/s
Upload: 19.01 Mbit/s
Mon Sep 16 18:45:01 CEST 2019
Ping: 29.062 ms
Download: 212.57 Mbit/s
Upload: 19.22 Mbit/s
Mon Sep 16 19:45:01 CEST 2019
Ping: 26.129 ms
Download: 227.85 Mbit/s
Upload: 19.54 Mbit/s
Mon Sep 16 20:45:01 CEST 2019
Ping: 28.853 ms
Download: 226.09 Mbit/s
Upload: 19.74 Mbit/s
Mon Sep 16 21:45:01 CEST 2019
Ping: 25.956 ms
Download: 213.00 Mbit/s
Upload: 19.09 Mbit/s
Mon Sep 16 22:45:01 CEST 2019
Ping: 25.739 ms
Download: 137.07 Mbit/s
Upload: 19.14 Mbit/s
Mon Sep 16 23:45:01 CEST 2019
Ping: 28.705 ms
Download: 165.74 Mbit/s
Upload: 18.61 Mbit/s
Tue Sep 17 00:45:01 CEST 2019
Ping: 30.641 ms
Download: 215.74 Mbit/s
Upload: 19.74 Mbit/s
Tue Sep 17 01:45:01 CEST 2019
Ping: 23.942 ms
Download: 125.04 Mbit/s
Upload: 19.74 Mbit/s
Tue Sep 17 02:45:01 CEST 2019
Ping: 27.662 ms
Download: 220.79 Mbit/s
Upload: 19.78 Mbit/s
Tue Sep 17 03:45:01 CEST 2019
Ping: 25.22 ms
Download: 227.54 Mbit/s
Upload: 19.36 Mbit/s
Tue Sep 17 04:45:01 CEST 2019
Ping: 26.813 ms
Download: 211.46 Mbit/s
Upload: 19.78 Mbit/s
Tue Sep 17 05:45:01 CEST 2019
Ping: 25.597 ms
Download: 131.72 Mbit/s
Upload: 19.59 Mbit/s
Tue Sep 17 06:45:01 CEST 2019
Ping: 26.172 ms
Download: 231.51 Mbit/s
Upload: 19.04 Mbit/s
Tue Sep 17 07:45:01 CEST 2019
Ping: 26.21 ms
Download: 203.93 Mbit/s
Upload: 18.18 Mbit/s
Tue Sep 17 08:45:01 CEST 2019
Ping: 27.044 ms
Download: 183.52 Mbit/s
Upload: 18.93 Mbit/s
Tue Sep 17 09:45:01 CEST 2019
Ping: 24.828 ms
Download: 152.76 Mbit/s
Upload: 19.31 Mbit/s
Tue Sep 17 10:45:01 CEST 2019
Ping: 27.624 ms
Download: 85.37 Mbit/s
Upload: 19.32 Mbit/s
Tue Sep 17 11:45:01 CEST 2019
Ping: 25.174 ms
Download: 85.52 Mbit/s
Upload: 18.87 Mbit/s
Tue Sep 17 12:45:01 CEST 2019
Ping: 29.929 ms
Download: 198.14 Mbit/s
Upload: 19.60 Mbit/s
Tue Sep 17 13:45:01 CEST 2019
Ping: 25.642 ms
Download: 215.05 Mbit/s
Upload: 19.34 Mbit/s
Tue Sep 17 14:45:01 CEST 2019
Ping: 27.539 ms
Download: 229.27 Mbit/s
Upload: 19.37 Mbit/s
Tue Sep 17 15:45:01 CEST 2019
Ping: 29.814 ms
Download: 209.84 Mbit/s
Upload: 19.56 Mbit/s
Tue Sep 17 16:45:01 CEST 2019
Ping: 26.963 ms
Download: 169.83 Mbit/s
Upload: 19.29 Mbit/s
Tue Sep 17 17:45:01 CEST 2019
Ping: 24.474 ms
Download: 270.52 Mbit/s
Upload: 19.35 Mbit/s
Tue Sep 17 18:45:01 CEST 2019
Ping: 29.053 ms
Download: 237.46 Mbit/s
Upload: 19.22 Mbit/s
Tue Sep 17 19:45:01 CEST 2019
Ping: 28.82 ms
Download: 167.38 Mbit/s
Upload: 19.84 Mbit/s
Tue Sep 17 20:45:01 CEST 2019
Ping: 26.951 ms
Download: 162.26 Mbit/s
Upload: 18.77 Mbit/s
Tue Sep 17 21:45:01 CEST 2019
Ping: 25.042 ms
Download: 241.25 Mbit/s
Upload: 19.55 Mbit/s
Tue Sep 17 22:45:02 CEST 2019
Ping: 28.189 ms
Download: 277.42 Mbit/s
Upload: 19.77 Mbit/s
Tue Sep 17 23:45:01 CEST 2019
Ping: 27.188 ms
Download: 237.10 Mbit/s
Upload: 19.07 Mbit/s
Wed Sep 18 00:45:01 CEST 2019
Ping: 28.131 ms
Download: 214.96 Mbit/s
Upload: 19.17 Mbit/s
Wed Sep 18 01:45:01 CEST 2019
Ping: 27.588 ms
Download: 255.60 Mbit/s
Upload: 19.26 Mbit/s
Wed Sep 18 02:45:01 CEST 2019
Ping: 27.923 ms
Download: 151.05 Mbit/s
Upload: 19.45 Mbit/s
Wed Sep 18 03:45:01 CEST 2019
Ping: 26.398 ms
Download: 228.45 Mbit/s
Upload: 19.38 Mbit/s
Wed Sep 18 04:45:01 CEST 2019
Ping: 26.977 ms
Download: 230.44 Mbit/s
Upload: 19.05 Mbit/s
Wed Sep 18 05:45:01 CEST 2019
Ping: 27.89 ms
Download: 211.02 Mbit/s
Upload: 19.59 Mbit/s
Wed Sep 18 06:45:01 CEST 2019
Ping: 28.081 ms
Download: 179.02 Mbit/s
Upload: 19.04 Mbit/s
Wed Sep 18 07:45:01 CEST 2019
Ping: 25.21 ms
Download: 139.02 Mbit/s
Upload: 19.84 Mbit/s
Wed Sep 18 08:45:01 CEST 2019
Ping: 29.489 ms
Download: 216.00 Mbit/s
Upload: 19.19 Mbit/s
Wed Sep 18 09:45:01 CEST 2019
Ping: 27.336 ms
Download: 242.95 Mbit/s
Upload: 19.12 Mbit/s
Wed Sep 18 10:45:01 CEST 2019
Ping: 26.41 ms
Download: 84.25 Mbit/s
Upload: 19.37 Mbit/s
Wed Sep 18 11:45:01 CEST 2019
Ping: 24.049 ms
Download: 128.13 Mbit/s
Upload: 19.42 Mbit/s
Wed Sep 18 12:45:01 CEST 2019
Ping: 28.562 ms
Download: 208.71 Mbit/s
Upload: 18.85 Mbit/s
Wed Sep 18 13:45:01 CEST 2019
Ping: 25.559 ms
Download: 96.19 Mbit/s
Upload: 19.38 Mbit/s
Wed Sep 18 14:45:01 CEST 2019
Ping: 28.096 ms
Download: 178.55 Mbit/s
Upload: 19.63 Mbit/s
Wed Sep 18 15:45:01 CEST 2019
Ping: 26.952 ms
Download: 155.51 Mbit/s
Upload: 19.35 Mbit/s
Wed Sep 18 16:45:01 CEST 2019
Ping: 30.489 ms
Download: 248.55 Mbit/s
Upload: 19.63 Mbit/s
Wed Sep 18 17:45:01 CEST 2019
Could not retrieve speedtest.net configuration
Wed Sep 18 18:45:02 CEST 2019
Ping: 43.176 ms
Download: 254.57 Mbit/s
Upload: 19.41 Mbit/s
Wed Sep 18 19:45:01 CEST 2019
Ping: 27.645 ms
Download: 127.45 Mbit/s
Upload: 18.32 Mbit/s
Wed Sep 18 20:45:01 CEST 2019
Ping: 27.796 ms
Download: 228.31 Mbit/s
Upload: 19.24 Mbit/s
Wed Sep 18 21:45:01 CEST 2019
Ping: 28.97 ms
Download: 223.76 Mbit/s
Upload: 19.43 Mbit/s
Wed Sep 18 22:45:01 CEST 2019
Ping: 28.212 ms
Download: 216.00 Mbit/s
Upload: 19.82 Mbit/s
Wed Sep 18 23:45:01 CEST 2019
Ping: 27.679 ms
Download: 221.02 Mbit/s
Upload: 19.69 Mbit/s
Thu Sep 19 00:45:01 CEST 2019
Ping: 25.625 ms
Download: 135.86 Mbit/s
Upload: 19.52 Mbit/s
Thu Sep 19 01:45:01 CEST 2019
Ping: 25.77 ms
Download: 152.23 Mbit/s
Upload: 19.46 Mbit/s
Thu Sep 19 02:45:01 CEST 2019
Ping: 27.086 ms
Download: 204.71 Mbit/s
Upload: 17.91 Mbit/s
Thu Sep 19 03:45:01 CEST 2019
Ping: 26.237 ms
Download: 155.80 Mbit/s
Upload: 19.48 Mbit/s
Thu Sep 19 04:45:01 CEST 2019
Ping: 26.501 ms
Download: 164.02 Mbit/s
Upload: 19.73 Mbit/s
Thu Sep 19 05:45:01 CEST 2019
Ping: 28.058 ms
Download: 209.73 Mbit/s
Upload: 18.96 Mbit/s
Thu Sep 19 06:45:01 CEST 2019
Ping: 27.072 ms
Download: 200.64 Mbit/s
Upload: 19.05 Mbit/s
Thu Sep 19 07:45:01 CEST 2019
Ping: 25.226 ms
Download: 155.19 Mbit/s
Upload: 18.70 Mbit/s
Thu Sep 19 08:45:01 CEST 2019
Ping: 27.339 ms
Download: 168.11 Mbit/s
Upload: 19.53 Mbit/s
Thu Sep 19 09:45:01 CEST 2019
Ping: 26.227 ms
Download: 166.68 Mbit/s
Upload: 19.73 Mbit/s
Thu Sep 19 10:45:01 CEST 2019
Ping: 25.156 ms
Download: 122.16 Mbit/s
Upload: 19.61 Mbit/s
Thu Sep 19 11:45:01 CEST 2019
Ping: 26.293 ms
Download: 165.17 Mbit/s
Upload: 18.77 Mbit/s
Thu Sep 19 12:45:01 CEST 2019
Ping: 26.276 ms
Download: 61.16 Mbit/s
Upload: 19.74 Mbit/s
Thu Sep 19 13:45:02 CEST 2019
Ping: 28.997 ms
Download: 160.25 Mbit/s
Upload: 19.53 Mbit/s
Thu Sep 19 14:45:01 CEST 2019
Ping: 25.87 ms
Download: 53.78 Mbit/s
Upload: 19.63 Mbit/s
Thu Sep 19 15:45:01 CEST 2019
Ping: 27.52 ms
Download: 188.71 Mbit/s
Upload: 19.39 Mbit/s
Thu Sep 19 16:45:01 CEST 2019
Ping: 25.237 ms
Download: 77.52 Mbit/s
Upload: 19.19 Mbit/s
Thu Sep 19 17:45:01 CEST 2019
Ping: 27.757 ms
Download: 37.11 Mbit/s
Upload: 19.31 Mbit/s
Thu Sep 19 18:45:01 CEST 2019
Ping: 25.498 ms
Download: 81.07 Mbit/s
Upload: 17.87 Mbit/s
Thu Sep 19 19:45:01 CEST 2019
Ping: 26.651 ms
Download: 227.02 Mbit/s
Upload: 19.57 Mbit/s
Thu Sep 19 20:45:01 CEST 2019
Ping: 28.751 ms
Download: 165.65 Mbit/s
Upload: 19.07 Mbit/s
Thu Sep 19 21:45:01 CEST 2019
Ping: 28.361 ms
Download: 178.57 Mbit/s
Upload: 19.49 Mbit/s
Thu Sep 19 22:45:01 CEST 2019
Ping: 27.325 ms
Download: 230.52 Mbit/s
Upload: 19.53 Mbit/s
Thu Sep 19 23:45:01 CEST 2019
Ping: 25.15 ms
Download: 227.64 Mbit/s
Upload: 18.48 Mbit/s
Fri Sep 20 00:45:01 CEST 2019
Ping: 27.42 ms
Download: 214.23 Mbit/s
Upload: 19.90 Mbit/s
Fri Sep 20 01:45:01 CEST 2019
Ping: 25.344 ms
Download: 203.22 Mbit/s
Upload: 18.79 Mbit/s
Fri Sep 20 02:45:01 CEST 2019
Ping: 25.053 ms
Download: 232.81 Mbit/s
Upload: 19.66 Mbit/s
Fri Sep 20 03:45:01 CEST 2019
Ping: 25.891 ms
Download: 116.00 Mbit/s
Upload: 19.65 Mbit/s
Fri Sep 20 04:45:01 CEST 2019
Ping: 28.207 ms
Download: 145.01 Mbit/s
Upload: 19.41 Mbit/s
Fri Sep 20 05:45:01 CEST 2019
Ping: 29.757 ms
Download: 229.07 Mbit/s
Upload: 19.49 Mbit/s
Fri Sep 20 06:45:02 CEST 2019
Ping: 26.272 ms
Download: 210.55 Mbit/s
Upload: 19.78 Mbit/s
Fri Sep 20 07:45:01 CEST 2019
Ping: 26.947 ms
Download: 271.57 Mbit/s
Upload: 19.70 Mbit/s
Fri Sep 20 08:45:01 CEST 2019
Ping: 23.954 ms
Download: 212.91 Mbit/s
Upload: 19.53 Mbit/s
Fri Sep 20 09:45:01 CEST 2019
Ping: 25.719 ms
Download: 191.01 Mbit/s
Upload: 19.35 Mbit/s
Fri Sep 20 10:45:01 CEST 2019
Ping: 24.22 ms
Download: 221.57 Mbit/s
Upload: 19.84 Mbit/s
Fri Sep 20 11:45:01 CEST 2019
Ping: 26.637 ms
Download: 127.57 Mbit/s
Upload: 19.42 Mbit/s
Fri Sep 20 12:45:02 CEST 2019
Ping: 28.899 ms
Download: 116.26 Mbit/s
Upload: 19.11 Mbit/s
Fri Sep 20 13:45:01 CEST 2019
Ping: 26.764 ms
Download: 154.51 Mbit/s
Upload: 19.51 Mbit/s
Fri Sep 20 14:45:01 CEST 2019
Ping: 24.552 ms
Download: 144.32 Mbit/s
Upload: 19.48 Mbit/s
Fri Sep 20 15:45:01 CEST 2019
Ping: 25.273 ms
Download: 46.36 Mbit/s
Upload: 19.51 Mbit/s
Fri Sep 20 16:45:01 CEST 2019
Ping: 25.364 ms
Download: 115.97 Mbit/s
Upload: 19.32 Mbit/s
Fri Sep 20 17:45:01 CEST 2019
Ping: 34.988 ms
Download: 212.73 Mbit/s
Upload: 18.88 Mbit/s
Fri Sep 20 18:45:01 CEST 2019
Ping: 27.49 ms
Download: 212.36 Mbit/s
Upload: 18.76 Mbit/s
Fri Sep 20 19:45:01 CEST 2019
Ping: 28.145 ms
Download: 134.89 Mbit/s
Upload: 19.01 Mbit/s
Fri Sep 20 20:45:01 CEST 2019
Ping: 27.138 ms
Download: 102.02 Mbit/s
Upload: 19.40 Mbit/s
Fri Sep 20 21:45:01 CEST 2019
Ping: 26.047 ms
Download: 33.73 Mbit/s
Upload: 19.71 Mbit/s
Fri Sep 20 22:45:01 CEST 2019
Ping: 26.526 ms
Download: 174.50 Mbit/s
Upload: 19.46 Mbit/s
Fri Sep 20 23:45:01 CEST 2019
Ping: 27.01 ms
Download: 241.89 Mbit/s
Upload: 19.08 Mbit/s
Sat Sep 21 00:45:01 CEST 2019
Ping: 29.248 ms
Download: 268.62 Mbit/s
Upload: 18.62 Mbit/s
Sat Sep 21 01:45:01 CEST 2019
Ping: 28.724 ms
Download: 259.46 Mbit/s
Upload: 19.31 Mbit/s
Sat Sep 21 02:45:01 CEST 2019
Ping: 23.606 ms
Download: 0.37 Mbit/s
Upload: 0.39 Mbit/s
Sat Sep 21 03:45:01 CEST 2019
Ping: 26.673 ms
Download: 205.14 Mbit/s
Upload: 19.51 Mbit/s
Sat Sep 21 04:45:01 CEST 2019
Ping: 25.773 ms
Download: 231.90 Mbit/s
Upload: 19.56 Mbit/s
Sat Sep 21 05:45:02 CEST 2019
Ping: 24.248 ms
Download: 108.49 Mbit/s
Upload: 19.56 Mbit/s
Sat Sep 21 06:45:01 CEST 2019
Ping: 26.073 ms
Download: 228.68 Mbit/s
Upload: 19.70 Mbit/s
Sat Sep 21 07:45:01 CEST 2019
Ping: 25.345 ms
Download: 210.14 Mbit/s
Upload: 19.34 Mbit/s
Sat Sep 21 08:45:01 CEST 2019
Ping: 25.761 ms
Download: 138.99 Mbit/s
Upload: 19.25 Mbit/s
Sat Sep 21 09:45:01 CEST 2019
Ping: 26.971 ms
Download: 109.63 Mbit/s
Upload: 19.50 Mbit/s
Sat Sep 21 10:45:01 CEST 2019
Ping: 27.95 ms
Download: 204.75 Mbit/s
Upload: 19.10 Mbit/s
Sat Sep 21 11:45:01 CEST 2019
Ping: 28.842 ms
Download: 125.91 Mbit/s
Upload: 18.99 Mbit/s
Sat Sep 21 12:45:01 CEST 2019
Ping: 27.118 ms
Download: 163.45 Mbit/s
Upload: 19.36 Mbit/s
Sat Sep 21 13:45:01 CEST 2019
Ping: 26.322 ms
Download: 92.20 Mbit/s
Upload: 19.48 Mbit/s
Sat Sep 21 14:45:01 CEST 2019
Ping: 28.709 ms
Download: 230.44 Mbit/s
Upload: 18.45 Mbit/s
Sat Sep 21 15:45:01 CEST 2019
Ping: 26.58 ms
Download: 181.80 Mbit/s
Upload: 19.02 Mbit/s
Sat Sep 21 16:45:01 CEST 2019
Ping: 27.58 ms
Download: 131.58 Mbit/s
Upload: 19.61 Mbit/s
Sat Sep 21 17:45:01 CEST 2019
Ping: 28.133 ms
Download: 253.16 Mbit/s
Upload: 19.30 Mbit/s
Sat Sep 21 18:45:01 CEST 2019
Ping: 30.08 ms
Download: 229.69 Mbit/s
Upload: 19.49 Mbit/s
Sat Sep 21 19:45:01 CEST 2019
Ping: 27.452 ms
Download: 216.85 Mbit/s
Upload: 19.64 Mbit/s
Sat Sep 21 20:45:01 CEST 2019
Ping: 27.627 ms
Download: 224.04 Mbit/s
Upload: 19.27 Mbit/s
Sat Sep 21 21:45:01 CEST 2019
Ping: 26.062 ms
Download: 85.73 Mbit/s
Upload: 19.47 Mbit/s
Sat Sep 21 22:45:01 CEST 2019
Ping: 29.59 ms
Download: 117.68 Mbit/s
Upload: 19.35 Mbit/s
Sat Sep 21 23:45:01 CEST 2019
Ping: 27.867 ms
Download: 100.49 Mbit/s
Upload: 19.00 Mbit/s
Sun Sep 22 00:45:02 CEST 2019
Ping: 27.847 ms
Download: 138.34 Mbit/s
Upload: 18.86 Mbit/s
Sun Sep 22 01:45:01 CEST 2019
Ping: 28.034 ms
Download: 167.67 Mbit/s
Upload: 19.45 Mbit/s
Sun Sep 22 02:45:01 CEST 2019
Ping: 27.391 ms
Download: 118.80 Mbit/s
Upload: 19.39 Mbit/s
Sun Sep 22 03:45:01 CEST 2019
Ping: 27.589 ms
Download: 143.62 Mbit/s
Upload: 19.09 Mbit/s
Sun Sep 22 04:45:01 CEST 2019
Ping: 27.499 ms
Download: 235.33 Mbit/s
Upload: 19.66 Mbit/s
Sun Sep 22 05:45:01 CEST 2019
Ping: 26.427 ms
Download: 244.92 Mbit/s
Upload: 19.30 Mbit/s
Sun Sep 22 06:45:01 CEST 2019
Ping: 27.229 ms
Download: 215.30 Mbit/s
Upload: 19.44 Mbit/s
Sun Sep 22 07:45:01 CEST 2019
Ping: 27.448 ms
Download: 197.39 Mbit/s
Upload: 19.75 Mbit/s
Sun Sep 22 08:45:01 CEST 2019
Ping: 26.744 ms
Download: 239.04 Mbit/s
Upload: 19.20 Mbit/s
Sun Sep 22 09:45:01 CEST 2019
Ping: 27.028 ms
Download: 153.38 Mbit/s
Upload: 19.24 Mbit/s
Sun Sep 22 10:45:01 CEST 2019
Ping: 27.497 ms
Download: 160.57 Mbit/s
Upload: 19.67 Mbit/s
Sun Sep 22 11:45:01 CEST 2019
Ping: 27.203 ms
Download: 186.54 Mbit/s
Upload: 19.42 Mbit/s
Sun Sep 22 12:45:01 CEST 2019
Ping: 28.192 ms
Download: 125.57 Mbit/s
Upload: 19.65 Mbit/s
Sun Sep 22 13:45:01 CEST 2019
Ping: 26.344 ms
Download: 276.02 Mbit/s
Upload: 19.38 Mbit/s
Sun Sep 22 14:45:01 CEST 2019
Ping: 24.971 ms
Download: 192.95 Mbit/s
Upload: 19.07 Mbit/s
Sun Sep 22 15:45:01 CEST 2019
Ping: 27.84 ms
Download: 200.39 Mbit/s
Upload: 19.35 Mbit/s
Sun Sep 22 16:45:02 CEST 2019
Ping: 26.334 ms
Download: 177.40 Mbit/s
Upload: 19.49 Mbit/s
Sun Sep 22 17:45:01 CEST 2019
Ping: 27.197 ms
Download: 184.24 Mbit/s
Upload: 19.24 Mbit/s
Sun Sep 22 18:45:01 CEST 2019
Ping: 31.004 ms
Download: 173.10 Mbit/s
Upload: 19.87 Mbit/s
Sun Sep 22 19:45:01 CEST 2019
Ping: 29.353 ms
Download: 175.71 Mbit/s
Upload: 19.37 Mbit/s
Sun Sep 22 20:45:01 CEST 2019
Ping: 24.325 ms
Download: 0.33 Mbit/s
Upload: 0.14 Mbit/s
Sun Sep 22 21:45:01 CEST 2019
Ping: 26.004 ms
Download: 231.00 Mbit/s
Upload: 19.07 Mbit/s
Sun Sep 22 22:45:01 CEST 2019
Ping: 26.718 ms
Download: 237.63 Mbit/s
Upload: 19.00 Mbit/s
Sun Sep 22 23:45:01 CEST 2019
Ping: 27.486 ms
Download: 213.85 Mbit/s
Upload: 19.63 Mbit/s
Mon Sep 23 00:45:01 CEST 2019
Ping: 28.529 ms
Download: 205.20 Mbit/s
Upload: 18.70 Mbit/s
Mon Sep 23 01:45:01 CEST 2019
Ping: 24.972 ms
Download: 218.76 Mbit/s
Upload: 19.16 Mbit/s
Mon Sep 23 02:45:01 CEST 2019
Ping: 28.741 ms
Download: 158.59 Mbit/s
Upload: 19.10 Mbit/s
Mon Sep 23 03:45:01 CEST 2019
Ping: 28.335 ms
Download: 221.11 Mbit/s
Upload: 17.95 Mbit/s
Mon Sep 23 04:45:01 CEST 2019
Ping: 26.501 ms
Download: 70.72 Mbit/s
Upload: 19.09 Mbit/s
Mon Sep 23 05:45:01 CEST 2019
Ping: 26.052 ms
Download: 240.03 Mbit/s
Upload: 19.19 Mbit/s
Mon Sep 23 06:45:01 CEST 2019
Ping: 28.992 ms
Download: 101.17 Mbit/s
Upload: 19.37 Mbit/s
Mon Sep 23 07:45:01 CEST 2019
Ping: 25.528 ms
Download: 211.24 Mbit/s
Upload: 19.29 Mbit/s
Mon Sep 23 08:45:01 CEST 2019
Ping: 27.129 ms
Download: 158.06 Mbit/s
Upload: 19.24 Mbit/s
Mon Sep 23 09:45:01 CEST 2019
Ping: 26.753 ms
Download: 215.86 Mbit/s
Upload: 19.73 Mbit/s
Mon Sep 23 10:45:01 CEST 2019
Ping: 25.576 ms
Download: 0.31 Mbit/s
Upload: 0.33 Mbit/s
Mon Sep 23 11:45:01 CEST 2019
Ping: 28.015 ms
Download: 236.43 Mbit/s
Upload: 18.46 Mbit/s
Mon Sep 23 12:45:01 CEST 2019
Ping: 27.646 ms
Download: 97.53 Mbit/s
Upload: 19.76 Mbit/s
Mon Sep 23 13:45:01 CEST 2019
Ping: 28.054 ms
Download: 211.79 Mbit/s
Upload: 19.03 Mbit/s
Mon Sep 23 14:45:01 CEST 2019
Ping: 27.251 ms
Download: 81.56 Mbit/s
Upload: 18.81 Mbit/s
Mon Sep 23 15:45:01 CEST 2019
Ping: 26.345 ms
Download: 208.10 Mbit/s
Upload: 18.68 Mbit/s
Mon Sep 23 16:45:01 CEST 2019
Ping: 25.306 ms
Download: 89.29 Mbit/s
Upload: 18.61 Mbit/s
Mon Sep 23 17:45:01 CEST 2019
Ping: 27.799 ms
Download: 213.31 Mbit/s
Upload: 19.88 Mbit/s
Mon Sep 23 18:45:01 CEST 2019
Ping: 29.145 ms
Download: 92.79 Mbit/s
Upload: 19.17 Mbit/s
Mon Sep 23 19:45:02 CEST 2019
Ping: 27.922 ms
Download: 101.58 Mbit/s
Upload: 19.22 Mbit/s
Mon Sep 23 20:45:01 CEST 2019
Ping: 24.454 ms
Download: 0.23 Mbit/s
Upload: 0.42 Mbit/s
Mon Sep 23 21:45:02 CEST 2019
Ping: 28.184 ms
Download: 109.16 Mbit/s
Upload: 19.50 Mbit/s
Mon Sep 23 22:45:01 CEST 2019
Ping: 25.177 ms
Download: 140.14 Mbit/s
Upload: 19.41 Mbit/s
Mon Sep 23 23:45:01 CEST 2019
Ping: 29.463 ms
Download: 149.82 Mbit/s
Upload: 19.69 Mbit/s
Tue Sep 24 00:45:02 CEST 2019
Ping: 27.227 ms
Download: 222.95 Mbit/s
Upload: 19.46 Mbit/s
Tue Sep 24 01:45:01 CEST 2019
Ping: 30.002 ms
Download: 94.03 Mbit/s
Upload: 18.84 Mbit/s
Tue Sep 24 02:45:01 CEST 2019
Ping: 31.852 ms
Download: 200.15 Mbit/s
Upload: 19.49 Mbit/s
Tue Sep 24 03:45:01 CEST 2019
Ping: 29.371 ms
Download: 88.29 Mbit/s
Upload: 18.69 Mbit/s
Tue Sep 24 04:45:01 CEST 2019
Ping: 34.011 ms
Download: 216.06 Mbit/s
Upload: 18.73 Mbit/s
Tue Sep 24 05:45:01 CEST 2019
Ping: 27.994 ms
Download: 92.29 Mbit/s
Upload: 19.36 Mbit/s
Tue Sep 24 06:45:01 CEST 2019
Ping: 26.183 ms
Download: 226.52 Mbit/s
Upload: 19.36 Mbit/s
Tue Sep 24 07:45:01 CEST 2019
Ping: 29.405 ms
Download: 158.55 Mbit/s
Upload: 19.21 Mbit/s
Tue Sep 24 08:45:01 CEST 2019
Ping: 26.046 ms
Download: 187.42 Mbit/s
Upload: 18.20 Mbit/s
Tue Sep 24 09:45:01 CEST 2019
Ping: 29.848 ms
Download: 245.45 Mbit/s
Upload: 18.88 Mbit/s
Tue Sep 24 10:45:01 CEST 2019
Ping: 27.697 ms
Download: 203.59 Mbit/s
Upload: 19.04 Mbit/s
Tue Sep 24 11:45:01 CEST 2019
Ping: 28.105 ms
Download: 194.69 Mbit/s
Upload: 19.23 Mbit/s
Tue Sep 24 12:45:01 CEST 2019
Ping: 30.854 ms
Download: 236.29 Mbit/s
Upload: 18.68 Mbit/s
Tue Sep 24 13:45:01 CEST 2019
Ping: 28.293 ms
Download: 205.82 Mbit/s
Upload: 19.32 Mbit/s
Tue Sep 24 14:45:01 CEST 2019
Ping: 26.445 ms
Download: 222.02 Mbit/s
Upload: 19.33 Mbit/s
Tue Sep 24 15:45:01 CEST 2019
Ping: 24.575 ms
Download: 230.08 Mbit/s
Upload: 18.73 Mbit/s
Tue Sep 24 16:45:01 CEST 2019
Ping: 28.507 ms
Download: 258.15 Mbit/s
Upload: 19.36 Mbit/s
Tue Sep 24 17:45:01 CEST 2019
Ping: 27.092 ms
Download: 215.11 Mbit/s
Upload: 19.70 Mbit/s
Tue Sep 24 18:45:01 CEST 2019
Ping: 24.591 ms
Download: 150.69 Mbit/s
Upload: 19.09 Mbit/s
Tue Sep 24 19:45:01 CEST 2019
Ping: 29.165 ms
Download: 239.69 Mbit/s
Upload: 18.56 Mbit/s
Tue Sep 24 20:45:01 CEST 2019
Ping: 26.006 ms
Download: 295.42 Mbit/s
Upload: 18.51 Mbit/s
Tue Sep 24 21:45:02 CEST 2019
Ping: 27.136 ms
Download: 243.33 Mbit/s
Upload: 19.37 Mbit/s
Tue Sep 24 22:45:01 CEST 2019
Ping: 22.884 ms
Download: 0.38 Mbit/s
Upload: 0.34 Mbit/s
Tue Sep 24 23:45:01 CEST 2019
Ping: 29.138 ms
Download: 221.04 Mbit/s
Upload: 19.24 Mbit/s
Wed Sep 25 00:45:02 CEST 2019
Ping: 25.045 ms
Download: 155.42 Mbit/s
Upload: 19.40 Mbit/s
Wed Sep 25 01:45:01 CEST 2019
Ping: 26.95 ms
Download: 195.16 Mbit/s
Upload: 18.92 Mbit/s
Wed Sep 25 02:45:01 CEST 2019
Ping: 25.846 ms
Download: 136.47 Mbit/s
Upload: 19.68 Mbit/s
Wed Sep 25 03:45:01 CEST 2019
Ping: 26.093 ms
Download: 123.36 Mbit/s
Upload: 19.08 Mbit/s
Wed Sep 25 04:45:01 CEST 2019
Ping: 23.98 ms
Download: 152.30 Mbit/s
Upload: 19.86 Mbit/s
Wed Sep 25 05:45:01 CEST 2019
Ping: 26.414 ms
Download: 150.00 Mbit/s
Upload: 19.24 Mbit/s
Wed Sep 25 06:45:01 CEST 2019
Ping: 25.83 ms
Download: 156.83 Mbit/s
Upload: 18.83 Mbit/s
Wed Sep 25 07:45:01 CEST 2019
Ping: 25.678 ms
Download: 133.25 Mbit/s
Upload: 19.45 Mbit/s
Wed Sep 25 08:45:01 CEST 2019
Ping: 26.242 ms
Download: 161.67 Mbit/s
Upload: 17.79 Mbit/s
Wed Sep 25 09:45:02 CEST 2019
Ping: 26.423 ms
Download: 124.93 Mbit/s
Upload: 19.07 Mbit/s
Wed Sep 25 10:45:01 CEST 2019
Ping: 26.182 ms
Download: 129.22 Mbit/s
Upload: 19.31 Mbit/s
Wed Sep 25 11:45:01 CEST 2019
Ping: 27.475 ms
Download: 218.25 Mbit/s
Upload: 19.54 Mbit/s
Wed Sep 25 12:45:01 CEST 2019
Ping: 28.905 ms
Download: 237.38 Mbit/s
Upload: 19.27 Mbit/s
Wed Sep 25 13:45:01 CEST 2019
Ping: 25.853 ms
Download: 146.49 Mbit/s
Upload: 19.21 Mbit/s
Wed Sep 25 14:45:01 CEST 2019
Ping: 25.547 ms
Download: 126.87 Mbit/s
Upload: 19.44 Mbit/s
Wed Sep 25 15:45:01 CEST 2019
Ping: 26.913 ms
Download: 238.49 Mbit/s
Upload: 19.13 Mbit/s
Wed Sep 25 16:45:01 CEST 2019
Ping: 27.738 ms
Download: 123.37 Mbit/s
Upload: 19.19 Mbit/s
Wed Sep 25 17:45:01 CEST 2019
Ping: 26.298 ms
Download: 242.32 Mbit/s
Upload: 19.04 Mbit/s
Wed Sep 25 18:45:01 CEST 2019
Ping: 25.492 ms
Download: 209.71 Mbit/s
Upload: 18.91 Mbit/s
Wed Sep 25 19:45:02 CEST 2019
Ping: 25.267 ms
Download: 249.13 Mbit/s
Upload: 19.60 Mbit/s
Wed Sep 25 20:45:01 CEST 2019
Ping: 27.308 ms
Download: 275.76 Mbit/s
Upload: 18.57 Mbit/s
Wed Sep 25 21:45:01 CEST 2019
Ping: 26.119 ms
Download: 223.77 Mbit/s
Upload: 19.39 Mbit/s
Wed Sep 25 22:45:01 CEST 2019
Ping: 26.16 ms
Download: 232.61 Mbit/s
Upload: 18.38 Mbit/s
Wed Sep 25 23:45:01 CEST 2019
Ping: 24.87 ms
Download: 207.37 Mbit/s
Upload: 19.44 Mbit/s
Thu Sep 26 00:45:01 CEST 2019
Ping: 26.911 ms
Download: 140.94 Mbit/s
Upload: 19.72 Mbit/s
Thu Sep 26 01:45:01 CEST 2019
Ping: 28.121 ms
Download: 216.74 Mbit/s
Upload: 19.66 Mbit/s
Thu Sep 26 02:45:01 CEST 2019
Ping: 24.176 ms
Download: 0.24 Mbit/s
Upload: 0.32 Mbit/s
Thu Sep 26 03:45:01 CEST 2019
Ping: 27.511 ms
Download: 193.44 Mbit/s
Upload: 19.73 Mbit/s
Thu Sep 26 04:45:01 CEST 2019
Ping: 24.989 ms
Download: 262.66 Mbit/s
Upload: 19.45 Mbit/s
Thu Sep 26 05:45:01 CEST 2019
Ping: 24.593 ms
Download: 233.42 Mbit/s
Upload: 19.21 Mbit/s
Thu Sep 26 06:45:01 CEST 2019
Ping: 25.31 ms
Download: 232.94 Mbit/s
Upload: 19.68 Mbit/s
Thu Sep 26 07:45:01 CEST 2019
Ping: 26.308 ms
Download: 135.20 Mbit/s
Upload: 19.76 Mbit/s
Thu Sep 26 08:45:01 CEST 2019
Ping: 24.816 ms
Download: 251.54 Mbit/s
Upload: 19.77 Mbit/s
Thu Sep 26 09:45:01 CEST 2019
Ping: 27.011 ms
Download: 198.55 Mbit/s
Upload: 19.05 Mbit/s
Thu Sep 26 10:45:01 CEST 2019
Ping: 28.579 ms
Download: 194.86 Mbit/s
Upload: 18.92 Mbit/s
Thu Sep 26 11:45:01 CEST 2019
Ping: 24.388 ms
Download: 225.58 Mbit/s
Upload: 19.41 Mbit/s
Thu Sep 26 12:45:01 CEST 2019
Ping: 27.092 ms
Download: 141.14 Mbit/s
Upload: 18.62 Mbit/s
Thu Sep 26 13:45:01 CEST 2019
Ping: 30.965 ms
Download: 263.82 Mbit/s
Upload: 19.53 Mbit/s
Thu Sep 26 14:45:01 CEST 2019
Ping: 27.32 ms
Download: 233.91 Mbit/s
Upload: 19.47 Mbit/s
Thu Sep 26 15:45:01 CEST 2019
Ping: 26.45 ms
Download: 263.06 Mbit/s
Upload: 18.95 Mbit/s
Thu Sep 26 16:45:01 CEST 2019
Ping: 25.643 ms
Download: 87.11 Mbit/s
Upload: 15.10 Mbit/s
Thu Sep 26 17:45:01 CEST 2019
Ping: 24.776 ms
Download: 247.31 Mbit/s
Upload: 19.24 Mbit/s
Thu Sep 26 18:45:01 CEST 2019
Ping: 26.257 ms
Download: 131.12 Mbit/s
Upload: 18.80 Mbit/s
Thu Sep 26 19:45:01 CEST 2019
Ping: 25.384 ms
Download: 239.53 Mbit/s
Upload: 19.53 Mbit/s
Thu Sep 26 20:45:01 CEST 2019
Ping: 26.985 ms
Download: 153.59 Mbit/s
Upload: 19.15 Mbit/s
Thu Sep 26 21:45:01 CEST 2019
Ping: 26.9 ms
Download: 239.12 Mbit/s
Upload: 19.31 Mbit/s
Thu Sep 26 22:45:01 CEST 2019
Ping: 25.301 ms
Download: 214.18 Mbit/s
Upload: 19.58 Mbit/s
Thu Sep 26 23:45:01 CEST 2019
Ping: 26.35 ms
Download: 130.36 Mbit/s
Upload: 19.61 Mbit/s
Fri Sep 27 00:45:01 CEST 2019
Ping: 29.421 ms
Download: 227.06 Mbit/s
Upload: 19.13 Mbit/s
Fri Sep 27 01:45:01 CEST 2019
Ping: 29.263 ms
Download: 84.49 Mbit/s
Upload: 19.66 Mbit/s
Fri Sep 27 02:45:01 CEST 2019
Ping: 26.675 ms
Download: 211.56 Mbit/s
Upload: 19.74 Mbit/s
Fri Sep 27 03:45:01 CEST 2019
Ping: 25.298 ms
Download: 246.47 Mbit/s
Upload: 19.27 Mbit/s
Fri Sep 27 04:45:01 CEST 2019
Ping: 26.787 ms
Download: 216.47 Mbit/s
Upload: 18.22 Mbit/s
Fri Sep 27 05:45:01 CEST 2019
Ping: 24.414 ms
Download: 110.60 Mbit/s
Upload: 19.41 Mbit/s
Fri Sep 27 06:45:01 CEST 2019
Ping: 27.278 ms
Download: 91.99 Mbit/s
Upload: 19.78 Mbit/s
Fri Sep 27 07:45:01 CEST 2019
Ping: 27.318 ms
Download: 171.67 Mbit/s
Upload: 19.62 Mbit/s
Fri Sep 27 08:45:01 CEST 2019
Ping: 27.875 ms
Download: 96.64 Mbit/s
Upload: 19.46 Mbit/s
Fri Sep 27 09:45:01 CEST 2019
Ping: 28.163 ms
Download: 224.15 Mbit/s
Upload: 19.52 Mbit/s
Fri Sep 27 10:45:01 CEST 2019
Ping: 27.378 ms
Download: 116.33 Mbit/s
Upload: 19.20 Mbit/s
Fri Sep 27 11:45:01 CEST 2019
Ping: 26.255 ms
Download: 125.28 Mbit/s
Upload: 19.33 Mbit/s
Fri Sep 27 12:45:01 CEST 2019
Ping: 24.974 ms
Download: 112.28 Mbit/s
Upload: 19.56 Mbit/s
Fri Sep 27 13:45:01 CEST 2019
Ping: 27.798 ms
Download: 90.48 Mbit/s
Upload: 19.86 Mbit/s
Fri Sep 27 14:45:01 CEST 2019
Ping: 24.229 ms
Download: 104.07 Mbit/s
Upload: 19.10 Mbit/s
Fri Sep 27 15:45:01 CEST 2019
Ping: 28.9 ms
Download: 222.22 Mbit/s
Upload: 18.69 Mbit/s
Fri Sep 27 16:45:01 CEST 2019
Ping: 27.115 ms
Download: 123.81 Mbit/s
Upload: 19.74 Mbit/s
Fri Sep 27 17:45:01 CEST 2019
Ping: 27.029 ms
Download: 110.97 Mbit/s
Upload: 19.42 Mbit/s
Fri Sep 27 18:45:01 CEST 2019
Ping: 26.37 ms
Download: 240.15 Mbit/s
Upload: 19.55 Mbit/s
Fri Sep 27 19:45:01 CEST 2019
Ping: 26.468 ms
Download: 96.08 Mbit/s
Upload: 19.21 Mbit/s
Fri Sep 27 20:45:01 CEST 2019
Ping: 27.348 ms
Download: 128.06 Mbit/s
Upload: 19.49 Mbit/s
Fri Sep 27 21:45:01 CEST 2019
Ping: 25.877 ms
Download: 249.71 Mbit/s
Upload: 19.34 Mbit/s
Fri Sep 27 22:45:01 CEST 2019
Ping: 27.741 ms
Download: 107.30 Mbit/s
Upload: 19.27 Mbit/s
Fri Sep 27 23:45:01 CEST 2019
Ping: 27.577 ms
Download: 121.62 Mbit/s
Upload: 19.12 Mbit/s
Sat Sep 28 00:45:01 CEST 2019
Ping: 22.15 ms
Download: 0.41 Mbit/s
Upload: 0.38 Mbit/s
Sat Sep 28 01:45:01 CEST 2019
Ping: 27.685 ms
Download: 131.78 Mbit/s
Upload: 19.08 Mbit/s
Sat Sep 28 02:45:01 CEST 2019
Ping: 25.183 ms
Download: 101.84 Mbit/s
Upload: 19.58 Mbit/s
Sat Sep 28 03:45:01 CEST 2019
Ping: 27.254 ms
Download: 157.75 Mbit/s
Upload: 19.55 Mbit/s
Sat Sep 28 04:45:02 CEST 2019
Ping: 25.662 ms
Download: 252.46 Mbit/s
Upload: 19.83 Mbit/s
Sat Sep 28 05:45:01 CEST 2019
Ping: 26.683 ms
Download: 216.89 Mbit/s
Upload: 19.43 Mbit/s
Sat Sep 28 06:45:01 CEST 2019
Ping: 25.742 ms
Download: 234.00 Mbit/s
Upload: 19.78 Mbit/s
Sat Sep 28 07:45:01 CEST 2019
Ping: 25.492 ms
Download: 233.94 Mbit/s
Upload: 19.85 Mbit/s
Sat Sep 28 08:45:01 CEST 2019
Ping: 26.184 ms
Download: 99.18 Mbit/s
Upload: 19.39 Mbit/s
Sat Sep 28 09:45:01 CEST 2019
Ping: 26.593 ms
Download: 123.16 Mbit/s
Upload: 19.53 Mbit/s
Sat Sep 28 10:45:01 CEST 2019
Ping: 25.126 ms
Download: 111.69 Mbit/s
Upload: 18.91 Mbit/s
Sat Sep 28 11:45:01 CEST 2019
Ping: 26.155 ms
Download: 233.49 Mbit/s
Upload: 19.79 Mbit/s
Sat Sep 28 12:45:01 CEST 2019
Ping: 27.531 ms
Download: 79.64 Mbit/s
Upload: 19.26 Mbit/s
Sat Sep 28 13:45:01 CEST 2019
Ping: 26.068 ms
Download: 244.32 Mbit/s
Upload: 18.73 Mbit/s
Sat Sep 28 14:45:01 CEST 2019
Ping: 27.827 ms
Download: 229.87 Mbit/s
Upload: 19.66 Mbit/s
Sat Sep 28 15:45:01 CEST 2019
Ping: 24.864 ms
Download: 111.27 Mbit/s
Upload: 18.84 Mbit/s
Sat Sep 28 16:45:02 CEST 2019
Ping: 25.765 ms
Download: 94.91 Mbit/s
Upload: 19.58 Mbit/s
Sat Sep 28 17:45:01 CEST 2019
Ping: 25.827 ms
Download: 120.95 Mbit/s
Upload: 19.54 Mbit/s
Sat Sep 28 18:45:01 CEST 2019
Ping: 22.604 ms
Download: 112.25 Mbit/s
Upload: 19.75 Mbit/s
Sat Sep 28 19:45:01 CEST 2019
Ping: 27.229 ms
Download: 248.94 Mbit/s
Upload: 19.00 Mbit/s
Sat Sep 28 20:45:01 CEST 2019
Ping: 25.466 ms
Download: 128.71 Mbit/s
Upload: 19.55 Mbit/s
Sat Sep 28 21:45:01 CEST 2019
Ping: 26.713 ms
Download: 262.27 Mbit/s
Upload: 19.23 Mbit/s
Sat Sep 28 22:45:01 CEST 2019
Ping: 26.22 ms
Download: 304.90 Mbit/s
Upload: 19.28 Mbit/s
Sat Sep 28 23:45:01 CEST 2019
Ping: 24.925 ms
Download: 83.23 Mbit/s
Upload: 18.78 Mbit/s
Sun Sep 29 00:45:01 CEST 2019
Ping: 25.195 ms
Download: 224.82 Mbit/s
Upload: 19.12 Mbit/s
Sun Sep 29 01:45:01 CEST 2019
Ping: 25.303 ms
Download: 229.44 Mbit/s
Upload: 18.74 Mbit/s
Sun Sep 29 02:45:01 CEST 2019
Ping: 27.063 ms
Download: 216.23 Mbit/s
Upload: 18.99 Mbit/s
Sun Sep 29 03:45:01 CEST 2019
Ping: 25.621 ms
Download: 66.65 Mbit/s
Upload: 19.41 Mbit/s
Sun Sep 29 04:45:01 CEST 2019
Ping: 26.263 ms
Download: 158.86 Mbit/s
Upload: 19.23 Mbit/s
Sun Sep 29 05:45:01 CEST 201Sun Sep 29 06:45:01 CEST 2019
Ping: 24.343 ms
Download: 124.49 Mbit/s
Upload: 19.14 Mbit/s
Sun Sep 29 07:45:02 CEST 2019
Ping: 26.786 ms
Download: 166.47 Mbit/s
Upload: 18.62 Mbit/s
Sun Sep 29 08:45:01 CEST 2019
Ping: 25.947 ms
Download: 134.11 Mbit/s
Upload: 19.29 Mbit/s
Sun Sep 29 09:45:01 CEST 2019
Ping: 24.164 ms
Download: 222.95 Mbit/s
Upload: 18.80 Mbit/s
Sun Sep 29 10:45:01 CEST 2019
Ping: 24.608 ms
Download: 132.44 Mbit/s
Upload: 19.75 Mbit/s
Sun Sep 29 11:45:01 CEST 2019
Ping: 25.957 ms
Download: 116.87 Mbit/s
Upload: 19.34 Mbit/s
Sun Sep 29 12:45:01 CEST 2019
Ping: 24.642 ms
Download: 270.53 Mbit/s
Upload: 19.38 Mbit/s
Sun Sep 29 13:45:01 CEST 2019
Ping: 22.452 ms
Download: 0.35 Mbit/s
Upload: 0.36 Mbit/s
Sun Sep 29 14:45:01 CEST 2019
Ping: 24.062 ms
Download: 218.89 Mbit/s
Upload: 19.72 Mbit/s
Sun Sep 29 15:45:01 CEST 2019
Ping: 26.176 ms
Download: 264.05 Mbit/s
Upload: 18.88 Mbit/s
Sun Sep 29 16:45:01 CEST 2019
Ping: 28.847 ms
Download: 131.38 Mbit/s
Upload: 18.47 Mbit/s
Sun Sep 29 17:45:01 CEST 2019
Ping: 24.114 ms
Download: 215.11 Mbit/s
Upload: 18.68 Mbit/s
Sun Sep 29 18:45:01 CEST 2019
Ping: 24.522 ms
Download: 213.68 Mbit/s
Upload: 19.19 Mbit/s
Sun Sep 29 19:45:01 CEST 2019
Ping: 24.774 ms
Download: 224.15 Mbit/s
Upload: 19.30 Mbit/s
Sun Sep 29 20:45:01 CEST 2019
Ping: 26.112 ms
Download: 89.25 Mbit/s
Upload: 19.60 Mbit/s
Sun Sep 29 21:45:01 CEST 2019
Ping: 27.466 ms
Download: 223.18 Mbit/s
Upload: 19.64 Mbit/s
Sun Sep 29 22:45:01 CEST 2019
Ping: 25.261 ms
Download: 140.94 Mbit/s
Upload: 19.07 Mbit/s
Sun Sep 29 23:45:01 CEST 2019
Ping: 23.592 ms
Download: 241.17 Mbit/s
Upload: 19.31 Mbit/s
Mon Sep 30 00:45:01 CEST 2019
Ping: 26.301 ms
Download: 134.06 Mbit/s
Upload: 18.91 Mbit/s
Mon Sep 30 01:45:01 CEST 2019
Ping: 25.469 ms
Download: 122.28 Mbit/s
Upload: 19.74 Mbit/s
Mon Sep 30 02:45:01 CEST 2019
Ping: 20.969 ms
Download: 0.44 Mbit/s
Upload: 0.31 Mbit/s
Mon Sep 30 03:45:01 CEST 2019
Ping: 30.728 ms
Download: 192.59 Mbit/s
Upload: 18.71 Mbit/s
Mon Sep 30 04:45:01 CEST 2019
Ping: 25.591 ms
Download: 124.95 Mbit/s
Upload: 19.16 Mbit/s
Mon Sep 30 05:45:01 CEST 2019
Ping: 23.635 ms
Download: 226.60 Mbit/s
Upload: 19.41 Mbit/s
Mon Sep 30 06:45:01 CEST 2019
Ping: 24.037 ms
Download: 132.75 Mbit/s
Upload: 19.21 Mbit/s
Mon Sep 30 07:45:01 CEST 2019
Ping: 26.507 ms
Download: 225.12 Mbit/s
Upload: 19.33 Mbit/s
Mon Sep 30 08:45:01 CEST 2019
Ping: 24.693 ms
Download: 136.52 Mbit/s
Upload: 19.33 Mbit/s
Mon Sep 30 09:45:01 CEST 2019
Ping: 25.062 ms
Download: 254.03 Mbit/s
Upload: 19.44 Mbit/s
Mon Sep 30 10:45:01 CEST 2019
Ping: 23.197 ms
Download: 135.54 Mbit/s
Upload: 19.61 Mbit/s
Mon Sep 30 11:45:01 CEST 2019
Ping: 24.556 ms
Download: 143.87 Mbit/s
Upload: 19.32 Mbit/s
Mon Sep 30 12:45:01 CEST 2019
Ping: 23.984 ms
Download: 136.82 Mbit/s
Upload: 19.00 Mbit/s
Mon Sep 30 13:45:01 CEST 2019
Ping: 26.534 ms
Download: 217.53 Mbit/s
Upload: 19.45 Mbit/s
Mon Sep 30 14:45:01 CEST 2019
Ping: 21.967 ms
Download: 0.33 Mbit/s
Upload: 0.12 Mbit/s
Mon Sep 30 15:45:01 CEST 2019
Ping: 25.066 ms
Download: 123.96 Mbit/s
Upload: 19.23 Mbit/s
Mon Sep 30 16:45:01 CEST 2019
Ping: 24.253 ms
Download: 214.25 Mbit/s
Upload: 19.20 Mbit/s
Mon Sep 30 17:45:01 CEST 2019
Ping: 25.243 ms
Download: 152.09 Mbit/s
Upload: 18.03 Mbit/s
Mon Sep 30 18:45:01 CEST 2019
Ping: 22.081 ms
Download: 0.31 Mbit/s
Upload: 0.21 Mbit/s
Mon Sep 30 19:45:01 CEST 2019
Ping: 23.402 ms
Download: 230.04 Mbit/s
Upload: 19.42 Mbit/s
Mon Sep 30 20:45:02 CEST 2019
Ping: 22.786 ms
Download: 135.92 Mbit/s
Upload: 18.56 Mbit/s
Mon Sep 30 21:45:01 CEST 2019
Ping: 25.375 ms
Download: 244.53 Mbit/s
Upload: 19.18 Mbit/s
Mon Sep 30 22:45:01 CEST 2019
Ping: 24.705 ms
Download: 226.46 Mbit/s
Upload: 19.65 Mbit/s
Mon Sep 30 23:45:01 CEST 2019
Ping: 25.733 ms
Download: 226.08 Mbit/s
Upload: 19.78 Mbit/s
