Tue Jul 23 09:45:01 CEST 2019
Ping: 25.49 ms
Download: 224.55 Mbit/s
Upload: 19.44 Mbit/s
Tue Jul 23 10:45:02 CEST 2019
Ping: 23.54 ms
Download: 166.83 Mbit/s
Upload: 19.75 Mbit/s
Tue Jul 23 11:45:01 CEST 2019
Ping: 24.39 ms
Download: 175.87 Mbit/s
Upload: 19.48 Mbit/s
Tue Jul 23 12:45:01 CEST 2019
Ping: 24.097 ms
Download: 214.82 Mbit/s
Upload: 19.71 Mbit/s
Tue Jul 23 13:45:01 CEST 2019
Ping: 26.283 ms
Download: 238.87 Mbit/s
Upload: 19.85 Mbit/s
Tue Jul 23 14:45:01 CEST 2019
Ping: 25.963 ms
Download: 288.61 Mbit/s
Upload: 19.67 Mbit/s
Tue Jul 23 15:45:01 CEST 2019
Ping: 24.731 ms
Download: 122.70 Mbit/s
Upload: 19.63 Mbit/s
Tue Jul 23 16:45:01 CEST 2019
Ping: 25.878 ms
Download: 258.64 Mbit/s
Upload: 19.36 Mbit/s
Tue Jul 23 17:45:01 CEST 2019
Ping: 27.127 ms
Download: 225.41 Mbit/s
Upload: 19.64 Mbit/s
Tue Jul 23 18:45:02 CEST 2019
Ping: 23.642 ms
Download: 263.08 Mbit/s
Upload: 19.51 Mbit/s
Tue Jul 23 19:45:01 CEST 2019
Ping: 26.321 ms
Download: 229.65 Mbit/s
Upload: 19.89 Mbit/s
Tue Jul 23 20:45:01 CEST 2019
Ping: 23.421 ms
Download: 153.65 Mbit/s
Upload: 19.51 Mbit/s
Tue Jul 23 21:45:01 CEST 2019
Ping: 26.333 ms
Download: 219.99 Mbit/s
Upload: 19.59 Mbit/s
Tue Jul 23 22:45:01 CEST 2019
Ping: 24.275 ms
Download: 247.07 Mbit/s
Upload: 19.12 Mbit/s
Tue Jul 23 23:45:01 CEST 2019
Ping: 25.869 ms
Download: 230.05 Mbit/s
Upload: 19.91 Mbit/s
Wed Jul 24 00:45:01 CEST 2019
Ping: 23.818 ms
Download: 126.36 Mbit/s
Upload: 19.19 Mbit/s
Wed Jul 24 01:45:02 CEST 2019
Ping: 25.873 ms
Download: 163.38 Mbit/s
Upload: 19.55 Mbit/s
Wed Jul 24 02:45:02 CEST 2019
Ping: 24.877 ms
Download: 114.17 Mbit/s
Upload: 19.78 Mbit/s
Wed Jul 24 03:45:01 CEST 2019
Ping: 24.763 ms
Download: 221.10 Mbit/s
Upload: 18.97 Mbit/s
Wed Jul 24 04:45:01 CEST 2019
Ping: 25.075 ms
Download: 180.53 Mbit/s
Upload: 18.94 Mbit/s
Wed Jul 24 05:45:01 CEST 2019
Ping: 25.067 ms
Download: 220.52 Mbit/s
Upload: 19.52 Mbit/s
Wed Jul 24 06:45:01 CEST 2019
Ping: 24.815 ms
Download: 148.30 Mbit/s
Upload: 19.79 Mbit/s
Wed Jul 24 07:45:01 CEST 2019
Ping: 25.088 ms
Download: 180.81 Mbit/s
Upload: 18.00 Mbit/s
Wed Jul 24 08:45:01 CEST 2019
Ping: 26.015 ms
Download: 213.43 Mbit/s
Upload: 19.67 Mbit/s
Wed Jul 24 09:45:01 CEST 2019
Ping: 25.671 ms
Download: 211.23 Mbit/s
Upload: 19.05 Mbit/s
Wed Jul 24 10:45:01 CEST 2019
Ping: 27.207 ms
Download: 214.01 Mbit/s
Upload: 19.13 Mbit/s
Wed Jul 24 11:45:01 CEST 2019
Ping: 24.352 ms
Download: 210.52 Mbit/s
Upload: 19.50 Mbit/s
Wed Jul 24 12:45:01 CEST 2019
Ping: 25.243 ms
Download: 157.79 Mbit/s
Upload: 19.57 Mbit/s
Wed Jul 24 13:45:02 CEST 2019
Ping: 24.499 ms
Download: 225.75 Mbit/s
Upload: 19.57 Mbit/s
Wed Jul 24 14:45:01 CEST 2019
Ping: 25.93 ms
Download: 165.56 Mbit/s
Upload: 19.61 Mbit/s
Wed Jul 24 15:45:01 CEST 2019
Ping: 25.522 ms
Download: 104.27 Mbit/s
Upload: 18.90 Mbit/s
Wed Jul 24 16:45:01 CEST 2019
Ping: 25.186 ms
Download: 213.80 Mbit/s
Upload: 19.86 Mbit/s
Wed Jul 24 17:45:01 CEST 2019
Ping: 25.859 ms
Download: 216.15 Mbit/s
Upload: 19.37 Mbit/s
Wed Jul 24 18:45:01 CEST 2019
Ping: 25.705 ms
Download: 44.15 Mbit/s
Upload: 10.76 Mbit/s
Wed Jul 24 19:45:01 CEST 2019
Ping: 27.266 ms
Download: 235.34 Mbit/s
Upload: 19.31 Mbit/s
Wed Jul 24 20:45:01 CEST 2019
Ping: 24.702 ms
Download: 235.47 Mbit/s
Upload: 18.75 Mbit/s
Wed Jul 24 21:45:01 CEST 2019
Ping: 24.215 ms
Download: 221.55 Mbit/s
Upload: 19.65 Mbit/s
Wed Jul 24 22:45:01 CEST 2019
Ping: 24.394 ms
Download: 186.31 Mbit/s
Upload: 18.76 Mbit/s
Wed Jul 24 23:45:01 CEST 2019
Ping: 27.788 ms
Download: 45.20 Mbit/s
Upload: 5.04 Mbit/s
Thu Jul 25 00:45:01 CEST 2019
Ping: 25.572 ms
Download: 168.04 Mbit/s
Upload: 19.17 Mbit/s
Thu Jul 25 01:45:01 CEST 2019
Ping: 25.746 ms
Download: 103.47 Mbit/s
Upload: 17.97 Mbit/s
Thu Jul 25 02:45:01 CEST 2019
Ping: 25.365 ms
Download: 64.70 Mbit/s
Upload: 19.62 Mbit/s
Thu Jul 25 03:45:01 CEST 2019
Ping: 25.386 ms
Download: 115.54 Mbit/s
Upload: 19.46 Mbit/s
Thu Jul 25 04:45:01 CEST 2019
Ping: 23.454 ms
Download: 219.16 Mbit/s
Upload: 19.22 Mbit/s
Thu Jul 25 05:45:01 CEST 2019
Ping: 25.076 ms
Download: 225.95 Mbit/s
Upload: 19.60 Mbit/s
Thu Jul 25 06:45:01 CEST 2019
Ping: 25.323 ms
Download: 213.03 Mbit/s
Upload: 19.76 Mbit/s
Thu Jul 25 07:45:01 CEST 2019
Ping: 27.386 ms
Download: 223.65 Mbit/s
Upload: 19.42 Mbit/s
Thu Jul 25 08:45:01 CEST 2019
Ping: 26.57 ms
Download: 217.07 Mbit/s
Upload: 19.52 Mbit/s
Thu Jul 25 09:45:01 CEST 2019
Ping: 26.585 ms
Download: 221.49 Mbit/s
Upload: 19.39 Mbit/s
Thu Jul 25 10:45:01 CEST 2019
Ping: 26.226 ms
Download: 45.73 Mbit/s
Upload: 19.31 Mbit/s
Thu Jul 25 11:45:01 CEST 2019
Ping: 25.11 ms
Download: 124.82 Mbit/s
Upload: 19.78 Mbit/s
Thu Jul 25 12:45:01 CEST 2019
Ping: 24.854 ms
Download: 215.80 Mbit/s
Upload: 19.40 Mbit/s
Thu Jul 25 13:45:01 CEST 2019
Ping: 27.034 ms
Download: 236.04 Mbit/s
Upload: 19.88 Mbit/s
Thu Jul 25 14:45:01 CEST 2019
Ping: 25.105 ms
Download: 223.30 Mbit/s
Upload: 19.35 Mbit/s
Thu Jul 25 15:45:01 CEST 2019
Ping: 25.932 ms
Download: 171.43 Mbit/s
Upload: 19.55 Mbit/s
Thu Jul 25 16:45:01 CEST 2019
Ping: 25.464 ms
Download: 156.92 Mbit/s
Upload: 19.76 Mbit/s
Thu Jul 25 17:45:01 CEST 2019
Ping: 24.597 ms
Download: 96.28 Mbit/s
Upload: 19.62 Mbit/s
Thu Jul 25 18:45:01 CEST 2019
Ping: 26.178 ms
Download: 236.50 Mbit/s
Upload: 19.28 Mbit/s
Thu Jul 25 19:45:02 CEST 2019
Ping: 25.183 ms
Download: 143.38 Mbit/s
Upload: 18.88 Mbit/s
Thu Jul 25 20:45:01 CEST 2019
Ping: 24.166 ms
Download: 229.35 Mbit/s
Upload: 19.72 Mbit/s
Thu Jul 25 21:45:01 CEST 2019
Ping: 26.108 ms
Download: 214.19 Mbit/s
Upload: 19.37 Mbit/s
Thu Jul 25 22:45:01 CEST 2019
Ping: 25.922 ms
Download: 231.45 Mbit/s
Upload: 19.19 Mbit/s
Thu Jul 25 23:45:01 CEST 2019
Ping: 23.654 ms
Download: 224.23 Mbit/s
Upload: 19.30 Mbit/s
Fri Jul 26 00:45:01 CEST 2019
Ping: 23.446 ms
Download: 142.50 Mbit/s
Upload: 19.80 Mbit/s
Fri Jul 26 01:45:01 CEST 2019
Ping: 25.131 ms
Download: 97.09 Mbit/s
Upload: 19.46 Mbit/s
Fri Jul 26 02:45:02 CEST 2019
Ping: 25.124 ms
Download: 125.33 Mbit/s
Upload: 19.43 Mbit/s
Fri Jul 26 03:45:01 CEST 2019
Ping: 23.57 ms
Download: 131.23 Mbit/s
Upload: 19.75 Mbit/s
Fri Jul 26 04:45:01 CEST 2019
Ping: 23.379 ms
Download: 200.00 Mbit/s
Upload: 19.44 Mbit/s
Fri Jul 26 05:45:01 CEST 2019
Ping: 28.575 ms
Download: 223.38 Mbit/s
Upload: 18.94 Mbit/s
Fri Jul 26 06:45:01 CEST 2019
Ping: 27.55 ms
Download: 245.25 Mbit/s
Upload: 19.82 Mbit/s
Fri Jul 26 07:45:01 CEST 2019
Ping: 24.507 ms
Download: 211.40 Mbit/s
Upload: 19.60 Mbit/s
Fri Jul 26 08:45:01 CEST 2019
Ping: 25.388 ms
Download: 66.83 Mbit/s
Upload: 19.23 Mbit/s
Fri Jul 26 09:45:02 CEST 2019
Ping: 26.745 ms
Download: 258.39 Mbit/s
Upload: 19.73 Mbit/s
Fri Jul 26 10:45:01 CEST 2019
Ping: 25.338 ms
Download: 226.82 Mbit/s
Upload: 19.67 Mbit/s
Fri Jul 26 11:45:01 CEST 2019
Ping: 25.04 ms
Download: 226.84 Mbit/s
Upload: 19.68 Mbit/s
Fri Jul 26 12:45:01 CEST 2019
Ping: 24.031 ms
Download: 224.19 Mbit/s
Upload: 19.71 Mbit/s
Fri Jul 26 13:45:01 CEST 2019
Ping: 25.578 ms
Download: 239.41 Mbit/s
Upload: 19.51 Mbit/s
Fri Jul 26 14:45:01 CEST 2019
Ping: 23.948 ms
Download: 155.55 Mbit/s
Upload: 19.59 Mbit/s
Fri Jul 26 15:45:01 CEST 2019
Ping: 25.244 ms
Download: 50.36 Mbit/s
Upload: 18.34 Mbit/s
Fri Jul 26 16:45:01 CEST 2019
Ping: 25.428 ms
Download: 208.67 Mbit/s
Upload: 19.72 Mbit/s
Fri Jul 26 17:45:01 CEST 2019
Ping: 25.649 ms
Download: 223.35 Mbit/s
Upload: 19.39 Mbit/s
Fri Jul 26 18:45:01 CEST 2019
Ping: 26.58 ms
Download: 54.48 Mbit/s
Upload: 19.55 Mbit/s
Fri Jul 26 19:45:01 CEST 2019
Ping: 24.53 ms
Download: 188.26 Mbit/s
Upload: 19.21 Mbit/s
Fri Jul 26 20:45:01 CEST 2019
Ping: 26.974 ms
Download: 55.14 Mbit/s
Upload: 19.53 Mbit/s
Fri Jul 26 21:45:01 CEST 2019
Ping: 24.979 ms
Download: 122.89 Mbit/s
Upload: 19.59 Mbit/s
Fri Jul 26 22:45:01 CEST 2019
Ping: 26.23 ms
Download: 115.68 Mbit/s
Upload: 19.52 Mbit/s
Fri Jul 26 23:45:01 CEST 2019
Ping: 24.816 ms
Download: 143.41 Mbit/s
Upload: 19.51 Mbit/s
Sat Jul 27 00:45:01 CEST 2019
Ping: 24.44 ms
Download: 132.28 Mbit/s
Upload: 19.45 Mbit/s
Sat Jul 27 01:45:01 CEST 2019
Ping: 23.557 ms
Download: 158.09 Mbit/s
Upload: 19.37 Mbit/s
Sat Jul 27 02:45:01 CEST 2019
Ping: 25.77 ms
Download: 233.28 Mbit/s
Upload: 19.73 Mbit/s
Sat Jul 27 03:45:01 CEST 2019
Ping: 24.25 ms
Download: 238.00 Mbit/s
Upload: 19.56 Mbit/s
Sat Jul 27 04:45:01 CEST 2019
Ping: 24.746 ms
Download: 131.70 Mbit/s
Upload: 19.43 Mbit/s
Sat Jul 27 05:45:01 CEST 2019
Ping: 23.097 ms
Download: 253.12 Mbit/s
Upload: 19.15 Mbit/s
Sat Jul 27 06:45:02 CEST 2019
Ping: 25.413 ms
Download: 71.14 Mbit/s
Upload: 19.01 Mbit/s
Sat Jul 27 07:45:01 CEST 2019
Ping: 24.979 ms
Download: 114.11 Mbit/s
Upload: 19.72 Mbit/s
Sat Jul 27 08:45:01 CEST 2019
Ping: 29.689 ms
Download: 252.33 Mbit/s
Upload: 19.69 Mbit/s
Sat Jul 27 09:45:01 CEST 2019
Ping: 26.139 ms
Download: 174.96 Mbit/s
Upload: 19.30 Mbit/s
Sat Jul 27 10:45:01 CEST 2019
Ping: 26.13 ms
Download: 228.60 Mbit/s
Upload: 19.35 Mbit/s
Sat Jul 27 11:45:01 CEST 2019
Ping: 23.791 ms
Download: 159.60 Mbit/s
Upload: 19.41 Mbit/s
Sat Jul 27 12:45:01 CEST 2019
Ping: 26.969 ms
Download: 73.14 Mbit/s
Upload: 19.32 Mbit/s
Sat Jul 27 13:45:01 CEST 2019
Ping: 24.138 ms
Download: 228.39 Mbit/s
Upload: 19.04 Mbit/s
Sat Jul 27 14:45:02 CEST 2019
Ping: 24.716 ms
Download: 241.10 Mbit/s
Upload: 19.53 Mbit/s
Sat Jul 27 15:45:01 CEST 2019
Ping: 26.539 ms
Download: 253.76 Mbit/s
Upload: 19.78 Mbit/s
Sat Jul 27 16:45:01 CEST 2019
Ping: 26.255 ms
Download: 231.05 Mbit/s
Upload: 19.66 Mbit/s
Sat Jul 27 17:45:01 CEST 2019
Ping: 24.595 ms
Download: 271.23 Mbit/s
Upload: 19.63 Mbit/s
Sat Jul 27 18:45:02 CEST 2019
Ping: 25.478 ms
Download: 244.17 Mbit/s
Upload: 19.43 Mbit/s
Sat Jul 27 19:45:01 CEST 2019
Ping: 23.906 ms
Download: 216.86 Mbit/s
Upload: 19.06 Mbit/s
Sat Jul 27 20:45:01 CEST 2019
Ping: 23.613 ms
Download: 233.57 Mbit/s
Upload: 19.65 Mbit/s
Sat Jul 27 21:45:01 CEST 2019
Ping: 25.488 ms
Download: 231.75 Mbit/s
Upload: 19.63 Mbit/s
Sat Jul 27 22:45:01 CEST 2019
Ping: 24.828 ms
Download: 226.09 Mbit/s
Upload: 19.71 Mbit/s
Sat Jul 27 23:45:01 CEST 2019
Ping: 27.829 ms
Download: 221.55 Mbit/s
Upload: 18.80 Mbit/s
Sun Jul 28 00:45:01 CEST 2019
Ping: 25.257 ms
Download: 102.71 Mbit/s
Upload: 7.82 Mbit/s
Sun Jul 28 01:45:01 CEST 2019
Ping: 25.655 ms
Download: 50.55 Mbit/s
Upload: 19.12 Mbit/s
Sun Jul 28 02:45:01 CEST 2019
Ping: 24.224 ms
Download: 225.40 Mbit/s
Upload: 19.52 Mbit/s
Sun Jul 28 03:45:01 CEST 2019
Ping: 26.43 ms
Download: 224.93 Mbit/s
Upload: 19.11 Mbit/s
Sun Jul 28 04:45:15 CEST 2019
Ping: 24.286 ms
Download: 170.21 Mbit/s
Upload: 19.49 Mbit/s
Sun Jul 28 05:45:01 CEST 2019
Ping: 24.047 ms
Download: 184.91 Mbit/s
Upload: 19.86 Mbit/s
Sun Jul 28 06:45:01 CEST 2019
Ping: 24.245 ms
Download: 134.42 Mbit/s
Upload: 19.25 Mbit/s
Sun Jul 28 07:45:01 CEST 2019
Ping: 26.146 ms
Download: 222.54 Mbit/s
Upload: 18.66 Mbit/s
Sun Jul 28 08:45:01 CEST 2019
Ping: 24.603 ms
Download: 77.49 Mbit/s
Upload: 19.05 Mbit/s
Sun Jul 28 09:45:01 CEST 2019
Ping: 25.007 ms
Download: 263.75 Mbit/s
Upload: 19.40 Mbit/s
Sun Jul 28 10:45:01 CEST 2019
Ping: 25.822 ms
Download: 63.41 Mbit/s
Upload: 17.90 Mbit/s
Sun Jul 28 11:45:01 CEST 2019
Ping: 26.21 ms
Download: 56.26 Mbit/s
Upload: 14.62 Mbit/s
Sun Jul 28 12:45:01 CEST 2019
Ping: 24.768 ms
Download: 127.29 Mbit/s
Upload: 19.73 Mbit/s
Sun Jul 28 13:45:01 CEST 2019
Ping: 23.857 ms
Download: 235.12 Mbit/s
Upload: 19.65 Mbit/s
Sun Jul 28 14:45:02 CEST 2019
Ping: 25.787 ms
Download: 160.45 Mbit/s
Upload: 19.38 Mbit/s
Sun Jul 28 15:45:01 CEST 2019
Ping: 23.678 ms
Download: 174.06 Mbit/s
Upload: 19.72 Mbit/s
Sun Jul 28 16:45:01 CEST 2019
Ping: 25.748 ms
Download: 177.02 Mbit/s
Upload: 19.77 Mbit/s
Sun Jul 28 17:45:01 CEST 2019
Ping: 24.275 ms
Download: 236.42 Mbit/s
Upload: 18.91 Mbit/s
Sun Jul 28 18:45:01 CEST 2019
Ping: 26.995 ms
Download: 180.40 Mbit/s
Upload: 18.53 Mbit/s
Sun Jul 28 19:45:01 CEST 2019
Ping: 23.329 ms
Download: 225.15 Mbit/s
Upload: 19.47 Mbit/s
Sun Jul 28 20:45:01 CEST 2019
Ping: 25.604 ms
Download: 215.85 Mbit/s
Upload: 19.74 Mbit/s
Sun Jul 28 21:45:01 CEST 2019
Ping: 25.736 ms
Download: 136.15 Mbit/s
Upload: 19.37 Mbit/s
Sun Jul 28 22:45:01 CEST 2019
Ping: 25.75 ms
Download: 73.01 Mbit/s
Upload: 19.14 Mbit/s
Sun Jul 28 23:45:01 CEST 2019
Ping: 26.253 ms
Download: 62.94 Mbit/s
Upload: 19.09 Mbit/s
Mon Jul 29 00:45:01 CEST 2019
Ping: 24.145 ms
Download: 141.14 Mbit/s
Upload: 19.40 Mbit/s
Mon Jul 29 01:45:01 CEST 2019
Ping: 23.25 ms
Download: 140.88 Mbit/s
Upload: 19.64 Mbit/s
Mon Jul 29 02:45:01 CEST 2019
Ping: 23.586 ms
Download: 110.06 Mbit/s
Upload: 19.71 Mbit/s
Mon Jul 29 03:45:02 CEST 2019
Ping: 24.529 ms
Download: 178.64 Mbit/s
Upload: 19.34 Mbit/s
Mon Jul 29 04:45:01 CEST 2019
Ping: 25.516 ms
Download: 113.22 Mbit/s
Upload: 19.69 Mbit/s
Mon Jul 29 05:45:01 CEST 2019
Ping: 25.765 ms
Download: 220.23 Mbit/s
Upload: 14.52 Mbit/s
Mon Jul 29 06:45:01 CEST 2019
Ping: 25.695 ms
Download: 89.66 Mbit/s
Upload: 19.44 Mbit/s
Mon Jul 29 07:45:01 CEST 2019
Ping: 24.37 ms
Download: 230.80 Mbit/s
Upload: 19.04 Mbit/s
Mon Jul 29 08:45:01 CEST 2019
Ping: 23.784 ms
Download: 158.79 Mbit/s
Upload: 19.55 Mbit/s
Mon Jul 29 09:45:01 CEST 2019
Ping: 26.282 ms
Download: 249.78 Mbit/s
Upload: 19.79 Mbit/s
Mon Jul 29 10:45:01 CEST 2019
Ping: 25.016 ms
Download: 118.82 Mbit/s
Upload: 19.42 Mbit/s
Mon Jul 29 11:45:01 CEST 2019
Ping: 23.72 ms
Download: 171.76 Mbit/s
Upload: 19.06 Mbit/s
Mon Jul 29 12:45:01 CEST 2019
Ping: 22.709 ms
Download: 140.54 Mbit/s
Upload: 19.25 Mbit/s
Mon Jul 29 13:45:01 CEST 2019
Ping: 25.255 ms
Download: 221.56 Mbit/s
Upload: 19.75 Mbit/s
Mon Jul 29 14:45:02 CEST 2019
Ping: 23.253 ms
Download: 235.48 Mbit/s
Upload: 19.60 Mbit/s
Mon Jul 29 15:45:01 CEST 2019
Ping: 27.264 ms
Download: 230.37 Mbit/s
Upload: 19.57 Mbit/s
Mon Jul 29 16:45:01 CEST 2019
Ping: 26.477 ms
Download: 138.08 Mbit/s
Upload: 19.54 Mbit/s
Mon Jul 29 17:45:01 CEST 2019
Ping: 24.199 ms
Download: 177.51 Mbit/s
Upload: 19.26 Mbit/s
Mon Jul 29 18:45:01 CEST 2019
Ping: 24.473 ms
Download: 176.92 Mbit/s
Upload: 19.09 Mbit/s
Mon Jul 29 19:45:02 CEST 2019
Ping: 24.024 ms
Download: 117.68 Mbit/s
Upload: 18.61 Mbit/s
Mon Jul 29 20:45:01 CEST 2019
Ping: 26.139 ms
Download: 228.22 Mbit/s
Upload: 19.29 Mbit/s
Mon Jul 29 21:45:01 CEST 2019
Ping: 25.761 ms
Download: 144.42 Mbit/s
Upload: 19.57 Mbit/s
Mon Jul 29 22:45:01 CEST 2019
Ping: 26.08 ms
Download: 213.45 Mbit/s
Upload: 19.38 Mbit/s
Mon Jul 29 23:45:01 CEST 2019
Ping: 25.783 ms
Download: 235.88 Mbit/s
Upload: 19.23 Mbit/s
Tue Jul 30 00:45:01 CEST 2019
Ping: 25.098 ms
Download: 146.42 Mbit/s
Upload: 18.88 Mbit/s
Tue Jul 30 01:45:01 CEST 2019
Ping: 25.109 ms
Download: 222.77 Mbit/s
Upload: 19.71 Mbit/s
Tue Jul 30 02:45:01 CEST 2019
Ping: 24.842 ms
Download: 151.97 Mbit/s
Upload: 19.55 Mbit/s
Tue Jul 30 03:45:01 CEST 2019
Ping: 27.809 ms
Download: 252.22 Mbit/s
Upload: 19.54 Mbit/s
Tue Jul 30 04:45:01 CEST 2019
Ping: 24.876 ms
Download: 176.63 Mbit/s
Upload: 19.76 Mbit/s
Tue Jul 30 05:45:01 CEST 2019
Ping: 27.435 ms
Download: 221.96 Mbit/s
Upload: 19.87 Mbit/s
Tue Jul 30 06:45:01 CEST 2019
Ping: 25.192 ms
Download: 180.98 Mbit/s
Upload: 19.29 Mbit/s
Tue Jul 30 07:45:01 CEST 2019
Ping: 24.098 ms
Download: 209.95 Mbit/s
Upload: 19.72 Mbit/s
Tue Jul 30 08:45:01 CEST 2019
Ping: 23.96 ms
Download: 229.35 Mbit/s
Upload: 19.25 Mbit/s
Tue Jul 30 09:45:01 CEST 2019
Ping: 24.417 ms
Download: 222.27 Mbit/s
Upload: 19.65 Mbit/s
Tue Jul 30 10:45:01 CEST 2019
Ping: 25.577 ms
Download: 222.14 Mbit/s
Upload: 19.34 Mbit/s
Tue Jul 30 11:45:01 CEST 2019
Ping: 24.936 ms
Download: 131.29 Mbit/s
Upload: 19.73 Mbit/s
Tue Jul 30 12:45:01 CEST 2019
Ping: 23.976 ms
Download: 127.23 Mbit/s
Upload: 19.15 Mbit/s
Tue Jul 30 13:45:01 CEST 2019
Ping: 27.303 ms
Download: 220.59 Mbit/s
Upload: 19.19 Mbit/s
Tue Jul 30 14:45:01 CEST 2019
Ping: 25.298 ms
Download: 257.19 Mbit/s
Upload: 19.17 Mbit/s
Tue Jul 30 15:45:02 CEST 2019
Ping: 24.514 ms
Download: 207.43 Mbit/s
Upload: 19.32 Mbit/s
Tue Jul 30 16:45:01 CEST 2019
Ping: 23.763 ms
Download: 188.98 Mbit/s
Upload: 19.74 Mbit/s
Tue Jul 30 17:45:01 CEST 2019
Ping: 24.064 ms
Download: 208.78 Mbit/s
Upload: 19.87 Mbit/s
Tue Jul 30 18:45:02 CEST 2019
Ping: 27.361 ms
Download: 224.38 Mbit/s
Upload: 19.16 Mbit/s
Tue Jul 30 19:45:01 CEST 2019
Ping: 27.622 ms
Download: 226.92 Mbit/s
Upload: 19.73 Mbit/s
Tue Jul 30 20:45:01 CEST 2019
Ping: 24.237 ms
Download: 220.67 Mbit/s
Upload: 19.11 Mbit/s
Tue Jul 30 21:45:01 CEST 2019
Ping: 27.747 ms
Download: 236.17 Mbit/s
Upload: 18.87 Mbit/s
Tue Jul 30 22:45:01 CEST 2019
Ping: 24.572 ms
Download: 144.08 Mbit/s
Upload: 19.76 Mbit/s
Tue Jul 30 23:45:01 CEST 2019
Ping: 25.4 ms
Download: 226.59 Mbit/s
Upload: 19.41 Mbit/s
Wed Jul 31 00:45:01 CEST 2019
Ping: 26.877 ms
Download: 224.07 Mbit/s
Upload: 19.32 Mbit/s
Wed Jul 31 01:45:01 CEST 2019
Ping: 24.409 ms
Download: 172.27 Mbit/s
Upload: 19.61 Mbit/s
Wed Jul 31 02:45:01 CEST 2019
Ping: 24.287 ms
Download: 164.83 Mbit/s
Upload: 19.38 Mbit/s
Wed Jul 31 03:45:01 CEST 2019
Ping: 26.007 ms
Download: 223.16 Mbit/s
Upload: 19.67 Mbit/s
Wed Jul 31 04:45:01 CEST 2019
Ping: 23.513 ms
Download: 220.64 Mbit/s
Upload: 19.75 Mbit/s
Wed Jul 31 05:45:01 CEST 2019
Ping: 25.466 ms
Download: 140.72 Mbit/s
Upload: 19.81 Mbit/s
Wed Jul 31 06:45:01 CEST 2019
Ping: 24.363 ms
Download: 177.99 Mbit/s
Upload: 18.82 Mbit/s
Wed Jul 31 07:45:01 CEST 2019
Ping: 24.535 ms
Download: 152.27 Mbit/s
Upload: 19.69 Mbit/s
Wed Jul 31 08:45:01 CEST 2019
Ping: 25.019 ms
Download: 232.51 Mbit/s
Upload: 19.44 Mbit/s
Wed Jul 31 09:45:01 CEST 2019
Ping: 25.279 ms
Download: 143.14 Mbit/s
Upload: 19.42 Mbit/s
Wed Jul 31 10:45:01 CEST 2019
Ping: 27.436 ms
Download: 118.91 Mbit/s
Upload: 19.72 Mbit/s
Wed Jul 31 11:45:01 CEST 2019
Ping: 26.719 ms
Download: 162.22 Mbit/s
Upload: 18.72 Mbit/s
Wed Jul 31 12:45:01 CEST 2019
Ping: 23.686 ms
Download: 218.72 Mbit/s
Upload: 19.51 Mbit/s
Wed Jul 31 13:45:01 CEST 2019
Ping: 25.15 ms
Download: 232.15 Mbit/s
Upload: 19.64 Mbit/s
Wed Jul 31 14:45:01 CEST 2019
Ping: 27.314 ms
Download: 239.33 Mbit/s
Upload: 19.35 Mbit/s
Wed Jul 31 15:45:01 CEST 2019
Ping: 25.604 ms
Download: 217.78 Mbit/s
Upload: 18.81 Mbit/s
Wed Jul 31 16:45:01 CEST 2019
Ping: 24.054 ms
Download: 224.37 Mbit/s
Upload: 19.11 Mbit/s
Wed Jul 31 17:45:01 CEST 2019
Ping: 26.036 ms
Download: 173.84 Mbit/s
Upload: 19.25 Mbit/s
Wed Jul 31 18:45:01 CEST 2019
Ping: 24.147 ms
Download: 231.41 Mbit/s
Upload: 19.54 Mbit/s
Wed Jul 31 19:45:01 CEST 2019
Ping: 24.242 ms
Download: 216.04 Mbit/s
Upload: 19.43 Mbit/s
Wed Jul 31 20:45:01 CEST 2019
Ping: 24.927 ms
Download: 221.18 Mbit/s
Upload: 19.77 Mbit/s
Wed Jul 31 21:45:01 CEST 2019
Ping: 29.843 ms
Download: 249.27 Mbit/s
Upload: 19.57 Mbit/s
Wed Jul 31 22:45:01 CEST 2019
Ping: 25.518 ms
Download: 236.67 Mbit/s
Upload: 19.08 Mbit/s
Wed Jul 31 23:45:01 CEST 2019
Ping: 25.931 ms
Download: 112.66 Mbit/s
Upload: 19.40 Mbit/s
