Fri Mar  1 00:45:01 CET 2019
Ping: 24.759 ms
Download: 103.45 Mbit/s
Upload: 19.27 Mbit/s
Fri Mar  1 01:45:01 CET 2019
Ping: 25.44 ms
Download: 229.78 Mbit/s
Upload: 19.77 Mbit/s
Fri Mar  1 02:45:01 CET 2019
Ping: 24.923 ms
Download: 251.09 Mbit/s
Upload: 19.71 Mbit/s
Fri Mar  1 03:45:01 CET 2019
Ping: 24.115 ms
Download: 114.01 Mbit/s
Upload: 19.58 Mbit/s
Fri Mar  1 04:45:01 CET 2019
Ping: 23.789 ms
Download: 278.29 Mbit/s
Upload: 19.87 Mbit/s
Fri Mar  1 05:45:01 CET 2019
Ping: 25.259 ms
Download: 195.53 Mbit/s
Upload: 19.60 Mbit/s
Fri Mar  1 06:45:01 CET 2019
Ping: 26.027 ms
Download: 163.13 Mbit/s
Upload: 19.46 Mbit/s
Fri Mar  1 07:45:01 CET 2019
Ping: 24.766 ms
Download: 180.82 Mbit/s
Upload: 19.70 Mbit/s
Fri Mar  1 08:45:01 CET 2019
Ping: 25.703 ms
Download: 145.03 Mbit/s
Upload: 19.94 Mbit/s
Fri Mar  1 09:45:01 CET 2019
Ping: 26.551 ms
Download: 96.98 Mbit/s
Upload: 19.86 Mbit/s
Fri Mar  1 10:45:01 CET 2019
Ping: 24.035 ms
Download: 81.10 Mbit/s
Upload: 19.76 Mbit/s
Fri Mar  1 11:45:01 CET 2019
Ping: 24.703 ms
Download: 291.97 Mbit/s
Upload: 17.64 Mbit/s
Fri Mar  1 12:45:01 CET 2019
Ping: 24.343 ms
Download: 229.85 Mbit/s
Upload: 10.71 Mbit/s
Fri Mar  1 13:45:01 CET 2019
Ping: 27.105 ms
Download: 243.94 Mbit/s
Upload: 19.66 Mbit/s
Fri Mar  1 14:45:01 CET 2019
Ping: 24.255 ms
Download: 193.96 Mbit/s
Upload: 19.74 Mbit/s
Fri Mar  1 15:45:01 CET 2019
Ping: 25.704 ms
Download: 287.80 Mbit/s
Upload: 19.54 Mbit/s
Fri Mar  1 16:45:01 CET 2019
Ping: 24.877 ms
Download: 93.90 Mbit/s
Upload: 16.61 Mbit/s
Fri Mar  1 17:45:01 CET 2019
Ping: 26.294 ms
Download: 288.16 Mbit/s
Upload: 18.78 Mbit/s
Fri Mar  1 18:45:02 CET 2019
Ping: 25.851 ms
Download: 144.75 Mbit/s
Upload: 18.60 Mbit/s
Fri Mar  1 19:45:01 CET 2019
Ping: 26.135 ms
Download: 228.26 Mbit/s
Upload: 19.46 Mbit/s
Fri Mar  1 20:45:01 CET 2019
Ping: 24.724 ms
Download: 189.81 Mbit/s
Upload: 18.78 Mbit/s
Fri Mar  1 21:45:01 CET 2019
Ping: 26.326 ms
Download: 241.62 Mbit/s
Upload: 19.69 Mbit/s
Fri Mar  1 22:45:02 CET 2019
Ping: 25.002 ms
Download: 91.68 Mbit/s
Upload: 19.50 Mbit/s
Fri Mar  1 23:45:02 CET 2019
Ping: 24.519 ms
Download: 253.05 Mbit/s
Upload: 19.45 Mbit/s
Sat Mar  2 00:45:01 CET 2019
Ping: 24.402 ms
Download: 119.88 Mbit/s
Upload: 19.67 Mbit/s
Sat Mar  2 01:45:02 CET 2019
Ping: 24.562 ms
Download: 93.55 Mbit/s
Upload: 19.81 Mbit/s
Sat Mar  2 02:45:01 CET 2019
Ping: 25.277 ms
Download: 183.94 Mbit/s
Upload: 19.53 Mbit/s
Sat Mar  2 03:45:01 CET 2019
Ping: 25.745 ms
Download: 257.95 Mbit/s
Upload: 19.91 Mbit/s
Sat Mar  2 04:45:01 CET 2019
Ping: 25.882 ms
Download: 96.75 Mbit/s
Upload: 19.55 Mbit/s
Sat Mar  2 05:45:01 CET 2019
Ping: 24.237 ms
Download: 192.34 Mbit/s
Upload: 19.87 Mbit/s
Sat Mar  2 06:45:01 CET 2019
Ping: 24.336 ms
Download: 247.33 Mbit/s
Upload: 19.81 Mbit/s
Sat Mar  2 07:45:01 CET 2019
Ping: 25.847 ms
Download: 235.98 Mbit/s
Upload: 19.64 Mbit/s
Sat Mar  2 08:45:01 CET 2019
Ping: 24.351 ms
Download: 174.39 Mbit/s
Upload: 18.83 Mbit/s
Sat Mar  2 09:45:01 CET 2019
Ping: 25.467 ms
Download: 132.17 Mbit/s
Upload: 19.28 Mbit/s
Sat Mar  2 10:45:01 CET 2019
Ping: 27.147 ms
Download: 276.11 Mbit/s
Upload: 19.84 Mbit/s
Sat Mar  2 11:45:01 CET 2019
Ping: 26.394 ms
Download: 208.10 Mbit/s
Upload: 19.73 Mbit/s
Sat Mar  2 12:45:01 CET 2019
Ping: 25.83 ms
Download: 235.27 Mbit/s
Upload: 19.55 Mbit/s
Sat Mar  2 13:45:01 CET 2019
Ping: 22.245 ms
Download: 276.59 Mbit/s
Upload: 19.13 Mbit/s
Sat Mar  2 14:45:01 CET 2019
Ping: 26.561 ms
Download: 192.10 Mbit/s
Upload: 19.61 Mbit/s
Sat Mar  2 15:45:01 CET 2019
Ping: 28.907 ms
Download: 218.85 Mbit/s
Upload: 19.12 Mbit/s
Sat Mar  2 16:45:01 CET 2019
Ping: 26.855 ms
Download: 235.95 Mbit/s
Upload: 19.25 Mbit/s
Sat Mar  2 17:45:01 CET 2019
Ping: 25.31 ms
Download: 254.12 Mbit/s
Upload: 19.54 Mbit/s
Sat Mar  2 18:45:01 CET 2019
Ping: 26.842 ms
Download: 128.56 Mbit/s
Upload: 19.28 Mbit/s
Sat Mar  2 19:45:01 CET 2019
Ping: 24.474 ms
Download: 250.31 Mbit/s
Upload: 19.66 Mbit/s
Sat Mar  2 20:45:01 CET 2019
Ping: 26.577 ms
Download: 210.91 Mbit/s
Upload: 19.34 Mbit/s
Sat Mar  2 21:45:01 CET 2019
Ping: 25.495 ms
Download: 280.88 Mbit/s
Upload: 19.78 Mbit/s
Sat Mar  2 22:45:01 CET 2019
Ping: 26.197 ms
Download: 176.57 Mbit/s
Upload: 18.97 Mbit/s
Sat Mar  2 23:45:01 CET 2019
Ping: 25.519 ms
Download: 89.11 Mbit/s
Upload: 19.73 Mbit/s
Sun Mar  3 00:45:01 CET 2019
Ping: 26.219 ms
Download: 241.01 Mbit/s
Upload: 19.29 Mbit/s
Sun Mar  3 01:45:01 CET 2019
Ping: 26.514 ms
Download: 264.44 Mbit/s
Upload: 19.58 Mbit/s
Sun Mar  3 02:45:01 CET 2019
Ping: 24.049 ms
Download: 62.97 Mbit/s
Upload: 19.20 Mbit/s
Sun Mar  3 03:45:01 CET 2019
Ping: 25.905 ms
Download: 235.49 Mbit/s
Upload: 19.69 Mbit/s
Sun Mar  3 04:45:01 CET 2019
Ping: 24.904 ms
Download: 110.64 Mbit/s
Upload: 18.82 Mbit/s
Sun Mar  3 05:45:01 CET 2019
Ping: 22.966 ms
Download: 250.83 Mbit/s
Upload: 19.53 Mbit/s
Sun Mar  3 06:45:01 CET 2019
Ping: 25.68 ms
Download: 293.26 Mbit/s
Upload: 19.89 Mbit/s
Sun Mar  3 07:45:01 CET 2019
Ping: 24.505 ms
Download: 254.29 Mbit/s
Upload: 19.27 Mbit/s
Sun Mar  3 08:45:01 CET 2019
Ping: 24.456 ms
Download: 242.40 Mbit/s
Upload: 18.74 Mbit/s
Sun Mar  3 09:45:01 CET 2019
Ping: 24.393 ms
Download: 113.95 Mbit/s
Upload: 19.44 Mbit/s
Sun Mar  3 10:45:01 CET 2019
Ping: 25.712 ms
Download: 180.54 Mbit/s
Upload: 19.47 Mbit/s
Sun Mar  3 11:45:01 CET 2019
Ping: 25.527 ms
Download: 220.68 Mbit/s
Upload: 16.95 Mbit/s
Sun Mar  3 12:45:01 CET 2019
Ping: 24.259 ms
Download: 147.65 Mbit/s
Upload: 18.96 Mbit/s
Sun Mar  3 13:45:01 CET 2019
Ping: 25.395 ms
Download: 279.66 Mbit/s
Upload: 19.81 Mbit/s
Sun Mar  3 14:45:01 CET 2019
Ping: 25.038 ms
Download: 215.03 Mbit/s
Upload: 19.04 Mbit/s
Sun Mar  3 15:45:01 CET 2019
Ping: 25.543 ms
Download: 154.52 Mbit/s
Upload: 19.64 Mbit/s
Sun Mar  3 16:45:01 CET 2019
Ping: 25.184 ms
Download: 253.50 Mbit/s
Upload: 19.70 Mbit/s
Sun Mar  3 17:45:01 CET 2019
Ping: 25.692 ms
Download: 226.04 Mbit/s
Upload: 19.05 Mbit/s
Sun Mar  3 18:45:01 CET 2019
Ping: 26.234 ms
Download: 193.34 Mbit/s
Upload: 19.26 Mbit/s
Sun Mar  3 19:45:01 CET 2019
Ping: 25.569 ms
Download: 251.52 Mbit/s
Upload: 19.16 Mbit/s
Sun Mar  3 20:45:01 CET 2019
Ping: 25.197 ms
Download: 240.24 Mbit/s
Upload: 19.24 Mbit/s
Sun Mar  3 21:45:01 CET 2019
Ping: 24.702 ms
Download: 172.33 Mbit/s
Upload: 19.49 Mbit/s
Sun Mar  3 22:45:01 CET 2019
Ping: 24.385 ms
Download: 139.01 Mbit/s
Upload: 19.10 Mbit/s
Sun Mar  3 23:45:01 CET 2019
Ping: 26.427 ms
Download: 64.88 Mbit/s
Upload: 18.86 Mbit/s
Mon Mar  4 00:45:01 CET 2019
Ping: 25.124 ms
Download: 229.86 Mbit/s
Upload: 19.82 Mbit/s
Mon Mar  4 01:45:01 CET 2019
Ping: 24.75 ms
Download: 261.82 Mbit/s
Upload: 19.30 Mbit/s
Mon Mar  4 02:45:01 CET 2019
Ping: 23.708 ms
Download: 104.21 Mbit/s
Upload: 19.47 Mbit/s
Mon Mar  4 03:45:01 CET 2019
Ping: 26.938 ms
Download: 177.06 Mbit/s
Upload: 19.58 Mbit/s
Mon Mar  4 04:45:01 CET 2019
Ping: 28.292 ms
Download: 0.95 Mbit/s
Upload: 0.91 Mbit/s
Mon Mar  4 05:45:01 CET 2019
Ping: 28.242 ms
Download: 103.05 Mbit/s
Upload: 19.78 Mbit/s
Mon Mar  4 06:45:01 CET 2019
Ping: 24.139 ms
Download: 87.62 Mbit/s
Upload: 19.42 Mbit/s
Mon Mar  4 07:45:02 CET 2019
Ping: 26.705 ms
Download: 223.94 Mbit/s
Upload: 19.45 Mbit/s
Mon Mar  4 08:45:01 CET 2019
Ping: 23.169 ms
Download: 261.78 Mbit/s
Upload: 19.24 Mbit/s
Mon Mar  4 09:45:01 CET 2019
Ping: 24.464 ms
Download: 225.99 Mbit/s
Upload: 18.84 Mbit/s
Mon Mar  4 10:45:01 CET 2019
Ping: 25.681 ms
Download: 151.15 Mbit/s
Upload: 19.45 Mbit/s
Mon Mar  4 11:45:01 CET 2019
Ping: 24.919 ms
Download: 120.36 Mbit/s
Upload: 19.37 Mbit/s
Mon Mar  4 12:45:01 CET 2019
Ping: 31.655 ms
Download: 205.61 Mbit/s
Upload: 19.55 Mbit/s
Mon Mar  4 13:45:01 CET 2019
Ping: 24.777 ms
Download: 63.85 Mbit/s
Upload: 19.22 Mbit/s
Mon Mar  4 14:45:01 CET 2019
Ping: 25.653 ms
Download: 214.21 Mbit/s
Upload: 18.91 Mbit/s
Mon Mar  4 15:45:01 CET 2019
Ping: 24.712 ms
Download: 213.38 Mbit/s
Upload: 18.78 Mbit/s
Mon Mar  4 16:45:01 CET 2019
Ping: 25.866 ms
Download: 215.98 Mbit/s
Upload: 19.68 Mbit/s
Mon Mar  4 17:45:01 CET 2019
Ping: 24.731 ms
Download: 112.63 Mbit/s
Upload: 19.69 Mbit/s
Mon Mar  4 18:45:01 CET 2019
Ping: 25.097 ms
Download: 253.68 Mbit/s
Upload: 19.38 Mbit/s
Mon Mar  4 19:45:01 CET 2019
Ping: 25.336 ms
Download: 242.79 Mbit/s
Upload: 19.84 Mbit/s
Mon Mar  4 20:45:01 CET 2019
Ping: 27.458 ms
Download: 152.68 Mbit/s
Upload: 19.63 Mbit/s
Mon Mar  4 21:45:01 CET 2019
Ping: 25.518 ms
Download: 233.59 Mbit/s
Upload: 19.70 Mbit/s
Mon Mar  4 22:45:01 CET 2019
Ping: 24.817 ms
Download: 228.94 Mbit/s
Upload: 19.21 Mbit/s
Mon Mar  4 23:45:01 CET 2019
Ping: 24.88 ms
Download: 258.31 Mbit/s
Upload: 19.70 Mbit/s
Tue Mar  5 00:45:01 CET 2019
Ping: 25.48 ms
Download: 91.01 Mbit/s
Upload: 19.55 Mbit/s
Tue Mar  5 01:45:01 CET 2019
Ping: 25.268 ms
Download: 215.29 Mbit/s
Upload: 18.98 Mbit/s
Tue Mar  5 02:45:01 CET 2019
Ping: 24.535 ms
Download: 157.72 Mbit/s
Upload: 19.66 Mbit/s
Tue Mar  5 03:45:01 CET 2019
Ping: 25.847 ms
Download: 96.14 Mbit/s
Upload: 19.82 Mbit/s
Tue Mar  5 04:45:01 CET 2019
Ping: 24.86 ms
Download: 224.55 Mbit/s
Upload: 19.71 Mbit/s
Tue Mar  5 05:45:01 CET 2019
Ping: 25.258 ms
Download: 198.01 Mbit/s
Upload: 19.64 Mbit/s
Tue Mar  5 06:45:01 CET 2019
Ping: 25.391 ms
Download: 178.51 Mbit/s
Upload: 19.73 Mbit/s
Tue Mar  5 07:45:01 CET 2019
Ping: 23.112 ms
Download: 220.77 Mbit/s
Upload: 19.71 Mbit/s
Tue Mar  5 08:45:02 CET 2019
Ping: 24.014 ms
Download: 111.11 Mbit/s
Upload: 19.86 Mbit/s
Tue Mar  5 09:45:01 CET 2019
Ping: 24.015 ms
Download: 169.57 Mbit/s
Upload: 18.60 Mbit/s
Tue Mar  5 10:45:01 CET 2019
Ping: 25.176 ms
Download: 206.61 Mbit/s
Upload: 19.40 Mbit/s
Tue Mar  5 11:45:01 CET 2019
Ping: 25.721 ms
Download: 177.17 Mbit/s
Upload: 19.48 Mbit/s
Tue Mar  5 12:45:01 CET 2019
Ping: 23.756 ms
Download: 104.20 Mbit/s
Upload: 19.84 Mbit/s
Tue Mar  5 13:45:01 CET 2019
Ping: 23.595 ms
Download: 238.96 Mbit/s
Upload: 19.79 Mbit/s
Tue Mar  5 14:45:01 CET 2019
Ping: 23.318 ms
Download: 194.71 Mbit/s
Upload: 19.45 Mbit/s
Tue Mar  5 15:45:01 CET 2019
Ping: 24.302 ms
Download: 92.20 Mbit/s
Upload: 19.45 Mbit/s
Tue Mar  5 16:45:01 CET 2019
Ping: 23.101 ms
Download: 289.13 Mbit/s
Upload: 19.68 Mbit/s
Tue Mar  5 17:45:01 CET 2019
Ping: 25.433 ms
Download: 282.86 Mbit/s
Upload: 18.98 Mbit/s
Tue Mar  5 18:45:01 CET 2019
Ping: 24.415 ms
Download: 140.98 Mbit/s
Upload: 18.36 Mbit/s
Tue Mar  5 19:45:01 CET 2019
Ping: 24.754 ms
Download: 284.99 Mbit/s
Upload: 19.50 Mbit/s
Tue Mar  5 20:45:01 CET 2019
Ping: 23.372 ms
Download: 173.53 Mbit/s
Upload: 19.89 Mbit/s
Tue Mar  5 21:45:01 CET 2019
Ping: 23.968 ms
Download: 89.68 Mbit/s
Upload: 19.79 Mbit/s
Tue Mar  5 22:45:01 CET 2019
Ping: 24.654 ms
Download: 244.92 Mbit/s
Upload: 19.30 Mbit/s
Tue Mar  5 23:45:01 CET 2019
Ping: 25.53 ms
Download: 260.95 Mbit/s
Upload: 19.44 Mbit/s
Wed Mar  6 00:45:01 CET 2019
Ping: 23.067 ms
Download: 291.72 Mbit/s
Upload: 19.82 Mbit/s
Wed Mar  6 01:45:01 CET 2019
Ping: 23.588 ms
Download: 81.50 Mbit/s
Upload: 19.43 Mbit/s
Wed Mar  6 02:45:02 CET 2019
Ping: 23.275 ms
Download: 204.89 Mbit/s
Upload: 19.82 Mbit/s
Wed Mar  6 03:45:01 CET 2019
Ping: 24.859 ms
Download: 125.17 Mbit/s
Upload: 19.65 Mbit/s
Wed Mar  6 04:45:01 CET 2019
Ping: 24.229 ms
Download: 156.73 Mbit/s
Upload: 19.79 Mbit/s
Wed Mar  6 05:45:01 CET 2019
Ping: 23.54 ms
Download: 191.24 Mbit/s
Upload: 19.65 Mbit/s
Wed Mar  6 06:45:01 CET 2019
Ping: 23.283 ms
Download: 175.67 Mbit/s
Upload: 19.17 Mbit/s
Wed Mar  6 07:45:01 CET 2019
Ping: 24.99 ms
Download: 224.41 Mbit/s
Upload: 19.34 Mbit/s
Wed Mar  6 08:45:01 CET 2019
Ping: 23.879 ms
Download: 104.27 Mbit/s
Upload: 18.85 Mbit/s
Wed Mar  6 09:45:02 CET 2019
Ping: 22.197 ms
Download: 273.91 Mbit/s
Upload: 19.61 Mbit/s
Wed Mar  6 10:45:01 CET 2019
Ping: 25.256 ms
Download: 242.75 Mbit/s
Upload: 19.15 Mbit/s
Wed Mar  6 11:45:01 CET 2019
Ping: 26.989 ms
Download: 94.93 Mbit/s
Upload: 18.97 Mbit/s
Wed Mar  6 12:45:01 CET 2019
Ping: 23.96 ms
Download: 280.45 Mbit/s
Upload: 19.46 Mbit/s
Wed Mar  6 13:45:01 CET 2019
Ping: 22.898 ms
Download: 289.97 Mbit/s
Upload: 19.43 Mbit/s
Wed Mar  6 14:45:01 CET 2019
Ping: 24.769 ms
Download: 174.54 Mbit/s
Upload: 19.42 Mbit/s
Wed Mar  6 15:45:01 CET 2019
Ping: 24.894 ms
Download: 216.84 Mbit/s
Upload: 19.83 Mbit/s
Wed Mar  6 16:45:01 CET 2019
Ping: 24.049 ms
Download: 246.34 Mbit/s
Upload: 19.74 Mbit/s
Wed Mar  6 17:45:01 CET 2019
Ping: 27.768 ms
Download: 218.75 Mbit/s
Upload: 19.53 Mbit/s
Wed Mar  6 18:45:01 CET 2019
Ping: 23.444 ms
Download: 162.72 Mbit/s
Upload: 18.86 Mbit/s
Wed Mar  6 19:45:01 CET 2019
Ping: 24.359 ms
Download: 143.24 Mbit/s
Upload: 19.38 Mbit/s
Wed Mar  6 20:45:01 CET 2019
Ping: 25.055 ms
Download: 204.79 Mbit/s
Upload: 18.88 Mbit/s
Wed Mar  6 21:45:01 CET 2019
Ping: 24.111 ms
Download: 143.00 Mbit/s
Upload: 18.44 Mbit/s
Wed Mar  6 22:45:02 CET 2019
Ping: 27.829 ms
Download: 245.44 Mbit/s
Upload: 19.60 Mbit/s
Wed Mar  6 23:45:01 CET 2019
Ping: 24.772 ms
Download: 130.48 Mbit/s
Upload: 19.80 Mbit/s
Thu Mar  7 00:45:02 CET 2019
Ping: 22.905 ms
Download: 212.96 Mbit/s
Upload: 19.38 Mbit/s
Thu Mar  7 01:45:01 CET 2019
Ping: 25.256 ms
Download: 179.18 Mbit/s
Upload: 19.47 Mbit/s
Thu Mar  7 02:45:01 CET 2019
Ping: 24.408 ms
Download: 116.95 Mbit/s
Upload: 19.64 Mbit/s
Thu Mar  7 03:45:01 CET 2019
Ping: 23.284 ms
Download: 247.41 Mbit/s
Upload: 19.41 Mbit/s
Thu Mar  7 04:45:01 CET 2019
Ping: 24.622 ms
Download: 154.07 Mbit/s
Upload: 19.24 Mbit/s
Thu Mar  7 05:45:01 CET 2019
Ping: 24.052 ms
Download: 181.84 Mbit/s
Upload: 19.45 Mbit/s
Thu Mar  7 06:45:01 CET 2019
Ping: 23.014 ms
Download: 183.81 Mbit/s
Upload: 19.74 Mbit/s
Thu Mar  7 07:45:01 CET 2019
Ping: 23.641 ms
Download: 105.89 Mbit/s
Upload: 19.09 Mbit/s
Thu Mar  7 08:45:01 CET 2019
Ping: 24.425 ms
Download: 187.43 Mbit/s
Upload: 19.18 Mbit/s
Thu Mar  7 09:45:01 CET 2019
Ping: 22.459 ms
Download: 227.09 Mbit/s
Upload: 19.64 Mbit/s
Thu Mar  7 10:45:01 CET 2019
Ping: 22.997 ms
Download: 71.99 Mbit/s
Upload: 19.79 Mbit/s
Thu Mar  7 11:45:01 CET 2019
Ping: 23.977 ms
Download: 68.79 Mbit/s
Upload: 19.48 Mbit/s
Thu Mar  7 12:45:01 CET 2019
Ping: 25.392 ms
Download: 276.69 Mbit/s
Upload: 19.31 Mbit/s
Thu Mar  7 13:45:01 CET 2019
Ping: 25.252 ms
Download: 175.61 Mbit/s
Upload: 19.70 Mbit/s
Thu Mar  7 14:45:01 CET 2019
Ping: 26.904 ms
Download: 102.00 Mbit/s
Upload: 19.57 Mbit/s
Thu Mar  7 15:45:01 CET 2019
Ping: 24.667 ms
Download: 83.59 Mbit/s
Upload: 19.46 Mbit/s
Thu Mar  7 16:45:01 CET 2019
Ping: 23.946 ms
Download: 78.11 Mbit/s
Upload: 19.66 Mbit/s
Thu Mar  7 17:45:01 CET 2019
Ping: 24.139 ms
Download: 90.78 Mbit/s
Upload: 19.61 Mbit/s
Thu Mar  7 18:45:01 CET 2019
Thu Mar  7 19:45:01 CET 2019
Ping: 25.2 ms
Download: 265.74 Mbit/s
Upload: 19.16 Mbit/s
Thu Mar  7 20:45:01 CET 2019
Ping: 25.242 ms
Download: 140.11 Mbit/s
Upload: 19.06 Mbit/s
Thu Mar  7 21:45:02 CET 2019
Ping: 23.919 ms
Download: 269.55 Mbit/s
Upload: 19.73 Mbit/s
Thu Mar  7 22:45:01 CET 2019
Ping: 23.575 ms
Download: 109.48 Mbit/s
Upload: 19.35 Mbit/s
Thu Mar  7 23:45:01 CET 2019
Ping: 25.52 ms
Download: 191.16 Mbit/s
Upload: 19.17 Mbit/s
Fri Mar  8 00:45:01 CET 2019
Ping: 24.896 ms
Download: 230.45 Mbit/s
Upload: 19.31 Mbit/s
Fri Mar  8 01:45:01 CET 2019
Ping: 26.347 ms
Download: 0.62 Mbit/s
Upload: 0.89 Mbit/s
Fri Mar  8 02:45:01 CET 2019
Ping: 22.928 ms
Download: 253.53 Mbit/s
Upload: 19.40 Mbit/s
Fri Mar  8 03:45:01 CET 2019
Ping: 24.399 ms
Download: 111.98 Mbit/s
Upload: 19.71 Mbit/s
Fri Mar  8 04:45:01 CET 2019
Ping: 22.738 ms
Download: 69.87 Mbit/s
Upload: 19.86 Mbit/s
Fri Mar  8 05:45:01 CET 2019
Ping: 23.285 ms
Download: 273.60 Mbit/s
Upload: 19.83 Mbit/s
Fri Mar  8 06:45:01 CET 2019
Ping: 24.004 ms
Download: 282.69 Mbit/s
Upload: 19.12 Mbit/s
Fri Mar  8 07:45:01 CET 2019
Ping: 22.567 ms
Download: 200.32 Mbit/s
Upload: 15.82 Mbit/s
Fri Mar  8 08:45:01 CET 2019
Ping: 24.367 ms
Download: 272.37 Mbit/s
Upload: 19.85 Mbit/s
Fri Mar  8 09:45:01 CET 2019
Ping: 23.8 ms
Download: 235.09 Mbit/s
Upload: 19.16 Mbit/s
Fri Mar  8 10:45:01 CET 2019
Ping: 24.671 ms
Download: 253.87 Mbit/s
Upload: 19.62 Mbit/s
Fri Mar  8 11:45:01 CET 2019
Ping: 24.055 ms
Download: 230.37 Mbit/s
Upload: 19.48 Mbit/s
Fri Mar  8 12:45:01 CET 2019
Ping: 23.049 ms
Download: 134.21 Mbit/s
Upload: 19.47 Mbit/s
Fri Mar  8 13:45:01 CET 2019
Ping: 23.42 ms
Download: 133.05 Mbit/s
Upload: 19.76 Mbit/s
Fri Mar  8 14:45:02 CET 2019
Ping: 23.399 ms
Download: 240.14 Mbit/s
Upload: 19.49 Mbit/s
Fri Mar  8 15:45:01 CET 2019
Ping: 23.797 ms
Download: 144.19 Mbit/s
Upload: 19.91 Mbit/s
Fri Mar  8 16:45:01 CET 2019
Ping: 23.875 ms
Download: 269.86 Mbit/s
Upload: 18.88 Mbit/s
Fri Mar  8 17:45:01 CET 2019
Ping: 24.247 ms
Download: 266.91 Mbit/s
Upload: 19.47 Mbit/s
Fri Mar  8 18:45:01 CET 2019
Ping: 24.973 ms
Download: 260.79 Mbit/s
Upload: 19.52 Mbit/s
Fri Mar  8 19:45:01 CET 2019
Ping: 23.392 ms
Download: 143.90 Mbit/s
Upload: 18.94 Mbit/s
Fri Mar  8 20:45:01 CET 2019
Ping: 23.649 ms
Download: 237.39 Mbit/s
Upload: 19.53 Mbit/s
Fri Mar  8 21:45:01 CET 2019
Ping: 24.896 ms
Download: 134.82 Mbit/s
Upload: 19.31 Mbit/s
Fri Mar  8 22:45:01 CET 2019
Ping: 24.654 ms
Download: 113.31 Mbit/s
Upload: 19.15 Mbit/s
Fri Mar  8 23:45:01 CET 2019
Ping: 24.221 ms
Download: 233.57 Mbit/s
Upload: 19.72 Mbit/s
Sat Mar  9 00:45:01 CET 2019
Ping: 24.145 ms
Download: 149.63 Mbit/s
Upload: 19.71 Mbit/s
Sat Mar  9 01:45:01 CET 2019
Ping: 22.384 ms
Download: 173.41 Mbit/s
Upload: 19.68 Mbit/s
Sat Mar  9 02:45:01 CET 2019
Ping: 24.255 ms
Download: 234.86 Mbit/s
Upload: 19.76 Mbit/s
Sat Mar  9 03:45:01 CET 2019
Ping: 23.568 ms
Download: 125.56 Mbit/s
Upload: 19.73 Mbit/s
Sat Mar  9 04:45:01 CET 2019
Ping: 23.434 ms
Download: 87.05 Mbit/s
Upload: 19.92 Mbit/s
Sat Mar  9 05:45:01 CET 2019
Ping: 23.523 ms
Download: 241.43 Mbit/s
Upload: 19.80 Mbit/s
Sat Mar  9 06:45:01 CET 2019
Ping: 22.572 ms
Download: 156.12 Mbit/s
Upload: 19.60 Mbit/s
Sat Mar  9 07:45:01 CET 2019
Ping: 22.244 ms
Download: 244.12 Mbit/s
Upload: 19.55 Mbit/s
Sat Mar  9 08:45:01 CET 2019
Ping: 22.928 ms
Download: 164.13 Mbit/s
Upload: 19.24 Mbit/s
Sat Mar  9 09:45:01 CET 2019
Ping: 24.695 ms
Download: 219.78 Mbit/s
Upload: 19.22 Mbit/s
Sat Mar  9 10:45:01 CET 2019
Ping: 24.243 ms
Download: 182.63 Mbit/s
Upload: 19.36 Mbit/s
Sat Mar  9 11:45:01 CET 2019
Ping: 23.752 ms
Download: 147.34 Mbit/s
Upload: 19.49 Mbit/s
Sat Mar  9 12:45:01 CET 2019
Ping: 22.63 ms
Download: 238.64 Mbit/s
Upload: 19.63 Mbit/s
Sat Mar  9 13:45:01 CET 2019
Ping: 24.213 ms
Download: 147.92 Mbit/s
Upload: 19.60 Mbit/s
Sat Mar  9 14:45:01 CET 2019
Ping: 24.058 ms
Download: 82.41 Mbit/s
Upload: 19.61 Mbit/s
Sat Mar  9 15:45:01 CET 2019
Ping: 23.244 ms
Download: 67.63 Mbit/s
Upload: 19.04 Mbit/s
Sat Mar  9 16:45:01 CET 2019
Ping: 24.23 ms
Download: 238.07 Mbit/s
Upload: 19.54 Mbit/s
Sat Mar  9 17:45:01 CET 2019
Ping: 25.528 ms
Download: 227.92 Mbit/s
Upload: 19.05 Mbit/s
Sat Mar  9 18:45:02 CET 2019
Ping: 22.886 ms
Download: 261.20 Mbit/s
Upload: 19.44 Mbit/s
Sat Mar  9 19:45:01 CET 2019
Ping: 23.018 ms
Download: 114.19 Mbit/s
Upload: 17.90 Mbit/s
Sat Mar  9 20:45:02 CET 2019
Ping: 24.057 ms
Download: 111.98 Mbit/s
Upload: 19.33 Mbit/s
Sat Mar  9 21:45:02 CET 2019
Ping: 25.04 ms
Download: 83.95 Mbit/s
Upload: 19.64 Mbit/s
Sat Mar  9 22:45:01 CET 2019
Ping: 25.092 ms
Download: 117.04 Mbit/s
Upload: 19.28 Mbit/s
Sat Mar  9 23:45:01 CET 2019
Ping: 23.293 ms
Download: 247.65 Mbit/s
Upload: 19.15 Mbit/s
Sun Mar 10 00:45:01 CET 2019
Ping: 24.064 ms
Download: 208.30 Mbit/s
Upload: 19.40 Mbit/s
Sun Mar 10 01:45:01 CET 2019
Ping: 22.675 ms
Download: 217.95 Mbit/s
Upload: 19.38 Mbit/s
Sun Mar 10 02:45:01 CET 2019
Ping: 23.671 ms
Download: 139.07 Mbit/s
Upload: 19.06 Mbit/s
Sun Mar 10 03:45:01 CET 2019
Ping: 23.403 ms
Download: 90.19 Mbit/s
Upload: 19.41 Mbit/s
Sun Mar 10 04:45:01 CET 2019
Ping: 22.853 ms
Download: 84.13 Mbit/s
Upload: 19.29 Mbit/s
Sun Mar 10 05:45:01 CET 2019
Ping: 23.225 ms
Download: 85.12 Mbit/s
Upload: 19.82 Mbit/s
Sun Mar 10 06:45:02 CET 2019
Ping: 26.759 ms
Download: 242.18 Mbit/s
Upload: 19.28 Mbit/s
Sun Mar 10 07:45:01 CET 2019
Ping: 25.208 ms
Download: 102.23 Mbit/s
Upload: 18.81 Mbit/s
Sun Mar 10 08:45:01 CET 2019
Ping: 24.331 ms
Download: 214.84 Mbit/s
Upload: 19.51 Mbit/s
Sun Mar 10 09:45:01 CET 2019
Ping: 24.792 ms
Download: 200.52 Mbit/s
Upload: 19.74 Mbit/s
Sun Mar 10 10:45:01 CET 2019
Ping: 24.38 ms
Download: 105.41 Mbit/s
Upload: 19.59 Mbit/s
Sun Mar 10 11:45:01 CET 2019
Ping: 23.225 ms
Download: 83.52 Mbit/s
Upload: 19.21 Mbit/s
Sun Mar 10 12:45:01 CET 2019
Ping: 23.939 ms
Download: 86.36 Mbit/s
Upload: 19.52 Mbit/s
Sun Mar 10 13:45:01 CET 2019
Ping: 23.225 ms
Download: 91.34 Mbit/s
Upload: 18.75 Mbit/s
Sun Mar 10 14:45:01 CET 2019
Ping: 26.591 ms
Download: 90.65 Mbit/s
Upload: 19.17 Mbit/s
Sun Mar 10 15:45:01 CET 2019
Ping: 23.086 ms
Download: 203.66 Mbit/s
Upload: 19.68 Mbit/s
Sun Mar 10 16:45:02 CET 2019
Ping: 24.273 ms
Download: 124.46 Mbit/s
Upload: 19.03 Mbit/s
Sun Mar 10 17:45:02 CET 2019
Ping: 24.872 ms
Download: 146.32 Mbit/s
Upload: 19.20 Mbit/s
Sun Mar 10 18:45:01 CET 2019
Ping: 24.093 ms
Download: 247.15 Mbit/s
Upload: 19.43 Mbit/s
Sun Mar 10 19:45:01 CET 2019
Ping: 24.048 ms
Download: 118.12 Mbit/s
Upload: 19.34 Mbit/s
Sun Mar 10 20:45:01 CET 2019
Ping: 22.976 ms
Download: 162.16 Mbit/s
Upload: 19.68 Mbit/s
Sun Mar 10 21:45:01 CET 2019
Ping: 23.89 ms
Download: 263.44 Mbit/s
Upload: 18.48 Mbit/s
Sun Mar 10 22:45:01 CET 2019
Ping: 23.339 ms
Download: 144.46 Mbit/s
Upload: 19.03 Mbit/s
Sun Mar 10 23:45:01 CET 2019
Ping: 23.809 ms
Download: 277.40 Mbit/s
Upload: 19.64 Mbit/s
Mon Mar 11 00:45:01 CET 2019
Ping: 23.628 ms
Download: 130.43 Mbit/s
Upload: 19.80 Mbit/s
Mon Mar 11 01:45:01 CET 2019
Ping: 23.406 ms
Download: 59.97 Mbit/s
Upload: 19.31 Mbit/s
Mon Mar 11 02:45:01 CET 2019
Ping: 25.446 ms
Download: 232.19 Mbit/s
Upload: 19.63 Mbit/s
Mon Mar 11 03:45:01 CET 2019
Ping: 23.23 ms
Download: 124.39 Mbit/s
Upload: 19.19 Mbit/s
Mon Mar 11 04:45:02 CET 2019
Ping: 23.554 ms
Download: 82.12 Mbit/s
Upload: 19.40 Mbit/s
Mon Mar 11 05:45:01 CET 2019
Ping: 22.714 ms
Download: 229.40 Mbit/s
Upload: 19.71 Mbit/s
Mon Mar 11 06:45:01 CET 2019
Ping: 23.412 ms
Download: 120.41 Mbit/s
Upload: 19.53 Mbit/s
Mon Mar 11 07:45:01 CET 2019
Ping: 24.051 ms
Download: 82.26 Mbit/s
Upload: 19.35 Mbit/s
Mon Mar 11 08:45:01 CET 2019
Ping: 23.504 ms
Download: 69.52 Mbit/s
Upload: 19.36 Mbit/s
Mon Mar 11 09:45:01 CET 2019
Ping: 23.519 ms
Download: 100.06 Mbit/s
Upload: 19.16 Mbit/s
Mon Mar 11 10:45:01 CET 2019
Ping: 23.057 ms
Download: 80.18 Mbit/s
Upload: 19.44 Mbit/s
Mon Mar 11 11:45:01 CET 2019
Ping: 23.403 ms
Download: 225.13 Mbit/s
Upload: 19.51 Mbit/s
Mon Mar 11 12:45:02 CET 2019
Ping: 23.119 ms
Download: 178.47 Mbit/s
Upload: 19.34 Mbit/s
Mon Mar 11 13:45:01 CET 2019
Ping: 23.541 ms
Download: 84.57 Mbit/s
Upload: 19.44 Mbit/s
Mon Mar 11 14:45:01 CET 2019
Ping: 24.962 ms
Download: 260.42 Mbit/s
Upload: 19.22 Mbit/s
Mon Mar 11 15:45:01 CET 2019
Ping: 22.876 ms
Download: 142.55 Mbit/s
Upload: 19.19 Mbit/s
Mon Mar 11 16:45:01 CET 2019
Ping: 24.493 ms
Download: 93.15 Mbit/s
Upload: 19.09 Mbit/s
Mon Mar 11 17:45:02 CET 2019
Ping: 26.772 ms
Download: 261.39 Mbit/s
Upload: 19.05 Mbit/s
Mon Mar 11 18:45:01 CET 2019
Ping: 23.182 ms
Download: 243.91 Mbit/s
Upload: 19.45 Mbit/s
Mon Mar 11 19:45:01 CET 2019
Ping: 24.306 ms
Download: 151.72 Mbit/s
Upload: 19.57 Mbit/s
Mon Mar 11 20:45:01 CET 2019
Ping: 22.841 ms
Download: 252.68 Mbit/s
Upload: 18.29 Mbit/s
Mon Mar 11 21:45:01 CET 2019
Ping: 24.227 ms
Download: 154.24 Mbit/s
Upload: 19.13 Mbit/s
Mon Mar 11 22:45:01 CET 2019
Ping: 26.943 ms
Download: 231.87 Mbit/s
Upload: 19.12 Mbit/s
Mon Mar 11 23:45:01 CET 2019
Ping: 22.799 ms
Download: 276.68 Mbit/s
Upload: 19.86 Mbit/s
Tue Mar 12 00:45:01 CET 2019
Ping: 22.538 ms
Download: 196.88 Mbit/s
Upload: 19.61 Mbit/s
Tue Mar 12 01:45:01 CET 2019
Ping: 23.727 ms
Download: 105.12 Mbit/s
Upload: 19.60 Mbit/s
Tue Mar 12 02:45:01 CET 2019
Ping: 23.396 ms
Download: 85.23 Mbit/s
Upload: 19.37 Mbit/s
Tue Mar 12 03:45:01 CET 2019
Ping: 22.737 ms
Download: 93.34 Mbit/s
Upload: 19.65 Mbit/s
Tue Mar 12 04:45:01 CET 2019
Ping: 23.068 ms
Download: 240.56 Mbit/s
Upload: 19.52 Mbit/s
Tue Mar 12 05:45:01 CET 2019
Ping: 22.917 ms
Download: 118.00 Mbit/s
Upload: 19.52 Mbit/s
Tue Mar 12 06:45:01 CET 2019
Ping: 23.137 ms
Download: 94.28 Mbit/s
Upload: 19.43 Mbit/s
Tue Mar 12 07:45:01 CET 2019
Ping: 24.557 ms
Download: 222.22 Mbit/s
Upload: 19.20 Mbit/s
Tue Mar 12 08:45:01 CET 2019
Ping: 22.887 ms
Download: 138.91 Mbit/s
Upload: 19.48 Mbit/s
Tue Mar 12 09:45:01 CET 2019
Ping: 25.029 ms
Download: 259.50 Mbit/s
Upload: 19.80 Mbit/s
Tue Mar 12 10:45:01 CET 2019
Ping: 23.894 ms
Download: 167.48 Mbit/s
Upload: 19.54 Mbit/s
Tue Mar 12 11:45:01 CET 2019
Ping: 23.81 ms
Download: 141.04 Mbit/s
Upload: 19.60 Mbit/s
Tue Mar 12 12:45:01 CET 2019
Ping: 23.09 ms
Download: 160.25 Mbit/s
Upload: 19.09 Mbit/s
Tue Mar 12 13:45:01 CET 2019
Ping: 23.585 ms
Download: 150.80 Mbit/s
Upload: 19.43 Mbit/s
Tue Mar 12 14:45:02 CET 2019
Ping: 23.203 ms
Download: 265.19 Mbit/s
Upload: 19.87 Mbit/s
Tue Mar 12 15:45:01 CET 2019
Ping: 23.131 ms
Download: 261.95 Mbit/s
Upload: 19.68 Mbit/s
Tue Mar 12 16:45:02 CET 2019
Ping: 23.433 ms
Download: 141.96 Mbit/s
Upload: 19.83 Mbit/s
Tue Mar 12 17:45:01 CET 2019
Ping: 24.17 ms
Download: 194.84 Mbit/s
Upload: 19.71 Mbit/s
Tue Mar 12 18:45:01 CET 2019
Ping: 23.233 ms
Download: 145.24 Mbit/s
Upload: 19.72 Mbit/s
Tue Mar 12 19:45:01 CET 2019
Ping: 25.193 ms
Download: 237.01 Mbit/s
Upload: 19.80 Mbit/s
Tue Mar 12 20:45:01 CET 2019
Ping: 25.373 ms
Download: 224.32 Mbit/s
Upload: 19.15 Mbit/s
Tue Mar 12 21:45:01 CET 2019
Ping: 22.902 ms
Download: 234.89 Mbit/s
Upload: 19.22 Mbit/s
Tue Mar 12 22:45:01 CET 2019
Ping: 23.035 ms
Download: 225.57 Mbit/s
Upload: 19.40 Mbit/s
Tue Mar 12 23:45:01 CET 2019
Ping: 24.333 ms
Download: 195.95 Mbit/s
Upload: 19.75 Mbit/s
Wed Mar 13 00:45:01 CET 2019
Ping: 25.266 ms
Download: 238.73 Mbit/s
Upload: 19.71 Mbit/s
Wed Mar 13 01:45:01 CET 2019
Ping: 22.841 ms
Download: 112.09 Mbit/s
Upload: 19.68 Mbit/s
Wed Mar 13 02:45:01 CET 2019
Ping: 24.607 ms
Download: 198.32 Mbit/s
Upload: 19.69 Mbit/s
Wed Mar 13 03:45:01 CET 2019
Ping: 22.93 ms
Download: 270.85 Mbit/s
Upload: 19.42 Mbit/s
Wed Mar 13 04:45:01 CET 2019
Ping: 22.959 ms
Download: 197.94 Mbit/s
Upload: 19.62 Mbit/s
Wed Mar 13 05:45:01 CET 2019
Ping: 23.886 ms
Download: 93.94 Mbit/s
Upload: 19.10 Mbit/s
Wed Mar 13 06:45:01 CET 2019
Ping: 23.414 ms
Download: 250.83 Mbit/s
Upload: 19.66 Mbit/s
Wed Mar 13 07:45:01 CET 2019
Ping: 22.249 ms
Download: 242.55 Mbit/s
Upload: 19.84 Mbit/s
Wed Mar 13 08:45:01 CET 2019
Ping: 23.541 ms
Download: 225.38 Mbit/s
Upload: 19.60 Mbit/s
Wed Mar 13 09:45:01 CET 2019
Ping: 23.243 ms
Download: 180.61 Mbit/s
Upload: 19.85 Mbit/s
Wed Mar 13 10:45:01 CET 2019
Ping: 26.253 ms
Download: 276.69 Mbit/s
Upload: 19.80 Mbit/s
Wed Mar 13 11:45:02 CET 2019
Ping: 25.027 ms
Download: 107.90 Mbit/s
Upload: 18.81 Mbit/s
Wed Mar 13 12:45:01 CET 2019
Ping: 23.069 ms
Download: 77.81 Mbit/s
Upload: 19.76 Mbit/s
Wed Mar 13 13:45:01 CET 2019
Ping: 22.752 ms
Download: 243.54 Mbit/s
Upload: 19.75 Mbit/s
Wed Mar 13 14:45:01 CET 2019
Ping: 23.353 ms
Download: 117.05 Mbit/s
Upload: 19.05 Mbit/s
Wed Mar 13 15:45:01 CET 2019
Ping: 22.688 ms
Download: 261.65 Mbit/s
Upload: 19.24 Mbit/s
Wed Mar 13 16:45:01 CET 2019
Ping: 23.608 ms
Download: 232.17 Mbit/s
Upload: 19.20 Mbit/s
Wed Mar 13 17:45:01 CET 2019
Ping: 24.676 ms
Download: 137.82 Mbit/s
Upload: 19.64 Mbit/s
Wed Mar 13 18:45:01 CET 2019
Ping: 22.311 ms
Download: 90.20 Mbit/s
Upload: 19.51 Mbit/s
Wed Mar 13 19:45:01 CET 2019
Ping: 25.088 ms
Download: 93.11 Mbit/s
Upload: 19.52 Mbit/s
Wed Mar 13 20:45:01 CET 2019
Ping: 23.613 ms
Download: 244.51 Mbit/s
Upload: 19.52 Mbit/s
Wed Mar 13 21:45:02 CET 2019
Ping: 26.021 ms
Download: 96.89 Mbit/s
Upload: 16.26 Mbit/s
Wed Mar 13 22:45:01 CET 2019
Ping: 24.889 ms
Download: 84.37 Mbit/s
Upload: 19.59 Mbit/s
Wed Mar 13 23:45:01 CET 2019
Ping: 25.14 ms
Download: 123.62 Mbit/s
Upload: 19.65 Mbit/s
Thu Mar 14 00:45:01 CET 2019
Ping: 23.363 ms
Download: 148.11 Mbit/s
Upload: 19.10 Mbit/s
Thu Mar 14 01:45:01 CET 2019
Ping: 26.4 ms
Download: 105.48 Mbit/s
Upload: 19.19 Mbit/s
Thu Mar 14 02:45:01 CET 2019
Ping: 24.072 ms
Download: 190.14 Mbit/s
Upload: 19.32 Mbit/s
Thu Mar 14 03:45:02 CET 2019
Ping: 23.299 ms
Download: 126.90 Mbit/s
Upload: 19.81 Mbit/s
Thu Mar 14 04:45:01 CET 2019
Ping: 24.083 ms
Download: 77.54 Mbit/s
Upload: 19.62 Mbit/s
Thu Mar 14 05:45:01 CET 2019
Ping: 23.805 ms
Download: 89.01 Mbit/s
Upload: 18.37 Mbit/s
Thu Mar 14 06:45:01 CET 2019
Ping: 23.363 ms
Download: 235.86 Mbit/s
Upload: 19.37 Mbit/s
Thu Mar 14 07:45:01 CET 2019
Ping: 23.456 ms
Download: 113.46 Mbit/s
Upload: 19.00 Mbit/s
Thu Mar 14 08:45:01 CET 2019
Ping: 22.919 ms
Download: 75.18 Mbit/s
Upload: 19.70 Mbit/s
Thu Mar 14 09:45:01 CET 2019
Ping: 23.501 ms
Download: 235.18 Mbit/s
Upload: 19.85 Mbit/s
Thu Mar 14 10:45:01 CET 2019
Ping: 23.611 ms
Download: 185.25 Mbit/s
Upload: 19.66 Mbit/s
Thu Mar 14 11:45:01 CET 2019
Ping: 23.098 ms
Download: 229.10 Mbit/s
Upload: 19.57 Mbit/s
Thu Mar 14 12:45:01 CET 2019
Ping: 22.52 ms
Download: 239.96 Mbit/s
Upload: 18.86 Mbit/s
Thu Mar 14 13:45:01 CET 2019
Ping: 25.148 ms
Download: 232.60 Mbit/s
Upload: 19.14 Mbit/s
Thu Mar 14 14:45:02 CET 2019
Ping: 23.755 ms
Download: 220.43 Mbit/s
Upload: 19.50 Mbit/s
Thu Mar 14 15:45:01 CET 2019
Ping: 23.656 ms
Download: 132.89 Mbit/s
Upload: 19.36 Mbit/s
Thu Mar 14 16:45:01 CET 2019
Ping: 24.08 ms
Download: 86.02 Mbit/s
Upload: 19.08 Mbit/s
Thu Mar 14 17:45:02 CET 2019
Ping: 24.986 ms
Download: 87.31 Mbit/s
Upload: 19.55 Mbit/s
Thu Mar 14 18:45:01 CET 2019
Ping: 24.026 ms
Download: 246.39 Mbit/s
Upload: 19.29 Mbit/s
Thu Mar 14 19:45:01 CET 2019
Ping: 24.878 ms
Download: 223.42 Mbit/s
Upload: 19.09 Mbit/s
Thu Mar 14 20:45:01 CET 2019
Ping: 24.475 ms
Download: 153.37 Mbit/s
Upload: 19.36 Mbit/s
Thu Mar 14 21:45:01 CET 2019
Ping: 25.42 ms
Download: 250.39 Mbit/s
Upload: 19.74 Mbit/s
Thu Mar 14 22:45:01 CET 2019
Ping: 23.368 ms
Download: 256.04 Mbit/s
Upload: 19.69 Mbit/s
Thu Mar 14 23:45:01 CET 2019
Ping: 24.098 ms
Download: 240.45 Mbit/s
Upload: 19.61 Mbit/s
Fri Mar 15 00:45:01 CET 2019
Ping: 23.564 ms
Download: 164.61 Mbit/s
Upload: 19.52 Mbit/s
Fri Mar 15 01:45:01 CET 2019
Ping: 24.466 ms
Download: 150.84 Mbit/s
Upload: 19.71 Mbit/s
Fri Mar 15 02:45:01 CET 2019
Ping: 23.397 ms
Download: 140.74 Mbit/s
Upload: 19.53 Mbit/s
Fri Mar 15 03:45:01 CET 2019
Ping: 23.274 ms
Download: 217.73 Mbit/s
Upload: 19.86 Mbit/s
Fri Mar 15 04:45:01 CET 2019
Ping: 22.945 ms
Download: 147.49 Mbit/s
Upload: 18.95 Mbit/s
Fri Mar 15 05:45:01 CET 2019
Ping: 24.918 ms
Download: 229.19 Mbit/s
Upload: 19.71 Mbit/s
Fri Mar 15 06:45:01 CET 2019
Ping: 23.158 ms
Download: 234.08 Mbit/s
Upload: 19.44 Mbit/s
Fri Mar 15 07:45:01 CET 2019
Ping: 22.643 ms
Download: 238.20 Mbit/s
Upload: 19.42 Mbit/s
Fri Mar 15 08:45:01 CET 2019
Ping: 23.36 ms
Download: 112.14 Mbit/s
Upload: 19.45 Mbit/s
Fri Mar 15 09:45:02 CET 2019
Ping: 24.858 ms
Download: 88.28 Mbit/s
Upload: 19.69 Mbit/s
Fri Mar 15 10:45:01 CET 2019
Ping: 24.05 ms
Download: 88.33 Mbit/s
Upload: 19.86 Mbit/s
Fri Mar 15 11:45:01 CET 2019
Ping: 24.274 ms
Download: 206.13 Mbit/s
Upload: 19.52 Mbit/s
Fri Mar 15 12:45:01 CET 2019
Ping: 23.977 ms
Download: 220.69 Mbit/s
Upload: 19.52 Mbit/s
Fri Mar 15 13:45:01 CET 2019
Ping: 23.205 ms
Download: 164.72 Mbit/s
Upload: 19.41 Mbit/s
Fri Mar 15 14:45:01 CET 2019
Ping: 23.936 ms
Download: 126.05 Mbit/s
Upload: 19.16 Mbit/s
Fri Mar 15 15:45:01 CET 2019
Ping: 24.369 ms
Download: 202.37 Mbit/s
Upload: 19.65 Mbit/s
Fri Mar 15 16:45:01 CET 2019
Ping: 23.164 ms
Download: 151.40 Mbit/s
Upload: 19.02 Mbit/s
Fri Mar 15 17:45:01 CET 2019
Ping: 23.254 ms
Download: 263.94 Mbit/s
Upload: 19.16 Mbit/s
Fri Mar 15 18:45:01 CET 2019
Ping: 23.294 ms
Download: 119.36 Mbit/s
Upload: 19.47 Mbit/s
Fri Mar 15 19:45:01 CET 2019
Ping: 23.664 ms
Download: 259.01 Mbit/s
Upload: 19.33 Mbit/s
Fri Mar 15 20:45:01 CET 2019
Ping: 23.084 ms
Download: 132.06 Mbit/s
Upload: 19.74 Mbit/s
Fri Mar 15 21:45:01 CET 2019
Ping: 27.22 ms
Download: 217.09 Mbit/s
Upload: 19.23 Mbit/s
Fri Mar 15 22:45:01 CET 2019
Ping: 23.012 ms
Download: 228.23 Mbit/s
Upload: 19.27 Mbit/s
Fri Mar 15 23:45:01 CET 2019
Ping: 23.676 ms
Download: 267.71 Mbit/s
Upload: 19.60 Mbit/s
Sat Mar 16 00:45:01 CET 2019
Ping: 22.886 ms
Download: 111.49 Mbit/s
Upload: 19.59 Mbit/s
Sat Mar 16 01:45:01 CET 2019
Ping: 22.454 ms
Download: 254.28 Mbit/s
Upload: 19.83 Mbit/s
Sat Mar 16 02:45:01 CET 2019
Ping: 23.752 ms
Download: 152.84 Mbit/s
Upload: 19.77 Mbit/s
Sat Mar 16 03:45:01 CET 2019
Ping: 23.077 ms
Download: 144.63 Mbit/s
Upload: 19.56 Mbit/s
Sat Mar 16 04:45:01 CET 2019
Ping: 23.039 ms
Download: 149.27 Mbit/s
Upload: 19.40 Mbit/s
Sat Mar 16 05:45:01 CET 2019
Ping: 23.744 ms
Download: 116.99 Mbit/s
Upload: 19.21 Mbit/s
Sat Mar 16 06:45:01 CET 2019
Ping: 23.186 ms
Download: 104.52 Mbit/s
Upload: 19.60 Mbit/s
Sat Mar 16 07:45:01 CET 2019
Ping: 23.093 ms
Download: 180.47 Mbit/s
Upload: 19.52 Mbit/s
Sat Mar 16 08:45:01 CET 2019
Ping: 23.234 ms
Download: 85.25 Mbit/s
Upload: 19.68 Mbit/s
Sat Mar 16 09:45:01 CET 2019
Ping: 23.536 ms
Download: 224.31 Mbit/s
Upload: 19.57 Mbit/s
Sat Mar 16 10:45:01 CET 2019
Ping: 23.634 ms
Download: 195.28 Mbit/s
Upload: 19.61 Mbit/s
Sat Mar 16 11:45:01 CET 2019
Ping: 23.148 ms
Download: 255.75 Mbit/s
Upload: 19.69 Mbit/s
Sat Mar 16 12:45:01 CET 2019
Ping: 24.444 ms
Download: 87.42 Mbit/s
Upload: 18.48 Mbit/s
Sat Mar 16 13:45:01 CET 2019
Ping: 23.406 ms
Download: 81.82 Mbit/s
Upload: 18.76 Mbit/s
Sat Mar 16 14:45:01 CET 2019
Ping: 22.999 ms
Download: 100.01 Mbit/s
Upload: 17.94 Mbit/s
Sat Mar 16 15:45:01 CET 2019
Ping: 23.418 ms
Download: 94.68 Mbit/s
Upload: 19.36 Mbit/s
Sat Mar 16 16:45:01 CET 2019
Ping: 23.794 ms
Download: 233.80 Mbit/s
Upload: 19.31 Mbit/s
Sat Mar 16 17:45:02 CET 2019
Ping: 23.895 ms
Download: 170.96 Mbit/s
Upload: 19.50 Mbit/s
Sat Mar 16 18:45:01 CET 2019
Ping: 23.481 ms
Download: 134.45 Mbit/s
Upload: 19.46 Mbit/s
Sat Mar 16 19:45:01 CET 2019
Ping: 23.906 ms
Download: 176.80 Mbit/s
Upload: 19.56 Mbit/s
Sat Mar 16 20:45:01 CET 2019
Ping: 24.085 ms
Download: 254.82 Mbit/s
Upload: 19.42 Mbit/s
Sat Mar 16 21:45:01 CET 2019
Ping: 23.737 ms
Download: 123.90 Mbit/s
Upload: 19.52 Mbit/s
Sat Mar 16 22:45:01 CET 2019
Ping: 24.584 ms
Download: 228.35 Mbit/s
Upload: 18.85 Mbit/s
Sat Mar 16 23:45:01 CET 2019
Ping: 26.578 ms
Download: 232.48 Mbit/s
Upload: 19.61 Mbit/s
Sun Mar 17 00:45:01 CET 2019
Ping: 23.895 ms
Download: 215.13 Mbit/s
Upload: 19.83 Mbit/s
Sun Mar 17 01:45:01 CET 2019
Ping: 24.113 ms
Download: 225.11 Mbit/s
Upload: 19.70 Mbit/s
Sun Mar 17 02:45:01 CET 2019
Ping: 25.397 ms
Download: 109.40 Mbit/s
Upload: 19.16 Mbit/s
Sun Mar 17 03:45:01 CET 2019
Ping: 24.223 ms
Download: 193.40 Mbit/s
Upload: 19.59 Mbit/s
Sun Mar 17 04:45:01 CET 2019
Ping: 22.883 ms
Download: 163.62 Mbit/s
Upload: 19.17 Mbit/s
Sun Mar 17 05:45:01 CET 2019
Ping: 24.412 ms
Download: 226.66 Mbit/s
Upload: 19.36 Mbit/s
Sun Mar 17 06:45:01 CET 2019
Ping: 23.087 ms
Download: 225.76 Mbit/s
Upload: 19.60 Mbit/s
Sun Mar 17 07:45:01 CET 2019
Ping: 23.331 ms
Download: 234.17 Mbit/s
Upload: 19.90 Mbit/s
Sun Mar 17 08:45:01 CET 2019
Ping: 23.64 ms
Download: 221.15 Mbit/s
Upload: 19.44 Mbit/s
Sun Mar 17 09:45:01 CET 2019
Ping: 23.106 ms
Download: 199.30 Mbit/s
Upload: 19.76 Mbit/s
Sun Mar 17 10:45:01 CET 2019
Ping: 24.056 ms
Download: 161.87 Mbit/s
Upload: 19.46 Mbit/s
Sun Mar 17 11:45:01 CET 2019
Ping: 25.357 ms
Download: 112.36 Mbit/s
Upload: 18.72 Mbit/s
Sun Mar 17 12:45:01 CET 2019
Ping: 24.337 ms
Download: 137.26 Mbit/s
Upload: 19.16 Mbit/s
Sun Mar 17 13:45:01 CET 2019
Ping: 24.228 ms
Download: 68.24 Mbit/s
Upload: 19.63 Mbit/s
Sun Mar 17 14:45:01 CET 2019
Ping: 24.771 ms
Download: 68.72 Mbit/s
Upload: 18.02 Mbit/s
Sun Mar 17 15:45:02 CET 2019
Ping: 24.799 ms
Download: 65.81 Mbit/s
Upload: 19.07 Mbit/s
Sun Mar 17 16:45:01 CET 2019
Ping: 25.535 ms
Download: 63.03 Mbit/s
Upload: 19.59 Mbit/s
Sun Mar 17 17:45:01 CET 2019
Ping: 28.428 ms
Download: 47.14 Mbit/s
Upload: 19.46 Mbit/s
Sun Mar 17 18:45:01 CET 2019
Ping: 32.088 ms
Download: 130.77 Mbit/s
Upload: 19.27 Mbit/s
Sun Mar 17 19:45:01 CET 2019
Ping: 23.261 ms
Download: 204.12 Mbit/s
Upload: 19.53 Mbit/s
Sun Mar 17 20:45:01 CET 2019
Ping: 25.062 ms
Download: 204.32 Mbit/s
Upload: 19.84 Mbit/s
Sun Mar 17 21:45:01 CET 2019
Ping: 24.729 ms
Download: 183.67 Mbit/s
Upload: 19.77 Mbit/s
Sun Mar 17 22:45:01 CET 2019
Ping: 23.797 ms
Download: 129.31 Mbit/s
Upload: 19.21 Mbit/s
Sun Mar 17 23:45:01 CET 2019
Ping: 27.054 ms
Download: 200.56 Mbit/s
Upload: 19.66 Mbit/s
Mon Mar 18 00:45:01 CET 2019
Ping: 24.406 ms
Download: 180.81 Mbit/s
Upload: 19.71 Mbit/s
Mon Mar 18 01:45:01 CET 2019
Ping: 25.439 ms
Download: 239.38 Mbit/s
Upload: 19.57 Mbit/s
Mon Mar 18 02:45:02 CET 2019
Ping: 24.066 ms
Download: 223.97 Mbit/s
Upload: 19.39 Mbit/s
Mon Mar 18 03:45:02 CET 2019
Ping: 24.031 ms
Download: 227.23 Mbit/s
Upload: 19.81 Mbit/s
Mon Mar 18 04:45:01 CET 2019
Ping: 25.317 ms
Download: 234.02 Mbit/s
Upload: 19.09 Mbit/s
Mon Mar 18 05:45:01 CET 2019
Ping: 24.436 ms
Download: 144.55 Mbit/s
Upload: 18.74 Mbit/s
Mon Mar 18 06:45:01 CET 2019
Ping: 24.716 ms
Download: 232.60 Mbit/s
Upload: 19.55 Mbit/s
Mon Mar 18 07:45:01 CET 2019
Ping: 25.512 ms
Download: 234.59 Mbit/s
Upload: 19.53 Mbit/s
Mon Mar 18 08:45:01 CET 2019
Ping: 25.324 ms
Download: 239.38 Mbit/s
Upload: 19.50 Mbit/s
Mon Mar 18 09:45:02 CET 2019
Ping: 23.641 ms
Download: 240.27 Mbit/s
Upload: 19.67 Mbit/s
Mon Mar 18 10:45:01 CET 2019
Ping: 24.181 ms
Download: 208.59 Mbit/s
Upload: 19.27 Mbit/s
Mon Mar 18 11:45:01 CET 2019
Ping: 25.45 ms
Download: 225.81 Mbit/s
Upload: 19.86 Mbit/s
Mon Mar 18 12:45:01 CET 2019
Ping: 26.324 ms
Download: 98.27 Mbit/s
Upload: 19.03 Mbit/s
Mon Mar 18 13:45:01 CET 2019
Ping: 27.513 ms
Download: 216.99 Mbit/s
Upload: 18.56 Mbit/s
Mon Mar 18 14:45:01 CET 2019
Ping: 25.003 ms
Download: 131.29 Mbit/s
Upload: 17.63 Mbit/s
Mon Mar 18 15:45:02 CET 2019
Ping: 30.256 ms
Download: 220.10 Mbit/s
Upload: 19.48 Mbit/s
Mon Mar 18 16:45:01 CET 2019
Ping: 31.321 ms
Download: 0.47 Mbit/s
Upload: 0.25 Mbit/s
Mon Mar 18 17:45:01 CET 2019
Ping: 28.201 ms
Download: 220.98 Mbit/s
Upload: 19.29 Mbit/s
Mon Mar 18 18:45:01 CET 2019
Ping: 26.61 ms
Download: 188.30 Mbit/s
Upload: 19.22 Mbit/s
Mon Mar 18 19:45:02 CET 2019
Ping: 24.324 ms
Download: 195.26 Mbit/s
Upload: 19.53 Mbit/s
Mon Mar 18 20:45:01 CET 2019
Ping: 23.81 ms
Download: 220.94 Mbit/s
Upload: 19.48 Mbit/s
Mon Mar 18 21:45:02 CET 2019
Ping: 30.062 ms
Download: 0.48 Mbit/s
Upload: 0.52 Mbit/s
Mon Mar 18 22:45:02 CET 2019
Ping: 23.998 ms
Download: 161.63 Mbit/s
Upload: 19.15 Mbit/s
Mon Mar 18 23:45:02 CET 2019
Ping: 24.677 ms
Download: 187.98 Mbit/s
Upload: 19.07 Mbit/s
Tue Mar 19 00:45:01 CET 2019
Ping: 26.219 ms
Download: 234.09 Mbit/s
Upload: 19.84 Mbit/s
Tue Mar 19 01:45:02 CET 2019
Ping: 24.837 ms
Download: 86.13 Mbit/s
Upload: 18.51 Mbit/s
Tue Mar 19 02:45:01 CET 2019
Ping: 23.705 ms
Download: 165.60 Mbit/s
Upload: 19.76 Mbit/s
Tue Mar 19 03:45:01 CET 2019
Ping: 23.681 ms
Download: 44.91 Mbit/s
Upload: 19.23 Mbit/s
Tue Mar 19 04:45:01 CET 2019
Ping: 23.39 ms
Download: 133.18 Mbit/s
Upload: 19.55 Mbit/s
Tue Mar 19 05:45:02 CET 2019
Ping: 24.674 ms
Download: 233.26 Mbit/s
Upload: 19.30 Mbit/s
Tue Mar 19 06:45:01 CET 2019
Ping: 23.354 ms
Download: 155.12 Mbit/s
Upload: 18.92 Mbit/s
Tue Mar 19 07:45:01 CET 2019
Ping: 24.488 ms
Download: 243.54 Mbit/s
Upload: 19.60 Mbit/s
Tue Mar 19 08:45:01 CET 2019
Ping: 23.558 ms
Download: 199.18 Mbit/s
Upload: 18.97 Mbit/s
Tue Mar 19 09:45:01 CET 2019
Ping: 25.377 ms
Download: 192.88 Mbit/s
Upload: 19.21 Mbit/s
Tue Mar 19 10:45:01 CET 2019
Ping: 23.064 ms
Download: 217.17 Mbit/s
Upload: 19.41 Mbit/s
Tue Mar 19 11:45:01 CET 2019
Ping: 23.668 ms
Download: 162.12 Mbit/s
Upload: 19.51 Mbit/s
Tue Mar 19 12:45:01 CET 2019
Ping: 23.127 ms
Download: 221.32 Mbit/s
Upload: 19.13 Mbit/s
Tue Mar 19 13:45:01 CET 2019
Ping: 25.329 ms
Download: 224.18 Mbit/s
Upload: 19.52 Mbit/s
Tue Mar 19 14:45:01 CET 2019
Ping: 23.62 ms
Download: 267.23 Mbit/s
Upload: 19.52 Mbit/s
Tue Mar 19 15:45:01 CET 2019
Ping: 24.159 ms
Download: 213.87 Mbit/s
Upload: 19.47 Mbit/s
Tue Mar 19 16:45:01 CET 2019
Ping: 25.123 ms
Download: 242.40 Mbit/s
Upload: 19.44 Mbit/s
Tue Mar 19 17:45:01 CET 2019
Ping: 23.017 ms
Download: 166.82 Mbit/s
Upload: 19.72 Mbit/s
Tue Mar 19 18:45:01 CET 2019
Ping: 22.503 ms
Download: 117.61 Mbit/s
Upload: 19.15 Mbit/s
Tue Mar 19 19:45:01 CET 2019
Ping: 23.461 ms
Download: 199.43 Mbit/s
Upload: 18.96 Mbit/s
Tue Mar 19 20:45:01 CET 2019
Ping: 23.224 ms
Download: 174.73 Mbit/s
Upload: 19.28 Mbit/s
Tue Mar 19 21:45:02 CET 2019
Ping: 25.58 ms
Download: 193.73 Mbit/s
Upload: 19.75 Mbit/s
Tue Mar 19 22:45:02 CET 2019
Ping: 24.098 ms
Download: 162.86 Mbit/s
Upload: 19.73 Mbit/s
Tue Mar 19 23:45:01 CET 2019
Ping: 22.587 ms
Download: 251.75 Mbit/s
Upload: 19.28 Mbit/s
Wed Mar 20 00:45:01 CET 2019
Ping: 23.341 ms
Download: 217.92 Mbit/s
Upload: 19.32 Mbit/s
Wed Mar 20 01:45:01 CET 2019
Ping: 22.37 ms
Download: 258.58 Mbit/s
Upload: 19.45 Mbit/s
Wed Mar 20 02:45:01 CET 2019
Ping: 25.37 ms
Download: 253.03 Mbit/s
Upload: 19.47 Mbit/s
Wed Mar 20 03:45:01 CET 2019
Ping: 23.564 ms
Download: 190.71 Mbit/s
Upload: 19.40 Mbit/s
Wed Mar 20 04:45:01 CET 2019
Ping: 24.406 ms
Download: 128.24 Mbit/s
Upload: 18.55 Mbit/s
Wed Mar 20 05:45:02 CET 2019
Ping: 23.741 ms
Download: 227.90 Mbit/s
Upload: 19.55 Mbit/s
Wed Mar 20 06:45:01 CET 2019
Ping: 22.286 ms
Download: 254.41 Mbit/s
Upload: 19.08 Mbit/s
Wed Mar 20 07:45:01 CET 2019
Ping: 24.446 ms
Download: 255.34 Mbit/s
Upload: 19.73 Mbit/s
Wed Mar 20 08:45:01 CET 2019
Ping: 24.035 ms
Download: 190.58 Mbit/s
Upload: 19.31 Mbit/s
Wed Mar 20 09:45:01 CET 2019
Ping: 23.253 ms
Download: 146.45 Mbit/s
Upload: 19.10 Mbit/s
Wed Mar 20 10:45:01 CET 2019
Ping: 23.663 ms
Download: 119.44 Mbit/s
Upload: 19.19 Mbit/s
Wed Mar 20 11:45:01 CET 2019
Ping: 23.538 ms
Download: 142.81 Mbit/s
Upload: 18.74 Mbit/s
Wed Mar 20 12:45:01 CET 2019
Ping: 24.743 ms
Download: 202.46 Mbit/s
Upload: 19.64 Mbit/s
Wed Mar 20 13:45:01 CET 2019
Ping: 24.58 ms
Download: 216.84 Mbit/s
Upload: 19.36 Mbit/s
Wed Mar 20 14:45:01 CET 2019
Ping: 23.718 ms
Download: 109.03 Mbit/s
Upload: 19.54 Mbit/s
Wed Mar 20 15:45:01 CET 2019
Ping: 25.086 ms
Download: 143.33 Mbit/s
Upload: 19.47 Mbit/s
Wed Mar 20 16:45:02 CET 2019
Ping: 23.817 ms
Download: 120.52 Mbit/s
Upload: 19.47 Mbit/s
Wed Mar 20 17:45:01 CET 2019
Ping: 23.23 ms
Download: 123.28 Mbit/s
Upload: 18.89 Mbit/s
Wed Mar 20 18:45:01 CET 2019
Ping: 25.04 ms
Download: 146.27 Mbit/s
Upload: 19.47 Mbit/s
Wed Mar 20 19:45:02 CET 2019
Ping: 25.056 ms
Download: 268.56 Mbit/s
Upload: 19.25 Mbit/s
Wed Mar 20 20:45:01 CET 2019
Ping: 24.208 ms
Download: 181.47 Mbit/s
Upload: 19.57 Mbit/s
Wed Mar 20 21:45:01 CET 2019
Ping: 23.925 ms
Download: 107.11 Mbit/s
Upload: 18.59 Mbit/s
Wed Mar 20 22:45:01 CET 2019
Ping: 24.228 ms
Download: 106.15 Mbit/s
Upload: 19.63 Mbit/s
Wed Mar 20 23:45:02 CET 2019
Ping: 25.442 ms
Download: 241.11 Mbit/s
Upload: 18.94 Mbit/s
Thu Mar 21 00:45:01 CET 2019
Ping: 23.422 ms
Download: 249.50 Mbit/s
Upload: 19.44 Mbit/s
Thu Mar 21 01:45:01 CET 2019
Ping: 22.581 ms
Download: 253.56 Mbit/s
Upload: 19.31 Mbit/s
Thu Mar 21 02:45:01 CET 2019
Ping: 23.56 ms
Download: 183.29 Mbit/s
Upload: 19.56 Mbit/s
Thu Mar 21 03:45:01 CET 2019
Ping: 24.213 ms
Download: 110.31 Mbit/s
Upload: 19.60 Mbit/s
Thu Mar 21 04:45:01 CET 2019
Ping: 24.365 ms
Download: 102.04 Mbit/s
Upload: 19.15 Mbit/s
Thu Mar 21 05:45:01 CET 2019
Ping: 22.89 ms
Download: 163.37 Mbit/s
Upload: 19.04 Mbit/s
Thu Mar 21 06:45:01 CET 2019
Ping: 23.335 ms
Download: 242.31 Mbit/s
Upload: 19.27 Mbit/s
Thu Mar 21 07:45:01 CET 2019
Ping: 23.691 ms
Download: 233.83 Mbit/s
Upload: 19.40 Mbit/s
Thu Mar 21 08:45:01 CET 2019
Ping: 23.783 ms
Download: 120.29 Mbit/s
Upload: 19.22 Mbit/s
Thu Mar 21 09:45:01 CET 2019
Ping: 24.952 ms
Download: 225.94 Mbit/s
Upload: 18.94 Mbit/s
Thu Mar 21 10:45:01 CET 2019
Ping: 25.445 ms
Download: 156.99 Mbit/s
Upload: 19.69 Mbit/s
Thu Mar 21 11:45:01 CET 2019
Ping: 23.981 ms
Download: 238.18 Mbit/s
Upload: 19.30 Mbit/s
Thu Mar 21 12:45:01 CET 2019
Ping: 25.121 ms
Download: 258.15 Mbit/s
Upload: 19.40 Mbit/s
Thu Mar 21 13:45:01 CET 2019
Ping: 23.914 ms
Download: 152.71 Mbit/s
Upload: 19.54 Mbit/s
Thu Mar 21 14:45:01 CET 2019
Ping: 23.208 ms
Download: 240.45 Mbit/s
Upload: 19.56 Mbit/s
Thu Mar 21 15:45:01 CET 2019
Ping: 24.661 ms
Download: 232.53 Mbit/s
Upload: 19.57 Mbit/s
Thu Mar 21 16:45:01 CET 2019
Ping: 23.714 ms
Download: 145.58 Mbit/s
Upload: 19.13 Mbit/s
Thu Mar 21 17:45:01 CET 2019
Ping: 22.447 ms
Download: 231.56 Mbit/s
Upload: 18.42 Mbit/s
Thu Mar 21 18:45:01 CET 2019
Ping: 24.578 ms
Download: 221.27 Mbit/s
Upload: 19.17 Mbit/s
Thu Mar 21 19:45:01 CET 2019
Ping: 25.426 ms
Download: 246.77 Mbit/s
Upload: 19.50 Mbit/s
Thu Mar 21 20:45:01 CET 2019
Ping: 24.347 ms
Download: 252.77 Mbit/s
Upload: 19.62 Mbit/s
Thu Mar 21 21:45:01 CET 2019
Ping: 25.29 ms
Download: 221.32 Mbit/s
Upload: 19.44 Mbit/s
Thu Mar 21 22:45:01 CET 2019
Ping: 22.712 ms
Download: 218.42 Mbit/s
Upload: 19.84 Mbit/s
Thu Mar 21 23:45:02 CET 2019
Ping: 23.776 ms
Download: 106.89 Mbit/s
Upload: 19.56 Mbit/s
Fri Mar 22 00:45:01 CET 2019
Ping: 24.795 ms
Download: 122.49 Mbit/s
Upload: 18.87 Mbit/s
Fri Mar 22 01:45:01 CET 2019
Ping: 23.024 ms
Download: 132.81 Mbit/s
Upload: 19.46 Mbit/s
Fri Mar 22 02:45:01 CET 2019
Ping: 24.897 ms
Download: 161.74 Mbit/s
Upload: 19.19 Mbit/s
Fri Mar 22 03:45:01 CET 2019
Ping: 23.85 ms
Download: 175.95 Mbit/s
Upload: 19.25 Mbit/s
Fri Mar 22 04:45:01 CET 2019
Ping: 24.247 ms
Download: 234.49 Mbit/s
Upload: 19.24 Mbit/s
Fri Mar 22 05:45:01 CET 2019
Ping: 23.299 ms
Download: 221.36 Mbit/s
Upload: 19.71 Mbit/s
Fri Mar 22 06:45:01 CET 2019
Ping: 25.299 ms
Download: 234.58 Mbit/s
Upload: 19.72 Mbit/s
Fri Mar 22 07:45:02 CET 2019
Ping: 22.342 ms
Download: 244.77 Mbit/s
Upload: 19.42 Mbit/s
Fri Mar 22 08:45:01 CET 2019
Ping: 22.617 ms
Download: 130.02 Mbit/s
Upload: 19.41 Mbit/s
Fri Mar 22 09:45:02 CET 2019
Ping: 22.852 ms
Download: 220.72 Mbit/s
Upload: 19.15 Mbit/s
Fri Mar 22 10:45:02 CET 2019
Ping: 23.725 ms
Download: 170.61 Mbit/s
Upload: 19.09 Mbit/s
Fri Mar 22 11:45:01 CET 2019
Ping: 23.833 ms
Download: 168.64 Mbit/s
Upload: 19.60 Mbit/s
Fri Mar 22 12:45:01 CET 2019
Ping: 24.063 ms
Download: 254.33 Mbit/s
Upload: 19.81 Mbit/s
Fri Mar 22 13:45:01 CET 2019
Ping: 23.003 ms
Download: 160.75 Mbit/s
Upload: 19.10 Mbit/s
Fri Mar 22 14:45:01 CET 2019
Ping: 23.34 ms
Download: 265.45 Mbit/s
Upload: 18.68 Mbit/s
Fri Mar 22 15:45:02 CET 2019
Ping: 22.668 ms
Download: 194.31 Mbit/s
Upload: 19.51 Mbit/s
Fri Mar 22 16:45:02 CET 2019
Ping: 25.545 ms
Download: 189.03 Mbit/s
Upload: 19.84 Mbit/s
Fri Mar 22 17:45:01 CET 2019
Ping: 26.873 ms
Download: 243.90 Mbit/s
Upload: 19.30 Mbit/s
Fri Mar 22 18:45:01 CET 2019
Ping: 25.495 ms
Download: 258.43 Mbit/s
Upload: 19.20 Mbit/s
Fri Mar 22 19:45:01 CET 2019
Ping: 23.51 ms
Download: 92.49 Mbit/s
Upload: 19.50 Mbit/s
Fri Mar 22 20:45:01 CET 2019
Ping: 23.435 ms
Download: 201.73 Mbit/s
Upload: 19.47 Mbit/s
Fri Mar 22 21:45:01 CET 2019
Ping: 26.225 ms
Download: 153.66 Mbit/s
Upload: 19.54 Mbit/s
Fri Mar 22 22:45:01 CET 2019
Ping: 24.513 ms
Download: 87.79 Mbit/s
Upload: 18.99 Mbit/s
Fri Mar 22 23:45:01 CET 2019
Ping: 26.554 ms
Download: 251.94 Mbit/s
Upload: 19.34 Mbit/s
Sat Mar 23 00:45:02 CET 2019
Ping: 23.548 ms
Download: 231.42 Mbit/s
Upload: 19.99 Mbit/s
Sat Mar 23 01:45:01 CET 2019
Ping: 23.21 ms
Download: 184.01 Mbit/s
Upload: 19.47 Mbit/s
Sat Mar 23 02:45:01 CET 2019
Ping: 23.565 ms
Download: 143.59 Mbit/s
Upload: 19.68 Mbit/s
Sat Mar 23 03:45:01 CET 2019
Ping: 24.388 ms
Download: 233.01 Mbit/s
Upload: 19.79 Mbit/s
Sat Mar 23 04:45:01 CET 2019
Ping: 23.406 ms
Download: 170.32 Mbit/s
Upload: 19.58 Mbit/s
Sat Mar 23 05:45:01 CET 2019
Ping: 23.733 ms
Download: 141.56 Mbit/s
Upload: 19.27 Mbit/s
Sat Mar 23 06:45:01 CET 2019
Ping: 23.333 ms
Download: 208.90 Mbit/s
Upload: 19.66 Mbit/s
Sat Mar 23 07:45:01 CET 2019
Ping: 23.588 ms
Download: 146.73 Mbit/s
Upload: 19.80 Mbit/s
Sat Mar 23 08:45:01 CET 2019
Ping: 22.992 ms
Download: 218.71 Mbit/s
Upload: 19.68 Mbit/s
Sat Mar 23 09:45:01 CET 2019
Ping: 23.915 ms
Download: 238.35 Mbit/s
Upload: 19.81 Mbit/s
Sat Mar 23 10:45:01 CET 2019
Ping: 24.322 ms
Download: 271.58 Mbit/s
Upload: 19.74 Mbit/s
Sat Mar 23 11:45:01 CET 2019
Ping: 23.885 ms
Download: 171.97 Mbit/s
Upload: 19.49 Mbit/s
Sat Mar 23 12:45:01 CET 2019
Ping: 23.413 ms
Download: 230.15 Mbit/s
Upload: 19.70 Mbit/s
Sat Mar 23 13:45:01 CET 2019
Ping: 23.499 ms
Download: 249.22 Mbit/s
Upload: 19.01 Mbit/s
Sat Mar 23 14:45:01 CET 2019
Ping: 23.369 ms
Download: 226.01 Mbit/s
Upload: 19.65 Mbit/s
Sat Mar 23 15:45:01 CET 2019
Ping: 23.259 ms
Download: 116.15 Mbit/s
Upload: 19.64 Mbit/s
Sat Mar 23 16:45:01 CET 2019
Ping: 25.285 ms
Download: 105.02 Mbit/s
Upload: 19.58 Mbit/s
Sat Mar 23 17:45:01 CET 2019
Ping: 23.865 ms
Download: 228.25 Mbit/s
Upload: 18.96 Mbit/s
Sat Mar 23 18:45:01 CET 2019
Ping: 23.219 ms
Download: 131.98 Mbit/s
Upload: 19.18 Mbit/s
Sat Mar 23 19:45:01 CET 2019
Ping: 23.615 ms
Download: 166.60 Mbit/s
Upload: 19.68 Mbit/s
Sat Mar 23 20:45:01 CET 2019
Ping: 24.3 ms
Download: 241.91 Mbit/s
Upload: 19.65 Mbit/s
Sat Mar 23 21:45:01 CET 2019
Ping: 24.336 ms
Download: 247.47 Mbit/s
Upload: 19.39 Mbit/s
Sat Mar 23 22:45:01 CET 2019
Ping: 24.465 ms
Download: 220.50 Mbit/s
Upload: 19.25 Mbit/s
Sat Mar 23 23:45:01 CET 2019
Ping: 24.274 ms
Download: 197.54 Mbit/s
Upload: 19.78 Mbit/s
Sun Mar 24 00:45:01 CET 2019
Ping: 22.904 ms
Download: 122.42 Mbit/s
Upload: 19.36 Mbit/s
Sun Mar 24 01:45:01 CET 2019
Ping: 23.578 ms
Download: 239.05 Mbit/s
Upload: 19.70 Mbit/s
Sun Mar 24 02:45:01 CET 2019
Ping: 24.906 ms
Download: 239.51 Mbit/s
Upload: 19.82 Mbit/s
Sun Mar 24 03:45:01 CET 2019
Ping: 25.045 ms
Download: 200.56 Mbit/s
Upload: 19.23 Mbit/s
Sun Mar 24 04:45:01 CET 2019
Ping: 23.709 ms
Download: 233.43 Mbit/s
Upload: 19.28 Mbit/s
Sun Mar 24 05:45:01 CET 2019
Ping: 23.897 ms
Download: 214.89 Mbit/s
Upload: 19.61 Mbit/s
Sun Mar 24 06:45:01 CET 2019
Ping: 22.54 ms
Download: 240.74 Mbit/s
Upload: 19.07 Mbit/s
Sun Mar 24 07:45:01 CET 2019
Ping: 23.22 ms
Download: 182.79 Mbit/s
Upload: 19.68 Mbit/s
Sun Mar 24 08:45:01 CET 2019
Ping: 23.862 ms
Download: 220.79 Mbit/s
Upload: 19.70 Mbit/s
Sun Mar 24 09:45:01 CET 2019
Ping: 24.882 ms
Download: 187.85 Mbit/s
Upload: 19.40 Mbit/s
Sun Mar 24 10:45:01 CET 2019
Ping: 22.205 ms
Download: 199.48 Mbit/s
Upload: 19.65 Mbit/s
Sun Mar 24 11:45:01 CET 2019
Ping: 24.074 ms
Download: 231.11 Mbit/s
Upload: 18.98 Mbit/s
Sun Mar 24 12:45:01 CET 2019
Ping: 23.077 ms
Download: 264.86 Mbit/s
Upload: 18.98 Mbit/s
Sun Mar 24 13:45:01 CET 2019
Ping: 23.225 ms
Download: 221.67 Mbit/s
Upload: 19.65 Mbit/s
Sun Mar 24 14:45:01 CET 2019
Ping: 22.916 ms
Download: 140.66 Mbit/s
Upload: 18.90 Mbit/s
Sun Mar 24 15:45:01 CET 2019
Ping: 22.899 ms
Download: 211.48 Mbit/s
Upload: 18.65 Mbit/s
Sun Mar 24 16:45:02 CET 2019
Ping: 25.126 ms
Download: 116.00 Mbit/s
Upload: 18.82 Mbit/s
Sun Mar 24 17:45:01 CET 2019
Ping: 24.373 ms
Download: 164.31 Mbit/s
Upload: 19.50 Mbit/s
Sun Mar 24 18:45:02 CET 2019
Ping: 25.354 ms
Download: 123.90 Mbit/s
Upload: 19.14 Mbit/s
Sun Mar 24 19:45:01 CET 2019
Ping: 24.143 ms
Download: 267.19 Mbit/s
Upload: 19.45 Mbit/s
Sun Mar 24 20:45:01 CET 2019
Ping: 25.225 ms
Download: 275.11 Mbit/s
Upload: 19.40 Mbit/s
Sun Mar 24 21:45:01 CET 2019
Ping: 24.194 ms
Download: 155.59 Mbit/s
Upload: 19.71 Mbit/s
Sun Mar 24 22:45:01 CET 2019
Ping: 24.08 ms
Download: 113.86 Mbit/s
Upload: 19.69 Mbit/s
Sun Mar 24 23:45:01 CET 2019
Ping: 23.792 ms
Download: 164.05 Mbit/s
Upload: 19.48 Mbit/s
Mon Mar 25 00:45:01 CET 2019
Ping: 23.166 ms
Download: 276.40 Mbit/s
Upload: 19.14 Mbit/s
Mon Mar 25 01:45:01 CET 2019
Ping: 23.096 ms
Download: 252.56 Mbit/s
Upload: 19.52 Mbit/s
Mon Mar 25 02:45:01 CET 2019
Ping: 23.393 ms
Download: 185.86 Mbit/s
Upload: 19.14 Mbit/s
Mon Mar 25 03:45:01 CET 2019
Ping: 22.534 ms
Download: 193.04 Mbit/s
Upload: 19.78 Mbit/s
Mon Mar 25 04:45:02 CET 2019
Ping: 23.659 ms
Download: 246.88 Mbit/s
Upload: 19.81 Mbit/s
Mon Mar 25 05:45:01 CET 2019
Ping: 23.153 ms
Download: 248.64 Mbit/s
Upload: 19.11 Mbit/s
Mon Mar 25 06:45:01 CET 2019
Ping: 23.601 ms
Download: 241.53 Mbit/s
Upload: 19.29 Mbit/s
Mon Mar 25 07:45:01 CET 2019
Ping: 23.086 ms
Download: 183.53 Mbit/s
Upload: 19.85 Mbit/s
Mon Mar 25 08:45:01 CET 2019
Ping: 23.398 ms
Download: 120.26 Mbit/s
Upload: 18.84 Mbit/s
Mon Mar 25 09:45:01 CET 2019
Ping: 25.885 ms
Download: 198.70 Mbit/s
Upload: 19.82 Mbit/s
Mon Mar 25 10:45:01 CET 2019
Ping: 24.755 ms
Download: 144.56 Mbit/s
Upload: 19.58 Mbit/s
Mon Mar 25 11:45:01 CET 2019
Ping: 25.445 ms
Download: 121.58 Mbit/s
Upload: 19.55 Mbit/s
Mon Mar 25 12:45:01 CET 2019
Ping: 23.134 ms
Download: 231.11 Mbit/s
Upload: 19.79 Mbit/s
Mon Mar 25 13:45:01 CET 2019
Ping: 24.625 ms
Download: 170.37 Mbit/s
Upload: 19.49 Mbit/s
Mon Mar 25 14:45:01 CET 2019
Ping: 24.26 ms
Download: 270.92 Mbit/s
Upload: 19.73 Mbit/s
Mon Mar 25 15:45:01 CET 2019
Ping: 24.446 ms
Download: 172.16 Mbit/s
Upload: 19.50 Mbit/s
Mon Mar 25 16:45:01 CET 2019
Ping: 24.458 ms
Download: 133.09 Mbit/s
Upload: 18.63 Mbit/s
Mon Mar 25 17:45:01 CET 2019
Ping: 23.23 ms
Download: 168.15 Mbit/s
Upload: 19.15 Mbit/s
Mon Mar 25 18:45:02 CET 2019
Ping: 23.661 ms
Download: 276.88 Mbit/s
Upload: 19.53 Mbit/s
Mon Mar 25 19:45:01 CET 2019
Ping: 24.656 ms
Download: 282.12 Mbit/s
Upload: 19.64 Mbit/s
Mon Mar 25 20:45:01 CET 2019
Ping: 22.94 ms
Download: 290.66 Mbit/s
Upload: 19.29 Mbit/s
Mon Mar 25 21:45:01 CET 2019
Ping: 23.781 ms
Download: 262.77 Mbit/s
Upload: 19.55 Mbit/s
Mon Mar 25 22:45:01 CET 2019
Ping: 24.76 ms
Download: 270.33 Mbit/s
Upload: 19.40 Mbit/s
Mon Mar 25 23:45:01 CET 2019
Ping: 26.658 ms
Download: 0.34 Mbit/s
Upload: 0.09 Mbit/s
Tue Mar 26 00:45:01 CET 2019
Ping: 22.953 ms
Download: 285.79 Mbit/s
Upload: 18.87 Mbit/s
Tue Mar 26 01:45:01 CET 2019
Ping: 23.104 ms
Download: 233.51 Mbit/s
Upload: 19.55 Mbit/s
Tue Mar 26 02:45:01 CET 2019
Ping: 23.241 ms
Download: 198.72 Mbit/s
Upload: 19.49 Mbit/s
Tue Mar 26 03:45:01 CET 2019
Ping: 25.31 ms
Download: 278.04 Mbit/s
Upload: 19.25 Mbit/s
Tue Mar 26 04:45:01 CET 2019
Ping: 23.627 ms
Download: 288.31 Mbit/s
Upload: 19.73 Mbit/s
Tue Mar 26 05:45:01 CET 2019
Ping: 23.59 ms
Download: 115.07 Mbit/s
Upload: 19.48 Mbit/s
Tue Mar 26 06:45:01 CET 2019
Ping: 22.937 ms
Download: 243.84 Mbit/s
Upload: 19.48 Mbit/s
Tue Mar 26 07:45:01 CET 2019
Ping: 24.055 ms
Download: 194.36 Mbit/s
Upload: 19.81 Mbit/s
Tue Mar 26 08:45:01 CET 2019
Ping: 23.887 ms
Download: 169.56 Mbit/s
Upload: 19.80 Mbit/s
Tue Mar 26 09:45:01 CET 2019
Ping: 25.852 ms
Download: 219.77 Mbit/s
Upload: 19.45 Mbit/s
Tue Mar 26 10:45:01 CET 2019
Ping: 24.058 ms
Download: 291.67 Mbit/s
Upload: 19.39 Mbit/s
Tue Mar 26 11:45:01 CET 2019
Ping: 23.09 ms
Download: 280.90 Mbit/s
Upload: 19.92 Mbit/s
Tue Mar 26 12:45:01 CET 2019
Ping: 22.736 ms
Download: 281.96 Mbit/s
Upload: 19.38 Mbit/s
Tue Mar 26 13:45:01 CET 2019
Ping: 22.26 ms
Download: 252.33 Mbit/s
Upload: 19.80 Mbit/s
Tue Mar 26 14:45:02 CET 2019
Ping: 24.908 ms
Download: 268.14 Mbit/s
Upload: 19.54 Mbit/s
Tue Mar 26 15:45:01 CET 2019
Ping: 27.971 ms
Download: 0.47 Mbit/s
Upload: 0.09 Mbit/s
Tue Mar 26 16:45:02 CET 2019
Ping: 23.921 ms
Download: 158.06 Mbit/s
Upload: 19.58 Mbit/s
Tue Mar 26 17:45:01 CET 2019
Ping: 24.735 ms
Download: 170.12 Mbit/s
Upload: 19.68 Mbit/s
Tue Mar 26 18:45:01 CET 2019
Ping: 24.22 ms
Download: 152.14 Mbit/s
Upload: 19.32 Mbit/s
Tue Mar 26 19:45:01 CET 2019
Ping: 26.283 ms
Download: 239.01 Mbit/s
Upload: 19.29 Mbit/s
Tue Mar 26 20:45:01 CET 2019
Ping: 23.908 ms
Download: 121.28 Mbit/s
Upload: 19.41 Mbit/s
Tue Mar 26 21:45:01 CET 2019
Ping: 24.07 ms
Download: 248.72 Mbit/s
Upload: 19.47 Mbit/s
Tue Mar 26 22:45:01 CET 2019
Ping: 23.061 ms
Download: 274.56 Mbit/s
Upload: 19.78 Mbit/s
Tue Mar 26 23:45:01 CET 2019
Ping: 26.296 ms
Download: 257.50 Mbit/s
Upload: 19.16 Mbit/s
Wed Mar 27 00:45:01 CET 2019
Ping: 23.42 ms
Download: 250.50 Mbit/s
Upload: 19.26 Mbit/s
Wed Mar 27 01:45:02 CET 2019
Ping: 24.62 ms
Download: 288.73 Mbit/s
Upload: 19.36 Mbit/s
Wed Mar 27 02:45:02 CET 2019
Ping: 23.943 ms
Download: 140.59 Mbit/s
Upload: 19.70 Mbit/s
Wed Mar 27 03:45:01 CET 2019
Ping: 23.278 ms
Download: 214.40 Mbit/s
Upload: 19.57 Mbit/s
Wed Mar 27 04:45:01 CET 2019
Ping: 24.85 ms
Download: 224.02 Mbit/s
Upload: 19.12 Mbit/s
Wed Mar 27 05:45:01 CET 2019
Ping: 22.599 ms
Download: 243.13 Mbit/s
Upload: 19.80 Mbit/s
Wed Mar 27 06:45:01 CET 2019
Ping: 23.775 ms
Download: 291.42 Mbit/s
Upload: 19.46 Mbit/s
Wed Mar 27 07:45:01 CET 2019
Ping: 23.297 ms
Download: 260.11 Mbit/s
Upload: 19.33 Mbit/s
Wed Mar 27 08:45:01 CET 2019
Ping: 23.588 ms
Download: 189.15 Mbit/s
Upload: 19.43 Mbit/s
Wed Mar 27 09:45:02 CET 2019
Ping: 23.035 ms
Download: 127.26 Mbit/s
Upload: 19.02 Mbit/s
Wed Mar 27 10:45:01 CET 2019
Ping: 23.403 ms
Download: 172.50 Mbit/s
Upload: 19.34 Mbit/s
Wed Mar 27 11:45:01 CET 2019
Ping: 23.045 ms
Download: 152.48 Mbit/s
Upload: 18.89 Mbit/s
Wed Mar 27 12:45:01 CET 2019
Ping: 23.242 ms
Download: 289.87 Mbit/s
Upload: 19.20 Mbit/s
Wed Mar 27 13:45:01 CET 2019
Ping: 23.135 ms
Download: 268.85 Mbit/s
Upload: 19.66 Mbit/s
Wed Mar 27 14:45:01 CET 2019
Ping: 24.132 ms
Download: 279.55 Mbit/s
Upload: 19.60 Mbit/s
Wed Mar 27 15:45:01 CET 2019
Ping: 24.034 ms
Download: 132.01 Mbit/s
Upload: 18.95 Mbit/s
Wed Mar 27 16:45:01 CET 2019
Ping: 24.072 ms
Download: 281.46 Mbit/s
Upload: 19.47 Mbit/s
Wed Mar 27 17:45:01 CET 2019
Ping: 26.692 ms
Download: 141.76 Mbit/s
Upload: 18.76 Mbit/s
Wed Mar 27 18:45:01 CET 2019
Ping: 22.359 ms
Download: 285.62 Mbit/s
Upload: 19.49 Mbit/s
Wed Mar 27 19:45:01 CET 2019
Ping: 24.261 ms
Download: 285.30 Mbit/s
Upload: 19.62 Mbit/s
Wed Mar 27 20:45:01 CET 2019
Ping: 23.713 ms
Download: 266.81 Mbit/s
Upload: 19.56 Mbit/s
Wed Mar 27 21:45:01 CET 2019
Ping: 24.42 ms
Download: 224.31 Mbit/s
Upload: 19.59 Mbit/s
Wed Mar 27 22:45:01 CET 2019
Ping: 22.362 ms
Download: 137.09 Mbit/s
Upload: 19.68 Mbit/s
Wed Mar 27 23:45:01 CET 2019
Ping: 23.832 ms
Download: 214.63 Mbit/s
Upload: 19.44 Mbit/s
Thu Mar 28 00:45:01 CET 2019
Ping: 23.418 ms
Download: 184.23 Mbit/s
Upload: 19.63 Mbit/s
Thu Mar 28 01:45:01 CET 2019
Ping: 23.709 ms
Download: 128.01 Mbit/s
Upload: 19.37 Mbit/s
Thu Mar 28 02:45:01 CET 2019
Ping: 23.094 ms
Download: 205.02 Mbit/s
Upload: 19.49 Mbit/s
Thu Mar 28 03:45:01 CET 2019
Ping: 22.427 ms
Download: 249.31 Mbit/s
Upload: 19.68 Mbit/s
Thu Mar 28 04:45:01 CET 2019
Ping: 24.163 ms
Download: 231.53 Mbit/s
Upload: 19.53 Mbit/s
Thu Mar 28 05:45:01 CET 2019
Ping: 23.77 ms
Download: 175.16 Mbit/s
Upload: 19.56 Mbit/s
Thu Mar 28 06:45:01 CET 2019
Ping: 24.806 ms
Download: 187.65 Mbit/s
Upload: 19.65 Mbit/s
Thu Mar 28 07:45:01 CET 2019
Ping: 23.057 ms
Download: 178.79 Mbit/s
Upload: 19.06 Mbit/s
Thu Mar 28 08:45:01 CET 2019
Ping: 24.604 ms
Download: 123.77 Mbit/s
Upload: 19.51 Mbit/s
Thu Mar 28 09:45:01 CET 2019
Ping: 23.258 ms
Download: 146.18 Mbit/s
Upload: 19.75 Mbit/s
Thu Mar 28 10:45:01 CET 2019
Ping: 22.087 ms
Download: 258.91 Mbit/s
Upload: 19.50 Mbit/s
Thu Mar 28 11:45:01 CET 2019
Ping: 23.012 ms
Download: 122.66 Mbit/s
Upload: 19.35 Mbit/s
Thu Mar 28 12:45:01 CET 2019
Ping: 23.244 ms
Download: 130.09 Mbit/s
Upload: 19.52 Mbit/s
Thu Mar 28 13:45:01 CET 2019
Ping: 24.116 ms
Download: 270.26 Mbit/s
Upload: 19.31 Mbit/s
Thu Mar 28 14:45:01 CET 2019
Ping: 23.548 ms
Download: 283.29 Mbit/s
Upload: 19.67 Mbit/s
Thu Mar 28 15:45:01 CET 2019
Ping: 23.375 ms
Download: 152.61 Mbit/s
Upload: 19.73 Mbit/s
Thu Mar 28 16:45:01 CET 2019
Ping: 23.38 ms
Download: 272.15 Mbit/s
Upload: 19.62 Mbit/s
Thu Mar 28 17:45:01 CET 2019
Ping: 24.734 ms
Download: 148.85 Mbit/s
Upload: 19.12 Mbit/s
Thu Mar 28 18:45:02 CET 2019
Ping: 24.58 ms
Download: 153.73 Mbit/s
Upload: 19.39 Mbit/s
Thu Mar 28 19:45:01 CET 2019
Ping: 23.42 ms
Download: 275.94 Mbit/s
Upload: 19.68 Mbit/s
Thu Mar 28 20:45:01 CET 2019
Ping: 24.453 ms
Download: 246.28 Mbit/s
Upload: 19.37 Mbit/s
Thu Mar 28 21:45:01 CET 2019
Ping: 22.924 ms
Download: 278.42 Mbit/s
Upload: 19.54 Mbit/s
Thu Mar 28 22:45:01 CET 2019
Ping: 23.176 ms
Download: 178.33 Mbit/s
Upload: 19.62 Mbit/s
Thu Mar 28 23:45:01 CET 2019
Ping: 25.361 ms
Download: 103.10 Mbit/s
Upload: 19.30 Mbit/s
Fri Mar 29 00:45:01 CET 2019
Ping: 23.642 ms
Download: 156.55 Mbit/s
Upload: 19.47 Mbit/s
Fri Mar 29 01:45:02 CET 2019
Ping: 23.743 ms
Download: 109.21 Mbit/s
Upload: 18.06 Mbit/s
Fri Mar 29 02:45:01 CET 2019
Ping: 23.245 ms
Download: 139.94 Mbit/s
Upload: 19.74 Mbit/s
Fri Mar 29 03:45:01 CET 2019
Ping: 23.072 ms
Download: 138.65 Mbit/s
Upload: 19.31 Mbit/s
Fri Mar 29 04:45:01 CET 2019
Ping: 23.808 ms
Download: 214.71 Mbit/s
Upload: 19.57 Mbit/s
Fri Mar 29 05:45:01 CET 2019
Ping: 22.926 ms
Download: 143.50 Mbit/s
Upload: 19.75 Mbit/s
Fri Mar 29 06:45:02 CET 2019
Ping: 23.195 ms
Download: 125.82 Mbit/s
Upload: 19.87 Mbit/s
Fri Mar 29 07:45:02 CET 2019
Ping: 25.454 ms
Download: 103.13 Mbit/s
Upload: 19.71 Mbit/s
Fri Mar 29 08:45:01 CET 2019
Ping: 23.562 ms
Download: 137.13 Mbit/s
Upload: 19.07 Mbit/s
Fri Mar 29 09:45:01 CET 2019
Ping: 24.815 ms
Download: 246.81 Mbit/s
Upload: 19.45 Mbit/s
Fri Mar 29 10:45:01 CET 2019
Ping: 24.254 ms
Download: 145.10 Mbit/s
Upload: 19.14 Mbit/s
Fri Mar 29 11:45:01 CET 2019
Ping: 23.489 ms
Download: 129.57 Mbit/s
Upload: 18.44 Mbit/s
Fri Mar 29 12:45:01 CET 2019
Ping: 23.413 ms
Download: 114.03 Mbit/s
Upload: 19.53 Mbit/s
Fri Mar 29 13:45:01 CET 2019
Ping: 23.797 ms
Download: 215.04 Mbit/s
Upload: 19.36 Mbit/s
Fri Mar 29 14:45:01 CET 2019
Ping: 22.886 ms
Download: 241.85 Mbit/s
Upload: 19.74 Mbit/s
Fri Mar 29 15:45:01 CET 2019
Ping: 23.741 ms
Download: 249.02 Mbit/s
Upload: 19.68 Mbit/s
Fri Mar 29 16:45:02 CET 2019
Ping: 25.479 ms
Download: 222.57 Mbit/s
Upload: 18.96 Mbit/s
Fri Mar 29 17:45:01 CET 2019
Ping: 22.605 ms
Download: 247.39 Mbit/s
Upload: 19.68 Mbit/s
Fri Mar 29 18:45:01 CET 2019
Ping: 23.456 ms
Download: 246.52 Mbit/s
Upload: 18.59 Mbit/s
Fri Mar 29 19:45:01 CET 2019
Ping: 25.467 ms
Download: 134.40 Mbit/s
Upload: 18.93 Mbit/s
Fri Mar 29 20:45:01 CET 2019
Ping: 26.691 ms
Download: 231.07 Mbit/s
Upload: 19.65 Mbit/s
Fri Mar 29 21:45:01 CET 2019
Ping: 24.208 ms
Download: 134.85 Mbit/s
Upload: 19.09 Mbit/s
Fri Mar 29 22:45:02 CET 2019
Ping: 23.751 ms
Download: 200.72 Mbit/s
Upload: 19.53 Mbit/s
Fri Mar 29 23:45:01 CET 2019
Ping: 26.34 ms
Download: 90.22 Mbit/s
Upload: 19.32 Mbit/s
Sat Mar 30 00:45:01 CET 2019
Ping: 24.44 ms
Download: 239.15 Mbit/s
Upload: 19.98 Mbit/s
Sat Mar 30 01:45:01 CET 2019
Ping: 23.478 ms
Download: 137.35 Mbit/s
Upload: 19.05 Mbit/s
Sat Mar 30 02:45:01 CET 2019
Ping: 24.0 ms
Download: 203.57 Mbit/s
Upload: 19.28 Mbit/s
Sat Mar 30 03:45:02 CET 2019
Ping: 23.213 ms
Download: 107.19 Mbit/s
Upload: 19.09 Mbit/s
Sat Mar 30 04:45:01 CET 2019
Ping: 24.405 ms
Download: 225.41 Mbit/s
Upload: 19.09 Mbit/s
Sat Mar 30 05:45:01 CET 2019
Ping: 24.441 ms
Download: 207.83 Mbit/s
Upload: 19.85 Mbit/s
Sat Mar 30 06:45:01 CET 2019
Ping: 22.72 ms
Download: 204.89 Mbit/s
Upload: 19.73 Mbit/s
Sat Mar 30 07:45:01 CET 2019
Ping: 23.407 ms
Download: 154.17 Mbit/s
Upload: 19.87 Mbit/s
Sat Mar 30 08:45:01 CET 2019
Ping: 23.894 ms
Download: 239.88 Mbit/s
Upload: 19.42 Mbit/s
Sat Mar 30 09:45:01 CET 2019
Ping: 24.419 ms
Download: 231.94 Mbit/s
Upload: 19.73 Mbit/s
Sat Mar 30 10:45:01 CET 2019
Ping: 24.393 ms
Download: 252.13 Mbit/s
Upload: 19.82 Mbit/s
Sat Mar 30 11:45:01 CET 2019
Ping: 23.27 ms
Download: 257.39 Mbit/s
Upload: 19.46 Mbit/s
Sat Mar 30 12:45:01 CET 2019
Ping: 23.528 ms
Download: 125.92 Mbit/s
Upload: 19.29 Mbit/s
Sat Mar 30 13:45:01 CET 2019
Ping: 24.67 ms
Download: 181.54 Mbit/s
Upload: 19.31 Mbit/s
Sat Mar 30 14:45:01 CET 2019
Ping: 25.196 ms
Download: 225.57 Mbit/s
Upload: 19.25 Mbit/s
Sat Mar 30 15:45:02 CET 2019
Ping: 22.878 ms
Download: 244.10 Mbit/s
Upload: 19.73 Mbit/s
Sat Mar 30 16:45:01 CET 2019
Ping: 22.569 ms
Download: 217.79 Mbit/s
Upload: 19.86 Mbit/s
Sat Mar 30 17:45:01 CET 2019
Ping: 23.275 ms
Download: 138.15 Mbit/s
Upload: 19.35 Mbit/s
Sat Mar 30 18:45:01 CET 2019
Ping: 22.55 ms
Download: 211.58 Mbit/s
Upload: 18.85 Mbit/s
Sat Mar 30 19:45:01 CET 2019
Ping: 23.457 ms
Download: 151.89 Mbit/s
Upload: 19.61 Mbit/s
Sat Mar 30 20:45:01 CET 2019
Ping: 23.829 ms
Download: 146.70 Mbit/s
Upload: 19.38 Mbit/s
Sat Mar 30 21:45:01 CET 2019
Ping: 25.555 ms
Download: 230.38 Mbit/s
Upload: 19.27 Mbit/s
Sat Mar 30 22:45:02 CET 2019
Ping: 23.541 ms
Download: 209.34 Mbit/s
Upload: 19.58 Mbit/s
Sat Mar 30 23:45:01 CET 2019
Ping: 25.498 ms
Download: 127.93 Mbit/s
Upload: 19.32 Mbit/s
Sun Mar 31 00:45:01 CET 2019
Ping: 24.044 ms
Download: 196.53 Mbit/s
Upload: 19.32 Mbit/s
Sun Mar 31 01:45:01 CET 2019
Ping: 23.136 ms
Download: 78.76 Mbit/s
Upload: 19.21 Mbit/s
Sun Mar 31 03:45:01 CEST 2019
Ping: 23.7 ms
Download: 97.03 Mbit/s
Upload: 19.32 Mbit/s
Sun Mar 31 04:45:01 CEST 2019
Ping: 22.081 ms
Download: 236.78 Mbit/s
Upload: 19.53 Mbit/s
Sun Mar 31 05:45:01 CEST 2019
Ping: 24.04 ms
Download: 194.00 Mbit/s
Upload: 19.02 Mbit/s
Sun Mar 31 06:45:01 CEST 2019
Ping: 23.72 ms
Download: 110.38 Mbit/s
Upload: 19.53 Mbit/s
Sun Mar 31 07:45:01 CEST 2019
Ping: 23.381 ms
Download: 132.09 Mbit/s
Upload: 19.14 Mbit/s
Sun Mar 31 08:45:01 CEST 2019
Ping: 22.771 ms
Download: 235.32 Mbit/s
Upload: 19.00 Mbit/s
Sun Mar 31 09:45:02 CEST 2019
Ping: 23.254 ms
Download: 227.65 Mbit/s
Upload: 19.75 Mbit/s
Sun Mar 31 10:45:01 CEST 2019
Ping: 23.137 ms
Download: 245.05 Mbit/s
Upload: 19.64 Mbit/s
Sun Mar 31 11:45:01 CEST 2019
Ping: 23.863 ms
Download: 258.18 Mbit/s
Upload: 19.83 Mbit/s
Sun Mar 31 12:45:01 CEST 2019
Ping: 23.874 ms
Download: 154.72 Mbit/s
Upload: 19.26 Mbit/s
Sun Mar 31 13:45:01 CEST 2019
Ping: 25.595 ms
Download: 169.44 Mbit/s
Upload: 19.70 Mbit/s
Sun Mar 31 14:45:01 CEST 2019
Ping: 23.439 ms
Download: 232.46 Mbit/s
Upload: 19.40 Mbit/s
Sun Mar 31 15:45:02 CEST 2019
Ping: 23.08 ms
Download: 276.21 Mbit/s
Upload: 19.75 Mbit/s
Sun Mar 31 16:45:01 CEST 2019
Ping: 24.533 ms
Download: 219.16 Mbit/s
Upload: 19.65 Mbit/s
Sun Mar 31 17:45:01 CEST 2019
Ping: 23.258 ms
Download: 177.46 Mbit/s
Upload: 19.45 Mbit/s
Sun Mar 31 18:45:01 CEST 2019
Ping: 24.361 ms
Download: 144.40 Mbit/s
Upload: 19.52 Mbit/s
Sun Mar 31 19:45:01 CEST 2019
Ping: 25.937 ms
Download: 112.45 Mbit/s
Upload: 19.44 Mbit/s
Sun Mar 31 20:45:01 CEST 2019
Ping: 25.006 ms
Download: 185.98 Mbit/s
Upload: 18.68 Mbit/s
Sun Mar 31 21:45:01 CEST 2019
Ping: 24.427 ms
Download: 127.00 Mbit/s
Upload: 18.72 Mbit/s
Sun Mar 31 22:45:01 CEST 2019
Ping: 23.874 ms
Download: 282.68 Mbit/s
Upload: 19.54 Mbit/s
Sun Mar 31 23:45:02 CEST 2019
Ping: 26.759 ms
Download: 229.06 Mbit/s
Upload: 19.89 Mbit/s
