Sat Dec 28 16:45:01 CET 2019
Ping: 26.881 ms
Download: 132.31 Mbit/s
Upload: 19.54 Mbit/s
Sat Dec 28 17:45:01 CET 2019
Ping: 24.752 ms
Download: 221.45 Mbit/s
Upload: 19.10 Mbit/s
Sat Dec 28 19:45:01 CET 2019
Ping: 26.63 ms
Download: 109.34 Mbit/s
Upload: 19.01 Mbit/s
Sat Dec 28 20:45:01 CET 2019
Ping: 24.64 ms
Download: 262.78 Mbit/s
Upload: 19.47 Mbit/s
Sat Dec 28 21:45:01 CET 2019
Ping: 24.544 ms
Download: 143.23 Mbit/s
Upload: 19.57 Mbit/s
Sat Dec 28 22:45:01 CET 2019
Ping: 25.554 ms
Download: 117.00 Mbit/s
Upload: 19.59 Mbit/s
Sat Dec 28 23:45:01 CET 2019
Ping: 23.597 ms
Download: 206.64 Mbit/s
Upload: 19.29 Mbit/s
Sun Dec 29 00:45:01 CET 2019
Ping: 25.179 ms
Download: 145.34 Mbit/s
Upload: 19.05 Mbit/s
Sun Dec 29 01:45:01 CET 2019
Ping: 27.071 ms
Download: 121.80 Mbit/s
Upload: 19.57 Mbit/s
Sun Dec 29 02:45:01 CET 2019
Ping: 26.02 ms
Download: 117.41 Mbit/s
Upload: 19.45 Mbit/s
Sun Dec 29 03:45:01 CET 2019
Ping: 27.047 ms
Download: 215.87 Mbit/s
Upload: 19.77 Mbit/s
Sun Dec 29 04:45:01 CET 2019
Ping: 26.04 ms
Download: 137.89 Mbit/s
Upload: 19.47 Mbit/s
Sun Dec 29 05:45:01 CET 2019
Ping: 25.917 ms
Download: 142.17 Mbit/s
Upload: 18.74 Mbit/s
Sun Dec 29 06:45:01 CET 2019
Ping: 23.248 ms
Download: 214.13 Mbit/s
Upload: 19.80 Mbit/s
Sun Dec 29 07:45:01 CET 2019
Ping: 24.44 ms
Download: 220.62 Mbit/s
Upload: 19.58 Mbit/s
Sun Dec 29 08:45:01 CET 2019
Ping: 24.011 ms
Download: 247.48 Mbit/s
Upload: 19.15 Mbit/s
Sun Dec 29 09:45:01 CET 2019
Ping: 25.527 ms
Download: 122.66 Mbit/s
Upload: 19.61 Mbit/s
Sun Dec 29 10:45:01 CET 2019
Ping: 24.206 ms
Download: 223.04 Mbit/s
Upload: 19.24 Mbit/s
Sun Dec 29 11:45:01 CET 2019
Ping: 24.767 ms
Download: 245.51 Mbit/s
Upload: 19.62 Mbit/s
Sun Dec 29 12:45:01 CET 2019
Ping: 25.05 ms
Download: 210.45 Mbit/s
Upload: 19.45 Mbit/s
Sun Dec 29 13:45:01 CET 2019
Ping: 23.947 ms
Download: 239.15 Mbit/s
Upload: 19.60 Mbit/s
Sun Dec 29 14:45:01 CET 2019
Ping: 22.636 ms
Download: 151.94 Mbit/s
Upload: 19.60 Mbit/s
Sun Dec 29 15:45:01 CET 2019
Ping: 27.164 ms
Download: 251.55 Mbit/s
Upload: 18.50 Mbit/s
Sun Dec 29 16:45:01 CET 2019
Ping: 24.56 ms
Download: 103.10 Mbit/s
Upload: 19.06 Mbit/s
Sun Dec 29 17:45:01 CET 2019
Ping: 24.265 ms
Download: 222.38 Mbit/s
Upload: 19.27 Mbit/s
Sun Dec 29 18:45:02 CET 2019
Ping: 25.343 ms
Download: 96.07 Mbit/s
Upload: 18.85 Mbit/s
Sun Dec 29 19:45:01 CET 2019
Ping: 25.181 ms
Download: 199.13 Mbit/s
Upload: 18.86 Mbit/s
Sun Dec 29 20:45:01 CET 2019
Ping: 25.502 ms
Download: 172.24 Mbit/s
Upload: 18.82 Mbit/s
Sun Dec 29 21:45:01 CET 2019
Ping: 24.726 ms
Download: 136.37 Mbit/s
Upload: 19.65 Mbit/s
Sun Dec 29 22:45:01 CET 2019
Ping: 24.005 ms
Download: 225.18 Mbit/s
Upload: 19.63 Mbit/s
Sun Dec 29 23:45:01 CET 2019
Ping: 24.511 ms
Download: 233.51 Mbit/s
Upload: 19.08 Mbit/s
Mon Dec 30 00:45:01 CET 2019
Ping: 25.902 ms
Download: 226.05 Mbit/s
Upload: 19.19 Mbit/s
Mon Dec 30 01:45:01 CET 2019
Ping: 23.539 ms
Download: 250.90 Mbit/s
Upload: 19.39 Mbit/s
Mon Dec 30 02:45:02 CET 2019
Ping: 25.045 ms
Download: 147.10 Mbit/s
Upload: 19.53 Mbit/s
Mon Dec 30 03:45:02 CET 2019
Ping: 23.11 ms
Download: 121.15 Mbit/s
Upload: 19.43 Mbit/s
Mon Dec 30 04:45:01 CET 2019
Ping: 25.749 ms
Download: 139.62 Mbit/s
Upload: 19.62 Mbit/s
Mon Dec 30 05:45:01 CET 2019
Ping: 24.426 ms
Download: 206.23 Mbit/s
Upload: 19.84 Mbit/s
Mon Dec 30 06:45:01 CET 2019
Ping: 24.017 ms
Download: 234.80 Mbit/s
Upload: 19.84 Mbit/s
Mon Dec 30 07:45:01 CET 2019
Ping: 24.751 ms
Download: 149.20 Mbit/s
Upload: 19.38 Mbit/s
Mon Dec 30 08:45:01 CET 2019
Ping: 25.919 ms
Download: 159.75 Mbit/s
Upload: 19.35 Mbit/s
Mon Dec 30 09:45:01 CET 2019
Ping: 25.168 ms
Download: 114.69 Mbit/s
Upload: 19.29 Mbit/s
Mon Dec 30 10:45:01 CET 2019
Ping: 25.611 ms
Download: 252.32 Mbit/s
Upload: 18.46 Mbit/s
Mon Dec 30 11:45:01 CET 2019
Ping: 25.534 ms
Download: 135.36 Mbit/s
Upload: 19.11 Mbit/s
Mon Dec 30 12:45:01 CET 2019
Ping: 25.679 ms
Download: 223.39 Mbit/s
Upload: 19.03 Mbit/s
Mon Dec 30 13:45:01 CET 2019
Ping: 23.295 ms
Download: 173.52 Mbit/s
Upload: 19.79 Mbit/s
Mon Dec 30 14:45:01 CET 2019
Ping: 24.773 ms
Download: 133.36 Mbit/s
Upload: 19.37 Mbit/s
Mon Dec 30 15:45:01 CET 2019
Ping: 27.366 ms
Download: 201.84 Mbit/s
Upload: 18.87 Mbit/s
Mon Dec 30 16:45:01 CET 2019
Ping: 26.482 ms
Download: 241.87 Mbit/s
Upload: 19.09 Mbit/s
Mon Dec 30 17:45:02 CET 2019
Ping: 25.63 ms
Download: 183.96 Mbit/s
Upload: 19.37 Mbit/s
Mon Dec 30 18:45:01 CET 2019
Ping: 23.938 ms
Download: 138.10 Mbit/s
Upload: 18.62 Mbit/s
Mon Dec 30 19:45:01 CET 2019
Ping: 25.047 ms
Download: 241.79 Mbit/s
Upload: 19.18 Mbit/s
Mon Dec 30 20:45:01 CET 2019
Ping: 23.104 ms
Download: 232.61 Mbit/s
Upload: 18.65 Mbit/s
Mon Dec 30 21:45:01 CET 2019
Ping: 26.14 ms
Download: 216.20 Mbit/s
Upload: 15.38 Mbit/s
Mon Dec 30 22:45:01 CET 2019
Ping: 25.84 ms
Download: 234.52 Mbit/s
Upload: 19.35 Mbit/s
Mon Dec 30 23:45:01 CET 2019
Ping: 26.303 ms
Download: 138.32 Mbit/s
Upload: 19.38 Mbit/s
Tue Dec 31 00:45:01 CET 2019
Ping: 27.58 ms
Download: 234.23 Mbit/s
Upload: 19.43 Mbit/s
Tue Dec 31 01:45:01 CET 2019
Ping: 25.693 ms
Download: 120.96 Mbit/s
Upload: 19.13 Mbit/s
Tue Dec 31 02:45:01 CET 2019
Ping: 25.979 ms
Download: 225.64 Mbit/s
Upload: 18.12 Mbit/s
Tue Dec 31 03:45:01 CET 2019
Ping: 26.853 ms
Download: 94.80 Mbit/s
Upload: 19.72 Mbit/s
Tue Dec 31 04:45:01 CET 2019
Ping: 25.676 ms
Download: 142.66 Mbit/s
Upload: 19.67 Mbit/s
Tue Dec 31 05:45:01 CET 2019
Ping: 25.175 ms
Download: 234.26 Mbit/s
Upload: 19.39 Mbit/s
Tue Dec 31 06:45:01 CET 2019
Ping: 23.293 ms
Download: 211.40 Mbit/s
Upload: 19.89 Mbit/s
Tue Dec 31 07:45:01 CET 2019
Ping: 25.755 ms
Download: 110.56 Mbit/s
Upload: 19.07 Mbit/s
Tue Dec 31 08:45:01 CET 2019
Ping: 22.836 ms
Download: 212.60 Mbit/s
Upload: 19.45 Mbit/s
Tue Dec 31 09:45:01 CET 2019
Ping: 25.28 ms
Download: 128.74 Mbit/s
Upload: 19.08 Mbit/s
Tue Dec 31 10:45:01 CET 2019
Ping: 24.07 ms
Download: 235.01 Mbit/s
Upload: 19.33 Mbit/s
Tue Dec 31 11:45:01 CET 2019
Ping: 26.297 ms
Download: 147.21 Mbit/s
Upload: 19.42 Mbit/s
Tue Dec 31 12:45:01 CET 2019
Ping: 24.085 ms
Download: 212.60 Mbit/s
Upload: 19.05 Mbit/s
Tue Dec 31 13:45:01 CET 2019
Ping: 25.501 ms
Download: 104.58 Mbit/s
Upload: 19.84 Mbit/s
Tue Dec 31 14:45:01 CET 2019
Ping: 25.693 ms
Download: 147.48 Mbit/s
Upload: 19.01 Mbit/s
Tue Dec 31 15:45:01 CET 2019
Ping: 26.716 ms
Download: 143.42 Mbit/s
Upload: 18.59 Mbit/s
Tue Dec 31 16:45:01 CET 2019
Ping: 23.741 ms
Download: 233.84 Mbit/s
Upload: 19.36 Mbit/s
Tue Dec 31 17:45:01 CET 2019
Ping: 24.013 ms
Download: 155.33 Mbit/s
Upload: 19.45 Mbit/s
Tue Dec 31 18:45:01 CET 2019
Ping: 23.65 ms
Download: 104.65 Mbit/s
Upload: 19.15 Mbit/s
Tue Dec 31 19:45:01 CET 2019
Ping: 22.797 ms
Download: 246.03 Mbit/s
Upload: 19.86 Mbit/s
Tue Dec 31 20:45:01 CET 2019
Ping: 22.076 ms
Download: 182.33 Mbit/s
Upload: 19.41 Mbit/s
Tue Dec 31 21:45:01 CET 2019
Ping: 24.388 ms
Download: 160.96 Mbit/s
Upload: 19.31 Mbit/s
Tue Dec 31 22:45:01 CET 2019
Ping: 23.421 ms
Download: 149.00 Mbit/s
Upload: 19.25 Mbit/s
Tue Dec 31 23:45:01 CET 2019
Ping: 23.509 ms
Download: 220.67 Mbit/s
Upload: 19.55 Mbit/s
