Sat Jun  1 00:45:01 CEST 2019
Ping: 24.363 ms
Download: 230.83 Mbit/s
Upload: 19.55 Mbit/s
Sat Jun  1 01:45:01 CEST 2019
Ping: 22.919 ms
Download: 126.75 Mbit/s
Upload: 19.25 Mbit/s
Sat Jun  1 02:45:02 CEST 2019
Ping: 24.158 ms
Download: 225.91 Mbit/s
Upload: 19.71 Mbit/s
Sat Jun  1 03:45:01 CEST 2019
Ping: 23.432 ms
Download: 261.33 Mbit/s
Upload: 19.84 Mbit/s
Sat Jun  1 04:45:01 CEST 2019
Ping: 22.592 ms
Download: 153.33 Mbit/s
Upload: 19.83 Mbit/s
Sat Jun  1 05:45:01 CEST 2019
Ping: 23.859 ms
Download: 254.50 Mbit/s
Upload: 19.83 Mbit/s
Sat Jun  1 06:45:01 CEST 2019
Ping: 23.73 ms
Download: 275.74 Mbit/s
Upload: 19.63 Mbit/s
Sat Jun  1 07:45:01 CEST 2019
Ping: 23.571 ms
Download: 154.04 Mbit/s
Upload: 19.15 Mbit/s
Sat Jun  1 08:45:01 CEST 2019
Ping: 21.973 ms
Download: 233.28 Mbit/s
Upload: 19.61 Mbit/s
Sat Jun  1 09:45:01 CEST 2019
Ping: 26.728 ms
Download: 0.94 Mbit/s
Upload: 0.90 Mbit/s
Sat Jun  1 10:45:01 CEST 2019
Ping: 24.619 ms
Download: 224.23 Mbit/s
Upload: 19.37 Mbit/s
Sat Jun  1 11:45:01 CEST 2019
Ping: 22.402 ms
Download: 247.19 Mbit/s
Upload: 18.66 Mbit/s
Sat Jun  1 12:45:02 CEST 2019
Ping: 22.66 ms
Download: 241.52 Mbit/s
Upload: 19.05 Mbit/s
Sat Jun  1 13:45:01 CEST 2019
Ping: 24.001 ms
Download: 106.50 Mbit/s
Upload: 19.83 Mbit/s
Sat Jun  1 14:45:01 CEST 2019
Ping: 22.689 ms
Download: 137.65 Mbit/s
Upload: 19.09 Mbit/s
Sat Jun  1 15:45:01 CEST 2019
Ping: 23.844 ms
Download: 227.87 Mbit/s
Upload: 19.37 Mbit/s
Sat Jun  1 16:45:01 CEST 2019
Ping: 22.783 ms
Download: 256.61 Mbit/s
Upload: 19.47 Mbit/s
Sat Jun  1 17:45:01 CEST 2019
Ping: 23.761 ms
Download: 199.53 Mbit/s
Upload: 19.42 Mbit/s
Sat Jun  1 18:45:01 CEST 2019
Ping: 24.0 ms
Download: 123.22 Mbit/s
Upload: 19.15 Mbit/s
Sat Jun  1 19:45:01 CEST 2019
Ping: 23.552 ms
Download: 241.97 Mbit/s
Upload: 19.58 Mbit/s
Sat Jun  1 20:45:01 CEST 2019
Ping: 24.683 ms
Download: 197.38 Mbit/s
Upload: 19.38 Mbit/s
Sat Jun  1 21:45:01 CEST 2019
Ping: 22.919 ms
Download: 180.79 Mbit/s
Upload: 19.20 Mbit/s
Sat Jun  1 22:45:01 CEST 2019
Ping: 26.898 ms
Download: 172.40 Mbit/s
Upload: 19.10 Mbit/s
Sat Jun  1 23:45:01 CEST 2019
Ping: 24.681 ms
Download: 214.23 Mbit/s
Upload: 19.85 Mbit/s
Sun Jun  2 00:45:02 CEST 2019
Ping: 26.013 ms
Download: 152.46 Mbit/s
Upload: 19.11 Mbit/s
Sun Jun  2 01:45:01 CEST 2019
Ping: 23.638 ms
Download: 239.77 Mbit/s
Upload: 19.52 Mbit/s
Sun Jun  2 02:45:02 CEST 2019
Ping: 25.399 ms
Download: 247.06 Mbit/s
Upload: 19.46 Mbit/s
Sun Jun  2 03:45:01 CEST 2019
Ping: 21.928 ms
Download: 240.76 Mbit/s
Upload: 19.56 Mbit/s
Sun Jun  2 04:45:01 CEST 2019
Ping: 23.059 ms
Download: 148.03 Mbit/s
Upload: 19.08 Mbit/s
Sun Jun  2 05:45:01 CEST 2019
Ping: 22.882 ms
Download: 242.80 Mbit/s
Upload: 19.54 Mbit/s
Sun Jun  2 06:45:01 CEST 2019
Ping: 23.023 ms
Download: 127.75 Mbit/s
Upload: 18.89 Mbit/s
Sun Jun  2 07:45:01 CEST 2019
Ping: 22.798 ms
Download: 230.63 Mbit/s
Upload: 19.61 Mbit/s
Sun Jun  2 08:45:01 CEST 2019
Ping: 27.142 ms
Download: 228.41 Mbit/s
Upload: 19.33 Mbit/s
Sun Jun  2 09:45:01 CEST 2019
Ping: 23.926 ms
Download: 233.20 Mbit/s
Upload: 19.70 Mbit/s
Sun Jun  2 10:45:01 CEST 2019
Ping: 25.063 ms
Download: 128.67 Mbit/s
Upload: 19.00 Mbit/s
Sun Jun  2 11:45:01 CEST 2019
Ping: 24.833 ms
Download: 218.91 Mbit/s
Upload: 19.39 Mbit/s
Sun Jun  2 12:45:01 CEST 2019
Ping: 27.41 ms
Download: 134.46 Mbit/s
Upload: 19.67 Mbit/s
Sun Jun  2 13:45:01 CEST 2019
Ping: 23.763 ms
Download: 284.11 Mbit/s
Upload: 19.20 Mbit/s
Sun Jun  2 14:45:02 CEST 2019
Ping: 25.139 ms
Download: 167.36 Mbit/s
Upload: 19.08 Mbit/s
Sun Jun  2 15:45:02 CEST 2019
Ping: 23.056 ms
Download: 242.16 Mbit/s
Upload: 19.32 Mbit/s
Sun Jun  2 16:45:01 CEST 2019
Ping: 26.62 ms
Download: 267.15 Mbit/s
Upload: 18.87 Mbit/s
Sun Jun  2 17:45:01 CEST 2019
Ping: 22.546 ms
Download: 230.34 Mbit/s
Upload: 19.58 Mbit/s
Sun Jun  2 18:45:01 CEST 2019
Ping: 26.066 ms
Download: 129.66 Mbit/s
Upload: 19.21 Mbit/s
Sun Jun  2 19:45:01 CEST 2019
Ping: 23.368 ms
Download: 229.47 Mbit/s
Upload: 19.28 Mbit/s
Sun Jun  2 20:45:01 CEST 2019
Ping: 24.701 ms
Download: 167.06 Mbit/s
Upload: 19.74 Mbit/s
Sun Jun  2 21:45:01 CEST 2019
Ping: 22.936 ms
Download: 218.85 Mbit/s
Upload: 19.19 Mbit/s
Sun Jun  2 22:45:01 CEST 2019
Ping: 26.047 ms
Download: 229.67 Mbit/s
Upload: 19.03 Mbit/s
Sun Jun  2 23:45:01 CEST 2019
Ping: 22.914 ms
Download: 226.15 Mbit/s
Upload: 19.49 Mbit/s
Mon Jun  3 00:45:01 CEST 2019
Ping: 24.589 ms
Download: 177.78 Mbit/s
Upload: 18.93 Mbit/s
Mon Jun  3 01:45:01 CEST 2019
Ping: 22.701 ms
Download: 235.18 Mbit/s
Upload: 19.62 Mbit/s
Mon Jun  3 02:45:01 CEST 2019
Ping: 23.752 ms
Download: 127.54 Mbit/s
Upload: 19.14 Mbit/s
Mon Jun  3 03:45:01 CEST 2019
Ping: 23.443 ms
Download: 169.98 Mbit/s
Upload: 19.39 Mbit/s
Mon Jun  3 04:45:01 CEST 2019
Ping: 25.078 ms
Download: 154.33 Mbit/s
Upload: 19.24 Mbit/s
Mon Jun  3 05:45:01 CEST 2019
Ping: 21.892 ms
Download: 234.82 Mbit/s
Upload: 19.44 Mbit/s
Mon Jun  3 06:45:01 CEST 2019
Ping: 24.842 ms
Download: 169.41 Mbit/s
Upload: 19.31 Mbit/s
Mon Jun  3 07:45:01 CEST 2019
Ping: 24.075 ms
Download: 246.31 Mbit/s
Upload: 19.36 Mbit/s
Mon Jun  3 08:45:01 CEST 2019
Ping: 25.09 ms
Download: 189.29 Mbit/s
Upload: 19.44 Mbit/s
Mon Jun  3 09:45:01 CEST 2019
Ping: 24.752 ms
Download: 242.09 Mbit/s
Upload: 19.81 Mbit/s
Mon Jun  3 10:45:01 CEST 2019
Ping: 23.54 ms
Download: 171.29 Mbit/s
Upload: 19.68 Mbit/s
Mon Jun  3 11:45:01 CEST 2019
Ping: 22.807 ms
Download: 120.48 Mbit/s
Upload: 19.34 Mbit/s
Mon Jun  3 12:45:01 CEST 2019
Ping: 24.209 ms
Download: 212.86 Mbit/s
Upload: 19.32 Mbit/s
Mon Jun  3 13:45:01 CEST 2019
Ping: 23.58 ms
Download: 223.20 Mbit/s
Upload: 18.76 Mbit/s
Mon Jun  3 14:45:01 CEST 2019
Ping: 25.498 ms
Download: 92.46 Mbit/s
Upload: 19.00 Mbit/s
Mon Jun  3 15:45:01 CEST 2019
Ping: 22.381 ms
Download: 231.99 Mbit/s
Upload: 19.56 Mbit/s
Mon Jun  3 16:45:01 CEST 2019
Ping: 25.276 ms
Download: 102.28 Mbit/s
Upload: 19.18 Mbit/s
Mon Jun  3 17:45:01 CEST 2019
Ping: 23.841 ms
Download: 248.36 Mbit/s
Upload: 19.02 Mbit/s
Mon Jun  3 18:45:01 CEST 2019
Could not retrieve speedtest.net configuration
Mon Jun  3 19:45:01 CEST 2019
Ping: 24.011 ms
Download: 158.98 Mbit/s
Upload: 19.55 Mbit/s
Mon Jun  3 20:45:01 CEST 2019
Ping: 24.72 ms
Download: 65.29 Mbit/s
Upload: 19.78 Mbit/s
Mon Jun  3 21:45:01 CEST 2019
Ping: 25.811 ms
Download: 103.02 Mbit/s
Upload: 18.71 Mbit/s
Mon Jun  3 22:45:01 CEST 2019
Ping: 24.556 ms
Download: 139.78 Mbit/s
Upload: 19.64 Mbit/s
Mon Jun  3 23:45:01 CEST 2019
Ping: 24.097 ms
Download: 238.71 Mbit/s
Upload: 19.59 Mbit/s
Tue Jun  4 00:45:01 CEST 2019
Ping: 25.337 ms
Download: 121.32 Mbit/s
Upload: 19.67 Mbit/s
Tue Jun  4 01:45:01 CEST 2019
Ping: 24.125 ms
Download: 243.77 Mbit/s
Upload: 19.44 Mbit/s
Tue Jun  4 02:45:02 CEST 2019
Ping: 27.786 ms
Download: 205.93 Mbit/s
Upload: 19.52 Mbit/s
Tue Jun  4 03:45:01 CEST 2019
Ping: 23.414 ms
Download: 154.72 Mbit/s
Upload: 17.48 Mbit/s
Tue Jun  4 04:45:01 CEST 2019
Ping: 25.004 ms
Download: 214.16 Mbit/s
Upload: 19.25 Mbit/s
Tue Jun  4 05:45:01 CEST 2019
Ping: 22.214 ms
Download: 228.22 Mbit/s
Upload: 19.29 Mbit/s
Tue Jun  4 07:45:01 CEST 2019
Ping: 23.307 ms
Download: 167.19 Mbit/s
Upload: 19.51 Mbit/s
Tue Jun  4 08:45:01 CEST 2019
Ping: 24.645 ms
Download: 150.94 Mbit/s
Upload: 18.71 Mbit/s
Tue Jun  4 09:45:01 CEST 2019
Ping: 22.347 ms
Download: 272.19 Mbit/s
Upload: 18.80 Mbit/s
Tue Jun  4 10:45:01 CEST 2019
Ping: 25.557 ms
Download: 282.19 Mbit/s
Upload: 19.39 Mbit/s
Tue Jun  4 11:45:01 CEST 2019
Ping: 24.248 ms
Download: 248.66 Mbit/s
Upload: 19.27 Mbit/s
Tue Jun  4 12:45:01 CEST 2019
Ping: 24.069 ms
Download: 175.64 Mbit/s
Upload: 19.67 Mbit/s
Tue Jun  4 13:45:01 CEST 2019
Ping: 22.007 ms
Download: 223.17 Mbit/s
Upload: 19.47 Mbit/s
Tue Jun  4 14:45:01 CEST 2019
Ping: 24.196 ms
Download: 89.07 Mbit/s
Upload: 19.10 Mbit/s
Tue Jun  4 15:45:02 CEST 2019
Ping: 23.949 ms
Download: 149.51 Mbit/s
Upload: 19.87 Mbit/s
Tue Jun  4 16:45:01 CEST 2019
Ping: 24.61 ms
Download: 168.83 Mbit/s
Upload: 19.71 Mbit/s
Tue Jun  4 17:45:01 CEST 2019
Ping: 25.194 ms
Download: 240.89 Mbit/s
Upload: 19.29 Mbit/s
Tue Jun  4 18:45:01 CEST 2019
Ping: 24.018 ms
Download: 111.84 Mbit/s
Upload: 19.17 Mbit/s
Tue Jun  4 19:45:01 CEST 2019
Ping: 22.49 ms
Download: 306.77 Mbit/s
Upload: 18.94 Mbit/s
Tue Jun  4 20:45:01 CEST 2019
Ping: 25.718 ms
Download: 184.55 Mbit/s
Upload: 19.66 Mbit/s
Tue Jun  4 21:45:02 CEST 2019
Ping: 23.273 ms
Download: 251.44 Mbit/s
Upload: 19.33 Mbit/s
Tue Jun  4 22:45:01 CEST 2019
Ping: 24.175 ms
Download: 135.01 Mbit/s
Upload: 19.42 Mbit/s
Tue Jun  4 23:45:01 CEST 2019
Ping: 24.118 ms
Download: 207.22 Mbit/s
Upload: 19.40 Mbit/s
Wed Jun  5 00:45:01 CEST 2019
Ping: 24.555 ms
Download: 184.27 Mbit/s
Upload: 19.45 Mbit/s
Wed Jun  5 01:45:01 CEST 2019
Ping: 22.53 ms
Download: 248.11 Mbit/s
Upload: 19.69 Mbit/s
Wed Jun  5 02:45:02 CEST 2019
Ping: 23.921 ms
Download: 179.23 Mbit/s
Upload: 19.38 Mbit/s
Wed Jun  5 03:45:01 CEST 2019
Ping: 22.21 ms
Download: 230.12 Mbit/s
Upload: 19.35 Mbit/s
Wed Jun  5 04:45:01 CEST 2019
Ping: 28.024 ms
Download: 221.31 Mbit/s
Upload: 19.73 Mbit/s
Wed Jun  5 05:45:01 CEST 2019
Ping: 22.884 ms
Download: 255.29 Mbit/s
Upload: 19.42 Mbit/s
Wed Jun  5 06:45:01 CEST 2019
Ping: 24.064 ms
Download: 169.51 Mbit/s
Upload: 19.01 Mbit/s
Wed Jun  5 07:45:01 CEST 2019
Ping: 22.808 ms
Download: 218.72 Mbit/s
Upload: 19.56 Mbit/s
Wed Jun  5 08:45:01 CEST 2019
Ping: 26.475 ms
Download: 237.49 Mbit/s
Upload: 19.87 Mbit/s
Wed Jun  5 09:45:01 CEST 2019
Ping: 23.088 ms
Download: 123.51 Mbit/s
Upload: 19.71 Mbit/s
Wed Jun  5 10:45:01 CEST 2019
Ping: 24.77 ms
Download: 231.09 Mbit/s
Upload: 19.68 Mbit/s
Wed Jun  5 11:45:01 CEST 2019
Ping: 22.898 ms
Download: 222.16 Mbit/s
Upload: 19.62 Mbit/s
Wed Jun  5 12:45:01 CEST 2019
Ping: 24.034 ms
Download: 104.21 Mbit/s
Upload: 19.81 Mbit/s
Wed Jun  5 13:45:01 CEST 2019
Ping: 22.839 ms
Download: 264.57 Mbit/s
Upload: 19.09 Mbit/s
Wed Jun  5 14:45:01 CEST 2019
Ping: 24.462 ms
Download: 134.85 Mbit/s
Upload: 18.21 Mbit/s
Wed Jun  5 15:45:01 CEST 2019
Ping: 24.062 ms
Download: 209.31 Mbit/s
Upload: 19.74 Mbit/s
Wed Jun  5 16:45:02 CEST 2019
Ping: 26.606 ms
Download: 216.49 Mbit/s
Upload: 19.26 Mbit/s
Wed Jun  5 17:45:01 CEST 2019
Ping: 23.038 ms
Download: 254.67 Mbit/s
Upload: 19.42 Mbit/s
Wed Jun  5 18:45:01 CEST 2019
Ping: 24.755 ms
Download: 245.39 Mbit/s
Upload: 19.24 Mbit/s
Wed Jun  5 19:45:01 CEST 2019
Ping: 23.335 ms
Download: 236.00 Mbit/s
Upload: 19.66 Mbit/s
Wed Jun  5 20:45:01 CEST 2019
Ping: 25.938 ms
Download: 126.95 Mbit/s
Upload: 19.58 Mbit/s
Wed Jun  5 21:45:01 CEST 2019
Ping: 22.736 ms
Download: 236.82 Mbit/s
Upload: 19.27 Mbit/s
Wed Jun  5 22:45:01 CEST 2019
Ping: 24.464 ms
Download: 129.51 Mbit/s
Upload: 19.87 Mbit/s
Wed Jun  5 23:45:01 CEST 2019
Ping: 25.248 ms
Download: 240.81 Mbit/s
Upload: 19.82 Mbit/s
Thu Jun  6 00:45:01 CEST 2019
Ping: 26.415 ms
Download: 236.16 Mbit/s
Upload: 19.52 Mbit/s
Thu Jun  6 01:45:01 CEST 2019
Ping: 22.594 ms
Download: 171.19 Mbit/s
Upload: 19.71 Mbit/s
Thu Jun  6 02:45:01 CEST 2019
Ping: 24.531 ms
Download: 247.22 Mbit/s
Upload: 19.62 Mbit/s
Thu Jun  6 03:45:01 CEST 2019
Ping: 23.527 ms
Download: 130.31 Mbit/s
Upload: 19.27 Mbit/s
Thu Jun  6 04:45:01 CEST 2019
Ping: 24.202 ms
Download: 152.18 Mbit/s
Upload: 19.00 Mbit/s
Thu Jun  6 05:45:01 CEST 2019
Ping: 22.294 ms
Download: 231.60 Mbit/s
Upload: 19.59 Mbit/s
Thu Jun  6 06:45:01 CEST 2019
Ping: 24.19 ms
Download: 158.65 Mbit/s
Upload: 19.13 Mbit/s
Thu Jun  6 07:45:01 CEST 2019
Ping: 22.637 ms
Download: 219.02 Mbit/s
Upload: 19.41 Mbit/s
Thu Jun  6 08:45:01 CEST 2019
Ping: 26.046 ms
Download: 248.71 Mbit/s
Upload: 19.12 Mbit/s
Thu Jun  6 09:45:01 CEST 2019
Ping: 22.554 ms
Download: 112.40 Mbit/s
Upload: 19.60 Mbit/s
Thu Jun  6 10:45:01 CEST 2019
Ping: 22.909 ms
Download: 158.38 Mbit/s
Upload: 19.60 Mbit/s
Thu Jun  6 11:45:01 CEST 2019
Ping: 23.772 ms
Download: 168.01 Mbit/s
Upload: 19.27 Mbit/s
Thu Jun  6 12:45:01 CEST 2019
Ping: 24.774 ms
Download: 233.21 Mbit/s
Upload: 19.55 Mbit/s
Thu Jun  6 13:45:01 CEST 2019
Ping: 21.954 ms
Download: 243.95 Mbit/s
Upload: 19.20 Mbit/s
Thu Jun  6 14:45:01 CEST 2019
Ping: 24.256 ms
Download: 144.60 Mbit/s
Upload: 18.93 Mbit/s
Thu Jun  6 15:45:01 CEST 2019
Ping: 23.784 ms
Download: 160.70 Mbit/s
Upload: 19.78 Mbit/s
Thu Jun  6 16:45:01 CEST 2019
Ping: 24.141 ms
Download: 136.36 Mbit/s
Upload: 18.70 Mbit/s
Thu Jun  6 17:45:01 CEST 2019
Ping: 25.15 ms
Download: 122.64 Mbit/s
Upload: 19.30 Mbit/s
Thu Jun  6 18:45:01 CEST 2019
Ping: 25.387 ms
Download: 124.12 Mbit/s
Upload: 19.51 Mbit/s
Thu Jun  6 19:45:01 CEST 2019
Ping: 23.836 ms
Download: 265.76 Mbit/s
Upload: 19.01 Mbit/s
Thu Jun  6 20:45:01 CEST 2019
Ping: 25.241 ms
Download: 138.34 Mbit/s
Upload: 19.51 Mbit/s
Thu Jun  6 21:45:01 CEST 2019
Ping: 23.813 ms
Download: 251.94 Mbit/s
Upload: 18.90 Mbit/s
Thu Jun  6 22:45:01 CEST 2019
Ping: 26.43 ms
Download: 209.54 Mbit/s
Upload: 19.43 Mbit/s
Thu Jun  6 23:45:01 CEST 2019
Ping: 25.407 ms
Download: 256.33 Mbit/s
Upload: 19.51 Mbit/s
Fri Jun  7 00:45:01 CEST 2019
Ping: 25.419 ms
Download: 195.68 Mbit/s
Upload: 19.69 Mbit/s
Fri Jun  7 01:45:01 CEST 2019
Ping: 22.123 ms
Download: 220.68 Mbit/s
Upload: 18.86 Mbit/s
Fri Jun  7 02:45:01 CEST 2019
Ping: 23.513 ms
Download: 159.95 Mbit/s
Upload: 19.14 Mbit/s
Fri Jun  7 03:45:01 CEST 2019
Ping: 22.443 ms
Download: 170.67 Mbit/s
Upload: 19.68 Mbit/s
Fri Jun  7 04:45:01 CEST 2019
Ping: 23.239 ms
Download: 137.40 Mbit/s
Upload: 19.42 Mbit/s
Fri Jun  7 05:45:01 CEST 2019
Ping: 23.447 ms
Download: 241.94 Mbit/s
Upload: 19.77 Mbit/s
Fri Jun  7 06:45:01 CEST 2019
Ping: 25.406 ms
Download: 208.79 Mbit/s
Upload: 19.70 Mbit/s
Fri Jun  7 07:45:01 CEST 2019
Ping: 23.413 ms
Download: 235.13 Mbit/s
Upload: 19.48 Mbit/s
Fri Jun  7 08:45:01 CEST 2019
Ping: 25.709 ms
Download: 261.67 Mbit/s
Upload: 19.17 Mbit/s
Fri Jun  7 09:45:01 CEST 2019
Ping: 23.137 ms
Download: 156.19 Mbit/s
Upload: 19.64 Mbit/s
Fri Jun  7 10:45:01 CEST 2019
Ping: 27.355 ms
Download: 0.68 Mbit/s
Upload: 0.75 Mbit/s
Fri Jun  7 11:45:01 CEST 2019
Ping: 23.579 ms
Download: 257.28 Mbit/s
Upload: 19.63 Mbit/s
Fri Jun  7 12:45:01 CEST 2019
Ping: 23.468 ms
Download: 99.16 Mbit/s
Upload: 19.04 Mbit/s
Fri Jun  7 13:45:01 CEST 2019
Ping: 23.5 ms
Download: 247.41 Mbit/s
Upload: 18.94 Mbit/s
Fri Jun  7 14:45:01 CEST 2019
Ping: 25.944 ms
Download: 216.34 Mbit/s
Upload: 19.29 Mbit/s
Fri Jun  7 15:45:01 CEST 2019
Ping: 24.253 ms
Download: 175.63 Mbit/s
Upload: 19.52 Mbit/s
Fri Jun  7 16:45:01 CEST 2019
Ping: 25.031 ms
Download: 248.49 Mbit/s
Upload: 19.31 Mbit/s
Fri Jun  7 17:45:01 CEST 2019
Ping: 23.606 ms
Download: 234.15 Mbit/s
Upload: 19.71 Mbit/s
Fri Jun  7 18:45:01 CEST 2019
Ping: 24.778 ms
Download: 240.40 Mbit/s
Upload: 19.59 Mbit/s
Fri Jun  7 19:45:01 CEST 2019
Ping: 22.989 ms
Download: 231.66 Mbit/s
Upload: 19.00 Mbit/s
Fri Jun  7 20:45:01 CEST 2019
Ping: 23.401 ms
Download: 123.06 Mbit/s
Upload: 19.56 Mbit/s
Fri Jun  7 21:45:01 CEST 2019
Ping: 24.8 ms
Download: 206.11 Mbit/s
Upload: 19.21 Mbit/s
Fri Jun  7 22:45:01 CEST 2019
Ping: 23.568 ms
Download: 162.83 Mbit/s
Upload: 19.25 Mbit/s
Fri Jun  7 23:45:01 CEST 2019
Ping: 23.608 ms
Download: 154.28 Mbit/s
Upload: 19.64 Mbit/s
Sat Jun  8 00:45:01 CEST 2019
Ping: 22.935 ms
Download: 148.24 Mbit/s
Upload: 19.47 Mbit/s
Sat Jun  8 01:45:01 CEST 2019
Ping: 21.128 ms
Download: 242.88 Mbit/s
Upload: 19.76 Mbit/s
Sat Jun  8 02:45:01 CEST 2019
Ping: 24.548 ms
Download: 121.14 Mbit/s
Upload: 19.43 Mbit/s
Sat Jun  8 03:45:01 CEST 2019
Ping: 22.902 ms
Download: 138.11 Mbit/s
Upload: 19.73 Mbit/s
Sat Jun  8 04:45:01 CEST 2019
Ping: 24.768 ms
Download: 207.96 Mbit/s
Upload: 19.59 Mbit/s
Sat Jun  8 05:45:01 CEST 2019
Ping: 24.287 ms
Download: 242.44 Mbit/s
Upload: 19.85 Mbit/s
Sat Jun  8 06:45:01 CEST 2019
Ping: 24.055 ms
Download: 163.64 Mbit/s
Upload: 18.66 Mbit/s
Sat Jun  8 07:45:01 CEST 2019
Ping: 23.637 ms
Download: 143.95 Mbit/s
Upload: 19.06 Mbit/s
Sat Jun  8 08:45:01 CEST 2019
Ping: 22.523 ms
Download: 247.00 Mbit/s
Upload: 19.30 Mbit/s
Sat Jun  8 09:45:01 CEST 2019
Ping: 26.053 ms
Download: 273.27 Mbit/s
Upload: 16.73 Mbit/s
Sat Jun  8 10:45:01 CEST 2019
Ping: 23.368 ms
Download: 244.30 Mbit/s
Upload: 19.27 Mbit/s
Sat Jun  8 11:45:01 CEST 2019
Ping: 23.636 ms
Download: 252.36 Mbit/s
Upload: 18.77 Mbit/s
Sat Jun  8 12:45:01 CEST 2019
Ping: 24.124 ms
Download: 234.09 Mbit/s
Upload: 19.55 Mbit/s
Sat Jun  8 13:45:01 CEST 2019
Ping: 22.819 ms
Download: 236.29 Mbit/s
Upload: 19.12 Mbit/s
Sat Jun  8 14:45:01 CEST 2019
Ping: 23.242 ms
Download: 222.21 Mbit/s
Upload: 19.78 Mbit/s
Sat Jun  8 15:45:01 CEST 2019
Ping: 23.812 ms
Download: 144.09 Mbit/s
Upload: 19.64 Mbit/s
Sat Jun  8 16:45:01 CEST 2019
Ping: 23.118 ms
Download: 222.70 Mbit/s
Upload: 19.06 Mbit/s
Sat Jun  8 17:45:01 CEST 2019
Ping: 23.143 ms
Download: 223.91 Mbit/s
Upload: 19.57 Mbit/s
Sat Jun  8 18:45:01 CEST 2019
Ping: 23.578 ms
Download: 169.83 Mbit/s
Upload: 19.55 Mbit/s
Sat Jun  8 19:45:01 CEST 2019
Ping: 24.974 ms
Download: 219.02 Mbit/s
Upload: 19.33 Mbit/s
Sat Jun  8 20:45:01 CEST 2019
Ping: 23.579 ms
Download: 238.46 Mbit/s
Upload: 18.86 Mbit/s
Sat Jun  8 21:45:01 CEST 2019
Ping: 24.437 ms
Download: 266.69 Mbit/s
Upload: 19.19 Mbit/s
Sat Jun  8 22:45:01 CEST 2019
Ping: 25.368 ms
Download: 226.58 Mbit/s
Upload: 19.12 Mbit/s
Sat Jun  8 23:45:01 CEST 2019
Ping: 25.852 ms
Download: 120.43 Mbit/s
Upload: 19.63 Mbit/s
Sun Jun  9 00:45:01 CEST 2019
Ping: 24.879 ms
Download: 131.46 Mbit/s
Upload: 19.51 Mbit/s
Sun Jun  9 01:45:01 CEST 2019
Ping: 24.44 ms
Download: 232.72 Mbit/s
Upload: 19.27 Mbit/s
Sun Jun  9 02:45:01 CEST 2019
Ping: 23.683 ms
Download: 264.42 Mbit/s
Upload: 19.50 Mbit/s
Sun Jun  9 03:45:01 CEST 2019
Ping: 24.291 ms
Download: 138.78 Mbit/s
Upload: 19.80 Mbit/s
Sun Jun  9 04:45:01 CEST 2019
Ping: 24.897 ms
Download: 218.81 Mbit/s
Upload: 19.24 Mbit/s
Sun Jun  9 05:45:01 CEST 2019
Ping: 23.566 ms
Download: 150.08 Mbit/s
Upload: 19.37 Mbit/s
Sun Jun  9 06:45:01 CEST 2019
Ping: 24.448 ms
Download: 223.70 Mbit/s
Upload: 19.77 Mbit/s
Sun Jun  9 07:45:01 CEST 2019
Ping: 27.642 ms
Download: 235.24 Mbit/s
Upload: 18.14 Mbit/s
Sun Jun  9 08:45:01 CEST 2019
Ping: 24.224 ms
Download: 142.69 Mbit/s
Upload: 19.44 Mbit/s
Sun Jun  9 09:45:01 CEST 2019
Ping: 25.525 ms
Download: 111.34 Mbit/s
Upload: 19.57 Mbit/s
Sun Jun  9 10:45:01 CEST 2019
Ping: 24.85 ms
Download: 209.55 Mbit/s
Upload: 19.69 Mbit/s
Sun Jun  9 11:45:01 CEST 2019
Ping: 22.524 ms
Download: 134.85 Mbit/s
Upload: 18.64 Mbit/s
Sun Jun  9 12:45:01 CEST 2019
Ping: 23.08 ms
Download: 238.73 Mbit/s
Upload: 19.35 Mbit/s
Sun Jun  9 13:45:01 CEST 2019
Ping: 24.262 ms
Download: 212.52 Mbit/s
Upload: 19.39 Mbit/s
Sun Jun  9 14:45:01 CEST 2019
Ping: 26.495 ms
Download: 258.29 Mbit/s
Upload: 19.80 Mbit/s
Sun Jun  9 15:45:01 CEST 2019
Ping: 23.188 ms
Download: 223.79 Mbit/s
Upload: 19.52 Mbit/s
Sun Jun  9 16:45:01 CEST 2019
Ping: 23.552 ms
Download: 230.53 Mbit/s
Upload: 19.27 Mbit/s
Sun Jun  9 17:45:01 CEST 2019
Ping: 28.277 ms
Download: 248.81 Mbit/s
Upload: 19.13 Mbit/s
Sun Jun  9 18:45:01 CEST 2019
Ping: 25.139 ms
Download: 116.72 Mbit/s
Upload: 18.97 Mbit/s
Sun Jun  9 19:45:01 CEST 2019
Ping: 25.604 ms
Download: 231.90 Mbit/s
Upload: 19.26 Mbit/s
Sun Jun  9 20:45:01 CEST 2019
Ping: 23.441 ms
Download: 233.09 Mbit/s
Upload: 19.73 Mbit/s
Sun Jun  9 21:45:02 CEST 2019
Ping: 23.529 ms
Download: 120.39 Mbit/s
Upload: 19.29 Mbit/s
Sun Jun  9 22:45:01 CEST 2019
Ping: 23.354 ms
Download: 153.95 Mbit/s
Upload: 19.29 Mbit/s
Sun Jun  9 23:45:01 CEST 2019
Ping: 24.659 ms
Download: 168.02 Mbit/s
Upload: 19.38 Mbit/s
Mon Jun 10 00:45:01 CEST 2019
Ping: 23.769 ms
Download: 55.27 Mbit/s
Upload: 19.54 Mbit/s
Mon Jun 10 01:45:01 CEST 2019
Ping: 25.886 ms
Download: 231.44 Mbit/s
Upload: 19.28 Mbit/s
Mon Jun 10 02:45:01 CEST 2019
Ping: 23.392 ms
Download: 231.84 Mbit/s
Upload: 19.47 Mbit/s
Mon Jun 10 03:45:01 CEST 2019
Ping: 24.207 ms
Download: 185.72 Mbit/s
Upload: 19.51 Mbit/s
Mon Jun 10 04:45:02 CEST 2019
Ping: 24.107 ms
Download: 238.38 Mbit/s
Upload: 19.70 Mbit/s
Mon Jun 10 05:45:01 CEST 2019
Ping: 24.237 ms
Download: 101.33 Mbit/s
Upload: 19.09 Mbit/s
Mon Jun 10 06:45:02 CEST 2019
Ping: 25.353 ms
Download: 171.97 Mbit/s
Upload: 19.63 Mbit/s
Mon Jun 10 07:45:01 CEST 2019
Ping: 23.666 ms
Download: 214.93 Mbit/s
Upload: 19.49 Mbit/s
Mon Jun 10 08:45:01 CEST 2019
Ping: 26.06 ms
Download: 234.62 Mbit/s
Upload: 19.85 Mbit/s
Mon Jun 10 09:45:01 CEST 2019
Ping: 23.938 ms
Download: 147.92 Mbit/s
Upload: 19.20 Mbit/s
Mon Jun 10 10:45:01 CEST 2019
Ping: 22.944 ms
Download: 228.89 Mbit/s
Upload: 19.27 Mbit/s
Mon Jun 10 11:45:01 CEST 2019
Ping: 25.845 ms
Download: 139.22 Mbit/s
Upload: 19.75 Mbit/s
Mon Jun 10 12:45:01 CEST 2019
Ping: 22.871 ms
Download: 256.75 Mbit/s
Upload: 19.67 Mbit/s
Mon Jun 10 13:45:01 CEST 2019
Ping: 27.39 ms
Download: 222.21 Mbit/s
Upload: 19.39 Mbit/s
Mon Jun 10 14:45:01 CEST 2019
Ping: 24.852 ms
Download: 235.87 Mbit/s
Upload: 19.03 Mbit/s
Mon Jun 10 15:45:01 CEST 2019
Ping: 24.608 ms
Download: 187.74 Mbit/s
Upload: 19.57 Mbit/s
Mon Jun 10 16:45:01 CEST 2019
Ping: 25.046 ms
Download: 136.80 Mbit/s
Upload: 19.53 Mbit/s
Mon Jun 10 17:45:01 CEST 2019
Ping: 25.37 ms
Download: 133.95 Mbit/s
Upload: 19.49 Mbit/s
Mon Jun 10 18:45:01 CEST 2019
Ping: 23.125 ms
Download: 233.34 Mbit/s
Upload: 19.68 Mbit/s
Mon Jun 10 19:45:01 CEST 2019
Ping: 23.961 ms
Download: 168.47 Mbit/s
Upload: 19.48 Mbit/s
Mon Jun 10 20:45:01 CEST 2019
Ping: 23.433 ms
Download: 161.21 Mbit/s
Upload: 19.34 Mbit/s
Mon Jun 10 21:45:01 CEST 2019
Ping: 25.521 ms
Download: 233.38 Mbit/s
Upload: 19.50 Mbit/s
Mon Jun 10 22:45:01 CEST 2019
Ping: 23.763 ms
Download: 240.01 Mbit/s
Upload: 18.76 Mbit/s
Mon Jun 10 23:45:01 CEST 2019
Ping: 26.023 ms
Download: 180.07 Mbit/s
Upload: 19.65 Mbit/s
Tue Jun 11 00:45:01 CEST 2019
Ping: 23.863 ms
Download: 235.59 Mbit/s
Upload: 18.66 Mbit/s
Tue Jun 11 01:45:01 CEST 2019
Ping: 23.268 ms
Download: 101.63 Mbit/s
Upload: 19.56 Mbit/s
Tue Jun 11 02:45:01 CEST 2019
Ping: 22.947 ms
Download: 161.61 Mbit/s
Upload: 19.42 Mbit/s
Tue Jun 11 03:45:01 CEST 2019
Ping: 24.067 ms
Download: 158.74 Mbit/s
Upload: 19.60 Mbit/s
Tue Jun 11 04:45:01 CEST 2019
Ping: 23.372 ms
Download: 257.10 Mbit/s
Upload: 19.48 Mbit/s
Tue Jun 11 05:45:01 CEST 2019
Ping: 23.106 ms
Download: 147.24 Mbit/s
Upload: 19.63 Mbit/s
Tue Jun 11 06:45:01 CEST 2019
Ping: 24.918 ms
Download: 250.38 Mbit/s
Upload: 19.72 Mbit/s
Tue Jun 11 07:45:01 CEST 2019
Ping: 24.239 ms
Download: 185.37 Mbit/s
Upload: 18.71 Mbit/s
Tue Jun 11 08:45:01 CEST 2019
Ping: 21.702 ms
Download: 240.43 Mbit/s
Upload: 19.42 Mbit/s
Tue Jun 11 09:45:01 CEST 2019
Ping: 23.451 ms
Download: 127.04 Mbit/s
Upload: 19.49 Mbit/s
Tue Jun 11 10:45:01 CEST 2019
Ping: 23.043 ms
Download: 262.88 Mbit/s
Upload: 19.57 Mbit/s
Tue Jun 11 11:45:01 CEST 2019
Ping: 24.584 ms
Download: 123.64 Mbit/s
Upload: 19.12 Mbit/s
Tue Jun 11 12:45:01 CEST 2019
Ping: 23.703 ms
Download: 231.64 Mbit/s
Upload: 19.61 Mbit/s
Tue Jun 11 13:45:01 CEST 2019
Ping: 25.485 ms
Download: 147.84 Mbit/s
Upload: 19.61 Mbit/s
Tue Jun 11 14:45:01 CEST 2019
Ping: 21.779 ms
Download: 246.44 Mbit/s
Upload: 18.81 Mbit/s
Tue Jun 11 15:45:01 CEST 2019
Ping: 25.65 ms
Download: 251.42 Mbit/s
Upload: 19.67 Mbit/s
Tue Jun 11 16:45:01 CEST 2019
Ping: 23.386 ms
Download: 245.87 Mbit/s
Upload: 19.16 Mbit/s
Tue Jun 11 17:45:01 CEST 2019
Ping: 24.877 ms
Download: 212.79 Mbit/s
Upload: 19.74 Mbit/s
Tue Jun 11 18:45:01 CEST 2019
Ping: 23.425 ms
Download: 222.04 Mbit/s
Upload: 19.43 Mbit/s
Tue Jun 11 19:45:01 CEST 2019
Ping: 24.038 ms
Download: 124.08 Mbit/s
Upload: 19.54 Mbit/s
Tue Jun 11 20:45:02 CEST 2019
Ping: 23.146 ms
Download: 250.94 Mbit/s
Upload: 19.65 Mbit/s
Tue Jun 11 21:45:01 CEST 2019
Ping: 39.943 ms
Download: 215.94 Mbit/s
Upload: 19.47 Mbit/s
Tue Jun 11 22:45:01 CEST 2019
Ping: 24.311 ms
Download: 183.46 Mbit/s
Upload: 18.91 Mbit/s
Tue Jun 11 23:45:01 CEST 2019
Ping: 25.815 ms
Download: 96.02 Mbit/s
Upload: 19.23 Mbit/s
Wed Jun 12 00:45:01 CEST 2019
Ping: 24.171 ms
Download: 203.47 Mbit/s
Upload: 19.20 Mbit/s
Wed Jun 12 01:45:01 CEST 2019
Ping: 27.741 ms
Download: 112.49 Mbit/s
Upload: 19.39 Mbit/s
Wed Jun 12 02:45:01 CEST 2019
Ping: 24.561 ms
Download: 129.45 Mbit/s
Upload: 19.17 Mbit/s
Wed Jun 12 03:45:01 CEST 2019
Ping: 23.018 ms
Download: 131.35 Mbit/s
Upload: 19.30 Mbit/s
Wed Jun 12 04:45:01 CEST 2019
Ping: 24.594 ms
Download: 124.36 Mbit/s
Upload: 19.38 Mbit/s
Wed Jun 12 05:45:01 CEST 2019
Ping: 23.858 ms
Download: 132.00 Mbit/s
Upload: 18.70 Mbit/s
Wed Jun 12 06:45:01 CEST 2019
Ping: 22.413 ms
Download: 236.02 Mbit/s
Upload: 19.52 Mbit/s
Wed Jun 12 07:45:01 CEST 2019
Ping: 24.957 ms
Download: 129.56 Mbit/s
Upload: 19.24 Mbit/s
Wed Jun 12 08:45:01 CEST 2019
Ping: 24.011 ms
Download: 214.16 Mbit/s
Upload: 19.48 Mbit/s
Wed Jun 12 09:45:01 CEST 2019
Ping: 23.355 ms
Download: 84.54 Mbit/s
Upload: 19.77 Mbit/s
Wed Jun 12 10:45:01 CEST 2019
Ping: 24.019 ms
Download: 239.29 Mbit/s
Upload: 19.70 Mbit/s
Wed Jun 12 11:45:02 CEST 2019
Ping: 25.238 ms
Download: 180.05 Mbit/s
Upload: 18.03 Mbit/s
Wed Jun 12 12:45:01 CEST 2019
Ping: 25.466 ms
Download: 247.39 Mbit/s
Upload: 19.20 Mbit/s
Wed Jun 12 13:45:01 CEST 2019
Ping: 25.858 ms
Download: 210.05 Mbit/s
Upload: 19.54 Mbit/s
Wed Jun 12 14:45:01 CEST 2019
Ping: 25.355 ms
Download: 265.14 Mbit/s
Upload: 18.99 Mbit/s
Wed Jun 12 15:45:01 CEST 2019
Ping: 25.549 ms
Download: 136.36 Mbit/s
Upload: 19.33 Mbit/s
Wed Jun 12 16:45:01 CEST 2019
Ping: 23.72 ms
Download: 177.78 Mbit/s
Upload: 19.35 Mbit/s
Wed Jun 12 17:45:01 CEST 2019
Ping: 25.433 ms
Download: 221.12 Mbit/s
Upload: 19.57 Mbit/s
Wed Jun 12 18:45:02 CEST 2019
Ping: 23.085 ms
Download: 250.73 Mbit/s
Upload: 19.18 Mbit/s
Wed Jun 12 19:45:01 CEST 2019
Ping: 24.425 ms
Download: 149.81 Mbit/s
Upload: 19.33 Mbit/s
Wed Jun 12 20:45:01 CEST 2019
Ping: 24.825 ms
Download: 147.15 Mbit/s
Upload: 19.55 Mbit/s
Wed Jun 12 21:45:01 CEST 2019
Ping: 24.57 ms
Download: 124.94 Mbit/s
Upload: 19.26 Mbit/s
Wed Jun 12 22:45:01 CEST 2019
Ping: 26.246 ms
Download: 125.33 Mbit/s
Upload: 19.15 Mbit/s
Wed Jun 12 23:45:01 CEST 2019
Ping: 25.405 ms
Download: 112.63 Mbit/s
Upload: 18.94 Mbit/s
Thu Jun 13 00:45:01 CEST 2019
Ping: 23.6 ms
Download: 133.99 Mbit/s
Upload: 18.84 Mbit/s
Thu Jun 13 01:45:01 CEST 2019
Ping: 26.172 ms
Download: 169.62 Mbit/s
Upload: 19.20 Mbit/s
Thu Jun 13 02:45:01 CEST 2019
Ping: 25.742 ms
Download: 242.56 Mbit/s
Upload: 19.59 Mbit/s
Thu Jun 13 03:45:01 CEST 2019
Ping: 27.836 ms
Download: 0.62 Mbit/s
Upload: 0.43 Mbit/s
Thu Jun 13 04:45:01 CEST 2019
Ping: 24.207 ms
Download: 183.29 Mbit/s
Upload: 19.00 Mbit/s
Thu Jun 13 05:45:01 CEST 2019
Ping: 27.509 ms
Download: 219.62 Mbit/s
Upload: 19.60 Mbit/s
Thu Jun 13 06:45:01 CEST 2019
Ping: 23.121 ms
Download: 229.71 Mbit/s
Upload: 19.69 Mbit/s
Thu Jun 13 07:45:01 CEST 2019
Ping: 25.914 ms
Download: 114.81 Mbit/s
Upload: 19.37 Mbit/s
Thu Jun 13 08:45:01 CEST 2019
Ping: 22.238 ms
Download: 233.12 Mbit/s
Upload: 19.22 Mbit/s
Thu Jun 13 09:45:01 CEST 2019
Ping: 24.613 ms
Download: 139.93 Mbit/s
Upload: 19.34 Mbit/s
Thu Jun 13 10:45:01 CEST 2019
Ping: 25.673 ms
Download: 227.04 Mbit/s
Upload: 19.18 Mbit/s
Thu Jun 13 11:45:01 CEST 2019
Ping: 25.732 ms
Download: 251.34 Mbit/s
Upload: 19.62 Mbit/s
Thu Jun 13 12:45:01 CEST 2019
Ping: 25.496 ms
Download: 191.40 Mbit/s
Upload: 19.55 Mbit/s
Thu Jun 13 13:45:01 CEST 2019
Ping: 24.608 ms
Download: 241.63 Mbit/s
Upload: 19.14 Mbit/s
Thu Jun 13 14:45:01 CEST 2019
Ping: 23.264 ms
Download: 239.86 Mbit/s
Upload: 19.62 Mbit/s
Thu Jun 13 15:45:01 CEST 2019
Ping: 25.711 ms
Download: 236.62 Mbit/s
Upload: 18.90 Mbit/s
Thu Jun 13 16:45:01 CEST 2019
Ping: 23.124 ms
Download: 142.63 Mbit/s
Upload: 18.35 Mbit/s
Thu Jun 13 17:45:02 CEST 2019
Ping: 25.339 ms
Download: 134.18 Mbit/s
Upload: 19.59 Mbit/s
Thu Jun 13 18:45:01 CEST 2019
Ping: 24.976 ms
Download: 178.51 Mbit/s
Upload: 19.13 Mbit/s
Thu Jun 13 19:45:01 CEST 2019
Ping: 25.023 ms
Download: 222.48 Mbit/s
Upload: 19.31 Mbit/s
Thu Jun 13 20:45:01 CEST 2019
Ping: 25.064 ms
Download: 251.50 Mbit/s
Upload: 18.89 Mbit/s
Thu Jun 13 21:45:01 CEST 2019
Ping: 26.011 ms
Download: 238.09 Mbit/s
Upload: 19.13 Mbit/s
Thu Jun 13 22:45:01 CEST 2019
Ping: 26.028 ms
Download: 226.66 Mbit/s
Upload: 19.20 Mbit/s
Thu Jun 13 23:45:01 CEST 2019
Ping: 25.194 ms
Download: 157.70 Mbit/s
Upload: 19.36 Mbit/s
Fri Jun 14 00:45:01 CEST 2019
Ping: 23.745 ms
Download: 169.47 Mbit/s
Upload: 18.98 Mbit/s
Fri Jun 14 01:45:01 CEST 2019
Ping: 23.182 ms
Download: 95.28 Mbit/s
Upload: 19.58 Mbit/s
Fri Jun 14 02:45:01 CEST 2019
Ping: 23.077 ms
Download: 96.16 Mbit/s
Upload: 19.46 Mbit/s
Fri Jun 14 03:45:01 CEST 2019
Ping: 23.498 ms
Download: 183.19 Mbit/s
Upload: 19.50 Mbit/s
Fri Jun 14 04:45:01 CEST 2019
Ping: 23.424 ms
Download: 198.37 Mbit/s
Upload: 19.81 Mbit/s
Fri Jun 14 05:45:01 CEST 2019
Ping: 26.655 ms
Download: 241.54 Mbit/s
Upload: 19.60 Mbit/s
Fri Jun 14 06:45:01 CEST 2019
Ping: 26.011 ms
Download: 246.52 Mbit/s
Upload: 19.71 Mbit/s
Fri Jun 14 07:45:01 CEST 2019
Ping: 24.514 ms
Download: 153.41 Mbit/s
Upload: 19.50 Mbit/s
Fri Jun 14 08:45:01 CEST 2019
Ping: 24.078 ms
Download: 137.59 Mbit/s
Upload: 19.56 Mbit/s
Fri Jun 14 09:45:01 CEST 2019
Ping: 25.209 ms
Download: 249.02 Mbit/s
Upload: 19.26 Mbit/s
Fri Jun 14 10:45:01 CEST 2019
Ping: 26.743 ms
Download: 113.99 Mbit/s
Upload: 19.47 Mbit/s
Fri Jun 14 11:45:01 CEST 2019
Ping: 23.403 ms
Download: 150.53 Mbit/s
Upload: 19.58 Mbit/s
Fri Jun 14 12:45:01 CEST 2019
Ping: 24.334 ms
Download: 134.29 Mbit/s
Upload: 19.37 Mbit/s
Fri Jun 14 13:45:01 CEST 2019
Ping: 24.111 ms
Download: 180.19 Mbit/s
Upload: 19.69 Mbit/s
Fri Jun 14 14:45:01 CEST 2019
Ping: 25.01 ms
Download: 250.71 Mbit/s
Upload: 19.61 Mbit/s
Fri Jun 14 15:45:01 CEST 2019
Ping: 23.207 ms
Download: 149.58 Mbit/s
Upload: 19.76 Mbit/s
Fri Jun 14 16:45:01 CEST 2019
Ping: 26.897 ms
Download: 273.79 Mbit/s
Upload: 19.40 Mbit/s
Fri Jun 14 17:45:01 CEST 2019
Ping: 24.156 ms
Download: 77.75 Mbit/s
Upload: 18.65 Mbit/s
Fri Jun 14 18:45:01 CEST 2019
Ping: 25.542 ms
Download: 230.65 Mbit/s
Upload: 19.67 Mbit/s
Fri Jun 14 19:45:01 CEST 2019
Ping: 24.558 ms
Download: 91.60 Mbit/s
Upload: 19.16 Mbit/s
Fri Jun 14 20:45:01 CEST 2019
Ping: 24.051 ms
Download: 138.76 Mbit/s
Upload: 19.38 Mbit/s
Fri Jun 14 21:45:01 CEST 2019
Ping: 24.763 ms
Download: 191.12 Mbit/s
Upload: 19.79 Mbit/s
Fri Jun 14 22:45:01 CEST 2019
Ping: 23.842 ms
Download: 167.84 Mbit/s
Upload: 19.82 Mbit/s
Fri Jun 14 23:45:01 CEST 2019
Ping: 27.037 ms
Download: 248.18 Mbit/s
Upload: 19.33 Mbit/s
Sat Jun 15 00:45:01 CEST 2019
Ping: 26.778 ms
Download: 236.66 Mbit/s
Upload: 19.17 Mbit/s
Sat Jun 15 01:45:01 CEST 2019
Ping: 23.987 ms
Download: 147.00 Mbit/s
Upload: 19.11 Mbit/s
Sat Jun 15 02:45:01 CEST 2019
Ping: 23.293 ms
Download: 111.23 Mbit/s
Upload: 19.69 Mbit/s
Sat Jun 15 03:45:01 CEST 2019
Ping: 25.605 ms
Download: 238.87 Mbit/s
Upload: 18.83 Mbit/s
Sat Jun 15 04:45:01 CEST 2019
Ping: 22.879 ms
Download: 249.59 Mbit/s
Upload: 19.45 Mbit/s
Sat Jun 15 05:45:01 CEST 2019
Ping: 23.216 ms
Download: 112.01 Mbit/s
Upload: 19.75 Mbit/s
Sat Jun 15 06:45:01 CEST 2019
Ping: 23.42 ms
Download: 248.51 Mbit/s
Upload: 18.95 Mbit/s
Sat Jun 15 07:45:01 CEST 2019
Ping: 24.786 ms
Download: 230.36 Mbit/s
Upload: 18.93 Mbit/s
Sat Jun 15 08:45:01 CEST 2019
Ping: 25.298 ms
Download: 238.26 Mbit/s
Upload: 19.48 Mbit/s
Sat Jun 15 09:45:01 CEST 2019
Ping: 24.37 ms
Download: 143.70 Mbit/s
Upload: 19.20 Mbit/s
Sat Jun 15 10:45:01 CEST 2019
Ping: 23.346 ms
Download: 205.81 Mbit/s
Upload: 19.23 Mbit/s
Sat Jun 15 11:45:01 CEST 2019
Ping: 24.922 ms
Download: 103.67 Mbit/s
Upload: 17.93 Mbit/s
Sat Jun 15 12:45:01 CEST 2019
Ping: 23.125 ms
Download: 244.66 Mbit/s
Upload: 19.52 Mbit/s
Sat Jun 15 13:45:01 CEST 2019
Ping: 25.87 ms
Download: 124.05 Mbit/s
Upload: 19.12 Mbit/s
Sat Jun 15 14:45:01 CEST 2019
Ping: 23.215 ms
Download: 129.20 Mbit/s
Upload: 19.14 Mbit/s
Sat Jun 15 15:45:01 CEST 2019
Ping: 25.517 ms
Download: 123.38 Mbit/s
Upload: 19.64 Mbit/s
Sat Jun 15 16:45:01 CEST 2019
Ping: 24.601 ms
Download: 164.94 Mbit/s
Upload: 19.20 Mbit/s
Sat Jun 15 17:45:01 CEST 2019
Ping: 24.192 ms
Download: 166.99 Mbit/s
Upload: 19.64 Mbit/s
Sat Jun 15 18:45:02 CEST 2019
Ping: 22.912 ms
Download: 230.06 Mbit/s
Upload: 19.58 Mbit/s
Sat Jun 15 19:45:01 CEST 2019
Ping: 24.653 ms
Download: 273.42 Mbit/s
Upload: 19.37 Mbit/s
Sat Jun 15 20:45:01 CEST 2019
Ping: 23.286 ms
Download: 141.94 Mbit/s
Upload: 19.19 Mbit/s
Sat Jun 15 21:45:01 CEST 2019
Ping: 28.07 ms
Download: 122.41 Mbit/s
Upload: 19.62 Mbit/s
Sat Jun 15 22:45:01 CEST 2019
Ping: 24.663 ms
Download: 279.13 Mbit/s
Upload: 18.95 Mbit/s
Sat Jun 15 23:45:01 CEST 2019
Ping: 27.879 ms
Download: 270.04 Mbit/s
Upload: 18.73 Mbit/s
Sun Jun 16 00:45:01 CEST 2019
Ping: 25.849 ms
Download: 252.21 Mbit/s
Upload: 19.18 Mbit/s
Sun Jun 16 01:45:02 CEST 2019
Ping: 25.138 ms
Download: 220.64 Mbit/s
Upload: 19.80 Mbit/s
Sun Jun 16 02:45:01 CEST 2019
Ping: 25.063 ms
Download: 118.53 Mbit/s
Upload: 19.87 Mbit/s
Sun Jun 16 03:45:02 CEST 2019
Ping: 23.639 ms
Download: 113.81 Mbit/s
Upload: 19.78 Mbit/s
Sun Jun 16 04:45:01 CEST 2019
Ping: 24.751 ms
Download: 228.10 Mbit/s
Upload: 18.76 Mbit/s
Sun Jun 16 05:45:01 CEST 2019
Ping: 23.894 ms
Download: 144.60 Mbit/s
Upload: 18.39 Mbit/s
Sun Jun 16 06:45:01 CEST 2019
Ping: 25.789 ms
Download: 263.90 Mbit/s
Upload: 19.42 Mbit/s
Sun Jun 16 07:45:01 CEST 2019
Ping: 23.815 ms
Download: 130.91 Mbit/s
Upload: 19.47 Mbit/s
Sun Jun 16 08:45:01 CEST 2019
Ping: 23.034 ms
Download: 236.78 Mbit/s
Upload: 18.84 Mbit/s
Sun Jun 16 09:45:01 CEST 2019
Ping: 24.91 ms
Download: 146.72 Mbit/s
Upload: 19.74 Mbit/s
Sun Jun 16 10:45:01 CEST 2019
Ping: 23.601 ms
Download: 226.01 Mbit/s
Upload: 19.63 Mbit/s
Sun Jun 16 11:45:01 CEST 2019
Ping: 23.038 ms
Download: 243.15 Mbit/s
Upload: 19.73 Mbit/s
Sun Jun 16 12:45:01 CEST 2019
Ping: 24.236 ms
Download: 151.34 Mbit/s
Upload: 19.42 Mbit/s
Sun Jun 16 13:45:01 CEST 2019
Ping: 27.448 ms
Download: 134.47 Mbit/s
Upload: 19.71 Mbit/s
Sun Jun 16 14:45:01 CEST 2019
Ping: 25.793 ms
Download: 249.38 Mbit/s
Upload: 19.20 Mbit/s
Sun Jun 16 15:45:01 CEST 2019
Ping: 23.927 ms
Download: 117.56 Mbit/s
Upload: 19.51 Mbit/s
Sun Jun 16 16:45:01 CEST 2019
Ping: 23.711 ms
Download: 124.40 Mbit/s
Upload: 19.55 Mbit/s
Sun Jun 16 17:45:01 CEST 2019
Ping: 23.581 ms
Download: 130.50 Mbit/s
Upload: 18.84 Mbit/s
Sun Jun 16 18:45:01 CEST 2019
Ping: 23.507 ms
Download: 252.06 Mbit/s
Upload: 19.58 Mbit/s
Sun Jun 16 19:45:01 CEST 2019
Ping: 23.856 ms
Download: 105.08 Mbit/s
Upload: 18.90 Mbit/s
Sun Jun 16 20:45:01 CEST 2019
Ping: 23.867 ms
Download: 280.96 Mbit/s
Upload: 19.62 Mbit/s
Sun Jun 16 21:45:01 CEST 2019
Ping: 26.215 ms
Download: 79.26 Mbit/s
Upload: 19.50 Mbit/s
Sun Jun 16 22:45:01 CEST 2019
Ping: 24.662 ms
Download: 267.03 Mbit/s
Upload: 19.18 Mbit/s
Sun Jun 16 23:45:01 CEST 2019
Ping: 24.653 ms
Download: 160.41 Mbit/s
Upload: 19.28 Mbit/s
Mon Jun 17 00:45:01 CEST 2019
Ping: 24.69 ms
Download: 133.98 Mbit/s
Upload: 18.56 Mbit/s
Mon Jun 17 01:45:01 CEST 2019
Ping: 25.315 ms
Download: 243.74 Mbit/s
Upload: 19.25 Mbit/s
Mon Jun 17 02:45:02 CEST 2019
Ping: 24.213 ms
Download: 143.05 Mbit/s
Upload: 18.84 Mbit/s
Mon Jun 17 03:45:01 CEST 2019
Ping: 23.591 ms
Download: 100.41 Mbit/s
Upload: 19.17 Mbit/s
Mon Jun 17 04:45:01 CEST 2019
Ping: 24.144 ms
Download: 151.26 Mbit/s
Upload: 19.31 Mbit/s
Mon Jun 17 05:45:01 CEST 2019
Ping: 25.706 ms
Download: 252.68 Mbit/s
Upload: 18.66 Mbit/s
Mon Jun 17 06:45:01 CEST 2019
Ping: 24.247 ms
Download: 166.94 Mbit/s
Upload: 19.62 Mbit/s
Mon Jun 17 07:45:01 CEST 2019
Ping: 24.198 ms
Download: 88.61 Mbit/s
Upload: 19.40 Mbit/s
Mon Jun 17 08:45:01 CEST 2019
Ping: 25.941 ms
Download: 289.88 Mbit/s
Upload: 18.76 Mbit/s
Mon Jun 17 09:45:01 CEST 2019
Ping: 26.394 ms
Download: 236.32 Mbit/s
Upload: 19.44 Mbit/s
Mon Jun 17 10:45:01 CEST 2019
Ping: 24.283 ms
Download: 182.69 Mbit/s
Upload: 19.47 Mbit/s
Mon Jun 17 11:45:01 CEST 2019
Ping: 25.26 ms
Download: 149.19 Mbit/s
Upload: 18.74 Mbit/s
Mon Jun 17 12:45:01 CEST 2019
Ping: 24.526 ms
Download: 149.42 Mbit/s
Upload: 19.11 Mbit/s
Mon Jun 17 13:45:01 CEST 2019
Ping: 24.264 ms
Download: 81.71 Mbit/s
Upload: 18.74 Mbit/s
Mon Jun 17 14:45:01 CEST 2019
Ping: 22.134 ms
Download: 241.62 Mbit/s
Upload: 19.63 Mbit/s
Mon Jun 17 15:45:01 CEST 2019
Ping: 23.404 ms
Download: 139.06 Mbit/s
Upload: 19.64 Mbit/s
Mon Jun 17 16:45:01 CEST 2019
Ping: 22.785 ms
Download: 227.31 Mbit/s
Upload: 19.73 Mbit/s
Mon Jun 17 17:45:01 CEST 2019
Ping: 26.115 ms
Download: 87.85 Mbit/s
Upload: 19.37 Mbit/s
Mon Jun 17 18:45:01 CEST 2019
Ping: 23.76 ms
Download: 251.94 Mbit/s
Upload: 18.51 Mbit/s
Mon Jun 17 19:45:01 CEST 2019
Ping: 23.998 ms
Download: 177.41 Mbit/s
Upload: 19.25 Mbit/s
Mon Jun 17 20:45:01 CEST 2019
Ping: 25.084 ms
Download: 116.89 Mbit/s
Upload: 19.20 Mbit/s
Mon Jun 17 21:45:01 CEST 2019
Ping: 27.635 ms
Download: 103.33 Mbit/s
Upload: 19.33 Mbit/s
Mon Jun 17 22:45:01 CEST 2019
Ping: 25.845 ms
Download: 252.63 Mbit/s
Upload: 19.53 Mbit/s
Mon Jun 17 23:45:01 CEST 2019
Ping: 24.96 ms
Download: 258.47 Mbit/s
Upload: 19.18 Mbit/s
Tue Jun 18 00:45:01 CEST 2019
Ping: 26.599 ms
Download: 229.59 Mbit/s
Upload: 19.44 Mbit/s
Tue Jun 18 01:45:02 CEST 2019
Ping: 26.185 ms
Download: 216.26 Mbit/s
Upload: 19.27 Mbit/s
Tue Jun 18 02:45:01 CEST 2019
Ping: 24.75 ms
Download: 106.76 Mbit/s
Upload: 19.50 Mbit/s
Tue Jun 18 03:45:01 CEST 2019
Ping: 25.811 ms
Download: 250.19 Mbit/s
Upload: 19.46 Mbit/s
Tue Jun 18 04:45:01 CEST 2019
Ping: 24.302 ms
Download: 143.98 Mbit/s
Upload: 19.21 Mbit/s
Tue Jun 18 05:45:01 CEST 2019
Ping: 23.362 ms
Download: 234.00 Mbit/s
Upload: 19.87 Mbit/s
Tue Jun 18 06:45:01 CEST 2019
Ping: 24.436 ms
Download: 115.55 Mbit/s
Upload: 19.20 Mbit/s
Tue Jun 18 07:45:01 CEST 2019
Ping: 27.316 ms
Download: 230.11 Mbit/s
Upload: 19.21 Mbit/s
Tue Jun 18 08:45:01 CEST 2019
Ping: 23.739 ms
Download: 118.22 Mbit/s
Upload: 19.52 Mbit/s
Tue Jun 18 09:45:01 CEST 2019
Ping: 26.26 ms
Download: 223.19 Mbit/s
Upload: 19.54 Mbit/s
Tue Jun 18 10:45:01 CEST 2019
Ping: 26.745 ms
Download: 0.93 Mbit/s
Upload: 0.90 Mbit/s
Tue Jun 18 11:45:01 CEST 2019
Ping: 24.968 ms
Download: 120.48 Mbit/s
Upload: 18.96 Mbit/s
Tue Jun 18 12:45:01 CEST 2019
Ping: 27.899 ms
Download: 229.70 Mbit/s
Upload: 19.46 Mbit/s
Tue Jun 18 13:45:01 CEST 2019
Ping: 25.485 ms
Download: 238.43 Mbit/s
Upload: 18.73 Mbit/s
Tue Jun 18 14:45:01 CEST 2019
Ping: 22.416 ms
Download: 228.19 Mbit/s
Upload: 19.57 Mbit/s
Tue Jun 18 15:45:01 CEST 2019
Ping: 25.291 ms
Download: 235.14 Mbit/s
Upload: 19.67 Mbit/s
Tue Jun 18 16:45:01 CEST 2019
Ping: 23.66 ms
Download: 123.05 Mbit/s
Upload: 18.43 Mbit/s
Tue Jun 18 17:45:01 CEST 2019
Ping: 25.357 ms
Download: 241.10 Mbit/s
Upload: 19.57 Mbit/s
Tue Jun 18 18:45:01 CEST 2019
Ping: 24.885 ms
Download: 221.98 Mbit/s
Upload: 19.59 Mbit/s
Tue Jun 18 19:45:01 CEST 2019
Ping: 24.059 ms
Download: 149.36 Mbit/s
Upload: 19.73 Mbit/s
Tue Jun 18 20:45:01 CEST 2019
Ping: 23.467 ms
Download: 224.05 Mbit/s
Upload: 19.42 Mbit/s
Tue Jun 18 21:45:01 CEST 2019
Ping: 23.936 ms
Download: 186.03 Mbit/s
Upload: 19.11 Mbit/s
Tue Jun 18 22:45:01 CEST 2019
Ping: 26.011 ms
Download: 120.97 Mbit/s
Upload: 18.85 Mbit/s
Tue Jun 18 23:45:01 CEST 2019
Ping: 25.581 ms
Download: 100.43 Mbit/s
Upload: 18.78 Mbit/s
Wed Jun 19 00:45:01 CEST 2019
Ping: 24.53 ms
Download: 230.30 Mbit/s
Upload: 19.63 Mbit/s
Wed Jun 19 01:45:01 CEST 2019
Ping: 27.059 ms
Download: 227.65 Mbit/s
Upload: 19.46 Mbit/s
Wed Jun 19 02:45:02 CEST 2019
Ping: 25.57 ms
Download: 127.67 Mbit/s
Upload: 19.68 Mbit/s
Wed Jun 19 03:45:01 CEST 2019
Ping: 23.751 ms
Download: 116.90 Mbit/s
Upload: 19.10 Mbit/s
Wed Jun 19 04:45:01 CEST 2019
Ping: 24.541 ms
Download: 172.53 Mbit/s
Upload: 19.54 Mbit/s
Wed Jun 19 05:45:01 CEST 2019
Ping: 24.09 ms
Download: 182.46 Mbit/s
Upload: 19.38 Mbit/s
Wed Jun 19 06:45:01 CEST 2019
Ping: 25.021 ms
Download: 191.04 Mbit/s
Upload: 19.72 Mbit/s
Wed Jun 19 07:45:01 CEST 2019
Ping: 23.893 ms
Download: 129.03 Mbit/s
Upload: 18.98 Mbit/s
Wed Jun 19 08:45:01 CEST 2019
Ping: 24.359 ms
Download: 246.28 Mbit/s
Upload: 19.34 Mbit/s
Wed Jun 19 09:45:01 CEST 2019
Ping: 23.254 ms
Download: 135.37 Mbit/s
Upload: 19.28 Mbit/s
Wed Jun 19 10:45:01 CEST 2019
Ping: 25.159 ms
Download: 164.02 Mbit/s
Upload: 19.25 Mbit/s
Wed Jun 19 11:45:01 CEST 2019
Ping: 25.59 ms
Download: 256.18 Mbit/s
Upload: 19.28 Mbit/s
Wed Jun 19 12:45:01 CEST 2019
Ping: 24.868 ms
Download: 186.91 Mbit/s
Upload: 19.36 Mbit/s
Wed Jun 19 13:45:01 CEST 2019
Ping: 25.007 ms
Download: 102.52 Mbit/s
Upload: 19.46 Mbit/s
Wed Jun 19 14:45:01 CEST 2019
Ping: 25.604 ms
Download: 242.14 Mbit/s
Upload: 19.29 Mbit/s
Wed Jun 19 15:45:01 CEST 2019
Ping: 23.911 ms
Download: 108.66 Mbit/s
Upload: 18.92 Mbit/s
Wed Jun 19 16:45:01 CEST 2019
Ping: 25.082 ms
Download: 140.72 Mbit/s
Upload: 19.40 Mbit/s
Wed Jun 19 17:45:01 CEST 2019
Ping: 26.277 ms
Download: 229.14 Mbit/s
Upload: 19.28 Mbit/s
Wed Jun 19 18:45:01 CEST 2019
Ping: 23.384 ms
Download: 107.24 Mbit/s
Upload: 19.10 Mbit/s
Wed Jun 19 19:45:01 CEST 2019
Ping: 25.724 ms
Download: 110.85 Mbit/s
Upload: 19.54 Mbit/s
Wed Jun 19 20:45:01 CEST 2019
Ping: 24.187 ms
Download: 116.85 Mbit/s
Upload: 19.54 Mbit/s
Wed Jun 19 21:45:01 CEST 2019
Ping: 25.135 ms
Download: 265.71 Mbit/s
Upload: 19.20 Mbit/s
Wed Jun 19 22:45:01 CEST 2019
Ping: 23.853 ms
Download: 153.37 Mbit/s
Upload: 19.38 Mbit/s
Wed Jun 19 23:45:01 CEST 2019
Ping: 26.574 ms
Download: 283.53 Mbit/s
Upload: 18.81 Mbit/s
Thu Jun 20 00:45:01 CEST 2019
Ping: 22.698 ms
Download: 184.52 Mbit/s
Upload: 18.37 Mbit/s
Thu Jun 20 01:45:01 CEST 2019
Ping: 22.956 ms
Download: 106.66 Mbit/s
Upload: 18.75 Mbit/s
Thu Jun 20 02:45:01 CEST 2019
Ping: 23.962 ms
Download: 108.10 Mbit/s
Upload: 19.42 Mbit/s
Thu Jun 20 03:45:02 CEST 2019
Ping: 25.351 ms
Download: 247.99 Mbit/s
Upload: 19.54 Mbit/s
Thu Jun 20 04:45:01 CEST 2019
Ping: 25.343 ms
Download: 265.22 Mbit/s
Upload: 19.85 Mbit/s
Thu Jun 20 05:45:01 CEST 2019
Ping: 23.627 ms
Download: 156.39 Mbit/s
Upload: 19.03 Mbit/s
Thu Jun 20 06:45:01 CEST 2019
Ping: 25.281 ms
Download: 234.82 Mbit/s
Upload: 19.43 Mbit/s
Thu Jun 20 07:45:01 CEST 2019
Ping: 24.887 ms
Download: 254.75 Mbit/s
Upload: 19.54 Mbit/s
Thu Jun 20 08:45:01 CEST 2019
Ping: 24.901 ms
Download: 239.44 Mbit/s
Upload: 19.67 Mbit/s
Thu Jun 20 09:45:01 CEST 2019
Ping: 23.586 ms
Download: 177.84 Mbit/s
Upload: 19.61 Mbit/s
Thu Jun 20 10:45:01 CEST 2019
Ping: 22.958 ms
Download: 290.64 Mbit/s
Upload: 19.73 Mbit/s
Thu Jun 20 11:45:01 CEST 2019
Ping: 25.552 ms
Download: 134.35 Mbit/s
Upload: 19.85 Mbit/s
Thu Jun 20 12:45:01 CEST 2019
Ping: 27.485 ms
Download: 253.87 Mbit/s
Upload: 19.07 Mbit/s
Thu Jun 20 13:45:01 CEST 2019
Ping: 24.856 ms
Download: 160.63 Mbit/s
Upload: 19.90 Mbit/s
Thu Jun 20 14:45:01 CEST 2019
Ping: 23.128 ms
Download: 94.75 Mbit/s
Upload: 19.63 Mbit/s
Thu Jun 20 15:45:01 CEST 2019
Ping: 26.494 ms
Download: 248.15 Mbit/s
Upload: 19.70 Mbit/s
Thu Jun 20 16:45:01 CEST 2019
Ping: 25.586 ms
Download: 255.17 Mbit/s
Upload: 19.76 Mbit/s
Thu Jun 20 17:45:01 CEST 2019
Ping: 23.073 ms
Download: 271.25 Mbit/s
Upload: 19.72 Mbit/s
Thu Jun 20 18:45:01 CEST 2019
Ping: 24.899 ms
Download: 71.16 Mbit/s
Upload: 18.98 Mbit/s
Thu Jun 20 19:45:01 CEST 2019
Ping: 24.971 ms
Download: 285.83 Mbit/s
Upload: 19.08 Mbit/s
Thu Jun 20 20:45:01 CEST 2019
Ping: 26.239 ms
Download: 146.25 Mbit/s
Upload: 19.62 Mbit/s
Thu Jun 20 21:45:01 CEST 2019
Ping: 24.835 ms
Download: 237.02 Mbit/s
Upload: 19.05 Mbit/s
Thu Jun 20 22:45:01 CEST 2019
Ping: 26.287 ms
Download: 163.90 Mbit/s
Upload: 19.18 Mbit/s
Thu Jun 20 23:45:01 CEST 2019
Ping: 25.407 ms
Download: 104.86 Mbit/s
Upload: 19.26 Mbit/s
Fri Jun 21 00:45:01 CEST 2019
Ping: 26.53 ms
Download: 130.36 Mbit/s
Upload: 19.17 Mbit/s
Fri Jun 21 01:45:01 CEST 2019
Ping: 25.824 ms
Download: 232.72 Mbit/s
Upload: 19.55 Mbit/s
Fri Jun 21 02:45:01 CEST 2019
Ping: 26.486 ms
Download: 255.93 Mbit/s
Upload: 18.92 Mbit/s
Fri Jun 21 03:45:01 CEST 2019
Ping: 25.074 ms
Download: 114.67 Mbit/s
Upload: 19.12 Mbit/s
Fri Jun 21 04:45:01 CEST 2019
Ping: 25.108 ms
Download: 233.47 Mbit/s
Upload: 18.40 Mbit/s
Fri Jun 21 05:45:01 CEST 2019
Ping: 23.607 ms
Download: 186.13 Mbit/s
Upload: 19.42 Mbit/s
Fri Jun 21 06:45:01 CEST 2019
Ping: 22.511 ms
Download: 264.80 Mbit/s
Upload: 19.79 Mbit/s
Fri Jun 21 07:45:01 CEST 2019
Ping: 22.959 ms
Download: 228.64 Mbit/s
Upload: 19.51 Mbit/s
Fri Jun 21 08:45:01 CEST 2019
Ping: 24.491 ms
Download: 268.50 Mbit/s
Upload: 19.83 Mbit/s
Fri Jun 21 09:45:02 CEST 2019
Ping: 24.949 ms
Download: 282.79 Mbit/s
Upload: 19.06 Mbit/s
Fri Jun 21 10:45:01 CEST 2019
Ping: 22.88 ms
Download: 191.26 Mbit/s
Upload: 19.32 Mbit/s
Fri Jun 21 11:45:02 CEST 2019
Ping: 24.224 ms
Download: 132.77 Mbit/s
Upload: 18.92 Mbit/s
Fri Jun 21 12:45:01 CEST 2019
Ping: 23.554 ms
Download: 234.01 Mbit/s
Upload: 19.18 Mbit/s
Fri Jun 21 13:45:01 CEST 2019
Ping: 26.167 ms
Download: 244.21 Mbit/s
Upload: 19.70 Mbit/s
Fri Jun 21 14:45:01 CEST 2019
Ping: 25.688 ms
Download: 260.94 Mbit/s
Upload: 19.60 Mbit/s
Fri Jun 21 15:45:01 CEST 2019
Ping: 24.372 ms
Download: 237.53 Mbit/s
Upload: 19.43 Mbit/s
Fri Jun 21 16:45:01 CEST 2019
Ping: 26.753 ms
Download: 246.15 Mbit/s
Upload: 19.77 Mbit/s
Fri Jun 21 17:45:01 CEST 2019
Ping: 24.348 ms
Download: 178.20 Mbit/s
Upload: 19.73 Mbit/s
Fri Jun 21 18:45:01 CEST 2019
Ping: 24.648 ms
Download: 219.89 Mbit/s
Upload: 19.79 Mbit/s
Fri Jun 21 19:45:01 CEST 2019
Ping: 24.841 ms
Download: 184.06 Mbit/s
Upload: 18.91 Mbit/s
Fri Jun 21 20:45:01 CEST 2019
Ping: 24.464 ms
Download: 263.32 Mbit/s
Upload: 19.20 Mbit/s
Fri Jun 21 21:45:01 CEST 2019
Ping: 23.512 ms
Download: 247.30 Mbit/s
Upload: 19.18 Mbit/s
Fri Jun 21 22:45:01 CEST 2019
Ping: 25.261 ms
Download: 180.14 Mbit/s
Upload: 19.38 Mbit/s
Fri Jun 21 23:45:01 CEST 2019
Ping: 25.767 ms
Download: 263.80 Mbit/s
Upload: 19.47 Mbit/s
Sat Jun 22 00:45:01 CEST 2019
Could not retrieve speedtest.net configuration
Sat Jun 22 01:45:01 CEST 2019
Could not retrieve speedtest.net configuration
Sat Jun 22 02:45:01 CEST 2019
Ping: 25.307 ms
Download: 249.32 Mbit/s
Upload: 19.57 Mbit/s
Sat Jun 22 03:45:01 CEST 2019
Ping: 23.965 ms
Download: 149.97 Mbit/s
Upload: 19.60 Mbit/s
Sat Jun 22 04:45:01 CEST 2019
Ping: 26.495 ms
Download: 107.22 Mbit/s
Upload: 19.64 Mbit/s
Sat Jun 22 05:45:01 CEST 2019
Ping: 24.667 ms
Download: 137.61 Mbit/s
Upload: 19.49 Mbit/s
Sat Jun 22 06:45:01 CEST 2019
Ping: 23.278 ms
Download: 116.79 Mbit/s
Upload: 19.55 Mbit/s
Sat Jun 22 07:45:01 CEST 2019
Ping: 24.867 ms
Download: 171.99 Mbit/s
Upload: 19.69 Mbit/s
Sat Jun 22 08:45:01 CEST 2019
Ping: 24.402 ms
Download: 110.85 Mbit/s
Upload: 19.34 Mbit/s
Sat Jun 22 09:45:01 CEST 2019
Ping: 23.577 ms
Download: 128.55 Mbit/s
Upload: 19.53 Mbit/s
Sat Jun 22 10:45:01 CEST 2019
Ping: 24.514 ms
Download: 228.37 Mbit/s
Upload: 19.11 Mbit/s
Sat Jun 22 11:45:01 CEST 2019
Ping: 27.043 ms
Download: 245.67 Mbit/s
Upload: 19.74 Mbit/s
Sat Jun 22 12:45:01 CEST 2019
Ping: 25.137 ms
Download: 152.50 Mbit/s
Upload: 19.57 Mbit/s
Sat Jun 22 13:45:01 CEST 2019
Ping: 25.388 ms
Download: 86.00 Mbit/s
Upload: 19.33 Mbit/s
Sat Jun 22 14:45:01 CEST 2019
Ping: 24.541 ms
Download: 229.93 Mbit/s
Upload: 19.40 Mbit/s
Sat Jun 22 15:45:01 CEST 2019
Ping: 25.593 ms
Download: 118.12 Mbit/s
Upload: 19.60 Mbit/s
Sat Jun 22 16:45:01 CEST 2019
Ping: 26.506 ms
Download: 238.82 Mbit/s
Upload: 19.05 Mbit/s
Sat Jun 22 17:45:01 CEST 2019
Ping: 24.864 ms
Download: 103.89 Mbit/s
Upload: 19.37 Mbit/s
Sat Jun 22 18:45:01 CEST 2019
Ping: 26.01 ms
Download: 98.24 Mbit/s
Upload: 19.42 Mbit/s
Sat Jun 22 19:45:01 CEST 2019
Ping: 25.403 ms
Download: 232.99 Mbit/s
Upload: 19.43 Mbit/s
Sat Jun 22 20:45:01 CEST 2019
Ping: 24.587 ms
Download: 131.05 Mbit/s
Upload: 19.51 Mbit/s
Sat Jun 22 21:45:01 CEST 2019
Ping: 23.996 ms
Download: 132.81 Mbit/s
Upload: 18.19 Mbit/s
Sat Jun 22 22:45:01 CEST 2019
Ping: 25.552 ms
Download: 126.93 Mbit/s
Upload: 19.29 Mbit/s
Sat Jun 22 23:45:01 CEST 2019
Ping: 26.423 ms
Download: 162.80 Mbit/s
Upload: 18.92 Mbit/s
Sun Jun 23 00:45:01 CEST 2019
Ping: 24.668 ms
Download: 145.15 Mbit/s
Upload: 19.33 Mbit/s
Sun Jun 23 01:45:01 CEST 2019
Ping: 26.68 ms
Download: 239.88 Mbit/s
Upload: 18.56 Mbit/s
Sun Jun 23 02:45:01 CEST 2019
Ping: 24.215 ms
Download: 131.48 Mbit/s
Upload: 19.36 Mbit/s
Sun Jun 23 03:45:01 CEST 2019
Ping: 23.732 ms
Download: 120.45 Mbit/s
Upload: 19.54 Mbit/s
Sun Jun 23 04:45:01 CEST 2019
Ping: 23.871 ms
Download: 140.96 Mbit/s
Upload: 18.91 Mbit/s
Sun Jun 23 05:45:01 CEST 2019
Ping: 23.254 ms
Download: 140.36 Mbit/s
Upload: 13.59 Mbit/s
Sun Jun 23 06:45:01 CEST 2019
Ping: 25.873 ms
Download: 243.60 Mbit/s
Upload: 19.47 Mbit/s
Sun Jun 23 07:45:01 CEST 2019
Ping: 23.229 ms
Download: 137.12 Mbit/s
Upload: 19.50 Mbit/s
Sun Jun 23 08:45:01 CEST 2019
Ping: 23.996 ms
Download: 154.16 Mbit/s
Upload: 19.41 Mbit/s
Sun Jun 23 09:45:01 CEST 2019
Ping: 24.391 ms
Download: 151.29 Mbit/s
Upload: 19.77 Mbit/s
Sun Jun 23 10:45:01 CEST 2019
Ping: 26.355 ms
Download: 245.96 Mbit/s
Upload: 19.34 Mbit/s
Sun Jun 23 11:45:01 CEST 2019
Ping: 25.32 ms
Download: 244.77 Mbit/s
Upload: 19.43 Mbit/s
Sun Jun 23 12:45:01 CEST 2019
Ping: 25.497 ms
Download: 103.38 Mbit/s
Upload: 19.51 Mbit/s
Sun Jun 23 13:45:01 CEST 2019
Ping: 24.174 ms
Download: 124.74 Mbit/s
Upload: 19.52 Mbit/s
Sun Jun 23 14:45:01 CEST 2019
Ping: 24.246 ms
Download: 191.15 Mbit/s
Upload: 19.07 Mbit/s
Sun Jun 23 15:45:01 CEST 2019
Ping: 23.619 ms
Download: 246.65 Mbit/s
Upload: 18.28 Mbit/s
Sun Jun 23 16:45:01 CEST 2019
Ping: 23.053 ms
Download: 139.55 Mbit/s
Upload: 19.45 Mbit/s
Sun Jun 23 17:45:01 CEST 2019
Ping: 24.419 ms
Download: 58.43 Mbit/s
Upload: 18.96 Mbit/s
Sun Jun 23 18:45:01 CEST 2019
Ping: 27.159 ms
Download: 105.35 Mbit/s
Upload: 18.76 Mbit/s
Sun Jun 23 19:45:01 CEST 2019
Ping: 23.424 ms
Download: 155.58 Mbit/s
Upload: 19.34 Mbit/s
Sun Jun 23 20:45:01 CEST 2019
Ping: 26.071 ms
Download: 278.42 Mbit/s
Upload: 19.16 Mbit/s
Sun Jun 23 21:45:01 CEST 2019
Ping: 26.542 ms
Download: 176.62 Mbit/s
Upload: 19.62 Mbit/s
Sun Jun 23 22:45:01 CEST 2019
Ping: 23.197 ms
Download: 153.28 Mbit/s
Upload: 19.63 Mbit/s
Sun Jun 23 23:45:01 CEST 2019
Ping: 25.347 ms
Download: 224.07 Mbit/s
Upload: 19.30 Mbit/s
Mon Jun 24 00:45:01 CEST 2019
Ping: 25.347 ms
Download: 162.79 Mbit/s
Upload: 19.47 Mbit/s
Mon Jun 24 01:45:01 CEST 2019
Ping: 25.957 ms
Download: 255.99 Mbit/s
Upload: 19.40 Mbit/s
Mon Jun 24 02:45:01 CEST 2019
Ping: 24.41 ms
Download: 149.41 Mbit/s
Upload: 18.81 Mbit/s
Mon Jun 24 03:45:01 CEST 2019
Ping: 23.586 ms
Download: 236.13 Mbit/s
Upload: 19.51 Mbit/s
Mon Jun 24 04:45:01 CEST 2019
Ping: 24.842 ms
Download: 227.38 Mbit/s
Upload: 19.54 Mbit/s
Mon Jun 24 05:45:01 CEST 2019
Ping: 24.802 ms
Download: 232.53 Mbit/s
Upload: 19.57 Mbit/s
Mon Jun 24 06:45:01 CEST 2019
Ping: 22.373 ms
Download: 171.85 Mbit/s
Upload: 19.45 Mbit/s
Mon Jun 24 07:45:01 CEST 2019
Ping: 25.08 ms
Download: 121.44 Mbit/s
Upload: 19.36 Mbit/s
Mon Jun 24 08:45:01 CEST 2019
Ping: 25.272 ms
Download: 112.02 Mbit/s
Upload: 19.34 Mbit/s
Mon Jun 24 09:45:01 CEST 2019
Ping: 23.385 ms
Download: 163.91 Mbit/s
Upload: 19.64 Mbit/s
Mon Jun 24 10:45:01 CEST 2019
Ping: 25.705 ms
Download: 226.60 Mbit/s
Upload: 19.03 Mbit/s
Mon Jun 24 11:45:01 CEST 2019
Ping: 22.337 ms
Download: 231.04 Mbit/s
Upload: 19.89 Mbit/s
Mon Jun 24 12:45:01 CEST 2019
Ping: 24.129 ms
Download: 175.10 Mbit/s
Upload: 19.34 Mbit/s
Mon Jun 24 13:45:01 CEST 2019
Ping: 23.183 ms
Download: 248.92 Mbit/s
Upload: 19.63 Mbit/s
Mon Jun 24 14:45:01 CEST 2019
Ping: 23.726 ms
Download: 135.95 Mbit/s
Upload: 19.85 Mbit/s
Mon Jun 24 15:45:01 CEST 2019
Ping: 26.671 ms
Download: 239.17 Mbit/s
Upload: 19.14 Mbit/s
Mon Jun 24 16:45:01 CEST 2019
Ping: 25.425 ms
Download: 229.88 Mbit/s
Upload: 19.51 Mbit/s
Mon Jun 24 17:45:01 CEST 2019
Ping: 25.59 ms
Download: 244.12 Mbit/s
Upload: 19.72 Mbit/s
Mon Jun 24 18:45:01 CEST 2019
Ping: 25.81 ms
Download: 129.74 Mbit/s
Upload: 19.11 Mbit/s
Mon Jun 24 19:45:01 CEST 2019
Ping: 23.383 ms
Download: 247.58 Mbit/s
Upload: 18.94 Mbit/s
Mon Jun 24 20:45:01 CEST 2019
Ping: 24.729 ms
Download: 120.26 Mbit/s
Upload: 19.32 Mbit/s
Mon Jun 24 21:45:01 CEST 2019
Ping: 24.778 ms
Download: 238.57 Mbit/s
Upload: 19.42 Mbit/s
Mon Jun 24 22:45:01 CEST 2019
Ping: 25.756 ms
Download: 232.36 Mbit/s
Upload: 19.10 Mbit/s
Mon Jun 24 23:45:01 CEST 2019
Ping: 22.899 ms
Download: 268.07 Mbit/s
Upload: 17.15 Mbit/s
Tue Jun 25 00:45:01 CEST 2019
Ping: 26.173 ms
Download: 271.26 Mbit/s
Upload: 19.44 Mbit/s
Tue Jun 25 01:45:01 CEST 2019
Ping: 26.273 ms
Download: 237.14 Mbit/s
Upload: 19.10 Mbit/s
Tue Jun 25 02:45:01 CEST 2019
Ping: 28.184 ms
Download: 215.03 Mbit/s
Upload: 19.48 Mbit/s
Tue Jun 25 03:45:01 CEST 2019
Ping: 25.801 ms
Download: 146.04 Mbit/s
Upload: 19.18 Mbit/s
Tue Jun 25 04:45:01 CEST 2019
Ping: 24.722 ms
Download: 113.73 Mbit/s
Upload: 19.87 Mbit/s
Tue Jun 25 05:45:01 CEST 2019
Ping: 24.358 ms
Download: 144.02 Mbit/s
Upload: 19.14 Mbit/s
Tue Jun 25 06:45:02 CEST 2019
Ping: 23.908 ms
Download: 274.89 Mbit/s
Upload: 18.87 Mbit/s
Tue Jun 25 07:45:01 CEST 2019
Ping: 24.522 ms
Download: 192.14 Mbit/s
Upload: 19.58 Mbit/s
Tue Jun 25 08:45:01 CEST 2019
Ping: 25.145 ms
Download: 239.84 Mbit/s
Upload: 19.55 Mbit/s
Tue Jun 25 09:45:01 CEST 2019
Ping: 25.068 ms
Download: 147.29 Mbit/s
Upload: 19.32 Mbit/s
Tue Jun 25 10:45:02 CEST 2019
Ping: 23.892 ms
Download: 154.62 Mbit/s
Upload: 18.94 Mbit/s
Tue Jun 25 11:45:01 CEST 2019
Ping: 23.872 ms
Download: 110.54 Mbit/s
Upload: 17.76 Mbit/s
Tue Jun 25 12:45:01 CEST 2019
Ping: 26.362 ms
Download: 244.99 Mbit/s
Upload: 19.43 Mbit/s
Tue Jun 25 13:45:01 CEST 2019
Ping: 24.277 ms
Download: 240.68 Mbit/s
Upload: 19.17 Mbit/s
Tue Jun 25 14:45:01 CEST 2019
Ping: 25.837 ms
Download: 242.97 Mbit/s
Upload: 19.74 Mbit/s
Tue Jun 25 15:45:01 CEST 2019
Ping: 24.092 ms
Download: 234.35 Mbit/s
Upload: 19.40 Mbit/s
Tue Jun 25 16:45:01 CEST 2019
Ping: 25.737 ms
Download: 129.21 Mbit/s
Upload: 19.22 Mbit/s
Tue Jun 25 17:45:01 CEST 2019
Ping: 24.088 ms
Download: 236.25 Mbit/s
Upload: 19.11 Mbit/s
Tue Jun 25 18:45:02 CEST 2019
Ping: 26.897 ms
Download: 229.17 Mbit/s
Upload: 19.60 Mbit/s
Tue Jun 25 19:45:01 CEST 2019
Ping: 24.04 ms
Download: 159.76 Mbit/s
Upload: 18.80 Mbit/s
Tue Jun 25 20:45:01 CEST 2019
Ping: 26.087 ms
Download: 242.51 Mbit/s
Upload: 19.64 Mbit/s
Tue Jun 25 21:45:01 CEST 2019
Ping: 23.568 ms
Download: 224.00 Mbit/s
Upload: 19.45 Mbit/s
Tue Jun 25 22:45:01 CEST 2019
Ping: 25.697 ms
Download: 243.82 Mbit/s
Upload: 18.58 Mbit/s
