Fri Nov  1 00:45:01 CET 2019
Ping: 27.483 ms
Download: 121.89 Mbit/s
Upload: 18.88 Mbit/s
Fri Nov  1 01:45:01 CET 2019
Ping: 24.406 ms
Download: 219.67 Mbit/s
Upload: 19.17 Mbit/s
Fri Nov  1 02:45:01 CET 2019
Ping: 25.7 ms
Download: 243.25 Mbit/s
Upload: 18.98 Mbit/s
Fri Nov  1 03:45:01 CET 2019
Ping: 23.863 ms
Download: 227.10 Mbit/s
Upload: 19.68 Mbit/s
Fri Nov  1 04:45:01 CET 2019
Ping: 24.312 ms
Download: 221.95 Mbit/s
Upload: 19.70 Mbit/s
Fri Nov  1 05:45:01 CET 2019
Ping: 23.409 ms
Download: 220.43 Mbit/s
Upload: 19.72 Mbit/s
Fri Nov  1 06:45:01 CET 2019
Ping: 24.283 ms
Download: 213.59 Mbit/s
Upload: 19.02 Mbit/s
Fri Nov  1 07:45:01 CET 2019
Ping: 25.674 ms
Download: 231.65 Mbit/s
Upload: 19.38 Mbit/s
Fri Nov  1 08:45:01 CET 2019
Ping: 22.754 ms
Download: 256.52 Mbit/s
Upload: 18.92 Mbit/s
Fri Nov  1 09:45:01 CET 2019
Ping: 25.711 ms
Download: 213.07 Mbit/s
Upload: 19.21 Mbit/s
Fri Nov  1 10:45:01 CET 2019
Ping: 25.233 ms
Download: 239.52 Mbit/s
Upload: 18.94 Mbit/s
Fri Nov  1 11:45:01 CET 2019
Ping: 25.377 ms
Download: 215.18 Mbit/s
Upload: 19.82 Mbit/s
Fri Nov  1 12:45:01 CET 2019
Ping: 24.748 ms
Download: 212.09 Mbit/s
Upload: 19.16 Mbit/s
Fri Nov  1 13:45:01 CET 2019
Ping: 25.162 ms
Download: 142.22 Mbit/s
Upload: 19.19 Mbit/s
Fri Nov  1 14:45:01 CET 2019
Ping: 38.46 ms
Download: 155.33 Mbit/s
Upload: 15.37 Mbit/s
Fri Nov  1 15:45:01 CET 2019
Ping: 25.169 ms
Download: 148.31 Mbit/s
Upload: 18.87 Mbit/s
Fri Nov  1 16:45:01 CET 2019
Ping: 24.136 ms
Download: 232.30 Mbit/s
Upload: 19.31 Mbit/s
Fri Nov  1 17:45:01 CET 2019
Ping: 24.354 ms
Download: 217.45 Mbit/s
Upload: 19.07 Mbit/s
Fri Nov  1 18:45:01 CET 2019
Ping: 26.009 ms
Download: 236.42 Mbit/s
Upload: 19.28 Mbit/s
Fri Nov  1 19:45:01 CET 2019
Ping: 25.245 ms
Download: 218.47 Mbit/s
Upload: 17.89 Mbit/s
Fri Nov  1 20:45:01 CET 2019
Ping: 24.308 ms
Download: 233.93 Mbit/s
Upload: 19.83 Mbit/s
Fri Nov  1 21:45:01 CET 2019
Ping: 23.577 ms
Download: 217.01 Mbit/s
Upload: 19.72 Mbit/s
Fri Nov  1 22:45:01 CET 2019
Ping: 24.936 ms
Download: 266.31 Mbit/s
Upload: 19.47 Mbit/s
Fri Nov  1 23:45:01 CET 2019
Ping: 27.751 ms
Download: 230.97 Mbit/s
Upload: 18.84 Mbit/s
Sat Nov  2 00:45:01 CET 2019
Ping: 24.357 ms
Download: 207.90 Mbit/s
Upload: 19.57 Mbit/s
Sat Nov  2 01:45:01 CET 2019
Ping: 24.577 ms
Download: 232.91 Mbit/s
Upload: 19.59 Mbit/s
Sat Nov  2 02:45:01 CET 2019
Ping: 25.913 ms
Download: 230.81 Mbit/s
Upload: 19.83 Mbit/s
Sat Nov  2 03:45:01 CET 2019
Ping: 25.517 ms
Download: 169.14 Mbit/s
Upload: 19.27 Mbit/s
Sat Nov  2 04:45:01 CET 2019
Ping: 25.608 ms
Download: 210.39 Mbit/s
Upload: 19.42 Mbit/s
Sat Nov  2 05:45:01 CET 2019
Ping: 27.446 ms
Download: 237.48 Mbit/s
Upload: 19.33 Mbit/s
Sat Nov  2 06:45:01 CET 2019
Ping: 25.825 ms
Download: 209.51 Mbit/s
Upload: 19.58 Mbit/s
Sat Nov  2 07:45:02 CET 2019
Ping: 24.145 ms
Download: 97.32 Mbit/s
Upload: 18.74 Mbit/s
Sat Nov  2 08:45:01 CET 2019
Ping: 25.826 ms
Download: 230.46 Mbit/s
Upload: 19.53 Mbit/s
Sat Nov  2 09:45:01 CET 2019
Ping: 25.32 ms
Download: 129.72 Mbit/s
Upload: 19.53 Mbit/s
Sat Nov  2 10:45:01 CET 2019
Ping: 25.15 ms
Download: 219.74 Mbit/s
Upload: 19.34 Mbit/s
Sat Nov  2 11:45:01 CET 2019
Ping: 25.766 ms
Download: 211.38 Mbit/s
Upload: 19.37 Mbit/s
Sat Nov  2 12:45:01 CET 2019
Ping: 24.995 ms
Download: 206.25 Mbit/s
Upload: 18.98 Mbit/s
Sat Nov  2 14:45:01 CET 2019
Ping: 25.13 ms
Download: 218.46 Mbit/s
Upload: 19.55 Mbit/s
Sat Nov  2 15:45:01 CET 2019
Ping: 26.432 ms
Download: 115.57 Mbit/s
Upload: 19.76 Mbit/s
Sat Nov  2 16:45:01 CET 2019
Ping: 24.045 ms
Download: 255.63 Mbit/s
Upload: 19.49 Mbit/s
Sat Nov  2 17:45:01 CET 2019
Ping: 26.043 ms
Download: 216.80 Mbit/s
Upload: 19.55 Mbit/s
Sat Nov  2 18:45:01 CET 2019
Ping: 25.874 ms
Download: 149.60 Mbit/s
Upload: 19.08 Mbit/s
Sat Nov  2 19:45:01 CET 2019
Ping: 25.726 ms
Download: 247.60 Mbit/s
Upload: 19.56 Mbit/s
Sat Nov  2 20:45:01 CET 2019
Ping: 24.549 ms
Download: 221.03 Mbit/s
Upload: 19.56 Mbit/s
Sat Nov  2 21:45:01 CET 2019
Ping: 27.185 ms
Download: 216.18 Mbit/s
Upload: 19.45 Mbit/s
Sat Nov  2 22:45:01 CET 2019
Ping: 25.785 ms
Download: 132.18 Mbit/s
Upload: 19.32 Mbit/s
Sat Nov  2 23:45:01 CET 2019
Ping: 25.199 ms
Download: 132.50 Mbit/s
Upload: 19.84 Mbit/s
Sun Nov  3 00:45:01 CET 2019
Ping: 27.036 ms
Download: 227.88 Mbit/s
Upload: 19.75 Mbit/s
Sun Nov  3 01:45:01 CET 2019
Ping: 25.758 ms
Download: 223.84 Mbit/s
Upload: 18.26 Mbit/s
Sun Nov  3 02:45:01 CET 2019
Ping: 25.748 ms
Download: 211.95 Mbit/s
Upload: 18.84 Mbit/s
Sun Nov  3 03:45:01 CET 2019
Ping: 24.629 ms
Download: 214.33 Mbit/s
Upload: 19.00 Mbit/s
Sun Nov  3 04:45:01 CET 2019
Ping: 27.009 ms
Download: 133.62 Mbit/s
Upload: 18.83 Mbit/s
Sun Nov  3 05:45:01 CET 2019
Ping: 25.381 ms
Download: 143.13 Mbit/s
Upload: 19.73 Mbit/s
Sun Nov  3 06:45:01 CET 2019
Ping: 25.341 ms
Download: 212.15 Mbit/s
Upload: 19.31 Mbit/s
Sun Nov  3 07:45:01 CET 2019
Ping: 26.097 ms
Download: 213.83 Mbit/s
Upload: 19.30 Mbit/s
Sun Nov  3 08:45:01 CET 2019
Ping: 25.973 ms
Download: 209.81 Mbit/s
Upload: 19.16 Mbit/s
Sun Nov  3 09:45:02 CET 2019
Ping: 25.294 ms
Download: 94.58 Mbit/s
Upload: 19.16 Mbit/s
Sun Nov  3 10:45:01 CET 2019
Ping: 24.286 ms
Download: 220.99 Mbit/s
Upload: 19.59 Mbit/s
Sun Nov  3 11:45:01 CET 2019
Ping: 26.982 ms
Download: 131.15 Mbit/s
Upload: 19.54 Mbit/s
Sun Nov  3 12:45:01 CET 2019
Ping: 26.574 ms
Download: 233.89 Mbit/s
Upload: 19.56 Mbit/s
Sun Nov  3 13:45:01 CET 2019
Ping: 24.984 ms
Download: 201.27 Mbit/s
Upload: 19.74 Mbit/s
Sun Nov  3 14:45:01 CET 2019
Ping: 24.909 ms
Download: 231.19 Mbit/s
Upload: 19.72 Mbit/s
Sun Nov  3 15:45:01 CET 2019
Ping: 25.809 ms
Download: 129.95 Mbit/s
Upload: 19.65 Mbit/s
Sun Nov  3 16:45:01 CET 2019
Ping: 24.404 ms
Download: 222.25 Mbit/s
Upload: 19.05 Mbit/s
Sun Nov  3 17:45:01 CET 2019
Ping: 25.835 ms
Download: 187.61 Mbit/s
Upload: 19.31 Mbit/s
Sun Nov  3 18:45:01 CET 2019
Ping: 25.441 ms
Download: 101.34 Mbit/s
Upload: 19.28 Mbit/s
Sun Nov  3 19:45:01 CET 2019
Ping: 23.726 ms
Download: 223.74 Mbit/s
Upload: 19.46 Mbit/s
Sun Nov  3 20:45:01 CET 2019
Ping: 24.41 ms
Download: 225.58 Mbit/s
Upload: 19.66 Mbit/s
Sun Nov  3 21:45:02 CET 2019
Ping: 24.632 ms
Download: 220.84 Mbit/s
Upload: 19.60 Mbit/s
Sun Nov  3 22:45:01 CET 2019
Ping: 23.879 ms
Download: 213.11 Mbit/s
Upload: 19.71 Mbit/s
Sun Nov  3 23:45:01 CET 2019
Ping: 27.422 ms
Download: 245.59 Mbit/s
Upload: 19.02 Mbit/s
Mon Nov  4 00:45:01 CET 2019
Ping: 25.978 ms
Download: 214.09 Mbit/s
Upload: 19.67 Mbit/s
Mon Nov  4 01:45:01 CET 2019
Ping: 24.773 ms
Download: 225.82 Mbit/s
Upload: 19.68 Mbit/s
Mon Nov  4 02:45:01 CET 2019
Ping: 25.459 ms
Download: 220.45 Mbit/s
Upload: 19.60 Mbit/s
Mon Nov  4 03:45:01 CET 2019
Ping: 26.18 ms
Download: 213.58 Mbit/s
Upload: 18.86 Mbit/s
Mon Nov  4 04:45:01 CET 2019
Ping: 25.028 ms
Download: 222.18 Mbit/s
Upload: 19.22 Mbit/s
Mon Nov  4 05:45:01 CET 2019
Ping: 24.942 ms
Download: 131.74 Mbit/s
Upload: 19.32 Mbit/s
Mon Nov  4 06:45:01 CET 2019
Ping: 25.507 ms
Download: 237.16 Mbit/s
Upload: 19.27 Mbit/s
Mon Nov  4 07:45:01 CET 2019
Ping: 23.905 ms
Download: 123.68 Mbit/s
Upload: 18.54 Mbit/s
Mon Nov  4 08:45:01 CET 2019
Ping: 25.387 ms
Download: 212.38 Mbit/s
Upload: 19.69 Mbit/s
Mon Nov  4 09:45:01 CET 2019
Ping: 26.833 ms
Download: 213.81 Mbit/s
Upload: 19.72 Mbit/s
Mon Nov  4 10:45:01 CET 2019
Ping: 23.979 ms
Download: 159.95 Mbit/s
Upload: 18.86 Mbit/s
Mon Nov  4 11:45:01 CET 2019
Ping: 24.809 ms
Download: 224.27 Mbit/s
Upload: 19.68 Mbit/s
Mon Nov  4 12:45:01 CET 2019
Ping: 23.067 ms
Download: 122.51 Mbit/s
Upload: 18.71 Mbit/s
Mon Nov  4 13:45:01 CET 2019
Ping: 25.004 ms
Download: 219.96 Mbit/s
Upload: 19.07 Mbit/s
Mon Nov  4 14:45:01 CET 2019
Ping: 24.054 ms
Download: 136.24 Mbit/s
Upload: 18.99 Mbit/s
Mon Nov  4 15:45:01 CET 2019
Ping: 26.11 ms
Download: 208.26 Mbit/s
Upload: 19.72 Mbit/s
Mon Nov  4 16:45:01 CET 2019
Ping: 26.517 ms
Download: 213.05 Mbit/s
Upload: 18.97 Mbit/s
Mon Nov  4 17:45:02 CET 2019
Ping: 25.814 ms
Download: 132.35 Mbit/s
Upload: 19.24 Mbit/s
Mon Nov  4 18:45:01 CET 2019
Ping: 24.982 ms
Download: 230.72 Mbit/s
Upload: 18.99 Mbit/s
Mon Nov  4 19:45:01 CET 2019
Ping: 26.191 ms
Download: 231.12 Mbit/s
Upload: 19.02 Mbit/s
Mon Nov  4 20