Fri Feb  1 00:45:02 CET 2019
Ping: 27.922 ms
Download: 126.48 Mbit/s
Upload: 5.61 Mbit/s
Fri Feb  1 01:45:01 CET 2019
Ping: 27.815 ms
Download: 101.26 Mbit/s
Upload: 5.57 Mbit/s
Fri Feb  1 02:45:01 CET 2019
Ping: 25.103 ms
Download: 123.58 Mbit/s
Upload: 5.59 Mbit/s
Fri Feb  1 03:45:01 CET 2019
Ping: 23.274 ms
Download: 119.16 Mbit/s
Upload: 5.64 Mbit/s
Fri Feb  1 04:45:01 CET 2019
Ping: 25.24 ms
Download: 124.27 Mbit/s
Upload: 5.58 Mbit/s
Fri Feb  1 05:45:01 CET 2019
Ping: 25.284 ms
Download: 117.47 Mbit/s
Upload: 5.62 Mbit/s
Fri Feb  1 06:45:01 CET 2019
Ping: 24.853 ms
Download: 120.38 Mbit/s
Upload: 5.60 Mbit/s
Fri Feb  1 07:45:01 CET 2019
Ping: 24.857 ms
Download: 124.33 Mbit/s
Upload: 5.59 Mbit/s
Fri Feb  1 08:45:01 CET 2019
Ping: 25.233 ms
Download: 121.97 Mbit/s
Upload: 5.61 Mbit/s
Fri Feb  1 09:45:01 CET 2019
Ping: 26.038 ms
Download: 123.25 Mbit/s
Upload: 5.57 Mbit/s
Fri Feb  1 10:45:01 CET 2019
Ping: 25.851 ms
Download: 120.62 Mbit/s
Upload: 5.56 Mbit/s
Fri Feb  1 11:45:01 CET 2019
Ping: 26.929 ms
Download: 116.31 Mbit/s
Upload: 5.55 Mbit/s
Fri Feb  1 12:45:01 CET 2019
Ping: 25.357 ms
Download: 118.41 Mbit/s
Upload: 5.51 Mbit/s
Fri Feb  1 13:45:01 CET 2019
Ping: 25.087 ms
Download: 111.25 Mbit/s
Upload: 5.44 Mbit/s
Fri Feb  1 14:45:01 CET 2019
Ping: 24.508 ms
Download: 119.83 Mbit/s
Upload: 5.59 Mbit/s
Fri Feb  1 15:45:01 CET 2019
Ping: 24.737 ms
Download: 123.56 Mbit/s
Upload: 5.53 Mbit/s
Fri Feb  1 16:45:01 CET 2019
Ping: 1800000.0 ms
Download: 0.00 Mbit/s
Upload: 0.00 Mbit/s
Fri Feb  1 17:45:01 CET 2019
Ping: 29.763 ms
Download: 126.18 Mbit/s
Upload: 5.56 Mbit/s
Fri Feb  1 18:45:01 CET 2019
Ping: 26.311 ms
Download: 124.20 Mbit/s
Upload: 5.54 Mbit/s
Fri Feb  1 19:45:01 CET 2019
Ping: 27.667 ms
Download: 124.14 Mbit/s
Upload: 5.44 Mbit/s
Fri Feb  1 20:45:01 CET 2019
Ping: 26.402 ms
Download: 98.84 Mbit/s
Upload: 5.35 Mbit/s
Fri Feb  1 21:45:01 CET 2019
Ping: 25.167 ms
Download: 124.19 Mbit/s
Upload: 5.55 Mbit/s
Fri Feb  1 22:45:01 CET 2019
Ping: 25.606 ms
Download: 115.84 Mbit/s
Upload: 5.55 Mbit/s
Fri Feb  1 23:45:01 CET 2019
Ping: 24.073 ms
Download: 115.34 Mbit/s
Upload: 5.61 Mbit/s
Sat Feb  2 00:45:01 CET 2019
Ping: 25.081 ms
Download: 121.52 Mbit/s
Upload: 5.61 Mbit/s
Sat Feb  2 01:45:01 CET 2019
Ping: 25.544 ms
Download: 114.38 Mbit/s
Upload: 5.60 Mbit/s
Sat Feb  2 02:45:01 CET 2019
Ping: 25.393 ms
Download: 124.82 Mbit/s
Upload: 5.64 Mbit/s
Sat Feb  2 03:45:01 CET 2019
Ping: 26.401 ms
Download: 123.49 Mbit/s
Upload: 5.59 Mbit/s
Sat Feb  2 04:45:01 CET 2019
Ping: 25.413 ms
Download: 113.80 Mbit/s
Upload: 5.56 Mbit/s
Sat Feb  2 05:45:01 CET 2019
Ping: 24.563 ms
Download: 112.10 Mbit/s
Upload: 5.35 Mbit/s
Sat Feb  2 06:45:01 CET 2019
Ping: 25.205 ms
Download: 124.61 Mbit/s
Upload: 5.62 Mbit/s
Sat Feb  2 07:45:01 CET 2019
Ping: 25.8 ms
Download: 118.14 Mbit/s
Upload: 5.43 Mbit/s
Sat Feb  2 08:45:01 CET 2019
Ping: 25.92 ms
Download: 122.69 Mbit/s
Upload: 5.50 Mbit/s
Sat Feb  2 09:45:01 CET 2019
Ping: 25.378 ms
Download: 109.73 Mbit/s
Upload: 5.24 Mbit/s
Sat Feb  2 10:45:01 CET 2019
Ping: 26.355 ms
Download: 109.23 Mbit/s
Upload: 5.38 Mbit/s
Sat Feb  2 11:45:01 CET 2019
Ping: 25.073 ms
Download: 121.82 Mbit/s
Upload: 5.52 Mbit/s
Sat Feb  2 12:45:01 CET 2019
Ping: 24.723 ms
Download: 111.28 Mbit/s
Upload: 5.57 Mbit/s
Sat Feb  2 13:45:01 CET 2019
Ping: 25.805 ms
Download: 114.16 Mbit/s
Upload: 5.49 Mbit/s
Sat Feb  2 14:45:01 CET 2019
Ping: 24.847 ms
Download: 113.81 Mbit/s
Upload: 5.22 Mbit/s
Sat Feb  2 15:45:01 CET 2019
Ping: 27.427 ms
Download: 119.68 Mbit/s
Upload: 5.60 Mbit/s
Sat Feb  2 16:45:01 CET 2019
Ping: 29.136 ms
Download: 118.40 Mbit/s
Upload: 5.59 Mbit/s
Sat Feb  2 17:45:01 CET 2019
Ping: 25.497 ms
Download: 115.12 Mbit/s
Upload: 5.55 Mbit/s
Sat Feb  2 18:45:01 CET 2019
Ping: 25.118 ms
Download: 119.70 Mbit/s
Upload: 5.60 Mbit/s
Sat Feb  2 19:45:01 CET 2019
Ping: 25.618 ms
Download: 125.08 Mbit/s
Upload: 5.54 Mbit/s
Sat Feb  2 20:45:01 CET 2019
Ping: 25.876 ms
Download: 110.41 Mbit/s
Upload: 5.47 Mbit/s
Sat Feb  2 21:45:01 CET 2019
Ping: 24.661 ms
Download: 115.72 Mbit/s
Upload: 5.45 Mbit/s
Sat Feb  2 22:45:01 CET 2019
Ping: 28.624 ms
Download: 126.01 Mbit/s
Upload: 5.47 Mbit/s
Sat Feb  2 23:45:01 CET 2019
Ping: 26.394 ms
Download: 114.96 Mbit/s
Upload: 5.53 Mbit/s
Sun Feb  3 00:45:01 CET 2019
Ping: 24.817 ms
Download: 121.60 Mbit/s
Upload: 5.57 Mbit/s
Sun Feb  3 01:45:01 CET 2019
Ping: 26.024 ms
Download: 102.96 Mbit/s
Upload: 5.45 Mbit/s
Sun Feb  3 02:45:01 CET 2019
Ping: 25.343 ms
Download: 126.57 Mbit/s
Upload: 5.63 Mbit/s
Sun Feb  3 03:45:01 CET 2019
Ping: 23.506 ms
Download: 123.49 Mbit/s
Upload: 5.61 Mbit/s
Sun Feb  3 04:45:01 CET 2019
Ping: 25.961 ms
Download: 123.69 Mbit/s
Upload: 5.56 Mbit/s
Sun Feb  3 05:45:01 CET 2019
Ping: 26.206 ms
Download: 126.02 Mbit/s
Upload: 5.59 Mbit/s
Sun Feb  3 06:45:01 CET 2019
Ping: 24.229 ms
Download: 92.47 Mbit/s
Upload: 5.14 Mbit/s
Sun Feb  3 07:45:01 CET 2019
Ping: 26.473 ms
Download: 116.56 Mbit/s
Upload: 5.58 Mbit/s
Sun Feb  3 08:45:01 CET 2019
Ping: 25.541 ms
Download: 123.07 Mbit/s
Upload: 5.58 Mbit/s
Sun Feb  3 09:45:02 CET 2019
Ping: 25.67 ms
Download: 104.95 Mbit/s
Upload: 5.52 Mbit/s
Sun Feb  3 10:45:01 CET 2019
Ping: 25.888 ms
Download: 124.27 Mbit/s
Upload: 5.45 Mbit/s
Sun Feb  3 11:45:01 CET 2019
Ping: 25.714 ms
Download: 122.78 Mbit/s
Upload: 5.60 Mbit/s
Sun Feb  3 12:45:01 CET 2019
Ping: 26.471 ms
Download: 119.20 Mbit/s
Upload: 5.51 Mbit/s
Sun Feb  3 13:45:01 CET 2019
Ping: 25.223 ms
Download: 121.07 Mbit/s
Upload: 5.53 Mbit/s
Sun Feb  3 14:45:01 CET 2019
Ping: 25.713 ms
Download: 116.46 Mbit/s
Upload: 5.58 Mbit/s
Sun Feb  3 15:45:01 CET 2019
Ping: 25.727 ms
Download: 124.85 Mbit/s
Upload: 5.52 Mbit/s
Sun Feb  3 16:45:01 CET 2019
Ping: 26.512 ms
Download: 106.54 Mbit/s
Upload: 5.21 Mbit/s
Sun Feb  3 17:45:01 CET 2019
Ping: 27.423 ms
Download: 112.89 Mbit/s
Upload: 5.48 Mbit/s
Sun Feb  3 18:45:01 CET 2019
Ping: 26.743 ms
Download: 123.98 Mbit/s
Upload: 5.44 Mbit/s
Sun Feb  3 19:45:01 CET 2019
Ping: 27.444 ms
Download: 115.73 Mbit/s
Upload: 5.29 Mbit/s
Sun Feb  3 20:45:01 CET 2019
Ping: 28.486 ms
Download: 120.83 Mbit/s
Upload: 5.14 Mbit/s
Sun Feb  3 21:45:01 CET 2019
Ping: 26.287 ms
Download: 122.29 Mbit/s
Upload: 5.52 Mbit/s
Sun Feb  3 22:45:01 CET 2019
Ping: 27.385 ms
Download: 114.52 Mbit/s
Upload: 5.58 Mbit/s
Sun Feb  3 23:45:01 CET 2019
Ping: 24.311 ms
Download: 116.36 Mbit/s
Upload: 5.61 Mbit/s
Mon Feb  4 00:45:02 CET 2019
Ping: 25.922 ms
Download: 124.97 Mbit/s
Upload: 5.59 Mbit/s
Mon Feb  4 01:45:01 CET 2019
Ping: 24.417 ms
Download: 125.63 Mbit/s
Upload: 5.61 Mbit/s
Mon Feb  4 02:45:01 CET 2019
Ping: 24.777 ms
Download: 124.73 Mbit/s
Upload: 5.55 Mbit/s
Mon Feb  4 03:45:01 CET 2019
Ping: 26.085 ms
Download: 126.40 Mbit/s
Upload: 5.50 Mbit/s
Mon Feb  4 04:45:01 CET 2019
Ping: 25.12 ms
Download: 125.18 Mbit/s
Upload: 5.58 Mbit/s
Mon Feb  4 05:45:02 CET 2019
Ping: 25.469 ms
Download: 125.11 Mbit/s
Upload: 5.55 Mbit/s
Mon Feb  4 06:45:01 CET 2019
Ping: 24.757 ms
Download: 121.30 Mbit/s
Upload: 5.52 Mbit/s
Mon Feb  4 07:45:01 CET 2019
Ping: 25.467 ms
Download: 125.01 Mbit/s
Upload: 5.55 Mbit/s
Mon Feb  4 08:45:01 CET 2019
Ping: 24.168 ms
Download: 123.79 Mbit/s
Upload: 5.55 Mbit/s
Mon Feb  4 09:45:01 CET 2019
Ping: 26.407 ms
Download: 124.47 Mbit/s
Upload: 5.62 Mbit/s
Mon Feb  4 10:45:01 CET 2019
Ping: 25.464 ms
Download: 126.07 Mbit/s
Upload: 5.58 Mbit/s
Mon Feb  4 11:45:01 CET 2019
Ping: 26.242 ms
Download: 123.03 Mbit/s
Upload: 5.61 Mbit/s
Mon Feb  4 12:45:01 CET 2019
Ping: 26.043 ms
Download: 125.70 Mbit/s
Upload: 5.56 Mbit/s
Mon Feb  4 13:45:01 CET 2019
Ping: 26.236 ms
Download: 124.06 Mbit/s
Upload: 5.55 Mbit/s
Mon Feb  4 14:45:01 CET 2019
Ping: 25.147 ms
Download: 118.65 Mbit/s
Upload: 5.39 Mbit/s
Mon Feb  4 15:45:01 CET 2019
Ping: 26.702 ms
Download: 123.03 Mbit/s
Upload: 5.45 Mbit/s
Mon Feb  4 16:45:01 CET 2019
Ping: 24.321 ms
Download: 125.40 Mbit/s
Upload: 5.56 Mbit/s
Mon Feb  4 17:45:01 CET 2019
Ping: 26.126 ms
Download: 119.96 Mbit/s
Upload: 5.57 Mbit/s
Mon Feb  4 18:45:01 CET 2019
Ping: 25.583 ms
Download: 111.52 Mbit/s
Upload: 5.34 Mbit/s
Mon Feb  4 19:45:01 CET 2019
Ping: 24.85 ms
Download: 126.66 Mbit/s
Upload: 5.59 Mbit/s
Mon Feb  4 20:45:01 CET 2019
Ping: 27.041 ms
Download: 122.97 Mbit/s
Upload: 5.38 Mbit/s
Mon Feb  4 21:45:01 CET 2019
Ping: 25.04 ms
Download: 112.21 Mbit/s
Upload: 5.53 Mbit/s
Mon Feb  4 22:45:01 CET 2019
Ping: 25.988 ms
Download: 121.75 Mbit/s
Upload: 5.61 Mbit/s
Mon Feb  4 23:45:01 CET 2019
Ping: 25.536 ms
Download: 127.02 Mbit/s
Upload: 5.62 Mbit/s
Tue Feb  5 00:45:01 CET 2019
Ping: 27.743 ms
Download: 126.64 Mbit/s
Upload: 5.56 Mbit/s
Tue Feb  5 01:45:01 CET 2019
Ping: 25.328 ms
Download: 127.48 Mbit/s
Upload: 5.61 Mbit/s
Tue Feb  5 02:45:01 CET 2019
Ping: 24.427 ms
Download: 125.83 Mbit/s
Upload: 5.57 Mbit/s
Tue Feb  5 03:45:01 CET 2019
Ping: 24.731 ms
Download: 118.84 Mbit/s
Upload: 5.55 Mbit/s
Tue Feb  5 04:45:01 CET 2019
Ping: 24.839 ms
Download: 122.82 Mbit/s
Upload: 5.55 Mbit/s
Tue Feb  5 05:45:01 CET 2019
Ping: 25.596 ms
Download: 120.42 Mbit/s
Upload: 5.65 Mbit/s
Tue Feb  5 06:45:01 CET 2019
Ping: 25.195 ms
Download: 127.00 Mbit/s
Upload: 5.64 Mbit/s
Tue Feb  5 07:45:01 CET 2019
Ping: 26.314 ms
Download: 118.52 Mbit/s
Upload: 5.62 Mbit/s
Tue Feb  5 08:45:01 CET 2019
Ping: 25.424 ms
Download: 121.92 Mbit/s
Upload: 5.57 Mbit/s
Tue Feb  5 09:45:01 CET 2019
Ping: 28.703 ms
Download: 121.72 Mbit/s
Upload: 5.46 Mbit/s
Tue Feb  5 10:45:01 CET 2019
Ping: 25.063 ms
Download: 118.88 Mbit/s
Upload: 5.47 Mbit/s
Tue Feb  5 11:45:01 CET 2019
Ping: 26.931 ms
Download: 101.60 Mbit/s
Upload: 5.45 Mbit/s
Tue Feb  5 12:45:01 CET 2019
Ping: 28.759 ms
Download: 127.34 Mbit/s
Upload: 5.43 Mbit/s
Tue Feb  5 13:45:01 CET 2019
Ping: 24.782 ms
Download: 123.61 Mbit/s
Upload: 5.52 Mbit/s
Tue Feb  5 14:45:01 CET 2019
Ping: 25.949 ms
Download: 108.82 Mbit/s
Upload: 5.53 Mbit/s
Tue Feb  5 15:45:01 CET 2019
Ping: 26.804 ms
Download: 109.34 Mbit/s
Upload: 5.45 Mbit/s
Tue Feb  5 16:45:01 CET 2019
Ping: 27.629 ms
Download: 118.03 Mbit/s
Upload: 5.27 Mbit/s
Tue Feb  5 17:45:01 CET 2019
Ping: 26.118 ms
Download: 112.30 Mbit/s
Upload: 5.27 Mbit/s
Tue Feb  5 18:45:01 CET 2019
Ping: 25.635 ms
Download: 118.13 Mbit/s
Upload: 5.50 Mbit/s
Tue Feb  5 19:45:01 CET 2019
Ping: 26.595 ms
Download: 120.94 Mbit/s
Upload: 5.25 Mbit/s
Tue Feb  5 20:45:01 CET 2019
Ping: 29.382 ms
Download: 125.89 Mbit/s
Upload: 5.47 Mbit/s
Tue Feb  5 21:45:01 CET 2019
Ping: 25.193 ms
Download: 123.59 Mbit/s
Upload: 5.57 Mbit/s
Tue Feb  5 22:45:01 CET 2019
Ping: 24.73 ms
Download: 120.01 Mbit/s
Upload: 5.54 Mbit/s
Tue Feb  5 23:45:01 CET 2019
Ping: 25.714 ms
Download: 123.29 Mbit/s
Upload: 5.61 Mbit/s
Wed Feb  6 00:45:01 CET 2019
Ping: 24.39 ms
Download: 125.37 Mbit/s
Upload: 5.60 Mbit/s
Wed Feb  6 01:45:01 CET 2019
Ping: 24.749 ms
Download: 120.29 Mbit/s
Upload: 5.63 Mbit/s
Wed Feb  6 02:45:02 CET 2019
Ping: 25.565 ms
Download: 126.57 Mbit/s
Upload: 5.62 Mbit/s
Wed Feb  6 03:45:01 CET 2019
Ping: 23.825 ms
Download: 120.96 Mbit/s
Upload: 5.64 Mbit/s
Wed Feb  6 04:45:01 CET 2019
Ping: 24.575 ms
Download: 121.69 Mbit/s
Upload: 5.57 Mbit/s
Wed Feb  6 05:45:01 CET 2019
Ping: 25.96 ms
Download: 126.51 Mbit/s
Upload: 5.64 Mbit/s
Wed Feb  6 06:45:01 CET 2019
Ping: 24.15 ms
Download: 124.59 Mbit/s
Upload: 5.60 Mbit/s
Wed Feb  6 07:45:01 CET 2019
Ping: 23.344 ms
Download: 127.02 Mbit/s
Upload: 5.56 Mbit/s
Wed Feb  6 08:45:01 CET 2019
Ping: 24.198 ms
Download: 125.31 Mbit/s
Upload: 5.62 Mbit/s
Wed Feb  6 09:45:01 CET 2019
Ping: 25.382 ms
Download: 116.91 Mbit/s
Upload: 5.58 Mbit/s
Wed Feb  6 10:45:01 CET 2019
Ping: 24.809 ms
Download: 119.88 Mbit/s
Upload: 5.56 Mbit/s
Wed Feb  6 11:45:02 CET 2019
Ping: 25.527 ms
Download: 119.39 Mbit/s
Upload: 5.53 Mbit/s
Wed Feb  6 12:45:01 CET 2019
Ping: 24.586 ms
Download: 112.81 Mbit/s
Upload: 5.60 Mbit/s
Wed Feb  6 13:45:01 CET 2019
Ping: 25.749 ms
Download: 124.95 Mbit/s
Upload: 5.58 Mbit/s
Wed Feb  6 14:45:01 CET 2019
Ping: 23.332 ms
Download: 125.17 Mbit/s
Upload: 5.56 Mbit/s
Wed Feb  6 15:45:01 CET 2019
Ping: 28.882 ms
Download: 116.88 Mbit/s
Upload: 5.60 Mbit/s
Wed Feb  6 16:45:01 CET 2019
Ping: 24.402 ms
Download: 113.36 Mbit/s
Upload: 5.52 Mbit/s
Wed Feb  6 17:45:01 CET 2019
Ping: 25.298 ms
Download: 118.65 Mbit/s
Upload: 5.60 Mbit/s
Wed Feb  6 18:45:01 CET 2019
Ping: 25.284 ms
Download: 122.20 Mbit/s
Upload: 5.60 Mbit/s
Wed Feb  6 19:45:01 CET 2019
Ping: 27.657 ms
Download: 112.33 Mbit/s
Upload: 5.38 Mbit/s
Wed Feb  6 20:45:02 CET 2019
Ping: 24.183 ms
Download: 121.95 Mbit/s
Upload: 5.38 Mbit/s
Wed Feb  6 21:45:01 CET 2019
Ping: 25.093 ms
Download: 123.16 Mbit/s
Upload: 5.02 Mbit/s
Wed Feb  6 22:45:01 CET 2019
Ping: 27.714 ms
Download: 125.76 Mbit/s
Upload: 5.63 Mbit/s
Wed Feb  6 23:45:01 CET 2019
Ping: 26.25 ms
Download: 123.71 Mbit/s
Upload: 4.37 Mbit/s
Thu Feb  7 00:45:01 CET 2019
Ping: 24.997 ms
Download: 124.59 Mbit/s
Upload: 5.64 Mbit/s
Thu Feb  7 01:45:01 CET 2019
Ping: 24.709 ms
Download: 125.86 Mbit/s
Upload: 5.56 Mbit/s
Thu Feb  7 02:45:01 CET 2019
Ping: 27.098 ms
Download: 122.43 Mbit/s
Upload: 5.59 Mbit/s
Thu Feb  7 03:45:01 CET 2019
Ping: 23.886 ms
Download: 126.61 Mbit/s
Upload: 5.64 Mbit/s
Thu Feb  7 04:45:01 CET 2019
Ping: 24.357 ms
Download: 118.88 Mbit/s
Upload: 5.59 Mbit/s
Thu Feb  7 05:45:01 CET 2019
Ping: 25.793 ms
Download: 120.25 Mbit/s
Upload: 5.58 Mbit/s
Thu Feb  7 06:45:01 CET 2019
Ping: 25.461 ms
Download: 127.02 Mbit/s
Upload: 5.59 Mbit/s
Thu Feb  7 07:45:01 CET 2019
Ping: 24.171 ms
Download: 119.63 Mbit/s
Upload: 5.62 Mbit/s
Thu Feb  7 08:45:01 CET 2019
Ping: 26.514 ms
Download: 127.17 Mbit/s
Upload: 5.59 Mbit/s
Thu Feb  7 09:45:01 CET 2019
Ping: 24.156 ms
Download: 116.92 Mbit/s
Upload: 5.63 Mbit/s
Thu Feb  7 10:45:01 CET 2019
Ping: 25.638 ms
Download: 124.45 Mbit/s
Upload: 5.64 Mbit/s
Thu Feb  7 11:45:01 CET 2019
Ping: 25.826 ms
Download: 123.77 Mbit/s
Upload: 5.19 Mbit/s
Thu Feb  7 12:45:01 CET 2019
Ping: 25.195 ms
Download: 117.72 Mbit/s
Upload: 5.61 Mbit/s
Thu Feb  7 13:45:01 CET 2019
Ping: 23.865 ms
Download: 120.33 Mbit/s
Upload: 5.59 Mbit/s
Thu Feb  7 14:45:01 CET 2019
Ping: 25.883 ms
Download: 96.69 Mbit/s
Upload: 5.46 Mbit/s
Thu Feb  7 15:45:01 CET 2019
Ping: 25.362 ms
Download: 119.09 Mbit/s
Upload: 5.57 Mbit/s
Thu Feb  7 16:45:01 CET 2019
Ping: 25.961 ms
Download: 125.62 Mbit/s
Upload: 5.34 Mbit/s
Thu Feb  7 17:45:01 CET 2019
Ping: 27.239 ms
Download: 111.53 Mbit/s
Upload: 5.38 Mbit/s
Thu Feb  7 18:45:01 CET 2019
Ping: 26.099 ms
Download: 122.72 Mbit/s
Upload: 5.06 Mbit/s
Thu Feb  7 19:45:01 CET 2019
Ping: 25.05 ms
Download: 118.68 Mbit/s
Upload: 5.35 Mbit/s
Thu Feb  7 20:45:01 CET 2019
Ping: 25.425 ms
Download: 126.73 Mbit/s
Upload: 5.60 Mbit/s
Thu Feb  7 21:45:02 CET 2019
Ping: 24.761 ms
Download: 125.30 Mbit/s
Upload: 5.58 Mbit/s
Thu Feb  7 22:45:01 CET 2019
Ping: 26.986 ms
Download: 126.04 Mbit/s
Upload: 5.54 Mbit/s
Thu Feb  7 23:45:01 CET 2019
Ping: 24.801 ms
Download: 127.34 Mbit/s
Upload: 5.60 Mbit/s
Fri Feb  8 00:45:01 CET 2019
Ping: 25.355 ms
Download: 122.85 Mbit/s
Upload: 5.63 Mbit/s
Fri Feb  8 01:45:01 CET 2019
Ping: 25.364 ms
Download: 119.72 Mbit/s
Upload: 5.61 Mbit/s
Fri Feb  8 02:45:01 CET 2019
Ping: 25.278 ms
Download: 120.24 Mbit/s
Upload: 5.63 Mbit/s
Fri Feb  8 03:45:01 CET 2019
Ping: 26.151 ms
Download: 122.76 Mbit/s
Upload: 5.60 Mbit/s
Fri Feb  8 04:45:01 CET 2019
Ping: 25.522 ms
Download: 121.58 Mbit/s
Upload: 5.65 Mbit/s
Fri Feb  8 05:45:01 CET 2019
Ping: 25.156 ms
Download: 124.80 Mbit/s
Upload: 5.46 Mbit/s
Fri Feb  8 06:45:01 CET 2019
Ping: 25.549 ms
Download: 124.68 Mbit/s
Upload: 5.61 Mbit/s
Fri Feb  8 07:45:01 CET 2019
Ping: 24.886 ms
Download: 112.35 Mbit/s
Upload: 5.45 Mbit/s
Fri Feb  8 08:45:01 CET 2019
Ping: 23.314 ms
Download: 103.28 Mbit/s
Upload: 5.34 Mbit/s
Fri Feb  8 09:45:01 CET 2019
Ping: 24.026 ms
Download: 126.03 Mbit/s
Upload: 5.55 Mbit/s
Fri Feb  8 10:45:01 CET 2019
Ping: 26.208 ms
Download: 104.65 Mbit/s
Upload: 5.53 Mbit/s
Fri Feb  8 11:45:01 CET 2019
Ping: 26.137 ms
Download: 124.93 Mbit/s
Upload: 5.60 Mbit/s
Fri Feb  8 12:45:01 CET 2019
Ping: 27.312 ms
Download: 96.09 Mbit/s
Upload: 5.37 Mbit/s
Fri Feb  8 13:45:01 CET 2019
Ping: 27.172 ms
Download: 115.21 Mbit/s
Upload: 5.50 Mbit/s
Fri Feb  8 14:45:01 CET 2019
Ping: 27.378 ms
Download: 124.13 Mbit/s
Upload: 5.50 Mbit/s
Fri Feb  8 15:45:01 CET 2019
Ping: 25.794 ms
Download: 120.50 Mbit/s
Upload: 5.62 Mbit/s
Fri Feb  8 16:45:01 CET 2019
Ping: 26.059 ms
Download: 120.37 Mbit/s
Upload: 5.56 Mbit/s
Fri Feb  8 17:45:01 CET 2019
Ping: 26.167 ms
Download: 120.37 Mbit/s
Upload: 5.45 Mbit/s
Fri Feb  8 18:45:01 CET 2019
Ping: 25.426 ms
Download: 116.04 Mbit/s
Upload: 5.59 Mbit/s
Fri Feb  8 19:45:01 CET 2019
Ping: 24.714 ms
Download: 121.51 Mbit/s
Upload: 5.62 Mbit/s
Fri Feb  8 20:45:01 CET 2019
Ping: 26.624 ms
Download: 121.62 Mbit/s
Upload: 5.51 Mbit/s
Fri Feb  8 21:45:02 CET 2019
Ping: 26.419 ms
Download: 118.37 Mbit/s
Upload: 5.60 Mbit/s
Fri Feb  8 22:45:01 CET 2019
Ping: 25.727 ms
Download: 127.45 Mbit/s
Upload: 5.60 Mbit/s
Fri Feb  8 23:45:01 CET 2019
Ping: 25.368 ms
Download: 113.29 Mbit/s
Upload: 5.55 Mbit/s
Sat Feb  9 00:45:01 CET 2019
Ping: 26.199 ms
Download: 126.33 Mbit/s
Upload: 5.59 Mbit/s
Sat Feb  9 01:45:01 CET 2019
Ping: 26.177 ms
Download: 117.31 Mbit/s
Upload: 5.49 Mbit/s
Sat Feb  9 02:45:01 CET 2019
Ping: 26.424 ms
Download: 120.24 Mbit/s
Upload: 5.02 Mbit/s
Sat Feb  9 03:45:01 CET 2019
Ping: 25.321 ms
Download: 127.37 Mbit/s
Upload: 5.63 Mbit/s
Sat Feb  9 04:45:02 CET 2019
Ping: 26.782 ms
Download: 122.29 Mbit/s
Upload: 5.62 Mbit/s
Sat Feb  9 05:45:01 CET 2019
Ping: 26.002 ms
Download: 119.04 Mbit/s
Upload: 5.37 Mbit/s
Sat Feb  9 06:45:01 CET 2019
Ping: 25.017 ms
Download: 110.29 Mbit/s
Upload: 5.60 Mbit/s
Sat Feb  9 07:45:01 CET 2019
Ping: 24.759 ms
Download: 126.00 Mbit/s
Upload: 5.58 Mbit/s
Sat Feb  9 08:45:02 CET 2019
Ping: 25.715 ms
Download: 113.55 Mbit/s
Upload: 5.52 Mbit/s
Sat Feb  9 09:45:01 CET 2019
Ping: 28.532 ms
Download: 116.12 Mbit/s
Upload: 5.52 Mbit/s
Sat Feb  9 10:45:02 CET 2019
Ping: 27.354 ms
Download: 120.85 Mbit/s
Upload: 5.49 Mbit/s
Sat Feb  9 11:45:01 CET 2019
Ping: 25.367 ms
Download: 124.23 Mbit/s
Upload: 5.62 Mbit/s
Sat Feb  9 12:45:02 CET 2019
Ping: 25.981 ms
Download: 126.70 Mbit/s
Upload: 5.62 Mbit/s
Sat Feb  9 13:45:01 CET 2019
Ping: 24.738 ms
Download: 123.27 Mbit/s
Upload: 5.36 Mbit/s
Sat Feb  9 14:45:01 CET 2019
Ping: 24.948 ms
Download: 121.16 Mbit/s
Upload: 5.55 Mbit/s
Sat Feb  9 15:45:01 CET 2019
Ping: 24.124 ms
Download: 119.54 Mbit/s
Upload: 5.65 Mbit/s
Sat Feb  9 16:45:01 CET 2019
Ping: 27.128 ms
Download: 120.37 Mbit/s
Upload: 5.50 Mbit/s
Sat Feb  9 17:45:01 CET 2019
Ping: 26.294 ms
Download: 122.06 Mbit/s
Upload: 5.41 Mbit/s
Sat Feb  9 18:45:01 CET 2019
Ping: 24.929 ms
Download: 120.03 Mbit/s
Upload: 4.37 Mbit/s
Sat Feb  9 19:45:01 CET 2019
Ping: 25.845 ms
Download: 117.89 Mbit/s
Upload: 5.51 Mbit/s
Sat Feb  9 20:45:01 CET 2019
Ping: 26.417 ms
Download: 123.89 Mbit/s
Upload: 5.60 Mbit/s
Sat Feb  9 21:45:01 CET 2019
Ping: 27.062 ms
Download: 126.71 Mbit/s
Upload: 5.59 Mbit/s
Sat Feb  9 22:45:01 CET 2019
Ping: 25.01 ms
Download: 126.11 Mbit/s
Upload: 5.60 Mbit/s
Sat Feb  9 23:45:02 CET 2019
Ping: 26.377 ms
Download: 127.17 Mbit/s
Upload: 5.58 Mbit/s
Sun Feb 10 00:45:01 CET 2019
Ping: 25.16 ms
Download: 125.72 Mbit/s
Upload: 5.59 Mbit/s
Sun Feb 10 01:45:01 CET 2019
Ping: 25.297 ms
Download: 123.49 Mbit/s
Upload: 5.54 Mbit/s
Sun Feb 10 02:45:01 CET 2019
Ping: 24.98 ms
Download: 124.67 Mbit/s
Upload: 5.66 Mbit/s
Sun Feb 10 03:45:01 CET 2019
Ping: 26.423 ms
Download: 126.78 Mbit/s
Upload: 5.55 Mbit/s
Sun Feb 10 04:45:01 CET 2019
Ping: 26.09 ms
Download: 126.49 Mbit/s
Upload: 5.63 Mbit/s
Sun Feb 10 05:45:01 CET 2019
Ping: 25.623 ms
Download: 125.46 Mbit/s
Upload: 5.59 Mbit/s
Sun Feb 10 06:45:01 CET 2019
Ping: 25.409 ms
Download: 121.07 Mbit/s
Upload: 5.62 Mbit/s
Sun Feb 10 07:45:01 CET 2019
Ping: 26.287 ms
Download: 127.32 Mbit/s
Upload: 5.60 Mbit/s
Sun Feb 10 08:45:01 CET 2019
Ping: 25.245 ms
Download: 110.42 Mbit/s
Upload: 5.48 Mbit/s
Sun Feb 10 09:45:01 CET 2019
Ping: 25.819 ms
Download: 119.00 Mbit/s
Upload: 5.55 Mbit/s
Sun Feb 10 10:45:01 CET 2019
Ping: 24.399 ms
Download: 125.72 Mbit/s
Upload: 5.59 Mbit/s
Sun Feb 10 11:45:01 CET 2019
Ping: 26.397 ms
Download: 117.87 Mbit/s
Upload: 5.39 Mbit/s
Sun Feb 10 12:45:01 CET 2019
Ping: 25.739 ms
Download: 119.80 Mbit/s
Upload: 5.52 Mbit/s
Sun Feb 10 13:45:02 CET 2019
Ping: 26.66 ms
Download: 126.33 Mbit/s
Upload: 5.62 Mbit/s
Sun Feb 10 14:45:01 CET 2019
Ping: 28.516 ms
Download: 115.70 Mbit/s
Upload: 5.62 Mbit/s
Sun Feb 10 15:45:01 CET 2019
Ping: 24.697 ms
Download: 110.67 Mbit/s
Upload: 5.45 Mbit/s
Sun Feb 10 16:45:01 CET 2019
Ping: 26.806 ms
Download: 116.79 Mbit/s
Upload: 5.59 Mbit/s
Sun Feb 10 17:45:01 CET 2019
Ping: 25.548 ms
Download: 125.39 Mbit/s
Upload: 5.43 Mbit/s
Sun Feb 10 18:45:01 CET 2019
Ping: 28.915 ms
Download: 125.82 Mbit/s
Upload: 5.21 Mbit/s
Sun Feb 10 19:45:01 CET 2019
Ping: 26.702 ms
Download: 119.96 Mbit/s
Upload: 5.37 Mbit/s
Sun Feb 10 20:45:01 CET 2019
Ping: 25.328 ms
Download: 126.07 Mbit/s
Upload: 5.55 Mbit/s
Sun Feb 10 21:45:01 CET 2019
Ping: 24.47 ms
Download: 122.63 Mbit/s
Upload: 5.60 Mbit/s
Sun Feb 10 22:45:01 CET 2019
Ping: 25.585 ms
Download: 124.25 Mbit/s
Upload: 5.61 Mbit/s
Sun Feb 10 23:45:01 CET 2019
Ping: 24.429 ms
Download: 125.72 Mbit/s
Upload: 5.66 Mbit/s
Mon Feb 11 00:45:01 CET 2019
Ping: 25.07 ms
Download: 119.03 Mbit/s
Upload: 5.65 Mbit/s
Mon Feb 11 01:45:01 CET 2019
Ping: 24.876 ms
Download: 117.75 Mbit/s
Upload: 5.63 Mbit/s
Mon Feb 11 02:45:01 CET 2019
Ping: 25.392 ms
Download: 114.84 Mbit/s
Upload: 5.61 Mbit/s
Mon Feb 11 03:45:01 CET 2019
Ping: 24.797 ms
Download: 124.41 Mbit/s
Upload: 5.58 Mbit/s
Mon Feb 11 04:45:01 CET 2019
Ping: 24.25 ms
Download: 119.61 Mbit/s
Upload: 5.64 Mbit/s
Mon Feb 11 05:45:01 CET 2019
Ping: 26.071 ms
Download: 123.91 Mbit/s
Upload: 5.57 Mbit/s
Mon Feb 11 06:45:01 CET 2019
Ping: 26.593 ms
Download: 125.16 Mbit/s
Upload: 5.54 Mbit/s
Mon Feb 11 07:45:01 CET 2019
Ping: 25.666 ms
Download: 124.21 Mbit/s
Upload: 5.61 Mbit/s
Mon Feb 11 08:45:01 CET 2019
Ping: 26.517 ms
Download: 115.16 Mbit/s
Upload: 5.52 Mbit/s
Mon Feb 11 09:45:01 CET 2019
Ping: 26.385 ms
Download: 113.78 Mbit/s
Upload: 5.60 Mbit/s
Mon Feb 11 10:45:01 CET 2019
Ping: 24.868 ms
Download: 124.87 Mbit/s
Upload: 5.54 Mbit/s
Mon Feb 11 11:45:01 CET 2019
Ping: 25.375 ms
Download: 121.27 Mbit/s
Upload: 5.54 Mbit/s
Mon Feb 11 12:45:02 CET 2019
Ping: 24.742 ms
Download: 120.88 Mbit/s
Upload: 5.53 Mbit/s
Mon Feb 11 13:45:01 CET 2019
Ping: 24.833 ms
Download: 110.63 Mbit/s
Upload: 5.47 Mbit/s
Mon Feb 11 14:45:01 CET 2019
Ping: 26.096 ms
Download: 117.76 Mbit/s
Upload: 5.44 Mbit/s
Mon Feb 11 15:45:01 CET 2019
Ping: 27.551 ms
Download: 116.53 Mbit/s
Upload: 5.55 Mbit/s
Mon Feb 11 16:45:01 CET 2019
Ping: 26.319 ms
Download: 115.23 Mbit/s
Upload: 5.58 Mbit/s
Mon Feb 11 17:45:01 CET 2019
Ping: 24.454 ms
Download: 110.24 Mbit/s
Upload: 5.43 Mbit/s
Mon Feb 11 18:45:01 CET 2019
Ping: 25.632 ms
Download: 118.25 Mbit/s
Upload: 5.29 Mbit/s
Mon Feb 11 19:45:01 CET 2019
Ping: 26.099 ms
Download: 126.03 Mbit/s
Upload: 5.42 Mbit/s
Mon Feb 11 20:45:02 CET 2019
Ping: 26.338 ms
Download: 125.44 Mbit/s
Upload: 5.60 Mbit/s
Mon Feb 11 21:45:01 CET 2019
Ping: 25.224 ms
Download: 126.08 Mbit/s
Upload: 5.61 Mbit/s
Mon Feb 11 22:45:01 CET 2019
Ping: 25.145 ms
Download: 119.96 Mbit/s
Upload: 5.58 Mbit/s
Mon Feb 11 23:45:01 CET 2019
Ping: 24.795 ms
Download: 126.10 Mbit/s
Upload: 5.63 Mbit/s
Tue Feb 12 00:45:01 CET 2019
Ping: 24.706 ms
Download: 121.33 Mbit/s
Upload: 5.61 Mbit/s
Tue Feb 12 01:45:01 CET 2019
Ping: 26.056 ms
Download: 122.52 Mbit/s
Upload: 5.59 Mbit/s
Tue Feb 12 02:45:01 CET 2019
Ping: 23.565 ms
Download: 117.55 Mbit/s
Upload: 5.60 Mbit/s
Tue Feb 12 03:45:01 CET 2019
Ping: 24.753 ms
Download: 125.21 Mbit/s
Upload: 5.61 Mbit/s
Tue Feb 12 04:45:01 CET 2019
Ping: 24.916 ms
Download: 121.16 Mbit/s
Upload: 5.51 Mbit/s
Tue Feb 12 05:45:01 CET 2019
Ping: 25.344 ms
Download: 119.99 Mbit/s
Upload: 5.59 Mbit/s
Tue Feb 12 06:45:01 CET 2019
Ping: 25.786 ms
Download: 123.45 Mbit/s
Upload: 5.52 Mbit/s
Tue Feb 12 07:45:01 CET 2019
Ping: 23.708 ms
Download: 121.33 Mbit/s
Upload: 5.29 Mbit/s
Tue Feb 12 08:45:01 CET 2019
Ping: 26.33 ms
Download: 125.49 Mbit/s
Upload: 5.55 Mbit/s
Tue Feb 12 09:45:01 CET 2019
Ping: 25.685 ms
Download: 115.84 Mbit/s
Upload: 5.55 Mbit/s
Tue Feb 12 10:45:01 CET 2019
Ping: 25.433 ms
Download: 120.88 Mbit/s
Upload: 5.47 Mbit/s
Tue Feb 12 11:45:01 CET 2019
Ping: 25.197 ms
Download: 111.91 Mbit/s
Upload: 5.62 Mbit/s
Tue Feb 12 12:45:01 CET 2019
Ping: 24.456 ms
Download: 104.17 Mbit/s
Upload: 5.49 Mbit/s
Tue Feb 12 13:45:01 CET 2019
Ping: 24.144 ms
Download: 119.75 Mbit/s
Upload: 5.56 Mbit/s
Tue Feb 12 14:45:01 CET 2019
Ping: 24.611 ms
Download: 117.69 Mbit/s
Upload: 5.45 Mbit/s
Tue Feb 12 15:45:01 CET 2019
Ping: 26.257 ms
Download: 121.35 Mbit/s
Upload: 5.50 Mbit/s
Tue Feb 12 16:45:01 CET 2019
Ping: 25.492 ms
Download: 124.41 Mbit/s
Upload: 5.38 Mbit/s
Tue Feb 12 17:45:01 CET 2019
Ping: 24.911 ms
Download: 105.00 Mbit/s
Upload: 5.55 Mbit/s
Tue Feb 12 18:45:01 CET 2019
Ping: 24.107 ms
Download: 112.39 Mbit/s
Upload: 5.35 Mbit/s
Tue Feb 12 19:45:01 CET 2019
Ping: 27.222 ms
Download: 96.37 Mbit/s
Upload: 5.32 Mbit/s
Tue Feb 12 20:45:01 CET 2019
Could not retrieve speedtest.net configuration
Tue Feb 12 21:45:01 CET 2019
Ping: 24.06 ms
Download: 124.99 Mbit/s
Upload: 5.55 Mbit/s
Tue Feb 12 22:45:01 CET 2019
Ping: 26.401 ms
Download: 124.38 Mbit/s
Upload: 5.52 Mbit/s
Tue Feb 12 23:45:01 CET 2019
Ping: 25.149 ms
Download: 124.26 Mbit/s
Upload: 5.57 Mbit/s
Wed Feb 13 00:45:01 CET 2019
Ping: 26.61 ms
Download: 126.25 Mbit/s
Upload: 5.58 Mbit/s
Wed Feb 13 01:45:01 CET 2019
Ping: 24.241 ms
Download: 123.28 Mbit/s
Upload: 5.63 Mbit/s
Wed Feb 13 02:45:01 CET 2019
Ping: 25.941 ms
Download: 127.54 Mbit/s
Upload: 5.43 Mbit/s
Wed Feb 13 03:45:01 CET 2019
Ping: 24.844 ms
Download: 119.78 Mbit/s
Upload: 5.65 Mbit/s
Wed Feb 13 04:45:01 CET 2019
Could not retrieve speedtest.net configuration
Wed Feb 13 05:45:01 CET 2019
Ping: 26.11 ms
Download: 125.74 Mbit/s
Upload: 5.46 Mbit/s
Wed Feb 13 06:45:01 CET 2019
Ping: 24.58 ms
Download: 124.62 Mbit/s
Upload: 5.65 Mbit/s
Wed Feb 13 07:45:01 CET 2019
Ping: 25.408 ms
Download: 124.85 Mbit/s
Upload: 5.62 Mbit/s
Wed Feb 13 08:45:01 CET 2019
Ping: 26.154 ms
Download: 118.55 Mbit/s
Upload: 5.57 Mbit/s
Wed Feb 13 09:45:01 CET 2019
Ping: 25.154 ms
Download: 125.72 Mbit/s
Upload: 5.59 Mbit/s
Wed Feb 13 10:45:01 CET 2019
Ping: 24.713 ms
Download: 119.64 Mbit/s
Upload: 5.59 Mbit/s
Wed Feb 13 11:45:01 CET 2019
Ping: 25.68 ms
Download: 119.85 Mbit/s
Upload: 5.55 Mbit/s
Wed Feb 13 12:45:01 CET 2019
Ping: 26.03 ms
Download: 116.18 Mbit/s
Upload: 5.60 Mbit/s
Wed Feb 13 13:45:01 CET 2019
Ping: 24.533 ms
Download: 121.91 Mbit/s
Upload: 5.55 Mbit/s
Wed Feb 13 14:45:01 CET 2019
Ping: 24.733 ms
Download: 126.01 Mbit/s
Upload: 5.55 Mbit/s
Wed Feb 13 15:45:01 CET 2019
Ping: 25.628 ms
Download: 121.14 Mbit/s
Upload: 5.44 Mbit/s
Wed Feb 13 16:45:01 CET 2019
Ping: 24.464 ms
Download: 117.69 Mbit/s
Upload: 5.53 Mbit/s
Wed Feb 13 17:45:01 CET 2019
Ping: 24.872 ms
Download: 125.30 Mbit/s
Upload: 5.51 Mbit/s
Wed Feb 13 18:45:01 CET 2019
Ping: 24.562 ms
Download: 120.41 Mbit/s
Upload: 5.55 Mbit/s
Wed Feb 13 19:45:01 CET 2019
Ping: 25.359 ms
Download: 118.44 Mbit/s
Upload: 5.50 Mbit/s
Wed Feb 13 20:45:01 CET 2019
Ping: 25.049 ms
Download: 121.18 Mbit/s
Upload: 5.50 Mbit/s
Wed Feb 13 21:45:01 CET 2019
Ping: 26.635 ms
Download: 124.80 Mbit/s
Upload: 5.61 Mbit/s
Wed Feb 13 22:45:01 CET 2019
Ping: 25.074 ms
Download: 119.17 Mbit/s
Upload: 5.39 Mbit/s
Wed Feb 13 23:45:01 CET 2019
Ping: 24.742 ms
Download: 122.20 Mbit/s
Upload: 5.63 Mbit/s
Thu Feb 14 00:45:01 CET 2019
Ping: 25.054 ms
Download: 119.85 Mbit/s
Upload: 5.57 Mbit/s
Thu Feb 14 01:45:01 CET 2019
Ping: 26.399 ms
Download: 99.56 Mbit/s
Upload: 5.60 Mbit/s
Thu Feb 14 02:45:01 CET 2019
Ping: 24.857 ms
Download: 120.91 Mbit/s
Upload: 5.54 Mbit/s
Thu Feb 14 03:45:01 CET 2019
Ping: 25.325 ms
Download: 120.20 Mbit/s
Upload: 5.62 Mbit/s
Thu Feb 14 04:45:01 CET 2019
Ping: 24.437 ms
Download: 114.18 Mbit/s
Upload: 5.62 Mbit/s
Thu Feb 14 05:45:01 CET 2019
Ping: 24.884 ms
Download: 100.21 Mbit/s
Upload: 5.55 Mbit/s
Thu Feb 14 06:45:02 CET 2019
Ping: 26.664 ms
Download: 116.22 Mbit/s
Upload: 5.37 Mbit/s
Thu Feb 14 07:45:01 CET 2019
Ping: 26.698 ms
Download: 127.61 Mbit/s
Upload: 5.46 Mbit/s
Thu Feb 14 08:45:01 CET 2019
Ping: 25.27 ms
Download: 122.23 Mbit/s
Upload: 5.60 Mbit/s
Thu Feb 14 09:45:01 CET 2019
Ping: 25.664 ms
Download: 115.55 Mbit/s
Upload: 5.57 Mbit/s
Thu Feb 14 10:45:01 CET 2019
Ping: 25.621 ms
Download: 119.55 Mbit/s
Upload: 5.53 Mbit/s
Thu Feb 14 11:45:01 CET 2019
Ping: 24.718 ms
Download: 121.93 Mbit/s
Upload: 5.56 Mbit/s
Thu Feb 14 12:45:01 CET 2019
Ping: 26.274 ms
Download: 116.36 Mbit/s
Upload: 5.46 Mbit/s
Thu Feb 14 13:45:01 CET 2019
Ping: 24.441 ms
Download: 112.50 Mbit/s
Upload: 5.55 Mbit/s
Thu Feb 14 14:45:01 CET 2019
Ping: 25.594 ms
Download: 124.65 Mbit/s
Upload: 5.46 Mbit/s
Thu Feb 14 15:45:01 CET 2019
Ping: 23.991 ms
Download: 108.62 Mbit/s
Upload: 5.47 Mbit/s
Thu Feb 14 16:45:01 CET 2019
Ping: 27.446 ms
Download: 122.98 Mbit/s
Upload: 5.58 Mbit/s
Thu Feb 14 17:45:01 CET 2019
Ping: 25.21 ms
Download: 109.35 Mbit/s
Upload: 5.50 Mbit/s
Thu Feb 14 18:45:01 CET 2019
Ping: 25.228 ms
Download: 103.50 Mbit/s
Upload: 5.55 Mbit/s
Thu Feb 14 19:45:01 CET 2019
Ping: 25.904 ms
Download: 105.10 Mbit/s
Upload: 5.53 Mbit/s
Thu Feb 14 20:45:01 CET 2019
Ping: 25.978 ms
Download: 120.16 Mbit/s
Upload: 5.48 Mbit/s
Thu Feb 14 21:45:01 CET 2019
Ping: 25.458 ms
Download: 126.81 Mbit/s
Upload: 5.54 Mbit/s
Thu Feb 14 22:45:01 CET 2019
Ping: 26.023 ms
Download: 125.37 Mbit/s
Upload: 5.61 Mbit/s
Thu Feb 14 23:45:02 CET 2019
Ping: 26.037 ms
Download: 126.29 Mbit/s
Upload: 5.66 Mbit/s
Fri Feb 15 00:45:01 CET 2019
Ping: 24.922 ms
Download: 126.72 Mbit/s
Upload: 5.63 Mbit/s
Fri Feb 15 01:45:01 CET 2019
Ping: 25.045 ms
Download: 123.25 Mbit/s
Upload: 5.55 Mbit/s
Fri Feb 15 02:45:01 CET 2019
Ping: 26.175 ms
Download: 122.36 Mbit/s
Upload: 5.59 Mbit/s
Fri Feb 15 03:45:02 CET 2019
Ping: 24.376 ms
Download: 122.80 Mbit/s
Upload: 5.62 Mbit/s
Fri Feb 15 04:45:01 CET 2019
Ping: 24.805 ms
Download: 125.42 Mbit/s
Upload: 5.57 Mbit/s
Fri Feb 15 05:45:01 CET 2019
Ping: 24.816 ms
Download: 105.66 Mbit/s
Upload: 5.56 Mbit/s
Fri Feb 15 06:45:02 CET 2019
Ping: 25.648 ms
Download: 119.12 Mbit/s
Upload: 5.55 Mbit/s
Fri Feb 15 07:45:01 CET 2019
Ping: 26.107 ms
Download: 104.63 Mbit/s
Upload: 5.62 Mbit/s
Fri Feb 15 08:45:01 CET 2019
Ping: 25.53 ms
Download: 119.60 Mbit/s
Upload: 5.56 Mbit/s
Fri Feb 15 09:45:01 CET 2019
Ping: 26.381 ms
Download: 113.77 Mbit/s
Upload: 5.64 Mbit/s
Fri Feb 15 10:45:01 CET 2019
Ping: 25.439 ms
Download: 120.24 Mbit/s
Upload: 5.60 Mbit/s
Fri Feb 15 11:45:02 CET 2019
Ping: 25.28 ms
Download: 121.12 Mbit/s
Upload: 5.65 Mbit/s
Fri Feb 15 12:45:01 CET 2019
Ping: 26.562 ms
Download: 123.68 Mbit/s
Upload: 5.46 Mbit/s
Fri Feb 15 13:45:01 CET 2019
Ping: 25.421 ms
Download: 118.31 Mbit/s
Upload: 5.50 Mbit/s
Fri Feb 15 14:45:01 CET 2019
Ping: 25.905 ms
Download: 118.86 Mbit/s
Upload: 5.56 Mbit/s
Fri Feb 15 15:45:01 CET 2019
Ping: 24.731 ms
Download: 125.33 Mbit/s
Upload: 5.51 Mbit/s
Fri Feb 15 16:45:01 CET 2019
Ping: 25.987 ms
Download: 112.16 Mbit/s
Upload: 5.57 Mbit/s
Fri Feb 15 17:45:01 CET 2019
Ping: 28.248 ms
Download: 122.89 Mbit/s
Upload: 5.57 Mbit/s
Fri Feb 15 18:45:01 CET 2019
Ping: 26.369 ms
Download: 114.23 Mbit/s
Upload: 5.53 Mbit/s
Fri Feb 15 19:45:01 CET 2019
Ping: 26.181 ms
Download: 119.26 Mbit/s
Upload: 5.49 Mbit/s
Fri Feb 15 20:45:01 CET 2019
Ping: 26.667 ms
Download: 121.89 Mbit/s
Upload: 5.53 Mbit/s
Fri Feb 15 21:45:02 CET 2019
Ping: 24.712 ms
Download: 110.20 Mbit/s
Upload: 5.51 Mbit/s
Fri Feb 15 22:45:01 CET 2019
Ping: 26.09 ms
Download: 115.68 Mbit/s
Upload: 5.57 Mbit/s
Fri Feb 15 23:45:01 CET 2019
Ping: 24.403 ms
Download: 126.31 Mbit/s
Upload: 5.58 Mbit/s
Sat Feb 16 00:45:02 CET 2019
Ping: 26.353 ms
Download: 125.65 Mbit/s
Upload: 5.59 Mbit/s
Sat Feb 16 01:45:01 CET 2019
Ping: 25.461 ms
Download: 127.15 Mbit/s
Upload: 5.62 Mbit/s
Sat Feb 16 02:45:01 CET 2019
Ping: 25.31 ms
Download: 126.76 Mbit/s
Upload: 5.09 Mbit/s
Sat Feb 16 03:45:01 CET 2019
Ping: 25.213 ms
Download: 121.70 Mbit/s
Upload: 5.64 Mbit/s
Sat Feb 16 04:45:01 CET 2019
Ping: 24.714 ms
Download: 119.80 Mbit/s
Upload: 5.60 Mbit/s
Sat Feb 16 05:45:01 CET 2019
Ping: 25.316 ms
Download: 122.57 Mbit/s
Upload: 5.51 Mbit/s
Sat Feb 16 06:45:01 CET 2019
Ping: 25.223 ms
Download: 122.72 Mbit/s
Upload: 5.61 Mbit/s
Sat Feb 16 07:45:01 CET 2019
Ping: 26.244 ms
Download: 127.09 Mbit/s
Upload: 5.53 Mbit/s
Sat Feb 16 08:45:01 CET 2019
Ping: 26.108 ms
Download: 127.15 Mbit/s
Upload: 5.48 Mbit/s
Sat Feb 16 09:45:01 CET 2019
Ping: 24.12 ms
Download: 121.64 Mbit/s
Upload: 5.40 Mbit/s
Sat Feb 16 10:45:01 CET 2019
Ping: 24.738 ms
Download: 123.67 Mbit/s
Upload: 5.60 Mbit/s
Sat Feb 16 11:45:01 CET 2019
Ping: 25.153 ms
Download: 113.67 Mbit/s
Upload: 5.60 Mbit/s
Sat Feb 16 12:45:01 CET 2019
Ping: 25.158 ms
Download: 119.72 Mbit/s
Upload: 5.54 Mbit/s
Sat Feb 16 13:45:01 CET 2019
Ping: 27.197 ms
Download: 116.58 Mbit/s
Upload: 5.64 Mbit/s
Sat Feb 16 14:45:01 CET 2019
Ping: 26.429 ms
Download: 126.62 Mbit/s
Upload: 5.59 Mbit/s
Sat Feb 16 15:45:01 CET 2019
Ping: 24.887 ms
Download: 105.04 Mbit/s
Upload: 4.84 Mbit/s
Sat Feb 16 16:45:01 CET 2019
Ping: 24.963 ms
Download: 119.92 Mbit/s
Upload: 5.58 Mbit/s
Sat Feb 16 17:45:02 CET 2019
Ping: 25.767 ms
Download: 119.94 Mbit/s
Upload: 5.59 Mbit/s
Sat Feb 16 18:45:02 CET 2019
Ping: 25.94 ms
Download: 120.70 Mbit/s
Upload: 5.60 Mbit/s
Sat Feb 16 19:45:02 CET 2019
Ping: 25.011 ms
Download: 125.36 Mbit/s
Upload: 5.60 Mbit/s
Sat Feb 16 20:45:01 CET 2019
Ping: 27.347 ms
Download: 115.50 Mbit/s
Upload: 5.62 Mbit/s
Sat Feb 16 21:45:01 CET 2019
Ping: 25.086 ms
Download: 126.88 Mbit/s
Upload: 5.57 Mbit/s
Sat Feb 16 22:45:01 CET 2019
Ping: 26.403 ms
Download: 118.59 Mbit/s
Upload: 5.47 Mbit/s
Sat Feb 16 23:45:01 CET 2019
Ping: 27.105 ms
Download: 123.04 Mbit/s
Upload: 5.38 Mbit/s
Sun Feb 17 00:45:01 CET 2019
Ping: 25.83 ms
Download: 116.75 Mbit/s
Upload: 5.56 Mbit/s
Sun Feb 17 01:45:01 CET 2019
Ping: 26.399 ms
Download: 118.60 Mbit/s
Upload: 5.56 Mbit/s
Sun Feb 17 02:45:01 CET 2019
Ping: 24.861 ms
Download: 126.58 Mbit/s
Upload: 5.59 Mbit/s
Sun Feb 17 03:45:01 CET 2019
Ping: 25.083 ms
Download: 119.24 Mbit/s
Upload: 5.64 Mbit/s
Sun Feb 17 04:45:01 CET 2019
Ping: 24.306 ms
Download: 122.78 Mbit/s
Upload: 5.63 Mbit/s
Sun Feb 17 05:45:01 CET 2019
Ping: 26.398 ms
Download: 117.22 Mbit/s
Upload: 5.60 Mbit/s
Sun Feb 17 06:45:01 CET 2019
Ping: 25.045 ms
Download: 105.15 Mbit/s
Upload: 5.58 Mbit/s
Sun Feb 17 07:45:01 CET 2019
Ping: 25.431 ms
Download: 99.45 Mbit/s
Upload: 5.35 Mbit/s
Sun Feb 17 08:45:01 CET 2019
Ping: 26.025 ms
Download: 101.77 Mbit/s
Upload: 5.57 Mbit/s
Sun Feb 17 09:45:01 CET 2019
Ping: 25.802 ms
Download: 120.00 Mbit/s
Upload: 5.58 Mbit/s
Sun Feb 17 10:45:01 CET 2019
Ping: 26.326 ms
Download: 123.41 Mbit/s
Upload: 5.56 Mbit/s
Sun Feb 17 11:45:01 CET 2019
Ping: 25.76 ms
Download: 122.15 Mbit/s
Upload: 5.29 Mbit/s
Sun Feb 17 12:45:01 CET 2019
Ping: 25.644 ms
Download: 125.12 Mbit/s
Upload: 5.50 Mbit/s
Sun Feb 17 13:45:01 CET 2019
Ping: 26.377 ms
Download: 113.33 Mbit/s
Upload: 5.61 Mbit/s
Sun Feb 17 14:45:01 CET 2019
Ping: 26.95 ms
Download: 111.21 Mbit/s
Upload: 5.61 Mbit/s
Sun Feb 17 15:45:01 CET 2019
Ping: 25.569 ms
Download: 112.40 Mbit/s
Upload: 5.41 Mbit/s
Sun Feb 17 16:45:02 CET 2019
Ping: 25.478 ms
Download: 120.35 Mbit/s
Upload: 5.58 Mbit/s
Sun Feb 17 17:45:01 CET 2019
Ping: 25.209 ms
Download: 112.81 Mbit/s
Upload: 5.15 Mbit/s
Sun Feb 17 18:45:01 CET 2019
Ping: 25.683 ms
Download: 119.35 Mbit/s
Upload: 5.59 Mbit/s
Sun Feb 17 19:45:01 CET 2019
Ping: 24.196 ms
Download: 97.67 Mbit/s
Upload: 5.63 Mbit/s
Sun Feb 17 20:45:01 CET 2019
Ping: 26.369 ms
Download: 107.95 Mbit/s
Upload: 5.52 Mbit/s
Sun Feb 17 21:45:01 CET 2019
Ping: 25.138 ms
Download: 118.13 Mbit/s
Upload: 5.51 Mbit/s
Sun Feb 17 22:45:01 CET 2019
Ping: 28.057 ms
Download: 117.95 Mbit/s
Upload: 5.54 Mbit/s
Sun Feb 17 23:45:01 CET 2019
Ping: 25.255 ms
Download: 123.70 Mbit/s
Upload: 5.57 Mbit/s
Mon Feb 18 00:45:01 CET 2019
Ping: 26.095 ms
Download: 119.40 Mbit/s
Upload: 5.57 Mbit/s
Mon Feb 18 01:45:01 CET 2019
Ping: 26.589 ms
Download: 120.01 Mbit/s
Upload: 5.62 Mbit/s
Mon Feb 18 02:45:02 CET 2019
Ping: 25.239 ms
Download: 120.41 Mbit/s
Upload: 5.55 Mbit/s
Mon Feb 18 03:45:01 CET 2019
Ping: 26.395 ms
Download: 122.15 Mbit/s
Upload: 5.63 Mbit/s
Mon Feb 18 04:45:01 CET 2019
Ping: 25.448 ms
Download: 120.23 Mbit/s
Upload: 5.63 Mbit/s
Mon Feb 18 05:45:01 CET 2019
Ping: 22.897 ms
Download: 123.24 Mbit/s
Upload: 5.56 Mbit/s
Mon Feb 18 06:45:01 CET 2019
Ping: 27.1 ms
Download: 124.16 Mbit/s
Upload: 5.44 Mbit/s
Mon Feb 18 07:45:01 CET 2019
Ping: 25.667 ms
Download: 121.29 Mbit/s
Upload: 5.65 Mbit/s
Mon Feb 18 08:45:01 CET 2019
Ping: 27.094 ms
Download: 121.23 Mbit/s
Upload: 4.14 Mbit/s
Mon Feb 18 09:45:01 CET 2019
Ping: 23.873 ms
Download: 126.74 Mbit/s
Upload: 5.58 Mbit/s
Mon Feb 18 10:45:01 CET 2019
Ping: 25.856 ms
Download: 116.86 Mbit/s
Upload: 5.56 Mbit/s
Mon Feb 18 11:45:01 CET 2019
Ping: 26.828 ms
Download: 109.27 Mbit/s
Upload: 5.58 Mbit/s
Mon Feb 18 12:45:01 CET 2019
Ping: 24.633 ms
Download: 121.20 Mbit/s
Upload: 5.52 Mbit/s
Mon Feb 18 13:45:01 CET 2019
Ping: 24.706 ms
Download: 122.34 Mbit/s
Upload: 5.59 Mbit/s
Mon Feb 18 14:45:01 CET 2019
Ping: 24.224 ms
Download: 125.31 Mbit/s
Upload: 5.55 Mbit/s
Mon Feb 18 15:45:01 CET 2019
Ping: 26.435 ms
Download: 112.95 Mbit/s
Upload: 5.60 Mbit/s
Mon Feb 18 16:45:01 CET 2019
Ping: 26.688 ms
Download: 118.08 Mbit/s
Upload: 5.52 Mbit/s
Mon Feb 18 17:45:01 CET 2019
Ping: 25.652 ms
Download: 120.71 Mbit/s
Upload: 5.57 Mbit/s
Mon Feb 18 18:45:01 CET 2019
Ping: 30.459 ms
Download: 125.37 Mbit/s
Upload: 5.58 Mbit/s
Mon Feb 18 19:45:01 CET 2019
Ping: 26.189 ms
Download: 119.30 Mbit/s
Upload: 5.56 Mbit/s
Mon Feb 18 20:45:01 CET 2019
Ping: 26.319 ms
Download: 125.62 Mbit/s
Upload: 4.77 Mbit/s
Mon Feb 18 21:45:01 CET 2019
Ping: 24.916 ms
Download: 122.45 Mbit/s
Upload: 5.56 Mbit/s
Mon Feb 18 22:45:02 CET 2019
Ping: 26.639 ms
Download: 112.03 Mbit/s
Upload: 5.63 Mbit/s
Mon Feb 18 23:45:01 CET 2019
Ping: 25.448 ms
Download: 124.22 Mbit/s
Upload: 5.52 Mbit/s
Tue Feb 19 00:45:01 CET 2019
Ping: 24.986 ms
Download: 124.79 Mbit/s
Upload: 5.56 Mbit/s
Tue Feb 19 01:45:01 CET 2019
Ping: 26.681 ms
Download: 126.75 Mbit/s
Upload: 5.64 Mbit/s
Tue Feb 19 02:45:01 CET 2019
Ping: 24.556 ms
Download: 99.20 Mbit/s
Upload: 5.54 Mbit/s
Tue Feb 19 03:45:01 CET 2019
Ping: 26.507 ms
Download: 121.04 Mbit/s
Upload: 5.55 Mbit/s
Tue Feb 19 04:45:02 CET 2019
Ping: 26.226 ms
Download: 116.16 Mbit/s
Upload: 5.58 Mbit/s
Tue Feb 19 05:45:01 CET 2019
Ping: 25.762 ms
Download: 126.42 Mbit/s
Upload: 5.59 Mbit/s
Tue Feb 19 06:45:01 CET 2019
Ping: 26.184 ms
Download: 122.10 Mbit/s
Upload: 5.55 Mbit/s
Tue Feb 19 07:45:01 CET 2019
Ping: 26.41 ms
Download: 125.84 Mbit/s
Upload: 5.57 Mbit/s
Tue Feb 19 08:45:01 CET 2019
Ping: 25.569 ms
Download: 125.73 Mbit/s
Upload: 5.64 Mbit/s
Tue Feb 19 09:45:01 CET 2019
Ping: 24.348 ms
Download: 125.33 Mbit/s
Upload: 5.58 Mbit/s
Tue Feb 19 10:45:01 CET 2019
Ping: 25.817 ms
Download: 111.72 Mbit/s
Upload: 5.58 Mbit/s
Tue Feb 19 11:45:02 CET 2019
Ping: 25.708 ms
Download: 119.26 Mbit/s
Upload: 5.55 Mbit/s
Tue Feb 19 12:45:01 CET 2019
Ping: 27.003 ms
Download: 121.54 Mbit/s
Upload: 5.58 Mbit/s
Tue Feb 19 13:45:01 CET 2019
Ping: 25.694 ms
Download: 117.57 Mbit/s
Upload: 5.46 Mbit/s
Tue Feb 19 14:45:01 CET 2019
Ping: 28.696 ms
Download: 111.00 Mbit/s
Upload: 5.53 Mbit/s
Tue Feb 19 15:45:01 CET 2019
Ping: 26.851 ms
Download: 123.29 Mbit/s
Upload: 5.55 Mbit/s
Wed Feb 27 20:45:01 CET 2019
Ping: 27.374 ms
Download: 136.23 Mbit/s
Upload: 19.77 Mbit/s
Wed Feb 27 21:45:02 CET 2019
Ping: 26.24 ms
Download: 200.48 Mbit/s
Upload: 19.46 Mbit/s
Wed Feb 27 22:45:01 CET 2019
Ping: 24.679 ms
Download: 250.61 Mbit/s
Upload: 19.02 Mbit/s
Wed Feb 27 23:45:01 CET 2019
Ping: 25.499 ms
Download: 90.02 Mbit/s
Upload: 19.12 Mbit/s
Thu Feb 28 00:45:01 CET 2019
Ping: 25.716 ms
Download: 160.28 Mbit/s
Upload: 18.91 Mbit/s
Thu Feb 28 01:45:01 CET 2019
Ping: 24.086 ms
Download: 114.74 Mbit/s
Upload: 19.11 Mbit/s
Thu Feb 28 02:45:02 CET 2019
Ping: 24.713 ms
Download: 250.90 Mbit/s
Upload: 19.73 Mbit/s
Thu Feb 28 03:45:01 CET 2019
Ping: 25.234 ms
Download: 126.70 Mbit/s
Upload: 19.41 Mbit/s
Thu Feb 28 04:45:01 CET 2019
Ping: 24.241 ms
Download: 155.02 Mbit/s
Upload: 18.75 Mbit/s
Thu Feb 28 05:45:01 CET 2019
Ping: 24.189 ms
Download: 262.17 Mbit/s
Upload: 19.46 Mbit/s
Thu Feb 28 06:45:01 CET 2019
Ping: 24.125 ms
Download: 234.62 Mbit/s
Upload: 19.38 Mbit/s
Thu Feb 28 07:45:01 CET 2019
Ping: 23.992 ms
Download: 259.79 Mbit/s
Upload: 19.47 Mbit/s
Thu Feb 28 08:45:01 CET 2019
Ping: 25.288 ms
Download: 183.09 Mbit/s
Upload: 19.43 Mbit/s
Thu Feb 28 09:45:01 CET 2019
Ping: 26.463 ms
Download: 243.91 Mbit/s
Upload: 19.26 Mbit/s
Thu Feb 28 10:45:01 CET 2019
Ping: 24.928 ms
Download: 252.76 Mbit/s
Upload: 18.72 Mbit/s
Thu Feb 28 11:45:01 CET 2019
Ping: 24.879 ms
Download: 199.51 Mbit/s
Upload: 19.23 Mbit/s
Thu Feb 28 12:45:01 CET 2019
Ping: 25.959 ms
Download: 279.41 Mbit/s
Upload: 19.53 Mbit/s
Thu Feb 28 13:45:02 CET 2019
Ping: 28.122 ms
Download: 250.43 Mbit/s
Upload: 19.73 Mbit/s
Thu Feb 28 14:45:01 CET 2019
Ping: 25.2 ms
Download: 242.03 Mbit/s
Upload: 19.25 Mbit/s
Thu Feb 28 15:45:01 CET 2019
Ping: 26.05 ms
Download: 196.06 Mbit/s
Upload: 19.76 Mbit/s
Thu Feb 28 16:45:01 CET 2019
Ping: 23.781 ms
Download: 215.73 Mbit/s
Upload: 19.01 Mbit/s
Thu Feb 28 17:45:01 CET 2019
Ping: 25.673 ms
Download: 180.59 Mbit/s
Upload: 18.20 Mbit/s
Thu Feb 28 18:45:01 CET 2019
Ping: 24.791 ms
Download: 259.82 Mbit/s
Upload: 19.12 Mbit/s
Thu Feb 28 19:45:01 CET 2019
Ping: 24.517 ms
Download: 118.18 Mbit/s
Upload: 18.95 Mbit/s
Thu Feb 28 20:45:01 CET 2019
Ping: 25.721 ms
Download: 215.46 Mbit/s
Upload: 19.65 Mbit/s
Thu Feb 28 21:45:01 CET 2019
Ping: 25.434 ms
Download: 160.22 Mbit/s
Upload: 19.30 Mbit/s
Thu Feb 28 22:45:01 CET 2019
Ping: 25.545 ms
Download: 193.52 Mbit/s
Upload: 19.29 Mbit/s
Thu Feb 28 23:45:01 CET 2019
Ping: 27.273 ms
Download: 260.25 Mbit/s
Upload: 19.48 Mbit/s
