Thu Aug  1 00:45:01 CEST 2019
Ping: 23.391 ms
Download: 201.18 Mbit/s
Upload: 19.49 Mbit/s
Thu Aug  1 01:45:01 CEST 2019
Ping: 24.394 ms
Download: 174.43 Mbit/s
Upload: 19.53 Mbit/s
Thu Aug  1 02:45:01 CEST 2019
Ping: 24.016 ms
Download: 146.69 Mbit/s
Upload: 19.61 Mbit/s
Thu Aug  1 03:45:01 CEST 2019
Ping: 23.706 ms
Download: 225.67 Mbit/s
Upload: 19.71 Mbit/s
Thu Aug  1 04:45:01 CEST 2019
Ping: 27.029 ms
Download: 159.59 Mbit/s
Upload: 19.82 Mbit/s
Thu Aug  1 05:45:01 CEST 2019
Ping: 23.659 ms
Download: 145.94 Mbit/s
Upload: 18.60 Mbit/s
Thu Aug  1 06:45:02 CEST 2019
Ping: 26.206 ms
Download: 229.24 Mbit/s
Upload: 19.46 Mbit/s
Thu Aug  1 07:45:01 CEST 2019
Ping: 22.909 ms
Download: 213.70 Mbit/s
Upload: 19.41 Mbit/s
Thu Aug  1 08:45:01 CEST 2019
Ping: 23.606 ms
Download: 152.16 Mbit/s
Upload: 19.32 Mbit/s
Thu Aug  1 09:45:01 CEST 2019
Ping: 25.089 ms
Download: 207.18 Mbit/s
Upload: 19.43 Mbit/s
Thu Aug  1 10:45:01 CEST 2019
Ping: 26.464 ms
Download: 258.47 Mbit/s
Upload: 19.09 Mbit/s
Thu Aug  1 11:45:01 CEST 2019
Ping: 25.071 ms
Download: 238.46 Mbit/s
Upload: 19.66 Mbit/s
Thu Aug  1 12:45:01 CEST 2019
Ping: 25.02 ms
Download: 136.34 Mbit/s
Upload: 19.09 Mbit/s
Thu Aug  1 13:45:02 CEST 2019
Ping: 24.013 ms
Download: 232.05 Mbit/s
Upload: 19.75 Mbit/s
Thu Aug  1 14:45:01 CEST 2019
Ping: 25.778 ms
Download: 167.74 Mbit/s
Upload: 19.24 Mbit/s
Thu Aug  1 15:45:01 CEST 2019
Ping: 23.571 ms
Download: 237.89 Mbit/s
Upload: 19.46 Mbit/s
Thu Aug  1 16:45:01 CEST 2019
Ping: 25.869 ms
Download: 171.58 Mbit/s
Upload: 19.65 Mbit/s
Thu Aug  1 17:45:01 CEST 2019
Ping: 24.936 ms
Download: 221.75 Mbit/s
Upload: 19.41 Mbit/s
Thu Aug  1 18:45:01 CEST 2019
Ping: 24.881 ms
Download: 193.78 Mbit/s
Upload: 19.66 Mbit/s
Thu Aug  1 19:45:01 CEST 2019
Ping: 24.229 ms
Download: 220.05 Mbit/s
Upload: 19.32 Mbit/s
Thu Aug  1 20:45:01 CEST 2019
Ping: 24.348 ms
Download: 221.25 Mbit/s
Upload: 19.36 Mbit/s
Thu Aug  1 21:45:01 CEST 2019
Ping: 23.908 ms
Download: 226.49 Mbit/s
Upload: 19.43 Mbit/s
Thu Aug  1 22:45:01 CEST 2019
Ping: 24.733 ms
Download: 181.42 Mbit/s
Upload: 19.38 Mbit/s
Thu Aug  1 23:45:01 CEST 2019
Ping: 25.494 ms
Download: 2.54 Mbit/s
Upload: 0.62 Mbit/s
Fri Aug  2 00:45:01 CEST 2019
Ping: 23.241 ms
Download: 127.64 Mbit/s
Upload: 19.70 Mbit/s
Fri Aug  2 01:45:01 CEST 2019
Ping: 23.443 ms
Download: 251.89 Mbit/s
Upload: 18.98 Mbit/s
Fri Aug  2 02:45:01 CEST 2019
Ping: 24.74 ms
Download: 150.85 Mbit/s
Upload: 18.94 Mbit/s
Fri Aug  2 03:45:01 CEST 2019
Ping: 24.142 ms
Download: 250.82 Mbit/s
Upload: 19.34 Mbit/s
Fri Aug  2 04:45:01 CEST 2019
Ping: 22.935 ms
Download: 229.19 Mbit/s
Upload: 19.52 Mbit/s
Fri Aug  2 05:45:01 CEST 2019
Ping: 25.265 ms
Download: 224.61 Mbit/s
Upload: 19.46 Mbit/s
Fri Aug  2 06:45:01 CEST 2019
Ping: 26.253 ms
Download: 251.62 Mbit/s
Upload: 19.37 Mbit/s
Fri Aug  2 07:45:01 CEST 2019
Ping: 26.945 ms
Download: 226.87 Mbit/s
Upload: 19.75 Mbit/s
Fri Aug  2 08:45:01 CEST 2019
Ping: 24.587 ms
Download: 241.59 Mbit/s
Upload: 18.80 Mbit/s
Fri Aug  2 09:45:01 CEST 2019
Ping: 25.756 ms
Download: 216.73 Mbit/s
Upload: 19.02 Mbit/s
Fri Aug  2 10:45:01 CEST 2019
Ping: 26.419 ms
Download: 139.32 Mbit/s
Upload: 19.54 Mbit/s
Fri Aug  2 11:45:01 CEST 2019
Ping: 27.04 ms
Download: 255.89 Mbit/s
Upload: 19.41 Mbit/s
Fri Aug  2 12:45:01 CEST 2019
Ping: 26.664 ms
Download: 142.52 Mbit/s
Upload: 19.77 Mbit/s
Fri Aug  2 13:45:01 CEST 2019
Ping: 24.664 ms
Download: 217.11 Mbit/s
Upload: 19.77 Mbit/s
Fri Aug  2 14:45:02 CEST 2019
Ping: 24.076 ms
Download: 153.33 Mbit/s
Upload: 19.53 Mbit/s
Fri Aug  2 15:45:01 CEST 2019
Ping: 24.487 ms
Download: 240.93 Mbit/s
Upload: 19.39 Mbit/s
Fri Aug  2 16:45:01 CEST 2019
Ping: 25.226 ms
Download: 221.27 Mbit/s
Upload: 19.29 Mbit/s
Fri Aug  2 17:45:01 CEST 2019
Ping: 27.565 ms
Download: 243.39 Mbit/s
Upload: 19.85 Mbit/s
Fri Aug  2 18:45:01 CEST 2019
Ping: 24.57 ms
Download: 152.60 Mbit/s
Upload: 19.56 Mbit/s
Fri Aug  2 19:45:01 CEST 2019
Ping: 22.663 ms
Download: 220.92 Mbit/s
Upload: 19.20 Mbit/s
Fri Aug  2 20:45:02 CEST 2019
Ping: 25.025 ms
Download: 223.43 Mbit/s
Upload: 19.36 Mbit/s
Fri Aug  2 21:45:01 CEST 2019
Ping: 25.844 ms
Download: 230.41 Mbit/s
Upload: 19.70 Mbit/s
Fri Aug  2 22:45:01 CEST 2019
Ping: 24.68 ms
Download: 142.97 Mbit/s
Upload: 19.75 Mbit/s
Fri Aug  2 23:45:01 CEST 2019
Ping: 27.228 ms
Download: 247.32 Mbit/s
Upload: 19.88 Mbit/s
Sat Aug  3 00:45:01 CEST 2019
Ping: 22.963 ms
Download: 214.01 Mbit/s
Upload: 19.91 Mbit/s
Sat Aug  3 01:45:01 CEST 2019
Ping: 27.771 ms
Download: 183.31 Mbit/s
Upload: 19.17 Mbit/s
Sat Aug  3 02:45:01 CEST 2019
Ping: 26.163 ms
Download: 149.89 Mbit/s
Upload: 19.02 Mbit/s
Sat Aug  3 03:45:01 CEST 2019
Ping: 23.728 ms
Download: 121.96 Mbit/s
Upload: 19.73 Mbit/s
Sat Aug  3 04:45:01 CEST 2019
Ping: 26.582 ms
Download: 223.00 Mbit/s
Upload: 19.08 Mbit/s
Sat Aug  3 05:45:01 CEST 2019
Ping: 24.698 ms
Download: 117.22 Mbit/s
Upload: 19.58 Mbit/s
Sat Aug  3 06:45:01 CEST 2019
Ping: 26.026 ms
Download: 148.31 Mbit/s
Upload: 19.32 Mbit/s
Sat Aug  3 07:45:01 CEST 2019
Ping: 26.299 ms
Download: 196.32 Mbit/s
Upload: 19.64 Mbit/s
Sat Aug  3 08:45:01 CEST 2019
Ping: 24.902 ms
Download: 240.08 Mbit/s
Upload: 19.56 Mbit/s
Sat Aug  3 09:45:01 CEST 2019
Ping: 23.299 ms
Download: 112.39 Mbit/s
Upload: 19.44 Mbit/s
Sat Aug  3 10:45:01 CEST 2019
Ping: 23.256 ms
Download: 211.47 Mbit/s
Upload: 19.10 Mbit/s
Sat Aug  3 11:45:01 CEST 2019
Ping: 24.33 ms
Download: 139.95 Mbit/s
Upload: 19.11 Mbit/s
Sat Aug  3 12:45:01 CEST 2019
Ping: 26.144 ms
Download: 169.70 Mbit/s
Upload: 18.81 Mbit/s
Sat Aug  3 13:45:01 CEST 2019
Ping: 26.496 ms
Download: 211.59 Mbit/s
Upload: 19.77 Mbit/s
Sat Aug  3 14:45:01 CEST 2019
Ping: 26.697 ms
Download: 240.17 Mbit/s
Upload: 19.73 Mbit/s
Sat Aug  3 15:45:01 CEST 2019
Ping: 27.741 ms
Download: 159.07 Mbit/s
Upload: 19.68 Mbit/s
Sat Aug  3 16:45:01 CEST 2019
Ping: 25.547 ms
Download: 138.93 Mbit/s
Upload: 18.78 Mbit/s
Sat Aug  3 17:45:01 CEST 2019
Ping: 27.373 ms
Download: 96.61 Mbit/s
Upload: 19.87 Mbit/s
Sat Aug  3 18:45:01 CEST 2019
Ping: 25.059 ms
Download: 219.29 Mbit/s
Upload: 19.90 Mbit/s
Sat Aug  3 19:45:01 CEST 2019
Ping: 27.567 ms
Download: 229.43 Mbit/s
Upload: 19.45 Mbit/s
Sat Aug  3 20:45:01 CEST 2019
Ping: 27.945 ms
Download: 228.61 Mbit/s
Upload: 19.45 Mbit/s
Sat Aug  3 21:45:01 CEST 2019
Ping: 26.044 ms
Download: 2.11 Mbit/s
Upload: 0.67 Mbit/s
Sat Aug  3 22:45:01 CEST 2019
Ping: 23.46 ms
Download: 241.70 Mbit/s
Upload: 19.51 Mbit/s
Sat Aug  3 23:45:01 CEST 2019
Ping: 22.968 ms
Download: 218.95 Mbit/s
Upload: 19.35 Mbit/s
Sun Aug  4 00:45:01 CEST 2019
Ping: 24.116 ms
Download: 199.58 Mbit/s
Upload: 19.14 Mbit/s
Sun Aug  4 01:45:01 CEST 2019
Ping: 27.153 ms
Download: 140.88 Mbit/s
Upload: 18.98 Mbit/s
Sun Aug  4 02:45:01 CEST 2019
Ping: 22.849 ms
Download: 251.07 Mbit/s
Upload: 18.77 Mbit/s
Sun Aug  4 03:45:01 CEST 2019
Ping: 24.799 ms
Download: 213.84 Mbit/s
Upload: 19.77 Mbit/s
Sun Aug  4 04:45:01 CEST 2019
Ping: 25.15 ms
Download: 154.27 Mbit/s
Upload: 19.63 Mbit/s
Sun Aug  4 05:45:02 CEST 2019
Ping: 25.172 ms
Download: 136.31 Mbit/s
Upload: 19.80 Mbit/s
Sun Aug  4 06:45:02 CEST 2019
Ping: 26.234 ms
Download: 76.58 Mbit/s
Upload: 19.20 Mbit/s
Sun Aug  4 07:45:01 CEST 2019
Ping: 25.478 ms
Download: 228.10 Mbit/s
Upload: 19.74 Mbit/s
Sun Aug  4 08:45:01 CEST 2019
Ping: 26.943 ms
Download: 103.14 Mbit/s
Upload: 19.71 Mbit/s
Sun Aug  4 09:45:01 CEST 2019
Ping: 25.186 ms
Download: 62.26 Mbit/s
Upload: 19.48 Mbit/s
Sun Aug  4 10:45:01 CEST 2019
Ping: 23.957 ms
Download: 117.18 Mbit/s
Upload: 19.39 Mbit/s
Sun Aug  4 11:45:01 CEST 2019
Ping: 23.818 ms
Download: 174.43 Mbit/s
Upload: 19.72 Mbit/s
Sun Aug  4 12:45:01 CEST 2019
Ping: 24.33 ms
Download: 224.39 Mbit/s
Upload: 19.55 Mbit/s
Sun Aug  4 13:45:01 CEST 2019
Ping: 25.543 ms
Download: 213.80 Mbit/s
Upload: 19.43 Mbit/s
Sun Aug  4 14:45:01 CEST 2019
Ping: 26.844 ms
Download: 234.57 Mbit/s
Upload: 19.80 Mbit/s
Sun Aug  4 15:45:01 CEST 2019
Ping: 23.872 ms
Download: 223.89 Mbit/s
Upload: 19.63 Mbit/s
Sun Aug  4 16:45:01 CEST 2019
Ping: 27.165 ms
Download: 126.52 Mbit/s
Upload: 19.35 Mbit/s
Sun Aug  4 17:45:01 CEST 2019
Ping: 25.24 ms
Download: 209.64 Mbit/s
Upload: 19.03 Mbit/s
Sun Aug  4 18:45:02 CEST 2019
Ping: 24.629 ms
Download: 210.05 Mbit/s
Upload: 19.78 Mbit/s
Sun Aug  4 19:45:01 CEST 2019
Ping: 22.234 ms
Download: 203.54 Mbit/s
Upload: 19.53 Mbit/s
Sun Aug  4 20:45:01 CEST 2019
Ping: 25.435 ms
Download: 223.48 Mbit/s
Upload: 19.53 Mbit/s
Sun Aug  4 21:45:01 CEST 2019
Ping: 25.974 ms
Download: 194.43 Mbit/s
Upload: 19.06 Mbit/s
Sun Aug  4 22:45:01 CEST 2019
Ping: 27.367 ms
Download: 212.72 Mbit/s
Upload: 19.70 Mbit/s
Sun Aug  4 23:45:01 CEST 2019
Ping: 25.959 ms
Download: 234.60 Mbit/s
Upload: 19.85 Mbit/s
Mon Aug  5 00:45:01 CEST 2019
Ping: 24.849 ms
Download: 228.77 Mbit/s
Upload: 19.50 Mbit/s
Mon Aug  5 01:45:01 CEST 2019
Ping: 24.022 ms
Download: 148.22 Mbit/s
Upload: 19.63 Mbit/s
Mon Aug  5 02:45:01 CEST 2019
Ping: 25.374 ms
Download: 111.85 Mbit/s
Upload: 19.26 Mbit/s
Mon Aug  5 03:45:01 CEST 2019
Ping: 25.668 ms
Download: 124.49 Mbit/s
Upload: 19.48 Mbit/s
Mon Aug  5 04:45:01 CEST 2019
Ping: 23.699 ms
Download: 102.00 Mbit/s
Upload: 19.45 Mbit/s
Mon Aug  5 05:45:01 CEST 2019
Ping: 24.213 ms
Download: 107.85 Mbit/s
Upload: 19.15 Mbit/s
Mon Aug  5 06:45:01 CEST 2019
Ping: 23.813 ms
Download: 212.39 Mbit/s
Upload: 19.54 Mbit/s
Mon Aug  5 07:45:01 CEST 2019
Ping: 26.983 ms
Download: 141.69 Mbit/s
Upload: 19.30 Mbit/s
Mon Aug  5 08:45:01 CEST 2019
Ping: 24.812 ms
Download: 125.51 Mbit/s
Upload: 19.32 Mbit/s
Mon Aug  5 09:45:01 CEST 2019
Ping: 25.406 ms
Download: 136.84 Mbit/s
Upload: 18.97 Mbit/s
Mon Aug  5 10:45:01 CEST 2019
Ping: 25.903 ms
Download: 222.08 Mbit/s
Upload: 19.58 Mbit/s
Mon Aug  5 11:45:02 CEST 2019
Ping: 26.586 ms
Download: 153.01 Mbit/s
Upload: 18.56 Mbit/s
Mon Aug  5 12:45:01 CEST 2019
Ping: 29.438 ms
Download: 225.21 Mbit/s
Upload: 19.75 Mbit/s
Mon Aug  5 13:45:01 CEST 2019
Ping: 25.391 ms
Download: 155.72 Mbit/s
Upload: 19.54 Mbit/s
Mon Aug  5 14:45:01 CEST 2019
Ping: 27.013 ms
Download: 204.46 Mbit/s
Upload: 19.16 Mbit/s
Mon Aug  5 15:45:01 CEST 2019
Ping: 26.358 ms
Download: 1.76 Mbit/s
Upload: 0.30 Mbit/s
Mon Aug  5 16:45:01 CEST 2019
Ping: 27.837 ms
Download: 268.31 Mbit/s
Upload: 19.74 Mbit/s
Mon Aug  5 17:45:01 CEST 2019
Ping: 25.427 ms
Download: 229.75 Mbit/s
Upload: 19.61 Mbit/s
Mon Aug  5 18:45:01 CEST 2019
Ping: 24.135 ms
Download: 217.86 Mbit/s
Upload: 19.59 Mbit/s
Mon Aug  5 19:45:01 CEST 2019
Ping: 25.37 ms
Download: 254.78 Mbit/s
Upload: 19.81 Mbit/s
Mon Aug  5 20:45:01 CEST 2019
Ping: 24.62 ms
Download: 236.02 Mbit/s
Upload: 19.30 Mbit/s
Mon Aug  5 21:45:01 CEST 2019
Ping: 24.409 ms
Download: 100.10 Mbit/s
Upload: 19.38 Mbit/s
Mon Aug  5 22:45:01 CEST 2019
Ping: 25.012 ms
Download: 173.55 Mbit/s
Upload: 19.53 Mbit/s
Mon Aug  5 23:45:01 CEST 2019
Ping: 25.801 ms
Download: 222.43 Mbit/s
Upload: 19.18 Mbit/s
Tue Aug  6 00:45:01 CEST 2019
Ping: 26.455 ms
Download: 210.21 Mbit/s
Upload: 19.22 Mbit/s
Tue Aug  6 01:45:01 CEST 2019
Ping: 24.36 ms
Download: 2.09 Mbit/s
Upload: 1.32 Mbit/s
Tue Aug  6 02:45:01 CEST 2019
Ping: 25.312 ms
Download: 231.57 Mbit/s
Upload: 19.12 Mbit/s
Tue Aug  6 03:45:01 CEST 2019
Ping: 25.91 ms
Download: 1.99 Mbit/s
Upload: 1.07 Mbit/s
Tue Aug  6 04:45:01 CEST 2019
Ping: 26.308 ms
Download: 169.33 Mbit/s
Upload: 19.73 Mbit/s
Tue Aug  6 05:45:01 CEST 2019
Ping: 23.661 ms
Download: 158.58 Mbit/s
Upload: 18.73 Mbit/s
Tue Aug  6 06:45:01 CEST 2019
Ping: 24.527 ms
Download: 146.36 Mbit/s
Upload: 19.77 Mbit/s
Tue Aug  6 07:45:01 CEST 2019
Ping: 25.57 ms
Download: 167.65 Mbit/s
Upload: 19.84 Mbit/s
Tue Aug  6 08:45:01 CEST 2019
Ping: 25.973 ms
Download: 229.67 Mbit/s
Upload: 19.69 Mbit/s
Tue Aug  6 09:45:01 CEST 2019
Ping: 24.618 ms
Download: 182.99 Mbit/s
Upload: 19.42 Mbit/s
Tue Aug  6 10:45:01 CEST 2019
Ping: 23.915 ms
Download: 235.25 Mbit/s
Upload: 19.57 Mbit/s
Tue Aug  6 11:45:01 CEST 2019
Ping: 24.249 ms
Download: 251.56 Mbit/s
Upload: 19.82 Mbit/s
Tue Aug  6 12:45:01 CEST 2019
Ping: 26.887 ms
Download: 234.96 Mbit/s
Upload: 17.90 Mbit/s
Tue Aug  6 13:45:01 CEST 2019
Ping: 24.956 ms
Download: 154.98 Mbit/s
Upload: 19.64 Mbit/s
Tue Aug  6 14:45:01 CEST 2019
Ping: 25.04 ms
Download: 224.60 Mbit/s
Upload: 19.80 Mbit/s
Tue Aug  6 15:45:01 CEST 2019
Ping: 25.502 ms
Download: 146.86 Mbit/s
Upload: 19.57 Mbit/s
Tue Aug  6 16:45:01 CEST 2019
Ping: 26.513 ms
Download: 251.91 Mbit/s
Upload: 19.21 Mbit/s
Tue Aug  6 17:45:01 CEST 2019
Ping: 26.535 ms
Download: 246.01 Mbit/s
Upload: 19.11 Mbit/s
Tue Aug  6 18:45:01 CEST 2019
Ping: 25.864 ms
Download: 180.27 Mbit/s
Upload: 18.72 Mbit/s
Tue Aug  6 19:45:01 CEST 2019
Ping: 23.947 ms
Download: 114.19 Mbit/s
Upload: 19.22 Mbit/s
Tue Aug  6 20:45:01 CEST 2019
Ping: 24.921 ms
Download: 150.68 Mbit/s
Upload: 19.65 Mbit/s
Tue Aug  6 21:45:01 CEST 2019
Ping: 24.434 ms
Download: 164.45 Mbit/s
Upload: 19.83 Mbit/s
Tue Aug  6 22:45:01 CEST 2019
Ping: 25.424 ms
Download: 231.86 Mbit/s
Upload: 19.18 Mbit/s
Tue Aug  6 23:45:01 CEST 2019
Ping: 25.847 ms
Download: 131.79 Mbit/s
Upload: 19.80 Mbit/s
Wed Aug  7 00:45:01 CEST 2019
Ping: 25.953 ms
Download: 230.16 Mbit/s
Upload: 19.24 Mbit/s
Wed Aug  7 01:45:01 CEST 2019
Ping: 24.392 ms
Download: 106.85 Mbit/s
Upload: 19.32 Mbit/s
Wed Aug  7 02:45:01 CEST 2019
Ping: 25.958 ms
Download: 223.94 Mbit/s
Upload: 19.86 Mbit/s
Wed Aug  7 03:45:01 CEST 2019
Ping: 24.595 ms
Download: 184.12 Mbit/s
Upload: 19.27 Mbit/s
Wed Aug  7 04:45:01 CEST 2019
Ping: 24.873 ms
Download: 234.54 Mbit/s
Upload: 19.22 Mbit/s
Wed Aug  7 05:45:01 CEST 2019
Ping: 23.558 ms
Download: 172.48 Mbit/s
Upload: 19.45 Mbit/s
Wed Aug  7 06:45:01 CEST 2019
Ping: 25.395 ms
Download: 216.06 Mbit/s
Upload: 19.28 Mbit/s
Wed Aug  7 07:45:01 CEST 2019
Ping: 23.249 ms
Download: 136.39 Mbit/s
Upload: 19.23 Mbit/s
Wed Aug  7 08:45:02 CEST 2019
Ping: 24.005 ms
Download: 233.79 Mbit/s
Upload: 19.43 Mbit/s
Wed Aug  7 09:45:02 CEST 2019
Ping: 28.478 ms
Download: 214.80 Mbit/s
Upload: 19.51 Mbit/s
Wed Aug  7 10:45:01 CEST 2019
Ping: 25.888 ms
Download: 193.45 Mbit/s
Upload: 19.55 Mbit/s
Wed Aug  7 11:45:01 CEST 2019
Ping: 26.427 ms
Download: 213.61 Mbit/s
Upload: 19.38 Mbit/s
Wed Aug  7 12:45:01 CEST 2019
Ping: 23.976 ms
Download: 232.95 Mbit/s
Upload: 19.05 Mbit/s
Wed Aug  7 13:45:01 CEST 2019
Ping: 24.473 ms
Download: 240.79 Mbit/s
Upload: 19.84 Mbit/s
Wed Aug  7 14:45:01 CEST 2019
Ping: 23.528 ms
Download: 172.57 Mbit/s
Upload: 19.33 Mbit/s
Wed Aug  7 15:45:01 CEST 2019
Ping: 25.439 ms
Download: 245.67 Mbit/s
Upload: 19.62 Mbit/s
Wed Aug  7 16:45:01 CEST 2019
Ping: 25.493 ms
Download: 125.11 Mbit/s
Upload: 19.63 Mbit/s
Wed Aug  7 17:45:01 CEST 2019
Ping: 28.313 ms
Download: 223.54 Mbit/s
Upload: 19.36 Mbit/s
Wed Aug  7 18:45:01 CEST 2019
Ping: 27.584 ms
Download: 228.42 Mbit/s
Upload: 19.44 Mbit/s
Wed Aug  7 19:45:01 CEST 2019
Ping: 26.414 ms
Download: 136.38 Mbit/s
Upload: 19.42 Mbit/s
Wed Aug  7 20:45:01 CEST 2019
Ping: 24.441 ms
Download: 234.83 Mbit/s
Upload: 19.84 Mbit/s
Wed Aug  7 21:45:01 CEST 2019
Ping: 25.92 ms
Download: 232.78 Mbit/s
Upload: 19.68 Mbit/s
Wed Aug  7 22:45:01 CEST 2019
Ping: 23.364 ms
Download: 235.35 Mbit/s
Upload: 19.16 Mbit/s
Wed Aug  7 23:45:01 CEST 2019
Ping: 24.352 ms
Download: 219.99 Mbit/s
Upload: 19.41 Mbit/s
Thu Aug  8 00:45:01 CEST 2019
Ping: 24.163 ms
Download: 206.99 Mbit/s
Upload: 19.19 Mbit/s
Thu Aug  8 01:45:01 CEST 2019
Ping: 24.432 ms
Download: 148.07 Mbit/s
Upload: 19.39 Mbit/s
Thu Aug  8 02:45:01 CEST 2019
Ping: 24.259 ms
Download: 242.55 Mbit/s
Upload: 19.61 Mbit/s
Thu Aug  8 03:45:01 CEST 2019
Ping: 25.255 ms
Download: 238.35 Mbit/s
Upload: 19.36 Mbit/s
Thu Aug  8 04:45:01 CEST 2019
Ping: 23.41 ms
Download: 241.24 Mbit/s
Upload: 19.02 Mbit/s
Thu Aug  8 05:45:02 CEST 2019
Ping: 23.823 ms
Download: 156.22 Mbit/s
Upload: 18.78 Mbit/s
Thu Aug  8 06:45:01 CEST 2019
Ping: 23.488 ms
Download: 247.43 Mbit/s
Upload: 19.56 Mbit/s
Thu Aug  8 07:45:01 CEST 2019
Ping: 26.353 ms
Download: 242.10 Mbit/s
Upload: 19.47 Mbit/s
Thu Aug  8 08:45:01 CEST 2019
Ping: 26.43 ms
Download: 241.50 Mbit/s
Upload: 19.63 Mbit/s
Thu Aug  8 09:45:01 CEST 2019
Ping: 25.196 ms
Download: 249.87 Mbit/s
Upload: 19.54 Mbit/s
Thu Aug  8 10:45:01 CEST 2019
Ping: 25.939 ms
Download: 230.07 Mbit/s
Upload: 19.55 Mbit/s
Thu Aug  8 11:45:01 CEST 2019
Ping: 23.54 ms
Download: 151.29 Mbit/s
Upload: 19.48 Mbit/s
Thu Aug  8 12:45:01 CEST 2019
Ping: 25.705 ms
Download: 246.55 Mbit/s
Upload: 19.70 Mbit/s
Thu Aug  8 13:45:01 CEST 2019
Ping: 25.449 ms
Download: 150.36 Mbit/s
Upload: 19.56 Mbit/s
Thu Aug  8 14:45:01 CEST 2019
Ping: 25.92 ms
Download: 154.40 Mbit/s
Upload: 19.72 Mbit/s
Thu Aug  8 15:45:01 CEST 2019
Ping: 24.877 ms
Download: 183.95 Mbit/s
Upload: 19.61 Mbit/s
Thu Aug  8 16:45:01 CEST 2019
Ping: 24.416 ms
Download: 121.69 Mbit/s
Upload: 19.70 Mbit/s
Thu Aug  8 17:45:01 CEST 2019
Ping: 23.224 ms
Download: 176.69 Mbit/s
Upload: 19.49 Mbit/s
Thu Aug  8 18:45:01 CEST 2019
Ping: 26.039 ms
Download: 131.19 Mbit/s
Upload: 19.83 Mbit/s
Thu Aug  8 19:45:01 CEST 2019
Ping: 27.034 ms
Download: 230.89 Mbit/s
Upload: 19.62 Mbit/s
Thu Aug  8 20:45:01 CEST 2019
Ping: 24.752 ms
Download: 258.90 Mbit/s
Upload: 19.35 Mbit/s
Thu Aug  8 21:45:01 CEST 2019
Ping: 26.571 ms
Download: 276.91 Mbit/s
Upload: 19.61 Mbit/s
Thu Aug  8 22:45:01 CEST 2019
Ping: 26.15 ms
Download: 233.12 Mbit/s
Upload: 19.71 Mbit/s
Thu Aug  8 23:45:01 CEST 2019
Ping: 26.217 ms
Download: 221.66 Mbit/s
Upload: 19.63 Mbit/s
Fri Aug  9 00:45:01 CEST 2019
Ping: 24.492 ms
Download: 225.45 Mbit/s
Upload: 19.69 Mbit/s
Fri Aug  9 01:45:01 CEST 2019
Ping: 24.59 ms
Download: 136.51 Mbit/s
Upload: 19.46 Mbit/s
Fri Aug  9 02:45:01 CEST 2019
Ping: 24.347 ms
Download: 245.64 Mbit/s
Upload: 19.39 Mbit/s
Fri Aug  9 03:45:02 CEST 2019
Ping: 24.839 ms
Download: 140.26 Mbit/s
Upload: 19.17 Mbit/s
Fri Aug  9 04:45:01 CEST 2019
Ping: 25.79 ms
Download: 228.58 Mbit/s
Upload: 19.50 Mbit/s
Fri Aug  9 05:45:01 CEST 2019
Ping: 24.79 ms
Download: 184.78 Mbit/s
Upload: 19.46 Mbit/s
Fri Aug  9 06:45:01 CEST 2019
Ping: 24.634 ms
Download: 217.14 Mbit/s
Upload: 19.54 Mbit/s
Fri Aug  9 07:45:01 CEST 2019
Ping: 25.59 ms
Download: 230.15 Mbit/s
Upload: 19.81 Mbit/s
Fri Aug  9 08:45:01 CEST 2019
Ping: 28.252 ms
Download: 171.56 Mbit/s
Upload: 19.55 Mbit/s
Fri Aug  9 09:45:01 CEST 2019
Ping: 26.285 ms
Download: 234.44 Mbit/s
Upload: 19.31 Mbit/s
Fri Aug  9 10:45:01 CEST 2019
Ping: 24.689 ms
Download: 157.06 Mbit/s
Upload: 19.68 Mbit/s
Fri Aug  9 11:45:01 CEST 2019
Ping: 25.579 ms
Download: 159.28 Mbit/s
Upload: 19.28 Mbit/s
Fri Aug  9 12:45:01 CEST 2019
Ping: 26.367 ms
Download: 209.56 Mbit/s
Upload: 19.50 Mbit/s
Fri Aug  9 13:45:01 CEST 2019
Ping: 24.241 ms
Download: 233.42 Mbit/s
Upload: 19.74 Mbit/s
Fri Aug  9 14:45:01 CEST 2019
Ping: 23.988 ms
Download: 113.03 Mbit/s
Upload: 19.84 Mbit/s
Fri Aug  9 15:45:01 CEST 2019
Ping: 24.382 ms
Download: 139.80 Mbit/s
Upload: 19.88 Mbit/s
Fri Aug  9 16:45:01 CEST 2019
Ping: 26.589 ms
Download: 238.65 Mbit/s
Upload: 19.60 Mbit/s
Fri Aug  9 17:45:01 CEST 2019
Ping: 24.644 ms
Download: 227.24 Mbit/s
Upload: 19.56 Mbit/s
Fri Aug  9 18:45:01 CEST 2019
Ping: 24.53 ms
Download: 179.93 Mbit/s
Upload: 19.69 Mbit/s
Fri Aug  9 19:45:01 CEST 2019
Ping: 25.103 ms
Download: 237.85 Mbit/s
Upload: 19.13 Mbit/s
Fri Aug  9 20:45:01 CEST 2019
Ping: 26.388 ms
Download: 234.92 Mbit/s
Upload: 19.45 Mbit/s
Fri Aug  9 21:45:01 CEST 2019
Ping: 24.035 ms
Download: 223.75 Mbit/s
Upload: 19.64 Mbit/s
Fri Aug  9 22:45:01 CEST 2019
Ping: 24.772 ms
Download: 164.15 Mbit/s
Upload: 18.46 Mbit/s
Fri Aug  9 23:45:01 CEST 2019
Ping: 23.29 ms
Download: 237.77 Mbit/s
Upload: 19.55 Mbit/s
Sat Aug 10 00:45:01 CEST 2019
Ping: 26.25 ms
Download: 193.32 Mbit/s
Upload: 19.81 Mbit/s
Sat Aug 10 01:45:01 CEST 2019
Ping: 25.08 ms
Download: 235.25 Mbit/s
Upload: 19.84 Mbit/s
Sat Aug 10 02:45:01 CEST 2019
Ping: 25.698 ms
Download: 118.65 Mbit/s
Upload: 19.17 Mbit/s
Sat Aug 10 03:45:01 CEST 2019
Ping: 24.25 ms
Download: 138.47 Mbit/s
Upload: 19.47 Mbit/s
Sat Aug 10 04:45:01 CEST 2019
Ping: 23.826 ms
Download: 154.97 Mbit/s
Upload: 19.60 Mbit/s
Sat Aug 10 05:45:01 CEST 2019
Ping: 23.711 ms
Download: 231.99 Mbit/s
Upload: 19.21 Mbit/s
Sat Aug 10 06:45:01 CEST 2019
Ping: 26.214 ms
Download: 226.38 Mbit/s
Upload: 19.80 Mbit/s
Sat Aug 10 07:45:01 CEST 2019
Ping: 24.222 ms
Download: 208.70 Mbit/s
Upload: 19.36 Mbit/s
Sat Aug 10 08:45:01 CEST 2019
Ping: 24.254 ms
Download: 153.29 Mbit/s
Upload: 19.46 Mbit/s
Sat Aug 10 09:45:01 CEST 2019
Ping: 25.557 ms
Download: 237.06 Mbit/s
Upload: 19.40 Mbit/s
Sat Aug 10 10:45:01 CEST 2019
Ping: 26.821 ms
Download: 92.47 Mbit/s
Upload: 19.50 Mbit/s
Sat Aug 10 11:45:01 CEST 2019
Ping: 25.36 ms
Download: 205.13 Mbit/s
Upload: 19.15 Mbit/s
Sat Aug 10 12:45:01 CEST 2019
Ping: 24.433 ms
Download: 157.42 Mbit/s
Upload: 19.88 Mbit/s
Sat Aug 10 13:45:01 CEST 2019
Ping: 23.444 ms
Download: 264.81 Mbit/s
Upload: 19.67 Mbit/s
Sat Aug 10 14:45:01 CEST 2019
Ping: 24.256 ms
Download: 172.90 Mbit/s
Upload: 19.65 Mbit/s
Sat Aug 10 15:45:01 CEST 2019
Ping: 24.396 ms
Download: 221.50 Mbit/s
Upload: 19.28 Mbit/s
Sat Aug 10 16:45:01 CEST 2019
Ping: 29.065 ms
Download: 197.88 Mbit/s
Upload: 19.28 Mbit/s
Sat Aug 10 17:45:01 CEST 2019
Ping: 24.957 ms
Download: 222.85 Mbit/s
Upload: 19.71 Mbit/s
Sat Aug 10 18:45:02 CEST 2019
Ping: 26.932 ms
Download: 218.49 Mbit/s
Upload: 19.86 Mbit/s
Sat Aug 10 19:45:01 CEST 2019
Ping: 25.241 ms
Download: 215.31 Mbit/s
Upload: 19.25 Mbit/s
Sat Aug 10 20:45:01 CEST 2019
Ping: 23.732 ms
Download: 218.15 Mbit/s
Upload: 19.70 Mbit/s
Sat Aug 10 21:45:01 CEST 2019
Ping: 23.474 ms
Download: 236.43 Mbit/s
Upload: 19.74 Mbit/s
Sat Aug 10 22:45:02 CEST 2019
Ping: 23.843 ms
Download: 220.77 Mbit/s
Upload: 19.31 Mbit/s
Sat Aug 10 23:45:01 CEST 2019
Ping: 26.811 ms
Download: 215.56 Mbit/s
Upload: 19.42 Mbit/s
Sun Aug 11 00:45:01 CEST 2019
Ping: 25.953 ms
Download: 229.20 Mbit/s
Upload: 19.83 Mbit/s
Sun Aug 11 01:45:01 CEST 2019
Ping: 24.061 ms
Download: 273.56 Mbit/s
Upload: 19.50 Mbit/s
Sun Aug 11 02:45:01 CEST 2019
Ping: 24.755 ms
Download: 101.98 Mbit/s
Upload: 19.76 Mbit/s
Sun Aug 11 03:45:01 CEST 2019
Ping: 24.609 ms
Download: 215.56 Mbit/s
Upload: 19.79 Mbit/s
Sun Aug 11 04:45:01 CEST 2019
Ping: 26.491 ms
Download: 244.38 Mbit/s
Upload: 19.69 Mbit/s
Sun Aug 11 05:45:01 CEST 2019
Ping: 24.825 ms
Download: 133.74 Mbit/s
Upload: 18.84 Mbit/s
Sun Aug 11 06:45:02 CEST 2019
Ping: 24.532 ms
Download: 151.99 Mbit/s
Upload: 19.76 Mbit/s
Sun Aug 11 07:45:01 CEST 2019
Ping: 25.104 ms
Download: 251.87 Mbit/s
Upload: 19.47 Mbit/s
Sun Aug 11 08:45:01 CEST 2019
Ping: 25.545 ms
Download: 121.26 Mbit/s
Upload: 19.84 Mbit/s
Sun Aug 11 09:45:01 CEST 2019
Ping: 23.934 ms
Download: 189.90 Mbit/s
Upload: 19.54 Mbit/s
Sun Aug 11 10:45:01 CEST 2019
Ping: 28.391 ms
Download: 231.10 Mbit/s
Upload: 19.16 Mbit/s
Sun Aug 11 11:45:01 CEST 2019
Ping: 24.783 ms
Download: 184.18 Mbit/s
Upload: 19.49 Mbit/s
Sun Aug 11 12:45:01 CEST 2019
Ping: 27.079 ms
Download: 221.86 Mbit/s
Upload: 19.75 Mbit/s
Sun Aug 11 13:45:01 CEST 2019
Ping: 24.286 ms
Download: 222.91 Mbit/s
Upload: 19.79 Mbit/s
Sun Aug 11 14:45:01 CEST 2019
Ping: 24.571 ms
Download: 254.81 Mbit/s
Upload: 19.39 Mbit/s
Sun Aug 11 15:45:01 CEST 2019
Ping: 26.791 ms
Download: 218.34 Mbit/s
Upload: 19.59 Mbit/s
Sun Aug 11 16:45:01 CEST 2019
Ping: 26.605 ms
Download: 146.58 Mbit/s
Upload: 19.01 Mbit/s
Sun Aug 11 17:45:01 CEST 2019
Ping: 25.766 ms
Download: 248.62 Mbit/s
Upload: 19.22 Mbit/s
Sun Aug 11 18:45:01 CEST 2019
Ping: 25.892 ms
Download: 121.09 Mbit/s
Upload: 19.44 Mbit/s
Sun Aug 11 19:45:01 CEST 2019
Ping: 25.571 ms
Download: 229.26 Mbit/s
Upload: 19.20 Mbit/s
Sun Aug 11 20:45:01 CEST 2019
Ping: 26.51 ms
Download: 237.25 Mbit/s
Upload: 19.68 Mbit/s
Sun Aug 11 21:45:01 CEST 2019
Ping: 26.838 ms
Download: 242.70 Mbit/s
Upload: 19.83 Mbit/s
Sun Aug 11 22:45:01 CEST 2019
Ping: 27.861 ms
Download: 227.82 Mbit/s
Upload: 19.79 Mbit/s
Sun Aug 11 23:45:01 CEST 2019
Ping: 27.296 ms
Download: 3.36 Mbit/s
Upload: 3.20 Mbit/s
Mon Aug 12 00:45:02 CEST 2019
Ping: 25.684 ms
Download: 166.86 Mbit/s
Upload: 18.87 Mbit/s
Mon Aug 12 01:45:01 CEST 2019
Ping: 24.865 ms
Download: 139.67 Mbit/s
Upload: 19.14 Mbit/s
Mon Aug 12 02:45:01 CEST 2019
Ping: 24.797 ms
Download: 128.03 Mbit/s
Upload: 19.04 Mbit/s
Mon Aug 12 03:45:01 CEST 2019
Ping: 27.458 ms
Download: 199.44 Mbit/s
Upload: 19.73 Mbit/s
Mon Aug 12 04:45:01 CEST 2019
Ping: 24.211 ms
Download: 132.15 Mbit/s
Upload: 19.88 Mbit/s
Mon Aug 12 05:45:01 CEST 2019
Ping: 24.743 ms
Download: 81.98 Mbit/s
Upload: 19.80 Mbit/s
Mon Aug 12 06:45:02 CEST 2019
Ping: 25.04 ms
Download: 223.69 Mbit/s
Upload: 19.76 Mbit/s
Mon Aug 12 07:45:01 CEST 2019
Ping: 24.944 ms
Download: 193.01 Mbit/s
Upload: 19.46 Mbit/s
Mon Aug 12 08:45:01 CEST 2019
Ping: 24.743 ms
Download: 171.36 Mbit/s
Upload: 19.35 Mbit/s
Mon Aug 12 09:45:01 CEST 2019
Ping: 25.067 ms
Download: 59.76 Mbit/s
Upload: 19.15 Mbit/s
Mon Aug 12 10:45:01 CEST 2019
Ping: 24.773 ms
Download: 261.26 Mbit/s
Upload: 19.80 Mbit/s
Mon Aug 12 11:45:01 CEST 2019
Ping: 26.872 ms
Download: 224.03 Mbit/s
Upload: 19.44 Mbit/s
Mon Aug 12 12:45:02 CEST 2019
Ping: 24.558 ms
Download: 235.31 Mbit/s
Upload: 19.05 Mbit/s
Mon Aug 12 13:45:01 CEST 2019
Ping: 25.493 ms
Download: 179.11 Mbit/s
Upload: 19.74 Mbit/s
Mon Aug 12 14:45:01 CEST 2019
Ping: 26.248 ms
Download: 90.83 Mbit/s
Upload: 19.81 Mbit/s
Mon Aug 12 15:45:01 CEST 2019
Ping: 26.749 ms
Download: 159.79 Mbit/s
Upload: 19.16 Mbit/s
Mon Aug 12 16:45:01 CEST 2019
Ping: 24.641 ms
Download: 108.32 Mbit/s
Upload: 19.58 Mbit/s
Mon Aug 12 17:45:01 CEST 2019
Ping: 24.586 ms
Download: 169.67 Mbit/s
Upload: 18.53 Mbit/s
Mon Aug 12 18:45:01 CEST 2019
Ping: 24.791 ms
Download: 233.50 Mbit/s
Upload: 18.49 Mbit/s
Mon Aug 12 19:45:01 CEST 2019
Ping: 25.169 ms
Download: 109.57 Mbit/s
Upload: 18.80 Mbit/s
Mon Aug 12 20:45:01 CEST 2019
Ping: 27.709 ms
Download: 215.29 Mbit/s
Upload: 19.71 Mbit/s
Mon Aug 12 21:45:01 CEST 2019
Ping: 26.046 ms
Download: 112.70 Mbit/s
Upload: 19.29 Mbit/s
Mon Aug 12 22:45:01 CEST 2019
Ping: 24.586 ms
Download: 137.05 Mbit/s
Upload: 18.96 Mbit/s
Mon Aug 12 23:45:01 CEST 2019
Ping: 27.353 ms
Download: 222.34 Mbit/s
Upload: 19.53 Mbit/s
Tue Aug 13 00:45:01 CEST 2019
Ping: 27.734 ms
Download: 234.87 Mbit/s
Upload: 19.41 Mbit/s
Tue Aug 13 01:45:01 CEST 2019
Ping: 23.899 ms
Download: 119.09 Mbit/s
Upload: 19.35 Mbit/s
Tue Aug 13 02:45:01 CEST 2019
Ping: 26.52 ms
Download: 253.03 Mbit/s
Upload: 18.98 Mbit/s
Tue Aug 13 03:45:01 CEST 2019
Ping: 24.477 ms
Download: 159.45 Mbit/s
Upload: 19.77 Mbit/s
Tue Aug 13 04:45:01 CEST 2019
Ping: 24.424 ms
Download: 122.94 Mbit/s
Upload: 18.95 Mbit/s
Tue Aug 13 05:45:01 CEST 2019
Ping: 24.733 ms
Download: 75.07 Mbit/s
Upload: 19.15 Mbit/s
Tue Aug 13 06:45:01 CEST 2019
Ping: 25.135 ms
Download: 94.22 Mbit/s
Upload: 19.25 Mbit/s
Tue Aug 13 07:45:01 CEST 2019
Ping: 25.007 ms
Download: 60.82 Mbit/s
Upload: 19.63 Mbit/s
Tue Aug 13 08:45:01 CEST 2019
Ping: 25.936 ms
Download: 61.48 Mbit/s
Upload: 19.20 Mbit/s
Tue Aug 13 09:45:01 CEST 2019
Ping: 23.642 ms
Download: 73.39 Mbit/s
Upload: 18.80 Mbit/s
Tue Aug 13 10:45:01 CEST 2019
Ping: 25.701 ms
Download: 140.54 Mbit/s
Upload: 18.77 Mbit/s
Tue Aug 13 11:45:01 CEST 2019
Ping: 25.496 ms
Download: 73.31 Mbit/s
Upload: 19.61 Mbit/s
Tue Aug 13 12:45:01 CEST 2019
Ping: 24.371 ms
Download: 137.30 Mbit/s
Upload: 19.15 Mbit/s
Tue Aug 13 13:45:01 CEST 2019
Ping: 25.05 ms
Download: 231.57 Mbit/s
Upload: 19.18 Mbit/s
Tue Aug 13 14:45:01 CEST 2019
Ping: 24.109 ms
Download: 230.20 Mbit/s
Upload: 19.23 Mbit/s
Tue Aug 13 15:45:01 CEST 2019
Ping: 26.383 ms
Download: 161.71 Mbit/s
Upload: 19.79 Mbit/s
Tue Aug 13 16:45:01 CEST 2019
Ping: 25.688 ms
Download: 88.21 Mbit/s
Upload: 19.71 Mbit/s
Tue Aug 13 17:45:01 CEST 2019
Ping: 25.939 ms
Download: 112.61 Mbit/s
Upload: 19.63 Mbit/s
Tue Aug 13 18:45:01 CEST 2019
Ping: 25.049 ms
Download: 148.05 Mbit/s
Upload: 19.23 Mbit/s
Tue Aug 13 19:45:01 CEST 2019
Ping: 24.695 ms
Download: 135.47 Mbit/s
Upload: 19.68 Mbit/s
Tue Aug 13 20:45:01 CEST 2019
Ping: 24.37 ms
Download: 240.03 Mbit/s
Upload: 19.05 Mbit/s
Tue Aug 13 21:45:01 CEST 2019
Ping: 24.155 ms
Download: 235.85 Mbit/s
Upload: 19.43 Mbit/s
Tue Aug 13 22:45:01 CEST 2019
Ping: 25.446 ms
Download: 127.53 Mbit/s
Upload: 19.04 Mbit/s
Tue Aug 13 23:45:01 CEST 2019
Ping: 26.958 ms
Download: 207.21 Mbit/s
Upload: 19.74 Mbit/s
Wed Aug 14 00:45:01 CEST 2019
Ping: 26.264 ms
Download: 225.22 Mbit/s
Upload: 19.73 Mbit/s
Wed Aug 14 01:45:01 CEST 2019
Ping: 23.593 ms
Download: 149.80 Mbit/s
Upload: 19.43 Mbit/s
Wed Aug 14 02:45:01 CEST 2019
Ping: 26.075 ms
Download: 246.53 Mbit/s
Upload: 19.24 Mbit/s
Wed Aug 14 03:45:01 CEST 2019
Ping: 24.467 ms
Download: 161.98 Mbit/s
Upload: 18.96 Mbit/s
Wed Aug 14 04:45:01 CEST 2019
Ping: 25.255 ms
Download: 213.22 Mbit/s
Upload: 19.84 Mbit/s
Wed Aug 14 05:45:01 CEST 2019
Ping: 27.091 ms
Download: 0.81 Mbit/s
Upload: 3.45 Mbit/s
Wed Aug 14 06:45:01 CEST 2019
Ping: 26.93 ms
Download: 132.44 Mbit/s
Upload: 19.15 Mbit/s
Wed Aug 14 07:45:01 CEST 2019
Ping: 25.95 ms
Download: 107.18 Mbit/s
Upload: 19.18 Mbit/s
Wed Aug 14 08:45:01 CEST 2019
Ping: 24.88 ms
Download: 93.32 Mbit/s
Upload: 18.96 Mbit/s
Wed Aug 14 09:45:01 CEST 2019
Ping: 23.758 ms
Download: 137.81 Mbit/s
Upload: 19.55 Mbit/s
Wed Aug 14 10:45:01 CEST 2019
Ping: 25.448 ms
Download: 108.24 Mbit/s
Upload: 17.94 Mbit/s
Wed Aug 14 11:45:01 CEST 2019
Ping: 27.029 ms
Download: 213.30 Mbit/s
Upload: 19.40 Mbit/s
Wed Aug 14 12:45:01 CEST 2019
Ping: 25.589 ms
Download: 134.86 Mbit/s
Upload: 19.34 Mbit/s
Wed Aug 14 13:45:01 CEST 2019
Ping: 27.855 ms
Download: 205.54 Mbit/s
Upload: 18.50 Mbit/s
Wed Aug 14 14:45:01 CEST 2019
Ping: 26.106 ms
Download: 225.51 Mbit/s
Upload: 18.82 Mbit/s
Wed Aug 14 15:45:01 CEST 2019
Ping: 26.003 ms
Download: 146.96 Mbit/s
Upload: 19.23 Mbit/s
Wed Aug 14 16:45:01 CEST 2019
Ping: 26.142 ms
Download: 148.50 Mbit/s
Upload: 19.48 Mbit/s
Wed Aug 14 17:45:02 CEST 2019
Ping: 26.377 ms
Download: 240.25 Mbit/s
Upload: 19.51 Mbit/s
Wed Aug 14 18:45:01 CEST 2019
Ping: 25.248 ms
Download: 220.36 Mbit/s
Upload: 19.81 Mbit/s
Wed Aug 14 19:45:02 CEST 2019
Ping: 24.73 ms
Download: 117.16 Mbit/s
Upload: 18.65 Mbit/s
Wed Aug 14 20:45:01 CEST 2019
Ping: 24.977 ms
Download: 155.58 Mbit/s
Upload: 19.32 Mbit/s
Wed Aug 14 21:45:01 CEST 2019
Ping: 27.581 ms
Download: 239.90 Mbit/s
Upload: 19.49 Mbit/s
Wed Aug 14 22:45:01 CEST 2019
Ping: 25.634 ms
Download: 188.01 Mbit/s
Upload: 19.77 Mbit/s
Wed Aug 14 23:45:01 CEST 2019
Ping: 27.433 ms
Download: 243.39 Mbit/s
Upload: 19.68 Mbit/s
Thu Aug 15 00:45:01 CEST 2019
Ping: 25.503 ms
Download: 165.76 Mbit/s
Upload: 19.11 Mbit/s
Thu Aug 15 01:45:01 CEST 2019
Ping: 25.058 ms
Download: 117.62 Mbit/s
Upload: 18.76 Mbit/s
Thu Aug 15 02:45:01 CEST 2019
Ping: 26.358 ms
Download: 258.11 Mbit/s
Upload: 19.59 Mbit/s
Thu Aug 15 03:45:01 CEST 2019
Ping: 24.013 ms
Download: 125.75 Mbit/s
Upload: 19.41 Mbit/s
Thu Aug 15 04:45:01 CEST 2019
Ping: 24.853 ms
Download: 137.55 Mbit/s
Upload: 19.48 Mbit/s
Thu Aug 15 05:45:01 CEST 2019
Ping: 25.1 ms
Download: 169.48 Mbit/s
Upload: 19.75 Mbit/s
Thu Aug 15 06:45:01 CEST 2019
Ping: 26.224 ms
Download: 147.01 Mbit/s
Upload: 19.51 Mbit/s
Thu Aug 15 07:45:01 CEST 2019
Ping: 27.296 ms
Download: 224.52 Mbit/s
Upload: 19.63 Mbit/s
Thu Aug 15 08:45:01 CEST 2019
Ping: 27.448 ms
Download: 162.49 Mbit/s
Upload: 18.82 Mbit/s
Thu Aug 15 09:45:01 CEST 2019
Ping: 23.98 ms
Download: 125.06 Mbit/s
Upload: 19.69 Mbit/s
Thu Aug 15 10:45:01 CEST 2019
Ping: 26.105 ms
Download: 111.53 Mbit/s
Upload: 19.28 Mbit/s
Thu Aug 15 11:45:01 CEST 2019
Ping: 24.663 ms
Download: 152.65 Mbit/s
Upload: 19.08 Mbit/s
Thu Aug 15 12:45:01 CEST 2019
Ping: 23.319 ms
Download: 114.39 Mbit/s
Upload: 19.21 Mbit/s
Thu Aug 15 13:45:01 CEST 2019
Ping: 27.827 ms
Download: 217.25 Mbit/s
Upload: 19.57 Mbit/s
Thu Aug 15 14:45:01 CEST 2019
Ping: 24.218 ms
Download: 120.28 Mbit/s
Upload: 19.31 Mbit/s
Thu Aug 15 15:45:01 CEST 2019
Ping: 25.955 ms
Download: 124.39 Mbit/s
Upload: 19.36 Mbit/s
Thu Aug 15 16:45:01 CEST 2019
Ping: 25.983 ms
Download: 129.87 Mbit/s
Upload: 19.33 Mbit/s
Thu Aug 15 17:45:01 CEST 2019
Ping: 26.463 ms
Download: 155.68 Mbit/s
Upload: 19.70 Mbit/s
Thu Aug 15 18:45:01 CEST 2019
Ping: 25.12 ms
Download: 126.24 Mbit/s
Upload: 19.65 Mbit/s
Thu Aug 15 19:45:01 CEST 2019
Ping: 26.213 ms
Download: 142.77 Mbit/s
Upload: 19.60 Mbit/s
Thu Aug 15 20:45:01 CEST 2019
Ping: 25.993 ms
Download: 134.97 Mbit/s
Upload: 18.76 Mbit/s
Thu Aug 15 21:45:01 CEST 2019
Ping: 25.962 ms
Download: 151.88 Mbit/s
Upload: 19.17 Mbit/s
Thu Aug 15 22:45:01 CEST 2019
Ping: 25.98 ms
Download: 132.26 Mbit/s
Upload: 19.42 Mbit/s
Thu Aug 15 23:45:01 CEST 2019
Ping: 27.081 ms
Download: 229.90 Mbit/s
Upload: 19.66 Mbit/s
Fri Aug 16 00:45:01 CEST 2019
Ping: 27.717 ms
Download: 224.38 Mbit/s
Upload: 19.00 Mbit/s
Fri Aug 16 01:45:01 CEST 2019
Ping: 25.781 ms
Download: 121.73 Mbit/s
Upload: 19.59 Mbit/s
Fri Aug 16 02:45:01 CEST 2019
Ping: 24.695 ms
Download: 2.91 Mbit/s
Upload: 3.06 Mbit/s
Fri Aug 16 03:45:01 CEST 2019
Ping: 26.635 ms
Download: 212.16 Mbit/s
Upload: 19.40 Mbit/s
Fri Aug 16 04:45:01 CEST 2019
Ping: 24.678 ms
Download: 111.69 Mbit/s
Upload: 19.57 Mbit/s
Fri Aug 16 05:45:01 CEST 2019
Ping: 26.384 ms
Download: 84.05 Mbit/s
Upload: 19.74 Mbit/s
Fri Aug 16 06:45:01 CEST 2019
Ping: 26.176 ms
Download: 133.12 Mbit/s
Upload: 19.16 Mbit/s
Fri Aug 16 07:45:01 CEST 2019
Ping: 26.56 ms
Download: 160.44 Mbit/s
Upload: 19.04 Mbit/s
Fri Aug 16 08:45:01 CEST 2019
Ping: 25.57 ms
Download: 122.97 Mbit/s
Upload: 18.80 Mbit/s
Fri Aug 16 09:45:01 CEST 2019
Ping: 24.507 ms
Download: 249.02 Mbit/s
Upload: 19.46 Mbit/s
Fri Aug 16 10:45:01 CEST 2019
Ping: 25.726 ms
Download: 128.82 Mbit/s
Upload: 19.58 Mbit/s
Fri Aug 16 11:45:02 CEST 2019
Ping: 24.898 ms
Download: 102.75 Mbit/s
Upload: 19.66 Mbit/s
Fri Aug 16 12:45:01 CEST 2019
Ping: 25.895 ms
Download: 1.81 Mbit/s
Upload: 0.96 Mbit/s
Fri Aug 16 13:45:01 CEST 2019
Ping: 25.172 ms
Download: 118.70 Mbit/s
Upload: 19.39 Mbit/s
Fri Aug 16 14:45:01 CEST 2019
Ping: 29.422 ms
Download: 102.37 Mbit/s
Upload: 19.32 Mbit/s
Fri Aug 16 15:45:02 CEST 2019
Ping: 25.664 ms
Download: 210.39 Mbit/s
Upload: 19.41 Mbit/s
Fri Aug 16 16:45:01 CEST 2019
Ping: 26.698 ms
Download: 165.41 Mbit/s
Upload: 19.62 Mbit/s
Fri Aug 16 17:45:01 CEST 2019
Ping: 25.632 ms
Download: 148.08 Mbit/s
Upload: 19.55 Mbit/s
Fri Aug 16 18:45:01 CEST 2019
Ping: 24.324 ms
Download: 132.40 Mbit/s
Upload: 19.10 Mbit/s
Fri Aug 16 19:45:01 CEST 2019
Ping: 24.858 ms
Download: 152.72 Mbit/s
Upload: 19.85 Mbit/s
Fri Aug 16 20:45:01 CEST 2019
Ping: 23.786 ms
Download: 143.93 Mbit/s
Upload: 19.51 Mbit/s
Fri Aug 16 21:45:01 CEST 2019
Ping: 23.613 ms
Download: 130.39 Mbit/s
Upload: 18.89 Mbit/s
Fri Aug 16 22:45:01 CEST 2019
Ping: 23.833 ms
Download: 141.64 Mbit/s
Upload: 19.15 Mbit/s
Fri Aug 16 23:45:01 CEST 2019
Ping: 24.544 ms
Download: 238.92 Mbit/s
Upload: 19.45 Mbit/s
Sat Aug 17 00:45:01 CEST 2019
Ping: 25.904 ms
Download: 144.96 Mbit/s
Upload: 19.37 Mbit/s
Sat Aug 17 01:45:01 CEST 2019
Ping: 24.839 ms
Download: 122.44 Mbit/s
Upload: 19.78 Mbit/s
Sat Aug 17 02:45:01 CEST 2019
Ping: 24.136 ms
Download: 128.16 Mbit/s
Upload: 18.99 Mbit/s
Sat Aug 17 03:45:01 CEST 2019
Ping: 27.788 ms
Download: 195.08 Mbit/s
Upload: 19.73 Mbit/s
Sat Aug 17 04:45:01 CEST 2019
Ping: 25.673 ms
Download: 213.95 Mbit/s
Upload: 19.52 Mbit/s
Sat Aug 17 05:45:01 CEST 2019
Ping: 24.8 ms
Download: 163.57 Mbit/s
Upload: 19.26 Mbit/s
Sat Aug 17 06:45:01 CEST 2019
Ping: 24.912 ms
Download: 238.94 Mbit/s
Upload: 19.39 Mbit/s
Sat Aug 17 07:45:01 CEST 2019
Ping: 24.546 ms
Download: 89.68 Mbit/s
Upload: 19.60 Mbit/s
Sat Aug 17 08:45:02 CEST 2019
Ping: 23.965 ms
Download: 175.01 Mbit/s
Upload: 19.53 Mbit/s
Sat Aug 17 09:45:01 CEST 2019
Ping: 25.303 ms
Download: 87.55 Mbit/s
Upload: 19.64 Mbit/s
Sat Aug 17 10:45:01 CEST 2019
Ping: 25.311 ms
Download: 107.40 Mbit/s
Upload: 19.83 Mbit/s
Sat Aug 17 11:45:01 CEST 2019
Ping: 27.673 ms
Download: 234.19 Mbit/s
Upload: 19.40 Mbit/s
Sat Aug 17 12:45:02 CEST 2019
Ping: 24.417 ms
Download: 215.40 Mbit/s
Upload: 19.26 Mbit/s
Sat Aug 17 13:45:01 CEST 2019
Ping: 25.149 ms
Download: 138.67 Mbit/s
Upload: 19.48 Mbit/s
Sat Aug 17 14:45:01 CEST 2019
Ping: 26.4 ms
Download: 243.70 Mbit/s
Upload: 18.79 Mbit/s
Sat Aug 17 15:45:01 CEST 2019
Ping: 26.347 ms
Download: 139.98 Mbit/s
Upload: 19.54 Mbit/s
Sat Aug 17 16:45:01 CEST 2019
Ping: 25.424 ms
Download: 137.33 Mbit/s
Upload: 19.68 Mbit/s
Sat Aug 17 17:45:01 CEST 2019
Ping: 25.006 ms
Download: 178.53 Mbit/s
Upload: 19.26 Mbit/s
Sat Aug 17 18:45:01 CEST 2019
Ping: 25.412 ms
Download: 233.36 Mbit/s
Upload: 19.78 Mbit/s
Sat Aug 17 19:45:01 CEST 2019
Ping: 25.246 ms
Download: 138.77 Mbit/s
Upload: 19.52 Mbit/s
Sat Aug 17 20:45:01 CEST 2019
Ping: 25.107 ms
Download: 106.23 Mbit/s
Upload: 19.52 Mbit/s
Sat Aug 17 21:45:01 CEST 2019
Ping: 26.363 ms
Download: 217.09 Mbit/s
Upload: 19.61 Mbit/s
Sat Aug 17 22:45:01 CEST 2019
Ping: 25.525 ms
Download: 219.18 Mbit/s
Upload: 19.74 Mbit/s
Sat Aug 17 23:45:01 CEST 2019
Ping: 28.622 ms
Download: 239.66 Mbit/s
Upload: 19.70 Mbit/s
Sun Aug 18 00:45:01 CEST 2019
Ping: 26.363 ms
Download: 222.05 Mbit/s
Upload: 18.75 Mbit/s
Sun Aug 18 01:45:01 CEST 2019
Ping: 26.21 ms
Download: 123.42 Mbit/s
Upload: 19.79 Mbit/s
Sun Aug 18 02:45:01 CEST 2019
Ping: 25.027 ms
Download: 218.02 Mbit/s
Upload: 18.53 Mbit/s
Sun Aug 18 03:45:01 CEST 2019
Ping: 24.31 ms
Download: 110.50 Mbit/s
Upload: 19.34 Mbit/s
Sun Aug 18 04:45:01 CEST 2019
Ping: 24.651 ms
Download: 218.07 Mbit/s
Upload: 18.78 Mbit/s
Sun Aug 18 05:45:01 CEST 2019
Ping: 24.532 ms
Download: 130.46 Mbit/s
Upload: 19.73 Mbit/s
Sun Aug 18 06:45:01 CEST 2019
Ping: 24.517 ms
Download: 179.67 Mbit/s
Upload: 19.06 Mbit/s
Sun Aug 18 07:45:01 CEST 2019
Ping: 26.319 ms
Download: 161.46 Mbit/s
Upload: 19.38 Mbit/s
Sun Aug 18 08:45:01 CEST 2019
Ping: 25.355 ms
Download: 224.04 Mbit/s
Upload: 19.32 Mbit/s
Sun Aug 18 09:45:01 CEST 2019
Ping: 27.591 ms
Download: 105.29 Mbit/s
Upload: 18.87 Mbit/s
Sun Aug 18 10:45:01 CEST 2019
Ping: 24.316 ms
Download: 213.92 Mbit/s
Upload: 19.79 Mbit/s
Sun Aug 18 11:45:01 CEST 2019
Ping: 27.256 ms
Download: 186.54 Mbit/s
Upload: 19.69 Mbit/s
Sun Aug 18 12:45:01 CEST 2019
Ping: 23.914 ms
Download: 151.69 Mbit/s
Upload: 19.46 Mbit/s
Sun Aug 18 13:45:02 CEST 2019
Ping: 26.3 ms
Download: 98.62 Mbit/s
Upload: 19.24 Mbit/s
Sun Aug 18 14:45:01 CEST 2019
Ping: 25.083 ms
Download: 138.35 Mbit/s
Upload: 19.26 Mbit/s
Sun Aug 18 15:45:01 CEST 2019
Ping: 26.9 ms
Download: 57.20 Mbit/s
Upload: 19.58 Mbit/s
Sun Aug 18 16:45:01 CEST 2019
Ping: 24.664 ms
Download: 137.69 Mbit/s
Upload: 19.16 Mbit/s
Sun Aug 18 17:45:01 CEST 2019
Ping: 28.082 ms
Download: 124.69 Mbit/s
Upload: 19.62 Mbit/s
Sun Aug 18 18:45:01 CEST 2019
Ping: 24.838 ms
Download: 232.71 Mbit/s
Upload: 18.97 Mbit/s
Sun Aug 18 19:45:02 CEST 2019
Ping: 26.7 ms
Download: 107.61 Mbit/s
Upload: 19.24 Mbit/s
Sun Aug 18 20:45:01 CEST 2019
Ping: 24.762 ms
Download: 95.08 Mbit/s
Upload: 18.89 Mbit/s
Sun Aug 18 21:45:01 CEST 2019
Ping: 28.105 ms
Download: 249.44 Mbit/s
Upload: 19.89 Mbit/s
Sun Aug 18 22:45:01 CEST 2019
Ping: 23.206 ms
Download: 246.17 Mbit/s
Upload: 19.63 Mbit/s
Sun Aug 18 23:45:01 CEST 2019
Ping: 27.518 ms
Download: 209.93 Mbit/s
Upload: 18.91 Mbit/s
Mon Aug 19 00:45:01 CEST 2019
Ping: 24.817 ms
Download: 215.28 Mbit/s
Upload: 19.46 Mbit/s
Mon Aug 19 01:45:02 CEST 2019
Ping: 26.887 ms
Download: 227.96 Mbit/s
Upload: 19.83 Mbit/s
Mon Aug 19 02:45:01 CEST 2019
Ping: 24.367 ms
Download: 232.47 Mbit/s
Upload: 19.27 Mbit/s
Mon Aug 19 03:45:01 CEST 2019
Ping: 25.286 ms
Download: 182.75 Mbit/s
Upload: 19.81 Mbit/s
Mon Aug 19 04:45:01 CEST 2019
Ping: 23.742 ms
Download: 229.40 Mbit/s
Upload: 19.41 Mbit/s
Mon Aug 19 05:45:01 CEST 2019
Ping: 27.177 ms
Download: 259.46 Mbit/s
Upload: 19.57 Mbit/s
Mon Aug 19 06:45:01 CEST 2019
Ping: 22.658 ms
Download: 221.34 Mbit/s
Upload: 19.30 Mbit/s
Mon Aug 19 07:45:01 CEST 2019
Ping: 24.391 ms
Download: 189.85 Mbit/s
Upload: 19.48 Mbit/s
Mon Aug 19 08:45:01 CEST 2019
Ping: 24.41 ms
Download: 81.86 Mbit/s
Upload: 19.79 Mbit/s
Mon Aug 19 09:45:01 CEST 2019
Ping: 26.635 ms
Download: 118.98 Mbit/s
Upload: 19.28 Mbit/s
Mon Aug 19 10:45:01 CEST 2019
Ping: 25.066 ms
Download: 249.61 Mbit/s
Upload: 19.20 Mbit/s
Mon Aug 19 11:45:01 CEST 2019
Ping: 25.418 ms
Download: 237.53 Mbit/s
Upload: 19.20 Mbit/s
Mon Aug 19 12:45:01 CEST 2019
Ping: 23.853 ms
Download: 255.13 Mbit/s
Upload: 19.27 Mbit/s
Mon Aug 19 13:45:01 CEST 2019
Ping: 25.979 ms
Download: 202.94 Mbit/s
Upload: 19.49 Mbit/s
Mon Aug 19 14:45:01 CEST 2019
Ping: 23.891 ms
Download: 136.33 Mbit/s
Upload: 18.79 Mbit/s
Mon Aug 19 15:45:01 CEST 2019
Ping: 24.785 ms
Download: 125.51 Mbit/s
Upload: 19.59 Mbit/s
Mon Aug 19 16:45:01 CEST 2019
Ping: 24.71 ms
Download: 182.94 Mbit/s
Upload: 19.23 Mbit/s
Mon Aug 19 17:45:01 CEST 2019
Ping: 23.921 ms
Download: 164.67 Mbit/s
Upload: 19.22 Mbit/s
Mon Aug 19 18:45:01 CEST 2019
Ping: 27.88 ms
Download: 205.31 Mbit/s
Upload: 19.79 Mbit/s
Mon Aug 19 19:45:01 CEST 2019
Ping: 23.896 ms
Download: 111.06 Mbit/s
Upload: 19.69 Mbit/s
Mon Aug 19 20:45:02 CEST 2019
Ping: 26.022 ms
Download: 212.66 Mbit/s
Upload: 19.08 Mbit/s
Mon Aug 19 21:45:02 CEST 2019
Ping: 26.828 ms
Download: 212.57 Mbit/s
Upload: 19.58 Mbit/s
Mon Aug 19 22:45:01 CEST 2019
Ping: 24.698 ms
Download: 127.61 Mbit/s
Upload: 19.34 Mbit/s
Mon Aug 19 23:45:01 CEST 2019
Ping: 28.23 ms
Download: 214.28 Mbit/s
Upload: 19.15 Mbit/s
Tue Aug 20 00:45:01 CEST 2019
Ping: 26.884 ms
Download: 156.92 Mbit/s
Upload: 19.65 Mbit/s
Tue Aug 20 01:45:01 CEST 2019
Ping: 24.84 ms
Download: 220.50 Mbit/s
Upload: 19.06 Mbit/s
Tue Aug 20 02:45:01 CEST 2019
Ping: 25.963 ms
Download: 148.64 Mbit/s
Upload: 19.62 Mbit/s
Tue Aug 20 03:45:01 CEST 2019
Ping: 23.945 ms
Download: 245.02 Mbit/s
Upload: 19.33 Mbit/s
Tue Aug 20 04:45:01 CEST 2019
Ping: 24.167 ms
Download: 134.91 Mbit/s
Upload: 19.51 Mbit/s
Tue Aug 20 05:45:01 CEST 2019
Ping: 24.382 ms
Download: 148.93 Mbit/s
Upload: 19.90 Mbit/s
Tue Aug 20 06:45:01 CEST 2019
Ping: 26.661 ms
Download: 149.38 Mbit/s
Upload: 19.80 Mbit/s
Tue Aug 20 07:45:01 CEST 2019
Ping: 28.841 ms
Download: 230.40 Mbit/s
Upload: 19.61 Mbit/s
Tue Aug 20 08:45:01 CEST 2019
Ping: 25.512 ms
Download: 122.29 Mbit/s
Upload: 19.55 Mbit/s
Tue Aug 20 09:45:01 CEST 2019
Ping: 26.504 ms
Download: 203.17 Mbit/s
Upload: 19.35 Mbit/s
Tue Aug 20 10:45:01 CEST 2019
Ping: 23.903 ms
Download: 150.86 Mbit/s
Upload: 19.50 Mbit/s
Tue Aug 20 11:45:01 CEST 2019
Ping: 24.76 ms
Download: 106.77 Mbit/s
Upload: 19.01 Mbit/s
Tue Aug 20 12:45:01 CEST 2019
Ping: 26.386 ms
Download: 215.76 Mbit/s
Upload: 19.85 Mbit/s
Tue Aug 20 13:45:01 CEST 2019
Ping: 25.383 ms
Download: 187.42 Mbit/s
Upload: 19.58 Mbit/s
Tue Aug 20 14:45:01 CEST 2019
Ping: 23.221 ms
Download: 140.26 Mbit/s
Upload: 18.67 Mbit/s
Tue Aug 20 15:45:01 CEST 2019
Ping: 25.081 ms
Download: 228.35 Mbit/s
Upload: 19.36 Mbit/s
Tue Aug 20 16:45:01 CEST 2019
Ping: 27.397 ms
Download: 217.41 Mbit/s
Upload: 19.76 Mbit/s
Tue Aug 20 17:45:01 CEST 2019
Ping: 25.73 ms
Download: 238.29 Mbit/s
Upload: 19.61 Mbit/s
Tue Aug 20 18:45:01 CEST 2019
Ping: 25.643 ms
Download: 202.14 Mbit/s
Upload: 18.90 Mbit/s
Tue Aug 20 19:45:01 CEST 2019
Ping: 24.316 ms
Download: 239.70 Mbit/s
Upload: 19.51 Mbit/s
Tue Aug 20 20:45:01 CEST 2019
Ping: 25.846 ms
Download: 224.72 Mbit/s
Upload: 18.74 Mbit/s
Tue Aug 20 21:45:01 CEST 2019
Ping: 24.585 ms
Download: 125.38 Mbit/s
Upload: 18.89 Mbit/s
Tue Aug 20 22:45:01 CEST 2019
Ping: 25.323 ms
Download: 114.13 Mbit/s
Upload: 19.09 Mbit/s
Tue Aug 20 23:45:01 CEST 2019
Ping: 25.982 ms
Download: 193.69 Mbit/s
Upload: 19.39 Mbit/s
Wed Aug 21 00:45:01 CEST 2019
Ping: 25.825 ms
Download: 178.95 Mbit/s
Upload: 19.31 Mbit/s
Wed Aug 21 01:45:01 CEST 2019
Ping: 23.971 ms
Download: 176.57 Mbit/s
Upload: 19.45 Mbit/s
Wed Aug 21 02:45:01 CEST 2019
Ping: 24.032 ms
Download: 60.23 Mbit/s
Upload: 19.74 Mbit/s
Wed Aug 21 03:45:01 CEST 2019
Ping: 24.235 ms
Download: 159.17 Mbit/s
Upload: 19.40 Mbit/s
Wed Aug 21 04:45:02 CEST 2019
Ping: 26.48 ms
Download: 1.96 Mbit/s
Upload: 1.28 Mbit/s
Wed Aug 21 05:45:01 CEST 2019
Ping: 24.871 ms
Download: 156.05 Mbit/s
Upload: 15.00 Mbit/s
Wed Aug 21 06:45:01 CEST 2019
Ping: 26.041 ms
Download: 124.91 Mbit/s
Upload: 19.66 Mbit/s
Wed Aug 21 07:45:01 CEST 2019
Ping: 23.888 ms
Download: 205.90 Mbit/s
Upload: 19.60 Mbit/s
Wed Aug 21 08:45:01 CEST 2019
Ping: 23.826 ms
Download: 177.39 Mbit/s
Upload: 19.32 Mbit/s
Wed Aug 21 09:45:01 CEST 2019
Ping: 27.536 ms
Download: 236.22 Mbit/s
Upload: 19.69 Mbit/s
Wed Aug 21 10:45:01 CEST 2019
Ping: 24.275 ms
Download: 140.03 Mbit/s
Upload: 19.73 Mbit/s
Wed Aug 21 11:45:01 CEST 2019
Ping: 24.954 ms
Download: 161.16 Mbit/s
Upload: 19.83 Mbit/s
Wed Aug 21 12:45:01 CEST 2019
Ping: 27.338 ms
Download: 219.83 Mbit/s
Upload: 18.71 Mbit/s
Wed Aug 21 13:45:01 CEST 2019
Ping: 25.459 ms
Download: 230.71 Mbit/s
Upload: 19.26 Mbit/s
Wed Aug 21 14:45:01 CEST 2019
Ping: 27.084 ms
Download: 251.65 Mbit/s
Upload: 19.14 Mbit/s
Wed Aug 21 15:45:01 CEST 2019
Ping: 24.345 ms
Download: 229.63 Mbit/s
Upload: 19.64 Mbit/s
Wed Aug 21 16:45:01 CEST 2019
Ping: 27.327 ms
Download: 251.29 Mbit/s
Upload: 19.67 Mbit/s
Wed Aug 21 17:45:01 CEST 2019
Ping: 23.977 ms
Download: 257.68 Mbit/s
Upload: 19.88 Mbit/s
Wed Aug 21 18:45:01 CEST 2019
Ping: 28.275 ms
Download: 224.85 Mbit/s
Upload: 18.90 Mbit/s
Wed Aug 21 19:45:01 CEST 2019
Ping: 24.142 ms
Download: 252.80 Mbit/s
Upload: 19.74 Mbit/s
Wed Aug 21 20:45:01 CEST 2019
Ping: 24.848 ms
Download: 147.10 Mbit/s
Upload: 19.23 Mbit/s
Wed Aug 21 21:45:01 CEST 2019
Ping: 25.897 ms
Download: 200.44 Mbit/s
Upload: 19.31 Mbit/s
Wed Aug 21 22:45:01 CEST 2019
Ping: 27.775 ms
Download: 174.39 Mbit/s
Upload: 19.28 Mbit/s
Wed Aug 21 23:45:01 CEST 2019
Ping: 28.234 ms
Download: 132.34 Mbit/s
Upload: 19.38 Mbit/s
Thu Aug 22 00:45:01 CEST 2019
Ping: 24.591 ms
Download: 125.33 Mbit/s
Upload: 18.98 Mbit/s
Thu Aug 22 01:45:01 CEST 2019
Ping: 25.959 ms
Download: 217.37 Mbit/s
Upload: 19.79 Mbit/s
Thu Aug 22 02:45:01 CEST 2019
Ping: 24.317 ms
Download: 98.61 Mbit/s
Upload: 18.91 Mbit/s
Thu Aug 22 03:45:01 CEST 2019
Ping: 24.512 ms
Download: 130.58 Mbit/s
Upload: 19.41 Mbit/s
Thu Aug 22 04:45:01 CEST 2019
Ping: 27.545 ms
Download: 225.74 Mbit/s
Upload: 19.58 Mbit/s
Thu Aug 22 05:45:01 CEST 2019
Ping: 24.435 ms
Download: 216.42 Mbit/s
Upload: 19.84 Mbit/s
Thu Aug 22 06:45:01 CEST 2019
Ping: 25.666 ms
Download: 168.54 Mbit/s
Upload: 19.90 Mbit/s
Thu Aug 22 07:45:02 CEST 2019
Ping: 24.675 ms
Download: 209.32 Mbit/s
Upload: 19.73 Mbit/s
Thu Aug 22 08:45:01 CEST 2019
Ping: 26.532 ms
Download: 2.44 Mbit/s
Upload: 2.53 Mbit/s
Thu Aug 22 09:45:01 CEST 2019
Ping: 24.807 ms
Download: 137.69 Mbit/s
Upload: 19.48 Mbit/s
Thu Aug 22 10:45:01 CEST 2019
Ping: 26.573 ms
Download: 243.26 Mbit/s
Upload: 19.03 Mbit/s
Thu Aug 22 11:45:01 CEST 2019
Ping: 24.186 ms
Download: 222.45 Mbit/s
Upload: 19.52 Mbit/s
Thu Aug 22 12:45:02 CEST 2019
Ping: 28.202 ms
Download: 141.85 Mbit/s
Upload: 19.21 Mbit/s
Thu Aug 22 13:45:01 CEST 2019
Ping: 24.957 ms
Download: 234.78 Mbit/s
Upload: 19.74 Mbit/s
Thu Aug 22 14:45:01 CEST 2019
Ping: 25.233 ms
Download: 90.83 Mbit/s
Upload: 18.80 Mbit/s
Thu Aug 22 15:45:01 CEST 2019
Ping: 24.744 ms
Download: 242.56 Mbit/s
Upload: 19.18 Mbit/s
Thu Aug 22 16:45:02 CEST 2019
Ping: 27.689 ms
Download: 254.68 Mbit/s
Upload: 19.54 Mbit/s
Thu Aug 22 17:45:01 CEST 2019
Ping: 24.254 ms
Download: 225.94 Mbit/s
Upload: 19.21 Mbit/s
Thu Aug 22 18:45:01 CEST 2019
Ping: 26.474 ms
Download: 189.37 Mbit/s
Upload: 19.51 Mbit/s
Thu Aug 22 19:45:01 CEST 2019
Ping: 26.622 ms
Download: 132.49 Mbit/s
Upload: 19.66 Mbit/s
Thu Aug 22 20:45:01 CEST 2019
Ping: 25.767 ms
Download: 131.37 Mbit/s
Upload: 19.63 Mbit/s
Thu Aug 22 21:45:01 CEST 2019
Ping: 25.128 ms
Download: 136.34 Mbit/s
Upload: 19.10 Mbit/s
Thu Aug 22 22:45:01 CEST 2019
Ping: 24.538 ms
Download: 175.07 Mbit/s
Upload: 18.83 Mbit/s
Thu Aug 22 23:45:01 CEST 2019
Ping: 26.874 ms
Download: 248.26 Mbit/s
Upload: 19.40 Mbit/s
Fri Aug 23 00:45:01 CEST 2019
Ping: 27.088 ms
Download: 122.12 Mbit/s
Upload: 19.53 Mbit/s
Fri Aug 23 01:45:02 CEST 2019
Ping: 28.872 ms
Download: 240.64 Mbit/s
Upload: 19.43 Mbit/s
Fri Aug 23 02:45:01 CEST 2019
Ping: 27.389 ms
Download: 203.50 Mbit/s
Upload: 19.29 Mbit/s
Fri Aug 23 03:45:01 CEST 2019
Ping: 24.468 ms
Download: 258.87 Mbit/s
Upload: 19.61 Mbit/s
Fri Aug 23 04:45:01 CEST 2019
Ping: 25.513 ms
Download: 130.84 Mbit/s
Upload: 19.64 Mbit/s
Fri Aug 23 05:45:01 CEST 2019
Ping: 24.928 ms
Download: 160.16 Mbit/s
Upload: 19.28 Mbit/s
Fri Aug 23 06:45:01 CEST 2019
Ping: 27.673 ms
Download: 232.49 Mbit/s
Upload: 19.84 Mbit/s
Fri Aug 23 07:45:01 CEST 2019
Ping: 26.044 ms
Download: 1.88 Mbit/s
Upload: 1.28 Mbit/s
Fri Aug 23 08:45:01 CEST 2019
Ping: 26.741 ms
Download: 222.20 Mbit/s
Upload: 19.04 Mbit/s
Fri Aug 23 09:45:01 CEST 2019
Ping: 25.47 ms
Download: 92.52 Mbit/s
Upload: 19.03 Mbit/s
Fri Aug 23 10:45:01 CEST 2019
Ping: 26.1 ms
Download: 143.34 Mbit/s
Upload: 19.13 Mbit/s
Fri Aug 23 11:45:01 CEST 2019
Ping: 24.286 ms
Download: 148.44 Mbit/s
Upload: 19.56 Mbit/s
Fri Aug 23 12:45:01 CEST 2019
Ping: 24.59 ms
Download: 135.74 Mbit/s
Upload: 19.41 Mbit/s
Fri Aug 23 13:45:01 CEST 2019
Ping: 25.854 ms
Download: 134.35 Mbit/s
Upload: 19.12 Mbit/s
Fri Aug 23 14:45:01 CEST 2019
Ping: 30.438 ms
Download: 238.12 Mbit/s
Upload: 19.68 Mbit/s
Fri Aug 23 15:45:01 CEST 2019
Ping: 24.885 ms
Download: 156.05 Mbit/s
Upload: 19.33 Mbit/s
Fri Aug 23 16:45:01 CEST 2019
Ping: 24.225 ms
Download: 120.01 Mbit/s
Upload: 19.73 Mbit/s
Fri Aug 23 17:45:01 CEST 2019
Ping: 25.183 ms
Download: 183.37 Mbit/s
Upload: 19.51 Mbit/s
Fri Aug 23 18:45:01 CEST 2019
Ping: 25.741 ms
Download: 147.83 Mbit/s
Upload: 19.54 Mbit/s
Fri Aug 23 19:45:01 CEST 2019
Ping: 24.294 ms
Download: 101.06 Mbit/s
Upload: 19.34 Mbit/s
Fri Aug 23 20:45:01 CEST 2019
Ping: 23.405 ms
Download: 116.16 Mbit/s
Upload: 19.47 Mbit/s
Fri Aug 23 21:45:01 CEST 2019
Ping: 24.201 ms
Download: 135.87 Mbit/s
Upload: 19.67 Mbit/s
Fri Aug 23 22:45:01 CEST 2019
Ping: 24.664 ms
Download: 141.78 Mbit/s
Upload: 19.39 Mbit/s
Fri Aug 23 23:45:01 CEST 2019
Ping: 25.482 ms
Download: 90.37 Mbit/s
Upload: 19.52 Mbit/s
Sat Aug 24 00:45:01 CEST 2019
Ping: 25.079 ms
Download: 244.87 Mbit/s
Upload: 19.39 Mbit/s
Sat Aug 24 01:45:01 CEST 2019
Ping: 27.239 ms
Download: 235.78 Mbit/s
Upload: 18.80 Mbit/s
Sat Aug 24 02:45:01 CEST 2019
Ping: 23.826 ms
Download: 217.29 Mbit/s
Upload: 18.51 Mbit/s
Sat Aug 24 03:45:01 CEST 2019
Ping: 26.217 ms
Download: 159.05 Mbit/s
Upload: 19.61 Mbit/s
Sat Aug 24 04:45:01 CEST 2019
Ping: 25.037 ms
Download: 197.95 Mbit/s
Upload: 18.90 Mbit/s
Sat Aug 24 05:45:01 CEST 2019
Ping: 25.555 ms
Download: 191.78 Mbit/s
Upload: 19.18 Mbit/s
Sat Aug 24 06:45:01 CEST 2019
Ping: 25.859 ms
Download: 182.88 Mbit/s
Upload: 19.20 Mbit/s
Sat Aug 24 07:45:01 CEST 2019
Ping: 24.844 ms
Download: 103.78 Mbit/s
Upload: 19.70 Mbit/s
Sat Aug 24 08:45:01 CEST 2019
Ping: 24.768 ms
Download: 83.83 Mbit/s
Upload: 19.86 Mbit/s
Sat Aug 24 09:45:01 CEST 2019
Ping: 27.362 ms
Download: 236.88 Mbit/s
Upload: 10.15 Mbit/s
Sat Aug 24 10:45:01 CEST 2019
Ping: 26.637 ms
Download: 134.11 Mbit/s
Upload: 19.09 Mbit/s
Sat Aug 24 11:45:02 CEST 2019
Ping: 25.173 ms
Download: 111.16 Mbit/s
Upload: 19.23 Mbit/s
Sat Aug 24 12:45:01 CEST 2019
Ping: 25.035 ms
Download: 108.20 Mbit/s
Upload: 18.96 Mbit/s
Sat Aug 24 13:45:01 CEST 2019
Ping: 25.196 ms
Download: 153.34 Mbit/s
Upload: 19.59 Mbit/s
Sat Aug 24 14:45:01 CEST 2019
Ping: 23.171 ms
Download: 114.40 Mbit/s
Upload: 19.77 Mbit/s
Sat Aug 24 15:45:01 CEST 2019
Ping: 24.304 ms
Download: 129.45 Mbit/s
Upload: 19.27 Mbit/s
Sat Aug 24 16:45:02 CEST 2019
Ping: 26.773 ms
Download: 287.79 Mbit/s
Upload: 18.98 Mbit/s
Sat Aug 24 17:45:01 CEST 2019
Ping: 25.738 ms
Download: 0.33 Mbit/s
Upload: 0.29 Mbit/s
Sat Aug 24 18:45:01 CEST 2019
Ping: 27.585 ms
Download: 227.06 Mbit/s
Upload: 19.41 Mbit/s
Sat Aug 24 19:45:01 CEST 2019
Ping: 26.372 ms
Download: 264.01 Mbit/s
Upload: 19.65 Mbit/s
Sat Aug 24 20:45:02 CEST 2019
Ping: 28.216 ms
Download: 189.36 Mbit/s
Upload: 19.55 Mbit/s
Sat Aug 24 21:45:01 CEST 2019
Ping: 26.496 ms
Download: 143.08 Mbit/s
Upload: 18.96 Mbit/s
Sat Aug 24 22:45:01 CEST 2019
Ping: 24.97 ms
Download: 258.64 Mbit/s
Upload: 19.61 Mbit/s
Sat Aug 24 23:45:01 CEST 2019
Ping: 28.014 ms
Download: 235.03 Mbit/s
Upload: 19.38 Mbit/s
Sun Aug 25 00:45:01 CEST 2019
Ping: 25.757 ms
Download: 212.12 Mbit/s
Upload: 19.77 Mbit/s
Sun Aug 25 01:45:01 CEST 2019
Ping: 26.945 ms
Download: 212.02 Mbit/s
Upload: 19.29 Mbit/s
Sun Aug 25 02:45:01 CEST 2019
Ping: 26.121 ms
Download: 207.89 Mbit/s
Upload: 19.59 Mbit/s
Sun Aug 25 03:45:01 CEST 2019
Ping: 27.138 ms
Download: 243.12 Mbit/s
Upload: 19.71 Mbit/s
Sun Aug 25 04:45:01 CEST 2019
Ping: 27.126 ms
Download: 248.91 Mbit/s
Upload: 19.27 Mbit/s
Sun Aug 25 05:45:01 CEST 2019
Ping: 26.022 ms
Download: 186.36 Mbit/s
Upload: 19.66 Mbit/s
Sun Aug 25 06:45:01 CEST 2019
Ping: 24.886 ms
Download: 167.47 Mbit/s
Upload: 19.71 Mbit/s
Sun Aug 25 07:45:01 CEST 2019
Ping: 23.046 ms
Download: 160.05 Mbit/s
Upload: 19.18 Mbit/s
Sun Aug 25 08:45:01 CEST 2019
Ping: 25.402 ms
Download: 168.29 Mbit/s
Upload: 19.15 Mbit/s
Sun Aug 25 09:45:01 CEST 2019
Ping: 24.401 ms
Download: 227.13 Mbit/s
Upload: 19.28 Mbit/s
Sun Aug 25 10:45:01 CEST 2019
Ping: 24.461 ms
Download: 264.53 Mbit/s
Upload: 19.18 Mbit/s
Sun Aug 25 11:45:01 CEST 2019
Ping: 26.228 ms
Download: 217.18 Mbit/s
Upload: 18.30 Mbit/s
Sun Aug 25 12:45:01 CEST 2019
Ping: 28.336 ms
Download: 199.77 Mbit/s
Upload: 18.98 Mbit/s
Sun Aug 25 13:45:01 CEST 2019
Ping: 26.351 ms
Download: 257.71 Mbit/s
Upload: 19.17 Mbit/s
Sun Aug 25 14:45:01 CEST 2019
Ping: 27.753 ms
Download: 171.52 Mbit/s
Upload: 19.78 Mbit/s
Sun Aug 25 15:45:01 CEST 2019
Ping: 25.384 ms
Download: 260.18 Mbit/s
Upload: 19.45 Mbit/s
Sun Aug 25 16:45:01 CEST 2019
Ping: 25.673 ms
Download: 127.42 Mbit/s
Upload: 19.49 Mbit/s
Sun Aug 25 17:45:01 CEST 2019
Ping: 23.833 ms
Download: 112.83 Mbit/s
Upload: 19.21 Mbit/s
Sun Aug 25 18:45:01 CEST 2019
Ping: 26.104 ms
Download: 93.10 Mbit/s
Upload: 19.63 Mbit/s
Sun Aug 25 19:45:01 CEST 2019
Ping: 25.772 ms
Download: 164.52 Mbit/s
Upload: 19.35 Mbit/s
Sun Aug 25 20:45:01 CEST 2019
Ping: 25.9 ms
Download: 264.59 Mbit/s
Upload: 19.25 Mbit/s
Sun Aug 25 21:45:01 CEST 2019
Ping: 24.17 ms
Download: 103.78 Mbit/s
Upload: 19.50 Mbit/s
Sun Aug 25 22:45:01 CEST 2019
Ping: 25.329 ms
Download: 230.92 Mbit/s
Upload: 19.52 Mbit/s
Sun Aug 25 23:45:01 CEST 2019
Ping: 27.751 ms
Download: 214.11 Mbit/s
Upload: 19.13 Mbit/s
Mon Aug 26 00:45:01 CEST 2019
Ping: 24.427 ms
Download: 156.62 Mbit/s
Upload: 19.83 Mbit/s
Mon Aug 26 01:45:01 CEST 2019
Ping: 26.17 ms
Download: 120.47 Mbit/s
Upload: 19.22 Mbit/s
Mon Aug 26 02:45:01 CEST 2019
Ping: 25.057 ms
Download: 189.91 Mbit/s
Upload: 19.27 Mbit/s
Mon Aug 26 03:45:01 CEST 2019
Ping: 25.733 ms
Download: 220.64 Mbit/s
Upload: 18.86 Mbit/s
Mon Aug 26 04:45:01 CEST 2019
Ping: 24.911 ms
Download: 218.45 Mbit/s
Upload: 19.22 Mbit/s
Mon Aug 26 05:45:01 CEST 2019
Ping: 29.795 ms
Download: 211.47 Mbit/s
Upload: 19.83 Mbit/s
Mon Aug 26 06:45:01 CEST 2019
Ping: 27.053 ms
Download: 227.80 Mbit/s
Upload: 19.32 Mbit/s
Mon Aug 26 07:45:01 CEST 2019
Ping: 23.799 ms
Download: 149.89 Mbit/s
Upload: 18.54 Mbit/s
Mon Aug 26 08:45:01 CEST 2019
Ping: 27.478 ms
Download: 0.36 Mbit/s
Upload: 0.00 Mbit/s
Mon Aug 26 09:45:01 CEST 2019
Ping: 24.763 ms
Download: 82.38 Mbit/s
Upload: 19.47 Mbit/s
Mon Aug 26 10:45:01 CEST 2019
Ping: 25.402 ms
Download: 131.30 Mbit/s
Upload: 19.75 Mbit/s
Mon Aug 26 11:45:01 CEST 2019
Ping: 22.95 ms
Download: 130.59 Mbit/s
Upload: 19.73 Mbit/s
Mon Aug 26 12:45:01 CEST 2019
Ping: 26.643 ms
Download: 113.33 Mbit/s
Upload: 19.11 Mbit/s
Mon Aug 26 13:45:01 CEST 2019
Ping: 27.407 ms
Download: 208.55 Mbit/s
Upload: 19.25 Mbit/s
Mon Aug 26 14:45:02 CEST 2019
Ping: 24.895 ms
Download: 213.44 Mbit/s
Upload: 19.03 Mbit/s
Mon Aug 26 15:45:01 CEST 2019
Ping: 25.902 ms
Download: 153.79 Mbit/s
Upload: 19.05 Mbit/s
Mon Aug 26 16:45:01 CEST 2019
Ping: 26.303 ms
Download: 226.12 Mbit/s
Upload: 19.12 Mbit/s
Mon Aug 26 17:45:01 CEST 2019
Ping: 26.668 ms
Download: 227.16 Mbit/s
Upload: 19.40 Mbit/s
Mon Aug 26 18:45:01 CEST 2019
Ping: 26.522 ms
Download: 144.49 Mbit/s
Upload: 19.23 Mbit/s
Mon Aug 26 19:45:01 CEST 2019
Ping: 26.223 ms
Download: 239.29 Mbit/s
Upload: 19.21 Mbit/s
Mon Aug 26 20:45:01 CEST 2019
Ping: 25.171 ms
Download: 191.40 Mbit/s
Upload: 19.71 Mbit/s
Mon Aug 26 21:45:01 CEST 2019
Ping: 27.887 ms
Download: 251.45 Mbit/s
Upload: 19.48 Mbit/s
Mon Aug 26 22:45:01 CEST 2019
Ping: 25.143 ms
Download: 99.29 Mbit/s
Upload: 19.55 Mbit/s
Mon Aug 26 23:45:01 CEST 2019
Ping: 27.593 ms
Download: 257.78 Mbit/s
Upload: 19.09 Mbit/s
Tue Aug 27 00:45:01 CEST 2019
Ping: 27.165 ms
Download: 247.31 Mbit/s
Upload: 18.45 Mbit/s
Tue Aug 27 01:45:01 CEST 2019
Ping: 26.093 ms
Download: 103.40 Mbit/s
Upload: 18.80 Mbit/s
Tue Aug 27 02:45:01 CEST 2019
Ping: 23.435 ms
Download: 147.11 Mbit/s
Upload: 19.25 Mbit/s
Tue Aug 27 03:45:01 CEST 2019
Ping: 25.059 ms
Download: 161.02 Mbit/s
Upload: 19.81 Mbit/s
Tue Aug 27 04:45:01 CEST 2019
Ping: 27.988 ms
Download: 236.56 Mbit/s
Upload: 19.28 Mbit/s
Tue Aug 27 05:45:01 CEST 2019
Ping: 25.566 ms
Download: 159.41 Mbit/s
Upload: 19.60 Mbit/s
Tue Aug 27 06:45:02 CEST 2019
Ping: 26.19 ms
Download: 171.60 Mbit/s
Upload: 19.47 Mbit/s
Tue Aug 27 07:45:02 CEST 2019
Ping: 29.006 ms
Download: 264.51 Mbit/s
Upload: 19.61 Mbit/s
Tue Aug 27 08:45:01 CEST 2019
Ping: 25.468 ms
Download: 124.41 Mbit/s
Upload: 19.35 Mbit/s
Tue Aug 27 09:45:01 CEST 2019
Ping: 28.263 ms
Download: 224.56 Mbit/s
Upload: 19.50 Mbit/s
Tue Aug 27 10:45:02 CEST 2019
Ping: 27.617 ms
Download: 212.47 Mbit/s
Upload: 19.07 Mbit/s
Tue Aug 27 11:45:01 CEST 2019
Ping: 24.373 ms
Download: 161.77 Mbit/s
Upload: 19.74 Mbit/s
Tue Aug 27 12:45:01 CEST 2019
Ping: 24.533 ms
Download: 101.11 Mbit/s
Upload: 19.66 Mbit/s
Tue Aug 27 13:45:01 CEST 2019
Ping: 23.418 ms
Download: 132.63 Mbit/s
Upload: 19.29 Mbit/s
Tue Aug 27 14:45:02 CEST 2019
Ping: 24.137 ms
Download: 266.42 Mbit/s
Upload: 19.27 Mbit/s
Tue Aug 27 15:45:01 CEST 2019
Ping: 24.355 ms
Download: 121.46 Mbit/s
Upload: 19.51 Mbit/s
Tue Aug 27 16:45:01 CEST 2019
Ping: 24.905 ms
Download: 178.79 Mbit/s
Upload: 18.46 Mbit/s
Tue Aug 27 17:45:01 CEST 2019
Ping: 27.747 ms
Download: 239.01 Mbit/s
Upload: 18.93 Mbit/s
Tue Aug 27 18:45:01 CEST 2019
Ping: 27.682 ms
Download: 161.40 Mbit/s
Upload: 19.33 Mbit/s
Tue Aug 27 19:45:01 CEST 2019
Ping: 23.96 ms
Download: 103.99 Mbit/s
Upload: 19.81 Mbit/s
Tue Aug 27 20:45:01 CEST 2019
Ping: 27.14 ms
Download: 229.87 Mbit/s
Upload: 19.40 Mbit/s
Tue Aug 27 21:45:01 CEST 2019
Ping: 25.725 ms
Download: 98.64 Mbit/s
Upload: 19.32 Mbit/s
Tue Aug 27 22:45:01 CEST 2019
Ping: 24.47 ms
Download: 239.11 Mbit/s
Upload: 19.18 Mbit/s
Tue Aug 27 23:45:01 CEST 2019
Ping: 27.083 ms
Download: 235.55 Mbit/s
Upload: 19.12 Mbit/s
Wed Aug 28 00:45:01 CEST 2019
Ping: 28.779 ms
Download: 213.63 Mbit/s
Upload: 19.15 Mbit/s
Wed Aug 28 01:45:01 CEST 2019
Ping: 26.077 ms
Download: 270.70 Mbit/s
Upload: 18.90 Mbit/s
Wed Aug 28 02:45:01 CEST 2019
Ping: 25.851 ms
Download: 222.63 Mbit/s
Upload: 18.72 Mbit/s
Wed Aug 28 03:45:01 CEST 2019
Ping: 23.417 ms
Download: 166.61 Mbit/s
Upload: 19.15 Mbit/s
Wed Aug 28 04:45:01 CEST 2019
Ping: 24.168 ms
Download: 226.13 Mbit/s
Upload: 19.61 Mbit/s
Wed Aug 28 05:45:01 CEST 2019
Ping: 25.884 ms
Download: 112.60 Mbit/s
Upload: 19.81 Mbit/s
Wed Aug 28 06:45:01 CEST 2019
Ping: 27.327 ms
Download: 259.82 Mbit/s
Upload: 19.02 Mbit/s
Wed Aug 28 07:45:01 CEST 2019
Ping: 25.945 ms
Download: 127.63 Mbit/s
Upload: 19.54 Mbit/s
Wed Aug 28 08:45:02 CEST 2019
Ping: 24.076 ms
Download: 217.78 Mbit/s
Upload: 18.59 Mbit/s
Wed Aug 28 09:45:01 CEST 2019
Ping: 23.554 ms
Download: 177.33 Mbit/s
Upload: 19.35 Mbit/s
Wed Aug 28 10:45:01 CEST 2019
Ping: 24.156 ms
Download: 270.82 Mbit/s
Upload: 19.09 Mbit/s
Wed Aug 28 11:45:01 CEST 2019
Ping: 24.83 ms
Download: 234.77 Mbit/s
Upload: 19.26 Mbit/s
Wed Aug 28 12:45:01 CEST 2019
Ping: 26.933 ms
Download: 220.93 Mbit/s
Upload: 19.26 Mbit/s
Wed Aug 28 13:45:01 CEST 2019
Ping: 24.477 ms
Download: 194.37 Mbit/s
Upload: 19.04 Mbit/s
Wed Aug 28 14:45:01 CEST 2019
Ping: 26.48 ms
Download: 233.36 Mbit/s
Upload: 19.74 Mbit/s
Wed Aug 28 15:45:01 CEST 2019
Ping: 25.01 ms
Download: 234.42 Mbit/s
Upload: 19.00 Mbit/s
Wed Aug 28 16:45:02 CEST 2019
Ping: 24.524 ms
Download: 142.54 Mbit/s
Upload: 18.92 Mbit/s
Wed Aug 28 17:45:01 CEST 2019
Ping: 27.551 ms
Download: 257.45 Mbit/s
Upload: 18.87 Mbit/s
Wed Aug 28 18:45:01 CEST 2019
Ping: 24.574 ms
Download: 208.33 Mbit/s
Upload: 18.91 Mbit/s
Wed Aug 28 19:45:01 CEST 2019
Ping: 25.179 ms
Download: 184.05 Mbit/s
Upload: 19.50 Mbit/s
Wed Aug 28 20:45:01 CEST 2019
Ping: 24.979 ms
Download: 263.65 Mbit/s
Upload: 18.96 Mbit/s
Wed Aug 28 21:45:01 CEST 2019
Ping: 24.244 ms
Download: 147.15 Mbit/s
Upload: 19.03 Mbit/s
Wed Aug 28 22:45:01 CEST 2019
Ping: 24.387 ms
Download: 149.82 Mbit/s
Upload: 19.57 Mbit/s
Wed Aug 28 23:45:01 CEST 2019
Ping: 24.581 ms
Download: 226.38 Mbit/s
Upload: 19.47 Mbit/s
Thu Aug 29 00:45:02 CEST 2019
Ping: 24.798 ms
Download: 162.53 Mbit/s
Upload: 19.19 Mbit/s
Thu Aug 29 01:45:01 CEST 2019
Ping: 29.188 ms
Download: 221.91 Mbit/s
Upload: 19.15 Mbit/s
Thu Aug 29 02:45:01 CEST 2019
Ping: 24.712 ms
Download: 145.51 Mbit/s
Upload: 19.65 Mbit/s
Thu Aug 29 03:45:01 CEST 2019
Ping: 26.234 ms
Download: 173.74 Mbit/s
Upload: 19.72 Mbit/s
Thu Aug 29 04:45:01 CEST 2019
Ping: 23.974 ms
Download: 144.45 Mbit/s
Upload: 19.15 Mbit/s
Thu Aug 29 05:45:02 CEST 2019
Ping: 26.375 ms
Download: 213.59 Mbit/s
Upload: 19.84 Mbit/s
Thu Aug 29 06:45:01 CEST 2019
Ping: 24.812 ms
Download: 121.72 Mbit/s
Upload: 19.57 Mbit/s
Thu Aug 29 07:45:01 CEST 2019
Ping: 23.927 ms
Download: 102.57 Mbit/s
Upload: 19.50 Mbit/s
Thu Aug 29 08:45:01 CEST 2019
Ping: 24.721 ms
Download: 115.95 Mbit/s
Upload: 18.97 Mbit/s
Thu Aug 29 09:45:01 CEST 2019
Ping: 26.421 ms
Download: 202.18 Mbit/s
Upload: 19.10 Mbit/s
Thu Aug 29 10:45:01 CEST 2019
Ping: 27.651 ms
Download: 218.69 Mbit/s
Upload: 19.81 Mbit/s
Thu Aug 29 11:45:01 CEST 2019
Ping: 24.849 ms
Download: 161.64 Mbit/s
Upload: 19.04 Mbit/s
Thu Aug 29 12:45:01 CEST 2019
Ping: 25.412 ms
Download: 152.65 Mbit/s
Upload: 19.80 Mbit/s
Thu Aug 29 13:45:01 CEST 2019
Ping: 23.526 ms
Download: 99.62 Mbit/s
Upload: 19.51 Mbit/s
Thu Aug 29 14:45:01 CEST 2019
Ping: 27.787 ms
Download: 130.61 Mbit/s
Upload: 19.53 Mbit/s
Thu Aug 29 15:45:01 CEST 2019
Ping: 23.748 ms
Download: 139.91 Mbit/s
Upload: 18.98 Mbit/s
Thu Aug 29 16:45:02 CEST 2019
Ping: 25.173 ms
Download: 121.02 Mbit/s
Upload: 18.59 Mbit/s
Thu Aug 29 17:45:01 CEST 2019
Ping: 27.279 ms
Download: 226.99 Mbit/s
Upload: 18.92 Mbit/s
Thu Aug 29 18:45:01 CEST 2019
Ping: 26.594 ms
Download: 226.82 Mbit/s
Upload: 19.71 Mbit/s
Thu Aug 29 19:45:01 CEST 2019
Ping: 25.687 ms
Download: 253.30 Mbit/s
Upload: 19.11 Mbit/s
Thu Aug 29 20:45:01 CEST 2019
Ping: 24.907 ms
Download: 85.06 Mbit/s
Upload: 19.59 Mbit/s
Thu Aug 29 21:45:01 CEST 2019
Ping: 26.596 ms
Download: 136.45 Mbit/s
Upload: 19.28 Mbit/s
Thu Aug 29 22:45:01 CEST 2019
Ping: 24.983 ms
Download: 219.41 Mbit/s
Upload: 19.48 Mbit/s
Thu Aug 29 23:45:01 CEST 2019
Ping: 28.283 ms
Download: 274.79 Mbit/s
Upload: 19.32 Mbit/s
Fri Aug 30 00:45:01 CEST 2019
Ping: 24.587 ms
Download: 276.66 Mbit/s
Upload: 19.34 Mbit/s
Fri Aug 30 01:45:01 CEST 2019
Ping: 22.926 ms
Download: 243.59 Mbit/s
Upload: 18.48 Mbit/s
Fri Aug 30 02:45:01 CEST 2019
Ping: 25.136 ms
Download: 159.36 Mbit/s
Upload: 19.22 Mbit/s
Fri Aug 30 03:45:01 CEST 2019
Ping: 27.943 ms
Download: 253.93 Mbit/s
Upload: 19.53 Mbit/s
Fri Aug 30 04:45:01 CEST 2019
Ping: 27.213 ms
Download: 0.40 Mbit/s
Upload: 0.38 Mbit/s
Fri Aug 30 05:45:01 CEST 2019
Ping: 24.174 ms
Download: 256.19 Mbit/s
Upload: 19.67 Mbit/s
Fri Aug 30 06:45:01 CEST 2019
Ping: 24.067 ms
Download: 145.89 Mbit/s
Upload: 19.32 Mbit/s
Fri Aug 30 07:45:01 CEST 2019
Ping: 24.425 ms
Download: 183.70 Mbit/s
Upload: 19.75 Mbit/s
Fri Aug 30 08:45:01 CEST 2019
Ping: 24.91 ms
Download: 138.47 Mbit/s
Upload: 19.44 Mbit/s
Fri Aug 30 09:45:01 CEST 2019
Ping: 24.797 ms
Download: 139.51 Mbit/s
Upload: 19.08 Mbit/s
Fri Aug 30 10:45:01 CEST 2019
Ping: 27.861 ms
Download: 194.76 Mbit/s
Upload: 19.53 Mbit/s
Fri Aug 30 11:45:01 CEST 2019
Ping: 27.232 ms
Download: 140.10 Mbit/s
Upload: 19.78 Mbit/s
Fri Aug 30 12:45:01 CEST 2019
Ping: 26.298 ms
Download: 128.29 Mbit/s
Upload: 19.02 Mbit/s
Fri Aug 30 13:45:01 CEST 2019
Ping: 25.46 ms
Download: 279.01 Mbit/s
Upload: 19.27 Mbit/s
Fri Aug 30 14:45:01 CEST 2019
Ping: 28.751 ms
Download: 296.90 Mbit/s
Upload: 18.94 Mbit/s
Fri Aug 30 15:45:01 CEST 2019
Ping: 24.551 ms
Download: 261.07 Mbit/s
Upload: 19.80 Mbit/s
Fri Aug 30 16:45:01 CEST 2019
Ping: 27.633 ms
Download: 255.19 Mbit/s
Upload: 19.12 Mbit/s
Fri Aug 30 17:45:02 CEST 2019
Ping: 27.036 ms
Download: 164.49 Mbit/s
Upload: 18.15 Mbit/s
Fri Aug 30 18:45:01 CEST 2019
Ping: 27.357 ms
Download: 266.01 Mbit/s
Upload: 19.66 Mbit/s
Fri Aug 30 19:45:01 CEST 2019
Ping: 25.311 ms
Download: 124.86 Mbit/s
Upload: 19.36 Mbit/s
Fri Aug 30 20:45:01 CEST 2019
Ping: 24.339 ms
Download: 181.15 Mbit/s
Upload: 19.77 Mbit/s
Fri Aug 30 21:45:01 CEST 2019
Ping: 27.161 ms
Download: 170.09 Mbit/s
Upload: 19.51 Mbit/s
Fri Aug 30 22:45:01 CEST 2019
Ping: 25.968 ms
Download: 171.82 Mbit/s
Upload: 19.75 Mbit/s
Fri Aug 30 23:45:01 CEST 2019
Ping: 24.121 ms
Download: 236.31 Mbit/s
Upload: 19.67 Mbit/s
Sat Aug 31 00:45:01 CEST 2019
Ping: 25.957 ms
Download: 130.19 Mbit/s
Upload: 19.42 Mbit/s
Sat Aug 31 01:45:01 CEST 2019
Ping: 24.318 ms
Download: 118.85 Mbit/s
Upload: 19.57 Mbit/s
Sat Aug 31 02:45:02 CEST 2019
Ping: 27.362 ms
Download: 233.20 Mbit/s
Upload: 19.88 Mbit/s
Sat Aug 31 03:45:01 CEST 2019
Ping: 25.63 ms
Download: 147.36 Mbit/s
Upload: 19.72 Mbit/s
Sat Aug 31 04:45:01 CEST 2019
Ping: 25.959 ms
Download: 282.51 Mbit/s
Upload: 18.81 Mbit/s
Sat Aug 31 05:45:01 CEST 2019
Ping: 24.934 ms
Download: 136.91 Mbit/s
Upload: 19.43 Mbit/s
Sat Aug 31 06:45:01 CEST 2019
Ping: 25.778 ms
Download: 0.42 Mbit/s
Upload: 0.46 Mbit/s
Sat Aug 31 07:45:01 CEST 2019
Ping: 23.727 ms
Download: 153.57 Mbit/s
Upload: 19.58 Mbit/s
Sat Aug 31 08:45:01 CEST 2019
Ping: 24.706 ms
Download: 135.60 Mbit/s
Upload: 19.18 Mbit/s
Sat Aug 31 09:45:01 CEST 2019
Ping: 23.998 ms
Download: 241.57 Mbit/s
Upload: 19.34 Mbit/s
Sat Aug 31 10:45:02 CEST 2019
Ping: 28.225 ms
Download: 284.40 Mbit/s
Upload: 19.44 Mbit/s
Sat Aug 31 11:45:01 CEST 2019
Ping: 27.691 ms
Download: 179.27 Mbit/s
Upload: 19.37 Mbit/s
Sat Aug 31 12:45:01 CEST 2019
Ping: 24.091 ms
Download: 117.22 Mbit/s
Upload: 19.74 Mbit/s
Sat Aug 31 13:45:01 CEST 2019
Ping: 26.437 ms
Download: 111.66 Mbit/s
Upload: 19.38 Mbit/s
Sat Aug 31 14:45:01 CEST 2019
Ping: 24.912 ms
Download: 145.53 Mbit/s
Upload: 18.68 Mbit/s
Sat Aug 31 15:45:01 CEST 2019
Ping: 25.713 ms
Download: 160.00 Mbit/s
Upload: 19.03 Mbit/s
Sat Aug 31 16:45:01 CEST 2019
Ping: 25.966 ms
Download: 125.70 Mbit/s
Upload: 19.84 Mbit/s
Sat Aug 31 17:45:01 CEST 2019
Ping: 25.674 ms
Download: 140.53 Mbit/s
Upload: 19.13 Mbit/s
Sat Aug 31 18:45:01 CEST 2019
Ping: 27.334 ms
Download: 220.37 Mbit/s
Upload: 19.71 Mbit/s
Sat Aug 31 19:45:01 CEST 2019
Ping: 26.436 ms
Download: 158.09 Mbit/s
Upload: 19.02 Mbit/s
Sat Aug 31 20:45:01 CEST 2019
Ping: 28.676 ms
Download: 243.74 Mbit/s
Upload: 19.16 Mbit/s
Sat Aug 31 21:45:01 CEST 2019
Ping: 25.531 ms
Download: 145.04 Mbit/s
Upload: 19.25 Mbit/s
Sat Aug 31 22:45:01 CEST 2019
Ping: 27.751 ms
Download: 141.39 Mbit/s
Upload: 19.39 Mbit/s
Sat Aug 31 23:45:01 CEST 2019
Ping: 26.425 ms
Download: 237.73 Mbit/s
Upload: 19.65 Mbit/s
