Mon Apr  1 00:45:01 CEST 2019
Ping: 23.651 ms
Download: 142.65 Mbit/s
Upload: 18.83 Mbit/s
Mon Apr  1 01:45:01 CEST 2019
Ping: 24.705 ms
Download: 190.10 Mbit/s
Upload: 18.67 Mbit/s
Mon Apr  1 02:45:01 CEST 2019
Ping: 24.24 ms
Download: 227.69 Mbit/s
Upload: 19.76 Mbit/s
Mon Apr  1 03:45:01 CEST 2019
Ping: 23.07 ms
Download: 174.18 Mbit/s
Upload: 19.65 Mbit/s
Mon Apr  1 04:45:01 CEST 2019
Ping: 23.485 ms
Download: 167.25 Mbit/s
Upload: 18.96 Mbit/s
Mon Apr  1 05:45:01 CEST 2019
Ping: 24.214 ms
Download: 134.87 Mbit/s
Upload: 19.42 Mbit/s
Mon Apr  1 06:45:02 CEST 2019
Ping: 23.787 ms
Download: 115.93 Mbit/s
Upload: 19.57 Mbit/s
Mon Apr  1 07:45:01 CEST 2019
Ping: 26.049 ms
Download: 243.45 Mbit/s
Upload: 19.95 Mbit/s
Mon Apr  1 08:45:01 CEST 2019
Ping: 23.778 ms
Download: 131.30 Mbit/s
Upload: 19.77 Mbit/s
Mon Apr  1 09:45:01 CEST 2019
Ping: 23.911 ms
Download: 113.26 Mbit/s
Upload: 18.56 Mbit/s
Mon Apr  1 10:45:01 CEST 2019
Ping: 23.23 ms
Download: 171.42 Mbit/s
Upload: 19.45 Mbit/s
Mon Apr  1 11:45:01 CEST 2019
Ping: 24.025 ms
Download: 130.01 Mbit/s
Upload: 19.86 Mbit/s
Mon Apr  1 12:45:01 CEST 2019
Ping: 23.858 ms
Download: 160.28 Mbit/s
Upload: 19.62 Mbit/s
Mon Apr  1 13:45:01 CEST 2019
Ping: 23.788 ms
Download: 255.39 Mbit/s
Upload: 19.57 Mbit/s
Mon Apr  1 14:45:01 CEST 2019
Ping: 23.482 ms
Download: 192.67 Mbit/s
Upload: 19.56 Mbit/s
Mon Apr  1 15:45:02 CEST 2019
Ping: 25.51 ms
Download: 191.36 Mbit/s
Upload: 19.64 Mbit/s
Mon Apr  1 16:45:01 CEST 2019
Ping: 24.363 ms
Download: 178.22 Mbit/s
Upload: 19.33 Mbit/s
Mon Apr  1 17:45:01 CEST 2019
Ping: 22.581 ms
Download: 237.37 Mbit/s
Upload: 19.08 Mbit/s
Mon Apr  1 18:45:01 CEST 2019
Ping: 24.598 ms
Download: 246.50 Mbit/s
Upload: 19.50 Mbit/s
Mon Apr  1 19:45:01 CEST 2019
Ping: 28.282 ms
Download: 254.17 Mbit/s
Upload: 19.45 Mbit/s
Mon Apr  1 20:45:01 CEST 2019
Ping: 23.658 ms
Download: 46.29 Mbit/s
Upload: 19.57 Mbit/s
Mon Apr  1 21:45:02 CEST 2019
Ping: 22.462 ms
Download: 229.31 Mbit/s
Upload: 19.47 Mbit/s
Mon Apr  1 22:45:01 CEST 2019
Ping: 23.464 ms
Download: 143.43 Mbit/s
Upload: 19.59 Mbit/s
Mon Apr  1 23:45:01 CEST 2019
Ping: 25.231 ms
Download: 63.25 Mbit/s
Upload: 19.53 Mbit/s
Tue Apr  2 00:45:01 CEST 2019
Ping: 22.988 ms
Download: 137.80 Mbit/s
Upload: 19.39 Mbit/s
Tue Apr  2 01:45:01 CEST 2019
Ping: 24.045 ms
Download: 124.56 Mbit/s
Upload: 19.64 Mbit/s
Tue Apr  2 02:45:01 CEST 2019
Ping: 23.1 ms
Download: 233.64 Mbit/s
Upload: 19.59 Mbit/s
Tue Apr  2 03:45:01 CEST 2019
Ping: 23.972 ms
Download: 180.18 Mbit/s
Upload: 19.44 Mbit/s
Tue Apr  2 04:45:01 CEST 2019
Ping: 22.631 ms
Download: 237.18 Mbit/s
Upload: 19.76 Mbit/s
Tue Apr  2 05:45:01 CEST 2019
Ping: 23.345 ms
Download: 148.05 Mbit/s
Upload: 19.62 Mbit/s
Tue Apr  2 06:45:01 CEST 2019
Ping: 25.676 ms
Download: 115.85 Mbit/s
Upload: 19.83 Mbit/s
Tue Apr  2 07:45:01 CEST 2019
Ping: 24.463 ms
Download: 244.44 Mbit/s
Upload: 19.76 Mbit/s
Tue Apr  2 08:45:01 CEST 2019
Ping: 25.033 ms
Download: 181.86 Mbit/s
Upload: 19.82 Mbit/s
Tue Apr  2 09:45:01 CEST 2019
Ping: 25.114 ms
Download: 188.54 Mbit/s
Upload: 19.76 Mbit/s
Tue Apr  2 10:45:01 CEST 2019
Ping: 22.8 ms
Download: 176.21 Mbit/s
Upload: 19.32 Mbit/s
Tue Apr  2 11:45:01 CEST 2019
Ping: 23.536 ms
Download: 137.52 Mbit/s
Upload: 19.00 Mbit/s
Tue Apr  2 12:45:01 CEST 2019
Ping: 23.829 ms
Download: 152.90 Mbit/s
Upload: 19.75 Mbit/s
Tue Apr  2 13:45:01 CEST 2019
Ping: 24.728 ms
Download: 138.00 Mbit/s
Upload: 19.52 Mbit/s
Tue Apr  2 14:45:01 CEST 2019
Ping: 24.145 ms
Download: 114.35 Mbit/s
Upload: 19.24 Mbit/s
Tue Apr  2 15:45:01 CEST 2019
Ping: 23.798 ms
Download: 149.79 Mbit/s
Upload: 18.91 Mbit/s
Tue Apr  2 16:45:01 CEST 2019
Ping: 24.009 ms
Download: 179.70 Mbit/s
Upload: 19.41 Mbit/s
Tue Apr  2 17:45:01 CEST 2019
Ping: 24.281 ms
Download: 117.85 Mbit/s
Upload: 19.57 Mbit/s
Tue Apr  2 18:45:01 CEST 2019
Ping: 25.859 ms
Download: 183.91 Mbit/s
Upload: 18.81 Mbit/s
Tue Apr  2 19:45:01 CEST 2019
Ping: 25.199 ms
Download: 235.56 Mbit/s
Upload: 19.15 Mbit/s
Tue Apr  2 20:45:01 CEST 2019
Ping: 24.685 ms
Download: 156.67 Mbit/s
Upload: 18.31 Mbit/s
Tue Apr  2 21:45:02 CEST 2019
Ping: 25.801 ms
Download: 188.78 Mbit/s
Upload: 19.33 Mbit/s
Tue Apr  2 22:45:01 CEST 2019
Ping: 23.672 ms
Download: 134.08 Mbit/s
Upload: 19.94 Mbit/s
Tue Apr  2 23:45:01 CEST 2019
Ping: 24.337 ms
Download: 208.11 Mbit/s
Upload: 19.19 Mbit/s
Wed Apr  3 00:45:01 CEST 2019
Ping: 25.9 ms
Download: 164.55 Mbit/s
Upload: 19.19 Mbit/s
Wed Apr  3 01:45:02 CEST 2019
Ping: 23.404 ms
Download: 163.90 Mbit/s
Upload: 19.76 Mbit/s
Wed Apr  3 02:45:01 CEST 2019
Ping: 23.451 ms
Download: 235.39 Mbit/s
Upload: 19.67 Mbit/s
Wed Apr  3 03:45:01 CEST 2019
Ping: 23.048 ms
Download: 161.62 Mbit/s
Upload: 19.24 Mbit/s
Wed Apr  3 04:45:01 CEST 2019
Ping: 23.388 ms
Download: 180.09 Mbit/s
Upload: 19.55 Mbit/s
Wed Apr  3 05:45:01 CEST 2019
Ping: 23.907 ms
Download: 142.42 Mbit/s
Upload: 19.01 Mbit/s
Wed Apr  3 06:45:01 CEST 2019
Ping: 23.193 ms
Download: 128.65 Mbit/s
Upload: 19.69 Mbit/s
Wed Apr  3 07:45:01 CEST 2019
Ping: 23.733 ms
Download: 118.09 Mbit/s
Upload: 19.74 Mbit/s
Wed Apr  3 08:45:01 CEST 2019
Ping: 24.154 ms
Download: 219.45 Mbit/s
Upload: 19.54 Mbit/s
Wed Apr  3 09:45:01 CEST 2019
Ping: 23.281 ms
Download: 196.17 Mbit/s
Upload: 19.53 Mbit/s
Wed Apr  3 10:45:01 CEST 2019
Ping: 25.345 ms
Download: 248.91 Mbit/s
Upload: 18.98 Mbit/s
Wed Apr  3 11:45:01 CEST 2019
Ping: 25.425 ms
Download: 212.17 Mbit/s
Upload: 19.51 Mbit/s
Wed Apr  3 12:45:01 CEST 2019
Ping: 24.598 ms
Download: 202.21 Mbit/s
Upload: 19.40 Mbit/s
Wed Apr  3 13:45:01 CEST 2019
Ping: 23.807 ms
Download: 209.44 Mbit/s
Upload: 18.81 Mbit/s
Wed Apr  3 14:45:01 CEST 2019
Ping: 22.443 ms
Download: 214.98 Mbit/s
Upload: 19.45 Mbit/s
Wed Apr  3 15:45:01 CEST 2019
Ping: 23.718 ms
Download: 222.63 Mbit/s
Upload: 19.00 Mbit/s
Wed Apr  3 16:45:01 CEST 2019
Ping: 23.067 ms
Download: 178.25 Mbit/s
Upload: 19.46 Mbit/s
Wed Apr  3 17:45:01 CEST 2019
Ping: 24.718 ms
Download: 170.53 Mbit/s
Upload: 19.79 Mbit/s
Wed Apr  3 18:45:01 CEST 2019
Ping: 23.932 ms
Download: 246.34 Mbit/s
Upload: 19.62 Mbit/s
Wed Apr  3 19:45:01 CEST 2019
Ping: 25.011 ms
Download: 139.30 Mbit/s
Upload: 19.46 Mbit/s
Wed Apr  3 20:45:01 CEST 2019
Ping: 25.608 ms
Download: 230.78 Mbit/s
Upload: 19.61 Mbit/s
Wed Apr  3 21:45:01 CEST 2019
Ping: 23.912 ms
Download: 221.54 Mbit/s
Upload: 19.15 Mbit/s
Wed Apr  3 22:45:01 CEST 2019
Ping: 25.34 ms
Download: 172.34 Mbit/s
Upload: 18.32 Mbit/s
Wed Apr  3 23:45:01 CEST 2019
Ping: 26.198 ms
Download: 212.83 Mbit/s
Upload: 19.26 Mbit/s
Thu Apr  4 00:45:01 CEST 2019
Ping: 23.873 ms
Download: 214.84 Mbit/s
Upload: 19.20 Mbit/s
Thu Apr  4 01:45:01 CEST 2019
Ping: 24.148 ms
Download: 114.62 Mbit/s
Upload: 18.03 Mbit/s
Thu Apr  4 02:45:01 CEST 2019
Ping: 26.094 ms
Download: 141.34 Mbit/s
Upload: 19.09 Mbit/s
Thu Apr  4 03:45:01 CEST 2019
Ping: 23.654 ms
Download: 217.55 Mbit/s
Upload: 19.62 Mbit/s
Thu Apr  4 04:45:02 CEST 2019
Ping: 25.783 ms
Download: 222.23 Mbit/s
Upload: 18.96 Mbit/s
Thu Apr  4 05:45:01 CEST 2019
Ping: 24.466 ms
Download: 236.40 Mbit/s
Upload: 19.82 Mbit/s
Thu Apr  4 06:45:01 CEST 2019
Ping: 25.476 ms
Download: 206.25 Mbit/s
Upload: 19.46 Mbit/s
Thu Apr  4 07:45:01 CEST 2019
Ping: 23.961 ms
Download: 198.44 Mbit/s
Upload: 19.73 Mbit/s
Thu Apr  4 08:45:01 CEST 2019
Ping: 23.35 ms
Download: 139.05 Mbit/s
Upload: 19.31 Mbit/s
Thu Apr  4 09:45:01 CEST 2019
Ping: 24.004 ms
Download: 107.98 Mbit/s
Upload: 19.13 Mbit/s
Thu Apr  4 10:45:02 CEST 2019
Ping: 23.919 ms
Download: 102.57 Mbit/s
Upload: 19.63 Mbit/s
Thu Apr  4 11:45:01 CEST 2019
Ping: 25.169 ms
Download: 256.71 Mbit/s
Upload: 19.65 Mbit/s
Thu Apr  4 12:45:01 CEST 2019
Ping: 23.159 ms
Download: 118.63 Mbit/s
Upload: 19.45 Mbit/s
Thu Apr  4 13:45:01 CEST 2019
Ping: 23.933 ms
Download: 122.01 Mbit/s
Upload: 19.34 Mbit/s
Thu Apr  4 14:45:01 CEST 2019
Ping: 25.269 ms
Download: 236.74 Mbit/s
Upload: 18.51 Mbit/s
Thu Apr  4 15:45:01 CEST 2019
Ping: 24.523 ms
Download: 154.35 Mbit/s
Upload: 19.08 Mbit/s
Thu Apr  4 16:45:01 CEST 2019
Ping: 24.211 ms
Download: 151.81 Mbit/s
Upload: 19.58 Mbit/s
Thu Apr  4 17:45:01 CEST 2019
Ping: 27.431 ms
Download: 253.21 Mbit/s
Upload: 19.64 Mbit/s
Thu Apr  4 18:45:01 CEST 2019
Ping: 24.547 ms
Download: 124.14 Mbit/s
Upload: 19.50 Mbit/s
Thu Apr  4 19:45:01 CEST 2019
Ping: 24.191 ms
Download: 155.79 Mbit/s
Upload: 19.32 Mbit/s
Thu Apr  4 20:45:01 CEST 2019
Ping: 28.022 ms
Download: 200.42 Mbit/s
Upload: 18.69 Mbit/s
Thu Apr  4 21:45:01 CEST 2019
Ping: 22.411 ms
Download: 254.67 Mbit/s
Upload: 19.82 Mbit/s
Thu Apr  4 22:45:01 CEST 2019
Ping: 25.928 ms
Download: 220.76 Mbit/s
Upload: 19.50 Mbit/s
Thu Apr  4 23:45:01 CEST 2019
Ping: 24.467 ms
Download: 133.44 Mbit/s
Upload: 19.28 Mbit/s
Fri Apr  5 00:45:02 CEST 2019
Ping: 26.869 ms
Download: 192.74 Mbit/s
Upload: 19.26 Mbit/s
Fri Apr  5 01:45:01 CEST 2019
Ping: 24.301 ms
Download: 222.69 Mbit/s
Upload: 19.40 Mbit/s
Fri Apr  5 02:45:01 CEST 2019
Ping: 23.547 ms
Download: 210.64 Mbit/s
Upload: 19.38 Mbit/s
Fri Apr  5 03:45:01 CEST 2019
Ping: 23.492 ms
Download: 146.32 Mbit/s
Upload: 19.63 Mbit/s
Fri Apr  5 04:45:01 CEST 2019
Ping: 24.118 ms
Download: 127.01 Mbit/s
Upload: 19.66 Mbit/s
Fri Apr  5 05:45:01 CEST 2019
Ping: 23.393 ms
Download: 157.76 Mbit/s
Upload: 19.40 Mbit/s
Fri Apr  5 06:45:01 CEST 2019
Ping: 23.67 ms
Download: 166.56 Mbit/s
Upload: 19.68 Mbit/s
Fri Apr  5 07:45:01 CEST 2019
Ping: 25.415 ms
Download: 184.02 Mbit/s
Upload: 19.24 Mbit/s
Fri Apr  5 08:45:01 CEST 2019
Ping: 23.89 ms
Download: 142.69 Mbit/s
Upload: 19.52 Mbit/s
Fri Apr  5 09:45:01 CEST 2019
Ping: 23.74 ms
Download: 147.80 Mbit/s
Upload: 19.10 Mbit/s
Fri Apr  5 10:45:01 CEST 2019
Ping: 23.339 ms
Download: 173.82 Mbit/s
Upload: 19.31 Mbit/s
Fri Apr  5 11:45:01 CEST 2019
Ping: 23.66 ms
Download: 167.12 Mbit/s
Upload: 19.11 Mbit/s
Fri Apr  5 12:45:01 CEST 2019
Ping: 24.775 ms
Download: 201.07 Mbit/s
Upload: 18.93 Mbit/s
Fri Apr  5 13:45:01 CEST 2019
Ping: 23.221 ms
Download: 124.44 Mbit/s
Upload: 18.81 Mbit/s
Fri Apr  5 14:45:01 CEST 2019
Ping: 23.794 ms
Download: 143.10 Mbit/s
Upload: 19.55 Mbit/s
Fri Apr  5 15:45:01 CEST 2019
Ping: 25.589 ms
Download: 216.23 Mbit/s
Upload: 19.79 Mbit/s
Fri Apr  5 16:45:01 CEST 2019
Ping: 24.147 ms
Download: 219.71 Mbit/s
Upload: 19.71 Mbit/s
Fri Apr  5 17:45:01 CEST 2019
Ping: 23.889 ms
Download: 173.99 Mbit/s
Upload: 18.87 Mbit/s
Fri Apr  5 18:45:02 CEST 2019
Ping: 24.324 ms
Download: 244.12 Mbit/s
Upload: 19.13 Mbit/s
Fri Apr  5 19:45:02 CEST 2019
Ping: 24.999 ms
Download: 108.74 Mbit/s
Upload: 19.27 Mbit/s
Fri Apr  5 20:45:01 CEST 2019
Ping: 25.764 ms
Download: 128.60 Mbit/s
Upload: 19.32 Mbit/s
Fri Apr  5 21:45:01 CEST 2019
Ping: 25.225 ms
Download: 138.47 Mbit/s
Upload: 18.94 Mbit/s
Fri Apr  5 22:45:01 CEST 2019
Ping: 23.557 ms
Download: 106.64 Mbit/s
Upload: 19.35 Mbit/s
Fri Apr  5 23:45:01 CEST 2019
Ping: 25.173 ms
Download: 141.74 Mbit/s
Upload: 19.10 Mbit/s
Sat Apr  6 00:45:01 CEST 2019
Ping: 25.015 ms
Download: 173.18 Mbit/s
Upload: 19.45 Mbit/s
Sat Apr  6 01:45:01 CEST 2019
Ping: 25.635 ms
Download: 215.35 Mbit/s
Upload: 18.90 Mbit/s
Sat Apr  6 02:45:01 CEST 2019
Ping: 24.84 ms
Download: 258.28 Mbit/s
Upload: 19.72 Mbit/s
Sat Apr  6 03:45:01 CEST 2019
Ping: 23.941 ms
Download: 197.62 Mbit/s
Upload: 19.88 Mbit/s
Sat Apr  6 04:45:01 CEST 2019
Ping: 22.72 ms
Download: 117.16 Mbit/s
Upload: 19.37 Mbit/s
Sat Apr  6 05:45:02 CEST 2019
Ping: 23.684 ms
Download: 134.21 Mbit/s
Upload: 19.59 Mbit/s
Sat Apr  6 06:45:01 CEST 2019
Ping: 23.061 ms
Download: 124.42 Mbit/s
Upload: 18.76 Mbit/s
Sat Apr  6 07:45:01 CEST 2019
Ping: 24.903 ms
Download: 252.12 Mbit/s
Upload: 19.92 Mbit/s
Sat Apr  6 08:45:01 CEST 2019
Ping: 24.263 ms
Download: 150.30 Mbit/s
Upload: 19.65 Mbit/s
Sat Apr  6 09:45:01 CEST 2019
Ping: 25.21 ms
Download: 214.48 Mbit/s
Upload: 19.35 Mbit/s
Sat Apr  6 10:45:01 CEST 2019
Ping: 25.625 ms
Download: 136.00 Mbit/s
Upload: 19.44 Mbit/s
Sat Apr  6 11:45:01 CEST 2019
Ping: 25.252 ms
Download: 220.35 Mbit/s
Upload: 19.48 Mbit/s
Sat Apr  6 12:45:01 CEST 2019
Ping: 23.292 ms
Download: 144.74 Mbit/s
Upload: 19.44 Mbit/s
Sat Apr  6 13:45:01 CEST 2019
Ping: 24.429 ms
Download: 169.92 Mbit/s
Upload: 19.64 Mbit/s
Sat Apr  6 14:45:01 CEST 2019
Ping: 24.166 ms
Download: 174.33 Mbit/s
Upload: 19.30 Mbit/s
Sat Apr  6 15:45:01 CEST 2019
Ping: 22.985 ms
Download: 195.19 Mbit/s
Upload: 19.90 Mbit/s
Sat Apr  6 16:45:01 CEST 2019
Ping: 25.314 ms
Download: 166.36 Mbit/s
Upload: 19.43 Mbit/s
Sat Apr  6 17:45:01 CEST 2019
Ping: 25.232 ms
Download: 250.37 Mbit/s
Upload: 19.20 Mbit/s
Sat Apr  6 18:45:01 CEST 2019
Ping: 26.235 ms
Download: 151.27 Mbit/s
Upload: 19.37 Mbit/s
Sat Apr  6 19:45:01 CEST 2019
Ping: 25.049 ms
Download: 127.90 Mbit/s
Upload: 19.57 Mbit/s
Sat Apr  6 20:45:02 CEST 2019
Ping: 24.323 ms
Download: 170.48 Mbit/s
Upload: 19.83 Mbit/s
Sat Apr  6 21:45:01 CEST 2019
Ping: 22.196 ms
Download: 235.46 Mbit/s
Upload: 19.85 Mbit/s
Sat Apr  6 22:45:01 CEST 2019
Ping: 25.14 ms
Download: 217.16 Mbit/s
Upload: 19.39 Mbit/s
Sat Apr  6 23:45:01 CEST 2019
Ping: 25.243 ms
Download: 188.84 Mbit/s
Upload: 18.88 Mbit/s
Sun Apr  7 00:45:01 CEST 2019
Ping: 23.367 ms
Download: 167.54 Mbit/s
Upload: 19.72 Mbit/s
Sun Apr  7 01:45:01 CEST 2019
Ping: 23.966 ms
Download: 175.22 Mbit/s
Upload: 15.22 Mbit/s
Sun Apr  7 02:45:01 CEST 2019
Ping: 24.453 ms
Download: 230.22 Mbit/s
Upload: 19.42 Mbit/s
Sun Apr  7 03:45:01 CEST 2019
Ping: 24.494 ms
Download: 147.84 Mbit/s
Upload: 19.76 Mbit/s
Sun Apr  7 04:45:01 CEST 2019
Ping: 23.781 ms
Download: 270.85 Mbit/s
Upload: 19.70 Mbit/s
Sun Apr  7 05:45:01 CEST 2019
Ping: 23.161 ms
Download: 138.24 Mbit/s
Upload: 18.31 Mbit/s
Sun Apr  7 06:45:01 CEST 2019
Ping: 23.915 ms
Download: 194.35 Mbit/s
Upload: 19.54 Mbit/s
Sun Apr  7 07:45:01 CEST 2019
Ping: 26.792 ms
Download: 281.76 Mbit/s
Upload: 19.52 Mbit/s
Sun Apr  7 08:45:01 CEST 2019
Ping: 24.24 ms
Download: 115.35 Mbit/s
Upload: 19.31 Mbit/s
Sun Apr  7 09:45:01 CEST 2019
Ping: 23.864 ms
Download: 166.32 Mbit/s
Upload: 19.38 Mbit/s
Sun Apr  7 10:45:01 CEST 2019
Ping: 27.43 ms
Download: 0.94 Mbit/s
Upload: 0.86 Mbit/s
Sun Apr  7 11:45:01 CEST 2019
Ping: 24.44 ms
Download: 182.67 Mbit/s
Upload: 19.47 Mbit/s
Sun Apr  7 12:45:01 CEST 2019
Ping: 24.039 ms
Download: 152.20 Mbit/s
Upload: 18.78 Mbit/s
Sun Apr  7 13:45:01 CEST 2019
Ping: 24.471 ms
Download: 134.06 Mbit/s
Upload: 19.44 Mbit/s
Sun Apr  7 14:45:01 CEST 2019
Ping: 24.386 ms
Download: 238.05 Mbit/s
Upload: 19.56 Mbit/s
Sun Apr  7 15:45:01 CEST 2019
Ping: 23.993 ms
Download: 191.01 Mbit/s
Upload: 19.63 Mbit/s
Sun Apr  7 16:45:01 CEST 2019
Ping: 24.919 ms
Download: 205.30 Mbit/s
Upload: 19.40 Mbit/s
Sun Apr  7 17:45:01 CEST 2019
Ping: 24.765 ms
Download: 155.60 Mbit/s
Upload: 19.46 Mbit/s
Sun Apr  7 18:45:01 CEST 2019
Ping: 24.104 ms
Download: 253.91 Mbit/s
Upload: 19.13 Mbit/s
Sun Apr  7 19:45:01 CEST 2019
Ping: 22.958 ms
Download: 175.86 Mbit/s
Upload: 19.29 Mbit/s
Sun Apr  7 20:45:01 CEST 2019
Ping: 22.797 ms
Download: 264.57 Mbit/s
Upload: 18.89 Mbit/s
Sun Apr  7 21:45:01 CEST 2019
Ping: 24.94 ms
Download: 120.17 Mbit/s
Upload: 19.60 Mbit/s
Sun Apr  7 22:45:01 CEST 2019
Ping: 24.744 ms
Download: 175.81 Mbit/s
Upload: 18.92 Mbit/s
Sun Apr  7 23:45:01 CEST 2019
Ping: 27.762 ms
Download: 0.57 Mbit/s
Upload: 0.48 Mbit/s
Mon Apr  8 00:45:01 CEST 2019
Ping: 23.924 ms
Download: 175.72 Mbit/s
Upload: 18.60 Mbit/s
Mon Apr  8 01:45:01 CEST 2019
Ping: 24.557 ms
Download: 241.58 Mbit/s
Upload: 19.74 Mbit/s
Mon Apr  8 02:45:01 CEST 2019
Ping: 24.552 ms
Download: 140.16 Mbit/s
Upload: 19.32 Mbit/s
Mon Apr  8 03:45:01 CEST 2019
Ping: 23.757 ms
Download: 252.16 Mbit/s
Upload: 19.68 Mbit/s
Mon Apr  8 04:45:01 CEST 2019
Ping: 24.099 ms
Download: 233.14 Mbit/s
Upload: 19.88 Mbit/s
Mon Apr  8 05:45:01 CEST 2019
Ping: 24.216 ms
Download: 246.54 Mbit/s
Upload: 19.23 Mbit/s
Mon Apr  8 06:45:01 CEST 2019
Ping: 24.393 ms
Download: 110.67 Mbit/s
Upload: 19.38 Mbit/s
Mon Apr  8 07:45:01 CEST 2019
Ping: 23.9 ms
Download: 115.46 Mbit/s
Upload: 18.98 Mbit/s
Mon Apr  8 08:45:01 CEST 2019
Ping: 23.636 ms
Download: 218.94 Mbit/s
Upload: 18.92 Mbit/s
Mon Apr  8 09:45:01 CEST 2019
Ping: 23.759 ms
Download: 236.35 Mbit/s
Upload: 19.32 Mbit/s
Mon Apr  8 10:45:01 CEST 2019
Ping: 24.405 ms
Download: 228.70 Mbit/s
Upload: 19.63 Mbit/s
Mon Apr  8 11:45:01 CEST 2019
Ping: 23.94 ms
Download: 223.64 Mbit/s
Upload: 19.46 Mbit/s
Mon Apr  8 12:45:01 CEST 2019
Ping: 25.751 ms
Download: 171.32 Mbit/s
Upload: 19.26 Mbit/s
Mon Apr  8 13:45:01 CEST 2019
Ping: 24.21 ms
Download: 142.25 Mbit/s
Upload: 19.59 Mbit/s
Mon Apr  8 14:45:01 CEST 2019
Ping: 24.618 ms
Download: 146.42 Mbit/s
Upload: 19.22 Mbit/s
Mon Apr  8 15:45:01 CEST 2019
Ping: 23.769 ms
Download: 123.66 Mbit/s
Upload: 19.73 Mbit/s
Mon Apr  8 16:45:01 CEST 2019
Ping: 24.152 ms
Download: 208.81 Mbit/s
Upload: 19.54 Mbit/s
Mon Apr  8 17:45:01 CEST 2019
Ping: 24.606 ms
Download: 222.89 Mbit/s
Upload: 19.25 Mbit/s
Mon Apr  8 18:45:01 CEST 2019
Ping: 26.26 ms
Download: 151.51 Mbit/s
Upload: 19.53 Mbit/s
Mon Apr  8 19:45:01 CEST 2019
Ping: 24.3 ms
Download: 130.28 Mbit/s
Upload: 19.39 Mbit/s
Mon Apr  8 20:45:01 CEST 2019
Ping: 24.016 ms
Download: 205.75 Mbit/s
Upload: 19.21 Mbit/s
Mon Apr  8 21:45:01 CEST 2019
Ping: 24.944 ms
Download: 139.59 Mbit/s
Upload: 18.74 Mbit/s
Mon Apr  8 22:45:01 CEST 2019
Ping: 24.157 ms
Download: 214.07 Mbit/s
Upload: 18.31 Mbit/s
Mon Apr  8 23:45:01 CEST 2019
Ping: 26.72 ms
Download: 180.36 Mbit/s
Upload: 19.19 Mbit/s
Tue Apr  9 00:45:01 CEST 2019
Ping: 24.727 ms
Download: 167.51 Mbit/s
Upload: 19.26 Mbit/s
Tue Apr  9 01:45:01 CEST 2019
Ping: 24.866 ms
Download: 171.89 Mbit/s
Upload: 19.44 Mbit/s
Tue Apr  9 02:45:01 CEST 2019
Ping: 24.444 ms
Download: 232.43 Mbit/s
Upload: 19.57 Mbit/s
Tue Apr  9 03:45:01 CEST 2019
Ping: 23.423 ms
Download: 255.77 Mbit/s
Upload: 19.83 Mbit/s
Tue Apr  9 04:45:01 CEST 2019
Ping: 24.979 ms
Download: 216.70 Mbit/s
Upload: 19.43 Mbit/s
Tue Apr  9 05:45:01 CEST 2019
Ping: 23.564 ms
Download: 263.32 Mbit/s
Upload: 18.98 Mbit/s
Tue Apr  9 06:45:02 CEST 2019
Ping: 24.54 ms
Download: 117.00 Mbit/s
Upload: 19.73 Mbit/s
Tue Apr  9 07:45:01 CEST 2019
Ping: 22.844 ms
Download: 139.10 Mbit/s
Upload: 19.24 Mbit/s
Tue Apr  9 08:45:01 CEST 2019
Ping: 24.639 ms
Download: 108.82 Mbit/s
Upload: 19.46 Mbit/s
Tue Apr  9 09:45:01 CEST 2019
Ping: 23.095 ms
Download: 212.88 Mbit/s
Upload: 19.07 Mbit/s
Tue Apr  9 10:45:01 CEST 2019
Ping: 25.263 ms
Download: 237.52 Mbit/s
Upload: 19.65 Mbit/s
Tue Apr  9 11:45:01 CEST 2019
Ping: 24.081 ms
Download: 237.16 Mbit/s
Upload: 19.89 Mbit/s
Tue Apr  9 12:45:01 CEST 2019
Ping: 23.443 ms
Download: 275.47 Mbit/s
Upload: 19.10 Mbit/s
Tue Apr  9 13:45:01 CEST 2019
Ping: 24.303 ms
Download: 215.52 Mbit/s
Upload: 19.85 Mbit/s
Tue Apr  9 14:45:01 CEST 2019
Ping: 23.388 ms
Download: 230.25 Mbit/s
Upload: 19.32 Mbit/s
Tue Apr  9 15:45:01 CEST 2019
Ping: 24.448 ms
Download: 158.41 Mbit/s
Upload: 19.51 Mbit/s
Tue Apr  9 16:45:02 CEST 2019
Ping: 25.413 ms
Download: 292.85 Mbit/s
Upload: 19.60 Mbit/s
Tue Apr  9 17:45:01 CEST 2019
Ping: 23.908 ms
Download: 179.87 Mbit/s
Upload: 19.65 Mbit/s
Tue Apr  9 18:45:01 CEST 2019
Ping: 24.502 ms
Download: 189.00 Mbit/s
Upload: 19.67 Mbit/s
Tue Apr  9 19:45:01 CEST 2019
Ping: 25.037 ms
Download: 208.41 Mbit/s
Upload: 19.16 Mbit/s
Tue Apr  9 20:45:01 CEST 2019
Ping: 26.005 ms
Download: 266.13 Mbit/s
Upload: 19.40 Mbit/s
Tue Apr  9 21:45:01 CEST 2019
Ping: 25.259 ms
Download: 169.58 Mbit/s
Upload: 18.90 Mbit/s
Tue Apr  9 22:45:02 CEST 2019
Ping: 23.777 ms
Download: 188.16 Mbit/s
Upload: 19.02 Mbit/s
Tue Apr  9 23:45:01 CEST 2019
Ping: 23.48 ms
Download: 162.13 Mbit/s
Upload: 18.91 Mbit/s
Wed Apr 10 00:45:01 CEST 2019
Ping: 23.82 ms
Download: 175.34 Mbit/s
Upload: 19.34 Mbit/s
Wed Apr 10 01:45:01 CEST 2019
Ping: 25.638 ms
Download: 175.20 Mbit/s
Upload: 19.53 Mbit/s
Wed Apr 10 02:45:01 CEST 2019
Ping: 23.88 ms
Download: 143.50 Mbit/s
Upload: 19.19 Mbit/s
Wed Apr 10 03:45:01 CEST 2019
Ping: 22.839 ms
Download: 211.73 Mbit/s
Upload: 19.29 Mbit/s
Wed Apr 10 04:45:01 CEST 2019
Ping: 22.79 ms
Download: 238.96 Mbit/s
Upload: 19.28 Mbit/s
Wed Apr 10 05:45:02 CEST 2019
Ping: 23.077 ms
Download: 198.46 Mbit/s
Upload: 19.72 Mbit/s
Wed Apr 10 06:45:01 CEST 2019
Ping: 24.158 ms
Download: 175.44 Mbit/s
Upload: 19.65 Mbit/s
Wed Apr 10 07:45:01 CEST 2019
Ping: 24.3 ms
Download: 128.76 Mbit/s
Upload: 19.23 Mbit/s
Wed Apr 10 08:45:01 CEST 2019
Ping: 23.938 ms
Download: 229.89 Mbit/s
Upload: 19.61 Mbit/s
Wed Apr 10 09:45:01 CEST 2019
Ping: 23.213 ms
Download: 180.77 Mbit/s
Upload: 19.72 Mbit/s
Wed Apr 10 10:45:01 CEST 2019
Ping: 23.163 ms
Download: 123.60 Mbit/s
Upload: 19.53 Mbit/s
Wed Apr 10 11:45:01 CEST 2019
Ping: 23.871 ms
Download: 261.47 Mbit/s
Upload: 19.27 Mbit/s
Wed Apr 10 12:45:01 CEST 2019
Ping: 25.389 ms
Download: 166.18 Mbit/s
Upload: 19.55 Mbit/s
Wed Apr 10 13:45:01 CEST 2019
Ping: 23.096 ms
Download: 122.07 Mbit/s
Upload: 19.29 Mbit/s
Wed Apr 10 14:45:01 CEST 2019
Ping: 23.664 ms
Download: 172.40 Mbit/s
Upload: 19.38 Mbit/s
Wed Apr 10 15:45:01 CEST 2019
Ping: 23.818 ms
Download: 186.27 Mbit/s
Upload: 19.66 Mbit/s
Wed Apr 10 16:45:01 CEST 2019
Ping: 23.069 ms
Download: 263.60 Mbit/s
Upload: 19.76 Mbit/s
Wed Apr 10 17:45:01 CEST 2019
Ping: 23.227 ms
Download: 196.26 Mbit/s
Upload: 19.37 Mbit/s
Wed Apr 10 18:45:01 CEST 2019
Ping: 24.358 ms
Download: 243.62 Mbit/s
Upload: 19.19 Mbit/s
Wed Apr 10 19:45:01 CEST 2019
Ping: 24.588 ms
Download: 161.72 Mbit/s
Upload: 19.49 Mbit/s
Wed Apr 10 20:45:01 CEST 2019
Ping: 25.09 ms
Download: 41.17 Mbit/s
Upload: 19.10 Mbit/s
Wed Apr 10 21:45:01 CEST 2019
Ping: 25.551 ms
Download: 250.92 Mbit/s
Upload: 18.99 Mbit/s
Wed Apr 10 22:45:01 CEST 2019
Ping: 23.854 ms
Download: 279.89 Mbit/s
Upload: 19.37 Mbit/s
Wed Apr 10 23:45:01 CEST 2019
Ping: 24.104 ms
Download: 182.69 Mbit/s
Upload: 19.80 Mbit/s
Thu Apr 11 00:45:01 CEST 2019
Ping: 26.706 ms
Download: 86.99 Mbit/s
Upload: 19.56 Mbit/s
Thu Apr 11 01:45:01 CEST 2019
Ping: 22.953 ms
Download: 242.74 Mbit/s
Upload: 19.73 Mbit/s
Thu Apr 11 02:45:01 CEST 2019
Ping: 24.114 ms
Download: 172.77 Mbit/s
Upload: 19.34 Mbit/s
Thu Apr 11 03:45:01 CEST 2019
Ping: 24.919 ms
Download: 236.52 Mbit/s
Upload: 19.68 Mbit/s
Thu Apr 11 04:45:01 CEST 2019
Ping: 27.317 ms
Download: 240.48 Mbit/s
Upload: 19.74 Mbit/s
Thu Apr 11 05:45:01 CEST 2019
Ping: 25.078 ms
Download: 237.50 Mbit/s
Upload: 19.37 Mbit/s
Thu Apr 11 06:45:02 CEST 2019
Ping: 22.847 ms
Download: 159.43 Mbit/s
Upload: 19.48 Mbit/s
Thu Apr 11 07:45:01 CEST 2019
Ping: 24.434 ms
Download: 226.78 Mbit/s
Upload: 19.10 Mbit/s
Thu Apr 11 08:45:01 CEST 2019
Ping: 23.447 ms
Download: 122.20 Mbit/s
Upload: 19.69 Mbit/s
Thu Apr 11 09:45:01 CEST 2019
Ping: 23.796 ms
Download: 228.86 Mbit/s
Upload: 19.69 Mbit/s
Thu Apr 11 10:45:01 CEST 2019
Ping: 23.637 ms
Download: 119.85 Mbit/s
Upload: 19.48 Mbit/s
Thu Apr 11 11:45:02 CEST 2019
Ping: 23.803 ms
Download: 94.76 Mbit/s
Upload: 19.79 Mbit/s
Thu Apr 11 12:45:01 CEST 2019
Ping: 23.935 ms
Download: 131.47 Mbit/s
Upload: 19.77 Mbit/s
Thu Apr 11 13:45:01 CEST 2019
Ping: 23.157 ms
Download: 246.99 Mbit/s
Upload: 18.95 Mbit/s
Thu Apr 11 14:45:01 CEST 2019
Ping: 23.376 ms
Download: 193.15 Mbit/s
Upload: 18.98 Mbit/s
Thu Apr 11 15:45:02 CEST 2019
Ping: 23.53 ms
Download: 248.05 Mbit/s
Upload: 18.85 Mbit/s
Thu Apr 11 16:45:01 CEST 2019
Ping: 25.92 ms
Download: 227.61 Mbit/s
Upload: 19.49 Mbit/s
Thu Apr 11 17:45:01 CEST 2019
Ping: 25.633 ms
Download: 168.17 Mbit/s
Upload: 18.69 Mbit/s
Thu Apr 11 18:45:01 CEST 2019
Ping: 25.228 ms
Download: 109.17 Mbit/s
Upload: 19.59 Mbit/s
Thu Apr 11 19:45:02 CEST 2019
Ping: 24.813 ms
Download: 243.78 Mbit/s
Upload: 19.53 Mbit/s
Thu Apr 11 20:45:01 CEST 2019
Ping: 25.738 ms
Download: 133.04 Mbit/s
Upload: 19.59 Mbit/s
Thu Apr 11 21:45:01 CEST 2019
Ping: 23.591 ms
Download: 243.30 Mbit/s
Upload: 19.79 Mbit/s
Thu Apr 11 22:45:01 CEST 2019
Ping: 28.338 ms
Download: 0.77 Mbit/s
Upload: 0.88 Mbit/s
Thu Apr 11 23:45:01 CEST 2019
Ping: 24.427 ms
Download: 197.29 Mbit/s
Upload: 19.63 Mbit/s
Fri Apr 12 00:45:01 CEST 2019
Ping: 26.043 ms
Download: 137.13 Mbit/s
Upload: 19.50 Mbit/s
Fri Apr 12 01:45:01 CEST 2019
Ping: 23.875 ms
Download: 150.71 Mbit/s
Upload: 19.29 Mbit/s
Fri Apr 12 02:45:01 CEST 2019
Ping: 26.176 ms
Download: 222.98 Mbit/s
Upload: 18.98 Mbit/s
Fri Apr 12 03:45:01 CEST 2019
Ping: 22.85 ms
Download: 232.48 Mbit/s
Upload: 18.96 Mbit/s
Fri Apr 12 04:45:01 CEST 2019
Ping: 25.874 ms
Download: 126.86 Mbit/s
Upload: 19.25 Mbit/s
Fri Apr 12 05:45:01 CEST 2019
Ping: 24.818 ms
Download: 208.70 Mbit/s
Upload: 19.59 Mbit/s
Fri Apr 12 06:45:01 CEST 2019
Ping: 24.095 ms
Download: 140.44 Mbit/s
Upload: 18.87 Mbit/s
Fri Apr 12 07:45:01 CEST 2019
Ping: 24.414 ms
Download: 219.82 Mbit/s
Upload: 19.35 Mbit/s
Fri Apr 12 08:45:01 CEST 2019
Ping: 25.304 ms
Download: 228.10 Mbit/s
Upload: 19.75 Mbit/s
Fri Apr 12 09:45:01 CEST 2019
Ping: 23.418 ms
Download: 252.80 Mbit/s
Upload: 19.11 Mbit/s
Fri Apr 12 10:45:01 CEST 2019
Ping: 24.403 ms
Download: 179.51 Mbit/s
Upload: 19.65 Mbit/s
Fri Apr 12 11:45:01 CEST 2019
Ping: 23.882 ms
Download: 245.78 Mbit/s
Upload: 19.76 Mbit/s
Fri Apr 12 12:45:01 CEST 2019
Ping: 23.118 ms
Download: 76.95 Mbit/s
Upload: 19.52 Mbit/s
Fri Apr 12 13:45:01 CEST 2019
Ping: 23.966 ms
Download: 239.86 Mbit/s
Upload: 18.88 Mbit/s
Fri Apr 12 14:45:01 CEST 2019
Ping: 24.223 ms
Download: 186.98 Mbit/s
Upload: 19.38 Mbit/s
Fri Apr 12 15:45:01 CEST 2019
Ping: 25.195 ms
Download: 237.04 Mbit/s
Upload: 19.69 Mbit/s
Fri Apr 12 16:45:01 CEST 2019
Ping: 24.616 ms
Download: 123.71 Mbit/s
Upload: 18.48 Mbit/s
Fri Apr 12 17:45:01 CEST 2019
Ping: 24.56 ms
Download: 241.61 Mbit/s
Upload: 19.48 Mbit/s
Fri Apr 12 18:45:01 CEST 2019
Ping: 25.844 ms
Download: 139.45 Mbit/s
Upload: 19.36 Mbit/s
Fri Apr 12 19:45:01 CEST 2019
Ping: 23.011 ms
Download: 247.49 Mbit/s
Upload: 18.92 Mbit/s
Fri Apr 12 20:45:01 CEST 2019
Ping: 26.422 ms
Download: 214.69 Mbit/s
Upload: 19.27 Mbit/s
Fri Apr 12 21:45:01 CEST 2019
Ping: 24.508 ms
Download: 268.66 Mbit/s
Upload: 18.82 Mbit/s
Fri Apr 12 22:45:01 CEST 2019
Ping: 24.571 ms
Download: 121.97 Mbit/s
Upload: 19.34 Mbit/s
Fri Apr 12 23:45:01 CEST 2019
Ping: 26.038 ms
Download: 298.34 Mbit/s
Upload: 18.46 Mbit/s
Sat Apr 13 00:45:01 CEST 2019
Ping: 28.858 ms
Download: 237.93 Mbit/s
Upload: 19.41 Mbit/s
Sat Apr 13 01:45:01 CEST 2019
Ping: 23.209 ms
Download: 246.59 Mbit/s
Upload: 19.61 Mbit/s
Sat Apr 13 02:45:01 CEST 2019
Ping: 26.011 ms
Download: 126.11 Mbit/s
Upload: 19.75 Mbit/s
Sat Apr 13 03:45:01 CEST 2019
Ping: 24.916 ms
Download: 220.93 Mbit/s
Upload: 19.57 Mbit/s
Sat Apr 13 04:45:01 CEST 2019
Ping: 24.24 ms
Download: 181.62 Mbit/s
Upload: 19.53 Mbit/s
Sat Apr 13 05:45:01 CEST 2019
Ping: 24.103 ms
Download: 117.27 Mbit/s
Upload: 19.01 Mbit/s
Sat Apr 13 06:45:01 CEST 2019
Ping: 24.058 ms
Download: 179.95 Mbit/s
Upload: 19.50 Mbit/s
Sat Apr 13 07:45:01 CEST 2019
Ping: 23.866 ms
Download: 231.13 Mbit/s
Upload: 18.85 Mbit/s
Sat Apr 13 08:45:01 CEST 2019
Ping: 23.767 ms
Download: 112.45 Mbit/s
Upload: 19.03 Mbit/s
Sat Apr 13 09:45:01 CEST 2019
Ping: 24.224 ms
Download: 237.06 Mbit/s
Upload: 19.12 Mbit/s
Sat Apr 13 10:45:01 CEST 2019
Ping: 23.667 ms
Download: 227.39 Mbit/s
Upload: 19.54 Mbit/s
Sat Apr 13 11:45:01 CEST 2019
Ping: 23.679 ms
Download: 247.93 Mbit/s
Upload: 19.34 Mbit/s
Sat Apr 13 12:45:02 CEST 2019
Ping: 23.566 ms
Download: 133.02 Mbit/s
Upload: 19.86 Mbit/s
Sat Apr 13 13:45:01 CEST 2019
Ping: 24.671 ms
Download: 249.06 Mbit/s
Upload: 19.40 Mbit/s
Sat Apr 13 14:45:01 CEST 2019
Ping: 24.805 ms
Download: 150.01 Mbit/s
Upload: 19.18 Mbit/s
Sat Apr 13 15:45:01 CEST 2019
Ping: 23.565 ms
Download: 241.10 Mbit/s
Upload: 19.06 Mbit/s
Sat Apr 13 16:45:01 CEST 2019
Ping: 27.107 ms
Download: 131.66 Mbit/s
Upload: 19.75 Mbit/s
Sat Apr 13 17:45:01 CEST 2019
Ping: 23.845 ms
Download: 143.42 Mbit/s
Upload: 19.80 Mbit/s
Sat Apr 13 18:45:01 CEST 2019
Ping: 23.549 ms
Download: 101.34 Mbit/s
Upload: 19.39 Mbit/s
Sat Apr 13 19:45:02 CEST 2019
Ping: 24.625 ms
Download: 273.40 Mbit/s
Upload: 19.76 Mbit/s
Sat Apr 13 20:45:01 CEST 2019
Ping: 24.166 ms
Download: 170.04 Mbit/s
Upload: 18.95 Mbit/s
Sat Apr 13 21:45:01 CEST 2019
Ping: 24.951 ms
Download: 240.30 Mbit/s
Upload: 19.29 Mbit/s
Sat Apr 13 22:45:01 CEST 2019
Ping: 25.227 ms
Download: 139.36 Mbit/s
Upload: 19.74 Mbit/s
Sat Apr 13 23:45:01 CEST 2019
Ping: 29.392 ms
Download: 0.32 Mbit/s
Upload: 0.38 Mbit/s
Sun Apr 14 00:45:01 CEST 2019
Ping: 25.634 ms
Download: 249.48 Mbit/s
Upload: 18.93 Mbit/s
Sun Apr 14 01:45:01 CEST 2019
Ping: 25.045 ms
Download: 169.56 Mbit/s
Upload: 18.98 Mbit/s
Sun Apr 14 02:45:01 CEST 2019
Ping: 23.496 ms
Download: 227.24 Mbit/s
Upload: 18.99 Mbit/s
Sun Apr 14 03:45:01 CEST 2019
Ping: 23.748 ms
Download: 227.10 Mbit/s
Upload: 19.70 Mbit/s
Sun Apr 14 04:45:02 CEST 2019
Ping: 23.398 ms
Download: 236.38 Mbit/s
Upload: 19.87 Mbit/s
Sun Apr 14 05:45:01 CEST 2019
Ping: 25.111 ms
Download: 233.35 Mbit/s
Upload: 19.59 Mbit/s
Sun Apr 14 06:45:01 CEST 2019
Ping: 22.922 ms
Download: 221.02 Mbit/s
Upload: 19.86 Mbit/s
Sun Apr 14 07:45:01 CEST 2019
Ping: 24.067 ms
Download: 227.50 Mbit/s
Upload: 19.57 Mbit/s
Sun Apr 14 08:45:01 CEST 2019
Ping: 23.639 ms
Download: 225.59 Mbit/s
Upload: 19.62 Mbit/s
Sun Apr 14 09:45:01 CEST 2019
Ping: 23.843 ms
Download: 175.97 Mbit/s
Upload: 19.37 Mbit/s
Sun Apr 14 10:45:01 CEST 2019
Ping: 23.13 ms
Download: 158.11 Mbit/s
Upload: 19.60 Mbit/s
Sun Apr 14 11:45:01 CEST 2019
Ping: 24.127 ms
Download: 139.69 Mbit/s
Upload: 19.65 Mbit/s
Sun Apr 14 12:45:01 CEST 2019
Ping: 27.201 ms
Download: 226.94 Mbit/s
Upload: 19.34 Mbit/s
Sun Apr 14 13:45:01 CEST 2019
Ping: 24.713 ms
Download: 251.39 Mbit/s
Upload: 19.60 Mbit/s
Sun Apr 14 14:45:01 CEST 2019
Ping: 23.835 ms
Download: 229.63 Mbit/s
Upload: 19.16 Mbit/s
Sun Apr 14 15:45:01 CEST 2019
Ping: 24.19 ms
Download: 94.44 Mbit/s
Upload: 19.56 Mbit/s
Sun Apr 14 16:45:01 CEST 2019
Ping: 23.983 ms
Download: 121.34 Mbit/s
Upload: 18.77 Mbit/s
Sun Apr 14 17:45:02 CEST 2019
Ping: 24.386 ms
Download: 203.13 Mbit/s
Upload: 19.12 Mbit/s
Sun Apr 14 18:45:02 CEST 2019
Ping: 25.084 ms
Download: 138.15 Mbit/s
Upload: 19.41 Mbit/s
Sun Apr 14 19:45:01 CEST 2019
Ping: 27.351 ms
Download: 99.51 Mbit/s
Upload: 19.62 Mbit/s
Sun Apr 14 20:45:01 CEST 2019
Ping: 25.88 ms
Download: 129.41 Mbit/s
Upload: 19.61 Mbit/s
Sun Apr 14 21:45:01 CEST 2019
Ping: 24.091 ms
Download: 254.37 Mbit/s
Upload: 19.31 Mbit/s
Sun Apr 14 22:45:01 CEST 2019
Ping: 24.153 ms
Download: 252.87 Mbit/s
Upload: 19.08 Mbit/s
Sun Apr 14 23:45:01 CEST 2019
Ping: 25.024 ms
Download: 236.64 Mbit/s
Upload: 18.67 Mbit/s
Mon Apr 15 00:45:01 CEST 2019
Ping: 25.964 ms
Download: 233.19 Mbit/s
Upload: 19.13 Mbit/s
Mon Apr 15 01:45:01 CEST 2019
Ping: 23.155 ms
Download: 153.06 Mbit/s
Upload: 19.61 Mbit/s
Mon Apr 15 02:45:01 CEST 2019
Ping: 23.967 ms
Download: 221.54 Mbit/s
Upload: 19.65 Mbit/s
Mon Apr 15 03:45:01 CEST 2019
Ping: 23.405 ms
Download: 135.52 Mbit/s
Upload: 19.36 Mbit/s
Mon Apr 15 04:45:01 CEST 2019
Ping: 23.241 ms
Download: 241.63 Mbit/s
Upload: 18.52 Mbit/s
Mon Apr 15 05:45:01 CEST 2019
Ping: 25.013 ms
Download: 238.28 Mbit/s
Upload: 19.01 Mbit/s
Mon Apr 15 06:45:01 CEST 2019
Ping: 23.581 ms
Download: 136.69 Mbit/s
Upload: 19.76 Mbit/s
Mon Apr 15 07:45:01 CEST 2019
Ping: 24.049 ms
Download: 153.26 Mbit/s
Upload: 19.44 Mbit/s
Mon Apr 15 08:45:01 CEST 2019
Ping: 23.811 ms
Download: 156.87 Mbit/s
Upload: 19.68 Mbit/s
Mon Apr 15 09:45:01 CEST 2019
Ping: 23.565 ms
Download: 234.96 Mbit/s
Upload: 19.18 Mbit/s
Mon Apr 15 10:45:02 CEST 2019
Ping: 25.207 ms
Download: 257.83 Mbit/s
Upload: 18.76 Mbit/s
Mon Apr 15 11:45:02 CEST 2019
Ping: 24.083 ms
Download: 229.07 Mbit/s
Upload: 19.40 Mbit/s
Mon Apr 15 12:45:01 CEST 2019
Ping: 24.012 ms
Download: 232.63 Mbit/s
Upload: 19.00 Mbit/s
Mon Apr 15 13:45:01 CEST 2019
Ping: 23.586 ms
Download: 124.24 Mbit/s
Upload: 19.46 Mbit/s
Mon Apr 15 14:45:01 CEST 2019
Ping: 23.758 ms
Download: 145.19 Mbit/s
Upload: 19.73 Mbit/s
Mon Apr 15 15:45:01 CEST 2019
Ping: 25.837 ms
Download: 200.57 Mbit/s
Upload: 19.29 Mbit/s
Mon Apr 15 16:45:01 CEST 2019
Ping: 22.951 ms
Download: 121.56 Mbit/s
Upload: 19.75 Mbit/s
Mon Apr 15 17:45:01 CEST 2019
Ping: 23.577 ms
Download: 209.65 Mbit/s
Upload: 19.20 Mbit/s
Mon Apr 15 18:45:01 CEST 2019
Ping: 24.339 ms
Download: 226.91 Mbit/s
Upload: 19.26 Mbit/s
Mon Apr 15 19:45:01 CEST 2019
Ping: 26.162 ms
Download: 94.26 Mbit/s
Upload: 18.50 Mbit/s
Mon Apr 15 20:45:02 CEST 2019
Ping: 24.324 ms
Download: 136.12 Mbit/s
Upload: 19.44 Mbit/s
Mon Apr 15 21:45:02 CEST 2019
Ping: 25.028 ms
Download: 117.03 Mbit/s
Upload: 18.97 Mbit/s
Mon Apr 15 22:45:01 CEST 2019
Ping: 25.15 ms
Download: 255.05 Mbit/s
Upload: 19.29 Mbit/s
Mon Apr 15 23:45:02 CEST 2019
Ping: 24.423 ms
Download: 246.54 Mbit/s
Upload: 18.45 Mbit/s
Tue Apr 16 00:45:01 CEST 2019
Ping: 26.834 ms
Download: 132.22 Mbit/s
Upload: 19.25 Mbit/s
Tue Apr 16 01:45:01 CEST 2019
Ping: 24.7 ms
Download: 250.87 Mbit/s
Upload: 19.18 Mbit/s
Tue Apr 16 02:45:01 CEST 2019
Ping: 22.512 ms
Download: 150.96 Mbit/s
Upload: 19.45 Mbit/s
Tue Apr 16 03:45:01 CEST 2019
Ping: 23.136 ms
Download: 103.95 Mbit/s
Upload: 19.21 Mbit/s
Tue Apr 16 04:45:02 CEST 2019
Ping: 23.372 ms
Download: 133.87 Mbit/s
Upload: 19.87 Mbit/s
Tue Apr 16 05:45:01 CEST 2019
Ping: 22.236 ms
Download: 237.02 Mbit/s
Upload: 19.34 Mbit/s
Tue Apr 16 06:45:01 CEST 2019
Ping: 23.013 ms
Download: 161.67 Mbit/s
Upload: 18.92 Mbit/s
Tue Apr 16 07:45:01 CEST 2019
Ping: 23.983 ms
Download: 248.32 Mbit/s
Upload: 19.75 Mbit/s
Tue Apr 16 08:45:01 CEST 2019
Ping: 25.737 ms
Download: 242.96 Mbit/s
Upload: 19.15 Mbit/s
Tue Apr 16 09:45:01 CEST 2019
Ping: 23.817 ms
Download: 173.65 Mbit/s
Upload: 19.41 Mbit/s
Tue Apr 16 10:45:01 CEST 2019
Ping: 22.948 ms
Download: 248.14 Mbit/s
Upload: 19.48 Mbit/s
Tue Apr 16 11:45:01 CEST 2019
Ping: 25.082 ms
Download: 124.12 Mbit/s
Upload: 19.42 Mbit/s
Tue Apr 16 12:45:01 CEST 2019
Ping: 22.109 ms
Download: 235.10 Mbit/s
Upload: 19.25 Mbit/s
Tue Apr 16 13:45:01 CEST 2019
Ping: 24.712 ms
Download: 153.72 Mbit/s
Upload: 19.37 Mbit/s
Tue Apr 16 14:45:01 CEST 2019
Ping: 23.022 ms
Download: 153.00 Mbit/s
Upload: 19.65 Mbit/s
Tue Apr 16 15:45:01 CEST 2019
Ping: 25.909 ms
Download: 174.20 Mbit/s
Upload: 18.99 Mbit/s
Tue Apr 16 16:45:01 CEST 2019
Ping: 23.529 ms
Download: 93.91 Mbit/s
Upload: 19.78 Mbit/s
Tue Apr 16 17:45:01 CEST 2019
Ping: 23.18 ms
Download: 135.42 Mbit/s
Upload: 19.31 Mbit/s
Tue Apr 16 18:45:01 CEST 2019
Ping: 23.596 ms
Download: 246.69 Mbit/s
Upload: 19.20 Mbit/s
Tue Apr 16 19:45:01 CEST 2019
Ping: 26.091 ms
Download: 135.75 Mbit/s
Upload: 19.45 Mbit/s
Tue Apr 16 20:45:01 CEST 2019
Ping: 24.626 ms
Download: 115.38 Mbit/s
Upload: 18.98 Mbit/s
Tue Apr 16 21:45:01 CEST 2019
Ping: 27.965 ms
Download: 0.94 Mbit/s
Upload: 0.90 Mbit/s
Tue Apr 16 22:45:01 CEST 2019
Ping: 24.463 ms
Download: 137.32 Mbit/s
Upload: 19.80 Mbit/s
Tue Apr 16 23:45:01 CEST 2019
Ping: 28.517 ms
Download: 0.49 Mbit/s
Upload: 0.19 Mbit/s
Wed Apr 17 00:45:01 CEST 2019
Ping: 25.164 ms
Download: 224.34 Mbit/s
Upload: 19.61 Mbit/s
Wed Apr 17 01:45:01 CEST 2019
Ping: 25.896 ms
Download: 235.00 Mbit/s
Upload: 19.68 Mbit/s
Wed Apr 17 02:45:01 CEST 2019
Ping: 24.071 ms
Download: 173.37 Mbit/s
Upload: 19.16 Mbit/s
Wed Apr 17 03:45:01 CEST 2019
Ping: 25.463 ms
Download: 124.29 Mbit/s
Upload: 19.47 Mbit/s
Wed Apr 17 04:45:01 CEST 2019
Ping: 23.517 ms
Download: 136.45 Mbit/s
Upload: 19.35 Mbit/s
Wed Apr 17 05:45:01 CEST 2019
Ping: 27.031 ms
Download: 213.72 Mbit/s
Upload: 18.85 Mbit/s
Wed Apr 17 06:45:01 CEST 2019
Ping: 24.677 ms
Download: 240.69 Mbit/s
Upload: 18.89 Mbit/s
Wed Apr 17 07:45:01 CEST 2019
Ping: 26.894 ms
Download: 244.63 Mbit/s
Upload: 19.55 Mbit/s
Wed Apr 17 08:45:01 CEST 2019
Ping: 25.454 ms
Download: 142.07 Mbit/s
Upload: 19.56 Mbit/s
Wed Apr 17 09:45:01 CEST 2019
Ping: 23.578 ms
Download: 139.08 Mbit/s
Upload: 19.52 Mbit/s
Wed Apr 17 10:45:01 CEST 2019
Ping: 24.799 ms
Download: 235.27 Mbit/s
Upload: 19.26 Mbit/s
Wed Apr 17 11:45:01 CEST 2019
Ping: 26.793 ms
Download: 237.79 Mbit/s
Upload: 19.05 Mbit/s
Wed Apr 17 12:45:01 CEST 2019
Ping: 23.713 ms
Download: 147.76 Mbit/s
Upload: 19.20 Mbit/s
Wed Apr 17 13:45:01 CEST 2019
Ping: 25.959 ms
Download: 241.68 Mbit/s
Upload: 19.55 Mbit/s
Wed Apr 17 14:45:01 CEST 2019
Ping: 23.901 ms
Download: 113.65 Mbit/s
Upload: 19.39 Mbit/s
Wed Apr 17 15:45:01 CEST 2019
Ping: 25.833 ms
Download: 93.87 Mbit/s
Upload: 19.12 Mbit/s
Wed Apr 17 16:45:01 CEST 2019
Ping: 25.404 ms
Download: 92.43 Mbit/s
Upload: 19.05 Mbit/s
Wed Apr 17 17:45:01 CEST 2019
Ping: 24.879 ms
Download: 100.78 Mbit/s
Upload: 19.48 Mbit/s
Wed Apr 17 18:45:01 CEST 2019
Ping: 26.763 ms
Download: 211.64 Mbit/s
Upload: 19.10 Mbit/s
Wed Apr 17 19:45:01 CEST 2019
Ping: 26.926 ms
Download: 129.87 Mbit/s
Upload: 19.22 Mbit/s
Wed Apr 17 20:45:01 CEST 2019
Ping: 25.046 ms
Download: 130.00 Mbit/s
Upload: 18.75 Mbit/s
Wed Apr 17 21:45:01 CEST 2019
Ping: 24.721 ms
Download: 154.32 Mbit/s
Upload: 19.10 Mbit/s
Wed Apr 17 22:45:01 CEST 2019
Ping: 26.251 ms
Download: 242.92 Mbit/s
Upload: 18.77 Mbit/s
Wed Apr 17 23:45:01 CEST 2019
Ping: 26.326 ms
Download: 233.47 Mbit/s
Upload: 19.19 Mbit/s
Thu Apr 18 00:45:01 CEST 2019
Ping: 24.57 ms
Download: 129.87 Mbit/s
Upload: 19.03 Mbit/s
Thu Apr 18 01:45:01 CEST 2019
Ping: 27.368 ms
Download: 217.95 Mbit/s
Upload: 18.79 Mbit/s
Thu Apr 18 02:45:01 CEST 2019
Ping: 26.814 ms
Download: 200.93 Mbit/s
Upload: 19.62 Mbit/s
Thu Apr 18 03:45:01 CEST 2019
Ping: 25.423 ms
Download: 241.49 Mbit/s
Upload: 19.50 Mbit/s
Thu Apr 18 04:45:01 CEST 2019
Ping: 24.419 ms
Download: 135.57 Mbit/s
Upload: 19.22 Mbit/s
Thu Apr 18 05:45:01 CEST 2019
Ping: 24.369 ms
Download: 105.00 Mbit/s
Upload: 19.45 Mbit/s
Thu Apr 18 06:45:01 CEST 2019
Ping: 25.314 ms
Download: 212.94 Mbit/s
Upload: 19.13 Mbit/s
Thu Apr 18 07:45:01 CEST 2019
Ping: 24.728 ms
Download: 164.18 Mbit/s
Upload: 19.29 Mbit/s
Thu Apr 18 08:45:01 CEST 2019
Ping: 25.402 ms
Download: 230.94 Mbit/s
Upload: 18.87 Mbit/s
Thu Apr 18 09:45:01 CEST 2019
Ping: 26.232 ms
Download: 200.10 Mbit/s
Upload: 19.20 Mbit/s
Thu Apr 18 10:45:01 CEST 2019
Ping: 27.064 ms
Download: 209.87 Mbit/s
Upload: 19.32 Mbit/s
Thu Apr 18 11:45:01 CEST 2019
Ping: 23.741 ms
Download: 154.79 Mbit/s
Upload: 19.47 Mbit/s
Thu Apr 18 12:45:01 CEST 2019
Ping: 26.267 ms
Download: 244.68 Mbit/s
Upload: 19.79 Mbit/s
Thu Apr 18 13:45:01 CEST 2019
Ping: 25.239 ms
Download: 113.39 Mbit/s
Upload: 19.45 Mbit/s
Thu Apr 18 14:45:02 CEST 2019
Ping: 25.926 ms
Download: 249.87 Mbit/s
Upload: 19.28 Mbit/s
Thu Apr 18 15:45:01 CEST 2019
Ping: 26.294 ms
Download: 230.20 Mbit/s
Upload: 19.50 Mbit/s
Thu Apr 18 16:45:02 CEST 2019
Ping: 24.073 ms
Download: 232.97 Mbit/s
Upload: 19.16 Mbit/s
Thu Apr 18 17:45:02 CEST 2019
Ping: 27.526 ms
Download: 207.14 Mbit/s
Upload: 19.45 Mbit/s
Thu Apr 18 18:45:01 CEST 2019
Ping: 25.739 ms
Download: 170.18 Mbit/s
Upload: 19.30 Mbit/s
Thu Apr 18 19:45:01 CEST 2019
Ping: 26.194 ms
Download: 157.43 Mbit/s
Upload: 19.17 Mbit/s
Thu Apr 18 20:45:01 CEST 2019
Ping: 26.926 ms
Download: 153.50 Mbit/s
Upload: 18.94 Mbit/s
Thu Apr 18 21:45:02 CEST 2019
Ping: 24.668 ms
Download: 132.12 Mbit/s
Upload: 19.61 Mbit/s
Thu Apr 18 22:45:01 CEST 2019
Ping: 24.326 ms
Download: 197.15 Mbit/s
Upload: 19.25 Mbit/s
Thu Apr 18 23:45:01 CEST 2019
Ping: 26.35 ms
Download: 164.19 Mbit/s
Upload: 19.44 Mbit/s
Fri Apr 19 00:45:01 CEST 2019
Ping: 25.211 ms
Download: 160.34 Mbit/s
Upload: 18.88 Mbit/s
Fri Apr 19 01:45:01 CEST 2019
Ping: 24.991 ms
Download: 111.60 Mbit/s
Upload: 19.41 Mbit/s
Fri Apr 19 02:45:01 CEST 2019
Ping: 24.364 ms
Download: 146.11 Mbit/s
Upload: 19.60 Mbit/s
Fri Apr 19 03:45:01 CEST 2019
Ping: 26.867 ms
Download: 232.89 Mbit/s
Upload: 19.29 Mbit/s
Fri Apr 19 04:45:01 CEST 2019
Ping: 23.093 ms
Download: 174.53 Mbit/s
Upload: 19.60 Mbit/s
Fri Apr 19 05:45:01 CEST 2019
Ping: 26.927 ms
Download: 246.40 Mbit/s
Upload: 19.27 Mbit/s
Fri Apr 19 06:45:01 CEST 2019
Ping: 26.359 ms
Download: 195.52 Mbit/s
Upload: 19.28 Mbit/s
Fri Apr 19 07:45:01 CEST 2019
Ping: 27.387 ms
Download: 248.53 Mbit/s
Upload: 19.21 Mbit/s
Fri Apr 19 08:45:01 CEST 2019
Ping: 23.122 ms
Download: 142.41 Mbit/s
Upload: 19.47 Mbit/s
Fri Apr 19 09:45:01 CEST 2019
Ping: 24.482 ms
Download: 158.43 Mbit/s
Upload: 18.52 Mbit/s
Fri Apr 19 10:45:01 CEST 2019
Ping: 25.755 ms
Download: 231.43 Mbit/s
Upload: 18.85 Mbit/s
Fri Apr 19 11:45:02 CEST 2019
Ping: 24.311 ms
Download: 141.42 Mbit/s
Upload: 19.37 Mbit/s
Fri Apr 19 12:45:01 CEST 2019
Ping: 26.879 ms
Download: 168.30 Mbit/s
Upload: 19.17 Mbit/s
Fri Apr 19 13:45:01 CEST 2019
Ping: 27.146 ms
Download: 233.94 Mbit/s
Upload: 18.08 Mbit/s
Fri Apr 19 14:45:01 CEST 2019
Ping: 24.252 ms
Download: 174.87 Mbit/s
Upload: 18.94 Mbit/s
Fri Apr 19 15:45:01 CEST 2019
Ping: 25.093 ms
Download: 127.15 Mbit/s
Upload: 19.65 Mbit/s
Fri Apr 19 16:45:01 CEST 2019
Ping: 24.886 ms
Download: 104.25 Mbit/s
Upload: 19.41 Mbit/s
Fri Apr 19 17:45:01 CEST 2019
Ping: 27.079 ms
Download: 0.82 Mbit/s
Upload: 0.86 Mbit/s
Fri Apr 19 18:45:02 CEST 2019
Ping: 27.115 ms
Download: 233.43 Mbit/s
Upload: 19.29 Mbit/s
Fri Apr 19 19:45:01 CEST 2019
Ping: 25.697 ms
Download: 181.47 Mbit/s
Upload: 19.03 Mbit/s
Fri Apr 19 20:45:01 CEST 2019
Ping: 25.693 ms
Download: 188.41 Mbit/s
Upload: 19.29 Mbit/s
Fri Apr 19 21:45:01 CEST 2019
Ping: 27.895 ms
Download: 0.28 Mbit/s
Upload: 0.05 Mbit/s
Fri Apr 19 22:45:01 CEST 2019
Ping: 24.601 ms
Download: 106.06 Mbit/s
Upload: 19.49 Mbit/s
Fri Apr 19 23:45:01 CEST 2019
Ping: 26.166 ms
Download: 123.68 Mbit/s
Upload: 19.66 Mbit/s
Sat Apr 20 00:45:01 CEST 2019
Ping: 27.558 ms
Download: 0.95 Mbit/s
Upload: 0.92 Mbit/s
Sat Apr 20 01:45:01 CEST 2019
Ping: 24.379 ms
Download: 119.88 Mbit/s
Upload: 18.98 Mbit/s
Sat Apr 20 02:45:01 CEST 2019
Ping: 23.951 ms
Download: 118.33 Mbit/s
Upload: 19.35 Mbit/s
Sat Apr 20 03:45:01 CEST 2019
Ping: 27.436 ms
Download: 226.17 Mbit/s
Upload: 19.73 Mbit/s
Sat Apr 20 04:45:01 CEST 2019
Ping: 22.982 ms
Download: 190.17 Mbit/s
Upload: 18.94 Mbit/s
Sat Apr 20 05:45:01 CEST 2019
Ping: 23.83 ms
Download: 109.57 Mbit/s
Upload: 19.20 Mbit/s
Sat Apr 20 06:45:01 CEST 2019
Ping: 25.685 ms
Download: 105.45 Mbit/s
Upload: 19.43 Mbit/s
Sat Apr 20 07:45:01 CEST 2019
Ping: 22.943 ms
Download: 172.28 Mbit/s
Upload: 19.86 Mbit/s
Sat Apr 20 08:45:01 CEST 2019
Ping: 23.071 ms
Download: 149.63 Mbit/s
Upload: 19.55 Mbit/s
Sat Apr 20 09:45:01 CEST 2019
Ping: 26.041 ms
Download: 110.99 Mbit/s
Upload: 18.51 Mbit/s
Sat Apr 20 10:45:01 CEST 2019
Ping: 24.433 ms
Download: 220.55 Mbit/s
Upload: 19.58 Mbit/s
Sat Apr 20 11:45:01 CEST 2019
Ping: 24.412 ms
Download: 171.49 Mbit/s
Upload: 19.42 Mbit/s
Sat Apr 20 12:45:01 CEST 2019
Ping: 23.874 ms
Download: 140.00 Mbit/s
Upload: 19.68 Mbit/s
Sat Apr 20 13:45:01 CEST 2019
Ping: 25.777 ms
Download: 233.98 Mbit/s
Upload: 19.64 Mbit/s
Sat Apr 20 14:45:01 CEST 2019
Ping: 25.072 ms
Download: 128.60 Mbit/s
Upload: 19.72 Mbit/s
Sat Apr 20 15:45:01 CEST 2019
Ping: 25.0 ms
Download: 140.94 Mbit/s
Upload: 19.51 Mbit/s
Sat Apr 20 16:45:01 CEST 2019
Ping: 24.527 ms
Download: 236.25 Mbit/s
Upload: 19.74 Mbit/s
Sat Apr 20 17:45:01 CEST 2019
Ping: 24.835 ms
Download: 137.94 Mbit/s
Upload: 19.68 Mbit/s
Sat Apr 20 18:45:01 CEST 2019
Ping: 23.677 ms
Download: 179.83 Mbit/s
Upload: 19.36 Mbit/s
Sat Apr 20 19:45:01 CEST 2019
Ping: 31.507 ms
Download: 232.38 Mbit/s
Upload: 19.34 Mbit/s
Sat Apr 20 20:45:01 CEST 2019
Ping: 23.291 ms
Download: 111.74 Mbit/s
Upload: 18.87 Mbit/s
Sat Apr 20 21:45:01 CEST 2019
Ping: 23.035 ms
Download: 114.33 Mbit/s
Upload: 19.19 Mbit/s
Sat Apr 20 22:45:01 CEST 2019
Ping: 23.27 ms
Download: 123.08 Mbit/s
Upload: 19.01 Mbit/s
Sat Apr 20 23:45:01 CEST 2019
Ping: 25.712 ms
Download: 94.31 Mbit/s
Upload: 19.51 Mbit/s
Sun Apr 21 00:45:01 CEST 2019
Ping: 24.415 ms
Download: 103.98 Mbit/s
Upload: 19.43 Mbit/s
Sun Apr 21 01:45:02 CEST 2019
Ping: 26.019 ms
Download: 188.96 Mbit/s
Upload: 18.64 Mbit/s
Sun Apr 21 02:45:02 CEST 2019
Ping: 24.887 ms
Download: 234.45 Mbit/s
Upload: 19.37 Mbit/s
Sun Apr 21 03:45:01 CEST 2019
Ping: 26.348 ms
Download: 239.68 Mbit/s
Upload: 19.26 Mbit/s
Sun Apr 21 04:45:01 CEST 2019
Ping: 24.937 ms
Download: 126.08 Mbit/s
Upload: 19.41 Mbit/s
Sun Apr 21 05:45:01 CEST 2019
Ping: 24.154 ms
Download: 152.00 Mbit/s
Upload: 19.03 Mbit/s
Sun Apr 21 06:45:01 CEST 2019
Ping: 23.921 ms
Download: 112.19 Mbit/s
Upload: 19.37 Mbit/s
Sun Apr 21 07:45:01 CEST 2019
Ping: 23.775 ms
Download: 103.71 Mbit/s
Upload: 19.65 Mbit/s
Sun Apr 21 08:45:01 CEST 2019
Ping: 23.973 ms
Download: 263.45 Mbit/s
Upload: 19.77 Mbit/s
Sun Apr 21 09:45:01 CEST 2019
Ping: 27.194 ms
Download: 238.86 Mbit/s
Upload: 19.42 Mbit/s
Sun Apr 21 10:45:01 CEST 2019
Ping: 23.69 ms
Download: 193.51 Mbit/s
Upload: 19.12 Mbit/s
Sun Apr 21 11:45:01 CEST 2019
Ping: 26.035 ms
Download: 124.98 Mbit/s
Upload: 19.26 Mbit/s
Sun Apr 21 12:45:01 CEST 2019
Ping: 26.455 ms
Download: 99.83 Mbit/s
Upload: 19.45 Mbit/s
Sun Apr 21 13:45:01 CEST 2019
Ping: 27.387 ms
Download: 0.36 Mbit/s
Upload: 0.42 Mbit/s
Sun Apr 21 14:45:01 CEST 2019
Ping: 24.393 ms
Download: 105.80 Mbit/s
Upload: 19.83 Mbit/s
Sun Apr 21 15:45:01 CEST 2019
Ping: 25.948 ms
Download: 238.70 Mbit/s
Upload: 18.77 Mbit/s
Sun Apr 21 16:45:01 CEST 2019
Ping: 24.772 ms
Download: 178.04 Mbit/s
Upload: 19.20 Mbit/s
Sun Apr 21 17:45:01 CEST 2019
Ping: 24.103 ms
Download: 150.45 Mbit/s
Upload: 19.49 Mbit/s
Sun Apr 21 18:45:01 CEST 2019
Ping: 25.887 ms
Download: 130.71 Mbit/s
Upload: 18.58 Mbit/s
Sun Apr 21 19:45:01 CEST 2019
Ping: 23.185 ms
Download: 154.43 Mbit/s
Upload: 18.51 Mbit/s
Sun Apr 21 20:45:01 CEST 2019
Ping: 26.754 ms
Download: 119.64 Mbit/s
Upload: 18.77 Mbit/s
Sun Apr 21 21:45:01 CEST 2019
Ping: 27.686 ms
Download: 0.45 Mbit/s
Upload: 0.31 Mbit/s
Sun Apr 21 22:45:01 CEST 2019
Ping: 23.089 ms
Download: 170.06 Mbit/s
Upload: 19.26 Mbit/s
Sun Apr 21 23:45:01 CEST 2019
Ping: 28.096 ms
Download: 214.66 Mbit/s
Upload: 18.91 Mbit/s
Mon Apr 22 00:45:01 CEST 2019
Ping: 25.454 ms
Download: 218.98 Mbit/s
Upload: 15.50 Mbit/s
Mon Apr 22 01:45:01 CEST 2019
Ping: 26.576 ms
Download: 0.30 Mbit/s
Upload: 0.24 Mbit/s
Mon Apr 22 02:45:01 CEST 2019
Ping: 24.399 ms
Download: 156.89 Mbit/s
Upload: 19.54 Mbit/s
Mon Apr 22 03:45:01 CEST 2019
Ping: 23.493 ms
Download: 125.70 Mbit/s
Upload: 19.25 Mbit/s
Mon Apr 22 04:45:01 CEST 2019
Ping: 24.335 ms
Download: 177.91 Mbit/s
Upload: 19.70 Mbit/s
Mon Apr 22 05:45:01 CEST 2019
Ping: 26.385 ms
Download: 228.18 Mbit/s
Upload: 19.40 Mbit/s
Mon Apr 22 06:45:01 CEST 2019
Ping: 27.192 ms
Download: 244.46 Mbit/s
Upload: 19.43 Mbit/s
Mon Apr 22 07:45:01 CEST 2019
Ping: 25.061 ms
Download: 126.65 Mbit/s
Upload: 18.99 Mbit/s
Mon Apr 22 08:45:01 CEST 2019
Ping: 26.764 ms
Download: 237.46 Mbit/s
Upload: 18.57 Mbit/s
Mon Apr 22 09:45:01 CEST 2019
Ping: 27.5 ms
Download: 122.37 Mbit/s
Upload: 19.42 Mbit/s
Mon Apr 22 10:45:01 CEST 2019
Ping: 25.946 ms
Download: 246.19 Mbit/s
Upload: 19.17 Mbit/s
Mon Apr 22 11:45:01 CEST 2019
Ping: 27.525 ms
Download: 229.35 Mbit/s
Upload: 19.17 Mbit/s
Mon Apr 22 12:45:01 CEST 2019
Ping: 24.071 ms
Download: 168.94 Mbit/s
Upload: 19.00 Mbit/s
Mon Apr 22 13:45:01 CEST 2019
Ping: 25.214 ms
Download: 113.12 Mbit/s
Upload: 19.32 Mbit/s
Mon Apr 22 14:45:01 CEST 2019
Ping: 28.404 ms
Download: 254.24 Mbit/s
Upload: 19.48 Mbit/s
Mon Apr 22 15:45:01 CEST 2019
Ping: 23.716 ms
Download: 153.82 Mbit/s
Upload: 19.10 Mbit/s
Mon Apr 22 16:45:01 CEST 2019
Ping: 25.96 ms
Download: 130.68 Mbit/s
Upload: 19.52 Mbit/s
Mon Apr 22 17:45:01 CEST 2019
Ping: 26.833 ms
Download: 257.35 Mbit/s
Upload: 19.69 Mbit/s
Mon Apr 22 18:45:01 CEST 2019
Ping: 27.213 ms
Download: 221.46 Mbit/s
Upload: 18.89 Mbit/s
Mon Apr 22 19:45:01 CEST 2019
Ping: 22.909 ms
Download: 160.89 Mbit/s
Upload: 18.94 Mbit/s
Mon Apr 22 20:45:01 CEST 2019
Ping: 24.74 ms
Download: 124.74 Mbit/s
Upload: 19.21 Mbit/s
Mon Apr 22 21:45:01 CEST 2019
Ping: 26.396 ms
Download: 244.02 Mbit/s
Upload: 19.71 Mbit/s
Mon Apr 22 22:45:01 CEST 2019
Ping: 25.626 ms
Download: 262.01 Mbit/s
Upload: 19.74 Mbit/s
Mon Apr 22 23:45:01 CEST 2019
Ping: 26.976 ms
Download: 220.89 Mbit/s
Upload: 18.97 Mbit/s
Tue Apr 23 00:45:01 CEST 2019
Ping: 25.908 ms
Download: 95.97 Mbit/s
Upload: 19.16 Mbit/s
Tue Apr 23 01:45:01 CEST 2019
Ping: 24.714 ms
Download: 149.95 Mbit/s
Upload: 19.02 Mbit/s
Tue Apr 23 02:45:01 CEST 2019
Ping: 25.861 ms
Download: 116.72 Mbit/s
Upload: 19.82 Mbit/s
Tue Apr 23 03:45:01 CEST 2019
Ping: 24.717 ms
Download: 112.92 Mbit/s
Upload: 19.61 Mbit/s
Tue Apr 23 04:45:02 CEST 2019
Ping: 26.759 ms
Download: 231.09 Mbit/s
Upload: 19.86 Mbit/s
Tue Apr 23 05:45:01 CEST 2019
Ping: 27.502 ms
Download: 223.90 Mbit/s
Upload: 19.58 Mbit/s
Tue Apr 23 06:45:01 CEST 2019
Ping: 27.66 ms
Download: 273.12 Mbit/s
Upload: 19.48 Mbit/s
Tue Apr 23 07:45:01 CEST 2019
Ping: 26.566 ms
Download: 265.04 Mbit/s
Upload: 19.67 Mbit/s
Tue Apr 23 08:45:01 CEST 2019
Ping: 24.611 ms
Download: 102.56 Mbit/s
Upload: 19.56 Mbit/s
Tue Apr 23 09:45:01 CEST 2019
Ping: 23.424 ms
Download: 130.39 Mbit/s
Upload: 19.64 Mbit/s
Tue Apr 23 10:45:01 CEST 2019
Ping: 24.339 ms
Download: 131.79 Mbit/s
Upload: 19.07 Mbit/s
Tue Apr 23 11:45:01 CEST 2019
Ping: 25.983 ms
Download: 260.27 Mbit/s
Upload: 19.52 Mbit/s
Tue Apr 23 12:45:01 CEST 2019
Ping: 25.895 ms
Download: 122.68 Mbit/s
Upload: 19.23 Mbit/s
Tue Apr 23 13:45:01 CEST 2019
Ping: 25.417 ms
Download: 227.39 Mbit/s
Upload: 19.46 Mbit/s
Tue Apr 23 14:45:01 CEST 2019
Ping: 26.503 ms
Download: 128.68 Mbit/s
Upload: 19.23 Mbit/s
Tue Apr 23 15:45:01 CEST 2019
Ping: 23.794 ms
Download: 147.39 Mbit/s
Upload: 19.44 Mbit/s
Tue Apr 23 16:45:01 CEST 2019
Ping: 23.905 ms
Download: 192.90 Mbit/s
Upload: 18.51 Mbit/s
Tue Apr 23 17:45:01 CEST 2019
Ping: 24.716 ms
Download: 174.97 Mbit/s
Upload: 19.85 Mbit/s
Tue Apr 23 18:45:01 CEST 2019
Ping: 24.959 ms
Download: 143.77 Mbit/s
Upload: 19.62 Mbit/s
Tue Apr 23 19:45:01 CEST 2019
Ping: 23.814 ms
Download: 174.72 Mbit/s
Upload: 19.01 Mbit/s
Tue Apr 23 20:45:01 CEST 2019
Ping: 26.29 ms
Download: 261.44 Mbit/s
Upload: 19.15 Mbit/s
Tue Apr 23 21:45:01 CEST 2019
Ping: 23.505 ms
Download: 199.76 Mbit/s
Upload: 19.26 Mbit/s
Tue Apr 23 22:45:01 CEST 2019
Ping: 24.915 ms
Download: 169.39 Mbit/s
Upload: 19.65 Mbit/s
Tue Apr 23 23:45:01 CEST 2019
Ping: 25.39 ms
Download: 145.54 Mbit/s
Upload: 19.68 Mbit/s
Wed Apr 24 00:45:01 CEST 2019
Ping: 29.002 ms
Download: 219.37 Mbit/s
Upload: 18.45 Mbit/s
Wed Apr 24 01:45:01 CEST 2019
Ping: 23.463 ms
Download: 132.51 Mbit/s
Upload: 19.23 Mbit/s
Wed Apr 24 02:45:01 CEST 2019
Ping: 24.024 ms
Download: 132.62 Mbit/s
Upload: 19.48 Mbit/s
Wed Apr 24 03:45:01 CEST 2019
Ping: 23.182 ms
Download: 137.42 Mbit/s
Upload: 19.87 Mbit/s
Wed Apr 24 04:45:02 CEST 2019
Ping: 25.754 ms
Download: 137.65 Mbit/s
Upload: 19.61 Mbit/s
Wed Apr 24 05:45:01 CEST 2019
Ping: 22.29 ms
Download: 143.46 Mbit/s
Upload: 19.50 Mbit/s
Wed Apr 24 06:45:01 CEST 2019
Ping: 24.58 ms
Download: 270.27 Mbit/s
Upload: 19.54 Mbit/s
Wed Apr 24 07:45:01 CEST 2019
Ping: 22.79 ms
Download: 120.83 Mbit/s
Upload: 18.81 Mbit/s
Wed Apr 24 08:45:01 CEST 2019
Ping: 25.26 ms
Download: 164.22 Mbit/s
Upload: 19.03 Mbit/s
Wed Apr 24 09:45:01 CEST 2019
Ping: 22.952 ms
Download: 144.20 Mbit/s
Upload: 19.65 Mbit/s
Wed Apr 24 10:45:01 CEST 2019
Ping: 26.13 ms
Download: 221.30 Mbit/s
Upload: 19.56 Mbit/s
Wed Apr 24 11:45:01 CEST 2019
Ping: 24.095 ms
Download: 117.73 Mbit/s
Upload: 19.50 Mbit/s
Wed Apr 24 12:45:01 CEST 2019
Ping: 23.849 ms
Download: 240.10 Mbit/s
Upload: 18.56 Mbit/s
Wed Apr 24 13:45:01 CEST 2019
Ping: 23.421 ms
Download: 146.61 Mbit/s
Upload: 19.63 Mbit/s
Wed Apr 24 14:45:01 CEST 2019
Ping: 23.985 ms
Download: 110.74 Mbit/s
Upload: 19.45 Mbit/s
Wed Apr 24 15:45:01 CEST 2019
Ping: 23.207 ms
Download: 140.47 Mbit/s
Upload: 19.80 Mbit/s
Wed Apr 24 16:45:01 CEST 2019
Ping: 26.888 ms
Download: 244.95 Mbit/s
Upload: 18.92 Mbit/s
Wed Apr 24 17:45:01 CEST 2019
Ping: 24.894 ms
Download: 242.11 Mbit/s
Upload: 18.78 Mbit/s
Wed Apr 24 18:45:01 CEST 2019
Ping: 25.049 ms
Download: 151.54 Mbit/s
Upload: 19.24 Mbit/s
Wed Apr 24 19:45:01 CEST 2019
Ping: 23.48 ms
Download: 141.31 Mbit/s
Upload: 19.12 Mbit/s
Wed Apr 24 20:45:01 CEST 2019
Ping: 23.56 ms
Download: 141.40 Mbit/s
Upload: 18.95 Mbit/s
Wed Apr 24 21:45:01 CEST 2019
Ping: 24.341 ms
Download: 220.47 Mbit/s
Upload: 19.12 Mbit/s
Wed Apr 24 22:45:01 CEST 2019
Ping: 26.666 ms
Download: 160.85 Mbit/s
Upload: 18.97 Mbit/s
Wed Apr 24 23:45:01 CEST 2019
Ping: 23.086 ms
Download: 83.98 Mbit/s
Upload: 19.73 Mbit/s
Thu Apr 25 00:45:01 CEST 2019
Ping: 27.256 ms
Download: 139.67 Mbit/s
Upload: 19.26 Mbit/s
Thu Apr 25 01:45:01 CEST 2019
Ping: 24.216 ms
Download: 259.88 Mbit/s
Upload: 18.42 Mbit/s
Thu Apr 25 02:45:01 CEST 2019
Ping: 25.539 ms
Download: 225.24 Mbit/s
Upload: 19.77 Mbit/s
Thu Apr 25 03:45:01 CEST 2019
Ping: 22.87 ms
Download: 144.74 Mbit/s
Upload: 19.31 Mbit/s
Thu Apr 25 04:45:01 CEST 2019
Ping: 23.076 ms
Download: 137.48 Mbit/s
Upload: 19.55 Mbit/s
Thu Apr 25 05:45:02 CEST 2019
Ping: 23.779 ms
Download: 245.24 Mbit/s
Upload: 19.54 Mbit/s
Thu Apr 25 06:45:01 CEST 2019
Ping: 25.314 ms
Download: 121.80 Mbit/s
Upload: 19.43 Mbit/s
Thu Apr 25 07:45:01 CEST 2019
Ping: 22.639 ms
Download: 260.53 Mbit/s
Upload: 19.39 Mbit/s
Thu Apr 25 08:45:01 CEST 2019
Ping: 23.312 ms
Download: 109.60 Mbit/s
Upload: 19.01 Mbit/s
Thu Apr 25 09:45:01 CEST 2019
Ping: 22.581 ms
Download: 121.22 Mbit/s
Upload: 18.78 Mbit/s
Thu Apr 25 10:45:01 CEST 2019
Ping: 26.38 ms
Download: 224.85 Mbit/s
Upload: 19.38 Mbit/s
Thu Apr 25 11:45:01 CEST 2019
Ping: 23.82 ms
Download: 172.93 Mbit/s
Upload: 19.55 Mbit/s
Thu Apr 25 12:45:02 CEST 2019
Ping: 25.508 ms
Download: 246.85 Mbit/s
Upload: 19.26 Mbit/s
Thu Apr 25 13:45:01 CEST 2019
Ping: 23.818 ms
Download: 250.35 Mbit/s
Upload: 19.66 Mbit/s
Thu Apr 25 14:45:01 CEST 2019
Ping: 27.667 ms
Download: 227.55 Mbit/s
Upload: 18.72 Mbit/s
Thu Apr 25 15:45:01 CEST 2019
Ping: 24.252 ms
Download: 242.27 Mbit/s
Upload: 19.76 Mbit/s
Thu Apr 25 16:45:01 CEST 2019
Ping: 26.308 ms
Download: 263.45 Mbit/s
Upload: 19.68 Mbit/s
Thu Apr 25 17:45:01 CEST 2019
Ping: 24.296 ms
Download: 240.33 Mbit/s
Upload: 19.64 Mbit/s
Thu Apr 25 18:45:01 CEST 2019
Ping: 28.375 ms
Download: 272.15 Mbit/s
Upload: 19.10 Mbit/s
Thu Apr 25 19:45:01 CEST 2019
Ping: 23.302 ms
Download: 87.67 Mbit/s
Upload: 19.24 Mbit/s
Thu Apr 25 20:45:01 CEST 2019
Ping: 25.143 ms
Download: 89.89 Mbit/s
Upload: 19.54 Mbit/s
Thu Apr 25 21:45:01 CEST 2019
Ping: 23.238 ms
Download: 255.13 Mbit/s
Upload: 19.12 Mbit/s
Thu Apr 25 22:45:01 CEST 2019
Ping: 27.524 ms
Download: 237.89 Mbit/s
Upload: 19.53 Mbit/s
Thu Apr 25 23:45:01 CEST 2019
Ping: 24.234 ms
Download: 230.35 Mbit/s
Upload: 19.07 Mbit/s
Fri Apr 26 00:45:01 CEST 2019
Ping: 26.156 ms
Download: 100.42 Mbit/s
Upload: 19.57 Mbit/s
Fri Apr 26 01:45:01 CEST 2019
Ping: 23.684 ms
Download: 120.27 Mbit/s
Upload: 18.42 Mbit/s
Fri Apr 26 02:45:01 CEST 2019
Ping: 22.907 ms
Download: 129.08 Mbit/s
Upload: 19.49 Mbit/s
Fri Apr 26 03:45:02 CEST 2019
Ping: 24.051 ms
Download: 243.51 Mbit/s
Upload: 19.67 Mbit/s
Fri Apr 26 04:45:01 CEST 2019
Ping: 26.234 ms
Download: 236.80 Mbit/s
Upload: 19.33 Mbit/s
Fri Apr 26 05:45:01 CEST 2019
Ping: 24.017 ms
Download: 139.10 Mbit/s
Upload: 19.67 Mbit/s
Fri Apr 26 06:45:01 CEST 2019
Ping: 23.185 ms
Download: 188.14 Mbit/s
Upload: 19.38 Mbit/s
Fri Apr 26 07:45:01 CEST 2019
Ping: 23.758 ms
Download: 153.33 Mbit/s
Upload: 19.61 Mbit/s
Fri Apr 26 08:45:01 CEST 2019
Ping: 24.236 ms
Download: 171.70 Mbit/s
Upload: 19.63 Mbit/s
Fri Apr 26 09:45:02 CEST 2019
Ping: 24.021 ms
Download: 182.96 Mbit/s
Upload: 19.52 Mbit/s
Fri Apr 26 10:45:01 CEST 2019
Ping: 24.344 ms
Download: 124.18 Mbit/s
Upload: 19.70 Mbit/s
Fri Apr 26 11:45:01 CEST 2019
Ping: 23.233 ms
Download: 109.33 Mbit/s
Upload: 18.67 Mbit/s
Fri Apr 26 12:45:01 CEST 2019
Ping: 25.637 ms
Download: 133.47 Mbit/s
Upload: 19.81 Mbit/s
Fri Apr 26 13:45:01 CEST 2019
Ping: 22.632 ms
Download: 240.33 Mbit/s
Upload: 19.18 Mbit/s
Fri Apr 26 14:45:01 CEST 2019
Ping: 26.122 ms
Download: 184.61 Mbit/s
Upload: 19.73 Mbit/s
Fri Apr 26 15:45:01 CEST 2019
Ping: 23.904 ms
Download: 160.86 Mbit/s
Upload: 19.71 Mbit/s
Fri Apr 26 16:45:01 CEST 2019
Ping: 26.168 ms
Download: 156.17 Mbit/s
Upload: 19.66 Mbit/s
Fri Apr 26 17:45:02 CEST 2019
Ping: 23.338 ms
Download: 216.44 Mbit/s
Upload: 19.29 Mbit/s
Fri Apr 26 18:45:01 CEST 2019
Ping: 26.242 ms
Download: 223.39 Mbit/s
Upload: 19.81 Mbit/s
Fri Apr 26 19:45:01 CEST 2019
Ping: 26.694 ms
Download: 122.77 Mbit/s
Upload: 19.07 Mbit/s
Fri Apr 26 20:45:01 CEST 2019
Ping: 27.909 ms
Download: 220.69 Mbit/s
Upload: 19.79 Mbit/s
Fri Apr 26 21:45:01 CEST 2019
Ping: 23.616 ms
Download: 170.67 Mbit/s
Upload: 19.52 Mbit/s
Fri Apr 26 22:45:01 CEST 2019
Ping: 26.674 ms
Download: 137.36 Mbit/s
Upload: 19.37 Mbit/s
Fri Apr 26 23:45:01 CEST 2019
Ping: 24.905 ms
Download: 212.91 Mbit/s
Upload: 19.27 Mbit/s
Sat Apr 27 00:45:02 CEST 2019
Ping: 23.534 ms
Download: 133.75 Mbit/s
Upload: 18.54 Mbit/s
Sat Apr 27 01:45:01 CEST 2019
Ping: 23.213 ms
Download: 122.81 Mbit/s
Upload: 19.33 Mbit/s
Sat Apr 27 02:45:01 CEST 2019
Ping: 24.959 ms
Download: 173.34 Mbit/s
Upload: 19.55 Mbit/s
Sat Apr 27 03:45:01 CEST 2019
Ping: 24.413 ms
Download: 242.93 Mbit/s
Upload: 19.70 Mbit/s
Sat Apr 27 04:45:01 CEST 2019
Ping: 26.028 ms
Download: 221.54 Mbit/s
Upload: 19.67 Mbit/s
Sat Apr 27 05:45:01 CEST 2019
Ping: 25.367 ms
Download: 227.75 Mbit/s
Upload: 19.33 Mbit/s
Sat Apr 27 06:45:01 CEST 2019
Ping: 23.735 ms
Download: 154.05 Mbit/s
Upload: 19.30 Mbit/s
Sat Apr 27 07:45:01 CEST 2019
Ping: 26.334 ms
Download: 228.37 Mbit/s
Upload: 19.78 Mbit/s
Sat Apr 27 08:45:01 CEST 2019
Ping: 27.911 ms
Download: 226.90 Mbit/s
Upload: 18.76 Mbit/s
Sat Apr 27 09:45:01 CEST 2019
Ping: 23.546 ms
Download: 144.87 Mbit/s
Upload: 19.64 Mbit/s
Sat Apr 27 10:45:01 CEST 2019
Ping: 24.536 ms
Download: 125.28 Mbit/s
Upload: 19.54 Mbit/s
Sat Apr 27 11:45:01 CEST 2019
Ping: 26.944 ms
Download: 238.06 Mbit/s
Upload: 19.47 Mbit/s
Sat Apr 27 12:45:01 CEST 2019
Ping: 24.546 ms
Download: 75.17 Mbit/s
Upload: 19.79 Mbit/s
Sat Apr 27 13:45:01 CEST 2019
Ping: 24.353 ms
Download: 225.99 Mbit/s
Upload: 18.85 Mbit/s
Sat Apr 27 14:45:01 CEST 2019
Ping: 27.587 ms
Download: 260.70 Mbit/s
Upload: 18.85 Mbit/s
Sat Apr 27 15:45:01 CEST 2019
Ping: 24.518 ms
Download: 123.52 Mbit/s
Upload: 19.31 Mbit/s
Sat Apr 27 16:45:01 CEST 2019
Ping: 24.456 ms
Download: 66.17 Mbit/s
Upload: 19.78 Mbit/s
Sat Apr 27 17:45:01 CEST 2019
Ping: 24.944 ms
Download: 166.02 Mbit/s
Upload: 18.11 Mbit/s
Sat Apr 27 18:45:01 CEST 2019
Ping: 25.851 ms
Download: 145.18 Mbit/s
Upload: 19.53 Mbit/s
Sat Apr 27 19:45:01 CEST 2019
Ping: 24.632 ms
Download: 109.60 Mbit/s
Upload: 19.34 Mbit/s
Sat Apr 27 20:45:01 CEST 2019
Ping: 27.104 ms
Download: 222.15 Mbit/s
Upload: 19.31 Mbit/s
Sat Apr 27 21:45:01 CEST 2019
Ping: 24.864 ms
Download: 144.17 Mbit/s
Upload: 19.07 Mbit/s
Sat Apr 27 22:45:01 CEST 2019
Ping: 26.038 ms
Download: 79.60 Mbit/s
Upload: 19.02 Mbit/s
Sat Apr 27 23:45:01 CEST 2019
Ping: 28.902 ms
Download: 240.86 Mbit/s
Upload: 18.53 Mbit/s
Sun Apr 28 00:45:01 CEST 2019
Ping: 27.299 ms
Download: 144.48 Mbit/s
Upload: 19.15 Mbit/s
Sun Apr 28 01:45:01 CEST 2019
Ping: 23.434 ms
Download: 155.58 Mbit/s
Upload: 19.66 Mbit/s
Sun Apr 28 02:45:01 CEST 2019
Ping: 26.546 ms
Download: 263.13 Mbit/s
Upload: 19.59 Mbit/s
Sun Apr 28 03:45:01 CEST 2019
Ping: 23.418 ms
Download: 253.06 Mbit/s
Upload: 19.67 Mbit/s
Sun Apr 28 04:45:01 CEST 2019
Ping: 25.989 ms
Download: 138.43 Mbit/s
Upload: 18.91 Mbit/s
Sun Apr 28 05:45:01 CEST 2019
Ping: 23.308 ms
Download: 229.13 Mbit/s
Upload: 19.38 Mbit/s
Sun Apr 28 06:45:01 CEST 2019
Ping: 25.783 ms
Download: 111.66 Mbit/s
Upload: 19.07 Mbit/s
Sun Apr 28 07:45:01 CEST 2019
Ping: 23.803 ms
Download: 166.78 Mbit/s
Upload: 19.48 Mbit/s
Sun Apr 28 08:45:01 CEST 2019
Ping: 24.377 ms
Download: 109.29 Mbit/s
Upload: 18.99 Mbit/s
Sun Apr 28 09:45:01 CEST 2019
Ping: 25.561 ms
Download: 140.36 Mbit/s
Upload: 14.13 Mbit/s
Sun Apr 28 10:45:01 CEST 2019
Ping: 27.012 ms
Download: 234.69 Mbit/s
Upload: 19.58 Mbit/s
Sun Apr 28 11:45:01 CEST 2019
Ping: 28.208 ms
Download: 114.31 Mbit/s
Upload: 18.72 Mbit/s
Sun Apr 28 12:45:01 CEST 2019
Ping: 29.011 ms
Download: 222.60 Mbit/s
Upload: 19.34 Mbit/s
Sun Apr 28 13:45:01 CEST 2019
Ping: 24.172 ms
Download: 95.98 Mbit/s
Upload: 19.55 Mbit/s
Sun Apr 28 14:45:01 CEST 2019
Ping: 23.653 ms
Download: 94.18 Mbit/s
Upload: 15.72 Mbit/s
Sun Apr 28 15:45:01 CEST 2019
Ping: 23.743 ms
Download: 157.85 Mbit/s
Upload: 19.27 Mbit/s
Sun Apr 28 16:45:01 CEST 2019
Ping: 23.149 ms
Download: 97.45 Mbit/s
Upload: 19.08 Mbit/s
Sun Apr 28 17:45:01 CEST 2019
Ping: 27.463 ms
Download: 166.12 Mbit/s
Upload: 19.04 Mbit/s
Sun Apr 28 18:45:01 CEST 2019
Ping: 27.731 ms
Download: 191.36 Mbit/s
Upload: 18.82 Mbit/s
Sun Apr 28 19:45:01 CEST 2019
Ping: 25.253 ms
Download: 114.77 Mbit/s
Upload: 19.59 Mbit/s
Sun Apr 28 20:45:01 CEST 2019
Ping: 29.568 ms
Download: 209.96 Mbit/s
Upload: 19.36 Mbit/s
Sun Apr 28 21:45:01 CEST 2019
Ping: 26.529 ms
Download: 206.88 Mbit/s
Upload: 19.12 Mbit/s
Sun Apr 28 22:45:02 CEST 2019
Ping: 27.715 ms
Download: 145.62 Mbit/s
Upload: 19.72 Mbit/s
Sun Apr 28 23:45:01 CEST 2019
Ping: 27.408 ms
Download: 276.63 Mbit/s
Upload: 19.87 Mbit/s
Mon Apr 29 00:45:01 CEST 2019
Ping: 25.929 ms
Download: 86.20 Mbit/s
Upload: 19.23 Mbit/s
Mon Apr 29 01:45:01 CEST 2019
Ping: 25.558 ms
Download: 144.22 Mbit/s
Upload: 19.77 Mbit/s
Mon Apr 29 02:45:01 CEST 2019
Ping: 26.354 ms
Download: 151.48 Mbit/s
Upload: 19.63 Mbit/s
Mon Apr 29 03:45:01 CEST 2019
Ping: 25.58 ms
Download: 224.79 Mbit/s
Upload: 19.27 Mbit/s
Mon Apr 29 04:45:01 CEST 2019
Ping: 23.814 ms
Download: 185.29 Mbit/s
Upload: 19.72 Mbit/s
Mon Apr 29 05:45:02 CEST 2019
Ping: 23.099 ms
Download: 146.31 Mbit/s
Upload: 19.58 Mbit/s
Mon Apr 29 06:45:01 CEST 2019
Ping: 24.317 ms
Download: 144.73 Mbit/s
Upload: 19.12 Mbit/s
Mon Apr 29 07:45:01 CEST 2019
Ping: 24.414 ms
Download: 172.20 Mbit/s
Upload: 19.42 Mbit/s
Mon Apr 29 08:45:01 CEST 2019
Ping: 23.248 ms
Download: 121.74 Mbit/s
Upload: 19.39 Mbit/s
Mon Apr 29 09:45:01 CEST 2019
Ping: 26.59 ms
Download: 232.24 Mbit/s
Upload: 19.26 Mbit/s
Mon Apr 29 10:45:01 CEST 2019
Ping: 23.784 ms
Download: 170.74 Mbit/s
Upload: 19.82 Mbit/s
Mon Apr 29 11:45:01 CEST 2019
Ping: 25.162 ms
Download: 151.57 Mbit/s
Upload: 19.09 Mbit/s
Mon Apr 29 12:45:01 CEST 2019
Ping: 23.612 ms
Download: 137.08 Mbit/s
Upload: 19.71 Mbit/s
Mon Apr 29 13:45:01 CEST 2019
Ping: 23.684 ms
Download: 137.30 Mbit/s
Upload: 19.71 Mbit/s
Mon Apr 29 14:45:01 CEST 2019
Ping: 23.48 ms
Download: 147.40 Mbit/s
Upload: 19.15 Mbit/s
Mon Apr 29 15:45:01 CEST 2019
Ping: 25.898 ms
Download: 178.27 Mbit/s
Upload: 18.85 Mbit/s
Mon Apr 29 16:45:01 CEST 2019
Ping: 26.951 ms
Download: 223.17 Mbit/s
Upload: 19.54 Mbit/s
Mon Apr 29 17:45:02 CEST 2019
Ping: 23.066 ms
Download: 169.32 Mbit/s
Upload: 18.92 Mbit/s
Mon Apr 29 18:45:01 CEST 2019
Ping: 23.758 ms
Download: 145.65 Mbit/s
Upload: 19.23 Mbit/s
Mon Apr 29 19:45:01 CEST 2019
Ping: 24.783 ms
Download: 135.62 Mbit/s
Upload: 19.69 Mbit/s
Mon Apr 29 20:45:01 CEST 2019
Ping: 23.44 ms
Download: 142.81 Mbit/s
Upload: 19.65 Mbit/s
Mon Apr 29 21:45:01 CEST 2019
Ping: 24.271 ms
Download: 139.47 Mbit/s
Upload: 19.22 Mbit/s
Mon Apr 29 22:45:01 CEST 2019
Ping: 24.496 ms
Download: 135.86 Mbit/s
Upload: 19.26 Mbit/s
Mon Apr 29 23:45:01 CEST 2019
Ping: 29.248 ms
Download: 236.66 Mbit/s
Upload: 19.19 Mbit/s
Tue Apr 30 00:45:01 CEST 2019
Ping: 27.193 ms
Download: 250.23 Mbit/s
Upload: 19.46 Mbit/s
Tue Apr 30 01:45:01 CEST 2019
Ping: 26.533 ms
Download: 257.03 Mbit/s
Upload: 19.15 Mbit/s
Tue Apr 30 02:45:01 CEST 2019
Ping: 26.193 ms
Download: 213.87 Mbit/s
Upload: 19.64 Mbit/s
Tue Apr 30 03:45:01 CEST 2019
Ping: 23.286 ms
Download: 132.13 Mbit/s
Upload: 19.88 Mbit/s
Tue Apr 30 04:45:01 CEST 2019
Ping: 26.207 ms
Download: 243.57 Mbit/s
Upload: 19.76 Mbit/s
Tue Apr 30 05:45:01 CEST 2019
Ping: 25.185 ms
Download: 177.12 Mbit/s
Upload: 19.81 Mbit/s
Tue Apr 30 06:45:01 CEST 2019
Ping: 23.505 ms
Download: 116.61 Mbit/s
Upload: 19.33 Mbit/s
Tue Apr 30 07:45:01 CEST 2019
Ping: 24.248 ms
Download: 131.47 Mbit/s
Upload: 19.71 Mbit/s
Tue Apr 30 08:45:01 CEST 2019
Ping: 24.057 ms
Download: 231.13 Mbit/s
Upload: 19.27 Mbit/s
Tue Apr 30 09:45:02 CEST 2019
Ping: 23.651 ms
Download: 179.19 Mbit/s
Upload: 19.60 Mbit/s
Tue Apr 30 10:45:01 CEST 2019
Ping: 24.385 ms
Download: 160.69 Mbit/s
Upload: 19.48 Mbit/s
Tue Apr 30 11:45:01 CEST 2019
Ping: 26.129 ms
Download: 123.80 Mbit/s
Upload: 19.61 Mbit/s
Tue Apr 30 12:45:01 CEST 2019
Ping: 24.282 ms
Download: 238.60 Mbit/s
Upload: 19.36 Mbit/s
Tue Apr 30 13:45:01 CEST 2019
Ping: 24.055 ms
Download: 156.57 Mbit/s
Upload: 19.73 Mbit/s
Tue Apr 30 14:45:01 CEST 2019
Ping: 25.525 ms
Download: 129.50 Mbit/s
Upload: 19.12 Mbit/s
Tue Apr 30 15:45:01 CEST 2019
Ping: 24.57 ms
Download: 111.06 Mbit/s
Upload: 19.25 Mbit/s
Tue Apr 30 16:45:01 CEST 2019
Ping: 23.49 ms
Download: 159.74 Mbit/s
Upload: 15.06 Mbit/s
Tue Apr 30 17:45:01 CEST 2019
Ping: 25.758 ms
Download: 134.97 Mbit/s
Upload: 19.71 Mbit/s
Tue Apr 30 18:45:01 CEST 2019
Ping: 24.557 ms
Download: 132.32 Mbit/s
Upload: 18.73 Mbit/s
Tue Apr 30 19:45:01 CEST 2019
Ping: 23.596 ms
Download: 97.59 Mbit/s
Upload: 19.67 Mbit/s
Tue Apr 30 20:45:01 CEST 2019
Ping: 23.809 ms
Download: 225.13 Mbit/s
Upload: 18.26 Mbit/s
Tue Apr 30 21:45:01 CEST 2019
Ping: 27.589 ms
Download: 254.95 Mbit/s
Upload: 19.54 Mbit/s
Tue Apr 30 22:45:02 CEST 2019
Ping: 24.194 ms
Download: 236.97 Mbit/s
Upload: 19.23 Mbit/s
Tue Apr 30 23:45:02 CEST 2019
Ping: 26.859 ms
Download: 153.77 Mbit/s
Upload: 19.19 Mbit/s
