Wed May  1 00:45:01 CEST 2019
Ping: 26.212 ms
Download: 233.54 Mbit/s
Upload: 19.83 Mbit/s
Wed May  1 01:45:01 CEST 2019
Ping: 24.252 ms
Download: 118.73 Mbit/s
Upload: 19.37 Mbit/s
Wed May  1 02:45:01 CEST 2019
Ping: 24.414 ms
Download: 213.56 Mbit/s
Upload: 18.09 Mbit/s
Wed May  1 03:45:01 CEST 2019
Ping: 23.563 ms
Download: 122.76 Mbit/s
Upload: 19.29 Mbit/s
Wed May  1 04:45:01 CEST 2019
Ping: 24.285 ms
Download: 255.14 Mbit/s
Upload: 19.32 Mbit/s
Wed May  1 05:45:01 CEST 2019
Ping: 23.221 ms
Download: 169.93 Mbit/s
Upload: 19.55 Mbit/s
Wed May  1 06:45:01 CEST 2019
Ping: 24.411 ms
Download: 217.74 Mbit/s
Upload: 19.91 Mbit/s
Wed May  1 07:45:01 CEST 2019
Ping: 23.898 ms
Download: 122.64 Mbit/s
Upload: 19.35 Mbit/s
Wed May  1 08:45:01 CEST 2019
Ping: 24.211 ms
Download: 225.57 Mbit/s
Upload: 19.23 Mbit/s
Wed May  1 09:45:01 CEST 2019
Ping: 23.468 ms
Download: 135.12 Mbit/s
Upload: 19.37 Mbit/s
Wed May  1 10:45:01 CEST 2019
Ping: 23.611 ms
Download: 90.97 Mbit/s
Upload: 19.26 Mbit/s
Wed May  1 11:45:01 CEST 2019
Ping: 24.399 ms
Download: 160.17 Mbit/s
Upload: 19.42 Mbit/s
Wed May  1 12:45:01 CEST 2019
Ping: 25.843 ms
Download: 246.28 Mbit/s
Upload: 19.66 Mbit/s
Wed May  1 13:45:01 CEST 2019
Ping: 25.474 ms
Download: 113.07 Mbit/s
Upload: 19.35 Mbit/s
Wed May  1 14:45:01 CEST 2019
Ping: 27.711 ms
Download: 242.33 Mbit/s
Upload: 19.44 Mbit/s
Wed May  1 15:45:01 CEST 2019
Ping: 24.308 ms
Download: 129.58 Mbit/s
Upload: 19.51 Mbit/s
Wed May  1 16:45:01 CEST 2019
Ping: 24.587 ms
Download: 109.91 Mbit/s
Upload: 14.15 Mbit/s
Wed May  1 17:45:01 CEST 2019
Ping: 23.037 ms
Download: 126.14 Mbit/s
Upload: 19.61 Mbit/s
Wed May  1 18:45:01 CEST 2019
Ping: 23.465 ms
Download: 114.76 Mbit/s
Upload: 19.57 Mbit/s
Wed May  1 19:45:01 CEST 2019
Ping: 23.536 ms
Download: 165.88 Mbit/s
Upload: 19.59 Mbit/s
Wed May  1 20:45:01 CEST 2019
Ping: 24.166 ms
Download: 129.68 Mbit/s
Upload: 19.54 Mbit/s
Wed May  1 21:45:01 CEST 2019
Ping: 23.419 ms
Download: 137.57 Mbit/s
Upload: 19.74 Mbit/s
Wed May  1 22:45:01 CEST 2019
Ping: 23.383 ms
Download: 236.21 Mbit/s
Upload: 19.65 Mbit/s
Wed May  1 23:45:01 CEST 2019
Ping: 27.44 ms
Download: 234.27 Mbit/s
Upload: 19.43 Mbit/s
Thu May  2 00:45:01 CEST 2019
Ping: 25.353 ms
Download: 178.71 Mbit/s
Upload: 19.31 Mbit/s
Thu May  2 01:45:01 CEST 2019
Ping: 23.381 ms
Download: 178.61 Mbit/s
Upload: 19.38 Mbit/s
Thu May  2 02:45:01 CEST 2019
Ping: 23.552 ms
Download: 151.58 Mbit/s
Upload: 19.02 Mbit/s
Thu May  2 03:45:01 CEST 2019
Ping: 25.441 ms
Download: 202.09 Mbit/s
Upload: 19.34 Mbit/s
Thu May  2 04:45:01 CEST 2019
Ping: 26.103 ms
Download: 283.37 Mbit/s
Upload: 19.08 Mbit/s
Thu May  2 05:45:01 CEST 2019
Ping: 23.634 ms
Download: 151.02 Mbit/s
Upload: 19.30 Mbit/s
Thu May  2 06:45:01 CEST 2019
Ping: 26.544 ms
Download: 0.59 Mbit/s
Upload: 0.43 Mbit/s
Thu May  2 07:45:01 CEST 2019
Ping: 26.684 ms
Download: 234.72 Mbit/s
Upload: 18.97 Mbit/s
Thu May  2 08:45:01 CEST 2019
Ping: 25.327 ms
Download: 157.90 Mbit/s
Upload: 19.90 Mbit/s
Thu May  2 09:45:01 CEST 2019
Ping: 23.638 ms
Download: 178.48 Mbit/s
Upload: 19.12 Mbit/s
Thu May  2 10:45:01 CEST 2019
Ping: 26.769 ms
Download: 243.14 Mbit/s
Upload: 19.58 Mbit/s
Thu May  2 11:45:01 CEST 2019
Ping: 27.697 ms
Download: 250.35 Mbit/s
Upload: 19.23 Mbit/s
Thu May  2 12:45:01 CEST 2019
Ping: 24.415 ms
Download: 160.95 Mbit/s
Upload: 19.64 Mbit/s
Thu May  2 13:45:01 CEST 2019
Ping: 27.477 ms
Download: 232.84 Mbit/s
Upload: 19.60 Mbit/s
Thu May  2 14:45:01 CEST 2019
Ping: 23.065 ms
Download: 127.56 Mbit/s
Upload: 19.73 Mbit/s
Thu May  2 15:45:01 CEST 2019
Ping: 25.642 ms
Download: 155.21 Mbit/s
Upload: 19.40 Mbit/s
Thu May  2 16:45:01 CEST 2019
Ping: 22.713 ms
Download: 118.41 Mbit/s
Upload: 19.41 Mbit/s
Thu May  2 17:45:01 CEST 2019
Ping: 24.653 ms
Download: 179.94 Mbit/s
Upload: 19.70 Mbit/s
Thu May  2 18:45:01 CEST 2019
Ping: 24.233 ms
Download: 240.16 Mbit/s
Upload: 19.38 Mbit/s
Thu May  2 19:45:01 CEST 2019
Ping: 25.66 ms
Download: 229.34 Mbit/s
Upload: 18.77 Mbit/s
Thu May  2 20:45:02 CEST 2019
Ping: 23.697 ms
Download: 140.91 Mbit/s
Upload: 19.79 Mbit/s
Thu May  2 21:45:01 CEST 2019
Ping: 25.416 ms
Download: 141.58 Mbit/s
Upload: 19.22 Mbit/s
Thu May  2 22:45:01 CEST 2019
Ping: 23.513 ms
Download: 102.69 Mbit/s
Upload: 19.23 Mbit/s
Thu May  2 23:45:01 CEST 2019
Ping: 25.89 ms
Download: 262.71 Mbit/s
Upload: 19.43 Mbit/s
Fri May  3 00:45:01 CEST 2019
Ping: 26.366 ms
Download: 122.18 Mbit/s
Upload: 19.56 Mbit/s
Fri May  3 01:45:01 CEST 2019
Ping: 28.051 ms
Download: 214.88 Mbit/s
Upload: 19.00 Mbit/s
Fri May  3 02:45:01 CEST 2019
Ping: 23.277 ms
Download: 186.23 Mbit/s
Upload: 19.84 Mbit/s
Fri May  3 03:45:02 CEST 2019
Ping: 26.394 ms
Download: 187.98 Mbit/s
Upload: 19.49 Mbit/s
Fri May  3 04:45:01 CEST 2019
Ping: 25.023 ms
Download: 132.29 Mbit/s
Upload: 19.37 Mbit/s
Fri May  3 05:45:01 CEST 2019
Ping: 23.322 ms
Download: 162.74 Mbit/s
Upload: 19.13 Mbit/s
Fri May  3 06:45:01 CEST 2019
Ping: 23.085 ms
Download: 224.41 Mbit/s
Upload: 18.85 Mbit/s
Fri May  3 07:45:01 CEST 2019
Ping: 23.21 ms
Download: 195.96 Mbit/s
Upload: 19.66 Mbit/s
Fri May  3 08:45:01 CEST 2019
Ping: 27.073 ms
Download: 228.79 Mbit/s
Upload: 18.90 Mbit/s
Fri May  3 09:45:01 CEST 2019
Ping: 23.568 ms
Download: 139.38 Mbit/s
Upload: 19.08 Mbit/s
Fri May  3 10:45:01 CEST 2019
Ping: 23.252 ms
Download: 142.65 Mbit/s
Upload: 19.44 Mbit/s
Fri May  3 11:45:01 CEST 2019
Ping: 23.818 ms
Download: 137.48 Mbit/s
Upload: 19.73 Mbit/s
Fri May  3 12:45:01 CEST 2019
Ping: 24.641 ms
Download: 256.17 Mbit/s
Upload: 19.31 Mbit/s
Fri May  3 13:45:01 CEST 2019
Ping: 23.841 ms
Download: 124.29 Mbit/s
Upload: 19.45 Mbit/s
Fri May  3 14:45:01 CEST 2019
Ping: 22.335 ms
Download: 243.59 Mbit/s
Upload: 19.45 Mbit/s
Fri May  3 15:45:01 CEST 2019
Ping: 24.472 ms
Download: 246.61 Mbit/s
Upload: 19.49 Mbit/s
Fri May  3 16:45:01 CEST 2019
Ping: 25.986 ms
Download: 107.50 Mbit/s
Upload: 19.83 Mbit/s
Fri May  3 17:45:01 CEST 2019
Ping: 27.492 ms
Download: 238.18 Mbit/s
Upload: 19.23 Mbit/s
Fri May  3 18:45:01 CEST 2019
Ping: 24.333 ms
Download: 147.55 Mbit/s
Upload: 18.71 Mbit/s
Fri May  3 19:45:02 CEST 2019
Ping: 23.575 ms
Download: 103.74 Mbit/s
Upload: 19.51 Mbit/s
Fri May  3 20:45:02 CEST 2019
Ping: 23.586 ms
Download: 220.81 Mbit/s
Upload: 18.93 Mbit/s
Fri May  3 21:45:01 CEST 2019
Ping: 24.487 ms
Download: 105.23 Mbit/s
Upload: 18.93 Mbit/s
Fri May  3 22:45:01 CEST 2019
Ping: 26.262 ms
Download: 250.82 Mbit/s
Upload: 19.48 Mbit/s
Fri May  3 23:45:01 CEST 2019
Ping: 27.414 ms
Download: 221.36 Mbit/s
Upload: 19.18 Mbit/s
Sat May  4 00:45:01 CEST 2019
Ping: 26.999 ms
Download: 225.60 Mbit/s
Upload: 19.48 Mbit/s
Sat May  4 01:45:01 CEST 2019
Ping: 23.283 ms
Download: 133.98 Mbit/s
Upload: 19.65 Mbit/s
Sat May  4 02:45:01 CEST 2019
Ping: 22.622 ms
Download: 221.22 Mbit/s
Upload: 19.13 Mbit/s
Sat May  4 03:45:01 CEST 2019
Ping: 24.912 ms
Download: 228.42 Mbit/s
Upload: 19.90 Mbit/s
Sat May  4 04:45:01 CEST 2019
Ping: 24.723 ms
Download: 258.50 Mbit/s
Upload: 19.48 Mbit/s
Sat May  4 05:45:01 CEST 2019
Ping: 24.229 ms
Download: 103.48 Mbit/s
Upload: 19.49 Mbit/s
Sat May  4 06:45:02 CEST 2019
Ping: 25.554 ms
Download: 213.99 Mbit/s
Upload: 19.67 Mbit/s
Sat May  4 07:45:01 CEST 2019
Ping: 25.656 ms
Download: 197.95 Mbit/s
Upload: 15.06 Mbit/s
Sat May  4 08:45:01 CEST 2019
Ping: 23.638 ms
Download: 126.90 Mbit/s
Upload: 19.54 Mbit/s
Sat May  4 09:45:01 CEST 2019
Ping: 23.159 ms
Download: 145.29 Mbit/s
Upload: 18.98 Mbit/s
Sat May  4 10:45:01 CEST 2019
Ping: 24.819 ms
Download: 172.38 Mbit/s
Upload: 18.99 Mbit/s
Sat May  4 12:45:01 CEST 2019
Ping: 25.377 ms
Download: 146.20 Mbit/s
Upload: 19.47 Mbit/s
Sat May  4 13:45:01 CEST 2019
Ping: 23.455 ms
Download: 81.35 Mbit/s
Upload: 19.35 Mbit/s
Sat May  4 14:45:01 CEST 2019
Failed to retrieve list of speedtest.net servers
Sat May  4 15:45:01 CEST 2019
Ping: 24.773 ms
Download: 169.66 Mbit/s
Upload: 19.59 Mbit/s
Sat May  4 16:45:01 CEST 2019
Ping: 24.433 ms
Download: 267.58 Mbit/s
Upload: 19.62 Mbit/s
Sat May  4 17:45:01 CEST 2019
Ping: 24.306 ms
Download: 141.50 Mbit/s
Upload: 19.02 Mbit/s
Sat May  4 18:45:01 CEST 2019
Ping: 24.153 ms
Download: 215.18 Mbit/s
Upload: 19.57 Mbit/s
Sat May  4 19:45:01 CEST 2019
Ping: 27.312 ms
Download: 239.44 Mbit/s
Upload: 19.51 Mbit/s
Sat May  4 20:45:01 CEST 2019
Ping: 26.381 ms
Download: 179.75 Mbit/s
Upload: 19.56 Mbit/s
Sat May  4 21:45:01 CEST 2019
Ping: 24.896 ms
Download: 147.18 Mbit/s
Upload: 18.55 Mbit/s
Sat May  4 22:45:01 CEST 2019
Ping: 24.609 ms
Download: 96.18 Mbit/s
Upload: 18.71 Mbit/s
Sat May  4 23:45:01 CEST 2019
Ping: 25.183 ms
Download: 237.77 Mbit/s
Upload: 18.53 Mbit/s
Sun May  5 00:45:01 CEST 2019
Ping: 24.71 ms
Download: 249.23 Mbit/s
Upload: 19.76 Mbit/s
Sun May  5 01:45:01 CEST 2019
Ping: 24.027 ms
Download: 166.90 Mbit/s
Upload: 19.37 Mbit/s
Sun May  5 02:45:01 CEST 2019
Ping: 23.988 ms
Download: 111.12 Mbit/s
Upload: 19.14 Mbit/s
Sun May  5 03:45:01 CEST 2019
Ping: 25.294 ms
Download: 137.08 Mbit/s
Upload: 18.99 Mbit/s
Sun May  5 04:45:01 CEST 2019
Ping: 24.2 ms
Download: 123.83 Mbit/s
Upload: 18.69 Mbit/s
Sun May  5 05:45:01 CEST 2019
Ping: 24.133 ms
Download: 103.03 Mbit/s
Upload: 19.21 Mbit/s
Sun May  5 06:45:01 CEST 2019
Ping: 25.629 ms
Download: 234.95 Mbit/s
Upload: 19.06 Mbit/s
Sun May  5 07:45:01 CEST 2019
Ping: 23.682 ms
Download: 162.66 Mbit/s
Upload: 19.77 Mbit/s
Sun May  5 08:45:01 CEST 2019
Ping: 23.125 ms
Download: 226.89 Mbit/s
Upload: 19.78 Mbit/s
Sun May  5 09:45:01 CEST 2019
Ping: 25.092 ms
Download: 204.65 Mbit/s
Upload: 19.35 Mbit/s
Sun May  5 10:45:01 CEST 2019
Ping: 23.154 ms
Download: 123.95 Mbit/s
Upload: 18.65 Mbit/s
Sun May  5 11:45:01 CEST 2019
Ping: 23.378 ms
Download: 156.88 Mbit/s
Upload: 19.14 Mbit/s
Sun May  5 12:45:01 CEST 2019
Ping: 25.755 ms
Download: 229.40 Mbit/s
Upload: 19.59 Mbit/s
Sun May  5 13:45:01 CEST 2019
Ping: 23.669 ms
Download: 162.67 Mbit/s
Upload: 19.56 Mbit/s
Sun May  5 14:45:01 CEST 2019
Ping: 27.518 ms
Download: 264.74 Mbit/s
Upload: 19.25 Mbit/s
Sun May  5 15:45:01 CEST 2019
Ping: 26.113 ms
Download: 227.41 Mbit/s
Upload: 18.65 Mbit/s
Sun May  5 16:45:01 CEST 2019
Ping: 23.704 ms
Download: 177.57 Mbit/s
Upload: 19.16 Mbit/s
Sun May  5 17:45:01 CEST 2019
Ping: 26.128 ms
Download: 245.52 Mbit/s
Upload: 19.05 Mbit/s
Sun May  5 18:45:01 CEST 2019
Ping: 23.624 ms
Download: 213.95 Mbit/s
Upload: 18.67 Mbit/s
Sun May  5 19:45:01 CEST 2019
Ping: 26.335 ms
Download: 246.07 Mbit/s
Upload: 19.38 Mbit/s
Sun May  5 20:45:01 CEST 2019
Ping: 24.15 ms
Download: 258.34 Mbit/s
Upload: 19.02 Mbit/s
Sun May  5 21:45:01 CEST 2019
Ping: 27.635 ms
Download: 249.79 Mbit/s
Upload: 19.04 Mbit/s
Sun May  5 22:45:01 CEST 2019
Ping: 23.667 ms
Download: 147.08 Mbit/s
Upload: 18.95 Mbit/s
Sun May  5 23:45:01 CEST 2019
Ping: 26.129 ms
Download: 231.88 Mbit/s
Upload: 19.42 Mbit/s
Mon May  6 00:45:01 CEST 2019
Ping: 24.128 ms
Download: 103.11 Mbit/s
Upload: 19.34 Mbit/s
Mon May  6 01:45:01 CEST 2019
Ping: 24.529 ms
Download: 144.36 Mbit/s
Upload: 18.29 Mbit/s
Mon May  6 02:45:01 CEST 2019
Ping: 26.544 ms
Download: 232.07 Mbit/s
Upload: 19.44 Mbit/s
Mon May  6 03:45:01 CEST 2019
Ping: 25.451 ms
Download: 175.26 Mbit/s
Upload: 19.29 Mbit/s
Mon May  6 04:45:01 CEST 2019
Ping: 25.052 ms
Download: 152.54 Mbit/s
Upload: 19.35 Mbit/s
Mon May  6 05:45:01 CEST 2019
Ping: 22.964 ms
Download: 141.77 Mbit/s
Upload: 18.85 Mbit/s
Mon May  6 06:45:01 CEST 2019
Ping: 24.92 ms
Download: 265.51 Mbit/s
Upload: 19.78 Mbit/s
Mon May  6 07:45:01 CEST 2019
Ping: 23.242 ms
Download: 174.30 Mbit/s
Upload: 19.46 Mbit/s
Mon May  6 08:45:01 CEST 2019
Ping: 25.953 ms
Download: 181.24 Mbit/s
Upload: 19.19 Mbit/s
Mon May  6 09:45:01 CEST 2019
Ping: 25.083 ms
Download: 237.66 Mbit/s
Upload: 19.53 Mbit/s
Mon May  6 10:45:01 CEST 2019
Ping: 22.447 ms
Download: 134.20 Mbit/s
Upload: 18.18 Mbit/s
Mon May  6 11:45:02 CEST 2019
Ping: 25.019 ms
Download: 247.47 Mbit/s
Upload: 19.52 Mbit/s
Mon May  6 12:45:01 CEST 2019
Ping: 23.269 ms
Download: 163.83 Mbit/s
Upload: 19.53 Mbit/s
Mon May  6 13:45:01 CEST 2019
Ping: 26.508 ms
Download: 243.84 Mbit/s
Upload: 19.68 Mbit/s
Mon May  6 14:45:01 CEST 2019
Ping: 26.597 ms
Download: 240.49 Mbit/s
Upload: 19.62 Mbit/s
Mon May  6 15:45:01 CEST 2019
Ping: 24.756 ms
Download: 221.74 Mbit/s
Upload: 19.68 Mbit/s
Mon May  6 16:45:01 CEST 2019
Ping: 24.693 ms
Download: 174.78 Mbit/s
Upload: 19.02 Mbit/s
Mon May  6 17:45:01 CEST 2019
Ping: 24.061 ms
Download: 160.70 Mbit/s
Upload: 19.19 Mbit/s
Mon May  6 18:45:01 CEST 2019
Ping: 25.792 ms
Download: 135.95 Mbit/s
Upload: 19.61 Mbit/s
Mon May  6 19:45:01 CEST 2019
Ping: 25.717 ms
Download: 220.40 Mbit/s
Upload: 19.08 Mbit/s
Mon May  6 20:45:02 CEST 2019
Ping: 25.414 ms
Download: 104.13 Mbit/s
Upload: 19.30 Mbit/s
Mon May  6 21:45:01 CEST 2019
Ping: 27.344 ms
Download: 195.30 Mbit/s
Upload: 19.14 Mbit/s
Mon May  6 22:45:01 CEST 2019
Ping: 24.463 ms
Download: 259.46 Mbit/s
Upload: 19.51 Mbit/s
Mon May  6 23:45:01 CEST 2019
Ping: 27.642 ms
Download: 222.67 Mbit/s
Upload: 19.77 Mbit/s
Tue May  7 00:45:01 CEST 2019
Ping: 26.674 ms
Download: 270.49 Mbit/s
Upload: 19.47 Mbit/s
Tue May  7 01:45:01 CEST 2019
Ping: 24.675 ms
Download: 220.35 Mbit/s
Upload: 19.19 Mbit/s
Tue May  7 02:45:01 CEST 2019
Ping: 25.46 ms
Download: 154.30 Mbit/s
Upload: 19.46 Mbit/s
Tue May  7 03:45:01 CEST 2019
Ping: 23.203 ms
Download: 120.34 Mbit/s
Upload: 19.83 Mbit/s
Tue May  7 04:45:01 CEST 2019
Ping: 23.665 ms
Download: 162.87 Mbit/s
Upload: 19.61 Mbit/s
Tue May  7 05:45:01 CEST 2019
Ping: 25.682 ms
Download: 203.17 Mbit/s
Upload: 19.40 Mbit/s
Tue May  7 06:45:01 CEST 2019
Ping: 25.489 ms
Download: 239.50 Mbit/s
Upload: 19.48 Mbit/s
Tue May  7 07:45:01 CEST 2019
Ping: 25.355 ms
Download: 38.85 Mbit/s
Upload: 17.13 Mbit/s
Tue May  7 08:45:01 CEST 2019
Ping: 24.108 ms
Download: 213.32 Mbit/s
Upload: 19.28 Mbit/s
Tue May  7 09:45:01 CEST 2019
Ping: 26.403 ms
Download: 197.81 Mbit/s
Upload: 19.45 Mbit/s
Tue May  7 10:45:01 CEST 2019
Ping: 25.338 ms
Download: 249.70 Mbit/s
Upload: 19.72 Mbit/s
Tue May  7 11:45:01 CEST 2019
Ping: 24.244 ms
Download: 234.19 Mbit/s
Upload: 19.33 Mbit/s
Tue May  7 12:45:01 CEST 2019
Ping: 25.54 ms
Download: 234.28 Mbit/s
Upload: 19.65 Mbit/s
Tue May  7 13:45:01 CEST 2019
Ping: 25.956 ms
Download: 197.95 Mbit/s
Upload: 19.61 Mbit/s
Tue May  7 14:45:01 CEST 2019
Ping: 25.602 ms
Download: 58.57 Mbit/s
Upload: 18.83 Mbit/s
Tue May  7 15:45:01 CEST 2019
Ping: 25.025 ms
Download: 186.00 Mbit/s
Upload: 19.24 Mbit/s
Tue May  7 16:45:01 CEST 2019
Ping: 26.947 ms
Download: 0.89 Mbit/s
Upload: 0.91 Mbit/s
Tue May  7 17:45:01 CEST 2019
Ping: 26.514 ms
Download: 230.90 Mbit/s
Upload: 19.70 Mbit/s
Tue May  7 18:45:01 CEST 2019
Ping: 27.628 ms
Download: 226.58 Mbit/s
Upload: 19.24 Mbit/s
Tue May  7 19:45:01 CEST 2019
Ping: 24.881 ms
Download: 224.33 Mbit/s
Upload: 18.97 Mbit/s
Tue May  7 20:45:01 CEST 2019
Ping: 25.711 ms
Download: 214.89 Mbit/s
Upload: 18.79 Mbit/s
Tue May  7 21:45:01 CEST 2019
Ping: 25.305 ms
Download: 240.89 Mbit/s
Upload: 19.52 Mbit/s
Tue May  7 22:45:01 CEST 2019
Ping: 25.844 ms
Download: 43.43 Mbit/s
Upload: 18.90 Mbit/s
Tue May  7 23:45:01 CEST 2019
Ping: 26.362 ms
Download: 234.67 Mbit/s
Upload: 19.23 Mbit/s
Wed May  8 00:45:01 CEST 2019
Ping: 27.832 ms
Download: 218.94 Mbit/s
Upload: 19.29 Mbit/s
Wed May  8 01:45:01 CEST 2019
Ping: 25.439 ms
Download: 264.72 Mbit/s
Upload: 19.59 Mbit/s
Wed May  8 02:45:01 CEST 2019
Ping: 23.926 ms
Download: 109.66 Mbit/s
Upload: 17.45 Mbit/s
Wed May  8 03:45:01 CEST 2019
Ping: 24.987 ms
Download: 250.20 Mbit/s
Upload: 19.13 Mbit/s
Wed May  8 04:45:01 CEST 2019
Ping: 24.553 ms
Download: 237.60 Mbit/s
Upload: 18.53 Mbit/s
Wed May  8 05:45:01 CEST 2019
Ping: 25.819 ms
Download: 217.37 Mbit/s
Upload: 19.04 Mbit/s
Wed May  8 06:45:01 CEST 2019
Ping: 24.953 ms
Download: 226.90 Mbit/s
Upload: 19.72 Mbit/s
Wed May  8 07:45:01 CEST 2019
Ping: 24.724 ms
Download: 234.29 Mbit/s
Upload: 19.32 Mbit/s
Wed May  8 08:45:01 CEST 2019
Ping: 24.591 ms
Download: 224.35 Mbit/s
Upload: 19.32 Mbit/s
Wed May  8 09:45:01 CEST 2019
Ping: 26.129 ms
Download: 226.42 Mbit/s
Upload: 19.56 Mbit/s
Wed May  8 10:45:01 CEST 2019
Ping: 26.489 ms
Download: 225.75 Mbit/s
Upload: 18.80 Mbit/s
Wed May  8 11:45:01 CEST 2019
Ping: 25.466 ms
Download: 225.12 Mbit/s
Upload: 19.39 Mbit/s
Wed May  8 12:45:01 CEST 2019
Ping: 25.246 ms
Download: 239.46 Mbit/s
Upload: 19.20 Mbit/s
Wed May  8 13:45:01 CEST 2019
Ping: 25.334 ms
Download: 64.63 Mbit/s
Upload: 19.56 Mbit/s
Wed May  8 14:45:01 CEST 2019
Ping: 26.133 ms
Download: 254.67 Mbit/s
Upload: 19.40 Mbit/s
Wed May  8 15:45:01 CEST 2019
Ping: 24.402 ms
Download: 127.31 Mbit/s
Upload: 18.93 Mbit/s
Wed May  8 16:45:01 CEST 2019
Ping: 26.318 ms
Download: 242.53 Mbit/s
Upload: 19.85 Mbit/s
Wed May  8 17:45:01 CEST 2019
Ping: 25.858 ms
Download: 233.54 Mbit/s
Upload: 18.95 Mbit/s
Wed May  8 18:45:02 CEST 2019
Ping: 26.422 ms
Download: 73.05 Mbit/s
Upload: 19.25 Mbit/s
Wed May  8 19:45:01 CEST 2019
Ping: 25.804 ms
Download: 241.93 Mbit/s
Upload: 19.52 Mbit/s
Wed May  8 20:45:01 CEST 2019
Ping: 25.7 ms
Download: 129.67 Mbit/s
Upload: 19.38 Mbit/s
Wed May  8 21:45:01 CEST 2019
Ping: 24.788 ms
Download: 226.64 Mbit/s
Upload: 19.37 Mbit/s
Wed May  8 22:45:01 CEST 2019
Ping: 23.926 ms
Download: 162.42 Mbit/s
Upload: 18.77 Mbit/s
Wed May  8 23:45:01 CEST 2019
Ping: 26.365 ms
Download: 225.11 Mbit/s
Upload: 19.39 Mbit/s
Thu May  9 00:45:01 CEST 2019
Ping: 25.526 ms
Download: 103.54 Mbit/s
Upload: 18.88 Mbit/s
Thu May  9 01:45:01 CEST 2019
Ping: 23.692 ms
Download: 139.78 Mbit/s
Upload: 19.43 Mbit/s
Thu May  9 02:45:01 CEST 2019
Ping: 24.768 ms
Download: 91.04 Mbit/s
Upload: 19.51 Mbit/s
Thu May  9 03:45:01 CEST 2019
Ping: 24.998 ms
Download: 279.26 Mbit/s
Upload: 18.67 Mbit/s
Thu May  9 04:45:01 CEST 2019
Ping: 25.633 ms
Download: 124.33 Mbit/s
Upload: 19.27 Mbit/s
Thu May  9 05:45:01 CEST 2019
Ping: 23.928 ms
Download: 254.93 Mbit/s
Upload: 19.59 Mbit/s
Thu May  9 06:45:01 CEST 2019
Ping: 25.275 ms
Download: 214.57 Mbit/s
Upload: 19.06 Mbit/s
Thu May  9 07:45:01 CEST 2019
Ping: 24.677 ms
Download: 243.23 Mbit/s
Upload: 19.49 Mbit/s
Thu May  9 08:45:01 CEST 2019
Ping: 23.732 ms
Download: 58.59 Mbit/s
Upload: 19.45 Mbit/s
Thu May  9 09:45:01 CEST 2019
Ping: 26.373 ms
Download: 251.56 Mbit/s
Upload: 19.79 Mbit/s
Thu May  9 10:45:01 CEST 2019
Ping: 25.432 ms
Download: 115.86 Mbit/s
Upload: 19.43 Mbit/s
Thu May  9 11:45:01 CEST 2019
Ping: 25.83 ms
Download: 168.16 Mbit/s
Upload: 18.94 Mbit/s
Thu May  9 12:45:01 CEST 2019
Ping: 24.827 ms
Download: 43.44 Mbit/s
Upload: 19.01 Mbit/s
Thu May  9 13:45:01 CEST 2019
Ping: 23.636 ms
Download: 170.83 Mbit/s
Upload: 19.29 Mbit/s
Thu May  9 14:45:01 CEST 2019
Ping: 24.767 ms
Download: 108.84 Mbit/s
Upload: 19.39 Mbit/s
Thu May  9 15:45:01 CEST 2019
Ping: 25.318 ms
Download: 224.43 Mbit/s
Upload: 19.60 Mbit/s
Thu May  9 16:45:01 CEST 2019
Ping: 25.812 ms
Download: 227.78 Mbit/s
Upload: 19.58 Mbit/s
Thu May  9 17:45:01 CEST 2019
Ping: 26.512 ms
Download: 241.08 Mbit/s
Upload: 18.75 Mbit/s
Thu May  9 18:45:01 CEST 2019
Ping: 26.384 ms
Download: 229.83 Mbit/s
Upload: 19.42 Mbit/s
Thu May  9 19:45:01 CEST 2019
Ping: 24.803 ms
Download: 212.40 Mbit/s
Upload: 19.25 Mbit/s
Thu May  9 20:45:01 CEST 2019
Ping: 25.962 ms
Download: 156.94 Mbit/s
Upload: 18.65 Mbit/s
Thu May  9 21:45:01 CEST 2019
Ping: 27.74 ms
Download: 211.04 Mbit/s
Upload: 19.60 Mbit/s
Thu May  9 22:45:01 CEST 2019
Ping: 24.948 ms
Download: 133.19 Mbit/s
Upload: 18.88 Mbit/s
Thu May  9 23:45:01 CEST 2019
Ping: 24.73 ms
Download: 250.22 Mbit/s
Upload: 18.73 Mbit/s
Fri May 10 00:45:02 CEST 2019
Ping: 27.801 ms
Download: 204.73 Mbit/s
Upload: 19.26 Mbit/s
Fri May 10 01:45:01 CEST 2019
Ping: 25.125 ms
Download: 231.19 Mbit/s
Upload: 19.28 Mbit/s
Fri May 10 02:45:01 CEST 2019
Ping: 25.498 ms
Download: 241.04 Mbit/s
Upload: 19.71 Mbit/s
Fri May 10 03:45:01 CEST 2019
Ping: 27.148 ms
Download: 0.83 Mbit/s
Upload: 0.80 Mbit/s
Fri May 10 04:45:01 CEST 2019
Ping: 24.279 ms
Download: 237.19 Mbit/s
Upload: 19.20 Mbit/s
Fri May 10 05:45:01 CEST 2019
Ping: 26.45 ms
Download: 220.29 Mbit/s
Upload: 19.02 Mbit/s
Fri May 10 06:45:01 CEST 2019
Ping: 26.157 ms
Download: 221.04 Mbit/s
Upload: 19.05 Mbit/s
Fri May 10 07:45:01 CEST 2019
Ping: 27.298 ms
Download: 226.66 Mbit/s
Upload: 19.49 Mbit/s
Fri May 10 08:45:02 CEST 2019
Ping: 25.164 ms
Download: 213.79 Mbit/s
Upload: 18.85 Mbit/s
Fri May 10 09:45:01 CEST 2019
Ping: 22.789 ms
Download: 249.84 Mbit/s
Upload: 19.25 Mbit/s
Fri May 10 10:45:01 CEST 2019
Ping: 24.261 ms
Download: 65.24 Mbit/s
Upload: 17.94 Mbit/s
Fri May 10 11:45:01 CEST 2019
Ping: 22.909 ms
Download: 249.14 Mbit/s
Upload: 19.59 Mbit/s
Fri May 10 12:45:01 CEST 2019
Ping: 26.001 ms
Download: 179.83 Mbit/s
Upload: 19.63 Mbit/s
Fri May 10 13:45:01 CEST 2019
Ping: 23.754 ms
Download: 78.35 Mbit/s
Upload: 18.56 Mbit/s
Fri May 10 14:45:01 CEST 2019
Ping: 25.337 ms
Download: 230.70 Mbit/s
Upload: 18.86 Mbit/s
Fri May 10 15:45:02 CEST 2019
Ping: 22.816 ms
Download: 233.15 Mbit/s
Upload: 19.42 Mbit/s
Fri May 10 16:45:01 CEST 2019
Ping: 24.71 ms
Download: 136.28 Mbit/s
Upload: 19.65 Mbit/s
Fri May 10 17:45:01 CEST 2019
Ping: 23.082 ms
Download: 253.98 Mbit/s
Upload: 19.78 Mbit/s
Fri May 10 18:45:01 CEST 2019
Ping: 24.869 ms
Download: 51.59 Mbit/s
Upload: 19.44 Mbit/s
Fri May 10 19:45:01 CEST 2019
Ping: 22.95 ms
Download: 250.07 Mbit/s
Upload: 19.62 Mbit/s
Fri May 10 20:45:01 CEST 2019
Ping: 25.293 ms
Download: 243.17 Mbit/s
Upload: 19.41 Mbit/s
Fri May 10 21:45:01 CEST 2019
Ping: 23.047 ms
Download: 244.47 Mbit/s
Upload: 18.32 Mbit/s
Fri May 10 22:45:01 CEST 2019
Ping: 25.308 ms
Download: 228.87 Mbit/s
Upload: 19.23 Mbit/s
Fri May 10 23:45:01 CEST 2019
Ping: 23.214 ms
Download: 235.70 Mbit/s
Upload: 19.44 Mbit/s
Sat May 11 00:45:02 CEST 2019
Ping: 26.824 ms
Download: 226.76 Mbit/s
Upload: 19.55 Mbit/s
Sat May 11 01:45:01 CEST 2019
Ping: 24.864 ms
Download: 234.03 Mbit/s
Upload: 19.42 Mbit/s
Sat May 11 02:45:01 CEST 2019
Ping: 24.862 ms
Download: 239.85 Mbit/s
Upload: 19.14 Mbit/s
Sat May 11 03:45:01 CEST 2019
Ping: 23.436 ms
Download: 92.89 Mbit/s
Upload: 19.45 Mbit/s
Sat May 11 04:45:01 CEST 2019
Ping: 25.581 ms
Download: 243.47 Mbit/s
Upload: 19.15 Mbit/s
Sat May 11 05:45:01 CEST 2019
Ping: 23.535 ms
Download: 244.66 Mbit/s
Upload: 19.87 Mbit/s
Sat May 11 06:45:01 CEST 2019
Ping: 24.97 ms
Download: 84.57 Mbit/s
Upload: 19.04 Mbit/s
Sat May 11 07:45:01 CEST 2019
Ping: 25.023 ms
Download: 203.67 Mbit/s
Upload: 18.95 Mbit/s
Sat May 11 08:45:01 CEST 2019
Ping: 25.281 ms
Download: 58.40 Mbit/s
Upload: 18.73 Mbit/s
Sat May 11 09:45:01 CEST 2019
Ping: 23.55 ms
Download: 46.56 Mbit/s
Upload: 17.93 Mbit/s
Sat May 11 10:45:01 CEST 2019
Ping: 23.727 ms
Download: 53.31 Mbit/s
Upload: 18.83 Mbit/s
Sat May 11 11:45:01 CEST 2019
Ping: 24.409 ms
Download: 39.08 Mbit/s
Upload: 18.61 Mbit/s
Sat May 11 12:45:01 CEST 2019
Ping: 24.903 ms
Download: 255.24 Mbit/s
Upload: 19.27 Mbit/s
Sat May 11 13:45:01 CEST 2019
Ping: 22.468 ms
Download: 214.79 Mbit/s
Upload: 19.47 Mbit/s
Sat May 11 14:45:01 CEST 2019
Ping: 25.156 ms
Download: 254.12 Mbit/s
Upload: 19.47 Mbit/s
Sat May 11 15:45:01 CEST 2019
Ping: 25.744 ms
Download: 266.41 Mbit/s
Upload: 19.17 Mbit/s
Sat May 11 16:45:01 CEST 2019
Ping: 25.396 ms
Download: 65.46 Mbit/s
Upload: 19.15 Mbit/s
Sat May 11 17:45:02 CEST 2019
Ping: 24.539 ms
Download: 234.69 Mbit/s
Upload: 19.22 Mbit/s
Sat May 11 18:45:01 CEST 2019
Ping: 26.936 ms
Download: 251.24 Mbit/s
Upload: 19.87 Mbit/s
Sat May 11 19:45:01 CEST 2019
Ping: 24.592 ms
Download: 61.99 Mbit/s
Upload: 19.26 Mbit/s
Sat May 11 20:45:01 CEST 2019
Ping: 25.48 ms
Download: 39.18 Mbit/s
Upload: 18.50 Mbit/s
Sat May 11 21:45:01 CEST 2019
Ping: 24.104 ms
Download: 70.94 Mbit/s
Upload: 18.89 Mbit/s
Sat May 11 22:45:01 CEST 2019
Ping: 24.843 ms
Download: 249.83 Mbit/s
Upload: 19.27 Mbit/s
Sat May 11 23:45:01 CEST 2019
Ping: 26.311 ms
Download: 234.14 Mbit/s
Upload: 19.04 Mbit/s
Sun May 12 00:45:01 CEST 2019
Ping: 27.22 ms
Download: 220.19 Mbit/s
Upload: 19.28 Mbit/s
Sun May 12 01:45:01 CEST 2019
Ping: 22.499 ms
Download: 221.08 Mbit/s
Upload: 18.81 Mbit/s
Sun May 12 02:45:01 CEST 2019
Ping: 23.755 ms
Download: 61.52 Mbit/s
Upload: 17.30 Mbit/s
Sun May 12 03:45:01 CEST 2019
Ping: 25.243 ms
Download: 226.47 Mbit/s
Upload: 19.01 Mbit/s
Sun May 12 04:45:01 CEST 2019
Ping: 25.03 ms
Download: 234.41 Mbit/s
Upload: 18.90 Mbit/s
Sun May 12 05:45:02 CEST 2019
Ping: 23.598 ms
Download: 76.86 Mbit/s
Upload: 19.14 Mbit/s
Sun May 12 06:45:01 CEST 2019
Ping: 22.94 ms
Download: 102.08 Mbit/s
Upload: 19.34 Mbit/s
Sun May 12 07:45:01 CEST 2019
Ping: 22.647 ms
Download: 228.90 Mbit/s
Upload: 18.47 Mbit/s
Sun May 12 08:45:01 CEST 2019
Ping: 26.425 ms
Download: 244.61 Mbit/s
Upload: 18.59 Mbit/s
Sun May 12 09:45:01 CEST 2019
Ping: 22.454 ms
Download: 238.15 Mbit/s
Upload: 18.82 Mbit/s
Sun May 12 10:45:01 CEST 2019
Ping: 26.397 ms
Download: 247.04 Mbit/s
Upload: 18.76 Mbit/s
Sun May 12 11:45:01 CEST 2019
Ping: 25.921 ms
Download: 231.41 Mbit/s
Upload: 18.92 Mbit/s
Sun May 12 12:45:01 CEST 2019
Ping: 24.866 ms
Download: 224.93 Mbit/s
Upload: 18.54 Mbit/s
Sun May 12 13:45:01 CEST 2019
Ping: 25.283 ms
Download: 57.80 Mbit/s
Upload: 18.93 Mbit/s
Sun May 12 14:45:01 CEST 2019
Ping: 25.579 ms
Download: 260.51 Mbit/s
Upload: 18.47 Mbit/s
Sun May 12 15:45:01 CEST 2019
Ping: 27.639 ms
Download: 254.62 Mbit/s
Upload: 19.68 Mbit/s
Sun May 12 16:45:01 CEST 2019
Ping: 24.621 ms
Download: 82.62 Mbit/s
Upload: 18.96 Mbit/s
Sun May 12 17:45:01 CEST 2019
Ping: 26.011 ms
Download: 253.35 Mbit/s
Upload: 18.91 Mbit/s
Sun May 12 18:45:01 CEST 2019
Ping: 24.452 ms
Download: 68.33 Mbit/s
Upload: 19.00 Mbit/s
Sun May 12 19:45:01 CEST 2019
Ping: 26.354 ms
Download: 236.20 Mbit/s
Upload: 19.38 Mbit/s
Sun May 12 20:45:01 CEST 2019
Ping: 27.769 ms
Download: 221.03 Mbit/s
Upload: 18.01 Mbit/s
Sun May 12 21:45:01 CEST 2019
Ping: 27.928 ms
Download: 220.32 Mbit/s
Upload: 17.20 Mbit/s
Sun May 12 22:45:01 CEST 2019
Ping: 27.394 ms
Download: 223.64 Mbit/s
Upload: 19.42 Mbit/s
Sun May 12 23:45:01 CEST 2019
Ping: 26.974 ms
Download: 234.50 Mbit/s
Upload: 18.59 Mbit/s
Mon May 13 00:45:01 CEST 2019
Ping: 26.075 ms
Download: 232.10 Mbit/s
Upload: 19.12 Mbit/s
Mon May 13 01:45:01 CEST 2019
Ping: 25.115 ms
Download: 94.85 Mbit/s
Upload: 18.59 Mbit/s
Mon May 13 02:45:01 CEST 2019
Ping: 25.698 ms
Download: 234.64 Mbit/s
Upload: 19.15 Mbit/s
Mon May 13 03:45:01 CEST 2019
Ping: 23.9 ms
Download: 73.81 Mbit/s
Upload: 18.94 Mbit/s
Mon May 13 04:45:01 CEST 2019
Ping: 25.514 ms
Download: 33.51 Mbit/s
Upload: 18.91 Mbit/s
Mon May 13 05:45:01 CEST 2019
Ping: 23.545 ms
Download: 98.46 Mbit/s
Upload: 18.38 Mbit/s
Mon May 13 06:45:01 CEST 2019
Ping: 23.396 ms
Download: 69.96 Mbit/s
Upload: 19.22 Mbit/s
Mon May 13 07:45:01 CEST 2019
Ping: 25.02 ms
Download: 63.15 Mbit/s
Upload: 19.35 Mbit/s
Mon May 13 08:45:01 CEST 2019
Ping: 26.945 ms
Download: 221.20 Mbit/s
Upload: 19.29 Mbit/s
Mon May 13 09:45:02 CEST 2019
Ping: 25.748 ms
Download: 231.70 Mbit/s
Upload: 19.57 Mbit/s
Mon May 13 10:45:01 CEST 2019
Ping: 26.648 ms
Download: 226.24 Mbit/s
Upload: 19.06 Mbit/s
Mon May 13 11:45:01 CEST 2019
Ping: 25.845 ms
Download: 169.39 Mbit/s
Upload: 19.40 Mbit/s
Mon May 13 12:45:01 CEST 2019
Ping: 25.361 ms
Download: 261.51 Mbit/s
Upload: 19.34 Mbit/s
Mon May 13 13:45:02 CEST 2019
Ping: 24.76 ms
Download: 103.77 Mbit/s
Upload: 19.55 Mbit/s
Mon May 13 14:45:01 CEST 2019
Ping: 25.561 ms
Download: 254.97 Mbit/s
Upload: 19.14 Mbit/s
Mon May 13 15:45:01 CEST 2019
Ping: 26.099 ms
Download: 236.75 Mbit/s
Upload: 19.70 Mbit/s
Mon May 13 16:45:01 CEST 2019
Ping: 27.022 ms
Download: 224.23 Mbit/s
Upload: 19.18 Mbit/s
Mon May 13 17:45:01 CEST 2019
Ping: 27.526 ms
Download: 203.42 Mbit/s
Upload: 19.81 Mbit/s
Mon May 13 18:45:01 CEST 2019
Ping: 24.743 ms
Download: 226.79 Mbit/s
Upload: 19.25 Mbit/s
Mon May 13 19:45:01 CEST 2019
Ping: 27.378 ms
Download: 212.67 Mbit/s
Upload: 19.51 Mbit/s
Mon May 13 20:45:01 CEST 2019
Ping: 25.441 ms
Download: 213.77 Mbit/s
Upload: 19.13 Mbit/s
Mon May 13 21:45:01 CEST 2019
Ping: 27.605 ms
Download: 226.04 Mbit/s
Upload: 18.74 Mbit/s
Mon May 13 22:45:01 CEST 2019
Ping: 26.68 ms
Download: 235.78 Mbit/s
Upload: 19.60 Mbit/s
Mon May 13 23:45:01 CEST 2019
Ping: 27.537 ms
Download: 125.84 Mbit/s
Upload: 18.81 Mbit/s
Tue May 14 00:45:01 CEST 2019
Ping: 25.091 ms
Download: 72.33 Mbit/s
Upload: 19.36 Mbit/s
Tue May 14 01:45:01 CEST 2019
Ping: 25.739 ms
Download: 235.52 Mbit/s
Upload: 19.34 Mbit/s
Tue May 14 02:45:01 CEST 2019
Ping: 25.674 ms
Download: 228.38 Mbit/s
Upload: 19.28 Mbit/s
Tue May 14 03:45:01 CEST 2019
Ping: 25.464 ms
Download: 234.13 Mbit/s
Upload: 18.75 Mbit/s
Tue May 14 04:45:01 CEST 2019
Ping: 25.05 ms
Download: 112.24 Mbit/s
Upload: 19.17 Mbit/s
Tue May 14 05:45:01 CEST 2019
Ping: 25.965 ms
Download: 196.52 Mbit/s
Upload: 19.66 Mbit/s
Tue May 14 06:45:01 CEST 2019
Ping: 25.761 ms
Download: 276.44 Mbit/s
Upload: 19.15 Mbit/s
Tue May 14 07:45:01 CEST 2019
Ping: 25.393 ms
Download: 36.35 Mbit/s
Upload: 19.20 Mbit/s
Tue May 14 08:45:01 CEST 2019
Ping: 24.976 ms
Download: 253.96 Mbit/s
Upload: 19.48 Mbit/s
Tue May 14 09:45:01 CEST 2019
Ping: 25.324 ms
Download: 49.02 Mbit/s
Upload: 19.21 Mbit/s
Tue May 14 10:45:01 CEST 2019
Ping: 26.369 ms
Download: 234.00 Mbit/s
Upload: 19.42 Mbit/s
Tue May 14 11:45:01 CEST 2019
Ping: 26.838 ms
Download: 234.34 Mbit/s
Upload: 19.45 Mbit/s
Tue May 14 12:45:01 CEST 2019
Ping: 24.886 ms
Download: 69.34 Mbit/s
Upload: 19.31 Mbit/s
Tue May 14 13:45:01 CEST 2019
Ping: 23.907 ms
Download: 90.35 Mbit/s
Upload: 19.73 Mbit/s
Tue May 14 14:45:02 CEST 2019
Ping: 24.678 ms
Download: 71.27 Mbit/s
Upload: 17.09 Mbit/s
Tue May 14 15:45:01 CEST 2019
Ping: 24.076 ms
Download: 68.38 Mbit/s
Upload: 17.72 Mbit/s
Tue May 14 16:45:01 CEST 2019
Ping: 25.059 ms
Download: 89.73 Mbit/s
Upload: 18.66 Mbit/s
Tue May 14 17:45:01 CEST 2019
Ping: 26.322 ms
Download: 97.99 Mbit/s
Upload: 16.97 Mbit/s
Tue May 14 18:45:01 CEST 2019
Ping: 25.675 ms
Download: 212.04 Mbit/s
Upload: 19.52 Mbit/s
Tue May 14 19:45:01 CEST 2019
Ping: 24.507 ms
Download: 31.36 Mbit/s
Upload: 19.47 Mbit/s
Tue May 14 20:45:01 CEST 2019
Ping: 25.082 ms
Download: 225.22 Mbit/s
Upload: 19.51 Mbit/s
Tue May 14 21:45:01 CEST 2019
Ping: 27.006 ms
Download: 229.33 Mbit/s
Upload: 19.61 Mbit/s
Tue May 14 22:45:01 CEST 2019
Ping: 25.833 ms
Download: 253.30 Mbit/s
Upload: 19.08 Mbit/s
Tue May 14 23:45:01 CEST 2019
Ping: 27.562 ms
Download: 222.53 Mbit/s
Upload: 19.32 Mbit/s
Wed May 15 00:45:01 CEST 2019
Ping: 24.316 ms
Download: 232.72 Mbit/s
Upload: 19.70 Mbit/s
Wed May 15 01:45:01 CEST 2019
Ping: 23.739 ms
Download: 61.92 Mbit/s
Upload: 17.77 Mbit/s
Wed May 15 02:45:02 CEST 2019
Ping: 22.797 ms
Download: 235.18 Mbit/s
Upload: 19.51 Mbit/s
Wed May 15 03:45:01 CEST 2019
Ping: 25.267 ms
Download: 245.20 Mbit/s
Upload: 19.70 Mbit/s
Wed May 15 04:45:01 CEST 2019
Ping: 25.866 ms
Download: 226.37 Mbit/s
Upload: 19.29 Mbit/s
Wed May 15 05:45:01 CEST 2019
Ping: 24.493 ms
Download: 243.75 Mbit/s
Upload: 19.40 Mbit/s
Wed May 15 06:45:01 CEST 2019
Ping: 25.807 ms
Download: 276.29 Mbit/s
Upload: 18.83 Mbit/s
Wed May 15 07:45:02 CEST 2019
Could not retrieve speedtest.net configuration
Wed May 15 08:45:01 CEST 2019
Ping: 26.331 ms
Download: 245.05 Mbit/s
Upload: 18.62 Mbit/s
Wed May 15 09:45:01 CEST 2019
Ping: 26.073 ms
Download: 251.99 Mbit/s
Upload: 19.68 Mbit/s
Wed May 15 10:45:01 CEST 2019
Ping: 24.355 ms
Download: 59.36 Mbit/s
Upload: 19.64 Mbit/s
Wed May 15 11:45:01 CEST 2019
Ping: 25.652 ms
Download: 213.69 Mbit/s
Upload: 19.53 Mbit/s
Wed May 15 12:45:01 CEST 2019
Ping: 25.36 ms
Download: 263.97 Mbit/s
Upload: 18.83 Mbit/s
Wed May 15 13:45:01 CEST 2019
Ping: 25.248 ms
Download: 211.84 Mbit/s
Upload: 19.37 Mbit/s
Wed May 15 14:45:01 CEST 2019
Ping: 26.69 ms
Download: 251.79 Mbit/s
Upload: 19.66 Mbit/s
Wed May 15 15:45:01 CEST 2019
Ping: 26.469 ms
Download: 255.26 Mbit/s
Upload: 19.16 Mbit/s
Wed May 15 16:45:01 CEST 2019
Ping: 23.708 ms
Download: 39.20 Mbit/s
Upload: 19.04 Mbit/s
Wed May 15 17:45:01 CEST 2019
Ping: 25.506 ms
Download: 236.05 Mbit/s
Upload: 18.91 Mbit/s
Wed May 15 18:45:01 CEST 2019
Ping: 26.353 ms
Download: 219.02 Mbit/s
Upload: 19.46 Mbit/s
Wed May 15 19:45:01 CEST 2019
Ping: 25.483 ms
Download: 244.22 Mbit/s
Upload: 19.38 Mbit/s
Wed May 15 20:45:01 CEST 2019
Ping: 25.078 ms
Download: 232.63 Mbit/s
Upload: 19.47 Mbit/s
Wed May 15 21:45:01 CEST 2019
Ping: 24.886 ms
Download: 112.02 Mbit/s
Upload: 19.82 Mbit/s
Wed May 15 22:45:01 CEST 2019
Ping: 25.673 ms
Download: 225.83 Mbit/s
Upload: 19.26 Mbit/s
Wed May 15 23:45:01 CEST 2019
Ping: 26.431 ms
Download: 231.65 Mbit/s
Upload: 19.63 Mbit/s
Thu May 16 00:45:01 CEST 2019
Ping: 26.205 ms
Download: 237.41 Mbit/s
Upload: 18.43 Mbit/s
Thu May 16 01:45:01 CEST 2019
Ping: 25.818 ms
Download: 54.99 Mbit/s
Upload: 18.84 Mbit/s
Thu May 16 02:45:01 CEST 2019
Ping: 25.907 ms
Download: 242.61 Mbit/s
Upload: 19.79 Mbit/s
Thu May 16 03:45:01 CEST 2019
Ping: 26.589 ms
Download: 233.72 Mbit/s
Upload: 19.80 Mbit/s
Thu May 16 04:45:02 CEST 2019
Ping: 25.995 ms
Download: 258.21 Mbit/s
Upload: 19.18 Mbit/s
Thu May 16 05:45:01 CEST 2019
Ping: 26.355 ms
Download: 255.43 Mbit/s
Upload: 18.88 Mbit/s
Thu May 16 06:45:01 CEST 2019
Ping: 25.076 ms
Download: 53.46 Mbit/s
Upload: 19.39 Mbit/s
Thu May 16 07:45:01 CEST 2019
Ping: 23.905 ms
Download: 89.79 Mbit/s
Upload: 18.75 Mbit/s
Thu May 16 08:45:01 CEST 2019
Ping: 25.48 ms
Download: 255.79 Mbit/s
Upload: 19.18 Mbit/s
Thu May 16 09:45:01 CEST 2019
Ping: 25.503 ms
Download: 243.39 Mbit/s
Upload: 19.55 Mbit/s
Thu May 16 10:45:01 CEST 2019
Ping: 26.482 ms
Download: 225.26 Mbit/s
Upload: 19.09 Mbit/s
Thu May 16 11:45:01 CEST 2019
Ping: 25.149 ms
Download: 238.04 Mbit/s
Upload: 19.40 Mbit/s
Thu May 16 12:45:01 CEST 2019
Ping: 24.799 ms
Download: 72.09 Mbit/s
Upload: 18.28 Mbit/s
Thu May 16 13:45:01 CEST 2019
Ping: 24.575 ms
Download: 172.02 Mbit/s
Upload: 18.99 Mbit/s
Thu May 16 14:45:01 CEST 2019
Ping: 23.745 ms
Download: 251.50 Mbit/s
Upload: 18.41 Mbit/s
Thu May 16 15:45:01 CEST 2019
Ping: 25.317 ms
Download: 105.77 Mbit/s
Upload: 18.68 Mbit/s
Thu May 16 16:45:01 CEST 2019
Ping: 25.11 ms
Download: 79.96 Mbit/s
Upload: 18.26 Mbit/s
Thu May 16 17:45:01 CEST 2019
Ping: 25.793 ms
Download: 240.22 Mbit/s
Upload: 18.91 Mbit/s
Thu May 16 18:45:01 CEST 2019
Ping: 28.501 ms
Download: 206.78 Mbit/s
Upload: 19.12 Mbit/s
Thu May 16 19:45:01 CEST 2019
Ping: 26.894 ms
Download: 233.46 Mbit/s
Upload: 18.91 Mbit/s
Thu May 16 20:45:01 CEST 2019
Ping: 25.674 ms
Download: 237.16 Mbit/s
Upload: 19.78 Mbit/s
Thu May 16 21:45:01 CEST 2019
Ping: 24.514 ms
Download: 115.11 Mbit/s
Upload: 18.85 Mbit/s
Thu May 16 22:45:02 CEST 2019
Ping: 26.68 ms
Download: 218.44 Mbit/s
Upload: 19.63 Mbit/s
Thu May 16 23:45:01 CEST 2019
Ping: 27.16 ms
Download: 214.68 Mbit/s
Upload: 19.72 Mbit/s
Fri May 17 00:45:01 CEST 2019
Ping: 25.801 ms
Download: 212.40 Mbit/s
Upload: 19.64 Mbit/s
Fri May 17 01:45:01 CEST 2019
Ping: 25.999 ms
Download: 241.93 Mbit/s
Upload: 18.88 Mbit/s
Fri May 17 02:45:01 CEST 2019
Ping: 25.44 ms
Download: 277.18 Mbit/s
Upload: 19.52 Mbit/s
Fri May 17 03:45:02 CEST 2019
Ping: 25.425 ms
Download: 215.38 Mbit/s
Upload: 19.25 Mbit/s
Fri May 17 04:45:01 CEST 2019
Ping: 25.062 ms
Download: 214.15 Mbit/s
Upload: 19.72 Mbit/s
Fri May 17 05:45:01 CEST 2019
Ping: 24.928 ms
Download: 208.58 Mbit/s
Upload: 19.79 Mbit/s
Fri May 17 06:45:02 CEST 2019
Ping: 26.536 ms
Download: 233.00 Mbit/s
Upload: 19.15 Mbit/s
Fri May 17 07:45:01 CEST 2019
Ping: 26.255 ms
Download: 234.23 Mbit/s
Upload: 19.76 Mbit/s
Fri May 17 08:45:01 CEST 2019
Ping: 25.33 ms
Download: 217.07 Mbit/s
Upload: 19.23 Mbit/s
Fri May 17 09:45:01 CEST 2019
Ping: 26.884 ms
Download: 229.55 Mbit/s
Upload: 19.64 Mbit/s
Fri May 17 10:45:01 CEST 2019
Ping: 25.273 ms
Download: 233.36 Mbit/s
Upload: 18.92 Mbit/s
Fri May 17 11:45:01 CEST 2019
Ping: 25.212 ms
Download: 265.72 Mbit/s
Upload: 19.52 Mbit/s
Fri May 17 12:45:01 CEST 2019
Ping: 24.328 ms
Download: 238.54 Mbit/s
Upload: 19.31 Mbit/s
Fri May 17 13:45:01 CEST 2019
Ping: 24.82 ms
Download: 215.35 Mbit/s
Upload: 19.62 Mbit/s
Fri May 17 14:45:01 CEST 2019
Ping: 26.13 ms
Download: 246.46 Mbit/s
Upload: 19.76 Mbit/s
Fri May 17 15:45:01 CEST 2019
Ping: 26.262 ms
Download: 90.65 Mbit/s
Upload: 19.40 Mbit/s
Fri May 17 16:45:01 CEST 2019
Ping: 25.38 ms
Download: 228.23 Mbit/s
Upload: 19.39 Mbit/s
Fri May 17 17:45:01 CEST 2019
Ping: 24.768 ms
Download: 55.96 Mbit/s
Upload: 18.09 Mbit/s
Fri May 17 18:45:01 CEST 2019
Ping: 24.687 ms
Download: 35.60 Mbit/s
Upload: 18.80 Mbit/s
Fri May 17 19:45:01 CEST 2019
Ping: 24.351 ms
Download: 242.19 Mbit/s
Upload: 19.03 Mbit/s
Fri May 17 20:45:01 CEST 2019
Ping: 26.142 ms
Download: 254.40 Mbit/s
Upload: 18.91 Mbit/s
Fri May 17 21:45:01 CEST 2019
Ping: 26.265 ms
Download: 224.88 Mbit/s
Upload: 19.09 Mbit/s
Fri May 17 22:45:01 CEST 2019
Ping: 26.753 ms
Download: 253.16 Mbit/s
Upload: 19.36 Mbit/s
Fri May 17 23:45:01 CEST 2019
Ping: 25.964 ms
Download: 43.34 Mbit/s
Upload: 18.08 Mbit/s
Sat May 18 00:45:01 CEST 2019
Ping: 27.013 ms
Download: 235.60 Mbit/s
Upload: 19.39 Mbit/s
Sat May 18 01:45:01 CEST 2019
Ping: 24.24 ms
Download: 129.47 Mbit/s
Upload: 19.20 Mbit/s
Sat May 18 02:45:01 CEST 2019
Ping: 25.462 ms
Download: 253.65 Mbit/s
Upload: 19.43 Mbit/s
Sat May 18 03:45:01 CEST 2019
Ping: 22.619 ms
Download: 257.72 Mbit/s
Upload: 18.74 Mbit/s
Sat May 18 04:45:01 CEST 2019
Ping: 25.437 ms
Download: 129.99 Mbit/s
Upload: 18.36 Mbit/s
Sat May 18 05:45:01 CEST 2019
Ping: 25.922 ms
Download: 250.88 Mbit/s
Upload: 18.97 Mbit/s
Sat May 18 06:45:01 CEST 2019
Ping: 24.929 ms
Download: 59.63 Mbit/s
Upload: 18.91 Mbit/s
Sat May 18 07:45:01 CEST 2019
Ping: 25.688 ms
Download: 228.76 Mbit/s
Upload: 19.47 Mbit/s
Sat May 18 08:45:02 CEST 2019
Ping: 25.186 ms
Download: 240.90 Mbit/s
Upload: 19.34 Mbit/s
Sat May 18 09:45:02 CEST 2019
Ping: 28.007 ms
Download: 207.66 Mbit/s
Upload: 19.45 Mbit/s
Sat May 18 10:45:01 CEST 2019
Ping: 26.068 ms
Download: 224.73 Mbit/s
Upload: 19.62 Mbit/s
Sat May 18 11:45:01 CEST 2019
Ping: 22.876 ms
Download: 228.25 Mbit/s
Upload: 19.57 Mbit/s
Sat May 18 12:45:01 CEST 2019
Ping: 25.975 ms
Download: 225.46 Mbit/s
Upload: 19.12 Mbit/s
Sat May 18 13:45:01 CEST 2019
Ping: 26.022 ms
Download: 224.97 Mbit/s
Upload: 19.76 Mbit/s
Sat May 18 14:45:01 CEST 2019
Ping: 24.958 ms
Download: 144.06 Mbit/s
Upload: 16.90 Mbit/s
Sat May 18 15:45:01 CEST 2019
Ping: 24.21 ms
Download: 234.26 Mbit/s
Upload: 19.57 Mbit/s
Sat May 18 16:45:02 CEST 2019
Ping: 27.698 ms
Download: 211.95 Mbit/s
Upload: 19.63 Mbit/s
Sat May 18 17:45:01 CEST 2019
Ping: 24.689 ms
Download: 105.48 Mbit/s
Upload: 18.70 Mbit/s
Sat May 18 18:45:01 CEST 2019
Ping: 27.294 ms
Download: 215.14 Mbit/s
Upload: 18.98 Mbit/s
Sat May 18 19:45:01 CEST 2019
Ping: 25.195 ms
Download: 199.35 Mbit/s
Upload: 19.40 Mbit/s
Sat May 18 20:45:01 CEST 2019
Ping: 26.345 ms
Download: 207.66 Mbit/s
Upload: 19.50 Mbit/s
Sat May 18 21:45:01 CEST 2019
Ping: 26.245 ms
Download: 98.03 Mbit/s
Upload: 19.26 Mbit/s
Sat May 18 22:45:01 CEST 2019
Ping: 24.976 ms
Download: 190.28 Mbit/s
Upload: 18.92 Mbit/s
Sat May 18 23:45:01 CEST 2019
Ping: 25.9 ms
Download: 235.73 Mbit/s
Upload: 19.52 Mbit/s
Sun May 19 00:45:01 CEST 2019
Ping: 25.438 ms
Download: 119.43 Mbit/s
Upload: 17.38 Mbit/s
Sun May 19 01:45:01 CEST 2019
Ping: 25.347 ms
Download: 243.51 Mbit/s
Upload: 16.91 Mbit/s
Sun May 19 02:45:01 CEST 2019
Ping: 25.228 ms
Download: 226.68 Mbit/s
Upload: 17.89 Mbit/s
Sun May 19 03:45:01 CEST 2019
Ping: 24.586 ms
Download: 227.21 Mbit/s
Upload: 18.91 Mbit/s
Sun May 19 04:45:01 CEST 2019
Ping: 25.655 ms
Download: 228.22 Mbit/s
Upload: 17.49 Mbit/s
Sun May 19 05:45:02 CEST 2019
Ping: 25.659 ms
Download: 217.06 Mbit/s
Upload: 18.65 Mbit/s
Sun May 19 06:45:01 CEST 2019
Ping: 25.19 ms
Download: 223.51 Mbit/s
Upload: 18.61 Mbit/s
Sun May 19 07:45:01 CEST 2019
Ping: 25.427 ms
Download: 223.69 Mbit/s
Upload: 16.31 Mbit/s
Sun May 19 08:45:01 CEST 2019
Ping: 26.487 ms
Download: 252.27 Mbit/s
Upload: 18.66 Mbit/s
Sun May 19 09:45:01 CEST 2019
Ping: 26.496 ms
Download: 209.21 Mbit/s
Upload: 19.10 Mbit/s
Sun May 19 10:45:01 CEST 2019
Ping: 25.469 ms
Download: 241.82 Mbit/s
Upload: 17.59 Mbit/s
Sun May 19 11:45:01 CEST 2019
Ping: 24.25 ms
Download: 151.33 Mbit/s
Upload: 18.85 Mbit/s
Sun May 19 12:45:01 CEST 2019
Ping: 26.815 ms
Download: 121.82 Mbit/s
Upload: 18.36 Mbit/s
Sun May 19 13:45:01 CEST 2019
Ping: 23.026 ms
Download: 97.71 Mbit/s
Upload: 17.19 Mbit/s
Sun May 19 14:45:01 CEST 2019
Ping: 25.882 ms
Download: 88.03 Mbit/s
Upload: 17.30 Mbit/s
Sun May 19 15:45:01 CEST 2019
Ping: 25.27 ms
Download: 241.97 Mbit/s
Upload: 18.90 Mbit/s
Sun May 19 16:45:01 CEST 2019
Ping: 26.49 ms
Download: 242.55 Mbit/s
Upload: 19.13 Mbit/s
Sun May 19 17:45:01 CEST 2019
Ping: 25.029 ms
Download: 159.52 Mbit/s
Upload: 18.09 Mbit/s
Sun May 19 18:45:01 CEST 2019
Ping: 26.604 ms
Download: 123.39 Mbit/s
Upload: 17.77 Mbit/s
Sun May 19 19:45:01 CEST 2019
Ping: 26.972 ms
Download: 230.78 Mbit/s
Upload: 18.79 Mbit/s
Sun May 19 20:45:01 CEST 2019
Ping: 26.911 ms
Download: 289.76 Mbit/s
Upload: 19.41 Mbit/s
Sun May 19 21:45:01 CEST 2019
Ping: 26.865 ms
Download: 249.16 Mbit/s
Upload: 19.73 Mbit/s
Sun May 19 22:45:01 CEST 2019
Ping: 26.093 ms
Download: 205.41 Mbit/s
Upload: 18.81 Mbit/s
Sun May 19 23:45:02 CEST 2019
Ping: 26.431 ms
Download: 224.92 Mbit/s
Upload: 19.33 Mbit/s
Mon May 20 00:45:01 CEST 2019
Ping: 26.942 ms
Download: 239.87 Mbit/s
Upload: 18.32 Mbit/s
Mon May 20 01:45:01 CEST 2019
Ping: 25.91 ms
Download: 255.45 Mbit/s
Upload: 19.06 Mbit/s
Mon May 20 02:45:01 CEST 2019
Ping: 24.38 ms
Download: 112.19 Mbit/s
Upload: 19.65 Mbit/s
Mon May 20 03:45:01 CEST 2019
Ping: 26.799 ms
Download: 177.50 Mbit/s
Upload: 19.66 Mbit/s
Mon May 20 04:45:01 CEST 2019
Ping: 25.488 ms
Download: 232.42 Mbit/s
Upload: 19.13 Mbit/s
Mon May 20 05:45:01 CEST 2019
Ping: 25.201 ms
Download: 196.42 Mbit/s
Upload: 18.68 Mbit/s
Mon May 20 06:45:01 CEST 2019
Ping: 24.287 ms
Download: 118.83 Mbit/s
Upload: 19.11 Mbit/s
Mon May 20 07:45:01 CEST 2019
Ping: 25.94 ms
Download: 231.60 Mbit/s
Upload: 18.53 Mbit/s
Mon May 20 08:45:01 CEST 2019
Ping: 26.066 ms
Download: 243.87 Mbit/s
Upload: 19.06 Mbit/s
Mon May 20 09:45:01 CEST 2019
Ping: 25.783 ms
Download: 234.51 Mbit/s
Upload: 19.29 Mbit/s
Mon May 20 10:45:01 CEST 2019
Ping: 25.6 ms
Download: 251.81 Mbit/s
Upload: 19.60 Mbit/s
Mon May 20 11:45:01 CEST 2019
Ping: 25.895 ms
Download: 274.02 Mbit/s
Upload: 19.47 Mbit/s
Mon May 20 12:45:02 CEST 2019
Ping: 26.535 ms
Download: 172.29 Mbit/s
Upload: 18.99 Mbit/s
Mon May 20 13:45:01 CEST 2019
Ping: 26.726 ms
Download: 246.04 Mbit/s
Upload: 18.24 Mbit/s
Mon May 20 14:45:01 CEST 2019
Ping: 27.744 ms
Download: 191.32 Mbit/s
Upload: 17.96 Mbit/s
Mon May 20 15:45:01 CEST 2019
Ping: 25.77 ms
Download: 234.26 Mbit/s
Upload: 18.10 Mbit/s
Mon May 20 16:45:01 CEST 2019
Ping: 27.227 ms
Download: 233.38 Mbit/s
Upload: 17.69 Mbit/s
Mon May 20 17:45:01 CEST 2019
Ping: 26.056 ms
Download: 75.38 Mbit/s
Upload: 13.64 Mbit/s
Mon May 20 18:45:02 CEST 2019
Ping: 25.891 ms
Download: 221.31 Mbit/s
Upload: 16.30 Mbit/s
Mon May 20 19:45:01 CEST 2019
Ping: 25.984 ms
Download: 71.27 Mbit/s
Upload: 18.60 Mbit/s
Mon May 20 20:45:01 CEST 2019
Ping: 26.06 ms
Download: 214.55 Mbit/s
Upload: 19.54 Mbit/s
Mon May 20 21:45:01 CEST 2019
Ping: 25.233 ms
Download: 203.84 Mbit/s
Upload: 19.70 Mbit/s
Mon May 20 22:45:01 CEST 2019
Ping: 27.958 ms
Download: 143.38 Mbit/s
Upload: 17.61 Mbit/s
Mon May 20 23:45:01 CEST 2019
Ping: 38.773 ms
Download: 220.31 Mbit/s
Upload: 17.76 Mbit/s
Tue May 21 00:45:01 CEST 2019
Ping: 24.869 ms
Download: 36.88 Mbit/s
Upload: 17.63 Mbit/s
Tue May 21 01:45:01 CEST 2019
Ping: 24.562 ms
Download: 149.73 Mbit/s
Upload: 16.57 Mbit/s
Tue May 21 02:45:01 CEST 2019
Ping: 24.454 ms
Download: 217.77 Mbit/s
Upload: 18.04 Mbit/s
Tue May 21 03:45:01 CEST 2019
Ping: 24.712 ms
Download: 74.52 Mbit/s
Upload: 15.65 Mbit/s
Tue May 21 04:45:01 CEST 2019
Ping: 25.436 ms
Download: 227.08 Mbit/s
Upload: 18.46 Mbit/s
Tue May 21 05:45:01 CEST 2019
Ping: 26.188 ms
Download: 224.95 Mbit/s
Upload: 18.84 Mbit/s
Tue May 21 06:45:01 CEST 2019
Ping: 25.414 ms
Download: 238.78 Mbit/s
Upload: 17.31 Mbit/s
Tue May 21 07:45:01 CEST 2019
Ping: 26.12 ms
Download: 241.89 Mbit/s
Upload: 18.11 Mbit/s
Tue May 21 08:45:01 CEST 2019
Ping: 24.728 ms
Download: 60.34 Mbit/s
Upload: 19.38 Mbit/s
Tue May 21 09:45:01 CEST 2019
Ping: 24.323 ms
Download: 248.69 Mbit/s
Upload: 18.61 Mbit/s
Tue May 21 10:45:01 CEST 2019
Ping: 26.995 ms
Download: 208.29 Mbit/s
Upload: 18.47 Mbit/s
Tue May 21 11:45:01 CEST 2019
Ping: 31.668 ms
Download: 255.27 Mbit/s
Upload: 19.54 Mbit/s
Tue May 21 12:45:01 CEST 2019
Ping: 25.682 ms
Download: 212.37 Mbit/s
Upload: 19.49 Mbit/s
Tue May 21 13:45:01 CEST 2019
Ping: 31.587 ms
Download: 222.50 Mbit/s
Upload: 19.51 Mbit/s
Tue May 21 14:45:01 CEST 2019
Ping: 25.581 ms
Download: 106.14 Mbit/s
Upload: 19.27 Mbit/s
Tue May 21 15:45:01 CEST 2019
Ping: 26.695 ms
Download: 226.93 Mbit/s
Upload: 19.75 Mbit/s
Tue May 21 16:45:01 CEST 2019
Ping: 27.172 ms
Download: 212.79 Mbit/s
Upload: 19.49 Mbit/s
Tue May 21 17:45:02 CEST 2019
Ping: 24.972 ms
Download: 238.85 Mbit/s
Upload: 18.79 Mbit/s
Tue May 21 18:45:01 CEST 2019
Ping: 24.871 ms
Download: 191.97 Mbit/s
Upload: 19.59 Mbit/s
Tue May 21 19:45:01 CEST 2019
Ping: 26.908 ms
Download: 235.06 Mbit/s
Upload: 19.46 Mbit/s
Tue May 21 20:45:01 CEST 2019
Ping: 27.865 ms
Download: 232.82 Mbit/s
Upload: 19.43 Mbit/s
Tue May 21 21:45:01 CEST 2019
Ping: 27.078 ms
Download: 63.41 Mbit/s
Upload: 18.12 Mbit/s
Tue May 21 22:45:01 CEST 2019
Ping: 26.558 ms
Download: 222.74 Mbit/s
Upload: 19.70 Mbit/s
Tue May 21 23:45:01 CEST 2019
Ping: 25.953 ms
Download: 243.61 Mbit/s
Upload: 19.69 Mbit/s
Wed May 22 00:45:01 CEST 2019
Ping: 27.416 ms
Download: 245.71 Mbit/s
Upload: 19.59 Mbit/s
Wed May 22 01:45:02 CEST 2019
Ping: 26.766 ms
Download: 223.94 Mbit/s
Upload: 19.54 Mbit/s
Wed May 22 02:45:01 CEST 2019
Ping: 25.895 ms
Download: 68.56 Mbit/s
Upload: 18.86 Mbit/s
Wed May 22 03:45:02 CEST 2019
Ping: 25.221 ms
Download: 238.33 Mbit/s
Upload: 19.40 Mbit/s
Wed May 22 04:45:01 CEST 2019
Ping: 24.647 ms
Download: 64.18 Mbit/s
Upload: 18.16 Mbit/s
Wed May 22 05:45:01 CEST 2019
Ping: 26.142 ms
Download: 220.63 Mbit/s
Upload: 19.82 Mbit/s
Wed May 22 06:45:01 CEST 2019
Ping: 25.033 ms
Download: 249.39 Mbit/s
Upload: 18.97 Mbit/s
Wed May 22 07:45:01 CEST 2019
Ping: 26.003 ms
Download: 215.93 Mbit/s
Upload: 19.56 Mbit/s
Wed May 22 08:45:01 CEST 2019
Ping: 25.469 ms
Download: 216.02 Mbit/s
Upload: 19.73 Mbit/s
Wed May 22 09:45:01 CEST 2019
Ping: 25.093 ms
Download: 232.98 Mbit/s
Upload: 19.61 Mbit/s
Wed May 22 10:45:01 CEST 2019
Ping: 26.628 ms
Download: 216.82 Mbit/s
Upload: 18.42 Mbit/s
Wed May 22 11:45:01 CEST 2019
Ping: 23.188 ms
Download: 201.85 Mbit/s
Upload: 19.48 Mbit/s
Wed May 22 12:45:01 CEST 2019
Ping: 24.746 ms
Download: 249.82 Mbit/s
Upload: 19.16 Mbit/s
Wed May 22 13:45:01 CEST 2019
Ping: 25.867 ms
Download: 212.77 Mbit/s
Upload: 19.46 Mbit/s
Wed May 22 14:45:01 CEST 2019
Ping: 26.272 ms
Download: 184.72 Mbit/s
Upload: 18.23 Mbit/s
Wed May 22 15:45:01 CEST 2019
Ping: 22.658 ms
Download: 226.44 Mbit/s
Upload: 19.21 Mbit/s
Wed May 22 16:45:01 CEST 2019
Ping: 25.707 ms
Download: 141.12 Mbit/s
Upload: 19.01 Mbit/s
Wed May 22 17:45:01 CEST 2019
Ping: 24.426 ms
Download: 95.65 Mbit/s
Upload: 17.96 Mbit/s
Wed May 22 18:45:02 CEST 2019
Ping: 26.834 ms
Download: 226.87 Mbit/s
Upload: 18.39 Mbit/s
Wed May 22 19:45:01 CEST 2019
Ping: 25.816 ms
Download: 246.43 Mbit/s
Upload: 19.38 Mbit/s
Wed May 22 20:45:02 CEST 2019
Ping: 24.531 ms
Download: 87.53 Mbit/s
Upload: 19.76 Mbit/s
Wed May 22 21:45:01 CEST 2019
Ping: 23.916 ms
Download: 240.70 Mbit/s
Upload: 19.82 Mbit/s
Wed May 22 22:45:01 CEST 2019
Ping: 26.414 ms
Download: 120.67 Mbit/s
Upload: 19.55 Mbit/s
Wed May 22 23:45:01 CEST 2019
Ping: 25.914 ms
Download: 215.20 Mbit/s
Upload: 18.59 Mbit/s
Thu May 23 00:45:02 CEST 2019
Ping: 28.264 ms
Download: 237.53 Mbit/s
Upload: 19.22 Mbit/s
Thu May 23 01:45:01 CEST 2019
Ping: 26.237 ms
Download: 153.51 Mbit/s
Upload: 19.70 Mbit/s
Thu May 23 02:45:01 CEST 2019
Ping: 26.155 ms
Download: 65.19 Mbit/s
Upload: 19.52 Mbit/s
Thu May 23 03:45:01 CEST 2019
Ping: 25.427 ms
Download: 66.07 Mbit/s
Upload: 18.09 Mbit/s
Thu May 23 04:45:01 CEST 2019
Ping: 25.828 ms
Download: 203.54 Mbit/s
Upload: 19.34 Mbit/s
Thu May 23 05:45:01 CEST 2019
Ping: 25.107 ms
Download: 234.74 Mbit/s
Upload: 18.87 Mbit/s
Thu May 23 06:45:01 CEST 2019
Ping: 27.48 ms
Download: 242.68 Mbit/s
Upload: 19.46 Mbit/s
Thu May 23 07:45:01 CEST 2019
Ping: 25.971 ms
Download: 86.46 Mbit/s
Upload: 19.27 Mbit/s
Thu May 23 08:45:01 CEST 2019
Ping: 26.414 ms
Download: 220.08 Mbit/s
Upload: 14.86 Mbit/s
Thu May 23 09:45:01 CEST 2019
Ping: 42.398 ms
Download: 218.38 Mbit/s
Upload: 17.97 Mbit/s
Thu May 23 10:45:01 CEST 2019
Ping: 27.049 ms
Download: 220.05 Mbit/s
Upload: 19.15 Mbit/s
Thu May 23 11:45:02 CEST 2019
Ping: 26.574 ms
Download: 226.86 Mbit/s
Upload: 18.76 Mbit/s
Thu May 23 12:45:01 CEST 2019
Ping: 27.631 ms
Download: 243.97 Mbit/s
Upload: 18.48 Mbit/s
Thu May 23 13:45:01 CEST 2019
Ping: 26.761 ms
Download: 128.18 Mbit/s
Upload: 18.14 Mbit/s
Thu May 23 14:45:01 CEST 2019
Ping: 27.055 ms
Download: 222.09 Mbit/s
Upload: 19.11 Mbit/s
Thu May 23 15:45:01 CEST 2019
Ping: 25.294 ms
Download: 220.32 Mbit/s
Upload: 19.23 Mbit/s
Thu May 23 16:45:01 CEST 2019
Ping: 28.427 ms
Download: 176.35 Mbit/s
Upload: 19.79 Mbit/s
Thu May 23 17:45:01 CEST 2019
Ping: 25.965 ms
Download: 156.11 Mbit/s
Upload: 19.40 Mbit/s
Thu May 23 18:45:01 CEST 2019
Ping: 28.368 ms
Download: 70.84 Mbit/s
Upload: 17.37 Mbit/s
Thu May 23 19:45:01 CEST 2019
Ping: 21.814 ms
Download: 221.19 Mbit/s
Upload: 17.53 Mbit/s
Thu May 23 20:45:01 CEST 2019
Ping: 25.648 ms
Download: 230.62 Mbit/s
Upload: 19.26 Mbit/s
Thu May 23 21:45:01 CEST 2019
Ping: 27.394 ms
Download: 178.14 Mbit/s
Upload: 19.50 Mbit/s
Thu May 23 22:45:01 CEST 2019
Ping: 26.665 ms
Download: 100.08 Mbit/s
Upload: 19.87 Mbit/s
Thu May 23 23:45:01 CEST 2019
Ping: 26.079 ms
Download: 250.41 Mbit/s
Upload: 19.72 Mbit/s
Fri May 24 00:45:01 CEST 2019
Ping: 28.666 ms
Download: 211.91 Mbit/s
Upload: 19.65 Mbit/s
Fri May 24 01:45:01 CEST 2019
Ping: 27.279 ms
Download: 243.24 Mbit/s
Upload: 18.71 Mbit/s
Fri May 24 02:45:01 CEST 2019
Ping: 26.079 ms
Download: 125.86 Mbit/s
Upload: 19.09 Mbit/s
Fri May 24 03:45:01 CEST 2019
Ping: 26.153 ms
Download: 250.31 Mbit/s
Upload: 19.13 Mbit/s
Fri May 24 04:45:02 CEST 2019
Ping: 24.255 ms
Download: 259.09 Mbit/s
Upload: 19.85 Mbit/s
Fri May 24 05:45:01 CEST 2019
Ping: 26.157 ms
Download: 232.23 Mbit/s
Upload: 19.40 Mbit/s
Fri May 24 06:45:01 CEST 2019
Ping: 25.745 ms
Download: 74.06 Mbit/s
Upload: 19.16 Mbit/s
Fri May 24 07:45:01 CEST 2019
Ping: 24.715 ms
Download: 172.45 Mbit/s
Upload: 18.57 Mbit/s
Fri May 24 08:45:01 CEST 2019
Ping: 26.272 ms
Download: 216.96 Mbit/s
Upload: 19.50 Mbit/s
Fri May 24 09:45:01 CEST 2019
Ping: 24.42 ms
Download: 236.82 Mbit/s
Upload: 19.48 Mbit/s
Fri May 24 10:45:01 CEST 2019
Ping: 25.362 ms
Download: 92.27 Mbit/s
Upload: 19.31 Mbit/s
Fri May 24 11:45:01 CEST 2019
Ping: 25.65 ms
Download: 178.42 Mbit/s
Upload: 19.74 Mbit/s
Fri May 24 12:45:01 CEST 2019
Ping: 25.594 ms
Download: 68.71 Mbit/s
Upload: 18.98 Mbit/s
Fri May 24 13:45:01 CEST 2019
Ping: 24.209 ms
Download: 136.26 Mbit/s
Upload: 18.32 Mbit/s
Fri May 24 14:45:01 CEST 2019
Ping: 26.131 ms
Download: 232.85 Mbit/s
Upload: 19.70 Mbit/s
Fri May 24 15:45:01 CEST 2019
Ping: 26.201 ms
Download: 225.48 Mbit/s
Upload: 19.62 Mbit/s
Fri May 24 16:45:01 CEST 2019
Ping: 23.623 ms
Download: 83.67 Mbit/s
Upload: 19.01 Mbit/s
Fri May 24 17:45:01 CEST 2019
Ping: 22.752 ms
Download: 113.23 Mbit/s
Upload: 19.34 Mbit/s
Fri May 24 18:45:01 CEST 2019
Ping: 25.815 ms
Download: 246.17 Mbit/s
Upload: 19.51 Mbit/s
Fri May 24 19:45:01 CEST 2019
Ping: 23.918 ms
Download: 133.22 Mbit/s
Upload: 18.02 Mbit/s
Fri May 24 20:45:01 CEST 2019
Ping: 27.245 ms
Download: 230.96 Mbit/s
Upload: 19.18 Mbit/s
Fri May 24 21:45:01 CEST 2019
Ping: 26.898 ms
Download: 225.88 Mbit/s
Upload: 19.10 Mbit/s
Fri May 24 22:45:01 CEST 2019
Ping: 28.842 ms
Download: 243.27 Mbit/s
Upload: 19.44 Mbit/s
Fri May 24 23:45:02 CEST 2019
Ping: 25.93 ms
Download: 214.65 Mbit/s
Upload: 19.65 Mbit/s
Sat May 25 00:45:01 CEST 2019
Ping: 24.896 ms
Download: 240.12 Mbit/s
Upload: 19.62 Mbit/s
Sat May 25 01:45:01 CEST 2019
Ping: 26.035 ms
Download: 84.32 Mbit/s
Upload: 19.15 Mbit/s
Sat May 25 02:45:02 CEST 2019
Ping: 24.797 ms
Download: 119.65 Mbit/s
Upload: 19.38 Mbit/s
Sat May 25 03:45:01 CEST 2019
Ping: 27.682 ms
Download: 232.58 Mbit/s
Upload: 19.14 Mbit/s
Sat May 25 04:45:01 CEST 2019
Ping: 25.859 ms
Download: 135.93 Mbit/s
Upload: 18.93 Mbit/s
Sat May 25 05:45:01 CEST 2019
Ping: 25.924 ms
Download: 246.52 Mbit/s
Upload: 19.43 Mbit/s
Sat May 25 06:45:01 CEST 2019
Ping: 22.989 ms
Download: 254.86 Mbit/s
Upload: 18.64 Mbit/s
Sat May 25 07:45:01 CEST 2019
Ping: 23.762 ms
Download: 131.41 Mbit/s
Upload: 19.48 Mbit/s
Sat May 25 08:45:01 CEST 2019
Ping: 24.125 ms
Download: 246.29 Mbit/s
Upload: 18.94 Mbit/s
Sat May 25 09:45:01 CEST 2019
Ping: 25.581 ms
Download: 62.15 Mbit/s
Upload: 16.95 Mbit/s
Sat May 25 10:45:02 CEST 2019
Ping: 25.58 ms
Download: 234.29 Mbit/s
Upload: 19.02 Mbit/s
Sat May 25 11:45:01 CEST 2019
Ping: 22.963 ms
Download: 236.70 Mbit/s
Upload: 19.12 Mbit/s
Sat May 25 12:45:02 CEST 2019
Ping: 23.695 ms
Download: 272.06 Mbit/s
Upload: 19.58 Mbit/s
Sat May 25 13:45:01 CEST 2019
Ping: 24.491 ms
Download: 213.46 Mbit/s
Upload: 19.44 Mbit/s
Sat May 25 14:45:01 CEST 2019
Ping: 24.238 ms
Download: 112.37 Mbit/s
Upload: 18.40 Mbit/s
Sat May 25 15:45:01 CEST 2019
Ping: 25.116 ms
Download: 250.79 Mbit/s
Upload: 19.31 Mbit/s
Sat May 25 16:45:01 CEST 2019
Ping: 24.557 ms
Download: 228.80 Mbit/s
Upload: 19.17 Mbit/s
Sat May 25 17:45:01 CEST 2019
Ping: 26.282 ms
Download: 261.66 Mbit/s
Upload: 19.35 Mbit/s
Sat May 25 18:45:01 CEST 2019
Ping: 22.639 ms
Download: 228.33 Mbit/s
Upload: 18.69 Mbit/s
Sat May 25 19:45:01 CEST 2019
Ping: 25.673 ms
Download: 67.30 Mbit/s
Upload: 19.55 Mbit/s
Sat May 25 20:45:01 CEST 2019
Ping: 23.968 ms
Download: 222.15 Mbit/s
Upload: 19.65 Mbit/s
Sat May 25 21:45:01 CEST 2019
Ping: 26.234 ms
Download: 110.84 Mbit/s
Upload: 19.10 Mbit/s
Sat May 25 22:45:01 CEST 2019
Ping: 23.426 ms
Download: 222.08 Mbit/s
Upload: 19.36 Mbit/s
Sat May 25 23:45:01 CEST 2019
Ping: 27.03 ms
Download: 250.76 Mbit/s
Upload: 18.86 Mbit/s
Sun May 26 00:45:01 CEST 2019
Ping: 26.237 ms
Download: 236.33 Mbit/s
Upload: 18.92 Mbit/s
Sun May 26 01:45:01 CEST 2019
Ping: 26.759 ms
Download: 224.42 Mbit/s
Upload: 19.40 Mbit/s
Sun May 26 02:45:02 CEST 2019
Ping: 23.47 ms
Download: 243.44 Mbit/s
Upload: 19.69 Mbit/s
Sun May 26 03:45:02 CEST 2019
Ping: 24.627 ms
Download: 139.44 Mbit/s
Upload: 19.23 Mbit/s
Sun May 26 04:45:01 CEST 2019
Ping: 23.578 ms
Download: 271.06 Mbit/s
Upload: 19.14 Mbit/s
Sun May 26 05:45:01 CEST 2019
Ping: 25.375 ms
Download: 140.05 Mbit/s
Upload: 19.01 Mbit/s
Sun May 26 06:45:01 CEST 2019
Ping: 24.975 ms
Download: 69.86 Mbit/s
Upload: 19.03 Mbit/s
Sun May 26 07:45:01 CEST 2019
Ping: 26.746 ms
Download: 223.05 Mbit/s
Upload: 18.42 Mbit/s
Sun May 26 08:45:01 CEST 2019
Ping: 24.533 ms
Download: 254.40 Mbit/s
Upload: 19.93 Mbit/s
Sun May 26 09:45:01 CEST 2019
Ping: 25.338 ms
Download: 168.95 Mbit/s
Upload: 19.10 Mbit/s
Sun May 26 10:45:02 CEST 2019
Ping: 23.395 ms
Download: 247.98 Mbit/s
Upload: 19.69 Mbit/s
Sun May 26 11:45:01 CEST 2019
Ping: 24.936 ms
Download: 179.62 Mbit/s
Upload: 19.14 Mbit/s
Sun May 26 12:45:01 CEST 2019
Ping: 25.279 ms
Download: 207.09 Mbit/s
Upload: 18.69 Mbit/s
Sun May 26 13:45:01 CEST 2019
Ping: 26.627 ms
Download: 242.18 Mbit/s
Upload: 19.60 Mbit/s
Sun May 26 14:45:01 CEST 2019
Ping: 26.316 ms
Download: 232.93 Mbit/s
Upload: 19.30 Mbit/s
Sun May 26 15:45:01 CEST 2019
Ping: 26.076 ms
Download: 146.92 Mbit/s
Upload: 19.42 Mbit/s
Sun May 26 16:45:02 CEST 2019
Ping: 24.056 ms
Download: 169.22 Mbit/s
Upload: 19.44 Mbit/s
Sun May 26 17:45:01 CEST 2019
Ping: 25.224 ms
Download: 235.12 Mbit/s
Upload: 19.65 Mbit/s
Sun May 26 18:45:01 CEST 2019
Ping: 24.11 ms
Download: 221.48 Mbit/s
Upload: 19.76 Mbit/s
Sun May 26 19:45:01 CEST 2019
Ping: 26.459 ms
Download: 220.81 Mbit/s
Upload: 19.25 Mbit/s
Sun May 26 20:45:01 CEST 2019
Ping: 23.6 ms
Download: 214.47 Mbit/s
Upload: 19.20 Mbit/s
Sun May 26 21:45:01 CEST 2019
Ping: 25.72 ms
Download: 268.10 Mbit/s
Upload: 19.87 Mbit/s
Sun May 26 22:45:01 CEST 2019
Ping: 24.042 ms
Download: 242.68 Mbit/s
Upload: 19.41 Mbit/s
Sun May 26 23:45:01 CEST 2019
Ping: 26.396 ms
Download: 165.59 Mbit/s
Upload: 18.18 Mbit/s
Mon May 27 00:45:01 CEST 2019
Ping: 23.216 ms
Download: 229.95 Mbit/s
Upload: 19.82 Mbit/s
Mon May 27 01:45:01 CEST 2019
Ping: 27.609 ms
Download: 241.62 Mbit/s
Upload: 19.42 Mbit/s
Mon May 27 02:45:01 CEST 2019
Ping: 24.613 ms
Download: 164.24 Mbit/s
Upload: 19.14 Mbit/s
Mon May 27 03:45:01 CEST 2019
Ping: 23.385 ms
Download: 116.38 Mbit/s
Upload: 19.71 Mbit/s
Mon May 27 04:45:01 CEST 2019
Ping: 23.379 ms
Download: 256.39 Mbit/s
Upload: 19.90 Mbit/s
Mon May 27 05:45:02 CEST 2019
Ping: 25.058 ms
Download: 132.68 Mbit/s
Upload: 19.24 Mbit/s
Mon May 27 06:45:01 CEST 2019
Ping: 23.249 ms
Download: 240.87 Mbit/s
Upload: 19.87 Mbit/s
Mon May 27 07:45:02 CEST 2019
Ping: 24.437 ms
Download: 109.63 Mbit/s
Upload: 19.23 Mbit/s
Mon May 27 08:45:01 CEST 2019
Ping: 23.074 ms
Download: 222.95 Mbit/s
Upload: 19.79 Mbit/s
Mon May 27 09:45:02 CEST 2019
Ping: 26.19 ms
Download: 226.54 Mbit/s
Upload: 19.27 Mbit/s
Mon May 27 10:45:01 CEST 2019
Ping: 22.532 ms
Download: 251.48 Mbit/s
Upload: 19.39 Mbit/s
Mon May 27 11:45:01 CEST 2019
Ping: 25.417 ms
Download: 111.45 Mbit/s
Upload: 19.10 Mbit/s
Mon May 27 12:45:01 CEST 2019
Ping: 25.885 ms
Download: 91.31 Mbit/s
Upload: 19.44 Mbit/s
Mon May 27 13:45:01 CEST 2019
Ping: 25.544 ms
Download: 261.40 Mbit/s
Upload: 19.52 Mbit/s
Mon May 27 14:45:01 CEST 2019
Ping: 24.025 ms
Download: 272.78 Mbit/s
Upload: 19.80 Mbit/s
Mon May 27 15:45:01 CEST 2019
Ping: 24.215 ms
Download: 76.33 Mbit/s
Upload: 19.36 Mbit/s
Mon May 27 16:45:01 CEST 2019
Ping: 23.377 ms
Download: 151.39 Mbit/s
Upload: 19.69 Mbit/s
Mon May 27 17:45:01 CEST 2019
Ping: 24.16 ms
Download: 115.44 Mbit/s
Upload: 19.05 Mbit/s
Mon May 27 18:45:01 CEST 2019
Ping: 23.355 ms
Download: 131.26 Mbit/s
Upload: 19.55 Mbit/s
Mon May 27 19:45:01 CEST 2019
Ping: 24.699 ms
Download: 170.10 Mbit/s
Upload: 19.54 Mbit/s
Mon May 27 20:45:01 CEST 2019
Ping: 25.273 ms
Download: 127.17 Mbit/s
Upload: 19.34 Mbit/s
Mon May 27 21:45:01 CEST 2019
Ping: 26.246 ms
Download: 238.72 Mbit/s
Upload: 18.62 Mbit/s
Mon May 27 22:45:01 CEST 2019
Ping: 22.721 ms
Download: 256.78 Mbit/s
Upload: 18.66 Mbit/s
Mon May 27 23:45:01 CEST 2019
Ping: 25.756 ms
Download: 246.02 Mbit/s
Upload: 18.83 Mbit/s
Tue May 28 00:45:01 CEST 2019
Ping: 23.233 ms
Download: 234.10 Mbit/s
Upload: 19.33 Mbit/s
Tue May 28 01:45:01 CEST 2019
Ping: 24.736 ms
Download: 129.13 Mbit/s
Upload: 19.44 Mbit/s
Tue May 28 02:45:01 CEST 2019
Ping: 22.494 ms
Download: 228.89 Mbit/s
Upload: 18.91 Mbit/s
Tue May 28 03:45:02 CEST 2019
Ping: 24.377 ms
Download: 100.99 Mbit/s
Upload: 19.58 Mbit/s
Tue May 28 04:45:01 CEST 2019
Ping: 21.947 ms
Download: 256.34 Mbit/s
Upload: 19.52 Mbit/s
Tue May 28 05:45:01 CEST 2019
Ping: 24.64 ms
Download: 225.10 Mbit/s
Upload: 18.82 Mbit/s
Tue May 28 06:45:01 CEST 2019
Ping: 23.778 ms
Download: 83.00 Mbit/s
Upload: 19.47 Mbit/s
Tue May 28 07:45:01 CEST 2019
Ping: 24.538 ms
Download: 118.26 Mbit/s
Upload: 19.82 Mbit/s
Tue May 28 08:45:01 CEST 2019
Ping: 24.255 ms
Download: 158.77 Mbit/s
Upload: 19.77 Mbit/s
Tue May 28 09:45:01 CEST 2019
Ping: 25.798 ms
Download: 239.18 Mbit/s
Upload: 19.78 Mbit/s
Tue May 28 10:45:01 CEST 2019
Ping: 23.225 ms
Download: 142.94 Mbit/s
Upload: 19.83 Mbit/s
Tue May 28 11:45:01 CEST 2019
Ping: 23.07 ms
Download: 133.85 Mbit/s
Upload: 19.70 Mbit/s
Tue May 28 12:45:02 CEST 2019
Ping: 24.534 ms
Download: 226.35 Mbit/s
Upload: 18.85 Mbit/s
Tue May 28 13:45:01 CEST 2019
Ping: 23.667 ms
Download: 96.71 Mbit/s
Upload: 19.35 Mbit/s
Tue May 28 14:45:01 CEST 2019
Ping: 23.074 ms
Download: 157.48 Mbit/s
Upload: 19.57 Mbit/s
Tue May 28 15:45:01 CEST 2019
Ping: 25.125 ms
Download: 234.78 Mbit/s
Upload: 19.38 Mbit/s
Tue May 28 16:45:01 CEST 2019
Ping: 24.302 ms
Download: 131.29 Mbit/s
Upload: 19.56 Mbit/s
Tue May 28 17:45:01 CEST 2019
Ping: 22.947 ms
Download: 166.48 Mbit/s
Upload: 19.33 Mbit/s
Tue May 28 18:45:01 CEST 2019
Ping: 24.443 ms
Download: 142.18 Mbit/s
Upload: 19.70 Mbit/s
Tue May 28 19:45:01 CEST 2019
Ping: 25.912 ms
Download: 237.14 Mbit/s
Upload: 19.19 Mbit/s
Tue May 28 20:45:01 CEST 2019
Ping: 25.096 ms
Download: 232.20 Mbit/s
Upload: 19.31 Mbit/s
Tue May 28 21:45:01 CEST 2019
Ping: 24.295 ms
Download: 189.38 Mbit/s
Upload: 19.24 Mbit/s
Tue May 28 22:45:01 CEST 2019
Ping: 24.068 ms
Download: 84.01 Mbit/s
Upload: 19.54 Mbit/s
Tue May 28 23:45:01 CEST 2019
Ping: 26.75 ms
Download: 238.77 Mbit/s
Upload: 19.05 Mbit/s
Wed May 29 00:45:01 CEST 2019
Ping: 23.589 ms
Download: 102.22 Mbit/s
Upload: 19.19 Mbit/s
Wed May 29 01:45:01 CEST 2019
Ping: 25.313 ms
Download: 246.82 Mbit/s
Upload: 19.38 Mbit/s
Wed May 29 02:45:01 CEST 2019
Ping: 24.225 ms
Download: 116.33 Mbit/s
Upload: 19.52 Mbit/s
Wed May 29 03:45:01 CEST 2019
Ping: 25.419 ms
Download: 238.75 Mbit/s
Upload: 19.35 Mbit/s
Wed May 29 04:45:01 CEST 2019
Ping: 23.641 ms
Download: 77.03 Mbit/s
Upload: 18.86 Mbit/s
Wed May 29 05:45:01 CEST 2019
Ping: 26.932 ms
Download: 225.90 Mbit/s
Upload: 18.94 Mbit/s
Wed May 29 06:45:01 CEST 2019
Ping: 23.226 ms
Download: 151.22 Mbit/s
Upload: 19.62 Mbit/s
Wed May 29 07:45:01 CEST 2019
Ping: 24.938 ms
Download: 234.28 Mbit/s
Upload: 19.23 Mbit/s
Wed May 29 08:45:01 CEST 2019
Ping: 26.05 ms
Download: 123.61 Mbit/s
Upload: 19.36 Mbit/s
Wed May 29 09:45:01 CEST 2019
Ping: 24.681 ms
Download: 231.90 Mbit/s
Upload: 19.66 Mbit/s
Wed May 29 10:45:02 CEST 2019
Ping: 22.95 ms
Download: 151.57 Mbit/s
Upload: 13.67 Mbit/s
Wed May 29 11:45:02 CEST 2019
Ping: 24.083 ms
Download: 57.73 Mbit/s
Upload: 18.66 Mbit/s
Wed May 29 12:45:01 CEST 2019
Ping: 25.46 ms
Download: 215.08 Mbit/s
Upload: 18.94 Mbit/s
Wed May 29 13:45:01 CEST 2019
Ping: 25.554 ms
Download: 228.57 Mbit/s
Upload: 19.12 Mbit/s
Wed May 29 14:45:01 CEST 2019
Ping: 24.782 ms
Download: 129.57 Mbit/s
Upload: 19.49 Mbit/s
Wed May 29 15:45:01 CEST 2019
Ping: 26.445 ms
Download: 227.60 Mbit/s
Upload: 19.46 Mbit/s
Wed May 29 16:45:01 CEST 2019
Ping: 25.474 ms
Download: 261.43 Mbit/s
Upload: 18.53 Mbit/s
Wed May 29 17:45:01 CEST 2019
Ping: 25.117 ms
Download: 142.02 Mbit/s
Upload: 19.15 Mbit/s
Wed May 29 18:45:01 CEST 2019
Ping: 25.055 ms
Download: 225.52 Mbit/s
Upload: 19.06 Mbit/s
Wed May 29 19:45:01 CEST 2019
Ping: 25.998 ms
Download: 141.34 Mbit/s
Upload: 18.91 Mbit/s
Wed May 29 20:45:01 CEST 2019
Ping: 22.771 ms
Download: 122.51 Mbit/s
Upload: 18.99 Mbit/s
Wed May 29 21:45:01 CEST 2019
Ping: 25.062 ms
Download: 115.88 Mbit/s
Upload: 19.62 Mbit/s
Wed May 29 22:45:01 CEST 2019
Ping: 24.922 ms
Download: 163.81 Mbit/s
Upload: 18.33 Mbit/s
Wed May 29 23:45:01 CEST 2019
Ping: 24.706 ms
Download: 41.76 Mbit/s
Upload: 19.34 Mbit/s
Thu May 30 00:45:02 CEST 2019
Ping: 24.533 ms
Download: 232.96 Mbit/s
Upload: 19.34 Mbit/s
Thu May 30 01:45:01 CEST 2019
Ping: 24.64 ms
Download: 156.47 Mbit/s
Upload: 19.43 Mbit/s
Thu May 30 02:45:01 CEST 2019
Ping: 23.97 ms
Download: 118.28 Mbit/s
Upload: 19.53 Mbit/s
Thu May 30 03:45:01 CEST 2019
Ping: 24.073 ms
Download: 130.94 Mbit/s
Upload: 19.38 Mbit/s
Thu May 30 04:45:01 CEST 2019
Ping: 22.235 ms
Download: 169.38 Mbit/s
Upload: 19.23 Mbit/s
Thu May 30 05:45:01 CEST 2019
Ping: 23.759 ms
Download: 164.39 Mbit/s
Upload: 19.34 Mbit/s
Thu May 30 06:45:01 CEST 2019
Ping: 22.634 ms
Download: 274.30 Mbit/s
Upload: 19.58 Mbit/s
Thu May 30 07:45:01 CEST 2019
Ping: 25.097 ms
Download: 229.23 Mbit/s
Upload: 19.11 Mbit/s
Thu May 30 08:45:01 CEST 2019
Ping: 21.65 ms
Download: 218.67 Mbit/s
Upload: 19.21 Mbit/s
Thu May 30 09:45:01 CEST 2019
Ping: 25.912 ms
Download: 261.25 Mbit/s
Upload: 18.30 Mbit/s
Thu May 30 10:45:01 CEST 2019
Ping: 23.8 ms
Download: 119.24 Mbit/s
Upload: 18.83 Mbit/s
Thu May 30 11:45:01 CEST 2019
Ping: 27.346 ms
Download: 229.22 Mbit/s
Upload: 19.14 Mbit/s
Thu May 30 12:45:01 CEST 2019
Ping: 22.355 ms
Download: 179.35 Mbit/s
Upload: 19.53 Mbit/s
Thu May 30 13:45:01 CEST 2019
Ping: 24.084 ms
Download: 115.22 Mbit/s
Upload: 18.89 Mbit/s
Thu May 30 14:45:01 CEST 2019
Ping: 25.037 ms
Download: 247.67 Mbit/s
Upload: 19.51 Mbit/s
Thu May 30 15:45:01 CEST 2019
Ping: 24.029 ms
Download: 114.54 Mbit/s
Upload: 19.17 Mbit/s
Thu May 30 16:45:01 CEST 2019
Ping: 23.645 ms
Download: 236.42 Mbit/s
Upload: 19.36 Mbit/s
Thu May 30 17:45:01 CEST 2019
Ping: 25.047 ms
Download: 133.40 Mbit/s
Upload: 19.53 Mbit/s
Thu May 30 18:45:01 CEST 2019
Ping: 25.754 ms
Download: 249.54 Mbit/s
Upload: 19.57 Mbit/s
Thu May 30 19:45:01 CEST 2019
Ping: 26.693 ms
Download: 297.92 Mbit/s
Upload: 19.09 Mbit/s
Thu May 30 20:45:01 CEST 2019
Ping: 23.471 ms
Download: 204.22 Mbit/s
Upload: 18.66 Mbit/s
Thu May 30 21:45:01 CEST 2019
Ping: 25.217 ms
Download: 230.83 Mbit/s
Upload: 18.88 Mbit/s
Thu May 30 22:45:01 CEST 2019
Ping: 21.783 ms
Download: 223.34 Mbit/s
Upload: 19.22 Mbit/s
Thu May 30 23:45:01 CEST 2019
Ping: 26.769 ms
Download: 243.79 Mbit/s
Upload: 19.35 Mbit/s
Fri May 31 00:45:01 CEST 2019
Ping: 24.622 ms
Download: 249.91 Mbit/s
Upload: 19.26 Mbit/s
Fri May 31 01:45:01 CEST 2019
Ping: 25.537 ms
Download: 179.65 Mbit/s
Upload: 19.51 Mbit/s
Fri May 31 02:45:01 CEST 2019
Ping: 24.314 ms
Download: 275.08 Mbit/s
Upload: 19.87 Mbit/s
Fri May 31 03:45:01 CEST 2019
Ping: 24.312 ms
Download: 246.08 Mbit/s
Upload: 19.60 Mbit/s
Fri May 31 04:45:01 CEST 2019
Ping: 23.168 ms
Download: 229.56 Mbit/s
Upload: 19.34 Mbit/s
Fri May 31 05:45:01 CEST 2019
Ping: 24.256 ms
Download: 123.32 Mbit/s
Upload: 19.52 Mbit/s
Fri May 31 06:45:01 CEST 2019
Ping: 24.376 ms
Download: 289.59 Mbit/s
Upload: 19.57 Mbit/s
Fri May 31 07:45:02 CEST 2019
Ping: 26.444 ms
Download: 233.69 Mbit/s
Upload: 18.54 Mbit/s
Fri May 31 08:45:01 CEST 2019
Ping: 22.846 ms
Download: 264.02 Mbit/s
Upload: 19.37 Mbit/s
Fri May 31 09:45:01 CEST 2019
Ping: 24.557 ms
Download: 258.89 Mbit/s
Upload: 19.46 Mbit/s
Fri May 31 10:45:01 CEST 2019
Ping: 24.092 ms
Download: 138.09 Mbit/s
Upload: 19.06 Mbit/s
Fri May 31 11:45:01 CEST 2019
Ping: 25.304 ms
Download: 246.14 Mbit/s
Upload: 19.19 Mbit/s
Fri May 31 12:45:01 CEST 2019
Ping: 24.692 ms
Download: 231.35 Mbit/s
Upload: 19.00 Mbit/s
Fri May 31 13:45:01 CEST 2019
Ping: 26.523 ms
Download: 236.80 Mbit/s
Upload: 19.72 Mbit/s
Fri May 31 14:45:01 CEST 2019
Ping: 24.582 ms
Download: 226.03 Mbit/s
Upload: 17.96 Mbit/s
Fri May 31 15:45:01 CEST 2019
Ping: 24.068 ms
Download: 236.89 Mbit/s
Upload: 19.18 Mbit/s
Fri May 31 16:45:01 CEST 2019
Ping: 24.732 ms
Download: 89.85 Mbit/s
Upload: 17.30 Mbit/s
Fri May 31 17:45:01 CEST 2019
Ping: 26.006 ms
Download: 275.94 Mbit/s
Upload: 19.55 Mbit/s
Fri May 31 18:45:01 CEST 2019
Ping: 24.413 ms
Download: 101.48 Mbit/s
Upload: 19.30 Mbit/s
Fri May 31 19:45:01 CEST 2019
Ping: 26.853 ms
Download: 246.47 Mbit/s
Upload: 18.19 Mbit/s
Fri May 31 20:45:02 CEST 2019
Ping: 22.963 ms
Download: 210.38 Mbit/s
Upload: 19.68 Mbit/s
Fri May 31 21:45:01 CEST 2019
Ping: 25.075 ms
Download: 232.94 Mbit/s
Upload: 19.83 Mbit/s
Fri May 31 22:45:01 CEST 2019
Ping: 23.733 ms
Download: 196.36 Mbit/s
Upload: 19.39 Mbit/s
Fri May 31 23:45:02 CEST 2019
Ping: 25.016 ms
Download: 166.28 Mbit/s
Upload: 19.38 Mbit/s
