Tue Jan  1 00:45:01 CET 2019
Ping: 26.619 ms
Download: 121.49 Mbit/s
Upload: 5.55 Mbit/s
Tue Jan  1 01:45:02 CET 2019
Ping: 26.785 ms
Download: 125.44 Mbit/s
Upload: 5.54 Mbit/s
Tue Jan  1 02:45:02 CET 2019
Ping: 29.876 ms
Download: 118.17 Mbit/s
Upload: 5.46 Mbit/s
Tue Jan  1 03:45:01 CET 2019
Ping: 26.902 ms
Download: 126.38 Mbit/s
Upload: 5.58 Mbit/s
Tue Jan  1 04:45:01 CET 2019
Ping: 30.387 ms
Download: 114.20 Mbit/s
Upload: 5.62 Mbit/s
Tue Jan  1 05:45:01 CET 2019
Ping: 25.882 ms
Download: 121.08 Mbit/s
Upload: 4.05 Mbit/s
Tue Jan  1 06:45:01 CET 2019
Ping: 25.431 ms
Download: 126.15 Mbit/s
Upload: 5.62 Mbit/s
Tue Jan  1 07:45:01 CET 2019
Ping: 26.207 ms
Download: 125.04 Mbit/s
Upload: 5.63 Mbit/s
Tue Jan  1 08:45:02 CET 2019
Ping: 28.498 ms
Download: 102.32 Mbit/s
Upload: 5.61 Mbit/s
Tue Jan  1 09:45:01 CET 2019
Ping: 28.705 ms
Download: 122.85 Mbit/s
Upload: 5.55 Mbit/s
Tue Jan  1 10:45:01 CET 2019
Ping: 24.998 ms
Download: 117.69 Mbit/s
Upload: 5.53 Mbit/s
Tue Jan  1 11:45:01 CET 2019
Ping: 27.376 ms
Download: 124.30 Mbit/s
Upload: 5.55 Mbit/s
Tue Jan  1 12:45:01 CET 2019
Ping: 28.086 ms
Download: 116.11 Mbit/s
Upload: 5.29 Mbit/s
Tue Jan  1 13:45:01 CET 2019
Ping: 30.013 ms
Download: 121.66 Mbit/s
Upload: 5.45 Mbit/s
Tue Jan  1 14:45:01 CET 2019
Ping: 26.706 ms
Download: 122.68 Mbit/s
Upload: 5.44 Mbit/s
Tue Jan  1 15:45:01 CET 2019
Ping: 28.881 ms
Download: 124.95 Mbit/s
Upload: 5.40 Mbit/s
Tue Jan  1 16:45:01 CET 2019
Ping: 27.99 ms
Download: 118.17 Mbit/s
Upload: 5.48 Mbit/s
Tue Jan  1 17:45:01 CET 2019
Ping: 29.801 ms
Download: 122.72 Mbit/s
Upload: 5.46 Mbit/s
Tue Jan  1 18:45:02 CET 2019
Ping: 26.085 ms
Download: 119.67 Mbit/s
Upload: 5.60 Mbit/s
Tue Jan  1 19:45:01 CET 2019
Ping: 30.073 ms
Download: 124.00 Mbit/s
Upload: 5.44 Mbit/s
Tue Jan  1 20:45:01 CET 2019
Ping: 27.117 ms
Download: 124.40 Mbit/s
Upload: 5.59 Mbit/s
Tue Jan  1 21:45:01 CET 2019
Ping: 24.391 ms
Download: 114.05 Mbit/s
Upload: 5.34 Mbit/s
Tue Jan  1 22:45:01 CET 2019
Ping: 26.442 ms
Download: 116.23 Mbit/s
Upload: 5.32 Mbit/s
Tue Jan  1 23:45:01 CET 2019
Ping: 25.208 ms
Download: 125.48 Mbit/s
Upload: 5.62 Mbit/s
Wed Jan  2 00:45:01 CET 2019
Ping: 25.557 ms
Download: 119.62 Mbit/s
Upload: 5.65 Mbit/s
Wed Jan  2 01:45:01 CET 2019
Ping: 25.365 ms
Download: 126.28 Mbit/s
Upload: 5.63 Mbit/s
Wed Jan  2 02:45:01 CET 2019
Ping: 24.73 ms
Download: 127.25 Mbit/s
Upload: 5.57 Mbit/s
Wed Jan  2 03:45:01 CET 2019
Ping: 26.814 ms
Download: 127.23 Mbit/s
Upload: 5.61 Mbit/s
Wed Jan  2 04:45:01 CET 2019
Ping: 24.409 ms
Download: 121.12 Mbit/s
Upload: 5.62 Mbit/s
Wed Jan  2 05:45:02 CET 2019
Ping: 25.738 ms
Download: 127.11 Mbit/s
Upload: 5.64 Mbit/s
Wed Jan  2 06:45:01 CET 2019
Ping: 26.824 ms
Download: 115.91 Mbit/s
Upload: 5.55 Mbit/s
Wed Jan  2 07:45:01 CET 2019
Ping: 25.718 ms
Download: 123.12 Mbit/s
Upload: 5.58 Mbit/s
Wed Jan  2 08:45:02 CET 2019
Ping: 25.938 ms
Download: 120.68 Mbit/s
Upload: 5.59 Mbit/s
Wed Jan  2 09:45:01 CET 2019
Ping: 25.323 ms
Download: 116.08 Mbit/s
Upload: 5.65 Mbit/s
Wed Jan  2 10:45:01 CET 2019
Ping: 24.419 ms
Download: 118.70 Mbit/s
Upload: 5.45 Mbit/s
Wed Jan  2 11:45:01 CET 2019
Ping: 26.074 ms
Download: 117.15 Mbit/s
Upload: 5.65 Mbit/s
Wed Jan  2 12:45:01 CET 2019
Ping: 26.573 ms
Download: 123.45 Mbit/s
Upload: 5.54 Mbit/s
Wed Jan  2 13:45:01 CET 2019
Ping: 24.569 ms
Download: 119.33 Mbit/s
Upload: 5.61 Mbit/s
Wed Jan  2 14:45:01 CET 2019
Ping: 24.798 ms
Download: 120.81 Mbit/s
Upload: 5.62 Mbit/s
Wed Jan  2 15:45:01 CET 2019
Ping: 27.453 ms
Download: 121.72 Mbit/s
Upload: 5.46 Mbit/s
Wed Jan  2 16:45:01 CET 2019
Ping: 25.788 ms
Download: 126.80 Mbit/s
Upload: 5.64 Mbit/s
Wed Jan  2 17:45:01 CET 2019
Ping: 24.743 ms
Download: 124.11 Mbit/s
Upload: 5.56 Mbit/s
Wed Jan  2 18:45:01 CET 2019
Ping: 25.278 ms
Download: 127.08 Mbit/s
Upload: 4.77 Mbit/s
Wed Jan  2 19:45:01 CET 2019
Ping: 27.896 ms
Download: 109.96 Mbit/s
Upload: 5.48 Mbit/s
Wed Jan  2 20:45:01 CET 2019
Ping: 24.733 ms
Download: 99.36 Mbit/s
Upload: 5.27 Mbit/s
Wed Jan  2 21:45:01 CET 2019
Ping: 24.479 ms
Download: 126.49 Mbit/s
Upload: 5.57 Mbit/s
Wed Jan  2 22:45:01 CET 2019
Ping: 25.131 ms
Download: 124.46 Mbit/s
Upload: 5.57 Mbit/s
Wed Jan  2 23:45:01 CET 2019
Ping: 27.971 ms
Download: 124.50 Mbit/s
Upload: 5.60 Mbit/s
Thu Jan  3 00:45:01 CET 2019
Ping: 25.58 ms
Download: 109.12 Mbit/s
Upload: 5.30 Mbit/s
Thu Jan  3 01:45:02 CET 2019
Ping: 24.057 ms
Download: 126.95 Mbit/s
Upload: 5.50 Mbit/s
Thu Jan  3 02:45:01 CET 2019
Ping: 25.899 ms
Download: 90.13 Mbit/s
Upload: 5.53 Mbit/s
Thu Jan  3 03:45:01 CET 2019
Ping: 25.694 ms
Download: 125.41 Mbit/s
Upload: 5.54 Mbit/s
Thu Jan  3 04:45:01 CET 2019
Ping: 25.557 ms
Download: 123.54 Mbit/s
Upload: 5.43 Mbit/s
Thu Jan  3 05:45:01 CET 2019
Ping: 24.515 ms
Download: 109.70 Mbit/s
Upload: 5.57 Mbit/s
Thu Jan  3 06:45:01 CET 2019
Ping: 26.084 ms
Download: 121.21 Mbit/s
Upload: 5.53 Mbit/s
Thu Jan  3 07:45:01 CET 2019
Ping: 24.813 ms
Download: 119.78 Mbit/s
Upload: 5.31 Mbit/s
Thu Jan  3 08:45:01 CET 2019
Ping: 23.817 ms
Download: 115.65 Mbit/s
Upload: 5.52 Mbit/s
Thu Jan  3 09:45:01 CET 2019
Ping: 25.751 ms
Download: 120.68 Mbit/s
Upload: 5.49 Mbit/s
Thu Jan  3 10:45:01 CET 2019
Ping: 25.681 ms
Download: 124.97 Mbit/s
Upload: 5.53 Mbit/s
Thu Jan  3 11:45:01 CET 2019
Ping: 25.14 ms
Download: 125.78 Mbit/s
Upload: 5.59 Mbit/s
Thu Jan  3 12:45:01 CET 2019
Ping: 26.593 ms
Download: 125.35 Mbit/s
Upload: 5.54 Mbit/s
Thu Jan  3 13:45:01 CET 2019
Ping: 25.386 ms
Download: 118.77 Mbit/s
Upload: 5.53 Mbit/s
Thu Jan  3 14:45:01 CET 2019
Ping: 26.717 ms
Download: 124.34 Mbit/s
Upload: 5.52 Mbit/s
Thu Jan  3 15:45:01 CET 2019
Ping: 26.199 ms
Download: 119.97 Mbit/s
Upload: 5.56 Mbit/s
Thu Jan  3 16:45:01 CET 2019
Ping: 26.272 ms
Download: 120.94 Mbit/s
Upload: 5.37 Mbit/s
Thu Jan  3 17:45:01 CET 2019
Ping: 25.8 ms
Download: 110.31 Mbit/s
Upload: 5.45 Mbit/s
Thu Jan  3 18:45:01 CET 2019
Ping: 24.921 ms
Download: 116.59 Mbit/s
Upload: 5.49 Mbit/s
Thu Jan  3 19:45:02 CET 2019
Ping: 25.891 ms
Download: 122.72 Mbit/s
Upload: 5.50 Mbit/s
Thu Jan  3 20:45:02 CET 2019
Ping: 25.743 ms
Download: 96.05 Mbit/s
Upload: 5.26 Mbit/s
Thu Jan  3 21:45:01 CET 2019
Ping: 26.078 ms
Download: 121.21 Mbit/s
Upload: 5.23 Mbit/s
Thu Jan  3 22:45:01 CET 2019
Ping: 25.509 ms
Download: 113.51 Mbit/s
Upload: 5.30 Mbit/s
Thu Jan  3 23:45:01 CET 2019
Ping: 27.728 ms
Download: 122.76 Mbit/s
Upload: 5.52 Mbit/s
Fri Jan  4 00:45:01 CET 2019
Ping: 25.854 ms
Download: 117.84 Mbit/s
Upload: 5.39 Mbit/s
Fri Jan  4 01:45:01 CET 2019
Ping: 27.186 ms
Download: 123.26 Mbit/s
Upload: 5.60 Mbit/s
Fri Jan  4 02:45:01 CET 2019
Ping: 25.133 ms
Download: 122.69 Mbit/s
Upload: 5.55 Mbit/s
Fri Jan  4 03:45:02 CET 2019
Ping: 27.355 ms
Download: 114.45 Mbit/s
Upload: 5.52 Mbit/s
Fri Jan  4 04:45:01 CET 2019
Ping: 24.444 ms
Download: 127.46 Mbit/s
Upload: 5.41 Mbit/s
Fri Jan  4 05:45:01 CET 2019
Ping: 26.233 ms
Download: 124.23 Mbit/s
Upload: 5.59 Mbit/s
Fri Jan  4 06:45:01 CET 2019
Ping: 25.327 ms
Download: 115.94 Mbit/s
Upload: 5.57 Mbit/s
Fri Jan  4 07:45:01 CET 2019
Ping: 24.402 ms
Download: 124.96 Mbit/s
Upload: 5.57 Mbit/s
Fri Jan  4 08:45:01 CET 2019
Ping: 25.417 ms
Download: 107.91 Mbit/s
Upload: 5.28 Mbit/s
Fri Jan  4 09:45:01 CET 2019
Ping: 27.691 ms
Download: 99.94 Mbit/s
Upload: 5.51 Mbit/s
Fri Jan  4 10:45:01 CET 2019
Ping: 26.014 ms
Download: 110.75 Mbit/s
Upload: 5.30 Mbit/s
Fri Jan  4 11:45:02 CET 2019
Ping: 25.327 ms
Download: 119.28 Mbit/s
Upload: 5.33 Mbit/s
Fri Jan  4 12:45:02 CET 2019
Ping: 25.046 ms
Download: 125.88 Mbit/s
Upload: 5.53 Mbit/s
Fri Jan  4 13:45:01 CET 2019
Ping: 27.037 ms
Download: 123.88 Mbit/s
Upload: 5.56 Mbit/s
Fri Jan  4 14:45:01 CET 2019
Ping: 26.132 ms
Download: 112.96 Mbit/s
Upload: 5.40 Mbit/s
Fri Jan  4 15:45:02 CET 2019
Ping: 25.932 ms
Download: 125.36 Mbit/s
Upload: 5.50 Mbit/s
Fri Jan  4 16:45:01 CET 2019
Ping: 25.129 ms
Download: 114.40 Mbit/s
Upload: 5.27 Mbit/s
Fri Jan  4 17:45:01 CET 2019
Ping: 24.333 ms
Download: 121.52 Mbit/s
Upload: 5.54 Mbit/s
Fri Jan  4 18:45:02 CET 2019
Ping: 27.455 ms
Download: 116.98 Mbit/s
Upload: 5.20 Mbit/s
Fri Jan  4 19:45:01 CET 2019
Ping: 27.702 ms
Download: 122.34 Mbit/s
Upload: 5.26 Mbit/s
Fri Jan  4 20:45:01 CET 2019
Ping: 27.302 ms
Download: 121.02 Mbit/s
Upload: 5.38 Mbit/s
Fri Jan  4 21:45:01 CET 2019
Ping: 24.326 ms
Download: 106.52 Mbit/s
Upload: 5.42 Mbit/s
Fri Jan  4 22:45:01 CET 2019
Ping: 25.664 ms
Download: 123.01 Mbit/s
Upload: 5.48 Mbit/s
Fri Jan  4 23:45:01 CET 2019
Ping: 26.176 ms
Download: 94.61 Mbit/s
Upload: 5.11 Mbit/s
Sat Jan  5 00:45:01 CET 2019
Ping: 25.363 ms
Download: 122.57 Mbit/s
Upload: 5.50 Mbit/s
Sat Jan  5 01:45:01 CET 2019
Ping: 25.552 ms
Download: 126.59 Mbit/s
Upload: 5.58 Mbit/s
Sat Jan  5 02:45:01 CET 2019
Ping: 25.425 ms
Download: 121.15 Mbit/s
Upload: 5.61 Mbit/s
Sat Jan  5 03:45:01 CET 2019
Ping: 25.588 ms
Download: 112.12 Mbit/s
Upload: 5.55 Mbit/s
Sat Jan  5 04:45:02 CET 2019
Ping: 26.031 ms
Download: 126.22 Mbit/s
Upload: 5.63 Mbit/s
Sat Jan  5 05:45:01 CET 2019
Ping: 25.862 ms
Download: 110.38 Mbit/s
Upload: 5.59 Mbit/s
Sat Jan  5 06:45:01 CET 2019
Ping: 25.622 ms
Download: 126.23 Mbit/s
Upload: 5.61 Mbit/s
Sat Jan  5 07:45:01 CET 2019
Ping: 24.556 ms
Download: 125.66 Mbit/s
Upload: 5.55 Mbit/s
Sat Jan  5 08:45:01 CET 2019
Ping: 24.691 ms
Download: 120.96 Mbit/s
Upload: 5.55 Mbit/s
Sat Jan  5 09:45:01 CET 2019
Ping: 25.492 ms
Download: 114.08 Mbit/s
Upload: 5.45 Mbit/s
Sat Jan  5 10:45:01 CET 2019
Ping: 24.395 ms
Download: 110.03 Mbit/s
Upload: 5.47 Mbit/s
Sat Jan  5 11:45:01 CET 2019
Ping: 26.682 ms
Download: 120.38 Mbit/s
Upload: 5.49 Mbit/s
Sat Jan  5 12:45:01 CET 2019
Ping: 27.351 ms
Download: 122.68 Mbit/s
Upload: 5.49 Mbit/s
Sat Jan  5 13:45:01 CET 2019
Ping: 27.128 ms
Download: 120.82 Mbit/s
Upload: 5.52 Mbit/s
Sat Jan  5 14:45:01 CET 2019
Ping: 24.862 ms
Download: 109.42 Mbit/s
Upload: 5.62 Mbit/s
Sat Jan  5 15:45:01 CET 2019
Ping: 24.154 ms
Download: 116.27 Mbit/s
Upload: 5.49 Mbit/s
Sat Jan  5 16:45:01 CET 2019
Ping: 24.936 ms
Download: 122.60 Mbit/s
Upload: 5.49 Mbit/s
Sat Jan  5 17:45:01 CET 2019
Ping: 25.965 ms
Download: 116.26 Mbit/s
Upload: 5.50 Mbit/s
Sat Jan  5 18:45:01 CET 2019
Ping: 26.52 ms
Download: 126.34 Mbit/s
Upload: 5.48 Mbit/s
Sat Jan  5 19:45:01 CET 2019
Ping: 25.175 ms
Download: 118.32 Mbit/s
Upload: 5.42 Mbit/s
Sat Jan  5 20:45:01 CET 2019
Ping: 24.867 ms
Download: 96.98 Mbit/s
Upload: 5.54 Mbit/s
Sat Jan  5 21:45:01 CET 2019
Ping: 26.067 ms
Download: 126.19 Mbit/s
Upload: 5.51 Mbit/s
Sat Jan  5 22:45:01 CET 2019
Ping: 25.525 ms
Download: 116.02 Mbit/s
Upload: 5.50 Mbit/s
Sat Jan  5 23:45:01 CET 2019
Ping: 23.643 ms
Download: 126.31 Mbit/s
Upload: 5.57 Mbit/s
Sun Jan  6 00:45:01 CET 2019
Ping: 25.862 ms
Download: 115.57 Mbit/s
Upload: 5.60 Mbit/s
Sun Jan  6 01:45:01 CET 2019
Ping: 25.048 ms
Download: 118.72 Mbit/s
Upload: 5.54 Mbit/s
Sun Jan  6 02:45:01 CET 2019
Ping: 26.795 ms
Download: 126.53 Mbit/s
Upload: 5.58 Mbit/s
Sun Jan  6 03:45:01 CET 2019
Ping: 28.479 ms
Download: 126.39 Mbit/s
Upload: 5.59 Mbit/s
Sun Jan  6 04:45:01 CET 2019
Ping: 25.848 ms
Download: 126.99 Mbit/s
Upload: 5.63 Mbit/s
Sun Jan  6 05:45:01 CET 2019
Ping: 25.077 ms
Download: 125.29 Mbit/s
Upload: 5.63 Mbit/s
Sun Jan  6 06:45:01 CET 2019
Ping: 24.386 ms
Download: 126.80 Mbit/s
Upload: 5.60 Mbit/s
Sun Jan  6 07:45:01 CET 2019
Ping: 26.591 ms
Download: 113.34 Mbit/s
Upload: 5.40 Mbit/s
Sun Jan  6 08:45:02 CET 2019
Ping: 27.393 ms
Download: 102.39 Mbit/s
Upload: 5.30 Mbit/s
Sun Jan  6 09:45:01 CET 2019
Ping: 26.194 ms
Download: 104.58 Mbit/s
Upload: 5.28 Mbit/s
Sun Jan  6 10:45:01 CET 2019
Ping: 26.279 ms
Download: 123.46 Mbit/s
Upload: 5.55 Mbit/s
Sun Jan  6 11:45:01 CET 2019
Ping: 28.381 ms
Download: 100.76 Mbit/s
Upload: 5.49 Mbit/s
Sun Jan  6 12:45:02 CET 2019
Ping: 26.562 ms
Download: 120.33 Mbit/s
Upload: 5.30 Mbit/s
Sun Jan  6 13:45:01 CET 2019
Ping: 25.284 ms
Download: 125.68 Mbit/s
Upload: 5.52 Mbit/s
Sun Jan  6 14:45:02 CET 2019
Ping: 26.529 ms
Download: 122.79 Mbit/s
Upload: 5.37 Mbit/s
Sun Jan  6 15:45:02 CET 2019
Ping: 27.894 ms
Download: 111.03 Mbit/s
Upload: 5.10 Mbit/s
Sun Jan  6 16:45:01 CET 2019
Ping: 25.561 ms
Download: 120.47 Mbit/s
Upload: 5.54 Mbit/s
Sun Jan  6 17:45:01 CET 2019
Ping: 27.502 ms
Download: 118.11 Mbit/s
Upload: 5.45 Mbit/s
Sun Jan  6 18:45:01 CET 2019
Ping: 26.784 ms
Download: 115.64 Mbit/s
Upload: 5.51 Mbit/s
Sun Jan  6 19:45:01 CET 2019
Ping: 27.488 ms
Download: 120.18 Mbit/s
Upload: 5.55 Mbit/s
Sun Jan  6 20:45:01 CET 2019
Ping: 26.002 ms
Download: 120.26 Mbit/s
Upload: 5.36 Mbit/s
Sun Jan  6 21:45:01 CET 2019
Ping: 24.909 ms
Download: 118.14 Mbit/s
Upload: 5.55 Mbit/s
Sun Jan  6 22:45:01 CET 2019
Ping: 24.496 ms
Download: 118.22 Mbit/s
Upload: 4.81 Mbit/s
Sun Jan  6 23:45:01 CET 2019
Ping: 26.023 ms
Download: 116.85 Mbit/s
Upload: 5.63 Mbit/s
Mon Jan  7 00:45:01 CET 2019
Ping: 25.953 ms
Download: 111.74 Mbit/s
Upload: 5.56 Mbit/s
Mon Jan  7 01:45:01 CET 2019
Ping: 25.798 ms
Download: 120.36 Mbit/s
Upload: 5.62 Mbit/s
Mon Jan  7 02:45:01 CET 2019
Ping: 25.822 ms
Download: 107.24 Mbit/s
Upload: 5.50 Mbit/s
Mon Jan  7 03:45:01 CET 2019
Ping: 24.378 ms
Download: 127.84 Mbit/s
Upload: 5.61 Mbit/s
Mon Jan  7 04:45:01 CET 2019
Ping: 25.047 ms
Download: 126.91 Mbit/s
Upload: 5.61 Mbit/s
Mon Jan  7 05:45:01 CET 2019
Ping: 26.032 ms
Download: 126.72 Mbit/s
Upload: 5.57 Mbit/s
Mon Jan  7 06:45:01 CET 2019
Ping: 25.716 ms
Download: 122.10 Mbit/s
Upload: 5.49 Mbit/s
Mon Jan  7 07:45:01 CET 2019
Ping: 25.447 ms
Download: 127.38 Mbit/s
Upload: 5.61 Mbit/s
Mon Jan  7 08:45:01 CET 2019
Ping: 26.96 ms
Download: 113.15 Mbit/s
Upload: 5.62 Mbit/s
Mon Jan  7 09:45:01 CET 2019
Ping: 25.611 ms
Download: 126.31 Mbit/s
Upload: 5.61 Mbit/s
Mon Jan  7 10:45:01 CET 2019
Ping: 25.689 ms
Download: 115.83 Mbit/s
Upload: 5.53 Mbit/s
Mon Jan  7 11:45:01 CET 2019
Ping: 26.279 ms
Download: 126.50 Mbit/s
Upload: 5.58 Mbit/s
Mon Jan  7 12:45:01 CET 2019
Ping: 25.593 ms
Download: 123.02 Mbit/s
Upload: 5.60 Mbit/s
Mon Jan  7 13:45:01 CET 2019
Ping: 27.371 ms
Download: 118.44 Mbit/s
Upload: 4.84 Mbit/s
Mon Jan  7 14:45:01 CET 2019
Ping: 26.62 ms
Download: 91.70 Mbit/s
Upload: 5.46 Mbit/s
Mon Jan  7 15:45:01 CET 2019
Ping: 26.334 ms
Download: 127.19 Mbit/s
Upload: 5.53 Mbit/s
Mon Jan  7 16:45:01 CET 2019
Ping: 26.498 ms
Download: 122.36 Mbit/s
Upload: 5.52 Mbit/s
Mon Jan  7 17:45:01 CET 2019
Ping: 24.967 ms
Download: 114.19 Mbit/s
Upload: 5.61 Mbit/s
Mon Jan  7 18:45:01 CET 2019
Ping: 23.875 ms
Download: 116.83 Mbit/s
Upload: 5.06 Mbit/s
Mon Jan  7 19:45:01 CET 2019
Ping: 25.597 ms
Download: 119.96 Mbit/s
Upload: 5.24 Mbit/s
Mon Jan  7 20:45:01 CET 2019
Ping: 26.521 ms
Download: 118.51 Mbit/s
Upload: 5.34 Mbit/s
Mon Jan  7 21:45:02 CET 2019
Ping: 28.356 ms
Download: 124.78 Mbit/s
Upload: 5.58 Mbit/s
Mon Jan  7 22:45:01 CET 2019
Ping: 25.261 ms
Download: 106.42 Mbit/s
Upload: 5.53 Mbit/s
Mon Jan  7 23:45:01 CET 2019
Ping: 26.49 ms
Download: 114.46 Mbit/s
Upload: 5.53 Mbit/s
Tue Jan  8 00:45:01 CET 2019
Ping: 27.235 ms
Download: 123.98 Mbit/s
Upload: 5.59 Mbit/s
Tue Jan  8 01:45:01 CET 2019
Ping: 25.495 ms
Download: 124.57 Mbit/s
Upload: 5.55 Mbit/s
Tue Jan  8 02:45:01 CET 2019
Ping: 25.276 ms
Download: 115.39 Mbit/s
Upload: 5.60 Mbit/s
Tue Jan  8 03:45:01 CET 2019
Ping: 24.915 ms
Download: 124.20 Mbit/s
Upload: 5.57 Mbit/s
Tue Jan  8 04:45:01 CET 2019
Ping: 26.258 ms
Download: 123.56 Mbit/s
Upload: 5.55 Mbit/s
Tue Jan  8 05:45:01 CET 2019
Ping: 25.345 ms
Download: 123.44 Mbit/s
Upload: 5.64 Mbit/s
Tue Jan  8 06:45:01 CET 2019
Ping: 25.295 ms
Download: 125.71 Mbit/s
Upload: 5.45 Mbit/s
Tue Jan  8 07:45:01 CET 2019
Ping: 24.433 ms
Download: 123.27 Mbit/s
Upload: 5.61 Mbit/s
Tue Jan  8 08:45:01 CET 2019
Ping: 26.73 ms
Download: 121.45 Mbit/s
Upload: 5.27 Mbit/s
Tue Jan  8 09:45:01 CET 2019
Ping: 25.055 ms
Download: 125.57 Mbit/s
Upload: 5.49 Mbit/s
Tue Jan  8 10:45:01 CET 2019
Ping: 25.841 ms
Download: 122.84 Mbit/s
Upload: 5.31 Mbit/s
Tue Jan  8 11:45:01 CET 2019
Ping: 25.07 ms
Download: 122.04 Mbit/s
Upload: 5.54 Mbit/s
Tue Jan  8 12:45:01 CET 2019
Ping: 25.629 ms
Download: 116.82 Mbit/s
Upload: 5.60 Mbit/s
Tue Jan  8 13:45:01 CET 2019
Ping: 25.955 ms
Download: 113.59 Mbit/s
Upload: 5.51 Mbit/s
Tue Jan  8 14:45:01 CET 2019
Ping: 25.897 ms
Download: 108.28 Mbit/s
Upload: 5.15 Mbit/s
Tue Jan  8 15:45:01 CET 2019
Ping: 25.907 ms
Download: 113.89 Mbit/s
Upload: 5.17 Mbit/s
Tue Jan  8 16:45:02 CET 2019
Ping: 24.9 ms
Download: 117.93 Mbit/s
Upload: 5.50 Mbit/s
Tue Jan  8 17:45:01 CET 2019
Ping: 25.81 ms
Download: 125.17 Mbit/s
Upload: 5.37 Mbit/s
Tue Jan  8 18:45:01 CET 2019
Ping: 27.395 ms
Download: 118.37 Mbit/s
Upload: 5.51 Mbit/s
Tue Jan  8 19:45:01 CET 2019
Ping: 25.82 ms
Download: 127.73 Mbit/s
Upload: 5.54 Mbit/s
Tue Jan  8 20:45:01 CET 2019
Ping: 25.337 ms
Download: 121.57 Mbit/s
Upload: 5.62 Mbit/s
Tue Jan  8 21:45:01 CET 2019
Ping: 24.005 ms
Download: 123.04 Mbit/s
Upload: 5.15 Mbit/s
Tue Jan  8 22:45:01 CET 2019
Ping: 25.84 ms
Download: 126.22 Mbit/s
Upload: 5.63 Mbit/s
Tue Jan  8 23:45:01 CET 2019
Ping: 24.004 ms
Download: 105.99 Mbit/s
Upload: 5.61 Mbit/s
Wed Jan  9 00:45:02 CET 2019
Ping: 24.315 ms
Download: 124.23 Mbit/s
Upload: 5.57 Mbit/s
Wed Jan  9 01:45:01 CET 2019
Ping: 25.188 ms
Download: 124.61 Mbit/s
Upload: 5.58 Mbit/s
Wed Jan  9 02:45:02 CET 2019
Ping: 26.042 ms
Download: 123.46 Mbit/s
Upload: 5.56 Mbit/s
Wed Jan  9 03:45:01 CET 2019
Ping: 24.162 ms
Download: 121.29 Mbit/s
Upload: 5.62 Mbit/s
Wed Jan  9 04:45:01 CET 2019
Ping: 24.988 ms
Download: 122.83 Mbit/s
Upload: 5.59 Mbit/s
Wed Jan  9 05:45:01 CET 2019
Ping: 26.717 ms
Download: 117.17 Mbit/s
Upload: 5.64 Mbit/s
Wed Jan  9 06:45:01 CET 2019
Ping: 24.205 ms
Download: 121.52 Mbit/s
Upload: 5.58 Mbit/s
Wed Jan  9 07:45:01 CET 2019
Ping: 26.949 ms
Download: 124.42 Mbit/s
Upload: 5.56 Mbit/s
Wed Jan  9 08:45:01 CET 2019
Ping: 25.113 ms
Download: 120.39 Mbit/s
Upload: 5.60 Mbit/s
Wed Jan  9 09:45:01 CET 2019
Ping: 25.551 ms
Download: 123.28 Mbit/s
Upload: 5.56 Mbit/s
Wed Jan  9 10:45:01 CET 2019
Ping: 24.888 ms
Download: 117.58 Mbit/s
Upload: 5.52 Mbit/s
Wed Jan  9 11:45:01 CET 2019
Ping: 26.553 ms
Download: 126.42 Mbit/s
Upload: 5.53 Mbit/s
Wed Jan  9 12:45:01 CET 2019
Ping: 26.073 ms
Download: 127.01 Mbit/s
Upload: 5.58 Mbit/s
Wed Jan  9 13:45:01 CET 2019
Ping: 25.027 ms
Download: 125.37 Mbit/s
Upload: 5.60 Mbit/s
Wed Jan  9 14:45:01 CET 2019
Ping: 26.036 ms
Download: 127.08 Mbit/s
Upload: 5.47 Mbit/s
Wed Jan  9 15:45:01 CET 2019
Ping: 26.13 ms
Download: 122.18 Mbit/s
Upload: 5.44 Mbit/s
Wed Jan  9 16:45:01 CET 2019
Ping: 26.732 ms
Download: 122.10 Mbit/s
Upload: 5.50 Mbit/s
Wed Jan  9 17:45:01 CET 2019
Ping: 25.641 ms
Download: 120.27 Mbit/s
Upload: 5.51 Mbit/s
Wed Jan  9 18:45:01 CET 2019
Ping: 26.424 ms
Download: 118.92 Mbit/s
Upload: 5.47 Mbit/s
Wed Jan  9 19:45:02 CET 2019
Ping: 24.821 ms
Download: 118.55 Mbit/s
Upload: 5.51 Mbit/s
Wed Jan  9 20:45:01 CET 2019
Ping: 25.137 ms
Download: 121.08 Mbit/s
Upload: 5.58 Mbit/s
Wed Jan  9 21:45:01 CET 2019
Ping: 26.119 ms
Download: 107.17 Mbit/s
Upload: 5.17 Mbit/s
Wed Jan  9 22:45:01 CET 2019
Ping: 25.924 ms
Download: 122.33 Mbit/s
Upload: 5.56 Mbit/s
Wed Jan  9 23:45:01 CET 2019
Ping: 26.221 ms
Download: 117.48 Mbit/s
Upload: 5.63 Mbit/s
Thu Jan 10 00:45:01 CET 2019
Ping: 23.995 ms
Download: 120.18 Mbit/s
Upload: 5.61 Mbit/s
Thu Jan 10 01:45:01 CET 2019
Ping: 25.73 ms
Download: 125.47 Mbit/s
Upload: 5.12 Mbit/s
Thu Jan 10 02:45:01 CET 2019
Ping: 24.712 ms
Download: 122.92 Mbit/s
Upload: 5.50 Mbit/s
Thu Jan 10 03:45:01 CET 2019
Ping: 25.204 ms
Download: 123.98 Mbit/s
Upload: 5.65 Mbit/s
Thu Jan 10 04:45:01 CET 2019
Ping: 25.993 ms
Download: 117.77 Mbit/s
Upload: 5.48 Mbit/s
Thu Jan 10 05:45:01 CET 2019
Ping: 25.823 ms
Download: 117.03 Mbit/s
Upload: 5.63 Mbit/s
Thu Jan 10 06:45:01 CET 2019
Ping: 24.997 ms
Download: 121.99 Mbit/s
Upload: 5.54 Mbit/s
Thu Jan 10 07:45:01 CET 2019
Ping: 26.288 ms
Download: 124.34 Mbit/s
Upload: 5.58 Mbit/s
Thu Jan 10 08:45:01 CET 2019
Ping: 25.273 ms
Download: 126.30 Mbit/s
Upload: 5.62 Mbit/s
Thu Jan 10 09:45:01 CET 2019
Ping: 24.437 ms
Download: 119.59 Mbit/s
Upload: 5.54 Mbit/s
Thu Jan 10 10:45:02 CET 2019
Ping: 23.804 ms
Download: 111.38 Mbit/s
Upload: 5.63 Mbit/s
Thu Jan 10 11:45:01 CET 2019
Ping: 24.413 ms
Download: 112.76 Mbit/s
Upload: 5.38 Mbit/s
Thu Jan 10 12:45:01 CET 2019
Ping: 25.084 ms
Download: 117.10 Mbit/s
Upload: 5.62 Mbit/s
Thu Jan 10 13:45:01 CET 2019
Ping: 25.328 ms
Download: 125.77 Mbit/s
Upload: 5.55 Mbit/s
Thu Jan 10 14:45:01 CET 2019
Ping: 25.589 ms
Download: 117.88 Mbit/s
Upload: 5.53 Mbit/s
Thu Jan 10 15:45:01 CET 2019
Ping: 26.641 ms
Download: 120.22 Mbit/s
Upload: 5.45 Mbit/s
Thu Jan 10 16:45:01 CET 2019
Ping: 25.335 ms
Download: 100.53 Mbit/s
Upload: 5.44 Mbit/s
Thu Jan 10 17:45:01 CET 2019
Ping: 24.582 ms
Download: 123.91 Mbit/s
Upload: 5.28 Mbit/s
Thu Jan 10 18:45:01 CET 2019
Ping: 25.079 ms
Download: 115.71 Mbit/s
Upload: 5.40 Mbit/s
Thu Jan 10 19:45:01 CET 2019
Ping: 24.885 ms
Download: 116.29 Mbit/s
Upload: 5.45 Mbit/s
Thu Jan 10 20:45:01 CET 2019
Ping: 25.197 ms
Download: 108.63 Mbit/s
Upload: 5.31 Mbit/s
Thu Jan 10 21:45:02 CET 2019
Ping: 26.153 ms
Download: 126.85 Mbit/s
Upload: 5.60 Mbit/s
Thu Jan 10 22:45:02 CET 2019
Ping: 25.055 ms
Download: 111.30 Mbit/s
Upload: 5.59 Mbit/s
Thu Jan 10 23:45:01 CET 2019
Ping: 25.302 ms
Download: 118.58 Mbit/s
Upload: 5.62 Mbit/s
Fri Jan 11 00:45:01 CET 2019
Ping: 24.934 ms
Download: 124.25 Mbit/s
Upload: 5.61 Mbit/s
Fri Jan 11 01:45:01 CET 2019
Ping: 23.898 ms
Download: 124.44 Mbit/s
Upload: 5.61 Mbit/s
Fri Jan 11 02:45:01 CET 2019
Ping: 25.173 ms
Download: 126.31 Mbit/s
Upload: 5.63 Mbit/s
Fri Jan 11 03:45:01 CET 2019
Ping: 25.767 ms
Download: 126.67 Mbit/s
Upload: 5.59 Mbit/s
Fri Jan 11 04:45:01 CET 2019
Ping: 24.489 ms
Download: 113.81 Mbit/s
Upload: 5.60 Mbit/s
Fri Jan 11 05:45:02 CET 2019
Ping: 25.309 ms
Download: 121.28 Mbit/s
Upload: 5.63 Mbit/s
Fri Jan 11 06:45:02 CET 2019
Ping: 26.247 ms
Download: 123.93 Mbit/s
Upload: 5.54 Mbit/s
Fri Jan 11 07:45:01 CET 2019
Ping: 25.565 ms
Download: 122.74 Mbit/s
Upload: 5.54 Mbit/s
Fri Jan 11 08:45:02 CET 2019
Ping: 26.382 ms
Download: 127.01 Mbit/s
Upload: 5.53 Mbit/s
Fri Jan 11 09:45:01 CET 2019
Ping: 26.118 ms
Download: 126.53 Mbit/s
Upload: 5.59 Mbit/s
Fri Jan 11 10:45:01 CET 2019
Ping: 24.461 ms
Download: 124.24 Mbit/s
Upload: 5.39 Mbit/s
Fri Jan 11 11:45:01 CET 2019
Ping: 24.882 ms
Download: 124.18 Mbit/s
Upload: 5.59 Mbit/s
Fri Jan 11 12:45:01 CET 2019
Ping: 24.827 ms
Download: 120.42 Mbit/s
Upload: 5.59 Mbit/s
Fri Jan 11 13:45:01 CET 2019
Ping: 26.112 ms
Download: 121.29 Mbit/s
Upload: 5.35 Mbit/s
Fri Jan 11 14:45:01 CET 2019
Ping: 25.884 ms
Download: 112.25 Mbit/s
Upload: 5.62 Mbit/s
Fri Jan 11 15:45:01 CET 2019
Ping: 26.743 ms
Download: 125.11 Mbit/s
Upload: 5.55 Mbit/s
Fri Jan 11 16:45:01 CET 2019
Ping: 26.358 ms
Download: 124.73 Mbit/s
Upload: 5.56 Mbit/s
Fri Jan 11 17:45:01 CET 2019
Ping: 25.719 ms
Download: 122.22 Mbit/s
Upload: 5.58 Mbit/s
Fri Jan 11 18:45:01 CET 2019
Ping: 26.052 ms
Download: 122.98 Mbit/s
Upload: 5.63 Mbit/s
Fri Jan 11 19:45:01 CET 2019
Ping: 25.014 ms
Download: 124.70 Mbit/s
Upload: 5.58 Mbit/s
Fri Jan 11 20:45:01 CET 2019
Ping: 26.076 ms
Download: 122.81 Mbit/s
Upload: 5.61 Mbit/s
Fri Jan 11 21:45:01 CET 2019
Ping: 26.702 ms
Download: 107.47 Mbit/s
Upload: 5.28 Mbit/s
Fri Jan 11 22:45:01 CET 2019
Ping: 27.364 ms
Download: 123.26 Mbit/s
Upload: 5.54 Mbit/s
Fri Jan 11 23:45:01 CET 2019
Ping: 26.892 ms
Download: 119.21 Mbit/s
Upload: 5.52 Mbit/s
Sat Jan 12 00:45:01 CET 2019
Ping: 27.674 ms
Download: 123.22 Mbit/s
Upload: 5.44 Mbit/s
Sat Jan 12 01:45:01 CET 2019
Ping: 25.611 ms
Download: 110.20 Mbit/s
Upload: 5.55 Mbit/s
Sat Jan 12 02:45:01 CET 2019
Ping: 26.159 ms
Download: 123.54 Mbit/s
Upload: 5.56 Mbit/s
Sat Jan 12 03:45:02 CET 2019
Ping: 24.393 ms
Download: 115.31 Mbit/s
Upload: 5.51 Mbit/s
Sat Jan 12 04:45:01 CET 2019
Ping: 24.654 ms
Download: 126.93 Mbit/s
Upload: 5.47 Mbit/s
Sat Jan 12 05:45:02 CET 2019
Ping: 24.266 ms
Download: 117.79 Mbit/s
Upload: 5.55 Mbit/s
Sat Jan 12 06:45:01 CET 2019
Ping: 24.962 ms
Download: 125.98 Mbit/s
Upload: 5.59 Mbit/s
Sat Jan 12 07:45:01 CET 2019
Ping: 26.053 ms
Download: 104.53 Mbit/s
Upload: 5.56 Mbit/s
Sat Jan 12 08:45:01 CET 2019
Ping: 25.795 ms
Download: 120.80 Mbit/s
Upload: 5.57 Mbit/s
Sat Jan 12 09:45:01 CET 2019
Ping: 26.375 ms
Download: 115.37 Mbit/s
Upload: 5.57 Mbit/s
Sat Jan 12 10:45:01 CET 2019
Ping: 26.198 ms
Download: 110.37 Mbit/s
Upload: 5.38 Mbit/s
Sat Jan 12 11:45:01 CET 2019
Ping: 24.223 ms
Download: 124.63 Mbit/s
Upload: 5.56 Mbit/s
Sat Jan 12 12:45:01 CET 2019
Ping: 25.148 ms
Download: 124.06 Mbit/s
Upload: 5.50 Mbit/s
Sat Jan 12 13:45:01 CET 2019
Ping: 25.839 ms
Download: 125.51 Mbit/s
Upload: 5.56 Mbit/s
Sat Jan 12 14:45:01 CET 2019
Ping: 24.262 ms
Download: 121.94 Mbit/s
Upload: 5.55 Mbit/s
Sat Jan 12 15:45:01 CET 2019
Ping: 24.439 ms
Download: 123.06 Mbit/s
Upload: 5.50 Mbit/s
Sat Jan 12 16:45:01 CET 2019
Ping: 25.482 ms
Download: 117.28 Mbit/s
Upload: 5.52 Mbit/s
Sat Jan 12 17:45:01 CET 2019
Ping: 25.713 ms
Download: 123.66 Mbit/s
Upload: 5.50 Mbit/s
Sat Jan 12 18:45:01 CET 2019
Ping: 36.074 ms
Download: 110.17 Mbit/s
Upload: 4.91 Mbit/s
Sat Jan 12 19:45:01 CET 2019
Ping: 26.507 ms
Download: 125.97 Mbit/s
Upload: 5.57 Mbit/s
Sat Jan 12 20:45:01 CET 2019
Ping: 25.002 ms
Download: 122.23 Mbit/s
Upload: 5.63 Mbit/s
Sat Jan 12 21:45:01 CET 2019
Ping: 26.588 ms
Download: 123.01 Mbit/s
Upload: 5.48 Mbit/s
Sat Jan 12 22:45:01 CET 2019
Ping: 27.463 ms
Download: 114.86 Mbit/s
Upload: 5.45 Mbit/s
Sat Jan 12 23:45:01 CET 2019
Ping: 25.58 ms
Download: 119.51 Mbit/s
Upload: 5.53 Mbit/s
Sun Jan 13 00:45:01 CET 2019
Ping: 26.362 ms
Download: 124.18 Mbit/s
Upload: 5.51 Mbit/s
Sun Jan 13 01:45:01 CET 2019
Ping: 25.158 ms
Download: 126.68 Mbit/s
Upload: 5.51 Mbit/s
Sun Jan 13 02:45:01 CET 2019
Ping: 26.444 ms
Download: 116.90 Mbit/s
Upload: 5.66 Mbit/s
Sun Jan 13 03:45:01 CET 2019
Ping: 23.835 ms
Download: 122.73 Mbit/s
Upload: 5.57 Mbit/s
Sun Jan 13 04:45:01 CET 2019
Ping: 25.392 ms
Download: 125.30 Mbit/s
Upload: 5.61 Mbit/s
Sun Jan 13 05:45:01 CET 2019
Ping: 26.284 ms
Download: 127.47 Mbit/s
Upload: 5.47 Mbit/s
Sun Jan 13 06:45:01 CET 2019
Ping: 24.344 ms
Download: 125.42 Mbit/s
Upload: 5.62 Mbit/s
Sun Jan 13 07:45:01 CET 2019
Ping: 27.577 ms
Download: 122.10 Mbit/s
Upload: 5.09 Mbit/s
Sun Jan 13 08:45:01 CET 2019
Ping: 23.999 ms
Download: 118.96 Mbit/s
Upload: 5.26 Mbit/s
Sun Jan 13 09:45:01 CET 2019
Ping: 24.97 ms
Download: 104.68 Mbit/s
Upload: 5.60 Mbit/s
Sun Jan 13 10:45:01 CET 2019
Ping: 25.34 ms
Download: 117.46 Mbit/s
Upload: 5.58 Mbit/s
Sun Jan 13 11:45:01 CET 2019
Ping: 25.55 ms
Download: 124.14 Mbit/s
Upload: 5.54 Mbit/s
Sun Jan 13 12:45:01 CET 2019
Ping: 26.21 ms
Download: 119.07 Mbit/s
Upload: 5.40 Mbit/s
Sun Jan 13 13:45:01 CET 2019
Ping: 24.243 ms
Download: 115.45 Mbit/s
Upload: 5.48 Mbit/s
Sun Jan 13 14:45:01 CET 2019
Ping: 25.968 ms
Download: 121.99 Mbit/s
Upload: 5.48 Mbit/s
Sun Jan 13 15:45:01 CET 2019
Ping: 24.704 ms
Download: 125.04 Mbit/s
Upload: 5.55 Mbit/s
Sun Jan 13 16:45:02 CET 2019
Ping: 26.053 ms
Download: 122.23 Mbit/s
Upload: 5.59 Mbit/s
Sun Jan 13 17:45:01 CET 2019
Ping: 25.988 ms
Download: 123.04 Mbit/s
Upload: 5.55 Mbit/s
Sun Jan 13 18:45:02 CET 2019
Ping: 26.364 ms
Download: 125.52 Mbit/s
Upload: 5.44 Mbit/s
Sun Jan 13 19:45:01 CET 2019
Ping: 24.83 ms
Download: 118.75 Mbit/s
Upload: 5.53 Mbit/s
Sun Jan 13 20:45:01 CET 2019
Ping: 25.663 ms
Download: 126.63 Mbit/s
Upload: 5.49 Mbit/s
Sun Jan 13 21:45:01 CET 2019
Ping: 27.503 ms
Download: 115.24 Mbit/s
Upload: 5.56 Mbit/s
Sun Jan 13 22:45:01 CET 2019
Ping: 26.385 ms
Download: 122.79 Mbit/s
Upload: 5.44 Mbit/s
Sun Jan 13 23:45:01 CET 2019
Ping: 24.645 ms
Download: 126.75 Mbit/s
Upload: 5.57 Mbit/s
Mon Jan 14 00:45:01 CET 2019
Ping: 24.882 ms
Download: 110.19 Mbit/s
Upload: 5.63 Mbit/s
Mon Jan 14 01:45:01 CET 2019
Ping: 26.286 ms
Download: 124.65 Mbit/s
Upload: 5.18 Mbit/s
Mon Jan 14 02:45:01 CET 2019
Ping: 26.379 ms
Download: 123.88 Mbit/s
Upload: 5.31 Mbit/s
Mon Jan 14 03:45:01 CET 2019
Ping: 25.013 ms
Download: 126.65 Mbit/s
Upload: 5.57 Mbit/s
Mon Jan 14 04:45:01 CET 2019
Ping: 24.571 ms
Download: 116.87 Mbit/s
Upload: 5.57 Mbit/s
Mon Jan 14 05:45:01 CET 2019
Ping: 26.102 ms
Download: 123.69 Mbit/s
Upload: 5.63 Mbit/s
Mon Jan 14 06:45:01 CET 2019
Ping: 24.809 ms
Download: 122.06 Mbit/s
Upload: 5.12 Mbit/s
Mon Jan 14 07:45:01 CET 2019
Ping: 25.554 ms
Download: 125.75 Mbit/s
Upload: 5.60 Mbit/s
Mon Jan 14 08:45:01 CET 2019
Ping: 25.143 ms
Download: 123.77 Mbit/s
Upload: 5.57 Mbit/s
Mon Jan 14 09:45:01 CET 2019
Ping: 25.783 ms
Download: 113.51 Mbit/s
Upload: 5.58 Mbit/s
Mon Jan 14 10:45:01 CET 2019
Ping: 25.279 ms
Download: 113.68 Mbit/s
Upload: 5.63 Mbit/s
Mon Jan 14 11:45:01 CET 2019
Ping: 25.798 ms
Download: 125.61 Mbit/s
Upload: 5.61 Mbit/s
Mon Jan 14 12:45:01 CET 2019
Ping: 25.316 ms
Download: 123.54 Mbit/s
Upload: 5.58 Mbit/s
Mon Jan 14 13:45:01 CET 2019
Ping: 25.465 ms
Download: 124.25 Mbit/s
Upload: 5.50 Mbit/s
Mon Jan 14 14:45:01 CET 2019
Ping: 25.148 ms
Download: 116.52 Mbit/s
Upload: 5.59 Mbit/s
Mon Jan 14 15:45:01 CET 2019
Ping: 26.365 ms
Download: 100.60 Mbit/s
Upload: 5.48 Mbit/s
Mon Jan 14 16:45:01 CET 2019
Ping: 27.415 ms
Download: 121.10 Mbit/s
Upload: 5.56 Mbit/s
Mon Jan 14 17:45:01 CET 2019
Ping: 26.899 ms
Download: 114.99 Mbit/s
Upload: 5.56 Mbit/s
Mon Jan 14 18:45:01 CET 2019
Ping: 25.661 ms
Download: 121.68 Mbit/s
Upload: 5.44 Mbit/s
Mon Jan 14 19:45:01 CET 2019
Ping: 26.044 ms
Download: 125.74 Mbit/s
Upload: 5.55 Mbit/s
Mon Jan 14 20:45:01 CET 2019
Ping: 25.84 ms
Download: 115.57 Mbit/s
Upload: 5.61 Mbit/s
Mon Jan 14 21:45:01 CET 2019
Ping: 25.302 ms
Download: 124.45 Mbit/s
Upload: 5.56 Mbit/s
Mon Jan 14 22:45:02 CET 2019
Ping: 26.134 ms
Download: 114.06 Mbit/s
Upload: 5.41 Mbit/s
Mon Jan 14 23:45:01 CET 2019
Ping: 25.31 ms
Download: 115.72 Mbit/s
Upload: 5.48 Mbit/s
Tue Jan 15 00:45:02 CET 2019
Ping: 24.614 ms
Download: 118.98 Mbit/s
Upload: 5.59 Mbit/s
Tue Jan 15 01:45:01 CET 2019
Ping: 27.05 ms
Download: 115.94 Mbit/s
Upload: 5.59 Mbit/s
Tue Jan 15 02:45:01 CET 2019
Ping: 26.19 ms
Download: 123.92 Mbit/s
Upload: 5.24 Mbit/s
Tue Jan 15 03:45:01 CET 2019
Ping: 25.675 ms
Download: 121.47 Mbit/s
Upload: 5.62 Mbit/s
Tue Jan 15 04:45:01 CET 2019
Ping: 26.111 ms
Download: 122.17 Mbit/s
Upload: 5.64 Mbit/s
Tue Jan 15 05:45:01 CET 2019
Ping: 25.212 ms
Download: 119.98 Mbit/s
Upload: 5.63 Mbit/s
Tue Jan 15 06:45:01 CET 2019
Ping: 24.828 ms
Download: 120.96 Mbit/s
Upload: 5.57 Mbit/s
Tue Jan 15 07:45:01 CET 2019
Ping: 23.874 ms
Download: 127.02 Mbit/s
Upload: 5.55 Mbit/s
Tue Jan 15 08:45:01 CET 2019
Ping: 26.091 ms
Download: 118.96 Mbit/s
Upload: 5.53 Mbit/s
Tue Jan 15 09:45:01 CET 2019
Ping: 24.735 ms
Download: 126.74 Mbit/s
Upload: 5.46 Mbit/s
Tue Jan 15 10:45:01 CET 2019
Ping: 26.178 ms
Download: 119.50 Mbit/s
Upload: 5.53 Mbit/s
Tue Jan 15 11:45:01 CET 2019
Ping: 25.082 ms
Download: 110.59 Mbit/s
Upload: 5.62 Mbit/s
Tue Jan 15 12:45:01 CET 2019
Ping: 25.468 ms
Download: 113.65 Mbit/s
Upload: 5.49 Mbit/s
Tue Jan 15 13:45:01 CET 2019
Ping: 24.433 ms
Download: 122.93 Mbit/s
Upload: 5.43 Mbit/s
Tue Jan 15 14:45:01 CET 2019
Ping: 25.517 ms
Download: 118.57 Mbit/s
Upload: 5.59 Mbit/s
Tue Jan 15 15:45:01 CET 2019
Ping: 26.405 ms
Download: 124.31 Mbit/s
Upload: 5.59 Mbit/s
Tue Jan 15 16:45:01 CET 2019
Ping: 25.486 ms
Download: 118.67 Mbit/s
Upload: 5.52 Mbit/s
Tue Jan 15 17:45:01 CET 2019
Ping: 27.202 ms
Download: 117.29 Mbit/s
Upload: 5.46 Mbit/s
Tue Jan 15 18:45:01 CET 2019
Ping: 26.396 ms
Download: 120.15 Mbit/s
Upload: 5.53 Mbit/s
Tue Jan 15 19:45:01 CET 2019
Ping: 26.68 ms
Download: 122.13 Mbit/s
Upload: 5.58 Mbit/s
Tue Jan 15 20:45:01 CET 2019
Ping: 26.878 ms
Download: 119.81 Mbit/s
Upload: 5.59 Mbit/s
Tue Jan 15 21:45:01 CET 2019
Ping: 26.937 ms
Download: 109.74 Mbit/s
Upload: 5.57 Mbit/s
Tue Jan 15 22:45:01 CET 2019
Ping: 26.807 ms
Download: 116.80 Mbit/s
Upload: 5.42 Mbit/s
Tue Jan 15 23:45:01 CET 2019
Ping: 26.57 ms
Download: 120.13 Mbit/s
Upload: 5.62 Mbit/s
Wed Jan 16 00:45:01 CET 2019
Ping: 26.161 ms
Download: 121.24 Mbit/s
Upload: 5.63 Mbit/s
Wed Jan 16 01:45:01 CET 2019
Ping: 24.671 ms
Download: 125.55 Mbit/s
Upload: 5.63 Mbit/s
Wed Jan 16 02:45:01 CET 2019
Ping: 25.66 ms
Download: 114.91 Mbit/s
Upload: 5.58 Mbit/s
Wed Jan 16 03:45:01 CET 2019
Ping: 25.39 ms
Download: 125.07 Mbit/s
Upload: 5.52 Mbit/s
Wed Jan 16 04:45:01 CET 2019
Ping: 25.091 ms
Download: 125.54 Mbit/s
Upload: 5.63 Mbit/s
Wed Jan 16 05:45:02 CET 2019
Ping: 25.614 ms
Download: 121.67 Mbit/s
Upload: 5.52 Mbit/s
Wed Jan 16 06:45:02 CET 2019
Ping: 24.339 ms
Download: 122.62 Mbit/s
Upload: 5.60 Mbit/s
Wed Jan 16 07:45:01 CET 2019
Ping: 24.793 ms
Download: 124.38 Mbit/s
Upload: 5.59 Mbit/s
Wed Jan 16 08:45:01 CET 2019
Ping: 26.447 ms
Download: 125.60 Mbit/s
Upload: 5.59 Mbit/s
Wed Jan 16 09:45:01 CET 2019
Ping: 27.167 ms
Download: 127.43 Mbit/s
Upload: 5.58 Mbit/s
Wed Jan 16 10:45:01 CET 2019
Ping: 25.127 ms
Download: 116.73 Mbit/s
Upload: 5.50 Mbit/s
Wed Jan 16 11:45:01 CET 2019
Ping: 24.677 ms
Download: 118.63 Mbit/s
Upload: 5.61 Mbit/s
Wed Jan 16 12:45:01 CET 2019
Ping: 24.732 ms
Download: 104.71 Mbit/s
Upload: 5.45 Mbit/s
Wed Jan 16 13:45:01 CET 2019
Ping: 26.069 ms
Download: 123.08 Mbit/s
Upload: 5.55 Mbit/s
Wed Jan 16 14:45:01 CET 2019
Ping: 26.55 ms
Download: 118.50 Mbit/s
Upload: 5.57 Mbit/s
Wed Jan 16 15:45:01 CET 2019
Ping: 26.49 ms
Download: 116.29 Mbit/s
Upload: 5.54 Mbit/s
Wed Jan 16 16:45:01 CET 2019
Ping: 25.598 ms
Download: 118.78 Mbit/s
Upload: 5.65 Mbit/s
Wed Jan 16 17:45:01 CET 2019
Ping: 24.693 ms
Download: 106.76 Mbit/s
Upload: 5.41 Mbit/s
Wed Jan 16 18:45:01 CET 2019
Ping: 27.074 ms
Download: 114.33 Mbit/s
Upload: 5.56 Mbit/s
Wed Jan 16 19:45:01 CET 2019
Ping: 26.267 ms
Download: 126.37 Mbit/s
Upload: 5.40 Mbit/s
Wed Jan 16 20:45:01 CET 2019
Ping: 24.728 ms
Download: 111.77 Mbit/s
Upload: 5.50 Mbit/s
Wed Jan 16 21:45:01 CET 2019
Ping: 25.273 ms
Download: 118.36 Mbit/s
Upload: 5.42 Mbit/s
Wed Jan 16 22:45:01 CET 2019
Ping: 23.739 ms
Download: 120.30 Mbit/s
Upload: 5.39 Mbit/s
Wed Jan 16 23:45:01 CET 2019
Ping: 26.409 ms
Download: 124.68 Mbit/s
Upload: 5.61 Mbit/s
Thu Jan 17 00:45:01 CET 2019
Ping: 26.502 ms
Download: 117.35 Mbit/s
Upload: 5.63 Mbit/s
Thu Jan 17 01:45:01 CET 2019
Ping: 26.086 ms
Download: 126.96 Mbit/s
Upload: 5.61 Mbit/s
Thu Jan 17 02:45:01 CET 2019
Ping: 26.647 ms
Download: 122.08 Mbit/s
Upload: 5.61 Mbit/s
Thu Jan 17 03:45:01 CET 2019
Ping: 26.684 ms
Download: 122.08 Mbit/s
Upload: 5.61 Mbit/s
Thu Jan 17 04:45:01 CET 2019
Ping: 24.087 ms
Download: 127.21 Mbit/s
Upload: 5.58 Mbit/s
Thu Jan 17 05:45:01 CET 2019
Ping: 24.28 ms
Download: 126.12 Mbit/s
Upload: 5.47 Mbit/s
Thu Jan 17 06:45:01 CET 2019
Ping: 26.487 ms
Download: 117.29 Mbit/s
Upload: 5.61 Mbit/s
Thu Jan 17 07:45:01 CET 2019
Ping: 24.466 ms
Download: 124.33 Mbit/s
Upload: 5.63 Mbit/s
Thu Jan 17 08:45:01 CET 2019
Ping: 25.191 ms
Download: 117.20 Mbit/s
Upload: 5.59 Mbit/s
Thu Jan 17 09:45:01 CET 2019
Ping: 25.544 ms
Download: 122.34 Mbit/s
Upload: 5.65 Mbit/s
Thu Jan 17 10:45:02 CET 2019
Ping: 25.449 ms
Download: 103.96 Mbit/s
Upload: 5.58 Mbit/s
Thu Jan 17 11:45:01 CET 2019
Ping: 25.499 ms
Download: 127.00 Mbit/s
Upload: 5.56 Mbit/s
Thu Jan 17 12:45:01 CET 2019
Ping: 25.443 ms
Download: 108.16 Mbit/s
Upload: 5.47 Mbit/s
Thu Jan 17 13:45:01 CET 2019
Ping: 25.082 ms
Download: 116.74 Mbit/s
Upload: 5.58 Mbit/s
Thu Jan 17 14:45:01 CET 2019
Ping: 25.644 ms
Download: 108.21 Mbit/s
Upload: 5.56 Mbit/s
Thu Jan 17 15:45:01 CET 2019
Ping: 25.182 ms
Download: 118.33 Mbit/s
Upload: 5.47 Mbit/s
Thu Jan 17 16:45:01 CET 2019
Ping: 25.482 ms
Download: 123.87 Mbit/s
Upload: 5.58 Mbit/s
Thu Jan 17 17:45:01 CET 2019
Ping: 26.079 ms
Download: 121.48 Mbit/s
Upload: 5.49 Mbit/s
Thu Jan 17 18:45:01 CET 2019
Ping: 26.379 ms
Download: 125.07 Mbit/s
Upload: 5.57 Mbit/s
Thu Jan 17 19:45:01 CET 2019
Ping: 26.255 ms
Download: 108.03 Mbit/s
Upload: 5.33 Mbit/s
Thu Jan 17 20:45:01 CET 2019
Ping: 25.99 ms
Download: 110.22 Mbit/s
Upload: 5.40 Mbit/s
Thu Jan 17 21:45:01 CET 2019
Ping: 27.393 ms
Download: 112.97 Mbit/s
Upload: 5.39 Mbit/s
Thu Jan 17 22:45:01 CET 2019
Ping: 25.39 ms
Download: 126.24 Mbit/s
Upload: 5.48 Mbit/s
Thu Jan 17 23:45:01 CET 2019
Ping: 25.383 ms
Download: 115.87 Mbit/s
Upload: 5.60 Mbit/s
Fri Jan 18 00:45:01 CET 2019
Ping: 24.565 ms
Download: 126.78 Mbit/s
Upload: 5.60 Mbit/s
Fri Jan 18 01:45:01 CET 2019
Ping: 25.444 ms
Download: 124.73 Mbit/s
Upload: 5.58 Mbit/s
Fri Jan 18 02:45:01 CET 2019
Ping: 25.031 ms
Download: 123.23 Mbit/s
Upload: 5.63 Mbit/s
Fri Jan 18 03:45:01 CET 2019
Ping: 24.301 ms
Download: 127.72 Mbit/s
Upload: 5.57 Mbit/s
Fri Jan 18 04:45:01 CET 2019
Ping: 26.49 ms
Download: 127.44 Mbit/s
Upload: 5.60 Mbit/s
Fri Jan 18 05:45:01 CET 2019
Ping: 25.167 ms
Download: 123.93 Mbit/s
Upload: 5.61 Mbit/s
Fri Jan 18 06:45:01 CET 2019
Ping: 25.806 ms
Download: 113.94 Mbit/s
Upload: 5.59 Mbit/s
Fri Jan 18 07:45:01 CET 2019
Ping: 23.843 ms
Download: 126.01 Mbit/s
Upload: 5.61 Mbit/s
Fri Jan 18 08:45:01 CET 2019
Ping: 25.407 ms
Download: 127.14 Mbit/s
Upload: 5.61 Mbit/s
Fri Jan 18 09:45:01 CET 2019
Ping: 25.124 ms
Download: 118.06 Mbit/s
Upload: 5.61 Mbit/s
Fri Jan 18 10:45:01 CET 2019
Ping: 25.455 ms
Download: 121.59 Mbit/s
Upload: 5.63 Mbit/s
Fri Jan 18 11:45:01 CET 2019
Ping: 25.342 ms
Download: 127.12 Mbit/s
Upload: 5.50 Mbit/s
Fri Jan 18 12:45:02 CET 2019
Ping: 26.371 ms
Download: 122.68 Mbit/s
Upload: 5.60 Mbit/s
Fri Jan 18 13:45:01 CET 2019
Ping: 24.889 ms
Download: 126.79 Mbit/s
Upload: 5.62 Mbit/s
Fri Jan 18 14:45:01 CET 2019
Ping: 26.291 ms
Download: 124.60 Mbit/s
Upload: 5.54 Mbit/s
Fri Jan 18 15:45:01 CET 2019
Ping: 25.345 ms
Download: 118.37 Mbit/s
Upload: 5.61 Mbit/s
Fri Jan 18 16:45:01 CET 2019
Ping: 27.127 ms
Download: 121.18 Mbit/s
Upload: 5.50 Mbit/s
Fri Jan 18 17:45:01 CET 2019
Ping: 25.297 ms
Download: 115.41 Mbit/s
Upload: 5.55 Mbit/s
Fri Jan 18 18:45:01 CET 2019
Ping: 25.257 ms
Download: 120.81 Mbit/s
Upload: 5.58 Mbit/s
Fri Jan 18 19:45:01 CET 2019
Ping: 23.815 ms
Download: 109.59 Mbit/s
Upload: 5.14 Mbit/s
Fri Jan 18 20:45:01 CET 2019
Ping: 26.397 ms
Download: 116.77 Mbit/s
Upload: 4.99 Mbit/s
Fri Jan 18 21:45:01 CET 2019
Ping: 26.999 ms
Download: 123.92 Mbit/s
Upload: 5.43 Mbit/s
Fri Jan 18 22:45:02 CET 2019
Ping: 25.291 ms
Download: 116.97 Mbit/s
Upload: 5.46 Mbit/s
Fri Jan 18 23:45:01 CET 2019
Ping: 25.302 ms
Download: 119.53 Mbit/s
Upload: 5.43 Mbit/s
Sat Jan 19 00:45:01 CET 2019
Ping: 28.155 ms
Download: 118.21 Mbit/s
Upload: 5.58 Mbit/s
Sat Jan 19 01:45:01 CET 2019
Ping: 24.734 ms
Download: 124.47 Mbit/s
Upload: 5.62 Mbit/s
Sat Jan 19 02:45:01 CET 2019
Ping: 25.281 ms
Download: 125.33 Mbit/s
Upload: 5.45 Mbit/s
Sat Jan 19 03:45:01 CET 2019
Ping: 26.375 ms
Download: 126.12 Mbit/s
Upload: 5.58 Mbit/s
Sat Jan 19 04:45:01 CET 2019
Ping: 26.59 ms
Download: 109.82 Mbit/s
Upload: 5.62 Mbit/s
Sat Jan 19 05:45:02 CET 2019
Ping: 25.023 ms
Download: 117.90 Mbit/s
Upload: 5.46 Mbit/s
Sat Jan 19 06:45:01 CET 2019
Ping: 23.762 ms
Download: 124.05 Mbit/s
Upload: 5.50 Mbit/s
Sat Jan 19 07:45:01 CET 2019
Ping: 26.56 ms
Download: 119.57 Mbit/s
Upload: 5.48 Mbit/s
Sat Jan 19 08:45:01 CET 2019
Ping: 26.583 ms
Download: 116.18 Mbit/s
Upload: 5.48 Mbit/s
Sat Jan 19 09:45:01 CET 2019
Ping: 26.705 ms
Download: 100.82 Mbit/s
Upload: 5.56 Mbit/s
Sat Jan 19 10:45:01 CET 2019
Ping: 26.225 ms
Download: 121.11 Mbit/s
Upload: 5.59 Mbit/s
Sat Jan 19 11:45:01 CET 2019
Ping: 26.757 ms
Download: 118.37 Mbit/s
Upload: 5.51 Mbit/s
Sat Jan 19 12:45:02 CET 2019
Ping: 26.171 ms
Download: 125.39 Mbit/s
Upload: 5.52 Mbit/s
Sat Jan 19 13:45:01 CET 2019
Ping: 25.898 ms
Download: 113.34 Mbit/s
Upload: 5.49 Mbit/s
Sat Jan 19 14:45:01 CET 2019
Ping: 25.091 ms
Download: 116.39 Mbit/s
Upload: 5.41 Mbit/s
Sat Jan 19 15:45:01 CET 2019
Ping: 25.049 ms
Download: 124.43 Mbit/s
Upload: 5.62 Mbit/s
Sat Jan 19 16:45:01 CET 2019
Ping: 25.111 ms
Download: 110.64 Mbit/s
Upload: 5.52 Mbit/s
Sat Jan 19 17:45:01 CET 2019
Ping: 25.035 ms
Download: 126.74 Mbit/s
Upload: 5.52 Mbit/s
Sat Jan 19 18:45:01 CET 2019
Ping: 27.148 ms
Download: 127.27 Mbit/s
Upload: 5.58 Mbit/s
Sat Jan 19 19:45:01 CET 2019
Ping: 26.137 ms
Download: 114.50 Mbit/s
Upload: 5.48 Mbit/s
Sat Jan 19 20:45:01 CET 2019
Ping: 26.731 ms
Download: 122.63 Mbit/s
Upload: 5.47 Mbit/s
Sat Jan 19 21:45:01 CET 2019
Ping: 25.874 ms
Download: 111.90 Mbit/s
Upload: 5.53 Mbit/s
Sat Jan 19 22:45:01 CET 2019
Ping: 25.029 ms
Download: 118.13 Mbit/s
Upload: 5.55 Mbit/s
Sat Jan 19 23:45:01 CET 2019
Ping: 26.565 ms
Download: 121.34 Mbit/s
Upload: 5.53 Mbit/s
Sun Jan 20 00:45:01 CET 2019
Ping: 26.395 ms
Download: 126.00 Mbit/s
Upload: 5.58 Mbit/s
Sun Jan 20 01:45:01 CET 2019
Ping: 27.688 ms
Download: 125.22 Mbit/s
Upload: 5.59 Mbit/s
Sun Jan 20 02:45:01 CET 2019
Ping: 25.039 ms
Download: 113.08 Mbit/s
Upload: 5.56 Mbit/s
Sun Jan 20 03:45:01 CET 2019
Ping: 27.379 ms
Download: 116.53 Mbit/s
Upload: 5.63 Mbit/s
Sun Jan 20 04:45:01 CET 2019
Ping: 25.8 ms
Download: 125.70 Mbit/s
Upload: 5.54 Mbit/s
Sun Jan 20 05:45:01 CET 2019
Ping: 27.977 ms
Download: 124.65 Mbit/s
Upload: 5.59 Mbit/s
Sun Jan 20 06:45:01 CET 2019
Ping: 24.988 ms
Download: 124.90 Mbit/s
Upload: 5.56 Mbit/s
Sun Jan 20 07:45:01 CET 2019
Ping: 26.303 ms
Download: 119.74 Mbit/s
Upload: 5.59 Mbit/s
Sun Jan 20 08:45:01 CET 2019
Ping: 25.098 ms
Download: 126.38 Mbit/s
Upload: 5.57 Mbit/s
Sun Jan 20 09:45:01 CET 2019
Ping: 24.82 ms
Download: 122.38 Mbit/s
Upload: 5.57 Mbit/s
Sun Jan 20 10:45:01 CET 2019
Ping: 24.651 ms
Download: 122.78 Mbit/s
Upload: 5.58 Mbit/s
Sun Jan 20 11:45:01 CET 2019
Ping: 25.49 ms
Download: 115.90 Mbit/s
Upload: 5.36 Mbit/s
Sun Jan 20 12:45:01 CET 2019
Ping: 26.399 ms
Download: 117.69 Mbit/s
Upload: 5.54 Mbit/s
Sun Jan 20 13:45:01 CET 2019
Ping: 27.622 ms
Download: 96.51 Mbit/s
Upload: 5.51 Mbit/s
Sun Jan 20 14:45:01 CET 2019
Ping: 27.047 ms
Download: 125.83 Mbit/s
Upload: 5.57 Mbit/s
Sun Jan 20 15:45:01 CET 2019
Ping: 27.652 ms
Download: 114.40 Mbit/s
Upload: 5.55 Mbit/s
Sun Jan 20 16:45:01 CET 2019
Ping: 25.327 ms
Download: 124.66 Mbit/s
Upload: 5.51 Mbit/s
Sun Jan 20 17:45:01 CET 2019
Ping: 25.144 ms
Download: 121.68 Mbit/s
Upload: 5.56 Mbit/s
Sun Jan 20 18:45:01 CET 2019
Ping: 25.716 ms
Download: 120.17 Mbit/s
Upload: 5.54 Mbit/s
Sun Jan 20 19:45:01 CET 2019
Ping: 27.483 ms
Download: 120.04 Mbit/s
Upload: 5.39 Mbit/s
Sun Jan 20 20:45:01 CET 2019
Ping: 24.481 ms
Download: 115.93 Mbit/s
Upload: 5.38 Mbit/s
Sun Jan 20 21:45:01 CET 2019
Ping: 25.465 ms
Download: 122.91 Mbit/s
Upload: 5.38 Mbit/s
Sun Jan 20 22:45:01 CET 2019
Ping: 26.452 ms
Download: 127.87 Mbit/s
Upload: 5.63 Mbit/s
Sun Jan 20 23:45:01 CET 2019
Ping: 24.91 ms
Download: 114.79 Mbit/s
Upload: 5.52 Mbit/s
Mon Jan 21 00:45:01 CET 2019
Ping: 27.538 ms
Download: 127.05 Mbit/s
Upload: 5.65 Mbit/s
Mon Jan 21 01:45:01 CET 2019
Ping: 25.152 ms
Download: 121.93 Mbit/s
Upload: 5.30 Mbit/s
Mon Jan 21 02:45:01 CET 2019
Ping: 27.083 ms
Download: 126.94 Mbit/s
Upload: 5.63 Mbit/s
Mon Jan 21 03:45:01 CET 2019
Ping: 28.324 ms
Download: 117.28 Mbit/s
Upload: 5.58 Mbit/s
Mon Jan 21 04:45:01 CET 2019
Ping: 24.791 ms
Download: 107.10 Mbit/s
Upload: 5.58 Mbit/s
Mon Jan 21 05:45:01 CET 2019
Ping: 25.929 ms
Download: 126.09 Mbit/s
Upload: 5.61 Mbit/s
Mon Jan 21 06:45:01 CET 2019
Ping: 26.525 ms
Download: 126.56 Mbit/s
Upload: 5.63 Mbit/s
Mon Jan 21 07:45:01 CET 2019
Ping: 26.047 ms
Download: 125.14 Mbit/s
Upload: 5.59 Mbit/s
Mon Jan 21 08:45:01 CET 2019
Ping: 28.034 ms
Download: 124.22 Mbit/s
Upload: 5.64 Mbit/s
Mon Jan 21 09:45:01 CET 2019
Ping: 26.049 ms
Download: 126.26 Mbit/s
Upload: 5.63 Mbit/s
Mon Jan 21 10:45:01 CET 2019
Ping: 26.04 ms
Download: 116.48 Mbit/s
Upload: 5.60 Mbit/s
Mon Jan 21 11:45:01 CET 2019
Ping: 25.19 ms
Download: 121.73 Mbit/s
Upload: 5.57 Mbit/s
Mon Jan 21 12:45:02 CET 2019
Ping: 24.202 ms
Download: 115.82 Mbit/s
Upload: 5.62 Mbit/s
Mon Jan 21 13:45:01 CET 2019
Ping: 24.922 ms
Download: 123.39 Mbit/s
Upload: 5.37 Mbit/s
Mon Jan 21 14:45:01 CET 2019
Ping: 25.401 ms
Download: 108.50 Mbit/s
Upload: 5.61 Mbit/s
Mon Jan 21 15:45:01 CET 2019
Ping: 25.826 ms
Download: 122.74 Mbit/s
Upload: 5.56 Mbit/s
Mon Jan 21 16:45:01 CET 2019
Ping: 25.919 ms
Download: 122.10 Mbit/s
Upload: 5.58 Mbit/s
Mon Jan 21 17:45:01 CET 2019
Ping: 24.963 ms
Download: 116.90 Mbit/s
Upload: 5.56 Mbit/s
Mon Jan 21 18:45:01 CET 2019
Ping: 24.962 ms
Download: 112.59 Mbit/s
Upload: 5.54 Mbit/s
Mon Jan 21 19:45:01 CET 2019
Ping: 26.711 ms
Download: 104.67 Mbit/s
Upload: 5.03 Mbit/s
Mon Jan 21 20:45:01 CET 2019
Ping: 26.433 ms
Download: 117.32 Mbit/s
Upload: 5.43 Mbit/s
Mon Jan 21 21:45:01 CET 2019
Ping: 25.051 ms
Download: 123.69 Mbit/s
Upload: 5.60 Mbit/s
Mon Jan 21 22:45:01 CET 2019
Ping: 25.513 ms
Download: 121.22 Mbit/s
Upload: 5.59 Mbit/s
Mon Jan 21 23:45:02 CET 2019
Ping: 26.412 ms
Download: 113.53 Mbit/s
Upload: 5.56 Mbit/s
Tue Jan 22 00:45:01 CET 2019
Ping: 23.983 ms
Download: 127.32 Mbit/s
Upload: 5.63 Mbit/s
Tue Jan 22 01:45:01 CET 2019
Ping: 25.097 ms
Download: 118.00 Mbit/s
Upload: 5.57 Mbit/s
Tue Jan 22 02:45:01 CET 2019
Ping: 26.377 ms
Download: 126.33 Mbit/s
Upload: 5.52 Mbit/s
Tue Jan 22 03:45:02 CET 2019
Ping: 25.346 ms
Download: 127.81 Mbit/s
Upload: 5.57 Mbit/s
Tue Jan 22 04:45:01 CET 2019
Ping: 25.973 ms
Download: 127.01 Mbit/s
Upload: 5.43 Mbit/s
Tue Jan 22 05:45:01 CET 2019
Ping: 25.739 ms
Download: 127.43 Mbit/s
Upload: 5.48 Mbit/s
Tue Jan 22 06:45:01 CET 2019
Ping: 27.252 ms
Download: 125.99 Mbit/s
Upload: 5.62 Mbit/s
Tue Jan 22 07:45:01 CET 2019
Ping: 25.329 ms
Download: 120.98 Mbit/s
Upload: 5.65 Mbit/s
Tue Jan 22 08:45:01 CET 2019
Ping: 25.467 ms
Download: 123.51 Mbit/s
Upload: 5.44 Mbit/s
Tue Jan 22 09:45:01 CET 2019
Ping: 26.049 ms
Download: 126.57 Mbit/s
Upload: 5.60 Mbit/s
Tue Jan 22 10:45:01 CET 2019
Ping: 26.17 ms
Download: 123.20 Mbit/s
Upload: 5.52 Mbit/s
Tue Jan 22 11:45:01 CET 2019
Ping: 25.531 ms
Download: 125.75 Mbit/s
Upload: 5.58 Mbit/s
Tue Jan 22 12:45:01 CET 2019
Ping: 24.674 ms
Download: 116.68 Mbit/s
Upload: 5.56 Mbit/s
Tue Jan 22 13:45:01 CET 2019
Ping: 27.035 ms
Download: 121.09 Mbit/s
Upload: 5.47 Mbit/s
Tue Jan 22 14:45:01 CET 2019
Ping: 24.551 ms
Download: 106.41 Mbit/s
Upload: 5.50 Mbit/s
Tue Jan 22 15:45:01 CET 2019
Ping: 25.148 ms
Download: 122.07 Mbit/s
Upload: 5.60 Mbit/s
Tue Jan 22 16:45:02 CET 2019
Ping: 24.63 ms
Download: 125.58 Mbit/s
Upload: 5.61 Mbit/s
Tue Jan 22 17:45:01 CET 2019
Ping: 25.916 ms
Download: 121.07 Mbit/s
Upload: 5.46 Mbit/s
Tue Jan 22 18:45:01 CET 2019
Ping: 24.995 ms
Download: 118.99 Mbit/s
Upload: 5.57 Mbit/s
Tue Jan 22 19:45:01 CET 2019
Ping: 25.491 ms
Download: 120.04 Mbit/s
Upload: 5.45 Mbit/s
Tue Jan 22 20:45:01 CET 2019
Ping: 25.877 ms
Download: 120.28 Mbit/s
Upload: 5.47 Mbit/s
Tue Jan 22 21:45:01 CET 2019
Ping: 26.4 ms
Download: 123.54 Mbit/s
Upload: 5.47 Mbit/s
Tue Jan 22 22:45:01 CET 2019
Ping: 26.254 ms
Download: 113.65 Mbit/s
Upload: 5.44 Mbit/s
Tue Jan 22 23:45:01 CET 2019
Ping: 24.932 ms
Download: 121.94 Mbit/s
Upload: 5.59 Mbit/s
Wed Jan 23 00:45:01 CET 2019
Ping: 25.385 ms
Download: 122.51 Mbit/s
Upload: 4.82 Mbit/s
Wed Jan 23 01:45:01 CET 2019
Ping: 25.022 ms
Download: 126.23 Mbit/s
Upload: 5.58 Mbit/s
Wed Jan 23 02:45:01 CET 2019
Ping: 27.682 ms
Download: 124.40 Mbit/s
Upload: 5.58 Mbit/s
Wed Jan 23 03:45:01 CET 2019
Ping: 25.084 ms
Download: 123.57 Mbit/s
Upload: 5.54 Mbit/s
Wed Jan 23 04:45:01 CET 2019
Ping: 25.073 ms
Download: 126.90 Mbit/s
Upload: 5.60 Mbit/s
Wed Jan 23 05:45:01 CET 2019
Ping: 26.413 ms
Download: 126.01 Mbit/s
Upload: 5.39 Mbit/s
Wed Jan 23 06:45:01 CET 2019
Ping: 24.522 ms
Download: 119.35 Mbit/s
Upload: 5.54 Mbit/s
Wed Jan 23 07:45:01 CET 2019
Ping: 25.071 ms
Download: 121.48 Mbit/s
Upload: 5.49 Mbit/s
Wed Jan 23 08:45:01 CET 2019
Ping: 25.23 ms
Download: 119.86 Mbit/s
Upload: 5.47 Mbit/s
Wed Jan 23 09:45:01 CET 2019
Ping: 25.39 ms
Download: 126.76 Mbit/s
Upload: 5.50 Mbit/s
Wed Jan 23 10:45:01 CET 2019
Ping: 24.77 ms
Download: 121.54 Mbit/s
Upload: 5.40 Mbit/s
Wed Jan 23 11:45:01 CET 2019
Ping: 25.358 ms
Download: 126.50 Mbit/s
Upload: 5.53 Mbit/s
Wed Jan 23 12:45:01 CET 2019
Ping: 25.044 ms
Download: 125.02 Mbit/s
Upload: 5.44 Mbit/s
Wed Jan 23 13:45:01 CET 2019
Ping: 26.063 ms
Download: 114.36 Mbit/s
Upload: 5.28 Mbit/s
Wed Jan 23 14:45:01 CET 2019
Ping: 26.14 ms
Download: 118.36 Mbit/s
Upload: 5.47 Mbit/s
Wed Jan 23 15:45:01 CET 2019
Ping: 26.097 ms
Download: 124.30 Mbit/s
Upload: 5.47 Mbit/s
Wed Jan 23 16:45:01 CET 2019
Ping: 24.669 ms
Download: 123.47 Mbit/s
Upload: 5.48 Mbit/s
Wed Jan 23 17:45:02 CET 2019
Ping: 24.787 ms
Download: 116.81 Mbit/s
Upload: 5.54 Mbit/s
Wed Jan 23 18:45:01 CET 2019
Ping: 25.872 ms
Download: 118.20 Mbit/s
Upload: 5.34 Mbit/s
Wed Jan 23 19:45:01 CET 2019
Ping: 25.973 ms
Download: 117.31 Mbit/s
Upload: 5.46 Mbit/s
Wed Jan 23 20:45:01 CET 2019
Ping: 24.555 ms
Download: 120.67 Mbit/s
Upload: 5.59 Mbit/s
Wed Jan 23 21:45:01 CET 2019
Ping: 24.739 ms
Download: 126.11 Mbit/s
Upload: 5.60 Mbit/s
Wed Jan 23 22:45:01 CET 2019
Ping: 24.824 ms
Download: 126.20 Mbit/s
Upload: 5.56 Mbit/s
Wed Jan 23 23:45:01 CET 2019
Ping: 26.272 ms
Download: 125.32 Mbit/s
Upload: 5.59 Mbit/s
Thu Jan 24 00:45:01 CET 2019
Ping: 24.967 ms
Download: 126.83 Mbit/s
Upload: 5.61 Mbit/s
Thu Jan 24 01:45:01 CET 2019
Ping: 26.175 ms
Download: 117.52 Mbit/s
Upload: 5.61 Mbit/s
Thu Jan 24 02:45:01 CET 2019
Ping: 24.258 ms
Download: 126.52 Mbit/s
Upload: 5.64 Mbit/s
Thu Jan 24 03:45:02 CET 2019
Ping: 24.758 ms
Download: 126.44 Mbit/s
Upload: 5.59 Mbit/s
Thu Jan 24 04:45:01 CET 2019
Ping: 26.064 ms
Download: 118.72 Mbit/s
Upload: 5.61 Mbit/s
Thu Jan 24 05:45:01 CET 2019
Ping: 25.588 ms
Download: 118.34 Mbit/s
Upload: 5.58 Mbit/s
Thu Jan 24 06:45:01 CET 2019
Ping: 25.693 ms
Download: 125.11 Mbit/s
Upload: 5.48 Mbit/s
Thu Jan 24 07:45:01 CET 2019
Ping: 25.587 ms
Download: 125.03 Mbit/s
Upload: 5.60 Mbit/s
Thu Jan 24 08:45:01 CET 2019
Ping: 24.144 ms
Download: 120.02 Mbit/s
Upload: 5.51 Mbit/s
Thu Jan 24 09:45:01 CET 2019
Ping: 23.862 ms
Download: 123.62 Mbit/s
Upload: 5.58 Mbit/s
Thu Jan 24 10:45:01 CET 2019
Ping: 24.767 ms
Download: 123.51 Mbit/s
Upload: 5.52 Mbit/s
Thu Jan 24 11:45:01 CET 2019
Ping: 26.223 ms
Download: 115.82 Mbit/s
Upload: 5.56 Mbit/s
Thu Jan 24 12:45:01 CET 2019
Ping: 24.597 ms
Download: 120.46 Mbit/s
Upload: 5.59 Mbit/s
Thu Jan 24 13:45:01 CET 2019
Ping: 25.153 ms
Download: 111.07 Mbit/s
Upload: 5.59 Mbit/s
Thu Jan 24 14:45:01 CET 2019
Ping: 24.603 ms
Download: 108.76 Mbit/s
Upload: 5.48 Mbit/s
Thu Jan 24 15:45:01 CET 2019
Ping: 24.427 ms
Download: 104.20 Mbit/s
Upload: 5.19 Mbit/s
Thu Jan 24 16:45:01 CET 2019
Ping: 27.207 ms
Download: 115.40 Mbit/s
Upload: 5.28 Mbit/s
Thu Jan 24 17:45:01 CET 2019
Ping: 25.067 ms
Download: 110.22 Mbit/s
Upload: 5.54 Mbit/s
Thu Jan 24 18:45:01 CET 2019
Ping: 25.838 ms
Download: 103.96 Mbit/s
Upload: 5.53 Mbit/s
Thu Jan 24 19:45:01 CET 2019
Ping: 27.141 ms
Download: 109.98 Mbit/s
Upload: 5.46 Mbit/s
Thu Jan 24 20:45:01 CET 2019
Ping: 27.718 ms
Download: 112.39 Mbit/s
Upload: 5.50 Mbit/s
Thu Jan 24 21:45:01 CET 2019
Ping: 25.047 ms
Download: 110.06 Mbit/s
Upload: 5.53 Mbit/s
Thu Jan 24 22:45:01 CET 2019
Ping: 24.381 ms
Download: 120.08 Mbit/s
Upload: 5.49 Mbit/s
Thu Jan 24 23:45:01 CET 2019
Ping: 25.39 ms
Download: 123.24 Mbit/s
Upload: 5.56 Mbit/s
Fri Jan 25 00:45:01 CET 2019
Ping: 24.37 ms
Download: 123.96 Mbit/s
Upload: 5.50 Mbit/s
Fri Jan 25 01:45:01 CET 2019
Ping: 25.059 ms
Download: 124.63 Mbit/s
Upload: 5.56 Mbit/s
Fri Jan 25 02:45:01 CET 2019
Ping: 25.129 ms
Download: 113.57 Mbit/s
Upload: 5.65 Mbit/s
Fri Jan 25 03:45:01 CET 2019
Ping: 25.204 ms
Download: 127.18 Mbit/s
Upload: 5.56 Mbit/s
Fri Jan 25 04:45:01 CET 2019
Ping: 25.751 ms
Download: 118.01 Mbit/s
Upload: 5.61 Mbit/s
Fri Jan 25 05:45:01 CET 2019
Ping: 26.386 ms
Download: 126.39 Mbit/s
Upload: 5.63 Mbit/s
Fri Jan 25 06:45:01 CET 2019
Ping: 25.313 ms
Download: 126.03 Mbit/s
Upload: 5.43 Mbit/s
Fri Jan 25 07:45:01 CET 2019
Ping: 24.613 ms
Download: 125.57 Mbit/s
Upload: 5.60 Mbit/s
Fri Jan 25 08:45:01 CET 2019
Ping: 24.315 ms
Download: 123.57 Mbit/s
Upload: 5.46 Mbit/s
Fri Jan 25 09:45:01 CET 2019
Ping: 24.799 ms
Download: 127.65 Mbit/s
Upload: 5.28 Mbit/s
Fri Jan 25 10:45:01 CET 2019
Ping: 25.637 ms
Download: 114.13 Mbit/s
Upload: 5.61 Mbit/s
Fri Jan 25 11:45:01 CET 2019
Ping: 27.79 ms
Download: 121.10 Mbit/s
Upload: 5.63 Mbit/s
Fri Jan 25 12:45:01 CET 2019
Ping: 25.168 ms
Download: 114.30 Mbit/s
Upload: 5.52 Mbit/s
Fri Jan 25 13:45:01 CET 2019
Ping: 28.566 ms
Download: 98.92 Mbit/s
Upload: 5.36 Mbit/s
Fri Jan 25 14:45:01 CET 2019
Ping: 24.85 ms
Download: 115.01 Mbit/s
Upload: 5.53 Mbit/s
Fri Jan 25 15:45:01 CET 2019
Ping: 26.086 ms
Download: 112.13 Mbit/s
Upload: 5.57 Mbit/s
Fri Jan 25 16:45:01 CET 2019
Ping: 28.535 ms
Download: 127.12 Mbit/s
Upload: 5.54 Mbit/s
Fri Jan 25 17:45:01 CET 2019
Ping: 26.654 ms
Download: 116.02 Mbit/s
Upload: 5.59 Mbit/s
Fri Jan 25 18:45:01 CET 2019
Ping: 28.692 ms
Download: 113.28 Mbit/s
Upload: 5.44 Mbit/s
Fri Jan 25 19:45:01 CET 2019
Ping: 28.223 ms
Download: 117.83 Mbit/s
Upload: 5.55 Mbit/s
Fri Jan 25 20:45:01 CET 2019
Ping: 26.185 ms
Download: 115.64 Mbit/s
Upload: 5.54 Mbit/s
Fri Jan 25 21:45:01 CET 2019
Ping: 26.434 ms
Download: 115.21 Mbit/s
Upload: 5.59 Mbit/s
Fri Jan 25 22:45:01 CET 2019
Ping: 25.769 ms
Download: 120.85 Mbit/s
Upload: 5.59 Mbit/s
Fri Jan 25 23:45:01 CET 2019
Ping: 25.334 ms
Download: 118.84 Mbit/s
Upload: 5.46 Mbit/s
Sat Jan 26 00:45:01 CET 2019
Ping: 28.007 ms
Download: 126.65 Mbit/s
Upload: 5.54 Mbit/s
Sat Jan 26 01:45:01 CET 2019
Ping: 23.823 ms
Download: 126.19 Mbit/s
Upload: 5.51 Mbit/s
Sat Jan 26 02:45:01 CET 2019
Ping: 27.717 ms
Download: 126.15 Mbit/s
Upload: 5.62 Mbit/s
Sat Jan 26 03:45:01 CET 2019
Ping: 23.709 ms
Download: 127.68 Mbit/s
Upload: 4.19 Mbit/s
Sat Jan 26 04:45:01 CET 2019
Ping: 24.981 ms
Download: 125.27 Mbit/s
Upload: 5.51 Mbit/s
Sat Jan 26 05:45:01 CET 2019
Ping: 25.259 ms
Download: 121.93 Mbit/s
Upload: 5.65 Mbit/s
Sat Jan 26 06:45:01 CET 2019
Ping: 24.318 ms
Download: 114.99 Mbit/s
Upload: 5.30 Mbit/s
Sat Jan 26 07:45:01 CET 2019
Ping: 25.056 ms
Download: 121.75 Mbit/s
Upload: 5.55 Mbit/s
Sat Jan 26 08:45:01 CET 2019
Ping: 25.129 ms
Download: 114.64 Mbit/s
Upload: 5.46 Mbit/s
Sat Jan 26 09:45:01 CET 2019
Ping: 24.53 ms
Download: 116.39 Mbit/s
Upload: 5.34 Mbit/s
Sat Jan 26 09:45:01 CET 2019
Ping: 26.276 ms
Download: 123.25 Mbit/s
Upload: 5.38 Mbit/s
Sat Jan 26 10:45:01 CET 2019
Ping: 24.97 ms
Download: 126.21 Mbit/s
Upload: 5.43 Mbit/s
Sat Jan 26 11:45:01 CET 2019
Ping: 25.284 ms
Download: 119.17 Mbit/s
Upload: 5.55 Mbit/s
Sat Jan 26 12:45:01 CET 2019
Ping: 27.504 ms
Download: 120.83 Mbit/s
Upload: 5.36 Mbit/s
Sat Jan 26 13:45:01 CET 2019
Ping: 26.489 ms
Download: 122.61 Mbit/s
Upload: 5.46 Mbit/s
Sat Jan 26 14:45:01 CET 2019
Ping: 28.545 ms
Download: 111.76 Mbit/s
Upload: 5.51 Mbit/s
Sat Jan 26 15:45:01 CET 2019
Ping: 26.05 ms
Download: 101.04 Mbit/s
Upload: 5.53 Mbit/s
Sat Jan 26 16:45:01 CET 2019
Ping: 27.256 ms
Download: 122.10 Mbit/s
Upload: 5.57 Mbit/s
Sat Jan 26 17:45:01 CET 2019
Ping: 25.462 ms
Download: 127.26 Mbit/s
Upload: 5.59 Mbit/s
Sat Jan 26 18:45:01 CET 2019
Ping: 25.549 ms
Download: 117.29 Mbit/s
Upload: 5.39 Mbit/s
Sat Jan 26 19:45:01 CET 2019
Ping: 27.284 ms
Download: 122.67 Mbit/s
Upload: 5.12 Mbit/s
Sat Jan 26 20:45:01 CET 2019
Ping: 27.886 ms
Download: 102.57 Mbit/s
Upload: 5.32 Mbit/s
Sat Jan 26 21:45:01 CET 2019
Ping: 25.257 ms
Download: 65.24 Mbit/s
Upload: 5.34 Mbit/s
Sat Jan 26 22:45:01 CET 2019
Ping: 25.645 ms
Download: 125.94 Mbit/s
Upload: 5.56 Mbit/s
Sat Jan 26 23:45:01 CET 2019
Ping: 24.98 ms
Download: 122.74 Mbit/s
Upload: 5.57 Mbit/s
Sun Jan 27 00:45:01 CET 2019
Ping: 24.963 ms
Download: 115.54 Mbit/s
Upload: 5.59 Mbit/s
Sun Jan 27 01:45:01 CET 2019
Ping: 24.744 ms
Download: 127.75 Mbit/s
Upload: 5.59 Mbit/s
Sun Jan 27 02:45:01 CET 2019
Ping: 24.938 ms
Download: 123.04 Mbit/s
Upload: 5.57 Mbit/s
Sun Jan 27 03:45:01 CET 2019
Ping: 27.174 ms
Download: 123.26 Mbit/s
Upload: 5.63 Mbit/s
Sun Jan 27 04:45:01 CET 2019
Ping: 25.087 ms
Download: 122.99 Mbit/s
Upload: 5.57 Mbit/s
Sun Jan 27 05:45:01 CET 2019
Ping: 25.096 ms
Download: 116.29 Mbit/s
Upload: 5.48 Mbit/s
Sun Jan 27 06:45:01 CET 2019
Ping: 25.069 ms
Download: 108.69 Mbit/s
Upload: 5.45 Mbit/s
Sun Jan 27 07:45:01 CET 2019
Ping: 25.211 ms
Download: 109.59 Mbit/s
Upload: 5.61 Mbit/s
Sun Jan 27 08:45:01 CET 2019
Ping: 26.628 ms
Download: 118.98 Mbit/s
Upload: 5.39 Mbit/s
Sun Jan 27 09:45:01 CET 2019
Ping: 26.194 ms
Download: 125.35 Mbit/s
Upload: 5.51 Mbit/s
Sun Jan 27 10:45:01 CET 2019
Ping: 27.232 ms
Download: 117.62 Mbit/s
Upload: 5.48 Mbit/s
Sun Jan 27 11:45:01 CET 2019
Ping: 26.104 ms
Download: 116.49 Mbit/s
Upload: 5.53 Mbit/s
Sun Jan 27 12:45:01 CET 2019
Ping: 26.568 ms
Download: 117.79 Mbit/s
Upload: 5.56 Mbit/s
Sun Jan 27 13:45:01 CET 2019
Ping: 24.619 ms
Download: 119.25 Mbit/s
Upload: 5.54 Mbit/s
Sun Jan 27 14:45:01 CET 2019
Ping: 26.849 ms
Download: 118.35 Mbit/s
Upload: 5.34 Mbit/s
Sun Jan 27 15:45:01 CET 2019
Ping: 28.568 ms
Download: 120.41 Mbit/s
Upload: 5.50 Mbit/s
Sun Jan 27 16:45:01 CET 2019
Ping: 26.923 ms
Download: 103.95 Mbit/s
Upload: 5.45 Mbit/s
Sun Jan 27 17:45:01 CET 2019
Ping: 26.603 ms
Download: 119.96 Mbit/s
Upload: 5.60 Mbit/s
Sun Jan 27 18:45:01 CET 2019
Ping: 24.87 ms
Download: 123.89 Mbit/s
Upload: 5.56 Mbit/s
Sun Jan 27 19:45:01 CET 2019
Ping: 25.19 ms
Download: 118.11 Mbit/s
Upload: 5.48 Mbit/s
Sun Jan 27 20:45:02 CET 2019
Ping: 29.605 ms
Download: 114.15 Mbit/s
Upload: 5.62 Mbit/s
Sun Jan 27 21:45:01 CET 2019
Ping: 28.673 ms
Download: 120.85 Mbit/s
Upload: 5.62 Mbit/s
Sun Jan 27 22:45:01 CET 2019
Ping: 26.71 ms
Download: 126.96 Mbit/s
Upload: 5.65 Mbit/s
Sun Jan 27 23:45:01 CET 2019
Ping: 24.985 ms
Download: 125.76 Mbit/s
Upload: 5.58 Mbit/s
Mon Jan 28 00:45:01 CET 2019
Ping: 26.382 ms
Download: 120.95 Mbit/s
Upload: 5.58 Mbit/s
Mon Jan 28 01:45:01 CET 2019
Ping: 26.736 ms
Download: 125.49 Mbit/s
Upload: 5.64 Mbit/s
Mon Jan 28 02:45:01 CET 2019
Ping: 25.012 ms
Download: 121.13 Mbit/s
Upload: 5.53 Mbit/s
Mon Jan 28 03:45:01 CET 2019
Ping: 23.608 ms
Download: 127.00 Mbit/s
Upload: 5.55 Mbit/s
Mon Jan 28 04:45:01 CET 2019
Ping: 24.917 ms
Download: 116.04 Mbit/s
Upload: 5.54 Mbit/s
Mon Jan 28 05:45:01 CET 2019
Ping: 25.282 ms
Download: 121.35 Mbit/s
Upload: 5.52 Mbit/s
Mon Jan 28 06:45:01 CET 2019
Ping: 25.752 ms
Download: 121.99 Mbit/s
Upload: 5.64 Mbit/s
Mon Jan 28 07:45:01 CET 2019
Ping: 24.508 ms
Download: 121.66 Mbit/s
Upload: 5.55 Mbit/s
Mon Jan 28 08:45:01 CET 2019
Ping: 26.282 ms
Download: 117.54 Mbit/s
Upload: 5.59 Mbit/s
Mon Jan 28 09:45:01 CET 2019
Ping: 25.416 ms
Download: 120.59 Mbit/s
Upload: 5.61 Mbit/s
Mon Jan 28 10:45:01 CET 2019
Ping: 26.43 ms
Download: 127.31 Mbit/s
Upload: 5.57 Mbit/s
Mon Jan 28 11:45:01 CET 2019
Ping: 24.871 ms
Download: 120.44 Mbit/s
Upload: 5.57 Mbit/s
Mon Jan 28 12:45:01 CET 2019
Ping: 24.912 ms
Download: 111.55 Mbit/s
Upload: 5.41 Mbit/s
Mon Jan 28 13:45:01 CET 2019
Ping: 24.161 ms
Download: 119.70 Mbit/s
Upload: 5.48 Mbit/s
Mon Jan 28 14:45:01 CET 2019
Ping: 24.697 ms
Download: 109.30 Mbit/s
Upload: 5.36 Mbit/s
Mon Jan 28 15:45:01 CET 2019
Ping: 25.104 ms
Download: 107.51 Mbit/s
Upload: 5.56 Mbit/s
Mon Jan 28 16:45:02 CET 2019
Ping: 27.747 ms
Download: 113.34 Mbit/s
Upload: 5.55 Mbit/s
Mon Jan 28 17:45:01 CET 2019
Ping: 24.879 ms
Download: 125.57 Mbit/s
Upload: 5.45 Mbit/s
Mon Jan 28 18:45:01 CET 2019
Ping: 24.707 ms
Download: 125.77 Mbit/s
Upload: 5.54 Mbit/s
Mon Jan 28 19:45:01 CET 2019
Ping: 26.301 ms
Download: 127.05 Mbit/s
Upload: 5.59 Mbit/s
Mon Jan 28 20:45:01 CET 2019
Ping: 28.35 ms
Download: 122.03 Mbit/s
Upload: 5.57 Mbit/s
Mon Jan 28 21:45:01 CET 2019
Ping: 24.966 ms
Download: 126.52 Mbit/s
Upload: 5.58 Mbit/s
Mon Jan 28 22:45:01 CET 2019
Ping: 26.378 ms
Download: 126.03 Mbit/s
Upload: 5.59 Mbit/s
Mon Jan 28 23:45:01 CET 2019
Ping: 26.19 ms
Download: 124.67 Mbit/s
Upload: 5.59 Mbit/s
Tue Jan 29 00:45:01 CET 2019
Ping: 26.69 ms
Download: 114.87 Mbit/s
Upload: 5.57 Mbit/s
Tue Jan 29 01:45:01 CET 2019
Ping: 27.868 ms
Download: 121.72 Mbit/s
Upload: 5.60 Mbit/s
Tue Jan 29 02:45:02 CET 2019
Ping: 26.424 ms
Download: 126.57 Mbit/s
Upload: 5.56 Mbit/s
Tue Jan 29 03:45:01 CET 2019
Ping: 29.477 ms
Download: 124.70 Mbit/s
Upload: 5.61 Mbit/s
Tue Jan 29 04:45:02 CET 2019
Ping: 25.646 ms
Download: 125.71 Mbit/s
Upload: 5.56 Mbit/s
Tue Jan 29 05:45:01 CET 2019
Ping: 26.958 ms
Download: 116.70 Mbit/s
Upload: 5.38 Mbit/s
Tue Jan 29 06:45:01 CET 2019
Ping: 25.693 ms
Download: 125.13 Mbit/s
Upload: 5.57 Mbit/s
Tue Jan 29 07:45:01 CET 2019
Ping: 26.379 ms
Download: 117.02 Mbit/s
Upload: 5.59 Mbit/s
Tue Jan 29 08:45:01 CET 2019
Ping: 25.356 ms
Download: 123.27 Mbit/s
Upload: 5.63 Mbit/s
Tue Jan 29 09:45:01 CET 2019
Ping: 25.607 ms
Download: 127.48 Mbit/s
Upload: 5.54 Mbit/s
Tue Jan 29 10:45:01 CET 2019
Ping: 26.715 ms
Download: 123.22 Mbit/s
Upload: 5.58 Mbit/s
Tue Jan 29 11:45:01 CET 2019
Ping: 26.452 ms
Download: 117.02 Mbit/s
Upload: 5.59 Mbit/s
Tue Jan 29 12:45:01 CET 2019
Ping: 26.764 ms
Download: 115.44 Mbit/s
Upload: 5.52 Mbit/s
Tue Jan 29 13:45:01 CET 2019
Ping: 29.096 ms
Download: 119.62 Mbit/s
Upload: 5.56 Mbit/s
Tue Jan 29 14:45:01 CET 2019
Ping: 26.344 ms
Download: 124.23 Mbit/s
Upload: 5.57 Mbit/s
Tue Jan 29 15:45:01 CET 2019
Ping: 26.219 ms
Download: 119.66 Mbit/s
Upload: 5.62 Mbit/s
Tue Jan 29 16:45:01 CET 2019
Ping: 27.276 ms
Download: 120.87 Mbit/s
Upload: 5.63 Mbit/s
Tue Jan 29 17:45:01 CET 2019
Ping: 25.651 ms
Download: 114.89 Mbit/s
Upload: 5.31 Mbit/s
Tue Jan 29 18:45:01 CET 2019
Ping: 29.072 ms
Download: 112.92 Mbit/s
Upload: 5.39 Mbit/s
Tue Jan 29 19:45:01 CET 2019
Ping: 25.498 ms
Download: 119.15 Mbit/s
Upload: 5.44 Mbit/s
Tue Jan 29 20:45:01 CET 2019
Ping: 27.006 ms
Download: 115.83 Mbit/s
Upload: 5.59 Mbit/s
Tue Jan 29 21:45:01 CET 2019
Ping: 24.772 ms
Download: 124.34 Mbit/s
Upload: 5.59 Mbit/s
Tue Jan 29 22:45:02 CET 2019
Ping: 25.572 ms
Download: 123.90 Mbit/s
Upload: 5.60 Mbit/s
Tue Jan 29 23:45:01 CET 2019
Ping: 27.473 ms
Download: 126.69 Mbit/s
Upload: 5.55 Mbit/s
Wed Jan 30 00:45:01 CET 2019
Ping: 24.462 ms
Download: 124.74 Mbit/s
Upload: 5.65 Mbit/s
Wed Jan 30 01:45:01 CET 2019
Ping: 25.201 ms
Download: 127.17 Mbit/s
Upload: 5.58 Mbit/s
Wed Jan 30 02:45:01 CET 2019
Ping: 25.94 ms
Download: 119.69 Mbit/s
Upload: 5.57 Mbit/s
Wed Jan 30 03:45:01 CET 2019
Ping: 24.693 ms
Download: 126.97 Mbit/s
Upload: 5.61 Mbit/s
Wed Jan 30 04:45:01 CET 2019
Ping: 25.358 ms
Download: 125.14 Mbit/s
Upload: 5.64 Mbit/s
Wed Jan 30 05:45:01 CET 2019
Ping: 25.369 ms
Download: 122.64 Mbit/s
Upload: 5.59 Mbit/s
Wed Jan 30 06:45:01 CET 2019
Ping: 24.77 ms
Download: 118.57 Mbit/s
Upload: 5.51 Mbit/s
Wed Jan 30 07:45:01 CET 2019
Ping: 26.232 ms
Download: 117.55 Mbit/s
Upload: 5.62 Mbit/s
Wed Jan 30 08:45:01 CET 2019
Ping: 25.144 ms
Download: 127.56 Mbit/s
Upload: 5.62 Mbit/s
Wed Jan 30 09:45:01 CET 2019
Ping: 25.053 ms
Download: 120.94 Mbit/s
Upload: 5.55 Mbit/s
Wed Jan 30 10:45:01 CET 2019
Ping: 24.938 ms
Download: 117.76 Mbit/s
Upload: 5.50 Mbit/s
Wed Jan 30 11:45:01 CET 2019
Ping: 25.386 ms
Download: 126.40 Mbit/s
Upload: 5.60 Mbit/s
Wed Jan 30 12:45:01 CET 2019
Ping: 26.569 ms
Download: 118.60 Mbit/s
Upload: 5.55 Mbit/s
Wed Jan 30 13:45:01 CET 2019
Ping: 26.183 ms
Download: 112.85 Mbit/s
Upload: 5.53 Mbit/s
Wed Jan 30 14:45:01 CET 2019
Ping: 25.414 ms
Download: 126.80 Mbit/s
Upload: 5.57 Mbit/s
Wed Jan 30 15:45:01 CET 2019
Ping: 24.839 ms
Download: 125.34 Mbit/s
Upload: 5.50 Mbit/s
Wed Jan 30 16:45:01 CET 2019
Ping: 28.511 ms
Download: 123.27 Mbit/s
Upload: 5.38 Mbit/s
Wed Jan 30 17:45:01 CET 2019
Ping: 25.105 ms
Download: 120.36 Mbit/s
Upload: 5.61 Mbit/s
Wed Jan 30 18:45:01 CET 2019
Ping: 26.243 ms
Download: 118.34 Mbit/s
Upload: 5.60 Mbit/s
Wed Jan 30 19:45:01 CET 2019
Ping: 26.768 ms
Download: 117.12 Mbit/s
Upload: 5.47 Mbit/s
Wed Jan 30 20:45:01 CET 2019
Ping: 27.324 ms
Download: 117.66 Mbit/s
Upload: 5.47 Mbit/s
Wed Jan 30 21:45:01 CET 2019
Ping: 27.065 ms
Download: 126.33 Mbit/s
Upload: 5.61 Mbit/s
Wed Jan 30 22:45:01 CET 2019
Ping: 24.3 ms
Download: 110.10 Mbit/s
Upload: 5.44 Mbit/s
Wed Jan 30 23:45:01 CET 2019
Ping: 27.095 ms
Download: 125.44 Mbit/s
Upload: 5.57 Mbit/s
Thu Jan 31 00:45:01 CET 2019
Ping: 26.548 ms
Download: 125.22 Mbit/s
Upload: 5.58 Mbit/s
Thu Jan 31 01:45:01 CET 2019
Ping: 25.062 ms
Download: 116.26 Mbit/s
Upload: 5.61 Mbit/s
Thu Jan 31 02:45:01 CET 2019
Ping: 25.613 ms
Download: 127.39 Mbit/s
Upload: 5.62 Mbit/s
Thu Jan 31 03:45:01 CET 2019
Ping: 27.294 ms
Download: 122.59 Mbit/s
Upload: 5.60 Mbit/s
Thu Jan 31 04:45:01 CET 2019
Ping: 28.472 ms
Download: 81.77 Mbit/s
Upload: 5.51 Mbit/s
Thu Jan 31 05:45:01 CET 2019
Ping: 26.532 ms
Download: 122.95 Mbit/s
Upload: 5.60 Mbit/s
Thu Jan 31 06:45:01 CET 2019
Ping: 27.269 ms
Download: 118.85 Mbit/s
Upload: 5.34 Mbit/s
Thu Jan 31 07:45:01 CET 2019
Ping: 26.183 ms
Download: 115.84 Mbit/s
Upload: 5.49 Mbit/s
Thu Jan 31 08:45:01 CET 2019
Ping: 25.485 ms
Download: 128.05 Mbit/s
Upload: 5.41 Mbit/s
Thu Jan 31 09:45:01 CET 2019
Ping: 25.624 ms
Download: 123.26 Mbit/s
Upload: 5.56 Mbit/s
Thu Jan 31 10:45:01 CET 2019
Ping: 29.229 ms
Download: 85.50 Mbit/s
Upload: 5.57 Mbit/s
Thu Jan 31 11:45:01 CET 2019
Ping: 29.252 ms
Download: 105.92 Mbit/s
Upload: 5.49 Mbit/s
Thu Jan 31 12:45:01 CET 2019
Ping: 26.028 ms
Download: 118.67 Mbit/s
Upload: 5.54 Mbit/s
Thu Jan 31 13:45:01 CET 2019
Ping: 28.736 ms
Download: 127.39 Mbit/s
Upload: 5.58 Mbit/s
Thu Jan 31 14:45:01 CET 2019
Ping: 27.092 ms
Download: 114.46 Mbit/s
Upload: 5.46 Mbit/s
Thu Jan 31 15:45:01 CET 2019
Ping: 26.934 ms
Download: 117.36 Mbit/s
Upload: 5.50 Mbit/s
Thu Jan 31 16:45:01 CET 2019
Ping: 27.715 ms
Download: 116.59 Mbit/s
Upload: 5.43 Mbit/s
Thu Jan 31 17:45:01 CET 2019
Ping: 28.224 ms
Download: 123.42 Mbit/s
Upload: 5.52 Mbit/s
Thu Jan 31 18:45:01 CET 2019
Ping: 32.837 ms
Download: 85.54 Mbit/s
Upload: 5.57 Mbit/s
Thu Jan 31 19:45:01 CET 2019
Ping: 42.501 ms
Download: 91.24 Mbit/s
Upload: 5.46 Mbit/s
Thu Jan 31 20:45:01 CET 2019
Ping: 29.379 ms
Download: 124.59 Mbit/s
Upload: 5.45 Mbit/s
Thu Jan 31 21:45:01 CET 2019
Ping: 24.736 ms
Download: 124.50 Mbit/s
Upload: 5.63 Mbit/s
Thu Jan 31 22:45:02 CET 2019
Ping: 25.093 ms
Download: 118.47 Mbit/s
Upload: 5.58 Mbit/s
Thu Jan 31 23:45:01 CET 2019
Ping: 25.15 ms
Download: 118.66 Mbit/s
Upload: 5.59 Mbit/s
