Sun Mar  1 00:45:01 CET 2020
Ping: 22.398 ms
Download: 214.78 Mbit/s
Upload: 19.51 Mbit/s
Sun Mar  1 01:45:01 CET 2020
Ping: 20.868 ms
Download: 14.83 Mbit/s
Upload: 15.11 Mbit/s
Sun Mar  1 02:45:01 CET 2020
Ping: 25.527 ms
Download: 247.29 Mbit/s
Upload: 18.64 Mbit/s
Sun Mar  1 03:45:01 CET 2020
Ping: 21.599 ms
Download: 12.34 Mbit/s
Upload: 14.74 Mbit/s
Sun Mar  1 04:45:01 CET 2020
Ping: 20.989 ms
Download: 13.19 Mbit/s
Upload: 16.02 Mbit/s
Sun Mar  1 05:45:01 CET 2020
Ping: 22.468 ms
Download: 10.56 Mbit/s
Upload: 11.00 Mbit/s
Sun Mar  1 06:45:01 CET 2020
Ping: 21.211 ms
Download: 19.66 Mbit/s
Upload: 13.05 Mbit/s
Sun Mar  1 07:45:01 CET 2020
Ping: 22.21 ms
Download: 10.33 Mbit/s
Upload: 11.90 Mbit/s
Sun Mar  1 08:45:02 CET 2020
Ping: 21.571 ms
Download: 9.91 Mbit/s
Upload: 10.28 Mbit/s
Sun Mar  1 09:45:01 CET 2020
Ping: 22.556 ms
Download: 12.37 Mbit/s
Upload: 16.33 Mbit/s
Sun Mar  1 10:45:01 CET 2020
Ping: 21.187 ms
Download: 12.79 Mbit/s
Upload: 13.62 Mbit/s
Sun Mar  1 11:45:01 CET 2020
Ping: 21.361 ms
Download: 12.84 Mbit/s
Upload: 18.95 Mbit/s
Sun Mar  1 12:45:01 CET 2020
Ping: 21.553 ms
Download: 9.88 Mbit/s
Upload: 1.77 Mbit/s
Sun Mar  1 13:45:01 CET 2020
Ping: 22.032 ms
Download: 14.81 Mbit/s
Upload: 6.16 Mbit/s
Sun Mar  1 14:45:01 CET 2020
Ping: 22.4 ms
Download: 11.75 Mbit/s
Upload: 10.92 Mbit/s
Sun Mar  1 15:45:01 CET 2020
Ping: 21.359 ms
Download: 16.53 Mbit/s
Upload: 11.22 Mbit/s
Sun Mar  1 16:45:02 CET 2020
Ping: 19.816 ms
Download: 224.97 Mbit/s
Upload: 15.44 Mbit/s
Sun Mar  1 17:45:01 CET 2020
Ping: 17.515 ms
Download: 19.72 Mbit/s
Upload: 13.04 Mbit/s
Sun Mar  1 18:45:01 CET 2020
Ping: 21.999 ms
Download: 218.46 Mbit/s
Upload: 19.54 Mbit/s
Sun Mar  1 19:45:01 CET 2020
Ping: 20.148 ms
Download: 10.62 Mbit/s
Upload: 9.18 Mbit/s
Sun Mar  1 20:45:01 CET 2020
Ping: 24.024 ms
Download: 210.18 Mbit/s
Upload: 19.39 Mbit/s
Sun Mar  1 21:45:01 CET 2020
Ping: 22.647 ms
Download: 8.23 Mbit/s
Upload: 3.16 Mbit/s
Sun Mar  1 22:45:01 CET 2020
Ping: 20.87 ms
Download: 11.16 Mbit/s
Upload: 9.91 Mbit/s
Sun Mar  1 23:45:01 CET 2020
Ping: 22.226 ms
Download: 13.75 Mbit/s
Upload: 13.92 Mbit/s
Mon Mar  2 00:45:01 CET 2020
Ping: 21.428 ms
Download: 22.45 Mbit/s
Upload: 14.79 Mbit/s
Mon Mar  2 01:45:01 CET 2020
Ping: 21.271 ms
Download: 230.45 Mbit/s
Upload: 19.23 Mbit/s
Mon Mar  2 02:45:01 CET 2020
Ping: 21.943 ms
Download: 22.20 Mbit/s
Upload: 12.47 Mbit/s
Mon Mar  2 03:45:01 CET 2020
Ping: 23.688 ms
Download: 304.37 Mbit/s
Upload: 18.94 Mbit/s
Mon Mar  2 04:45:01 CET 2020
Ping: 22.301 ms
Download: 15.62 Mbit/s
Upload: 3.23 Mbit/s
Mon Mar  2 05:45:01 CET 2020
Ping: 20.937 ms
Download: 11.40 Mbit/s
Upload: 12.68 Mbit/s
Mon Mar  2 06:45:01 CET 2020
Ping: 24.548 ms
Download: 13.90 Mbit/s
Upload: 7.58 Mbit/s
Mon Mar  2 07:45:02 CET 2020
Ping: 19.892 ms
Download: 19.32 Mbit/s
Upload: 17.92 Mbit/s
Mon Mar  2 08:45:01 CET 2020
Ping: 22.437 ms
Download: 8.50 Mbit/s
Upload: 6.82 Mbit/s
Mon Mar  2 09:45:01 CET 2020
Ping: 23.401 ms
Download: 9.18 Mbit/s
Upload: 5.36 Mbit/s
Mon Mar  2 10:45:01 CET 2020
Ping: 23.18 ms
Download: 11.08 Mbit/s
Upload: 9.06 Mbit/s
Mon Mar  2 11:45:01 CET 2020
Ping: 23.141 ms
Download: 11.51 Mbit/s
Upload: 13.06 Mbit/s
Mon Mar  2 12:45:01 CET 2020
Ping: 21.3 ms
Download: 16.29 Mbit/s
Upload: 14.12 Mbit/s
Mon Mar  2 13:45:01 CET 2020
Ping: 21.283 ms
Download: 234.07 Mbit/s
Upload: 19.01 Mbit/s
Mon Mar  2 14:45:01 CET 2020
Ping: 22.503 ms
Download: 12.58 Mbit/s
Upload: 14.79 Mbit/s
Mon Mar  2 15:45:02 CET 2020
Ping: 21.206 ms
Download: 10.44 Mbit/s
Upload: 12.79 Mbit/s
Mon Mar  2 16:45:01 CET 2020
Ping: 22.907 ms
Download: 10.94 Mbit/s
Upload: 3.08 Mbit/s
Mon Mar  2 17:45:01 CET 2020
Ping: 21.045 ms
Download: 20.66 Mbit/s
Upload: 8.44 Mbit/s
Mon Mar  2 18:45:01 CET 2020
Ping: 23.481 ms
Download: 14.24 Mbit/s
Upload: 16.38 Mbit/s
Mon Mar  2 19:45:01 CET 2020
Ping: 22.002 ms
Download: 249.93 Mbit/s
Upload: 19.39 Mbit/s
Mon Mar  2 20:45:01 CET 2020
Ping: 23.031 ms
Download: 235.77 Mbit/s
Upload: 19.59 Mbit/s
Mon Mar  2 21:45:01 CET 2020
Ping: 21.923 ms
Download: 9.55 Mbit/s
Upload: 13.29 Mbit/s
Mon Mar  2 22:45:01 CET 2020
Ping: 21.896 ms
Download: 9.85 Mbit/s
Upload: 8.08 Mbit/s
Mon Mar  2 23:45:01 CET 2020
Ping: 21.665 ms
Download: 11.63 Mbit/s
Upload: 12.05 Mbit/s
Tue Mar  3 00:45:01 CET 2020
Ping: 22.759 ms
Download: 18.38 Mbit/s
Upload: 12.80 Mbit/s
Tue Mar  3 01:45:01 CET 2020
Ping: 22.048 ms
Download: 13.48 Mbit/s
Upload: 10.96 Mbit/s
Tue Mar  3 02:45:01 CET 2020
Ping: 22.44 ms
Download: 20.58 Mbit/s
Upload: 11.68 Mbit/s
Tue Mar  3 03:45:01 CET 2020
Ping: 20.101 ms
Download: 16.46 Mbit/s
Upload: 14.60 Mbit/s
Tue Mar  3 04:45:01 CET 2020
Ping: 21.023 ms
Download: 28.92 Mbit/s
Upload: 16.01 Mbit/s
Tue Mar  3 05:45:01 CET 2020
Ping: 20.851 ms
Download: 19.79 Mbit/s
Upload: 14.12 Mbit/s
Tue Mar  3 06:45:02 CET 2020
Ping: 20.359 ms
Download: 29.75 Mbit/s
Upload: 16.25 Mbit/s
Tue Mar  3 07:45:01 CET 2020
Ping: 21.436 ms
Download: 17.22 Mbit/s
Upload: 10.06 Mbit/s
Tue Mar  3 08:45:01 CET 2020
Ping: 22.516 ms
Download: 249.66 Mbit/s
Upload: 19.41 Mbit/s
Tue Mar  3 09:45:01 CET 2020
Ping: 23.753 ms
Download: 9.49 Mbit/s
Upload: 12.19 Mbit/s
Tue Mar  3 10:45:01 CET 2020
Ping: 22.661 ms
Download: 7.75 Mbit/s
Upload: 7.28 Mbit/s
Tue Mar  3 11:45:01 CET 2020
Ping: 21.523 ms
Download: 12.29 Mbit/s
Upload: 11.80 Mbit/s
Tue Mar  3 12:45:01 CET 2020
Ping: 21.744 ms
Download: 15.88 Mbit/s
Upload: 11.64 Mbit/s
Tue Mar  3 13:45:01 CET 2020
Ping: 20.832 ms
Download: 12.15 Mbit/s
Upload: 11.94 Mbit/s
Tue Mar  3 14:45:01 CET 2020
Ping: 21.607 ms
Download: 8.81 Mbit/s
Upload: 10.31 Mbit/s
Tue Mar  3 15:45:01 CET 2020
Ping: 22.635 ms
Download: 8.33 Mbit/s
Upload: 7.59 Mbit/s
Tue Mar  3 16:45:01 CET 2020
Ping: 23.601 ms
Download: 240.37 Mbit/s
Upload: 19.80 Mbit/s
Tue Mar  3 17:45:02 CET 2020
Ping: 22.919 ms
Download: 10.73 Mbit/s
Upload: 9.61 Mbit/s
Tue Mar  3 18:45:01 CET 2020
Ping: 22.782 ms
Download: 6.42 Mbit/s
Upload: 9.67 Mbit/s
Tue Mar  3 19:45:01 CET 2020
Ping: 23.913 ms
Download: 231.38 Mbit/s
Upload: 19.04 Mbit/s
Tue Mar  3 20:45:01 CET 2020
Ping: 20.959 ms
Download: 8.91 Mbit/s
Upload: 6.20 Mbit/s
Tue Mar  3 21:45:01 CET 2020
Ping: 22.286 ms
Download: 13.93 Mbit/s
Upload: 10.23 Mbit/s
Tue Mar  3 22:45:01 CET 2020
Ping: 21.369 ms
Download: 9.80 Mbit/s
Upload: 18.13 Mbit/s
Tue Mar  3 23:45:01 CET 2020
Ping: 22.138 ms
Download: 10.76 Mbit/s
Upload: 12.91 Mbit/s
Wed Mar  4 00:45:01 CET 2020
Ping: 23.367 ms
Download: 12.14 Mbit/s
Upload: 16.89 Mbit/s
Wed Mar  4 01:45:01 CET 2020
Ping: 22.824 ms
Download: 259.06 Mbit/s
Upload: 19.34 Mbit/s
Wed Mar  4 02:45:01 CET 2020
Ping: 21.55 ms
Download: 19.72 Mbit/s
Upload: 11.18 Mbit/s
Wed Mar  4 03:45:01 CET 2020
Ping: 22.781 ms
Download: 12.58 Mbit/s
Upload: 14.88 Mbit/s
Wed Mar  4 04:45:01 CET 2020
Ping: 22.696 ms
Download: 212.00 Mbit/s
Upload: 19.07 Mbit/s
Wed Mar  4 05:45:01 CET 2020
Ping: 24.893 ms
Download: 189.44 Mbit/s
Upload: 19.57 Mbit/s
Wed Mar  4 06:45:01 CET 2020
Ping: 22.35 ms
Download: 19.79 Mbit/s
Upload: 18.34 Mbit/s
Wed Mar  4 07:45:01 CET 2020
Ping: 21.287 ms
Download: 14.40 Mbit/s
Upload: 13.61 Mbit/s
Wed Mar  4 08:45:01 CET 2020
Ping: 23.567 ms
Download: 8.38 Mbit/s
Upload: 6.57 Mbit/s
Wed Mar  4 09:45:01 CET 2020
Ping: 23.794 ms
Download: 218.15 Mbit/s
Upload: 19.70 Mbit/s
Wed Mar  4 10:45:01 CET 2020
Ping: 26.748 ms
Download: 235.85 Mbit/s
Upload: 19.24 Mbit/s
Wed Mar  4 11:45:01 CET 2020
Ping: 23.291 ms
Download: 9.61 Mbit/s
Upload: 4.62 Mbit/s
Wed Mar  4 12:45:01 CET 2020
Ping: 23.359 ms
Download: 12.43 Mbit/s
Upload: 6.42 Mbit/s
Wed Mar  4 13:45:02 CET 2020
Ping: 23.699 ms
Download: 9.24 Mbit/s
Upload: 6.87 Mbit/s
Wed Mar  4 14:45:01 CET 2020
Ping: 19.767 ms
Download: 15.84 Mbit/s
Upload: 11.51 Mbit/s
Wed Mar  4 15:45:01 CET 2020
Ping: 21.236 ms
Download: 13.34 Mbit/s
Upload: 16.33 Mbit/s
Wed Mar  4 16:45:02 CET 2020
Ping: 21.86 ms
Download: 13.58 Mbit/s
Upload: 11.93 Mbit/s
Wed Mar  4 17:45:01 CET 2020
Ping: 21.709 ms
Download: 7.92 Mbit/s
Upload: 8.79 Mbit/s
Wed Mar  4 18:45:01 CET 2020
Ping: 21.923 ms
Download: 12.99 Mbit/s
Upload: 13.19 Mbit/s
Wed Mar  4 19:45:01 CET 2020
Ping: 21.443 ms
Download: 12.17 Mbit/s
Upload: 14.14 Mbit/s
Wed Mar  4 20:45:01 CET 2020
Ping: 21.75 ms
Download: 13.93 Mbit/s
Upload: 9.01 Mbit/s
Wed Mar  4 21:45:01 CET 2020
Ping: 22.635 ms
Download: 13.21 Mbit/s
Upload: 11.50 Mbit/s
Wed Mar  4 22:45:01 CET 2020
Ping: 22.928 ms
Download: 10.49 Mbit/s
Upload: 12.16 Mbit/s
Wed Mar  4 23:45:01 CET 2020
Ping: 23.464 ms
Download: 19.52 Mbit/s
Upload: 11.93 Mbit/s
Thu Mar  5 00:45:01 CET 2020
Ping: 23.005 ms
Download: 14.36 Mbit/s
Upload: 13.91 Mbit/s
Thu Mar  5 01:45:01 CET 2020
Ping: 21.075 ms
Download: 12.28 Mbit/s
Upload: 11.96 Mbit/s
Thu Mar  5 02:45:01 CET 2020
Ping: 22.223 ms
Download: 14.91 Mbit/s
Upload: 15.27 Mbit/s
Thu Mar  5 03:45:01 CET 2020
Ping: 21.103 ms
Download: 16.03 Mbit/s
Upload: 14.06 Mbit/s
Thu Mar  5 04:45:01 CET 2020
Ping: 21.134 ms
Download: 204.67 Mbit/s
Upload: 18.83 Mbit/s
Thu Mar  5 05:45:01 CET 2020
Ping: 22.539 ms
Download: 20.93 Mbit/s
Upload: 2.12 Mbit/s
Thu Mar  5 06:45:01 CET 2020
Ping: 22.051 ms
Download: 21.07 Mbit/s
Upload: 15.16 Mbit/s
Thu Mar  5 07:45:01 CET 2020
Ping: 22.555 ms
Download: 11.74 Mbit/s
Upload: 9.14 Mbit/s
Thu Mar  5 08:45:01 CET 2020
Ping: 21.351 ms
Download: 21.45 Mbit/s
Upload: 16.39 Mbit/s
Thu Mar  5 09:45:01 CET 2020
Ping: 20.852 ms
Download: 26.00 Mbit/s
Upload: 14.48 Mbit/s
Thu Mar  5 10:45:01 CET 2020
Ping: 21.981 ms
Download: 11.32 Mbit/s
Upload: 18.34 Mbit/s
Thu Mar  5 11:45:02 CET 2020
Ping: 21.777 ms
Download: 9.84 Mbit/s
Upload: 11.08 Mbit/s
Thu Mar  5 12:45:01 CET 2020
Ping: 21.635 ms
Download: 7.97 Mbit/s
Upload: 7.01 Mbit/s
Thu Mar  5 13:45:01 CET 2020
Ping: 22.246 ms
Download: 13.72 Mbit/s
Upload: 13.54 Mbit/s
Thu Mar  5 14:45:01 CET 2020
Ping: 22.871 ms
Download: 216.59 Mbit/s
Upload: 19.78 Mbit/s
Thu Mar  5 15:45:01 CET 2020
Ping: 22.77 ms
Download: 215.55 Mbit/s
Upload: 19.43 Mbit/s
Thu Mar  5 16:45:01 CET 2020
Ping: 23.964 ms
Download: 11.69 Mbit/s
Upload: 15.33 Mbit/s
Thu Mar  5 17:45:01 CET 2020
Ping: 21.89 ms
Download: 9.97 Mbit/s
Upload: 11.68 Mbit/s
Thu Mar  5 18:45:01 CET 2020
Ping: 22.374 ms
Download: 13.30 Mbit/s
Upload: 8.58 Mbit/s
Thu Mar  5 19:45:01 CET 2020
Ping: 21.703 ms
Download: 15.43 Mbit/s
Upload: 12.38 Mbit/s
Thu Mar  5 20:45:01 CET 2020
Ping: 23.694 ms
Download: 239.40 Mbit/s
Upload: 19.27 Mbit/s
Thu Mar  5 21:45:01 CET 2020
Ping: 23.516 ms
Download: 13.76 Mbit/s
Upload: 11.72 Mbit/s
Thu Mar  5 22:45:01 CET 2020
Ping: 23.42 ms
Download: 16.94 Mbit/s
Upload: 9.32 Mbit/s
Thu Mar  5 23:45:01 CET 2020
Ping: 23.241 ms
Download: 29.81 Mbit/s
Upload: 17.31 Mbit/s
Fri Mar  6 00:45:01 CET 2020
Ping: 21.055 ms
Download: 16.59 Mbit/s
Upload: 10.32 Mbit/s
Fri Mar  6 01:45:01 CET 2020
Ping: 21.552 ms
Download: 15.50 Mbit/s
Upload: 13.41 Mbit/s
Fri Mar  6 02:45:01 CET 2020
Ping: 22.59 ms
Download: 283.94 Mbit/s
Upload: 19.14 Mbit/s
Fri Mar  6 03:45:01 CET 2020
Ping: 21.722 ms
Download: 261.58 Mbit/s
Upload: 19.22 Mbit/s
Fri Mar  6 04:45:01 CET 2020
Ping: 23.173 ms
Download: 14.93 Mbit/s
Upload: 6.15 Mbit/s
Fri Mar  6 05:45:01 CET 2020
Ping: 21.228 ms
Download: 19.14 Mbit/s
Upload: 13.55 Mbit/s
Fri Mar  6 06:45:01 CET 2020
Ping: 20.551 ms
Download: 9.53 Mbit/s
Upload: 13.39 Mbit/s
Fri Mar  6 07:45:01 CET 2020
Ping: 21.853 ms
Download: 16.94 Mbit/s
Upload: 8.88 Mbit/s
Fri Mar  6 08:45:01 CET 2020
Ping: 23.434 ms
Download: 12.48 Mbit/s
Upload: 13.07 Mbit/s
Fri Mar  6 09:45:01 CET 2020
Ping: 22.379 ms
Download: 11.23 Mbit/s
Upload: 15.46 Mbit/s
Fri Mar  6 10:45:01 CET 2020
Ping: 22.714 ms
Download: 8.87 Mbit/s
Upload: 8.48 Mbit/s
Fri Mar  6 11:45:01 CET 2020
Ping: 20.731 ms
Download: 10.20 Mbit/s
Upload: 14.57 Mbit/s
Fri Mar  6 12:45:01 CET 2020
Ping: 21.335 ms
Download: 14.77 Mbit/s
Upload: 8.35 Mbit/s
Fri Mar  6 13:45:01 CET 2020
Ping: 21.628 ms
Download: 14.27 Mbit/s
Upload: 10.46 Mbit/s
Fri Mar  6 14:45:01 CET 2020
Ping: 23.961 ms
Download: 204.19 Mbit/s
Upload: 19.35 Mbit/s
Fri Mar  6 15:45:01 CET 2020
Ping: 22.885 ms
Download: 240.35 Mbit/s
Upload: 19.48 Mbit/s
Fri Mar  6 16:45:01 CET 2020
Ping: 23.796 ms
Download: 9.36 Mbit/s
Upload: 1.80 Mbit/s
Fri Mar  6 17:45:01 CET 2020
Ping: 21.758 ms
Download: 10.22 Mbit/s
Upload: 12.60 Mbit/s
Fri Mar  6 18:45:01 CET 2020
Ping: 20.566 ms
Download: 6.09 Mbit/s
Upload: 2.30 Mbit/s
Fri Mar  6 19:45:01 CET 2020
Ping: 21.075 ms
Download: 11.49 Mbit/s
Upload: 5.94 Mbit/s
Fri Mar  6 20:45:01 CET 2020
Ping: 22.765 ms
Download: 7.85 Mbit/s
Upload: 15.52 Mbit/s
Fri Mar  6 21:45:01 CET 2020
Ping: 23.277 ms
Download: 9.94 Mbit/s
Upload: 9.15 Mbit/s
Fri Mar  6 22:45:01 CET 2020
Ping: 23.413 ms
Download: 11.53 Mbit/s
Upload: 12.69 Mbit/s
Fri Mar  6 23:45:01 CET 2020
Ping: 21.338 ms
Download: 24.44 Mbit/s
Upload: 3.25 Mbit/s
Sat Mar  7 00:45:01 CET 2020
Ping: 22.156 ms
Download: 17.27 Mbit/s
Upload: 13.72 Mbit/s
Sat Mar  7 01:45:02 CET 2020
Ping: 23.0 ms
Download: 23.30 Mbit/s
Upload: 14.11 Mbit/s
Sat Mar  7 02:45:01 CET 2020
Ping: 21.608 ms
Download: 11.50 Mbit/s
Upload: 18.26 Mbit/s
Sat Mar  7 03:45:01 CET 2020
Ping: 22.415 ms
Download: 20.21 Mbit/s
Upload: 14.65 Mbit/s
Sat Mar  7 04:45:02 CET 2020
Ping: 21.068 ms
Download: 21.13 Mbit/s
Upload: 13.72 Mbit/s
Sat Mar  7 05:45:01 CET 2020
Ping: 21.292 ms
Download: 12.50 Mbit/s
Upload: 11.31 Mbit/s
Sat Mar  7 06:45:01 CET 2020
Ping: 22.932 ms
Download: 201.70 Mbit/s
Upload: 18.97 Mbit/s
Sat Mar  7 07:45:01 CET 2020
Ping: 23.53 ms
Download: 12.23 Mbit/s
Upload: 11.15 Mbit/s
Sat Mar  7 08:45:01 CET 2020
Ping: 21.405 ms
Download: 7.28 Mbit/s
Upload: 7.72 Mbit/s
Sat Mar  7 09:45:01 CET 2020
Ping: 20.783 ms
Download: 14.64 Mbit/s
Upload: 14.68 Mbit/s
Sat Mar  7 10:45:01 CET 2020
Ping: 25.225 ms
Download: 214.80 Mbit/s
Upload: 19.20 Mbit/s
Sat Mar  7 11:45:01 CET 2020
Ping: 21.752 ms
Download: 250.48 Mbit/s
Upload: 19.60 Mbit/s
Sat Mar  7 12:45:01 CET 2020
Ping: 22.332 ms
Download: 12.76 Mbit/s
Upload: 12.11 Mbit/s
Sat Mar  7 13:45:01 CET 2020
Ping: 26.516 ms
Download: 234.17 Mbit/s
Upload: 19.64 Mbit/s
Sat Mar  7 14:45:01 CET 2020
Ping: 23.873 ms
Download: 13.01 Mbit/s
Upload: 11.21 Mbit/s
Sat Mar  7 15:45:01 CET 2020
Ping: 23.025 ms
Download: 13.55 Mbit/s
Upload: 11.61 Mbit/s
Sat Mar  7 16:45:01 CET 2020
Ping: 23.887 ms
Download: 18.22 Mbit/s
Upload: 11.46 Mbit/s
Sat Mar  7 17:45:01 CET 2020
Ping: 24.077 ms
Download: 9.81 Mbit/s
Upload: 9.17 Mbit/s
Sat Mar  7 18:45:01 CET 2020
Ping: 22.623 ms
Download: 12.13 Mbit/s
Upload: 12.05 Mbit/s
Sat Mar  7 19:45:01 CET 2020
Ping: 25.945 ms
Download: 214.81 Mbit/s
Upload: 19.65 Mbit/s
Sat Mar  7 20:45:01 CET 2020
Ping: 24.603 ms
Download: 271.24 Mbit/s
Upload: 19.07 Mbit/s
Sat Mar  7 21:45:01 CET 2020
Ping: 22.174 ms
Download: 12.22 Mbit/s
Upload: 9.14 Mbit/s
Sat Mar  7 22:45:01 CET 2020
Ping: 24.984 ms
Download: 9.60 Mbit/s
Upload: 9.50 Mbit/s
Sat Mar  7 23:45:01 CET 2020
Ping: 22.812 ms
Download: 18.28 Mbit/s
Upload: 1.78 Mbit/s
Sun Mar  8 00:45:01 CET 2020
Ping: 23.726 ms
Download: 219.60 Mbit/s
Upload: 19.26 Mbit/s
Sun Mar  8 01:45:01 CET 2020
Ping: 26.171 ms
Download: 15.60 Mbit/s
Upload: 14.75 Mbit/s
Sun Mar  8 02:45:01 CET 2020
Ping: 23.566 ms
Download: 13.39 Mbit/s
Upload: 14.35 Mbit/s
Sun Mar  8 03:45:01 CET 2020
Ping: 23.207 ms
Download: 17.66 Mbit/s
Upload: 14.03 Mbit/s
Sun Mar  8 04:45:01 CET 2020
Ping: 23.939 ms
Download: 12.43 Mbit/s
Upload: 13.97 Mbit/s
Sun Mar  8 05:45:01 CET 2020
Ping: 23.95 ms
Download: 21.48 Mbit/s
Upload: 18.81 Mbit/s
Sun Mar  8 06:45:01 CET 2020
Ping: 21.728 ms
Download: 19.96 Mbit/s
Upload: 12.78 Mbit/s
Sun Mar  8 07:45:01 CET 2020
Ping: 23.668 ms
Download: 9.38 Mbit/s
Upload: 8.01 Mbit/s
Sun Mar  8 08:45:01 CET 2020
Ping: 22.111 ms
Download: 17.00 Mbit/s
Upload: 12.71 Mbit/s
Sun Mar  8 09:45:01 CET 2020
Ping: 23.13 ms
Download: 7.87 Mbit/s
Upload: 6.50 Mbit/s
Sun Mar  8 10:45:01 CET 2020
Ping: 22.339 ms
Download: 18.36 Mbit/s
Upload: 16.07 Mbit/s
Sun Mar  8 11:45:01 CET 2020
Ping: 23.346 ms
Download: 11.38 Mbit/s
Upload: 14.59 Mbit/s
Sun Mar  8 12:45:01 CET 2020
Ping: 25.006 ms
Download: 227.71 Mbit/s
Upload: 19.65 Mbit/s
Sun Mar  8 13:45:01 CET 2020
Ping: 24.347 ms
Download: 245.71 Mbit/s
Upload: 19.24 Mbit/s
Sun Mar  8 14:45:01 CET 2020
Ping: 23.416 ms
Download: 11.54 Mbit/s
Upload: 10.89 Mbit/s
Sun Mar  8 15:45:01 CET 2020
Ping: 23.517 ms
Download: 19.54 Mbit/s
Upload: 15.30 Mbit/s
Sun Mar  8 16:45:01 CET 2020
Ping: 24.735 ms
Download: 223.77 Mbit/s
Upload: 19.52 Mbit/s
Sun Mar  8 17:45:01 CET 2020
Ping: 26.013 ms
Download: 220.88 Mbit/s
Upload: 17.25 Mbit/s
Sun Mar  8 18:45:01 CET 2020
Ping: 24.507 ms
Download: 201.95 Mbit/s
Upload: 19.53 Mbit/s
Sun Mar  8 19:45:01 CET 2020
Ping: 20.128 ms
Download: 11.63 Mbit/s
Upload: 11.26 Mbit/s
Sun Mar  8 20:45:01 CET 2020
Ping: 23.532 ms
Download: 9.46 Mbit/s
Upload: 9.93 Mbit/s
Sun Mar  8 21:45:01 CET 2020
Ping: 22.83 ms
Download: 8.52 Mbit/s
Upload: 9.46 Mbit/s
Sun Mar  8 22:45:01 CET 2020
Ping: 24.983 ms
Download: 14.12 Mbit/s
Upload: 16.74 Mbit/s
Sun Mar  8 23:45:01 CET 2020
Ping: 21.118 ms
Download: 9.71 Mbit/s
Upload: 10.44 Mbit/s
Mon Mar  9 00:45:01 CET 2020
Ping: 24.265 ms
Download: 206.77 Mbit/s
Upload: 19.71 Mbit/s
Mon Mar  9 01:45:01 CET 2020
Ping: 25.451 ms
Download: 17.73 Mbit/s
Upload: 12.27 Mbit/s
Mon Mar  9 02:45:01 CET 2020
Ping: 23.709 ms
Download: 229.17 Mbit/s
Upload: 19.46 Mbit/s
Mon Mar  9 03:45:01 CET 2020
Ping: 22.306 ms
Download: 20.20 Mbit/s
Upload: 13.44 Mbit/s
Mon Mar  9 04:45:02 CET 2020
Ping: 23.193 ms
Download: 12.24 Mbit/s
Upload: 10.90 Mbit/s
Mon Mar  9 05:45:01 CET 2020
Ping: 23.467 ms
Download: 22.71 Mbit/s
Upload: 14.86 Mbit/s
Mon Mar  9 06:45:02 CET 2020
Ping: 24.382 ms
Download: 27.11 Mbit/s
Upload: 16.27 Mbit/s
Mon Mar  9 07:45:01 CET 2020
Ping: 24.435 ms
Download: 13.15 Mbit/s
Upload: 8.64 Mbit/s
Mon Mar  9 08:45:01 CET 2020
Ping: 23.184 ms
Download: 204.29 Mbit/s
Upload: 19.07 Mbit/s
Mon Mar  9 09:45:01 CET 2020
Ping: 23.469 ms
Download: 9.56 Mbit/s
Upload: 2.13 Mbit/s
Mon Mar  9 10:45:01 CET 2020
Ping: 24.997 ms
Download: 10.44 Mbit/s
Upload: 12.01 Mbit/s
Mon Mar  9 11:45:01 CET 2020
Ping: 25.408 ms
Download: 16.09 Mbit/s
Upload: 11.85 Mbit/s
Mon Mar  9 12:45:01 CET 2020
Ping: 23.587 ms
Download: 16.97 Mbit/s
Upload: 11.82 Mbit/s
Mon Mar  9 13:45:01 CET 2020
Ping: 23.173 ms
Download: 221.90 Mbit/s
Upload: 19.39 Mbit/s
Mon Mar  9 14:45:02 CET 2020
Ping: 23.862 ms
Download: 12.98 Mbit/s
Upload: 15.48 Mbit/s
Mon Mar  9 15:45:02 CET 2020
Ping: 26.055 ms
Download: 8.70 Mbit/s
Upload: 12.25 Mbit/s
Mon Mar  9 16:45:01 CET 2020
Ping: 25.429 ms
Download: 228.68 Mbit/s
Upload: 19.59 Mbit/s
Mon Mar  9 17:45:01 CET 2020
Ping: 22.521 ms
Download: 23.29 Mbit/s
Upload: 17.55 Mbit/s
Mon Mar  9 18:45:01 CET 2020
Ping: 23.458 ms
Download: 17.17 Mbit/s
Upload: 12.03 Mbit/s
Mon Mar  9 19:45:01 CET 2020
Ping: 21.148 ms
Download: 9.82 Mbit/s
Upload: 6.50 Mbit/s
Mon Mar  9 20:45:01 CET 2020
Ping: 21.723 ms
Download: 9.28 Mbit/s
Upload: 13.06 Mbit/s
Mon Mar  9 21:45:01 CET 2020
Ping: 24.615 ms
Download: 207.10 Mbit/s
Upload: 18.58 Mbit/s
Mon Mar  9 22:45:01 CET 2020
Ping: 23.814 ms
Download: 11.28 Mbit/s
Upload: 11.25 Mbit/s
Mon Mar  9 23:45:01 CET 2020
Ping: 22.604 ms
Download: 26.94 Mbit/s
Upload: 18.63 Mbit/s
Tue Mar 10 00:45:01 CET 2020
Ping: 24.918 ms
Download: 213.53 Mbit/s
Upload: 18.68 Mbit/s
Tue Mar 10 01:45:01 CET 2020
Ping: 22.503 ms
Download: 16.91 Mbit/s
Upload: 14.09 Mbit/s
Tue Mar 10 02:45:01 CET 2020
Ping: 24.993 ms
Download: 19.10 Mbit/s
Upload: 17.25 Mbit/s
Tue Mar 10 03:45:01 CET 2020
Ping: 23.297 ms
Download: 19.33 Mbit/s
Upload: 14.19 Mbit/s
Tue Mar 10 04:45:01 CET 2020
Ping: 22.358 ms
Download: 13.10 Mbit/s
Upload: 15.55 Mbit/s
Tue Mar 10 05:45:01 CET 2020
Ping: 22.863 ms
Download: 25.80 Mbit/s
Upload: 16.63 Mbit/s
Tue Mar 10 06:45:02 CET 2020
Ping: 20.894 ms
Download: 13.49 Mbit/s
Upload: 15.56 Mbit/s
Tue Mar 10 07:45:01 CET 2020
Ping: 25.359 ms
Download: 232.95 Mbit/s
Upload: 19.62 Mbit/s
Tue Mar 10 08:45:01 CET 2020
Ping: 21.784 ms
Download: 13.17 Mbit/s
Upload: 9.62 Mbit/s
Tue Mar 10 09:45:01 CET 2020
Ping: 23.165 ms
Download: 240.20 Mbit/s
Upload: 19.68 Mbit/s
Tue Mar 10 10:45:01 CET 2020
Ping: 23.618 ms
Download: 247.65 Mbit/s
Upload: 19.60 Mbit/s
Tue Mar 10 11:45:01 CET 2020
Ping: 23.11 ms
Download: 12.56 Mbit/s
Upload: 12.48 Mbit/s
Tue Mar 10 12:45:01 CET 2020
Ping: 23.786 ms
Download: 18.74 Mbit/s
Upload: 10.13 Mbit/s
Tue Mar 10 13:45:01 CET 2020
Ping: 25.21 ms
Download: 204.44 Mbit/s
Upload: 16.29 Mbit/s
Tue Mar 10 14:45:02 CET 2020
Ping: 28.714 ms
Download: 211.34 Mbit/s
Upload: 18.71 Mbit/s
Tue Mar 10 15:45:01 CET 2020
Ping: 23.66 ms
Download: 7.93 Mbit/s
Upload: 7.30 Mbit/s
Tue Mar 10 16:45:01 CET 2020
Ping: 24.21 ms
Download: 8.09 Mbit/s
Upload: 9.18 Mbit/s
Tue Mar 10 17:45:01 CET 2020
Ping: 20.478 ms
Download: 10.66 Mbit/s
Upload: 14.32 Mbit/s
Tue Mar 10 18:45:01 CET 2020
Ping: 23.52 ms
Download: 8.20 Mbit/s
Upload: 2.50 Mbit/s
Tue Mar 10 19:45:01 CET 2020
Ping: 23.621 ms
Download: 8.93 Mbit/s
Upload: 9.99 Mbit/s
Tue Mar 10 20:45:01 CET 2020
Ping: 22.809 ms
Download: 12.05 Mbit/s
Upload: 13.89 Mbit/s
Tue Mar 10 21:45:02 CET 2020
Ping: 27.529 ms
Download: 210.87 Mbit/s
Upload: 19.55 Mbit/s
Tue Mar 10 22:45:02 CET 2020
Ping: 25.187 ms
Download: 25.93 Mbit/s
Upload: 18.16 Mbit/s
Tue Mar 10 23:45:01 CET 2020
Ping: 23.089 ms
Download: 21.56 Mbit/s
Upload: 12.10 Mbit/s
Wed Mar 11 00:45:01 CET 2020
Ping: 24.552 ms
Download: 247.14 Mbit/s
Upload: 18.11 Mbit/s
Wed Mar 11 01:45:01 CET 2020
Ping: 21.661 ms
Download: 17.86 Mbit/s
Upload: 13.95 Mbit/s
Wed Mar 11 02:45:01 CET 2020
Ping: 22.919 ms
Download: 18.33 Mbit/s
Upload: 15.54 Mbit/s
Wed Mar 11 03:45:01 CET 2020
Ping: 23.201 ms
Download: 13.67 Mbit/s
Upload: 8.00 Mbit/s
Wed Mar 11 04:45:01 CET 2020
Ping: 23.037 ms
Download: 16.59 Mbit/s
Upload: 15.04 Mbit/s
Wed Mar 11 05:45:01 CET 2020
Ping: 22.746 ms
Download: 20.40 Mbit/s
Upload: 13.33 Mbit/s
Wed Mar 11 06:45:01 CET 2020
Ping: 21.88 ms
Download: 8.31 Mbit/s
Upload: 8.90 Mbit/s
Wed Mar 11 07:45:01 CET 2020
Ping: 21.592 ms
Download: 13.66 Mbit/s
Upload: 15.20 Mbit/s
Wed Mar 11 08:45:02 CET 2020
Ping: 22.414 ms
Download: 20.47 Mbit/s
Upload: 13.78 Mbit/s
Wed Mar 11 09:45:01 CET 2020
Ping: 24.378 ms
Download: 12.79 Mbit/s
Upload: 13.33 Mbit/s
Wed Mar 11 10:45:01 CET 2020
Ping: 21.769 ms
Download: 8.31 Mbit/s
Upload: 12.65 Mbit/s
Wed Mar 11 11:45:01 CET 2020
Ping: 21.796 ms
Download: 16.05 Mbit/s
Upload: 11.63 Mbit/s
Wed Mar 11 12:45:02 CET 2020
Ping: 23.059 ms
Download: 32.55 Mbit/s
Upload: 18.63 Mbit/s
Wed Mar 11 13:45:01 CET 2020
Ping: 22.686 ms
Download: 7.41 Mbit/s
Upload: 10.41 Mbit/s
Wed Mar 11 14:45:01 CET 2020
Ping: 24.212 ms
Download: 12.46 Mbit/s
Upload: 10.10 Mbit/s
Wed Mar 11 15:45:01 CET 2020
Ping: 23.475 ms
Download: 259.16 Mbit/s
Upload: 18.31 Mbit/s
Wed Mar 11 16:45:01 CET 2020
Ping: 20.848 ms
Download: 9.97 Mbit/s
Upload: 12.29 Mbit/s
Wed Mar 11 17:45:01 CET 2020
Ping: 23.228 ms
Download: 8.93 Mbit/s
Upload: 8.33 Mbit/s
Wed Mar 11 18:45:02 CET 2020
Ping: 21.373 ms
Download: 19.31 Mbit/s
Upload: 15.72 Mbit/s
Wed Mar 11 19:45:01 CET 2020
Ping: 22.564 ms
Download: 16.70 Mbit/s
Upload: 13.36 Mbit/s
Wed Mar 11 20:45:01 CET 2020
Ping: 21.605 ms
Download: 20.27 Mbit/s
Upload: 16.13 Mbit/s
Wed Mar 11 21:45:01 CET 2020
Ping: 21.689 ms
Download: 14.92 Mbit/s
Upload: 9.38 Mbit/s
Wed Mar 11 22:45:01 CET 2020
Ping: 23.074 ms
Download: 222.00 Mbit/s
Upload: 19.63 Mbit/s
Wed Mar 11 23:45:01 CET 2020
Ping: 22.058 ms
Download: 17.90 Mbit/s
Upload: 18.74 Mbit/s
Thu Mar 12 00:45:01 CET 2020
Ping: 20.923 ms
Download: 17.06 Mbit/s
Upload: 10.14 Mbit/s
Thu Mar 12 01:45:01 CET 2020
Ping: 22.527 ms
Download: 9.84 Mbit/s
Upload: 11.66 Mbit/s
Thu Mar 12 02:45:01 CET 2020
Ping: 22.239 ms
Download: 14.64 Mbit/s
Upload: 19.08 Mbit/s
Thu Mar 12 03:45:01 CET 2020
Ping: 22.604 ms
Download: 10.10 Mbit/s
Upload: 8.51 Mbit/s
Thu Mar 12 04:45:01 CET 2020
Ping: 21.524 ms
Download: 20.02 Mbit/s
Upload: 15.35 Mbit/s
Thu Mar 12 05:45:01 CET 2020
Ping: 21.894 ms
Download: 11.85 Mbit/s
Upload: 9.80 Mbit/s
Thu Mar 12 06:45:01 CET 2020
Ping: 23.661 ms
Download: 27.60 Mbit/s
Upload: 16.05 Mbit/s
Thu Mar 12 07:45:01 CET 2020
Ping: 23.095 ms
Download: 24.78 Mbit/s
Upload: 15.76 Mbit/s
Thu Mar 12 08:45:01 CET 2020
Ping: 22.412 ms
Download: 245.96 Mbit/s
Upload: 18.27 Mbit/s
Thu Mar 12 09:45:01 CET 2020
Ping: 21.602 ms
Download: 11.32 Mbit/s
Upload: 15.07 Mbit/s
Thu Mar 12 10:45:01 CET 2020
Ping: 22.563 ms
Download: 284.31 Mbit/s
Upload: 18.84 Mbit/s
Thu Mar 12 11:45:01 CET 2020
Ping: 21.099 ms
Download: 25.63 Mbit/s
Upload: 17.34 Mbit/s
Thu Mar 12 12:45:01 CET 2020
Ping: 23.71 ms
Download: 211.62 Mbit/s
Upload: 19.41 Mbit/s
Thu Mar 12 13:45:01 CET 2020
Ping: 23.586 ms
Download: 227.69 Mbit/s
Upload: 19.22 Mbit/s
Thu Mar 12 14:45:01 CET 2020
Ping: 24.576 ms
Download: 18.78 Mbit/s
Upload: 15.31 Mbit/s
Thu Mar 12 15:45:01 CET 2020
Ping: 21.546 ms
Download: 11.17 Mbit/s
Upload: 3.76 Mbit/s
Thu Mar 12 16:45:02 CET 2020
Ping: 23.122 ms
Download: 240.06 Mbit/s
Upload: 18.35 Mbit/s
Thu Mar 12 17:45:01 CET 2020
Ping: 24.26 ms
Download: 9.34 Mbit/s
Upload: 10.81 Mbit/s
Thu Mar 12 18:45:01 CET 2020
Ping: 23.08 ms
Download: 20.17 Mbit/s
Upload: 14.93 Mbit/s
Thu Mar 12 19:45:01 CET 2020
Ping: 24.382 ms
Download: 7.85 Mbit/s
Upload: 6.90 Mbit/s
Thu Mar 12 20:45:01 CET 2020
Ping: 21.551 ms
Download: 10.86 Mbit/s
Upload: 11.70 Mbit/s
Thu Mar 12 21:45:01 CET 2020
Ping: 24.072 ms
Download: 231.12 Mbit/s
Upload: 18.60 Mbit/s
Thu Mar 12 22:45:01 CET 2020
Ping: 21.905 ms
Download: 255.39 Mbit/s
Upload: 18.95 Mbit/s
Thu Mar 12 23:45:01 CET 2020
Ping: 22.793 ms
Download: 230.18 Mbit/s
Upload: 18.77 Mbit/s
Fri Mar 13 00:45:01 CET 2020
Ping: 24.353 ms
Download: 11.80 Mbit/s
Upload: 12.44 Mbit/s
Fri Mar 13 01:45:01 CET 2020
Ping: 21.056 ms
Download: 24.23 Mbit/s
Upload: 19.51 Mbit/s
Fri Mar 13 02:45:01 CET 2020
Ping: 21.906 ms
Download: 14.86 Mbit/s
Upload: 16.49 Mbit/s
Fri Mar 13 03:45:01 CET 2020
Ping: 22.82 ms
Download: 222.43 Mbit/s
Upload: 19.48 Mbit/s
Fri Mar 13 04:45:01 CET 2020
Ping: 23.297 ms
Download: 231.55 Mbit/s
Upload: 19.27 Mbit/s
Fri Mar 13 05:45:01 CET 2020
Ping: 24.867 ms
Download: 9.66 Mbit/s
Upload: 10.33 Mbit/s
Fri Mar 13 06:45:01 CET 2020
Ping: 23.042 ms
Download: 16.41 Mbit/s
Upload: 13.55 Mbit/s
Fri Mar 13 07:45:02 CET 2020
Ping: 21.296 ms
Download: 17.17 Mbit/s
Upload: 11.49 Mbit/s
Fri Mar 13 08:45:01 CET 2020
Ping: 21.654 ms
Download: 25.10 Mbit/s
Upload: 17.43 Mbit/s
Fri Mar 13 09:45:01 CET 2020
Ping: 22.542 ms
Download: 7.80 Mbit/s
Upload: 2.33 Mbit/s
Fri Mar 13 10:45:01 CET 2020
Ping: 23.727 ms
Download: 12.69 Mbit/s
Upload: 11.83 Mbit/s
Fri Mar 13 11:45:01 CET 2020
Ping: 22.071 ms
Download: 13.84 Mbit/s
Upload: 13.37 Mbit/s
Fri Mar 13 12:45:01 CET 2020
Ping: 23.972 ms
Download: 15.47 Mbit/s
Upload: 11.01 Mbit/s
Fri Mar 13 13:45:01 CET 2020
Ping: 22.003 ms
Download: 16.35 Mbit/s
Upload: 3.69 Mbit/s
Fri Mar 13 14:45:01 CET 2020
Ping: 21.71 ms
Download: 22.35 Mbit/s
Upload: 18.61 Mbit/s
Fri Mar 13 15:45:01 CET 2020
Ping: 22.4 ms
Download: 7.43 Mbit/s
Upload: 8.23 Mbit/s
Fri Mar 13 16:45:01 CET 2020
Ping: 23.742 ms
Download: 220.43 Mbit/s
Upload: 19.42 Mbit/s
Fri Mar 13 17:45:01 CET 2020
Ping: 22.903 ms
Download: 10.13 Mbit/s
Upload: 10.33 Mbit/s
Fri Mar 13 18:45:01 CET 2020
Ping: 22.445 ms
Download: 11.20 Mbit/s
Upload: 13.70 Mbit/s
Fri Mar 13 19:45:01 CET 2020
Ping: 21.975 ms
Download: 11.65 Mbit/s
Upload: 14.85 Mbit/s
Fri Mar 13 20:45:01 CET 2020
Ping: 23.222 ms
Download: 10.49 Mbit/s
Upload: 10.59 Mbit/s
Fri Mar 13 21:45:01 CET 2020
Ping: 23.559 ms
Download: 28.28 Mbit/s
Upload: 18.65 Mbit/s
Fri Mar 13 22:45:02 CET 2020
Ping: 21.567 ms
Download: 13.17 Mbit/s
Upload: 15.86 Mbit/s
Fri Mar 13 23:45:01 CET 2020
Ping: 23.202 ms
Download: 12.68 Mbit/s
Upload: 10.81 Mbit/s
Sat Mar 14 00:45:01 CET 2020
Ping: 23.117 ms
Download: 13.86 Mbit/s
Upload: 9.92 Mbit/s
Sat Mar 14 01:45:01 CET 2020
Ping: 23.055 ms
Download: 10.55 Mbit/s
Upload: 10.44 Mbit/s
Sat Mar 14 02:45:02 CET 2020
Ping: 22.404 ms
Download: 203.06 Mbit/s
Upload: 19.30 Mbit/s
Sat Mar 14 03:45:01 CET 2020
Ping: 21.932 ms
Download: 12.13 Mbit/s
Upload: 12.99 Mbit/s
Sat Mar 14 04:45:01 CET 2020
Ping: 21.536 ms
Download: 11.54 Mbit/s
Upload: 16.67 Mbit/s
Sat Mar 14 05:45:01 CET 2020
Ping: 21.755 ms
Download: 24.88 Mbit/s
Upload: 18.22 Mbit/s
Sat Mar 14 06:45:01 CET 2020
Ping: 21.96 ms
Download: 11.69 Mbit/s
Upload: 10.14 Mbit/s
Sat Mar 14 07:45:01 CET 2020
Ping: 20.876 ms
Download: 17.75 Mbit/s
Upload: 16.03 Mbit/s
Sat Mar 14 08:45:01 CET 2020
Ping: 20.703 ms
Download: 9.57 Mbit/s
Upload: 8.49 Mbit/s
Sat Mar 14 09:45:01 CET 2020
Ping: 19.78 ms
Download: 13.94 Mbit/s
Upload: 12.87 Mbit/s
Sat Mar 14 10:45:01 CET 2020
Ping: 23.498 ms
Download: 209.37 Mbit/s
Upload: 17.71 Mbit/s
Sat Mar 14 11:45:01 CET 2020
Ping: 23.319 ms
Download: 219.26 Mbit/s
Upload: 19.04 Mbit/s
Sat Mar 14 12:45:01 CET 2020
Ping: 25.872 ms
Download: 224.61 Mbit/s
Upload: 18.48 Mbit/s
Sat Mar 14 13:45:01 CET 2020
Ping: 23.122 ms
Download: 15.07 Mbit/s
Upload: 14.73 Mbit/s
Sat Mar 14 14:45:01 CET 2020
Ping: 21.994 ms
Download: 14.74 Mbit/s
Upload: 2.33 Mbit/s
Sat Mar 14 15:45:01 CET 2020
Ping: 21.924 ms
Download: 12.52 Mbit/s
Upload: 16.90 Mbit/s
Sat Mar 14 16:45:01 CET 2020
Ping: 22.95 ms
Download: 10.70 Mbit/s
Upload: 8.15 Mbit/s
Sat Mar 14 17:45:01 CET 2020
Ping: 23.256 ms
Download: 13.92 Mbit/s
Upload: 18.69 Mbit/s
Sat Mar 14 18:45:01 CET 2020
Ping: 22.066 ms
Download: 9.79 Mbit/s
Upload: 13.12 Mbit/s
Sat Mar 14 19:45:01 CET 2020
Ping: 20.941 ms
Download: 12.91 Mbit/s
Upload: 12.23 Mbit/s
Sat Mar 14 20:45:01 CET 2020
Ping: 22.332 ms
Download: 6.73 Mbit/s
Upload: 6.10 Mbit/s
Sat Mar 14 21:45:02 CET 2020
Ping: 21.978 ms
Download: 10.32 Mbit/s
Upload: 7.56 Mbit/s
Sat Mar 14 22:45:01 CET 2020
Ping: 22.215 ms
Download: 9.69 Mbit/s
Upload: 8.91 Mbit/s
Sat Mar 14 23:45:01 CET 2020
Ping: 22.954 ms
Download: 24.83 Mbit/s
Upload: 14.14 Mbit/s
Sun Mar 15 00:45:01 CET 2020
Ping: 20.914 ms
Download: 14.24 Mbit/s
Upload: 13.62 Mbit/s
Sun Mar 15 01:45:01 CET 2020
Ping: 21.539 ms
Download: 14.59 Mbit/s
Upload: 11.72 Mbit/s
Sun Mar 15 02:45:01 CET 2020
Ping: 26.109 ms
Download: 13.69 Mbit/s
Upload: 17.23 Mbit/s
Sun Mar 15 03:45:01 CET 2020
Ping: 22.363 ms
Download: 12.35 Mbit/s
Upload: 15.77 Mbit/s
Sun Mar 15 04:45:02 CET 2020
Ping: 22.537 ms
Download: 16.39 Mbit/s
Upload: 10.28 Mbit/s
Sun Mar 15 05:45:01 CET 2020
Ping: 20.846 ms
Download: 18.57 Mbit/s
Upload: 14.83 Mbit/s
Sun Mar 15 06:45:01 CET 2020
Ping: 22.499 ms
Download: 13.81 Mbit/s
Upload: 15.02 Mbit/s
Sun Mar 15 07:45:01 CET 2020
Ping: 22.008 ms
Download: 19.23 Mbit/s
Upload: 13.11 Mbit/s
Sun Mar 15 08:45:01 CET 2020
Ping: 23.994 ms
Download: 237.88 Mbit/s
Upload: 18.68 Mbit/s
Sun Mar 15 09:45:01 CET 2020
Ping: 21.576 ms
Download: 10.29 Mbit/s
Upload: 9.61 Mbit/s
Sun Mar 15 10:45:01 CET 2020
Ping: 21.571 ms
Download: 9.98 Mbit/s
Upload: 7.61 Mbit/s
Sun Mar 15 11:45:01 CET 2020
Ping: 22.835 ms
Download: 29.41 Mbit/s
Upload: 18.66 Mbit/s
Sun Mar 15 12:45:01 CET 2020
Ping: 22.684 ms
Download: 10.77 Mbit/s
Upload: 11.22 Mbit/s
Sun Mar 15 13:45:01 CET 2020
Ping: 23.042 ms
Download: 236.43 Mbit/s
Upload: 19.59 Mbit/s
Sun Mar 15 14:45:02 CET 2020
Ping: 22.198 ms
Download: 229.94 Mbit/s
Upload: 19.24 Mbit/s
Sun Mar 15 15:45:02 CET 2020
Ping: 24.378 ms
Download: 12.14 Mbit/s
Upload: 7.83 Mbit/s
Sun Mar 15 16:45:01 CET 2020
Ping: 23.273 ms
Download: 12.06 Mbit/s
Upload: 2.49 Mbit/s
Sun Mar 15 17:45:01 CET 2020
Ping: 21.738 ms
Download: 12.43 Mbit/s
Upload: 13.35 Mbit/s
Sun Mar 15 18:45:01 CET 2020
Ping: 24.081 ms
Download: 14.34 Mbit/s
Upload: 16.49 Mbit/s
Sun Mar 15 19:45:01 CET 2020
Ping: 23.926 ms
Download: 15.33 Mbit/s
Upload: 15.40 Mbit/s
Sun Mar 15 20:45:01 CET 2020
Ping: 23.479 ms
Download: 9.92 Mbit/s
Upload: 14.12 Mbit/s
Sun Mar 15 21:45:01 CET 2020
Ping: 22.728 ms
Download: 6.91 Mbit/s
Upload: 7.42 Mbit/s
Sun Mar 15 22:45:01 CET 2020
Ping: 21.642 ms
Download: 32.15 Mbit/s
Upload: 19.43 Mbit/s
Sun Mar 15 23:45:01 CET 2020
Ping: 20.448 ms
Download: 19.25 Mbit/s
Upload: 19.16 Mbit/s
Mon Mar 16 00:45:01 CET 2020
Ping: 24.086 ms
Download: 29.58 Mbit/s
Upload: 16.29 Mbit/s
Mon Mar 16 01:45:01 CET 2020
Ping: 21.9 ms
Download: 29.45 Mbit/s
Upload: 19.55 Mbit/s
Mon Mar 16 02:45:01 CET 2020
Ping: 21.75 ms
Download: 236.68 Mbit/s
Upload: 19.06 Mbit/s
Mon Mar 16 03:45:01 CET 2020
Ping: 21.53 ms
Download: 24.27 Mbit/s
Upload: 16.20 Mbit/s
Mon Mar 16 04:45:01 CET 2020
Ping: 22.329 ms
Download: 13.26 Mbit/s
Upload: 13.42 Mbit/s
Mon Mar 16 05:45:01 CET 2020
Ping: 21.15 ms
Download: 19.56 Mbit/s
Upload: 11.41 Mbit/s
Mon Mar 16 06:45:01 CET 2020
Ping: 21.092 ms
Download: 11.69 Mbit/s
Upload: 9.92 Mbit/s
Mon Mar 16 07:45:01 CET 2020
Ping: 22.608 ms
Download: 19.67 Mbit/s
Upload: 16.52 Mbit/s
Mon Mar 16 08:45:01 CET 2020
Ping: 23.577 ms
Download: 10.16 Mbit/s
Upload: 18.30 Mbit/s
Mon Mar 16 09:45:02 CET 2020
Ping: 21.864 ms
Download: 10.49 Mbit/s
Upload: 15.28 Mbit/s
Mon Mar 16 10:45:01 CET 2020
Ping: 20.735 ms
Download: 10.26 Mbit/s
Upload: 16.76 Mbit/s
Mon Mar 16 11:45:01 CET 2020
Ping: 22.243 ms
Download: 21.74 Mbit/s
Upload: 12.98 Mbit/s
Mon Mar 16 12:45:01 CET 2020
Ping: 23.278 ms
Download: 12.59 Mbit/s
Upload: 8.10 Mbit/s
Mon Mar 16 13:45:01 CET 2020
Ping: 22.043 ms
Download: 27.34 Mbit/s
Upload: 19.26 Mbit/s
Mon Mar 16 14:45:01 CET 2020
Ping: 23.04 ms
Download: 18.42 Mbit/s
Upload: 13.56 Mbit/s
Mon Mar 16 15:45:01 CET 2020
Ping: 22.305 ms
Download: 10.10 Mbit/s
Upload: 13.46 Mbit/s
Mon Mar 16 16:45:01 CET 2020
Ping: 20.28 ms
Download: 16.53 Mbit/s
Upload: 14.21 Mbit/s
Mon Mar 16 17:45:01 CET 2020
Ping: 23.054 ms
Download: 8.66 Mbit/s
Upload: 9.42 Mbit/s
Mon Mar 16 18:45:01 CET 2020
Ping: 20.078 ms
Download: 8.32 Mbit/s
Upload: 9.53 Mbit/s
Mon Mar 16 19:45:01 CET 2020
Ping: 22.572 ms
Download: 16.49 Mbit/s
Upload: 14.84 Mbit/s
Mon Mar 16 20:45:01 CET 2020
Ping: 21.521 ms
Download: 13.98 Mbit/s
Upload: 14.96 Mbit/s
Mon Mar 16 21:45:02 CET 2020
Ping: 21.865 ms
Download: 10.30 Mbit/s
Upload: 7.68 Mbit/s
Mon Mar 16 22:45:01 CET 2020
Ping: 23.42 ms
Download: 245.47 Mbit/s
Upload: 15.10 Mbit/s
Mon Mar 16 23:45:01 CET 2020
Ping: 20.342 ms
Download: 9.29 Mbit/s
Upload: 13.55 Mbit/s
Tue Mar 17 00:45:01 CET 2020
Ping: 22.526 ms
Download: 11.28 Mbit/s
Upload: 12.99 Mbit/s
Tue Mar 17 01:45:01 CET 2020
Ping: 22.729 ms
Download: 8.03 Mbit/s
Upload: 10.19 Mbit/s
Tue Mar 17 02:45:01 CET 2020
Ping: 22.295 ms
Download: 18.49 Mbit/s
Upload: 19.76 Mbit/s
Tue Mar 17 03:45:01 CET 2020
Ping: 21.17 ms
Download: 21.04 Mbit/s
Upload: 18.74 Mbit/s
Tue Mar 17 04:45:01 CET 2020
Ping: 20.41 ms
Download: 13.68 Mbit/s
Upload: 14.39 Mbit/s
Tue Mar 17 05:45:01 CET 2020
Ping: 22.041 ms
Download: 14.23 Mbit/s
Upload: 14.23 Mbit/s
Tue Mar 17 06:45:01 CET 2020
Ping: 22.253 ms
Download: 219.50 Mbit/s
Upload: 19.26 Mbit/s
Tue Mar 17 07:45:01 CET 2020
Ping: 21.53 ms
Download: 10.28 Mbit/s
Upload: 11.76 Mbit/s
Tue Mar 17 08:45:01 CET 2020
Ping: 22.201 ms
Download: 16.41 Mbit/s
Upload: 19.73 Mbit/s
Tue Mar 17 09:45:01 CET 2020
Ping: 21.4 ms
Download: 12.46 Mbit/s
Upload: 16.45 Mbit/s
Tue Mar 17 10:45:01 CET 2020
Ping: 24.906 ms
Download: 11.18 Mbit/s
Upload: 2.31 Mbit/s
Tue Mar 17 11:45:01 CET 2020
Ping: 25.702 ms
Download: 8.11 Mbit/s
Upload: 13.44 Mbit/s
Tue Mar 17 12:45:02 CET 2020
Ping: 21.943 ms
Download: 21.90 Mbit/s
Upload: 18.23 Mbit/s
Tue Mar 17 13:45:01 CET 2020
Ping: 19.875 ms
Download: 12.14 Mbit/s
Upload: 15.78 Mbit/s
Tue Mar 17 14:45:01 CET 2020
Ping: 21.901 ms
Download: 9.13 Mbit/s
Upload: 7.74 Mbit/s
Tue Mar 17 15:45:01 CET 2020
Ping: 22.755 ms
Download: 15.03 Mbit/s
Upload: 19.15 Mbit/s
Tue Mar 17 16:45:01 CET 2020
Ping: 22.328 ms
Download: 8.18 Mbit/s
Upload: 11.78 Mbit/s
Tue Mar 17 17:45:01 CET 2020
Ping: 19.064 ms
Download: 223.99 Mbit/s
Upload: 16.93 Mbit/s
Tue Mar 17 18:45:02 CET 2020
Ping: 23.458 ms
Download: 16.80 Mbit/s
Upload: 13.87 Mbit/s
Tue Mar 17 19:45:01 CET 2020
Ping: 24.187 ms
Download: 221.69 Mbit/s
Upload: 19.61 Mbit/s
Tue Mar 17 20:45:01 CET 2020
Ping: 22.014 ms
Download: 9.60 Mbit/s
Upload: 2.12 Mbit/s
Tue Mar 17 21:45:01 CET 2020
Ping: 21.837 ms
Download: 7.94 Mbit/s
Upload: 7.62 Mbit/s
Tue Mar 17 22:45:01 CET 2020
Ping: 23.813 ms
Download: 236.00 Mbit/s
Upload: 19.28 Mbit/s
Tue Mar 17 23:45:01 CET 2020
Ping: 22.238 ms
Download: 16.29 Mbit/s
Upload: 10.03 Mbit/s
Wed Mar 18 00:45:01 CET 2020
Ping: 22.341 ms
Download: 11.57 Mbit/s
Upload: 14.87 Mbit/s
Wed Mar 18 01:45:01 CET 2020
Ping: 22.27 ms
Download: 16.09 Mbit/s
Upload: 13.74 Mbit/s
Wed Mar 18 02:45:01 CET 2020
Ping: 23.313 ms
Download: 215.94 Mbit/s
Upload: 19.12 Mbit/s
Wed Mar 18 03:45:01 CET 2020
Ping: 22.086 ms
Download: 7.45 Mbit/s
Upload: 6.12 Mbit/s
Wed Mar 18 04:45:01 CET 2020
Ping: 20.716 ms
Download: 6.72 Mbit/s
Upload: 9.08 Mbit/s
Wed Mar 18 05:45:01 CET 2020
Ping: 19.98 ms
Download: 12.59 Mbit/s
Upload: 15.72 Mbit/s
Wed Mar 18 06:45:01 CET 2020
Ping: 23.211 ms
Download: 213.31 Mbit/s
Upload: 19.48 Mbit/s
Wed Mar 18 07:45:02 CET 2020
Ping: 21.144 ms
Download: 11.77 Mbit/s
Upload: 14.21 Mbit/s
Wed Mar 18 08:45:01 CET 2020
Ping: 21.253 ms
Download: 10.97 Mbit/s
Upload: 9.47 Mbit/s
Wed Mar 18 09:45:01 CET 2020
Ping: 21.049 ms
Download: 10.57 Mbit/s
Upload: 10.88 Mbit/s
Wed Mar 18 10:45:01 CET 2020
Ping: 23.334 ms
Download: 12.97 Mbit/s
Upload: 18.54 Mbit/s
Wed Mar 18 11:45:01 CET 2020
Ping: 24.738 ms
Download: 236.01 Mbit/s
Upload: 18.06 Mbit/s
Wed Mar 18 12:45:01 CET 2020
Ping: 21.386 ms
Download: 13.17 Mbit/s
Upload: 16.09 Mbit/s
Wed Mar 18 13:45:01 CET 2020
Ping: 22.948 ms
Download: 14.83 Mbit/s
Upload: 11.45 Mbit/s
Wed Mar 18 14:45:01 CET 2020
Ping: 22.213 ms
Download: 10.59 Mbit/s
Upload: 15.09 Mbit/s
Wed Mar 18 15:45:01 CET 2020
Ping: 21.453 ms
Download: 15.98 Mbit/s
Upload: 14.83 Mbit/s
Wed Mar 18 16:45:01 CET 2020
Ping: 20.795 ms
Download: 10.21 Mbit/s
Upload: 15.81 Mbit/s
Wed Mar 18 17:45:01 CET 2020
Ping: 26.239 ms
Download: 244.29 Mbit/s
Upload: 19.64 Mbit/s
Wed Mar 18 18:45:01 CET 2020
Ping: 23.747 ms
Download: 253.89 Mbit/s
Upload: 18.98 Mbit/s
Wed Mar 18 19:45:01 CET 2020
Ping: 22.567 ms
Download: 9.01 Mbit/s
Upload: 7.90 Mbit/s
Wed Mar 18 20:45:01 CET 2020
Ping: 21.914 ms
Download: 8.16 Mbit/s
Upload: 10.10 Mbit/s
Wed Mar 18 21:45:01 CET 2020
Ping: 22.968 ms
Download: 216.00 Mbit/s
Upload: 19.21 Mbit/s
Wed Mar 18 22:45:01 CET 2020
Ping: 22.387 ms
Download: 7.52 Mbit/s
Upload: 3.06 Mbit/s
Wed Mar 18 23:45:01 CET 2020
Ping: 21.532 ms
Download: 19.68 Mbit/s
Upload: 16.88 Mbit/s
Thu Mar 19 00:45:01 CET 2020
Ping: 21.23 ms
Download: 12.11 Mbit/s
Upload: 10.53 Mbit/s
Thu Mar 19 01:45:01 CET 2020
Ping: 22.586 ms
Download: 12.35 Mbit/s
Upload: 17.07 Mbit/s
Thu Mar 19 02:45:02 CET 2020
Ping: 23.027 ms
Download: 15.75 Mbit/s
Upload: 16.14 Mbit/s
Thu Mar 19 03:45:01 CET 2020
Ping: 21.062 ms
Download: 8.78 Mbit/s
Upload: 10.28 Mbit/s
Thu Mar 19 04:45:02 CET 2020
Ping: 21.255 ms
Download: 15.95 Mbit/s
Upload: 18.73 Mbit/s
Thu Mar 19 05:45:01 CET 2020
Ping: 21.548 ms
Download: 14.92 Mbit/s
Upload: 13.26 Mbit/s
Thu Mar 19 06:45:01 CET 2020
Ping: 18.869 ms
Download: 14.59 Mbit/s
Upload: 13.59 Mbit/s
Thu Mar 19 07:45:02 CET 2020
Ping: 23.39 ms
Download: 9.31 Mbit/s
Upload: 9.30 Mbit/s
Thu Mar 19 08:45:01 CET 2020
Ping: 22.376 ms
Download: 14.73 Mbit/s
Upload: 13.69 Mbit/s
Thu Mar 19 09:45:01 CET 2020
Ping: 21.905 ms
Download: 231.97 Mbit/s
Upload: 19.55 Mbit/s
Thu Mar 19 10:45:01 CET 2020
Ping: 21.851 ms
Download: 14.75 Mbit/s
Upload: 14.46 Mbit/s
Thu Mar 19 11:45:01 CET 2020
Ping: 22.606 ms
Download: 235.02 Mbit/s
Upload: 18.71 Mbit/s
Thu Mar 19 12:45:01 CET 2020
Ping: 23.845 ms
Download: 219.72 Mbit/s
Upload: 19.45 Mbit/s
Thu Mar 19 13:45:01 CET 2020
Ping: 21.571 ms
Download: 11.10 Mbit/s
Upload: 11.90 Mbit/s
Thu Mar 19 14:45:01 CET 2020
Ping: 19.789 ms
Download: 269.28 Mbit/s
Upload: 17.63 Mbit/s
Thu Mar 19 15:45:01 CET 2020
Ping: 20.724 ms
Download: 7.61 Mbit/s
Upload: 8.98 Mbit/s
Thu Mar 19 16:45:01 CET 2020
Ping: 20.89 ms
Download: 7.24 Mbit/s
Upload: 10.57 Mbit/s
Thu Mar 19 17:45:01 CET 2020
Ping: 21.147 ms
Download: 8.83 Mbit/s
Upload: 10.78 Mbit/s
Thu Mar 19 18:45:01 CET 2020
Ping: 22.533 ms
Download: 226.76 Mbit/s
Upload: 19.26 Mbit/s
Thu Mar 19 19:45:02 CET 2020
Ping: 21.266 ms
Download: 11.75 Mbit/s
Upload: 15.85 Mbit/s
Thu Mar 19 20:45:01 CET 2020
Ping: 24.479 ms
Download: 221.29 Mbit/s
Upload: 19.08 Mbit/s
Thu Mar 19 21:45:01 CET 2020
Ping: 22.369 ms
Download: 15.04 Mbit/s
Upload: 11.76 Mbit/s
Thu Mar 19 22:45:01 CET 2020
Ping: 21.84 ms
Download: 19.60 Mbit/s
Upload: 18.28 Mbit/s
Thu Mar 19 23:45:01 CET 2020
Ping: 21.081 ms
Download: 284.72 Mbit/s
Upload: 19.41 Mbit/s
Fri Mar 20 00:45:01 CET 2020
Ping: 21.907 ms
Download: 7.94 Mbit/s
Upload: 7.99 Mbit/s
Fri Mar 20 01:45:01 CET 2020
Ping: 21.841 ms
Download: 20.39 Mbit/s
Upload: 16.59 Mbit/s
Fri Mar 20 02:45:01 CET 2020
Ping: 21.919 ms
Download: 241.05 Mbit/s
Upload: 19.40 Mbit/s
Fri Mar 20 03:45:01 CET 2020
Ping: 20.268 ms
Download: 18.75 Mbit/s
Upload: 13.94 Mbit/s
Fri Mar 20 04:45:01 CET 2020
Ping: 21.871 ms
Download: 19.71 Mbit/s
Upload: 19.85 Mbit/s
Fri Mar 20 05:45:01 CET 2020
Ping: 22.089 ms
Download: 8.81 Mbit/s
Upload: 10.66 Mbit/s
Fri Mar 20 06:45:01 CET 2020
Ping: 24.783 ms
Download: 253.96 Mbit/s
Upload: 19.82 Mbit/s
Fri Mar 20 07:45:01 CET 2020
Ping: 21.512 ms
Download: 7.86 Mbit/s
Upload: 12.26 Mbit/s
Fri Mar 20 08:45:01 CET 2020
Ping: 20.25 ms
Download: 18.22 Mbit/s
Upload: 17.35 Mbit/s
Fri Mar 20 09:45:02 CET 2020
Ping: 21.498 ms
Download: 10.81 Mbit/s
Upload: 14.61 Mbit/s
Fri Mar 20 10:45:01 CET 2020
Ping: 22.331 ms
Download: 14.47 Mbit/s
Upload: 15.02 Mbit/s
Fri Mar 20 11:45:01 CET 2020
Ping: 22.333 ms
Download: 19.99 Mbit/s
Upload: 16.71 Mbit/s
Fri Mar 20 12:45:01 CET 2020
Ping: 23.241 ms
Download: 16.59 Mbit/s
Upload: 16.36 Mbit/s
Fri Mar 20 13:45:01 CET 2020
Ping: 21.977 ms
Download: 16.65 Mbit/s
Upload: 17.36 Mbit/s
Fri Mar 20 14:45:01 CET 2020
Ping: 21.721 ms
Download: 19.54 Mbit/s
Upload: 19.60 Mbit/s
Fri Mar 20 15:45:02 CET 2020
Ping: 21.891 ms
Download: 14.66 Mbit/s
Upload: 17.05 Mbit/s
Fri Mar 20 16:45:01 CET 2020
Ping: 22.118 ms
Download: 12.09 Mbit/s
Upload: 10.70 Mbit/s
Fri Mar 20 17:45:01 CET 2020
Ping: 21.389 ms
Download: 7.40 Mbit/s
Upload: 9.25 Mbit/s
Fri Mar 20 18:45:01 CET 2020
Ping: 22.623 ms
Download: 11.12 Mbit/s
Upload: 10.52 Mbit/s
Fri Mar 20 19:45:01 CET 2020
Ping: 20.537 ms
Download: 12.39 Mbit/s
Upload: 12.28 Mbit/s
Fri Mar 20 20:45:01 CET 2020
Ping: 21.104 ms
Download: 11.91 Mbit/s
Upload: 12.46 Mbit/s
Fri Mar 20 21:45:01 CET 2020
Ping: 22.48 ms
Download: 12.02 Mbit/s
Upload: 16.35 Mbit/s
Fri Mar 20 22:45:01 CET 2020
Ping: 22.776 ms
Download: 243.28 Mbit/s
Upload: 18.52 Mbit/s
Fri Mar 20 23:45:02 CET 2020
Ping: 22.16 ms
Download: 8.43 Mbit/s
Upload: 11.25 Mbit/s
Sat Mar 21 00:45:01 CET 2020
Ping: 21.914 ms
Download: 21.63 Mbit/s
Upload: 16.85 Mbit/s
Sat Mar 21 01:45:01 CET 2020
Ping: 20.754 ms
Download: 14.43 Mbit/s
Upload: 11.04 Mbit/s
Sat Mar 21 02:45:02 CET 2020
Ping: 23.99 ms
Download: 16.58 Mbit/s
Upload: 11.66 Mbit/s
Sat Mar 21 03:45:01 CET 2020
Ping: 22.818 ms
Download: 13.68 Mbit/s
Upload: 16.57 Mbit/s
Sat Mar 21 04:45:01 CET 2020
Ping: 23.207 ms
Download: 20.54 Mbit/s
Upload: 1.75 Mbit/s
Sat Mar 21 05:45:01 CET 2020
Ping: 22.895 ms
Download: 262.84 Mbit/s
Upload: 19.50 Mbit/s
Sat Mar 21 06:45:01 CET 2020
Ping: 22.82 ms
Download: 248.52 Mbit/s
Upload: 19.77 Mbit/s
Sat Mar 21 07:45:01 CET 2020
Ping: 23.685 ms
Download: 236.98 Mbit/s
Upload: 16.36 Mbit/s
Sat Mar 21 08:45:01 CET 2020
Ping: 23.048 ms
Download: 275.62 Mbit/s
Upload: 19.79 Mbit/s
Sat Mar 21 09:45:01 CET 2020
Ping: 21.79 ms
Download: 13.71 Mbit/s
Upload: 12.32 Mbit/s
Sat Mar 21 10:45:01 CET 2020
Ping: 20.011 ms
Download: 278.34 Mbit/s
Upload: 16.69 Mbit/s
Sat Mar 21 11:45:01 CET 2020
Ping: 23.746 ms
Download: 211.05 Mbit/s
Upload: 19.30 Mbit/s
Sat Mar 21 12:45:01 CET 2020
Ping: 22.056 ms
Download: 11.59 Mbit/s
Upload: 11.35 Mbit/s
Sat Mar 21 13:45:01 CET 2020
Ping: 21.791 ms
Download: 12.92 Mbit/s
Upload: 8.42 Mbit/s
Sat Mar 21 14:45:01 CET 2020
Ping: 24.491 ms
Download: 11.12 Mbit/s
Upload: 8.36 Mbit/s
Sat Mar 21 15:45:01 CET 2020
Ping: 21.114 ms
Download: 25.72 Mbit/s
Upload: 16.38 Mbit/s
Sat Mar 21 16:45:01 CET 2020
Ping: 25.633 ms
Download: 206.27 Mbit/s
Upload: 17.40 Mbit/s
Sat Mar 21 17:45:01 CET 2020
Ping: 22.011 ms
Download: 15.93 Mbit/s
Upload: 18.11 Mbit/s
Sat Mar 21 18:45:01 CET 2020
Ping: 23.416 ms
Download: 9.05 Mbit/s
Upload: 11.87 Mbit/s
Sat Mar 21 19:45:01 CET 2020
Ping: 23.15 ms
Download: 8.08 Mbit/s
Upload: 9.88 Mbit/s
Sat Mar 21 20:45:01 CET 2020
Ping: 22.965 ms
Download: 164.89 Mbit/s
Upload: 19.10 Mbit/s
Sat Mar 21 21:45:01 CET 2020
Ping: 23.73 ms
Download: 200.70 Mbit/s
Upload: 17.83 Mbit/s
Sat Mar 21 22:45:01 CET 2020
Ping: 24.78 ms
Download: 188.56 Mbit/s
Upload: 19.16 Mbit/s
Sat Mar 21 23:45:01 CET 2020
Ping: 23.234 ms
Download: 15.35 Mbit/s
Upload: 13.56 Mbit/s
Sun Mar 22 00:45:01 CET 2020
Ping: 21.773 ms
Download: 12.26 Mbit/s
Upload: 18.43 Mbit/s
Sun Mar 22 01:45:01 CET 2020
Ping: 22.344 ms
Download: 15.62 Mbit/s
Upload: 14.39 Mbit/s
Sun Mar 22 02:45:01 CET 2020
Ping: 22.194 ms
Download: 13.62 Mbit/s
Upload: 14.66 Mbit/s
Sun Mar 22 03:45:01 CET 2020
Ping: 20.519 ms
Download: 14.65 Mbit/s
Upload: 12.22 Mbit/s
Sun Mar 22 04:45:01 CET 2020
Ping: 21.079 ms
Download: 18.81 Mbit/s
Upload: 14.78 Mbit/s
Sun Mar 22 05:45:01 CET 2020
Ping: 22.211 ms
Download: 15.65 Mbit/s
Upload: 13.30 Mbit/s
Sun Mar 22 06:45:01 CET 2020
Ping: 20.25 ms
Download: 14.49 Mbit/s
Upload: 2.49 Mbit/s
Sun Mar 22 07:45:01 CET 2020
Ping: 21.436 ms
Download: 12.61 Mbit/s
Upload: 11.55 Mbit/s
Sun Mar 22 08:45:01 CET 2020
Ping: 22.444 ms
Download: 14.08 Mbit/s
Upload: 14.76 Mbit/s
Sun Mar 22 09:45:01 CET 2020
Ping: 21.436 ms
Download: 13.21 Mbit/s
Upload: 13.86 Mbit/s
Sun Mar 22 10:45:01 CET 2020
Ping: 21.684 ms
Download: 10.28 Mbit/s
Upload: 10.33 Mbit/s
Sun Mar 22 11:45:01 CET 2020
Ping: 22.906 ms
Download: 16.16 Mbit/s
Upload: 15.80 Mbit/s
Sun Mar 22 12:45:01 CET 2020
Ping: 21.901 ms
Download: 9.14 Mbit/s
Upload: 11.79 Mbit/s
Sun Mar 22 13:45:02 CET 2020
Ping: 23.515 ms
Download: 24.47 Mbit/s
Upload: 19.26 Mbit/s
Sun Mar 22 14:45:01 CET 2020
Ping: 24.049 ms
Download: 265.42 Mbit/s
Upload: 19.02 Mbit/s
Sun Mar 22 15:45:01 CET 2020
Ping: 23.767 ms
Download: 229.68 Mbit/s
Upload: 19.69 Mbit/s
Sun Mar 22 16:45:01 CET 2020
Ping: 22.614 ms
Download: 13.93 Mbit/s
Upload: 2.16 Mbit/s
Sun Mar 22 17:45:01 CET 2020
Ping: 21.888 ms
Download: 15.94 Mbit/s
Upload: 14.12 Mbit/s
Sun Mar 22 18:45:01 CET 2020
Ping: 22.014 ms
Download: 16.09 Mbit/s
Upload: 17.74 Mbit/s
Sun Mar 22 19:45:01 CET 2020
Ping: 21.292 ms
Download: 12.59 Mbit/s
Upload: 13.42 Mbit/s
Sun Mar 22 20:45:01 CET 2020
Ping: 22.87 ms
Download: 10.19 Mbit/s
Upload: 9.07 Mbit/s
Sun Mar 22 21:45:02 CET 2020
Ping: 23.318 ms
Download: 14.75 Mbit/s
Upload: 11.95 Mbit/s
Sun Mar 22 22:45:01 CET 2020
Ping: 24.849 ms
Download: 14.02 Mbit/s
Upload: 16.19 Mbit/s
Sun Mar 22 23:45:01 CET 2020
Ping: 24.089 ms
Download: 257.15 Mbit/s
Upload: 18.79 Mbit/s
Mon Mar 23 00:45:01 CET 2020
Ping: 21.868 ms
Download: 15.70 Mbit/s
Upload: 14.18 Mbit/s
Mon Mar 23 01:45:02 CET 2020
Ping: 24.217 ms
Download: 13.68 Mbit/s
Upload: 13.25 Mbit/s
Mon Mar 23 02:45:01 CET 2020
Ping: 22.402 ms
Download: 8.72 Mbit/s
Upload: 9.19 Mbit/s
Mon Mar 23 03:45:01 CET 2020
Ping: 21.732 ms
Download: 15.26 Mbit/s
Upload: 11.94 Mbit/s
Mon Mar 23 04:45:01 CET 2020
Ping: 22.387 ms
Download: 15.03 Mbit/s
Upload: 11.30 Mbit/s
Mon Mar 23 05:45:01 CET 2020
Ping: 23.079 ms
Download: 273.12 Mbit/s
Upload: 19.41 Mbit/s
Mon Mar 23 06:45:01 CET 2020
Ping: 22.884 ms
Download: 229.08 Mbit/s
Upload: 19.60 Mbit/s
Mon Mar 23 07:45:01 CET 2020
Ping: 22.044 ms
Download: 10.13 Mbit/s
Upload: 8.27 Mbit/s
Mon Mar 23 08:45:01 CET 2020
Ping: 22.456 ms
Download: 12.52 Mbit/s
Upload: 14.42 Mbit/s
Mon Mar 23 09:45:02 CET 2020
Ping: 21.015 ms
Download: 15.99 Mbit/s
Upload: 16.41 Mbit/s
Mon Mar 23 10:45:01 CET 2020
Ping: 23.381 ms
Download: 14.92 Mbit/s
Upload: 10.42 Mbit/s
Mon Mar 23 11:45:01 CET 2020
Ping: 24.057 ms
Download: 16.78 Mbit/s
Upload: 18.26 Mbit/s
Mon Mar 23 12:45:01 CET 2020
Ping: 23.695 ms
Download: 204.92 Mbit/s
Upload: 19.28 Mbit/s
Mon Mar 23 13:45:01 CET 2020
Ping: 23.375 ms
Download: 8.48 Mbit/s
Upload: 15.05 Mbit/s
Mon Mar 23 14:45:01 CET 2020
Ping: 25.997 ms
Download: 11.44 Mbit/s
Upload: 2.51 Mbit/s
Mon Mar 23 15:45:01 CET 2020
Ping: 22.407 ms
Download: 233.73 Mbit/s
Upload: 18.67 Mbit/s
Mon Mar 23 16:45:02 CET 2020
Ping: 24.211 ms
Download: 8.48 Mbit/s
Upload: 8.91 Mbit/s
Mon Mar 23 17:45:01 CET 2020
Ping: 21.468 ms
Download: 15.95 Mbit/s
Upload: 14.80 Mbit/s
Mon Mar 23 18:45:01 CET 2020
Ping: 24.168 ms
Download: 222.25 Mbit/s
Upload: 18.93 Mbit/s
Mon Mar 23 19:45:01 CET 2020
Ping: 24.032 ms
Download: 17.64 Mbit/s
Upload: 18.45 Mbit/s
Mon Mar 23 20:45:01 CET 2020
Ping: 23.03 ms
Download: 6.92 Mbit/s
Upload: 6.77 Mbit/s
Mon Mar 23 21:45:01 CET 2020
Ping: 22.889 ms
Download: 11.28 Mbit/s
Upload: 19.13 Mbit/s
Mon Mar 23 22:45:01 CET 2020
Ping: 20.806 ms
Download: 16.06 Mbit/s
Upload: 14.75 Mbit/s
Mon Mar 23 23:45:01 CET 2020
Ping: 22.033 ms
Download: 11.64 Mbit/s
Upload: 10.16 Mbit/s
Tue Mar 24 00:45:01 CET 2020
Ping: 21.815 ms
Download: 17.89 Mbit/s
Upload: 14.14 Mbit/s
Tue Mar 24 01:45:01 CET 2020
Ping: 21.91 ms
Download: 12.49 Mbit/s
Upload: 11.95 Mbit/s
Tue Mar 24 02:45:01 CET 2020
Ping: 23.094 ms
Download: 242.80 Mbit/s
Upload: 18.93 Mbit/s
Tue Mar 24 03:45:01 CET 2020
Ping: 20.37 ms
Download: 10.91 Mbit/s
Upload: 8.48 Mbit/s
Tue Mar 24 04:45:02 CET 2020
Ping: 20.407 ms
Download: 24.35 Mbit/s
Upload: 17.64 Mbit/s
Tue Mar 24 05:45:01 CET 2020
Ping: 20.871 ms
Download: 13.62 Mbit/s
Upload: 11.24 Mbit/s
Tue Mar 24 06:45:01 CET 2020
Ping: 21.572 ms
Download: 16.59 Mbit/s
Upload: 12.30 Mbit/s
Tue Mar 24 07:45:01 CET 2020
Ping: 22.726 ms
Download: 207.81 Mbit/s
Upload: 19.60 Mbit/s
Tue Mar 24 08:45:01 CET 2020
Ping: 21.745 ms
Download: 247.80 Mbit/s
Upload: 19.35 Mbit/s
Tue Mar 24 09:45:01 CET 2020
Ping: 21.219 ms
Download: 10.15 Mbit/s
Upload: 11.89 Mbit/s
Tue Mar 24 10:45:01 CET 2020
Ping: 24.806 ms
Download: 14.60 Mbit/s
Upload: 17.00 Mbit/s
Tue Mar 24 11:45:01 CET 2020
Ping: 20.241 ms
Download: 8.09 Mbit/s
Upload: 3.81 Mbit/s
Tue Mar 24 12:45:01 CET 2020
Ping: 23.917 ms
Download: 242.92 Mbit/s
Upload: 19.41 Mbit/s
Tue Mar 24 13:45:01 CET 2020
Ping: 20.87 ms
Download: 21.57 Mbit/s
Upload: 18.17 Mbit/s
Tue Mar 24 14:45:01 CET 2020
Ping: 22.35 ms
Download: 7.64 Mbit/s
Upload: 6.59 Mbit/s
Tue Mar 24 15:45:02 CET 2020
Ping: 22.557 ms
Download: 15.26 Mbit/s
Upload: 13.89 Mbit/s
Tue Mar 24 16:45:01 CET 2020
Ping: 23.82 ms
Download: 232.57 Mbit/s
Upload: 16.98 Mbit/s
Tue Mar 24 17:45:02 CET 2020
Ping: 23.794 ms
Download: 243.98 Mbit/s
Upload: 19.19 Mbit/s
Tue Mar 24 18:45:01 CET 2020
Ping: 23.72 ms
Download: 16.43 Mbit/s
Upload: 14.52 Mbit/s
Tue Mar 24 19:45:01 CET 2020
Ping: 23.23 ms
Download: 11.54 Mbit/s
Upload: 13.82 Mbit/s
Tue Mar 24 20:45:01 CET 2020
Ping: 24.231 ms
Download: 7.09 Mbit/s
Upload: 5.57 Mbit/s
Tue Mar 24 21:45:01 CET 2020
Ping: 24.276 ms
Download: 17.70 Mbit/s
Upload: 11.84 Mbit/s
Tue Mar 24 22:45:01 CET 2020
Ping: 20.99 ms
Download: 11.12 Mbit/s
Upload: 17.54 Mbit/s
Tue Mar 24 23:45:01 CET 2020
Ping: 23.822 ms
Download: 159.49 Mbit/s
Upload: 19.50 Mbit/s
Wed Mar 25 00:45:01 CET 2020
Ping: 24.2 ms
Download: 247.02 Mbit/s
Upload: 18.98 Mbit/s
Wed Mar 25 01:45:02 CET 2020
Ping: 21.395 ms
Download: 19.33 Mbit/s
Upload: 13.94 Mbit/s
Wed Mar 25 02:45:01 CET 2020
Ping: 22.218 ms
Download: 21.82 Mbit/s
Upload: 18.89 Mbit/s
Wed Mar 25 03:45:02 CET 2020
Ping: 21.224 ms
Download: 19.78 Mbit/s
Upload: 12.04 Mbit/s
Wed Mar 25 04:45:01 CET 2020
Ping: 21.461 ms
Download: 13.55 Mbit/s
Upload: 12.45 Mbit/s
Wed Mar 25 05:45:01 CET 2020
Ping: 22.453 ms
Download: 252.15 Mbit/s
Upload: 19.51 Mbit/s
Wed Mar 25 06:45:02 CET 2020
Ping: 19.919 ms
Download: 20.07 Mbit/s
Upload: 15.21 Mbit/s
Wed Mar 25 07:45:02 CET 2020
Ping: 21.23 ms
Download: 10.55 Mbit/s
Upload: 11.74 Mbit/s
Wed Mar 25 08:45:02 CET 2020
Ping: 23.413 ms
Download: 237.56 Mbit/s
Upload: 19.09 Mbit/s
Wed Mar 25 09:45:01 CET 2020
Ping: 23.373 ms
Download: 14.54 Mbit/s
Upload: 16.30 Mbit/s
Wed Mar 25 10:45:01 CET 2020
Ping: 20.862 ms
Download: 8.42 Mbit/s
Upload: 8.28 Mbit/s
Wed Mar 25 11:45:01 CET 2020
Ping: 23.397 ms
Download: 19.43 Mbit/s
Upload: 14.70 Mbit/s
Wed Mar 25 12:45:01 CET 2020
Ping: 20.128 ms
Download: 293.07 Mbit/s
Upload: 19.31 Mbit/s
Wed Mar 25 13:45:01 CET 2020
Ping: 21.114 ms
Download: 227.39 Mbit/s
Upload: 19.35 Mbit/s
Wed Mar 25 14:45:01 CET 2020
Ping: 22.666 ms
Download: 15.33 Mbit/s
Upload: 3.02 Mbit/s
Wed Mar 25 15:45:01 CET 2020
Ping: 23.171 ms
Download: 240.73 Mbit/s
Upload: 19.36 Mbit/s
Wed Mar 25 16:45:02 CET 2020
Ping: 20.803 ms
Download: 271.99 Mbit/s
Upload: 18.81 Mbit/s
Wed Mar 25 17:45:01 CET 2020
Ping: 22.227 ms
Download: 17.58 Mbit/s
Upload: 15.24 Mbit/s
Wed Mar 25 18:45:01 CET 2020
Ping: 20.722 ms
Download: 251.76 Mbit/s
Upload: 17.82 Mbit/s
Wed Mar 25 19:45:01 CET 2020
Ping: 20.898 ms
Download: 8.66 Mbit/s
Upload: 4.13 Mbit/s
Wed Mar 25 20:45:01 CET 2020
Ping: 22.536 ms
Download: 251.97 Mbit/s
Upload: 19.47 Mbit/s
Wed Mar 25 21:45:01 CET 2020
Ping: 22.015 ms
Download: 20.83 Mbit/s
Upload: 19.42 Mbit/s
Wed Mar 25 22:45:01 CET 2020
Ping: 21.771 ms
Download: 18.11 Mbit/s
Upload: 14.18 Mbit/s
Wed Mar 25 23:45:01 CET 2020
Ping: 23.423 ms
Download: 257.72 Mbit/s
Upload: 19.30 Mbit/s
Thu Mar 26 00:45:01 CET 2020
Ping: 21.433 ms
Download: 219.52 Mbit/s
Upload: 19.70 Mbit/s
Thu Mar 26 01:45:01 CET 2020
Ping: 22.388 ms
Download: 242.20 Mbit/s
Upload: 19.83 Mbit/s
Thu Mar 26 02:45:01 CET 2020
Ping: 20.903 ms
Download: 12.34 Mbit/s
Upload: 17.18 Mbit/s
Thu Mar 26 03:45:01 CET 2020
Ping: 22.225 ms
Download: 256.22 Mbit/s
Upload: 19.76 Mbit/s
Thu Mar 26 04:45:01 CET 2020
Ping: 21.075 ms
Download: 12.12 Mbit/s
Upload: 13.82 Mbit/s
Thu Mar 26 05:45:01 CET 2020
Ping: 23.401 ms
Download: 257.55 Mbit/s
Upload: 19.79 Mbit/s
Thu Mar 26 06:45:01 CET 2020
Ping: 22.33 ms
Download: 246.25 Mbit/s
Upload: 19.51 Mbit/s
Thu Mar 26 07:45:01 CET 2020
Ping: 22.161 ms
Download: 246.61 Mbit/s
Upload: 19.52 Mbit/s
Thu Mar 26 08:45:01 CET 2020
Ping: 21.903 ms
Download: 15.56 Mbit/s
Upload: 13.49 Mbit/s
Thu Mar 26 09:45:02 CET 2020
Ping: 21.233 ms
Download: 242.07 Mbit/s
Upload: 19.73 Mbit/s
Thu Mar 26 10:45:01 CET 2020
Ping: 22.234 ms
Download: 245.68 Mbit/s
Upload: 19.30 Mbit/s
Thu Mar 26 11:45:01 CET 2020
Ping: 23.088 ms
Download: 15.71 Mbit/s
Upload: 15.42 Mbit/s
Thu Mar 26 12:45:01 CET 2020
Ping: 23.871 ms
Download: 228.21 Mbit/s
Upload: 19.61 Mbit/s
Thu Mar 26 13:45:01 CET 2020
Ping: 22.201 ms
Download: 22.10 Mbit/s
Upload: 15.03 Mbit/s
Thu Mar 26 14:45:01 CET 2020
Ping: 20.037 ms
Download: 214.01 Mbit/s
Upload: 19.14 Mbit/s
Thu Mar 26 15:45:02 CET 2020
Ping: 21.737 ms
Download: 302.82 Mbit/s
Upload: 19.62 Mbit/s
Thu Mar 26 16:45:01 CET 2020
Ping: 23.753 ms
Download: 8.04 Mbit/s
Upload: 6.85 Mbit/s
Thu Mar 26 17:45:01 CET 2020
Ping: 23.027 ms
Download: 23.70 Mbit/s
Upload: 11.45 Mbit/s
Thu Mar 26 18:45:02 CET 2020
Ping: 21.604 ms
Download: 8.74 Mbit/s
Upload: 12.21 Mbit/s
Thu Mar 26 19:45:02 CET 2020
Ping: 21.539 ms
Download: 222.65 Mbit/s
Upload: 19.52 Mbit/s
Thu Mar 26 20:45:01 CET 2020
Ping: 24.557 ms
Download: 20.53 Mbit/s
Upload: 19.66 Mbit/s
Thu Mar 26 21:45:01 CET 2020
Ping: 22.526 ms
Download: 279.81 Mbit/s
Upload: 19.27 Mbit/s
Thu Mar 26 22:45:01 CET 2020
Ping: 22.752 ms
Download: 290.70 Mbit/s
Upload: 19.67 Mbit/s
Thu Mar 26 23:45:01 CET 2020
Ping: 22.352 ms
Download: 277.34 Mbit/s
Upload: 19.82 Mbit/s
Fri Mar 27 00:45:01 CET 2020
Ping: 21.184 ms
Download: 16.85 Mbit/s
Upload: 11.30 Mbit/s
Fri Mar 27 01:45:01 CET 2020
Ping: 21.387 ms
Download: 9.75 Mbit/s
Upload: 12.36 Mbit/s
Fri Mar 27 02:45:01 CET 2020
Ping: 23.948 ms
Download: 228.78 Mbit/s
Upload: 19.35 Mbit/s
Fri Mar 27 03:45:01 CET 2020
Ping: 19.057 ms
Download: 215.03 Mbit/s
Upload: 19.51 Mbit/s
Fri Mar 27 04:45:01 CET 2020
Ping: 19.75 ms
Download: 247.10 Mbit/s
Upload: 19.66 Mbit/s
Fri Mar 27 05:45:01 CET 2020
Ping: 21.949 ms
Download: 10.60 Mbit/s
Upload: 9.68 Mbit/s
Fri Mar 27 06:45:01 CET 2020
Ping: 22.767 ms
Download: 232.50 Mbit/s
Upload: 19.66 Mbit/s
Fri Mar 27 07:45:01 CET 2020
Ping: 20.111 ms
Download: 12.02 Mbit/s
Upload: 11.91 Mbit/s
Fri Mar 27 08:45:01 CET 2020
Ping: 21.092 ms
Download: 261.33 Mbit/s
Upload: 19.75 Mbit/s
Fri Mar 27 09:45:01 CET 2020
Ping: 22.921 ms
Download: 8.39 Mbit/s
Upload: 8.73 Mbit/s
Fri Mar 27 10:45:01 CET 2020
Ping: 21.689 ms
Download: 8.79 Mbit/s
Upload: 8.07 Mbit/s
Fri Mar 27 11:45:01 CET 2020
Ping: 22.864 ms
Download: 12.35 Mbit/s
Upload: 7.13 Mbit/s
Fri Mar 27 12:45:01 CET 2020
Ping: 23.258 ms
Download: 283.93 Mbit/s
Upload: 19.72 Mbit/s
Fri Mar 27 13:45:01 CET 2020
Ping: 23.047 ms
Download: 274.92 Mbit/s
Upload: 19.21 Mbit/s
Fri Mar 27 14:45:01 CET 2020
Ping: 21.344 ms
Download: 20.15 Mbit/s
Upload: 17.71 Mbit/s
Fri Mar 27 15:45:01 CET 2020
Ping: 20.718 ms
Download: 240.70 Mbit/s
Upload: 19.41 Mbit/s
Fri Mar 27 16:45:01 CET 2020
Ping: 22.179 ms
Download: 268.46 Mbit/s
Upload: 19.70 Mbit/s
Fri Mar 27 17:45:01 CET 2020
Ping: 22.293 ms
Download: 9.11 Mbit/s
Upload: 16.29 Mbit/s
Fri Mar 27 18:45:01 CET 2020
Ping: 21.667 ms
Download: 17.39 Mbit/s
Upload: 12.67 Mbit/s
Fri Mar 27 19:45:01 CET 2020
Ping: 20.399 ms
Download: 299.86 Mbit/s
Upload: 19.49 Mbit/s
Fri Mar 27 20:45:01 CET 2020
Ping: 21.487 ms
Download: 230.17 Mbit/s
Upload: 19.64 Mbit/s
Fri Mar 27 21:45:01 CET 2020
Ping: 23.055 ms
Download: 18.82 Mbit/s
Upload: 19.35 Mbit/s
Fri Mar 27 22:45:01 CET 2020
Ping: 24.628 ms
Download: 240.81 Mbit/s
Upload: 18.64 Mbit/s
Fri Mar 27 23:45:01 CET 2020
Ping: 22.954 ms
Download: 11.71 Mbit/s
Upload: 14.09 Mbit/s
Sat Mar 28 00:45:01 CET 2020
Ping: 22.869 ms
Download: 10.10 Mbit/s
Upload: 11.21 Mbit/s
Sat Mar 28 01:45:01 CET 2020
Ping: 23.272 ms
Download: 17.92 Mbit/s
Upload: 14.94 Mbit/s
Sat Mar 28 02:45:01 CET 2020
Ping: 22.39 ms
Download: 11.20 Mbit/s
Upload: 11.37 Mbit/s
Sat Mar 28 03:45:01 CET 2020
Ping: 21.389 ms
Download: 255.27 Mbit/s
Upload: 19.42 Mbit/s
Sat Mar 28 04:45:01 CET 2020
Ping: 23.361 ms
Download: 13.65 Mbit/s
Upload: 12.77 Mbit/s
Sat Mar 28 05:45:01 CET 2020
Ping: 20.274 ms
Download: 239.41 Mbit/s
Upload: 19.22 Mbit/s
Sat Mar 28 06:45:01 CET 2020
Ping: 21.407 ms
Download: 9.61 Mbit/s
Upload: 12.82 Mbit/s
Sat Mar 28 07:45:01 CET 2020
Ping: 21.359 ms
Download: 24.07 Mbit/s
Upload: 18.13 Mbit/s
Sat Mar 28 08:45:01 CET 2020
Ping: 20.685 ms
Download: 258.28 Mbit/s
Upload: 19.45 Mbit/s
Sat Mar 28 09:45:02 CET 2020
Ping: 19.89 ms
Download: 11.63 Mbit/s
Upload: 12.07 Mbit/s
Sat Mar 28 10:45:01 CET 2020
Ping: 19.791 ms
Download: 10.37 Mbit/s
Upload: 10.53 Mbit/s
Sat Mar 28 11:45:01 CET 2020
Ping: 20.12 ms
Download: 217.27 Mbit/s
Upload: 16.60 Mbit/s
Sat Mar 28 12:45:01 CET 2020
Ping: 19.914 ms
Download: 277.37 Mbit/s
Upload: 19.26 Mbit/s
Sat Mar 28 13:45:01 CET 2020
Ping: 21.894 ms
Download: 7.78 Mbit/s
Upload: 7.55 Mbit/s
Sat Mar 28 14:45:01 CET 2020
Ping: 22.356 ms
Download: 7.34 Mbit/s
Upload: 1.42 Mbit/s
Sat Mar 28 15:45:01 CET 2020
Ping: 22.064 ms
Download: 220.88 Mbit/s
Upload: 19.45 Mbit/s
Sat Mar 28 16:45:01 CET 2020
Ping: 20.196 ms
Download: 214.25 Mbit/s
Upload: 19.51 Mbit/s
Sat Mar 28 17:45:01 CET 2020
Ping: 22.715 ms
Download: 10.43 Mbit/s
Upload: 11.88 Mbit/s
Sat Mar 28 18:45:01 CET 2020
Ping: 20.423 ms
Download: 10.91 Mbit/s
Upload: 17.66 Mbit/s
Sat Mar 28 19:45:01 CET 2020
Ping: 22.431 ms
Download: 11.34 Mbit/s
Upload: 10.67 Mbit/s
Sat Mar 28 20:45:02 CET 2020
Ping: 20.545 ms
Download: 250.36 Mbit/s
Upload: 19.09 Mbit/s
Sat Mar 28 21:45:01 CET 2020
Ping: 21.368 ms
Download: 8.41 Mbit/s
Upload: 7.59 Mbit/s
Sat Mar 28 22:45:01 CET 2020
Ping: 23.596 ms
Download: 267.84 Mbit/s
Upload: 19.00 Mbit/s
Sat Mar 28 23:45:01 CET 2020
Ping: 22.563 ms
Download: 9.70 Mbit/s
Upload: 10.35 Mbit/s
Sun Mar 29 00:45:01 CET 2020
Ping: 20.885 ms
Download: 236.29 Mbit/s
Upload: 19.50 Mbit/s
Sun Mar 29 01:45:01 CET 2020
Ping: 23.026 ms
Download: 10.79 Mbit/s
Upload: 14.81 Mbit/s
Sun Mar 29 03:45:01 CEST 2020
Ping: 21.585 ms
Download: 10.10 Mbit/s
Upload: 13.37 Mbit/s
Sun Mar 29 04:45:01 CEST 2020
Ping: 20.735 ms
Download: 16.60 Mbit/s
Upload: 14.14 Mbit/s
Sun Mar 29 05:45:01 CEST 2020
Ping: 20.072 ms
Download: 17.50 Mbit/s
Upload: 14.38 Mbit/s
Sun Mar 29 06:45:01 CEST 2020
Ping: 22.386 ms
Download: 10.37 Mbit/s
Upload: 10.33 Mbit/s
Sun Mar 29 07:45:01 CEST 2020
Ping: 21.576 ms
Download: 237.61 Mbit/s
Upload: 19.77 Mbit/s
Sun Mar 29 08:45:01 CEST 2020
Ping: 22.91 ms
Download: 11.97 Mbit/s
Upload: 11.92 Mbit/s
Sun Mar 29 09:45:01 CEST 2020
Ping: 19.501 ms
Download: 248.48 Mbit/s
Upload: 19.37 Mbit/s
Sun Mar 29 10:45:01 CEST 2020
Ping: 21.785 ms
Download: 240.93 Mbit/s
Upload: 19.48 Mbit/s
Sun Mar 29 11:45:02 CEST 2020
Ping: 23.548 ms
Download: 224.99 Mbit/s
Upload: 19.64 Mbit/s
Sun Mar 29 12:45:01 CEST 2020
Ping: 21.755 ms
Download: 14.70 Mbit/s
Upload: 11.40 Mbit/s
Sun Mar 29 13:45:01 CEST 2020
Ping: 20.776 ms
Download: 246.47 Mbit/s
Upload: 19.67 Mbit/s
Sun Mar 29 14:45:01 CEST 2020
Ping: 21.315 ms
Download: 11.34 Mbit/s
Upload: 16.57 Mbit/s
Sun Mar 29 15:45:01 CEST 2020
Ping: 22.566 ms
Download: 9.60 Mbit/s
Upload: 9.31 Mbit/s
Sun Mar 29 16:45:01 CEST 2020
Ping: 22.231 ms
Download: 224.06 Mbit/s
Upload: 19.55 Mbit/s
Sun Mar 29 17:45:01 CEST 2020
Ping: 21.057 ms
Download: 250.77 Mbit/s
Upload: 19.48 Mbit/s
Sun Mar 29 18:45:01 CEST 2020
Ping: 22.398 ms
Download: 245.49 Mbit/s
Upload: 19.54 Mbit/s
Sun Mar 29 19:45:01 CEST 2020
Ping: 22.428 ms
Download: 268.40 Mbit/s
Upload: 19.25 Mbit/s
Sun Mar 29 20:45:01 CEST 2020
Ping: 22.079 ms
Download: 8.89 Mbit/s
Upload: 9.60 Mbit/s
Sun Mar 29 21:45:01 CEST 2020
Ping: 21.382 ms
Download: 10.53 Mbit/s
Upload: 11.04 Mbit/s
Sun Mar 29 22:45:01 CEST 2020
Ping: 21.23 ms
Download: 263.23 Mbit/s
Upload: 18.89 Mbit/s
Sun Mar 29 23:45:01 CEST 2020
Ping: 22.736 ms
Download: 293.79 Mbit/s
Upload: 19.19 Mbit/s
Mon Mar 30 00:45:01 CEST 2020
Ping: 23.421 ms
Download: 241.84 Mbit/s
Upload: 19.19 Mbit/s
Mon Mar 30 01:45:02 CEST 2020
Ping: 19.294 ms
Download: 296.11 Mbit/s
Upload: 19.85 Mbit/s
Mon Mar 30 02:45:01 CEST 2020
Ping: 20.839 ms
Download: 10.49 Mbit/s
Upload: 10.84 Mbit/s
Mon Mar 30 03:45:01 CEST 2020
Ping: 23.244 ms
Download: 21.21 Mbit/s
Upload: 16.93 Mbit/s
Mon Mar 30 04:45:01 CEST 2020
Ping: 21.573 ms
Download: 17.24 Mbit/s
Upload: 14.97 Mbit/s
Mon Mar 30 05:45:01 CEST 2020
Ping: 21.92 ms
Download: 240.61 Mbit/s
Upload: 19.85 Mbit/s
Mon Mar 30 06:45:01 CEST 2020
Ping: 23.157 ms
Download: 243.83 Mbit/s
Upload: 19.53 Mbit/s
Mon Mar 30 07:45:01 CEST 2020
Ping: 23.696 ms
Download: 18.55 Mbit/s
Upload: 16.69 Mbit/s
Mon Mar 30 08:45:01 CEST 2020
Ping: 21.909 ms
Download: 14.92 Mbit/s
Upload: 11.80 Mbit/s
Mon Mar 30 09:45:01 CEST 2020
Ping: 23.066 ms
Download: 221.82 Mbit/s
Upload: 18.89 Mbit/s
Mon Mar 30 10:45:01 CEST 2020
Ping: 21.385 ms
Download: 14.55 Mbit/s
Upload: 11.42 Mbit/s
Mon Mar 30 11:45:02 CEST 2020
Ping: 20.922 ms
Download: 246.36 Mbit/s
Upload: 19.58 Mbit/s
Mon Mar 30 12:45:01 CEST 2020
Ping: 22.411 ms
Download: 259.72 Mbit/s
Upload: 19.81 Mbit/s
Mon Mar 30 13:45:01 CEST 2020
Ping: 21.164 ms
Download: 231.85 Mbit/s
Upload: 19.41 Mbit/s
Mon Mar 30 14:45:01 CEST 2020
Ping: 19.253 ms
Download: 285.13 Mbit/s
Upload: 19.54 Mbit/s
Mon Mar 30 15:45:01 CEST 2020
Ping: 22.039 ms
Download: 10.41 Mbit/s
Upload: 9.26 Mbit/s
Mon Mar 30 16:45:01 CEST 2020
Ping: 21.05 ms
Download: 261.77 Mbit/s
Upload: 19.38 Mbit/s
Mon Mar 30 17:45:01 CEST 2020
Ping: 22.281 ms
Download: 281.71 Mbit/s
Upload: 18.48 Mbit/s
Mon Mar 30 18:45:01 CEST 2020
Ping: 23.535 ms
Download: 9.07 Mbit/s
Upload: 8.83 Mbit/s
Mon Mar 30 19:45:01 CEST 2020
Ping: 22.633 ms
Download: 232.41 Mbit/s
Upload: 17.11 Mbit/s
Mon Mar 30 20:45:01 CEST 2020
Ping: 22.041 ms
Download: 219.13 Mbit/s
Upload: 19.48 Mbit/s
Mon Mar 30 21:45:01 CEST 2020
Ping: 21.545 ms
Download: 9.01 Mbit/s
Upload: 16.94 Mbit/s
Mon Mar 30 22:45:01 CEST 2020
Ping: 21.794 ms
Download: 201.56 Mbit/s
Upload: 19.43 Mbit/s
Mon Mar 30 23:45:01 CEST 2020
Ping: 21.435 ms
Download: 222.46 Mbit/s
Upload: 19.26 Mbit/s
Tue Mar 31 00:45:01 CEST 2020
Ping: 21.96 ms
Download: 278.42 Mbit/s
Upload: 19.69 Mbit/s
Tue Mar 31 01:45:01 CEST 2020
Ping: 21.072 ms
Download: 227.62 Mbit/s
Upload: 18.80 Mbit/s
Tue Mar 31 02:45:01 CEST 2020
Ping: 23.381 ms
Download: 22.91 Mbit/s
Upload: 13.95 Mbit/s
Tue Mar 31 03:45:01 CEST 2020
Ping: 21.561 ms
Download: 290.53 Mbit/s
Upload: 19.57 Mbit/s
Tue Mar 31 04:45:01 CEST 2020
Ping: 22.271 ms
Download: 243.94 Mbit/s
Upload: 19.61 Mbit/s
Tue Mar 31 05:45:01 CEST 2020
Ping: 22.322 ms
Download: 224.93 Mbit/s
Upload: 19.09 Mbit/s
Tue Mar 31 06:45:01 CEST 2020
Ping: 20.908 ms
Download: 8.22 Mbit/s
Upload: 9.95 Mbit/s
Tue Mar 31 07:45:01 CEST 2020
Ping: 20.707 ms
Download: 229.71 Mbit/s
Upload: 19.33 Mbit/s
Tue Mar 31 08:45:01 CEST 2020
Ping: 21.825 ms
Download: 224.63 Mbit/s
Upload: 19.37 Mbit/s
Tue Mar 31 09:45:01 CEST 2020
Ping: 24.167 ms
Download: 266.34 Mbit/s
Upload: 18.52 Mbit/s
Tue Mar 31 10:45:01 CEST 2020
Ping: 18.757 ms
Download: 290.14 Mbit/s
Upload: 19.63 Mbit/s
Tue Mar 31 11:45:01 CEST 2020
Ping: 23.095 ms
Download: 210.35 Mbit/s
Upload: 19.59 Mbit/s
Tue Mar 31 12:45:02 CEST 2020
Ping: 20.729 ms
Download: 268.74 Mbit/s
Upload: 19.78 Mbit/s
Tue Mar 31 13:45:01 CEST 2020
Ping: 21.251 ms
Download: 243.27 Mbit/s
Upload: 19.05 Mbit/s
Tue Mar 31 14:45:01 CEST 2020
Ping: 22.992 ms
Download: 20.50 Mbit/s
Upload: 17.41 Mbit/s
Tue Mar 31 15:45:01 CEST 2020
Ping: 22.302 ms
Download: 224.76 Mbit/s
Upload: 19.49 Mbit/s
Tue Mar 31 16:45:02 CEST 2020
Ping: 21.776 ms
Download: 255.39 Mbit/s
Upload: 19.24 Mbit/s
Tue Mar 31 17:45:01 CEST 2020
Ping: 22.429 ms
Download: 247.41 Mbit/s
Upload: 19.62 Mbit/s
Tue Mar 31 18:45:01 CEST 2020
Ping: 23.439 ms
Download: 7.93 Mbit/s
Upload: 15.97 Mbit/s
Tue Mar 31 19:45:01 CEST 2020
Ping: 22.386 ms
Download: 14.40 Mbit/s
Upload: 18.31 Mbit/s
Tue Mar 31 20:45:01 CEST 2020
Ping: 22.897 ms
Download: 222.03 Mbit/s
Upload: 19.79 Mbit/s
Tue Mar 31 21:45:01 CEST 2020
Ping: 24.268 ms
Download: 248.26 Mbit/s
Upload: 19.75 Mbit/s
Tue Mar 31 22:45:01 CEST 2020
Ping: 22.021 ms
Download: 264.23 Mbit/s
Upload: 19.63 Mbit/s
Tue Mar 31 23:45:01 CEST 2020
Ping: 21.403 ms
Download: 17.66 Mbit/s
Upload: 13.25 Mbit/s
