Sat Aug  1 00:45:01 CEST 2020
Ping: 22.46 ms
Download: 146.47 Mbit/s
Upload: 19.32 Mbit/s
Sat Aug  1 01:45:01 CEST 2020
Ping: 21.586 ms
Download: 162.87 Mbit/s
Upload: 19.03 Mbit/s
Sat Aug  1 02:45:01 CEST 2020
Ping: 20.206 ms
Download: 259.55 Mbit/s
Upload: 19.44 Mbit/s
Sat Aug  1 03:45:01 CEST 2020
Ping: 22.708 ms
Download: 134.42 Mbit/s
Upload: 19.67 Mbit/s
Sat Aug  1 04:45:01 CEST 2020
Ping: 22.015 ms
Download: 263.76 Mbit/s
Upload: 19.78 Mbit/s
Sat Aug  1 05:45:01 CEST 2020
Ping: 19.91 ms
Download: 219.33 Mbit/s
Upload: 19.45 Mbit/s
Sat Aug  1 06:45:01 CEST 2020
Ping: 21.751 ms
Download: 181.95 Mbit/s
Upload: 19.76 Mbit/s
Sat Aug  1 07:45:01 CEST 2020
Ping: 23.489 ms
Download: 239.54 Mbit/s
Upload: 19.18 Mbit/s
Sat Aug  1 08:45:01 CEST 2020
Ping: 21.97 ms
Download: 126.39 Mbit/s
Upload: 19.58 Mbit/s
Sat Aug  1 09:45:01 CEST 2020
Ping: 21.539 ms
Download: 125.32 Mbit/s
Upload: 19.44 Mbit/s
Sat Aug  1 10:45:01 CEST 2020
Ping: 25.958 ms
Download: 267.69 Mbit/s
Upload: 19.28 Mbit/s
Sat Aug  1 11:45:01 CEST 2020
Ping: 22.096 ms
Download: 233.64 Mbit/s
Upload: 19.04 Mbit/s
Sat Aug  1 12:45:01 CEST 2020
Ping: 24.325 ms
Download: 128.20 Mbit/s
Upload: 18.70 Mbit/s
Sat Aug  1 13:45:01 CEST 2020
Ping: 24.441 ms
Download: 277.97 Mbit/s
Upload: 19.85 Mbit/s
Sat Aug  1 14:45:01 CEST 2020
Ping: 20.698 ms
Download: 251.95 Mbit/s
Upload: 19.48 Mbit/s
Sat Aug  1 15:45:01 CEST 2020
Ping: 24.385 ms
Download: 185.90 Mbit/s
Upload: 19.67 Mbit/s
Sat Aug  1 16:45:01 CEST 2020
Ping: 21.198 ms
Download: 197.44 Mbit/s
Upload: 19.44 Mbit/s
Sat Aug  1 17:45:01 CEST 2020
Ping: 21.367 ms
Download: 251.33 Mbit/s
Upload: 19.00 Mbit/s
Sat Aug  1 18:45:01 CEST 2020
Ping: 23.482 ms
Download: 250.02 Mbit/s
Upload: 19.46 Mbit/s
Sat Aug  1 19:45:01 CEST 2020
Ping: 24.278 ms
Download: 241.55 Mbit/s
Upload: 19.61 Mbit/s
Sat Aug  1 20:45:02 CEST 2020
Ping: 20.755 ms
Download: 228.21 Mbit/s
Upload: 19.29 Mbit/s
Sat Aug  1 21:45:01 CEST 2020
Ping: 22.382 ms
Download: 232.45 Mbit/s
Upload: 19.59 Mbit/s
Sat Aug  1 22:45:01 CEST 2020
Ping: 21.969 ms
Download: 362.97 Mbit/s
Upload: 19.60 Mbit/s
Sat Aug  1 23:45:01 CEST 2020
Ping: 19.923 ms
Download: 255.44 Mbit/s
Upload: 19.79 Mbit/s
Sun Aug  2 00:45:01 CEST 2020
Ping: 22.693 ms
Download: 155.05 Mbit/s
Upload: 19.55 Mbit/s
Sun Aug  2 01:45:01 CEST 2020
Ping: 21.521 ms
Download: 237.87 Mbit/s
Upload: 19.68 Mbit/s
Sun Aug  2 02:45:01 CEST 2020
Ping: 22.391 ms
Download: 232.90 Mbit/s
Upload: 19.48 Mbit/s
Sun Aug  2 03:45:01 CEST 2020
Ping: 21.392 ms
Download: 159.39 Mbit/s
Upload: 19.47 Mbit/s
Sun Aug  2 04:45:01 CEST 2020
Ping: 20.39 ms
Download: 259.43 Mbit/s
Upload: 19.53 Mbit/s
Sun Aug  2 05:45:01 CEST 2020
Ping: 20.728 ms
Download: 259.77 Mbit/s
Upload: 19.25 Mbit/s
Sun Aug  2 06:45:01 CEST 2020
Ping: 23.52 ms
Download: 186.39 Mbit/s
Upload: 19.31 Mbit/s
Sun Aug  2 07:45:01 CEST 2020
Ping: 23.475 ms
Download: 265.01 Mbit/s
Upload: 18.48 Mbit/s
Sun Aug  2 08:45:01 CEST 2020
Ping: 23.831 ms
Download: 271.42 Mbit/s
Upload: 19.37 Mbit/s
Sun Aug  2 09:45:01 CEST 2020
Ping: 24.409 ms
Download: 145.64 Mbit/s
Upload: 19.61 Mbit/s
Sun Aug  2 10:45:01 CEST 2020
Ping: 21.532 ms
Download: 279.91 Mbit/s
Upload: 19.28 Mbit/s
Sun Aug  2 11:45:01 CEST 2020
Ping: 22.129 ms
Download: 222.01 Mbit/s
Upload: 19.41 Mbit/s
Sun Aug  2 12:45:01 CEST 2020
Ping: 23.888 ms
Download: 212.06 Mbit/s
Upload: 19.58 Mbit/s
Sun Aug  2 13:45:01 CEST 2020
Ping: 23.563 ms
Download: 149.76 Mbit/s
Upload: 18.24 Mbit/s
Sun Aug  2 14:45:01 CEST 2020
Ping: 21.536 ms
Download: 242.61 Mbit/s
Upload: 19.48 Mbit/s
Sun Aug  2 15:45:01 CEST 2020
Ping: 21.888 ms
Download: 122.54 Mbit/s
Upload: 18.90 Mbit/s
Sun Aug  2 16:45:01 CEST 2020
Ping: 25.49 ms
Download: 272.92 Mbit/s
Upload: 19.37 Mbit/s
Sun Aug  2 17:45:01 CEST 2020
Ping: 20.531 ms
Download: 279.00 Mbit/s
Upload: 19.69 Mbit/s
Sun Aug  2 18:45:01 CEST 2020
Ping: 22.157 ms
Download: 243.53 Mbit/s
Upload: 19.59 Mbit/s
Sun Aug  2 19:45:02 CEST 2020
Ping: 23.578 ms
Download: 216.48 Mbit/s
Upload: 18.86 Mbit/s
Sun Aug  2 20:45:01 CEST 2020
Ping: 20.896 ms
Download: 215.48 Mbit/s
Upload: 18.29 Mbit/s
Sun Aug  2 21:45:01 CEST 2020
Ping: 21.235 ms
Download: 261.90 Mbit/s
Upload: 19.67 Mbit/s
Sun Aug  2 22:45:01 CEST 2020
Ping: 24.374 ms
Download: 140.50 Mbit/s
Upload: 18.99 Mbit/s
Sun Aug  2 23:45:02 CEST 2020
Ping: 20.078 ms
Download: 374.44 Mbit/s
Upload: 19.46 Mbit/s
Mon Aug  3 00:45:01 CEST 2020
Ping: 22.726 ms
Download: 223.33 Mbit/s
Upload: 19.58 Mbit/s
Mon Aug  3 01:45:01 CEST 2020
Ping: 20.87 ms
Download: 240.36 Mbit/s
Upload: 19.53 Mbit/s
Mon Aug  3 02:45:01 CEST 2020
Ping: 22.324 ms
Download: 166.15 Mbit/s
Upload: 19.53 Mbit/s
Mon Aug  3 03:45:01 CEST 2020
Ping: 23.071 ms
Download: 194.66 Mbit/s
Upload: 19.46 Mbit/s
Mon Aug  3 04:45:01 CEST 2020
Ping: 19.583 ms
Download: 244.75 Mbit/s
Upload: 19.51 Mbit/s
Mon Aug  3 05:45:01 CEST 2020
Ping: 22.25 ms
Download: 269.44 Mbit/s
Upload: 19.10 Mbit/s
Mon Aug  3 06:45:01 CEST 2020
Ping: 23.975 ms
Download: 232.78 Mbit/s
Upload: 19.36 Mbit/s
Mon Aug  3 07:45:01 CEST 2020
Ping: 21.064 ms
Download: 206.49 Mbit/s
Upload: 19.65 Mbit/s
Mon Aug  3 08:45:01 CEST 2020
Ping: 21.401 ms
Download: 244.33 Mbit/s
Upload: 19.81 Mbit/s
Mon Aug  3 09:45:01 CEST 2020
Ping: 21.698 ms
Download: 248.81 Mbit/s
Upload: 19.73 Mbit/s
Mon Aug  3 10:45:01 CEST 2020
Ping: 22.038 ms
Download: 133.23 Mbit/s
Upload: 19.50 Mbit/s
Mon Aug  3 11:45:01 CEST 2020
Ping: 20.898 ms
Download: 267.74 Mbit/s
Upload: 19.57 Mbit/s
Mon Aug  3 12:45:01 CEST 2020
Ping: 19.568 ms
Download: 235.68 Mbit/s
Upload: 19.63 Mbit/s
Mon Aug  3 13:45:01 CEST 2020
Ping: 23.739 ms
Download: 252.29 Mbit/s
Upload: 19.83 Mbit/s
Mon Aug  3 14:45:01 CEST 2020
Ping: 21.409 ms
Download: 239.00 Mbit/s
Upload: 19.34 Mbit/s
Mon Aug  3 15:45:01 CEST 2020
Ping: 21.964 ms
Download: 281.96 Mbit/s
Upload: 19.81 Mbit/s
Mon Aug  3 16:45:01 CEST 2020
Ping: 25.608 ms
Download: 251.48 Mbit/s
Upload: 19.52 Mbit/s
Mon Aug  3 17:45:01 CEST 2020
Ping: 22.531 ms
Download: 239.26 Mbit/s
Upload: 19.40 Mbit/s
Mon Aug  3 18:45:01 CEST 2020
Ping: 20.879 ms
Download: 163.17 Mbit/s
Upload: 19.50 Mbit/s
Mon Aug  3 19:45:01 CEST 2020
Ping: 22.821 ms
Download: 236.50 Mbit/s
Upload: 19.03 Mbit/s
Mon Aug  3 20:45:01 CEST 2020
Ping: 23.071 ms
Download: 213.46 Mbit/s
Upload: 19.64 Mbit/s
Mon Aug  3 21:45:01 CEST 2020
Ping: 22.05 ms
Download: 126.45 Mbit/s
Upload: 19.29 Mbit/s
Mon Aug  3 22:45:02 CEST 2020
Ping: 24.38 ms
Download: 213.11 Mbit/s
Upload: 19.16 Mbit/s
Mon Aug  3 23:45:01 CEST 2020
Ping: 22.99 ms
Download: 373.24 Mbit/s
Upload: 19.38 Mbit/s
Tue Aug  4 00:45:01 CEST 2020
Ping: 21.668 ms
Download: 207.94 Mbit/s
Upload: 19.78 Mbit/s
Tue Aug  4 01:45:01 CEST 2020
Ping: 22.884 ms
Download: 256.80 Mbit/s
Upload: 19.49 Mbit/s
Tue Aug  4 02:45:01 CEST 2020
Ping: 20.352 ms
Download: 288.88 Mbit/s
Upload: 19.48 Mbit/s
Tue Aug  4 03:45:01 CEST 2020
Ping: 22.86 ms
Download: 214.34 Mbit/s
Upload: 19.64 Mbit/s
Tue Aug  4 04:45:01 CEST 2020
Ping: 22.247 ms
Download: 251.59 Mbit/s
Upload: 19.02 Mbit/s
Tue Aug  4 05:45:01 CEST 2020
Ping: 23.19 ms
Download: 236.83 Mbit/s
Upload: 19.52 Mbit/s
Tue Aug  4 06:45:01 CEST 2020
Ping: 21.929 ms
Download: 231.33 Mbit/s
Upload: 19.34 Mbit/s
Tue Aug  4 07:45:01 CEST 2020
Ping: 24.071 ms
Download: 232.01 Mbit/s
Upload: 19.19 Mbit/s
Tue Aug  4 08:45:01 CEST 2020
Ping: 25.191 ms
Download: 264.16 Mbit/s
Upload: 19.45 Mbit/s
Tue Aug  4 09:45:01 CEST 2020
Ping: 22.554 ms
Download: 126.40 Mbit/s
Upload: 19.45 Mbit/s
Tue Aug  4 10:45:01 CEST 2020
Ping: 24.352 ms
Download: 123.21 Mbit/s
Upload: 19.75 Mbit/s
Tue Aug  4 11:45:01 CEST 2020
Ping: 20.73 ms
Download: 182.23 Mbit/s
Upload: 19.13 Mbit/s
Tue Aug  4 12:45:02 CEST 2020
Ping: 21.89 ms
Download: 250.64 Mbit/s
Upload: 19.25 Mbit/s
Tue Aug  4 13:45:01 CEST 2020
Ping: 22.381 ms
Download: 340.99 Mbit/s
Upload: 19.57 Mbit/s
Tue Aug  4 14:45:01 CEST 2020
Ping: 21.094 ms
Download: 296.42 Mbit/s
Upload: 19.71 Mbit/s
Tue Aug  4 15:45:01 CEST 2020
Ping: 21.631 ms
Download: 254.03 Mbit/s
Upload: 19.69 Mbit/s
Tue Aug  4 16:45:01 CEST 2020
Ping: 23.045 ms
Download: 149.33 Mbit/s
Upload: 19.25 Mbit/s
Tue Aug  4 17:45:01 CEST 2020
Ping: 21.811 ms
Download: 298.54 Mbit/s
Upload: 19.76 Mbit/s
Tue Aug  4 18:45:01 CEST 2020
Ping: 23.437 ms
Download: 289.32 Mbit/s
Upload: 19.63 Mbit/s
Tue Aug  4 19:45:01 CEST 2020
Ping: 23.503 ms
Download: 210.22 Mbit/s
Upload: 19.19 Mbit/s
Tue Aug  4 20:45:01 CEST 2020
Ping: 20.237 ms
Download: 255.60 Mbit/s
Upload: 19.57 Mbit/s
Tue Aug  4 21:45:01 CEST 2020
Ping: 21.88 ms
Download: 230.51 Mbit/s
Upload: 19.58 Mbit/s
Tue Aug  4 22:45:01 CEST 2020
Ping: 22.681 ms
Download: 244.58 Mbit/s
Upload: 19.58 Mbit/s
Tue Aug  4 23:45:01 CEST 2020
Ping: 21.545 ms
Download: 145.29 Mbit/s
Upload: 19.55 Mbit/s
Wed Aug  5 00:45:01 CEST 2020
Ping: 21.501 ms
Download: 223.94 Mbit/s
Upload: 19.74 Mbit/s
Wed Aug  5 01:45:01 CEST 2020
Ping: 25.373 ms
Download: 165.78 Mbit/s
Upload: 18.24 Mbit/s
Wed Aug  5 02:45:01 CEST 2020
Ping: 21.632 ms
Download: 199.69 Mbit/s
Upload: 19.79 Mbit/s
Wed Aug  5 03:45:01 CEST 2020
Ping: 23.316 ms
Download: 292.11 Mbit/s
Upload: 19.68 Mbit/s
Wed Aug  5 04:45:01 CEST 2020
Ping: 22.956 ms
Download: 231.46 Mbit/s
Upload: 19.34 Mbit/s
Wed Aug  5 05:45:01 CEST 2020
Ping: 20.572 ms
Download: 223.84 Mbit/s
Upload: 19.65 Mbit/s
Wed Aug  5 06:45:01 CEST 2020
Ping: 20.858 ms
Download: 108.34 Mbit/s
Upload: 19.41 Mbit/s
Wed Aug  5 07:45:01 CEST 2020
Ping: 21.875 ms
Download: 148.72 Mbit/s
Upload: 19.68 Mbit/s
Wed Aug  5 08:45:02 CEST 2020
Ping: 20.773 ms
Download: 216.22 Mbit/s
Upload: 19.81 Mbit/s
Wed Aug  5 09:45:01 CEST 2020
Ping: 20.555 ms
Download: 255.52 Mbit/s
Upload: 19.72 Mbit/s
Wed Aug  5 10:45:01 CEST 2020
Ping: 26.092 ms
Download: 310.51 Mbit/s
Upload: 19.53 Mbit/s
Wed Aug  5 11:45:01 CEST 2020
Ping: 21.52 ms
Download: 256.45 Mbit/s
Upload: 19.04 Mbit/s
Wed Aug  5 12:45:01 CEST 2020
Ping: 22.175 ms
Download: 265.62 Mbit/s
Upload: 19.60 Mbit/s
Wed Aug  5 13:45:01 CEST 2020
Ping: 25.486 ms
Download: 337.39 Mbit/s
Upload: 19.34 Mbit/s
Wed Aug  5 14:45:01 CEST 2020
Ping: 22.71 ms
Download: 122.98 Mbit/s
Upload: 19.60 Mbit/s
Wed Aug  5 15:45:01 CEST 2020
Ping: 20.536 ms
Download: 246.61 Mbit/s
Upload: 19.77 Mbit/s
Wed Aug  5 16:45:01 CEST 2020
Ping: 23.492 ms
Download: 227.51 Mbit/s
Upload: 19.30 Mbit/s
Wed Aug  5 17:45:01 CEST 2020
Ping: 21.893 ms
Download: 144.14 Mbit/s
Upload: 19.82 Mbit/s
Wed Aug  5 18:45:01 CEST 2020
Ping: 22.9 ms
Download: 103.65 Mbit/s
Upload: 19.23 Mbit/s
Wed Aug  5 19:45:01 CEST 2020
Ping: 22.32 ms
Download: 138.14 Mbit/s
Upload: 19.60 Mbit/s
Wed Aug  5 20:45:01 CEST 2020
Ping: 25.53 ms
Download: 221.24 Mbit/s
Upload: 19.72 Mbit/s
Wed Aug  5 21:45:01 CEST 2020
Ping: 20.752 ms
Download: 311.14 Mbit/s
Upload: 19.74 Mbit/s
Wed Aug  5 22:45:01 CEST 2020
Ping: 21.64 ms
Download: 241.94 Mbit/s
Upload: 19.74 Mbit/s
Wed Aug  5 23:45:01 CEST 2020
Ping: 25.509 ms
Download: 240.43 Mbit/s
Upload: 19.22 Mbit/s
Thu Aug  6 00:45:01 CEST 2020
Ping: 20.124 ms
Download: 232.59 Mbit/s
Upload: 19.32 Mbit/s
Thu Aug  6 01:45:01 CEST 2020
Ping: 20.556 ms
Download: 217.97 Mbit/s
Upload: 19.73 Mbit/s
Thu Aug  6 02:45:01 CEST 2020
Ping: 23.341 ms
Download: 275.68 Mbit/s
Upload: 19.36 Mbit/s
Thu Aug  6 03:45:01 CEST 2020
Ping: 20.867 ms
Download: 261.75 Mbit/s
Upload: 19.72 Mbit/s
Thu Aug  6 04:45:01 CEST 2020
Ping: 23.371 ms
Download: 172.23 Mbit/s
Upload: 19.64 Mbit/s
Thu Aug  6 05:45:02 CEST 2020
Ping: 23.673 ms
Download: 308.54 Mbit/s
Upload: 18.99 Mbit/s
Thu Aug  6 06:45:01 CEST 2020
Ping: 20.58 ms
Download: 134.73 Mbit/s
Upload: 19.37 Mbit/s
Thu Aug  6 07:45:01 CEST 2020
Ping: 22.233 ms
Download: 232.51 Mbit/s
Upload: 19.52 Mbit/s
Thu Aug  6 08:45:01 CEST 2020
Ping: 23.308 ms
Download: 197.02 Mbit/s
Upload: 19.54 Mbit/s
Thu Aug  6 09:45:01 CEST 2020
Ping: 21.666 ms
Download: 240.35 Mbit/s
Upload: 19.55 Mbit/s
Thu Aug  6 10:45:01 CEST 2020
Ping: 24.015 ms
Download: 164.08 Mbit/s
Upload: 19.50 Mbit/s
Thu Aug  6 11:45:01 CEST 2020
Ping: 20.506 ms
Download: 181.11 Mbit/s
Upload: 19.67 Mbit/s
Thu Aug  6 12:45:01 CEST 2020
Ping: 21.894 ms
Download: 281.68 Mbit/s
Upload: 19.41 Mbit/s
Thu Aug  6 13:45:01 CEST 2020
Ping: 20.454 ms
Download: 251.86 Mbit/s
Upload: 19.38 Mbit/s
Thu Aug  6 14:45:01 CEST 2020
Ping: 24.971 ms
Download: 289.62 Mbit/s
Upload: 19.29 Mbit/s
Thu Aug  6 15:45:01 CEST 2020
Ping: 19.371 ms
Download: 324.93 Mbit/s
Upload: 19.28 Mbit/s
Thu Aug  6 16:45:01 CEST 2020
Ping: 22.679 ms
Download: 273.19 Mbit/s
Upload: 19.25 Mbit/s
Thu Aug  6 17:45:01 CEST 2020
Ping: 21.254 ms
Download: 219.17 Mbit/s
Upload: 19.07 Mbit/s
Thu Aug  6 18:45:01 CEST 2020
Ping: 21.983 ms
Download: 275.05 Mbit/s
Upload: 18.99 Mbit/s
Thu Aug  6 19:45:01 CEST 2020
Ping: 22.846 ms
Download: 176.61 Mbit/s
Upload: 19.15 Mbit/s
Thu Aug  6 20:45:01 CEST 2020
Ping: 22.73 ms
Download: 225.27 Mbit/s
Upload: 19.78 Mbit/s
Thu Aug  6 21:45:01 CEST 2020
Ping: 22.157 ms
Download: 284.26 Mbit/s
Upload: 19.52 Mbit/s
Thu Aug  6 22:45:01 CEST 2020
Ping: 23.006 ms
Download: 175.82 Mbit/s
Upload: 19.68 Mbit/s
Thu Aug  6 23:45:01 CEST 2020
Ping: 22.883 ms
Download: 230.74 Mbit/s
Upload: 19.56 Mbit/s
Fri Aug  7 00:45:01 CEST 2020
Ping: 22.514 ms
Download: 269.62 Mbit/s
Upload: 19.39 Mbit/s
Fri Aug  7 01:45:01 CEST 2020
Ping: 21.245 ms
Download: 115.48 Mbit/s
Upload: 18.91 Mbit/s
Fri Aug  7 02:45:01 CEST 2020
Ping: 20.471 ms
Download: 222.60 Mbit/s
Upload: 19.68 Mbit/s
Fri Aug  7 03:45:01 CEST 2020
Ping: 20.882 ms
Download: 247.76 Mbit/s
Upload: 19.61 Mbit/s
Fri Aug  7 04:45:01 CEST 2020
Ping: 22.256 ms
Download: 155.31 Mbit/s
Upload: 17.81 Mbit/s
Fri Aug  7 05:45:01 CEST 2020
Ping: 24.836 ms
Download: 224.15 Mbit/s
Upload: 18.48 Mbit/s
Fri Aug  7 06:45:01 CEST 2020
Ping: 22.867 ms
Download: 219.80 Mbit/s
Upload: 18.15 Mbit/s
Fri Aug  7 07:45:01 CEST 2020
Ping: 22.496 ms
Download: 148.33 Mbit/s
Upload: 19.30 Mbit/s
Fri Aug  7 08:45:01 CEST 2020
Ping: 25.315 ms
Download: 173.06 Mbit/s
Upload: 19.39 Mbit/s
Fri Aug  7 09:45:01 CEST 2020
Ping: 21.184 ms
Download: 192.71 Mbit/s
Upload: 19.36 Mbit/s
Fri Aug  7 10:45:01 CEST 2020
Ping: 21.285 ms
Download: 213.67 Mbit/s
Upload: 19.73 Mbit/s
Fri Aug  7 11:45:01 CEST 2020
Ping: 24.376 ms
Download: 294.85 Mbit/s
Upload: 19.25 Mbit/s
Fri Aug  7 12:45:01 CEST 2020
Ping: 20.218 ms
Download: 284.45 Mbit/s
Upload: 19.51 Mbit/s
Fri Aug  7 13:45:01 CEST 2020
Ping: 21.677 ms
Download: 254.94 Mbit/s
Upload: 19.42 Mbit/s
Fri Aug  7 14:45:01 CEST 2020
Ping: 23.709 ms
Download: 128.59 Mbit/s
Upload: 18.82 Mbit/s
Fri Aug  7 15:45:01 CEST 2020
Ping: 21.21 ms
Download: 251.76 Mbit/s
Upload: 19.79 Mbit/s
Fri Aug  7 16:45:01 CEST 2020
Ping: 21.077 ms
Download: 288.20 Mbit/s
Upload: 18.95 Mbit/s
Fri Aug  7 17:45:01 CEST 2020
Ping: 22.716 ms
Download: 265.42 Mbit/s
Upload: 19.18 Mbit/s
Fri Aug  7 18:45:01 CEST 2020
Ping: 22.151 ms
Download: 279.29 Mbit/s
Upload: 19.04 Mbit/s
Fri Aug  7 19:45:01 CEST 2020
Ping: 24.973 ms
Download: 248.93 Mbit/s
Upload: 19.52 Mbit/s
Fri Aug  7 20:45:01 CEST 2020
Ping: 23.237 ms
Download: 223.62 Mbit/s
Upload: 19.64 Mbit/s
Fri Aug  7 21:45:01 CEST 2020
Ping: 23.901 ms
Download: 230.92 Mbit/s
Upload: 19.63 Mbit/s
Fri Aug  7 22:45:01 CEST 2020
Ping: 21.517 ms
Download: 285.33 Mbit/s
Upload: 19.63 Mbit/s
Fri Aug  7 23:45:01 CEST 2020
Ping: 23.721 ms
Download: 238.18 Mbit/s
Upload: 19.63 Mbit/s
Sat Aug  8 00:45:01 CEST 2020
Ping: 20.739 ms
Download: 241.31 Mbit/s
Upload: 19.87 Mbit/s
Sat Aug  8 01:45:01 CEST 2020
Ping: 21.804 ms
Download: 275.49 Mbit/s
Upload: 19.31 Mbit/s
Sat Aug  8 02:45:01 CEST 2020
Ping: 22.427 ms
Download: 145.21 Mbit/s
Upload: 19.86 Mbit/s
Sat Aug  8 03:45:01 CEST 2020
Ping: 20.397 ms
Download: 230.10 Mbit/s
Upload: 19.73 Mbit/s
Sat Aug  8 04:45:01 CEST 2020
Ping: 23.806 ms
Download: 235.68 Mbit/s
Upload: 19.74 Mbit/s
Sat Aug  8 05:45:02 CEST 2020
Ping: 22.046 ms
Download: 220.92 Mbit/s
Upload: 19.84 Mbit/s
Sat Aug  8 06:45:01 CEST 2020
Ping: 20.088 ms
Download: 209.18 Mbit/s
Upload: 19.69 Mbit/s
Sat Aug  8 07:45:01 CEST 2020
Ping: 23.355 ms
Download: 243.93 Mbit/s
Upload: 19.75 Mbit/s
Sat Aug  8 08:45:01 CEST 2020
Ping: 20.719 ms
Download: 255.33 Mbit/s
Upload: 19.84 Mbit/s
Sat Aug  8 09:45:01 CEST 2020
Ping: 23.914 ms
Download: 240.75 Mbit/s
Upload: 19.81 Mbit/s
Sat Aug  8 10:45:01 CEST 2020
Ping: 24.472 ms
Download: 248.92 Mbit/s
Upload: 19.74 Mbit/s
Sat Aug  8 11:45:01 CEST 2020
Ping: 21.91 ms
Download: 203.46 Mbit/s
Upload: 19.39 Mbit/s
Sat Aug  8 12:45:01 CEST 2020
Ping: 23.335 ms
Download: 183.68 Mbit/s
Upload: 19.25 Mbit/s
Sat Aug  8 13:45:01 CEST 2020
Ping: 28.301 ms
Download: 373.05 Mbit/s
Upload: 19.34 Mbit/s
Sat Aug  8 14:45:01 CEST 2020
Ping: 25.914 ms
Download: 134.04 Mbit/s
Upload: 17.43 Mbit/s
Sat Aug  8 15:45:01 CEST 2020
Ping: 24.072 ms
Download: 273.64 Mbit/s
Upload: 18.31 Mbit/s
Sat Aug  8 16:45:02 CEST 2020
Ping: 19.409 ms
Download: 280.84 Mbit/s
Upload: 19.24 Mbit/s
Sat Aug  8 17:45:01 CEST 2020
Ping: 22.729 ms
Download: 232.39 Mbit/s
Upload: 19.46 Mbit/s
Sat Aug  8 18:45:01 CEST 2020
Ping: 20.999 ms
Download: 206.35 Mbit/s
Upload: 19.59 Mbit/s
Sat Aug  8 19:45:01 CEST 2020
Ping: 23.054 ms
Download: 313.56 Mbit/s
Upload: 19.70 Mbit/s
Sat Aug  8 20:45:01 CEST 2020
Ping: 24.666 ms
Download: 244.63 Mbit/s
Upload: 19.72 Mbit/s
Sat Aug  8 21:45:01 CEST 2020
Ping: 23.073 ms
Download: 232.40 Mbit/s
Upload: 19.52 Mbit/s
Sat Aug  8 22:45:01 CEST 2020
Ping: 23.539 ms
Download: 252.65 Mbit/s
Upload: 19.74 Mbit/s
Sat Aug  8 23:45:01 CEST 2020
Ping: 25.189 ms
Download: 281.33 Mbit/s
Upload: 19.71 Mbit/s
Sun Aug  9 00:45:01 CEST 2020
Ping: 22.197 ms
Download: 286.61 Mbit/s
Upload: 19.67 Mbit/s
Sun Aug  9 01:45:01 CEST 2020
Ping: 22.069 ms
Download: 134.68 Mbit/s
Upload: 18.97 Mbit/s
Sun Aug  9 02:45:01 CEST 2020
Ping: 22.955 ms
Download: 247.76 Mbit/s
Upload: 19.85 Mbit/s
Sun Aug  9 03:45:01 CEST 2020
Ping: 21.361 ms
Download: 212.95 Mbit/s
Upload: 19.49 Mbit/s
Sun Aug  9 04:45:01 CEST 2020
Ping: 21.38 ms
Download: 150.71 Mbit/s
Upload: 19.85 Mbit/s
Sun Aug  9 05:45:01 CEST 2020
Ping: 23.732 ms
Download: 205.78 Mbit/s
Upload: 19.19 Mbit/s
Sun Aug  9 06:45:01 CEST 2020
Ping: 23.512 ms
Download: 144.32 Mbit/s
Upload: 19.36 Mbit/s
Sun Aug  9 07:45:01 CEST 2020
Ping: 22.269 ms
Download: 207.41 Mbit/s
Upload: 19.61 Mbit/s
Sun Aug  9 08:45:01 CEST 2020
Ping: 25.077 ms
Download: 157.49 Mbit/s
Upload: 19.36 Mbit/s
Sun Aug  9 09:45:01 CEST 2020
Ping: 20.584 ms
Download: 246.38 Mbit/s
Upload: 19.34 Mbit/s
Sun Aug  9 10:45:01 CEST 2020
Ping: 20.714 ms
Download: 230.67 Mbit/s
Upload: 19.19 Mbit/s
Sun Aug  9 11:45:01 CEST 2020
Ping: 22.895 ms
Download: 202.20 Mbit/s
Upload: 19.22 Mbit/s
Sun Aug  9 12:45:01 CEST 2020
Ping: 22.345 ms
Download: 237.79 Mbit/s
Upload: 19.31 Mbit/s
Sun Aug  9 13:45:01 CEST 2020
Ping: 21.712 ms
Download: 249.61 Mbit/s
Upload: 19.46 Mbit/s
Sun Aug  9 14:45:01 CEST 2020
Ping: 25.208 ms
Download: 233.85 Mbit/s
Upload: 19.55 Mbit/s
Sun Aug  9 15:45:01 CEST 2020
Ping: 24.34 ms
Download: 140.71 Mbit/s
Upload: 19.02 Mbit/s
Sun Aug  9 16:45:01 CEST 2020
Ping: 21.13 ms
Download: 236.06 Mbit/s
Upload: 19.30 Mbit/s
Sun Aug  9 17:45:01 CEST 2020
Ping: 22.648 ms
Download: 140.14 Mbit/s
Upload: 18.74 Mbit/s
Sun Aug  9 18:45:01 CEST 2020
Ping: 22.347 ms
Download: 227.75 Mbit/s
Upload: 19.84 Mbit/s
Sun Aug  9 19:45:01 CEST 2020
Ping: 21.261 ms
Download: 208.50 Mbit/s
Upload: 19.13 Mbit/s
Sun Aug  9 20:45:01 CEST 2020
Ping: 22.08 ms
Download: 205.87 Mbit/s
Upload: 19.43 Mbit/s
Sun Aug  9 21:45:01 CEST 2020
Ping: 21.437 ms
Download: 217.48 Mbit/s
Upload: 19.00 Mbit/s
Sun Aug  9 22:45:01 CEST 2020
Ping: 22.566 ms
Download: 219.55 Mbit/s
Upload: 19.72 Mbit/s
Sun Aug  9 23:45:01 CEST 2020
Ping: 22.743 ms
Download: 152.85 Mbit/s
Upload: 19.52 Mbit/s
Mon Aug 10 00:45:01 CEST 2020
Ping: 20.382 ms
Download: 260.16 Mbit/s
Upload: 19.35 Mbit/s
Mon Aug 10 01:45:01 CEST 2020
Ping: 20.194 ms
Download: 238.05 Mbit/s
Upload: 19.32 Mbit/s
Mon Aug 10 02:45:01 CEST 2020
Ping: 22.697 ms
Download: 134.20 Mbit/s
Upload: 19.30 Mbit/s
Mon Aug 10 03:45:01 CEST 2020
Ping: 22.568 ms
Download: 233.55 Mbit/s
Upload: 19.80 Mbit/s
Mon Aug 10 04:45:01 CEST 2020
Ping: 19.596 ms
Download: 226.24 Mbit/s
Upload: 19.89 Mbit/s
Mon Aug 10 05:45:01 CEST 2020
Ping: 22.889 ms
Download: 201.37 Mbit/s
Upload: 19.68 Mbit/s
Mon Aug 10 06:45:01 CEST 2020
Ping: 19.522 ms
Download: 276.18 Mbit/s
Upload: 19.75 Mbit/s
Mon Aug 10 07:45:01 CEST 2020
Ping: 19.732 ms
Download: 226.02 Mbit/s
Upload: 19.48 Mbit/s
Mon Aug 10 08:45:01 CEST 2020
Ping: 24.503 ms
Download: 226.47 Mbit/s
Upload: 19.25 Mbit/s
Mon Aug 10 09:45:01 CEST 2020
Ping: 22.182 ms
Download: 172.28 Mbit/s
Upload: 19.89 Mbit/s
Mon Aug 10 10:45:01 CEST 2020
Ping: 22.333 ms
Download: 156.22 Mbit/s
Upload: 19.63 Mbit/s
Mon Aug 10 11:45:01 CEST 2020
Ping: 22.544 ms
Download: 139.96 Mbit/s
Upload: 18.85 Mbit/s
Mon Aug 10 12:45:01 CEST 2020
Ping: 21.232 ms
Download: 234.96 Mbit/s
Upload: 19.05 Mbit/s
Mon Aug 10 13:45:01 CEST 2020
Ping: 21.913 ms
Download: 214.23 Mbit/s
Upload: 18.94 Mbit/s
Mon Aug 10 14:45:01 CEST 2020
Ping: 22.387 ms
Download: 167.49 Mbit/s
Upload: 19.34 Mbit/s
Mon Aug 10 15:45:01 CEST 2020
Ping: 21.708 ms
Download: 287.36 Mbit/s
Upload: 19.86 Mbit/s
Mon Aug 10 16:45:01 CEST 2020
Ping: 21.048 ms
Download: 254.11 Mbit/s
Upload: 19.05 Mbit/s
Mon Aug 10 17:45:01 CEST 2020
Ping: 24.549 ms
Download: 158.96 Mbit/s
Upload: 18.98 Mbit/s
Mon Aug 10 18:45:01 CEST 2020
Ping: 20.948 ms
Download: 227.94 Mbit/s
Upload: 19.68 Mbit/s
Mon Aug 10 19:45:01 CEST 2020
Ping: 23.833 ms
Download: 260.82 Mbit/s
Upload: 19.29 Mbit/s
Mon Aug 10 20:45:01 CEST 2020
Ping: 25.007 ms
Download: 151.34 Mbit/s
Upload: 19.37 Mbit/s
Mon Aug 10 21:45:01 CEST 2020
Ping: 21.4 ms
Download: 236.04 Mbit/s
Upload: 19.95 Mbit/s
Mon Aug 10 22:45:01 CEST 2020
Ping: 21.984 ms
Download: 189.26 Mbit/s
Upload: 19.36 Mbit/s
Mon Aug 10 23:45:01 CEST 2020
Ping: 23.571 ms
Download: 225.38 Mbit/s
Upload: 18.95 Mbit/s
Tue Aug 11 00:45:01 CEST 2020
Ping: 20.562 ms
Download: 247.10 Mbit/s
Upload: 19.28 Mbit/s
Tue Aug 11 01:45:01 CEST 2020
Ping: 21.002 ms
Download: 228.28 Mbit/s
Upload: 19.63 Mbit/s
Tue Aug 11 02:45:01 CEST 2020
Ping: 22.784 ms
Download: 158.29 Mbit/s
Upload: 19.58 Mbit/s
Tue Aug 11 03:45:01 CEST 2020
Ping: 21.866 ms
Download: 144.62 Mbit/s
Upload: 19.58 Mbit/s
Tue Aug 11 04:45:01 CEST 2020
Ping: 20.574 ms
Download: 140.60 Mbit/s
Upload: 19.58 Mbit/s
Tue Aug 11 05:45:01 CEST 2020
Ping: 21.594 ms
Download: 138.56 Mbit/s
Upload: 19.37 Mbit/s
Tue Aug 11 06:45:02 CEST 2020
Ping: 21.07 ms
Download: 110.33 Mbit/s
Upload: 19.42 Mbit/s
Tue Aug 11 07:45:02 CEST 2020
Ping: 19.866 ms
Download: 233.04 Mbit/s
Upload: 19.58 Mbit/s
Tue Aug 11 08:45:01 CEST 2020
Ping: 23.306 ms
Download: 269.28 Mbit/s
Upload: 19.26 Mbit/s
Tue Aug 11 09:45:01 CEST 2020
Ping: 22.871 ms
Download: 99.29 Mbit/s
Upload: 19.26 Mbit/s
Tue Aug 11 10:45:01 CEST 2020
Ping: 20.377 ms
Download: 223.07 Mbit/s
Upload: 19.28 Mbit/s
Tue Aug 11 11:45:02 CEST 2020
Ping: 22.717 ms
Download: 210.93 Mbit/s
Upload: 19.47 Mbit/s
Tue Aug 11 12:45:01 CEST 2020
Ping: 21.881 ms
Download: 285.02 Mbit/s
Upload: 19.70 Mbit/s
Tue Aug 11 13:45:01 CEST 2020
Ping: 20.4 ms
Download: 250.95 Mbit/s
Upload: 19.75 Mbit/s
Tue Aug 11 14:45:01 CEST 2020
Ping: 23.182 ms
Download: 139.83 Mbit/s
Upload: 18.66 Mbit/s
Tue Aug 11 15:45:01 CEST 2020
Ping: 22.9 ms
Download: 219.57 Mbit/s
Upload: 19.58 Mbit/s
Tue Aug 11 16:45:01 CEST 2020
Ping: 21.91 ms
Download: 263.60 Mbit/s
Upload: 19.13 Mbit/s
Tue Aug 11 17:45:01 CEST 2020
Ping: 22.699 ms
Download: 127.82 Mbit/s
Upload: 19.69 Mbit/s
Tue Aug 11 18:45:01 CEST 2020
Ping: 23.853 ms
Download: 79.72 Mbit/s
Upload: 19.59 Mbit/s
Tue Aug 11 19:45:01 CEST 2020
Ping: 24.68 ms
Download: 142.54 Mbit/s
Upload: 19.52 Mbit/s
Tue Aug 11 20:45:01 CEST 2020
Ping: 22.729 ms
Download: 139.11 Mbit/s
Upload: 19.43 Mbit/s
Tue Aug 11 21:45:01 CEST 2020
Ping: 19.866 ms
Download: 245.26 Mbit/s
Upload: 19.09 Mbit/s
Tue Aug 11 22:45:01 CEST 2020
Ping: 23.4 ms
Download: 225.63 Mbit/s
Upload: 19.24 Mbit/s
Tue Aug 11 23:45:01 CEST 2020
Ping: 25.779 ms
Download: 132.39 Mbit/s
Upload: 19.29 Mbit/s
Wed Aug 12 00:45:01 CEST 2020
Ping: 22.255 ms
Download: 126.93 Mbit/s
Upload: 18.65 Mbit/s
Wed Aug 12 01:45:01 CEST 2020
Ping: 22.696 ms
Download: 159.05 Mbit/s
Upload: 19.82 Mbit/s
Wed Aug 12 02:45:01 CEST 2020
Ping: 22.06 ms
Download: 164.27 Mbit/s
Upload: 19.87 Mbit/s
Wed Aug 12 03:45:01 CEST 2020
Ping: 22.149 ms
Download: 270.03 Mbit/s
Upload: 19.51 Mbit/s
Wed Aug 12 04:45:01 CEST 2020
Ping: 19.664 ms
Download: 246.84 Mbit/s
Upload: 19.66 Mbit/s
Wed Aug 12 05:45:01 CEST 2020
Ping: 23.069 ms
Download: 136.28 Mbit/s
Upload: 19.84 Mbit/s
Wed Aug 12 06:45:02 CEST 2020
Ping: 20.802 ms
Download: 268.06 Mbit/s
Upload: 19.45 Mbit/s
Wed Aug 12 07:45:01 CEST 2020
Ping: 20.07 ms
Download: 262.51 Mbit/s
Upload: 19.45 Mbit/s
Wed Aug 12 08:45:01 CEST 2020
Ping: 24.028 ms
Download: 236.51 Mbit/s
Upload: 19.72 Mbit/s
Wed Aug 12 09:45:01 CEST 2020
Ping: 21.72 ms
Download: 192.82 Mbit/s
Upload: 19.01 Mbit/s
Wed Aug 12 10:45:01 CEST 2020
Ping: 22.869 ms
Download: 207.91 Mbit/s
Upload: 19.31 Mbit/s
Wed Aug 12 11:45:01 CEST 2020
Ping: 23.715 ms
Download: 156.68 Mbit/s
Upload: 18.51 Mbit/s
Wed Aug 12 12:45:01 CEST 2020
Ping: 21.31 ms
Download: 290.94 Mbit/s
Upload: 19.89 Mbit/s
Wed Aug 12 13:45:01 CEST 2020
Ping: 19.908 ms
Download: 207.47 Mbit/s
Upload: 19.69 Mbit/s
Wed Aug 12 14:45:01 CEST 2020
Ping: 23.324 ms
Download: 103.82 Mbit/s
Upload: 19.15 Mbit/s
Wed Aug 12 15:45:01 CEST 2020
Ping: 23.655 ms
Download: 163.12 Mbit/s
Upload: 18.84 Mbit/s
Wed Aug 12 16:45:01 CEST 2020
Ping: 20.735 ms
Download: 169.86 Mbit/s
Upload: 19.33 Mbit/s
Wed Aug 12 17:45:02 CEST 2020
Ping: 22.248 ms
Download: 212.58 Mbit/s
Upload: 19.49 Mbit/s
Wed Aug 12 18:45:01 CEST 2020
Ping: 21.363 ms
Download: 234.76 Mbit/s
Upload: 19.60 Mbit/s
Wed Aug 12 19:45:01 CEST 2020
Ping: 20.389 ms
Download: 284.94 Mbit/s
Upload: 19.47 Mbit/s
Wed Aug 12 20:45:01 CEST 2020
Ping: 24.662 ms
Download: 174.30 Mbit/s
Upload: 19.59 Mbit/s
Wed Aug 12 21:45:01 CEST 2020
Ping: 21.539 ms
Download: 247.60 Mbit/s
Upload: 19.61 Mbit/s
Wed Aug 12 22:45:01 CEST 2020
Ping: 21.079 ms
Download: 221.88 Mbit/s
Upload: 19.43 Mbit/s
Wed Aug 12 23:45:01 CEST 2020
Ping: 23.67 ms
Download: 212.78 Mbit/s
Upload: 19.44 Mbit/s
Thu Aug 13 00:45:01 CEST 2020
Ping: 24.786 ms
Download: 331.14 Mbit/s
Upload: 19.54 Mbit/s
Thu Aug 13 01:45:01 CEST 2020
Ping: 21.61 ms
Download: 222.07 Mbit/s
Upload: 18.97 Mbit/s
Thu Aug 13 02:45:01 CEST 2020
Ping: 21.803 ms
Download: 226.13 Mbit/s
Upload: 19.79 Mbit/s
Thu Aug 13 03:45:01 CEST 2020
Ping: 21.213 ms
Download: 255.04 Mbit/s
Upload: 19.46 Mbit/s
Thu Aug 13 04:45:01 CEST 2020
Ping: 19.724 ms
Download: 229.62 Mbit/s
Upload: 19.76 Mbit/s
Thu Aug 13 05:45:01 CEST 2020
Ping: 24.095 ms
Download: 95.29 Mbit/s
Upload: 19.55 Mbit/s
Thu Aug 13 06:45:02 CEST 2020
Ping: 21.6 ms
Download: 139.49 Mbit/s
Upload: 18.81 Mbit/s
Thu Aug 13 07:45:01 CEST 2020
Ping: 21.235 ms
Download: 214.38 Mbit/s
Upload: 19.90 Mbit/s
Thu Aug 13 08:45:01 CEST 2020
Ping: 23.648 ms
Download: 134.89 Mbit/s
Upload: 18.68 Mbit/s
Thu Aug 13 09:45:01 CEST 2020
Ping: 22.413 ms
Download: 157.47 Mbit/s
Upload: 19.57 Mbit/s
Thu Aug 13 10:45:01 CEST 2020
Ping: 23.044 ms
Download: 291.88 Mbit/s
Upload: 18.88 Mbit/s
Thu Aug 13 11:45:02 CEST 2020
Ping: 22.129 ms
Download: 264.33 Mbit/s
Upload: 19.45 Mbit/s
Thu Aug 13 12:45:01 CEST 2020
Ping: 20.412 ms
Download: 222.98 Mbit/s
Upload: 19.58 Mbit/s
Thu Aug 13 13:45:01 CEST 2020
Ping: 21.172 ms
Download: 229.69 Mbit/s
Upload: 19.71 Mbit/s
Thu Aug 13 14:45:01 CEST 2020
Ping: 24.737 ms
Download: 137.84 Mbit/s
Upload: 19.16 Mbit/s
Thu Aug 13 15:45:02 CEST 2020
Ping: 22.725 ms
Download: 221.97 Mbit/s
Upload: 19.39 Mbit/s
Thu Aug 13 16:45:01 CEST 2020
Ping: 20.033 ms
Download: 286.92 Mbit/s
Upload: 19.41 Mbit/s
Thu Aug 13 17:45:01 CEST 2020
Ping: 23.681 ms
Download: 228.15 Mbit/s
Upload: 19.37 Mbit/s
Thu Aug 13 18:45:01 CEST 2020
Ping: 23.44 ms
Download: 146.01 Mbit/s
Upload: 19.61 Mbit/s
Thu Aug 13 19:45:01 CEST 2020
Ping: 20.405 ms
Download: 244.87 Mbit/s
Upload: 19.65 Mbit/s
Thu Aug 13 20:45:01 CEST 2020
Ping: 23.679 ms
Download: 258.39 Mbit/s
Upload: 19.65 Mbit/s
Thu Aug 13 21:45:01 CEST 2020
Ping: 24.277 ms
Download: 193.16 Mbit/s
Upload: 19.61 Mbit/s
Thu Aug 13 22:45:01 CEST 2020
Ping: 21.244 ms
Download: 255.49 Mbit/s
Upload: 19.68 Mbit/s
Thu Aug 13 23:45:01 CEST 2020
Ping: 22.664 ms
Download: 307.22 Mbit/s
Upload: 19.39 Mbit/s
Fri Aug 14 00:45:01 CEST 2020
Ping: 23.215 ms
Download: 159.22 Mbit/s
Upload: 18.60 Mbit/s
Fri Aug 14 01:45:01 CEST 2020
Ping: 24.054 ms
Download: 207.36 Mbit/s
Upload: 17.18 Mbit/s
Fri Aug 14 02:45:01 CEST 2020
Ping: 21.047 ms
Download: 137.56 Mbit/s
Upload: 19.09 Mbit/s
Fri Aug 14 03:45:01 CEST 2020
Ping: 22.608 ms
Download: 226.78 Mbit/s
Upload: 19.55 Mbit/s
Fri Aug 14 04:45:01 CEST 2020
Ping: 20.337 ms
Download: 249.78 Mbit/s
Upload: 19.84 Mbit/s
Fri Aug 14 05:45:02 CEST 2020
Ping: 21.871 ms
Download: 161.77 Mbit/s
Upload: 18.50 Mbit/s
Fri Aug 14 06:45:01 CEST 2020
Ping: 20.656 ms
Download: 279.20 Mbit/s
Upload: 15.45 Mbit/s
Fri Aug 14 07:45:01 CEST 2020
Ping: 23.007 ms
Download: 287.60 Mbit/s
Upload: 19.49 Mbit/s
Fri Aug 14 08:45:01 CEST 2020
Ping: 20.739 ms
Download: 182.21 Mbit/s
Upload: 19.74 Mbit/s
Fri Aug 14 09:45:01 CEST 2020
Ping: 23.607 ms
Download: 227.25 Mbit/s
Upload: 19.49 Mbit/s
Fri Aug 14 10:45:01 CEST 2020
Ping: 23.056 ms
Download: 298.22 Mbit/s
Upload: 19.74 Mbit/s
Fri Aug 14 11:45:01 CEST 2020
Ping: 21.278 ms
Download: 204.57 Mbit/s
Upload: 19.81 Mbit/s
Fri Aug 14 12:45:01 CEST 2020
Ping: 23.586 ms
Download: 265.24 Mbit/s
Upload: 19.34 Mbit/s
Fri Aug 14 13:45:01 CEST 2020
Ping: 21.036 ms
Download: 222.01 Mbit/s
Upload: 19.72 Mbit/s
Fri Aug 14 14:45:01 CEST 2020
Ping: 22.062 ms
Download: 269.03 Mbit/s
Upload: 19.68 Mbit/s
Fri Aug 14 15:45:01 CEST 2020
Ping: 23.071 ms
Download: 230.79 Mbit/s
Upload: 19.65 Mbit/s
Fri Aug 14 16:45:01 CEST 2020
Ping: 21.547 ms
Download: 235.21 Mbit/s
Upload: 19.02 Mbit/s
Fri Aug 14 17:45:01 CEST 2020
Ping: 21.825 ms
Download: 219.80 Mbit/s
Upload: 19.10 Mbit/s
Fri Aug 14 18:45:01 CEST 2020
Ping: 22.915 ms
Download: 189.67 Mbit/s
Upload: 19.62 Mbit/s
Fri Aug 14 19:45:01 CEST 2020
Ping: 20.301 ms
Download: 157.38 Mbit/s
Upload: 19.75 Mbit/s
Fri Aug 14 20:45:01 CEST 2020
Ping: 20.251 ms
Download: 249.31 Mbit/s
Upload: 19.34 Mbit/s
Fri Aug 14 21:45:01 CEST 2020
Ping: 22.86 ms
Download: 171.27 Mbit/s
Upload: 19.25 Mbit/s
Fri Aug 14 22:45:01 CEST 2020
Ping: 21.264 ms
Download: 239.09 Mbit/s
Upload: 19.59 Mbit/s
Fri Aug 14 23:45:01 CEST 2020
Ping: 20.881 ms
Download: 259.18 Mbit/s
Upload: 19.47 Mbit/s
Sat Aug 15 00:45:01 CEST 2020
Ping: 23.231 ms
Download: 223.70 Mbit/s
Upload: 19.49 Mbit/s
Sat Aug 15 01:45:01 CEST 2020
Ping: 22.014 ms
Download: 229.26 Mbit/s
Upload: 19.69 Mbit/s
Sat Aug 15 02:45:01 CEST 2020
Ping: 19.885 ms
Download: 229.95 Mbit/s
Upload: 19.36 Mbit/s
Sat Aug 15 03:45:01 CEST 2020
Ping: 23.827 ms
Download: 229.19 Mbit/s
Upload: 19.67 Mbit/s
Sat Aug 15 04:45:01 CEST 2020
Ping: 20.628 ms
Download: 273.76 Mbit/s
Upload: 19.79 Mbit/s
Sat Aug 15 05:45:02 CEST 2020
Ping: 20.078 ms
Download: 255.47 Mbit/s
Upload: 19.81 Mbit/s
Sat Aug 15 06:45:02 CEST 2020
Ping: 22.621 ms
Download: 240.94 Mbit/s
Upload: 19.45 Mbit/s
Sat Aug 15 07:45:01 CEST 2020
Ping: 20.252 ms
Download: 265.42 Mbit/s
Upload: 19.00 Mbit/s
Sat Aug 15 08:45:01 CEST 2020
Ping: 20.646 ms
Download: 230.85 Mbit/s
Upload: 19.59 Mbit/s
Sat Aug 15 09:45:01 CEST 2020
Ping: 23.732 ms
Download: 251.40 Mbit/s
Upload: 19.75 Mbit/s
Sat Aug 15 10:45:01 CEST 2020
Ping: 24.282 ms
Download: 237.38 Mbit/s
Upload: 19.19 Mbit/s
Sat Aug 15 11:45:01 CEST 2020
Ping: 21.219 ms
Download: 256.58 Mbit/s
Upload: 19.67 Mbit/s
Sat Aug 15 12:45:01 CEST 2020
Ping: 24.303 ms
Download: 250.53 Mbit/s
Upload: 19.17 Mbit/s
Sat Aug 15 13:45:01 CEST 2020
Ping: 20.893 ms
Download: 259.33 Mbit/s
Upload: 19.62 Mbit/s
Sat Aug 15 14:45:01 CEST 2020
Ping: 20.532 ms
Download: 214.28 Mbit/s
Upload: 19.73 Mbit/s
Sat Aug 15 15:45:01 CEST 2020
Ping: 25.033 ms
Download: 247.20 Mbit/s
Upload: 19.32 Mbit/s
Sat Aug 15 16:45:01 CEST 2020
Ping: 21.52 ms
Download: 293.97 Mbit/s
Upload: 19.75 Mbit/s
Sat Aug 15 17:45:01 CEST 2020
Ping: 20.032 ms
Download: 228.84 Mbit/s
Upload: 19.31 Mbit/s
Sat Aug 15 18:45:01 CEST 2020
Ping: 23.909 ms
Download: 260.54 Mbit/s
Upload: 19.49 Mbit/s
Sat Aug 15 19:45:01 CEST 2020
Ping: 24.662 ms
Download: 247.88 Mbit/s
Upload: 19.44 Mbit/s
Sat Aug 15 20:45:01 CEST 2020
Ping: 21.863 ms
Download: 242.40 Mbit/s
Upload: 19.54 Mbit/s
Sat Aug 15 21:45:01 CEST 2020
Ping: 24.208 ms
Download: 220.26 Mbit/s
Upload: 19.33 Mbit/s
Sat Aug 15 22:45:01 CEST 2020
Ping: 21.186 ms
Download: 226.63 Mbit/s
Upload: 19.58 Mbit/s
Sat Aug 15 23:45:01 CEST 2020
Ping: 20.715 ms
Download: 286.36 Mbit/s
Upload: 19.73 Mbit/s
Sun Aug 16 00:45:01 CEST 2020
Ping: 22.895 ms
Download: 220.69 Mbit/s
Upload: 19.65 Mbit/s
Sun Aug 16 01:45:01 CEST 2020
Ping: 20.408 ms
Download: 227.15 Mbit/s
Upload: 19.40 Mbit/s
Sun Aug 16 02:45:01 CEST 2020
Ping: 19.104 ms
Download: 238.37 Mbit/s
Upload: 18.99 Mbit/s
Sun Aug 16 03:45:01 CEST 2020
Ping: 23.526 ms
Download: 191.24 Mbit/s
Upload: 19.64 Mbit/s
Sun Aug 16 04:45:01 CEST 2020
Ping: 19.219 ms
Download: 227.58 Mbit/s
Upload: 19.15 Mbit/s
Sun Aug 16 05:45:01 CEST 2020
Ping: 20.526 ms
Download: 256.01 Mbit/s
Upload: 19.42 Mbit/s
Sun Aug 16 06:45:02 CEST 2020
Ping: 23.078 ms
Download: 272.61 Mbit/s
Upload: 19.53 Mbit/s
Sun Aug 16 07:45:01 CEST 2020
Ping: 23.173 ms
Download: 260.57 Mbit/s
Upload: 19.82 Mbit/s
Sun Aug 16 08:45:01 CEST 2020
Ping: 20.588 ms
Download: 223.92 Mbit/s
Upload: 19.23 Mbit/s
Sun Aug 16 09:45:01 CEST 2020
Ping: 22.23 ms
Download: 241.19 Mbit/s
Upload: 19.16 Mbit/s
Sun Aug 16 10:45:02 CEST 2020
Ping: 22.752 ms
Download: 243.98 Mbit/s
Upload: 19.13 Mbit/s
Sun Aug 16 11:45:01 CEST 2020
Ping: 20.569 ms
Download: 246.55 Mbit/s
Upload: 19.53 Mbit/s
Sun Aug 16 12:45:01 CEST 2020
Ping: 24.637 ms
Download: 280.59 Mbit/s
Upload: 19.44 Mbit/s
Sun Aug 16 13:45:01 CEST 2020
Ping: 21.233 ms
Download: 219.00 Mbit/s
Upload: 19.88 Mbit/s
Sun Aug 16 14:45:01 CEST 2020
Ping: 19.942 ms
Download: 221.01 Mbit/s
Upload: 19.28 Mbit/s
Sun Aug 16 15:45:01 CEST 2020
Ping: 24.178 ms
Download: 208.64 Mbit/s
Upload: 17.00 Mbit/s
Sun Aug 16 16:45:01 CEST 2020
Ping: 24.327 ms
Download: 208.56 Mbit/s
Upload: 19.21 Mbit/s
Sun Aug 16 17:45:01 CEST 2020
Ping: 20.074 ms
Download: 237.76 Mbit/s
Upload: 19.33 Mbit/s
Sun Aug 16 18:45:01 CEST 2020
Ping: 23.107 ms
Download: 291.33 Mbit/s
Upload: 19.26 Mbit/s
Sun Aug 16 19:45:01 CEST 2020
Ping: 23.736 ms
Download: 263.06 Mbit/s
Upload: 18.84 Mbit/s
Sun Aug 16 20:45:01 CEST 2020
Ping: 20.215 ms
Download: 224.21 Mbit/s
Upload: 19.39 Mbit/s
Sun Aug 16 21:45:01 CEST 2020
Ping: 24.337 ms
Download: 233.17 Mbit/s
Upload: 19.23 Mbit/s
Sun Aug 16 22:45:01 CEST 2020
Ping: 24.847 ms
Download: 245.35 Mbit/s
Upload: 19.33 Mbit/s
Sun Aug 16 23:45:01 CEST 2020
Ping: 21.06 ms
Download: 270.94 Mbit/s
Upload: 19.57 Mbit/s
Mon Aug 17 00:45:01 CEST 2020
Ping: 23.852 ms
Download: 238.86 Mbit/s
Upload: 18.85 Mbit/s
Mon Aug 17 01:45:01 CEST 2020
Ping: 24.179 ms
Download: 198.82 Mbit/s
Upload: 19.37 Mbit/s
Mon Aug 17 02:45:01 CEST 2020
Ping: 23.815 ms
Download: 269.34 Mbit/s
Upload: 19.19 Mbit/s
Mon Aug 17 03:45:01 CEST 2020
Ping: 23.284 ms
Download: 232.06 Mbit/s
Upload: 19.63 Mbit/s
Mon Aug 17 04:45:01 CEST 2020
Ping: 19.637 ms
Download: 197.73 Mbit/s
Upload: 19.42 Mbit/s
Mon Aug 17 05:45:01 CEST 2020
Ping: 23.482 ms
Download: 219.04 Mbit/s
Upload: 19.48 Mbit/s
Mon Aug 17 06:45:01 CEST 2020
Ping: 23.728 ms
Download: 252.35 Mbit/s
Upload: 19.66 Mbit/s
Mon Aug 17 07:45:01 CEST 2020
Ping: 20.096 ms
Download: 215.46 Mbit/s
Upload: 19.75 Mbit/s
Mon Aug 17 08:45:01 CEST 2020
Ping: 20.687 ms
Download: 233.30 Mbit/s
Upload: 19.31 Mbit/s
Mon Aug 17 09:45:01 CEST 2020
Ping: 22.793 ms
Download: 259.17 Mbit/s
Upload: 19.45 Mbit/s
Mon Aug 17 10:45:01 CEST 2020
Ping: 20.12 ms
Download: 221.87 Mbit/s
Upload: 19.65 Mbit/s
Mon Aug 17 11:45:01 CEST 2020
Ping: 21.627 ms
Download: 250.43 Mbit/s
Upload: 18.99 Mbit/s
Mon Aug 17 12:45:01 CEST 2020
Ping: 22.601 ms
Download: 227.68 Mbit/s
Upload: 19.28 Mbit/s
Mon Aug 17 13:45:01 CEST 2020
Ping: 21.832 ms
Download: 253.58 Mbit/s
Upload: 19.60 Mbit/s
Mon Aug 17 14:45:01 CEST 2020
Ping: 20.518 ms
Download: 248.06 Mbit/s
Upload: 19.86 Mbit/s
Mon Aug 17 15:45:01 CEST 2020
Ping: 23.247 ms
Download: 252.84 Mbit/s
Upload: 19.79 Mbit/s
Mon Aug 17 16:45:01 CEST 2020
Ping: 20.089 ms
Download: 218.79 Mbit/s
Upload: 19.41 Mbit/s
Mon Aug 17 17:45:02 CEST 2020
Ping: 21.275 ms
Download: 228.03 Mbit/s
Upload: 19.76 Mbit/s
Mon Aug 17 18:45:01 CEST 2020
Ping: 23.685 ms
Download: 240.71 Mbit/s
Upload: 19.84 Mbit/s
Mon Aug 17 19:45:01 CEST 2020
Ping: 21.765 ms
Download: 241.38 Mbit/s
Upload: 19.59 Mbit/s
Mon Aug 17 20:45:01 CEST 2020
Ping: 21.844 ms
Download: 219.99 Mbit/s
Upload: 19.55 Mbit/s
Mon Aug 17 21:45:01 CEST 2020
Ping: 24.027 ms
Download: 177.52 Mbit/s
Upload: 19.26 Mbit/s
Mon Aug 17 22:45:01 CEST 2020
Ping: 21.31 ms
Download: 223.33 Mbit/s
Upload: 19.20 Mbit/s
Mon Aug 17 23:45:01 CEST 2020
Ping: 22.075 ms
Download: 244.63 Mbit/s
Upload: 19.42 Mbit/s
Tue Aug 18 00:45:01 CEST 2020
Ping: 23.333 ms
Download: 248.14 Mbit/s
Upload: 19.50 Mbit/s
Tue Aug 18 01:45:01 CEST 2020
Ping: 22.716 ms
Download: 239.73 Mbit/s
Upload: 18.74 Mbit/s
Tue Aug 18 02:45:01 CEST 2020
Ping: 19.237 ms
Download: 263.58 Mbit/s
Upload: 19.58 Mbit/s
Tue Aug 18 03:45:01 CEST 2020
Ping: 22.875 ms
Download: 210.32 Mbit/s
Upload: 19.82 Mbit/s
Tue Aug 18 04:45:01 CEST 2020
Ping: 19.296 ms
Download: 271.50 Mbit/s
Upload: 19.34 Mbit/s
Tue Aug 18 05:45:01 CEST 2020
Ping: 19.872 ms
Download: 194.60 Mbit/s
Upload: 19.52 Mbit/s
Tue Aug 18 06:45:01 CEST 2020
Ping: 23.971 ms
Download: 252.80 Mbit/s
Upload: 19.53 Mbit/s
Tue Aug 18 07:45:01 CEST 2020
Ping: 20.668 ms
Download: 271.76 Mbit/s
Upload: 19.70 Mbit/s
Tue Aug 18 08:45:01 CEST 2020
Ping: 23.681 ms
Download: 293.25 Mbit/s
Upload: 19.51 Mbit/s
Tue Aug 18 09:45:01 CEST 2020
Ping: 20.474 ms
Download: 199.78 Mbit/s
Upload: 18.98 Mbit/s
Tue Aug 18 10:45:01 CEST 2020
Ping: 23.348 ms
Download: 265.85 Mbit/s
Upload: 19.11 Mbit/s
Tue Aug 18 11:45:02 CEST 2020
Ping: 19.749 ms
Download: 274.69 Mbit/s
Upload: 19.65 Mbit/s
Tue Aug 18 12:45:01 CEST 2020
Ping: 22.666 ms
Download: 244.93 Mbit/s
Upload: 19.68 Mbit/s
Tue Aug 18 13:45:01 CEST 2020
Ping: 19.309 ms
Download: 251.29 Mbit/s
Upload: 19.27 Mbit/s
Tue Aug 18 14:45:01 CEST 2020
Ping: 23.566 ms
Download: 246.96 Mbit/s
Upload: 18.97 Mbit/s
Tue Aug 18 15:45:02 CEST 2020
Ping: 23.398 ms
Download: 238.34 Mbit/s
Upload: 19.52 Mbit/s
Tue Aug 18 16:45:02 CEST 2020
Ping: 20.918 ms
Download: 157.70 Mbit/s
Upload: 19.68 Mbit/s
Tue Aug 18 17:45:02 CEST 2020
Ping: 21.294 ms
Download: 234.18 Mbit/s
Upload: 19.76 Mbit/s
Tue Aug 18 18:45:02 CEST 2020
Ping: 21.431 ms
Download: 217.02 Mbit/s
Upload: 19.32 Mbit/s
Tue Aug 18 19:45:01 CEST 2020
Ping: 23.417 ms
Download: 150.88 Mbit/s
Upload: 19.58 Mbit/s
Tue Aug 18 20:45:01 CEST 2020
Ping: 21.043 ms
Download: 194.39 Mbit/s
Upload: 19.39 Mbit/s
Tue Aug 18 21:45:01 CEST 2020
Ping: 24.678 ms
Download: 221.74 Mbit/s
Upload: 19.66 Mbit/s
Tue Aug 18 22:45:01 CEST 2020
Ping: 25.006 ms
Download: 231.32 Mbit/s
Upload: 19.66 Mbit/s
Tue Aug 18 23:45:01 CEST 2020
Ping: 23.719 ms
Download: 249.33 Mbit/s
Upload: 19.70 Mbit/s
Wed Aug 19 00:45:01 CEST 2020
Ping: 23.135 ms
Download: 140.93 Mbit/s
Upload: 19.69 Mbit/s
Wed Aug 19 01:45:01 CEST 2020
Ping: 21.665 ms
Download: 282.19 Mbit/s
Upload: 19.19 Mbit/s
Wed Aug 19 02:45:01 CEST 2020
Ping: 22.012 ms
Download: 247.41 Mbit/s
Upload: 19.44 Mbit/s
Wed Aug 19 03:45:01 CEST 2020
Ping: 20.405 ms
Download: 146.44 Mbit/s
Upload: 19.85 Mbit/s
Wed Aug 19 04:45:01 CEST 2020
Ping: 20.893 ms
Download: 140.69 Mbit/s
Upload: 19.54 Mbit/s
Wed Aug 19 05:45:01 CEST 2020
Ping: 21.638 ms
Download: 198.96 Mbit/s
Upload: 19.77 Mbit/s
Wed Aug 19 06:45:01 CEST 2020
Ping: 21.081 ms
Download: 124.71 Mbit/s
Upload: 19.87 Mbit/s
Wed Aug 19 07:45:01 CEST 2020
Ping: 21.896 ms
Download: 245.24 Mbit/s
Upload: 19.64 Mbit/s
Wed Aug 19 08:45:01 CEST 2020
Ping: 21.416 ms
Download: 235.74 Mbit/s
Upload: 19.66 Mbit/s
Wed Aug 19 09:45:01 CEST 2020
Ping: 23.37 ms
Download: 222.80 Mbit/s
Upload: 19.77 Mbit/s
Wed Aug 19 10:45:01 CEST 2020
Ping: 22.939 ms
Download: 142.57 Mbit/s
Upload: 19.17 Mbit/s
Wed Aug 19 11:45:01 CEST 2020
Ping: 18.913 ms
Download: 254.75 Mbit/s
Upload: 19.29 Mbit/s
Wed Aug 19 12:45:01 CEST 2020
Ping: 20.875 ms
Download: 222.61 Mbit/s
Upload: 19.57 Mbit/s
Wed Aug 19 13:45:01 CEST 2020
Ping: 23.206 ms
Download: 215.72 Mbit/s
Upload: 19.26 Mbit/s
Wed Aug 19 14:45:01 CEST 2020
Ping: 20.894 ms
Download: 232.07 Mbit/s
Upload: 19.71 Mbit/s
Wed Aug 19 15:45:01 CEST 2020
Ping: 22.645 ms
Download: 143.84 Mbit/s
Upload: 19.73 Mbit/s
Wed Aug 19 16:45:01 CEST 2020
Ping: 22.377 ms
Download: 240.59 Mbit/s
Upload: 19.90 Mbit/s
Wed Aug 19 17:45:02 CEST 2020
Ping: 20.631 ms
Download: 250.47 Mbit/s
Upload: 19.57 Mbit/s
Wed Aug 19 18:45:01 CEST 2020
Ping: 23.88 ms
Download: 95.13 Mbit/s
Upload: 19.60 Mbit/s
Wed Aug 19 19:45:01 CEST 2020
Ping: 22.666 ms
Download: 234.26 Mbit/s
Upload: 19.66 Mbit/s
Wed Aug 19 20:45:01 CEST 2020
Ping: 20.535 ms
Download: 245.63 Mbit/s
Upload: 19.10 Mbit/s
Wed Aug 19 21:45:01 CEST 2020
Ping: 23.562 ms
Download: 242.64 Mbit/s
Upload: 18.70 Mbit/s
Wed Aug 19 22:45:01 CEST 2020
Ping: 24.421 ms
Download: 203.86 Mbit/s
Upload: 19.53 Mbit/s
Wed Aug 19 23:45:01 CEST 2020
Ping: 21.671 ms
Download: 230.94 Mbit/s
Upload: 19.48 Mbit/s
Thu Aug 20 00:45:01 CEST 2020
Ping: 21.541 ms
Download: 249.12 Mbit/s
Upload: 19.62 Mbit/s
Thu Aug 20 01:45:02 CEST 2020
Ping: 21.726 ms
Download: 260.87 Mbit/s
Upload: 19.59 Mbit/s
Thu Aug 20 02:45:01 CEST 2020
Ping: 20.004 ms
Download: 245.43 Mbit/s
Upload: 19.42 Mbit/s
Thu Aug 20 03:45:01 CEST 2020
Ping: 22.873 ms
Download: 128.79 Mbit/s
Upload: 19.28 Mbit/s
Thu Aug 20 04:45:01 CEST 2020
Ping: 21.351 ms
Download: 234.82 Mbit/s
Upload: 19.62 Mbit/s
Thu Aug 20 05:45:01 CEST 2020
Ping: 20.01 ms
Download: 250.97 Mbit/s
Upload: 19.66 Mbit/s
Thu Aug 20 06:45:01 CEST 2020
Ping: 21.305 ms
Download: 124.50 Mbit/s
Upload: 18.93 Mbit/s
Thu Aug 20 07:45:01 CEST 2020
Ping: 23.228 ms
Download: 309.97 Mbit/s
Upload: 19.70 Mbit/s
Thu Aug 20 08:45:01 CEST 2020
Ping: 25.504 ms
Download: 247.90 Mbit/s
Upload: 18.98 Mbit/s
Thu Aug 20 09:45:01 CEST 2020
Ping: 21.222 ms
Download: 217.53 Mbit/s
Upload: 19.64 Mbit/s
Thu Aug 20 10:45:02 CEST 2020
Ping: 24.706 ms
Download: 301.20 Mbit/s
Upload: 18.90 Mbit/s
Thu Aug 20 11:45:01 CEST 2020
Ping: 22.041 ms
Download: 198.31 Mbit/s
Upload: 19.85 Mbit/s
Thu Aug 20 12:45:01 CEST 2020
Ping: 21.578 ms
Download: 255.96 Mbit/s
Upload: 19.61 Mbit/s
Thu Aug 20 13:45:01 CEST 2020
Ping: 24.502 ms
Download: 239.47 Mbit/s
Upload: 19.72 Mbit/s
Thu Aug 20 14:45:01 CEST 2020
Ping: 22.756 ms
Download: 272.15 Mbit/s
Upload: 19.58 Mbit/s
Thu Aug 20 15:45:01 CEST 2020
Ping: 23.07 ms
Download: 236.28 Mbit/s
Upload: 19.35 Mbit/s
Thu Aug 20 16:45:01 CEST 2020
Ping: 23.243 ms
Download: 92.47 Mbit/s
Upload: 15.78 Mbit/s
Thu Aug 20 17:45:01 CEST 2020
Ping: 19.965 ms
Download: 236.97 Mbit/s
Upload: 19.49 Mbit/s
Thu Aug 20 18:45:02 CEST 2020
Ping: 21.247 ms
Download: 281.12 Mbit/s
Upload: 19.23 Mbit/s
Thu Aug 20 19:45:02 CEST 2020
Ping: 22.561 ms
Download: 195.55 Mbit/s
Upload: 19.63 Mbit/s
Thu Aug 20 20:45:01 CEST 2020
Ping: 24.698 ms
Download: 208.66 Mbit/s
Upload: 19.40 Mbit/s
Thu Aug 20 21:45:01 CEST 2020
Ping: 23.858 ms
Download: 237.76 Mbit/s
Upload: 19.57 Mbit/s
Thu Aug 20 22:45:02 CEST 2020
Ping: 23.574 ms
Download: 168.90 Mbit/s
Upload: 19.52 Mbit/s
Thu Aug 20 23:45:01 CEST 2020
Ping: 19.645 ms
Download: 235.41 Mbit/s
Upload: 19.43 Mbit/s
Fri Aug 21 00:45:01 CEST 2020
Ping: 21.87 ms
Download: 189.43 Mbit/s
Upload: 19.41 Mbit/s
Fri Aug 21 01:45:01 CEST 2020
Ping: 23.806 ms
Download: 235.35 Mbit/s
Upload: 19.84 Mbit/s
Fri Aug 21 02:45:01 CEST 2020
Ping: 20.81 ms
Download: 252.90 Mbit/s
Upload: 19.69 Mbit/s
Fri Aug 21 03:45:01 CEST 2020
Ping: 22.343 ms
Download: 300.53 Mbit/s
Upload: 19.57 Mbit/s
Fri Aug 21 04:45:01 CEST 2020
Ping: 24.32 ms
Download: 209.95 Mbit/s
Upload: 19.64 Mbit/s
Fri Aug 21 05:45:02 CEST 2020
Ping: 19.39 ms
Download: 264.16 Mbit/s
Upload: 19.61 Mbit/s
Fri Aug 21 06:45:01 CEST 2020
Ping: 23.8 ms
Download: 247.06 Mbit/s
Upload: 19.79 Mbit/s
Fri Aug 21 07:45:01 CEST 2020
Ping: 23.043 ms
Download: 159.85 Mbit/s
Upload: 19.83 Mbit/s
Fri Aug 21 08:45:01 CEST 2020
Ping: 22.814 ms
Download: 236.50 Mbit/s
Upload: 19.21 Mbit/s
Fri Aug 21 09:45:01 CEST 2020
Ping: 20.229 ms
Download: 238.28 Mbit/s
Upload: 19.66 Mbit/s
Fri Aug 21 10:45:01 CEST 2020
Ping: 22.244 ms
Download: 146.03 Mbit/s
Upload: 19.60 Mbit/s
Fri Aug 21 11:45:01 CEST 2020
Ping: 22.4 ms
Download: 276.36 Mbit/s
Upload: 19.39 Mbit/s
Fri Aug 21 12:45:01 CEST 2020
Ping: 20.642 ms
Download: 239.39 Mbit/s
Upload: 19.57 Mbit/s
Fri Aug 21 13:45:01 CEST 2020
Ping: 23.397 ms
Download: 210.39 Mbit/s
Upload: 19.68 Mbit/s
Fri Aug 21 14:45:01 CEST 2020
Ping: 20.815 ms
Download: 271.24 Mbit/s
Upload: 19.63 Mbit/s
Fri Aug 21 15:45:01 CEST 2020
Ping: 21.386 ms
Download: 254.72 Mbit/s
Upload: 19.20 Mbit/s
Fri Aug 21 16:45:01 CEST 2020
Ping: 22.117 ms
Download: 176.93 Mbit/s
Upload: 19.15 Mbit/s
Fri Aug 21 17:45:01 CEST 2020
Ping: 22.055 ms
Download: 167.28 Mbit/s
Upload: 19.21 Mbit/s
Fri Aug 21 18:45:01 CEST 2020
Ping: 25.553 ms
Download: 245.48 Mbit/s
Upload: 19.48 Mbit/s
Fri Aug 21 19:45:01 CEST 2020
Ping: 21.915 ms
Download: 141.66 Mbit/s
Upload: 19.44 Mbit/s
Fri Aug 21 20:45:01 CEST 2020
Ping: 20.693 ms
Download: 231.68 Mbit/s
Upload: 19.48 Mbit/s
Fri Aug 21 21:45:01 CEST 2020
Ping: 21.717 ms
Download: 234.97 Mbit/s
Upload: 19.72 Mbit/s
Fri Aug 21 22:45:01 CEST 2020
Ping: 22.369 ms
Download: 155.67 Mbit/s
Upload: 19.50 Mbit/s
Fri Aug 21 23:45:01 CEST 2020
Ping: 20.849 ms
Download: 236.41 Mbit/s
Upload: 19.37 Mbit/s
Sat Aug 22 00:45:01 CEST 2020
Ping: 19.766 ms
Download: 248.94 Mbit/s
Upload: 19.15 Mbit/s
Sat Aug 22 01:45:01 CEST 2020
Ping: 22.339 ms
Download: 238.55 Mbit/s
Upload: 19.66 Mbit/s
Sat Aug 22 02:45:01 CEST 2020
Ping: 20.031 ms
Download: 270.36 Mbit/s
Upload: 19.33 Mbit/s
Sat Aug 22 03:45:01 CEST 2020
Ping: 21.703 ms
Download: 192.15 Mbit/s
Upload: 19.79 Mbit/s
Sat Aug 22 04:45:01 CEST 2020
Ping: 20.884 ms
Download: 185.72 Mbit/s
Upload: 19.69 Mbit/s
Sat Aug 22 05:45:01 CEST 2020
Ping: 24.344 ms
Download: 226.07 Mbit/s
Upload: 19.33 Mbit/s
Sat Aug 22 06:45:01 CEST 2020
Ping: 22.471 ms
Download: 226.95 Mbit/s
Upload: 19.76 Mbit/s
Sat Aug 22 07:45:01 CEST 2020
Ping: 21.92 ms
Download: 161.89 Mbit/s
Upload: 18.98 Mbit/s
Sat Aug 22 08:45:01 CEST 2020
Ping: 20.072 ms
Download: 215.49 Mbit/s
Upload: 19.42 Mbit/s
Sat Aug 22 09:45:01 CEST 2020
Ping: 21.54 ms
Download: 239.69 Mbit/s
Upload: 19.44 Mbit/s
Sat Aug 22 10:45:01 CEST 2020
Ping: 25.786 ms
Download: 210.59 Mbit/s
Upload: 19.13 Mbit/s
Sat Aug 22 11:45:01 CEST 2020
Ping: 21.627 ms
Download: 235.42 Mbit/s
Upload: 19.44 Mbit/s
Sat Aug 22 12:45:01 CEST 2020
Ping: 21.139 ms
Download: 224.64 Mbit/s
Upload: 19.73 Mbit/s
Sat Aug 22 13:45:01 CEST 2020
Ping: 21.87 ms
Download: 218.97 Mbit/s
Upload: 19.51 Mbit/s
Sat Aug 22 14:45:01 CEST 2020
Ping: 22.064 ms
Download: 263.31 Mbit/s
Upload: 19.75 Mbit/s
Sat Aug 22 15:45:01 CEST 2020
Ping: 22.859 ms
Download: 221.19 Mbit/s
Upload: 19.78 Mbit/s
Sat Aug 22 16:45:01 CEST 2020
Ping: 23.424 ms
Download: 231.83 Mbit/s
Upload: 19.31 Mbit/s
Sat Aug 22 17:45:01 CEST 2020
Ping: 25.353 ms
Download: 229.56 Mbit/s
Upload: 18.74 Mbit/s
Sat Aug 22 18:45:01 CEST 2020
Ping: 20.201 ms
Download: 250.69 Mbit/s
Upload: 19.58 Mbit/s
Sat Aug 22 19:45:01 CEST 2020
Ping: 22.428 ms
Download: 305.19 Mbit/s
Upload: 19.20 Mbit/s
Sat Aug 22 20:45:01 CEST 2020
Ping: 24.453 ms
Download: 139.88 Mbit/s
Upload: 19.54 Mbit/s
Sat Aug 22 21:45:01 CEST 2020
Ping: 20.292 ms
Download: 252.10 Mbit/s
Upload: 19.76 Mbit/s
Sat Aug 22 22:45:01 CEST 2020
Ping: 23.399 ms
Download: 139.32 Mbit/s
Upload: 19.71 Mbit/s
Sat Aug 22 23:45:01 CEST 2020
Ping: 22.527 ms
Download: 213.44 Mbit/s
Upload: 18.87 Mbit/s
Sun Aug 23 00:45:01 CEST 2020
Ping: 22.494 ms
Download: 239.38 Mbit/s
Upload: 19.38 Mbit/s
Sun Aug 23 01:45:01 CEST 2020
Ping: 22.148 ms
Download: 240.36 Mbit/s
Upload: 19.53 Mbit/s
Sun Aug 23 02:45:01 CEST 2020
Ping: 21.708 ms
Download: 224.95 Mbit/s
Upload: 19.67 Mbit/s
Sun Aug 23 03:45:01 CEST 2020
Ping: 20.193 ms
Download: 202.79 Mbit/s
Upload: 19.51 Mbit/s
Sun Aug 23 04:45:01 CEST 2020
Ping: 21.409 ms
Download: 147.19 Mbit/s
Upload: 19.54 Mbit/s
Sun Aug 23 05:45:01 CEST 2020
Ping: 21.346 ms
Download: 210.36 Mbit/s
Upload: 19.81 Mbit/s
Sun Aug 23 06:45:01 CEST 2020
Ping: 20.229 ms
Download: 244.70 Mbit/s
Upload: 19.89 Mbit/s
Sun Aug 23 07:45:01 CEST 2020
Ping: 21.896 ms
Download: 154.20 Mbit/s
Upload: 19.50 Mbit/s
Sun Aug 23 08:45:01 CEST 2020
Ping: 19.512 ms
Download: 207.19 Mbit/s
Upload: 19.55 Mbit/s
Sun Aug 23 09:45:01 CEST 2020
Ping: 19.729 ms
Download: 240.06 Mbit/s
Upload: 19.75 Mbit/s
Sun Aug 23 10:45:02 CEST 2020
Ping: 22.392 ms
Download: 222.22 Mbit/s
Upload: 19.81 Mbit/s
Sun Aug 23 11:45:01 CEST 2020
Ping: 21.176 ms
Download: 283.73 Mbit/s
Upload: 19.22 Mbit/s
Sun Aug 23 12:45:01 CEST 2020
Ping: 21.824 ms
Download: 282.52 Mbit/s
Upload: 19.43 Mbit/s
Sun Aug 23 13:45:01 CEST 2020
Ping: 23.565 ms
Download: 249.11 Mbit/s
Upload: 19.67 Mbit/s
Sun Aug 23 14:45:01 CEST 2020
Ping: 19.755 ms
Download: 228.90 Mbit/s
Upload: 19.74 Mbit/s
Sun Aug 23 15:45:01 CEST 2020
Ping: 21.042 ms
Download: 271.83 Mbit/s
Upload: 19.77 Mbit/s
Sun Aug 23 16:45:01 CEST 2020
Ping: 22.674 ms
Download: 136.76 Mbit/s
Upload: 19.60 Mbit/s
Sun Aug 23 17:45:01 CEST 2020
Ping: 23.858 ms
Download: 228.43 Mbit/s
Upload: 19.69 Mbit/s
Sun Aug 23 18:45:01 CEST 2020
Ping: 22.364 ms
Download: 233.93 Mbit/s
Upload: 19.44 Mbit/s
Sun Aug 23 19:45:01 CEST 2020
Ping: 22.165 ms
Download: 276.14 Mbit/s
Upload: 19.03 Mbit/s
Sun Aug 23 20:45:01 CEST 2020
Ping: 24.231 ms
Download: 256.66 Mbit/s
Upload: 19.75 Mbit/s
Sun Aug 23 21:45:01 CEST 2020
Ping: 20.881 ms
Download: 269.86 Mbit/s
Upload: 19.08 Mbit/s
Sun Aug 23 22:45:01 CEST 2020
Ping: 23.436 ms
Download: 274.96 Mbit/s
Upload: 19.13 Mbit/s
Sun Aug 23 23:45:01 CEST 2020
Ping: 24.517 ms
Download: 129.46 Mbit/s
Upload: 19.54 Mbit/s
Mon Aug 24 00:45:01 CEST 2020
Ping: 21.592 ms
Download: 180.92 Mbit/s
Upload: 19.42 Mbit/s
Mon Aug 24 01:45:01 CEST 2020
Ping: 23.558 ms
Download: 143.87 Mbit/s
Upload: 19.24 Mbit/s
Mon Aug 24 02:45:01 CEST 2020
Ping: 20.891 ms
Download: 242.39 Mbit/s
Upload: 19.49 Mbit/s
Mon Aug 24 03:45:01 CEST 2020
Ping: 21.717 ms
Download: 270.53 Mbit/s
Upload: 19.79 Mbit/s
Mon Aug 24 04:45:01 CEST 2020
Ping: 22.916 ms
Download: 257.07 Mbit/s
Upload: 19.68 Mbit/s
Mon Aug 24 05:45:01 CEST 2020
Ping: 22.021 ms
Download: 251.19 Mbit/s
Upload: 19.25 Mbit/s
Mon Aug 24 06:45:01 CEST 2020
Ping: 20.591 ms
Download: 212.64 Mbit/s
Upload: 19.42 Mbit/s
Mon Aug 24 07:45:01 CEST 2020
Ping: 25.142 ms
Download: 288.87 Mbit/s
Upload: 19.60 Mbit/s
Mon Aug 24 08:45:01 CEST 2020
Ping: 21.369 ms
Download: 183.84 Mbit/s
Upload: 19.47 Mbit/s
Mon Aug 24 09:45:02 CEST 2020
Ping: 20.238 ms
Download: 274.53 Mbit/s
Upload: 19.38 Mbit/s
Mon Aug 24 10:45:01 CEST 2020
Ping: 23.332 ms
Download: 224.23 Mbit/s
Upload: 19.61 Mbit/s
Mon Aug 24 11:45:01 CEST 2020
Ping: 19.69 ms
Download: 288.86 Mbit/s
Upload: 19.62 Mbit/s
Mon Aug 24 12:45:01 CEST 2020
Ping: 22.335 ms
Download: 248.74 Mbit/s
Upload: 19.67 Mbit/s
Mon Aug 24 13:45:01 CEST 2020
Ping: 23.197 ms
Download: 209.67 Mbit/s
Upload: 19.66 Mbit/s
Mon Aug 24 14:45:01 CEST 2020
Ping: 21.847 ms
Download: 233.72 Mbit/s
Upload: 18.40 Mbit/s
Mon Aug 24 15:45:01 CEST 2020
Ping: 21.844 ms
Download: 260.94 Mbit/s
Upload: 19.60 Mbit/s
Mon Aug 24 16:45:01 CEST 2020
Ping: 21.602 ms
Download: 139.36 Mbit/s
Upload: 18.99 Mbit/s
Mon Aug 24 17:45:01 CEST 2020
Ping: 21.23 ms
Download: 149.09 Mbit/s
Upload: 19.16 Mbit/s
Mon Aug 24 18:45:01 CEST 2020
Ping: 20.242 ms
Download: 247.01 Mbit/s
Upload: 18.81 Mbit/s
Mon Aug 24 19:45:01 CEST 2020
Ping: 25.513 ms
Download: 221.81 Mbit/s
Upload: 19.59 Mbit/s
Mon Aug 24 20:45:01 CEST 2020
Ping: 23.565 ms
Download: 266.28 Mbit/s
Upload: 19.58 Mbit/s
Mon Aug 24 21:45:01 CEST 2020
Ping: 23.749 ms
Download: 204.81 Mbit/s
Upload: 19.38 Mbit/s
Mon Aug 24 22:45:01 CEST 2020
Ping: 20.327 ms
Download: 211.34 Mbit/s
Upload: 19.14 Mbit/s
Mon Aug 24 23:45:01 CEST 2020
Ping: 24.377 ms
Download: 210.10 Mbit/s
Upload: 19.71 Mbit/s
Tue Aug 25 00:45:01 CEST 2020
Ping: 24.056 ms
Download: 236.07 Mbit/s
Upload: 19.68 Mbit/s
Tue Aug 25 01:45:01 CEST 2020
Ping: 22.376 ms
Download: 234.62 Mbit/s
Upload: 19.83 Mbit/s
Tue Aug 25 02:45:01 CEST 2020
Ping: 24.333 ms
Download: 220.12 Mbit/s
Upload: 19.76 Mbit/s
Tue Aug 25 03:45:01 CEST 2020
Ping: 21.339 ms
Download: 234.42 Mbit/s
Upload: 19.15 Mbit/s
Tue Aug 25 04:45:01 CEST 2020
Ping: 22.698 ms
Download: 238.27 Mbit/s
Upload: 19.57 Mbit/s
Tue Aug 25 05:45:01 CEST 2020
Ping: 24.926 ms
Download: 197.39 Mbit/s
Upload: 19.92 Mbit/s
Tue Aug 25 06:45:01 CEST 2020
Ping: 19.895 ms
Download: 247.20 Mbit/s
Upload: 19.52 Mbit/s
Tue Aug 25 07:45:01 CEST 2020
Ping: 22.714 ms
Download: 241.15 Mbit/s
Upload: 19.52 Mbit/s
Tue Aug 25 08:45:01 CEST 2020
Ping: 23.211 ms
Download: 254.15 Mbit/s
Upload: 19.70 Mbit/s
Tue Aug 25 09:45:01 CEST 2020
Ping: 22.159 ms
Download: 234.75 Mbit/s
Upload: 19.72 Mbit/s
Tue Aug 25 10:45:01 CEST 2020
Ping: 20.352 ms
Download: 178.82 Mbit/s
Upload: 19.26 Mbit/s
Tue Aug 25 11:45:01 CEST 2020
Ping: 23.022 ms
Download: 231.89 Mbit/s
Upload: 19.62 Mbit/s
Tue Aug 25 12:45:01 CEST 2020
Ping: 20.977 ms
Download: 235.45 Mbit/s
Upload: 19.75 Mbit/s
Tue Aug 25 13:45:01 CEST 2020
Ping: 19.401 ms
Download: 297.32 Mbit/s
Upload: 19.38 Mbit/s
Tue Aug 25 14:45:01 CEST 2020
Ping: 23.261 ms
Download: 231.51 Mbit/s
Upload: 19.65 Mbit/s
Tue Aug 25 15:45:01 CEST 2020
Ping: 23.528 ms
Download: 248.99 Mbit/s
Upload: 19.44 Mbit/s
Tue Aug 25 16:45:01 CEST 2020
Ping: 22.588 ms
Download: 272.12 Mbit/s
Upload: 19.53 Mbit/s
Tue Aug 25 17:45:01 CEST 2020
Ping: 24.043 ms
Download: 223.30 Mbit/s
Upload: 19.61 Mbit/s
Tue Aug 25 18:45:01 CEST 2020
Ping: 23.492 ms
Download: 241.80 Mbit/s
Upload: 19.71 Mbit/s
Tue Aug 25 19:45:02 CEST 2020
Ping: 25.074 ms
Download: 225.91 Mbit/s
Upload: 19.75 Mbit/s
Tue Aug 25 20:45:01 CEST 2020
Ping: 23.169 ms
Download: 246.97 Mbit/s
Upload: 19.61 Mbit/s
Tue Aug 25 21:45:02 CEST 2020
Ping: 22.398 ms
Download: 266.02 Mbit/s
Upload: 19.34 Mbit/s
Tue Aug 25 22:45:01 CEST 2020
Ping: 21.644 ms
Download: 216.46 Mbit/s
Upload: 19.54 Mbit/s
Tue Aug 25 23:45:02 CEST 2020
Ping: 20.235 ms
Download: 240.17 Mbit/s
Upload: 19.27 Mbit/s
Wed Aug 26 00:45:01 CEST 2020
Ping: 20.218 ms
Download: 216.26 Mbit/s
Upload: 19.61 Mbit/s
Wed Aug 26 01:45:01 CEST 2020
Ping: 25.166 ms
Download: 238.95 Mbit/s
Upload: 19.51 Mbit/s
Wed Aug 26 02:45:01 CEST 2020
Ping: 21.631 ms
Download: 237.68 Mbit/s
Upload: 19.42 Mbit/s
Wed Aug 26 03:45:01 CEST 2020
Ping: 21.182 ms
Download: 257.81 Mbit/s
Upload: 19.38 Mbit/s
Wed Aug 26 04:45:01 CEST 2020
Ping: 21.891 ms
Download: 175.55 Mbit/s
Upload: 19.30 Mbit/s
Wed Aug 26 05:45:01 CEST 2020
Ping: 22.416 ms
Download: 251.79 Mbit/s
Upload: 19.58 Mbit/s
Wed Aug 26 06:45:01 CEST 2020
Ping: 22.844 ms
Download: 238.31 Mbit/s
Upload: 19.29 Mbit/s
Wed Aug 26 07:45:01 CEST 2020
Ping: 25.48 ms
Download: 280.46 Mbit/s
Upload: 19.27 Mbit/s
Wed Aug 26 08:45:01 CEST 2020
Ping: 23.686 ms
Download: 244.16 Mbit/s
Upload: 19.55 Mbit/s
Wed Aug 26 09:45:02 CEST 2020
Ping: 24.85 ms
Download: 282.24 Mbit/s
Upload: 19.36 Mbit/s
Wed Aug 26 10:45:01 CEST 2020
Ping: 21.403 ms
Download: 244.70 Mbit/s
Upload: 19.22 Mbit/s
Wed Aug 26 11:45:01 CEST 2020
Ping: 23.885 ms
Download: 246.78 Mbit/s
Upload: 19.72 Mbit/s
Wed Aug 26 12:45:02 CEST 2020
Ping: 20.567 ms
Download: 248.62 Mbit/s
Upload: 19.51 Mbit/s
Wed Aug 26 13:45:01 CEST 2020
Ping: 20.891 ms
Download: 262.42 Mbit/s
Upload: 19.62 Mbit/s
Wed Aug 26 14:45:01 CEST 2020
Ping: 24.275 ms
Download: 250.28 Mbit/s
Upload: 19.53 Mbit/s
Wed Aug 26 15:45:01 CEST 2020
Ping: 21.272 ms
Download: 240.98 Mbit/s
Upload: 19.39 Mbit/s
Wed Aug 26 16:45:01 CEST 2020
Ping: 22.569 ms
Download: 244.97 Mbit/s
Upload: 19.57 Mbit/s
Wed Aug 26 17:45:01 CEST 2020
Ping: 22.23 ms
Download: 235.62 Mbit/s
Upload: 19.76 Mbit/s
Wed Aug 26 18:45:02 CEST 2020
Ping: 21.075 ms
Download: 242.51 Mbit/s
Upload: 19.84 Mbit/s
Wed Aug 26 19:45:01 CEST 2020
Ping: 22.204 ms
Download: 283.78 Mbit/s
Upload: 19.83 Mbit/s
Wed Aug 26 20:45:01 CEST 2020
Ping: 22.898 ms
Download: 237.26 Mbit/s
Upload: 19.79 Mbit/s
Wed Aug 26 21:45:02 CEST 2020
Ping: 20.641 ms
Download: 229.29 Mbit/s
Upload: 19.36 Mbit/s
Wed Aug 26 22:45:01 CEST 2020
Ping: 22.077 ms
Download: 260.60 Mbit/s
Upload: 19.52 Mbit/s
Wed Aug 26 23:45:01 CEST 2020
Ping: 21.242 ms
Download: 243.38 Mbit/s
Upload: 19.85 Mbit/s
Thu Aug 27 00:45:01 CEST 2020
Ping: 23.437 ms
Download: 239.53 Mbit/s
Upload: 19.67 Mbit/s
Thu Aug 27 01:45:01 CEST 2020
Ping: 23.489 ms
Download: 236.91 Mbit/s
Upload: 19.27 Mbit/s
Thu Aug 27 02:45:01 CEST 2020
Ping: 23.637 ms
Download: 191.53 Mbit/s
Upload: 19.39 Mbit/s
Thu Aug 27 03:45:01 CEST 2020
Ping: 19.989 ms
Download: 223.87 Mbit/s
Upload: 19.26 Mbit/s
Thu Aug 27 04:45:01 CEST 2020
Ping: 21.671 ms
Download: 236.72 Mbit/s
Upload: 19.73 Mbit/s
Thu Aug 27 05:45:01 CEST 2020
Ping: 22.963 ms
Download: 292.37 Mbit/s
Upload: 19.43 Mbit/s
Thu Aug 27 06:45:01 CEST 2020
Ping: 20.538 ms
Download: 198.38 Mbit/s
Upload: 19.52 Mbit/s
Thu Aug 27 07:45:01 CEST 2020
Ping: 21.783 ms
Download: 218.09 Mbit/s
Upload: 19.76 Mbit/s
Thu Aug 27 08:45:01 CEST 2020
Ping: 22.894 ms
Download: 228.67 Mbit/s
Upload: 19.51 Mbit/s
Thu Aug 27 09:45:01 CEST 2020
Ping: 23.009 ms
Download: 244.48 Mbit/s
Upload: 19.40 Mbit/s
Thu Aug 27 10:45:01 CEST 2020
Ping: 23.195 ms
Download: 221.96 Mbit/s
Upload: 19.60 Mbit/s
Thu Aug 27 11:45:01 CEST 2020
Ping: 22.808 ms
Download: 259.54 Mbit/s
Upload: 19.06 Mbit/s
Thu Aug 27 12:45:02 CEST 2020
Ping: 22.786 ms
Download: 247.22 Mbit/s
Upload: 19.53 Mbit/s
Thu Aug 27 13:45:01 CEST 2020
Ping: 20.511 ms
Download: 262.12 Mbit/s
Upload: 19.56 Mbit/s
Thu Aug 27 14:45:01 CEST 2020
Ping: 23.536 ms
Download: 221.18 Mbit/s
Upload: 19.20 Mbit/s
Thu Aug 27 15:45:01 CEST 2020
Ping: 18.89 ms
Download: 222.24 Mbit/s
Upload: 19.37 Mbit/s
Thu Aug 27 16:45:01 CEST 2020
Ping: 21.745 ms
Download: 221.58 Mbit/s
Upload: 19.45 Mbit/s
Thu Aug 27 17:45:01 CEST 2020
Ping: 21.906 ms
Download: 203.11 Mbit/s
Upload: 19.67 Mbit/s
Thu Aug 27 18:45:01 CEST 2020
Ping: 23.012 ms
Download: 221.20 Mbit/s
Upload: 19.39 Mbit/s
Thu Aug 27 19:45:01 CEST 2020
Ping: 21.185 ms
Download: 285.16 Mbit/s
Upload: 19.60 Mbit/s
Thu Aug 27 20:45:02 CEST 2020
Ping: 22.234 ms
Download: 209.40 Mbit/s
Upload: 19.24 Mbit/s
Thu Aug 27 21:45:01 CEST 2020
Ping: 22.971 ms
Download: 222.27 Mbit/s
Upload: 19.59 Mbit/s
Thu Aug 27 22:45:01 CEST 2020
Ping: 22.214 ms
Download: 291.73 Mbit/s
Upload: 19.70 Mbit/s
Thu Aug 27 23:45:01 CEST 2020
Ping: 24.232 ms
Download: 230.94 Mbit/s
Upload: 19.35 Mbit/s
Fri Aug 28 00:45:01 CEST 2020
Ping: 21.148 ms
Download: 243.96 Mbit/s
Upload: 19.44 Mbit/s
Fri Aug 28 01:45:02 CEST 2020
Ping: 22.383 ms
Download: 268.44 Mbit/s
Upload: 19.44 Mbit/s
Fri Aug 28 02:45:01 CEST 2020
Ping: 23.405 ms
Download: 277.37 Mbit/s
Upload: 19.31 Mbit/s
Fri Aug 28 03:45:01 CEST 2020
Ping: 20.591 ms
Download: 235.52 Mbit/s
Upload: 19.63 Mbit/s
Fri Aug 28 04:45:01 CEST 2020
Ping: 21.243 ms
Download: 259.05 Mbit/s
Upload: 19.18 Mbit/s
Fri Aug 28 05:45:01 CEST 2020
Ping: 22.424 ms
Download: 218.06 Mbit/s
Upload: 19.40 Mbit/s
Fri Aug 28 06:45:01 CEST 2020
Ping: 22.47 ms
Download: 152.54 Mbit/s
Upload: 19.06 Mbit/s
Fri Aug 28 07:45:01 CEST 2020
Ping: 22.027 ms
Download: 196.24 Mbit/s
Upload: 19.67 Mbit/s
Fri Aug 28 08:45:01 CEST 2020
Ping: 22.382 ms
Download: 239.44 Mbit/s
Upload: 19.44 Mbit/s
Fri Aug 28 09:45:01 CEST 2020
Ping: 23.896 ms
Download: 204.33 Mbit/s
Upload: 19.09 Mbit/s
Fri Aug 28 10:45:01 CEST 2020
Ping: 22.369 ms
Download: 241.38 Mbit/s
Upload: 19.60 Mbit/s
Fri Aug 28 11:45:01 CEST 2020
Ping: 19.571 ms
Download: 287.93 Mbit/s
Upload: 19.70 Mbit/s
Fri Aug 28 12:45:01 CEST 2020
Ping: 23.201 ms
Download: 150.36 Mbit/s
Upload: 19.23 Mbit/s
Fri Aug 28 13:45:01 CEST 2020
Ping: 21.658 ms
Download: 243.95 Mbit/s
Upload: 19.56 Mbit/s
Fri Aug 28 14:45:01 CEST 2020
Ping: 25.322 ms
Download: 249.22 Mbit/s
Upload: 19.50 Mbit/s
Fri Aug 28 15:45:01 CEST 2020
Ping: 24.427 ms
Download: 244.21 Mbit/s
Upload: 19.33 Mbit/s
Fri Aug 28 16:45:01 CEST 2020
Ping: 25.196 ms
Download: 221.34 Mbit/s
Upload: 18.79 Mbit/s
Fri Aug 28 17:45:01 CEST 2020
Ping: 25.072 ms
Download: 252.42 Mbit/s
Upload: 18.52 Mbit/s
Fri Aug 28 18:45:01 CEST 2020
Ping: 23.225 ms
Download: 254.37 Mbit/s
Upload: 19.49 Mbit/s
Fri Aug 28 19:45:01 CEST 2020
Ping: 23.077 ms
Download: 232.43 Mbit/s
Upload: 19.83 Mbit/s
Fri Aug 28 20:45:01 CEST 2020
Ping: 22.06 ms
Download: 234.50 Mbit/s
Upload: 19.68 Mbit/s
Fri Aug 28 21:45:01 CEST 2020
Ping: 23.047 ms
Download: 232.15 Mbit/s
Upload: 19.61 Mbit/s
Fri Aug 28 22:45:01 CEST 2020
Ping: 23.181 ms
Download: 222.15 Mbit/s
Upload: 19.70 Mbit/s
Fri Aug 28 23:45:02 CEST 2020
Ping: 23.083 ms
Download: 242.61 Mbit/s
Upload: 19.70 Mbit/s
Sat Aug 29 00:45:01 CEST 2020
Ping: 23.13 ms
Download: 244.40 Mbit/s
Upload: 19.70 Mbit/s
Sat Aug 29 01:45:01 CEST 2020
Ping: 23.819 ms
Download: 216.76 Mbit/s
Upload: 19.72 Mbit/s
Sat Aug 29 02:45:01 CEST 2020
Ping: 22.927 ms
Download: 225.94 Mbit/s
Upload: 19.42 Mbit/s
Sat Aug 29 03:45:02 CEST 2020
Ping: 21.918 ms
Download: 221.94 Mbit/s
Upload: 19.41 Mbit/s
Sat Aug 29 04:45:01 CEST 2020
Ping: 19.715 ms
Download: 270.37 Mbit/s
Upload: 19.39 Mbit/s
Sat Aug 29 05:45:01 CEST 2020
Ping: 22.483 ms
Download: 206.03 Mbit/s
Upload: 19.28 Mbit/s
Sat Aug 29 06:45:01 CEST 2020
Ping: 25.386 ms
Download: 149.14 Mbit/s
Upload: 19.21 Mbit/s
Sat Aug 29 07:45:01 CEST 2020
Ping: 23.076 ms
Download: 224.04 Mbit/s
Upload: 19.15 Mbit/s
Sat Aug 29 08:45:01 CEST 2020
Ping: 23.23 ms
Download: 280.04 Mbit/s
Upload: 19.68 Mbit/s
Sat Aug 29 09:45:01 CEST 2020
Ping: 23.261 ms
Download: 249.33 Mbit/s
Upload: 19.49 Mbit/s
Sat Aug 29 10:45:01 CEST 2020
Ping: 24.513 ms
Download: 207.13 Mbit/s
Upload: 19.84 Mbit/s
Sat Aug 29 11:45:02 CEST 2020
Ping: 23.252 ms
Download: 242.19 Mbit/s
Upload: 19.39 Mbit/s
Sat Aug 29 12:45:01 CEST 2020
Ping: 23.216 ms
Download: 208.70 Mbit/s
Upload: 18.70 Mbit/s
Sat Aug 29 13:45:01 CEST 2020
Ping: 21.671 ms
Download: 246.18 Mbit/s
Upload: 19.43 Mbit/s
Sat Aug 29 14:45:01 CEST 2020
Ping: 23.247 ms
Download: 255.29 Mbit/s
Upload: 19.69 Mbit/s
Sat Aug 29 15:45:01 CEST 2020
Ping: 23.055 ms
Download: 231.54 Mbit/s
Upload: 19.07 Mbit/s
Sat Aug 29 16:45:01 CEST 2020
Ping: 24.747 ms
Download: 255.96 Mbit/s
Upload: 19.13 Mbit/s
Sat Aug 29 17:45:01 CEST 2020
Ping: 25.256 ms
Download: 203.19 Mbit/s
Upload: 19.11 Mbit/s
Sat Aug 29 18:45:01 CEST 2020
Ping: 23.53 ms
Download: 243.86 Mbit/s
Upload: 19.54 Mbit/s
Sat Aug 29 19:45:01 CEST 2020
Ping: 23.546 ms
Download: 216.21 Mbit/s
Upload: 19.52 Mbit/s
Sat Aug 29 20:45:01 CEST 2020
Ping: 24.698 ms
Download: 289.99 Mbit/s
Upload: 19.51 Mbit/s
Sat Aug 29 21:45:01 CEST 2020
Ping: 22.191 ms
Download: 270.15 Mbit/s
Upload: 19.56 Mbit/s
Sat Aug 29 22:45:01 CEST 2020
Ping: 21.649 ms
Download: 260.99 Mbit/s
Upload: 19.44 Mbit/s
Sat Aug 29 23:45:01 CEST 2020
Ping: 23.298 ms
Download: 242.72 Mbit/s
Upload: 19.64 Mbit/s
Sun Aug 30 00:45:01 CEST 2020
Ping: 22.212 ms
Download: 224.95 Mbit/s
Upload: 19.79 Mbit/s
Sun Aug 30 01:45:01 CEST 2020
Ping: 20.402 ms
Download: 245.12 Mbit/s
Upload: 19.38 Mbit/s
Sun Aug 30 02:45:02 CEST 2020
Ping: 20.071 ms
Download: 296.67 Mbit/s
Upload: 19.39 Mbit/s
Sun Aug 30 03:45:01 CEST 2020
Ping: 23.951 ms
Download: 172.58 Mbit/s
Upload: 19.21 Mbit/s
Sun Aug 30 04:45:01 CEST 2020
Ping: 23.544 ms
Download: 252.99 Mbit/s
Upload: 19.77 Mbit/s
Sun Aug 30 05:45:01 CEST 2020
Ping: 24.32 ms
Download: 245.41 Mbit/s
Upload: 19.83 Mbit/s
Sun Aug 30 06:45:01 CEST 2020
Ping: 23.527 ms
Download: 223.34 Mbit/s
Upload: 18.95 Mbit/s
Sun Aug 30 07:45:01 CEST 2020
Ping: 19.861 ms
Download: 276.74 Mbit/s
Upload: 19.57 Mbit/s
Sun Aug 30 08:45:01 CEST 2020
Ping: 23.621 ms
Download: 368.75 Mbit/s
Upload: 19.66 Mbit/s
Sun Aug 30 09:45:01 CEST 2020
Ping: 23.09 ms
Download: 257.77 Mbit/s
Upload: 19.73 Mbit/s
Sun Aug 30 10:45:02 CEST 2020
Ping: 21.401 ms
Download: 282.93 Mbit/s
Upload: 19.39 Mbit/s
Sun Aug 30 11:45:01 CEST 2020
Ping: 22.911 ms
Download: 295.44 Mbit/s
Upload: 19.09 Mbit/s
Sun Aug 30 12:45:01 CEST 2020
Ping: 21.67 ms
Download: 273.10 Mbit/s
Upload: 19.65 Mbit/s
Sun Aug 30 13:45:01 CEST 2020
Ping: 22.51 ms
Download: 209.50 Mbit/s
Upload: 19.73 Mbit/s
Sun Aug 30 14:45:01 CEST 2020
Ping: 23.249 ms
Download: 238.69 Mbit/s
Upload: 19.50 Mbit/s
Sun Aug 30 15:45:01 CEST 2020
Ping: 24.408 ms
Download: 286.09 Mbit/s
Upload: 19.00 Mbit/s
Sun Aug 30 16:45:01 CEST 2020
Ping: 22.98 ms
Download: 276.72 Mbit/s
Upload: 19.28 Mbit/s
Sun Aug 30 17:45:01 CEST 2020
Ping: 20.417 ms
Download: 338.28 Mbit/s
Upload: 19.47 Mbit/s
Sun Aug 30 18:45:01 CEST 2020
Ping: 22.877 ms
Download: 224.50 Mbit/s
Upload: 19.57 Mbit/s
Sun Aug 30 19:45:01 CEST 2020
Ping: 22.51 ms
Download: 243.35 Mbit/s
Upload: 19.13 Mbit/s
Sun Aug 30 20:45:01 CEST 2020
Ping: 25.179 ms
Download: 272.08 Mbit/s
Upload: 19.23 Mbit/s
Sun Aug 30 21:45:01 CEST 2020
Ping: 21.078 ms
Download: 219.29 Mbit/s
Upload: 18.79 Mbit/s
Sun Aug 30 22:45:01 CEST 2020
Ping: 24.741 ms
Download: 268.85 Mbit/s
Upload: 19.52 Mbit/s
Sun Aug 30 23:45:01 CEST 2020
Ping: 21.078 ms
Download: 286.96 Mbit/s
Upload: 19.08 Mbit/s
Mon Aug 31 00:45:01 CEST 2020
Ping: 25.75 ms
Download: 278.36 Mbit/s
Upload: 19.25 Mbit/s
Mon Aug 31 01:45:01 CEST 2020
Ping: 22.462 ms
Download: 207.21 Mbit/s
Upload: 19.43 Mbit/s
Mon Aug 31 02:45:01 CEST 2020
Ping: 20.436 ms
Download: 234.18 Mbit/s
Upload: 19.71 Mbit/s
Mon Aug 31 03:45:01 CEST 2020
Ping: 23.04 ms
Download: 320.23 Mbit/s
Upload: 19.55 Mbit/s
Mon Aug 31 04:45:01 CEST 2020
Ping: 23.383 ms
Download: 283.29 Mbit/s
Upload: 19.77 Mbit/s
Mon Aug 31 05:45:01 CEST 2020
Ping: 23.454 ms
Download: 250.57 Mbit/s
Upload: 19.64 Mbit/s
Mon Aug 31 06:45:01 CEST 2020
Ping: 23.494 ms
Download: 217.69 Mbit/s
Upload: 19.35 Mbit/s
Mon Aug 31 07:45:01 CEST 2020
Ping: 23.742 ms
Download: 249.12 Mbit/s
Upload: 19.37 Mbit/s
Mon Aug 31 08:45:01 CEST 2020
Ping: 21.668 ms
Download: 301.73 Mbit/s
Upload: 19.66 Mbit/s
Mon Aug 31 09:45:01 CEST 2020
Ping: 23.844 ms
Download: 277.28 Mbit/s
Upload: 18.98 Mbit/s
Mon Aug 31 10:45:01 CEST 2020
Ping: 23.057 ms
Download: 209.56 Mbit/s
Upload: 19.38 Mbit/s
Mon Aug 31 11:45:02 CEST 2020
Ping: 20.428 ms
Download: 239.04 Mbit/s
Upload: 18.81 Mbit/s
Mon Aug 31 12:45:01 CEST 2020
Ping: 24.687 ms
Download: 233.91 Mbit/s
Upload: 19.70 Mbit/s
Mon Aug 31 13:45:01 CEST 2020
Ping: 21.953 ms
Download: 277.79 Mbit/s
Upload: 18.81 Mbit/s
Mon Aug 31 14:45:01 CEST 2020
Ping: 23.729 ms
Download: 225.58 Mbit/s
Upload: 19.58 Mbit/s
Mon Aug 31 15:45:01 CEST 2020
Ping: 23.498 ms
Download: 291.85 Mbit/s
Upload: 19.59 Mbit/s
Mon Aug 31 16:45:01 CEST 2020
Ping: 23.058 ms
Download: 201.85 Mbit/s
Upload: 19.84 Mbit/s
Mon Aug 31 17:45:01 CEST 2020
Ping: 22.59 ms
Download: 310.64 Mbit/s
Upload: 19.15 Mbit/s
Mon Aug 31 18:45:01 CEST 2020
Ping: 24.675 ms
Download: 240.56 Mbit/s
Upload: 19.53 Mbit/s
Mon Aug 31 19:45:01 CEST 2020
Ping: 24.02 ms
Download: 232.28 Mbit/s
Upload: 19.40 Mbit/s
Mon Aug 31 20:45:01 CEST 2020
Ping: 22.007 ms
Download: 280.34 Mbit/s
Upload: 19.66 Mbit/s
Mon Aug 31 21:45:01 CEST 2020
Ping: 23.573 ms
Download: 308.41 Mbit/s
Upload: 19.80 Mbit/s
Mon Aug 31 22:45:01 CEST 2020
Ping: 22.349 ms
Download: 31.21 Mbit/s
Upload: 19.55 Mbit/s
Mon Aug 31 23:45:02 CEST 2020
Ping: 24.116 ms
Download: 267.54 Mbit/s
Upload: 19.28 Mbit/s
