Tue Dec  1 00:45:01 CET 2020
Ping: 25.033 ms
Download: 234.40 Mbit/s
Upload: 19.81 Mbit/s
Tue Dec  1 01:45:01 CET 2020
Ping: 25.181 ms
Download: 235.82 Mbit/s
Upload: 19.71 Mbit/s
Tue Dec  1 02:45:02 CET 2020
Ping: 27.8 ms
Download: 219.37 Mbit/s
Upload: 19.44 Mbit/s
Tue Dec  1 03:45:01 CET 2020
Ping: 23.161 ms
Download: 238.08 Mbit/s
Upload: 19.68 Mbit/s
Tue Dec  1 04:45:02 CET 2020
Ping: 24.926 ms
Download: 177.07 Mbit/s
Upload: 19.70 Mbit/s
Tue Dec  1 05:45:01 CET 2020
Ping: 25.7 ms
Download: 268.61 Mbit/s
Upload: 19.65 Mbit/s
Tue Dec  1 06:45:01 CET 2020
Ping: 24.86 ms
Download: 221.16 Mbit/s
Upload: 19.51 Mbit/s
Tue Dec  1 07:45:01 CET 2020
Ping: 23.991 ms
Download: 187.68 Mbit/s
Upload: 19.42 Mbit/s
Tue Dec  1 08:45:01 CET 2020
Ping: 31.171 ms
Download: 256.62 Mbit/s
Upload: 19.43 Mbit/s
Tue Dec  1 09:45:01 CET 2020
Ping: 33.034 ms
Download: 158.95 Mbit/s
Upload: 19.43 Mbit/s
Tue Dec  1 10:45:01 CET 2020
Ping: 33.536 ms
Download: 229.27 Mbit/s
Upload: 16.29 Mbit/s
Tue Dec  1 11:45:01 CET 2020
Ping: 34.52 ms
Download: 163.97 Mbit/s
Upload: 19.69 Mbit/s
Tue Dec  1 12:45:02 CET 2020
Ping: 32.33 ms
Download: 161.70 Mbit/s
Upload: 19.42 Mbit/s
Tue Dec  1 13:45:01 CET 2020
Ping: 28.124 ms
Download: 168.07 Mbit/s
Upload: 19.31 Mbit/s
Tue Dec  1 14:45:01 CET 2020
Ping: 24.684 ms
Download: 189.34 Mbit/s
Upload: 19.17 Mbit/s
Tue Dec  1 15:45:01 CET 2020
Ping: 24.827 ms
Download: 211.69 Mbit/s
Upload: 19.52 Mbit/s
Tue Dec  1 16:45:01 CET 2020
Ping: 23.849 ms
Download: 163.27 Mbit/s
Upload: 19.51 Mbit/s
Tue Dec  1 17:45:01 CET 2020
Ping: 27.081 ms
Download: 220.48 Mbit/s
Upload: 19.27 Mbit/s
Tue Dec  1 18:45:01 CET 2020
Ping: 25.575 ms
Download: 234.83 Mbit/s
Upload: 19.68 Mbit/s
Tue Dec  1 19:45:01 CET 2020
Ping: 24.997 ms
Download: 287.20 Mbit/s
Upload: 19.75 Mbit/s
Tue Dec  1 20:45:01 CET 2020
Ping: 23.839 ms
Download: 257.36 Mbit/s
Upload: 19.35 Mbit/s
Tue Dec  1 21:45:01 CET 2020
Ping: 33.484 ms
Download: 270.70 Mbit/s
Upload: 19.43 Mbit/s
Tue Dec  1 22:45:02 CET 2020
Ping: 24.629 ms
Download: 149.89 Mbit/s
Upload: 19.14 Mbit/s
Tue Dec  1 23:45:01 CET 2020
Ping: 26.338 ms
Download: 248.78 Mbit/s
Upload: 19.66 Mbit/s
Wed Dec  2 00:45:01 CET 2020
Ping: 23.655 ms
Download: 361.93 Mbit/s
Upload: 19.61 Mbit/s
Wed Dec  2 01:45:02 CET 2020
Ping: 23.331 ms
Download: 234.55 Mbit/s
Upload: 19.65 Mbit/s
Wed Dec  2 02:45:01 CET 2020
Ping: 24.501 ms
Download: 261.61 Mbit/s
Upload: 18.99 Mbit/s
Wed Dec  2 03:45:01 CET 2020
Ping: 24.524 ms
Download: 165.76 Mbit/s
Upload: 19.77 Mbit/s
Wed Dec  2 04:45:01 CET 2020
Ping: 33.107 ms
Download: 155.40 Mbit/s
Upload: 19.44 Mbit/s
Wed Dec  2 05:45:01 CET 2020
Ping: 30.216 ms
Download: 170.11 Mbit/s
Upload: 19.70 Mbit/s
Wed Dec  2 06:45:01 CET 2020
Ping: 21.668 ms
Download: 231.84 Mbit/s
Upload: 18.85 Mbit/s
Wed Dec  2 07:45:01 CET 2020
Ping: 22.304 ms
Download: 103.68 Mbit/s
Upload: 19.27 Mbit/s
Wed Dec  2 08:45:01 CET 2020
Ping: 24.027 ms
Download: 165.05 Mbit/s
Upload: 19.42 Mbit/s
Wed Dec  2 09:45:01 CET 2020
Ping: 24.496 ms
Download: 276.17 Mbit/s
Upload: 19.09 Mbit/s
Wed Dec  2 10:45:01 CET 2020
Ping: 23.049 ms
Download: 250.83 Mbit/s
Upload: 19.72 Mbit/s
Wed Dec  2 11:45:01 CET 2020
Ping: 30.837 ms
Download: 35.92 Mbit/s
Upload: 4.78 Mbit/s
Wed Dec  2 12:45:02 CET 2020
Ping: 32.831 ms
Download: 141.36 Mbit/s
Upload: 19.19 Mbit/s
Wed Dec  2 13:45:01 CET 2020
Ping: 28.329 ms
Download: 317.14 Mbit/s
Upload: 19.05 Mbit/s
Wed Dec  2 14:45:01 CET 2020
Ping: 24.365 ms
Download: 101.91 Mbit/s
Upload: 18.62 Mbit/s
Wed Dec  2 15:45:01 CET 2020
Ping: 26.695 ms
Download: 129.99 Mbit/s
Upload: 17.55 Mbit/s
Wed Dec  2 16:45:02 CET 2020
Ping: 32.353 ms
Download: 226.02 Mbit/s
Upload: 18.04 Mbit/s
Wed Dec  2 17:45:01 CET 2020
Ping: 27.485 ms
Download: 260.99 Mbit/s
Upload: 18.94 Mbit/s
Wed Dec  2 18:45:01 CET 2020
Ping: 26.209 ms
Download: 254.77 Mbit/s
Upload: 19.13 Mbit/s
Wed Dec  2 19:45:01 CET 2020
Ping: 28.981 ms
Download: 187.06 Mbit/s
Upload: 18.96 Mbit/s
Wed Dec  2 20:45:01 CET 2020
Ping: 23.718 ms
Download: 133.59 Mbit/s
Upload: 16.15 Mbit/s
Wed Dec  2 21:45:01 CET 2020
Ping: 27.273 ms
Download: 197.52 Mbit/s
Upload: 15.08 Mbit/s
Wed Dec  2 22:45:01 CET 2020
Ping: 24.873 ms
Download: 281.03 Mbit/s
Upload: 16.14 Mbit/s
Wed Dec  2 23:45:01 CET 2020
Ping: 35.494 ms
Download: 161.99 Mbit/s
Upload: 19.56 Mbit/s
Thu Dec  3 00:45:01 CET 2020
Ping: 31.157 ms
Download: 166.77 Mbit/s
Upload: 18.37 Mbit/s
Thu Dec  3 01:45:01 CET 2020
Ping: 23.687 ms
Download: 101.50 Mbit/s
Upload: 15.19 Mbit/s
Thu Dec  3 02:45:01 CET 2020
Ping: 25.489 ms
Download: 289.90 Mbit/s
Upload: 19.25 Mbit/s
Thu Dec  3 03:45:01 CET 2020
Ping: 25.015 ms
Download: 224.60 Mbit/s
Upload: 19.63 Mbit/s
Thu Dec  3 04:45:01 CET 2020
Ping: 23.52 ms
Download: 128.22 Mbit/s
Upload: 19.67 Mbit/s
Thu Dec  3 05:45:01 CET 2020
Ping: 23.33 ms
Download: 215.71 Mbit/s
Upload: 19.18 Mbit/s
Thu Dec  3 06:45:01 CET 2020
Ping: 27.907 ms
Download: 263.60 Mbit/s
Upload: 19.01 Mbit/s
Thu Dec  3 07:45:01 CET 2020
Ping: 24.867 ms
Download: 268.17 Mbit/s
Upload: 18.84 Mbit/s
Thu Dec  3 08:45:01 CET 2020
Ping: 26.059 ms
Download: 223.81 Mbit/s
Upload: 19.42 Mbit/s
Thu Dec  3 09:45:01 CET 2020
Ping: 24.773 ms
Download: 238.45 Mbit/s
Upload: 19.09 Mbit/s
Thu Dec  3 10:45:02 CET 2020
Ping: 24.106 ms
Download: 251.00 Mbit/s
Upload: 12.19 Mbit/s
Thu Dec  3 11:45:01 CET 2020
Ping: 23.852 ms
Download: 179.85 Mbit/s
Upload: 13.88 Mbit/s
Thu Dec  3 12:45:01 CET 2020
Ping: 27.161 ms
Download: 219.49 Mbit/s
Upload: 19.59 Mbit/s
Thu Dec  3 13:45:01 CET 2020
Ping: 24.855 ms
Download: 206.53 Mbit/s
Upload: 17.81 Mbit/s
Thu Dec  3 14:45:01 CET 2020
Ping: 24.517 ms
Download: 280.86 Mbit/s
Upload: 12.22 Mbit/s
Thu Dec  3 15:45:01 CET 2020
Ping: 29.461 ms
Download: 257.41 Mbit/s
Upload: 18.08 Mbit/s
Thu Dec  3 16:45:01 CET 2020
Ping: 25.988 ms
Download: 270.64 Mbit/s
Upload: 18.61 Mbit/s
Thu Dec  3 17:45:01 CET 2020
Ping: 24.32 ms
Download: 244.32 Mbit/s
Upload: 19.26 Mbit/s
Thu Dec  3 18:45:01 CET 2020
Ping: 27.498 ms
Download: 194.89 Mbit/s
Upload: 19.56 Mbit/s
Thu Dec  3 19:45:01 CET 2020
Ping: 23.696 ms
Download: 254.62 Mbit/s
Upload: 19.46 Mbit/s
Thu Dec  3 20:45:01 CET 2020
Ping: 24.496 ms
Download: 229.24 Mbit/s
Upload: 19.73 Mbit/s
Thu Dec  3 21:45:01 CET 2020
Ping: 27.137 ms
Download: 303.98 Mbit/s
Upload: 19.42 Mbit/s
Thu Dec  3 22:45:01 CET 2020
Ping: 28.293 ms
Download: 174.47 Mbit/s
Upload: 19.44 Mbit/s
Thu Dec  3 23:45:01 CET 2020
Ping: 25.958 ms
Download: 232.82 Mbit/s
Upload: 19.14 Mbit/s
Fri Dec  4 00:45:01 CET 2020
Ping: 25.012 ms
Download: 256.69 Mbit/s
Upload: 19.86 Mbit/s
Fri Dec  4 01:45:01 CET 2020
Ping: 27.071 ms
Download: 285.12 Mbit/s
Upload: 19.38 Mbit/s
Fri Dec  4 02:45:01 CET 2020
Ping: 33.661 ms
Download: 176.85 Mbit/s
Upload: 19.52 Mbit/s
Fri Dec  4 03:45:01 CET 2020
Ping: 24.826 ms
Download: 276.99 Mbit/s
Upload: 19.67 Mbit/s
Fri Dec  4 04:45:01 CET 2020
Ping: 23.546 ms
Download: 231.17 Mbit/s
Upload: 19.55 Mbit/s
Fri Dec  4 05:45:01 CET 2020
Ping: 23.365 ms
Download: 93.43 Mbit/s
Upload: 19.47 Mbit/s
Fri Dec  4 06:45:01 CET 2020
Ping: 24.99 ms
Download: 344.87 Mbit/s
Upload: 19.61 Mbit/s
Fri Dec  4 07:45:02 CET 2020
Ping: 28.288 ms
Download: 239.24 Mbit/s
Upload: 19.08 Mbit/s
Fri Dec  4 08:45:01 CET 2020
Ping: 25.563 ms
Download: 235.67 Mbit/s
Upload: 19.25 Mbit/s
Fri Dec  4 09:45:02 CET 2020
Ping: 29.821 ms
Download: 199.53 Mbit/s
Upload: 9.42 Mbit/s
Fri Dec  4 10:45:02 CET 2020
Ping: 23.098 ms
Download: 155.56 Mbit/s
Upload: 19.21 Mbit/s
Fri Dec  4 11:45:02 CET 2020
Ping: 35.715 ms
Download: 102.34 Mbit/s
Upload: 19.54 Mbit/s
Fri Dec  4 12:45:01 CET 2020
Ping: 25.573 ms
Download: 246.53 Mbit/s
Upload: 18.91 Mbit/s
Fri Dec  4 13:45:01 CET 2020
Ping: 26.485 ms
Download: 264.75 Mbit/s
Upload: 19.61 Mbit/s
Fri Dec  4 14:45:02 CET 2020
Ping: 26.752 ms
Download: 206.40 Mbit/s
Upload: 19.62 Mbit/s
Fri Dec  4 15:45:01 CET 2020
Ping: 27.661 ms
Download: 206.28 Mbit/s
Upload: 19.22 Mbit/s
Fri Dec  4 16:45:01 CET 2020
Ping: 21.681 ms
Download: 151.67 Mbit/s
Upload: 19.29 Mbit/s
Fri Dec  4 17:45:01 CET 2020
Ping: 24.597 ms
Download: 64.00 Mbit/s
Upload: 19.51 Mbit/s
Fri Dec  4 18:45:01 CET 2020
Ping: 25.835 ms
Download: 233.15 Mbit/s
Upload: 19.75 Mbit/s
Fri Dec  4 19:45:01 CET 2020
Ping: 24.531 ms
Download: 207.39 Mbit/s
Upload: 19.09 Mbit/s
Fri Dec  4 20:45:01 CET 2020
Ping: 24.972 ms
Download: 224.54 Mbit/s
Upload: 19.24 Mbit/s
Fri Dec  4 21:45:01 CET 2020
Ping: 27.402 ms
Download: 226.11 Mbit/s
Upload: 19.21 Mbit/s
Fri Dec  4 22:45:01 CET 2020
Ping: 24.83 ms
Download: 267.23 Mbit/s
Upload: 18.12 Mbit/s
Fri Dec  4 23:45:01 CET 2020
Ping: 25.551 ms
Download: 131.50 Mbit/s
Upload: 18.87 Mbit/s
Sat Dec  5 00:45:01 CET 2020
Ping: 31.816 ms
Download: 155.56 Mbit/s
Upload: 18.87 Mbit/s
Sat Dec  5 01:45:02 CET 2020
Ping: 32.206 ms
Download: 185.01 Mbit/s
Upload: 19.08 Mbit/s
Sat Dec  5 02:45:01 CET 2020
Ping: 33.46 ms
Download: 170.45 Mbit/s
Upload: 19.04 Mbit/s
Sat Dec  5 03:45:01 CET 2020
Ping: 33.487 ms
Download: 233.73 Mbit/s
Upload: 19.52 Mbit/s
Sat Dec  5 04:45:01 CET 2020
Ping: 24.704 ms
Download: 170.38 Mbit/s
Upload: 19.80 Mbit/s
Sat Dec  5 05:45:01 CET 2020
Ping: 25.473 ms
Download: 190.93 Mbit/s
Upload: 19.69 Mbit/s
Sat Dec  5 06:45:01 CET 2020
Ping: 25.545 ms
Download: 125.81 Mbit/s
Upload: 19.67 Mbit/s
Sat Dec  5 07:45:01 CET 2020
Ping: 25.536 ms
Download: 244.33 Mbit/s
Upload: 19.53 Mbit/s
Sat Dec  5 08:45:01 CET 2020
Ping: 27.033 ms
Download: 219.74 Mbit/s
Upload: 19.13 Mbit/s
Sat Dec  5 09:45:01 CET 2020
Ping: 25.094 ms
Download: 109.22 Mbit/s
Upload: 18.88 Mbit/s
Sat Dec  5 10:45:02 CET 2020
Ping: 22.918 ms
Download: 237.69 Mbit/s
Upload: 19.56 Mbit/s
Sat Dec  5 11:45:02 CET 2020
Ping: 27.477 ms
Download: 243.77 Mbit/s
Upload: 19.10 Mbit/s
Sat Dec  5 12:45:01 CET 2020
Ping: 24.962 ms
Download: 138.30 Mbit/s
Upload: 18.85 Mbit/s
Sat Dec  5 13:45:01 CET 2020
Ping: 26.491 ms
Download: 238.44 Mbit/s
Upload: 19.22 Mbit/s
Sat Dec  5 14:45:01 CET 2020
Ping: 29.674 ms
Download: 282.25 Mbit/s
Upload: 18.80 Mbit/s
Sat Dec  5 15:45:01 CET 2020
Ping: 29.366 ms
Download: 279.63 Mbit/s
Upload: 18.96 Mbit/s
Sat Dec  5 16:45:01 CET 2020
Ping: 23.677 ms
Download: 158.85 Mbit/s
Upload: 19.10 Mbit/s
Sat Dec  5 17:45:01 CET 2020
Ping: 26.333 ms
Download: 271.02 Mbit/s
Upload: 18.82 Mbit/s
Sat Dec  5 18:45:01 CET 2020
Ping: 30.509 ms
Download: 218.25 Mbit/s
Upload: 19.31 Mbit/s
Sat Dec  5 19:45:01 CET 2020
Ping: 26.752 ms
Download: 235.54 Mbit/s
Upload: 19.30 Mbit/s
Sat Dec  5 20:45:01 CET 2020
Ping: 26.311 ms
Download: 262.10 Mbit/s
Upload: 19.69 Mbit/s
Sat Dec  5 21:45:01 CET 2020
Ping: 28.482 ms
Download: 233.15 Mbit/s
Upload: 19.31 Mbit/s
Sat Dec  5 22:45:01 CET 2020
Ping: 35.13 ms
Download: 275.56 Mbit/s
Upload: 19.04 Mbit/s
Sat Dec  5 23:45:01 CET 2020
Ping: 29.512 ms
Download: 251.87 Mbit/s
Upload: 18.97 Mbit/s
Sun Dec  6 00:45:01 CET 2020
Ping: 28.37 ms
Download: 241.66 Mbit/s
Upload: 19.02 Mbit/s
Sun Dec  6 01:45:01 CET 2020
Ping: 25.299 ms
Download: 242.69 Mbit/s
Upload: 18.95 Mbit/s
Sun Dec  6 02:45:01 CET 2020
Ping: 22.548 ms
Download: 192.71 Mbit/s
Upload: 19.62 Mbit/s
Sun Dec  6 03:45:01 CET 2020
Ping: 30.381 ms
Download: 172.38 Mbit/s
Upload: 19.83 Mbit/s
Sun Dec  6 04:45:01 CET 2020
Ping: 24.278 ms
Download: 230.82 Mbit/s
Upload: 17.54 Mbit/s
Sun Dec  6 05:45:01 CET 2020
Ping: 25.461 ms
Download: 251.68 Mbit/s
Upload: 19.51 Mbit/s
Sun Dec  6 06:45:01 CET 2020
Ping: 22.913 ms
Download: 232.61 Mbit/s
Upload: 19.69 Mbit/s
Sun Dec  6 07:45:01 CET 2020
Ping: 22.452 ms
Download: 158.65 Mbit/s
Upload: 19.61 Mbit/s
Sun Dec  6 08:45:01 CET 2020
Ping: 22.227 ms
Download: 158.29 Mbit/s
Upload: 19.22 Mbit/s
Sun Dec  6 09:45:01 CET 2020
Ping: 27.653 ms
Download: 174.13 Mbit/s
Upload: 19.39 Mbit/s
Sun Dec  6 10:45:01 CET 2020
Ping: 23.719 ms
Download: 97.98 Mbit/s
Upload: 19.66 Mbit/s
Sun Dec  6 11:45:01 CET 2020
Ping: 25.309 ms
Download: 231.40 Mbit/s
Upload: 19.25 Mbit/s
Sun Dec  6 12:45:01 CET 2020
Ping: 24.343 ms
Download: 125.72 Mbit/s
Upload: 19.60 Mbit/s
Sun Dec  6 13:45:02 CET 2020
Ping: 22.9 ms
Download: 160.73 Mbit/s
Upload: 19.24 Mbit/s
Sun Dec  6 14:45:01 CET 2020
Ping: 26.49 ms
Download: 276.96 Mbit/s
Upload: 19.74 Mbit/s
Sun Dec  6 15:45:01 CET 2020
Ping: 26.174 ms
Download: 328.48 Mbit/s
Upload: 19.74 Mbit/s
Sun Dec  6 16:45:01 CET 2020
Ping: 27.32 ms
Download: 251.81 Mbit/s
Upload: 19.59 Mbit/s
Sun Dec  6 17:45:01 CET 2020
Ping: 27.959 ms
Download: 259.54 Mbit/s
Upload: 19.08 Mbit/s
Sun Dec  6 18:45:01 CET 2020
Ping: 26.759 ms
Download: 226.41 Mbit/s
Upload: 19.06 Mbit/s
Sun Dec  6 19:45:01 CET 2020
Ping: 23.556 ms
Download: 290.02 Mbit/s
Upload: 19.32 Mbit/s
Sun Dec  6 20:45:01 CET 2020
Ping: 24.379 ms
Download: 243.02 Mbit/s
Upload: 19.31 Mbit/s
Sun Dec  6 21:45:01 CET 2020
Ping: 25.708 ms
Download: 201.49 Mbit/s
Upload: 18.94 Mbit/s
Sun Dec  6 22:45:01 CET 2020
Ping: 23.399 ms
Download: 207.00 Mbit/s
Upload: 19.43 Mbit/s
Sun Dec  6 23:45:01 CET 2020
Ping: 28.342 ms
Download: 293.58 Mbit/s
Upload: 19.60 Mbit/s
Mon Dec  7 00:45:02 CET 2020
Ping: 23.249 ms
Download: 131.61 Mbit/s
Upload: 19.63 Mbit/s
Mon Dec  7 01:45:01 CET 2020
Ping: 29.464 ms
Download: 277.09 Mbit/s
Upload: 19.18 Mbit/s
Mon Dec  7 02:45:01 CET 2020
Ping: 25.191 ms
Download: 266.99 Mbit/s
Upload: 19.78 Mbit/s
Mon Dec  7 03:45:01 CET 2020
Ping: 30.95 ms
Download: 260.09 Mbit/s
Upload: 19.10 Mbit/s
Mon Dec  7 04:45:01 CET 2020
Ping: 29.752 ms
Download: 216.90 Mbit/s
Upload: 19.50 Mbit/s
Mon Dec  7 05:45:01 CET 2020
Ping: 33.015 ms
Download: 250.69 Mbit/s
Upload: 18.85 Mbit/s
Mon Dec  7 06:45:01 CET 2020
Ping: 23.497 ms
Download: 122.66 Mbit/s
Upload: 19.11 Mbit/s
Mon Dec  7 07:45:01 CET 2020
Ping: 26.967 ms
Download: 315.84 Mbit/s
Upload: 19.00 Mbit/s
Mon Dec  7 08:45:01 CET 2020
Ping: 22.831 ms
Download: 162.90 Mbit/s
Upload: 19.15 Mbit/s
Mon Dec  7 09:45:01 CET 2020
Ping: 27.082 ms
Download: 189.11 Mbit/s
Upload: 19.60 Mbit/s
Mon Dec  7 10:45:02 CET 2020
Ping: 25.264 ms
Download: 285.82 Mbit/s
Upload: 19.23 Mbit/s
Mon Dec  7 11:45:01 CET 2020
Ping: 30.36 ms
Download: 214.54 Mbit/s
Upload: 19.29 Mbit/s
Mon Dec  7 12:45:01 CET 2020
Ping: 25.221 ms
Download: 145.99 Mbit/s
Upload: 19.15 Mbit/s
Mon Dec  7 13:45:02 CET 2020
Ping: 25.708 ms
Download: 129.74 Mbit/s
Upload: 18.90 Mbit/s
Mon Dec  7 14:45:01 CET 2020
Ping: 27.849 ms
Download: 264.96 Mbit/s
Upload: 18.83 Mbit/s
Mon Dec  7 15:45:01 CET 2020
Ping: 24.505 ms
Download: 262.04 Mbit/s
Upload: 19.49 Mbit/s
Mon Dec  7 16:45:01 CET 2020
Ping: 33.128 ms
Download: 162.57 Mbit/s
Upload: 18.46 Mbit/s
Mon Dec  7 17:45:01 CET 2020
Ping: 23.926 ms
Download: 137.28 Mbit/s
Upload: 18.26 Mbit/s
Mon Dec  7 18:45:01 CET 2020
Ping: 28.368 ms
Download: 191.46 Mbit/s
Upload: 18.70 Mbit/s
Mon Dec  7 19:45:01 CET 2020
Ping: 25.556 ms
Download: 117.31 Mbit/s
Upload: 18.80 Mbit/s
Mon Dec  7 20:45:01 CET 2020
Ping: 23.502 ms
Download: 332.66 Mbit/s
Upload: 19.29 Mbit/s
Mon Dec  7 21:45:02 CET 2020
Ping: 24.88 ms
Download: 139.84 Mbit/s
Upload: 18.81 Mbit/s
Mon Dec  7 22:45:01 CET 2020
Ping: 24.149 ms
Download: 224.90 Mbit/s
Upload: 19.53 Mbit/s
Mon Dec  7 23:45:01 CET 2020
Ping: 26.349 ms
Download: 256.45 Mbit/s
Upload: 19.54 Mbit/s
Tue Dec  8 00:45:01 CET 2020
Ping: 22.748 ms
Download: 150.88 Mbit/s
Upload: 19.83 Mbit/s
Tue Dec  8 01:45:01 CET 2020
Ping: 26.501 ms
Download: 208.42 Mbit/s
Upload: 19.19 Mbit/s
Tue Dec  8 02:45:01 CET 2020
Ping: 27.035 ms
Download: 247.08 Mbit/s
Upload: 19.09 Mbit/s
Tue Dec  8 03:45:01 CET 2020
Ping: 22.818 ms
Download: 123.68 Mbit/s
Upload: 19.33 Mbit/s
Tue Dec  8 04:45:01 CET 2020
Ping: 25.491 ms
Download: 283.83 Mbit/s
Upload: 19.80 Mbit/s
Tue Dec  8 05:45:01 CET 2020
Ping: 23.69 ms
Download: 96.09 Mbit/s
Upload: 19.71 Mbit/s
Tue Dec  8 06:45:01 CET 2020
Ping: 24.122 ms
Download: 258.43 Mbit/s
Upload: 19.62 Mbit/s
Tue Dec  8 07:45:01 CET 2020
Ping: 23.155 ms
Download: 170.13 Mbit/s
Upload: 19.33 Mbit/s
Tue Dec  8 08:45:01 CET 2020
Ping: 25.011 ms
Download: 149.79 Mbit/s
Upload: 19.59 Mbit/s
Tue Dec  8 09:45:01 CET 2020
Ping: 23.711 ms
Download: 113.52 Mbit/s
Upload: 19.42 Mbit/s
Tue Dec  8 10:45:02 CET 2020
Ping: 26.193 ms
Download: 236.56 Mbit/s
Upload: 19.31 Mbit/s
Tue Dec  8 11:45:01 CET 2020
Ping: 20.903 ms
Download: 154.24 Mbit/s
Upload: 19.43 Mbit/s
Tue Dec  8 12:45:01 CET 2020
Ping: 22.906 ms
Download: 163.93 Mbit/s
Upload: 19.64 Mbit/s
Tue Dec  8 13:45:01 CET 2020
Ping: 25.768 ms
Download: 160.38 Mbit/s
Upload: 18.81 Mbit/s
Tue Dec  8 14:45:01 CET 2020
Ping: 26.625 ms
Download: 227.03 Mbit/s
Upload: 19.00 Mbit/s
Tue Dec  8 15:45:01 CET 2020
Ping: 24.284 ms
Download: 77.29 Mbit/s
Upload: 18.65 Mbit/s
Tue Dec  8 16:45:01 CET 2020
Ping: 25.671 ms
Download: 88.10 Mbit/s
Upload: 19.15 Mbit/s
Tue Dec  8 17:45:01 CET 2020
Ping: 25.005 ms
Download: 248.76 Mbit/s
Upload: 19.89 Mbit/s
Tue Dec  8 18:45:01 CET 2020
Ping: 22.198 ms
Download: 134.88 Mbit/s
Upload: 19.49 Mbit/s
Tue Dec  8 19:45:01 CET 2020
Ping: 24.33 ms
Download: 79.06 Mbit/s
Upload: 17.77 Mbit/s
Tue Dec  8 20:45:02 CET 2020
Ping: 25.907 ms
Download: 233.13 Mbit/s
Upload: 19.81 Mbit/s
Tue Dec  8 21:45:01 CET 2020
Ping: 26.64 ms
Download: 248.17 Mbit/s
Upload: 18.94 Mbit/s
Tue Dec  8 22:45:01 CET 2020
Ping: 21.736 ms
Download: 144.62 Mbit/s
Upload: 19.05 Mbit/s
Tue Dec  8 23:45:01 CET 2020
Ping: 26.399 ms
Download: 280.74 Mbit/s
Upload: 19.30 Mbit/s
Wed Dec  9 00:45:01 CET 2020
Ping: 23.19 ms
Download: 56.83 Mbit/s
Upload: 19.55 Mbit/s
Wed Dec  9 01:45:01 CET 2020
Ping: 24.35 ms
Download: 187.06 Mbit/s
Upload: 19.75 Mbit/s
Wed Dec  9 02:45:01 CET 2020
Ping: 20.566 ms
Download: 177.15 Mbit/s
Upload: 19.71 Mbit/s
Wed Dec  9 03:45:01 CET 2020
Ping: 23.969 ms
Download: 107.84 Mbit/s
Upload: 19.70 Mbit/s
Wed Dec  9 04:45:01 CET 2020
Ping: 23.906 ms
Download: 168.24 Mbit/s
Upload: 19.11 Mbit/s
Wed Dec  9 05:45:01 CET 2020
Ping: 24.661 ms
Download: 175.62 Mbit/s
Upload: 19.84 Mbit/s
Wed Dec  9 06:45:01 CET 2020
Ping: 23.748 ms
Download: 257.46 Mbit/s
Upload: 19.64 Mbit/s
Wed Dec  9 07:45:01 CET 2020
Ping: 28.453 ms
Download: 98.00 Mbit/s
Upload: 19.28 Mbit/s
Wed Dec  9 08:45:01 CET 2020
Ping: 25.253 ms
Download: 187.61 Mbit/s
Upload: 19.13 Mbit/s
Wed Dec  9 09:45:01 CET 2020
Ping: 23.234 ms
Download: 307.64 Mbit/s
Upload: 19.17 Mbit/s
Wed Dec  9 10:45:01 CET 2020
Ping: 21.645 ms
Download: 134.53 Mbit/s
Upload: 19.42 Mbit/s
Wed Dec  9 11:45:02 CET 2020
Ping: 21.547 ms
Download: 175.15 Mbit/s
Upload: 19.46 Mbit/s
Wed Dec  9 12:45:01 CET 2020
Ping: 22.331 ms
Download: 105.63 Mbit/s
Upload: 19.43 Mbit/s
Wed Dec  9 13:45:01 CET 2020
Ping: 23.826 ms
Download: 130.80 Mbit/s
Upload: 19.82 Mbit/s
Wed Dec  9 14:45:01 CET 2020
Ping: 25.157 ms
Download: 217.86 Mbit/s
Upload: 19.60 Mbit/s
Wed Dec  9 15:45:01 CET 2020
Ping: 23.498 ms
Download: 137.27 Mbit/s
Upload: 19.85 Mbit/s
Wed Dec  9 16:45:01 CET 2020
Ping: 23.41 ms
Download: 127.42 Mbit/s
Upload: 19.58 Mbit/s
Wed Dec  9 17:45:01 CET 2020
Ping: 22.365 ms
Download: 96.92 Mbit/s
Upload: 19.09 Mbit/s
Wed Dec  9 18:45:01 CET 2020
Ping: 26.899 ms
Download: 265.75 Mbit/s
Upload: 19.45 Mbit/s
Wed Dec  9 19:45:01 CET 2020
Ping: 29.436 ms
Download: 287.99 Mbit/s
Upload: 19.83 Mbit/s
Wed Dec  9 20:45:01 CET 2020
Ping: 25.467 ms
Download: 200.51 Mbit/s
Upload: 19.63 Mbit/s
Wed Dec  9 21:45:01 CET 2020
Ping: 22.472 ms
Download: 86.30 Mbit/s
Upload: 18.97 Mbit/s
Wed Dec  9 22:45:01 CET 2020
Ping: 26.173 ms
Download: 93.69 Mbit/s
Upload: 19.00 Mbit/s
Wed Dec  9 23:45:01 CET 2020
Ping: 23.789 ms
Download: 235.07 Mbit/s
Upload: 19.74 Mbit/s
Thu Dec 10 00:45:01 CET 2020
Ping: 24.515 ms
Download: 250.23 Mbit/s
Upload: 19.59 Mbit/s
Thu Dec 10 01:45:01 CET 2020
Ping: 24.275 ms
Download: 133.70 Mbit/s
Upload: 19.37 Mbit/s
Thu Dec 10 02:45:01 CET 2020
Ping: 24.14 ms
Download: 244.49 Mbit/s
Upload: 19.72 Mbit/s
Thu Dec 10 03:45:01 CET 2020
Ping: 23.202 ms
Download: 152.07 Mbit/s
Upload: 19.42 Mbit/s
Thu Dec 10 04:45:01 CET 2020
Ping: 24.684 ms
Download: 239.57 Mbit/s
Upload: 19.66 Mbit/s
Thu Dec 10 05:45:01 CET 2020
Ping: 23.771 ms
Download: 261.75 Mbit/s
Upload: 19.77 Mbit/s
Thu Dec 10 06:45:01 CET 2020
Ping: 22.527 ms
Download: 154.93 Mbit/s
Upload: 19.45 Mbit/s
Thu Dec 10 07:45:01 CET 2020
Ping: 25.715 ms
Download: 248.50 Mbit/s
Upload: 19.56 Mbit/s
Thu Dec 10 08:45:01 CET 2020
Ping: 25.675 ms
Download: 101.01 Mbit/s
Upload: 19.02 Mbit/s
Thu Dec 10 09:45:01 CET 2020
Ping: 24.328 ms
Download: 270.93 Mbit/s
Upload: 19.78 Mbit/s
Thu Dec 10 10:45:01 CET 2020
Ping: 25.878 ms
Download: 134.69 Mbit/s
Upload: 19.02 Mbit/s
Thu Dec 10 11:45:01 CET 2020
Ping: 25.375 ms
Download: 261.30 Mbit/s
Upload: 19.24 Mbit/s
Thu Dec 10 12:45:01 CET 2020
Ping: 25.584 ms
Download: 281.99 Mbit/s
Upload: 19.05 Mbit/s
Thu Dec 10 13:45:01 CET 2020
Ping: 23.348 ms
Download: 161.03 Mbit/s
Upload: 19.40 Mbit/s
Thu Dec 10 14:45:01 CET 2020
Ping: 26.52 ms
Download: 238.84 Mbit/s
Upload: 19.81 Mbit/s
Thu Dec 10 15:45:01 CET 2020
Ping: 25.496 ms
Download: 237.50 Mbit/s
Upload: 19.42 Mbit/s
Thu Dec 10 16:45:01 CET 2020
Ping: 23.272 ms
Download: 99.06 Mbit/s
Upload: 18.92 Mbit/s
Thu Dec 10 17:45:01 CET 2020
Ping: 24.995 ms
Download: 250.48 Mbit/s
Upload: 19.60 Mbit/s
Thu Dec 10 18:45:01 CET 2020
Ping: 24.503 ms
Download: 162.32 Mbit/s
Upload: 19.49 Mbit/s
Thu Dec 10 19:45:01 CET 2020
Ping: 24.518 ms
Download: 173.47 Mbit/s
Upload: 19.59 Mbit/s
Thu Dec 10 20:45:01 CET 2020
Ping: 29.979 ms
Download: 291.78 Mbit/s
Upload: 19.47 Mbit/s
Thu Dec 10 21:45:02 CET 2020
Ping: 24.482 ms
Download: 155.32 Mbit/s
Upload: 19.84 Mbit/s
Thu Dec 10 22:45:01 CET 2020
Ping: 22.667 ms
Download: 173.15 Mbit/s
Upload: 19.81 Mbit/s
Thu Dec 10 23:45:01 CET 2020
Ping: 24.171 ms
Download: 175.21 Mbit/s
Upload: 19.51 Mbit/s
Fri Dec 11 00:45:02 CET 2020
Ping: 22.805 ms
Download: 232.29 Mbit/s
Upload: 19.31 Mbit/s
Fri Dec 11 01:45:01 CET 2020
Ping: 24.163 ms
Download: 269.33 Mbit/s
Upload: 19.60 Mbit/s
Fri Dec 11 02:45:01 CET 2020
Ping: 22.976 ms
Download: 154.75 Mbit/s
Upload: 19.24 Mbit/s
Fri Dec 11 03:45:01 CET 2020
Ping: 23.105 ms
Download: 186.82 Mbit/s
Upload: 19.79 Mbit/s
Fri Dec 11 04:45:01 CET 2020
Ping: 23.68 ms
Download: 196.10 Mbit/s
Upload: 19.33 Mbit/s
Fri Dec 11 05:45:01 CET 2020
Ping: 21.189 ms
Download: 193.34 Mbit/s
Upload: 19.54 Mbit/s
Fri Dec 11 06:45:02 CET 2020
Ping: 23.313 ms
Download: 242.54 Mbit/s
Upload: 19.63 Mbit/s
Fri Dec 11 07:45:01 CET 2020
Ping: 23.838 ms
Download: 195.34 Mbit/s
Upload: 19.30 Mbit/s
Fri Dec 11 08:45:01 CET 2020
Ping: 30.119 ms
Download: 317.08 Mbit/s
Upload: 19.80 Mbit/s
Fri Dec 11 09:45:01 CET 2020
Ping: 26.305 ms
Download: 323.65 Mbit/s
Upload: 19.70 Mbit/s
Fri Dec 11 10:45:01 CET 2020
Ping: 23.846 ms
Download: 161.20 Mbit/s
Upload: 19.54 Mbit/s
Fri Dec 11 11:45:01 CET 2020
Ping: 24.116 ms
Download: 226.41 Mbit/s
Upload: 18.21 Mbit/s
Fri Dec 11 12:45:01 CET 2020
Ping: 23.297 ms
Download: 182.97 Mbit/s
Upload: 17.92 Mbit/s
Fri Dec 11 13:45:01 CET 2020
Ping: 21.801 ms
Download: 198.13 Mbit/s
Upload: 19.78 Mbit/s
Fri Dec 11 14:45:01 CET 2020
Ping: 23.188 ms
Download: 152.88 Mbit/s
Upload: 19.51 Mbit/s
Fri Dec 11 15:45:02 CET 2020
Ping: 27.907 ms
Download: 261.06 Mbit/s
Upload: 18.75 Mbit/s
Fri Dec 11 16:45:01 CET 2020
Ping: 23.167 ms
Download: 279.00 Mbit/s
Upload: 19.71 Mbit/s
Fri Dec 11 17:45:01 CET 2020
Ping: 23.309 ms
Download: 195.37 Mbit/s
Upload: 19.75 Mbit/s
Fri Dec 11 18:45:01 CET 2020
Ping: 24.494 ms
Download: 132.98 Mbit/s
Upload: 19.31 Mbit/s
Fri Dec 11 19:45:01 CET 2020
Ping: 21.971 ms
Download: 199.69 Mbit/s
Upload: 18.82 Mbit/s
Fri Dec 11 20:45:01 CET 2020
Ping: 24.387 ms
Download: 156.94 Mbit/s
Upload: 19.50 Mbit/s
Fri Dec 11 21:45:01 CET 2020
Ping: 33.681 ms
Download: 218.05 Mbit/s
Upload: 19.48 Mbit/s
Fri Dec 11 22:45:01 CET 2020
Ping: 24.484 ms
Download: 187.14 Mbit/s
Upload: 19.80 Mbit/s
Fri Dec 11 23:45:01 CET 2020
Ping: 24.007 ms
Download: 282.13 Mbit/s
Upload: 19.60 Mbit/s
Sat Dec 12 00:45:01 CET 2020
Ping: 23.011 ms
Download: 188.52 Mbit/s
Upload: 19.73 Mbit/s
Sat Dec 12 01:45:01 CET 2020
Ping: 29.173 ms
Download: 280.15 Mbit/s
Upload: 18.96 Mbit/s
Sat Dec 12 02:45:01 CET 2020
Ping: 24.825 ms
Download: 221.67 Mbit/s
Upload: 19.36 Mbit/s
Sat Dec 12 03:45:01 CET 2020
Ping: 24.173 ms
Download: 170.71 Mbit/s
Upload: 19.33 Mbit/s
Sat Dec 12 04:45:01 CET 2020
Ping: 22.135 ms
Download: 174.72 Mbit/s
Upload: 19.84 Mbit/s
Sat Dec 12 05:45:01 CET 2020
Ping: 23.142 ms
Download: 177.62 Mbit/s
Upload: 19.30 Mbit/s
Sat Dec 12 06:45:01 CET 2020
Ping: 25.066 ms
Download: 242.03 Mbit/s
Upload: 19.41 Mbit/s
Sat Dec 12 07:45:02 CET 2020
Ping: 21.248 ms
Download: 212.79 Mbit/s
Upload: 19.68 Mbit/s
Sat Dec 12 08:45:01 CET 2020
Ping: 22.154 ms
Download: 211.73 Mbit/s
Upload: 19.81 Mbit/s
Sat Dec 12 09:45:01 CET 2020
Ping: 23.8 ms
Download: 215.24 Mbit/s
Upload: 19.76 Mbit/s
Sat Dec 12 10:45:01 CET 2020
Ping: 29.352 ms
Download: 287.10 Mbit/s
Upload: 18.42 Mbit/s
Sat Dec 12 11:45:01 CET 2020
Ping: 23.536 ms
Download: 161.43 Mbit/s
Upload: 19.52 Mbit/s
Sat Dec 12 12:45:01 CET 2020
Ping: 26.154 ms
Download: 238.74 Mbit/s
Upload: 19.37 Mbit/s
Sat Dec 12 13:45:01 CET 2020
Ping: 22.276 ms
Download: 176.07 Mbit/s
Upload: 19.61 Mbit/s
Sat Dec 12 14:45:02 CET 2020
Ping: 22.132 ms
Download: 197.22 Mbit/s
Upload: 19.23 Mbit/s
Sat Dec 12 15:45:01 CET 2020
Ping: 25.322 ms
Download: 228.73 Mbit/s
Upload: 19.10 Mbit/s
Sat Dec 12 16:45:01 CET 2020
Ping: 22.987 ms
Download: 199.64 Mbit/s
Upload: 19.45 Mbit/s
Sat Dec 12 17:45:01 CET 2020
Ping: 24.066 ms
Download: 217.49 Mbit/s
Upload: 19.03 Mbit/s
Sat Dec 12 18:45:01 CET 2020
Ping: 24.691 ms
Download: 187.11 Mbit/s
Upload: 19.38 Mbit/s
Sat Dec 12 19:45:02 CET 2020
Ping: 21.23 ms
Download: 215.39 Mbit/s
Upload: 19.75 Mbit/s
Sat Dec 12 20:45:01 CET 2020
Ping: 23.701 ms
Download: 183.30 Mbit/s
Upload: 19.51 Mbit/s
Sat Dec 12 21:45:01 CET 2020
Ping: 24.703 ms
Download: 199.10 Mbit/s
Upload: 19.22 Mbit/s
Sat Dec 12 22:45:01 CET 2020
Ping: 32.147 ms
Download: 215.39 Mbit/s
Upload: 19.46 Mbit/s
Sat Dec 12 23:45:01 CET 2020
Ping: 22.466 ms
Download: 195.34 Mbit/s
Upload: 19.30 Mbit/s
Sun Dec 13 00:45:01 CET 2020
Ping: 22.986 ms
Download: 206.41 Mbit/s
Upload: 18.84 Mbit/s
Sun Dec 13 01:45:01 CET 2020
Ping: 24.639 ms
Download: 174.06 Mbit/s
Upload: 19.51 Mbit/s
Sun Dec 13 02:45:01 CET 2020
Ping: 23.141 ms
Download: 183.88 Mbit/s
Upload: 19.80 Mbit/s
Sun Dec 13 03:45:01 CET 2020
Ping: 21.854 ms
Download: 193.89 Mbit/s
Upload: 19.01 Mbit/s
Sun Dec 13 04:45:01 CET 2020
Ping: 31.547 ms
Download: 214.51 Mbit/s
Upload: 19.49 Mbit/s
Sun Dec 13 05:45:01 CET 2020
Ping: 24.48 ms
Download: 195.82 Mbit/s
Upload: 19.43 Mbit/s
Sun Dec 13 06:45:01 CET 2020
Ping: 24.37 ms
Download: 236.97 Mbit/s
Upload: 19.86 Mbit/s
Sun Dec 13 07:45:01 CET 2020
Ping: 23.434 ms
Download: 208.45 Mbit/s
Upload: 19.44 Mbit/s
Sun Dec 13 08:45:01 CET 2020
Ping: 23.34 ms
Download: 252.85 Mbit/s
Upload: 19.63 Mbit/s
Sun Dec 13 09:45:01 CET 2020
Ping: 24.019 ms
Download: 246.50 Mbit/s
Upload: 19.35 Mbit/s
Sun Dec 13 10:45:01 CET 2020
Ping: 25.304 ms
Download: 199.10 Mbit/s
Upload: 18.86 Mbit/s
Sun Dec 13 11:45:01 CET 2020
Ping: 25.157 ms
Download: 272.44 Mbit/s
Upload: 19.54 Mbit/s
Sun Dec 13 12:45:01 CET 2020
Ping: 30.353 ms
Download: 283.34 Mbit/s
Upload: 19.08 Mbit/s
Sun Dec 13 13:45:01 CET 2020
Ping: 24.969 ms
Download: 195.03 Mbit/s
Upload: 19.29 Mbit/s
Sun Dec 13 14:45:01 CET 2020
Ping: 23.327 ms
Download: 205.50 Mbit/s
Upload: 19.62 Mbit/s
Sun Dec 13 15:45:01 CET 2020
Ping: 22.631 ms
Download: 128.47 Mbit/s
Upload: 7.19 Mbit/s
Sun Dec 13 16:45:01 CET 2020
Ping: 25.341 ms
Download: 305.36 Mbit/s
Upload: 12.99 Mbit/s
Sun Dec 13 17:45:01 CET 2020
Ping: 22.323 ms
Download: 189.52 Mbit/s
Upload: 18.85 Mbit/s
Sun Dec 13 18:45:01 CET 2020
Ping: 23.891 ms
Download: 290.69 Mbit/s
Upload: 19.51 Mbit/s
Sun Dec 13 19:45:01 CET 2020
Ping: 23.52 ms
Download: 181.56 Mbit/s
Upload: 19.59 Mbit/s
Sun Dec 13 20:45:01 CET 2020
Ping: 25.35 ms
Download: 220.69 Mbit/s
Upload: 19.75 Mbit/s
Sun Dec 13 21:45:01 CET 2020
Ping: 28.641 ms
Download: 339.32 Mbit/s
Upload: 19.22 Mbit/s
Sun Dec 13 22:45:01 CET 2020
Ping: 24.834 ms
Download: 188.94 Mbit/s
Upload: 19.37 Mbit/s
Sun Dec 13 23:45:01 CET 2020
Ping: 32.518 ms
Download: 262.78 Mbit/s
Upload: 18.83 Mbit/s
Mon Dec 14 00:45:01 CET 2020
Ping: 23.089 ms
Download: 264.18 Mbit/s
Upload: 19.39 Mbit/s
Mon Dec 14 01:45:01 CET 2020
Ping: 24.128 ms
Download: 211.95 Mbit/s
Upload: 19.41 Mbit/s
Mon Dec 14 02:45:01 CET 2020
Ping: 32.133 ms
Download: 209.57 Mbit/s
Upload: 19.58 Mbit/s
Mon Dec 14 03:45:01 CET 2020
Ping: 25.467 ms
Download: 221.29 Mbit/s
Upload: 19.34 Mbit/s
Mon Dec 14 04:45:01 CET 2020
Ping: 22.143 ms
Download: 182.41 Mbit/s
Upload: 19.84 Mbit/s
Mon Dec 14 05:45:01 CET 2020
Ping: 22.692 ms
Download: 242.45 Mbit/s
Upload: 19.05 Mbit/s
Mon Dec 14 06:45:01 CET 2020
Ping: 23.735 ms
Download: 202.81 Mbit/s
Upload: 19.58 Mbit/s
Mon Dec 14 07:45:01 CET 2020
Ping: 22.951 ms
Download: 163.77 Mbit/s
Upload: 18.94 Mbit/s
Mon Dec 14 08:45:01 CET 2020
Ping: 24.126 ms
Download: 173.88 Mbit/s
Upload: 19.40 Mbit/s
Mon Dec 14 09:45:01 CET 2020
Ping: 29.544 ms
Download: 216.33 Mbit/s
Upload: 18.55 Mbit/s
Mon Dec 14 10:45:01 CET 2020
Ping: 23.997 ms
Download: 225.48 Mbit/s
Upload: 18.78 Mbit/s
Mon Dec 14 11:45:01 CET 2020
Ping: 22.507 ms
Download: 179.54 Mbit/s
Upload: 19.66 Mbit/s
Mon Dec 14 12:45:01 CET 2020
Ping: 24.612 ms
Download: 298.06 Mbit/s
Upload: 19.52 Mbit/s
Mon Dec 14 13:45:01 CET 2020
Ping: 23.994 ms
Download: 186.26 Mbit/s
Upload: 19.73 Mbit/s
Mon Dec 14 14:45:01 CET 2020
Ping: 30.828 ms
Download: 212.50 Mbit/s
Upload: 18.93 Mbit/s
Mon Dec 14 15:45:01 CET 2020
Ping: 24.968 ms
Download: 175.14 Mbit/s
Upload: 18.15 Mbit/s
Mon Dec 14 16:45:01 CET 2020
Ping: 21.457 ms
Download: 250.69 Mbit/s
Upload: 19.06 Mbit/s
Mon Dec 14 17:45:01 CET 2020
Ping: 23.872 ms
Download: 239.90 Mbit/s
Upload: 19.16 Mbit/s
Mon Dec 14 18:45:01 CET 2020
Ping: 24.489 ms
Download: 159.83 Mbit/s
Upload: 19.68 Mbit/s
Mon Dec 14 19:45:01 CET 2020
Ping: 25.145 ms
Download: 184.04 Mbit/s
Upload: 19.24 Mbit/s
Mon Dec 14 20:45:01 CET 2020
Ping: 29.577 ms
Download: 269.44 Mbit/s
Upload: 18.66 Mbit/s
Mon Dec 14 21:45:01 CET 2020
Ping: 24.427 ms
Download: 198.32 Mbit/s
Upload: 19.48 Mbit/s
Mon Dec 14 22:45:01 CET 2020
Ping: 24.464 ms
Download: 201.62 Mbit/s
Upload: 19.40 Mbit/s
Mon Dec 14 23:45:01 CET 2020
Ping: 22.878 ms
Download: 346.55 Mbit/s
Upload: 19.73 Mbit/s
Tue Dec 15 00:45:01 CET 2020
Ping: 23.698 ms
Download: 201.92 Mbit/s
Upload: 19.65 Mbit/s
Tue Dec 15 01:45:01 CET 2020
Ping: 23.997 ms
Download: 202.41 Mbit/s
Upload: 19.88 Mbit/s
Tue Dec 15 02:45:01 CET 2020
Ping: 22.159 ms
Download: 246.08 Mbit/s
Upload: 19.62 Mbit/s
Tue Dec 15 03:45:01 CET 2020
Ping: 23.819 ms
Download: 195.37 Mbit/s
Upload: 19.65 Mbit/s
Tue Dec 15 04:45:01 CET 2020
Ping: 22.634 ms
Download: 169.31 Mbit/s
Upload: 19.05 Mbit/s
Tue Dec 15 05:45:01 CET 2020
Ping: 28.782 ms
Download: 208.89 Mbit/s
Upload: 19.51 Mbit/s
Tue Dec 15 06:45:01 CET 2020
Ping: 22.988 ms
Download: 201.15 Mbit/s
Upload: 19.34 Mbit/s
Tue Dec 15 07:45:02 CET 2020
Ping: 22.942 ms
Download: 248.35 Mbit/s
Upload: 19.41 Mbit/s
Tue Dec 15 08:45:01 CET 2020
Ping: 24.998 ms
Download: 186.53 Mbit/s
Upload: 19.85 Mbit/s
Tue Dec 15 09:45:01 CET 2020
Ping: 23.809 ms
Download: 183.16 Mbit/s
Upload: 19.44 Mbit/s
Tue Dec 15 10:45:01 CET 2020
Ping: 28.15 ms
Download: 228.83 Mbit/s
Upload: 18.30 Mbit/s
Tue Dec 15 11:45:02 CET 2020
Ping: 23.701 ms
Download: 238.29 Mbit/s
Upload: 19.73 Mbit/s
Tue Dec 15 12:45:01 CET 2020
Ping: 23.715 ms
Download: 196.06 Mbit/s
Upload: 18.60 Mbit/s
Tue Dec 15 13:45:01 CET 2020
Ping: 22.003 ms
Download: 119.29 Mbit/s
Upload: 19.14 Mbit/s
Tue Dec 15 14:45:01 CET 2020
Ping: 22.0 ms
Download: 165.71 Mbit/s
Upload: 19.42 Mbit/s
Tue Dec 15 15:45:01 CET 2020
Ping: 22.58 ms
Download: 200.30 Mbit/s
Upload: 19.44 Mbit/s
Tue Dec 15 16:45:01 CET 2020
Ping: 23.528 ms
Download: 225.79 Mbit/s
Upload: 18.05 Mbit/s
Tue Dec 15 17:45:01 CET 2020
Ping: 22.824 ms
Download: 199.70 Mbit/s
Upload: 19.12 Mbit/s
Tue Dec 15 18:45:01 CET 2020
Ping: 23.188 ms
Download: 167.14 Mbit/s
Upload: 19.79 Mbit/s
Tue Dec 15 19:45:01 CET 2020
Ping: 25.13 ms
Download: 180.10 Mbit/s
Upload: 19.34 Mbit/s
Tue Dec 15 20:45:01 CET 2020
Ping: 25.121 ms
Download: 170.72 Mbit/s
Upload: 19.83 Mbit/s
Tue Dec 15 21:45:02 CET 2020
Ping: 23.239 ms
Download: 207.17 Mbit/s
Upload: 19.83 Mbit/s
Tue Dec 15 22:45:01 CET 2020
Ping: 23.942 ms
Download: 199.35 Mbit/s
Upload: 19.42 Mbit/s
Tue Dec 15 23:45:01 CET 2020
Ping: 24.646 ms
Download: 166.43 Mbit/s
Upload: 19.41 Mbit/s
Wed Dec 16 00:45:01 CET 2020
Ping: 22.642 ms
Download: 201.55 Mbit/s
Upload: 19.44 Mbit/s
Wed Dec 16 01:45:01 CET 2020
Ping: 23.242 ms
Download: 232.58 Mbit/s
Upload: 19.55 Mbit/s
Wed Dec 16 02:45:02 CET 2020
Ping: 22.388 ms
Download: 241.96 Mbit/s
Upload: 19.73 Mbit/s
Wed Dec 16 03:45:01 CET 2020
Ping: 21.501 ms
Download: 201.09 Mbit/s
Upload: 19.59 Mbit/s
Wed Dec 16 04:45:01 CET 2020
Ping: 23.503 ms
Download: 167.40 Mbit/s
Upload: 19.75 Mbit/s
Wed Dec 16 05:45:01 CET 2020
Ping: 25.104 ms
Download: 210.16 Mbit/s
Upload: 19.44 Mbit/s
Wed Dec 16 06:45:01 CET 2020
Ping: 23.792 ms
Download: 215.38 Mbit/s
Upload: 19.75 Mbit/s
Wed Dec 16 07:45:01 CET 2020
Ping: 22.993 ms
Download: 266.60 Mbit/s
Upload: 19.44 Mbit/s
Wed Dec 16 08:45:01 CET 2020
Ping: 21.653 ms
Download: 132.66 Mbit/s
Upload: 18.92 Mbit/s
Wed Dec 16 09:45:01 CET 2020
Ping: 23.924 ms
Download: 274.56 Mbit/s
Upload: 19.72 Mbit/s
Wed Dec 16 10:45:01 CET 2020
Ping: 24.803 ms
Download: 186.76 Mbit/s
Upload: 19.77 Mbit/s
Wed Dec 16 11:45:01 CET 2020
Ping: 26.324 ms
Download: 210.13 Mbit/s
Upload: 19.55 Mbit/s
Wed Dec 16 12:45:01 CET 2020
Ping: 24.344 ms
Download: 189.17 Mbit/s
Upload: 19.47 Mbit/s
Wed Dec 16 13:45:01 CET 2020
Ping: 23.97 ms
Download: 171.80 Mbit/s
Upload: 19.74 Mbit/s
Wed Dec 16 14:45:01 CET 2020
Ping: 30.37 ms
Download: 197.64 Mbit/s
Upload: 19.35 Mbit/s
Wed Dec 16 15:45:01 CET 2020
Ping: 33.785 ms
Download: 209.97 Mbit/s
Upload: 19.63 Mbit/s
Wed Dec 16 16:45:02 CET 2020
Ping: 34.08 ms
Download: 275.10 Mbit/s
Upload: 18.38 Mbit/s
Wed Dec 16 17:45:01 CET 2020
Ping: 25.288 ms
Download: 192.35 Mbit/s
Upload: 17.40 Mbit/s
Wed Dec 16 18:45:01 CET 2020
Ping: 25.782 ms
Download: 244.65 Mbit/s
Upload: 19.43 Mbit/s
Wed Dec 16 19:45:01 CET 2020
Ping: 28.363 ms
Download: 295.94 Mbit/s
Upload: 18.21 Mbit/s
Wed Dec 16 20:45:01 CET 2020
Ping: 27.396 ms
Download: 276.44 Mbit/s
Upload: 19.52 Mbit/s
Wed Dec 16 21:45:01 CET 2020
Ping: 21.676 ms
Download: 211.61 Mbit/s
Upload: 18.53 Mbit/s
Wed Dec 16 22:45:01 CET 2020
Ping: 24.353 ms
Download: 238.20 Mbit/s
Upload: 19.53 Mbit/s
Wed Dec 16 23:45:01 CET 2020
Ping: 23.517 ms
Download: 200.89 Mbit/s
Upload: 19.71 Mbit/s
Thu Dec 17 00:45:02 CET 2020
Ping: 25.228 ms
Download: 275.81 Mbit/s
Upload: 19.13 Mbit/s
Thu Dec 17 01:45:01 CET 2020
Ping: 22.353 ms
Download: 188.66 Mbit/s
Upload: 19.66 Mbit/s
Thu Dec 17 02:45:01 CET 2020
Ping: 25.003 ms
Download: 228.15 Mbit/s
Upload: 19.32 Mbit/s
Thu Dec 17 03:45:01 CET 2020
Ping: 28.191 ms
Download: 238.49 Mbit/s
Upload: 19.12 Mbit/s
Thu Dec 17 04:45:01 CET 2020
Ping: 23.331 ms
Download: 211.05 Mbit/s
Upload: 19.30 Mbit/s
Thu Dec 17 05:45:01 CET 2020
Ping: 23.183 ms
Download: 224.02 Mbit/s
Upload: 19.30 Mbit/s
Thu Dec 17 06:45:01 CET 2020
Ping: 23.147 ms
Download: 198.23 Mbit/s
Upload: 19.72 Mbit/s
Thu Dec 17 07:45:01 CET 2020
Ping: 24.961 ms
Download: 165.96 Mbit/s
Upload: 19.44 Mbit/s
Thu Dec 17 08:45:01 CET 2020
Ping: 22.299 ms
Download: 189.05 Mbit/s
Upload: 19.23 Mbit/s
Thu Dec 17 09:45:01 CET 2020
Ping: 24.198 ms
Download: 298.53 Mbit/s
Upload: 19.27 Mbit/s
Thu Dec 17 10:45:02 CET 2020
Ping: 24.292 ms
Download: 159.11 Mbit/s
Upload: 19.48 Mbit/s
Thu Dec 17 11:45:01 CET 2020
Ping: 26.439 ms
Download: 241.56 Mbit/s
Upload: 18.27 Mbit/s
Thu Dec 17 12:45:01 CET 2020
Ping: 24.538 ms
Download: 233.27 Mbit/s
Upload: 19.20 Mbit/s
Thu Dec 17 13:45:01 CET 2020
Ping: 25.434 ms
Download: 193.24 Mbit/s
Upload: 19.56 Mbit/s
Thu Dec 17 14:45:01 CET 2020
Ping: 23.472 ms
Download: 169.26 Mbit/s
Upload: 19.16 Mbit/s
Thu Dec 17 15:45:01 CET 2020
Ping: 24.5 ms
Download: 282.57 Mbit/s
Upload: 19.28 Mbit/s
Thu Dec 17 16:45:01 CET 2020
Ping: 26.031 ms
Download: 304.01 Mbit/s
Upload: 19.42 Mbit/s
Thu Dec 17 17:45:01 CET 2020
Ping: 23.479 ms
Download: 158.13 Mbit/s
Upload: 19.70 Mbit/s
Thu Dec 17 18:45:01 CET 2020
Ping: 24.008 ms
Download: 183.18 Mbit/s
Upload: 19.43 Mbit/s
Thu Dec 17 19:45:01 CET 2020
Ping: 24.339 ms
Download: 239.43 Mbit/s
Upload: 19.27 Mbit/s
Thu Dec 17 20:45:01 CET 2020
Ping: 24.183 ms
Download: 238.32 Mbit/s
Upload: 19.76 Mbit/s
Thu Dec 17 21:45:02 CET 2020
Ping: 24.538 ms
Download: 246.48 Mbit/s
Upload: 19.03 Mbit/s
Thu Dec 17 22:45:01 CET 2020
Ping: 30.988 ms
Download: 261.07 Mbit/s
Upload: 19.36 Mbit/s
Thu Dec 17 23:45:01 CET 2020
Ping: 23.789 ms
Download: 196.25 Mbit/s
Upload: 19.50 Mbit/s
Fri Dec 18 00:45:01 CET 2020
Ping: 24.35 ms
Download: 227.65 Mbit/s
Upload: 19.64 Mbit/s
Fri Dec 18 01:45:01 CET 2020
Ping: 24.503 ms
Download: 289.73 Mbit/s
Upload: 19.68 Mbit/s
Fri Dec 18 02:45:01 CET 2020
Ping: 21.961 ms
Download: 208.12 Mbit/s
Upload: 19.70 Mbit/s
Fri Dec 18 03:45:01 CET 2020
Ping: 25.161 ms
Download: 223.29 Mbit/s
Upload: 19.71 Mbit/s
Fri Dec 18 04:45:02 CET 2020
Ping: 22.692 ms
Download: 250.13 Mbit/s
Upload: 19.60 Mbit/s
Fri Dec 18 05:45:02 CET 2020
Ping: 22.248 ms
Download: 190.63 Mbit/s
Upload: 19.70 Mbit/s
Fri Dec 18 06:45:01 CET 2020
Ping: 24.475 ms
Download: 139.85 Mbit/s
Upload: 15.03 Mbit/s
Fri Dec 18 07:45:01 CET 2020
Ping: 25.15 ms
Download: 182.89 Mbit/s
Upload: 18.77 Mbit/s
Fri Dec 18 08:45:01 CET 2020
Ping: 23.864 ms
Download: 189.86 Mbit/s
Upload: 19.68 Mbit/s
Fri Dec 18 09:45:02 CET 2020
Ping: 22.124 ms
Download: 222.11 Mbit/s
Upload: 19.54 Mbit/s
Fri Dec 18 10:45:01 CET 2020
Ping: 24.294 ms
Download: 167.99 Mbit/s
Upload: 19.35 Mbit/s
Fri Dec 18 11:45:01 CET 2020
Ping: 24.009 ms
Download: 275.88 Mbit/s
Upload: 15.68 Mbit/s
Fri Dec 18 12:45:01 CET 2020
Ping: 22.461 ms
Download: 171.61 Mbit/s
Upload: 19.59 Mbit/s
Fri Dec 18 13:45:01 CET 2020
Ping: 23.861 ms
Download: 288.30 Mbit/s
Upload: 19.42 Mbit/s
Fri Dec 18 14:45:01 CET 2020
Ping: 24.65 ms
Download: 151.31 Mbit/s
Upload: 19.13 Mbit/s
Fri Dec 18 15:45:02 CET 2020
Ping: 22.854 ms
Download: 183.85 Mbit/s
Upload: 19.38 Mbit/s
Fri Dec 18 16:45:01 CET 2020
Ping: 21.905 ms
Download: 241.97 Mbit/s
Upload: 19.70 Mbit/s
Fri Dec 18 17:45:02 CET 2020
Ping: 25.04 ms
Download: 214.45 Mbit/s
Upload: 19.44 Mbit/s
Fri Dec 18 18:45:01 CET 2020
Ping: 25.373 ms
Download: 251.61 Mbit/s
Upload: 19.37 Mbit/s
Fri Dec 18 19:45:01 CET 2020
Ping: 25.179 ms
Download: 259.01 Mbit/s
Upload: 19.69 Mbit/s
Fri Dec 18 20:45:01 CET 2020
Ping: 23.76 ms
Download: 276.41 Mbit/s
Upload: 19.81 Mbit/s
Fri Dec 18 21:45:01 CET 2020
Ping: 28.515 ms
Download: 186.58 Mbit/s
Upload: 19.82 Mbit/s
Fri Dec 18 22:45:01 CET 2020
Ping: 25.075 ms
Download: 260.95 Mbit/s
Upload: 19.77 Mbit/s
Fri Dec 18 23:45:01 CET 2020
Ping: 25.966 ms
Download: 221.46 Mbit/s
Upload: 19.45 Mbit/s
Sat Dec 19 00:45:01 CET 2020
Ping: 26.146 ms
Download: 194.74 Mbit/s
Upload: 19.73 Mbit/s
Sat Dec 19 01:45:01 CET 2020
Ping: 21.929 ms
Download: 277.40 Mbit/s
Upload: 19.58 Mbit/s
Sat Dec 19 02:45:01 CET 2020
Ping: 25.168 ms
Download: 238.28 Mbit/s
Upload: 19.59 Mbit/s
Sat Dec 19 03:45:01 CET 2020
Ping: 20.545 ms
Download: 199.02 Mbit/s
Upload: 19.62 Mbit/s
Sat Dec 19 04:45:01 CET 2020
Ping: 21.824 ms
Download: 200.86 Mbit/s
Upload: 19.81 Mbit/s
Sat Dec 19 05:45:01 CET 2020
Ping: 23.67 ms
Download: 234.99 Mbit/s
Upload: 19.42 Mbit/s
Sat Dec 19 06:45:01 CET 2020
Ping: 25.932 ms
Download: 205.38 Mbit/s
Upload: 19.46 Mbit/s
Sat Dec 19 07:45:01 CET 2020
Ping: 23.63 ms
Download: 223.37 Mbit/s
Upload: 19.30 Mbit/s
Sat Dec 19 08:45:01 CET 2020
Ping: 24.929 ms
Download: 244.90 Mbit/s
Upload: 19.51 Mbit/s
Sat Dec 19 09:45:02 CET 2020
Ping: 20.703 ms
Download: 238.56 Mbit/s
Upload: 19.72 Mbit/s
Sat Dec 19 10:45:01 CET 2020
Ping: 23.17 ms
Download: 189.15 Mbit/s
Upload: 19.62 Mbit/s
Sat Dec 19 11:45:01 CET 2020
Ping: 24.058 ms
Download: 245.81 Mbit/s
Upload: 19.63 Mbit/s
Sat Dec 19 12:45:01 CET 2020
Ping: 25.022 ms
Download: 263.86 Mbit/s
Upload: 19.62 Mbit/s
Sat Dec 19 13:45:02 CET 2020
Ping: 25.684 ms
Download: 255.40 Mbit/s
Upload: 19.55 Mbit/s
Sat Dec 19 14:45:01 CET 2020
Ping: 27.285 ms
Download: 184.55 Mbit/s
Upload: 19.24 Mbit/s
Sat Dec 19 15:45:02 CET 2020
Ping: 25.213 ms
Download: 259.94 Mbit/s
Upload: 19.46 Mbit/s
Sat Dec 19 16:45:01 CET 2020
Ping: 24.657 ms
Download: 183.22 Mbit/s
Upload: 19.36 Mbit/s
Sat Dec 19 17:45:01 CET 2020
Ping: 22.178 ms
Download: 183.25 Mbit/s
Upload: 19.14 Mbit/s
Sat Dec 19 18:45:01 CET 2020
Ping: 25.198 ms
Download: 183.39 Mbit/s
Upload: 17.88 Mbit/s
Sat Dec 19 19:45:01 CET 2020
Ping: 22.502 ms
Download: 172.81 Mbit/s
Upload: 17.49 Mbit/s
Sat Dec 19 20:45:01 CET 2020
Ping: 24.482 ms
Download: 186.25 Mbit/s
Upload: 19.64 Mbit/s
Sat Dec 19 21:45:02 CET 2020
Ping: 23.709 ms
Download: 259.94 Mbit/s
Upload: 19.49 Mbit/s
Sat Dec 19 22:45:01 CET 2020
Ping: 24.338 ms
Download: 270.55 Mbit/s
Upload: 19.11 Mbit/s
Sat Dec 19 23:45:01 CET 2020
Ping: 23.109 ms
Download: 170.84 Mbit/s
Upload: 19.58 Mbit/s
Sun Dec 20 00:45:01 CET 2020
Ping: 25.17 ms
Download: 213.83 Mbit/s
Upload: 19.48 Mbit/s
Sun Dec 20 01:45:01 CET 2020
Ping: 23.709 ms
Download: 246.72 Mbit/s
Upload: 19.81 Mbit/s
Sun Dec 20 02:45:01 CET 2020
Ping: 24.851 ms
Download: 202.87 Mbit/s
Upload: 19.50 Mbit/s
Sun Dec 20 03:45:01 CET 2020
Ping: 24.163 ms
Download: 202.80 Mbit/s
Upload: 19.10 Mbit/s
Sun Dec 20 04:45:01 CET 2020
Ping: 22.316 ms
Download: 178.45 Mbit/s
Upload: 19.74 Mbit/s
Sun Dec 20 05:45:01 CET 2020
Ping: 20.723 ms
Download: 191.98 Mbit/s
Upload: 19.71 Mbit/s
Sun Dec 20 06:45:01 CET 2020
Ping: 24.335 ms
Download: 203.19 Mbit/s
Upload: 19.63 Mbit/s
Sun Dec 20 07:45:01 CET 2020
Ping: 23.494 ms
Download: 205.30 Mbit/s
Upload: 19.42 Mbit/s
Sun Dec 20 08:45:01 CET 2020
Ping: 23.632 ms
Download: 17.84 Mbit/s
Upload: 17.74 Mbit/s
Sun Dec 20 09:45:02 CET 2020
Ping: 22.56 ms
Download: 239.30 Mbit/s
Upload: 19.54 Mbit/s
Sun Dec 20 10:45:01 CET 2020
Ping: 24.791 ms
Download: 181.57 Mbit/s
Upload: 19.65 Mbit/s
Sun Dec 20 11:45:01 CET 2020
Ping: 23.367 ms
Download: 207.26 Mbit/s
Upload: 19.66 Mbit/s
Sun Dec 20 12:45:01 CET 2020
Ping: 24.118 ms
Download: 170.10 Mbit/s
Upload: 19.51 Mbit/s
Sun Dec 20 13:45:01 CET 2020
Ping: 24.014 ms
Download: 233.85 Mbit/s
Upload: 19.77 Mbit/s
Sun Dec 20 14:45:01 CET 2020
Ping: 28.087 ms
Download: 250.68 Mbit/s
Upload: 18.76 Mbit/s
Sun Dec 20 15:45:01 CET 2020
Ping: 23.996 ms
Download: 190.32 Mbit/s
Upload: 19.77 Mbit/s
Sun Dec 20 16:45:01 CET 2020
Ping: 24.854 ms
Download: 355.69 Mbit/s
Upload: 19.58 Mbit/s
Sun Dec 20 17:45:01 CET 2020
Ping: 26.524 ms
Download: 234.92 Mbit/s
Upload: 17.56 Mbit/s
Sun Dec 20 18:45:01 CET 2020
Ping: 26.347 ms
Download: 288.09 Mbit/s
Upload: 16.63 Mbit/s
Sun Dec 20 19:45:01 CET 2020
Ping: 22.519 ms
Download: 324.85 Mbit/s
Upload: 19.00 Mbit/s
Sun Dec 20 20:45:01 CET 2020
Ping: 23.673 ms
Download: 201.40 Mbit/s
Upload: 19.84 Mbit/s
Sun Dec 20 21:45:01 CET 2020
Ping: 22.641 ms
Download: 16.83 Mbit/s
Upload: 17.86 Mbit/s
Sun Dec 20 22:45:01 CET 2020
Ping: 24.269 ms
Download: 255.47 Mbit/s
Upload: 18.81 Mbit/s
Sun Dec 20 23:45:01 CET 2020
Ping: 24.15 ms
Download: 201.54 Mbit/s
Upload: 19.23 Mbit/s
Mon Dec 21 00:45:01 CET 2020
Ping: 24.352 ms
Download: 232.26 Mbit/s
Upload: 19.39 Mbit/s
Mon Dec 21 01:45:01 CET 2020
Ping: 24.141 ms
Download: 196.47 Mbit/s
Upload: 19.53 Mbit/s
Mon Dec 21 02:45:01 CET 2020
Ping: 23.943 ms
Download: 179.40 Mbit/s
Upload: 19.77 Mbit/s
Mon Dec 21 03:45:01 CET 2020
Ping: 23.172 ms
Download: 140.46 Mbit/s
Upload: 19.81 Mbit/s
Mon Dec 21 04:45:01 CET 2020
Ping: 23.187 ms
Download: 182.90 Mbit/s
Upload: 19.13 Mbit/s
Mon Dec 21 05:45:01 CET 2020
Ping: 24.457 ms
Download: 143.35 Mbit/s
Upload: 19.73 Mbit/s
Mon Dec 21 06:45:02 CET 2020
Ping: 25.698 ms
Download: 307.71 Mbit/s
Upload: 19.68 Mbit/s
Mon Dec 21 07:45:01 CET 2020
Ping: 25.964 ms
Download: 282.25 Mbit/s
Upload: 18.94 Mbit/s
Mon Dec 21 08:45:01 CET 2020
Ping: 30.309 ms
Download: 296.28 Mbit/s
Upload: 18.90 Mbit/s
Mon Dec 21 09:45:01 CET 2020
Ping: 25.267 ms
Download: 260.75 Mbit/s
Upload: 19.37 Mbit/s
Mon Dec 21 10:45:01 CET 2020
Ping: 22.863 ms
Download: 187.14 Mbit/s
Upload: 19.47 Mbit/s
Mon Dec 21 11:45:01 CET 2020
Ping: 24.818 ms
Download: 132.54 Mbit/s
Upload: 19.23 Mbit/s
Mon Dec 21 12:45:01 CET 2020
Ping: 24.495 ms
Download: 171.84 Mbit/s
Upload: 18.64 Mbit/s
Mon Dec 21 13:45:01 CET 2020
Ping: 24.426 ms
Download: 261.77 Mbit/s
Upload: 19.89 Mbit/s
Mon Dec 21 14:45:01 CET 2020
Ping: 22.644 ms
Download: 199.32 Mbit/s
Upload: 19.46 Mbit/s
Mon Dec 21 15:45:01 CET 2020
Ping: 23.314 ms
Download: 182.94 Mbit/s
Upload: 19.67 Mbit/s
Mon Dec 21 16:45:01 CET 2020
Ping: 23.369 ms
Download: 159.04 Mbit/s
Upload: 19.61 Mbit/s
Mon Dec 21 17:45:01 CET 2020
Ping: 24.703 ms
Download: 286.26 Mbit/s
Upload: 19.54 Mbit/s
Mon Dec 21 18:45:01 CET 2020
Ping: 25.223 ms
Download: 202.93 Mbit/s
Upload: 19.71 Mbit/s
Mon Dec 21 19:45:01 CET 2020
Ping: 23.952 ms
Download: 200.70 Mbit/s
Upload: 19.18 Mbit/s
Mon Dec 21 20:45:01 CET 2020
Ping: 24.472 ms
Download: 184.76 Mbit/s
Upload: 18.88 Mbit/s
Mon Dec 21 21:45:01 CET 2020
Ping: 24.644 ms
Download: 202.27 Mbit/s
Upload: 18.57 Mbit/s
Mon Dec 21 22:45:01 CET 2020
Ping: 24.191 ms
Download: 264.92 Mbit/s
Upload: 19.76 Mbit/s
Mon Dec 21 23:45:01 CET 2020
Ping: 23.487 ms
Download: 156.96 Mbit/s
Upload: 19.38 Mbit/s
Tue Dec 22 00:45:01 CET 2020
Ping: 25.006 ms
Download: 257.43 Mbit/s
Upload: 19.12 Mbit/s
Tue Dec 22 01:45:01 CET 2020
Ping: 24.194 ms
Download: 233.15 Mbit/s
Upload: 19.58 Mbit/s
Tue Dec 22 02:45:01 CET 2020
Ping: 22.578 ms
Download: 215.45 Mbit/s
Upload: 19.59 Mbit/s
Tue Dec 22 03:45:01 CET 2020
Ping: 28.474 ms
Download: 253.90 Mbit/s
Upload: 19.44 Mbit/s
Tue Dec 22 04:45:01 CET 2020
Ping: 23.261 ms
Download: 171.31 Mbit/s
Upload: 19.43 Mbit/s
Tue Dec 22 05:45:01 CET 2020
Ping: 22.185 ms
Download: 203.87 Mbit/s
Upload: 19.69 Mbit/s
Tue Dec 22 06:45:01 CET 2020
Ping: 23.033 ms
Download: 228.13 Mbit/s
Upload: 19.64 Mbit/s
Tue Dec 22 07:45:01 CET 2020
Ping: 23.679 ms
Download: 182.13 Mbit/s
Upload: 19.52 Mbit/s
Tue Dec 22 08:45:01 CET 2020
Ping: 23.498 ms
Download: 198.48 Mbit/s
Upload: 19.18 Mbit/s
Tue Dec 22 09:45:01 CET 2020
Ping: 27.179 ms
Download: 298.10 Mbit/s
Upload: 18.90 Mbit/s
Tue Dec 22 10:45:01 CET 2020
Ping: 24.502 ms
Download: 274.81 Mbit/s
Upload: 19.85 Mbit/s
Tue Dec 22 11:45:01 CET 2020
Ping: 20.585 ms
Download: 178.50 Mbit/s
Upload: 19.47 Mbit/s
Tue Dec 22 12:45:01 CET 2020
Ping: 26.21 ms
Download: 236.02 Mbit/s
Upload: 19.77 Mbit/s
Tue Dec 22 13:45:01 CET 2020
Ping: 23.064 ms
Download: 255.73 Mbit/s
Upload: 19.54 Mbit/s
Tue Dec 22 14:45:01 CET 2020
Ping: 24.981 ms
Download: 207.94 Mbit/s
Upload: 19.28 Mbit/s
Tue Dec 22 15:45:01 CET 2020
Ping: 22.053 ms
Download: 211.08 Mbit/s
Upload: 18.98 Mbit/s
Tue Dec 22 16:45:01 CET 2020
Ping: 25.312 ms
Download: 225.17 Mbit/s
Upload: 18.32 Mbit/s
Tue Dec 22 17:45:01 CET 2020
Ping: 24.623 ms
Download: 150.88 Mbit/s
Upload: 19.56 Mbit/s
Tue Dec 22 18:45:01 CET 2020
Ping: 25.714 ms
Download: 177.97 Mbit/s
Upload: 19.23 Mbit/s
Tue Dec 22 19:45:01 CET 2020
Ping: 22.75 ms
Download: 213.13 Mbit/s
Upload: 19.40 Mbit/s
Tue Dec 22 20:45:01 CET 2020
Ping: 24.667 ms
Download: 162.79 Mbit/s
Upload: 19.77 Mbit/s
Tue Dec 22 21:45:01 CET 2020
Ping: 24.191 ms
Download: 231.99 Mbit/s
Upload: 19.44 Mbit/s
Tue Dec 22 22:45:01 CET 2020
Ping: 28.674 ms
Download: 250.91 Mbit/s
Upload: 18.51 Mbit/s
Tue Dec 22 23:45:01 CET 2020
Ping: 25.807 ms
Download: 234.91 Mbit/s
Upload: 19.04 Mbit/s
Wed Dec 23 00:45:01 CET 2020
Ping: 23.966 ms
Download: 186.71 Mbit/s
Upload: 19.38 Mbit/s
Wed Dec 23 01:45:01 CET 2020
Ping: 22.513 ms
Download: 223.50 Mbit/s
Upload: 19.75 Mbit/s
Wed Dec 23 02:45:01 CET 2020
Ping: 23.665 ms
Download: 168.15 Mbit/s
Upload: 19.58 Mbit/s
Wed Dec 23 03:45:01 CET 2020
Ping: 23.856 ms
Download: 280.82 Mbit/s
Upload: 19.52 Mbit/s
Wed Dec 23 04:45:01 CET 2020
Ping: 22.334 ms
Download: 14.42 Mbit/s
Upload: 16.51 Mbit/s
Wed Dec 23 05:45:01 CET 2020
Ping: 23.48 ms
Download: 160.35 Mbit/s
Upload: 19.13 Mbit/s
Wed Dec 23 06:45:01 CET 2020
Ping: 21.483 ms
Download: 196.42 Mbit/s
Upload: 19.08 Mbit/s
Wed Dec 23 07:45:01 CET 2020
Ping: 24.514 ms
Download: 201.77 Mbit/s
Upload: 19.70 Mbit/s
Wed Dec 23 08:45:01 CET 2020
Ping: 23.474 ms
Download: 216.92 Mbit/s
Upload: 19.65 Mbit/s
Wed Dec 23 09:45:01 CET 2020
Ping: 27.201 ms
Download: 244.24 Mbit/s
Upload: 18.08 Mbit/s
Wed Dec 23 10:45:02 CET 2020
Ping: 22.608 ms
Download: 211.94 Mbit/s
Upload: 18.94 Mbit/s
Wed Dec 23 11:45:01 CET 2020
Ping: 23.762 ms
Download: 238.91 Mbit/s
Upload: 19.67 Mbit/s
Wed Dec 23 12:45:02 CET 2020
Ping: 24.751 ms
Download: 239.99 Mbit/s
Upload: 19.19 Mbit/s
Wed Dec 23 13:45:01 CET 2020
Ping: 22.081 ms
Download: 102.49 Mbit/s
Upload: 15.12 Mbit/s
Wed Dec 23 14:45:01 CET 2020
Ping: 24.161 ms
Download: 183.03 Mbit/s
Upload: 18.62 Mbit/s
Wed Dec 23 15:45:01 CET 2020
Ping: 27.673 ms
Download: 192.80 Mbit/s
Upload: 19.69 Mbit/s
Wed Dec 23 16:45:01 CET 2020
Ping: 25.811 ms
Download: 179.50 Mbit/s
Upload: 19.69 Mbit/s
Wed Dec 23 17:45:01 CET 2020
Ping: 25.887 ms
Download: 281.97 Mbit/s
Upload: 19.40 Mbit/s
Wed Dec 23 18:45:01 CET 2020
Ping: 25.384 ms
Download: 231.80 Mbit/s
Upload: 18.46 Mbit/s
Wed Dec 23 19:45:02 CET 2020
Ping: 27.695 ms
Download: 238.89 Mbit/s
Upload: 17.32 Mbit/s
Wed Dec 23 20:45:01 CET 2020
Ping: 24.784 ms
Download: 42.47 Mbit/s
Upload: 15.44 Mbit/s
Wed Dec 23 21:45:01 CET 2020
Ping: 26.005 ms
Download: 227.23 Mbit/s
Upload: 18.88 Mbit/s
Wed Dec 23 22:45:01 CET 2020
Ping: 24.813 ms
Download: 194.21 Mbit/s
Upload: 19.56 Mbit/s
Wed Dec 23 23:45:01 CET 2020
Ping: 31.674 ms
Download: 269.55 Mbit/s
Upload: 19.03 Mbit/s
Thu Dec 24 00:45:01 CET 2020
Ping: 24.162 ms
Download: 214.38 Mbit/s
Upload: 19.44 Mbit/s
Thu Dec 24 01:45:01 CET 2020
Ping: 21.328 ms
Download: 110.39 Mbit/s
Upload: 19.16 Mbit/s
Thu Dec 24 02:45:01 CET 2020
Ping: 22.511 ms
Download: 213.78 Mbit/s
Upload: 19.29 Mbit/s
Thu Dec 24 03:45:01 CET 2020
Ping: 24.288 ms
Download: 208.88 Mbit/s
Upload: 19.53 Mbit/s
Thu Dec 24 04:45:01 CET 2020
Ping: 26.125 ms
Download: 241.88 Mbit/s
Upload: 19.28 Mbit/s
Thu Dec 24 05:45:01 CET 2020
Ping: 25.012 ms
Download: 273.57 Mbit/s
Upload: 19.83 Mbit/s
Thu Dec 24 06:45:01 CET 2020
Ping: 23.182 ms
Download: 182.74 Mbit/s
Upload: 19.08 Mbit/s
Thu Dec 24 07:45:01 CET 2020
Ping: 23.995 ms
Download: 224.19 Mbit/s
Upload: 19.50 Mbit/s
Thu Dec 24 08:45:01 CET 2020
Ping: 24.817 ms
Download: 205.05 Mbit/s
Upload: 19.43 Mbit/s
Thu Dec 24 09:45:01 CET 2020
Ping: 22.475 ms
Download: 181.47 Mbit/s
Upload: 19.48 Mbit/s
Thu Dec 24 10:45:01 CET 2020
Ping: 27.906 ms
Download: 319.57 Mbit/s
Upload: 19.22 Mbit/s
Thu Dec 24 11:45:01 CET 2020
Ping: 26.482 ms
Download: 224.64 Mbit/s
Upload: 19.70 Mbit/s
Thu Dec 24 12:45:01 CET 2020
Ping: 25.112 ms
Download: 204.64 Mbit/s
Upload: 19.80 Mbit/s
Thu Dec 24 13:45:01 CET 2020
Ping: 25.697 ms
Download: 273.94 Mbit/s
Upload: 19.63 Mbit/s
Thu Dec 24 14:45:01 CET 2020
Ping: 24.12 ms
Download: 197.13 Mbit/s
Upload: 19.06 Mbit/s
Thu Dec 24 15:45:01 CET 2020
Ping: 25.498 ms
Download: 186.45 Mbit/s
Upload: 19.48 Mbit/s
Thu Dec 24 16:45:01 CET 2020
Ping: 24.155 ms
Download: 188.28 Mbit/s
Upload: 19.62 Mbit/s
Thu Dec 24 17:45:01 CET 2020
Ping: 26.461 ms
Download: 148.35 Mbit/s
Upload: 17.46 Mbit/s
Thu Dec 24 18:45:01 CET 2020
Ping: 25.436 ms
Download: 218.02 Mbit/s
Upload: 19.31 Mbit/s
Thu Dec 24 19:45:01 CET 2020
Ping: 23.933 ms
Download: 255.80 Mbit/s
Upload: 19.08 Mbit/s
Thu Dec 24 20:45:01 CET 2020
Ping: 24.655 ms
Download: 132.19 Mbit/s
Upload: 14.32 Mbit/s
Thu Dec 24 21:45:01 CET 2020
Ping: 25.62 ms
Download: 218.11 Mbit/s
Upload: 19.62 Mbit/s
Thu Dec 24 22:45:02 CET 2020
Ping: 23.779 ms
Download: 257.36 Mbit/s
Upload: 19.71 Mbit/s
Thu Dec 24 23:45:01 CET 2020
Ping: 27.275 ms
Download: 256.61 Mbit/s
Upload: 18.74 Mbit/s
Fri Dec 25 00:45:01 CET 2020
Ping: 24.014 ms
Download: 199.15 Mbit/s
Upload: 19.43 Mbit/s
Fri Dec 25 01:45:01 CET 2020
Ping: 23.602 ms
Download: 216.48 Mbit/s
Upload: 19.84 Mbit/s
Fri Dec 25 02:45:01 CET 2020
Ping: 23.49 ms
Download: 202.98 Mbit/s
Upload: 19.61 Mbit/s
Fri Dec 25 03:45:01 CET 2020
Ping: 25.32 ms
Download: 241.38 Mbit/s
Upload: 19.70 Mbit/s
Fri Dec 25 04:45:01 CET 2020
Ping: 24.17 ms
Download: 247.59 Mbit/s
Upload: 19.63 Mbit/s
Fri Dec 25 05:45:01 CET 2020
Ping: 24.482 ms
Download: 228.81 Mbit/s
Upload: 19.14 Mbit/s
Fri Dec 25 06:45:02 CET 2020
Ping: 21.422 ms
Download: 202.50 Mbit/s
Upload: 19.78 Mbit/s
Fri Dec 25 07:45:01 CET 2020
Ping: 25.031 ms
Download: 201.31 Mbit/s
Upload: 19.31 Mbit/s
Fri Dec 25 08:45:01 CET 2020
Ping: 23.46 ms
Download: 223.99 Mbit/s
Upload: 19.53 Mbit/s
Fri Dec 25 09:45:01 CET 2020
Ping: 24.84 ms
Download: 226.58 Mbit/s
Upload: 18.58 Mbit/s
Fri Dec 25 10:45:01 CET 2020
Ping: 24.654 ms
Download: 197.13 Mbit/s
Upload: 19.60 Mbit/s
Fri Dec 25 11:45:01 CET 2020
Ping: 23.474 ms
Download: 100.25 Mbit/s
Upload: 18.85 Mbit/s
Fri Dec 25 12:45:01 CET 2020
Ping: 22.081 ms
Download: 246.12 Mbit/s
Upload: 19.67 Mbit/s
Fri Dec 25 13:45:01 CET 2020
Ping: 22.831 ms
Download: 176.18 Mbit/s
Upload: 19.51 Mbit/s
Fri Dec 25 14:45:01 CET 2020
Ping: 25.784 ms
Download: 252.55 Mbit/s
Upload: 19.20 Mbit/s
Fri Dec 25 15:45:01 CET 2020
Ping: 23.998 ms
Download: 263.70 Mbit/s
Upload: 19.77 Mbit/s
Fri Dec 25 16:45:01 CET 2020
Ping: 24.334 ms
Download: 131.86 Mbit/s
Upload: 19.55 Mbit/s
Fri Dec 25 17:45:01 CET 2020
Ping: 22.013 ms
Download: 179.97 Mbit/s
Upload: 19.73 Mbit/s
Fri Dec 25 18:45:01 CET 2020
Ping: 23.994 ms
Download: 179.64 Mbit/s
Upload: 19.74 Mbit/s
Fri Dec 25 19:45:01 CET 2020
Ping: 23.446 ms
Download: 194.52 Mbit/s
Upload: 19.39 Mbit/s
Fri Dec 25 20:45:01 CET 2020
Ping: 24.677 ms
Download: 36.53 Mbit/s
Upload: 1.42 Mbit/s
Fri Dec 25 21:45:01 CET 2020
Ping: 28.49 ms
Download: 258.87 Mbit/s
Upload: 19.38 Mbit/s
Fri Dec 25 22:45:02 CET 2020
Ping: 24.107 ms
Download: 191.87 Mbit/s
Upload: 19.69 Mbit/s
Fri Dec 25 23:45:01 CET 2020
Ping: 25.135 ms
Download: 216.44 Mbit/s
Upload: 19.74 Mbit/s
Sat Dec 26 00:45:01 CET 2020
Ping: 23.659 ms
Download: 266.75 Mbit/s
Upload: 19.24 Mbit/s
Sat Dec 26 01:45:01 CET 2020
Ping: 24.187 ms
Download: 206.91 Mbit/s
Upload: 19.65 Mbit/s
Sat Dec 26 02:45:01 CET 2020
Ping: 32.714 ms
Download: 210.39 Mbit/s
Upload: 19.44 Mbit/s
Sat Dec 26 03:45:01 CET 2020
Ping: 24.676 ms
Download: 278.60 Mbit/s
Upload: 19.75 Mbit/s
Sat Dec 26 04:45:01 CET 2020
Ping: 26.863 ms
Download: 224.06 Mbit/s
Upload: 19.15 Mbit/s
Sat Dec 26 05:45:01 CET 2020
Ping: 22.016 ms
Download: 226.50 Mbit/s
Upload: 19.66 Mbit/s
Sat Dec 26 06:45:01 CET 2020
Ping: 23.157 ms
Download: 204.26 Mbit/s
Upload: 19.32 Mbit/s
Sat Dec 26 07:45:01 CET 2020
Ping: 22.955 ms
Download: 189.27 Mbit/s
Upload: 19.35 Mbit/s
Sat Dec 26 08:45:01 CET 2020
Ping: 25.301 ms
Download: 254.79 Mbit/s
Upload: 18.36 Mbit/s
Sat Dec 26 09:45:01 CET 2020
Ping: 22.164 ms
Download: 194.94 Mbit/s
Upload: 19.44 Mbit/s
Sat Dec 26 10:45:01 CET 2020
Ping: 22.188 ms
Download: 174.34 Mbit/s
Upload: 19.64 Mbit/s
Sat Dec 26 11:45:02 CET 2020
Ping: 23.024 ms
Download: 264.86 Mbit/s
Upload: 19.12 Mbit/s
Sat Dec 26 12:45:01 CET 2020
Ping: 24.982 ms
Download: 185.16 Mbit/s
Upload: 18.79 Mbit/s
Sat Dec 26 13:45:01 CET 2020
Ping: 25.632 ms
Download: 253.73 Mbit/s
Upload: 19.40 Mbit/s
Sat Dec 26 14:45:01 CET 2020
Ping: 24.671 ms
Download: 192.59 Mbit/s
Upload: 19.46 Mbit/s
Sat Dec 26 15:45:01 CET 2020
Ping: 25.476 ms
Download: 153.12 Mbit/s
Upload: 19.74 Mbit/s
Sat Dec 26 16:45:01 CET 2020
Ping: 22.215 ms
Download: 190.15 Mbit/s
Upload: 18.82 Mbit/s
Sat Dec 26 17:45:01 CET 2020
Ping: 25.156 ms
Download: 183.76 Mbit/s
Upload: 19.03 Mbit/s
Sat Dec 26 18:45:01 CET 2020
Ping: 25.336 ms
Download: 166.33 Mbit/s
Upload: 19.46 Mbit/s
Sat Dec 26 19:45:01 CET 2020
Ping: 27.449 ms
Download: 358.31 Mbit/s
Upload: 19.43 Mbit/s
Sat Dec 26 20:45:01 CET 2020
Ping: 24.984 ms
Download: 176.87 Mbit/s
Upload: 19.54 Mbit/s
Sat Dec 26 21:45:01 CET 2020
Ping: 29.19 ms
Download: 241.09 Mbit/s
Upload: 19.76 Mbit/s
Sat Dec 26 22:45:01 CET 2020
Ping: 24.346 ms
Download: 279.56 Mbit/s
Upload: 19.03 Mbit/s
Sat Dec 26 23:45:01 CET 2020
Ping: 25.935 ms
Download: 235.44 Mbit/s
Upload: 19.68 Mbit/s
Sun Dec 27 00:45:01 CET 2020
Ping: 25.702 ms
Download: 242.15 Mbit/s
Upload: 19.62 Mbit/s
Sun Dec 27 01:45:01 CET 2020
Ping: 26.059 ms
Download: 307.79 Mbit/s
Upload: 19.56 Mbit/s
Sun Dec 27 02:45:01 CET 2020
Ping: 23.486 ms
Download: 169.20 Mbit/s
Upload: 19.42 Mbit/s
Sun Dec 27 03:45:01 CET 2020
Ping: 23.83 ms
Download: 267.00 Mbit/s
Upload: 19.54 Mbit/s
Sun Dec 27 04:45:01 CET 2020
Ping: 25.965 ms
Download: 291.44 Mbit/s
Upload: 18.97 Mbit/s
Sun Dec 27 05:45:01 CET 2020
Ping: 24.44 ms
Download: 296.61 Mbit/s
Upload: 18.63 Mbit/s
Sun Dec 27 06:45:02 CET 2020
Ping: 23.876 ms
Download: 280.25 Mbit/s
Upload: 19.32 Mbit/s
Sun Dec 27 07:45:01 CET 2020
Ping: 22.858 ms
Download: 167.75 Mbit/s
Upload: 19.18 Mbit/s
Sun Dec 27 08:45:01 CET 2020
Ping: 24.635 ms
Download: 188.85 Mbit/s
Upload: 19.44 Mbit/s
Sun Dec 27 09:45:01 CET 2020
Ping: 25.701 ms
Download: 215.12 Mbit/s
Upload: 19.54 Mbit/s
Sun Dec 27 10:45:01 CET 2020
Ping: 26.331 ms
Download: 187.95 Mbit/s
Upload: 19.53 Mbit/s
Sun Dec 27 11:45:01 CET 2020
Ping: 24.644 ms
Download: 189.86 Mbit/s
Upload: 19.70 Mbit/s
Sun Dec 27 12:45:01 CET 2020
Ping: 22.517 ms
Download: 165.48 Mbit/s
Upload: 19.59 Mbit/s
Sun Dec 27 13:45:01 CET 2020
Ping: 24.319 ms
Download: 161.62 Mbit/s
Upload: 19.27 Mbit/s
Sun Dec 27 14:45:01 CET 2020
Ping: 23.459 ms
Download: 184.19 Mbit/s
Upload: 19.46 Mbit/s
Sun Dec 27 15:45:01 CET 2020
Ping: 31.508 ms
Download: 239.01 Mbit/s
Upload: 19.23 Mbit/s
Sun Dec 27 16:45:01 CET 2020
Ping: 26.389 ms
Download: 133.07 Mbit/s
Upload: 17.81 Mbit/s
Sun Dec 27 17:45:01 CET 2020
Ping: 23.417 ms
Download: 306.96 Mbit/s
Upload: 19.43 Mbit/s
Sun Dec 27 18:45:01 CET 2020
Ping: 23.103 ms
Download: 187.71 Mbit/s
Upload: 19.34 Mbit/s
Sun Dec 27 19:45:01 CET 2020
Ping: 25.069 ms
Download: 101.63 Mbit/s
Upload: 18.31 Mbit/s
Sun Dec 27 20:45:01 CET 2020
Ping: 25.898 ms
Download: 250.22 Mbit/s
Upload: 18.94 Mbit/s
Sun Dec 27 21:45:01 CET 2020
Ping: 24.455 ms
Download: 161.03 Mbit/s
Upload: 19.72 Mbit/s
Sun Dec 27 22:45:01 CET 2020
Ping: 22.452 ms
Download: 217.56 Mbit/s
Upload: 19.49 Mbit/s
Sun Dec 27 23:45:02 CET 2020
Ping: 22.182 ms
Download: 153.93 Mbit/s
Upload: 19.73 Mbit/s
Mon Dec 28 00:45:02 CET 2020
Ping: 23.631 ms
Download: 191.08 Mbit/s
Upload: 19.45 Mbit/s
Mon Dec 28 01:45:01 CET 2020
Ping: 25.331 ms
Download: 236.20 Mbit/s
Upload: 18.90 Mbit/s
Mon Dec 28 02:45:01 CET 2020
Ping: 22.659 ms
Download: 232.79 Mbit/s
Upload: 19.17 Mbit/s
Mon Dec 28 03:45:01 CET 2020
Ping: 24.665 ms
Download: 179.85 Mbit/s
Upload: 19.13 Mbit/s
Mon Dec 28 04:45:01 CET 2020
Ping: 24.97 ms
Download: 149.19 Mbit/s
Upload: 19.81 Mbit/s
Mon Dec 28 05:45:01 CET 2020
Ping: 23.495 ms
Download: 186.70 Mbit/s
Upload: 19.55 Mbit/s
Mon Dec 28 06:45:01 CET 2020
Ping: 28.928 ms
Download: 263.42 Mbit/s
Upload: 19.27 Mbit/s
Mon Dec 28 07:45:01 CET 2020
Ping: 21.066 ms
Download: 190.38 Mbit/s
Upload: 19.64 Mbit/s
Mon Dec 28 08:45:01 CET 2020
Ping: 22.284 ms
Download: 202.94 Mbit/s
Upload: 19.06 Mbit/s
Mon Dec 28 09:45:01 CET 2020
Ping: 24.515 ms
Download: 230.32 Mbit/s
Upload: 19.60 Mbit/s
Mon Dec 28 10:45:01 CET 2020
Ping: 24.701 ms
Download: 224.32 Mbit/s
Upload: 19.27 Mbit/s
Mon Dec 28 11:45:01 CET 2020
Ping: 23.642 ms
Download: 195.62 Mbit/s
Upload: 19.83 Mbit/s
Mon Dec 28 12:45:01 CET 2020
Ping: 24.079 ms
Download: 16.42 Mbit/s
Upload: 16.28 Mbit/s
Mon Dec 28 13:45:01 CET 2020
Ping: 24.481 ms
Download: 128.64 Mbit/s
Upload: 19.17 Mbit/s
Mon Dec 28 14:45:01 CET 2020
Ping: 34.366 ms
Download: 163.07 Mbit/s
Upload: 18.58 Mbit/s
Mon Dec 28 15:45:01 CET 2020
Ping: 21.48 ms
Download: 186.92 Mbit/s
Upload: 18.88 Mbit/s
Mon Dec 28 16:45:01 CET 2020
Ping: 22.806 ms
Download: 175.34 Mbit/s
Upload: 19.28 Mbit/s
Mon Dec 28 17:45:01 CET 2020
Ping: 26.571 ms
Download: 199.08 Mbit/s
Upload: 19.28 Mbit/s
Mon Dec 28 18:45:01 CET 2020
Ping: 23.307 ms
Download: 253.72 Mbit/s
Upload: 19.61 Mbit/s
Mon Dec 28 19:45:01 CET 2020
Ping: 24.037 ms
Download: 252.69 Mbit/s
Upload: 19.46 Mbit/s
Mon Dec 28 20:45:01 CET 2020
Ping: 25.718 ms
Download: 245.36 Mbit/s
Upload: 19.64 Mbit/s
Mon Dec 28 21:45:01 CET 2020
Ping: 26.342 ms
Download: 258.45 Mbit/s
Upload: 19.63 Mbit/s
Mon Dec 28 22:45:01 CET 2020
Ping: 24.732 ms
Download: 289.40 Mbit/s
Upload: 19.45 Mbit/s
Mon Dec 28 23:45:01 CET 2020
Ping: 24.483 ms
Download: 267.10 Mbit/s
Upload: 19.79 Mbit/s
Tue Dec 29 00:45:01 CET 2020
Ping: 25.428 ms
Download: 216.06 Mbit/s
Upload: 19.19 Mbit/s
Tue Dec 29 01:45:01 CET 2020
Ping: 24.784 ms
Download: 180.30 Mbit/s
Upload: 19.31 Mbit/s
Tue Dec 29 02:45:01 CET 2020
Ping: 23.305 ms
Download: 235.13 Mbit/s
Upload: 19.33 Mbit/s
Tue Dec 29 03:45:01 CET 2020
Ping: 23.925 ms
Download: 194.67 Mbit/s
Upload: 19.65 Mbit/s
Tue Dec 29 04:45:01 CET 2020
Ping: 24.481 ms
Download: 211.33 Mbit/s
Upload: 19.80 Mbit/s
Tue Dec 29 05:45:01 CET 2020
Ping: 22.266 ms
Download: 210.07 Mbit/s
Upload: 19.56 Mbit/s
Tue Dec 29 06:45:01 CET 2020
Ping: 24.001 ms
Download: 275.36 Mbit/s
Upload: 19.77 Mbit/s
Tue Dec 29 07:45:01 CET 2020
Ping: 23.66 ms
Download: 172.04 Mbit/s
Upload: 19.48 Mbit/s
Tue Dec 29 08:45:01 CET 2020
Ping: 23.835 ms
Download: 212.32 Mbit/s
Upload: 18.82 Mbit/s
Tue Dec 29 09:45:01 CET 2020
Ping: 22.481 ms
Download: 232.75 Mbit/s
Upload: 19.39 Mbit/s
Tue Dec 29 10:45:01 CET 2020
Ping: 24.836 ms
Download: 187.53 Mbit/s
Upload: 19.65 Mbit/s
Tue Dec 29 11:45:01 CET 2020
Ping: 22.607 ms
Download: 195.60 Mbit/s
Upload: 19.68 Mbit/s
Tue Dec 29 12:45:02 CET 2020
Ping: 24.495 ms
Download: 240.29 Mbit/s
Upload: 19.67 Mbit/s
Tue Dec 29 13:45:01 CET 2020
Ping: 22.359 ms
Download: 178.05 Mbit/s
Upload: 19.54 Mbit/s
Tue Dec 29 14:45:01 CET 2020
Ping: 22.51 ms
Download: 185.32 Mbit/s
Upload: 19.44 Mbit/s
Tue Dec 29 15:45:01 CET 2020
Ping: 25.469 ms
Download: 184.15 Mbit/s
Upload: 19.62 Mbit/s
Tue Dec 29 16:45:01 CET 2020
Ping: 24.878 ms
Download: 222.20 Mbit/s
Upload: 19.75 Mbit/s
Tue Dec 29 17:45:01 CET 2020
Ping: 24.673 ms
Download: 175.96 Mbit/s
Upload: 19.03 Mbit/s
Tue Dec 29 18:45:01 CET 2020
Ping: 30.365 ms
Download: 231.91 Mbit/s
Upload: 19.32 Mbit/s
Tue Dec 29 19:45:01 CET 2020
Ping: 21.583 ms
Download: 195.27 Mbit/s
Upload: 19.25 Mbit/s
Tue Dec 29 20:45:01 CET 2020
Ping: 29.934 ms
Download: 214.76 Mbit/s
Upload: 19.35 Mbit/s
Tue Dec 29 21:45:01 CET 2020
Ping: 30.674 ms
Download: 248.41 Mbit/s
Upload: 19.50 Mbit/s
Tue Dec 29 22:45:01 CET 2020
Ping: 25.007 ms
Download: 200.97 Mbit/s
Upload: 19.13 Mbit/s
Tue Dec 29 23:45:02 CET 2020
Ping: 26.468 ms
Download: 251.89 Mbit/s
Upload: 18.81 Mbit/s
Wed Dec 30 00:45:01 CET 2020
Ping: 24.502 ms
Download: 309.11 Mbit/s
Upload: 19.70 Mbit/s
Wed Dec 30 01:45:01 CET 2020
Ping: 27.451 ms
Download: 238.51 Mbit/s
Upload: 19.34 Mbit/s
Wed Dec 30 02:45:01 CET 2020
Ping: 27.081 ms
Download: 258.33 Mbit/s
Upload: 19.20 Mbit/s
Wed Dec 30 03:45:01 CET 2020
Ping: 24.287 ms
Download: 205.33 Mbit/s
Upload: 19.68 Mbit/s
Wed Dec 30 04:45:01 CET 2020
Ping: 23.78 ms
Download: 284.79 Mbit/s
Upload: 18.51 Mbit/s
Wed Dec 30 05:45:01 CET 2020
Ping: 23.871 ms
Download: 248.49 Mbit/s
Upload: 19.08 Mbit/s
Wed Dec 30 06:45:01 CET 2020
Ping: 23.251 ms
Download: 221.47 Mbit/s
Upload: 19.30 Mbit/s
Wed Dec 30 07:45:01 CET 2020
Ping: 22.609 ms
Download: 177.49 Mbit/s
Upload: 19.60 Mbit/s
Wed Dec 30 08:45:01 CET 2020
Ping: 22.628 ms
Download: 190.18 Mbit/s
Upload: 19.56 Mbit/s
Wed Dec 30 09:45:02 CET 2020
Ping: 27.31 ms
Download: 239.93 Mbit/s
Upload: 19.49 Mbit/s
Wed Dec 30 10:45:01 CET 2020
Ping: 23.189 ms
Download: 188.93 Mbit/s
Upload: 19.76 Mbit/s
Wed Dec 30 11:45:01 CET 2020
Ping: 24.476 ms
Download: 192.15 Mbit/s
Upload: 19.69 Mbit/s
Wed Dec 30 12:45:01 CET 2020
Ping: 24.162 ms
Download: 276.49 Mbit/s
Upload: 19.38 Mbit/s
Wed Dec 30 13:45:01 CET 2020
Ping: 24.62 ms
Download: 298.51 Mbit/s
Upload: 18.74 Mbit/s
Wed Dec 30 14:45:01 CET 2020
Ping: 22.836 ms
Download: 184.24 Mbit/s
Upload: 19.74 Mbit/s
Wed Dec 30 15:45:01 CET 2020
Ping: 24.153 ms
Download: 205.05 Mbit/s
Upload: 19.51 Mbit/s
Wed Dec 30 16:45:01 CET 2020
Ping: 26.966 ms
Download: 270.15 Mbit/s
Upload: 19.61 Mbit/s
Wed Dec 30 17:45:02 CET 2020
Ping: 24.427 ms
Download: 230.75 Mbit/s
Upload: 19.26 Mbit/s
Wed Dec 30 18:45:01 CET 2020
Ping: 27.164 ms
Download: 201.97 Mbit/s
Upload: 18.88 Mbit/s
Wed Dec 30 19:45:01 CET 2020
Ping: 22.169 ms
Download: 193.25 Mbit/s
Upload: 19.75 Mbit/s
Wed Dec 30 20:45:01 CET 2020
Ping: 27.626 ms
Download: 255.08 Mbit/s
Upload: 19.69 Mbit/s
Wed Dec 30 21:45:01 CET 2020
Ping: 24.948 ms
Download: 215.11 Mbit/s
Upload: 19.54 Mbit/s
Wed Dec 30 22:45:02 CET 2020
Ping: 26.331 ms
Download: 237.63 Mbit/s
Upload: 19.75 Mbit/s
Wed Dec 30 23:45:01 CET 2020
Ping: 25.148 ms
Download: 200.41 Mbit/s
Upload: 19.26 Mbit/s
Thu Dec 31 00:45:01 CET 2020
Ping: 22.777 ms
Download: 204.34 Mbit/s
Upload: 19.16 Mbit/s
Thu Dec 31 01:45:01 CET 2020
Ping: 22.963 ms
Download: 219.99 Mbit/s
Upload: 19.11 Mbit/s
Thu Dec 31 02:45:01 CET 2020
Ping: 24.065 ms
Download: 243.29 Mbit/s
Upload: 18.63 Mbit/s
Thu Dec 31 03:45:01 CET 2020
Ping: 22.695 ms
Download: 236.43 Mbit/s
Upload: 19.76 Mbit/s
Thu Dec 31 04:45:01 CET 2020
Ping: 25.05 ms
Download: 251.50 Mbit/s
Upload: 19.84 Mbit/s
Thu Dec 31 05:45:01 CET 2020
Ping: 22.508 ms
Download: 225.74 Mbit/s
Upload: 19.59 Mbit/s
Thu Dec 31 06:45:01 CET 2020
Ping: 23.113 ms
Download: 198.96 Mbit/s
Upload: 19.39 Mbit/s
Thu Dec 31 07:45:01 CET 2020
Ping: 21.62 ms
Download: 209.72 Mbit/s
Upload: 19.57 Mbit/s
Thu Dec 31 08:45:01 CET 2020
Ping: 22.333 ms
Download: 155.88 Mbit/s
Upload: 19.27 Mbit/s
Thu Dec 31 09:45:01 CET 2020
Ping: 22.474 ms
Download: 192.92 Mbit/s
Upload: 19.55 Mbit/s
Thu Dec 31 10:45:02 CET 2020
Ping: 22.614 ms
Download: 189.28 Mbit/s
Upload: 19.41 Mbit/s
Thu Dec 31 11:45:01 CET 2020
Ping: 30.787 ms
Download: 231.79 Mbit/s
Upload: 19.18 Mbit/s
Thu Dec 31 12:45:01 CET 2020
Ping: 24.969 ms
Download: 271.41 Mbit/s
Upload: 18.68 Mbit/s
Thu Dec 31 13:45:01 CET 2020
Ping: 24.901 ms
Download: 267.91 Mbit/s
Upload: 19.54 Mbit/s
Thu Dec 31 14:45:01 CET 2020
Ping: 25.032 ms
Download: 286.32 Mbit/s
Upload: 19.26 Mbit/s
Thu Dec 31 15:45:01 CET 2020
Ping: 23.307 ms
Download: 170.38 Mbit/s
Upload: 19.59 Mbit/s
Thu Dec 31 16:45:01 CET 2020
Ping: 25.03 ms
Download: 270.03 Mbit/s
Upload: 18.94 Mbit/s
Thu Dec 31 17:45:01 CET 2020
Ping: 25.7 ms
Download: 231.24 Mbit/s
Upload: 19.91 Mbit/s
Thu Dec 31 18:45:01 CET 2020
Ping: 22.776 ms
Download: 190.07 Mbit/s
Upload: 19.68 Mbit/s
Thu Dec 31 19:45:01 CET 2020
Ping: 22.442 ms
Download: 292.43 Mbit/s
Upload: 19.89 Mbit/s
Thu Dec 31 20:45:01 CET 2020
Ping: 23.986 ms
Download: 229.14 Mbit/s
Upload: 19.11 Mbit/s
Thu Dec 31 21:45:01 CET 2020
Ping: 24.64 ms
Download: 179.45 Mbit/s
Upload: 19.51 Mbit/s
Thu Dec 31 22:45:01 CET 2020
Ping: 23.98 ms
Download: 264.20 Mbit/s
Upload: 19.08 Mbit/s
Thu Dec 31 23:45:01 CET 2020
Ping: 24.654 ms
Download: 331.50 Mbit/s
Upload: 19.35 Mbit/s
