Fri May  1 00:45:01 CEST 2020
Ping: 21.573 ms
Download: 218.69 Mbit/s
Upload: 19.20 Mbit/s
Fri May  1 01:45:01 CEST 2020
Ping: 25.102 ms
Download: 201.91 Mbit/s
Upload: 19.70 Mbit/s
Fri May  1 02:45:01 CEST 2020
Ping: 21.729 ms
Download: 195.16 Mbit/s
Upload: 19.81 Mbit/s
Fri May  1 03:45:01 CEST 2020
Ping: 23.016 ms
Download: 194.88 Mbit/s
Upload: 19.38 Mbit/s
Fri May  1 04:45:01 CEST 2020
Ping: 24.538 ms
Download: 183.28 Mbit/s
Upload: 19.49 Mbit/s
Fri May  1 05:45:01 CEST 2020
Ping: 23.226 ms
Download: 233.80 Mbit/s
Upload: 19.71 Mbit/s
Fri May  1 06:45:01 CEST 2020
Ping: 23.789 ms
Download: 207.81 Mbit/s
Upload: 19.65 Mbit/s
Fri May  1 07:45:01 CEST 2020
Ping: 23.609 ms
Download: 187.36 Mbit/s
Upload: 19.28 Mbit/s
Fri May  1 08:45:01 CEST 2020
Ping: 25.247 ms
Download: 221.49 Mbit/s
Upload: 19.08 Mbit/s
Fri May  1 09:45:01 CEST 2020
Ping: 23.491 ms
Download: 219.70 Mbit/s
Upload: 19.12 Mbit/s
Fri May  1 10:45:01 CEST 2020
Ping: 27.405 ms
Download: 213.42 Mbit/s
Upload: 19.16 Mbit/s
Fri May  1 11:45:01 CEST 2020
Ping: 22.218 ms
Download: 254.81 Mbit/s
Upload: 19.41 Mbit/s
Fri May  1 12:45:01 CEST 2020
Ping: 23.811 ms
Download: 201.73 Mbit/s
Upload: 19.27 Mbit/s
Fri May  1 13:45:01 CEST 2020
Ping: 25.304 ms
Download: 223.71 Mbit/s
Upload: 19.04 Mbit/s
Fri May  1 14:45:01 CEST 2020
Ping: 21.913 ms
Download: 210.33 Mbit/s
Upload: 19.62 Mbit/s
Fri May  1 15:45:01 CEST 2020
Ping: 21.309 ms
Download: 229.84 Mbit/s
Upload: 19.51 Mbit/s
Fri May  1 16:45:01 CEST 2020
Ping: 24.416 ms
Download: 251.29 Mbit/s
Upload: 19.12 Mbit/s
Fri May  1 17:45:01 CEST 2020
Ping: 27.578 ms
Download: 196.88 Mbit/s
Upload: 18.29 Mbit/s
Fri May  1 18:45:01 CEST 2020
Ping: 21.239 ms
Download: 207.09 Mbit/s
Upload: 19.22 Mbit/s
Fri May  1 19:45:01 CEST 2020
Ping: 25.901 ms
Download: 246.13 Mbit/s
Upload: 19.59 Mbit/s
Fri May  1 20:45:01 CEST 2020
Ping: 20.411 ms
Download: 187.72 Mbit/s
Upload: 18.94 Mbit/s
Fri May  1 21:45:01 CEST 2020
Ping: 24.759 ms
Download: 207.69 Mbit/s
Upload: 19.33 Mbit/s
Fri May  1 22:45:02 CEST 2020
Ping: 27.733 ms
Download: 200.80 Mbit/s
Upload: 19.54 Mbit/s
Fri May  1 23:45:01 CEST 2020
Ping: 22.089 ms
Download: 185.25 Mbit/s
Upload: 19.46 Mbit/s
Sat May  2 00:45:01 CEST 2020
Ping: 23.843 ms
Download: 189.34 Mbit/s
Upload: 19.24 Mbit/s
Sat May  2 01:45:01 CEST 2020
Ping: 24.887 ms
Download: 207.30 Mbit/s
Upload: 18.90 Mbit/s
Sat May  2 02:45:01 CEST 2020
Ping: 20.109 ms
Download: 215.35 Mbit/s
Upload: 19.95 Mbit/s
Sat May  2 03:45:01 CEST 2020
Ping: 22.741 ms
Download: 208.45 Mbit/s
Upload: 19.60 Mbit/s
Sat May  2 04:45:01 CEST 2020
Ping: 24.636 ms
Download: 223.84 Mbit/s
Upload: 19.47 Mbit/s
Sat May  2 05:45:01 CEST 2020
Ping: 23.063 ms
Download: 216.32 Mbit/s
Upload: 19.83 Mbit/s
Sat May  2 06:45:01 CEST 2020
Ping: 21.376 ms
Download: 187.28 Mbit/s
Upload: 19.88 Mbit/s
Sat May  2 07:45:01 CEST 2020
Ping: 25.823 ms
Download: 198.19 Mbit/s
Upload: 19.24 Mbit/s
Sat May  2 08:45:01 CEST 2020
Ping: 24.521 ms
Download: 204.58 Mbit/s
Upload: 19.55 Mbit/s
Sat May  2 09:45:01 CEST 2020
Ping: 21.945 ms
Download: 195.42 Mbit/s
Upload: 19.52 Mbit/s
Sat May  2 10:45:01 CEST 2020
Ping: 23.964 ms
Download: 213.72 Mbit/s
Upload: 19.76 Mbit/s
Sat May  2 11:45:01 CEST 2020
Ping: 24.477 ms
Download: 203.34 Mbit/s
Upload: 19.90 Mbit/s
Sat May  2 12:45:01 CEST 2020
Ping: 28.972 ms
Download: 209.82 Mbit/s
Upload: 19.39 Mbit/s
Sat May  2 13:45:01 CEST 2020
Ping: 23.355 ms
Download: 207.00 Mbit/s
Upload: 19.63 Mbit/s
Sat May  2 14:45:01 CEST 2020
Ping: 23.352 ms
Download: 223.73 Mbit/s
Upload: 19.84 Mbit/s
Sat May  2 15:45:01 CEST 2020
Ping: 22.257 ms
Download: 216.17 Mbit/s
Upload: 19.74 Mbit/s
Sat May  2 16:45:01 CEST 2020
Ping: 24.797 ms
Download: 220.27 Mbit/s
Upload: 18.89 Mbit/s
Sat May  2 17:45:01 CEST 2020
Ping: 23.756 ms
Download: 259.67 Mbit/s
Upload: 19.29 Mbit/s
Sat May  2 18:45:01 CEST 2020
Ping: 21.458 ms
Download: 207.74 Mbit/s
Upload: 19.85 Mbit/s
Sat May  2 19:45:01 CEST 2020
Ping: 25.319 ms
Download: 188.08 Mbit/s
Upload: 19.89 Mbit/s
Sat May  2 20:45:01 CEST 2020
Ping: 22.441 ms
Download: 250.12 Mbit/s
Upload: 19.14 Mbit/s
Sat May  2 21:45:02 CEST 2020
Ping: 22.908 ms
Download: 214.16 Mbit/s
Upload: 19.66 Mbit/s
Sat May  2 22:45:01 CEST 2020
Ping: 26.421 ms
Download: 217.06 Mbit/s
Upload: 19.72 Mbit/s
Sat May  2 23:45:01 CEST 2020
Ping: 21.333 ms
Download: 196.79 Mbit/s
Upload: 19.22 Mbit/s
Sun May  3 00:45:01 CEST 2020
Ping: 23.482 ms
Download: 225.10 Mbit/s
Upload: 19.75 Mbit/s
Sun May  3 01:45:01 CEST 2020
Ping: 25.343 ms
Download: 211.99 Mbit/s
Upload: 19.31 Mbit/s
Sun May  3 02:45:01 CEST 2020
Ping: 23.213 ms
Download: 210.52 Mbit/s
Upload: 19.66 Mbit/s
Sun May  3 03:45:01 CEST 2020
Ping: 23.307 ms
Download: 190.88 Mbit/s
Upload: 19.48 Mbit/s
Sun May  3 04:45:01 CEST 2020
Ping: 25.646 ms
Download: 258.12 Mbit/s
Upload: 19.25 Mbit/s
Sun May  3 05:45:01 CEST 2020
Ping: 20.669 ms
Download: 197.03 Mbit/s
Upload: 19.80 Mbit/s
Sun May  3 06:45:01 CEST 2020
Ping: 21.315 ms
Download: 206.44 Mbit/s
Upload: 19.86 Mbit/s
Sun May  3 07:45:01 CEST 2020
Ping: 24.562 ms
Download: 212.22 Mbit/s
Upload: 19.61 Mbit/s
Sun May  3 08:45:01 CEST 2020
Ping: 24.747 ms
Download: 181.28 Mbit/s
Upload: 19.63 Mbit/s
Sun May  3 09:45:01 CEST 2020
Ping: 24.913 ms
Download: 217.18 Mbit/s
Upload: 19.24 Mbit/s
Sun May  3 10:45:01 CEST 2020
Ping: 21.087 ms
Download: 262.11 Mbit/s
Upload: 19.66 Mbit/s
Sun May  3 11:45:01 CEST 2020
Ping: 29.404 ms
Download: 248.07 Mbit/s
Upload: 19.03 Mbit/s
Sun May  3 12:45:01 CEST 2020
Ping: 23.728 ms
Download: 192.66 Mbit/s
Upload: 19.67 Mbit/s
Sun May  3 13:45:01 CEST 2020
Ping: 24.444 ms
Download: 232.52 Mbit/s
Upload: 18.97 Mbit/s
Sun May  3 14:45:01 CEST 2020
Ping: 27.373 ms
Download: 200.11 Mbit/s
Upload: 18.92 Mbit/s
Sun May  3 15:45:01 CEST 2020
Ping: 22.106 ms
Download: 243.06 Mbit/s
Upload: 18.87 Mbit/s
Sun May  3 16:45:01 CEST 2020
Ping: 22.858 ms
Download: 268.64 Mbit/s
Upload: 19.56 Mbit/s
Sun May  3 17:45:02 CEST 2020
Ping: 23.422 ms
Download: 236.63 Mbit/s
Upload: 19.71 Mbit/s
Sun May  3 18:45:01 CEST 2020
Ping: 21.031 ms
Download: 191.95 Mbit/s
Upload: 19.53 Mbit/s
Sun May  3 19:45:01 CEST 2020
Ping: 23.048 ms
Download: 230.69 Mbit/s
Upload: 19.39 Mbit/s
Sun May  3 20:45:01 CEST 2020
Ping: 24.936 ms
Download: 224.87 Mbit/s
Upload: 19.08 Mbit/s
Sun May  3 21:45:02 CEST 2020
Ping: 24.079 ms
Download: 186.52 Mbit/s
Upload: 19.60 Mbit/s
Sun May  3 22:45:01 CEST 2020
Ping: 24.858 ms
Download: 198.45 Mbit/s
Upload: 19.72 Mbit/s
Sun May  3 23:45:01 CEST 2020
Ping: 24.274 ms
Download: 108.68 Mbit/s
Upload: 19.51 Mbit/s
Mon May  4 00:45:02 CEST 2020
Ping: 22.322 ms
Download: 227.60 Mbit/s
Upload: 19.77 Mbit/s
Mon May  4 01:45:01 CEST 2020
Ping: 24.81 ms
Download: 185.75 Mbit/s
Upload: 19.49 Mbit/s
Mon May  4 02:45:01 CEST 2020
Ping: 24.166 ms
Download: 109.87 Mbit/s
Upload: 19.87 Mbit/s
Mon May  4 03:45:01 CEST 2020
Ping: 22.811 ms
Download: 208.77 Mbit/s
Upload: 19.43 Mbit/s
Mon May  4 04:45:01 CEST 2020
Ping: 22.595 ms
Download: 194.54 Mbit/s
Upload: 19.58 Mbit/s
Mon May  4 05:45:01 CEST 2020
Ping: 23.11 ms
Download: 224.13 Mbit/s
Upload: 19.53 Mbit/s
Mon May  4 06:45:02 CEST 2020
Ping: 20.985 ms
Download: 219.27 Mbit/s
Upload: 19.91 Mbit/s
Mon May  4 07:45:01 CEST 2020
Ping: 21.113 ms
Download: 223.88 Mbit/s
Upload: 19.69 Mbit/s
Mon May  4 08:45:01 CEST 2020
Ping: 24.012 ms
Download: 217.49 Mbit/s
Upload: 19.37 Mbit/s
Mon May  4 09:45:01 CEST 2020
Ping: 22.33 ms
Download: 238.34 Mbit/s
Upload: 19.14 Mbit/s
Mon May  4 10:45:02 CEST 2020
Ping: 19.513 ms
Download: 202.67 Mbit/s
Upload: 19.46 Mbit/s
Mon May  4 11:45:01 CEST 2020
Ping: 24.546 ms
Download: 201.55 Mbit/s
Upload: 18.35 Mbit/s
Mon May  4 12:45:01 CEST 2020
Ping: 25.027 ms
Download: 247.93 Mbit/s
Upload: 19.58 Mbit/s
Mon May  4 13:45:01 CEST 2020
Ping: 22.69 ms
Download: 222.95 Mbit/s
Upload: 19.71 Mbit/s
Mon May  4 14:45:01 CEST 2020
Ping: 25.332 ms
Download: 225.87 Mbit/s
Upload: 19.37 Mbit/s
Mon May  4 15:45:01 CEST 2020
Ping: 24.053 ms
Download: 197.28 Mbit/s
Upload: 19.12 Mbit/s
Mon May  4 16:45:01 CEST 2020
Ping: 23.631 ms
Download: 169.69 Mbit/s
Upload: 19.07 Mbit/s
Mon May  4 17:45:01 CEST 2020
Ping: 25.043 ms
Download: 231.01 Mbit/s
Upload: 19.09 Mbit/s
Mon May  4 18:45:01 CEST 2020
Ping: 23.502 ms
Download: 181.38 Mbit/s
Upload: 19.46 Mbit/s
Mon May  4 19:45:01 CEST 2020
Ping: 24.928 ms
Download: 208.60 Mbit/s
Upload: 19.55 Mbit/s
Mon May  4 20:45:01 CEST 2020
Ping: 24.583 ms
Download: 264.31 Mbit/s
Upload: 19.63 Mbit/s
Mon May  4 21:45:01 CEST 2020
Ping: 22.52 ms
Download: 185.39 Mbit/s
Upload: 19.69 Mbit/s
Mon May  4 22:45:01 CEST 2020
Ping: 24.452 ms
Download: 245.58 Mbit/s
Upload: 19.28 Mbit/s
Mon May  4 23:45:01 CEST 2020
Ping: 24.172 ms
Download: 204.36 Mbit/s
Upload: 19.41 Mbit/s
Tue May  5 00:45:01 CEST 2020
Ping: 26.103 ms
Download: 226.25 Mbit/s
Upload: 19.01 Mbit/s
Tue May  5 01:45:01 CEST 2020
Ping: 24.369 ms
Download: 212.47 Mbit/s
Upload: 19.23 Mbit/s
Tue May  5 02:45:01 CEST 2020
Ping: 23.637 ms
Download: 263.03 Mbit/s
Upload: 19.15 Mbit/s
Tue May  5 03:45:01 CEST 2020
Ping: 23.306 ms
Download: 206.69 Mbit/s
Upload: 19.39 Mbit/s
Tue May  5 04:45:01 CEST 2020
Ping: 22.327 ms
Download: 186.27 Mbit/s
Upload: 19.69 Mbit/s
Tue May  5 05:45:01 CEST 2020
Ping: 24.313 ms
Download: 211.83 Mbit/s
Upload: 18.81 Mbit/s
Tue May  5 06:45:01 CEST 2020
Ping: 21.55 ms
Download: 213.54 Mbit/s
Upload: 19.37 Mbit/s
Tue May  5 07:45:01 CEST 2020
Ping: 25.034 ms
Download: 195.50 Mbit/s
Upload: 19.70 Mbit/s
Tue May  5 08:45:01 CEST 2020
Ping: 25.106 ms
Download: 274.05 Mbit/s
Upload: 19.34 Mbit/s
Tue May  5 09:45:01 CEST 2020
Ping: 21.8 ms
Download: 184.90 Mbit/s
Upload: 19.29 Mbit/s
Tue May  5 10:45:01 CEST 2020
Ping: 24.569 ms
Download: 245.22 Mbit/s
Upload: 19.59 Mbit/s
Tue May  5 11:45:01 CEST 2020
Ping: 24.384 ms
Download: 255.89 Mbit/s
Upload: 19.76 Mbit/s
Tue May  5 12:45:01 CEST 2020
Ping: 22.299 ms
Download: 222.30 Mbit/s
Upload: 19.60 Mbit/s
Tue May  5 13:45:01 CEST 2020
Ping: 20.581 ms
Download: 215.76 Mbit/s
Upload: 19.52 Mbit/s
Tue May  5 14:45:01 CEST 2020
Ping: 25.522 ms
Download: 220.36 Mbit/s
Upload: 18.65 Mbit/s
Tue May  5 15:45:01 CEST 2020
Ping: 21.61 ms
Download: 236.63 Mbit/s
Upload: 19.76 Mbit/s
Tue May  5 16:45:01 CEST 2020
Ping: 24.504 ms
Download: 233.83 Mbit/s
Upload: 19.56 Mbit/s
Tue May  5 17:45:01 CEST 2020
Ping: 24.109 ms
Download: 200.62 Mbit/s
Upload: 19.70 Mbit/s
Tue May  5 18:45:01 CEST 2020
Ping: 22.478 ms
Download: 193.35 Mbit/s
Upload: 19.39 Mbit/s
Tue May  5 19:45:01 CEST 2020
Ping: 24.369 ms
Download: 215.30 Mbit/s
Upload: 18.91 Mbit/s
Tue May  5 20:45:01 CEST 2020
Ping: 24.177 ms
Download: 251.99 Mbit/s
Upload: 19.53 Mbit/s
Tue May  5 21:45:01 CEST 2020
Ping: 23.374 ms
Download: 235.64 Mbit/s
Upload: 19.18 Mbit/s
Tue May  5 22:45:01 CEST 2020
Ping: 23.777 ms
Download: 283.22 Mbit/s
Upload: 19.29 Mbit/s
Tue May  5 23:45:01 CEST 2020
Ping: 23.502 ms
Download: 338.54 Mbit/s
Upload: 19.46 Mbit/s
Wed May  6 00:45:01 CEST 2020
Ping: 22.075 ms
Download: 246.04 Mbit/s
Upload: 19.52 Mbit/s
Wed May  6 01:45:01 CEST 2020
Ping: 24.012 ms
Download: 265.85 Mbit/s
Upload: 19.73 Mbit/s
Wed May  6 02:45:01 CEST 2020
Ping: 24.067 ms
Download: 272.60 Mbit/s
Upload: 19.59 Mbit/s
Wed May  6 03:45:02 CEST 2020
Ping: 20.788 ms
Download: 255.86 Mbit/s
Upload: 19.64 Mbit/s
Wed May  6 04:45:01 CEST 2020
Ping: 22.627 ms
Download: 282.87 Mbit/s
Upload: 19.46 Mbit/s
Wed May  6 05:45:02 CEST 2020
Ping: 23.246 ms
Download: 213.58 Mbit/s
Upload: 19.51 Mbit/s
Wed May  6 06:45:01 CEST 2020
Ping: 23.988 ms
Download: 210.68 Mbit/s
Upload: 19.94 Mbit/s
Wed May  6 07:45:01 CEST 2020
Ping: 24.645 ms
Download: 189.76 Mbit/s
Upload: 18.97 Mbit/s
Wed May  6 08:45:01 CEST 2020
Ping: 23.84 ms
Download: 272.37 Mbit/s
Upload: 19.24 Mbit/s
Wed May  6 09:45:01 CEST 2020
Ping: 22.668 ms
Download: 230.50 Mbit/s
Upload: 19.52 Mbit/s
Wed May  6 10:45:01 CEST 2020
Ping: 22.85 ms
Download: 231.33 Mbit/s
Upload: 19.49 Mbit/s
Wed May  6 11:45:01 CEST 2020
Ping: 25.715 ms
Download: 256.34 Mbit/s
Upload: 19.81 Mbit/s
Wed May  6 12:45:02 CEST 2020
Ping: 22.092 ms
Download: 220.10 Mbit/s
Upload: 19.34 Mbit/s
Wed May  6 13:45:01 CEST 2020
Ping: 170.019 ms
Download: 182.53 Mbit/s
Upload: 6.63 Mbit/s
Wed May  6 14:45:01 CEST 2020
Ping: 25.157 ms
Download: 255.03 Mbit/s
Upload: 18.87 Mbit/s
Wed May  6 15:45:02 CEST 2020
Ping: 21.775 ms
Download: 252.97 Mbit/s
Upload: 17.70 Mbit/s
Wed May  6 16:45:01 CEST 2020
Ping: 24.464 ms
Download: 248.74 Mbit/s
Upload: 17.77 Mbit/s
Wed May  6 17:45:01 CEST 2020
Ping: 23.402 ms
Download: 263.43 Mbit/s
Upload: 19.31 Mbit/s
Wed May  6 18:45:01 CEST 2020
Ping: 23.838 ms
Download: 271.64 Mbit/s
Upload: 19.16 Mbit/s
Wed May  6 19:45:01 CEST 2020
Ping: 23.184 ms
Download: 238.69 Mbit/s
Upload: 17.81 Mbit/s
Wed May  6 20:45:01 CEST 2020
Ping: 26.027 ms
Download: 240.36 Mbit/s
Upload: 18.98 Mbit/s
Wed May  6 21:45:01 CEST 2020
Ping: 25.643 ms
Download: 301.76 Mbit/s
Upload: 17.68 Mbit/s
Wed May  6 22:45:01 CEST 2020
Ping: 26.54 ms
Download: 271.51 Mbit/s
Upload: 7.28 Mbit/s
Wed May  6 23:45:01 CEST 2020
Ping: 25.544 ms
Download: 272.86 Mbit/s
Upload: 19.24 Mbit/s
Thu May  7 00:45:01 CEST 2020
Ping: 23.621 ms
Download: 274.16 Mbit/s
Upload: 19.42 Mbit/s
Thu May  7 01:45:01 CEST 2020
Ping: 23.27 ms
Download: 236.25 Mbit/s
Upload: 19.58 Mbit/s
Thu May  7 02:45:02 CEST 2020
Ping: 22.244 ms
Download: 231.87 Mbit/s
Upload: 19.68 Mbit/s
Thu May  7 03:45:01 CEST 2020
Ping: 23.649 ms
Download: 240.67 Mbit/s
Upload: 19.34 Mbit/s
Thu May  7 04:45:01 CEST 2020
Ping: 22.941 ms
Download: 258.07 Mbit/s
Upload: 19.58 Mbit/s
Thu May  7 05:45:01 CEST 2020
Ping: 24.039 ms
Download: 226.61 Mbit/s
Upload: 19.18 Mbit/s
Thu May  7 06:45:01 CEST 2020
Ping: 22.688 ms
Download: 187.65 Mbit/s
Upload: 19.06 Mbit/s
Thu May  7 07:45:01 CEST 2020
Ping: 24.314 ms
Download: 270.18 Mbit/s
Upload: 19.62 Mbit/s
Thu May  7 08:45:01 CEST 2020
Ping: 25.078 ms
Download: 221.99 Mbit/s
Upload: 18.15 Mbit/s
Thu May  7 09:45:01 CEST 2020
Ping: 23.425 ms
Download: 256.38 Mbit/s
Upload: 18.79 Mbit/s
Thu May  7 10:45:01 CEST 2020
Ping: 21.836 ms
Download: 267.20 Mbit/s
Upload: 19.40 Mbit/s
Thu May  7 11:45:01 CEST 2020
Ping: 23.866 ms
Download: 134.92 Mbit/s
Upload: 18.17 Mbit/s
Thu May  7 12:45:01 CEST 2020
Ping: 25.0 ms
Download: 270.53 Mbit/s
Upload: 17.40 Mbit/s
Thu May  7 13:45:01 CEST 2020
Ping: 20.862 ms
Download: 230.06 Mbit/s
Upload: 19.57 Mbit/s
Thu May  7 14:45:01 CEST 2020
Ping: 25.971 ms
Download: 214.06 Mbit/s
Upload: 18.85 Mbit/s
Thu May  7 15:45:01 CEST 2020
Ping: 23.986 ms
Download: 262.03 Mbit/s
Upload: 19.25 Mbit/s
Thu May  7 16:45:01 CEST 2020
Ping: 21.058 ms
Download: 213.57 Mbit/s
Upload: 19.29 Mbit/s
Thu May  7 17:45:01 CEST 2020
Ping: 24.253 ms
Download: 260.22 Mbit/s
Upload: 19.04 Mbit/s
Thu May  7 18:45:01 CEST 2020
Ping: 26.025 ms
Download: 235.02 Mbit/s
Upload: 17.91 Mbit/s
Thu May  7 19:45:01 CEST 2020
Ping: 23.045 ms
Download: 226.65 Mbit/s
Upload: 16.94 Mbit/s
Thu May  7 20:45:01 CEST 2020
Ping: 25.621 ms
Download: 209.44 Mbit/s
Upload: 18.80 Mbit/s
Thu May  7 21:45:01 CEST 2020
Ping: 23.925 ms
Download: 248.71 Mbit/s
Upload: 18.51 Mbit/s
Thu May  7 22:45:01 CEST 2020
Ping: 25.325 ms
Download: 233.60 Mbit/s
Upload: 19.01 Mbit/s
Thu May  7 23:45:01 CEST 2020
Ping: 25.713 ms
Download: 291.91 Mbit/s
Upload: 17.27 Mbit/s
Fri May  8 00:45:01 CEST 2020
Ping: 24.014 ms
Download: 267.70 Mbit/s
Upload: 19.72 Mbit/s
Fri May  8 01:45:01 CEST 2020
Ping: 24.523 ms
Download: 319.79 Mbit/s
Upload: 19.47 Mbit/s
Fri May  8 02:45:01 CEST 2020
Ping: 25.146 ms
Download: 250.87 Mbit/s
Upload: 19.84 Mbit/s
Fri May  8 03:45:01 CEST 2020
Ping: 23.087 ms
Download: 176.81 Mbit/s
Upload: 19.62 Mbit/s
Fri May  8 04:45:01 CEST 2020
Ping: 19.888 ms
Download: 263.54 Mbit/s
Upload: 19.77 Mbit/s
Fri May  8 05:45:01 CEST 2020
Ping: 23.526 ms
Download: 267.04 Mbit/s
Upload: 18.92 Mbit/s
Fri May  8 06:45:01 CEST 2020
Ping: 22.48 ms
Download: 278.44 Mbit/s
Upload: 19.66 Mbit/s
Fri May  8 07:45:01 CEST 2020
Ping: 25.062 ms
Download: 196.47 Mbit/s
Upload: 19.32 Mbit/s
Fri May  8 08:45:01 CEST 2020
Ping: 23.469 ms
Download: 278.87 Mbit/s
Upload: 19.32 Mbit/s
Fri May  8 09:45:01 CEST 2020
Ping: 24.385 ms
Download: 239.96 Mbit/s
Upload: 19.36 Mbit/s
Fri May  8 10:45:01 CEST 2020
Ping: 20.853 ms
Download: 258.02 Mbit/s
Upload: 19.46 Mbit/s
Fri May  8 11:45:01 CEST 2020
Ping: 24.17 ms
Download: 279.97 Mbit/s
Upload: 19.55 Mbit/s
Fri May  8 12:45:01 CEST 2020
Ping: 21.251 ms
Download: 322.04 Mbit/s
Upload: 19.76 Mbit/s
Fri May  8 13:45:01 CEST 2020
Ping: 23.502 ms
Download: 229.61 Mbit/s
Upload: 19.74 Mbit/s
Fri May  8 14:45:01 CEST 2020
Ping: 25.921 ms
Download: 215.80 Mbit/s
Upload: 19.50 Mbit/s
Fri May  8 15:45:01 CEST 2020
Ping: 23.737 ms
Download: 256.25 Mbit/s
Upload: 19.25 Mbit/s
Fri May  8 16:45:02 CEST 2020
Ping: 21.743 ms
Download: 315.22 Mbit/s
Upload: 19.30 Mbit/s
Fri May  8 17:45:01 CEST 2020
Ping: 25.604 ms
Download: 195.36 Mbit/s
Upload: 19.07 Mbit/s
Fri May  8 18:45:01 CEST 2020
Ping: 24.098 ms
Download: 347.00 Mbit/s
Upload: 19.72 Mbit/s
Fri May  8 19:45:01 CEST 2020
Ping: 22.321 ms
Download: 257.13 Mbit/s
Upload: 19.60 Mbit/s
Fri May  8 20:45:01 CEST 2020
Ping: 21.543 ms
Download: 276.89 Mbit/s
Upload: 19.76 Mbit/s
Fri May  8 21:45:01 CEST 2020
Ping: 25.84 ms
Download: 282.50 Mbit/s
Upload: 19.19 Mbit/s
Fri May  8 22:45:01 CEST 2020
Ping: 21.454 ms
Download: 290.66 Mbit/s
Upload: 18.77 Mbit/s
Fri May  8 23:45:01 CEST 2020
Ping: 25.005 ms
Download: 228.71 Mbit/s
Upload: 19.31 Mbit/s
Sat May  9 00:45:01 CEST 2020
Ping: 24.077 ms
Download: 221.25 Mbit/s
Upload: 19.48 Mbit/s
Sat May  9 01:45:01 CEST 2020
Ping: 21.203 ms
Download: 273.49 Mbit/s
Upload: 19.82 Mbit/s
Sat May  9 02:45:01 CEST 2020
Ping: 21.371 ms
Download: 201.05 Mbit/s
Upload: 19.59 Mbit/s
Sat May  9 03:45:01 CEST 2020
Ping: 23.826 ms
Download: 316.90 Mbit/s
Upload: 19.22 Mbit/s
Sat May  9 04:45:02 CEST 2020
Ping: 20.557 ms
Download: 248.75 Mbit/s
Upload: 19.73 Mbit/s
Sat May  9 05:45:01 CEST 2020
Ping: 22.501 ms
Download: 247.90 Mbit/s
Upload: 19.80 Mbit/s
Sat May  9 06:45:01 CEST 2020
Ping: 23.611 ms
Download: 241.53 Mbit/s
Upload: 19.85 Mbit/s
Sat May  9 07:45:01 CEST 2020
Ping: 25.352 ms
Download: 236.51 Mbit/s
Upload: 19.61 Mbit/s
Sat May  9 08:45:01 CEST 2020
Ping: 24.658 ms
Download: 240.06 Mbit/s
Upload: 19.62 Mbit/s
Sat May  9 09:45:01 CEST 2020
Ping: 24.812 ms
Download: 238.54 Mbit/s
Upload: 19.76 Mbit/s
Sat May  9 10:45:01 CEST 2020
Ping: 23.0 ms
Download: 258.86 Mbit/s
Upload: 19.70 Mbit/s
Sat May  9 11:45:02 CEST 2020
Ping: 20.247 ms
Download: 213.17 Mbit/s
Upload: 19.61 Mbit/s
Sat May  9 12:45:01 CEST 2020
Ping: 24.061 ms
Download: 235.32 Mbit/s
Upload: 18.90 Mbit/s
Sat May  9 13:45:01 CEST 2020
Ping: 23.358 ms
Download: 277.44 Mbit/s
Upload: 19.52 Mbit/s
Sat May  9 14:45:01 CEST 2020
Ping: 25.369 ms
Download: 225.47 Mbit/s
Upload: 18.59 Mbit/s
Sat May  9 15:45:01 CEST 2020
Ping: 26.038 ms
Download: 254.10 Mbit/s
Upload: 19.70 Mbit/s
Sat May  9 16:45:01 CEST 2020
Ping: 23.015 ms
Download: 225.32 Mbit/s
Upload: 19.78 Mbit/s
Sat May  9 17:45:01 CEST 2020
Ping: 23.844 ms
Download: 230.58 Mbit/s
Upload: 19.40 Mbit/s
Sat May  9 18:45:01 CEST 2020
Ping: 24.674 ms
Download: 212.24 Mbit/s
Upload: 19.60 Mbit/s
Sat May  9 19:45:01 CEST 2020
Ping: 22.181 ms
Download: 227.07 Mbit/s
Upload: 19.22 Mbit/s
Sat May  9 20:45:02 CEST 2020
Ping: 24.724 ms
Download: 231.70 Mbit/s
Upload: 18.66 Mbit/s
Sat May  9 21:45:01 CEST 2020
Ping: 25.397 ms
Download: 257.10 Mbit/s
Upload: 19.40 Mbit/s
Sat May  9 22:45:01 CEST 2020
Ping: 22.13 ms
Download: 232.78 Mbit/s
Upload: 19.22 Mbit/s
Sat May  9 23:45:01 CEST 2020
Ping: 25.231 ms
Download: 243.79 Mbit/s
Upload: 19.43 Mbit/s
Sun May 10 00:45:01 CEST 2020
Ping: 26.754 ms
Download: 318.84 Mbit/s
Upload: 19.68 Mbit/s
Sun May 10 01:45:01 CEST 2020
Ping: 22.383 ms
Download: 233.90 Mbit/s
Upload: 19.86 Mbit/s
Sun May 10 02:45:01 CEST 2020
Ping: 24.217 ms
Download: 237.13 Mbit/s
Upload: 19.67 Mbit/s
Sun May 10 03:45:01 CEST 2020
Ping: 21.001 ms
Download: 217.20 Mbit/s
Upload: 19.39 Mbit/s
Sun May 10 04:45:02 CEST 2020
Ping: 22.081 ms
Download: 276.31 Mbit/s
Upload: 19.30 Mbit/s
Sun May 10 05:45:01 CEST 2020
Ping: 25.28 ms
Download: 252.23 Mbit/s
Upload: 17.67 Mbit/s
Sun May 10 06:45:01 CEST 2020
Ping: 24.205 ms
Download: 294.45 Mbit/s
Upload: 19.36 Mbit/s
Sun May 10 07:45:01 CEST 2020
Ping: 24.323 ms
Download: 192.25 Mbit/s
Upload: 18.99 Mbit/s
Sun May 10 08:45:01 CEST 2020
Ping: 24.722 ms
Download: 230.89 Mbit/s
Upload: 19.37 Mbit/s
Sun May 10 09:45:02 CEST 2020
Ping: 19.715 ms
Download: 233.07 Mbit/s
Upload: 19.17 Mbit/s
Sun May 10 10:45:01 CEST 2020
Ping: 23.021 ms
Download: 297.57 Mbit/s
Upload: 19.59 Mbit/s
Sun May 10 11:45:01 CEST 2020
Ping: 24.789 ms
Download: 194.91 Mbit/s
Upload: 19.50 Mbit/s
Sun May 10 12:45:01 CEST 2020
Ping: 22.995 ms
Download: 216.59 Mbit/s
Upload: 19.34 Mbit/s
Sun May 10 13:45:01 CEST 2020
Ping: 22.676 ms
Download: 228.62 Mbit/s
Upload: 18.93 Mbit/s
Sun May 10 14:45:01 CEST 2020
Ping: 22.6 ms
Download: 217.49 Mbit/s
Upload: 19.62 Mbit/s
Sun May 10 15:45:01 CEST 2020
Ping: 23.961 ms
Download: 242.28 Mbit/s
Upload: 19.48 Mbit/s
Sun May 10 16:45:01 CEST 2020
Ping: 24.166 ms
Download: 213.75 Mbit/s
Upload: 19.46 Mbit/s
Sun May 10 17:45:02 CEST 2020
Ping: 22.946 ms
Download: 212.43 Mbit/s
Upload: 19.38 Mbit/s
Sun May 10 18:45:01 CEST 2020
Ping: 21.516 ms
Download: 324.41 Mbit/s
Upload: 19.64 Mbit/s
Sun May 10 19:45:01 CEST 2020
Ping: 22.99 ms
Download: 249.20 Mbit/s
Upload: 19.63 Mbit/s
Sun May 10 20:45:01 CEST 2020
Ping: 23.465 ms
Download: 280.38 Mbit/s
Upload: 19.62 Mbit/s
Sun May 10 21:45:01 CEST 2020
Ping: 24.684 ms
Download: 239.95 Mbit/s
Upload: 19.52 Mbit/s
Sun May 10 22:45:01 CEST 2020
Ping: 24.8 ms
Download: 299.06 Mbit/s
Upload: 19.63 Mbit/s
Sun May 10 23:45:01 CEST 2020
Ping: 23.569 ms
Download: 209.09 Mbit/s
Upload: 19.19 Mbit/s
Mon May 11 00:45:01 CEST 2020
Ping: 24.895 ms
Download: 207.18 Mbit/s
Upload: 19.44 Mbit/s
Mon May 11 01:45:01 CEST 2020
Ping: 20.261 ms
Download: 274.64 Mbit/s
Upload: 19.56 Mbit/s
Mon May 11 02:45:02 CEST 2020
Ping: 21.485 ms
Download: 262.84 Mbit/s
Upload: 19.62 Mbit/s
Mon May 11 03:45:01 CEST 2020
Ping: 20.351 ms
Download: 273.83 Mbit/s
Upload: 19.81 Mbit/s
Mon May 11 04:45:01 CEST 2020
Ping: 24.173 ms
Download: 275.84 Mbit/s
Upload: 19.28 Mbit/s
Mon May 11 05:45:01 CEST 2020
Ping: 24.875 ms
Download: 241.31 Mbit/s
Upload: 19.21 Mbit/s
Mon May 11 06:45:01 CEST 2020
Ping: 21.626 ms
Download: 248.48 Mbit/s
Upload: 19.54 Mbit/s
Mon May 11 07:45:01 CEST 2020
Ping: 24.816 ms
Download: 241.14 Mbit/s
Upload: 19.11 Mbit/s
Mon May 11 08:45:01 CEST 2020
Ping: 25.96 ms
Download: 217.62 Mbit/s
Upload: 19.17 Mbit/s
Mon May 11 09:45:02 CEST 2020
Ping: 22.289 ms
Download: 235.18 Mbit/s
Upload: 19.68 Mbit/s
Mon May 11 10:45:02 CEST 2020
Ping: 22.922 ms
Download: 211.72 Mbit/s
Upload: 19.83 Mbit/s
Mon May 11 11:45:02 CEST 2020
Ping: 20.676 ms
Download: 236.78 Mbit/s
Upload: 19.30 Mbit/s
Mon May 11 12:45:01 CEST 2020
Ping: 22.948 ms
Download: 287.89 Mbit/s
Upload: 19.79 Mbit/s
Mon May 11 13:45:02 CEST 2020
Ping: 23.626 ms
Download: 202.87 Mbit/s
Upload: 18.68 Mbit/s
Mon May 11 14:45:01 CEST 2020
Ping: 24.676 ms
Download: 170.30 Mbit/s
Upload: 19.54 Mbit/s
Mon May 11 15:45:01 CEST 2020
Ping: 23.075 ms
Download: 217.59 Mbit/s
Upload: 19.43 Mbit/s
Mon May 11 16:45:01 CEST 2020
Ping: 22.537 ms
Download: 216.02 Mbit/s
Upload: 19.85 Mbit/s
Mon May 11 17:45:01 CEST 2020
Ping: 24.035 ms
Download: 263.22 Mbit/s
Upload: 19.23 Mbit/s
Mon May 11 18:45:02 CEST 2020
Ping: 24.195 ms
Download: 234.55 Mbit/s
Upload: 19.01 Mbit/s
Mon May 11 19:45:01 CEST 2020
Ping: 25.545 ms
Download: 221.78 Mbit/s
Upload: 19.47 Mbit/s
Mon May 11 20:45:01 CEST 2020
Ping: 24.845 ms
Download: 259.90 Mbit/s
Upload: 18.18 Mbit/s
Mon May 11 21:45:01 CEST 2020
Ping: 23.23 ms
Download: 224.19 Mbit/s
Upload: 19.22 Mbit/s
Mon May 11 22:45:01 CEST 2020
Ping: 23.796 ms
Download: 230.00 Mbit/s
Upload: 19.56 Mbit/s
Mon May 11 23:45:01 CEST 2020
Ping: 26.643 ms
Download: 300.01 Mbit/s
Upload: 19.23 Mbit/s
Tue May 12 00:45:01 CEST 2020
Ping: 24.518 ms
Download: 225.30 Mbit/s
Upload: 19.73 Mbit/s
Tue May 12 01:45:01 CEST 2020
Ping: 24.512 ms
Download: 244.42 Mbit/s
Upload: 19.71 Mbit/s
Tue May 12 02:45:01 CEST 2020
Ping: 23.1 ms
Download: 302.22 Mbit/s
Upload: 19.65 Mbit/s
Tue May 12 03:45:01 CEST 2020
Ping: 22.162 ms
Download: 203.63 Mbit/s
Upload: 19.36 Mbit/s
Tue May 12 04:45:01 CEST 2020
Ping: 24.105 ms
Download: 284.71 Mbit/s
Upload: 19.61 Mbit/s
Tue May 12 05:45:01 CEST 2020
Ping: 22.332 ms
Download: 273.19 Mbit/s
Upload: 19.82 Mbit/s
Tue May 12 06:45:01 CEST 2020
Ping: 20.152 ms
Download: 246.56 Mbit/s
Upload: 19.42 Mbit/s
Tue May 12 07:45:01 CEST 2020
Ping: 24.043 ms
Download: 231.70 Mbit/s
Upload: 19.45 Mbit/s
Tue May 12 08:45:02 CEST 2020
Ping: 22.708 ms
Download: 223.71 Mbit/s
Upload: 19.38 Mbit/s
Tue May 12 09:45:01 CEST 2020
Ping: 24.351 ms
Download: 204.28 Mbit/s
Upload: 18.68 Mbit/s
Tue May 12 10:45:01 CEST 2020
Ping: 23.419 ms
Download: 266.69 Mbit/s
Upload: 19.57 Mbit/s
Tue May 12 11:45:01 CEST 2020
Ping: 24.433 ms
Download: 242.21 Mbit/s
Upload: 19.00 Mbit/s
Tue May 12 12:45:01 CEST 2020
Ping: 22.846 ms
Download: 255.61 Mbit/s
Upload: 19.70 Mbit/s
Tue May 12 13:45:01 CEST 2020
Ping: 24.35 ms
Download: 273.42 Mbit/s
Upload: 19.42 Mbit/s
Tue May 12 14:45:01 CEST 2020
Ping: 21.408 ms
Download: 262.59 Mbit/s
Upload: 19.72 Mbit/s
Tue May 12 15:45:01 CEST 2020
Ping: 22.545 ms
Download: 239.02 Mbit/s
Upload: 18.60 Mbit/s
Tue May 12 16:45:01 CEST 2020
Ping: 24.026 ms
Download: 197.64 Mbit/s
Upload: 19.63 Mbit/s
Tue May 12 17:45:01 CEST 2020
Ping: 22.597 ms
Download: 233.01 Mbit/s
Upload: 19.00 Mbit/s
Tue May 12 18:45:01 CEST 2020
Ping: 25.106 ms
Download: 259.23 Mbit/s
Upload: 19.51 Mbit/s
Tue May 12 19:45:01 CEST 2020
Ping: 25.137 ms
Download: 207.80 Mbit/s
Upload: 19.76 Mbit/s
Tue May 12 20:45:01 CEST 2020
Ping: 25.547 ms
Download: 281.50 Mbit/s
Upload: 19.83 Mbit/s
Tue May 12 21:45:01 CEST 2020
Ping: 26.734 ms
Download: 175.83 Mbit/s
Upload: 19.17 Mbit/s
Tue May 12 22:45:01 CEST 2020
Ping: 25.493 ms
Download: 212.93 Mbit/s
Upload: 19.38 Mbit/s
Tue May 12 23:45:01 CEST 2020
Ping: 24.321 ms
Download: 240.58 Mbit/s
Upload: 19.67 Mbit/s
Wed May 13 00:45:01 CEST 2020
Ping: 21.085 ms
Download: 251.14 Mbit/s
Upload: 19.88 Mbit/s
Wed May 13 01:45:02 CEST 2020
Ping: 23.539 ms
Download: 219.97 Mbit/s
Upload: 19.61 Mbit/s
Wed May 13 02:45:01 CEST 2020
Ping: 174.203 ms
Download: 129.79 Mbit/s
Upload: 7.38 Mbit/s
Wed May 13 03:45:01 CEST 2020
Ping: 23.479 ms
Download: 243.16 Mbit/s
Upload: 19.85 Mbit/s
Wed May 13 04:45:01 CEST 2020
Ping: 21.981 ms
Download: 275.77 Mbit/s
Upload: 19.75 Mbit/s
Wed May 13 05:45:01 CEST 2020
Ping: 21.503 ms
Download: 248.06 Mbit/s
Upload: 19.74 Mbit/s
Wed May 13 06:45:01 CEST 2020
Ping: 22.8 ms
Download: 297.84 Mbit/s
Upload: 19.37 Mbit/s
Wed May 13 07:45:01 CEST 2020
Ping: 24.515 ms
Download: 281.55 Mbit/s
Upload: 19.50 Mbit/s
Wed May 13 08:45:01 CEST 2020
Ping: 23.329 ms
Download: 279.11 Mbit/s
Upload: 19.41 Mbit/s
Wed May 13 09:45:01 CEST 2020
Ping: 21.504 ms
Download: 293.59 Mbit/s
Upload: 18.86 Mbit/s
Wed May 13 10:45:01 CEST 2020
Ping: 24.179 ms
Download: 230.93 Mbit/s
Upload: 18.74 Mbit/s
Wed May 13 11:45:02 CEST 2020
Ping: 21.886 ms
Download: 225.90 Mbit/s
Upload: 19.79 Mbit/s
Wed May 13 12:45:02 CEST 2020
Ping: 23.086 ms
Download: 232.65 Mbit/s
Upload: 19.38 Mbit/s
Wed May 13 13:45:01 CEST 2020
Ping: 26.549 ms
Download: 223.66 Mbit/s
Upload: 19.73 Mbit/s
Wed May 13 14:45:01 CEST 2020
Ping: 22.914 ms
Download: 272.33 Mbit/s
Upload: 19.69 Mbit/s
Wed May 13 15:45:01 CEST 2020
Ping: 24.627 ms
Download: 222.01 Mbit/s
Upload: 19.66 Mbit/s
Wed May 13 16:45:01 CEST 2020
Ping: 21.057 ms
Download: 295.82 Mbit/s
Upload: 18.83 Mbit/s
Wed May 13 17:45:01 CEST 2020
Ping: 23.97 ms
Download: 255.60 Mbit/s
Upload: 19.52 Mbit/s
Wed May 13 18:45:01 CEST 2020
Ping: 24.695 ms
Download: 219.14 Mbit/s
Upload: 19.54 Mbit/s
Wed May 13 19:45:01 CEST 2020
Ping: 25.241 ms
Download: 241.96 Mbit/s
Upload: 19.53 Mbit/s
Wed May 13 20:45:01 CEST 2020
Ping: 24.16 ms
Download: 276.03 Mbit/s
Upload: 18.84 Mbit/s
Wed May 13 21:45:01 CEST 2020
Ping: 23.747 ms
Download: 248.63 Mbit/s
Upload: 19.45 Mbit/s
Wed May 13 22:45:01 CEST 2020
Ping: 23.522 ms
Download: 230.18 Mbit/s
Upload: 19.12 Mbit/s
Wed May 13 23:45:01 CEST 2020
Ping: 20.961 ms
Download: 207.92 Mbit/s
Upload: 19.70 Mbit/s
Thu May 14 00:45:01 CEST 2020
Ping: 24.189 ms
Download: 209.90 Mbit/s
Upload: 19.40 Mbit/s
Thu May 14 01:45:01 CEST 2020
Ping: 23.96 ms
Download: 211.92 Mbit/s
Upload: 19.40 Mbit/s
Thu May 14 02:45:01 CEST 2020
Ping: 21.663 ms
Download: 242.18 Mbit/s
Upload: 19.02 Mbit/s
Thu May 14 03:45:01 CEST 2020
Ping: 21.37 ms
Download: 243.96 Mbit/s
Upload: 19.81 Mbit/s
Thu May 14 04:45:01 CEST 2020
Ping: 25.213 ms
Download: 328.09 Mbit/s
Upload: 19.42 Mbit/s
Thu May 14 05:45:01 CEST 2020
Ping: 19.909 ms
Download: 228.29 Mbit/s
Upload: 19.91 Mbit/s
Thu May 14 06:45:01 CEST 2020
Ping: 23.698 ms
Download: 165.81 Mbit/s
Upload: 19.60 Mbit/s
Thu May 14 07:45:01 CEST 2020
Ping: 21.967 ms
Download: 231.60 Mbit/s
Upload: 19.68 Mbit/s
Thu May 14 08:45:01 CEST 2020
Ping: 24.229 ms
Download: 210.86 Mbit/s
Upload: 19.75 Mbit/s
Thu May 14 09:45:01 CEST 2020
Ping: 20.89 ms
Download: 221.24 Mbit/s
Upload: 19.54 Mbit/s
Thu May 14 10:45:01 CEST 2020
Ping: 22.616 ms
Download: 242.47 Mbit/s
Upload: 19.29 Mbit/s
Thu May 14 11:45:01 CEST 2020
Ping: 20.653 ms
Download: 256.10 Mbit/s
Upload: 19.59 Mbit/s
Thu May 14 12:45:01 CEST 2020
Ping: 20.921 ms
Download: 197.58 Mbit/s
Upload: 19.63 Mbit/s
Thu May 14 13:45:01 CEST 2020
Ping: 22.256 ms
Download: 333.70 Mbit/s
Upload: 19.68 Mbit/s
Thu May 14 14:45:01 CEST 2020
Ping: 24.749 ms
Download: 189.57 Mbit/s
Upload: 19.50 Mbit/s
Thu May 14 15:45:01 CEST 2020
Ping: 22.066 ms
Download: 189.88 Mbit/s
Upload: 19.26 Mbit/s
Thu May 14 16:45:01 CEST 2020
Ping: 23.887 ms
Download: 243.57 Mbit/s
Upload: 19.37 Mbit/s
Thu May 14 17:45:01 CEST 2020
Ping: 23.781 ms
Download: 260.32 Mbit/s
Upload: 19.33 Mbit/s
Thu May 14 18:45:01 CEST 2020
Ping: 23.309 ms
Download: 240.23 Mbit/s
Upload: 19.79 Mbit/s
Thu May 14 19:45:01 CEST 2020
Ping: 22.017 ms
Download: 254.08 Mbit/s
Upload: 19.54 Mbit/s
Thu May 14 20:45:01 CEST 2020
Ping: 22.415 ms
Download: 194.33 Mbit/s
Upload: 19.59 Mbit/s
Thu May 14 21:45:02 CEST 2020
Ping: 25.879 ms
Download: 230.88 Mbit/s
Upload: 19.35 Mbit/s
Thu May 14 22:45:01 CEST 2020
Ping: 26.527 ms
Download: 261.47 Mbit/s
Upload: 19.79 Mbit/s
Thu May 14 23:45:01 CEST 2020
Ping: 24.295 ms
Download: 302.44 Mbit/s
Upload: 19.00 Mbit/s
Fri May 15 00:45:01 CEST 2020
Ping: 22.26 ms
Download: 275.87 Mbit/s
Upload: 19.57 Mbit/s
Fri May 15 01:45:01 CEST 2020
Ping: 22.568 ms
Download: 223.86 Mbit/s
Upload: 19.72 Mbit/s
Fri May 15 02:45:01 CEST 2020
Ping: 20.951 ms
Download: 252.37 Mbit/s
Upload: 19.51 Mbit/s
Fri May 15 03:45:01 CEST 2020
Ping: 23.087 ms
Download: 225.34 Mbit/s
Upload: 19.88 Mbit/s
Fri May 15 04:45:01 CEST 2020
Ping: 22.514 ms
Download: 215.61 Mbit/s
Upload: 19.39 Mbit/s
Fri May 15 05:45:01 CEST 2020
Ping: 22.833 ms
Download: 214.15 Mbit/s
Upload: 19.89 Mbit/s
Fri May 15 06:45:01 CEST 2020
Ping: 23.394 ms
Download: 212.60 Mbit/s
Upload: 18.75 Mbit/s
Fri May 15 07:45:01 CEST 2020
Ping: 23.453 ms
Download: 194.32 Mbit/s
Upload: 19.16 Mbit/s
Fri May 15 08:45:01 CEST 2020
Ping: 21.045 ms
Download: 243.29 Mbit/s
Upload: 18.71 Mbit/s
Fri May 15 09:45:02 CEST 2020
Ping: 22.346 ms
Download: 202.10 Mbit/s
Upload: 19.39 Mbit/s
Fri May 15 10:45:01 CEST 2020
Ping: 20.398 ms
Download: 231.66 Mbit/s
Upload: 19.74 Mbit/s
Fri May 15 11:45:01 CEST 2020
Ping: 22.061 ms
Download: 286.58 Mbit/s
Upload: 19.85 Mbit/s
Fri May 15 12:45:01 CEST 2020
Ping: 25.55 ms
Download: 247.93 Mbit/s
Upload: 18.66 Mbit/s
Fri May 15 13:45:01 CEST 2020
Ping: 25.681 ms
Download: 257.01 Mbit/s
Upload: 19.64 Mbit/s
Fri May 15 14:45:01 CEST 2020
Ping: 22.132 ms
Download: 258.66 Mbit/s
Upload: 19.75 Mbit/s
Fri May 15 16:45:01 CEST 2020
Ping: 24.399 ms
Download: 229.27 Mbit/s
Upload: 19.36 Mbit/s
Fri May 15 17:45:02 CEST 2020
Ping: 22.436 ms
Download: 298.63 Mbit/s
Upload: 19.41 Mbit/s
Fri May 15 18:45:01 CEST 2020
Ping: 23.95 ms
Download: 252.68 Mbit/s
Upload: 19.74 Mbit/s
Fri May 15 19:45:01 CEST 2020
Ping: 22.405 ms
Download: 252.10 Mbit/s
Upload: 19.01 Mbit/s
Fri May 15 20:45:01 CEST 2020
Ping: 24.443 ms
Download: 174.09 Mbit/s
Upload: 19.39 Mbit/s
Fri May 15 21:45:01 CEST 2020
Ping: 24.431 ms
Download: 236.72 Mbit/s
Upload: 19.52 Mbit/s
Fri May 15 22:45:01 CEST 2020
Ping: 24.918 ms
Download: 208.50 Mbit/s
Upload: 19.49 Mbit/s
Fri May 15 23:45:01 CEST 2020
Ping: 21.492 ms
Download: 251.46 Mbit/s
Upload: 19.66 Mbit/s
Sat May 16 00:45:01 CEST 2020
Ping: 23.597 ms
Download: 230.06 Mbit/s
Upload: 19.44 Mbit/s
Sat May 16 01:45:01 CEST 2020
Ping: 22.208 ms
Download: 317.45 Mbit/s
Upload: 19.54 Mbit/s
Sat May 16 02:45:01 CEST 2020
Ping: 174.01 ms
Download: 51.68 Mbit/s
Upload: 8.49 Mbit/s
Sat May 16 03:45:01 CEST 2020
Ping: 20.643 ms
Download: 246.18 Mbit/s
Upload: 19.66 Mbit/s
Sat May 16 04:45:01 CEST 2020
Ping: 23.562 ms
Download: 235.52 Mbit/s
Upload: 19.37 Mbit/s
Sat May 16 05:45:02 CEST 2020
Ping: 22.372 ms
Download: 256.47 Mbit/s
Upload: 19.80 Mbit/s
Sat May 16 06:45:01 CEST 2020
Ping: 20.086 ms
Download: 268.30 Mbit/s
Upload: 19.74 Mbit/s
Sat May 16 07:45:01 CEST 2020
Ping: 22.017 ms
Download: 216.89 Mbit/s
Upload: 18.69 Mbit/s
Sat May 16 08:45:01 CEST 2020
Ping: 20.59 ms
Download: 255.23 Mbit/s
Upload: 19.40 Mbit/s
Sat May 16 09:45:01 CEST 2020
Ping: 20.418 ms
Download: 213.92 Mbit/s
Upload: 19.42 Mbit/s
Sat May 16 10:45:01 CEST 2020
Ping: 24.26 ms
Download: 210.28 Mbit/s
Upload: 19.84 Mbit/s
Sat May 16 11:45:01 CEST 2020
Ping: 20.7 ms
Download: 251.98 Mbit/s
Upload: 19.77 Mbit/s
Sat May 16 12:45:01 CEST 2020
Ping: 20.387 ms
Download: 217.68 Mbit/s
Upload: 19.12 Mbit/s
Sat May 16 13:45:01 CEST 2020
Ping: 23.208 ms
Download: 247.64 Mbit/s
Upload: 19.30 Mbit/s
Sat May 16 14:45:01 CEST 2020
Ping: 22.436 ms
Download: 274.40 Mbit/s
Upload: 19.72 Mbit/s
Sat May 16 15:45:01 CEST 2020
Ping: 23.496 ms
Download: 237.66 Mbit/s
Upload: 19.13 Mbit/s
Sat May 16 16:45:01 CEST 2020
Ping: 23.725 ms
Download: 210.45 Mbit/s
Upload: 19.75 Mbit/s
Sat May 16 17:45:01 CEST 2020
Ping: 21.607 ms
Download: 245.51 Mbit/s
Upload: 19.67 Mbit/s
Sat May 16 18:45:01 CEST 2020
Ping: 22.389 ms
Download: 329.98 Mbit/s
Upload: 19.48 Mbit/s
Sat May 16 19:45:01 CEST 2020
Ping: 22.578 ms
Download: 259.90 Mbit/s
Upload: 19.38 Mbit/s
Sat May 16 20:45:01 CEST 2020
Ping: 21.046 ms
Download: 243.03 Mbit/s
Upload: 19.33 Mbit/s
Sat May 16 21:45:02 CEST 2020
Ping: 24.164 ms
Download: 233.57 Mbit/s
Upload: 19.73 Mbit/s
Sat May 16 22:45:02 CEST 2020
Ping: 24.979 ms
Download: 286.82 Mbit/s
Upload: 19.56 Mbit/s
Sat May 16 23:45:01 CEST 2020
Ping: 22.212 ms
Download: 170.66 Mbit/s
Upload: 19.37 Mbit/s
Sun May 17 00:45:02 CEST 2020
Ping: 24.669 ms
Download: 248.18 Mbit/s
Upload: 19.72 Mbit/s
Sun May 17 01:45:01 CEST 2020
Ping: 23.253 ms
Download: 270.48 Mbit/s
Upload: 19.45 Mbit/s
Sun May 17 02:45:01 CEST 2020
Ping: 21.759 ms
Download: 281.95 Mbit/s
Upload: 19.45 Mbit/s
Sun May 17 03:45:01 CEST 2020
Ping: 22.252 ms
Download: 229.52 Mbit/s
Upload: 19.55 Mbit/s
Sun May 17 04:45:02 CEST 2020
Ping: 24.831 ms
Download: 232.11 Mbit/s
Upload: 19.69 Mbit/s
Sun May 17 05:45:01 CEST 2020
Ping: 20.575 ms
Download: 287.71 Mbit/s
Upload: 19.27 Mbit/s
Sun May 17 06:45:01 CEST 2020
Ping: 22.236 ms
Download: 184.80 Mbit/s
Upload: 19.74 Mbit/s
Sun May 17 07:45:01 CEST 2020
Ping: 21.514 ms
Download: 201.52 Mbit/s
Upload: 18.48 Mbit/s
Sun May 17 08:45:01 CEST 2020
Ping: 21.134 ms
Download: 186.17 Mbit/s
Upload: 19.58 Mbit/s
Sun May 17 09:45:01 CEST 2020
Ping: 22.909 ms
Download: 241.17 Mbit/s
Upload: 19.52 Mbit/s
Sun May 17 10:45:01 CEST 2020
Ping: 23.084 ms
Download: 231.73 Mbit/s
Upload: 19.23 Mbit/s
Sun May 17 11:45:01 CEST 2020
Ping: 22.47 ms
Download: 243.56 Mbit/s
Upload: 19.57 Mbit/s
Sun May 17 12:45:01 CEST 2020
Ping: 20.41 ms
Download: 191.00 Mbit/s
Upload: 17.14 Mbit/s
Sun May 17 13:45:01 CEST 2020
Ping: 23.077 ms
Download: 240.33 Mbit/s
Upload: 19.41 Mbit/s
Sun May 17 14:45:01 CEST 2020
Ping: 20.488 ms
Download: 226.57 Mbit/s
Upload: 19.76 Mbit/s
Sun May 17 15:45:01 CEST 2020
Ping: 26.009 ms
Download: 251.75 Mbit/s
Upload: 19.18 Mbit/s
Sun May 17 16:45:01 CEST 2020
Ping: 22.742 ms
Download: 238.84 Mbit/s
Upload: 19.83 Mbit/s
Sun May 17 17:45:02 CEST 2020
Ping: 25.666 ms
Download: 225.40 Mbit/s
Upload: 19.16 Mbit/s
Sun May 17 18:45:01 CEST 2020
Ping: 21.716 ms
Download: 272.05 Mbit/s
Upload: 19.49 Mbit/s
Sun May 17 19:45:01 CEST 2020
Ping: 23.397 ms
Download: 241.97 Mbit/s
Upload: 18.62 Mbit/s
Sun May 17 20:45:01 CEST 2020
Ping: 25.748 ms
Download: 237.49 Mbit/s
Upload: 19.42 Mbit/s
Sun May 17 21:45:01 CEST 2020
Ping: 25.078 ms
Download: 267.74 Mbit/s
Upload: 19.89 Mbit/s
Sun May 17 22:45:01 CEST 2020
Ping: 23.033 ms
Download: 284.50 Mbit/s
Upload: 18.89 Mbit/s
Sun May 17 23:45:01 CEST 2020
Ping: 23.398 ms
Download: 237.50 Mbit/s
Upload: 19.30 Mbit/s
Mon May 18 00:45:01 CEST 2020
Ping: 22.697 ms
Download: 278.42 Mbit/s
Upload: 18.79 Mbit/s
Mon May 18 01:45:01 CEST 2020
Ping: 23.547 ms
Download: 257.23 Mbit/s
Upload: 19.33 Mbit/s
Mon May 18 02:45:01 CEST 2020
Ping: 22.107 ms
Download: 231.83 Mbit/s
Upload: 19.69 Mbit/s
Mon May 18 03:45:01 CEST 2020
Ping: 20.929 ms
Download: 250.16 Mbit/s
Upload: 19.51 Mbit/s
Mon May 18 04:45:01 CEST 2020
Ping: 22.18 ms
Download: 252.09 Mbit/s
Upload: 19.68 Mbit/s
Mon May 18 05:45:01 CEST 2020
Ping: 22.755 ms
Download: 246.27 Mbit/s
Upload: 19.89 Mbit/s
Mon May 18 06:45:01 CEST 2020
Ping: 21.779 ms
Download: 333.98 Mbit/s
Upload: 19.60 Mbit/s
Mon May 18 07:45:01 CEST 2020
Ping: 22.908 ms
Download: 240.25 Mbit/s
Upload: 19.56 Mbit/s
Mon May 18 08:45:01 CEST 2020
Ping: 20.079 ms
Download: 226.75 Mbit/s
Upload: 19.33 Mbit/s
Mon May 18 09:45:01 CEST 2020
Ping: 20.919 ms
Download: 266.53 Mbit/s
Upload: 19.61 Mbit/s
Mon May 18 10:45:01 CEST 2020
Ping: 23.743 ms
Download: 239.97 Mbit/s
Upload: 19.02 Mbit/s
Mon May 18 11:45:01 CEST 2020
Ping: 20.586 ms
Download: 305.27 Mbit/s
Upload: 18.85 Mbit/s
Mon May 18 12:45:01 CEST 2020
Ping: 23.893 ms
Download: 223.32 Mbit/s
Upload: 19.57 Mbit/s
Mon May 18 13:45:01 CEST 2020
Ping: 21.542 ms
Download: 272.98 Mbit/s
Upload: 19.60 Mbit/s
Mon May 18 14:45:01 CEST 2020
Ping: 19.257 ms
Download: 236.48 Mbit/s
Upload: 19.70 Mbit/s
Mon May 18 15:45:01 CEST 2020
Ping: 22.928 ms
Download: 247.36 Mbit/s
Upload: 19.42 Mbit/s
Mon May 18 16:45:01 CEST 2020
Ping: 21.023 ms
Download: 218.96 Mbit/s
Upload: 19.63 Mbit/s
Mon May 18 17:45:01 CEST 2020
Ping: 21.717 ms
Download: 262.95 Mbit/s
Upload: 19.67 Mbit/s
Mon May 18 18:45:01 CEST 2020
Ping: 22.378 ms
Download: 218.23 Mbit/s
Upload: 18.99 Mbit/s
Mon May 18 19:45:01 CEST 2020
Ping: 25.217 ms
Download: 201.85 Mbit/s
Upload: 19.19 Mbit/s
Mon May 18 20:45:01 CEST 2020
Ping: 23.362 ms
Download: 219.00 Mbit/s
Upload: 19.31 Mbit/s
Mon May 18 21:45:01 CEST 2020
Ping: 22.481 ms
Download: 280.69 Mbit/s
Upload: 19.52 Mbit/s
Mon May 18 22:45:01 CEST 2020
Ping: 24.051 ms
Download: 253.65 Mbit/s
Upload: 19.47 Mbit/s
Mon May 18 23:45:01 CEST 2020
Ping: 24.403 ms
Download: 233.78 Mbit/s
Upload: 19.28 Mbit/s
Tue May 19 00:45:01 CEST 2020
Ping: 23.334 ms
Download: 240.50 Mbit/s
Upload: 19.81 Mbit/s
Tue May 19 01:45:01 CEST 2020
Ping: 20.451 ms
Download: 293.14 Mbit/s
Upload: 19.83 Mbit/s
Tue May 19 02:45:01 CEST 2020
Ping: 22.561 ms
Download: 200.26 Mbit/s
Upload: 19.41 Mbit/s
Tue May 19 03:45:02 CEST 2020
Ping: 23.902 ms
Download: 301.22 Mbit/s
Upload: 19.40 Mbit/s
Tue May 19 04:45:01 CEST 2020
Ping: 20.427 ms
Download: 273.97 Mbit/s
Upload: 19.60 Mbit/s
Tue May 19 05:45:01 CEST 2020
Ping: 22.412 ms
Download: 275.82 Mbit/s
Upload: 19.21 Mbit/s
Tue May 19 06:45:01 CEST 2020
Ping: 19.932 ms
Download: 236.77 Mbit/s
Upload: 19.61 Mbit/s
Tue May 19 07:45:01 CEST 2020
Ping: 19.764 ms
Download: 219.84 Mbit/s
Upload: 19.45 Mbit/s
Tue May 19 08:45:01 CEST 2020
Ping: 26.0 ms
Download: 277.99 Mbit/s
Upload: 19.67 Mbit/s
Tue May 19 09:45:01 CEST 2020
Ping: 22.008 ms
Download: 287.94 Mbit/s
Upload: 19.56 Mbit/s
Tue May 19 10:45:01 CEST 2020
Ping: 171.847 ms
Download: 36.12 Mbit/s
Upload: 9.45 Mbit/s
Tue May 19 11:45:01 CEST 2020
Ping: 23.468 ms
Download: 205.13 Mbit/s
Upload: 19.24 Mbit/s
Tue May 19 12:45:01 CEST 2020
Ping: 21.271 ms
Download: 294.25 Mbit/s
Upload: 19.70 Mbit/s
Tue May 19 13:45:01 CEST 2020
Ping: 21.872 ms
Download: 309.02 Mbit/s
Upload: 19.37 Mbit/s
Tue May 19 14:45:01 CEST 2020
Ping: 23.395 ms
Download: 249.47 Mbit/s
Upload: 19.69 Mbit/s
Tue May 19 15:45:01 CEST 2020
Ping: 21.761 ms
Download: 279.04 Mbit/s
Upload: 19.36 Mbit/s
Tue May 19 16:45:01 CEST 2020
Ping: 21.192 ms
Download: 257.05 Mbit/s
Upload: 19.74 Mbit/s
Tue May 19 17:45:01 CEST 2020
Ping: 23.364 ms
Download: 262.88 Mbit/s
Upload: 19.48 Mbit/s
Tue May 19 18:45:01 CEST 2020
Ping: 22.51 ms
Download: 209.56 Mbit/s
Upload: 19.15 Mbit/s
Tue May 19 19:45:01 CEST 2020
Ping: 23.721 ms
Download: 263.04 Mbit/s
Upload: 19.48 Mbit/s
Tue May 19 20:45:01 CEST 2020
Ping: 23.623 ms
Download: 236.10 Mbit/s
Upload: 18.78 Mbit/s
Tue May 19 21:45:01 CEST 2020
Ping: 23.066 ms
Download: 235.51 Mbit/s
Upload: 19.49 Mbit/s
Tue May 19 22:45:01 CEST 2020
Ping: 21.615 ms
Download: 133.40 Mbit/s
Upload: 19.13 Mbit/s
Tue May 19 23:45:01 CEST 2020
Ping: 25.6 ms
Download: 188.57 Mbit/s
Upload: 19.22 Mbit/s
Wed May 20 00:45:01 CEST 2020
Ping: 23.077 ms
Download: 237.30 Mbit/s
Upload: 19.72 Mbit/s
Wed May 20 01:45:02 CEST 2020
Ping: 22.109 ms
Download: 246.75 Mbit/s
Upload: 18.60 Mbit/s
Wed May 20 02:45:01 CEST 2020
Ping: 24.554 ms
Download: 229.05 Mbit/s
Upload: 19.32 Mbit/s
Wed May 20 03:45:01 CEST 2020
Ping: 21.928 ms
Download: 225.81 Mbit/s
Upload: 19.27 Mbit/s
Wed May 20 04:45:02 CEST 2020
Ping: 22.803 ms
Download: 243.32 Mbit/s
Upload: 19.79 Mbit/s
Wed May 20 05:45:01 CEST 2020
Ping: 22.613 ms
Download: 239.16 Mbit/s
Upload: 19.18 Mbit/s
Wed May 20 06:45:01 CEST 2020
Ping: 20.976 ms
Download: 293.18 Mbit/s
Upload: 19.66 Mbit/s
Wed May 20 07:45:01 CEST 2020
Ping: 22.91 ms
Download: 251.79 Mbit/s
Upload: 18.89 Mbit/s
Wed May 20 08:45:01 CEST 2020
Ping: 22.59 ms
Download: 215.03 Mbit/s
Upload: 19.32 Mbit/s
Wed May 20 09:45:01 CEST 2020
Ping: 23.019 ms
Download: 257.44 Mbit/s
Upload: 19.55 Mbit/s
Wed May 20 10:45:01 CEST 2020
Ping: 21.081 ms
Download: 279.13 Mbit/s
Upload: 19.41 Mbit/s
Wed May 20 11:45:01 CEST 2020
Ping: 22.228 ms
Download: 246.36 Mbit/s
Upload: 19.38 Mbit/s
Wed May 20 12:45:01 CEST 2020
Ping: 23.556 ms
Download: 231.28 Mbit/s
Upload: 19.83 Mbit/s
Wed May 20 13:45:01 CEST 2020
Ping: 25.07 ms
Download: 209.52 Mbit/s
Upload: 19.41 Mbit/s
Wed May 20 14:45:01 CEST 2020
Ping: 22.93 ms
Download: 256.96 Mbit/s
Upload: 19.77 Mbit/s
Wed May 20 15:45:01 CEST 2020
Ping: 21.158 ms
Download: 241.98 Mbit/s
Upload: 19.33 Mbit/s
Wed May 20 16:45:01 CEST 2020
Ping: 22.182 ms
Download: 323.50 Mbit/s
Upload: 19.81 Mbit/s
Wed May 20 17:45:01 CEST 2020
Ping: 24.237 ms
Download: 244.00 Mbit/s
Upload: 19.18 Mbit/s
Wed May 20 18:45:01 CEST 2020
Ping: 19.921 ms
Download: 239.14 Mbit/s
Upload: 19.48 Mbit/s
Wed May 20 19:45:01 CEST 2020
Ping: 21.555 ms
Download: 264.03 Mbit/s
Upload: 19.68 Mbit/s
Wed May 20 20:45:01 CEST 2020
Ping: 24.647 ms
Download: 248.29 Mbit/s
Upload: 19.63 Mbit/s
Wed May 20 21:45:01 CEST 2020
Ping: 21.815 ms
Download: 226.43 Mbit/s
Upload: 19.69 Mbit/s
Wed May 20 22:45:01 CEST 2020
Ping: 23.746 ms
Download: 240.11 Mbit/s
Upload: 19.75 Mbit/s
Wed May 20 23:45:01 CEST 2020
Ping: 24.386 ms
Download: 185.08 Mbit/s
Upload: 19.63 Mbit/s
Thu May 21 00:45:01 CEST 2020
Ping: 22.152 ms
Download: 240.29 Mbit/s
Upload: 19.10 Mbit/s
Thu May 21 01:45:01 CEST 2020
Ping: 21.727 ms
Download: 272.83 Mbit/s
Upload: 19.25 Mbit/s
Thu May 21 02:45:01 CEST 2020
Ping: 19.947 ms
Download: 252.25 Mbit/s
Upload: 19.27 Mbit/s
Thu May 21 03:45:01 CEST 2020
Ping: 22.56 ms
Download: 234.58 Mbit/s
Upload: 19.80 Mbit/s
Thu May 21 04:45:01 CEST 2020
Ping: 22.933 ms
Download: 214.05 Mbit/s
Upload: 19.41 Mbit/s
Thu May 21 05:45:02 CEST 2020
Ping: 23.411 ms
Download: 230.80 Mbit/s
Upload: 18.93 Mbit/s
Thu May 21 06:45:01 CEST 2020
Ping: 22.275 ms
Download: 274.31 Mbit/s
Upload: 19.63 Mbit/s
Thu May 21 07:45:02 CEST 2020
Ping: 24.51 ms
Download: 278.76 Mbit/s
Upload: 19.51 Mbit/s
Thu May 21 08:45:01 CEST 2020
Ping: 22.251 ms
Download: 197.21 Mbit/s
Upload: 19.72 Mbit/s
Thu May 21 09:45:01 CEST 2020
Ping: 22.579 ms
Download: 222.83 Mbit/s
Upload: 19.73 Mbit/s
Thu May 21 10:45:01 CEST 2020
Ping: 21.746 ms
Download: 260.31 Mbit/s
Upload: 19.81 Mbit/s
Thu May 21 11:45:01 CEST 2020
Ping: 24.592 ms
Download: 201.52 Mbit/s
Upload: 19.84 Mbit/s
Thu May 21 12:45:01 CEST 2020
Ping: 22.579 ms
Download: 226.92 Mbit/s
Upload: 19.85 Mbit/s
Thu May 21 13:45:01 CEST 2020
Ping: 22.22 ms
Download: 243.01 Mbit/s
Upload: 19.77 Mbit/s
Thu May 21 14:45:01 CEST 2020
Ping: 22.936 ms
Download: 224.53 Mbit/s
Upload: 19.31 Mbit/s
Thu May 21 15:45:01 CEST 2020
Ping: 24.007 ms
Download: 239.24 Mbit/s
Upload: 19.15 Mbit/s
Thu May 21 16:45:01 CEST 2020
Ping: 24.755 ms
Download: 250.78 Mbit/s
Upload: 19.50 Mbit/s
Thu May 21 17:45:01 CEST 2020
Ping: 20.038 ms
Download: 267.60 Mbit/s
Upload: 19.43 Mbit/s
Thu May 21 18:45:01 CEST 2020
Ping: 26.157 ms
Download: 288.38 Mbit/s
Upload: 19.44 Mbit/s
Thu May 21 19:45:01 CEST 2020
Ping: 20.941 ms
Download: 234.64 Mbit/s
Upload: 19.60 Mbit/s
Thu May 21 20:45:01 CEST 2020
Ping: 21.42 ms
Download: 251.63 Mbit/s
Upload: 19.11 Mbit/s
Thu May 21 21:45:01 CEST 2020
Ping: 21.06 ms
Download: 252.49 Mbit/s
Upload: 19.39 Mbit/s
Thu May 21 22:45:01 CEST 2020
Ping: 22.199 ms
Download: 186.47 Mbit/s
Upload: 19.87 Mbit/s
Thu May 21 23:45:01 CEST 2020
Ping: 24.517 ms
Download: 238.17 Mbit/s
Upload: 19.55 Mbit/s
Fri May 22 00:45:01 CEST 2020
Ping: 21.576 ms
Download: 245.39 Mbit/s
Upload: 19.69 Mbit/s
Fri May 22 01:45:02 CEST 2020
Ping: 20.967 ms
Download: 252.74 Mbit/s
Upload: 19.48 Mbit/s
Fri May 22 02:45:01 CEST 2020
Ping: 23.051 ms
Download: 200.74 Mbit/s
Upload: 19.57 Mbit/s
Fri May 22 03:45:01 CEST 2020
Ping: 22.212 ms
Download: 256.04 Mbit/s
Upload: 19.61 Mbit/s
Fri May 22 04:45:01 CEST 2020
Ping: 25.693 ms
Download: 222.40 Mbit/s
Upload: 19.50 Mbit/s
Fri May 22 05:45:01 CEST 2020
Ping: 24.003 ms
Download: 259.63 Mbit/s
Upload: 19.32 Mbit/s
Fri May 22 06:45:01 CEST 2020
Ping: 20.57 ms
Download: 237.11 Mbit/s
Upload: 19.51 Mbit/s
Fri May 22 07:45:01 CEST 2020
Ping: 20.071 ms
Download: 240.66 Mbit/s
Upload: 19.56 Mbit/s
Fri May 22 08:45:01 CEST 2020
Ping: 22.53 ms
Download: 285.69 Mbit/s
Upload: 19.38 Mbit/s
Fri May 22 09:45:01 CEST 2020
Ping: 25.453 ms
Download: 234.24 Mbit/s
Upload: 19.26 Mbit/s
Fri May 22 10:45:01 CEST 2020
Ping: 21.053 ms
Download: 281.43 Mbit/s
Upload: 19.68 Mbit/s
Fri May 22 11:45:02 CEST 2020
Ping: 22.475 ms
Download: 235.53 Mbit/s
Upload: 19.31 Mbit/s
Fri May 22 12:45:01 CEST 2020
Ping: 22.743 ms
Download: 271.94 Mbit/s
Upload: 18.77 Mbit/s
Fri May 22 13:45:02 CEST 2020
Ping: 20.767 ms
Download: 221.26 Mbit/s
Upload: 19.72 Mbit/s
Fri May 22 14:45:01 CEST 2020
Ping: 22.282 ms
Download: 218.55 Mbit/s
Upload: 19.75 Mbit/s
Fri May 22 15:45:01 CEST 2020
Ping: 19.89 ms
Download: 296.35 Mbit/s
Upload: 18.98 Mbit/s
Fri May 22 16:45:02 CEST 2020
Ping: 21.402 ms
Download: 252.14 Mbit/s
Upload: 19.62 Mbit/s
Fri May 22 17:45:01 CEST 2020
Ping: 23.574 ms
Download: 205.15 Mbit/s
Upload: 19.62 Mbit/s
Fri May 22 18:45:01 CEST 2020
Ping: 21.168 ms
Download: 258.11 Mbit/s
Upload: 19.63 Mbit/s
Fri May 22 19:45:02 CEST 2020
Ping: 26.049 ms
Download: 193.14 Mbit/s
Upload: 19.72 Mbit/s
Fri May 22 20:45:01 CEST 2020
Ping: 22.846 ms
Download: 222.17 Mbit/s
Upload: 19.80 Mbit/s
Fri May 22 21:45:02 CEST 2020
Ping: 22.083 ms
Download: 255.75 Mbit/s
Upload: 19.74 Mbit/s
Fri May 22 22:45:01 CEST 2020
Ping: 23.494 ms
Download: 194.15 Mbit/s
Upload: 19.86 Mbit/s
Fri May 22 23:45:01 CEST 2020
Ping: 22.484 ms
Download: 256.35 Mbit/s
Upload: 19.86 Mbit/s
Sat May 23 00:45:01 CEST 2020
Ping: 22.737 ms
Download: 280.12 Mbit/s
Upload: 19.58 Mbit/s
Sat May 23 01:45:01 CEST 2020
Ping: 22.164 ms
Download: 224.03 Mbit/s
Upload: 19.42 Mbit/s
Sat May 23 02:45:01 CEST 2020
Ping: 22.513 ms
Download: 282.38 Mbit/s
Upload: 19.73 Mbit/s
Sat May 23 03:45:01 CEST 2020
Ping: 20.28 ms
Download: 229.08 Mbit/s
Upload: 19.65 Mbit/s
Sat May 23 04:45:02 CEST 2020
Ping: 21.8 ms
Download: 276.43 Mbit/s
Upload: 19.72 Mbit/s
Sat May 23 05:45:01 CEST 2020
Ping: 25.304 ms
Download: 323.22 Mbit/s
Upload: 19.87 Mbit/s
Sat May 23 06:45:01 CEST 2020
Ping: 23.64 ms
Download: 223.03 Mbit/s
Upload: 19.76 Mbit/s
Sat May 23 07:45:01 CEST 2020
Ping: 21.456 ms
Download: 231.06 Mbit/s
Upload: 19.09 Mbit/s
Sat May 23 08:45:01 CEST 2020
Ping: 23.344 ms
Download: 235.30 Mbit/s
Upload: 19.61 Mbit/s
Sat May 23 09:45:02 CEST 2020
Ping: 22.007 ms
Download: 257.29 Mbit/s
Upload: 19.78 Mbit/s
Sat May 23 10:45:01 CEST 2020
Ping: 23.184 ms
Download: 211.13 Mbit/s
Upload: 19.65 Mbit/s
Sat May 23 11:45:01 CEST 2020
Ping: 23.219 ms
Download: 253.05 Mbit/s
Upload: 19.87 Mbit/s
Sat May 23 12:45:01 CEST 2020
Ping: 20.559 ms
Download: 240.56 Mbit/s
Upload: 19.46 Mbit/s
Sat May 23 13:45:01 CEST 2020
Ping: 23.056 ms
Download: 229.10 Mbit/s
Upload: 19.89 Mbit/s
Sat May 23 14:45:01 CEST 2020
Ping: 23.393 ms
Download: 300.12 Mbit/s
Upload: 19.38 Mbit/s
Sat May 23 15:45:01 CEST 2020
Ping: 25.641 ms
Download: 232.58 Mbit/s
Upload: 19.18 Mbit/s
Sat May 23 16:45:01 CEST 2020
Ping: 22.543 ms
Download: 254.18 Mbit/s
Upload: 19.86 Mbit/s
Sat May 23 17:45:01 CEST 2020
Ping: 23.594 ms
Download: 242.38 Mbit/s
Upload: 19.52 Mbit/s
Sat May 23 18:45:01 CEST 2020
Ping: 20.731 ms
Download: 228.87 Mbit/s
Upload: 16.28 Mbit/s
Sat May 23 19:45:01 CEST 2020
Ping: 20.896 ms
Download: 202.39 Mbit/s
Upload: 19.51 Mbit/s
Sat May 23 20:45:01 CEST 2020
Ping: 25.558 ms
Download: 238.62 Mbit/s
Upload: 19.43 Mbit/s
Sat May 23 21:45:01 CEST 2020
Ping: 24.994 ms
Download: 202.45 Mbit/s
Upload: 18.89 Mbit/s
Sat May 23 22:45:01 CEST 2020
Ping: 23.478 ms
Download: 224.85 Mbit/s
Upload: 19.24 Mbit/s
Sat May 23 23:45:01 CEST 2020
Ping: 24.914 ms
Download: 248.89 Mbit/s
Upload: 19.69 Mbit/s
Sun May 24 00:45:01 CEST 2020
Ping: 23.631 ms
Download: 247.25 Mbit/s
Upload: 19.86 Mbit/s
Sun May 24 01:45:01 CEST 2020
Ping: 20.444 ms
Download: 250.19 Mbit/s
Upload: 19.49 Mbit/s
Sun May 24 02:45:01 CEST 2020
Ping: 22.76 ms
Download: 264.01 Mbit/s
Upload: 19.66 Mbit/s
Sun May 24 03:45:02 CEST 2020
Ping: 25.041 ms
Download: 252.39 Mbit/s
Upload: 19.68 Mbit/s
Sun May 24 04:45:01 CEST 2020
Ping: 20.72 ms
Download: 235.43 Mbit/s
Upload: 19.32 Mbit/s
Sun May 24 05:45:01 CEST 2020
Ping: 21.587 ms
Download: 243.47 Mbit/s
Upload: 19.74 Mbit/s
Sun May 24 06:45:01 CEST 2020
Ping: 22.567 ms
Download: 236.95 Mbit/s
Upload: 19.16 Mbit/s
Sun May 24 07:45:01 CEST 2020
Ping: 22.736 ms
Download: 212.74 Mbit/s
Upload: 19.20 Mbit/s
Sun May 24 08:45:01 CEST 2020
Ping: 21.984 ms
Download: 281.48 Mbit/s
Upload: 19.72 Mbit/s
Sun May 24 09:45:01 CEST 2020
Ping: 25.639 ms
Download: 220.22 Mbit/s
Upload: 19.54 Mbit/s
Sun May 24 10:45:01 CEST 2020
Ping: 22.643 ms
Download: 255.23 Mbit/s
Upload: 18.93 Mbit/s
Sun May 24 11:45:01 CEST 2020
Ping: 22.84 ms
Download: 204.02 Mbit/s
Upload: 19.18 Mbit/s
Sun May 24 12:45:01 CEST 2020
Ping: 22.766 ms
Download: 250.25 Mbit/s
Upload: 19.56 Mbit/s
Sun May 24 13:45:01 CEST 2020
Ping: 23.921 ms
Download: 246.59 Mbit/s
Upload: 19.47 Mbit/s
Sun May 24 14:45:01 CEST 2020
Ping: 24.357 ms
Download: 266.38 Mbit/s
Upload: 19.15 Mbit/s
Sun May 24 15:45:01 CEST 2020
Ping: 24.857 ms
Download: 208.51 Mbit/s
Upload: 19.54 Mbit/s
Sun May 24 16:45:01 CEST 2020
Ping: 20.223 ms
Download: 309.00 Mbit/s
Upload: 19.41 Mbit/s
Sun May 24 17:45:01 CEST 2020
Ping: 24.851 ms
Download: 200.63 Mbit/s
Upload: 19.67 Mbit/s
Sun May 24 18:45:01 CEST 2020
Ping: 23.463 ms
Download: 240.24 Mbit/s
Upload: 19.68 Mbit/s
Sun May 24 19:45:01 CEST 2020
Ping: 25.488 ms
Download: 230.91 Mbit/s
Upload: 19.67 Mbit/s
Sun May 24 20:45:01 CEST 2020
Ping: 19.747 ms
Download: 223.72 Mbit/s
Upload: 19.13 Mbit/s
Sun May 24 21:45:01 CEST 2020
Ping: 24.083 ms
Download: 194.79 Mbit/s
Upload: 19.68 Mbit/s
Sun May 24 22:45:01 CEST 2020
Ping: 26.642 ms
Download: 225.41 Mbit/s
Upload: 18.80 Mbit/s
Sun May 24 23:45:01 CEST 2020
Ping: 21.251 ms
Download: 270.52 Mbit/s
Upload: 19.68 Mbit/s
Mon May 25 00:45:01 CEST 2020
Ping: 22.412 ms
Download: 245.65 Mbit/s
Upload: 19.55 Mbit/s
Mon May 25 01:45:01 CEST 2020
Ping: 23.248 ms
Download: 247.69 Mbit/s
Upload: 19.49 Mbit/s
Mon May 25 02:45:01 CEST 2020
Ping: 164.188 ms
Download: 30.98 Mbit/s
Upload: 9.42 Mbit/s
Mon May 25 03:45:01 CEST 2020
Ping: 23.254 ms
Download: 283.25 Mbit/s
Upload: 19.30 Mbit/s
Mon May 25 04:45:01 CEST 2020
Ping: 19.58 ms
Download: 322.57 Mbit/s
Upload: 19.90 Mbit/s
Mon May 25 05:45:01 CEST 2020
Ping: 20.659 ms
Download: 216.79 Mbit/s
Upload: 19.41 Mbit/s
Mon May 25 06:45:01 CEST 2020
Ping: 24.853 ms
Download: 209.67 Mbit/s
Upload: 19.36 Mbit/s
Mon May 25 07:45:01 CEST 2020
Ping: 22.4 ms
Download: 221.20 Mbit/s
Upload: 19.24 Mbit/s
Mon May 25 08:45:01 CEST 2020
Ping: 19.95 ms
Download: 210.95 Mbit/s
Upload: 19.82 Mbit/s
Mon May 25 09:45:01 CEST 2020
Ping: 24.225 ms
Download: 201.79 Mbit/s
Upload: 19.62 Mbit/s
Mon May 25 10:45:02 CEST 2020
Ping: 23.111 ms
Download: 343.11 Mbit/s
Upload: 19.30 Mbit/s
Mon May 25 11:45:01 CEST 2020
Ping: 24.841 ms
Download: 217.25 Mbit/s
Upload: 19.63 Mbit/s
Mon May 25 12:45:01 CEST 2020
Ping: 23.577 ms
Download: 209.25 Mbit/s
Upload: 19.78 Mbit/s
Mon May 25 13:45:01 CEST 2020
Ping: 21.701 ms
Download: 232.90 Mbit/s
Upload: 19.36 Mbit/s
Mon May 25 14:45:01 CEST 2020
Ping: 24.787 ms
Download: 263.74 Mbit/s
Upload: 19.41 Mbit/s
Mon May 25 15:45:01 CEST 2020
Ping: 21.088 ms
Download: 228.22 Mbit/s
Upload: 19.50 Mbit/s
Mon May 25 16:45:01 CEST 2020
Ping: 23.394 ms
Download: 162.36 Mbit/s
Upload: 19.55 Mbit/s
Mon May 25 17:45:01 CEST 2020
Ping: 22.588 ms
Download: 250.14 Mbit/s
Upload: 19.47 Mbit/s
Mon May 25 18:45:01 CEST 2020
Ping: 25.742 ms
Download: 224.31 Mbit/s
Upload: 19.53 Mbit/s
Mon May 25 19:45:01 CEST 2020
Ping: 24.723 ms
Download: 243.19 Mbit/s
Upload: 19.32 Mbit/s
Mon May 25 20:45:01 CEST 2020
Ping: 20.456 ms
Download: 225.94 Mbit/s
Upload: 19.81 Mbit/s
Mon May 25 21:45:01 CEST 2020
Ping: 25.146 ms
Download: 204.53 Mbit/s
Upload: 19.37 Mbit/s
Mon May 25 22:45:01 CEST 2020
Ping: 22.105 ms
Download: 225.92 Mbit/s
Upload: 19.73 Mbit/s
Mon May 25 23:45:01 CEST 2020
Ping: 21.416 ms
Download: 209.76 Mbit/s
Upload: 19.75 Mbit/s
Tue May 26 00:45:01 CEST 2020
Ping: 23.645 ms
Download: 259.96 Mbit/s
Upload: 19.20 Mbit/s
Tue May 26 01:45:01 CEST 2020
Ping: 21.165 ms
Download: 186.94 Mbit/s
Upload: 19.55 Mbit/s
Tue May 26 02:45:01 CEST 2020
Ping: 22.558 ms
Download: 315.19 Mbit/s
Upload: 19.56 Mbit/s
Tue May 26 03:45:01 CEST 2020
Ping: 23.384 ms
Download: 243.05 Mbit/s
Upload: 19.54 Mbit/s
Tue May 26 04:45:01 CEST 2020
Ping: 21.798 ms
Download: 205.82 Mbit/s
Upload: 19.40 Mbit/s
Tue May 26 05:45:02 CEST 2020
Ping: 22.191 ms
Download: 235.35 Mbit/s
Upload: 19.80 Mbit/s
Tue May 26 06:45:01 CEST 2020
Ping: 23.517 ms
Download: 341.14 Mbit/s
Upload: 19.06 Mbit/s
Tue May 26 07:45:01 CEST 2020
Ping: 23.545 ms
Download: 245.92 Mbit/s
Upload: 19.01 Mbit/s
Tue May 26 08:45:01 CEST 2020
Ping: 23.006 ms
Download: 238.38 Mbit/s
Upload: 19.25 Mbit/s
Tue May 26 09:45:01 CEST 2020
Ping: 22.036 ms
Download: 230.63 Mbit/s
Upload: 19.39 Mbit/s
Tue May 26 10:45:01 CEST 2020
Ping: 25.35 ms
Download: 178.62 Mbit/s
Upload: 19.48 Mbit/s
Tue May 26 11:45:01 CEST 2020
Ping: 22.092 ms
Download: 251.16 Mbit/s
Upload: 19.50 Mbit/s
Tue May 26 12:45:01 CEST 2020
Ping: 25.985 ms
Download: 213.19 Mbit/s
Upload: 19.33 Mbit/s
Tue May 26 13:45:01 CEST 2020
Ping: 20.557 ms
Download: 230.94 Mbit/s
Upload: 18.94 Mbit/s
Tue May 26 14:45:01 CEST 2020
Ping: 22.347 ms
Download: 225.95 Mbit/s
Upload: 19.47 Mbit/s
Tue May 26 15:45:01 CEST 2020
Ping: 25.614 ms
Download: 268.97 Mbit/s
Upload: 19.09 Mbit/s
Tue May 26 16:45:01 CEST 2020
Ping: 22.548 ms
Download: 301.55 Mbit/s
Upload: 19.39 Mbit/s
Tue May 26 17:45:01 CEST 2020
Ping: 21.891 ms
Download: 277.49 Mbit/s
Upload: 19.63 Mbit/s
Tue May 26 18:45:01 CEST 2020
Ping: 25.233 ms
Download: 241.23 Mbit/s
Upload: 19.78 Mbit/s
Tue May 26 19:45:01 CEST 2020
Ping: 25.94 ms
Download: 337.28 Mbit/s
Upload: 18.97 Mbit/s
Tue May 26 20:45:01 CEST 2020
Ping: 23.589 ms
Download: 186.05 Mbit/s
Upload: 19.09 Mbit/s
Tue May 26 21:45:01 CEST 2020
Ping: 24.732 ms
Download: 195.59 Mbit/s
Upload: 19.43 Mbit/s
Tue May 26 22:45:01 CEST 2020
Ping: 21.097 ms
Download: 208.34 Mbit/s
Upload: 19.74 Mbit/s
Tue May 26 23:45:01 CEST 2020
Ping: 20.723 ms
Download: 248.57 Mbit/s
Upload: 19.63 Mbit/s
Wed May 27 00:45:01 CEST 2020
Ping: 23.38 ms
Download: 220.81 Mbit/s
Upload: 18.75 Mbit/s
Wed May 27 01:45:01 CEST 2020
Ping: 21.581 ms
Download: 233.07 Mbit/s
Upload: 19.78 Mbit/s
Wed May 27 02:45:01 CEST 2020
Ping: 23.046 ms
Download: 243.84 Mbit/s
Upload: 19.29 Mbit/s
Wed May 27 03:45:01 CEST 2020
Ping: 24.664 ms
Download: 272.28 Mbit/s
Upload: 19.59 Mbit/s
Wed May 27 04:45:01 CEST 2020
Ping: 21.424 ms
Download: 319.96 Mbit/s
Upload: 19.05 Mbit/s
Wed May 27 05:45:01 CEST 2020
Ping: 23.164 ms
Download: 197.53 Mbit/s
Upload: 19.48 Mbit/s
Wed May 27 06:45:01 CEST 2020
Ping: 22.455 ms
Download: 219.82 Mbit/s
Upload: 18.02 Mbit/s
Wed May 27 07:45:01 CEST 2020
Ping: 21.429 ms
Download: 324.40 Mbit/s
Upload: 19.78 Mbit/s
Wed May 27 08:45:01 CEST 2020
Ping: 20.891 ms
Download: 232.28 Mbit/s
Upload: 19.21 Mbit/s
Wed May 27 09:45:01 CEST 2020
Ping: 23.286 ms
Download: 240.10 Mbit/s
Upload: 19.78 Mbit/s
Wed May 27 10:45:01 CEST 2020
Ping: 20.859 ms
Download: 232.14 Mbit/s
Upload: 19.23 Mbit/s
Wed May 27 11:45:01 CEST 2020
Ping: 20.726 ms
Download: 233.51 Mbit/s
Upload: 19.12 Mbit/s
Wed May 27 12:45:01 CEST 2020
Ping: 25.211 ms
Download: 214.39 Mbit/s
Upload: 19.42 Mbit/s
Wed May 27 13:45:01 CEST 2020
Ping: 21.948 ms
Download: 228.92 Mbit/s
Upload: 19.21 Mbit/s
Wed May 27 14:45:01 CEST 2020
Ping: 23.589 ms
Download: 235.06 Mbit/s
Upload: 19.08 Mbit/s
Wed May 27 15:45:02 CEST 2020
Ping: 25.154 ms
Download: 218.16 Mbit/s
Upload: 19.68 Mbit/s
Wed May 27 16:45:01 CEST 2020
Ping: 24.951 ms
Download: 300.40 Mbit/s
Upload: 19.37 Mbit/s
Wed May 27 17:45:01 CEST 2020
Ping: 20.207 ms
Download: 195.10 Mbit/s
Upload: 19.14 Mbit/s
Wed May 27 18:45:01 CEST 2020
Ping: 26.004 ms
Download: 255.11 Mbit/s
Upload: 19.85 Mbit/s
Wed May 27 19:45:01 CEST 2020
Ping: 23.855 ms
Download: 253.32 Mbit/s
Upload: 19.82 Mbit/s
Wed May 27 20:45:02 CEST 2020
Ping: 22.047 ms
Download: 223.67 Mbit/s
Upload: 19.62 Mbit/s
Wed May 27 21:45:01 CEST 2020
Ping: 24.816 ms
Download: 204.96 Mbit/s
Upload: 19.54 Mbit/s
Wed May 27 22:45:01 CEST 2020
Ping: 21.233 ms
Download: 227.05 Mbit/s
Upload: 19.70 Mbit/s
Wed May 27 23:45:01 CEST 2020
Ping: 24.195 ms
Download: 258.74 Mbit/s
Upload: 19.65 Mbit/s
Thu May 28 00:45:01 CEST 2020
Ping: 21.816 ms
Download: 253.57 Mbit/s
Upload: 19.29 Mbit/s
Thu May 28 01:45:01 CEST 2020
Ping: 19.815 ms
Download: 274.09 Mbit/s
Upload: 19.55 Mbit/s
Thu May 28 02:45:01 CEST 2020
Ping: 23.648 ms
Download: 336.11 Mbit/s
Upload: 19.57 Mbit/s
Thu May 28 03:45:01 CEST 2020
Ping: 23.428 ms
Download: 282.05 Mbit/s
Upload: 19.33 Mbit/s
Thu May 28 04:45:01 CEST 2020
Ping: 20.33 ms
Download: 240.02 Mbit/s
Upload: 19.75 Mbit/s
Thu May 28 05:45:01 CEST 2020
Ping: 20.417 ms
Download: 231.58 Mbit/s
Upload: 19.75 Mbit/s
Thu May 28 06:45:01 CEST 2020
Ping: 23.179 ms
Download: 240.80 Mbit/s
Upload: 19.62 Mbit/s
Thu May 28 07:45:01 CEST 2020
Ping: 23.685 ms
Download: 209.94 Mbit/s
Upload: 19.48 Mbit/s
Thu May 28 08:45:02 CEST 2020
Ping: 23.495 ms
Download: 267.81 Mbit/s
Upload: 19.33 Mbit/s
Thu May 28 09:45:01 CEST 2020
Ping: 20.09 ms
Download: 207.62 Mbit/s
Upload: 19.20 Mbit/s
Thu May 28 10:45:01 CEST 2020
Ping: 22.884 ms
Download: 219.58 Mbit/s
Upload: 19.60 Mbit/s
Thu May 28 11:45:01 CEST 2020
Ping: 23.109 ms
Download: 240.45 Mbit/s
Upload: 19.38 Mbit/s
Thu May 28 12:45:01 CEST 2020
Ping: 24.037 ms
Download: 203.20 Mbit/s
Upload: 19.33 Mbit/s
Thu May 28 13:45:01 CEST 2020
Ping: 21.99 ms
Download: 268.94 Mbit/s
Upload: 19.55 Mbit/s
Thu May 28 14:45:01 CEST 2020
Ping: 23.078 ms
Download: 230.66 Mbit/s
Upload: 19.46 Mbit/s
Thu May 28 15:45:01 CEST 2020
Ping: 21.876 ms
Download: 288.55 Mbit/s
Upload: 18.58 Mbit/s
Thu May 28 16:45:01 CEST 2020
Ping: 22.864 ms
Download: 279.94 Mbit/s
Upload: 19.20 Mbit/s
Thu May 28 17:45:01 CEST 2020
Ping: 24.714 ms
Download: 194.71 Mbit/s
Upload: 19.49 Mbit/s
Thu May 28 18:45:02 CEST 2020
Ping: 24.996 ms
Download: 206.51 Mbit/s
Upload: 19.69 Mbit/s
Thu May 28 19:45:02 CEST 2020
Ping: 23.662 ms
Download: 195.55 Mbit/s
Upload: 19.75 Mbit/s
Thu May 28 20:45:01 CEST 2020
Ping: 23.055 ms
Download: 206.00 Mbit/s
Upload: 19.22 Mbit/s
Thu May 28 21:45:01 CEST 2020
Ping: 24.379 ms
Download: 249.49 Mbit/s
Upload: 19.46 Mbit/s
Thu May 28 22:45:01 CEST 2020
Ping: 22.916 ms
Download: 222.38 Mbit/s
Upload: 19.25 Mbit/s
Thu May 28 23:45:01 CEST 2020
Ping: 22.479 ms
Download: 207.35 Mbit/s
Upload: 19.67 Mbit/s
Fri May 29 00:45:01 CEST 2020
Ping: 24.936 ms
Download: 231.41 Mbit/s
Upload: 19.47 Mbit/s
Fri May 29 01:45:01 CEST 2020
Ping: 20.237 ms
Download: 251.31 Mbit/s
Upload: 19.74 Mbit/s
Fri May 29 02:45:01 CEST 2020
Ping: 20.569 ms
Download: 231.61 Mbit/s
Upload: 19.38 Mbit/s
Fri May 29 03:45:01 CEST 2020
Ping: 23.397 ms
Download: 240.27 Mbit/s
Upload: 19.94 Mbit/s
Fri May 29 04:45:01 CEST 2020
Ping: 22.557 ms
Download: 223.59 Mbit/s
Upload: 19.31 Mbit/s
Fri May 29 05:45:01 CEST 2020
Ping: 22.096 ms
Download: 235.43 Mbit/s
Upload: 19.42 Mbit/s
Fri May 29 06:45:01 CEST 2020
Ping: 22.373 ms
Download: 272.92 Mbit/s
Upload: 19.41 Mbit/s
Fri May 29 07:45:01 CEST 2020
Ping: 22.547 ms
Download: 220.30 Mbit/s
Upload: 18.96 Mbit/s
Fri May 29 08:45:01 CEST 2020
Ping: 21.233 ms
Download: 243.79 Mbit/s
Upload: 19.26 Mbit/s
Fri May 29 09:45:01 CEST 2020
Ping: 23.429 ms
Download: 232.56 Mbit/s
Upload: 19.36 Mbit/s
Fri May 29 10:45:01 CEST 2020
Ping: 26.325 ms
Download: 220.78 Mbit/s
Upload: 19.28 Mbit/s
Fri May 29 11:45:02 CEST 2020
Ping: 22.485 ms
Download: 245.41 Mbit/s
Upload: 19.51 Mbit/s
Fri May 29 12:45:01 CEST 2020
Ping: 20.06 ms
Download: 223.57 Mbit/s
Upload: 19.70 Mbit/s
Fri May 29 13:45:01 CEST 2020
Ping: 22.984 ms
Download: 242.14 Mbit/s
Upload: 19.39 Mbit/s
Fri May 29 14:45:01 CEST 2020
Ping: 23.54 ms
Download: 202.92 Mbit/s
Upload: 19.76 Mbit/s
Fri May 29 15:45:01 CEST 2020
Ping: 19.768 ms
Download: 201.69 Mbit/s
Upload: 19.16 Mbit/s
Fri May 29 16:45:01 CEST 2020
Ping: 25.997 ms
Download: 266.39 Mbit/s
Upload: 19.58 Mbit/s
Fri May 29 17:45:01 CEST 2020
Ping: 20.437 ms
Download: 234.36 Mbit/s
Upload: 19.16 Mbit/s
Fri May 29 18:45:01 CEST 2020
Ping: 27.047 ms
Download: 264.54 Mbit/s
Upload: 19.23 Mbit/s
Fri May 29 19:45:01 CEST 2020
Ping: 21.854 ms
Download: 263.00 Mbit/s
Upload: 19.78 Mbit/s
Fri May 29 20:45:01 CEST 2020
Ping: 22.749 ms
Download: 202.96 Mbit/s
Upload: 18.83 Mbit/s
Fri May 29 21:45:01 CEST 2020
Ping: 24.119 ms
Download: 253.23 Mbit/s
Upload: 19.28 Mbit/s
Fri May 29 22:45:01 CEST 2020
Ping: 21.468 ms
Download: 215.59 Mbit/s
Upload: 19.36 Mbit/s
Fri May 29 23:45:01 CEST 2020
Ping: 23.419 ms
Download: 272.04 Mbit/s
Upload: 18.00 Mbit/s
Sat May 30 00:45:01 CEST 2020
Ping: 25.027 ms
Download: 198.23 Mbit/s
Upload: 19.06 Mbit/s
Sat May 30 01:45:01 CEST 2020
Ping: 21.83 ms
Download: 252.97 Mbit/s
Upload: 19.45 Mbit/s
Sat May 30 02:45:02 CEST 2020
Ping: 24.193 ms
Download: 239.67 Mbit/s
Upload: 19.55 Mbit/s
Sat May 30 03:45:02 CEST 2020
Ping: 23.098 ms
Download: 266.89 Mbit/s
Upload: 18.93 Mbit/s
Sat May 30 04:45:01 CEST 2020
Ping: 21.676 ms
Download: 187.73 Mbit/s
Upload: 19.58 Mbit/s
Sat May 30 05:45:01 CEST 2020
Ping: 20.071 ms
Download: 279.75 Mbit/s
Upload: 19.48 Mbit/s
Sat May 30 06:45:01 CEST 2020
Ping: 22.392 ms
Download: 287.06 Mbit/s
Upload: 19.85 Mbit/s
Sat May 30 07:45:01 CEST 2020
Ping: 21.949 ms
Download: 276.16 Mbit/s
Upload: 19.33 Mbit/s
Sat May 30 08:45:01 CEST 2020
Ping: 19.755 ms
Download: 221.08 Mbit/s
Upload: 19.54 Mbit/s
Sat May 30 09:45:01 CEST 2020
Ping: 22.639 ms
Download: 260.80 Mbit/s
Upload: 19.52 Mbit/s
Sat May 30 10:45:02 CEST 2020
Ping: 23.165 ms
Download: 270.64 Mbit/s
Upload: 19.48 Mbit/s
Sat May 30 11:45:01 CEST 2020
Ping: 20.064 ms
Download: 278.67 Mbit/s
Upload: 19.79 Mbit/s
Sat May 30 12:45:01 CEST 2020
Ping: 22.965 ms
Download: 309.86 Mbit/s
Upload: 19.69 Mbit/s
Sat May 30 13:45:01 CEST 2020
Ping: 22.878 ms
Download: 259.95 Mbit/s
Upload: 19.66 Mbit/s
Sat May 30 14:45:01 CEST 2020
Ping: 21.798 ms
Download: 312.55 Mbit/s
Upload: 19.43 Mbit/s
Sat May 30 15:45:01 CEST 2020
Ping: 25.855 ms
Download: 218.62 Mbit/s
Upload: 19.46 Mbit/s
Sat May 30 16:45:01 CEST 2020
Ping: 23.077 ms
Download: 263.60 Mbit/s
Upload: 19.18 Mbit/s
Sat May 30 17:45:01 CEST 2020
Ping: 24.86 ms
Download: 247.41 Mbit/s
Upload: 19.87 Mbit/s
Sat May 30 18:45:01 CEST 2020
Ping: 22.297 ms
Download: 241.89 Mbit/s
Upload: 19.11 Mbit/s
Sat May 30 19:45:01 CEST 2020
Ping: 21.549 ms
Download: 217.01 Mbit/s
Upload: 19.83 Mbit/s
Sat May 30 20:45:01 CEST 2020
Ping: 23.251 ms
Download: 225.98 Mbit/s
Upload: 19.76 Mbit/s
Sat May 30 21:45:02 CEST 2020
Ping: 26.321 ms
Download: 238.81 Mbit/s
Upload: 19.66 Mbit/s
Sat May 30 22:45:02 CEST 2020
Ping: 24.825 ms
Download: 201.92 Mbit/s
Upload: 19.81 Mbit/s
Sat May 30 23:45:01 CEST 2020
Ping: 24.108 ms
Download: 230.73 Mbit/s
Upload: 19.90 Mbit/s
Sun May 31 00:45:01 CEST 2020
Ping: 24.404 ms
Download: 197.75 Mbit/s
Upload: 19.88 Mbit/s
Sun May 31 01:45:01 CEST 2020
Ping: 21.389 ms
Download: 257.35 Mbit/s
Upload: 19.36 Mbit/s
Sun May 31 02:45:01 CEST 2020
Ping: 23.712 ms
Download: 240.08 Mbit/s
Upload: 19.36 Mbit/s
Sun May 31 03:45:01 CEST 2020
Ping: 23.326 ms
Download: 286.13 Mbit/s
Upload: 19.85 Mbit/s
Sun May 31 04:45:01 CEST 2020
Ping: 21.957 ms
Download: 277.33 Mbit/s
Upload: 19.52 Mbit/s
Sun May 31 05:45:01 CEST 2020
Ping: 21.089 ms
Download: 234.38 Mbit/s
Upload: 19.68 Mbit/s
Sun May 31 06:45:01 CEST 2020
Ping: 22.043 ms
Download: 255.40 Mbit/s
Upload: 19.76 Mbit/s
Sun May 31 07:45:01 CEST 2020
Ping: 20.174 ms
Download: 242.91 Mbit/s
Upload: 19.91 Mbit/s
Sun May 31 08:45:01 CEST 2020
Ping: 23.992 ms
Download: 260.48 Mbit/s
Upload: 19.16 Mbit/s
Sun May 31 09:45:02 CEST 2020
Ping: 25.0 ms
Download: 227.70 Mbit/s
Upload: 19.67 Mbit/s
Sun May 31 10:45:01 CEST 2020
Ping: 21.43 ms
Download: 265.37 Mbit/s
Upload: 19.37 Mbit/s
Sun May 31 11:45:01 CEST 2020
Ping: 26.123 ms
Download: 233.19 Mbit/s
Upload: 19.61 Mbit/s
Sun May 31 12:45:01 CEST 2020
Ping: 24.898 ms
Download: 249.16 Mbit/s
Upload: 19.54 Mbit/s
Sun May 31 13:45:01 CEST 2020
Ping: 23.257 ms
Download: 218.99 Mbit/s
Upload: 19.47 Mbit/s
Sun May 31 14:45:01 CEST 2020
Ping: 23.339 ms
Download: 259.78 Mbit/s
Upload: 18.95 Mbit/s
Sun May 31 15:45:01 CEST 2020
Ping: 21.37 ms
Download: 208.26 Mbit/s
Upload: 19.81 Mbit/s
Sun May 31 16:45:01 CEST 2020
Ping: 23.215 ms
Download: 222.98 Mbit/s
Upload: 19.66 Mbit/s
Sun May 31 17:45:01 CEST 2020
Ping: 24.582 ms
Download: 186.76 Mbit/s
Upload: 19.59 Mbit/s
Sun May 31 18:45:01 CEST 2020
Ping: 20.212 ms
Download: 259.40 Mbit/s
Upload: 19.62 Mbit/s
Sun May 31 19:45:01 CEST 2020
Ping: 22.575 ms
Download: 222.73 Mbit/s
Upload: 19.77 Mbit/s
Sun May 31 20:45:01 CEST 2020
Ping: 24.175 ms
Download: 287.23 Mbit/s
Upload: 19.55 Mbit/s
Sun May 31 21:45:01 CEST 2020
Ping: 22.563 ms
Download: 233.03 Mbit/s
Upload: 19.70 Mbit/s
Sun May 31 22:45:01 CEST 2020
Ping: 26.217 ms
Download: 250.81 Mbit/s
Upload: 19.28 Mbit/s
Sun May 31 23:45:01 CEST 2020
Ping: 20.102 ms
Download: 280.47 Mbit/s
Upload: 19.09 Mbit/s
