Thu Oct  1 00:45:01 CEST 2020
Ping: 23.158 ms
Download: 219.86 Mbit/s
Upload: 19.57 Mbit/s
Thu Oct  1 01:45:01 CEST 2020
Ping: 24.491 ms
Download: 198.27 Mbit/s
Upload: 19.13 Mbit/s
Thu Oct  1 02:45:01 CEST 2020
Ping: 25.223 ms
Download: 257.72 Mbit/s
Upload: 19.64 Mbit/s
Thu Oct  1 03:45:01 CEST 2020
Ping: 22.397 ms
Download: 233.60 Mbit/s
Upload: 19.47 Mbit/s
Thu Oct  1 04:45:01 CEST 2020
Ping: 22.207 ms
Download: 143.30 Mbit/s
Upload: 19.68 Mbit/s
Thu Oct  1 05:45:01 CEST 2020
Ping: 26.64 ms
Download: 279.54 Mbit/s
Upload: 19.06 Mbit/s
Thu Oct  1 06:45:01 CEST 2020
Ping: 23.912 ms
Download: 142.28 Mbit/s
Upload: 19.21 Mbit/s
Thu Oct  1 07:45:01 CEST 2020
Ping: 22.495 ms
Download: 101.90 Mbit/s
Upload: 19.76 Mbit/s
Thu Oct  1 08:45:02 CEST 2020
Ping: 23.891 ms
Download: 213.40 Mbit/s
Upload: 19.67 Mbit/s
Thu Oct  1 09:45:01 CEST 2020
Ping: 23.298 ms
Download: 227.54 Mbit/s
Upload: 18.72 Mbit/s
Thu Oct  1 10:45:01 CEST 2020
Ping: 26.875 ms
Download: 223.63 Mbit/s
Upload: 19.13 Mbit/s
Thu Oct  1 11:45:01 CEST 2020
Ping: 26.125 ms
Download: 211.23 Mbit/s
Upload: 18.36 Mbit/s
Thu Oct  1 12:45:01 CEST 2020
Ping: 22.999 ms
Download: 147.35 Mbit/s
Upload: 19.45 Mbit/s
Thu Oct  1 13:45:01 CEST 2020
Ping: 25.003 ms
Download: 116.94 Mbit/s
Upload: 18.33 Mbit/s
Thu Oct  1 14:45:01 CEST 2020
Ping: 24.904 ms
Download: 217.53 Mbit/s
Upload: 17.75 Mbit/s
Thu Oct  1 15:45:01 CEST 2020
Ping: 25.254 ms
Download: 112.11 Mbit/s
Upload: 18.91 Mbit/s
Thu Oct  1 16:45:01 CEST 2020
Ping: 30.435 ms
Download: 303.24 Mbit/s
Upload: 19.55 Mbit/s
Thu Oct  1 17:45:01 CEST 2020
Ping: 25.864 ms
Download: 286.39 Mbit/s
Upload: 19.57 Mbit/s
Thu Oct  1 18:45:01 CEST 2020
Ping: 22.039 ms
Download: 254.60 Mbit/s
Upload: 19.49 Mbit/s
Thu Oct  1 19:45:01 CEST 2020
Ping: 22.798 ms
Download: 103.53 Mbit/s
Upload: 19.24 Mbit/s
Thu Oct  1 20:45:01 CEST 2020
Ping: 28.138 ms
Download: 254.05 Mbit/s
Upload: 19.64 Mbit/s
Thu Oct  1 21:45:01 CEST 2020
Ping: 26.02 ms
Download: 251.04 Mbit/s
Upload: 19.52 Mbit/s
Thu Oct  1 22:45:01 CEST 2020
Ping: 23.576 ms
Download: 180.02 Mbit/s
Upload: 19.58 Mbit/s
Thu Oct  1 23:45:01 CEST 2020
Ping: 22.539 ms
Download: 241.81 Mbit/s
Upload: 19.40 Mbit/s
Fri Oct  2 00:45:01 CEST 2020
Ping: 23.075 ms
Download: 299.91 Mbit/s
Upload: 19.64 Mbit/s
Fri Oct  2 01:45:01 CEST 2020
Ping: 22.427 ms
Download: 107.85 Mbit/s
Upload: 18.59 Mbit/s
Fri Oct  2 02:45:01 CEST 2020
Ping: 24.407 ms
Download: 259.42 Mbit/s
Upload: 19.39 Mbit/s
Fri Oct  2 03:45:01 CEST 2020
Ping: 24.446 ms
Download: 187.93 Mbit/s
Upload: 19.79 Mbit/s
Fri Oct  2 04:45:01 CEST 2020
Ping: 22.415 ms
Download: 149.34 Mbit/s
Upload: 19.64 Mbit/s
Fri Oct  2 05:45:01 CEST 2020
Ping: 23.954 ms
Download: 272.15 Mbit/s
Upload: 19.68 Mbit/s
Fri Oct  2 06:45:02 CEST 2020
Ping: 20.087 ms
Download: 311.53 Mbit/s
Upload: 19.32 Mbit/s
Fri Oct  2 07:45:01 CEST 2020
Ping: 24.029 ms
Download: 157.23 Mbit/s
Upload: 19.52 Mbit/s
Fri Oct  2 08:45:02 CEST 2020
Ping: 20.067 ms
Download: 277.05 Mbit/s
Upload: 19.27 Mbit/s
Fri Oct  2 09:45:01 CEST 2020
Ping: 23.094 ms
Download: 129.42 Mbit/s
Upload: 17.54 Mbit/s
Fri Oct  2 10:45:01 CEST 2020
Ping: 24.197 ms
Download: 198.67 Mbit/s
Upload: 18.85 Mbit/s
Fri Oct  2 11:45:01 CEST 2020
Ping: 27.557 ms
Download: 221.77 Mbit/s
Upload: 19.45 Mbit/s
Fri Oct  2 12:45:01 CEST 2020
Ping: 23.996 ms
Download: 98.37 Mbit/s
Upload: 19.35 Mbit/s
Fri Oct  2 13:45:01 CEST 2020
Ping: 25.056 ms
Download: 237.26 Mbit/s
Upload: 19.79 Mbit/s
Fri Oct  2 14:45:01 CEST 2020
Ping: 24.162 ms
Download: 289.28 Mbit/s
Upload: 19.41 Mbit/s
Fri Oct  2 15:45:01 CEST 2020
Ping: 24.844 ms
Download: 255.20 Mbit/s
Upload: 19.22 Mbit/s
Fri Oct  2 16:45:01 CEST 2020
Ping: 22.543 ms
Download: 239.65 Mbit/s
Upload: 19.67 Mbit/s
Fri Oct  2 17:45:01 CEST 2020
Ping: 24.028 ms
Download: 204.13 Mbit/s
Upload: 18.97 Mbit/s
Fri Oct  2 18:45:01 CEST 2020
Ping: 22.641 ms
Download: 144.65 Mbit/s
Upload: 19.60 Mbit/s
Fri Oct  2 19:45:01 CEST 2020
Ping: 25.01 ms
Download: 287.97 Mbit/s
Upload: 19.66 Mbit/s
Fri Oct  2 20:45:01 CEST 2020
Ping: 21.191 ms
Download: 124.21 Mbit/s
Upload: 19.31 Mbit/s
Fri Oct  2 21:45:01 CEST 2020
Ping: 29.268 ms
Download: 210.05 Mbit/s
Upload: 19.87 Mbit/s
Fri Oct  2 22:45:01 CEST 2020
Ping: 24.043 ms
Download: 302.47 Mbit/s
Upload: 19.50 Mbit/s
Fri Oct  2 23:45:01 CEST 2020
Ping: 22.32 ms
Download: 318.22 Mbit/s
Upload: 19.62 Mbit/s
Sat Oct  3 00:45:01 CEST 2020
Ping: 24.259 ms
Download: 95.47 Mbit/s
Upload: 19.37 Mbit/s
Sat Oct  3 01:45:01 CEST 2020
Ping: 26.081 ms
Download: 230.44 Mbit/s
Upload: 19.17 Mbit/s
Sat Oct  3 02:45:01 CEST 2020
Ping: 23.309 ms
Download: 98.09 Mbit/s
Upload: 19.45 Mbit/s
Sat Oct  3 03:45:01 CEST 2020
Ping: 24.156 ms
Download: 244.13 Mbit/s
Upload: 19.49 Mbit/s
Sat Oct  3 04:45:02 CEST 2020
Ping: 22.068 ms
Download: 157.94 Mbit/s
Upload: 19.73 Mbit/s
Sat Oct  3 05:45:01 CEST 2020
Ping: 27.442 ms
Download: 290.86 Mbit/s
Upload: 19.10 Mbit/s
Sat Oct  3 06:45:01 CEST 2020
Ping: 22.876 ms
Download: 207.01 Mbit/s
Upload: 19.65 Mbit/s
Sat Oct  3 07:45:01 CEST 2020
Ping: 22.836 ms
Download: 192.47 Mbit/s
Upload: 19.47 Mbit/s
Sat Oct  3 08:45:01 CEST 2020
Ping: 24.965 ms
Download: 228.05 Mbit/s
Upload: 19.28 Mbit/s
Sat Oct  3 09:45:01 CEST 2020
Ping: 22.55 ms
Download: 166.52 Mbit/s
Upload: 19.05 Mbit/s
Sat Oct  3 10:45:02 CEST 2020
Ping: 21.924 ms
Download: 162.12 Mbit/s
Upload: 18.85 Mbit/s
Sat Oct  3 11:45:01 CEST 2020
Ping: 23.587 ms
Download: 151.39 Mbit/s
Upload: 19.40 Mbit/s
Sat Oct  3 12:45:01 CEST 2020
Ping: 23.192 ms
Download: 275.37 Mbit/s
Upload: 18.67 Mbit/s
Sat Oct  3 13:45:01 CEST 2020
Ping: 26.089 ms
Download: 221.90 Mbit/s
Upload: 19.15 Mbit/s
Sat Oct  3 14:45:01 CEST 2020
Ping: 25.172 ms
Download: 120.04 Mbit/s
Upload: 19.63 Mbit/s
Sat Oct  3 15:45:01 CEST 2020
Ping: 22.791 ms
Download: 245.56 Mbit/s
Upload: 19.29 Mbit/s
Sat Oct  3 16:45:01 CEST 2020
Ping: 25.168 ms
Download: 250.66 Mbit/s
Upload: 19.37 Mbit/s
Sat Oct  3 17:45:01 CEST 2020
Ping: 24.209 ms
Download: 139.64 Mbit/s
Upload: 19.41 Mbit/s
Sat Oct  3 18:45:01 CEST 2020
Ping: 23.999 ms
Download: 96.54 Mbit/s
Upload: 19.66 Mbit/s
Sat Oct  3 19:45:01 CEST 2020
Ping: 22.064 ms
Download: 313.78 Mbit/s
Upload: 19.72 Mbit/s
Sat Oct  3 20:45:01 CEST 2020
Ping: 28.395 ms
Download: 241.31 Mbit/s
Upload: 19.08 Mbit/s
Sat Oct  3 21:45:01 CEST 2020
Ping: 24.957 ms
Download: 230.89 Mbit/s
Upload: 19.29 Mbit/s
Sat Oct  3 22:45:01 CEST 2020
Ping: 24.902 ms
Download: 216.29 Mbit/s
Upload: 19.49 Mbit/s
Sat Oct  3 23:45:01 CEST 2020
Ping: 22.648 ms
Download: 300.13 Mbit/s
Upload: 19.17 Mbit/s
Sun Oct  4 00:45:01 CEST 2020
Ping: 23.649 ms
Download: 236.95 Mbit/s
Upload: 19.44 Mbit/s
Sun Oct  4 01:45:01 CEST 2020
Ping: 24.811 ms
Download: 170.57 Mbit/s
Upload: 19.54 Mbit/s
Sun Oct  4 02:45:01 CEST 2020
Ping: 23.515 ms
Download: 232.66 Mbit/s
Upload: 19.53 Mbit/s
Sun Oct  4 03:45:01 CEST 2020
Ping: 20.74 ms
Download: 252.24 Mbit/s
Upload: 19.41 Mbit/s
Sun Oct  4 04:45:01 CEST 2020
Ping: 21.76 ms
Download: 270.17 Mbit/s
Upload: 19.41 Mbit/s
Sun Oct  4 05:45:01 CEST 2020
Ping: 24.087 ms
Download: 219.29 Mbit/s
Upload: 18.95 Mbit/s
Sun Oct  4 06:45:01 CEST 2020
Ping: 20.766 ms
Download: 362.28 Mbit/s
Upload: 19.28 Mbit/s
Sun Oct  4 07:45:01 CEST 2020
Ping: 22.811 ms
Download: 128.36 Mbit/s
Upload: 19.53 Mbit/s
Sun Oct  4 08:45:01 CEST 2020
Ping: 24.933 ms
Download: 242.38 Mbit/s
Upload: 19.01 Mbit/s
Sun Oct  4 09:45:01 CEST 2020
Ping: 26.346 ms
Download: 231.87 Mbit/s
Upload: 19.66 Mbit/s
Sun Oct  4 10:45:01 CEST 2020
Ping: 24.675 ms
Download: 212.60 Mbit/s
Upload: 19.75 Mbit/s
Sun Oct  4 11:45:01 CEST 2020
Ping: 22.896 ms
Download: 119.62 Mbit/s
Upload: 18.56 Mbit/s
Sun Oct  4 12:45:01 CEST 2020
Ping: 23.073 ms
Download: 214.55 Mbit/s
Upload: 19.66 Mbit/s
Sun Oct  4 13:45:01 CEST 2020
Ping: 25.608 ms
Download: 328.02 Mbit/s
Upload: 19.82 Mbit/s
Sun Oct  4 14:45:01 CEST 2020
Ping: 25.353 ms
Download: 163.44 Mbit/s
Upload: 19.12 Mbit/s
Sun Oct  4 15:45:01 CEST 2020
Ping: 24.141 ms
Download: 271.21 Mbit/s
Upload: 19.73 Mbit/s
Sun Oct  4 16:45:01 CEST 2020
Ping: 24.439 ms
Download: 148.09 Mbit/s
Upload: 19.39 Mbit/s
Sun Oct  4 17:45:02 CEST 2020
Ping: 22.709 ms
Download: 220.39 Mbit/s
Upload: 19.50 Mbit/s
Sun Oct  4 18:45:01 CEST 2020
Ping: 22.015 ms
Download: 97.10 Mbit/s
Upload: 18.09 Mbit/s
Sun Oct  4 19:45:01 CEST 2020
Ping: 23.848 ms
Download: 128.86 Mbit/s
Upload: 18.88 Mbit/s
Sun Oct  4 20:45:01 CEST 2020
Ping: 24.82 ms
Download: 243.25 Mbit/s
Upload: 19.50 Mbit/s
Sun Oct  4 21:45:02 CEST 2020
Ping: 22.561 ms
Download: 100.47 Mbit/s
Upload: 18.35 Mbit/s
Sun Oct  4 22:45:01 CEST 2020
Ping: 23.391 ms
Download: 117.68 Mbit/s
Upload: 19.05 Mbit/s
Sun Oct  4 23:45:01 CEST 2020
Ping: 23.179 ms
Download: 159.57 Mbit/s
Upload: 18.44 Mbit/s
Mon Oct  5 00:45:01 CEST 2020
Ping: 20.796 ms
Download: 148.97 Mbit/s
Upload: 19.65 Mbit/s
Mon Oct  5 01:45:01 CEST 2020
Ping: 23.926 ms
Download: 274.28 Mbit/s
Upload: 19.87 Mbit/s
Mon Oct  5 02:45:01 CEST 2020
Ping: 25.365 ms
Download: 214.28 Mbit/s
Upload: 19.37 Mbit/s
Mon Oct  5 03:45:01 CEST 2020
Ping: 22.248 ms
Download: 129.83 Mbit/s
Upload: 19.72 Mbit/s
Mon Oct  5 04:45:01 CEST 2020
Ping: 23.407 ms
Download: 131.29 Mbit/s
Upload: 19.57 Mbit/s
Mon Oct  5 05:45:01 CEST 2020
Ping: 21.309 ms
Download: 208.82 Mbit/s
Upload: 19.64 Mbit/s
Mon Oct  5 06:45:02 CEST 2020
Ping: 21.362 ms
Download: 268.90 Mbit/s
Upload: 19.77 Mbit/s
Mon Oct  5 07:45:01 CEST 2020
Ping: 23.019 ms
Download: 78.64 Mbit/s
Upload: 18.93 Mbit/s
Mon Oct  5 08:45:01 CEST 2020
Ping: 25.298 ms
Download: 193.73 Mbit/s
Upload: 19.33 Mbit/s
Mon Oct  5 09:45:01 CEST 2020
Ping: 22.863 ms
Download: 101.20 Mbit/s
Upload: 18.78 Mbit/s
Mon Oct  5 10:45:01 CEST 2020
Ping: 26.367 ms
Download: 259.76 Mbit/s
Upload: 19.26 Mbit/s
Mon Oct  5 11:45:01 CEST 2020
Ping: 24.453 ms
Download: 248.91 Mbit/s
Upload: 18.77 Mbit/s
Mon Oct  5 12:45:01 CEST 2020
Ping: 21.22 ms
Download: 216.28 Mbit/s
Upload: 19.39 Mbit/s
Mon Oct  5 13:45:01 CEST 2020
Ping: 21.686 ms
Download: 313.45 Mbit/s
Upload: 19.13 Mbit/s
Mon Oct  5 14:45:01 CEST 2020
Ping: 23.234 ms
Download: 261.56 Mbit/s
Upload: 19.10 Mbit/s
Mon Oct  5 15:45:01 CEST 2020
Ping: 26.546 ms
Download: 315.36 Mbit/s
Upload: 18.89 Mbit/s
Mon Oct  5 16:45:01 CEST 2020
Ping: 23.084 ms
Download: 204.73 Mbit/s
Upload: 19.35 Mbit/s
Mon Oct  5 17:45:01 CEST 2020
Ping: 24.527 ms
Download: 142.63 Mbit/s
Upload: 18.59 Mbit/s
Mon Oct  5 18:45:01 CEST 2020
Ping: 26.003 ms
Download: 275.99 Mbit/s
Upload: 18.68 Mbit/s
Mon Oct  5 19:45:01 CEST 2020
Ping: 23.884 ms
Download: 263.14 Mbit/s
Upload: 19.37 Mbit/s
Mon Oct  5 20:45:01 CEST 2020
Ping: 25.004 ms
Download: 283.12 Mbit/s
Upload: 19.66 Mbit/s
Mon Oct  5 21:45:01 CEST 2020
Ping: 22.011 ms
Download: 263.50 Mbit/s
Upload: 18.79 Mbit/s
Mon Oct  5 22:45:01 CEST 2020
Ping: 30.501 ms
Download: 222.43 Mbit/s
Upload: 18.72 Mbit/s
Mon Oct  5 23:45:01 CEST 2020
Ping: 24.068 ms
Download: 266.12 Mbit/s
Upload: 19.48 Mbit/s
Tue Oct  6 00:45:01 CEST 2020
Ping: 22.751 ms
Download: 133.56 Mbit/s
Upload: 19.59 Mbit/s
Tue Oct  6 01:45:01 CEST 2020
Ping: 26.666 ms
Download: 242.20 Mbit/s
Upload: 2.76 Mbit/s
Tue Oct  6 02:45:01 CEST 2020
Ping: 21.825 ms
Download: 190.44 Mbit/s
Upload: 19.73 Mbit/s
Tue Oct  6 03:45:01 CEST 2020
Ping: 25.123 ms
Download: 315.21 Mbit/s
Upload: 19.50 Mbit/s
Tue Oct  6 04:45:01 CEST 2020
Ping: 22.709 ms
Download: 108.57 Mbit/s
Upload: 19.80 Mbit/s
Tue Oct  6 05:45:01 CEST 2020
Ping: 24.948 ms
Download: 265.96 Mbit/s
Upload: 19.83 Mbit/s
Tue Oct  6 06:45:01 CEST 2020
Ping: 23.573 ms
Download: 127.29 Mbit/s
Upload: 19.63 Mbit/s
Tue Oct  6 07:45:01 CEST 2020
Ping: 26.649 ms
Download: 269.78 Mbit/s
Upload: 19.51 Mbit/s
Tue Oct  6 08:45:01 CEST 2020
Ping: 25.675 ms
Download: 307.11 Mbit/s
Upload: 19.28 Mbit/s
Tue Oct  6 09:45:01 CEST 2020
Ping: 25.724 ms
Download: 212.26 Mbit/s
Upload: 19.13 Mbit/s
Tue Oct  6 10:45:01 CEST 2020
Ping: 22.949 ms
Download: 136.38 Mbit/s
Upload: 19.47 Mbit/s
Tue Oct  6 11:45:01 CEST 2020
Ping: 24.482 ms
Download: 208.51 Mbit/s
Upload: 18.54 Mbit/s
Tue Oct  6 12:45:01 CEST 2020
Ping: 22.817 ms
Download: 121.66 Mbit/s
Upload: 18.25 Mbit/s
Tue Oct  6 13:45:01 CEST 2020
Ping: 23.934 ms
Download: 106.12 Mbit/s
Upload: 19.45 Mbit/s
Tue Oct  6 14:45:01 CEST 2020
Ping: 22.518 ms
Download: 187.32 Mbit/s
Upload: 19.22 Mbit/s
Tue Oct  6 15:45:01 CEST 2020
Ping: 24.499 ms
Download: 296.39 Mbit/s
Upload: 18.31 Mbit/s
Tue Oct  6 16:45:01 CEST 2020
Ping: 21.507 ms
Download: 326.86 Mbit/s
Upload: 18.10 Mbit/s
Tue Oct  6 17:45:01 CEST 2020
Ping: 24.041 ms
Download: 365.06 Mbit/s
Upload: 19.58 Mbit/s
Tue Oct  6 18:45:01 CEST 2020
Ping: 25.603 ms
Download: 218.60 Mbit/s
Upload: 19.30 Mbit/s
Tue Oct  6 19:45:01 CEST 2020
Ping: 23.034 ms
Download: 122.13 Mbit/s
Upload: 18.94 Mbit/s
Tue Oct  6 20:45:01 CEST 2020
Ping: 28.28 ms
Download: 265.53 Mbit/s
Upload: 19.11 Mbit/s
Tue Oct  6 21:45:01 CEST 2020
Ping: 28.662 ms
Download: 306.67 Mbit/s
Upload: 19.25 Mbit/s
Tue Oct  6 22:45:01 CEST 2020
Ping: 24.838 ms
Download: 222.36 Mbit/s
Upload: 19.33 Mbit/s
Tue Oct  6 23:45:01 CEST 2020
Ping: 25.646 ms
Download: 268.21 Mbit/s
Upload: 19.37 Mbit/s
Wed Oct  7 00:45:01 CEST 2020
Ping: 22.551 ms
Download: 285.51 Mbit/s
Upload: 19.77 Mbit/s
Wed Oct  7 01:45:01 CEST 2020
Ping: 21.199 ms
Download: 280.45 Mbit/s
Upload: 19.63 Mbit/s
Wed Oct  7 02:45:01 CEST 2020
Ping: 22.131 ms
Download: 143.65 Mbit/s
Upload: 19.63 Mbit/s
Wed Oct  7 03:45:01 CEST 2020
Ping: 24.81 ms
Download: 192.46 Mbit/s
Upload: 19.46 Mbit/s
Wed Oct  7 04:45:01 CEST 2020
Ping: 23.479 ms
Download: 212.33 Mbit/s
Upload: 18.70 Mbit/s
Wed Oct  7 05:45:01 CEST 2020
Ping: 22.032 ms
Download: 264.85 Mbit/s
Upload: 19.67 Mbit/s
Wed Oct  7 06:45:01 CEST 2020
Ping: 21.761 ms
Download: 157.80 Mbit/s
Upload: 18.47 Mbit/s
Wed Oct  7 07:45:01 CEST 2020
Ping: 24.319 ms
Download: 98.59 Mbit/s
Upload: 19.39 Mbit/s
Wed Oct  7 08:45:01 CEST 2020
Ping: 23.192 ms
Download: 273.58 Mbit/s
Upload: 19.45 Mbit/s
Wed Oct  7 09:45:01 CEST 2020
Ping: 23.316 ms
Download: 109.40 Mbit/s
Upload: 19.26 Mbit/s
Wed Oct  7 10:45:01 CEST 2020
Ping: 28.663 ms
Download: 232.34 Mbit/s
Upload: 17.42 Mbit/s
Wed Oct  7 11:45:02 CEST 2020
Ping: 23.247 ms
Download: 201.32 Mbit/s
Upload: 19.69 Mbit/s
Wed Oct  7 12:45:01 CEST 2020
Ping: 24.009 ms
Download: 119.68 Mbit/s
Upload: 19.42 Mbit/s
Wed Oct  7 13:45:01 CEST 2020
Ping: 22.046 ms
Download: 289.24 Mbit/s
Upload: 19.06 Mbit/s
Wed Oct  7 14:45:01 CEST 2020
Ping: 23.653 ms
Download: 265.45 Mbit/s
Upload: 17.90 Mbit/s
Wed Oct  7 15:45:01 CEST 2020
Ping: 23.835 ms
Download: 284.87 Mbit/s
Upload: 19.69 Mbit/s
Wed Oct  7 16:45:01 CEST 2020
Ping: 25.188 ms
Download: 152.08 Mbit/s
Upload: 17.75 Mbit/s
Wed Oct  7 17:45:01 CEST 2020
Ping: 29.592 ms
Download: 253.32 Mbit/s
Upload: 18.55 Mbit/s
Wed Oct  7 18:45:02 CEST 2020
Ping: 24.543 ms
Download: 290.71 Mbit/s
Upload: 18.40 Mbit/s
Wed Oct  7 19:45:01 CEST 2020
Ping: 24.4 ms
Download: 158.76 Mbit/s
Upload: 19.20 Mbit/s
Wed Oct  7 20:45:01 CEST 2020
Ping: 22.348 ms
Download: 296.87 Mbit/s
Upload: 19.35 Mbit/s
Wed Oct  7 21:45:01 CEST 2020
Ping: 23.659 ms
Download: 334.02 Mbit/s
Upload: 19.78 Mbit/s
Wed Oct  7 22:45:01 CEST 2020
Ping: 24.821 ms
Download: 276.73 Mbit/s
Upload: 19.50 Mbit/s
Wed Oct  7 23:45:01 CEST 2020
Ping: 25.858 ms
Download: 204.14 Mbit/s
Upload: 19.38 Mbit/s
Thu Oct  8 00:45:01 CEST 2020
Ping: 23.863 ms
Download: 239.69 Mbit/s
Upload: 19.67 Mbit/s
Thu Oct  8 01:45:01 CEST 2020
Ping: 21.727 ms
Download: 131.79 Mbit/s
Upload: 19.80 Mbit/s
Thu Oct  8 02:45:01 CEST 2020
Ping: 22.245 ms
Download: 282.62 Mbit/s
Upload: 19.87 Mbit/s
Thu Oct  8 03:45:01 CEST 2020
Ping: 24.684 ms
Download: 171.31 Mbit/s
Upload: 19.70 Mbit/s
Thu Oct  8 04:45:02 CEST 2020
Ping: 21.749 ms
Download: 166.76 Mbit/s
Upload: 19.31 Mbit/s
Thu Oct  8 05:45:01 CEST 2020
Ping: 25.696 ms
Download: 274.29 Mbit/s
Upload: 19.88 Mbit/s
Thu Oct  8 06:45:01 CEST 2020
Ping: 25.715 ms
Download: 263.22 Mbit/s
Upload: 19.76 Mbit/s
Thu Oct  8 07:45:01 CEST 2020
Ping: 23.879 ms
Download: 304.13 Mbit/s
Upload: 19.73 Mbit/s
Thu Oct  8 08:45:01 CEST 2020
Ping: 22.311 ms
Download: 208.97 Mbit/s
Upload: 19.24 Mbit/s
Thu Oct  8 09:45:01 CEST 2020
Ping: 25.85 ms
Download: 204.19 Mbit/s
Upload: 19.49 Mbit/s
Thu Oct  8 10:45:01 CEST 2020
Ping: 26.867 ms
Download: 325.61 Mbit/s
Upload: 19.19 Mbit/s
Thu Oct  8 11:45:01 CEST 2020
Ping: 24.899 ms
Download: 170.20 Mbit/s
Upload: 18.11 Mbit/s
Thu Oct  8 12:45:01 CEST 2020
Ping: 23.503 ms
Download: 358.53 Mbit/s
Upload: 14.56 Mbit/s
Thu Oct  8 13:45:01 CEST 2020
Ping: 23.719 ms
Download: 254.91 Mbit/s
Upload: 19.60 Mbit/s
Thu Oct  8 14:45:01 CEST 2020
Ping: 26.014 ms
Download: 258.01 Mbit/s
Upload: 19.71 Mbit/s
Thu Oct  8 15:45:02 CEST 2020
Ping: 24.677 ms
Download: 278.58 Mbit/s
Upload: 18.72 Mbit/s
Thu Oct  8 16:45:01 CEST 2020
Ping: 23.79 ms
Download: 253.93 Mbit/s
Upload: 19.00 Mbit/s
Thu Oct  8 17:45:01 CEST 2020
Ping: 23.902 ms
Download: 226.52 Mbit/s
Upload: 19.13 Mbit/s
Thu Oct  8 18:45:01 CEST 2020
Ping: 23.995 ms
Download: 260.17 Mbit/s
Upload: 19.38 Mbit/s
Thu Oct  8 19:45:01 CEST 2020
Ping: 24.033 ms
Download: 168.15 Mbit/s
Upload: 19.76 Mbit/s
Thu Oct  8 20:45:01 CEST 2020
Ping: 23.153 ms
Download: 234.21 Mbit/s
Upload: 19.56 Mbit/s
Thu Oct  8 21:45:01 CEST 2020
Ping: 25.446 ms
Download: 224.58 Mbit/s
Upload: 18.95 Mbit/s
Thu Oct  8 22:45:01 CEST 2020
Ping: 21.075 ms
Download: 165.14 Mbit/s
Upload: 19.77 Mbit/s
Thu Oct  8 23:45:01 CEST 2020
Ping: 25.727 ms
Download: 131.93 Mbit/s
Upload: 19.56 Mbit/s
Fri Oct  9 00:45:01 CEST 2020
Ping: 24.058 ms
Download: 135.16 Mbit/s
Upload: 19.83 Mbit/s
Fri Oct  9 01:45:01 CEST 2020
Ping: 25.041 ms
Download: 218.87 Mbit/s
Upload: 19.51 Mbit/s
Fri Oct  9 02:45:01 CEST 2020
Ping: 22.306 ms
Download: 89.33 Mbit/s
Upload: 19.69 Mbit/s
Fri Oct  9 03:45:01 CEST 2020
Ping: 21.731 ms
Download: 243.23 Mbit/s
Upload: 19.03 Mbit/s
Fri Oct  9 04:45:01 CEST 2020
Ping: 20.716 ms
Download: 285.00 Mbit/s
Upload: 19.80 Mbit/s
Fri Oct  9 05:45:01 CEST 2020
Ping: 29.715 ms
Download: 247.63 Mbit/s
Upload: 19.10 Mbit/s
Fri Oct  9 06:45:01 CEST 2020
Ping: 23.09 ms
Download: 236.76 Mbit/s
Upload: 19.15 Mbit/s
Fri Oct  9 07:45:01 CEST 2020
Ping: 23.473 ms
Download: 225.58 Mbit/s
Upload: 19.46 Mbit/s
Fri Oct  9 08:45:01 CEST 2020
Ping: 23.528 ms
Download: 205.42 Mbit/s
Upload: 18.48 Mbit/s
Fri Oct  9 09:45:01 CEST 2020
Ping: 21.012 ms
Download: 261.70 Mbit/s
Upload: 19.62 Mbit/s
Fri Oct  9 10:45:02 CEST 2020
Ping: 20.748 ms
Download: 96.10 Mbit/s
Upload: 19.69 Mbit/s
Fri Oct  9 11:45:01 CEST 2020
Ping: 27.131 ms
Download: 298.90 Mbit/s
Upload: 19.08 Mbit/s
Fri Oct  9 12:45:01 CEST 2020
Ping: 21.241 ms
Download: 283.28 Mbit/s
Upload: 19.47 Mbit/s
Fri Oct  9 13:45:01 CEST 2020
Ping: 24.405 ms
Download: 158.04 Mbit/s
Upload: 18.64 Mbit/s
Fri Oct  9 14:45:01 CEST 2020
Ping: 32.774 ms
Download: 247.60 Mbit/s
Upload: 19.32 Mbit/s
Fri Oct  9 15:45:01 CEST 2020
Ping: 21.815 ms
Download: 183.82 Mbit/s
Upload: 19.57 Mbit/s
Fri Oct  9 16:45:01 CEST 2020
Ping: 23.521 ms
Download: 133.51 Mbit/s
Upload: 19.63 Mbit/s
Fri Oct  9 17:45:01 CEST 2020
Ping: 24.81 ms
Download: 229.29 Mbit/s
Upload: 19.84 Mbit/s
Fri Oct  9 18:45:01 CEST 2020
Ping: 24.467 ms
Download: 140.57 Mbit/s
Upload: 19.35 Mbit/s
Fri Oct  9 19:45:01 CEST 2020
Ping: 24.567 ms
Download: 233.01 Mbit/s
Upload: 19.46 Mbit/s
Fri Oct  9 20:45:01 CEST 2020
Ping: 21.26 ms
Download: 299.90 Mbit/s
Upload: 19.47 Mbit/s
Fri Oct  9 21:45:01 CEST 2020
Ping: 26.677 ms
Download: 256.82 Mbit/s
Upload: 19.63 Mbit/s
Fri Oct  9 22:45:01 CEST 2020
Ping: 23.896 ms
Download: 303.10 Mbit/s
Upload: 12.67 Mbit/s
Fri Oct  9 23:45:01 CEST 2020
Ping: 25.332 ms
Download: 229.67 Mbit/s
Upload: 18.51 Mbit/s
Sat Oct 10 00:45:01 CEST 2020
Ping: 24.151 ms
Download: 221.94 Mbit/s
Upload: 19.71 Mbit/s
Sat Oct 10 01:45:01 CEST 2020
Ping: 24.213 ms
Download: 373.06 Mbit/s
Upload: 19.65 Mbit/s
Sat Oct 10 02:45:01 CEST 2020
Ping: 21.839 ms
Download: 169.68 Mbit/s
Upload: 19.39 Mbit/s
Sat Oct 10 03:45:01 CEST 2020
Ping: 19.575 ms
Download: 260.88 Mbit/s
Upload: 19.37 Mbit/s
Sat Oct 10 04:45:01 CEST 2020
Ping: 26.374 ms
Download: 216.55 Mbit/s
Upload: 19.41 Mbit/s
Sat Oct 10 05:45:01 CEST 2020
Ping: 22.071 ms
Download: 157.55 Mbit/s
Upload: 19.39 Mbit/s
Sat Oct 10 06:45:01 CEST 2020
Ping: 23.511 ms
Download: 145.42 Mbit/s
Upload: 19.06 Mbit/s
Sat Oct 10 07:45:01 CEST 2020
Ping: 23.027 ms
Download: 158.20 Mbit/s
Upload: 19.49 Mbit/s
Sat Oct 10 08:45:02 CEST 2020
Ping: 20.399 ms
Download: 271.27 Mbit/s
Upload: 19.67 Mbit/s
Sat Oct 10 09:45:01 CEST 2020
Ping: 24.69 ms
Download: 224.25 Mbit/s
Upload: 19.44 Mbit/s
Sat Oct 10 10:45:01 CEST 2020
Ping: 23.526 ms
Download: 171.69 Mbit/s
Upload: 19.57 Mbit/s
Sat Oct 10 11:45:01 CEST 2020
Ping: 25.681 ms
Download: 210.50 Mbit/s
Upload: 19.67 Mbit/s
Sat Oct 10 12:45:01 CEST 2020
Ping: 22.024 ms
Download: 269.59 Mbit/s
Upload: 19.46 Mbit/s
Sat Oct 10 13:45:01 CEST 2020
Ping: 25.298 ms
Download: 222.49 Mbit/s
Upload: 16.16 Mbit/s
Sat Oct 10 14:45:02 CEST 2020
Ping: 27.857 ms
Download: 110.91 Mbit/s
Upload: 15.51 Mbit/s
Sat Oct 10 15:45:01 CEST 2020
Ping: 22.894 ms
Download: 225.28 Mbit/s
Upload: 17.41 Mbit/s
Sat Oct 10 16:45:01 CEST 2020
Ping: 24.995 ms
Download: 149.38 Mbit/s
Upload: 19.12 Mbit/s
Sat Oct 10 17:45:01 CEST 2020
Ping: 23.934 ms
Download: 224.19 Mbit/s
Upload: 19.28 Mbit/s
Sat Oct 10 18:45:01 CEST 2020
Ping: 23.643 ms
Download: 278.36 Mbit/s
Upload: 16.85 Mbit/s
Sat Oct 10 19:45:01 CEST 2020
Ping: 26.344 ms
Download: 294.71 Mbit/s
Upload: 16.93 Mbit/s
Sat Oct 10 20:45:01 CEST 2020
Ping: 23.348 ms
Download: 244.31 Mbit/s
Upload: 19.76 Mbit/s
Sat Oct 10 21:45:02 CEST 2020
Ping: 25.396 ms
Download: 146.44 Mbit/s
Upload: 19.48 Mbit/s
Sat Oct 10 22:45:01 CEST 2020
Ping: 24.953 ms
Download: 277.96 Mbit/s
Upload: 19.25 Mbit/s
Sat Oct 10 23:45:01 CEST 2020
Ping: 22.519 ms
Download: 145.53 Mbit/s
Upload: 19.53 Mbit/s
Sun Oct 11 00:45:01 CEST 2020
Ping: 22.898 ms
Download: 224.55 Mbit/s
Upload: 19.00 Mbit/s
Sun Oct 11 01:45:01 CEST 2020
Ping: 23.021 ms
Download: 281.43 Mbit/s
Upload: 19.79 Mbit/s
Sun Oct 11 02:45:01 CEST 2020
Ping: 29.79 ms
Download: 228.24 Mbit/s
Upload: 18.47 Mbit/s
Sun Oct 11 03:45:01 CEST 2020
Ping: 24.758 ms
Download: 207.58 Mbit/s
Upload: 19.57 Mbit/s
Sun Oct 11 04:45:01 CEST 2020
Ping: 21.991 ms
Download: 135.73 Mbit/s
Upload: 19.69 Mbit/s
Sun Oct 11 05:45:01 CEST 2020
Ping: 22.972 ms
Download: 152.03 Mbit/s
Upload: 19.44 Mbit/s
Sun Oct 11 06:45:01 CEST 2020
Ping: 23.506 ms
Download: 128.92 Mbit/s
Upload: 19.56 Mbit/s
Sun Oct 11 07:45:01 CEST 2020
Ping: 23.866 ms
Download: 251.87 Mbit/s
Upload: 19.62 Mbit/s
Sun Oct 11 08:45:02 CEST 2020
Ping: 23.392 ms
Download: 205.82 Mbit/s
Upload: 19.60 Mbit/s
Sun Oct 11 09:45:02 CEST 2020
Ping: 22.591 ms
Download: 227.23 Mbit/s
Upload: 19.23 Mbit/s
Sun Oct 11 10:45:01 CEST 2020
Ping: 23.872 ms
Download: 122.13 Mbit/s
Upload: 17.73 Mbit/s
Sun Oct 11 11:45:01 CEST 2020
Ping: 24.655 ms
Download: 253.77 Mbit/s
Upload: 18.25 Mbit/s
Sun Oct 11 12:45:01 CEST 2020
Ping: 21.576 ms
Download: 249.67 Mbit/s
Upload: 18.21 Mbit/s
Sun Oct 11 13:45:02 CEST 2020
Ping: 21.15 ms
Download: 349.19 Mbit/s
Upload: 17.40 Mbit/s
Sun Oct 11 14:45:01 CEST 2020
Ping: 23.009 ms
Download: 334.94 Mbit/s
Upload: 18.78 Mbit/s
Sun Oct 11 15:45:01 CEST 2020
Ping: 21.918 ms
Download: 209.92 Mbit/s
Upload: 16.95 Mbit/s
Sun Oct 11 16:45:01 CEST 2020
Ping: 24.218 ms
Download: 265.71 Mbit/s
Upload: 19.00 Mbit/s
Sun Oct 11 17:45:01 CEST 2020
Ping: 23.962 ms
Download: 343.21 Mbit/s
Upload: 14.66 Mbit/s
Sun Oct 11 18:45:01 CEST 2020
Ping: 23.818 ms
Download: 207.77 Mbit/s
Upload: 19.12 Mbit/s
Sun Oct 11 19:45:01 CEST 2020
Ping: 28.242 ms
Download: 210.68 Mbit/s
Upload: 19.64 Mbit/s
Sun Oct 11 20:45:01 CEST 2020
Ping: 25.537 ms
Download: 123.09 Mbit/s
Upload: 18.29 Mbit/s
Sun Oct 11 21:45:02 CEST 2020
Ping: 24.433 ms
Download: 297.19 Mbit/s
Upload: 19.22 Mbit/s
Sun Oct 11 22:45:01 CEST 2020
Ping: 26.829 ms
Download: 134.29 Mbit/s
Upload: 18.71 Mbit/s
Sun Oct 11 23:45:02 CEST 2020
Ping: 23.568 ms
Download: 214.74 Mbit/s
Upload: 19.75 Mbit/s
Mon Oct 12 00:45:01 CEST 2020
Ping: 24.683 ms
Download: 275.24 Mbit/s
Upload: 19.54 Mbit/s
Mon Oct 12 01:45:01 CEST 2020
Ping: 25.504 ms
Download: 239.88 Mbit/s
Upload: 19.90 Mbit/s
Mon Oct 12 02:45:01 CEST 2020
Ping: 21.725 ms
Download: 284.74 Mbit/s
Upload: 19.67 Mbit/s
Mon Oct 12 03:45:01 CEST 2020
Ping: 21.498 ms
Download: 334.66 Mbit/s
Upload: 19.46 Mbit/s
Mon Oct 12 04:45:01 CEST 2020
Ping: 20.218 ms
Download: 358.12 Mbit/s
Upload: 19.61 Mbit/s
Mon Oct 12 05:45:01 CEST 2020
Ping: 24.509 ms
Download: 266.86 Mbit/s
Upload: 19.70 Mbit/s
Mon Oct 12 06:45:01 CEST 2020
Ping: 24.807 ms
Download: 232.58 Mbit/s
Upload: 19.40 Mbit/s
Mon Oct 12 07:45:01 CEST 2020
Ping: 28.194 ms
Download: 221.49 Mbit/s
Upload: 19.17 Mbit/s
Mon Oct 12 08:45:02 CEST 2020
Ping: 21.589 ms
Download: 132.60 Mbit/s
Upload: 19.25 Mbit/s
Mon Oct 12 09:45:01 CEST 2020
Ping: 24.789 ms
Download: 207.57 Mbit/s
Upload: 19.41 Mbit/s
Mon Oct 12 10:45:01 CEST 2020
Ping: 23.25 ms
Download: 249.07 Mbit/s
Upload: 19.31 Mbit/s
Mon Oct 12 11:45:01 CEST 2020
Ping: 23.006 ms
Download: 249.51 Mbit/s
Upload: 19.31 Mbit/s
Mon Oct 12 12:45:01 CEST 2020
Ping: 24.022 ms
Download: 176.14 Mbit/s
Upload: 19.11 Mbit/s
Mon Oct 12 13:45:01 CEST 2020
Ping: 23.87 ms
Download: 286.35 Mbit/s
Upload: 19.28 Mbit/s
Mon Oct 12 14:45:01 CEST 2020
Ping: 24.497 ms
Download: 276.72 Mbit/s
Upload: 19.18 Mbit/s
Mon Oct 12 15:45:01 CEST 2020
Ping: 23.587 ms
Download: 241.56 Mbit/s
Upload: 19.46 Mbit/s
Mon Oct 12 16:45:01 CEST 2020
Ping: 22.37 ms
Download: 281.39 Mbit/s
Upload: 19.37 Mbit/s
Mon Oct 12 17:45:01 CEST 2020
Ping: 22.732 ms
Download: 130.63 Mbit/s
Upload: 16.11 Mbit/s
Mon Oct 12 18:45:01 CEST 2020
Ping: 23.812 ms
Download: 187.91 Mbit/s
Upload: 18.38 Mbit/s
Mon Oct 12 19:45:01 CEST 2020
Ping: 22.83 ms
Download: 160.33 Mbit/s
Upload: 18.29 Mbit/s
Mon Oct 12 20:45:01 CEST 2020
Ping: 25.338 ms
Download: 162.90 Mbit/s
Upload: 18.24 Mbit/s
Mon Oct 12 21:45:01 CEST 2020
Ping: 24.828 ms
Download: 239.40 Mbit/s
Upload: 19.01 Mbit/s
Mon Oct 12 22:45:02 CEST 2020
Ping: 21.916 ms
Download: 188.26 Mbit/s
Upload: 18.76 Mbit/s
Mon Oct 12 23:45:01 CEST 2020
Ping: 20.108 ms
Download: 290.60 Mbit/s
Upload: 19.74 Mbit/s
Tue Oct 13 00:45:02 CEST 2020
Ping: 28.477 ms
Download: 276.67 Mbit/s
Upload: 19.37 Mbit/s
Tue Oct 13 01:45:01 CEST 2020
Ping: 24.764 ms
Download: 129.42 Mbit/s
Upload: 19.69 Mbit/s
Tue Oct 13 02:45:01 CEST 2020
Ping: 23.685 ms
Download: 239.44 Mbit/s
Upload: 19.78 Mbit/s
Tue Oct 13 03:45:01 CEST 2020
Ping: 26.694 ms
Download: 236.53 Mbit/s
Upload: 19.39 Mbit/s
Tue Oct 13 04:45:02 CEST 2020
Ping: 20.225 ms
Download: 231.92 Mbit/s
Upload: 19.80 Mbit/s
Tue Oct 13 05:45:02 CEST 2020
Ping: 21.899 ms
Download: 163.96 Mbit/s
Upload: 19.44 Mbit/s
Tue Oct 13 06:45:01 CEST 2020
Ping: 21.668 ms
Download: 319.18 Mbit/s
Upload: 19.52 Mbit/s
Tue Oct 13 07:45:01 CEST 2020
Ping: 22.184 ms
Download: 275.95 Mbit/s
Upload: 19.78 Mbit/s
Tue Oct 13 08:45:01 CEST 2020
Ping: 21.464 ms
Download: 147.99 Mbit/s
Upload: 19.43 Mbit/s
Tue Oct 13 09:45:01 CEST 2020
Ping: 24.154 ms
Download: 176.43 Mbit/s
Upload: 19.54 Mbit/s
Tue Oct 13 10:45:01 CEST 2020
Ping: 22.804 ms
Download: 298.36 Mbit/s
Upload: 18.76 Mbit/s
Tue Oct 13 11:45:02 CEST 2020
Ping: 21.738 ms
Download: 136.44 Mbit/s
Upload: 13.63 Mbit/s
Tue Oct 13 12:45:01 CEST 2020
Ping: 28.719 ms
Download: 243.47 Mbit/s
Upload: 17.31 Mbit/s
Tue Oct 13 13:45:01 CEST 2020
Ping: 23.316 ms
Download: 138.30 Mbit/s
Upload: 19.37 Mbit/s
Tue Oct 13 14:45:01 CEST 2020
Ping: 29.457 ms
Download: 185.49 Mbit/s
Upload: 19.21 Mbit/s
Tue Oct 13 15:45:01 CEST 2020
Ping: 24.27 ms
Download: 132.94 Mbit/s
Upload: 18.67 Mbit/s
Tue Oct 13 16:45:01 CEST 2020
Ping: 23.504 ms
Download: 171.89 Mbit/s
Upload: 19.43 Mbit/s
Tue Oct 13 17:45:02 CEST 2020
Ping: 26.264 ms
Download: 281.99 Mbit/s
Upload: 19.76 Mbit/s
Tue Oct 13 18:45:01 CEST 2020
Ping: 21.446 ms
Download: 230.59 Mbit/s
Upload: 19.59 Mbit/s
Tue Oct 13 19:45:01 CEST 2020
Ping: 23.476 ms
Download: 284.34 Mbit/s
Upload: 19.70 Mbit/s
Tue Oct 13 20:45:02 CEST 2020
Ping: 24.637 ms
Download: 107.30 Mbit/s
Upload: 16.42 Mbit/s
Tue Oct 13 21:45:01 CEST 2020
Ping: 24.964 ms
Download: 249.87 Mbit/s
Upload: 19.83 Mbit/s
Tue Oct 13 22:45:02 CEST 2020
Ping: 22.498 ms
Download: 352.11 Mbit/s
Upload: 19.61 Mbit/s
Tue Oct 13 23:45:01 CEST 2020
Ping: 21.186 ms
Download: 263.72 Mbit/s
Upload: 19.66 Mbit/s
Wed Oct 14 00:45:01 CEST 2020
Ping: 24.19 ms
Download: 220.65 Mbit/s
Upload: 19.08 Mbit/s
Wed Oct 14 01:45:01 CEST 2020
Ping: 24.173 ms
Download: 261.70 Mbit/s
Upload: 19.14 Mbit/s
Wed Oct 14 02:45:02 CEST 2020
Ping: 23.08 ms
Download: 242.88 Mbit/s
Upload: 19.73 Mbit/s
Wed Oct 14 03:45:01 CEST 2020
Ping: 22.177 ms
Download: 242.62 Mbit/s
Upload: 19.85 Mbit/s
Wed Oct 14 04:45:01 CEST 2020
Ping: 22.095 ms
Download: 292.01 Mbit/s
Upload: 19.70 Mbit/s
Wed Oct 14 05:45:02 CEST 2020
Ping: 20.778 ms
Download: 273.49 Mbit/s
Upload: 19.67 Mbit/s
Wed Oct 14 06:45:01 CEST 2020
Ping: 20.747 ms
Download: 155.97 Mbit/s
Upload: 19.31 Mbit/s
Wed Oct 14 07:45:01 CEST 2020
Ping: 29.82 ms
Download: 258.72 Mbit/s
Upload: 16.98 Mbit/s
Wed Oct 14 08:45:01 CEST 2020
Ping: 23.475 ms
Download: 231.34 Mbit/s
Upload: 19.34 Mbit/s
Wed Oct 14 09:45:01 CEST 2020
Ping: 25.835 ms
Download: 306.86 Mbit/s
Upload: 19.62 Mbit/s
Wed Oct 14 10:45:01 CEST 2020
Ping: 27.555 ms
Download: 244.39 Mbit/s
Upload: 19.27 Mbit/s
Wed Oct 14 11:45:01 CEST 2020
Ping: 25.078 ms
Download: 151.47 Mbit/s
Upload: 19.68 Mbit/s
Wed Oct 14 12:45:01 CEST 2020
Ping: 24.58 ms
Download: 131.49 Mbit/s
Upload: 19.34 Mbit/s
Wed Oct 14 13:45:02 CEST 2020
Ping: 22.424 ms
Download: 166.26 Mbit/s
Upload: 18.99 Mbit/s
Wed Oct 14 14:45:01 CEST 2020
Ping: 23.69 ms
Download: 198.88 Mbit/s
Upload: 18.96 Mbit/s
Wed Oct 14 15:45:01 CEST 2020
Ping: 25.315 ms
Download: 265.00 Mbit/s
Upload: 18.41 Mbit/s
Wed Oct 14 16:45:01 CEST 2020
Ping: 25.498 ms
Download: 266.93 Mbit/s
Upload: 18.75 Mbit/s
Wed Oct 14 17:45:01 CEST 2020
Ping: 22.486 ms
Download: 227.42 Mbit/s
Upload: 19.51 Mbit/s
Wed Oct 14 18:45:01 CEST 2020
Ping: 25.723 ms
Download: 228.98 Mbit/s
Upload: 19.33 Mbit/s
Wed Oct 14 19:45:01 CEST 2020
Ping: 21.249 ms
Download: 301.60 Mbit/s
Upload: 19.23 Mbit/s
Wed Oct 14 20:45:01 CEST 2020
Ping: 22.339 ms
Download: 294.60 Mbit/s
Upload: 18.85 Mbit/s
Wed Oct 14 21:45:01 CEST 2020
Ping: 26.68 ms
Download: 213.22 Mbit/s
Upload: 19.60 Mbit/s
Wed Oct 14 22:45:01 CEST 2020
Ping: 32.363 ms
Download: 257.09 Mbit/s
Upload: 19.15 Mbit/s
Wed Oct 14 23:45:01 CEST 2020
Ping: 23.04 ms
Download: 127.22 Mbit/s
Upload: 19.39 Mbit/s
Thu Oct 15 00:45:01 CEST 2020
Ping: 25.571 ms
Download: 301.35 Mbit/s
Upload: 19.24 Mbit/s
Thu Oct 15 01:45:01 CEST 2020
Ping: 19.899 ms
Download: 301.29 Mbit/s
Upload: 19.38 Mbit/s
Thu Oct 15 02:45:01 CEST 2020
Ping: 21.888 ms
Download: 102.15 Mbit/s
Upload: 19.59 Mbit/s
Thu Oct 15 03:45:01 CEST 2020
Ping: 23.117 ms
Download: 245.45 Mbit/s
Upload: 19.34 Mbit/s
Thu Oct 15 04:45:01 CEST 2020
Ping: 22.703 ms
Download: 153.14 Mbit/s
Upload: 19.77 Mbit/s
Thu Oct 15 05:45:01 CEST 2020
Ping: 23.981 ms
Download: 121.23 Mbit/s
Upload: 19.64 Mbit/s
Thu Oct 15 06:45:01 CEST 2020
Ping: 23.02 ms
Download: 173.99 Mbit/s
Upload: 18.50 Mbit/s
Thu Oct 15 07:45:01 CEST 2020
Ping: 19.596 ms
Download: 337.99 Mbit/s
Upload: 19.71 Mbit/s
Thu Oct 15 08:45:01 CEST 2020
Ping: 23.399 ms
Download: 135.04 Mbit/s
Upload: 19.14 Mbit/s
Thu Oct 15 09:45:01 CEST 2020
Ping: 21.967 ms
Download: 303.84 Mbit/s
Upload: 19.21 Mbit/s
Thu Oct 15 10:45:01 CEST 2020
Ping: 26.159 ms
Download: 238.93 Mbit/s
Upload: 19.54 Mbit/s
Thu Oct 15 11:45:01 CEST 2020
Ping: 25.826 ms
Download: 232.28 Mbit/s
Upload: 19.37 Mbit/s
Thu Oct 15 12:45:01 CEST 2020
Ping: 29.303 ms
Download: 244.45 Mbit/s
Upload: 19.08 Mbit/s
Thu Oct 15 13:45:01 CEST 2020
Ping: 23.401 ms
Download: 143.10 Mbit/s
Upload: 17.43 Mbit/s
Thu Oct 15 14:45:01 CEST 2020
Ping: 27.459 ms
Download: 286.75 Mbit/s
Upload: 19.10 Mbit/s
Thu Oct 15 15:45:01 CEST 2020
Ping: 31.065 ms
Download: 251.41 Mbit/s
Upload: 19.49 Mbit/s
Thu Oct 15 16:45:01 CEST 2020
Ping: 24.187 ms
Download: 266.27 Mbit/s
Upload: 19.49 Mbit/s
Thu Oct 15 17:45:01 CEST 2020
Ping: 24.274 ms
Download: 287.95 Mbit/s
Upload: 16.80 Mbit/s
Thu Oct 15 18:45:01 CEST 2020
Ping: 21.096 ms
Download: 304.56 Mbit/s
Upload: 10.30 Mbit/s
Thu Oct 15 19:45:01 CEST 2020
Ping: 25.359 ms
Download: 220.75 Mbit/s
Upload: 18.75 Mbit/s
Thu Oct 15 20:45:01 CEST 2020
Ping: 25.64 ms
Download: 303.92 Mbit/s
Upload: 15.94 Mbit/s
Thu Oct 15 21:45:01 CEST 2020
Ping: 24.218 ms
Download: 120.32 Mbit/s
Upload: 19.49 Mbit/s
Thu Oct 15 22:45:01 CEST 2020
Ping: 25.47 ms
Download: 264.75 Mbit/s
Upload: 19.52 Mbit/s
Thu Oct 15 23:45:01 CEST 2020
Ping: 22.485 ms
Download: 236.20 Mbit/s
Upload: 19.32 Mbit/s
Fri Oct 16 00:45:01 CEST 2020
Ping: 25.939 ms
Download: 159.31 Mbit/s
Upload: 19.46 Mbit/s
Fri Oct 16 01:45:01 CEST 2020
Ping: 19.81 ms
Download: 296.73 Mbit/s
Upload: 14.13 Mbit/s
Fri Oct 16 02:45:01 CEST 2020
Ping: 22.826 ms
Download: 135.59 Mbit/s
Upload: 19.14 Mbit/s
Fri Oct 16 03:45:01 CEST 2020
Ping: 24.322 ms
Download: 326.10 Mbit/s
Upload: 15.48 Mbit/s
Fri Oct 16 04:45:01 CEST 2020
Ping: 20.151 ms
Download: 255.13 Mbit/s
Upload: 16.91 Mbit/s
Fri Oct 16 05:45:01 CEST 2020
Ping: 29.211 ms
Download: 226.09 Mbit/s
Upload: 19.16 Mbit/s
Fri Oct 16 06:45:01 CEST 2020
Ping: 25.416 ms
Download: 245.01 Mbit/s
Upload: 18.84 Mbit/s
Fri Oct 16 07:45:01 CEST 2020
Ping: 25.807 ms
Download: 308.54 Mbit/s
Upload: 19.45 Mbit/s
Fri Oct 16 08:45:01 CEST 2020
Ping: 25.554 ms
Download: 288.12 Mbit/s
Upload: 18.06 Mbit/s
Fri Oct 16 09:45:01 CEST 2020
Ping: 25.631 ms
Download: 258.80 Mbit/s
Upload: 19.72 Mbit/s
Fri Oct 16 10:45:01 CEST 2020
Ping: 23.028 ms
Download: 137.84 Mbit/s
Upload: 19.42 Mbit/s
Fri Oct 16 11:45:01 CEST 2020
Ping: 25.687 ms
Download: 253.46 Mbit/s
Upload: 19.02 Mbit/s
Fri Oct 16 12:45:01 CEST 2020
Ping: 24.476 ms
Download: 305.02 Mbit/s
Upload: 17.90 Mbit/s
Fri Oct 16 13:45:01 CEST 2020
Ping: 22.229 ms
Download: 210.45 Mbit/s
Upload: 19.77 Mbit/s
Fri Oct 16 14:45:01 CEST 2020
Ping: 26.169 ms
Download: 257.53 Mbit/s
Upload: 19.30 Mbit/s
Fri Oct 16 15:45:02 CEST 2020
Ping: 23.503 ms
Download: 237.36 Mbit/s
Upload: 19.45 Mbit/s
Fri Oct 16 16:45:01 CEST 2020
Ping: 24.134 ms
Download: 166.00 Mbit/s
Upload: 19.56 Mbit/s
Fri Oct 16 17:45:02 CEST 2020
Ping: 24.582 ms
Download: 309.07 Mbit/s
Upload: 2.47 Mbit/s
Fri Oct 16 18:45:01 CEST 2020
Ping: 24.997 ms
Download: 248.54 Mbit/s
Upload: 18.42 Mbit/s
Fri Oct 16 19:45:01 CEST 2020
Ping: 24.499 ms
Download: 231.01 Mbit/s
Upload: 19.86 Mbit/s
Fri Oct 16 20:45:01 CEST 2020
Ping: 23.393 ms
Download: 109.02 Mbit/s
Upload: 19.70 Mbit/s
Fri Oct 16 21:45:01 CEST 2020
Ping: 26.346 ms
Download: 108.20 Mbit/s
Upload: 18.94 Mbit/s
Fri Oct 16 22:45:01 CEST 2020
Ping: 25.854 ms
Download: 336.88 Mbit/s
Upload: 19.69 Mbit/s
Fri Oct 16 23:45:01 CEST 2020
Ping: 25.125 ms
Download: 275.91 Mbit/s
Upload: 19.50 Mbit/s
Sat Oct 17 00:45:01 CEST 2020
Ping: 24.493 ms
Download: 220.00 Mbit/s
Upload: 19.62 Mbit/s
Sat Oct 17 01:45:01 CEST 2020
Ping: 26.689 ms
Download: 169.83 Mbit/s
Upload: 19.68 Mbit/s
Sat Oct 17 02:45:01 CEST 2020
Ping: 24.83 ms
Download: 224.97 Mbit/s
Upload: 19.00 Mbit/s
Sat Oct 17 03:45:01 CEST 2020
Ping: 26.17 ms
Download: 232.03 Mbit/s
Upload: 19.48 Mbit/s
Sat Oct 17 04:45:01 CEST 2020
Ping: 23.96 ms
Download: 148.31 Mbit/s
Upload: 19.25 Mbit/s
Sat Oct 17 05:45:01 CEST 2020
Ping: 23.206 ms
Download: 196.97 Mbit/s
Upload: 19.74 Mbit/s
Sat Oct 17 06:45:01 CEST 2020
Ping: 23.495 ms
Download: 322.24 Mbit/s
Upload: 19.01 Mbit/s
Sat Oct 17 07:45:01 CEST 2020
Ping: 24.005 ms
Download: 131.46 Mbit/s
Upload: 19.15 Mbit/s
Sat Oct 17 08:45:01 CEST 2020
Ping: 24.246 ms
Download: 169.24 Mbit/s
Upload: 19.53 Mbit/s
Sat Oct 17 09:45:01 CEST 2020
Ping: 25.213 ms
Download: 155.90 Mbit/s
Upload: 19.69 Mbit/s
Sat Oct 17 10:45:01 CEST 2020
Ping: 23.235 ms
Download: 113.35 Mbit/s
Upload: 19.62 Mbit/s
Sat Oct 17 11:45:01 CEST 2020
Ping: 25.467 ms
Download: 218.80 Mbit/s
Upload: 19.81 Mbit/s
Sat Oct 17 12:45:01 CEST 2020
Ping: 24.999 ms
Download: 191.01 Mbit/s
Upload: 19.56 Mbit/s
Sat Oct 17 13:45:01 CEST 2020
Ping: 30.9 ms
Download: 270.20 Mbit/s
Upload: 19.53 Mbit/s
Sat Oct 17 14:45:01 CEST 2020
Ping: 25.148 ms
Download: 143.80 Mbit/s
Upload: 19.01 Mbit/s
Sat Oct 17 15:45:01 CEST 2020
Ping: 23.824 ms
Download: 154.84 Mbit/s
Upload: 19.59 Mbit/s
Sat Oct 17 16:45:01 CEST 2020
Ping: 25.029 ms
Download: 261.25 Mbit/s
Upload: 19.82 Mbit/s
Sat Oct 17 17:45:01 CEST 2020
Ping: 26.329 ms
Download: 245.97 Mbit/s
Upload: 19.46 Mbit/s
Sat Oct 17 18:45:01 CEST 2020
Ping: 25.43 ms
Download: 107.81 Mbit/s
Upload: 19.60 Mbit/s
Sat Oct 17 19:45:01 CEST 2020
Ping: 24.489 ms
Download: 293.26 Mbit/s
Upload: 19.10 Mbit/s
Sat Oct 17 20:45:01 CEST 2020
Ping: 23.863 ms
Download: 175.30 Mbit/s
Upload: 18.89 Mbit/s
Sat Oct 17 21:45:01 CEST 2020
Ping: 24.587 ms
Download: 198.14 Mbit/s
Upload: 19.55 Mbit/s
Sat Oct 17 22:45:01 CEST 2020
Ping: 23.318 ms
Download: 215.76 Mbit/s
Upload: 19.19 Mbit/s
Sat Oct 17 23:45:01 CEST 2020
Ping: 23.959 ms
Download: 133.58 Mbit/s
Upload: 19.72 Mbit/s
Sun Oct 18 00:45:01 CEST 2020
Ping: 24.983 ms
Download: 307.54 Mbit/s
Upload: 19.49 Mbit/s
Sun Oct 18 01:45:01 CEST 2020
Ping: 24.858 ms
Download: 191.27 Mbit/s
Upload: 19.08 Mbit/s
Sun Oct 18 02:45:01 CEST 2020
Ping: 23.029 ms
Download: 140.26 Mbit/s
Upload: 19.60 Mbit/s
Sun Oct 18 03:45:01 CEST 2020
Ping: 23.901 ms
Download: 232.23 Mbit/s
Upload: 19.56 Mbit/s
Sun Oct 18 04:45:01 CEST 2020
Ping: 20.889 ms
Download: 118.06 Mbit/s
Upload: 19.30 Mbit/s
Sun Oct 18 05:45:01 CEST 2020
Ping: 22.228 ms
Download: 126.39 Mbit/s
Upload: 19.72 Mbit/s
Sun Oct 18 06:45:01 CEST 2020
Ping: 31.022 ms
Download: 222.28 Mbit/s
Upload: 19.26 Mbit/s
Sun Oct 18 07:45:01 CEST 2020
Ping: 29.569 ms
Download: 195.44 Mbit/s
Upload: 19.18 Mbit/s
Sun Oct 18 08:45:01 CEST 2020
Ping: 24.347 ms
Download: 313.96 Mbit/s
Upload: 19.70 Mbit/s
Sun Oct 18 09:45:01 CEST 2020
Ping: 27.031 ms
Download: 248.64 Mbit/s
Upload: 19.15 Mbit/s
Sun Oct 18 10:45:01 CEST 2020
Ping: 23.569 ms
Download: 198.20 Mbit/s
Upload: 19.54 Mbit/s
Sun Oct 18 11:45:01 CEST 2020
Ping: 24.49 ms
Download: 295.68 Mbit/s
Upload: 19.85 Mbit/s
Sun Oct 18 12:45:01 CEST 2020
Ping: 24.409 ms
Download: 297.76 Mbit/s
Upload: 19.52 Mbit/s
Sun Oct 18 13:45:01 CEST 2020
Ping: 22.332 ms
Download: 167.14 Mbit/s
Upload: 15.30 Mbit/s
Sun Oct 18 14:45:01 CEST 2020
Ping: 25.308 ms
Download: 148.41 Mbit/s
Upload: 19.60 Mbit/s
Sun Oct 18 15:45:01 CEST 2020
Ping: 26.656 ms
Download: 76.84 Mbit/s
Upload: 19.36 Mbit/s
Sun Oct 18 16:45:01 CEST 2020
Ping: 25.497 ms
Download: 249.78 Mbit/s
Upload: 19.65 Mbit/s
Sun Oct 18 17:45:01 CEST 2020
Ping: 25.198 ms
Download: 234.09 Mbit/s
Upload: 19.10 Mbit/s
Sun Oct 18 18:45:01 CEST 2020
Ping: 26.567 ms
Download: 264.01 Mbit/s
Upload: 18.83 Mbit/s
Sun Oct 18 19:45:01 CEST 2020
Ping: 21.872 ms
Download: 107.13 Mbit/s
Upload: 17.38 Mbit/s
Sun Oct 18 20:45:01 CEST 2020
Ping: 24.085 ms
Download: 253.87 Mbit/s
Upload: 19.35 Mbit/s
Sun Oct 18 21:45:01 CEST 2020
Ping: 25.998 ms
Download: 134.80 Mbit/s
Upload: 19.28 Mbit/s
Sun Oct 18 22:45:01 CEST 2020
Ping: 22.863 ms
Download: 239.69 Mbit/s
Upload: 19.44 Mbit/s
Sun Oct 18 23:45:01 CEST 2020
Ping: 24.911 ms
Download: 254.21 Mbit/s
Upload: 19.67 Mbit/s
Mon Oct 19 00:45:01 CEST 2020
Ping: 25.172 ms
Download: 250.30 Mbit/s
Upload: 19.36 Mbit/s
Mon Oct 19 01:45:01 CEST 2020
Ping: 25.482 ms
Download: 276.81 Mbit/s
Upload: 19.55 Mbit/s
Mon Oct 19 02:45:01 CEST 2020
Ping: 23.088 ms
Download: 121.95 Mbit/s
Upload: 19.81 Mbit/s
Mon Oct 19 03:45:01 CEST 2020
Ping: 24.162 ms
Download: 99.33 Mbit/s
Upload: 19.88 Mbit/s
Mon Oct 19 04:45:01 CEST 2020
Ping: 23.959 ms
Download: 133.72 Mbit/s
Upload: 19.56 Mbit/s
Mon Oct 19 05:45:01 CEST 2020
Ping: 25.031 ms
Download: 224.50 Mbit/s
Upload: 18.21 Mbit/s
Mon Oct 19 06:45:01 CEST 2020
Ping: 22.732 ms
Download: 222.59 Mbit/s
Upload: 19.71 Mbit/s
Mon Oct 19 07:45:01 CEST 2020
Ping: 23.471 ms
Download: 240.96 Mbit/s
Upload: 19.35 Mbit/s
Mon Oct 19 08:45:01 CEST 2020
Ping: 24.445 ms
Download: 298.39 Mbit/s
Upload: 16.96 Mbit/s
Mon Oct 19 09:45:01 CEST 2020
Ping: 22.536 ms
Download: 100.41 Mbit/s
Upload: 18.21 Mbit/s
Mon Oct 19 10:45:01 CEST 2020
Ping: 23.071 ms
Download: 91.07 Mbit/s
Upload: 18.88 Mbit/s
Mon Oct 19 11:45:01 CEST 2020
Ping: 28.048 ms
Download: 174.12 Mbit/s
Upload: 17.32 Mbit/s
Mon Oct 19 12:45:01 CEST 2020
Ping: 24.668 ms
Download: 58.39 Mbit/s
Upload: 19.12 Mbit/s
Mon Oct 19 13:45:01 CEST 2020
Ping: 23.816 ms
Download: 88.44 Mbit/s
Upload: 19.65 Mbit/s
Mon Oct 19 14:45:01 CEST 2020
Ping: 26.859 ms
Download: 263.55 Mbit/s
Upload: 19.44 Mbit/s
Mon Oct 19 15:45:01 CEST 2020
Ping: 20.888 ms
Download: 86.15 Mbit/s
Upload: 18.66 Mbit/s
Mon Oct 19 16:45:01 CEST 2020
Ping: 22.279 ms
Download: 201.23 Mbit/s
Upload: 18.79 Mbit/s
Mon Oct 19 17:45:01 CEST 2020
Ping: 23.201 ms
Download: 201.23 Mbit/s
Upload: 18.58 Mbit/s
Mon Oct 19 18:45:01 CEST 2020
Ping: 24.374 ms
Download: 194.79 Mbit/s
Upload: 19.67 Mbit/s
Mon Oct 19 19:45:01 CEST 2020
Ping: 23.312 ms
Download: 193.55 Mbit/s
Upload: 19.21 Mbit/s
Mon Oct 19 20:45:01 CEST 2020
Ping: 23.153 ms
Download: 146.98 Mbit/s
Upload: 19.59 Mbit/s
Mon Oct 19 21:45:01 CEST 2020
Ping: 28.647 ms
Download: 247.49 Mbit/s
Upload: 19.32 Mbit/s
Mon Oct 19 22:45:01 CEST 2020
Ping: 25.086 ms
Download: 187.74 Mbit/s
Upload: 19.70 Mbit/s
Mon Oct 19 23:45:01 CEST 2020
Ping: 22.652 ms
Download: 158.59 Mbit/s
Upload: 18.84 Mbit/s
Tue Oct 20 00:45:01 CEST 2020
Ping: 24.174 ms
Download: 123.00 Mbit/s
Upload: 19.62 Mbit/s
Tue Oct 20 01:45:01 CEST 2020
Ping: 22.989 ms
Download: 180.96 Mbit/s
Upload: 18.48 Mbit/s
Tue Oct 20 02:45:01 CEST 2020
Ping: 22.985 ms
Download: 184.17 Mbit/s
Upload: 19.40 Mbit/s
Tue Oct 20 03:45:01 CEST 2020
Ping: 22.538 ms
Download: 125.54 Mbit/s
Upload: 18.21 Mbit/s
Tue Oct 20 04:45:01 CEST 2020
Ping: 22.741 ms
Download: 77.15 Mbit/s
Upload: 19.26 Mbit/s
Tue Oct 20 05:45:01 CEST 2020
Ping: 26.861 ms
Download: 219.94 Mbit/s
Upload: 18.71 Mbit/s
Tue Oct 20 06:45:01 CEST 2020
Ping: 23.017 ms
Download: 200.23 Mbit/s
Upload: 19.69 Mbit/s
Tue Oct 20 07:45:01 CEST 2020
Ping: 23.889 ms
Download: 184.20 Mbit/s
Upload: 19.75 Mbit/s
Tue Oct 20 08:45:01 CEST 2020
Ping: 22.074 ms
Download: 143.72 Mbit/s
Upload: 18.80 Mbit/s
Tue Oct 20 09:45:01 CEST 2020
Ping: 20.565 ms
Download: 132.47 Mbit/s
Upload: 19.08 Mbit/s
Tue Oct 20 10:45:02 CEST 2020
Ping: 26.973 ms
Download: 223.73 Mbit/s
Upload: 19.13 Mbit/s
Tue Oct 20 11:45:02 CEST 2020
Ping: 23.548 ms
Download: 198.33 Mbit/s
Upload: 19.61 Mbit/s
Tue Oct 20 12:45:01 CEST 2020
Ping: 25.747 ms
Download: 123.02 Mbit/s
Upload: 19.49 Mbit/s
Tue Oct 20 13:45:01 CEST 2020
Ping: 26.28 ms
Download: 171.81 Mbit/s
Upload: 19.51 Mbit/s
Tue Oct 20 14:45:01 CEST 2020
Ping: 25.346 ms
Download: 183.86 Mbit/s
Upload: 19.25 Mbit/s
Tue Oct 20 15:45:01 CEST 2020
Ping: 23.21 ms
Download: 169.23 Mbit/s
Upload: 17.34 Mbit/s
Tue Oct 20 16:45:01 CEST 2020
Ping: 25.969 ms
Download: 295.40 Mbit/s
Upload: 18.72 Mbit/s
Tue Oct 20 17:45:01 CEST 2020
Ping: 23.486 ms
Download: 156.67 Mbit/s
Upload: 19.71 Mbit/s
Tue Oct 20 18:45:01 CEST 2020
Ping: 25.321 ms
Download: 205.54 Mbit/s
Upload: 19.36 Mbit/s
Tue Oct 20 19:45:01 CEST 2020
Ping: 25.282 ms
Download: 254.52 Mbit/s
Upload: 19.47 Mbit/s
Tue Oct 20 20:45:01 CEST 2020
Ping: 23.567 ms
Download: 260.39 Mbit/s
Upload: 19.64 Mbit/s
Tue Oct 20 21:45:01 CEST 2020
Ping: 22.996 ms
Download: 162.94 Mbit/s
Upload: 19.61 Mbit/s
Tue Oct 20 22:45:01 CEST 2020
Ping: 21.319 ms
Download: 154.99 Mbit/s
Upload: 19.77 Mbit/s
Tue Oct 20 23:45:01 CEST 2020
Ping: 21.721 ms
Download: 275.74 Mbit/s
Upload: 19.77 Mbit/s
Wed Oct 21 00:45:01 CEST 2020
Ping: 22.987 ms
Download: 222.58 Mbit/s
Upload: 18.90 Mbit/s
Wed Oct 21 01:45:01 CEST 2020
Ping: 22.865 ms
Download: 189.80 Mbit/s
Upload: 19.72 Mbit/s
Wed Oct 21 02:45:01 CEST 2020
Ping: 22.817 ms
Download: 134.87 Mbit/s
Upload: 19.80 Mbit/s
Wed Oct 21 03:45:01 CEST 2020
Ping: 22.628 ms
Download: 191.91 Mbit/s
Upload: 19.16 Mbit/s
Wed Oct 21 04:45:01 CEST 2020
Ping: 24.53 ms
Download: 212.29 Mbit/s
Upload: 19.35 Mbit/s
Wed Oct 21 05:45:01 CEST 2020
Ping: 22.737 ms
Download: 215.64 Mbit/s
Upload: 19.55 Mbit/s
Wed Oct 21 06:45:01 CEST 2020
Ping: 23.173 ms
Download: 189.26 Mbit/s
Upload: 19.10 Mbit/s
Wed Oct 21 07:45:01 CEST 2020
Ping: 30.894 ms
Download: 251.80 Mbit/s
Upload: 18.57 Mbit/s
Wed Oct 21 08:45:01 CEST 2020
Ping: 24.091 ms
Download: 164.67 Mbit/s
Upload: 19.56 Mbit/s
Wed Oct 21 09:45:01 CEST 2020
Ping: 24.26 ms
Download: 269.54 Mbit/s
Upload: 19.01 Mbit/s
Wed Oct 21 10:45:01 CEST 2020
Ping: 25.464 ms
Download: 250.73 Mbit/s
Upload: 18.69 Mbit/s
Wed Oct 21 11:45:01 CEST 2020
Ping: 24.54 ms
Download: 274.48 Mbit/s
Upload: 19.60 Mbit/s
Wed Oct 21 12:45:01 CEST 2020
Ping: 24.848 ms
Download: 260.55 Mbit/s
Upload: 18.94 Mbit/s
Wed Oct 21 13:45:01 CEST 2020
Ping: 24.415 ms
Download: 159.10 Mbit/s
Upload: 17.91 Mbit/s
Wed Oct 21 14:45:01 CEST 2020
Ping: 24.606 ms
Download: 275.86 Mbit/s
Upload: 18.88 Mbit/s
Wed Oct 21 15:45:01 CEST 2020
Ping: 22.354 ms
Download: 124.27 Mbit/s
Upload: 19.00 Mbit/s
Wed Oct 21 16:45:01 CEST 2020
Ping: 26.006 ms
Download: 209.23 Mbit/s
Upload: 19.64 Mbit/s
Wed Oct 21 17:45:01 CEST 2020
Ping: 28.887 ms
Download: 264.76 Mbit/s
Upload: 19.70 Mbit/s
Wed Oct 21 18:45:01 CEST 2020
Ping: 22.896 ms
Download: 138.45 Mbit/s
Upload: 19.30 Mbit/s
Wed Oct 21 19:45:01 CEST 2020
Ping: 23.062 ms
Download: 108.34 Mbit/s
Upload: 18.53 Mbit/s
Wed Oct 21 20:45:01 CEST 2020
Ping: 23.541 ms
Download: 302.04 Mbit/s
Upload: 18.77 Mbit/s
Wed Oct 21 21:45:02 CEST 2020
Ping: 22.479 ms
Download: 303.57 Mbit/s
Upload: 19.16 Mbit/s
Wed Oct 21 22:45:01 CEST 2020
Ping: 23.435 ms
Download: 156.33 Mbit/s
Upload: 19.04 Mbit/s
Wed Oct 21 23:45:01 CEST 2020
Ping: 24.243 ms
Download: 103.90 Mbit/s
Upload: 19.21 Mbit/s
Thu Oct 22 00:45:01 CEST 2020
Ping: 24.817 ms
Download: 265.75 Mbit/s
Upload: 19.64 Mbit/s
Thu Oct 22 01:45:01 CEST 2020
Ping: 24.842 ms
Download: 231.83 Mbit/s
Upload: 19.45 Mbit/s
Thu Oct 22 02:45:01 CEST 2020
Ping: 22.952 ms
Download: 311.29 Mbit/s
Upload: 19.40 Mbit/s
Thu Oct 22 03:45:01 CEST 2020
Ping: 26.176 ms
Download: 245.11 Mbit/s
Upload: 19.59 Mbit/s
Thu Oct 22 04:45:01 CEST 2020
Ping: 23.077 ms
Download: 249.97 Mbit/s
Upload: 19.80 Mbit/s
Thu Oct 22 05:45:01 CEST 2020
Ping: 26.205 ms
Download: 260.35 Mbit/s
Upload: 19.46 Mbit/s
Thu Oct 22 06:45:01 CEST 2020
Ping: 23.221 ms
Download: 133.12 Mbit/s
Upload: 19.82 Mbit/s
Thu Oct 22 07:45:01 CEST 2020
Ping: 24.509 ms
Download: 240.97 Mbit/s
Upload: 19.56 Mbit/s
Thu Oct 22 08:45:02 CEST 2020
Ping: 21.907 ms
Download: 237.47 Mbit/s
Upload: 19.36 Mbit/s
Thu Oct 22 09:45:01 CEST 2020
Ping: 22.938 ms
Download: 162.47 Mbit/s
Upload: 19.64 Mbit/s
Thu Oct 22 10:45:01 CEST 2020
Ping: 23.97 ms
Download: 239.10 Mbit/s
Upload: 19.36 Mbit/s
Thu Oct 22 11:45:01 CEST 2020
Ping: 25.888 ms
Download: 245.15 Mbit/s
Upload: 19.22 Mbit/s
Thu Oct 22 12:45:02 CEST 2020
Ping: 22.401 ms
Download: 226.56 Mbit/s
Upload: 19.71 Mbit/s
Thu Oct 22 13:45:01 CEST 2020
Ping: 22.915 ms
Download: 146.32 Mbit/s
Upload: 19.64 Mbit/s
Thu Oct 22 14:45:01 CEST 2020
Ping: 22.433 ms
Download: 270.34 Mbit/s
Upload: 19.55 Mbit/s
Thu Oct 22 15:45:01 CEST 2020
Ping: 23.902 ms
Download: 225.90 Mbit/s
Upload: 19.40 Mbit/s
Thu Oct 22 16:45:01 CEST 2020
Ping: 24.152 ms
Download: 155.82 Mbit/s
Upload: 19.48 Mbit/s
Thu Oct 22 17:45:01 CEST 2020
Ping: 27.607 ms
Download: 254.43 Mbit/s
Upload: 18.26 Mbit/s
Thu Oct 22 18:45:01 CEST 2020
Ping: 24.13 ms
Download: 267.58 Mbit/s
Upload: 19.69 Mbit/s
Thu Oct 22 19:45:01 CEST 2020
Ping: 25.788 ms
Download: 267.07 Mbit/s
Upload: 18.96 Mbit/s
Thu Oct 22 20:45:01 CEST 2020
Ping: 28.828 ms
Download: 239.38 Mbit/s
Upload: 18.53 Mbit/s
Thu Oct 22 21:45:01 CEST 2020
Ping: 24.473 ms
Download: 234.79 Mbit/s
Upload: 19.49 Mbit/s
Thu Oct 22 22:45:01 CEST 2020
Ping: 27.773 ms
Download: 226.20 Mbit/s
Upload: 19.31 Mbit/s
Thu Oct 22 23:45:01 CEST 2020
Ping: 23.644 ms
Download: 310.75 Mbit/s
Upload: 19.77 Mbit/s
Fri Oct 23 00:45:01 CEST 2020
Ping: 24.638 ms
Download: 197.46 Mbit/s
Upload: 19.59 Mbit/s
Fri Oct 23 01:45:01 CEST 2020
Ping: 22.801 ms
Download: 103.22 Mbit/s
Upload: 19.56 Mbit/s
Fri Oct 23 02:45:02 CEST 2020
Ping: 23.569 ms
Download: 259.66 Mbit/s
Upload: 19.69 Mbit/s
Fri Oct 23 03:45:01 CEST 2020
Ping: 23.782 ms
Download: 130.42 Mbit/s
Upload: 19.71 Mbit/s
Fri Oct 23 04:45:01 CEST 2020
Ping: 23.327 ms
Download: 225.47 Mbit/s
Upload: 19.42 Mbit/s
Fri Oct 23 05:45:01 CEST 2020
Ping: 22.902 ms
Download: 246.48 Mbit/s
Upload: 19.02 Mbit/s
Fri Oct 23 06:45:01 CEST 2020
Ping: 21.697 ms
Download: 199.33 Mbit/s
Upload: 19.60 Mbit/s
Fri Oct 23 07:45:01 CEST 2020
Ping: 23.966 ms
Download: 256.47 Mbit/s
Upload: 19.71 Mbit/s
Fri Oct 23 08:45:01 CEST 2020
Ping: 23.646 ms
Download: 269.88 Mbit/s
Upload: 17.75 Mbit/s
Fri Oct 23 09:45:01 CEST 2020
Ping: 22.7 ms
Download: 252.57 Mbit/s
Upload: 19.26 Mbit/s
Fri Oct 23 10:45:01 CEST 2020
Ping: 25.01 ms
Download: 250.28 Mbit/s
Upload: 19.53 Mbit/s
Fri Oct 23 11:45:01 CEST 2020
Ping: 22.568 ms
Download: 245.03 Mbit/s
Upload: 19.20 Mbit/s
Fri Oct 23 12:45:01 CEST 2020
Ping: 25.314 ms
Download: 300.56 Mbit/s
Upload: 19.36 Mbit/s
Fri Oct 23 13:45:01 CEST 2020
Ping: 26.381 ms
Download: 198.50 Mbit/s
Upload: 19.86 Mbit/s
Fri Oct 23 14:45:01 CEST 2020
Ping: 23.937 ms
Download: 291.09 Mbit/s
Upload: 19.58 Mbit/s
Fri Oct 23 15:45:01 CEST 2020
Ping: 24.242 ms
Download: 248.88 Mbit/s
Upload: 19.72 Mbit/s
Fri Oct 23 16:45:02 CEST 2020
Ping: 23.397 ms
Download: 233.10 Mbit/s
Upload: 19.84 Mbit/s
Fri Oct 23 17:45:02 CEST 2020
Ping: 24.253 ms
Download: 285.02 Mbit/s
Upload: 19.46 Mbit/s
Fri Oct 23 18:45:01 CEST 2020
Ping: 24.938 ms
Download: 209.32 Mbit/s
Upload: 18.91 Mbit/s
Fri Oct 23 19:45:01 CEST 2020
Ping: 26.03 ms
Download: 295.91 Mbit/s
Upload: 16.22 Mbit/s
Fri Oct 23 20:45:01 CEST 2020
Ping: 26.024 ms
Download: 217.76 Mbit/s
Upload: 18.82 Mbit/s
Fri Oct 23 21:45:01 CEST 2020
Ping: 26.19 ms
Download: 199.35 Mbit/s
Upload: 19.39 Mbit/s
Fri Oct 23 22:45:01 CEST 2020
Ping: 26.016 ms
Download: 228.59 Mbit/s
Upload: 18.88 Mbit/s
Fri Oct 23 23:45:01 CEST 2020
Ping: 23.663 ms
Download: 188.35 Mbit/s
Upload: 19.29 Mbit/s
Sat Oct 24 00:45:01 CEST 2020
Ping: 25.341 ms
Download: 234.17 Mbit/s
Upload: 19.36 Mbit/s
Sat Oct 24 01:45:01 CEST 2020
Ping: 26.165 ms
Download: 254.86 Mbit/s
Upload: 19.67 Mbit/s
Sat Oct 24 02:45:01 CEST 2020
Ping: 24.357 ms
Download: 239.92 Mbit/s
Upload: 19.39 Mbit/s
Sat Oct 24 03:45:01 CEST 2020
Ping: 20.096 ms
Download: 355.03 Mbit/s
Upload: 19.50 Mbit/s
Sat Oct 24 04:45:01 CEST 2020
Ping: 25.205 ms
Download: 281.24 Mbit/s
Upload: 19.46 Mbit/s
Sat Oct 24 05:45:01 CEST 2020
Ping: 26.26 ms
Download: 233.54 Mbit/s
Upload: 18.77 Mbit/s
Sat Oct 24 06:45:01 CEST 2020
Ping: 25.841 ms
Download: 261.84 Mbit/s
Upload: 19.10 Mbit/s
Sat Oct 24 07:45:01 CEST 2020
Ping: 24.841 ms
Download: 207.45 Mbit/s
Upload: 19.39 Mbit/s
Sat Oct 24 08:45:01 CEST 2020
Ping: 24.892 ms
Download: 242.92 Mbit/s
Upload: 19.68 Mbit/s
Sat Oct 24 09:45:01 CEST 2020
Ping: 24.638 ms
Download: 227.56 Mbit/s
Upload: 19.19 Mbit/s
Sat Oct 24 10:45:01 CEST 2020
Ping: 24.155 ms
Download: 119.91 Mbit/s
Upload: 19.50 Mbit/s
Sat Oct 24 11:45:01 CEST 2020
Ping: 23.847 ms
Download: 202.78 Mbit/s
Upload: 19.59 Mbit/s
Sat Oct 24 12:45:01 CEST 2020
Ping: 24.064 ms
Download: 228.41 Mbit/s
Upload: 19.78 Mbit/s
Sat Oct 24 13:45:01 CEST 2020
Ping: 23.761 ms
Download: 228.24 Mbit/s
Upload: 19.65 Mbit/s
Sat Oct 24 14:45:01 CEST 2020
Ping: 26.475 ms
Download: 241.84 Mbit/s
Upload: 19.57 Mbit/s
Sat Oct 24 15:45:01 CEST 2020
Ping: 25.93 ms
Download: 274.51 Mbit/s
Upload: 19.57 Mbit/s
Sat Oct 24 16:45:01 CEST 2020
Ping: 26.358 ms
Download: 279.86 Mbit/s
Upload: 19.70 Mbit/s
Sat Oct 24 17:45:01 CEST 2020
Ping: 23.227 ms
Download: 286.95 Mbit/s
Upload: 19.66 Mbit/s
Sat Oct 24 18:45:01 CEST 2020
Ping: 24.507 ms
Download: 214.73 Mbit/s
Upload: 19.15 Mbit/s
Sat Oct 24 19:45:01 CEST 2020
Ping: 26.118 ms
Download: 169.06 Mbit/s
Upload: 19.79 Mbit/s
Sat Oct 24 20:45:01 CEST 2020
Ping: 25.181 ms
Download: 218.01 Mbit/s
Upload: 19.26 Mbit/s
Sat Oct 24 21:45:01 CEST 2020
Ping: 27.777 ms
Download: 291.65 Mbit/s
Upload: 19.26 Mbit/s
Sat Oct 24 22:45:01 CEST 2020
Ping: 23.455 ms
Download: 255.88 Mbit/s
Upload: 19.83 Mbit/s
Sat Oct 24 23:45:01 CEST 2020
Ping: 27.112 ms
Download: 275.95 Mbit/s
Upload: 19.26 Mbit/s
Sun Oct 25 00:45:01 CEST 2020
Ping: 24.208 ms
Download: 225.18 Mbit/s
Upload: 19.75 Mbit/s
Sun Oct 25 01:45:01 CEST 2020
Ping: 24.662 ms
Download: 268.15 Mbit/s
Upload: 19.30 Mbit/s
Sun Oct 25 02:45:01 CEST 2020
Ping: 29.665 ms
Download: 211.48 Mbit/s
Upload: 18.80 Mbit/s
Sun Oct 25 02:45:01 CET 2020
Ping: 26.111 ms
Download: 228.16 Mbit/s
Upload: 19.05 Mbit/s
Sun Oct 25 03:45:01 CET 2020
Ping: 24.021 ms
Download: 147.79 Mbit/s
Upload: 19.75 Mbit/s
Sun Oct 25 04:45:01 CET 2020
Ping: 21.77 ms
Download: 156.90 Mbit/s
Upload: 19.51 Mbit/s
Sun Oct 25 05:45:01 CET 2020
Ping: 25.388 ms
Download: 261.20 Mbit/s
Upload: 19.54 Mbit/s
Sun Oct 25 06:45:01 CET 2020
Ping: 25.158 ms
Download: 207.30 Mbit/s
Upload: 19.65 Mbit/s
Sun Oct 25 07:45:01 CET 2020
Ping: 23.769 ms
Download: 222.85 Mbit/s
Upload: 19.59 Mbit/s
Sun Oct 25 08:45:01 CET 2020
Ping: 25.529 ms
Download: 226.96 Mbit/s
Upload: 19.54 Mbit/s
Sun Oct 25 09:45:01 CET 2020
Ping: 24.837 ms
Download: 266.07 Mbit/s
Upload: 19.38 Mbit/s
Sun Oct 25 10:45:01 CET 2020
Ping: 26.392 ms
Download: 277.11 Mbit/s
Upload: 19.38 Mbit/s
Sun Oct 25 11:45:01 CET 2020
Ping: 26.701 ms
Download: 234.98 Mbit/s
Upload: 19.11 Mbit/s
Sun Oct 25 12:45:01 CET 2020
Ping: 26.722 ms
Download: 153.30 Mbit/s
Upload: 19.77 Mbit/s
Sun Oct 25 13:45:01 CET 2020
Ping: 24.905 ms
Download: 238.19 Mbit/s
Upload: 19.63 Mbit/s
Sun Oct 25 14:45:01 CET 2020
Ping: 23.42 ms
Download: 267.24 Mbit/s
Upload: 19.60 Mbit/s
Sun Oct 25 15:45:01 CET 2020
Ping: 22.898 ms
Download: 290.91 Mbit/s
Upload: 19.66 Mbit/s
Sun Oct 25 16:45:01 CET 2020
Ping: 23.933 ms
Download: 52.24 Mbit/s
Upload: 14.75 Mbit/s
Sun Oct 25 17:45:01 CET 2020
Ping: 27.492 ms
Download: 256.37 Mbit/s
Upload: 19.60 Mbit/s
Sun Oct 25 18:45:01 CET 2020
Ping: 25.767 ms
Download: 252.08 Mbit/s
Upload: 19.52 Mbit/s
Sun Oct 25 19:45:01 CET 2020
Ping: 25.343 ms
Download: 347.75 Mbit/s
Upload: 19.71 Mbit/s
Sun Oct 25 20:45:01 CET 2020
Ping: 25.754 ms
Download: 229.52 Mbit/s
Upload: 19.22 Mbit/s
Sun Oct 25 21:45:01 CET 2020
Ping: 27.151 ms
Download: 233.85 Mbit/s
Upload: 19.18 Mbit/s
Sun Oct 25 22:45:01 CET 2020
Ping: 24.205 ms
Download: 185.47 Mbit/s
Upload: 19.83 Mbit/s
Sun Oct 25 23:45:01 CET 2020
Ping: 24.723 ms
Download: 194.79 Mbit/s
Upload: 19.27 Mbit/s
Mon Oct 26 00:45:01 CET 2020
Ping: 23.231 ms
Download: 276.26 Mbit/s
Upload: 19.74 Mbit/s
Mon Oct 26 01:45:01 CET 2020
Ping: 23.551 ms
Download: 243.84 Mbit/s
Upload: 19.66 Mbit/s
Mon Oct 26 02:45:02 CET 2020
Ping: 24.211 ms
Download: 329.14 Mbit/s
Upload: 19.62 Mbit/s
Mon Oct 26 03:45:02 CET 2020
Ping: 22.208 ms
Download: 234.54 Mbit/s
Upload: 19.83 Mbit/s
Mon Oct 26 04:45:01 CET 2020
Ping: 22.443 ms
Download: 237.60 Mbit/s
Upload: 19.75 Mbit/s
Mon Oct 26 05:45:01 CET 2020
Ping: 25.331 ms
Download: 235.53 Mbit/s
Upload: 19.65 Mbit/s
Mon Oct 26 06:45:02 CET 2020
Ping: 23.97 ms
Download: 182.64 Mbit/s
Upload: 19.76 Mbit/s
Mon Oct 26 07:45:01 CET 2020
Ping: 23.103 ms
Download: 135.75 Mbit/s
Upload: 19.00 Mbit/s
Mon Oct 26 08:45:01 CET 2020
Ping: 24.897 ms
Download: 221.09 Mbit/s
Upload: 19.43 Mbit/s
Mon Oct 26 09:45:01 CET 2020
Ping: 25.209 ms
Download: 239.29 Mbit/s
Upload: 19.48 Mbit/s
Mon Oct 26 10:45:01 CET 2020
Ping: 22.752 ms
Download: 222.95 Mbit/s
Upload: 18.05 Mbit/s
Mon Oct 26 11:45:01 CET 2020
Ping: 24.868 ms
Download: 269.68 Mbit/s
Upload: 18.78 Mbit/s
Mon Oct 26 12:45:01 CET 2020
Ping: 22.062 ms
Download: 347.92 Mbit/s
Upload: 19.20 Mbit/s
Mon Oct 26 13:45:01 CET 2020
Ping: 25.703 ms
Download: 359.17 Mbit/s
Upload: 19.21 Mbit/s
Mon Oct 26 14:45:01 CET 2020
Ping: 24.65 ms
Download: 244.92 Mbit/s
Upload: 19.43 Mbit/s
Mon Oct 26 15:45:01 CET 2020
Ping: 24.909 ms
Download: 284.69 Mbit/s
Upload: 19.85 Mbit/s
Mon Oct 26 16:45:01 CET 2020
Ping: 25.176 ms
Download: 262.55 Mbit/s
Upload: 19.20 Mbit/s
Mon Oct 26 17:45:02 CET 2020
Ping: 25.447 ms
Download: 306.56 Mbit/s
Upload: 19.27 Mbit/s
Mon Oct 26 18:45:01 CET 2020
Ping: 26.314 ms
Download: 202.22 Mbit/s
Upload: 19.53 Mbit/s
Mon Oct 26 19:45:01 CET 2020
Ping: 23.923 ms
Download: 242.16 Mbit/s
Upload: 19.56 Mbit/s
Mon Oct 26 20:45:01 CET 2020
Ping: 23.762 ms
Download: 215.16 Mbit/s
Upload: 19.71 Mbit/s
Mon Oct 26 21:45:01 CET 2020
Ping: 26.343 ms
Download: 266.81 Mbit/s
Upload: 19.36 Mbit/s
Mon Oct 26 22:45:01 CET 2020
Ping: 24.721 ms
Download: 220.04 Mbit/s
Upload: 19.63 Mbit/s
Mon Oct 26 23:45:01 CET 2020
Ping: 25.262 ms
Download: 270.72 Mbit/s
Upload: 19.67 Mbit/s
Tue Oct 27 00:45:01 CET 2020
Ping: 23.244 ms
Download: 278.72 Mbit/s
Upload: 19.55 Mbit/s
Tue Oct 27 01:45:01 CET 2020
Ping: 26.013 ms
Download: 189.75 Mbit/s
Upload: 19.58 Mbit/s
Tue Oct 27 02:45:01 CET 2020
Ping: 24.77 ms
Download: 265.53 Mbit/s
Upload: 19.61 Mbit/s
Tue Oct 27 03:45:01 CET 2020
Ping: 26.015 ms
Download: 211.07 Mbit/s
Upload: 19.51 Mbit/s
Tue Oct 27 04:45:01 CET 2020
Ping: 23.748 ms
Download: 225.86 Mbit/s
Upload: 19.75 Mbit/s
Tue Oct 27 05:45:01 CET 2020
Ping: 25.174 ms
Download: 326.92 Mbit/s
Upload: 19.82 Mbit/s
Tue Oct 27 06:45:01 CET 2020
Ping: 23.823 ms
Download: 232.77 Mbit/s
Upload: 19.78 Mbit/s
Tue Oct 27 07:45:01 CET 2020
Ping: 24.81 ms
Download: 329.29 Mbit/s
Upload: 19.41 Mbit/s
Tue Oct 27 08:45:01 CET 2020
Ping: 24.775 ms
Download: 278.93 Mbit/s
Upload: 19.53 Mbit/s
Tue Oct 27 09:45:01 CET 2020
Ping: 27.951 ms
Download: 240.25 Mbit/s
Upload: 19.17 Mbit/s
Tue Oct 27 10:45:01 CET 2020
Ping: 24.356 ms
Download: 188.60 Mbit/s
Upload: 19.33 Mbit/s
Tue Oct 27 11:45:01 CET 2020
Ping: 25.035 ms
Download: 245.90 Mbit/s
Upload: 19.27 Mbit/s
Tue Oct 27 12:45:01 CET 2020
Ping: 24.349 ms
Download: 236.07 Mbit/s
Upload: 19.64 Mbit/s
Tue Oct 27 13:45:01 CET 2020
Ping: 20.913 ms
Download: 261.78 Mbit/s
Upload: 19.60 Mbit/s
Tue Oct 27 14:45:01 CET 2020
Ping: 22.534 ms
Download: 239.90 Mbit/s
Upload: 19.55 Mbit/s
Tue Oct 27 15:45:01 CET 2020
Ping: 28.317 ms
Download: 264.56 Mbit/s
Upload: 19.19 Mbit/s
Tue Oct 27 16:45:02 CET 2020
Ping: 24.432 ms
Download: 249.07 Mbit/s
Upload: 19.24 Mbit/s
Tue Oct 27 17:45:01 CET 2020
Ping: 31.929 ms
Download: 274.04 Mbit/s
Upload: 18.63 Mbit/s
Tue Oct 27 18:45:01 CET 2020
Ping: 24.044 ms
Download: 277.19 Mbit/s
Upload: 19.52 Mbit/s
Tue Oct 27 19:45:01 CET 2020
Ping: 24.25 ms
Download: 147.94 Mbit/s
Upload: 19.22 Mbit/s
Tue Oct 27 20:45:01 CET 2020
Ping: 25.412 ms
Download: 248.26 Mbit/s
Upload: 19.33 Mbit/s
Tue Oct 27 21:45:02 CET 2020
Ping: 24.705 ms
Download: 238.86 Mbit/s
Upload: 19.69 Mbit/s
Tue Oct 27 22:45:01 CET 2020
Ping: 23.399 ms
Download: 276.86 Mbit/s
Upload: 19.56 Mbit/s
Tue Oct 27 23:45:01 CET 2020
Ping: 25.95 ms
Download: 157.60 Mbit/s
Upload: 19.52 Mbit/s
Wed Oct 28 00:45:01 CET 2020
Ping: 22.731 ms
Download: 288.79 Mbit/s
Upload: 19.18 Mbit/s
Wed Oct 28 01:45:01 CET 2020
Ping: 25.693 ms
Download: 282.43 Mbit/s
Upload: 19.88 Mbit/s
Wed Oct 28 02:45:02 CET 2020
Ping: 25.907 ms
Download: 214.78 Mbit/s
Upload: 19.27 Mbit/s
Wed Oct 28 03:45:01 CET 2020
Ping: 25.927 ms
Download: 287.78 Mbit/s
Upload: 19.18 Mbit/s
Wed Oct 28 04:45:01 CET 2020
Ping: 26.624 ms
Download: 148.36 Mbit/s
Upload: 19.84 Mbit/s
Wed Oct 28 05:45:01 CET 2020
Ping: 24.581 ms
Download: 232.05 Mbit/s
Upload: 18.84 Mbit/s
Wed Oct 28 06:45:01 CET 2020
Ping: 24.14 ms
Download: 141.96 Mbit/s
Upload: 19.53 Mbit/s
Wed Oct 28 07:45:02 CET 2020
Ping: 24.919 ms
Download: 199.28 Mbit/s
Upload: 19.23 Mbit/s
Wed Oct 28 08:45:01 CET 2020
Ping: 24.707 ms
Download: 246.82 Mbit/s
Upload: 19.71 Mbit/s
Wed Oct 28 09:45:02 CET 2020
Ping: 37.505 ms
Download: 256.51 Mbit/s
Upload: 16.79 Mbit/s
Wed Oct 28 10:45:01 CET 2020
Ping: 27.035 ms
Download: 306.98 Mbit/s
Upload: 19.11 Mbit/s
Wed Oct 28 11:45:01 CET 2020
Ping: 26.593 ms
Download: 148.96 Mbit/s
Upload: 19.29 Mbit/s
Wed Oct 28 12:45:01 CET 2020
Ping: 23.23 ms
Download: 263.70 Mbit/s
Upload: 18.88 Mbit/s
Wed Oct 28 13:45:01 CET 2020
Ping: 28.222 ms
Download: 268.40 Mbit/s
Upload: 19.36 Mbit/s
Wed Oct 28 14:45:02 CET 2020
Ping: 25.39 ms
Download: 268.73 Mbit/s
Upload: 19.21 Mbit/s
Wed Oct 28 15:45:01 CET 2020
Ping: 26.011 ms
Download: 278.95 Mbit/s
Upload: 19.68 Mbit/s
Wed Oct 28 16:45:01 CET 2020
Ping: 26.525 ms
Download: 235.04 Mbit/s
Upload: 19.71 Mbit/s
Wed Oct 28 17:45:01 CET 2020
Ping: 26.453 ms
Download: 245.71 Mbit/s
Upload: 16.25 Mbit/s
Wed Oct 28 18:45:01 CET 2020
Ping: 28.605 ms
Download: 192.46 Mbit/s
Upload: 19.90 Mbit/s
Wed Oct 28 19:45:01 CET 2020
Ping: 26.492 ms
Download: 222.09 Mbit/s
Upload: 19.37 Mbit/s
Wed Oct 28 20:45:01 CET 2020
Ping: 21.88 ms
Download: 291.37 Mbit/s
Upload: 19.23 Mbit/s
Wed Oct 28 21:45:01 CET 2020
Ping: 30.02 ms
Download: 225.35 Mbit/s
Upload: 15.95 Mbit/s
Wed Oct 28 22:45:01 CET 2020
Ping: 24.859 ms
Download: 235.63 Mbit/s
Upload: 15.74 Mbit/s
Wed Oct 28 23:45:01 CET 2020
Ping: 25.001 ms
Download: 112.77 Mbit/s
Upload: 17.74 Mbit/s
Thu Oct 29 00:45:01 CET 2020
Ping: 24.565 ms
Download: 252.71 Mbit/s
Upload: 19.40 Mbit/s
Thu Oct 29 01:45:01 CET 2020
Ping: 25.55 ms
Download: 232.17 Mbit/s
Upload: 19.42 Mbit/s
Thu Oct 29 02:45:01 CET 2020
Ping: 25.481 ms
Download: 260.62 Mbit/s
Upload: 19.58 Mbit/s
Thu Oct 29 03:45:01 CET 2020
Ping: 24.054 ms
Download: 248.51 Mbit/s
Upload: 19.45 Mbit/s
Thu Oct 29 04:45:01 CET 2020
Ping: 26.0 ms
Download: 241.31 Mbit/s
Upload: 19.76 Mbit/s
Thu Oct 29 05:45:01 CET 2020
Ping: 24.509 ms
Download: 234.98 Mbit/s
Upload: 19.37 Mbit/s
Thu Oct 29 06:45:01 CET 2020
Ping: 23.013 ms
Download: 252.09 Mbit/s
Upload: 19.80 Mbit/s
Thu Oct 29 07:45:01 CET 2020
Ping: 24.926 ms
Download: 215.35 Mbit/s
Upload: 19.10 Mbit/s
Thu Oct 29 08:45:01 CET 2020
Ping: 25.843 ms
Download: 195.17 Mbit/s
Upload: 19.28 Mbit/s
Thu Oct 29 09:45:01 CET 2020
Ping: 25.023 ms
Download: 203.89 Mbit/s
Upload: 19.65 Mbit/s
Thu Oct 29 10:45:01 CET 2020
Ping: 26.344 ms
Download: 304.18 Mbit/s
Upload: 19.42 Mbit/s
Thu Oct 29 11:45:01 CET 2020
Ping: 24.682 ms
Download: 260.86 Mbit/s
Upload: 19.39 Mbit/s
Thu Oct 29 12:45:02 CET 2020
Ping: 23.75 ms
Download: 279.99 Mbit/s
Upload: 19.38 Mbit/s
Thu Oct 29 13:45:02 CET 2020
Ping: 22.744 ms
Download: 217.70 Mbit/s
Upload: 19.78 Mbit/s
Thu Oct 29 14:45:01 CET 2020
Ping: 25.494 ms
Download: 228.07 Mbit/s
Upload: 18.92 Mbit/s
Thu Oct 29 15:45:01 CET 2020
Ping: 25.187 ms
Download: 239.95 Mbit/s
Upload: 19.58 Mbit/s
Thu Oct 29 16:45:01 CET 2020
Ping: 24.024 ms
Download: 284.97 Mbit/s
Upload: 19.62 Mbit/s
Thu Oct 29 17:45:01 CET 2020
Ping: 28.791 ms
Download: 227.83 Mbit/s
Upload: 19.57 Mbit/s
Thu Oct 29 18:45:01 CET 2020
Ping: 24.877 ms
Download: 220.64 Mbit/s
Upload: 19.24 Mbit/s
Thu Oct 29 19:45:01 CET 2020
Ping: 27.191 ms
Download: 284.73 Mbit/s
Upload: 19.20 Mbit/s
Thu Oct 29 20:45:01 CET 2020
Ping: 25.837 ms
Download: 202.48 Mbit/s
Upload: 19.28 Mbit/s
Thu Oct 29 21:45:01 CET 2020
Ping: 26.676 ms
Download: 256.60 Mbit/s
Upload: 18.76 Mbit/s
Thu Oct 29 22:45:01 CET 2020
Ping: 22.876 ms
Download: 220.59 Mbit/s
Upload: 19.50 Mbit/s
Thu Oct 29 23:45:01 CET 2020
Ping: 27.072 ms
Download: 231.56 Mbit/s
Upload: 19.35 Mbit/s
Fri Oct 30 00:45:01 CET 2020
Ping: 23.771 ms
Download: 273.64 Mbit/s
Upload: 19.50 Mbit/s
Fri Oct 30 01:45:02 CET 2020
Ping: 22.88 ms
Download: 281.07 Mbit/s
Upload: 19.26 Mbit/s
Fri Oct 30 02:45:01 CET 2020
Ping: 23.879 ms
Download: 227.67 Mbit/s
Upload: 19.57 Mbit/s
Fri Oct 30 03:45:01 CET 2020
Ping: 24.806 ms
Download: 228.60 Mbit/s
Upload: 18.71 Mbit/s
Fri Oct 30 04:45:01 CET 2020
Ping: 26.361 ms
Download: 225.78 Mbit/s
Upload: 19.89 Mbit/s
Fri Oct 30 05:45:01 CET 2020
Ping: 24.173 ms
Download: 239.29 Mbit/s
Upload: 19.48 Mbit/s
Fri Oct 30 06:45:01 CET 2020
Ping: 25.407 ms
Download: 270.81 Mbit/s
Upload: 19.43 Mbit/s
Fri Oct 30 07:45:01 CET 2020
Ping: 25.17 ms
Download: 112.42 Mbit/s
Upload: 19.63 Mbit/s
Fri Oct 30 08:45:01 CET 2020
Ping: 25.191 ms
Download: 275.03 Mbit/s
Upload: 19.65 Mbit/s
Fri Oct 30 09:45:01 CET 2020
Ping: 23.871 ms
Download: 125.57 Mbit/s
Upload: 18.98 Mbit/s
Fri Oct 30 10:45:01 CET 2020
Ping: 23.874 ms
Download: 93.13 Mbit/s
Upload: 18.83 Mbit/s
Fri Oct 30 11:45:01 CET 2020
Ping: 25.616 ms
Download: 263.26 Mbit/s
Upload: 18.49 Mbit/s
Fri Oct 30 12:45:01 CET 2020
Ping: 23.745 ms
Download: 155.78 Mbit/s
Upload: 19.74 Mbit/s
Fri Oct 30 13:45:01 CET 2020
Ping: 23.878 ms
Download: 145.50 Mbit/s
Upload: 19.60 Mbit/s
Fri Oct 30 14:45:01 CET 2020
Ping: 24.958 ms
Download: 229.66 Mbit/s
Upload: 19.62 Mbit/s
Fri Oct 30 15:45:01 CET 2020
Ping: 29.563 ms
Download: 231.46 Mbit/s
Upload: 19.68 Mbit/s
Fri Oct 30 16:45:01 CET 2020
Ping: 21.537 ms
Download: 133.68 Mbit/s
Upload: 18.76 Mbit/s
Fri Oct 30 17:45:01 CET 2020
Ping: 30.484 ms
Download: 240.54 Mbit/s
Upload: 19.73 Mbit/s
Fri Oct 30 18:45:02 CET 2020
Ping: 21.908 ms
Download: 291.62 Mbit/s
Upload: 19.35 Mbit/s
Fri Oct 30 19:45:01 CET 2020
Ping: 23.633 ms
Download: 246.73 Mbit/s
Upload: 19.71 Mbit/s
Fri Oct 30 20:45:01 CET 2020
Ping: 25.25 ms
Download: 163.43 Mbit/s
Upload: 19.43 Mbit/s
Fri Oct 30 21:45:01 CET 2020
Ping: 23.095 ms
Download: 269.93 Mbit/s
Upload: 19.66 Mbit/s
Fri Oct 30 22:45:01 CET 2020
Ping: 27.679 ms
Download: 276.57 Mbit/s
Upload: 19.50 Mbit/s
Fri Oct 30 23:45:01 CET 2020
Ping: 23.334 ms
Download: 179.34 Mbit/s
Upload: 19.62 Mbit/s
Sat Oct 31 00:45:02 CET 2020
Ping: 23.761 ms
Download: 230.24 Mbit/s
Upload: 19.21 Mbit/s
Sat Oct 31 01:45:01 CET 2020
Ping: 24.0 ms
Download: 232.89 Mbit/s
Upload: 19.51 Mbit/s
Sat Oct 31 02:45:01 CET 2020
Ping: 24.362 ms
Download: 237.45 Mbit/s
Upload: 19.34 Mbit/s
Sat Oct 31 03:45:01 CET 2020
Ping: 25.157 ms
Download: 215.64 Mbit/s
Upload: 19.52 Mbit/s
Sat Oct 31 04:45:01 CET 2020
Ping: 23.653 ms
Download: 215.20 Mbit/s
Upload: 19.79 Mbit/s
Sat Oct 31 05:45:01 CET 2020
Ping: 26.979 ms
Download: 170.93 Mbit/s
Upload: 19.17 Mbit/s
Sat Oct 31 06:45:01 CET 2020
Ping: 21.766 ms
Download: 142.68 Mbit/s
Upload: 19.60 Mbit/s
Sat Oct 31 07:45:01 CET 2020
Ping: 23.321 ms
Download: 151.96 Mbit/s
Upload: 19.47 Mbit/s
Sat Oct 31 08:45:01 CET 2020
Ping: 33.705 ms
Download: 195.64 Mbit/s
Upload: 19.53 Mbit/s
Sat Oct 31 09:45:01 CET 2020
Ping: 24.187 ms
Download: 144.84 Mbit/s
Upload: 19.73 Mbit/s
Sat Oct 31 10:45:01 CET 2020
Ping: 23.068 ms
Download: 126.85 Mbit/s
Upload: 18.86 Mbit/s
Sat Oct 31 11:45:02 CET 2020
Ping: 22.724 ms
Download: 106.58 Mbit/s
Upload: 19.22 Mbit/s
Sat Oct 31 12:45:01 CET 2020
Ping: 23.886 ms
Download: 219.74 Mbit/s
Upload: 19.62 Mbit/s
Sat Oct 31 13:45:01 CET 2020
Ping: 24.34 ms
Download: 110.45 Mbit/s
Upload: 19.57 Mbit/s
Sat Oct 31 14:45:01 CET 2020
Ping: 23.236 ms
Download: 109.51 Mbit/s
Upload: 19.42 Mbit/s
Sat Oct 31 15:45:01 CET 2020
Ping: 24.165 ms
Download: 248.28 Mbit/s
Upload: 19.19 Mbit/s
Sat Oct 31 16:45:01 CET 2020
Ping: 22.528 ms
Download: 273.35 Mbit/s
Upload: 19.86 Mbit/s
Sat Oct 31 17:45:01 CET 2020
Ping: 26.327 ms
Download: 222.77 Mbit/s
Upload: 19.56 Mbit/s
Sat Oct 31 18:45:01 CET 2020
Ping: 22.58 ms
Download: 116.70 Mbit/s
Upload: 18.88 Mbit/s
Sat Oct 31 19:45:01 CET 2020
Ping: 23.47 ms
Download: 114.51 Mbit/s
Upload: 18.94 Mbit/s
Sat Oct 31 20:45:01 CET 2020
Ping: 24.479 ms
Download: 243.98 Mbit/s
Upload: 19.65 Mbit/s
Sat Oct 31 21:45:01 CET 2020
Ping: 26.739 ms
Download: 260.02 Mbit/s
Upload: 19.61 Mbit/s
Sat Oct 31 22:45:01 CET 2020
Ping: 23.008 ms
Download: 104.45 Mbit/s
Upload: 19.38 Mbit/s
Sat Oct 31 23:45:01 CET 2020
Ping: 22.575 ms
Download: 297.56 Mbit/s
Upload: 19.40 Mbit/s
