Sun Nov  1 00:45:01 CET 2020
Ping: 27.052 ms
Download: 241.56 Mbit/s
Upload: 19.52 Mbit/s
Sun Nov  1 01:45:01 CET 2020
Ping: 20.917 ms
Download: 154.15 Mbit/s
Upload: 19.63 Mbit/s
Sun Nov  1 02:45:02 CET 2020
Ping: 22.416 ms
Download: 109.90 Mbit/s
Upload: 19.66 Mbit/s
Sun Nov  1 03:45:01 CET 2020
Ping: 21.512 ms
Download: 93.28 Mbit/s
Upload: 17.97 Mbit/s
Sun Nov  1 04:45:01 CET 2020
Ping: 24.515 ms
Download: 214.95 Mbit/s
Upload: 19.38 Mbit/s
Sun Nov  1 05:45:01 CET 2020
Ping: 23.829 ms
Download: 146.14 Mbit/s
Upload: 19.27 Mbit/s
Sun Nov  1 06:45:01 CET 2020
Ping: 21.229 ms
Download: 125.12 Mbit/s
Upload: 19.45 Mbit/s
Sun Nov  1 07:45:01 CET 2020
Ping: 26.493 ms
Download: 180.27 Mbit/s
Upload: 19.68 Mbit/s
Sun Nov  1 08:45:02 CET 2020
Ping: 23.976 ms
Download: 240.25 Mbit/s
Upload: 19.53 Mbit/s
Sun Nov  1 09:45:01 CET 2020
Ping: 28.204 ms
Download: 202.72 Mbit/s
Upload: 18.90 Mbit/s
Sun Nov  1 10:45:01 CET 2020
Ping: 29.563 ms
Download: 229.97 Mbit/s
Upload: 19.44 Mbit/s
Sun Nov  1 11:45:01 CET 2020
Ping: 24.99 ms
Download: 274.80 Mbit/s
Upload: 19.49 Mbit/s
Sun Nov  1 12:45:01 CET 2020
Ping: 25.568 ms
Download: 243.57 Mbit/s
Upload: 19.64 Mbit/s
Sun Nov  1 13:45:01 CET 2020
Ping: 25.012 ms
Download: 274.58 Mbit/s
Upload: 19.35 Mbit/s
Sun Nov  1 14:45:01 CET 2020
Ping: 27.152 ms
Download: 226.71 Mbit/s
Upload: 19.58 Mbit/s
Sun Nov  1 15:45:01 CET 2020
Ping: 25.15 ms
Download: 221.58 Mbit/s
Upload: 19.47 Mbit/s
Sun Nov  1 16:45:01 CET 2020
Ping: 25.835 ms
Download: 281.51 Mbit/s
Upload: 19.80 Mbit/s
Sun Nov  1 17:45:01 CET 2020
Ping: 22.576 ms
Download: 226.74 Mbit/s
Upload: 19.53 Mbit/s
Sun Nov  1 18:45:01 CET 2020
Ping: 28.264 ms
Download: 241.69 Mbit/s
Upload: 19.48 Mbit/s
Sun Nov  1 19:45:01 CET 2020
Ping: 26.496 ms
Download: 292.14 Mbit/s
Upload: 19.72 Mbit/s
Sun Nov  1 20:45:01 CET 2020
Ping: 21.862 ms
Download: 134.48 Mbit/s
Upload: 17.22 Mbit/s
Sun Nov  1 21:45:01 CET 2020
Ping: 27.684 ms
Download: 262.71 Mbit/s
Upload: 19.64 Mbit/s
Sun Nov  1 22:45:01 CET 2020
Ping: 26.693 ms
Download: 176.49 Mbit/s
Upload: 19.02 Mbit/s
Sun Nov  1 23:45:01 CET 2020
Ping: 23.868 ms
Download: 263.51 Mbit/s
Upload: 19.62 Mbit/s
Mon Nov  2 00:45:01 CET 2020
Ping: 21.888 ms
Download: 260.38 Mbit/s
Upload: 19.89 Mbit/s
Mon Nov  2 01:45:01 CET 2020
Ping: 25.103 ms
Download: 232.19 Mbit/s
Upload: 19.16 Mbit/s
Mon Nov  2 02:45:01 CET 2020
Ping: 30.843 ms
Download: 219.24 Mbit/s
Upload: 19.48 Mbit/s
Mon Nov  2 03:45:01 CET 2020
Ping: 24.028 ms
Download: 161.01 Mbit/s
Upload: 18.57 Mbit/s
Mon Nov  2 04:45:02 CET 2020
Ping: 22.722 ms
Download: 129.63 Mbit/s
Upload: 18.75 Mbit/s
Mon Nov  2 05:45:01 CET 2020
Ping: 22.74 ms
Download: 135.07 Mbit/s
Upload: 19.78 Mbit/s
Mon Nov  2 06:45:01 CET 2020
Ping: 21.419 ms
Download: 121.25 Mbit/s
Upload: 19.75 Mbit/s
Mon Nov  2 07:45:01 CET 2020
Ping: 22.919 ms
Download: 155.11 Mbit/s
Upload: 19.74 Mbit/s
Mon Nov  2 08:45:01 CET 2020
Ping: 26.176 ms
Download: 216.08 Mbit/s
Upload: 19.56 Mbit/s
Mon Nov  2 09:45:01 CET 2020
Ping: 23.502 ms
Download: 246.25 Mbit/s
Upload: 19.56 Mbit/s
Mon Nov  2 10:45:02 CET 2020
Ping: 25.367 ms
Download: 217.29 Mbit/s
Upload: 19.14 Mbit/s
Mon Nov  2 11:45:01 CET 2020
Ping: 25.498 ms
Download: 267.32 Mbit/s
Upload: 19.42 Mbit/s
Mon Nov  2 12:45:01 CET 2020
Ping: 22.737 ms
Download: 137.89 Mbit/s
Upload: 18.92 Mbit/s
Mon Nov  2 13:45:01 CET 2020
Ping: 23.904 ms
Download: 161.80 Mbit/s
Upload: 19.60 Mbit/s
Mon Nov  2 14:45:01 CET 2020
Ping: 31.495 ms
Download: 213.13 Mbit/s
Upload: 19.21 Mbit/s
Mon Nov  2 15:45:01 CET 2020
Ping: 27.935 ms
Download: 283.97 Mbit/s
Upload: 19.22 Mbit/s
Mon Nov  2 16:45:01 CET 2020
Ping: 24.812 ms
Download: 242.21 Mbit/s
Upload: 19.81 Mbit/s
Mon Nov  2 17:45:01 CET 2020
Ping: 21.698 ms
Download: 161.81 Mbit/s
Upload: 19.27 Mbit/s
Mon Nov  2 18:45:01 CET 2020
Ping: 25.773 ms
Download: 237.87 Mbit/s
Upload: 18.97 Mbit/s
Mon Nov  2 19:45:02 CET 2020
Ping: 23.775 ms
Download: 245.74 Mbit/s
Upload: 19.39 Mbit/s
Mon Nov  2 20:45:01 CET 2020
Ping: 24.075 ms
Download: 237.47 Mbit/s
Upload: 19.23 Mbit/s
Mon Nov  2 21:45:01 CET 2020
Ping: 24.318 ms
Download: 267.67 Mbit/s
Upload: 19.24 Mbit/s
Mon Nov  2 22:45:01 CET 2020
Ping: 28.162 ms
Download: 238.53 Mbit/s
Upload: 18.63 Mbit/s
Mon Nov  2 23:45:01 CET 2020
Ping: 22.278 ms
Download: 111.19 Mbit/s
Upload: 18.72 Mbit/s
Tue Nov  3 00:45:01 CET 2020
Ping: 24.574 ms
Download: 148.04 Mbit/s
Upload: 19.73 Mbit/s
Tue Nov  3 01:45:01 CET 2020
Ping: 24.689 ms
Download: 110.76 Mbit/s
Upload: 19.78 Mbit/s
Tue Nov  3 02:45:02 CET 2020
Ping: 23.275 ms
Download: 177.85 Mbit/s
Upload: 19.40 Mbit/s
Tue Nov  3 03:45:01 CET 2020
Ping: 22.24 ms
Download: 284.05 Mbit/s
Upload: 19.45 Mbit/s
Tue Nov  3 04:45:02 CET 2020
Ping: 23.573 ms
Download: 242.92 Mbit/s
Upload: 19.66 Mbit/s
Tue Nov  3 05:45:01 CET 2020
Ping: 26.837 ms
Download: 261.22 Mbit/s
Upload: 18.69 Mbit/s
Tue Nov  3 06:45:01 CET 2020
Ping: 22.022 ms
Download: 89.03 Mbit/s
Upload: 19.13 Mbit/s
Tue Nov  3 07:45:01 CET 2020
Ping: 22.489 ms
Download: 105.41 Mbit/s
Upload: 19.54 Mbit/s
Tue Nov  3 08:45:01 CET 2020
Ping: 30.809 ms
Download: 199.09 Mbit/s
Upload: 19.42 Mbit/s
Tue Nov  3 09:45:01 CET 2020
Ping: 26.837 ms
Download: 239.37 Mbit/s
Upload: 19.24 Mbit/s
Tue Nov  3 10:45:01 CET 2020
Ping: 26.087 ms
Download: 258.51 Mbit/s
Upload: 18.91 Mbit/s
Tue Nov  3 11:45:01 CET 2020
Ping: 29.146 ms
Download: 243.98 Mbit/s
Upload: 19.44 Mbit/s
Tue Nov  3 12:45:01 CET 2020
Ping: 25.188 ms
Download: 178.30 Mbit/s
Upload: 19.28 Mbit/s
Tue Nov  3 13:45:01 CET 2020
Ping: 23.505 ms
Download: 139.98 Mbit/s
Upload: 19.20 Mbit/s
Tue Nov  3 14:45:01 CET 2020
Ping: 25.301 ms
Download: 237.58 Mbit/s
Upload: 19.45 Mbit/s
Tue Nov  3 15:45:01 CET 2020
Ping: 26.173 ms
Download: 235.07 Mbit/s
Upload: 18.75 Mbit/s
Tue Nov  3 16:45:01 CET 2020
Ping: 23.796 ms
Download: 168.63 Mbit/s
Upload: 19.33 Mbit/s
Tue Nov  3 17:45:01 CET 2020
Ping: 23.371 ms
Download: 195.63 Mbit/s
Upload: 19.36 Mbit/s
Tue Nov  3 18:45:01 CET 2020
Ping: 25.107 ms
Download: 140.02 Mbit/s
Upload: 19.63 Mbit/s
Tue Nov  3 19:45:01 CET 2020
Ping: 23.857 ms
Download: 288.03 Mbit/s
Upload: 19.26 Mbit/s
Tue Nov  3 20:45:01 CET 2020
Ping: 24.84 ms
Download: 195.87 Mbit/s
Upload: 19.39 Mbit/s
Tue Nov  3 21:45:01 CET 2020
Ping: 22.972 ms
Download: 223.19 Mbit/s
Upload: 19.33 Mbit/s
Tue Nov  3 22:45:01 CET 2020
Ping: 22.689 ms
Download: 202.70 Mbit/s
Upload: 19.70 Mbit/s
Tue Nov  3 23:45:01 CET 2020
Ping: 24.334 ms
Download: 216.08 Mbit/s
Upload: 19.72 Mbit/s
Wed Nov  4 00:45:01 CET 2020
Ping: 25.009 ms
Download: 291.89 Mbit/s
Upload: 19.23 Mbit/s
Wed Nov  4 01:45:01 CET 2020
Ping: 22.425 ms
Download: 253.58 Mbit/s
Upload: 19.71 Mbit/s
Wed Nov  4 02:45:01 CET 2020
Ping: 21.395 ms
Download: 231.40 Mbit/s
Upload: 19.56 Mbit/s
Wed Nov  4 03:45:01 CET 2020
Ping: 23.725 ms
Download: 277.38 Mbit/s
Upload: 19.57 Mbit/s
Wed Nov  4 04:45:01 CET 2020
Ping: 21.395 ms
Download: 170.65 Mbit/s
Upload: 19.53 Mbit/s
Wed Nov  4 05:45:01 CET 2020
Ping: 24.721 ms
Download: 195.20 Mbit/s
Upload: 19.57 Mbit/s
Wed Nov  4 06:45:01 CET 2020
Ping: 23.47 ms
Download: 200.91 Mbit/s
Upload: 19.20 Mbit/s
Wed Nov  4 07:45:01 CET 2020
Ping: 26.454 ms
Download: 196.87 Mbit/s
Upload: 19.02 Mbit/s
Wed Nov  4 08:45:01 CET 2020
Ping: 22.801 ms
Download: 281.87 Mbit/s
Upload: 19.86 Mbit/s
Wed Nov  4 09:45:01 CET 2020
Ping: 31.696 ms
Download: 225.81 Mbit/s
Upload: 19.28 Mbit/s
Wed Nov  4 10:45:01 CET 2020
Ping: 21.811 ms
Download: 258.23 Mbit/s
Upload: 19.44 Mbit/s
Wed Nov  4 11:45:01 CET 2020
Ping: 23.945 ms
Download: 163.88 Mbit/s
Upload: 19.41 Mbit/s
Wed Nov  4 12:45:01 CET 2020
Ping: 24.204 ms
Download: 292.81 Mbit/s
Upload: 19.71 Mbit/s
Wed Nov  4 13:45:01 CET 2020
Ping: 22.46 ms
Download: 173.80 Mbit/s
Upload: 19.29 Mbit/s
Wed Nov  4 14:45:01 CET 2020
Ping: 30.917 ms
Download: 238.01 Mbit/s
Upload: 19.19 Mbit/s
Wed Nov  4 15:45:01 CET 2020
Ping: 25.402 ms
Download: 243.36 Mbit/s
Upload: 18.95 Mbit/s
Wed Nov  4 16:45:01 CET 2020
Ping: 22.958 ms
Download: 119.64 Mbit/s
Upload: 18.62 Mbit/s
Wed Nov  4 17:45:01 CET 2020
Ping: 23.005 ms
Download: 188.42 Mbit/s
Upload: 19.41 Mbit/s
Wed Nov  4 18:45:01 CET 2020
Ping: 25.062 ms
Download: 281.17 Mbit/s
Upload: 19.81 Mbit/s
Wed Nov  4 19:45:01 CET 2020
Ping: 24.394 ms
Download: 156.08 Mbit/s
Upload: 18.59 Mbit/s
Wed Nov  4 20:45:01 CET 2020
Ping: 23.39 ms
Download: 264.02 Mbit/s
Upload: 19.72 Mbit/s
Wed Nov  4 21:45:01 CET 2020
Ping: 25.805 ms
Download: 177.57 Mbit/s
Upload: 19.24 Mbit/s
Wed Nov  4 22:45:01 CET 2020
Ping: 22.234 ms
Download: 188.13 Mbit/s
Upload: 18.92 Mbit/s
Wed Nov  4 23:45:02 CET 2020
Ping: 23.76 ms
Download: 260.15 Mbit/s
Upload: 18.99 Mbit/s
Thu Nov  5 00:45:01 CET 2020
Ping: 25.478 ms
Download: 257.70 Mbit/s
Upload: 18.94 Mbit/s
Thu Nov  5 01:45:02 CET 2020
Ping: 21.894 ms
Download: 249.93 Mbit/s
Upload: 19.00 Mbit/s
Thu Nov  5 02:45:01 CET 2020
Ping: 23.331 ms
Download: 191.66 Mbit/s
Upload: 18.99 Mbit/s
Thu Nov  5 03:45:01 CET 2020
Ping: 22.682 ms
Download: 136.16 Mbit/s
Upload: 19.11 Mbit/s
Thu Nov  5 04:45:01 CET 2020
Ping: 24.482 ms
Download: 162.59 Mbit/s
Upload: 18.70 Mbit/s
Thu Nov  5 05:45:01 CET 2020
Ping: 23.961 ms
Download: 187.67 Mbit/s
Upload: 19.43 Mbit/s
Thu Nov  5 06:45:01 CET 2020
Ping: 23.141 ms
Download: 147.82 Mbit/s
Upload: 18.90 Mbit/s
Thu Nov  5 07:45:01 CET 2020
Ping: 22.566 ms
Download: 227.18 Mbit/s
Upload: 19.13 Mbit/s
Thu Nov  5 08:45:01 CET 2020
Ping: 23.521 ms
Download: 0.00 Mbit/s
Upload: 19.00 Mbit/s
Thu Nov  5 09:45:01 CET 2020
Ping: 22.807 ms
Download: 160.61 Mbit/s
Upload: 18.46 Mbit/s
Thu Nov  5 10:45:01 CET 2020
Ping: 23.058 ms
Download: 265.94 Mbit/s
Upload: 19.58 Mbit/s
Thu Nov  5 11:45:01 CET 2020
Ping: 22.846 ms
Download: 188.37 Mbit/s
Upload: 18.52 Mbit/s
Thu Nov  5 12:45:01 CET 2020
Ping: 22.055 ms
Download: 249.05 Mbit/s
Upload: 19.36 Mbit/s
Thu Nov  5 13:45:02 CET 2020
Ping: 23.717 ms
Download: 178.62 Mbit/s
Upload: 19.13 Mbit/s
Thu Nov  5 14:45:01 CET 2020
Ping: 22.688 ms
Download: 192.50 Mbit/s
Upload: 19.49 Mbit/s
Thu Nov  5 15:45:02 CET 2020
Ping: 23.491 ms
Download: 167.84 Mbit/s
Upload: 19.57 Mbit/s
Thu Nov  5 16:45:01 CET 2020
Ping: 22.373 ms
Download: 136.22 Mbit/s
Upload: 19.59 Mbit/s
Thu Nov  5 17:45:01 CET 2020
Ping: 21.243 ms
Download: 283.57 Mbit/s
Upload: 16.96 Mbit/s
Thu Nov  5 18:45:01 CET 2020
Ping: 24.788 ms
Download: 295.70 Mbit/s
Upload: 16.12 Mbit/s
Thu Nov  5 19:45:01 CET 2020
Ping: 27.795 ms
Download: 132.27 Mbit/s
Upload: 15.82 Mbit/s
Thu Nov  5 20:45:01 CET 2020
Ping: 26.202 ms
Download: 278.33 Mbit/s
Upload: 15.45 Mbit/s
Thu Nov  5 21:45:01 CET 2020
Ping: 21.725 ms
Download: 194.96 Mbit/s
Upload: 19.08 Mbit/s
Thu Nov  5 22:45:01 CET 2020
Ping: 25.977 ms
Download: 200.49 Mbit/s
Upload: 19.69 Mbit/s
Thu Nov  5 23:45:01 CET 2020
Ping: 22.518 ms
Download: 186.68 Mbit/s
Upload: 19.68 Mbit/s
Fri Nov  6 00:45:01 CET 2020
Ping: 25.733 ms
Download: 292.39 Mbit/s
Upload: 19.28 Mbit/s
Fri Nov  6 01:45:01 CET 2020
Ping: 40.795 ms
Download: 115.53 Mbit/s
Upload: 18.97 Mbit/s
Fri Nov  6 02:45:01 CET 2020
Ping: 40.471 ms
Download: 119.19 Mbit/s
Upload: 18.70 Mbit/s
Fri Nov  6 03:45:01 CET 2020
Ping: 40.864 ms
Download: 126.74 Mbit/s
Upload: 19.29 Mbit/s
Fri Nov  6 04:45:01 CET 2020
Ping: 38.827 ms
Download: 147.59 Mbit/s
Upload: 18.63 Mbit/s
Fri Nov  6 05:45:01 CET 2020
Ping: 23.202 ms
Download: 199.81 Mbit/s
Upload: 19.58 Mbit/s
Fri Nov  6 06:45:01 CET 2020
Ping: 22.801 ms
Download: 176.84 Mbit/s
Upload: 19.19 Mbit/s
Fri Nov  6 07:45:01 CET 2020
Ping: 25.124 ms
Download: 177.59 Mbit/s
Upload: 16.43 Mbit/s
Fri Nov  6 08:45:01 CET 2020
Ping: 24.897 ms
Download: 174.20 Mbit/s
Upload: 17.59 Mbit/s
Fri Nov  6 09:45:01 CET 2020
Ping: 27.754 ms
Download: 328.64 Mbit/s
Upload: 16.42 Mbit/s
Fri Nov  6 10:45:01 CET 2020
Ping: 23.604 ms
Download: 193.83 Mbit/s
Upload: 17.07 Mbit/s
Fri Nov  6 11:45:01 CET 2020
Ping: 31.901 ms
Download: 277.10 Mbit/s
Upload: 16.65 Mbit/s
Fri Nov  6 12:45:02 CET 2020
Ping: 29.018 ms
Download: 208.56 Mbit/s
Upload: 15.92 Mbit/s
Fri Nov  6 13:45:01 CET 2020
Ping: 24.142 ms
Download: 208.50 Mbit/s
Upload: 18.66 Mbit/s
Fri Nov  6 14:45:01 CET 2020
Ping: 21.001 ms
Download: 175.02 Mbit/s
Upload: 19.59 Mbit/s
Fri Nov  6 15:45:01 CET 2020
Ping: 21.921 ms
Download: 289.10 Mbit/s
Upload: 19.35 Mbit/s
Fri Nov  6 16:45:01 CET 2020
Ping: 25.055 ms
Download: 169.82 Mbit/s
Upload: 16.11 Mbit/s
Fri Nov  6 17:45:01 CET 2020
Ping: 31.33 ms
Download: 240.18 Mbit/s
Upload: 15.35 Mbit/s
Fri Nov  6 18:45:01 CET 2020
Ping: 23.263 ms
Download: 184.15 Mbit/s
Upload: 17.28 Mbit/s
Fri Nov  6 19:45:01 CET 2020
Ping: 29.748 ms
Download: 149.98 Mbit/s
Upload: 17.32 Mbit/s
Fri Nov  6 20:45:01 CET 2020
Ping: 21.479 ms
Download: 179.06 Mbit/s
Upload: 19.60 Mbit/s
Fri Nov  6 21:45:01 CET 2020
Ping: 33.299 ms
Download: 245.90 Mbit/s
Upload: 19.34 Mbit/s
Fri Nov  6 22:45:02 CET 2020
Ping: 22.738 ms
Download: 270.23 Mbit/s
Upload: 19.11 Mbit/s
Fri Nov  6 23:45:01 CET 2020
Ping: 26.316 ms
Download: 243.90 Mbit/s
Upload: 19.09 Mbit/s
Sat Nov  7 00:45:01 CET 2020
Ping: 25.34 ms
Download: 311.81 Mbit/s
Upload: 19.81 Mbit/s
Sat Nov  7 01:45:01 CET 2020
Ping: 24.337 ms
Download: 252.56 Mbit/s
Upload: 19.62 Mbit/s
Sat Nov  7 02:45:01 CET 2020
Ping: 23.521 ms
Download: 138.72 Mbit/s
Upload: 18.55 Mbit/s
Sat Nov  7 03:45:01 CET 2020
Ping: 22.319 ms
Download: 188.29 Mbit/s
Upload: 19.76 Mbit/s
Sat Nov  7 04:45:01 CET 2020
Ping: 22.14 ms
Download: 218.21 Mbit/s
Upload: 19.75 Mbit/s
Sat Nov  7 05:45:01 CET 2020
Ping: 22.812 ms
Download: 213.49 Mbit/s
Upload: 19.51 Mbit/s
Sat Nov  7 06:45:01 CET 2020
Ping: 23.124 ms
Download: 116.15 Mbit/s
Upload: 19.71 Mbit/s
Sat Nov  7 07:45:01 CET 2020
Ping: 22.339 ms
Download: 192.27 Mbit/s
Upload: 19.49 Mbit/s
Sat Nov  7 08:45:01 CET 2020
Ping: 22.631 ms
Download: 125.17 Mbit/s
Upload: 19.66 Mbit/s
Sat Nov  7 09:45:01 CET 2020
Ping: 24.318 ms
Download: 234.31 Mbit/s
Upload: 19.25 Mbit/s
Sat Nov  7 10:45:01 CET 2020
Ping: 26.037 ms
Download: 215.35 Mbit/s
Upload: 18.97 Mbit/s
Sat Nov  7 11:45:01 CET 2020
Ping: 23.005 ms
Download: 133.09 Mbit/s
Upload: 19.46 Mbit/s
Sat Nov  7 12:45:01 CET 2020
Ping: 22.797 ms
Download: 167.19 Mbit/s
Upload: 19.52 Mbit/s
Sat Nov  7 13:45:02 CET 2020
Ping: 33.066 ms
Download: 172.77 Mbit/s
Upload: 19.58 Mbit/s
Sat Nov  7 14:45:01 CET 2020
Ping: 29.514 ms
Download: 254.97 Mbit/s
Upload: 18.68 Mbit/s
Sat Nov  7 15:45:01 CET 2020
Ping: 21.709 ms
Download: 252.63 Mbit/s
Upload: 19.75 Mbit/s
Sat Nov  7 16:45:01 CET 2020
Ping: 23.224 ms
Download: 280.39 Mbit/s
Upload: 19.45 Mbit/s
Sat Nov  7 17:45:01 CET 2020
Ping: 23.516 ms
Download: 140.66 Mbit/s
Upload: 17.57 Mbit/s
Sat Nov  7 18:45:01 CET 2020
Ping: 23.319 ms
Download: 224.93 Mbit/s
Upload: 17.14 Mbit/s
Sat Nov  7 19:45:01 CET 2020
Ping: 26.776 ms
Download: 220.45 Mbit/s
Upload: 17.87 Mbit/s
Sat Nov  7 20:45:02 CET 2020
Ping: 23.921 ms
Download: 258.96 Mbit/s
Upload: 19.76 Mbit/s
Sat Nov  7 21:45:01 CET 2020
Ping: 25.36 ms
Download: 207.72 Mbit/s
Upload: 19.77 Mbit/s
Sat Nov  7 22:45:01 CET 2020
Ping: 26.116 ms
Download: 231.21 Mbit/s
Upload: 19.18 Mbit/s
Sat Nov  7 23:45:02 CET 2020
Ping: 21.23 ms
Download: 131.65 Mbit/s
Upload: 19.65 Mbit/s
Sun Nov  8 00:45:01 CET 2020
Ping: 24.177 ms
Download: 248.14 Mbit/s
Upload: 19.22 Mbit/s
Sun Nov  8 01:45:01 CET 2020
Ping: 23.31 ms
Download: 194.73 Mbit/s
Upload: 19.45 Mbit/s
Sun Nov  8 02:45:01 CET 2020
Ping: 22.658 ms
Download: 130.51 Mbit/s
Upload: 19.69 Mbit/s
Sun Nov  8 03:45:01 CET 2020
Ping: 32.277 ms
Download: 224.16 Mbit/s
Upload: 18.83 Mbit/s
Sun Nov  8 04:45:01 CET 2020
Ping: 29.26 ms
Download: 218.25 Mbit/s
Upload: 19.52 Mbit/s
Sun Nov  8 05:45:01 CET 2020
Ping: 22.651 ms
Download: 138.57 Mbit/s
Upload: 19.48 Mbit/s
Sun Nov  8 06:45:01 CET 2020
Ping: 23.839 ms
Download: 128.07 Mbit/s
Upload: 19.40 Mbit/s
Sun Nov  8 07:45:01 CET 2020
Ping: 22.965 ms
Download: 228.56 Mbit/s
Upload: 19.40 Mbit/s
Sun Nov  8 08:45:01 CET 2020
Ping: 20.413 ms
Download: 131.60 Mbit/s
Upload: 17.32 Mbit/s
Sun Nov  8 09:45:01 CET 2020
Ping: 24.508 ms
Download: 276.09 Mbit/s
Upload: 19.44 Mbit/s
Sun Nov  8 10:45:01 CET 2020
Ping: 22.865 ms
Download: 215.53 Mbit/s
Upload: 17.18 Mbit/s
Sun Nov  8 11:45:01 CET 2020
Ping: 25.997 ms
Download: 237.10 Mbit/s
Upload: 19.37 Mbit/s
Sun Nov  8 12:45:01 CET 2020
Ping: 30.044 ms
Download: 209.39 Mbit/s
Upload: 15.87 Mbit/s
Sun Nov  8 13:45:01 CET 2020
Ping: 30.33 ms
Download: 215.50 Mbit/s
Upload: 16.84 Mbit/s
Sun Nov  8 14:45:01 CET 2020
Ping: 22.653 ms
Download: 240.78 Mbit/s
Upload: 19.74 Mbit/s
Sun Nov  8 15:45:01 CET 2020
Ping: 23.785 ms
Download: 198.35 Mbit/s
Upload: 19.60 Mbit/s
Sun Nov  8 16:45:01 CET 2020
Ping: 20.194 ms
Download: 199.25 Mbit/s
Upload: 19.66 Mbit/s
Sun Nov  8 17:45:01 CET 2020
Ping: 34.405 ms
Download: 182.34 Mbit/s
Upload: 18.04 Mbit/s
Sun Nov  8 18:45:01 CET 2020
Ping: 22.64 ms
Download: 164.11 Mbit/s
Upload: 19.81 Mbit/s
Sun Nov  8 19:45:01 CET 2020
Ping: 23.861 ms
Download: 211.43 Mbit/s
Upload: 16.80 Mbit/s
Sun Nov  8 20:45:01 CET 2020
Ping: 24.436 ms
Download: 247.34 Mbit/s
Upload: 19.66 Mbit/s
Sun Nov  8 21:45:01 CET 2020
Ping: 26.166 ms
Download: 261.54 Mbit/s
Upload: 19.12 Mbit/s
Sun Nov  8 22:45:01 CET 2020
Ping: 23.648 ms
Download: 347.56 Mbit/s
Upload: 19.64 Mbit/s
Sun Nov  8 23:45:01 CET 2020
Ping: 26.338 ms
Download: 218.09 Mbit/s
Upload: 18.75 Mbit/s
Mon Nov  9 00:45:01 CET 2020
Ping: 23.242 ms
Download: 135.71 Mbit/s
Upload: 19.65 Mbit/s
Mon Nov  9 01:45:01 CET 2020
Ping: 25.225 ms
Download: 261.33 Mbit/s
Upload: 19.36 Mbit/s
Mon Nov  9 02:45:01 CET 2020
Ping: 23.817 ms
Download: 130.68 Mbit/s
Upload: 19.71 Mbit/s
Mon Nov  9 03:45:01 CET 2020
Ping: 22.644 ms
Download: 213.98 Mbit/s
Upload: 18.70 Mbit/s
Mon Nov  9 04:45:01 CET 2020
Ping: 20.912 ms
Download: 157.86 Mbit/s
Upload: 19.34 Mbit/s
Mon Nov  9 05:45:02 CET 2020
Ping: 32.257 ms
Download: 175.08 Mbit/s
Upload: 19.10 Mbit/s
Mon Nov  9 06:45:01 CET 2020
Ping: 32.362 ms
Download: 188.42 Mbit/s
Upload: 18.74 Mbit/s
Mon Nov  9 07:45:01 CET 2020
Ping: 21.401 ms
Download: 161.58 Mbit/s
Upload: 19.16 Mbit/s
Mon Nov  9 08:45:01 CET 2020
Ping: 25.073 ms
Download: 153.89 Mbit/s
Upload: 19.42 Mbit/s
Mon Nov  9 09:45:01 CET 2020
Ping: 24.964 ms
Download: 304.14 Mbit/s
Upload: 19.37 Mbit/s
Mon Nov  9 10:45:02 CET 2020
Ping: 25.302 ms
Download: 313.92 Mbit/s
Upload: 19.61 Mbit/s
Mon Nov  9 11:45:01 CET 2020
Ping: 25.167 ms
Download: 91.37 Mbit/s
Upload: 18.10 Mbit/s
Mon Nov  9 12:45:01 CET 2020
Ping: 27.312 ms
Download: 221.74 Mbit/s
Upload: 19.80 Mbit/s
Mon Nov  9 13:45:01 CET 2020
Ping: 32.045 ms
Download: 242.40 Mbit/s
Upload: 19.22 Mbit/s
Mon Nov  9 14:45:01 CET 2020
Ping: 39.951 ms
Download: 50.38 Mbit/s
Upload: 14.30 Mbit/s
Mon Nov  9 15:45:01 CET 2020
Ping: 30.535 ms
Download: 224.64 Mbit/s
Upload: 19.34 Mbit/s
Mon Nov  9 16:45:01 CET 2020
Ping: 29.229 ms
Download: 198.07 Mbit/s
Upload: 19.29 Mbit/s
Mon Nov  9 17:45:01 CET 2020
Ping: 36.906 ms
Download: 117.28 Mbit/s
Upload: 13.72 Mbit/s
Mon Nov  9 18:45:01 CET 2020
Ping: 25.178 ms
Download: 163.08 Mbit/s
Upload: 19.37 Mbit/s
Mon Nov  9 19:45:01 CET 2020
Ping: 25.203 ms
Download: 146.78 Mbit/s
Upload: 15.80 Mbit/s
Mon Nov  9 20:45:01 CET 2020
Ping: 28.286 ms
Download: 111.57 Mbit/s
Upload: 16.60 Mbit/s
Mon Nov  9 21:45:02 CET 2020
Ping: 25.177 ms
Download: 254.94 Mbit/s
Upload: 19.32 Mbit/s
Mon Nov  9 22:45:01 CET 2020
Ping: 23.921 ms
Download: 102.81 Mbit/s
Upload: 17.55 Mbit/s
Mon Nov  9 23:45:01 CET 2020
Ping: 24.665 ms
Download: 283.13 Mbit/s
Upload: 19.69 Mbit/s
Tue Nov 10 00:45:01 CET 2020
Ping: 24.506 ms
Download: 237.08 Mbit/s
Upload: 19.43 Mbit/s
Tue Nov 10 01:45:01 CET 2020
Ping: 24.058 ms
Download: 202.47 Mbit/s
Upload: 19.68 Mbit/s
Tue Nov 10 02:45:02 CET 2020
Ping: 23.081 ms
Download: 257.02 Mbit/s
Upload: 19.83 Mbit/s
Tue Nov 10 03:45:01 CET 2020
Ping: 25.349 ms
Download: 284.87 Mbit/s
Upload: 19.14 Mbit/s
Tue Nov 10 04:45:01 CET 2020
Ping: 26.946 ms
Download: 320.71 Mbit/s
Upload: 18.98 Mbit/s
Tue Nov 10 05:45:01 CET 2020
Ping: 24.417 ms
Download: 235.09 Mbit/s
Upload: 19.75 Mbit/s
Tue Nov 10 06:45:01 CET 2020
Ping: 23.251 ms
Download: 253.59 Mbit/s
Upload: 19.44 Mbit/s
Tue Nov 10 07:45:02 CET 2020
Ping: 26.234 ms
Download: 296.10 Mbit/s
Upload: 19.50 Mbit/s
Tue Nov 10 08:45:01 CET 2020
Ping: 28.208 ms
Download: 195.01 Mbit/s
Upload: 15.63 Mbit/s
Tue Nov 10 09:45:01 CET 2020
Ping: 22.741 ms
Download: 269.94 Mbit/s
Upload: 16.36 Mbit/s
Tue Nov 10 10:45:01 CET 2020
Ping: 32.771 ms
Download: 197.24 Mbit/s
Upload: 18.93 Mbit/s
Tue Nov 10 11:45:01 CET 2020
Ping: 25.893 ms
Download: 144.88 Mbit/s
Upload: 17.00 Mbit/s
Tue Nov 10 12:45:01 CET 2020
Ping: 26.134 ms
Download: 210.41 Mbit/s
Upload: 19.69 Mbit/s
Tue Nov 10 13:45:01 CET 2020
Ping: 24.941 ms
Download: 77.76 Mbit/s
Upload: 16.14 Mbit/s
Tue Nov 10 14:45:01 CET 2020
Ping: 22.639 ms
Download: 122.65 Mbit/s
Upload: 17.40 Mbit/s
Tue Nov 10 15:45:01 CET 2020
Ping: 27.173 ms
Download: 346.51 Mbit/s
Upload: 19.06 Mbit/s
Tue Nov 10 16:45:01 CET 2020
Ping: 29.1 ms
Download: 245.23 Mbit/s
Upload: 19.03 Mbit/s
Tue Nov 10 17:45:01 CET 2020
Ping: 29.039 ms
Download: 178.87 Mbit/s
Upload: 15.83 Mbit/s
Tue Nov 10 18:45:01 CET 2020
Ping: 25.913 ms
Download: 103.65 Mbit/s
Upload: 16.11 Mbit/s
Tue Nov 10 19:45:01 CET 2020
Ping: 25.095 ms
Download: 161.48 Mbit/s
Upload: 19.07 Mbit/s
Tue Nov 10 20:45:01 CET 2020
Ping: 23.329 ms
Download: 57.03 Mbit/s
Upload: 14.65 Mbit/s
Tue Nov 10 21:45:01 CET 2020
Ping: 25.276 ms
Download: 118.99 Mbit/s
Upload: 16.76 Mbit/s
Tue Nov 10 22:45:01 CET 2020
Ping: 23.739 ms
Download: 209.87 Mbit/s
Upload: 19.15 Mbit/s
Tue Nov 10 23:45:01 CET 2020
Ping: 20.642 ms
Download: 229.71 Mbit/s
Upload: 19.06 Mbit/s
Wed Nov 11 00:45:01 CET 2020
Ping: 23.997 ms
Download: 166.52 Mbit/s
Upload: 19.31 Mbit/s
Wed Nov 11 01:45:01 CET 2020
Ping: 25.31 ms
Download: 271.36 Mbit/s
Upload: 19.65 Mbit/s
Wed Nov 11 02:45:01 CET 2020
Ping: 23.153 ms
Download: 272.32 Mbit/s
Upload: 19.42 Mbit/s
Wed Nov 11 03:45:01 CET 2020
Ping: 28.632 ms
Download: 209.80 Mbit/s
Upload: 19.46 Mbit/s
Wed Nov 11 04:45:01 CET 2020
Ping: 30.241 ms
Download: 222.81 Mbit/s
Upload: 19.32 Mbit/s
Wed Nov 11 05:45:01 CET 2020
Ping: 34.159 ms
Download: 263.10 Mbit/s
Upload: 19.17 Mbit/s
Wed Nov 11 06:45:01 CET 2020
Ping: 30.558 ms
Download: 219.17 Mbit/s
Upload: 19.37 Mbit/s
Wed Nov 11 07:45:01 CET 2020
Ping: 23.768 ms
Download: 249.22 Mbit/s
Upload: 17.12 Mbit/s
Wed Nov 11 08:45:01 CET 2020
Ping: 24.181 ms
Download: 276.71 Mbit/s
Upload: 18.56 Mbit/s
Wed Nov 11 09:45:02 CET 2020
Ping: 25.036 ms
Download: 276.43 Mbit/s
Upload: 19.40 Mbit/s
Wed Nov 11 10:45:01 CET 2020
Ping: 22.213 ms
Download: 263.56 Mbit/s
Upload: 18.76 Mbit/s
Wed Nov 11 11:45:01 CET 2020
Ping: 25.167 ms
Download: 261.19 Mbit/s
Upload: 19.53 Mbit/s
Wed Nov 11 12:45:01 CET 2020
Ping: 25.095 ms
Download: 273.15 Mbit/s
Upload: 19.85 Mbit/s
Wed Nov 11 13:45:01 CET 2020
Ping: 22.835 ms
Download: 126.68 Mbit/s
Upload: 19.36 Mbit/s
Wed Nov 11 14:45:02 CET 2020
Ping: 24.351 ms
Download: 226.35 Mbit/s
Upload: 19.48 Mbit/s
Wed Nov 11 15:45:01 CET 2020
Ping: 22.444 ms
Download: 297.02 Mbit/s
Upload: 19.21 Mbit/s
Wed Nov 11 16:45:01 CET 2020
Ping: 21.861 ms
Download: 159.25 Mbit/s
Upload: 17.74 Mbit/s
Wed Nov 11 17:45:01 CET 2020
Ping: 27.426 ms
Download: 225.42 Mbit/s
Upload: 19.34 Mbit/s
Wed Nov 11 18:45:01 CET 2020
Ping: 23.989 ms
Download: 296.73 Mbit/s
Upload: 19.78 Mbit/s
Wed Nov 11 19:45:01 CET 2020
Ping: 32.455 ms
Download: 185.45 Mbit/s
Upload: 18.82 Mbit/s
Wed Nov 11 20:45:01 CET 2020
Ping: 28.264 ms
Download: 233.55 Mbit/s
Upload: 19.04 Mbit/s
Wed Nov 11 21:45:01 CET 2020
Ping: 26.549 ms
Download: 252.77 Mbit/s
Upload: 19.23 Mbit/s
Wed Nov 11 22:45:01 CET 2020
Ping: 26.061 ms
Download: 134.48 Mbit/s
Upload: 18.80 Mbit/s
Wed Nov 11 23:45:01 CET 2020
Ping: 22.764 ms
Download: 251.23 Mbit/s
Upload: 19.64 Mbit/s
Thu Nov 12 00:45:01 CET 2020
Ping: 22.79 ms
Download: 127.53 Mbit/s
Upload: 19.59 Mbit/s
Thu Nov 12 01:45:01 CET 2020
Ping: 25.162 ms
Download: 271.43 Mbit/s
Upload: 19.78 Mbit/s
Thu Nov 12 02:45:01 CET 2020
Ping: 25.372 ms
Download: 172.69 Mbit/s
Upload: 19.23 Mbit/s
Thu Nov 12 03:45:01 CET 2020
Ping: 23.316 ms
Download: 154.20 Mbit/s
Upload: 19.81 Mbit/s
Thu Nov 12 04:45:01 CET 2020
Ping: 23.361 ms
Download: 158.35 Mbit/s
Upload: 19.75 Mbit/s
Thu Nov 12 05:45:01 CET 2020
Ping: 22.487 ms
Download: 282.64 Mbit/s
Upload: 15.26 Mbit/s
Thu Nov 12 06:45:01 CET 2020
Ping: 23.155 ms
Download: 161.93 Mbit/s
Upload: 19.15 Mbit/s
Thu Nov 12 07:45:01 CET 2020
Ping: 25.734 ms
Download: 212.59 Mbit/s
Upload: 19.14 Mbit/s
Thu Nov 12 08:45:01 CET 2020
Ping: 24.974 ms
Download: 257.25 Mbit/s
Upload: 19.45 Mbit/s
Thu Nov 12 09:45:01 CET 2020
Ping: 27.4 ms
Download: 218.01 Mbit/s
Upload: 19.09 Mbit/s
Thu Nov 12 10:45:01 CET 2020
Ping: 24.4 ms
Download: 113.23 Mbit/s
Upload: 18.89 Mbit/s
Thu Nov 12 11:45:01 CET 2020
Ping: 24.544 ms
Download: 158.94 Mbit/s
Upload: 19.21 Mbit/s
Thu Nov 12 12:45:01 CET 2020
Ping: 24.409 ms
Download: 231.54 Mbit/s
Upload: 19.36 Mbit/s
Thu Nov 12 13:45:01 CET 2020
Ping: 24.519 ms
Download: 258.20 Mbit/s
Upload: 19.64 Mbit/s
Thu Nov 12 14:45:01 CET 2020
Ping: 24.829 ms
Download: 137.92 Mbit/s
Upload: 18.72 Mbit/s
Thu Nov 12 15:45:01 CET 2020
Ping: 23.277 ms
Download: 220.81 Mbit/s
Upload: 19.46 Mbit/s
Thu Nov 12 16:45:01 CET 2020
Ping: 23.733 ms
Download: 155.44 Mbit/s
Upload: 19.03 Mbit/s
Thu Nov 12 17:45:01 CET 2020
Ping: 24.673 ms
Download: 246.19 Mbit/s
Upload: 19.44 Mbit/s
Thu Nov 12 18:45:01 CET 2020
Ping: 24.562 ms
Download: 145.74 Mbit/s
Upload: 18.61 Mbit/s
Thu Nov 12 19:45:02 CET 2020
Ping: 24.711 ms
Download: 279.69 Mbit/s
Upload: 19.74 Mbit/s
Thu Nov 12 20:45:01 CET 2020
Ping: 24.819 ms
Download: 260.85 Mbit/s
Upload: 19.43 Mbit/s
Thu Nov 12 21:45:01 CET 2020
Ping: 23.84 ms
Download: 139.72 Mbit/s
Upload: 19.29 Mbit/s
Thu Nov 12 22:45:01 CET 2020
Ping: 21.395 ms
Download: 232.94 Mbit/s
Upload: 16.80 Mbit/s
Thu Nov 12 23:45:01 CET 2020
Ping: 24.512 ms
Download: 281.39 Mbit/s
Upload: 19.46 Mbit/s
Fri Nov 13 00:45:01 CET 2020
Ping: 21.743 ms
Download: 167.94 Mbit/s
Upload: 19.45 Mbit/s
Fri Nov 13 01:45:01 CET 2020
Ping: 34.524 ms
Download: 91.28 Mbit/s
Upload: 18.38 Mbit/s
Fri Nov 13 02:45:01 CET 2020
Ping: 33.932 ms
Download: 265.63 Mbit/s
Upload: 18.41 Mbit/s
Fri Nov 13 03:45:01 CET 2020
Ping: 22.912 ms
Download: 173.90 Mbit/s
Upload: 19.21 Mbit/s
Fri Nov 13 04:45:01 CET 2020
Ping: 23.21 ms
Download: 153.21 Mbit/s
Upload: 19.83 Mbit/s
Fri Nov 13 05:45:01 CET 2020
Ping: 25.359 ms
Download: 227.23 Mbit/s
Upload: 19.30 Mbit/s
Fri Nov 13 06:45:01 CET 2020
Ping: 24.335 ms
Download: 271.45 Mbit/s
Upload: 19.63 Mbit/s
Fri Nov 13 07:45:01 CET 2020
Ping: 23.501 ms
Download: 209.05 Mbit/s
Upload: 19.34 Mbit/s
Fri Nov 13 08:45:01 CET 2020
Ping: 25.156 ms
Download: 292.88 Mbit/s
Upload: 19.39 Mbit/s
Fri Nov 13 09:45:01 CET 2020
Ping: 23.516 ms
Download: 93.28 Mbit/s
Upload: 19.29 Mbit/s
Fri Nov 13 10:45:01 CET 2020
Ping: 24.248 ms
Download: 251.01 Mbit/s
Upload: 19.03 Mbit/s
Fri Nov 13 11:45:01 CET 2020
Ping: 23.453 ms
Download: 242.09 Mbit/s
Upload: 19.37 Mbit/s
Fri Nov 13 12:45:01 CET 2020
Ping: 24.705 ms
Download: 199.80 Mbit/s
Upload: 19.29 Mbit/s
Fri Nov 13 13:45:01 CET 2020
Ping: 24.566 ms
Download: 251.21 Mbit/s
Upload: 19.42 Mbit/s
Fri Nov 13 14:45:01 CET 2020
Ping: 24.323 ms
Download: 277.33 Mbit/s
Upload: 19.44 Mbit/s
Fri Nov 13 15:45:01 CET 2020
Ping: 24.888 ms
Download: 228.23 Mbit/s
Upload: 19.71 Mbit/s
Fri Nov 13 16:45:01 CET 2020
Ping: 24.521 ms
Download: 281.13 Mbit/s
Upload: 16.78 Mbit/s
Fri Nov 13 17:45:01 CET 2020
Ping: 26.038 ms
Download: 238.01 Mbit/s
Upload: 19.42 Mbit/s
Fri Nov 13 18:45:01 CET 2020
Ping: 23.414 ms
Download: 247.68 Mbit/s
Upload: 18.01 Mbit/s
Fri Nov 13 19:45:01 CET 2020
Ping: 26.974 ms
Download: 286.89 Mbit/s
Upload: 18.70 Mbit/s
Fri Nov 13 20:45:01 CET 2020
Ping: 23.91 ms
Download: 210.21 Mbit/s
Upload: 19.43 Mbit/s
Fri Nov 13 21:45:01 CET 2020
Ping: 24.371 ms
Download: 275.10 Mbit/s
Upload: 19.60 Mbit/s
Fri Nov 13 22:45:01 CET 2020
Ping: 26.823 ms
Download: 267.20 Mbit/s
Upload: 19.50 Mbit/s
Fri Nov 13 23:45:01 CET 2020
Ping: 24.5 ms
Download: 230.45 Mbit/s
Upload: 18.93 Mbit/s
Sat Nov 14 00:45:01 CET 2020
Ping: 26.648 ms
Download: 260.97 Mbit/s
Upload: 18.82 Mbit/s
Sat Nov 14 01:45:01 CET 2020
Ping: 26.854 ms
Download: 196.15 Mbit/s
Upload: 19.76 Mbit/s
Sat Nov 14 02:45:01 CET 2020
Ping: 25.686 ms
Download: 199.24 Mbit/s
Upload: 19.65 Mbit/s
Sat Nov 14 03:45:01 CET 2020
Ping: 25.139 ms
Download: 282.67 Mbit/s
Upload: 19.82 Mbit/s
Sat Nov 14 04:45:01 CET 2020
Ping: 27.224 ms
Download: 227.98 Mbit/s
Upload: 19.49 Mbit/s
Sat Nov 14 05:45:01 CET 2020
Ping: 24.828 ms
Download: 254.94 Mbit/s
Upload: 19.84 Mbit/s
Sat Nov 14 06:45:01 CET 2020
Ping: 22.169 ms
Download: 280.37 Mbit/s
Upload: 19.82 Mbit/s
Sat Nov 14 07:45:01 CET 2020
Ping: 25.503 ms
Download: 272.60 Mbit/s
Upload: 19.86 Mbit/s
Sat Nov 14 08:45:01 CET 2020
Ping: 25.328 ms
Download: 235.90 Mbit/s
Upload: 19.49 Mbit/s
Sat Nov 14 09:45:01 CET 2020
Ping: 24.995 ms
Download: 229.00 Mbit/s
Upload: 19.36 Mbit/s
Sat Nov 14 10:45:01 CET 2020
Ping: 27.256 ms
Download: 220.42 Mbit/s
Upload: 16.37 Mbit/s
Sat Nov 14 11:45:01 CET 2020
Ping: 23.997 ms
Download: 266.45 Mbit/s
Upload: 19.28 Mbit/s
Sat Nov 14 12:45:01 CET 2020
Ping: 23.534 ms
Download: 302.62 Mbit/s
Upload: 19.62 Mbit/s
Sat Nov 14 13:45:01 CET 2020
Ping: 44.453 ms
Download: 188.36 Mbit/s
Upload: 16.57 Mbit/s
Sat Nov 14 14:45:01 CET 2020
Ping: 26.845 ms
Download: 266.43 Mbit/s
Upload: 19.71 Mbit/s
Sat Nov 14 15:45:01 CET 2020
Ping: 28.869 ms
Download: 216.21 Mbit/s
Upload: 19.08 Mbit/s
Sat Nov 14 16:45:01 CET 2020
Ping: 24.61 ms
Download: 278.38 Mbit/s
Upload: 19.25 Mbit/s
Sat Nov 14 17:45:01 CET 2020
Ping: 26.807 ms
Download: 276.43 Mbit/s
Upload: 19.38 Mbit/s
Sat Nov 14 18:45:01 CET 2020
Ping: 35.223 ms
Download: 255.52 Mbit/s
Upload: 18.11 Mbit/s
Sat Nov 14 19:45:01 CET 2020
Ping: 25.867 ms
Download: 278.47 Mbit/s
Upload: 19.50 Mbit/s
Sat Nov 14 20:45:01 CET 2020
Ping: 26.032 ms
Download: 252.87 Mbit/s
Upload: 19.37 Mbit/s
Sat Nov 14 21:45:01 CET 2020
Ping: 26.012 ms
Download: 238.49 Mbit/s
Upload: 19.77 Mbit/s
Sat Nov 14 22:45:01 CET 2020
Ping: 23.396 ms
Download: 237.12 Mbit/s
Upload: 19.83 Mbit/s
Sat Nov 14 23:45:01 CET 2020
Ping: 24.849 ms
Download: 255.68 Mbit/s
Upload: 19.79 Mbit/s
Sun Nov 15 00:45:01 CET 2020
Ping: 24.689 ms
Download: 262.03 Mbit/s
Upload: 19.39 Mbit/s
Sun Nov 15 01:45:01 CET 2020
Ping: 31.359 ms
Download: 257.62 Mbit/s
Upload: 19.25 Mbit/s
Sun Nov 15 02:45:01 CET 2020
Ping: 32.005 ms
Download: 302.65 Mbit/s
Upload: 19.18 Mbit/s
Sun Nov 15 03:45:01 CET 2020
Ping: 24.517 ms
Download: 247.20 Mbit/s
Upload: 19.38 Mbit/s
Sun Nov 15 04:45:01 CET 2020
Ping: 23.041 ms
Download: 287.76 Mbit/s
Upload: 19.47 Mbit/s
Sun Nov 15 05:45:01 CET 2020
Ping: 24.842 ms
Download: 245.93 Mbit/s
Upload: 19.11 Mbit/s
Sun Nov 15 06:45:01 CET 2020
Ping: 25.703 ms
Download: 362.01 Mbit/s
Upload: 19.72 Mbit/s
Sun Nov 15 07:45:01 CET 2020
Ping: 23.835 ms
Download: 218.12 Mbit/s
Upload: 19.72 Mbit/s
Sun Nov 15 08:45:01 CET 2020
Ping: 22.548 ms
Download: 278.31 Mbit/s
Upload: 19.41 Mbit/s
Sun Nov 15 09:45:01 CET 2020
Ping: 24.704 ms
Download: 255.45 Mbit/s
Upload: 19.47 Mbit/s
Sun Nov 15 10:45:01 CET 2020
Ping: 26.409 ms
Download: 186.38 Mbit/s
Upload: 19.30 Mbit/s
Sun Nov 15 11:45:01 CET 2020
Ping: 25.049 ms
Download: 275.14 Mbit/s
Upload: 19.86 Mbit/s
Sun Nov 15 12:45:01 CET 2020
Ping: 26.379 ms
Download: 189.68 Mbit/s
Upload: 19.61 Mbit/s
Sun Nov 15 13:45:01 CET 2020
Ping: 25.178 ms
Download: 214.69 Mbit/s
Upload: 19.78 Mbit/s
Sun Nov 15 14:45:01 CET 2020
Ping: 24.02 ms
Download: 221.34 Mbit/s
Upload: 19.48 Mbit/s
Sun Nov 15 15:45:01 CET 2020
Ping: 23.087 ms
Download: 48.16 Mbit/s
Upload: 19.78 Mbit/s
Sun Nov 15 16:45:01 CET 2020
Ping: 26.115 ms
Download: 192.54 Mbit/s
Upload: 19.23 Mbit/s
Sun Nov 15 17:45:01 CET 2020
Ping: 26.036 ms
Download: 353.76 Mbit/s
Upload: 19.81 Mbit/s
Sun Nov 15 18:45:01 CET 2020
Ping: 33.797 ms
Download: 111.08 Mbit/s
Upload: 18.80 Mbit/s
Sun Nov 15 19:45:01 CET 2020
Ping: 26.54 ms
Download: 194.36 Mbit/s
Upload: 19.68 Mbit/s
Sun Nov 15 20:45:01 CET 2020
Ping: 23.603 ms
Download: 195.73 Mbit/s
Upload: 19.33 Mbit/s
Sun Nov 15 21:45:01 CET 2020
Ping: 26.865 ms
Download: 145.85 Mbit/s
Upload: 19.56 Mbit/s
Sun Nov 15 22:45:02 CET 2020
Ping: 25.156 ms
Download: 211.66 Mbit/s
Upload: 19.19 Mbit/s
Sun Nov 15 23:45:01 CET 2020
Ping: 26.223 ms
Download: 219.74 Mbit/s
Upload: 19.84 Mbit/s
Mon Nov 16 00:45:01 CET 2020
Ping: 24.531 ms
Download: 233.87 Mbit/s
Upload: 19.06 Mbit/s
Mon Nov 16 01:45:01 CET 2020
Ping: 24.789 ms
Download: 247.27 Mbit/s
Upload: 19.57 Mbit/s
Mon Nov 16 02:45:01 CET 2020
Ping: 32.247 ms
Download: 251.28 Mbit/s
Upload: 19.15 Mbit/s
Mon Nov 16 03:45:01 CET 2020
Ping: 25.353 ms
Download: 272.86 Mbit/s
Upload: 19.44 Mbit/s
Mon Nov 16 04:45:01 CET 2020
Ping: 21.565 ms
Download: 202.01 Mbit/s
Upload: 19.49 Mbit/s
Mon Nov 16 05:45:01 CET 2020
Ping: 24.646 ms
Download: 248.13 Mbit/s
Upload: 19.73 Mbit/s
Mon Nov 16 06:45:01 CET 2020
Ping: 26.137 ms
Download: 304.94 Mbit/s
Upload: 19.43 Mbit/s
Mon Nov 16 07:45:01 CET 2020
Ping: 30.822 ms
Download: 239.17 Mbit/s
Upload: 19.17 Mbit/s
Mon Nov 16 08:45:01 CET 2020
Ping: 25.445 ms
Download: 111.55 Mbit/s
Upload: 19.56 Mbit/s
Mon Nov 16 09:45:01 CET 2020
Ping: 40.404 ms
Download: 353.40 Mbit/s
Upload: 18.02 Mbit/s
Mon Nov 16 10:45:01 CET 2020
Ping: 34.638 ms
Download: 114.12 Mbit/s
Upload: 18.50 Mbit/s
Mon Nov 16 11:45:01 CET 2020
Ping: 41.268 ms
Download: 346.99 Mbit/s
Upload: 17.68 Mbit/s
Mon Nov 16 12:45:01 CET 2020
Ping: 35.653 ms
Download: 106.10 Mbit/s
Upload: 19.44 Mbit/s
Mon Nov 16 13:45:01 CET 2020
Ping: 25.79 ms
Download: 226.30 Mbit/s
Upload: 19.53 Mbit/s
Mon Nov 16 14:45:01 CET 2020
Ping: 24.636 ms
Download: 276.30 Mbit/s
Upload: 19.34 Mbit/s
Mon Nov 16 15:45:01 CET 2020
Ping: 26.651 ms
Download: 226.44 Mbit/s
Upload: 19.66 Mbit/s
Mon Nov 16 16:45:01 CET 2020
Ping: 26.263 ms
Download: 178.83 Mbit/s
Upload: 19.20 Mbit/s
Mon Nov 16 17:45:01 CET 2020
Ping: 25.043 ms
Download: 227.57 Mbit/s
Upload: 19.77 Mbit/s
Mon Nov 16 18:45:01 CET 2020
Ping: 23.934 ms
Download: 204.84 Mbit/s
Upload: 19.71 Mbit/s
Mon Nov 16 19:45:01 CET 2020
Ping: 24.56 ms
Download: 266.79 Mbit/s
Upload: 19.66 Mbit/s
Mon Nov 16 20:45:02 CET 2020
Ping: 28.433 ms
Download: 208.93 Mbit/s
Upload: 19.13 Mbit/s
Mon Nov 16 21:45:01 CET 2020
Ping: 33.057 ms
Download: 153.01 Mbit/s
Upload: 19.52 Mbit/s
Mon Nov 16 22:45:01 CET 2020
Ping: 33.654 ms
Download: 159.20 Mbit/s
Upload: 19.66 Mbit/s
Mon Nov 16 23:45:01 CET 2020
Ping: 33.326 ms
Download: 182.63 Mbit/s
Upload: 19.16 Mbit/s
Tue Nov 17 00:45:02 CET 2020
Ping: 23.409 ms
Download: 190.82 Mbit/s
Upload: 19.38 Mbit/s
Tue Nov 17 01:45:01 CET 2020
Ping: 26.145 ms
Download: 88.78 Mbit/s
Upload: 19.53 Mbit/s
Tue Nov 17 02:45:01 CET 2020
Ping: 28.404 ms
Download: 251.42 Mbit/s
Upload: 19.21 Mbit/s
Tue Nov 17 03:45:01 CET 2020
Ping: 26.871 ms
Download: 187.71 Mbit/s
Upload: 19.43 Mbit/s
Tue Nov 17 04:45:01 CET 2020
Ping: 24.7 ms
Download: 271.83 Mbit/s
Upload: 19.58 Mbit/s
Tue Nov 17 05:45:01 CET 2020
Ping: 27.971 ms
Download: 233.23 Mbit/s
Upload: 18.79 Mbit/s
Tue Nov 17 06:45:01 CET 2020
Ping: 24.834 ms
Download: 280.98 Mbit/s
Upload: 15.14 Mbit/s
Tue Nov 17 07:45:02 CET 2020
Ping: 25.403 ms
Download: 235.27 Mbit/s
Upload: 19.18 Mbit/s
Tue Nov 17 08:45:01 CET 2020
Ping: 28.025 ms
Download: 190.80 Mbit/s
Upload: 18.78 Mbit/s
Tue Nov 17 09:45:01 CET 2020
Ping: 32.169 ms
Download: 156.17 Mbit/s
Upload: 16.55 Mbit/s
Tue Nov 17 10:45:01 CET 2020
Ping: 26.226 ms
Download: 199.00 Mbit/s
Upload: 17.03 Mbit/s
Tue Nov 17 11:45:01 CET 2020
Ping: 26.804 ms
Download: 247.35 Mbit/s
Upload: 18.93 Mbit/s
Tue Nov 17 12:45:01 CET 2020
Ping: 23.755 ms
Download: 245.65 Mbit/s
Upload: 19.26 Mbit/s
Tue Nov 17 13:45:01 CET 2020
Ping: 26.618 ms
Download: 127.81 Mbit/s
Upload: 18.80 Mbit/s
Tue Nov 17 14:45:01 CET 2020
Ping: 24.844 ms
Download: 228.64 Mbit/s
Upload: 19.46 Mbit/s
Tue Nov 17 15:45:01 CET 2020
Ping: 27.108 ms
Download: 238.13 Mbit/s
Upload: 19.08 Mbit/s
Tue Nov 17 16:45:01 CET 2020
Ping: 27.72 ms
Download: 221.38 Mbit/s
Upload: 18.55 Mbit/s
Tue Nov 17 17:45:01 CET 2020
Ping: 29.007 ms
Download: 259.95 Mbit/s
Upload: 19.63 Mbit/s
Tue Nov 17 18:45:01 CET 2020
Ping: 27.075 ms
Download: 235.07 Mbit/s
Upload: 17.02 Mbit/s
Tue Nov 17 19:45:01 CET 2020
Ping: 34.114 ms
Download: 216.15 Mbit/s
Upload: 19.30 Mbit/s
Tue Nov 17 20:45:01 CET 2020
Ping: 31.63 ms
Download: 216.44 Mbit/s
Upload: 14.28 Mbit/s
Tue Nov 17 21:45:01 CET 2020
Ping: 31.806 ms
Download: 266.69 Mbit/s
Upload: 19.45 Mbit/s
Tue Nov 17 22:45:01 CET 2020
Ping: 26.42 ms
Download: 219.68 Mbit/s
Upload: 18.80 Mbit/s
Tue Nov 17 23:45:02 CET 2020
Ping: 24.059 ms
Download: 232.43 Mbit/s
Upload: 19.55 Mbit/s
Wed Nov 18 00:45:01 CET 2020
Ping: 23.656 ms
Download: 226.46 Mbit/s
Upload: 19.74 Mbit/s
Wed Nov 18 01:45:01 CET 2020
Ping: 28.445 ms
Download: 243.93 Mbit/s
Upload: 19.54 Mbit/s
Wed Nov 18 02:45:02 CET 2020
Ping: 33.417 ms
Download: 208.79 Mbit/s
Upload: 19.15 Mbit/s
Wed Nov 18 03:45:01 CET 2020
Ping: 32.94 ms
Download: 270.18 Mbit/s
Upload: 19.43 Mbit/s
Wed Nov 18 04:45:01 CET 2020
Ping: 25.471 ms
Download: 310.05 Mbit/s
Upload: 19.32 Mbit/s
Wed Nov 18 05:45:01 CET 2020
Ping: 24.843 ms
Download: 189.37 Mbit/s
Upload: 19.47 Mbit/s
Wed Nov 18 06:45:01 CET 2020
Ping: 23.546 ms
Download: 225.41 Mbit/s
Upload: 19.52 Mbit/s
Wed Nov 18 07:45:01 CET 2020
Ping: 31.012 ms
Download: 239.68 Mbit/s
Upload: 19.14 Mbit/s
Wed Nov 18 08:45:01 CET 2020
Ping: 25.67 ms
Download: 331.87 Mbit/s
Upload: 19.44 Mbit/s
Wed Nov 18 09:45:01 CET 2020
Ping: 23.707 ms
Download: 264.04 Mbit/s
Upload: 19.29 Mbit/s
Wed Nov 18 10:45:01 CET 2020
Ping: 23.365 ms
Download: 210.42 Mbit/s
Upload: 19.46 Mbit/s
Wed Nov 18 11:45:01 CET 2020
Ping: 25.031 ms
Download: 285.63 Mbit/s
Upload: 19.43 Mbit/s
Wed Nov 18 12:45:01 CET 2020
Ping: 24.998 ms
Download: 217.50 Mbit/s
Upload: 19.56 Mbit/s
Wed Nov 18 13:45:01 CET 2020
Ping: 26.679 ms
Download: 215.95 Mbit/s
Upload: 19.51 Mbit/s
Wed Nov 18 14:45:01 CET 2020
Ping: 26.983 ms
Download: 185.02 Mbit/s
Upload: 19.36 Mbit/s
Wed Nov 18 15:45:02 CET 2020
Ping: 24.084 ms
Download: 265.61 Mbit/s
Upload: 5.74 Mbit/s
Wed Nov 18 16:45:01 CET 2020
Ping: 25.541 ms
Download: 274.37 Mbit/s
Upload: 19.40 Mbit/s
Wed Nov 18 17:45:01 CET 2020
Ping: 25.332 ms
Download: 246.08 Mbit/s
Upload: 19.22 Mbit/s
Wed Nov 18 18:45:01 CET 2020
Ping: 27.783 ms
Download: 247.97 Mbit/s
Upload: 19.68 Mbit/s
Wed Nov 18 19:45:01 CET 2020
Ping: 25.999 ms
Download: 203.66 Mbit/s
Upload: 19.60 Mbit/s
Wed Nov 18 20:45:01 CET 2020
Ping: 25.712 ms
Download: 217.57 Mbit/s
Upload: 19.46 Mbit/s
Wed Nov 18 21:45:01 CET 2020
Ping: 26.458 ms
Download: 258.20 Mbit/s
Upload: 19.67 Mbit/s
Wed Nov 18 22:45:01 CET 2020
Ping: 25.126 ms
Download: 285.78 Mbit/s
Upload: 18.82 Mbit/s
Wed Nov 18 23:45:01 CET 2020
Ping: 27.551 ms
Download: 221.35 Mbit/s
Upload: 19.03 Mbit/s
Thu Nov 19 00:45:01 CET 2020
Ping: 20.407 ms
Download: 247.51 Mbit/s
Upload: 19.72 Mbit/s
Thu Nov 19 01:45:01 CET 2020
Ping: 19.855 ms
Download: 241.44 Mbit/s
Upload: 19.25 Mbit/s
Thu Nov 19 02:45:01 CET 2020
Ping: 26.493 ms
Download: 244.23 Mbit/s
Upload: 19.57 Mbit/s
Thu Nov 19 03:45:01 CET 2020
Ping: 23.01 ms
Download: 219.09 Mbit/s
Upload: 19.75 Mbit/s
Thu Nov 19 04:45:01 CET 2020
Ping: 23.7 ms
Download: 262.22 Mbit/s
Upload: 19.20 Mbit/s
Thu Nov 19 05:45:01 CET 2020
Ping: 25.158 ms
Download: 241.56 Mbit/s
Upload: 19.86 Mbit/s
Thu Nov 19 06:45:01 CET 2020
Ping: 24.654 ms
Download: 233.31 Mbit/s
Upload: 19.37 Mbit/s
Thu Nov 19 07:45:01 CET 2020
Ping: 26.178 ms
Download: 311.38 Mbit/s
Upload: 19.66 Mbit/s
Thu Nov 19 08:45:01 CET 2020
Ping: 23.212 ms
Download: 261.62 Mbit/s
Upload: 19.24 Mbit/s
Thu Nov 19 09:45:02 CET 2020
Ping: 26.527 ms
Download: 213.05 Mbit/s
Upload: 19.34 Mbit/s
Thu Nov 19 10:45:01 CET 2020
Ping: 27.738 ms
Download: 228.33 Mbit/s
Upload: 19.08 Mbit/s
Thu Nov 19 11:45:01 CET 2020
Ping: 28.436 ms
Download: 249.25 Mbit/s
Upload: 19.59 Mbit/s
Thu Nov 19 12:45:01 CET 2020
Ping: 26.487 ms
Download: 172.06 Mbit/s
Upload: 19.52 Mbit/s
Thu Nov 19 13:45:01 CET 2020
Ping: 26.337 ms
Download: 265.19 Mbit/s
Upload: 19.66 Mbit/s
Thu Nov 19 14:45:01 CET 2020
Ping: 24.019 ms
Download: 291.42 Mbit/s
Upload: 19.42 Mbit/s
Thu Nov 19 15:45:01 CET 2020
Ping: 34.971 ms
Download: 277.14 Mbit/s
Upload: 18.06 Mbit/s
Thu Nov 19 16:45:01 CET 2020
Ping: 34.237 ms
Download: 230.17 Mbit/s
Upload: 18.51 Mbit/s
Thu Nov 19 17:45:01 CET 2020
Ping: 37.479 ms
Download: 248.94 Mbit/s
Upload: 18.54 Mbit/s
Thu Nov 19 18:45:01 CET 2020
Ping: 35.755 ms
Download: 199.70 Mbit/s
Upload: 19.73 Mbit/s
Thu Nov 19 19:45:01 CET 2020
Ping: 27.153 ms
Download: 253.84 Mbit/s
Upload: 19.63 Mbit/s
Thu Nov 19 20:45:01 CET 2020
Ping: 26.307 ms
Download: 234.99 Mbit/s
Upload: 19.35 Mbit/s
Thu Nov 19 21:45:01 CET 2020
Ping: 26.029 ms
Download: 240.15 Mbit/s
Upload: 19.11 Mbit/s
Thu Nov 19 22:45:01 CET 2020
Ping: 26.504 ms
Download: 228.65 Mbit/s
Upload: 19.48 Mbit/s
Thu Nov 19 23:45:01 CET 2020
Ping: 24.42 ms
Download: 291.87 Mbit/s
Upload: 19.40 Mbit/s
Fri Nov 20 00:45:01 CET 2020
Ping: 25.343 ms
Download: 173.36 Mbit/s
Upload: 19.44 Mbit/s
Fri Nov 20 01:45:01 CET 2020
Ping: 25.448 ms
Download: 297.70 Mbit/s
Upload: 19.34 Mbit/s
Fri Nov 20 02:45:01 CET 2020
Ping: 25.347 ms
Download: 252.74 Mbit/s
Upload: 19.39 Mbit/s
Fri Nov 20 03:45:01 CET 2020
Ping: 23.823 ms
Download: 246.76 Mbit/s
Upload: 19.59 Mbit/s
Fri Nov 20 04:45:01 CET 2020
Ping: 23.999 ms
Download: 258.88 Mbit/s
Upload: 19.77 Mbit/s
Fri Nov 20 05:45:02 CET 2020
Ping: 31.968 ms
Download: 218.93 Mbit/s
Upload: 19.59 Mbit/s
Fri Nov 20 06:45:01 CET 2020
Ping: 34.245 ms
Download: 157.63 Mbit/s
Upload: 19.41 Mbit/s
Fri Nov 20 07:45:01 CET 2020
Ping: 33.14 ms
Download: 209.04 Mbit/s
Upload: 19.62 Mbit/s
Fri Nov 20 08:45:01 CET 2020
Ping: 24.78 ms
Download: 270.62 Mbit/s
Upload: 19.79 Mbit/s
Fri Nov 20 09:45:01 CET 2020
Ping: 24.276 ms
Download: 222.19 Mbit/s
Upload: 19.04 Mbit/s
Fri Nov 20 10:45:01 CET 2020
Ping: 25.037 ms
Download: 229.43 Mbit/s
Upload: 19.75 Mbit/s
Fri Nov 20 11:45:01 CET 2020
Ping: 25.621 ms
Download: 277.89 Mbit/s
Upload: 19.38 Mbit/s
Fri Nov 20 12:45:01 CET 2020
Ping: 23.534 ms
Download: 245.47 Mbit/s
Upload: 19.69 Mbit/s
Fri Nov 20 13:45:01 CET 2020
Ping: 25.149 ms
Download: 267.52 Mbit/s
Upload: 19.76 Mbit/s
Fri Nov 20 14:45:01 CET 2020
Ping: 26.142 ms
Download: 201.02 Mbit/s
Upload: 19.31 Mbit/s
Fri Nov 20 15:45:01 CET 2020
Ping: 22.892 ms
Download: 226.14 Mbit/s
Upload: 19.32 Mbit/s
Fri Nov 20 16:45:01 CET 2020
Ping: 28.693 ms
Download: 189.04 Mbit/s
Upload: 19.03 Mbit/s
Fri Nov 20 17:45:01 CET 2020
Ping: 22.182 ms
Download: 349.72 Mbit/s
Upload: 19.81 Mbit/s
Fri Nov 20 18:45:01 CET 2020
Ping: 26.017 ms
Download: 226.97 Mbit/s
Upload: 19.33 Mbit/s
Fri Nov 20 19:45:01 CET 2020
Ping: 24.061 ms
Download: 211.38 Mbit/s
Upload: 19.18 Mbit/s
Fri Nov 20 20:45:01 CET 2020
Ping: 26.4 ms
Download: 245.56 Mbit/s
Upload: 19.18 Mbit/s
Fri Nov 20 21:45:01 CET 2020
Ping: 25.473 ms
Download: 254.79 Mbit/s
Upload: 19.65 Mbit/s
Fri Nov 20 22:45:01 CET 2020
Ping: 25.255 ms
Download: 281.25 Mbit/s
Upload: 19.64 Mbit/s
Fri Nov 20 23:45:01 CET 2020
Ping: 24.141 ms
Download: 229.41 Mbit/s
Upload: 19.35 Mbit/s
Sat Nov 21 00:45:02 CET 2020
Ping: 24.272 ms
Download: 245.98 Mbit/s
Upload: 19.67 Mbit/s
Sat Nov 21 01:45:01 CET 2020
Ping: 23.483 ms
Download: 307.16 Mbit/s
Upload: 19.49 Mbit/s
Sat Nov 21 02:45:01 CET 2020
Ping: 29.858 ms
Download: 249.51 Mbit/s
Upload: 19.70 Mbit/s
Sat Nov 21 03:45:01 CET 2020
Ping: 32.006 ms
Download: 273.77 Mbit/s
Upload: 18.86 Mbit/s
Sat Nov 21 04:45:01 CET 2020
Ping: 23.345 ms
Download: 330.91 Mbit/s
Upload: 19.64 Mbit/s
Sat Nov 21 05:45:01 CET 2020
Ping: 24.179 ms
Download: 263.29 Mbit/s
Upload: 19.84 Mbit/s
Sat Nov 21 06:45:01 CET 2020
Ping: 23.324 ms
Download: 281.61 Mbit/s
Upload: 19.70 Mbit/s
Sat Nov 21 07:45:01 CET 2020
Ping: 25.478 ms
Download: 180.29 Mbit/s
Upload: 19.68 Mbit/s
Sat Nov 21 08:45:01 CET 2020
Ping: 30.511 ms
Download: 331.84 Mbit/s
Upload: 19.24 Mbit/s
Sat Nov 21 09:45:01 CET 2020
Ping: 29.664 ms
Download: 248.02 Mbit/s
Upload: 19.59 Mbit/s
Sat Nov 21 10:45:01 CET 2020
Ping: 29.098 ms
Download: 238.61 Mbit/s
Upload: 19.28 Mbit/s
Sat Nov 21 11:45:01 CET 2020
Ping: 28.91 ms
Download: 240.80 Mbit/s
Upload: 19.19 Mbit/s
Sat Nov 21 12:45:01 CET 2020
Ping: 24.306 ms
Download: 242.65 Mbit/s
Upload: 19.61 Mbit/s
Sat Nov 21 13:45:02 CET 2020
Ping: 24.73 ms
Download: 216.94 Mbit/s
Upload: 19.03 Mbit/s
Sat Nov 21 14:45:01 CET 2020
Ping: 25.193 ms
Download: 272.19 Mbit/s
Upload: 19.61 Mbit/s
Sat Nov 21 15:45:01 CET 2020
Ping: 26.484 ms
Download: 265.25 Mbit/s
Upload: 19.49 Mbit/s
Sat Nov 21 16:45:01 CET 2020
Ping: 25.458 ms
Download: 210.56 Mbit/s
Upload: 18.11 Mbit/s
Sat Nov 21 17:45:02 CET 2020
Ping: 26.832 ms
Download: 200.03 Mbit/s
Upload: 19.36 Mbit/s
Sat Nov 21 18:45:01 CET 2020
Ping: 24.84 ms
Download: 303.41 Mbit/s
Upload: 19.41 Mbit/s
Sat Nov 21 19:45:01 CET 2020
Ping: 27.665 ms
Download: 275.00 Mbit/s
Upload: 19.25 Mbit/s
Sat Nov 21 20:45:01 CET 2020
Ping: 23.566 ms
Download: 271.63 Mbit/s
Upload: 18.18 Mbit/s
Sat Nov 21 21:45:01 CET 2020
Ping: 24.381 ms
Download: 276.66 Mbit/s
Upload: 19.72 Mbit/s
Sat Nov 21 22:45:01 CET 2020
Ping: 26.687 ms
Download: 265.09 Mbit/s
Upload: 19.41 Mbit/s
Sat Nov 21 23:45:01 CET 2020
Ping: 24.718 ms
Download: 257.90 Mbit/s
Upload: 19.53 Mbit/s
Sun Nov 22 00:45:01 CET 2020
Ping: 23.998 ms
Download: 265.20 Mbit/s
Upload: 19.19 Mbit/s
Sun Nov 22 01:45:01 CET 2020
Ping: 26.473 ms
Download: 277.64 Mbit/s
Upload: 19.18 Mbit/s
Sun Nov 22 02:45:02 CET 2020
Ping: 22.616 ms
Download: 244.81 Mbit/s
Upload: 19.54 Mbit/s
Sun Nov 22 03:45:01 CET 2020
Ping: 25.129 ms
Download: 269.46 Mbit/s
Upload: 19.47 Mbit/s
Sun Nov 22 04:45:01 CET 2020
Ping: 23.551 ms
Download: 273.77 Mbit/s
Upload: 19.77 Mbit/s
Sun Nov 22 05:45:01 CET 2020
Ping: 24.514 ms
Download: 231.81 Mbit/s
Upload: 19.08 Mbit/s
Sun Nov 22 06:45:01 CET 2020
Ping: 25.572 ms
Download: 208.65 Mbit/s
Upload: 19.65 Mbit/s
Sun Nov 22 07:45:01 CET 2020
Ping: 24.004 ms
Download: 259.66 Mbit/s
Upload: 19.64 Mbit/s
Sun Nov 22 08:45:01 CET 2020
Ping: 25.805 ms
Download: 269.90 Mbit/s
Upload: 19.57 Mbit/s
Sun Nov 22 09:45:01 CET 2020
Ping: 24.491 ms
Download: 149.71 Mbit/s
Upload: 19.54 Mbit/s
Sun Nov 22 10:45:01 CET 2020
Ping: 24.36 ms
Download: 207.84 Mbit/s
Upload: 19.71 Mbit/s
Sun Nov 22 11:45:01 CET 2020
Ping: 26.243 ms
Download: 256.99 Mbit/s
Upload: 19.06 Mbit/s
Sun Nov 22 12:45:01 CET 2020
Ping: 27.14 ms
Download: 233.55 Mbit/s
Upload: 18.50 Mbit/s
Sun Nov 22 13:45:02 CET 2020
Ping: 25.968 ms
Download: 297.92 Mbit/s
Upload: 19.22 Mbit/s
Sun Nov 22 14:45:01 CET 2020
Ping: 27.143 ms
Download: 230.12 Mbit/s
Upload: 19.26 Mbit/s
Sun Nov 22 15:45:01 CET 2020
Ping: 26.138 ms
Download: 234.63 Mbit/s
Upload: 19.43 Mbit/s
Sun Nov 22 16:45:01 CET 2020
Ping: 30.134 ms
Download: 236.58 Mbit/s
Upload: 19.39 Mbit/s
Sun Nov 22 17:45:01 CET 2020
Ping: 22.256 ms
Download: 260.25 Mbit/s
Upload: 19.52 Mbit/s
Sun Nov 22 18:45:01 CET 2020
Ping: 23.707 ms
Download: 226.78 Mbit/s
Upload: 19.59 Mbit/s
Sun Nov 22 19:45:02 CET 2020
Ping: 37.664 ms
Download: 219.84 Mbit/s
Upload: 19.19 Mbit/s
Sun Nov 22 20:45:01 CET 2020
Ping: 35.297 ms
Download: 174.69 Mbit/s
Upload: 17.99 Mbit/s
Sun Nov 22 21:45:01 CET 2020
Ping: 23.248 ms
Download: 220.34 Mbit/s
Upload: 19.66 Mbit/s
Sun Nov 22 22:45:01 CET 2020
Ping: 25.999 ms
Download: 271.84 Mbit/s
Upload: 19.22 Mbit/s
Sun Nov 22 23:45:01 CET 2020
Ping: 24.567 ms
Download: 244.95 Mbit/s
Upload: 19.76 Mbit/s
Mon Nov 23 00:45:01 CET 2020
Ping: 25.472 ms
Download: 209.15 Mbit/s
Upload: 19.59 Mbit/s
Mon Nov 23 01:45:01 CET 2020
Ping: 25.909 ms
Download: 221.07 Mbit/s
Upload: 19.54 Mbit/s
Mon Nov 23 02:45:01 CET 2020
Ping: 22.714 ms
Download: 272.01 Mbit/s
Upload: 19.40 Mbit/s
Mon Nov 23 03:45:01 CET 2020
Ping: 25.232 ms
Download: 242.03 Mbit/s
Upload: 19.70 Mbit/s
Mon Nov 23 04:45:01 CET 2020
Ping: 24.194 ms
Download: 342.23 Mbit/s
Upload: 19.46 Mbit/s
Mon Nov 23 05:45:01 CET 2020
Ping: 25.108 ms
Download: 203.32 Mbit/s
Upload: 19.74 Mbit/s
Mon Nov 23 06:45:01 CET 2020
Ping: 23.872 ms
Download: 241.51 Mbit/s
Upload: 19.73 Mbit/s
Mon Nov 23 07:45:01 CET 2020
Ping: 26.694 ms
Download: 268.14 Mbit/s
Upload: 19.54 Mbit/s
Mon Nov 23 08:45:01 CET 2020
Ping: 27.169 ms
Download: 200.39 Mbit/s
Upload: 19.48 Mbit/s
Mon Nov 23 09:45:01 CET 2020
Ping: 27.376 ms
Download: 190.29 Mbit/s
Upload: 19.20 Mbit/s
Mon Nov 23 10:45:01 CET 2020
Ping: 24.495 ms
Download: 245.99 Mbit/s
Upload: 19.35 Mbit/s
Mon Nov 23 11:45:01 CET 2020
Ping: 24.721 ms
Download: 126.38 Mbit/s
Upload: 19.46 Mbit/s
Mon Nov 23 12:45:01 CET 2020
Ping: 26.007 ms
Download: 213.57 Mbit/s
Upload: 19.29 Mbit/s
Mon Nov 23 13:45:01 CET 2020
Ping: 26.567 ms
Download: 221.84 Mbit/s
Upload: 19.25 Mbit/s
Mon Nov 23 14:45:01 CET 2020
Ping: 23.804 ms
Download: 201.58 Mbit/s
Upload: 19.56 Mbit/s
Mon Nov 23 15:45:01 CET 2020
Ping: 22.48 ms
Download: 135.55 Mbit/s
Upload: 19.79 Mbit/s
Mon Nov 23 16:45:01 CET 2020
Ping: 24.969 ms
Download: 218.22 Mbit/s
Upload: 15.81 Mbit/s
Mon Nov 23 17:45:01 CET 2020
Ping: 26.348 ms
Download: 231.55 Mbit/s
Upload: 19.53 Mbit/s
Mon Nov 23 18:45:02 CET 2020
Ping: 23.089 ms
Download: 142.85 Mbit/s
Upload: 19.45 Mbit/s
Mon Nov 23 20:45:01 CET 2020
Ping: 27.707 ms
Download: 253.70 Mbit/s
Upload: 19.14 Mbit/s
Mon Nov 23 21:45:01 CET 2020
Ping: 26.745 ms
Download: 243.50 Mbit/s
Upload: 19.47 Mbit/s
Mon Nov 23 22:45:01 CET 2020
Ping: 25.311 ms
Download: 211.59 Mbit/s
Upload: 19.20 Mbit/s
Mon Nov 23 23:45:01 CET 2020
Ping: 25.013 ms
Download: 201.34 Mbit/s
Upload: 19.54 Mbit/s
Tue Nov 24 00:45:01 CET 2020
Ping: 27.866 ms
Download: 216.65 Mbit/s
Upload: 18.87 Mbit/s
Tue Nov 24 01:45:01 CET 2020
Ping: 24.445 ms
Download: 235.61 Mbit/s
Upload: 19.82 Mbit/s
Tue Nov 24 02:45:01 CET 2020
Ping: 24.32 ms
Download: 275.49 Mbit/s
Upload: 19.81 Mbit/s
Tue Nov 24 03:45:01 CET 2020
Ping: 23.911 ms
Download: 243.65 Mbit/s
Upload: 19.27 Mbit/s
Tue Nov 24 04:45:01 CET 2020
Ping: 31.018 ms
Download: 298.94 Mbit/s
Upload: 19.36 Mbit/s
Tue Nov 24 05:45:01 CET 2020
Ping: 32.904 ms
Download: 151.65 Mbit/s
Upload: 19.26 Mbit/s
Tue Nov 24 06:45:01 CET 2020
Ping: 27.832 ms
Download: 282.60 Mbit/s
Upload: 19.05 Mbit/s
Tue Nov 24 07:45:01 CET 2020
Ping: 25.175 ms
Download: 218.42 Mbit/s
Upload: 19.63 Mbit/s
Tue Nov 24 08:45:01 CET 2020
Ping: 24.397 ms
Download: 181.92 Mbit/s
Upload: 19.09 Mbit/s
Tue Nov 24 09:45:02 CET 2020
Ping: 23.795 ms
Download: 218.68 Mbit/s
Upload: 19.37 Mbit/s
Tue Nov 24 10:45:01 CET 2020
Ping: 25.602 ms
Download: 215.55 Mbit/s
Upload: 19.31 Mbit/s
Tue Nov 24 11:45:01 CET 2020
Ping: 26.329 ms
Download: 142.81 Mbit/s
Upload: 17.98 Mbit/s
Tue Nov 24 12:45:01 CET 2020
Ping: 24.167 ms
Download: 134.26 Mbit/s
Upload: 19.54 Mbit/s
Tue Nov 24 13:45:01 CET 2020
Ping: 31.022 ms
Download: 284.79 Mbit/s
Upload: 19.52 Mbit/s
Tue Nov 24 14:45:01 CET 2020
Ping: 25.48 ms
Download: 237.47 Mbit/s
Upload: 19.69 Mbit/s
Tue Nov 24 15:45:02 CET 2020
Ping: 26.474 ms
Download: 153.10 Mbit/s
Upload: 19.70 Mbit/s
Tue Nov 24 16:45:01 CET 2020
Ping: 24.575 ms
Download: 118.50 Mbit/s
Upload: 19.02 Mbit/s
Tue Nov 24 17:45:01 CET 2020
Ping: 26.591 ms
Download: 291.99 Mbit/s
Upload: 19.34 Mbit/s
Tue Nov 24 18:45:01 CET 2020
Ping: 23.526 ms
Download: 232.53 Mbit/s
Upload: 19.65 Mbit/s
Tue Nov 24 19:45:01 CET 2020
Ping: 34.148 ms
Download: 275.27 Mbit/s
Upload: 18.92 Mbit/s
Tue Nov 24 20:45:01 CET 2020
Ping: 33.674 ms
Download: 175.82 Mbit/s
Upload: 18.87 Mbit/s
Tue Nov 24 21:45:01 CET 2020
Ping: 25.456 ms
Download: 228.87 Mbit/s
Upload: 19.25 Mbit/s
Tue Nov 24 22:45:01 CET 2020
Ping: 22.997 ms
Download: 142.58 Mbit/s
Upload: 19.11 Mbit/s
Tue Nov 24 23:45:01 CET 2020
Ping: 31.326 ms
Download: 262.01 Mbit/s
Upload: 18.98 Mbit/s
Wed Nov 25 00:45:01 CET 2020
Ping: 24.516 ms
Download: 199.60 Mbit/s
Upload: 19.31 Mbit/s
Wed Nov 25 01:45:01 CET 2020
Ping: 22.821 ms
Download: 135.42 Mbit/s
Upload: 19.85 Mbit/s
Wed Nov 25 02:45:01 CET 2020
Ping: 23.156 ms
Download: 140.57 Mbit/s
Upload: 19.55 Mbit/s
Wed Nov 25 03:45:01 CET 2020
Ping: 26.14 ms
Download: 137.96 Mbit/s
Upload: 19.34 Mbit/s
Wed Nov 25 04:45:01 CET 2020
Ping: 26.517 ms
Download: 231.51 Mbit/s
Upload: 19.42 Mbit/s
Wed Nov 25 05:45:01 CET 2020
Ping: 25.342 ms
Download: 257.59 Mbit/s
Upload: 19.48 Mbit/s
Wed Nov 25 06:45:01 CET 2020
Ping: 25.641 ms
Download: 268.01 Mbit/s
Upload: 19.72 Mbit/s
Wed Nov 25 07:45:01 CET 2020
Ping: 24.687 ms
Download: 178.98 Mbit/s
Upload: 19.46 Mbit/s
Wed Nov 25 08:45:01 CET 2020
Ping: 27.06 ms
Download: 252.11 Mbit/s
Upload: 19.64 Mbit/s
Wed Nov 25 09:45:01 CET 2020
Ping: 30.189 ms
Download: 267.27 Mbit/s
Upload: 19.10 Mbit/s
Wed Nov 25 10:45:01 CET 2020
Ping: 27.61 ms
Download: 249.73 Mbit/s
Upload: 19.71 Mbit/s
Wed Nov 25 11:45:02 CET 2020
Ping: 23.077 ms
Download: 134.07 Mbit/s
Upload: 19.65 Mbit/s
Wed Nov 25 12:45:01 CET 2020
Ping: 23.762 ms
Download: 253.91 Mbit/s
Upload: 18.97 Mbit/s
Wed Nov 25 13:45:01 CET 2020
Ping: 28.521 ms
Download: 233.79 Mbit/s
Upload: 19.27 Mbit/s
Wed Nov 25 14:45:01 CET 2020
Ping: 22.713 ms
Download: 124.27 Mbit/s
Upload: 18.66 Mbit/s
Wed Nov 25 15:45:01 CET 2020
Ping: 26.189 ms
Download: 227.42 Mbit/s
Upload: 19.62 Mbit/s
Wed Nov 25 16:45:02 CET 2020
Ping: 22.068 ms
Download: 140.73 Mbit/s
Upload: 19.06 Mbit/s
Wed Nov 25 17:45:01 CET 2020
Ping: 35.525 ms
Download: 175.08 Mbit/s
Upload: 18.74 Mbit/s
Wed Nov 25 18:45:01 CET 2020
Ping: 35.76 ms
Download: 167.66 Mbit/s
Upload: 17.90 Mbit/s
Wed Nov 25 19:45:01 CET 2020
Ping: 35.772 ms
Download: 199.06 Mbit/s
Upload: 19.24 Mbit/s
Wed Nov 25 20:45:01 CET 2020
Ping: 25.734 ms
Download: 134.23 Mbit/s
Upload: 18.41 Mbit/s
Wed Nov 25 21:45:01 CET 2020
Ping: 24.161 ms
Download: 88.71 Mbit/s
Upload: 19.24 Mbit/s
Wed Nov 25 22:45:01 CET 2020
Ping: 26.652 ms
Download: 228.85 Mbit/s
Upload: 19.40 Mbit/s
Wed Nov 25 23:45:01 CET 2020
Ping: 23.219 ms
Download: 130.87 Mbit/s
Upload: 19.49 Mbit/s
Thu Nov 26 00:45:01 CET 2020
Ping: 24.53 ms
Download: 288.34 Mbit/s
Upload: 19.72 Mbit/s
Thu Nov 26 01:45:01 CET 2020
Ping: 27.937 ms
Download: 167.57 Mbit/s
Upload: 19.68 Mbit/s
Thu Nov 26 02:45:01 CET 2020
Ping: 24.022 ms
Download: 203.97 Mbit/s
Upload: 19.52 Mbit/s
Thu Nov 26 03:45:01 CET 2020
Ping: 35.998 ms
Download: 155.89 Mbit/s
Upload: 19.31 Mbit/s
Thu Nov 26 04:45:01 CET 2020
Ping: 33.349 ms
Download: 102.32 Mbit/s
Upload: 18.60 Mbit/s
Thu Nov 26 05:45:01 CET 2020
Ping: 33.002 ms
Download: 130.50 Mbit/s
Upload: 19.12 Mbit/s
Thu Nov 26 06:45:01 CET 2020
Ping: 34.545 ms
Download: 215.20 Mbit/s
Upload: 19.10 Mbit/s
Thu Nov 26 07:45:01 CET 2020
Ping: 25.16 ms
Download: 268.48 Mbit/s
Upload: 19.45 Mbit/s
Thu Nov 26 08:45:01 CET 2020
Ping: 23.846 ms
Download: 139.49 Mbit/s
Upload: 19.12 Mbit/s
Thu Nov 26 09:45:01 CET 2020
Ping: 30.515 ms
Download: 300.06 Mbit/s
Upload: 18.63 Mbit/s
Thu Nov 26 10:45:01 CET 2020
Ping: 25.471 ms
Download: 233.60 Mbit/s
Upload: 18.27 Mbit/s
Thu Nov 26 11:45:01 CET 2020
Ping: 24.352 ms
Download: 273.99 Mbit/s
Upload: 19.12 Mbit/s
Thu Nov 26 12:45:01 CET 2020
Ping: 25.876 ms
Download: 271.61 Mbit/s
Upload: 19.63 Mbit/s
Thu Nov 26 13:45:01 CET 2020
Ping: 31.543 ms
Download: 117.06 Mbit/s
Upload: 16.78 Mbit/s
Thu Nov 26 14:45:02 CET 2020
Ping: 27.156 ms
Download: 277.50 Mbit/s
Upload: 19.01 Mbit/s
Thu Nov 26 15:45:01 CET 2020
Ping: 23.608 ms
Download: 307.14 Mbit/s
Upload: 19.81 Mbit/s
Thu Nov 26 16:45:01 CET 2020
Ping: 26.431 ms
Download: 261.86 Mbit/s
Upload: 19.42 Mbit/s
Thu Nov 26 17:45:01 CET 2020
Ping: 34.188 ms
Download: 256.84 Mbit/s
Upload: 19.03 Mbit/s
Thu Nov 26 18:45:01 CET 2020
Ping: 29.633 ms
Download: 214.78 Mbit/s
Upload: 19.21 Mbit/s
Thu Nov 26 19:45:01 CET 2020
Ping: 26.182 ms
Download: 260.08 Mbit/s
Upload: 19.68 Mbit/s
Thu Nov 26 20:45:01 CET 2020
Ping: 25.179 ms
Download: 255.72 Mbit/s
Upload: 19.33 Mbit/s
Thu Nov 26 21:45:01 CET 2020
Ping: 27.3 ms
Download: 223.13 Mbit/s
Upload: 18.73 Mbit/s
Thu Nov 26 22:45:01 CET 2020
Ping: 24.031 ms
Download: 229.31 Mbit/s
Upload: 19.21 Mbit/s
Thu Nov 26 23:45:01 CET 2020
Ping: 30.726 ms
Download: 208.72 Mbit/s
Upload: 19.63 Mbit/s
Fri Nov 27 00:45:01 CET 2020
Ping: 29.441 ms
Download: 165.57 Mbit/s
Upload: 19.43 Mbit/s
Fri Nov 27 01:45:01 CET 2020
Ping: 26.478 ms
Download: 279.64 Mbit/s
Upload: 19.28 Mbit/s
Fri Nov 27 02:45:01 CET 2020
Ping: 22.686 ms
Download: 166.33 Mbit/s
Upload: 19.70 Mbit/s
Fri Nov 27 03:45:01 CET 2020
Ping: 32.766 ms
Download: 210.22 Mbit/s
Upload: 19.08 Mbit/s
Fri Nov 27 04:45:01 CET 2020
Ping: 29.721 ms
Download: 227.49 Mbit/s
Upload: 19.56 Mbit/s
Fri Nov 27 05:45:01 CET 2020
Ping: 21.513 ms
Download: 84.05 Mbit/s
Upload: 19.80 Mbit/s
Fri Nov 27 06:45:01 CET 2020
Ping: 23.603 ms
Download: 151.51 Mbit/s
Upload: 19.14 Mbit/s
Fri Nov 27 07:45:01 CET 2020
Ping: 25.489 ms
Download: 199.06 Mbit/s
Upload: 18.97 Mbit/s
Fri Nov 27 08:45:01 CET 2020
Ping: 24.027 ms
Download: 269.07 Mbit/s
Upload: 19.29 Mbit/s
Fri Nov 27 09:45:01 CET 2020
Ping: 24.862 ms
Download: 244.33 Mbit/s
Upload: 19.35 Mbit/s
Fri Nov 27 10:45:01 CET 2020
Ping: 24.99 ms
Download: 243.28 Mbit/s
Upload: 19.33 Mbit/s
Fri Nov 27 11:45:01 CET 2020
Ping: 23.799 ms
Download: 148.11 Mbit/s
Upload: 18.62 Mbit/s
Fri Nov 27 12:45:01 CET 2020
Ping: 21.957 ms
Download: 140.35 Mbit/s
Upload: 17.66 Mbit/s
Fri Nov 27 13:45:01 CET 2020
Ping: 30.859 ms
Download: 152.15 Mbit/s
Upload: 3.72 Mbit/s
Fri Nov 27 14:45:01 CET 2020
Ping: 32.045 ms
Download: 236.57 Mbit/s
Upload: 18.82 Mbit/s
Fri Nov 27 15:45:01 CET 2020
Ping: 22.642 ms
Download: 293.90 Mbit/s
Upload: 19.13 Mbit/s
Fri Nov 27 16:45:01 CET 2020
Ping: 25.297 ms
Download: 233.12 Mbit/s
Upload: 19.62 Mbit/s
Fri Nov 27 17:45:01 CET 2020
Ping: 24.17 ms
Download: 117.47 Mbit/s
Upload: 19.40 Mbit/s
Fri Nov 27 18:45:01 CET 2020
Ping: 23.762 ms
Download: 102.89 Mbit/s
Upload: 19.12 Mbit/s
Fri Nov 27 19:45:01 CET 2020
Ping: 24.142 ms
Download: 108.47 Mbit/s
Upload: 19.23 Mbit/s
Fri Nov 27 20:45:01 CET 2020
Ping: 22.01 ms
Download: 161.27 Mbit/s
Upload: 19.75 Mbit/s
Fri Nov 27 21:45:01 CET 2020
Ping: 26.29 ms
Download: 193.37 Mbit/s
Upload: 19.58 Mbit/s
Fri Nov 27 22:45:01 CET 2020
Ping: 30.006 ms
Download: 310.27 Mbit/s
Upload: 18.71 Mbit/s
Fri Nov 27 23:45:02 CET 2020
Ping: 23.076 ms
Download: 154.76 Mbit/s
Upload: 15.44 Mbit/s
Sat Nov 28 00:45:01 CET 2020
Ping: 24.804 ms
Download: 154.91 Mbit/s
Upload: 19.28 Mbit/s
Sat Nov 28 01:45:01 CET 2020
Ping: 24.473 ms
Download: 126.42 Mbit/s
Upload: 19.66 Mbit/s
Sat Nov 28 02:45:01 CET 2020
Ping: 23.552 ms
Download: 237.44 Mbit/s
Upload: 19.84 Mbit/s
Sat Nov 28 03:45:01 CET 2020
Ping: 23.978 ms
Download: 231.03 Mbit/s
Upload: 19.50 Mbit/s
Sat Nov 28 04:45:01 CET 2020
Ping: 27.129 ms
Download: 274.38 Mbit/s
Upload: 18.41 Mbit/s
Sat Nov 28 05:45:01 CET 2020
Ping: 32.895 ms
Download: 183.21 Mbit/s
Upload: 19.36 Mbit/s
Sat Nov 28 06:45:01 CET 2020
Ping: 35.005 ms
Download: 123.69 Mbit/s
Upload: 18.48 Mbit/s
Sat Nov 28 07:45:01 CET 2020
Ping: 23.343 ms
Download: 218.71 Mbit/s
Upload: 19.61 Mbit/s
Sat Nov 28 08:45:01 CET 2020
Ping: 23.494 ms
Download: 130.31 Mbit/s
Upload: 19.65 Mbit/s
Sat Nov 28 09:45:01 CET 2020
Ping: 26.187 ms
Download: 236.94 Mbit/s
Upload: 19.64 Mbit/s
Sat Nov 28 10:45:01 CET 2020
Ping: 24.175 ms
Download: 125.55 Mbit/s
Upload: 19.73 Mbit/s
Sat Nov 28 11:45:02 CET 2020
Ping: 20.578 ms
Download: 372.05 Mbit/s
Upload: 19.63 Mbit/s
Sat Nov 28 12:45:01 CET 2020
Ping: 22.691 ms
Download: 110.51 Mbit/s
Upload: 19.27 Mbit/s
Sat Nov 28 13:45:01 CET 2020
Ping: 25.418 ms
Download: 321.30 Mbit/s
Upload: 19.05 Mbit/s
Sat Nov 28 14:45:01 CET 2020
Ping: 24.493 ms
Download: 194.56 Mbit/s
Upload: 19.87 Mbit/s
Sat Nov 28 15:45:01 CET 2020
Ping: 30.918 ms
Download: 218.00 Mbit/s
Upload: 19.79 Mbit/s
Sat Nov 28 16:45:01 CET 2020
Ping: 31.624 ms
Download: 219.01 Mbit/s
Upload: 19.42 Mbit/s
Sat Nov 28 17:45:01 CET 2020
Ping: 30.308 ms
Download: 249.41 Mbit/s
Upload: 19.46 Mbit/s
Sat Nov 28 18:45:02 CET 2020
Ping: 22.953 ms
Download: 121.97 Mbit/s
Upload: 17.73 Mbit/s
Sat Nov 28 19:45:01 CET 2020
Ping: 35.405 ms
Download: 243.38 Mbit/s
Upload: 18.39 Mbit/s
Sat Nov 28 20:45:01 CET 2020
Ping: 36.028 ms
Download: 216.67 Mbit/s
Upload: 17.16 Mbit/s
Sat Nov 28 21:45:01 CET 2020
Ping: 35.037 ms
Download: 268.27 Mbit/s
Upload: 17.09 Mbit/s
Sat Nov 28 22:45:01 CET 2020
Ping: 36.793 ms
Download: 171.12 Mbit/s
Upload: 19.03 Mbit/s
Sat Nov 28 23:45:01 CET 2020
Ping: 34.181 ms
Download: 129.12 Mbit/s
Upload: 18.66 Mbit/s
Sun Nov 29 00:45:01 CET 2020
Ping: 30.741 ms
Download: 198.57 Mbit/s
Upload: 19.53 Mbit/s
Sun Nov 29 01:45:01 CET 2020
Ping: 23.418 ms
Download: 161.92 Mbit/s
Upload: 18.86 Mbit/s
Sun Nov 29 02:45:01 CET 2020
Ping: 25.796 ms
Download: 270.55 Mbit/s
Upload: 19.68 Mbit/s
Sun Nov 29 03:45:01 CET 2020
Ping: 23.31 ms
Download: 166.62 Mbit/s
Upload: 19.68 Mbit/s
Sun Nov 29 04:45:01 CET 2020
Ping: 26.524 ms
Download: 288.45 Mbit/s
Upload: 19.52 Mbit/s
Sun Nov 29 05:45:01 CET 2020
Ping: 33.012 ms
Download: 177.62 Mbit/s
Upload: 18.88 Mbit/s
Sun Nov 29 06:45:01 CET 2020
Ping: 22.501 ms
Download: 171.27 Mbit/s
Upload: 19.35 Mbit/s
Sun Nov 29 07:45:01 CET 2020
Ping: 23.845 ms
Download: 145.98 Mbit/s
Upload: 19.16 Mbit/s
Sun Nov 29 08:45:01 CET 2020
Ping: 24.682 ms
Download: 356.04 Mbit/s
Upload: 19.31 Mbit/s
Sun Nov 29 09:45:01 CET 2020
Ping: 31.877 ms
Download: 235.10 Mbit/s
Upload: 18.30 Mbit/s
Sun Nov 29 10:45:01 CET 2020
Ping: 24.725 ms
Download: 270.04 Mbit/s
Upload: 19.67 Mbit/s
Sun Nov 29 11:45:01 CET 2020
Ping: 26.011 ms
Download: 247.14 Mbit/s
Upload: 19.17 Mbit/s
Sun Nov 29 12:45:01 CET 2020
Ping: 25.232 ms
Download: 226.61 Mbit/s
Upload: 19.59 Mbit/s
Sun Nov 29 13:45:01 CET 2020
Ping: 22.992 ms
Download: 133.98 Mbit/s
Upload: 18.34 Mbit/s
Sun Nov 29 14:45:01 CET 2020
Ping: 24.904 ms
Download: 149.01 Mbit/s
Upload: 19.16 Mbit/s
Sun Nov 29 15:45:01 CET 2020
Ping: 25.189 ms
Download: 292.81 Mbit/s
Upload: 19.55 Mbit/s
Sun Nov 29 16:45:01 CET 2020
Ping: 27.998 ms
Download: 266.89 Mbit/s
Upload: 19.46 Mbit/s
Sun Nov 29 17:45:01 CET 2020
Ping: 27.668 ms
Download: 222.57 Mbit/s
Upload: 18.71 Mbit/s
Sun Nov 29 18:45:02 CET 2020
Ping: 26.38 ms
Download: 215.91 Mbit/s
Upload: 18.70 Mbit/s
Sun Nov 29 19:45:01 CET 2020
Ping: 27.24 ms
Download: 275.48 Mbit/s
Upload: 18.44 Mbit/s
Sun Nov 29 20:45:01 CET 2020
Ping: 29.489 ms
Download: 200.91 Mbit/s
Upload: 18.86 Mbit/s
Sun Nov 29 21:45:02 CET 2020
Ping: 26.308 ms
Download: 236.63 Mbit/s
Upload: 18.67 Mbit/s
Sun Nov 29 22:45:01 CET 2020
Ping: 23.324 ms
Download: 153.89 Mbit/s
Upload: 19.35 Mbit/s
Sun Nov 29 23:45:01 CET 2020
Ping: 23.123 ms
Download: 146.44 Mbit/s
Upload: 19.32 Mbit/s
Mon Nov 30 00:45:01 CET 2020
Ping: 22.715 ms
Download: 127.38 Mbit/s
Upload: 19.17 Mbit/s
Mon Nov 30 01:45:01 CET 2020
Ping: 30.059 ms
Download: 179.20 Mbit/s
Upload: 18.90 Mbit/s
Mon Nov 30 02:45:01 CET 2020
Ping: 31.364 ms
Download: 233.75 Mbit/s
Upload: 19.24 Mbit/s
Mon Nov 30 03:45:01 CET 2020
Ping: 24.819 ms
Download: 127.00 Mbit/s
Upload: 19.84 Mbit/s
Mon Nov 30 04:45:01 CET 2020
Ping: 25.345 ms
Download: 190.27 Mbit/s
Upload: 19.63 Mbit/s
Mon Nov 30 05:45:01 CET 2020
Ping: 22.983 ms
Download: 140.94 Mbit/s
Upload: 19.68 Mbit/s
Mon Nov 30 06:45:01 CET 2020
Ping: 31.352 ms
Download: 274.73 Mbit/s
Upload: 19.26 Mbit/s
Mon Nov 30 07:45:01 CET 2020
Ping: 24.853 ms
Download: 230.69 Mbit/s
Upload: 19.61 Mbit/s
Mon Nov 30 08:45:02 CET 2020
Ping: 21.413 ms
Download: 162.42 Mbit/s
Upload: 19.59 Mbit/s
Mon Nov 30 09:45:01 CET 2020
Ping: 24.643 ms
Download: 237.37 Mbit/s
Upload: 19.41 Mbit/s
Mon Nov 30 10:45:01 CET 2020
Ping: 24.894 ms
Download: 248.13 Mbit/s
Upload: 19.73 Mbit/s
Mon Nov 30 11:45:01 CET 2020
Ping: 26.185 ms
Download: 202.45 Mbit/s
Upload: 18.81 Mbit/s
Mon Nov 30 12:45:02 CET 2020
Ping: 24.456 ms
Download: 135.90 Mbit/s
Upload: 19.62 Mbit/s
Mon Nov 30 13:45:01 CET 2020
Ping: 25.961 ms
Download: 215.22 Mbit/s
Upload: 18.84 Mbit/s
Mon Nov 30 14:45:01 CET 2020
Ping: 24.715 ms
Download: 232.00 Mbit/s
Upload: 19.14 Mbit/s
Mon Nov 30 15:45:01 CET 2020
Ping: 24.009 ms
Download: 271.65 Mbit/s
Upload: 19.43 Mbit/s
Mon Nov 30 16:45:01 CET 2020
Ping: 27.497 ms
Download: 236.88 Mbit/s
Upload: 19.66 Mbit/s
Mon Nov 30 17:45:02 CET 2020
Ping: 28.188 ms
Download: 167.41 Mbit/s
Upload: 19.47 Mbit/s
Mon Nov 30 18:45:01 CET 2020
Ping: 23.36 ms
Download: 133.80 Mbit/s
Upload: 19.24 Mbit/s
Mon Nov 30 19:45:01 CET 2020
Ping: 23.143 ms
Download: 147.96 Mbit/s
Upload: 18.51 Mbit/s
Mon Nov 30 20:45:01 CET 2020
Ping: 28.723 ms
Download: 249.39 Mbit/s
Upload: 19.30 Mbit/s
Mon Nov 30 21:45:01 CET 2020
Ping: 24.361 ms
Download: 210.97 Mbit/s
Upload: 19.82 Mbit/s
Mon Nov 30 22:45:01 CET 2020
Ping: 24.97 ms
Download: 254.59 Mbit/s
Upload: 19.62 Mbit/s
Mon Nov 30 23:45:01 CET 2020
Ping: 31.152 ms
Download: 266.43 Mbit/s
Upload: 19.37 Mbit/s
