Tue Sep  1 00:45:02 CEST 2020
Ping: 23.9 ms
Download: 253.17 Mbit/s
Upload: 19.76 Mbit/s
Tue Sep  1 01:45:02 CEST 2020
Ping: 21.237 ms
Download: 250.71 Mbit/s
Upload: 19.65 Mbit/s
Tue Sep  1 02:45:01 CEST 2020
Ping: 21.194 ms
Download: 239.94 Mbit/s
Upload: 19.84 Mbit/s
Tue Sep  1 03:45:01 CEST 2020
Ping: 23.266 ms
Download: 277.25 Mbit/s
Upload: 19.39 Mbit/s
Tue Sep  1 04:45:01 CEST 2020
Ping: 20.544 ms
Download: 245.58 Mbit/s
Upload: 19.83 Mbit/s
Tue Sep  1 05:45:01 CEST 2020
Ping: 21.856 ms
Download: 234.91 Mbit/s
Upload: 19.61 Mbit/s
Tue Sep  1 06:45:01 CEST 2020
Ping: 23.95 ms
Download: 250.96 Mbit/s
Upload: 19.60 Mbit/s
Tue Sep  1 07:45:01 CEST 2020
Ping: 20.656 ms
Download: 249.14 Mbit/s
Upload: 19.61 Mbit/s
Tue Sep  1 08:45:01 CEST 2020
Ping: 20.077 ms
Download: 225.65 Mbit/s
Upload: 19.82 Mbit/s
Tue Sep  1 09:45:01 CEST 2020
Ping: 22.254 ms
Download: 251.86 Mbit/s
Upload: 19.19 Mbit/s
Tue Sep  1 10:45:01 CEST 2020
Ping: 24.393 ms
Download: 274.62 Mbit/s
Upload: 19.71 Mbit/s
Tue Sep  1 11:45:01 CEST 2020
Ping: 24.127 ms
Download: 266.57 Mbit/s
Upload: 19.34 Mbit/s
Tue Sep  1 12:45:01 CEST 2020
Ping: 23.126 ms
Download: 334.84 Mbit/s
Upload: 19.68 Mbit/s
Tue Sep  1 13:45:01 CEST 2020
Ping: 22.404 ms
Download: 274.40 Mbit/s
Upload: 19.34 Mbit/s
Tue Sep  1 14:45:02 CEST 2020
Ping: 23.709 ms
Download: 219.99 Mbit/s
Upload: 19.23 Mbit/s
Tue Sep  1 15:45:01 CEST 2020
Ping: 23.007 ms
Download: 275.14 Mbit/s
Upload: 18.98 Mbit/s
Tue Sep  1 16:45:02 CEST 2020
Ping: 20.745 ms
Download: 237.37 Mbit/s
Upload: 19.16 Mbit/s
Tue Sep  1 17:45:01 CEST 2020
Ping: 23.526 ms
Download: 267.41 Mbit/s
Upload: 19.60 Mbit/s
Tue Sep  1 18:45:01 CEST 2020
Ping: 24.359 ms
Download: 223.96 Mbit/s
Upload: 18.98 Mbit/s
Tue Sep  1 19:45:01 CEST 2020
Ping: 21.85 ms
Download: 247.25 Mbit/s
Upload: 19.57 Mbit/s
Tue Sep  1 20:45:01 CEST 2020
Ping: 23.723 ms
Download: 200.40 Mbit/s
Upload: 19.67 Mbit/s
Tue Sep  1 21:45:01 CEST 2020
Ping: 24.326 ms
Download: 311.20 Mbit/s
Upload: 19.29 Mbit/s
Tue Sep  1 22:45:01 CEST 2020
Ping: 23.165 ms
Download: 272.68 Mbit/s
Upload: 19.57 Mbit/s
Tue Sep  1 23:45:01 CEST 2020
Ping: 22.818 ms
Download: 259.91 Mbit/s
Upload: 19.58 Mbit/s
Wed Sep  2 00:45:01 CEST 2020
Ping: 24.085 ms
Download: 238.80 Mbit/s
Upload: 19.72 Mbit/s
Wed Sep  2 01:45:01 CEST 2020
Ping: 21.164 ms
Download: 206.14 Mbit/s
Upload: 19.85 Mbit/s
Wed Sep  2 02:45:01 CEST 2020
Ping: 21.816 ms
Download: 236.32 Mbit/s
Upload: 19.49 Mbit/s
Wed Sep  2 03:45:01 CEST 2020
Ping: 25.006 ms
Download: 230.02 Mbit/s
Upload: 19.63 Mbit/s
Wed Sep  2 04:45:01 CEST 2020
Ping: 20.091 ms
Download: 267.82 Mbit/s
Upload: 19.43 Mbit/s
Wed Sep  2 05:45:01 CEST 2020
Ping: 22.827 ms
Download: 249.54 Mbit/s
Upload: 19.75 Mbit/s
Wed Sep  2 06:45:01 CEST 2020
Ping: 24.682 ms
Download: 267.17 Mbit/s
Upload: 19.26 Mbit/s
Wed Sep  2 07:45:01 CEST 2020
Ping: 21.579 ms
Download: 255.06 Mbit/s
Upload: 19.43 Mbit/s
Wed Sep  2 08:45:01 CEST 2020
Ping: 21.245 ms
Download: 243.66 Mbit/s
Upload: 19.45 Mbit/s
Wed Sep  2 09:45:01 CEST 2020
Ping: 23.067 ms
Download: 301.68 Mbit/s
Upload: 19.62 Mbit/s
Wed Sep  2 10:45:01 CEST 2020
Ping: 23.447 ms
Download: 231.97 Mbit/s
Upload: 19.47 Mbit/s
Wed Sep  2 11:45:01 CEST 2020
Ping: 23.265 ms
Download: 261.52 Mbit/s
Upload: 19.65 Mbit/s
Wed Sep  2 12:45:01 CEST 2020
Ping: 21.506 ms
Download: 202.64 Mbit/s
Upload: 19.43 Mbit/s
Wed Sep  2 13:45:01 CEST 2020
Ping: 22.274 ms
Download: 281.83 Mbit/s
Upload: 19.28 Mbit/s
Wed Sep  2 14:45:01 CEST 2020
Ping: 22.204 ms
Download: 329.94 Mbit/s
Upload: 19.30 Mbit/s
Wed Sep  2 15:45:01 CEST 2020
Ping: 24.666 ms
Download: 230.26 Mbit/s
Upload: 19.55 Mbit/s
Wed Sep  2 16:45:01 CEST 2020
Ping: 21.088 ms
Download: 196.47 Mbit/s
Upload: 19.87 Mbit/s
Wed Sep  2 17:45:01 CEST 2020
Ping: 21.91 ms
Download: 231.48 Mbit/s
Upload: 19.38 Mbit/s
Wed Sep  2 18:45:01 CEST 2020
Ping: 24.712 ms
Download: 268.17 Mbit/s
Upload: 19.56 Mbit/s
Wed Sep  2 19:45:01 CEST 2020
Ping: 19.892 ms
Download: 249.05 Mbit/s
Upload: 19.03 Mbit/s
Wed Sep  2 20:45:01 CEST 2020
Ping: 23.68 ms
Download: 269.97 Mbit/s
Upload: 19.59 Mbit/s
Wed Sep  2 21:45:01 CEST 2020
Ping: 23.3 ms
Download: 284.33 Mbit/s
Upload: 19.73 Mbit/s
Wed Sep  2 22:45:01 CEST 2020
Ping: 24.292 ms
Download: 360.46 Mbit/s
Upload: 19.76 Mbit/s
Wed Sep  2 23:45:01 CEST 2020
Ping: 21.223 ms
Download: 252.74 Mbit/s
Upload: 19.73 Mbit/s
Thu Sep  3 00:45:01 CEST 2020
Ping: 20.217 ms
Download: 234.84 Mbit/s
Upload: 19.59 Mbit/s
Thu Sep  3 01:45:02 CEST 2020
Ping: 22.318 ms
Download: 260.72 Mbit/s
Upload: 19.49 Mbit/s
Thu Sep  3 02:45:01 CEST 2020
Ping: 21.067 ms
Download: 220.56 Mbit/s
Upload: 19.82 Mbit/s
Thu Sep  3 03:45:01 CEST 2020
Ping: 23.572 ms
Download: 242.49 Mbit/s
Upload: 19.79 Mbit/s
Thu Sep  3 04:45:01 CEST 2020
Ping: 23.063 ms
Download: 208.58 Mbit/s
Upload: 19.35 Mbit/s
Thu Sep  3 05:45:01 CEST 2020
Ping: 21.504 ms
Download: 261.55 Mbit/s
Upload: 19.06 Mbit/s
Thu Sep  3 06:45:01 CEST 2020
Ping: 21.362 ms
Download: 229.89 Mbit/s
Upload: 19.67 Mbit/s
Thu Sep  3 07:45:01 CEST 2020
Ping: 23.847 ms
Download: 242.97 Mbit/s
Upload: 19.57 Mbit/s
Thu Sep  3 08:45:02 CEST 2020
Ping: 19.318 ms
Download: 257.33 Mbit/s
Upload: 19.66 Mbit/s
Thu Sep  3 09:45:01 CEST 2020
Ping: 22.349 ms
Download: 161.27 Mbit/s
Upload: 19.28 Mbit/s
Thu Sep  3 10:45:01 CEST 2020
Ping: 22.686 ms
Download: 222.93 Mbit/s
Upload: 19.54 Mbit/s
Thu Sep  3 11:45:01 CEST 2020
Ping: 20.777 ms
Download: 236.33 Mbit/s
Upload: 19.53 Mbit/s
Thu Sep  3 12:45:01 CEST 2020
Ping: 24.362 ms
Download: 252.68 Mbit/s
Upload: 19.59 Mbit/s
Thu Sep  3 13:45:02 CEST 2020
Ping: 23.259 ms
Download: 195.99 Mbit/s
Upload: 19.57 Mbit/s
Thu Sep  3 14:45:01 CEST 2020
Ping: 22.665 ms
Download: 224.12 Mbit/s
Upload: 19.78 Mbit/s
Thu Sep  3 15:45:01 CEST 2020
Ping: 20.559 ms
Download: 222.91 Mbit/s
Upload: 19.76 Mbit/s
Thu Sep  3 16:45:01 CEST 2020
Ping: 23.694 ms
Download: 257.10 Mbit/s
Upload: 19.24 Mbit/s
Thu Sep  3 17:45:01 CEST 2020
Ping: 20.953 ms
Download: 334.21 Mbit/s
Upload: 19.46 Mbit/s
Thu Sep  3 18:45:01 CEST 2020
Ping: 20.394 ms
Download: 275.65 Mbit/s
Upload: 19.45 Mbit/s
Thu Sep  3 19:45:01 CEST 2020
Ping: 24.116 ms
Download: 313.91 Mbit/s
Upload: 19.25 Mbit/s
Thu Sep  3 20:45:01 CEST 2020
Ping: 23.997 ms
Download: 236.52 Mbit/s
Upload: 19.84 Mbit/s
Thu Sep  3 21:45:01 CEST 2020
Ping: 22.313 ms
Download: 282.57 Mbit/s
Upload: 19.55 Mbit/s
Thu Sep  3 22:45:01 CEST 2020
Ping: 26.304 ms
Download: 249.49 Mbit/s
Upload: 19.87 Mbit/s
Thu Sep  3 23:45:01 CEST 2020
Ping: 21.843 ms
Download: 230.20 Mbit/s
Upload: 19.61 Mbit/s
Fri Sep  4 00:45:01 CEST 2020
Ping: 22.43 ms
Download: 271.75 Mbit/s
Upload: 18.96 Mbit/s
Fri Sep  4 01:45:01 CEST 2020
Ping: 22.551 ms
Download: 257.36 Mbit/s
Upload: 19.56 Mbit/s
Fri Sep  4 02:45:01 CEST 2020
Ping: 21.688 ms
Download: 243.72 Mbit/s
Upload: 19.02 Mbit/s
Fri Sep  4 03:45:01 CEST 2020
Ping: 25.482 ms
Download: 271.80 Mbit/s
Upload: 19.60 Mbit/s
Fri Sep  4 04:45:01 CEST 2020
Ping: 22.335 ms
Download: 333.53 Mbit/s
Upload: 19.72 Mbit/s
Fri Sep  4 05:45:01 CEST 2020
Ping: 24.344 ms
Download: 225.96 Mbit/s
Upload: 19.48 Mbit/s
Fri Sep  4 06:45:01 CEST 2020
Ping: 22.552 ms
Download: 200.60 Mbit/s
Upload: 19.77 Mbit/s
Fri Sep  4 07:45:01 CEST 2020
Ping: 24.313 ms
Download: 268.68 Mbit/s
Upload: 19.87 Mbit/s
Fri Sep  4 08:45:01 CEST 2020
Ping: 20.855 ms
Download: 255.72 Mbit/s
Upload: 19.74 Mbit/s
Fri Sep  4 09:45:01 CEST 2020
Ping: 21.319 ms
Download: 299.15 Mbit/s
Upload: 19.66 Mbit/s
Fri Sep  4 10:45:01 CEST 2020
Ping: 22.499 ms
Download: 303.97 Mbit/s
Upload: 19.45 Mbit/s
Fri Sep  4 11:45:01 CEST 2020
Ping: 22.249 ms
Download: 303.64 Mbit/s
Upload: 19.83 Mbit/s
Fri Sep  4 12:45:01 CEST 2020
Ping: 19.898 ms
Download: 266.86 Mbit/s
Upload: 19.63 Mbit/s
Fri Sep  4 13:45:01 CEST 2020
Ping: 24.728 ms
Download: 287.20 Mbit/s
Upload: 19.37 Mbit/s
Fri Sep  4 14:45:01 CEST 2020
Ping: 22.409 ms
Download: 263.67 Mbit/s
Upload: 19.88 Mbit/s
Fri Sep  4 15:45:01 CEST 2020
Ping: 22.509 ms
Download: 292.36 Mbit/s
Upload: 19.87 Mbit/s
Fri Sep  4 16:45:01 CEST 2020
Ping: 23.245 ms
Download: 254.69 Mbit/s
Upload: 19.47 Mbit/s
Fri Sep  4 17:45:01 CEST 2020
Ping: 23.072 ms
Download: 287.91 Mbit/s
Upload: 19.52 Mbit/s
Fri Sep  4 18:45:01 CEST 2020
Ping: 26.057 ms
Download: 287.20 Mbit/s
Upload: 19.54 Mbit/s
Fri Sep  4 19:45:02 CEST 2020
Ping: 19.585 ms
Download: 263.15 Mbit/s
Upload: 19.31 Mbit/s
Fri Sep  4 20:45:01 CEST 2020
Ping: 23.55 ms
Download: 226.08 Mbit/s
Upload: 19.81 Mbit/s
Fri Sep  4 21:45:01 CEST 2020
Ping: 23.153 ms
Download: 306.11 Mbit/s
Upload: 19.47 Mbit/s
Fri Sep  4 22:45:02 CEST 2020
Ping: 24.346 ms
Download: 233.49 Mbit/s
Upload: 19.73 Mbit/s
Fri Sep  4 23:45:01 CEST 2020
Ping: 22.859 ms
Download: 253.50 Mbit/s
Upload: 19.67 Mbit/s
Sat Sep  5 00:45:01 CEST 2020
Ping: 21.334 ms
Download: 290.31 Mbit/s
Upload: 19.53 Mbit/s
Sat Sep  5 01:45:01 CEST 2020
Ping: 23.015 ms
Download: 237.48 Mbit/s
Upload: 19.46 Mbit/s
Sat Sep  5 02:45:01 CEST 2020
Ping: 19.88 ms
Download: 237.29 Mbit/s
Upload: 18.74 Mbit/s
Sat Sep  5 03:45:01 CEST 2020
Ping: 19.569 ms
Download: 207.72 Mbit/s
Upload: 19.65 Mbit/s
Sat Sep  5 04:45:01 CEST 2020
Ping: 22.751 ms
Download: 223.74 Mbit/s
Upload: 18.92 Mbit/s
Sat Sep  5 05:45:01 CEST 2020
Ping: 22.587 ms
Download: 288.25 Mbit/s
Upload: 19.84 Mbit/s
Sat Sep  5 06:45:01 CEST 2020
Ping: 23.536 ms
Download: 229.83 Mbit/s
Upload: 19.48 Mbit/s
Sat Sep  5 07:45:01 CEST 2020
Ping: 24.502 ms
Download: 320.65 Mbit/s
Upload: 19.47 Mbit/s
Sat Sep  5 08:45:01 CEST 2020
Ping: 22.571 ms
Download: 267.53 Mbit/s
Upload: 19.44 Mbit/s
Sat Sep  5 09:45:01 CEST 2020
Ping: 24.005 ms
Download: 228.63 Mbit/s
Upload: 19.37 Mbit/s
Sat Sep  5 10:45:01 CEST 2020
Ping: 24.152 ms
Download: 265.08 Mbit/s
Upload: 19.70 Mbit/s
Sat Sep  5 11:45:01 CEST 2020
Ping: 20.744 ms
Download: 293.78 Mbit/s
Upload: 19.79 Mbit/s
Sat Sep  5 12:45:01 CEST 2020
Ping: 22.357 ms
Download: 242.44 Mbit/s
Upload: 19.11 Mbit/s
Sat Sep  5 13:45:02 CEST 2020
Ping: 23.092 ms
Download: 224.92 Mbit/s
Upload: 19.84 Mbit/s
Sat Sep  5 14:45:01 CEST 2020
Ping: 21.711 ms
Download: 251.93 Mbit/s
Upload: 19.72 Mbit/s
Sat Sep  5 15:45:01 CEST 2020
Ping: 20.751 ms
Download: 258.91 Mbit/s
Upload: 19.62 Mbit/s
Sat Sep  5 16:45:01 CEST 2020
Ping: 24.768 ms
Download: 362.47 Mbit/s
Upload: 19.19 Mbit/s
Sat Sep  5 17:45:01 CEST 2020
Ping: 23.245 ms
Download: 270.11 Mbit/s
Upload: 19.47 Mbit/s
Sat Sep  5 18:45:01 CEST 2020
Ping: 24.161 ms
Download: 273.08 Mbit/s
Upload: 19.70 Mbit/s
Sat Sep  5 19:45:01 CEST 2020
Ping: 23.382 ms
Download: 252.57 Mbit/s
Upload: 19.59 Mbit/s
Sat Sep  5 20:45:01 CEST 2020
Ping: 20.399 ms
Download: 256.86 Mbit/s
Upload: 19.29 Mbit/s
Sat Sep  5 21:45:01 CEST 2020
Ping: 21.773 ms
Download: 280.40 Mbit/s
Upload: 19.35 Mbit/s
Sat Sep  5 22:45:01 CEST 2020
Ping: 22.848 ms
Download: 248.33 Mbit/s
Upload: 19.47 Mbit/s
Sat Sep  5 23:45:01 CEST 2020
Ping: 25.149 ms
Download: 298.94 Mbit/s
Upload: 19.62 Mbit/s
Sun Sep  6 00:45:01 CEST 2020
Ping: 19.918 ms
Download: 237.05 Mbit/s
Upload: 19.84 Mbit/s
Sun Sep  6 01:45:01 CEST 2020
Ping: 25.154 ms
Download: 319.69 Mbit/s
Upload: 19.04 Mbit/s
Sun Sep  6 02:45:02 CEST 2020
Ping: 20.06 ms
Download: 206.34 Mbit/s
Upload: 19.91 Mbit/s
Sun Sep  6 03:45:02 CEST 2020
Ping: 20.572 ms
Download: 227.19 Mbit/s
Upload: 19.62 Mbit/s
Sun Sep  6 04:45:02 CEST 2020
Ping: 23.432 ms
Download: 339.53 Mbit/s
Upload: 19.57 Mbit/s
Sun Sep  6 05:45:01 CEST 2020
Ping: 23.721 ms
Download: 291.76 Mbit/s
Upload: 19.51 Mbit/s
Sun Sep  6 06:45:01 CEST 2020
Ping: 22.574 ms
Download: 262.31 Mbit/s
Upload: 19.30 Mbit/s
Sun Sep  6 07:45:01 CEST 2020
Ping: 20.206 ms
Download: 238.24 Mbit/s
Upload: 19.24 Mbit/s
Sun Sep  6 08:45:01 CEST 2020
Ping: 23.07 ms
Download: 351.05 Mbit/s
Upload: 19.26 Mbit/s
Sun Sep  6 09:45:01 CEST 2020
Ping: 24.393 ms
Download: 227.95 Mbit/s
Upload: 18.82 Mbit/s
Sun Sep  6 10:45:01 CEST 2020
Ping: 22.883 ms
Download: 249.86 Mbit/s
Upload: 17.29 Mbit/s
Sun Sep  6 11:45:01 CEST 2020
Ping: 23.367 ms
Download: 273.98 Mbit/s
Upload: 19.45 Mbit/s
Sun Sep  6 12:45:01 CEST 2020
Ping: 23.091 ms
Download: 244.65 Mbit/s
Upload: 19.73 Mbit/s
Sun Sep  6 13:45:01 CEST 2020
Ping: 23.146 ms
Download: 291.96 Mbit/s
Upload: 19.71 Mbit/s
Sun Sep  6 14:45:01 CEST 2020
Ping: 21.27 ms
Download: 224.33 Mbit/s
Upload: 19.66 Mbit/s
Sun Sep  6 15:45:01 CEST 2020
Ping: 20.689 ms
Download: 269.39 Mbit/s
Upload: 19.76 Mbit/s
Sun Sep  6 16:45:01 CEST 2020
Ping: 22.747 ms
Download: 292.02 Mbit/s
Upload: 19.17 Mbit/s
Sun Sep  6 17:45:01 CEST 2020
Ping: 23.693 ms
Download: 227.92 Mbit/s
Upload: 19.52 Mbit/s
Sun Sep  6 18:45:01 CEST 2020
Ping: 21.481 ms
Download: 210.44 Mbit/s
Upload: 19.53 Mbit/s
Sun Sep  6 19:45:01 CEST 2020
Ping: 22.045 ms
Download: 274.98 Mbit/s
Upload: 19.84 Mbit/s
Sun Sep  6 20:45:01 CEST 2020
Ping: 26.424 ms
Download: 268.06 Mbit/s
Upload: 19.71 Mbit/s
Sun Sep  6 21:45:01 CEST 2020
Ping: 23.373 ms
Download: 209.22 Mbit/s
Upload: 19.10 Mbit/s
Sun Sep  6 22:45:01 CEST 2020
Ping: 21.714 ms
Download: 210.00 Mbit/s
Upload: 18.87 Mbit/s
Sun Sep  6 23:45:01 CEST 2020
Ping: 25.177 ms
Download: 247.17 Mbit/s
Upload: 19.10 Mbit/s
Mon Sep  7 00:45:01 CEST 2020
Ping: 20.92 ms
Download: 257.08 Mbit/s
Upload: 19.73 Mbit/s
Mon Sep  7 01:45:01 CEST 2020
Ping: 20.919 ms
Download: 271.47 Mbit/s
Upload: 19.34 Mbit/s
Mon Sep  7 02:45:01 CEST 2020
Ping: 23.824 ms
Download: 279.83 Mbit/s
Upload: 19.63 Mbit/s
Mon Sep  7 03:45:01 CEST 2020
Ping: 21.854 ms
Download: 252.26 Mbit/s
Upload: 19.54 Mbit/s
Mon Sep  7 04:45:01 CEST 2020
Ping: 22.146 ms
Download: 240.86 Mbit/s
Upload: 19.65 Mbit/s
Mon Sep  7 05:45:01 CEST 2020
Ping: 24.047 ms
Download: 300.13 Mbit/s
Upload: 19.44 Mbit/s
Mon Sep  7 06:45:01 CEST 2020
Ping: 23.791 ms
Download: 300.77 Mbit/s
Upload: 18.74 Mbit/s
Mon Sep  7 07:45:01 CEST 2020
Ping: 22.686 ms
Download: 232.43 Mbit/s
Upload: 19.07 Mbit/s
Mon Sep  7 08:45:01 CEST 2020
Ping: 23.075 ms
Download: 194.59 Mbit/s
Upload: 19.53 Mbit/s
Mon Sep  7 09:45:01 CEST 2020
Ping: 20.744 ms
Download: 200.77 Mbit/s
Upload: 19.30 Mbit/s
Mon Sep  7 10:45:01 CEST 2020
Ping: 21.212 ms
Download: 265.66 Mbit/s
Upload: 19.57 Mbit/s
Mon Sep  7 11:45:01 CEST 2020
Ping: 24.389 ms
Download: 238.94 Mbit/s
Upload: 19.65 Mbit/s
Mon Sep  7 12:45:01 CEST 2020
Ping: 23.246 ms
Download: 222.69 Mbit/s
Upload: 19.82 Mbit/s
Mon Sep  7 13:45:01 CEST 2020
Ping: 22.037 ms
Download: 268.55 Mbit/s
Upload: 18.86 Mbit/s
Mon Sep  7 14:45:01 CEST 2020
Ping: 20.656 ms
Download: 223.21 Mbit/s
Upload: 19.46 Mbit/s
Mon Sep  7 15:45:01 CEST 2020
Ping: 25.001 ms
Download: 222.20 Mbit/s
Upload: 18.86 Mbit/s
Mon Sep  7 16:45:01 CEST 2020
Ping: 22.843 ms
Download: 251.67 Mbit/s
Upload: 19.33 Mbit/s
Mon Sep  7 17:45:01 CEST 2020
Ping: 23.242 ms
Download: 272.91 Mbit/s
Upload: 19.05 Mbit/s
Mon Sep  7 18:45:01 CEST 2020
Ping: 24.681 ms
Download: 278.35 Mbit/s
Upload: 19.12 Mbit/s
Mon Sep  7 19:45:01 CEST 2020
Ping: 22.727 ms
Download: 267.90 Mbit/s
Upload: 19.56 Mbit/s
Mon Sep  7 20:45:01 CEST 2020
Ping: 24.033 ms
Download: 225.98 Mbit/s
Upload: 19.61 Mbit/s
Mon Sep  7 21:45:01 CEST 2020
Ping: 24.329 ms
Download: 319.61 Mbit/s
Upload: 19.29 Mbit/s
Mon Sep  7 22:45:01 CEST 2020
Ping: 21.54 ms
Download: 221.63 Mbit/s
Upload: 19.59 Mbit/s
Mon Sep  7 23:45:01 CEST 2020
Ping: 24.534 ms
Download: 245.14 Mbit/s
Upload: 19.72 Mbit/s
Tue Sep  8 00:45:01 CEST 2020
Ping: 22.393 ms
Download: 275.71 Mbit/s
Upload: 19.26 Mbit/s
Tue Sep  8 01:45:02 CEST 2020
Ping: 20.573 ms
Download: 256.93 Mbit/s
Upload: 19.67 Mbit/s
Tue Sep  8 02:45:01 CEST 2020
Ping: 22.25 ms
Download: 265.45 Mbit/s
Upload: 19.53 Mbit/s
Tue Sep  8 03:45:01 CEST 2020
Ping: 21.671 ms
Download: 278.03 Mbit/s
Upload: 19.47 Mbit/s
Tue Sep  8 04:45:01 CEST 2020
Ping: 24.019 ms
Download: 263.26 Mbit/s
Upload: 19.09 Mbit/s
Tue Sep  8 05:45:01 CEST 2020
Ping: 23.187 ms
Download: 292.73 Mbit/s
Upload: 19.72 Mbit/s
Tue Sep  8 06:45:01 CEST 2020
Ping: 20.704 ms
Download: 234.80 Mbit/s
Upload: 19.64 Mbit/s
Tue Sep  8 07:45:01 CEST 2020
Ping: 22.069 ms
Download: 248.33 Mbit/s
Upload: 19.42 Mbit/s
Tue Sep  8 08:45:01 CEST 2020
Ping: 24.655 ms
Download: 260.79 Mbit/s
Upload: 18.53 Mbit/s
Tue Sep  8 09:45:01 CEST 2020
Ping: 21.674 ms
Download: 313.02 Mbit/s
Upload: 19.49 Mbit/s
Tue Sep  8 10:45:01 CEST 2020
Ping: 23.997 ms
Download: 219.84 Mbit/s
Upload: 18.98 Mbit/s
Tue Sep  8 11:45:01 CEST 2020
Ping: 23.824 ms
Download: 253.07 Mbit/s
Upload: 18.88 Mbit/s
Tue Sep  8 12:45:01 CEST 2020
Ping: 21.461 ms
Download: 206.43 Mbit/s
Upload: 19.67 Mbit/s
Tue Sep  8 13:45:01 CEST 2020
Ping: 22.335 ms
Download: 256.61 Mbit/s
Upload: 19.26 Mbit/s
Tue Sep  8 14:45:01 CEST 2020
Ping: 24.215 ms
Download: 211.01 Mbit/s
Upload: 18.87 Mbit/s
Tue Sep  8 15:45:01 CEST 2020
Ping: 24.238 ms
Download: 239.88 Mbit/s
Upload: 19.47 Mbit/s
Tue Sep  8 16:45:01 CEST 2020
Ping: 20.545 ms
Download: 263.63 Mbit/s
Upload: 19.25 Mbit/s
Tue Sep  8 17:45:01 CEST 2020
Ping: 21.885 ms
Download: 261.44 Mbit/s
Upload: 19.50 Mbit/s
Tue Sep  8 18:45:01 CEST 2020
Ping: 23.672 ms
Download: 233.19 Mbit/s
Upload: 19.33 Mbit/s
Tue Sep  8 19:45:01 CEST 2020
Ping: 20.886 ms
Download: 241.60 Mbit/s
Upload: 19.63 Mbit/s
Tue Sep  8 20:45:01 CEST 2020
Ping: 26.312 ms
Download: 240.86 Mbit/s
Upload: 19.72 Mbit/s
Tue Sep  8 21:45:01 CEST 2020
Ping: 23.582 ms
Download: 258.73 Mbit/s
Upload: 19.75 Mbit/s
Tue Sep  8 22:45:01 CEST 2020
Ping: 21.769 ms
Download: 261.23 Mbit/s
Upload: 19.26 Mbit/s
Tue Sep  8 23:45:01 CEST 2020
Ping: 20.041 ms
Download: 307.41 Mbit/s
Upload: 19.27 Mbit/s
Wed Sep  9 00:45:01 CEST 2020
Ping: 24.604 ms
Download: 203.97 Mbit/s
Upload: 18.95 Mbit/s
Wed Sep  9 01:45:01 CEST 2020
Ping: 19.412 ms
Download: 234.69 Mbit/s
Upload: 19.79 Mbit/s
Wed Sep  9 02:45:01 CEST 2020
Ping: 20.736 ms
Download: 247.02 Mbit/s
Upload: 19.46 Mbit/s
Wed Sep  9 03:45:01 CEST 2020
Ping: 24.368 ms
Download: 250.03 Mbit/s
Upload: 19.13 Mbit/s
Wed Sep  9 04:45:01 CEST 2020
Ping: 19.743 ms
Download: 322.45 Mbit/s
Upload: 14.09 Mbit/s
Wed Sep  9 05:45:02 CEST 2020
Ping: 23.585 ms
Download: 269.50 Mbit/s
Upload: 19.00 Mbit/s
Wed Sep  9 06:45:01 CEST 2020
Ping: 22.539 ms
Download: 211.74 Mbit/s
Upload: 19.60 Mbit/s
Wed Sep  9 07:45:01 CEST 2020
Ping: 24.634 ms
Download: 245.51 Mbit/s
Upload: 19.13 Mbit/s
Wed Sep  9 08:45:02 CEST 2020
Ping: 22.262 ms
Download: 276.16 Mbit/s
Upload: 18.97 Mbit/s
Wed Sep  9 09:45:01 CEST 2020
Ping: 23.439 ms
Download: 278.85 Mbit/s
Upload: 19.36 Mbit/s
Wed Sep  9 10:45:01 CEST 2020
Ping: 23.995 ms
Download: 228.77 Mbit/s
Upload: 19.26 Mbit/s
Wed Sep  9 11:45:01 CEST 2020
Ping: 22.753 ms
Download: 275.18 Mbit/s
Upload: 19.60 Mbit/s
Wed Sep  9 12:45:01 CEST 2020
Ping: 23.853 ms
Download: 266.11 Mbit/s
Upload: 19.61 Mbit/s
Wed Sep  9 13:45:01 CEST 2020
Ping: 23.189 ms
Download: 211.91 Mbit/s
Upload: 18.95 Mbit/s
Wed Sep  9 14:45:01 CEST 2020
Ping: 20.668 ms
Download: 246.72 Mbit/s
Upload: 19.45 Mbit/s
Wed Sep  9 15:45:01 CEST 2020
Ping: 21.907 ms
Download: 265.07 Mbit/s
Upload: 19.43 Mbit/s
Wed Sep  9 16:45:01 CEST 2020
Ping: 22.433 ms
Download: 199.67 Mbit/s
Upload: 19.49 Mbit/s
Wed Sep  9 17:45:01 CEST 2020
Ping: 23.002 ms
Download: 291.75 Mbit/s
Upload: 19.60 Mbit/s
Wed Sep  9 18:45:01 CEST 2020
Ping: 23.006 ms
Download: 275.11 Mbit/s
Upload: 19.18 Mbit/s
Wed Sep  9 19:45:01 CEST 2020
Ping: 23.73 ms
Download: 240.61 Mbit/s
Upload: 19.12 Mbit/s
Wed Sep  9 20:45:01 CEST 2020
Ping: 21.244 ms
Download: 243.94 Mbit/s
Upload: 19.38 Mbit/s
Wed Sep  9 21:45:01 CEST 2020
Ping: 23.698 ms
Download: 284.87 Mbit/s
Upload: 19.52 Mbit/s
Wed Sep  9 22:45:01 CEST 2020
Ping: 22.471 ms
Download: 283.50 Mbit/s
Upload: 19.78 Mbit/s
Wed Sep  9 23:45:01 CEST 2020
Ping: 19.295 ms
Download: 232.94 Mbit/s
Upload: 19.41 Mbit/s
Thu Sep 10 00:45:01 CEST 2020
Ping: 25.998 ms
Download: 231.24 Mbit/s
Upload: 19.08 Mbit/s
Thu Sep 10 01:45:01 CEST 2020
Ping: 22.574 ms
Download: 213.75 Mbit/s
Upload: 19.28 Mbit/s
Thu Sep 10 02:45:01 CEST 2020
Ping: 22.068 ms
Download: 249.32 Mbit/s
Upload: 19.44 Mbit/s
Thu Sep 10 03:45:01 CEST 2020
Ping: 21.662 ms
Download: 276.65 Mbit/s
Upload: 19.59 Mbit/s
Thu Sep 10 04:45:01 CEST 2020
Ping: 21.495 ms
Download: 248.36 Mbit/s
Upload: 19.54 Mbit/s
Thu Sep 10 05:45:01 CEST 2020
Ping: 22.576 ms
Download: 243.92 Mbit/s
Upload: 19.67 Mbit/s
Thu Sep 10 06:45:01 CEST 2020
Ping: 21.57 ms
Download: 211.26 Mbit/s
Upload: 19.08 Mbit/s
Thu Sep 10 07:45:01 CEST 2020
Ping: 21.32 ms
Download: 267.40 Mbit/s
Upload: 19.28 Mbit/s
Thu Sep 10 08:45:01 CEST 2020
Ping: 23.212 ms
Download: 331.22 Mbit/s
Upload: 19.46 Mbit/s
Thu Sep 10 09:45:02 CEST 2020
Ping: 22.7 ms
Download: 296.57 Mbit/s
Upload: 19.62 Mbit/s
Thu Sep 10 10:45:01 CEST 2020
Ping: 24.325 ms
Download: 258.18 Mbit/s
Upload: 19.52 Mbit/s
Thu Sep 10 11:45:01 CEST 2020
Ping: 25.051 ms
Download: 249.92 Mbit/s
Upload: 19.06 Mbit/s
Thu Sep 10 12:45:01 CEST 2020
Ping: 22.039 ms
Download: 253.27 Mbit/s
Upload: 19.20 Mbit/s
Thu Sep 10 13:45:01 CEST 2020
Ping: 21.825 ms
Download: 282.48 Mbit/s
Upload: 19.73 Mbit/s
Thu Sep 10 14:45:01 CEST 2020
Ping: 23.413 ms
Download: 258.96 Mbit/s
Upload: 19.60 Mbit/s
Thu Sep 10 15:45:01 CEST 2020
Ping: 26.076 ms
Download: 202.93 Mbit/s
Upload: 19.52 Mbit/s
Thu Sep 10 16:45:01 CEST 2020
Ping: 21.842 ms
Download: 291.60 Mbit/s
Upload: 19.17 Mbit/s
Thu Sep 10 17:45:01 CEST 2020
Ping: 24.347 ms
Download: 232.33 Mbit/s
Upload: 19.81 Mbit/s
Thu Sep 10 18:45:01 CEST 2020
Ping: 22.183 ms
Download: 266.37 Mbit/s
Upload: 19.22 Mbit/s
Thu Sep 10 19:45:01 CEST 2020
Ping: 21.56 ms
Download: 279.58 Mbit/s
Upload: 19.05 Mbit/s
Thu Sep 10 20:45:01 CEST 2020
Ping: 23.753 ms
Download: 245.35 Mbit/s
Upload: 19.39 Mbit/s
Thu Sep 10 21:45:01 CEST 2020
Ping: 21.62 ms
Download: 242.67 Mbit/s
Upload: 19.07 Mbit/s
Thu Sep 10 22:45:01 CEST 2020
Ping: 24.584 ms
Download: 227.48 Mbit/s
Upload: 19.48 Mbit/s
Thu Sep 10 23:45:01 CEST 2020
Ping: 24.836 ms
Download: 260.88 Mbit/s
Upload: 19.51 Mbit/s
Fri Sep 11 00:45:01 CEST 2020
Ping: 20.415 ms
Download: 214.76 Mbit/s
Upload: 19.75 Mbit/s
Fri Sep 11 01:45:01 CEST 2020
Ping: 21.732 ms
Download: 253.69 Mbit/s
Upload: 19.77 Mbit/s
Fri Sep 11 02:45:01 CEST 2020
Ping: 22.708 ms
Download: 262.34 Mbit/s
Upload: 19.47 Mbit/s
Fri Sep 11 03:45:01 CEST 2020
Ping: 23.008 ms
Download: 248.76 Mbit/s
Upload: 19.75 Mbit/s
Fri Sep 11 04:45:01 CEST 2020
Ping: 22.121 ms
Download: 266.31 Mbit/s
Upload: 19.30 Mbit/s
Fri Sep 11 05:45:01 CEST 2020
Ping: 23.431 ms
Download: 287.40 Mbit/s
Upload: 19.08 Mbit/s
Fri Sep 11 06:45:02 CEST 2020
Ping: 19.632 ms
Download: 267.32 Mbit/s
Upload: 19.57 Mbit/s
Fri Sep 11 07:45:01 CEST 2020
Ping: 21.732 ms
Download: 350.42 Mbit/s
Upload: 19.23 Mbit/s
Fri Sep 11 08:45:01 CEST 2020
Ping: 23.193 ms
Download: 241.38 Mbit/s
Upload: 19.63 Mbit/s
Fri Sep 11 09:45:01 CEST 2020
Ping: 23.958 ms
Download: 245.44 Mbit/s
Upload: 19.29 Mbit/s
Fri Sep 11 10:45:01 CEST 2020
Ping: 20.257 ms
Download: 273.86 Mbit/s
Upload: 19.12 Mbit/s
Fri Sep 11 11:45:02 CEST 2020
Ping: 23.906 ms
Download: 240.55 Mbit/s
Upload: 19.61 Mbit/s
Fri Sep 11 12:45:01 CEST 2020
Ping: 21.052 ms
Download: 264.10 Mbit/s
Upload: 19.67 Mbit/s
Fri Sep 11 13:45:01 CEST 2020
Ping: 26.185 ms
Download: 285.63 Mbit/s
Upload: 17.56 Mbit/s
Fri Sep 11 14:45:01 CEST 2020
Ping: 24.047 ms
Download: 270.18 Mbit/s
Upload: 19.62 Mbit/s
Fri Sep 11 15:45:01 CEST 2020
Ping: 24.179 ms
Download: 274.25 Mbit/s
Upload: 19.45 Mbit/s
Fri Sep 11 16:45:01 CEST 2020
Ping: 24.913 ms
Download: 227.31 Mbit/s
Upload: 19.49 Mbit/s
Fri Sep 11 17:45:01 CEST 2020
Ping: 23.005 ms
Download: 290.90 Mbit/s
Upload: 19.24 Mbit/s
Fri Sep 11 18:45:01 CEST 2020
Ping: 22.394 ms
Download: 261.39 Mbit/s
Upload: 19.55 Mbit/s
Fri Sep 11 19:45:01 CEST 2020
Ping: 21.525 ms
Download: 228.52 Mbit/s
Upload: 19.74 Mbit/s
Fri Sep 11 20:45:01 CEST 2020
Ping: 23.403 ms
Download: 274.42 Mbit/s
Upload: 19.73 Mbit/s
Fri Sep 11 21:45:02 CEST 2020
Ping: 24.251 ms
Download: 262.30 Mbit/s
Upload: 19.45 Mbit/s
Fri Sep 11 22:45:01 CEST 2020
Ping: 21.94 ms
Download: 372.08 Mbit/s
Upload: 19.71 Mbit/s
Fri Sep 11 23:45:01 CEST 2020
Ping: 22.074 ms
Download: 277.94 Mbit/s
Upload: 18.97 Mbit/s
Sat Sep 12 00:45:01 CEST 2020
Ping: 24.971 ms
Download: 287.61 Mbit/s
Upload: 19.58 Mbit/s
Sat Sep 12 01:45:01 CEST 2020
Ping: 19.557 ms
Download: 266.62 Mbit/s
Upload: 19.73 Mbit/s
Sat Sep 12 02:45:01 CEST 2020
Ping: 24.338 ms
Download: 220.15 Mbit/s
Upload: 19.56 Mbit/s
Sat Sep 12 03:45:01 CEST 2020
Ping: 23.003 ms
Download: 245.45 Mbit/s
Upload: 19.74 Mbit/s
Sat Sep 12 04:45:01 CEST 2020
Ping: 20.252 ms
Download: 255.28 Mbit/s
Upload: 19.75 Mbit/s
Sat Sep 12 05:45:01 CEST 2020
Ping: 23.229 ms
Download: 216.44 Mbit/s
Upload: 19.74 Mbit/s
Sat Sep 12 06:45:01 CEST 2020
Ping: 20.57 ms
Download: 273.61 Mbit/s
Upload: 19.14 Mbit/s
Sat Sep 12 07:45:01 CEST 2020
Ping: 19.386 ms
Download: 273.13 Mbit/s
Upload: 19.36 Mbit/s
Sat Sep 12 08:45:01 CEST 2020
Ping: 24.47 ms
Download: 246.92 Mbit/s
Upload: 19.44 Mbit/s
Sat Sep 12 09:45:01 CEST 2020
Ping: 21.337 ms
Download: 211.68 Mbit/s
Upload: 19.33 Mbit/s
Sat Sep 12 10:45:01 CEST 2020
Ping: 23.585 ms
Download: 254.33 Mbit/s
Upload: 19.66 Mbit/s
Sat Sep 12 11:45:01 CEST 2020
Ping: 23.352 ms
Download: 291.66 Mbit/s
Upload: 19.35 Mbit/s
Sat Sep 12 12:45:02 CEST 2020
Ping: 20.087 ms
Download: 260.71 Mbit/s
Upload: 19.80 Mbit/s
Sat Sep 12 13:45:01 CEST 2020
Ping: 23.745 ms
Download: 274.72 Mbit/s
Upload: 19.63 Mbit/s
Sat Sep 12 14:45:01 CEST 2020
Ping: 20.724 ms
Download: 269.13 Mbit/s
Upload: 19.54 Mbit/s
Sat Sep 12 15:45:01 CEST 2020
Ping: 24.561 ms
Download: 206.66 Mbit/s
Upload: 19.63 Mbit/s
Sat Sep 12 16:45:01 CEST 2020
Ping: 20.423 ms
Download: 263.63 Mbit/s
Upload: 19.77 Mbit/s
Sat Sep 12 17:45:01 CEST 2020
Ping: 21.701 ms
Download: 238.41 Mbit/s
Upload: 19.75 Mbit/s
Sat Sep 12 18:45:02 CEST 2020
Ping: 22.733 ms
Download: 267.92 Mbit/s
Upload: 19.46 Mbit/s
Sat Sep 12 19:45:01 CEST 2020
Ping: 23.606 ms
Download: 267.32 Mbit/s
Upload: 19.20 Mbit/s
Sat Sep 12 20:45:01 CEST 2020
Ping: 22.667 ms
Download: 297.90 Mbit/s
Upload: 19.43 Mbit/s
Sat Sep 12 21:45:01 CEST 2020
Ping: 21.413 ms
Download: 349.12 Mbit/s
Upload: 19.75 Mbit/s
Sat Sep 12 22:45:01 CEST 2020
Ping: 25.985 ms
Download: 217.70 Mbit/s
Upload: 19.69 Mbit/s
Sat Sep 12 23:45:01 CEST 2020
Ping: 23.411 ms
Download: 218.12 Mbit/s
Upload: 19.43 Mbit/s
Sun Sep 13 00:45:01 CEST 2020
Ping: 25.008 ms
Download: 217.93 Mbit/s
Upload: 19.59 Mbit/s
Sun Sep 13 01:45:01 CEST 2020
Ping: 21.527 ms
Download: 283.83 Mbit/s
Upload: 19.69 Mbit/s
Sun Sep 13 02:45:01 CEST 2020
Ping: 22.004 ms
Download: 227.14 Mbit/s
Upload: 19.55 Mbit/s
Sun Sep 13 03:45:01 CEST 2020
Ping: 21.613 ms
Download: 215.48 Mbit/s
Upload: 18.92 Mbit/s
Sun Sep 13 04:45:01 CEST 2020
Ping: 22.397 ms
Download: 275.19 Mbit/s
Upload: 19.83 Mbit/s
Sun Sep 13 05:45:01 CEST 2020
Ping: 20.896 ms
Download: 246.14 Mbit/s
Upload: 19.87 Mbit/s
Sun Sep 13 06:45:01 CEST 2020
Ping: 22.744 ms
Download: 243.45 Mbit/s
Upload: 18.90 Mbit/s
Sun Sep 13 07:45:01 CEST 2020
Ping: 22.077 ms
Download: 235.07 Mbit/s
Upload: 19.53 Mbit/s
Sun Sep 13 08:45:01 CEST 2020
Ping: 21.907 ms
Download: 229.74 Mbit/s
Upload: 19.65 Mbit/s
Sun Sep 13 09:45:01 CEST 2020
Ping: 24.172 ms
Download: 213.69 Mbit/s
Upload: 19.55 Mbit/s
Sun Sep 13 10:45:01 CEST 2020
Ping: 20.722 ms
Download: 239.05 Mbit/s
Upload: 19.29 Mbit/s
Sun Sep 13 11:45:01 CEST 2020
Ping: 23.61 ms
Download: 191.14 Mbit/s
Upload: 19.54 Mbit/s
Sun Sep 13 12:45:01 CEST 2020
Ping: 24.312 ms
Download: 256.68 Mbit/s
Upload: 18.24 Mbit/s
Sun Sep 13 13:45:01 CEST 2020
Ping: 23.741 ms
Download: 269.34 Mbit/s
Upload: 19.38 Mbit/s
Sun Sep 13 14:45:01 CEST 2020
Ping: 23.509 ms
Download: 230.53 Mbit/s
Upload: 19.19 Mbit/s
Sun Sep 13 15:45:01 CEST 2020
Ping: 23.772 ms
Download: 281.89 Mbit/s
Upload: 19.00 Mbit/s
Sun Sep 13 16:45:01 CEST 2020
Ping: 23.749 ms
Download: 261.22 Mbit/s
Upload: 19.66 Mbit/s
Sun Sep 13 17:45:01 CEST 2020
Ping: 22.246 ms
Download: 234.19 Mbit/s
Upload: 19.25 Mbit/s
Sun Sep 13 18:45:01 CEST 2020
Ping: 23.772 ms
Download: 260.75 Mbit/s
Upload: 19.40 Mbit/s
Sun Sep 13 19:45:01 CEST 2020
Ping: 22.705 ms
Download: 275.74 Mbit/s
Upload: 19.40 Mbit/s
Sun Sep 13 20:45:02 CEST 2020
Ping: 23.679 ms
Download: 287.51 Mbit/s
Upload: 19.57 Mbit/s
Sun Sep 13 21:45:01 CEST 2020
Ping: 22.667 ms
Download: 352.47 Mbit/s
Upload: 19.78 Mbit/s
Sun Sep 13 22:45:01 CEST 2020
Ping: 20.639 ms
Download: 251.04 Mbit/s
Upload: 19.80 Mbit/s
Sun Sep 13 23:45:02 CEST 2020
Ping: 22.885 ms
Download: 211.73 Mbit/s
Upload: 19.07 Mbit/s
Mon Sep 14 00:45:01 CEST 2020
Ping: 19.996 ms
Download: 252.15 Mbit/s
Upload: 19.76 Mbit/s
Mon Sep 14 01:45:01 CEST 2020
Ping: 20.77 ms
Download: 337.85 Mbit/s
Upload: 19.35 Mbit/s
Mon Sep 14 02:45:01 CEST 2020
Ping: 23.394 ms
Download: 311.62 Mbit/s
Upload: 19.56 Mbit/s
Mon Sep 14 03:45:01 CEST 2020
Ping: 18.698 ms
Download: 269.19 Mbit/s
Upload: 19.56 Mbit/s
Mon Sep 14 04:45:01 CEST 2020
Ping: 23.194 ms
Download: 227.52 Mbit/s
Upload: 19.50 Mbit/s
Mon Sep 14 05:45:01 CEST 2020
Ping: 19.579 ms
Download: 266.99 Mbit/s
Upload: 19.40 Mbit/s
Mon Sep 14 06:45:01 CEST 2020
Ping: 20.676 ms
Download: 241.99 Mbit/s
Upload: 19.71 Mbit/s
Mon Sep 14 07:45:01 CEST 2020
Ping: 23.738 ms
Download: 271.53 Mbit/s
Upload: 19.50 Mbit/s
Mon Sep 14 08:45:01 CEST 2020
Ping: 22.48 ms
Download: 186.69 Mbit/s
Upload: 19.73 Mbit/s
Mon Sep 14 09:45:01 CEST 2020
Ping: 25.446 ms
Download: 239.08 Mbit/s
Upload: 19.91 Mbit/s
Mon Sep 14 10:45:01 CEST 2020
Ping: 21.162 ms
Download: 267.36 Mbit/s
Upload: 19.52 Mbit/s
Mon Sep 14 11:45:01 CEST 2020
Ping: 22.052 ms
Download: 266.94 Mbit/s
Upload: 19.67 Mbit/s
Mon Sep 14 12:45:01 CEST 2020
Ping: 21.83 ms
Download: 259.37 Mbit/s
Upload: 19.30 Mbit/s
Mon Sep 14 13:45:02 CEST 2020
Ping: 24.047 ms
Download: 269.53 Mbit/s
Upload: 19.54 Mbit/s
Mon Sep 14 14:45:01 CEST 2020
Ping: 21.806 ms
Download: 266.02 Mbit/s
Upload: 19.21 Mbit/s
Mon Sep 14 15:45:01 CEST 2020
Ping: 23.397 ms
Download: 346.67 Mbit/s
Upload: 19.59 Mbit/s
Mon Sep 14 16:45:01 CEST 2020
Ping: 23.103 ms
Download: 201.90 Mbit/s
Upload: 19.52 Mbit/s
Mon Sep 14 17:45:01 CEST 2020
Ping: 23.081 ms
Download: 250.20 Mbit/s
Upload: 18.82 Mbit/s
Mon Sep 14 18:45:01 CEST 2020
Ping: 21.359 ms
Download: 261.77 Mbit/s
Upload: 19.29 Mbit/s
Mon Sep 14 19:45:01 CEST 2020
Ping: 24.63 ms
Download: 262.22 Mbit/s
Upload: 18.74 Mbit/s
Mon Sep 14 20:45:01 CEST 2020
Ping: 23.99 ms
Download: 303.42 Mbit/s
Upload: 19.67 Mbit/s
Mon Sep 14 21:45:01 CEST 2020
Ping: 22.609 ms
Download: 253.43 Mbit/s
Upload: 19.40 Mbit/s
Mon Sep 14 22:45:01 CEST 2020
Ping: 23.195 ms
Download: 233.76 Mbit/s
Upload: 19.45 Mbit/s
Mon Sep 14 23:45:01 CEST 2020
Ping: 20.554 ms
Download: 237.27 Mbit/s
Upload: 19.41 Mbit/s
Tue Sep 15 00:45:01 CEST 2020
Ping: 20.922 ms
Download: 293.31 Mbit/s
Upload: 18.94 Mbit/s
Tue Sep 15 01:45:01 CEST 2020
Ping: 22.551 ms
Download: 237.02 Mbit/s
Upload: 19.73 Mbit/s
Tue Sep 15 02:45:01 CEST 2020
Ping: 21.941 ms
Download: 323.82 Mbit/s
Upload: 19.29 Mbit/s
Tue Sep 15 03:45:01 CEST 2020
Ping: 21.118 ms
Download: 239.05 Mbit/s
Upload: 19.53 Mbit/s
Tue Sep 15 04:45:01 CEST 2020
Ping: 21.887 ms
Download: 248.53 Mbit/s
Upload: 19.87 Mbit/s
Tue Sep 15 05:45:01 CEST 2020
Ping: 21.954 ms
Download: 235.65 Mbit/s
Upload: 19.82 Mbit/s
Tue Sep 15 06:45:01 CEST 2020
Ping: 20.574 ms
Download: 244.49 Mbit/s
Upload: 19.51 Mbit/s
Tue Sep 15 07:45:01 CEST 2020
Ping: 23.238 ms
Download: 237.16 Mbit/s
Upload: 19.11 Mbit/s
Tue Sep 15 08:45:01 CEST 2020
Ping: 21.347 ms
Download: 300.49 Mbit/s
Upload: 19.14 Mbit/s
Tue Sep 15 09:45:01 CEST 2020
Ping: 21.554 ms
Download: 270.25 Mbit/s
Upload: 19.67 Mbit/s
Tue Sep 15 10:45:01 CEST 2020
Ping: 21.805 ms
Download: 270.68 Mbit/s
Upload: 19.11 Mbit/s
Tue Sep 15 11:45:01 CEST 2020
Ping: 19.06 ms
Download: 277.24 Mbit/s
Upload: 19.69 Mbit/s
Tue Sep 15 12:45:01 CEST 2020
Ping: 24.068 ms
Download: 258.35 Mbit/s
Upload: 19.13 Mbit/s
Tue Sep 15 13:45:01 CEST 2020
Ping: 20.898 ms
Download: 272.11 Mbit/s
Upload: 19.65 Mbit/s
Tue Sep 15 14:45:01 CEST 2020
Ping: 21.5 ms
Download: 214.18 Mbit/s
Upload: 19.80 Mbit/s
Tue Sep 15 15:45:01 CEST 2020
Ping: 23.686 ms
Download: 250.64 Mbit/s
Upload: 19.79 Mbit/s
Tue Sep 15 16:45:02 CEST 2020
Ping: 22.569 ms
Download: 252.84 Mbit/s
Upload: 19.19 Mbit/s
Tue Sep 15 17:45:01 CEST 2020
Ping: 21.385 ms
Download: 283.60 Mbit/s
Upload: 19.83 Mbit/s
Tue Sep 15 18:45:01 CEST 2020
Ping: 22.349 ms
Download: 284.11 Mbit/s
Upload: 19.89 Mbit/s
Tue Sep 15 19:45:01 CEST 2020
Ping: 23.241 ms
Download: 209.81 Mbit/s
Upload: 19.55 Mbit/s
Tue Sep 15 20:45:01 CEST 2020
Ping: 24.244 ms
Download: 307.60 Mbit/s
Upload: 18.73 Mbit/s
Tue Sep 15 21:45:01 CEST 2020
Ping: 21.366 ms
Download: 242.65 Mbit/s
Upload: 19.60 Mbit/s
Tue Sep 15 22:45:01 CEST 2020
Ping: 21.512 ms
Download: 206.45 Mbit/s
Upload: 19.23 Mbit/s
Tue Sep 15 23:45:01 CEST 2020
Ping: 24.831 ms
Download: 302.20 Mbit/s
Upload: 19.38 Mbit/s
Wed Sep 16 00:45:01 CEST 2020
Ping: 22.329 ms
Download: 268.77 Mbit/s
Upload: 19.43 Mbit/s
Wed Sep 16 01:45:01 CEST 2020
Ping: 21.421 ms
Download: 233.73 Mbit/s
Upload: 19.71 Mbit/s
Wed Sep 16 02:45:01 CEST 2020
Ping: 24.688 ms
Download: 214.91 Mbit/s
Upload: 19.72 Mbit/s
Wed Sep 16 03:45:01 CEST 2020
Ping: 22.339 ms
Download: 215.84 Mbit/s
Upload: 19.52 Mbit/s
Wed Sep 16 04:45:01 CEST 2020
Ping: 23.573 ms
Download: 217.06 Mbit/s
Upload: 19.62 Mbit/s
Wed Sep 16 05:45:01 CEST 2020
Ping: 19.581 ms
Download: 329.87 Mbit/s
Upload: 19.74 Mbit/s
Wed Sep 16 06:45:01 CEST 2020
Ping: 20.068 ms
Download: 276.96 Mbit/s
Upload: 19.52 Mbit/s
Wed Sep 16 07:45:02 CEST 2020
Ping: 22.423 ms
Download: 201.20 Mbit/s
Upload: 19.68 Mbit/s
Wed Sep 16 08:45:01 CEST 2020
Ping: 21.921 ms
Download: 327.71 Mbit/s
Upload: 19.74 Mbit/s
Wed Sep 16 09:45:01 CEST 2020
Ping: 20.587 ms
Download: 234.24 Mbit/s
Upload: 19.32 Mbit/s
Wed Sep 16 10:45:01 CEST 2020
Ping: 24.775 ms
Download: 339.44 Mbit/s
Upload: 19.55 Mbit/s
Wed Sep 16 11:45:02 CEST 2020
Ping: 21.672 ms
Download: 267.54 Mbit/s
Upload: 19.44 Mbit/s
Wed Sep 16 12:45:01 CEST 2020
Ping: 22.321 ms
Download: 264.23 Mbit/s
Upload: 19.52 Mbit/s
Wed Sep 16 13:45:01 CEST 2020
Ping: 22.251 ms
Download: 261.43 Mbit/s
Upload: 19.68 Mbit/s
Wed Sep 16 14:45:01 CEST 2020
Ping: 23.175 ms
Download: 227.75 Mbit/s
Upload: 19.18 Mbit/s
Wed Sep 16 15:45:01 CEST 2020
Ping: 20.715 ms
Download: 230.74 Mbit/s
Upload: 19.82 Mbit/s
Wed Sep 16 16:45:01 CEST 2020
Ping: 24.518 ms
Download: 244.78 Mbit/s
Upload: 19.83 Mbit/s
Wed Sep 16 17:45:01 CEST 2020
Ping: 20.727 ms
Download: 241.66 Mbit/s
Upload: 19.38 Mbit/s
Wed Sep 16 18:45:01 CEST 2020
Ping: 23.237 ms
Download: 229.15 Mbit/s
Upload: 19.08 Mbit/s
Wed Sep 16 19:45:01 CEST 2020
Ping: 22.881 ms
Download: 330.46 Mbit/s
Upload: 19.53 Mbit/s
Wed Sep 16 20:45:01 CEST 2020
Ping: 24.398 ms
Download: 243.53 Mbit/s
Upload: 19.66 Mbit/s
Wed Sep 16 21:45:01 CEST 2020
Ping: 21.658 ms
Download: 252.09 Mbit/s
Upload: 19.54 Mbit/s
Wed Sep 16 22:45:01 CEST 2020
Ping: 21.401 ms
Download: 231.99 Mbit/s
Upload: 19.51 Mbit/s
Wed Sep 16 23:45:02 CEST 2020
Ping: 21.733 ms
Download: 273.77 Mbit/s
Upload: 18.88 Mbit/s
Thu Sep 17 00:45:01 CEST 2020
Ping: 20.576 ms
Download: 206.79 Mbit/s
Upload: 19.60 Mbit/s
Thu Sep 17 01:45:01 CEST 2020
Ping: 20.898 ms
Download: 269.91 Mbit/s
Upload: 19.41 Mbit/s
Thu Sep 17 02:45:01 CEST 2020
Ping: 24.554 ms
Download: 215.91 Mbit/s
Upload: 19.30 Mbit/s
Thu Sep 17 03:45:01 CEST 2020
Ping: 20.085 ms
Download: 289.97 Mbit/s
Upload: 19.74 Mbit/s
Thu Sep 17 04:45:01 CEST 2020
Ping: 22.179 ms
Download: 284.56 Mbit/s
Upload: 19.68 Mbit/s
Thu Sep 17 05:45:01 CEST 2020
Ping: 22.08 ms
Download: 251.82 Mbit/s
Upload: 19.69 Mbit/s
Thu Sep 17 06:45:01 CEST 2020
Ping: 21.004 ms
Download: 280.44 Mbit/s
Upload: 19.73 Mbit/s
Thu Sep 17 07:45:01 CEST 2020
Ping: 20.092 ms
Download: 282.16 Mbit/s
Upload: 19.45 Mbit/s
Thu Sep 17 08:45:01 CEST 2020
Ping: 24.185 ms
Download: 254.80 Mbit/s
Upload: 19.26 Mbit/s
Thu Sep 17 09:45:01 CEST 2020
Ping: 21.266 ms
Download: 248.08 Mbit/s
Upload: 19.42 Mbit/s
Thu Sep 17 10:45:01 CEST 2020
Ping: 21.53 ms
Download: 244.61 Mbit/s
Upload: 19.24 Mbit/s
Thu Sep 17 11:45:01 CEST 2020
Ping: 23.187 ms
Download: 240.31 Mbit/s
Upload: 19.05 Mbit/s
Thu Sep 17 12:45:01 CEST 2020
Ping: 21.736 ms
Download: 197.98 Mbit/s
Upload: 19.17 Mbit/s
Thu Sep 17 13:45:01 CEST 2020
Ping: 21.949 ms
Download: 283.67 Mbit/s
Upload: 19.10 Mbit/s
Thu Sep 17 14:45:01 CEST 2020
Ping: 23.563 ms
Download: 216.95 Mbit/s
Upload: 19.77 Mbit/s
Thu Sep 17 15:45:01 CEST 2020
Ping: 23.659 ms
Download: 230.16 Mbit/s
Upload: 19.56 Mbit/s
Thu Sep 17 16:45:01 CEST 2020
Ping: 22.104 ms
Download: 237.23 Mbit/s
Upload: 19.69 Mbit/s
Thu Sep 17 17:45:01 CEST 2020
Ping: 23.505 ms
Download: 253.15 Mbit/s
Upload: 19.16 Mbit/s
Thu Sep 17 18:45:01 CEST 2020
Ping: 22.938 ms
Download: 261.68 Mbit/s
Upload: 19.64 Mbit/s
Thu Sep 17 19:45:01 CEST 2020
Ping: 22.267 ms
Download: 239.05 Mbit/s
Upload: 19.63 Mbit/s
Thu Sep 17 20:45:01 CEST 2020
Ping: 23.203 ms
Download: 221.06 Mbit/s
Upload: 19.05 Mbit/s
Thu Sep 17 21:45:01 CEST 2020
Ping: 23.692 ms
Download: 215.99 Mbit/s
Upload: 19.19 Mbit/s
Thu Sep 17 22:45:01 CEST 2020
Ping: 26.785 ms
Download: 264.01 Mbit/s
Upload: 19.63 Mbit/s
Thu Sep 17 23:45:01 CEST 2020
Ping: 24.15 ms
Download: 214.77 Mbit/s
Upload: 19.61 Mbit/s
Fri Sep 18 00:45:01 CEST 2020
Ping: 19.551 ms
Download: 255.47 Mbit/s
Upload: 19.43 Mbit/s
Fri Sep 18 01:45:01 CEST 2020
Ping: 19.905 ms
Download: 206.20 Mbit/s
Upload: 19.80 Mbit/s
Fri Sep 18 02:45:01 CEST 2020
Ping: 23.188 ms
Download: 213.26 Mbit/s
Upload: 19.46 Mbit/s
Fri Sep 18 03:45:01 CEST 2020
Ping: 21.504 ms
Download: 319.20 Mbit/s
Upload: 19.48 Mbit/s
Fri Sep 18 04:45:01 CEST 2020
Ping: 21.07 ms
Download: 219.88 Mbit/s
Upload: 19.45 Mbit/s
Fri Sep 18 05:45:01 CEST 2020
Ping: 23.394 ms
Download: 274.00 Mbit/s
Upload: 19.13 Mbit/s
Fri Sep 18 06:45:01 CEST 2020
Ping: 20.743 ms
Download: 247.23 Mbit/s
Upload: 19.23 Mbit/s
Fri Sep 18 07:45:01 CEST 2020
Ping: 25.178 ms
Download: 219.81 Mbit/s
Upload: 19.71 Mbit/s
Fri Sep 18 08:45:01 CEST 2020
Ping: 21.572 ms
Download: 246.33 Mbit/s
Upload: 19.89 Mbit/s
Fri Sep 18 09:45:01 CEST 2020
Ping: 20.513 ms
Download: 335.95 Mbit/s
Upload: 19.02 Mbit/s
Fri Sep 18 10:45:01 CEST 2020
Ping: 24.099 ms
Download: 257.78 Mbit/s
Upload: 19.43 Mbit/s
Fri Sep 18 11:45:01 CEST 2020
Ping: 22.682 ms
Download: 212.92 Mbit/s
Upload: 19.82 Mbit/s
Fri Sep 18 12:45:01 CEST 2020
Ping: 21.123 ms
Download: 295.97 Mbit/s
Upload: 19.52 Mbit/s
Fri Sep 18 13:45:01 CEST 2020
Ping: 22.716 ms
Download: 256.92 Mbit/s
Upload: 19.40 Mbit/s
Fri Sep 18 14:45:01 CEST 2020
Ping: 23.849 ms
Download: 224.66 Mbit/s
Upload: 19.77 Mbit/s
Fri Sep 18 15:45:01 CEST 2020
Ping: 23.665 ms
Download: 208.94 Mbit/s
Upload: 18.97 Mbit/s
Fri Sep 18 16:45:01 CEST 2020
Ping: 23.083 ms
Download: 252.84 Mbit/s
Upload: 18.86 Mbit/s
Fri Sep 18 17:45:01 CEST 2020
Ping: 20.411 ms
Download: 283.97 Mbit/s
Upload: 19.75 Mbit/s
Fri Sep 18 18:45:01 CEST 2020
Ping: 23.566 ms
Download: 220.32 Mbit/s
Upload: 19.82 Mbit/s
Fri Sep 18 19:45:01 CEST 2020
Ping: 21.413 ms
Download: 237.83 Mbit/s
Upload: 19.47 Mbit/s
Fri Sep 18 20:45:01 CEST 2020
Ping: 22.729 ms
Download: 267.06 Mbit/s
Upload: 18.64 Mbit/s
Fri Sep 18 21:45:01 CEST 2020
Ping: 21.395 ms
Download: 306.70 Mbit/s
Upload: 19.46 Mbit/s
Fri Sep 18 22:45:01 CEST 2020
Ping: 20.908 ms
Download: 275.63 Mbit/s
Upload: 19.74 Mbit/s
Fri Sep 18 23:45:01 CEST 2020
Ping: 23.745 ms
Download: 269.25 Mbit/s
Upload: 19.06 Mbit/s
Sat Sep 19 00:45:01 CEST 2020
Ping: 20.989 ms
Download: 282.05 Mbit/s
Upload: 19.54 Mbit/s
Sat Sep 19 01:45:02 CEST 2020
Ping: 20.584 ms
Download: 217.65 Mbit/s
Upload: 19.47 Mbit/s
Sat Sep 19 02:45:01 CEST 2020
Ping: 23.488 ms
Download: 250.85 Mbit/s
Upload: 19.58 Mbit/s
Sat Sep 19 03:45:01 CEST 2020
Ping: 22.406 ms
Download: 240.74 Mbit/s
Upload: 19.77 Mbit/s
Sat Sep 19 04:45:01 CEST 2020
Ping: 21.949 ms
Download: 324.93 Mbit/s
Upload: 14.75 Mbit/s
Sat Sep 19 05:45:01 CEST 2020
Ping: 22.424 ms
Download: 307.96 Mbit/s
Upload: 19.33 Mbit/s
Sat Sep 19 06:45:01 CEST 2020
Ping: 20.726 ms
Download: 257.49 Mbit/s
Upload: 19.27 Mbit/s
Sat Sep 19 07:45:01 CEST 2020
Ping: 21.055 ms
Download: 272.33 Mbit/s
Upload: 19.32 Mbit/s
Sat Sep 19 08:45:02 CEST 2020
Ping: 23.206 ms
Download: 229.50 Mbit/s
Upload: 19.12 Mbit/s
Sat Sep 19 09:45:01 CEST 2020
Ping: 21.714 ms
Download: 287.61 Mbit/s
Upload: 19.63 Mbit/s
Sat Sep 19 10:45:01 CEST 2020
Ping: 24.657 ms
Download: 233.02 Mbit/s
Upload: 19.55 Mbit/s
Sat Sep 19 11:45:01 CEST 2020
Ping: 24.869 ms
Download: 210.42 Mbit/s
Upload: 19.58 Mbit/s
Sat Sep 19 12:45:01 CEST 2020
Ping: 23.171 ms
Download: 254.71 Mbit/s
Upload: 19.60 Mbit/s
Sat Sep 19 13:45:01 CEST 2020
Ping: 20.248 ms
Download: 281.04 Mbit/s
Upload: 19.53 Mbit/s
Sat Sep 19 14:45:02 CEST 2020
Ping: 22.081 ms
Download: 367.39 Mbit/s
Upload: 19.73 Mbit/s
Sat Sep 19 15:45:02 CEST 2020
Ping: 24.451 ms
Download: 283.32 Mbit/s
Upload: 19.22 Mbit/s
Sat Sep 19 16:45:01 CEST 2020
Ping: 21.111 ms
Download: 217.85 Mbit/s
Upload: 19.30 Mbit/s
Sat Sep 19 17:45:01 CEST 2020
Ping: 20.912 ms
Download: 230.06 Mbit/s
Upload: 19.41 Mbit/s
Sat Sep 19 18:45:01 CEST 2020
Ping: 22.045 ms
Download: 222.50 Mbit/s
Upload: 18.90 Mbit/s
Sat Sep 19 19:45:01 CEST 2020
Ping: 25.349 ms
Download: 249.66 Mbit/s
Upload: 19.18 Mbit/s
Sat Sep 19 20:45:01 CEST 2020
Ping: 20.884 ms
Download: 257.08 Mbit/s
Upload: 19.58 Mbit/s
Sat Sep 19 21:45:01 CEST 2020
Ping: 20.881 ms
Download: 209.18 Mbit/s
Upload: 19.86 Mbit/s
Sat Sep 19 22:45:01 CEST 2020
Ping: 25.711 ms
Download: 243.34 Mbit/s
Upload: 19.40 Mbit/s
Sat Sep 19 23:45:01 CEST 2020
Ping: 26.147 ms
Download: 340.96 Mbit/s
Upload: 19.76 Mbit/s
Sun Sep 20 00:45:01 CEST 2020
Ping: 20.078 ms
Download: 267.72 Mbit/s
Upload: 19.57 Mbit/s
Sun Sep 20 01:45:01 CEST 2020
Ping: 23.031 ms
Download: 242.10 Mbit/s
Upload: 19.69 Mbit/s
Sun Sep 20 02:45:01 CEST 2020
Ping: 19.903 ms
Download: 250.91 Mbit/s
Upload: 19.32 Mbit/s
Sun Sep 20 03:45:01 CEST 2020
Ping: 23.176 ms
Download: 239.74 Mbit/s
Upload: 19.37 Mbit/s
Sun Sep 20 04:45:01 CEST 2020
Ping: 24.695 ms
Download: 310.76 Mbit/s
Upload: 18.89 Mbit/s
Sun Sep 20 05:45:01 CEST 2020
Ping: 22.992 ms
Download: 260.63 Mbit/s
Upload: 19.30 Mbit/s
Sun Sep 20 06:45:02 CEST 2020
Ping: 23.557 ms
Download: 197.73 Mbit/s
Upload: 19.25 Mbit/s
Sun Sep 20 07:45:01 CEST 2020
Ping: 22.2 ms
Download: 267.58 Mbit/s
Upload: 19.28 Mbit/s
Sun Sep 20 08:45:02 CEST 2020
Ping: 20.924 ms
Download: 265.58 Mbit/s
Upload: 19.74 Mbit/s
Sun Sep 20 09:45:01 CEST 2020
Ping: 25.059 ms
Download: 213.82 Mbit/s
Upload: 19.27 Mbit/s
Sun Sep 20 10:45:02 CEST 2020
Ping: 20.256 ms
Download: 271.49 Mbit/s
Upload: 19.61 Mbit/s
Sun Sep 20 11:45:01 CEST 2020
Ping: 25.808 ms
Download: 262.40 Mbit/s
Upload: 19.50 Mbit/s
Sun Sep 20 12:45:01 CEST 2020
Ping: 23.246 ms
Download: 279.56 Mbit/s
Upload: 19.53 Mbit/s
Sun Sep 20 13:45:01 CEST 2020
Ping: 24.83 ms
Download: 363.95 Mbit/s
Upload: 19.32 Mbit/s
Sun Sep 20 14:45:01 CEST 2020
Ping: 22.714 ms
Download: 269.30 Mbit/s
Upload: 19.23 Mbit/s
Sun Sep 20 15:45:01 CEST 2020
Ping: 23.838 ms
Download: 280.20 Mbit/s
Upload: 19.28 Mbit/s
Sun Sep 20 16:45:01 CEST 2020
Ping: 25.001 ms
Download: 244.23 Mbit/s
Upload: 19.77 Mbit/s
Sun Sep 20 17:45:01 CEST 2020
Ping: 23.07 ms
Download: 179.79 Mbit/s
Upload: 19.29 Mbit/s
Sun Sep 20 18:45:01 CEST 2020
Ping: 22.056 ms
Download: 264.77 Mbit/s
Upload: 19.58 Mbit/s
Sun Sep 20 19:45:01 CEST 2020
Ping: 24.169 ms
Download: 225.91 Mbit/s
Upload: 19.74 Mbit/s
Sun Sep 20 20:45:01 CEST 2020
Ping: 22.542 ms
Download: 285.72 Mbit/s
Upload: 19.32 Mbit/s
Sun Sep 20 21:45:01 CEST 2020
Ping: 26.353 ms
Download: 262.58 Mbit/s
Upload: 18.78 Mbit/s
Sun Sep 20 22:45:01 CEST 2020
Ping: 20.86 ms
Download: 226.47 Mbit/s
Upload: 19.28 Mbit/s
Sun Sep 20 23:45:02 CEST 2020
Ping: 21.751 ms
Download: 302.93 Mbit/s
Upload: 19.68 Mbit/s
Mon Sep 21 00:45:02 CEST 2020
Ping: 21.097 ms
Download: 234.21 Mbit/s
Upload: 19.76 Mbit/s
Mon Sep 21 01:45:02 CEST 2020
Ping: 21.163 ms
Download: 239.91 Mbit/s
Upload: 19.86 Mbit/s
Mon Sep 21 02:45:01 CEST 2020
Ping: 22.427 ms
Download: 230.88 Mbit/s
Upload: 19.70 Mbit/s
Mon Sep 21 03:45:01 CEST 2020
Ping: 21.327 ms
Download: 271.82 Mbit/s
Upload: 19.68 Mbit/s
Mon Sep 21 04:45:01 CEST 2020
Ping: 20.259 ms
Download: 338.86 Mbit/s
Upload: 19.73 Mbit/s
Mon Sep 21 05:45:01 CEST 2020
Ping: 23.409 ms
Download: 249.59 Mbit/s
Upload: 19.26 Mbit/s
Mon Sep 21 06:45:01 CEST 2020
Ping: 20.878 ms
Download: 229.32 Mbit/s
Upload: 19.57 Mbit/s
Mon Sep 21 07:45:01 CEST 2020
Ping: 21.498 ms
Download: 250.27 Mbit/s
Upload: 19.71 Mbit/s
Mon Sep 21 08:45:01 CEST 2020
Ping: 22.971 ms
Download: 150.11 Mbit/s
Upload: 19.33 Mbit/s
Mon Sep 21 09:45:01 CEST 2020
Ping: 20.42 ms
Download: 263.62 Mbit/s
Upload: 19.48 Mbit/s
Mon Sep 21 10:45:01 CEST 2020
Ping: 21.833 ms
Download: 284.23 Mbit/s
Upload: 19.22 Mbit/s
Mon Sep 21 11:45:01 CEST 2020
Ping: 24.519 ms
Download: 252.77 Mbit/s
Upload: 18.99 Mbit/s
Mon Sep 21 12:45:01 CEST 2020
Ping: 21.852 ms
Download: 277.46 Mbit/s
Upload: 19.25 Mbit/s
Mon Sep 21 13:45:01 CEST 2020
Ping: 22.665 ms
Download: 274.30 Mbit/s
Upload: 19.53 Mbit/s
Mon Sep 21 14:45:01 CEST 2020
Ping: 22.695 ms
Download: 251.12 Mbit/s
Upload: 19.27 Mbit/s
Mon Sep 21 15:45:01 CEST 2020
Ping: 22.363 ms
Download: 255.18 Mbit/s
Upload: 19.72 Mbit/s
Mon Sep 21 16:45:01 CEST 2020
Ping: 25.604 ms
Download: 244.56 Mbit/s
Upload: 19.11 Mbit/s
Mon Sep 21 17:45:01 CEST 2020
Ping: 25.353 ms
Download: 268.61 Mbit/s
Upload: 18.89 Mbit/s
Mon Sep 21 18:45:01 CEST 2020
Ping: 25.547 ms
Download: 278.90 Mbit/s
Upload: 19.14 Mbit/s
Mon Sep 21 19:45:01 CEST 2020
Ping: 23.56 ms
Download: 249.52 Mbit/s
Upload: 19.34 Mbit/s
Mon Sep 21 20:45:01 CEST 2020
Ping: 26.102 ms
Download: 264.02 Mbit/s
Upload: 19.48 Mbit/s
Mon Sep 21 21:45:01 CEST 2020
Ping: 26.04 ms
Download: 247.82 Mbit/s
Upload: 18.04 Mbit/s
Mon Sep 21 22:45:01 CEST 2020
Ping: 29.133 ms
Download: 269.07 Mbit/s
Upload: 19.26 Mbit/s
Mon Sep 21 23:45:02 CEST 2020
Ping: 30.028 ms
Download: 179.64 Mbit/s
Upload: 19.93 Mbit/s
Tue Sep 22 00:45:01 CEST 2020
Ping: 26.882 ms
Download: 250.08 Mbit/s
Upload: 19.35 Mbit/s
Tue Sep 22 01:45:01 CEST 2020
Ping: 21.878 ms
Download: 254.53 Mbit/s
Upload: 19.82 Mbit/s
Tue Sep 22 02:45:01 CEST 2020
Ping: 24.374 ms
Download: 234.23 Mbit/s
Upload: 19.27 Mbit/s
Tue Sep 22 03:45:01 CEST 2020
Ping: 23.471 ms
Download: 204.23 Mbit/s
Upload: 19.57 Mbit/s
Tue Sep 22 04:45:01 CEST 2020
Ping: 20.373 ms
Download: 296.75 Mbit/s
Upload: 19.40 Mbit/s
Tue Sep 22 05:45:01 CEST 2020
Ping: 20.391 ms
Download: 212.74 Mbit/s
Upload: 19.64 Mbit/s
Tue Sep 22 06:45:01 CEST 2020
Ping: 27.813 ms
Download: 188.23 Mbit/s
Upload: 19.29 Mbit/s
Tue Sep 22 07:45:01 CEST 2020
Ping: 29.651 ms
Download: 228.42 Mbit/s
Upload: 18.67 Mbit/s
Tue Sep 22 08:45:01 CEST 2020
Ping: 22.704 ms
Download: 227.26 Mbit/s
Upload: 19.05 Mbit/s
Tue Sep 22 09:45:01 CEST 2020
Ping: 27.835 ms
Download: 251.11 Mbit/s
Upload: 18.36 Mbit/s
Tue Sep 22 10:45:01 CEST 2020
Ping: 24.951 ms
Download: 221.49 Mbit/s
Upload: 19.30 Mbit/s
Tue Sep 22 11:45:01 CEST 2020
Ping: 24.739 ms
Download: 240.17 Mbit/s
Upload: 19.54 Mbit/s
Tue Sep 22 12:45:01 CEST 2020
Ping: 22.512 ms
Download: 327.77 Mbit/s
Upload: 15.86 Mbit/s
Tue Sep 22 13:45:01 CEST 2020
Ping: 24.974 ms
Download: 228.45 Mbit/s
Upload: 19.20 Mbit/s
Tue Sep 22 14:45:01 CEST 2020
Ping: 26.272 ms
Download: 261.28 Mbit/s
Upload: 17.09 Mbit/s
Tue Sep 22 15:45:01 CEST 2020
Ping: 25.21 ms
Download: 252.25 Mbit/s
Upload: 18.89 Mbit/s
Tue Sep 22 16:45:01 CEST 2020
Ping: 27.529 ms
Download: 252.22 Mbit/s
Upload: 19.64 Mbit/s
Tue Sep 22 17:45:01 CEST 2020
Ping: 23.286 ms
Download: 284.53 Mbit/s
Upload: 19.09 Mbit/s
Tue Sep 22 18:45:01 CEST 2020
Ping: 25.015 ms
Download: 320.21 Mbit/s
Upload: 18.88 Mbit/s
Tue Sep 22 19:45:01 CEST 2020
Ping: 25.553 ms
Download: 268.34 Mbit/s
Upload: 18.94 Mbit/s
Tue Sep 22 20:45:01 CEST 2020
Ping: 20.961 ms
Download: 278.83 Mbit/s
Upload: 18.99 Mbit/s
Tue Sep 22 21:45:01 CEST 2020
Ping: 23.637 ms
Download: 251.93 Mbit/s
Upload: 19.51 Mbit/s
Tue Sep 22 22:45:01 CEST 2020
Ping: 25.859 ms
Download: 215.25 Mbit/s
Upload: 19.81 Mbit/s
Tue Sep 22 23:45:01 CEST 2020
Ping: 24.208 ms
Download: 277.58 Mbit/s
Upload: 19.52 Mbit/s
Wed Sep 23 00:45:01 CEST 2020
Ping: 22.01 ms
Download: 259.95 Mbit/s
Upload: 19.78 Mbit/s
Wed Sep 23 01:45:01 CEST 2020
Ping: 23.115 ms
Download: 241.31 Mbit/s
Upload: 18.78 Mbit/s
Wed Sep 23 02:45:01 CEST 2020
Ping: 27.143 ms
Download: 275.71 Mbit/s
Upload: 18.52 Mbit/s
Wed Sep 23 03:45:01 CEST 2020
Ping: 24.006 ms
Download: 258.92 Mbit/s
Upload: 19.72 Mbit/s
Wed Sep 23 04:45:01 CEST 2020
Ping: 23.97 ms
Download: 318.17 Mbit/s
Upload: 19.44 Mbit/s
Wed Sep 23 05:45:02 CEST 2020
Ping: 26.3 ms
Download: 258.94 Mbit/s
Upload: 19.33 Mbit/s
Wed Sep 23 06:45:01 CEST 2020
Ping: 25.314 ms
Download: 246.14 Mbit/s
Upload: 19.22 Mbit/s
Wed Sep 23 07:45:01 CEST 2020
Ping: 23.175 ms
Download: 251.92 Mbit/s
Upload: 19.67 Mbit/s
Wed Sep 23 08:45:01 CEST 2020
Ping: 23.988 ms
Download: 284.80 Mbit/s
Upload: 19.52 Mbit/s
Wed Sep 23 09:45:01 CEST 2020
Ping: 22.722 ms
Download: 337.59 Mbit/s
Upload: 19.68 Mbit/s
Wed Sep 23 10:45:01 CEST 2020
Ping: 22.759 ms
Download: 227.70 Mbit/s
Upload: 19.56 Mbit/s
Wed Sep 23 11:45:02 CEST 2020
Ping: 19.262 ms
Download: 275.46 Mbit/s
Upload: 19.22 Mbit/s
Wed Sep 23 12:45:01 CEST 2020
Ping: 25.07 ms
Download: 254.92 Mbit/s
Upload: 19.28 Mbit/s
Wed Sep 23 13:45:01 CEST 2020
Ping: 25.027 ms
Download: 262.47 Mbit/s
Upload: 19.78 Mbit/s
Wed Sep 23 14:45:01 CEST 2020
Ping: 26.011 ms
Download: 219.60 Mbit/s
Upload: 19.36 Mbit/s
Wed Sep 23 15:45:01 CEST 2020
Ping: 25.169 ms
Download: 270.59 Mbit/s
Upload: 19.07 Mbit/s
Wed Sep 23 16:45:01 CEST 2020
Ping: 22.703 ms
Download: 245.24 Mbit/s
Upload: 18.86 Mbit/s
Wed Sep 23 17:45:01 CEST 2020
Ping: 27.175 ms
Download: 279.60 Mbit/s
Upload: 19.20 Mbit/s
Wed Sep 23 18:45:01 CEST 2020
Ping: 26.69 ms
Download: 224.23 Mbit/s
Upload: 19.51 Mbit/s
Wed Sep 23 19:45:01 CEST 2020
Ping: 24.122 ms
Download: 229.29 Mbit/s
Upload: 19.78 Mbit/s
Wed Sep 23 20:45:01 CEST 2020
Ping: 24.172 ms
Download: 264.83 Mbit/s
Upload: 19.68 Mbit/s
Wed Sep 23 21:45:01 CEST 2020
Ping: 21.04 ms
Download: 242.51 Mbit/s
Upload: 19.28 Mbit/s
Wed Sep 23 22:45:01 CEST 2020
Ping: 26.878 ms
Download: 246.95 Mbit/s
Upload: 18.29 Mbit/s
Wed Sep 23 23:45:01 CEST 2020
Ping: 25.116 ms
Download: 213.01 Mbit/s
Upload: 19.31 Mbit/s
Thu Sep 24 00:45:01 CEST 2020
Ping: 20.114 ms
Download: 205.13 Mbit/s
Upload: 19.49 Mbit/s
Thu Sep 24 01:45:01 CEST 2020
Ping: 19.069 ms
Download: 247.88 Mbit/s
Upload: 19.55 Mbit/s
Thu Sep 24 02:45:01 CEST 2020
Ping: 24.893 ms
Download: 270.52 Mbit/s
Upload: 19.25 Mbit/s
Thu Sep 24 03:45:01 CEST 2020
Ping: 22.693 ms
Download: 259.77 Mbit/s
Upload: 19.54 Mbit/s
Thu Sep 24 04:45:01 CEST 2020
Ping: 26.433 ms
Download: 246.62 Mbit/s
Upload: 19.42 Mbit/s
Thu Sep 24 05:45:02 CEST 2020
Ping: 26.837 ms
Download: 234.41 Mbit/s
Upload: 19.26 Mbit/s
Thu Sep 24 06:45:01 CEST 2020
Ping: 23.067 ms
Download: 161.05 Mbit/s
Upload: 19.52 Mbit/s
Thu Sep 24 07:45:01 CEST 2020
Ping: 20.574 ms
Download: 280.21 Mbit/s
Upload: 19.32 Mbit/s
Thu Sep 24 08:45:01 CEST 2020
Ping: 22.999 ms
Download: 125.04 Mbit/s
Upload: 18.58 Mbit/s
Thu Sep 24 09:45:01 CEST 2020
Ping: 25.696 ms
Download: 332.40 Mbit/s
Upload: 18.89 Mbit/s
Thu Sep 24 10:45:01 CEST 2020
Ping: 22.229 ms
Download: 390.14 Mbit/s
Upload: 19.23 Mbit/s
Thu Sep 24 11:45:01 CEST 2020
Ping: 26.82 ms
Download: 245.24 Mbit/s
Upload: 18.74 Mbit/s
Thu Sep 24 12:45:01 CEST 2020
Ping: 22.159 ms
Download: 228.15 Mbit/s
Upload: 19.44 Mbit/s
Thu Sep 24 13:45:01 CEST 2020
Ping: 22.407 ms
Download: 239.29 Mbit/s
Upload: 19.80 Mbit/s
Thu Sep 24 14:45:01 CEST 2020
Ping: 23.994 ms
Download: 268.70 Mbit/s
Upload: 19.32 Mbit/s
Thu Sep 24 15:45:01 CEST 2020
Ping: 27.91 ms
Download: 331.92 Mbit/s
Upload: 18.86 Mbit/s
Thu Sep 24 16:45:01 CEST 2020
Ping: 26.401 ms
Download: 232.13 Mbit/s
Upload: 18.71 Mbit/s
Thu Sep 24 17:45:01 CEST 2020
Ping: 22.577 ms
Download: 247.31 Mbit/s
Upload: 19.73 Mbit/s
Thu Sep 24 18:45:02 CEST 2020
Ping: 23.056 ms
Download: 209.04 Mbit/s
Upload: 19.58 Mbit/s
Thu Sep 24 19:45:01 CEST 2020
Ping: 27.88 ms
Download: 215.11 Mbit/s
Upload: 19.03 Mbit/s
Thu Sep 24 20:45:01 CEST 2020
Ping: 22.762 ms
Download: 281.43 Mbit/s
Upload: 19.07 Mbit/s
Thu Sep 24 21:45:01 CEST 2020
Ping: 28.424 ms
Download: 265.12 Mbit/s
Upload: 19.35 Mbit/s
Thu Sep 24 22:45:01 CEST 2020
Ping: 22.552 ms
Download: 129.41 Mbit/s
Upload: 19.09 Mbit/s
Thu Sep 24 23:45:01 CEST 2020
Ping: 29.097 ms
Download: 258.69 Mbit/s
Upload: 19.28 Mbit/s
Fri Sep 25 00:45:01 CEST 2020
Ping: 24.841 ms
Download: 248.19 Mbit/s
Upload: 19.55 Mbit/s
Fri Sep 25 01:45:01 CEST 2020
Ping: 23.898 ms
Download: 305.95 Mbit/s
Upload: 19.20 Mbit/s
Fri Sep 25 02:45:01 CEST 2020
Ping: 26.037 ms
Download: 222.04 Mbit/s
Upload: 19.71 Mbit/s
Fri Sep 25 03:45:01 CEST 2020
Ping: 26.655 ms
Download: 234.47 Mbit/s
Upload: 19.47 Mbit/s
Fri Sep 25 04:45:01 CEST 2020
Ping: 23.519 ms
Download: 276.69 Mbit/s
Upload: 19.27 Mbit/s
Fri Sep 25 05:45:01 CEST 2020
Ping: 23.073 ms
Download: 222.97 Mbit/s
Upload: 19.22 Mbit/s
Fri Sep 25 06:45:01 CEST 2020
Ping: 24.719 ms
Download: 256.21 Mbit/s
Upload: 19.23 Mbit/s
Fri Sep 25 07:45:01 CEST 2020
Ping: 27.33 ms
Download: 238.21 Mbit/s
Upload: 18.70 Mbit/s
Fri Sep 25 08:45:01 CEST 2020
Ping: 33.66 ms
Download: 228.63 Mbit/s
Upload: 18.38 Mbit/s
Fri Sep 25 09:45:01 CEST 2020
Ping: 25.817 ms
Download: 204.84 Mbit/s
Upload: 19.46 Mbit/s
Fri Sep 25 10:45:01 CEST 2020
Ping: 22.885 ms
Download: 255.96 Mbit/s
Upload: 19.53 Mbit/s
Fri Sep 25 11:45:01 CEST 2020
Ping: 21.333 ms
Download: 236.89 Mbit/s
Upload: 19.53 Mbit/s
Fri Sep 25 12:45:01 CEST 2020
Ping: 24.987 ms
Download: 175.17 Mbit/s
Upload: 19.66 Mbit/s
Fri Sep 25 13:45:01 CEST 2020
Ping: 22.365 ms
Download: 225.78 Mbit/s
Upload: 19.52 Mbit/s
Fri Sep 25 14:45:01 CEST 2020
Ping: 29.418 ms
Download: 301.03 Mbit/s
Upload: 19.37 Mbit/s
Fri Sep 25 15:45:01 CEST 2020
Ping: 23.678 ms
Download: 304.70 Mbit/s
Upload: 19.55 Mbit/s
Fri Sep 25 16:45:02 CEST 2020
Ping: 24.48 ms
Download: 274.24 Mbit/s
Upload: 19.06 Mbit/s
Fri Sep 25 17:45:01 CEST 2020
Ping: 31.498 ms
Download: 209.42 Mbit/s
Upload: 19.25 Mbit/s
Fri Sep 25 18:45:02 CEST 2020
Ping: 28.263 ms
Download: 259.78 Mbit/s
Upload: 19.28 Mbit/s
Fri Sep 25 19:45:01 CEST 2020
Ping: 22.259 ms
Download: 225.58 Mbit/s
Upload: 18.99 Mbit/s
Fri Sep 25 20:45:01 CEST 2020
Ping: 23.854 ms
Download: 216.65 Mbit/s
Upload: 19.62 Mbit/s
Fri Sep 25 21:45:01 CEST 2020
Ping: 26.507 ms
Download: 248.80 Mbit/s
Upload: 19.48 Mbit/s
Fri Sep 25 22:45:01 CEST 2020
Ping: 25.264 ms
Download: 207.88 Mbit/s
Upload: 19.36 Mbit/s
Fri Sep 25 23:45:01 CEST 2020
Ping: 25.708 ms
Download: 150.96 Mbit/s
Upload: 19.77 Mbit/s
Sat Sep 26 00:45:01 CEST 2020
Ping: 26.31 ms
Download: 277.67 Mbit/s
Upload: 18.78 Mbit/s
Sat Sep 26 01:45:01 CEST 2020
Ping: 22.983 ms
Download: 151.11 Mbit/s
Upload: 18.92 Mbit/s
Sat Sep 26 02:45:01 CEST 2020
Ping: 21.01 ms
Download: 242.95 Mbit/s
Upload: 19.74 Mbit/s
Sat Sep 26 03:45:01 CEST 2020
Ping: 21.4 ms
Download: 129.24 Mbit/s
Upload: 17.98 Mbit/s
Sat Sep 26 04:45:01 CEST 2020
Ping: 21.602 ms
Download: 275.20 Mbit/s
Upload: 19.09 Mbit/s
Sat Sep 26 05:45:01 CEST 2020
Ping: 22.967 ms
Download: 234.13 Mbit/s
Upload: 19.79 Mbit/s
Sat Sep 26 06:45:01 CEST 2020
Ping: 25.192 ms
Download: 224.52 Mbit/s
Upload: 19.53 Mbit/s
Sat Sep 26 07:45:01 CEST 2020
Ping: 27.554 ms
Download: 272.15 Mbit/s
Upload: 18.21 Mbit/s
Sat Sep 26 08:45:01 CEST 2020
Ping: 28.301 ms
Download: 274.28 Mbit/s
Upload: 19.33 Mbit/s
Sat Sep 26 09:45:02 CEST 2020
Ping: 22.566 ms
Download: 267.68 Mbit/s
Upload: 19.36 Mbit/s
Sat Sep 26 10:45:01 CEST 2020
Ping: 24.159 ms
Download: 175.34 Mbit/s
Upload: 19.32 Mbit/s
Sat Sep 26 11:45:01 CEST 2020
Ping: 24.829 ms
Download: 96.03 Mbit/s
Upload: 19.11 Mbit/s
Sat Sep 26 12:45:01 CEST 2020
Ping: 24.948 ms
Download: 216.25 Mbit/s
Upload: 18.97 Mbit/s
Sat Sep 26 13:45:01 CEST 2020
Ping: 25.008 ms
Download: 258.10 Mbit/s
Upload: 19.70 Mbit/s
Sat Sep 26 14:45:01 CEST 2020
Ping: 24.379 ms
Download: 109.60 Mbit/s
Upload: 18.98 Mbit/s
Sat Sep 26 15:45:02 CEST 2020
Ping: 27.587 ms
Download: 246.56 Mbit/s
Upload: 18.75 Mbit/s
Sat Sep 26 16:45:01 CEST 2020
Ping: 28.846 ms
Download: 338.16 Mbit/s
Upload: 19.02 Mbit/s
Sat Sep 26 17:45:01 CEST 2020
Ping: 28.308 ms
Download: 265.89 Mbit/s
Upload: 18.97 Mbit/s
Sat Sep 26 18:45:01 CEST 2020
Ping: 27.139 ms
Download: 236.98 Mbit/s
Upload: 19.21 Mbit/s
Sat Sep 26 19:45:01 CEST 2020
Ping: 25.147 ms
Download: 265.63 Mbit/s
Upload: 19.43 Mbit/s
Sat Sep 26 20:45:02 CEST 2020
Ping: 28.525 ms
Download: 233.59 Mbit/s
Upload: 18.99 Mbit/s
Sat Sep 26 21:45:01 CEST 2020
Ping: 24.503 ms
Download: 129.52 Mbit/s
Upload: 18.89 Mbit/s
Sat Sep 26 22:45:01 CEST 2020
Ping: 22.851 ms
Download: 221.51 Mbit/s
Upload: 19.54 Mbit/s
Sat Sep 26 23:45:01 CEST 2020
Ping: 21.846 ms
Download: 277.95 Mbit/s
Upload: 19.63 Mbit/s
Sun Sep 27 00:45:01 CEST 2020
Ping: 21.587 ms
Download: 96.73 Mbit/s
Upload: 19.63 Mbit/s
Sun Sep 27 01:45:01 CEST 2020
Ping: 20.627 ms
Download: 241.13 Mbit/s
Upload: 19.42 Mbit/s
Sun Sep 27 02:45:01 CEST 2020
Ping: 21.835 ms
Download: 169.47 Mbit/s
Upload: 19.75 Mbit/s
Sun Sep 27 03:45:01 CEST 2020
Ping: 28.163 ms
Download: 278.15 Mbit/s
Upload: 18.95 Mbit/s
Sun Sep 27 04:45:01 CEST 2020
Ping: 24.441 ms
Download: 112.38 Mbit/s
Upload: 19.70 Mbit/s
Sun Sep 27 05:45:01 CEST 2020
Ping: 26.115 ms
Download: 259.15 Mbit/s
Upload: 19.49 Mbit/s
Sun Sep 27 06:45:01 CEST 2020
Ping: 24.257 ms
Download: 298.55 Mbit/s
Upload: 19.57 Mbit/s
Sun Sep 27 07:45:01 CEST 2020
Ping: 23.231 ms
Download: 290.93 Mbit/s
Upload: 19.51 Mbit/s
Sun Sep 27 08:45:01 CEST 2020
Ping: 24.093 ms
Download: 274.76 Mbit/s
Upload: 19.59 Mbit/s
Sun Sep 27 09:45:01 CEST 2020
Ping: 24.485 ms
Download: 253.66 Mbit/s
Upload: 19.56 Mbit/s
Sun Sep 27 10:45:01 CEST 2020
Ping: 23.643 ms
Download: 282.75 Mbit/s
Upload: 19.67 Mbit/s
Sun Sep 27 11:45:01 CEST 2020
Ping: 21.574 ms
Download: 161.38 Mbit/s
Upload: 19.35 Mbit/s
Sun Sep 27 12:45:01 CEST 2020
Ping: 27.151 ms
Download: 333.44 Mbit/s
Upload: 18.81 Mbit/s
Sun Sep 27 13:45:01 CEST 2020
Ping: 28.617 ms
Download: 231.10 Mbit/s
Upload: 19.09 Mbit/s
Sun Sep 27 14:45:01 CEST 2020
Ping: 28.124 ms
Download: 317.89 Mbit/s
Upload: 19.65 Mbit/s
Sun Sep 27 15:45:01 CEST 2020
Ping: 24.396 ms
Download: 245.60 Mbit/s
Upload: 19.77 Mbit/s
Sun Sep 27 16:45:01 CEST 2020
Ping: 24.744 ms
Download: 278.59 Mbit/s
Upload: 19.62 Mbit/s
Sun Sep 27 17:45:02 CEST 2020
Ping: 21.573 ms
Download: 313.08 Mbit/s
Upload: 18.74 Mbit/s
Sun Sep 27 18:45:01 CEST 2020
Ping: 26.64 ms
Download: 298.01 Mbit/s
Upload: 19.17 Mbit/s
Sun Sep 27 19:45:01 CEST 2020
Ping: 23.392 ms
Download: 175.81 Mbit/s
Upload: 19.09 Mbit/s
Sun Sep 27 20:45:01 CEST 2020
Ping: 25.991 ms
Download: 232.39 Mbit/s
Upload: 19.13 Mbit/s
Sun Sep 27 21:45:01 CEST 2020
Ping: 21.974 ms
Download: 283.44 Mbit/s
Upload: 19.27 Mbit/s
Sun Sep 27 22:45:01 CEST 2020
Ping: 28.413 ms
Download: 232.18 Mbit/s
Upload: 19.33 Mbit/s
Sun Sep 27 23:45:01 CEST 2020
Ping: 27.037 ms
Download: 238.73 Mbit/s
Upload: 19.43 Mbit/s
Mon Sep 28 00:45:01 CEST 2020
Ping: 22.034 ms
Download: 161.55 Mbit/s
Upload: 19.42 Mbit/s
Mon Sep 28 01:45:01 CEST 2020
Ping: 23.484 ms
Download: 178.27 Mbit/s
Upload: 19.46 Mbit/s
Mon Sep 28 02:45:02 CEST 2020
Ping: 19.914 ms
Download: 250.03 Mbit/s
Upload: 19.73 Mbit/s
Mon Sep 28 03:45:01 CEST 2020
Ping: 22.46 ms
Download: 278.26 Mbit/s
Upload: 19.73 Mbit/s
Mon Sep 28 04:45:01 CEST 2020
Ping: 26.642 ms
Download: 194.09 Mbit/s
Upload: 19.39 Mbit/s
Mon Sep 28 05:45:02 CEST 2020
Ping: 21.733 ms
Download: 237.28 Mbit/s
Upload: 19.30 Mbit/s
Mon Sep 28 06:45:01 CEST 2020
Ping: 25.636 ms
Download: 270.76 Mbit/s
Upload: 19.55 Mbit/s
Mon Sep 28 07:45:01 CEST 2020
Ping: 27.039 ms
Download: 235.92 Mbit/s
Upload: 19.54 Mbit/s
Mon Sep 28 08:45:01 CEST 2020
Ping: 23.5 ms
Download: 106.76 Mbit/s
Upload: 19.37 Mbit/s
Mon Sep 28 09:45:01 CEST 2020
Ping: 23.546 ms
Download: 263.10 Mbit/s
Upload: 19.47 Mbit/s
Mon Sep 28 10:45:01 CEST 2020
Ping: 25.445 ms
Download: 204.28 Mbit/s
Upload: 19.28 Mbit/s
Mon Sep 28 11:45:01 CEST 2020
Ping: 23.077 ms
Download: 125.52 Mbit/s
Upload: 19.42 Mbit/s
Mon Sep 28 12:45:01 CEST 2020
Ping: 25.475 ms
Download: 225.19 Mbit/s
Upload: 15.73 Mbit/s
Mon Sep 28 13:45:01 CEST 2020
Ping: 23.87 ms
Download: 184.04 Mbit/s
Upload: 18.95 Mbit/s
Mon Sep 28 14:45:02 CEST 2020
Ping: 21.643 ms
Download: 282.66 Mbit/s
Upload: 19.70 Mbit/s
Mon Sep 28 15:45:01 CEST 2020
Ping: 22.088 ms
Download: 154.32 Mbit/s
Upload: 19.22 Mbit/s
Mon Sep 28 16:45:01 CEST 2020
Ping: 23.777 ms
Download: 288.70 Mbit/s
Upload: 19.42 Mbit/s
Mon Sep 28 17:45:01 CEST 2020
Ping: 27.166 ms
Download: 267.12 Mbit/s
Upload: 18.93 Mbit/s
Mon Sep 28 18:45:01 CEST 2020
Ping: 21.764 ms
Download: 258.08 Mbit/s
Upload: 19.36 Mbit/s
Mon Sep 28 19:45:01 CEST 2020
Ping: 22.551 ms
Download: 121.60 Mbit/s
Upload: 19.68 Mbit/s
Mon Sep 28 20:45:01 CEST 2020
Ping: 24.301 ms
Download: 244.42 Mbit/s
Upload: 19.48 Mbit/s
Mon Sep 28 21:45:01 CEST 2020
Ping: 22.787 ms
Download: 282.68 Mbit/s
Upload: 19.66 Mbit/s
Mon Sep 28 22:45:01 CEST 2020
Ping: 20.935 ms
Download: 108.01 Mbit/s
Upload: 19.45 Mbit/s
Mon Sep 28 23:45:02 CEST 2020
Ping: 20.243 ms
Download: 289.04 Mbit/s
Upload: 19.81 Mbit/s
Tue Sep 29 00:45:01 CEST 2020
Ping: 25.118 ms
Download: 172.37 Mbit/s
Upload: 19.58 Mbit/s
Tue Sep 29 01:45:01 CEST 2020
Ping: 23.498 ms
Download: 261.52 Mbit/s
Upload: 19.16 Mbit/s
Tue Sep 29 02:45:01 CEST 2020
Ping: 24.42 ms
Download: 231.02 Mbit/s
Upload: 19.27 Mbit/s
Tue Sep 29 03:45:01 CEST 2020
Ping: 22.566 ms
Download: 221.56 Mbit/s
Upload: 19.59 Mbit/s
Tue Sep 29 04:45:01 CEST 2020
Ping: 23.495 ms
Download: 251.37 Mbit/s
Upload: 19.44 Mbit/s
Tue Sep 29 05:45:01 CEST 2020
Ping: 21.818 ms
Download: 248.89 Mbit/s
Upload: 19.58 Mbit/s
Tue Sep 29 06:45:01 CEST 2020
Ping: 20.836 ms
Download: 279.30 Mbit/s
Upload: 19.40 Mbit/s
Tue Sep 29 07:45:01 CEST 2020
Ping: 25.013 ms
Download: 288.93 Mbit/s
Upload: 19.37 Mbit/s
Tue Sep 29 08:45:01 CEST 2020
Ping: 24.007 ms
Download: 236.96 Mbit/s
Upload: 19.12 Mbit/s
Tue Sep 29 09:45:01 CEST 2020
Ping: 29.231 ms
Download: 214.91 Mbit/s
Upload: 19.48 Mbit/s
Tue Sep 29 10:45:01 CEST 2020
Ping: 26.355 ms
Download: 275.11 Mbit/s
Upload: 19.66 Mbit/s
Tue Sep 29 11:45:01 CEST 2020
Ping: 23.665 ms
Download: 192.37 Mbit/s
Upload: 19.54 Mbit/s
Tue Sep 29 12:45:01 CEST 2020
Ping: 23.315 ms
Download: 258.94 Mbit/s
Upload: 19.37 Mbit/s
Tue Sep 29 13:45:01 CEST 2020
Ping: 25.007 ms
Download: 231.70 Mbit/s
Upload: 19.71 Mbit/s
Tue Sep 29 14:45:01 CEST 2020
Ping: 26.659 ms
Download: 269.52 Mbit/s
Upload: 19.48 Mbit/s
Tue Sep 29 15:45:01 CEST 2020
Ping: 24.321 ms
Download: 139.87 Mbit/s
Upload: 19.56 Mbit/s
Tue Sep 29 16:45:01 CEST 2020
Ping: 25.098 ms
Download: 296.06 Mbit/s
Upload: 18.38 Mbit/s
Tue Sep 29 17:45:01 CEST 2020
Ping: 24.272 ms
Download: 254.64 Mbit/s
Upload: 19.21 Mbit/s
Tue Sep 29 18:45:01 CEST 2020
Ping: 28.015 ms
Download: 330.84 Mbit/s
Upload: 18.71 Mbit/s
Tue Sep 29 19:45:01 CEST 2020
Ping: 25.222 ms
Download: 266.35 Mbit/s
Upload: 19.17 Mbit/s
Tue Sep 29 20:45:01 CEST 2020
Ping: 24.849 ms
Download: 260.78 Mbit/s
Upload: 19.39 Mbit/s
Tue Sep 29 21:45:02 CEST 2020
Ping: 23.568 ms
Download: 263.62 Mbit/s
Upload: 19.36 Mbit/s
Tue Sep 29 22:45:01 CEST 2020
Ping: 25.547 ms
Download: 244.00 Mbit/s
Upload: 19.17 Mbit/s
Tue Sep 29 23:45:01 CEST 2020
Ping: 25.755 ms
Download: 250.51 Mbit/s
Upload: 19.86 Mbit/s
Wed Sep 30 00:45:01 CEST 2020
Ping: 24.515 ms
Download: 142.50 Mbit/s
Upload: 19.58 Mbit/s
Wed Sep 30 01:45:01 CEST 2020
Ping: 25.803 ms
Download: 274.67 Mbit/s
Upload: 19.32 Mbit/s
Wed Sep 30 02:45:01 CEST 2020
Ping: 26.849 ms
Download: 254.21 Mbit/s
Upload: 19.60 Mbit/s
Wed Sep 30 03:45:01 CEST 2020
Ping: 24.156 ms
Download: 204.87 Mbit/s
Upload: 19.78 Mbit/s
Wed Sep 30 04:45:01 CEST 2020
Ping: 23.878 ms
Download: 260.21 Mbit/s
Upload: 19.37 Mbit/s
Wed Sep 30 05:45:01 CEST 2020
Ping: 22.443 ms
Download: 259.72 Mbit/s
Upload: 19.74 Mbit/s
Wed Sep 30 06:45:01 CEST 2020
Ping: 23.484 ms
Download: 116.50 Mbit/s
Upload: 16.48 Mbit/s
Wed Sep 30 07:45:01 CEST 2020
Ping: 23.664 ms
Download: 166.59 Mbit/s
Upload: 19.36 Mbit/s
Wed Sep 30 08:45:01 CEST 2020
Ping: 23.921 ms
Download: 254.64 Mbit/s
Upload: 19.13 Mbit/s
Wed Sep 30 09:45:01 CEST 2020
Ping: 23.931 ms
Download: 157.79 Mbit/s
Upload: 19.31 Mbit/s
Wed Sep 30 10:45:01 CEST 2020
Ping: 24.509 ms
Download: 247.16 Mbit/s
Upload: 18.57 Mbit/s
Wed Sep 30 11:45:01 CEST 2020
Ping: 24.205 ms
Download: 149.81 Mbit/s
Upload: 19.32 Mbit/s
Wed Sep 30 12:45:01 CEST 2020
Ping: 27.494 ms
Download: 243.73 Mbit/s
Upload: 19.57 Mbit/s
Wed Sep 30 13:45:01 CEST 2020
Ping: 24.184 ms
Download: 242.80 Mbit/s
Upload: 19.52 Mbit/s
Wed Sep 30 14:45:01 CEST 2020
Ping: 24.001 ms
Download: 306.01 Mbit/s
Upload: 19.79 Mbit/s
Wed Sep 30 15:45:01 CEST 2020
Ping: 23.518 ms
Download: 266.54 Mbit/s
Upload: 19.20 Mbit/s
Wed Sep 30 16:45:01 CEST 2020
Ping: 24.541 ms
Download: 203.06 Mbit/s
Upload: 19.45 Mbit/s
Wed Sep 30 17:45:01 CEST 2020
Ping: 25.719 ms
Download: 275.75 Mbit/s
Upload: 19.48 Mbit/s
Wed Sep 30 18:45:01 CEST 2020
Ping: 23.017 ms
Download: 276.37 Mbit/s
Upload: 19.64 Mbit/s
Wed Sep 30 19:45:01 CEST 2020
Ping: 26.661 ms
Download: 296.41 Mbit/s
Upload: 19.08 Mbit/s
Wed Sep 30 20:45:01 CEST 2020
Ping: 23.267 ms
Download: 291.72 Mbit/s
Upload: 19.48 Mbit/s
Wed Sep 30 21:45:01 CEST 2020
Ping: 22.647 ms
Download: 140.77 Mbit/s
Upload: 19.71 Mbit/s
Wed Sep 30 22:45:01 CEST 2020
Ping: 26.925 ms
Download: 220.13 Mbit/s
Upload: 19.55 Mbit/s
Wed Sep 30 23:45:01 CEST 2020
Ping: 24.952 ms
Download: 101.72 Mbit/s
Upload: 18.86 Mbit/s
