Wed Jan  1 00:45:02 CET 2020
Ping: 24.252 ms
Download: 230.55 Mbit/s
Upload: 18.72 Mbit/s
Wed Jan  1 01:45:01 CET 2020
Ping: 24.322 ms
Download: 219.38 Mbit/s
Upload: 19.71 Mbit/s
Wed Jan  1 02:45:01 CET 2020
Ping: 25.054 ms
Download: 162.88 Mbit/s
Upload: 19.33 Mbit/s
Wed Jan  1 03:45:01 CET 2020
Ping: 25.886 ms
Download: 136.20 Mbit/s
Upload: 19.46 Mbit/s
Wed Jan  1 04:45:01 CET 2020
Ping: 24.186 ms
Download: 135.53 Mbit/s
Upload: 19.52 Mbit/s
Wed Jan  1 05:45:01 CET 2020
Ping: 24.692 ms
Download: 140.25 Mbit/s
Upload: 19.61 Mbit/s
Wed Jan  1 06:45:01 CET 2020
Ping: 23.385 ms
Download: 238.74 Mbit/s
Upload: 18.95 Mbit/s
Wed Jan  1 07:45:01 CET 2020
Ping: 25.248 ms
Download: 211.83 Mbit/s
Upload: 19.67 Mbit/s
Wed Jan  1 08:45:01 CET 2020
Ping: 24.074 ms
Download: 224.15 Mbit/s
Upload: 19.18 Mbit/s
Wed Jan  1 09:45:01 CET 2020
Ping: 25.042 ms
Download: 105.40 Mbit/s
Upload: 19.69 Mbit/s
Wed Jan  1 10:45:02 CET 2020
Ping: 25.709 ms
Download: 230.77 Mbit/s
Upload: 19.26 Mbit/s
Wed Jan  1 11:45:01 CET 2020
Ping: 23.072 ms
Download: 240.90 Mbit/s
Upload: 19.03 Mbit/s
Wed Jan  1 12:45:01 CET 2020
Ping: 22.002 ms
Download: 225.20 Mbit/s
Upload: 19.42 Mbit/s
Wed Jan  1 13:45:01 CET 2020
Ping: 23.538 ms
Download: 129.93 Mbit/s
Upload: 19.26 Mbit/s
Wed Jan  1 14:45:01 CET 2020
Ping: 25.271 ms
Download: 233.90 Mbit/s
Upload: 19.03 Mbit/s
Wed Jan  1 15:45:01 CET 2020
Ping: 23.212 ms
Download: 149.30 Mbit/s
Upload: 19.77 Mbit/s
Wed Jan  1 16:45:01 CET 2020
Ping: 24.909 ms
Download: 161.18 Mbit/s
Upload: 19.24 Mbit/s
Wed Jan  1 17:45:01 CET 2020
Ping: 22.932 ms
Download: 240.75 Mbit/s
Upload: 19.57 Mbit/s
Wed Jan  1 18:45:01 CET 2020
Ping: 22.744 ms
Download: 130.99 Mbit/s
Upload: 18.62 Mbit/s
Wed Jan  1 19:45:01 CET 2020
Ping: 25.908 ms
Download: 149.44 Mbit/s
Upload: 19.13 Mbit/s
Wed Jan  1 20:45:01 CET 2020
Ping: 24.395 ms
Download: 216.31 Mbit/s
Upload: 19.16 Mbit/s
Wed Jan  1 21:45:01 CET 2020
Ping: 26.024 ms
Download: 121.18 Mbit/s
Upload: 19.29 Mbit/s
Wed Jan  1 22:45:01 CET 2020
Ping: 23.124 ms
Download: 253.50 Mbit/s
Upload: 19.86 Mbit/s
Wed Jan  1 23:45:01 CET 2020
Ping: 23.892 ms
Download: 233.51 Mbit/s
Upload: 19.12 Mbit/s
Thu Jan  2 00:45:02 CET 2020
Ping: 26.186 ms
Download: 210.04 Mbit/s
Upload: 17.94 Mbit/s
Thu Jan  2 01:45:01 CET 2020
Ping: 38.117 ms
Download: 86.97 Mbit/s
Upload: 15.90 Mbit/s
Thu Jan  2 02:45:01 CET 2020
Ping: 25.822 ms
Download: 115.55 Mbit/s
Upload: 19.34 Mbit/s
Thu Jan  2 03:45:01 CET 2020
Ping: 22.975 ms
Download: 141.18 Mbit/s
Upload: 19.11 Mbit/s
Thu Jan  2 04:45:01 CET 2020
Ping: 26.706 ms
Download: 232.74 Mbit/s
Upload: 18.89 Mbit/s
Thu Jan  2 05:45:01 CET 2020
Ping: 24.016 ms
Download: 159.23 Mbit/s
Upload: 19.56 Mbit/s
Thu Jan  2 06:45:01 CET 2020
Ping: 25.463 ms
Download: 99.78 Mbit/s
Upload: 19.67 Mbit/s
Thu Jan  2 07:45:01 CET 2020
Ping: 23.434 ms
Download: 142.09 Mbit/s
Upload: 19.58 Mbit/s
Thu Jan  2 08:45:01 CET 2020
Ping: 25.596 ms
Download: 240.57 Mbit/s
Upload: 19.46 Mbit/s
Thu Jan  2 09:45:01 CET 2020
Ping: 25.248 ms
Download: 140.68 Mbit/s
Upload: 19.43 Mbit/s
Thu Jan  2 10:45:01 CET 2020
Ping: 30.618 ms
Download: 79.81 Mbit/s
Upload: 17.67 Mbit/s
Thu Jan  2 11:45:01 CET 2020
Ping: 24.642 ms
Download: 123.56 Mbit/s
Upload: 19.43 Mbit/s
Thu Jan  2 12:45:01 CET 2020
Ping: 26.085 ms
Download: 177.19 Mbit/s
Upload: 19.48 Mbit/s
Thu Jan  2 13:45:01 CET 2020
Ping: 26.249 ms
Download: 207.55 Mbit/s
Upload: 13.68 Mbit/s
Thu Jan  2 14:45:01 CET 2020
Ping: 27.534 ms
Download: 139.77 Mbit/s
Upload: 16.96 Mbit/s
Thu Jan  2 15:45:01 CET 2020
Ping: 21.734 ms
Download: 140.29 Mbit/s
Upload: 18.15 Mbit/s
Thu Jan  2 16:45:01 CET 2020
Ping: 24.673 ms
Download: 158.18 Mbit/s
Upload: 18.74 Mbit/s
Thu Jan  2 17:45:01 CET 2020
Ping: 23.609 ms
Download: 148.84 Mbit/s
Upload: 19.34 Mbit/s
Thu Jan  2 18:45:01 CET 2020
Ping: 27.634 ms
Download: 129.80 Mbit/s
Upload: 18.86 Mbit/s
Thu Jan  2 19:45:01 CET 2020
Ping: 38.482 ms
Download: 208.25 Mbit/s
Upload: 15.45 Mbit/s
Thu Jan  2 20:45:01 CET 2020
Ping: 29.403 ms
Download: 217.69 Mbit/s
Upload: 15.09 Mbit/s
Thu Jan  2 21:45:01 CET 2020
Ping: 25.333 ms
Download: 140.47 Mbit/s
Upload: 18.89 Mbit/s
Thu Jan  2 22:45:01 CET 2020
Ping: 26.828 ms
Download: 129.67 Mbit/s
Upload: 16.10 Mbit/s
Thu Jan  2 23:45:01 CET 2020
Ping: 24.509 ms
Download: 196.48 Mbit/s
Upload: 19.43 Mbit/s
Fri Jan  3 00:45:01 CET 2020
Ping: 20.51 ms
Download: 119.57 Mbit/s
Upload: 18.16 Mbit/s
Fri Jan  3 01:45:01 CET 2020
Ping: 26.77 ms
Download: 126.99 Mbit/s
Upload: 19.51 Mbit/s
Fri Jan  3 02:45:01 CET 2020
Ping: 27.005 ms
Download: 249.58 Mbit/s
Upload: 19.59 Mbit/s
Fri Jan  3 03:45:01 CET 2020
Ping: 24.193 ms
Download: 137.63 Mbit/s
Upload: 18.47 Mbit/s
Fri Jan  3 04:45:01 CET 2020
Ping: 22.534 ms
Download: 143.23 Mbit/s
Upload: 18.81 Mbit/s
Fri Jan  3 05:45:01 CET 2020
Ping: 26.221 ms
Download: 140.00 Mbit/s
Upload: 19.70 Mbit/s
Fri Jan  3 06:45:01 CET 2020
Ping: 24.949 ms
Download: 181.34 Mbit/s
Upload: 18.65 Mbit/s
Fri Jan  3 07:45:01 CET 2020
Ping: 27.103 ms
Download: 207.91 Mbit/s
Upload: 19.04 Mbit/s
Fri Jan  3 08:45:01 CET 2020
Ping: 25.663 ms
Download: 145.29 Mbit/s
Upload: 19.15 Mbit/s
Fri Jan  3 09:45:01 CET 2020
Ping: 24.561 ms
Download: 147.30 Mbit/s
Upload: 18.08 Mbit/s
Fri Jan  3 10:45:01 CET 2020
Ping: 26.892 ms
Download: 137.51 Mbit/s
Upload: 18.55 Mbit/s
Fri Jan  3 11:45:02 CET 2020
Ping: 20.842 ms
Download: 148.44 Mbit/s
Upload: 17.60 Mbit/s
Fri Jan  3 12:45:01 CET 2020
Ping: 27.507 ms
Download: 121.25 Mbit/s
Upload: 17.74 Mbit/s
Fri Jan  3 13:45:01 CET 2020
Ping: 29.19 ms
Download: 138.74 Mbit/s
Upload: 18.11 Mbit/s
Fri Jan  3 14:45:01 CET 2020
Ping: 26.184 ms
Download: 215.87 Mbit/s
Upload: 18.19 Mbit/s
Fri Jan  3 15:45:01 CET 2020
Ping: 24.273 ms
Download: 223.22 Mbit/s
Upload: 17.30 Mbit/s
Fri Jan  3 16:45:01 CET 2020
Ping: 27.391 ms
Download: 152.48 Mbit/s
Upload: 18.36 Mbit/s
Fri Jan  3 17:45:02 CET 2020
Ping: 22.932 ms
Download: 211.25 Mbit/s
Upload: 17.72 Mbit/s
Fri Jan  3 18:45:01 CET 2020
Ping: 24.443 ms
Download: 237.00 Mbit/s
Upload: 17.35 Mbit/s
Fri Jan  3 19:45:01 CET 2020
Ping: 26.533 ms
Download: 155.52 Mbit/s
Upload: 17.57 Mbit/s
Fri Jan  3 20:45:01 CET 2020
Ping: 25.829 ms
Download: 207.87 Mbit/s
Upload: 17.99 Mbit/s
Fri Jan  3 21:45:01 CET 2020
Ping: 26.542 ms
Download: 217.57 Mbit/s
Upload: 17.69 Mbit/s
Fri Jan  3 22:45:01 CET 2020
Ping: 27.389 ms
Download: 212.58 Mbit/s
Upload: 19.51 Mbit/s
Fri Jan  3 23:45:01 CET 2020
Ping: 25.087 ms
Download: 219.19 Mbit/s
Upload: 16.97 Mbit/s
Sat Jan  4 00:45:01 CET 2020
Ping: 26.986 ms
Download: 182.02 Mbit/s
Upload: 17.08 Mbit/s
Sat Jan  4 01:45:01 CET 2020
Ping: 26.976 ms
Download: 214.86 Mbit/s
Upload: 16.41 Mbit/s
Sat Jan  4 02:45:01 CET 2020
Ping: 25.86 ms
Download: 149.31 Mbit/s
Upload: 16.86 Mbit/s
Sat Jan  4 03:45:01 CET 2020
Ping: 26.281 ms
Download: 202.57 Mbit/s
Upload: 17.35 Mbit/s
Sat Jan  4 04:45:01 CET 2020
Ping: 32.142 ms
Download: 170.39 Mbit/s
Upload: 17.49 Mbit/s
Sat Jan  4 05:45:02 CET 2020
Ping: 24.024 ms
Download: 210.27 Mbit/s
Upload: 18.46 Mbit/s
Sat Jan  4 06:45:01 CET 2020
Ping: 25.476 ms
Download: 123.00 Mbit/s
Upload: 15.47 Mbit/s
Sat Jan  4 07:45:01 CET 2020
Ping: 25.946 ms
Download: 226.65 Mbit/s
Upload: 17.38 Mbit/s
Sat Jan  4 08:45:01 CET 2020
Ping: 24.676 ms
Download: 248.46 Mbit/s
Upload: 19.91 Mbit/s
Sat Jan  4 09:45:01 CET 2020
Ping: 31.352 ms
Download: 199.72 Mbit/s
Upload: 15.24 Mbit/s
Sat Jan  4 10:45:01 CET 2020
Ping: 40.317 ms
Download: 206.57 Mbit/s
Upload: 16.00 Mbit/s
Sat Jan  4 11:45:06 CET 2020
Ping: 26.333 ms
Download: 222.17 Mbit/s
Upload: 18.82 Mbit/s
Sat Jan  4 12:45:01 CET 2020
Ping: 22.135 ms
Download: 169.82 Mbit/s
Upload: 15.75 Mbit/s
Sat Jan  4 13:45:01 CET 2020
Ping: 25.767 ms
Download: 266.57 Mbit/s
Upload: 19.68 Mbit/s
Sat Jan  4 14:45:02 CET 2020
Ping: 26.489 ms
Download: 209.62 Mbit/s
Upload: 19.43 Mbit/s
Sat Jan  4 15:45:01 CET 2020
Ping: 24.425 ms
Download: 217.76 Mbit/s
Upload: 19.82 Mbit/s
Sat Jan  4 16:45:01 CET 2020
Ping: 25.738 ms
Download: 173.22 Mbit/s
Upload: 19.73 Mbit/s
Sat Jan  4 17:45:01 CET 2020
Ping: 26.465 ms
Download: 208.94 Mbit/s
Upload: 18.82 Mbit/s
Sat Jan  4 18:45:01 CET 2020
Ping: 25.619 ms
Download: 132.40 Mbit/s
Upload: 19.55 Mbit/s
Sat Jan  4 19:45:01 CET 2020
Ping: 27.265 ms
Download: 234.28 Mbit/s
Upload: 19.58 Mbit/s
Sat Jan  4 20:45:01 CET 2020
Ping: 25.802 ms
Download: 130.95 Mbit/s
Upload: 19.19 Mbit/s
Sat Jan  4 21:45:01 CET 2020
Ping: 25.62 ms
Download: 238.02 Mbit/s
Upload: 19.81 Mbit/s
Sat Jan  4 22:45:01 CET 2020
Ping: 24.362 ms
Download: 101.32 Mbit/s
Upload: 19.65 Mbit/s
Sat Jan  4 23:45:01 CET 2020
Ping: 22.286 ms
Download: 241.06 Mbit/s
Upload: 19.29 Mbit/s
Sun Jan  5 00:45:01 CET 2020
Ping: 25.035 ms
Download: 215.03 Mbit/s
Upload: 19.33 Mbit/s
Sun Jan  5 01:45:01 CET 2020
Ping: 25.027 ms
Download: 149.89 Mbit/s
Upload: 19.15 Mbit/s
Sun Jan  5 02:45:01 CET 2020
Ping: 24.531 ms
Download: 146.22 Mbit/s
Upload: 18.47 Mbit/s
Sun Jan  5 03:45:03 CET 2020
Ping: 26.465 ms
Download: 216.19 Mbit/s
Upload: 19.72 Mbit/s
Sun Jan  5 04:45:01 CET 2020
Ping: 25.584 ms
Download: 133.63 Mbit/s
Upload: 19.33 Mbit/s
Sun Jan  5 05:45:01 CET 2020
Ping: 25.939 ms
Download: 129.46 Mbit/s
Upload: 19.31 Mbit/s
Sun Jan  5 06:45:01 CET 2020
Ping: 26.027 ms
Download: 119.86 Mbit/s
Upload: 19.81 Mbit/s
Sun Jan  5 07:45:01 CET 2020
Ping: 25.841 ms
Download: 182.93 Mbit/s
Upload: 19.49 Mbit/s
Sun Jan  5 08:45:01 CET 2020
Ping: 26.093 ms
Download: 137.96 Mbit/s
Upload: 19.68 Mbit/s
Sun Jan  5 09:45:02 CET 2020
Ping: 24.028 ms
Download: 196.22 Mbit/s
Upload: 19.49 Mbit/s
Sun Jan  5 10:45:01 CET 2020
Ping: 25.956 ms
Download: 198.65 Mbit/s
Upload: 19.64 Mbit/s
Sun Jan  5 11:45:02 CET 2020
Ping: 27.401 ms
Download: 203.16 Mbit/s
Upload: 19.17 Mbit/s
Sun Jan  5 12:45:01 CET 2020
Ping: 26.493 ms
Download: 217.33 Mbit/s
Upload: 19.78 Mbit/s
Sun Jan  5 13:45:01 CET 2020
Ping: 28.69 ms
Download: 215.60 Mbit/s
Upload: 19.59 Mbit/s
Sun Jan  5 14:45:02 CET 2020
Ping: 26.208 ms
Download: 221.04 Mbit/s
Upload: 19.32 Mbit/s
Sun Jan  5 15:45:01 CET 2020
Ping: 25.364 ms
Download: 214.48 Mbit/s
Upload: 19.38 Mbit/s
Sun Jan  5 16:45:01 CET 2020
Ping: 26.482 ms
Download: 150.67 Mbit/s
Upload: 19.28 Mbit/s
Sun Jan  5 17:45:01 CET 2020
Ping: 21.557 ms
Download: 228.51 Mbit/s
Upload: 19.40 Mbit/s
Sun Jan  5 18:45:01 CET 2020
Ping: 22.511 ms
Download: 223.17 Mbit/s
Upload: 19.28 Mbit/s
Sun Jan  5 19:45:02 CET 2020
Ping: 24.16 ms
Download: 211.89 Mbit/s
Upload: 19.22 Mbit/s
Sun Jan  5 20:45:01 CET 2020
Ping: 26.016 ms
Download: 194.60 Mbit/s
Upload: 19.71 Mbit/s
Sun Jan  5 21:45:01 CET 2020
Ping: 22.746 ms
Download: 236.30 Mbit/s
Upload: 19.23 Mbit/s
Sun Jan  5 22:45:02 CET 2020
Ping: 22.182 ms
Download: 217.40 Mbit/s
Upload: 19.85 Mbit/s
Sun Jan  5 23:45:01 CET 2020
Ping: 28.198 ms
Download: 209.58 Mbit/s
Upload: 18.88 Mbit/s
Mon Jan  6 00:45:01 CET 2020
Ping: 22.918 ms
Download: 224.70 Mbit/s
Upload: 19.63 Mbit/s
Mon Jan  6 01:45:01 CET 2020
Ping: 24.397 ms
Download: 242.02 Mbit/s
Upload: 19.41 Mbit/s
Mon Jan  6 02:45:01 CET 2020
Ping: 25.807 ms
Download: 227.71 Mbit/s
Upload: 19.91 Mbit/s
Mon Jan  6 03:45:01 CET 2020
Ping: 24.887 ms
Download: 213.28 Mbit/s
Upload: 19.49 Mbit/s
Mon Jan  6 04:45:01 CET 2020
Ping: 22.255 ms
Download: 224.80 Mbit/s
Upload: 19.62 Mbit/s
Mon Jan  6 05:45:01 CET 2020
Ping: 22.69 ms
Download: 212.47 Mbit/s
Upload: 19.19 Mbit/s
Mon Jan  6 06:45:01 CET 2020
Ping: 23.622 ms
Download: 143.06 Mbit/s
Upload: 19.13 Mbit/s
Mon Jan  6 07:45:01 CET 2020
Ping: 25.024 ms
Download: 216.59 Mbit/s
Upload: 19.69 Mbit/s
Mon Jan  6 08:45:02 CET 2020
Ping: 26.071 ms
Download: 192.17 Mbit/s
Upload: 19.70 Mbit/s
Mon Jan  6 09:45:01 CET 2020
Ping: 24.575 ms
Download: 177.82 Mbit/s
Upload: 19.42 Mbit/s
Mon Jan  6 10:45:01 CET 2020
Ping: 26.818 ms
Download: 153.07 Mbit/s
Upload: 19.71 Mbit/s
Mon Jan  6 11:45:01 CET 2020
Ping: 21.896 ms
Download: 173.82 Mbit/s
Upload: 19.63 Mbit/s
Mon Jan  6 12:45:02 CET 2020
Ping: 25.066 ms
Download: 129.01 Mbit/s
Upload: 19.72 Mbit/s
Mon Jan  6 13:45:01 CET 2020
Ping: 29.032 ms
Download: 175.01 Mbit/s
Upload: 19.44 Mbit/s
Mon Jan  6 14:45:01 CET 2020
Ping: 25.169 ms
Download: 199.79 Mbit/s
Upload: 19.68 Mbit/s
Mon Jan  6 15:45:01 CET 2020
Ping: 25.715 ms
Download: 181.81 Mbit/s
Upload: 19.57 Mbit/s
Mon Jan  6 16:45:01 CET 2020
Ping: 27.046 ms
Download: 209.77 Mbit/s
Upload: 19.00 Mbit/s
Mon Jan  6 17:45:01 CET 2020
Ping: 25.581 ms
Download: 209.66 Mbit/s
Upload: 18.77 Mbit/s
Mon Jan  6 18:45:07 CET 2020
Ping: 23.901 ms
Download: 199.20 Mbit/s
Upload: 19.26 Mbit/s
Mon Jan  6 19:45:01 CET 2020
Ping: 21.833 ms
Download: 220.85 Mbit/s
Upload: 19.74 Mbit/s
Mon Jan  6 20:45:01 CET 2020
Ping: 26.173 ms
Download: 123.82 Mbit/s
Upload: 18.54 Mbit/s
Mon Jan  6 21:45:01 CET 2020
Ping: 20.734 ms
Download: 238.60 Mbit/s
Upload: 19.67 Mbit/s
Mon Jan  6 22:45:02 CET 2020
Ping: 25.576 ms
Download: 233.04 Mbit/s
Upload: 19.33 Mbit/s
Mon Jan  6 23:45:01 CET 2020
Ping: 23.828 ms
Download: 224.96 Mbit/s
Upload: 19.59 Mbit/s
Tue Jan  7 00:45:01 CET 2020
Ping: 23.988 ms
Download: 208.69 Mbit/s
Upload: 19.13 Mbit/s
Tue Jan  7 01:45:01 CET 2020
Ping: 27.21 ms
Download: 204.73 Mbit/s
Upload: 19.32 Mbit/s
Tue Jan  7 02:45:01 CET 2020
Ping: 24.319 ms
Download: 230.83 Mbit/s
Upload: 19.54 Mbit/s
Tue Jan  7 03:45:01 CET 2020
Ping: 22.674 ms
Download: 210.18 Mbit/s
Upload: 19.77 Mbit/s
Tue Jan  7 04:45:01 CET 2020
Ping: 24.102 ms
Download: 209.73 Mbit/s
Upload: 19.46 Mbit/s
Tue Jan  7 05:45:01 CET 2020
Ping: 24.594 ms
Download: 204.57 Mbit/s
Upload: 19.12 Mbit/s
Tue Jan  7 06:45:01 CET 2020
Ping: 23.663 ms
Download: 211.05 Mbit/s
Upload: 19.26 Mbit/s
Tue Jan  7 07:45:01 CET 2020
Ping: 25.087 ms
Download: 244.69 Mbit/s
Upload: 18.63 Mbit/s
Tue Jan  7 08:45:01 CET 2020
Ping: 23.757 ms
Download: 223.98 Mbit/s
Upload: 19.36 Mbit/s
Tue Jan  7 09:45:01 CET 2020
Ping: 26.261 ms
Download: 199.47 Mbit/s
Upload: 19.83 Mbit/s
Tue Jan  7 10:45:02 CET 2020
Ping: 20.8 ms
Download: 240.91 Mbit/s
Upload: 19.52 Mbit/s
Tue Jan  7 11:45:01 CET 2020
Ping: 21.68 ms
Download: 184.94 Mbit/s
Upload: 19.28 Mbit/s
Tue Jan  7 12:45:01 CET 2020
Ping: 23.83 ms
Download: 220.84 Mbit/s
Upload: 19.21 Mbit/s
Tue Jan  7 13:45:01 CET 2020
Ping: 23.969 ms
Download: 116.35 Mbit/s
Upload: 18.74 Mbit/s
Tue Jan  7 14:45:01 CET 2020
Ping: 23.768 ms
Download: 206.63 Mbit/s
Upload: 19.60 Mbit/s
Tue Jan  7 15:45:01 CET 2020
Ping: 25.066 ms
Download: 223.03 Mbit/s
Upload: 19.29 Mbit/s
Tue Jan  7 16:45:01 CET 2020
Ping: 24.768 ms
Download: 249.89 Mbit/s
Upload: 19.16 Mbit/s
Tue Jan  7 17:45:01 CET 2020
Ping: 26.678 ms
Download: 222.41 Mbit/s
Upload: 19.33 Mbit/s
Tue Jan  7 18:45:01 CET 2020
Ping: 25.848 ms
Download: 190.57 Mbit/s
Upload: 18.95 Mbit/s
Tue Jan  7 19:45:01 CET 2020
Ping: 25.961 ms
Download: 225.98 Mbit/s
Upload: 19.43 Mbit/s
Tue Jan  7 20:45:02 CET 2020
Ping: 24.619 ms
Download: 188.78 Mbit/s
Upload: 18.38 Mbit/s
Tue Jan  7 21:45:01 CET 2020
Ping: 27.132 ms
Download: 191.24 Mbit/s
Upload: 18.63 Mbit/s
Tue Jan  7 22:45:01 CET 2020
Ping: 26.793 ms
Download: 212.75 Mbit/s
Upload: 19.14 Mbit/s
Tue Jan  7 23:45:02 CET 2020
Ping: 26.255 ms
Download: 216.91 Mbit/s
Upload: 19.18 Mbit/s
Wed Jan  8 00:45:02 CET 2020
Ping: 24.406 ms
Download: 200.07 Mbit/s
Upload: 18.95 Mbit/s
Wed Jan  8 01:45:01 CET 2020
Ping: 27.721 ms
Download: 189.66 Mbit/s
Upload: 19.75 Mbit/s
Wed Jan  8 02:45:01 CET 2020
Ping: 26.972 ms
Download: 229.29 Mbit/s
Upload: 18.63 Mbit/s
Wed Jan  8 03:45:01 CET 2020
Ping: 24.727 ms
Download: 220.33 Mbit/s
Upload: 19.75 Mbit/s
Wed Jan  8 04:45:02 CET 2020
Ping: 24.923 ms
Download: 200.17 Mbit/s
Upload: 19.38 Mbit/s
Wed Jan  8 05:45:01 CET 2020
Ping: 24.879 ms
Download: 174.68 Mbit/s
Upload: 18.90 Mbit/s
Wed Jan  8 06:45:01 CET 2020
Ping: 23.476 ms
Download: 235.99 Mbit/s
Upload: 19.20 Mbit/s
Wed Jan  8 07:45:01 CET 2020
Ping: 25.509 ms
Download: 218.07 Mbit/s
Upload: 19.70 Mbit/s
Wed Jan  8 08:45:01 CET 2020
Ping: 24.554 ms
Download: 220.52 Mbit/s
Upload: 19.66 Mbit/s
Wed Jan  8 09:45:01 CET 2020
Ping: 25.525 ms
Download: 223.98 Mbit/s
Upload: 19.68 Mbit/s
Wed Jan  8 10:45:01 CET 2020
Ping: 23.247 ms
Download: 207.96 Mbit/s
Upload: 19.71 Mbit/s
Wed Jan  8 11:45:01 CET 2020
Ping: 24.148 ms
Download: 228.40 Mbit/s
Upload: 19.66 Mbit/s
Wed Jan  8 12:45:01 CET 2020
Ping: 24.723 ms
Download: 209.74 Mbit/s
Upload: 18.86 Mbit/s
Wed Jan  8 13:45:01 CET 2020
Ping: 23.668 ms
Download: 215.78 Mbit/s
Upload: 19.60 Mbit/s
Wed Jan  8 14:45:01 CET 2020
Ping: 22.418 ms
Download: 218.84 Mbit/s
Upload: 19.74 Mbit/s
Wed Jan  8 15:45:01 CET 2020
Ping: 23.244 ms
Download: 223.12 Mbit/s
Upload: 19.29 Mbit/s
Wed Jan  8 16:45:01 CET 2020
Ping: 25.873 ms
Download: 215.99 Mbit/s
Upload: 19.19 Mbit/s
Wed Jan  8 17:45:01 CET 2020
Ping: 22.323 ms
Download: 212.63 Mbit/s
Upload: 19.35 Mbit/s
Wed Jan  8 18:45:01 CET 2020
Ping: 23.516 ms
Download: 222.73 Mbit/s
Upload: 19.25 Mbit/s
Wed Jan  8 19:45:02 CET 2020
Ping: 26.339 ms
Download: 225.73 Mbit/s
Upload: 19.14 Mbit/s
Wed Jan  8 20:45:01 CET 2020
Ping: 24.595 ms
Download: 206.11 Mbit/s
Upload: 19.36 Mbit/s
Wed Jan  8 21:45:02 CET 2020
Ping: 24.961 ms
Download: 218.90 Mbit/s
Upload: 19.13 Mbit/s
Wed Jan  8 22:45:01 CET 2020
Ping: 24.794 ms
Download: 211.58 Mbit/s
Upload: 19.31 Mbit/s
Wed Jan  8 23:45:01 CET 2020
Ping: 25.474 ms
Download: 209.11 Mbit/s
Upload: 19.08 Mbit/s
Thu Jan  9 00:45:01 CET 2020
Ping: 23.019 ms
Download: 198.74 Mbit/s
Upload: 19.42 Mbit/s
Thu Jan  9 01:45:01 CET 2020
Ping: 25.883 ms
Download: 204.76 Mbit/s
Upload: 19.49 Mbit/s
Thu Jan  9 02:45:01 CET 2020
Ping: 26.345 ms
Download: 189.69 Mbit/s
Upload: 19.02 Mbit/s
Thu Jan  9 03:45:01 CET 2020
Ping: 24.175 ms
Download: 207.50 Mbit/s
Upload: 19.60 Mbit/s
Thu Jan  9 04:45:01 CET 2020
Ping: 25.934 ms
Download: 214.47 Mbit/s
Upload: 19.67 Mbit/s
Thu Jan  9 05:45:01 CET 2020
Ping: 25.245 ms
Download: 216.13 Mbit/s
Upload: 19.67 Mbit/s
Thu Jan  9 06:45:01 CET 2020
Ping: 24.202 ms
Download: 235.13 Mbit/s
Upload: 19.27 Mbit/s
Thu Jan  9 07:45:01 CET 2020
Ping: 27.712 ms
Download: 226.39 Mbit/s
Upload: 19.71 Mbit/s
Thu Jan  9 08:45:01 CET 2020
Ping: 24.214 ms
Download: 221.81 Mbit/s
Upload: 19.23 Mbit/s
Thu Jan  9 09:45:01 CET 2020
Ping: 26.849 ms
Download: 229.10 Mbit/s
Upload: 19.50 Mbit/s
Thu Jan  9 10:45:01 CET 2020
Ping: 25.906 ms
Download: 225.41 Mbit/s
Upload: 19.50 Mbit/s
Thu Jan  9 11:45:01 CET 2020
Ping: 25.194 ms
Download: 227.77 Mbit/s
Upload: 19.30 Mbit/s
Thu Jan  9 12:45:01 CET 2020
Ping: 21.972 ms
Download: 216.26 Mbit/s
Upload: 19.12 Mbit/s
Thu Jan  9 13:45:01 CET 2020
Ping: 24.598 ms
Download: 213.52 Mbit/s
Upload: 19.39 Mbit/s
Thu Jan  9 14:45:01 CET 2020
Ping: 25.775 ms
Download: 241.82 Mbit/s
Upload: 19.77 Mbit/s
Thu Jan  9 15:45:01 CET 2020
Ping: 23.294 ms
Download: 205.73 Mbit/s
Upload: 19.29 Mbit/s
Thu Jan  9 16:45:01 CET 2020
Ping: 23.284 ms
Download: 214.13 Mbit/s
Upload: 19.47 Mbit/s
Thu Jan  9 17:45:01 CET 2020
Ping: 24.073 ms
Download: 224.74 Mbit/s
Upload: 19.24 Mbit/s
Thu Jan  9 18:45:01 CET 2020
Ping: 23.772 ms
Download: 227.62 Mbit/s
Upload: 19.12 Mbit/s
Thu Jan  9 19:45:01 CET 2020
Ping: 25.049 ms
Download: 238.12 Mbit/s
Upload: 19.70 Mbit/s
Thu Jan  9 20:45:01 CET 2020
Ping: 23.363 ms
Download: 233.08 Mbit/s
Upload: 19.55 Mbit/s
Thu Jan  9 21:45:01 CET 2020
Ping: 25.418 ms
Download: 220.26 Mbit/s
Upload: 19.54 Mbit/s
Thu Jan  9 22:45:01 CET 2020
Ping: 26.13 ms
Download: 237.61 Mbit/s
Upload: 19.08 Mbit/s
Thu Jan  9 23:45:01 CET 2020
Ping: 26.319 ms
Download: 212.77 Mbit/s
Upload: 19.05 Mbit/s
Fri Jan 10 00:45:01 CET 2020
Ping: 24.029 ms
Download: 222.75 Mbit/s
Upload: 19.09 Mbit/s
Fri Jan 10 01:45:01 CET 2020
Ping: 27.016 ms
Download: 227.63 Mbit/s
Upload: 19.39 Mbit/s
Fri Jan 10 02:45:01 CET 2020
Ping: 25.647 ms
Download: 235.28 Mbit/s
Upload: 19.47 Mbit/s
Fri Jan 10 03:45:01 CET 2020
Ping: 23.379 ms
Download: 226.48 Mbit/s
Upload: 19.59 Mbit/s
Fri Jan 10 04:45:01 CET 2020
Ping: 25.65 ms
Download: 250.31 Mbit/s
Upload: 19.60 Mbit/s
Fri Jan 10 05:45:01 CET 2020
Ping: 23.817 ms
Download: 231.71 Mbit/s
Upload: 19.73 Mbit/s
Fri Jan 10 06:45:01 CET 2020
Ping: 25.144 ms
Download: 239.88 Mbit/s
Upload: 19.56 Mbit/s
Fri Jan 10 07:45:01 CET 2020
Ping: 22.703 ms
Download: 226.75 Mbit/s
Upload: 19.00 Mbit/s
Fri Jan 10 08:45:01 CET 2020
Ping: 22.294 ms
Download: 209.32 Mbit/s
Upload: 19.36 Mbit/s
Fri Jan 10 09:45:01 CET 2020
Ping: 22.653 ms
Download: 228.65 Mbit/s
Upload: 19.12 Mbit/s
Fri Jan 10 10:45:01 CET 2020
Ping: 25.265 ms
Download: 244.45 Mbit/s
Upload: 19.25 Mbit/s
Fri Jan 10 11:45:01 CET 2020
Ping: 22.793 ms
Download: 245.91 Mbit/s
Upload: 18.55 Mbit/s
Fri Jan 10 12:45:01 CET 2020
Ping: 24.556 ms
Download: 241.96 Mbit/s
Upload: 19.13 Mbit/s
Fri Jan 10 13:45:01 CET 2020
Ping: 23.948 ms
Download: 229.26 Mbit/s
Upload: 19.25 Mbit/s
Fri Jan 10 14:45:01 CET 2020
Ping: 23.993 ms
Download: 181.15 Mbit/s
Upload: 19.72 Mbit/s
Fri Jan 10 15:45:01 CET 2020
Ping: 24.727 ms
Download: 223.53 Mbit/s
Upload: 19.82 Mbit/s
Fri Jan 10 16:45:01 CET 2020
Ping: 25.633 ms
Download: 237.42 Mbit/s
Upload: 19.20 Mbit/s
Fri Jan 10 17:45:01 CET 2020
Ping: 25.717 ms
Download: 235.32 Mbit/s
Upload: 19.69 Mbit/s
Fri Jan 10 18:45:01 CET 2020
Ping: 22.998 ms
Download: 219.58 Mbit/s
Upload: 19.44 Mbit/s
Fri Jan 10 19:45:01 CET 2020
Ping: 24.106 ms
Download: 218.05 Mbit/s
Upload: 19.09 Mbit/s
Fri Jan 10 20:45:01 CET 2020
Ping: 24.871 ms
Download: 241.73 Mbit/s
Upload: 19.25 Mbit/s
Fri Jan 10 21:45:01 CET 2020
Ping: 24.077 ms
Download: 214.36 Mbit/s
Upload: 19.68 Mbit/s
Fri Jan 10 22:45:01 CET 2020
Ping: 25.76 ms
Download: 185.13 Mbit/s
Upload: 18.76 Mbit/s
Fri Jan 10 23:45:01 CET 2020
Ping: 23.629 ms
Download: 238.54 Mbit/s
Upload: 19.59 Mbit/s
Sat Jan 11 00:45:01 CET 2020
Ping: 24.197 ms
Download: 242.00 Mbit/s
Upload: 19.46 Mbit/s
Sat Jan 11 01:45:01 CET 2020
Ping: 25.174 ms
Download: 252.16 Mbit/s
Upload: 19.75 Mbit/s
Sat Jan 11 02:45:01 CET 2020
Ping: 26.84 ms
Download: 240.40 Mbit/s
Upload: 19.78 Mbit/s
Sat Jan 11 03:45:01 CET 2020
Ping: 22.834 ms
Download: 233.99 Mbit/s
Upload: 19.38 Mbit/s
Sat Jan 11 04:45:02 CET 2020
Ping: 26.039 ms
Download: 227.30 Mbit/s
Upload: 19.37 Mbit/s
Sat Jan 11 05:45:01 CET 2020
Ping: 21.992 ms
Download: 231.07 Mbit/s
Upload: 19.76 Mbit/s
Sat Jan 11 06:45:01 CET 2020
Ping: 25.383 ms
Download: 208.50 Mbit/s
Upload: 19.31 Mbit/s
Sat Jan 11 07:45:01 CET 2020
Ping: 24.283 ms
Download: 231.54 Mbit/s
Upload: 19.56 Mbit/s
Sat Jan 11 08:45:01 CET 2020
Ping: 28.349 ms
Download: 165.48 Mbit/s
Upload: 14.81 Mbit/s
Sat Jan 11 09:45:01 CET 2020
Ping: 23.106 ms
Download: 207.45 Mbit/s
Upload: 19.58 Mbit/s
Sat Jan 11 10:45:01 CET 2020
Ping: 24.767 ms
Download: 213.52 Mbit/s
Upload: 19.64 Mbit/s
Sat Jan 11 11:45:01 CET 2020
Ping: 24.553 ms
Download: 249.31 Mbit/s
Upload: 19.14 Mbit/s
Sat Jan 11 12:45:01 CET 2020
Ping: 23.71 ms
Download: 242.71 Mbit/s
Upload: 19.65 Mbit/s
Sat Jan 11 13:45:01 CET 2020
Ping: 24.833 ms
Download: 245.29 Mbit/s
Upload: 19.05 Mbit/s
Sat Jan 11 14:45:01 CET 2020
Ping: 24.994 ms
Download: 223.74 Mbit/s
Upload: 19.37 Mbit/s
Sat Jan 11 15:45:02 CET 2020
Ping: 27.175 ms
Download: 238.52 Mbit/s
Upload: 19.58 Mbit/s
Sat Jan 11 16:45:01 CET 2020
Ping: 24.465 ms
Download: 274.55 Mbit/s
Upload: 19.54 Mbit/s
Sat Jan 11 17:45:01 CET 2020
Ping: 22.702 ms
Download: 217.17 Mbit/s
Upload: 19.49 Mbit/s
Sat Jan 11 18:45:02 CET 2020
Ping: 25.075 ms
Download: 195.12 Mbit/s
Upload: 19.81 Mbit/s
Sat Jan 11 19:45:01 CET 2020
Ping: 23.269 ms
Download: 215.78 Mbit/s
Upload: 18.38 Mbit/s
Sat Jan 11 20:45:01 CET 2020
Ping: 24.392 ms
Download: 245.23 Mbit/s
Upload: 19.56 Mbit/s
Sat Jan 11 21:45:01 CET 2020
Ping: 25.124 ms
Download: 227.64 Mbit/s
Upload: 19.39 Mbit/s
Sat Jan 11 22:45:01 CET 2020
Ping: 25.202 ms
Download: 208.73 Mbit/s
Upload: 19.21 Mbit/s
Sat Jan 11 23:45:01 CET 2020
Ping: 26.168 ms
Download: 210.89 Mbit/s
Upload: 18.73 Mbit/s
Sun Jan 12 00:45:01 CET 2020
Ping: 26.422 ms
Download: 217.61 Mbit/s
Upload: 19.57 Mbit/s
Sun Jan 12 01:45:02 CET 2020
Ping: 26.472 ms
Download: 219.17 Mbit/s
Upload: 19.57 Mbit/s
Sun Jan 12 02:45:01 CET 2020
Ping: 25.911 ms
Download: 208.74 Mbit/s
Upload: 19.43 Mbit/s
Sun Jan 12 03:45:02 CET 2020
Ping: 26.344 ms
Download: 139.28 Mbit/s
Upload: 19.65 Mbit/s
Sun Jan 12 04:45:01 CET 2020
Ping: 23.648 ms
Download: 230.79 Mbit/s
Upload: 15.72 Mbit/s
Sun Jan 12 05:45:01 CET 2020
Ping: 25.32 ms
Download: 233.51 Mbit/s
Upload: 18.62 Mbit/s
Sun Jan 12 06:45:01 CET 2020
Ping: 26.053 ms
Download: 235.96 Mbit/s
Upload: 19.21 Mbit/s
Sun Jan 12 07:45:01 CET 2020
Ping: 24.935 ms
Download: 236.32 Mbit/s
Upload: 19.65 Mbit/s
Sun Jan 12 08:45:01 CET 2020
Ping: 24.383 ms
Download: 208.77 Mbit/s
Upload: 19.56 Mbit/s
Sun Jan 12 09:45:01 CET 2020
Ping: 23.031 ms
Download: 249.23 Mbit/s
Upload: 19.05 Mbit/s
Sun Jan 12 10:45:01 CET 2020
Ping: 24.787 ms
Download: 221.32 Mbit/s
Upload: 19.34 Mbit/s
Sun Jan 12 11:45:01 CET 2020
Ping: 22.564 ms
Download: 236.51 Mbit/s
Upload: 19.17 Mbit/s
Sun Jan 12 12:45:01 CET 2020
Ping: 24.692 ms
Download: 234.12 Mbit/s
Upload: 19.60 Mbit/s
Sun Jan 12 13:45:01 CET 2020
Ping: 23.303 ms
Download: 215.10 Mbit/s
Upload: 19.10 Mbit/s
Sun Jan 12 14:45:01 CET 2020
Ping: 25.343 ms
Download: 231.81 Mbit/s
Upload: 19.62 Mbit/s
Sun Jan 12 15:45:01 CET 2020
Ping: 22.926 ms
Download: 228.25 Mbit/s
Upload: 19.35 Mbit/s
Sun Jan 12 16:45:01 CET 2020
Ping: 23.553 ms
Download: 240.90 Mbit/s
Upload: 19.22 Mbit/s
Sun Jan 12 17:45:01 CET 2020
Ping: 23.256 ms
Download: 215.30 Mbit/s
Upload: 17.61 Mbit/s
Sun Jan 12 18:45:01 CET 2020
Ping: 22.983 ms
Download: 233.31 Mbit/s
Upload: 19.45 Mbit/s
Sun Jan 12 19:45:01 CET 2020
Ping: 22.453 ms
Download: 227.01 Mbit/s
Upload: 19.61 Mbit/s
Sun Jan 12 20:45:01 CET 2020
Ping: 24.835 ms
Download: 235.90 Mbit/s
Upload: 19.36 Mbit/s
Sun Jan 12 21:45:02 CET 2020
Ping: 23.243 ms
Download: 252.07 Mbit/s
Upload: 18.80 Mbit/s
Sun Jan 12 22:45:01 CET 2020
Ping: 24.203 ms
Download: 237.26 Mbit/s
Upload: 18.96 Mbit/s
Sun Jan 12 23:45:01 CET 2020
Ping: 24.605 ms
Download: 223.91 Mbit/s
Upload: 19.65 Mbit/s
Mon Jan 13 00:45:01 CET 2020
Ping: 26.653 ms
Download: 209.60 Mbit/s
Upload: 19.52 Mbit/s
Mon Jan 13 01:45:01 CET 2020
Ping: 23.587 ms
Download: 209.90 Mbit/s
Upload: 19.45 Mbit/s
Mon Jan 13 02:45:01 CET 2020
Ping: 24.764 ms
Download: 283.10 Mbit/s
Upload: 19.30 Mbit/s
Mon Jan 13 03:45:01 CET 2020
Ping: 23.735 ms
Download: 251.09 Mbit/s
Upload: 19.00 Mbit/s
Mon Jan 13 04:45:01 CET 2020
Ping: 25.466 ms
Download: 181.26 Mbit/s
Upload: 19.34 Mbit/s
Mon Jan 13 05:45:01 CET 2020
Ping: 26.574 ms
Download: 248.13 Mbit/s
Upload: 18.77 Mbit/s
Mon Jan 13 06:45:01 CET 2020
Ping: 26.207 ms
Download: 211.28 Mbit/s
Upload: 18.83 Mbit/s
Mon Jan 13 07:45:01 CET 2020
Ping: 26.455 ms
Download: 218.00 Mbit/s
Upload: 19.79 Mbit/s
Mon Jan 13 08:45:01 CET 2020
Ping: 23.791 ms
Download: 226.90 Mbit/s
Upload: 19.56 Mbit/s
Mon Jan 13 09:45:01 CET 2020
Ping: 22.927 ms
Download: 230.05 Mbit/s
Upload: 19.45 Mbit/s
Mon Jan 13 10:45:01 CET 2020
Ping: 22.575 ms
Download: 218.22 Mbit/s
Upload: 19.49 Mbit/s
Mon Jan 13 11:45:01 CET 2020
Ping: 22.266 ms
Download: 221.69 Mbit/s
Upload: 19.48 Mbit/s
Mon Jan 13 12:45:01 CET 2020
Ping: 25.421 ms
Download: 241.06 Mbit/s
Upload: 19.48 Mbit/s
Mon Jan 13 13:45:01 CET 2020
Ping: 23.943 ms
Download: 244.19 Mbit/s
Upload: 19.57 Mbit/s
Mon Jan 13 14:45:01 CET 2020
Ping: 26.325 ms
Download: 250.61 Mbit/s
Upload: 19.71 Mbit/s
Mon Jan 13 15:45:01 CET 2020
Ping: 23.95 ms
Download: 222.86 Mbit/s
Upload: 19.47 Mbit/s
Mon Jan 13 16:45:01 CET 2020
Ping: 24.204 ms
Download: 224.23 Mbit/s
Upload: 19.63 Mbit/s
Mon Jan 13 17:45:01 CET 2020
Ping: 22.494 ms
Download: 227.84 Mbit/s
Upload: 19.57 Mbit/s
Mon Jan 13 18:45:01 CET 2020
Ping: 19.216 ms
Download: 217.60 Mbit/s
Upload: 16.19 Mbit/s
Mon Jan 13 19:45:01 CET 2020
Ping: 26.866 ms
Download: 224.02 Mbit/s
Upload: 19.65 Mbit/s
Mon Jan 13 20:45:01 CET 2020
Ping: 24.846 ms
Download: 243.35 Mbit/s
Upload: 19.37 Mbit/s
Mon Jan 13 21:45:01 CET 2020
Ping: 23.878 ms
Download: 227.71 Mbit/s
Upload: 19.27 Mbit/s
Mon Jan 13 22:45:01 CET 2020
Ping: 24.03 ms
Download: 229.89 Mbit/s
Upload: 19.41 Mbit/s
Mon Jan 13 23:45:01 CET 2020
Ping: 25.774 ms
Download: 234.03 Mbit/s
Upload: 19.63 Mbit/s
Tue Jan 14 00:45:01 CET 2020
Ping: 23.617 ms
Download: 235.91 Mbit/s
Upload: 19.63 Mbit/s
Tue Jan 14 01:45:01 CET 2020
Ping: 25.534 ms
Download: 214.08 Mbit/s
Upload: 19.78 Mbit/s
Tue Jan 14 02:45:01 CET 2020
Ping: 26.146 ms
Download: 233.02 Mbit/s
Upload: 19.49 Mbit/s
Tue Jan 14 03:45:01 CET 2020
Ping: 25.705 ms
Download: 259.39 Mbit/s
Upload: 19.67 Mbit/s
Tue Jan 14 04:45:01 CET 2020
Ping: 24.542 ms
Download: 221.01 Mbit/s
Upload: 19.18 Mbit/s
Tue Jan 14 05:45:01 CET 2020
Ping: 25.465 ms
Download: 252.03 Mbit/s
Upload: 18.82 Mbit/s
Tue Jan 14 06:45:01 CET 2020
Ping: 27.055 ms
Download: 230.71 Mbit/s
Upload: 19.64 Mbit/s
Tue Jan 14 07:45:01 CET 2020
Ping: 24.849 ms
Download: 236.60 Mbit/s
Upload: 16.09 Mbit/s
Tue Jan 14 08:45:01 CET 2020
Ping: 24.773 ms
Download: 269.32 Mbit/s
Upload: 16.97 Mbit/s
Tue Jan 14 09:45:01 CET 2020
Ping: 18.388 ms
Download: 222.44 Mbit/s
Upload: 15.93 Mbit/s
Tue Jan 14 10:45:01 CET 2020
Ping: 38.402 ms
Download: 223.25 Mbit/s
Upload: 17.23 Mbit/s
Tue Jan 14 11:45:01 CET 2020
Ping: 23.534 ms
Download: 248.18 Mbit/s
Upload: 19.52 Mbit/s
Tue Jan 14 12:45:01 CET 2020
Ping: 21.697 ms
Download: 208.68 Mbit/s
Upload: 19.74 Mbit/s
Tue Jan 14 13:45:01 CET 2020
Ping: 24.946 ms
Download: 230.45 Mbit/s
Upload: 19.12 Mbit/s
Tue Jan 14 14:45:01 CET 2020
Ping: 22.876 ms
Download: 222.04 Mbit/s
Upload: 19.40 Mbit/s
Tue Jan 14 15:45:02 CET 2020
Ping: 24.188 ms
Download: 223.09 Mbit/s
Upload: 19.18 Mbit/s
Tue Jan 14 16:45:01 CET 2020
Ping: 25.943 ms
Download: 219.63 Mbit/s
Upload: 19.57 Mbit/s
Tue Jan 14 17:45:01 CET 2020
Ping: 25.419 ms
Download: 227.04 Mbit/s
Upload: 18.92 Mbit/s
Tue Jan 14 18:45:01 CET 2020
Ping: 26.491 ms
Download: 208.82 Mbit/s
Upload: 19.09 Mbit/s
Tue Jan 14 19:45:02 CET 2020
Ping: 25.669 ms
Download: 263.93 Mbit/s
Upload: 19.47 Mbit/s
Tue Jan 14 20:45:01 CET 2020
Ping: 23.102 ms
Download: 226.23 Mbit/s
Upload: 19.67 Mbit/s
Tue Jan 14 21:45:01 CET 2020
Ping: 23.686 ms
Download: 201.39 Mbit/s
Upload: 19.76 Mbit/s
Tue Jan 14 22:45:01 CET 2020
Ping: 25.224 ms
Download: 226.04 Mbit/s
Upload: 19.27 Mbit/s
Tue Jan 14 23:45:01 CET 2020
Ping: 26.471 ms
Download: 232.11 Mbit/s
Upload: 19.02 Mbit/s
Wed Jan 15 00:45:01 CET 2020
Ping: 23.792 ms
Download: 235.91 Mbit/s
Upload: 19.63 Mbit/s
Wed Jan 15 01:45:01 CET 2020
Ping: 25.895 ms
Download: 241.62 Mbit/s
Upload: 19.68 Mbit/s
Wed Jan 15 02:45:01 CET 2020
Ping: 22.681 ms
Download: 231.88 Mbit/s
Upload: 19.46 Mbit/s
Wed Jan 15 03:45:01 CET 2020
Ping: 23.88 ms
Download: 241.89 Mbit/s
Upload: 19.51 Mbit/s
Wed Jan 15 04:45:01 CET 2020
Ping: 24.588 ms
Download: 216.11 Mbit/s
Upload: 19.44 Mbit/s
Wed Jan 15 05:45:01 CET 2020
Ping: 22.886 ms
Download: 215.28 Mbit/s
Upload: 19.39 Mbit/s
Wed Jan 15 06:45:01 CET 2020
Ping: 22.023 ms
Download: 242.02 Mbit/s
Upload: 19.69 Mbit/s
Wed Jan 15 07:45:01 CET 2020
Ping: 23.191 ms
Download: 206.82 Mbit/s
Upload: 19.12 Mbit/s
Wed Jan 15 08:45:01 CET 2020
Ping: 24.656 ms
Download: 216.35 Mbit/s
Upload: 18.77 Mbit/s
Wed Jan 15 09:45:01 CET 2020
Ping: 21.876 ms
Download: 225.50 Mbit/s
Upload: 19.65 Mbit/s
Wed Jan 15 10:45:01 CET 2020
Ping: 22.596 ms
Download: 169.44 Mbit/s
Upload: 19.48 Mbit/s
Wed Jan 15 11:45:01 CET 2020
Ping: 24.407 ms
Download: 252.75 Mbit/s
Upload: 19.64 Mbit/s
Wed Jan 15 12:45:01 CET 2020
Ping: 23.652 ms
Download: 220.37 Mbit/s
Upload: 19.35 Mbit/s
Wed Jan 15 13:45:01 CET 2020
Ping: 22.795 ms
Download: 227.01 Mbit/s
Upload: 19.07 Mbit/s
Wed Jan 15 14:45:01 CET 2020
Ping: 25.503 ms
Download: 227.15 Mbit/s
Upload: 19.06 Mbit/s
Wed Jan 15 15:45:01 CET 2020
Ping: 25.939 ms
Download: 223.61 Mbit/s
Upload: 19.25 Mbit/s
Wed Jan 15 16:45:01 CET 2020
Ping: 24.468 ms
Download: 194.16 Mbit/s
Upload: 18.99 Mbit/s
Wed Jan 15 17:45:01 CET 2020
Ping: 22.453 ms
Download: 208.90 Mbit/s
Upload: 19.66 Mbit/s
Wed Jan 15 18:45:01 CET 2020
Ping: 25.46 ms
Download: 225.37 Mbit/s
Upload: 19.22 Mbit/s
Wed Jan 15 19:45:01 CET 2020
Ping: 19.298 ms
Download: 104.07 Mbit/s
Upload: 15.78 Mbit/s
Wed Jan 15 20:45:01 CET 2020
Ping: 24.195 ms
Download: 134.84 Mbit/s
Upload: 16.13 Mbit/s
Wed Jan 15 21:45:01 CET 2020
Ping: 28.931 ms
Download: 185.66 Mbit/s
Upload: 15.58 Mbit/s
Wed Jan 15 22:45:01 CET 2020
Ping: 28.197 ms
Download: 169.89 Mbit/s
Upload: 15.94 Mbit/s
Wed Jan 15 23:45:01 CET 2020
Ping: 23.955 ms
Download: 231.14 Mbit/s
Upload: 19.20 Mbit/s
Thu Jan 16 00:45:01 CET 2020
Ping: 25.004 ms
Download: 213.45 Mbit/s
Upload: 19.30 Mbit/s
Thu Jan 16 01:45:01 CET 2020
Ping: 23.009 ms
Download: 255.89 Mbit/s
Upload: 19.54 Mbit/s
Thu Jan 16 02:45:01 CET 2020
Ping: 23.605 ms
Download: 255.25 Mbit/s
Upload: 19.74 Mbit/s
Thu Jan 16 03:45:01 CET 2020
Ping: 24.927 ms
Download: 209.28 Mbit/s
Upload: 19.60 Mbit/s
Thu Jan 16 04:45:01 CET 2020
Ping: 25.024 ms
Download: 252.79 Mbit/s
Upload: 19.68 Mbit/s
Thu Jan 16 05:45:02 CET 2020
Ping: 24.852 ms
Download: 240.17 Mbit/s
Upload: 18.70 Mbit/s
Thu Jan 16 06:45:01 CET 2020
Ping: 29.775 ms
Download: 156.99 Mbit/s
Upload: 15.87 Mbit/s
Thu Jan 16 07:45:01 CET 2020
Ping: 39.079 ms
Download: 152.48 Mbit/s
Upload: 16.19 Mbit/s
Thu Jan 16 08:45:01 CET 2020
Ping: 29.463 ms
Download: 142.16 Mbit/s
Upload: 16.16 Mbit/s
Thu Jan 16 09:45:01 CET 2020
Ping: 24.849 ms
Download: 247.97 Mbit/s
Upload: 19.26 Mbit/s
Thu Jan 16 10:45:01 CET 2020
Ping: 26.492 ms
Download: 243.54 Mbit/s
Upload: 19.44 Mbit/s
Thu Jan 16 11:45:01 CET 2020
Ping: 23.483 ms
Download: 249.52 Mbit/s
Upload: 19.57 Mbit/s
Thu Jan 16 12:45:01 CET 2020
Ping: 25.707 ms
Download: 256.21 Mbit/s
Upload: 19.61 Mbit/s
Thu Jan 16 13:45:01 CET 2020
Ping: 23.744 ms
Download: 215.40 Mbit/s
Upload: 19.36 Mbit/s
Thu Jan 16 14:45:01 CET 2020
Ping: 23.916 ms
Download: 226.56 Mbit/s
Upload: 19.78 Mbit/s
Thu Jan 16 15:45:01 CET 2020
Ping: 22.357 ms
Download: 229.36 Mbit/s
Upload: 19.54 Mbit/s
Thu Jan 16 16:45:01 CET 2020
Ping: 22.261 ms
Download: 192.11 Mbit/s
Upload: 19.42 Mbit/s
Thu Jan 16 17:45:01 CET 2020
Ping: 25.201 ms
Download: 237.48 Mbit/s
Upload: 19.08 Mbit/s
Thu Jan 16 18:45:01 CET 2020
Ping: 25.91 ms
Download: 226.06 Mbit/s
Upload: 18.51 Mbit/s
Thu Jan 16 19:45:02 CET 2020
Ping: 25.214 ms
Download: 252.67 Mbit/s
Upload: 18.38 Mbit/s
Thu Jan 16 20:45:01 CET 2020
Ping: 29.515 ms
Download: 122.08 Mbit/s
Upload: 15.78 Mbit/s
Thu Jan 16 21:45:01 CET 2020
Ping: 28.711 ms
Download: 150.50 Mbit/s
Upload: 14.51 Mbit/s
Thu Jan 16 22:45:01 CET 2020
Ping: 27.891 ms
Download: 154.49 Mbit/s
Upload: 15.73 Mbit/s
Thu Jan 16 23:45:02 CET 2020
Ping: 38.525 ms
Download: 155.36 Mbit/s
Upload: 16.01 Mbit/s
Fri Jan 17 00:45:02 CET 2020
Ping: 45.01 ms
Download: 136.00 Mbit/s
Upload: 16.07 Mbit/s
Fri Jan 17 01:45:01 CET 2020
Ping: 29.987 ms
Download: 135.55 Mbit/s
Upload: 16.72 Mbit/s
Fri Jan 17 02:45:01 CET 2020
Ping: 22.995 ms
Download: 239.86 Mbit/s
Upload: 19.62 Mbit/s
Fri Jan 17 03:45:01 CET 2020
Ping: 25.022 ms
Download: 235.14 Mbit/s
Upload: 19.31 Mbit/s
Fri Jan 17 04:45:01 CET 2020
Ping: 25.6 ms
Download: 242.25 Mbit/s
Upload: 19.28 Mbit/s
Fri Jan 17 05:45:01 CET 2020
Ping: 25.044 ms
Download: 232.40 Mbit/s
Upload: 19.32 Mbit/s
Fri Jan 17 06:45:01 CET 2020
Ping: 23.652 ms
Download: 235.25 Mbit/s
Upload: 19.71 Mbit/s
Fri Jan 17 07:45:01 CET 2020
Ping: 24.579 ms
Download: 214.19 Mbit/s
Upload: 19.35 Mbit/s
Fri Jan 17 08:45:01 CET 2020
Ping: 39.887 ms
Download: 178.92 Mbit/s
Upload: 15.70 Mbit/s
Fri Jan 17 09:45:01 CET 2020
Ping: 40.615 ms
Download: 157.60 Mbit/s
Upload: 16.10 Mbit/s
Fri Jan 17 10:45:01 CET 2020
Ping: 30.949 ms
Download: 141.15 Mbit/s
Upload: 16.70 Mbit/s
Fri Jan 17 11:45:01 CET 2020
Ping: 20.738 ms
Download: 144.68 Mbit/s
Upload: 16.36 Mbit/s
Fri Jan 17 12:45:01 CET 2020
Ping: 35.798 ms
Download: 142.05 Mbit/s
Upload: 16.32 Mbit/s
Fri Jan 17 13:45:01 CET 2020
Ping: 37.36 ms
Download: 159.02 Mbit/s
Upload: 16.37 Mbit/s
Fri Jan 17 14:45:01 CET 2020
Ping: 24.848 ms
Download: 232.87 Mbit/s
Upload: 19.59 Mbit/s
Fri Jan 17 15:45:01 CET 2020
Ping: 25.231 ms
Download: 240.55 Mbit/s
Upload: 19.47 Mbit/s
Fri Jan 17 16:45:01 CET 2020
Ping: 23.581 ms
Download: 222.54 Mbit/s
Upload: 19.60 Mbit/s
Fri Jan 17 17:45:01 CET 2020
Ping: 24.17 ms
Download: 229.16 Mbit/s
Upload: 19.40 Mbit/s
Fri Jan 17 18:45:01 CET 2020
Ping: 24.682 ms
Download: 222.68 Mbit/s
Upload: 19.22 Mbit/s
Fri Jan 17 19:45:02 CET 2020
Ping: 23.666 ms
Download: 152.13 Mbit/s
Upload: 19.17 Mbit/s
Fri Jan 17 20:45:01 CET 2020
Ping: 26.488 ms
Download: 229.45 Mbit/s
Upload: 18.86 Mbit/s
Fri Jan 17 21:45:01 CET 2020
Ping: 24.717 ms
Download: 239.19 Mbit/s
Upload: 19.39 Mbit/s
Fri Jan 17 22:45:01 CET 2020
Ping: 22.466 ms
Download: 233.14 Mbit/s
Upload: 19.39 Mbit/s
Fri Jan 17 23:45:01 CET 2020
Ping: 26.507 ms
Download: 222.11 Mbit/s
Upload: 19.12 Mbit/s
Sat Jan 18 00:45:01 CET 2020
Ping: 23.262 ms
Download: 242.63 Mbit/s
Upload: 19.01 Mbit/s
Sat Jan 18 01:45:01 CET 2020
Ping: 25.163 ms
Download: 213.50 Mbit/s
Upload: 19.46 Mbit/s
Sat Jan 18 02:45:01 CET 2020
Ping: 21.949 ms
Download: 229.09 Mbit/s
Upload: 18.69 Mbit/s
Sat Jan 18 03:45:01 CET 2020
Ping: 22.632 ms
Download: 213.61 Mbit/s
Upload: 19.48 Mbit/s
Sat Jan 18 04:45:01 CET 2020
Ping: 24.957 ms
Download: 232.14 Mbit/s
Upload: 18.98 Mbit/s
Sat Jan 18 05:45:01 CET 2020
Ping: 24.52 ms
Download: 204.58 Mbit/s
Upload: 18.21 Mbit/s
Sat Jan 18 06:45:01 CET 2020
Ping: 23.549 ms
Download: 211.43 Mbit/s
Upload: 19.41 Mbit/s
Sat Jan 18 07:45:02 CET 2020
Ping: 25.474 ms
Download: 228.74 Mbit/s
Upload: 19.01 Mbit/s
Sat Jan 18 08:45:01 CET 2020
Ping: 25.076 ms
Download: 215.95 Mbit/s
Upload: 19.34 Mbit/s
Sat Jan 18 09:45:01 CET 2020
Ping: 26.432 ms
Download: 254.87 Mbit/s
Upload: 19.51 Mbit/s
Sat Jan 18 10:45:01 CET 2020
Ping: 23.101 ms
Download: 223.60 Mbit/s
Upload: 19.17 Mbit/s
Sat Jan 18 11:45:01 CET 2020
Ping: 23.273 ms
Download: 234.35 Mbit/s
Upload: 18.79 Mbit/s
Sat Jan 18 12:45:01 CET 2020
Ping: 25.759 ms
Download: 223.99 Mbit/s
Upload: 19.60 Mbit/s
Sat Jan 18 13:45:01 CET 2020
Ping: 23.425 ms
Download: 248.80 Mbit/s
Upload: 18.69 Mbit/s
Sat Jan 18 14:45:01 CET 2020
Ping: 25.5 ms
Download: 223.97 Mbit/s
Upload: 19.75 Mbit/s
Sat Jan 18 15:45:01 CET 2020
Ping: 26.047 ms
Download: 213.53 Mbit/s
Upload: 19.24 Mbit/s
Sat Jan 18 16:45:01 CET 2020
Ping: 24.566 ms
Download: 223.96 Mbit/s
Upload: 18.48 Mbit/s
Sat Jan 18 17:45:01 CET 2020
Ping: 23.077 ms
Download: 230.61 Mbit/s
Upload: 18.80 Mbit/s
Sat Jan 18 18:45:01 CET 2020
Ping: 26.209 ms
Download: 207.84 Mbit/s
Upload: 19.03 Mbit/s
Sat Jan 18 19:45:01 CET 2020
Ping: 26.152 ms
Download: 236.24 Mbit/s
Upload: 19.41 Mbit/s
Sat Jan 18 20:45:01 CET 2020
Ping: 26.254 ms
Download: 257.33 Mbit/s
Upload: 19.35 Mbit/s
Sat Jan 18 21:45:02 CET 2020
Ping: 27.0 ms
Download: 171.40 Mbit/s
Upload: 18.53 Mbit/s
Sat Jan 18 22:45:01 CET 2020
Ping: 24.042 ms
Download: 206.18 Mbit/s
Upload: 19.07 Mbit/s
Sat Jan 18 23:45:01 CET 2020
Ping: 25.132 ms
Download: 217.46 Mbit/s
Upload: 19.27 Mbit/s
Sun Jan 19 00:45:01 CET 2020
Ping: 22.596 ms
Download: 222.81 Mbit/s
Upload: 19.24 Mbit/s
Sun Jan 19 01:45:01 CET 2020
Ping: 25.38 ms
Download: 235.79 Mbit/s
Upload: 19.69 Mbit/s
Sun Jan 19 02:45:01 CET 2020
Ping: 26.015 ms
Download: 200.92 Mbit/s
Upload: 19.51 Mbit/s
Sun Jan 19 03:45:02 CET 2020
Ping: 27.527 ms
Download: 139.86 Mbit/s
Upload: 17.73 Mbit/s
Sun Jan 19 04:45:02 CET 2020
Ping: 25.085 ms
Download: 220.40 Mbit/s
Upload: 19.32 Mbit/s
Sun Jan 19 05:45:01 CET 2020
Ping: 25.615 ms
Download: 208.89 Mbit/s
Upload: 19.18 Mbit/s
Sun Jan 19 06:45:01 CET 2020
Ping: 25.828 ms
Download: 194.28 Mbit/s
Upload: 19.41 Mbit/s
Sun Jan 19 07:45:01 CET 2020
Ping: 25.686 ms
Download: 227.93 Mbit/s
Upload: 19.27 Mbit/s
Sun Jan 19 08:45:01 CET 2020
Ping: 22.499 ms
Download: 205.29 Mbit/s
Upload: 18.96 Mbit/s
Sun Jan 19 09:45:02 CET 2020
Ping: 22.664 ms
Download: 241.56 Mbit/s
Upload: 19.58 Mbit/s
Sun Jan 19 10:45:01 CET 2020
Ping: 27.544 ms
Download: 230.55 Mbit/s
Upload: 19.43 Mbit/s
Sun Jan 19 11:45:01 CET 2020
Ping: 23.423 ms
Download: 147.11 Mbit/s
Upload: 19.26 Mbit/s
Sun Jan 19 12:45:01 CET 2020
Ping: 24.165 ms
Download: 226.31 Mbit/s
Upload: 19.62 Mbit/s
Sun Jan 19 13:45:01 CET 2020
Ping: 26.44 ms
Download: 229.06 Mbit/s
Upload: 19.30 Mbit/s
Sun Jan 19 14:45:01 CET 2020
Ping: 23.236 ms
Download: 209.37 Mbit/s
Upload: 19.35 Mbit/s
Sun Jan 19 15:45:01 CET 2020
Ping: 24.928 ms
Download: 232.14 Mbit/s
Upload: 18.52 Mbit/s
Sun Jan 19 16:45:01 CET 2020
Ping: 24.935 ms
Download: 208.45 Mbit/s
Upload: 19.40 Mbit/s
Sun Jan 19 17:45:01 CET 2020
Ping: 24.964 ms
Download: 180.37 Mbit/s
Upload: 19.15 Mbit/s
Sun Jan 19 18:45:01 CET 2020
Ping: 23.407 ms
Download: 232.40 Mbit/s
Upload: 19.31 Mbit/s
Sun Jan 19 19:45:01 CET 2020
Ping: 29.407 ms
Download: 210.61 Mbit/s
Upload: 18.01 Mbit/s
Sun Jan 19 20:45:01 CET 2020
Ping: 25.272 ms
Download: 184.57 Mbit/s
Upload: 19.00 Mbit/s
Sun Jan 19 21:45:02 CET 2020
Ping: 26.896 ms
Download: 212.81 Mbit/s
Upload: 19.64 Mbit/s
Sun Jan 19 22:45:01 CET 2020
Ping: 25.708 ms
Download: 214.86 Mbit/s
Upload: 19.27 Mbit/s
Sun Jan 19 23:45:01 CET 2020
Ping: 25.589 ms
Download: 212.85 Mbit/s
Upload: 19.68 Mbit/s
Mon Jan 20 00:45:01 CET 2020
Ping: 23.688 ms
Download: 224.22 Mbit/s
Upload: 19.29 Mbit/s
Mon Jan 20 01:45:01 CET 2020
Ping: 23.782 ms
Download: 234.69 Mbit/s
Upload: 19.41 Mbit/s
Mon Jan 20 02:45:01 CET 2020
Ping: 22.916 ms
Download: 228.95 Mbit/s
Upload: 19.83 Mbit/s
Mon Jan 20 03:45:01 CET 2020
Ping: 25.391 ms
Download: 93.89 Mbit/s
Upload: 19.36 Mbit/s
Mon Jan 20 04:45:01 CET 2020
Ping: 24.753 ms
Download: 219.84 Mbit/s
Upload: 19.74 Mbit/s
Mon Jan 20 05:45:02 CET 2020
Ping: 25.098 ms
Download: 234.73 Mbit/s
Upload: 19.55 Mbit/s
Mon Jan 20 06:45:01 CET 2020
Ping: 27.014 ms
Download: 219.70 Mbit/s
Upload: 19.27 Mbit/s
Mon Jan 20 07:45:02 CET 2020
Ping: 26.515 ms
Download: 198.55 Mbit/s
Upload: 19.86 Mbit/s
Mon Jan 20 08:45:01 CET 2020
Ping: 23.475 ms
Download: 237.34 Mbit/s
Upload: 19.51 Mbit/s
Mon Jan 20 09:45:01 CET 2020
Ping: 24.006 ms
Download: 226.93 Mbit/s
Upload: 19.52 Mbit/s
Mon Jan 20 10:45:01 CET 2020
Ping: 26.301 ms
Download: 232.96 Mbit/s
Upload: 19.25 Mbit/s
Mon Jan 20 11:45:01 CET 2020
Ping: 23.938 ms
Download: 225.34 Mbit/s
Upload: 18.78 Mbit/s
Mon Jan 20 12:45:01 CET 2020
Ping: 22.352 ms
Download: 231.40 Mbit/s
Upload: 19.21 Mbit/s
Mon Jan 20 13:45:01 CET 2020
Ping: 25.374 ms
Download: 235.30 Mbit/s
Upload: 19.54 Mbit/s
Mon Jan 20 14:45:01 CET 2020
Ping: 24.174 ms
Download: 175.78 Mbit/s
Upload: 19.49 Mbit/s
Mon Jan 20 15:45:01 CET 2020
Ping: 22.729 ms
Download: 214.66 Mbit/s
Upload: 18.87 Mbit/s
Mon Jan 20 16:45:01 CET 2020
Ping: 26.218 ms
Download: 211.64 Mbit/s
Upload: 19.53 Mbit/s
Mon Jan 20 17:45:01 CET 2020
Ping: 26.089 ms
Download: 230.77 Mbit/s
Upload: 19.26 Mbit/s
Mon Jan 20 18:45:01 CET 2020
Ping: 23.823 ms
Download: 183.95 Mbit/s
Upload: 19.65 Mbit/s
Mon Jan 20 19:45:01 CET 2020
Ping: 25.01 ms
Download: 232.03 Mbit/s
Upload: 19.10 Mbit/s
Mon Jan 20 20:45:01 CET 2020
Ping: 25.162 ms
Download: 211.88 Mbit/s
Upload: 19.60 Mbit/s
Mon Jan 20 21:45:01 CET 2020
Ping: 24.145 ms
Download: 208.36 Mbit/s
Upload: 19.80 Mbit/s
Mon Jan 20 22:45:01 CET 2020
Ping: 24.201 ms
Download: 185.57 Mbit/s
Upload: 19.31 Mbit/s
Mon Jan 20 23:45:01 CET 2020
Ping: 24.958 ms
Download: 177.03 Mbit/s
Upload: 19.75 Mbit/s
Tue Jan 21 00:45:01 CET 2020
Ping: 23.808 ms
Download: 221.68 Mbit/s
Upload: 19.62 Mbit/s
Tue Jan 21 01:45:01 CET 2020
Ping: 27.748 ms
Download: 236.98 Mbit/s
Upload: 18.71 Mbit/s
Tue Jan 21 02:45:01 CET 2020
Ping: 25.871 ms
Download: 253.54 Mbit/s
Upload: 19.44 Mbit/s
Tue Jan 21 03:45:01 CET 2020
Ping: 26.45 ms
Download: 235.02 Mbit/s
Upload: 19.74 Mbit/s
Tue Jan 21 04:45:01 CET 2020
Ping: 24.719 ms
Download: 222.94 Mbit/s
Upload: 19.38 Mbit/s
Tue Jan 21 05:45:01 CET 2020
Ping: 24.914 ms
Download: 224.17 Mbit/s
Upload: 19.38 Mbit/s
Tue Jan 21 06:45:02 CET 2020
Ping: 26.899 ms
Download: 224.76 Mbit/s
Upload: 18.83 Mbit/s
Tue Jan 21 07:45:01 CET 2020
Ping: 25.388 ms
Download: 231.39 Mbit/s
Upload: 19.18 Mbit/s
Tue Jan 21 08:45:01 CET 2020
Ping: 24.889 ms
Download: 241.80 Mbit/s
Upload: 19.77 Mbit/s
Tue Jan 21 09:45:01 CET 2020
Ping: 25.096 ms
Download: 231.22 Mbit/s
Upload: 17.26 Mbit/s
Tue Jan 21 10:45:01 CET 2020
Ping: 25.842 ms
Download: 217.20 Mbit/s
Upload: 19.64 Mbit/s
Tue Jan 21 11:45:02 CET 2020
Ping: 35.7 ms
Download: 174.11 Mbit/s
Upload: 16.78 Mbit/s
Tue Jan 21 12:45:02 CET 2020
Ping: 27.061 ms
Download: 196.61 Mbit/s
Upload: 18.92 Mbit/s
Tue Jan 21 13:45:02 CET 2020
Ping: 25.884 ms
Download: 231.06 Mbit/s
Upload: 19.25 Mbit/s
Tue Jan 21 14:45:01 CET 2020
Ping: 24.454 ms
Download: 214.38 Mbit/s
Upload: 19.44 Mbit/s
Tue Jan 21 15:45:01 CET 2020
Ping: 26.007 ms
Download: 225.40 Mbit/s
Upload: 19.32 Mbit/s
Tue Jan 21 16:45:01 CET 2020
Ping: 26.472 ms
Download: 144.68 Mbit/s
Upload: 19.52 Mbit/s
Tue Jan 21 17:45:01 CET 2020
Ping: 24.516 ms
Download: 194.30 Mbit/s
Upload: 16.53 Mbit/s
Tue Jan 21 18:45:01 CET 2020
Ping: 24.36 ms
Download: 236.85 Mbit/s
Upload: 19.21 Mbit/s
Tue Jan 21 19:45:01 CET 2020
Ping: 24.744 ms
Download: 208.32 Mbit/s
Upload: 19.21 Mbit/s
Tue Jan 21 20:45:01 CET 2020
Ping: 25.035 ms
Download: 211.83 Mbit/s
Upload: 18.61 Mbit/s
Tue Jan 21 21:45:01 CET 2020
Ping: 24.11 ms
Download: 222.00 Mbit/s
Upload: 19.32 Mbit/s
Tue Jan 21 22:45:01 CET 2020
Ping: 25.512 ms
Download: 206.75 Mbit/s
Upload: 19.08 Mbit/s
Tue Jan 21 23:45:01 CET 2020
Ping: 22.803 ms
Download: 205.53 Mbit/s
Upload: 19.43 Mbit/s
Wed Jan 22 00:45:01 CET 2020
Ping: 24.865 ms
Download: 171.21 Mbit/s
Upload: 19.72 Mbit/s
Wed Jan 22 01:45:01 CET 2020
Ping: 21.942 ms
Download: 3.55 Mbit/s
Upload: 2.93 Mbit/s
Wed Jan 22 02:45:01 CET 2020
Ping: 22.257 ms
Download: 4.65 Mbit/s
Upload: 6.87 Mbit/s
Wed Jan 22 03:45:01 CET 2020
Ping: 21.715 ms
Download: 7.49 Mbit/s
Upload: 7.85 Mbit/s
Wed Jan 22 04:45:01 CET 2020
Ping: 23.419 ms
Download: 5.39 Mbit/s
Upload: 4.47 Mbit/s
Wed Jan 22 05:45:01 CET 2020
Ping: 22.993 ms
Download: 7.22 Mbit/s
Upload: 3.64 Mbit/s
Wed Jan 22 06:45:01 CET 2020
Ping: 22.188 ms
Download: 227.17 Mbit/s
Upload: 19.85 Mbit/s
Wed Jan 22 07:45:01 CET 2020
Ping: 22.0 ms
Download: 6.58 Mbit/s
Upload: 10.00 Mbit/s
Wed Jan 22 08:45:01 CET 2020
Ping: 23.669 ms
Download: 4.29 Mbit/s
Upload: 5.17 Mbit/s
Wed Jan 22 09:45:01 CET 2020
Ping: 21.027 ms
Download: 19.10 Mbit/s
Upload: 18.85 Mbit/s
Wed Jan 22 10:45:01 CET 2020
Ping: 25.473 ms
Download: 210.41 Mbit/s
Upload: 19.72 Mbit/s
Wed Jan 22 11:45:01 CET 2020
Ping: 22.453 ms
Download: 211.68 Mbit/s
Upload: 19.35 Mbit/s
Wed Jan 22 12:45:01 CET 2020
Ping: 22.78 ms
Download: 20.12 Mbit/s
Upload: 15.09 Mbit/s
Wed Jan 22 13:45:01 CET 2020
Ping: 20.836 ms
Download: 11.36 Mbit/s
Upload: 10.49 Mbit/s
Wed Jan 22 14:45:01 CET 2020
Ping: 22.805 ms
Download: 11.65 Mbit/s
Upload: 14.53 Mbit/s
Wed Jan 22 15:45:01 CET 2020
Ping: 23.966 ms
Download: 11.15 Mbit/s
Upload: 9.06 Mbit/s
Wed Jan 22 16:45:01 CET 2020
Ping: 26.365 ms
Download: 217.85 Mbit/s
Upload: 19.12 Mbit/s
Wed Jan 22 17:45:01 CET 2020
Ping: 22.946 ms
Download: 14.18 Mbit/s
Upload: 14.72 Mbit/s
Wed Jan 22 18:45:01 CET 2020
Ping: 21.566 ms
Download: 10.15 Mbit/s
Upload: 8.75 Mbit/s
Wed Jan 22 19:45:02 CET 2020
Ping: 24.67 ms
Download: 246.76 Mbit/s
Upload: 19.73 Mbit/s
Wed Jan 22 20:45:01 CET 2020
Ping: 22.056 ms
Download: 7.45 Mbit/s
Upload: 9.86 Mbit/s
Wed Jan 22 21:45:01 CET 2020
Ping: 21.763 ms
Download: 7.92 Mbit/s
Upload: 6.36 Mbit/s
Wed Jan 22 22:45:01 CET 2020
Ping: 21.879 ms
Download: 12.31 Mbit/s
Upload: 6.99 Mbit/s
Wed Jan 22 23:45:01 CET 2020
Ping: 23.01 ms
Download: 14.07 Mbit/s
Upload: 11.22 Mbit/s
Thu Jan 23 00:45:01 CET 2020
Ping: 19.246 ms
Download: 10.07 Mbit/s
Upload: 8.68 Mbit/s
Thu Jan 23 01:45:01 CET 2020
Ping: 19.151 ms
Download: 12.99 Mbit/s
Upload: 11.13 Mbit/s
Thu Jan 23 02:45:01 CET 2020
Ping: 18.982 ms
Download: 9.67 Mbit/s
Upload: 7.69 Mbit/s
Thu Jan 23 03:45:01 CET 2020
Ping: 20.242 ms
Download: 14.75 Mbit/s
Upload: 17.53 Mbit/s
Thu Jan 23 04:45:01 CET 2020
Ping: 22.613 ms
Download: 13.60 Mbit/s
Upload: 4.91 Mbit/s
Thu Jan 23 05:45:02 CET 2020
Ping: 22.892 ms
Download: 16.29 Mbit/s
Upload: 5.48 Mbit/s
Thu Jan 23 06:45:01 CET 2020
Ping: 16.998 ms
Download: 14.43 Mbit/s
Upload: 15.50 Mbit/s
Thu Jan 23 07:45:01 CET 2020
Ping: 24.568 ms
Download: 229.88 Mbit/s
Upload: 19.49 Mbit/s
Thu Jan 23 08:45:01 CET 2020
Ping: 21.4 ms
Download: 8.75 Mbit/s
Upload: 1.65 Mbit/s
Thu Jan 23 09:45:01 CET 2020
Ping: 22.471 ms
Download: 12.58 Mbit/s
Upload: 2.03 Mbit/s
Thu Jan 23 10:45:01 CET 2020
Ping: 22.196 ms
Download: 239.97 Mbit/s
Upload: 18.45 Mbit/s
Thu Jan 23 11:45:01 CET 2020
Ping: 20.791 ms
Download: 8.60 Mbit/s
Upload: 8.37 Mbit/s
Thu Jan 23 12:45:01 CET 2020
Ping: 20.041 ms
Download: 14.39 Mbit/s
Upload: 10.18 Mbit/s
Thu Jan 23 13:45:01 CET 2020
Ping: 21.696 ms
Download: 20.27 Mbit/s
Upload: 16.69 Mbit/s
Thu Jan 23 14:45:01 CET 2020
Ping: 22.923 ms
Download: 228.25 Mbit/s
Upload: 19.68 Mbit/s
Thu Jan 23 15:45:01 CET 2020
Ping: 20.209 ms
Download: 12.36 Mbit/s
Upload: 11.23 Mbit/s
Thu Jan 23 16:45:01 CET 2020
Ping: 23.557 ms
Download: 249.99 Mbit/s
Upload: 19.35 Mbit/s
Thu Jan 23 17:45:01 CET 2020
Ping: 21.905 ms
Download: 12.26 Mbit/s
Upload: 17.35 Mbit/s
Thu Jan 23 18:45:01 CET 2020
Ping: 23.068 ms
Download: 14.41 Mbit/s
Upload: 15.19 Mbit/s
Thu Jan 23 19:45:01 CET 2020
Ping: 21.952 ms
Download: 9.52 Mbit/s
Upload: 6.09 Mbit/s
Thu Jan 23 20:45:02 CET 2020
Ping: 21.104 ms
Download: 9.09 Mbit/s
Upload: 14.77 Mbit/s
Thu Jan 23 21:45:01 CET 2020
Ping: 23.926 ms
Download: 6.72 Mbit/s
Upload: 7.43 Mbit/s
Thu Jan 23 22:45:01 CET 2020
Ping: 20.775 ms
Download: 13.60 Mbit/s
Upload: 14.07 Mbit/s
Thu Jan 23 23:45:02 CET 2020
Ping: 25.045 ms
Download: 265.10 Mbit/s
Upload: 19.35 Mbit/s
Fri Jan 24 00:45:01 CET 2020
Ping: 21.909 ms
Download: 32.48 Mbit/s
Upload: 15.25 Mbit/s
Fri Jan 24 01:45:01 CET 2020
Ping: 21.206 ms
Download: 12.78 Mbit/s
Upload: 14.99 Mbit/s
Fri Jan 24 02:45:01 CET 2020
Ping: 20.404 ms
Download: 20.02 Mbit/s
Upload: 18.19 Mbit/s
Fri Jan 24 03:45:01 CET 2020
Ping: 22.385 ms
Download: 221.99 Mbit/s
Upload: 19.05 Mbit/s
Fri Jan 24 04:45:01 CET 2020
Ping: 21.883 ms
Download: 19.21 Mbit/s
Upload: 18.34 Mbit/s
Fri Jan 24 05:45:01 CET 2020
Ping: 22.077 ms
Download: 236.70 Mbit/s
Upload: 19.15 Mbit/s
Fri Jan 24 06:45:01 CET 2020
Ping: 22.589 ms
Download: 10.01 Mbit/s
Upload: 11.68 Mbit/s
Fri Jan 24 07:45:01 CET 2020
Ping: 22.527 ms
Download: 13.83 Mbit/s
Upload: 10.26 Mbit/s
Fri Jan 24 08:45:01 CET 2020
Ping: 21.223 ms
Download: 10.75 Mbit/s
Upload: 10.88 Mbit/s
Fri Jan 24 09:45:01 CET 2020
Ping: 22.381 ms
Download: 11.77 Mbit/s
Upload: 9.55 Mbit/s
Fri Jan 24 10:45:02 CET 2020
Ping: 20.716 ms
Download: 17.24 Mbit/s
Upload: 13.91 Mbit/s
Fri Jan 24 11:45:01 CET 2020
Ping: 22.408 ms
Download: 240.53 Mbit/s
Upload: 19.67 Mbit/s
Fri Jan 24 12:45:01 CET 2020
Ping: 21.078 ms
Download: 11.84 Mbit/s
Upload: 7.08 Mbit/s
Fri Jan 24 13:45:01 CET 2020
Ping: 21.376 ms
Download: 8.09 Mbit/s
Upload: 7.66 Mbit/s
Fri Jan 24 14:45:01 CET 2020
Ping: 20.191 ms
Download: 10.74 Mbit/s
Upload: 13.20 Mbit/s
Fri Jan 24 15:45:01 CET 2020
Ping: 25.894 ms
Download: 258.46 Mbit/s
Upload: 19.40 Mbit/s
Fri Jan 24 16:45:01 CET 2020
Ping: 21.349 ms
Download: 17.66 Mbit/s
Upload: 11.61 Mbit/s
Fri Jan 24 17:45:01 CET 2020
Ping: 21.855 ms
Download: 12.77 Mbit/s
Upload: 15.56 Mbit/s
Fri Jan 24 18:45:01 CET 2020
Ping: 22.511 ms
Download: 271.97 Mbit/s
Upload: 18.48 Mbit/s
Fri Jan 24 19:45:01 CET 2020
Ping: 21.859 ms
Download: 9.94 Mbit/s
Upload: 7.11 Mbit/s
Fri Jan 24 20:45:02 CET 2020
Ping: 21.8 ms
Download: 9.86 Mbit/s
Upload: 10.99 Mbit/s
Fri Jan 24 21:45:01 CET 2020
Ping: 22.249 ms
Download: 11.25 Mbit/s
Upload: 17.30 Mbit/s
Fri Jan 24 22:45:01 CET 2020
Ping: 21.248 ms
Download: 10.54 Mbit/s
Upload: 12.38 Mbit/s
Fri Jan 24 23:45:01 CET 2020
Ping: 21.726 ms
Download: 249.49 Mbit/s
Upload: 19.44 Mbit/s
Sat Jan 25 00:45:01 CET 2020
Ping: 23.378 ms
Download: 12.05 Mbit/s
Upload: 18.61 Mbit/s
Sat Jan 25 01:45:01 CET 2020
Ping: 22.588 ms
Download: 7.99 Mbit/s
Upload: 7.82 Mbit/s
Sat Jan 25 02:45:01 CET 2020
Ping: 22.456 ms
Download: 241.01 Mbit/s
Upload: 18.56 Mbit/s
Sat Jan 25 03:45:01 CET 2020
Ping: 23.399 ms
Download: 12.29 Mbit/s
Upload: 11.49 Mbit/s
Sat Jan 25 04:45:01 CET 2020
Ping: 21.613 ms
Download: 19.23 Mbit/s
Upload: 9.19 Mbit/s
Sat Jan 25 05:45:01 CET 2020
Ping: 21.974 ms
Download: 257.79 Mbit/s
Upload: 19.50 Mbit/s
Sat Jan 25 06:45:01 CET 2020
Ping: 24.517 ms
Download: 243.33 Mbit/s
Upload: 19.79 Mbit/s
Sat Jan 25 07:45:01 CET 2020
Ping: 22.56 ms
Download: 211.30 Mbit/s
Upload: 19.52 Mbit/s
Sat Jan 25 08:45:01 CET 2020
Ping: 19.091 ms
Download: 9.62 Mbit/s
Upload: 7.67 Mbit/s
Sat Jan 25 09:45:02 CET 2020
Ping: 20.591 ms
Download: 7.59 Mbit/s
Upload: 4.66 Mbit/s
Sat Jan 25 10:45:01 CET 2020
Ping: 22.798 ms
Download: 18.11 Mbit/s
Upload: 13.21 Mbit/s
Sat Jan 25 11:45:01 CET 2020
Ping: 22.078 ms
Download: 11.58 Mbit/s
Upload: 10.29 Mbit/s
Sat Jan 25 12:45:01 CET 2020
Ping: 21.031 ms
Download: 13.43 Mbit/s
Upload: 12.17 Mbit/s
Sat Jan 25 13:45:01 CET 2020
Ping: 22.574 ms
Download: 14.38 Mbit/s
Upload: 10.88 Mbit/s
Sat Jan 25 14:45:01 CET 2020
Ping: 23.913 ms
Download: 242.76 Mbit/s
Upload: 19.38 Mbit/s
Sat Jan 25 15:45:01 CET 2020
Ping: 21.371 ms
Download: 9.32 Mbit/s
Upload: 9.69 Mbit/s
Sat Jan 25 16:45:01 CET 2020
Ping: 20.445 ms
Download: 10.09 Mbit/s
Upload: 10.60 Mbit/s
Sat Jan 25 17:45:01 CET 2020
Ping: 22.099 ms
Download: 7.75 Mbit/s
Upload: 6.80 Mbit/s
Sat Jan 25 18:45:02 CET 2020
Ping: 22.421 ms
Download: 8.71 Mbit/s
Upload: 12.41 Mbit/s
Sat Jan 25 19:45:01 CET 2020
Ping: 22.064 ms
Download: 10.61 Mbit/s
Upload: 3.56 Mbit/s
Sat Jan 25 20:45:01 CET 2020
Ping: 22.549 ms
Download: 6.96 Mbit/s
Upload: 9.33 Mbit/s
Sat Jan 25 21:45:01 CET 2020
Ping: 20.402 ms
Download: 12.35 Mbit/s
Upload: 14.88 Mbit/s
Sat Jan 25 22:45:01 CET 2020
Ping: 24.17 ms
Download: 243.26 Mbit/s
Upload: 19.27 Mbit/s
Sat Jan 25 23:45:01 CET 2020
Ping: 22.024 ms
Download: 16.91 Mbit/s
Upload: 11.37 Mbit/s
Sun Jan 26 00:45:01 CET 2020
Ping: 22.587 ms
Download: 13.39 Mbit/s
Upload: 13.79 Mbit/s
Sun Jan 26 01:45:01 CET 2020
Ping: 22.059 ms
Download: 254.66 Mbit/s
Upload: 19.92 Mbit/s
Sun Jan 26 02:45:01 CET 2020
Ping: 22.386 ms
Download: 10.39 Mbit/s
Upload: 17.04 Mbit/s
Sun Jan 26 03:45:01 CET 2020
Ping: 21.447 ms
Download: 24.27 Mbit/s
Upload: 16.82 Mbit/s
Sun Jan 26 04:45:01 CET 2020
Ping: 23.01 ms
Download: 16.03 Mbit/s
Upload: 12.69 Mbit/s
Sun Jan 26 05:45:01 CET 2020
Ping: 21.568 ms
Download: 22.44 Mbit/s
Upload: 17.23 Mbit/s
Sun Jan 26 06:45:01 CET 2020
Ping: 21.822 ms
Download: 9.21 Mbit/s
Upload: 8.04 Mbit/s
Sun Jan 26 07:45:01 CET 2020
Ping: 21.773 ms
Download: 255.57 Mbit/s
Upload: 19.79 Mbit/s
Sun Jan 26 08:45:01 CET 2020
Ping: 22.996 ms
Download: 11.84 Mbit/s
Upload: 12.01 Mbit/s
Sun Jan 26 09:45:01 CET 2020
Ping: 20.367 ms
Download: 15.37 Mbit/s
Upload: 9.11 Mbit/s
Sun Jan 26 10:45:02 CET 2020
Ping: 20.86 ms
Download: 12.32 Mbit/s
Upload: 11.68 Mbit/s
Sun Jan 26 11:45:01 CET 2020
Ping: 22.439 ms
Download: 11.63 Mbit/s
Upload: 11.78 Mbit/s
Sun Jan 26 12:45:01 CET 2020
Ping: 22.381 ms
Download: 269.86 Mbit/s
Upload: 19.30 Mbit/s
Sun Jan 26 13:45:01 CET 2020
Ping: 22.328 ms
Download: 17.98 Mbit/s
Upload: 11.90 Mbit/s
Sun Jan 26 14:45:01 CET 2020
Ping: 22.397 ms
Download: 18.74 Mbit/s
Upload: 14.12 Mbit/s
Sun Jan 26 15:45:01 CET 2020
Ping: 22.218 ms
Download: 12.01 Mbit/s
Upload: 11.99 Mbit/s
Sun Jan 26 16:45:01 CET 2020
Ping: 22.938 ms
Download: 215.30 Mbit/s
Upload: 18.81 Mbit/s
Sun Jan 26 17:45:01 CET 2020
Ping: 23.697 ms
Download: 243.11 Mbit/s
Upload: 19.50 Mbit/s
Sun Jan 26 18:45:01 CET 2020
Ping: 21.129 ms
Download: 10.15 Mbit/s
Upload: 10.16 Mbit/s
Sun Jan 26 19:45:01 CET 2020
Ping: 22.89 ms
Download: 20.92 Mbit/s
Upload: 11.73 Mbit/s
Sun Jan 26 20:45:01 CET 2020
Ping: 24.047 ms
Download: 13.83 Mbit/s
Upload: 7.89 Mbit/s
Sun Jan 26 21:45:01 CET 2020
Ping: 23.726 ms
Download: 10.88 Mbit/s
Upload: 13.24 Mbit/s
Sun Jan 26 22:45:01 CET 2020
Ping: 22.458 ms
Download: 8.65 Mbit/s
Upload: 8.15 Mbit/s
Sun Jan 26 23:45:01 CET 2020
Ping: 20.39 ms
Download: 14.79 Mbit/s
Upload: 14.22 Mbit/s
Mon Jan 27 00:45:01 CET 2020
Ping: 22.202 ms
Download: 13.61 Mbit/s
Upload: 12.80 Mbit/s
Mon Jan 27 01:45:02 CET 2020
Ping: 21.863 ms
Download: 11.75 Mbit/s
Upload: 11.09 Mbit/s
Mon Jan 27 02:45:01 CET 2020
Ping: 20.831 ms
Download: 18.46 Mbit/s
Upload: 14.51 Mbit/s
Mon Jan 27 03:45:01 CET 2020
Ping: 21.527 ms
Download: 9.48 Mbit/s
Upload: 10.51 Mbit/s
Mon Jan 27 04:45:01 CET 2020
Ping: 21.705 ms
Download: 11.75 Mbit/s
Upload: 8.44 Mbit/s
Mon Jan 27 05:45:01 CET 2020
Ping: 22.54 ms
Download: 15.79 Mbit/s
Upload: 13.85 Mbit/s
Mon Jan 27 06:45:02 CET 2020
Ping: 20.735 ms
Download: 20.05 Mbit/s
Upload: 14.60 Mbit/s
Mon Jan 27 07:45:01 CET 2020
Ping: 23.073 ms
Download: 16.80 Mbit/s
Upload: 12.71 Mbit/s
Mon Jan 27 08:45:01 CET 2020
Ping: 22.278 ms
Download: 255.91 Mbit/s
Upload: 19.85 Mbit/s
Mon Jan 27 09:45:01 CET 2020
Ping: 21.543 ms
Download: 11.36 Mbit/s
Upload: 6.55 Mbit/s
Mon Jan 27 10:45:01 CET 2020
Ping: 21.418 ms
Download: 238.06 Mbit/s
Upload: 19.68 Mbit/s
Mon Jan 27 11:45:01 CET 2020
Ping: 22.589 ms
Download: 233.41 Mbit/s
Upload: 19.73 Mbit/s
Mon Jan 27 12:45:01 CET 2020
Ping: 23.07 ms
Download: 10.77 Mbit/s
Upload: 12.74 Mbit/s
Mon Jan 27 13:45:01 CET 2020
Ping: 21.886 ms
Download: 9.83 Mbit/s
Upload: 9.63 Mbit/s
Mon Jan 27 14:45:01 CET 2020
Ping: 21.958 ms
Download: 10.28 Mbit/s
Upload: 14.50 Mbit/s
Mon Jan 27 15:45:01 CET 2020
Ping: 22.523 ms
Download: 9.17 Mbit/s
Upload: 8.15 Mbit/s
Mon Jan 27 16:45:01 CET 2020
Ping: 23.712 ms
Download: 223.56 Mbit/s
Upload: 19.59 Mbit/s
Mon Jan 27 17:45:01 CET 2020
Ping: 21.328 ms
Download: 8.09 Mbit/s
Upload: 10.35 Mbit/s
Mon Jan 27 18:45:01 CET 2020
Ping: 23.354 ms
Download: 13.29 Mbit/s
Upload: 13.36 Mbit/s
Mon Jan 27 19:45:01 CET 2020
Ping: 23.288 ms
Download: 247.06 Mbit/s
Upload: 19.36 Mbit/s
Mon Jan 27 20:45:01 CET 2020
Ping: 23.026 ms
Download: 10.98 Mbit/s
Upload: 7.90 Mbit/s
Mon Jan 27 21:45:01 CET 2020
Ping: 22.334 ms
Download: 12.12 Mbit/s
Upload: 14.23 Mbit/s
Mon Jan 27 22:45:01 CET 2020
Ping: 23.854 ms
Download: 11.48 Mbit/s
Upload: 2.48 Mbit/s
Mon Jan 27 23:45:01 CET 2020
Ping: 21.705 ms
Download: 14.83 Mbit/s
Upload: 9.40 Mbit/s
Tue Jan 28 00:45:01 CET 2020
Ping: 21.88 ms
Download: 9.63 Mbit/s
Upload: 13.21 Mbit/s
Tue Jan 28 01:45:01 CET 2020
Ping: 20.708 ms
Download: 11.35 Mbit/s
Upload: 1.95 Mbit/s
Tue Jan 28 02:45:01 CET 2020
Ping: 21.928 ms
Download: 11.92 Mbit/s
Upload: 11.66 Mbit/s
Tue Jan 28 03:45:01 CET 2020
Ping: 20.728 ms
Download: 9.66 Mbit/s
Upload: 13.66 Mbit/s
Tue Jan 28 04:45:02 CET 2020
Ping: 25.41 ms
Download: 208.25 Mbit/s
Upload: 19.52 Mbit/s
Tue Jan 28 05:45:01 CET 2020
Ping: 21.897 ms
Download: 9.44 Mbit/s
Upload: 8.50 Mbit/s
Tue Jan 28 06:45:01 CET 2020
Ping: 19.853 ms
Download: 22.61 Mbit/s
Upload: 15.21 Mbit/s
Tue Jan 28 07:45:01 CET 2020
Ping: 21.22 ms
Download: 12.25 Mbit/s
Upload: 8.71 Mbit/s
Tue Jan 28 08:45:01 CET 2020
Ping: 22.03 ms
Download: 13.27 Mbit/s
Upload: 11.34 Mbit/s
Tue Jan 28 09:45:01 CET 2020
Ping: 21.916 ms
Download: 10.25 Mbit/s
Upload: 12.90 Mbit/s
Tue Jan 28 10:45:01 CET 2020
Ping: 21.785 ms
Download: 7.06 Mbit/s
Upload: 7.73 Mbit/s
Tue Jan 28 11:45:01 CET 2020
Ping: 22.168 ms
Download: 8.60 Mbit/s
Upload: 5.95 Mbit/s
Tue Jan 28 12:45:02 CET 2020
Ping: 21.599 ms
Download: 6.50 Mbit/s
Upload: 5.84 Mbit/s
Tue Jan 28 13:45:01 CET 2020
Ping: 21.888 ms
Download: 8.07 Mbit/s
Upload: 9.26 Mbit/s
Tue Jan 28 14:45:01 CET 2020
Ping: 25.289 ms
Download: 199.19 Mbit/s
Upload: 19.03 Mbit/s
Tue Jan 28 15:45:01 CET 2020
Ping: 20.007 ms
Download: 24.17 Mbit/s
Upload: 11.85 Mbit/s
Tue Jan 28 16:45:01 CET 2020
Ping: 22.256 ms
Download: 19.21 Mbit/s
Upload: 13.90 Mbit/s
Tue Jan 28 17:45:01 CET 2020
Ping: 19.976 ms
Download: 9.51 Mbit/s
Upload: 8.25 Mbit/s
Tue Jan 28 18:45:01 CET 2020
Ping: 22.817 ms
Download: 12.64 Mbit/s
Upload: 13.12 Mbit/s
Tue Jan 28 19:45:01 CET 2020
Ping: 23.064 ms
Download: 14.47 Mbit/s
Upload: 16.22 Mbit/s
Tue Jan 28 20:45:01 CET 2020
Ping: 21.42 ms
Download: 13.35 Mbit/s
Upload: 14.59 Mbit/s
Tue Jan 28 21:45:01 CET 2020
Ping: 21.709 ms
Download: 232.44 Mbit/s
Upload: 18.83 Mbit/s
Tue Jan 28 22:45:02 CET 2020
Ping: 23.502 ms
Download: 232.18 Mbit/s
Upload: 18.92 Mbit/s
Tue Jan 28 23:45:01 CET 2020
Ping: 22.892 ms
Download: 10.45 Mbit/s
Upload: 11.21 Mbit/s
Wed Jan 29 00:45:01 CET 2020
Ping: 22.111 ms
Download: 11.29 Mbit/s
Upload: 10.66 Mbit/s
Wed Jan 29 01:45:01 CET 2020
Ping: 22.017 ms
Download: 18.76 Mbit/s
Upload: 13.26 Mbit/s
Wed Jan 29 02:45:01 CET 2020
Ping: 22.067 ms
Download: 217.08 Mbit/s
Upload: 19.81 Mbit/s
Wed Jan 29 03:45:01 CET 2020
Ping: 22.888 ms
Download: 245.23 Mbit/s
Upload: 19.04 Mbit/s
Wed Jan 29 04:45:01 CET 2020
Ping: 21.512 ms
Download: 8.80 Mbit/s
Upload: 9.31 Mbit/s
Wed Jan 29 05:45:01 CET 2020
Ping: 23.315 ms
Download: 10.48 Mbit/s
Upload: 10.77 Mbit/s
Wed Jan 29 06:45:01 CET 2020
Ping: 22.186 ms
Download: 235.26 Mbit/s
Upload: 19.73 Mbit/s
Wed Jan 29 07:45:01 CET 2020
Ping: 22.137 ms
Download: 11.42 Mbit/s
Upload: 15.21 Mbit/s
Wed Jan 29 08:45:01 CET 2020
Ping: 22.234 ms
Download: 11.12 Mbit/s
Upload: 8.94 Mbit/s
Wed Jan 29 09:45:01 CET 2020
Ping: 23.896 ms
Download: 15.82 Mbit/s
Upload: 2.50 Mbit/s
Wed Jan 29 10:45:01 CET 2020
Ping: 21.391 ms
Download: 17.94 Mbit/s
Upload: 9.66 Mbit/s
Wed Jan 29 11:45:01 CET 2020
Ping: 22.834 ms
Download: 7.10 Mbit/s
Upload: 5.48 Mbit/s
Wed Jan 29 12:45:01 CET 2020
Ping: 21.105 ms
Download: 21.69 Mbit/s
Upload: 19.51 Mbit/s
Wed Jan 29 13:45:01 CET 2020
Ping: 23.966 ms
Download: 10.88 Mbit/s
Upload: 10.88 Mbit/s
Wed Jan 29 14:45:01 CET 2020
Ping: 23.642 ms
Download: 236.96 Mbit/s
Upload: 18.85 Mbit/s
Wed Jan 29 15:45:01 CET 2020
Ping: 25.356 ms
Download: 24.46 Mbit/s
Upload: 19.20 Mbit/s
Wed Jan 29 16:45:01 CET 2020
Ping: 22.945 ms
Download: 9.25 Mbit/s
Upload: 11.57 Mbit/s
Wed Jan 29 17:45:01 CET 2020
Ping: 23.649 ms
Download: 13.37 Mbit/s
Upload: 18.79 Mbit/s
Wed Jan 29 18:45:01 CET 2020
Ping: 21.412 ms
Download: 10.44 Mbit/s
Upload: 8.86 Mbit/s
Wed Jan 29 19:45:01 CET 2020
Ping: 24.669 ms
Download: 21.13 Mbit/s
Upload: 18.00 Mbit/s
Wed Jan 29 20:45:01 CET 2020
Ping: 22.962 ms
Download: 15.56 Mbit/s
Upload: 10.77 Mbit/s
Wed Jan 29 21:45:01 CET 2020
Ping: 24.664 ms
Download: 243.29 Mbit/s
Upload: 19.62 Mbit/s
Wed Jan 29 22:45:02 CET 2020
Ping: 23.269 ms
Download: 12.17 Mbit/s
Upload: 8.04 Mbit/s
Wed Jan 29 23:45:01 CET 2020
Ping: 24.384 ms
Download: 10.89 Mbit/s
Upload: 4.90 Mbit/s
Thu Jan 30 00:45:01 CET 2020
Ping: 21.576 ms
Download: 10.03 Mbit/s
Upload: 12.23 Mbit/s
Thu Jan 30 01:45:02 CET 2020
Ping: 23.392 ms
Download: 9.04 Mbit/s
Upload: 8.52 Mbit/s
Thu Jan 30 02:45:01 CET 2020
Ping: 22.286 ms
Download: 8.97 Mbit/s
Upload: 8.06 Mbit/s
Thu Jan 30 03:45:01 CET 2020
Ping: 21.448 ms
Download: 18.09 Mbit/s
Upload: 10.75 Mbit/s
Thu Jan 30 04:45:01 CET 2020
Ping: 22.266 ms
Download: 10.44 Mbit/s
Upload: 8.66 Mbit/s
Thu Jan 30 05:45:01 CET 2020
Ping: 21.064 ms
Download: 14.95 Mbit/s
Upload: 11.64 Mbit/s
Thu Jan 30 06:45:01 CET 2020
Ping: 23.224 ms
Download: 11.13 Mbit/s
Upload: 8.37 Mbit/s
Thu Jan 30 07:45:01 CET 2020
Ping: 24.002 ms
Download: 226.97 Mbit/s
Upload: 18.77 Mbit/s
Thu Jan 30 08:45:01 CET 2020
Ping: 22.01 ms
Download: 10.28 Mbit/s
Upload: 10.07 Mbit/s
Thu Jan 30 09:45:01 CET 2020
Ping: 23.288 ms
Download: 10.40 Mbit/s
Upload: 11.48 Mbit/s
Thu Jan 30 10:45:01 CET 2020
Ping: 23.156 ms
Download: 16.88 Mbit/s
Upload: 11.25 Mbit/s
Thu Jan 30 11:45:01 CET 2020
Ping: 20.099 ms
Download: 7.75 Mbit/s
Upload: 7.47 Mbit/s
Thu Jan 30 12:45:01 CET 2020
Ping: 23.941 ms
Download: 222.81 Mbit/s
Upload: 19.07 Mbit/s
Thu Jan 30 13:45:01 CET 2020
Ping: 21.546 ms
Download: 11.01 Mbit/s
Upload: 13.36 Mbit/s
Thu Jan 30 14:45:02 CET 2020
Ping: 23.038 ms
Download: 11.74 Mbit/s
Upload: 10.61 Mbit/s
Thu Jan 30 15:45:01 CET 2020
Ping: 20.385 ms
Download: 21.29 Mbit/s
Upload: 13.98 Mbit/s
Thu Jan 30 16:45:01 CET 2020
Ping: 20.754 ms
Download: 29.47 Mbit/s
Upload: 15.10 Mbit/s
Thu Jan 30 17:45:02 CET 2020
Ping: 22.563 ms
Download: 8.06 Mbit/s
Upload: 7.82 Mbit/s
Thu Jan 30 18:45:01 CET 2020
Ping: 22.033 ms
Download: 11.84 Mbit/s
Upload: 16.70 Mbit/s
Thu Jan 30 19:45:01 CET 2020
Ping: 22.972 ms
Download: 265.33 Mbit/s
Upload: 19.68 Mbit/s
Thu Jan 30 20:45:01 CET 2020
Ping: 21.712 ms
Download: 12.31 Mbit/s
Upload: 13.87 Mbit/s
Thu Jan 30 21:45:01 CET 2020
Ping: 23.871 ms
Download: 230.30 Mbit/s
Upload: 19.45 Mbit/s
Thu Jan 30 22:45:01 CET 2020
Ping: 23.338 ms
Download: 14.40 Mbit/s
Upload: 11.91 Mbit/s
Thu Jan 30 23:45:01 CET 2020
Ping: 21.182 ms
Download: 17.60 Mbit/s
Upload: 14.80 Mbit/s
Fri Jan 31 00:45:01 CET 2020
Ping: 20.098 ms
Download: 22.32 Mbit/s
Upload: 17.96 Mbit/s
Fri Jan 31 01:45:01 CET 2020
Ping: 20.406 ms
Download: 8.42 Mbit/s
Upload: 7.24 Mbit/s
Fri Jan 31 02:45:01 CET 2020
Ping: 22.127 ms
Download: 10.79 Mbit/s
Upload: 8.22 Mbit/s
Fri Jan 31 03:45:01 CET 2020
Ping: 22.925 ms
Download: 10.02 Mbit/s
Upload: 8.48 Mbit/s
Fri Jan 31 04:45:01 CET 2020
Ping: 23.378 ms
Download: 6.97 Mbit/s
Upload: 4.82 Mbit/s
Fri Jan 31 05:45:01 CET 2020
Ping: 22.796 ms
Download: 21.24 Mbit/s
Upload: 17.87 Mbit/s
Fri Jan 31 06:45:01 CET 2020
Ping: 23.397 ms
Download: 18.59 Mbit/s
Upload: 12.57 Mbit/s
Fri Jan 31 07:45:01 CET 2020
Ping: 21.701 ms
Download: 17.62 Mbit/s
Upload: 10.92 Mbit/s
Fri Jan 31 08:45:01 CET 2020
Ping: 21.689 ms
Download: 6.55 Mbit/s
Upload: 4.56 Mbit/s
Fri Jan 31 09:45:01 CET 2020
Ping: 22.252 ms
Download: 14.04 Mbit/s
Upload: 11.88 Mbit/s
Fri Jan 31 10:45:01 CET 2020
Ping: 23.358 ms
Download: 19.27 Mbit/s
Upload: 14.83 Mbit/s
Fri Jan 31 11:45:01 CET 2020
Ping: 22.343 ms
Download: 17.38 Mbit/s
Upload: 3.83 Mbit/s
Fri Jan 31 12:45:01 CET 2020
Ping: 21.88 ms
Download: 16.28 Mbit/s
Upload: 15.23 Mbit/s
Fri Jan 31 13:45:01 CET 2020
Ping: 23.323 ms
Download: 19.10 Mbit/s
Upload: 9.76 Mbit/s
Fri Jan 31 14:45:01 CET 2020
Ping: 21.357 ms
Download: 9.62 Mbit/s
Upload: 9.56 Mbit/s
Fri Jan 31 15:45:01 CET 2020
Ping: 21.746 ms
Download: 244.68 Mbit/s
Upload: 18.50 Mbit/s
Fri Jan 31 16:45:01 CET 2020
Ping: 21.227 ms
Download: 20.86 Mbit/s
Upload: 18.73 Mbit/s
Fri Jan 31 17:45:01 CET 2020
Ping: 21.14 ms
Download: 9.60 Mbit/s
Upload: 13.85 Mbit/s
Fri Jan 31 18:45:01 CET 2020
Ping: 24.964 ms
Download: 253.69 Mbit/s
Upload: 18.94 Mbit/s
Fri Jan 31 19:45:01 CET 2020
Ping: 23.213 ms
Download: 18.55 Mbit/s
Upload: 16.47 Mbit/s
Fri Jan 31 20:45:01 CET 2020
Ping: 24.013 ms
Download: 228.28 Mbit/s
Upload: 19.79 Mbit/s
Fri Jan 31 21:45:01 CET 2020
Ping: 25.0 ms
Download: 187.63 Mbit/s
Upload: 18.33 Mbit/s
Fri Jan 31 22:45:01 CET 2020
Ping: 21.87 ms
Download: 211.27 Mbit/s
Upload: 19.34 Mbit/s
Fri Jan 31 23:45:01 CET 2020
Ping: 23.142 ms
Download: 18.56 Mbit/s
Upload: 18.56 Mbit/s
