Mon Jun  1 00:45:01 CEST 2020
Ping: 21.095 ms
Download: 233.76 Mbit/s
Upload: 19.50 Mbit/s
Mon Jun  1 01:45:01 CEST 2020
Ping: 23.42 ms
Download: 223.14 Mbit/s
Upload: 19.15 Mbit/s
Mon Jun  1 02:45:01 CEST 2020
Ping: 21.571 ms
Download: 297.74 Mbit/s
Upload: 19.89 Mbit/s
Mon Jun  1 03:45:01 CEST 2020
Ping: 22.391 ms
Download: 193.89 Mbit/s
Upload: 19.37 Mbit/s
Mon Jun  1 04:45:01 CEST 2020
Ping: 22.24 ms
Download: 288.28 Mbit/s
Upload: 19.80 Mbit/s
Mon Jun  1 05:45:01 CEST 2020
Ping: 20.384 ms
Download: 299.63 Mbit/s
Upload: 19.49 Mbit/s
Mon Jun  1 06:45:01 CEST 2020
Ping: 21.747 ms
Download: 226.51 Mbit/s
Upload: 19.41 Mbit/s
Mon Jun  1 07:45:01 CEST 2020
Ping: 23.978 ms
Download: 269.66 Mbit/s
Upload: 19.29 Mbit/s
Mon Jun  1 08:45:01 CEST 2020
Ping: 20.989 ms
Download: 222.00 Mbit/s
Upload: 19.31 Mbit/s
Mon Jun  1 09:45:01 CEST 2020
Ping: 24.705 ms
Download: 288.45 Mbit/s
Upload: 19.65 Mbit/s
Mon Jun  1 10:45:01 CEST 2020
Ping: 21.403 ms
Download: 248.97 Mbit/s
Upload: 19.62 Mbit/s
Mon Jun  1 11:45:01 CEST 2020
Ping: 22.978 ms
Download: 253.17 Mbit/s
Upload: 19.07 Mbit/s
Mon Jun  1 12:45:01 CEST 2020
Ping: 23.665 ms
Download: 274.08 Mbit/s
Upload: 19.49 Mbit/s
Mon Jun  1 13:45:01 CEST 2020
Ping: 21.415 ms
Download: 256.98 Mbit/s
Upload: 19.74 Mbit/s
Mon Jun  1 14:45:01 CEST 2020
Ping: 21.256 ms
Download: 252.67 Mbit/s
Upload: 19.38 Mbit/s
Mon Jun  1 15:45:01 CEST 2020
Ping: 22.922 ms
Download: 210.01 Mbit/s
Upload: 19.09 Mbit/s
Mon Jun  1 16:45:01 CEST 2020
Ping: 22.068 ms
Download: 221.75 Mbit/s
Upload: 19.58 Mbit/s
Mon Jun  1 17:45:01 CEST 2020
Ping: 22.227 ms
Download: 260.44 Mbit/s
Upload: 19.88 Mbit/s
Mon Jun  1 18:45:01 CEST 2020
Ping: 22.357 ms
Download: 282.01 Mbit/s
Upload: 19.74 Mbit/s
Mon Jun  1 19:45:01 CEST 2020
Ping: 25.048 ms
Download: 297.13 Mbit/s
Upload: 19.03 Mbit/s
Mon Jun  1 20:45:01 CEST 2020
Ping: 20.55 ms
Download: 254.13 Mbit/s
Upload: 19.16 Mbit/s
Mon Jun  1 21:45:01 CEST 2020
Ping: 23.239 ms
Download: 228.25 Mbit/s
Upload: 19.83 Mbit/s
Mon Jun  1 22:45:01 CEST 2020
Ping: 25.173 ms
Download: 215.58 Mbit/s
Upload: 19.11 Mbit/s
Mon Jun  1 23:45:01 CEST 2020
Ping: 22.32 ms
Download: 275.98 Mbit/s
Upload: 19.32 Mbit/s
Tue Jun  2 00:45:01 CEST 2020
Ping: 22.238 ms
Download: 244.93 Mbit/s
Upload: 19.23 Mbit/s
Tue Jun  2 01:45:01 CEST 2020
Ping: 21.07 ms
Download: 266.33 Mbit/s
Upload: 19.78 Mbit/s
Tue Jun  2 02:45:01 CEST 2020
Ping: 22.424 ms
Download: 292.49 Mbit/s
Upload: 19.76 Mbit/s
Tue Jun  2 03:45:01 CEST 2020
Ping: 22.402 ms
Download: 250.29 Mbit/s
Upload: 19.89 Mbit/s
Tue Jun  2 04:45:01 CEST 2020
Ping: 21.221 ms
Download: 280.69 Mbit/s
Upload: 19.55 Mbit/s
Tue Jun  2 05:45:01 CEST 2020
Ping: 20.219 ms
Download: 244.85 Mbit/s
Upload: 19.71 Mbit/s
Tue Jun  2 06:45:01 CEST 2020
Ping: 22.579 ms
Download: 236.83 Mbit/s
Upload: 19.39 Mbit/s
Tue Jun  2 07:45:01 CEST 2020
Ping: 23.207 ms
Download: 211.73 Mbit/s
Upload: 19.19 Mbit/s
Tue Jun  2 08:45:01 CEST 2020
Ping: 21.05 ms
Download: 276.55 Mbit/s
Upload: 19.66 Mbit/s
Tue Jun  2 09:45:01 CEST 2020
Ping: 20.91 ms
Download: 270.29 Mbit/s
Upload: 19.67 Mbit/s
Tue Jun  2 10:45:01 CEST 2020
Ping: 23.437 ms
Download: 293.21 Mbit/s
Upload: 19.47 Mbit/s
Tue Jun  2 11:45:01 CEST 2020
Ping: 22.565 ms
Download: 251.59 Mbit/s
Upload: 19.74 Mbit/s
Tue Jun  2 12:45:01 CEST 2020
Ping: 22.722 ms
Download: 251.61 Mbit/s
Upload: 19.14 Mbit/s
Tue Jun  2 13:45:01 CEST 2020
Ping: 20.227 ms
Download: 245.51 Mbit/s
Upload: 19.34 Mbit/s
Tue Jun  2 14:45:01 CEST 2020
Ping: 22.078 ms
Download: 212.74 Mbit/s
Upload: 19.68 Mbit/s
Tue Jun  2 15:45:01 CEST 2020
Ping: 21.063 ms
Download: 254.14 Mbit/s
Upload: 19.44 Mbit/s
Tue Jun  2 16:45:01 CEST 2020
Ping: 21.128 ms
Download: 327.74 Mbit/s
Upload: 19.49 Mbit/s
Tue Jun  2 17:45:01 CEST 2020
Ping: 21.222 ms
Download: 229.22 Mbit/s
Upload: 19.56 Mbit/s
Tue Jun  2 18:45:01 CEST 2020
Ping: 22.422 ms
Download: 212.28 Mbit/s
Upload: 19.65 Mbit/s
Tue Jun  2 19:45:01 CEST 2020
Ping: 23.558 ms
Download: 304.46 Mbit/s
Upload: 19.54 Mbit/s
Tue Jun  2 20:45:01 CEST 2020
Ping: 22.106 ms
Download: 214.14 Mbit/s
Upload: 19.65 Mbit/s
Tue Jun  2 21:45:01 CEST 2020
Ping: 25.507 ms
Download: 273.87 Mbit/s
Upload: 19.13 Mbit/s
Tue Jun  2 22:45:01 CEST 2020
Ping: 22.724 ms
Download: 228.67 Mbit/s
Upload: 19.38 Mbit/s
Tue Jun  2 23:45:01 CEST 2020
Ping: 21.267 ms
Download: 249.20 Mbit/s
Upload: 19.66 Mbit/s
Wed Jun  3 00:45:01 CEST 2020
Ping: 23.176 ms
Download: 272.56 Mbit/s
Upload: 19.33 Mbit/s
Wed Jun  3 01:45:01 CEST 2020
Ping: 21.054 ms
Download: 260.42 Mbit/s
Upload: 19.16 Mbit/s
Wed Jun  3 02:45:02 CEST 2020
Ping: 23.187 ms
Download: 248.32 Mbit/s
Upload: 19.82 Mbit/s
Wed Jun  3 03:45:01 CEST 2020
Ping: 21.645 ms
Download: 283.04 Mbit/s
Upload: 19.32 Mbit/s
Wed Jun  3 04:45:01 CEST 2020
Ping: 22.759 ms
Download: 268.99 Mbit/s
Upload: 19.67 Mbit/s
Wed Jun  3 05:45:01 CEST 2020
Ping: 21.074 ms
Download: 270.73 Mbit/s
Upload: 19.02 Mbit/s
Wed Jun  3 06:45:01 CEST 2020
Ping: 23.376 ms
Download: 286.13 Mbit/s
Upload: 19.34 Mbit/s
Wed Jun  3 07:45:01 CEST 2020
Ping: 23.245 ms
Download: 279.78 Mbit/s
Upload: 19.72 Mbit/s
Wed Jun  3 08:45:01 CEST 2020
Ping: 22.205 ms
Download: 223.56 Mbit/s
Upload: 19.64 Mbit/s
Wed Jun  3 09:45:01 CEST 2020
Ping: 23.196 ms
Download: 252.55 Mbit/s
Upload: 18.74 Mbit/s
Wed Jun  3 10:45:01 CEST 2020
Ping: 22.925 ms
Download: 190.25 Mbit/s
Upload: 19.61 Mbit/s
Wed Jun  3 11:45:01 CEST 2020
Ping: 20.599 ms
Download: 265.24 Mbit/s
Upload: 19.06 Mbit/s
Wed Jun  3 12:45:02 CEST 2020
Ping: 21.967 ms
Download: 337.13 Mbit/s
Upload: 19.45 Mbit/s
Wed Jun  3 13:45:01 CEST 2020
Ping: 24.324 ms
Download: 225.49 Mbit/s
Upload: 19.40 Mbit/s
Wed Jun  3 14:45:01 CEST 2020
Ping: 20.543 ms
Download: 201.70 Mbit/s
Upload: 19.61 Mbit/s
Wed Jun  3 15:45:01 CEST 2020
Ping: 19.911 ms
Download: 257.72 Mbit/s
Upload: 19.30 Mbit/s
Wed Jun  3 16:45:01 CEST 2020
Ping: 24.062 ms
Download: 231.14 Mbit/s
Upload: 19.52 Mbit/s
Wed Jun  3 17:45:01 CEST 2020
Ping: 21.749 ms
Download: 253.86 Mbit/s
Upload: 19.22 Mbit/s
Wed Jun  3 18:45:01 CEST 2020
Ping: 22.384 ms
Download: 269.22 Mbit/s
Upload: 19.56 Mbit/s
Wed Jun  3 19:45:01 CEST 2020
Ping: 22.678 ms
Download: 266.02 Mbit/s
Upload: 19.53 Mbit/s
Wed Jun  3 20:45:01 CEST 2020
Ping: 26.528 ms
Download: 228.84 Mbit/s
Upload: 19.41 Mbit/s
Wed Jun  3 21:45:01 CEST 2020
Ping: 23.729 ms
Download: 221.78 Mbit/s
Upload: 18.97 Mbit/s
Wed Jun  3 22:45:01 CEST 2020
Ping: 25.764 ms
Download: 247.37 Mbit/s
Upload: 18.79 Mbit/s
Wed Jun  3 23:45:01 CEST 2020
Ping: 22.776 ms
Download: 291.14 Mbit/s
Upload: 19.34 Mbit/s
Thu Jun  4 00:45:01 CEST 2020
Ping: 20.261 ms
Download: 207.11 Mbit/s
Upload: 19.70 Mbit/s
Thu Jun  4 01:45:01 CEST 2020
Ping: 22.6 ms
Download: 220.00 Mbit/s
Upload: 19.07 Mbit/s
Thu Jun  4 02:45:01 CEST 2020
Ping: 20.891 ms
Download: 265.06 Mbit/s
Upload: 19.65 Mbit/s
Thu Jun  4 03:45:02 CEST 2020
Ping: 22.854 ms
Download: 274.45 Mbit/s
Upload: 19.67 Mbit/s
Thu Jun  4 04:45:02 CEST 2020
Ping: 25.336 ms
Download: 218.43 Mbit/s
Upload: 19.03 Mbit/s
Thu Jun  4 05:45:01 CEST 2020
Ping: 23.437 ms
Download: 250.87 Mbit/s
Upload: 19.59 Mbit/s
Thu Jun  4 06:45:01 CEST 2020
Ping: 21.496 ms
Download: 308.07 Mbit/s
Upload: 19.31 Mbit/s
Thu Jun  4 07:45:01 CEST 2020
Ping: 20.309 ms
Download: 234.11 Mbit/s
Upload: 19.41 Mbit/s
Thu Jun  4 08:45:01 CEST 2020
Ping: 23.075 ms
Download: 230.99 Mbit/s
Upload: 19.29 Mbit/s
Thu Jun  4 09:45:01 CEST 2020
Ping: 21.415 ms
Download: 200.81 Mbit/s
Upload: 19.81 Mbit/s
Thu Jun  4 10:45:01 CEST 2020
Ping: 23.134 ms
Download: 219.86 Mbit/s
Upload: 19.85 Mbit/s
Thu Jun  4 11:45:01 CEST 2020
Ping: 24.625 ms
Download: 209.83 Mbit/s
Upload: 19.50 Mbit/s
Thu Jun  4 12:45:01 CEST 2020
Ping: 25.529 ms
Download: 218.72 Mbit/s
Upload: 18.64 Mbit/s
Thu Jun  4 13:45:01 CEST 2020
Ping: 23.399 ms
Download: 202.32 Mbit/s
Upload: 19.67 Mbit/s
Thu Jun  4 14:45:01 CEST 2020
Ping: 23.247 ms
Download: 258.59 Mbit/s
Upload: 19.53 Mbit/s
Thu Jun  4 15:45:01 CEST 2020
Ping: 24.231 ms
Download: 252.88 Mbit/s
Upload: 19.61 Mbit/s
Thu Jun  4 16:45:02 CEST 2020
Ping: 24.833 ms
Download: 259.01 Mbit/s
Upload: 19.47 Mbit/s
Thu Jun  4 17:45:01 CEST 2020
Ping: 21.48 ms
Download: 236.00 Mbit/s
Upload: 19.53 Mbit/s
Thu Jun  4 18:45:02 CEST 2020
Ping: 23.52 ms
Download: 280.37 Mbit/s
Upload: 19.82 Mbit/s
Thu Jun  4 19:45:01 CEST 2020
Ping: 24.811 ms
Download: 198.64 Mbit/s
Upload: 19.50 Mbit/s
Thu Jun  4 20:45:01 CEST 2020
Ping: 23.61 ms
Download: 221.31 Mbit/s
Upload: 19.44 Mbit/s
Thu Jun  4 21:45:01 CEST 2020
Ping: 23.436 ms
Download: 265.26 Mbit/s
Upload: 19.39 Mbit/s
Thu Jun  4 22:45:01 CEST 2020
Ping: 24.953 ms
Download: 269.27 Mbit/s
Upload: 19.31 Mbit/s
Thu Jun  4 23:45:01 CEST 2020
Ping: 24.919 ms
Download: 223.78 Mbit/s
Upload: 19.18 Mbit/s
Fri Jun  5 00:45:01 CEST 2020
Ping: 22.104 ms
Download: 276.07 Mbit/s
Upload: 19.77 Mbit/s
Fri Jun  5 01:45:01 CEST 2020
Ping: 23.523 ms
Download: 236.40 Mbit/s
Upload: 19.40 Mbit/s
Fri Jun  5 02:45:01 CEST 2020
Ping: 23.585 ms
Download: 231.21 Mbit/s
Upload: 19.05 Mbit/s
Fri Jun  5 03:45:01 CEST 2020
Ping: 21.287 ms
Download: 260.50 Mbit/s
Upload: 19.47 Mbit/s
Fri Jun  5 04:45:01 CEST 2020
Ping: 23.255 ms
Download: 219.19 Mbit/s
Upload: 19.72 Mbit/s
Fri Jun  5 05:45:01 CEST 2020
Ping: 22.08 ms
Download: 278.02 Mbit/s
Upload: 19.79 Mbit/s
Fri Jun  5 06:45:01 CEST 2020
Ping: 21.143 ms
Download: 230.66 Mbit/s
Upload: 19.83 Mbit/s
Fri Jun  5 07:45:01 CEST 2020
Ping: 23.194 ms
Download: 266.78 Mbit/s
Upload: 19.93 Mbit/s
Fri Jun  5 08:45:01 CEST 2020
Ping: 19.28 ms
Download: 317.78 Mbit/s
Upload: 19.51 Mbit/s
Fri Jun  5 09:45:01 CEST 2020
Ping: 23.49 ms
Download: 234.63 Mbit/s
Upload: 19.23 Mbit/s
Fri Jun  5 10:45:01 CEST 2020
Ping: 22.637 ms
Download: 252.93 Mbit/s
Upload: 19.57 Mbit/s
Fri Jun  5 11:45:01 CEST 2020
Ping: 21.626 ms
Download: 247.57 Mbit/s
Upload: 19.90 Mbit/s
Fri Jun  5 12:45:01 CEST 2020
Ping: 22.9 ms
Download: 236.51 Mbit/s
Upload: 19.56 Mbit/s
Fri Jun  5 13:45:01 CEST 2020
Ping: 24.727 ms
Download: 218.82 Mbit/s
Upload: 19.88 Mbit/s
Fri Jun  5 14:45:01 CEST 2020
Ping: 20.786 ms
Download: 257.53 Mbit/s
Upload: 19.76 Mbit/s
Fri Jun  5 15:45:01 CEST 2020
Ping: 20.405 ms
Download: 239.85 Mbit/s
Upload: 19.09 Mbit/s
Fri Jun  5 16:45:01 CEST 2020
Ping: 23.861 ms
Download: 279.40 Mbit/s
Upload: 19.13 Mbit/s
Fri Jun  5 17:45:01 CEST 2020
Ping: 21.574 ms
Download: 271.12 Mbit/s
Upload: 19.44 Mbit/s
Fri Jun  5 18:45:01 CEST 2020
Ping: 22.689 ms
Download: 259.55 Mbit/s
Upload: 19.26 Mbit/s
Fri Jun  5 19:45:01 CEST 2020
Ping: 24.031 ms
Download: 242.68 Mbit/s
Upload: 19.43 Mbit/s
Fri Jun  5 20:45:01 CEST 2020
Ping: 23.027 ms
Download: 259.47 Mbit/s
Upload: 19.36 Mbit/s
Fri Jun  5 21:45:01 CEST 2020
Ping: 23.413 ms
Download: 208.83 Mbit/s
Upload: 18.84 Mbit/s
Fri Jun  5 22:45:01 CEST 2020
Ping: 23.66 ms
Download: 191.71 Mbit/s
Upload: 19.24 Mbit/s
Fri Jun  5 23:45:01 CEST 2020
Ping: 23.432 ms
Download: 229.85 Mbit/s
Upload: 19.30 Mbit/s
Sat Jun  6 00:45:01 CEST 2020
Ping: 22.413 ms
Download: 219.61 Mbit/s
Upload: 19.80 Mbit/s
Sat Jun  6 01:45:01 CEST 2020
Ping: 21.72 ms
Download: 315.71 Mbit/s
Upload: 19.10 Mbit/s
Sat Jun  6 02:45:01 CEST 2020
Ping: 22.183 ms
Download: 237.32 Mbit/s
Upload: 19.47 Mbit/s
Sat Jun  6 03:45:01 CEST 2020
Ping: 23.639 ms
Download: 329.86 Mbit/s
Upload: 19.76 Mbit/s
Sat Jun  6 04:45:01 CEST 2020
Ping: 24.467 ms
Download: 299.65 Mbit/s
Upload: 19.43 Mbit/s
Sat Jun  6 05:45:01 CEST 2020
Ping: 22.798 ms
Download: 256.10 Mbit/s
Upload: 19.65 Mbit/s
Sat Jun  6 06:45:01 CEST 2020
Ping: 21.29 ms
Download: 268.16 Mbit/s
Upload: 19.68 Mbit/s
Sat Jun  6 07:45:01 CEST 2020
Ping: 21.873 ms
Download: 241.60 Mbit/s
Upload: 19.48 Mbit/s
Sat Jun  6 08:45:01 CEST 2020
Ping: 21.094 ms
Download: 247.21 Mbit/s
Upload: 19.35 Mbit/s
Sat Jun  6 09:45:01 CEST 2020
Ping: 21.385 ms
Download: 274.74 Mbit/s
Upload: 19.34 Mbit/s
Sat Jun  6 10:45:01 CEST 2020
Ping: 23.646 ms
Download: 261.32 Mbit/s
Upload: 19.13 Mbit/s
Sat Jun  6 11:45:01 CEST 2020
Ping: 20.649 ms
Download: 314.16 Mbit/s
Upload: 19.38 Mbit/s
Sat Jun  6 12:45:01 CEST 2020
Ping: 20.4 ms
Download: 246.78 Mbit/s
Upload: 19.44 Mbit/s
Sat Jun  6 13:45:01 CEST 2020
Ping: 22.903 ms
Download: 244.47 Mbit/s
Upload: 19.35 Mbit/s
Sat Jun  6 14:45:01 CEST 2020
Ping: 20.921 ms
Download: 248.22 Mbit/s
Upload: 19.48 Mbit/s
Sat Jun  6 15:45:01 CEST 2020
Ping: 20.577 ms
Download: 231.75 Mbit/s
Upload: 19.76 Mbit/s
Sat Jun  6 16:45:01 CEST 2020
Ping: 22.434 ms
Download: 244.85 Mbit/s
Upload: 19.86 Mbit/s
Sat Jun  6 17:45:01 CEST 2020
Ping: 22.496 ms
Download: 243.43 Mbit/s
Upload: 19.89 Mbit/s
Sat Jun  6 18:45:01 CEST 2020
Ping: 22.912 ms
Download: 226.32 Mbit/s
Upload: 19.80 Mbit/s
Sat Jun  6 19:45:02 CEST 2020
Ping: 23.71 ms
Download: 264.10 Mbit/s
Upload: 19.86 Mbit/s
Sat Jun  6 20:45:01 CEST 2020
Ping: 21.395 ms
Download: 250.06 Mbit/s
Upload: 19.70 Mbit/s
Sat Jun  6 21:45:01 CEST 2020
Ping: 22.072 ms
Download: 228.46 Mbit/s
Upload: 19.89 Mbit/s
Sat Jun  6 22:45:01 CEST 2020
Ping: 22.863 ms
Download: 238.23 Mbit/s
Upload: 18.74 Mbit/s
Sat Jun  6 23:45:01 CEST 2020
Ping: 24.825 ms
Download: 221.56 Mbit/s
Upload: 19.77 Mbit/s
Sun Jun  7 00:45:01 CEST 2020
Ping: 21.511 ms
Download: 257.92 Mbit/s
Upload: 19.75 Mbit/s
Sun Jun  7 01:45:01 CEST 2020
Ping: 23.991 ms
Download: 307.14 Mbit/s
Upload: 19.49 Mbit/s
Sun Jun  7 02:45:01 CEST 2020
Ping: 23.415 ms
Download: 234.58 Mbit/s
Upload: 19.76 Mbit/s
Sun Jun  7 03:45:01 CEST 2020
Ping: 20.101 ms
Download: 275.41 Mbit/s
Upload: 19.73 Mbit/s
Sun Jun  7 04:45:01 CEST 2020
Ping: 23.252 ms
Download: 273.51 Mbit/s
Upload: 19.42 Mbit/s
Sun Jun  7 05:45:01 CEST 2020
Ping: 19.583 ms
Download: 318.81 Mbit/s
Upload: 19.87 Mbit/s
Sun Jun  7 06:45:01 CEST 2020
Ping: 20.383 ms
Download: 281.39 Mbit/s
Upload: 19.67 Mbit/s
Sun Jun  7 07:45:01 CEST 2020
Ping: 25.842 ms
Download: 235.03 Mbit/s
Upload: 19.67 Mbit/s
Sun Jun  7 08:45:01 CEST 2020
Ping: 22.487 ms
Download: 270.12 Mbit/s
Upload: 19.72 Mbit/s
Sun Jun  7 09:45:01 CEST 2020
Ping: 22.066 ms
Download: 236.82 Mbit/s
Upload: 19.54 Mbit/s
Sun Jun  7 10:45:01 CEST 2020
Ping: 22.582 ms
Download: 241.17 Mbit/s
Upload: 18.98 Mbit/s
Sun Jun  7 11:45:01 CEST 2020
Ping: 24.618 ms
Download: 349.36 Mbit/s
Upload: 19.79 Mbit/s
Sun Jun  7 12:45:01 CEST 2020
Ping: 20.886 ms
Download: 293.07 Mbit/s
Upload: 18.89 Mbit/s
Sun Jun  7 13:45:02 CEST 2020
Ping: 23.836 ms
Download: 300.61 Mbit/s
Upload: 19.71 Mbit/s
Sun Jun  7 14:45:02 CEST 2020
Ping: 23.83 ms
Download: 273.07 Mbit/s
Upload: 19.46 Mbit/s
Sun Jun  7 15:45:01 CEST 2020
Ping: 21.22 ms
Download: 260.51 Mbit/s
Upload: 19.40 Mbit/s
Sun Jun  7 16:45:02 CEST 2020
Ping: 25.994 ms
Download: 230.84 Mbit/s
Upload: 19.30 Mbit/s
Sun Jun  7 17:45:01 CEST 2020
Ping: 20.642 ms
Download: 204.15 Mbit/s
Upload: 17.10 Mbit/s
Sun Jun  7 18:45:01 CEST 2020
Ping: 36.075 ms
Download: 185.37 Mbit/s
Upload: 16.20 Mbit/s
Sun Jun  7 19:45:01 CEST 2020
Ping: 19.109 ms
Download: 224.88 Mbit/s
Upload: 16.48 Mbit/s
Sun Jun  7 20:45:01 CEST 2020
Ping: 23.914 ms
Download: 237.95 Mbit/s
Upload: 19.34 Mbit/s
Sun Jun  7 21:45:01 CEST 2020
Ping: 22.257 ms
Download: 253.15 Mbit/s
Upload: 16.68 Mbit/s
Sun Jun  7 22:45:01 CEST 2020
Ping: 22.902 ms
Download: 221.82 Mbit/s
Upload: 19.34 Mbit/s
Sun Jun  7 23:45:01 CEST 2020
Ping: 22.527 ms
Download: 231.76 Mbit/s
Upload: 19.65 Mbit/s
Mon Jun  8 00:45:01 CEST 2020
Ping: 22.167 ms
Download: 332.90 Mbit/s
Upload: 19.60 Mbit/s
Mon Jun  8 01:45:01 CEST 2020
Ping: 23.567 ms
Download: 222.98 Mbit/s
Upload: 18.82 Mbit/s
Mon Jun  8 02:45:01 CEST 2020
Ping: 23.468 ms
Download: 288.91 Mbit/s
Upload: 19.37 Mbit/s
Mon Jun  8 03:45:01 CEST 2020
Ping: 23.336 ms
Download: 289.96 Mbit/s
Upload: 19.93 Mbit/s
Mon Jun  8 04:45:01 CEST 2020
Ping: 23.59 ms
Download: 222.81 Mbit/s
Upload: 19.48 Mbit/s
Mon Jun  8 05:45:02 CEST 2020
Ping: 21.117 ms
Download: 217.99 Mbit/s
Upload: 19.47 Mbit/s
Mon Jun  8 06:45:01 CEST 2020
Ping: 21.869 ms
Download: 245.81 Mbit/s
Upload: 19.37 Mbit/s
Mon Jun  8 07:45:01 CEST 2020
Ping: 25.672 ms
Download: 224.76 Mbit/s
Upload: 19.66 Mbit/s
Mon Jun  8 08:45:01 CEST 2020
Ping: 22.232 ms
Download: 277.49 Mbit/s
Upload: 19.67 Mbit/s
Mon Jun  8 09:45:01 CEST 2020
Ping: 21.909 ms
Download: 246.38 Mbit/s
Upload: 19.95 Mbit/s
Mon Jun  8 10:45:01 CEST 2020
Ping: 23.773 ms
Download: 289.34 Mbit/s
Upload: 19.58 Mbit/s
Mon Jun  8 11:45:01 CEST 2020
Ping: 25.173 ms
Download: 229.75 Mbit/s
Upload: 16.37 Mbit/s
Mon Jun  8 12:45:01 CEST 2020
Ping: 22.073 ms
Download: 297.98 Mbit/s
Upload: 19.23 Mbit/s
Mon Jun  8 13:45:01 CEST 2020
Ping: 23.354 ms
Download: 257.41 Mbit/s
Upload: 17.64 Mbit/s
Mon Jun  8 14:45:01 CEST 2020
Ping: 21.89 ms
Download: 309.82 Mbit/s
Upload: 19.54 Mbit/s
Mon Jun  8 15:45:02 CEST 2020
Ping: 21.822 ms
Download: 296.25 Mbit/s
Upload: 19.53 Mbit/s
Mon Jun  8 16:45:01 CEST 2020
Ping: 24.21 ms
Download: 278.56 Mbit/s
Upload: 19.63 Mbit/s
Mon Jun  8 17:45:01 CEST 2020
Ping: 22.953 ms
Download: 256.56 Mbit/s
Upload: 19.81 Mbit/s
Mon Jun  8 18:45:01 CEST 2020
Ping: 24.502 ms
Download: 236.90 Mbit/s
Upload: 19.90 Mbit/s
Mon Jun  8 19:45:01 CEST 2020
Ping: 25.529 ms
Download: 282.83 Mbit/s
Upload: 19.39 Mbit/s
Mon Jun  8 20:45:01 CEST 2020
Ping: 23.956 ms
Download: 249.49 Mbit/s
Upload: 19.22 Mbit/s
Mon Jun  8 21:45:01 CEST 2020
Ping: 23.909 ms
Download: 231.60 Mbit/s
Upload: 19.85 Mbit/s
Mon Jun  8 22:45:01 CEST 2020
Ping: 24.57 ms
Download: 276.44 Mbit/s
Upload: 19.21 Mbit/s
Mon Jun  8 23:45:01 CEST 2020
Ping: 20.922 ms
Download: 272.19 Mbit/s
Upload: 19.82 Mbit/s
Tue Jun  9 00:45:01 CEST 2020
Ping: 22.314 ms
Download: 269.74 Mbit/s
Upload: 19.70 Mbit/s
Tue Jun  9 01:45:01 CEST 2020
Ping: 22.76 ms
Download: 246.35 Mbit/s
Upload: 19.40 Mbit/s
Tue Jun  9 02:45:01 CEST 2020
Ping: 21.737 ms
Download: 307.98 Mbit/s
Upload: 14.35 Mbit/s
Tue Jun  9 03:45:01 CEST 2020
Ping: 25.229 ms
Download: 196.11 Mbit/s
Upload: 19.93 Mbit/s
Tue Jun  9 04:45:01 CEST 2020
Ping: 22.744 ms
Download: 248.91 Mbit/s
Upload: 19.57 Mbit/s
Tue Jun  9 05:45:01 CEST 2020
Ping: 20.7 ms
Download: 252.55 Mbit/s
Upload: 19.62 Mbit/s
Tue Jun  9 06:45:01 CEST 2020
Ping: 21.58 ms
Download: 294.18 Mbit/s
Upload: 19.75 Mbit/s
Tue Jun  9 07:45:01 CEST 2020
Ping: 22.391 ms
Download: 248.38 Mbit/s
Upload: 19.71 Mbit/s
Tue Jun  9 08:45:01 CEST 2020
Ping: 20.562 ms
Download: 277.49 Mbit/s
Upload: 19.68 Mbit/s
Tue Jun  9 09:45:01 CEST 2020
Ping: 22.248 ms
Download: 266.45 Mbit/s
Upload: 19.71 Mbit/s
Tue Jun  9 10:45:01 CEST 2020
Ping: 25.631 ms
Download: 313.69 Mbit/s
Upload: 19.69 Mbit/s
Tue Jun  9 11:45:01 CEST 2020
Ping: 23.956 ms
Download: 208.14 Mbit/s
Upload: 19.37 Mbit/s
Tue Jun  9 12:45:01 CEST 2020
Ping: 20.592 ms
Download: 227.60 Mbit/s
Upload: 19.47 Mbit/s
Tue Jun  9 13:45:01 CEST 2020
Ping: 19.928 ms
Download: 269.33 Mbit/s
Upload: 18.86 Mbit/s
Tue Jun  9 14:45:01 CEST 2020
Ping: 23.41 ms
Download: 193.30 Mbit/s
Upload: 18.90 Mbit/s
Tue Jun  9 15:45:01 CEST 2020
Ping: 23.118 ms
Download: 257.89 Mbit/s
Upload: 19.13 Mbit/s
Tue Jun  9 16:45:01 CEST 2020
Ping: 22.832 ms
Download: 277.76 Mbit/s
Upload: 19.47 Mbit/s
Tue Jun  9 17:45:01 CEST 2020
Ping: 25.971 ms
Download: 216.43 Mbit/s
Upload: 19.72 Mbit/s
Tue Jun  9 18:45:01 CEST 2020
Ping: 20.55 ms
Download: 250.93 Mbit/s
Upload: 19.82 Mbit/s
Tue Jun  9 19:45:01 CEST 2020
Ping: 25.181 ms
Download: 248.52 Mbit/s
Upload: 19.73 Mbit/s
Tue Jun  9 20:45:01 CEST 2020
Ping: 25.772 ms
Download: 212.84 Mbit/s
Upload: 19.86 Mbit/s
Tue Jun  9 21:45:01 CEST 2020
Ping: 23.084 ms
Download: 191.01 Mbit/s
Upload: 19.37 Mbit/s
Tue Jun  9 22:45:01 CEST 2020
Ping: 24.04 ms
Download: 294.45 Mbit/s
Upload: 19.62 Mbit/s
Tue Jun  9 23:45:02 CEST 2020
Ping: 24.176 ms
Download: 261.46 Mbit/s
Upload: 19.55 Mbit/s
Wed Jun 10 00:45:01 CEST 2020
Ping: 21.225 ms
Download: 206.71 Mbit/s
Upload: 19.53 Mbit/s
Wed Jun 10 01:45:01 CEST 2020
Ping: 20.292 ms
Download: 259.15 Mbit/s
Upload: 19.29 Mbit/s
Wed Jun 10 02:45:01 CEST 2020
Ping: 23.558 ms
Download: 256.05 Mbit/s
Upload: 19.73 Mbit/s
Wed Jun 10 03:45:01 CEST 2020
Ping: 22.746 ms
Download: 254.87 Mbit/s
Upload: 19.67 Mbit/s
Wed Jun 10 04:45:01 CEST 2020
Ping: 20.252 ms
Download: 259.92 Mbit/s
Upload: 19.88 Mbit/s
Wed Jun 10 05:45:01 CEST 2020
Ping: 22.084 ms
Download: 258.99 Mbit/s
Upload: 19.91 Mbit/s
Wed Jun 10 06:45:01 CEST 2020
Ping: 21.587 ms
Download: 243.78 Mbit/s
Upload: 19.79 Mbit/s
Wed Jun 10 07:45:01 CEST 2020
Ping: 22.042 ms
Download: 265.50 Mbit/s
Upload: 19.68 Mbit/s
Wed Jun 10 08:45:01 CEST 2020
Ping: 23.247 ms
Download: 254.95 Mbit/s
Upload: 19.82 Mbit/s
Wed Jun 10 09:45:01 CEST 2020
Ping: 20.902 ms
Download: 268.06 Mbit/s
Upload: 19.85 Mbit/s
Wed Jun 10 10:45:01 CEST 2020
Ping: 20.198 ms
Download: 227.39 Mbit/s
Upload: 19.70 Mbit/s
Wed Jun 10 11:45:01 CEST 2020
Ping: 25.257 ms
Download: 230.41 Mbit/s
Upload: 19.35 Mbit/s
Wed Jun 10 12:45:01 CEST 2020
Ping: 22.07 ms
Download: 233.21 Mbit/s
Upload: 19.52 Mbit/s
Wed Jun 10 13:45:01 CEST 2020
Ping: 21.976 ms
Download: 251.23 Mbit/s
Upload: 19.14 Mbit/s
Wed Jun 10 14:45:01 CEST 2020
Ping: 24.648 ms
Download: 239.88 Mbit/s
Upload: 19.60 Mbit/s
Wed Jun 10 15:45:01 CEST 2020
Ping: 21.747 ms
Download: 216.55 Mbit/s
Upload: 19.74 Mbit/s
Wed Jun 10 16:45:01 CEST 2020
Ping: 21.099 ms
Download: 270.72 Mbit/s
Upload: 19.65 Mbit/s
Wed Jun 10 17:45:01 CEST 2020
Ping: 23.555 ms
Download: 219.42 Mbit/s
Upload: 19.31 Mbit/s
Wed Jun 10 18:45:01 CEST 2020
Ping: 21.237 ms
Download: 238.58 Mbit/s
Upload: 19.25 Mbit/s
Wed Jun 10 19:45:01 CEST 2020
Ping: 24.001 ms
Download: 248.13 Mbit/s
Upload: 19.74 Mbit/s
Wed Jun 10 20:45:01 CEST 2020
Ping: 22.419 ms
Download: 276.36 Mbit/s
Upload: 19.59 Mbit/s
Wed Jun 10 21:45:01 CEST 2020
Ping: 21.413 ms
Download: 239.20 Mbit/s
Upload: 19.70 Mbit/s
Wed Jun 10 22:45:01 CEST 2020
Ping: 23.05 ms
Download: 218.56 Mbit/s
Upload: 19.51 Mbit/s
Wed Jun 10 23:45:01 CEST 2020
Ping: 25.239 ms
Download: 212.56 Mbit/s
Upload: 19.38 Mbit/s
Thu Jun 11 00:45:01 CEST 2020
Ping: 22.332 ms
Download: 248.19 Mbit/s
Upload: 19.83 Mbit/s
Thu Jun 11 01:45:01 CEST 2020
Ping: 21.239 ms
Download: 268.00 Mbit/s
Upload: 19.57 Mbit/s
Thu Jun 11 02:45:01 CEST 2020
Ping: 23.367 ms
Download: 277.34 Mbit/s
Upload: 19.41 Mbit/s
Thu Jun 11 03:45:01 CEST 2020
Ping: 21.003 ms
Download: 301.86 Mbit/s
Upload: 19.69 Mbit/s
Thu Jun 11 04:45:01 CEST 2020
Ping: 21.838 ms
Download: 242.79 Mbit/s
Upload: 19.58 Mbit/s
Thu Jun 11 05:45:01 CEST 2020
Ping: 21.89 ms
Download: 232.20 Mbit/s
Upload: 19.69 Mbit/s
Thu Jun 11 06:45:01 CEST 2020
Ping: 21.381 ms
Download: 251.11 Mbit/s
Upload: 19.67 Mbit/s
Thu Jun 11 07:45:01 CEST 2020
Ping: 20.265 ms
Download: 291.50 Mbit/s
Upload: 19.43 Mbit/s
Thu Jun 11 08:45:01 CEST 2020
Ping: 23.765 ms
Download: 268.47 Mbit/s
Upload: 19.85 Mbit/s
Thu Jun 11 09:45:02 CEST 2020
Ping: 23.805 ms
Download: 253.16 Mbit/s
Upload: 19.83 Mbit/s
Thu Jun 11 10:45:02 CEST 2020
Ping: 25.338 ms
Download: 222.24 Mbit/s
Upload: 19.42 Mbit/s
Thu Jun 11 11:45:01 CEST 2020
Ping: 22.553 ms
Download: 259.25 Mbit/s
Upload: 19.74 Mbit/s
Thu Jun 11 12:45:01 CEST 2020
Ping: 23.451 ms
Download: 250.96 Mbit/s
Upload: 19.13 Mbit/s
Thu Jun 11 13:45:01 CEST 2020
Ping: 23.398 ms
Download: 238.15 Mbit/s
Upload: 19.83 Mbit/s
Thu Jun 11 14:45:01 CEST 2020
Ping: 23.268 ms
Download: 258.78 Mbit/s
Upload: 19.57 Mbit/s
Thu Jun 11 15:45:01 CEST 2020
Ping: 22.863 ms
Download: 256.08 Mbit/s
Upload: 19.78 Mbit/s
Thu Jun 11 16:45:01 CEST 2020
Ping: 22.74 ms
Download: 280.16 Mbit/s
Upload: 19.55 Mbit/s
Thu Jun 11 17:45:01 CEST 2020
Ping: 23.247 ms
Download: 212.49 Mbit/s
Upload: 19.53 Mbit/s
Thu Jun 11 18:45:01 CEST 2020
Ping: 21.297 ms
Download: 280.86 Mbit/s
Upload: 19.41 Mbit/s
Thu Jun 11 19:45:02 CEST 2020
Ping: 24.519 ms
Download: 213.66 Mbit/s
Upload: 19.53 Mbit/s
Thu Jun 11 20:45:02 CEST 2020
Ping: 24.081 ms
Download: 266.80 Mbit/s
Upload: 19.41 Mbit/s
Thu Jun 11 21:45:01 CEST 2020
Ping: 25.62 ms
Download: 231.66 Mbit/s
Upload: 19.91 Mbit/s
Thu Jun 11 22:45:02 CEST 2020
Ping: 22.984 ms
Download: 287.02 Mbit/s
Upload: 19.86 Mbit/s
Thu Jun 11 23:45:01 CEST 2020
Ping: 23.088 ms
Download: 275.83 Mbit/s
Upload: 19.65 Mbit/s
Fri Jun 12 00:45:01 CEST 2020
Ping: 21.771 ms
Download: 274.35 Mbit/s
Upload: 19.42 Mbit/s
Fri Jun 12 01:45:01 CEST 2020
Ping: 23.039 ms
Download: 281.21 Mbit/s
Upload: 19.46 Mbit/s
Fri Jun 12 02:45:01 CEST 2020
Ping: 22.424 ms
Download: 218.36 Mbit/s
Upload: 19.79 Mbit/s
Fri Jun 12 03:45:01 CEST 2020
Ping: 21.429 ms
Download: 257.86 Mbit/s
Upload: 19.70 Mbit/s
Fri Jun 12 04:45:02 CEST 2020
Ping: 21.704 ms
Download: 252.97 Mbit/s
Upload: 19.89 Mbit/s
Fri Jun 12 05:45:02 CEST 2020
Ping: 24.024 ms
Download: 288.74 Mbit/s
Upload: 19.05 Mbit/s
Fri Jun 12 06:45:01 CEST 2020
Ping: 21.157 ms
Download: 215.59 Mbit/s
Upload: 19.44 Mbit/s
Fri Jun 12 07:45:01 CEST 2020
Ping: 23.088 ms
Download: 238.19 Mbit/s
Upload: 19.70 Mbit/s
Fri Jun 12 08:45:01 CEST 2020
Ping: 23.577 ms
Download: 218.92 Mbit/s
Upload: 19.65 Mbit/s
Fri Jun 12 09:45:01 CEST 2020
Ping: 22.051 ms
Download: 292.25 Mbit/s
Upload: 19.26 Mbit/s
Fri Jun 12 10:45:01 CEST 2020
Ping: 21.237 ms
Download: 247.87 Mbit/s
Upload: 19.77 Mbit/s
Fri Jun 12 11:45:01 CEST 2020
Ping: 23.156 ms
Download: 203.10 Mbit/s
Upload: 19.72 Mbit/s
Fri Jun 12 12:45:02 CEST 2020
Ping: 22.15 ms
Download: 258.92 Mbit/s
Upload: 19.78 Mbit/s
Fri Jun 12 13:45:02 CEST 2020
Ping: 24.607 ms
Download: 253.19 Mbit/s
Upload: 19.47 Mbit/s
Fri Jun 12 14:45:01 CEST 2020
Ping: 21.714 ms
Download: 254.49 Mbit/s
Upload: 19.57 Mbit/s
Fri Jun 12 15:45:01 CEST 2020
Ping: 21.241 ms
Download: 300.29 Mbit/s
Upload: 19.77 Mbit/s
Fri Jun 12 16:45:01 CEST 2020
Ping: 22.541 ms
Download: 253.35 Mbit/s
Upload: 19.41 Mbit/s
Fri Jun 12 17:45:01 CEST 2020
Ping: 24.246 ms
Download: 265.78 Mbit/s
Upload: 19.76 Mbit/s
Fri Jun 12 18:45:01 CEST 2020
Ping: 24.049 ms
Download: 234.97 Mbit/s
Upload: 19.23 Mbit/s
Fri Jun 12 19:45:01 CEST 2020
Ping: 24.125 ms
Download: 168.90 Mbit/s
Upload: 19.57 Mbit/s
Fri Jun 12 20:45:01 CEST 2020
Ping: 23.853 ms
Download: 240.20 Mbit/s
Upload: 19.41 Mbit/s
Fri Jun 12 21:45:01 CEST 2020
Ping: 20.392 ms
Download: 220.69 Mbit/s
Upload: 19.75 Mbit/s
Fri Jun 12 22:45:01 CEST 2020
Ping: 20.735 ms
Download: 300.51 Mbit/s
Upload: 19.34 Mbit/s
Fri Jun 12 23:45:01 CEST 2020
Ping: 21.562 ms
Download: 202.59 Mbit/s
Upload: 19.66 Mbit/s
Sat Jun 13 00:45:01 CEST 2020
Ping: 19.728 ms
Download: 271.32 Mbit/s
Upload: 19.69 Mbit/s
Sat Jun 13 01:45:01 CEST 2020
Ping: 20.881 ms
Download: 243.83 Mbit/s
Upload: 19.75 Mbit/s
Sat Jun 13 02:45:01 CEST 2020
Ping: 23.877 ms
Download: 247.20 Mbit/s
Upload: 19.36 Mbit/s
Sat Jun 13 03:45:01 CEST 2020
Ping: 21.226 ms
Download: 247.17 Mbit/s
Upload: 19.76 Mbit/s
Sat Jun 13 04:45:01 CEST 2020
Ping: 20.395 ms
Download: 236.35 Mbit/s
Upload: 19.83 Mbit/s
Sat Jun 13 05:45:01 CEST 2020
Ping: 22.87 ms
Download: 387.95 Mbit/s
Upload: 19.44 Mbit/s
Sat Jun 13 06:45:01 CEST 2020
Ping: 20.397 ms
Download: 240.23 Mbit/s
Upload: 19.69 Mbit/s
Sat Jun 13 07:45:01 CEST 2020
Ping: 23.759 ms
Download: 225.92 Mbit/s
Upload: 19.19 Mbit/s
Sat Jun 13 08:45:02 CEST 2020
Ping: 23.849 ms
Download: 270.94 Mbit/s
Upload: 19.89 Mbit/s
Sat Jun 13 09:45:01 CEST 2020
Ping: 21.738 ms
Download: 232.90 Mbit/s
Upload: 19.69 Mbit/s
Sat Jun 13 10:45:01 CEST 2020
Ping: 20.237 ms
Download: 265.98 Mbit/s
Upload: 19.23 Mbit/s
Sat Jun 13 11:45:01 CEST 2020
Ping: 22.246 ms
Download: 236.12 Mbit/s
Upload: 19.63 Mbit/s
Sat Jun 13 12:45:01 CEST 2020
Ping: 19.601 ms
Download: 248.59 Mbit/s
Upload: 19.41 Mbit/s
Sat Jun 13 13:45:01 CEST 2020
Ping: 21.146 ms
Download: 248.25 Mbit/s
Upload: 19.40 Mbit/s
Sat Jun 13 14:45:01 CEST 2020
Ping: 24.653 ms
Download: 269.11 Mbit/s
Upload: 19.37 Mbit/s
Sat Jun 13 15:45:01 CEST 2020
Ping: 22.431 ms
Download: 248.80 Mbit/s
Upload: 19.81 Mbit/s
Sat Jun 13 16:45:01 CEST 2020
Ping: 21.109 ms
Download: 342.06 Mbit/s
Upload: 19.87 Mbit/s
Sat Jun 13 17:45:01 CEST 2020
Ping: 22.011 ms
Download: 266.57 Mbit/s
Upload: 19.72 Mbit/s
Sat Jun 13 18:45:01 CEST 2020
Ping: 21.675 ms
Download: 233.27 Mbit/s
Upload: 19.72 Mbit/s
Sat Jun 13 19:45:01 CEST 2020
Ping: 21.465 ms
Download: 209.96 Mbit/s
Upload: 19.27 Mbit/s
Sat Jun 13 20:45:01 CEST 2020
Ping: 22.857 ms
Download: 264.89 Mbit/s
Upload: 19.34 Mbit/s
Sat Jun 13 21:45:01 CEST 2020
Ping: 22.973 ms
Download: 280.58 Mbit/s
Upload: 18.91 Mbit/s
Sat Jun 13 22:45:01 CEST 2020
Ping: 23.179 ms
Download: 265.01 Mbit/s
Upload: 19.81 Mbit/s
Sat Jun 13 23:45:01 CEST 2020
Ping: 23.549 ms
Download: 250.99 Mbit/s
Upload: 19.88 Mbit/s
Sun Jun 14 00:45:01 CEST 2020
Ping: 20.827 ms
Download: 265.70 Mbit/s
Upload: 19.34 Mbit/s
Sun Jun 14 01:45:01 CEST 2020
Ping: 25.175 ms
Download: 235.53 Mbit/s
Upload: 19.75 Mbit/s
Sun Jun 14 02:45:01 CEST 2020
Ping: 24.832 ms
Download: 236.92 Mbit/s
Upload: 19.45 Mbit/s
Sun Jun 14 03:45:01 CEST 2020
Ping: 20.744 ms
Download: 223.66 Mbit/s
Upload: 19.25 Mbit/s
Sun Jun 14 04:45:01 CEST 2020
Ping: 19.585 ms
Download: 246.75 Mbit/s
Upload: 19.40 Mbit/s
Sun Jun 14 05:45:01 CEST 2020
Ping: 22.4 ms
Download: 244.63 Mbit/s
Upload: 19.74 Mbit/s
Sun Jun 14 06:45:01 CEST 2020
Ping: 23.535 ms
Download: 252.73 Mbit/s
Upload: 19.22 Mbit/s
Sun Jun 14 07:45:01 CEST 2020
Ping: 20.88 ms
Download: 246.55 Mbit/s
Upload: 19.37 Mbit/s
Sun Jun 14 08:45:01 CEST 2020
Ping: 24.153 ms
Download: 244.27 Mbit/s
Upload: 19.60 Mbit/s
Sun Jun 14 09:45:01 CEST 2020
Ping: 22.243 ms
Download: 247.41 Mbit/s
Upload: 19.40 Mbit/s
Sun Jun 14 10:45:01 CEST 2020
Ping: 22.634 ms
Download: 212.59 Mbit/s
Upload: 19.52 Mbit/s
Sun Jun 14 11:45:01 CEST 2020
Ping: 25.582 ms
Download: 213.57 Mbit/s
Upload: 19.63 Mbit/s
Sun Jun 14 12:45:01 CEST 2020
Ping: 22.292 ms
Download: 256.78 Mbit/s
Upload: 19.58 Mbit/s
Sun Jun 14 13:45:01 CEST 2020
Ping: 23.491 ms
Download: 268.72 Mbit/s
Upload: 19.64 Mbit/s
Sun Jun 14 14:45:01 CEST 2020
Ping: 23.583 ms
Download: 228.88 Mbit/s
Upload: 19.83 Mbit/s
Sun Jun 14 15:45:01 CEST 2020
Ping: 24.42 ms
Download: 206.78 Mbit/s
Upload: 19.37 Mbit/s
Sun Jun 14 16:45:01 CEST 2020
Ping: 21.423 ms
Download: 258.01 Mbit/s
Upload: 19.05 Mbit/s
Sun Jun 14 17:45:01 CEST 2020
Ping: 25.991 ms
Download: 248.51 Mbit/s
Upload: 19.04 Mbit/s
Sun Jun 14 18:45:01 CEST 2020
Ping: 23.927 ms
Download: 248.99 Mbit/s
Upload: 19.38 Mbit/s
Sun Jun 14 19:45:01 CEST 2020
Ping: 22.945 ms
Download: 317.73 Mbit/s
Upload: 19.13 Mbit/s
Sun Jun 14 20:45:01 CEST 2020
Ping: 22.899 ms
Download: 208.36 Mbit/s
Upload: 19.19 Mbit/s
Sun Jun 14 21:45:01 CEST 2020
Ping: 21.386 ms
Download: 224.16 Mbit/s
Upload: 19.60 Mbit/s
Sun Jun 14 22:45:01 CEST 2020
Ping: 22.702 ms
Download: 239.56 Mbit/s
Upload: 19.45 Mbit/s
Sun Jun 14 23:45:01 CEST 2020
Ping: 22.255 ms
Download: 207.15 Mbit/s
Upload: 19.06 Mbit/s
Mon Jun 15 00:45:01 CEST 2020
Ping: 21.027 ms
Download: 284.89 Mbit/s
Upload: 19.47 Mbit/s
Mon Jun 15 01:45:02 CEST 2020
Ping: 24.821 ms
Download: 222.05 Mbit/s
Upload: 18.74 Mbit/s
Mon Jun 15 02:45:01 CEST 2020
Ping: 24.33 ms
Download: 239.49 Mbit/s
Upload: 19.44 Mbit/s
Mon Jun 15 03:45:01 CEST 2020
Ping: 22.545 ms
Download: 218.97 Mbit/s
Upload: 19.47 Mbit/s
Mon Jun 15 04:45:01 CEST 2020
Ping: 19.417 ms
Download: 259.48 Mbit/s
Upload: 19.69 Mbit/s
Mon Jun 15 05:45:01 CEST 2020
Ping: 22.082 ms
Download: 292.58 Mbit/s
Upload: 19.55 Mbit/s
Mon Jun 15 06:45:01 CEST 2020
Ping: 22.911 ms
Download: 278.48 Mbit/s
Upload: 19.56 Mbit/s
Mon Jun 15 07:45:01 CEST 2020
Ping: 23.587 ms
Download: 252.10 Mbit/s
Upload: 19.42 Mbit/s
Mon Jun 15 08:45:01 CEST 2020
Ping: 20.759 ms
Download: 263.77 Mbit/s
Upload: 19.75 Mbit/s
Mon Jun 15 09:45:01 CEST 2020
Ping: 22.429 ms
Download: 223.11 Mbit/s
Upload: 19.82 Mbit/s
Mon Jun 15 10:45:01 CEST 2020
Ping: 22.796 ms
Download: 204.54 Mbit/s
Upload: 19.43 Mbit/s
Mon Jun 15 11:45:01 CEST 2020
Ping: 20.595 ms
Download: 260.01 Mbit/s
Upload: 18.79 Mbit/s
Mon Jun 15 12:45:01 CEST 2020
Ping: 23.043 ms
Download: 336.64 Mbit/s
Upload: 19.32 Mbit/s
Mon Jun 15 13:45:01 CEST 2020
Ping: 20.254 ms
Download: 239.12 Mbit/s
Upload: 19.73 Mbit/s
Mon Jun 15 14:45:01 CEST 2020
Ping: 21.72 ms
Download: 235.25 Mbit/s
Upload: 19.59 Mbit/s
Mon Jun 15 15:45:02 CEST 2020
Ping: 24.312 ms
Download: 209.27 Mbit/s
Upload: 19.56 Mbit/s
Mon Jun 15 16:45:01 CEST 2020
Ping: 24.497 ms
Download: 244.08 Mbit/s
Upload: 19.89 Mbit/s
Mon Jun 15 17:45:01 CEST 2020
Ping: 20.894 ms
Download: 268.73 Mbit/s
Upload: 19.44 Mbit/s
Mon Jun 15 18:45:01 CEST 2020
Ping: 24.548 ms
Download: 255.37 Mbit/s
Upload: 19.53 Mbit/s
Mon Jun 15 19:45:01 CEST 2020
Ping: 22.071 ms
Download: 312.72 Mbit/s
Upload: 19.52 Mbit/s
Mon Jun 15 20:45:01 CEST 2020
Ping: 22.643 ms
Download: 226.87 Mbit/s
Upload: 19.84 Mbit/s
Mon Jun 15 21:45:01 CEST 2020
Ping: 24.357 ms
Download: 217.22 Mbit/s
Upload: 19.50 Mbit/s
Mon Jun 15 22:45:01 CEST 2020
Ping: 21.328 ms
Download: 238.25 Mbit/s
Upload: 19.49 Mbit/s
Mon Jun 15 23:45:01 CEST 2020
Ping: 21.405 ms
Download: 285.13 Mbit/s
Upload: 19.90 Mbit/s
Tue Jun 16 00:45:01 CEST 2020
Ping: 23.021 ms
Download: 245.80 Mbit/s
Upload: 19.32 Mbit/s
Tue Jun 16 01:45:01 CEST 2020
Ping: 23.757 ms
Download: 268.67 Mbit/s
Upload: 19.60 Mbit/s
Tue Jun 16 02:45:01 CEST 2020
Ping: 24.148 ms
Download: 234.85 Mbit/s
Upload: 19.54 Mbit/s
Tue Jun 16 03:45:01 CEST 2020
Ping: 24.317 ms
Download: 274.27 Mbit/s
Upload: 19.58 Mbit/s
Tue Jun 16 04:45:01 CEST 2020
Ping: 23.417 ms
Download: 191.80 Mbit/s
Upload: 19.81 Mbit/s
Tue Jun 16 05:45:01 CEST 2020
Ping: 22.054 ms
Download: 284.78 Mbit/s
Upload: 19.83 Mbit/s
Tue Jun 16 06:45:01 CEST 2020
Ping: 20.713 ms
Download: 242.95 Mbit/s
Upload: 19.87 Mbit/s
Tue Jun 16 07:45:01 CEST 2020
Ping: 20.518 ms
Download: 269.43 Mbit/s
Upload: 19.74 Mbit/s
Tue Jun 16 08:45:01 CEST 2020
Ping: 22.539 ms
Download: 243.08 Mbit/s
Upload: 19.56 Mbit/s
Tue Jun 16 09:45:01 CEST 2020
Ping: 21.982 ms
Download: 261.54 Mbit/s
Upload: 19.60 Mbit/s
Tue Jun 16 10:45:01 CEST 2020
Ping: 22.669 ms
Download: 259.37 Mbit/s
Upload: 19.41 Mbit/s
Tue Jun 16 11:45:01 CEST 2020
Ping: 23.03 ms
Download: 251.08 Mbit/s
Upload: 18.98 Mbit/s
Tue Jun 16 12:45:01 CEST 2020
Ping: 24.225 ms
Download: 230.70 Mbit/s
Upload: 19.89 Mbit/s
Tue Jun 16 13:45:01 CEST 2020
Ping: 20.989 ms
Download: 219.10 Mbit/s
Upload: 19.62 Mbit/s
Tue Jun 16 14:45:01 CEST 2020
Ping: 23.558 ms
Download: 256.13 Mbit/s
Upload: 19.66 Mbit/s
Tue Jun 16 15:45:01 CEST 2020
Ping: 23.224 ms
Download: 182.47 Mbit/s
Upload: 19.58 Mbit/s
Tue Jun 16 16:45:01 CEST 2020
Ping: 20.73 ms
Download: 207.17 Mbit/s
Upload: 19.42 Mbit/s
Tue Jun 16 17:45:01 CEST 2020
Ping: 22.943 ms
Download: 228.01 Mbit/s
Upload: 19.08 Mbit/s
Tue Jun 16 18:45:01 CEST 2020
Ping: 23.721 ms
Download: 242.73 Mbit/s
Upload: 18.83 Mbit/s
Tue Jun 16 19:45:02 CEST 2020
Ping: 21.324 ms
Download: 250.19 Mbit/s
Upload: 19.70 Mbit/s
Tue Jun 16 20:45:01 CEST 2020
Ping: 24.222 ms
Download: 218.91 Mbit/s
Upload: 18.92 Mbit/s
Tue Jun 16 21:45:01 CEST 2020
Ping: 24.873 ms
Download: 212.12 Mbit/s
Upload: 19.59 Mbit/s
Tue Jun 16 22:45:01 CEST 2020
Ping: 21.735 ms
Download: 242.15 Mbit/s
Upload: 18.52 Mbit/s
Tue Jun 16 23:45:01 CEST 2020
Ping: 20.897 ms
Download: 216.47 Mbit/s
Upload: 19.74 Mbit/s
Wed Jun 17 00:45:01 CEST 2020
Ping: 23.859 ms
Download: 255.54 Mbit/s
Upload: 19.39 Mbit/s
Wed Jun 17 01:45:01 CEST 2020
Ping: 20.006 ms
Download: 235.36 Mbit/s
Upload: 19.54 Mbit/s
Wed Jun 17 02:45:01 CEST 2020
Ping: 23.045 ms
Download: 285.79 Mbit/s
Upload: 19.77 Mbit/s
Wed Jun 17 03:45:01 CEST 2020
Ping: 24.151 ms
Download: 258.77 Mbit/s
Upload: 19.78 Mbit/s
Wed Jun 17 04:45:01 CEST 2020
Ping: 21.233 ms
Download: 279.15 Mbit/s
Upload: 19.63 Mbit/s
Wed Jun 17 05:45:01 CEST 2020
Ping: 20.137 ms
Download: 258.35 Mbit/s
Upload: 19.65 Mbit/s
Wed Jun 17 06:45:01 CEST 2020
Ping: 23.24 ms
Download: 243.36 Mbit/s
Upload: 19.11 Mbit/s
Wed Jun 17 07:45:01 CEST 2020
Ping: 22.728 ms
Download: 273.60 Mbit/s
Upload: 19.28 Mbit/s
Wed Jun 17 08:45:01 CEST 2020
Ping: 20.357 ms
Download: 266.26 Mbit/s
Upload: 19.49 Mbit/s
Wed Jun 17 09:45:01 CEST 2020
Ping: 24.855 ms
Download: 245.38 Mbit/s
Upload: 19.60 Mbit/s
Wed Jun 17 10:45:01 CEST 2020
Ping: 20.378 ms
Download: 291.71 Mbit/s
Upload: 19.73 Mbit/s
Wed Jun 17 11:45:01 CEST 2020
Ping: 22.428 ms
Download: 256.72 Mbit/s
Upload: 19.51 Mbit/s
Wed Jun 17 12:45:01 CEST 2020
Ping: 21.432 ms
Download: 208.15 Mbit/s
Upload: 19.07 Mbit/s
Wed Jun 17 13:45:01 CEST 2020
Ping: 21.961 ms
Download: 301.03 Mbit/s
Upload: 19.50 Mbit/s
Wed Jun 17 14:45:02 CEST 2020
Ping: 22.83 ms
Download: 209.41 Mbit/s
Upload: 19.60 Mbit/s
Wed Jun 17 15:45:01 CEST 2020
Ping: 24.84 ms
Download: 224.09 Mbit/s
Upload: 19.63 Mbit/s
Wed Jun 17 16:45:01 CEST 2020
Ping: 21.781 ms
Download: 296.27 Mbit/s
Upload: 19.36 Mbit/s
Wed Jun 17 17:45:01 CEST 2020
Ping: 24.023 ms
Download: 278.94 Mbit/s
Upload: 19.35 Mbit/s
Wed Jun 17 18:45:01 CEST 2020
Ping: 26.27 ms
Download: 222.46 Mbit/s
Upload: 19.31 Mbit/s
Wed Jun 17 19:45:01 CEST 2020
Ping: 24.361 ms
Download: 257.39 Mbit/s
Upload: 18.96 Mbit/s
Wed Jun 17 20:45:01 CEST 2020
Ping: 23.086 ms
Download: 93.54 Mbit/s
Upload: 19.58 Mbit/s
Wed Jun 17 21:45:01 CEST 2020
Ping: 21.588 ms
Download: 91.99 Mbit/s
Upload: 18.14 Mbit/s
Wed Jun 17 22:45:01 CEST 2020
Ping: 20.502 ms
Download: 261.22 Mbit/s
Upload: 18.39 Mbit/s
Wed Jun 17 23:45:01 CEST 2020
Ping: 24.782 ms
Download: 278.54 Mbit/s
Upload: 19.71 Mbit/s
Thu Jun 18 00:45:01 CEST 2020
Ping: 19.416 ms
Download: 308.38 Mbit/s
Upload: 19.75 Mbit/s
Thu Jun 18 01:45:01 CEST 2020
Ping: 22.15 ms
Download: 256.71 Mbit/s
Upload: 19.48 Mbit/s
Thu Jun 18 02:45:02 CEST 2020
Ping: 22.833 ms
Download: 166.41 Mbit/s
Upload: 19.60 Mbit/s
Thu Jun 18 03:45:01 CEST 2020
Ping: 21.813 ms
Download: 337.26 Mbit/s
Upload: 19.72 Mbit/s
Thu Jun 18 04:45:01 CEST 2020
Ping: 20.749 ms
Download: 220.06 Mbit/s
Upload: 19.47 Mbit/s
Thu Jun 18 05:45:01 CEST 2020
Ping: 19.738 ms
Download: 234.00 Mbit/s
Upload: 19.93 Mbit/s
Thu Jun 18 06:45:01 CEST 2020
Ping: 24.184 ms
Download: 130.98 Mbit/s
Upload: 19.84 Mbit/s
Thu Jun 18 07:45:01 CEST 2020
Ping: 22.384 ms
Download: 300.21 Mbit/s
Upload: 19.32 Mbit/s
Thu Jun 18 08:45:01 CEST 2020
Ping: 23.204 ms
Download: 230.64 Mbit/s
Upload: 18.85 Mbit/s
Thu Jun 18 09:45:01 CEST 2020
Ping: 22.294 ms
Download: 130.87 Mbit/s
Upload: 19.58 Mbit/s
Thu Jun 18 10:45:01 CEST 2020
Ping: 21.931 ms
Download: 261.14 Mbit/s
Upload: 19.70 Mbit/s
Thu Jun 18 11:45:01 CEST 2020
Ping: 19.766 ms
Download: 255.66 Mbit/s
Upload: 19.50 Mbit/s
Thu Jun 18 12:45:01 CEST 2020
Ping: 23.238 ms
Download: 296.61 Mbit/s
Upload: 19.83 Mbit/s
Thu Jun 18 13:45:01 CEST 2020
Ping: 22.253 ms
Download: 291.85 Mbit/s
Upload: 19.71 Mbit/s
Thu Jun 18 14:45:01 CEST 2020
Ping: 22.67 ms
Download: 268.26 Mbit/s
Upload: 19.74 Mbit/s
Thu Jun 18 15:45:01 CEST 2020
Ping: 24.081 ms
Download: 211.23 Mbit/s
Upload: 19.13 Mbit/s
Thu Jun 18 16:45:01 CEST 2020
Ping: 22.769 ms
Download: 237.56 Mbit/s
Upload: 19.28 Mbit/s
Thu Jun 18 17:45:01 CEST 2020
Ping: 21.391 ms
Download: 251.36 Mbit/s
Upload: 19.46 Mbit/s
Thu Jun 18 18:45:01 CEST 2020
Ping: 21.215 ms
Download: 262.44 Mbit/s
Upload: 19.49 Mbit/s
Thu Jun 18 19:45:02 CEST 2020
Ping: 21.641 ms
Download: 229.55 Mbit/s
Upload: 19.50 Mbit/s
Thu Jun 18 20:45:01 CEST 2020
Ping: 21.446 ms
Download: 291.44 Mbit/s
Upload: 19.41 Mbit/s
Thu Jun 18 21:45:01 CEST 2020
Ping: 24.531 ms
Download: 112.63 Mbit/s
Upload: 19.77 Mbit/s
Thu Jun 18 22:45:01 CEST 2020
Ping: 21.383 ms
Download: 233.28 Mbit/s
Upload: 19.45 Mbit/s
Thu Jun 18 23:45:01 CEST 2020
Ping: 19.742 ms
Download: 215.37 Mbit/s
Upload: 19.70 Mbit/s
Fri Jun 19 00:45:01 CEST 2020
Ping: 21.414 ms
Download: 259.25 Mbit/s
Upload: 19.49 Mbit/s
Fri Jun 19 01:45:01 CEST 2020
Ping: 21.92 ms
Download: 236.50 Mbit/s
Upload: 19.64 Mbit/s
Fri Jun 19 02:45:01 CEST 2020
Ping: 19.417 ms
Download: 254.96 Mbit/s
Upload: 19.80 Mbit/s
Fri Jun 19 03:45:02 CEST 2020
Ping: 23.464 ms
Download: 241.89 Mbit/s
Upload: 19.29 Mbit/s
Fri Jun 19 04:45:01 CEST 2020
Ping: 21.984 ms
Download: 238.33 Mbit/s
Upload: 19.60 Mbit/s
Fri Jun 19 05:45:01 CEST 2020
Ping: 21.059 ms
Download: 263.30 Mbit/s
Upload: 19.84 Mbit/s
Fri Jun 19 06:45:01 CEST 2020
Ping: 22.386 ms
Download: 269.14 Mbit/s
Upload: 19.78 Mbit/s
Fri Jun 19 07:45:01 CEST 2020
Ping: 20.272 ms
Download: 253.66 Mbit/s
Upload: 19.56 Mbit/s
Fri Jun 19 08:45:01 CEST 2020
Ping: 21.545 ms
Download: 224.64 Mbit/s
Upload: 19.52 Mbit/s
Fri Jun 19 09:45:01 CEST 2020
Ping: 21.554 ms
Download: 78.71 Mbit/s
Upload: 19.80 Mbit/s
Fri Jun 19 10:45:01 CEST 2020
Ping: 19.873 ms
Download: 255.98 Mbit/s
Upload: 19.84 Mbit/s
Fri Jun 19 11:45:01 CEST 2020
Ping: 19.911 ms
Download: 187.90 Mbit/s
Upload: 19.81 Mbit/s
Fri Jun 19 12:45:01 CEST 2020
Ping: 25.673 ms
Download: 116.30 Mbit/s
Upload: 19.50 Mbit/s
Fri Jun 19 13:45:01 CEST 2020
Ping: 23.985 ms
Download: 229.02 Mbit/s
Upload: 19.79 Mbit/s
Fri Jun 19 14:45:01 CEST 2020
Ping: 22.58 ms
Download: 138.12 Mbit/s
Upload: 19.27 Mbit/s
Fri Jun 19 15:45:01 CEST 2020
Ping: 23.482 ms
Download: 213.78 Mbit/s
Upload: 19.32 Mbit/s
Fri Jun 19 16:45:01 CEST 2020
Ping: 22.351 ms
Download: 230.90 Mbit/s
Upload: 19.45 Mbit/s
Fri Jun 19 17:45:01 CEST 2020
Ping: 20.574 ms
Download: 219.67 Mbit/s
Upload: 19.83 Mbit/s
Fri Jun 19 18:45:01 CEST 2020
Ping: 23.074 ms
Download: 242.65 Mbit/s
Upload: 19.54 Mbit/s
Fri Jun 19 19:45:01 CEST 2020
Ping: 19.671 ms
Download: 243.70 Mbit/s
Upload: 19.59 Mbit/s
Fri Jun 19 20:45:01 CEST 2020
Ping: 25.212 ms
Download: 153.35 Mbit/s
Upload: 19.27 Mbit/s
Fri Jun 19 21:45:02 CEST 2020
Ping: 25.339 ms
Download: 222.08 Mbit/s
Upload: 19.71 Mbit/s
Fri Jun 19 22:45:01 CEST 2020
Ping: 20.75 ms
Download: 272.75 Mbit/s
Upload: 19.57 Mbit/s
Fri Jun 19 23:45:01 CEST 2020
Ping: 22.089 ms
Download: 216.90 Mbit/s
Upload: 19.58 Mbit/s
Sat Jun 20 00:45:01 CEST 2020
Ping: 25.262 ms
Download: 261.95 Mbit/s
Upload: 19.89 Mbit/s
Sat Jun 20 01:45:02 CEST 2020
Ping: 21.178 ms
Download: 235.23 Mbit/s
Upload: 19.86 Mbit/s
Sat Jun 20 02:45:01 CEST 2020
Ping: 20.843 ms
Download: 275.36 Mbit/s
Upload: 19.75 Mbit/s
Sat Jun 20 03:45:01 CEST 2020
Ping: 20.245 ms
Download: 125.73 Mbit/s
Upload: 19.79 Mbit/s
Sat Jun 20 04:45:01 CEST 2020
Ping: 18.692 ms
Download: 279.38 Mbit/s
Upload: 19.58 Mbit/s
Sat Jun 20 05:45:01 CEST 2020
Ping: 21.173 ms
Download: 269.41 Mbit/s
Upload: 19.69 Mbit/s
Sat Jun 20 06:45:01 CEST 2020
Ping: 22.396 ms
Download: 279.02 Mbit/s
Upload: 19.05 Mbit/s
Sat Jun 20 07:45:01 CEST 2020
Ping: 21.741 ms
Download: 233.34 Mbit/s
Upload: 19.31 Mbit/s
Sat Jun 20 08:45:01 CEST 2020
Ping: 24.909 ms
Download: 217.79 Mbit/s
Upload: 19.83 Mbit/s
Sat Jun 20 09:45:01 CEST 2020
Ping: 22.637 ms
Download: 242.18 Mbit/s
Upload: 18.64 Mbit/s
Sat Jun 20 10:45:01 CEST 2020
Ping: 20.546 ms
Download: 285.85 Mbit/s
Upload: 19.49 Mbit/s
Sat Jun 20 11:45:02 CEST 2020
Ping: 20.648 ms
Download: 272.22 Mbit/s
Upload: 19.67 Mbit/s
Sat Jun 20 12:45:01 CEST 2020
Ping: 22.734 ms
Download: 125.99 Mbit/s
Upload: 19.36 Mbit/s
Sat Jun 20 14:45:01 CEST 2020
Ping: 23.23 ms
Download: 327.68 Mbit/s
Upload: 19.51 Mbit/s
Sat Jun 20 15:45:01 CEST 2020
Ping: 22.845 ms
Download: 213.23 Mbit/s
Upload: 18.04 Mbit/s
Sat Jun 20 16:45:01 CEST 2020
Ping: 22.59 ms
Download: 249.91 Mbit/s
Upload: 19.36 Mbit/s
Sat Jun 20 17:45:01 CEST 2020
Ping: 21.475 ms
Download: 183.27 Mbit/s
Upload: 19.78 Mbit/s
Sat Jun 20 18:45:01 CEST 2020
Ping: 25.033 ms
Download: 272.26 Mbit/s
Upload: 19.79 Mbit/s
Sat Jun 20 19:45:01 CEST 2020
Ping: 19.435 ms
Download: 259.31 Mbit/s
Upload: 19.62 Mbit/s
Sat Jun 20 20:45:01 CEST 2020
Ping: 22.162 ms
Download: 277.13 Mbit/s
Upload: 19.83 Mbit/s
Sat Jun 20 21:45:01 CEST 2020
Ping: 23.471 ms
Download: 276.68 Mbit/s
Upload: 19.91 Mbit/s
Sat Jun 20 22:45:01 CEST 2020
Ping: 24.842 ms
Download: 233.47 Mbit/s
Upload: 19.86 Mbit/s
Sat Jun 20 23:45:01 CEST 2020
Ping: 21.987 ms
Download: 236.45 Mbit/s
Upload: 19.70 Mbit/s
Sun Jun 21 00:45:01 CEST 2020
Ping: 22.352 ms
Download: 131.09 Mbit/s
Upload: 19.50 Mbit/s
Sun Jun 21 01:45:01 CEST 2020
Ping: 20.46 ms
Download: 226.26 Mbit/s
Upload: 19.91 Mbit/s
Sun Jun 21 02:45:01 CEST 2020
Ping: 21.935 ms
Download: 171.87 Mbit/s
Upload: 19.11 Mbit/s
Sun Jun 21 03:45:01 CEST 2020
Ping: 21.734 ms
Download: 149.18 Mbit/s
Upload: 19.70 Mbit/s
Sun Jun 21 04:45:01 CEST 2020
Ping: 20.835 ms
Download: 288.14 Mbit/s
Upload: 19.86 Mbit/s
Sun Jun 21 05:45:01 CEST 2020
Ping: 20.024 ms
Download: 320.01 Mbit/s
Upload: 19.53 Mbit/s
Sun Jun 21 06:45:01 CEST 2020
Ping: 22.388 ms
Download: 289.01 Mbit/s
Upload: 19.16 Mbit/s
Sun Jun 21 07:45:01 CEST 2020
Ping: 20.555 ms
Download: 228.37 Mbit/s
Upload: 19.08 Mbit/s
Sun Jun 21 08:45:01 CEST 2020
Ping: 23.062 ms
Download: 172.87 Mbit/s
Upload: 19.68 Mbit/s
Sun Jun 21 09:45:01 CEST 2020
Ping: 22.042 ms
Download: 278.24 Mbit/s
Upload: 19.69 Mbit/s
Sun Jun 21 10:45:01 CEST 2020
Ping: 21.444 ms
Download: 254.12 Mbit/s
Upload: 19.52 Mbit/s
Sun Jun 21 11:45:01 CEST 2020
Ping: 21.567 ms
Download: 258.35 Mbit/s
Upload: 19.53 Mbit/s
Sun Jun 21 12:45:01 CEST 2020
Ping: 21.49 ms
Download: 246.16 Mbit/s
Upload: 19.54 Mbit/s
Sun Jun 21 13:45:01 CEST 2020
Ping: 20.616 ms
Download: 217.58 Mbit/s
Upload: 19.68 Mbit/s
Sun Jun 21 14:45:01 CEST 2020
Ping: 20.771 ms
Download: 181.18 Mbit/s
Upload: 19.74 Mbit/s
Sun Jun 21 15:45:01 CEST 2020
Ping: 23.546 ms
Download: 248.19 Mbit/s
Upload: 19.76 Mbit/s
Sun Jun 21 16:45:01 CEST 2020
Ping: 23.142 ms
Download: 225.83 Mbit/s
Upload: 19.89 Mbit/s
Sun Jun 21 17:45:01 CEST 2020
Ping: 21.562 ms
Download: 272.54 Mbit/s
Upload: 19.45 Mbit/s
Sun Jun 21 18:45:01 CEST 2020
Ping: 25.69 ms
Download: 243.44 Mbit/s
Upload: 19.65 Mbit/s
Sun Jun 21 19:45:01 CEST 2020
Ping: 20.462 ms
Download: 261.25 Mbit/s
Upload: 19.01 Mbit/s
Sun Jun 21 20:45:01 CEST 2020
Ping: 21.712 ms
Download: 256.13 Mbit/s
Upload: 19.47 Mbit/s
Sun Jun 21 21:45:01 CEST 2020
Ping: 23.579 ms
Download: 223.98 Mbit/s
Upload: 19.72 Mbit/s
Sun Jun 21 22:45:01 CEST 2020
Ping: 22.221 ms
Download: 240.78 Mbit/s
Upload: 19.61 Mbit/s
Sun Jun 21 23:45:01 CEST 2020
Ping: 20.841 ms
Download: 253.44 Mbit/s
Upload: 19.61 Mbit/s
Mon Jun 22 00:45:01 CEST 2020
Ping: 22.162 ms
Download: 207.83 Mbit/s
Upload: 19.80 Mbit/s
Mon Jun 22 01:45:01 CEST 2020
Ping: 19.573 ms
Download: 274.48 Mbit/s
Upload: 19.76 Mbit/s
Mon Jun 22 02:45:01 CEST 2020
Ping: 23.727 ms
Download: 277.57 Mbit/s
Upload: 19.68 Mbit/s
Mon Jun 22 03:45:01 CEST 2020
Ping: 21.915 ms
Download: 236.77 Mbit/s
Upload: 19.93 Mbit/s
Mon Jun 22 04:45:01 CEST 2020
Ping: 23.073 ms
Download: 219.31 Mbit/s
Upload: 18.99 Mbit/s
Mon Jun 22 05:45:01 CEST 2020
Ping: 21.252 ms
Download: 260.43 Mbit/s
Upload: 19.65 Mbit/s
Mon Jun 22 06:45:02 CEST 2020
Ping: 23.408 ms
Download: 235.85 Mbit/s
Upload: 19.78 Mbit/s
Mon Jun 22 07:45:01 CEST 2020
Ping: 22.901 ms
Download: 126.28 Mbit/s
Upload: 18.97 Mbit/s
Mon Jun 22 08:45:01 CEST 2020
Ping: 20.652 ms
Download: 213.82 Mbit/s
Upload: 19.78 Mbit/s
Mon Jun 22 09:45:01 CEST 2020
Ping: 22.577 ms
Download: 275.89 Mbit/s
Upload: 19.26 Mbit/s
Mon Jun 22 10:45:01 CEST 2020
Ping: 23.924 ms
Download: 250.75 Mbit/s
Upload: 19.48 Mbit/s
Mon Jun 22 11:45:02 CEST 2020
Ping: 21.661 ms
Download: 101.29 Mbit/s
Upload: 19.44 Mbit/s
Mon Jun 22 12:45:01 CEST 2020
Ping: 22.96 ms
Download: 232.17 Mbit/s
Upload: 19.82 Mbit/s
Mon Jun 22 13:45:01 CEST 2020
Ping: 20.083 ms
Download: 256.03 Mbit/s
Upload: 19.07 Mbit/s
Mon Jun 22 14:45:02 CEST 2020
Ping: 22.417 ms
Download: 252.03 Mbit/s
Upload: 18.66 Mbit/s
Mon Jun 22 15:45:01 CEST 2020
Ping: 23.773 ms
Download: 237.34 Mbit/s
Upload: 19.65 Mbit/s
Mon Jun 22 16:45:01 CEST 2020
Ping: 20.584 ms
Download: 280.25 Mbit/s
Upload: 19.74 Mbit/s
Mon Jun 22 17:45:01 CEST 2020
Ping: 21.404 ms
Download: 233.99 Mbit/s
Upload: 19.44 Mbit/s
Mon Jun 22 18:45:01 CEST 2020
Ping: 23.061 ms
Download: 235.23 Mbit/s
Upload: 19.56 Mbit/s
Mon Jun 22 19:45:01 CEST 2020
Ping: 20.719 ms
Download: 254.13 Mbit/s
Upload: 19.55 Mbit/s
Mon Jun 22 20:45:01 CEST 2020
Ping: 23.969 ms
Download: 325.24 Mbit/s
Upload: 18.89 Mbit/s
Mon Jun 22 21:45:01 CEST 2020
Ping: 21.96 ms
Download: 93.68 Mbit/s
Upload: 19.04 Mbit/s
Mon Jun 22 22:45:01 CEST 2020
Ping: 22.769 ms
Download: 98.68 Mbit/s
Upload: 19.49 Mbit/s
Mon Jun 22 23:45:01 CEST 2020
Ping: 20.348 ms
Download: 232.47 Mbit/s
Upload: 19.52 Mbit/s
Tue Jun 23 00:45:02 CEST 2020
Ping: 22.665 ms
Download: 262.30 Mbit/s
Upload: 19.74 Mbit/s
Tue Jun 23 01:45:01 CEST 2020
Ping: 22.389 ms
Download: 310.62 Mbit/s
Upload: 19.83 Mbit/s
Tue Jun 23 02:45:01 CEST 2020
Ping: 22.348 ms
Download: 282.66 Mbit/s
Upload: 19.93 Mbit/s
Tue Jun 23 03:45:01 CEST 2020
Ping: 22.491 ms
Download: 252.76 Mbit/s
Upload: 19.65 Mbit/s
Tue Jun 23 04:45:02 CEST 2020
Ping: 22.101 ms
Download: 143.76 Mbit/s
Upload: 19.62 Mbit/s
Tue Jun 23 05:45:01 CEST 2020
Ping: 19.771 ms
Download: 276.89 Mbit/s
Upload: 19.34 Mbit/s
Tue Jun 23 06:45:01 CEST 2020
Ping: 20.625 ms
Download: 267.93 Mbit/s
Upload: 19.29 Mbit/s
Tue Jun 23 07:45:01 CEST 2020
Ping: 23.408 ms
Download: 234.73 Mbit/s
Upload: 19.33 Mbit/s
Tue Jun 23 08:45:01 CEST 2020
Ping: 23.992 ms
Download: 259.16 Mbit/s
Upload: 19.27 Mbit/s
Tue Jun 23 09:45:01 CEST 2020
Ping: 24.312 ms
Download: 269.44 Mbit/s
Upload: 19.68 Mbit/s
Tue Jun 23 10:45:01 CEST 2020
Ping: 19.449 ms
Download: 238.32 Mbit/s
Upload: 19.64 Mbit/s
Tue Jun 23 11:45:01 CEST 2020
Ping: 22.572 ms
Download: 218.15 Mbit/s
Upload: 19.44 Mbit/s
Tue Jun 23 12:45:01 CEST 2020
Ping: 22.354 ms
Download: 147.69 Mbit/s
Upload: 19.31 Mbit/s
Tue Jun 23 13:45:01 CEST 2020
Ping: 19.913 ms
Download: 327.24 Mbit/s
Upload: 19.57 Mbit/s
Tue Jun 23 14:45:01 CEST 2020
Ping: 20.419 ms
Download: 211.44 Mbit/s
Upload: 19.63 Mbit/s
Tue Jun 23 15:45:01 CEST 2020
Ping: 22.209 ms
Download: 256.09 Mbit/s
Upload: 19.39 Mbit/s
Tue Jun 23 16:45:01 CEST 2020
Ping: 19.561 ms
Download: 265.79 Mbit/s
Upload: 19.75 Mbit/s
Tue Jun 23 17:45:01 CEST 2020
Ping: 20.981 ms
Download: 268.69 Mbit/s
Upload: 19.27 Mbit/s
Tue Jun 23 18:45:01 CEST 2020
Ping: 26.351 ms
Download: 91.18 Mbit/s
Upload: 19.39 Mbit/s
Tue Jun 23 19:45:01 CEST 2020
Ping: 23.501 ms
Download: 141.15 Mbit/s
Upload: 19.32 Mbit/s
Tue Jun 23 20:45:01 CEST 2020
Ping: 22.144 ms
Download: 312.71 Mbit/s
Upload: 19.60 Mbit/s
Tue Jun 23 21:45:01 CEST 2020
Ping: 22.266 ms
Download: 283.04 Mbit/s
Upload: 19.57 Mbit/s
Tue Jun 23 22:45:01 CEST 2020
Ping: 23.071 ms
Download: 281.37 Mbit/s
Upload: 19.49 Mbit/s
Tue Jun 23 23:45:01 CEST 2020
Ping: 23.863 ms
Download: 217.71 Mbit/s
Upload: 19.90 Mbit/s
Wed Jun 24 00:45:01 CEST 2020
Could not retrieve speedtest.net configuration
Wed Jun 24 01:45:01 CEST 2020
Could not retrieve speedtest.net configuration
Wed Jun 24 02:45:01 CEST 2020
Ping: 20.773 ms
Download: 149.27 Mbit/s
Upload: 19.40 Mbit/s
Wed Jun 24 03:45:01 CEST 2020
Ping: 22.757 ms
Download: 138.01 Mbit/s
Upload: 19.36 Mbit/s
Wed Jun 24 04:45:02 CEST 2020
Ping: 21.784 ms
Download: 267.85 Mbit/s
Upload: 19.46 Mbit/s
Wed Jun 24 05:45:01 CEST 2020
Ping: 20.58 ms
Download: 133.25 Mbit/s
Upload: 19.61 Mbit/s
Wed Jun 24 06:45:01 CEST 2020
Ping: 19.777 ms
Download: 232.67 Mbit/s
Upload: 19.69 Mbit/s
Wed Jun 24 07:45:01 CEST 2020
Ping: 23.062 ms
Download: 204.68 Mbit/s
Upload: 18.89 Mbit/s
Wed Jun 24 08:45:02 CEST 2020
Ping: 20.753 ms
Download: 243.90 Mbit/s
Upload: 19.92 Mbit/s
Wed Jun 24 09:45:01 CEST 2020
Ping: 21.108 ms
Download: 107.10 Mbit/s
Upload: 19.53 Mbit/s
Wed Jun 24 10:45:01 CEST 2020
Ping: 19.732 ms
Download: 269.40 Mbit/s
Upload: 19.42 Mbit/s
Wed Jun 24 11:45:01 CEST 2020
Ping: 22.046 ms
Download: 274.98 Mbit/s
Upload: 19.61 Mbit/s
Wed Jun 24 12:45:01 CEST 2020
Ping: 24.15 ms
Download: 337.73 Mbit/s
Upload: 19.76 Mbit/s
Wed Jun 24 13:45:01 CEST 2020
Ping: 22.723 ms
Download: 260.89 Mbit/s
Upload: 19.51 Mbit/s
Wed Jun 24 14:45:01 CEST 2020
Ping: 22.663 ms
Download: 95.58 Mbit/s
Upload: 19.38 Mbit/s
Wed Jun 24 15:45:01 CEST 2020
Ping: 24.832 ms
Download: 225.35 Mbit/s
Upload: 19.19 Mbit/s
Wed Jun 24 16:45:02 CEST 2020
Ping: 21.006 ms
Download: 238.98 Mbit/s
Upload: 19.37 Mbit/s
Wed Jun 24 17:45:01 CEST 2020
Ping: 21.626 ms
Download: 229.16 Mbit/s
Upload: 19.47 Mbit/s
Wed Jun 24 18:45:01 CEST 2020
Ping: 22.174 ms
Download: 242.66 Mbit/s
Upload: 18.84 Mbit/s
Wed Jun 24 19:45:01 CEST 2020
Ping: 23.434 ms
Download: 250.12 Mbit/s
Upload: 19.15 Mbit/s
Wed Jun 24 20:45:01 CEST 2020
Ping: 23.076 ms
Download: 231.70 Mbit/s
Upload: 19.57 Mbit/s
Wed Jun 24 21:45:01 CEST 2020
Ping: 23.288 ms
Download: 262.54 Mbit/s
Upload: 19.64 Mbit/s
Wed Jun 24 22:45:01 CEST 2020
Ping: 24.455 ms
Download: 258.68 Mbit/s
Upload: 19.44 Mbit/s
Wed Jun 24 23:45:01 CEST 2020
Ping: 20.718 ms
Download: 223.77 Mbit/s
Upload: 19.46 Mbit/s
Thu Jun 25 00:45:01 CEST 2020
Ping: 22.221 ms
Download: 208.58 Mbit/s
Upload: 19.59 Mbit/s
Thu Jun 25 01:45:01 CEST 2020
Ping: 21.053 ms
Download: 266.57 Mbit/s
Upload: 19.20 Mbit/s
Thu Jun 25 02:45:01 CEST 2020
Ping: 21.89 ms
Download: 209.34 Mbit/s
Upload: 19.69 Mbit/s
Thu Jun 25 03:45:01 CEST 2020
Ping: 21.39 ms
Download: 142.64 Mbit/s
Upload: 19.83 Mbit/s
Thu Jun 25 04:45:01 CEST 2020
Ping: 21.061 ms
Download: 213.65 Mbit/s
Upload: 19.37 Mbit/s
Thu Jun 25 05:45:01 CEST 2020
Ping: 20.419 ms
Download: 213.23 Mbit/s
Upload: 19.47 Mbit/s
Thu Jun 25 06:45:01 CEST 2020
Ping: 21.221 ms
Download: 135.55 Mbit/s
Upload: 19.50 Mbit/s
Thu Jun 25 07:45:01 CEST 2020
Ping: 21.873 ms
Download: 227.02 Mbit/s
Upload: 19.74 Mbit/s
Thu Jun 25 08:45:01 CEST 2020
Ping: 21.734 ms
Download: 204.35 Mbit/s
Upload: 19.29 Mbit/s
Thu Jun 25 09:45:01 CEST 2020
Ping: 22.821 ms
Download: 234.15 Mbit/s
Upload: 19.41 Mbit/s
Thu Jun 25 10:45:01 CEST 2020
Ping: 22.888 ms
Download: 207.54 Mbit/s
Upload: 19.76 Mbit/s
Thu Jun 25 11:45:01 CEST 2020
Ping: 21.601 ms
Download: 191.30 Mbit/s
Upload: 19.59 Mbit/s
Thu Jun 25 12:45:01 CEST 2020
Ping: 25.205 ms
Download: 322.37 Mbit/s
Upload: 19.25 Mbit/s
Thu Jun 25 13:45:01 CEST 2020
Ping: 24.233 ms
Download: 217.22 Mbit/s
Upload: 18.34 Mbit/s
Thu Jun 25 14:45:01 CEST 2020
Ping: 21.738 ms
Download: 238.04 Mbit/s
Upload: 19.58 Mbit/s
Thu Jun 25 15:45:01 CEST 2020
Ping: 23.016 ms
Download: 271.31 Mbit/s
Upload: 19.36 Mbit/s
Thu Jun 25 16:45:01 CEST 2020
Ping: 21.641 ms
Download: 232.34 Mbit/s
Upload: 19.20 Mbit/s
Thu Jun 25 17:45:01 CEST 2020
Ping: 20.906 ms
Download: 173.25 Mbit/s
Upload: 19.34 Mbit/s
Thu Jun 25 18:45:02 CEST 2020
Ping: 23.098 ms
Download: 230.92 Mbit/s
Upload: 19.30 Mbit/s
Thu Jun 25 19:45:01 CEST 2020
Ping: 23.056 ms
Download: 262.81 Mbit/s
Upload: 19.35 Mbit/s
Thu Jun 25 20:45:01 CEST 2020
Ping: 20.743 ms
Download: 226.59 Mbit/s
Upload: 19.73 Mbit/s
Thu Jun 25 21:45:01 CEST 2020
Ping: 22.582 ms
Download: 251.54 Mbit/s
Upload: 19.48 Mbit/s
Thu Jun 25 22:45:01 CEST 2020
Ping: 22.065 ms
Download: 264.07 Mbit/s
Upload: 19.45 Mbit/s
Thu Jun 25 23:45:01 CEST 2020
Ping: 21.559 ms
Download: 163.72 Mbit/s
Upload: 19.48 Mbit/s
Fri Jun 26 00:45:01 CEST 2020
Ping: 22.925 ms
Download: 161.67 Mbit/s
Upload: 19.71 Mbit/s
Fri Jun 26 01:45:01 CEST 2020
Ping: 20.048 ms
Download: 194.73 Mbit/s
Upload: 19.29 Mbit/s
Fri Jun 26 02:45:01 CEST 2020
Ping: 21.241 ms
Download: 235.66 Mbit/s
Upload: 19.62 Mbit/s
Fri Jun 26 03:45:01 CEST 2020
Ping: 20.398 ms
Download: 160.40 Mbit/s
Upload: 19.80 Mbit/s
Fri Jun 26 04:45:01 CEST 2020
Ping: 22.059 ms
Download: 284.95 Mbit/s
Upload: 18.62 Mbit/s
Fri Jun 26 05:45:01 CEST 2020
Ping: 22.05 ms
Download: 229.65 Mbit/s
Upload: 19.61 Mbit/s
Fri Jun 26 06:45:01 CEST 2020
Ping: 22.581 ms
Download: 303.27 Mbit/s
Upload: 19.38 Mbit/s
Fri Jun 26 07:45:02 CEST 2020
Ping: 23.831 ms
Download: 179.47 Mbit/s
Upload: 19.20 Mbit/s
Fri Jun 26 08:45:01 CEST 2020
Ping: 19.853 ms
Download: 271.43 Mbit/s
Upload: 18.91 Mbit/s
Fri Jun 26 09:45:01 CEST 2020
Ping: 22.424 ms
Download: 129.74 Mbit/s
Upload: 18.58 Mbit/s
Fri Jun 26 10:45:01 CEST 2020
Ping: 19.453 ms
Download: 265.41 Mbit/s
Upload: 19.47 Mbit/s
Fri Jun 26 11:45:01 CEST 2020
Ping: 20.071 ms
Download: 257.51 Mbit/s
Upload: 19.27 Mbit/s
Fri Jun 26 12:45:01 CEST 2020
Ping: 21.215 ms
Download: 208.57 Mbit/s
Upload: 19.81 Mbit/s
Fri Jun 26 13:45:01 CEST 2020
Ping: 21.872 ms
Download: 189.75 Mbit/s
Upload: 19.43 Mbit/s
Fri Jun 26 14:45:01 CEST 2020
Ping: 22.738 ms
Download: 283.56 Mbit/s
Upload: 19.75 Mbit/s
Fri Jun 26 15:45:01 CEST 2020
Ping: 23.36 ms
Download: 210.44 Mbit/s
Upload: 18.93 Mbit/s
Fri Jun 26 16:45:01 CEST 2020
Ping: 21.409 ms
Download: 217.40 Mbit/s
Upload: 19.64 Mbit/s
Fri Jun 26 17:45:01 CEST 2020
Ping: 20.73 ms
Download: 219.54 Mbit/s
Upload: 19.59 Mbit/s
Fri Jun 26 18:45:01 CEST 2020
Ping: 23.553 ms
Download: 316.25 Mbit/s
Upload: 19.72 Mbit/s
Fri Jun 26 19:45:01 CEST 2020
Ping: 23.917 ms
Download: 268.84 Mbit/s
Upload: 18.96 Mbit/s
Fri Jun 26 20:45:01 CEST 2020
Ping: 21.745 ms
Download: 107.83 Mbit/s
Upload: 19.06 Mbit/s
Fri Jun 26 21:45:01 CEST 2020
Ping: 23.716 ms
Download: 214.97 Mbit/s
Upload: 19.75 Mbit/s
Fri Jun 26 22:45:01 CEST 2020
Ping: 21.042 ms
Download: 115.02 Mbit/s
Upload: 19.84 Mbit/s
Fri Jun 26 23:45:01 CEST 2020
Ping: 20.434 ms
Download: 228.18 Mbit/s
Upload: 19.22 Mbit/s
Sat Jun 27 00:45:01 CEST 2020
Ping: 21.397 ms
Download: 124.30 Mbit/s
Upload: 19.22 Mbit/s
Sat Jun 27 01:45:01 CEST 2020
Ping: 20.395 ms
Download: 268.19 Mbit/s
Upload: 19.67 Mbit/s
Sat Jun 27 02:45:01 CEST 2020
Ping: 20.084 ms
Download: 281.53 Mbit/s
Upload: 19.53 Mbit/s
Sat Jun 27 03:45:01 CEST 2020
Ping: 22.403 ms
Download: 131.90 Mbit/s
Upload: 19.54 Mbit/s
Sat Jun 27 04:45:01 CEST 2020
Ping: 19.756 ms
Download: 288.73 Mbit/s
Upload: 19.75 Mbit/s
Sat Jun 27 05:45:01 CEST 2020
Ping: 19.56 ms
Download: 240.85 Mbit/s
Upload: 19.66 Mbit/s
Sat Jun 27 06:45:01 CEST 2020
Ping: 24.822 ms
Download: 117.50 Mbit/s
Upload: 19.65 Mbit/s
Sat Jun 27 07:45:01 CEST 2020
Ping: 21.071 ms
Download: 280.12 Mbit/s
Upload: 19.38 Mbit/s
Sat Jun 27 08:45:01 CEST 2020
Ping: 22.9 ms
Download: 277.89 Mbit/s
Upload: 19.24 Mbit/s
Sat Jun 27 09:45:01 CEST 2020
Ping: 22.926 ms
Download: 149.59 Mbit/s
Upload: 19.53 Mbit/s
Sat Jun 27 10:45:01 CEST 2020
Ping: 23.872 ms
Download: 262.83 Mbit/s
Upload: 19.41 Mbit/s
Sat Jun 27 11:45:01 CEST 2020
Ping: 24.088 ms
Download: 264.26 Mbit/s
Upload: 19.16 Mbit/s
Sat Jun 27 12:45:02 CEST 2020
Ping: 22.087 ms
Download: 192.94 Mbit/s
Upload: 19.66 Mbit/s
Sat Jun 27 13:45:01 CEST 2020
Ping: 22.882 ms
Download: 115.62 Mbit/s
Upload: 19.27 Mbit/s
Sat Jun 27 14:45:01 CEST 2020
Ping: 20.733 ms
Download: 258.40 Mbit/s
Upload: 19.56 Mbit/s
Sat Jun 27 15:45:01 CEST 2020
Ping: 26.637 ms
Download: 146.86 Mbit/s
Upload: 19.20 Mbit/s
Sat Jun 27 16:45:01 CEST 2020
Ping: 23.413 ms
Download: 182.55 Mbit/s
Upload: 19.61 Mbit/s
Sat Jun 27 17:45:01 CEST 2020
Ping: 20.391 ms
Download: 217.09 Mbit/s
Upload: 19.76 Mbit/s
Sat Jun 27 18:45:01 CEST 2020
Ping: 22.446 ms
Download: 209.63 Mbit/s
Upload: 19.40 Mbit/s
Sat Jun 27 19:45:01 CEST 2020
Ping: 21.577 ms
Download: 172.69 Mbit/s
Upload: 19.23 Mbit/s
Sat Jun 27 20:45:01 CEST 2020
Ping: 21.604 ms
Download: 221.55 Mbit/s
Upload: 19.45 Mbit/s
Sat Jun 27 21:45:01 CEST 2020
Ping: 22.386 ms
Download: 150.16 Mbit/s
Upload: 19.15 Mbit/s
Sat Jun 27 22:45:01 CEST 2020
Ping: 20.865 ms
Download: 186.90 Mbit/s
Upload: 19.66 Mbit/s
Sat Jun 27 23:45:01 CEST 2020
Ping: 24.856 ms
Download: 277.11 Mbit/s
Upload: 19.53 Mbit/s
Sun Jun 28 00:45:01 CEST 2020
Ping: 22.603 ms
Download: 231.04 Mbit/s
Upload: 18.83 Mbit/s
Sun Jun 28 01:45:02 CEST 2020
Ping: 22.158 ms
Download: 125.29 Mbit/s
Upload: 18.70 Mbit/s
Sun Jun 28 02:45:01 CEST 2020
Ping: 21.087 ms
Download: 165.90 Mbit/s
Upload: 19.19 Mbit/s
Sun Jun 28 03:45:02 CEST 2020
Ping: 21.888 ms
Download: 249.39 Mbit/s
Upload: 18.98 Mbit/s
Sun Jun 28 04:45:01 CEST 2020
Ping: 21.581 ms
Download: 207.85 Mbit/s
Upload: 19.53 Mbit/s
Sun Jun 28 05:45:01 CEST 2020
Ping: 20.106 ms
Download: 221.86 Mbit/s
Upload: 19.66 Mbit/s
Sun Jun 28 06:45:01 CEST 2020
Ping: 22.257 ms
Download: 135.00 Mbit/s
Upload: 19.10 Mbit/s
Sun Jun 28 07:45:02 CEST 2020
Ping: 20.43 ms
Download: 266.91 Mbit/s
Upload: 19.81 Mbit/s
Sun Jun 28 08:45:01 CEST 2020
Ping: 21.923 ms
Download: 276.64 Mbit/s
Upload: 19.61 Mbit/s
Sun Jun 28 09:45:01 CEST 2020
Ping: 22.463 ms
Download: 294.41 Mbit/s
Upload: 19.46 Mbit/s
Sun Jun 28 10:45:01 CEST 2020
Ping: 22.71 ms
Download: 248.67 Mbit/s
Upload: 19.33 Mbit/s
Sun Jun 28 11:45:01 CEST 2020
Ping: 20.741 ms
Download: 209.74 Mbit/s
Upload: 19.77 Mbit/s
Sun Jun 28 12:45:01 CEST 2020
Ping: 21.586 ms
Download: 116.58 Mbit/s
Upload: 15.47 Mbit/s
Sun Jun 28 13:45:01 CEST 2020
Ping: 21.477 ms
Download: 276.37 Mbit/s
Upload: 19.59 Mbit/s
Sun Jun 28 14:45:01 CEST 2020
Ping: 24.378 ms
Download: 267.07 Mbit/s
Upload: 18.99 Mbit/s
Sun Jun 28 15:45:01 CEST 2020
Ping: 23.737 ms
Download: 128.79 Mbit/s
Upload: 19.47 Mbit/s
Sun Jun 28 16:45:01 CEST 2020
Ping: 23.981 ms
Download: 160.50 Mbit/s
Upload: 18.73 Mbit/s
Sun Jun 28 17:45:01 CEST 2020
Ping: 21.555 ms
Download: 265.22 Mbit/s
Upload: 19.74 Mbit/s
Sun Jun 28 18:45:01 CEST 2020
Ping: 22.798 ms
Download: 136.39 Mbit/s
Upload: 19.34 Mbit/s
Sun Jun 28 19:45:01 CEST 2020
Ping: 22.06 ms
Download: 132.57 Mbit/s
Upload: 19.57 Mbit/s
Sun Jun 28 20:45:01 CEST 2020
Ping: 23.339 ms
Download: 233.52 Mbit/s
Upload: 19.62 Mbit/s
Sun Jun 28 21:45:01 CEST 2020
Ping: 23.056 ms
Download: 147.73 Mbit/s
Upload: 18.79 Mbit/s
Sun Jun 28 22:45:01 CEST 2020
Ping: 22.944 ms
Download: 303.87 Mbit/s
Upload: 19.09 Mbit/s
Sun Jun 28 23:45:02 CEST 2020
Ping: 20.923 ms
Download: 239.36 Mbit/s
Upload: 18.97 Mbit/s
Mon Jun 29 00:45:02 CEST 2020
Ping: 22.55 ms
Download: 164.10 Mbit/s
Upload: 19.44 Mbit/s
Mon Jun 29 01:45:02 CEST 2020
Ping: 22.838 ms
Download: 153.01 Mbit/s
Upload: 18.46 Mbit/s
Mon Jun 29 02:45:01 CEST 2020
Ping: 20.655 ms
Download: 177.32 Mbit/s
Upload: 19.41 Mbit/s
Mon Jun 29 03:45:01 CEST 2020
Ping: 21.894 ms
Download: 279.41 Mbit/s
Upload: 19.67 Mbit/s
Mon Jun 29 04:45:01 CEST 2020
Ping: 20.9 ms
Download: 166.37 Mbit/s
Upload: 18.88 Mbit/s
Mon Jun 29 05:45:01 CEST 2020
Ping: 22.425 ms
Download: 298.49 Mbit/s
Upload: 19.68 Mbit/s
Mon Jun 29 06:45:01 CEST 2020
Ping: 19.908 ms
Download: 237.65 Mbit/s
Upload: 19.51 Mbit/s
Mon Jun 29 07:45:01 CEST 2020
Ping: 22.83 ms
Download: 182.25 Mbit/s
Upload: 19.38 Mbit/s
Mon Jun 29 08:45:01 CEST 2020
Ping: 23.21 ms
Download: 238.04 Mbit/s
Upload: 19.45 Mbit/s
Mon Jun 29 09:45:01 CEST 2020
Ping: 22.893 ms
Download: 231.16 Mbit/s
Upload: 19.71 Mbit/s
Mon Jun 29 10:45:01 CEST 2020
Ping: 22.431 ms
Download: 139.73 Mbit/s
Upload: 19.10 Mbit/s
Mon Jun 29 11:45:01 CEST 2020
Ping: 19.279 ms
Download: 203.14 Mbit/s
Upload: 19.49 Mbit/s
Mon Jun 29 12:45:01 CEST 2020
Ping: 21.251 ms
Download: 219.55 Mbit/s
Upload: 19.47 Mbit/s
Mon Jun 29 13:45:02 CEST 2020
Ping: 21.868 ms
Download: 155.21 Mbit/s
Upload: 18.89 Mbit/s
Mon Jun 29 14:45:01 CEST 2020
Ping: 22.813 ms
Download: 245.64 Mbit/s
Upload: 18.75 Mbit/s
Mon Jun 29 15:45:01 CEST 2020
Ping: 22.071 ms
Download: 270.95 Mbit/s
Upload: 19.67 Mbit/s
Mon Jun 29 16:45:01 CEST 2020
Ping: 21.137 ms
Download: 193.37 Mbit/s
Upload: 19.41 Mbit/s
Mon Jun 29 17:45:01 CEST 2020
Ping: 23.423 ms
Download: 211.45 Mbit/s
Upload: 19.46 Mbit/s
Mon Jun 29 18:45:01 CEST 2020
Ping: 22.899 ms
Download: 234.78 Mbit/s
Upload: 19.50 Mbit/s
Mon Jun 29 19:45:01 CEST 2020
Ping: 22.656 ms
Download: 206.37 Mbit/s
Upload: 19.53 Mbit/s
Mon Jun 29 20:45:01 CEST 2020
Ping: 23.218 ms
Download: 213.67 Mbit/s
Upload: 19.48 Mbit/s
Mon Jun 29 21:45:01 CEST 2020
Ping: 22.575 ms
Download: 294.02 Mbit/s
Upload: 19.21 Mbit/s
Mon Jun 29 22:45:01 CEST 2020
Ping: 24.153 ms
Download: 241.63 Mbit/s
Upload: 19.37 Mbit/s
Mon Jun 29 23:45:01 CEST 2020
Ping: 23.06 ms
Download: 258.68 Mbit/s
Upload: 19.33 Mbit/s
Tue Jun 30 00:45:01 CEST 2020
Ping: 21.029 ms
Download: 281.51 Mbit/s
Upload: 19.85 Mbit/s
Tue Jun 30 01:45:01 CEST 2020
Ping: 24.215 ms
Download: 223.28 Mbit/s
Upload: 19.79 Mbit/s
Tue Jun 30 02:45:01 CEST 2020
Ping: 21.025 ms
Download: 146.66 Mbit/s
Upload: 19.88 Mbit/s
Tue Jun 30 03:45:01 CEST 2020
Ping: 21.479 ms
Download: 260.15 Mbit/s
Upload: 18.54 Mbit/s
Tue Jun 30 04:45:01 CEST 2020
Ping: 22.591 ms
Download: 286.11 Mbit/s
Upload: 19.67 Mbit/s
Tue Jun 30 05:45:01 CEST 2020
Ping: 22.57 ms
Download: 225.22 Mbit/s
Upload: 19.64 Mbit/s
Tue Jun 30 06:45:01 CEST 2020
Ping: 24.118 ms
Download: 227.20 Mbit/s
Upload: 19.53 Mbit/s
Tue Jun 30 07:45:01 CEST 2020
Ping: 22.221 ms
Download: 163.15 Mbit/s
Upload: 19.50 Mbit/s
Tue Jun 30 08:45:01 CEST 2020
Ping: 21.627 ms
Download: 114.14 Mbit/s
Upload: 19.24 Mbit/s
Tue Jun 30 09:45:01 CEST 2020
Ping: 19.54 ms
Download: 222.20 Mbit/s
Upload: 19.22 Mbit/s
Tue Jun 30 10:45:01 CEST 2020
Ping: 23.41 ms
Download: 251.36 Mbit/s
Upload: 19.40 Mbit/s
Tue Jun 30 11:45:01 CEST 2020
Ping: 20.218 ms
Download: 251.36 Mbit/s
Upload: 19.68 Mbit/s
Tue Jun 30 12:45:01 CEST 2020
Ping: 23.507 ms
Download: 220.93 Mbit/s
Upload: 19.62 Mbit/s
Tue Jun 30 13:45:01 CEST 2020
Ping: 24.198 ms
Download: 193.49 Mbit/s
Upload: 19.69 Mbit/s
Tue Jun 30 14:45:01 CEST 2020
Ping: 21.8 ms
Download: 279.53 Mbit/s
Upload: 19.78 Mbit/s
Tue Jun 30 15:45:01 CEST 2020
Ping: 24.757 ms
Download: 260.73 Mbit/s
Upload: 19.55 Mbit/s
Tue Jun 30 16:45:01 CEST 2020
Ping: 20.71 ms
Download: 143.90 Mbit/s
Upload: 19.36 Mbit/s
Tue Jun 30 17:45:01 CEST 2020
Ping: 21.069 ms
Download: 281.18 Mbit/s
Upload: 19.55 Mbit/s
Tue Jun 30 18:45:01 CEST 2020
Ping: 20.69 ms
Download: 234.13 Mbit/s
Upload: 19.83 Mbit/s
Tue Jun 30 19:45:01 CEST 2020
Ping: 21.846 ms
Download: 117.31 Mbit/s
Upload: 18.94 Mbit/s
Tue Jun 30 20:45:01 CEST 2020
Ping: 22.962 ms
Download: 209.78 Mbit/s
Upload: 19.78 Mbit/s
Tue Jun 30 21:45:01 CEST 2020
Ping: 22.688 ms
Download: 118.26 Mbit/s
Upload: 19.29 Mbit/s
Tue Jun 30 22:45:01 CEST 2020
Ping: 23.127 ms
Download: 95.47 Mbit/s
Upload: 19.55 Mbit/s
Tue Jun 30 23:45:01 CEST 2020
Ping: 21.898 ms
Download: 147.24 Mbit/s
Upload: 18.51 Mbit/s
