Sat Feb  1 00:45:01 CET 2020
Ping: 22.18 ms
Download: 17.66 Mbit/s
Upload: 19.55 Mbit/s
Sat Feb  1 01:45:01 CET 2020
Ping: 21.679 ms
Download: 11.90 Mbit/s
Upload: 8.98 Mbit/s
Sat Feb  1 02:45:01 CET 2020
Ping: 21.283 ms
Download: 24.41 Mbit/s
Upload: 19.60 Mbit/s
Sat Feb  1 03:45:01 CET 2020
Ping: 21.991 ms
Download: 17.49 Mbit/s
Upload: 17.13 Mbit/s
Sat Feb  1 04:45:01 CET 2020
Ping: 21.771 ms
Download: 19.89 Mbit/s
Upload: 19.58 Mbit/s
Sat Feb  1 05:45:01 CET 2020
Ping: 23.526 ms
Download: 46.19 Mbit/s
Upload: 19.81 Mbit/s
Sat Feb  1 06:45:01 CET 2020
Ping: 23.459 ms
Download: 32.24 Mbit/s
Upload: 19.72 Mbit/s
Sat Feb  1 07:45:01 CET 2020
Ping: 22.714 ms
Download: 232.22 Mbit/s
Upload: 19.34 Mbit/s
Sat Feb  1 08:45:01 CET 2020
Ping: 22.362 ms
Download: 221.17 Mbit/s
Upload: 19.43 Mbit/s
Sat Feb  1 09:45:01 CET 2020
Ping: 23.47 ms
Download: 15.83 Mbit/s
Upload: 13.91 Mbit/s
Sat Feb  1 10:45:01 CET 2020
Ping: 24.93 ms
Download: 220.71 Mbit/s
Upload: 19.29 Mbit/s
Sat Feb  1 11:45:01 CET 2020
Ping: 21.484 ms
Download: 18.68 Mbit/s
Upload: 12.20 Mbit/s
Sat Feb  1 12:45:01 CET 2020
Ping: 22.334 ms
Download: 12.87 Mbit/s
Upload: 19.83 Mbit/s
Sat Feb  1 13:45:02 CET 2020
Ping: 22.629 ms
Download: 20.19 Mbit/s
Upload: 15.60 Mbit/s
Sat Feb  1 14:45:01 CET 2020
Ping: 22.838 ms
Download: 13.63 Mbit/s
Upload: 19.64 Mbit/s
Sat Feb  1 15:45:01 CET 2020
Ping: 24.524 ms
Download: 21.24 Mbit/s
Upload: 19.86 Mbit/s
Sat Feb  1 16:45:01 CET 2020
Ping: 23.212 ms
Download: 11.56 Mbit/s
Upload: 11.18 Mbit/s
Sat Feb  1 17:45:01 CET 2020
Ping: 22.363 ms
Download: 12.19 Mbit/s
Upload: 11.73 Mbit/s
Sat Feb  1 18:45:01 CET 2020
Ping: 23.812 ms
Download: 229.32 Mbit/s
Upload: 19.13 Mbit/s
Sat Feb  1 19:45:01 CET 2020
Ping: 21.707 ms
Download: 15.53 Mbit/s
Upload: 14.00 Mbit/s
Sat Feb  1 20:45:01 CET 2020
Ping: 24.051 ms
Download: 9.70 Mbit/s
Upload: 16.47 Mbit/s
Sat Feb  1 21:45:01 CET 2020
Ping: 19.94 ms
Download: 18.25 Mbit/s
Upload: 19.64 Mbit/s
Sat Feb  1 22:45:01 CET 2020
Ping: 26.857 ms
Download: 213.15 Mbit/s
Upload: 19.55 Mbit/s
Sat Feb  1 23:45:01 CET 2020
Ping: 22.052 ms
Download: 13.82 Mbit/s
Upload: 19.54 Mbit/s
Sun Feb  2 00:45:01 CET 2020
Ping: 23.536 ms
Download: 251.80 Mbit/s
Upload: 19.35 Mbit/s
Sun Feb  2 01:45:02 CET 2020
Ping: 23.752 ms
Download: 38.59 Mbit/s
Upload: 18.95 Mbit/s
Sun Feb  2 02:45:01 CET 2020
Ping: 22.412 ms
Download: 23.10 Mbit/s
Upload: 15.84 Mbit/s
Sun Feb  2 15:45:01 CET 2020
Ping: 22.557 ms
Download: 34.20 Mbit/s
Upload: 19.49 Mbit/s
Sun Feb  2 16:45:01 CET 2020
Ping: 23.799 ms
Download: 223.01 Mbit/s
Upload: 19.32 Mbit/s
Sun Feb  2 17:45:01 CET 2020
Ping: 21.83 ms
Download: 18.38 Mbit/s
Upload: 19.22 Mbit/s
Sun Feb  2 18:45:01 CET 2020
Ping: 23.559 ms
Download: 7.30 Mbit/s
Upload: 6.07 Mbit/s
Sun Feb  2 19:45:01 CET 2020
Ping: 26.323 ms
Download: 235.92 Mbit/s
Upload: 19.50 Mbit/s
Sun Feb  2 20:45:02 CET 2020
Ping: 24.747 ms
Download: 18.12 Mbit/s
Upload: 19.61 Mbit/s
Sun Feb  2 21:45:01 CET 2020
Ping: 23.404 ms
Download: 255.37 Mbit/s
Upload: 19.18 Mbit/s
Sun Feb  2 22:45:01 CET 2020
Ping: 23.308 ms
Download: 15.31 Mbit/s
Upload: 13.41 Mbit/s
Sun Feb  2 23:45:01 CET 2020
Ping: 24.978 ms
Download: 255.12 Mbit/s
Upload: 19.57 Mbit/s
Mon Feb  3 00:45:02 CET 2020
Ping: 23.867 ms
Download: 226.65 Mbit/s
Upload: 19.44 Mbit/s
Mon Feb  3 01:45:02 CET 2020
Ping: 23.535 ms
Download: 19.15 Mbit/s
Upload: 8.20 Mbit/s
Mon Feb  3 02:45:01 CET 2020
Ping: 23.373 ms
Download: 216.76 Mbit/s
Upload: 19.31 Mbit/s
Mon Feb  3 03:45:01 CET 2020
Ping: 23.693 ms
Download: 285.66 Mbit/s
Upload: 19.25 Mbit/s
Mon Feb  3 04:45:01 CET 2020
Ping: 23.735 ms
Download: 7.14 Mbit/s
Upload: 6.10 Mbit/s
Mon Feb  3 05:45:01 CET 2020
Ping: 22.978 ms
Download: 36.79 Mbit/s
Upload: 17.71 Mbit/s
Mon Feb  3 06:45:01 CET 2020
Ping: 21.949 ms
Download: 32.12 Mbit/s
Upload: 18.51 Mbit/s
Mon Feb  3 07:45:01 CET 2020
Ping: 25.089 ms
Download: 207.85 Mbit/s
Upload: 19.48 Mbit/s
Mon Feb  3 08:45:01 CET 2020
Ping: 23.154 ms
Download: 46.83 Mbit/s
Upload: 19.57 Mbit/s
Mon Feb  3 09:45:01 CET 2020
Ping: 21.951 ms
Download: 15.40 Mbit/s
Upload: 18.68 Mbit/s
Mon Feb  3 10:45:01 CET 2020
Ping: 24.81 ms
Download: 275.70 Mbit/s
Upload: 19.49 Mbit/s
Mon Feb  3 11:45:01 CET 2020
Ping: 23.245 ms
Download: 25.25 Mbit/s
Upload: 19.79 Mbit/s
Mon Feb  3 12:45:01 CET 2020
Ping: 23.558 ms
Download: 217.58 Mbit/s
Upload: 19.45 Mbit/s
Mon Feb  3 13:45:01 CET 2020
Ping: 24.608 ms
Download: 239.05 Mbit/s
Upload: 19.35 Mbit/s
Mon Feb  3 14:45:01 CET 2020
Ping: 23.331 ms
Download: 234.42 Mbit/s
Upload: 19.51 Mbit/s
Mon Feb  3 15:45:01 CET 2020
Ping: 21.475 ms
Download: 33.59 Mbit/s
Upload: 18.23 Mbit/s
Mon Feb  3 16:45:01 CET 2020
Ping: 22.775 ms
Download: 15.80 Mbit/s
Upload: 18.92 Mbit/s
Mon Feb  3 17:45:02 CET 2020
Ping: 25.468 ms
Download: 296.05 Mbit/s
Upload: 18.87 Mbit/s
Mon Feb  3 18:45:02 CET 2020
Ping: 22.692 ms
Download: 17.05 Mbit/s
Upload: 11.51 Mbit/s
Mon Feb  3 19:45:01 CET 2020
Ping: 25.835 ms
Download: 12.42 Mbit/s
Upload: 19.21 Mbit/s
Mon Feb  3 20:45:01 CET 2020
Ping: 24.526 ms
Download: 22.24 Mbit/s
Upload: 19.19 Mbit/s
Mon Feb  3 21:45:01 CET 2020
Ping: 22.558 ms
Download: 30.60 Mbit/s
Upload: 17.50 Mbit/s
Mon Feb  3 22:45:01 CET 2020
Ping: 23.177 ms
Download: 46.79 Mbit/s
Upload: 18.79 Mbit/s
Mon Feb  3 23:45:01 CET 2020
Ping: 23.482 ms
Download: 247.84 Mbit/s
Upload: 19.39 Mbit/s
Tue Feb  4 00:45:01 CET 2020
Ping: 23.506 ms
Download: 23.85 Mbit/s
Upload: 19.77 Mbit/s
Tue Feb  4 01:45:01 CET 2020
Ping: 23.232 ms
Download: 24.35 Mbit/s
Upload: 13.45 Mbit/s
Tue Feb  4 02:45:01 CET 2020
Ping: 22.485 ms
Download: 10.59 Mbit/s
Upload: 7.98 Mbit/s
Tue Feb  4 03:45:01 CET 2020
Ping: 21.33 ms
Download: 16.28 Mbit/s
Upload: 19.68 Mbit/s
Tue Feb  4 04:45:01 CET 2020
Ping: 20.287 ms
Download: 19.76 Mbit/s
Upload: 19.09 Mbit/s
Tue Feb  4 05:45:01 CET 2020
Ping: 22.598 ms
Download: 26.00 Mbit/s
Upload: 19.76 Mbit/s
Tue Feb  4 06:45:01 CET 2020
Ping: 21.588 ms
Download: 30.29 Mbit/s
Upload: 18.78 Mbit/s
Tue Feb  4 07:45:01 CET 2020
Ping: 23.45 ms
Download: 39.44 Mbit/s
Upload: 18.86 Mbit/s
Tue Feb  4 08:45:01 CET 2020
Ping: 22.52 ms
Download: 231.64 Mbit/s
Upload: 19.62 Mbit/s
Tue Feb  4 09:45:01 CET 2020
Ping: 24.309 ms
Download: 16.25 Mbit/s
Upload: 14.29 Mbit/s
Tue Feb  4 10:45:01 CET 2020
Ping: 23.273 ms
Download: 8.41 Mbit/s
Upload: 10.22 Mbit/s
Tue Feb  4 11:45:01 CET 2020
Ping: 23.434 ms
Download: 274.89 Mbit/s
Upload: 19.51 Mbit/s
Tue Feb  4 12:45:01 CET 2020
Ping: 24.105 ms
Download: 25.72 Mbit/s
Upload: 16.59 Mbit/s
Tue Feb  4 13:45:01 CET 2020
Ping: 21.699 ms
Download: 18.01 Mbit/s
Upload: 15.62 Mbit/s
Tue Feb  4 14:45:01 CET 2020
Ping: 22.847 ms
Download: 15.56 Mbit/s
Upload: 12.03 Mbit/s
Tue Feb  4 15:45:01 CET 2020
Ping: 21.911 ms
Download: 11.46 Mbit/s
Upload: 10.00 Mbit/s
Tue Feb  4 16:45:01 CET 2020
Ping: 23.952 ms
Download: 269.23 Mbit/s
Upload: 19.51 Mbit/s
Tue Feb  4 17:45:02 CET 2020
Ping: 23.007 ms
Download: 8.48 Mbit/s
Upload: 8.30 Mbit/s
Tue Feb  4 18:45:01 CET 2020
Ping: 24.482 ms
Download: 221.77 Mbit/s
Upload: 19.18 Mbit/s
Tue Feb  4 19:45:01 CET 2020
Ping: 25.174 ms
Download: 264.60 Mbit/s
Upload: 19.12 Mbit/s
Tue Feb  4 20:45:01 CET 2020
Ping: 24.262 ms
Download: 256.85 Mbit/s
Upload: 18.99 Mbit/s
Tue Feb  4 21:45:01 CET 2020
Ping: 26.684 ms
Download: 12.37 Mbit/s
Upload: 16.27 Mbit/s
Tue Feb  4 22:45:01 CET 2020
Ping: 23.349 ms
Download: 15.43 Mbit/s
Upload: 19.15 Mbit/s
Tue Feb  4 23:45:01 CET 2020
Ping: 21.219 ms
Download: 30.96 Mbit/s
Upload: 13.98 Mbit/s
Wed Feb  5 00:45:01 CET 2020
Ping: 21.031 ms
Download: 25.76 Mbit/s
Upload: 18.43 Mbit/s
Wed Feb  5 01:45:01 CET 2020
Ping: 21.835 ms
Download: 9.13 Mbit/s
Upload: 9.69 Mbit/s
Wed Feb  5 02:45:01 CET 2020
Ping: 21.412 ms
Download: 23.95 Mbit/s
Upload: 19.84 Mbit/s
Wed Feb  5 03:45:01 CET 2020
Ping: 21.253 ms
Download: 288.72 Mbit/s
Upload: 19.71 Mbit/s
Wed Feb  5 04:45:01 CET 2020
Ping: 21.128 ms
Download: 19.61 Mbit/s
Upload: 19.84 Mbit/s
Wed Feb  5 05:45:01 CET 2020
Ping: 21.706 ms
Download: 208.63 Mbit/s
Upload: 18.90 Mbit/s
Wed Feb  5 06:45:01 CET 2020
Ping: 22.786 ms
Download: 41.20 Mbit/s
Upload: 19.18 Mbit/s
Wed Feb  5 07:45:01 CET 2020
Ping: 25.907 ms
Download: 26.19 Mbit/s
Upload: 19.66 Mbit/s
Wed Feb  5 08:45:01 CET 2020
Ping: 22.692 ms
Download: 239.46 Mbit/s
Upload: 19.84 Mbit/s
Wed Feb  5 09:45:01 CET 2020
Ping: 23.22 ms
Download: 19.53 Mbit/s
Upload: 14.98 Mbit/s
Wed Feb  5 10:45:01 CET 2020
Ping: 23.541 ms
Download: 16.62 Mbit/s
Upload: 13.23 Mbit/s
Wed Feb  5 11:45:01 CET 2020
Ping: 23.086 ms
Download: 30.98 Mbit/s
Upload: 15.53 Mbit/s
Wed Feb  5 12:45:01 CET 2020
Ping: 24.913 ms
Download: 34.60 Mbit/s
Upload: 18.34 Mbit/s
Wed Feb  5 13:45:01 CET 2020
Ping: 23.078 ms
Download: 10.47 Mbit/s
Upload: 12.04 Mbit/s
Wed Feb  5 14:45:01 CET 2020
Ping: 22.436 ms
Download: 13.77 Mbit/s
Upload: 19.09 Mbit/s
Wed Feb  5 15:45:01 CET 2020
Ping: 23.59 ms
Download: 274.48 Mbit/s
Upload: 19.30 Mbit/s
Wed Feb  5 16:45:01 CET 2020
Ping: 25.006 ms
Download: 15.40 Mbit/s
Upload: 18.33 Mbit/s
Wed Feb  5 17:45:01 CET 2020
Ping: 24.202 ms
Download: 37.36 Mbit/s
Upload: 18.20 Mbit/s
Wed Feb  5 18:45:01 CET 2020
Ping: 23.85 ms
Download: 250.03 Mbit/s
Upload: 19.28 Mbit/s
Wed Feb  5 19:45:01 CET 2020
Ping: 22.509 ms
Download: 16.54 Mbit/s
Upload: 6.23 Mbit/s
Wed Feb  5 20:45:01 CET 2020
Ping: 24.642 ms
Download: 17.57 Mbit/s
Upload: 19.34 Mbit/s
Wed Feb  5 21:45:01 CET 2020
Ping: 25.189 ms
Download: 260.05 Mbit/s
Upload: 19.75 Mbit/s
Wed Feb  5 22:45:02 CET 2020
Ping: 22.998 ms
Download: 27.98 Mbit/s
Upload: 19.38 Mbit/s
Wed Feb  5 23:45:01 CET 2020
Ping: 23.348 ms
Download: 16.59 Mbit/s
Upload: 19.69 Mbit/s
Thu Feb  6 00:45:01 CET 2020
Ping: 23.176 ms
Download: 23.74 Mbit/s
Upload: 19.41 Mbit/s
Thu Feb  6 01:45:01 CET 2020
Ping: 23.655 ms
Download: 24.45 Mbit/s
Upload: 19.47 Mbit/s
Thu Feb  6 02:45:01 CET 2020
Ping: 22.998 ms
Download: 44.10 Mbit/s
Upload: 19.63 Mbit/s
Thu Feb  6 03:45:01 CET 2020
Ping: 23.507 ms
Download: 282.38 Mbit/s
Upload: 19.50 Mbit/s
Thu Feb  6 04:45:01 CET 2020
Ping: 20.859 ms
Download: 30.62 Mbit/s
Upload: 18.89 Mbit/s
Thu Feb  6 05:45:02 CET 2020
Ping: 23.731 ms
Download: 5.22 Mbit/s
Upload: 8.02 Mbit/s
Thu Feb  6 06:45:02 CET 2020
Ping: 22.655 ms
Download: 261.12 Mbit/s
Upload: 19.76 Mbit/s
Thu Feb  6 07:45:01 CET 2020
Ping: 23.916 ms
Download: 8.53 Mbit/s
Upload: 7.28 Mbit/s
Thu Feb  6 08:45:01 CET 2020
Ping: 23.953 ms
Download: 11.08 Mbit/s
Upload: 7.31 Mbit/s
Thu Feb  6 09:45:01 CET 2020
Ping: 23.721 ms
Download: 30.63 Mbit/s
Upload: 18.14 Mbit/s
Thu Feb  6 10:45:01 CET 2020
Ping: 23.863 ms
Download: 17.22 Mbit/s
Upload: 19.69 Mbit/s
Thu Feb  6 11:45:01 CET 2020
Ping: 23.886 ms
Download: 35.25 Mbit/s
Upload: 19.84 Mbit/s
Thu Feb  6 12:45:02 CET 2020
Ping: 25.341 ms
Download: 31.70 Mbit/s
Upload: 19.77 Mbit/s
Thu Feb  6 13:45:01 CET 2020
Ping: 22.844 ms
Download: 254.89 Mbit/s
Upload: 19.14 Mbit/s
Thu Feb  6 14:45:01 CET 2020
Ping: 22.215 ms
Download: 23.32 Mbit/s
Upload: 18.30 Mbit/s
Thu Feb  6 15:45:01 CET 2020
Ping: 22.078 ms
Download: 24.99 Mbit/s
Upload: 18.59 Mbit/s
Thu Feb  6 16:45:01 CET 2020
Ping: 23.086 ms
Download: 16.99 Mbit/s
Upload: 2.48 Mbit/s
Thu Feb  6 17:45:01 CET 2020
Ping: 24.629 ms
Download: 267.81 Mbit/s
Upload: 19.14 Mbit/s
Thu Feb  6 18:45:01 CET 2020
Ping: 24.876 ms
Download: 31.06 Mbit/s
Upload: 2.01 Mbit/s
Thu Feb  6 19:45:01 CET 2020
Ping: 26.121 ms
Download: 239.53 Mbit/s
Upload: 19.51 Mbit/s
Thu Feb  6 20:45:01 CET 2020
Ping: 24.946 ms
Download: 230.13 Mbit/s
Upload: 18.80 Mbit/s
Thu Feb  6 21:45:01 CET 2020
Ping: 24.954 ms
Download: 13.49 Mbit/s
Upload: 13.68 Mbit/s
Thu Feb  6 22:45:01 CET 2020
Ping: 21.211 ms
Download: 11.01 Mbit/s
Upload: 19.63 Mbit/s
Thu Feb  6 23:45:01 CET 2020
Ping: 20.752 ms
Download: 9.92 Mbit/s
Upload: 11.74 Mbit/s
Fri Feb  7 00:45:01 CET 2020
Ping: 22.435 ms
Download: 16.84 Mbit/s
Upload: 13.42 Mbit/s
Fri Feb  7 01:45:01 CET 2020
Ping: 21.469 ms
Download: 14.90 Mbit/s
Upload: 13.20 Mbit/s
Fri Feb  7 02:45:01 CET 2020
Ping: 21.592 ms
Download: 20.11 Mbit/s
Upload: 18.70 Mbit/s
Fri Feb  7 03:45:01 CET 2020
Ping: 22.996 ms
Download: 279.84 Mbit/s
Upload: 19.84 Mbit/s
Fri Feb  7 04:45:01 CET 2020
Ping: 22.065 ms
Download: 10.73 Mbit/s
Upload: 10.04 Mbit/s
Fri Feb  7 05:45:01 CET 2020
Ping: 21.995 ms
Download: 16.65 Mbit/s
Upload: 10.29 Mbit/s
Fri Feb  7 06:45:01 CET 2020
Ping: 21.384 ms
Download: 8.78 Mbit/s
Upload: 8.99 Mbit/s
Fri Feb  7 07:45:01 CET 2020
Ping: 24.147 ms
Download: 11.08 Mbit/s
Upload: 13.16 Mbit/s
Fri Feb  7 08:45:01 CET 2020
Ping: 19.711 ms
Download: 9.91 Mbit/s
Upload: 9.76 Mbit/s
Fri Feb  7 09:45:01 CET 2020
Ping: 21.733 ms
Download: 10.82 Mbit/s
Upload: 12.66 Mbit/s
Fri Feb  7 10:45:01 CET 2020
Ping: 24.425 ms
Download: 210.31 Mbit/s
Upload: 19.33 Mbit/s
Fri Feb  7 11:45:01 CET 2020
Ping: 22.594 ms
Download: 303.66 Mbit/s
Upload: 18.89 Mbit/s
Fri Feb  7 12:45:01 CET 2020
Ping: 21.075 ms
Download: 13.28 Mbit/s
Upload: 11.19 Mbit/s
Fri Feb  7 13:45:01 CET 2020
Ping: 21.517 ms
Download: 17.89 Mbit/s
Upload: 14.16 Mbit/s
Fri Feb  7 14:45:01 CET 2020
Ping: 23.515 ms
Download: 9.36 Mbit/s
Upload: 10.90 Mbit/s
Fri Feb  7 15:45:01 CET 2020
Ping: 21.783 ms
Download: 9.06 Mbit/s
Upload: 6.08 Mbit/s
Fri Feb  7 16:45:01 CET 2020
Ping: 20.412 ms
Download: 19.42 Mbit/s
Upload: 19.21 Mbit/s
Fri Feb  7 17:45:01 CET 2020
Ping: 21.413 ms
Download: 11.40 Mbit/s
Upload: 6.80 Mbit/s
Fri Feb  7 18:45:01 CET 2020
Ping: 21.45 ms
Download: 221.03 Mbit/s
Upload: 19.36 Mbit/s
Fri Feb  7 19:45:01 CET 2020
Ping: 21.01 ms
Download: 18.81 Mbit/s
Upload: 11.96 Mbit/s
Fri Feb  7 20:45:01 CET 2020
Ping: 21.724 ms
Download: 11.94 Mbit/s
Upload: 13.58 Mbit/s
Fri Feb  7 21:45:01 CET 2020
Ping: 21.419 ms
Download: 13.55 Mbit/s
Upload: 13.97 Mbit/s
Fri Feb  7 22:45:01 CET 2020
Ping: 20.223 ms
Download: 9.59 Mbit/s
Upload: 6.37 Mbit/s
Fri Feb  7 23:45:01 CET 2020
Ping: 23.489 ms
Download: 261.83 Mbit/s
Upload: 19.04 Mbit/s
Sat Feb  8 00:45:01 CET 2020
Ping: 22.073 ms
Download: 243.83 Mbit/s
Upload: 19.17 Mbit/s
Sat Feb  8 01:45:02 CET 2020
Ping: 22.547 ms
Download: 11.41 Mbit/s
Upload: 9.18 Mbit/s
Sat Feb  8 02:45:01 CET 2020
Ping: 19.919 ms
Download: 11.17 Mbit/s
Upload: 10.03 Mbit/s
Sat Feb  8 03:45:01 CET 2020
Ping: 21.749 ms
Download: 9.41 Mbit/s
Upload: 7.94 Mbit/s
Sat Feb  8 04:45:02 CET 2020
Ping: 20.573 ms
Download: 9.15 Mbit/s
Upload: 10.74 Mbit/s
Sat Feb  8 05:45:01 CET 2020
Ping: 22.131 ms
Download: 222.67 Mbit/s
Upload: 19.70 Mbit/s
Sat Feb  8 06:45:01 CET 2020
Ping: 23.077 ms
Download: 13.43 Mbit/s
Upload: 11.67 Mbit/s
Sat Feb  8 07:45:01 CET 2020
Ping: 22.066 ms
Download: 17.75 Mbit/s
Upload: 13.85 Mbit/s
Sat Feb  8 08:45:01 CET 2020
Ping: 22.701 ms
Download: 12.68 Mbit/s
Upload: 7.65 Mbit/s
Sat Feb  8 09:45:01 CET 2020
Ping: 23.718 ms
Download: 13.19 Mbit/s
Upload: 3.35 Mbit/s
Sat Feb  8 10:45:02 CET 2020
Ping: 23.207 ms
Download: 9.68 Mbit/s
Upload: 8.04 Mbit/s
Sat Feb  8 11:45:01 CET 2020
Ping: 20.719 ms
Download: 11.38 Mbit/s
Upload: 17.74 Mbit/s
Sat Feb  8 12:45:01 CET 2020
Ping: 23.244 ms
Download: 218.98 Mbit/s
Upload: 19.70 Mbit/s
Sat Feb  8 13:45:01 CET 2020
Ping: 21.896 ms
Download: 9.71 Mbit/s
Upload: 9.42 Mbit/s
Sat Feb  8 14:45:01 CET 2020
Ping: 24.623 ms
Download: 232.12 Mbit/s
Upload: 19.37 Mbit/s
Sat Feb  8 15:45:01 CET 2020
Ping: 21.602 ms
Download: 10.60 Mbit/s
Upload: 10.67 Mbit/s
Sat Feb  8 16:45:01 CET 2020
Ping: 20.303 ms
Download: 12.47 Mbit/s
Upload: 6.70 Mbit/s
Sat Feb  8 17:45:02 CET 2020
Ping: 22.937 ms
Download: 241.17 Mbit/s
Upload: 19.76 Mbit/s
Sat Feb  8 18:45:01 CET 2020
Ping: 25.328 ms
Download: 289.80 Mbit/s
Upload: 19.31 Mbit/s
Sat Feb  8 19:45:01 CET 2020
Ping: 21.631 ms
Download: 7.90 Mbit/s
Upload: 6.22 Mbit/s
Sat Feb  8 20:45:01 CET 2020
Ping: 23.393 ms
Download: 10.24 Mbit/s
Upload: 11.68 Mbit/s
Sat Feb  8 21:45:01 CET 2020
Ping: 21.645 ms
Download: 12.04 Mbit/s
Upload: 10.27 Mbit/s
Sat Feb  8 22:45:01 CET 2020
Ping: 22.88 ms
Download: 10.45 Mbit/s
Upload: 13.01 Mbit/s
Sat Feb  8 23:45:01 CET 2020
Ping: 21.432 ms
Download: 9.09 Mbit/s
Upload: 12.05 Mbit/s
Sun Feb  9 00:45:01 CET 2020
Ping: 21.37 ms
Download: 262.94 Mbit/s
Upload: 18.13 Mbit/s
Sun Feb  9 01:45:01 CET 2020
Ping: 22.753 ms
Download: 231.25 Mbit/s
Upload: 19.35 Mbit/s
Sun Feb  9 02:45:01 CET 2020
Ping: 20.532 ms
Download: 16.57 Mbit/s
Upload: 15.46 Mbit/s
Sun Feb  9 03:45:01 CET 2020
Ping: 20.74 ms
Download: 15.11 Mbit/s
Upload: 2.69 Mbit/s
Sun Feb  9 04:45:01 CET 2020
Ping: 20.339 ms
Download: 13.62 Mbit/s
Upload: 14.01 Mbit/s
Sun Feb  9 05:45:01 CET 2020
Ping: 22.402 ms
Download: 19.63 Mbit/s
Upload: 17.65 Mbit/s
Sun Feb  9 06:45:01 CET 2020
Ping: 20.998 ms
Download: 19.81 Mbit/s
Upload: 14.90 Mbit/s
Sun Feb  9 07:45:01 CET 2020
Ping: 20.836 ms
Download: 14.74 Mbit/s
Upload: 10.69 Mbit/s
Sun Feb  9 08:45:01 CET 2020
Ping: 21.863 ms
Download: 9.53 Mbit/s
Upload: 10.81 Mbit/s
Sun Feb  9 09:45:01 CET 2020
Ping: 21.386 ms
Download: 7.59 Mbit/s
Upload: 10.91 Mbit/s
Sun Feb  9 10:45:01 CET 2020
Ping: 22.856 ms
Download: 15.47 Mbit/s
Upload: 10.96 Mbit/s
Sun Feb  9 11:45:01 CET 2020
Ping: 20.89 ms
Download: 8.68 Mbit/s
Upload: 12.12 Mbit/s
Sun Feb  9 12:45:01 CET 2020
Ping: 20.823 ms
Download: 11.90 Mbit/s
Upload: 9.43 Mbit/s
Sun Feb  9 13:45:02 CET 2020
Ping: 21.332 ms
Download: 11.21 Mbit/s
Upload: 10.02 Mbit/s
Sun Feb  9 14:45:01 CET 2020
Ping: 22.769 ms
Download: 9.56 Mbit/s
Upload: 10.07 Mbit/s
Sun Feb  9 15:45:01 CET 2020
Ping: 20.111 ms
Download: 13.75 Mbit/s
Upload: 16.50 Mbit/s
Sun Feb  9 16:45:02 CET 2020
Ping: 23.733 ms
Download: 240.59 Mbit/s
Upload: 19.27 Mbit/s
Sun Feb  9 17:45:01 CET 2020
Ping: 22.04 ms
Download: 24.57 Mbit/s
Upload: 18.84 Mbit/s
Sun Feb  9 18:45:01 CET 2020
Ping: 23.609 ms
Download: 304.90 Mbit/s
Upload: 19.69 Mbit/s
Sun Feb  9 19:45:01 CET 2020
Ping: 23.619 ms
Download: 17.69 Mbit/s
Upload: 12.18 Mbit/s
Sun Feb  9 20:45:01 CET 2020
Ping: 23.17 ms
Download: 16.81 Mbit/s
Upload: 10.97 Mbit/s
Sun Feb  9 21:45:02 CET 2020
Ping: 23.506 ms
Download: 8.01 Mbit/s
Upload: 10.26 Mbit/s
Sun Feb  9 22:45:01 CET 2020
Ping: 22.61 ms
Download: 246.63 Mbit/s
Upload: 18.60 Mbit/s
Sun Feb  9 23:45:01 CET 2020
Ping: 24.733 ms
Download: 11.58 Mbit/s
Upload: 11.80 Mbit/s
Mon Feb 10 00:45:01 CET 2020
Ping: 24.553 ms
Download: 259.73 Mbit/s
Upload: 19.45 Mbit/s
Mon Feb 10 01:45:01 CET 2020
Ping: 21.412 ms
Download: 12.69 Mbit/s
Upload: 10.90 Mbit/s
Mon Feb 10 02:45:01 CET 2020
Ping: 21.922 ms
Download: 15.47 Mbit/s
Upload: 10.36 Mbit/s
Mon Feb 10 03:45:01 CET 2020
Ping: 21.908 ms
Download: 10.54 Mbit/s
Upload: 14.10 Mbit/s
Mon Feb 10 04:45:01 CET 2020
Ping: 22.239 ms
Download: 13.12 Mbit/s
Upload: 11.63 Mbit/s
Mon Feb 10 05:45:01 CET 2020
Ping: 20.998 ms
Download: 12.52 Mbit/s
Upload: 8.48 Mbit/s
Mon Feb 10 06:45:01 CET 2020
Ping: 22.191 ms
Download: 19.23 Mbit/s
Upload: 11.20 Mbit/s
Mon Feb 10 07:45:01 CET 2020
Ping: 22.41 ms
Download: 16.80 Mbit/s
Upload: 13.49 Mbit/s
Mon Feb 10 08:45:01 CET 2020
Ping: 21.014 ms
Download: 10.00 Mbit/s
Upload: 11.69 Mbit/s
Mon Feb 10 09:45:02 CET 2020
Ping: 23.102 ms
Download: 13.30 Mbit/s
Upload: 11.01 Mbit/s
Mon Feb 10 10:45:01 CET 2020
Ping: 22.767 ms
Download: 12.28 Mbit/s
Upload: 7.91 Mbit/s
Mon Feb 10 11:45:01 CET 2020
Ping: 20.649 ms
Download: 10.15 Mbit/s
Upload: 11.70 Mbit/s
Mon Feb 10 12:45:01 CET 2020
Ping: 22.412 ms
Download: 230.69 Mbit/s
Upload: 19.33 Mbit/s
Mon Feb 10 13:45:01 CET 2020
Ping: 21.849 ms
Download: 14.01 Mbit/s
Upload: 8.58 Mbit/s
Mon Feb 10 14:45:01 CET 2020
Ping: 22.724 ms
Download: 8.78 Mbit/s
Upload: 8.60 Mbit/s
Mon Feb 10 15:45:01 CET 2020
Ping: 23.935 ms
Download: 7.55 Mbit/s
Upload: 8.31 Mbit/s
Mon Feb 10 16:45:01 CET 2020
Ping: 23.65 ms
Download: 9.95 Mbit/s
Upload: 12.65 Mbit/s
Mon Feb 10 17:45:01 CET 2020
Ping: 20.894 ms
Download: 13.27 Mbit/s
Upload: 5.20 Mbit/s
Mon Feb 10 18:45:01 CET 2020
Ping: 22.679 ms
Download: 7.61 Mbit/s
Upload: 6.99 Mbit/s
Mon Feb 10 19:45:01 CET 2020
Ping: 22.15 ms
Download: 6.95 Mbit/s
Upload: 7.04 Mbit/s
Mon Feb 10 20:45:01 CET 2020
Ping: 21.402 ms
Download: 12.22 Mbit/s
Upload: 12.14 Mbit/s
Mon Feb 10 21:45:01 CET 2020
Ping: 25.094 ms
Download: 253.37 Mbit/s
Upload: 19.21 Mbit/s
Mon Feb 10 22:45:01 CET 2020
Ping: 25.162 ms
Download: 246.36 Mbit/s
Upload: 19.65 Mbit/s
Mon Feb 10 23:45:01 CET 2020
Ping: 19.932 ms
Download: 9.40 Mbit/s
Upload: 9.54 Mbit/s
Tue Feb 11 00:45:01 CET 2020
Ping: 19.991 ms
Download: 8.94 Mbit/s
Upload: 8.67 Mbit/s
Tue Feb 11 01:45:01 CET 2020
Ping: 22.411 ms
Download: 18.46 Mbit/s
Upload: 6.83 Mbit/s
Tue Feb 11 02:45:01 CET 2020
Ping: 24.734 ms
Download: 10.08 Mbit/s
Upload: 10.36 Mbit/s
Tue Feb 11 03:45:01 CET 2020
Ping: 23.611 ms
Download: 263.53 Mbit/s
Upload: 19.32 Mbit/s
Tue Feb 11 04:45:01 CET 2020
Ping: 20.896 ms
Download: 17.47 Mbit/s
Upload: 12.89 Mbit/s
Tue Feb 11 05:45:01 CET 2020
Ping: 23.23 ms
Download: 247.70 Mbit/s
Upload: 19.71 Mbit/s
Tue Feb 11 06:45:01 CET 2020
Ping: 21.895 ms
Download: 13.90 Mbit/s
Upload: 14.62 Mbit/s
Tue Feb 11 07:45:01 CET 2020
Ping: 22.732 ms
Download: 15.86 Mbit/s
Upload: 3.82 Mbit/s
Tue Feb 11 08:45:01 CET 2020
Ping: 24.208 ms
Download: 17.13 Mbit/s
Upload: 13.82 Mbit/s
Tue Feb 11 09:45:01 CET 2020
Ping: 20.813 ms
Download: 10.93 Mbit/s
Upload: 9.58 Mbit/s
Tue Feb 11 10:45:01 CET 2020
Ping: 23.88 ms
Download: 8.72 Mbit/s
Upload: 10.93 Mbit/s
Tue Feb 11 11:45:01 CET 2020
Ping: 24.451 ms
Download: 229.69 Mbit/s
Upload: 19.52 Mbit/s
Tue Feb 11 12:45:01 CET 2020
Ping: 21.295 ms
Download: 9.60 Mbit/s
Upload: 11.48 Mbit/s
Tue Feb 11 13:45:01 CET 2020
Ping: 23.574 ms
Download: 286.49 Mbit/s
Upload: 19.71 Mbit/s
Tue Feb 11 14:45:01 CET 2020
Ping: 22.281 ms
Download: 12.24 Mbit/s
Upload: 16.92 Mbit/s
Tue Feb 11 15:45:01 CET 2020
Ping: 22.092 ms
Download: 263.82 Mbit/s
Upload: 19.37 Mbit/s
Tue Feb 11 16:45:01 CET 2020
Ping: 22.652 ms
Download: 10.94 Mbit/s
Upload: 11.39 Mbit/s
Tue Feb 11 17:45:01 CET 2020
Ping: 20.314 ms
Download: 10.39 Mbit/s
Upload: 9.25 Mbit/s
Tue Feb 11 18:45:01 CET 2020
Ping: 23.731 ms
Download: 10.35 Mbit/s
Upload: 13.01 Mbit/s
Tue Feb 11 19:45:01 CET 2020
Ping: 24.233 ms
Download: 252.87 Mbit/s
Upload: 19.33 Mbit/s
Tue Feb 11 20:45:01 CET 2020
Ping: 22.752 ms
Download: 13.34 Mbit/s
Upload: 13.24 Mbit/s
Tue Feb 11 21:45:01 CET 2020
Ping: 22.627 ms
Download: 246.22 Mbit/s
Upload: 19.82 Mbit/s
Tue Feb 11 22:45:01 CET 2020
Ping: 24.182 ms
Download: 13.25 Mbit/s
Upload: 14.70 Mbit/s
Tue Feb 11 23:45:01 CET 2020
Ping: 21.764 ms
Download: 12.90 Mbit/s
Upload: 8.61 Mbit/s
Wed Feb 12 00:45:01 CET 2020
Ping: 20.271 ms
Download: 10.84 Mbit/s
Upload: 8.13 Mbit/s
Wed Feb 12 01:45:01 CET 2020
Ping: 23.811 ms
Download: 228.03 Mbit/s
Upload: 18.99 Mbit/s
Wed Feb 12 02:45:01 CET 2020
Ping: 21.928 ms
Download: 16.58 Mbit/s
Upload: 12.97 Mbit/s
Wed Feb 12 03:45:01 CET 2020
Ping: 21.107 ms
Download: 13.04 Mbit/s
Upload: 14.97 Mbit/s
Wed Feb 12 04:45:01 CET 2020
Ping: 21.238 ms
Download: 10.00 Mbit/s
Upload: 11.08 Mbit/s
Wed Feb 12 05:45:02 CET 2020
Ping: 20.731 ms
Download: 19.73 Mbit/s
Upload: 14.72 Mbit/s
Wed Feb 12 06:45:01 CET 2020
Ping: 20.89 ms
Download: 11.65 Mbit/s
Upload: 12.04 Mbit/s
Wed Feb 12 07:45:01 CET 2020
Ping: 24.91 ms
Download: 247.40 Mbit/s
Upload: 19.91 Mbit/s
Wed Feb 12 08:45:01 CET 2020
Ping: 22.291 ms
Download: 225.75 Mbit/s
Upload: 19.47 Mbit/s
Wed Feb 12 09:45:01 CET 2020
Ping: 22.072 ms
Download: 240.16 Mbit/s
Upload: 19.43 Mbit/s
Wed Feb 12 10:45:01 CET 2020
Ping: 20.366 ms
Download: 14.51 Mbit/s
Upload: 12.56 Mbit/s
Wed Feb 12 11:45:01 CET 2020
Ping: 23.976 ms
Download: 19.37 Mbit/s
Upload: 15.42 Mbit/s
Wed Feb 12 12:45:02 CET 2020
Ping: 23.397 ms
Download: 259.55 Mbit/s
Upload: 19.11 Mbit/s
Wed Feb 12 13:45:01 CET 2020
Ping: 20.583 ms
Download: 9.32 Mbit/s
Upload: 14.08 Mbit/s
Wed Feb 12 14:45:01 CET 2020
Ping: 20.665 ms
Download: 9.56 Mbit/s
Upload: 8.26 Mbit/s
Wed Feb 12 15:45:01 CET 2020
Ping: 22.428 ms
Download: 197.06 Mbit/s
Upload: 19.72 Mbit/s
Wed Feb 12 16:45:01 CET 2020
Ping: 23.512 ms
Download: 8.15 Mbit/s
Upload: 7.94 Mbit/s
Wed Feb 12 17:45:01 CET 2020
Ping: 20.387 ms
Download: 11.78 Mbit/s
Upload: 14.67 Mbit/s
Wed Feb 12 18:45:01 CET 2020
Ping: 24.078 ms
Download: 217.66 Mbit/s
Upload: 19.22 Mbit/s
Wed Feb 12 19:45:01 CET 2020
Ping: 21.829 ms
Download: 11.73 Mbit/s
Upload: 10.35 Mbit/s
Wed Feb 12 20:45:01 CET 2020
Ping: 21.353 ms
Download: 15.81 Mbit/s
Upload: 10.70 Mbit/s
Wed Feb 12 21:45:01 CET 2020
Ping: 21.692 ms
Download: 17.02 Mbit/s
Upload: 10.55 Mbit/s
Wed Feb 12 22:45:01 CET 2020
Ping: 22.475 ms
Download: 14.71 Mbit/s
Upload: 9.42 Mbit/s
Wed Feb 12 23:45:01 CET 2020
Ping: 22.619 ms
Download: 19.33 Mbit/s
Upload: 17.69 Mbit/s
Thu Feb 13 00:45:02 CET 2020
Ping: 20.989 ms
Download: 11.20 Mbit/s
Upload: 11.87 Mbit/s
Thu Feb 13 01:45:01 CET 2020
Ping: 23.916 ms
Download: 10.72 Mbit/s
Upload: 11.29 Mbit/s
Thu Feb 13 02:45:01 CET 2020
Ping: 21.68 ms
Download: 9.76 Mbit/s
Upload: 8.81 Mbit/s
Thu Feb 13 03:45:01 CET 2020
Ping: 21.4 ms
Download: 14.35 Mbit/s
Upload: 12.76 Mbit/s
Thu Feb 13 04:45:01 CET 2020
Ping: 23.923 ms
Download: 233.30 Mbit/s
Upload: 19.44 Mbit/s
Thu Feb 13 05:45:01 CET 2020
Ping: 24.032 ms
Download: 240.43 Mbit/s
Upload: 19.62 Mbit/s
Thu Feb 13 06:45:01 CET 2020
Ping: 23.942 ms
Download: 269.39 Mbit/s
Upload: 19.31 Mbit/s
Thu Feb 13 07:45:01 CET 2020
Ping: 25.038 ms
Download: 255.30 Mbit/s
Upload: 19.38 Mbit/s
Thu Feb 13 08:45:01 CET 2020
Ping: 21.211 ms
Download: 12.70 Mbit/s
Upload: 9.16 Mbit/s
Thu Feb 13 09:45:01 CET 2020
Ping: 22.253 ms
Download: 208.25 Mbit/s
Upload: 19.09 Mbit/s
Thu Feb 13 10:45:01 CET 2020
Ping: 20.991 ms
Download: 9.69 Mbit/s
Upload: 11.59 Mbit/s
Thu Feb 13 11:45:01 CET 2020
Ping: 22.245 ms
Download: 12.10 Mbit/s
Upload: 12.66 Mbit/s
Thu Feb 13 12:45:01 CET 2020
Ping: 24.207 ms
Download: 189.29 Mbit/s
Upload: 19.40 Mbit/s
Thu Feb 13 13:45:01 CET 2020
Ping: 22.395 ms
Download: 19.18 Mbit/s
Upload: 3.71 Mbit/s
Thu Feb 13 14:45:01 CET 2020
Ping: 22.724 ms
Download: 18.39 Mbit/s
Upload: 10.53 Mbit/s
Thu Feb 13 15:45:02 CET 2020
Ping: 24.896 ms
Download: 8.68 Mbit/s
Upload: 2.41 Mbit/s
Thu Feb 13 16:45:01 CET 2020
Ping: 20.658 ms
Download: 8.16 Mbit/s
Upload: 8.94 Mbit/s
Thu Feb 13 17:45:01 CET 2020
Ping: 21.565 ms
Download: 19.42 Mbit/s
Upload: 14.76 Mbit/s
Thu Feb 13 18:45:01 CET 2020
Ping: 22.371 ms
Download: 14.05 Mbit/s
Upload: 10.48 Mbit/s
Thu Feb 13 19:45:01 CET 2020
Ping: 20.879 ms
Download: 8.96 Mbit/s
Upload: 8.76 Mbit/s
Thu Feb 13 20:45:02 CET 2020
Ping: 23.128 ms
Download: 9.44 Mbit/s
Upload: 10.57 Mbit/s
Thu Feb 13 21:45:01 CET 2020
Ping: 22.748 ms
Download: 226.19 Mbit/s
Upload: 19.04 Mbit/s
Thu Feb 13 22:45:01 CET 2020
Ping: 20.125 ms
Download: 11.65 Mbit/s
Upload: 13.85 Mbit/s
Thu Feb 13 23:45:01 CET 2020
Ping: 21.409 ms
Download: 18.16 Mbit/s
Upload: 14.33 Mbit/s
Fri Feb 14 00:45:01 CET 2020
Ping: 21.702 ms
Download: 17.74 Mbit/s
Upload: 12.39 Mbit/s
Fri Feb 14 01:45:01 CET 2020
Ping: 22.028 ms
Download: 7.16 Mbit/s
Upload: 5.99 Mbit/s
Fri Feb 14 02:45:01 CET 2020
Ping: 23.423 ms
Download: 17.12 Mbit/s
Upload: 13.62 Mbit/s
Fri Feb 14 03:45:01 CET 2020
Ping: 24.061 ms
Download: 17.22 Mbit/s
Upload: 10.39 Mbit/s
Fri Feb 14 04:45:01 CET 2020
Ping: 20.911 ms
Download: 19.10 Mbit/s
Upload: 12.42 Mbit/s
Fri Feb 14 05:45:01 CET 2020
Ping: 20.398 ms
Download: 13.69 Mbit/s
Upload: 10.70 Mbit/s
Fri Feb 14 06:45:01 CET 2020
Ping: 22.822 ms
Download: 245.21 Mbit/s
Upload: 19.67 Mbit/s
Fri Feb 14 07:45:01 CET 2020
Ping: 26.399 ms
Download: 245.70 Mbit/s
Upload: 19.65 Mbit/s
Fri Feb 14 08:45:01 CET 2020
Ping: 22.581 ms
Download: 343.63 Mbit/s
Upload: 19.63 Mbit/s
Fri Feb 14 09:45:01 CET 2020
Ping: 21.271 ms
Download: 8.81 Mbit/s
Upload: 8.40 Mbit/s
Fri Feb 14 10:45:01 CET 2020
Ping: 21.949 ms
Download: 240.15 Mbit/s
Upload: 19.59 Mbit/s
Fri Feb 14 11:45:01 CET 2020
Ping: 24.549 ms
Download: 252.99 Mbit/s
Upload: 19.40 Mbit/s
Fri Feb 14 12:45:01 CET 2020
Ping: 23.375 ms
Download: 7.02 Mbit/s
Upload: 5.22 Mbit/s
Fri Feb 14 13:45:01 CET 2020
Ping: 21.368 ms
Download: 13.90 Mbit/s
Upload: 15.63 Mbit/s
Fri Feb 14 14:45:01 CET 2020
Ping: 21.384 ms
Download: 9.46 Mbit/s
Upload: 9.18 Mbit/s
Fri Feb 14 15:45:01 CET 2020
Ping: 23.082 ms
Download: 234.98 Mbit/s
Upload: 19.23 Mbit/s
Fri Feb 14 16:45:01 CET 2020
Ping: 23.278 ms
Download: 269.91 Mbit/s
Upload: 19.45 Mbit/s
Fri Feb 14 17:45:01 CET 2020
Ping: 22.494 ms
Download: 16.09 Mbit/s
Upload: 14.60 Mbit/s
Fri Feb 14 18:45:01 CET 2020
Ping: 21.406 ms
Download: 10.32 Mbit/s
Upload: 13.18 Mbit/s
Fri Feb 14 19:45:01 CET 2020
Ping: 23.396 ms
Download: 10.77 Mbit/s
Upload: 13.20 Mbit/s
Fri Feb 14 20:45:01 CET 2020
Ping: 22.893 ms
Download: 9.78 Mbit/s
Upload: 8.91 Mbit/s
Fri Feb 14 21:45:01 CET 2020
Ping: 20.805 ms
Download: 16.07 Mbit/s
Upload: 13.08 Mbit/s
Fri Feb 14 22:45:01 CET 2020
Ping: 23.062 ms
Download: 13.77 Mbit/s
Upload: 7.63 Mbit/s
Fri Feb 14 23:45:01 CET 2020
Ping: 24.289 ms
Download: 239.75 Mbit/s
Upload: 19.64 Mbit/s
Sat Feb 15 00:45:01 CET 2020
Ping: 22.711 ms
Download: 14.78 Mbit/s
Upload: 12.83 Mbit/s
Sat Feb 15 01:45:01 CET 2020
Ping: 22.695 ms
Download: 213.88 Mbit/s
Upload: 19.57 Mbit/s
Sat Feb 15 02:45:01 CET 2020
Ping: 21.93 ms
Download: 9.27 Mbit/s
Upload: 10.11 Mbit/s
Sat Feb 15 03:45:01 CET 2020
Ping: 20.903 ms
Download: 13.40 Mbit/s
Upload: 9.38 Mbit/s
Sat Feb 15 04:45:01 CET 2020
Ping: 21.977 ms
Download: 279.55 Mbit/s
Upload: 18.95 Mbit/s
Sat Feb 15 05:45:01 CET 2020
Ping: 23.801 ms
Download: 24.23 Mbit/s
Upload: 13.24 Mbit/s
Sat Feb 15 06:45:01 CET 2020
Ping: 22.072 ms
Download: 14.94 Mbit/s
Upload: 19.03 Mbit/s
Sat Feb 15 07:45:01 CET 2020
Ping: 21.713 ms
Download: 19.37 Mbit/s
Upload: 12.69 Mbit/s
Sat Feb 15 08:45:02 CET 2020
Ping: 21.551 ms
Download: 17.64 Mbit/s
Upload: 13.49 Mbit/s
Sat Feb 15 09:45:01 CET 2020
Ping: 22.782 ms
Download: 8.43 Mbit/s
Upload: 10.05 Mbit/s
Sat Feb 15 10:45:01 CET 2020
Ping: 21.915 ms
Download: 15.83 Mbit/s
Upload: 8.43 Mbit/s
Sat Feb 15 11:45:01 CET 2020
Ping: 22.282 ms
Download: 8.41 Mbit/s
Upload: 2.33 Mbit/s
Sat Feb 15 12:45:01 CET 2020
Ping: 21.931 ms
Download: 10.05 Mbit/s
Upload: 10.94 Mbit/s
Sat Feb 15 13:45:01 CET 2020
Ping: 21.32 ms
Download: 13.72 Mbit/s
Upload: 12.36 Mbit/s
Sat Feb 15 14:45:01 CET 2020
Ping: 21.035 ms
Download: 13.40 Mbit/s
Upload: 16.54 Mbit/s
Sat Feb 15 15:45:01 CET 2020
Ping: 22.816 ms
Download: 10.33 Mbit/s
Upload: 8.89 Mbit/s
Sat Feb 15 16:45:01 CET 2020
Ping: 22.704 ms
Download: 14.49 Mbit/s
Upload: 9.20 Mbit/s
Sat Feb 15 17:45:01 CET 2020
Ping: 22.519 ms
Download: 11.22 Mbit/s
Upload: 13.84 Mbit/s
Sat Feb 15 18:45:01 CET 2020
Ping: 22.047 ms
Download: 9.43 Mbit/s
Upload: 8.27 Mbit/s
Sat Feb 15 19:45:01 CET 2020
Ping: 22.397 ms
Download: 9.46 Mbit/s
Upload: 5.18 Mbit/s
Sat Feb 15 20:45:01 CET 2020
Ping: 21.707 ms
Download: 15.96 Mbit/s
Upload: 11.72 Mbit/s
Sat Feb 15 21:45:01 CET 2020
Ping: 22.388 ms
Download: 18.96 Mbit/s
Upload: 10.76 Mbit/s
Sat Feb 15 22:45:01 CET 2020
Ping: 23.594 ms
Download: 19.72 Mbit/s
Upload: 10.33 Mbit/s
Sat Feb 15 23:45:01 CET 2020
Ping: 21.897 ms
Download: 16.83 Mbit/s
Upload: 13.56 Mbit/s
Sun Feb 16 00:45:01 CET 2020
Ping: 20.881 ms
Download: 9.79 Mbit/s
Upload: 12.11 Mbit/s
Sun Feb 16 01:45:01 CET 2020
Ping: 22.367 ms
Download: 15.47 Mbit/s
Upload: 15.05 Mbit/s
Sun Feb 16 02:45:01 CET 2020
Ping: 22.574 ms
Download: 8.91 Mbit/s
Upload: 9.04 Mbit/s
Sun Feb 16 03:45:01 CET 2020
Ping: 20.945 ms
Download: 12.02 Mbit/s
Upload: 2.32 Mbit/s
Sun Feb 16 04:45:01 CET 2020
Ping: 21.885 ms
Download: 11.52 Mbit/s
Upload: 11.79 Mbit/s
Sun Feb 16 05:45:01 CET 2020
Ping: 21.914 ms
Download: 12.02 Mbit/s
Upload: 12.11 Mbit/s
Sun Feb 16 06:45:01 CET 2020
Ping: 21.545 ms
Download: 12.27 Mbit/s
Upload: 9.43 Mbit/s
Sun Feb 16 07:45:01 CET 2020
Ping: 20.548 ms
Download: 17.59 Mbit/s
Upload: 11.38 Mbit/s
Sun Feb 16 08:45:01 CET 2020
Ping: 23.047 ms
Download: 7.93 Mbit/s
Upload: 7.02 Mbit/s
Sun Feb 16 09:45:01 CET 2020
Ping: 21.108 ms
Download: 19.10 Mbit/s
Upload: 11.70 Mbit/s
Sun Feb 16 10:45:02 CET 2020
Ping: 20.606 ms
Download: 10.92 Mbit/s
Upload: 12.72 Mbit/s
Sun Feb 16 11:45:01 CET 2020
Ping: 21.608 ms
Download: 15.02 Mbit/s
Upload: 11.94 Mbit/s
Sun Feb 16 12:45:01 CET 2020
Ping: 22.397 ms
Download: 8.37 Mbit/s
Upload: 6.17 Mbit/s
Sun Feb 16 13:45:01 CET 2020
Ping: 21.272 ms
Download: 212.84 Mbit/s
Upload: 19.29 Mbit/s
Sun Feb 16 14:45:01 CET 2020
Ping: 21.244 ms
Download: 9.27 Mbit/s
Upload: 5.42 Mbit/s
Sun Feb 16 15:45:01 CET 2020
Ping: 22.702 ms
Download: 7.89 Mbit/s
Upload: 5.65 Mbit/s
Sun Feb 16 16:45:01 CET 2020
Ping: 22.135 ms
Download: 18.88 Mbit/s
Upload: 14.38 Mbit/s
Sun Feb 16 17:45:01 CET 2020
Ping: 22.507 ms
Download: 17.68 Mbit/s
Upload: 12.40 Mbit/s
Sun Feb 16 18:45:01 CET 2020
Ping: 21.866 ms
Download: 9.73 Mbit/s
Upload: 9.30 Mbit/s
Sun Feb 16 19:45:01 CET 2020
Ping: 21.844 ms
Download: 9.49 Mbit/s
Upload: 1.77 Mbit/s
Sun Feb 16 20:45:01 CET 2020
Ping: 22.727 ms
Download: 18.82 Mbit/s
Upload: 14.33 Mbit/s
Sun Feb 16 21:45:01 CET 2020
Ping: 24.19 ms
Download: 238.39 Mbit/s
Upload: 19.66 Mbit/s
Sun Feb 16 22:45:02 CET 2020
Ping: 23.198 ms
Download: 18.75 Mbit/s
Upload: 13.48 Mbit/s
Sun Feb 16 23:45:01 CET 2020
Ping: 20.456 ms
Download: 9.20 Mbit/s
Upload: 4.94 Mbit/s
Mon Feb 17 00:45:01 CET 2020
Ping: 20.722 ms
Download: 14.10 Mbit/s
Upload: 10.36 Mbit/s
Mon Feb 17 01:45:01 CET 2020
Ping: 22.099 ms
Download: 12.65 Mbit/s
Upload: 8.66 Mbit/s
Mon Feb 17 02:45:01 CET 2020
Ping: 22.533 ms
Download: 16.18 Mbit/s
Upload: 12.18 Mbit/s
Mon Feb 17 03:45:01 CET 2020
Ping: 23.314 ms
Download: 243.46 Mbit/s
Upload: 19.70 Mbit/s
Mon Feb 17 04:45:01 CET 2020
Ping: 22.283 ms
Download: 12.41 Mbit/s
Upload: 8.54 Mbit/s
Mon Feb 17 05:45:02 CET 2020
Ping: 22.106 ms
Download: 12.86 Mbit/s
Upload: 10.03 Mbit/s
Mon Feb 17 06:45:01 CET 2020
Ping: 20.635 ms
Download: 29.08 Mbit/s
Upload: 15.89 Mbit/s
Mon Feb 17 07:45:01 CET 2020
Ping: 23.946 ms
Download: 241.81 Mbit/s
Upload: 19.37 Mbit/s
Mon Feb 17 08:45:01 CET 2020
Ping: 23.382 ms
Download: 23.22 Mbit/s
Upload: 14.34 Mbit/s
Mon Feb 17 09:45:01 CET 2020
Ping: 23.883 ms
Download: 329.93 Mbit/s
Upload: 19.31 Mbit/s
Mon Feb 17 10:45:01 CET 2020
Ping: 23.044 ms
Download: 7.22 Mbit/s
Upload: 7.18 Mbit/s
Mon Feb 17 11:45:01 CET 2020
Ping: 20.979 ms
Download: 14.95 Mbit/s
Upload: 8.17 Mbit/s
Mon Feb 17 12:45:01 CET 2020
Ping: 21.47 ms
Download: 8.31 Mbit/s
Upload: 7.33 Mbit/s
Mon Feb 17 13:45:01 CET 2020
Ping: 23.338 ms
Download: 21.00 Mbit/s
Upload: 18.95 Mbit/s
Mon Feb 17 14:45:01 CET 2020
Ping: 23.406 ms
Download: 16.59 Mbit/s
Upload: 12.03 Mbit/s
Mon Feb 17 15:45:01 CET 2020
Ping: 23.477 ms
Download: 232.68 Mbit/s
Upload: 19.21 Mbit/s
Mon Feb 17 16:45:01 CET 2020
Ping: 21.496 ms
Download: 9.41 Mbit/s
Upload: 12.12 Mbit/s
Mon Feb 17 17:45:01 CET 2020
Ping: 22.438 ms
Download: 9.90 Mbit/s
Upload: 10.88 Mbit/s
Mon Feb 17 18:45:01 CET 2020
Ping: 24.137 ms
Download: 12.53 Mbit/s
Upload: 8.41 Mbit/s
Mon Feb 17 19:45:01 CET 2020
Ping: 25.149 ms
Download: 15.19 Mbit/s
Upload: 10.41 Mbit/s
Mon Feb 17 20:45:01 CET 2020
Ping: 22.352 ms
Download: 8.93 Mbit/s
Upload: 9.79 Mbit/s
Mon Feb 17 21:45:01 CET 2020
Ping: 23.677 ms
Download: 246.45 Mbit/s
Upload: 19.82 Mbit/s
Mon Feb 17 22:45:01 CET 2020
Ping: 21.704 ms
Download: 9.27 Mbit/s
Upload: 8.02 Mbit/s
Mon Feb 17 23:45:01 CET 2020
Ping: 20.187 ms
Download: 12.28 Mbit/s
Upload: 8.04 Mbit/s
Tue Feb 18 00:45:01 CET 2020
Ping: 22.064 ms
Download: 22.55 Mbit/s
Upload: 19.52 Mbit/s
Tue Feb 18 01:45:01 CET 2020
Ping: 21.196 ms
Download: 16.16 Mbit/s
Upload: 5.59 Mbit/s
Tue Feb 18 02:45:01 CET 2020
Ping: 22.454 ms
Download: 17.59 Mbit/s
Upload: 12.61 Mbit/s
Tue Feb 18 03:45:02 CET 2020
Ping: 22.388 ms
Download: 10.26 Mbit/s
Upload: 7.38 Mbit/s
Tue Feb 18 04:45:01 CET 2020
Ping: 22.57 ms
Download: 20.54 Mbit/s
Upload: 14.00 Mbit/s
Tue Feb 18 05:45:01 CET 2020
Ping: 24.866 ms
Download: 10.83 Mbit/s
Upload: 8.33 Mbit/s
Tue Feb 18 06:45:01 CET 2020
Ping: 22.107 ms
Download: 6.23 Mbit/s
Upload: 8.70 Mbit/s
Tue Feb 18 07:45:01 CET 2020
Ping: 23.416 ms
Download: 12.04 Mbit/s
Upload: 11.10 Mbit/s
Tue Feb 18 08:45:01 CET 2020
Ping: 23.287 ms
Download: 228.90 Mbit/s
Upload: 19.40 Mbit/s
Tue Feb 18 09:45:01 CET 2020
Ping: 23.692 ms
Download: 13.41 Mbit/s
Upload: 10.98 Mbit/s
Tue Feb 18 10:45:01 CET 2020
Ping: 20.376 ms
Download: 7.99 Mbit/s
Upload: 8.30 Mbit/s
Tue Feb 18 11:45:01 CET 2020
Ping: 23.339 ms
Download: 203.67 Mbit/s
Upload: 19.24 Mbit/s
Tue Feb 18 12:45:01 CET 2020
Ping: 22.063 ms
Download: 9.09 Mbit/s
Upload: 9.73 Mbit/s
Tue Feb 18 13:45:01 CET 2020
Ping: 23.692 ms
Download: 205.34 Mbit/s
Upload: 19.31 Mbit/s
Tue Feb 18 14:45:01 CET 2020
Ping: 25.521 ms
Download: 227.99 Mbit/s
Upload: 19.37 Mbit/s
Tue Feb 18 15:45:01 CET 2020
Ping: 20.666 ms
Download: 11.38 Mbit/s
Upload: 15.08 Mbit/s
Tue Feb 18 16:45:01 CET 2020
Ping: 24.996 ms
Download: 11.58 Mbit/s
Upload: 7.46 Mbit/s
Tue Feb 18 17:45:01 CET 2020
Ping: 20.74 ms
Download: 12.83 Mbit/s
Upload: 10.89 Mbit/s
Tue Feb 18 18:45:01 CET 2020
Ping: 22.464 ms
Download: 10.39 Mbit/s
Upload: 9.84 Mbit/s
Tue Feb 18 19:45:02 CET 2020
Ping: 21.7 ms
Download: 9.66 Mbit/s
Upload: 15.58 Mbit/s
Tue Feb 18 20:45:01 CET 2020
Ping: 22.869 ms
Download: 284.06 Mbit/s
Upload: 19.29 Mbit/s
Tue Feb 18 21:45:01 CET 2020
Ping: 21.744 ms
Download: 12.05 Mbit/s
Upload: 11.95 Mbit/s
Tue Feb 18 22:45:01 CET 2020
Ping: 22.382 ms
Download: 209.10 Mbit/s
Upload: 19.13 Mbit/s
Tue Feb 18 23:45:01 CET 2020
Ping: 24.885 ms
Download: 221.07 Mbit/s
Upload: 19.71 Mbit/s
Wed Feb 19 00:45:01 CET 2020
Ping: 22.811 ms
Download: 14.72 Mbit/s
Upload: 9.52 Mbit/s
Wed Feb 19 01:45:01 CET 2020
Ping: 21.754 ms
Download: 17.04 Mbit/s
Upload: 9.30 Mbit/s
Wed Feb 19 02:45:01 CET 2020
Ping: 23.318 ms
Download: 22.84 Mbit/s
Upload: 16.92 Mbit/s
Wed Feb 19 03:45:01 CET 2020
Ping: 22.065 ms
Download: 19.37 Mbit/s
Upload: 11.39 Mbit/s
Wed Feb 19 04:45:01 CET 2020
Ping: 20.915 ms
Download: 9.48 Mbit/s
Upload: 11.50 Mbit/s
Wed Feb 19 05:45:01 CET 2020
Ping: 22.754 ms
Download: 258.45 Mbit/s
Upload: 19.51 Mbit/s
Wed Feb 19 06:45:01 CET 2020
Ping: 21.7 ms
Download: 16.06 Mbit/s
Upload: 2.51 Mbit/s
Wed Feb 19 07:45:01 CET 2020
Ping: 21.787 ms
Download: 10.51 Mbit/s
Upload: 7.62 Mbit/s
Wed Feb 19 08:45:01 CET 2020
Ping: 21.958 ms
Download: 10.60 Mbit/s
Upload: 10.63 Mbit/s
Wed Feb 19 09:45:01 CET 2020
Ping: 23.295 ms
Download: 17.46 Mbit/s
Upload: 11.40 Mbit/s
Wed Feb 19 10:45:01 CET 2020
Ping: 23.057 ms
Download: 9.78 Mbit/s
Upload: 12.10 Mbit/s
Wed Feb 19 11:45:01 CET 2020
Ping: 22.937 ms
Download: 17.58 Mbit/s
Upload: 14.27 Mbit/s
Wed Feb 19 12:45:01 CET 2020
Ping: 24.337 ms
Download: 9.11 Mbit/s
Upload: 7.60 Mbit/s
Wed Feb 19 13:45:01 CET 2020
Ping: 24.398 ms
Download: 26.58 Mbit/s
Upload: 13.52 Mbit/s
Wed Feb 19 14:45:01 CET 2020
Ping: 22.326 ms
Download: 16.95 Mbit/s
Upload: 18.56 Mbit/s
Wed Feb 19 15:45:01 CET 2020
Ping: 22.365 ms
Download: 24.18 Mbit/s
Upload: 15.34 Mbit/s
Wed Feb 19 16:45:01 CET 2020
Ping: 21.558 ms
Download: 15.53 Mbit/s
Upload: 11.90 Mbit/s
Wed Feb 19 17:45:01 CET 2020
Ping: 23.553 ms
Download: 224.05 Mbit/s
Upload: 19.84 Mbit/s
Wed Feb 19 18:45:01 CET 2020
Ping: 23.708 ms
Download: 211.61 Mbit/s
Upload: 19.33 Mbit/s
Wed Feb 19 19:45:01 CET 2020
Ping: 24.239 ms
Download: 15.29 Mbit/s
Upload: 8.19 Mbit/s
Wed Feb 19 20:45:01 CET 2020
Ping: 23.551 ms
Download: 11.98 Mbit/s
Upload: 1.78 Mbit/s
Wed Feb 19 21:45:01 CET 2020
Ping: 21.451 ms
Download: 11.42 Mbit/s
Upload: 9.14 Mbit/s
Wed Feb 19 22:45:01 CET 2020
Ping: 24.585 ms
Download: 226.74 Mbit/s
Upload: 19.31 Mbit/s
Wed Feb 19 23:45:01 CET 2020
Ping: 22.538 ms
Download: 9.11 Mbit/s
Upload: 9.36 Mbit/s
Thu Feb 20 00:45:01 CET 2020
Ping: 23.546 ms
Download: 13.22 Mbit/s
Upload: 17.83 Mbit/s
Thu Feb 20 01:45:01 CET 2020
Ping: 22.299 ms
Download: 14.72 Mbit/s
Upload: 12.54 Mbit/s
Thu Feb 20 02:45:01 CET 2020
Ping: 20.76 ms
Download: 11.18 Mbit/s
Upload: 12.20 Mbit/s
Thu Feb 20 03:45:01 CET 2020
Ping: 22.187 ms
Download: 8.48 Mbit/s
Upload: 6.91 Mbit/s
Thu Feb 20 04:45:01 CET 2020
Ping: 21.851 ms
Download: 12.87 Mbit/s
Upload: 13.10 Mbit/s
Thu Feb 20 05:45:01 CET 2020
Ping: 22.55 ms
Download: 9.45 Mbit/s
Upload: 9.06 Mbit/s
Thu Feb 20 06:45:01 CET 2020
Ping: 22.223 ms
Download: 10.32 Mbit/s
Upload: 9.70 Mbit/s
Thu Feb 20 07:45:01 CET 2020
Ping: 22.429 ms
Download: 18.49 Mbit/s
Upload: 9.48 Mbit/s
Thu Feb 20 08:45:01 CET 2020
Ping: 21.73 ms
Download: 14.57 Mbit/s
Upload: 9.45 Mbit/s
Thu Feb 20 09:45:01 CET 2020
Ping: 26.531 ms
Download: 17.79 Mbit/s
Upload: 15.47 Mbit/s
Thu Feb 20 10:45:01 CET 2020
Ping: 20.67 ms
Download: 8.98 Mbit/s
Upload: 6.51 Mbit/s
Thu Feb 20 11:45:01 CET 2020
Ping: 23.996 ms
Download: 10.15 Mbit/s
Upload: 11.40 Mbit/s
Thu Feb 20 12:45:01 CET 2020
Ping: 25.034 ms
Download: 233.00 Mbit/s
Upload: 19.55 Mbit/s
Thu Feb 20 13:45:01 CET 2020
Ping: 21.839 ms
Download: 10.58 Mbit/s
Upload: 10.86 Mbit/s
Thu Feb 20 14:45:01 CET 2020
Ping: 21.196 ms
Download: 11.92 Mbit/s
Upload: 9.31 Mbit/s
Thu Feb 20 15:45:01 CET 2020
Ping: 24.57 ms
Download: 18.06 Mbit/s
Upload: 18.87 Mbit/s
Thu Feb 20 16:45:01 CET 2020
Ping: 23.991 ms
Download: 15.70 Mbit/s
Upload: 2.13 Mbit/s
Thu Feb 20 17:45:01 CET 2020
Ping: 22.237 ms
Download: 10.46 Mbit/s
Upload: 6.18 Mbit/s
Thu Feb 20 18:45:01 CET 2020
Ping: 21.596 ms
Download: 8.87 Mbit/s
Upload: 6.15 Mbit/s
Thu Feb 20 19:45:01 CET 2020
Ping: 21.071 ms
Download: 9.09 Mbit/s
Upload: 10.21 Mbit/s
Thu Feb 20 20:45:01 CET 2020
Ping: 22.556 ms
Download: 10.46 Mbit/s
Upload: 12.38 Mbit/s
Thu Feb 20 21:45:01 CET 2020
Ping: 23.495 ms
Download: 17.20 Mbit/s
Upload: 11.25 Mbit/s
Thu Feb 20 22:45:01 CET 2020
Ping: 22.39 ms
Download: 9.66 Mbit/s
Upload: 6.30 Mbit/s
Thu Feb 20 23:45:01 CET 2020
Ping: 22.881 ms
Download: 23.15 Mbit/s
Upload: 16.18 Mbit/s
Fri Feb 21 00:45:01 CET 2020
Ping: 21.607 ms
Download: 14.41 Mbit/s
Upload: 14.70 Mbit/s
Fri Feb 21 01:45:01 CET 2020
Ping: 22.469 ms
Download: 11.60 Mbit/s
Upload: 8.76 Mbit/s
Fri Feb 21 02:45:01 CET 2020
Ping: 21.111 ms
Download: 17.02 Mbit/s
Upload: 12.37 Mbit/s
Fri Feb 21 03:45:01 CET 2020
Ping: 21.338 ms
Download: 16.05 Mbit/s
Upload: 6.87 Mbit/s
Fri Feb 21 04:45:02 CET 2020
Ping: 22.43 ms
Download: 9.64 Mbit/s
Upload: 9.00 Mbit/s
Fri Feb 21 05:45:01 CET 2020
Ping: 22.279 ms
Download: 20.52 Mbit/s
Upload: 15.58 Mbit/s
Fri Feb 21 06:45:02 CET 2020
Ping: 23.986 ms
Download: 259.76 Mbit/s
Upload: 19.30 Mbit/s
Fri Feb 21 07:45:01 CET 2020
Ping: 20.553 ms
Download: 12.76 Mbit/s
Upload: 7.33 Mbit/s
Fri Feb 21 08:45:02 CET 2020
Ping: 22.748 ms
Download: 25.43 Mbit/s
Upload: 18.60 Mbit/s
Fri Feb 21 09:45:01 CET 2020
Ping: 22.256 ms
Download: 17.28 Mbit/s
Upload: 13.98 Mbit/s
Fri Feb 21 10:45:01 CET 2020
Ping: 21.724 ms
Download: 213.12 Mbit/s
Upload: 18.85 Mbit/s
Fri Feb 21 11:45:01 CET 2020
Ping: 23.55 ms
Download: 16.42 Mbit/s
Upload: 10.35 Mbit/s
Fri Feb 21 12:45:01 CET 2020
Ping: 22.064 ms
Download: 8.50 Mbit/s
Upload: 8.16 Mbit/s
Fri Feb 21 13:45:01 CET 2020
Ping: 23.061 ms
Download: 18.56 Mbit/s
Upload: 9.05 Mbit/s
Fri Feb 21 14:45:01 CET 2020
Ping: 20.077 ms
Download: 19.45 Mbit/s
Upload: 15.37 Mbit/s
Fri Feb 21 15:45:01 CET 2020
Ping: 24.296 ms
Download: 9.25 Mbit/s
Upload: 10.22 Mbit/s
Fri Feb 21 16:45:01 CET 2020
Ping: 22.201 ms
Download: 10.41 Mbit/s
Upload: 11.79 Mbit/s
Fri Feb 21 17:45:01 CET 2020
Ping: 21.493 ms
Download: 6.96 Mbit/s
Upload: 7.42 Mbit/s
Fri Feb 21 18:45:01 CET 2020
Ping: 24.195 ms
Download: 19.08 Mbit/s
Upload: 12.55 Mbit/s
Fri Feb 21 19:45:01 CET 2020
Ping: 25.346 ms
Download: 280.30 Mbit/s
Upload: 19.28 Mbit/s
Fri Feb 21 20:45:01 CET 2020
Ping: 21.632 ms
Download: 13.25 Mbit/s
Upload: 2.11 Mbit/s
Fri Feb 21 21:45:01 CET 2020
Ping: 24.453 ms
Download: 247.44 Mbit/s
Upload: 19.50 Mbit/s
Fri Feb 21 22:45:01 CET 2020
Ping: 23.586 ms
Download: 17.70 Mbit/s
Upload: 10.36 Mbit/s
Fri Feb 21 23:45:01 CET 2020
Ping: 23.567 ms
Download: 14.08 Mbit/s
Upload: 12.50 Mbit/s
Sat Feb 22 00:45:01 CET 2020
Ping: 22.747 ms
Download: 9.00 Mbit/s
Upload: 8.74 Mbit/s
Sat Feb 22 01:45:01 CET 2020
Ping: 20.05 ms
Download: 18.44 Mbit/s
Upload: 11.35 Mbit/s
Sat Feb 22 02:45:01 CET 2020
Ping: 21.21 ms
Download: 252.12 Mbit/s
Upload: 19.54 Mbit/s
Sat Feb 22 03:45:01 CET 2020
Ping: 22.441 ms
Download: 13.90 Mbit/s
Upload: 12.53 Mbit/s
Sat Feb 22 04:45:02 CET 2020
Ping: 22.276 ms
Download: 8.26 Mbit/s
Upload: 11.70 Mbit/s
Sat Feb 22 05:45:01 CET 2020
Ping: 23.898 ms
Download: 14.37 Mbit/s
Upload: 9.36 Mbit/s
Sat Feb 22 06:45:01 CET 2020
Ping: 20.929 ms
Download: 13.77 Mbit/s
Upload: 14.66 Mbit/s
Sat Feb 22 07:45:01 CET 2020
Ping: 24.275 ms
Download: 242.04 Mbit/s
Upload: 18.07 Mbit/s
Sat Feb 22 08:45:01 CET 2020
Ping: 23.086 ms
Download: 15.34 Mbit/s
Upload: 19.15 Mbit/s
Sat Feb 22 09:45:01 CET 2020
Ping: 20.214 ms
Download: 15.38 Mbit/s
Upload: 14.73 Mbit/s
Sat Feb 22 10:45:02 CET 2020
Ping: 21.774 ms
Download: 11.11 Mbit/s
Upload: 11.22 Mbit/s
Sat Feb 22 11:45:01 CET 2020
Ping: 21.185 ms
Download: 8.22 Mbit/s
Upload: 10.01 Mbit/s
Sat Feb 22 12:45:01 CET 2020
Ping: 22.482 ms
Download: 254.54 Mbit/s
Upload: 18.92 Mbit/s
Sat Feb 22 13:45:01 CET 2020
Ping: 21.569 ms
Download: 11.47 Mbit/s
Upload: 6.86 Mbit/s
Sat Feb 22 14:45:01 CET 2020
Ping: 21.714 ms
Download: 14.38 Mbit/s
Upload: 12.64 Mbit/s
Sat Feb 22 15:45:01 CET 2020
Ping: 22.954 ms
Download: 7.23 Mbit/s
Upload: 8.70 Mbit/s
Sat Feb 22 16:45:01 CET 2020
Ping: 22.064 ms
Download: 15.64 Mbit/s
Upload: 9.71 Mbit/s
Sat Feb 22 17:45:01 CET 2020
Ping: 23.767 ms
Download: 13.72 Mbit/s
Upload: 12.05 Mbit/s
Sat Feb 22 18:45:01 CET 2020
Ping: 21.217 ms
Download: 11.55 Mbit/s
Upload: 8.66 Mbit/s
Sat Feb 22 19:45:01 CET 2020
Ping: 23.895 ms
Download: 214.36 Mbit/s
Upload: 19.45 Mbit/s
Sat Feb 22 20:45:01 CET 2020
Ping: 23.981 ms
Download: 10.50 Mbit/s
Upload: 10.04 Mbit/s
Sat Feb 22 21:45:01 CET 2020
Ping: 23.864 ms
Download: 8.78 Mbit/s
Upload: 9.90 Mbit/s
Sat Feb 22 22:45:01 CET 2020
Ping: 21.343 ms
Download: 7.51 Mbit/s
Upload: 9.42 Mbit/s
Sat Feb 22 23:45:02 CET 2020
Ping: 21.885 ms
Download: 16.70 Mbit/s
Upload: 17.21 Mbit/s
Sun Feb 23 00:45:01 CET 2020
Ping: 22.604 ms
Download: 20.71 Mbit/s
Upload: 12.78 Mbit/s
Sun Feb 23 01:45:01 CET 2020
Ping: 22.942 ms
Download: 16.68 Mbit/s
Upload: 14.97 Mbit/s
Sun Feb 23 02:45:01 CET 2020
Ping: 22.34 ms
Download: 279.83 Mbit/s
Upload: 19.34 Mbit/s
Sun Feb 23 03:45:01 CET 2020
Ping: 22.529 ms
Download: 11.04 Mbit/s
Upload: 8.70 Mbit/s
Sun Feb 23 04:45:01 CET 2020
Ping: 23.856 ms
Download: 15.97 Mbit/s
Upload: 13.71 Mbit/s
Sun Feb 23 05:45:01 CET 2020
Ping: 22.257 ms
Download: 203.63 Mbit/s
Upload: 19.31 Mbit/s
Sun Feb 23 06:45:01 CET 2020
Ping: 21.6 ms
Download: 14.70 Mbit/s
Upload: 11.56 Mbit/s
Sun Feb 23 07:45:01 CET 2020
Ping: 24.151 ms
Download: 16.81 Mbit/s
Upload: 13.93 Mbit/s
Sun Feb 23 08:45:01 CET 2020
Ping: 24.536 ms
Download: 15.12 Mbit/s
Upload: 14.53 Mbit/s
Sun Feb 23 09:45:01 CET 2020
Ping: 21.609 ms
Download: 15.61 Mbit/s
Upload: 15.03 Mbit/s
Sun Feb 23 10:45:01 CET 2020
Ping: 24.377 ms
Download: 304.33 Mbit/s
Upload: 19.79 Mbit/s
Sun Feb 23 11:45:01 CET 2020
Ping: 26.662 ms
Download: 210.03 Mbit/s
Upload: 19.38 Mbit/s
Sun Feb 23 12:45:01 CET 2020
Ping: 21.075 ms
Download: 19.52 Mbit/s
Upload: 18.92 Mbit/s
Sun Feb 23 13:45:01 CET 2020
Ping: 24.585 ms
Download: 10.84 Mbit/s
Upload: 9.53 Mbit/s
Sun Feb 23 14:45:01 CET 2020
Ping: 21.357 ms
Download: 14.52 Mbit/s
Upload: 17.47 Mbit/s
Sun Feb 23 15:45:01 CET 2020
Ping: 21.952 ms
Download: 17.17 Mbit/s
Upload: 16.55 Mbit/s
Sun Feb 23 16:45:01 CET 2020
Ping: 25.435 ms
Download: 206.37 Mbit/s
Upload: 19.72 Mbit/s
Sun Feb 23 17:45:01 CET 2020
Ping: 25.028 ms
Download: 245.55 Mbit/s
Upload: 19.03 Mbit/s
Sun Feb 23 18:45:01 CET 2020
Ping: 24.008 ms
Download: 230.20 Mbit/s
Upload: 19.72 Mbit/s
Sun Feb 23 19:45:01 CET 2020
Ping: 22.364 ms
Download: 10.92 Mbit/s
Upload: 11.75 Mbit/s
Sun Feb 23 20:45:01 CET 2020
Ping: 21.802 ms
Download: 7.35 Mbit/s
Upload: 10.28 Mbit/s
Sun Feb 23 21:45:01 CET 2020
Ping: 24.045 ms
Download: 10.62 Mbit/s
Upload: 8.51 Mbit/s
Sun Feb 23 22:45:01 CET 2020
Ping: 22.781 ms
Download: 21.33 Mbit/s
Upload: 15.31 Mbit/s
Sun Feb 23 23:45:01 CET 2020
Ping: 23.056 ms
Download: 251.64 Mbit/s
Upload: 18.69 Mbit/s
Mon Feb 24 00:45:01 CET 2020
Ping: 22.423 ms
Download: 15.51 Mbit/s
Upload: 10.96 Mbit/s
Mon Feb 24 01:45:01 CET 2020
Ping: 22.426 ms
Download: 268.45 Mbit/s
Upload: 19.15 Mbit/s
Mon Feb 24 02:45:01 CET 2020
Ping: 22.256 ms
Download: 255.25 Mbit/s
Upload: 19.35 Mbit/s
Mon Feb 24 03:45:01 CET 2020
Ping: 23.114 ms
Download: 19.85 Mbit/s
Upload: 11.84 Mbit/s
Mon Feb 24 04:45:01 CET 2020
Ping: 21.622 ms
Download: 16.27 Mbit/s
Upload: 8.05 Mbit/s
Mon Feb 24 05:45:01 CET 2020
Ping: 22.227 ms
Download: 20.42 Mbit/s
Upload: 13.54 Mbit/s
Mon Feb 24 06:45:01 CET 2020
Ping: 22.205 ms
Download: 14.98 Mbit/s
Upload: 15.52 Mbit/s
Mon Feb 24 07:45:01 CET 2020
Ping: 22.175 ms
Download: 13.39 Mbit/s
Upload: 15.77 Mbit/s
Mon Feb 24 08:45:01 CET 2020
Ping: 23.058 ms
Download: 286.13 Mbit/s
Upload: 19.26 Mbit/s
Mon Feb 24 09:45:01 CET 2020
Ping: 21.119 ms
Download: 17.59 Mbit/s
Upload: 11.89 Mbit/s
Mon Feb 24 10:45:01 CET 2020
Ping: 23.954 ms
Download: 11.73 Mbit/s
Upload: 9.46 Mbit/s
Mon Feb 24 11:45:01 CET 2020
Ping: 22.378 ms
Download: 16.19 Mbit/s
Upload: 10.05 Mbit/s
Mon Feb 24 12:45:01 CET 2020
Ping: 22.79 ms
Download: 274.40 Mbit/s
Upload: 19.55 Mbit/s
Mon Feb 24 13:45:01 CET 2020
Ping: 22.6 ms
Download: 15.16 Mbit/s
Upload: 11.32 Mbit/s
Mon Feb 24 14:45:01 CET 2020
Ping: 23.252 ms
Download: 222.71 Mbit/s
Upload: 19.31 Mbit/s
Mon Feb 24 15:45:01 CET 2020
Ping: 24.201 ms
Download: 225.30 Mbit/s
Upload: 19.21 Mbit/s
Mon Feb 24 16:45:01 CET 2020
Ping: 24.044 ms
Download: 10.07 Mbit/s
Upload: 7.33 Mbit/s
Mon Feb 24 17:45:01 CET 2020
Ping: 21.501 ms
Download: 12.13 Mbit/s
Upload: 2.49 Mbit/s
Mon Feb 24 18:45:01 CET 2020
Ping: 23.544 ms
Download: 218.62 Mbit/s
Upload: 19.17 Mbit/s
Mon Feb 24 19:45:01 CET 2020
Ping: 21.463 ms
Download: 7.78 Mbit/s
Upload: 3.22 Mbit/s
Mon Feb 24 20:45:01 CET 2020
Ping: 24.047 ms
Download: 8.87 Mbit/s
Upload: 13.00 Mbit/s
Mon Feb 24 21:45:01 CET 2020
Ping: 21.322 ms
Download: 14.13 Mbit/s
Upload: 12.48 Mbit/s
Mon Feb 24 22:45:01 CET 2020
Ping: 24.155 ms
Download: 14.25 Mbit/s
Upload: 7.94 Mbit/s
Mon Feb 24 23:45:01 CET 2020
Ping: 23.024 ms
Download: 13.68 Mbit/s
Upload: 11.51 Mbit/s
Tue Feb 25 00:45:01 CET 2020
Ping: 20.402 ms
Download: 15.80 Mbit/s
Upload: 14.50 Mbit/s
Tue Feb 25 01:45:02 CET 2020
Ping: 20.877 ms
Download: 16.74 Mbit/s
Upload: 15.19 Mbit/s
Tue Feb 25 02:45:01 CET 2020
Ping: 23.015 ms
Download: 7.61 Mbit/s
Upload: 9.76 Mbit/s
Tue Feb 25 03:45:01 CET 2020
Ping: 21.692 ms
Download: 15.10 Mbit/s
Upload: 1.58 Mbit/s
Tue Feb 25 04:45:01 CET 2020
Ping: 22.73 ms
Download: 30.99 Mbit/s
Upload: 19.70 Mbit/s
Tue Feb 25 05:45:01 CET 2020
Ping: 22.12 ms
Download: 8.54 Mbit/s
Upload: 11.35 Mbit/s
Tue Feb 25 06:45:01 CET 2020
Ping: 20.524 ms
Download: 12.77 Mbit/s
Upload: 17.55 Mbit/s
Tue Feb 25 07:45:01 CET 2020
Ping: 20.165 ms
Download: 10.67 Mbit/s
Upload: 12.28 Mbit/s
Tue Feb 25 08:45:01 CET 2020
Ping: 24.602 ms
Download: 211.08 Mbit/s
Upload: 19.39 Mbit/s
Tue Feb 25 09:45:01 CET 2020
Ping: 21.461 ms
Download: 273.49 Mbit/s
Upload: 19.28 Mbit/s
Tue Feb 25 10:45:01 CET 2020
Ping: 22.646 ms
Download: 18.29 Mbit/s
Upload: 8.45 Mbit/s
Tue Feb 25 11:45:01 CET 2020
Ping: 21.934 ms
Download: 10.19 Mbit/s
Upload: 11.27 Mbit/s
Tue Feb 25 12:45:01 CET 2020
Ping: 21.015 ms
Download: 21.88 Mbit/s
Upload: 15.39 Mbit/s
Tue Feb 25 13:45:01 CET 2020
Ping: 22.9 ms
Download: 229.62 Mbit/s
Upload: 19.38 Mbit/s
Tue Feb 25 14:45:01 CET 2020
Ping: 22.899 ms
Download: 10.39 Mbit/s
Upload: 15.71 Mbit/s
Tue Feb 25 15:45:01 CET 2020
Ping: 21.874 ms
Download: 23.60 Mbit/s
Upload: 15.71 Mbit/s
Tue Feb 25 16:45:01 CET 2020
Ping: 21.21 ms
Download: 11.17 Mbit/s
Upload: 11.67 Mbit/s
Tue Feb 25 17:45:02 CET 2020
Ping: 20.397 ms
Download: 9.13 Mbit/s
Upload: 8.25 Mbit/s
Tue Feb 25 18:45:01 CET 2020
Ping: 20.913 ms
Download: 29.75 Mbit/s
Upload: 19.71 Mbit/s
Tue Feb 25 19:45:01 CET 2020
Ping: 23.797 ms
Download: 13.80 Mbit/s
Upload: 13.50 Mbit/s
Tue Feb 25 20:45:01 CET 2020
Ping: 22.998 ms
Download: 259.83 Mbit/s
Upload: 19.24 Mbit/s
Tue Feb 25 21:45:01 CET 2020
Ping: 22.859 ms
Download: 17.29 Mbit/s
Upload: 19.52 Mbit/s
Tue Feb 25 22:45:01 CET 2020
Ping: 22.399 ms
Download: 258.39 Mbit/s
Upload: 19.11 Mbit/s
Tue Feb 25 23:45:01 CET 2020
Ping: 22.298 ms
Download: 21.54 Mbit/s
Upload: 17.12 Mbit/s
Wed Feb 26 00:45:01 CET 2020
Ping: 22.973 ms
Download: 254.48 Mbit/s
Upload: 19.60 Mbit/s
Wed Feb 26 01:45:01 CET 2020
Ping: 23.321 ms
Download: 250.64 Mbit/s
Upload: 19.59 Mbit/s
Wed Feb 26 02:45:01 CET 2020
Ping: 20.229 ms
Download: 15.23 Mbit/s
Upload: 14.75 Mbit/s
Wed Feb 26 03:45:01 CET 2020
Ping: 21.389 ms
Download: 11.20 Mbit/s
Upload: 15.23 Mbit/s
Wed Feb 26 04:45:01 CET 2020
Ping: 22.058 ms
Download: 12.14 Mbit/s
Upload: 13.36 Mbit/s
Wed Feb 26 05:45:01 CET 2020
Ping: 22.074 ms
Download: 16.29 Mbit/s
Upload: 11.28 Mbit/s
Wed Feb 26 06:45:01 CET 2020
Ping: 22.274 ms
Download: 16.77 Mbit/s
Upload: 13.79 Mbit/s
Wed Feb 26 07:45:01 CET 2020
Ping: 22.157 ms
Download: 14.75 Mbit/s
Upload: 15.87 Mbit/s
Wed Feb 26 08:45:01 CET 2020
Ping: 21.884 ms
Download: 22.45 Mbit/s
Upload: 10.07 Mbit/s
Wed Feb 26 09:45:01 CET 2020
Ping: 23.508 ms
Download: 15.14 Mbit/s
Upload: 17.09 Mbit/s
Wed Feb 26 10:45:01 CET 2020
Ping: 22.931 ms
Download: 226.35 Mbit/s
Upload: 19.27 Mbit/s
Wed Feb 26 11:45:01 CET 2020
Ping: 21.195 ms
Download: 14.18 Mbit/s
Upload: 14.81 Mbit/s
Wed Feb 26 12:45:01 CET 2020
Ping: 20.55 ms
Download: 10.61 Mbit/s
Upload: 12.58 Mbit/s
Wed Feb 26 13:45:01 CET 2020
Ping: 22.024 ms
Download: 32.97 Mbit/s
Upload: 19.66 Mbit/s
Wed Feb 26 14:45:01 CET 2020
Ping: 20.879 ms
Download: 235.09 Mbit/s
Upload: 19.81 Mbit/s
Wed Feb 26 15:45:01 CET 2020
Ping: 23.925 ms
Download: 219.87 Mbit/s
Upload: 19.30 Mbit/s
Wed Feb 26 16:45:01 CET 2020
Ping: 21.016 ms
Download: 15.20 Mbit/s
Upload: 4.17 Mbit/s
Wed Feb 26 17:45:01 CET 2020
Ping: 24.575 ms
Download: 225.87 Mbit/s
Upload: 19.32 Mbit/s
Wed Feb 26 18:45:01 CET 2020
Ping: 24.872 ms
Download: 7.97 Mbit/s
Upload: 6.95 Mbit/s
Wed Feb 26 19:45:02 CET 2020
Ping: 22.696 ms
Download: 16.63 Mbit/s
Upload: 13.94 Mbit/s
Wed Feb 26 20:45:01 CET 2020
Ping: 24.272 ms
Download: 13.21 Mbit/s
Upload: 15.35 Mbit/s
Wed Feb 26 21:45:02 CET 2020
Ping: 23.211 ms
Download: 11.80 Mbit/s
Upload: 10.61 Mbit/s
Wed Feb 26 22:45:01 CET 2020
Ping: 21.211 ms
Download: 19.29 Mbit/s
Upload: 13.75 Mbit/s
Wed Feb 26 23:45:01 CET 2020
Ping: 23.603 ms
Download: 26.14 Mbit/s
Upload: 15.29 Mbit/s
Thu Feb 27 00:45:01 CET 2020
Ping: 22.073 ms
Download: 19.33 Mbit/s
Upload: 16.55 Mbit/s
Thu Feb 27 01:45:01 CET 2020
Ping: 22.511 ms
Download: 29.75 Mbit/s
Upload: 19.09 Mbit/s
Thu Feb 27 02:45:01 CET 2020
Ping: 20.749 ms
Download: 23.13 Mbit/s
Upload: 14.54 Mbit/s
Thu Feb 27 03:45:01 CET 2020
Ping: 22.424 ms
Download: 220.72 Mbit/s
Upload: 18.84 Mbit/s
Thu Feb 27 04:45:01 CET 2020
Ping: 22.089 ms
Download: 15.24 Mbit/s
Upload: 16.22 Mbit/s
Thu Feb 27 05:45:01 CET 2020
Ping: 21.586 ms
Download: 13.11 Mbit/s
Upload: 10.16 Mbit/s
Thu Feb 27 06:45:02 CET 2020
Ping: 22.966 ms
Download: 12.51 Mbit/s
Upload: 13.74 Mbit/s
Thu Feb 27 07:45:01 CET 2020
Ping: 23.828 ms
Download: 14.36 Mbit/s
Upload: 12.39 Mbit/s
Thu Feb 27 08:45:01 CET 2020
Ping: 21.731 ms
Download: 20.11 Mbit/s
Upload: 13.68 Mbit/s
Thu Feb 27 09:45:02 CET 2020
Ping: 21.441 ms
Download: 18.42 Mbit/s
Upload: 13.75 Mbit/s
Thu Feb 27 10:45:01 CET 2020
Ping: 22.479 ms
Download: 210.08 Mbit/s
Upload: 19.52 Mbit/s
Thu Feb 27 11:45:01 CET 2020
Ping: 24.219 ms
Download: 180.41 Mbit/s
Upload: 19.45 Mbit/s
Thu Feb 27 12:45:01 CET 2020
Ping: 22.881 ms
Download: 13.90 Mbit/s
Upload: 11.77 Mbit/s
Thu Feb 27 13:45:01 CET 2020
Ping: 21.754 ms
Download: 261.55 Mbit/s
Upload: 19.39 Mbit/s
Thu Feb 27 14:45:02 CET 2020
Ping: 21.671 ms
Download: 237.71 Mbit/s
Upload: 19.01 Mbit/s
Thu Feb 27 15:45:02 CET 2020
Ping: 23.278 ms
Download: 16.59 Mbit/s
Upload: 13.20 Mbit/s
Thu Feb 27 16:45:01 CET 2020
Ping: 22.229 ms
Download: 9.02 Mbit/s
Upload: 11.23 Mbit/s
Thu Feb 27 17:45:01 CET 2020
Ping: 21.371 ms
Download: 9.48 Mbit/s
Upload: 1.90 Mbit/s
Thu Feb 27 18:45:02 CET 2020
Ping: 21.196 ms
Download: 15.65 Mbit/s
Upload: 19.71 Mbit/s
Thu Feb 27 19:45:01 CET 2020
Ping: 21.584 ms
Download: 26.19 Mbit/s
Upload: 17.40 Mbit/s
Thu Feb 27 20:45:01 CET 2020
Ping: 23.467 ms
Download: 17.49 Mbit/s
Upload: 4.12 Mbit/s
Thu Feb 27 21:45:01 CET 2020
Ping: 22.71 ms
Download: 19.08 Mbit/s
Upload: 10.97 Mbit/s
Thu Feb 27 22:45:01 CET 2020
Ping: 23.387 ms
Download: 21.38 Mbit/s
Upload: 19.21 Mbit/s
Thu Feb 27 23:45:01 CET 2020
Ping: 24.481 ms
Download: 215.80 Mbit/s
Upload: 19.65 Mbit/s
Fri Feb 28 00:45:01 CET 2020
Ping: 22.774 ms
Download: 6.70 Mbit/s
Upload: 7.17 Mbit/s
Fri Feb 28 01:45:01 CET 2020
Ping: 22.238 ms
Download: 20.56 Mbit/s
Upload: 15.24 Mbit/s
Fri Feb 28 02:45:01 CET 2020
Ping: 22.057 ms
Download: 215.22 Mbit/s
Upload: 19.58 Mbit/s
Fri Feb 28 03:45:01 CET 2020
Ping: 21.017 ms
Download: 22.82 Mbit/s
Upload: 14.20 Mbit/s
Fri Feb 28 04:45:01 CET 2020
Ping: 21.717 ms
Download: 25.51 Mbit/s
Upload: 16.52 Mbit/s
Fri Feb 28 05:45:01 CET 2020
Ping: 20.568 ms
Download: 18.66 Mbit/s
Upload: 15.72 Mbit/s
Fri Feb 28 06:45:01 CET 2020
Ping: 20.406 ms
Download: 10.87 Mbit/s
Upload: 16.05 Mbit/s
Fri Feb 28 07:45:01 CET 2020
Ping: 20.722 ms
Download: 16.66 Mbit/s
Upload: 11.07 Mbit/s
Fri Feb 28 08:45:01 CET 2020
Ping: 21.465 ms
Download: 13.97 Mbit/s
Upload: 16.02 Mbit/s
Fri Feb 28 09:45:01 CET 2020
Ping: 22.646 ms
Download: 11.80 Mbit/s
Upload: 14.71 Mbit/s
Fri Feb 28 10:45:01 CET 2020
Ping: 24.415 ms
Download: 237.85 Mbit/s
Upload: 19.51 Mbit/s
Fri Feb 28 11:45:01 CET 2020
Ping: 20.385 ms
Download: 15.43 Mbit/s
Upload: 12.96 Mbit/s
Fri Feb 28 12:45:01 CET 2020
Ping: 22.637 ms
Download: 23.77 Mbit/s
Upload: 14.86 Mbit/s
Fri Feb 28 13:45:01 CET 2020
Ping: 20.189 ms
Download: 12.91 Mbit/s
Upload: 12.66 Mbit/s
Fri Feb 28 14:45:02 CET 2020
Ping: 21.275 ms
Download: 13.48 Mbit/s
Upload: 10.14 Mbit/s
Fri Feb 28 15:45:01 CET 2020
Ping: 21.963 ms
Download: 246.16 Mbit/s
Upload: 19.19 Mbit/s
Fri Feb 28 16:45:01 CET 2020
Ping: 22.441 ms
Download: 15.67 Mbit/s
Upload: 15.88 Mbit/s
Fri Feb 28 17:45:01 CET 2020
Ping: 22.903 ms
Download: 15.28 Mbit/s
Upload: 13.70 Mbit/s
Fri Feb 28 18:45:01 CET 2020
Ping: 20.891 ms
Download: 10.95 Mbit/s
Upload: 11.78 Mbit/s
Fri Feb 28 19:45:01 CET 2020
Ping: 25.106 ms
Download: 221.94 Mbit/s
Upload: 19.42 Mbit/s
Fri Feb 28 20:45:01 CET 2020
Ping: 22.05 ms
Download: 10.99 Mbit/s
Upload: 12.76 Mbit/s
Fri Feb 28 21:45:01 CET 2020
Ping: 22.272 ms
Download: 10.21 Mbit/s
Upload: 15.40 Mbit/s
Fri Feb 28 22:45:01 CET 2020
Ping: 21.868 ms
Download: 12.50 Mbit/s
Upload: 7.84 Mbit/s
Fri Feb 28 23:45:01 CET 2020
Ping: 24.568 ms
Download: 282.22 Mbit/s
Upload: 19.72 Mbit/s
Sat Feb 29 00:45:01 CET 2020
Ping: 22.755 ms
Download: 281.78 Mbit/s
Upload: 19.78 Mbit/s
Sat Feb 29 01:45:01 CET 2020
Ping: 22.046 ms
Download: 14.55 Mbit/s
Upload: 10.32 Mbit/s
Sat Feb 29 02:45:01 CET 2020
Ping: 21.22 ms
Download: 14.70 Mbit/s
Upload: 2.32 Mbit/s
Sat Feb 29 03:45:01 CET 2020
Ping: 21.4 ms
Download: 13.08 Mbit/s
Upload: 10.20 Mbit/s
Sat Feb 29 04:45:01 CET 2020
Ping: 21.778 ms
Download: 22.62 Mbit/s
Upload: 15.44 Mbit/s
Sat Feb 29 05:45:01 CET 2020
Ping: 20.06 ms
Download: 15.91 Mbit/s
Upload: 12.10 Mbit/s
Sat Feb 29 06:45:01 CET 2020
Ping: 20.389 ms
Download: 24.38 Mbit/s
Upload: 11.53 Mbit/s
Sat Feb 29 07:45:01 CET 2020
Ping: 21.207 ms
Download: 8.85 Mbit/s
Upload: 9.11 Mbit/s
Sat Feb 29 08:45:01 CET 2020
Ping: 21.723 ms
Download: 12.53 Mbit/s
Upload: 13.71 Mbit/s
Sat Feb 29 09:45:01 CET 2020
Ping: 23.083 ms
Download: 20.25 Mbit/s
Upload: 10.95 Mbit/s
Sat Feb 29 10:45:02 CET 2020
Ping: 21.448 ms
Download: 11.24 Mbit/s
Upload: 12.82 Mbit/s
Sat Feb 29 11:45:01 CET 2020
Ping: 22.881 ms
Download: 241.87 Mbit/s
Upload: 19.14 Mbit/s
Sat Feb 29 12:45:01 CET 2020
Ping: 22.978 ms
Download: 12.08 Mbit/s
Upload: 13.22 Mbit/s
Sat Feb 29 13:45:01 CET 2020
Ping: 24.286 ms
Download: 213.84 Mbit/s
Upload: 19.78 Mbit/s
Sat Feb 29 14:45:01 CET 2020
Ping: 22.091 ms
Download: 9.15 Mbit/s
Upload: 10.17 Mbit/s
Sat Feb 29 15:45:01 CET 2020
Ping: 23.386 ms
Download: 16.88 Mbit/s
Upload: 19.52 Mbit/s
Sat Feb 29 16:45:02 CET 2020
Ping: 20.908 ms
Download: 15.53 Mbit/s
Upload: 15.43 Mbit/s
Sat Feb 29 17:45:01 CET 2020
Ping: 21.008 ms
Download: 9.12 Mbit/s
Upload: 9.04 Mbit/s
Sat Feb 29 18:45:01 CET 2020
Ping: 21.254 ms
Download: 15.06 Mbit/s
Upload: 13.44 Mbit/s
Sat Feb 29 19:45:02 CET 2020
Ping: 23.367 ms
Download: 218.09 Mbit/s
Upload: 19.65 Mbit/s
Sat Feb 29 20:45:01 CET 2020
Ping: 22.44 ms
Download: 8.45 Mbit/s
Upload: 9.13 Mbit/s
Sat Feb 29 21:45:01 CET 2020
Ping: 22.974 ms
Download: 9.68 Mbit/s
Upload: 10.82 Mbit/s
Sat Feb 29 22:45:01 CET 2020
Ping: 26.402 ms
Download: 219.90 Mbit/s
Upload: 19.45 Mbit/s
Sat Feb 29 23:45:01 CET 2020
Ping: 21.568 ms
Download: 13.34 Mbit/s
Upload: 8.35 Mbit/s
