Wed Jul  1 00:45:01 CEST 2020
Ping: 22.68 ms
Download: 246.04 Mbit/s
Upload: 19.43 Mbit/s
Wed Jul  1 01:45:01 CEST 2020
Ping: 20.453 ms
Download: 228.61 Mbit/s
Upload: 19.85 Mbit/s
Wed Jul  1 02:45:01 CEST 2020
Ping: 21.593 ms
Download: 122.42 Mbit/s
Upload: 19.37 Mbit/s
Wed Jul  1 03:45:01 CEST 2020
Ping: 20.386 ms
Download: 258.31 Mbit/s
Upload: 19.79 Mbit/s
Wed Jul  1 04:45:01 CEST 2020
Ping: 22.435 ms
Download: 184.52 Mbit/s
Upload: 19.63 Mbit/s
Wed Jul  1 05:45:01 CEST 2020
Ping: 21.433 ms
Download: 238.54 Mbit/s
Upload: 19.67 Mbit/s
Wed Jul  1 06:45:01 CEST 2020
Ping: 22.837 ms
Download: 229.98 Mbit/s
Upload: 19.58 Mbit/s
Wed Jul  1 07:45:01 CEST 2020
Ping: 22.211 ms
Download: 192.40 Mbit/s
Upload: 18.12 Mbit/s
Wed Jul  1 08:45:01 CEST 2020
Ping: 21.92 ms
Download: 347.54 Mbit/s
Upload: 19.59 Mbit/s
Wed Jul  1 09:45:01 CEST 2020
Ping: 22.899 ms
Download: 233.24 Mbit/s
Upload: 19.57 Mbit/s
Wed Jul  1 10:45:01 CEST 2020
Ping: 23.936 ms
Download: 269.63 Mbit/s
Upload: 19.37 Mbit/s
Wed Jul  1 11:45:01 CEST 2020
Ping: 23.675 ms
Download: 241.97 Mbit/s
Upload: 19.51 Mbit/s
Wed Jul  1 12:45:01 CEST 2020
Ping: 20.225 ms
Download: 257.57 Mbit/s
Upload: 19.64 Mbit/s
Wed Jul  1 13:45:01 CEST 2020
Ping: 23.907 ms
Download: 262.07 Mbit/s
Upload: 19.82 Mbit/s
Wed Jul  1 14:45:01 CEST 2020
Ping: 22.044 ms
Download: 272.23 Mbit/s
Upload: 19.23 Mbit/s
Wed Jul  1 15:45:01 CEST 2020
Ping: 23.923 ms
Download: 220.86 Mbit/s
Upload: 19.49 Mbit/s
Wed Jul  1 16:45:01 CEST 2020
Ping: 22.802 ms
Download: 219.19 Mbit/s
Upload: 19.33 Mbit/s
Wed Jul  1 17:45:01 CEST 2020
Ping: 22.721 ms
Download: 237.73 Mbit/s
Upload: 19.23 Mbit/s
Wed Jul  1 18:45:01 CEST 2020
Ping: 22.359 ms
Download: 117.22 Mbit/s
Upload: 19.72 Mbit/s
Wed Jul  1 19:45:01 CEST 2020
Ping: 22.554 ms
Download: 126.44 Mbit/s
Upload: 19.55 Mbit/s
Wed Jul  1 20:45:01 CEST 2020
Ping: 22.228 ms
Download: 247.35 Mbit/s
Upload: 19.38 Mbit/s
Wed Jul  1 21:45:01 CEST 2020
Ping: 23.632 ms
Download: 140.03 Mbit/s
Upload: 18.98 Mbit/s
Wed Jul  1 22:45:01 CEST 2020
Ping: 23.23 ms
Download: 215.90 Mbit/s
Upload: 19.83 Mbit/s
Wed Jul  1 23:45:01 CEST 2020
Ping: 20.726 ms
Download: 257.38 Mbit/s
Upload: 19.34 Mbit/s
Thu Jul  2 00:45:01 CEST 2020
Ping: 21.744 ms
Download: 295.67 Mbit/s
Upload: 19.65 Mbit/s
Thu Jul  2 01:45:01 CEST 2020
Ping: 23.069 ms
Download: 152.41 Mbit/s
Upload: 19.56 Mbit/s
Thu Jul  2 02:45:01 CEST 2020
Ping: 20.248 ms
Download: 237.09 Mbit/s
Upload: 19.64 Mbit/s
Thu Jul  2 03:45:01 CEST 2020
Ping: 19.922 ms
Download: 200.02 Mbit/s
Upload: 19.79 Mbit/s
Thu Jul  2 04:45:01 CEST 2020
Ping: 22.081 ms
Download: 140.08 Mbit/s
Upload: 19.36 Mbit/s
Thu Jul  2 05:45:01 CEST 2020
Ping: 19.74 ms
Download: 228.74 Mbit/s
Upload: 19.43 Mbit/s
Thu Jul  2 06:45:02 CEST 2020
Ping: 22.094 ms
Download: 206.59 Mbit/s
Upload: 19.49 Mbit/s
Thu Jul  2 07:45:01 CEST 2020
Ping: 23.177 ms
Download: 163.02 Mbit/s
Upload: 19.80 Mbit/s
Thu Jul  2 08:45:02 CEST 2020
Ping: 21.856 ms
Download: 192.10 Mbit/s
Upload: 19.46 Mbit/s
Thu Jul  2 09:45:01 CEST 2020
Ping: 22.188 ms
Download: 109.07 Mbit/s
Upload: 19.61 Mbit/s
Thu Jul  2 10:45:01 CEST 2020
Ping: 23.05 ms
Download: 190.01 Mbit/s
Upload: 19.21 Mbit/s
Thu Jul  2 11:45:01 CEST 2020
Ping: 22.486 ms
Download: 210.56 Mbit/s
Upload: 19.53 Mbit/s
Thu Jul  2 12:45:01 CEST 2020
Ping: 20.08 ms
Download: 246.80 Mbit/s
Upload: 19.71 Mbit/s
Thu Jul  2 13:45:01 CEST 2020
Ping: 22.593 ms
Download: 269.03 Mbit/s
Upload: 18.92 Mbit/s
Thu Jul  2 14:45:01 CEST 2020
Ping: 19.431 ms
Download: 271.22 Mbit/s
Upload: 18.77 Mbit/s
Thu Jul  2 15:45:02 CEST 2020
Ping: 22.161 ms
Download: 284.40 Mbit/s
Upload: 19.53 Mbit/s
Thu Jul  2 16:45:01 CEST 2020
Ping: 24.08 ms
Download: 114.74 Mbit/s
Upload: 19.51 Mbit/s
Thu Jul  2 17:45:01 CEST 2020
Ping: 22.269 ms
Download: 101.66 Mbit/s
Upload: 17.76 Mbit/s
Thu Jul  2 18:45:01 CEST 2020
Ping: 19.395 ms
Download: 201.39 Mbit/s
Upload: 19.66 Mbit/s
Thu Jul  2 19:45:01 CEST 2020
Ping: 21.909 ms
Download: 126.66 Mbit/s
Upload: 19.01 Mbit/s
Thu Jul  2 20:45:01 CEST 2020
Ping: 23.194 ms
Download: 131.07 Mbit/s
Upload: 19.48 Mbit/s
Thu Jul  2 21:45:01 CEST 2020
Ping: 22.915 ms
Download: 274.89 Mbit/s
Upload: 19.71 Mbit/s
Thu Jul  2 22:45:02 CEST 2020
Ping: 22.714 ms
Download: 222.09 Mbit/s
Upload: 19.71 Mbit/s
Thu Jul  2 23:45:01 CEST 2020
Ping: 23.844 ms
Download: 270.55 Mbit/s
Upload: 19.65 Mbit/s
Fri Jul  3 00:45:01 CEST 2020
Ping: 19.406 ms
Download: 221.81 Mbit/s
Upload: 18.94 Mbit/s
Fri Jul  3 01:45:01 CEST 2020
Ping: 20.877 ms
Download: 238.61 Mbit/s
Upload: 19.69 Mbit/s
Fri Jul  3 02:45:01 CEST 2020
Ping: 22.58 ms
Download: 205.02 Mbit/s
Upload: 19.34 Mbit/s
Fri Jul  3 03:45:01 CEST 2020
Ping: 21.071 ms
Download: 258.37 Mbit/s
Upload: 19.71 Mbit/s
Fri Jul  3 04:45:01 CEST 2020
Ping: 22.059 ms
Download: 244.75 Mbit/s
Upload: 19.34 Mbit/s
Fri Jul  3 05:45:01 CEST 2020
Ping: 21.837 ms
Download: 181.10 Mbit/s
Upload: 19.37 Mbit/s
Fri Jul  3 06:45:01 CEST 2020
Ping: 19.382 ms
Download: 215.16 Mbit/s
Upload: 19.88 Mbit/s
Fri Jul  3 07:45:01 CEST 2020
Ping: 22.887 ms
Download: 215.63 Mbit/s
Upload: 19.59 Mbit/s
Fri Jul  3 08:45:01 CEST 2020
Ping: 22.19 ms
Download: 290.52 Mbit/s
Upload: 19.58 Mbit/s
Fri Jul  3 09:45:01 CEST 2020
Ping: 22.171 ms
Download: 117.19 Mbit/s
Upload: 19.43 Mbit/s
Fri Jul  3 10:45:01 CEST 2020
Ping: 22.733 ms
Download: 104.99 Mbit/s
Upload: 18.99 Mbit/s
Fri Jul  3 11:45:01 CEST 2020
Ping: 21.424 ms
Download: 280.29 Mbit/s
Upload: 19.58 Mbit/s
Fri Jul  3 12:45:01 CEST 2020
Ping: 24.529 ms
Download: 267.32 Mbit/s
Upload: 19.60 Mbit/s
Fri Jul  3 13:45:01 CEST 2020
Ping: 21.231 ms
Download: 218.58 Mbit/s
Upload: 19.58 Mbit/s
Fri Jul  3 14:45:01 CEST 2020
Ping: 19.92 ms
Download: 252.52 Mbit/s
Upload: 19.56 Mbit/s
Fri Jul  3 15:45:01 CEST 2020
Ping: 22.169 ms
Download: 171.06 Mbit/s
Upload: 19.41 Mbit/s
Fri Jul  3 16:45:01 CEST 2020
Ping: 21.561 ms
Download: 205.45 Mbit/s
Upload: 19.61 Mbit/s
Fri Jul  3 17:45:01 CEST 2020
Ping: 21.06 ms
Download: 159.02 Mbit/s
Upload: 19.30 Mbit/s
Fri Jul  3 18:45:01 CEST 2020
Ping: 20.753 ms
Download: 277.30 Mbit/s
Upload: 19.81 Mbit/s
Fri Jul  3 19:45:01 CEST 2020
Ping: 20.488 ms
Download: 228.98 Mbit/s
Upload: 19.65 Mbit/s
Fri Jul  3 20:45:02 CEST 2020
Ping: 22.417 ms
Download: 238.42 Mbit/s
Upload: 19.66 Mbit/s
Fri Jul  3 21:45:01 CEST 2020
Ping: 20.25 ms
Download: 281.09 Mbit/s
Upload: 19.46 Mbit/s
Fri Jul  3 22:45:01 CEST 2020
Ping: 20.408 ms
Download: 221.22 Mbit/s
Upload: 19.20 Mbit/s
Fri Jul  3 23:45:01 CEST 2020
Ping: 23.922 ms
Download: 327.97 Mbit/s
Upload: 19.64 Mbit/s
Sat Jul  4 00:45:01 CEST 2020
Ping: 19.916 ms
Download: 217.20 Mbit/s
Upload: 19.68 Mbit/s
Sat Jul  4 01:45:02 CEST 2020
Ping: 21.113 ms
Download: 215.89 Mbit/s
Upload: 19.48 Mbit/s
Sat Jul  4 02:45:01 CEST 2020
Ping: 21.878 ms
Download: 193.62 Mbit/s
Upload: 19.77 Mbit/s
Sat Jul  4 03:45:01 CEST 2020
Ping: 20.722 ms
Download: 186.84 Mbit/s
Upload: 19.43 Mbit/s
Sat Jul  4 04:45:01 CEST 2020
Ping: 19.398 ms
Download: 264.98 Mbit/s
Upload: 19.49 Mbit/s
Sat Jul  4 05:45:01 CEST 2020
Ping: 23.128 ms
Download: 191.76 Mbit/s
Upload: 19.84 Mbit/s
Sat Jul  4 06:45:01 CEST 2020
Ping: 20.887 ms
Download: 205.70 Mbit/s
Upload: 19.69 Mbit/s
Sat Jul  4 07:45:01 CEST 2020
Ping: 19.584 ms
Download: 265.22 Mbit/s
Upload: 19.54 Mbit/s
Sat Jul  4 08:45:01 CEST 2020
Ping: 20.384 ms
Download: 198.51 Mbit/s
Upload: 19.73 Mbit/s
Sat Jul  4 09:45:01 CEST 2020
Ping: 21.726 ms
Download: 182.89 Mbit/s
Upload: 19.16 Mbit/s
Sat Jul  4 10:45:02 CEST 2020
Ping: 23.471 ms
Download: 214.41 Mbit/s
Upload: 19.36 Mbit/s
Sat Jul  4 11:45:01 CEST 2020
Ping: 21.56 ms
Download: 171.42 Mbit/s
Upload: 19.13 Mbit/s
Sat Jul  4 12:45:01 CEST 2020
Ping: 20.693 ms
Download: 220.00 Mbit/s
Upload: 19.47 Mbit/s
Sat Jul  4 13:45:01 CEST 2020
Ping: 21.068 ms
Download: 185.89 Mbit/s
Upload: 19.76 Mbit/s
Sat Jul  4 14:45:01 CEST 2020
Ping: 22.611 ms
Download: 235.83 Mbit/s
Upload: 19.51 Mbit/s
Sat Jul  4 15:45:01 CEST 2020
Ping: 20.651 ms
Download: 209.28 Mbit/s
Upload: 19.55 Mbit/s
Sat Jul  4 16:45:01 CEST 2020
Ping: 23.779 ms
Download: 228.59 Mbit/s
Upload: 19.45 Mbit/s
Sat Jul  4 17:45:01 CEST 2020
Ping: 21.139 ms
Download: 309.03 Mbit/s
Upload: 19.50 Mbit/s
Sat Jul  4 18:45:01 CEST 2020
Ping: 20.228 ms
Download: 301.13 Mbit/s
Upload: 19.46 Mbit/s
Sat Jul  4 19:45:01 CEST 2020
Ping: 22.362 ms
Download: 203.94 Mbit/s
Upload: 19.15 Mbit/s
Sat Jul  4 20:45:01 CEST 2020
Ping: 21.047 ms
Download: 194.26 Mbit/s
Upload: 19.57 Mbit/s
Sat Jul  4 21:45:02 CEST 2020
Ping: 21.923 ms
Download: 275.95 Mbit/s
Upload: 19.47 Mbit/s
Sat Jul  4 22:45:01 CEST 2020
Ping: 20.583 ms
Download: 213.47 Mbit/s
Upload: 19.28 Mbit/s
Sat Jul  4 23:45:01 CEST 2020
Ping: 21.565 ms
Download: 273.83 Mbit/s
Upload: 19.51 Mbit/s
Sun Jul  5 00:45:01 CEST 2020
Ping: 19.458 ms
Download: 216.52 Mbit/s
Upload: 19.76 Mbit/s
Sun Jul  5 01:45:01 CEST 2020
Ping: 20.556 ms
Download: 195.45 Mbit/s
Upload: 19.50 Mbit/s
Sun Jul  5 02:45:01 CEST 2020
Ping: 20.257 ms
Download: 203.41 Mbit/s
Upload: 19.68 Mbit/s
Sun Jul  5 03:45:01 CEST 2020
Ping: 21.045 ms
Download: 154.82 Mbit/s
Upload: 19.41 Mbit/s
Sun Jul  5 04:45:01 CEST 2020
Ping: 22.018 ms
Download: 219.99 Mbit/s
Upload: 19.64 Mbit/s
Sun Jul  5 05:45:01 CEST 2020
Ping: 19.883 ms
Download: 213.98 Mbit/s
Upload: 19.59 Mbit/s
Sun Jul  5 06:45:01 CEST 2020
Ping: 20.045 ms
Download: 250.20 Mbit/s
Upload: 19.60 Mbit/s
Sun Jul  5 07:45:01 CEST 2020
Ping: 22.069 ms
Download: 283.40 Mbit/s
Upload: 19.62 Mbit/s
Sun Jul  5 08:45:01 CEST 2020
Ping: 22.183 ms
Download: 178.31 Mbit/s
Upload: 19.60 Mbit/s
Sun Jul  5 09:45:01 CEST 2020
Ping: 21.546 ms
Download: 198.37 Mbit/s
Upload: 19.75 Mbit/s
Sun Jul  5 10:45:01 CEST 2020
Ping: 21.719 ms
Download: 187.20 Mbit/s
Upload: 19.66 Mbit/s
Sun Jul  5 11:45:01 CEST 2020
Ping: 21.595 ms
Download: 297.36 Mbit/s
Upload: 19.69 Mbit/s
Sun Jul  5 12:45:01 CEST 2020
Ping: 21.83 ms
Download: 214.27 Mbit/s
Upload: 19.24 Mbit/s
Sun Jul  5 13:45:01 CEST 2020
Ping: 21.752 ms
Download: 172.65 Mbit/s
Upload: 19.56 Mbit/s
Sun Jul  5 14:45:01 CEST 2020
Ping: 22.822 ms
Download: 189.24 Mbit/s
Upload: 19.39 Mbit/s
Sun Jul  5 15:45:01 CEST 2020
Ping: 20.317 ms
Download: 260.13 Mbit/s
Upload: 19.65 Mbit/s
Sun Jul  5 16:45:01 CEST 2020
Ping: 20.618 ms
Download: 237.25 Mbit/s
Upload: 19.35 Mbit/s
Sun Jul  5 17:45:01 CEST 2020
Ping: 21.086 ms
Download: 195.10 Mbit/s
Upload: 18.84 Mbit/s
Sun Jul  5 18:45:02 CEST 2020
Ping: 21.205 ms
Download: 161.39 Mbit/s
Upload: 19.77 Mbit/s
Sun Jul  5 19:45:01 CEST 2020
Ping: 19.767 ms
Download: 266.23 Mbit/s
Upload: 19.42 Mbit/s
Sun Jul  5 20:45:01 CEST 2020
Ping: 23.27 ms
Download: 150.25 Mbit/s
Upload: 19.68 Mbit/s
Sun Jul  5 21:45:01 CEST 2020
Ping: 27.851 ms
Download: 264.73 Mbit/s
Upload: 19.09 Mbit/s
Sun Jul  5 22:45:01 CEST 2020
Ping: 21.934 ms
Download: 241.55 Mbit/s
Upload: 19.65 Mbit/s
Sun Jul  5 23:45:01 CEST 2020
Ping: 20.214 ms
Download: 215.25 Mbit/s
Upload: 19.76 Mbit/s
Mon Jul  6 00:45:01 CEST 2020
Ping: 20.523 ms
Download: 198.70 Mbit/s
Upload: 19.88 Mbit/s
Mon Jul  6 01:45:01 CEST 2020
Ping: 20.537 ms
Download: 223.54 Mbit/s
Upload: 19.73 Mbit/s
Mon Jul  6 02:45:01 CEST 2020
Ping: 20.747 ms
Download: 182.54 Mbit/s
Upload: 19.79 Mbit/s
Mon Jul  6 03:45:01 CEST 2020
Ping: 21.92 ms
Download: 267.64 Mbit/s
Upload: 19.35 Mbit/s
Mon Jul  6 04:45:01 CEST 2020
Ping: 20.243 ms
Download: 238.09 Mbit/s
Upload: 19.74 Mbit/s
Mon Jul  6 05:45:01 CEST 2020
Ping: 20.572 ms
Download: 219.07 Mbit/s
Upload: 19.83 Mbit/s
Mon Jul  6 06:45:01 CEST 2020
Ping: 20.048 ms
Download: 211.16 Mbit/s
Upload: 19.61 Mbit/s
Mon Jul  6 07:45:01 CEST 2020
Ping: 20.574 ms
Download: 178.84 Mbit/s
Upload: 19.52 Mbit/s
Mon Jul  6 08:45:01 CEST 2020
Ping: 20.381 ms
Download: 94.77 Mbit/s
Upload: 19.58 Mbit/s
Mon Jul  6 09:45:01 CEST 2020
Ping: 22.009 ms
Download: 174.52 Mbit/s
Upload: 19.74 Mbit/s
Mon Jul  6 10:45:01 CEST 2020
Ping: 22.228 ms
Download: 230.30 Mbit/s
Upload: 19.48 Mbit/s
Mon Jul  6 11:45:01 CEST 2020
Ping: 20.088 ms
Download: 280.64 Mbit/s
Upload: 19.35 Mbit/s
Mon Jul  6 12:45:01 CEST 2020
Ping: 20.671 ms
Download: 201.97 Mbit/s
Upload: 19.65 Mbit/s
Mon Jul  6 13:45:01 CEST 2020
Ping: 22.69 ms
Download: 77.26 Mbit/s
Upload: 19.59 Mbit/s
Mon Jul  6 14:45:01 CEST 2020
Ping: 23.579 ms
Download: 339.14 Mbit/s
Upload: 19.47 Mbit/s
Mon Jul  6 15:45:01 CEST 2020
Ping: 19.912 ms
Download: 215.77 Mbit/s
Upload: 19.72 Mbit/s
Mon Jul  6 16:45:01 CEST 2020
Ping: 21.581 ms
Download: 231.95 Mbit/s
Upload: 19.77 Mbit/s
Mon Jul  6 17:45:01 CEST 2020
Ping: 20.399 ms
Download: 205.41 Mbit/s
Upload: 19.86 Mbit/s
Mon Jul  6 18:45:01 CEST 2020
Ping: 20.895 ms
Download: 261.85 Mbit/s
Upload: 19.00 Mbit/s
Mon Jul  6 19:45:01 CEST 2020
Ping: 21.737 ms
Download: 184.05 Mbit/s
Upload: 19.78 Mbit/s
Mon Jul  6 20:45:01 CEST 2020
Ping: 19.518 ms
Download: 204.93 Mbit/s
Upload: 19.51 Mbit/s
Mon Jul  6 21:45:01 CEST 2020
Ping: 21.893 ms
Download: 211.48 Mbit/s
Upload: 19.81 Mbit/s
Mon Jul  6 22:45:01 CEST 2020
Ping: 20.036 ms
Download: 284.07 Mbit/s
Upload: 19.44 Mbit/s
Mon Jul  6 23:45:01 CEST 2020
Ping: 22.129 ms
Download: 220.77 Mbit/s
Upload: 18.85 Mbit/s
Tue Jul  7 00:45:01 CEST 2020
Ping: 20.431 ms
Download: 257.35 Mbit/s
Upload: 19.75 Mbit/s
Tue Jul  7 01:45:01 CEST 2020
Ping: 19.257 ms
Download: 234.78 Mbit/s
Upload: 19.64 Mbit/s
Tue Jul  7 02:45:01 CEST 2020
Ping: 22.364 ms
Download: 233.41 Mbit/s
Upload: 19.75 Mbit/s
Tue Jul  7 03:45:01 CEST 2020
Ping: 22.231 ms
Download: 274.43 Mbit/s
Upload: 19.67 Mbit/s
Tue Jul  7 04:45:01 CEST 2020
Ping: 20.79 ms
Download: 204.87 Mbit/s
Upload: 19.12 Mbit/s
Tue Jul  7 05:45:01 CEST 2020
Ping: 21.078 ms
Download: 235.71 Mbit/s
Upload: 19.32 Mbit/s
Tue Jul  7 06:45:01 CEST 2020
Ping: 19.674 ms
Download: 226.10 Mbit/s
Upload: 19.45 Mbit/s
Tue Jul  7 07:45:01 CEST 2020
Ping: 19.752 ms
Download: 269.87 Mbit/s
Upload: 19.70 Mbit/s
Tue Jul  7 08:45:01 CEST 2020
Ping: 23.211 ms
Download: 211.12 Mbit/s
Upload: 19.28 Mbit/s
Tue Jul  7 09:45:01 CEST 2020
Ping: 20.418 ms
Download: 225.95 Mbit/s
Upload: 19.46 Mbit/s
Tue Jul  7 10:45:01 CEST 2020
Ping: 20.056 ms
Download: 246.07 Mbit/s
Upload: 19.05 Mbit/s
Tue Jul  7 11:45:01 CEST 2020
Ping: 25.564 ms
Download: 191.54 Mbit/s
Upload: 18.84 Mbit/s
Tue Jul  7 12:45:01 CEST 2020
Ping: 22.841 ms
Download: 204.52 Mbit/s
Upload: 19.76 Mbit/s
Tue Jul  7 13:45:01 CEST 2020
Ping: 20.478 ms
Download: 188.38 Mbit/s
Upload: 18.86 Mbit/s
Tue Jul  7 14:45:01 CEST 2020
Ping: 22.466 ms
Download: 188.73 Mbit/s
Upload: 18.57 Mbit/s
Tue Jul  7 15:45:01 CEST 2020
Ping: 22.505 ms
Download: 206.39 Mbit/s
Upload: 19.07 Mbit/s
Tue Jul  7 16:45:01 CEST 2020
Ping: 22.734 ms
Download: 250.18 Mbit/s
Upload: 19.82 Mbit/s
Tue Jul  7 17:45:02 CEST 2020
Ping: 20.918 ms
Download: 201.87 Mbit/s
Upload: 19.65 Mbit/s
Tue Jul  7 18:45:02 CEST 2020
Ping: 20.459 ms
Download: 237.74 Mbit/s
Upload: 19.73 Mbit/s
Tue Jul  7 19:45:01 CEST 2020
Ping: 23.056 ms
Download: 214.09 Mbit/s
Upload: 19.56 Mbit/s
Tue Jul  7 20:45:01 CEST 2020
Ping: 21.676 ms
Download: 221.43 Mbit/s
Upload: 19.42 Mbit/s
Tue Jul  7 21:45:01 CEST 2020
Ping: 20.985 ms
Download: 188.06 Mbit/s
Upload: 19.86 Mbit/s
Tue Jul  7 22:45:01 CEST 2020
Ping: 22.149 ms
Download: 261.32 Mbit/s
Upload: 19.45 Mbit/s
Tue Jul  7 23:45:01 CEST 2020
Ping: 20.045 ms
Download: 281.31 Mbit/s
Upload: 19.61 Mbit/s
Wed Jul  8 00:45:01 CEST 2020
Ping: 20.652 ms
Download: 284.08 Mbit/s
Upload: 19.50 Mbit/s
Wed Jul  8 01:45:02 CEST 2020
Ping: 21.759 ms
Download: 212.53 Mbit/s
Upload: 19.25 Mbit/s
Wed Jul  8 02:45:01 CEST 2020
Ping: 19.843 ms
Download: 290.76 Mbit/s
Upload: 19.83 Mbit/s
Wed Jul  8 03:45:01 CEST 2020
Ping: 22.203 ms
Download: 205.34 Mbit/s
Upload: 19.12 Mbit/s
Wed Jul  8 04:45:01 CEST 2020
Ping: 20.919 ms
Download: 280.25 Mbit/s
Upload: 19.67 Mbit/s
Wed Jul  8 05:45:02 CEST 2020
Ping: 20.74 ms
Download: 295.80 Mbit/s
Upload: 19.28 Mbit/s
Wed Jul  8 06:45:01 CEST 2020
Ping: 21.576 ms
Download: 256.75 Mbit/s
Upload: 19.23 Mbit/s
Wed Jul  8 07:45:01 CEST 2020
Ping: 21.488 ms
Download: 184.93 Mbit/s
Upload: 19.44 Mbit/s
Wed Jul  8 08:45:01 CEST 2020
Ping: 20.263 ms
Download: 236.96 Mbit/s
Upload: 19.70 Mbit/s
Wed Jul  8 09:45:01 CEST 2020
Ping: 21.257 ms
Download: 188.90 Mbit/s
Upload: 19.40 Mbit/s
Wed Jul  8 10:45:01 CEST 2020
Ping: 20.086 ms
Download: 201.11 Mbit/s
Upload: 19.07 Mbit/s
Wed Jul  8 11:45:01 CEST 2020
Ping: 20.443 ms
Download: 239.64 Mbit/s
Upload: 15.87 Mbit/s
Wed Jul  8 12:45:01 CEST 2020
Ping: 21.219 ms
Download: 163.87 Mbit/s
Upload: 19.49 Mbit/s
Wed Jul  8 13:45:01 CEST 2020
Ping: 20.715 ms
Download: 197.43 Mbit/s
Upload: 18.96 Mbit/s
Wed Jul  8 14:45:01 CEST 2020
Ping: 20.851 ms
Download: 185.93 Mbit/s
Upload: 19.66 Mbit/s
Wed Jul  8 15:45:01 CEST 2020
Ping: 22.433 ms
Download: 248.29 Mbit/s
Upload: 19.87 Mbit/s
Wed Jul  8 16:45:01 CEST 2020
Ping: 20.406 ms
Download: 276.25 Mbit/s
Upload: 19.46 Mbit/s
Wed Jul  8 17:45:01 CEST 2020
Ping: 21.646 ms
Download: 247.24 Mbit/s
Upload: 19.66 Mbit/s
Wed Jul  8 18:45:01 CEST 2020
Ping: 22.124 ms
Download: 238.40 Mbit/s
Upload: 19.22 Mbit/s
Wed Jul  8 19:45:01 CEST 2020
Ping: 22.944 ms
Download: 254.52 Mbit/s
Upload: 19.61 Mbit/s
Wed Jul  8 20:45:01 CEST 2020
Ping: 20.112 ms
Download: 237.88 Mbit/s
Upload: 19.62 Mbit/s
Wed Jul  8 21:45:01 CEST 2020
Ping: 23.683 ms
Download: 212.49 Mbit/s
Upload: 19.55 Mbit/s
Wed Jul  8 22:45:02 CEST 2020
Ping: 21.35 ms
Download: 201.24 Mbit/s
Upload: 19.27 Mbit/s
Wed Jul  8 23:45:01 CEST 2020
Ping: 21.114 ms
Download: 290.58 Mbit/s
Upload: 19.72 Mbit/s
Thu Jul  9 00:45:02 CEST 2020
Ping: 23.915 ms
Download: 349.63 Mbit/s
Upload: 19.62 Mbit/s
Thu Jul  9 01:45:01 CEST 2020
Ping: 19.61 ms
Download: 226.66 Mbit/s
Upload: 19.84 Mbit/s
Thu Jul  9 02:45:01 CEST 2020
Ping: 21.002 ms
Download: 230.16 Mbit/s
Upload: 19.65 Mbit/s
Thu Jul  9 03:45:01 CEST 2020
Ping: 20.885 ms
Download: 295.46 Mbit/s
Upload: 19.74 Mbit/s
Thu Jul  9 04:45:01 CEST 2020
Ping: 20.057 ms
Download: 274.92 Mbit/s
Upload: 19.69 Mbit/s
Thu Jul  9 05:45:01 CEST 2020
Ping: 21.397 ms
Download: 235.45 Mbit/s
Upload: 19.73 Mbit/s
Thu Jul  9 06:45:01 CEST 2020
Ping: 20.726 ms
Download: 254.53 Mbit/s
Upload: 19.80 Mbit/s
Thu Jul  9 07:45:01 CEST 2020
Ping: 20.456 ms
Download: 268.59 Mbit/s
Upload: 19.56 Mbit/s
Thu Jul  9 08:45:02 CEST 2020
Ping: 20.255 ms
Download: 180.02 Mbit/s
Upload: 19.38 Mbit/s
Thu Jul  9 09:45:01 CEST 2020
Ping: 22.909 ms
Download: 210.74 Mbit/s
Upload: 19.66 Mbit/s
Thu Jul  9 10:45:01 CEST 2020
Ping: 21.456 ms
Download: 230.53 Mbit/s
Upload: 18.99 Mbit/s
Thu Jul  9 11:45:01 CEST 2020
Ping: 20.054 ms
Download: 208.15 Mbit/s
Upload: 19.43 Mbit/s
Thu Jul  9 12:45:01 CEST 2020
Ping: 19.93 ms
Download: 182.50 Mbit/s
Upload: 19.67 Mbit/s
Thu Jul  9 13:45:01 CEST 2020
Ping: 22.844 ms
Download: 232.83 Mbit/s
Upload: 18.66 Mbit/s
Thu Jul  9 14:45:01 CEST 2020
Ping: 22.876 ms
Download: 218.76 Mbit/s
Upload: 19.66 Mbit/s
Thu Jul  9 15:45:01 CEST 2020
Ping: 21.02 ms
Download: 244.33 Mbit/s
Upload: 19.08 Mbit/s
Thu Jul  9 16:45:02 CEST 2020
Ping: 23.941 ms
Download: 208.12 Mbit/s
Upload: 19.74 Mbit/s
Thu Jul  9 17:45:01 CEST 2020
Ping: 21.571 ms
Download: 236.80 Mbit/s
Upload: 19.60 Mbit/s
Thu Jul  9 18:45:01 CEST 2020
Ping: 20.691 ms
Download: 197.44 Mbit/s
Upload: 18.98 Mbit/s
Thu Jul  9 19:45:01 CEST 2020
Ping: 21.046 ms
Download: 193.73 Mbit/s
Upload: 19.21 Mbit/s
Thu Jul  9 20:45:01 CEST 2020
Ping: 23.355 ms
Download: 192.21 Mbit/s
Upload: 19.72 Mbit/s
Thu Jul  9 21:45:01 CEST 2020
Ping: 19.763 ms
Download: 269.83 Mbit/s
Upload: 19.42 Mbit/s
Thu Jul  9 22:45:01 CEST 2020
Ping: 20.559 ms
Download: 233.72 Mbit/s
Upload: 19.20 Mbit/s
Thu Jul  9 23:45:02 CEST 2020
Ping: 20.932 ms
Download: 169.77 Mbit/s
Upload: 19.24 Mbit/s
Fri Jul 10 00:45:01 CEST 2020
Ping: 20.365 ms
Download: 241.37 Mbit/s
Upload: 19.68 Mbit/s
Fri Jul 10 01:45:01 CEST 2020
Ping: 23.162 ms
Download: 237.78 Mbit/s
Upload: 19.57 Mbit/s
Fri Jul 10 02:45:01 CEST 2020
Ping: 22.928 ms
Download: 193.12 Mbit/s
Upload: 19.81 Mbit/s
Fri Jul 10 03:45:01 CEST 2020
Ping: 19.24 ms
Download: 227.69 Mbit/s
Upload: 19.76 Mbit/s
Fri Jul 10 04:45:01 CEST 2020
Ping: 20.408 ms
Download: 167.90 Mbit/s
Upload: 19.68 Mbit/s
Fri Jul 10 05:45:01 CEST 2020
Ping: 20.637 ms
Download: 102.50 Mbit/s
Upload: 19.77 Mbit/s
Fri Jul 10 06:45:02 CEST 2020
Ping: 20.378 ms
Download: 168.98 Mbit/s
Upload: 14.48 Mbit/s
Fri Jul 10 07:45:01 CEST 2020
Ping: 22.314 ms
Download: 211.26 Mbit/s
Upload: 19.73 Mbit/s
Fri Jul 10 08:45:01 CEST 2020
Ping: 22.215 ms
Download: 161.30 Mbit/s
Upload: 19.65 Mbit/s
Fri Jul 10 09:45:01 CEST 2020
Ping: 19.381 ms
Download: 258.69 Mbit/s
Upload: 19.09 Mbit/s
Fri Jul 10 10:45:01 CEST 2020
Ping: 20.496 ms
Download: 203.06 Mbit/s
Upload: 19.47 Mbit/s
Fri Jul 10 11:45:02 CEST 2020
Ping: 21.081 ms
Download: 353.30 Mbit/s
Upload: 19.62 Mbit/s
Fri Jul 10 12:45:01 CEST 2020
Ping: 20.891 ms
Download: 178.01 Mbit/s
Upload: 19.05 Mbit/s
Fri Jul 10 13:45:01 CEST 2020
Ping: 21.875 ms
Download: 218.69 Mbit/s
Upload: 19.26 Mbit/s
Fri Jul 10 14:45:01 CEST 2020
Ping: 21.571 ms
Download: 233.49 Mbit/s
Upload: 18.92 Mbit/s
Fri Jul 10 15:45:01 CEST 2020
Ping: 23.56 ms
Download: 194.53 Mbit/s
Upload: 17.93 Mbit/s
Fri Jul 10 16:45:01 CEST 2020
Ping: 22.647 ms
Download: 285.35 Mbit/s
Upload: 19.50 Mbit/s
Fri Jul 10 17:45:01 CEST 2020
Ping: 23.487 ms
Download: 249.45 Mbit/s
Upload: 19.11 Mbit/s
Fri Jul 10 18:45:01 CEST 2020
Ping: 22.08 ms
Download: 207.00 Mbit/s
Upload: 19.22 Mbit/s
Fri Jul 10 19:45:01 CEST 2020
Ping: 21.617 ms
Download: 257.90 Mbit/s
Upload: 19.64 Mbit/s
Fri Jul 10 20:45:01 CEST 2020
Ping: 23.049 ms
Download: 170.25 Mbit/s
Upload: 19.19 Mbit/s
Fri Jul 10 21:45:01 CEST 2020
Ping: 22.229 ms
Download: 235.87 Mbit/s
Upload: 19.76 Mbit/s
Fri Jul 10 22:45:01 CEST 2020
Ping: 21.256 ms
Download: 252.91 Mbit/s
Upload: 19.05 Mbit/s
Fri Jul 10 23:45:01 CEST 2020
Ping: 20.256 ms
Download: 271.08 Mbit/s
Upload: 19.64 Mbit/s
Sat Jul 11 00:45:01 CEST 2020
Ping: 20.161 ms
Download: 204.95 Mbit/s
Upload: 19.52 Mbit/s
Sat Jul 11 01:45:01 CEST 2020
Ping: 21.4 ms
Download: 267.16 Mbit/s
Upload: 19.84 Mbit/s
Sat Jul 11 02:45:01 CEST 2020
Ping: 19.738 ms
Download: 215.70 Mbit/s
Upload: 19.73 Mbit/s
Sat Jul 11 03:45:02 CEST 2020
Ping: 22.148 ms
Download: 203.41 Mbit/s
Upload: 19.84 Mbit/s
Sat Jul 11 04:45:01 CEST 2020
Ping: 21.893 ms
Download: 192.27 Mbit/s
Upload: 19.79 Mbit/s
Sat Jul 11 05:45:01 CEST 2020
Ping: 21.95 ms
Download: 200.36 Mbit/s
Upload: 19.22 Mbit/s
Sat Jul 11 06:45:01 CEST 2020
Ping: 22.922 ms
Download: 201.45 Mbit/s
Upload: 19.17 Mbit/s
Sat Jul 11 07:45:01 CEST 2020
Ping: 21.85 ms
Download: 217.93 Mbit/s
Upload: 18.66 Mbit/s
Sat Jul 11 08:45:01 CEST 2020
Ping: 22.842 ms
Download: 194.83 Mbit/s
Upload: 19.68 Mbit/s
Sat Jul 11 09:45:01 CEST 2020
Ping: 21.099 ms
Download: 156.75 Mbit/s
Upload: 19.32 Mbit/s
Sat Jul 11 10:45:01 CEST 2020
Ping: 23.573 ms
Download: 210.27 Mbit/s
Upload: 19.68 Mbit/s
Sat Jul 11 11:45:01 CEST 2020
Ping: 20.376 ms
Download: 182.89 Mbit/s
Upload: 19.21 Mbit/s
Sat Jul 11 12:45:02 CEST 2020
Ping: 21.882 ms
Download: 231.22 Mbit/s
Upload: 19.22 Mbit/s
Sat Jul 11 13:45:01 CEST 2020
Ping: 19.854 ms
Download: 168.09 Mbit/s
Upload: 19.57 Mbit/s
Sat Jul 11 14:45:01 CEST 2020
Ping: 24.715 ms
Download: 233.72 Mbit/s
Upload: 19.82 Mbit/s
Sat Jul 11 15:45:02 CEST 2020
Ping: 22.0 ms
Download: 299.81 Mbit/s
Upload: 19.55 Mbit/s
Sat Jul 11 16:45:01 CEST 2020
Ping: 23.832 ms
Download: 213.14 Mbit/s
Upload: 19.10 Mbit/s
Sat Jul 11 17:45:01 CEST 2020
Ping: 23.815 ms
Download: 154.47 Mbit/s
Upload: 19.64 Mbit/s
Sat Jul 11 18:45:02 CEST 2020
Ping: 22.663 ms
Download: 194.22 Mbit/s
Upload: 19.45 Mbit/s
Sat Jul 11 19:45:01 CEST 2020
Ping: 21.731 ms
Download: 216.78 Mbit/s
Upload: 19.42 Mbit/s
Sat Jul 11 20:45:01 CEST 2020
Ping: 22.718 ms
Download: 218.20 Mbit/s
Upload: 19.34 Mbit/s
Sat Jul 11 21:45:01 CEST 2020
Ping: 22.847 ms
Download: 179.87 Mbit/s
Upload: 19.40 Mbit/s
Sat Jul 11 22:45:01 CEST 2020
Ping: 21.053 ms
Download: 251.80 Mbit/s
Upload: 19.75 Mbit/s
Sat Jul 11 23:45:01 CEST 2020
Ping: 21.561 ms
Download: 272.49 Mbit/s
Upload: 19.60 Mbit/s
Sun Jul 12 00:45:01 CEST 2020
Ping: 20.56 ms
Download: 199.87 Mbit/s
Upload: 19.89 Mbit/s
Sun Jul 12 01:45:01 CEST 2020
Ping: 21.371 ms
Download: 234.32 Mbit/s
Upload: 19.40 Mbit/s
Sun Jul 12 02:45:01 CEST 2020
Ping: 21.401 ms
Download: 215.78 Mbit/s
Upload: 19.05 Mbit/s
Sun Jul 12 03:45:01 CEST 2020
Ping: 19.116 ms
Download: 249.51 Mbit/s
Upload: 19.84 Mbit/s
Sun Jul 12 04:45:01 CEST 2020
Ping: 20.219 ms
Download: 191.19 Mbit/s
Upload: 19.82 Mbit/s
Sun Jul 12 05:45:01 CEST 2020
Ping: 22.079 ms
Download: 226.00 Mbit/s
Upload: 19.73 Mbit/s
Sun Jul 12 06:45:01 CEST 2020
Ping: 19.415 ms
Download: 268.62 Mbit/s
Upload: 19.59 Mbit/s
Sun Jul 12 07:45:01 CEST 2020
Ping: 21.039 ms
Download: 208.43 Mbit/s
Upload: 19.66 Mbit/s
Sun Jul 12 08:45:01 CEST 2020
Ping: 20.712 ms
Download: 281.23 Mbit/s
Upload: 19.73 Mbit/s
Sun Jul 12 09:45:01 CEST 2020
Ping: 21.425 ms
Download: 290.54 Mbit/s
Upload: 19.39 Mbit/s
Sun Jul 12 10:45:01 CEST 2020
Ping: 22.331 ms
Download: 248.44 Mbit/s
Upload: 19.19 Mbit/s
Sun Jul 12 11:45:01 CEST 2020
Ping: 21.202 ms
Download: 201.84 Mbit/s
Upload: 19.73 Mbit/s
Sun Jul 12 12:45:01 CEST 2020
Ping: 20.241 ms
Download: 239.43 Mbit/s
Upload: 19.20 Mbit/s
Sun Jul 12 13:45:01 CEST 2020
Ping: 21.39 ms
Download: 203.55 Mbit/s
Upload: 19.55 Mbit/s
Sun Jul 12 14:45:02 CEST 2020
Ping: 21.756 ms
Download: 257.00 Mbit/s
Upload: 19.51 Mbit/s
Sun Jul 12 15:45:01 CEST 2020
Ping: 22.276 ms
Download: 205.37 Mbit/s
Upload: 19.63 Mbit/s
Sun Jul 12 16:45:01 CEST 2020
Ping: 22.411 ms
Download: 227.10 Mbit/s
Upload: 19.37 Mbit/s
Sun Jul 12 17:45:01 CEST 2020
Ping: 21.887 ms
Download: 184.86 Mbit/s
Upload: 19.54 Mbit/s
Sun Jul 12 18:45:01 CEST 2020
Ping: 21.158 ms
Download: 273.18 Mbit/s
Upload: 19.32 Mbit/s
Sun Jul 12 19:45:01 CEST 2020
Ping: 22.413 ms
Download: 186.84 Mbit/s
Upload: 19.44 Mbit/s
Sun Jul 12 20:45:01 CEST 2020
Ping: 21.899 ms
Download: 173.10 Mbit/s
Upload: 19.45 Mbit/s
Sun Jul 12 21:45:02 CEST 2020
Ping: 21.951 ms
Download: 244.19 Mbit/s
Upload: 19.07 Mbit/s
Sun Jul 12 22:45:01 CEST 2020
Ping: 22.175 ms
Download: 204.79 Mbit/s
Upload: 19.58 Mbit/s
Sun Jul 12 23:45:01 CEST 2020
Ping: 20.894 ms
Download: 204.72 Mbit/s
Upload: 19.22 Mbit/s
Mon Jul 13 00:45:01 CEST 2020
Ping: 20.698 ms
Download: 257.45 Mbit/s
Upload: 19.58 Mbit/s
Mon Jul 13 01:45:02 CEST 2020
Ping: 21.014 ms
Download: 184.28 Mbit/s
Upload: 19.45 Mbit/s
Mon Jul 13 02:45:01 CEST 2020
Ping: 22.386 ms
Download: 191.26 Mbit/s
Upload: 19.77 Mbit/s
Mon Jul 13 03:45:01 CEST 2020
Ping: 19.249 ms
Download: 256.16 Mbit/s
Upload: 19.47 Mbit/s
Mon Jul 13 04:45:01 CEST 2020
Ping: 20.707 ms
Download: 213.16 Mbit/s
Upload: 19.61 Mbit/s
Mon Jul 13 05:45:01 CEST 2020
Ping: 23.331 ms
Download: 210.09 Mbit/s
Upload: 19.87 Mbit/s
Mon Jul 13 06:45:01 CEST 2020
Ping: 20.382 ms
Download: 198.87 Mbit/s
Upload: 19.77 Mbit/s
Mon Jul 13 07:45:02 CEST 2020
Ping: 21.713 ms
Download: 183.95 Mbit/s
Upload: 19.74 Mbit/s
Mon Jul 13 08:45:01 CEST 2020
Ping: 20.215 ms
Download: 217.05 Mbit/s
Upload: 19.44 Mbit/s
Mon Jul 13 09:45:01 CEST 2020
Ping: 23.218 ms
Download: 229.88 Mbit/s
Upload: 19.14 Mbit/s
Mon Jul 13 10:45:01 CEST 2020
Ping: 21.253 ms
Download: 221.67 Mbit/s
Upload: 19.16 Mbit/s
Mon Jul 13 11:45:01 CEST 2020
Ping: 22.582 ms
Download: 251.96 Mbit/s
Upload: 19.72 Mbit/s
Mon Jul 13 12:45:01 CEST 2020
Ping: 19.083 ms
Download: 276.86 Mbit/s
Upload: 19.82 Mbit/s
Mon Jul 13 13:45:01 CEST 2020
Ping: 20.385 ms
Download: 197.23 Mbit/s
Upload: 19.37 Mbit/s
Mon Jul 13 14:45:01 CEST 2020
Ping: 22.392 ms
Download: 293.92 Mbit/s
Upload: 19.45 Mbit/s
Mon Jul 13 15:45:01 CEST 2020
Ping: 19.74 ms
Download: 281.22 Mbit/s
Upload: 19.45 Mbit/s
Mon Jul 13 16:45:01 CEST 2020
Ping: 23.405 ms
Download: 346.90 Mbit/s
Upload: 19.24 Mbit/s
Mon Jul 13 17:45:01 CEST 2020
Ping: 20.238 ms
Download: 186.24 Mbit/s
Upload: 19.05 Mbit/s
Mon Jul 13 18:45:01 CEST 2020
Ping: 21.221 ms
Download: 257.82 Mbit/s
Upload: 19.35 Mbit/s
Mon Jul 13 19:45:01 CEST 2020
Ping: 20.744 ms
Download: 250.98 Mbit/s
Upload: 19.50 Mbit/s
Mon Jul 13 20:45:01 CEST 2020
Ping: 23.804 ms
Download: 199.78 Mbit/s
Upload: 19.12 Mbit/s
Mon Jul 13 21:45:01 CEST 2020
Ping: 23.44 ms
Download: 184.64 Mbit/s
Upload: 19.84 Mbit/s
Mon Jul 13 22:45:01 CEST 2020
Ping: 20.967 ms
Download: 235.51 Mbit/s
Upload: 19.26 Mbit/s
Mon Jul 13 23:45:01 CEST 2020
Ping: 22.411 ms
Download: 208.97 Mbit/s
Upload: 19.63 Mbit/s
Tue Jul 14 00:45:01 CEST 2020
Ping: 19.284 ms
Download: 192.32 Mbit/s
Upload: 19.06 Mbit/s
Tue Jul 14 01:45:01 CEST 2020
Ping: 20.207 ms
Download: 243.34 Mbit/s
Upload: 19.03 Mbit/s
Tue Jul 14 02:45:01 CEST 2020
Ping: 19.896 ms
Download: 194.50 Mbit/s
Upload: 19.80 Mbit/s
Tue Jul 14 03:45:01 CEST 2020
Ping: 19.562 ms
Download: 236.04 Mbit/s
Upload: 19.51 Mbit/s
Tue Jul 14 04:45:01 CEST 2020
Ping: 19.756 ms
Download: 332.56 Mbit/s
Upload: 19.70 Mbit/s
Tue Jul 14 05:45:01 CEST 2020
Ping: 21.249 ms
Download: 285.93 Mbit/s
Upload: 19.62 Mbit/s
Tue Jul 14 06:45:01 CEST 2020
Ping: 20.185 ms
Download: 189.32 Mbit/s
Upload: 19.76 Mbit/s
Tue Jul 14 07:45:01 CEST 2020
Ping: 22.773 ms
Download: 276.05 Mbit/s
Upload: 19.88 Mbit/s
Tue Jul 14 08:45:02 CEST 2020
Ping: 21.713 ms
Download: 192.77 Mbit/s
Upload: 19.68 Mbit/s
Tue Jul 14 09:45:02 CEST 2020
Ping: 20.541 ms
Download: 178.74 Mbit/s
Upload: 19.16 Mbit/s
Tue Jul 14 10:45:01 CEST 2020
Ping: 23.233 ms
Download: 269.84 Mbit/s
Upload: 19.52 Mbit/s
Tue Jul 14 11:45:01 CEST 2020
Ping: 23.173 ms
Download: 257.13 Mbit/s
Upload: 19.64 Mbit/s
Tue Jul 14 12:45:01 CEST 2020
Ping: 23.549 ms
Download: 188.43 Mbit/s
Upload: 19.05 Mbit/s
Tue Jul 14 13:45:01 CEST 2020
Ping: 20.737 ms
Download: 186.15 Mbit/s
Upload: 19.67 Mbit/s
Tue Jul 14 14:45:01 CEST 2020
Ping: 22.105 ms
Download: 266.93 Mbit/s
Upload: 19.47 Mbit/s
Tue Jul 14 15:45:01 CEST 2020
Ping: 26.553 ms
Download: 186.31 Mbit/s
Upload: 19.55 Mbit/s
Tue Jul 14 16:45:01 CEST 2020
Ping: 22.257 ms
Download: 270.92 Mbit/s
Upload: 19.86 Mbit/s
Tue Jul 14 17:45:01 CEST 2020
Ping: 22.656 ms
Download: 175.06 Mbit/s
Upload: 19.59 Mbit/s
Tue Jul 14 18:45:01 CEST 2020
Ping: 19.786 ms
Download: 198.89 Mbit/s
Upload: 19.55 Mbit/s
Tue Jul 14 19:45:01 CEST 2020
Ping: 21.03 ms
Download: 216.54 Mbit/s
Upload: 19.21 Mbit/s
Tue Jul 14 20:45:01 CEST 2020
Ping: 22.041 ms
Download: 202.64 Mbit/s
Upload: 19.45 Mbit/s
Tue Jul 14 21:45:01 CEST 2020
Ping: 22.879 ms
Download: 242.41 Mbit/s
Upload: 19.61 Mbit/s
Tue Jul 14 22:45:01 CEST 2020
Ping: 22.128 ms
Download: 235.02 Mbit/s
Upload: 19.26 Mbit/s
Tue Jul 14 23:45:01 CEST 2020
Ping: 20.241 ms
Download: 192.86 Mbit/s
Upload: 19.10 Mbit/s
Wed Jul 15 00:45:01 CEST 2020
Ping: 21.237 ms
Download: 184.60 Mbit/s
Upload: 19.71 Mbit/s
Wed Jul 15 01:45:01 CEST 2020
Ping: 21.263 ms
Download: 202.68 Mbit/s
Upload: 19.70 Mbit/s
Wed Jul 15 02:45:01 CEST 2020
Ping: 20.562 ms
Download: 236.30 Mbit/s
Upload: 19.13 Mbit/s
Wed Jul 15 03:45:01 CEST 2020
Ping: 20.401 ms
Download: 233.39 Mbit/s
Upload: 19.58 Mbit/s
Wed Jul 15 04:45:01 CEST 2020
Ping: 20.894 ms
Download: 217.08 Mbit/s
Upload: 19.52 Mbit/s
Wed Jul 15 05:45:01 CEST 2020
Ping: 22.223 ms
Download: 252.61 Mbit/s
Upload: 19.26 Mbit/s
Wed Jul 15 06:45:01 CEST 2020
Ping: 20.747 ms
Download: 194.57 Mbit/s
Upload: 19.33 Mbit/s
Wed Jul 15 07:45:02 CEST 2020
Ping: 21.22 ms
Download: 190.07 Mbit/s
Upload: 19.38 Mbit/s
Wed Jul 15 08:45:01 CEST 2020
Ping: 21.31 ms
Download: 290.57 Mbit/s
Upload: 19.64 Mbit/s
Wed Jul 15 09:45:01 CEST 2020
Ping: 22.301 ms
Download: 214.30 Mbit/s
Upload: 19.65 Mbit/s
Wed Jul 15 10:45:01 CEST 2020
Ping: 20.023 ms
Download: 191.49 Mbit/s
Upload: 19.51 Mbit/s
Wed Jul 15 11:45:01 CEST 2020
Ping: 23.003 ms
Download: 197.45 Mbit/s
Upload: 19.29 Mbit/s
Wed Jul 15 12:45:01 CEST 2020
Ping: 21.688 ms
Download: 197.89 Mbit/s
Upload: 19.12 Mbit/s
Wed Jul 15 13:45:01 CEST 2020
Ping: 20.032 ms
Download: 265.84 Mbit/s
Upload: 19.72 Mbit/s
Wed Jul 15 14:45:01 CEST 2020
Ping: 21.56 ms
Download: 183.75 Mbit/s
Upload: 19.62 Mbit/s
Wed Jul 15 15:45:01 CEST 2020
Ping: 21.407 ms
Download: 183.11 Mbit/s
Upload: 19.76 Mbit/s
Wed Jul 15 16:45:01 CEST 2020
Ping: 20.53 ms
Download: 285.34 Mbit/s
Upload: 19.57 Mbit/s
Wed Jul 15 17:45:01 CEST 2020
Ping: 22.701 ms
Download: 315.63 Mbit/s
Upload: 19.35 Mbit/s
Wed Jul 15 18:45:01 CEST 2020
Ping: 22.886 ms
Download: 253.10 Mbit/s
Upload: 19.68 Mbit/s
Wed Jul 15 19:45:01 CEST 2020
Ping: 21.058 ms
Download: 222.92 Mbit/s
Upload: 19.51 Mbit/s
Wed Jul 15 20:45:02 CEST 2020
Ping: 20.034 ms
Download: 187.88 Mbit/s
Upload: 19.78 Mbit/s
Wed Jul 15 21:45:01 CEST 2020
Ping: 22.264 ms
Download: 209.71 Mbit/s
Upload: 19.64 Mbit/s
Wed Jul 15 22:45:01 CEST 2020
Ping: 21.739 ms
Download: 254.89 Mbit/s
Upload: 19.69 Mbit/s
Wed Jul 15 23:45:01 CEST 2020
Ping: 21.554 ms
Download: 219.18 Mbit/s
Upload: 19.73 Mbit/s
Thu Jul 16 00:45:01 CEST 2020
Ping: 20.577 ms
Download: 203.33 Mbit/s
Upload: 19.24 Mbit/s
Thu Jul 16 01:45:01 CEST 2020
Ping: 21.301 ms
Download: 252.81 Mbit/s
Upload: 19.42 Mbit/s
Thu Jul 16 02:45:01 CEST 2020
Ping: 20.563 ms
Download: 258.27 Mbit/s
Upload: 19.29 Mbit/s
Thu Jul 16 03:45:01 CEST 2020
Ping: 20.793 ms
Download: 215.74 Mbit/s
Upload: 19.38 Mbit/s
Thu Jul 16 04:45:01 CEST 2020
Ping: 19.868 ms
Download: 172.68 Mbit/s
Upload: 19.10 Mbit/s
Thu Jul 16 05:45:01 CEST 2020
Ping: 20.961 ms
Download: 308.48 Mbit/s
Upload: 19.42 Mbit/s
Thu Jul 16 06:45:01 CEST 2020
Ping: 20.621 ms
Download: 218.41 Mbit/s
Upload: 19.71 Mbit/s
Thu Jul 16 07:45:01 CEST 2020
Ping: 21.267 ms
Download: 186.20 Mbit/s
Upload: 19.47 Mbit/s
Thu Jul 16 08:45:01 CEST 2020
Ping: 20.199 ms
Download: 270.60 Mbit/s
Upload: 19.81 Mbit/s
Thu Jul 16 09:45:01 CEST 2020
Ping: 21.119 ms
Download: 184.52 Mbit/s
Upload: 19.34 Mbit/s
Thu Jul 16 10:45:01 CEST 2020
Ping: 19.588 ms
Download: 208.55 Mbit/s
Upload: 19.39 Mbit/s
Thu Jul 16 11:45:01 CEST 2020
Ping: 20.559 ms
Download: 183.68 Mbit/s
Upload: 18.95 Mbit/s
Thu Jul 16 12:45:01 CEST 2020
Ping: 21.396 ms
Download: 293.19 Mbit/s
Upload: 18.97 Mbit/s
Thu Jul 16 13:45:01 CEST 2020
Ping: 20.508 ms
Download: 213.99 Mbit/s
Upload: 18.87 Mbit/s
Thu Jul 16 14:45:01 CEST 2020
Ping: 20.567 ms
Download: 204.69 Mbit/s
Upload: 19.32 Mbit/s
Thu Jul 16 15:45:01 CEST 2020
Ping: 22.046 ms
Download: 182.51 Mbit/s
Upload: 19.33 Mbit/s
Thu Jul 16 16:45:01 CEST 2020
Ping: 21.442 ms
Download: 179.42 Mbit/s
Upload: 19.35 Mbit/s
Thu Jul 16 17:45:01 CEST 2020
Ping: 21.009 ms
Download: 170.06 Mbit/s
Upload: 19.76 Mbit/s
Thu Jul 16 18:45:01 CEST 2020
Ping: 19.578 ms
Download: 282.03 Mbit/s
Upload: 19.71 Mbit/s
Thu Jul 16 19:45:01 CEST 2020
Ping: 20.654 ms
Download: 232.31 Mbit/s
Upload: 19.45 Mbit/s
Thu Jul 16 20:45:01 CEST 2020
Ping: 24.915 ms
Download: 245.51 Mbit/s
Upload: 19.44 Mbit/s
Thu Jul 16 21:45:01 CEST 2020
Ping: 23.039 ms
Download: 180.43 Mbit/s
Upload: 19.29 Mbit/s
Thu Jul 16 22:45:01 CEST 2020
Ping: 24.021 ms
Download: 249.00 Mbit/s
Upload: 19.26 Mbit/s
Thu Jul 16 23:45:01 CEST 2020
Ping: 22.083 ms
Download: 231.09 Mbit/s
Upload: 19.06 Mbit/s
Fri Jul 17 00:45:01 CEST 2020
Ping: 20.885 ms
Download: 187.85 Mbit/s
Upload: 19.52 Mbit/s
Fri Jul 17 01:45:01 CEST 2020
Ping: 20.764 ms
Download: 232.84 Mbit/s
Upload: 19.57 Mbit/s
Fri Jul 17 02:45:01 CEST 2020
Ping: 22.051 ms
Download: 260.71 Mbit/s
Upload: 19.64 Mbit/s
Fri Jul 17 03:45:01 CEST 2020
Ping: 21.544 ms
Download: 192.65 Mbit/s
Upload: 19.45 Mbit/s
Fri Jul 17 04:45:01 CEST 2020
Ping: 19.635 ms
Download: 193.62 Mbit/s
Upload: 18.88 Mbit/s
Fri Jul 17 05:45:01 CEST 2020
Ping: 19.899 ms
Download: 206.80 Mbit/s
Upload: 19.44 Mbit/s
Fri Jul 17 06:45:01 CEST 2020
Ping: 21.537 ms
Download: 191.33 Mbit/s
Upload: 19.49 Mbit/s
Fri Jul 17 07:45:01 CEST 2020
Ping: 20.102 ms
Download: 228.32 Mbit/s
Upload: 19.65 Mbit/s
Fri Jul 17 08:45:01 CEST 2020
Ping: 20.067 ms
Download: 244.27 Mbit/s
Upload: 19.60 Mbit/s
Fri Jul 17 09:45:01 CEST 2020
Ping: 21.125 ms
Download: 280.21 Mbit/s
Upload: 19.76 Mbit/s
Fri Jul 17 10:45:01 CEST 2020
Ping: 20.097 ms
Download: 249.02 Mbit/s
Upload: 19.68 Mbit/s
Fri Jul 17 11:45:01 CEST 2020
Ping: 23.772 ms
Download: 303.86 Mbit/s
Upload: 19.58 Mbit/s
Fri Jul 17 12:45:01 CEST 2020
Ping: 23.89 ms
Download: 130.51 Mbit/s
Upload: 14.60 Mbit/s
Fri Jul 17 13:45:01 CEST 2020
Ping: 19.173 ms
Download: 259.20 Mbit/s
Upload: 17.03 Mbit/s
Fri Jul 17 14:45:01 CEST 2020
Ping: 20.386 ms
Download: 167.21 Mbit/s
Upload: 19.17 Mbit/s
Fri Jul 17 15:45:01 CEST 2020
Ping: 20.976 ms
Download: 176.72 Mbit/s
Upload: 18.58 Mbit/s
Fri Jul 17 16:45:01 CEST 2020
Ping: 21.895 ms
Download: 266.42 Mbit/s
Upload: 19.26 Mbit/s
Fri Jul 17 17:45:01 CEST 2020
Ping: 21.406 ms
Download: 181.83 Mbit/s
Upload: 19.50 Mbit/s
Fri Jul 17 18:45:01 CEST 2020
Ping: 21.192 ms
Download: 228.63 Mbit/s
Upload: 19.49 Mbit/s
Fri Jul 17 19:45:01 CEST 2020
Ping: 20.344 ms
Download: 247.77 Mbit/s
Upload: 19.57 Mbit/s
Fri Jul 17 20:45:01 CEST 2020
Ping: 23.59 ms
Download: 265.76 Mbit/s
Upload: 19.62 Mbit/s
Fri Jul 17 21:45:01 CEST 2020
Ping: 21.686 ms
Download: 290.39 Mbit/s
Upload: 19.07 Mbit/s
Fri Jul 17 22:45:01 CEST 2020
Ping: 22.304 ms
Download: 205.16 Mbit/s
Upload: 19.53 Mbit/s
Fri Jul 17 23:45:01 CEST 2020
Ping: 21.967 ms
Download: 301.01 Mbit/s
Upload: 19.33 Mbit/s
Sat Jul 18 00:45:01 CEST 2020
Ping: 20.247 ms
Download: 207.86 Mbit/s
Upload: 19.08 Mbit/s
Sat Jul 18 01:45:02 CEST 2020
Ping: 22.032 ms
Download: 190.84 Mbit/s
Upload: 19.85 Mbit/s
Sat Jul 18 02:45:01 CEST 2020
Ping: 21.436 ms
Download: 218.48 Mbit/s
Upload: 19.73 Mbit/s
Sat Jul 18 03:45:01 CEST 2020
Ping: 19.739 ms
Download: 292.59 Mbit/s
Upload: 19.72 Mbit/s
Sat Jul 18 04:45:01 CEST 2020
Ping: 20.553 ms
Download: 186.00 Mbit/s
Upload: 19.69 Mbit/s
Sat Jul 18 05:45:01 CEST 2020
Ping: 22.237 ms
Download: 197.36 Mbit/s
Upload: 19.79 Mbit/s
Sat Jul 18 06:45:02 CEST 2020
Ping: 22.033 ms
Download: 321.03 Mbit/s
Upload: 19.59 Mbit/s
Sat Jul 18 07:45:01 CEST 2020
Ping: 21.58 ms
Download: 203.87 Mbit/s
Upload: 19.57 Mbit/s
Sat Jul 18 08:45:01 CEST 2020
Ping: 20.178 ms
Download: 268.16 Mbit/s
Upload: 19.89 Mbit/s
Sat Jul 18 09:45:01 CEST 2020
Ping: 23.821 ms
Download: 145.20 Mbit/s
Upload: 19.17 Mbit/s
Sat Jul 18 10:45:01 CEST 2020
Ping: 22.082 ms
Download: 175.03 Mbit/s
Upload: 19.66 Mbit/s
Sat Jul 18 11:45:01 CEST 2020
Ping: 21.396 ms
Download: 195.25 Mbit/s
Upload: 19.23 Mbit/s
Sat Jul 18 12:45:01 CEST 2020
Ping: 23.689 ms
Download: 196.29 Mbit/s
Upload: 19.45 Mbit/s
Sat Jul 18 13:45:01 CEST 2020
Ping: 19.909 ms
Download: 281.52 Mbit/s
Upload: 19.49 Mbit/s
Sat Jul 18 14:45:01 CEST 2020
Ping: 20.599 ms
Download: 212.62 Mbit/s
Upload: 19.70 Mbit/s
Sat Jul 18 15:45:02 CEST 2020
Ping: 21.141 ms
Download: 163.46 Mbit/s
Upload: 19.36 Mbit/s
Sat Jul 18 16:45:01 CEST 2020
Ping: 20.596 ms
Download: 247.14 Mbit/s
Upload: 19.62 Mbit/s
Sat Jul 18 17:45:01 CEST 2020
Ping: 19.761 ms
Download: 267.97 Mbit/s
Upload: 19.52 Mbit/s
Sat Jul 18 18:45:01 CEST 2020
Ping: 21.033 ms
Download: 206.96 Mbit/s
Upload: 19.72 Mbit/s
Sat Jul 18 19:45:01 CEST 2020
Ping: 20.308 ms
Download: 204.35 Mbit/s
Upload: 19.44 Mbit/s
Sat Jul 18 20:45:01 CEST 2020
Ping: 21.208 ms
Download: 217.04 Mbit/s
Upload: 19.70 Mbit/s
Sat Jul 18 21:45:01 CEST 2020
Ping: 23.239 ms
Download: 257.67 Mbit/s
Upload: 19.45 Mbit/s
Sat Jul 18 22:45:01 CEST 2020
Ping: 21.905 ms
Download: 275.86 Mbit/s
Upload: 19.32 Mbit/s
Sat Jul 18 23:45:01 CEST 2020
Ping: 21.074 ms
Download: 226.30 Mbit/s
Upload: 19.45 Mbit/s
Sun Jul 19 00:45:01 CEST 2020
Ping: 23.066 ms
Download: 216.66 Mbit/s
Upload: 19.69 Mbit/s
Sun Jul 19 01:45:01 CEST 2020
Ping: 20.9 ms
Download: 191.57 Mbit/s
Upload: 19.49 Mbit/s
Sun Jul 19 02:45:01 CEST 2020
Ping: 20.218 ms
Download: 286.55 Mbit/s
Upload: 19.41 Mbit/s
Sun Jul 19 03:45:01 CEST 2020
Ping: 19.91 ms
Download: 354.43 Mbit/s
Upload: 19.00 Mbit/s
Sun Jul 19 04:45:01 CEST 2020
Ping: 21.2 ms
Download: 247.47 Mbit/s
Upload: 19.49 Mbit/s
Sun Jul 19 05:45:01 CEST 2020
Ping: 20.992 ms
Download: 233.45 Mbit/s
Upload: 19.71 Mbit/s
Sun Jul 19 06:45:01 CEST 2020
Ping: 22.213 ms
Download: 192.12 Mbit/s
Upload: 19.44 Mbit/s
Sun Jul 19 07:45:01 CEST 2020
Ping: 20.018 ms
Download: 276.39 Mbit/s
Upload: 19.66 Mbit/s
Sun Jul 19 08:45:01 CEST 2020
Ping: 19.57 ms
Download: 236.84 Mbit/s
Upload: 19.56 Mbit/s
Sun Jul 19 09:45:01 CEST 2020
Ping: 22.03 ms
Download: 204.73 Mbit/s
Upload: 19.73 Mbit/s
Sun Jul 19 10:45:01 CEST 2020
Ping: 22.173 ms
Download: 198.60 Mbit/s
Upload: 19.26 Mbit/s
Sun Jul 19 11:45:01 CEST 2020
Ping: 21.235 ms
Download: 203.35 Mbit/s
Upload: 18.40 Mbit/s
Sun Jul 19 12:45:02 CEST 2020
Ping: 23.274 ms
Download: 240.44 Mbit/s
Upload: 19.38 Mbit/s
Sun Jul 19 13:45:01 CEST 2020
Ping: 23.427 ms
Download: 211.58 Mbit/s
Upload: 19.25 Mbit/s
Sun Jul 19 14:45:01 CEST 2020
Ping: 22.054 ms
Download: 210.91 Mbit/s
Upload: 19.74 Mbit/s
Sun Jul 19 15:45:01 CEST 2020
Ping: 21.514 ms
Download: 214.42 Mbit/s
Upload: 19.75 Mbit/s
Sun Jul 19 16:45:01 CEST 2020
Ping: 21.239 ms
Download: 191.39 Mbit/s
Upload: 19.59 Mbit/s
Sun Jul 19 17:45:02 CEST 2020
Ping: 20.234 ms
Download: 289.01 Mbit/s
Upload: 19.60 Mbit/s
Sun Jul 19 18:45:01 CEST 2020
Ping: 22.809 ms
Download: 254.09 Mbit/s
Upload: 19.08 Mbit/s
Sun Jul 19 19:45:01 CEST 2020
Ping: 21.419 ms
Download: 282.39 Mbit/s
Upload: 19.51 Mbit/s
Sun Jul 19 20:45:01 CEST 2020
Ping: 20.727 ms
Download: 280.79 Mbit/s
Upload: 19.67 Mbit/s
Sun Jul 19 21:45:01 CEST 2020
Ping: 21.09 ms
Download: 252.44 Mbit/s
Upload: 19.73 Mbit/s
Sun Jul 19 22:45:01 CEST 2020
Ping: 22.734 ms
Download: 217.65 Mbit/s
Upload: 19.64 Mbit/s
Sun Jul 19 23:45:01 CEST 2020
Ping: 22.747 ms
Download: 259.07 Mbit/s
Upload: 19.35 Mbit/s
Mon Jul 20 00:45:01 CEST 2020
Ping: 23.203 ms
Download: 183.44 Mbit/s
Upload: 19.56 Mbit/s
Mon Jul 20 01:45:01 CEST 2020
Ping: 21.994 ms
Download: 202.56 Mbit/s
Upload: 19.66 Mbit/s
Mon Jul 20 02:45:01 CEST 2020
Ping: 19.078 ms
Download: 214.19 Mbit/s
Upload: 19.52 Mbit/s
Mon Jul 20 03:45:01 CEST 2020
Ping: 19.932 ms
Download: 241.15 Mbit/s
Upload: 19.05 Mbit/s
Mon Jul 20 04:45:01 CEST 2020
Ping: 22.562 ms
Download: 222.92 Mbit/s
Upload: 19.77 Mbit/s
Mon Jul 20 05:45:02 CEST 2020
Ping: 22.93 ms
Download: 193.01 Mbit/s
Upload: 19.13 Mbit/s
Mon Jul 20 06:45:02 CEST 2020
Ping: 22.695 ms
Download: 194.02 Mbit/s
Upload: 19.38 Mbit/s
Mon Jul 20 07:45:01 CEST 2020
Ping: 20.263 ms
Download: 199.13 Mbit/s
Upload: 19.32 Mbit/s
Mon Jul 20 08:45:01 CEST 2020
Ping: 22.826 ms
Download: 232.28 Mbit/s
Upload: 19.39 Mbit/s
Mon Jul 20 09:45:02 CEST 2020
Ping: 21.83 ms
Download: 279.09 Mbit/s
Upload: 19.22 Mbit/s
Mon Jul 20 10:45:01 CEST 2020
Ping: 21.424 ms
Download: 177.91 Mbit/s
Upload: 19.18 Mbit/s
Mon Jul 20 11:45:01 CEST 2020
Ping: 21.258 ms
Download: 286.72 Mbit/s
Upload: 19.00 Mbit/s
Mon Jul 20 12:45:01 CEST 2020
Ping: 21.023 ms
Download: 171.78 Mbit/s
Upload: 19.00 Mbit/s
Mon Jul 20 13:45:01 CEST 2020
Ping: 20.877 ms
Download: 177.30 Mbit/s
Upload: 19.52 Mbit/s
Mon Jul 20 14:45:01 CEST 2020
Ping: 21.029 ms
Download: 223.01 Mbit/s
Upload: 18.90 Mbit/s
Mon Jul 20 15:45:01 CEST 2020
Ping: 21.479 ms
Download: 242.85 Mbit/s
Upload: 19.50 Mbit/s
Mon Jul 20 16:45:01 CEST 2020
Ping: 22.689 ms
Download: 241.81 Mbit/s
Upload: 19.17 Mbit/s
Mon Jul 20 17:45:01 CEST 2020
Ping: 22.036 ms
Download: 255.04 Mbit/s
Upload: 19.59 Mbit/s
Mon Jul 20 18:45:01 CEST 2020
Ping: 21.759 ms
Download: 241.05 Mbit/s
Upload: 18.96 Mbit/s
Mon Jul 20 19:45:01 CEST 2020
Ping: 21.725 ms
Download: 178.20 Mbit/s
Upload: 19.52 Mbit/s
Mon Jul 20 20:45:01 CEST 2020
Ping: 20.558 ms
Download: 207.30 Mbit/s
Upload: 19.19 Mbit/s
Mon Jul 20 21:45:01 CEST 2020
Ping: 21.19 ms
Download: 284.13 Mbit/s
Upload: 19.42 Mbit/s
Mon Jul 20 22:45:01 CEST 2020
Ping: 23.975 ms
Download: 220.60 Mbit/s
Upload: 19.10 Mbit/s
Mon Jul 20 23:45:01 CEST 2020
Ping: 20.709 ms
Download: 181.20 Mbit/s
Upload: 19.42 Mbit/s
Tue Jul 21 00:45:02 CEST 2020
Ping: 22.726 ms
Download: 202.05 Mbit/s
Upload: 19.66 Mbit/s
Tue Jul 21 01:45:01 CEST 2020
Ping: 21.806 ms
Download: 186.83 Mbit/s
Upload: 19.69 Mbit/s
Tue Jul 21 02:45:02 CEST 2020
Ping: 20.904 ms
Download: 181.03 Mbit/s
Upload: 19.81 Mbit/s
Tue Jul 21 03:45:01 CEST 2020
Ping: 20.143 ms
Download: 238.16 Mbit/s
Upload: 19.63 Mbit/s
Tue Jul 21 04:45:01 CEST 2020
Ping: 20.975 ms
Download: 231.38 Mbit/s
Upload: 19.47 Mbit/s
Tue Jul 21 05:45:01 CEST 2020
Ping: 21.909 ms
Download: 209.74 Mbit/s
Upload: 19.23 Mbit/s
Tue Jul 21 06:45:01 CEST 2020
Ping: 20.583 ms
Download: 233.66 Mbit/s
Upload: 19.20 Mbit/s
Tue Jul 21 07:45:01 CEST 2020
Ping: 23.072 ms
Download: 191.79 Mbit/s
Upload: 19.37 Mbit/s
Tue Jul 21 08:45:01 CEST 2020
Ping: 19.367 ms
Download: 271.32 Mbit/s
Upload: 19.56 Mbit/s
Tue Jul 21 09:45:01 CEST 2020
Ping: 22.683 ms
Download: 176.22 Mbit/s
Upload: 19.17 Mbit/s
Tue Jul 21 10:45:01 CEST 2020
Ping: 21.216 ms
Download: 220.06 Mbit/s
Upload: 19.36 Mbit/s
Tue Jul 21 11:45:01 CEST 2020
Ping: 20.149 ms
Download: 222.23 Mbit/s
Upload: 19.64 Mbit/s
Tue Jul 21 12:45:01 CEST 2020
Ping: 20.891 ms
Download: 267.18 Mbit/s
Upload: 19.40 Mbit/s
Tue Jul 21 13:45:01 CEST 2020
Ping: 24.985 ms
Download: 249.83 Mbit/s
Upload: 19.07 Mbit/s
Tue Jul 21 14:45:02 CEST 2020
Ping: 21.082 ms
Download: 337.89 Mbit/s
Upload: 18.46 Mbit/s
Tue Jul 21 15:45:01 CEST 2020
Ping: 23.651 ms
Download: 192.39 Mbit/s
Upload: 19.09 Mbit/s
Tue Jul 21 16:45:01 CEST 2020
Ping: 23.192 ms
Download: 277.68 Mbit/s
Upload: 19.21 Mbit/s
Tue Jul 21 17:45:01 CEST 2020
Ping: 21.076 ms
Download: 235.93 Mbit/s
Upload: 19.36 Mbit/s
Tue Jul 21 18:45:01 CEST 2020
Ping: 21.608 ms
Download: 250.07 Mbit/s
Upload: 18.89 Mbit/s
Tue Jul 21 19:45:01 CEST 2020
Ping: 23.141 ms
Download: 224.98 Mbit/s
Upload: 19.81 Mbit/s
Tue Jul 21 20:45:01 CEST 2020
Ping: 21.073 ms
Download: 193.68 Mbit/s
Upload: 19.16 Mbit/s
Tue Jul 21 21:45:01 CEST 2020
Ping: 20.159 ms
Download: 222.99 Mbit/s
Upload: 19.00 Mbit/s
Tue Jul 21 22:45:01 CEST 2020
Ping: 21.367 ms
Download: 182.73 Mbit/s
Upload: 18.84 Mbit/s
Tue Jul 21 23:45:01 CEST 2020
Ping: 21.884 ms
Download: 305.10 Mbit/s
Upload: 19.25 Mbit/s
Wed Jul 22 00:45:02 CEST 2020
Ping: 19.711 ms
Download: 257.14 Mbit/s
Upload: 19.66 Mbit/s
Wed Jul 22 01:45:01 CEST 2020
Ping: 20.679 ms
Download: 237.81 Mbit/s
Upload: 19.78 Mbit/s
Wed Jul 22 02:45:01 CEST 2020
Ping: 17.365 ms
Download: 202.63 Mbit/s
Upload: 19.86 Mbit/s
Wed Jul 22 03:45:01 CEST 2020
Ping: 20.822 ms
Download: 235.24 Mbit/s
Upload: 19.82 Mbit/s
Wed Jul 22 04:45:01 CEST 2020
Ping: 20.719 ms
Download: 188.52 Mbit/s
Upload: 19.62 Mbit/s
Wed Jul 22 05:45:01 CEST 2020
Ping: 19.416 ms
Download: 270.46 Mbit/s
Upload: 19.26 Mbit/s
Wed Jul 22 06:45:01 CEST 2020
Ping: 19.75 ms
Download: 265.21 Mbit/s
Upload: 19.28 Mbit/s
Wed Jul 22 07:45:01 CEST 2020
Ping: 21.673 ms
Download: 206.64 Mbit/s
Upload: 19.60 Mbit/s
Wed Jul 22 08:45:01 CEST 2020
Ping: 21.609 ms
Download: 255.65 Mbit/s
Upload: 19.52 Mbit/s
Wed Jul 22 09:45:01 CEST 2020
Ping: 20.933 ms
Download: 203.62 Mbit/s
Upload: 18.68 Mbit/s
Wed Jul 22 10:45:01 CEST 2020
Ping: 22.054 ms
Download: 201.44 Mbit/s
Upload: 18.30 Mbit/s
Wed Jul 22 11:45:01 CEST 2020
Ping: 19.33 ms
Download: 265.80 Mbit/s
Upload: 18.70 Mbit/s
Wed Jul 22 12:45:02 CEST 2020
Ping: 22.416 ms
Download: 267.59 Mbit/s
Upload: 19.53 Mbit/s
Wed Jul 22 13:45:01 CEST 2020
Ping: 21.334 ms
Download: 191.65 Mbit/s
Upload: 18.22 Mbit/s
Wed Jul 22 14:45:01 CEST 2020
Ping: 21.157 ms
Download: 268.75 Mbit/s
Upload: 18.96 Mbit/s
Wed Jul 22 15:45:01 CEST 2020
Ping: 20.069 ms
Download: 263.43 Mbit/s
Upload: 19.57 Mbit/s
Wed Jul 22 16:45:01 CEST 2020
Ping: 21.738 ms
Download: 209.61 Mbit/s
Upload: 19.38 Mbit/s
Wed Jul 22 17:45:01 CEST 2020
Ping: 21.605 ms
Download: 202.73 Mbit/s
Upload: 19.84 Mbit/s
Wed Jul 22 18:45:01 CEST 2020
Ping: 20.404 ms
Download: 263.02 Mbit/s
Upload: 19.39 Mbit/s
Wed Jul 22 19:45:01 CEST 2020
Ping: 20.715 ms
Download: 194.77 Mbit/s
Upload: 19.58 Mbit/s
Wed Jul 22 20:45:01 CEST 2020
Ping: 20.913 ms
Download: 216.84 Mbit/s
Upload: 19.39 Mbit/s
Wed Jul 22 21:45:01 CEST 2020
Ping: 22.157 ms
Download: 218.08 Mbit/s
Upload: 19.54 Mbit/s
Wed Jul 22 22:45:02 CEST 2020
Ping: 21.552 ms
Download: 197.92 Mbit/s
Upload: 19.54 Mbit/s
Wed Jul 22 23:45:01 CEST 2020
Ping: 22.72 ms
Download: 247.37 Mbit/s
Upload: 19.53 Mbit/s
Thu Jul 23 00:45:01 CEST 2020
Ping: 19.731 ms
Download: 204.48 Mbit/s
Upload: 19.60 Mbit/s
Thu Jul 23 01:45:01 CEST 2020
Ping: 20.895 ms
Download: 199.81 Mbit/s
Upload: 19.10 Mbit/s
Thu Jul 23 02:45:01 CEST 2020
Ping: 20.431 ms
Download: 254.74 Mbit/s
Upload: 19.48 Mbit/s
Thu Jul 23 03:45:01 CEST 2020
Ping: 19.113 ms
Download: 229.65 Mbit/s
Upload: 19.33 Mbit/s
Thu Jul 23 04:45:02 CEST 2020
Ping: 21.728 ms
Download: 198.11 Mbit/s
Upload: 19.19 Mbit/s
Thu Jul 23 05:45:01 CEST 2020
Ping: 19.794 ms
Download: 275.50 Mbit/s
Upload: 19.63 Mbit/s
Thu Jul 23 06:45:01 CEST 2020
Ping: 20.713 ms
Download: 207.82 Mbit/s
Upload: 19.36 Mbit/s
Thu Jul 23 07:45:01 CEST 2020
Ping: 20.054 ms
Download: 202.37 Mbit/s
Upload: 19.52 Mbit/s
Thu Jul 23 08:45:01 CEST 2020
Ping: 20.028 ms
Download: 211.35 Mbit/s
Upload: 19.54 Mbit/s
Thu Jul 23 09:45:01 CEST 2020
Ping: 22.491 ms
Download: 200.20 Mbit/s
Upload: 19.33 Mbit/s
Thu Jul 23 10:45:01 CEST 2020
Ping: 22.497 ms
Download: 180.94 Mbit/s
Upload: 19.71 Mbit/s
Thu Jul 23 11:45:01 CEST 2020
Ping: 23.503 ms
Download: 225.43 Mbit/s
Upload: 19.38 Mbit/s
Thu Jul 23 12:45:01 CEST 2020
Ping: 20.564 ms
Download: 262.24 Mbit/s
Upload: 19.41 Mbit/s
Thu Jul 23 13:45:01 CEST 2020
Ping: 19.825 ms
Download: 260.36 Mbit/s
Upload: 18.16 Mbit/s
Thu Jul 23 14:45:01 CEST 2020
Ping: 23.517 ms
Download: 183.67 Mbit/s
Upload: 18.69 Mbit/s
Thu Jul 23 15:45:01 CEST 2020
Ping: 22.261 ms
Download: 267.28 Mbit/s
Upload: 18.22 Mbit/s
Thu Jul 23 16:45:01 CEST 2020
Ping: 20.911 ms
Download: 262.09 Mbit/s
Upload: 19.37 Mbit/s
Thu Jul 23 17:45:01 CEST 2020
Ping: 18.742 ms
Download: 226.86 Mbit/s
Upload: 19.33 Mbit/s
Thu Jul 23 18:45:02 CEST 2020
Ping: 20.931 ms
Download: 185.69 Mbit/s
Upload: 19.41 Mbit/s
Thu Jul 23 19:45:01 CEST 2020
Ping: 21.719 ms
Download: 306.58 Mbit/s
Upload: 19.19 Mbit/s
Thu Jul 23 20:45:01 CEST 2020
Ping: 20.574 ms
Download: 296.67 Mbit/s
Upload: 19.55 Mbit/s
Thu Jul 23 21:45:01 CEST 2020
Ping: 22.659 ms
Download: 212.80 Mbit/s
Upload: 19.35 Mbit/s
Thu Jul 23 22:45:01 CEST 2020
Ping: 22.398 ms
Download: 183.65 Mbit/s
Upload: 19.78 Mbit/s
Thu Jul 23 23:45:01 CEST 2020
Ping: 22.246 ms
Download: 169.55 Mbit/s
Upload: 19.30 Mbit/s
Fri Jul 24 00:45:01 CEST 2020
Ping: 20.038 ms
Download: 262.93 Mbit/s
Upload: 19.46 Mbit/s
Fri Jul 24 01:45:01 CEST 2020
Ping: 20.23 ms
Download: 204.58 Mbit/s
Upload: 19.35 Mbit/s
Fri Jul 24 02:45:01 CEST 2020
Ping: 21.05 ms
Download: 172.55 Mbit/s
Upload: 19.70 Mbit/s
Fri Jul 24 03:45:01 CEST 2020
Ping: 19.982 ms
Download: 280.70 Mbit/s
Upload: 19.37 Mbit/s
Fri Jul 24 04:45:01 CEST 2020
Ping: 23.589 ms
Download: 207.23 Mbit/s
Upload: 19.61 Mbit/s
Fri Jul 24 05:45:01 CEST 2020
Ping: 20.99 ms
Download: 198.34 Mbit/s
Upload: 19.82 Mbit/s
Fri Jul 24 06:45:01 CEST 2020
Ping: 20.598 ms
Download: 267.42 Mbit/s
Upload: 19.59 Mbit/s
Fri Jul 24 07:45:01 CEST 2020
Ping: 24.342 ms
Download: 208.35 Mbit/s
Upload: 19.61 Mbit/s
Fri Jul 24 08:45:01 CEST 2020
Ping: 20.104 ms
Download: 209.75 Mbit/s
Upload: 19.33 Mbit/s
Fri Jul 24 09:45:01 CEST 2020
Ping: 21.872 ms
Download: 208.60 Mbit/s
Upload: 19.31 Mbit/s
Fri Jul 24 10:45:02 CEST 2020
Ping: 23.576 ms
Download: 275.30 Mbit/s
Upload: 19.38 Mbit/s
Fri Jul 24 11:45:01 CEST 2020
Ping: 20.646 ms
Download: 192.44 Mbit/s
Upload: 18.98 Mbit/s
Fri Jul 24 12:45:01 CEST 2020
Ping: 20.115 ms
Download: 190.99 Mbit/s
Upload: 19.53 Mbit/s
Fri Jul 24 13:45:01 CEST 2020
Ping: 23.909 ms
Download: 223.84 Mbit/s
Upload: 19.08 Mbit/s
Fri Jul 24 14:45:01 CEST 2020
Ping: 22.021 ms
Download: 330.97 Mbit/s
Upload: 19.28 Mbit/s
Fri Jul 24 15:45:01 CEST 2020
Ping: 21.561 ms
Download: 256.15 Mbit/s
Upload: 19.41 Mbit/s
Fri Jul 24 16:45:01 CEST 2020
Ping: 21.055 ms
Download: 188.42 Mbit/s
Upload: 19.53 Mbit/s
Fri Jul 24 17:45:01 CEST 2020
Ping: 21.337 ms
Download: 208.86 Mbit/s
Upload: 19.22 Mbit/s
Fri Jul 24 18:45:01 CEST 2020
Ping: 20.871 ms
Download: 190.80 Mbit/s
Upload: 19.61 Mbit/s
Fri Jul 24 19:45:01 CEST 2020
Ping: 22.649 ms
Download: 176.13 Mbit/s
Upload: 19.54 Mbit/s
Fri Jul 24 20:45:01 CEST 2020
Ping: 24.1 ms
Download: 237.57 Mbit/s
Upload: 19.21 Mbit/s
Fri Jul 24 21:45:01 CEST 2020
Ping: 20.049 ms
Download: 239.88 Mbit/s
Upload: 19.78 Mbit/s
Fri Jul 24 22:45:02 CEST 2020
Ping: 22.921 ms
Download: 247.34 Mbit/s
Upload: 18.76 Mbit/s
Fri Jul 24 23:45:01 CEST 2020
Ping: 23.402 ms
Download: 196.34 Mbit/s
Upload: 19.29 Mbit/s
Sat Jul 25 00:45:02 CEST 2020
Ping: 21.055 ms
Download: 225.75 Mbit/s
Upload: 19.35 Mbit/s
Sat Jul 25 01:45:01 CEST 2020
Ping: 19.894 ms
Download: 188.09 Mbit/s
Upload: 19.35 Mbit/s
Sat Jul 25 02:45:01 CEST 2020
Ping: 21.894 ms
Download: 203.53 Mbit/s
Upload: 19.74 Mbit/s
Sat Jul 25 03:45:01 CEST 2020
Ping: 19.591 ms
Download: 209.44 Mbit/s
Upload: 19.78 Mbit/s
Sat Jul 25 04:45:01 CEST 2020
Ping: 22.797 ms
Download: 205.77 Mbit/s
Upload: 19.58 Mbit/s
Sat Jul 25 05:45:01 CEST 2020
Ping: 21.327 ms
Download: 167.56 Mbit/s
Upload: 19.54 Mbit/s
Sat Jul 25 06:45:01 CEST 2020
Ping: 20.062 ms
Download: 182.51 Mbit/s
Upload: 19.58 Mbit/s
Sat Jul 25 07:45:01 CEST 2020
Ping: 21.053 ms
Download: 193.59 Mbit/s
Upload: 19.13 Mbit/s
Sat Jul 25 08:45:01 CEST 2020
Ping: 21.018 ms
Download: 218.61 Mbit/s
Upload: 19.41 Mbit/s
Sat Jul 25 09:45:01 CEST 2020
Ping: 23.56 ms
Download: 273.13 Mbit/s
Upload: 19.22 Mbit/s
Sat Jul 25 10:45:01 CEST 2020
Ping: 20.443 ms
Download: 195.93 Mbit/s
Upload: 18.81 Mbit/s
Sat Jul 25 11:45:01 CEST 2020
Ping: 23.629 ms
Download: 160.20 Mbit/s
Upload: 19.16 Mbit/s
Sat Jul 25 12:45:01 CEST 2020
Ping: 19.234 ms
Download: 283.43 Mbit/s
Upload: 19.52 Mbit/s
Sat Jul 25 13:45:01 CEST 2020
Ping: 25.374 ms
Download: 247.02 Mbit/s
Upload: 16.21 Mbit/s
Sat Jul 25 14:45:01 CEST 2020
Ping: 22.204 ms
Download: 270.58 Mbit/s
Upload: 19.34 Mbit/s
Sat Jul 25 15:45:01 CEST 2020
Ping: 20.495 ms
Download: 203.11 Mbit/s
Upload: 19.70 Mbit/s
Sat Jul 25 16:45:01 CEST 2020
Ping: 19.728 ms
Download: 279.68 Mbit/s
Upload: 19.72 Mbit/s
Sat Jul 25 17:45:01 CEST 2020
Ping: 23.073 ms
Download: 236.87 Mbit/s
Upload: 19.36 Mbit/s
Sat Jul 25 18:45:01 CEST 2020
Ping: 21.226 ms
Download: 208.18 Mbit/s
Upload: 19.37 Mbit/s
Sat Jul 25 19:45:01 CEST 2020
Ping: 21.42 ms
Download: 223.06 Mbit/s
Upload: 19.36 Mbit/s
Sat Jul 25 20:45:01 CEST 2020
Ping: 22.904 ms
Download: 243.77 Mbit/s
Upload: 19.67 Mbit/s
Sat Jul 25 21:45:01 CEST 2020
Ping: 19.906 ms
Download: 301.88 Mbit/s
Upload: 19.47 Mbit/s
Sat Jul 25 22:45:01 CEST 2020
Ping: 20.955 ms
Download: 183.21 Mbit/s
Upload: 19.63 Mbit/s
Sat Jul 25 23:45:01 CEST 2020
Ping: 21.339 ms
Download: 169.02 Mbit/s
Upload: 19.59 Mbit/s
Sun Jul 26 00:45:02 CEST 2020
Ping: 22.25 ms
Download: 205.96 Mbit/s
Upload: 19.50 Mbit/s
Sun Jul 26 01:45:01 CEST 2020
Ping: 20.686 ms
Download: 263.13 Mbit/s
Upload: 19.52 Mbit/s
Sun Jul 26 02:45:01 CEST 2020
Ping: 21.929 ms
Download: 243.91 Mbit/s
Upload: 19.78 Mbit/s
Sun Jul 26 03:45:01 CEST 2020
Ping: 22.488 ms
Download: 180.04 Mbit/s
Upload: 19.71 Mbit/s
Sun Jul 26 04:45:01 CEST 2020
Ping: 20.857 ms
Download: 193.22 Mbit/s
Upload: 19.73 Mbit/s
Sun Jul 26 05:45:01 CEST 2020
Ping: 20.534 ms
Download: 213.13 Mbit/s
Upload: 19.78 Mbit/s
Sun Jul 26 06:45:01 CEST 2020
Ping: 19.74 ms
Download: 260.90 Mbit/s
Upload: 19.80 Mbit/s
Sun Jul 26 07:45:01 CEST 2020
Ping: 20.052 ms
Download: 193.87 Mbit/s
Upload: 19.85 Mbit/s
Sun Jul 26 08:45:01 CEST 2020
Ping: 20.935 ms
Download: 219.94 Mbit/s
Upload: 19.29 Mbit/s
Sun Jul 26 09:45:01 CEST 2020
Ping: 19.895 ms
Download: 263.15 Mbit/s
Upload: 19.48 Mbit/s
Sun Jul 26 10:45:01 CEST 2020
Ping: 20.049 ms
Download: 195.58 Mbit/s
Upload: 19.67 Mbit/s
Sun Jul 26 11:45:01 CEST 2020
Ping: 22.116 ms
Download: 188.55 Mbit/s
Upload: 19.17 Mbit/s
Sun Jul 26 12:45:01 CEST 2020
Ping: 19.588 ms
Download: 330.31 Mbit/s
Upload: 19.55 Mbit/s
Sun Jul 26 13:45:01 CEST 2020
Ping: 19.593 ms
Download: 267.78 Mbit/s
Upload: 19.82 Mbit/s
Sun Jul 26 14:45:01 CEST 2020
Ping: 21.233 ms
Download: 199.20 Mbit/s
Upload: 19.26 Mbit/s
Sun Jul 26 15:45:01 CEST 2020
Ping: 23.231 ms
Download: 216.69 Mbit/s
Upload: 19.21 Mbit/s
Sun Jul 26 16:45:01 CEST 2020
Ping: 21.161 ms
Download: 188.54 Mbit/s
Upload: 19.46 Mbit/s
Sun Jul 26 17:45:01 CEST 2020
Ping: 22.591 ms
Download: 252.67 Mbit/s
Upload: 19.50 Mbit/s
Sun Jul 26 18:45:01 CEST 2020
Ping: 21.056 ms
Download: 191.08 Mbit/s
Upload: 19.51 Mbit/s
Sun Jul 26 19:45:01 CEST 2020
Ping: 19.914 ms
Download: 296.31 Mbit/s
Upload: 19.84 Mbit/s
Sun Jul 26 20:45:01 CEST 2020
Ping: 23.416 ms
Download: 242.24 Mbit/s
Upload: 19.30 Mbit/s
Sun Jul 26 21:45:01 CEST 2020
Ping: 21.415 ms
Download: 262.72 Mbit/s
Upload: 19.60 Mbit/s
Sun Jul 26 22:45:01 CEST 2020
Ping: 21.141 ms
Download: 232.57 Mbit/s
Upload: 19.79 Mbit/s
Sun Jul 26 23:45:01 CEST 2020
Ping: 22.053 ms
Download: 224.98 Mbit/s
Upload: 19.08 Mbit/s
Mon Jul 27 00:45:01 CEST 2020
Ping: 20.233 ms
Download: 198.21 Mbit/s
Upload: 19.75 Mbit/s
Mon Jul 27 01:45:01 CEST 2020
Ping: 21.603 ms
Download: 214.80 Mbit/s
Upload: 19.74 Mbit/s
Mon Jul 27 02:45:01 CEST 2020
Ping: 21.102 ms
Download: 186.98 Mbit/s
Upload: 19.88 Mbit/s
Mon Jul 27 03:45:01 CEST 2020
Ping: 20.036 ms
Download: 262.61 Mbit/s
Upload: 19.56 Mbit/s
Mon Jul 27 04:45:01 CEST 2020
Ping: 19.477 ms
Download: 224.55 Mbit/s
Upload: 19.69 Mbit/s
Mon Jul 27 05:45:01 CEST 2020
Ping: 20.403 ms
Download: 171.02 Mbit/s
Upload: 19.59 Mbit/s
Mon Jul 27 06:45:01 CEST 2020
Ping: 21.747 ms
Download: 257.86 Mbit/s
Upload: 19.79 Mbit/s
Mon Jul 27 07:45:01 CEST 2020
Ping: 22.652 ms
Download: 166.57 Mbit/s
Upload: 19.48 Mbit/s
Mon Jul 27 08:45:01 CEST 2020
Ping: 21.123 ms
Download: 199.85 Mbit/s
Upload: 19.42 Mbit/s
Mon Jul 27 09:45:01 CEST 2020
Ping: 20.372 ms
Download: 266.26 Mbit/s
Upload: 19.72 Mbit/s
Mon Jul 27 10:45:01 CEST 2020
Ping: 20.321 ms
Download: 193.15 Mbit/s
Upload: 19.53 Mbit/s
Mon Jul 27 11:45:01 CEST 2020
Ping: 23.88 ms
Download: 179.85 Mbit/s
Upload: 19.80 Mbit/s
Mon Jul 27 12:45:01 CEST 2020
Ping: 23.62 ms
Download: 306.43 Mbit/s
Upload: 19.28 Mbit/s
Mon Jul 27 13:45:01 CEST 2020
Ping: 22.031 ms
Download: 178.84 Mbit/s
Upload: 19.64 Mbit/s
Mon Jul 27 14:45:01 CEST 2020
Ping: 22.22 ms
Download: 184.30 Mbit/s
Upload: 19.84 Mbit/s
Mon Jul 27 15:45:01 CEST 2020
Ping: 20.088 ms
Download: 244.63 Mbit/s
Upload: 19.41 Mbit/s
Mon Jul 27 16:45:01 CEST 2020
Ping: 19.706 ms
Download: 298.66 Mbit/s
Upload: 19.70 Mbit/s
Mon Jul 27 17:45:01 CEST 2020
Ping: 20.533 ms
Download: 196.92 Mbit/s
Upload: 19.62 Mbit/s
Mon Jul 27 18:45:01 CEST 2020
Ping: 21.032 ms
Download: 192.87 Mbit/s
Upload: 19.50 Mbit/s
Mon Jul 27 19:45:01 CEST 2020
Ping: 21.351 ms
Download: 193.13 Mbit/s
Upload: 19.65 Mbit/s
Mon Jul 27 20:45:01 CEST 2020
Ping: 20.661 ms
Download: 203.49 Mbit/s
Upload: 19.40 Mbit/s
Mon Jul 27 21:45:01 CEST 2020
Ping: 20.711 ms
Download: 229.31 Mbit/s
Upload: 19.40 Mbit/s
Mon Jul 27 22:45:01 CEST 2020
Ping: 20.608 ms
Download: 280.18 Mbit/s
Upload: 18.62 Mbit/s
Mon Jul 27 23:45:01 CEST 2020
Ping: 21.222 ms
Download: 188.46 Mbit/s
Upload: 19.47 Mbit/s
Tue Jul 28 00:45:01 CEST 2020
Ping: 22.312 ms
Download: 198.32 Mbit/s
Upload: 19.36 Mbit/s
Tue Jul 28 01:45:01 CEST 2020
Ping: 20.418 ms
Download: 232.51 Mbit/s
Upload: 19.47 Mbit/s
Tue Jul 28 02:45:01 CEST 2020
Ping: 19.878 ms
Download: 190.87 Mbit/s
Upload: 19.65 Mbit/s
Tue Jul 28 03:45:01 CEST 2020
Ping: 20.533 ms
Download: 185.65 Mbit/s
Upload: 19.72 Mbit/s
Tue Jul 28 04:45:01 CEST 2020
Ping: 19.369 ms
Download: 244.00 Mbit/s
Upload: 19.86 Mbit/s
Tue Jul 28 05:45:01 CEST 2020
Ping: 22.077 ms
Download: 228.52 Mbit/s
Upload: 19.60 Mbit/s
Tue Jul 28 06:45:01 CEST 2020
Ping: 20.674 ms
Download: 204.06 Mbit/s
Upload: 19.42 Mbit/s
Tue Jul 28 07:45:01 CEST 2020
Ping: 21.262 ms
Download: 252.73 Mbit/s
Upload: 19.55 Mbit/s
Tue Jul 28 08:45:01 CEST 2020
Ping: 20.56 ms
Download: 188.44 Mbit/s
Upload: 19.71 Mbit/s
Tue Jul 28 09:45:02 CEST 2020
Ping: 21.912 ms
Download: 250.68 Mbit/s
Upload: 19.51 Mbit/s
Tue Jul 28 10:45:01 CEST 2020
Ping: 22.275 ms
Download: 263.77 Mbit/s
Upload: 19.46 Mbit/s
Tue Jul 28 11:45:01 CEST 2020
Ping: 21.898 ms
Download: 201.46 Mbit/s
Upload: 19.60 Mbit/s
Tue Jul 28 12:45:01 CEST 2020
Ping: 18.732 ms
Download: 284.55 Mbit/s
Upload: 18.73 Mbit/s
Tue Jul 28 13:45:01 CEST 2020
Ping: 21.406 ms
Download: 203.11 Mbit/s
Upload: 19.24 Mbit/s
Tue Jul 28 14:45:02 CEST 2020
Ping: 21.69 ms
Download: 176.77 Mbit/s
Upload: 19.37 Mbit/s
Tue Jul 28 15:45:01 CEST 2020
Ping: 21.641 ms
Download: 205.67 Mbit/s
Upload: 19.75 Mbit/s
Tue Jul 28 16:45:01 CEST 2020
Ping: 20.455 ms
Download: 193.03 Mbit/s
Upload: 18.60 Mbit/s
Tue Jul 28 17:45:01 CEST 2020
Ping: 20.557 ms
Download: 306.54 Mbit/s
Upload: 19.24 Mbit/s
Tue Jul 28 18:45:01 CEST 2020
Ping: 20.857 ms
Download: 193.35 Mbit/s
Upload: 19.87 Mbit/s
Tue Jul 28 19:45:01 CEST 2020
Ping: 21.921 ms
Download: 192.19 Mbit/s
Upload: 18.95 Mbit/s
Tue Jul 28 20:45:01 CEST 2020
Ping: 20.603 ms
Download: 199.77 Mbit/s
Upload: 19.71 Mbit/s
Tue Jul 28 21:45:01 CEST 2020
Ping: 21.404 ms
Download: 238.72 Mbit/s
Upload: 19.56 Mbit/s
Tue Jul 28 22:45:01 CEST 2020
Ping: 20.469 ms
Download: 279.00 Mbit/s
Upload: 19.66 Mbit/s
Tue Jul 28 23:45:01 CEST 2020
Ping: 23.469 ms
Download: 218.68 Mbit/s
Upload: 19.58 Mbit/s
Wed Jul 29 00:45:01 CEST 2020
Ping: 21.876 ms
Download: 194.13 Mbit/s
Upload: 19.10 Mbit/s
Wed Jul 29 01:45:01 CEST 2020
Ping: 20.068 ms
Download: 202.14 Mbit/s
Upload: 19.61 Mbit/s
Wed Jul 29 02:45:01 CEST 2020
Ping: 20.241 ms
Download: 176.85 Mbit/s
Upload: 19.75 Mbit/s
Wed Jul 29 03:45:01 CEST 2020
Ping: 21.734 ms
Download: 200.17 Mbit/s
Upload: 19.20 Mbit/s
Wed Jul 29 04:45:01 CEST 2020
Ping: 19.235 ms
Download: 224.48 Mbit/s
Upload: 19.67 Mbit/s
Wed Jul 29 05:45:01 CEST 2020
Ping: 20.997 ms
Download: 216.93 Mbit/s
Upload: 19.57 Mbit/s
Wed Jul 29 06:45:01 CEST 2020
Ping: 21.9 ms
Download: 266.91 Mbit/s
Upload: 19.39 Mbit/s
Wed Jul 29 07:45:01 CEST 2020
Ping: 20.245 ms
Download: 238.77 Mbit/s
Upload: 19.88 Mbit/s
Wed Jul 29 08:45:01 CEST 2020
Ping: 21.909 ms
Download: 248.42 Mbit/s
Upload: 19.54 Mbit/s
Wed Jul 29 09:45:01 CEST 2020
Ping: 20.042 ms
Download: 166.45 Mbit/s
Upload: 19.30 Mbit/s
Wed Jul 29 10:45:01 CEST 2020
Ping: 20.899 ms
Download: 175.75 Mbit/s
Upload: 19.69 Mbit/s
Wed Jul 29 11:45:01 CEST 2020
Ping: 21.727 ms
Download: 201.73 Mbit/s
Upload: 19.47 Mbit/s
Wed Jul 29 12:45:01 CEST 2020
Ping: 22.739 ms
Download: 260.48 Mbit/s
Upload: 19.61 Mbit/s
Wed Jul 29 13:45:01 CEST 2020
Ping: 21.08 ms
Download: 289.62 Mbit/s
Upload: 19.80 Mbit/s
Wed Jul 29 14:45:01 CEST 2020
Ping: 20.832 ms
Download: 226.71 Mbit/s
Upload: 19.53 Mbit/s
Wed Jul 29 15:45:01 CEST 2020
Ping: 25.618 ms
Download: 234.36 Mbit/s
Upload: 19.18 Mbit/s
Wed Jul 29 16:45:02 CEST 2020
Ping: 25.416 ms
Download: 247.86 Mbit/s
Upload: 19.06 Mbit/s
Wed Jul 29 17:45:01 CEST 2020
Ping: 20.22 ms
Download: 228.76 Mbit/s
Upload: 19.40 Mbit/s
Wed Jul 29 18:45:01 CEST 2020
Ping: 20.718 ms
Download: 256.64 Mbit/s
Upload: 19.69 Mbit/s
Wed Jul 29 19:45:01 CEST 2020
Ping: 22.396 ms
Download: 278.69 Mbit/s
Upload: 19.49 Mbit/s
Wed Jul 29 20:45:01 CEST 2020
Ping: 20.706 ms
Download: 243.96 Mbit/s
Upload: 19.14 Mbit/s
Wed Jul 29 21:45:01 CEST 2020
Ping: 21.902 ms
Download: 179.87 Mbit/s
Upload: 19.65 Mbit/s
Wed Jul 29 22:45:01 CEST 2020
Ping: 20.406 ms
Download: 213.81 Mbit/s
Upload: 19.76 Mbit/s
Wed Jul 29 23:45:02 CEST 2020
Ping: 22.859 ms
Download: 249.79 Mbit/s
Upload: 19.08 Mbit/s
Thu Jul 30 00:45:01 CEST 2020
Ping: 22.724 ms
Download: 234.82 Mbit/s
Upload: 19.34 Mbit/s
Thu Jul 30 01:45:01 CEST 2020
Ping: 20.688 ms
Download: 249.06 Mbit/s
Upload: 19.86 Mbit/s
Thu Jul 30 02:45:02 CEST 2020
Ping: 20.434 ms
Download: 286.51 Mbit/s
Upload: 19.72 Mbit/s
Thu Jul 30 03:45:01 CEST 2020
Ping: 21.562 ms
Download: 177.34 Mbit/s
Upload: 19.20 Mbit/s
Thu Jul 30 04:45:01 CEST 2020
Ping: 20.017 ms
Download: 270.20 Mbit/s
Upload: 19.75 Mbit/s
Thu Jul 30 05:45:01 CEST 2020
Ping: 19.679 ms
Download: 230.97 Mbit/s
Upload: 19.75 Mbit/s
Thu Jul 30 06:45:01 CEST 2020
Ping: 22.229 ms
Download: 154.47 Mbit/s
Upload: 19.62 Mbit/s
Thu Jul 30 07:45:01 CEST 2020
Ping: 20.674 ms
Download: 303.24 Mbit/s
Upload: 19.31 Mbit/s
Thu Jul 30 08:45:01 CEST 2020
Ping: 21.885 ms
Download: 222.46 Mbit/s
Upload: 19.59 Mbit/s
Thu Jul 30 09:45:01 CEST 2020
Ping: 21.543 ms
Download: 191.00 Mbit/s
Upload: 19.37 Mbit/s
Thu Jul 30 10:45:01 CEST 2020
Ping: 20.707 ms
Download: 174.88 Mbit/s
Upload: 19.80 Mbit/s
Thu Jul 30 11:45:01 CEST 2020
Ping: 21.212 ms
Download: 191.58 Mbit/s
Upload: 19.64 Mbit/s
Thu Jul 30 12:45:01 CEST 2020
Ping: 21.376 ms
Download: 213.13 Mbit/s
Upload: 19.45 Mbit/s
Thu Jul 30 13:45:01 CEST 2020
Ping: 21.9 ms
Download: 200.31 Mbit/s
Upload: 19.61 Mbit/s
Thu Jul 30 14:45:01 CEST 2020
Ping: 21.151 ms
Download: 193.83 Mbit/s
Upload: 19.83 Mbit/s
Thu Jul 30 15:45:01 CEST 2020
Ping: 22.905 ms
Download: 209.84 Mbit/s
Upload: 19.64 Mbit/s
Thu Jul 30 16:45:01 CEST 2020
Ping: 21.875 ms
Download: 188.95 Mbit/s
Upload: 19.45 Mbit/s
Thu Jul 30 17:45:01 CEST 2020
Ping: 20.9 ms
Download: 224.18 Mbit/s
Upload: 19.77 Mbit/s
Thu Jul 30 18:45:01 CEST 2020
Ping: 22.983 ms
Download: 212.84 Mbit/s
Upload: 19.45 Mbit/s
Thu Jul 30 19:45:01 CEST 2020
Ping: 19.856 ms
Download: 269.56 Mbit/s
Upload: 19.76 Mbit/s
Thu Jul 30 20:45:01 CEST 2020
Ping: 20.539 ms
Download: 265.65 Mbit/s
Upload: 19.66 Mbit/s
Thu Jul 30 21:45:02 CEST 2020
Ping: 22.207 ms
Download: 198.44 Mbit/s
Upload: 19.64 Mbit/s
Thu Jul 30 22:45:01 CEST 2020
Ping: 20.389 ms
Download: 189.19 Mbit/s
Upload: 19.61 Mbit/s
Thu Jul 30 23:45:01 CEST 2020
Ping: 21.076 ms
Download: 258.49 Mbit/s
Upload: 19.38 Mbit/s
Fri Jul 31 00:45:01 CEST 2020
Ping: 22.993 ms
Download: 190.55 Mbit/s
Upload: 19.34 Mbit/s
Fri Jul 31 01:45:01 CEST 2020
Ping: 21.88 ms
Download: 354.80 Mbit/s
Upload: 19.77 Mbit/s
Fri Jul 31 02:45:01 CEST 2020
Ping: 19.401 ms
Download: 252.24 Mbit/s
Upload: 19.52 Mbit/s
Fri Jul 31 03:45:01 CEST 2020
Ping: 22.748 ms
Download: 234.66 Mbit/s
Upload: 19.70 Mbit/s
Fri Jul 31 04:45:01 CEST 2020
Ping: 20.257 ms
Download: 212.05 Mbit/s
Upload: 19.86 Mbit/s
Fri Jul 31 05:45:01 CEST 2020
Ping: 21.108 ms
Download: 254.18 Mbit/s
Upload: 19.82 Mbit/s
Fri Jul 31 06:45:01 CEST 2020
Ping: 22.848 ms
Download: 328.24 Mbit/s
Upload: 19.72 Mbit/s
Fri Jul 31 07:45:01 CEST 2020
Ping: 23.713 ms
Download: 249.14 Mbit/s
Upload: 19.85 Mbit/s
Fri Jul 31 08:45:01 CEST 2020
Ping: 23.057 ms
Download: 241.66 Mbit/s
Upload: 19.16 Mbit/s
Fri Jul 31 09:45:01 CEST 2020
Ping: 21.396 ms
Download: 328.92 Mbit/s
Upload: 19.33 Mbit/s
Fri Jul 31 10:45:01 CEST 2020
Ping: 23.395 ms
Download: 154.56 Mbit/s
Upload: 19.62 Mbit/s
Fri Jul 31 11:45:01 CEST 2020
Ping: 20.904 ms
Download: 257.86 Mbit/s
Upload: 19.46 Mbit/s
Fri Jul 31 12:45:01 CEST 2020
Ping: 24.894 ms
Download: 247.08 Mbit/s
Upload: 19.59 Mbit/s
Fri Jul 31 13:45:01 CEST 2020
Ping: 23.409 ms
Download: 148.79 Mbit/s
Upload: 19.14 Mbit/s
Fri Jul 31 14:45:01 CEST 2020
Ping: 20.645 ms
Download: 281.61 Mbit/s
Upload: 19.71 Mbit/s
Fri Jul 31 15:45:01 CEST 2020
Ping: 21.986 ms
Download: 293.68 Mbit/s
Upload: 19.91 Mbit/s
Fri Jul 31 16:45:01 CEST 2020
Ping: 23.149 ms
Download: 250.82 Mbit/s
Upload: 19.49 Mbit/s
Fri Jul 31 17:45:01 CEST 2020
Ping: 22.882 ms
Download: 175.06 Mbit/s
Upload: 19.18 Mbit/s
Fri Jul 31 18:45:01 CEST 2020
Ping: 24.835 ms
Download: 238.67 Mbit/s
Upload: 19.84 Mbit/s
Fri Jul 31 19:45:01 CEST 2020
Ping: 22.861 ms
Download: 133.82 Mbit/s
Upload: 19.61 Mbit/s
Fri Jul 31 20:45:01 CEST 2020
Ping: 20.892 ms
Download: 287.17 Mbit/s
Upload: 19.53 Mbit/s
Fri Jul 31 21:45:01 CEST 2020
Ping: 22.771 ms
Download: 154.60 Mbit/s
Upload: 18.87 Mbit/s
Fri Jul 31 22:45:01 CEST 2020
Ping: 23.349 ms
Download: 209.46 Mbit/s
Upload: 19.37 Mbit/s
Fri Jul 31 23:45:01 CEST 2020
Ping: 22.161 ms
Download: 167.82 Mbit/s
Upload: 19.73 Mbit/s
