Mon Nov  1 00:45:01 CET 2021
Ping: 23.578 ms
Download: 162.73 Mbit/s
Upload: 19.62 Mbit/s
Mon Nov  1 01:45:02 CET 2021
Ping: 23.227 ms
Download: 281.19 Mbit/s
Upload: 19.88 Mbit/s
Mon Nov  1 02:45:01 CET 2021
Ping: 22.983 ms
Download: 337.00 Mbit/s
Upload: 19.58 Mbit/s
Mon Nov  1 03:45:01 CET 2021
Ping: 24.284 ms
Download: 348.73 Mbit/s
Upload: 1.38 Mbit/s
Mon Nov  1 04:45:01 CET 2021
Ping: 18.387 ms
Download: 313.89 Mbit/s
Upload: 19.40 Mbit/s
Mon Nov  1 05:45:01 CET 2021
Ping: 18.145 ms
Download: 320.33 Mbit/s
Upload: 19.74 Mbit/s
Mon Nov  1 06:45:01 CET 2021
Ping: 21.542 ms
Download: 220.95 Mbit/s
Upload: 19.74 Mbit/s
Mon Nov  1 07:45:01 CET 2021
Ping: 22.958 ms
Download: 108.57 Mbit/s
Upload: 19.52 Mbit/s
Mon Nov  1 08:45:01 CET 2021
Ping: 23.836 ms
Download: 153.13 Mbit/s
Upload: 19.81 Mbit/s
Mon Nov  1 09:45:01 CET 2021
Ping: 24.01 ms
Download: 66.79 Mbit/s
Upload: 19.38 Mbit/s
Mon Nov  1 10:45:01 CET 2021
Ping: 23.789 ms
Download: 268.36 Mbit/s
Upload: 15.59 Mbit/s
Mon Nov  1 11:45:01 CET 2021
Ping: 24.295 ms
Download: 238.01 Mbit/s
Upload: 19.60 Mbit/s
Mon Nov  1 12:45:01 CET 2021
Ping: 23.99 ms
Download: 270.04 Mbit/s
Upload: 19.66 Mbit/s
Mon Nov  1 13:45:01 CET 2021
Ping: 24.27 ms
Download: 250.98 Mbit/s
Upload: 19.00 Mbit/s
Mon Nov  1 14:45:01 CET 2021
Ping: 25.65 ms
Download: 293.78 Mbit/s
Upload: 19.46 Mbit/s
Mon Nov  1 15:45:01 CET 2021
Ping: 19.136 ms
Download: 324.21 Mbit/s
Upload: 19.43 Mbit/s
Mon Nov  1 16:45:01 CET 2021
Ping: 23.999 ms
Download: 88.76 Mbit/s
Upload: 19.15 Mbit/s
Mon Nov  1 17:45:01 CET 2021
Ping: 24.041 ms
Download: 280.29 Mbit/s
Upload: 11.06 Mbit/s
Mon Nov  1 18:45:01 CET 2021
Ping: 25.322 ms
Download: 66.12 Mbit/s
Upload: 19.13 Mbit/s
Mon Nov  1 19:45:01 CET 2021
Ping: 26.531 ms
Download: 36.43 Mbit/s
Upload: 17.84 Mbit/s
Mon Nov  1 20:45:01 CET 2021
Ping: 24.196 ms
Download: 42.48 Mbit/s
Upload: 19.00 Mbit/s
Mon Nov  1 21:45:01 CET 2021
Ping: 29.023 ms
Download: 263.71 Mbit/s
Upload: 19.45 Mbit/s
Mon Nov  1 22:45:01 CET 2021
Ping: 28.562 ms
Download: 339.32 Mbit/s
Upload: 18.82 Mbit/s
Mon Nov  1 23:45:01 CET 2021
Ping: 27.079 ms
Download: 238.52 Mbit/s
Upload: 19.30 Mbit/s
Tue Nov  2 00:45:01 CET 2021
Ping: 24.919 ms
Download: 283.75 Mbit/s
Upload: 19.33 Mbit/s
Tue Nov  2 01:45:01 CET 2021
Ping: 23.532 ms
Download: 90.73 Mbit/s
Upload: 19.38 Mbit/s
Tue Nov  2 02:45:01 CET 2021
Ping: 24.998 ms
Download: 348.90 Mbit/s
Upload: 1.84 Mbit/s
Tue Nov  2 03:45:01 CET 2021
Ping: 24.946 ms
Download: 103.73 Mbit/s
Upload: 19.59 Mbit/s
Tue Nov  2 04:45:01 CET 2021
Ping: 22.49 ms
Download: 333.34 Mbit/s
Upload: 19.70 Mbit/s
Tue Nov  2 05:45:01 CET 2021
Ping: 21.838 ms
Download: 321.38 Mbit/s
Upload: 19.63 Mbit/s
Tue Nov  2 06:45:01 CET 2021
Ping: 21.673 ms
Download: 324.45 Mbit/s
Upload: 19.84 Mbit/s
Tue Nov  2 07:45:01 CET 2021
Ping: 22.874 ms
Download: 313.32 Mbit/s
Upload: 19.77 Mbit/s
Tue Nov  2 08:45:01 CET 2021
Ping: 20.724 ms
Download: 314.32 Mbit/s
Upload: 19.74 Mbit/s
Tue Nov  2 09:45:01 CET 2021
Ping: 21.865 ms
Download: 311.41 Mbit/s
Upload: 19.65 Mbit/s
Tue Nov  2 10:45:02 CET 2021
Ping: 21.583 ms
Download: 311.34 Mbit/s
Upload: 19.73 Mbit/s
Tue Nov  2 11:45:01 CET 2021
Ping: 23.93 ms
Download: 231.63 Mbit/s
Upload: 19.03 Mbit/s
Tue Nov  2 12:45:01 CET 2021
Ping: 22.005 ms
Download: 337.09 Mbit/s
Upload: 19.67 Mbit/s
Tue Nov  2 13:45:01 CET 2021
Ping: 23.158 ms
Download: 297.07 Mbit/s
Upload: 14.89 Mbit/s
Tue Nov  2 14:45:01 CET 2021
Ping: 22.695 ms
Download: 321.01 Mbit/s
Upload: 18.91 Mbit/s
Tue Nov  2 15:45:01 CET 2021
Ping: 23.154 ms
Download: 270.92 Mbit/s
Upload: 18.47 Mbit/s
Tue Nov  2 16:45:01 CET 2021
Ping: 27.727 ms
Download: 284.97 Mbit/s
Upload: 19.54 Mbit/s
Tue Nov  2 17:45:01 CET 2021
Ping: 24.486 ms
Download: 80.58 Mbit/s
Upload: 18.38 Mbit/s
Tue Nov  2 18:45:01 CET 2021
Ping: 24.643 ms
Download: 231.20 Mbit/s
Upload: 19.59 Mbit/s
Tue Nov  2 19:45:01 CET 2021
Ping: 27.942 ms
Download: 258.93 Mbit/s
Upload: 19.49 Mbit/s
Tue Nov  2 20:45:01 CET 2021
Ping: 23.227 ms
Download: 263.04 Mbit/s
Upload: 17.76 Mbit/s
Tue Nov  2 21:45:01 CET 2021
Ping: 21.824 ms
Download: 303.05 Mbit/s
Upload: 19.67 Mbit/s
Tue Nov  2 22:45:01 CET 2021
Ping: 25.144 ms
Download: 302.45 Mbit/s
Upload: 19.21 Mbit/s
Tue Nov  2 23:45:01 CET 2021
Ping: 25.481 ms
Download: 215.78 Mbit/s
Upload: 19.64 Mbit/s
Wed Nov  3 00:45:01 CET 2021
Ping: 24.353 ms
Download: 329.76 Mbit/s
Upload: 18.99 Mbit/s
Wed Nov  3 01:45:01 CET 2021
Ping: 23.717 ms
Download: 343.78 Mbit/s
Upload: 19.73 Mbit/s
Wed Nov  3 02:45:01 CET 2021
Ping: 22.355 ms
Download: 295.78 Mbit/s
Upload: 19.76 Mbit/s
Wed Nov  3 03:45:01 CET 2021
Ping: 23.372 ms
Download: 312.69 Mbit/s
Upload: 19.39 Mbit/s
Wed Nov  3 04:45:01 CET 2021
Ping: 21.73 ms
Download: 301.56 Mbit/s
Upload: 19.32 Mbit/s
Wed Nov  3 05:45:01 CET 2021
Ping: 17.56 ms
Download: 231.22 Mbit/s
Upload: 19.55 Mbit/s
Wed Nov  3 06:45:01 CET 2021
Ping: 17.795 ms
Download: 269.70 Mbit/s
Upload: 19.36 Mbit/s
Wed Nov  3 07:45:01 CET 2021
Ping: 23.99 ms
Download: 293.39 Mbit/s
Upload: 19.27 Mbit/s
Wed Nov  3 08:45:02 CET 2021
Ping: 22.392 ms
Download: 299.72 Mbit/s
Upload: 19.33 Mbit/s
Wed Nov  3 09:45:01 CET 2021
Ping: 24.674 ms
Download: 266.58 Mbit/s
Upload: 19.53 Mbit/s
Wed Nov  3 10:45:01 CET 2021
Ping: 23.101 ms
Download: 249.60 Mbit/s
Upload: 19.50 Mbit/s
Wed Nov  3 11:45:01 CET 2021
Ping: 23.984 ms
Download: 322.98 Mbit/s
Upload: 19.35 Mbit/s
Wed Nov  3 12:45:01 CET 2021
Ping: 23.238 ms
Download: 255.27 Mbit/s
Upload: 19.29 Mbit/s
Wed Nov  3 13:45:02 CET 2021
Ping: 26.987 ms
Download: 256.09 Mbit/s
Upload: 19.43 Mbit/s
Wed Nov  3 14:45:01 CET 2021
Ping: 26.822 ms
Download: 202.61 Mbit/s
Upload: 19.48 Mbit/s
Wed Nov  3 15:45:01 CET 2021
Ping: 27.141 ms
Download: 238.97 Mbit/s
Upload: 18.77 Mbit/s
Wed Nov  3 16:45:02 CET 2021
Ping: 22.196 ms
Download: 296.82 Mbit/s
Upload: 19.29 Mbit/s
Wed Nov  3 17:45:01 CET 2021
Ping: 24.809 ms
Download: 74.70 Mbit/s
Upload: 18.59 Mbit/s
Wed Nov  3 18:45:01 CET 2021
Ping: 22.352 ms
Download: 313.22 Mbit/s
Upload: 19.20 Mbit/s
Wed Nov  3 19:45:02 CET 2021
Ping: 24.553 ms
Download: 192.81 Mbit/s
Upload: 19.80 Mbit/s
Wed Nov  3 20:45:02 CET 2021
Ping: 22.896 ms
Download: 208.05 Mbit/s
Upload: 19.71 Mbit/s
Wed Nov  3 21:45:01 CET 2021
Ping: 25.51 ms
Download: 346.90 Mbit/s
Upload: 14.20 Mbit/s
Wed Nov  3 22:45:01 CET 2021
Ping: 24.135 ms
Download: 300.69 Mbit/s
Upload: 19.64 Mbit/s
Wed Nov  3 23:45:01 CET 2021
Ping: 22.985 ms
Download: 253.00 Mbit/s
Upload: 19.49 Mbit/s
Thu Nov  4 00:45:01 CET 2021
Ping: 20.675 ms
Download: 240.59 Mbit/s
Upload: 19.80 Mbit/s
Thu Nov  4 01:45:01 CET 2021
Ping: 24.107 ms
Download: 287.23 Mbit/s
Upload: 19.57 Mbit/s
Thu Nov  4 02:45:02 CET 2021
Ping: 23.933 ms
Download: 267.63 Mbit/s
Upload: 19.57 Mbit/s
Thu Nov  4 03:45:01 CET 2021
Ping: 24.352 ms
Download: 259.06 Mbit/s
Upload: 19.31 Mbit/s
Thu Nov  4 04:45:01 CET 2021
Ping: 23.324 ms
Download: 267.61 Mbit/s
Upload: 19.42 Mbit/s
Thu Nov  4 05:45:01 CET 2021
Ping: 22.008 ms
Download: 257.73 Mbit/s
Upload: 19.60 Mbit/s
Thu Nov  4 06:45:01 CET 2021
Ping: 21.495 ms
Download: 274.05 Mbit/s
Upload: 19.68 Mbit/s
Thu Nov  4 07:45:01 CET 2021
Ping: 22.005 ms
Download: 307.92 Mbit/s
Upload: 19.73 Mbit/s
Thu Nov  4 08:45:01 CET 2021
Ping: 22.67 ms
Download: 225.16 Mbit/s
Upload: 18.92 Mbit/s
Thu Nov  4 09:45:01 CET 2021
Ping: 21.017 ms
Download: 274.51 Mbit/s
Upload: 19.51 Mbit/s
Thu Nov  4 10:45:01 CET 2021
Ping: 26.147 ms
Download: 264.78 Mbit/s
Upload: 19.70 Mbit/s
Thu Nov  4 11:45:01 CET 2021
Ping: 25.118 ms
Download: 241.08 Mbit/s
Upload: 18.52 Mbit/s
Thu Nov  4 12:45:01 CET 2021
Ping: 23.811 ms
Download: 76.83 Mbit/s
Upload: 18.57 Mbit/s
Thu Nov  4 13:45:01 CET 2021
Ping: 23.126 ms
Download: 195.84 Mbit/s
Upload: 19.61 Mbit/s
Thu Nov  4 14:45:01 CET 2021
Ping: 21.719 ms
Download: 199.60 Mbit/s
Upload: 19.58 Mbit/s
Thu Nov  4 15:45:01 CET 2021
Ping: 23.08 ms
Download: 220.90 Mbit/s
Upload: 19.05 Mbit/s
Thu Nov  4 16:45:01 CET 2021
Ping: 20.543 ms
Download: 288.22 Mbit/s
Upload: 19.32 Mbit/s
Thu Nov  4 17:45:01 CET 2021
Ping: 19.657 ms
Download: 279.70 Mbit/s
Upload: 19.33 Mbit/s
Thu Nov  4 18:45:01 CET 2021
Ping: 21.492 ms
Download: 309.34 Mbit/s
Upload: 19.01 Mbit/s
Thu Nov  4 19:45:01 CET 2021
Ping: 24.162 ms
Download: 245.87 Mbit/s
Upload: 19.16 Mbit/s
Thu Nov  4 20:45:01 CET 2021
Ping: 26.131 ms
Download: 266.20 Mbit/s
Upload: 19.08 Mbit/s
Thu Nov  4 21:45:01 CET 2021
Ping: 24.356 ms
Download: 231.82 Mbit/s
Upload: 18.44 Mbit/s
Thu Nov  4 22:45:01 CET 2021
Ping: 24.028 ms
Download: 290.96 Mbit/s
Upload: 18.44 Mbit/s
Thu Nov  4 23:45:01 CET 2021
Ping: 19.097 ms
Download: 329.61 Mbit/s
Upload: 19.70 Mbit/s
Fri Nov  5 00:45:01 CET 2021
Ping: 20.366 ms
Download: 261.14 Mbit/s
Upload: 19.65 Mbit/s
Fri Nov  5 01:45:01 CET 2021
Ping: 25.851 ms
Download: 209.74 Mbit/s
Upload: 18.41 Mbit/s
Fri Nov  5 02:45:01 CET 2021
Ping: 27.6 ms
Download: 304.01 Mbit/s
Upload: 19.05 Mbit/s
Fri Nov  5 03:45:02 CET 2021
Ping: 25.021 ms
Download: 257.76 Mbit/s
Upload: 19.77 Mbit/s
Fri Nov  5 04:45:01 CET 2021
Ping: 23.651 ms
Download: 101.79 Mbit/s
Upload: 19.86 Mbit/s
Fri Nov  5 05:45:01 CET 2021
Ping: 22.34 ms
Download: 157.00 Mbit/s
Upload: 19.22 Mbit/s
Fri Nov  5 06:45:01 CET 2021
Ping: 23.013 ms
Download: 131.24 Mbit/s
Upload: 19.72 Mbit/s
Fri Nov  5 07:45:01 CET 2021
Ping: 24.354 ms
Download: 244.51 Mbit/s
Upload: 13.55 Mbit/s
Fri Nov  5 08:45:01 CET 2021
Ping: 23.22 ms
Download: 303.26 Mbit/s
Upload: 18.97 Mbit/s
Fri Nov  5 09:45:02 CET 2021
Ping: 21.462 ms
Download: 246.21 Mbit/s
Upload: 19.25 Mbit/s
Fri Nov  5 10:45:01 CET 2021
Ping: 23.484 ms
Download: 208.05 Mbit/s
Upload: 19.64 Mbit/s
Fri Nov  5 11:45:01 CET 2021
Ping: 23.718 ms
Download: 274.35 Mbit/s
Upload: 18.91 Mbit/s
Fri Nov  5 12:45:01 CET 2021
Ping: 22.697 ms
Download: 258.42 Mbit/s
Upload: 19.28 Mbit/s
Fri Nov  5 13:45:01 CET 2021
Ping: 23.872 ms
Download: 245.51 Mbit/s
Upload: 19.18 Mbit/s
Fri Nov  5 14:45:01 CET 2021
Ping: 22.641 ms
Download: 287.37 Mbit/s
Upload: 19.61 Mbit/s
Fri Nov  5 15:45:01 CET 2021
Ping: 22.639 ms
Download: 226.37 Mbit/s
Upload: 17.08 Mbit/s
Fri Nov  5 16:45:01 CET 2021
Ping: 22.41 ms
Download: 250.18 Mbit/s
Upload: 19.46 Mbit/s
Fri Nov  5 17:45:01 CET 2021
Ping: 27.054 ms
Download: 65.34 Mbit/s
Upload: 19.65 Mbit/s
Fri Nov  5 18:45:01 CET 2021
Ping: 25.073 ms
Download: 271.49 Mbit/s
Upload: 18.92 Mbit/s
Fri Nov  5 19:45:01 CET 2021
Ping: 23.641 ms
Download: 196.11 Mbit/s
Upload: 18.47 Mbit/s
Fri Nov  5 20:45:01 CET 2021
Ping: 25.143 ms
Download: 245.40 Mbit/s
Upload: 19.78 Mbit/s
Fri Nov  5 21:45:01 CET 2021
Ping: 24.315 ms
Download: 125.08 Mbit/s
Upload: 17.94 Mbit/s
Fri Nov  5 22:45:01 CET 2021
Ping: 22.487 ms
Download: 232.05 Mbit/s
Upload: 19.20 Mbit/s
Fri Nov  5 23:45:01 CET 2021
Ping: 26.804 ms
Download: 249.97 Mbit/s
Upload: 19.33 Mbit/s
Sat Nov  6 00:45:01 CET 2021
Ping: 24.49 ms
Download: 237.58 Mbit/s
Upload: 19.29 Mbit/s
Sat Nov  6 01:45:01 CET 2021
Ping: 28.989 ms
Download: 250.92 Mbit/s
Upload: 19.01 Mbit/s
Sat Nov  6 02:45:01 CET 2021
Ping: 21.975 ms
Download: 291.35 Mbit/s
Upload: 19.26 Mbit/s
Sat Nov  6 03:45:01 CET 2021
Ping: 20.65 ms
Download: 304.09 Mbit/s
Upload: 19.67 Mbit/s
Sat Nov  6 04:45:01 CET 2021
Ping: 22.281 ms
Download: 235.75 Mbit/s
Upload: 19.65 Mbit/s
Sat Nov  6 05:45:02 CET 2021
Ping: 24.794 ms
Download: 304.69 Mbit/s
Upload: 18.92 Mbit/s
Sat Nov  6 06:45:01 CET 2021
Ping: 23.633 ms
Download: 165.71 Mbit/s
Upload: 17.18 Mbit/s
Sat Nov  6 07:45:01 CET 2021
Ping: 24.961 ms
Download: 240.90 Mbit/s
Upload: 19.21 Mbit/s
Sat Nov  6 08:45:01 CET 2021
Ping: 22.744 ms
Download: 240.88 Mbit/s
Upload: 19.86 Mbit/s
Sat Nov  6 09:45:01 CET 2021
Ping: 22.018 ms
Download: 249.31 Mbit/s
Upload: 19.75 Mbit/s
Sat Nov  6 10:45:02 CET 2021
Ping: 22.582 ms
Download: 223.28 Mbit/s
Upload: 19.62 Mbit/s
Sat Nov  6 11:45:02 CET 2021
Ping: 26.569 ms
Download: 249.66 Mbit/s
Upload: 19.27 Mbit/s
Sat Nov  6 12:45:01 CET 2021
Ping: 25.842 ms
Download: 215.10 Mbit/s
Upload: 19.55 Mbit/s
Sat Nov  6 13:45:01 CET 2021
Ping: 25.404 ms
Download: 237.85 Mbit/s
Upload: 19.53 Mbit/s
Sat Nov  6 14:45:01 CET 2021
Ping: 29.65 ms
Download: 311.00 Mbit/s
Upload: 19.34 Mbit/s
Sat Nov  6 15:45:01 CET 2021
Ping: 23.646 ms
Download: 324.07 Mbit/s
Upload: 18.98 Mbit/s
Sat Nov  6 16:45:01 CET 2021
Ping: 25.004 ms
Download: 227.37 Mbit/s
Upload: 18.58 Mbit/s
Sat Nov  6 17:45:01 CET 2021
Ping: 29.205 ms
Download: 263.56 Mbit/s
Upload: 12.44 Mbit/s
Sat Nov  6 18:45:01 CET 2021
Ping: 25.037 ms
Download: 294.20 Mbit/s
Upload: 17.98 Mbit/s
Sat Nov  6 19:45:01 CET 2021
Ping: 25.03 ms
Download: 261.47 Mbit/s
Upload: 19.24 Mbit/s
Sat Nov  6 20:45:01 CET 2021
Ping: 25.313 ms
Download: 269.88 Mbit/s
Upload: 12.77 Mbit/s
Sat Nov  6 21:45:01 CET 2021
Ping: 22.509 ms
Download: 256.01 Mbit/s
Upload: 15.46 Mbit/s
Sat Nov  6 22:45:02 CET 2021
Ping: 18.04 ms
Download: 257.62 Mbit/s
Upload: 13.76 Mbit/s
Sat Nov  6 23:45:02 CET 2021
Ping: 23.036 ms
Download: 335.25 Mbit/s
Upload: 19.47 Mbit/s
Sun Nov  7 00:45:01 CET 2021
Ping: 21.872 ms
Download: 256.46 Mbit/s
Upload: 18.94 Mbit/s
Sun Nov  7 01:45:01 CET 2021
Ping: 23.778 ms
Download: 329.59 Mbit/s
Upload: 19.74 Mbit/s
Sun Nov  7 02:45:01 CET 2021
Ping: 21.026 ms
Download: 131.77 Mbit/s
Upload: 19.45 Mbit/s
Sun Nov  7 03:45:01 CET 2021
Ping: 21.984 ms
Download: 171.44 Mbit/s
Upload: 19.64 Mbit/s
Sun Nov  7 04:45:01 CET 2021
Ping: 22.781 ms
Download: 267.72 Mbit/s
Upload: 1.19 Mbit/s
Sun Nov  7 05:45:01 CET 2021
Ping: 37.013 ms
Download: 357.79 Mbit/s
Upload: 18.78 Mbit/s
Sun Nov  7 06:45:01 CET 2021
Ping: 39.462 ms
Download: 316.18 Mbit/s
Upload: 19.31 Mbit/s
Sun Nov  7 07:45:01 CET 2021
Ping: 39.774 ms
Download: 328.72 Mbit/s
Upload: 18.69 Mbit/s
Sun Nov  7 08:45:01 CET 2021
Ping: 23.341 ms
Download: 93.82 Mbit/s
Upload: 19.19 Mbit/s
Sun Nov  7 09:45:01 CET 2021
Ping: 23.009 ms
Download: 201.51 Mbit/s
Upload: 17.11 Mbit/s
Sun Nov  7 10:45:01 CET 2021
Ping: 25.866 ms
Download: 262.74 Mbit/s
Upload: 19.34 Mbit/s
Sun Nov  7 11:45:01 CET 2021
Ping: 22.183 ms
Download: 278.71 Mbit/s
Upload: 19.53 Mbit/s
Sun Nov  7 12:45:01 CET 2021
Ping: 22.384 ms
Download: 316.77 Mbit/s
Upload: 19.70 Mbit/s
Sun Nov  7 13:45:01 CET 2021
Ping: 22.037 ms
Download: 250.68 Mbit/s
Upload: 19.39 Mbit/s
Sun Nov  7 14:45:01 CET 2021
Ping: 26.455 ms
Download: 275.93 Mbit/s
Upload: 19.04 Mbit/s
Sun Nov  7 15:45:01 CET 2021
Ping: 25.406 ms
Download: 280.15 Mbit/s
Upload: 19.10 Mbit/s
Sun Nov  7 16:45:02 CET 2021
Ping: 27.697 ms
Download: 271.75 Mbit/s
Upload: 19.33 Mbit/s
Sun Nov  7 17:45:01 CET 2021
Ping: 26.822 ms
Download: 292.42 Mbit/s
Upload: 19.04 Mbit/s
Sun Nov  7 18:45:01 CET 2021
Ping: 26.859 ms
Download: 235.72 Mbit/s
Upload: 19.74 Mbit/s
Sun Nov  7 19:45:01 CET 2021
Ping: 24.167 ms
Download: 133.38 Mbit/s
Upload: 19.62 Mbit/s
Sun Nov  7 20:45:01 CET 2021
Ping: 24.223 ms
Download: 24.51 Mbit/s
Upload: 16.60 Mbit/s
Sun Nov  7 21:45:01 CET 2021
Ping: 28.215 ms
Download: 259.89 Mbit/s
Upload: 19.39 Mbit/s
Sun Nov  7 22:45:01 CET 2021
Ping: 24.428 ms
Download: 49.03 Mbit/s
Upload: 19.36 Mbit/s
Sun Nov  7 23:45:01 CET 2021
Ping: 23.151 ms
Download: 301.56 Mbit/s
Upload: 19.63 Mbit/s
Mon Nov  8 00:45:01 CET 2021
Ping: 18.603 ms
Download: 343.45 Mbit/s
Upload: 19.41 Mbit/s
Mon Nov  8 01:45:01 CET 2021
Ping: 18.497 ms
Download: 287.47 Mbit/s
Upload: 19.67 Mbit/s
Mon Nov  8 02:45:01 CET 2021
Ping: 25.036 ms
Download: 205.26 Mbit/s
Upload: 19.60 Mbit/s
Mon Nov  8 03:45:02 CET 2021
Ping: 22.819 ms
Download: 114.39 Mbit/s
Upload: 19.77 Mbit/s
Mon Nov  8 04:45:01 CET 2021
Ping: 23.492 ms
Download: 109.93 Mbit/s
Upload: 19.77 Mbit/s
Mon Nov  8 05:45:01 CET 2021
Ping: 24.808 ms
Download: 222.11 Mbit/s
Upload: 19.70 Mbit/s
Mon Nov  8 06:45:01 CET 2021
Ping: 24.158 ms
Download: 227.50 Mbit/s
Upload: 19.55 Mbit/s
Mon Nov  8 07:45:01 CET 2021
Ping: 25.154 ms
Download: 266.05 Mbit/s
Upload: 19.73 Mbit/s
Mon Nov  8 08:45:01 CET 2021
Ping: 26.014 ms
Download: 230.59 Mbit/s
Upload: 19.57 Mbit/s
Mon Nov  8 09:45:01 CET 2021
Ping: 23.634 ms
Download: 270.22 Mbit/s
Upload: 19.48 Mbit/s
Mon Nov  8 10:45:01 CET 2021
Ping: 24.621 ms
Download: 262.94 Mbit/s
Upload: 19.36 Mbit/s
Mon Nov  8 11:45:01 CET 2021
Ping: 22.24 ms
Download: 252.52 Mbit/s
Upload: 19.46 Mbit/s
Mon Nov  8 12:45:01 CET 2021
Ping: 19.816 ms
Download: 242.00 Mbit/s
Upload: 15.06 Mbit/s
Mon Nov  8 13:45:01 CET 2021
Ping: 17.813 ms
Download: 331.78 Mbit/s
Upload: 19.61 Mbit/s
Mon Nov  8 14:45:01 CET 2021
Ping: 23.177 ms
Download: 297.92 Mbit/s
Upload: 19.45 Mbit/s
Mon Nov  8 15:45:01 CET 2021
Ping: 24.143 ms
Download: 199.34 Mbit/s
Upload: 19.23 Mbit/s
Mon Nov  8 16:45:01 CET 2021
Ping: 22.811 ms
Download: 212.55 Mbit/s
Upload: 19.44 Mbit/s
Mon Nov  8 17:45:01 CET 2021
Ping: 25.467 ms
Download: 288.42 Mbit/s
Upload: 19.49 Mbit/s
Mon Nov  8 18:45:01 CET 2021
Ping: 24.995 ms
Download: 235.07 Mbit/s
Upload: 19.47 Mbit/s
Mon Nov  8 19:45:01 CET 2021
Ping: 24.467 ms
Download: 217.63 Mbit/s
Upload: 19.72 Mbit/s
Mon Nov  8 20:45:01 CET 2021
Ping: 23.655 ms
Download: 43.89 Mbit/s
Upload: 18.16 Mbit/s
Mon Nov  8 21:45:01 CET 2021
Ping: 25.32 ms
Download: 267.69 Mbit/s
Upload: 19.36 Mbit/s
Mon Nov  8 22:45:01 CET 2021
Ping: 21.739 ms
Download: 270.35 Mbit/s
Upload: 19.67 Mbit/s
Mon Nov  8 23:45:01 CET 2021
Ping: 20.589 ms
Download: 304.33 Mbit/s
Upload: 19.45 Mbit/s
Tue Nov  9 00:45:01 CET 2021
Ping: 21.268 ms
Download: 288.31 Mbit/s
Upload: 19.73 Mbit/s
Tue Nov  9 01:45:01 CET 2021
Ping: 25.036 ms
Download: 264.37 Mbit/s
Upload: 19.76 Mbit/s
Tue Nov  9 02:45:02 CET 2021
Ping: 22.232 ms
Download: 314.63 Mbit/s
Upload: 19.35 Mbit/s
Tue Nov  9 03:45:01 CET 2021
Ping: 17.459 ms
Download: 292.42 Mbit/s
Upload: 19.61 Mbit/s
Tue Nov  9 04:45:01 CET 2021
Ping: 17.739 ms
Download: 280.76 Mbit/s
Upload: 19.23 Mbit/s
Tue Nov  9 05:45:01 CET 2021
Ping: 27.981 ms
Download: 176.35 Mbit/s
Upload: 18.99 Mbit/s
Tue Nov  9 06:45:01 CET 2021
Ping: 28.346 ms
Download: 281.50 Mbit/s
Upload: 18.75 Mbit/s
Tue Nov  9 07:45:01 CET 2021
Ping: 27.978 ms
Download: 208.84 Mbit/s
Upload: 19.74 Mbit/s
Tue Nov  9 08:45:01 CET 2021
Ping: 29.193 ms
Download: 272.80 Mbit/s
Upload: 19.16 Mbit/s
Tue Nov  9 09:45:01 CET 2021
Ping: 24.508 ms
Download: 257.88 Mbit/s
Upload: 14.60 Mbit/s
Tue Nov  9 10:45:02 CET 2021
Ping: 23.79 ms
Download: 270.38 Mbit/s
Upload: 18.43 Mbit/s
Tue Nov  9 11:45:01 CET 2021
Ping: 23.13 ms
Download: 217.09 Mbit/s
Upload: 19.78 Mbit/s
Tue Nov  9 12:45:01 CET 2021
Ping: 25.847 ms
Download: 326.94 Mbit/s
Upload: 12.40 Mbit/s
Tue Nov  9 13:45:01 CET 2021
Ping: 23.083 ms
Download: 255.25 Mbit/s
Upload: 18.89 Mbit/s
Tue Nov  9 14:45:01 CET 2021
Ping: 24.634 ms
Download: 289.81 Mbit/s
Upload: 19.05 Mbit/s
Tue Nov  9 15:45:01 CET 2021
Ping: 22.993 ms
Download: 263.85 Mbit/s
Upload: 19.66 Mbit/s
Tue Nov  9 16:45:01 CET 2021
Ping: 24.48 ms
Download: 308.52 Mbit/s
Upload: 19.71 Mbit/s
Tue Nov  9 17:45:01 CET 2021
Ping: 21.302 ms
Download: 255.94 Mbit/s
Upload: 19.55 Mbit/s
Tue Nov  9 18:45:01 CET 2021
Ping: 18.668 ms
Download: 341.38 Mbit/s
Upload: 19.15 Mbit/s
Tue Nov  9 19:45:01 CET 2021
Ping: 21.087 ms
Download: 297.13 Mbit/s
Upload: 19.35 Mbit/s
Tue Nov  9 20:45:01 CET 2021
Ping: 20.787 ms
Download: 268.15 Mbit/s
Upload: 19.59 Mbit/s
Tue Nov  9 21:45:01 CET 2021
Ping: 25.928 ms
Download: 266.03 Mbit/s
Upload: 14.42 Mbit/s
Tue Nov  9 22:45:01 CET 2021
Ping: 22.517 ms
Download: 262.14 Mbit/s
Upload: 15.12 Mbit/s
Tue Nov  9 23:45:01 CET 2021
Ping: 19.455 ms
Download: 262.90 Mbit/s
Upload: 13.31 Mbit/s
Wed Nov 10 00:45:01 CET 2021
Ping: 24.136 ms
Download: 282.39 Mbit/s
Upload: 14.16 Mbit/s
Wed Nov 10 01:45:01 CET 2021
Ping: 23.239 ms
Download: 289.13 Mbit/s
Upload: 17.17 Mbit/s
Wed Nov 10 02:45:01 CET 2021
Ping: 23.016 ms
Download: 264.48 Mbit/s
Upload: 19.50 Mbit/s
Wed Nov 10 03:45:01 CET 2021
Ping: 23.356 ms
Download: 285.80 Mbit/s
Upload: 19.18 Mbit/s
Wed Nov 10 04:45:01 CET 2021
Ping: 21.487 ms
Download: 346.83 Mbit/s
Upload: 19.65 Mbit/s
Wed Nov 10 05:45:01 CET 2021
Ping: 21.015 ms
Download: 260.04 Mbit/s
Upload: 19.45 Mbit/s
Wed Nov 10 06:45:01 CET 2021
Ping: 24.86 ms
Download: 324.46 Mbit/s
Upload: 19.45 Mbit/s
Wed Nov 10 07:45:01 CET 2021
Ping: 24.365 ms
Download: 253.02 Mbit/s
Upload: 19.64 Mbit/s
Wed Nov 10 08:45:01 CET 2021
Ping: 18.649 ms
Download: 294.65 Mbit/s
Upload: 19.49 Mbit/s
Wed Nov 10 09:45:01 CET 2021
Ping: 23.023 ms
Download: 285.76 Mbit/s
Upload: 15.23 Mbit/s
Wed Nov 10 10:45:01 CET 2021
Ping: 24.4 ms
Download: 313.01 Mbit/s
Upload: 19.03 Mbit/s
Wed Nov 10 11:45:01 CET 2021
Ping: 24.815 ms
Download: 180.22 Mbit/s
Upload: 18.03 Mbit/s
Wed Nov 10 12:45:01 CET 2021
Ping: 22.954 ms
Download: 223.25 Mbit/s
Upload: 15.40 Mbit/s
Wed Nov 10 13:45:01 CET 2021
Ping: 24.157 ms
Download: 305.07 Mbit/s
Upload: 16.71 Mbit/s
Wed Nov 10 14:45:02 CET 2021
Ping: 24.513 ms
Download: 261.74 Mbit/s
Upload: 19.71 Mbit/s
Wed Nov 10 15:45:01 CET 2021
Ping: 21.41 ms
Download: 226.39 Mbit/s
Upload: 18.96 Mbit/s
Wed Nov 10 16:45:01 CET 2021
Ping: 23.686 ms
Download: 315.64 Mbit/s
Upload: 18.97 Mbit/s
Wed Nov 10 17:45:01 CET 2021
Ping: 23.005 ms
Download: 209.96 Mbit/s
Upload: 19.65 Mbit/s
Wed Nov 10 18:45:01 CET 2021
Ping: 27.474 ms
Download: 337.93 Mbit/s
Upload: 19.57 Mbit/s
Wed Nov 10 19:45:01 CET 2021
Ping: 23.438 ms
Download: 267.90 Mbit/s
Upload: 19.56 Mbit/s
Wed Nov 10 20:45:01 CET 2021
Ping: 25.084 ms
Download: 260.20 Mbit/s
Upload: 19.43 Mbit/s
Wed Nov 10 21:45:01 CET 2021
Ping: 24.487 ms
Download: 232.41 Mbit/s
Upload: 19.83 Mbit/s
Wed Nov 10 22:45:01 CET 2021
Ping: 24.909 ms
Download: 41.76 Mbit/s
Upload: 18.90 Mbit/s
Wed Nov 10 23:45:01 CET 2021
Ping: 24.988 ms
Download: 51.78 Mbit/s
Upload: 19.41 Mbit/s
Thu Nov 11 00:45:01 CET 2021
Ping: 24.199 ms
Download: 285.51 Mbit/s
Upload: 15.78 Mbit/s
Thu Nov 11 01:45:01 CET 2021
Ping: 22.477 ms
Download: 65.02 Mbit/s
Upload: 19.62 Mbit/s
Thu Nov 11 02:45:01 CET 2021
Ping: 22.327 ms
Download: 147.21 Mbit/s
Upload: 16.54 Mbit/s
Thu Nov 11 03:45:01 CET 2021
Ping: 24.958 ms
Download: 241.78 Mbit/s
Upload: 10.92 Mbit/s
Thu Nov 11 04:45:01 CET 2021
Ping: 25.817 ms
Download: 270.12 Mbit/s
Upload: 17.76 Mbit/s
Thu Nov 11 05:45:02 CET 2021
Ping: 20.392 ms
Download: 322.86 Mbit/s
Upload: 19.77 Mbit/s
Thu Nov 11 06:45:01 CET 2021
Ping: 21.071 ms
Download: 301.09 Mbit/s
Upload: 19.76 Mbit/s
Thu Nov 11 07:45:01 CET 2021
Ping: 21.206 ms
Download: 217.00 Mbit/s
Upload: 19.80 Mbit/s
Thu Nov 11 08:45:01 CET 2021
Ping: 22.826 ms
Download: 239.16 Mbit/s
Upload: 19.38 Mbit/s
Thu Nov 11 09:45:01 CET 2021
Ping: 22.474 ms
Download: 292.85 Mbit/s
Upload: 18.86 Mbit/s
Thu Nov 11 10:45:01 CET 2021
Ping: 23.031 ms
Download: 303.87 Mbit/s
Upload: 19.35 Mbit/s
Thu Nov 11 11:45:01 CET 2021
Ping: 25.323 ms
Download: 287.59 Mbit/s
Upload: 19.05 Mbit/s
Thu Nov 11 12:45:01 CET 2021
Ping: 24.767 ms
Download: 228.38 Mbit/s
Upload: 19.88 Mbit/s
Thu Nov 11 13:45:01 CET 2021
Ping: 25.164 ms
Download: 291.56 Mbit/s
Upload: 19.70 Mbit/s
Thu Nov 11 14:45:01 CET 2021
Ping: 22.957 ms
Download: 232.12 Mbit/s
Upload: 15.61 Mbit/s
Thu Nov 11 15:45:01 CET 2021
Ping: 25.728 ms
Download: 240.44 Mbit/s
Upload: 16.92 Mbit/s
Thu Nov 11 16:45:01 CET 2021
Ping: 27.247 ms
Download: 233.97 Mbit/s
Upload: 16.21 Mbit/s
Thu Nov 11 17:45:01 CET 2021
Ping: 24.882 ms
Download: 284.32 Mbit/s
Upload: 19.71 Mbit/s
Thu Nov 11 18:45:01 CET 2021
Ping: 26.628 ms
Download: 289.42 Mbit/s
Upload: 19.21 Mbit/s
Thu Nov 11 19:45:01 CET 2021
Ping: 26.497 ms
Download: 282.00 Mbit/s
Upload: 18.52 Mbit/s
Thu Nov 11 20:45:01 CET 2021
Ping: 25.377 ms
Download: 232.92 Mbit/s
Upload: 19.65 Mbit/s
Thu Nov 11 21:45:01 CET 2021
Ping: 22.159 ms
Download: 280.71 Mbit/s
Upload: 14.42 Mbit/s
Thu Nov 11 22:45:01 CET 2021
Ping: 22.792 ms
Download: 225.38 Mbit/s
Upload: 19.66 Mbit/s
Thu Nov 11 23:45:01 CET 2021
Ping: 22.48 ms
Download: 287.30 Mbit/s
Upload: 19.23 Mbit/s
Fri Nov 12 00:45:02 CET 2021
Ping: 16.765 ms
Download: 289.83 Mbit/s
Upload: 19.63 Mbit/s
Fri Nov 12 01:45:01 CET 2021
Ping: 20.329 ms
Download: 320.35 Mbit/s
Upload: 19.27 Mbit/s
Fri Nov 12 02:45:01 CET 2021
Ping: 22.74 ms
Download: 269.00 Mbit/s
Upload: 19.58 Mbit/s
Fri Nov 12 03:45:01 CET 2021
Ping: 22.377 ms
Download: 105.66 Mbit/s
Upload: 19.17 Mbit/s
Fri Nov 12 04:45:01 CET 2021
Ping: 20.685 ms
Download: 337.82 Mbit/s
Upload: 19.71 Mbit/s
Fri Nov 12 05:45:01 CET 2021
Ping: 24.193 ms
Download: 285.43 Mbit/s
Upload: 19.11 Mbit/s
Fri Nov 12 06:45:01 CET 2021
Ping: 24.966 ms
Download: 62.81 Mbit/s
Upload: 19.71 Mbit/s
Fri Nov 12 07:45:01 CET 2021
Ping: 24.744 ms
Download: 230.73 Mbit/s
Upload: 19.47 Mbit/s
Fri Nov 12 08:45:01 CET 2021
Ping: 24.128 ms
Download: 240.05 Mbit/s
Upload: 16.79 Mbit/s
Fri Nov 12 09:45:01 CET 2021
Ping: 24.14 ms
Download: 251.05 Mbit/s
Upload: 19.21 Mbit/s
Fri Nov 12 10:45:01 CET 2021
Ping: 25.013 ms
Download: 232.40 Mbit/s
Upload: 19.16 Mbit/s
Fri Nov 12 11:45:01 CET 2021
Ping: 25.451 ms
Download: 239.78 Mbit/s
Upload: 19.15 Mbit/s
Fri Nov 12 12:45:01 CET 2021
Ping: 24.65 ms
Download: 186.08 Mbit/s
Upload: 17.08 Mbit/s
Fri Nov 12 13:45:01 CET 2021
Ping: 23.836 ms
Download: 241.73 Mbit/s
Upload: 19.39 Mbit/s
Fri Nov 12 14:45:01 CET 2021
Ping: 23.516 ms
Download: 348.48 Mbit/s
Upload: 17.73 Mbit/s
Fri Nov 12 15:45:01 CET 2021
Ping: 22.947 ms
Download: 236.42 Mbit/s
Upload: 19.02 Mbit/s
Fri Nov 12 16:45:01 CET 2021
Ping: 22.377 ms
Download: 345.66 Mbit/s
Upload: 16.34 Mbit/s
Fri Nov 12 17:45:01 CET 2021
Ping: 23.653 ms
Download: 297.64 Mbit/s
Upload: 19.55 Mbit/s
Fri Nov 12 18:45:01 CET 2021
Ping: 21.987 ms
Download: 284.94 Mbit/s
Upload: 19.53 Mbit/s
Fri Nov 12 19:45:01 CET 2021
Ping: 22.711 ms
Download: 286.79 Mbit/s
Upload: 19.72 Mbit/s
Fri Nov 12 20:45:01 CET 2021
Ping: 27.44 ms
Download: 305.11 Mbit/s
Upload: 15.64 Mbit/s
Fri Nov 12 21:45:01 CET 2021
Ping: 25.471 ms
Download: 159.59 Mbit/s
Upload: 16.63 Mbit/s
Fri Nov 12 22:45:01 CET 2021
Ping: 25.359 ms
Download: 238.69 Mbit/s
Upload: 19.51 Mbit/s
Fri Nov 12 23:45:01 CET 2021
Ping: 23.658 ms
Download: 222.71 Mbit/s
Upload: 19.83 Mbit/s
Sat Nov 13 00:45:02 CET 2021
Ping: 23.818 ms
Download: 258.96 Mbit/s
Upload: 19.76 Mbit/s
Sat Nov 13 01:45:01 CET 2021
Ping: 22.7 ms
Download: 263.77 Mbit/s
Upload: 19.53 Mbit/s
Sat Nov 13 02:45:01 CET 2021
Ping: 24.956 ms
Download: 236.12 Mbit/s
Upload: 19.53 Mbit/s
Sat Nov 13 03:45:01 CET 2021
Ping: 24.296 ms
Download: 276.60 Mbit/s
Upload: 19.60 Mbit/s
Sat Nov 13 04:45:01 CET 2021
Ping: 25.0 ms
Download: 196.67 Mbit/s
Upload: 19.83 Mbit/s
Sat Nov 13 05:45:01 CET 2021
Ping: 23.892 ms
Download: 244.98 Mbit/s
Upload: 19.37 Mbit/s
Sat Nov 13 06:45:02 CET 2021
Ping: 23.399 ms
Download: 302.37 Mbit/s
Upload: 19.26 Mbit/s
Sat Nov 13 07:45:01 CET 2021
Ping: 27.464 ms
Download: 264.05 Mbit/s
Upload: 19.45 Mbit/s
Sat Nov 13 08:45:02 CET 2021
Ping: 28.387 ms
Download: 317.81 Mbit/s
Upload: 19.18 Mbit/s
Sat Nov 13 09:45:01 CET 2021
Ping: 23.036 ms
Download: 316.35 Mbit/s
Upload: 19.08 Mbit/s
Sat Nov 13 10:45:01 CET 2021
Ping: 24.34 ms
Download: 139.07 Mbit/s
Upload: 19.43 Mbit/s
Sat Nov 13 11:45:01 CET 2021
Ping: 22.351 ms
Download: 269.13 Mbit/s
Upload: 19.45 Mbit/s
Sat Nov 13 12:45:01 CET 2021
Ping: 24.956 ms
Download: 188.96 Mbit/s
Upload: 19.68 Mbit/s
Sat Nov 13 13:45:01 CET 2021
Ping: 20.222 ms
Download: 273.28 Mbit/s
Upload: 19.10 Mbit/s
Sat Nov 13 14:45:01 CET 2021
Ping: 25.583 ms
Download: 209.79 Mbit/s
Upload: 19.96 Mbit/s
Sat Nov 13 15:45:01 CET 2021
Ping: 25.478 ms
Download: 181.98 Mbit/s
Upload: 18.68 Mbit/s
Sat Nov 13 16:45:01 CET 2021
Ping: 25.423 ms
Download: 203.16 Mbit/s
Upload: 19.26 Mbit/s
Sat Nov 13 17:45:01 CET 2021
Ping: 19.65 ms
Download: 320.86 Mbit/s
Upload: 19.50 Mbit/s
Sat Nov 13 18:45:01 CET 2021
Ping: 21.582 ms
Download: 305.30 Mbit/s
Upload: 19.38 Mbit/s
Sat Nov 13 19:45:01 CET 2021
Ping: 18.653 ms
Download: 295.77 Mbit/s
Upload: 19.31 Mbit/s
Sat Nov 13 20:45:02 CET 2021
Ping: 23.127 ms
Download: 294.67 Mbit/s
Upload: 19.68 Mbit/s
Sat Nov 13 21:45:01 CET 2021
Ping: 24.477 ms
Download: 265.17 Mbit/s
Upload: 19.79 Mbit/s
Sat Nov 13 22:45:01 CET 2021
Ping: 20.565 ms
Download: 286.93 Mbit/s
Upload: 19.43 Mbit/s
Sat Nov 13 23:45:01 CET 2021
Ping: 23.521 ms
Download: 306.54 Mbit/s
Upload: 19.79 Mbit/s
Sun Nov 14 00:45:01 CET 2021
Ping: 23.492 ms
Download: 149.53 Mbit/s
Upload: 19.59 Mbit/s
Sun Nov 14 01:45:01 CET 2021
Ping: 18.848 ms
Download: 315.81 Mbit/s
Upload: 19.66 Mbit/s
Sun Nov 14 02:45:01 CET 2021
Ping: 20.021 ms
Download: 284.47 Mbit/s
Upload: 19.59 Mbit/s
Sun Nov 14 03:45:01 CET 2021
Ping: 22.193 ms
Download: 313.43 Mbit/s
Upload: 14.15 Mbit/s
Sun Nov 14 04:45:01 CET 2021
Ping: 18.329 ms
Download: 270.59 Mbit/s
Upload: 13.97 Mbit/s
Sun Nov 14 05:45:01 CET 2021
Ping: 19.675 ms
Download: 235.77 Mbit/s
Upload: 13.14 Mbit/s
Sun Nov 14 06:45:01 CET 2021
Ping: 25.634 ms
Download: 351.65 Mbit/s
Upload: 19.80 Mbit/s
Sun Nov 14 07:45:01 CET 2021
Ping: 24.005 ms
Download: 327.19 Mbit/s
Upload: 17.75 Mbit/s
Sun Nov 14 08:45:01 CET 2021
Ping: 23.13 ms
Download: 160.00 Mbit/s
Upload: 19.62 Mbit/s
Sun Nov 14 09:45:01 CET 2021
Ping: 22.876 ms
Download: 292.98 Mbit/s
Upload: 19.77 Mbit/s
Sun Nov 14 10:45:01 CET 2021
Ping: 22.486 ms
Download: 242.72 Mbit/s
Upload: 19.59 Mbit/s
Sun Nov 14 11:45:01 CET 2021
Ping: 21.065 ms
Download: 215.22 Mbit/s
Upload: 19.73 Mbit/s
Sun Nov 14 12:45:01 CET 2021
Ping: 25.123 ms
Download: 308.63 Mbit/s
Upload: 19.60 Mbit/s
Sun Nov 14 13:45:01 CET 2021
Ping: 26.001 ms
Download: 309.47 Mbit/s
Upload: 19.58 Mbit/s
Sun Nov 14 14:45:01 CET 2021
Ping: 24.34 ms
Download: 247.60 Mbit/s
Upload: 18.83 Mbit/s
Sun Nov 14 15:45:02 CET 2021
Ping: 25.082 ms
Download: 320.49 Mbit/s
Upload: 19.12 Mbit/s
Sun Nov 14 16:45:01 CET 2021
Ping: 24.593 ms
Download: 194.00 Mbit/s
Upload: 19.28 Mbit/s
Sun Nov 14 17:45:01 CET 2021
Ping: 27.994 ms
Download: 264.53 Mbit/s
Upload: 19.42 Mbit/s
Sun Nov 14 18:45:01 CET 2021
Ping: 23.341 ms
Download: 319.51 Mbit/s
Upload: 18.61 Mbit/s
Sun Nov 14 19:45:01 CET 2021
Ping: 21.937 ms
Download: 222.21 Mbit/s
Upload: 19.36 Mbit/s
Sun Nov 14 20:45:01 CET 2021
Ping: 23.391 ms
Download: 249.59 Mbit/s
Upload: 19.41 Mbit/s
Sun Nov 14 21:45:02 CET 2021
Ping: 24.675 ms
Download: 233.68 Mbit/s
Upload: 14.70 Mbit/s
Sun Nov 14 22:45:01 CET 2021
Ping: 18.489 ms
Download: 263.36 Mbit/s
Upload: 16.13 Mbit/s
Sun Nov 14 23:45:01 CET 2021
Ping: 18.139 ms
Download: 235.84 Mbit/s
Upload: 14.23 Mbit/s
Mon Nov 15 00:45:01 CET 2021
Ping: 20.309 ms
Download: 246.74 Mbit/s
Upload: 13.43 Mbit/s
Mon Nov 15 01:45:01 CET 2021
Ping: 22.129 ms
Download: 242.86 Mbit/s
Upload: 13.67 Mbit/s
Mon Nov 15 02:45:01 CET 2021
Ping: 18.499 ms
Download: 274.86 Mbit/s
Upload: 14.28 Mbit/s
Mon Nov 15 03:45:01 CET 2021
Ping: 21.678 ms
Download: 262.82 Mbit/s
Upload: 19.13 Mbit/s
Mon Nov 15 04:45:01 CET 2021
Ping: 20.32 ms
Download: 301.08 Mbit/s
Upload: 19.58 Mbit/s
Mon Nov 15 05:45:01 CET 2021
Ping: 19.165 ms
Download: 289.00 Mbit/s
Upload: 19.49 Mbit/s
Mon Nov 15 06:45:01 CET 2021
Ping: 23.247 ms
Download: 294.07 Mbit/s
Upload: 19.52 Mbit/s
Mon Nov 15 07:45:01 CET 2021
Ping: 24.681 ms
Download: 247.44 Mbit/s
Upload: 19.68 Mbit/s
Mon Nov 15 08:45:02 CET 2021
Ping: 24.303 ms
Download: 301.43 Mbit/s
Upload: 19.58 Mbit/s
Mon Nov 15 09:45:01 CET 2021
Ping: 25.143 ms
Download: 17.75 Mbit/s
Upload: 13.42 Mbit/s
Mon Nov 15 10:45:01 CET 2021
Ping: 19.633 ms
Download: 271.59 Mbit/s
Upload: 19.60 Mbit/s
Mon Nov 15 11:45:02 CET 2021
Ping: 20.45 ms
Download: 272.59 Mbit/s
Upload: 19.71 Mbit/s
Mon Nov 15 12:45:01 CET 2021
Ping: 23.906 ms
Download: 63.72 Mbit/s
Upload: 19.41 Mbit/s
Mon Nov 15 13:45:01 CET 2021
Ping: 25.64 ms
Download: 230.77 Mbit/s
Upload: 18.92 Mbit/s
Mon Nov 15 14:45:02 CET 2021
Ping: 25.639 ms
Download: 200.03 Mbit/s
Upload: 19.86 Mbit/s
Mon Nov 15 15:45:01 CET 2021
Ping: 23.494 ms
Download: 100.26 Mbit/s
Upload: 19.29 Mbit/s
Mon Nov 15 16:45:01 CET 2021
Ping: 26.171 ms
Download: 328.37 Mbit/s
Upload: 19.22 Mbit/s
Mon Nov 15 17:45:01 CET 2021
Ping: 24.786 ms
Download: 169.97 Mbit/s
Upload: 19.02 Mbit/s
Mon Nov 15 18:45:01 CET 2021
Ping: 25.985 ms
Download: 255.04 Mbit/s
Upload: 19.26 Mbit/s
Mon Nov 15 19:45:01 CET 2021
Ping: 25.219 ms
Download: 271.49 Mbit/s
Upload: 19.44 Mbit/s
Mon Nov 15 20:45:01 CET 2021
Ping: 26.389 ms
Download: 268.58 Mbit/s
Upload: 19.36 Mbit/s
Mon Nov 15 21:45:01 CET 2021
Ping: 25.153 ms
Download: 275.80 Mbit/s
Upload: 14.88 Mbit/s
Mon Nov 15 22:45:01 CET 2021
Ping: 24.044 ms
Download: 296.37 Mbit/s
Upload: 18.87 Mbit/s
Mon Nov 15 23:45:01 CET 2021
Ping: 24.687 ms
Download: 226.50 Mbit/s
Upload: 19.67 Mbit/s
Tue Nov 16 00:45:01 CET 2021
Ping: 24.288 ms
Download: 278.94 Mbit/s
Upload: 19.55 Mbit/s
Tue Nov 16 01:45:01 CET 2021
Ping: 23.441 ms
Download: 272.17 Mbit/s
Upload: 19.81 Mbit/s
Tue Nov 16 02:45:01 CET 2021
Ping: 25.028 ms
Download: 293.25 Mbit/s
Upload: 19.39 Mbit/s
Tue Nov 16 03:45:01 CET 2021
Ping: 23.804 ms
Download: 136.60 Mbit/s
Upload: 19.14 Mbit/s
Tue Nov 16 04:45:01 CET 2021
Ping: 24.644 ms
Download: 192.13 Mbit/s
Upload: 19.08 Mbit/s
Tue Nov 16 05:45:01 CET 2021
Ping: 24.241 ms
Download: 160.83 Mbit/s
Upload: 19.76 Mbit/s
Tue Nov 16 06:45:01 CET 2021
Ping: 27.862 ms
Download: 212.37 Mbit/s
Upload: 19.62 Mbit/s
Tue Nov 16 07:45:02 CET 2021
Ping: 29.676 ms
Download: 248.44 Mbit/s
Upload: 19.54 Mbit/s
Tue Nov 16 08:45:01 CET 2021
Ping: 23.728 ms
Download: 261.28 Mbit/s
Upload: 19.43 Mbit/s
Tue Nov 16 09:45:01 CET 2021
Ping: 25.857 ms
Download: 264.76 Mbit/s
Upload: 18.66 Mbit/s
Tue Nov 16 10:45:01 CET 2021
Ping: 23.822 ms
Download: 238.57 Mbit/s
Upload: 16.66 Mbit/s
Tue Nov 16 11:45:01 CET 2021
Ping: 24.477 ms
Download: 253.81 Mbit/s
Upload: 19.20 Mbit/s
Tue Nov 16 12:45:02 CET 2021
Ping: 25.636 ms
Download: 326.29 Mbit/s
Upload: 19.31 Mbit/s
Tue Nov 16 13:45:01 CET 2021
Ping: 26.747 ms
Download: 238.15 Mbit/s
Upload: 19.10 Mbit/s
Tue Nov 16 14:45:01 CET 2021
Ping: 24.329 ms
Download: 256.47 Mbit/s
Upload: 18.72 Mbit/s
Tue Nov 16 15:45:01 CET 2021
Ping: 24.77 ms
Download: 261.51 Mbit/s
Upload: 19.16 Mbit/s
Tue Nov 16 16:45:01 CET 2021
Ping: 19.777 ms
Download: 278.62 Mbit/s
Upload: 18.62 Mbit/s
Tue Nov 16 17:45:01 CET 2021
Ping: 19.337 ms
Download: 287.09 Mbit/s
Upload: 19.69 Mbit/s
Tue Nov 16 18:45:01 CET 2021
Ping: 22.587 ms
Download: 270.09 Mbit/s
Upload: 19.77 Mbit/s
Tue Nov 16 19:45:01 CET 2021
Ping: 24.417 ms
Download: 49.88 Mbit/s
Upload: 19.28 Mbit/s
Tue Nov 16 20:45:01 CET 2021
Ping: 22.692 ms
Download: 271.38 Mbit/s
Upload: 19.51 Mbit/s
Tue Nov 16 21:45:02 CET 2021
Ping: 23.648 ms
Download: 245.62 Mbit/s
Upload: 19.37 Mbit/s
Tue Nov 16 22:45:01 CET 2021
Ping: 23.756 ms
Download: 199.24 Mbit/s
Upload: 19.28 Mbit/s
Tue Nov 16 23:45:01 CET 2021
Ping: 23.714 ms
Download: 47.38 Mbit/s
Upload: 19.58 Mbit/s
Wed Nov 17 00:45:02 CET 2021
Ping: 23.382 ms
Download: 292.25 Mbit/s
Upload: 19.62 Mbit/s
Wed Nov 17 01:45:01 CET 2021
Ping: 25.083 ms
Download: 329.67 Mbit/s
Upload: 19.66 Mbit/s
Wed Nov 17 02:45:01 CET 2021
Ping: 24.87 ms
Download: 274.51 Mbit/s
Upload: 19.31 Mbit/s
Wed Nov 17 03:45:01 CET 2021
Ping: 22.957 ms
Download: 292.70 Mbit/s
Upload: 15.85 Mbit/s
Wed Nov 17 04:45:01 CET 2021
Ping: 17.99 ms
Download: 307.13 Mbit/s
Upload: 13.34 Mbit/s
Wed Nov 17 05:45:01 CET 2021
Ping: 22.341 ms
Download: 271.53 Mbit/s
Upload: 13.16 Mbit/s
Wed Nov 17 06:45:01 CET 2021
Ping: 22.412 ms
Download: 155.60 Mbit/s
Upload: 19.56 Mbit/s
Wed Nov 17 07:45:01 CET 2021
Ping: 24.512 ms
Download: 247.50 Mbit/s
Upload: 19.20 Mbit/s
Wed Nov 17 08:45:01 CET 2021
Ping: 23.86 ms
Download: 256.82 Mbit/s
Upload: 19.37 Mbit/s
Wed Nov 17 09:45:01 CET 2021
Ping: 24.829 ms
Download: 173.45 Mbit/s
Upload: 19.66 Mbit/s
Wed Nov 17 10:45:01 CET 2021
Ping: 24.444 ms
Download: 208.24 Mbit/s
Upload: 19.41 Mbit/s
Wed Nov 17 11:45:01 CET 2021
Ping: 24.295 ms
Download: 304.52 Mbit/s
Upload: 19.29 Mbit/s
Wed Nov 17 12:45:01 CET 2021
Ping: 25.022 ms
Download: 230.66 Mbit/s
Upload: 19.72 Mbit/s
Wed Nov 17 13:45:01 CET 2021
Ping: 25.234 ms
Download: 88.05 Mbit/s
Upload: 19.76 Mbit/s
Wed Nov 17 14:45:01 CET 2021
Ping: 24.108 ms
Download: 240.70 Mbit/s
Upload: 19.74 Mbit/s
Wed Nov 17 15:45:01 CET 2021
Ping: 22.746 ms
Download: 277.48 Mbit/s
Upload: 19.52 Mbit/s
Wed Nov 17 16:45:01 CET 2021
Ping: 18.106 ms
Download: 274.81 Mbit/s
Upload: 6.80 Mbit/s
Wed Nov 17 17:45:01 CET 2021
Ping: 18.919 ms
Download: 244.23 Mbit/s
Upload: 19.38 Mbit/s
Wed Nov 17 18:45:01 CET 2021
Ping: 22.957 ms
Download: 85.51 Mbit/s
Upload: 17.00 Mbit/s
Wed Nov 17 19:45:01 CET 2021
Ping: 24.01 ms
Download: 46.82 Mbit/s
Upload: 17.55 Mbit/s
Wed Nov 17 20:45:01 CET 2021
Ping: 23.577 ms
Download: 57.32 Mbit/s
Upload: 2.88 Mbit/s
Wed Nov 17 21:45:01 CET 2021
Ping: 21.617 ms
Download: 275.23 Mbit/s
Upload: 19.59 Mbit/s
Wed Nov 17 22:45:01 CET 2021
Ping: 19.493 ms
Download: 289.68 Mbit/s
Upload: 19.69 Mbit/s
Wed Nov 17 23:45:01 CET 2021
Ping: 21.161 ms
Download: 255.20 Mbit/s
Upload: 19.66 Mbit/s
Thu Nov 18 00:45:02 CET 2021
Ping: 24.076 ms
Download: 299.42 Mbit/s
Upload: 19.08 Mbit/s
Thu Nov 18 01:45:01 CET 2021
Ping: 24.974 ms
Download: 290.39 Mbit/s
Upload: 15.03 Mbit/s
Thu Nov 18 02:45:01 CET 2021
Ping: 24.513 ms
Download: 206.30 Mbit/s
Upload: 19.92 Mbit/s
Thu Nov 18 03:45:01 CET 2021
Ping: 23.842 ms
Download: 265.60 Mbit/s
Upload: 18.33 Mbit/s
Thu Nov 18 04:45:01 CET 2021
Ping: 22.914 ms
Download: 212.84 Mbit/s
Upload: 15.93 Mbit/s
Thu Nov 18 05:45:01 CET 2021
Ping: 23.313 ms
Download: 363.07 Mbit/s
Upload: 17.86 Mbit/s
Thu Nov 18 06:45:01 CET 2021
Ping: 22.753 ms
Download: 298.64 Mbit/s
Upload: 19.34 Mbit/s
Thu Nov 18 07:45:02 CET 2021
Ping: 23.18 ms
Download: 137.95 Mbit/s
Upload: 19.29 Mbit/s
Thu Nov 18 08:45:01 CET 2021
Ping: 25.836 ms
Download: 330.21 Mbit/s
Upload: 19.24 Mbit/s
Thu Nov 18 09:45:01 CET 2021
Ping: 22.923 ms
Download: 240.55 Mbit/s
Upload: 19.12 Mbit/s
Thu Nov 18 10:45:01 CET 2021
Ping: 23.86 ms
Download: 193.71 Mbit/s
Upload: 18.98 Mbit/s
Thu Nov 18 11:45:01 CET 2021
Ping: 21.655 ms
Download: 325.76 Mbit/s
Upload: 19.04 Mbit/s
Thu Nov 18 12:45:01 CET 2021
Ping: 21.563 ms
Download: 203.50 Mbit/s
Upload: 19.75 Mbit/s
Thu Nov 18 13:45:01 CET 2021
Ping: 24.459 ms
Download: 269.35 Mbit/s
Upload: 19.38 Mbit/s
Thu Nov 18 14:45:01 CET 2021
Ping: 23.98 ms
Download: 192.15 Mbit/s
Upload: 18.49 Mbit/s
Thu Nov 18 15:45:02 CET 2021
Ping: 23.239 ms
Download: 308.57 Mbit/s
Upload: 19.25 Mbit/s
Thu Nov 18 16:45:01 CET 2021
Ping: 22.638 ms
Download: 288.12 Mbit/s
Upload: 19.26 Mbit/s
Thu Nov 18 17:45:01 CET 2021
Ping: 26.22 ms
Download: 252.67 Mbit/s
Upload: 19.39 Mbit/s
Thu Nov 18 18:45:01 CET 2021
Ping: 21.918 ms
Download: 322.75 Mbit/s
Upload: 19.63 Mbit/s
Thu Nov 18 19:45:01 CET 2021
Ping: 21.859 ms
Download: 212.25 Mbit/s
Upload: 18.70 Mbit/s
Thu Nov 18 20:45:01 CET 2021
Ping: 25.15 ms
Download: 213.86 Mbit/s
Upload: 19.62 Mbit/s
Thu Nov 18 21:45:01 CET 2021
Ping: 24.008 ms
Download: 210.53 Mbit/s
Upload: 19.39 Mbit/s
Thu Nov 18 22:45:01 CET 2021
Ping: 23.773 ms
Download: 284.44 Mbit/s
Upload: 14.41 Mbit/s
Thu Nov 18 23:45:02 CET 2021
Ping: 24.169 ms
Download: 256.54 Mbit/s
Upload: 19.19 Mbit/s
Fri Nov 19 00:45:01 CET 2021
Ping: 25.368 ms
Download: 229.65 Mbit/s
Upload: 19.80 Mbit/s
Fri Nov 19 01:45:01 CET 2021
Ping: 22.617 ms
Download: 58.14 Mbit/s
Upload: 19.52 Mbit/s
Fri Nov 19 02:45:01 CET 2021
Ping: 24.331 ms
Download: 266.19 Mbit/s
Upload: 19.30 Mbit/s
Fri Nov 19 03:45:01 CET 2021
Ping: 22.468 ms
Download: 107.98 Mbit/s
Upload: 19.26 Mbit/s
Fri Nov 19 04:45:01 CET 2021
Ping: 22.516 ms
Download: 140.76 Mbit/s
Upload: 19.60 Mbit/s
Fri Nov 19 05:45:01 CET 2021
Ping: 19.674 ms
Download: 332.18 Mbit/s
Upload: 19.57 Mbit/s
Fri Nov 19 06:45:01 CET 2021
Ping: 21.995 ms
Download: 307.97 Mbit/s
Upload: 19.42 Mbit/s
Fri Nov 19 07:45:01 CET 2021
Ping: 22.651 ms
Download: 166.06 Mbit/s
Upload: 19.64 Mbit/s
Fri Nov 19 08:45:01 CET 2021
Ping: 22.836 ms
Download: 240.67 Mbit/s
Upload: 19.81 Mbit/s
Fri Nov 19 09:45:01 CET 2021
Ping: 22.691 ms
Download: 277.17 Mbit/s
Upload: 19.43 Mbit/s
Fri Nov 19 10:45:01 CET 2021
Ping: 25.185 ms
Download: 269.68 Mbit/s
Upload: 19.21 Mbit/s
Fri Nov 19 11:45:01 CET 2021
Ping: 23.987 ms
Download: 299.36 Mbit/s
Upload: 19.80 Mbit/s
Fri Nov 19 12:45:01 CET 2021
Ping: 23.182 ms
Download: 173.41 Mbit/s
Upload: 18.55 Mbit/s
Fri Nov 19 13:45:01 CET 2021
Ping: 23.398 ms
Download: 266.19 Mbit/s
Upload: 19.66 Mbit/s
Fri Nov 19 14:45:01 CET 2021
Ping: 23.083 ms
Download: 274.74 Mbit/s
Upload: 19.88 Mbit/s
Fri Nov 19 15:45:01 CET 2021
Ping: 25.246 ms
Download: 114.39 Mbit/s
Upload: 17.63 Mbit/s
Fri Nov 19 16:45:02 CET 2021
Ping: 24.161 ms
Download: 116.53 Mbit/s
Upload: 19.40 Mbit/s
Fri Nov 19 17:45:01 CET 2021
Ping: 24.048 ms
Download: 134.85 Mbit/s
Upload: 18.44 Mbit/s
Fri Nov 19 18:45:01 CET 2021
Ping: 24.128 ms
Download: 90.44 Mbit/s
Upload: 19.49 Mbit/s
Fri Nov 19 19:45:01 CET 2021
Ping: 22.977 ms
Download: 268.43 Mbit/s
Upload: 19.62 Mbit/s
Fri Nov 19 20:45:01 CET 2021
Ping: 22.344 ms
Download: 254.95 Mbit/s
Upload: 14.91 Mbit/s
Fri Nov 19 21:45:01 CET 2021
Ping: 26.987 ms
Download: 268.03 Mbit/s
Upload: 14.11 Mbit/s
Fri Nov 19 22:45:01 CET 2021
Ping: 27.317 ms
Download: 55.63 Mbit/s
Upload: 18.25 Mbit/s
Fri Nov 19 23:45:01 CET 2021
Ping: 24.14 ms
Download: 59.36 Mbit/s
Upload: 19.54 Mbit/s
Sat Nov 20 00:45:01 CET 2021
Ping: 23.879 ms
Download: 58.63 Mbit/s
Upload: 19.22 Mbit/s
Sat Nov 20 01:45:01 CET 2021
Ping: 24.63 ms
Download: 268.03 Mbit/s
Upload: 19.62 Mbit/s
Sat Nov 20 02:45:01 CET 2021
Ping: 24.121 ms
Download: 337.44 Mbit/s
Upload: 10.99 Mbit/s
Sat Nov 20 03:45:01 CET 2021
Ping: 24.654 ms
Download: 336.60 Mbit/s
Upload: 19.76 Mbit/s
Sat Nov 20 04:45:01 CET 2021
Ping: 26.992 ms
Download: 197.86 Mbit/s
Upload: 19.32 Mbit/s
Sat Nov 20 05:45:02 CET 2021
Ping: 25.58 ms
Download: 265.16 Mbit/s
Upload: 19.67 Mbit/s
Sat Nov 20 06:45:01 CET 2021
Ping: 27.681 ms
Download: 275.39 Mbit/s
Upload: 19.67 Mbit/s
Sat Nov 20 07:45:01 CET 2021
Ping: 26.358 ms
Download: 256.34 Mbit/s
Upload: 19.00 Mbit/s
Sat Nov 20 08:45:01 CET 2021
Ping: 23.629 ms
Download: 254.99 Mbit/s
Upload: 18.78 Mbit/s
Sat Nov 20 09:45:01 CET 2021
Ping: 25.805 ms
Download: 257.74 Mbit/s
Upload: 19.05 Mbit/s
Sat Nov 20 10:45:01 CET 2021
Ping: 26.841 ms
Download: 88.30 Mbit/s
Upload: 19.21 Mbit/s
Sat Nov 20 11:45:02 CET 2021
Ping: 24.405 ms
Download: 107.92 Mbit/s
Upload: 18.98 Mbit/s
Sat Nov 20 12:45:02 CET 2021
Ping: 22.99 ms
Download: 78.31 Mbit/s
Upload: 19.07 Mbit/s
Sat Nov 20 13:45:01 CET 2021
Ping: 24.934 ms
Download: 221.28 Mbit/s
Upload: 19.92 Mbit/s
Sat Nov 20 14:45:01 CET 2021
Ping: 22.945 ms
Download: 300.50 Mbit/s
Upload: 19.68 Mbit/s
Sat Nov 20 15:45:01 CET 2021
Ping: 23.143 ms
Download: 341.84 Mbit/s
Upload: 19.59 Mbit/s
Sat Nov 20 16:45:01 CET 2021
Ping: 23.001 ms
Download: 366.41 Mbit/s
Upload: 19.27 Mbit/s
Sat Nov 20 17:45:01 CET 2021
Ping: 22.631 ms
Download: 357.99 Mbit/s
Upload: 19.73 Mbit/s
Sat Nov 20 18:45:01 CET 2021
Ping: 25.849 ms
Download: 265.44 Mbit/s
Upload: 19.47 Mbit/s
Sat Nov 20 19:45:01 CET 2021
Ping: 23.99 ms
Download: 247.18 Mbit/s
Upload: 19.21 Mbit/s
Sat Nov 20 20:45:01 CET 2021
Ping: 17.977 ms
Download: 295.12 Mbit/s
Upload: 13.92 Mbit/s
Sat Nov 20 21:45:01 CET 2021
Ping: 21.305 ms
Download: 257.41 Mbit/s
Upload: 12.98 Mbit/s
Sat Nov 20 22:45:01 CET 2021
Ping: 25.222 ms
Download: 296.70 Mbit/s
Upload: 19.65 Mbit/s
Sat Nov 20 23:45:01 CET 2021
Ping: 21.501 ms
Download: 259.63 Mbit/s
Upload: 19.36 Mbit/s
Sun Nov 21 00:45:01 CET 2021
Ping: 24.474 ms
Download: 250.13 Mbit/s
Upload: 19.55 Mbit/s
Sun Nov 21 01:45:01 CET 2021
Ping: 26.201 ms
Download: 123.33 Mbit/s
Upload: 19.01 Mbit/s
Sun Nov 21 02:45:01 CET 2021
Ping: 23.964 ms
Download: 263.22 Mbit/s
Upload: 19.65 Mbit/s
Sun Nov 21 03:45:01 CET 2021
Ping: 23.963 ms
Download: 344.70 Mbit/s
Upload: 19.58 Mbit/s
Sun Nov 21 04:45:01 CET 2021
Ping: 28.176 ms
Download: 116.05 Mbit/s
Upload: 19.35 Mbit/s
Sun Nov 21 05:45:02 CET 2021
Ping: 26.785 ms
Download: 292.59 Mbit/s
Upload: 19.80 Mbit/s
Sun Nov 21 06:45:01 CET 2021
Ping: 26.787 ms
Download: 253.65 Mbit/s
Upload: 17.59 Mbit/s
Sun Nov 21 07:45:01 CET 2021
Ping: 25.826 ms
Download: 149.76 Mbit/s
Upload: 19.63 Mbit/s
Sun Nov 21 08:45:01 CET 2021
Ping: 24.523 ms
Download: 239.23 Mbit/s
Upload: 19.50 Mbit/s
Sun Nov 21 09:45:01 CET 2021
Ping: 25.134 ms
Download: 254.59 Mbit/s
Upload: 19.39 Mbit/s
Sun Nov 21 10:45:01 CET 2021
Ping: 22.154 ms
Download: 268.48 Mbit/s
Upload: 19.52 Mbit/s
Sun Nov 21 11:45:01 CET 2021
Ping: 17.382 ms
Download: 285.99 Mbit/s
Upload: 13.96 Mbit/s
Sun Nov 21 12:45:01 CET 2021
Ping: 20.696 ms
Download: 290.43 Mbit/s
Upload: 15.14 Mbit/s
Sun Nov 21 13:45:01 CET 2021
Ping: 19.673 ms
Download: 301.56 Mbit/s
Upload: 14.42 Mbit/s
Sun Nov 21 14:45:01 CET 2021
Ping: 24.695 ms
Download: 241.07 Mbit/s
Upload: 19.74 Mbit/s
Sun Nov 21 15:45:01 CET 2021
Ping: 25.311 ms
Download: 282.09 Mbit/s
Upload: 19.21 Mbit/s
Sun Nov 21 16:45:01 CET 2021
Ping: 28.738 ms
Download: 221.38 Mbit/s
Upload: 19.61 Mbit/s
Sun Nov 21 17:45:01 CET 2021
Ping: 25.154 ms
Download: 292.69 Mbit/s
Upload: 19.53 Mbit/s
Sun Nov 21 18:45:01 CET 2021
Ping: 20.966 ms
Download: 350.76 Mbit/s
Upload: 19.50 Mbit/s
Sun Nov 21 19:45:01 CET 2021
Ping: 23.928 ms
Download: 258.04 Mbit/s
Upload: 19.83 Mbit/s
Sun Nov 21 20:45:01 CET 2021
Ping: 22.219 ms
Download: 252.17 Mbit/s
Upload: 13.22 Mbit/s
Sun Nov 21 21:45:01 CET 2021
Ping: 24.052 ms
Download: 287.32 Mbit/s
Upload: 14.13 Mbit/s
Sun Nov 21 22:45:01 CET 2021
Ping: 18.44 ms
Download: 243.31 Mbit/s
Upload: 13.83 Mbit/s
Sun Nov 21 23:45:01 CET 2021
Ping: 22.636 ms
Download: 83.27 Mbit/s
Upload: 19.63 Mbit/s
Mon Nov 22 00:45:01 CET 2021
Ping: 23.618 ms
Download: 76.02 Mbit/s
Upload: 18.85 Mbit/s
Mon Nov 22 01:45:01 CET 2021
Ping: 23.463 ms
Download: 105.92 Mbit/s
Upload: 19.65 Mbit/s
Mon Nov 22 02:45:01 CET 2021
Ping: 20.548 ms
Download: 252.35 Mbit/s
Upload: 11.47 Mbit/s
Mon Nov 22 03:45:01 CET 2021
Ping: 23.81 ms
Download: 198.43 Mbit/s
Upload: 19.40 Mbit/s
Mon Nov 22 04:45:01 CET 2021
Ping: 18.155 ms
Download: 250.93 Mbit/s
Upload: 13.91 Mbit/s
Mon Nov 22 05:45:01 CET 2021
Ping: 24.837 ms
Download: 244.66 Mbit/s
Upload: 19.57 Mbit/s
Mon Nov 22 06:45:01 CET 2021
Ping: 23.974 ms
Download: 172.15 Mbit/s
Upload: 19.64 Mbit/s
Mon Nov 22 07:45:01 CET 2021
Ping: 24.408 ms
Download: 274.01 Mbit/s
Upload: 19.78 Mbit/s
Mon Nov 22 08:45:01 CET 2021
Ping: 25.715 ms
Download: 75.62 Mbit/s
Upload: 19.43 Mbit/s
Mon Nov 22 09:45:01 CET 2021
Ping: 26.264 ms
Download: 259.05 Mbit/s
Upload: 18.77 Mbit/s
Mon Nov 22 10:45:01 CET 2021
Ping: 23.903 ms
Download: 107.61 Mbit/s
Upload: 19.29 Mbit/s
Mon Nov 22 11:45:01 CET 2021
Ping: 23.493 ms
Download: 146.39 Mbit/s
Upload: 15.99 Mbit/s
Mon Nov 22 12:45:01 CET 2021
Ping: 24.468 ms
Download: 78.58 Mbit/s
Upload: 19.22 Mbit/s
Mon Nov 22 13:45:01 CET 2021
Ping: 22.993 ms
Download: 97.28 Mbit/s
Upload: 19.53 Mbit/s
Mon Nov 22 14:45:01 CET 2021
Ping: 23.077 ms
Download: 299.28 Mbit/s
Upload: 15.63 Mbit/s
Mon Nov 22 15:45:01 CET 2021
Ping: 25.639 ms
Download: 317.24 Mbit/s
Upload: 19.43 Mbit/s
Mon Nov 22 16:45:01 CET 2021
Ping: 23.141 ms
Download: 262.45 Mbit/s
Upload: 19.58 Mbit/s
Mon Nov 22 17:45:01 CET 2021
Ping: 18.853 ms
Download: 298.49 Mbit/s
Upload: 19.44 Mbit/s
Mon Nov 22 18:45:01 CET 2021
Ping: 20.808 ms
Download: 307.79 Mbit/s
Upload: 19.06 Mbit/s
Mon Nov 22 19:45:01 CET 2021
Ping: 23.486 ms
Download: 221.69 Mbit/s
Upload: 19.63 Mbit/s
Mon Nov 22 20:45:01 CET 2021
Ping: 27.588 ms
Download: 253.31 Mbit/s
Upload: 19.27 Mbit/s
Mon Nov 22 21:45:01 CET 2021
Ping: 26.985 ms
Download: 234.07 Mbit/s
Upload: 18.98 Mbit/s
Mon Nov 22 22:45:01 CET 2021
Ping: 25.349 ms
Download: 317.07 Mbit/s
Upload: 16.37 Mbit/s
Mon Nov 22 23:45:01 CET 2021
Ping: 28.238 ms
Download: 286.59 Mbit/s
Upload: 19.19 Mbit/s
Tue Nov 23 00:45:01 CET 2021
Ping: 24.279 ms
Download: 254.90 Mbit/s
Upload: 19.05 Mbit/s
Tue Nov 23 01:45:01 CET 2021
Ping: 25.4 ms
Download: 250.61 Mbit/s
Upload: 19.50 Mbit/s
Tue Nov 23 02:45:01 CET 2021
Ping: 24.663 ms
Download: 242.99 Mbit/s
Upload: 19.44 Mbit/s
Tue Nov 23 03:45:01 CET 2021
Ping: 25.632 ms
Download: 268.24 Mbit/s
Upload: 19.71 Mbit/s
Tue Nov 23 04:45:01 CET 2021
Ping: 24.514 ms
Download: 260.47 Mbit/s
Upload: 19.32 Mbit/s
Tue Nov 23 05:45:01 CET 2021
Ping: 27.17 ms
Download: 294.36 Mbit/s
Upload: 19.01 Mbit/s
Tue Nov 23 06:45:02 CET 2021
Ping: 25.417 ms
Download: 166.52 Mbit/s
Upload: 19.61 Mbit/s
Tue Nov 23 07:45:01 CET 2021
Ping: 24.989 ms
Download: 287.76 Mbit/s
Upload: 19.45 Mbit/s
Tue Nov 23 08:45:01 CET 2021
Ping: 28.582 ms
Download: 271.45 Mbit/s
Upload: 19.04 Mbit/s
Tue Nov 23 09:45:01 CET 2021
Ping: 23.851 ms
Download: 241.70 Mbit/s
Upload: 19.51 Mbit/s
Tue Nov 23 10:45:01 CET 2021
Ping: 23.759 ms
Download: 243.05 Mbit/s
Upload: 18.39 Mbit/s
Tue Nov 23 11:45:01 CET 2021
Ping: 23.943 ms
Download: 93.00 Mbit/s
Upload: 18.75 Mbit/s
Tue Nov 23 12:45:01 CET 2021
Ping: 24.856 ms
Download: 117.47 Mbit/s
Upload: 19.36 Mbit/s
Tue Nov 23 13:45:01 CET 2021
Ping: 27.096 ms
Download: 261.78 Mbit/s
Upload: 18.92 Mbit/s
Tue Nov 23 14:45:01 CET 2021
Ping: 22.741 ms
Download: 308.02 Mbit/s
Upload: 19.42 Mbit/s
Tue Nov 23 15:45:02 CET 2021
Ping: 17.724 ms
Download: 255.35 Mbit/s
Upload: 19.49 Mbit/s
Tue Nov 23 16:45:02 CET 2021
Ping: 19.766 ms
Download: 319.23 Mbit/s
Upload: 19.59 Mbit/s
Tue Nov 23 17:45:01 CET 2021
Ping: 26.42 ms
Download: 235.44 Mbit/s
Upload: 19.46 Mbit/s
Tue Nov 23 18:45:01 CET 2021
Ping: 21.762 ms
Download: 154.28 Mbit/s
Upload: 14.70 Mbit/s
Tue Nov 23 19:45:01 CET 2021
Ping: 22.297 ms
Download: 223.78 Mbit/s
Upload: 19.48 Mbit/s
Tue Nov 23 20:45:01 CET 2021
Ping: 26.976 ms
Download: 214.49 Mbit/s
Upload: 19.69 Mbit/s
Tue Nov 23 21:45:01 CET 2021
Ping: 26.217 ms
Download: 201.48 Mbit/s
Upload: 19.48 Mbit/s
Tue Nov 23 22:45:02 CET 2021
Ping: 22.272 ms
Download: 306.50 Mbit/s
Upload: 18.95 Mbit/s
Tue Nov 23 23:45:01 CET 2021
Ping: 27.753 ms
Download: 243.12 Mbit/s
Upload: 19.61 Mbit/s
Wed Nov 24 00:45:02 CET 2021
Ping: 26.307 ms
Download: 278.10 Mbit/s
Upload: 19.44 Mbit/s
Wed Nov 24 01:45:01 CET 2021
Ping: 27.647 ms
Download: 260.44 Mbit/s
Upload: 19.05 Mbit/s
Wed Nov 24 02:45:01 CET 2021
Ping: 22.459 ms
Download: 86.01 Mbit/s
Upload: 19.84 Mbit/s
Wed Nov 24 03:45:01 CET 2021
Ping: 22.176 ms
Download: 303.15 Mbit/s
Upload: 19.80 Mbit/s
Wed Nov 24 04:45:02 CET 2021
Ping: 20.906 ms
Download: 309.91 Mbit/s
Upload: 19.57 Mbit/s
Wed Nov 24 05:45:01 CET 2021
Ping: 26.793 ms
Download: 223.65 Mbit/s
Upload: 18.90 Mbit/s
Wed Nov 24 06:45:01 CET 2021
Ping: 28.608 ms
Download: 249.09 Mbit/s
Upload: 19.60 Mbit/s
Wed Nov 24 07:45:01 CET 2021
Ping: 28.33 ms
Download: 227.56 Mbit/s
Upload: 18.87 Mbit/s
Wed Nov 24 08:45:01 CET 2021
Ping: 27.163 ms
Download: 270.77 Mbit/s
Upload: 19.12 Mbit/s
Wed Nov 24 09:45:01 CET 2021
Ping: 22.587 ms
Download: 258.12 Mbit/s
Upload: 19.07 Mbit/s
Wed Nov 24 10:45:01 CET 2021
Ping: 24.474 ms
Download: 220.42 Mbit/s
Upload: 18.76 Mbit/s
Wed Nov 24 11:45:01 CET 2021
Ping: 30.168 ms
Download: 277.53 Mbit/s
Upload: 19.46 Mbit/s
Wed Nov 24 12:45:01 CET 2021
Ping: 28.184 ms
Download: 251.38 Mbit/s
Upload: 19.31 Mbit/s
Wed Nov 24 13:45:01 CET 2021
Ping: 26.167 ms
Download: 250.62 Mbit/s
Upload: 19.34 Mbit/s
Wed Nov 24 14:45:01 CET 2021
Ping: 30.211 ms
Download: 244.01 Mbit/s
Upload: 19.17 Mbit/s
Wed Nov 24 15:45:01 CET 2021
Ping: 24.921 ms
Download: 278.18 Mbit/s
Upload: 19.16 Mbit/s
Wed Nov 24 16:45:01 CET 2021
Ping: 24.294 ms
Download: 246.83 Mbit/s
Upload: 18.53 Mbit/s
Wed Nov 24 17:45:01 CET 2021
Ping: 26.807 ms
Download: 239.56 Mbit/s
Upload: 19.41 Mbit/s
Wed Nov 24 18:45:01 CET 2021
Ping: 25.35 ms
Download: 207.85 Mbit/s
Upload: 19.29 Mbit/s
Wed Nov 24 19:45:01 CET 2021
Ping: 24.464 ms
Download: 232.33 Mbit/s
Upload: 19.80 Mbit/s
Wed Nov 24 20:45:01 CET 2021
Ping: 24.779 ms
Download: 334.51 Mbit/s
Upload: 19.55 Mbit/s
Wed Nov 24 21:45:01 CET 2021
Ping: 26.64 ms
Download: 244.88 Mbit/s
Upload: 19.67 Mbit/s
Wed Nov 24 22:45:01 CET 2021
Ping: 25.514 ms
Download: 233.47 Mbit/s
Upload: 18.95 Mbit/s
Wed Nov 24 23:45:01 CET 2021
Ping: 22.136 ms
Download: 302.24 Mbit/s
Upload: 19.49 Mbit/s
Thu Nov 25 00:45:01 CET 2021
Ping: 21.472 ms
Download: 270.95 Mbit/s
Upload: 19.49 Mbit/s
Thu Nov 25 01:45:01 CET 2021
Ping: 20.621 ms
Download: 265.68 Mbit/s
Upload: 19.66 Mbit/s
Thu Nov 25 02:45:02 CET 2021
Ping: 26.842 ms
Download: 257.64 Mbit/s
Upload: 19.29 Mbit/s
Thu Nov 25 03:45:01 CET 2021
Ping: 27.991 ms
Download: 221.72 Mbit/s
Upload: 19.41 Mbit/s
Thu Nov 25 04:45:02 CET 2021
Ping: 25.673 ms
Download: 189.58 Mbit/s
Upload: 19.25 Mbit/s
Thu Nov 25 05:45:01 CET 2021
Ping: 24.569 ms
Download: 332.08 Mbit/s
Upload: 19.15 Mbit/s
Thu Nov 25 06:45:01 CET 2021
Ping: 25.01 ms
Download: 213.78 Mbit/s
Upload: 19.69 Mbit/s
Thu Nov 25 07:45:01 CET 2021
Ping: 25.792 ms
Download: 92.52 Mbit/s
Upload: 19.62 Mbit/s
Thu Nov 25 08:45:01 CET 2021
Ping: 24.903 ms
Download: 77.87 Mbit/s
Upload: 19.50 Mbit/s
Thu Nov 25 09:45:02 CET 2021
Ping: 24.612 ms
Download: 267.80 Mbit/s
Upload: 19.16 Mbit/s
Thu Nov 25 10:45:01 CET 2021
Ping: 23.647 ms
Download: 85.21 Mbit/s
Upload: 19.30 Mbit/s
Thu Nov 25 11:45:01 CET 2021
Ping: 26.076 ms
Download: 184.75 Mbit/s
Upload: 19.48 Mbit/s
Thu Nov 25 12:45:01 CET 2021
Ping: 22.359 ms
Download: 313.23 Mbit/s
Upload: 19.83 Mbit/s
Thu Nov 25 13:45:01 CET 2021
Ping: 19.505 ms
Download: 322.07 Mbit/s
Upload: 19.38 Mbit/s
Thu Nov 25 14:45:02 CET 2021
Ping: 18.858 ms
Download: 292.64 Mbit/s
Upload: 19.16 Mbit/s
Thu Nov 25 15:45:01 CET 2021
Ping: 25.806 ms
Download: 171.27 Mbit/s
Upload: 18.62 Mbit/s
Thu Nov 25 16:45:01 CET 2021
Ping: 26.334 ms
Download: 202.46 Mbit/s
Upload: 18.45 Mbit/s
Thu Nov 25 17:45:01 CET 2021
Ping: 24.881 ms
Download: 211.13 Mbit/s
Upload: 18.50 Mbit/s
Thu Nov 25 18:45:01 CET 2021
Ping: 24.495 ms
Download: 253.16 Mbit/s
Upload: 16.35 Mbit/s
Thu Nov 25 19:45:02 CET 2021
Ping: 18.598 ms
Download: 295.52 Mbit/s
Upload: 13.46 Mbit/s
Thu Nov 25 20:45:01 CET 2021
Ping: 18.657 ms
Download: 257.29 Mbit/s
Upload: 13.03 Mbit/s
Thu Nov 25 21:45:01 CET 2021
Ping: 19.518 ms
Download: 277.11 Mbit/s
Upload: 19.31 Mbit/s
Thu Nov 25 22:45:01 CET 2021
Ping: 23.996 ms
Download: 309.34 Mbit/s
Upload: 19.22 Mbit/s
Thu Nov 25 23:45:01 CET 2021
Ping: 20.497 ms
Download: 255.89 Mbit/s
Upload: 19.67 Mbit/s
Fri Nov 26 00:45:01 CET 2021
Ping: 25.1 ms
Download: 94.21 Mbit/s
Upload: 19.68 Mbit/s
Fri Nov 26 01:45:01 CET 2021
Ping: 23.004 ms
Download: 76.28 Mbit/s
Upload: 19.65 Mbit/s
Fri Nov 26 02:45:01 CET 2021
Ping: 23.825 ms
Download: 93.79 Mbit/s
Upload: 19.77 Mbit/s
Fri Nov 26 03:45:01 CET 2021
Ping: 21.985 ms
Download: 65.08 Mbit/s
Upload: 19.55 Mbit/s
Fri Nov 26 04:45:01 CET 2021
Ping: 24.658 ms
Download: 49.57 Mbit/s
Upload: 19.73 Mbit/s
Fri Nov 26 05:45:01 CET 2021
Ping: 23.154 ms
Download: 49.03 Mbit/s
Upload: 19.68 Mbit/s
Fri Nov 26 06:45:01 CET 2021
Ping: 23.655 ms
Download: 304.36 Mbit/s
Upload: 19.66 Mbit/s
Fri Nov 26 07:45:01 CET 2021
Ping: 26.332 ms
Download: 276.70 Mbit/s
Upload: 19.36 Mbit/s
Fri Nov 26 08:45:01 CET 2021
Ping: 24.685 ms
Download: 172.55 Mbit/s
Upload: 18.70 Mbit/s
Fri Nov 26 09:45:01 CET 2021
Ping: 23.491 ms
Download: 300.36 Mbit/s
Upload: 19.83 Mbit/s
Fri Nov 26 10:45:01 CET 2021
Ping: 23.735 ms
Download: 311.25 Mbit/s
Upload: 19.62 Mbit/s
Fri Nov 26 11:45:01 CET 2021
Ping: 22.904 ms
Download: 79.81 Mbit/s
Upload: 18.55 Mbit/s
Fri Nov 26 12:45:01 CET 2021
Ping: 23.001 ms
Download: 316.68 Mbit/s
Upload: 19.18 Mbit/s
Fri Nov 26 13:45:01 CET 2021
Ping: 19.009 ms
Download: 281.07 Mbit/s
Upload: 18.38 Mbit/s
Fri Nov 26 14:45:01 CET 2021
Ping: 19.842 ms
Download: 268.19 Mbit/s
Upload: 19.25 Mbit/s
Fri Nov 26 15:45:01 CET 2021
Ping: 23.716 ms
Download: 185.10 Mbit/s
Upload: 18.29 Mbit/s
Fri Nov 26 16:45:01 CET 2021
Ping: 22.799 ms
Download: 261.80 Mbit/s
Upload: 18.83 Mbit/s
Fri Nov 26 17:45:01 CET 2021
Ping: 18.65 ms
Download: 282.87 Mbit/s
Upload: 19.36 Mbit/s
Fri Nov 26 18:45:01 CET 2021
Ping: 22.073 ms
Download: 228.83 Mbit/s
Upload: 13.66 Mbit/s
Fri Nov 26 19:45:01 CET 2021
Ping: 18.234 ms
Download: 262.50 Mbit/s
Upload: 14.62 Mbit/s
Fri Nov 26 20:45:01 CET 2021
Ping: 22.067 ms
Download: 326.06 Mbit/s
Upload: 13.68 Mbit/s
Fri Nov 26 21:45:01 CET 2021
Ping: 21.991 ms
Download: 287.38 Mbit/s
Upload: 19.34 Mbit/s
Fri Nov 26 22:45:02 CET 2021
Ping: 21.757 ms
Download: 259.95 Mbit/s
Upload: 19.73 Mbit/s
Fri Nov 26 23:45:01 CET 2021
Ping: 21.679 ms
Download: 214.67 Mbit/s
Upload: 19.70 Mbit/s
Sat Nov 27 00:45:01 CET 2021
Ping: 24.517 ms
Download: 89.50 Mbit/s
Upload: 19.65 Mbit/s
Sat Nov 27 01:45:01 CET 2021
Ping: 22.222 ms
Download: 73.99 Mbit/s
Upload: 19.42 Mbit/s
Sat Nov 27 02:45:01 CET 2021
Ping: 22.392 ms
Download: 163.85 Mbit/s
Upload: 19.76 Mbit/s
Sat Nov 27 03:45:01 CET 2021
Ping: 23.123 ms
Download: 300.98 Mbit/s
Upload: 19.31 Mbit/s
Sat Nov 27 04:45:01 CET 2021
Ping: 19.123 ms
Download: 307.53 Mbit/s
Upload: 19.70 Mbit/s
Sat Nov 27 05:45:01 CET 2021
Ping: 19.591 ms
Download: 287.87 Mbit/s
Upload: 19.68 Mbit/s
Sat Nov 27 06:45:01 CET 2021
Ping: 23.936 ms
Download: 145.72 Mbit/s
Upload: 19.66 Mbit/s
Sat Nov 27 07:45:01 CET 2021
Ping: 25.929 ms
Download: 88.20 Mbit/s
Upload: 19.71 Mbit/s
Sat Nov 27 08:45:01 CET 2021
Ping: 26.025 ms
Download: 233.87 Mbit/s
Upload: 18.80 Mbit/s
Sat Nov 27 09:45:02 CET 2021
Ping: 23.415 ms
Download: 135.39 Mbit/s
Upload: 19.62 Mbit/s
Sat Nov 27 10:45:01 CET 2021
Ping: 24.317 ms
Download: 280.63 Mbit/s
Upload: 19.56 Mbit/s
Sat Nov 27 11:45:01 CET 2021
Ping: 21.766 ms
Download: 148.93 Mbit/s
Upload: 18.96 Mbit/s
Sat Nov 27 12:45:01 CET 2021
Ping: 22.356 ms
Download: 254.80 Mbit/s
Upload: 19.45 Mbit/s
Sat Nov 27 13:45:01 CET 2021
Ping: 18.653 ms
Download: 264.77 Mbit/s
Upload: 13.18 Mbit/s
Sat Nov 27 14:45:01 CET 2021
Ping: 19.61 ms
Download: 233.28 Mbit/s
Upload: 13.85 Mbit/s
Sat Nov 27 15:45:01 CET 2021
Ping: 23.096 ms
Download: 214.32 Mbit/s
Upload: 19.62 Mbit/s
Sat Nov 27 16:45:01 CET 2021
Ping: 23.967 ms
Download: 55.95 Mbit/s
Upload: 19.55 Mbit/s
Sat Nov 27 17:45:02 CET 2021
Ping: 21.723 ms
Download: 309.43 Mbit/s
Upload: 19.77 Mbit/s
Sat Nov 27 18:45:01 CET 2021
Ping: 24.965 ms
Download: 212.00 Mbit/s
Upload: 19.77 Mbit/s
Sat Nov 27 19:45:01 CET 2021
Ping: 24.092 ms
Download: 270.02 Mbit/s
Upload: 19.61 Mbit/s
Sat Nov 27 20:45:01 CET 2021
Ping: 23.345 ms
Download: 248.49 Mbit/s
Upload: 13.50 Mbit/s
Sat Nov 27 21:45:01 CET 2021
Ping: 24.159 ms
Download: 235.36 Mbit/s
Upload: 19.68 Mbit/s
Sat Nov 27 22:45:01 CET 2021
Ping: 24.684 ms
Download: 214.22 Mbit/s
Upload: 19.63 Mbit/s
Sat Nov 27 23:45:01 CET 2021
Ping: 23.225 ms
Download: 346.89 Mbit/s
Upload: 19.72 Mbit/s
Sun Nov 28 00:45:01 CET 2021
Ping: 24.549 ms
Download: 207.15 Mbit/s
Upload: 19.80 Mbit/s
Sun Nov 28 01:45:01 CET 2021
Ping: 24.148 ms
Download: 287.59 Mbit/s
Upload: 19.14 Mbit/s
Sun Nov 28 02:45:01 CET 2021
Ping: 24.907 ms
Download: 264.29 Mbit/s
Upload: 19.34 Mbit/s
Sun Nov 28 03:45:01 CET 2021
Ping: 23.938 ms
Download: 267.91 Mbit/s
Upload: 14.47 Mbit/s
Sun Nov 28 04:45:01 CET 2021
Ping: 18.775 ms
Download: 255.39 Mbit/s
Upload: 16.80 Mbit/s
Sun Nov 28 05:45:01 CET 2021
Ping: 19.314 ms
Download: 255.53 Mbit/s
Upload: 14.42 Mbit/s
Sun Nov 28 06:45:01 CET 2021
Ping: 26.504 ms
Download: 286.72 Mbit/s
Upload: 19.64 Mbit/s
Sun Nov 28 07:45:01 CET 2021
Ping: 23.928 ms
Download: 286.95 Mbit/s
Upload: 19.10 Mbit/s
Sun Nov 28 08:45:01 CET 2021
Ping: 26.233 ms
Download: 260.53 Mbit/s
Upload: 19.57 Mbit/s
Sun Nov 28 09:45:01 CET 2021
Ping: 26.787 ms
Download: 220.76 Mbit/s
Upload: 19.56 Mbit/s
Sun Nov 28 10:45:01 CET 2021
Ping: 25.413 ms
Download: 267.93 Mbit/s
Upload: 19.65 Mbit/s
Sun Nov 28 11:45:01 CET 2021
Ping: 25.857 ms
Download: 265.23 Mbit/s
Upload: 19.32 Mbit/s
Sun Nov 28 12:45:01 CET 2021
Ping: 24.307 ms
Download: 256.03 Mbit/s
Upload: 19.61 Mbit/s
Sun Nov 28 13:45:01 CET 2021
Ping: 28.625 ms
Download: 214.08 Mbit/s
Upload: 19.84 Mbit/s
Sun Nov 28 14:45:01 CET 2021
Ping: 24.769 ms
Download: 251.93 Mbit/s
Upload: 19.36 Mbit/s
Sun Nov 28 15:45:01 CET 2021
Ping: 23.715 ms
Download: 96.19 Mbit/s
Upload: 19.48 Mbit/s
Sun Nov 28 16:45:01 CET 2021
Ping: 25.129 ms
Download: 307.90 Mbit/s
Upload: 1.08 Mbit/s
Sun Nov 28 17:45:01 CET 2021
Ping: 25.682 ms
Download: 350.57 Mbit/s
Upload: 1.56 Mbit/s
Sun Nov 28 18:45:01 CET 2021
Ping: 22.049 ms
Download: 255.69 Mbit/s
Upload: 19.17 Mbit/s
Sun Nov 28 19:45:02 CET 2021
Ping: 21.729 ms
Download: 307.14 Mbit/s
Upload: 19.40 Mbit/s
Sun Nov 28 20:45:01 CET 2021
Ping: 20.396 ms
Download: 256.73 Mbit/s
Upload: 19.26 Mbit/s
Sun Nov 28 21:45:01 CET 2021
Ping: 22.086 ms
Download: 339.62 Mbit/s
Upload: 19.37 Mbit/s
Sun Nov 28 22:45:01 CET 2021
Ping: 23.202 ms
Download: 255.29 Mbit/s
Upload: 13.43 Mbit/s
Sun Nov 28 23:45:01 CET 2021
Ping: 18.824 ms
Download: 262.52 Mbit/s
Upload: 12.17 Mbit/s
Mon Nov 29 00:45:01 CET 2021
Ping: 24.185 ms
Download: 101.38 Mbit/s
Upload: 19.64 Mbit/s
Mon Nov 29 01:45:01 CET 2021
Ping: 23.655 ms
Download: 319.15 Mbit/s
Upload: 17.73 Mbit/s
Mon Nov 29 02:45:01 CET 2021
Ping: 23.345 ms
Download: 326.00 Mbit/s
Upload: 19.11 Mbit/s
Mon Nov 29 03:45:01 CET 2021
Ping: 21.992 ms
Download: 295.35 Mbit/s
Upload: 19.47 Mbit/s
Mon Nov 29 04:45:01 CET 2021
Ping: 19.453 ms
Download: 299.35 Mbit/s
Upload: 19.30 Mbit/s
Mon Nov 29 05:45:01 CET 2021
Ping: 18.817 ms
Download: 274.87 Mbit/s
Upload: 19.61 Mbit/s
Mon Nov 29 06:45:01 CET 2021
Ping: 22.997 ms
Download: 311.08 Mbit/s
Upload: 19.47 Mbit/s
Mon Nov 29 07:45:01 CET 2021
Ping: 27.044 ms
Download: 251.83 Mbit/s
Upload: 19.67 Mbit/s
Mon Nov 29 08:45:01 CET 2021
Ping: 25.488 ms
Download: 114.66 Mbit/s
Upload: 19.60 Mbit/s
Mon Nov 29 09:45:01 CET 2021
Ping: 22.714 ms
Download: 313.56 Mbit/s
Upload: 14.35 Mbit/s
Mon Nov 29 10:45:02 CET 2021
Ping: 19.455 ms
Download: 287.50 Mbit/s
Upload: 15.59 Mbit/s
Mon Nov 29 11:45:01 CET 2021
Ping: 19.493 ms
Download: 259.40 Mbit/s
Upload: 14.66 Mbit/s
Mon Nov 29 12:45:01 CET 2021
Ping: 23.952 ms
Download: 186.33 Mbit/s
Upload: 6.68 Mbit/s
Mon Nov 29 13:45:01 CET 2021
Ping: 25.684 ms
Download: 225.10 Mbit/s
Upload: 18.59 Mbit/s
Mon Nov 29 14:45:01 CET 2021
Ping: 25.466 ms
Download: 294.66 Mbit/s
Upload: 18.07 Mbit/s
Mon Nov 29 15:45:01 CET 2021
Ping: 25.654 ms
Download: 323.78 Mbit/s
Upload: 18.89 Mbit/s
Mon Nov 29 16:45:02 CET 2021
Ping: 24.101 ms
Download: 323.42 Mbit/s
Upload: 19.40 Mbit/s
Mon Nov 29 17:45:01 CET 2021
Ping: 25.509 ms
Download: 72.90 Mbit/s
Upload: 19.27 Mbit/s
Mon Nov 29 18:45:01 CET 2021
Ping: 24.259 ms
Download: 129.15 Mbit/s
Upload: 19.80 Mbit/s
Mon Nov 29 19:45:01 CET 2021
Ping: 25.31 ms
Download: 263.16 Mbit/s
Upload: 19.60 Mbit/s
Mon Nov 29 20:45:01 CET 2021
Ping: 26.582 ms
Download: 288.26 Mbit/s
Upload: 19.70 Mbit/s
Mon Nov 29 21:45:02 CET 2021
Ping: 25.996 ms
Download: 350.76 Mbit/s
Upload: 18.93 Mbit/s
Mon Nov 29 22:45:01 CET 2021
Ping: 23.24 ms
Download: 300.81 Mbit/s
Upload: 13.73 Mbit/s
Mon Nov 29 23:45:01 CET 2021
Ping: 22.838 ms
Download: 134.94 Mbit/s
Upload: 19.54 Mbit/s
Tue Nov 30 00:45:01 CET 2021
Ping: 23.183 ms
Download: 302.97 Mbit/s
Upload: 17.63 Mbit/s
Tue Nov 30 01:45:01 CET 2021
Ping: 21.208 ms
Download: 281.87 Mbit/s
Upload: 19.50 Mbit/s
Tue Nov 30 02:45:01 CET 2021
Ping: 22.336 ms
Download: 304.44 Mbit/s
Upload: 19.57 Mbit/s
Tue Nov 30 03:45:01 CET 2021
Ping: 22.315 ms
Download: 210.93 Mbit/s
Upload: 19.24 Mbit/s
Tue Nov 30 04:45:02 CET 2021
Ping: 23.092 ms
Download: 46.32 Mbit/s
Upload: 19.41 Mbit/s
Tue Nov 30 05:45:01 CET 2021
Ping: 22.906 ms
Download: 296.67 Mbit/s
Upload: 19.61 Mbit/s
Tue Nov 30 06:45:01 CET 2021
Ping: 22.737 ms
Download: 185.63 Mbit/s
Upload: 19.74 Mbit/s
Tue Nov 30 07:45:01 CET 2021
Ping: 22.358 ms
Download: 283.38 Mbit/s
Upload: 19.13 Mbit/s
Tue Nov 30 08:45:01 CET 2021
Ping: 23.829 ms
Download: 267.45 Mbit/s
Upload: 19.21 Mbit/s
Tue Nov 30 09:45:01 CET 2021
Ping: 18.238 ms
Download: 231.37 Mbit/s
Upload: 19.73 Mbit/s
Tue Nov 30 10:45:01 CET 2021
Ping: 24.112 ms
Download: 89.66 Mbit/s
Upload: 19.56 Mbit/s
Tue Nov 30 11:45:02 CET 2021
Ping: 24.442 ms
Download: 95.47 Mbit/s
Upload: 19.48 Mbit/s
Tue Nov 30 12:45:01 CET 2021
Ping: 23.643 ms
Download: 78.55 Mbit/s
Upload: 19.37 Mbit/s
Tue Nov 30 13:45:01 CET 2021
Ping: 24.669 ms
Download: 262.44 Mbit/s
Upload: 19.85 Mbit/s
Tue Nov 30 14:45:01 CET 2021
Ping: 24.721 ms
Download: 85.96 Mbit/s
Upload: 19.68 Mbit/s
Tue Nov 30 15:45:01 CET 2021
Ping: 23.936 ms
Download: 87.25 Mbit/s
Upload: 18.90 Mbit/s
Tue Nov 30 16:45:01 CET 2021
Ping: 23.054 ms
Download: 282.57 Mbit/s
Upload: 14.93 Mbit/s
Tue Nov 30 17:45:01 CET 2021
Ping: 18.692 ms
Download: 256.20 Mbit/s
Upload: 13.39 Mbit/s
Tue Nov 30 18:45:01 CET 2021
Ping: 19.986 ms
Download: 277.42 Mbit/s
Upload: 14.18 Mbit/s
Tue Nov 30 19:45:02 CET 2021
Ping: 23.436 ms
Download: 310.54 Mbit/s
Upload: 19.55 Mbit/s
Tue Nov 30 20:45:01 CET 2021
Ping: 22.347 ms
Download: 28.97 Mbit/s
Upload: 19.27 Mbit/s
Tue Nov 30 21:45:01 CET 2021
Ping: 25.156 ms
Download: 177.48 Mbit/s
Upload: 18.93 Mbit/s
Tue Nov 30 22:45:01 CET 2021
Ping: 22.991 ms
Download: 329.59 Mbit/s
Upload: 19.39 Mbit/s
Tue Nov 30 23:45:01 CET 2021
Ping: 22.634 ms
Download: 263.52 Mbit/s
Upload: 13.10 Mbit/s
