Fri Oct  1 00:45:01 CEST 2021
Ping: 22.352 ms
Download: 239.33 Mbit/s
Upload: 19.47 Mbit/s
Fri Oct  1 01:45:01 CEST 2021
Ping: 21.676 ms
Download: 230.08 Mbit/s
Upload: 19.47 Mbit/s
Fri Oct  1 02:45:01 CEST 2021
Ping: 22.336 ms
Download: 245.12 Mbit/s
Upload: 19.13 Mbit/s
Fri Oct  1 03:45:02 CEST 2021
Ping: 23.987 ms
Download: 317.18 Mbit/s
Upload: 19.31 Mbit/s
Fri Oct  1 04:45:01 CEST 2021
Ping: 24.429 ms
Download: 306.78 Mbit/s
Upload: 19.60 Mbit/s
Fri Oct  1 05:45:01 CEST 2021
Ping: 24.137 ms
Download: 312.37 Mbit/s
Upload: 13.02 Mbit/s
Fri Oct  1 06:45:01 CEST 2021
Ping: 24.364 ms
Download: 236.76 Mbit/s
Upload: 19.47 Mbit/s
Fri Oct  1 07:45:01 CEST 2021
Ping: 22.159 ms
Download: 352.28 Mbit/s
Upload: 16.32 Mbit/s
Fri Oct  1 08:45:01 CEST 2021
Ping: 22.823 ms
Download: 352.35 Mbit/s
Upload: 17.23 Mbit/s
Fri Oct  1 09:45:01 CEST 2021
Ping: 22.052 ms
Download: 324.87 Mbit/s
Upload: 19.44 Mbit/s
Fri Oct  1 10:45:01 CEST 2021
Ping: 24.599 ms
Download: 354.46 Mbit/s
Upload: 19.45 Mbit/s
Fri Oct  1 11:45:01 CEST 2021
Ping: 25.987 ms
Download: 256.06 Mbit/s
Upload: 19.57 Mbit/s
Fri Oct  1 12:45:01 CEST 2021
Ping: 25.94 ms
Download: 300.71 Mbit/s
Upload: 19.27 Mbit/s
Fri Oct  1 13:45:01 CEST 2021
Ping: 24.849 ms
Download: 60.31 Mbit/s
Upload: 18.79 Mbit/s
Fri Oct  1 14:45:01 CEST 2021
Ping: 23.369 ms
Download: 172.77 Mbit/s
Upload: 19.70 Mbit/s
Fri Oct  1 15:45:01 CEST 2021
Ping: 20.966 ms
Download: 156.89 Mbit/s
Upload: 18.82 Mbit/s
Fri Oct  1 16:45:01 CEST 2021
Ping: 23.892 ms
Download: 289.99 Mbit/s
Upload: 19.21 Mbit/s
Fri Oct  1 17:45:01 CEST 2021
Ping: 24.772 ms
Download: 284.33 Mbit/s
Upload: 19.50 Mbit/s
Fri Oct  1 18:45:01 CEST 2021
Ping: 25.074 ms
Download: 293.43 Mbit/s
Upload: 19.64 Mbit/s
Fri Oct  1 19:45:01 CEST 2021
Ping: 27.326 ms
Download: 287.22 Mbit/s
Upload: 19.32 Mbit/s
Fri Oct  1 20:45:01 CEST 2021
Ping: 26.485 ms
Download: 259.39 Mbit/s
Upload: 19.29 Mbit/s
Fri Oct  1 21:45:01 CEST 2021
Ping: 27.919 ms
Download: 202.65 Mbit/s
Upload: 19.21 Mbit/s
Fri Oct  1 22:45:01 CEST 2021
Ping: 23.411 ms
Download: 264.49 Mbit/s
Upload: 19.47 Mbit/s
Fri Oct  1 23:45:01 CEST 2021
Ping: 24.812 ms
Download: 58.11 Mbit/s
Upload: 19.29 Mbit/s
Sat Oct  2 00:45:01 CEST 2021
Ping: 23.951 ms
Download: 128.39 Mbit/s
Upload: 19.73 Mbit/s
Sat Oct  2 01:45:01 CEST 2021
Ping: 26.67 ms
Download: 262.42 Mbit/s
Upload: 19.69 Mbit/s
Sat Oct  2 02:45:01 CEST 2021
Ping: 24.172 ms
Download: 322.99 Mbit/s
Upload: 19.36 Mbit/s
Sat Oct  2 03:45:01 CEST 2021
Ping: 26.168 ms
Download: 283.66 Mbit/s
Upload: 19.67 Mbit/s
Sat Oct  2 04:45:01 CEST 2021
Ping: 23.607 ms
Download: 59.04 Mbit/s
Upload: 19.59 Mbit/s
Sat Oct  2 05:45:01 CEST 2021
Ping: 23.333 ms
Download: 95.56 Mbit/s
Upload: 19.74 Mbit/s
Sat Oct  2 06:45:01 CEST 2021
Ping: 22.236 ms
Download: 100.28 Mbit/s
Upload: 19.40 Mbit/s
Sat Oct  2 07:45:01 CEST 2021
Ping: 24.392 ms
Download: 243.85 Mbit/s
Upload: 18.96 Mbit/s
Sat Oct  2 08:45:01 CEST 2021
Ping: 21.136 ms
Download: 237.06 Mbit/s
Upload: 19.25 Mbit/s
Sat Oct  2 09:45:01 CEST 2021
Ping: 24.999 ms
Download: 361.15 Mbit/s
Upload: 18.47 Mbit/s
Sat Oct  2 10:45:01 CEST 2021
Ping: 25.275 ms
Download: 301.64 Mbit/s
Upload: 13.57 Mbit/s
Sat Oct  2 11:45:01 CEST 2021
Ping: 24.296 ms
Download: 260.85 Mbit/s
Upload: 16.71 Mbit/s
Sat Oct  2 12:45:01 CEST 2021
Ping: 23.17 ms
Download: 156.90 Mbit/s
Upload: 19.83 Mbit/s
Sat Oct  2 13:45:01 CEST 2021
Ping: 20.796 ms
Download: 259.43 Mbit/s
Upload: 19.41 Mbit/s
Sat Oct  2 14:45:01 CEST 2021
Ping: 23.149 ms
Download: 272.15 Mbit/s
Upload: 19.29 Mbit/s
Sat Oct  2 15:45:01 CEST 2021
Ping: 24.848 ms
Download: 247.30 Mbit/s
Upload: 18.70 Mbit/s
Sat Oct  2 16:45:01 CEST 2021
Ping: 25.884 ms
Download: 251.55 Mbit/s
Upload: 19.26 Mbit/s
Sat Oct  2 17:45:01 CEST 2021
Ping: 26.752 ms
Download: 213.24 Mbit/s
Upload: 19.27 Mbit/s
Sat Oct  2 18:45:01 CEST 2021
Ping: 25.82 ms
Download: 272.57 Mbit/s
Upload: 19.66 Mbit/s
Sat Oct  2 19:45:01 CEST 2021
Ping: 23.438 ms
Download: 321.32 Mbit/s
Upload: 14.36 Mbit/s
Sat Oct  2 20:45:01 CEST 2021
Ping: 23.606 ms
Download: 261.14 Mbit/s
Upload: 18.48 Mbit/s
Sat Oct  2 21:45:01 CEST 2021
Ping: 22.152 ms
Download: 292.36 Mbit/s
Upload: 19.09 Mbit/s
Sat Oct  2 22:45:01 CEST 2021
Ping: 23.849 ms
Download: 269.25 Mbit/s
Upload: 19.54 Mbit/s
Sat Oct  2 23:45:01 CEST 2021
Ping: 23.567 ms
Download: 314.70 Mbit/s
Upload: 18.92 Mbit/s
Sun Oct  3 00:45:01 CEST 2021
Ping: 25.294 ms
Download: 202.19 Mbit/s
Upload: 19.31 Mbit/s
Sun Oct  3 01:45:01 CEST 2021
Ping: 21.424 ms
Download: 317.89 Mbit/s
Upload: 13.82 Mbit/s
Sun Oct  3 02:45:01 CEST 2021
Ping: 18.973 ms
Download: 289.01 Mbit/s
Upload: 19.22 Mbit/s
Sun Oct  3 03:45:01 CEST 2021
Ping: 18.894 ms
Download: 292.62 Mbit/s
Upload: 19.53 Mbit/s
Sun Oct  3 04:45:01 CEST 2021
Ping: 21.21 ms
Download: 303.01 Mbit/s
Upload: 19.77 Mbit/s
Sun Oct  3 05:45:01 CEST 2021
Ping: 20.632 ms
Download: 228.84 Mbit/s
Upload: 19.15 Mbit/s
Sun Oct  3 06:45:01 CEST 2021
Ping: 21.785 ms
Download: 261.69 Mbit/s
Upload: 18.98 Mbit/s
Sun Oct  3 07:45:01 CEST 2021
Ping: 22.811 ms
Download: 327.78 Mbit/s
Upload: 19.80 Mbit/s
Sun Oct  3 08:45:01 CEST 2021
Ping: 19.963 ms
Download: 246.42 Mbit/s
Upload: 13.98 Mbit/s
Sun Oct  3 09:45:01 CEST 2021
Ping: 19.315 ms
Download: 204.04 Mbit/s
Upload: 13.70 Mbit/s
Sun Oct  3 10:45:01 CEST 2021
Ping: 24.336 ms
Download: 203.84 Mbit/s
Upload: 19.49 Mbit/s
Sun Oct  3 11:45:01 CEST 2021
Ping: 22.013 ms
Download: 233.57 Mbit/s
Upload: 19.01 Mbit/s
Sun Oct  3 12:45:01 CEST 2021
Ping: 21.358 ms
Download: 188.13 Mbit/s
Upload: 19.15 Mbit/s
Sun Oct  3 13:45:01 CEST 2021
Ping: 25.332 ms
Download: 248.58 Mbit/s
Upload: 19.57 Mbit/s
Sun Oct  3 14:45:01 CEST 2021
Ping: 23.636 ms
Download: 281.51 Mbit/s
Upload: 19.81 Mbit/s
Sun Oct  3 15:45:01 CEST 2021
Ping: 25.651 ms
Download: 273.70 Mbit/s
Upload: 19.15 Mbit/s
Sun Oct  3 16:45:01 CEST 2021
Ping: 24.21 ms
Download: 82.55 Mbit/s
Upload: 17.98 Mbit/s
Sun Oct  3 17:45:01 CEST 2021
Ping: 24.516 ms
Download: 101.45 Mbit/s
Upload: 19.50 Mbit/s
Sun Oct  3 18:45:01 CEST 2021
Ping: 24.802 ms
Download: 197.96 Mbit/s
Upload: 19.13 Mbit/s
Sun Oct  3 19:45:02 CEST 2021
Ping: 24.82 ms
Download: 279.32 Mbit/s
Upload: 19.33 Mbit/s
Sun Oct  3 20:45:01 CEST 2021
Ping: 24.728 ms
Download: 232.34 Mbit/s
Upload: 19.26 Mbit/s
Sun Oct  3 21:45:01 CEST 2021
Ping: 24.399 ms
Download: 277.52 Mbit/s
Upload: 19.13 Mbit/s
Sun Oct  3 22:45:01 CEST 2021
Ping: 24.737 ms
Download: 77.77 Mbit/s
Upload: 18.77 Mbit/s
Sun Oct  3 23:45:01 CEST 2021
Ping: 20.412 ms
Download: 267.46 Mbit/s
Upload: 19.09 Mbit/s
Mon Oct  4 00:45:01 CEST 2021
Ping: 21.689 ms
Download: 251.62 Mbit/s
Upload: 19.57 Mbit/s
Mon Oct  4 01:45:01 CEST 2021
Ping: 21.814 ms
Download: 217.49 Mbit/s
Upload: 19.34 Mbit/s
Mon Oct  4 02:45:01 CEST 2021
Ping: 21.478 ms
Download: 252.08 Mbit/s
Upload: 19.58 Mbit/s
Mon Oct  4 03:45:02 CEST 2021
Ping: 21.636 ms
Download: 286.22 Mbit/s
Upload: 19.15 Mbit/s
Mon Oct  4 04:45:01 CEST 2021
Ping: 24.477 ms
Download: 52.95 Mbit/s
Upload: 19.72 Mbit/s
Mon Oct  4 05:45:02 CEST 2021
Ping: 23.334 ms
Download: 100.10 Mbit/s
Upload: 19.65 Mbit/s
Mon Oct  4 06:45:01 CEST 2021
Ping: 24.507 ms
Download: 293.41 Mbit/s
Upload: 19.12 Mbit/s
Mon Oct  4 07:45:01 CEST 2021
Ping: 23.563 ms
Download: 130.57 Mbit/s
Upload: 17.96 Mbit/s
Mon Oct  4 08:45:01 CEST 2021
Ping: 23.122 ms
Download: 105.82 Mbit/s
Upload: 19.85 Mbit/s
Mon Oct  4 09:45:01 CEST 2021
Ping: 26.768 ms
Download: 77.94 Mbit/s
Upload: 19.55 Mbit/s
Mon Oct  4 10:45:01 CEST 2021
Ping: 22.15 ms
Download: 312.49 Mbit/s
Upload: 19.31 Mbit/s
Mon Oct  4 11:45:01 CEST 2021
Ping: 19.589 ms
Download: 270.81 Mbit/s
Upload: 19.10 Mbit/s
Mon Oct  4 12:45:01 CEST 2021
Ping: 20.001 ms
Download: 293.84 Mbit/s
Upload: 19.28 Mbit/s
Mon Oct  4 13:45:02 CEST 2021
Ping: 28.71 ms
Download: 138.06 Mbit/s
Upload: 19.58 Mbit/s
Mon Oct  4 14:45:01 CEST 2021
Ping: 25.53 ms
Download: 160.98 Mbit/s
Upload: 18.91 Mbit/s
Mon Oct  4 15:45:01 CEST 2021
Ping: 26.027 ms
Download: 166.37 Mbit/s
Upload: 19.11 Mbit/s
Mon Oct  4 16:45:01 CEST 2021
Ping: 24.016 ms
Download: 260.39 Mbit/s
Upload: 19.19 Mbit/s
Mon Oct  4 17:45:01 CEST 2021
Ping: 24.011 ms
Download: 77.42 Mbit/s
Upload: 19.63 Mbit/s
Mon Oct  4 18:45:01 CEST 2021
Ping: 26.167 ms
Download: 249.31 Mbit/s
Upload: 19.17 Mbit/s
Mon Oct  4 19:45:01 CEST 2021
Ping: 25.226 ms
Download: 198.18 Mbit/s
Upload: 19.30 Mbit/s
Mon Oct  4 20:45:01 CEST 2021
Ping: 21.126 ms
Download: 270.68 Mbit/s
Upload: 18.68 Mbit/s
Mon Oct  4 21:45:01 CEST 2021
Ping: 23.939 ms
Download: 242.60 Mbit/s
Upload: 18.82 Mbit/s
Mon Oct  4 22:45:01 CEST 2021
Ping: 25.447 ms
Download: 230.17 Mbit/s
Upload: 19.25 Mbit/s
Mon Oct  4 23:45:01 CEST 2021
Ping: 24.163 ms
Download: 163.83 Mbit/s
Upload: 19.85 Mbit/s
Tue Oct  5 00:45:01 CEST 2021
Ping: 23.885 ms
Download: 223.85 Mbit/s
Upload: 18.86 Mbit/s
Tue Oct  5 01:45:01 CEST 2021
Ping: 22.251 ms
Download: 329.77 Mbit/s
Upload: 19.66 Mbit/s
Tue Oct  5 02:45:01 CEST 2021
Ping: 21.879 ms
Download: 280.87 Mbit/s
Upload: 19.74 Mbit/s
Tue Oct  5 03:45:01 CEST 2021
Ping: 22.952 ms
Download: 304.48 Mbit/s
Upload: 19.61 Mbit/s
Tue Oct  5 04:45:01 CEST 2021
Ping: 22.31 ms
Download: 296.22 Mbit/s
Upload: 19.55 Mbit/s
Tue Oct  5 05:45:02 CEST 2021
Ping: 22.987 ms
Download: 118.57 Mbit/s
Upload: 19.48 Mbit/s
Tue Oct  5 06:45:01 CEST 2021
Ping: 21.516 ms
Download: 294.40 Mbit/s
Upload: 19.19 Mbit/s
Tue Oct  5 07:45:01 CEST 2021
Ping: 21.996 ms
Download: 125.16 Mbit/s
Upload: 19.68 Mbit/s
Tue Oct  5 08:45:01 CEST 2021
Ping: 24.973 ms
Download: 257.56 Mbit/s
Upload: 19.19 Mbit/s
Tue Oct  5 09:45:01 CEST 2021
Ping: 25.648 ms
Download: 219.83 Mbit/s
Upload: 19.45 Mbit/s
Tue Oct  5 10:45:01 CEST 2021
Ping: 23.729 ms
Download: 259.96 Mbit/s
Upload: 19.40 Mbit/s
Tue Oct  5 11:45:01 CEST 2021
Ping: 24.706 ms
Download: 192.79 Mbit/s
Upload: 19.65 Mbit/s
Tue Oct  5 12:45:01 CEST 2021
Ping: 25.501 ms
Download: 219.85 Mbit/s
Upload: 17.11 Mbit/s
Tue Oct  5 13:45:01 CEST 2021
Ping: 23.681 ms
Download: 204.29 Mbit/s
Upload: 19.50 Mbit/s
Tue Oct  5 14:45:01 CEST 2021
Ping: 21.262 ms
Download: 324.99 Mbit/s
Upload: 15.73 Mbit/s
Tue Oct  5 15:45:02 CEST 2021
Ping: 23.173 ms
Download: 289.52 Mbit/s
Upload: 19.63 Mbit/s
Tue Oct  5 16:45:01 CEST 2021
Ping: 17.372 ms
Download: 241.24 Mbit/s
Upload: 19.13 Mbit/s
Tue Oct  5 17:45:01 CEST 2021
Ping: 25.15 ms
Download: 67.30 Mbit/s
Upload: 18.26 Mbit/s
Tue Oct  5 18:45:01 CEST 2021
Ping: 24.343 ms
Download: 42.07 Mbit/s
Upload: 18.61 Mbit/s
Tue Oct  5 19:45:02 CEST 2021
Ping: 23.49 ms
Download: 37.94 Mbit/s
Upload: 19.06 Mbit/s
Tue Oct  5 20:45:01 CEST 2021
Ping: 26.164 ms
Download: 294.36 Mbit/s
Upload: 19.15 Mbit/s
Tue Oct  5 21:45:01 CEST 2021
Ping: 26.487 ms
Download: 154.53 Mbit/s
Upload: 14.84 Mbit/s
Tue Oct  5 22:45:01 CEST 2021
Ping: 24.27 ms
Download: 247.83 Mbit/s
Upload: 19.56 Mbit/s
Tue Oct  5 23:45:01 CEST 2021
Ping: 23.001 ms
Download: 79.09 Mbit/s
Upload: 19.13 Mbit/s
Wed Oct  6 00:45:01 CEST 2021
Ping: 23.318 ms
Download: 104.16 Mbit/s
Upload: 19.31 Mbit/s
Wed Oct  6 01:45:01 CEST 2021
Ping: 22.535 ms
Download: 105.68 Mbit/s
Upload: 19.85 Mbit/s
Wed Oct  6 02:45:01 CEST 2021
Ping: 21.018 ms
Download: 348.27 Mbit/s
Upload: 19.71 Mbit/s
Wed Oct  6 03:45:01 CEST 2021
Ping: 19.134 ms
Download: 295.81 Mbit/s
Upload: 19.62 Mbit/s
Wed Oct  6 04:45:01 CEST 2021
Ping: 19.652 ms
Download: 262.38 Mbit/s
Upload: 19.67 Mbit/s
Wed Oct  6 05:45:01 CEST 2021
Ping: 22.16 ms
Download: 281.46 Mbit/s
Upload: 19.58 Mbit/s
Wed Oct  6 06:45:01 CEST 2021
Ping: 22.68 ms
Download: 250.82 Mbit/s
Upload: 19.63 Mbit/s
Wed Oct  6 07:45:02 CEST 2021
Ping: 21.662 ms
Download: 324.27 Mbit/s
Upload: 19.78 Mbit/s
Wed Oct  6 08:45:01 CEST 2021
Ping: 22.316 ms
Download: 313.29 Mbit/s
Upload: 19.54 Mbit/s
Wed Oct  6 09:45:01 CEST 2021
Ping: 20.696 ms
Download: 320.29 Mbit/s
Upload: 19.31 Mbit/s
Wed Oct  6 10:45:01 CEST 2021
Ping: 20.017 ms
Download: 291.42 Mbit/s
Upload: 19.46 Mbit/s
Wed Oct  6 11:45:01 CEST 2021
Ping: 20.336 ms
Download: 293.95 Mbit/s
Upload: 18.75 Mbit/s
Wed Oct  6 12:45:01 CEST 2021
Ping: 23.783 ms
Download: 85.46 Mbit/s
Upload: 18.96 Mbit/s
Wed Oct  6 13:45:01 CEST 2021
Ping: 18.412 ms
Download: 268.16 Mbit/s
Upload: 19.42 Mbit/s
Wed Oct  6 14:45:01 CEST 2021
Ping: 22.414 ms
Download: 240.14 Mbit/s
Upload: 19.29 Mbit/s
Wed Oct  6 15:45:01 CEST 2021
Ping: 19.611 ms
Download: 308.08 Mbit/s
Upload: 18.98 Mbit/s
Wed Oct  6 16:45:01 CEST 2021
Ping: 24.32 ms
Download: 237.92 Mbit/s
Upload: 19.06 Mbit/s
Wed Oct  6 17:45:01 CEST 2021
Ping: 21.014 ms
Download: 275.23 Mbit/s
Upload: 19.04 Mbit/s
Wed Oct  6 18:45:01 CEST 2021
Ping: 19.679 ms
Download: 269.43 Mbit/s
Upload: 19.20 Mbit/s
Wed Oct  6 19:45:01 CEST 2021
Ping: 22.441 ms
Download: 323.50 Mbit/s
Upload: 19.65 Mbit/s
Wed Oct  6 20:45:01 CEST 2021
Ping: 22.139 ms
Download: 354.12 Mbit/s
Upload: 19.43 Mbit/s
Wed Oct  6 21:45:01 CEST 2021
Ping: 23.151 ms
Download: 277.34 Mbit/s
Upload: 12.43 Mbit/s
Wed Oct  6 22:45:01 CEST 2021
Ping: 24.532 ms
Download: 218.22 Mbit/s
Upload: 19.57 Mbit/s
Wed Oct  6 23:45:01 CEST 2021
Ping: 28.755 ms
Download: 252.64 Mbit/s
Upload: 19.76 Mbit/s
Thu Oct  7 00:45:01 CEST 2021
Ping: 25.96 ms
Download: 240.65 Mbit/s
Upload: 18.91 Mbit/s
Thu Oct  7 01:45:02 CEST 2021
Ping: 24.809 ms
Download: 238.59 Mbit/s
Upload: 19.40 Mbit/s
Thu Oct  7 02:45:01 CEST 2021
Ping: 22.239 ms
Download: 99.04 Mbit/s
Upload: 19.76 Mbit/s
Thu Oct  7 03:45:01 CEST 2021
Ping: 25.351 ms
Download: 258.59 Mbit/s
Upload: 19.41 Mbit/s
Thu Oct  7 04:45:01 CEST 2021
Ping: 24.969 ms
Download: 259.65 Mbit/s
Upload: 19.25 Mbit/s
Thu Oct  7 05:45:01 CEST 2021
Ping: 21.696 ms
Download: 323.17 Mbit/s
Upload: 19.72 Mbit/s
Thu Oct  7 06:45:01 CEST 2021
Ping: 21.228 ms
Download: 297.18 Mbit/s
Upload: 19.65 Mbit/s
Thu Oct  7 07:45:01 CEST 2021
Ping: 21.501 ms
Download: 327.49 Mbit/s
Upload: 19.65 Mbit/s
Thu Oct  7 08:45:01 CEST 2021
Ping: 23.507 ms
Download: 232.83 Mbit/s
Upload: 18.87 Mbit/s
Thu Oct  7 09:45:01 CEST 2021
Ping: 22.333 ms
Download: 277.59 Mbit/s
Upload: 19.70 Mbit/s
Thu Oct  7 10:45:01 CEST 2021
Ping: 23.24 ms
Download: 277.11 Mbit/s
Upload: 19.51 Mbit/s
Thu Oct  7 11:45:01 CEST 2021
Ping: 23.337 ms
Download: 288.98 Mbit/s
Upload: 19.41 Mbit/s
Thu Oct  7 12:45:01 CEST 2021
Ping: 23.176 ms
Download: 312.84 Mbit/s
Upload: 19.57 Mbit/s
Thu Oct  7 13:45:01 CEST 2021
Ping: 24.364 ms
Download: 322.68 Mbit/s
Upload: 18.95 Mbit/s
Thu Oct  7 14:45:01 CEST 2021
Ping: 25.888 ms
Download: 206.86 Mbit/s
Upload: 18.98 Mbit/s
Thu Oct  7 15:45:01 CEST 2021
Ping: 24.442 ms
Download: 291.96 Mbit/s
Upload: 18.91 Mbit/s
Thu Oct  7 16:45:01 CEST 2021
Ping: 23.914 ms
Download: 238.88 Mbit/s
Upload: 18.72 Mbit/s
Thu Oct  7 17:45:01 CEST 2021
Ping: 24.314 ms
Download: 163.16 Mbit/s
Upload: 18.64 Mbit/s
Thu Oct  7 18:45:01 CEST 2021
Ping: 25.533 ms
Download: 252.49 Mbit/s
Upload: 19.58 Mbit/s
Thu Oct  7 19:45:01 CEST 2021
Ping: 23.703 ms
Download: 312.46 Mbit/s
Upload: 19.80 Mbit/s
Thu Oct  7 20:45:01 CEST 2021
Ping: 24.224 ms
Download: 317.04 Mbit/s
Upload: 19.64 Mbit/s
Thu Oct  7 21:45:01 CEST 2021
Ping: 25.487 ms
Download: 133.97 Mbit/s
Upload: 19.72 Mbit/s
Thu Oct  7 22:45:01 CEST 2021
Ping: 23.127 ms
Download: 77.50 Mbit/s
Upload: 19.63 Mbit/s
Thu Oct  7 23:45:01 CEST 2021
Ping: 27.882 ms
Download: 211.88 Mbit/s
Upload: 19.20 Mbit/s
Fri Oct  8 00:45:01 CEST 2021
Ping: 20.89 ms
Download: 229.61 Mbit/s
Upload: 19.50 Mbit/s
Fri Oct  8 01:45:01 CEST 2021
Ping: 20.205 ms
Download: 278.48 Mbit/s
Upload: 19.37 Mbit/s
Fri Oct  8 02:45:01 CEST 2021
Ping: 24.499 ms
Download: 185.74 Mbit/s
Upload: 19.49 Mbit/s
Fri Oct  8 03:45:01 CEST 2021
Ping: 24.245 ms
Download: 78.89 Mbit/s
Upload: 19.76 Mbit/s
Fri Oct  8 04:45:01 CEST 2021
Ping: 22.219 ms
Download: 251.82 Mbit/s
Upload: 19.57 Mbit/s
Fri Oct  8 05:45:01 CEST 2021
Ping: 25.149 ms
Download: 209.38 Mbit/s
Upload: 19.35 Mbit/s
Fri Oct  8 06:45:01 CEST 2021
Ping: 21.431 ms
Download: 262.89 Mbit/s
Upload: 19.52 Mbit/s
Fri Oct  8 07:45:01 CEST 2021
Ping: 22.997 ms
Download: 314.28 Mbit/s
Upload: 19.75 Mbit/s
Fri Oct  8 08:45:01 CEST 2021
Ping: 19.962 ms
Download: 314.49 Mbit/s
Upload: 19.47 Mbit/s
Fri Oct  8 09:45:01 CEST 2021
Ping: 23.139 ms
Download: 283.12 Mbit/s
Upload: 19.85 Mbit/s
Fri Oct  8 10:45:01 CEST 2021
Ping: 23.631 ms
Download: 284.23 Mbit/s
Upload: 19.58 Mbit/s
Fri Oct  8 11:45:01 CEST 2021
Ping: 23.761 ms
Download: 247.91 Mbit/s
Upload: 19.65 Mbit/s
Fri Oct  8 12:45:01 CEST 2021
Ping: 20.09 ms
Download: 298.72 Mbit/s
Upload: 19.25 Mbit/s
Fri Oct  8 13:45:01 CEST 2021
Ping: 21.72 ms
Download: 240.52 Mbit/s
Upload: 19.46 Mbit/s
Fri Oct  8 14:45:01 CEST 2021
Ping: 21.735 ms
Download: 360.07 Mbit/s
Upload: 15.93 Mbit/s
Fri Oct  8 15:45:01 CEST 2021
Ping: 21.156 ms
Download: 365.96 Mbit/s
Upload: 15.11 Mbit/s
Fri Oct  8 16:45:01 CEST 2021
Ping: 21.39 ms
Download: 352.26 Mbit/s
Upload: 16.14 Mbit/s
Fri Oct  8 17:45:01 CEST 2021
Ping: 18.336 ms
Download: 314.09 Mbit/s
Upload: 19.60 Mbit/s
Fri Oct  8 18:45:01 CEST 2021
Ping: 23.038 ms
Download: 327.44 Mbit/s
Upload: 16.83 Mbit/s
Fri Oct  8 19:45:01 CEST 2021
Ping: 22.95 ms
Download: 318.26 Mbit/s
Upload: 17.20 Mbit/s
Fri Oct  8 20:45:02 CEST 2021
Ping: 22.008 ms
Download: 312.65 Mbit/s
Upload: 17.60 Mbit/s
Fri Oct  8 21:45:01 CEST 2021
Ping: 25.64 ms
Download: 334.47 Mbit/s
Upload: 19.63 Mbit/s
Fri Oct  8 22:45:01 CEST 2021
Ping: 29.667 ms
Download: 173.61 Mbit/s
Upload: 18.48 Mbit/s
Fri Oct  8 23:45:01 CEST 2021
Ping: 26.516 ms
Download: 298.08 Mbit/s
Upload: 19.30 Mbit/s
Sat Oct  9 00:45:01 CEST 2021
Ping: 25.001 ms
Download: 270.99 Mbit/s
Upload: 19.27 Mbit/s
Sat Oct  9 01:45:01 CEST 2021
Ping: 22.659 ms
Download: 354.81 Mbit/s
Upload: 16.10 Mbit/s
Sat Oct  9 02:45:01 CEST 2021
Ping: 21.992 ms
Download: 276.99 Mbit/s
Upload: 19.65 Mbit/s
Sat Oct  9 03:45:01 CEST 2021
Ping: 22.813 ms
Download: 217.79 Mbit/s
Upload: 19.66 Mbit/s
Sat Oct  9 04:45:01 CEST 2021
Ping: 22.5 ms
Download: 228.96 Mbit/s
Upload: 19.10 Mbit/s
Sat Oct  9 05:45:01 CEST 2021
Ping: 22.237 ms
Download: 245.07 Mbit/s
Upload: 19.62 Mbit/s
Sat Oct  9 06:45:01 CEST 2021
Ping: 22.913 ms
Download: 230.91 Mbit/s
Upload: 19.68 Mbit/s
Sat Oct  9 07:45:01 CEST 2021
Ping: 24.496 ms
Download: 221.68 Mbit/s
Upload: 19.14 Mbit/s
Sat Oct  9 08:45:01 CEST 2021
Ping: 21.922 ms
Download: 348.77 Mbit/s
Upload: 19.24 Mbit/s
Sat Oct  9 09:45:01 CEST 2021
Ping: 25.699 ms
Download: 272.76 Mbit/s
Upload: 19.24 Mbit/s
Sat Oct  9 10:45:01 CEST 2021
Ping: 25.085 ms
Download: 114.15 Mbit/s
Upload: 19.44 Mbit/s
Sat Oct  9 11:45:01 CEST 2021
Ping: 23.208 ms
Download: 62.91 Mbit/s
Upload: 17.57 Mbit/s
Sat Oct  9 12:45:01 CEST 2021
Ping: 26.532 ms
Download: 239.15 Mbit/s
Upload: 19.28 Mbit/s
Sat Oct  9 13:45:01 CEST 2021
Ping: 25.81 ms
Download: 226.07 Mbit/s
Upload: 18.62 Mbit/s
Sat Oct  9 14:45:01 CEST 2021
Ping: 24.504 ms
Download: 104.93 Mbit/s
Upload: 19.13 Mbit/s
Sat Oct  9 15:45:01 CEST 2021
Ping: 30.942 ms
Download: 268.85 Mbit/s
Upload: 18.62 Mbit/s
Sat Oct  9 16:45:01 CEST 2021
Ping: 29.572 ms
Download: 191.45 Mbit/s
Upload: 19.22 Mbit/s
Sat Oct  9 17:45:01 CEST 2021
Ping: 28.167 ms
Download: 298.38 Mbit/s
Upload: 19.39 Mbit/s
Sat Oct  9 18:45:01 CEST 2021
Ping: 25.633 ms
Download: 212.38 Mbit/s
Upload: 19.48 Mbit/s
Sat Oct  9 19:45:01 CEST 2021
Ping: 25.2 ms
Download: 285.78 Mbit/s
Upload: 19.25 Mbit/s
Sat Oct  9 20:45:02 CEST 2021
Ping: 22.279 ms
Download: 339.93 Mbit/s
Upload: 15.07 Mbit/s
Sat Oct  9 21:45:01 CEST 2021
Ping: 23.281 ms
Download: 336.51 Mbit/s
Upload: 19.54 Mbit/s
Sat Oct  9 22:45:01 CEST 2021
Ping: 24.222 ms
Download: 270.29 Mbit/s
Upload: 19.56 Mbit/s
Sat Oct  9 23:45:01 CEST 2021
Ping: 22.679 ms
Download: 211.38 Mbit/s
Upload: 19.69 Mbit/s
Sun Oct 10 00:45:01 CEST 2021
Ping: 25.368 ms
Download: 244.74 Mbit/s
Upload: 19.23 Mbit/s
Sun Oct 10 01:45:01 CEST 2021
Ping: 26.643 ms
Download: 282.45 Mbit/s
Upload: 19.56 Mbit/s
Sun Oct 10 02:45:01 CEST 2021
Ping: 25.002 ms
Download: 218.84 Mbit/s
Upload: 19.30 Mbit/s
Sun Oct 10 03:45:01 CEST 2021
Ping: 29.994 ms
Download: 263.06 Mbit/s
Upload: 18.94 Mbit/s
Sun Oct 10 04:45:01 CEST 2021
Ping: 24.196 ms
Download: 264.15 Mbit/s
Upload: 19.37 Mbit/s
Sun Oct 10 05:45:02 CEST 2021
Ping: 25.225 ms
Download: 263.26 Mbit/s
Upload: 19.64 Mbit/s
Sun Oct 10 06:45:01 CEST 2021
Ping: 24.958 ms
Download: 274.72 Mbit/s
Upload: 18.47 Mbit/s
Sun Oct 10 07:45:01 CEST 2021
Ping: 22.071 ms
Download: 287.85 Mbit/s
Upload: 19.27 Mbit/s
Sun Oct 10 08:45:01 CEST 2021
Ping: 22.657 ms
Download: 298.74 Mbit/s
Upload: 18.47 Mbit/s
Sun Oct 10 09:45:02 CEST 2021
Ping: 22.983 ms
Download: 269.51 Mbit/s
Upload: 19.21 Mbit/s
Sun Oct 10 10:45:01 CEST 2021
Ping: 19.134 ms
Download: 234.54 Mbit/s
Upload: 19.52 Mbit/s
Sun Oct 10 11:45:01 CEST 2021
Ping: 20.813 ms
Download: 290.65 Mbit/s
Upload: 19.52 Mbit/s
Sun Oct 10 12:45:01 CEST 2021
Ping: 23.848 ms
Download: 238.23 Mbit/s
Upload: 19.76 Mbit/s
Sun Oct 10 13:45:01 CEST 2021
Ping: 23.839 ms
Download: 57.05 Mbit/s
Upload: 18.29 Mbit/s
Sun Oct 10 14:45:01 CEST 2021
Ping: 24.471 ms
Download: 79.16 Mbit/s
Upload: 19.76 Mbit/s
Sun Oct 10 15:45:01 CEST 2021
Ping: 24.877 ms
Download: 254.31 Mbit/s
Upload: 18.90 Mbit/s
Sun Oct 10 16:45:01 CEST 2021
Ping: 24.535 ms
Download: 288.76 Mbit/s
Upload: 19.70 Mbit/s
Sun Oct 10 17:45:01 CEST 2021
Ping: 27.134 ms
Download: 269.14 Mbit/s
Upload: 19.21 Mbit/s
Sun Oct 10 18:45:01 CEST 2021
Ping: 22.873 ms
Download: 351.56 Mbit/s
Upload: 14.54 Mbit/s
Sun Oct 10 19:45:01 CEST 2021
Ping: 24.511 ms
Download: 351.55 Mbit/s
Upload: 16.89 Mbit/s
Sun Oct 10 20:45:01 CEST 2021
Ping: 22.687 ms
Download: 354.89 Mbit/s
Upload: 17.06 Mbit/s
Sun Oct 10 21:45:02 CEST 2021
Ping: 23.595 ms
Download: 274.21 Mbit/s
Upload: 19.05 Mbit/s
Sun Oct 10 22:45:01 CEST 2021
Ping: 23.984 ms
Download: 283.84 Mbit/s
Upload: 19.56 Mbit/s
Sun Oct 10 23:45:01 CEST 2021
Ping: 22.393 ms
Download: 294.05 Mbit/s
Upload: 19.90 Mbit/s
Mon Oct 11 00:45:01 CEST 2021
Ping: 21.918 ms
Download: 249.77 Mbit/s
Upload: 19.72 Mbit/s
Mon Oct 11 01:45:01 CEST 2021
Ping: 23.856 ms
Download: 296.75 Mbit/s
Upload: 18.91 Mbit/s
Mon Oct 11 02:45:01 CEST 2021
Ping: 19.469 ms
Download: 241.68 Mbit/s
Upload: 19.44 Mbit/s
Mon Oct 11 03:45:01 CEST 2021
Ping: 20.95 ms
Download: 318.94 Mbit/s
Upload: 19.73 Mbit/s
Mon Oct 11 04:45:01 CEST 2021
Ping: 22.689 ms
Download: 261.50 Mbit/s
Upload: 19.40 Mbit/s
Mon Oct 11 05:45:01 CEST 2021
Ping: 23.481 ms
Download: 208.97 Mbit/s
Upload: 17.32 Mbit/s
Mon Oct 11 06:45:01 CEST 2021
Ping: 23.096 ms
Download: 256.43 Mbit/s
Upload: 19.43 Mbit/s
Mon Oct 11 07:45:01 CEST 2021
Ping: 23.514 ms
Download: 131.29 Mbit/s
Upload: 19.68 Mbit/s
Mon Oct 11 08:45:01 CEST 2021
Ping: 24.959 ms
Download: 300.51 Mbit/s
Upload: 19.59 Mbit/s
Mon Oct 11 09:45:01 CEST 2021
Ping: 24.524 ms
Download: 269.49 Mbit/s
Upload: 19.72 Mbit/s
Mon Oct 11 10:45:01 CEST 2021
Ping: 24.496 ms
Download: 277.69 Mbit/s
Upload: 19.67 Mbit/s
Mon Oct 11 11:45:01 CEST 2021
Ping: 18.849 ms
Download: 288.63 Mbit/s
Upload: 19.02 Mbit/s
Mon Oct 11 12:45:01 CEST 2021
Ping: 22.765 ms
Download: 263.00 Mbit/s
Upload: 19.81 Mbit/s
Mon Oct 11 13:45:01 CEST 2021
Ping: 23.335 ms
Download: 69.32 Mbit/s
Upload: 18.30 Mbit/s
Mon Oct 11 14:45:01 CEST 2021
Ping: 23.138 ms
Download: 92.11 Mbit/s
Upload: 19.69 Mbit/s
Mon Oct 11 15:45:01 CEST 2021
Ping: 24.53 ms
Download: 280.47 Mbit/s
Upload: 19.12 Mbit/s
Mon Oct 11 16:45:02 CEST 2021
Ping: 23.629 ms
Download: 330.62 Mbit/s
Upload: 19.89 Mbit/s
Mon Oct 11 17:45:01 CEST 2021
Ping: 26.318 ms
Download: 233.76 Mbit/s
Upload: 19.19 Mbit/s
Mon Oct 11 18:45:01 CEST 2021
Ping: 27.265 ms
Download: 220.85 Mbit/s
Upload: 18.70 Mbit/s
Mon Oct 11 19:45:01 CEST 2021
Ping: 21.949 ms
Download: 195.51 Mbit/s
Upload: 19.62 Mbit/s
Mon Oct 11 20:45:01 CEST 2021
Ping: 22.853 ms
Download: 334.69 Mbit/s
Upload: 11.61 Mbit/s
Mon Oct 11 21:45:01 CEST 2021
Ping: 22.881 ms
Download: 362.26 Mbit/s
Upload: 19.23 Mbit/s
Mon Oct 11 22:45:01 CEST 2021
Ping: 25.343 ms
Download: 213.19 Mbit/s
Upload: 19.00 Mbit/s
Mon Oct 11 23:45:01 CEST 2021
Ping: 23.42 ms
Download: 297.03 Mbit/s
Upload: 19.54 Mbit/s
Tue Oct 12 00:45:01 CEST 2021
Ping: 24.334 ms
Download: 299.34 Mbit/s
Upload: 15.06 Mbit/s
Tue Oct 12 01:45:01 CEST 2021
Ping: 25.016 ms
Download: 254.33 Mbit/s
Upload: 19.02 Mbit/s
Tue Oct 12 02:45:01 CEST 2021
Ping: 17.979 ms
Download: 315.26 Mbit/s
Upload: 19.38 Mbit/s
Tue Oct 12 03:45:01 CEST 2021
Ping: 18.441 ms
Download: 316.07 Mbit/s
Upload: 19.24 Mbit/s
Tue Oct 12 04:45:01 CEST 2021
Ping: 22.652 ms
Download: 79.85 Mbit/s
Upload: 19.65 Mbit/s
Tue Oct 12 05:45:01 CEST 2021
Ping: 25.646 ms
Download: 308.14 Mbit/s
Upload: 19.49 Mbit/s
Tue Oct 12 06:45:01 CEST 2021
Ping: 23.119 ms
Download: 101.35 Mbit/s
Upload: 19.58 Mbit/s
Tue Oct 12 07:45:01 CEST 2021
Ping: 23.93 ms
Download: 246.65 Mbit/s
Upload: 19.38 Mbit/s
Tue Oct 12 08:45:01 CEST 2021
Ping: 22.983 ms
Download: 264.90 Mbit/s
Upload: 19.30 Mbit/s
Tue Oct 12 09:45:01 CEST 2021
Ping: 17.799 ms
Download: 258.79 Mbit/s
Upload: 19.30 Mbit/s
Tue Oct 12 10:45:01 CEST 2021
Ping: 21.669 ms
Download: 272.44 Mbit/s
Upload: 18.69 Mbit/s
Tue Oct 12 11:45:01 CEST 2021
Ping: 18.676 ms
Download: 308.88 Mbit/s
Upload: 19.49 Mbit/s
Tue Oct 12 12:45:02 CEST 2021
Ping: 19.073 ms
Download: 252.90 Mbit/s
Upload: 19.54 Mbit/s
Tue Oct 12 13:45:02 CEST 2021
Ping: 23.211 ms
Download: 103.25 Mbit/s
Upload: 19.66 Mbit/s
Tue Oct 12 14:45:01 CEST 2021
Ping: 22.344 ms
Download: 337.44 Mbit/s
Upload: 19.82 Mbit/s
Tue Oct 12 15:45:02 CEST 2021
Ping: 21.89 ms
Download: 304.17 Mbit/s
Upload: 19.63 Mbit/s
Tue Oct 12 16:45:01 CEST 2021
Ping: 22.446 ms
Download: 313.67 Mbit/s
Upload: 17.95 Mbit/s
Tue Oct 12 17:45:01 CEST 2021
Ping: 23.823 ms
Download: 264.12 Mbit/s
Upload: 19.82 Mbit/s
Tue Oct 12 18:45:01 CEST 2021
Ping: 23.153 ms
Download: 286.06 Mbit/s
Upload: 19.71 Mbit/s
Tue Oct 12 19:45:01 CEST 2021
Ping: 23.392 ms
Download: 256.44 Mbit/s
Upload: 19.31 Mbit/s
Tue Oct 12 20:45:01 CEST 2021
Ping: 21.619 ms
Download: 355.46 Mbit/s
Upload: 14.05 Mbit/s
Tue Oct 12 21:45:01 CEST 2021
Ping: 24.663 ms
Download: 351.41 Mbit/s
Upload: 14.63 Mbit/s
Tue Oct 12 22:45:01 CEST 2021
Ping: 23.636 ms
Download: 250.46 Mbit/s
Upload: 14.98 Mbit/s
Tue Oct 12 23:45:02 CEST 2021
Ping: 19.166 ms
Download: 325.88 Mbit/s
Upload: 19.27 Mbit/s
Wed Oct 13 00:45:02 CEST 2021
Ping: 19.011 ms
Download: 254.22 Mbit/s
Upload: 19.19 Mbit/s
Wed Oct 13 01:45:01 CEST 2021
Ping: 18.707 ms
Download: 324.58 Mbit/s
Upload: 19.64 Mbit/s
Wed Oct 13 02:45:01 CEST 2021
Ping: 17.927 ms
Download: 259.13 Mbit/s
Upload: 19.48 Mbit/s
Wed Oct 13 03:45:01 CEST 2021
Ping: 18.168 ms
Download: 256.78 Mbit/s
Upload: 19.52 Mbit/s
Wed Oct 13 04:45:01 CEST 2021
Ping: 23.742 ms
Download: 111.36 Mbit/s
Upload: 19.78 Mbit/s
Wed Oct 13 05:45:02 CEST 2021
Ping: 23.988 ms
Download: 274.12 Mbit/s
Upload: 19.70 Mbit/s
Wed Oct 13 06:45:01 CEST 2021
Ping: 23.135 ms
Download: 264.46 Mbit/s
Upload: 19.47 Mbit/s
Wed Oct 13 07:45:01 CEST 2021
Ping: 21.548 ms
Download: 346.64 Mbit/s
Upload: 15.75 Mbit/s
Wed Oct 13 08:45:01 CEST 2021
Ping: 23.517 ms
Download: 300.83 Mbit/s
Upload: 19.30 Mbit/s
Wed Oct 13 09:45:01 CEST 2021
Ping: 22.991 ms
Download: 358.61 Mbit/s
Upload: 15.19 Mbit/s
Wed Oct 13 10:45:01 CEST 2021
Ping: 24.244 ms
Download: 373.43 Mbit/s
Upload: 19.59 Mbit/s
Wed Oct 13 11:45:01 CEST 2021
Ping: 25.346 ms
Download: 178.35 Mbit/s
Upload: 19.48 Mbit/s
Wed Oct 13 12:45:01 CEST 2021
Ping: 28.191 ms
Download: 265.54 Mbit/s
Upload: 18.63 Mbit/s
Wed Oct 13 13:45:02 CEST 2021
Ping: 23.173 ms
Download: 206.82 Mbit/s
Upload: 13.96 Mbit/s
Wed Oct 13 14:45:01 CEST 2021
Ping: 22.564 ms
Download: 191.73 Mbit/s
Upload: 19.31 Mbit/s
Wed Oct 13 15:45:01 CEST 2021
Ping: 23.996 ms
Download: 261.89 Mbit/s
Upload: 19.45 Mbit/s
Wed Oct 13 16:45:01 CEST 2021
Ping: 23.802 ms
Download: 295.40 Mbit/s
Upload: 19.30 Mbit/s
Wed Oct 13 17:45:01 CEST 2021
Ping: 24.423 ms
Download: 319.26 Mbit/s
Upload: 19.32 Mbit/s
Wed Oct 13 18:45:01 CEST 2021
Ping: 23.983 ms
Download: 317.57 Mbit/s
Upload: 19.59 Mbit/s
Wed Oct 13 19:45:01 CEST 2021
Ping: 23.232 ms
Download: 66.38 Mbit/s
Upload: 17.97 Mbit/s
Wed Oct 13 20:45:01 CEST 2021
Ping: 23.316 ms
Download: 262.39 Mbit/s
Upload: 19.43 Mbit/s
Wed Oct 13 21:45:01 CEST 2021
Ping: 24.51 ms
Download: 275.38 Mbit/s
Upload: 19.58 Mbit/s
Wed Oct 13 22:45:01 CEST 2021
Ping: 21.893 ms
Download: 233.67 Mbit/s
Upload: 19.62 Mbit/s
Wed Oct 13 23:45:01 CEST 2021
Ping: 23.326 ms
Download: 219.82 Mbit/s
Upload: 18.34 Mbit/s
Thu Oct 14 00:45:01 CEST 2021
Ping: 23.652 ms
Download: 142.07 Mbit/s
Upload: 19.43 Mbit/s
Thu Oct 14 01:45:01 CEST 2021
Ping: 23.382 ms
Download: 236.28 Mbit/s
Upload: 19.77 Mbit/s
Thu Oct 14 02:45:01 CEST 2021
Ping: 24.351 ms
Download: 239.19 Mbit/s
Upload: 18.91 Mbit/s
Thu Oct 14 03:45:01 CEST 2021
Ping: 23.494 ms
Download: 230.69 Mbit/s
Upload: 19.85 Mbit/s
Thu Oct 14 04:45:01 CEST 2021
Ping: 22.02 ms
Download: 298.94 Mbit/s
Upload: 19.83 Mbit/s
Thu Oct 14 05:45:01 CEST 2021
Ping: 21.553 ms
Download: 281.95 Mbit/s
Upload: 19.31 Mbit/s
Thu Oct 14 06:45:01 CEST 2021
Ping: 23.352 ms
Download: 182.60 Mbit/s
Upload: 15.06 Mbit/s
Thu Oct 14 07:45:01 CEST 2021
Ping: 23.032 ms
Download: 284.25 Mbit/s
Upload: 19.19 Mbit/s
Thu Oct 14 08:45:01 CEST 2021
Ping: 20.661 ms
Download: 326.51 Mbit/s
Upload: 19.42 Mbit/s
Thu Oct 14 09:45:01 CEST 2021
Ping: 18.076 ms
Download: 345.88 Mbit/s
Upload: 19.04 Mbit/s
Thu Oct 14 10:45:01 CEST 2021
Ping: 24.5 ms
Download: 102.02 Mbit/s
Upload: 19.72 Mbit/s
Thu Oct 14 11:45:01 CEST 2021
Ping: 23.988 ms
Download: 273.74 Mbit/s
Upload: 14.38 Mbit/s
Thu Oct 14 12:45:01 CEST 2021
Ping: 22.265 ms
Download: 253.74 Mbit/s
Upload: 18.49 Mbit/s
Thu Oct 14 13:45:01 CEST 2021
Ping: 29.331 ms
Download: 255.92 Mbit/s
Upload: 18.39 Mbit/s
Thu Oct 14 14:45:02 CEST 2021
Ping: 24.088 ms
Download: 323.23 Mbit/s
Upload: 18.53 Mbit/s
Thu Oct 14 15:45:01 CEST 2021
Ping: 26.272 ms
Download: 304.62 Mbit/s
Upload: 19.69 Mbit/s
Thu Oct 14 16:45:01 CEST 2021
Ping: 23.373 ms
Download: 192.09 Mbit/s
Upload: 19.39 Mbit/s
Thu Oct 14 17:45:02 CEST 2021
Ping: 24.371 ms
Download: 262.67 Mbit/s
Upload: 19.46 Mbit/s
Thu Oct 14 18:45:01 CEST 2021
Ping: 23.249 ms
Download: 154.06 Mbit/s
Upload: 19.10 Mbit/s
Thu Oct 14 19:45:01 CEST 2021
Ping: 24.163 ms
Download: 208.74 Mbit/s
Upload: 19.25 Mbit/s
Thu Oct 14 20:45:01 CEST 2021
Ping: 25.381 ms
Download: 61.13 Mbit/s
Upload: 18.41 Mbit/s
Thu Oct 14 21:45:01 CEST 2021
Ping: 25.648 ms
Download: 278.61 Mbit/s
Upload: 18.63 Mbit/s
Thu Oct 14 22:45:01 CEST 2021
Ping: 23.351 ms
Download: 327.05 Mbit/s
Upload: 19.38 Mbit/s
Thu Oct 14 23:45:01 CEST 2021
Ping: 23.855 ms
Download: 292.10 Mbit/s
Upload: 19.73 Mbit/s
Fri Oct 15 00:45:01 CEST 2021
Ping: 24.173 ms
Download: 337.88 Mbit/s
Upload: 19.48 Mbit/s
Fri Oct 15 01:45:01 CEST 2021
Ping: 24.991 ms
Download: 283.70 Mbit/s
Upload: 18.89 Mbit/s
Fri Oct 15 02:45:01 CEST 2021
Ping: 25.048 ms
Download: 263.81 Mbit/s
Upload: 18.67 Mbit/s
Fri Oct 15 03:45:01 CEST 2021
Ping: 25.32 ms
Download: 254.70 Mbit/s
Upload: 19.19 Mbit/s
Fri Oct 15 04:45:01 CEST 2021
Ping: 22.137 ms
Download: 251.78 Mbit/s
Upload: 17.60 Mbit/s
Fri Oct 15 05:45:01 CEST 2021
Ping: 23.172 ms
Download: 244.28 Mbit/s
Upload: 19.66 Mbit/s
Fri Oct 15 06:45:01 CEST 2021
Ping: 23.164 ms
Download: 232.50 Mbit/s
Upload: 19.79 Mbit/s
Fri Oct 15 07:45:01 CEST 2021
Ping: 23.153 ms
Download: 134.69 Mbit/s
Upload: 19.28 Mbit/s
Fri Oct 15 08:45:01 CEST 2021
Ping: 22.838 ms
Download: 87.50 Mbit/s
Upload: 19.58 Mbit/s
Fri Oct 15 09:45:01 CEST 2021
Ping: 25.16 ms
Download: 307.02 Mbit/s
Upload: 18.16 Mbit/s
Fri Oct 15 10:45:01 CEST 2021
Ping: 22.883 ms
Download: 264.43 Mbit/s
Upload: 19.68 Mbit/s
Fri Oct 15 11:45:01 CEST 2021
Ping: 23.512 ms
Download: 254.47 Mbit/s
Upload: 19.13 Mbit/s
Fri Oct 15 12:45:01 CEST 2021
Ping: 24.139 ms
Download: 281.14 Mbit/s
Upload: 19.58 Mbit/s
Fri Oct 15 13:45:01 CEST 2021
Ping: 24.121 ms
Download: 258.03 Mbit/s
Upload: 18.04 Mbit/s
Fri Oct 15 14:45:01 CEST 2021
Ping: 22.07 ms
Download: 357.81 Mbit/s
Upload: 15.08 Mbit/s
Fri Oct 15 15:45:01 CEST 2021
Ping: 24.0 ms
Download: 292.11 Mbit/s
Upload: 19.46 Mbit/s
Fri Oct 15 16:45:01 CEST 2021
Ping: 23.084 ms
Download: 354.43 Mbit/s
Upload: 15.70 Mbit/s
Fri Oct 15 17:45:01 CEST 2021
Ping: 24.174 ms
Download: 352.33 Mbit/s
Upload: 15.69 Mbit/s
Fri Oct 15 18:45:01 CEST 2021
Ping: 26.498 ms
Download: 236.39 Mbit/s
Upload: 19.14 Mbit/s
Fri Oct 15 19:45:01 CEST 2021
Ping: 23.297 ms
Download: 330.87 Mbit/s
Upload: 19.66 Mbit/s
Fri Oct 15 20:45:01 CEST 2021
Ping: 23.487 ms
Download: 334.52 Mbit/s
Upload: 19.47 Mbit/s
Fri Oct 15 21:45:01 CEST 2021
Ping: 23.167 ms
Download: 329.71 Mbit/s
Upload: 19.76 Mbit/s
Fri Oct 15 22:45:01 CEST 2021
Ping: 22.854 ms
Download: 330.97 Mbit/s
Upload: 19.48 Mbit/s
Fri Oct 15 23:45:01 CEST 2021
Ping: 22.215 ms
Download: 315.57 Mbit/s
Upload: 19.77 Mbit/s
Sat Oct 16 00:45:01 CEST 2021
Ping: 23.463 ms
Download: 283.54 Mbit/s
Upload: 19.63 Mbit/s
Sat Oct 16 01:45:01 CEST 2021
Ping: 22.837 ms
Download: 316.78 Mbit/s
Upload: 19.54 Mbit/s
Sat Oct 16 02:45:01 CEST 2021
Ping: 19.686 ms
Download: 312.61 Mbit/s
Upload: 18.96 Mbit/s
Sat Oct 16 03:45:01 CEST 2021
Ping: 19.318 ms
Download: 283.08 Mbit/s
Upload: 19.53 Mbit/s
Sat Oct 16 04:45:01 CEST 2021
Ping: 23.159 ms
Download: 285.82 Mbit/s
Upload: 14.56 Mbit/s
Sat Oct 16 05:45:01 CEST 2021
Ping: 23.972 ms
Download: 259.46 Mbit/s
Upload: 19.04 Mbit/s
Sat Oct 16 06:45:01 CEST 2021
Ping: 24.333 ms
Download: 198.50 Mbit/s
Upload: 19.71 Mbit/s
Sat Oct 16 07:45:01 CEST 2021
Ping: 22.234 ms
Download: 224.66 Mbit/s
Upload: 18.50 Mbit/s
Sat Oct 16 08:45:01 CEST 2021
Ping: 24.901 ms
Download: 272.85 Mbit/s
Upload: 19.34 Mbit/s
Sat Oct 16 09:45:01 CEST 2021
Ping: 22.817 ms
Download: 273.37 Mbit/s
Upload: 18.81 Mbit/s
Sat Oct 16 10:45:01 CEST 2021
Ping: 24.432 ms
Download: 259.62 Mbit/s
Upload: 19.50 Mbit/s
Sat Oct 16 11:45:02 CEST 2021
Ping: 24.549 ms
Download: 288.37 Mbit/s
Upload: 19.27 Mbit/s
Sat Oct 16 12:45:01 CEST 2021
Ping: 25.392 ms
Download: 211.08 Mbit/s
Upload: 19.00 Mbit/s
Sat Oct 16 13:45:01 CEST 2021
Ping: 23.131 ms
Download: 262.46 Mbit/s
Upload: 19.12 Mbit/s
Sat Oct 16 14:45:01 CEST 2021
Ping: 20.478 ms
Download: 278.15 Mbit/s
Upload: 19.51 Mbit/s
Sat Oct 16 15:45:01 CEST 2021
Ping: 21.311 ms
Download: 234.39 Mbit/s
Upload: 19.73 Mbit/s
Sat Oct 16 16:45:02 CEST 2021
Ping: 20.239 ms
Download: 286.96 Mbit/s
Upload: 19.71 Mbit/s
Sat Oct 16 17:45:01 CEST 2021
Ping: 23.621 ms
Download: 142.22 Mbit/s
Upload: 11.41 Mbit/s
Sat Oct 16 18:45:01 CEST 2021
Ping: 23.185 ms
Download: 273.65 Mbit/s
Upload: 19.73 Mbit/s
Sat Oct 16 19:45:01 CEST 2021
Ping: 23.837 ms
Download: 253.26 Mbit/s
Upload: 19.56 Mbit/s
Sat Oct 16 20:45:01 CEST 2021
Ping: 26.007 ms
Download: 256.35 Mbit/s
Upload: 19.71 Mbit/s
Sat Oct 16 21:45:01 CEST 2021
Ping: 23.674 ms
Download: 303.49 Mbit/s
Upload: 19.61 Mbit/s
Sat Oct 16 22:45:02 CEST 2021
Ping: 24.713 ms
Download: 269.53 Mbit/s
Upload: 19.70 Mbit/s
Sat Oct 16 23:45:01 CEST 2021
Ping: 24.535 ms
Download: 293.65 Mbit/s
Upload: 19.56 Mbit/s
Sun Oct 17 00:45:01 CEST 2021
Ping: 19.476 ms
Download: 286.06 Mbit/s
Upload: 19.37 Mbit/s
Sun Oct 17 01:45:01 CEST 2021
Ping: 19.736 ms
Download: 319.01 Mbit/s
Upload: 19.73 Mbit/s
Sun Oct 17 02:45:01 CEST 2021
Ping: 19.93 ms
Download: 261.06 Mbit/s
Upload: 19.50 Mbit/s
Sun Oct 17 03:45:01 CEST 2021
Ping: 19.188 ms
Download: 282.54 Mbit/s
Upload: 19.29 Mbit/s
Sun Oct 17 04:45:01 CEST 2021
Ping: 18.384 ms
Download: 295.89 Mbit/s
Upload: 19.71 Mbit/s
Sun Oct 17 05:45:01 CEST 2021
Ping: 22.05 ms
Download: 178.66 Mbit/s
Upload: 19.48 Mbit/s
Sun Oct 17 06:45:01 CEST 2021
Ping: 23.843 ms
Download: 305.90 Mbit/s
Upload: 19.54 Mbit/s
Sun Oct 17 07:45:01 CEST 2021
Ping: 22.954 ms
Download: 230.76 Mbit/s
Upload: 19.70 Mbit/s
Sun Oct 17 08:45:01 CEST 2021
Ping: 22.475 ms
Download: 314.15 Mbit/s
Upload: 19.40 Mbit/s
Sun Oct 17 09:45:01 CEST 2021
Ping: 22.938 ms
Download: 312.97 Mbit/s
Upload: 19.46 Mbit/s
Sun Oct 17 10:45:01 CEST 2021
Ping: 25.675 ms
Download: 238.89 Mbit/s
Upload: 19.37 Mbit/s
Sun Oct 17 11:45:01 CEST 2021
Ping: 23.83 ms
Download: 275.68 Mbit/s
Upload: 19.49 Mbit/s
Sun Oct 17 12:45:01 CEST 2021
Ping: 19.342 ms
Download: 303.84 Mbit/s
Upload: 19.43 Mbit/s
Sun Oct 17 13:45:01 CEST 2021
Ping: 22.804 ms
Download: 253.83 Mbit/s
Upload: 19.60 Mbit/s
Sun Oct 17 14:45:01 CEST 2021
Ping: 21.654 ms
Download: 322.86 Mbit/s
Upload: 19.55 Mbit/s
Sun Oct 17 15:45:01 CEST 2021
Ping: 25.314 ms
Download: 318.45 Mbit/s
Upload: 19.77 Mbit/s
Sun Oct 17 16:45:01 CEST 2021
Ping: 23.488 ms
Download: 290.91 Mbit/s
Upload: 19.33 Mbit/s
Sun Oct 17 17:45:01 CEST 2021
Ping: 22.672 ms
Download: 319.74 Mbit/s
Upload: 19.05 Mbit/s
Sun Oct 17 18:45:01 CEST 2021
Ping: 22.851 ms
Download: 268.80 Mbit/s
Upload: 18.89 Mbit/s
Sun Oct 17 19:45:01 CEST 2021
Ping: 20.677 ms
Download: 280.90 Mbit/s
Upload: 19.74 Mbit/s
Sun Oct 17 20:45:01 CEST 2021
Ping: 22.794 ms
Download: 344.20 Mbit/s
Upload: 14.29 Mbit/s
Sun Oct 17 21:45:01 CEST 2021
Ping: 23.173 ms
Download: 350.59 Mbit/s
Upload: 12.31 Mbit/s
Sun Oct 17 22:45:01 CEST 2021
Ping: 25.482 ms
Download: 175.54 Mbit/s
Upload: 19.59 Mbit/s
Sun Oct 17 23:45:01 CEST 2021
Ping: 22.475 ms
Download: 34.66 Mbit/s
Upload: 19.21 Mbit/s
Mon Oct 18 00:45:01 CEST 2021
Ping: 25.157 ms
Download: 146.20 Mbit/s
Upload: 19.23 Mbit/s
Mon Oct 18 01:45:01 CEST 2021
Ping: 23.492 ms
Download: 128.56 Mbit/s
Upload: 19.59 Mbit/s
Mon Oct 18 02:45:01 CEST 2021
Ping: 25.156 ms
Download: 305.64 Mbit/s
Upload: 19.77 Mbit/s
Mon Oct 18 03:45:01 CEST 2021
Ping: 18.838 ms
Download: 302.02 Mbit/s
Upload: 19.55 Mbit/s
Mon Oct 18 04:45:01 CEST 2021
Ping: 19.852 ms
Download: 273.08 Mbit/s
Upload: 19.51 Mbit/s
Mon Oct 18 05:45:01 CEST 2021
Ping: 25.326 ms
Download: 240.50 Mbit/s
Upload: 19.55 Mbit/s
Mon Oct 18 06:45:01 CEST 2021
Ping: 24.852 ms
Download: 327.03 Mbit/s
Upload: 16.23 Mbit/s
Mon Oct 18 07:45:01 CEST 2021
Ping: 24.16 ms
Download: 305.25 Mbit/s
Upload: 19.37 Mbit/s
Mon Oct 18 08:45:01 CEST 2021
Ping: 24.47 ms
Download: 75.46 Mbit/s
Upload: 19.73 Mbit/s
Mon Oct 18 09:45:01 CEST 2021
Ping: 25.788 ms
Download: 180.67 Mbit/s
Upload: 19.45 Mbit/s
Mon Oct 18 10:45:01 CEST 2021
Ping: 26.276 ms
Download: 212.10 Mbit/s
Upload: 19.33 Mbit/s
Mon Oct 18 11:45:01 CEST 2021
Ping: 23.315 ms
Download: 291.06 Mbit/s
Upload: 19.63 Mbit/s
Mon Oct 18 12:45:01 CEST 2021
Ping: 22.699 ms
Download: 290.38 Mbit/s
Upload: 19.58 Mbit/s
Mon Oct 18 13:45:01 CEST 2021
Ping: 19.529 ms
Download: 335.04 Mbit/s
Upload: 19.64 Mbit/s
Mon Oct 18 14:45:01 CEST 2021
Ping: 22.809 ms
Download: 274.38 Mbit/s
Upload: 19.83 Mbit/s
Mon Oct 18 15:45:01 CEST 2021
Ping: 20.682 ms
Download: 282.08 Mbit/s
Upload: 19.30 Mbit/s
Mon Oct 18 16:45:02 CEST 2021
Ping: 17.991 ms
Download: 292.21 Mbit/s
Upload: 19.58 Mbit/s
Mon Oct 18 17:45:01 CEST 2021
Ping: 19.805 ms
Download: 310.20 Mbit/s
Upload: 19.38 Mbit/s
Mon Oct 18 18:45:01 CEST 2021
Ping: 17.836 ms
Download: 307.62 Mbit/s
Upload: 18.58 Mbit/s
Mon Oct 18 19:45:01 CEST 2021
Ping: 17.231 ms
Download: 267.98 Mbit/s
Upload: 19.71 Mbit/s
Mon Oct 18 20:45:01 CEST 2021
Ping: 23.242 ms
Download: 207.81 Mbit/s
Upload: 19.10 Mbit/s
Mon Oct 18 21:45:02 CEST 2021
Ping: 25.469 ms
Download: 215.74 Mbit/s
Upload: 19.28 Mbit/s
Mon Oct 18 22:45:01 CEST 2021
Ping: 25.831 ms
Download: 290.85 Mbit/s
Upload: 15.41 Mbit/s
Mon Oct 18 23:45:01 CEST 2021
Ping: 23.993 ms
Download: 266.49 Mbit/s
Upload: 19.80 Mbit/s
Tue Oct 19 00:45:01 CEST 2021
Ping: 23.014 ms
Download: 289.96 Mbit/s
Upload: 19.69 Mbit/s
Tue Oct 19 01:45:01 CEST 2021
Ping: 22.683 ms
Download: 243.70 Mbit/s
Upload: 19.60 Mbit/s
Tue Oct 19 02:45:01 CEST 2021
Ping: 23.924 ms
Download: 307.77 Mbit/s
Upload: 19.32 Mbit/s
Tue Oct 19 03:45:01 CEST 2021
Ping: 22.671 ms
Download: 256.08 Mbit/s
Upload: 15.02 Mbit/s
Tue Oct 19 04:45:01 CEST 2021
Ping: 22.372 ms
Download: 248.77 Mbit/s
Upload: 19.77 Mbit/s
Tue Oct 19 05:45:01 CEST 2021
Ping: 24.966 ms
Download: 111.61 Mbit/s
Upload: 19.79 Mbit/s
Tue Oct 19 06:45:01 CEST 2021
Ping: 24.145 ms
Download: 136.25 Mbit/s
Upload: 19.70 Mbit/s
Tue Oct 19 07:45:01 CEST 2021
Ping: 24.475 ms
Download: 251.73 Mbit/s
Upload: 19.32 Mbit/s
Tue Oct 19 08:45:01 CEST 2021
Ping: 22.987 ms
Download: 309.28 Mbit/s
Upload: 18.69 Mbit/s
Tue Oct 19 09:45:01 CEST 2021
Ping: 21.274 ms
Download: 280.00 Mbit/s
Upload: 19.43 Mbit/s
Tue Oct 19 10:45:01 CEST 2021
Ping: 14.45 ms
Download: 304.43 Mbit/s
Upload: 19.38 Mbit/s
Tue Oct 19 11:45:01 CEST 2021
Ping: 23.894 ms
Download: 259.05 Mbit/s
Upload: 19.34 Mbit/s
Tue Oct 19 12:45:01 CEST 2021
Ping: 23.15 ms
Download: 269.72 Mbit/s
Upload: 19.70 Mbit/s
Tue Oct 19 13:45:01 CEST 2021
Ping: 19.681 ms
Download: 289.48 Mbit/s
Upload: 19.68 Mbit/s
Tue Oct 19 14:45:01 CEST 2021
Ping: 21.624 ms
Download: 340.22 Mbit/s
Upload: 16.24 Mbit/s
Tue Oct 19 15:45:01 CEST 2021
Ping: 23.662 ms
Download: 219.99 Mbit/s
Upload: 19.68 Mbit/s
Tue Oct 19 16:45:01 CEST 2021
Ping: 23.381 ms
Download: 188.98 Mbit/s
Upload: 19.61 Mbit/s
Tue Oct 19 17:45:01 CEST 2021
Ping: 23.338 ms
Download: 261.01 Mbit/s
Upload: 19.64 Mbit/s
Tue Oct 19 18:45:01 CEST 2021
Ping: 23.005 ms
Download: 267.75 Mbit/s
Upload: 19.68 Mbit/s
Tue Oct 19 19:45:01 CEST 2021
Ping: 18.36 ms
Download: 247.90 Mbit/s
Upload: 19.69 Mbit/s
Tue Oct 19 20:45:01 CEST 2021
Ping: 25.162 ms
Download: 265.42 Mbit/s
Upload: 14.47 Mbit/s
Tue Oct 19 21:45:01 CEST 2021
Ping: 25.829 ms
Download: 242.57 Mbit/s
Upload: 19.34 Mbit/s
Tue Oct 19 22:45:01 CEST 2021
Ping: 26.271 ms
Download: 278.29 Mbit/s
Upload: 19.36 Mbit/s
Tue Oct 19 23:45:01 CEST 2021
Ping: 24.164 ms
Download: 299.69 Mbit/s
Upload: 19.61 Mbit/s
Wed Oct 20 00:45:01 CEST 2021
Ping: 24.309 ms
Download: 265.01 Mbit/s
Upload: 19.34 Mbit/s
Wed Oct 20 01:45:01 CEST 2021
Ping: 23.53 ms
Download: 208.66 Mbit/s
Upload: 19.58 Mbit/s
Wed Oct 20 02:45:01 CEST 2021
Ping: 22.189 ms
Download: 259.44 Mbit/s
Upload: 19.08 Mbit/s
Wed Oct 20 03:45:02 CEST 2021
Ping: 23.027 ms
Download: 322.87 Mbit/s
Upload: 19.68 Mbit/s
Wed Oct 20 04:45:02 CEST 2021
Ping: 23.151 ms
Download: 324.19 Mbit/s
Upload: 19.64 Mbit/s
Wed Oct 20 05:45:01 CEST 2021
Ping: 22.091 ms
Download: 288.12 Mbit/s
Upload: 19.66 Mbit/s
Wed Oct 20 06:45:01 CEST 2021
Ping: 21.725 ms
Download: 350.56 Mbit/s
Upload: 13.95 Mbit/s
Wed Oct 20 07:45:01 CEST 2021
Ping: 22.905 ms
Download: 92.13 Mbit/s
Upload: 19.33 Mbit/s
Wed Oct 20 08:45:01 CEST 2021
Ping: 24.016 ms
Download: 133.65 Mbit/s
Upload: 19.60 Mbit/s
Wed Oct 20 09:45:01 CEST 2021
Ping: 23.489 ms
Download: 316.34 Mbit/s
Upload: 19.63 Mbit/s
Wed Oct 20 10:45:01 CEST 2021
Ping: 24.752 ms
Download: 297.29 Mbit/s
Upload: 19.81 Mbit/s
Wed Oct 20 11:45:01 CEST 2021
Ping: 22.802 ms
Download: 323.45 Mbit/s
Upload: 19.67 Mbit/s
Wed Oct 20 12:45:01 CEST 2021
Ping: 25.213 ms
Download: 224.85 Mbit/s
Upload: 19.54 Mbit/s
Wed Oct 20 13:45:01 CEST 2021
Ping: 25.786 ms
Download: 166.32 Mbit/s
Upload: 19.01 Mbit/s
Wed Oct 20 14:45:01 CEST 2021
Ping: 24.88 ms
Download: 227.91 Mbit/s
Upload: 18.99 Mbit/s
Wed Oct 20 15:45:01 CEST 2021
Ping: 24.674 ms
Download: 84.53 Mbit/s
Upload: 19.47 Mbit/s
Wed Oct 20 16:45:01 CEST 2021
Ping: 22.43 ms
Download: 133.41 Mbit/s
Upload: 17.91 Mbit/s
Wed Oct 20 17:45:01 CEST 2021
Ping: 24.806 ms
Download: 113.26 Mbit/s
Upload: 18.76 Mbit/s
Wed Oct 20 18:45:01 CEST 2021
Ping: 24.824 ms
Download: 324.01 Mbit/s
Upload: 19.77 Mbit/s
Wed Oct 20 19:45:01 CEST 2021
Ping: 19.12 ms
Download: 346.06 Mbit/s
Upload: 1.39 Mbit/s
Wed Oct 20 20:45:02 CEST 2021
Ping: 23.394 ms
Download: 354.03 Mbit/s
Upload: 1.59 Mbit/s
Wed Oct 20 21:45:01 CEST 2021
Ping: 22.478 ms
Download: 354.37 Mbit/s
Upload: 15.77 Mbit/s
Wed Oct 20 22:45:01 CEST 2021
Ping: 23.31 ms
Download: 336.86 Mbit/s
Upload: 17.43 Mbit/s
Wed Oct 20 23:45:01 CEST 2021
Ping: 24.181 ms
Download: 342.73 Mbit/s
Upload: 14.34 Mbit/s
Thu Oct 21 00:45:01 CEST 2021
Ping: 22.904 ms
Download: 243.72 Mbit/s
Upload: 19.60 Mbit/s
Thu Oct 21 01:45:01 CEST 2021
Ping: 25.166 ms
Download: 228.40 Mbit/s
Upload: 19.33 Mbit/s
Thu Oct 21 02:45:01 CEST 2021
Ping: 25.205 ms
Download: 225.03 Mbit/s
Upload: 19.00 Mbit/s
Thu Oct 21 03:45:01 CEST 2021
Ping: 23.022 ms
Download: 259.96 Mbit/s
Upload: 18.09 Mbit/s
Thu Oct 21 04:45:01 CEST 2021
Ping: 23.205 ms
Download: 261.61 Mbit/s
Upload: 18.82 Mbit/s
Thu Oct 21 05:45:01 CEST 2021
Ping: 24.381 ms
Download: 280.29 Mbit/s
Upload: 19.56 Mbit/s
Thu Oct 21 06:45:01 CEST 2021
Ping: 24.009 ms
Download: 50.95 Mbit/s
Upload: 18.25 Mbit/s
Thu Oct 21 07:45:01 CEST 2021
Ping: 23.99 ms
Download: 272.55 Mbit/s
Upload: 12.19 Mbit/s
Thu Oct 21 08:45:01 CEST 2021
Ping: 22.75 ms
Download: 56.47 Mbit/s
Upload: 19.14 Mbit/s
Thu Oct 21 09:45:01 CEST 2021
Ping: 22.848 ms
Download: 319.67 Mbit/s
Upload: 19.30 Mbit/s
Thu Oct 21 10:45:01 CEST 2021
Ping: 23.36 ms
Download: 305.91 Mbit/s
Upload: 19.26 Mbit/s
Thu Oct 21 11:45:01 CEST 2021
Ping: 23.166 ms
Download: 283.98 Mbit/s
Upload: 19.73 Mbit/s
Thu Oct 21 12:45:02 CEST 2021
Ping: 21.759 ms
Download: 256.71 Mbit/s
Upload: 19.02 Mbit/s
Thu Oct 21 13:45:01 CEST 2021
Ping: 17.413 ms
Download: 315.50 Mbit/s
Upload: 19.38 Mbit/s
Thu Oct 21 14:45:01 CEST 2021
Ping: 25.504 ms
Download: 287.27 Mbit/s
Upload: 19.43 Mbit/s
Thu Oct 21 15:45:02 CEST 2021
Ping: 22.948 ms
Download: 308.81 Mbit/s
Upload: 19.14 Mbit/s
Thu Oct 21 16:45:01 CEST 2021
Ping: 22.824 ms
Download: 269.84 Mbit/s
Upload: 19.54 Mbit/s
Thu Oct 21 17:45:02 CEST 2021
Ping: 19.82 ms
Download: 294.99 Mbit/s
Upload: 19.77 Mbit/s
Thu Oct 21 18:45:02 CEST 2021
Ping: 24.484 ms
Download: 293.23 Mbit/s
Upload: 19.40 Mbit/s
Thu Oct 21 19:45:01 CEST 2021
Ping: 23.158 ms
Download: 250.81 Mbit/s
Upload: 19.56 Mbit/s
Thu Oct 21 20:45:01 CEST 2021
Ping: 24.314 ms
Download: 280.73 Mbit/s
Upload: 19.58 Mbit/s
Thu Oct 21 21:45:01 CEST 2021
Ping: 23.046 ms
Download: 48.61 Mbit/s
Upload: 18.72 Mbit/s
Thu Oct 21 22:45:01 CEST 2021
Ping: 23.738 ms
Download: 51.96 Mbit/s
Upload: 19.40 Mbit/s
Thu Oct 21 23:45:01 CEST 2021
Ping: 24.318 ms
Download: 54.87 Mbit/s
Upload: 19.59 Mbit/s
Fri Oct 22 00:45:01 CEST 2021
Ping: 24.745 ms
Download: 303.10 Mbit/s
Upload: 19.40 Mbit/s
Fri Oct 22 01:45:01 CEST 2021
Ping: 24.577 ms
Download: 209.65 Mbit/s
Upload: 19.42 Mbit/s
Fri Oct 22 02:45:01 CEST 2021
Ping: 22.823 ms
Download: 93.27 Mbit/s
Upload: 19.59 Mbit/s
Fri Oct 22 03:45:01 CEST 2021
Ping: 24.124 ms
Download: 283.59 Mbit/s
Upload: 19.51 Mbit/s
Fri Oct 22 04:45:01 CEST 2021
Ping: 20.949 ms
Download: 309.85 Mbit/s
Upload: 19.64 Mbit/s
Fri Oct 22 05:45:02 CEST 2021
Ping: 19.958 ms
Download: 301.99 Mbit/s
Upload: 19.17 Mbit/s
Fri Oct 22 06:45:01 CEST 2021
Ping: 22.683 ms
Download: 310.89 Mbit/s
Upload: 12.67 Mbit/s
Fri Oct 22 07:45:01 CEST 2021
Ping: 23.473 ms
Download: 266.67 Mbit/s
Upload: 13.77 Mbit/s
Fri Oct 22 08:45:01 CEST 2021
Ping: 22.195 ms
Download: 64.84 Mbit/s
Upload: 19.81 Mbit/s
Fri Oct 22 09:45:01 CEST 2021
Ping: 24.765 ms
Download: 126.83 Mbit/s
Upload: 19.62 Mbit/s
Fri Oct 22 10:45:01 CEST 2021
Ping: 24.333 ms
Download: 111.78 Mbit/s
Upload: 19.43 Mbit/s
Fri Oct 22 11:45:01 CEST 2021
Ping: 24.334 ms
Download: 104.09 Mbit/s
Upload: 19.32 Mbit/s
Fri Oct 22 12:45:01 CEST 2021
Ping: 24.559 ms
Download: 228.95 Mbit/s
Upload: 19.20 Mbit/s
Fri Oct 22 14:45:02 CEST 2021
Ping: 24.789 ms
Download: 235.71 Mbit/s
Upload: 18.89 Mbit/s
Fri Oct 22 15:45:01 CEST 2021
Ping: 24.288 ms
Download: 290.47 Mbit/s
Upload: 14.48 Mbit/s
Fri Oct 22 16:45:01 CEST 2021
Ping: 22.308 ms
Download: 317.73 Mbit/s
Upload: 19.54 Mbit/s
Fri Oct 22 17:45:01 CEST 2021
Ping: 18.167 ms
Download: 285.91 Mbit/s
Upload: 19.16 Mbit/s
Fri Oct 22 18:45:01 CEST 2021
Ping: 24.304 ms
Download: 328.35 Mbit/s
Upload: 19.61 Mbit/s
Fri Oct 22 19:45:01 CEST 2021
Ping: 23.98 ms
Download: 286.86 Mbit/s
Upload: 18.88 Mbit/s
Fri Oct 22 20:45:01 CEST 2021
Ping: 22.479 ms
Download: 245.94 Mbit/s
Upload: 16.96 Mbit/s
Fri Oct 22 21:45:01 CEST 2021
Ping: 24.798 ms
Download: 50.70 Mbit/s
Upload: 18.79 Mbit/s
Fri Oct 22 22:45:01 CEST 2021
Ping: 24.591 ms
Download: 203.28 Mbit/s
Upload: 19.36 Mbit/s
Fri Oct 22 23:45:01 CEST 2021
Ping: 24.991 ms
Download: 274.40 Mbit/s
Upload: 19.59 Mbit/s
Sat Oct 23 00:45:01 CEST 2021
Ping: 24.143 ms
Download: 339.73 Mbit/s
Upload: 19.64 Mbit/s
Sat Oct 23 01:45:01 CEST 2021
Ping: 23.806 ms
Download: 243.73 Mbit/s
Upload: 13.74 Mbit/s
Sat Oct 23 02:45:01 CEST 2021
Ping: 23.311 ms
Download: 247.17 Mbit/s
Upload: 19.51 Mbit/s
Sat Oct 23 03:45:01 CEST 2021
Ping: 23.15 ms
Download: 299.33 Mbit/s
Upload: 19.30 Mbit/s
Sat Oct 23 04:45:01 CEST 2021
Ping: 25.096 ms
Download: 251.33 Mbit/s
Upload: 19.66 Mbit/s
Sat Oct 23 05:45:01 CEST 2021
Ping: 24.157 ms
Download: 253.12 Mbit/s
Upload: 19.59 Mbit/s
Sat Oct 23 06:45:01 CEST 2021
Ping: 24.135 ms
Download: 245.83 Mbit/s
Upload: 18.90 Mbit/s
Sat Oct 23 07:45:01 CEST 2021
Ping: 22.525 ms
Download: 193.80 Mbit/s
Upload: 19.56 Mbit/s
Sat Oct 23 08:45:01 CEST 2021
Ping: 22.185 ms
Download: 314.52 Mbit/s
Upload: 19.69 Mbit/s
Sat Oct 23 09:45:02 CEST 2021
Ping: 21.055 ms
Download: 275.29 Mbit/s
Upload: 19.65 Mbit/s
Sat Oct 23 10:45:02 CEST 2021
Ping: 24.413 ms
Download: 323.58 Mbit/s
Upload: 14.52 Mbit/s
Sat Oct 23 11:45:01 CEST 2021
Ping: 23.0 ms
Download: 180.91 Mbit/s
Upload: 19.02 Mbit/s
Sat Oct 23 12:45:01 CEST 2021
Ping: 24.826 ms
Download: 118.35 Mbit/s
Upload: 18.93 Mbit/s
Sat Oct 23 13:45:01 CEST 2021
Ping: 23.001 ms
Download: 286.33 Mbit/s
Upload: 14.33 Mbit/s
Sat Oct 23 14:45:02 CEST 2021
Ping: 23.098 ms
Download: 238.81 Mbit/s
Upload: 19.82 Mbit/s
Sat Oct 23 15:45:01 CEST 2021
Ping: 25.041 ms
Download: 252.43 Mbit/s
Upload: 16.10 Mbit/s
Sat Oct 23 16:45:01 CEST 2021
Ping: 23.512 ms
Download: 265.67 Mbit/s
Upload: 19.86 Mbit/s
Sat Oct 23 17:45:01 CEST 2021
Ping: 23.083 ms
Download: 110.97 Mbit/s
Upload: 19.46 Mbit/s
Sat Oct 23 18:45:01 CEST 2021
Ping: 23.008 ms
Download: 126.22 Mbit/s
Upload: 19.52 Mbit/s
Sat Oct 23 19:45:01 CEST 2021
Ping: 24.307 ms
Download: 254.98 Mbit/s
Upload: 19.24 Mbit/s
Sat Oct 23 20:45:01 CEST 2021
Ping: 24.839 ms
Download: 246.15 Mbit/s
Upload: 19.42 Mbit/s
Sat Oct 23 21:45:01 CEST 2021
Ping: 24.2 ms
Download: 33.68 Mbit/s
Upload: 17.90 Mbit/s
Sat Oct 23 22:45:01 CEST 2021
Ping: 23.791 ms
Download: 343.47 Mbit/s
Upload: 15.56 Mbit/s
Sat Oct 23 23:45:01 CEST 2021
Ping: 22.183 ms
Download: 259.10 Mbit/s
Upload: 19.55 Mbit/s
Sun Oct 24 00:45:01 CEST 2021
Ping: 25.175 ms
Download: 126.61 Mbit/s
Upload: 18.85 Mbit/s
Sun Oct 24 01:45:01 CEST 2021
Ping: 23.555 ms
Download: 90.74 Mbit/s
Upload: 19.39 Mbit/s
Sun Oct 24 02:45:01 CEST 2021
Ping: 24.818 ms
Download: 90.71 Mbit/s
Upload: 19.23 Mbit/s
Sun Oct 24 03:45:01 CEST 2021
Ping: 23.511 ms
Download: 117.14 Mbit/s
Upload: 19.68 Mbit/s
Sun Oct 24 04:45:01 CEST 2021
Ping: 23.857 ms
Download: 260.82 Mbit/s
Upload: 18.13 Mbit/s
Sun Oct 24 05:45:01 CEST 2021
Ping: 23.682 ms
Download: 249.64 Mbit/s
Upload: 18.94 Mbit/s
Sun Oct 24 06:45:01 CEST 2021
Ping: 23.427 ms
Download: 154.19 Mbit/s
Upload: 19.69 Mbit/s
Sun Oct 24 07:45:01 CEST 2021
Ping: 23.194 ms
Download: 94.40 Mbit/s
Upload: 19.84 Mbit/s
Sun Oct 24 08:45:01 CEST 2021
Ping: 23.45 ms
Download: 112.24 Mbit/s
Upload: 19.75 Mbit/s
Sun Oct 24 09:45:01 CEST 2021
Ping: 25.973 ms
Download: 90.79 Mbit/s
Upload: 19.39 Mbit/s
Sun Oct 24 10:45:01 CEST 2021
Ping: 24.851 ms
Download: 268.10 Mbit/s
Upload: 19.85 Mbit/s
Sun Oct 24 11:45:01 CEST 2021
Ping: 19.992 ms
Download: 316.41 Mbit/s
Upload: 19.17 Mbit/s
Sun Oct 24 12:45:01 CEST 2021
Ping: 19.329 ms
Download: 302.12 Mbit/s
Upload: 19.55 Mbit/s
Sun Oct 24 13:45:01 CEST 2021
Ping: 20.227 ms
Download: 324.38 Mbit/s
Upload: 19.36 Mbit/s
Sun Oct 24 14:45:01 CEST 2021
Ping: 20.323 ms
Download: 303.09 Mbit/s
Upload: 19.60 Mbit/s
Sun Oct 24 15:45:01 CEST 2021
Ping: 19.121 ms
Download: 305.76 Mbit/s
Upload: 19.51 Mbit/s
Sun Oct 24 16:45:01 CEST 2021
Ping: 24.31 ms
Download: 227.67 Mbit/s
Upload: 18.65 Mbit/s
Sun Oct 24 17:45:01 CEST 2021
Ping: 25.008 ms
Download: 213.29 Mbit/s
Upload: 19.38 Mbit/s
Sun Oct 24 18:45:01 CEST 2021
Ping: 25.713 ms
Download: 244.33 Mbit/s
Upload: 18.78 Mbit/s
Sun Oct 24 19:45:01 CEST 2021
Ping: 23.158 ms
Download: 233.96 Mbit/s
Upload: 15.57 Mbit/s
Sun Oct 24 20:45:02 CEST 2021
Ping: 24.842 ms
Download: 274.20 Mbit/s
Upload: 15.88 Mbit/s
Sun Oct 24 21:45:01 CEST 2021
Ping: 25.693 ms
Download: 312.22 Mbit/s
Upload: 19.18 Mbit/s
Sun Oct 24 22:45:01 CEST 2021
Ping: 26.939 ms
Download: 190.23 Mbit/s
Upload: 18.88 Mbit/s
Sun Oct 24 23:45:01 CEST 2021
Ping: 25.057 ms
Download: 204.54 Mbit/s
Upload: 19.74 Mbit/s
Mon Oct 25 00:45:01 CEST 2021
Ping: 24.412 ms
Download: 294.47 Mbit/s
Upload: 19.82 Mbit/s
Mon Oct 25 01:45:01 CEST 2021
Ping: 22.388 ms
Download: 282.00 Mbit/s
Upload: 19.32 Mbit/s
Mon Oct 25 02:45:01 CEST 2021
Ping: 18.282 ms
Download: 311.30 Mbit/s
Upload: 19.67 Mbit/s
Mon Oct 25 03:45:01 CEST 2021
Ping: 18.316 ms
Download: 266.44 Mbit/s
Upload: 19.68 Mbit/s
Mon Oct 25 04:45:02 CEST 2021
Ping: 22.418 ms
Download: 246.58 Mbit/s
Upload: 19.54 Mbit/s
Mon Oct 25 05:45:01 CEST 2021
Ping: 22.378 ms
Download: 292.10 Mbit/s
Upload: 19.50 Mbit/s
Mon Oct 25 06:45:01 CEST 2021
Ping: 23.18 ms
Download: 298.76 Mbit/s
Upload: 19.59 Mbit/s
Mon Oct 25 07:45:01 CEST 2021
Ping: 25.254 ms
Download: 295.90 Mbit/s
Upload: 15.32 Mbit/s
Mon Oct 25 08:45:01 CEST 2021
Ping: 25.489 ms
Download: 302.74 Mbit/s
Upload: 16.92 Mbit/s
Mon Oct 25 09:45:01 CEST 2021
Ping: 23.642 ms
Download: 313.14 Mbit/s
Upload: 19.58 Mbit/s
Mon Oct 25 10:45:01 CEST 2021
Ping: 23.183 ms
Download: 322.14 Mbit/s
Upload: 19.13 Mbit/s
Mon Oct 25 11:45:02 CEST 2021
Ping: 20.72 ms
Download: 319.05 Mbit/s
Upload: 18.66 Mbit/s
Mon Oct 25 12:45:01 CEST 2021
Ping: 23.979 ms
Download: 282.17 Mbit/s
Upload: 19.69 Mbit/s
Mon Oct 25 13:45:01 CEST 2021
Ping: 21.517 ms
Download: 303.95 Mbit/s
Upload: 19.83 Mbit/s
Mon Oct 25 14:45:01 CEST 2021
Ping: 23.366 ms
Download: 327.48 Mbit/s
Upload: 19.49 Mbit/s
Mon Oct 25 15:45:01 CEST 2021
Ping: 22.836 ms
Download: 323.29 Mbit/s
Upload: 19.75 Mbit/s
Mon Oct 25 16:45:01 CEST 2021
Ping: 24.356 ms
Download: 226.40 Mbit/s
Upload: 19.46 Mbit/s
Mon Oct 25 17:45:01 CEST 2021
Ping: 22.076 ms
Download: 296.15 Mbit/s
Upload: 19.19 Mbit/s
Mon Oct 25 18:45:01 CEST 2021
Ping: 23.821 ms
Download: 231.73 Mbit/s
Upload: 19.90 Mbit/s
Mon Oct 25 19:45:01 CEST 2021
Ping: 24.804 ms
Download: 197.39 Mbit/s
Upload: 19.75 Mbit/s
Mon Oct 25 20:45:01 CEST 2021
Ping: 24.178 ms
Download: 242.17 Mbit/s
Upload: 19.72 Mbit/s
Mon Oct 25 21:45:01 CEST 2021
Ping: 23.011 ms
Download: 273.83 Mbit/s
Upload: 19.85 Mbit/s
Mon Oct 25 22:45:01 CEST 2021
Ping: 23.266 ms
Download: 94.33 Mbit/s
Upload: 19.70 Mbit/s
Mon Oct 25 23:45:01 CEST 2021
Ping: 23.679 ms
Download: 300.69 Mbit/s
Upload: 19.24 Mbit/s
Tue Oct 26 00:45:01 CEST 2021
Ping: 24.267 ms
Download: 267.02 Mbit/s
Upload: 16.08 Mbit/s
Tue Oct 26 01:45:01 CEST 2021
Ping: 25.632 ms
Download: 263.68 Mbit/s
Upload: 17.63 Mbit/s
Tue Oct 26 02:45:01 CEST 2021
Ping: 21.495 ms
Download: 289.68 Mbit/s
Upload: 19.60 Mbit/s
Tue Oct 26 03:45:01 CEST 2021
Ping: 20.338 ms
Download: 293.72 Mbit/s
Upload: 19.47 Mbit/s
Tue Oct 26 04:45:01 CEST 2021
Ping: 18.029 ms
Download: 278.97 Mbit/s
Upload: 19.31 Mbit/s
Tue Oct 26 05:45:01 CEST 2021
Ping: 23.688 ms
Download: 270.53 Mbit/s
Upload: 17.30 Mbit/s
Tue Oct 26 06:45:01 CEST 2021
Ping: 23.842 ms
Download: 261.25 Mbit/s
Upload: 19.25 Mbit/s
Tue Oct 26 07:45:01 CEST 2021
Ping: 24.983 ms
Download: 266.47 Mbit/s
Upload: 18.87 Mbit/s
Tue Oct 26 08:45:01 CEST 2021
Ping: 22.412 ms
Download: 233.47 Mbit/s
Upload: 13.23 Mbit/s
Tue Oct 26 09:45:01 CEST 2021
Ping: 21.973 ms
Download: 290.18 Mbit/s
Upload: 14.35 Mbit/s
Tue Oct 26 10:45:01 CEST 2021
Ping: 20.522 ms
Download: 321.34 Mbit/s
Upload: 11.91 Mbit/s
Tue Oct 26 11:45:01 CEST 2021
Ping: 24.524 ms
Download: 356.94 Mbit/s
Upload: 19.52 Mbit/s
Tue Oct 26 12:45:02 CEST 2021
Ping: 22.654 ms
Download: 256.18 Mbit/s
Upload: 16.52 Mbit/s
Tue Oct 26 13:45:01 CEST 2021
Ping: 24.169 ms
Download: 208.44 Mbit/s
Upload: 14.03 Mbit/s
Tue Oct 26 14:45:01 CEST 2021
Ping: 28.48 ms
Download: 282.75 Mbit/s
Upload: 19.61 Mbit/s
Tue Oct 26 15:45:01 CEST 2021
Ping: 25.331 ms
Download: 328.55 Mbit/s
Upload: 19.09 Mbit/s
Tue Oct 26 16:45:01 CEST 2021
Ping: 25.225 ms
Download: 295.17 Mbit/s
Upload: 19.75 Mbit/s
Tue Oct 26 17:45:01 CEST 2021
Ping: 23.176 ms
Download: 286.66 Mbit/s
Upload: 19.73 Mbit/s
Tue Oct 26 18:45:02 CEST 2021
Ping: 21.663 ms
Download: 45.72 Mbit/s
Upload: 19.44 Mbit/s
Tue Oct 26 19:45:01 CEST 2021
Ping: 22.676 ms
Download: 232.63 Mbit/s
Upload: 19.70 Mbit/s
Tue Oct 26 20:45:01 CEST 2021
Ping: 22.985 ms
Download: 344.30 Mbit/s
Upload: 15.93 Mbit/s
Tue Oct 26 21:45:01 CEST 2021
Ping: 21.464 ms
Download: 261.17 Mbit/s
Upload: 19.28 Mbit/s
Tue Oct 26 22:45:01 CEST 2021
Ping: 19.652 ms
Download: 294.35 Mbit/s
Upload: 19.75 Mbit/s
Tue Oct 26 23:45:01 CEST 2021
Ping: 20.685 ms
Download: 258.99 Mbit/s
Upload: 19.27 Mbit/s
Wed Oct 27 00:45:01 CEST 2021
Ping: 19.312 ms
Download: 306.39 Mbit/s
Upload: 19.31 Mbit/s
Wed Oct 27 01:45:01 CEST 2021
Ping: 20.359 ms
Download: 258.11 Mbit/s
Upload: 19.54 Mbit/s
Wed Oct 27 02:45:02 CEST 2021
Ping: 22.297 ms
Download: 321.67 Mbit/s
Upload: 19.34 Mbit/s
Wed Oct 27 03:45:01 CEST 2021
Ping: 19.159 ms
Download: 237.50 Mbit/s
Upload: 19.39 Mbit/s
Wed Oct 27 04:45:01 CEST 2021
Ping: 17.993 ms
Download: 305.49 Mbit/s
Upload: 19.44 Mbit/s
Wed Oct 27 05:45:01 CEST 2021
Ping: 22.831 ms
Download: 313.51 Mbit/s
Upload: 19.58 Mbit/s
Wed Oct 27 06:45:01 CEST 2021
Ping: 23.274 ms
Download: 287.75 Mbit/s
Upload: 19.77 Mbit/s
Wed Oct 27 07:45:01 CEST 2021
Ping: 22.918 ms
Download: 178.29 Mbit/s
Upload: 19.51 Mbit/s
Wed Oct 27 08:45:01 CEST 2021
Ping: 22.728 ms
Download: 60.15 Mbit/s
Upload: 18.89 Mbit/s
Wed Oct 27 09:45:01 CEST 2021
Ping: 25.647 ms
Download: 58.26 Mbit/s
Upload: 19.38 Mbit/s
Wed Oct 27 10:45:02 CEST 2021
Ping: 26.691 ms
Download: 58.39 Mbit/s
Upload: 19.09 Mbit/s
Wed Oct 27 11:45:01 CEST 2021
Ping: 25.622 ms
Download: 237.29 Mbit/s
Upload: 18.83 Mbit/s
Wed Oct 27 12:45:01 CEST 2021
Ping: 22.921 ms
Download: 312.59 Mbit/s
Upload: 19.80 Mbit/s
Wed Oct 27 13:45:01 CEST 2021
Ping: 25.824 ms
Download: 238.19 Mbit/s
Upload: 18.53 Mbit/s
Wed Oct 27 14:45:01 CEST 2021
Ping: 27.816 ms
Download: 281.96 Mbit/s
Upload: 16.86 Mbit/s
Wed Oct 27 15:45:01 CEST 2021
Ping: 22.813 ms
Download: 313.91 Mbit/s
Upload: 19.45 Mbit/s
Wed Oct 27 16:45:02 CEST 2021
Ping: 19.856 ms
Download: 301.92 Mbit/s
Upload: 18.39 Mbit/s
Wed Oct 27 17:45:01 CEST 2021
Ping: 20.341 ms
Download: 244.26 Mbit/s
Upload: 17.63 Mbit/s
Wed Oct 27 18:45:01 CEST 2021
Ping: 22.459 ms
Download: 343.58 Mbit/s
Upload: 10.84 Mbit/s
Wed Oct 27 19:45:01 CEST 2021
Ping: 24.372 ms
Download: 229.93 Mbit/s
Upload: 19.33 Mbit/s
Wed Oct 27 20:45:01 CEST 2021
Ping: 26.078 ms
Download: 267.91 Mbit/s
Upload: 19.30 Mbit/s
Wed Oct 27 21:45:01 CEST 2021
Ping: 29.752 ms
Download: 220.37 Mbit/s
Upload: 19.46 Mbit/s
Wed Oct 27 22:45:01 CEST 2021
Ping: 27.758 ms
Download: 275.06 Mbit/s
Upload: 18.11 Mbit/s
Wed Oct 27 23:45:01 CEST 2021
Ping: 23.817 ms
Download: 127.51 Mbit/s
Upload: 19.55 Mbit/s
Thu Oct 28 00:45:01 CEST 2021
Ping: 21.827 ms
Download: 217.16 Mbit/s
Upload: 19.25 Mbit/s
Thu Oct 28 01:45:01 CEST 2021
Ping: 20.822 ms
Download: 334.62 Mbit/s
Upload: 19.35 Mbit/s
Thu Oct 28 02:45:01 CEST 2021
Ping: 22.673 ms
Download: 328.47 Mbit/s
Upload: 19.62 Mbit/s
Thu Oct 28 03:45:01 CEST 2021
Ping: 21.835 ms
Download: 323.15 Mbit/s
Upload: 19.46 Mbit/s
Thu Oct 28 04:45:01 CEST 2021
Ping: 17.991 ms
Download: 269.48 Mbit/s
Upload: 19.61 Mbit/s
Thu Oct 28 05:45:01 CEST 2021
Ping: 20.687 ms
Download: 256.10 Mbit/s
Upload: 19.58 Mbit/s
Thu Oct 28 06:45:01 CEST 2021
Ping: 25.057 ms
Download: 215.37 Mbit/s
Upload: 19.84 Mbit/s
Thu Oct 28 07:45:01 CEST 2021
Ping: 26.603 ms
Download: 114.92 Mbit/s
Upload: 19.09 Mbit/s
Thu Oct 28 08:45:01 CEST 2021
Ping: 25.882 ms
Download: 231.96 Mbit/s
Upload: 19.30 Mbit/s
Thu Oct 28 09:45:01 CEST 2021
Ping: 24.181 ms
Download: 39.34 Mbit/s
Upload: 18.07 Mbit/s
Thu Oct 28 10:45:01 CEST 2021
Ping: 25.055 ms
Download: 60.85 Mbit/s
Upload: 19.59 Mbit/s
Thu Oct 28 11:45:01 CEST 2021
Ping: 24.849 ms
Download: 252.71 Mbit/s
Upload: 17.25 Mbit/s
Thu Oct 28 12:45:01 CEST 2021
Ping: 23.942 ms
Download: 66.75 Mbit/s
Upload: 19.67 Mbit/s
Thu Oct 28 13:45:01 CEST 2021
Ping: 22.117 ms
Download: 334.66 Mbit/s
Upload: 15.28 Mbit/s
Thu Oct 28 14:45:01 CEST 2021
Ping: 21.978 ms
Download: 349.21 Mbit/s
Upload: 14.90 Mbit/s
Thu Oct 28 15:45:01 CEST 2021
Ping: 22.587 ms
Download: 169.10 Mbit/s
Upload: 16.07 Mbit/s
Thu Oct 28 16:45:01 CEST 2021
Ping: 24.04 ms
Download: 237.95 Mbit/s
Upload: 16.91 Mbit/s
Thu Oct 28 17:45:01 CEST 2021
Ping: 23.811 ms
Download: 249.04 Mbit/s
Upload: 18.75 Mbit/s
Thu Oct 28 18:45:01 CEST 2021
Ping: 23.157 ms
Download: 343.38 Mbit/s
Upload: 15.42 Mbit/s
Thu Oct 28 19:45:01 CEST 2021
Ping: 27.251 ms
Download: 264.98 Mbit/s
Upload: 18.94 Mbit/s
Thu Oct 28 20:45:01 CEST 2021
Ping: 24.849 ms
Download: 347.89 Mbit/s
Upload: 14.83 Mbit/s
Thu Oct 28 21:45:01 CEST 2021
Ping: 25.819 ms
Download: 286.42 Mbit/s
Upload: 19.41 Mbit/s
Thu Oct 28 22:45:01 CEST 2021
Ping: 25.682 ms
Download: 208.83 Mbit/s
Upload: 19.92 Mbit/s
Thu Oct 28 23:45:01 CEST 2021
Ping: 25.018 ms
Download: 222.58 Mbit/s
Upload: 18.86 Mbit/s
Fri Oct 29 00:45:01 CEST 2021
Ping: 25.547 ms
Download: 215.30 Mbit/s
Upload: 19.83 Mbit/s
Fri Oct 29 01:45:01 CEST 2021
Ping: 23.159 ms
Download: 200.75 Mbit/s
Upload: 19.57 Mbit/s
Fri Oct 29 02:45:01 CEST 2021
Ping: 23.714 ms
Download: 192.75 Mbit/s
Upload: 19.16 Mbit/s
Fri Oct 29 03:45:01 CEST 2021
Ping: 24.489 ms
Download: 268.24 Mbit/s
Upload: 19.29 Mbit/s
Fri Oct 29 04:45:01 CEST 2021
Ping: 18.293 ms
Download: 285.81 Mbit/s
Upload: 19.63 Mbit/s
Fri Oct 29 05:45:01 CEST 2021
Ping: 19.944 ms
Download: 263.28 Mbit/s
Upload: 19.60 Mbit/s
Fri Oct 29 06:45:01 CEST 2021
Ping: 25.146 ms
Download: 163.05 Mbit/s
Upload: 19.40 Mbit/s
Fri Oct 29 07:45:01 CEST 2021
Ping: 24.736 ms
Download: 108.24 Mbit/s
Upload: 19.63 Mbit/s
Fri Oct 29 08:45:01 CEST 2021
Ping: 23.306 ms
Download: 243.43 Mbit/s
Upload: 18.88 Mbit/s
Fri Oct 29 09:45:01 CEST 2021
Ping: 23.354 ms
Download: 327.61 Mbit/s
Upload: 19.17 Mbit/s
Fri Oct 29 10:45:01 CEST 2021
Ping: 25.088 ms
Download: 221.40 Mbit/s
Upload: 19.33 Mbit/s
Fri Oct 29 11:45:01 CEST 2021
Ping: 24.462 ms
Download: 224.56 Mbit/s
Upload: 17.03 Mbit/s
Fri Oct 29 12:45:01 CEST 2021
Ping: 26.291 ms
Download: 207.52 Mbit/s
Upload: 19.34 Mbit/s
Fri Oct 29 13:45:01 CEST 2021
Ping: 22.873 ms
Download: 275.32 Mbit/s
Upload: 19.49 Mbit/s
Fri Oct 29 14:45:01 CEST 2021
Ping: 22.929 ms
Download: 269.10 Mbit/s
Upload: 17.20 Mbit/s
Fri Oct 29 15:45:01 CEST 2021
Ping: 23.346 ms
Download: 329.85 Mbit/s
Upload: 19.47 Mbit/s
Fri Oct 29 16:45:01 CEST 2021
Ping: 27.875 ms
Download: 198.99 Mbit/s
Upload: 19.55 Mbit/s
Fri Oct 29 17:45:01 CEST 2021
Ping: 26.775 ms
Download: 241.37 Mbit/s
Upload: 19.40 Mbit/s
Fri Oct 29 18:45:01 CEST 2021
Ping: 25.665 ms
Download: 262.83 Mbit/s
Upload: 19.63 Mbit/s
Fri Oct 29 19:45:01 CEST 2021
Ping: 23.704 ms
Download: 297.90 Mbit/s
Upload: 19.58 Mbit/s
Fri Oct 29 20:45:01 CEST 2021
Ping: 19.876 ms
Download: 326.12 Mbit/s
Upload: 19.42 Mbit/s
Fri Oct 29 21:45:01 CEST 2021
Ping: 16.992 ms
Download: 307.90 Mbit/s
Upload: 19.62 Mbit/s
Fri Oct 29 22:45:01 CEST 2021
Ping: 25.238 ms
Download: 314.22 Mbit/s
Upload: 18.18 Mbit/s
Fri Oct 29 23:45:01 CEST 2021
Ping: 23.025 ms
Download: 178.46 Mbit/s
Upload: 19.68 Mbit/s
Sat Oct 30 00:45:01 CEST 2021
Ping: 23.551 ms
Download: 261.98 Mbit/s
Upload: 19.39 Mbit/s
Sat Oct 30 01:45:01 CEST 2021
Ping: 24.191 ms
Download: 212.22 Mbit/s
Upload: 19.84 Mbit/s
Sat Oct 30 02:45:01 CEST 2021
Ping: 23.572 ms
Download: 322.86 Mbit/s
Upload: 19.43 Mbit/s
Sat Oct 30 03:45:01 CEST 2021
Ping: 23.483 ms
Download: 244.99 Mbit/s
Upload: 19.67 Mbit/s
Sat Oct 30 04:45:02 CEST 2021
Ping: 22.163 ms
Download: 5.97 Mbit/s
Upload: 19.40 Mbit/s
Sat Oct 30 05:45:01 CEST 2021
Ping: 22.838 ms
Download: 9.70 Mbit/s
Upload: 19.69 Mbit/s
Sat Oct 30 06:45:01 CEST 2021
Ping: 21.998 ms
Download: 236.77 Mbit/s
Upload: 19.52 Mbit/s
Sat Oct 30 07:45:01 CEST 2021
Ping: 20.508 ms
Download: 337.56 Mbit/s
Upload: 16.50 Mbit/s
Sat Oct 30 08:45:01 CEST 2021
Ping: 21.225 ms
Download: 352.66 Mbit/s
Upload: 15.99 Mbit/s
Sat Oct 30 09:45:01 CEST 2021
Ping: 24.74 ms
Download: 349.39 Mbit/s
Upload: 15.96 Mbit/s
Sat Oct 30 10:45:01 CEST 2021
Ping: 27.761 ms
Download: 203.69 Mbit/s
Upload: 18.41 Mbit/s
Sat Oct 30 11:45:01 CEST 2021
Ping: 29.664 ms
Download: 215.85 Mbit/s
Upload: 18.50 Mbit/s
Sat Oct 30 12:45:01 CEST 2021
Ping: 26.294 ms
Download: 219.26 Mbit/s
Upload: 19.03 Mbit/s
Sat Oct 30 13:45:01 CEST 2021
Ping: 22.662 ms
Download: 267.82 Mbit/s
Upload: 19.54 Mbit/s
Sat Oct 30 14:45:02 CEST 2021
Ping: 21.921 ms
Download: 338.78 Mbit/s
Upload: 19.45 Mbit/s
Sat Oct 30 15:45:01 CEST 2021
Ping: 18.966 ms
Download: 248.35 Mbit/s
Upload: 14.20 Mbit/s
Sat Oct 30 16:45:01 CEST 2021
Ping: 24.966 ms
Download: 319.96 Mbit/s
Upload: 19.29 Mbit/s
Sat Oct 30 17:45:01 CEST 2021
Ping: 22.138 ms
Download: 4.42 Mbit/s
Upload: 19.14 Mbit/s
Sat Oct 30 18:45:01 CEST 2021
Ping: 24.43 ms
Download: 215.45 Mbit/s
Upload: 19.40 Mbit/s
Sat Oct 30 19:45:02 CEST 2021
Ping: 21.382 ms
Download: 317.00 Mbit/s
Upload: 19.84 Mbit/s
Sat Oct 30 20:45:01 CEST 2021
Ping: 18.99 ms
Download: 265.77 Mbit/s
Upload: 19.62 Mbit/s
Sat Oct 30 21:45:01 CEST 2021
Ping: 19.816 ms
Download: 257.54 Mbit/s
Upload: 19.35 Mbit/s
Sat Oct 30 22:45:01 CEST 2021
Ping: 24.438 ms
Download: 282.45 Mbit/s
Upload: 13.42 Mbit/s
Sat Oct 30 23:45:01 CEST 2021
Ping: 22.578 ms
Download: 280.77 Mbit/s
Upload: 18.88 Mbit/s
Sun Oct 31 00:45:01 CEST 2021
Ping: 21.667 ms
Download: 302.26 Mbit/s
Upload: 19.70 Mbit/s
Sun Oct 31 01:45:01 CEST 2021
Ping: 23.97 ms
Download: 257.91 Mbit/s
Upload: 19.38 Mbit/s
Sun Oct 31 02:45:01 CEST 2021
Ping: 24.042 ms
Download: 215.18 Mbit/s
Upload: 19.49 Mbit/s
Sun Oct 31 02:45:01 CET 2021
Ping: 22.684 ms
Download: 276.50 Mbit/s
Upload: 11.90 Mbit/s
Sun Oct 31 03:45:01 CET 2021
Ping: 24.466 ms
Download: 229.33 Mbit/s
Upload: 19.37 Mbit/s
Sun Oct 31 04:45:01 CET 2021
Ping: 24.129 ms
Download: 203.45 Mbit/s
Upload: 19.12 Mbit/s
Sun Oct 31 05:45:01 CET 2021
Ping: 23.394 ms
Download: 97.26 Mbit/s
Upload: 19.01 Mbit/s
Sun Oct 31 06:45:01 CET 2021
Ping: 23.495 ms
Download: 232.48 Mbit/s
Upload: 19.53 Mbit/s
Sun Oct 31 07:45:01 CET 2021
Ping: 23.446 ms
Download: 228.39 Mbit/s
Upload: 19.71 Mbit/s
Sun Oct 31 08:45:01 CET 2021
Ping: 23.538 ms
Download: 258.23 Mbit/s
Upload: 19.17 Mbit/s
Sun Oct 31 09:45:01 CET 2021
Ping: 24.537 ms
Download: 121.03 Mbit/s
Upload: 19.88 Mbit/s
Sun Oct 31 10:45:01 CET 2021
Ping: 26.978 ms
Download: 249.29 Mbit/s
Upload: 19.72 Mbit/s
Sun Oct 31 11:45:01 CET 2021
Ping: 26.003 ms
Download: 321.78 Mbit/s
Upload: 19.68 Mbit/s
Sun Oct 31 12:45:01 CET 2021
Ping: 22.654 ms
Download: 330.45 Mbit/s
Upload: 14.09 Mbit/s
Sun Oct 31 13:45:01 CET 2021
Ping: 21.37 ms
Download: 327.01 Mbit/s
Upload: 16.40 Mbit/s
Sun Oct 31 14:45:02 CET 2021
Ping: 20.251 ms
Download: 294.56 Mbit/s
Upload: 19.46 Mbit/s
Sun Oct 31 15:45:01 CET 2021
Ping: 24.178 ms
Download: 253.05 Mbit/s
Upload: 19.35 Mbit/s
Sun Oct 31 16:45:01 CET 2021
Ping: 22.456 ms
Download: 261.91 Mbit/s
Upload: 19.52 Mbit/s
Sun Oct 31 17:45:01 CET 2021
Ping: 19.139 ms
Download: 297.33 Mbit/s
Upload: 19.57 Mbit/s
Sun Oct 31 18:45:01 CET 2021
Ping: 20.54 ms
Download: 294.08 Mbit/s
Upload: 19.61 Mbit/s
Sun Oct 31 19:45:01 CET 2021
Ping: 20.469 ms
Download: 265.23 Mbit/s
Upload: 19.70 Mbit/s
Sun Oct 31 20:45:01 CET 2021
Ping: 20.318 ms
Download: 310.76 Mbit/s
Upload: 19.64 Mbit/s
Sun Oct 31 21:45:01 CET 2021
Ping: 24.896 ms
Download: 187.37 Mbit/s
Upload: 19.63 Mbit/s
Sun Oct 31 22:45:01 CET 2021
Ping: 26.343 ms
Download: 273.10 Mbit/s
Upload: 18.81 Mbit/s
Sun Oct 31 23:45:02 CET 2021
Ping: 22.47 ms
Download: 233.38 Mbit/s
Upload: 15.83 Mbit/s
