Mon Feb  1 00:45:01 CET 2021
Ping: 23.395 ms
Download: 130.40 Mbit/s
Upload: 19.57 Mbit/s
Mon Feb  1 01:45:01 CET 2021
Ping: 20.543 ms
Download: 287.64 Mbit/s
Upload: 19.78 Mbit/s
Mon Feb  1 02:45:01 CET 2021
Ping: 21.016 ms
Download: 166.55 Mbit/s
Upload: 19.62 Mbit/s
Mon Feb  1 03:45:01 CET 2021
Ping: 21.367 ms
Download: 153.48 Mbit/s
Upload: 19.13 Mbit/s
Mon Feb  1 04:45:01 CET 2021
Ping: 22.574 ms
Download: 144.85 Mbit/s
Upload: 19.76 Mbit/s
Mon Feb  1 05:45:01 CET 2021
Ping: 21.139 ms
Download: 75.20 Mbit/s
Upload: 19.65 Mbit/s
Mon Feb  1 06:45:01 CET 2021
Ping: 27.398 ms
Download: 252.12 Mbit/s
Upload: 19.20 Mbit/s
Mon Feb  1 07:45:01 CET 2021
Ping: 22.036 ms
Download: 140.76 Mbit/s
Upload: 19.86 Mbit/s
Mon Feb  1 08:45:01 CET 2021
Ping: 21.896 ms
Download: 109.48 Mbit/s
Upload: 18.66 Mbit/s
Mon Feb  1 09:45:01 CET 2021
Ping: 26.066 ms
Download: 241.73 Mbit/s
Upload: 19.28 Mbit/s
Mon Feb  1 10:45:01 CET 2021
Ping: 29.71 ms
Download: 223.36 Mbit/s
Upload: 18.95 Mbit/s
Mon Feb  1 11:45:01 CET 2021
Ping: 23.778 ms
Download: 181.49 Mbit/s
Upload: 18.81 Mbit/s
Mon Feb  1 12:45:02 CET 2021
Ping: 22.011 ms
Download: 137.44 Mbit/s
Upload: 19.48 Mbit/s
Mon Feb  1 13:45:01 CET 2021
Ping: 33.739 ms
Download: 165.41 Mbit/s
Upload: 19.27 Mbit/s
Mon Feb  1 14:45:01 CET 2021
Ping: 22.596 ms
Download: 334.52 Mbit/s
Upload: 19.34 Mbit/s
Mon Feb  1 15:45:01 CET 2021
Ping: 20.03 ms
Download: 205.85 Mbit/s
Upload: 17.46 Mbit/s
Mon Feb  1 16:45:01 CET 2021
Ping: 23.23 ms
Download: 129.83 Mbit/s
Upload: 18.20 Mbit/s
Mon Feb  1 17:45:01 CET 2021
Ping: 24.973 ms
Download: 165.06 Mbit/s
Upload: 19.39 Mbit/s
Mon Feb  1 18:45:01 CET 2021
Ping: 25.544 ms
Download: 191.24 Mbit/s
Upload: 19.66 Mbit/s
Mon Feb  1 19:45:01 CET 2021
Ping: 21.489 ms
Download: 91.94 Mbit/s
Upload: 18.13 Mbit/s
Mon Feb  1 20:45:01 CET 2021
Ping: 25.475 ms
Download: 147.77 Mbit/s
Upload: 19.25 Mbit/s
Mon Feb  1 21:45:01 CET 2021
Ping: 21.368 ms
Download: 163.26 Mbit/s
Upload: 19.62 Mbit/s
Mon Feb  1 22:45:01 CET 2021
Ping: 24.368 ms
Download: 247.67 Mbit/s
Upload: 19.78 Mbit/s
Mon Feb  1 23:45:01 CET 2021
Ping: 22.074 ms
Download: 75.89 Mbit/s
Upload: 19.11 Mbit/s
Tue Feb  2 00:45:01 CET 2021
Ping: 27.283 ms
Download: 251.11 Mbit/s
Upload: 19.00 Mbit/s
Tue Feb  2 01:45:01 CET 2021
Ping: 22.045 ms
Download: 207.38 Mbit/s
Upload: 19.68 Mbit/s
Tue Feb  2 02:45:01 CET 2021
Ping: 20.719 ms
Download: 106.16 Mbit/s
Upload: 19.62 Mbit/s
Tue Feb  2 03:45:01 CET 2021
Ping: 21.378 ms
Download: 310.86 Mbit/s
Upload: 19.36 Mbit/s
Tue Feb  2 04:45:01 CET 2021
Ping: 20.702 ms
Download: 176.70 Mbit/s
Upload: 19.48 Mbit/s
Tue Feb  2 05:45:01 CET 2021
Ping: 22.605 ms
Download: 62.26 Mbit/s
Upload: 19.44 Mbit/s
Tue Feb  2 06:45:01 CET 2021
Ping: 21.904 ms
Download: 58.85 Mbit/s
Upload: 19.74 Mbit/s
Tue Feb  2 07:45:01 CET 2021
Ping: 32.395 ms
Download: 321.85 Mbit/s
Upload: 18.42 Mbit/s
Tue Feb  2 08:45:01 CET 2021
Ping: 21.68 ms
Download: 287.85 Mbit/s
Upload: 19.56 Mbit/s
Tue Feb  2 09:45:01 CET 2021
Ping: 22.558 ms
Download: 222.32 Mbit/s
Upload: 19.57 Mbit/s
Tue Feb  2 10:45:01 CET 2021
Ping: 23.092 ms
Download: 62.09 Mbit/s
Upload: 18.21 Mbit/s
Tue Feb  2 11:45:01 CET 2021
Ping: 22.724 ms
Download: 194.87 Mbit/s
Upload: 19.21 Mbit/s
Tue Feb  2 12:45:01 CET 2021
Ping: 24.308 ms
Download: 225.42 Mbit/s
Upload: 19.80 Mbit/s
Tue Feb  2 13:45:01 CET 2021
Ping: 23.136 ms
Download: 255.14 Mbit/s
Upload: 19.29 Mbit/s
Tue Feb  2 14:45:01 CET 2021
Ping: 24.005 ms
Download: 179.43 Mbit/s
Upload: 19.62 Mbit/s
Tue Feb  2 15:45:01 CET 2021
Ping: 22.849 ms
Download: 201.11 Mbit/s
Upload: 18.47 Mbit/s
Tue Feb  2 16:45:01 CET 2021
Ping: 26.656 ms
Download: 171.96 Mbit/s
Upload: 19.05 Mbit/s
Tue Feb  2 17:45:01 CET 2021
Ping: 23.308 ms
Download: 264.77 Mbit/s
Upload: 19.33 Mbit/s
Tue Feb  2 18:45:02 CET 2021
Ping: 27.992 ms
Download: 274.52 Mbit/s
Upload: 19.45 Mbit/s
Tue Feb  2 19:45:01 CET 2021
Ping: 29.2 ms
Download: 260.35 Mbit/s
Upload: 19.37 Mbit/s
Tue Feb  2 20:45:01 CET 2021
Ping: 23.726 ms
Download: 230.39 Mbit/s
Upload: 18.82 Mbit/s
Tue Feb  2 21:45:01 CET 2021
Ping: 19.899 ms
Download: 225.86 Mbit/s
Upload: 19.43 Mbit/s
Tue Feb  2 22:45:01 CET 2021
Ping: 22.729 ms
Download: 222.75 Mbit/s
Upload: 19.30 Mbit/s
Tue Feb  2 23:45:01 CET 2021
Ping: 22.739 ms
Download: 271.66 Mbit/s
Upload: 19.50 Mbit/s
Wed Feb  3 00:45:01 CET 2021
Ping: 21.547 ms
Download: 274.31 Mbit/s
Upload: 19.20 Mbit/s
Wed Feb  3 01:45:01 CET 2021
Ping: 18.902 ms
Download: 208.16 Mbit/s
Upload: 19.11 Mbit/s
Wed Feb  3 02:45:01 CET 2021
Ping: 22.22 ms
Download: 251.02 Mbit/s
Upload: 19.39 Mbit/s
Wed Feb  3 03:45:01 CET 2021
Ping: 25.368 ms
Download: 243.04 Mbit/s
Upload: 19.48 Mbit/s
Wed Feb  3 04:45:01 CET 2021
Ping: 20.192 ms
Download: 244.37 Mbit/s
Upload: 19.40 Mbit/s
Wed Feb  3 05:45:02 CET 2021
Ping: 31.231 ms
Download: 225.48 Mbit/s
Upload: 19.29 Mbit/s
Wed Feb  3 06:45:01 CET 2021
Ping: 22.03 ms
Download: 328.76 Mbit/s
Upload: 19.74 Mbit/s
Wed Feb  3 07:45:01 CET 2021
Ping: 23.212 ms
Download: 165.26 Mbit/s
Upload: 19.70 Mbit/s
Wed Feb  3 08:45:01 CET 2021
Ping: 23.948 ms
Download: 286.23 Mbit/s
Upload: 19.35 Mbit/s
Wed Feb  3 09:45:01 CET 2021
Ping: 21.575 ms
Download: 252.22 Mbit/s
Upload: 19.21 Mbit/s
Wed Feb  3 10:45:02 CET 2021
Ping: 20.076 ms
Download: 234.41 Mbit/s
Upload: 18.07 Mbit/s
Wed Feb  3 11:45:01 CET 2021
Ping: 24.22 ms
Download: 158.65 Mbit/s
Upload: 18.90 Mbit/s
Wed Feb  3 12:45:01 CET 2021
Ping: 27.351 ms
Download: 177.00 Mbit/s
Upload: 19.49 Mbit/s
Wed Feb  3 13:45:01 CET 2021
Ping: 22.082 ms
Download: 247.98 Mbit/s
Upload: 19.63 Mbit/s
Wed Feb  3 14:45:01 CET 2021
Ping: 22.693 ms
Download: 168.46 Mbit/s
Upload: 18.96 Mbit/s
Wed Feb  3 15:45:01 CET 2021
Ping: 30.744 ms
Download: 241.51 Mbit/s
Upload: 18.76 Mbit/s
Wed Feb  3 16:45:01 CET 2021
Ping: 21.424 ms
Download: 230.41 Mbit/s
Upload: 19.40 Mbit/s
Wed Feb  3 17:45:01 CET 2021
Ping: 20.77 ms
Download: 226.58 Mbit/s
Upload: 19.43 Mbit/s
Wed Feb  3 18:45:01 CET 2021
Ping: 26.611 ms
Download: 200.98 Mbit/s
Upload: 19.42 Mbit/s
Wed Feb  3 19:45:01 CET 2021
Ping: 23.907 ms
Download: 253.05 Mbit/s
Upload: 19.08 Mbit/s
Wed Feb  3 20:45:01 CET 2021
Ping: 23.241 ms
Download: 258.72 Mbit/s
Upload: 19.24 Mbit/s
Wed Feb  3 21:45:01 CET 2021
Ping: 34.973 ms
Download: 29.75 Mbit/s
Upload: 17.74 Mbit/s
Wed Feb  3 22:45:01 CET 2021
Ping: 21.685 ms
Download: 308.01 Mbit/s
Upload: 19.68 Mbit/s
Wed Feb  3 23:45:01 CET 2021
Ping: 20.089 ms
Download: 267.80 Mbit/s
Upload: 18.95 Mbit/s
Thu Feb  4 00:45:01 CET 2021
Ping: 20.244 ms
Download: 281.95 Mbit/s
Upload: 18.25 Mbit/s
Thu Feb  4 01:45:01 CET 2021
Ping: 24.072 ms
Download: 209.29 Mbit/s
Upload: 19.26 Mbit/s
Thu Feb  4 02:45:01 CET 2021
Ping: 19.568 ms
Download: 271.08 Mbit/s
Upload: 19.54 Mbit/s
Thu Feb  4 03:45:01 CET 2021
Ping: 31.248 ms
Download: 108.21 Mbit/s
Upload: 18.33 Mbit/s
Thu Feb  4 04:45:01 CET 2021
Ping: 22.073 ms
Download: 355.66 Mbit/s
Upload: 19.51 Mbit/s
Thu Feb  4 05:45:01 CET 2021
Ping: 19.055 ms
Download: 216.93 Mbit/s
Upload: 19.51 Mbit/s
Thu Feb  4 06:45:01 CET 2021
Ping: 18.402 ms
Download: 246.90 Mbit/s
Upload: 18.99 Mbit/s
Thu Feb  4 07:45:01 CET 2021
Ping: 21.697 ms
Download: 140.48 Mbit/s
Upload: 17.76 Mbit/s
Thu Feb  4 08:45:01 CET 2021
Ping: 22.737 ms
Download: 242.23 Mbit/s
Upload: 19.26 Mbit/s
Thu Feb  4 09:45:02 CET 2021
Ping: 34.49 ms
Download: 234.05 Mbit/s
Upload: 19.00 Mbit/s
Thu Feb  4 10:45:01 CET 2021
Ping: 22.201 ms
Download: 182.14 Mbit/s
Upload: 19.54 Mbit/s
Thu Feb  4 11:45:01 CET 2021
Ping: 23.858 ms
Download: 216.16 Mbit/s
Upload: 19.66 Mbit/s
Thu Feb  4 12:45:01 CET 2021
Ping: 25.578 ms
Download: 227.59 Mbit/s
Upload: 18.94 Mbit/s
Thu Feb  4 13:45:01 CET 2021
Ping: 22.623 ms
Download: 242.70 Mbit/s
Upload: 19.47 Mbit/s
Thu Feb  4 14:45:01 CET 2021
Ping: 24.854 ms
Download: 282.62 Mbit/s
Upload: 19.22 Mbit/s
Thu Feb  4 15:45:01 CET 2021
Ping: 22.548 ms
Download: 47.01 Mbit/s
Upload: 18.63 Mbit/s
Thu Feb  4 16:45:01 CET 2021
Ping: 24.578 ms
Download: 29.23 Mbit/s
Upload: 16.83 Mbit/s
Thu Feb  4 17:45:01 CET 2021
Ping: 24.732 ms
Download: 208.34 Mbit/s
Upload: 19.06 Mbit/s
Thu Feb  4 18:45:01 CET 2021
Ping: 21.403 ms
Download: 28.89 Mbit/s
Upload: 1.41 Mbit/s
Thu Feb  4 19:45:01 CET 2021
Ping: 21.415 ms
Download: 22.22 Mbit/s
Upload: 13.40 Mbit/s
Thu Feb  4 20:45:01 CET 2021
Ping: 27.148 ms
Download: 235.23 Mbit/s
Upload: 18.52 Mbit/s
Thu Feb  4 21:45:01 CET 2021
Ping: 30.201 ms
Download: 115.37 Mbit/s
Upload: 19.37 Mbit/s
Thu Feb  4 22:45:01 CET 2021
Ping: 42.273 ms
Download: 169.47 Mbit/s
Upload: 14.41 Mbit/s
Thu Feb  4 23:45:01 CET 2021
Ping: 42.597 ms
Download: 105.81 Mbit/s
Upload: 19.78 Mbit/s
Fri Feb  5 00:45:01 CET 2021
Ping: 29.708 ms
Download: 60.71 Mbit/s
Upload: 1.40 Mbit/s
Fri Feb  5 01:45:01 CET 2021
Ping: 28.735 ms
Download: 201.10 Mbit/s
Upload: 18.76 Mbit/s
Fri Feb  5 02:45:01 CET 2021
Ping: 22.748 ms
Download: 180.19 Mbit/s
Upload: 19.72 Mbit/s
Fri Feb  5 03:45:01 CET 2021
Ping: 22.354 ms
Download: 130.37 Mbit/s
Upload: 19.44 Mbit/s
Fri Feb  5 04:45:02 CET 2021
Ping: 22.347 ms
Download: 223.98 Mbit/s
Upload: 19.77 Mbit/s
Fri Feb  5 05:45:01 CET 2021
Ping: 21.067 ms
Download: 91.34 Mbit/s
Upload: 19.76 Mbit/s
Fri Feb  5 06:45:01 CET 2021
Ping: 22.057 ms
Download: 196.35 Mbit/s
Upload: 19.56 Mbit/s
Fri Feb  5 07:45:01 CET 2021
Ping: 21.943 ms
Download: 195.51 Mbit/s
Upload: 19.73 Mbit/s
Fri Feb  5 08:45:01 CET 2021
Ping: 21.614 ms
Download: 207.06 Mbit/s
Upload: 19.53 Mbit/s
Fri Feb  5 09:45:01 CET 2021
Ping: 22.347 ms
Download: 103.69 Mbit/s
Upload: 19.48 Mbit/s
Fri Feb  5 10:45:02 CET 2021
Ping: 23.531 ms
Download: 187.36 Mbit/s
Upload: 19.29 Mbit/s
Fri Feb  5 11:45:01 CET 2021
Ping: 22.411 ms
Download: 52.47 Mbit/s
Upload: 18.73 Mbit/s
Fri Feb  5 12:45:01 CET 2021
Ping: 23.074 ms
Download: 126.62 Mbit/s
Upload: 19.65 Mbit/s
Fri Feb  5 13:45:02 CET 2021
Ping: 22.092 ms
Download: 234.88 Mbit/s
Upload: 19.16 Mbit/s
Fri Feb  5 14:45:01 CET 2021
Ping: 30.824 ms
Download: 249.77 Mbit/s
Upload: 19.24 Mbit/s
Fri Feb  5 15:45:01 CET 2021
Ping: 20.696 ms
Download: 133.81 Mbit/s
Upload: 19.65 Mbit/s
Fri Feb  5 16:45:01 CET 2021
Ping: 22.12 ms
Download: 184.26 Mbit/s
Upload: 19.72 Mbit/s
Fri Feb  5 17:45:01 CET 2021
Ping: 22.726 ms
Download: 203.97 Mbit/s
Upload: 19.13 Mbit/s
Fri Feb  5 18:45:01 CET 2021
Ping: 22.862 ms
Download: 160.57 Mbit/s
Upload: 18.75 Mbit/s
Fri Feb  5 19:45:01 CET 2021
Ping: 21.908 ms
Download: 113.74 Mbit/s
Upload: 19.44 Mbit/s
Fri Feb  5 20:45:01 CET 2021
Ping: 26.05 ms
Download: 215.59 Mbit/s
Upload: 19.54 Mbit/s
Fri Feb  5 21:45:01 CET 2021
Ping: 32.587 ms
Download: 280.67 Mbit/s
Upload: 19.18 Mbit/s
Fri Feb  5 22:45:01 CET 2021
Ping: 20.709 ms
Download: 187.34 Mbit/s
Upload: 19.80 Mbit/s
Fri Feb  5 23:45:01 CET 2021
Ping: 23.527 ms
Download: 170.23 Mbit/s
Upload: 19.25 Mbit/s
Sat Feb  6 00:45:01 CET 2021
Ping: 22.396 ms
Download: 89.17 Mbit/s
Upload: 18.97 Mbit/s
Sat Feb  6 01:45:01 CET 2021
Ping: 22.112 ms
Download: 76.73 Mbit/s
Upload: 19.56 Mbit/s
Sat Feb  6 02:45:02 CET 2021
Ping: 23.507 ms
Download: 158.57 Mbit/s
Upload: 19.03 Mbit/s
Sat Feb  6 03:45:01 CET 2021
Ping: 21.054 ms
Download: 75.96 Mbit/s
Upload: 19.59 Mbit/s
Sat Feb  6 04:45:01 CET 2021
Ping: 33.539 ms
Download: 189.25 Mbit/s
Upload: 18.49 Mbit/s
Sat Feb  6 05:45:01 CET 2021
Ping: 23.107 ms
Download: 213.84 Mbit/s
Upload: 19.72 Mbit/s
Sat Feb  6 06:45:01 CET 2021
Ping: 27.732 ms
Download: 208.28 Mbit/s
Upload: 18.61 Mbit/s
Sat Feb  6 07:45:01 CET 2021
Ping: 20.826 ms
Download: 242.40 Mbit/s
Upload: 19.45 Mbit/s
Sat Feb  6 08:45:02 CET 2021
Ping: 21.952 ms
Download: 142.11 Mbit/s
Upload: 19.50 Mbit/s
Sat Feb  6 09:45:01 CET 2021
Ping: 20.365 ms
Download: 169.73 Mbit/s
Upload: 19.74 Mbit/s
Sat Feb  6 10:45:01 CET 2021
Ping: 22.559 ms
Download: 166.83 Mbit/s
Upload: 14.96 Mbit/s
Sat Feb  6 11:45:01 CET 2021
Ping: 21.999 ms
Download: 192.39 Mbit/s
Upload: 19.48 Mbit/s
Sat Feb  6 12:45:02 CET 2021
Ping: 35.213 ms
Download: 91.00 Mbit/s
Upload: 18.68 Mbit/s
Sat Feb  6 13:45:02 CET 2021
Ping: 22.347 ms
Download: 209.08 Mbit/s
Upload: 19.11 Mbit/s
Sat Feb  6 14:45:01 CET 2021
Ping: 52.642 ms
Download: 198.45 Mbit/s
Upload: 15.92 Mbit/s
Sat Feb  6 15:45:01 CET 2021
Ping: 46.185 ms
Download: 18.10 Mbit/s
Upload: 14.76 Mbit/s
Sat Feb  6 16:45:01 CET 2021
Ping: 43.28 ms
Download: 213.58 Mbit/s
Upload: 16.18 Mbit/s
Sat Feb  6 17:45:02 CET 2021
Ping: 24.059 ms
Download: 213.23 Mbit/s
Upload: 19.56 Mbit/s
Sat Feb  6 18:45:01 CET 2021
Ping: 23.065 ms
Download: 89.16 Mbit/s
Upload: 19.47 Mbit/s
Sat Feb  6 19:45:01 CET 2021
Ping: 22.006 ms
Download: 202.15 Mbit/s
Upload: 19.62 Mbit/s
Sat Feb  6 20:45:01 CET 2021
Ping: 24.84 ms
Download: 195.87 Mbit/s
Upload: 19.71 Mbit/s
Sat Feb  6 21:45:01 CET 2021
Ping: 21.862 ms
Download: 192.00 Mbit/s
Upload: 19.47 Mbit/s
Sat Feb  6 22:45:01 CET 2021
Ping: 24.052 ms
Download: 221.90 Mbit/s
Upload: 19.70 Mbit/s
Sat Feb  6 23:45:01 CET 2021
Ping: 23.392 ms
Download: 247.35 Mbit/s
Upload: 19.28 Mbit/s
Sun Feb  7 00:45:01 CET 2021
Ping: 22.739 ms
Download: 95.31 Mbit/s
Upload: 19.54 Mbit/s
Sun Feb  7 01:45:01 CET 2021
Ping: 20.514 ms
Download: 54.60 Mbit/s
Upload: 19.80 Mbit/s
Sun Feb  7 02:45:01 CET 2021
Ping: 22.576 ms
Download: 238.25 Mbit/s
Upload: 19.38 Mbit/s
Sun Feb  7 03:45:01 CET 2021
Ping: 23.897 ms
Download: 272.64 Mbit/s
Upload: 19.01 Mbit/s
Sun Feb  7 04:45:01 CET 2021
Ping: 209.388 ms
Download: 58.02 Mbit/s
Upload: 5.72 Mbit/s
Sun Feb  7 05:45:01 CET 2021
Ping: 27.567 ms
Download: 248.40 Mbit/s
Upload: 19.53 Mbit/s
Sun Feb  7 06:45:01 CET 2021
Ping: 31.706 ms
Download: 109.65 Mbit/s
Upload: 19.64 Mbit/s
Sun Feb  7 07:45:01 CET 2021
Ping: 21.722 ms
Download: 128.35 Mbit/s
Upload: 19.86 Mbit/s
Sun Feb  7 08:45:01 CET 2021
Ping: 22.55 ms
Download: 221.20 Mbit/s
Upload: 19.67 Mbit/s
Sun Feb  7 09:45:01 CET 2021
Ping: 23.307 ms
Download: 284.86 Mbit/s
Upload: 19.36 Mbit/s
Sun Feb  7 10:45:01 CET 2021
Ping: 22.222 ms
Download: 209.66 Mbit/s
Upload: 19.62 Mbit/s
Sun Feb  7 11:45:01 CET 2021
Ping: 22.975 ms
Download: 105.96 Mbit/s
Upload: 17.69 Mbit/s
Sun Feb  7 12:45:01 CET 2021
Ping: 23.228 ms
Download: 191.61 Mbit/s
Upload: 14.53 Mbit/s
Sun Feb  7 13:45:01 CET 2021
Ping: 22.489 ms
Download: 268.05 Mbit/s
Upload: 19.07 Mbit/s
Sun Feb  7 14:45:01 CET 2021
Ping: 23.114 ms
Download: 241.89 Mbit/s
Upload: 19.35 Mbit/s
Sun Feb  7 15:45:01 CET 2021
Ping: 24.032 ms
Download: 153.54 Mbit/s
Upload: 19.38 Mbit/s
Sun Feb  7 16:45:01 CET 2021
Ping: 25.424 ms
Download: 68.22 Mbit/s
Upload: 17.73 Mbit/s
Sun Feb  7 17:45:01 CET 2021
Ping: 23.11 ms
Download: 96.03 Mbit/s
Upload: 19.35 Mbit/s
Sun Feb  7 18:45:01 CET 2021
Ping: 27.779 ms
Download: 248.57 Mbit/s
Upload: 19.04 Mbit/s
Sun Feb  7 19:45:01 CET 2021
Ping: 34.153 ms
Download: 236.09 Mbit/s
Upload: 19.53 Mbit/s
Sun Feb  7 20:45:01 CET 2021
Ping: 23.912 ms
Download: 53.82 Mbit/s
Upload: 17.61 Mbit/s
Sun Feb  7 21:45:01 CET 2021
Ping: 23.876 ms
Download: 23.78 Mbit/s
Upload: 16.35 Mbit/s
Sun Feb  7 22:45:01 CET 2021
Ping: 23.055 ms
Download: 272.28 Mbit/s
Upload: 19.28 Mbit/s
Sun Feb  7 23:45:01 CET 2021
Ping: 23.768 ms
Download: 124.83 Mbit/s
Upload: 19.52 Mbit/s
Mon Feb  8 00:45:01 CET 2021
Ping: 23.646 ms
Download: 216.00 Mbit/s
Upload: 19.60 Mbit/s
Mon Feb  8 01:45:01 CET 2021
Ping: 23.214 ms
Download: 219.30 Mbit/s
Upload: 19.29 Mbit/s
Mon Feb  8 02:45:01 CET 2021
Ping: 23.423 ms
Download: 193.58 Mbit/s
Upload: 19.44 Mbit/s
Mon Feb  8 03:45:02 CET 2021
Ping: 22.924 ms
Download: 327.22 Mbit/s
Upload: 19.57 Mbit/s
Mon Feb  8 04:45:01 CET 2021
Ping: 34.219 ms
Download: 257.87 Mbit/s
Upload: 18.67 Mbit/s
Mon Feb  8 05:45:01 CET 2021
Ping: 34.38 ms
Download: 146.33 Mbit/s
Upload: 19.33 Mbit/s
Mon Feb  8 06:45:01 CET 2021
Ping: 28.429 ms
Download: 221.77 Mbit/s
Upload: 19.32 Mbit/s
Mon Feb  8 07:45:01 CET 2021
Ping: 22.547 ms
Download: 166.94 Mbit/s
Upload: 19.50 Mbit/s
Mon Feb  8 08:45:02 CET 2021
Ping: 25.232 ms
Download: 212.88 Mbit/s
Upload: 18.85 Mbit/s
Mon Feb  8 09:45:01 CET 2021
Ping: 26.055 ms
Download: 241.80 Mbit/s
Upload: 19.40 Mbit/s
Mon Feb  8 10:45:01 CET 2021
Ping: 25.222 ms
Download: 133.14 Mbit/s
Upload: 17.85 Mbit/s
Mon Feb  8 11:45:01 CET 2021
Ping: 22.743 ms
Download: 267.88 Mbit/s
Upload: 19.29 Mbit/s
Mon Feb  8 12:45:01 CET 2021
Ping: 22.186 ms
Download: 190.83 Mbit/s
Upload: 19.15 Mbit/s
Mon Feb  8 13:45:01 CET 2021
Ping: 21.898 ms
Download: 239.90 Mbit/s
Upload: 19.07 Mbit/s
Mon Feb  8 14:45:01 CET 2021
Ping: 28.144 ms
Download: 196.60 Mbit/s
Upload: 19.33 Mbit/s
Mon Feb  8 15:45:01 CET 2021
Ping: 23.996 ms
Download: 266.26 Mbit/s
Upload: 19.13 Mbit/s
Mon Feb  8 16:45:01 CET 2021
Ping: 23.608 ms
Download: 82.65 Mbit/s
Upload: 19.68 Mbit/s
Mon Feb  8 17:45:01 CET 2021
Ping: 31.238 ms
Download: 254.71 Mbit/s
Upload: 18.66 Mbit/s
Mon Feb  8 18:45:01 CET 2021
Ping: 24.395 ms
Download: 96.50 Mbit/s
Upload: 19.10 Mbit/s
Mon Feb  8 19:45:01 CET 2021
Ping: 25.399 ms
Download: 79.79 Mbit/s
Upload: 19.09 Mbit/s
Mon Feb  8 20:45:01 CET 2021
Ping: 26.006 ms
Download: 282.65 Mbit/s
Upload: 19.07 Mbit/s
Mon Feb  8 21:45:01 CET 2021
Ping: 25.582 ms
Download: 345.93 Mbit/s
Upload: 19.74 Mbit/s
Mon Feb  8 22:45:01 CET 2021
Ping: 20.895 ms
Download: 136.91 Mbit/s
Upload: 19.59 Mbit/s
Mon Feb  8 23:45:01 CET 2021
Ping: 22.424 ms
Download: 227.62 Mbit/s
Upload: 19.50 Mbit/s
Tue Feb  9 00:45:01 CET 2021
Ping: 23.473 ms
Download: 35.37 Mbit/s
Upload: 18.79 Mbit/s
Tue Feb  9 01:45:01 CET 2021
Ping: 23.018 ms
Download: 253.47 Mbit/s
Upload: 19.27 Mbit/s
Tue Feb  9 02:45:01 CET 2021
Ping: 21.914 ms
Download: 222.15 Mbit/s
Upload: 19.10 Mbit/s
Tue Feb  9 03:45:01 CET 2021
Ping: 23.39 ms
Download: 71.79 Mbit/s
Upload: 18.78 Mbit/s
Tue Feb  9 04:45:01 CET 2021
Ping: 24.886 ms
Download: 63.45 Mbit/s
Upload: 19.53 Mbit/s
Tue Feb  9 05:45:01 CET 2021
Ping: 23.215 ms
Download: 215.31 Mbit/s
Upload: 14.56 Mbit/s
Tue Feb  9 06:45:01 CET 2021
Ping: 21.585 ms
Download: 213.67 Mbit/s
Upload: 19.77 Mbit/s
Tue Feb  9 07:45:01 CET 2021
Ping: 24.955 ms
Download: 316.90 Mbit/s
Upload: 18.43 Mbit/s
Tue Feb  9 08:45:01 CET 2021
Ping: 22.21 ms
Download: 59.98 Mbit/s
Upload: 18.25 Mbit/s
Tue Feb  9 09:45:01 CET 2021
Ping: 24.086 ms
Download: 103.75 Mbit/s
Upload: 19.43 Mbit/s
Tue Feb  9 10:45:01 CET 2021
Ping: 30.128 ms
Download: 285.26 Mbit/s
Upload: 19.08 Mbit/s
Tue Feb  9 11:45:01 CET 2021
Ping: 22.533 ms
Download: 280.22 Mbit/s
Upload: 19.41 Mbit/s
Tue Feb  9 12:45:01 CET 2021
Ping: 23.06 ms
Download: 80.81 Mbit/s
Upload: 17.77 Mbit/s
Tue Feb  9 13:45:01 CET 2021
Ping: 22.591 ms
Download: 86.52 Mbit/s
Upload: 19.15 Mbit/s
Tue Feb  9 14:45:01 CET 2021
Ping: 23.086 ms
Download: 109.71 Mbit/s
Upload: 19.57 Mbit/s
Tue Feb  9 15:45:01 CET 2021
Ping: 22.901 ms
Download: 228.47 Mbit/s
Upload: 19.76 Mbit/s
Tue Feb  9 16:45:01 CET 2021
Ping: 24.548 ms
Download: 159.27 Mbit/s
Upload: 19.34 Mbit/s
Tue Feb  9 17:45:01 CET 2021
Ping: 32.501 ms
Download: 295.73 Mbit/s
Upload: 19.43 Mbit/s
Tue Feb  9 18:45:01 CET 2021
Ping: 23.7 ms
Download: 41.47 Mbit/s
Upload: 18.65 Mbit/s
Tue Feb  9 19:45:01 CET 2021
Ping: 24.83 ms
Download: 233.99 Mbit/s
Upload: 18.82 Mbit/s
Tue Feb  9 20:45:01 CET 2021
Ping: 22.706 ms
Download: 78.57 Mbit/s
Upload: 19.44 Mbit/s
Tue Feb  9 21:45:01 CET 2021
Ping: 23.437 ms
Download: 88.16 Mbit/s
Upload: 19.48 Mbit/s
Tue Feb  9 22:45:02 CET 2021
Ping: 25.489 ms
Download: 249.45 Mbit/s
Upload: 19.57 Mbit/s
Tue Feb  9 23:45:01 CET 2021
Ping: 31.229 ms
Download: 260.30 Mbit/s
Upload: 18.56 Mbit/s
Wed Feb 10 00:45:01 CET 2021
Ping: 20.878 ms
Download: 98.76 Mbit/s
Upload: 18.94 Mbit/s
Wed Feb 10 01:45:01 CET 2021
Ping: 21.776 ms
Download: 57.36 Mbit/s
Upload: 18.92 Mbit/s
Wed Feb 10 02:45:01 CET 2021
Ping: 23.013 ms
Download: 40.52 Mbit/s
Upload: 16.75 Mbit/s
Wed Feb 10 03:45:01 CET 2021
Ping: 22.251 ms
Download: 49.98 Mbit/s
Upload: 19.71 Mbit/s
Wed Feb 10 04:45:02 CET 2021
Ping: 21.418 ms
Download: 54.89 Mbit/s
Upload: 19.70 Mbit/s
Wed Feb 10 05:45:01 CET 2021
Ping: 28.586 ms
Download: 237.25 Mbit/s
Upload: 19.09 Mbit/s
Wed Feb 10 06:45:01 CET 2021
Ping: 24.109 ms
Download: 194.98 Mbit/s
Upload: 19.61 Mbit/s
Wed Feb 10 07:45:01 CET 2021
Ping: 24.077 ms
Download: 62.51 Mbit/s
Upload: 19.78 Mbit/s
Wed Feb 10 08:45:01 CET 2021
Ping: 22.894 ms
Download: 215.79 Mbit/s
Upload: 19.41 Mbit/s
Wed Feb 10 09:45:01 CET 2021
Ping: 23.76 ms
Download: 289.11 Mbit/s
Upload: 19.37 Mbit/s
Wed Feb 10 10:45:02 CET 2021
Ping: 21.167 ms
Download: 237.98 Mbit/s
Upload: 18.71 Mbit/s
Wed Feb 10 11:45:02 CET 2021
Ping: 23.189 ms
Download: 222.46 Mbit/s
Upload: 18.81 Mbit/s
Wed Feb 10 12:45:01 CET 2021
Ping: 33.578 ms
Download: 142.51 Mbit/s
Upload: 18.51 Mbit/s
Wed Feb 10 13:45:01 CET 2021
Ping: 21.889 ms
Download: 59.81 Mbit/s
Upload: 19.37 Mbit/s
Wed Feb 10 14:45:01 CET 2021
Ping: 24.591 ms
Download: 60.47 Mbit/s
Upload: 18.86 Mbit/s
Wed Feb 10 15:45:01 CET 2021
Ping: 26.164 ms
Download: 97.74 Mbit/s
Upload: 18.10 Mbit/s
Wed Feb 10 16:45:01 CET 2021
Ping: 25.992 ms
Download: 245.10 Mbit/s
Upload: 19.26 Mbit/s
Wed Feb 10 17:45:01 CET 2021
Ping: 24.242 ms
Download: 204.26 Mbit/s
Upload: 19.49 Mbit/s
Wed Feb 10 18:45:01 CET 2021
Ping: 23.216 ms
Download: 198.01 Mbit/s
Upload: 19.13 Mbit/s
Wed Feb 10 19:45:02 CET 2021
Ping: 23.639 ms
Download: 95.52 Mbit/s
Upload: 17.34 Mbit/s
Wed Feb 10 20:45:01 CET 2021
Ping: 23.755 ms
Download: 180.80 Mbit/s
Upload: 19.46 Mbit/s
Wed Feb 10 21:45:01 CET 2021
Ping: 31.227 ms
Download: 262.11 Mbit/s
Upload: 19.11 Mbit/s
Wed Feb 10 22:45:01 CET 2021
Ping: 30.936 ms
Download: 281.22 Mbit/s
Upload: 19.12 Mbit/s
Wed Feb 10 23:45:01 CET 2021
Ping: 32.724 ms
Download: 246.75 Mbit/s
Upload: 17.80 Mbit/s
Thu Feb 11 00:45:01 CET 2021
Ping: 25.439 ms
Download: 232.63 Mbit/s
Upload: 19.31 Mbit/s
Thu Feb 11 01:45:01 CET 2021
Ping: 22.899 ms
Download: 111.80 Mbit/s
Upload: 19.65 Mbit/s
Thu Feb 11 02:45:01 CET 2021
Ping: 23.146 ms
Download: 235.63 Mbit/s
Upload: 19.55 Mbit/s
Thu Feb 11 03:45:01 CET 2021
Ping: 21.075 ms
Download: 77.08 Mbit/s
Upload: 19.43 Mbit/s
Thu Feb 11 04:45:01 CET 2021
Ping: 22.07 ms
Download: 130.66 Mbit/s
Upload: 19.36 Mbit/s
Thu Feb 11 05:45:01 CET 2021
Ping: 20.763 ms
Download: 55.44 Mbit/s
Upload: 19.33 Mbit/s
Thu Feb 11 06:45:01 CET 2021
Ping: 21.888 ms
Download: 81.89 Mbit/s
Upload: 19.76 Mbit/s
Thu Feb 11 07:45:01 CET 2021
Ping: 21.634 ms
Download: 75.49 Mbit/s
Upload: 19.03 Mbit/s
Thu Feb 11 08:45:01 CET 2021
Ping: 25.755 ms
Download: 157.46 Mbit/s
Upload: 18.79 Mbit/s
Thu Feb 11 09:45:01 CET 2021
Ping: 24.227 ms
Download: 217.13 Mbit/s
Upload: 19.15 Mbit/s
Thu Feb 11 10:45:01 CET 2021
Ping: 28.72 ms
Download: 240.51 Mbit/s
Upload: 19.24 Mbit/s
Thu Feb 11 11:45:01 CET 2021
Ping: 23.524 ms
Download: 70.19 Mbit/s
Upload: 19.37 Mbit/s
Thu Feb 11 12:45:01 CET 2021
Ping: 21.935 ms
Download: 252.48 Mbit/s
Upload: 19.32 Mbit/s
Thu Feb 11 13:45:01 CET 2021
Ping: 23.741 ms
Download: 277.51 Mbit/s
Upload: 19.12 Mbit/s
Thu Feb 11 14:45:01 CET 2021
Ping: 24.071 ms
Download: 77.36 Mbit/s
Upload: 19.42 Mbit/s
Thu Feb 11 15:45:02 CET 2021
Ping: 26.855 ms
Download: 290.04 Mbit/s
Upload: 19.49 Mbit/s
Thu Feb 11 16:45:01 CET 2021
Ping: 22.418 ms
Download: 45.92 Mbit/s
Upload: 19.29 Mbit/s
Thu Feb 11 17:45:01 CET 2021
Ping: 23.414 ms
Download: 51.59 Mbit/s
Upload: 19.43 Mbit/s
Thu Feb 11 18:45:01 CET 2021
Ping: 24.404 ms
Download: 59.05 Mbit/s
Upload: 18.60 Mbit/s
Thu Feb 11 19:45:01 CET 2021
Ping: 24.191 ms
Download: 58.63 Mbit/s
Upload: 19.12 Mbit/s
Thu Feb 11 20:45:01 CET 2021
Ping: 25.543 ms
Download: 278.54 Mbit/s
Upload: 18.98 Mbit/s
Thu Feb 11 21:45:01 CET 2021
Ping: 25.416 ms
Download: 199.59 Mbit/s
Upload: 19.29 Mbit/s
Thu Feb 11 22:45:01 CET 2021
Ping: 23.713 ms
Download: 247.14 Mbit/s
Upload: 19.40 Mbit/s
Thu Feb 11 23:45:01 CET 2021
Ping: 22.681 ms
Download: 234.34 Mbit/s
Upload: 19.04 Mbit/s
Fri Feb 12 00:45:01 CET 2021
Ping: 25.961 ms
Download: 270.32 Mbit/s
Upload: 19.22 Mbit/s
Fri Feb 12 01:45:01 CET 2021
Ping: 24.831 ms
Download: 222.57 Mbit/s
Upload: 19.20 Mbit/s
Fri Feb 12 02:45:01 CET 2021
Ping: 28.656 ms
Download: 194.29 Mbit/s
Upload: 19.26 Mbit/s
Fri Feb 12 03:45:01 CET 2021
Ping: 25.639 ms
Download: 191.18 Mbit/s
Upload: 19.97 Mbit/s
Fri Feb 12 04:45:01 CET 2021
Ping: 27.684 ms
Download: 257.79 Mbit/s
Upload: 19.13 Mbit/s
Fri Feb 12 05:45:01 CET 2021
Ping: 22.079 ms
Download: 38.29 Mbit/s
Upload: 19.07 Mbit/s
Fri Feb 12 06:45:01 CET 2021
Ping: 23.425 ms
Download: 76.85 Mbit/s
Upload: 19.53 Mbit/s
Fri Feb 12 07:45:01 CET 2021
Ping: 22.236 ms
Download: 83.01 Mbit/s
Upload: 19.51 Mbit/s
Fri Feb 12 08:45:01 CET 2021
Ping: 25.597 ms
Download: 56.81 Mbit/s
Upload: 19.38 Mbit/s
Fri Feb 12 09:45:01 CET 2021
Ping: 23.583 ms
Download: 181.77 Mbit/s
Upload: 19.39 Mbit/s
Fri Feb 12 10:45:01 CET 2021
Ping: 26.194 ms
Download: 174.14 Mbit/s
Upload: 18.60 Mbit/s
Fri Feb 12 11:45:01 CET 2021
Ping: 28.205 ms
Download: 220.81 Mbit/s
Upload: 18.31 Mbit/s
Fri Feb 12 12:45:01 CET 2021
Ping: 27.729 ms
Download: 213.62 Mbit/s
Upload: 19.15 Mbit/s
Fri Feb 12 13:45:01 CET 2021
Ping: 25.36 ms
Download: 244.87 Mbit/s
Upload: 19.40 Mbit/s
Fri Feb 12 14:45:01 CET 2021
Ping: 31.227 ms
Download: 226.79 Mbit/s
Upload: 19.17 Mbit/s
Fri Feb 12 15:45:01 CET 2021
Ping: 29.929 ms
Download: 213.41 Mbit/s
Upload: 19.09 Mbit/s
Fri Feb 12 16:45:01 CET 2021
Ping: 29.17 ms
Download: 233.06 Mbit/s
Upload: 18.84 Mbit/s
Fri Feb 12 17:45:01 CET 2021
Ping: 24.241 ms
Download: 59.42 Mbit/s
Upload: 19.29 Mbit/s
Fri Feb 12 18:45:01 CET 2021
Ping: 23.406 ms
Download: 61.67 Mbit/s
Upload: 19.26 Mbit/s
Fri Feb 12 19:45:01 CET 2021
Ping: 23.267 ms
Download: 233.87 Mbit/s
Upload: 19.82 Mbit/s
Fri Feb 12 20:45:01 CET 2021
Ping: 22.599 ms
Download: 244.79 Mbit/s
Upload: 19.19 Mbit/s
Fri Feb 12 21:45:01 CET 2021
Ping: 25.246 ms
Download: 77.26 Mbit/s
Upload: 19.04 Mbit/s
Fri Feb 12 22:45:01 CET 2021
Ping: 23.276 ms
Download: 231.45 Mbit/s
Upload: 19.57 Mbit/s
Fri Feb 12 23:45:01 CET 2021
Ping: 23.9 ms
Download: 252.13 Mbit/s
Upload: 18.92 Mbit/s
Sat Feb 13 00:45:01 CET 2021
Ping: 23.423 ms
Download: 121.96 Mbit/s
Upload: 19.66 Mbit/s
Sat Feb 13 01:45:01 CET 2021
Ping: 21.99 ms
Download: 115.80 Mbit/s
Upload: 19.68 Mbit/s
Sat Feb 13 02:45:01 CET 2021
Ping: 22.724 ms
Download: 252.99 Mbit/s
Upload: 18.88 Mbit/s
Sat Feb 13 03:45:02 CET 2021
Ping: 22.201 ms
Download: 243.70 Mbit/s
Upload: 19.10 Mbit/s
Sat Feb 13 04:45:01 CET 2021
Ping: 22.736 ms
Download: 253.87 Mbit/s
Upload: 19.30 Mbit/s
Sat Feb 13 05:45:01 CET 2021
Ping: 22.207 ms
Download: 229.67 Mbit/s
Upload: 18.72 Mbit/s
Sat Feb 13 06:45:01 CET 2021
Ping: 26.215 ms
Download: 272.02 Mbit/s
Upload: 19.42 Mbit/s
Sat Feb 13 07:45:01 CET 2021
Ping: 25.74 ms
Download: 235.43 Mbit/s
Upload: 19.21 Mbit/s
Sat Feb 13 08:45:01 CET 2021
Ping: 23.199 ms
Download: 257.09 Mbit/s
Upload: 19.81 Mbit/s
Sat Feb 13 09:45:02 CET 2021
Ping: 22.607 ms
Download: 271.77 Mbit/s
Upload: 19.45 Mbit/s
Sat Feb 13 10:45:01 CET 2021
Ping: 22.989 ms
Download: 247.60 Mbit/s
Upload: 19.72 Mbit/s
Sat Feb 13 11:45:01 CET 2021
Ping: 22.381 ms
Download: 250.03 Mbit/s
Upload: 19.28 Mbit/s
Sat Feb 13 12:45:01 CET 2021
Ping: 23.574 ms
Download: 81.75 Mbit/s
Upload: 19.69 Mbit/s
Sat Feb 13 13:45:01 CET 2021
Ping: 24.535 ms
Download: 80.74 Mbit/s
Upload: 19.45 Mbit/s
Sat Feb 13 14:45:01 CET 2021
Ping: 23.074 ms
Download: 61.80 Mbit/s
Upload: 19.70 Mbit/s
Sat Feb 13 15:45:01 CET 2021
Ping: 24.08 ms
Download: 250.05 Mbit/s
Upload: 19.49 Mbit/s
Sat Feb 13 16:45:01 CET 2021
Ping: 25.014 ms
Download: 81.77 Mbit/s
Upload: 18.97 Mbit/s
Sat Feb 13 17:45:01 CET 2021
Ping: 22.191 ms
Download: 77.77 Mbit/s
Upload: 19.17 Mbit/s
Sat Feb 13 18:45:01 CET 2021
Ping: 24.788 ms
Download: 83.60 Mbit/s
Upload: 19.38 Mbit/s
Sat Feb 13 19:45:02 CET 2021
Ping: 23.939 ms
Download: 265.97 Mbit/s
Upload: 18.83 Mbit/s
Sat Feb 13 20:45:01 CET 2021
Ping: 21.734 ms
Download: 351.98 Mbit/s
Upload: 19.19 Mbit/s
Sat Feb 13 21:45:01 CET 2021
Ping: 23.836 ms
Download: 76.46 Mbit/s
Upload: 19.42 Mbit/s
Sat Feb 13 22:45:01 CET 2021
Ping: 22.268 ms
Download: 216.85 Mbit/s
Upload: 19.64 Mbit/s
Sat Feb 13 23:45:01 CET 2021
Ping: 26.587 ms
Download: 261.59 Mbit/s
Upload: 19.43 Mbit/s
Sun Feb 14 00:45:01 CET 2021
Ping: 22.388 ms
Download: 54.32 Mbit/s
Upload: 19.53 Mbit/s
Sun Feb 14 01:45:01 CET 2021
Ping: 23.711 ms
Download: 55.62 Mbit/s
Upload: 19.17 Mbit/s
Sun Feb 14 02:45:01 CET 2021
Ping: 22.799 ms
Download: 226.97 Mbit/s
Upload: 19.51 Mbit/s
Sun Feb 14 03:45:01 CET 2021
Ping: 21.754 ms
Download: 127.23 Mbit/s
Upload: 19.58 Mbit/s
Sun Feb 14 04:45:01 CET 2021
Ping: 23.263 ms
Download: 106.11 Mbit/s
Upload: 19.38 Mbit/s
Sun Feb 14 05:45:01 CET 2021
Ping: 23.078 ms
Download: 189.78 Mbit/s
Upload: 18.93 Mbit/s
Sun Feb 14 06:45:01 CET 2021
Ping: 20.983 ms
Download: 129.87 Mbit/s
Upload: 19.28 Mbit/s
Sun Feb 14 07:45:02 CET 2021
Ping: 23.628 ms
Download: 71.10 Mbit/s
Upload: 18.99 Mbit/s
Sun Feb 14 08:45:01 CET 2021
Ping: 25.971 ms
Download: 231.56 Mbit/s
Upload: 19.07 Mbit/s
Sun Feb 14 09:45:01 CET 2021
Ping: 23.208 ms
Download: 244.76 Mbit/s
Upload: 19.06 Mbit/s
Sun Feb 14 10:45:01 CET 2021
Ping: 25.515 ms
Download: 221.96 Mbit/s
Upload: 19.04 Mbit/s
Sun Feb 14 11:45:01 CET 2021
Ping: 24.459 ms
Download: 106.75 Mbit/s
Upload: 19.04 Mbit/s
Sun Feb 14 12:45:01 CET 2021
Ping: 26.995 ms
Download: 237.99 Mbit/s
Upload: 19.61 Mbit/s
Sun Feb 14 13:45:02 CET 2021
Ping: 22.739 ms
Download: 93.94 Mbit/s
Upload: 19.17 Mbit/s
Sun Feb 14 14:45:01 CET 2021
Ping: 24.796 ms
Download: 53.08 Mbit/s
Upload: 19.38 Mbit/s
Sun Feb 14 15:45:01 CET 2021
Ping: 23.082 ms
Download: 253.62 Mbit/s
Upload: 19.84 Mbit/s
Sun Feb 14 16:45:01 CET 2021
Ping: 22.543 ms
Download: 61.39 Mbit/s
Upload: 18.92 Mbit/s
Sun Feb 14 17:45:01 CET 2021
Ping: 26.396 ms
Download: 250.35 Mbit/s
Upload: 19.42 Mbit/s
Sun Feb 14 18:45:01 CET 2021
Ping: 29.783 ms
Download: 328.40 Mbit/s
Upload: 18.70 Mbit/s
Sun Feb 14 19:45:01 CET 2021
Ping: 27.22 ms
Download: 269.60 Mbit/s
Upload: 19.58 Mbit/s
Sun Feb 14 20:45:01 CET 2021
Ping: 26.419 ms
Download: 215.67 Mbit/s
Upload: 19.57 Mbit/s
Sun Feb 14 21:45:01 CET 2021
Ping: 31.053 ms
Download: 204.61 Mbit/s
Upload: 19.52 Mbit/s
Sun Feb 14 22:45:01 CET 2021
Ping: 25.03 ms
Download: 249.14 Mbit/s
Upload: 18.80 Mbit/s
Sun Feb 14 23:45:01 CET 2021
Ping: 23.093 ms
Download: 196.54 Mbit/s
Upload: 19.24 Mbit/s
Mon Feb 15 00:45:01 CET 2021
Ping: 22.921 ms
Download: 99.25 Mbit/s
Upload: 19.61 Mbit/s
Mon Feb 15 01:45:01 CET 2021
Ping: 22.151 ms
Download: 227.89 Mbit/s
Upload: 19.46 Mbit/s
Mon Feb 15 02:45:01 CET 2021
Ping: 23.771 ms
Download: 223.96 Mbit/s
Upload: 19.26 Mbit/s
Mon Feb 15 03:45:01 CET 2021
Ping: 23.075 ms
Download: 40.63 Mbit/s
Upload: 19.59 Mbit/s
Mon Feb 15 04:45:02 CET 2021
Ping: 22.804 ms
Download: 54.56 Mbit/s
Upload: 19.76 Mbit/s
Mon Feb 15 05:45:01 CET 2021
Ping: 22.922 ms
Download: 236.46 Mbit/s
Upload: 19.76 Mbit/s
Mon Feb 15 06:45:01 CET 2021
Ping: 21.772 ms
Download: 86.55 Mbit/s
Upload: 18.41 Mbit/s
Mon Feb 15 07:45:01 CET 2021
Ping: 22.907 ms
Download: 293.08 Mbit/s
Upload: 19.84 Mbit/s
Mon Feb 15 08:45:01 CET 2021
Ping: 22.91 ms
Download: 246.68 Mbit/s
Upload: 19.42 Mbit/s
Mon Feb 15 09:45:01 CET 2021
Ping: 24.674 ms
Download: 177.70 Mbit/s
Upload: 19.34 Mbit/s
Mon Feb 15 10:45:01 CET 2021
Ping: 25.244 ms
Download: 65.29 Mbit/s
Upload: 18.09 Mbit/s
Mon Feb 15 11:45:02 CET 2021
Ping: 24.895 ms
Download: 209.63 Mbit/s
Upload: 19.33 Mbit/s
Mon Feb 15 12:45:01 CET 2021
Ping: 25.823 ms
Download: 51.12 Mbit/s
Upload: 19.13 Mbit/s
Mon Feb 15 13:45:01 CET 2021
Ping: 26.669 ms
Download: 40.98 Mbit/s
Upload: 19.35 Mbit/s
Mon Feb 15 14:45:01 CET 2021
Ping: 25.677 ms
Download: 157.41 Mbit/s
Upload: 18.22 Mbit/s
Mon Feb 15 15:45:01 CET 2021
Ping: 24.092 ms
Download: 219.82 Mbit/s
Upload: 19.37 Mbit/s
Mon Feb 15 16:45:02 CET 2021
Ping: 23.926 ms
Download: 272.13 Mbit/s
Upload: 19.34 Mbit/s
Mon Feb 15 17:45:01 CET 2021
Ping: 24.249 ms
Download: 105.21 Mbit/s
Upload: 19.68 Mbit/s
Mon Feb 15 18:45:01 CET 2021
Ping: 27.005 ms
Download: 256.96 Mbit/s
Upload: 19.41 Mbit/s
Mon Feb 15 19:45:01 CET 2021
Ping: 23.582 ms
Download: 94.46 Mbit/s
Upload: 18.59 Mbit/s
Mon Feb 15 20:45:01 CET 2021
Ping: 22.411 ms
Download: 67.05 Mbit/s
Upload: 18.30 Mbit/s
Mon Feb 15 21:45:01 CET 2021
Ping: 23.933 ms
Download: 111.10 Mbit/s
Upload: 17.83 Mbit/s
Mon Feb 15 22:45:01 CET 2021
Ping: 22.625 ms
Download: 118.39 Mbit/s
Upload: 19.79 Mbit/s
Mon Feb 15 23:45:01 CET 2021
Ping: 22.799 ms
Download: 70.48 Mbit/s
Upload: 19.54 Mbit/s
Tue Feb 16 00:45:01 CET 2021
Ping: 23.232 ms
Download: 84.10 Mbit/s
Upload: 19.72 Mbit/s
Tue Feb 16 01:45:02 CET 2021
Ping: 21.246 ms
Download: 83.39 Mbit/s
Upload: 19.21 Mbit/s
Tue Feb 16 02:45:01 CET 2021
Ping: 24.072 ms
Download: 142.23 Mbit/s
Upload: 18.60 Mbit/s
Tue Feb 16 03:45:01 CET 2021
Ping: 24.729 ms
Download: 14.55 Mbit/s
Upload: 19.23 Mbit/s
Tue Feb 16 04:45:01 CET 2021
Ping: 23.766 ms
Download: 89.28 Mbit/s
Upload: 19.29 Mbit/s
Tue Feb 16 05:45:01 CET 2021
Ping: 23.259 ms
Download: 17.82 Mbit/s
Upload: 19.35 Mbit/s
Tue Feb 16 06:45:01 CET 2021
Ping: 24.69 ms
Download: 231.35 Mbit/s
Upload: 19.15 Mbit/s
Tue Feb 16 07:45:01 CET 2021
Ping: 25.572 ms
Download: 272.31 Mbit/s
Upload: 19.05 Mbit/s
Tue Feb 16 08:45:01 CET 2021
Ping: 24.668 ms
Download: 227.83 Mbit/s
Upload: 19.36 Mbit/s
Tue Feb 16 09:45:01 CET 2021
Ping: 25.291 ms
Download: 272.03 Mbit/s
Upload: 19.38 Mbit/s
Tue Feb 16 10:45:01 CET 2021
Ping: 21.742 ms
Download: 230.08 Mbit/s
Upload: 19.75 Mbit/s
Tue Feb 16 11:45:01 CET 2021
Ping: 24.224 ms
Download: 232.93 Mbit/s
Upload: 19.37 Mbit/s
Tue Feb 16 12:45:02 CET 2021
Ping: 21.743 ms
Download: 17.78 Mbit/s
Upload: 14.74 Mbit/s
Tue Feb 16 13:45:01 CET 2021
Ping: 25.198 ms
Download: 213.87 Mbit/s
Upload: 19.45 Mbit/s
Tue Feb 16 14:45:01 CET 2021
Ping: 22.606 ms
Download: 162.56 Mbit/s
Upload: 19.24 Mbit/s
Tue Feb 16 15:45:01 CET 2021
Ping: 26.287 ms
Download: 234.79 Mbit/s
Upload: 18.90 Mbit/s
Tue Feb 16 16:45:01 CET 2021
Ping: 25.115 ms
Download: 284.72 Mbit/s
Upload: 19.70 Mbit/s
Tue Feb 16 17:45:01 CET 2021
Ping: 24.425 ms
Download: 237.11 Mbit/s
Upload: 19.58 Mbit/s
Tue Feb 16 18:45:01 CET 2021
Ping: 23.969 ms
Download: 199.91 Mbit/s
Upload: 19.44 Mbit/s
Tue Feb 16 19:45:01 CET 2021
Ping: 23.887 ms
Download: 57.41 Mbit/s
Upload: 18.82 Mbit/s
Tue Feb 16 20:45:01 CET 2021
Ping: 23.086 ms
Download: 272.42 Mbit/s
Upload: 19.27 Mbit/s
Tue Feb 16 21:45:01 CET 2021
Ping: 25.81 ms
Download: 192.88 Mbit/s
Upload: 19.36 Mbit/s
Tue Feb 16 22:45:02 CET 2021
Ping: 22.877 ms
Download: 215.90 Mbit/s
Upload: 19.59 Mbit/s
Tue Feb 16 23:45:01 CET 2021
Ping: 23.883 ms
Download: 215.07 Mbit/s
Upload: 19.40 Mbit/s
Wed Feb 17 00:45:01 CET 2021
Ping: 23.602 ms
Download: 91.39 Mbit/s
Upload: 19.39 Mbit/s
Wed Feb 17 01:45:02 CET 2021
Ping: 23.534 ms
Download: 277.61 Mbit/s
Upload: 19.01 Mbit/s
Wed Feb 17 02:45:01 CET 2021
Ping: 20.876 ms
Download: 65.81 Mbit/s
Upload: 19.66 Mbit/s
Wed Feb 17 03:45:01 CET 2021
Ping: 22.923 ms
Download: 258.73 Mbit/s
Upload: 19.05 Mbit/s
Wed Feb 17 04:45:01 CET 2021
Ping: 21.904 ms
Download: 217.03 Mbit/s
Upload: 19.13 Mbit/s
Wed Feb 17 05:45:01 CET 2021
Ping: 21.418 ms
Download: 81.76 Mbit/s
Upload: 19.72 Mbit/s
Wed Feb 17 06:45:01 CET 2021
Ping: 22.428 ms
Download: 260.61 Mbit/s
Upload: 19.67 Mbit/s
Wed Feb 17 07:45:01 CET 2021
Ping: 22.749 ms
Download: 248.04 Mbit/s
Upload: 19.12 Mbit/s
Wed Feb 17 08:45:01 CET 2021
Ping: 22.1 ms
Download: 41.35 Mbit/s
Upload: 19.02 Mbit/s
Wed Feb 17 09:45:01 CET 2021
Ping: 25.055 ms
Download: 264.97 Mbit/s
Upload: 19.22 Mbit/s
Wed Feb 17 10:45:01 CET 2021
Ping: 25.571 ms
Download: 226.63 Mbit/s
Upload: 16.50 Mbit/s
Wed Feb 17 11:45:01 CET 2021
Ping: 24.707 ms
Download: 169.14 Mbit/s
Upload: 18.66 Mbit/s
Wed Feb 17 12:45:01 CET 2021
Ping: 28.776 ms
Download: 293.26 Mbit/s
Upload: 18.74 Mbit/s
Wed Feb 17 13:45:01 CET 2021
Ping: 31.552 ms
Download: 222.04 Mbit/s
Upload: 19.23 Mbit/s
Wed Feb 17 14:45:01 CET 2021
Ping: 27.045 ms
Download: 235.27 Mbit/s
Upload: 18.61 Mbit/s
Wed Feb 17 15:45:01 CET 2021
Ping: 29.577 ms
Download: 254.58 Mbit/s
Upload: 19.06 Mbit/s
Wed Feb 17 16:45:01 CET 2021
Ping: 29.243 ms
Download: 250.09 Mbit/s
Upload: 18.07 Mbit/s
Wed Feb 17 17:45:01 CET 2021
Ping: 31.262 ms
Download: 255.96 Mbit/s
Upload: 18.84 Mbit/s
Wed Feb 17 18:45:01 CET 2021
Ping: 25.009 ms
Download: 64.86 Mbit/s
Upload: 18.04 Mbit/s
Wed Feb 17 19:45:01 CET 2021
Ping: 23.22 ms
Download: 249.90 Mbit/s
Upload: 19.57 Mbit/s
Wed Feb 17 20:45:01 CET 2021
Ping: 21.583 ms
Download: 227.64 Mbit/s
Upload: 19.44 Mbit/s
Wed Feb 17 21:45:02 CET 2021
Ping: 26.161 ms
Download: 297.01 Mbit/s
Upload: 19.24 Mbit/s
Wed Feb 17 22:45:01 CET 2021
Ping: 25.427 ms
Download: 72.24 Mbit/s
Upload: 19.69 Mbit/s
Wed Feb 17 23:45:01 CET 2021
Ping: 22.916 ms
Download: 252.83 Mbit/s
Upload: 19.66 Mbit/s
Thu Feb 18 00:45:01 CET 2021
Ping: 22.254 ms
Download: 82.05 Mbit/s
Upload: 19.62 Mbit/s
Thu Feb 18 01:45:01 CET 2021
Ping: 23.378 ms
Download: 92.33 Mbit/s
Upload: 19.85 Mbit/s
Thu Feb 18 02:45:01 CET 2021
Ping: 19.526 ms
Download: 74.31 Mbit/s
Upload: 19.84 Mbit/s
Thu Feb 18 03:45:01 CET 2021
Ping: 20.588 ms
Download: 85.78 Mbit/s
Upload: 19.83 Mbit/s
Thu Feb 18 04:45:01 CET 2021
Ping: 22.587 ms
Download: 263.95 Mbit/s
Upload: 19.69 Mbit/s
Thu Feb 18 05:45:02 CET 2021
Ping: 22.746 ms
Download: 256.77 Mbit/s
Upload: 19.24 Mbit/s
Thu Feb 18 06:45:01 CET 2021
Ping: 22.91 ms
Download: 230.33 Mbit/s
Upload: 19.29 Mbit/s
Thu Feb 18 07:45:01 CET 2021
Ping: 24.207 ms
Download: 86.56 Mbit/s
Upload: 19.38 Mbit/s
Thu Feb 18 08:45:01 CET 2021
Ping: 21.656 ms
Download: 56.70 Mbit/s
Upload: 18.29 Mbit/s
Thu Feb 18 09:45:01 CET 2021
Ping: 22.333 ms
Download: 57.03 Mbit/s
Upload: 19.21 Mbit/s
Thu Feb 18 10:45:01 CET 2021
Ping: 22.43 ms
Download: 203.06 Mbit/s
Upload: 19.36 Mbit/s
Thu Feb 18 11:45:01 CET 2021
Ping: 23.866 ms
Download: 257.32 Mbit/s
Upload: 19.78 Mbit/s
Thu Feb 18 12:45:01 CET 2021
Ping: 23.571 ms
Download: 287.61 Mbit/s
Upload: 19.32 Mbit/s
Thu Feb 18 13:45:01 CET 2021
Ping: 25.732 ms
Download: 280.46 Mbit/s
Upload: 19.06 Mbit/s
Thu Feb 18 14:45:01 CET 2021
Ping: 22.741 ms
Download: 33.91 Mbit/s
Upload: 17.92 Mbit/s
Thu Feb 18 15:45:01 CET 2021
Ping: 26.749 ms
Download: 41.08 Mbit/s
Upload: 6.77 Mbit/s
Thu Feb 18 16:45:01 CET 2021
Ping: 23.059 ms
Download: 39.36 Mbit/s
Upload: 19.27 Mbit/s
Thu Feb 18 17:45:01 CET 2021
Ping: 24.582 ms
Download: 214.90 Mbit/s
Upload: 19.47 Mbit/s
Thu Feb 18 18:45:01 CET 2021
Ping: 27.235 ms
Download: 63.52 Mbit/s
Upload: 18.83 Mbit/s
Thu Feb 18 19:45:01 CET 2021
Ping: 26.535 ms
Download: 55.98 Mbit/s
Upload: 19.08 Mbit/s
Thu Feb 18 20:45:01 CET 2021
Ping: 23.182 ms
Download: 75.16 Mbit/s
Upload: 19.03 Mbit/s
Thu Feb 18 21:45:01 CET 2021
Ping: 23.896 ms
Download: 219.26 Mbit/s
Upload: 19.84 Mbit/s
Thu Feb 18 22:45:01 CET 2021
Ping: 25.087 ms
Download: 223.16 Mbit/s
Upload: 19.68 Mbit/s
Thu Feb 18 23:45:01 CET 2021
Ping: 23.533 ms
Download: 274.17 Mbit/s
Upload: 19.07 Mbit/s
Fri Feb 19 00:45:01 CET 2021
Ping: 22.757 ms
Download: 274.72 Mbit/s
Upload: 19.76 Mbit/s
Fri Feb 19 01:45:01 CET 2021
Ping: 23.085 ms
Download: 256.00 Mbit/s
Upload: 19.86 Mbit/s
Fri Feb 19 02:45:01 CET 2021
Ping: 25.252 ms
Download: 186.13 Mbit/s
Upload: 19.67 Mbit/s
Fri Feb 19 03:45:01 CET 2021
Ping: 20.964 ms
Download: 59.79 Mbit/s
Upload: 19.44 Mbit/s
Fri Feb 19 04:45:01 CET 2021
Ping: 21.732 ms
Download: 229.06 Mbit/s
Upload: 19.52 Mbit/s
Fri Feb 19 05:45:01 CET 2021
Ping: 24.132 ms
Download: 139.09 Mbit/s
Upload: 19.65 Mbit/s
Fri Feb 19 06:45:01 CET 2021
Ping: 28.073 ms
Download: 274.24 Mbit/s
Upload: 18.85 Mbit/s
Fri Feb 19 07:45:01 CET 2021
Ping: 29.07 ms
Download: 224.09 Mbit/s
Upload: 19.00 Mbit/s
Fri Feb 19 08:45:01 CET 2021
Ping: 28.718 ms
Download: 283.35 Mbit/s
Upload: 18.89 Mbit/s
Fri Feb 19 09:45:01 CET 2021
Ping: 29.585 ms
Download: 203.12 Mbit/s
Upload: 19.83 Mbit/s
Fri Feb 19 10:45:01 CET 2021
Ping: 27.252 ms
Download: 261.57 Mbit/s
Upload: 18.87 Mbit/s
Fri Feb 19 11:45:01 CET 2021
Ping: 29.421 ms
Download: 264.64 Mbit/s
Upload: 18.87 Mbit/s
Fri Feb 19 12:45:01 CET 2021
Ping: 22.997 ms
Download: 44.24 Mbit/s
Upload: 15.42 Mbit/s
Fri Feb 19 13:45:01 CET 2021
Ping: 22.069 ms
Download: 59.93 Mbit/s
Upload: 19.36 Mbit/s
Fri Feb 19 14:45:02 CET 2021
Ping: 24.009 ms
Download: 241.12 Mbit/s
Upload: 18.27 Mbit/s
Fri Feb 19 15:45:02 CET 2021
Ping: 22.093 ms
Download: 49.03 Mbit/s
Upload: 16.77 Mbit/s
Fri Feb 19 16:45:02 CET 2021
Ping: 24.414 ms
Download: 245.27 Mbit/s
Upload: 19.46 Mbit/s
Fri Feb 19 17:45:01 CET 2021
Ping: 24.693 ms
Download: 236.47 Mbit/s
Upload: 19.21 Mbit/s
Fri Feb 19 18:45:01 CET 2021
Ping: 23.617 ms
Download: 233.34 Mbit/s
Upload: 19.65 Mbit/s
Fri Feb 19 19:45:01 CET 2021
Ping: 23.643 ms
Download: 63.54 Mbit/s
Upload: 19.80 Mbit/s
Fri Feb 19 20:45:01 CET 2021
Ping: 21.763 ms
Download: 260.17 Mbit/s
Upload: 19.81 Mbit/s
Fri Feb 19 21:45:01 CET 2021
Ping: 24.177 ms
Download: 253.71 Mbit/s
Upload: 19.23 Mbit/s
Fri Feb 19 22:45:01 CET 2021
Ping: 23.989 ms
Download: 226.30 Mbit/s
Upload: 19.03 Mbit/s
Fri Feb 19 23:45:01 CET 2021
Ping: 22.574 ms
Download: 272.31 Mbit/s
Upload: 19.52 Mbit/s
Sat Feb 20 00:45:01 CET 2021
Ping: 28.68 ms
Download: 276.72 Mbit/s
Upload: 19.04 Mbit/s
Sat Feb 20 01:45:01 CET 2021
Ping: 25.468 ms
Download: 318.19 Mbit/s
Upload: 18.97 Mbit/s
Sat Feb 20 02:45:02 CET 2021
Ping: 23.935 ms
Download: 321.21 Mbit/s
Upload: 19.56 Mbit/s
Sat Feb 20 03:45:01 CET 2021
Ping: 24.323 ms
Download: 186.60 Mbit/s
Upload: 19.11 Mbit/s
Sat Feb 20 04:45:01 CET 2021
Ping: 25.651 ms
Download: 226.15 Mbit/s
Upload: 19.60 Mbit/s
Sat Feb 20 05:45:01 CET 2021
Ping: 22.762 ms
Download: 243.81 Mbit/s
Upload: 19.57 Mbit/s
Sat Feb 20 06:45:01 CET 2021
Ping: 19.452 ms
Download: 232.21 Mbit/s
Upload: 19.73 Mbit/s
Sat Feb 20 07:45:01 CET 2021
Ping: 20.056 ms
Download: 359.43 Mbit/s
Upload: 19.62 Mbit/s
Sat Feb 20 08:45:01 CET 2021
Ping: 20.724 ms
Download: 285.34 Mbit/s
Upload: 19.66 Mbit/s
Sat Feb 20 09:45:01 CET 2021
Ping: 23.323 ms
Download: 97.94 Mbit/s
Upload: 19.35 Mbit/s
Sat Feb 20 10:45:01 CET 2021
Ping: 27.623 ms
Download: 190.22 Mbit/s
Upload: 18.89 Mbit/s
Sat Feb 20 11:45:01 CET 2021
Ping: 23.059 ms
Download: 280.76 Mbit/s
Upload: 19.54 Mbit/s
Sat Feb 20 12:45:01 CET 2021
Ping: 28.008 ms
Download: 230.08 Mbit/s
Upload: 19.76 Mbit/s
Sat Feb 20 13:45:01 CET 2021
Ping: 21.903 ms
Download: 85.55 Mbit/s
Upload: 19.43 Mbit/s
Sat Feb 20 14:45:01 CET 2021
Ping: 22.758 ms
Download: 37.32 Mbit/s
Upload: 19.59 Mbit/s
Sat Feb 20 15:45:01 CET 2021
Ping: 22.311 ms
Download: 36.18 Mbit/s
Upload: 19.37 Mbit/s
Sat Feb 20 16:45:01 CET 2021
Ping: 22.609 ms
Download: 367.26 Mbit/s
Upload: 19.36 Mbit/s
Sat Feb 20 17:45:01 CET 2021
Ping: 22.778 ms
Download: 47.27 Mbit/s
Upload: 19.65 Mbit/s
Sat Feb 20 18:45:01 CET 2021
Ping: 24.683 ms
Download: 245.28 Mbit/s
Upload: 19.68 Mbit/s
Sat Feb 20 19:45:01 CET 2021
Ping: 26.784 ms
Download: 200.77 Mbit/s
Upload: 19.22 Mbit/s
Sat Feb 20 20:45:01 CET 2021
Ping: 23.413 ms
Download: 68.04 Mbit/s
Upload: 18.35 Mbit/s
Sat Feb 20 21:45:01 CET 2021
Ping: 24.255 ms
Download: 217.61 Mbit/s
Upload: 19.49 Mbit/s
Sat Feb 20 22:45:01 CET 2021
Ping: 24.725 ms
Download: 89.73 Mbit/s
Upload: 19.48 Mbit/s
Sat Feb 20 23:45:01 CET 2021
Ping: 22.621 ms
Download: 60.60 Mbit/s
Upload: 16.10 Mbit/s
Sun Feb 21 00:45:01 CET 2021
Ping: 22.135 ms
Download: 60.38 Mbit/s
Upload: 19.36 Mbit/s
Sun Feb 21 01:45:01 CET 2021
Ping: 21.896 ms
Download: 66.93 Mbit/s
Upload: 19.73 Mbit/s
Sun Feb 21 02:45:01 CET 2021
Ping: 21.308 ms
Download: 102.79 Mbit/s
Upload: 19.55 Mbit/s
Sun Feb 21 03:45:01 CET 2021
Ping: 22.072 ms
Download: 113.26 Mbit/s
Upload: 19.79 Mbit/s
Sun Feb 21 04:45:01 CET 2021
Ping: 22.732 ms
Download: 235.82 Mbit/s
Upload: 19.80 Mbit/s
Sun Feb 21 05:45:01 CET 2021
Ping: 21.761 ms
Download: 238.53 Mbit/s
Upload: 19.68 Mbit/s
Sun Feb 21 06:45:01 CET 2021
Ping: 21.714 ms
Download: 54.66 Mbit/s
Upload: 19.31 Mbit/s
Sun Feb 21 07:45:01 CET 2021
Ping: 21.319 ms
Download: 42.54 Mbit/s
Upload: 19.70 Mbit/s
Sun Feb 21 08:45:01 CET 2021
Ping: 23.406 ms
Download: 60.46 Mbit/s
Upload: 18.29 Mbit/s
Sun Feb 21 09:45:01 CET 2021
Ping: 23.047 ms
Download: 266.52 Mbit/s
Upload: 19.47 Mbit/s
Sun Feb 21 10:45:01 CET 2021
Ping: 22.917 ms
Download: 60.73 Mbit/s
Upload: 19.38 Mbit/s
Sun Feb 21 11:45:01 CET 2021
Ping: 22.926 ms
Download: 260.04 Mbit/s
Upload: 19.62 Mbit/s
Sun Feb 21 12:45:01 CET 2021
Ping: 26.87 ms
Download: 192.26 Mbit/s
Upload: 19.03 Mbit/s
Sun Feb 21 13:45:02 CET 2021
Ping: 23.258 ms
Download: 235.53 Mbit/s
Upload: 19.73 Mbit/s
Sun Feb 21 14:45:01 CET 2021
Ping: 22.489 ms
Download: 238.12 Mbit/s
Upload: 19.82 Mbit/s
Sun Feb 21 15:45:01 CET 2021
Ping: 24.219 ms
Download: 56.59 Mbit/s
Upload: 19.51 Mbit/s
Sun Feb 21 16:45:01 CET 2021
Ping: 25.597 ms
Download: 249.78 Mbit/s
Upload: 19.12 Mbit/s
Sun Feb 21 17:45:02 CET 2021
Ping: 21.928 ms
Download: 125.28 Mbit/s
Upload: 19.24 Mbit/s
Sun Feb 21 18:45:01 CET 2021
Ping: 25.11 ms
Download: 66.99 Mbit/s
Upload: 18.24 Mbit/s
Sun Feb 21 19:45:01 CET 2021
Ping: 23.623 ms
Download: 229.63 Mbit/s
Upload: 19.61 Mbit/s
Sun Feb 21 20:45:01 CET 2021
Ping: 21.816 ms
Download: 50.98 Mbit/s
Upload: 19.51 Mbit/s
Sun Feb 21 21:45:01 CET 2021
Ping: 20.71 ms
Download: 348.06 Mbit/s
Upload: 19.52 Mbit/s
Sun Feb 21 22:45:01 CET 2021
Ping: 21.701 ms
Download: 310.19 Mbit/s
Upload: 19.10 Mbit/s
Sun Feb 21 23:45:01 CET 2021
Ping: 22.322 ms
Download: 357.06 Mbit/s
Upload: 19.79 Mbit/s
Mon Feb 22 00:45:01 CET 2021
Ping: 21.765 ms
Download: 108.74 Mbit/s
Upload: 19.64 Mbit/s
Mon Feb 22 01:45:01 CET 2021
Ping: 23.91 ms
Download: 182.73 Mbit/s
Upload: 19.42 Mbit/s
Mon Feb 22 02:45:01 CET 2021
Ping: 20.899 ms
Download: 251.56 Mbit/s
Upload: 19.41 Mbit/s
Mon Feb 22 03:45:01 CET 2021
Ping: 21.324 ms
Download: 135.99 Mbit/s
Upload: 19.37 Mbit/s
Mon Feb 22 04:45:01 CET 2021
Ping: 20.635 ms
Download: 92.51 Mbit/s
Upload: 19.45 Mbit/s
Mon Feb 22 05:45:01 CET 2021
Ping: 22.395 ms
Download: 216.26 Mbit/s
Upload: 19.18 Mbit/s
Mon Feb 22 06:45:01 CET 2021
Ping: 27.388 ms
Download: 260.68 Mbit/s
Upload: 19.44 Mbit/s
Mon Feb 22 07:45:01 CET 2021
Ping: 28.703 ms
Download: 220.38 Mbit/s
Upload: 19.23 Mbit/s
Mon Feb 22 08:45:01 CET 2021
Ping: 29.232 ms
Download: 260.10 Mbit/s
Upload: 18.74 Mbit/s
Mon Feb 22 09:45:01 CET 2021
Ping: 24.255 ms
Download: 273.80 Mbit/s
Upload: 18.90 Mbit/s
Mon Feb 22 10:45:01 CET 2021
Ping: 23.365 ms
Download: 232.27 Mbit/s
Upload: 19.69 Mbit/s
Mon Feb 22 11:45:01 CET 2021
Ping: 23.071 ms
Download: 103.75 Mbit/s
Upload: 18.90 Mbit/s
Mon Feb 22 12:45:01 CET 2021
Ping: 24.875 ms
Download: 276.10 Mbit/s
Upload: 19.73 Mbit/s
Mon Feb 22 13:45:01 CET 2021
Ping: 24.597 ms
Download: 74.95 Mbit/s
Upload: 18.90 Mbit/s
Mon Feb 22 14:45:02 CET 2021
Ping: 24.384 ms
Download: 84.59 Mbit/s
Upload: 19.69 Mbit/s
Mon Feb 22 15:45:01 CET 2021
Ping: 24.393 ms
Download: 204.34 Mbit/s
Upload: 19.29 Mbit/s
Mon Feb 22 16:45:01 CET 2021
Ping: 22.904 ms
Download: 234.48 Mbit/s
Upload: 19.17 Mbit/s
Mon Feb 22 17:45:01 CET 2021
Ping: 23.13 ms
Download: 218.14 Mbit/s
Upload: 19.47 Mbit/s
Mon Feb 22 18:45:01 CET 2021
Ping: 23.425 ms
Download: 88.09 Mbit/s
Upload: 19.79 Mbit/s
Mon Feb 22 19:45:01 CET 2021
Ping: 25.271 ms
Download: 212.46 Mbit/s
Upload: 17.10 Mbit/s
Mon Feb 22 20:45:01 CET 2021
Ping: 25.129 ms
Download: 223.65 Mbit/s
Upload: 19.63 Mbit/s
Mon Feb 22 21:45:01 CET 2021
Ping: 23.424 ms
Download: 283.49 Mbit/s
Upload: 19.79 Mbit/s
Mon Feb 22 22:45:01 CET 2021
Ping: 23.752 ms
Download: 279.04 Mbit/s
Upload: 19.61 Mbit/s
Mon Feb 22 23:45:01 CET 2021
Ping: 23.669 ms
Download: 256.52 Mbit/s
Upload: 19.37 Mbit/s
Tue Feb 23 00:45:01 CET 2021
Ping: 22.264 ms
Download: 63.23 Mbit/s
Upload: 19.15 Mbit/s
Tue Feb 23 01:45:01 CET 2021
Ping: 24.061 ms
Download: 253.28 Mbit/s
Upload: 19.44 Mbit/s
Tue Feb 23 02:45:01 CET 2021
Ping: 22.268 ms
Download: 261.64 Mbit/s
Upload: 19.36 Mbit/s
Tue Feb 23 03:45:01 CET 2021
Ping: 22.249 ms
Download: 96.91 Mbit/s
Upload: 19.29 Mbit/s
Tue Feb 23 04:45:01 CET 2021
Ping: 21.424 ms
Download: 63.15 Mbit/s
Upload: 19.64 Mbit/s
Tue Feb 23 05:45:01 CET 2021
Ping: 21.963 ms
Download: 84.35 Mbit/s
Upload: 19.28 Mbit/s
Tue Feb 23 06:45:01 CET 2021
Ping: 21.787 ms
Download: 55.12 Mbit/s
Upload: 19.36 Mbit/s
Tue Feb 23 07:45:01 CET 2021
Ping: 22.38 ms
Download: 93.26 Mbit/s
Upload: 19.73 Mbit/s
Tue Feb 23 08:45:01 CET 2021
Ping: 27.554 ms
Download: 254.21 Mbit/s
Upload: 19.73 Mbit/s
Tue Feb 23 09:45:01 CET 2021
Ping: 23.279 ms
Download: 39.77 Mbit/s
Upload: 18.82 Mbit/s
Tue Feb 23 10:45:01 CET 2021
Ping: 23.695 ms
Download: 225.68 Mbit/s
Upload: 19.65 Mbit/s
Tue Feb 23 11:45:01 CET 2021
Ping: 21.294 ms
Download: 126.76 Mbit/s
Upload: 18.67 Mbit/s
Tue Feb 23 12:45:01 CET 2021
Ping: 22.648 ms
Download: 284.35 Mbit/s
Upload: 19.80 Mbit/s
Tue Feb 23 13:45:01 CET 2021
Ping: 23.794 ms
Download: 120.22 Mbit/s
Upload: 19.27 Mbit/s
Tue Feb 23 14:45:01 CET 2021
Ping: 24.007 ms
Download: 62.52 Mbit/s
Upload: 18.90 Mbit/s
Tue Feb 23 15:45:01 CET 2021
Ping: 22.558 ms
Download: 69.52 Mbit/s
Upload: 18.46 Mbit/s
Tue Feb 23 16:45:01 CET 2021
Ping: 24.925 ms
Download: 193.51 Mbit/s
Upload: 19.31 Mbit/s
Tue Feb 23 17:45:01 CET 2021
Ping: 21.916 ms
Download: 80.29 Mbit/s
Upload: 18.56 Mbit/s
Tue Feb 23 18:45:01 CET 2021
Ping: 23.535 ms
Download: 49.72 Mbit/s
Upload: 19.02 Mbit/s
Tue Feb 23 19:45:01 CET 2021
Ping: 21.874 ms
Download: 28.18 Mbit/s
Upload: 13.52 Mbit/s
Tue Feb 23 20:45:01 CET 2021
Ping: 22.598 ms
Download: 231.35 Mbit/s
Upload: 19.36 Mbit/s
Tue Feb 23 21:45:01 CET 2021
Ping: 20.257 ms
Download: 34.52 Mbit/s
Upload: 12.80 Mbit/s
Tue Feb 23 22:45:01 CET 2021
Ping: 23.419 ms
Download: 43.70 Mbit/s
Upload: 19.13 Mbit/s
Tue Feb 23 23:45:02 CET 2021
Ping: 23.088 ms
Download: 48.33 Mbit/s
Upload: 18.11 Mbit/s
Wed Feb 24 00:45:01 CET 2021
Ping: 23.43 ms
Download: 37.60 Mbit/s
Upload: 19.85 Mbit/s
Wed Feb 24 01:45:01 CET 2021
Ping: 21.252 ms
Download: 60.18 Mbit/s
Upload: 19.20 Mbit/s
Wed Feb 24 02:45:01 CET 2021
Ping: 22.594 ms
Download: 147.00 Mbit/s
Upload: 19.74 Mbit/s
Wed Feb 24 03:45:01 CET 2021
Ping: 23.41 ms
Download: 267.55 Mbit/s
Upload: 19.56 Mbit/s
Wed Feb 24 04:45:01 CET 2021
Ping: 22.584 ms
Download: 261.02 Mbit/s
Upload: 19.80 Mbit/s
Wed Feb 24 05:45:01 CET 2021
Ping: 23.522 ms
Download: 62.09 Mbit/s
Upload: 19.68 Mbit/s
Wed Feb 24 06:45:01 CET 2021
Ping: 24.146 ms
Download: 109.30 Mbit/s
Upload: 19.65 Mbit/s
Wed Feb 24 07:45:01 CET 2021
Ping: 23.164 ms
Download: 60.18 Mbit/s
Upload: 19.22 Mbit/s
Wed Feb 24 08:45:01 CET 2021
Ping: 22.747 ms
Download: 98.49 Mbit/s
Upload: 19.69 Mbit/s
Wed Feb 24 09:45:01 CET 2021
Ping: 24.723 ms
Download: 214.79 Mbit/s
Upload: 19.48 Mbit/s
Wed Feb 24 10:45:01 CET 2021
Ping: 21.957 ms
Download: 286.26 Mbit/s
Upload: 19.47 Mbit/s
Wed Feb 24 11:45:01 CET 2021
Ping: 20.041 ms
Download: 262.00 Mbit/s
Upload: 19.29 Mbit/s
Wed Feb 24 12:45:01 CET 2021
Ping: 21.478 ms
Download: 348.57 Mbit/s
Upload: 19.08 Mbit/s
Wed Feb 24 13:45:01 CET 2021
Ping: 21.245 ms
Download: 347.96 Mbit/s
Upload: 19.47 Mbit/s
Wed Feb 24 14:45:01 CET 2021
Ping: 23.255 ms
Download: 326.61 Mbit/s
Upload: 19.48 Mbit/s
Wed Feb 24 15:45:01 CET 2021
Ping: 21.739 ms
Download: 365.58 Mbit/s
Upload: 19.06 Mbit/s
Wed Feb 24 16:45:01 CET 2021
Ping: 25.136 ms
Download: 76.59 Mbit/s
Upload: 19.41 Mbit/s
Wed Feb 24 17:45:01 CET 2021
Ping: 22.049 ms
Download: 70.51 Mbit/s
Upload: 19.63 Mbit/s
Wed Feb 24 18:45:01 CET 2021
Ping: 22.468 ms
Download: 94.44 Mbit/s
Upload: 19.54 Mbit/s
Wed Feb 24 19:45:01 CET 2021
Ping: 29.335 ms
Download: 244.57 Mbit/s
Upload: 18.57 Mbit/s
Wed Feb 24 20:45:01 CET 2021
Ping: 30.004 ms
Download: 246.02 Mbit/s
Upload: 18.55 Mbit/s
Wed Feb 24 21:45:01 CET 2021
Ping: 30.027 ms
Download: 209.34 Mbit/s
Upload: 19.07 Mbit/s
Wed Feb 24 22:45:01 CET 2021
Ping: 22.56 ms
Download: 103.88 Mbit/s
Upload: 18.97 Mbit/s
Wed Feb 24 23:45:01 CET 2021
Ping: 24.724 ms
Download: 70.80 Mbit/s
Upload: 19.12 Mbit/s
Thu Feb 25 00:45:02 CET 2021
Ping: 21.436 ms
Download: 96.07 Mbit/s
Upload: 18.81 Mbit/s
Thu Feb 25 01:45:01 CET 2021
Ping: 31.415 ms
Download: 223.14 Mbit/s
Upload: 18.14 Mbit/s
Thu Feb 25 02:45:01 CET 2021
Ping: 30.919 ms
Download: 201.28 Mbit/s
Upload: 19.23 Mbit/s
Thu Feb 25 03:45:01 CET 2021
Ping: 35.57 ms
Download: 167.86 Mbit/s
Upload: 19.64 Mbit/s
Thu Feb 25 04:45:01 CET 2021
Ping: 22.238 ms
Download: 94.19 Mbit/s
Upload: 19.52 Mbit/s
Thu Feb 25 05:45:01 CET 2021
Ping: 21.431 ms
Download: 291.33 Mbit/s
Upload: 19.55 Mbit/s
Thu Feb 25 06:45:01 CET 2021
Ping: 23.423 ms
Download: 35.78 Mbit/s
Upload: 18.95 Mbit/s
Thu Feb 25 07:45:01 CET 2021
Ping: 24.087 ms
Download: 58.53 Mbit/s
Upload: 19.48 Mbit/s
Thu Feb 25 08:45:01 CET 2021
Ping: 23.552 ms
Download: 60.06 Mbit/s
Upload: 19.28 Mbit/s
Thu Feb 25 09:45:01 CET 2021
Ping: 24.013 ms
Download: 259.22 Mbit/s
Upload: 19.00 Mbit/s
Thu Feb 25 10:45:01 CET 2021
Ping: 21.521 ms
Download: 130.36 Mbit/s
Upload: 19.07 Mbit/s
Thu Feb 25 11:45:01 CET 2021
Ping: 25.4 ms
Download: 242.05 Mbit/s
Upload: 18.98 Mbit/s
Thu Feb 25 12:45:01 CET 2021
Ping: 23.862 ms
Download: 212.29 Mbit/s
Upload: 18.95 Mbit/s
Thu Feb 25 13:45:01 CET 2021
Ping: 23.919 ms
Download: 223.39 Mbit/s
Upload: 18.74 Mbit/s
Thu Feb 25 14:45:01 CET 2021
Ping: 23.883 ms
Download: 274.00 Mbit/s
Upload: 19.12 Mbit/s
Thu Feb 25 15:45:01 CET 2021
Ping: 22.552 ms
Download: 271.07 Mbit/s
Upload: 19.05 Mbit/s
Thu Feb 25 16:45:01 CET 2021
Ping: 22.947 ms
Download: 88.10 Mbit/s
Upload: 18.11 Mbit/s
Thu Feb 25 17:45:01 CET 2021
Ping: 24.46 ms
Download: 87.78 Mbit/s
Upload: 19.00 Mbit/s
Thu Feb 25 18:45:01 CET 2021
Ping: 24.467 ms
Download: 53.39 Mbit/s
Upload: 19.12 Mbit/s
Thu Feb 25 19:45:01 CET 2021
Ping: 22.718 ms
Download: 285.02 Mbit/s
Upload: 19.73 Mbit/s
Thu Feb 25 20:45:01 CET 2021
Ping: 19.868 ms
Download: 278.67 Mbit/s
Upload: 19.87 Mbit/s
Thu Feb 25 21:45:01 CET 2021
Ping: 22.418 ms
Download: 356.87 Mbit/s
Upload: 19.09 Mbit/s
Thu Feb 25 22:45:01 CET 2021
Ping: 23.069 ms
Download: 115.04 Mbit/s
Upload: 17.01 Mbit/s
Thu Feb 25 23:45:01 CET 2021
Ping: 22.458 ms
Download: 115.44 Mbit/s
Upload: 19.00 Mbit/s
Fri Feb 26 00:45:01 CET 2021
Ping: 20.749 ms
Download: 101.33 Mbit/s
Upload: 19.61 Mbit/s
Fri Feb 26 01:45:01 CET 2021
Ping: 21.915 ms
Download: 234.17 Mbit/s
Upload: 19.59 Mbit/s
Fri Feb 26 02:45:01 CET 2021
Ping: 21.909 ms
Download: 107.12 Mbit/s
Upload: 19.50 Mbit/s
Fri Feb 26 03:45:01 CET 2021
Ping: 23.221 ms
Download: 242.44 Mbit/s
Upload: 19.37 Mbit/s
Fri Feb 26 04:45:01 CET 2021
Ping: 19.027 ms
Download: 293.66 Mbit/s
Upload: 19.87 Mbit/s
Fri Feb 26 05:45:01 CET 2021
Ping: 20.295 ms
Download: 287.70 Mbit/s
Upload: 19.72 Mbit/s
Fri Feb 26 06:45:01 CET 2021
Ping: 19.381 ms
Download: 209.02 Mbit/s
Upload: 19.78 Mbit/s
Fri Feb 26 07:45:01 CET 2021
Ping: 22.235 ms
Download: 97.19 Mbit/s
Upload: 19.27 Mbit/s
Fri Feb 26 08:45:01 CET 2021
Ping: 24.598 ms
Download: 276.05 Mbit/s
Upload: 18.95 Mbit/s
Fri Feb 26 09:45:01 CET 2021
Ping: 21.418 ms
Download: 99.31 Mbit/s
Upload: 18.68 Mbit/s
Fri Feb 26 10:45:01 CET 2021
Ping: 20.558 ms
Download: 56.02 Mbit/s
Upload: 19.07 Mbit/s
Fri Feb 26 11:45:01 CET 2021
Ping: 23.209 ms
Download: 246.08 Mbit/s
Upload: 19.17 Mbit/s
Fri Feb 26 12:45:02 CET 2021
Ping: 26.456 ms
Download: 54.00 Mbit/s
Upload: 19.18 Mbit/s
Fri Feb 26 13:45:01 CET 2021
Ping: 24.216 ms
Download: 332.94 Mbit/s
Upload: 19.37 Mbit/s
Fri Feb 26 14:45:01 CET 2021
Ping: 23.159 ms
Download: 113.66 Mbit/s
Upload: 19.76 Mbit/s
Fri Feb 26 15:45:01 CET 2021
Ping: 22.006 ms
Download: 247.61 Mbit/s
Upload: 19.10 Mbit/s
Fri Feb 26 16:45:01 CET 2021
Ping: 23.948 ms
Download: 223.09 Mbit/s
Upload: 19.34 Mbit/s
Fri Feb 26 17:45:01 CET 2021
Ping: 26.358 ms
Download: 320.14 Mbit/s
Upload: 19.01 Mbit/s
Fri Feb 26 18:45:02 CET 2021
Ping: 26.445 ms
Download: 266.45 Mbit/s
Upload: 19.15 Mbit/s
Fri Feb 26 19:45:01 CET 2021
Ping: 21.729 ms
Download: 96.11 Mbit/s
Upload: 19.48 Mbit/s
Fri Feb 26 20:45:01 CET 2021
Ping: 24.206 ms
Download: 62.25 Mbit/s
Upload: 16.75 Mbit/s
Fri Feb 26 21:45:01 CET 2021
Ping: 24.592 ms
Download: 241.53 Mbit/s
Upload: 19.31 Mbit/s
Fri Feb 26 22:45:01 CET 2021
Ping: 22.416 ms
Download: 302.00 Mbit/s
Upload: 19.45 Mbit/s
Fri Feb 26 23:45:01 CET 2021
Ping: 22.73 ms
Download: 89.20 Mbit/s
Upload: 19.66 Mbit/s
Sat Feb 27 00:45:01 CET 2021
Ping: 21.876 ms
Download: 57.39 Mbit/s
Upload: 19.66 Mbit/s
Sat Feb 27 01:45:01 CET 2021
Ping: 22.81 ms
Download: 56.93 Mbit/s
Upload: 19.60 Mbit/s
Sat Feb 27 02:45:01 CET 2021
Ping: 21.719 ms
Download: 110.77 Mbit/s
Upload: 19.76 Mbit/s
Sat Feb 27 03:45:01 CET 2021
Ping: 21.071 ms
Download: 69.57 Mbit/s
Upload: 19.79 Mbit/s
Sat Feb 27 04:45:02 CET 2021
Ping: 21.583 ms
Download: 108.68 Mbit/s
Upload: 19.47 Mbit/s
Sat Feb 27 05:45:01 CET 2021
Ping: 22.402 ms
Download: 370.91 Mbit/s
Upload: 19.28 Mbit/s
Sat Feb 27 06:45:01 CET 2021
Ping: 22.91 ms
Download: 83.00 Mbit/s
Upload: 19.87 Mbit/s
Sat Feb 27 07:45:01 CET 2021
Ping: 23.436 ms
Download: 344.03 Mbit/s
Upload: 19.49 Mbit/s
Sat Feb 27 08:45:01 CET 2021
Ping: 25.112 ms
Download: 38.61 Mbit/s
Upload: 19.53 Mbit/s
Sat Feb 27 09:45:01 CET 2021
Ping: 22.375 ms
Download: 263.07 Mbit/s
Upload: 19.48 Mbit/s
Sat Feb 27 10:45:01 CET 2021
Ping: 22.72 ms
Download: 272.38 Mbit/s
Upload: 19.61 Mbit/s
Sat Feb 27 11:45:01 CET 2021
Ping: 23.434 ms
Download: 235.29 Mbit/s
Upload: 19.36 Mbit/s
Sat Feb 27 12:45:01 CET 2021
Ping: 22.906 ms
Download: 51.56 Mbit/s
Upload: 19.21 Mbit/s
Sat Feb 27 13:45:01 CET 2021
Ping: 23.3 ms
Download: 105.43 Mbit/s
Upload: 19.15 Mbit/s
Sat Feb 27 14:45:01 CET 2021
Ping: 23.01 ms
Download: 275.15 Mbit/s
Upload: 19.08 Mbit/s
Sat Feb 27 15:45:01 CET 2021
Ping: 22.05 ms
Download: 277.75 Mbit/s
Upload: 18.57 Mbit/s
Sat Feb 27 16:45:01 CET 2021
Ping: 25.645 ms
Download: 266.99 Mbit/s
Upload: 18.75 Mbit/s
Sat Feb 27 17:45:01 CET 2021
Ping: 24.547 ms
Download: 202.44 Mbit/s
Upload: 19.19 Mbit/s
Sat Feb 27 18:45:01 CET 2021
Ping: 22.912 ms
Download: 255.24 Mbit/s
Upload: 19.11 Mbit/s
Sat Feb 27 19:45:01 CET 2021
Ping: 26.217 ms
Download: 178.52 Mbit/s
Upload: 19.12 Mbit/s
Sat Feb 27 20:45:01 CET 2021
Ping: 25.239 ms
Download: 171.35 Mbit/s
Upload: 19.08 Mbit/s
Sat Feb 27 21:45:01 CET 2021
Ping: 24.743 ms
Download: 233.67 Mbit/s
Upload: 19.32 Mbit/s
Sat Feb 27 22:45:01 CET 2021
Ping: 21.878 ms
Download: 343.56 Mbit/s
Upload: 14.17 Mbit/s
Sat Feb 27 23:45:01 CET 2021
Ping: 22.397 ms
Download: 355.21 Mbit/s
Upload: 19.77 Mbit/s
Sun Feb 28 00:45:01 CET 2021
Ping: 21.591 ms
Download: 336.19 Mbit/s
Upload: 19.82 Mbit/s
Sun Feb 28 01:45:02 CET 2021
Ping: 24.955 ms
Download: 95.29 Mbit/s
Upload: 19.54 Mbit/s
Sun Feb 28 02:45:01 CET 2021
Ping: 21.543 ms
Download: 97.79 Mbit/s
Upload: 19.76 Mbit/s
Sun Feb 28 03:45:01 CET 2021
Ping: 21.706 ms
Download: 104.06 Mbit/s
Upload: 19.15 Mbit/s
Sun Feb 28 04:45:02 CET 2021
Ping: 22.732 ms
Download: 77.50 Mbit/s
Upload: 19.51 Mbit/s
Sun Feb 28 05:45:01 CET 2021
Ping: 23.247 ms
Download: 241.55 Mbit/s
Upload: 19.30 Mbit/s
Sun Feb 28 06:45:01 CET 2021
Ping: 21.274 ms
Download: 96.34 Mbit/s
Upload: 19.55 Mbit/s
Sun Feb 28 07:45:01 CET 2021
Ping: 28.972 ms
Download: 315.32 Mbit/s
Upload: 19.05 Mbit/s
Sun Feb 28 08:45:01 CET 2021
Ping: 29.86 ms
Download: 219.51 Mbit/s
Upload: 17.97 Mbit/s
Sun Feb 28 09:45:01 CET 2021
Ping: 29.944 ms
Download: 201.67 Mbit/s
Upload: 19.07 Mbit/s
Sun Feb 28 10:45:01 CET 2021
Ping: 23.882 ms
Download: 244.14 Mbit/s
Upload: 19.88 Mbit/s
Sun Feb 28 11:45:01 CET 2021
Ping: 21.925 ms
Download: 120.01 Mbit/s
Upload: 19.49 Mbit/s
Sun Feb 28 12:45:01 CET 2021
Ping: 23.093 ms
Download: 84.12 Mbit/s
Upload: 19.40 Mbit/s
Sun Feb 28 13:45:01 CET 2021
Ping: 20.911 ms
Download: 64.30 Mbit/s
Upload: 19.44 Mbit/s
Sun Feb 28 14:45:01 CET 2021
Ping: 23.074 ms
Download: 132.98 Mbit/s
Upload: 19.07 Mbit/s
Sun Feb 28 15:45:01 CET 2021
Ping: 24.368 ms
Download: 134.93 Mbit/s
Upload: 19.68 Mbit/s
Sun Feb 28 16:45:01 CET 2021
Ping: 21.905 ms
Download: 351.82 Mbit/s
Upload: 19.57 Mbit/s
Sun Feb 28 17:45:01 CET 2021
Ping: 24.075 ms
Download: 182.28 Mbit/s
Upload: 19.71 Mbit/s
Sun Feb 28 18:45:01 CET 2021
Ping: 20.242 ms
Download: 330.98 Mbit/s
Upload: 19.18 Mbit/s
Sun Feb 28 19:45:01 CET 2021
Ping: 22.642 ms
Download: 104.97 Mbit/s
Upload: 18.63 Mbit/s
Sun Feb 28 20:45:01 CET 2021
Ping: 25.303 ms
Download: 206.33 Mbit/s
Upload: 19.50 Mbit/s
Sun Feb 28 21:45:01 CET 2021
Ping: 22.935 ms
Download: 244.33 Mbit/s
Upload: 19.60 Mbit/s
Sun Feb 28 22:45:01 CET 2021
Ping: 24.26 ms
Download: 317.65 Mbit/s
Upload: 19.47 Mbit/s
Sun Feb 28 23:45:01 CET 2021
Ping: 22.057 ms
Download: 125.49 Mbit/s
Upload: 19.52 Mbit/s
