Thu Apr  1 00:45:01 CEST 2021
Ping: 30.921 ms
Download: 232.13 Mbit/s
Upload: 19.06 Mbit/s
Thu Apr  1 01:45:01 CEST 2021
Ping: 29.264 ms
Download: 222.24 Mbit/s
Upload: 19.30 Mbit/s
Thu Apr  1 02:45:01 CEST 2021
Ping: 27.608 ms
Download: 224.00 Mbit/s
Upload: 18.61 Mbit/s
Thu Apr  1 03:45:01 CEST 2021
Ping: 28.599 ms
Download: 274.91 Mbit/s
Upload: 19.39 Mbit/s
Thu Apr  1 04:45:01 CEST 2021
Ping: 23.121 ms
Download: 147.03 Mbit/s
Upload: 19.19 Mbit/s
Thu Apr  1 05:45:01 CEST 2021
Ping: 22.97 ms
Download: 179.86 Mbit/s
Upload: 19.24 Mbit/s
Thu Apr  1 06:45:01 CEST 2021
Ping: 22.913 ms
Download: 234.06 Mbit/s
Upload: 19.37 Mbit/s
Thu Apr  1 07:45:01 CEST 2021
Ping: 23.332 ms
Download: 151.08 Mbit/s
Upload: 18.92 Mbit/s
Thu Apr  1 08:45:01 CEST 2021
Ping: 25.835 ms
Download: 214.54 Mbit/s
Upload: 19.35 Mbit/s
Thu Apr  1 09:45:01 CEST 2021
Ping: 23.731 ms
Download: 186.98 Mbit/s
Upload: 19.72 Mbit/s
Thu Apr  1 10:45:01 CEST 2021
Ping: 24.217 ms
Download: 202.45 Mbit/s
Upload: 19.33 Mbit/s
Thu Apr  1 11:45:01 CEST 2021
Ping: 24.108 ms
Download: 156.44 Mbit/s
Upload: 19.17 Mbit/s
Thu Apr  1 12:45:01 CEST 2021
Ping: 23.488 ms
Download: 140.67 Mbit/s
Upload: 19.66 Mbit/s
Thu Apr  1 13:45:01 CEST 2021
Ping: 22.978 ms
Download: 254.69 Mbit/s
Upload: 19.52 Mbit/s
Thu Apr  1 14:45:01 CEST 2021
Ping: 23.415 ms
Download: 196.11 Mbit/s
Upload: 18.82 Mbit/s
Thu Apr  1 15:45:01 CEST 2021
Ping: 21.276 ms
Download: 238.60 Mbit/s
Upload: 16.92 Mbit/s
Thu Apr  1 16:45:01 CEST 2021
Ping: 22.42 ms
Download: 190.36 Mbit/s
Upload: 19.26 Mbit/s
Thu Apr  1 17:45:01 CEST 2021
Ping: 23.636 ms
Download: 175.06 Mbit/s
Upload: 19.29 Mbit/s
Thu Apr  1 18:45:01 CEST 2021
Ping: 22.813 ms
Download: 200.75 Mbit/s
Upload: 19.36 Mbit/s
Thu Apr  1 19:45:01 CEST 2021
Ping: 25.8 ms
Download: 249.17 Mbit/s
Upload: 19.56 Mbit/s
Thu Apr  1 20:45:02 CEST 2021
Ping: 22.899 ms
Download: 157.24 Mbit/s
Upload: 19.68 Mbit/s
Thu Apr  1 21:45:01 CEST 2021
Ping: 22.303 ms
Download: 162.53 Mbit/s
Upload: 19.26 Mbit/s
Thu Apr  1 22:45:01 CEST 2021
Ping: 25.608 ms
Download: 273.99 Mbit/s
Upload: 19.22 Mbit/s
Thu Apr  1 23:45:01 CEST 2021
Ping: 25.172 ms
Download: 259.35 Mbit/s
Upload: 19.19 Mbit/s
Fri Apr  2 00:45:01 CEST 2021
Ping: 25.056 ms
Download: 251.73 Mbit/s
Upload: 19.66 Mbit/s
Fri Apr  2 01:45:01 CEST 2021
Ping: 24.538 ms
Download: 187.34 Mbit/s
Upload: 19.43 Mbit/s
Fri Apr  2 02:45:01 CEST 2021
Ping: 24.444 ms
Download: 214.21 Mbit/s
Upload: 19.80 Mbit/s
Fri Apr  2 03:45:01 CEST 2021
Ping: 23.086 ms
Download: 149.99 Mbit/s
Upload: 19.63 Mbit/s
Fri Apr  2 04:45:02 CEST 2021
Ping: 24.937 ms
Download: 185.06 Mbit/s
Upload: 19.56 Mbit/s
Fri Apr  2 05:45:01 CEST 2021
Ping: 24.19 ms
Download: 242.05 Mbit/s
Upload: 19.87 Mbit/s
Fri Apr  2 06:45:01 CEST 2021
Ping: 23.408 ms
Download: 142.49 Mbit/s
Upload: 19.85 Mbit/s
Fri Apr  2 07:45:01 CEST 2021
Ping: 23.372 ms
Download: 193.79 Mbit/s
Upload: 19.69 Mbit/s
Fri Apr  2 08:45:02 CEST 2021
Ping: 23.203 ms
Download: 170.65 Mbit/s
Upload: 18.78 Mbit/s
Fri Apr  2 09:45:02 CEST 2021
Ping: 26.844 ms
Download: 205.90 Mbit/s
Upload: 19.61 Mbit/s
Fri Apr  2 10:45:01 CEST 2021
Ping: 24.654 ms
Download: 186.13 Mbit/s
Upload: 19.56 Mbit/s
Fri Apr  2 11:45:01 CEST 2021
Ping: 23.673 ms
Download: 182.84 Mbit/s
Upload: 19.72 Mbit/s
Fri Apr  2 12:45:01 CEST 2021
Ping: 23.43 ms
Download: 192.39 Mbit/s
Upload: 19.30 Mbit/s
Fri Apr  2 13:45:01 CEST 2021
Ping: 23.417 ms
Download: 239.57 Mbit/s
Upload: 19.67 Mbit/s
Fri Apr  2 14:45:01 CEST 2021
Ping: 25.06 ms
Download: 274.49 Mbit/s
Upload: 19.57 Mbit/s
Fri Apr  2 15:45:01 CEST 2021
Ping: 24.081 ms
Download: 212.73 Mbit/s
Upload: 19.37 Mbit/s
Fri Apr  2 16:45:01 CEST 2021
Ping: 24.754 ms
Download: 214.05 Mbit/s
Upload: 19.46 Mbit/s
Fri Apr  2 17:45:01 CEST 2021
Ping: 25.459 ms
Download: 230.11 Mbit/s
Upload: 19.54 Mbit/s
Fri Apr  2 18:45:01 CEST 2021
Ping: 26.47 ms
Download: 174.61 Mbit/s
Upload: 19.40 Mbit/s
Fri Apr  2 19:45:01 CEST 2021
Ping: 22.627 ms
Download: 198.10 Mbit/s
Upload: 19.66 Mbit/s
Fri Apr  2 20:45:01 CEST 2021
Ping: 21.169 ms
Download: 280.05 Mbit/s
Upload: 19.08 Mbit/s
Fri Apr  2 21:45:02 CEST 2021
Ping: 24.171 ms
Download: 229.16 Mbit/s
Upload: 19.14 Mbit/s
Fri Apr  2 22:45:01 CEST 2021
Ping: 24.869 ms
Download: 193.13 Mbit/s
Upload: 18.98 Mbit/s
Fri Apr  2 23:45:01 CEST 2021
Ping: 23.629 ms
Download: 145.63 Mbit/s
Upload: 18.64 Mbit/s
Sat Apr  3 00:45:01 CEST 2021
Ping: 24.963 ms
Download: 229.01 Mbit/s
Upload: 19.24 Mbit/s
Sat Apr  3 01:45:01 CEST 2021
Ping: 22.936 ms
Download: 197.50 Mbit/s
Upload: 19.85 Mbit/s
Sat Apr  3 02:45:01 CEST 2021
Ping: 25.435 ms
Download: 169.01 Mbit/s
Upload: 19.78 Mbit/s
Sat Apr  3 03:45:01 CEST 2021
Ping: 24.26 ms
Download: 223.63 Mbit/s
Upload: 19.32 Mbit/s
Sat Apr  3 04:45:01 CEST 2021
Ping: 21.809 ms
Download: 157.11 Mbit/s
Upload: 19.66 Mbit/s
Sat Apr  3 05:45:01 CEST 2021
Ping: 23.382 ms
Download: 166.63 Mbit/s
Upload: 19.49 Mbit/s
Sat Apr  3 06:45:01 CEST 2021
Ping: 24.758 ms
Download: 272.21 Mbit/s
Upload: 19.55 Mbit/s
Sat Apr  3 07:45:01 CEST 2021
Ping: 25.717 ms
Download: 240.48 Mbit/s
Upload: 19.47 Mbit/s
Sat Apr  3 08:45:02 CEST 2021
Ping: 23.819 ms
Download: 181.67 Mbit/s
Upload: 19.75 Mbit/s
Sat Apr  3 09:45:01 CEST 2021
Ping: 23.79 ms
Download: 217.38 Mbit/s
Upload: 19.61 Mbit/s
Sat Apr  3 10:45:01 CEST 2021
Ping: 20.672 ms
Download: 193.94 Mbit/s
Upload: 19.64 Mbit/s
Sat Apr  3 11:45:01 CEST 2021
Ping: 23.043 ms
Download: 152.91 Mbit/s
Upload: 19.03 Mbit/s
Sat Apr  3 12:45:01 CEST 2021
Ping: 23.897 ms
Download: 225.06 Mbit/s
Upload: 18.89 Mbit/s
Sat Apr  3 13:45:02 CEST 2021
Ping: 23.521 ms
Download: 235.00 Mbit/s
Upload: 19.66 Mbit/s
Sat Apr  3 14:45:01 CEST 2021
Ping: 25.195 ms
Download: 271.55 Mbit/s
Upload: 19.07 Mbit/s
Sat Apr  3 15:45:01 CEST 2021
Ping: 22.622 ms
Download: 150.08 Mbit/s
Upload: 19.66 Mbit/s
Sat Apr  3 16:45:01 CEST 2021
Ping: 25.08 ms
Download: 194.85 Mbit/s
Upload: 19.71 Mbit/s
Sat Apr  3 17:45:02 CEST 2021
Ping: 25.176 ms
Download: 241.91 Mbit/s
Upload: 19.06 Mbit/s
Sat Apr  3 18:45:01 CEST 2021
Ping: 26.008 ms
Download: 206.90 Mbit/s
Upload: 19.66 Mbit/s
Sat Apr  3 19:45:01 CEST 2021
Ping: 23.19 ms
Download: 239.06 Mbit/s
Upload: 19.76 Mbit/s
Sat Apr  3 20:45:01 CEST 2021
Ping: 22.181 ms
Download: 244.11 Mbit/s
Upload: 18.20 Mbit/s
Sat Apr  3 21:45:01 CEST 2021
Ping: 21.475 ms
Download: 224.49 Mbit/s
Upload: 19.10 Mbit/s
Sat Apr  3 22:45:01 CEST 2021
Ping: 24.842 ms
Download: 178.73 Mbit/s
Upload: 17.91 Mbit/s
Sat Apr  3 23:45:01 CEST 2021
Ping: 25.474 ms
Download: 257.77 Mbit/s
Upload: 19.23 Mbit/s
Sun Apr  4 00:45:01 CEST 2021
Ping: 23.257 ms
Download: 244.13 Mbit/s
Upload: 19.77 Mbit/s
Sun Apr  4 01:45:01 CEST 2021
Ping: 25.737 ms
Download: 223.01 Mbit/s
Upload: 19.73 Mbit/s
Sun Apr  4 02:45:01 CEST 2021
Ping: 22.152 ms
Download: 158.27 Mbit/s
Upload: 19.60 Mbit/s
Sun Apr  4 03:45:01 CEST 2021
Ping: 25.137 ms
Download: 201.35 Mbit/s
Upload: 19.71 Mbit/s
Sun Apr  4 04:45:01 CEST 2021
Ping: 25.699 ms
Download: 207.24 Mbit/s
Upload: 19.63 Mbit/s
Sun Apr  4 05:45:01 CEST 2021
Ping: 24.371 ms
Download: 239.69 Mbit/s
Upload: 19.42 Mbit/s
Sun Apr  4 06:45:01 CEST 2021
Ping: 23.652 ms
Download: 219.06 Mbit/s
Upload: 19.52 Mbit/s
Sun Apr  4 07:45:01 CEST 2021
Ping: 23.02 ms
Download: 198.42 Mbit/s
Upload: 19.79 Mbit/s
Sun Apr  4 08:45:01 CEST 2021
Ping: 24.933 ms
Download: 199.88 Mbit/s
Upload: 19.40 Mbit/s
Sun Apr  4 09:45:01 CEST 2021
Ping: 24.63 ms
Download: 264.03 Mbit/s
Upload: 18.95 Mbit/s
Sun Apr  4 10:45:01 CEST 2021
Ping: 23.596 ms
Download: 280.50 Mbit/s
Upload: 19.17 Mbit/s
Sun Apr  4 11:45:01 CEST 2021
Ping: 23.583 ms
Download: 167.41 Mbit/s
Upload: 19.61 Mbit/s
Sun Apr  4 12:45:01 CEST 2021
Ping: 23.566 ms
Download: 257.59 Mbit/s
Upload: 19.69 Mbit/s
Sun Apr  4 13:45:01 CEST 2021
Ping: 24.25 ms
Download: 228.48 Mbit/s
Upload: 19.62 Mbit/s
Sun Apr  4 14:45:02 CEST 2021
Ping: 26.648 ms
Download: 273.51 Mbit/s
Upload: 19.68 Mbit/s
Sun Apr  4 15:45:01 CEST 2021
Ping: 27.501 ms
Download: 288.99 Mbit/s
Upload: 19.25 Mbit/s
Sun Apr  4 16:45:01 CEST 2021
Ping: 23.569 ms
Download: 232.22 Mbit/s
Upload: 19.79 Mbit/s
Sun Apr  4 17:45:01 CEST 2021
Ping: 23.568 ms
Download: 219.33 Mbit/s
Upload: 19.75 Mbit/s
Sun Apr  4 18:45:01 CEST 2021
Ping: 24.059 ms
Download: 165.62 Mbit/s
Upload: 19.24 Mbit/s
Sun Apr  4 19:45:01 CEST 2021
Ping: 27.046 ms
Download: 251.83 Mbit/s
Upload: 18.93 Mbit/s
Sun Apr  4 20:45:02 CEST 2021
Ping: 25.484 ms
Download: 285.63 Mbit/s
Upload: 19.35 Mbit/s
Sun Apr  4 21:45:01 CEST 2021
Ping: 30.136 ms
Download: 282.96 Mbit/s
Upload: 19.19 Mbit/s
Sun Apr  4 22:45:01 CEST 2021
Ping: 26.006 ms
Download: 233.17 Mbit/s
Upload: 19.05 Mbit/s
Sun Apr  4 23:45:02 CEST 2021
Ping: 26.687 ms
Download: 185.80 Mbit/s
Upload: 19.43 Mbit/s
Mon Apr  5 00:45:02 CEST 2021
Ping: 25.248 ms
Download: 192.03 Mbit/s
Upload: 19.67 Mbit/s
Mon Apr  5 01:45:01 CEST 2021
Ping: 24.578 ms
Download: 242.61 Mbit/s
Upload: 19.02 Mbit/s
Mon Apr  5 02:45:01 CEST 2021
Ping: 24.409 ms
Download: 273.46 Mbit/s
Upload: 19.37 Mbit/s
Mon Apr  5 03:45:01 CEST 2021
Ping: 23.488 ms
Download: 123.62 Mbit/s
Upload: 19.63 Mbit/s
Mon Apr  5 04:45:01 CEST 2021
Ping: 23.078 ms
Download: 253.58 Mbit/s
Upload: 19.28 Mbit/s
Mon Apr  5 05:45:01 CEST 2021
Ping: 23.408 ms
Download: 200.62 Mbit/s
Upload: 19.87 Mbit/s
Mon Apr  5 06:45:01 CEST 2021
Ping: 23.514 ms
Download: 249.37 Mbit/s
Upload: 19.82 Mbit/s
Mon Apr  5 07:45:01 CEST 2021
Ping: 24.637 ms
Download: 115.55 Mbit/s
Upload: 19.75 Mbit/s
Mon Apr  5 08:45:01 CEST 2021
Ping: 23.732 ms
Download: 229.13 Mbit/s
Upload: 19.43 Mbit/s
Mon Apr  5 09:45:01 CEST 2021
Ping: 24.903 ms
Download: 271.97 Mbit/s
Upload: 18.91 Mbit/s
Mon Apr  5 10:45:01 CEST 2021
Ping: 25.761 ms
Download: 136.38 Mbit/s
Upload: 18.98 Mbit/s
Mon Apr  5 11:45:01 CEST 2021
Ping: 24.283 ms
Download: 196.03 Mbit/s
Upload: 19.38 Mbit/s
Mon Apr  5 12:45:01 CEST 2021
Ping: 24.569 ms
Download: 160.06 Mbit/s
Upload: 19.61 Mbit/s
Mon Apr  5 13:45:01 CEST 2021
Ping: 23.578 ms
Download: 270.66 Mbit/s
Upload: 19.50 Mbit/s
Mon Apr  5 14:45:01 CEST 2021
Ping: 25.151 ms
Download: 175.24 Mbit/s
Upload: 19.71 Mbit/s
Mon Apr  5 15:45:01 CEST 2021
Ping: 22.772 ms
Download: 149.62 Mbit/s
Upload: 19.48 Mbit/s
Mon Apr  5 16:45:01 CEST 2021
Ping: 28.52 ms
Download: 269.68 Mbit/s
Upload: 18.18 Mbit/s
Mon Apr  5 17:45:01 CEST 2021
Ping: 32.089 ms
Download: 223.65 Mbit/s
Upload: 18.83 Mbit/s
Mon Apr  5 18:45:01 CEST 2021
Ping: 33.95 ms
Download: 212.76 Mbit/s
Upload: 18.92 Mbit/s
Mon Apr  5 19:45:01 CEST 2021
Ping: 26.54 ms
Download: 195.27 Mbit/s
Upload: 19.45 Mbit/s
Mon Apr  5 20:45:01 CEST 2021
Ping: 21.93 ms
Download: 139.84 Mbit/s
Upload: 19.18 Mbit/s
Mon Apr  5 21:45:01 CEST 2021
Ping: 23.427 ms
Download: 259.97 Mbit/s
Upload: 19.04 Mbit/s
Mon Apr  5 22:45:02 CEST 2021
Ping: 25.724 ms
Download: 203.25 Mbit/s
Upload: 18.80 Mbit/s
Mon Apr  5 23:45:01 CEST 2021
Ping: 23.909 ms
Download: 236.34 Mbit/s
Upload: 19.32 Mbit/s
Tue Apr  6 00:45:01 CEST 2021
Ping: 22.632 ms
Download: 183.04 Mbit/s
Upload: 19.74 Mbit/s
Tue Apr  6 01:45:01 CEST 2021
Ping: 24.167 ms
Download: 241.64 Mbit/s
Upload: 19.09 Mbit/s
Tue Apr  6 02:45:01 CEST 2021
Ping: 24.052 ms
Download: 257.13 Mbit/s
Upload: 19.27 Mbit/s
Tue Apr  6 03:45:01 CEST 2021
Ping: 23.878 ms
Download: 173.04 Mbit/s
Upload: 19.58 Mbit/s
Tue Apr  6 04:45:01 CEST 2021
Ping: 24.028 ms
Download: 221.71 Mbit/s
Upload: 19.62 Mbit/s
Tue Apr  6 05:45:01 CEST 2021
Ping: 23.37 ms
Download: 206.71 Mbit/s
Upload: 19.77 Mbit/s
Tue Apr  6 06:45:01 CEST 2021
Ping: 25.637 ms
Download: 218.04 Mbit/s
Upload: 19.18 Mbit/s
Tue Apr  6 07:45:01 CEST 2021
Ping: 24.786 ms
Download: 61.15 Mbit/s
Upload: 19.60 Mbit/s
Tue Apr  6 08:45:01 CEST 2021
Ping: 24.196 ms
Download: 176.96 Mbit/s
Upload: 19.60 Mbit/s
Tue Apr  6 09:45:01 CEST 2021
Ping: 26.829 ms
Download: 211.71 Mbit/s
Upload: 19.71 Mbit/s
Tue Apr  6 10:45:01 CEST 2021
Ping: 26.159 ms
Download: 207.02 Mbit/s
Upload: 19.69 Mbit/s
Tue Apr  6 11:45:01 CEST 2021
Ping: 22.27 ms
Download: 167.56 Mbit/s
Upload: 19.38 Mbit/s
Tue Apr  6 12:45:01 CEST 2021
Ping: 24.851 ms
Download: 255.44 Mbit/s
Upload: 19.59 Mbit/s
Tue Apr  6 13:45:01 CEST 2021
Ping: 24.395 ms
Download: 261.38 Mbit/s
Upload: 19.24 Mbit/s
Tue Apr  6 14:45:01 CEST 2021
Ping: 22.85 ms
Download: 153.98 Mbit/s
Upload: 19.66 Mbit/s
Tue Apr  6 15:45:01 CEST 2021
Ping: 23.048 ms
Download: 144.54 Mbit/s
Upload: 19.01 Mbit/s
Tue Apr  6 16:45:01 CEST 2021
Ping: 24.411 ms
Download: 210.17 Mbit/s
Upload: 15.82 Mbit/s
Tue Apr  6 17:45:01 CEST 2021
Ping: 24.29 ms
Download: 266.18 Mbit/s
Upload: 19.38 Mbit/s
Tue Apr  6 18:45:01 CEST 2021
Ping: 23.266 ms
Download: 248.50 Mbit/s
Upload: 19.09 Mbit/s
Tue Apr  6 19:45:01 CEST 2021
Ping: 27.957 ms
Download: 200.52 Mbit/s
Upload: 19.10 Mbit/s
Tue Apr  6 20:45:01 CEST 2021
Ping: 24.607 ms
Download: 185.20 Mbit/s
Upload: 19.66 Mbit/s
Tue Apr  6 21:45:02 CEST 2021
Ping: 26.317 ms
Download: 240.50 Mbit/s
Upload: 19.35 Mbit/s
Tue Apr  6 22:45:01 CEST 2021
Ping: 23.603 ms
Download: 173.01 Mbit/s
Upload: 18.97 Mbit/s
Tue Apr  6 23:45:01 CEST 2021
Ping: 23.395 ms
Download: 183.24 Mbit/s
Upload: 19.42 Mbit/s
Wed Apr  7 00:45:01 CEST 2021
Ping: 24.416 ms
Download: 155.86 Mbit/s
Upload: 19.04 Mbit/s
Wed Apr  7 01:45:01 CEST 2021
Ping: 26.479 ms
Download: 278.95 Mbit/s
Upload: 19.55 Mbit/s
Wed Apr  7 02:45:01 CEST 2021
Ping: 23.633 ms
Download: 160.51 Mbit/s
Upload: 19.04 Mbit/s
Wed Apr  7 03:45:01 CEST 2021
Ping: 22.922 ms
Download: 162.30 Mbit/s
Upload: 19.36 Mbit/s
Wed Apr  7 04:45:01 CEST 2021
Ping: 23.239 ms
Download: 194.31 Mbit/s
Upload: 19.76 Mbit/s
Wed Apr  7 05:45:01 CEST 2021
Ping: 23.037 ms
Download: 186.94 Mbit/s
Upload: 18.77 Mbit/s
Wed Apr  7 06:45:01 CEST 2021
Ping: 22.885 ms
Download: 243.45 Mbit/s
Upload: 19.43 Mbit/s
Wed Apr  7 07:45:01 CEST 2021
Ping: 24.226 ms
Download: 222.56 Mbit/s
Upload: 19.72 Mbit/s
Wed Apr  7 08:45:01 CEST 2021
Ping: 25.867 ms
Download: 201.81 Mbit/s
Upload: 19.77 Mbit/s
Wed Apr  7 09:45:02 CEST 2021
Ping: 23.51 ms
Download: 270.39 Mbit/s
Upload: 19.41 Mbit/s
Wed Apr  7 10:45:01 CEST 2021
Ping: 23.407 ms
Download: 171.14 Mbit/s
Upload: 18.49 Mbit/s
Wed Apr  7 11:45:02 CEST 2021
Ping: 26.931 ms
Download: 170.51 Mbit/s
Upload: 19.18 Mbit/s
Wed Apr  7 12:45:01 CEST 2021
Ping: 24.478 ms
Download: 155.08 Mbit/s
Upload: 19.66 Mbit/s
Wed Apr  7 13:45:01 CEST 2021
Ping: 24.577 ms
Download: 124.23 Mbit/s
Upload: 19.30 Mbit/s
Wed Apr  7 14:45:01 CEST 2021
Ping: 25.066 ms
Download: 229.33 Mbit/s
Upload: 19.69 Mbit/s
Wed Apr  7 15:45:01 CEST 2021
Ping: 24.505 ms
Download: 155.91 Mbit/s
Upload: 19.14 Mbit/s
Wed Apr  7 16:45:01 CEST 2021
Ping: 24.381 ms
Download: 210.34 Mbit/s
Upload: 19.48 Mbit/s
Wed Apr  7 17:45:01 CEST 2021
Ping: 22.678 ms
Download: 176.34 Mbit/s
Upload: 19.81 Mbit/s
Wed Apr  7 18:45:01 CEST 2021
Ping: 26.479 ms
Download: 202.58 Mbit/s
Upload: 19.77 Mbit/s
Wed Apr  7 19:45:01 CEST 2021
Ping: 23.327 ms
Download: 168.56 Mbit/s
Upload: 18.70 Mbit/s
Wed Apr  7 20:45:02 CEST 2021
Ping: 26.239 ms
Download: 185.33 Mbit/s
Upload: 17.87 Mbit/s
Wed Apr  7 21:45:01 CEST 2021
Ping: 28.586 ms
Download: 182.45 Mbit/s
Upload: 19.73 Mbit/s
Wed Apr  7 22:45:02 CEST 2021
Ping: 25.193 ms
Download: 181.78 Mbit/s
Upload: 19.26 Mbit/s
Wed Apr  7 23:45:01 CEST 2021
Ping: 23.384 ms
Download: 197.94 Mbit/s
Upload: 19.62 Mbit/s
Thu Apr  8 00:45:01 CEST 2021
Ping: 23.716 ms
Download: 170.45 Mbit/s
Upload: 17.76 Mbit/s
Thu Apr  8 01:45:01 CEST 2021
Ping: 22.918 ms
Download: 181.73 Mbit/s
Upload: 19.51 Mbit/s
Thu Apr  8 02:45:01 CEST 2021
Ping: 21.253 ms
Download: 270.37 Mbit/s
Upload: 19.39 Mbit/s
Thu Apr  8 03:45:01 CEST 2021
Ping: 24.066 ms
Download: 148.07 Mbit/s
Upload: 19.58 Mbit/s
Thu Apr  8 04:45:01 CEST 2021
Ping: 23.824 ms
Download: 286.12 Mbit/s
Upload: 19.30 Mbit/s
Thu Apr  8 05:45:01 CEST 2021
Ping: 24.055 ms
Download: 187.87 Mbit/s
Upload: 19.63 Mbit/s
Thu Apr  8 06:45:01 CEST 2021
Ping: 23.447 ms
Download: 199.64 Mbit/s
Upload: 19.53 Mbit/s
Thu Apr  8 07:45:01 CEST 2021
Ping: 22.403 ms
Download: 167.46 Mbit/s
Upload: 19.62 Mbit/s
Thu Apr  8 08:45:01 CEST 2021
Ping: 23.47 ms
Download: 209.65 Mbit/s
Upload: 19.55 Mbit/s
Thu Apr  8 09:45:01 CEST 2021
Ping: 22.727 ms
Download: 213.98 Mbit/s
Upload: 19.69 Mbit/s
Thu Apr  8 10:45:01 CEST 2021
Ping: 23.824 ms
Download: 241.94 Mbit/s
Upload: 19.03 Mbit/s
Thu Apr  8 11:45:01 CEST 2021
Ping: 24.593 ms
Download: 198.82 Mbit/s
Upload: 19.54 Mbit/s
Thu Apr  8 12:45:01 CEST 2021
Ping: 22.933 ms
Download: 188.16 Mbit/s
Upload: 19.33 Mbit/s
Thu Apr  8 13:45:01 CEST 2021
Ping: 24.77 ms
Download: 247.45 Mbit/s
Upload: 19.22 Mbit/s
Thu Apr  8 14:45:01 CEST 2021
Ping: 24.342 ms
Download: 236.02 Mbit/s
Upload: 18.86 Mbit/s
Thu Apr  8 15:45:01 CEST 2021
Ping: 25.986 ms
Download: 183.86 Mbit/s
Upload: 19.22 Mbit/s
Thu Apr  8 16:45:01 CEST 2021
Ping: 23.707 ms
Download: 264.20 Mbit/s
Upload: 19.26 Mbit/s
Thu Apr  8 17:45:01 CEST 2021
Ping: 25.388 ms
Download: 188.83 Mbit/s
Upload: 19.29 Mbit/s
Thu Apr  8 18:45:01 CEST 2021
Ping: 24.164 ms
Download: 184.74 Mbit/s
Upload: 19.53 Mbit/s
Thu Apr  8 19:45:02 CEST 2021
Ping: 25.512 ms
Download: 231.72 Mbit/s
Upload: 19.38 Mbit/s
Thu Apr  8 20:45:01 CEST 2021
Ping: 24.922 ms
Download: 206.55 Mbit/s
Upload: 19.44 Mbit/s
Thu Apr  8 21:45:01 CEST 2021
Ping: 23.9 ms
Download: 203.59 Mbit/s
Upload: 19.14 Mbit/s
Thu Apr  8 22:45:01 CEST 2021
Ping: 23.852 ms
Download: 186.29 Mbit/s
Upload: 18.51 Mbit/s
Thu Apr  8 23:45:01 CEST 2021
Ping: 24.165 ms
Download: 205.71 Mbit/s
Upload: 19.68 Mbit/s
Fri Apr  9 00:45:01 CEST 2021
Ping: 23.019 ms
Download: 189.84 Mbit/s
Upload: 19.55 Mbit/s
Fri Apr  9 01:45:01 CEST 2021
Ping: 25.163 ms
Download: 257.90 Mbit/s
Upload: 19.87 Mbit/s
Fri Apr  9 02:45:01 CEST 2021
Ping: 23.23 ms
Download: 277.86 Mbit/s
Upload: 19.57 Mbit/s
Fri Apr  9 03:45:01 CEST 2021
Ping: 23.406 ms
Download: 243.28 Mbit/s
Upload: 19.73 Mbit/s
Fri Apr  9 04:45:01 CEST 2021
Ping: 24.4 ms
Download: 184.27 Mbit/s
Upload: 19.76 Mbit/s
Fri Apr  9 05:45:01 CEST 2021
Ping: 22.538 ms
Download: 202.44 Mbit/s
Upload: 19.04 Mbit/s
Fri Apr  9 06:45:01 CEST 2021
Ping: 25.307 ms
Download: 197.89 Mbit/s
Upload: 19.21 Mbit/s
Fri Apr  9 07:45:01 CEST 2021
Ping: 23.63 ms
Download: 174.34 Mbit/s
Upload: 19.68 Mbit/s
Fri Apr  9 08:45:01 CEST 2021
Ping: 24.216 ms
Download: 214.04 Mbit/s
Upload: 19.52 Mbit/s
Fri Apr  9 09:45:01 CEST 2021
Ping: 23.054 ms
Download: 189.18 Mbit/s
Upload: 19.58 Mbit/s
Fri Apr  9 10:45:01 CEST 2021
Ping: 24.877 ms
Download: 213.90 Mbit/s
Upload: 19.08 Mbit/s
Fri Apr  9 11:45:01 CEST 2021
Ping: 25.216 ms
Download: 214.46 Mbit/s
Upload: 19.07 Mbit/s
Fri Apr  9 12:45:01 CEST 2021
Ping: 23.177 ms
Download: 176.33 Mbit/s
Upload: 19.10 Mbit/s
Fri Apr  9 13:45:01 CEST 2021
Ping: 22.558 ms
Download: 196.96 Mbit/s
Upload: 19.35 Mbit/s
Fri Apr  9 14:45:01 CEST 2021
Ping: 22.359 ms
Download: 195.36 Mbit/s
Upload: 19.14 Mbit/s
Fri Apr  9 15:45:01 CEST 2021
Ping: 25.857 ms
Download: 239.03 Mbit/s
Upload: 19.45 Mbit/s
Fri Apr  9 16:45:01 CEST 2021
Ping: 25.189 ms
Download: 185.90 Mbit/s
Upload: 18.91 Mbit/s
Fri Apr  9 17:45:01 CEST 2021
Ping: 23.702 ms
Download: 200.20 Mbit/s
Upload: 19.55 Mbit/s
Fri Apr  9 18:45:01 CEST 2021
Ping: 22.915 ms
Download: 250.86 Mbit/s
Upload: 19.54 Mbit/s
Fri Apr  9 19:45:01 CEST 2021
Ping: 23.273 ms
Download: 275.99 Mbit/s
Upload: 19.59 Mbit/s
Fri Apr  9 20:45:01 CEST 2021
Ping: 21.848 ms
Download: 188.78 Mbit/s
Upload: 19.67 Mbit/s
Fri Apr  9 21:45:01 CEST 2021
Ping: 26.273 ms
Download: 179.52 Mbit/s
Upload: 19.24 Mbit/s
Fri Apr  9 22:45:01 CEST 2021
Ping: 23.874 ms
Download: 175.92 Mbit/s
Upload: 19.26 Mbit/s
Fri Apr  9 23:45:01 CEST 2021
Ping: 22.854 ms
Download: 203.75 Mbit/s
Upload: 19.86 Mbit/s
Sat Apr 10 00:45:01 CEST 2021
Ping: 24.342 ms
Download: 259.67 Mbit/s
Upload: 19.70 Mbit/s
Sat Apr 10 01:45:01 CEST 2021
Ping: 23.807 ms
Download: 224.99 Mbit/s
Upload: 19.20 Mbit/s
Sat Apr 10 02:45:01 CEST 2021
Ping: 24.238 ms
Download: 246.01 Mbit/s
Upload: 19.01 Mbit/s
Sat Apr 10 03:45:01 CEST 2021
Ping: 23.019 ms
Download: 180.85 Mbit/s
Upload: 19.33 Mbit/s
Sat Apr 10 04:45:01 CEST 2021
Ping: 24.419 ms
Download: 214.19 Mbit/s
Upload: 19.18 Mbit/s
Sat Apr 10 05:45:01 CEST 2021
Ping: 23.056 ms
Download: 179.21 Mbit/s
Upload: 19.57 Mbit/s
Sat Apr 10 06:45:01 CEST 2021
Ping: 22.716 ms
Download: 267.23 Mbit/s
Upload: 19.23 Mbit/s
Sat Apr 10 07:45:01 CEST 2021
Ping: 23.978 ms
Download: 196.94 Mbit/s
Upload: 19.38 Mbit/s
Sat Apr 10 08:45:01 CEST 2021
Ping: 24.822 ms
Download: 229.43 Mbit/s
Upload: 19.02 Mbit/s
Sat Apr 10 09:45:02 CEST 2021
Ping: 22.823 ms
Download: 178.45 Mbit/s
Upload: 19.28 Mbit/s
Sat Apr 10 10:45:01 CEST 2021
Ping: 23.926 ms
Download: 180.28 Mbit/s
Upload: 19.63 Mbit/s
Sat Apr 10 11:45:01 CEST 2021
Ping: 21.516 ms
Download: 193.99 Mbit/s
Upload: 19.03 Mbit/s
Sat Apr 10 12:45:01 CEST 2021
Ping: 23.701 ms
Download: 176.01 Mbit/s
Upload: 19.70 Mbit/s
Sat Apr 10 13:45:01 CEST 2021
Ping: 25.65 ms
Download: 196.16 Mbit/s
Upload: 19.24 Mbit/s
Sat Apr 10 14:45:01 CEST 2021
Ping: 22.316 ms
Download: 229.49 Mbit/s
Upload: 19.63 Mbit/s
Sat Apr 10 15:45:01 CEST 2021
Ping: 22.762 ms
Download: 185.07 Mbit/s
Upload: 19.27 Mbit/s
Sat Apr 10 16:45:01 CEST 2021
Ping: 23.22 ms
Download: 192.97 Mbit/s
Upload: 19.44 Mbit/s
Sat Apr 10 17:45:01 CEST 2021
Ping: 22.224 ms
Download: 179.06 Mbit/s
Upload: 19.19 Mbit/s
Sat Apr 10 18:45:01 CEST 2021
Ping: 24.457 ms
Download: 225.31 Mbit/s
Upload: 19.68 Mbit/s
Sat Apr 10 19:45:01 CEST 2021
Ping: 25.479 ms
Download: 224.21 Mbit/s
Upload: 19.69 Mbit/s
Sat Apr 10 20:45:01 CEST 2021
Ping: 24.296 ms
Download: 332.41 Mbit/s
Upload: 18.96 Mbit/s
Sat Apr 10 21:45:01 CEST 2021
Ping: 24.164 ms
Download: 180.13 Mbit/s
Upload: 19.73 Mbit/s
Sat Apr 10 22:45:01 CEST 2021
Ping: 23.169 ms
Download: 273.00 Mbit/s
Upload: 19.57 Mbit/s
Sat Apr 10 23:45:01 CEST 2021
Ping: 23.564 ms
Download: 200.38 Mbit/s
Upload: 19.62 Mbit/s
Sun Apr 11 00:45:01 CEST 2021
Ping: 25.488 ms
Download: 175.08 Mbit/s
Upload: 19.61 Mbit/s
Sun Apr 11 01:45:01 CEST 2021
Ping: 23.055 ms
Download: 184.66 Mbit/s
Upload: 19.42 Mbit/s
Sun Apr 11 02:45:01 CEST 2021
Ping: 23.986 ms
Download: 224.23 Mbit/s
Upload: 19.36 Mbit/s
Sun Apr 11 03:45:01 CEST 2021
Ping: 23.594 ms
Download: 247.84 Mbit/s
Upload: 19.48 Mbit/s
Sun Apr 11 04:45:01 CEST 2021
Ping: 25.157 ms
Download: 190.23 Mbit/s
Upload: 19.37 Mbit/s
Sun Apr 11 05:45:01 CEST 2021
Ping: 23.538 ms
Download: 213.16 Mbit/s
Upload: 19.80 Mbit/s
Sun Apr 11 06:45:01 CEST 2021
Ping: 22.165 ms
Download: 195.99 Mbit/s
Upload: 19.75 Mbit/s
Sun Apr 11 07:45:01 CEST 2021
Ping: 24.686 ms
Download: 200.19 Mbit/s
Upload: 19.76 Mbit/s
Sun Apr 11 08:45:01 CEST 2021
Ping: 22.99 ms
Download: 198.19 Mbit/s
Upload: 19.69 Mbit/s
Sun Apr 11 09:45:01 CEST 2021
Ping: 21.877 ms
Download: 170.74 Mbit/s
Upload: 19.37 Mbit/s
Sun Apr 11 10:45:01 CEST 2021
Ping: 23.869 ms
Download: 199.18 Mbit/s
Upload: 19.48 Mbit/s
Sun Apr 11 11:45:01 CEST 2021
Ping: 23.396 ms
Download: 198.53 Mbit/s
Upload: 19.79 Mbit/s
Sun Apr 11 12:45:01 CEST 2021
Ping: 26.91 ms
Download: 227.73 Mbit/s
Upload: 19.36 Mbit/s
Sun Apr 11 13:45:01 CEST 2021
Ping: 24.903 ms
Download: 207.25 Mbit/s
Upload: 19.59 Mbit/s
Sun Apr 11 14:45:01 CEST 2021
Ping: 25.261 ms
Download: 230.58 Mbit/s
Upload: 19.61 Mbit/s
Sun Apr 11 15:45:01 CEST 2021
Ping: 26.815 ms
Download: 231.68 Mbit/s
Upload: 19.01 Mbit/s
Sun Apr 11 16:45:01 CEST 2021
Ping: 25.555 ms
Download: 214.75 Mbit/s
Upload: 18.51 Mbit/s
Sun Apr 11 17:45:01 CEST 2021
Ping: 22.577 ms
Download: 221.52 Mbit/s
Upload: 19.11 Mbit/s
Sun Apr 11 18:45:01 CEST 2021
Ping: 23.914 ms
Download: 249.66 Mbit/s
Upload: 19.44 Mbit/s
Sun Apr 11 19:45:01 CEST 2021
Ping: 22.862 ms
Download: 200.77 Mbit/s
Upload: 19.06 Mbit/s
Sun Apr 11 20:45:02 CEST 2021
Ping: 26.329 ms
Download: 216.22 Mbit/s
Upload: 19.50 Mbit/s
Sun Apr 11 21:45:01 CEST 2021
Ping: 25.487 ms
Download: 262.04 Mbit/s
Upload: 19.47 Mbit/s
Sun Apr 11 22:45:02 CEST 2021
Ping: 27.846 ms
Download: 263.41 Mbit/s
Upload: 19.35 Mbit/s
Sun Apr 11 23:45:01 CEST 2021
Ping: 26.785 ms
Download: 271.23 Mbit/s
Upload: 19.49 Mbit/s
Mon Apr 12 00:45:01 CEST 2021
Ping: 25.395 ms
Download: 317.91 Mbit/s
Upload: 19.60 Mbit/s
Mon Apr 12 01:45:01 CEST 2021
Ping: 27.837 ms
Download: 259.08 Mbit/s
Upload: 19.43 Mbit/s
Mon Apr 12 02:45:01 CEST 2021
Ping: 28.994 ms
Download: 244.79 Mbit/s
Upload: 19.55 Mbit/s
Mon Apr 12 03:45:01 CEST 2021
Ping: 23.739 ms
Download: 239.82 Mbit/s
Upload: 19.73 Mbit/s
Mon Apr 12 04:45:01 CEST 2021
Ping: 25.435 ms
Download: 199.56 Mbit/s
Upload: 19.79 Mbit/s
Mon Apr 12 05:45:01 CEST 2021
Ping: 22.891 ms
Download: 189.16 Mbit/s
Upload: 19.85 Mbit/s
Mon Apr 12 06:45:01 CEST 2021
Ping: 23.087 ms
Download: 283.70 Mbit/s
Upload: 19.62 Mbit/s
Mon Apr 12 07:45:01 CEST 2021
Ping: 23.107 ms
Download: 192.44 Mbit/s
Upload: 19.30 Mbit/s
Mon Apr 12 08:45:01 CEST 2021
Ping: 24.426 ms
Download: 169.17 Mbit/s
Upload: 19.45 Mbit/s
Mon Apr 12 09:45:01 CEST 2021
Ping: 24.565 ms
Download: 293.76 Mbit/s
Upload: 19.46 Mbit/s
Mon Apr 12 10:45:01 CEST 2021
Ping: 23.34 ms
Download: 173.87 Mbit/s
Upload: 19.13 Mbit/s
Mon Apr 12 11:45:01 CEST 2021
Ping: 25.667 ms
Download: 291.02 Mbit/s
Upload: 19.32 Mbit/s
Mon Apr 12 12:45:01 CEST 2021
Ping: 24.384 ms
Download: 175.30 Mbit/s
Upload: 19.69 Mbit/s
Mon Apr 12 13:45:01 CEST 2021
Ping: 24.775 ms
Download: 186.81 Mbit/s
Upload: 19.44 Mbit/s
Mon Apr 12 14:45:02 CEST 2021
Ping: 23.938 ms
Download: 205.60 Mbit/s
Upload: 19.58 Mbit/s
Mon Apr 12 15:45:01 CEST 2021
Ping: 24.633 ms
Download: 177.22 Mbit/s
Upload: 18.91 Mbit/s
Mon Apr 12 16:45:01 CEST 2021
Ping: 21.056 ms
Download: 191.45 Mbit/s
Upload: 19.51 Mbit/s
Mon Apr 12 17:45:01 CEST 2021
Ping: 25.238 ms
Download: 264.34 Mbit/s
Upload: 19.39 Mbit/s
Mon Apr 12 18:45:01 CEST 2021
Ping: 27.24 ms
Download: 275.95 Mbit/s
Upload: 19.04 Mbit/s
Mon Apr 12 19:45:01 CEST 2021
Ping: 28.224 ms
Download: 297.23 Mbit/s
Upload: 19.25 Mbit/s
Mon Apr 12 20:45:01 CEST 2021
Ping: 28.429 ms
Download: 247.39 Mbit/s
Upload: 19.05 Mbit/s
Mon Apr 12 21:45:01 CEST 2021
Ping: 28.492 ms
Download: 256.30 Mbit/s
Upload: 18.95 Mbit/s
Mon Apr 12 22:45:01 CEST 2021
Ping: 29.904 ms
Download: 248.17 Mbit/s
Upload: 18.98 Mbit/s
Mon Apr 12 23:45:01 CEST 2021
Ping: 28.631 ms
Download: 215.53 Mbit/s
Upload: 19.06 Mbit/s
Tue Apr 13 00:45:01 CEST 2021
Ping: 31.701 ms
Download: 226.45 Mbit/s
Upload: 19.38 Mbit/s
Tue Apr 13 01:45:01 CEST 2021
Ping: 33.917 ms
Download: 111.61 Mbit/s
Upload: 18.58 Mbit/s
Tue Apr 13 02:45:01 CEST 2021
Ping: 30.797 ms
Download: 216.86 Mbit/s
Upload: 19.75 Mbit/s
Tue Apr 13 03:45:01 CEST 2021
Ping: 24.226 ms
Download: 231.76 Mbit/s
Upload: 19.29 Mbit/s
Tue Apr 13 04:45:01 CEST 2021
Ping: 24.788 ms
Download: 196.34 Mbit/s
Upload: 19.33 Mbit/s
Tue Apr 13 05:45:01 CEST 2021
Ping: 24.549 ms
Download: 238.88 Mbit/s
Upload: 19.46 Mbit/s
Tue Apr 13 06:45:01 CEST 2021
Ping: 24.0 ms
Download: 195.89 Mbit/s
Upload: 19.59 Mbit/s
Tue Apr 13 07:45:01 CEST 2021
Ping: 26.798 ms
Download: 183.49 Mbit/s
Upload: 19.58 Mbit/s
Tue Apr 13 08:45:01 CEST 2021
Ping: 24.331 ms
Download: 175.21 Mbit/s
Upload: 19.50 Mbit/s
Tue Apr 13 09:45:01 CEST 2021
Ping: 27.132 ms
Download: 180.57 Mbit/s
Upload: 18.94 Mbit/s
Tue Apr 13 10:45:01 CEST 2021
Ping: 25.951 ms
Download: 176.51 Mbit/s
Upload: 18.78 Mbit/s
Tue Apr 13 11:45:01 CEST 2021
Ping: 23.394 ms
Download: 274.92 Mbit/s
Upload: 19.77 Mbit/s
Tue Apr 13 12:45:01 CEST 2021
Ping: 38.369 ms
Download: 205.57 Mbit/s
Upload: 15.73 Mbit/s
Tue Apr 13 13:45:01 CEST 2021
Ping: 25.56 ms
Download: 231.77 Mbit/s
Upload: 19.28 Mbit/s
Tue Apr 13 14:45:01 CEST 2021
Ping: 25.113 ms
Download: 194.55 Mbit/s
Upload: 19.25 Mbit/s
Tue Apr 13 15:45:01 CEST 2021
Ping: 25.56 ms
Download: 193.73 Mbit/s
Upload: 19.44 Mbit/s
Tue Apr 13 16:45:01 CEST 2021
Ping: 25.879 ms
Download: 203.44 Mbit/s
Upload: 18.99 Mbit/s
Tue Apr 13 17:45:01 CEST 2021
Ping: 23.91 ms
Download: 202.09 Mbit/s
Upload: 19.55 Mbit/s
Tue Apr 13 18:45:01 CEST 2021
Ping: 24.114 ms
Download: 204.85 Mbit/s
Upload: 19.49 Mbit/s
Tue Apr 13 19:45:01 CEST 2021
Ping: 26.323 ms
Download: 237.46 Mbit/s
Upload: 19.44 Mbit/s
Tue Apr 13 20:45:01 CEST 2021
Ping: 27.18 ms
Download: 270.94 Mbit/s
Upload: 19.76 Mbit/s
Tue Apr 13 21:45:01 CEST 2021
Ping: 24.6 ms
Download: 188.32 Mbit/s
Upload: 19.27 Mbit/s
Tue Apr 13 22:45:01 CEST 2021
Ping: 23.941 ms
Download: 175.03 Mbit/s
Upload: 18.28 Mbit/s
Tue Apr 13 23:45:01 CEST 2021
Ping: 25.449 ms
Download: 259.77 Mbit/s
Upload: 19.66 Mbit/s
Wed Apr 14 00:45:01 CEST 2021
Ping: 24.644 ms
Download: 264.41 Mbit/s
Upload: 19.20 Mbit/s
Wed Apr 14 01:45:01 CEST 2021
Ping: 23.218 ms
Download: 154.85 Mbit/s
Upload: 19.19 Mbit/s
Wed Apr 14 02:45:01 CEST 2021
Ping: 23.265 ms
Download: 242.46 Mbit/s
Upload: 19.75 Mbit/s
Wed Apr 14 03:45:01 CEST 2021
Ping: 26.944 ms
Download: 287.04 Mbit/s
Upload: 19.24 Mbit/s
Wed Apr 14 04:45:01 CEST 2021
Ping: 25.54 ms
Download: 246.80 Mbit/s
Upload: 18.76 Mbit/s
Wed Apr 14 05:45:01 CEST 2021
Ping: 27.515 ms
Download: 243.25 Mbit/s
Upload: 19.45 Mbit/s
Wed Apr 14 06:45:01 CEST 2021
Ping: 23.048 ms
Download: 222.41 Mbit/s
Upload: 19.16 Mbit/s
Wed Apr 14 07:45:01 CEST 2021
Ping: 24.017 ms
Download: 173.38 Mbit/s
Upload: 19.58 Mbit/s
Wed Apr 14 08:45:01 CEST 2021
Ping: 24.078 ms
Download: 182.26 Mbit/s
Upload: 19.23 Mbit/s
Wed Apr 14 09:45:01 CEST 2021
Ping: 205.891 ms
Download: 38.89 Mbit/s
Upload: 7.12 Mbit/s
Wed Apr 14 10:45:01 CEST 2021
Ping: 202.079 ms
Download: 17.46 Mbit/s
Upload: 5.68 Mbit/s
Wed Apr 14 11:45:01 CEST 2021
Ping: 207.046 ms
Download: 39.27 Mbit/s
Upload: 3.53 Mbit/s
Wed Apr 14 12:45:02 CEST 2021
Ping: 25.496 ms
Download: 184.14 Mbit/s
Upload: 16.37 Mbit/s
Wed Apr 14 13:45:01 CEST 2021
Ping: 23.687 ms
Download: 194.63 Mbit/s
Upload: 19.63 Mbit/s
Wed Apr 14 14:45:01 CEST 2021
Ping: 24.297 ms
Download: 183.52 Mbit/s
Upload: 19.12 Mbit/s
Wed Apr 14 15:45:01 CEST 2021
Ping: 25.285 ms
Download: 170.69 Mbit/s
Upload: 19.59 Mbit/s
Wed Apr 14 16:45:01 CEST 2021
Ping: 25.207 ms
Download: 255.45 Mbit/s
Upload: 19.51 Mbit/s
Wed Apr 14 17:45:01 CEST 2021
Ping: 24.085 ms
Download: 195.87 Mbit/s
Upload: 19.30 Mbit/s
Wed Apr 14 18:45:01 CEST 2021
Ping: 25.362 ms
Download: 192.52 Mbit/s
Upload: 19.19 Mbit/s
Wed Apr 14 19:45:01 CEST 2021
Ping: 25.703 ms
Download: 185.46 Mbit/s
Upload: 19.14 Mbit/s
Wed Apr 14 20:45:01 CEST 2021
Ping: 27.408 ms
Download: 175.30 Mbit/s
Upload: 19.64 Mbit/s
Wed Apr 14 21:45:01 CEST 2021
Ping: 25.578 ms
Download: 231.54 Mbit/s
Upload: 19.45 Mbit/s
Wed Apr 14 22:45:01 CEST 2021
Ping: 26.159 ms
Download: 192.30 Mbit/s
Upload: 19.34 Mbit/s
Wed Apr 14 23:45:01 CEST 2021
Ping: 25.91 ms
Download: 232.24 Mbit/s
Upload: 18.80 Mbit/s
Thu Apr 15 00:45:01 CEST 2021
Ping: 25.177 ms
Download: 274.39 Mbit/s
Upload: 19.47 Mbit/s
Thu Apr 15 01:45:01 CEST 2021
Ping: 27.305 ms
Download: 207.56 Mbit/s
Upload: 19.84 Mbit/s
Thu Apr 15 02:45:01 CEST 2021
Ping: 24.022 ms
Download: 205.00 Mbit/s
Upload: 19.61 Mbit/s
Thu Apr 15 03:45:01 CEST 2021
Ping: 25.057 ms
Download: 262.82 Mbit/s
Upload: 19.22 Mbit/s
Thu Apr 15 04:45:01 CEST 2021
Ping: 25.531 ms
Download: 294.62 Mbit/s
Upload: 19.23 Mbit/s
Thu Apr 15 05:45:01 CEST 2021
Ping: 24.242 ms
Download: 265.07 Mbit/s
Upload: 19.43 Mbit/s
Thu Apr 15 06:45:01 CEST 2021
Ping: 23.785 ms
Download: 182.13 Mbit/s
Upload: 19.01 Mbit/s
Thu Apr 15 07:45:01 CEST 2021
Ping: 25.316 ms
Download: 233.49 Mbit/s
Upload: 19.01 Mbit/s
Thu Apr 15 08:45:01 CEST 2021
Ping: 23.842 ms
Download: 190.65 Mbit/s
Upload: 19.34 Mbit/s
Thu Apr 15 09:45:01 CEST 2021
Ping: 23.043 ms
Download: 164.91 Mbit/s
Upload: 19.26 Mbit/s
Thu Apr 15 10:45:01 CEST 2021
Ping: 23.253 ms
Download: 177.30 Mbit/s
Upload: 19.54 Mbit/s
Thu Apr 15 11:45:01 CEST 2021
Ping: 25.712 ms
Download: 193.76 Mbit/s
Upload: 19.18 Mbit/s
Thu Apr 15 12:45:01 CEST 2021
Ping: 23.051 ms
Download: 177.15 Mbit/s
Upload: 19.55 Mbit/s
Thu Apr 15 13:45:01 CEST 2021
Ping: 26.089 ms
Download: 189.19 Mbit/s
Upload: 19.04 Mbit/s
Thu Apr 15 14:45:01 CEST 2021
Ping: 23.208 ms
Download: 199.51 Mbit/s
Upload: 19.28 Mbit/s
Thu Apr 15 15:45:01 CEST 2021
Ping: 26.098 ms
Download: 179.43 Mbit/s
Upload: 19.67 Mbit/s
Thu Apr 15 16:45:01 CEST 2021
Ping: 23.903 ms
Download: 216.39 Mbit/s
Upload: 19.35 Mbit/s
Thu Apr 15 17:45:01 CEST 2021
Ping: 25.548 ms
Download: 176.15 Mbit/s
Upload: 19.41 Mbit/s
Thu Apr 15 18:45:01 CEST 2021
Ping: 27.099 ms
Download: 231.86 Mbit/s
Upload: 19.54 Mbit/s
Thu Apr 15 19:45:01 CEST 2021
Ping: 23.703 ms
Download: 215.77 Mbit/s
Upload: 19.09 Mbit/s
Thu Apr 15 20:45:01 CEST 2021
Ping: 24.011 ms
Download: 178.68 Mbit/s
Upload: 19.62 Mbit/s
Thu Apr 15 21:45:01 CEST 2021
Ping: 23.577 ms
Download: 270.92 Mbit/s
Upload: 19.53 Mbit/s
Thu Apr 15 22:45:01 CEST 2021
Ping: 24.596 ms
Download: 205.89 Mbit/s
Upload: 19.72 Mbit/s
Thu Apr 15 23:45:01 CEST 2021
Ping: 24.927 ms
Download: 245.65 Mbit/s
Upload: 19.49 Mbit/s
Fri Apr 16 00:45:01 CEST 2021
Ping: 24.163 ms
Download: 235.17 Mbit/s
Upload: 19.63 Mbit/s
Fri Apr 16 01:45:01 CEST 2021
Ping: 23.266 ms
Download: 243.62 Mbit/s
Upload: 19.65 Mbit/s
Fri Apr 16 02:45:02 CEST 2021
Ping: 23.407 ms
Download: 176.34 Mbit/s
Upload: 19.81 Mbit/s
Fri Apr 16 03:45:01 CEST 2021
Ping: 22.13 ms
Download: 197.06 Mbit/s
Upload: 19.58 Mbit/s
Fri Apr 16 04:45:01 CEST 2021
Ping: 23.94 ms
Download: 177.09 Mbit/s
Upload: 19.85 Mbit/s
Fri Apr 16 05:45:01 CEST 2021
Ping: 24.278 ms
Download: 194.06 Mbit/s
Upload: 19.63 Mbit/s
Fri Apr 16 06:45:01 CEST 2021
Ping: 24.233 ms
Download: 201.98 Mbit/s
Upload: 19.31 Mbit/s
Fri Apr 16 07:45:01 CEST 2021
Ping: 25.356 ms
Download: 223.03 Mbit/s
Upload: 19.79 Mbit/s
Fri Apr 16 08:45:01 CEST 2021
Ping: 23.5 ms
Download: 171.22 Mbit/s
Upload: 19.69 Mbit/s
Fri Apr 16 09:45:01 CEST 2021
Ping: 23.863 ms
Download: 190.29 Mbit/s
Upload: 19.55 Mbit/s
Fri Apr 16 10:45:01 CEST 2021
Ping: 25.69 ms
Download: 165.28 Mbit/s
Upload: 19.73 Mbit/s
Fri Apr 16 11:45:01 CEST 2021
Ping: 23.706 ms
Download: 170.39 Mbit/s
Upload: 19.42 Mbit/s
Fri Apr 16 12:45:01 CEST 2021
Ping: 23.68 ms
Download: 212.82 Mbit/s
Upload: 17.50 Mbit/s
Fri Apr 16 13:45:01 CEST 2021
Ping: 24.37 ms
Download: 179.08 Mbit/s
Upload: 19.15 Mbit/s
Fri Apr 16 14:45:01 CEST 2021
Ping: 27.48 ms
Download: 193.51 Mbit/s
Upload: 19.65 Mbit/s
Fri Apr 16 15:45:01 CEST 2021
Ping: 27.026 ms
Download: 178.23 Mbit/s
Upload: 19.61 Mbit/s
Fri Apr 16 16:45:01 CEST 2021
Ping: 28.181 ms
Download: 263.99 Mbit/s
Upload: 19.28 Mbit/s
Fri Apr 16 17:45:02 CEST 2021
Ping: 24.789 ms
Download: 182.61 Mbit/s
Upload: 19.74 Mbit/s
Fri Apr 16 18:45:01 CEST 2021
Ping: 24.213 ms
Download: 174.07 Mbit/s
Upload: 19.26 Mbit/s
Fri Apr 16 19:45:01 CEST 2021
Ping: 23.283 ms
Download: 282.35 Mbit/s
Upload: 19.04 Mbit/s
Fri Apr 16 20:45:01 CEST 2021
Ping: 26.068 ms
Download: 193.12 Mbit/s
Upload: 19.45 Mbit/s
Fri Apr 16 21:45:01 CEST 2021
Ping: 24.861 ms
Download: 198.75 Mbit/s
Upload: 19.31 Mbit/s
Fri Apr 16 22:45:01 CEST 2021
Ping: 24.869 ms
Download: 183.80 Mbit/s
Upload: 19.64 Mbit/s
Fri Apr 16 23:45:01 CEST 2021
Ping: 24.894 ms
Download: 260.36 Mbit/s
Upload: 19.27 Mbit/s
Sat Apr 17 00:45:01 CEST 2021
Ping: 26.748 ms
Download: 211.56 Mbit/s
Upload: 19.37 Mbit/s
Sat Apr 17 01:45:01 CEST 2021
Ping: 25.137 ms
Download: 171.18 Mbit/s
Upload: 19.70 Mbit/s
Sat Apr 17 02:45:02 CEST 2021
Ping: 26.75 ms
Download: 214.82 Mbit/s
Upload: 19.72 Mbit/s
Sat Apr 17 03:45:01 CEST 2021
Ping: 24.64 ms
Download: 187.80 Mbit/s
Upload: 19.35 Mbit/s
Sat Apr 17 04:45:01 CEST 2021
Ping: 23.75 ms
Download: 258.30 Mbit/s
Upload: 19.14 Mbit/s
Sat Apr 17 05:45:01 CEST 2021
Ping: 23.337 ms
Download: 214.35 Mbit/s
Upload: 19.70 Mbit/s
Sat Apr 17 06:45:01 CEST 2021
Ping: 23.192 ms
Download: 180.44 Mbit/s
Upload: 19.69 Mbit/s
Sat Apr 17 07:45:01 CEST 2021
Ping: 25.972 ms
Download: 245.44 Mbit/s
Upload: 19.77 Mbit/s
Sat Apr 17 08:45:01 CEST 2021
Ping: 22.944 ms
Download: 196.85 Mbit/s
Upload: 19.57 Mbit/s
Sat Apr 17 09:45:01 CEST 2021
Ping: 23.549 ms
Download: 186.23 Mbit/s
Upload: 19.68 Mbit/s
Sat Apr 17 10:45:01 CEST 2021
Ping: 24.713 ms
Download: 192.83 Mbit/s
Upload: 19.48 Mbit/s
Sat Apr 17 11:45:01 CEST 2021
Ping: 26.105 ms
Download: 195.94 Mbit/s
Upload: 19.16 Mbit/s
Sat Apr 17 12:45:01 CEST 2021
Ping: 23.404 ms
Download: 302.81 Mbit/s
Upload: 19.16 Mbit/s
Sat Apr 17 13:45:02 CEST 2021
Ping: 21.493 ms
Download: 227.91 Mbit/s
Upload: 19.04 Mbit/s
Sat Apr 17 14:45:01 CEST 2021
Ping: 20.857 ms
Download: 252.66 Mbit/s
Upload: 19.27 Mbit/s
Sat Apr 17 15:45:01 CEST 2021
Ping: 23.694 ms
Download: 202.69 Mbit/s
Upload: 19.40 Mbit/s
Sat Apr 17 16:45:01 CEST 2021
Ping: 24.934 ms
Download: 185.75 Mbit/s
Upload: 19.39 Mbit/s
Sat Apr 17 17:45:01 CEST 2021
Ping: 23.88 ms
Download: 189.12 Mbit/s
Upload: 19.56 Mbit/s
Sat Apr 17 18:45:01 CEST 2021
Ping: 27.796 ms
Download: 216.26 Mbit/s
Upload: 19.79 Mbit/s
Sat Apr 17 19:45:01 CEST 2021
Ping: 25.993 ms
Download: 199.49 Mbit/s
Upload: 18.72 Mbit/s
Sat Apr 17 20:45:01 CEST 2021
Ping: 26.339 ms
Download: 190.52 Mbit/s
Upload: 19.03 Mbit/s
Sat Apr 17 21:45:01 CEST 2021
Ping: 25.68 ms
Download: 165.13 Mbit/s
Upload: 19.72 Mbit/s
Sat Apr 17 22:45:01 CEST 2021
Ping: 24.044 ms
Download: 193.93 Mbit/s
Upload: 18.46 Mbit/s
Sat Apr 17 23:45:01 CEST 2021
Ping: 27.043 ms
Download: 242.52 Mbit/s
Upload: 19.64 Mbit/s
Sun Apr 18 00:45:01 CEST 2021
Ping: 24.223 ms
Download: 186.42 Mbit/s
Upload: 19.55 Mbit/s
Sun Apr 18 01:45:01 CEST 2021
Ping: 24.526 ms
Download: 185.16 Mbit/s
Upload: 19.42 Mbit/s
Sun Apr 18 02:45:01 CEST 2021
Ping: 26.123 ms
Download: 188.06 Mbit/s
Upload: 19.59 Mbit/s
Sun Apr 18 03:45:01 CEST 2021
Ping: 24.718 ms
Download: 220.74 Mbit/s
Upload: 19.70 Mbit/s
Sun Apr 18 04:45:01 CEST 2021
Ping: 26.0 ms
Download: 179.95 Mbit/s
Upload: 19.73 Mbit/s
Sun Apr 18 05:45:01 CEST 2021
Ping: 25.25 ms
Download: 205.57 Mbit/s
Upload: 19.58 Mbit/s
Sun Apr 18 06:45:01 CEST 2021
Ping: 26.379 ms
Download: 220.15 Mbit/s
Upload: 19.40 Mbit/s
Sun Apr 18 07:45:02 CEST 2021
Ping: 25.962 ms
Download: 232.07 Mbit/s
Upload: 19.33 Mbit/s
Sun Apr 18 08:45:01 CEST 2021
Ping: 24.522 ms
Download: 198.85 Mbit/s
Upload: 19.06 Mbit/s
Sun Apr 18 09:45:02 CEST 2021
Ping: 24.788 ms
Download: 197.72 Mbit/s
Upload: 19.67 Mbit/s
Sun Apr 18 10:45:01 CEST 2021
Ping: 26.415 ms
Download: 219.94 Mbit/s
Upload: 19.61 Mbit/s
Sun Apr 18 11:45:01 CEST 2021
Ping: 23.534 ms
Download: 209.25 Mbit/s
Upload: 19.23 Mbit/s
Sun Apr 18 12:45:01 CEST 2021
Ping: 24.831 ms
Download: 187.10 Mbit/s
Upload: 19.60 Mbit/s
Sun Apr 18 13:45:01 CEST 2021
Ping: 25.613 ms
Download: 198.51 Mbit/s
Upload: 19.61 Mbit/s
Sun Apr 18 14:45:01 CEST 2021
Ping: 26.118 ms
Download: 210.73 Mbit/s
Upload: 19.43 Mbit/s
Sun Apr 18 15:45:01 CEST 2021
Ping: 24.371 ms
Download: 182.32 Mbit/s
Upload: 19.68 Mbit/s
Sun Apr 18 16:45:01 CEST 2021
Ping: 25.367 ms
Download: 171.70 Mbit/s
Upload: 18.96 Mbit/s
Sun Apr 18 17:45:01 CEST 2021
Ping: 24.688 ms
Download: 200.05 Mbit/s
Upload: 19.71 Mbit/s
Sun Apr 18 18:45:01 CEST 2021
Ping: 24.28 ms
Download: 182.50 Mbit/s
Upload: 18.23 Mbit/s
Sun Apr 18 19:45:01 CEST 2021
Ping: 25.87 ms
Download: 216.01 Mbit/s
Upload: 17.58 Mbit/s
Sun Apr 18 20:45:01 CEST 2021
Ping: 26.308 ms
Download: 151.07 Mbit/s
Upload: 19.11 Mbit/s
Sun Apr 18 21:45:01 CEST 2021
Ping: 26.628 ms
Download: 206.98 Mbit/s
Upload: 19.81 Mbit/s
Sun Apr 18 22:45:01 CEST 2021
Ping: 24.286 ms
Download: 228.85 Mbit/s
Upload: 19.04 Mbit/s
Sun Apr 18 23:45:01 CEST 2021
Ping: 24.906 ms
Download: 191.84 Mbit/s
Upload: 19.47 Mbit/s
Mon Apr 19 00:45:01 CEST 2021
Ping: 28.254 ms
Download: 299.40 Mbit/s
Upload: 19.24 Mbit/s
Mon Apr 19 01:45:01 CEST 2021
Ping: 25.365 ms
Download: 205.19 Mbit/s
Upload: 19.32 Mbit/s
Mon Apr 19 02:45:01 CEST 2021
Ping: 26.168 ms
Download: 177.33 Mbit/s
Upload: 19.80 Mbit/s
Mon Apr 19 03:45:01 CEST 2021
Ping: 24.633 ms
Download: 183.27 Mbit/s
Upload: 19.59 Mbit/s
Mon Apr 19 04:45:02 CEST 2021
Ping: 23.689 ms
Download: 175.84 Mbit/s
Upload: 19.63 Mbit/s
Mon Apr 19 05:45:01 CEST 2021
Ping: 23.576 ms
Download: 254.64 Mbit/s
Upload: 18.96 Mbit/s
Mon Apr 19 06:45:01 CEST 2021
Ping: 25.652 ms
Download: 215.14 Mbit/s
Upload: 19.39 Mbit/s
Mon Apr 19 07:45:01 CEST 2021
Ping: 24.508 ms
Download: 179.74 Mbit/s
Upload: 19.45 Mbit/s
Mon Apr 19 08:45:01 CEST 2021
Ping: 24.311 ms
Download: 211.11 Mbit/s
Upload: 19.46 Mbit/s
Mon Apr 19 09:45:01 CEST 2021
Ping: 25.328 ms
Download: 188.27 Mbit/s
Upload: 19.47 Mbit/s
Mon Apr 19 10:45:01 CEST 2021
Ping: 23.487 ms
Download: 161.82 Mbit/s
Upload: 19.68 Mbit/s
Mon Apr 19 11:45:01 CEST 2021
Ping: 26.283 ms
Download: 220.85 Mbit/s
Upload: 19.22 Mbit/s
Mon Apr 19 12:45:01 CEST 2021
Ping: 26.69 ms
Download: 197.50 Mbit/s
Upload: 18.81 Mbit/s
Mon Apr 19 13:45:01 CEST 2021
Ping: 24.546 ms
Download: 168.47 Mbit/s
Upload: 19.73 Mbit/s
Mon Apr 19 14:45:01 CEST 2021
Ping: 26.166 ms
Download: 207.63 Mbit/s
Upload: 19.20 Mbit/s
Mon Apr 19 15:45:01 CEST 2021
Ping: 26.454 ms
Download: 194.59 Mbit/s
Upload: 19.61 Mbit/s
Mon Apr 19 16:45:01 CEST 2021
Ping: 23.124 ms
Download: 171.06 Mbit/s
Upload: 19.63 Mbit/s
Mon Apr 19 17:45:01 CEST 2021
Ping: 27.035 ms
Download: 202.29 Mbit/s
Upload: 19.59 Mbit/s
Mon Apr 19 18:45:01 CEST 2021
Ping: 25.962 ms
Download: 181.43 Mbit/s
Upload: 19.31 Mbit/s
Mon Apr 19 19:45:01 CEST 2021
Ping: 27.827 ms
Download: 290.68 Mbit/s
Upload: 19.07 Mbit/s
Mon Apr 19 20:45:01 CEST 2021
Ping: 24.571 ms
Download: 194.49 Mbit/s
Upload: 18.52 Mbit/s
Mon Apr 19 21:45:01 CEST 2021
Ping: 25.266 ms
Download: 184.63 Mbit/s
Upload: 19.63 Mbit/s
Mon Apr 19 22:45:01 CEST 2021
Ping: 25.633 ms
Download: 192.12 Mbit/s
Upload: 19.42 Mbit/s
Mon Apr 19 23:45:01 CEST 2021
Ping: 23.613 ms
Download: 182.61 Mbit/s
Upload: 18.98 Mbit/s
Tue Apr 20 00:45:01 CEST 2021
Ping: 24.854 ms
Download: 177.37 Mbit/s
Upload: 19.55 Mbit/s
Tue Apr 20 01:45:02 CEST 2021
Ping: 26.184 ms
Download: 278.53 Mbit/s
Upload: 19.68 Mbit/s
Tue Apr 20 02:45:01 CEST 2021
Ping: 25.82 ms
Download: 186.91 Mbit/s
Upload: 19.46 Mbit/s
Tue Apr 20 03:45:01 CEST 2021
Ping: 24.196 ms
Download: 195.78 Mbit/s
Upload: 19.59 Mbit/s
Tue Apr 20 04:45:01 CEST 2021
Ping: 25.289 ms
Download: 207.90 Mbit/s
Upload: 19.83 Mbit/s
Tue Apr 20 05:45:01 CEST 2021
Ping: 24.704 ms
Download: 176.42 Mbit/s
Upload: 19.66 Mbit/s
Tue Apr 20 06:45:01 CEST 2021
Ping: 23.907 ms
Download: 157.03 Mbit/s
Upload: 19.40 Mbit/s
Tue Apr 20 07:45:02 CEST 2021
Ping: 26.982 ms
Download: 196.46 Mbit/s
Upload: 19.44 Mbit/s
Tue Apr 20 08:45:01 CEST 2021
Ping: 26.893 ms
Download: 184.82 Mbit/s
Upload: 18.47 Mbit/s
Tue Apr 20 09:45:01 CEST 2021
Ping: 23.043 ms
Download: 168.87 Mbit/s
Upload: 19.57 Mbit/s
Tue Apr 20 10:45:02 CEST 2021
Ping: 25.253 ms
Download: 180.48 Mbit/s
Upload: 19.31 Mbit/s
Tue Apr 20 11:45:01 CEST 2021
Ping: 25.416 ms
Download: 182.48 Mbit/s
Upload: 19.48 Mbit/s
Tue Apr 20 12:45:01 CEST 2021
Ping: 26.583 ms
Download: 212.69 Mbit/s
Upload: 19.61 Mbit/s
Tue Apr 20 13:45:01 CEST 2021
Ping: 28.447 ms
Download: 258.39 Mbit/s
Upload: 19.55 Mbit/s
Tue Apr 20 14:45:01 CEST 2021
Ping: 26.654 ms
Download: 239.81 Mbit/s
Upload: 19.39 Mbit/s
Tue Apr 20 15:45:01 CEST 2021
Ping: 29.096 ms
Download: 276.89 Mbit/s
Upload: 18.88 Mbit/s
Tue Apr 20 16:45:01 CEST 2021
Ping: 26.504 ms
Download: 279.12 Mbit/s
Upload: 19.54 Mbit/s
Tue Apr 20 17:45:01 CEST 2021
Ping: 28.315 ms
Download: 273.95 Mbit/s
Upload: 19.42 Mbit/s
Tue Apr 20 18:45:01 CEST 2021
Ping: 31.235 ms
Download: 231.59 Mbit/s
Upload: 19.04 Mbit/s
Tue Apr 20 19:45:01 CEST 2021
Ping: 28.354 ms
Download: 261.48 Mbit/s
Upload: 19.69 Mbit/s
Tue Apr 20 20:45:01 CEST 2021
Ping: 26.082 ms
Download: 308.48 Mbit/s
Upload: 18.78 Mbit/s
Tue Apr 20 21:45:01 CEST 2021
Ping: 25.913 ms
Download: 220.64 Mbit/s
Upload: 19.69 Mbit/s
Tue Apr 20 22:45:01 CEST 2021
Ping: 26.588 ms
Download: 185.88 Mbit/s
Upload: 19.22 Mbit/s
Tue Apr 20 23:45:01 CEST 2021
Ping: 23.375 ms
Download: 209.82 Mbit/s
Upload: 19.31 Mbit/s
Wed Apr 21 00:45:02 CEST 2021
Ping: 24.835 ms
Download: 264.27 Mbit/s
Upload: 19.87 Mbit/s
Wed Apr 21 01:45:01 CEST 2021
Ping: 20.536 ms
Download: 228.79 Mbit/s
Upload: 19.14 Mbit/s
Wed Apr 21 02:45:01 CEST 2021
Ping: 21.848 ms
Download: 234.59 Mbit/s
Upload: 19.34 Mbit/s
Wed Apr 21 03:45:01 CEST 2021
Ping: 25.459 ms
Download: 186.44 Mbit/s
Upload: 19.64 Mbit/s
Wed Apr 21 04:45:01 CEST 2021
Ping: 22.528 ms
Download: 225.11 Mbit/s
Upload: 19.66 Mbit/s
Wed Apr 21 05:45:01 CEST 2021
Ping: 24.824 ms
Download: 202.81 Mbit/s
Upload: 19.52 Mbit/s
Wed Apr 21 06:45:01 CEST 2021
Ping: 24.143 ms
Download: 246.60 Mbit/s
Upload: 19.58 Mbit/s
Wed Apr 21 07:45:01 CEST 2021
Ping: 23.569 ms
Download: 183.33 Mbit/s
Upload: 19.71 Mbit/s
Wed Apr 21 08:45:01 CEST 2021
Ping: 25.517 ms
Download: 175.19 Mbit/s
Upload: 19.37 Mbit/s
Wed Apr 21 09:45:01 CEST 2021
Ping: 26.734 ms
Download: 244.30 Mbit/s
Upload: 19.65 Mbit/s
Wed Apr 21 10:45:02 CEST 2021
Ping: 24.128 ms
Download: 181.66 Mbit/s
Upload: 16.71 Mbit/s
Wed Apr 21 11:45:01 CEST 2021
Ping: 23.376 ms
Download: 179.97 Mbit/s
Upload: 19.41 Mbit/s
Wed Apr 21 12:45:01 CEST 2021
Ping: 25.082 ms
Download: 200.53 Mbit/s
Upload: 19.74 Mbit/s
Wed Apr 21 13:45:01 CEST 2021
Ping: 23.736 ms
Download: 190.68 Mbit/s
Upload: 19.50 Mbit/s
Wed Apr 21 14:45:01 CEST 2021
Ping: 23.547 ms
Download: 177.91 Mbit/s
Upload: 19.76 Mbit/s
Wed Apr 21 15:45:01 CEST 2021
Ping: 24.219 ms
Download: 196.42 Mbit/s
Upload: 18.79 Mbit/s
Wed Apr 21 16:45:01 CEST 2021
Ping: 23.476 ms
Download: 180.90 Mbit/s
Upload: 19.44 Mbit/s
Wed Apr 21 17:45:01 CEST 2021
Ping: 24.713 ms
Download: 211.72 Mbit/s
Upload: 19.21 Mbit/s
Wed Apr 21 18:45:01 CEST 2021
Ping: 26.128 ms
Download: 185.31 Mbit/s
Upload: 19.29 Mbit/s
Wed Apr 21 19:45:01 CEST 2021
Ping: 24.989 ms
Download: 229.81 Mbit/s
Upload: 18.47 Mbit/s
Wed Apr 21 20:45:01 CEST 2021
Ping: 23.696 ms
Download: 185.14 Mbit/s
Upload: 19.47 Mbit/s
Wed Apr 21 21:45:02 CEST 2021
Ping: 26.079 ms
Download: 176.71 Mbit/s
Upload: 19.67 Mbit/s
Wed Apr 21 22:45:01 CEST 2021
Ping: 25.772 ms
Download: 204.67 Mbit/s
Upload: 19.39 Mbit/s
Wed Apr 21 23:45:02 CEST 2021
Ping: 24.139 ms
Download: 173.17 Mbit/s
Upload: 19.11 Mbit/s
Thu Apr 22 00:45:01 CEST 2021
Ping: 24.217 ms
Download: 196.25 Mbit/s
Upload: 19.76 Mbit/s
Thu Apr 22 01:45:01 CEST 2021
Ping: 25.693 ms
Download: 233.37 Mbit/s
Upload: 19.46 Mbit/s
Thu Apr 22 02:45:01 CEST 2021
Ping: 24.322 ms
Download: 197.18 Mbit/s
Upload: 19.51 Mbit/s
Thu Apr 22 03:45:01 CEST 2021
Ping: 24.438 ms
Download: 239.65 Mbit/s
Upload: 19.60 Mbit/s
Thu Apr 22 04:45:02 CEST 2021
Ping: 23.112 ms
Download: 206.90 Mbit/s
Upload: 19.65 Mbit/s
Thu Apr 22 05:45:01 CEST 2021
Ping: 23.547 ms
Download: 197.88 Mbit/s
Upload: 18.13 Mbit/s
Thu Apr 22 06:45:01 CEST 2021
Ping: 25.018 ms
Download: 183.76 Mbit/s
Upload: 19.75 Mbit/s
Thu Apr 22 07:45:01 CEST 2021
Ping: 24.576 ms
Download: 222.71 Mbit/s
Upload: 19.17 Mbit/s
Thu Apr 22 08:45:01 CEST 2021
Ping: 24.25 ms
Download: 289.60 Mbit/s
Upload: 19.50 Mbit/s
Thu Apr 22 09:45:01 CEST 2021
Ping: 24.727 ms
Download: 169.39 Mbit/s
Upload: 18.91 Mbit/s
Thu Apr 22 10:45:01 CEST 2021
Ping: 23.891 ms
Download: 181.89 Mbit/s
Upload: 18.93 Mbit/s
Thu Apr 22 11:45:01 CEST 2021
Ping: 23.254 ms
Download: 196.94 Mbit/s
Upload: 19.41 Mbit/s
Thu Apr 22 12:45:01 CEST 2021
Ping: 25.307 ms
Download: 168.44 Mbit/s
Upload: 19.44 Mbit/s
Thu Apr 22 13:45:01 CEST 2021
Ping: 25.148 ms
Download: 154.03 Mbit/s
Upload: 19.54 Mbit/s
Thu Apr 22 14:45:01 CEST 2021
Ping: 23.668 ms
Download: 168.88 Mbit/s
Upload: 19.37 Mbit/s
Thu Apr 22 15:45:01 CEST 2021
Ping: 25.005 ms
Download: 191.29 Mbit/s
Upload: 18.56 Mbit/s
Thu Apr 22 16:45:01 CEST 2021
Ping: 26.347 ms
Download: 181.75 Mbit/s
Upload: 19.39 Mbit/s
Thu Apr 22 17:45:02 CEST 2021
Ping: 25.764 ms
Download: 210.44 Mbit/s
Upload: 19.55 Mbit/s
Thu Apr 22 18:45:01 CEST 2021
Ping: 26.331 ms
Download: 247.43 Mbit/s
Upload: 19.64 Mbit/s
Thu Apr 22 19:45:01 CEST 2021
Ping: 25.96 ms
Download: 181.51 Mbit/s
Upload: 19.25 Mbit/s
Thu Apr 22 20:45:01 CEST 2021
Ping: 27.58 ms
Download: 297.56 Mbit/s
Upload: 19.54 Mbit/s
Thu Apr 22 21:45:01 CEST 2021
Ping: 24.559 ms
Download: 233.08 Mbit/s
Upload: 19.33 Mbit/s
Thu Apr 22 22:45:01 CEST 2021
Ping: 23.68 ms
Download: 181.07 Mbit/s
Upload: 19.41 Mbit/s
Thu Apr 22 23:45:02 CEST 2021
Ping: 23.777 ms
Download: 175.96 Mbit/s
Upload: 19.66 Mbit/s
Fri Apr 23 00:45:01 CEST 2021
Ping: 24.805 ms
Download: 216.19 Mbit/s
Upload: 19.47 Mbit/s
Fri Apr 23 01:45:01 CEST 2021
Ping: 24.651 ms
Download: 193.45 Mbit/s
Upload: 19.59 Mbit/s
Fri Apr 23 02:45:01 CEST 2021
Ping: 24.398 ms
Download: 136.66 Mbit/s
Upload: 19.75 Mbit/s
Fri Apr 23 03:45:01 CEST 2021
Ping: 24.477 ms
Download: 202.58 Mbit/s
Upload: 19.73 Mbit/s
Fri Apr 23 04:45:01 CEST 2021
Ping: 24.014 ms
Download: 201.04 Mbit/s
Upload: 19.88 Mbit/s
Fri Apr 23 05:45:02 CEST 2021
Ping: 26.274 ms
Download: 215.97 Mbit/s
Upload: 19.18 Mbit/s
Fri Apr 23 06:45:01 CEST 2021
Ping: 25.174 ms
Download: 206.54 Mbit/s
Upload: 19.52 Mbit/s
Fri Apr 23 07:45:01 CEST 2021
Ping: 25.084 ms
Download: 234.23 Mbit/s
Upload: 19.66 Mbit/s
Fri Apr 23 08:45:01 CEST 2021
Ping: 25.084 ms
Download: 98.17 Mbit/s
Upload: 19.16 Mbit/s
Fri Apr 23 09:45:01 CEST 2021
Ping: 24.229 ms
Download: 85.08 Mbit/s
Upload: 18.88 Mbit/s
Fri Apr 23 10:45:01 CEST 2021
Ping: 23.411 ms
Download: 84.45 Mbit/s
Upload: 19.45 Mbit/s
Fri Apr 23 11:45:01 CEST 2021
Ping: 24.998 ms
Download: 102.71 Mbit/s
Upload: 19.08 Mbit/s
Fri Apr 23 12:45:01 CEST 2021
Ping: 24.663 ms
Download: 85.77 Mbit/s
Upload: 18.63 Mbit/s
Fri Apr 23 13:45:01 CEST 2021
Ping: 23.905 ms
Download: 179.60 Mbit/s
Upload: 19.57 Mbit/s
Fri Apr 23 14:45:02 CEST 2021
Ping: 26.317 ms
Download: 210.55 Mbit/s
Upload: 19.28 Mbit/s
Fri Apr 23 15:45:01 CEST 2021
Ping: 31.409 ms
Download: 227.50 Mbit/s
Upload: 19.22 Mbit/s
Fri Apr 23 16:45:01 CEST 2021
Ping: 25.527 ms
Download: 253.64 Mbit/s
Upload: 19.32 Mbit/s
Fri Apr 23 17:45:01 CEST 2021
Ping: 27.026 ms
Download: 206.09 Mbit/s
Upload: 19.81 Mbit/s
Fri Apr 23 18:45:01 CEST 2021
Ping: 24.89 ms
Download: 184.59 Mbit/s
Upload: 19.76 Mbit/s
Fri Apr 23 19:45:01 CEST 2021
Ping: 23.605 ms
Download: 258.27 Mbit/s
Upload: 19.72 Mbit/s
Fri Apr 23 20:45:01 CEST 2021
Ping: 24.182 ms
Download: 237.96 Mbit/s
Upload: 19.32 Mbit/s
Fri Apr 23 21:45:01 CEST 2021
Ping: 26.519 ms
Download: 234.13 Mbit/s
Upload: 19.81 Mbit/s
Fri Apr 23 22:45:01 CEST 2021
Ping: 24.78 ms
Download: 189.43 Mbit/s
Upload: 19.79 Mbit/s
Fri Apr 23 23:45:01 CEST 2021
Ping: 25.999 ms
Download: 174.14 Mbit/s
Upload: 19.39 Mbit/s
Sat Apr 24 00:45:01 CEST 2021
Ping: 24.747 ms
Download: 171.93 Mbit/s
Upload: 19.56 Mbit/s
Sat Apr 24 01:45:01 CEST 2021
Ping: 24.758 ms
Download: 243.51 Mbit/s
Upload: 19.38 Mbit/s
Sat Apr 24 02:45:02 CEST 2021
Ping: 25.466 ms
Download: 199.98 Mbit/s
Upload: 19.44 Mbit/s
Sat Apr 24 03:45:01 CEST 2021
Ping: 22.525 ms
Download: 183.12 Mbit/s
Upload: 19.78 Mbit/s
Sat Apr 24 04:45:01 CEST 2021
Ping: 26.052 ms
Download: 249.32 Mbit/s
Upload: 19.81 Mbit/s
Sat Apr 24 05:45:01 CEST 2021
Ping: 26.414 ms
Download: 170.16 Mbit/s
Upload: 19.66 Mbit/s
Sat Apr 24 06:45:01 CEST 2021
Ping: 22.614 ms
Download: 141.91 Mbit/s
Upload: 19.42 Mbit/s
Sat Apr 24 07:45:01 CEST 2021
Ping: 24.434 ms
Download: 224.63 Mbit/s
Upload: 19.66 Mbit/s
Sat Apr 24 08:45:01 CEST 2021
Ping: 26.51 ms
Download: 202.93 Mbit/s
Upload: 20.02 Mbit/s
Sat Apr 24 09:45:01 CEST 2021
Ping: 24.106 ms
Download: 288.47 Mbit/s
Upload: 19.78 Mbit/s
Sat Apr 24 10:45:01 CEST 2021
Ping: 24.496 ms
Download: 214.69 Mbit/s
Upload: 19.42 Mbit/s
Sat Apr 24 11:45:01 CEST 2021
Ping: 24.546 ms
Download: 180.88 Mbit/s
Upload: 19.68 Mbit/s
Sat Apr 24 12:45:01 CEST 2021
Ping: 23.913 ms
Download: 277.22 Mbit/s
Upload: 19.80 Mbit/s
Sat Apr 24 13:45:01 CEST 2021
Ping: 25.629 ms
Download: 251.16 Mbit/s
Upload: 19.19 Mbit/s
Sat Apr 24 14:45:01 CEST 2021
Ping: 24.52 ms
Download: 171.34 Mbit/s
Upload: 19.78 Mbit/s
Sat Apr 24 15:45:01 CEST 2021
Ping: 24.363 ms
Download: 225.14 Mbit/s
Upload: 19.14 Mbit/s
Sat Apr 24 16:45:01 CEST 2021
Ping: 26.22 ms
Download: 229.14 Mbit/s
Upload: 19.10 Mbit/s
Sat Apr 24 17:45:01 CEST 2021
Ping: 25.231 ms
Download: 256.15 Mbit/s
Upload: 19.37 Mbit/s
Sat Apr 24 18:45:01 CEST 2021
Ping: 25.413 ms
Download: 195.64 Mbit/s
Upload: 19.00 Mbit/s
Sat Apr 24 19:45:01 CEST 2021
Ping: 23.869 ms
Download: 181.36 Mbit/s
Upload: 19.74 Mbit/s
Sat Apr 24 20:45:01 CEST 2021
Ping: 23.609 ms
Download: 184.23 Mbit/s
Upload: 19.77 Mbit/s
Sat Apr 24 21:45:01 CEST 2021
Ping: 26.0 ms
Download: 207.39 Mbit/s
Upload: 19.11 Mbit/s
Sat Apr 24 22:45:01 CEST 2021
Ping: 27.363 ms
Download: 290.92 Mbit/s
Upload: 19.41 Mbit/s
Sat Apr 24 23:45:01 CEST 2021
Ping: 25.059 ms
Download: 252.33 Mbit/s
Upload: 19.80 Mbit/s
Sun Apr 25 00:45:01 CEST 2021
Ping: 26.997 ms
Download: 235.70 Mbit/s
Upload: 19.51 Mbit/s
Sun Apr 25 01:45:02 CEST 2021
Ping: 25.487 ms
Download: 195.52 Mbit/s
Upload: 19.24 Mbit/s
Sun Apr 25 02:45:01 CEST 2021
Ping: 21.886 ms
Download: 206.41 Mbit/s
Upload: 19.62 Mbit/s
Sun Apr 25 03:45:01 CEST 2021
Ping: 25.744 ms
Download: 193.76 Mbit/s
Upload: 19.43 Mbit/s
Sun Apr 25 04:45:01 CEST 2021
Ping: 25.021 ms
Download: 196.70 Mbit/s
Upload: 19.47 Mbit/s
Sun Apr 25 05:45:01 CEST 2021
Ping: 23.759 ms
Download: 281.54 Mbit/s
Upload: 19.83 Mbit/s
Sun Apr 25 06:45:01 CEST 2021
Ping: 23.809 ms
Download: 185.53 Mbit/s
Upload: 19.78 Mbit/s
Sun Apr 25 07:45:01 CEST 2021
Ping: 25.848 ms
Download: 188.00 Mbit/s
Upload: 19.30 Mbit/s
Sun Apr 25 08:45:01 CEST 2021
Ping: 24.543 ms
Download: 177.23 Mbit/s
Upload: 19.69 Mbit/s
Sun Apr 25 09:45:01 CEST 2021
Ping: 23.872 ms
Download: 188.41 Mbit/s
Upload: 19.65 Mbit/s
Sun Apr 25 10:45:01 CEST 2021
Ping: 25.277 ms
Download: 202.51 Mbit/s
Upload: 19.62 Mbit/s
Sun Apr 25 11:45:01 CEST 2021
Ping: 23.859 ms
Download: 198.45 Mbit/s
Upload: 19.84 Mbit/s
Sun Apr 25 12:45:01 CEST 2021
Ping: 23.543 ms
Download: 194.77 Mbit/s
Upload: 19.56 Mbit/s
Sun Apr 25 13:45:01 CEST 2021
Ping: 24.575 ms
Download: 182.80 Mbit/s
Upload: 19.48 Mbit/s
Sun Apr 25 14:45:01 CEST 2021
Ping: 26.027 ms
Download: 197.42 Mbit/s
Upload: 18.91 Mbit/s
Sun Apr 25 15:45:02 CEST 2021
Ping: 26.543 ms
Download: 161.33 Mbit/s
Upload: 19.74 Mbit/s
Sun Apr 25 16:45:01 CEST 2021
Ping: 23.73 ms
Download: 257.54 Mbit/s
Upload: 19.35 Mbit/s
Sun Apr 25 17:45:01 CEST 2021
Ping: 26.274 ms
Download: 176.14 Mbit/s
Upload: 19.48 Mbit/s
Sun Apr 25 18:45:01 CEST 2021
Ping: 23.382 ms
Download: 188.33 Mbit/s
Upload: 19.45 Mbit/s
Sun Apr 25 19:45:02 CEST 2021
Ping: 24.22 ms
Download: 225.13 Mbit/s
Upload: 19.55 Mbit/s
Sun Apr 25 20:45:01 CEST 2021
Ping: 23.564 ms
Download: 207.78 Mbit/s
Upload: 19.46 Mbit/s
Sun Apr 25 21:45:02 CEST 2021
Ping: 26.449 ms
Download: 186.82 Mbit/s
Upload: 19.24 Mbit/s
Sun Apr 25 22:45:01 CEST 2021
Ping: 27.082 ms
Download: 241.32 Mbit/s
Upload: 18.96 Mbit/s
Sun Apr 25 23:45:01 CEST 2021
Ping: 26.722 ms
Download: 235.48 Mbit/s
Upload: 19.55 Mbit/s
Mon Apr 26 00:45:01 CEST 2021
Ping: 26.428 ms
Download: 207.89 Mbit/s
Upload: 19.46 Mbit/s
Mon Apr 26 01:45:01 CEST 2021
Ping: 24.581 ms
Download: 198.65 Mbit/s
Upload: 19.49 Mbit/s
Mon Apr 26 02:45:01 CEST 2021
Ping: 23.868 ms
Download: 190.86 Mbit/s
Upload: 19.76 Mbit/s
Mon Apr 26 03:45:01 CEST 2021
Ping: 26.183 ms
Download: 188.51 Mbit/s
Upload: 19.09 Mbit/s
Mon Apr 26 04:45:01 CEST 2021
Ping: 23.458 ms
Download: 179.62 Mbit/s
Upload: 19.74 Mbit/s
Mon Apr 26 05:45:01 CEST 2021
Ping: 27.181 ms
Download: 255.44 Mbit/s
Upload: 19.71 Mbit/s
Mon Apr 26 06:45:01 CEST 2021
Ping: 23.582 ms
Download: 217.08 Mbit/s
Upload: 19.37 Mbit/s
Mon Apr 26 07:45:01 CEST 2021
Ping: 27.184 ms
Download: 279.23 Mbit/s
Upload: 18.72 Mbit/s
Mon Apr 26 08:45:02 CEST 2021
Ping: 25.442 ms
Download: 249.15 Mbit/s
Upload: 18.93 Mbit/s
Mon Apr 26 09:45:01 CEST 2021
Ping: 27.306 ms
Download: 263.60 Mbit/s
Upload: 18.89 Mbit/s
Mon Apr 26 10:45:01 CEST 2021
Ping: 24.089 ms
Download: 174.21 Mbit/s
Upload: 19.64 Mbit/s
Mon Apr 26 11:45:01 CEST 2021
Ping: 26.154 ms
Download: 183.70 Mbit/s
Upload: 19.38 Mbit/s
Mon Apr 26 12:45:01 CEST 2021
Ping: 25.914 ms
Download: 163.62 Mbit/s
Upload: 19.37 Mbit/s
Mon Apr 26 13:45:01 CEST 2021
Ping: 28.193 ms
Download: 212.95 Mbit/s
Upload: 19.23 Mbit/s
Mon Apr 26 14:45:02 CEST 2021
Ping: 25.239 ms
Download: 242.92 Mbit/s
Upload: 19.70 Mbit/s
Mon Apr 26 15:45:01 CEST 2021
Ping: 25.585 ms
Download: 207.06 Mbit/s
Upload: 19.61 Mbit/s
Mon Apr 26 16:45:01 CEST 2021
Ping: 24.527 ms
Download: 240.53 Mbit/s
Upload: 18.66 Mbit/s
Mon Apr 26 17:45:01 CEST 2021
Ping: 22.89 ms
Download: 183.47 Mbit/s
Upload: 19.21 Mbit/s
Mon Apr 26 18:45:01 CEST 2021
Ping: 25.601 ms
Download: 189.59 Mbit/s
Upload: 19.91 Mbit/s
Mon Apr 26 19:45:01 CEST 2021
Ping: 30.202 ms
Download: 275.59 Mbit/s
Upload: 19.42 Mbit/s
Mon Apr 26 20:45:01 CEST 2021
Ping: 29.585 ms
Download: 240.82 Mbit/s
Upload: 19.37 Mbit/s
Mon Apr 26 21:45:01 CEST 2021
Ping: 27.848 ms
Download: 191.69 Mbit/s
Upload: 19.36 Mbit/s
Mon Apr 26 22:45:01 CEST 2021
Ping: 29.667 ms
Download: 234.29 Mbit/s
Upload: 19.16 Mbit/s
Mon Apr 26 23:45:02 CEST 2021
Ping: 25.759 ms
Download: 260.43 Mbit/s
Upload: 19.41 Mbit/s
Tue Apr 27 00:45:01 CEST 2021
Ping: 25.903 ms
Download: 257.33 Mbit/s
Upload: 19.27 Mbit/s
Tue Apr 27 01:45:01 CEST 2021
Ping: 25.702 ms
Download: 181.18 Mbit/s
Upload: 19.37 Mbit/s
Tue Apr 27 02:45:01 CEST 2021
Ping: 24.271 ms
Download: 176.30 Mbit/s
Upload: 19.40 Mbit/s
Tue Apr 27 03:45:01 CEST 2021
Ping: 25.99 ms
Download: 185.97 Mbit/s
Upload: 19.48 Mbit/s
Tue Apr 27 04:45:01 CEST 2021
Ping: 24.796 ms
Download: 193.28 Mbit/s
Upload: 19.50 Mbit/s
Tue Apr 27 05:45:01 CEST 2021
Ping: 24.889 ms
Download: 201.34 Mbit/s
Upload: 19.90 Mbit/s
Tue Apr 27 06:45:01 CEST 2021
Ping: 25.185 ms
Download: 198.82 Mbit/s
Upload: 19.39 Mbit/s
Tue Apr 27 07:45:01 CEST 2021
Ping: 24.072 ms
Download: 239.78 Mbit/s
Upload: 19.64 Mbit/s
Tue Apr 27 08:45:01 CEST 2021
Ping: 24.504 ms
Download: 230.42 Mbit/s
Upload: 19.72 Mbit/s
Tue Apr 27 09:45:01 CEST 2021
Ping: 24.933 ms
Download: 271.24 Mbit/s
Upload: 18.86 Mbit/s
Tue Apr 27 10:45:01 CEST 2021
Ping: 25.026 ms
Download: 183.70 Mbit/s
Upload: 19.58 Mbit/s
Tue Apr 27 11:45:01 CEST 2021
Ping: 24.388 ms
Download: 226.02 Mbit/s
Upload: 19.20 Mbit/s
Tue Apr 27 12:45:01 CEST 2021
Ping: 26.654 ms
Download: 196.18 Mbit/s
Upload: 19.30 Mbit/s
Tue Apr 27 13:45:01 CEST 2021
Ping: 27.128 ms
Download: 258.32 Mbit/s
Upload: 19.57 Mbit/s
Tue Apr 27 14:45:01 CEST 2021
Ping: 24.646 ms
Download: 303.19 Mbit/s
Upload: 19.66 Mbit/s
Tue Apr 27 15:45:01 CEST 2021
Ping: 26.195 ms
Download: 297.20 Mbit/s
Upload: 16.61 Mbit/s
Tue Apr 27 16:45:02 CEST 2021
Ping: 26.28 ms
Download: 252.41 Mbit/s
Upload: 18.98 Mbit/s
Tue Apr 27 17:45:01 CEST 2021
Ping: 26.02 ms
Download: 244.70 Mbit/s
Upload: 19.07 Mbit/s
Tue Apr 27 18:45:01 CEST 2021
Ping: 24.749 ms
Download: 241.56 Mbit/s
Upload: 19.28 Mbit/s
Tue Apr 27 19:45:01 CEST 2021
Ping: 23.563 ms
Download: 179.91 Mbit/s
Upload: 19.26 Mbit/s
Tue Apr 27 20:45:01 CEST 2021
Ping: 25.226 ms
Download: 202.93 Mbit/s
Upload: 19.43 Mbit/s
Tue Apr 27 21:45:01 CEST 2021
Ping: 26.017 ms
Download: 219.97 Mbit/s
Upload: 19.45 Mbit/s
Tue Apr 27 22:45:01 CEST 2021
Ping: 23.823 ms
Download: 182.33 Mbit/s
Upload: 19.16 Mbit/s
Tue Apr 27 23:45:02 CEST 2021
Ping: 26.195 ms
Download: 204.68 Mbit/s
Upload: 19.50 Mbit/s
Wed Apr 28 00:45:01 CEST 2021
Ping: 24.0 ms
Download: 196.44 Mbit/s
Upload: 19.91 Mbit/s
Wed Apr 28 01:45:01 CEST 2021
Ping: 25.267 ms
Download: 196.41 Mbit/s
Upload: 19.68 Mbit/s
Wed Apr 28 02:45:02 CEST 2021
Ping: 23.205 ms
Download: 208.47 Mbit/s
Upload: 19.53 Mbit/s
Wed Apr 28 03:45:01 CEST 2021
Ping: 24.078 ms
Download: 226.13 Mbit/s
Upload: 19.85 Mbit/s
Wed Apr 28 04:45:01 CEST 2021
Ping: 25.546 ms
Download: 202.02 Mbit/s
Upload: 19.69 Mbit/s
Wed Apr 28 05:45:01 CEST 2021
Ping: 25.924 ms
Download: 257.11 Mbit/s
Upload: 19.87 Mbit/s
Wed Apr 28 06:45:01 CEST 2021
Ping: 23.655 ms
Download: 193.15 Mbit/s
Upload: 18.74 Mbit/s
Wed Apr 28 07:45:01 CEST 2021
Ping: 25.007 ms
Download: 218.41 Mbit/s
Upload: 19.06 Mbit/s
Wed Apr 28 08:45:01 CEST 2021
Ping: 25.663 ms
Download: 225.88 Mbit/s
Upload: 19.36 Mbit/s
Wed Apr 28 09:45:01 CEST 2021
Ping: 25.819 ms
Download: 221.90 Mbit/s
Upload: 19.06 Mbit/s
Wed Apr 28 10:45:01 CEST 2021
Ping: 24.687 ms
Download: 283.52 Mbit/s
Upload: 18.67 Mbit/s
Wed Apr 28 11:45:01 CEST 2021
Ping: 25.678 ms
Download: 197.39 Mbit/s
Upload: 18.99 Mbit/s
Wed Apr 28 12:45:01 CEST 2021
Ping: 25.924 ms
Download: 81.93 Mbit/s
Upload: 19.24 Mbit/s
Wed Apr 28 13:45:01 CEST 2021
Ping: 24.221 ms
Download: 238.48 Mbit/s
Upload: 19.81 Mbit/s
Wed Apr 28 14:45:02 CEST 2021
Ping: 27.306 ms
Download: 260.42 Mbit/s
Upload: 19.55 Mbit/s
Wed Apr 28 15:45:01 CEST 2021
Ping: 24.803 ms
Download: 195.99 Mbit/s
Upload: 19.43 Mbit/s
Wed Apr 28 16:45:01 CEST 2021
Ping: 25.149 ms
Download: 189.34 Mbit/s
Upload: 19.01 Mbit/s
Wed Apr 28 17:45:01 CEST 2021
Ping: 25.286 ms
Download: 247.20 Mbit/s
Upload: 19.62 Mbit/s
Wed Apr 28 18:45:01 CEST 2021
Ping: 24.347 ms
Download: 232.30 Mbit/s
Upload: 19.68 Mbit/s
Wed Apr 28 19:45:01 CEST 2021
Ping: 24.91 ms
Download: 222.67 Mbit/s
Upload: 19.01 Mbit/s
Wed Apr 28 20:45:01 CEST 2021
Ping: 23.577 ms
Download: 191.56 Mbit/s
Upload: 18.83 Mbit/s
Wed Apr 28 21:45:01 CEST 2021
Ping: 23.492 ms
Download: 175.24 Mbit/s
Upload: 19.60 Mbit/s
Wed Apr 28 22:45:01 CEST 2021
Ping: 29.251 ms
Download: 236.03 Mbit/s
Upload: 18.89 Mbit/s
Wed Apr 28 23:45:01 CEST 2021
Ping: 25.642 ms
Download: 204.12 Mbit/s
Upload: 18.98 Mbit/s
Thu Apr 29 00:45:01 CEST 2021
Ping: 27.152 ms
Download: 266.42 Mbit/s
Upload: 19.17 Mbit/s
Thu Apr 29 01:45:01 CEST 2021
Ping: 25.491 ms
Download: 186.22 Mbit/s
Upload: 19.70 Mbit/s
Thu Apr 29 02:45:01 CEST 2021
Ping: 23.645 ms
Download: 202.88 Mbit/s
Upload: 19.81 Mbit/s
Thu Apr 29 03:45:01 CEST 2021
Ping: 25.288 ms
Download: 197.58 Mbit/s
Upload: 19.63 Mbit/s
Thu Apr 29 04:45:01 CEST 2021
Ping: 24.075 ms
Download: 251.56 Mbit/s
Upload: 19.51 Mbit/s
Thu Apr 29 05:45:01 CEST 2021
Ping: 23.566 ms
Download: 199.51 Mbit/s
Upload: 19.61 Mbit/s
Thu Apr 29 06:45:01 CEST 2021
Ping: 23.749 ms
Download: 194.49 Mbit/s
Upload: 19.60 Mbit/s
Thu Apr 29 07:45:02 CEST 2021
Ping: 27.248 ms
Download: 213.10 Mbit/s
Upload: 19.10 Mbit/s
Thu Apr 29 08:45:01 CEST 2021
Ping: 26.436 ms
Download: 257.81 Mbit/s
Upload: 19.27 Mbit/s
Thu Apr 29 09:45:02 CEST 2021
Ping: 27.725 ms
Download: 123.99 Mbit/s
Upload: 19.10 Mbit/s
Thu Apr 29 10:45:01 CEST 2021
Ping: 25.987 ms
Download: 262.54 Mbit/s
Upload: 19.08 Mbit/s
Thu Apr 29 11:45:01 CEST 2021
Ping: 26.095 ms
Download: 191.12 Mbit/s
Upload: 18.49 Mbit/s
Thu Apr 29 12:45:02 CEST 2021
Ping: 26.81 ms
Download: 166.60 Mbit/s
Upload: 19.25 Mbit/s
Thu Apr 29 13:45:01 CEST 2021
Ping: 25.131 ms
Download: 343.84 Mbit/s
Upload: 19.15 Mbit/s
Thu Apr 29 14:45:01 CEST 2021
Ping: 22.501 ms
Download: 211.45 Mbit/s
Upload: 19.49 Mbit/s
Thu Apr 29 15:45:01 CEST 2021
Ping: 23.032 ms
Download: 252.17 Mbit/s
Upload: 19.37 Mbit/s
Thu Apr 29 16:45:01 CEST 2021
Ping: 25.354 ms
Download: 288.43 Mbit/s
Upload: 19.39 Mbit/s
Thu Apr 29 17:45:02 CEST 2021
Ping: 26.961 ms
Download: 267.15 Mbit/s
Upload: 18.91 Mbit/s
Thu Apr 29 18:45:01 CEST 2021
Ping: 26.657 ms
Download: 254.07 Mbit/s
Upload: 19.42 Mbit/s
Thu Apr 29 19:45:01 CEST 2021
Ping: 24.556 ms
Download: 256.14 Mbit/s
Upload: 19.33 Mbit/s
Thu Apr 29 20:45:01 CEST 2021
Ping: 23.565 ms
Download: 292.41 Mbit/s
Upload: 19.42 Mbit/s
Thu Apr 29 21:45:01 CEST 2021
Ping: 22.689 ms
Download: 321.69 Mbit/s
Upload: 19.43 Mbit/s
Thu Apr 29 22:45:01 CEST 2021
Ping: 26.044 ms
Download: 232.75 Mbit/s
Upload: 19.12 Mbit/s
Thu Apr 29 23:45:01 CEST 2021
Ping: 28.275 ms
Download: 224.53 Mbit/s
Upload: 19.83 Mbit/s
Fri Apr 30 00:45:01 CEST 2021
Ping: 26.878 ms
Download: 205.95 Mbit/s
Upload: 19.53 Mbit/s
Fri Apr 30 01:45:01 CEST 2021
Ping: 27.919 ms
Download: 208.73 Mbit/s
Upload: 19.30 Mbit/s
Fri Apr 30 02:45:01 CEST 2021
Ping: 25.525 ms
Download: 245.54 Mbit/s
Upload: 19.35 Mbit/s
Fri Apr 30 03:45:01 CEST 2021
Ping: 23.344 ms
Download: 176.41 Mbit/s
Upload: 19.01 Mbit/s
Fri Apr 30 04:45:02 CEST 2021
Ping: 25.568 ms
Download: 213.44 Mbit/s
Upload: 19.81 Mbit/s
Fri Apr 30 05:45:01 CEST 2021
Ping: 26.017 ms
Download: 298.42 Mbit/s
Upload: 19.56 Mbit/s
Fri Apr 30 06:45:01 CEST 2021
Ping: 21.792 ms
Download: 276.07 Mbit/s
Upload: 19.52 Mbit/s
Fri Apr 30 07:45:02 CEST 2021
Ping: 25.077 ms
Download: 238.92 Mbit/s
Upload: 19.33 Mbit/s
Fri Apr 30 08:45:01 CEST 2021
Ping: 35.436 ms
Download: 162.19 Mbit/s
Upload: 19.50 Mbit/s
Fri Apr 30 09:45:01 CEST 2021
Ping: 38.565 ms
Download: 150.82 Mbit/s
Upload: 18.88 Mbit/s
Fri Apr 30 10:45:01 CEST 2021
Ping: 38.184 ms
Download: 199.70 Mbit/s
Upload: 19.19 Mbit/s
Fri Apr 30 11:45:01 CEST 2021
Ping: 26.186 ms
Download: 190.98 Mbit/s
Upload: 19.10 Mbit/s
Fri Apr 30 12:45:01 CEST 2021
Ping: 22.623 ms
Download: 215.09 Mbit/s
Upload: 19.67 Mbit/s
Fri Apr 30 13:45:01 CEST 2021
Ping: 27.133 ms
Download: 221.76 Mbit/s
Upload: 19.59 Mbit/s
Fri Apr 30 14:45:01 CEST 2021
Ping: 27.792 ms
Download: 232.40 Mbit/s
Upload: 19.56 Mbit/s
Fri Apr 30 15:45:01 CEST 2021
Ping: 28.406 ms
Download: 238.90 Mbit/s
Upload: 19.62 Mbit/s
Fri Apr 30 16:45:01 CEST 2021
Ping: 25.892 ms
Download: 313.51 Mbit/s
Upload: 19.38 Mbit/s
Fri Apr 30 17:45:01 CEST 2021
Ping: 29.664 ms
Download: 264.61 Mbit/s
Upload: 19.16 Mbit/s
Fri Apr 30 18:45:01 CEST 2021
Ping: 26.658 ms
Download: 274.65 Mbit/s
Upload: 19.05 Mbit/s
Fri Apr 30 19:45:01 CEST 2021
Ping: 28.727 ms
Download: 208.27 Mbit/s
Upload: 19.34 Mbit/s
Fri Apr 30 20:45:01 CEST 2021
Ping: 26.722 ms
Download: 235.25 Mbit/s
Upload: 18.94 Mbit/s
Fri Apr 30 21:45:01 CEST 2021
Ping: 27.711 ms
Download: 235.14 Mbit/s
Upload: 19.24 Mbit/s
Fri Apr 30 22:45:01 CEST 2021
Ping: 25.219 ms
Download: 222.20 Mbit/s
Upload: 19.65 Mbit/s
Fri Apr 30 23:45:01 CEST 2021
Ping: 29.917 ms
Download: 296.39 Mbit/s
Upload: 18.98 Mbit/s
