Fri Jan  1 00:45:01 CET 2021
Ping: 24.024 ms
Download: 232.00 Mbit/s
Upload: 19.39 Mbit/s
Fri Jan  1 01:45:01 CET 2021
Ping: 25.005 ms
Download: 226.39 Mbit/s
Upload: 19.05 Mbit/s
Fri Jan  1 02:45:01 CET 2021
Ping: 25.315 ms
Download: 280.72 Mbit/s
Upload: 19.28 Mbit/s
Fri Jan  1 03:45:02 CET 2021
Ping: 20.696 ms
Download: 349.47 Mbit/s
Upload: 19.69 Mbit/s
Fri Jan  1 04:45:01 CET 2021
Ping: 28.188 ms
Download: 299.51 Mbit/s
Upload: 19.32 Mbit/s
Fri Jan  1 05:45:01 CET 2021
Ping: 25.478 ms
Download: 99.36 Mbit/s
Upload: 19.15 Mbit/s
Fri Jan  1 06:45:01 CET 2021
Ping: 21.706 ms
Download: 315.82 Mbit/s
Upload: 19.40 Mbit/s
Fri Jan  1 07:45:01 CET 2021
Ping: 22.494 ms
Download: 213.29 Mbit/s
Upload: 19.80 Mbit/s
Fri Jan  1 08:45:01 CET 2021
Ping: 22.445 ms
Download: 212.64 Mbit/s
Upload: 19.76 Mbit/s
Fri Jan  1 09:45:01 CET 2021
Ping: 23.012 ms
Download: 192.80 Mbit/s
Upload: 19.75 Mbit/s
Fri Jan  1 10:45:01 CET 2021
Ping: 24.773 ms
Download: 182.70 Mbit/s
Upload: 19.45 Mbit/s
Fri Jan  1 11:45:01 CET 2021
Ping: 23.117 ms
Download: 155.19 Mbit/s
Upload: 19.75 Mbit/s
Fri Jan  1 12:45:01 CET 2021
Ping: 22.639 ms
Download: 216.66 Mbit/s
Upload: 19.58 Mbit/s
Fri Jan  1 13:45:01 CET 2021
Ping: 23.397 ms
Download: 268.01 Mbit/s
Upload: 19.53 Mbit/s
Fri Jan  1 14:45:01 CET 2021
Ping: 23.882 ms
Download: 190.49 Mbit/s
Upload: 17.91 Mbit/s
Fri Jan  1 15:45:01 CET 2021
Ping: 27.33 ms
Download: 201.74 Mbit/s
Upload: 18.88 Mbit/s
Fri Jan  1 16:45:01 CET 2021
Ping: 22.434 ms
Download: 218.82 Mbit/s
Upload: 19.01 Mbit/s
Fri Jan  1 17:45:01 CET 2021
Ping: 25.604 ms
Download: 198.68 Mbit/s
Upload: 19.61 Mbit/s
Fri Jan  1 18:45:01 CET 2021
Ping: 24.804 ms
Download: 203.18 Mbit/s
Upload: 19.48 Mbit/s
Fri Jan  1 19:45:01 CET 2021
Ping: 25.607 ms
Download: 158.52 Mbit/s
Upload: 19.29 Mbit/s
Fri Jan  1 20:45:01 CET 2021
Ping: 24.074 ms
Download: 192.60 Mbit/s
Upload: 19.41 Mbit/s
Fri Jan  1 21:45:01 CET 2021
Ping: 24.945 ms
Download: 173.16 Mbit/s
Upload: 18.23 Mbit/s
Fri Jan  1 22:45:02 CET 2021
Ping: 24.1 ms
Download: 239.41 Mbit/s
Upload: 19.69 Mbit/s
Fri Jan  1 23:45:01 CET 2021
Ping: 25.486 ms
Download: 177.92 Mbit/s
Upload: 19.34 Mbit/s
Sat Jan  2 00:45:01 CET 2021
Ping: 23.982 ms
Download: 223.20 Mbit/s
Upload: 19.54 Mbit/s
Sat Jan  2 01:45:01 CET 2021
Ping: 28.163 ms
Download: 231.99 Mbit/s
Upload: 19.00 Mbit/s
Sat Jan  2 02:45:01 CET 2021
Ping: 24.503 ms
Download: 244.54 Mbit/s
Upload: 19.30 Mbit/s
Sat Jan  2 03:45:01 CET 2021
Ping: 22.941 ms
Download: 197.45 Mbit/s
Upload: 19.59 Mbit/s
Sat Jan  2 04:45:01 CET 2021
Ping: 23.492 ms
Download: 202.96 Mbit/s
Upload: 19.82 Mbit/s
Sat Jan  2 05:45:01 CET 2021
Ping: 25.848 ms
Download: 255.87 Mbit/s
Upload: 18.70 Mbit/s
Sat Jan  2 06:45:01 CET 2021
Ping: 23.357 ms
Download: 225.43 Mbit/s
Upload: 19.65 Mbit/s
Sat Jan  2 07:45:01 CET 2021
Ping: 23.637 ms
Download: 201.62 Mbit/s
Upload: 19.47 Mbit/s
Sat Jan  2 08:45:01 CET 2021
Ping: 27.156 ms
Download: 300.68 Mbit/s
Upload: 18.25 Mbit/s
Sat Jan  2 09:45:01 CET 2021
Ping: 24.406 ms
Download: 259.37 Mbit/s
Upload: 19.58 Mbit/s
Sat Jan  2 10:45:01 CET 2021
Ping: 24.57 ms
Download: 234.93 Mbit/s
Upload: 19.45 Mbit/s
Sat Jan  2 11:45:01 CET 2021
Ping: 22.689 ms
Download: 231.83 Mbit/s
Upload: 19.59 Mbit/s
Sat Jan  2 12:45:02 CET 2021
Ping: 25.931 ms
Download: 164.67 Mbit/s
Upload: 19.31 Mbit/s
Sat Jan  2 13:45:01 CET 2021
Ping: 22.776 ms
Download: 174.85 Mbit/s
Upload: 19.84 Mbit/s
Sat Jan  2 14:45:01 CET 2021
Ping: 25.142 ms
Download: 174.79 Mbit/s
Upload: 19.65 Mbit/s
Sat Jan  2 15:45:01 CET 2021
Ping: 25.122 ms
Download: 170.94 Mbit/s
Upload: 19.67 Mbit/s
Sat Jan  2 16:45:01 CET 2021
Ping: 23.551 ms
Download: 189.91 Mbit/s
Upload: 19.51 Mbit/s
Sat Jan  2 17:45:01 CET 2021
Ping: 24.69 ms
Download: 292.23 Mbit/s
Upload: 19.35 Mbit/s
Sat Jan  2 18:45:01 CET 2021
Ping: 29.088 ms
Download: 179.45 Mbit/s
Upload: 19.33 Mbit/s
Sat Jan  2 19:45:01 CET 2021
Ping: 24.064 ms
Download: 213.96 Mbit/s
Upload: 19.56 Mbit/s
Sat Jan  2 20:45:01 CET 2021
Ping: 24.622 ms
Download: 182.04 Mbit/s
Upload: 19.46 Mbit/s
Sat Jan  2 21:45:02 CET 2021
Ping: 32.748 ms
Download: 238.76 Mbit/s
Upload: 19.16 Mbit/s
Sat Jan  2 22:45:01 CET 2021
Ping: 26.313 ms
Download: 239.07 Mbit/s
Upload: 19.54 Mbit/s
Sat Jan  2 23:45:02 CET 2021
Ping: 25.87 ms
Download: 244.02 Mbit/s
Upload: 19.09 Mbit/s
Sun Jan  3 00:45:01 CET 2021
Ping: 23.277 ms
Download: 181.71 Mbit/s
Upload: 19.78 Mbit/s
Sun Jan  3 01:45:01 CET 2021
Ping: 23.951 ms
Download: 118.16 Mbit/s
Upload: 19.45 Mbit/s
Sun Jan  3 02:45:01 CET 2021
Ping: 23.362 ms
Download: 240.05 Mbit/s
Upload: 19.41 Mbit/s
Sun Jan  3 03:45:01 CET 2021
Ping: 21.535 ms
Download: 228.11 Mbit/s
Upload: 18.43 Mbit/s
Sun Jan  3 04:45:01 CET 2021
Ping: 22.975 ms
Download: 163.53 Mbit/s
Upload: 19.69 Mbit/s
Sun Jan  3 05:45:01 CET 2021
Ping: 31.503 ms
Download: 223.14 Mbit/s
Upload: 19.46 Mbit/s
Sun Jan  3 06:45:01 CET 2021
Ping: 24.965 ms
Download: 215.64 Mbit/s
Upload: 19.32 Mbit/s
Sun Jan  3 07:45:01 CET 2021
Ping: 24.276 ms
Download: 170.30 Mbit/s
Upload: 19.60 Mbit/s
Sun Jan  3 08:45:01 CET 2021
Ping: 23.446 ms
Download: 196.78 Mbit/s
Upload: 19.85 Mbit/s
Sun Jan  3 09:45:01 CET 2021
Ping: 24.207 ms
Download: 302.79 Mbit/s
Upload: 19.75 Mbit/s
Sun Jan  3 10:45:02 CET 2021
Ping: 29.208 ms
Download: 323.08 Mbit/s
Upload: 19.52 Mbit/s
Sun Jan  3 11:45:01 CET 2021
Ping: 22.268 ms
Download: 189.02 Mbit/s
Upload: 19.43 Mbit/s
Sun Jan  3 12:45:01 CET 2021
Ping: 24.076 ms
Download: 306.04 Mbit/s
Upload: 19.60 Mbit/s
Sun Jan  3 13:45:01 CET 2021
Ping: 25.652 ms
Download: 108.55 Mbit/s
Upload: 19.60 Mbit/s
Sun Jan  3 14:45:01 CET 2021
Ping: 22.625 ms
Download: 175.03 Mbit/s
Upload: 19.53 Mbit/s
Sun Jan  3 15:45:01 CET 2021
Ping: 24.153 ms
Download: 258.79 Mbit/s
Upload: 19.62 Mbit/s
Sun Jan  3 16:45:01 CET 2021
Ping: 22.461 ms
Download: 272.98 Mbit/s
Upload: 19.59 Mbit/s
Sun Jan  3 17:45:01 CET 2021
Ping: 23.36 ms
Download: 239.79 Mbit/s
Upload: 18.87 Mbit/s
Sun Jan  3 18:45:01 CET 2021
Ping: 26.862 ms
Download: 250.86 Mbit/s
Upload: 19.44 Mbit/s
Sun Jan  3 19:45:01 CET 2021
Ping: 22.306 ms
Download: 197.70 Mbit/s
Upload: 19.67 Mbit/s
Sun Jan  3 20:45:01 CET 2021
Ping: 28.206 ms
Download: 270.84 Mbit/s
Upload: 19.80 Mbit/s
Sun Jan  3 21:45:01 CET 2021
Ping: 23.454 ms
Download: 182.53 Mbit/s
Upload: 19.43 Mbit/s
Sun Jan  3 22:45:01 CET 2021
Ping: 29.334 ms
Download: 230.70 Mbit/s
Upload: 19.00 Mbit/s
Sun Jan  3 23:45:01 CET 2021
Ping: 23.478 ms
Download: 165.68 Mbit/s
Upload: 19.62 Mbit/s
Mon Jan  4 00:45:01 CET 2021
Ping: 22.132 ms
Download: 198.56 Mbit/s
Upload: 19.68 Mbit/s
Mon Jan  4 01:45:01 CET 2021
Ping: 22.148 ms
Download: 222.09 Mbit/s
Upload: 18.91 Mbit/s
Mon Jan  4 02:45:01 CET 2021
Ping: 22.951 ms
Download: 192.27 Mbit/s
Upload: 19.77 Mbit/s
Mon Jan  4 03:45:01 CET 2021
Ping: 24.475 ms
Download: 192.89 Mbit/s
Upload: 19.49 Mbit/s
Mon Jan  4 04:45:01 CET 2021
Ping: 29.033 ms
Download: 220.88 Mbit/s
Upload: 19.45 Mbit/s
Mon Jan  4 05:45:01 CET 2021
Ping: 24.474 ms
Download: 204.82 Mbit/s
Upload: 19.43 Mbit/s
Mon Jan  4 06:45:01 CET 2021
Ping: 24.642 ms
Download: 193.95 Mbit/s
Upload: 19.49 Mbit/s
Mon Jan  4 07:45:01 CET 2021
Ping: 21.543 ms
Download: 207.40 Mbit/s
Upload: 19.44 Mbit/s
Mon Jan  4 08:45:01 CET 2021
Ping: 22.273 ms
Download: 186.32 Mbit/s
Upload: 19.76 Mbit/s
Mon Jan  4 09:45:01 CET 2021
Ping: 25.992 ms
Download: 252.99 Mbit/s
Upload: 19.62 Mbit/s
Mon Jan  4 10:45:01 CET 2021
Ping: 27.4 ms
Download: 246.03 Mbit/s
Upload: 19.37 Mbit/s
Mon Jan  4 11:45:01 CET 2021
Ping: 23.828 ms
Download: 205.94 Mbit/s
Upload: 19.63 Mbit/s
Mon Jan  4 12:45:01 CET 2021
Ping: 23.035 ms
Download: 197.17 Mbit/s
Upload: 19.77 Mbit/s
Mon Jan  4 13:45:01 CET 2021
Ping: 25.177 ms
Download: 276.43 Mbit/s
Upload: 19.55 Mbit/s
Mon Jan  4 14:45:01 CET 2021
Ping: 23.949 ms
Download: 194.15 Mbit/s
Upload: 19.59 Mbit/s
Mon Jan  4 15:45:01 CET 2021
Ping: 27.009 ms
Download: 221.66 Mbit/s
Upload: 19.34 Mbit/s
Mon Jan  4 16:45:01 CET 2021
Ping: 22.085 ms
Download: 286.86 Mbit/s
Upload: 19.33 Mbit/s
Mon Jan  4 17:45:01 CET 2021
Ping: 31.783 ms
Download: 314.38 Mbit/s
Upload: 19.10 Mbit/s
Mon Jan  4 18:45:01 CET 2021
Ping: 24.986 ms
Download: 172.85 Mbit/s
Upload: 19.65 Mbit/s
Mon Jan  4 19:45:01 CET 2021
Ping: 22.923 ms
Download: 192.42 Mbit/s
Upload: 19.29 Mbit/s
Mon Jan  4 20:45:01 CET 2021
Ping: 30.503 ms
Download: 230.26 Mbit/s
Upload: 18.31 Mbit/s
Mon Jan  4 21:45:01 CET 2021
Ping: 26.502 ms
Download: 183.10 Mbit/s
Upload: 17.92 Mbit/s
Mon Jan  4 22:45:02 CET 2021
Ping: 23.459 ms
Download: 211.25 Mbit/s
Upload: 19.79 Mbit/s
Mon Jan  4 23:45:01 CET 2021
Ping: 24.978 ms
Download: 116.16 Mbit/s
Upload: 19.53 Mbit/s
Tue Jan  5 00:45:01 CET 2021
Ping: 25.601 ms
Download: 218.92 Mbit/s
Upload: 19.37 Mbit/s
Tue Jan  5 01:45:01 CET 2021
Ping: 25.509 ms
Download: 193.43 Mbit/s
Upload: 19.58 Mbit/s
Tue Jan  5 02:45:01 CET 2021
Ping: 23.497 ms
Download: 240.41 Mbit/s
Upload: 19.62 Mbit/s
Tue Jan  5 03:45:01 CET 2021
Ping: 22.427 ms
Download: 179.00 Mbit/s
Upload: 19.43 Mbit/s
Tue Jan  5 04:45:01 CET 2021
Ping: 23.626 ms
Download: 200.39 Mbit/s
Upload: 19.66 Mbit/s
Tue Jan  5 05:45:01 CET 2021
Ping: 22.863 ms
Download: 279.51 Mbit/s
Upload: 19.60 Mbit/s
Tue Jan  5 06:45:01 CET 2021
Ping: 24.608 ms
Download: 206.60 Mbit/s
Upload: 19.39 Mbit/s
Tue Jan  5 07:45:02 CET 2021
Ping: 21.843 ms
Download: 192.74 Mbit/s
Upload: 19.54 Mbit/s
Tue Jan  5 08:45:01 CET 2021
Ping: 25.155 ms
Download: 303.23 Mbit/s
Upload: 19.45 Mbit/s
Tue Jan  5 09:45:01 CET 2021
Ping: 23.68 ms
Download: 264.88 Mbit/s
Upload: 19.63 Mbit/s
Tue Jan  5 10:45:01 CET 2021
Ping: 22.979 ms
Download: 212.75 Mbit/s
Upload: 19.73 Mbit/s
Tue Jan  5 11:45:01 CET 2021
Ping: 22.237 ms
Download: 126.52 Mbit/s
Upload: 19.24 Mbit/s
Tue Jan  5 12:45:01 CET 2021
Ping: 24.843 ms
Download: 238.61 Mbit/s
Upload: 19.73 Mbit/s
Tue Jan  5 14:45:01 CET 2021
Ping: 24.605 ms
Download: 289.16 Mbit/s
Upload: 19.65 Mbit/s
Tue Jan  5 15:45:01 CET 2021
Ping: 29.626 ms
Download: 228.85 Mbit/s
Upload: 19.05 Mbit/s
Tue Jan  5 16:45:01 CET 2021
Ping: 27.748 ms
Download: 204.79 Mbit/s
Upload: 19.53 Mbit/s
Tue Jan  5 17:45:01 CET 2021
Ping: 31.507 ms
Download: 216.78 Mbit/s
Upload: 19.46 Mbit/s
Tue Jan  5 18:45:01 CET 2021
Ping: 23.944 ms
Download: 246.76 Mbit/s
Upload: 19.25 Mbit/s
Tue Jan  5 19:45:01 CET 2021
Ping: 24.864 ms
Download: 224.10 Mbit/s
Upload: 19.26 Mbit/s
Tue Jan  5 20:45:01 CET 2021
Ping: 26.07 ms
Download: 181.09 Mbit/s
Upload: 19.58 Mbit/s
Tue Jan  5 21:45:01 CET 2021
Ping: 22.716 ms
Download: 196.52 Mbit/s
Upload: 19.50 Mbit/s
Tue Jan  5 22:45:01 CET 2021
Ping: 22.463 ms
Download: 344.34 Mbit/s
Upload: 19.35 Mbit/s
Tue Jan  5 23:45:01 CET 2021
Ping: 22.865 ms
Download: 179.75 Mbit/s
Upload: 19.30 Mbit/s
Wed Jan  6 00:45:01 CET 2021
Ping: 22.875 ms
Download: 212.89 Mbit/s
Upload: 19.26 Mbit/s
Wed Jan  6 01:45:01 CET 2021
Ping: 24.271 ms
Download: 195.52 Mbit/s
Upload: 19.59 Mbit/s
Wed Jan  6 02:45:01 CET 2021
Ping: 27.914 ms
Download: 223.31 Mbit/s
Upload: 19.83 Mbit/s
Wed Jan  6 03:45:01 CET 2021
Ping: 21.701 ms
Download: 276.76 Mbit/s
Upload: 19.39 Mbit/s
Wed Jan  6 04:45:01 CET 2021
Ping: 22.272 ms
Download: 213.06 Mbit/s
Upload: 19.56 Mbit/s
Wed Jan  6 05:45:01 CET 2021
Ping: 22.225 ms
Download: 238.67 Mbit/s
Upload: 19.50 Mbit/s
Wed Jan  6 06:45:01 CET 2021
Ping: 22.012 ms
Download: 222.99 Mbit/s
Upload: 19.41 Mbit/s
Wed Jan  6 07:45:01 CET 2021
Ping: 22.355 ms
Download: 194.90 Mbit/s
Upload: 19.75 Mbit/s
Wed Jan  6 08:45:01 CET 2021
Ping: 24.431 ms
Download: 224.53 Mbit/s
Upload: 19.76 Mbit/s
Wed Jan  6 09:45:01 CET 2021
Ping: 22.596 ms
Download: 181.35 Mbit/s
Upload: 18.84 Mbit/s
Wed Jan  6 10:45:01 CET 2021
Ping: 23.239 ms
Download: 219.56 Mbit/s
Upload: 19.51 Mbit/s
Wed Jan  6 11:45:01 CET 2021
Ping: 26.806 ms
Download: 232.34 Mbit/s
Upload: 18.86 Mbit/s
Wed Jan  6 12:45:01 CET 2021
Ping: 23.534 ms
Download: 187.26 Mbit/s
Upload: 19.16 Mbit/s
Wed Jan  6 13:45:01 CET 2021
Ping: 23.479 ms
Download: 244.37 Mbit/s
Upload: 19.54 Mbit/s
Wed Jan  6 14:45:01 CET 2021
Ping: 31.756 ms
Download: 208.07 Mbit/s
Upload: 19.53 Mbit/s
Wed Jan  6 15:45:01 CET 2021
Ping: 23.785 ms
Download: 206.15 Mbit/s
Upload: 19.47 Mbit/s
Wed Jan  6 16:45:02 CET 2021
Ping: 25.405 ms
Download: 243.33 Mbit/s
Upload: 18.30 Mbit/s
Wed Jan  6 17:45:01 CET 2021
Ping: 23.456 ms
Download: 158.48 Mbit/s
Upload: 19.68 Mbit/s
Wed Jan  6 18:45:01 CET 2021
Ping: 22.07 ms
Download: 125.67 Mbit/s
Upload: 18.51 Mbit/s
Wed Jan  6 19:45:01 CET 2021
Ping: 22.586 ms
Download: 245.48 Mbit/s
Upload: 19.54 Mbit/s
Wed Jan  6 20:45:01 CET 2021
Ping: 26.789 ms
Download: 292.02 Mbit/s
Upload: 19.54 Mbit/s
Wed Jan  6 21:45:01 CET 2021
Ping: 25.453 ms
Download: 202.78 Mbit/s
Upload: 19.20 Mbit/s
Wed Jan  6 22:45:01 CET 2021
Ping: 26.356 ms
Download: 210.78 Mbit/s
Upload: 19.57 Mbit/s
Wed Jan  6 23:45:01 CET 2021
Ping: 24.266 ms
Download: 192.24 Mbit/s
Upload: 19.25 Mbit/s
Thu Jan  7 00:45:01 CET 2021
Ping: 22.085 ms
Download: 296.18 Mbit/s
Upload: 19.44 Mbit/s
Thu Jan  7 01:45:01 CET 2021
Ping: 24.861 ms
Download: 226.69 Mbit/s
Upload: 19.49 Mbit/s
Thu Jan  7 02:45:01 CET 2021
Ping: 23.605 ms
Download: 267.79 Mbit/s
Upload: 19.10 Mbit/s
Thu Jan  7 03:45:01 CET 2021
Ping: 20.847 ms
Download: 280.49 Mbit/s
Upload: 19.19 Mbit/s
Thu Jan  7 04:45:01 CET 2021
Ping: 23.596 ms
Download: 167.08 Mbit/s
Upload: 19.68 Mbit/s
Thu Jan  7 05:45:01 CET 2021
Ping: 21.538 ms
Download: 244.51 Mbit/s
Upload: 19.74 Mbit/s
Thu Jan  7 06:45:01 CET 2021
Ping: 22.497 ms
Download: 164.57 Mbit/s
Upload: 19.54 Mbit/s
Thu Jan  7 07:45:01 CET 2021
Ping: 23.135 ms
Download: 196.29 Mbit/s
Upload: 19.67 Mbit/s
Thu Jan  7 08:45:01 CET 2021
Ping: 22.177 ms
Download: 180.76 Mbit/s
Upload: 19.40 Mbit/s
Thu Jan  7 09:45:01 CET 2021
Ping: 24.547 ms
Download: 263.90 Mbit/s
Upload: 19.20 Mbit/s
Thu Jan  7 10:45:01 CET 2021
Ping: 22.744 ms
Download: 244.45 Mbit/s
Upload: 19.70 Mbit/s
Thu Jan  7 11:45:02 CET 2021
Ping: 24.052 ms
Download: 283.32 Mbit/s
Upload: 19.38 Mbit/s
Thu Jan  7 12:45:01 CET 2021
Ping: 22.171 ms
Download: 163.98 Mbit/s
Upload: 19.24 Mbit/s
Thu Jan  7 13:45:01 CET 2021
Ping: 22.858 ms
Download: 188.76 Mbit/s
Upload: 19.47 Mbit/s
Thu Jan  7 14:45:01 CET 2021
Ping: 22.959 ms
Download: 189.47 Mbit/s
Upload: 19.69 Mbit/s
Thu Jan  7 15:45:01 CET 2021
Ping: 23.708 ms
Download: 232.22 Mbit/s
Upload: 18.91 Mbit/s
Thu Jan  7 16:45:01 CET 2021
Ping: 23.673 ms
Download: 265.30 Mbit/s
Upload: 19.18 Mbit/s
Thu Jan  7 17:45:01 CET 2021
Ping: 24.804 ms
Download: 214.55 Mbit/s
Upload: 19.06 Mbit/s
Thu Jan  7 18:45:01 CET 2021
Ping: 24.798 ms
Download: 205.51 Mbit/s
Upload: 19.74 Mbit/s
Thu Jan  7 19:45:01 CET 2021
Ping: 24.078 ms
Download: 209.03 Mbit/s
Upload: 19.61 Mbit/s
Thu Jan  7 20:45:01 CET 2021
Ping: 23.225 ms
Download: 221.08 Mbit/s
Upload: 18.47 Mbit/s
Thu Jan  7 21:45:01 CET 2021
Ping: 22.075 ms
Download: 216.45 Mbit/s
Upload: 19.38 Mbit/s
Thu Jan  7 22:45:01 CET 2021
Ping: 29.497 ms
Download: 209.79 Mbit/s
Upload: 19.65 Mbit/s
Thu Jan  7 23:45:01 CET 2021
Ping: 21.196 ms
Download: 196.08 Mbit/s
Upload: 19.28 Mbit/s
Fri Jan  8 00:45:01 CET 2021
Ping: 23.687 ms
Download: 188.90 Mbit/s
Upload: 19.61 Mbit/s
Fri Jan  8 01:45:01 CET 2021
Ping: 23.583 ms
Download: 229.31 Mbit/s
Upload: 19.71 Mbit/s
Fri Jan  8 02:45:01 CET 2021
Ping: 24.082 ms
Download: 264.79 Mbit/s
Upload: 19.60 Mbit/s
Fri Jan  8 03:45:01 CET 2021
Ping: 21.283 ms
Download: 231.58 Mbit/s
Upload: 19.56 Mbit/s
Fri Jan  8 04:45:01 CET 2021
Ping: 23.068 ms
Download: 268.22 Mbit/s
Upload: 19.56 Mbit/s
Fri Jan  8 05:45:01 CET 2021
Ping: 21.754 ms
Download: 293.29 Mbit/s
Upload: 19.43 Mbit/s
Fri Jan  8 06:45:01 CET 2021
Ping: 24.548 ms
Download: 253.18 Mbit/s
Upload: 19.57 Mbit/s
Fri Jan  8 07:45:01 CET 2021
Ping: 21.876 ms
Download: 172.72 Mbit/s
Upload: 19.54 Mbit/s
Fri Jan  8 08:45:01 CET 2021
Ping: 25.103 ms
Download: 207.07 Mbit/s
Upload: 19.50 Mbit/s
Fri Jan  8 09:45:01 CET 2021
Ping: 23.712 ms
Download: 222.65 Mbit/s
Upload: 19.66 Mbit/s
Fri Jan  8 10:45:01 CET 2021
Ping: 23.665 ms
Download: 150.34 Mbit/s
Upload: 19.82 Mbit/s
Fri Jan  8 11:45:01 CET 2021
Ping: 25.837 ms
Download: 200.73 Mbit/s
Upload: 19.50 Mbit/s
Fri Jan  8 12:45:01 CET 2021
Ping: 22.733 ms
Download: 264.90 Mbit/s
Upload: 19.43 Mbit/s
Fri Jan  8 13:45:01 CET 2021
Ping: 24.152 ms
Download: 199.20 Mbit/s
Upload: 19.16 Mbit/s
Fri Jan  8 14:45:01 CET 2021
Ping: 25.896 ms
Download: 193.37 Mbit/s
Upload: 19.11 Mbit/s
Fri Jan  8 15:45:01 CET 2021
Ping: 21.89 ms
Download: 187.92 Mbit/s
Upload: 19.68 Mbit/s
Fri Jan  8 16:45:01 CET 2021
Ping: 23.892 ms
Download: 253.30 Mbit/s
Upload: 19.70 Mbit/s
Fri Jan  8 17:45:01 CET 2021
Ping: 22.207 ms
Download: 248.11 Mbit/s
Upload: 19.75 Mbit/s
Fri Jan  8 18:45:01 CET 2021
Ping: 27.372 ms
Download: 189.49 Mbit/s
Upload: 18.52 Mbit/s
Fri Jan  8 19:45:01 CET 2021
Ping: 23.079 ms
Download: 191.79 Mbit/s
Upload: 19.20 Mbit/s
Fri Jan  8 20:45:01 CET 2021
Ping: 24.389 ms
Download: 261.76 Mbit/s
Upload: 19.26 Mbit/s
Fri Jan  8 21:45:01 CET 2021
Ping: 23.12 ms
Download: 213.53 Mbit/s
Upload: 19.86 Mbit/s
Fri Jan  8 22:45:01 CET 2021
Ping: 24.807 ms
Download: 244.83 Mbit/s
Upload: 19.39 Mbit/s
Fri Jan  8 23:45:01 CET 2021
Ping: 23.368 ms
Download: 184.79 Mbit/s
Upload: 19.40 Mbit/s
Sat Jan  9 00:45:01 CET 2021
Ping: 23.048 ms
Download: 196.14 Mbit/s
Upload: 19.36 Mbit/s
Sat Jan  9 01:45:01 CET 2021
Ping: 24.382 ms
Download: 194.12 Mbit/s
Upload: 19.71 Mbit/s
Sat Jan  9 02:45:01 CET 2021
Ping: 22.424 ms
Download: 271.36 Mbit/s
Upload: 19.75 Mbit/s
Sat Jan  9 03:45:01 CET 2021
Ping: 26.226 ms
Download: 233.32 Mbit/s
Upload: 18.86 Mbit/s
Sat Jan  9 04:45:01 CET 2021
Ping: 23.265 ms
Download: 280.34 Mbit/s
Upload: 19.62 Mbit/s
Sat Jan  9 05:45:01 CET 2021
Ping: 21.349 ms
Download: 229.65 Mbit/s
Upload: 19.74 Mbit/s
Sat Jan  9 06:45:01 CET 2021
Ping: 23.529 ms
Download: 185.73 Mbit/s
Upload: 19.77 Mbit/s
Sat Jan  9 07:45:02 CET 2021
Ping: 24.036 ms
Download: 236.78 Mbit/s
Upload: 19.45 Mbit/s
Sat Jan  9 08:45:01 CET 2021
Ping: 23.188 ms
Download: 206.48 Mbit/s
Upload: 19.59 Mbit/s
Sat Jan  9 09:45:01 CET 2021
Ping: 30.11 ms
Download: 270.89 Mbit/s
Upload: 18.37 Mbit/s
Sat Jan  9 10:45:01 CET 2021
Ping: 25.264 ms
Download: 279.62 Mbit/s
Upload: 19.38 Mbit/s
Sat Jan  9 11:45:01 CET 2021
Ping: 23.315 ms
Download: 183.69 Mbit/s
Upload: 19.28 Mbit/s
Sat Jan  9 12:45:02 CET 2021
Ping: 24.031 ms
Download: 213.79 Mbit/s
Upload: 19.36 Mbit/s
Sat Jan  9 13:45:01 CET 2021
Ping: 23.198 ms
Download: 182.85 Mbit/s
Upload: 19.52 Mbit/s
Sat Jan  9 14:45:01 CET 2021
Ping: 24.149 ms
Download: 179.52 Mbit/s
Upload: 19.54 Mbit/s
Sat Jan  9 15:45:01 CET 2021
Ping: 27.854 ms
Download: 288.57 Mbit/s
Upload: 18.91 Mbit/s
Sat Jan  9 16:45:01 CET 2021
Ping: 22.84 ms
Download: 105.81 Mbit/s
Upload: 18.94 Mbit/s
Sat Jan  9 17:45:01 CET 2021
Ping: 24.403 ms
Download: 178.29 Mbit/s
Upload: 19.44 Mbit/s
Sat Jan  9 18:45:01 CET 2021
Ping: 23.539 ms
Download: 189.85 Mbit/s
Upload: 19.59 Mbit/s
Sat Jan  9 19:45:02 CET 2021
Ping: 24.228 ms
Download: 264.17 Mbit/s
Upload: 19.22 Mbit/s
Sat Jan  9 20:45:02 CET 2021
Ping: 26.421 ms
Download: 138.81 Mbit/s
Upload: 19.68 Mbit/s
Sat Jan  9 21:45:01 CET 2021
Ping: 25.601 ms
Download: 146.98 Mbit/s
Upload: 19.10 Mbit/s
Sat Jan  9 22:45:01 CET 2021
Ping: 22.689 ms
Download: 124.32 Mbit/s
Upload: 19.54 Mbit/s
Sat Jan  9 23:45:01 CET 2021
Ping: 25.275 ms
Download: 145.60 Mbit/s
Upload: 19.03 Mbit/s
Sun Jan 10 00:45:02 CET 2021
Ping: 25.734 ms
Download: 122.89 Mbit/s
Upload: 18.90 Mbit/s
Sun Jan 10 01:45:01 CET 2021
Ping: 21.681 ms
Download: 229.51 Mbit/s
Upload: 19.79 Mbit/s
Sun Jan 10 02:45:01 CET 2021
Ping: 22.636 ms
Download: 262.90 Mbit/s
Upload: 19.05 Mbit/s
Sun Jan 10 03:45:02 CET 2021
Ping: 22.035 ms
Download: 283.19 Mbit/s
Upload: 19.61 Mbit/s
Sun Jan 10 04:45:01 CET 2021
Ping: 22.909 ms
Download: 286.88 Mbit/s
Upload: 16.80 Mbit/s
Sun Jan 10 05:45:01 CET 2021
Ping: 23.065 ms
Download: 195.46 Mbit/s
Upload: 19.14 Mbit/s
Sun Jan 10 06:45:01 CET 2021
Ping: 21.748 ms
Download: 257.89 Mbit/s
Upload: 19.66 Mbit/s
Sun Jan 10 07:45:01 CET 2021
Ping: 23.019 ms
Download: 211.95 Mbit/s
Upload: 19.80 Mbit/s
Sun Jan 10 08:45:01 CET 2021
Ping: 21.778 ms
Download: 219.20 Mbit/s
Upload: 19.54 Mbit/s
Sun Jan 10 09:45:01 CET 2021
Ping: 23.495 ms
Download: 214.14 Mbit/s
Upload: 15.95 Mbit/s
Sun Jan 10 10:45:01 CET 2021
Ping: 25.97 ms
Download: 197.87 Mbit/s
Upload: 19.43 Mbit/s
Sun Jan 10 11:45:10 CET 2021
Ping: 23.361 ms
Download: 138.50 Mbit/s
Upload: 19.23 Mbit/s
Sun Jan 10 12:45:02 CET 2021
Ping: 26.907 ms
Download: 193.21 Mbit/s
Upload: 18.93 Mbit/s
Sun Jan 10 13:45:01 CET 2021
Ping: 25.03 ms
Download: 221.65 Mbit/s
Upload: 19.56 Mbit/s
Sun Jan 10 14:45:01 CET 2021
Ping: 24.598 ms
Download: 229.65 Mbit/s
Upload: 19.47 Mbit/s
Sun Jan 10 15:45:02 CET 2021
Ping: 25.207 ms
Download: 190.50 Mbit/s
Upload: 19.49 Mbit/s
Sun Jan 10 16:45:02 CET 2021
Ping: 25.238 ms
Download: 142.43 Mbit/s
Upload: 18.47 Mbit/s
Sun Jan 10 17:45:01 CET 2021
Ping: 26.334 ms
Download: 122.39 Mbit/s
Upload: 19.26 Mbit/s
Sun Jan 10 18:45:01 CET 2021
Ping: 30.128 ms
Download: 114.24 Mbit/s
Upload: 18.76 Mbit/s
Sun Jan 10 19:45:01 CET 2021
Ping: 29.109 ms
Download: 129.23 Mbit/s
Upload: 18.44 Mbit/s
Sun Jan 10 20:45:01 CET 2021
Ping: 26.378 ms
Download: 122.39 Mbit/s
Upload: 19.24 Mbit/s
Sun Jan 10 21:45:02 CET 2021
Ping: 27.321 ms
Download: 123.37 Mbit/s
Upload: 18.85 Mbit/s
Sun Jan 10 22:45:01 CET 2021
Ping: 25.047 ms
Download: 234.69 Mbit/s
Upload: 19.55 Mbit/s
Sun Jan 10 23:45:01 CET 2021
Ping: 23.298 ms
Download: 260.18 Mbit/s
Upload: 19.43 Mbit/s
Mon Jan 11 00:45:02 CET 2021
Ping: 22.514 ms
Download: 198.17 Mbit/s
Upload: 19.66 Mbit/s
Mon Jan 11 01:45:01 CET 2021
Ping: 23.438 ms
Download: 225.03 Mbit/s
Upload: 19.42 Mbit/s
Mon Jan 11 02:45:01 CET 2021
Ping: 27.765 ms
Download: 214.01 Mbit/s
Upload: 19.66 Mbit/s
Mon Jan 11 03:45:01 CET 2021
Ping: 21.908 ms
Download: 191.35 Mbit/s
Upload: 19.80 Mbit/s
Mon Jan 11 04:45:01 CET 2021
Ping: 26.722 ms
Download: 214.34 Mbit/s
Upload: 18.94 Mbit/s
Mon Jan 11 05:45:01 CET 2021
Ping: 25.429 ms
Download: 96.75 Mbit/s
Upload: 18.93 Mbit/s
Mon Jan 11 06:45:01 CET 2021
Ping: 24.22 ms
Download: 232.89 Mbit/s
Upload: 19.49 Mbit/s
Mon Jan 11 07:45:01 CET 2021
Ping: 23.085 ms
Download: 193.89 Mbit/s
Upload: 19.33 Mbit/s
Mon Jan 11 08:45:01 CET 2021
Ping: 21.265 ms
Download: 257.78 Mbit/s
Upload: 19.31 Mbit/s
Mon Jan 11 09:45:01 CET 2021
Ping: 23.146 ms
Download: 229.14 Mbit/s
Upload: 19.45 Mbit/s
Mon Jan 11 10:45:01 CET 2021
Ping: 25.358 ms
Download: 163.08 Mbit/s
Upload: 19.11 Mbit/s
Mon Jan 11 11:45:01 CET 2021
Ping: 23.06 ms
Download: 240.99 Mbit/s
Upload: 19.39 Mbit/s
Mon Jan 11 12:45:02 CET 2021
Ping: 24.025 ms
Download: 183.51 Mbit/s
Upload: 18.85 Mbit/s
Mon Jan 11 13:45:01 CET 2021
Ping: 24.04 ms
Download: 229.67 Mbit/s
Upload: 19.20 Mbit/s
Mon Jan 11 14:45:01 CET 2021
Ping: 23.774 ms
Download: 190.36 Mbit/s
Upload: 19.60 Mbit/s
Mon Jan 11 15:45:01 CET 2021
Ping: 21.691 ms
Download: 237.82 Mbit/s
Upload: 19.50 Mbit/s
Mon Jan 11 16:45:01 CET 2021
Ping: 26.782 ms
Download: 21.89 Mbit/s
Upload: 18.49 Mbit/s
Mon Jan 11 17:45:01 CET 2021
Ping: 26.502 ms
Download: 290.18 Mbit/s
Upload: 18.72 Mbit/s
Mon Jan 11 18:45:01 CET 2021
Ping: 23.652 ms
Download: 202.99 Mbit/s
Upload: 19.14 Mbit/s
Mon Jan 11 19:45:01 CET 2021
Ping: 210.905 ms
Download: 10.83 Mbit/s
Upload: 7.69 Mbit/s
Mon Jan 11 20:45:02 CET 2021
Ping: 22.234 ms
Download: 267.13 Mbit/s
Upload: 19.75 Mbit/s
Mon Jan 11 21:45:01 CET 2021
Ping: 23.945 ms
Download: 261.14 Mbit/s
Upload: 19.59 Mbit/s
Mon Jan 11 22:45:01 CET 2021
Ping: 23.799 ms
Download: 184.20 Mbit/s
Upload: 19.11 Mbit/s
Mon Jan 11 23:45:01 CET 2021
Ping: 23.92 ms
Download: 228.13 Mbit/s
Upload: 19.76 Mbit/s
Tue Jan 12 00:45:01 CET 2021
Ping: 27.743 ms
Download: 251.98 Mbit/s
Upload: 18.82 Mbit/s
Tue Jan 12 01:45:01 CET 2021
Ping: 22.891 ms
Download: 236.97 Mbit/s
Upload: 19.70 Mbit/s
Tue Jan 12 02:45:01 CET 2021
Ping: 22.507 ms
Download: 176.30 Mbit/s
Upload: 19.68 Mbit/s
Tue Jan 12 03:45:01 CET 2021
Ping: 22.475 ms
Download: 280.20 Mbit/s
Upload: 19.58 Mbit/s
Tue Jan 12 04:45:01 CET 2021
Ping: 24.695 ms
Download: 250.62 Mbit/s
Upload: 19.54 Mbit/s
Tue Jan 12 05:45:01 CET 2021
Ping: 22.705 ms
Download: 212.44 Mbit/s
Upload: 19.77 Mbit/s
Tue Jan 12 06:45:01 CET 2021
Ping: 24.887 ms
Download: 257.21 Mbit/s
Upload: 19.42 Mbit/s
Tue Jan 12 07:45:01 CET 2021
Ping: 24.12 ms
Download: 245.99 Mbit/s
Upload: 19.83 Mbit/s
Tue Jan 12 08:45:01 CET 2021
Ping: 23.399 ms
Download: 272.04 Mbit/s
Upload: 19.66 Mbit/s
Tue Jan 12 09:45:01 CET 2021
Ping: 23.442 ms
Download: 242.61 Mbit/s
Upload: 19.69 Mbit/s
Tue Jan 12 10:45:01 CET 2021
Ping: 29.586 ms
Download: 225.93 Mbit/s
Upload: 19.43 Mbit/s
Tue Jan 12 11:45:01 CET 2021
Ping: 25.22 ms
Download: 182.36 Mbit/s
Upload: 19.53 Mbit/s
Tue Jan 12 12:45:01 CET 2021
Ping: 23.688 ms
Download: 190.95 Mbit/s
Upload: 19.08 Mbit/s
Tue Jan 12 13:45:01 CET 2021
Ping: 23.265 ms
Download: 279.57 Mbit/s
Upload: 19.41 Mbit/s
Tue Jan 12 14:45:01 CET 2021
Ping: 23.169 ms
Download: 202.87 Mbit/s
Upload: 18.12 Mbit/s
Tue Jan 12 15:45:01 CET 2021
Ping: 29.728 ms
Download: 285.53 Mbit/s
Upload: 19.34 Mbit/s
Tue Jan 12 16:45:01 CET 2021
Ping: 25.362 ms
Download: 183.54 Mbit/s
Upload: 19.33 Mbit/s
Tue Jan 12 17:45:02 CET 2021
Ping: 22.237 ms
Download: 279.10 Mbit/s
Upload: 19.68 Mbit/s
Tue Jan 12 18:45:01 CET 2021
Ping: 23.036 ms
Download: 130.56 Mbit/s
Upload: 19.32 Mbit/s
Tue Jan 12 19:45:01 CET 2021
Ping: 25.069 ms
Download: 225.10 Mbit/s
Upload: 19.12 Mbit/s
Tue Jan 12 20:45:01 CET 2021
Ping: 25.996 ms
Download: 283.43 Mbit/s
Upload: 19.66 Mbit/s
Tue Jan 12 21:45:01 CET 2021
Ping: 33.337 ms
Download: 228.64 Mbit/s
Upload: 18.16 Mbit/s
Tue Jan 12 22:45:01 CET 2021
Ping: 24.689 ms
Download: 231.73 Mbit/s
Upload: 19.36 Mbit/s
Tue Jan 12 23:45:01 CET 2021
Ping: 23.962 ms
Download: 209.91 Mbit/s
Upload: 19.78 Mbit/s
Wed Jan 13 00:45:01 CET 2021
Ping: 22.046 ms
Download: 216.91 Mbit/s
Upload: 19.72 Mbit/s
Wed Jan 13 01:45:01 CET 2021
Ping: 22.559 ms
Download: 286.90 Mbit/s
Upload: 19.55 Mbit/s
Wed Jan 13 02:45:01 CET 2021
Ping: 23.277 ms
Download: 174.82 Mbit/s
Upload: 18.98 Mbit/s
Wed Jan 13 03:45:01 CET 2021
Ping: 23.759 ms
Download: 250.23 Mbit/s
Upload: 19.20 Mbit/s
Wed Jan 13 04:45:01 CET 2021
Ping: 22.25 ms
Download: 255.25 Mbit/s
Upload: 19.47 Mbit/s
Wed Jan 13 05:45:01 CET 2021
Ping: 23.229 ms
Download: 228.21 Mbit/s
Upload: 19.74 Mbit/s
Wed Jan 13 06:45:01 CET 2021
Ping: 25.209 ms
Download: 192.29 Mbit/s
Upload: 19.49 Mbit/s
Wed Jan 13 07:45:01 CET 2021
Ping: 22.011 ms
Download: 190.90 Mbit/s
Upload: 19.74 Mbit/s
Wed Jan 13 08:45:01 CET 2021
Ping: 23.073 ms
Download: 263.82 Mbit/s
Upload: 19.76 Mbit/s
Wed Jan 13 09:45:01 CET 2021
Ping: 24.622 ms
Download: 155.30 Mbit/s
Upload: 19.22 Mbit/s
Wed Jan 13 10:45:01 CET 2021
Ping: 22.242 ms
Download: 260.74 Mbit/s
Upload: 17.09 Mbit/s
Wed Jan 13 11:45:01 CET 2021
Ping: 32.54 ms
Download: 249.41 Mbit/s
Upload: 18.34 Mbit/s
Wed Jan 13 12:45:02 CET 2021
Ping: 24.353 ms
Download: 281.53 Mbit/s
Upload: 19.19 Mbit/s
Wed Jan 13 13:45:01 CET 2021
Ping: 23.519 ms
Download: 194.88 Mbit/s
Upload: 19.46 Mbit/s
Wed Jan 13 14:45:01 CET 2021
Ping: 206.766 ms
Download: 10.62 Mbit/s
Upload: 7.75 Mbit/s
Wed Jan 13 15:45:01 CET 2021
Ping: 25.226 ms
Download: 299.02 Mbit/s
Upload: 17.24 Mbit/s
Wed Jan 13 16:45:02 CET 2021
Ping: 25.729 ms
Download: 265.79 Mbit/s
Upload: 19.17 Mbit/s
Wed Jan 13 17:45:01 CET 2021
Ping: 24.408 ms
Download: 239.01 Mbit/s
Upload: 19.55 Mbit/s
Wed Jan 13 18:45:01 CET 2021
Ping: 32.855 ms
Download: 206.78 Mbit/s
Upload: 19.28 Mbit/s
Wed Jan 13 19:45:01 CET 2021
Ping: 23.578 ms
Download: 182.94 Mbit/s
Upload: 19.15 Mbit/s
Wed Jan 13 20:45:01 CET 2021
Ping: 27.008 ms
Download: 210.00 Mbit/s
Upload: 18.71 Mbit/s
Wed Jan 13 21:45:01 CET 2021
Ping: 22.398 ms
Download: 277.44 Mbit/s
Upload: 19.48 Mbit/s
Wed Jan 13 22:45:01 CET 2021
Ping: 26.078 ms
Download: 246.11 Mbit/s
Upload: 18.24 Mbit/s
Wed Jan 13 23:45:01 CET 2021
Ping: 23.909 ms
Download: 268.99 Mbit/s
Upload: 17.56 Mbit/s
Thu Jan 14 00:45:01 CET 2021
Ping: 23.211 ms
Download: 172.72 Mbit/s
Upload: 19.74 Mbit/s
Thu Jan 14 01:45:01 CET 2021
Ping: 22.613 ms
Download: 236.30 Mbit/s
Upload: 19.45 Mbit/s
Thu Jan 14 02:45:01 CET 2021
Ping: 23.431 ms
Download: 219.24 Mbit/s
Upload: 19.56 Mbit/s
Thu Jan 14 03:45:01 CET 2021
Ping: 22.391 ms
Download: 260.15 Mbit/s
Upload: 19.68 Mbit/s
Thu Jan 14 04:45:01 CET 2021
Ping: 22.504 ms
Download: 208.88 Mbit/s
Upload: 19.43 Mbit/s
Thu Jan 14 05:45:01 CET 2021
Ping: 22.946 ms
Download: 202.37 Mbit/s
Upload: 19.70 Mbit/s
Thu Jan 14 06:45:01 CET 2021
Ping: 28.805 ms
Download: 283.36 Mbit/s
Upload: 19.47 Mbit/s
Thu Jan 14 07:45:01 CET 2021
Ping: 25.904 ms
Download: 188.59 Mbit/s
Upload: 19.80 Mbit/s
Thu Jan 14 08:45:01 CET 2021
Ping: 22.926 ms
Download: 239.63 Mbit/s
Upload: 18.97 Mbit/s
Thu Jan 14 09:45:01 CET 2021
Ping: 23.664 ms
Download: 194.67 Mbit/s
Upload: 16.65 Mbit/s
Thu Jan 14 10:45:01 CET 2021
Ping: 24.445 ms
Download: 245.02 Mbit/s
Upload: 19.13 Mbit/s
Thu Jan 14 11:45:01 CET 2021
Ping: 24.422 ms
Download: 172.70 Mbit/s
Upload: 19.23 Mbit/s
Thu Jan 14 12:45:01 CET 2021
Ping: 26.895 ms
Download: 232.17 Mbit/s
Upload: 18.85 Mbit/s
Thu Jan 14 13:45:01 CET 2021
Ping: 23.012 ms
Download: 193.38 Mbit/s
Upload: 19.12 Mbit/s
Thu Jan 14 14:45:01 CET 2021
Ping: 29.117 ms
Download: 297.49 Mbit/s
Upload: 15.27 Mbit/s
Thu Jan 14 15:45:01 CET 2021
Ping: 28.474 ms
Download: 286.36 Mbit/s
Upload: 18.42 Mbit/s
Thu Jan 14 16:45:01 CET 2021
Ping: 22.71 ms
Download: 271.16 Mbit/s
Upload: 19.45 Mbit/s
Thu Jan 14 17:45:01 CET 2021
Ping: 25.691 ms
Download: 210.03 Mbit/s
Upload: 19.49 Mbit/s
Thu Jan 14 18:45:01 CET 2021
Ping: 27.67 ms
Download: 181.19 Mbit/s
Upload: 19.04 Mbit/s
Thu Jan 14 19:45:02 CET 2021
Ping: 23.098 ms
Download: 272.49 Mbit/s
Upload: 19.44 Mbit/s
Thu Jan 14 20:45:01 CET 2021
Ping: 24.425 ms
Download: 238.90 Mbit/s
Upload: 19.06 Mbit/s
Thu Jan 14 21:45:02 CET 2021
Ping: 21.197 ms
Download: 175.64 Mbit/s
Upload: 19.62 Mbit/s
Thu Jan 14 22:45:01 CET 2021
Ping: 22.082 ms
Download: 234.63 Mbit/s
Upload: 19.63 Mbit/s
Thu Jan 14 23:45:01 CET 2021
Ping: 24.146 ms
Download: 229.01 Mbit/s
Upload: 19.78 Mbit/s
Fri Jan 15 00:45:01 CET 2021
Ping: 22.797 ms
Download: 229.80 Mbit/s
Upload: 19.75 Mbit/s
Fri Jan 15 01:45:01 CET 2021
Ping: 22.725 ms
Download: 168.96 Mbit/s
Upload: 19.72 Mbit/s
Fri Jan 15 02:45:01 CET 2021
Ping: 22.085 ms
Download: 201.43 Mbit/s
Upload: 19.54 Mbit/s
Fri Jan 15 03:45:01 CET 2021
Ping: 23.277 ms
Download: 217.19 Mbit/s
Upload: 19.56 Mbit/s
Fri Jan 15 04:45:01 CET 2021
Ping: 24.633 ms
Download: 230.87 Mbit/s
Upload: 19.84 Mbit/s
Fri Jan 15 05:45:01 CET 2021
Ping: 23.032 ms
Download: 304.49 Mbit/s
Upload: 19.35 Mbit/s
Fri Jan 15 06:45:01 CET 2021
Ping: 23.837 ms
Download: 189.99 Mbit/s
Upload: 19.62 Mbit/s
Fri Jan 15 07:45:01 CET 2021
Ping: 23.244 ms
Download: 247.81 Mbit/s
Upload: 19.51 Mbit/s
Fri Jan 15 08:45:01 CET 2021
Ping: 22.835 ms
Download: 214.16 Mbit/s
Upload: 19.29 Mbit/s
Fri Jan 15 09:45:01 CET 2021
Ping: 23.226 ms
Download: 211.87 Mbit/s
Upload: 18.75 Mbit/s
Fri Jan 15 10:45:01 CET 2021
Ping: 22.423 ms
Download: 284.78 Mbit/s
Upload: 18.55 Mbit/s
Fri Jan 15 11:45:01 CET 2021
Ping: 23.761 ms
Download: 278.64 Mbit/s
Upload: 19.78 Mbit/s
Fri Jan 15 12:45:01 CET 2021
Ping: 24.109 ms
Download: 257.64 Mbit/s
Upload: 19.37 Mbit/s
Fri Jan 15 13:45:01 CET 2021
Ping: 26.099 ms
Download: 218.84 Mbit/s
Upload: 19.26 Mbit/s
Fri Jan 15 14:45:01 CET 2021
Ping: 24.907 ms
Download: 194.93 Mbit/s
Upload: 19.25 Mbit/s
Fri Jan 15 15:45:01 CET 2021
Ping: 22.238 ms
Download: 275.36 Mbit/s
Upload: 19.60 Mbit/s
Fri Jan 15 16:45:01 CET 2021
Ping: 24.916 ms
Download: 198.35 Mbit/s
Upload: 19.27 Mbit/s
Fri Jan 15 17:45:01 CET 2021
Ping: 22.571 ms
Download: 282.61 Mbit/s
Upload: 19.29 Mbit/s
Fri Jan 15 18:45:01 CET 2021
Ping: 23.089 ms
Download: 239.64 Mbit/s
Upload: 19.22 Mbit/s
Fri Jan 15 19:45:01 CET 2021
Ping: 24.738 ms
Download: 227.16 Mbit/s
Upload: 19.60 Mbit/s
Fri Jan 15 20:45:02 CET 2021
Ping: 22.786 ms
Download: 242.01 Mbit/s
Upload: 19.60 Mbit/s
Fri Jan 15 21:45:01 CET 2021
Ping: 25.704 ms
Download: 210.42 Mbit/s
Upload: 18.88 Mbit/s
Fri Jan 15 22:45:01 CET 2021
Ping: 23.642 ms
Download: 187.78 Mbit/s
Upload: 19.72 Mbit/s
Fri Jan 15 23:45:01 CET 2021
Ping: 24.438 ms
Download: 278.78 Mbit/s
Upload: 19.19 Mbit/s
Sat Jan 16 00:45:01 CET 2021
Ping: 23.573 ms
Download: 248.41 Mbit/s
Upload: 19.16 Mbit/s
Sat Jan 16 01:45:01 CET 2021
Ping: 23.42 ms
Download: 198.31 Mbit/s
Upload: 18.75 Mbit/s
Sat Jan 16 02:45:01 CET 2021
Ping: 22.052 ms
Download: 174.97 Mbit/s
Upload: 19.61 Mbit/s
Sat Jan 16 03:45:01 CET 2021
Ping: 21.865 ms
Download: 189.78 Mbit/s
Upload: 19.68 Mbit/s
Sat Jan 16 04:45:01 CET 2021
Ping: 23.407 ms
Download: 249.99 Mbit/s
Upload: 19.74 Mbit/s
Sat Jan 16 05:45:01 CET 2021
Ping: 22.415 ms
Download: 219.49 Mbit/s
Upload: 19.44 Mbit/s
Sat Jan 16 06:45:01 CET 2021
Ping: 23.394 ms
Download: 199.56 Mbit/s
Upload: 19.78 Mbit/s
Sat Jan 16 07:45:01 CET 2021
Ping: 32.772 ms
Download: 234.43 Mbit/s
Upload: 18.35 Mbit/s
Sat Jan 16 08:45:01 CET 2021
Ping: 22.569 ms
Download: 189.22 Mbit/s
Upload: 19.58 Mbit/s
Sat Jan 16 09:45:01 CET 2021
Ping: 22.377 ms
Download: 225.46 Mbit/s
Upload: 19.64 Mbit/s
Sat Jan 16 10:45:01 CET 2021
Ping: 21.891 ms
Download: 187.46 Mbit/s
Upload: 19.84 Mbit/s
Sat Jan 16 11:45:01 CET 2021
Ping: 24.388 ms
Download: 212.12 Mbit/s
Upload: 19.65 Mbit/s
Sat Jan 16 12:45:01 CET 2021
Ping: 22.236 ms
Download: 273.15 Mbit/s
Upload: 19.39 Mbit/s
Sat Jan 16 13:45:01 CET 2021
Ping: 22.591 ms
Download: 243.91 Mbit/s
Upload: 19.84 Mbit/s
Sat Jan 16 14:45:01 CET 2021
Ping: 22.735 ms
Download: 270.05 Mbit/s
Upload: 19.32 Mbit/s
Sat Jan 16 15:45:01 CET 2021
Ping: 26.021 ms
Download: 275.14 Mbit/s
Upload: 19.08 Mbit/s
Sat Jan 16 16:45:01 CET 2021
Ping: 27.804 ms
Download: 246.27 Mbit/s
Upload: 19.31 Mbit/s
Sat Jan 16 17:45:01 CET 2021
Ping: 22.091 ms
Download: 233.99 Mbit/s
Upload: 19.66 Mbit/s
Sat Jan 16 18:45:01 CET 2021
Ping: 22.525 ms
Download: 199.92 Mbit/s
Upload: 19.17 Mbit/s
Sat Jan 16 19:45:01 CET 2021
Ping: 24.399 ms
Download: 236.23 Mbit/s
Upload: 19.41 Mbit/s
Sat Jan 16 20:45:01 CET 2021
Ping: 21.411 ms
Download: 249.16 Mbit/s
Upload: 19.57 Mbit/s
Sat Jan 16 21:45:01 CET 2021
Ping: 24.524 ms
Download: 113.14 Mbit/s
Upload: 13.23 Mbit/s
Sat Jan 16 22:45:01 CET 2021
Ping: 29.424 ms
Download: 217.28 Mbit/s
Upload: 18.86 Mbit/s
Sat Jan 16 23:45:01 CET 2021
Ping: 26.32 ms
Download: 272.07 Mbit/s
Upload: 17.82 Mbit/s
Sun Jan 17 00:45:01 CET 2021
Ping: 27.3 ms
Download: 249.39 Mbit/s
Upload: 19.40 Mbit/s
Sun Jan 17 01:45:01 CET 2021
Ping: 24.043 ms
Download: 181.84 Mbit/s
Upload: 19.54 Mbit/s
Sun Jan 17 02:45:01 CET 2021
Ping: 23.417 ms
Download: 252.83 Mbit/s
Upload: 19.76 Mbit/s
Sun Jan 17 03:45:01 CET 2021
Ping: 24.953 ms
Download: 232.87 Mbit/s
Upload: 19.60 Mbit/s
Sun Jan 17 04:45:01 CET 2021
Ping: 22.445 ms
Download: 185.63 Mbit/s
Upload: 15.93 Mbit/s
Sun Jan 17 05:45:01 CET 2021
Ping: 25.067 ms
Download: 213.61 Mbit/s
Upload: 18.59 Mbit/s
Sun Jan 17 06:45:01 CET 2021
Ping: 23.892 ms
Download: 193.70 Mbit/s
Upload: 19.77 Mbit/s
Sun Jan 17 07:45:01 CET 2021
Ping: 24.512 ms
Download: 161.60 Mbit/s
Upload: 19.18 Mbit/s
Sun Jan 17 08:45:01 CET 2021
Ping: 23.9 ms
Download: 245.58 Mbit/s
Upload: 18.55 Mbit/s
Sun Jan 17 09:45:01 CET 2021
Ping: 22.358 ms
Download: 205.93 Mbit/s
Upload: 17.99 Mbit/s
Sun Jan 17 10:45:02 CET 2021
Ping: 24.183 ms
Download: 133.68 Mbit/s
Upload: 16.02 Mbit/s
Sun Jan 17 11:45:01 CET 2021
Ping: 24.924 ms
Download: 212.15 Mbit/s
Upload: 18.24 Mbit/s
Sun Jan 17 12:45:01 CET 2021
Ping: 20.636 ms
Download: 232.98 Mbit/s
Upload: 18.20 Mbit/s
Sun Jan 17 13:45:01 CET 2021
Ping: 25.876 ms
Download: 163.70 Mbit/s
Upload: 18.46 Mbit/s
Sun Jan 17 14:45:01 CET 2021
Ping: 21.879 ms
Download: 173.34 Mbit/s
Upload: 18.93 Mbit/s
Sun Jan 17 15:45:01 CET 2021
Ping: 23.182 ms
Download: 246.86 Mbit/s
Upload: 16.18 Mbit/s
Sun Jan 17 16:45:01 CET 2021
Ping: 23.897 ms
Download: 217.57 Mbit/s
Upload: 18.35 Mbit/s
Sun Jan 17 17:45:01 CET 2021
Ping: 24.156 ms
Download: 241.01 Mbit/s
Upload: 18.78 Mbit/s
Sun Jan 17 18:45:01 CET 2021
Ping: 24.397 ms
Download: 191.06 Mbit/s
Upload: 16.82 Mbit/s
Sun Jan 17 19:45:01 CET 2021
Ping: 22.411 ms
Download: 246.55 Mbit/s
Upload: 18.32 Mbit/s
Sun Jan 17 20:45:01 CET 2021
Ping: 25.454 ms
Download: 186.67 Mbit/s
Upload: 18.40 Mbit/s
Sun Jan 17 21:45:01 CET 2021
Ping: 22.831 ms
Download: 206.51 Mbit/s
Upload: 17.56 Mbit/s
Sun Jan 17 22:45:01 CET 2021
Ping: 25.442 ms
Download: 244.70 Mbit/s
Upload: 17.79 Mbit/s
Sun Jan 17 23:45:02 CET 2021
Ping: 20.626 ms
Download: 221.18 Mbit/s
Upload: 17.75 Mbit/s
Mon Jan 18 00:45:02 CET 2021
Ping: 23.243 ms
Download: 189.09 Mbit/s
Upload: 19.16 Mbit/s
Mon Jan 18 01:45:01 CET 2021
Ping: 23.704 ms
Download: 229.45 Mbit/s
Upload: 17.53 Mbit/s
Mon Jan 18 02:45:01 CET 2021
Ping: 22.244 ms
Download: 155.38 Mbit/s
Upload: 17.04 Mbit/s
Mon Jan 18 03:45:01 CET 2021
Ping: 22.241 ms
Download: 232.81 Mbit/s
Upload: 17.13 Mbit/s
Mon Jan 18 04:45:01 CET 2021
Ping: 28.386 ms
Download: 176.52 Mbit/s
Upload: 16.45 Mbit/s
Mon Jan 18 05:45:01 CET 2021
Ping: 22.893 ms
Download: 136.65 Mbit/s
Upload: 17.33 Mbit/s
Mon Jan 18 06:45:01 CET 2021
Ping: 21.732 ms
Download: 179.58 Mbit/s
Upload: 18.11 Mbit/s
Mon Jan 18 07:45:01 CET 2021
Ping: 25.122 ms
Download: 145.43 Mbit/s
Upload: 18.81 Mbit/s
Mon Jan 18 08:45:01 CET 2021
Ping: 23.157 ms
Download: 190.02 Mbit/s
Upload: 19.63 Mbit/s
Mon Jan 18 09:45:01 CET 2021
Ping: 22.395 ms
Download: 160.63 Mbit/s
Upload: 18.21 Mbit/s
Mon Jan 18 10:45:01 CET 2021
Ping: 24.498 ms
Download: 130.73 Mbit/s
Upload: 17.47 Mbit/s
Mon Jan 18 11:45:01 CET 2021
Ping: 25.529 ms
Download: 170.36 Mbit/s
Upload: 17.08 Mbit/s
Mon Jan 18 12:45:02 CET 2021
Ping: 28.959 ms
Download: 187.74 Mbit/s
Upload: 16.52 Mbit/s
Mon Jan 18 13:45:01 CET 2021
Ping: 28.26 ms
Download: 168.49 Mbit/s
Upload: 16.27 Mbit/s
Mon Jan 18 14:45:01 CET 2021
Ping: 24.318 ms
Download: 115.06 Mbit/s
Upload: 17.77 Mbit/s
Mon Jan 18 15:45:01 CET 2021
Ping: 24.967 ms
Download: 192.14 Mbit/s
Upload: 17.94 Mbit/s
Mon Jan 18 16:45:01 CET 2021
Ping: 24.854 ms
Download: 189.70 Mbit/s
Upload: 19.72 Mbit/s
Mon Jan 18 17:45:01 CET 2021
Ping: 22.249 ms
Download: 211.25 Mbit/s
Upload: 18.57 Mbit/s
Mon Jan 18 18:45:01 CET 2021
Ping: 23.914 ms
Download: 188.76 Mbit/s
Upload: 19.44 Mbit/s
Mon Jan 18 19:45:01 CET 2021
Ping: 24.739 ms
Download: 230.82 Mbit/s
Upload: 19.75 Mbit/s
Mon Jan 18 20:45:01 CET 2021
Ping: 20.891 ms
Download: 145.69 Mbit/s
Upload: 18.99 Mbit/s
Mon Jan 18 21:45:01 CET 2021
Ping: 22.892 ms
Download: 215.58 Mbit/s
Upload: 19.45 Mbit/s
Mon Jan 18 22:45:01 CET 2021
Ping: 23.984 ms
Download: 203.95 Mbit/s
Upload: 19.68 Mbit/s
Mon Jan 18 23:45:01 CET 2021
Ping: 22.903 ms
Download: 250.90 Mbit/s
Upload: 18.99 Mbit/s
Tue Jan 19 00:45:01 CET 2021
Ping: 23.52 ms
Download: 226.37 Mbit/s
Upload: 19.26 Mbit/s
Tue Jan 19 01:45:01 CET 2021
Ping: 20.608 ms
Download: 237.52 Mbit/s
Upload: 19.40 Mbit/s
Tue Jan 19 02:45:01 CET 2021
Ping: 22.241 ms
Download: 304.63 Mbit/s
Upload: 19.81 Mbit/s
Tue Jan 19 03:45:01 CET 2021
Ping: 22.05 ms
Download: 213.28 Mbit/s
Upload: 19.58 Mbit/s
Tue Jan 19 04:45:01 CET 2021
Ping: 22.688 ms
Download: 195.23 Mbit/s
Upload: 19.76 Mbit/s
Tue Jan 19 05:45:01 CET 2021
Ping: 27.519 ms
Download: 179.99 Mbit/s
Upload: 19.66 Mbit/s
Tue Jan 19 06:45:01 CET 2021
Ping: 22.739 ms
Download: 220.27 Mbit/s
Upload: 19.66 Mbit/s
Tue Jan 19 07:45:01 CET 2021
Ping: 22.069 ms
Download: 185.99 Mbit/s
Upload: 19.57 Mbit/s
Tue Jan 19 08:45:01 CET 2021
Ping: 24.297 ms
Download: 196.20 Mbit/s
Upload: 19.83 Mbit/s
Tue Jan 19 09:45:01 CET 2021
Ping: 22.312 ms
Download: 190.20 Mbit/s
Upload: 19.44 Mbit/s
Tue Jan 19 10:45:01 CET 2021
Ping: 22.608 ms
Download: 215.10 Mbit/s
Upload: 19.05 Mbit/s
Tue Jan 19 11:45:01 CET 2021
Ping: 33.016 ms
Download: 228.78 Mbit/s
Upload: 18.21 Mbit/s
Tue Jan 19 12:45:01 CET 2021
Ping: 22.924 ms
Download: 30.42 Mbit/s
Upload: 15.72 Mbit/s
Tue Jan 19 13:45:01 CET 2021
Ping: 22.266 ms
Download: 112.51 Mbit/s
Upload: 17.40 Mbit/s
Tue Jan 19 14:45:01 CET 2021
Ping: 23.779 ms
Download: 211.89 Mbit/s
Upload: 19.22 Mbit/s
Tue Jan 19 15:45:01 CET 2021
Ping: 27.035 ms
Download: 222.84 Mbit/s
Upload: 19.43 Mbit/s
Tue Jan 19 16:45:01 CET 2021
Ping: 23.643 ms
Download: 151.67 Mbit/s
Upload: 18.94 Mbit/s
Tue Jan 19 17:45:01 CET 2021
Ping: 26.714 ms
Download: 205.49 Mbit/s
Upload: 18.31 Mbit/s
Tue Jan 19 18:45:02 CET 2021
Ping: 24.708 ms
Download: 191.01 Mbit/s
Upload: 19.16 Mbit/s
Tue Jan 19 19:45:02 CET 2021
Ping: 23.381 ms
Download: 227.16 Mbit/s
Upload: 19.49 Mbit/s
Tue Jan 19 20:45:01 CET 2021
Ping: 25.567 ms
Download: 205.10 Mbit/s
Upload: 19.62 Mbit/s
Tue Jan 19 21:45:01 CET 2021
Ping: 27.199 ms
Download: 220.41 Mbit/s
Upload: 19.34 Mbit/s
Tue Jan 19 22:45:01 CET 2021
Ping: 24.184 ms
Download: 221.23 Mbit/s
Upload: 19.07 Mbit/s
Tue Jan 19 23:45:01 CET 2021
Ping: 27.252 ms
Download: 197.15 Mbit/s
Upload: 17.92 Mbit/s
Wed Jan 20 00:45:01 CET 2021
Ping: 23.863 ms
Download: 244.19 Mbit/s
Upload: 19.50 Mbit/s
Wed Jan 20 01:45:01 CET 2021
Ping: 21.415 ms
Download: 235.14 Mbit/s
Upload: 19.51 Mbit/s
Wed Jan 20 02:45:01 CET 2021
Ping: 22.226 ms
Download: 229.44 Mbit/s
Upload: 19.62 Mbit/s
Wed Jan 20 03:45:01 CET 2021
Ping: 23.511 ms
Download: 199.72 Mbit/s
Upload: 19.07 Mbit/s
Wed Jan 20 04:45:01 CET 2021
Ping: 21.09 ms
Download: 226.68 Mbit/s
Upload: 19.29 Mbit/s
Wed Jan 20 05:45:01 CET 2021
Ping: 24.644 ms
Download: 168.55 Mbit/s
Upload: 19.43 Mbit/s
Wed Jan 20 06:45:01 CET 2021
Ping: 26.243 ms
Download: 246.57 Mbit/s
Upload: 18.90 Mbit/s
Wed Jan 20 07:45:01 CET 2021
Ping: 22.909 ms
Download: 257.70 Mbit/s
Upload: 19.29 Mbit/s
Wed Jan 20 08:45:01 CET 2021
Ping: 26.147 ms
Download: 159.55 Mbit/s
Upload: 19.71 Mbit/s
Wed Jan 20 09:45:01 CET 2021
Ping: 22.4 ms
Download: 166.26 Mbit/s
Upload: 19.25 Mbit/s
Wed Jan 20 10:45:01 CET 2021
Ping: 24.478 ms
Download: 154.56 Mbit/s
Upload: 19.53 Mbit/s
Wed Jan 20 11:45:01 CET 2021
Ping: 23.526 ms
Download: 222.40 Mbit/s
Upload: 19.25 Mbit/s
Wed Jan 20 12:45:01 CET 2021
Ping: 21.476 ms
Download: 294.86 Mbit/s
Upload: 19.02 Mbit/s
Wed Jan 20 13:45:01 CET 2021
Ping: 31.122 ms
Download: 216.39 Mbit/s
Upload: 18.71 Mbit/s
Wed Jan 20 14:45:01 CET 2021
Ping: 22.717 ms
Download: 139.40 Mbit/s
Upload: 19.32 Mbit/s
Wed Jan 20 15:45:01 CET 2021
Ping: 26.567 ms
Download: 188.85 Mbit/s
Upload: 18.27 Mbit/s
Wed Jan 20 16:45:01 CET 2021
Ping: 29.534 ms
Download: 267.16 Mbit/s
Upload: 19.36 Mbit/s
Wed Jan 20 17:45:01 CET 2021
Ping: 24.148 ms
Download: 268.20 Mbit/s
Upload: 19.19 Mbit/s
Wed Jan 20 18:45:01 CET 2021
Ping: 23.072 ms
Download: 175.25 Mbit/s
Upload: 19.68 Mbit/s
Wed Jan 20 19:45:01 CET 2021
Ping: 24.215 ms
Download: 167.45 Mbit/s
Upload: 18.89 Mbit/s
Wed Jan 20 20:45:01 CET 2021
Ping: 24.603 ms
Download: 133.44 Mbit/s
Upload: 19.58 Mbit/s
Wed Jan 20 21:45:01 CET 2021
Ping: 26.635 ms
Download: 275.72 Mbit/s
Upload: 19.72 Mbit/s
Wed Jan 20 22:45:01 CET 2021
Ping: 23.951 ms
Download: 241.07 Mbit/s
Upload: 19.52 Mbit/s
Wed Jan 20 23:45:01 CET 2021
Ping: 23.075 ms
Download: 267.11 Mbit/s
Upload: 19.50 Mbit/s
Thu Jan 21 00:45:01 CET 2021
Ping: 24.591 ms
Download: 175.85 Mbit/s
Upload: 19.85 Mbit/s
Thu Jan 21 01:45:01 CET 2021
Ping: 22.682 ms
Download: 33.78 Mbit/s
Upload: 14.24 Mbit/s
Thu Jan 21 02:45:01 CET 2021
Ping: 22.04 ms
Download: 237.85 Mbit/s
Upload: 19.75 Mbit/s
Thu Jan 21 03:45:01 CET 2021
Ping: 22.065 ms
Download: 270.73 Mbit/s
Upload: 19.30 Mbit/s
Thu Jan 21 04:45:01 CET 2021
Ping: 22.877 ms
Download: 208.00 Mbit/s
Upload: 19.68 Mbit/s
Thu Jan 21 05:45:01 CET 2021
Ping: 23.722 ms
Download: 228.50 Mbit/s
Upload: 19.08 Mbit/s
Thu Jan 21 06:45:01 CET 2021
Ping: 21.3 ms
Download: 221.06 Mbit/s
Upload: 19.32 Mbit/s
Thu Jan 21 07:45:01 CET 2021
Ping: 21.92 ms
Download: 238.98 Mbit/s
Upload: 19.49 Mbit/s
Thu Jan 21 08:45:01 CET 2021
Ping: 24.042 ms
Download: 251.50 Mbit/s
Upload: 19.36 Mbit/s
Thu Jan 21 09:45:01 CET 2021
Ping: 24.058 ms
Download: 188.63 Mbit/s
Upload: 19.73 Mbit/s
Thu Jan 21 10:45:01 CET 2021
Ping: 23.068 ms
Download: 268.52 Mbit/s
Upload: 19.11 Mbit/s
Thu Jan 21 11:45:01 CET 2021
Ping: 22.774 ms
Download: 190.86 Mbit/s
Upload: 19.50 Mbit/s
Thu Jan 21 12:45:01 CET 2021
Ping: 23.665 ms
Download: 264.40 Mbit/s
Upload: 18.76 Mbit/s
Thu Jan 21 13:45:01 CET 2021
Ping: 28.113 ms
Download: 150.70 Mbit/s
Upload: 19.16 Mbit/s
Thu Jan 21 14:45:01 CET 2021
Ping: 22.724 ms
Download: 134.48 Mbit/s
Upload: 19.32 Mbit/s
Thu Jan 21 15:45:01 CET 2021
Ping: 29.585 ms
Download: 215.84 Mbit/s
Upload: 19.00 Mbit/s
Thu Jan 21 16:45:01 CET 2021
Ping: 23.031 ms
Download: 168.78 Mbit/s
Upload: 19.66 Mbit/s
Thu Jan 21 17:45:01 CET 2021
Ping: 26.609 ms
Download: 225.76 Mbit/s
Upload: 18.70 Mbit/s
Thu Jan 21 18:45:01 CET 2021
Ping: 27.098 ms
Download: 222.38 Mbit/s
Upload: 19.25 Mbit/s
Thu Jan 21 19:45:01 CET 2021
Ping: 23.551 ms
Download: 172.87 Mbit/s
Upload: 19.69 Mbit/s
Thu Jan 21 20:45:01 CET 2021
Ping: 25.623 ms
Download: 256.60 Mbit/s
Upload: 19.50 Mbit/s
Thu Jan 21 21:45:01 CET 2021
Ping: 27.692 ms
Download: 262.50 Mbit/s
Upload: 19.58 Mbit/s
Thu Jan 21 22:45:01 CET 2021
Ping: 25.537 ms
Download: 222.86 Mbit/s
Upload: 18.02 Mbit/s
Thu Jan 21 23:45:01 CET 2021
Ping: 24.908 ms
Download: 161.79 Mbit/s
Upload: 19.50 Mbit/s
Fri Jan 22 00:45:01 CET 2021
Ping: 24.808 ms
Download: 199.91 Mbit/s
Upload: 19.82 Mbit/s
Fri Jan 22 01:45:02 CET 2021
Ping: 27.063 ms
Download: 234.46 Mbit/s
Upload: 18.56 Mbit/s
Fri Jan 22 02:45:01 CET 2021
Ping: 21.811 ms
Download: 268.01 Mbit/s
Upload: 19.46 Mbit/s
Fri Jan 22 03:45:01 CET 2021
Ping: 23.746 ms
Download: 165.97 Mbit/s
Upload: 19.59 Mbit/s
Fri Jan 22 04:45:01 CET 2021
Ping: 22.575 ms
Download: 196.67 Mbit/s
Upload: 19.69 Mbit/s
Fri Jan 22 05:45:01 CET 2021
Ping: 22.821 ms
Download: 190.61 Mbit/s
Upload: 19.04 Mbit/s
Fri Jan 22 06:45:01 CET 2021
Ping: 26.413 ms
Download: 247.43 Mbit/s
Upload: 19.44 Mbit/s
Fri Jan 22 07:45:02 CET 2021
Ping: 24.183 ms
Download: 221.94 Mbit/s
Upload: 19.26 Mbit/s
Fri Jan 22 08:45:01 CET 2021
Ping: 20.916 ms
Download: 319.35 Mbit/s
Upload: 19.52 Mbit/s
Fri Jan 22 09:45:02 CET 2021
Ping: 21.751 ms
Download: 248.46 Mbit/s
Upload: 19.17 Mbit/s
Fri Jan 22 10:45:01 CET 2021
Ping: 22.069 ms
Download: 293.66 Mbit/s
Upload: 19.12 Mbit/s
Fri Jan 22 11:45:01 CET 2021
Ping: 25.485 ms
Download: 239.80 Mbit/s
Upload: 19.61 Mbit/s
Fri Jan 22 12:45:01 CET 2021
Ping: 22.52 ms
Download: 177.30 Mbit/s
Upload: 19.48 Mbit/s
Fri Jan 22 13:45:01 CET 2021
Ping: 22.528 ms
Download: 322.94 Mbit/s
Upload: 19.42 Mbit/s
Fri Jan 22 14:45:01 CET 2021
Ping: 27.777 ms
Download: 238.49 Mbit/s
Upload: 19.31 Mbit/s
Fri Jan 22 15:45:01 CET 2021
Ping: 22.493 ms
Download: 250.73 Mbit/s
Upload: 19.23 Mbit/s
Fri Jan 22 16:45:01 CET 2021
Ping: 23.252 ms
Download: 184.54 Mbit/s
Upload: 19.53 Mbit/s
Fri Jan 22 17:45:01 CET 2021
Ping: 22.479 ms
Download: 320.06 Mbit/s
Upload: 19.66 Mbit/s
Fri Jan 22 18:45:01 CET 2021
Ping: 22.348 ms
Download: 274.96 Mbit/s
Upload: 19.22 Mbit/s
Fri Jan 22 19:45:01 CET 2021
Ping: 21.912 ms
Download: 214.31 Mbit/s
Upload: 18.94 Mbit/s
Fri Jan 22 20:45:01 CET 2021
Ping: 23.565 ms
Download: 174.59 Mbit/s
Upload: 10.31 Mbit/s
Fri Jan 22 21:45:01 CET 2021
Ping: 21.22 ms
Download: 278.43 Mbit/s
Upload: 19.40 Mbit/s
Fri Jan 22 22:45:01 CET 2021
Ping: 23.083 ms
Download: 241.94 Mbit/s
Upload: 19.72 Mbit/s
Fri Jan 22 23:45:01 CET 2021
Ping: 26.129 ms
Download: 255.49 Mbit/s
Upload: 19.37 Mbit/s
Sat Jan 23 00:45:01 CET 2021
Ping: 21.924 ms
Download: 230.32 Mbit/s
Upload: 19.78 Mbit/s
Sat Jan 23 01:45:01 CET 2021
Ping: 31.58 ms
Download: 265.26 Mbit/s
Upload: 19.49 Mbit/s
Sat Jan 23 02:45:01 CET 2021
Ping: 24.064 ms
Download: 257.27 Mbit/s
Upload: 19.64 Mbit/s
Sat Jan 23 03:45:01 CET 2021
Ping: 26.353 ms
Download: 260.68 Mbit/s
Upload: 19.29 Mbit/s
Sat Jan 23 04:45:01 CET 2021
Ping: 20.736 ms
Download: 296.88 Mbit/s
Upload: 19.72 Mbit/s
Sat Jan 23 05:45:01 CET 2021
Ping: 21.395 ms
Download: 257.80 Mbit/s
Upload: 19.78 Mbit/s
Sat Jan 23 06:45:01 CET 2021
Ping: 23.312 ms
Download: 178.91 Mbit/s
Upload: 19.82 Mbit/s
Sat Jan 23 07:45:01 CET 2021
Ping: 22.565 ms
Download: 323.64 Mbit/s
Upload: 19.69 Mbit/s
Sat Jan 23 08:45:01 CET 2021
Ping: 22.726 ms
Download: 197.84 Mbit/s
Upload: 19.36 Mbit/s
Sat Jan 23 09:45:01 CET 2021
Ping: 24.173 ms
Download: 180.62 Mbit/s
Upload: 19.51 Mbit/s
Sat Jan 23 10:45:01 CET 2021
Ping: 27.903 ms
Download: 226.72 Mbit/s
Upload: 18.05 Mbit/s
Sat Jan 23 11:45:01 CET 2021
Ping: 23.557 ms
Download: 212.05 Mbit/s
Upload: 19.04 Mbit/s
Sat Jan 23 12:45:01 CET 2021
Ping: 21.213 ms
Download: 17.66 Mbit/s
Upload: 13.55 Mbit/s
Sat Jan 23 13:45:01 CET 2021
Ping: 19.74 ms
Download: 13.66 Mbit/s
Upload: 1.08 Mbit/s
Sat Jan 23 14:45:01 CET 2021
Ping: 22.584 ms
Download: 232.14 Mbit/s
Upload: 19.68 Mbit/s
Sat Jan 23 15:45:01 CET 2021
Ping: 24.343 ms
Download: 197.37 Mbit/s
Upload: 19.82 Mbit/s
Sat Jan 23 16:45:01 CET 2021
Ping: 24.552 ms
Download: 237.81 Mbit/s
Upload: 19.68 Mbit/s
Sat Jan 23 17:45:02 CET 2021
Ping: 25.408 ms
Download: 231.99 Mbit/s
Upload: 19.09 Mbit/s
Sat Jan 23 18:45:02 CET 2021
Ping: 24.502 ms
Download: 239.17 Mbit/s
Upload: 19.22 Mbit/s
Sat Jan 23 19:45:01 CET 2021
Ping: 22.895 ms
Download: 231.32 Mbit/s
Upload: 19.54 Mbit/s
Sat Jan 23 20:45:01 CET 2021
Ping: 25.276 ms
Download: 173.48 Mbit/s
Upload: 19.36 Mbit/s
Sat Jan 23 21:45:01 CET 2021
Ping: 25.567 ms
Download: 195.93 Mbit/s
Upload: 19.39 Mbit/s
Sat Jan 23 22:45:01 CET 2021
Ping: 22.239 ms
Download: 251.07 Mbit/s
Upload: 19.68 Mbit/s
Sat Jan 23 23:45:01 CET 2021
Ping: 21.858 ms
Download: 195.56 Mbit/s
Upload: 19.61 Mbit/s
Sun Jan 24 00:45:01 CET 2021
Ping: 27.643 ms
Download: 283.12 Mbit/s
Upload: 19.49 Mbit/s
Sun Jan 24 01:45:01 CET 2021
Ping: 23.913 ms
Download: 194.44 Mbit/s
Upload: 19.39 Mbit/s
Sun Jan 24 02:45:01 CET 2021
Ping: 22.95 ms
Download: 221.15 Mbit/s
Upload: 19.73 Mbit/s
Sun Jan 24 03:45:02 CET 2021
Ping: 35.327 ms
Download: 186.29 Mbit/s
Upload: 15.99 Mbit/s
Sun Jan 24 04:45:01 CET 2021
Ping: 25.158 ms
Download: 110.49 Mbit/s
Upload: 18.10 Mbit/s
Sun Jan 24 05:45:03 CET 2021
Ping: 23.942 ms
Download: 183.53 Mbit/s
Upload: 16.78 Mbit/s
Sun Jan 24 06:45:02 CET 2021
Ping: 22.016 ms
Download: 171.27 Mbit/s
Upload: 17.68 Mbit/s
Sun Jan 24 07:45:03 CET 2021
Ping: 25.341 ms
Download: 179.16 Mbit/s
Upload: 19.82 Mbit/s
Sun Jan 24 08:45:01 CET 2021
Ping: 23.107 ms
Download: 154.06 Mbit/s
Upload: 16.62 Mbit/s
Sun Jan 24 09:45:01 CET 2021
Ping: 24.533 ms
Download: 190.43 Mbit/s
Upload: 17.78 Mbit/s
Sun Jan 24 10:45:01 CET 2021
Ping: 25.031 ms
Download: 218.44 Mbit/s
Upload: 16.65 Mbit/s
Sun Jan 24 11:45:01 CET 2021
Ping: 20.749 ms
Download: 246.15 Mbit/s
Upload: 19.63 Mbit/s
Sun Jan 24 12:45:01 CET 2021
Ping: 23.865 ms
Download: 161.69 Mbit/s
Upload: 19.52 Mbit/s
Sun Jan 24 13:45:01 CET 2021
Ping: 24.605 ms
Download: 278.58 Mbit/s
Upload: 19.52 Mbit/s
Sun Jan 24 14:45:01 CET 2021
Ping: 23.236 ms
Download: 165.27 Mbit/s
Upload: 19.54 Mbit/s
Sun Jan 24 15:45:01 CET 2021
Ping: 23.172 ms
Download: 189.20 Mbit/s
Upload: 19.56 Mbit/s
Sun Jan 24 16:45:01 CET 2021
Ping: 22.808 ms
Download: 258.91 Mbit/s
Upload: 19.68 Mbit/s
Sun Jan 24 17:45:01 CET 2021
Ping: 24.318 ms
Download: 119.38 Mbit/s
Upload: 18.71 Mbit/s
Sun Jan 24 18:45:01 CET 2021
Ping: 24.055 ms
Download: 197.65 Mbit/s
Upload: 18.00 Mbit/s
Sun Jan 24 19:45:01 CET 2021
Ping: 29.381 ms
Download: 249.81 Mbit/s
Upload: 18.72 Mbit/s
Sun Jan 24 20:45:01 CET 2021
Ping: 23.67 ms
Download: 180.13 Mbit/s
Upload: 19.50 Mbit/s
Sun Jan 24 21:45:01 CET 2021
Ping: 23.72 ms
Download: 363.05 Mbit/s
Upload: 19.36 Mbit/s
Sun Jan 24 22:45:01 CET 2021
Ping: 23.088 ms
Download: 281.56 Mbit/s
Upload: 19.47 Mbit/s
Sun Jan 24 23:45:02 CET 2021
Ping: 24.087 ms
Download: 242.74 Mbit/s
Upload: 19.15 Mbit/s
Mon Jan 25 00:45:01 CET 2021
Ping: 21.89 ms
Download: 191.50 Mbit/s
Upload: 19.59 Mbit/s
Mon Jan 25 01:45:01 CET 2021
Ping: 33.279 ms
Download: 212.90 Mbit/s
Upload: 19.61 Mbit/s
Mon Jan 25 02:45:01 CET 2021
Ping: 18.922 ms
Download: 40.96 Mbit/s
Upload: 0.72 Mbit/s
Mon Jan 25 03:45:01 CET 2021
Ping: 18.981 ms
Download: 36.95 Mbit/s
Upload: 15.12 Mbit/s
Mon Jan 25 04:45:01 CET 2021
Ping: 19.914 ms
Download: 134.40 Mbit/s
Upload: 19.49 Mbit/s
Mon Jan 25 05:45:01 CET 2021
Ping: 25.154 ms
Download: 302.29 Mbit/s
Upload: 19.44 Mbit/s
Mon Jan 25 06:45:01 CET 2021
Ping: 26.886 ms
Download: 213.46 Mbit/s
Upload: 19.43 Mbit/s
Mon Jan 25 07:45:01 CET 2021
Ping: 25.232 ms
Download: 180.50 Mbit/s
Upload: 19.33 Mbit/s
Mon Jan 25 08:45:01 CET 2021
Ping: 22.871 ms
Download: 300.08 Mbit/s
Upload: 19.69 Mbit/s
Mon Jan 25 09:45:01 CET 2021
Ping: 22.547 ms
Download: 133.46 Mbit/s
Upload: 17.22 Mbit/s
Mon Jan 25 10:45:01 CET 2021
Ping: 24.808 ms
Download: 257.56 Mbit/s
Upload: 19.45 Mbit/s
Mon Jan 25 11:45:01 CET 2021
Ping: 25.816 ms
Download: 267.19 Mbit/s
Upload: 19.31 Mbit/s
Mon Jan 25 12:45:01 CET 2021
Ping: 23.452 ms
Download: 232.97 Mbit/s
Upload: 19.29 Mbit/s
Mon Jan 25 13:45:01 CET 2021
Ping: 29.074 ms
Download: 299.98 Mbit/s
Upload: 18.74 Mbit/s
Mon Jan 25 14:45:02 CET 2021
Ping: 28.777 ms
Download: 152.70 Mbit/s
Upload: 19.02 Mbit/s
Mon Jan 25 15:45:02 CET 2021
Ping: 25.868 ms
Download: 189.51 Mbit/s
Upload: 19.09 Mbit/s
Mon Jan 25 16:45:01 CET 2021
Ping: 23.747 ms
Download: 197.26 Mbit/s
Upload: 19.53 Mbit/s
Mon Jan 25 17:45:01 CET 2021
Ping: 28.337 ms
Download: 239.32 Mbit/s
Upload: 19.34 Mbit/s
Mon Jan 25 18:45:01 CET 2021
Ping: 22.205 ms
Download: 31.51 Mbit/s
Upload: 15.52 Mbit/s
Mon Jan 25 19:45:01 CET 2021
Ping: 24.221 ms
Download: 239.61 Mbit/s
Upload: 19.40 Mbit/s
Mon Jan 25 20:45:01 CET 2021
Ping: 22.919 ms
Download: 191.62 Mbit/s
Upload: 19.11 Mbit/s
Mon Jan 25 21:45:01 CET 2021
Ping: 23.413 ms
Download: 112.22 Mbit/s
Upload: 19.16 Mbit/s
Mon Jan 25 22:45:02 CET 2021
Ping: 26.515 ms
Download: 207.63 Mbit/s
Upload: 19.42 Mbit/s
Mon Jan 25 23:45:02 CET 2021
Ping: 23.872 ms
Download: 190.55 Mbit/s
Upload: 19.56 Mbit/s
Tue Jan 26 00:45:01 CET 2021
Ping: 26.74 ms
Download: 125.57 Mbit/s
Upload: 19.18 Mbit/s
Tue Jan 26 01:45:01 CET 2021
Ping: 24.652 ms
Download: 221.25 Mbit/s
Upload: 19.27 Mbit/s
Tue Jan 26 02:45:01 CET 2021
Ping: 21.303 ms
Download: 264.14 Mbit/s
Upload: 19.59 Mbit/s
Tue Jan 26 03:45:02 CET 2021
Ping: 23.553 ms
Download: 227.94 Mbit/s
Upload: 19.18 Mbit/s
Tue Jan 26 04:45:01 CET 2021
Ping: 23.985 ms
Download: 249.40 Mbit/s
Upload: 19.55 Mbit/s
Tue Jan 26 05:45:01 CET 2021
Ping: 21.715 ms
Download: 255.64 Mbit/s
Upload: 19.54 Mbit/s
Tue Jan 26 06:45:01 CET 2021
Ping: 23.106 ms
Download: 275.25 Mbit/s
Upload: 19.59 Mbit/s
Tue Jan 26 07:45:01 CET 2021
Ping: 22.843 ms
Download: 182.74 Mbit/s
Upload: 19.65 Mbit/s
Tue Jan 26 08:45:01 CET 2021
Ping: 24.753 ms
Download: 238.99 Mbit/s
Upload: 19.57 Mbit/s
Tue Jan 26 09:45:01 CET 2021
Ping: 21.03 ms
Download: 320.84 Mbit/s
Upload: 19.27 Mbit/s
Tue Jan 26 10:45:01 CET 2021
Ping: 22.797 ms
Download: 215.10 Mbit/s
Upload: 17.18 Mbit/s
Tue Jan 26 11:45:01 CET 2021
Ping: 22.25 ms
Download: 194.55 Mbit/s
Upload: 19.36 Mbit/s
Tue Jan 26 12:45:01 CET 2021
Ping: 23.54 ms
Download: 228.50 Mbit/s
Upload: 19.11 Mbit/s
Tue Jan 26 13:45:01 CET 2021
Ping: 22.729 ms
Download: 204.91 Mbit/s
Upload: 19.60 Mbit/s
Tue Jan 26 14:45:01 CET 2021
Ping: 23.593 ms
Download: 325.49 Mbit/s
Upload: 19.52 Mbit/s
Tue Jan 26 15:45:01 CET 2021
Ping: 28.194 ms
Download: 225.95 Mbit/s
Upload: 18.39 Mbit/s
Tue Jan 26 16:45:01 CET 2021
Ping: 24.893 ms
Download: 189.89 Mbit/s
Upload: 19.67 Mbit/s
Tue Jan 26 17:45:01 CET 2021
Ping: 23.973 ms
Download: 210.32 Mbit/s
Upload: 19.28 Mbit/s
Tue Jan 26 18:45:01 CET 2021
Ping: 23.774 ms
Download: 271.02 Mbit/s
Upload: 19.80 Mbit/s
Tue Jan 26 19:45:01 CET 2021
Ping: 24.569 ms
Download: 178.39 Mbit/s
Upload: 19.10 Mbit/s
Tue Jan 26 20:45:01 CET 2021
Ping: 24.564 ms
Download: 252.92 Mbit/s
Upload: 19.73 Mbit/s
Tue Jan 26 21:45:01 CET 2021
Ping: 23.913 ms
Download: 169.89 Mbit/s
Upload: 19.47 Mbit/s
Tue Jan 26 22:45:01 CET 2021
Ping: 23.411 ms
Download: 316.70 Mbit/s
Upload: 19.56 Mbit/s
Tue Jan 26 23:45:02 CET 2021
Ping: 22.181 ms
Download: 244.61 Mbit/s
Upload: 19.02 Mbit/s
Wed Jan 27 00:45:01 CET 2021
Could not retrieve speedtest.net configuration
Wed Jan 27 01:45:01 CET 2021
Ping: 27.204 ms
Download: 270.97 Mbit/s
Upload: 19.27 Mbit/s
Wed Jan 27 02:45:01 CET 2021
Ping: 27.398 ms
Download: 242.23 Mbit/s
Upload: 17.20 Mbit/s
Wed Jan 27 03:45:01 CET 2021
Ping: 21.192 ms
Download: 350.82 Mbit/s
Upload: 19.83 Mbit/s
Wed Jan 27 04:45:01 CET 2021
Ping: 25.349 ms
Download: 261.92 Mbit/s
Upload: 19.47 Mbit/s
Wed Jan 27 05:45:02 CET 2021
Ping: 20.231 ms
Download: 166.72 Mbit/s
Upload: 19.80 Mbit/s
Wed Jan 27 06:45:01 CET 2021
Ping: 21.605 ms
Download: 236.33 Mbit/s
Upload: 19.55 Mbit/s
Wed Jan 27 07:45:01 CET 2021
Ping: 26.818 ms
Download: 160.97 Mbit/s
Upload: 18.88 Mbit/s
Wed Jan 27 08:45:01 CET 2021
Ping: 23.413 ms
Download: 127.88 Mbit/s
Upload: 19.26 Mbit/s
Wed Jan 27 09:45:01 CET 2021
Ping: 30.365 ms
Download: 186.76 Mbit/s
Upload: 19.64 Mbit/s
Wed Jan 27 10:45:01 CET 2021
Ping: 24.097 ms
Download: 163.01 Mbit/s
Upload: 19.64 Mbit/s
Wed Jan 27 11:45:01 CET 2021
Ping: 25.27 ms
Download: 184.56 Mbit/s
Upload: 18.78 Mbit/s
Wed Jan 27 12:45:01 CET 2021
Ping: 22.671 ms
Download: 238.82 Mbit/s
Upload: 17.78 Mbit/s
Wed Jan 27 13:45:01 CET 2021
Ping: 22.304 ms
Download: 181.96 Mbit/s
Upload: 19.60 Mbit/s
Wed Jan 27 14:45:01 CET 2021
Ping: 27.747 ms
Download: 247.66 Mbit/s
Upload: 18.97 Mbit/s
Wed Jan 27 15:45:01 CET 2021
Ping: 26.903 ms
Download: 292.38 Mbit/s
Upload: 18.60 Mbit/s
Wed Jan 27 16:45:01 CET 2021
Ping: 25.141 ms
Download: 275.87 Mbit/s
Upload: 19.77 Mbit/s
Wed Jan 27 17:45:01 CET 2021
Ping: 25.243 ms
Download: 246.06 Mbit/s
Upload: 19.49 Mbit/s
Wed Jan 27 18:45:01 CET 2021
Ping: 27.449 ms
Download: 255.43 Mbit/s
Upload: 18.52 Mbit/s
Wed Jan 27 19:45:01 CET 2021
Ping: 26.553 ms
Download: 175.35 Mbit/s
Upload: 18.39 Mbit/s
Wed Jan 27 20:45:01 CET 2021
Ping: 23.783 ms
Download: 232.66 Mbit/s
Upload: 19.63 Mbit/s
Wed Jan 27 21:45:01 CET 2021
Ping: 21.521 ms
Download: 107.36 Mbit/s
Upload: 11.58 Mbit/s
Wed Jan 27 22:45:01 CET 2021
Ping: 22.429 ms
Download: 256.07 Mbit/s
Upload: 18.66 Mbit/s
Wed Jan 27 23:45:01 CET 2021
Ping: 22.654 ms
Download: 247.47 Mbit/s
Upload: 19.59 Mbit/s
Thu Jan 28 00:45:01 CET 2021
Ping: 22.023 ms
Download: 201.11 Mbit/s
Upload: 19.27 Mbit/s
Thu Jan 28 01:45:01 CET 2021
Ping: 21.934 ms
Download: 89.70 Mbit/s
Upload: 19.31 Mbit/s
Thu Jan 28 02:45:01 CET 2021
Ping: 22.923 ms
Download: 191.02 Mbit/s
Upload: 19.80 Mbit/s
Thu Jan 28 03:45:01 CET 2021
Ping: 21.389 ms
Download: 89.99 Mbit/s
Upload: 19.66 Mbit/s
Thu Jan 28 04:45:01 CET 2021
Ping: 21.21 ms
Download: 341.23 Mbit/s
Upload: 19.75 Mbit/s
Thu Jan 28 05:45:01 CET 2021
Ping: 24.187 ms
Download: 60.71 Mbit/s
Upload: 19.60 Mbit/s
Thu Jan 28 06:45:01 CET 2021
Ping: 20.746 ms
Download: 128.71 Mbit/s
Upload: 19.44 Mbit/s
Thu Jan 28 07:45:01 CET 2021
Ping: 22.884 ms
Download: 252.91 Mbit/s
Upload: 19.02 Mbit/s
Thu Jan 28 08:45:01 CET 2021
Ping: 21.413 ms
Download: 84.60 Mbit/s
Upload: 18.91 Mbit/s
Thu Jan 28 09:45:01 CET 2021
Ping: 19.865 ms
Download: 17.79 Mbit/s
Upload: 13.05 Mbit/s
Thu Jan 28 10:45:02 CET 2021
Ping: 22.18 ms
Download: 65.47 Mbit/s
Upload: 17.92 Mbit/s
Thu Jan 28 11:45:01 CET 2021
Ping: 21.373 ms
Download: 239.23 Mbit/s
Upload: 19.49 Mbit/s
Thu Jan 28 12:45:01 CET 2021
Ping: 24.425 ms
Download: 174.02 Mbit/s
Upload: 19.49 Mbit/s
Thu Jan 28 13:45:01 CET 2021
Ping: 27.917 ms
Download: 275.85 Mbit/s
Upload: 18.85 Mbit/s
Thu Jan 28 14:45:01 CET 2021
Ping: 24.323 ms
Download: 197.05 Mbit/s
Upload: 19.36 Mbit/s
Thu Jan 28 15:45:01 CET 2021
Ping: 23.197 ms
Download: 130.19 Mbit/s
Upload: 19.19 Mbit/s
Thu Jan 28 16:45:01 CET 2021
Ping: 23.028 ms
Download: 165.20 Mbit/s
Upload: 19.40 Mbit/s
Thu Jan 28 17:45:01 CET 2021
Ping: 23.576 ms
Download: 274.90 Mbit/s
Upload: 19.47 Mbit/s
Thu Jan 28 18:45:01 CET 2021
Ping: 23.022 ms
Download: 156.86 Mbit/s
Upload: 19.44 Mbit/s
Thu Jan 28 19:45:01 CET 2021
Ping: 32.709 ms
Download: 257.33 Mbit/s
Upload: 18.60 Mbit/s
Thu Jan 28 20:45:01 CET 2021
Ping: 25.677 ms
Download: 244.48 Mbit/s
Upload: 19.34 Mbit/s
Thu Jan 28 21:45:01 CET 2021
Ping: 24.019 ms
Download: 199.76 Mbit/s
Upload: 19.53 Mbit/s
Thu Jan 28 22:45:01 CET 2021
Ping: 24.395 ms
Download: 266.73 Mbit/s
Upload: 19.50 Mbit/s
Thu Jan 28 23:45:01 CET 2021
Ping: 25.03 ms
Download: 142.03 Mbit/s
Upload: 19.16 Mbit/s
Fri Jan 29 00:45:01 CET 2021
Ping: 22.597 ms
Download: 148.18 Mbit/s
Upload: 19.38 Mbit/s
Fri Jan 29 01:45:01 CET 2021
Ping: 33.439 ms
Download: 232.28 Mbit/s
Upload: 19.61 Mbit/s
Fri Jan 29 02:45:01 CET 2021
Ping: 20.224 ms
Download: 304.83 Mbit/s
Upload: 19.76 Mbit/s
Fri Jan 29 03:45:01 CET 2021
Ping: 20.583 ms
Download: 124.74 Mbit/s
Upload: 19.48 Mbit/s
Fri Jan 29 04:45:01 CET 2021
Ping: 22.036 ms
Download: 56.34 Mbit/s
Upload: 19.56 Mbit/s
Fri Jan 29 05:45:01 CET 2021
Ping: 22.203 ms
Download: 101.35 Mbit/s
Upload: 19.71 Mbit/s
Fri Jan 29 06:45:01 CET 2021
Ping: 23.147 ms
Download: 203.92 Mbit/s
Upload: 19.68 Mbit/s
Fri Jan 29 07:45:01 CET 2021
Ping: 27.698 ms
Download: 233.82 Mbit/s
Upload: 19.00 Mbit/s
Fri Jan 29 08:45:01 CET 2021
Ping: 30.731 ms
Download: 219.38 Mbit/s
Upload: 19.07 Mbit/s
Fri Jan 29 09:45:01 CET 2021
Ping: 21.928 ms
Download: 56.35 Mbit/s
Upload: 19.69 Mbit/s
Fri Jan 29 10:45:01 CET 2021
Ping: 22.914 ms
Download: 87.74 Mbit/s
Upload: 19.36 Mbit/s
Fri Jan 29 11:45:01 CET 2021
Ping: 19.735 ms
Download: 90.19 Mbit/s
Upload: 19.27 Mbit/s
Fri Jan 29 12:45:01 CET 2021
Ping: 22.287 ms
Download: 13.77 Mbit/s
Upload: 16.56 Mbit/s
Fri Jan 29 13:45:01 CET 2021
Ping: 19.194 ms
Download: 29.99 Mbit/s
Upload: 16.57 Mbit/s
Fri Jan 29 14:45:01 CET 2021
Ping: 24.238 ms
Download: 334.21 Mbit/s
Upload: 19.48 Mbit/s
Fri Jan 29 15:45:01 CET 2021
Ping: 22.732 ms
Download: 109.79 Mbit/s
Upload: 17.96 Mbit/s
Fri Jan 29 16:45:01 CET 2021
Ping: 23.17 ms
Download: 147.84 Mbit/s
Upload: 19.59 Mbit/s
Fri Jan 29 17:45:02 CET 2021
Ping: 20.586 ms
Download: 189.93 Mbit/s
Upload: 19.30 Mbit/s
Fri Jan 29 18:45:01 CET 2021
Ping: 22.468 ms
Download: 270.53 Mbit/s
Upload: 19.77 Mbit/s
Fri Jan 29 19:45:01 CET 2021
Ping: 23.251 ms
Download: 39.26 Mbit/s
Upload: 18.62 Mbit/s
Fri Jan 29 20:45:01 CET 2021
Ping: 23.236 ms
Download: 49.27 Mbit/s
Upload: 19.70 Mbit/s
Fri Jan 29 21:45:01 CET 2021
Ping: 23.486 ms
Download: 215.13 Mbit/s
Upload: 19.64 Mbit/s
Fri Jan 29 22:45:01 CET 2021
Ping: 22.71 ms
Download: 199.08 Mbit/s
Upload: 19.00 Mbit/s
Fri Jan 29 23:45:01 CET 2021
Ping: 29.91 ms
Download: 220.25 Mbit/s
Upload: 19.45 Mbit/s
Sat Jan 30 00:45:01 CET 2021
Ping: 22.392 ms
Download: 266.33 Mbit/s
Upload: 19.43 Mbit/s
Sat Jan 30 01:45:01 CET 2021
Ping: 22.584 ms
Download: 163.04 Mbit/s
Upload: 19.58 Mbit/s
Sat Jan 30 02:45:01 CET 2021
Ping: 23.275 ms
Download: 156.21 Mbit/s
Upload: 19.53 Mbit/s
Sat Jan 30 03:45:01 CET 2021
Ping: 22.575 ms
Download: 252.61 Mbit/s
Upload: 19.37 Mbit/s
Sat Jan 30 04:45:01 CET 2021
Ping: 22.899 ms
Download: 142.80 Mbit/s
Upload: 19.81 Mbit/s
Sat Jan 30 05:45:01 CET 2021
Ping: 21.935 ms
Download: 86.82 Mbit/s
Upload: 19.82 Mbit/s
Sat Jan 30 06:45:01 CET 2021
Ping: 23.497 ms
Download: 131.80 Mbit/s
Upload: 19.40 Mbit/s
Sat Jan 30 07:45:01 CET 2021
Ping: 31.589 ms
Download: 193.85 Mbit/s
Upload: 19.05 Mbit/s
Sat Jan 30 08:45:01 CET 2021
Ping: 21.405 ms
Download: 351.36 Mbit/s
Upload: 19.68 Mbit/s
Sat Jan 30 09:45:01 CET 2021
Ping: 22.073 ms
Download: 123.26 Mbit/s
Upload: 19.64 Mbit/s
Sat Jan 30 10:45:01 CET 2021
Ping: 25.4 ms
Download: 302.35 Mbit/s
Upload: 19.47 Mbit/s
Sat Jan 30 11:45:01 CET 2021
Ping: 22.947 ms
Download: 318.55 Mbit/s
Upload: 19.54 Mbit/s
Sat Jan 30 12:45:01 CET 2021
Ping: 32.426 ms
Download: 226.44 Mbit/s
Upload: 18.31 Mbit/s
Sat Jan 30 13:45:01 CET 2021
Ping: 22.235 ms
Download: 342.90 Mbit/s
Upload: 19.20 Mbit/s
Sat Jan 30 14:45:01 CET 2021
Ping: 24.323 ms
Download: 180.55 Mbit/s
Upload: 19.54 Mbit/s
Sat Jan 30 15:45:01 CET 2021
Ping: 22.412 ms
Download: 169.18 Mbit/s
Upload: 19.54 Mbit/s
Sat Jan 30 16:45:01 CET 2021
Ping: 21.754 ms
Download: 260.31 Mbit/s
Upload: 19.30 Mbit/s
Sat Jan 30 17:45:01 CET 2021
Ping: 23.743 ms
Download: 63.27 Mbit/s
Upload: 19.69 Mbit/s
Sat Jan 30 18:45:01 CET 2021
Ping: 24.728 ms
Download: 256.10 Mbit/s
Upload: 19.85 Mbit/s
Sat Jan 30 19:45:01 CET 2021
Ping: 31.937 ms
Download: 263.70 Mbit/s
Upload: 19.00 Mbit/s
Sat Jan 30 20:45:01 CET 2021
Ping: 22.568 ms
Download: 104.96 Mbit/s
Upload: 19.36 Mbit/s
Sat Jan 30 21:45:02 CET 2021
Ping: 25.032 ms
Download: 209.54 Mbit/s
Upload: 19.20 Mbit/s
Sat Jan 30 22:45:01 CET 2021
Ping: 23.668 ms
Download: 184.69 Mbit/s
Upload: 19.24 Mbit/s
Sat Jan 30 23:45:01 CET 2021
Ping: 22.78 ms
Download: 181.06 Mbit/s
Upload: 19.69 Mbit/s
Sun Jan 31 00:45:02 CET 2021
Ping: 21.099 ms
Download: 88.55 Mbit/s
Upload: 18.57 Mbit/s
Sun Jan 31 01:45:01 CET 2021
Ping: 22.4 ms
Download: 58.62 Mbit/s
Upload: 18.22 Mbit/s
Sun Jan 31 02:45:01 CET 2021
Ping: 24.087 ms
Download: 218.78 Mbit/s
Upload: 19.07 Mbit/s
Sun Jan 31 03:45:01 CET 2021
Ping: 20.752 ms
Download: 321.23 Mbit/s
Upload: 19.78 Mbit/s
Sun Jan 31 04:45:01 CET 2021
Ping: 22.101 ms
Download: 59.66 Mbit/s
Upload: 19.88 Mbit/s
Sun Jan 31 05:45:01 CET 2021
Ping: 20.285 ms
Download: 91.62 Mbit/s
Upload: 19.70 Mbit/s
Sun Jan 31 06:45:01 CET 2021
Ping: 22.048 ms
Download: 172.16 Mbit/s
Upload: 19.65 Mbit/s
Sun Jan 31 07:45:01 CET 2021
Ping: 20.413 ms
Download: 328.31 Mbit/s
Upload: 19.64 Mbit/s
Sun Jan 31 08:45:01 CET 2021
Ping: 22.023 ms
Download: 207.10 Mbit/s
Upload: 19.54 Mbit/s
Sun Jan 31 09:45:01 CET 2021
Ping: 23.573 ms
Download: 260.16 Mbit/s
Upload: 19.48 Mbit/s
Sun Jan 31 10:45:01 CET 2021
Ping: 30.659 ms
Download: 232.39 Mbit/s
Upload: 18.71 Mbit/s
Sun Jan 31 11:45:01 CET 2021
Ping: 21.685 ms
Download: 188.08 Mbit/s
Upload: 19.17 Mbit/s
Sun Jan 31 12:45:01 CET 2021
Ping: 26.734 ms
Download: 132.64 Mbit/s
Upload: 18.85 Mbit/s
Sun Jan 31 13:45:01 CET 2021
Ping: 22.684 ms
Download: 176.52 Mbit/s
Upload: 19.57 Mbit/s
Sun Jan 31 14:45:01 CET 2021
Ping: 23.216 ms
Download: 90.20 Mbit/s
Upload: 19.50 Mbit/s
Sun Jan 31 15:45:01 CET 2021
Ping: 23.32 ms
Download: 256.00 Mbit/s
Upload: 19.23 Mbit/s
Sun Jan 31 16:45:01 CET 2021
Ping: 21.903 ms
Download: 209.61 Mbit/s
Upload: 19.47 Mbit/s
Sun Jan 31 17:45:01 CET 2021
Ping: 21.771 ms
Download: 84.25 Mbit/s
Upload: 19.53 Mbit/s
Sun Jan 31 18:45:01 CET 2021
Ping: 24.022 ms
Download: 35.32 Mbit/s
Upload: 16.23 Mbit/s
Sun Jan 31 19:45:02 CET 2021
Ping: 21.73 ms
Download: 287.14 Mbit/s
Upload: 19.14 Mbit/s
Sun Jan 31 20:45:01 CET 2021
Ping: 22.385 ms
Download: 68.70 Mbit/s
Upload: 17.54 Mbit/s
Sun Jan 31 21:45:01 CET 2021
Ping: 22.241 ms
Download: 342.94 Mbit/s
Upload: 19.67 Mbit/s
Sun Jan 31 22:45:01 CET 2021
Ping: 22.108 ms
Download: 204.60 Mbit/s
Upload: 19.19 Mbit/s
Sun Jan 31 23:45:01 CET 2021
Ping: 22.238 ms
Download: 259.54 Mbit/s
Upload: 18.92 Mbit/s
