Sat May  1 00:45:01 CEST 2021
Ping: 32.159 ms
Download: 284.29 Mbit/s
Upload: 18.55 Mbit/s
Sat May  1 01:45:01 CEST 2021
Ping: 27.865 ms
Download: 149.10 Mbit/s
Upload: 19.01 Mbit/s
Sat May  1 02:45:01 CEST 2021
Ping: 24.578 ms
Download: 181.82 Mbit/s
Upload: 19.42 Mbit/s
Sat May  1 03:45:01 CEST 2021
Ping: 22.664 ms
Download: 157.27 Mbit/s
Upload: 19.44 Mbit/s
Sat May  1 04:45:01 CEST 2021
Ping: 25.338 ms
Download: 206.55 Mbit/s
Upload: 19.65 Mbit/s
Sat May  1 05:45:01 CEST 2021
Ping: 24.249 ms
Download: 188.70 Mbit/s
Upload: 19.77 Mbit/s
Sat May  1 06:45:01 CEST 2021
Ping: 22.847 ms
Download: 181.72 Mbit/s
Upload: 19.63 Mbit/s
Sat May  1 07:45:01 CEST 2021
Ping: 25.894 ms
Download: 200.90 Mbit/s
Upload: 19.27 Mbit/s
Sat May  1 08:45:01 CEST 2021
Ping: 24.057 ms
Download: 0.72 Mbit/s
Upload: 18.42 Mbit/s
Sat May  1 09:45:01 CEST 2021
Ping: 23.239 ms
Download: 348.93 Mbit/s
Upload: 19.33 Mbit/s
Sat May  1 10:45:01 CEST 2021
Ping: 23.836 ms
Download: 340.65 Mbit/s
Upload: 19.57 Mbit/s
Sat May  1 11:45:01 CEST 2021
Ping: 24.567 ms
Download: 166.90 Mbit/s
Upload: 19.50 Mbit/s
Sat May  1 12:45:01 CEST 2021
Ping: 24.961 ms
Download: 154.61 Mbit/s
Upload: 17.04 Mbit/s
Sat May  1 13:45:01 CEST 2021
Ping: 26.096 ms
Download: 176.76 Mbit/s
Upload: 19.55 Mbit/s
Sat May  1 14:45:01 CEST 2021
Ping: 25.41 ms
Download: 179.25 Mbit/s
Upload: 19.78 Mbit/s
Sat May  1 15:45:01 CEST 2021
Ping: 26.26 ms
Download: 191.14 Mbit/s
Upload: 19.37 Mbit/s
Sat May  1 16:45:01 CEST 2021
Ping: 25.372 ms
Download: 184.98 Mbit/s
Upload: 19.68 Mbit/s
Sat May  1 17:45:01 CEST 2021
Ping: 27.559 ms
Download: 202.58 Mbit/s
Upload: 18.79 Mbit/s
Sat May  1 18:45:01 CEST 2021
Ping: 29.064 ms
Download: 235.00 Mbit/s
Upload: 19.60 Mbit/s
Sat May  1 19:45:01 CEST 2021
Ping: 29.537 ms
Download: 192.95 Mbit/s
Upload: 19.69 Mbit/s
Sat May  1 20:45:01 CEST 2021
Ping: 24.26 ms
Download: 189.69 Mbit/s
Upload: 19.45 Mbit/s
Sat May  1 21:45:01 CEST 2021
Ping: 25.793 ms
Download: 171.33 Mbit/s
Upload: 19.41 Mbit/s
Sat May  1 22:45:01 CEST 2021
Ping: 23.125 ms
Download: 226.67 Mbit/s
Upload: 18.96 Mbit/s
Sat May  1 23:45:01 CEST 2021
Ping: 27.021 ms
Download: 161.83 Mbit/s
Upload: 18.30 Mbit/s
Sun May  2 00:45:01 CEST 2021
Ping: 25.537 ms
Download: 179.97 Mbit/s
Upload: 18.76 Mbit/s
Sun May  2 01:45:01 CEST 2021
Ping: 27.016 ms
Download: 229.92 Mbit/s
Upload: 19.37 Mbit/s
Sun May  2 02:45:02 CEST 2021
Ping: 26.674 ms
Download: 286.72 Mbit/s
Upload: 19.33 Mbit/s
Sun May  2 03:45:01 CEST 2021
Ping: 26.517 ms
Download: 215.86 Mbit/s
Upload: 19.42 Mbit/s
Sun May  2 04:45:01 CEST 2021
Ping: 25.362 ms
Download: 290.37 Mbit/s
Upload: 19.65 Mbit/s
Sun May  2 05:45:01 CEST 2021
Ping: 26.507 ms
Download: 220.88 Mbit/s
Upload: 19.42 Mbit/s
Sun May  2 06:45:01 CEST 2021
Ping: 24.566 ms
Download: 283.25 Mbit/s
Upload: 19.67 Mbit/s
Sun May  2 07:45:01 CEST 2021
Ping: 26.729 ms
Download: 190.46 Mbit/s
Upload: 19.82 Mbit/s
Sun May  2 08:45:01 CEST 2021
Ping: 25.241 ms
Download: 191.02 Mbit/s
Upload: 19.62 Mbit/s
Sun May  2 09:45:01 CEST 2021
Ping: 25.277 ms
Download: 189.93 Mbit/s
Upload: 19.62 Mbit/s
Sun May  2 10:45:02 CEST 2021
Ping: 27.492 ms
Download: 199.73 Mbit/s
Upload: 19.41 Mbit/s
Sun May  2 11:45:01 CEST 2021
Ping: 23.934 ms
Download: 152.35 Mbit/s
Upload: 19.38 Mbit/s
Sun May  2 12:45:02 CEST 2021
Ping: 23.936 ms
Download: 329.67 Mbit/s
Upload: 19.53 Mbit/s
Sun May  2 13:45:02 CEST 2021
Ping: 24.206 ms
Download: 281.43 Mbit/s
Upload: 19.60 Mbit/s
Sun May  2 14:45:01 CEST 2021
Ping: 32.488 ms
Download: 248.56 Mbit/s
Upload: 19.10 Mbit/s
Sun May  2 15:45:01 CEST 2021
Ping: 29.859 ms
Download: 230.68 Mbit/s
Upload: 19.50 Mbit/s
Sun May  2 16:45:01 CEST 2021
Ping: 31.002 ms
Download: 235.62 Mbit/s
Upload: 19.11 Mbit/s
Sun May  2 17:45:01 CEST 2021
Ping: 24.51 ms
Download: 153.16 Mbit/s
Upload: 19.23 Mbit/s
Sun May  2 18:45:02 CEST 2021
Ping: 20.91 ms
Download: 267.19 Mbit/s
Upload: 19.46 Mbit/s
Sun May  2 19:45:01 CEST 2021
Ping: 24.385 ms
Download: 253.11 Mbit/s
Upload: 19.24 Mbit/s
Sun May  2 20:45:01 CEST 2021
Ping: 21.94 ms
Download: 186.01 Mbit/s
Upload: 19.24 Mbit/s
Sun May  2 21:45:01 CEST 2021
Ping: 22.612 ms
Download: 222.32 Mbit/s
Upload: 19.33 Mbit/s
Sun May  2 22:45:01 CEST 2021
Ping: 21.791 ms
Download: 203.75 Mbit/s
Upload: 19.27 Mbit/s
Sun May  2 23:45:01 CEST 2021
Ping: 30.362 ms
Download: 224.58 Mbit/s
Upload: 19.16 Mbit/s
Mon May  3 00:45:01 CEST 2021
Ping: 26.787 ms
Download: 202.28 Mbit/s
Upload: 18.81 Mbit/s
Mon May  3 01:45:01 CEST 2021
Ping: 28.541 ms
Download: 190.65 Mbit/s
Upload: 19.61 Mbit/s
Mon May  3 02:45:01 CEST 2021
Ping: 25.297 ms
Download: 124.52 Mbit/s
Upload: 19.61 Mbit/s
Mon May  3 03:45:01 CEST 2021
Ping: 20.997 ms
Download: 244.79 Mbit/s
Upload: 18.81 Mbit/s
Mon May  3 04:45:01 CEST 2021
Ping: 21.268 ms
Download: 214.24 Mbit/s
Upload: 19.39 Mbit/s
Mon May  3 05:45:01 CEST 2021
Ping: 26.356 ms
Download: 267.49 Mbit/s
Upload: 19.26 Mbit/s
Mon May  3 06:45:02 CEST 2021
Ping: 28.744 ms
Download: 291.12 Mbit/s
Upload: 19.50 Mbit/s
Mon May  3 07:45:01 CEST 2021
Ping: 29.343 ms
Download: 234.67 Mbit/s
Upload: 19.66 Mbit/s
Mon May  3 08:45:01 CEST 2021
Ping: 29.123 ms
Download: 255.27 Mbit/s
Upload: 19.29 Mbit/s
Mon May  3 09:45:01 CEST 2021
Ping: 30.271 ms
Download: 324.12 Mbit/s
Upload: 19.20 Mbit/s
Mon May  3 10:45:01 CEST 2021
Ping: 26.254 ms
Download: 261.40 Mbit/s
Upload: 18.09 Mbit/s
Mon May  3 11:45:01 CEST 2021
Ping: 26.647 ms
Download: 231.61 Mbit/s
Upload: 18.57 Mbit/s
Mon May  3 12:45:01 CEST 2021
Ping: 25.012 ms
Download: 238.35 Mbit/s
Upload: 19.10 Mbit/s
Mon May  3 13:45:01 CEST 2021
Ping: 27.182 ms
Download: 285.58 Mbit/s
Upload: 19.67 Mbit/s
Mon May  3 14:45:01 CEST 2021
Ping: 26.402 ms
Download: 185.32 Mbit/s
Upload: 18.82 Mbit/s
Mon May  3 15:45:01 CEST 2021
Ping: 26.044 ms
Download: 221.34 Mbit/s
Upload: 19.08 Mbit/s
Mon May  3 16:45:01 CEST 2021
Ping: 24.631 ms
Download: 183.39 Mbit/s
Upload: 19.32 Mbit/s
Mon May  3 17:45:01 CEST 2021
Ping: 26.04 ms
Download: 193.83 Mbit/s
Upload: 19.99 Mbit/s
Mon May  3 18:45:01 CEST 2021
Ping: 22.077 ms
Download: 183.90 Mbit/s
Upload: 19.68 Mbit/s
Mon May  3 19:45:01 CEST 2021
Ping: 26.235 ms
Download: 241.85 Mbit/s
Upload: 19.15 Mbit/s
Mon May  3 20:45:01 CEST 2021
Ping: 24.23 ms
Download: 340.57 Mbit/s
Upload: 19.02 Mbit/s
Mon May  3 21:45:01 CEST 2021
Ping: 22.738 ms
Download: 345.95 Mbit/s
Upload: 19.55 Mbit/s
Mon May  3 22:45:02 CEST 2021
Ping: 24.178 ms
Download: 331.23 Mbit/s
Upload: 19.77 Mbit/s
Mon May  3 23:45:01 CEST 2021
Ping: 29.93 ms
Download: 313.14 Mbit/s
Upload: 19.57 Mbit/s
Tue May  4 00:45:02 CEST 2021
Ping: 25.961 ms
Download: 259.16 Mbit/s
Upload: 18.58 Mbit/s
Tue May  4 01:45:01 CEST 2021
Ping: 25.219 ms
Download: 245.07 Mbit/s
Upload: 19.20 Mbit/s
Tue May  4 02:45:02 CEST 2021
Ping: 27.941 ms
Download: 265.65 Mbit/s
Upload: 19.67 Mbit/s
Tue May  4 03:45:01 CEST 2021
Ping: 26.025 ms
Download: 240.25 Mbit/s
Upload: 19.48 Mbit/s
Tue May  4 04:45:01 CEST 2021
Ping: 27.574 ms
Download: 233.18 Mbit/s
Upload: 19.66 Mbit/s
Tue May  4 05:45:01 CEST 2021
Ping: 25.368 ms
Download: 267.63 Mbit/s
Upload: 19.17 Mbit/s
Tue May  4 06:45:01 CEST 2021
Ping: 24.897 ms
Download: 265.38 Mbit/s
Upload: 19.75 Mbit/s
Tue May  4 07:45:01 CEST 2021
Ping: 26.278 ms
Download: 228.55 Mbit/s
Upload: 18.31 Mbit/s
Tue May  4 08:45:01 CEST 2021
Ping: 26.058 ms
Download: 200.09 Mbit/s
Upload: 19.54 Mbit/s
Tue May  4 09:45:01 CEST 2021
Ping: 23.876 ms
Download: 197.68 Mbit/s
Upload: 19.15 Mbit/s
Tue May  4 10:45:01 CEST 2021
Ping: 25.689 ms
Download: 180.55 Mbit/s
Upload: 18.79 Mbit/s
Tue May  4 11:45:01 CEST 2021
Ping: 23.974 ms
Download: 180.82 Mbit/s
Upload: 19.59 Mbit/s
Tue May  4 12:45:01 CEST 2021
Ping: 24.224 ms
Download: 213.58 Mbit/s
Upload: 18.56 Mbit/s
Tue May  4 13:45:01 CEST 2021
Ping: 26.904 ms
Download: 229.96 Mbit/s
Upload: 19.77 Mbit/s
Tue May  4 14:45:01 CEST 2021
Ping: 24.819 ms
Download: 186.26 Mbit/s
Upload: 19.29 Mbit/s
Tue May  4 15:45:01 CEST 2021
Ping: 25.279 ms
Download: 162.12 Mbit/s
Upload: 19.67 Mbit/s
Tue May  4 16:45:01 CEST 2021
Ping: 24.527 ms
Download: 210.38 Mbit/s
Upload: 19.19 Mbit/s
Tue May  4 17:45:01 CEST 2021
Ping: 24.881 ms
Download: 171.76 Mbit/s
Upload: 19.82 Mbit/s
Tue May  4 18:45:01 CEST 2021
Ping: 22.943 ms
Download: 194.75 Mbit/s
Upload: 19.58 Mbit/s
Tue May  4 19:45:01 CEST 2021
Ping: 25.39 ms
Download: 195.93 Mbit/s
Upload: 19.59 Mbit/s
Tue May  4 20:45:01 CEST 2021
Ping: 24.82 ms
Download: 198.10 Mbit/s
Upload: 19.57 Mbit/s
Tue May  4 21:45:01 CEST 2021
Ping: 24.689 ms
Download: 206.73 Mbit/s
Upload: 18.91 Mbit/s
Tue May  4 22:45:01 CEST 2021
Ping: 24.059 ms
Download: 205.77 Mbit/s
Upload: 19.75 Mbit/s
Tue May  4 23:45:02 CEST 2021
Ping: 26.011 ms
Download: 193.34 Mbit/s
Upload: 19.33 Mbit/s
Wed May  5 00:45:01 CEST 2021
Ping: 29.383 ms
Download: 320.52 Mbit/s
Upload: 19.28 Mbit/s
Wed May  5 01:45:01 CEST 2021
Ping: 26.17 ms
Download: 268.94 Mbit/s
Upload: 19.46 Mbit/s
Wed May  5 02:45:01 CEST 2021
Ping: 25.89 ms
Download: 260.63 Mbit/s
Upload: 19.34 Mbit/s
Wed May  5 03:45:02 CEST 2021
Ping: 23.502 ms
Download: 345.76 Mbit/s
Upload: 19.42 Mbit/s
Wed May  5 04:45:01 CEST 2021
Ping: 22.435 ms
Download: 351.60 Mbit/s
Upload: 19.82 Mbit/s
Wed May  5 05:45:01 CEST 2021
Ping: 23.658 ms
Download: 239.57 Mbit/s
Upload: 19.80 Mbit/s
Wed May  5 06:45:01 CEST 2021
Ping: 24.151 ms
Download: 192.39 Mbit/s
Upload: 19.73 Mbit/s
Wed May  5 07:45:01 CEST 2021
Ping: 26.513 ms
Download: 251.50 Mbit/s
Upload: 19.72 Mbit/s
Wed May  5 08:45:01 CEST 2021
Ping: 24.579 ms
Download: 180.83 Mbit/s
Upload: 19.74 Mbit/s
Wed May  5 09:45:01 CEST 2021
Ping: 29.534 ms
Download: 276.32 Mbit/s
Upload: 18.56 Mbit/s
Wed May  5 10:45:02 CEST 2021
Ping: 29.098 ms
Download: 266.37 Mbit/s
Upload: 19.60 Mbit/s
Wed May  5 11:45:01 CEST 2021
Ping: 33.79 ms
Download: 181.99 Mbit/s
Upload: 19.45 Mbit/s
Wed May  5 12:45:01 CEST 2021
Ping: 26.003 ms
Download: 264.52 Mbit/s
Upload: 19.21 Mbit/s
Wed May  5 13:45:01 CEST 2021
Ping: 24.4 ms
Download: 267.49 Mbit/s
Upload: 19.05 Mbit/s
Wed May  5 14:45:01 CEST 2021
Ping: 28.527 ms
Download: 284.43 Mbit/s
Upload: 19.20 Mbit/s
Wed May  5 15:45:01 CEST 2021
Ping: 25.9 ms
Download: 276.89 Mbit/s
Upload: 19.65 Mbit/s
Wed May  5 16:45:01 CEST 2021
Ping: 25.768 ms
Download: 155.62 Mbit/s
Upload: 17.02 Mbit/s
Wed May  5 17:45:01 CEST 2021
Ping: 26.909 ms
Download: 250.51 Mbit/s
Upload: 19.18 Mbit/s
Wed May  5 18:45:01 CEST 2021
Ping: 24.822 ms
Download: 222.09 Mbit/s
Upload: 19.87 Mbit/s
Wed May  5 19:45:01 CEST 2021
Ping: 24.481 ms
Download: 153.94 Mbit/s
Upload: 19.77 Mbit/s
Wed May  5 20:45:01 CEST 2021
Ping: 26.488 ms
Download: 193.34 Mbit/s
Upload: 19.38 Mbit/s
Wed May  5 21:45:01 CEST 2021
Ping: 23.864 ms
Download: 185.61 Mbit/s
Upload: 19.51 Mbit/s
Wed May  5 22:45:02 CEST 2021
Ping: 25.021 ms
Download: 175.62 Mbit/s
Upload: 19.74 Mbit/s
Wed May  5 23:45:01 CEST 2021
Ping: 25.046 ms
Download: 256.70 Mbit/s
Upload: 19.01 Mbit/s
Thu May  6 00:45:01 CEST 2021
Ping: 27.824 ms
Download: 302.18 Mbit/s
Upload: 19.26 Mbit/s
Thu May  6 01:45:02 CEST 2021
Ping: 26.175 ms
Download: 260.86 Mbit/s
Upload: 19.34 Mbit/s
Thu May  6 02:45:02 CEST 2021
Ping: 27.62 ms
Download: 192.61 Mbit/s
Upload: 19.36 Mbit/s
Thu May  6 03:45:01 CEST 2021
Ping: 25.754 ms
Download: 210.20 Mbit/s
Upload: 19.59 Mbit/s
Thu May  6 04:45:01 CEST 2021
Ping: 23.068 ms
Download: 176.78 Mbit/s
Upload: 19.65 Mbit/s
Thu May  6 05:45:01 CEST 2021
Ping: 23.581 ms
Download: 218.96 Mbit/s
Upload: 19.77 Mbit/s
Thu May  6 06:45:01 CEST 2021
Ping: 24.242 ms
Download: 210.27 Mbit/s
Upload: 19.50 Mbit/s
Thu May  6 07:45:01 CEST 2021
Ping: 25.687 ms
Download: 242.22 Mbit/s
Upload: 19.71 Mbit/s
Thu May  6 08:45:01 CEST 2021
Ping: 25.237 ms
Download: 235.54 Mbit/s
Upload: 19.16 Mbit/s
Thu May  6 09:45:01 CEST 2021
Ping: 30.111 ms
Download: 280.26 Mbit/s
Upload: 19.20 Mbit/s
Thu May  6 10:45:02 CEST 2021
Ping: 27.339 ms
Download: 243.12 Mbit/s
Upload: 18.05 Mbit/s
Thu May  6 11:45:01 CEST 2021
Ping: 27.683 ms
Download: 272.68 Mbit/s
Upload: 18.63 Mbit/s
Thu May  6 12:45:01 CEST 2021
Ping: 26.037 ms
Download: 285.26 Mbit/s
Upload: 19.03 Mbit/s
Thu May  6 13:45:02 CEST 2021
Ping: 27.537 ms
Download: 258.82 Mbit/s
Upload: 18.84 Mbit/s
Thu May  6 14:45:01 CEST 2021
Ping: 27.828 ms
Download: 246.97 Mbit/s
Upload: 19.44 Mbit/s
Thu May  6 15:45:02 CEST 2021
Ping: 25.696 ms
Download: 258.50 Mbit/s
Upload: 18.75 Mbit/s
Thu May  6 16:45:01 CEST 2021
Ping: 24.146 ms
Download: 252.44 Mbit/s
Upload: 18.66 Mbit/s
Thu May  6 17:45:01 CEST 2021
Ping: 27.603 ms
Download: 220.17 Mbit/s
Upload: 19.49 Mbit/s
Thu May  6 18:45:01 CEST 2021
Ping: 31.446 ms
Download: 282.74 Mbit/s
Upload: 19.41 Mbit/s
Thu May  6 19:45:01 CEST 2021
Ping: 30.946 ms
Download: 204.55 Mbit/s
Upload: 18.94 Mbit/s
Thu May  6 20:45:01 CEST 2021
Ping: 30.068 ms
Download: 212.46 Mbit/s
Upload: 19.39 Mbit/s
Thu May  6 21:45:01 CEST 2021
Ping: 26.63 ms
Download: 295.88 Mbit/s
Upload: 18.96 Mbit/s
Thu May  6 22:45:01 CEST 2021
Ping: 22.246 ms
Download: 201.29 Mbit/s
Upload: 19.31 Mbit/s
Thu May  6 23:45:01 CEST 2021
Ping: 20.797 ms
Download: 199.10 Mbit/s
Upload: 19.32 Mbit/s
Fri May  7 00:45:01 CEST 2021
Ping: 20.681 ms
Download: 213.51 Mbit/s
Upload: 19.51 Mbit/s
Fri May  7 01:45:01 CEST 2021
Ping: 20.977 ms
Download: 234.81 Mbit/s
Upload: 19.03 Mbit/s
Fri May  7 02:45:01 CEST 2021
Ping: 21.094 ms
Download: 204.93 Mbit/s
Upload: 19.40 Mbit/s
Fri May  7 03:45:01 CEST 2021
Ping: 21.811 ms
Download: 204.65 Mbit/s
Upload: 19.72 Mbit/s
Fri May  7 04:45:01 CEST 2021
Ping: 25.378 ms
Download: 212.54 Mbit/s
Upload: 19.35 Mbit/s
Fri May  7 05:45:01 CEST 2021
Ping: 23.468 ms
Download: 199.66 Mbit/s
Upload: 19.60 Mbit/s
Fri May  7 06:45:01 CEST 2021
Ping: 24.835 ms
Download: 266.85 Mbit/s
Upload: 19.64 Mbit/s
Fri May  7 07:45:01 CEST 2021
Ping: 23.421 ms
Download: 305.52 Mbit/s
Upload: 19.44 Mbit/s
Fri May  7 08:45:01 CEST 2021
Ping: 26.495 ms
Download: 253.38 Mbit/s
Upload: 19.38 Mbit/s
Fri May  7 09:45:01 CEST 2021
Ping: 25.247 ms
Download: 190.41 Mbit/s
Upload: 19.00 Mbit/s
Fri May  7 10:45:01 CEST 2021
Ping: 23.324 ms
Download: 182.97 Mbit/s
Upload: 18.49 Mbit/s
Fri May  7 11:45:01 CEST 2021
Ping: 26.055 ms
Download: 192.28 Mbit/s
Upload: 19.56 Mbit/s
Fri May  7 12:45:01 CEST 2021
Ping: 24.897 ms
Download: 173.66 Mbit/s
Upload: 18.81 Mbit/s
Fri May  7 13:45:01 CEST 2021
Ping: 24.874 ms
Download: 229.42 Mbit/s
Upload: 19.34 Mbit/s
Fri May  7 14:45:01 CEST 2021
Ping: 23.706 ms
Download: 185.24 Mbit/s
Upload: 18.94 Mbit/s
Fri May  7 15:45:01 CEST 2021
Ping: 24.885 ms
Download: 176.80 Mbit/s
Upload: 19.36 Mbit/s
Fri May  7 16:45:01 CEST 2021
Ping: 24.412 ms
Download: 172.14 Mbit/s
Upload: 19.18 Mbit/s
Fri May  7 17:45:01 CEST 2021
Ping: 25.806 ms
Download: 217.03 Mbit/s
Upload: 19.06 Mbit/s
Fri May  7 18:45:01 CEST 2021
Ping: 24.567 ms
Download: 230.83 Mbit/s
Upload: 19.93 Mbit/s
Fri May  7 19:45:01 CEST 2021
Ping: 24.888 ms
Download: 238.79 Mbit/s
Upload: 19.59 Mbit/s
Fri May  7 20:45:01 CEST 2021
Ping: 24.882 ms
Download: 256.71 Mbit/s
Upload: 18.94 Mbit/s
Fri May  7 21:45:01 CEST 2021
Ping: 28.739 ms
Download: 77.58 Mbit/s
Upload: 19.55 Mbit/s
Fri May  7 22:45:01 CEST 2021
Ping: 28.074 ms
Download: 108.52 Mbit/s
Upload: 18.92 Mbit/s
Fri May  7 23:45:01 CEST 2021
Ping: 28.27 ms
Download: 136.20 Mbit/s
Upload: 18.93 Mbit/s
Sat May  8 00:45:01 CEST 2021
Ping: 24.345 ms
Download: 187.93 Mbit/s
Upload: 19.23 Mbit/s
Sat May  8 01:45:01 CEST 2021
Ping: 23.171 ms
Download: 239.94 Mbit/s
Upload: 19.25 Mbit/s
Sat May  8 02:45:01 CEST 2021
Ping: 24.897 ms
Download: 204.74 Mbit/s
Upload: 19.74 Mbit/s
Sat May  8 03:45:01 CEST 2021
Ping: 22.069 ms
Download: 210.09 Mbit/s
Upload: 19.54 Mbit/s
Sat May  8 04:45:01 CEST 2021
Ping: 23.713 ms
Download: 208.82 Mbit/s
Upload: 19.48 Mbit/s
Sat May  8 05:45:01 CEST 2021
Ping: 23.497 ms
Download: 103.20 Mbit/s
Upload: 15.91 Mbit/s
Sat May  8 06:45:01 CEST 2021
Ping: 23.493 ms
Download: 183.66 Mbit/s
Upload: 19.70 Mbit/s
Sat May  8 07:45:01 CEST 2021
Ping: 23.023 ms
Download: 192.44 Mbit/s
Upload: 19.69 Mbit/s
Sat May  8 08:45:01 CEST 2021
Ping: 21.536 ms
Download: 163.14 Mbit/s
Upload: 19.50 Mbit/s
Sat May  8 09:45:01 CEST 2021
Ping: 22.643 ms
Download: 350.46 Mbit/s
Upload: 19.66 Mbit/s
Sat May  8 10:45:01 CEST 2021
Ping: 21.619 ms
Download: 238.89 Mbit/s
Upload: 19.40 Mbit/s
Sat May  8 11:45:01 CEST 2021
Ping: 20.695 ms
Download: 353.45 Mbit/s
Upload: 19.36 Mbit/s
Sat May  8 12:45:01 CEST 2021
Ping: 24.283 ms
Download: 223.99 Mbit/s
Upload: 19.81 Mbit/s
Sat May  8 13:45:01 CEST 2021
Ping: 22.061 ms
Download: 193.86 Mbit/s
Upload: 19.28 Mbit/s
Sat May  8 14:45:01 CEST 2021
Ping: 23.846 ms
Download: 178.36 Mbit/s
Upload: 19.58 Mbit/s
Sat May  8 15:45:01 CEST 2021
Ping: 23.798 ms
Download: 202.53 Mbit/s
Upload: 19.68 Mbit/s
Sat May  8 16:45:01 CEST 2021
Ping: 24.826 ms
Download: 184.74 Mbit/s
Upload: 19.72 Mbit/s
Sat May  8 17:45:01 CEST 2021
Ping: 25.282 ms
Download: 197.83 Mbit/s
Upload: 19.88 Mbit/s
Sat May  8 18:45:01 CEST 2021
Ping: 23.805 ms
Download: 289.31 Mbit/s
Upload: 19.46 Mbit/s
Sat May  8 19:45:01 CEST 2021
Ping: 24.845 ms
Download: 240.95 Mbit/s
Upload: 19.36 Mbit/s
Sat May  8 20:45:01 CEST 2021
Ping: 29.694 ms
Download: 227.88 Mbit/s
Upload: 19.34 Mbit/s
Sat May  8 21:45:01 CEST 2021
Ping: 26.58 ms
Download: 284.07 Mbit/s
Upload: 19.23 Mbit/s
Sat May  8 22:45:01 CEST 2021
Ping: 26.098 ms
Download: 234.78 Mbit/s
Upload: 19.07 Mbit/s
Sat May  8 23:45:01 CEST 2021
Ping: 25.889 ms
Download: 258.52 Mbit/s
Upload: 19.07 Mbit/s
Sun May  9 00:45:01 CEST 2021
Ping: 28.62 ms
Download: 252.13 Mbit/s
Upload: 19.48 Mbit/s
Sun May  9 01:45:01 CEST 2021
Ping: 27.197 ms
Download: 231.19 Mbit/s
Upload: 18.83 Mbit/s
Sun May  9 02:45:01 CEST 2021
Ping: 25.328 ms
Download: 289.89 Mbit/s
Upload: 19.49 Mbit/s
Sun May  9 03:45:01 CEST 2021
Ping: 28.898 ms
Download: 294.50 Mbit/s
Upload: 18.30 Mbit/s
Sun May  9 04:45:01 CEST 2021
Ping: 25.411 ms
Download: 283.86 Mbit/s
Upload: 19.25 Mbit/s
Sun May  9 05:45:01 CEST 2021
Ping: 24.395 ms
Download: 293.54 Mbit/s
Upload: 19.40 Mbit/s
Sun May  9 06:45:01 CEST 2021
Ping: 24.723 ms
Download: 224.55 Mbit/s
Upload: 19.72 Mbit/s
Sun May  9 07:45:01 CEST 2021
Ping: 27.182 ms
Download: 234.93 Mbit/s
Upload: 19.23 Mbit/s
Sun May  9 08:45:01 CEST 2021
Ping: 25.698 ms
Download: 233.75 Mbit/s
Upload: 19.40 Mbit/s
Sun May  9 09:45:01 CEST 2021
Ping: 22.751 ms
Download: 185.33 Mbit/s
Upload: 19.48 Mbit/s
Sun May  9 10:45:01 CEST 2021
Ping: 22.516 ms
Download: 206.54 Mbit/s
Upload: 19.37 Mbit/s
Sun May  9 11:45:01 CEST 2021
Ping: 23.862 ms
Download: 177.59 Mbit/s
Upload: 19.46 Mbit/s
Sun May  9 12:45:01 CEST 2021
Ping: 23.743 ms
Download: 197.01 Mbit/s
Upload: 19.80 Mbit/s
Sun May  9 13:45:01 CEST 2021
Ping: 22.279 ms
Download: 200.94 Mbit/s
Upload: 19.36 Mbit/s
Sun May  9 14:45:02 CEST 2021
Ping: 24.846 ms
Download: 252.83 Mbit/s
Upload: 19.68 Mbit/s
Sun May  9 15:45:01 CEST 2021
Ping: 26.42 ms
Download: 228.31 Mbit/s
Upload: 19.26 Mbit/s
Sun May  9 16:45:01 CEST 2021
Ping: 25.21 ms
Download: 286.03 Mbit/s
Upload: 19.46 Mbit/s
Sun May  9 17:45:01 CEST 2021
Ping: 24.56 ms
Download: 295.86 Mbit/s
Upload: 19.14 Mbit/s
Sun May  9 18:45:01 CEST 2021
Ping: 23.916 ms
Download: 201.76 Mbit/s
Upload: 19.73 Mbit/s
Sun May  9 19:45:01 CEST 2021
Ping: 22.861 ms
Download: 209.03 Mbit/s
Upload: 19.20 Mbit/s
Sun May  9 20:45:01 CEST 2021
Ping: 22.73 ms
Download: 233.58 Mbit/s
Upload: 19.55 Mbit/s
Sun May  9 21:45:01 CEST 2021
Ping: 25.375 ms
Download: 169.20 Mbit/s
Upload: 19.24 Mbit/s
Sun May  9 22:45:01 CEST 2021
Ping: 23.431 ms
Download: 172.78 Mbit/s
Upload: 19.25 Mbit/s
Sun May  9 23:45:01 CEST 2021
Ping: 23.288 ms
Download: 157.02 Mbit/s
Upload: 19.28 Mbit/s
Mon May 10 00:45:01 CEST 2021
Ping: 22.827 ms
Download: 277.15 Mbit/s
Upload: 19.39 Mbit/s
Mon May 10 01:45:01 CEST 2021
Ping: 21.52 ms
Download: 218.12 Mbit/s
Upload: 19.19 Mbit/s
Mon May 10 02:45:01 CEST 2021
Ping: 21.549 ms
Download: 303.79 Mbit/s
Upload: 19.61 Mbit/s
Mon May 10 03:45:01 CEST 2021
Ping: 24.62 ms
Download: 212.96 Mbit/s
Upload: 19.86 Mbit/s
Mon May 10 04:45:01 CEST 2021
Ping: 22.995 ms
Download: 204.68 Mbit/s
Upload: 19.52 Mbit/s
Mon May 10 05:45:01 CEST 2021
Ping: 24.341 ms
Download: 208.12 Mbit/s
Upload: 19.65 Mbit/s
Mon May 10 06:45:01 CEST 2021
Ping: 21.88 ms
Download: 167.85 Mbit/s
Upload: 19.52 Mbit/s
Mon May 10 07:45:01 CEST 2021
Ping: 22.438 ms
Download: 190.97 Mbit/s
Upload: 19.42 Mbit/s
Mon May 10 08:45:01 CEST 2021
Ping: 24.582 ms
Download: 264.31 Mbit/s
Upload: 19.81 Mbit/s
Mon May 10 09:45:01 CEST 2021
Ping: 24.886 ms
Download: 198.57 Mbit/s
Upload: 19.57 Mbit/s
Mon May 10 10:45:01 CEST 2021
Ping: 24.155 ms
Download: 247.54 Mbit/s
Upload: 19.63 Mbit/s
Mon May 10 11:45:01 CEST 2021
Ping: 26.335 ms
Download: 208.24 Mbit/s
Upload: 19.60 Mbit/s
Mon May 10 12:45:01 CEST 2021
Ping: 23.184 ms
Download: 209.48 Mbit/s
Upload: 19.55 Mbit/s
Mon May 10 13:45:02 CEST 2021
Ping: 23.208 ms
Download: 284.44 Mbit/s
Upload: 19.17 Mbit/s
Mon May 10 14:45:01 CEST 2021
Ping: 21.391 ms
Download: 258.65 Mbit/s
Upload: 19.12 Mbit/s
Mon May 10 15:45:01 CEST 2021
Ping: 24.528 ms
Download: 258.44 Mbit/s
Upload: 19.19 Mbit/s
Mon May 10 16:45:01 CEST 2021
Ping: 24.718 ms
Download: 261.83 Mbit/s
Upload: 19.02 Mbit/s
Mon May 10 17:45:01 CEST 2021
Ping: 25.578 ms
Download: 162.91 Mbit/s
Upload: 19.06 Mbit/s
Mon May 10 18:45:01 CEST 2021
Ping: 27.344 ms
Download: 267.09 Mbit/s
Upload: 19.18 Mbit/s
Mon May 10 19:45:01 CEST 2021
Ping: 25.11 ms
Download: 311.51 Mbit/s
Upload: 19.40 Mbit/s
Mon May 10 20:45:01 CEST 2021
Ping: 27.512 ms
Download: 244.04 Mbit/s
Upload: 18.89 Mbit/s
Mon May 10 21:45:01 CEST 2021
Ping: 24.821 ms
Download: 247.72 Mbit/s
Upload: 19.14 Mbit/s
Mon May 10 22:45:01 CEST 2021
Ping: 24.877 ms
Download: 273.24 Mbit/s
Upload: 19.44 Mbit/s
Mon May 10 23:45:01 CEST 2021
Ping: 25.838 ms
Download: 221.96 Mbit/s
Upload: 19.53 Mbit/s
Tue May 11 00:45:01 CEST 2021
Ping: 22.608 ms
Download: 154.44 Mbit/s
Upload: 19.17 Mbit/s
Tue May 11 01:45:01 CEST 2021
Ping: 24.033 ms
Download: 246.61 Mbit/s
Upload: 19.69 Mbit/s
Tue May 11 02:45:02 CEST 2021
Ping: 24.349 ms
Download: 229.94 Mbit/s
Upload: 19.81 Mbit/s
Tue May 11 03:45:01 CEST 2021
Ping: 27.387 ms
Download: 190.15 Mbit/s
Upload: 19.65 Mbit/s
Tue May 11 04:45:01 CEST 2021
Ping: 26.453 ms
Download: 203.36 Mbit/s
Upload: 19.46 Mbit/s
Tue May 11 05:45:01 CEST 2021
Ping: 24.947 ms
Download: 242.35 Mbit/s
Upload: 18.85 Mbit/s
Tue May 11 06:45:01 CEST 2021
Ping: 23.683 ms
Download: 174.49 Mbit/s
Upload: 19.23 Mbit/s
Tue May 11 07:45:01 CEST 2021
Ping: 22.907 ms
Download: 181.82 Mbit/s
Upload: 19.75 Mbit/s
Tue May 11 08:45:02 CEST 2021
Ping: 24.036 ms
Download: 215.05 Mbit/s
Upload: 19.68 Mbit/s
Tue May 11 09:45:01 CEST 2021
Ping: 24.934 ms
Download: 166.15 Mbit/s
Upload: 19.55 Mbit/s
Tue May 11 10:45:01 CEST 2021
Ping: 25.18 ms
Download: 178.25 Mbit/s
Upload: 19.34 Mbit/s
Tue May 11 11:45:02 CEST 2021
Ping: 23.196 ms
Download: 162.91 Mbit/s
Upload: 19.65 Mbit/s
Tue May 11 12:45:01 CEST 2021
Ping: 23.878 ms
Download: 278.40 Mbit/s
Upload: 19.46 Mbit/s
Tue May 11 13:45:01 CEST 2021
Ping: 22.596 ms
Download: 296.63 Mbit/s
Upload: 19.26 Mbit/s
Tue May 11 14:45:01 CEST 2021
Ping: 22.526 ms
Download: 139.14 Mbit/s
Upload: 19.69 Mbit/s
Tue May 11 15:45:01 CEST 2021
Ping: 25.578 ms
Download: 261.57 Mbit/s
Upload: 18.58 Mbit/s
Tue May 11 16:45:01 CEST 2021
Ping: 26.692 ms
Download: 273.26 Mbit/s
Upload: 19.41 Mbit/s
Tue May 11 17:45:01 CEST 2021
Ping: 25.307 ms
Download: 270.59 Mbit/s
Upload: 18.85 Mbit/s
Tue May 11 18:45:01 CEST 2021
Ping: 22.464 ms
Download: 197.26 Mbit/s
Upload: 19.42 Mbit/s
Tue May 11 19:45:01 CEST 2021
Ping: 25.584 ms
Download: 186.96 Mbit/s
Upload: 19.64 Mbit/s
Tue May 11 20:45:01 CEST 2021
Ping: 24.408 ms
Download: 210.34 Mbit/s
Upload: 19.33 Mbit/s
Tue May 11 21:45:01 CEST 2021
Ping: 23.649 ms
Download: 184.58 Mbit/s
Upload: 19.45 Mbit/s
Tue May 11 22:45:01 CEST 2021
Ping: 22.701 ms
Download: 197.18 Mbit/s
Upload: 19.59 Mbit/s
Tue May 11 23:45:01 CEST 2021
Ping: 23.133 ms
Download: 180.33 Mbit/s
Upload: 19.05 Mbit/s
Wed May 12 00:45:01 CEST 2021
Ping: 23.823 ms
Download: 180.85 Mbit/s
Upload: 18.61 Mbit/s
Wed May 12 01:45:01 CEST 2021
Ping: 24.724 ms
Download: 192.46 Mbit/s
Upload: 19.68 Mbit/s
Wed May 12 02:45:01 CEST 2021
Ping: 24.533 ms
Download: 99.75 Mbit/s
Upload: 19.74 Mbit/s
Wed May 12 03:45:01 CEST 2021
Ping: 25.91 ms
Download: 258.88 Mbit/s
Upload: 19.35 Mbit/s
Wed May 12 04:45:01 CEST 2021
Ping: 25.728 ms
Download: 262.81 Mbit/s
Upload: 19.56 Mbit/s
Wed May 12 05:45:01 CEST 2021
Ping: 24.209 ms
Download: 346.51 Mbit/s
Upload: 19.39 Mbit/s
Wed May 12 06:45:01 CEST 2021
Ping: 24.075 ms
Download: 184.67 Mbit/s
Upload: 19.39 Mbit/s
Wed May 12 07:45:01 CEST 2021
Ping: 31.078 ms
Download: 150.47 Mbit/s
Upload: 19.64 Mbit/s
Wed May 12 08:45:01 CEST 2021
Ping: 24.122 ms
Download: 169.49 Mbit/s
Upload: 19.33 Mbit/s
Wed May 12 09:45:02 CEST 2021
Ping: 26.115 ms
Download: 247.80 Mbit/s
Upload: 18.43 Mbit/s
Wed May 12 10:45:01 CEST 2021
Ping: 25.711 ms
Download: 232.73 Mbit/s
Upload: 18.92 Mbit/s
Wed May 12 11:45:01 CEST 2021
Ping: 26.567 ms
Download: 253.99 Mbit/s
Upload: 19.38 Mbit/s
Wed May 12 12:45:01 CEST 2021
Ping: 25.128 ms
Download: 286.68 Mbit/s
Upload: 19.26 Mbit/s
Wed May 12 13:45:01 CEST 2021
Ping: 23.444 ms
Download: 270.82 Mbit/s
Upload: 18.80 Mbit/s
Wed May 12 14:45:01 CEST 2021
Ping: 27.52 ms
Download: 197.76 Mbit/s
Upload: 19.68 Mbit/s
Wed May 12 15:45:01 CEST 2021
Ping: 27.184 ms
Download: 190.23 Mbit/s
Upload: 19.59 Mbit/s
Wed May 12 16:45:01 CEST 2021
Ping: 24.37 ms
Download: 298.97 Mbit/s
Upload: 19.35 Mbit/s
Wed May 12 17:45:01 CEST 2021
Ping: 23.55 ms
Download: 302.75 Mbit/s
Upload: 19.01 Mbit/s
Wed May 12 18:45:01 CEST 2021
Ping: 27.965 ms
Download: 304.08 Mbit/s
Upload: 19.22 Mbit/s
Wed May 12 19:45:01 CEST 2021
Ping: 27.483 ms
Download: 230.16 Mbit/s
Upload: 19.34 Mbit/s
Wed May 12 20:45:01 CEST 2021
Ping: 28.181 ms
Download: 258.81 Mbit/s
Upload: 19.29 Mbit/s
Wed May 12 21:45:01 CEST 2021
Ping: 28.471 ms
Download: 192.11 Mbit/s
Upload: 19.32 Mbit/s
Wed May 12 22:45:01 CEST 2021
Ping: 24.949 ms
Download: 244.64 Mbit/s
Upload: 19.42 Mbit/s
Wed May 12 23:45:01 CEST 2021
Ping: 23.704 ms
Download: 179.85 Mbit/s
Upload: 19.47 Mbit/s
Thu May 13 00:45:01 CEST 2021
Ping: 23.725 ms
Download: 192.51 Mbit/s
Upload: 19.20 Mbit/s
Thu May 13 01:45:01 CEST 2021
Ping: 21.65 ms
Download: 202.30 Mbit/s
Upload: 19.55 Mbit/s
Thu May 13 02:45:01 CEST 2021
Ping: 22.844 ms
Download: 197.82 Mbit/s
Upload: 19.80 Mbit/s
Thu May 13 03:45:01 CEST 2021
Ping: 23.971 ms
Download: 188.61 Mbit/s
Upload: 19.45 Mbit/s
Thu May 13 04:45:01 CEST 2021
Ping: 23.5 ms
Download: 195.44 Mbit/s
Upload: 19.44 Mbit/s
Thu May 13 05:45:01 CEST 2021
Ping: 23.372 ms
Download: 87.78 Mbit/s
Upload: 19.44 Mbit/s
Thu May 13 06:45:01 CEST 2021
Ping: 22.646 ms
Download: 194.20 Mbit/s
Upload: 19.78 Mbit/s
Thu May 13 07:45:01 CEST 2021
Ping: 22.564 ms
Download: 194.76 Mbit/s
Upload: 19.75 Mbit/s
Thu May 13 08:45:01 CEST 2021
Ping: 23.717 ms
Download: 181.32 Mbit/s
Upload: 19.81 Mbit/s
Thu May 13 09:45:01 CEST 2021
Ping: 25.856 ms
Download: 205.09 Mbit/s
Upload: 18.78 Mbit/s
Thu May 13 10:45:01 CEST 2021
Ping: 27.596 ms
Download: 216.18 Mbit/s
Upload: 18.23 Mbit/s
Thu May 13 11:45:02 CEST 2021
Ping: 29.318 ms
Download: 187.61 Mbit/s
Upload: 19.20 Mbit/s
Thu May 13 12:45:01 CEST 2021
Ping: 22.254 ms
Download: 116.78 Mbit/s
Upload: 18.61 Mbit/s
Thu May 13 13:45:01 CEST 2021
Ping: 23.622 ms
Download: 185.18 Mbit/s
Upload: 19.65 Mbit/s
Thu May 13 14:45:01 CEST 2021
Ping: 24.491 ms
Download: 196.56 Mbit/s
Upload: 19.60 Mbit/s
Thu May 13 15:45:01 CEST 2021
Ping: 23.788 ms
Download: 190.32 Mbit/s
Upload: 19.45 Mbit/s
Thu May 13 16:45:02 CEST 2021
Ping: 24.87 ms
Download: 77.80 Mbit/s
Upload: 18.41 Mbit/s
Thu May 13 17:45:01 CEST 2021
Ping: 23.987 ms
Download: 186.90 Mbit/s
Upload: 19.56 Mbit/s
Thu May 13 18:45:02 CEST 2021
Ping: 24.805 ms
Download: 124.11 Mbit/s
Upload: 18.98 Mbit/s
Thu May 13 19:45:01 CEST 2021
Ping: 23.452 ms
Download: 193.29 Mbit/s
Upload: 18.79 Mbit/s
Thu May 13 20:45:01 CEST 2021
Ping: 23.458 ms
Download: 191.45 Mbit/s
Upload: 19.52 Mbit/s
Thu May 13 21:45:01 CEST 2021
Ping: 23.261 ms
Download: 238.39 Mbit/s
Upload: 19.12 Mbit/s
Thu May 13 22:45:01 CEST 2021
Ping: 21.451 ms
Download: 207.94 Mbit/s
Upload: 19.33 Mbit/s
Thu May 13 23:45:02 CEST 2021
Ping: 24.181 ms
Download: 301.63 Mbit/s
Upload: 19.77 Mbit/s
Fri May 14 00:45:01 CEST 2021
Ping: 24.923 ms
Download: 194.30 Mbit/s
Upload: 19.23 Mbit/s
Fri May 14 01:45:01 CEST 2021
Ping: 22.887 ms
Download: 239.70 Mbit/s
Upload: 19.58 Mbit/s
Fri May 14 02:45:01 CEST 2021
Ping: 23.249 ms
Download: 273.44 Mbit/s
Upload: 19.29 Mbit/s
Fri May 14 03:45:01 CEST 2021
Ping: 24.312 ms
Download: 251.94 Mbit/s
Upload: 19.47 Mbit/s
Fri May 14 04:45:01 CEST 2021
Ping: 23.729 ms
Download: 250.03 Mbit/s
Upload: 19.63 Mbit/s
Fri May 14 05:45:01 CEST 2021
Ping: 24.026 ms
Download: 187.10 Mbit/s
Upload: 18.96 Mbit/s
Fri May 14 06:45:01 CEST 2021
Ping: 21.175 ms
Download: 193.83 Mbit/s
Upload: 19.73 Mbit/s
Fri May 14 07:45:01 CEST 2021
Ping: 22.941 ms
Download: 198.93 Mbit/s
Upload: 19.40 Mbit/s
Fri May 14 08:45:01 CEST 2021
Ping: 25.114 ms
Download: 232.74 Mbit/s
Upload: 19.15 Mbit/s
Fri May 14 09:45:02 CEST 2021
Ping: 25.701 ms
Download: 252.84 Mbit/s
Upload: 18.72 Mbit/s
Fri May 14 10:45:01 CEST 2021
Ping: 26.875 ms
Download: 291.29 Mbit/s
Upload: 19.05 Mbit/s
Fri May 14 11:45:01 CEST 2021
Ping: 25.032 ms
Download: 305.04 Mbit/s
Upload: 19.33 Mbit/s
Fri May 14 12:45:01 CEST 2021
Ping: 23.818 ms
Download: 174.98 Mbit/s
Upload: 19.34 Mbit/s
Fri May 14 13:45:01 CEST 2021
Ping: 22.088 ms
Download: 155.14 Mbit/s
Upload: 19.69 Mbit/s
Fri May 14 14:45:01 CEST 2021
Ping: 25.371 ms
Download: 246.00 Mbit/s
Upload: 19.46 Mbit/s
Fri May 14 15:45:01 CEST 2021
Ping: 23.898 ms
Download: 183.57 Mbit/s
Upload: 19.37 Mbit/s
Fri May 14 16:45:01 CEST 2021
Ping: 23.531 ms
Download: 169.76 Mbit/s
Upload: 19.76 Mbit/s
Fri May 14 17:45:02 CEST 2021
Ping: 23.791 ms
Download: 180.99 Mbit/s
Upload: 19.39 Mbit/s
Fri May 14 18:45:02 CEST 2021
Ping: 24.344 ms
Download: 110.76 Mbit/s
Upload: 19.16 Mbit/s
Fri May 14 19:45:01 CEST 2021
Ping: 23.566 ms
Download: 195.16 Mbit/s
Upload: 19.81 Mbit/s
Fri May 14 20:45:01 CEST 2021
Ping: 24.208 ms
Download: 265.04 Mbit/s
Upload: 19.39 Mbit/s
Fri May 14 21:45:01 CEST 2021
Ping: 25.104 ms
Download: 226.57 Mbit/s
Upload: 19.36 Mbit/s
Fri May 14 22:45:01 CEST 2021
Ping: 26.88 ms
Download: 208.58 Mbit/s
Upload: 19.59 Mbit/s
Fri May 14 23:45:01 CEST 2021
Ping: 23.301 ms
Download: 155.58 Mbit/s
Upload: 19.48 Mbit/s
Sat May 15 00:45:01 CEST 2021
Ping: 22.413 ms
Download: 95.12 Mbit/s
Upload: 19.63 Mbit/s
Sat May 15 01:45:01 CEST 2021
Ping: 23.845 ms
Download: 239.99 Mbit/s
Upload: 19.52 Mbit/s
Sat May 15 02:45:01 CEST 2021
Ping: 23.1 ms
Download: 190.73 Mbit/s
Upload: 19.69 Mbit/s
Sat May 15 03:45:01 CEST 2021
Ping: 24.39 ms
Download: 189.58 Mbit/s
Upload: 19.59 Mbit/s
Sat May 15 04:45:01 CEST 2021
Ping: 23.282 ms
Download: 235.93 Mbit/s
Upload: 19.47 Mbit/s
Sat May 15 05:45:01 CEST 2021
Ping: 24.31 ms
Download: 246.72 Mbit/s
Upload: 19.46 Mbit/s
Sat May 15 06:45:01 CEST 2021
Ping: 23.037 ms
Download: 199.38 Mbit/s
Upload: 19.65 Mbit/s
Sat May 15 07:45:01 CEST 2021
Ping: 23.702 ms
Download: 225.10 Mbit/s
Upload: 19.60 Mbit/s
Sat May 15 08:45:01 CEST 2021
Ping: 22.449 ms
Download: 276.05 Mbit/s
Upload: 19.42 Mbit/s
Sat May 15 09:45:02 CEST 2021
Ping: 25.503 ms
Download: 196.82 Mbit/s
Upload: 18.97 Mbit/s
Sat May 15 10:45:02 CEST 2021
Ping: 27.948 ms
Download: 266.07 Mbit/s
Upload: 18.64 Mbit/s
Sat May 15 11:45:01 CEST 2021
Ping: 25.833 ms
Download: 299.99 Mbit/s
Upload: 19.48 Mbit/s
Sat May 15 12:45:01 CEST 2021
Ping: 24.187 ms
Download: 291.27 Mbit/s
Upload: 19.15 Mbit/s
Sat May 15 13:45:01 CEST 2021
Ping: 23.856 ms
Download: 188.68 Mbit/s
Upload: 19.35 Mbit/s
Sat May 15 14:45:01 CEST 2021
Ping: 24.033 ms
Download: 109.18 Mbit/s
Upload: 19.81 Mbit/s
Sat May 15 15:45:01 CEST 2021
Ping: 21.618 ms
Download: 273.33 Mbit/s
Upload: 16.38 Mbit/s
Sat May 15 16:45:01 CEST 2021
Ping: 20.345 ms
Download: 232.97 Mbit/s
Upload: 16.36 Mbit/s
Sat May 15 17:45:01 CEST 2021
Ping: 22.419 ms
Download: 198.15 Mbit/s
Upload: 19.80 Mbit/s
Sat May 15 18:45:01 CEST 2021
Ping: 23.915 ms
Download: 124.24 Mbit/s
Upload: 19.73 Mbit/s
Sat May 15 19:45:01 CEST 2021
Ping: 22.88 ms
Download: 199.25 Mbit/s
Upload: 19.71 Mbit/s
Sat May 15 20:45:01 CEST 2021
Ping: 21.131 ms
Download: 192.94 Mbit/s
Upload: 19.68 Mbit/s
Sat May 15 21:45:02 CEST 2021
Ping: 25.069 ms
Download: 192.79 Mbit/s
Upload: 19.09 Mbit/s
Sat May 15 22:45:01 CEST 2021
Ping: 26.386 ms
Download: 170.66 Mbit/s
Upload: 19.27 Mbit/s
Sat May 15 23:45:01 CEST 2021
Ping: 22.99 ms
Download: 167.44 Mbit/s
Upload: 19.37 Mbit/s
Sun May 16 00:45:01 CEST 2021
Ping: 24.29 ms
Download: 218.84 Mbit/s
Upload: 19.29 Mbit/s
Sun May 16 01:45:01 CEST 2021
Ping: 23.5 ms
Download: 186.87 Mbit/s
Upload: 19.65 Mbit/s
Sun May 16 02:45:01 CEST 2021
Ping: 23.771 ms
Download: 174.50 Mbit/s
Upload: 19.74 Mbit/s
Sun May 16 03:45:01 CEST 2021
Ping: 25.1 ms
Download: 179.64 Mbit/s
Upload: 19.83 Mbit/s
Sun May 16 04:45:01 CEST 2021
Ping: 21.907 ms
Download: 188.88 Mbit/s
Upload: 19.13 Mbit/s
Sun May 16 05:45:01 CEST 2021
Ping: 23.581 ms
Download: 75.90 Mbit/s
Upload: 19.42 Mbit/s
Sun May 16 06:45:01 CEST 2021
Ping: 22.877 ms
Download: 179.26 Mbit/s
Upload: 19.63 Mbit/s
Sun May 16 07:45:01 CEST 2021
Ping: 26.412 ms
Download: 265.55 Mbit/s
Upload: 19.35 Mbit/s
Sun May 16 08:45:01 CEST 2021
Ping: 26.431 ms
Download: 223.39 Mbit/s
Upload: 19.60 Mbit/s
Sun May 16 09:45:01 CEST 2021
Ping: 25.728 ms
Download: 192.67 Mbit/s
Upload: 18.50 Mbit/s
Sun May 16 10:45:01 CEST 2021
Ping: 23.69 ms
Download: 196.21 Mbit/s
Upload: 19.25 Mbit/s
Sun May 16 11:45:01 CEST 2021
Ping: 23.744 ms
Download: 202.57 Mbit/s
Upload: 19.58 Mbit/s
Sun May 16 12:45:01 CEST 2021
Ping: 24.68 ms
Download: 279.73 Mbit/s
Upload: 19.56 Mbit/s
Sun May 16 13:45:01 CEST 2021
Ping: 28.617 ms
Download: 276.92 Mbit/s
Upload: 19.21 Mbit/s
Sun May 16 14:45:01 CEST 2021
Ping: 26.729 ms
Download: 210.32 Mbit/s
Upload: 19.65 Mbit/s
Sun May 16 15:45:01 CEST 2021
Ping: 25.45 ms
Download: 274.61 Mbit/s
Upload: 17.92 Mbit/s
Sun May 16 16:45:01 CEST 2021
Ping: 24.7 ms
Download: 268.35 Mbit/s
Upload: 19.60 Mbit/s
Sun May 16 17:45:01 CEST 2021
Ping: 28.084 ms
Download: 289.65 Mbit/s
Upload: 18.91 Mbit/s
Sun May 16 18:45:01 CEST 2021
Ping: 26.232 ms
Download: 251.12 Mbit/s
Upload: 18.76 Mbit/s
Sun May 16 19:45:01 CEST 2021
Ping: 23.472 ms
Download: 212.49 Mbit/s
Upload: 18.10 Mbit/s
Sun May 16 20:45:01 CEST 2021
Ping: 25.975 ms
Download: 195.86 Mbit/s
Upload: 19.71 Mbit/s
Sun May 16 21:45:01 CEST 2021
Ping: 24.655 ms
Download: 241.69 Mbit/s
Upload: 19.66 Mbit/s
Sun May 16 22:45:01 CEST 2021
Ping: 24.047 ms
Download: 180.20 Mbit/s
Upload: 19.06 Mbit/s
Sun May 16 23:45:01 CEST 2021
Ping: 21.238 ms
Download: 197.58 Mbit/s
Upload: 19.77 Mbit/s
Mon May 17 00:45:01 CEST 2021
Ping: 21.569 ms
Download: 212.49 Mbit/s
Upload: 19.60 Mbit/s
Mon May 17 01:45:01 CEST 2021
Ping: 22.997 ms
Download: 197.18 Mbit/s
Upload: 18.67 Mbit/s
Mon May 17 02:45:01 CEST 2021
Ping: 23.557 ms
Download: 172.88 Mbit/s
Upload: 19.69 Mbit/s
Mon May 17 03:45:01 CEST 2021
Ping: 24.351 ms
Download: 258.13 Mbit/s
Upload: 19.82 Mbit/s
Mon May 17 04:45:01 CEST 2021
Ping: 23.375 ms
Download: 193.46 Mbit/s
Upload: 19.63 Mbit/s
Mon May 17 05:45:01 CEST 2021
Ping: 23.878 ms
Download: 170.92 Mbit/s
Upload: 19.84 Mbit/s
Mon May 17 06:45:01 CEST 2021
Ping: 21.83 ms
Download: 186.15 Mbit/s
Upload: 19.82 Mbit/s
Mon May 17 07:45:01 CEST 2021
Ping: 23.239 ms
Download: 248.89 Mbit/s
Upload: 19.65 Mbit/s
Mon May 17 08:45:01 CEST 2021
Ping: 22.949 ms
Download: 118.20 Mbit/s
Upload: 19.38 Mbit/s
Mon May 17 09:45:01 CEST 2021
Ping: 23.156 ms
Download: 182.99 Mbit/s
Upload: 19.49 Mbit/s
Mon May 17 10:45:01 CEST 2021
Ping: 25.18 ms
Download: 200.99 Mbit/s
Upload: 18.70 Mbit/s
Mon May 17 11:45:01 CEST 2021
Ping: 22.947 ms
Download: 197.16 Mbit/s
Upload: 18.70 Mbit/s
Mon May 17 12:45:01 CEST 2021
Ping: 26.371 ms
Download: 193.77 Mbit/s
Upload: 18.79 Mbit/s
Mon May 17 13:45:01 CEST 2021
Ping: 23.694 ms
Download: 171.81 Mbit/s
Upload: 18.71 Mbit/s
Mon May 17 14:45:01 CEST 2021
Ping: 26.433 ms
Download: 161.69 Mbit/s
Upload: 19.47 Mbit/s
Mon May 17 15:45:01 CEST 2021
Ping: 22.157 ms
Download: 188.18 Mbit/s
Upload: 19.42 Mbit/s
Mon May 17 16:45:01 CEST 2021
Ping: 30.988 ms
Download: 245.31 Mbit/s
Upload: 18.30 Mbit/s
Mon May 17 17:45:01 CEST 2021
Ping: 28.823 ms
Download: 268.76 Mbit/s
Upload: 19.43 Mbit/s
Mon May 17 18:45:01 CEST 2021
Ping: 27.237 ms
Download: 166.58 Mbit/s
Upload: 19.62 Mbit/s
Mon May 17 19:45:02 CEST 2021
Ping: 24.464 ms
Download: 264.52 Mbit/s
Upload: 18.40 Mbit/s
Mon May 17 20:45:01 CEST 2021
Ping: 24.496 ms
Download: 197.36 Mbit/s
Upload: 19.14 Mbit/s
Mon May 17 21:45:01 CEST 2021
Ping: 25.726 ms
Download: 201.99 Mbit/s
Upload: 18.98 Mbit/s
Mon May 17 22:45:01 CEST 2021
Ping: 24.365 ms
Download: 189.96 Mbit/s
Upload: 19.60 Mbit/s
Mon May 17 23:45:01 CEST 2021
Ping: 22.929 ms
Download: 168.17 Mbit/s
Upload: 19.68 Mbit/s
Tue May 18 00:45:01 CEST 2021
Ping: 23.252 ms
Download: 209.66 Mbit/s
Upload: 19.51 Mbit/s
Tue May 18 01:45:01 CEST 2021
Ping: 24.005 ms
Download: 198.77 Mbit/s
Upload: 19.42 Mbit/s
Tue May 18 02:45:01 CEST 2021
Ping: 23.7 ms
Download: 173.36 Mbit/s
Upload: 19.51 Mbit/s
Tue May 18 03:45:02 CEST 2021
Ping: 23.12 ms
Download: 209.71 Mbit/s
Upload: 19.45 Mbit/s
Tue May 18 04:45:01 CEST 2021
Ping: 24.144 ms
Download: 215.00 Mbit/s
Upload: 19.53 Mbit/s
Tue May 18 05:45:01 CEST 2021
Ping: 25.15 ms
Download: 208.70 Mbit/s
Upload: 19.04 Mbit/s
Tue May 18 06:45:01 CEST 2021
Ping: 23.481 ms
Download: 209.84 Mbit/s
Upload: 19.33 Mbit/s
Tue May 18 07:45:02 CEST 2021
Ping: 31.631 ms
Download: 260.24 Mbit/s
Upload: 19.40 Mbit/s
Tue May 18 08:45:02 CEST 2021
Ping: 31.601 ms
Download: 292.06 Mbit/s
Upload: 19.68 Mbit/s
Tue May 18 09:45:01 CEST 2021
Ping: 28.075 ms
Download: 333.47 Mbit/s
Upload: 19.80 Mbit/s
Tue May 18 10:45:01 CEST 2021
Ping: 23.36 ms
Download: 187.48 Mbit/s
Upload: 19.53 Mbit/s
Tue May 18 11:45:01 CEST 2021
Ping: 24.304 ms
Download: 170.33 Mbit/s
Upload: 19.51 Mbit/s
Tue May 18 12:45:01 CEST 2021
Ping: 23.872 ms
Download: 172.52 Mbit/s
Upload: 19.08 Mbit/s
Tue May 18 13:45:01 CEST 2021
Ping: 25.786 ms
Download: 176.77 Mbit/s
Upload: 19.57 Mbit/s
Tue May 18 14:45:01 CEST 2021
Ping: 23.963 ms
Download: 170.48 Mbit/s
Upload: 19.72 Mbit/s
Tue May 18 15:45:01 CEST 2021
Ping: 24.037 ms
Download: 183.27 Mbit/s
Upload: 19.74 Mbit/s
Tue May 18 16:45:01 CEST 2021
Ping: 24.357 ms
Download: 182.18 Mbit/s
Upload: 19.61 Mbit/s
Tue May 18 17:45:01 CEST 2021
Ping: 23.514 ms
Download: 207.63 Mbit/s
Upload: 19.36 Mbit/s
Tue May 18 18:45:01 CEST 2021
Ping: 19.914 ms
Download: 231.03 Mbit/s
Upload: 19.23 Mbit/s
Tue May 18 19:45:01 CEST 2021
Ping: 22.221 ms
Download: 204.24 Mbit/s
Upload: 19.42 Mbit/s
Tue May 18 20:45:01 CEST 2021
Ping: 21.845 ms
Download: 252.18 Mbit/s
Upload: 18.68 Mbit/s
Tue May 18 21:45:01 CEST 2021
Ping: 25.289 ms
Download: 259.05 Mbit/s
Upload: 19.06 Mbit/s
Tue May 18 22:45:01 CEST 2021
Ping: 25.783 ms
Download: 186.80 Mbit/s
Upload: 19.69 Mbit/s
Tue May 18 23:45:01 CEST 2021
Ping: 23.191 ms
Download: 184.57 Mbit/s
Upload: 19.49 Mbit/s
Wed May 19 00:45:01 CEST 2021
Ping: 24.795 ms
Download: 227.53 Mbit/s
Upload: 19.45 Mbit/s
Wed May 19 01:45:01 CEST 2021
Ping: 24.845 ms
Download: 216.72 Mbit/s
Upload: 19.40 Mbit/s
Wed May 19 02:45:01 CEST 2021
Ping: 23.019 ms
Download: 189.07 Mbit/s
Upload: 19.79 Mbit/s
Wed May 19 03:45:01 CEST 2021
Ping: 25.018 ms
Download: 213.89 Mbit/s
Upload: 19.82 Mbit/s
Wed May 19 04:45:01 CEST 2021
Ping: 25.345 ms
Download: 245.04 Mbit/s
Upload: 19.37 Mbit/s
Wed May 19 05:45:01 CEST 2021
Ping: 24.643 ms
Download: 299.35 Mbit/s
Upload: 19.56 Mbit/s
Wed May 19 06:45:01 CEST 2021
Ping: 26.242 ms
Download: 249.61 Mbit/s
Upload: 19.79 Mbit/s
Wed May 19 07:45:01 CEST 2021
Ping: 25.896 ms
Download: 204.93 Mbit/s
Upload: 19.67 Mbit/s
Wed May 19 08:45:01 CEST 2021
Ping: 22.926 ms
Download: 66.61 Mbit/s
Upload: 19.66 Mbit/s
Wed May 19 09:45:01 CEST 2021
Ping: 22.57 ms
Download: 194.89 Mbit/s
Upload: 19.49 Mbit/s
Wed May 19 10:45:01 CEST 2021
Ping: 26.349 ms
Download: 212.51 Mbit/s
Upload: 19.64 Mbit/s
Wed May 19 11:45:01 CEST 2021
Ping: 24.689 ms
Download: 196.75 Mbit/s
Upload: 19.14 Mbit/s
Wed May 19 12:45:01 CEST 2021
Ping: 24.164 ms
Download: 234.86 Mbit/s
Upload: 19.32 Mbit/s
Wed May 19 13:45:01 CEST 2021
Ping: 23.964 ms
Download: 209.23 Mbit/s
Upload: 19.41 Mbit/s
Wed May 19 14:45:01 CEST 2021
Ping: 24.182 ms
Download: 180.85 Mbit/s
Upload: 18.57 Mbit/s
Wed May 19 15:45:01 CEST 2021
Ping: 22.267 ms
Download: 247.43 Mbit/s
Upload: 18.61 Mbit/s
Wed May 19 16:45:01 CEST 2021
Ping: 26.952 ms
Download: 233.61 Mbit/s
Upload: 19.20 Mbit/s
Wed May 19 17:45:01 CEST 2021
Ping: 24.655 ms
Download: 237.61 Mbit/s
Upload: 19.46 Mbit/s
Wed May 19 18:45:01 CEST 2021
Ping: 25.887 ms
Download: 251.23 Mbit/s
Upload: 19.24 Mbit/s
Wed May 19 19:45:01 CEST 2021
Ping: 27.83 ms
Download: 255.16 Mbit/s
Upload: 19.34 Mbit/s
Wed May 19 20:45:01 CEST 2021
Ping: 24.958 ms
Download: 279.63 Mbit/s
Upload: 18.90 Mbit/s
Wed May 19 21:45:01 CEST 2021
Ping: 25.205 ms
Download: 286.87 Mbit/s
Upload: 19.13 Mbit/s
Wed May 19 22:45:01 CEST 2021
Ping: 26.009 ms
Download: 213.35 Mbit/s
Upload: 19.64 Mbit/s
Wed May 19 23:45:01 CEST 2021
Ping: 22.638 ms
Download: 177.22 Mbit/s
Upload: 19.74 Mbit/s
Thu May 20 00:45:01 CEST 2021
Ping: 23.435 ms
Download: 163.63 Mbit/s
Upload: 19.42 Mbit/s
Thu May 20 01:45:01 CEST 2021
Ping: 26.177 ms
Download: 202.34 Mbit/s
Upload: 19.90 Mbit/s
Thu May 20 02:45:01 CEST 2021
Ping: 22.426 ms
Download: 183.83 Mbit/s
Upload: 19.60 Mbit/s
Thu May 20 03:45:02 CEST 2021
Ping: 23.444 ms
Download: 185.12 Mbit/s
Upload: 19.60 Mbit/s
Thu May 20 04:45:01 CEST 2021
Ping: 24.296 ms
Download: 237.54 Mbit/s
Upload: 19.49 Mbit/s
Thu May 20 05:45:01 CEST 2021
Ping: 25.705 ms
Download: 272.91 Mbit/s
Upload: 19.37 Mbit/s
Thu May 20 06:45:01 CEST 2021
Ping: 23.69 ms
Download: 278.24 Mbit/s
Upload: 19.35 Mbit/s
Thu May 20 07:45:01 CEST 2021
Ping: 24.167 ms
Download: 224.95 Mbit/s
Upload: 19.54 Mbit/s
Thu May 20 08:45:01 CEST 2021
Ping: 23.493 ms
Download: 179.70 Mbit/s
Upload: 19.37 Mbit/s
Thu May 20 09:45:01 CEST 2021
Ping: 24.054 ms
Download: 174.66 Mbit/s
Upload: 18.83 Mbit/s
Thu May 20 10:45:01 CEST 2021
Ping: 23.05 ms
Download: 61.92 Mbit/s
Upload: 19.84 Mbit/s
Thu May 20 11:45:01 CEST 2021
Ping: 24.606 ms
Download: 176.04 Mbit/s
Upload: 19.17 Mbit/s
Thu May 20 12:45:01 CEST 2021
Ping: 20.998 ms
Download: 183.95 Mbit/s
Upload: 19.64 Mbit/s
Thu May 20 13:45:01 CEST 2021
Ping: 25.681 ms
Download: 245.12 Mbit/s
Upload: 18.44 Mbit/s
Thu May 20 14:45:01 CEST 2021
Ping: 24.698 ms
Download: 291.60 Mbit/s
Upload: 19.40 Mbit/s
Thu May 20 15:45:01 CEST 2021
Ping: 26.337 ms
Download: 275.65 Mbit/s
Upload: 17.79 Mbit/s
Thu May 20 16:45:01 CEST 2021
Ping: 25.997 ms
Download: 60.59 Mbit/s
Upload: 19.26 Mbit/s
Thu May 20 17:45:01 CEST 2021
Ping: 23.969 ms
Download: 70.95 Mbit/s
Upload: 19.86 Mbit/s
Thu May 20 18:45:01 CEST 2021
Ping: 24.651 ms
Download: 93.24 Mbit/s
Upload: 19.52 Mbit/s
Thu May 20 19:45:01 CEST 2021
Ping: 25.793 ms
Download: 184.65 Mbit/s
Upload: 18.43 Mbit/s
Thu May 20 20:45:01 CEST 2021
Ping: 26.426 ms
Download: 189.86 Mbit/s
Upload: 19.24 Mbit/s
Thu May 20 21:45:01 CEST 2021
Ping: 23.431 ms
Download: 233.48 Mbit/s
Upload: 19.83 Mbit/s
Thu May 20 22:45:01 CEST 2021
Ping: 25.845 ms
Download: 186.97 Mbit/s
Upload: 19.21 Mbit/s
Thu May 20 23:45:01 CEST 2021
Ping: 24.149 ms
Download: 167.60 Mbit/s
Upload: 19.23 Mbit/s
Fri May 21 00:45:01 CEST 2021
Ping: 23.738 ms
Download: 199.74 Mbit/s
Upload: 19.52 Mbit/s
Fri May 21 01:45:01 CEST 2021
Ping: 22.686 ms
Download: 187.48 Mbit/s
Upload: 18.92 Mbit/s
Fri May 21 02:45:01 CEST 2021
Ping: 25.389 ms
Download: 215.68 Mbit/s
Upload: 19.20 Mbit/s
Fri May 21 03:45:01 CEST 2021
Ping: 24.821 ms
Download: 284.23 Mbit/s
Upload: 19.76 Mbit/s
Fri May 21 04:45:01 CEST 2021
Ping: 22.043 ms
Download: 191.42 Mbit/s
Upload: 19.62 Mbit/s
Fri May 21 05:45:01 CEST 2021
Ping: 23.601 ms
Download: 204.04 Mbit/s
Upload: 19.61 Mbit/s
Fri May 21 06:45:01 CEST 2021
Ping: 22.205 ms
Download: 188.13 Mbit/s
Upload: 19.77 Mbit/s
Fri May 21 07:45:01 CEST 2021
Ping: 24.066 ms
Download: 232.10 Mbit/s
Upload: 19.65 Mbit/s
Fri May 21 08:45:01 CEST 2021
Ping: 24.72 ms
Download: 193.51 Mbit/s
Upload: 19.60 Mbit/s
Fri May 21 09:45:01 CEST 2021
Ping: 23.633 ms
Download: 168.17 Mbit/s
Upload: 19.55 Mbit/s
Fri May 21 10:45:01 CEST 2021
Ping: 24.762 ms
Download: 228.29 Mbit/s
Upload: 19.05 Mbit/s
Fri May 21 11:45:01 CEST 2021
Ping: 21.697 ms
Download: 223.17 Mbit/s
Upload: 18.64 Mbit/s
Fri May 21 12:45:01 CEST 2021
Ping: 22.014 ms
Download: 198.86 Mbit/s
Upload: 19.59 Mbit/s
Fri May 21 13:45:01 CEST 2021
Ping: 23.919 ms
Download: 175.86 Mbit/s
Upload: 19.51 Mbit/s
Fri May 21 14:45:01 CEST 2021
Ping: 25.462 ms
Download: 181.98 Mbit/s
Upload: 19.33 Mbit/s
Fri May 21 15:45:01 CEST 2021
Ping: 24.32 ms
Download: 197.16 Mbit/s
Upload: 19.44 Mbit/s
Fri May 21 16:45:01 CEST 2021
Ping: 25.555 ms
Download: 249.92 Mbit/s
Upload: 19.35 Mbit/s
Fri May 21 17:45:01 CEST 2021
Ping: 24.11 ms
Download: 160.56 Mbit/s
Upload: 19.44 Mbit/s
Fri May 21 18:45:01 CEST 2021
Ping: 23.821 ms
Download: 181.48 Mbit/s
Upload: 19.38 Mbit/s
Fri May 21 19:45:01 CEST 2021
Ping: 22.587 ms
Download: 187.80 Mbit/s
Upload: 19.07 Mbit/s
Fri May 21 20:45:01 CEST 2021
Ping: 23.966 ms
Download: 294.73 Mbit/s
Upload: 19.40 Mbit/s
Fri May 21 21:45:01 CEST 2021
Ping: 22.155 ms
Download: 209.45 Mbit/s
Upload: 19.18 Mbit/s
Fri May 21 22:45:01 CEST 2021
Ping: 21.419 ms
Download: 198.86 Mbit/s
Upload: 19.10 Mbit/s
Fri May 21 23:45:01 CEST 2021
Ping: 22.004 ms
Download: 252.84 Mbit/s
Upload: 19.49 Mbit/s
Sat May 22 00:45:01 CEST 2021
Ping: 23.886 ms
Download: 236.68 Mbit/s
Upload: 19.41 Mbit/s
Sat May 22 01:45:01 CEST 2021
Ping: 24.058 ms
Download: 82.65 Mbit/s
Upload: 19.34 Mbit/s
Sat May 22 02:45:01 CEST 2021
Ping: 21.085 ms
Download: 230.88 Mbit/s
Upload: 19.38 Mbit/s
Sat May 22 03:45:01 CEST 2021
Ping: 21.317 ms
Download: 210.25 Mbit/s
Upload: 18.93 Mbit/s
Sat May 22 04:45:01 CEST 2021
Ping: 22.791 ms
Download: 187.55 Mbit/s
Upload: 19.68 Mbit/s
Sat May 22 05:45:01 CEST 2021
Ping: 20.675 ms
Download: 171.12 Mbit/s
Upload: 19.64 Mbit/s
Sat May 22 06:45:01 CEST 2021
Ping: 23.193 ms
Download: 188.45 Mbit/s
Upload: 19.19 Mbit/s
Sat May 22 07:45:02 CEST 2021
Ping: 25.562 ms
Download: 256.21 Mbit/s
Upload: 18.81 Mbit/s
Sat May 22 08:45:01 CEST 2021
Ping: 25.221 ms
Download: 253.60 Mbit/s
Upload: 19.60 Mbit/s
Sat May 22 09:45:01 CEST 2021
Ping: 27.337 ms
Download: 262.94 Mbit/s
Upload: 18.70 Mbit/s
Sat May 22 10:45:01 CEST 2021
Ping: 23.221 ms
Download: 162.84 Mbit/s
Upload: 19.56 Mbit/s
Sat May 22 11:45:01 CEST 2021
Ping: 23.11 ms
Download: 118.65 Mbit/s
Upload: 18.98 Mbit/s
Sat May 22 12:45:02 CEST 2021
Ping: 23.854 ms
Download: 187.45 Mbit/s
Upload: 19.08 Mbit/s
Sat May 22 13:45:01 CEST 2021
Ping: 24.82 ms
Download: 58.49 Mbit/s
Upload: 18.70 Mbit/s
Sat May 22 14:45:01 CEST 2021
Ping: 22.636 ms
Download: 219.70 Mbit/s
Upload: 19.40 Mbit/s
Sat May 22 15:45:01 CEST 2021
Ping: 24.036 ms
Download: 287.46 Mbit/s
Upload: 19.53 Mbit/s
Sat May 22 16:45:01 CEST 2021
Ping: 25.362 ms
Download: 274.69 Mbit/s
Upload: 18.75 Mbit/s
Sat May 22 17:45:01 CEST 2021
Ping: 25.37 ms
Download: 316.09 Mbit/s
Upload: 19.02 Mbit/s
Sat May 22 18:45:01 CEST 2021
Ping: 25.972 ms
Download: 207.71 Mbit/s
Upload: 18.84 Mbit/s
Sat May 22 19:45:01 CEST 2021
Ping: 24.009 ms
Download: 230.05 Mbit/s
Upload: 19.40 Mbit/s
Sat May 22 20:45:01 CEST 2021
Ping: 25.815 ms
Download: 187.80 Mbit/s
Upload: 19.51 Mbit/s
Sat May 22 21:45:01 CEST 2021
Ping: 25.113 ms
Download: 215.29 Mbit/s
Upload: 19.84 Mbit/s
Sat May 22 22:45:01 CEST 2021
Ping: 22.037 ms
Download: 162.01 Mbit/s
Upload: 19.53 Mbit/s
Sat May 22 23:45:01 CEST 2021
Ping: 22.901 ms
Download: 187.83 Mbit/s
Upload: 19.39 Mbit/s
Sun May 23 00:45:01 CEST 2021
Ping: 22.961 ms
Download: 181.96 Mbit/s
Upload: 19.80 Mbit/s
Sun May 23 01:45:01 CEST 2021
Ping: 22.024 ms
Download: 141.62 Mbit/s
Upload: 19.81 Mbit/s
Sun May 23 02:45:01 CEST 2021
Ping: 22.575 ms
Download: 59.19 Mbit/s
Upload: 19.63 Mbit/s
Sun May 23 03:45:01 CEST 2021
Ping: 23.587 ms
Download: 89.80 Mbit/s
Upload: 19.10 Mbit/s
Sun May 23 04:45:02 CEST 2021
Ping: 25.984 ms
Download: 285.12 Mbit/s
Upload: 19.48 Mbit/s
Sun May 23 05:45:02 CEST 2021
Ping: 25.315 ms
Download: 312.58 Mbit/s
Upload: 18.96 Mbit/s
Sun May 23 06:45:01 CEST 2021
Ping: 23.804 ms
Download: 174.81 Mbit/s
Upload: 18.73 Mbit/s
Sun May 23 07:45:01 CEST 2021
Ping: 27.467 ms
Download: 231.08 Mbit/s
Upload: 19.14 Mbit/s
Sun May 23 08:45:01 CEST 2021
Ping: 24.36 ms
Download: 275.27 Mbit/s
Upload: 19.18 Mbit/s
Sun May 23 09:45:02 CEST 2021
Ping: 31.609 ms
Download: 250.23 Mbit/s
Upload: 19.14 Mbit/s
Sun May 23 10:45:01 CEST 2021
Ping: 27.705 ms
Download: 318.50 Mbit/s
Upload: 19.41 Mbit/s
Sun May 23 11:45:01 CEST 2021
Ping: 29.323 ms
Download: 282.71 Mbit/s
Upload: 19.11 Mbit/s
Sun May 23 12:45:01 CEST 2021
Ping: 24.526 ms
Download: 277.11 Mbit/s
Upload: 19.56 Mbit/s
Sun May 23 13:45:01 CEST 2021
Ping: 25.376 ms
Download: 264.48 Mbit/s
Upload: 19.04 Mbit/s
Sun May 23 14:45:01 CEST 2021
Ping: 25.715 ms
Download: 260.80 Mbit/s
Upload: 18.94 Mbit/s
Sun May 23 15:45:01 CEST 2021
Ping: 27.636 ms
Download: 245.29 Mbit/s
Upload: 19.35 Mbit/s
Sun May 23 16:45:01 CEST 2021
Ping: 23.897 ms
Download: 299.99 Mbit/s
Upload: 19.06 Mbit/s
Sun May 23 17:45:01 CEST 2021
Ping: 25.303 ms
Download: 243.03 Mbit/s
Upload: 19.29 Mbit/s
Sun May 23 18:45:01 CEST 2021
Ping: 26.637 ms
Download: 249.84 Mbit/s
Upload: 19.07 Mbit/s
Sun May 23 19:45:01 CEST 2021
Ping: 24.751 ms
Download: 278.38 Mbit/s
Upload: 18.78 Mbit/s
Sun May 23 20:45:02 CEST 2021
Ping: 26.464 ms
Download: 245.45 Mbit/s
Upload: 19.25 Mbit/s
Sun May 23 21:45:01 CEST 2021
Ping: 27.804 ms
Download: 274.01 Mbit/s
Upload: 19.02 Mbit/s
Sun May 23 22:45:01 CEST 2021
Ping: 25.12 ms
Download: 178.09 Mbit/s
Upload: 19.12 Mbit/s
Sun May 23 23:45:01 CEST 2021
Ping: 23.03 ms
Download: 247.56 Mbit/s
Upload: 19.36 Mbit/s
Mon May 24 00:45:01 CEST 2021
Ping: 24.47 ms
Download: 277.27 Mbit/s
Upload: 19.76 Mbit/s
Mon May 24 01:45:01 CEST 2021
Ping: 22.224 ms
Download: 119.41 Mbit/s
Upload: 19.44 Mbit/s
Mon May 24 02:45:01 CEST 2021
Ping: 24.222 ms
Download: 229.81 Mbit/s
Upload: 19.07 Mbit/s
Mon May 24 03:45:02 CEST 2021
Ping: 23.445 ms
Download: 147.30 Mbit/s
Upload: 19.67 Mbit/s
Mon May 24 04:45:01 CEST 2021
Ping: 23.727 ms
Download: 188.07 Mbit/s
Upload: 19.81 Mbit/s
Mon May 24 05:45:01 CEST 2021
Ping: 24.011 ms
Download: 190.47 Mbit/s
Upload: 19.46 Mbit/s
Mon May 24 06:45:02 CEST 2021
Ping: 25.666 ms
Download: 197.67 Mbit/s
Upload: 19.81 Mbit/s
Mon May 24 07:45:01 CEST 2021
Ping: 24.516 ms
Download: 261.14 Mbit/s
Upload: 19.38 Mbit/s
Mon May 24 08:45:01 CEST 2021
Ping: 24.234 ms
Download: 233.87 Mbit/s
Upload: 19.50 Mbit/s
Mon May 24 09:45:01 CEST 2021
Ping: 22.91 ms
Download: 156.62 Mbit/s
Upload: 19.51 Mbit/s
Mon May 24 10:45:01 CEST 2021
Ping: 24.301 ms
Download: 298.79 Mbit/s
Upload: 19.20 Mbit/s
Mon May 24 11:45:02 CEST 2021
Ping: 23.265 ms
Download: 230.14 Mbit/s
Upload: 19.16 Mbit/s
Mon May 24 12:45:01 CEST 2021
Ping: 22.648 ms
Download: 233.43 Mbit/s
Upload: 19.15 Mbit/s
Mon May 24 13:45:01 CEST 2021
Ping: 23.223 ms
Download: 256.37 Mbit/s
Upload: 19.68 Mbit/s
Mon May 24 14:45:01 CEST 2021
Ping: 22.392 ms
Download: 83.45 Mbit/s
Upload: 19.24 Mbit/s
Mon May 24 15:45:01 CEST 2021
Ping: 21.069 ms
Download: 250.16 Mbit/s
Upload: 19.38 Mbit/s
Mon May 24 16:45:01 CEST 2021
Ping: 22.124 ms
Download: 188.31 Mbit/s
Upload: 19.48 Mbit/s
Mon May 24 17:45:01 CEST 2021
Ping: 24.271 ms
Download: 186.79 Mbit/s
Upload: 19.66 Mbit/s
Mon May 24 18:45:01 CEST 2021
Ping: 23.081 ms
Download: 237.06 Mbit/s
Upload: 19.23 Mbit/s
Mon May 24 19:45:01 CEST 2021
Ping: 25.45 ms
Download: 202.19 Mbit/s
Upload: 18.47 Mbit/s
Mon May 24 20:45:01 CEST 2021
Ping: 22.244 ms
Download: 185.61 Mbit/s
Upload: 19.56 Mbit/s
Mon May 24 21:45:02 CEST 2021
Ping: 27.989 ms
Download: 230.07 Mbit/s
Upload: 18.98 Mbit/s
Mon May 24 22:45:01 CEST 2021
Ping: 30.378 ms
Download: 215.38 Mbit/s
Upload: 19.10 Mbit/s
Mon May 24 23:45:01 CEST 2021
Ping: 27.201 ms
Download: 231.46 Mbit/s
Upload: 19.32 Mbit/s
Tue May 25 00:45:01 CEST 2021
Ping: 25.293 ms
Download: 183.03 Mbit/s
Upload: 19.19 Mbit/s
Tue May 25 01:45:01 CEST 2021
Ping: 24.685 ms
Download: 203.35 Mbit/s
Upload: 19.27 Mbit/s
Tue May 25 02:45:01 CEST 2021
Ping: 24.323 ms
Download: 143.42 Mbit/s
Upload: 19.57 Mbit/s
Tue May 25 03:45:01 CEST 2021
Ping: 24.221 ms
Download: 177.34 Mbit/s
Upload: 19.62 Mbit/s
Tue May 25 04:45:01 CEST 2021
Ping: 21.745 ms
Download: 242.36 Mbit/s
Upload: 19.54 Mbit/s
Tue May 25 05:45:01 CEST 2021
Ping: 21.055 ms
Download: 227.99 Mbit/s
Upload: 19.35 Mbit/s
Tue May 25 06:45:01 CEST 2021
Ping: 20.969 ms
Download: 290.14 Mbit/s
Upload: 19.11 Mbit/s
Tue May 25 07:45:01 CEST 2021
Ping: 23.918 ms
Download: 172.80 Mbit/s
Upload: 19.51 Mbit/s
Tue May 25 08:45:01 CEST 2021
Ping: 24.392 ms
Download: 62.46 Mbit/s
Upload: 19.35 Mbit/s
Tue May 25 09:45:01 CEST 2021
Ping: 23.276 ms
Download: 187.82 Mbit/s
Upload: 19.66 Mbit/s
Tue May 25 10:45:01 CEST 2021
Ping: 24.966 ms
Download: 171.17 Mbit/s
Upload: 19.32 Mbit/s
Tue May 25 11:45:01 CEST 2021
Ping: 25.096 ms
Download: 153.77 Mbit/s
Upload: 19.57 Mbit/s
Tue May 25 12:45:02 CEST 2021
Ping: 26.906 ms
Download: 225.54 Mbit/s
Upload: 19.05 Mbit/s
Tue May 25 13:45:01 CEST 2021
Ping: 23.926 ms
Download: 237.42 Mbit/s
Upload: 19.52 Mbit/s
Tue May 25 14:45:01 CEST 2021
Ping: 22.395 ms
Download: 262.22 Mbit/s
Upload: 19.17 Mbit/s
Tue May 25 15:45:01 CEST 2021
Ping: 22.394 ms
Download: 242.09 Mbit/s
Upload: 19.36 Mbit/s
Tue May 25 16:45:01 CEST 2021
Ping: 21.812 ms
Download: 171.99 Mbit/s
Upload: 19.54 Mbit/s
Tue May 25 17:45:01 CEST 2021
Ping: 25.961 ms
Download: 181.77 Mbit/s
Upload: 19.20 Mbit/s
Tue May 25 18:45:01 CEST 2021
Ping: 22.622 ms
Download: 166.06 Mbit/s
Upload: 19.18 Mbit/s
Tue May 25 19:45:01 CEST 2021
Ping: 23.136 ms
Download: 192.60 Mbit/s
Upload: 19.51 Mbit/s
Tue May 25 20:45:01 CEST 2021
Ping: 24.781 ms
Download: 27.95 Mbit/s
Upload: 19.68 Mbit/s
Tue May 25 21:45:01 CEST 2021
Ping: 24.693 ms
Download: 230.08 Mbit/s
Upload: 19.38 Mbit/s
Tue May 25 22:45:01 CEST 2021
Ping: 23.204 ms
Download: 177.09 Mbit/s
Upload: 19.59 Mbit/s
Tue May 25 23:45:01 CEST 2021
Ping: 23.818 ms
Download: 211.48 Mbit/s
Upload: 19.57 Mbit/s
Wed May 26 00:45:01 CEST 2021
Ping: 21.704 ms
Download: 217.64 Mbit/s
Upload: 19.11 Mbit/s
Wed May 26 01:45:01 CEST 2021
Ping: 19.602 ms
Download: 280.94 Mbit/s
Upload: 19.39 Mbit/s
Wed May 26 02:45:01 CEST 2021
Ping: 25.013 ms
Download: 246.11 Mbit/s
Upload: 14.79 Mbit/s
Wed May 26 03:45:01 CEST 2021
Ping: 24.341 ms
Download: 257.17 Mbit/s
Upload: 19.54 Mbit/s
Wed May 26 04:45:02 CEST 2021
Ping: 24.637 ms
Download: 252.09 Mbit/s
Upload: 19.35 Mbit/s
Wed May 26 05:45:01 CEST 2021
Ping: 25.666 ms
Download: 256.39 Mbit/s
Upload: 19.42 Mbit/s
Wed May 26 06:45:01 CEST 2021
Ping: 24.536 ms
Download: 235.60 Mbit/s
Upload: 19.15 Mbit/s
Wed May 26 07:45:01 CEST 2021
Ping: 25.812 ms
Download: 312.99 Mbit/s
Upload: 19.26 Mbit/s
Wed May 26 08:45:01 CEST 2021
Ping: 24.804 ms
Download: 266.28 Mbit/s
Upload: 18.68 Mbit/s
Wed May 26 09:45:01 CEST 2021
Ping: 27.195 ms
Download: 252.94 Mbit/s
Upload: 19.56 Mbit/s
Wed May 26 10:45:01 CEST 2021
Ping: 26.171 ms
Download: 299.41 Mbit/s
Upload: 19.14 Mbit/s
Wed May 26 11:45:01 CEST 2021
Ping: 23.792 ms
Download: 213.71 Mbit/s
Upload: 19.11 Mbit/s
Wed May 26 12:45:01 CEST 2021
Ping: 23.345 ms
Download: 176.22 Mbit/s
Upload: 19.51 Mbit/s
Wed May 26 13:45:01 CEST 2021
Ping: 27.407 ms
Download: 174.74 Mbit/s
Upload: 19.53 Mbit/s
Wed May 26 14:45:01 CEST 2021
Ping: 27.328 ms
Download: 182.43 Mbit/s
Upload: 19.14 Mbit/s
Wed May 26 15:45:01 CEST 2021
Ping: 24.851 ms
Download: 251.26 Mbit/s
Upload: 19.48 Mbit/s
Wed May 26 16:45:01 CEST 2021
Ping: 23.529 ms
Download: 193.15 Mbit/s
Upload: 19.60 Mbit/s
Wed May 26 17:45:01 CEST 2021
Ping: 24.68 ms
Download: 200.24 Mbit/s
Upload: 18.99 Mbit/s
Wed May 26 18:45:01 CEST 2021
Ping: 23.335 ms
Download: 218.54 Mbit/s
Upload: 19.29 Mbit/s
Wed May 26 19:45:01 CEST 2021
Ping: 24.902 ms
Download: 228.62 Mbit/s
Upload: 19.30 Mbit/s
Wed May 26 20:45:01 CEST 2021
Ping: 25.959 ms
Download: 272.70 Mbit/s
Upload: 18.65 Mbit/s
Wed May 26 21:45:01 CEST 2021
Ping: 24.724 ms
Download: 224.09 Mbit/s
Upload: 18.86 Mbit/s
Wed May 26 22:45:01 CEST 2021
Ping: 25.402 ms
Download: 253.55 Mbit/s
Upload: 19.65 Mbit/s
Wed May 26 23:45:01 CEST 2021
Ping: 26.399 ms
Download: 243.98 Mbit/s
Upload: 19.29 Mbit/s
Thu May 27 00:45:02 CEST 2021
Ping: 26.974 ms
Download: 242.95 Mbit/s
Upload: 18.83 Mbit/s
Thu May 27 01:45:01 CEST 2021
Ping: 26.07 ms
Download: 225.87 Mbit/s
Upload: 19.09 Mbit/s
Thu May 27 02:45:01 CEST 2021
Ping: 23.098 ms
Download: 178.20 Mbit/s
Upload: 19.42 Mbit/s
Thu May 27 03:45:01 CEST 2021
Ping: 22.421 ms
Download: 237.06 Mbit/s
Upload: 19.16 Mbit/s
Thu May 27 04:45:01 CEST 2021
Ping: 23.093 ms
Download: 215.31 Mbit/s
Upload: 19.72 Mbit/s
Thu May 27 05:45:01 CEST 2021
Ping: 23.832 ms
Download: 207.07 Mbit/s
Upload: 19.85 Mbit/s
Thu May 27 06:45:01 CEST 2021
Ping: 23.983 ms
Download: 282.91 Mbit/s
Upload: 19.53 Mbit/s
Thu May 27 07:45:01 CEST 2021
Ping: 25.001 ms
Download: 284.20 Mbit/s
Upload: 19.22 Mbit/s
Thu May 27 08:45:01 CEST 2021
Ping: 22.708 ms
Download: 162.62 Mbit/s
Upload: 18.99 Mbit/s
Thu May 27 09:45:01 CEST 2021
Ping: 27.324 ms
Download: 191.03 Mbit/s
Upload: 19.74 Mbit/s
Thu May 27 10:45:01 CEST 2021
Ping: 23.08 ms
Download: 263.16 Mbit/s
Upload: 19.39 Mbit/s
Thu May 27 11:45:01 CEST 2021
Ping: 24.342 ms
Download: 63.61 Mbit/s
Upload: 18.99 Mbit/s
Thu May 27 12:45:01 CEST 2021
Ping: 24.409 ms
Download: 154.24 Mbit/s
Upload: 19.31 Mbit/s
Thu May 27 13:45:01 CEST 2021
Ping: 24.835 ms
Download: 175.32 Mbit/s
Upload: 19.57 Mbit/s
Thu May 27 14:45:01 CEST 2021
Ping: 22.076 ms
Download: 166.83 Mbit/s
Upload: 18.92 Mbit/s
Thu May 27 15:45:02 CEST 2021
Ping: 22.53 ms
Download: 165.28 Mbit/s
Upload: 19.00 Mbit/s
Thu May 27 16:45:01 CEST 2021
Ping: 24.167 ms
Download: 54.49 Mbit/s
Upload: 19.23 Mbit/s
Thu May 27 17:45:01 CEST 2021
Ping: 23.24 ms
Download: 89.11 Mbit/s
Upload: 19.68 Mbit/s
Thu May 27 18:45:02 CEST 2021
Ping: 23.504 ms
Download: 63.96 Mbit/s
Upload: 19.53 Mbit/s
Thu May 27 19:45:01 CEST 2021
Ping: 24.056 ms
Download: 206.77 Mbit/s
Upload: 19.59 Mbit/s
Thu May 27 20:45:01 CEST 2021
Ping: 22.995 ms
Download: 180.46 Mbit/s
Upload: 18.96 Mbit/s
Thu May 27 21:45:01 CEST 2021
Ping: 22.748 ms
Download: 175.15 Mbit/s
Upload: 19.47 Mbit/s
Thu May 27 22:45:01 CEST 2021
Ping: 26.379 ms
Download: 174.01 Mbit/s
Upload: 19.79 Mbit/s
Thu May 27 23:45:01 CEST 2021
Ping: 25.517 ms
Download: 161.91 Mbit/s
Upload: 18.53 Mbit/s
Fri May 28 00:45:01 CEST 2021
Ping: 25.333 ms
Download: 222.37 Mbit/s
Upload: 19.76 Mbit/s
Fri May 28 01:45:01 CEST 2021
Ping: 22.9 ms
Download: 116.78 Mbit/s
Upload: 19.33 Mbit/s
Fri May 28 02:45:01 CEST 2021
Ping: 23.462 ms
Download: 78.36 Mbit/s
Upload: 19.63 Mbit/s
Fri May 28 03:45:02 CEST 2021
Ping: 21.961 ms
Download: 272.37 Mbit/s
Upload: 18.96 Mbit/s
Fri May 28 04:45:01 CEST 2021
Ping: 20.234 ms
Download: 279.01 Mbit/s
Upload: 19.44 Mbit/s
Fri May 28 05:45:02 CEST 2021
Ping: 21.794 ms
Download: 260.91 Mbit/s
Upload: 19.45 Mbit/s
Fri May 28 06:45:01 CEST 2021
Ping: 21.447 ms
Download: 245.80 Mbit/s
Upload: 19.23 Mbit/s
Fri May 28 07:45:01 CEST 2021
Ping: 23.986 ms
Download: 182.17 Mbit/s
Upload: 19.82 Mbit/s
Fri May 28 08:45:01 CEST 2021
Ping: 24.577 ms
Download: 167.79 Mbit/s
Upload: 19.50 Mbit/s
Fri May 28 09:45:01 CEST 2021
Ping: 23.892 ms
Download: 159.02 Mbit/s
Upload: 19.87 Mbit/s
Fri May 28 10:45:01 CEST 2021
Ping: 24.226 ms
Download: 224.37 Mbit/s
Upload: 19.37 Mbit/s
Fri May 28 11:45:01 CEST 2021
Ping: 23.165 ms
Download: 153.59 Mbit/s
Upload: 13.27 Mbit/s
Fri May 28 12:45:01 CEST 2021
Ping: 22.177 ms
Download: 215.87 Mbit/s
Upload: 19.56 Mbit/s
Fri May 28 13:45:01 CEST 2021
Ping: 21.914 ms
Download: 217.81 Mbit/s
Upload: 18.54 Mbit/s
Fri May 28 14:45:01 CEST 2021
Ping: 21.896 ms
Download: 273.32 Mbit/s
Upload: 18.90 Mbit/s
Fri May 28 15:45:01 CEST 2021
Ping: 21.035 ms
Download: 224.76 Mbit/s
Upload: 19.56 Mbit/s
Fri May 28 16:45:02 CEST 2021
Ping: 24.023 ms
Download: 273.02 Mbit/s
Upload: 19.40 Mbit/s
Fri May 28 17:45:01 CEST 2021
Ping: 21.582 ms
Download: 264.09 Mbit/s
Upload: 18.85 Mbit/s
Fri May 28 18:45:01 CEST 2021
Ping: 22.167 ms
Download: 211.11 Mbit/s
Upload: 18.77 Mbit/s
Fri May 28 19:45:01 CEST 2021
Ping: 21.579 ms
Download: 207.86 Mbit/s
Upload: 19.31 Mbit/s
Fri May 28 20:45:02 CEST 2021
Ping: 21.49 ms
Download: 273.45 Mbit/s
Upload: 19.36 Mbit/s
Fri May 28 21:45:02 CEST 2021
Ping: 22.67 ms
Download: 226.47 Mbit/s
Upload: 19.19 Mbit/s
Fri May 28 22:45:01 CEST 2021
Ping: 23.43 ms
Download: 156.57 Mbit/s
Upload: 19.38 Mbit/s
Fri May 28 23:45:01 CEST 2021
Ping: 21.819 ms
Download: 240.42 Mbit/s
Upload: 19.30 Mbit/s
Sat May 29 00:45:01 CEST 2021
Ping: 20.569 ms
Download: 274.49 Mbit/s
Upload: 19.25 Mbit/s
Sat May 29 01:45:01 CEST 2021
Ping: 24.484 ms
Download: 182.52 Mbit/s
Upload: 19.06 Mbit/s
Sat May 29 02:45:01 CEST 2021
Ping: 25.005 ms
Download: 195.68 Mbit/s
Upload: 19.07 Mbit/s
Sat May 29 03:45:01 CEST 2021
Ping: 23.572 ms
Download: 264.78 Mbit/s
Upload: 19.54 Mbit/s
Sat May 29 04:45:01 CEST 2021
Ping: 23.757 ms
Download: 78.42 Mbit/s
Upload: 19.74 Mbit/s
Sat May 29 05:45:01 CEST 2021
Ping: 20.704 ms
Download: 216.53 Mbit/s
Upload: 19.18 Mbit/s
Sat May 29 06:45:01 CEST 2021
Ping: 20.064 ms
Download: 206.40 Mbit/s
Upload: 19.28 Mbit/s
Sat May 29 07:45:01 CEST 2021
Ping: 21.286 ms
Download: 223.79 Mbit/s
Upload: 18.89 Mbit/s
Sat May 29 08:45:01 CEST 2021
Ping: 22.885 ms
Download: 185.81 Mbit/s
Upload: 19.15 Mbit/s
Sat May 29 09:45:01 CEST 2021
Ping: 21.801 ms
Download: 228.81 Mbit/s
Upload: 19.28 Mbit/s
Sat May 29 10:45:01 CEST 2021
Ping: 23.244 ms
Download: 239.07 Mbit/s
Upload: 19.14 Mbit/s
Sat May 29 11:45:01 CEST 2021
Ping: 21.702 ms
Download: 281.04 Mbit/s
Upload: 19.50 Mbit/s
Sat May 29 12:45:01 CEST 2021
Ping: 21.474 ms
Download: 195.92 Mbit/s
Upload: 18.46 Mbit/s
Sat May 29 13:45:01 CEST 2021
Ping: 29.27 ms
Download: 248.01 Mbit/s
Upload: 19.01 Mbit/s
Sat May 29 14:45:01 CEST 2021
Ping: 24.675 ms
Download: 262.80 Mbit/s
Upload: 19.10 Mbit/s
Sat May 29 15:45:01 CEST 2021
Ping: 25.941 ms
Download: 215.07 Mbit/s
Upload: 19.22 Mbit/s
Sat May 29 16:45:01 CEST 2021
Ping: 24.926 ms
Download: 320.48 Mbit/s
Upload: 18.80 Mbit/s
Sat May 29 17:45:02 CEST 2021
Ping: 25.309 ms
Download: 214.38 Mbit/s
Upload: 19.33 Mbit/s
Sat May 29 18:45:01 CEST 2021
Ping: 24.282 ms
Download: 184.19 Mbit/s
Upload: 18.97 Mbit/s
Sat May 29 19:45:02 CEST 2021
Ping: 24.899 ms
Download: 247.74 Mbit/s
Upload: 18.89 Mbit/s
Sat May 29 20:45:01 CEST 2021
Ping: 22.612 ms
Download: 226.34 Mbit/s
Upload: 19.36 Mbit/s
Sat May 29 21:45:01 CEST 2021
Ping: 24.386 ms
Download: 212.94 Mbit/s
Upload: 18.84 Mbit/s
Sat May 29 22:45:01 CEST 2021
Ping: 25.54 ms
Download: 272.87 Mbit/s
Upload: 19.29 Mbit/s
Sat May 29 23:45:01 CEST 2021
Ping: 21.661 ms
Download: 220.63 Mbit/s
Upload: 19.09 Mbit/s
Sun May 30 00:45:01 CEST 2021
Ping: 22.326 ms
Download: 242.82 Mbit/s
Upload: 19.06 Mbit/s
Sun May 30 01:45:01 CEST 2021
Ping: 24.59 ms
Download: 199.06 Mbit/s
Upload: 19.62 Mbit/s
Sun May 30 02:45:01 CEST 2021
Ping: 26.199 ms
Download: 182.71 Mbit/s
Upload: 19.01 Mbit/s
Sun May 30 03:45:01 CEST 2021
Ping: 24.319 ms
Download: 184.70 Mbit/s
Upload: 19.38 Mbit/s
Sun May 30 04:45:01 CEST 2021
Ping: 25.889 ms
Download: 209.33 Mbit/s
Upload: 19.02 Mbit/s
Sun May 30 05:45:01 CEST 2021
Ping: 24.709 ms
Download: 297.32 Mbit/s
Upload: 19.09 Mbit/s
Sun May 30 06:45:01 CEST 2021
Ping: 25.399 ms
Download: 197.83 Mbit/s
Upload: 19.43 Mbit/s
Sun May 30 07:45:02 CEST 2021
Ping: 23.438 ms
Download: 209.88 Mbit/s
Upload: 19.51 Mbit/s
Sun May 30 08:45:01 CEST 2021
Ping: 21.373 ms
Download: 211.44 Mbit/s
Upload: 19.12 Mbit/s
Sun May 30 09:45:01 CEST 2021
Ping: 21.056 ms
Download: 218.23 Mbit/s
Upload: 19.42 Mbit/s
Sun May 30 10:45:01 CEST 2021
Ping: 25.159 ms
Download: 233.33 Mbit/s
Upload: 19.44 Mbit/s
Sun May 30 11:45:01 CEST 2021
Ping: 25.239 ms
Download: 223.50 Mbit/s
Upload: 19.33 Mbit/s
Sun May 30 12:45:01 CEST 2021
Ping: 24.203 ms
Download: 233.52 Mbit/s
Upload: 19.21 Mbit/s
Sun May 30 13:45:01 CEST 2021
Ping: 27.969 ms
Download: 179.98 Mbit/s
Upload: 19.14 Mbit/s
Sun May 30 14:45:01 CEST 2021
Ping: 24.263 ms
Download: 232.61 Mbit/s
Upload: 19.02 Mbit/s
Sun May 30 15:45:01 CEST 2021
Ping: 24.065 ms
Download: 225.79 Mbit/s
Upload: 19.06 Mbit/s
Sun May 30 16:45:01 CEST 2021
Ping: 26.502 ms
Download: 276.24 Mbit/s
Upload: 19.00 Mbit/s
Sun May 30 17:45:01 CEST 2021
Ping: 24.264 ms
Download: 181.90 Mbit/s
Upload: 19.25 Mbit/s
Sun May 30 18:45:01 CEST 2021
Ping: 26.242 ms
Download: 246.90 Mbit/s
Upload: 19.55 Mbit/s
Sun May 30 19:45:01 CEST 2021
Ping: 23.041 ms
Download: 195.32 Mbit/s
Upload: 19.78 Mbit/s
Sun May 30 20:45:01 CEST 2021
Ping: 21.096 ms
Download: 270.75 Mbit/s
Upload: 19.30 Mbit/s
Sun May 30 21:45:01 CEST 2021
Ping: 22.237 ms
Download: 207.70 Mbit/s
Upload: 18.86 Mbit/s
Sun May 30 22:45:01 CEST 2021
Ping: 21.913 ms
Download: 252.97 Mbit/s
Upload: 19.06 Mbit/s
Sun May 30 23:45:01 CEST 2021
Ping: 21.502 ms
Download: 256.56 Mbit/s
Upload: 19.27 Mbit/s
Mon May 31 00:45:01 CEST 2021
Ping: 22.257 ms
Download: 206.88 Mbit/s
Upload: 19.41 Mbit/s
Mon May 31 01:45:01 CEST 2021
Ping: 23.358 ms
Download: 89.30 Mbit/s
Upload: 18.85 Mbit/s
Mon May 31 02:45:01 CEST 2021
Ping: 20.907 ms
Download: 260.04 Mbit/s
Upload: 19.50 Mbit/s
Mon May 31 03:45:01 CEST 2021
Ping: 20.574 ms
Download: 278.52 Mbit/s
Upload: 19.20 Mbit/s
Mon May 31 04:45:01 CEST 2021
Ping: 21.041 ms
Download: 243.59 Mbit/s
Upload: 19.42 Mbit/s
Mon May 31 05:45:01 CEST 2021
Ping: 20.579 ms
Download: 240.34 Mbit/s
Upload: 19.21 Mbit/s
Mon May 31 06:45:01 CEST 2021
Ping: 19.667 ms
Download: 225.00 Mbit/s
Upload: 19.44 Mbit/s
Mon May 31 07:45:01 CEST 2021
Ping: 23.21 ms
Download: 140.59 Mbit/s
Upload: 19.25 Mbit/s
Mon May 31 08:45:01 CEST 2021
Ping: 22.207 ms
Download: 236.20 Mbit/s
Upload: 19.28 Mbit/s
Mon May 31 09:45:01 CEST 2021
Ping: 21.207 ms
Download: 248.72 Mbit/s
Upload: 19.41 Mbit/s
Mon May 31 10:45:01 CEST 2021
Ping: 22.776 ms
Download: 237.87 Mbit/s
Upload: 19.42 Mbit/s
Mon May 31 11:45:01 CEST 2021
Ping: 22.331 ms
Download: 213.94 Mbit/s
Upload: 19.50 Mbit/s
Mon May 31 12:45:01 CEST 2021
Ping: 23.228 ms
Download: 197.82 Mbit/s
Upload: 19.19 Mbit/s
Mon May 31 13:45:01 CEST 2021
Ping: 24.695 ms
Download: 67.50 Mbit/s
Upload: 19.56 Mbit/s
Mon May 31 14:45:02 CEST 2021
Ping: 24.491 ms
Download: 93.98 Mbit/s
Upload: 19.11 Mbit/s
Mon May 31 15:45:02 CEST 2021
Ping: 24.07 ms
Download: 241.11 Mbit/s
Upload: 19.53 Mbit/s
Mon May 31 16:45:01 CEST 2021
Ping: 23.495 ms
Download: 231.49 Mbit/s
Upload: 19.25 Mbit/s
Mon May 31 17:45:01 CEST 2021
Ping: 21.964 ms
Download: 263.72 Mbit/s
Upload: 19.51 Mbit/s
Mon May 31 18:45:01 CEST 2021
Ping: 20.74 ms
Download: 272.00 Mbit/s
Upload: 19.26 Mbit/s
Mon May 31 19:45:01 CEST 2021
Ping: 21.202 ms
Download: 163.07 Mbit/s
Upload: 19.71 Mbit/s
Mon May 31 20:45:01 CEST 2021
Ping: 23.556 ms
Download: 169.16 Mbit/s
Upload: 19.52 Mbit/s
Mon May 31 21:45:01 CEST 2021
Ping: 25.129 ms
Download: 158.54 Mbit/s
Upload: 19.53 Mbit/s
Mon May 31 22:45:01 CEST 2021
Ping: 23.63 ms
Download: 348.87 Mbit/s
Upload: 1.45 Mbit/s
Mon May 31 23:45:01 CEST 2021
Ping: 23.289 ms
Download: 297.12 Mbit/s
Upload: 1.31 Mbit/s
