Tue Jun  1 00:45:01 CEST 2021
Ping: 23.754 ms
Download: 230.24 Mbit/s
Upload: 19.11 Mbit/s
Tue Jun  1 01:45:01 CEST 2021
Ping: 26.836 ms
Download: 176.48 Mbit/s
Upload: 18.90 Mbit/s
Tue Jun  1 02:45:01 CEST 2021
Ping: 25.733 ms
Download: 228.11 Mbit/s
Upload: 18.53 Mbit/s
Tue Jun  1 03:45:01 CEST 2021
Ping: 26.815 ms
Download: 264.03 Mbit/s
Upload: 19.51 Mbit/s
Tue Jun  1 04:45:01 CEST 2021
Ping: 22.766 ms
Download: 197.49 Mbit/s
Upload: 19.52 Mbit/s
Tue Jun  1 05:45:01 CEST 2021
Ping: 22.204 ms
Download: 285.88 Mbit/s
Upload: 19.46 Mbit/s
Tue Jun  1 06:45:01 CEST 2021
Ping: 20.572 ms
Download: 200.26 Mbit/s
Upload: 19.53 Mbit/s
Tue Jun  1 07:45:01 CEST 2021
Ping: 21.869 ms
Download: 88.02 Mbit/s
Upload: 18.91 Mbit/s
Tue Jun  1 08:45:01 CEST 2021
Ping: 23.399 ms
Download: 181.21 Mbit/s
Upload: 19.55 Mbit/s
Tue Jun  1 09:45:01 CEST 2021
Ping: 24.972 ms
Download: 237.02 Mbit/s
Upload: 19.63 Mbit/s
Tue Jun  1 10:45:01 CEST 2021
Ping: 27.355 ms
Download: 200.80 Mbit/s
Upload: 19.34 Mbit/s
Tue Jun  1 11:45:01 CEST 2021
Ping: 25.722 ms
Download: 250.02 Mbit/s
Upload: 19.28 Mbit/s
Tue Jun  1 12:45:01 CEST 2021
Ping: 27.525 ms
Download: 303.68 Mbit/s
Upload: 18.94 Mbit/s
Tue Jun  1 13:45:01 CEST 2021
Ping: 26.704 ms
Download: 248.05 Mbit/s
Upload: 19.09 Mbit/s
Tue Jun  1 14:45:01 CEST 2021
Ping: 26.924 ms
Download: 249.27 Mbit/s
Upload: 19.63 Mbit/s
Tue Jun  1 15:45:01 CEST 2021
Ping: 28.01 ms
Download: 239.60 Mbit/s
Upload: 19.66 Mbit/s
Tue Jun  1 16:45:02 CEST 2021
Ping: 25.451 ms
Download: 258.18 Mbit/s
Upload: 19.28 Mbit/s
Tue Jun  1 17:45:01 CEST 2021
Ping: 24.415 ms
Download: 266.52 Mbit/s
Upload: 19.46 Mbit/s
Tue Jun  1 18:45:01 CEST 2021
Ping: 21.072 ms
Download: 243.44 Mbit/s
Upload: 19.36 Mbit/s
Tue Jun  1 19:45:01 CEST 2021
Ping: 23.731 ms
Download: 262.37 Mbit/s
Upload: 19.57 Mbit/s
Tue Jun  1 20:45:01 CEST 2021
Ping: 23.147 ms
Download: 220.89 Mbit/s
Upload: 19.57 Mbit/s
Tue Jun  1 21:45:01 CEST 2021
Ping: 22.701 ms
Download: 177.72 Mbit/s
Upload: 19.69 Mbit/s
Tue Jun  1 22:45:01 CEST 2021
Ping: 23.739 ms
Download: 279.73 Mbit/s
Upload: 19.42 Mbit/s
Tue Jun  1 23:45:01 CEST 2021
Ping: 25.021 ms
Download: 144.38 Mbit/s
Upload: 17.85 Mbit/s
Wed Jun  2 00:45:01 CEST 2021
Ping: 24.971 ms
Download: 281.36 Mbit/s
Upload: 19.53 Mbit/s
Wed Jun  2 01:45:01 CEST 2021
Ping: 22.047 ms
Download: 125.87 Mbit/s
Upload: 19.73 Mbit/s
Wed Jun  2 02:45:01 CEST 2021
Ping: 23.142 ms
Download: 92.69 Mbit/s
Upload: 19.27 Mbit/s
Wed Jun  2 03:45:02 CEST 2021
Ping: 24.226 ms
Download: 64.27 Mbit/s
Upload: 19.85 Mbit/s
Wed Jun  2 04:45:01 CEST 2021
Ping: 22.905 ms
Download: 69.62 Mbit/s
Upload: 19.36 Mbit/s
Wed Jun  2 05:45:01 CEST 2021
Ping: 21.223 ms
Download: 273.89 Mbit/s
Upload: 19.34 Mbit/s
Wed Jun  2 06:45:01 CEST 2021
Ping: 20.397 ms
Download: 195.83 Mbit/s
Upload: 19.36 Mbit/s
Wed Jun  2 07:45:01 CEST 2021
Ping: 21.907 ms
Download: 234.81 Mbit/s
Upload: 19.09 Mbit/s
Wed Jun  2 08:45:01 CEST 2021
Ping: 23.644 ms
Download: 194.18 Mbit/s
Upload: 19.29 Mbit/s
Wed Jun  2 10:45:01 CEST 2021
Ping: 21.748 ms
Download: 306.11 Mbit/s
Upload: 19.02 Mbit/s
Wed Jun  2 11:45:01 CEST 2021
Ping: 22.153 ms
Download: 248.01 Mbit/s
Upload: 18.82 Mbit/s
Wed Jun  2 12:45:01 CEST 2021
Ping: 21.473 ms
Download: 173.84 Mbit/s
Upload: 18.52 Mbit/s
Wed Jun  2 13:45:01 CEST 2021
Ping: 21.992 ms
Download: 229.15 Mbit/s
Upload: 19.40 Mbit/s
Wed Jun  2 14:45:02 CEST 2021
Ping: 20.987 ms
Download: 207.22 Mbit/s
Upload: 19.35 Mbit/s
Wed Jun  2 15:45:01 CEST 2021
Ping: 21.94 ms
Download: 152.59 Mbit/s
Upload: 18.62 Mbit/s
Wed Jun  2 16:45:01 CEST 2021
Ping: 22.496 ms
Download: 252.34 Mbit/s
Upload: 19.24 Mbit/s
Wed Jun  2 17:45:01 CEST 2021
Ping: 23.23 ms
Download: 192.86 Mbit/s
Upload: 19.36 Mbit/s
Wed Jun  2 18:45:01 CEST 2021
Ping: 22.911 ms
Download: 214.56 Mbit/s
Upload: 19.37 Mbit/s
Wed Jun  2 19:45:01 CEST 2021
Ping: 37.547 ms
Download: 183.34 Mbit/s
Upload: 19.07 Mbit/s
Wed Jun  2 20:45:02 CEST 2021
Ping: 25.59 ms
Download: 165.15 Mbit/s
Upload: 19.49 Mbit/s
Wed Jun  2 21:45:01 CEST 2021
Ping: 25.466 ms
Download: 210.87 Mbit/s
Upload: 19.24 Mbit/s
Wed Jun  2 22:45:02 CEST 2021
Ping: 23.417 ms
Download: 186.43 Mbit/s
Upload: 19.29 Mbit/s
Wed Jun  2 23:45:01 CEST 2021
Ping: 24.171 ms
Download: 210.17 Mbit/s
Upload: 19.34 Mbit/s
Thu Jun  3 00:45:01 CEST 2021
Ping: 22.855 ms
Download: 64.65 Mbit/s
Upload: 19.36 Mbit/s
Thu Jun  3 01:45:02 CEST 2021
Ping: 21.653 ms
Download: 74.49 Mbit/s
Upload: 19.55 Mbit/s
Thu Jun  3 02:45:01 CEST 2021
Ping: 19.504 ms
Download: 289.12 Mbit/s
Upload: 19.15 Mbit/s
Thu Jun  3 03:45:01 CEST 2021
Ping: 21.854 ms
Download: 242.66 Mbit/s
Upload: 18.97 Mbit/s
Thu Jun  3 04:45:01 CEST 2021
Ping: 22.769 ms
Download: 184.67 Mbit/s
Upload: 19.76 Mbit/s
Thu Jun  3 05:45:01 CEST 2021
Ping: 24.786 ms
Download: 186.47 Mbit/s
Upload: 19.78 Mbit/s
Thu Jun  3 06:45:01 CEST 2021
Ping: 23.156 ms
Download: 184.36 Mbit/s
Upload: 19.82 Mbit/s
Thu Jun  3 07:45:02 CEST 2021
Ping: 23.765 ms
Download: 235.81 Mbit/s
Upload: 19.10 Mbit/s
Thu Jun  3 08:45:01 CEST 2021
Ping: 27.633 ms
Download: 194.37 Mbit/s
Upload: 19.40 Mbit/s
Thu Jun  3 09:45:02 CEST 2021
Ping: 23.918 ms
Download: 171.24 Mbit/s
Upload: 19.78 Mbit/s
Thu Jun  3 10:45:01 CEST 2021
Ping: 24.162 ms
Download: 241.57 Mbit/s
Upload: 19.17 Mbit/s
Thu Jun  3 11:45:01 CEST 2021
Ping: 24.227 ms
Download: 53.27 Mbit/s
Upload: 19.77 Mbit/s
Thu Jun  3 12:45:01 CEST 2021
Ping: 23.888 ms
Download: 240.14 Mbit/s
Upload: 19.52 Mbit/s
Thu Jun  3 13:45:01 CEST 2021
Ping: 21.478 ms
Download: 59.26 Mbit/s
Upload: 19.28 Mbit/s
Thu Jun  3 14:45:01 CEST 2021
Ping: 19.89 ms
Download: 258.54 Mbit/s
Upload: 19.15 Mbit/s
Thu Jun  3 15:45:01 CEST 2021
Ping: 21.959 ms
Download: 226.51 Mbit/s
Upload: 18.57 Mbit/s
Thu Jun  3 16:45:01 CEST 2021
Ping: 26.276 ms
Download: 182.29 Mbit/s
Upload: 19.23 Mbit/s
Thu Jun  3 17:45:01 CEST 2021
Ping: 22.776 ms
Download: 250.11 Mbit/s
Upload: 19.36 Mbit/s
Thu Jun  3 18:45:01 CEST 2021
Ping: 26.651 ms
Download: 231.29 Mbit/s
Upload: 19.68 Mbit/s
Thu Jun  3 19:45:01 CEST 2021
Ping: 24.597 ms
Download: 117.96 Mbit/s
Upload: 19.42 Mbit/s
Thu Jun  3 20:45:01 CEST 2021
Ping: 25.263 ms
Download: 230.29 Mbit/s
Upload: 19.64 Mbit/s
Thu Jun  3 21:45:01 CEST 2021
Ping: 23.687 ms
Download: 180.74 Mbit/s
Upload: 19.52 Mbit/s
Thu Jun  3 22:45:01 CEST 2021
Ping: 26.999 ms
Download: 256.00 Mbit/s
Upload: 19.31 Mbit/s
Thu Jun  3 23:45:01 CEST 2021
Ping: 25.439 ms
Download: 191.53 Mbit/s
Upload: 19.74 Mbit/s
Fri Jun  4 00:45:01 CEST 2021
Ping: 25.145 ms
Download: 209.33 Mbit/s
Upload: 19.64 Mbit/s
Fri Jun  4 01:45:01 CEST 2021
Ping: 21.24 ms
Download: 100.46 Mbit/s
Upload: 19.58 Mbit/s
Fri Jun  4 02:45:01 CEST 2021
Ping: 21.843 ms
Download: 210.78 Mbit/s
Upload: 19.58 Mbit/s
Fri Jun  4 03:45:01 CEST 2021
Ping: 20.567 ms
Download: 215.09 Mbit/s
Upload: 19.13 Mbit/s
Fri Jun  4 04:45:01 CEST 2021
Ping: 20.665 ms
Download: 233.24 Mbit/s
Upload: 19.39 Mbit/s
Fri Jun  4 05:45:01 CEST 2021
Ping: 21.351 ms
Download: 219.82 Mbit/s
Upload: 19.06 Mbit/s
Fri Jun  4 06:45:01 CEST 2021
Ping: 22.004 ms
Download: 222.39 Mbit/s
Upload: 19.24 Mbit/s
Fri Jun  4 07:45:01 CEST 2021
Ping: 23.493 ms
Download: 228.88 Mbit/s
Upload: 19.29 Mbit/s
Fri Jun  4 08:45:01 CEST 2021
Ping: 23.019 ms
Download: 261.57 Mbit/s
Upload: 19.17 Mbit/s
Fri Jun  4 09:45:01 CEST 2021
Ping: 22.432 ms
Download: 208.99 Mbit/s
Upload: 19.67 Mbit/s
Fri Jun  4 10:45:01 CEST 2021
Ping: 23.012 ms
Download: 170.54 Mbit/s
Upload: 18.96 Mbit/s
Fri Jun  4 11:45:01 CEST 2021
Ping: 19.428 ms
Download: 247.88 Mbit/s
Upload: 19.16 Mbit/s
Fri Jun  4 12:45:01 CEST 2021
Ping: 22.042 ms
Download: 214.99 Mbit/s
Upload: 19.31 Mbit/s
Fri Jun  4 13:45:01 CEST 2021
Ping: 20.714 ms
Download: 250.65 Mbit/s
Upload: 18.89 Mbit/s
Fri Jun  4 14:45:01 CEST 2021
Ping: 20.963 ms
Download: 285.14 Mbit/s
Upload: 18.68 Mbit/s
Fri Jun  4 15:45:01 CEST 2021
Ping: 24.152 ms
Download: 56.13 Mbit/s
Upload: 19.78 Mbit/s
Fri Jun  4 16:45:01 CEST 2021
Ping: 22.984 ms
Download: 178.74 Mbit/s
Upload: 19.52 Mbit/s
Fri Jun  4 17:45:01 CEST 2021
Ping: 21.048 ms
Download: 210.37 Mbit/s
Upload: 19.16 Mbit/s
Fri Jun  4 18:45:01 CEST 2021
Ping: 23.571 ms
Download: 285.60 Mbit/s
Upload: 19.50 Mbit/s
Fri Jun  4 19:45:01 CEST 2021
Ping: 23.175 ms
Download: 281.46 Mbit/s
Upload: 19.12 Mbit/s
Fri Jun  4 20:45:01 CEST 2021
Ping: 22.024 ms
Download: 245.06 Mbit/s
Upload: 19.38 Mbit/s
Fri Jun  4 21:45:01 CEST 2021
Ping: 19.394 ms
Download: 239.02 Mbit/s
Upload: 19.34 Mbit/s
Fri Jun  4 22:45:01 CEST 2021
Ping: 22.453 ms
Download: 205.97 Mbit/s
Upload: 19.22 Mbit/s
Fri Jun  4 23:45:01 CEST 2021
Ping: 21.295 ms
Download: 234.05 Mbit/s
Upload: 18.80 Mbit/s
Sat Jun  5 00:45:01 CEST 2021
Ping: 20.065 ms
Download: 261.44 Mbit/s
Upload: 19.56 Mbit/s
Sat Jun  5 01:45:01 CEST 2021
Ping: 23.297 ms
Download: 77.49 Mbit/s
Upload: 19.50 Mbit/s
Sat Jun  5 02:45:01 CEST 2021
Ping: 19.919 ms
Download: 236.82 Mbit/s
Upload: 19.53 Mbit/s
Sat Jun  5 03:45:01 CEST 2021
Ping: 20.69 ms
Download: 278.91 Mbit/s
Upload: 19.42 Mbit/s
Sat Jun  5 04:45:02 CEST 2021
Ping: 20.433 ms
Download: 248.51 Mbit/s
Upload: 19.35 Mbit/s
Sat Jun  5 05:45:01 CEST 2021
Ping: 21.492 ms
Download: 255.38 Mbit/s
Upload: 19.17 Mbit/s
Sat Jun  5 06:45:01 CEST 2021
Ping: 21.509 ms
Download: 209.84 Mbit/s
Upload: 18.89 Mbit/s
Sat Jun  5 07:45:01 CEST 2021
Ping: 21.888 ms
Download: 83.94 Mbit/s
Upload: 19.04 Mbit/s
Sat Jun  5 08:45:01 CEST 2021
Ping: 22.604 ms
Download: 121.23 Mbit/s
Upload: 19.16 Mbit/s
Sat Jun  5 09:45:01 CEST 2021
Ping: 21.144 ms
Download: 59.23 Mbit/s
Upload: 18.59 Mbit/s
Sat Jun  5 10:45:02 CEST 2021
Ping: 22.317 ms
Download: 243.30 Mbit/s
Upload: 19.33 Mbit/s
Sat Jun  5 11:45:01 CEST 2021
Ping: 20.523 ms
Download: 224.06 Mbit/s
Upload: 19.38 Mbit/s
Sat Jun  5 12:45:01 CEST 2021
Ping: 24.931 ms
Download: 209.19 Mbit/s
Upload: 19.26 Mbit/s
Sat Jun  5 13:45:01 CEST 2021
Ping: 24.713 ms
Download: 173.94 Mbit/s
Upload: 19.80 Mbit/s
Sat Jun  5 14:45:01 CEST 2021
Ping: 21.973 ms
Download: 183.85 Mbit/s
Upload: 19.58 Mbit/s
Sat Jun  5 15:45:01 CEST 2021
Ping: 27.02 ms
Download: 235.53 Mbit/s
Upload: 19.65 Mbit/s
Sat Jun  5 16:45:01 CEST 2021
Ping: 22.487 ms
Download: 201.59 Mbit/s
Upload: 19.74 Mbit/s
Sat Jun  5 17:45:01 CEST 2021
Ping: 22.839 ms
Download: 205.59 Mbit/s
Upload: 19.34 Mbit/s
Sat Jun  5 18:45:01 CEST 2021
Ping: 23.389 ms
Download: 173.58 Mbit/s
Upload: 19.43 Mbit/s
Sat Jun  5 19:45:01 CEST 2021
Ping: 20.241 ms
Download: 233.49 Mbit/s
Upload: 19.32 Mbit/s
Sat Jun  5 20:45:01 CEST 2021
Ping: 19.047 ms
Download: 225.73 Mbit/s
Upload: 18.88 Mbit/s
Sat Jun  5 21:45:01 CEST 2021
Ping: 20.214 ms
Download: 263.16 Mbit/s
Upload: 18.80 Mbit/s
Sat Jun  5 22:45:01 CEST 2021
Ping: 19.845 ms
Download: 225.34 Mbit/s
Upload: 19.31 Mbit/s
Sat Jun  5 23:45:01 CEST 2021
Ping: 21.704 ms
Download: 246.24 Mbit/s
Upload: 19.02 Mbit/s
Sun Jun  6 00:45:01 CEST 2021
Ping: 21.863 ms
Download: 170.83 Mbit/s
Upload: 19.81 Mbit/s
Sun Jun  6 01:45:02 CEST 2021
Ping: 20.04 ms
Download: 249.34 Mbit/s
Upload: 19.47 Mbit/s
Sun Jun  6 02:45:01 CEST 2021
Ping: 20.181 ms
Download: 213.81 Mbit/s
Upload: 19.37 Mbit/s
Sun Jun  6 03:45:02 CEST 2021
Ping: 19.227 ms
Download: 263.49 Mbit/s
Upload: 19.26 Mbit/s
Sun Jun  6 04:45:01 CEST 2021
Ping: 21.968 ms
Download: 218.63 Mbit/s
Upload: 19.49 Mbit/s
Sun Jun  6 05:45:01 CEST 2021
Ping: 21.674 ms
Download: 187.73 Mbit/s
Upload: 19.48 Mbit/s
Sun Jun  6 06:45:01 CEST 2021
Ping: 22.144 ms
Download: 209.40 Mbit/s
Upload: 19.44 Mbit/s
Sun Jun  6 07:45:01 CEST 2021
Ping: 23.677 ms
Download: 191.12 Mbit/s
Upload: 18.99 Mbit/s
Sun Jun  6 08:45:01 CEST 2021
Ping: 22.836 ms
Download: 193.13 Mbit/s
Upload: 19.70 Mbit/s
Sun Jun  6 09:45:01 CEST 2021
Ping: 22.427 ms
Download: 182.49 Mbit/s
Upload: 19.54 Mbit/s
Sun Jun  6 10:45:01 CEST 2021
Ping: 24.204 ms
Download: 198.23 Mbit/s
Upload: 19.62 Mbit/s
Sun Jun  6 11:45:01 CEST 2021
Ping: 22.207 ms
Download: 175.96 Mbit/s
Upload: 19.85 Mbit/s
Sun Jun  6 12:45:01 CEST 2021
Ping: 26.339 ms
Download: 246.90 Mbit/s
Upload: 19.42 Mbit/s
Sun Jun  6 13:45:01 CEST 2021
Ping: 23.658 ms
Download: 257.58 Mbit/s
Upload: 19.59 Mbit/s
Sun Jun  6 14:45:01 CEST 2021
Ping: 21.49 ms
Download: 211.99 Mbit/s
Upload: 18.98 Mbit/s
Sun Jun  6 15:45:01 CEST 2021
Ping: 22.327 ms
Download: 241.59 Mbit/s
Upload: 19.12 Mbit/s
Sun Jun  6 16:45:01 CEST 2021
Ping: 20.248 ms
Download: 257.63 Mbit/s
Upload: 19.39 Mbit/s
Sun Jun  6 17:45:01 CEST 2021
Ping: 20.736 ms
Download: 232.39 Mbit/s
Upload: 18.84 Mbit/s
Sun Jun  6 18:45:01 CEST 2021
Ping: 24.474 ms
Download: 237.15 Mbit/s
Upload: 18.88 Mbit/s
Sun Jun  6 19:45:01 CEST 2021
Ping: 23.799 ms
Download: 180.00 Mbit/s
Upload: 19.62 Mbit/s
Sun Jun  6 20:45:01 CEST 2021
Ping: 23.966 ms
Download: 225.78 Mbit/s
Upload: 18.73 Mbit/s
Sun Jun  6 21:45:01 CEST 2021
Ping: 24.455 ms
Download: 293.20 Mbit/s
Upload: 19.42 Mbit/s
Sun Jun  6 22:45:01 CEST 2021
Ping: 22.292 ms
Download: 195.30 Mbit/s
Upload: 19.05 Mbit/s
Sun Jun  6 23:45:01 CEST 2021
Ping: 19.744 ms
Download: 192.88 Mbit/s
Upload: 19.39 Mbit/s
Mon Jun  7 00:45:01 CEST 2021
Ping: 20.592 ms
Download: 246.47 Mbit/s
Upload: 19.11 Mbit/s
Mon Jun  7 01:45:01 CEST 2021
Ping: 19.729 ms
Download: 210.14 Mbit/s
Upload: 19.49 Mbit/s
Mon Jun  7 02:45:01 CEST 2021
Ping: 19.755 ms
Download: 241.79 Mbit/s
Upload: 19.39 Mbit/s
Mon Jun  7 03:45:02 CEST 2021
Ping: 19.403 ms
Download: 217.58 Mbit/s
Upload: 19.32 Mbit/s
Mon Jun  7 04:45:01 CEST 2021
Ping: 21.54 ms
Download: 230.60 Mbit/s
Upload: 19.67 Mbit/s
Mon Jun  7 05:45:01 CEST 2021
Ping: 20.264 ms
Download: 218.01 Mbit/s
Upload: 19.27 Mbit/s
Mon Jun  7 06:45:01 CEST 2021
Ping: 20.233 ms
Download: 220.31 Mbit/s
Upload: 19.07 Mbit/s
Mon Jun  7 07:45:01 CEST 2021
Ping: 21.909 ms
Download: 239.68 Mbit/s
Upload: 19.14 Mbit/s
Mon Jun  7 08:45:02 CEST 2021
Ping: 19.361 ms
Download: 204.81 Mbit/s
Upload: 19.40 Mbit/s
Mon Jun  7 09:45:01 CEST 2021
Ping: 22.03 ms
Download: 80.81 Mbit/s
Upload: 18.83 Mbit/s
Mon Jun  7 10:45:01 CEST 2021
Ping: 20.89 ms
Download: 270.92 Mbit/s
Upload: 19.57 Mbit/s
Mon Jun  7 11:45:01 CEST 2021
Ping: 20.823 ms
Download: 233.44 Mbit/s
Upload: 19.42 Mbit/s
Mon Jun  7 12:45:01 CEST 2021
Ping: 19.028 ms
Download: 220.04 Mbit/s
Upload: 19.35 Mbit/s
Mon Jun  7 13:45:01 CEST 2021
Ping: 21.913 ms
Download: 190.43 Mbit/s
Upload: 19.43 Mbit/s
Mon Jun  7 14:45:01 CEST 2021
Ping: 21.179 ms
Download: 167.24 Mbit/s
Upload: 19.67 Mbit/s
Mon Jun  7 15:45:01 CEST 2021
Ping: 23.908 ms
Download: 190.97 Mbit/s
Upload: 19.55 Mbit/s
Mon Jun  7 16:45:01 CEST 2021
Ping: 22.229 ms
Download: 59.55 Mbit/s
Upload: 19.19 Mbit/s
Mon Jun  7 17:45:01 CEST 2021
Ping: 20.914 ms
Download: 82.54 Mbit/s
Upload: 19.65 Mbit/s
Mon Jun  7 18:45:01 CEST 2021
Ping: 23.52 ms
Download: 67.14 Mbit/s
Upload: 18.40 Mbit/s
Mon Jun  7 19:45:01 CEST 2021
Ping: 23.079 ms
Download: 19.38 Mbit/s
Upload: 19.05 Mbit/s
Mon Jun  7 20:45:01 CEST 2021
Ping: 25.141 ms
Download: 275.34 Mbit/s
Upload: 19.56 Mbit/s
Mon Jun  7 21:45:01 CEST 2021
Ping: 23.404 ms
Download: 257.59 Mbit/s
Upload: 19.65 Mbit/s
Tue Jun  8 06:45:01 CEST 2021
Ping: 23.421 ms
Download: 257.18 Mbit/s
Upload: 19.71 Mbit/s
Tue Jun  8 07:45:01 CEST 2021
Ping: 24.024 ms
Download: 90.93 Mbit/s
Upload: 18.78 Mbit/s
Tue Jun  8 08:45:01 CEST 2021
Ping: 24.18 ms
Download: 261.77 Mbit/s
Upload: 19.39 Mbit/s
Tue Jun  8 09:45:01 CEST 2021
Ping: 24.771 ms
Download: 54.93 Mbit/s
Upload: 19.04 Mbit/s
Tue Jun  8 10:45:01 CEST 2021
Ping: 23.765 ms
Download: 54.23 Mbit/s
Upload: 19.54 Mbit/s
Tue Jun  8 11:45:01 CEST 2021
Ping: 24.107 ms
Download: 95.23 Mbit/s
Upload: 19.54 Mbit/s
Tue Jun  8 12:45:01 CEST 2021
Ping: 24.352 ms
Download: 273.86 Mbit/s
Upload: 19.46 Mbit/s
Tue Jun  8 13:45:01 CEST 2021
Ping: 25.539 ms
Download: 236.48 Mbit/s
Upload: 19.56 Mbit/s
Tue Jun  8 14:45:01 CEST 2021
Ping: 22.296 ms
Download: 101.21 Mbit/s
Upload: 19.15 Mbit/s
Tue Jun  8 15:45:01 CEST 2021
Ping: 24.355 ms
Download: 211.71 Mbit/s
Upload: 18.76 Mbit/s
Tue Jun  8 16:45:01 CEST 2021
Ping: 23.253 ms
Download: 93.26 Mbit/s
Upload: 18.69 Mbit/s
Tue Jun  8 17:45:01 CEST 2021
Ping: 24.51 ms
Download: 136.77 Mbit/s
Upload: 19.41 Mbit/s
Tue Jun  8 18:45:01 CEST 2021
Ping: 24.378 ms
Download: 99.46 Mbit/s
Upload: 19.27 Mbit/s
Tue Jun  8 19:45:01 CEST 2021
Ping: 23.172 ms
Download: 23.38 Mbit/s
Upload: 18.70 Mbit/s
Tue Jun  8 20:45:01 CEST 2021
Ping: 24.292 ms
Download: 279.10 Mbit/s
Upload: 19.36 Mbit/s
Tue Jun  8 21:45:01 CEST 2021
Ping: 22.296 ms
Download: 275.55 Mbit/s
Upload: 19.28 Mbit/s
Tue Jun  8 22:45:01 CEST 2021
Ping: 22.594 ms
Download: 243.29 Mbit/s
Upload: 19.34 Mbit/s
Tue Jun  8 23:45:01 CEST 2021
Ping: 23.812 ms
Download: 270.69 Mbit/s
Upload: 19.78 Mbit/s
Wed Jun  9 00:45:01 CEST 2021
Ping: 22.315 ms
Download: 209.15 Mbit/s
Upload: 19.01 Mbit/s
Wed Jun  9 01:45:01 CEST 2021
Ping: 22.386 ms
Download: 76.30 Mbit/s
Upload: 19.19 Mbit/s
Wed Jun  9 02:45:01 CEST 2021
Ping: 22.843 ms
Download: 106.37 Mbit/s
Upload: 19.62 Mbit/s
Wed Jun  9 03:45:01 CEST 2021
Ping: 25.014 ms
Download: 92.29 Mbit/s
Upload: 19.65 Mbit/s
Wed Jun  9 04:45:01 CEST 2021
Ping: 24.521 ms
Download: 78.25 Mbit/s
Upload: 19.64 Mbit/s
Wed Jun  9 05:45:01 CEST 2021
Ping: 23.993 ms
Download: 96.93 Mbit/s
Upload: 19.27 Mbit/s
Wed Jun  9 06:45:01 CEST 2021
Ping: 23.125 ms
Download: 98.17 Mbit/s
Upload: 19.76 Mbit/s
Wed Jun  9 07:45:01 CEST 2021
Ping: 26.307 ms
Download: 222.31 Mbit/s
Upload: 19.63 Mbit/s
Wed Jun  9 08:45:01 CEST 2021
Ping: 26.923 ms
Download: 305.40 Mbit/s
Upload: 18.86 Mbit/s
Wed Jun  9 09:45:01 CEST 2021
Ping: 26.819 ms
Download: 166.71 Mbit/s
Upload: 19.24 Mbit/s
Wed Jun  9 10:45:01 CEST 2021
Ping: 25.469 ms
Download: 57.39 Mbit/s
Upload: 19.43 Mbit/s
Wed Jun  9 11:45:01 CEST 2021
Ping: 25.33 ms
Download: 235.05 Mbit/s
Upload: 18.84 Mbit/s
Wed Jun  9 12:45:01 CEST 2021
Ping: 23.216 ms
Download: 66.10 Mbit/s
Upload: 19.17 Mbit/s
Wed Jun  9 13:45:01 CEST 2021
Ping: 27.208 ms
Download: 199.37 Mbit/s
Upload: 19.42 Mbit/s
Wed Jun  9 14:45:02 CEST 2021
Ping: 24.083 ms
Download: 260.73 Mbit/s
Upload: 19.05 Mbit/s
Wed Jun  9 15:45:02 CEST 2021
Ping: 23.085 ms
Download: 233.86 Mbit/s
Upload: 16.82 Mbit/s
Wed Jun  9 16:45:01 CEST 2021
Ping: 24.706 ms
Download: 164.12 Mbit/s
Upload: 18.71 Mbit/s
Wed Jun  9 17:45:01 CEST 2021
Ping: 22.774 ms
Download: 251.32 Mbit/s
Upload: 18.33 Mbit/s
Wed Jun  9 18:45:01 CEST 2021
Ping: 22.46 ms
Download: 192.94 Mbit/s
Upload: 19.00 Mbit/s
Wed Jun  9 19:45:01 CEST 2021
Ping: 25.002 ms
Download: 225.95 Mbit/s
Upload: 19.29 Mbit/s
Wed Jun  9 20:45:02 CEST 2021
Ping: 24.587 ms
Download: 231.21 Mbit/s
Upload: 19.35 Mbit/s
Wed Jun  9 21:45:01 CEST 2021
Ping: 24.806 ms
Download: 24.88 Mbit/s
Upload: 18.82 Mbit/s
Wed Jun  9 22:45:01 CEST 2021
Ping: 24.685 ms
Download: 262.17 Mbit/s
Upload: 19.36 Mbit/s
Wed Jun  9 23:45:01 CEST 2021
Ping: 24.266 ms
Download: 259.96 Mbit/s
Upload: 19.54 Mbit/s
Thu Jun 10 00:45:01 CEST 2021
Ping: 23.767 ms
Download: 236.64 Mbit/s
Upload: 19.68 Mbit/s
Thu Jun 10 01:45:01 CEST 2021
Ping: 23.109 ms
Download: 80.14 Mbit/s
Upload: 19.80 Mbit/s
Thu Jun 10 02:45:01 CEST 2021
Ping: 23.532 ms
Download: 139.01 Mbit/s
Upload: 19.64 Mbit/s
Thu Jun 10 03:45:01 CEST 2021
Ping: 23.103 ms
Download: 86.40 Mbit/s
Upload: 19.79 Mbit/s
Thu Jun 10 04:45:02 CEST 2021
Ping: 22.743 ms
Download: 104.56 Mbit/s
Upload: 19.69 Mbit/s
Thu Jun 10 05:45:01 CEST 2021
Ping: 24.179 ms
Download: 256.06 Mbit/s
Upload: 19.64 Mbit/s
Thu Jun 10 06:45:01 CEST 2021
Ping: 24.208 ms
Download: 99.72 Mbit/s
Upload: 19.85 Mbit/s
Thu Jun 10 07:45:01 CEST 2021
Ping: 22.58 ms
Download: 85.21 Mbit/s
Upload: 19.68 Mbit/s
Thu Jun 10 08:45:01 CEST 2021
Ping: 25.476 ms
Download: 276.08 Mbit/s
Upload: 19.64 Mbit/s
Thu Jun 10 09:45:01 CEST 2021
Ping: 23.875 ms
Download: 64.29 Mbit/s
Upload: 19.03 Mbit/s
Thu Jun 10 10:45:01 CEST 2021
Ping: 24.389 ms
Download: 87.33 Mbit/s
Upload: 18.69 Mbit/s
Thu Jun 10 11:45:01 CEST 2021
Ping: 25.095 ms
Download: 239.88 Mbit/s
Upload: 19.43 Mbit/s
Thu Jun 10 12:45:01 CEST 2021
Ping: 24.663 ms
Download: 245.84 Mbit/s
Upload: 19.63 Mbit/s
Thu Jun 10 13:45:01 CEST 2021
Ping: 25.645 ms
Download: 145.61 Mbit/s
Upload: 19.34 Mbit/s
Thu Jun 10 14:45:02 CEST 2021
Ping: 25.23 ms
Download: 252.19 Mbit/s
Upload: 19.34 Mbit/s
Thu Jun 10 15:45:01 CEST 2021
Ping: 24.11 ms
Download: 242.29 Mbit/s
Upload: 19.58 Mbit/s
Thu Jun 10 16:45:01 CEST 2021
Ping: 25.168 ms
Download: 316.62 Mbit/s
Upload: 19.58 Mbit/s
Thu Jun 10 17:45:01 CEST 2021
Ping: 23.063 ms
Download: 72.80 Mbit/s
Upload: 19.53 Mbit/s
Thu Jun 10 18:45:01 CEST 2021
Ping: 26.622 ms
Download: 144.86 Mbit/s
Upload: 18.73 Mbit/s
Thu Jun 10 19:45:02 CEST 2021
Ping: 24.836 ms
Download: 219.06 Mbit/s
Upload: 19.44 Mbit/s
Thu Jun 10 20:45:01 CEST 2021
Ping: 25.205 ms
Download: 201.29 Mbit/s
Upload: 19.46 Mbit/s
Thu Jun 10 21:45:01 CEST 2021
Ping: 24.502 ms
Download: 274.54 Mbit/s
Upload: 19.50 Mbit/s
Fri Jun 11 06:45:02 CEST 2021
Ping: 21.581 ms
Download: 240.52 Mbit/s
Upload: 19.51 Mbit/s
Fri Jun 11 07:45:01 CEST 2021
Ping: 23.23 ms
Download: 209.57 Mbit/s
Upload: 19.85 Mbit/s
Fri Jun 11 08:45:01 CEST 2021
Ping: 21.71 ms
Download: 236.39 Mbit/s
Upload: 19.36 Mbit/s
Fri Jun 11 09:45:01 CEST 2021
Ping: 21.756 ms
Download: 253.02 Mbit/s
Upload: 19.35 Mbit/s
Fri Jun 11 10:45:01 CEST 2021
Ping: 20.897 ms
Download: 236.14 Mbit/s
Upload: 19.54 Mbit/s
Fri Jun 11 11:45:01 CEST 2021
Ping: 26.168 ms
Download: 198.68 Mbit/s
Upload: 19.46 Mbit/s
Fri Jun 11 12:45:01 CEST 2021
Ping: 25.983 ms
Download: 263.92 Mbit/s
Upload: 19.50 Mbit/s
Fri Jun 11 13:45:01 CEST 2021
Ping: 24.891 ms
Download: 364.88 Mbit/s
Upload: 19.76 Mbit/s
Fri Jun 11 14:45:01 CEST 2021
Ping: 21.37 ms
Download: 73.38 Mbit/s
Upload: 19.44 Mbit/s
Fri Jun 11 15:45:01 CEST 2021
Ping: 22.896 ms
Download: 265.46 Mbit/s
Upload: 19.10 Mbit/s
Fri Jun 11 16:45:01 CEST 2021
Ping: 22.778 ms
Download: 247.37 Mbit/s
Upload: 19.23 Mbit/s
Fri Jun 11 17:45:01 CEST 2021
Ping: 20.054 ms
Download: 253.87 Mbit/s
Upload: 19.24 Mbit/s
Fri Jun 11 18:45:01 CEST 2021
Ping: 21.405 ms
Download: 238.00 Mbit/s
Upload: 19.42 Mbit/s
Fri Jun 11 19:45:01 CEST 2021
Ping: 20.357 ms
Download: 269.18 Mbit/s
Upload: 19.30 Mbit/s
Fri Jun 11 20:45:01 CEST 2021
Ping: 23.972 ms
Download: 179.98 Mbit/s
Upload: 19.18 Mbit/s
Fri Jun 11 21:45:01 CEST 2021
Ping: 20.272 ms
Download: 281.16 Mbit/s
Upload: 19.34 Mbit/s
Fri Jun 11 22:45:01 CEST 2021
Ping: 20.753 ms
Download: 203.51 Mbit/s
Upload: 19.25 Mbit/s
Fri Jun 11 23:45:01 CEST 2021
Ping: 21.115 ms
Download: 236.48 Mbit/s
Upload: 19.42 Mbit/s
Sat Jun 12 07:45:01 CEST 2021
Ping: 21.467 ms
Download: 194.01 Mbit/s
Upload: 19.41 Mbit/s
Sat Jun 12 08:45:01 CEST 2021
Ping: 22.518 ms
Download: 99.59 Mbit/s
Upload: 18.27 Mbit/s
Sat Jun 12 09:45:01 CEST 2021
Ping: 22.067 ms
Download: 87.04 Mbit/s
Upload: 19.78 Mbit/s
Sat Jun 12 10:45:01 CEST 2021
Ping: 23.168 ms
Download: 89.39 Mbit/s
Upload: 19.23 Mbit/s
Sat Jun 12 11:45:01 CEST 2021
Ping: 22.71 ms
Download: 91.39 Mbit/s
Upload: 19.41 Mbit/s
Sat Jun 12 12:45:01 CEST 2021
Ping: 21.981 ms
Download: 59.41 Mbit/s
Upload: 18.89 Mbit/s
Sat Jun 12 13:45:01 CEST 2021
Ping: 22.406 ms
Download: 92.69 Mbit/s
Upload: 19.30 Mbit/s
Sat Jun 12 14:45:02 CEST 2021
Ping: 22.233 ms
Download: 58.89 Mbit/s
Upload: 19.63 Mbit/s
Sat Jun 12 15:45:01 CEST 2021
Ping: 22.065 ms
Download: 228.09 Mbit/s
Upload: 19.71 Mbit/s
Sat Jun 12 16:45:01 CEST 2021
Ping: 20.071 ms
Download: 90.73 Mbit/s
Upload: 18.42 Mbit/s
Sat Jun 12 17:45:01 CEST 2021
Ping: 23.277 ms
Download: 57.16 Mbit/s
Upload: 18.22 Mbit/s
Sat Jun 12 18:45:01 CEST 2021
Ping: 22.799 ms
Download: 84.91 Mbit/s
Upload: 19.33 Mbit/s
Sat Jun 12 19:45:01 CEST 2021
Ping: 21.648 ms
Download: 28.75 Mbit/s
Upload: 19.19 Mbit/s
Sat Jun 12 20:45:01 CEST 2021
Ping: 22.808 ms
Download: 272.38 Mbit/s
Upload: 19.28 Mbit/s
Sat Jun 12 21:45:01 CEST 2021
Ping: 24.447 ms
Download: 208.64 Mbit/s
Upload: 19.77 Mbit/s
Sat Jun 12 22:45:01 CEST 2021
Ping: 25.324 ms
Download: 16.12 Mbit/s
Upload: 16.05 Mbit/s
Sat Jun 12 23:45:01 CEST 2021
Ping: 23.387 ms
Download: 24.41 Mbit/s
Upload: 19.64 Mbit/s
Sun Jun 13 08:45:01 CEST 2021
Ping: 23.877 ms
Download: 181.83 Mbit/s
Upload: 19.39 Mbit/s
Sun Jun 13 09:45:01 CEST 2021
Ping: 23.141 ms
Download: 307.58 Mbit/s
Upload: 18.95 Mbit/s
Sun Jun 13 10:45:01 CEST 2021
Ping: 22.53 ms
Download: 200.34 Mbit/s
Upload: 19.18 Mbit/s
Sun Jun 13 11:45:01 CEST 2021
Ping: 21.539 ms
Download: 184.69 Mbit/s
Upload: 18.98 Mbit/s
Sun Jun 13 12:45:01 CEST 2021
Ping: 23.552 ms
Download: 207.38 Mbit/s
Upload: 19.25 Mbit/s
Sun Jun 13 13:45:01 CEST 2021
Ping: 23.73 ms
Download: 233.27 Mbit/s
Upload: 19.51 Mbit/s
Sun Jun 13 14:45:01 CEST 2021
Ping: 24.398 ms
Download: 195.47 Mbit/s
Upload: 19.37 Mbit/s
Sun Jun 13 15:45:01 CEST 2021
Ping: 20.899 ms
Download: 207.95 Mbit/s
Upload: 19.35 Mbit/s
Sun Jun 13 16:45:02 CEST 2021
Ping: 23.108 ms
Download: 178.51 Mbit/s
Upload: 19.10 Mbit/s
Sun Jun 13 17:45:01 CEST 2021
Ping: 23.046 ms
Download: 225.50 Mbit/s
Upload: 19.26 Mbit/s
Sun Jun 13 18:45:02 CEST 2021
Ping: 21.598 ms
Download: 263.12 Mbit/s
Upload: 19.32 Mbit/s
Sun Jun 13 19:45:01 CEST 2021
Ping: 21.741 ms
Download: 222.05 Mbit/s
Upload: 19.04 Mbit/s
Sun Jun 13 20:45:01 CEST 2021
Ping: 21.561 ms
Download: 242.19 Mbit/s
Upload: 19.47 Mbit/s
Sun Jun 13 21:45:01 CEST 2021
Ping: 22.553 ms
Download: 240.36 Mbit/s
Upload: 18.63 Mbit/s
Sun Jun 13 22:45:01 CEST 2021
Ping: 22.087 ms
Download: 230.56 Mbit/s
Upload: 18.78 Mbit/s
Mon Jun 14 06:45:01 CEST 2021
Ping: 21.41 ms
Download: 74.78 Mbit/s
Upload: 19.75 Mbit/s
Mon Jun 14 07:45:01 CEST 2021
Ping: 18.92 ms
Download: 221.96 Mbit/s
Upload: 19.42 Mbit/s
Mon Jun 14 08:45:01 CEST 2021
Ping: 19.868 ms
Download: 218.51 Mbit/s
Upload: 19.20 Mbit/s
Mon Jun 14 09:45:01 CEST 2021
Ping: 21.779 ms
Download: 57.90 Mbit/s
Upload: 18.99 Mbit/s
Mon Jun 14 10:45:01 CEST 2021
Ping: 20.745 ms
Download: 262.07 Mbit/s
Upload: 19.62 Mbit/s
Mon Jun 14 11:45:01 CEST 2021
Ping: 22.546 ms
Download: 265.65 Mbit/s
Upload: 19.39 Mbit/s
Mon Jun 14 12:45:02 CEST 2021
Ping: 21.492 ms
Download: 76.20 Mbit/s
Upload: 19.30 Mbit/s
Mon Jun 14 13:45:01 CEST 2021
Ping: 21.811 ms
Download: 78.19 Mbit/s
Upload: 19.62 Mbit/s
Mon Jun 14 14:45:01 CEST 2021
Ping: 23.953 ms
Download: 247.68 Mbit/s
Upload: 19.68 Mbit/s
Mon Jun 14 15:45:01 CEST 2021
Ping: 22.404 ms
Download: 224.20 Mbit/s
Upload: 19.25 Mbit/s
Mon Jun 14 16:45:01 CEST 2021
Ping: 20.244 ms
Download: 239.81 Mbit/s
Upload: 19.46 Mbit/s
Mon Jun 14 17:45:01 CEST 2021
Ping: 23.888 ms
Download: 258.32 Mbit/s
Upload: 19.45 Mbit/s
Mon Jun 14 18:45:01 CEST 2021
Ping: 19.825 ms
Download: 267.93 Mbit/s
Upload: 19.31 Mbit/s
Mon Jun 14 19:45:01 CEST 2021
Ping: 20.244 ms
Download: 240.55 Mbit/s
Upload: 19.52 Mbit/s
Mon Jun 14 20:45:01 CEST 2021
Ping: 19.778 ms
Download: 221.67 Mbit/s
Upload: 19.12 Mbit/s
Mon Jun 14 21:45:01 CEST 2021
Ping: 22.665 ms
Download: 28.92 Mbit/s
Upload: 18.87 Mbit/s
Mon Jun 14 22:45:01 CEST 2021
Ping: 22.476 ms
Download: 281.57 Mbit/s
Upload: 19.12 Mbit/s
Mon Jun 14 23:45:01 CEST 2021
Ping: 21.956 ms
Download: 250.67 Mbit/s
Upload: 18.78 Mbit/s
Tue Jun 15 00:45:01 CEST 2021
Ping: 19.973 ms
Download: 270.91 Mbit/s
Upload: 19.27 Mbit/s
Tue Jun 15 01:45:01 CEST 2021
Ping: 19.902 ms
Download: 257.32 Mbit/s
Upload: 19.36 Mbit/s
Tue Jun 15 02:45:01 CEST 2021
Ping: 23.019 ms
Download: 331.96 Mbit/s
Upload: 19.06 Mbit/s
Tue Jun 15 03:45:01 CEST 2021
Ping: 19.833 ms
Download: 236.21 Mbit/s
Upload: 19.02 Mbit/s
Tue Jun 15 04:45:01 CEST 2021
Ping: 21.652 ms
Download: 143.28 Mbit/s
Upload: 19.71 Mbit/s
Tue Jun 15 05:45:02 CEST 2021
Ping: 20.659 ms
Download: 263.15 Mbit/s
Upload: 19.48 Mbit/s
Tue Jun 15 06:45:01 CEST 2021
Ping: 20.553 ms
Download: 240.01 Mbit/s
Upload: 19.42 Mbit/s
Tue Jun 15 07:45:01 CEST 2021
Ping: 22.992 ms
Download: 101.95 Mbit/s
Upload: 19.57 Mbit/s
Tue Jun 15 08:45:01 CEST 2021
Ping: 23.0 ms
Download: 65.89 Mbit/s
Upload: 19.65 Mbit/s
Tue Jun 15 09:45:01 CEST 2021
Ping: 21.506 ms
Download: 221.83 Mbit/s
Upload: 19.09 Mbit/s
Tue Jun 15 10:45:01 CEST 2021
Ping: 21.146 ms
Download: 224.59 Mbit/s
Upload: 18.41 Mbit/s
Tue Jun 15 11:45:01 CEST 2021
Ping: 23.235 ms
Download: 240.42 Mbit/s
Upload: 19.27 Mbit/s
Tue Jun 15 12:45:01 CEST 2021
Ping: 21.007 ms
Download: 279.41 Mbit/s
Upload: 18.69 Mbit/s
Tue Jun 15 13:45:01 CEST 2021
Ping: 23.705 ms
Download: 231.54 Mbit/s
Upload: 19.26 Mbit/s
Tue Jun 15 14:45:01 CEST 2021
Ping: 22.969 ms
Download: 54.28 Mbit/s
Upload: 17.86 Mbit/s
Tue Jun 15 15:45:01 CEST 2021
Ping: 23.822 ms
Download: 71.48 Mbit/s
Upload: 19.55 Mbit/s
Tue Jun 15 16:45:01 CEST 2021
Ping: 23.349 ms
Download: 93.30 Mbit/s
Upload: 17.73 Mbit/s
Tue Jun 15 17:45:01 CEST 2021
Ping: 21.327 ms
Download: 257.13 Mbit/s
Upload: 19.29 Mbit/s
Tue Jun 15 18:45:01 CEST 2021
Ping: 20.825 ms
Download: 223.52 Mbit/s
Upload: 19.14 Mbit/s
Tue Jun 15 19:45:01 CEST 2021
Ping: 21.3 ms
Download: 287.56 Mbit/s
Upload: 18.48 Mbit/s
Tue Jun 15 20:45:01 CEST 2021
Ping: 23.791 ms
Download: 274.77 Mbit/s
Upload: 18.91 Mbit/s
Tue Jun 15 21:45:01 CEST 2021
Ping: 22.821 ms
Download: 260.07 Mbit/s
Upload: 19.01 Mbit/s
Tue Jun 15 22:45:01 CEST 2021
Ping: 24.016 ms
Download: 287.08 Mbit/s
Upload: 19.12 Mbit/s
Tue Jun 15 23:45:01 CEST 2021
Ping: 21.533 ms
Download: 299.76 Mbit/s
Upload: 19.53 Mbit/s
Wed Jun 16 00:45:01 CEST 2021
Ping: 18.576 ms
Download: 289.95 Mbit/s
Upload: 19.51 Mbit/s
Wed Jun 16 01:45:01 CEST 2021
Ping: 20.364 ms
Download: 206.50 Mbit/s
Upload: 19.32 Mbit/s
Wed Jun 16 02:45:01 CEST 2021
Ping: 19.837 ms
Download: 215.48 Mbit/s
Upload: 19.43 Mbit/s
Wed Jun 16 03:45:01 CEST 2021
Ping: 20.338 ms
Download: 226.18 Mbit/s
Upload: 19.04 Mbit/s
Wed Jun 16 04:45:01 CEST 2021
Ping: 18.828 ms
Download: 215.76 Mbit/s
Upload: 18.88 Mbit/s
Wed Jun 16 05:45:01 CEST 2021
Ping: 22.427 ms
Download: 116.20 Mbit/s
Upload: 19.53 Mbit/s
Wed Jun 16 06:45:01 CEST 2021
Ping: 19.766 ms
Download: 234.43 Mbit/s
Upload: 19.17 Mbit/s
Wed Jun 16 07:45:01 CEST 2021
Ping: 21.731 ms
Download: 213.42 Mbit/s
Upload: 19.35 Mbit/s
Wed Jun 16 08:45:01 CEST 2021
Ping: 23.001 ms
Download: 235.07 Mbit/s
Upload: 19.24 Mbit/s
Wed Jun 16 09:45:01 CEST 2021
Ping: 20.527 ms
Download: 248.45 Mbit/s
Upload: 18.66 Mbit/s
Wed Jun 16 10:45:01 CEST 2021
Ping: 19.729 ms
Download: 271.54 Mbit/s
Upload: 19.19 Mbit/s
Wed Jun 16 11:45:01 CEST 2021
Ping: 19.198 ms
Download: 242.43 Mbit/s
Upload: 19.27 Mbit/s
Wed Jun 16 12:45:01 CEST 2021
Ping: 19.203 ms
Download: 282.10 Mbit/s
Upload: 18.18 Mbit/s
Wed Jun 16 13:45:01 CEST 2021
Ping: 22.579 ms
Download: 78.65 Mbit/s
Upload: 19.31 Mbit/s
Wed Jun 16 14:45:01 CEST 2021
Ping: 23.803 ms
Download: 186.76 Mbit/s
Upload: 18.95 Mbit/s
Wed Jun 16 15:45:01 CEST 2021
Ping: 20.854 ms
Download: 323.73 Mbit/s
Upload: 18.89 Mbit/s
Wed Jun 16 16:45:01 CEST 2021
Ping: 20.96 ms
Download: 286.51 Mbit/s
Upload: 19.15 Mbit/s
Wed Jun 16 17:45:01 CEST 2021
Ping: 21.939 ms
Download: 239.87 Mbit/s
Upload: 19.45 Mbit/s
Wed Jun 16 18:45:01 CEST 2021
Ping: 19.729 ms
Download: 230.14 Mbit/s
Upload: 19.24 Mbit/s
Wed Jun 16 19:45:01 CEST 2021
Ping: 21.198 ms
Download: 256.01 Mbit/s
Upload: 19.28 Mbit/s
Wed Jun 16 20:45:01 CEST 2021
Ping: 22.201 ms
Download: 228.19 Mbit/s
Upload: 19.33 Mbit/s
Wed Jun 16 21:45:01 CEST 2021
Ping: 19.758 ms
Download: 287.03 Mbit/s
Upload: 19.15 Mbit/s
Wed Jun 16 22:45:01 CEST 2021
Ping: 22.7 ms
Download: 217.08 Mbit/s
Upload: 18.77 Mbit/s
Wed Jun 16 23:45:01 CEST 2021
Ping: 21.405 ms
Download: 184.61 Mbit/s
Upload: 19.17 Mbit/s
Thu Jun 17 06:45:01 CEST 2021
Ping: 23.339 ms
Download: 249.11 Mbit/s
Upload: 19.58 Mbit/s
Thu Jun 17 07:45:01 CEST 2021
Ping: 23.001 ms
Download: 270.45 Mbit/s
Upload: 19.14 Mbit/s
Thu Jun 17 08:45:01 CEST 2021
Ping: 20.978 ms
Download: 245.93 Mbit/s
Upload: 19.51 Mbit/s
Thu Jun 17 09:45:02 CEST 2021
Ping: 21.565 ms
Download: 196.02 Mbit/s
Upload: 18.83 Mbit/s
Thu Jun 17 10:45:01 CEST 2021
Ping: 23.051 ms
Download: 253.00 Mbit/s
Upload: 18.42 Mbit/s
Thu Jun 17 11:45:01 CEST 2021
Ping: 20.888 ms
Download: 207.17 Mbit/s
Upload: 18.29 Mbit/s
Thu Jun 17 12:45:01 CEST 2021
Ping: 22.469 ms
Download: 289.58 Mbit/s
Upload: 19.07 Mbit/s
Thu Jun 17 13:45:01 CEST 2021
Ping: 24.174 ms
Download: 130.41 Mbit/s
Upload: 19.40 Mbit/s
Thu Jun 17 14:45:01 CEST 2021
Ping: 20.866 ms
Download: 269.68 Mbit/s
Upload: 18.17 Mbit/s
Thu Jun 17 15:45:01 CEST 2021
Ping: 25.966 ms
Download: 156.15 Mbit/s
Upload: 19.69 Mbit/s
Thu Jun 17 16:45:01 CEST 2021
Ping: 20.928 ms
Download: 248.28 Mbit/s
Upload: 19.45 Mbit/s
Thu Jun 17 17:45:02 CEST 2021
Ping: 20.577 ms
Download: 254.56 Mbit/s
Upload: 18.76 Mbit/s
Thu Jun 17 18:45:01 CEST 2021
Ping: 21.159 ms
Download: 260.23 Mbit/s
Upload: 19.41 Mbit/s
Thu Jun 17 19:45:01 CEST 2021
Ping: 24.164 ms
Download: 269.66 Mbit/s
Upload: 19.10 Mbit/s
Thu Jun 17 20:45:01 CEST 2021
Ping: 21.173 ms
Download: 216.14 Mbit/s
Upload: 19.33 Mbit/s
Thu Jun 17 21:45:01 CEST 2021
Ping: 24.701 ms
Download: 217.05 Mbit/s
Upload: 18.91 Mbit/s
Fri Jun 18 06:45:01 CEST 2021
Ping: 21.057 ms
Download: 90.36 Mbit/s
Upload: 19.13 Mbit/s
Fri Jun 18 07:45:01 CEST 2021
Ping: 22.338 ms
Download: 195.67 Mbit/s
Upload: 19.50 Mbit/s
Fri Jun 18 08:45:01 CEST 2021
Ping: 23.187 ms
Download: 234.57 Mbit/s
Upload: 19.74 Mbit/s
Fri Jun 18 09:45:01 CEST 2021
Ping: 22.791 ms
Download: 185.52 Mbit/s
Upload: 14.31 Mbit/s
Fri Jun 18 10:45:02 CEST 2021
Ping: 22.057 ms
Download: 172.78 Mbit/s
Upload: 18.81 Mbit/s
Fri Jun 18 11:45:01 CEST 2021
Ping: 23.551 ms
Download: 315.93 Mbit/s
Upload: 19.13 Mbit/s
Fri Jun 18 12:45:01 CEST 2021
Ping: 23.864 ms
Download: 74.00 Mbit/s
Upload: 19.79 Mbit/s
Fri Jun 18 13:45:01 CEST 2021
Ping: 20.878 ms
Download: 82.27 Mbit/s
Upload: 19.65 Mbit/s
Fri Jun 18 14:45:01 CEST 2021
Ping: 22.419 ms
Download: 55.55 Mbit/s
Upload: 19.65 Mbit/s
Fri Jun 18 15:45:01 CEST 2021
Ping: 23.013 ms
Download: 86.17 Mbit/s
Upload: 19.73 Mbit/s
Fri Jun 18 16:45:01 CEST 2021
Ping: 23.077 ms
Download: 84.24 Mbit/s
Upload: 19.44 Mbit/s
Fri Jun 18 17:45:01 CEST 2021
Ping: 23.509 ms
Download: 63.96 Mbit/s
Upload: 19.57 Mbit/s
Fri Jun 18 18:45:02 CEST 2021
Ping: 24.966 ms
Download: 129.87 Mbit/s
Upload: 19.75 Mbit/s
Fri Jun 18 19:45:01 CEST 2021
Ping: 23.486 ms
Download: 231.30 Mbit/s
Upload: 18.80 Mbit/s
Fri Jun 18 20:45:02 CEST 2021
Ping: 24.484 ms
Download: 211.63 Mbit/s
Upload: 19.38 Mbit/s
Fri Jun 18 21:45:01 CEST 2021
Ping: 25.291 ms
Download: 202.16 Mbit/s
Upload: 19.69 Mbit/s
Fri Jun 18 22:45:01 CEST 2021
Ping: 24.965 ms
Download: 226.75 Mbit/s
Upload: 19.72 Mbit/s
Sat Jun 19 07:45:01 CEST 2021
Ping: 23.447 ms
Download: 99.63 Mbit/s
Upload: 19.76 Mbit/s
Sat Jun 19 08:45:01 CEST 2021
Ping: 24.848 ms
Download: 197.16 Mbit/s
Upload: 18.85 Mbit/s
Sat Jun 19 09:45:01 CEST 2021
Ping: 21.891 ms
Download: 95.00 Mbit/s
Upload: 18.52 Mbit/s
Sat Jun 19 10:45:01 CEST 2021
Ping: 23.308 ms
Download: 136.04 Mbit/s
Upload: 19.81 Mbit/s
Sat Jun 19 11:45:01 CEST 2021
Ping: 21.876 ms
Download: 174.87 Mbit/s
Upload: 19.66 Mbit/s
Sat Jun 19 12:45:01 CEST 2021
Ping: 24.013 ms
Download: 81.36 Mbit/s
Upload: 18.24 Mbit/s
Sat Jun 19 13:45:01 CEST 2021
Ping: 23.921 ms
Download: 249.51 Mbit/s
Upload: 19.68 Mbit/s
Sat Jun 19 14:45:01 CEST 2021
Ping: 23.58 ms
Download: 175.36 Mbit/s
Upload: 19.71 Mbit/s
Sat Jun 19 15:45:01 CEST 2021
Ping: 23.217 ms
Download: 261.18 Mbit/s
Upload: 19.83 Mbit/s
Sat Jun 19 16:45:01 CEST 2021
Ping: 23.22 ms
Download: 76.30 Mbit/s
Upload: 19.48 Mbit/s
Sat Jun 19 17:45:01 CEST 2021
Ping: 25.513 ms
Download: 177.17 Mbit/s
Upload: 19.42 Mbit/s
Sat Jun 19 18:45:02 CEST 2021
Ping: 21.601 ms
Download: 150.81 Mbit/s
Upload: 19.66 Mbit/s
Sat Jun 19 19:45:01 CEST 2021
Ping: 22.814 ms
Download: 179.08 Mbit/s
Upload: 19.77 Mbit/s
Sat Jun 19 20:45:01 CEST 2021
Ping: 25.361 ms
Download: 217.15 Mbit/s
Upload: 19.67 Mbit/s
Sat Jun 19 21:45:01 CEST 2021
Ping: 23.531 ms
Download: 263.11 Mbit/s
Upload: 19.63 Mbit/s
Sat Jun 19 22:45:01 CEST 2021
Ping: 23.95 ms
Download: 226.04 Mbit/s
Upload: 19.55 Mbit/s
Sat Jun 19 23:45:01 CEST 2021
Ping: 23.359 ms
Download: 176.42 Mbit/s
Upload: 19.56 Mbit/s
Sun Jun 20 00:45:01 CEST 2021
Ping: 24.088 ms
Download: 188.28 Mbit/s
Upload: 19.43 Mbit/s
Sun Jun 20 01:45:01 CEST 2021
Ping: 23.106 ms
Download: 265.59 Mbit/s
Upload: 19.49 Mbit/s
Sun Jun 20 02:45:01 CEST 2021
Ping: 23.541 ms
Download: 62.09 Mbit/s
Upload: 19.75 Mbit/s
Sun Jun 20 03:45:01 CEST 2021
Ping: 23.429 ms
Download: 154.33 Mbit/s
Upload: 19.89 Mbit/s
Sun Jun 20 04:45:01 CEST 2021
Ping: 23.473 ms
Download: 180.58 Mbit/s
Upload: 19.74 Mbit/s
Sun Jun 20 05:45:02 CEST 2021
Ping: 24.079 ms
Download: 64.71 Mbit/s
Upload: 19.25 Mbit/s
Sun Jun 20 06:45:01 CEST 2021
Ping: 23.255 ms
Download: 60.27 Mbit/s
Upload: 19.25 Mbit/s
Sun Jun 20 07:45:01 CEST 2021
Ping: 22.772 ms
Download: 173.28 Mbit/s
Upload: 18.98 Mbit/s
Sun Jun 20 08:45:01 CEST 2021
Ping: 23.582 ms
Download: 79.28 Mbit/s
Upload: 19.73 Mbit/s
Sun Jun 20 09:45:01 CEST 2021
Ping: 23.245 ms
Download: 226.71 Mbit/s
Upload: 19.51 Mbit/s
Sun Jun 20 10:45:02 CEST 2021
Ping: 22.238 ms
Download: 137.32 Mbit/s
Upload: 19.68 Mbit/s
Sun Jun 20 11:45:01 CEST 2021
Ping: 23.417 ms
Download: 90.43 Mbit/s
Upload: 19.48 Mbit/s
Sun Jun 20 12:45:01 CEST 2021
Ping: 24.161 ms
Download: 57.39 Mbit/s
Upload: 19.50 Mbit/s
Sun Jun 20 13:45:01 CEST 2021
Ping: 23.692 ms
Download: 88.78 Mbit/s
Upload: 18.80 Mbit/s
Sun Jun 20 14:45:02 CEST 2021
Ping: 22.731 ms
Download: 261.11 Mbit/s
Upload: 19.55 Mbit/s
Sun Jun 20 15:45:01 CEST 2021
Ping: 23.442 ms
Download: 154.99 Mbit/s
Upload: 19.51 Mbit/s
Sun Jun 20 16:45:01 CEST 2021
Ping: 24.049 ms
Download: 82.84 Mbit/s
Upload: 18.93 Mbit/s
Sun Jun 20 17:45:01 CEST 2021
Ping: 23.554 ms
Download: 98.63 Mbit/s
Upload: 19.75 Mbit/s
Sun Jun 20 18:45:01 CEST 2021
Ping: 23.579 ms
Download: 258.54 Mbit/s
Upload: 19.47 Mbit/s
Sun Jun 20 19:45:01 CEST 2021
Ping: 23.823 ms
Download: 169.14 Mbit/s
Upload: 19.61 Mbit/s
Sun Jun 20 20:45:01 CEST 2021
Ping: 33.485 ms
Download: 200.59 Mbit/s
Upload: 16.45 Mbit/s
Sun Jun 20 21:45:02 CEST 2021
Ping: 40.108 ms
Download: 261.85 Mbit/s
Upload: 15.42 Mbit/s
Sun Jun 20 22:45:01 CEST 2021
Ping: 24.204 ms
Download: 169.63 Mbit/s
Upload: 19.51 Mbit/s
Sun Jun 20 23:45:01 CEST 2021
Ping: 23.177 ms
Download: 182.96 Mbit/s
Upload: 19.90 Mbit/s
Mon Jun 21 00:45:01 CEST 2021
Ping: 22.54 ms
Download: 101.37 Mbit/s
Upload: 19.08 Mbit/s
Mon Jun 21 01:45:01 CEST 2021
Ping: 21.806 ms
Download: 202.31 Mbit/s
Upload: 19.84 Mbit/s
Mon Jun 21 02:45:01 CEST 2021
Ping: 21.701 ms
Download: 61.62 Mbit/s
Upload: 19.75 Mbit/s
Mon Jun 21 03:45:02 CEST 2021
Ping: 22.676 ms
Download: 181.99 Mbit/s
Upload: 19.73 Mbit/s
Mon Jun 21 04:45:01 CEST 2021
Ping: 22.545 ms
Download: 80.17 Mbit/s
Upload: 19.47 Mbit/s
Mon Jun 21 05:45:01 CEST 2021
Ping: 19.554 ms
Download: 261.38 Mbit/s
Upload: 19.16 Mbit/s
Mon Jun 21 06:45:01 CEST 2021
Ping: 21.692 ms
Download: 239.04 Mbit/s
Upload: 18.80 Mbit/s
Mon Jun 21 07:45:01 CEST 2021
Ping: 22.668 ms
Download: 185.78 Mbit/s
Upload: 19.60 Mbit/s
Mon Jun 21 08:45:01 CEST 2021
Ping: 23.676 ms
Download: 57.04 Mbit/s
Upload: 19.50 Mbit/s
Mon Jun 21 09:45:01 CEST 2021
Ping: 23.496 ms
Download: 52.22 Mbit/s
Upload: 19.15 Mbit/s
Mon Jun 21 10:45:01 CEST 2021
Ping: 24.327 ms
Download: 77.01 Mbit/s
Upload: 19.35 Mbit/s
Mon Jun 21 11:45:01 CEST 2021
Ping: 23.576 ms
Download: 58.10 Mbit/s
Upload: 19.83 Mbit/s
Mon Jun 21 12:45:01 CEST 2021
Ping: 24.108 ms
Download: 186.72 Mbit/s
Upload: 19.56 Mbit/s
Mon Jun 21 13:45:01 CEST 2021
Ping: 22.09 ms
Download: 91.88 Mbit/s
Upload: 19.79 Mbit/s
Mon Jun 21 14:45:01 CEST 2021
Ping: 23.447 ms
Download: 182.33 Mbit/s
Upload: 16.27 Mbit/s
Mon Jun 21 15:45:01 CEST 2021
Ping: 33.607 ms
Download: 167.49 Mbit/s
Upload: 15.44 Mbit/s
Mon Jun 21 16:45:01 CEST 2021
Ping: 23.892 ms
Download: 186.80 Mbit/s
Upload: 19.80 Mbit/s
Mon Jun 21 17:45:01 CEST 2021
Ping: 24.079 ms
Download: 161.00 Mbit/s
Upload: 19.58 Mbit/s
Mon Jun 21 18:45:01 CEST 2021
Ping: 23.075 ms
Download: 155.40 Mbit/s
Upload: 18.48 Mbit/s
Mon Jun 21 19:45:01 CEST 2021
Ping: 23.385 ms
Download: 284.63 Mbit/s
Upload: 19.49 Mbit/s
Mon Jun 21 20:45:01 CEST 2021
Ping: 26.287 ms
Download: 197.17 Mbit/s
Upload: 15.82 Mbit/s
Mon Jun 21 21:45:01 CEST 2021
Ping: 24.442 ms
Download: 26.91 Mbit/s
Upload: 18.45 Mbit/s
Mon Jun 21 22:45:01 CEST 2021
Ping: 24.071 ms
Download: 194.37 Mbit/s
Upload: 19.31 Mbit/s
Mon Jun 21 23:45:01 CEST 2021
Ping: 25.317 ms
Download: 273.17 Mbit/s
Upload: 19.44 Mbit/s
Tue Jun 22 00:45:01 CEST 2021
Ping: 23.648 ms
Download: 284.83 Mbit/s
Upload: 19.70 Mbit/s
Tue Jun 22 01:45:01 CEST 2021
Ping: 22.224 ms
Download: 56.63 Mbit/s
Upload: 19.77 Mbit/s
Tue Jun 22 02:45:01 CEST 2021
Ping: 23.124 ms
Download: 63.37 Mbit/s
Upload: 19.30 Mbit/s
Tue Jun 22 03:45:01 CEST 2021
Ping: 22.936 ms
Download: 73.03 Mbit/s
Upload: 19.69 Mbit/s
Tue Jun 22 04:45:01 CEST 2021
Ping: 21.896 ms
Download: 63.94 Mbit/s
Upload: 19.27 Mbit/s
Tue Jun 22 05:45:01 CEST 2021
Ping: 23.984 ms
Download: 244.94 Mbit/s
Upload: 18.99 Mbit/s
Tue Jun 22 06:45:01 CEST 2021
Ping: 24.723 ms
Download: 104.90 Mbit/s
Upload: 19.80 Mbit/s
Tue Jun 22 07:45:01 CEST 2021
Ping: 22.511 ms
Download: 271.73 Mbit/s
Upload: 19.25 Mbit/s
Tue Jun 22 08:45:01 CEST 2021
Ping: 24.356 ms
Download: 231.91 Mbit/s
Upload: 19.83 Mbit/s
Tue Jun 22 09:45:01 CEST 2021
Ping: 24.212 ms
Download: 225.70 Mbit/s
Upload: 19.57 Mbit/s
Tue Jun 22 10:45:02 CEST 2021
Ping: 23.051 ms
Download: 66.56 Mbit/s
Upload: 19.08 Mbit/s
Tue Jun 22 11:45:01 CEST 2021
Ping: 33.559 ms
Download: 135.79 Mbit/s
Upload: 19.05 Mbit/s
Tue Jun 22 12:45:02 CEST 2021
Ping: 30.61 ms
Download: 141.72 Mbit/s
Upload: 18.94 Mbit/s
Tue Jun 22 13:45:01 CEST 2021
Ping: 34.876 ms
Download: 68.60 Mbit/s
Upload: 19.03 Mbit/s
Tue Jun 22 14:45:01 CEST 2021
Ping: 23.263 ms
Download: 55.99 Mbit/s
Upload: 19.62 Mbit/s
Tue Jun 22 15:45:02 CEST 2021
Ping: 23.478 ms
Download: 61.84 Mbit/s
Upload: 19.63 Mbit/s
Tue Jun 22 16:45:01 CEST 2021
Ping: 23.949 ms
Download: 81.75 Mbit/s
Upload: 19.50 Mbit/s
Tue Jun 22 17:45:02 CEST 2021
Ping: 23.961 ms
Download: 64.70 Mbit/s
Upload: 19.87 Mbit/s
Tue Jun 22 18:45:01 CEST 2021
Ping: 24.991 ms
Download: 262.70 Mbit/s
Upload: 19.25 Mbit/s
Tue Jun 22 19:45:01 CEST 2021
Ping: 23.903 ms
Download: 274.45 Mbit/s
Upload: 19.37 Mbit/s
Tue Jun 22 20:45:01 CEST 2021
Ping: 25.271 ms
Download: 197.19 Mbit/s
Upload: 19.42 Mbit/s
Tue Jun 22 21:45:01 CEST 2021
Ping: 25.856 ms
Download: 200.31 Mbit/s
Upload: 18.87 Mbit/s
Tue Jun 22 22:45:01 CEST 2021
Ping: 24.729 ms
Download: 261.83 Mbit/s
Upload: 19.53 Mbit/s
Tue Jun 22 23:45:01 CEST 2021
Ping: 24.418 ms
Download: 23.89 Mbit/s
Upload: 19.17 Mbit/s
Wed Jun 23 00:45:01 CEST 2021
Ping: 23.789 ms
Download: 57.77 Mbit/s
Upload: 19.74 Mbit/s
Wed Jun 23 01:45:01 CEST 2021
Ping: 24.673 ms
Download: 186.89 Mbit/s
Upload: 19.63 Mbit/s
Wed Jun 23 02:45:01 CEST 2021
Ping: 23.572 ms
Download: 84.49 Mbit/s
Upload: 19.37 Mbit/s
Wed Jun 23 03:45:01 CEST 2021
Ping: 24.017 ms
Download: 272.52 Mbit/s
Upload: 19.75 Mbit/s
Wed Jun 23 04:45:01 CEST 2021
Ping: 24.876 ms
Download: 97.89 Mbit/s
Upload: 19.73 Mbit/s
Wed Jun 23 05:45:01 CEST 2021
Ping: 21.903 ms
Download: 98.56 Mbit/s
Upload: 19.53 Mbit/s
Wed Jun 23 06:45:01 CEST 2021
Ping: 24.579 ms
Download: 52.88 Mbit/s
Upload: 19.27 Mbit/s
Wed Jun 23 07:45:01 CEST 2021
Ping: 21.731 ms
Download: 57.55 Mbit/s
Upload: 19.51 Mbit/s
Wed Jun 23 08:45:01 CEST 2021
Ping: 23.575 ms
Download: 279.93 Mbit/s
Upload: 19.79 Mbit/s
Wed Jun 23 09:45:01 CEST 2021
Ping: 22.748 ms
Download: 227.76 Mbit/s
Upload: 18.69 Mbit/s
Wed Jun 23 10:45:01 CEST 2021
Ping: 21.927 ms
Download: 63.10 Mbit/s
Upload: 18.82 Mbit/s
Wed Jun 23 11:45:01 CEST 2021
Ping: 24.357 ms
Download: 237.58 Mbit/s
Upload: 19.51 Mbit/s
Wed Jun 23 12:45:01 CEST 2021
Ping: 22.779 ms
Download: 138.99 Mbit/s
Upload: 19.47 Mbit/s
Wed Jun 23 13:45:01 CEST 2021
Ping: 24.231 ms
Download: 251.16 Mbit/s
Upload: 19.08 Mbit/s
Wed Jun 23 14:45:01 CEST 2021
Ping: 23.702 ms
Download: 76.92 Mbit/s
Upload: 18.90 Mbit/s
Wed Jun 23 15:45:01 CEST 2021
Ping: 24.072 ms
Download: 100.70 Mbit/s
Upload: 19.41 Mbit/s
Wed Jun 23 16:45:01 CEST 2021
Ping: 24.751 ms
Download: 69.82 Mbit/s
Upload: 19.58 Mbit/s
Wed Jun 23 17:45:01 CEST 2021
Ping: 23.362 ms
Download: 193.49 Mbit/s
Upload: 19.35 Mbit/s
Wed Jun 23 18:45:01 CEST 2021
Ping: 24.342 ms
Download: 246.29 Mbit/s
Upload: 19.19 Mbit/s
Wed Jun 23 19:45:01 CEST 2021
Ping: 23.07 ms
Download: 228.15 Mbit/s
Upload: 19.72 Mbit/s
Wed Jun 23 20:45:01 CEST 2021
Ping: 26.681 ms
Download: 273.81 Mbit/s
Upload: 19.06 Mbit/s
Wed Jun 23 21:45:01 CEST 2021
Ping: 22.465 ms
Download: 34.12 Mbit/s
Upload: 18.97 Mbit/s
Wed Jun 23 22:45:01 CEST 2021
Ping: 25.182 ms
Download: 27.15 Mbit/s
Upload: 19.42 Mbit/s
Wed Jun 23 23:45:01 CEST 2021
Ping: 25.184 ms
Download: 33.81 Mbit/s
Upload: 18.82 Mbit/s
Thu Jun 24 00:45:01 CEST 2021
Ping: 23.47 ms
Download: 264.17 Mbit/s
Upload: 19.63 Mbit/s
Thu Jun 24 01:45:01 CEST 2021
Ping: 23.892 ms
Download: 80.80 Mbit/s
Upload: 19.82 Mbit/s
Thu Jun 24 02:45:01 CEST 2021
Ping: 24.025 ms
Download: 216.83 Mbit/s
Upload: 19.15 Mbit/s
Thu Jun 24 03:45:01 CEST 2021
Ping: 24.571 ms
Download: 59.96 Mbit/s
Upload: 19.54 Mbit/s
Thu Jun 24 04:45:01 CEST 2021
Ping: 23.748 ms
Download: 252.66 Mbit/s
Upload: 19.77 Mbit/s
Thu Jun 24 05:45:01 CEST 2021
Ping: 23.399 ms
Download: 292.75 Mbit/s
Upload: 19.87 Mbit/s
Thu Jun 24 06:45:01 CEST 2021
Ping: 22.693 ms
Download: 60.62 Mbit/s
Upload: 19.54 Mbit/s
Thu Jun 24 07:45:02 CEST 2021
Ping: 24.222 ms
Download: 188.34 Mbit/s
Upload: 16.05 Mbit/s
Thu Jun 24 08:45:01 CEST 2021
Ping: 24.642 ms
Download: 272.41 Mbit/s
Upload: 18.87 Mbit/s
Thu Jun 24 09:45:01 CEST 2021
Ping: 22.965 ms
Download: 83.65 Mbit/s
Upload: 19.24 Mbit/s
Thu Jun 24 10:45:01 CEST 2021
Ping: 22.399 ms
Download: 88.39 Mbit/s
Upload: 18.88 Mbit/s
Thu Jun 24 11:45:01 CEST 2021
Ping: 23.425 ms
Download: 60.33 Mbit/s
Upload: 19.56 Mbit/s
Thu Jun 24 12:45:01 CEST 2021
Ping: 22.661 ms
Download: 169.00 Mbit/s
Upload: 19.31 Mbit/s
Thu Jun 24 13:45:01 CEST 2021
Ping: 23.594 ms
Download: 228.81 Mbit/s
Upload: 19.68 Mbit/s
Thu Jun 24 14:45:01 CEST 2021
Ping: 20.462 ms
Download: 52.72 Mbit/s
Upload: 19.53 Mbit/s
Thu Jun 24 15:45:01 CEST 2021
Ping: 21.125 ms
Download: 256.45 Mbit/s
Upload: 19.33 Mbit/s
Thu Jun 24 16:45:01 CEST 2021
Ping: 23.643 ms
Download: 170.27 Mbit/s
Upload: 19.07 Mbit/s
Thu Jun 24 17:45:01 CEST 2021
Ping: 23.602 ms
Download: 85.96 Mbit/s
Upload: 19.22 Mbit/s
Thu Jun 24 18:45:01 CEST 2021
Ping: 25.507 ms
Download: 232.23 Mbit/s
Upload: 19.49 Mbit/s
Thu Jun 24 19:45:01 CEST 2021
Ping: 23.116 ms
Download: 184.04 Mbit/s
Upload: 19.46 Mbit/s
Thu Jun 24 20:45:01 CEST 2021
Ping: 21.676 ms
Download: 194.66 Mbit/s
Upload: 19.48 Mbit/s
Thu Jun 24 21:45:01 CEST 2021
Ping: 25.347 ms
Download: 212.53 Mbit/s
Upload: 18.97 Mbit/s
Thu Jun 24 22:45:01 CEST 2021
Ping: 23.925 ms
Download: 22.90 Mbit/s
Upload: 18.97 Mbit/s
Thu Jun 24 23:45:01 CEST 2021
Ping: 24.112 ms
Download: 164.30 Mbit/s
Upload: 19.50 Mbit/s
Fri Jun 25 00:45:02 CEST 2021
Ping: 23.086 ms
Download: 207.28 Mbit/s
Upload: 18.92 Mbit/s
Fri Jun 25 01:45:01 CEST 2021
Ping: 23.23 ms
Download: 251.55 Mbit/s
Upload: 19.35 Mbit/s
Fri Jun 25 02:45:01 CEST 2021
Ping: 23.536 ms
Download: 58.29 Mbit/s
Upload: 19.52 Mbit/s
Fri Jun 25 03:45:01 CEST 2021
Ping: 21.128 ms
Download: 143.04 Mbit/s
Upload: 19.41 Mbit/s
Fri Jun 25 04:45:02 CEST 2021
Ping: 22.685 ms
Download: 136.54 Mbit/s
Upload: 19.05 Mbit/s
Fri Jun 25 05:45:01 CEST 2021
Ping: 21.721 ms
Download: 97.74 Mbit/s
Upload: 19.80 Mbit/s
Fri Jun 25 06:45:01 CEST 2021
Ping: 21.948 ms
Download: 58.87 Mbit/s
Upload: 19.62 Mbit/s
Fri Jun 25 07:45:01 CEST 2021
Ping: 23.562 ms
Download: 77.25 Mbit/s
Upload: 19.63 Mbit/s
Fri Jun 25 08:45:01 CEST 2021
Ping: 24.102 ms
Download: 284.04 Mbit/s
Upload: 19.72 Mbit/s
Fri Jun 25 09:45:01 CEST 2021
Ping: 22.338 ms
Download: 190.65 Mbit/s
Upload: 19.54 Mbit/s
Fri Jun 25 10:45:01 CEST 2021
Ping: 25.136 ms
Download: 291.90 Mbit/s
Upload: 19.31 Mbit/s
Fri Jun 25 11:45:01 CEST 2021
Ping: 24.486 ms
Download: 209.43 Mbit/s
Upload: 19.02 Mbit/s
Fri Jun 25 12:45:01 CEST 2021
Ping: 21.893 ms
Download: 182.17 Mbit/s
Upload: 19.80 Mbit/s
Fri Jun 25 13:45:01 CEST 2021
Ping: 21.765 ms
Download: 248.86 Mbit/s
Upload: 19.23 Mbit/s
Fri Jun 25 14:45:01 CEST 2021
Ping: 23.457 ms
Download: 251.46 Mbit/s
Upload: 19.21 Mbit/s
Fri Jun 25 15:45:01 CEST 2021
Ping: 23.951 ms
Download: 170.44 Mbit/s
Upload: 19.51 Mbit/s
Fri Jun 25 16:45:01 CEST 2021
Ping: 20.472 ms
Download: 299.29 Mbit/s
Upload: 19.13 Mbit/s
Fri Jun 25 17:45:01 CEST 2021
Ping: 22.254 ms
Download: 234.14 Mbit/s
Upload: 19.00 Mbit/s
Fri Jun 25 18:45:01 CEST 2021
Ping: 24.497 ms
Download: 219.99 Mbit/s
Upload: 19.78 Mbit/s
Fri Jun 25 19:45:01 CEST 2021
Ping: 22.22 ms
Download: 214.50 Mbit/s
Upload: 19.44 Mbit/s
Fri Jun 25 20:45:01 CEST 2021
Ping: 23.43 ms
Download: 350.90 Mbit/s
Upload: 19.70 Mbit/s
Fri Jun 25 21:45:01 CEST 2021
Ping: 22.391 ms
Download: 267.59 Mbit/s
Upload: 18.95 Mbit/s
Fri Jun 25 22:45:01 CEST 2021
Ping: 22.077 ms
Download: 206.46 Mbit/s
Upload: 19.27 Mbit/s
Fri Jun 25 23:45:01 CEST 2021
Ping: 21.081 ms
Download: 167.98 Mbit/s
Upload: 19.26 Mbit/s
Sat Jun 26 00:45:02 CEST 2021
Ping: 24.412 ms
Download: 266.69 Mbit/s
Upload: 18.86 Mbit/s
Sat Jun 26 01:45:01 CEST 2021
Ping: 20.401 ms
Download: 351.16 Mbit/s
Upload: 18.72 Mbit/s
Sat Jun 26 02:45:01 CEST 2021
Ping: 20.673 ms
Download: 233.72 Mbit/s
Upload: 19.30 Mbit/s
Sat Jun 26 03:45:01 CEST 2021
Ping: 22.216 ms
Download: 248.66 Mbit/s
Upload: 19.29 Mbit/s
Sat Jun 26 04:45:01 CEST 2021
Ping: 21.856 ms
Download: 250.19 Mbit/s
Upload: 19.41 Mbit/s
Sat Jun 26 05:45:01 CEST 2021
Ping: 19.767 ms
Download: 288.30 Mbit/s
Upload: 18.97 Mbit/s
Sat Jun 26 06:45:01 CEST 2021
Ping: 22.319 ms
Download: 186.48 Mbit/s
Upload: 19.64 Mbit/s
Sat Jun 26 07:45:01 CEST 2021
Ping: 20.676 ms
Download: 258.79 Mbit/s
Upload: 19.09 Mbit/s
Sat Jun 26 08:45:01 CEST 2021
Ping: 23.167 ms
Download: 282.18 Mbit/s
Upload: 19.07 Mbit/s
Sat Jun 26 09:45:01 CEST 2021
Ping: 21.29 ms
Download: 174.47 Mbit/s
Upload: 19.34 Mbit/s
Sat Jun 26 10:45:01 CEST 2021
Ping: 19.668 ms
Download: 280.91 Mbit/s
Upload: 19.15 Mbit/s
Sat Jun 26 11:45:01 CEST 2021
Ping: 22.84 ms
Download: 200.71 Mbit/s
Upload: 18.86 Mbit/s
Sat Jun 26 12:45:01 CEST 2021
Ping: 21.832 ms
Download: 213.41 Mbit/s
Upload: 19.00 Mbit/s
Sat Jun 26 13:45:01 CEST 2021
Ping: 24.585 ms
Download: 231.46 Mbit/s
Upload: 19.28 Mbit/s
Sat Jun 26 14:45:01 CEST 2021
Ping: 20.898 ms
Download: 240.43 Mbit/s
Upload: 19.13 Mbit/s
Sat Jun 26 15:45:01 CEST 2021
Ping: 24.207 ms
Download: 165.45 Mbit/s
Upload: 18.84 Mbit/s
Sat Jun 26 16:45:01 CEST 2021
Ping: 22.053 ms
Download: 196.71 Mbit/s
Upload: 19.25 Mbit/s
Sat Jun 26 17:45:01 CEST 2021
Ping: 22.012 ms
Download: 281.39 Mbit/s
Upload: 19.03 Mbit/s
Sat Jun 26 18:45:01 CEST 2021
Ping: 20.538 ms
Download: 219.57 Mbit/s
Upload: 19.38 Mbit/s
Sat Jun 26 19:45:01 CEST 2021
Ping: 21.065 ms
Download: 264.72 Mbit/s
Upload: 19.48 Mbit/s
Sat Jun 26 20:45:01 CEST 2021
Ping: 21.9 ms
Download: 298.82 Mbit/s
Upload: 19.43 Mbit/s
Sat Jun 26 21:45:01 CEST 2021
Ping: 23.688 ms
Download: 232.19 Mbit/s
Upload: 18.86 Mbit/s
Sat Jun 26 22:45:01 CEST 2021
Ping: 24.091 ms
Download: 280.32 Mbit/s
Upload: 19.78 Mbit/s
Sun Jun 27 07:45:01 CEST 2021
Ping: 20.901 ms
Download: 168.83 Mbit/s
Upload: 18.04 Mbit/s
Sun Jun 27 08:45:01 CEST 2021
Ping: 20.098 ms
Download: 281.24 Mbit/s
Upload: 19.13 Mbit/s
Sun Jun 27 09:45:01 CEST 2021
Ping: 19.67 ms
Download: 257.06 Mbit/s
Upload: 19.36 Mbit/s
Sun Jun 27 10:45:01 CEST 2021
Ping: 21.533 ms
Download: 272.62 Mbit/s
Upload: 18.71 Mbit/s
Sun Jun 27 11:45:01 CEST 2021
Ping: 21.248 ms
Download: 221.94 Mbit/s
Upload: 19.40 Mbit/s
Sun Jun 27 12:45:01 CEST 2021
Ping: 24.217 ms
Download: 236.24 Mbit/s
Upload: 12.54 Mbit/s
Sun Jun 27 13:45:01 CEST 2021
Ping: 23.62 ms
Download: 205.77 Mbit/s
Upload: 17.12 Mbit/s
Sun Jun 27 14:45:01 CEST 2021
Ping: 21.772 ms
Download: 231.42 Mbit/s
Upload: 16.21 Mbit/s
Sun Jun 27 15:45:01 CEST 2021
Ping: 20.684 ms
Download: 246.41 Mbit/s
Upload: 19.20 Mbit/s
Sun Jun 27 16:45:02 CEST 2021
Ping: 19.907 ms
Download: 207.30 Mbit/s
Upload: 19.58 Mbit/s
Sun Jun 27 17:45:01 CEST 2021
Ping: 20.648 ms
Download: 229.85 Mbit/s
Upload: 19.38 Mbit/s
Sun Jun 27 18:45:02 CEST 2021
Ping: 21.771 ms
Download: 225.82 Mbit/s
Upload: 19.85 Mbit/s
Sun Jun 27 19:45:01 CEST 2021
Ping: 21.903 ms
Download: 187.91 Mbit/s
Upload: 19.50 Mbit/s
Sun Jun 27 20:45:01 CEST 2021
Ping: 20.223 ms
Download: 329.65 Mbit/s
Upload: 19.36 Mbit/s
Sun Jun 27 21:45:01 CEST 2021
Ping: 20.519 ms
Download: 235.79 Mbit/s
Upload: 19.16 Mbit/s
Sun Jun 27 22:45:01 CEST 2021
Ping: 19.746 ms
Download: 237.23 Mbit/s
Upload: 18.80 Mbit/s
Sun Jun 27 23:45:01 CEST 2021
Ping: 20.085 ms
Download: 249.10 Mbit/s
Upload: 18.96 Mbit/s
Mon Jun 28 00:45:01 CEST 2021
Ping: 19.409 ms
Download: 240.67 Mbit/s
Upload: 19.52 Mbit/s
Mon Jun 28 01:45:01 CEST 2021
Ping: 22.249 ms
Download: 235.87 Mbit/s
Upload: 19.73 Mbit/s
Mon Jun 28 02:45:01 CEST 2021
Ping: 18.589 ms
Download: 284.79 Mbit/s
Upload: 19.41 Mbit/s
Mon Jun 28 03:45:01 CEST 2021
Ping: 20.016 ms
Download: 260.32 Mbit/s
Upload: 19.26 Mbit/s
Mon Jun 28 04:45:01 CEST 2021
Ping: 21.442 ms
Download: 178.68 Mbit/s
Upload: 19.47 Mbit/s
Mon Jun 28 05:45:01 CEST 2021
Ping: 19.425 ms
Download: 238.14 Mbit/s
Upload: 19.11 Mbit/s
Mon Jun 28 06:45:01 CEST 2021
Ping: 20.188 ms
Download: 288.13 Mbit/s
Upload: 18.88 Mbit/s
Mon Jun 28 07:45:01 CEST 2021
Ping: 20.973 ms
Download: 179.72 Mbit/s
Upload: 18.44 Mbit/s
Mon Jun 28 08:45:01 CEST 2021
Ping: 23.885 ms
Download: 253.65 Mbit/s
Upload: 18.87 Mbit/s
Mon Jun 28 09:45:01 CEST 2021
Ping: 18.761 ms
Download: 267.64 Mbit/s
Upload: 18.95 Mbit/s
Mon Jun 28 10:45:01 CEST 2021
Ping: 20.593 ms
Download: 269.34 Mbit/s
Upload: 18.94 Mbit/s
Mon Jun 28 11:45:01 CEST 2021
Ping: 19.725 ms
Download: 267.99 Mbit/s
Upload: 19.10 Mbit/s
Mon Jun 28 12:45:01 CEST 2021
Ping: 24.777 ms
Download: 170.39 Mbit/s
Upload: 19.63 Mbit/s
Mon Jun 28 13:45:01 CEST 2021
Ping: 23.562 ms
Download: 184.00 Mbit/s
Upload: 19.57 Mbit/s
Mon Jun 28 14:45:01 CEST 2021
Ping: 22.005 ms
Download: 315.40 Mbit/s
Upload: 19.33 Mbit/s
Mon Jun 28 15:45:01 CEST 2021
Ping: 18.736 ms
Download: 295.43 Mbit/s
Upload: 18.87 Mbit/s
Mon Jun 28 16:45:01 CEST 2021
Ping: 20.541 ms
Download: 288.13 Mbit/s
Upload: 18.90 Mbit/s
Mon Jun 28 17:45:01 CEST 2021
Ping: 19.659 ms
Download: 222.61 Mbit/s
Upload: 19.33 Mbit/s
Mon Jun 28 18:45:01 CEST 2021
Ping: 21.323 ms
Download: 227.52 Mbit/s
Upload: 19.39 Mbit/s
Mon Jun 28 19:45:01 CEST 2021
Ping: 23.238 ms
Download: 226.51 Mbit/s
Upload: 19.51 Mbit/s
Mon Jun 28 20:45:01 CEST 2021
Ping: 21.876 ms
Download: 254.16 Mbit/s
Upload: 19.24 Mbit/s
Mon Jun 28 21:45:01 CEST 2021
Ping: 22.743 ms
Download: 278.90 Mbit/s
Upload: 19.22 Mbit/s
Mon Jun 28 22:45:01 CEST 2021
Ping: 20.045 ms
Download: 266.44 Mbit/s
Upload: 19.19 Mbit/s
Mon Jun 28 23:45:01 CEST 2021
Ping: 20.083 ms
Download: 292.72 Mbit/s
Upload: 18.66 Mbit/s
Tue Jun 29 00:45:01 CEST 2021
Ping: 21.347 ms
Download: 192.37 Mbit/s
Upload: 19.78 Mbit/s
Tue Jun 29 01:45:01 CEST 2021
Ping: 20.021 ms
Download: 270.92 Mbit/s
Upload: 18.90 Mbit/s
Tue Jun 29 02:45:01 CEST 2021
Ping: 19.729 ms
Download: 272.63 Mbit/s
Upload: 19.22 Mbit/s
Tue Jun 29 03:45:01 CEST 2021
Ping: 20.545 ms
Download: 201.96 Mbit/s
Upload: 19.53 Mbit/s
Tue Jun 29 04:45:01 CEST 2021
Ping: 21.855 ms
Download: 237.38 Mbit/s
Upload: 18.98 Mbit/s
Tue Jun 29 05:45:01 CEST 2021
Ping: 20.351 ms
Download: 288.69 Mbit/s
Upload: 19.39 Mbit/s
Tue Jun 29 06:45:01 CEST 2021
Ping: 19.685 ms
Download: 262.02 Mbit/s
Upload: 19.25 Mbit/s
Tue Jun 29 07:45:02 CEST 2021
Ping: 22.386 ms
Download: 226.45 Mbit/s
Upload: 18.83 Mbit/s
Tue Jun 29 08:45:01 CEST 2021
Ping: 24.092 ms
Download: 204.05 Mbit/s
Upload: 19.12 Mbit/s
Tue Jun 29 09:45:01 CEST 2021
Ping: 19.118 ms
Download: 246.33 Mbit/s
Upload: 18.63 Mbit/s
Tue Jun 29 10:45:01 CEST 2021
Ping: 22.269 ms
Download: 281.16 Mbit/s
Upload: 18.86 Mbit/s
Tue Jun 29 11:45:01 CEST 2021
Ping: 22.494 ms
Download: 243.25 Mbit/s
Upload: 17.08 Mbit/s
Tue Jun 29 12:45:01 CEST 2021
Ping: 24.353 ms
Download: 177.71 Mbit/s
Upload: 18.99 Mbit/s
Tue Jun 29 13:45:01 CEST 2021
Ping: 20.758 ms
Download: 213.37 Mbit/s
Upload: 19.08 Mbit/s
Tue Jun 29 14:45:01 CEST 2021
Ping: 23.048 ms
Download: 184.02 Mbit/s
Upload: 19.55 Mbit/s
Tue Jun 29 15:45:01 CEST 2021
Ping: 21.512 ms
Download: 232.11 Mbit/s
Upload: 19.15 Mbit/s
Tue Jun 29 16:45:01 CEST 2021
Ping: 20.992 ms
Download: 237.33 Mbit/s
Upload: 19.28 Mbit/s
Tue Jun 29 17:45:02 CEST 2021
Ping: 22.435 ms
Download: 225.59 Mbit/s
Upload: 19.84 Mbit/s
Tue Jun 29 18:45:01 CEST 2021
Ping: 19.551 ms
Download: 296.84 Mbit/s
Upload: 18.79 Mbit/s
Tue Jun 29 19:45:02 CEST 2021
Ping: 20.087 ms
Download: 252.31 Mbit/s
Upload: 19.60 Mbit/s
Tue Jun 29 20:45:02 CEST 2021
Ping: 21.629 ms
Download: 241.01 Mbit/s
Upload: 19.41 Mbit/s
Tue Jun 29 21:45:01 CEST 2021
Ping: 22.568 ms
Download: 289.96 Mbit/s
Upload: 19.19 Mbit/s
Tue Jun 29 22:45:01 CEST 2021
Ping: 22.305 ms
Download: 226.24 Mbit/s
Upload: 19.42 Mbit/s
Tue Jun 29 23:45:01 CEST 2021
Ping: 19.759 ms
Download: 329.16 Mbit/s
Upload: 18.89 Mbit/s
Wed Jun 30 00:45:01 CEST 2021
Ping: 22.339 ms
Download: 244.81 Mbit/s
Upload: 19.84 Mbit/s
Wed Jun 30 01:45:01 CEST 2021
Ping: 20.201 ms
Download: 277.11 Mbit/s
Upload: 19.49 Mbit/s
Wed Jun 30 02:45:01 CEST 2021
Ping: 20.89 ms
Download: 230.48 Mbit/s
Upload: 19.36 Mbit/s
Wed Jun 30 03:45:01 CEST 2021
Ping: 23.632 ms
Download: 178.55 Mbit/s
Upload: 19.75 Mbit/s
Wed Jun 30 04:45:01 CEST 2021
Ping: 19.513 ms
Download: 259.28 Mbit/s
Upload: 19.16 Mbit/s
Wed Jun 30 05:45:02 CEST 2021
Ping: 19.09 ms
Download: 221.28 Mbit/s
Upload: 19.40 Mbit/s
Wed Jun 30 06:45:01 CEST 2021
Ping: 19.664 ms
Download: 259.04 Mbit/s
Upload: 19.39 Mbit/s
Wed Jun 30 07:45:01 CEST 2021
Ping: 22.558 ms
Download: 241.12 Mbit/s
Upload: 19.34 Mbit/s
Wed Jun 30 08:45:01 CEST 2021
Ping: 19.717 ms
Download: 230.93 Mbit/s
Upload: 19.20 Mbit/s
Wed Jun 30 09:45:01 CEST 2021
Ping: 21.034 ms
Download: 254.45 Mbit/s
Upload: 19.18 Mbit/s
Wed Jun 30 10:45:01 CEST 2021
Ping: 23.925 ms
Download: 170.95 Mbit/s
Upload: 19.36 Mbit/s
Wed Jun 30 11:45:01 CEST 2021
Ping: 20.923 ms
Download: 250.12 Mbit/s
Upload: 18.46 Mbit/s
Wed Jun 30 12:45:01 CEST 2021
Ping: 21.311 ms
Download: 183.88 Mbit/s
Upload: 19.55 Mbit/s
Wed Jun 30 13:45:01 CEST 2021
Ping: 21.565 ms
Download: 288.23 Mbit/s
Upload: 19.23 Mbit/s
Wed Jun 30 14:45:01 CEST 2021
Ping: 24.387 ms
Download: 303.38 Mbit/s
Upload: 19.47 Mbit/s
Wed Jun 30 15:45:01 CEST 2021
Ping: 20.874 ms
Download: 323.93 Mbit/s
Upload: 19.31 Mbit/s
Wed Jun 30 16:45:01 CEST 2021
Ping: 20.039 ms
Download: 304.99 Mbit/s
Upload: 19.36 Mbit/s
Wed Jun 30 17:45:01 CEST 2021
Ping: 24.328 ms
Download: 233.93 Mbit/s
Upload: 19.24 Mbit/s
Wed Jun 30 18:45:01 CEST 2021
Ping: 19.572 ms
Download: 290.67 Mbit/s
Upload: 19.37 Mbit/s
Wed Jun 30 19:45:01 CEST 2021
Ping: 22.22 ms
Download: 164.73 Mbit/s
Upload: 19.53 Mbit/s
Wed Jun 30 20:45:01 CEST 2021
Ping: 20.936 ms
Download: 237.67 Mbit/s
Upload: 19.24 Mbit/s
Wed Jun 30 21:45:01 CEST 2021
Ping: 19.917 ms
Download: 264.55 Mbit/s
Upload: 19.10 Mbit/s
Wed Jun 30 22:45:01 CEST 2021
Ping: 20.337 ms
Download: 245.72 Mbit/s
Upload: 19.35 Mbit/s
Wed Jun 30 23:45:01 CEST 2021
Ping: 22.315 ms
Download: 222.40 Mbit/s
Upload: 19.21 Mbit/s
