Wed Dec  1 00:45:01 CET 2021
Ping: 18.061 ms
Download: 259.22 Mbit/s
Upload: 14.15 Mbit/s
Wed Dec  1 01:45:01 CET 2021
Ping: 25.169 ms
Download: 262.38 Mbit/s
Upload: 19.13 Mbit/s
Wed Dec  1 02:45:01 CET 2021
Ping: 25.002 ms
Download: 279.97 Mbit/s
Upload: 19.08 Mbit/s
Wed Dec  1 03:45:01 CET 2021
Ping: 24.314 ms
Download: 308.43 Mbit/s
Upload: 19.21 Mbit/s
Wed Dec  1 04:45:01 CET 2021
Ping: 23.142 ms
Download: 333.89 Mbit/s
Upload: 19.59 Mbit/s
Wed Dec  1 05:45:01 CET 2021
Ping: 23.423 ms
Download: 55.19 Mbit/s
Upload: 19.33 Mbit/s
Wed Dec  1 06:45:01 CET 2021
Ping: 23.836 ms
Download: 158.25 Mbit/s
Upload: 19.63 Mbit/s
Wed Dec  1 07:45:01 CET 2021
Ping: 24.372 ms
Download: 69.59 Mbit/s
Upload: 19.79 Mbit/s
Wed Dec  1 08:45:02 CET 2021
Ping: 23.798 ms
Download: 67.90 Mbit/s
Upload: 19.37 Mbit/s
Wed Dec  1 09:45:01 CET 2021
Ping: 25.062 ms
Download: 214.32 Mbit/s
Upload: 19.74 Mbit/s
Wed Dec  1 10:45:01 CET 2021
Ping: 23.197 ms
Download: 91.49 Mbit/s
Upload: 19.72 Mbit/s
Wed Dec  1 11:45:01 CET 2021
Ping: 24.409 ms
Download: 240.19 Mbit/s
Upload: 19.24 Mbit/s
Wed Dec  1 12:45:01 CET 2021
Ping: 22.601 ms
Download: 151.24 Mbit/s
Upload: 19.76 Mbit/s
Wed Dec  1 13:45:01 CET 2021
Ping: 26.964 ms
Download: 267.22 Mbit/s
Upload: 19.63 Mbit/s
Wed Dec  1 14:45:01 CET 2021
Ping: 23.399 ms
Download: 298.65 Mbit/s
Upload: 19.30 Mbit/s
Wed Dec  1 15:45:01 CET 2021
Ping: 24.345 ms
Download: 262.54 Mbit/s
Upload: 19.27 Mbit/s
Wed Dec  1 16:45:01 CET 2021
Ping: 22.173 ms
Download: 310.02 Mbit/s
Upload: 19.23 Mbit/s
Wed Dec  1 17:45:01 CET 2021
Ping: 21.694 ms
Download: 278.16 Mbit/s
Upload: 19.09 Mbit/s
Wed Dec  1 18:45:01 CET 2021
Ping: 21.498 ms
Download: 281.84 Mbit/s
Upload: 19.54 Mbit/s
Wed Dec  1 19:45:01 CET 2021
Ping: 22.966 ms
Download: 92.85 Mbit/s
Upload: 19.54 Mbit/s
Wed Dec  1 20:45:01 CET 2021
Ping: 23.933 ms
Download: 352.91 Mbit/s
Upload: 19.55 Mbit/s
Wed Dec  1 21:45:01 CET 2021
Ping: 23.21 ms
Download: 294.30 Mbit/s
Upload: 18.87 Mbit/s
Wed Dec  1 22:45:01 CET 2021
Ping: 23.719 ms
Download: 203.34 Mbit/s
Upload: 19.54 Mbit/s
Wed Dec  1 23:45:01 CET 2021
Ping: 22.828 ms
Download: 243.73 Mbit/s
Upload: 19.77 Mbit/s
Thu Dec  2 00:45:01 CET 2021
Ping: 21.862 ms
Download: 264.22 Mbit/s
Upload: 19.88 Mbit/s
Thu Dec  2 01:45:01 CET 2021
Ping: 25.878 ms
Download: 237.30 Mbit/s
Upload: 19.48 Mbit/s
Thu Dec  2 02:45:01 CET 2021
Ping: 22.853 ms
Download: 239.85 Mbit/s
Upload: 19.58 Mbit/s
Thu Dec  2 03:45:01 CET 2021
Ping: 23.636 ms
Download: 189.87 Mbit/s
Upload: 19.69 Mbit/s
Thu Dec  2 04:45:01 CET 2021
Ping: 24.701 ms
Download: 214.16 Mbit/s
Upload: 19.88 Mbit/s
Thu Dec  2 05:45:01 CET 2021
Ping: 25.499 ms
Download: 258.99 Mbit/s
Upload: 19.55 Mbit/s
Thu Dec  2 06:45:01 CET 2021
Ping: 24.782 ms
Download: 243.94 Mbit/s
Upload: 19.72 Mbit/s
Thu Dec  2 07:45:01 CET 2021
Ping: 20.377 ms
Download: 218.99 Mbit/s
Upload: 19.09 Mbit/s
Thu Dec  2 08:45:01 CET 2021
Ping: 24.062 ms
Download: 255.95 Mbit/s
Upload: 10.06 Mbit/s
Thu Dec  2 09:45:02 CET 2021
Ping: 19.399 ms
Download: 270.25 Mbit/s
Upload: 14.86 Mbit/s
Thu Dec  2 10:45:01 CET 2021
Ping: 23.503 ms
Download: 278.82 Mbit/s
Upload: 17.90 Mbit/s
Thu Dec  2 11:45:02 CET 2021
Ping: 21.523 ms
Download: 318.09 Mbit/s
Upload: 18.31 Mbit/s
Thu Dec  2 12:45:01 CET 2021
Ping: 25.098 ms
Download: 276.99 Mbit/s
Upload: 19.09 Mbit/s
Thu Dec  2 13:45:01 CET 2021
Ping: 27.301 ms
Download: 223.66 Mbit/s
Upload: 18.73 Mbit/s
Thu Dec  2 14:45:01 CET 2021
Ping: 30.242 ms
Download: 266.12 Mbit/s
Upload: 19.24 Mbit/s
Thu Dec  2 15:45:02 CET 2021
Ping: 24.396 ms
Download: 266.42 Mbit/s
Upload: 18.74 Mbit/s
Thu Dec  2 16:45:01 CET 2021
Ping: 25.482 ms
Download: 228.14 Mbit/s
Upload: 18.89 Mbit/s
Thu Dec  2 17:45:01 CET 2021
Ping: 26.292 ms
Download: 224.67 Mbit/s
Upload: 19.85 Mbit/s
Thu Dec  2 18:45:01 CET 2021
Ping: 26.505 ms
Download: 246.10 Mbit/s
Upload: 19.66 Mbit/s
Thu Dec  2 19:45:01 CET 2021
Could not retrieve speedtest.net configuration
Thu Dec  2 20:45:01 CET 2021
Ping: 22.969 ms
Download: 311.31 Mbit/s
Upload: 19.10 Mbit/s
Thu Dec  2 21:45:01 CET 2021
Ping: 19.162 ms
Download: 257.40 Mbit/s
Upload: 19.25 Mbit/s
Thu Dec  2 22:45:01 CET 2021
Ping: 25.108 ms
Download: 305.95 Mbit/s
Upload: 19.56 Mbit/s
Thu Dec  2 23:45:01 CET 2021
Ping: 24.637 ms
Download: 100.47 Mbit/s
Upload: 19.63 Mbit/s
Fri Dec  3 00:45:01 CET 2021
Ping: 21.711 ms
Download: 226.06 Mbit/s
Upload: 19.36 Mbit/s
Fri Dec  3 01:45:01 CET 2021
Ping: 20.804 ms
Download: 269.96 Mbit/s
Upload: 19.47 Mbit/s
Fri Dec  3 02:45:01 CET 2021
Ping: 21.498 ms
Download: 325.67 Mbit/s
Upload: 19.75 Mbit/s
Fri Dec  3 03:45:01 CET 2021
Ping: 22.828 ms
Download: 307.84 Mbit/s
Upload: 19.84 Mbit/s
Fri Dec  3 04:45:01 CET 2021
Ping: 23.674 ms
Download: 256.86 Mbit/s
Upload: 15.30 Mbit/s
Fri Dec  3 05:45:01 CET 2021
Ping: 20.045 ms
Download: 241.67 Mbit/s
Upload: 16.29 Mbit/s
Fri Dec  3 06:45:01 CET 2021
Ping: 17.233 ms
Download: 240.33 Mbit/s
Upload: 13.69 Mbit/s
Fri Dec  3 07:45:01 CET 2021
Ping: 25.489 ms
Download: 146.72 Mbit/s
Upload: 19.67 Mbit/s
Fri Dec  3 08:45:01 CET 2021
Ping: 27.131 ms
Download: 239.61 Mbit/s
Upload: 19.67 Mbit/s
Fri Dec  3 09:45:01 CET 2021
Ping: 24.589 ms
Download: 243.56 Mbit/s
Upload: 19.36 Mbit/s
Fri Dec  3 10:45:01 CET 2021
Ping: 25.716 ms
Download: 94.91 Mbit/s
Upload: 15.23 Mbit/s
Fri Dec  3 11:45:01 CET 2021
Ping: 22.545 ms
Download: 211.15 Mbit/s
Upload: 19.80 Mbit/s
Fri Dec  3 12:45:01 CET 2021
Ping: 23.837 ms
Download: 194.17 Mbit/s
Upload: 19.41 Mbit/s
Fri Dec  3 13:45:01 CET 2021
Ping: 22.355 ms
Download: 303.67 Mbit/s
Upload: 19.77 Mbit/s
Fri Dec  3 14:45:01 CET 2021
Ping: 23.814 ms
Download: 274.77 Mbit/s
Upload: 19.07 Mbit/s
Fri Dec  3 15:45:01 CET 2021
Ping: 23.868 ms
Download: 267.29 Mbit/s
Upload: 19.10 Mbit/s
Fri Dec  3 16:45:01 CET 2021
Ping: 19.303 ms
Download: 285.75 Mbit/s
Upload: 19.65 Mbit/s
Fri Dec  3 17:45:01 CET 2021
Ping: 22.737 ms
Download: 301.45 Mbit/s
Upload: 19.77 Mbit/s
Fri Dec  3 18:45:01 CET 2021
Ping: 20.904 ms
Download: 295.55 Mbit/s
Upload: 19.68 Mbit/s
Fri Dec  3 19:45:01 CET 2021
Ping: 25.287 ms
Download: 231.06 Mbit/s
Upload: 19.39 Mbit/s
Fri Dec  3 20:45:01 CET 2021
Ping: 24.432 ms
Download: 357.09 Mbit/s
Upload: 18.52 Mbit/s
Fri Dec  3 21:45:01 CET 2021
Ping: 25.378 ms
Download: 273.66 Mbit/s
Upload: 18.47 Mbit/s
Fri Dec  3 22:45:01 CET 2021
Ping: 26.713 ms
Download: 233.87 Mbit/s
Upload: 19.32 Mbit/s
Fri Dec  3 23:45:01 CET 2021
Ping: 25.145 ms
Download: 248.60 Mbit/s
Upload: 17.63 Mbit/s
Sat Dec  4 00:45:01 CET 2021
Ping: 18.709 ms
Download: 252.86 Mbit/s
Upload: 14.61 Mbit/s
Sat Dec  4 01:45:01 CET 2021
Ping: 21.893 ms
Download: 278.17 Mbit/s
Upload: 14.16 Mbit/s
Sat Dec  4 02:45:01 CET 2021
Ping: 24.813 ms
Download: 134.73 Mbit/s
Upload: 19.73 Mbit/s
Sat Dec  4 03:45:01 CET 2021
Ping: 23.991 ms
Download: 265.51 Mbit/s
Upload: 19.51 Mbit/s
Sat Dec  4 04:45:01 CET 2021
Ping: 23.806 ms
Download: 301.45 Mbit/s
Upload: 16.20 Mbit/s
Sat Dec  4 05:45:01 CET 2021
Ping: 24.186 ms
Download: 162.92 Mbit/s
Upload: 19.56 Mbit/s
Sat Dec  4 06:45:01 CET 2021
Ping: 24.027 ms
Download: 347.28 Mbit/s
Upload: 19.61 Mbit/s
Sat Dec  4 07:45:01 CET 2021
Ping: 23.738 ms
Download: 162.40 Mbit/s
Upload: 19.33 Mbit/s
Sat Dec  4 08:45:01 CET 2021
Ping: 22.334 ms
Download: 312.41 Mbit/s
Upload: 19.05 Mbit/s
Sat Dec  4 09:45:01 CET 2021
Ping: 23.679 ms
Download: 277.85 Mbit/s
Upload: 19.13 Mbit/s
Sat Dec  4 10:45:02 CET 2021
Ping: 21.719 ms
Download: 317.56 Mbit/s
Upload: 19.40 Mbit/s
Sat Dec  4 11:45:01 CET 2021
Ping: 25.232 ms
Download: 276.61 Mbit/s
Upload: 19.59 Mbit/s
Sat Dec  4 12:45:01 CET 2021
Ping: 22.771 ms
Download: 189.56 Mbit/s
Upload: 19.52 Mbit/s
Sat Dec  4 13:45:01 CET 2021
Ping: 25.732 ms
Download: 302.48 Mbit/s
Upload: 19.60 Mbit/s
Sat Dec  4 14:45:02 CET 2021
Ping: 22.553 ms
Download: 226.93 Mbit/s
Upload: 19.64 Mbit/s
Sat Dec  4 15:45:01 CET 2021
Ping: 24.306 ms
Download: 77.01 Mbit/s
Upload: 19.36 Mbit/s
Sat Dec  4 16:45:01 CET 2021
Ping: 25.496 ms
Download: 118.64 Mbit/s
Upload: 19.16 Mbit/s
Sat Dec  4 17:45:01 CET 2021
Ping: 24.386 ms
Download: 97.45 Mbit/s
Upload: 19.69 Mbit/s
Sat Dec  4 18:45:01 CET 2021
Ping: 25.372 ms
Download: 274.09 Mbit/s
Upload: 19.70 Mbit/s
Sat Dec  4 19:45:01 CET 2021
Ping: 24.689 ms
Download: 277.74 Mbit/s
Upload: 18.33 Mbit/s
Sat Dec  4 20:45:01 CET 2021
Ping: 23.01 ms
Download: 290.90 Mbit/s
Upload: 19.60 Mbit/s
Sat Dec  4 21:45:01 CET 2021
Ping: 22.845 ms
Download: 279.05 Mbit/s
Upload: 19.62 Mbit/s
Sat Dec  4 22:45:01 CET 2021
Ping: 22.355 ms
Download: 250.90 Mbit/s
Upload: 19.21 Mbit/s
Sat Dec  4 23:45:01 CET 2021
Ping: 19.96 ms
Download: 289.43 Mbit/s
Upload: 19.36 Mbit/s
Sun Dec  5 00:45:01 CET 2021
Ping: 18.717 ms
Download: 342.87 Mbit/s
Upload: 19.68 Mbit/s
Sun Dec  5 01:45:01 CET 2021
Ping: 18.852 ms
Download: 336.24 Mbit/s
Upload: 19.32 Mbit/s
Sun Dec  5 02:45:01 CET 2021
Ping: 23.392 ms
Download: 246.89 Mbit/s
Upload: 19.88 Mbit/s
Sun Dec  5 03:45:01 CET 2021
Ping: 22.349 ms
Download: 106.64 Mbit/s
Upload: 19.36 Mbit/s
Sun Dec  5 04:45:01 CET 2021
Ping: 23.447 ms
Download: 145.57 Mbit/s
Upload: 19.32 Mbit/s
Sun Dec  5 05:45:01 CET 2021
Ping: 22.133 ms
Download: 283.66 Mbit/s
Upload: 19.44 Mbit/s
Sun Dec  5 06:45:01 CET 2021
Ping: 20.376 ms
Download: 268.53 Mbit/s
Upload: 19.60 Mbit/s
Sun Dec  5 07:45:01 CET 2021
Ping: 20.377 ms
Download: 264.48 Mbit/s
Upload: 19.49 Mbit/s
Sun Dec  5 08:45:01 CET 2021
Ping: 33.937 ms
Download: 303.95 Mbit/s
Upload: 19.34 Mbit/s
Sun Dec  5 09:45:01 CET 2021
Ping: 29.937 ms
Download: 276.72 Mbit/s
Upload: 18.87 Mbit/s
Sun Dec  5 10:45:01 CET 2021
Ping: 28.873 ms
Download: 260.35 Mbit/s
Upload: 18.48 Mbit/s
Sun Dec  5 11:45:01 CET 2021
Ping: 23.686 ms
Download: 229.10 Mbit/s
Upload: 19.21 Mbit/s
Sun Dec  5 12:45:01 CET 2021
Ping: 24.675 ms
Download: 231.44 Mbit/s
Upload: 19.51 Mbit/s
Sun Dec  5 13:45:01 CET 2021
Ping: 23.598 ms
Download: 279.75 Mbit/s
Upload: 19.54 Mbit/s
Sun Dec  5 14:45:01 CET 2021
Ping: 24.219 ms
Download: 278.21 Mbit/s
Upload: 19.78 Mbit/s
Sun Dec  5 15:45:01 CET 2021
Ping: 26.208 ms
Download: 283.31 Mbit/s
Upload: 19.50 Mbit/s
Sun Dec  5 16:45:02 CET 2021
Ping: 24.059 ms
Download: 258.48 Mbit/s
Upload: 19.33 Mbit/s
Sun Dec  5 17:45:01 CET 2021
Ping: 24.701 ms
Download: 224.95 Mbit/s
Upload: 19.00 Mbit/s
Sun Dec  5 18:45:01 CET 2021
Ping: 26.539 ms
Download: 69.19 Mbit/s
Upload: 19.55 Mbit/s
Sun Dec  5 19:45:01 CET 2021
Ping: 26.768 ms
Download: 18.88 Mbit/s
Upload: 18.90 Mbit/s
Sun Dec  5 20:45:01 CET 2021
Ping: 25.144 ms
Download: 205.16 Mbit/s
Upload: 19.42 Mbit/s
Sun Dec  5 21:45:01 CET 2021
Ping: 23.509 ms
Download: 116.51 Mbit/s
Upload: 19.83 Mbit/s
Sun Dec  5 22:45:01 CET 2021
Ping: 25.312 ms
Download: 270.99 Mbit/s
Upload: 12.27 Mbit/s
Sun Dec  5 23:45:01 CET 2021
Ping: 23.831 ms
Download: 242.35 Mbit/s
Upload: 14.83 Mbit/s
Mon Dec  6 00:45:01 CET 2021
Ping: 19.315 ms
Download: 266.30 Mbit/s
Upload: 15.56 Mbit/s
Mon Dec  6 01:45:01 CET 2021
Ping: 18.365 ms
Download: 289.53 Mbit/s
Upload: 16.89 Mbit/s
Mon Dec  6 02:45:01 CET 2021
Ping: 21.665 ms
Download: 197.73 Mbit/s
Upload: 19.94 Mbit/s
Mon Dec  6 03:45:01 CET 2021
Ping: 21.978 ms
Download: 218.17 Mbit/s
Upload: 19.86 Mbit/s
Mon Dec  6 04:45:01 CET 2021
Ping: 21.184 ms
Download: 198.34 Mbit/s
Upload: 19.79 Mbit/s
Mon Dec  6 05:45:01 CET 2021
Ping: 22.838 ms
Download: 285.45 Mbit/s
Upload: 19.42 Mbit/s
Mon Dec  6 06:45:01 CET 2021
Ping: 24.834 ms
Download: 332.77 Mbit/s
Upload: 19.07 Mbit/s
Mon Dec  6 07:45:01 CET 2021
Ping: 24.637 ms
Download: 166.90 Mbit/s
Upload: 19.82 Mbit/s
Mon Dec  6 08:45:01 CET 2021
Ping: 24.971 ms
Download: 285.36 Mbit/s
Upload: 19.61 Mbit/s
Mon Dec  6 09:45:01 CET 2021
Ping: 24.048 ms
Download: 153.11 Mbit/s
Upload: 13.99 Mbit/s
Mon Dec  6 10:45:01 CET 2021
Ping: 22.937 ms
Download: 341.36 Mbit/s
Upload: 18.03 Mbit/s
Mon Dec  6 11:45:01 CET 2021
Ping: 24.355 ms
Download: 215.86 Mbit/s
Upload: 19.70 Mbit/s
Mon Dec  6 12:45:01 CET 2021
Ping: 25.665 ms
Download: 244.53 Mbit/s
Upload: 19.80 Mbit/s
Mon Dec  6 13:45:01 CET 2021
Ping: 25.994 ms
Download: 244.78 Mbit/s
Upload: 19.65 Mbit/s
Mon Dec  6 14:45:01 CET 2021
Ping: 21.359 ms
Download: 199.62 Mbit/s
Upload: 19.61 Mbit/s
Mon Dec  6 15:45:01 CET 2021
Ping: 25.141 ms
Download: 193.20 Mbit/s
Upload: 19.62 Mbit/s
Mon Dec  6 16:45:01 CET 2021
Ping: 22.167 ms
Download: 285.61 Mbit/s
Upload: 19.59 Mbit/s
Mon Dec  6 17:45:02 CET 2021
Ping: 23.239 ms
Download: 92.47 Mbit/s
Upload: 19.71 Mbit/s
Mon Dec  6 18:45:01 CET 2021
Ping: 24.651 ms
Download: 341.47 Mbit/s
Upload: 19.26 Mbit/s
Mon Dec  6 19:45:02 CET 2021
Ping: 23.052 ms
Download: 206.42 Mbit/s
Upload: 18.97 Mbit/s
Mon Dec  6 20:45:01 CET 2021
Ping: 23.645 ms
Download: 77.24 Mbit/s
Upload: 18.52 Mbit/s
Mon Dec  6 21:45:01 CET 2021
Ping: 25.488 ms
Download: 217.68 Mbit/s
Upload: 18.77 Mbit/s
Mon Dec  6 22:45:01 CET 2021
Ping: 24.125 ms
Download: 244.86 Mbit/s
Upload: 19.55 Mbit/s
Mon Dec  6 23:45:01 CET 2021
Ping: 25.038 ms
Download: 280.63 Mbit/s
Upload: 19.63 Mbit/s
Tue Dec  7 00:45:01 CET 2021
Ping: 22.306 ms
Download: 271.70 Mbit/s
Upload: 19.67 Mbit/s
Tue Dec  7 01:45:01 CET 2021
Ping: 21.684 ms
Download: 279.02 Mbit/s
Upload: 19.86 Mbit/s
Tue Dec  7 02:45:01 CET 2021
Ping: 21.779 ms
Download: 267.42 Mbit/s
Upload: 19.87 Mbit/s
Tue Dec  7 03:45:01 CET 2021
Ping: 22.702 ms
Download: 236.62 Mbit/s
Upload: 19.49 Mbit/s
Tue Dec  7 04:45:01 CET 2021
Ping: 22.188 ms
Download: 315.18 Mbit/s
Upload: 19.52 Mbit/s
Tue Dec  7 05:45:01 CET 2021
Ping: 20.866 ms
Download: 320.33 Mbit/s
Upload: 18.68 Mbit/s
Tue Dec  7 06:45:01 CET 2021
Ping: 22.009 ms
Download: 236.19 Mbit/s
Upload: 19.55 Mbit/s
Tue Dec  7 07:45:01 CET 2021
Ping: 19.111 ms
Download: 314.70 Mbit/s
Upload: 13.51 Mbit/s
Tue Dec  7 08:45:01 CET 2021
Ping: 19.165 ms
Download: 260.56 Mbit/s
Upload: 12.67 Mbit/s
Tue Dec  7 09:45:01 CET 2021
Ping: 24.78 ms
Download: 373.52 Mbit/s
Upload: 19.69 Mbit/s
Tue Dec  7 10:45:01 CET 2021
Ping: 23.004 ms
Download: 361.48 Mbit/s
Upload: 19.25 Mbit/s
Tue Dec  7 11:45:01 CET 2021
Ping: 25.478 ms
Download: 328.52 Mbit/s
Upload: 19.65 Mbit/s
Tue Dec  7 12:45:01 CET 2021
Ping: 25.23 ms
Download: 234.55 Mbit/s
Upload: 19.25 Mbit/s
Tue Dec  7 13:45:01 CET 2021
Ping: 23.391 ms
Download: 224.13 Mbit/s
Upload: 19.90 Mbit/s
Tue Dec  7 14:45:01 CET 2021
Ping: 23.106 ms
Download: 212.43 Mbit/s
Upload: 19.60 Mbit/s
Tue Dec  7 15:45:01 CET 2021
Ping: 24.524 ms
Download: 209.62 Mbit/s
Upload: 19.48 Mbit/s
Tue Dec  7 16:45:01 CET 2021
Ping: 22.763 ms
Download: 312.22 Mbit/s
Upload: 18.90 Mbit/s
Tue Dec  7 17:45:01 CET 2021
Ping: 22.093 ms
Download: 205.92 Mbit/s
Upload: 19.66 Mbit/s
Tue Dec  7 18:45:01 CET 2021
Ping: 24.548 ms
Download: 234.97 Mbit/s
Upload: 19.79 Mbit/s
Tue Dec  7 19:45:01 CET 2021
Ping: 22.856 ms
Download: 282.28 Mbit/s
Upload: 19.70 Mbit/s
Tue Dec  7 20:45:01 CET 2021
Ping: 25.7 ms
Download: 277.42 Mbit/s
Upload: 19.36 Mbit/s
Tue Dec  7 21:45:01 CET 2021
Ping: 29.77 ms
Download: 283.25 Mbit/s
Upload: 19.78 Mbit/s
Tue Dec  7 22:45:01 CET 2021
Ping: 26.732 ms
Download: 276.86 Mbit/s
Upload: 19.11 Mbit/s
Tue Dec  7 23:45:01 CET 2021
Ping: 27.683 ms
Download: 283.24 Mbit/s
Upload: 19.31 Mbit/s
Wed Dec  8 00:45:01 CET 2021
Ping: 23.015 ms
Download: 219.04 Mbit/s
Upload: 18.30 Mbit/s
Wed Dec  8 01:45:01 CET 2021
Ping: 23.645 ms
Download: 287.09 Mbit/s
Upload: 18.51 Mbit/s
Wed Dec  8 02:45:01 CET 2021
Ping: 23.469 ms
Download: 285.98 Mbit/s
Upload: 19.86 Mbit/s
Wed Dec  8 03:45:01 CET 2021
Ping: 24.322 ms
Download: 255.19 Mbit/s
Upload: 19.41 Mbit/s
Wed Dec  8 04:45:01 CET 2021
Ping: 24.471 ms
Download: 282.30 Mbit/s
Upload: 19.81 Mbit/s
Wed Dec  8 05:45:01 CET 2021
Ping: 23.678 ms
Download: 262.19 Mbit/s
Upload: 19.36 Mbit/s
Wed Dec  8 06:45:01 CET 2021
Ping: 22.331 ms
Download: 303.86 Mbit/s
Upload: 19.67 Mbit/s
Wed Dec  8 07:45:01 CET 2021
Ping: 20.972 ms
Download: 198.99 Mbit/s
Upload: 19.63 Mbit/s
Wed Dec  8 08:45:01 CET 2021
Ping: 21.835 ms
Download: 191.09 Mbit/s
Upload: 19.30 Mbit/s
Wed Dec  8 09:45:01 CET 2021
Ping: 23.83 ms
Download: 301.78 Mbit/s
Upload: 19.29 Mbit/s
Wed Dec  8 10:45:01 CET 2021
Ping: 26.142 ms
Download: 234.47 Mbit/s
Upload: 19.38 Mbit/s
Wed Dec  8 11:45:01 CET 2021
Ping: 25.799 ms
Download: 138.42 Mbit/s
Upload: 19.41 Mbit/s
Wed Dec  8 12:45:01 CET 2021
Ping: 27.591 ms
Download: 241.31 Mbit/s
Upload: 19.42 Mbit/s
Wed Dec  8 13:45:01 CET 2021
Ping: 25.607 ms
Download: 200.25 Mbit/s
Upload: 19.57 Mbit/s
Wed Dec  8 14:45:01 CET 2021
Ping: 27.599 ms
Download: 193.79 Mbit/s
Upload: 19.31 Mbit/s
Wed Dec  8 15:45:01 CET 2021
Ping: 25.768 ms
Download: 359.10 Mbit/s
Upload: 18.62 Mbit/s
Wed Dec  8 16:45:01 CET 2021
Ping: 26.353 ms
Download: 315.31 Mbit/s
Upload: 19.55 Mbit/s
Wed Dec  8 17:45:01 CET 2021
Ping: 24.505 ms
Download: 266.51 Mbit/s
Upload: 19.31 Mbit/s
Wed Dec  8 18:45:01 CET 2021
Ping: 24.25 ms
Download: 276.92 Mbit/s
Upload: 19.64 Mbit/s
Wed Dec  8 19:45:01 CET 2021
Ping: 25.182 ms
Download: 198.87 Mbit/s
Upload: 19.15 Mbit/s
Wed Dec  8 20:45:01 CET 2021
Ping: 25.591 ms
Download: 245.57 Mbit/s
Upload: 19.50 Mbit/s
Wed Dec  8 21:45:01 CET 2021
Ping: 25.74 ms
Download: 258.41 Mbit/s
Upload: 19.16 Mbit/s
Wed Dec  8 22:45:01 CET 2021
Ping: 24.491 ms
Download: 56.66 Mbit/s
Upload: 18.75 Mbit/s
Wed Dec  8 23:45:01 CET 2021
Ping: 25.996 ms
Download: 58.57 Mbit/s
Upload: 19.49 Mbit/s
Thu Dec  9 00:45:01 CET 2021
Ping: 25.6 ms
Download: 261.35 Mbit/s
Upload: 19.49 Mbit/s
Thu Dec  9 01:45:01 CET 2021
Ping: 25.634 ms
Download: 246.16 Mbit/s
Upload: 19.14 Mbit/s
Thu Dec  9 02:45:01 CET 2021
Ping: 24.147 ms
Download: 249.32 Mbit/s
Upload: 19.73 Mbit/s
Thu Dec  9 03:45:01 CET 2021
Ping: 26.788 ms
Download: 114.44 Mbit/s
Upload: 19.47 Mbit/s
Thu Dec  9 04:45:01 CET 2021
Ping: 28.702 ms
Download: 107.24 Mbit/s
Upload: 16.45 Mbit/s
Thu Dec  9 05:45:01 CET 2021
Ping: 27.143 ms
Download: 112.59 Mbit/s
Upload: 17.83 Mbit/s
Thu Dec  9 06:45:01 CET 2021
Ping: 23.28 ms
Download: 256.57 Mbit/s
Upload: 15.17 Mbit/s
Thu Dec  9 07:45:01 CET 2021
Ping: 24.157 ms
Download: 184.95 Mbit/s
Upload: 19.41 Mbit/s
Thu Dec  9 08:45:01 CET 2021
Ping: 20.452 ms
Download: 266.10 Mbit/s
Upload: 15.15 Mbit/s
Thu Dec  9 09:45:01 CET 2021
Ping: 24.175 ms
Download: 133.41 Mbit/s
Upload: 19.11 Mbit/s
Thu Dec  9 10:45:02 CET 2021
Ping: 23.01 ms
Download: 326.18 Mbit/s
Upload: 16.33 Mbit/s
Thu Dec  9 11:45:01 CET 2021
Ping: 25.037 ms
Download: 265.10 Mbit/s
Upload: 19.89 Mbit/s
Thu Dec  9 12:45:01 CET 2021
Ping: 22.652 ms
Download: 246.27 Mbit/s
Upload: 19.29 Mbit/s
Thu Dec  9 13:45:01 CET 2021
Ping: 24.013 ms
Download: 233.14 Mbit/s
Upload: 19.49 Mbit/s
Thu Dec  9 14:45:01 CET 2021
Ping: 22.592 ms
Download: 76.88 Mbit/s
Upload: 16.13 Mbit/s
Thu Dec  9 15:45:01 CET 2021
Ping: 26.141 ms
Download: 295.11 Mbit/s
Upload: 19.44 Mbit/s
Thu Dec  9 16:45:01 CET 2021
Ping: 26.087 ms
Download: 276.70 Mbit/s
Upload: 19.50 Mbit/s
Thu Dec  9 17:45:01 CET 2021
Ping: 25.814 ms
Download: 248.15 Mbit/s
Upload: 19.67 Mbit/s
Thu Dec  9 18:45:01 CET 2021
Ping: 25.138 ms
Download: 205.87 Mbit/s
Upload: 19.42 Mbit/s
Thu Dec  9 19:45:01 CET 2021
Ping: 24.422 ms
Download: 67.59 Mbit/s
Upload: 19.13 Mbit/s
Thu Dec  9 20:45:01 CET 2021
Ping: 24.248 ms
Download: 45.42 Mbit/s
Upload: 18.26 Mbit/s
Thu Dec  9 21:45:01 CET 2021
Ping: 25.768 ms
Download: 41.88 Mbit/s
Upload: 19.14 Mbit/s
Thu Dec  9 22:45:02 CET 2021
Ping: 23.433 ms
Download: 340.35 Mbit/s
Upload: 17.86 Mbit/s
Thu Dec  9 23:45:01 CET 2021
Ping: 25.189 ms
Download: 305.77 Mbit/s
Upload: 18.52 Mbit/s
Fri Dec 10 00:45:01 CET 2021
Ping: 22.642 ms
Download: 166.33 Mbit/s
Upload: 19.63 Mbit/s
Fri Dec 10 01:45:01 CET 2021
Ping: 21.834 ms
Download: 253.39 Mbit/s
Upload: 19.68 Mbit/s
Fri Dec 10 02:45:01 CET 2021
Ping: 21.895 ms
Download: 314.79 Mbit/s
Upload: 19.80 Mbit/s
Fri Dec 10 03:45:01 CET 2021
Ping: 22.345 ms
Download: 302.76 Mbit/s
Upload: 19.73 Mbit/s
Fri Dec 10 04:45:01 CET 2021
Ping: 23.691 ms
Download: 289.52 Mbit/s
Upload: 18.55 Mbit/s
Fri Dec 10 05:45:01 CET 2021
Ping: 22.841 ms
Download: 321.52 Mbit/s
Upload: 19.60 Mbit/s
Fri Dec 10 06:45:01 CET 2021
Ping: 24.248 ms
Download: 274.25 Mbit/s
Upload: 19.62 Mbit/s
Fri Dec 10 07:45:02 CET 2021
Ping: 24.694 ms
Download: 297.21 Mbit/s
Upload: 19.29 Mbit/s
Fri Dec 10 08:45:01 CET 2021
Ping: 23.174 ms
Download: 214.63 Mbit/s
Upload: 19.66 Mbit/s
Fri Dec 10 09:45:01 CET 2021
Ping: 24.643 ms
Download: 302.71 Mbit/s
Upload: 17.09 Mbit/s
Fri Dec 10 10:45:01 CET 2021
Ping: 22.854 ms
Download: 259.17 Mbit/s
Upload: 19.40 Mbit/s
Fri Dec 10 11:45:01 CET 2021
Ping: 24.734 ms
Download: 279.52 Mbit/s
Upload: 19.64 Mbit/s
Fri Dec 10 12:45:01 CET 2021
Ping: 24.34 ms
Download: 249.89 Mbit/s
Upload: 19.70 Mbit/s
Fri Dec 10 13:45:01 CET 2021
Ping: 24.495 ms
Download: 284.84 Mbit/s
Upload: 18.40 Mbit/s
Fri Dec 10 14:45:01 CET 2021
Ping: 22.453 ms
Download: 80.63 Mbit/s
Upload: 19.21 Mbit/s
Fri Dec 10 15:45:01 CET 2021
Ping: 24.337 ms
Download: 234.89 Mbit/s
Upload: 19.67 Mbit/s
Fri Dec 10 16:45:01 CET 2021
Ping: 23.63 ms
Download: 104.80 Mbit/s
Upload: 18.31 Mbit/s
Fri Dec 10 17:45:01 CET 2021
Ping: 25.208 ms
Download: 255.06 Mbit/s
Upload: 19.59 Mbit/s
Fri Dec 10 18:45:01 CET 2021
Ping: 25.018 ms
Download: 144.21 Mbit/s
Upload: 18.95 Mbit/s
Fri Dec 10 19:45:01 CET 2021
Ping: 23.033 ms
Download: 53.69 Mbit/s
Upload: 19.23 Mbit/s
Fri Dec 10 20:45:01 CET 2021
Ping: 21.758 ms
Download: 239.68 Mbit/s
Upload: 19.25 Mbit/s
Fri Dec 10 21:45:01 CET 2021
Ping: 22.185 ms
Download: 307.19 Mbit/s
Upload: 19.60 Mbit/s
Fri Dec 10 22:45:01 CET 2021
Ping: 21.242 ms
Download: 314.76 Mbit/s
Upload: 19.31 Mbit/s
Fri Dec 10 23:45:01 CET 2021
Ping: 24.995 ms
Download: 275.95 Mbit/s
Upload: 19.79 Mbit/s
Sat Dec 11 00:45:01 CET 2021
Ping: 22.17 ms
Download: 320.82 Mbit/s
Upload: 19.61 Mbit/s
Sat Dec 11 01:45:01 CET 2021
Ping: 24.939 ms
Download: 268.51 Mbit/s
Upload: 19.49 Mbit/s
Sat Dec 11 02:45:01 CET 2021
Ping: 23.532 ms
Download: 221.06 Mbit/s
Upload: 18.96 Mbit/s
Sat Dec 11 03:45:01 CET 2021
Ping: 24.847 ms
Download: 294.56 Mbit/s
Upload: 18.72 Mbit/s
Sat Dec 11 04:45:01 CET 2021
Ping: 23.358 ms
Download: 231.23 Mbit/s
Upload: 19.44 Mbit/s
Sat Dec 11 05:45:01 CET 2021
Ping: 24.146 ms
Download: 151.42 Mbit/s
Upload: 19.67 Mbit/s
Sat Dec 11 06:45:01 CET 2021
Ping: 23.151 ms
Download: 333.58 Mbit/s
Upload: 19.56 Mbit/s
Sat Dec 11 07:45:02 CET 2021
Ping: 22.824 ms
Download: 201.87 Mbit/s
Upload: 19.16 Mbit/s
Sat Dec 11 08:45:01 CET 2021
Ping: 24.665 ms
Download: 229.45 Mbit/s
Upload: 19.28 Mbit/s
Sat Dec 11 09:45:02 CET 2021
Ping: 22.84 ms
Download: 176.37 Mbit/s
Upload: 19.38 Mbit/s
Sat Dec 11 10:45:02 CET 2021
Ping: 21.563 ms
Download: 201.06 Mbit/s
Upload: 15.23 Mbit/s
Sat Dec 11 11:45:01 CET 2021
Ping: 22.148 ms
Download: 217.97 Mbit/s
Upload: 13.40 Mbit/s
Sat Dec 11 12:45:01 CET 2021
Ping: 23.481 ms
Download: 280.46 Mbit/s
Upload: 19.28 Mbit/s
Sat Dec 11 13:45:01 CET 2021
Ping: 28.486 ms
Download: 265.20 Mbit/s
Upload: 19.34 Mbit/s
Sat Dec 11 14:45:01 CET 2021
Ping: 23.931 ms
Download: 305.23 Mbit/s
Upload: 19.19 Mbit/s
Sat Dec 11 15:45:01 CET 2021
Ping: 24.945 ms
Download: 280.92 Mbit/s
Upload: 19.26 Mbit/s
Sat Dec 11 16:45:01 CET 2021
Ping: 26.287 ms
Download: 261.73 Mbit/s
Upload: 18.62 Mbit/s
Sat Dec 11 17:45:01 CET 2021
Ping: 26.409 ms
Download: 205.63 Mbit/s
Upload: 19.45 Mbit/s
Sat Dec 11 18:45:01 CET 2021
Ping: 25.422 ms
Download: 219.08 Mbit/s
Upload: 19.60 Mbit/s
Sat Dec 11 19:45:01 CET 2021
Ping: 24.516 ms
Download: 229.50 Mbit/s
Upload: 19.25 Mbit/s
Sat Dec 11 20:45:01 CET 2021
Ping: 24.479 ms
Download: 322.17 Mbit/s
Upload: 19.09 Mbit/s
Sat Dec 11 21:45:01 CET 2021
Ping: 24.494 ms
Download: 195.32 Mbit/s
Upload: 19.20 Mbit/s
Sat Dec 11 22:45:01 CET 2021
Ping: 25.157 ms
Download: 157.49 Mbit/s
Upload: 19.47 Mbit/s
Sat Dec 11 23:45:01 CET 2021
Ping: 23.963 ms
Download: 278.62 Mbit/s
Upload: 19.09 Mbit/s
Sun Dec 12 00:45:01 CET 2021
Ping: 24.496 ms
Download: 204.35 Mbit/s
Upload: 19.23 Mbit/s
Sun Dec 12 01:45:01 CET 2021
Ping: 23.609 ms
Download: 270.14 Mbit/s
Upload: 18.82 Mbit/s
Sun Dec 12 02:45:01 CET 2021
Ping: 24.49 ms
Download: 252.70 Mbit/s
Upload: 19.13 Mbit/s
Sun Dec 12 03:45:01 CET 2021
Ping: 26.794 ms
Download: 253.97 Mbit/s
Upload: 19.37 Mbit/s
Sun Dec 12 04:45:01 CET 2021
Ping: 22.664 ms
Download: 169.48 Mbit/s
Upload: 19.44 Mbit/s
Sun Dec 12 05:45:01 CET 2021
Ping: 22.222 ms
Download: 230.09 Mbit/s
Upload: 19.63 Mbit/s
Sun Dec 12 06:45:02 CET 2021
Ping: 21.967 ms
Download: 244.09 Mbit/s
Upload: 19.18 Mbit/s
Sun Dec 12 07:45:01 CET 2021
Ping: 24.346 ms
Download: 228.61 Mbit/s
Upload: 19.78 Mbit/s
Sun Dec 12 08:45:01 CET 2021
Ping: 24.622 ms
Download: 279.28 Mbit/s
Upload: 19.42 Mbit/s
Sun Dec 12 09:45:01 CET 2021
Ping: 24.378 ms
Download: 247.83 Mbit/s
Upload: 19.45 Mbit/s
Sun Dec 12 10:45:01 CET 2021
Ping: 22.875 ms
Download: 243.12 Mbit/s
Upload: 19.56 Mbit/s
Sun Dec 12 11:45:01 CET 2021
Ping: 23.297 ms
Download: 79.96 Mbit/s
Upload: 18.92 Mbit/s
Sun Dec 12 12:45:01 CET 2021
Ping: 23.137 ms
Download: 68.82 Mbit/s
Upload: 19.72 Mbit/s
Sun Dec 12 13:45:01 CET 2021
Ping: 24.971 ms
Download: 98.76 Mbit/s
Upload: 18.34 Mbit/s
Sun Dec 12 14:45:01 CET 2021
Ping: 22.462 ms
Download: 214.79 Mbit/s
Upload: 19.35 Mbit/s
Sun Dec 12 15:45:01 CET 2021
Ping: 24.111 ms
Download: 344.70 Mbit/s
Upload: 14.46 Mbit/s
Sun Dec 12 16:45:01 CET 2021
Ping: 23.247 ms
Download: 209.43 Mbit/s
Upload: 19.54 Mbit/s
Sun Dec 12 17:45:01 CET 2021
Ping: 24.104 ms
Download: 46.66 Mbit/s
Upload: 19.34 Mbit/s
Sun Dec 12 18:45:02 CET 2021
Ping: 24.928 ms
Download: 121.14 Mbit/s
Upload: 18.87 Mbit/s
Sun Dec 12 19:45:01 CET 2021
Ping: 28.248 ms
Download: 228.08 Mbit/s
Upload: 19.27 Mbit/s
Sun Dec 12 20:45:02 CET 2021
Ping: 21.47 ms
Download: 203.14 Mbit/s
Upload: 19.18 Mbit/s
Sun Dec 12 21:45:01 CET 2021
Ping: 18.712 ms
Download: 227.85 Mbit/s
Upload: 13.35 Mbit/s
Sun Dec 12 22:45:01 CET 2021
Ping: 22.151 ms
Download: 292.38 Mbit/s
Upload: 19.34 Mbit/s
Sun Dec 12 23:45:01 CET 2021
Ping: 23.855 ms
Download: 197.12 Mbit/s
Upload: 19.31 Mbit/s
Mon Dec 13 00:45:01 CET 2021
Ping: 22.527 ms
Download: 132.63 Mbit/s
Upload: 19.48 Mbit/s
Mon Dec 13 01:45:01 CET 2021
Ping: 23.648 ms
Download: 158.02 Mbit/s
Upload: 19.28 Mbit/s
Mon Dec 13 02:45:01 CET 2021
Ping: 24.974 ms
Download: 233.15 Mbit/s
Upload: 19.13 Mbit/s
Mon Dec 13 03:45:01 CET 2021
Ping: 24.632 ms
Download: 263.01 Mbit/s
Upload: 19.10 Mbit/s
Mon Dec 13 04:45:01 CET 2021
Ping: 24.492 ms
Download: 238.96 Mbit/s
Upload: 19.28 Mbit/s
Mon Dec 13 05:45:01 CET 2021
Ping: 21.97 ms
Download: 300.99 Mbit/s
Upload: 19.73 Mbit/s
Mon Dec 13 06:45:01 CET 2021
Ping: 23.831 ms
Download: 279.00 Mbit/s
Upload: 19.80 Mbit/s
Mon Dec 13 07:45:01 CET 2021
Ping: 22.821 ms
Download: 299.45 Mbit/s
Upload: 19.56 Mbit/s
Mon Dec 13 08:45:01 CET 2021
Ping: 23.903 ms
Download: 268.37 Mbit/s
Upload: 19.73 Mbit/s
Mon Dec 13 09:45:01 CET 2021
Ping: 25.173 ms
Download: 268.05 Mbit/s
Upload: 18.50 Mbit/s
Mon Dec 13 10:45:01 CET 2021
Ping: 24.866 ms
Download: 295.67 Mbit/s
Upload: 19.30 Mbit/s
Mon Dec 13 11:45:01 CET 2021
Ping: 23.12 ms
Download: 112.09 Mbit/s
Upload: 19.61 Mbit/s
Mon Dec 13 12:45:01 CET 2021
Ping: 24.483 ms
Download: 107.71 Mbit/s
Upload: 18.35 Mbit/s
Mon Dec 13 13:45:01 CET 2021
Ping: 24.83 ms
Download: 273.70 Mbit/s
Upload: 19.15 Mbit/s
Mon Dec 13 14:45:01 CET 2021
Ping: 26.351 ms
Download: 248.86 Mbit/s
Upload: 19.33 Mbit/s
Mon Dec 13 15:45:01 CET 2021
Ping: 24.466 ms
Download: 213.42 Mbit/s
Upload: 19.70 Mbit/s
Mon Dec 13 16:45:01 CET 2021
Ping: 25.291 ms
Download: 200.96 Mbit/s
Upload: 19.65 Mbit/s
Mon Dec 13 17:45:01 CET 2021
Ping: 25.844 ms
Download: 314.61 Mbit/s
Upload: 14.16 Mbit/s
Mon Dec 13 18:45:01 CET 2021
Ping: 23.785 ms
Download: 249.23 Mbit/s
Upload: 19.46 Mbit/s
Mon Dec 13 19:45:01 CET 2021
Ping: 22.863 ms
Download: 342.20 Mbit/s
Upload: 19.37 Mbit/s
Mon Dec 13 20:45:01 CET 2021
Ping: 24.501 ms
Download: 326.58 Mbit/s
Upload: 13.10 Mbit/s
Mon Dec 13 21:45:01 CET 2021
Ping: 24.128 ms
Download: 344.92 Mbit/s
Upload: 18.29 Mbit/s
Mon Dec 13 22:45:01 CET 2021
Ping: 25.511 ms
Download: 210.96 Mbit/s
Upload: 19.26 Mbit/s
Mon Dec 13 23:45:01 CET 2021
Ping: 26.255 ms
Download: 47.13 Mbit/s
Upload: 19.68 Mbit/s
Tue Dec 14 00:45:01 CET 2021
Ping: 25.387 ms
Download: 76.90 Mbit/s
Upload: 18.65 Mbit/s
Tue Dec 14 01:45:01 CET 2021
Ping: 25.05 ms
Download: 85.23 Mbit/s
Upload: 19.69 Mbit/s
Tue Dec 14 02:45:01 CET 2021
Ping: 20.726 ms
Download: 331.47 Mbit/s
Upload: 19.12 Mbit/s
Tue Dec 14 03:45:01 CET 2021
Ping: 23.636 ms
Download: 365.97 Mbit/s
Upload: 19.07 Mbit/s
Tue Dec 14 04:45:01 CET 2021
Ping: 22.624 ms
Download: 92.68 Mbit/s
Upload: 19.37 Mbit/s
Tue Dec 14 05:45:01 CET 2021
Ping: 23.587 ms
Download: 254.73 Mbit/s
Upload: 14.59 Mbit/s
Tue Dec 14 06:45:01 CET 2021
Ping: 24.688 ms
Download: 265.53 Mbit/s
Upload: 16.01 Mbit/s
Tue Dec 14 07:45:01 CET 2021
Ping: 25.456 ms
Download: 305.03 Mbit/s
Upload: 19.52 Mbit/s
Tue Dec 14 08:45:01 CET 2021
Ping: 23.091 ms
Download: 247.44 Mbit/s
Upload: 14.08 Mbit/s
Tue Dec 14 09:45:01 CET 2021
Ping: 18.958 ms
Download: 255.34 Mbit/s
Upload: 13.26 Mbit/s
Tue Dec 14 10:45:01 CET 2021
Ping: 19.323 ms
Download: 296.65 Mbit/s
Upload: 13.47 Mbit/s
Tue Dec 14 11:45:01 CET 2021
Ping: 19.304 ms
Download: 333.42 Mbit/s
Upload: 19.77 Mbit/s
Tue Dec 14 12:45:01 CET 2021
Ping: 22.381 ms
Download: 257.40 Mbit/s
Upload: 19.64 Mbit/s
Tue Dec 14 13:45:01 CET 2021
Ping: 21.291 ms
Download: 269.75 Mbit/s
Upload: 19.74 Mbit/s
Tue Dec 14 14:45:01 CET 2021
Ping: 23.529 ms
Download: 260.82 Mbit/s
Upload: 15.25 Mbit/s
Tue Dec 14 15:45:01 CET 2021
Ping: 22.481 ms
Download: 328.58 Mbit/s
Upload: 19.52 Mbit/s
Tue Dec 14 16:45:01 CET 2021
Ping: 24.019 ms
Download: 310.16 Mbit/s
Upload: 19.28 Mbit/s
Tue Dec 14 17:45:01 CET 2021
Ping: 24.469 ms
Download: 243.78 Mbit/s
Upload: 14.44 Mbit/s
Tue Dec 14 18:45:01 CET 2021
Ping: 22.614 ms
Download: 286.06 Mbit/s
Upload: 16.67 Mbit/s
Tue Dec 14 19:45:02 CET 2021
Ping: 23.462 ms
Download: 298.96 Mbit/s
Upload: 13.45 Mbit/s
Tue Dec 14 20:45:01 CET 2021
Ping: 24.555 ms
Download: 191.74 Mbit/s
Upload: 18.68 Mbit/s
Tue Dec 14 21:45:01 CET 2021
Ping: 26.079 ms
Download: 209.23 Mbit/s
Upload: 18.83 Mbit/s
Tue Dec 14 22:45:01 CET 2021
Ping: 25.643 ms
Download: 215.20 Mbit/s
Upload: 19.70 Mbit/s
Tue Dec 14 23:45:01 CET 2021
Ping: 23.671 ms
Download: 263.03 Mbit/s
Upload: 19.77 Mbit/s
Wed Dec 15 00:45:02 CET 2021
Ping: 23.058 ms
Download: 285.16 Mbit/s
Upload: 19.54 Mbit/s
Wed Dec 15 01:45:01 CET 2021
Ping: 21.849 ms
Download: 280.59 Mbit/s
Upload: 19.90 Mbit/s
Wed Dec 15 02:45:01 CET 2021
Ping: 20.849 ms
Download: 284.77 Mbit/s
Upload: 19.60 Mbit/s
Wed Dec 15 03:45:02 CET 2021
Ping: 21.408 ms
Download: 300.96 Mbit/s
Upload: 19.77 Mbit/s
Wed Dec 15 04:45:01 CET 2021
Ping: 21.215 ms
Download: 291.98 Mbit/s
Upload: 19.83 Mbit/s
Wed Dec 15 05:45:01 CET 2021
Ping: 25.608 ms
Download: 255.95 Mbit/s
Upload: 15.53 Mbit/s
Wed Dec 15 06:45:01 CET 2021
Ping: 26.473 ms
Download: 107.27 Mbit/s
Upload: 19.75 Mbit/s
Wed Dec 15 07:45:01 CET 2021
Ping: 25.63 ms
Download: 101.30 Mbit/s
Upload: 19.70 Mbit/s
Wed Dec 15 08:45:01 CET 2021
Ping: 24.249 ms
Download: 191.73 Mbit/s
Upload: 19.67 Mbit/s
Wed Dec 15 09:45:01 CET 2021
Ping: 25.88 ms
Download: 250.96 Mbit/s
Upload: 18.91 Mbit/s
Wed Dec 15 10:45:01 CET 2021
Ping: 25.88 ms
Download: 203.12 Mbit/s
Upload: 19.51 Mbit/s
Wed Dec 15 11:45:01 CET 2021
Ping: 26.453 ms
Download: 222.33 Mbit/s
Upload: 19.89 Mbit/s
Wed Dec 15 12:45:01 CET 2021
Ping: 25.051 ms
Download: 226.49 Mbit/s
Upload: 19.41 Mbit/s
Wed Dec 15 13:45:01 CET 2021
Ping: 26.022 ms
Download: 213.26 Mbit/s
Upload: 19.39 Mbit/s
Wed Dec 15 14:45:01 CET 2021
Ping: 24.763 ms
Download: 219.34 Mbit/s
Upload: 19.76 Mbit/s
Wed Dec 15 15:45:01 CET 2021
Ping: 24.667 ms
Download: 174.62 Mbit/s
Upload: 19.39 Mbit/s
Wed Dec 15 16:45:01 CET 2021
Ping: 24.337 ms
Download: 230.38 Mbit/s
Upload: 19.67 Mbit/s
Wed Dec 15 17:45:01 CET 2021
Ping: 22.12 ms
Download: 280.87 Mbit/s
Upload: 19.29 Mbit/s
Wed Dec 15 18:45:01 CET 2021
Ping: 23.678 ms
Download: 261.32 Mbit/s
Upload: 19.47 Mbit/s
Wed Dec 15 19:45:01 CET 2021
Ping: 22.713 ms
Download: 263.78 Mbit/s
Upload: 18.92 Mbit/s
Wed Dec 15 20:45:01 CET 2021
Ping: 25.076 ms
Download: 306.22 Mbit/s
Upload: 19.07 Mbit/s
Wed Dec 15 21:45:01 CET 2021
Ping: 22.886 ms
Download: 308.90 Mbit/s
Upload: 19.14 Mbit/s
Wed Dec 15 22:45:01 CET 2021
Ping: 21.698 ms
Download: 194.58 Mbit/s
Upload: 14.12 Mbit/s
Wed Dec 15 23:45:01 CET 2021
Ping: 24.48 ms
Download: 360.74 Mbit/s
Upload: 19.73 Mbit/s
Thu Dec 16 00:45:01 CET 2021
Ping: 21.835 ms
Download: 274.76 Mbit/s
Upload: 19.68 Mbit/s
Thu Dec 16 01:45:01 CET 2021
Ping: 23.884 ms
Download: 300.41 Mbit/s
Upload: 14.84 Mbit/s
Thu Dec 16 02:45:01 CET 2021
Ping: 21.993 ms
Download: 222.10 Mbit/s
Upload: 19.43 Mbit/s
Thu Dec 16 03:45:01 CET 2021
Ping: 24.334 ms
Download: 249.03 Mbit/s
Upload: 19.32 Mbit/s
Thu Dec 16 04:45:01 CET 2021
Ping: 24.089 ms
Download: 58.14 Mbit/s
Upload: 18.94 Mbit/s
Thu Dec 16 05:45:01 CET 2021
Ping: 23.667 ms
Download: 63.32 Mbit/s
Upload: 19.71 Mbit/s
Thu Dec 16 06:45:01 CET 2021
Ping: 23.825 ms
Download: 161.36 Mbit/s
Upload: 19.60 Mbit/s
Thu Dec 16 07:45:01 CET 2021
Ping: 23.826 ms
Download: 212.40 Mbit/s
Upload: 19.31 Mbit/s
Thu Dec 16 08:45:01 CET 2021
Ping: 25.158 ms
Download: 282.77 Mbit/s
Upload: 19.15 Mbit/s
Thu Dec 16 09:45:01 CET 2021
Ping: 23.013 ms
Download: 267.49 Mbit/s
Upload: 19.80 Mbit/s
Thu Dec 16 10:45:01 CET 2021
Ping: 19.65 ms
Download: 304.87 Mbit/s
Upload: 13.08 Mbit/s
Thu Dec 16 11:45:01 CET 2021
Ping: 20.174 ms
Download: 246.89 Mbit/s
Upload: 14.63 Mbit/s
Thu Dec 16 12:45:01 CET 2021
Ping: 25.356 ms
Download: 246.40 Mbit/s
Upload: 19.47 Mbit/s
Thu Dec 16 13:45:01 CET 2021
Ping: 24.98 ms
Download: 291.06 Mbit/s
Upload: 18.66 Mbit/s
Thu Dec 16 14:45:01 CET 2021
Ping: 24.48 ms
Download: 138.94 Mbit/s
Upload: 19.28 Mbit/s
Thu Dec 16 15:45:01 CET 2021
Ping: 24.051 ms
Download: 80.95 Mbit/s
Upload: 18.14 Mbit/s
Thu Dec 16 16:45:01 CET 2021
Ping: 24.809 ms
Download: 261.42 Mbit/s
Upload: 16.15 Mbit/s
Thu Dec 16 17:45:01 CET 2021
Ping: 23.173 ms
Download: 90.64 Mbit/s
Upload: 19.53 Mbit/s
Thu Dec 16 18:45:01 CET 2021
Ping: 21.036 ms
Download: 287.21 Mbit/s
Upload: 13.72 Mbit/s
Thu Dec 16 19:45:01 CET 2021
Ping: 19.655 ms
Download: 260.30 Mbit/s
Upload: 14.95 Mbit/s
Thu Dec 16 20:45:01 CET 2021
Ping: 21.318 ms
Download: 263.30 Mbit/s
Upload: 16.15 Mbit/s
Thu Dec 16 21:45:01 CET 2021
Ping: 23.054 ms
Download: 255.83 Mbit/s
Upload: 19.46 Mbit/s
Thu Dec 16 22:45:01 CET 2021
Ping: 22.532 ms
Download: 341.01 Mbit/s
Upload: 19.51 Mbit/s
Thu Dec 16 23:45:01 CET 2021
Ping: 23.329 ms
Download: 195.64 Mbit/s
Upload: 19.61 Mbit/s
Fri Dec 17 00:45:01 CET 2021
Ping: 23.788 ms
Download: 76.36 Mbit/s
Upload: 19.61 Mbit/s
Fri Dec 17 01:45:02 CET 2021
Ping: 22.417 ms
Download: 297.36 Mbit/s
Upload: 19.29 Mbit/s
Fri Dec 17 02:45:01 CET 2021
Ping: 19.35 ms
Download: 304.07 Mbit/s
Upload: 14.64 Mbit/s
Fri Dec 17 03:45:01 CET 2021
Ping: 25.976 ms
Download: 246.67 Mbit/s
Upload: 19.47 Mbit/s
Fri Dec 17 04:45:02 CET 2021
Ping: 22.677 ms
Download: 252.96 Mbit/s
Upload: 19.72 Mbit/s
Fri Dec 17 05:45:01 CET 2021
Ping: 18.975 ms
Download: 247.37 Mbit/s
Upload: 15.79 Mbit/s
Fri Dec 17 06:45:01 CET 2021
Ping: 23.215 ms
Download: 62.64 Mbit/s
Upload: 19.46 Mbit/s
Fri Dec 17 07:45:01 CET 2021
Ping: 23.952 ms
Download: 83.05 Mbit/s
Upload: 19.62 Mbit/s
Fri Dec 17 08:45:01 CET 2021
Ping: 25.436 ms
Download: 217.17 Mbit/s
Upload: 16.41 Mbit/s
Fri Dec 17 09:45:01 CET 2021
Ping: 23.841 ms
Download: 87.58 Mbit/s
Upload: 19.52 Mbit/s
Fri Dec 17 10:45:01 CET 2021
Ping: 23.623 ms
Download: 377.07 Mbit/s
Upload: 19.62 Mbit/s
Fri Dec 17 11:45:01 CET 2021
Ping: 24.497 ms
Download: 304.44 Mbit/s
Upload: 19.75 Mbit/s
Fri Dec 17 12:45:01 CET 2021
Ping: 25.454 ms
Download: 242.48 Mbit/s
Upload: 18.91 Mbit/s
Fri Dec 17 13:45:01 CET 2021
Ping: 23.92 ms
Download: 96.29 Mbit/s
Upload: 18.85 Mbit/s
Fri Dec 17 14:45:01 CET 2021
Ping: 24.538 ms
Download: 286.89 Mbit/s
Upload: 19.64 Mbit/s
Fri Dec 17 15:45:01 CET 2021
Ping: 24.137 ms
Download: 278.33 Mbit/s
Upload: 19.13 Mbit/s
Fri Dec 17 16:45:01 CET 2021
Ping: 24.668 ms
Download: 111.43 Mbit/s
Upload: 19.77 Mbit/s
Fri Dec 17 17:45:01 CET 2021
Ping: 24.103 ms
Download: 281.14 Mbit/s
Upload: 19.67 Mbit/s
Fri Dec 17 18:45:01 CET 2021
Ping: 22.37 ms
Download: 299.90 Mbit/s
Upload: 11.41 Mbit/s
Fri Dec 17 19:45:01 CET 2021
Ping: 24.584 ms
Download: 330.24 Mbit/s
Upload: 19.28 Mbit/s
Fri Dec 17 20:45:01 CET 2021
Ping: 25.011 ms
Download: 249.72 Mbit/s
Upload: 15.71 Mbit/s
Fri Dec 17 21:45:01 CET 2021
Ping: 24.476 ms
Download: 243.52 Mbit/s
Upload: 16.85 Mbit/s
Fri Dec 17 22:45:01 CET 2021
Ping: 23.663 ms
Download: 50.27 Mbit/s
Upload: 19.48 Mbit/s
Fri Dec 17 23:45:01 CET 2021
Ping: 21.817 ms
Download: 347.80 Mbit/s
Upload: 17.70 Mbit/s
Sat Dec 18 00:45:01 CET 2021
Ping: 25.06 ms
Download: 210.77 Mbit/s
Upload: 19.64 Mbit/s
Sat Dec 18 01:45:01 CET 2021
Ping: 23.906 ms
Download: 214.21 Mbit/s
Upload: 18.80 Mbit/s
Sat Dec 18 02:45:01 CET 2021
Ping: 24.811 ms
Download: 223.29 Mbit/s
Upload: 19.38 Mbit/s
Sat Dec 18 03:45:01 CET 2021
Ping: 24.313 ms
Download: 181.90 Mbit/s
Upload: 19.52 Mbit/s
Sat Dec 18 04:45:01 CET 2021
Ping: 22.024 ms
Download: 185.64 Mbit/s
Upload: 19.64 Mbit/s
Sat Dec 18 05:45:01 CET 2021
Ping: 22.165 ms
Download: 268.81 Mbit/s
Upload: 19.50 Mbit/s
Sat Dec 18 06:45:01 CET 2021
Ping: 22.522 ms
Download: 331.14 Mbit/s
Upload: 19.48 Mbit/s
Sat Dec 18 07:45:01 CET 2021
Ping: 25.795 ms
Download: 237.61 Mbit/s
Upload: 19.68 Mbit/s
Sat Dec 18 08:45:02 CET 2021
Ping: 23.421 ms
Download: 107.25 Mbit/s
Upload: 19.06 Mbit/s
Sat Dec 18 09:45:01 CET 2021
Ping: 23.121 ms
Download: 182.10 Mbit/s
Upload: 18.78 Mbit/s
Sat Dec 18 10:45:01 CET 2021
Ping: 29.838 ms
Download: 107.42 Mbit/s
Upload: 19.31 Mbit/s
Sat Dec 18 11:45:01 CET 2021
Ping: 24.509 ms
Download: 122.71 Mbit/s
Upload: 19.62 Mbit/s
Sat Dec 18 12:45:01 CET 2021
Ping: 24.272 ms
Download: 120.91 Mbit/s
Upload: 19.55 Mbit/s
Sat Dec 18 13:45:01 CET 2021
Ping: 22.233 ms
Download: 23.92 Mbit/s
Upload: 15.02 Mbit/s
Sat Dec 18 14:45:01 CET 2021
Ping: 23.724 ms
Download: 20.47 Mbit/s
Upload: 12.22 Mbit/s
Sat Dec 18 15:45:01 CET 2021
Ping: 21.378 ms
Download: 217.42 Mbit/s
Upload: 19.34 Mbit/s
Sat Dec 18 16:45:01 CET 2021
Ping: 20.954 ms
Download: 257.09 Mbit/s
Upload: 19.62 Mbit/s
Sat Dec 18 17:45:01 CET 2021
Ping: 21.585 ms
Download: 113.83 Mbit/s
Upload: 19.49 Mbit/s
Sat Dec 18 18:45:01 CET 2021
Ping: 22.646 ms
Download: 141.10 Mbit/s
Upload: 19.70 Mbit/s
Sat Dec 18 19:45:01 CET 2021
Ping: 22.543 ms
Download: 294.26 Mbit/s
Upload: 19.63 Mbit/s
Sat Dec 18 20:45:01 CET 2021
Ping: 23.255 ms
Download: 250.53 Mbit/s
Upload: 19.80 Mbit/s
Sat Dec 18 21:45:01 CET 2021
Ping: 24.141 ms
Download: 223.98 Mbit/s
Upload: 19.71 Mbit/s
Sat Dec 18 22:45:01 CET 2021
Ping: 22.134 ms
Download: 45.40 Mbit/s
Upload: 19.50 Mbit/s
Sat Dec 18 23:45:01 CET 2021
Ping: 19.681 ms
Download: 314.48 Mbit/s
Upload: 17.91 Mbit/s
Sun Dec 19 00:45:01 CET 2021
Ping: 18.53 ms
Download: 295.78 Mbit/s
Upload: 18.34 Mbit/s
Sun Dec 19 01:45:01 CET 2021
Ping: 24.45 ms
Download: 201.82 Mbit/s
Upload: 16.26 Mbit/s
Sun Dec 19 02:45:01 CET 2021
Ping: 24.07 ms
Download: 272.08 Mbit/s
Upload: 19.49 Mbit/s
Sun Dec 19 03:45:01 CET 2021
Ping: 24.972 ms
Download: 226.46 Mbit/s
Upload: 19.00 Mbit/s
Sun Dec 19 04:45:01 CET 2021
Ping: 24.679 ms
Download: 319.72 Mbit/s
Upload: 17.94 Mbit/s
Sun Dec 19 05:45:02 CET 2021
Ping: 24.028 ms
Download: 274.51 Mbit/s
Upload: 18.84 Mbit/s
Sun Dec 19 06:45:01 CET 2021
Ping: 25.64 ms
Download: 246.89 Mbit/s
Upload: 18.94 Mbit/s
Sun Dec 19 07:45:01 CET 2021
Ping: 23.629 ms
Download: 279.23 Mbit/s
Upload: 14.51 Mbit/s
Sun Dec 19 08:45:01 CET 2021
Ping: 24.486 ms
Download: 351.48 Mbit/s
Upload: 18.90 Mbit/s
Sun Dec 19 09:45:01 CET 2021
Ping: 23.448 ms
Download: 19.21 Mbit/s
Upload: 15.61 Mbit/s
Sun Dec 19 10:45:01 CET 2021
Ping: 24.663 ms
Download: 239.62 Mbit/s
Upload: 18.38 Mbit/s
Sun Dec 19 11:45:01 CET 2021
Ping: 24.323 ms
Download: 174.81 Mbit/s
Upload: 19.38 Mbit/s
Sun Dec 19 12:45:01 CET 2021
Ping: 24.145 ms
Download: 62.02 Mbit/s
Upload: 19.18 Mbit/s
Sun Dec 19 13:45:01 CET 2021
Ping: 22.585 ms
Download: 291.82 Mbit/s
Upload: 15.64 Mbit/s
Sun Dec 19 14:45:01 CET 2021
Ping: 23.57 ms
Download: 347.96 Mbit/s
Upload: 19.45 Mbit/s
Sun Dec 19 15:45:01 CET 2021
Ping: 17.516 ms
Download: 277.93 Mbit/s
Upload: 15.05 Mbit/s
Sun Dec 19 16:45:01 CET 2021
Ping: 26.344 ms
Download: 150.51 Mbit/s
Upload: 19.56 Mbit/s
Sun Dec 19 17:45:01 CET 2021
Ping: 24.642 ms
Download: 268.47 Mbit/s
Upload: 19.21 Mbit/s
Sun Dec 19 18:45:02 CET 2021
Ping: 23.913 ms
Download: 262.43 Mbit/s
Upload: 18.51 Mbit/s
Sun Dec 19 19:45:01 CET 2021
Ping: 25.485 ms
Download: 231.64 Mbit/s
Upload: 19.59 Mbit/s
Sun Dec 19 20:45:01 CET 2021
Ping: 24.311 ms
Download: 207.59 Mbit/s
Upload: 19.76 Mbit/s
Sun Dec 19 21:45:01 CET 2021
Ping: 24.974 ms
Download: 264.30 Mbit/s
Upload: 19.68 Mbit/s
Sun Dec 19 22:45:01 CET 2021
Ping: 24.501 ms
Download: 312.41 Mbit/s
Upload: 13.94 Mbit/s
Sun Dec 19 23:45:01 CET 2021
Ping: 23.492 ms
Download: 325.42 Mbit/s
Upload: 17.50 Mbit/s
Mon Dec 20 00:45:01 CET 2021
Ping: 23.354 ms
Download: 290.19 Mbit/s
Upload: 19.08 Mbit/s
Mon Dec 20 01:45:01 CET 2021
Ping: 24.96 ms
Download: 349.06 Mbit/s
Upload: 19.49 Mbit/s
Mon Dec 20 02:45:01 CET 2021
Ping: 22.058 ms
Download: 206.33 Mbit/s
Upload: 19.13 Mbit/s
Mon Dec 20 03:45:02 CET 2021
Ping: 20.973 ms
Download: 337.80 Mbit/s
Upload: 14.14 Mbit/s
Mon Dec 20 04:45:01 CET 2021
Ping: 22.15 ms
Download: 239.13 Mbit/s
Upload: 19.76 Mbit/s
Mon Dec 20 05:45:01 CET 2021
Ping: 21.374 ms
Download: 258.96 Mbit/s
Upload: 19.61 Mbit/s
Mon Dec 20 06:45:01 CET 2021
Ping: 22.16 ms
Download: 308.21 Mbit/s
Upload: 19.64 Mbit/s
Mon Dec 20 07:45:01 CET 2021
Ping: 25.492 ms
Download: 207.57 Mbit/s
Upload: 19.48 Mbit/s
Mon Dec 20 08:45:01 CET 2021
Ping: 27.99 ms
Download: 222.05 Mbit/s
Upload: 17.89 Mbit/s
Mon Dec 20 09:45:01 CET 2021
Ping: 25.019 ms
Download: 209.08 Mbit/s
Upload: 19.36 Mbit/s
Mon Dec 20 10:45:01 CET 2021
Ping: 23.208 ms
Download: 256.80 Mbit/s
Upload: 18.90 Mbit/s
Mon Dec 20 11:45:01 CET 2021
Ping: 22.517 ms
Download: 181.58 Mbit/s
Upload: 18.96 Mbit/s
Mon Dec 20 12:45:01 CET 2021
Ping: 22.811 ms
Download: 255.84 Mbit/s
Upload: 19.56 Mbit/s
Mon Dec 20 13:45:01 CET 2021
Ping: 28.921 ms
Download: 223.58 Mbit/s
Upload: 17.87 Mbit/s
Mon Dec 20 14:45:01 CET 2021
Ping: 24.407 ms
Download: 262.39 Mbit/s
Upload: 18.86 Mbit/s
Mon Dec 20 15:45:01 CET 2021
Ping: 28.709 ms
Download: 287.65 Mbit/s
Upload: 18.84 Mbit/s
Mon Dec 20 16:45:01 CET 2021
Ping: 27.681 ms
Download: 282.85 Mbit/s
Upload: 19.11 Mbit/s
Mon Dec 20 17:45:01 CET 2021
Ping: 23.133 ms
Download: 353.76 Mbit/s
Upload: 14.43 Mbit/s
Mon Dec 20 18:45:01 CET 2021
Ping: 23.606 ms
Download: 247.75 Mbit/s
Upload: 18.69 Mbit/s
Mon Dec 20 19:45:01 CET 2021
Ping: 22.355 ms
Download: 188.48 Mbit/s
Upload: 19.13 Mbit/s
Mon Dec 20 20:45:01 CET 2021
Ping: 21.376 ms
Download: 120.91 Mbit/s
Upload: 19.34 Mbit/s
Mon Dec 20 21:45:01 CET 2021
Ping: 23.875 ms
Download: 170.74 Mbit/s
Upload: 19.58 Mbit/s
Mon Dec 20 22:45:02 CET 2021
Ping: 26.767 ms
Download: 298.00 Mbit/s
Upload: 19.38 Mbit/s
Mon Dec 20 23:45:01 CET 2021
Ping: 26.093 ms
Download: 266.92 Mbit/s
Upload: 18.82 Mbit/s
Tue Dec 21 00:45:01 CET 2021
Ping: 25.476 ms
Download: 288.94 Mbit/s
Upload: 19.07 Mbit/s
Tue Dec 21 01:45:01 CET 2021
Ping: 22.341 ms
Download: 162.55 Mbit/s
Upload: 19.72 Mbit/s
Tue Dec 21 02:45:01 CET 2021
Ping: 22.842 ms
Download: 216.31 Mbit/s
Upload: 19.60 Mbit/s
Tue Dec 21 03:45:01 CET 2021
Ping: 23.098 ms
Download: 61.79 Mbit/s
Upload: 19.85 Mbit/s
Tue Dec 21 04:45:02 CET 2021
Ping: 24.562 ms
Download: 259.51 Mbit/s
Upload: 19.20 Mbit/s
Tue Dec 21 05:45:01 CET 2021
Ping: 23.902 ms
Download: 246.67 Mbit/s
Upload: 17.17 Mbit/s
Tue Dec 21 06:45:01 CET 2021
Ping: 23.796 ms
Download: 315.64 Mbit/s
Upload: 19.66 Mbit/s
Tue Dec 21 07:45:01 CET 2021
Ping: 24.241 ms
Download: 336.68 Mbit/s
Upload: 16.56 Mbit/s
Tue Dec 21 08:45:01 CET 2021
Ping: 24.842 ms
Download: 281.08 Mbit/s
Upload: 17.19 Mbit/s
Tue Dec 21 09:45:01 CET 2021
Ping: 24.573 ms
Download: 265.28 Mbit/s
Upload: 17.29 Mbit/s
Tue Dec 21 10:45:01 CET 2021
Ping: 26.318 ms
Download: 219.01 Mbit/s
Upload: 18.76 Mbit/s
Tue Dec 21 11:45:01 CET 2021
Ping: 25.856 ms
Download: 233.33 Mbit/s
Upload: 19.66 Mbit/s
Tue Dec 21 12:45:01 CET 2021
Ping: 26.518 ms
Download: 325.70 Mbit/s
Upload: 19.23 Mbit/s
Tue Dec 21 13:45:01 CET 2021
Ping: 22.576 ms
Download: 235.60 Mbit/s
Upload: 16.38 Mbit/s
Tue Dec 21 14:45:01 CET 2021
Ping: 20.895 ms
Download: 306.52 Mbit/s
Upload: 14.92 Mbit/s
Tue Dec 21 15:45:01 CET 2021
Ping: 26.636 ms
Download: 235.86 Mbit/s
Upload: 15.05 Mbit/s
Tue Dec 21 16:45:01 CET 2021
Ping: 23.954 ms
Download: 271.99 Mbit/s
Upload: 19.25 Mbit/s
Tue Dec 21 17:45:01 CET 2021
Ping: 24.884 ms
Download: 249.09 Mbit/s
Upload: 18.93 Mbit/s
Tue Dec 21 18:45:01 CET 2021
Ping: 23.391 ms
Download: 370.81 Mbit/s
Upload: 19.39 Mbit/s
Tue Dec 21 19:45:01 CET 2021
Ping: 23.121 ms
Download: 235.29 Mbit/s
Upload: 14.51 Mbit/s
Tue Dec 21 20:45:01 CET 2021
Ping: 24.977 ms
Download: 222.65 Mbit/s
Upload: 15.91 Mbit/s
Tue Dec 21 21:45:01 CET 2021
Ping: 24.653 ms
Download: 348.47 Mbit/s
Upload: 11.75 Mbit/s
Tue Dec 21 22:45:01 CET 2021
Ping: 24.732 ms
Download: 332.18 Mbit/s
Upload: 19.30 Mbit/s
Tue Dec 21 23:45:01 CET 2021
Ping: 21.328 ms
Download: 323.57 Mbit/s
Upload: 19.40 Mbit/s
Wed Dec 22 00:45:01 CET 2021
Ping: 20.899 ms
Download: 331.93 Mbit/s
Upload: 19.35 Mbit/s
Wed Dec 22 01:45:01 CET 2021
Ping: 24.379 ms
Download: 226.87 Mbit/s
Upload: 19.39 Mbit/s
Wed Dec 22 02:45:01 CET 2021
Ping: 27.727 ms
Download: 200.57 Mbit/s
Upload: 19.26 Mbit/s
Wed Dec 22 03:45:01 CET 2021
Ping: 26.822 ms
Download: 259.25 Mbit/s
Upload: 19.17 Mbit/s
Wed Dec 22 04:45:01 CET 2021
Ping: 23.519 ms
Download: 127.36 Mbit/s
Upload: 19.45 Mbit/s
Wed Dec 22 05:45:01 CET 2021
Ping: 22.866 ms
Download: 96.05 Mbit/s
Upload: 19.64 Mbit/s
Wed Dec 22 06:45:01 CET 2021
Ping: 24.375 ms
Download: 78.30 Mbit/s
Upload: 19.45 Mbit/s
Wed Dec 22 07:45:01 CET 2021
Ping: 23.942 ms
Download: 318.15 Mbit/s
Upload: 18.97 Mbit/s
Wed Dec 22 08:45:01 CET 2021
Ping: 25.389 ms
Download: 242.31 Mbit/s
Upload: 14.50 Mbit/s
Wed Dec 22 09:45:01 CET 2021
Ping: 23.697 ms
Download: 287.04 Mbit/s
Upload: 15.56 Mbit/s
Wed Dec 22 10:45:01 CET 2021
Ping: 25.16 ms
Download: 277.97 Mbit/s
Upload: 19.82 Mbit/s
Wed Dec 22 11:45:01 CET 2021
Ping: 25.337 ms
Download: 285.95 Mbit/s
Upload: 19.65 Mbit/s
Wed Dec 22 12:45:01 CET 2021
Ping: 22.844 ms
Download: 154.81 Mbit/s
Upload: 19.54 Mbit/s
Wed Dec 22 13:45:01 CET 2021
Ping: 22.223 ms
Download: 246.90 Mbit/s
Upload: 19.62 Mbit/s
Wed Dec 22 14:45:02 CET 2021
Ping: 21.327 ms
Download: 220.80 Mbit/s
Upload: 19.37 Mbit/s
Wed Dec 22 15:45:01 CET 2021
Ping: 22.812 ms
Download: 254.23 Mbit/s
Upload: 19.19 Mbit/s
Wed Dec 22 16:45:01 CET 2021
Ping: 24.277 ms
Download: 281.04 Mbit/s
Upload: 19.24 Mbit/s
Wed Dec 22 17:45:01 CET 2021
Ping: 23.246 ms
Download: 302.31 Mbit/s
Upload: 18.65 Mbit/s
Wed Dec 22 18:45:01 CET 2021
Ping: 23.676 ms
Download: 259.22 Mbit/s
Upload: 19.81 Mbit/s
Wed Dec 22 19:45:02 CET 2021
Ping: 22.04 ms
Download: 316.27 Mbit/s
Upload: 1.04 Mbit/s
Wed Dec 22 20:45:01 CET 2021
Ping: 24.491 ms
Download: 215.53 Mbit/s
Upload: 13.20 Mbit/s
Wed Dec 22 21:45:01 CET 2021
Ping: 25.214 ms
Download: 137.68 Mbit/s
Upload: 19.54 Mbit/s
Wed Dec 22 22:45:01 CET 2021
Ping: 24.377 ms
Download: 185.97 Mbit/s
Upload: 19.37 Mbit/s
Wed Dec 22 23:45:01 CET 2021
Ping: 26.745 ms
Download: 353.96 Mbit/s
Upload: 19.31 Mbit/s
Thu Dec 23 00:45:01 CET 2021
Ping: 26.046 ms
Download: 89.25 Mbit/s
Upload: 19.83 Mbit/s
Thu Dec 23 01:45:01 CET 2021
Ping: 24.618 ms
Download: 182.62 Mbit/s
Upload: 19.54 Mbit/s
Thu Dec 23 02:45:01 CET 2021
Ping: 23.94 ms
Download: 208.05 Mbit/s
Upload: 18.55 Mbit/s
Thu Dec 23 03:45:01 CET 2021
Ping: 22.579 ms
Download: 259.52 Mbit/s
Upload: 19.67 Mbit/s
Thu Dec 23 04:45:01 CET 2021
Ping: 22.961 ms
Download: 223.12 Mbit/s
Upload: 19.63 Mbit/s
Thu Dec 23 05:45:01 CET 2021
Ping: 23.299 ms
Download: 90.11 Mbit/s
Upload: 19.46 Mbit/s
Thu Dec 23 06:45:01 CET 2021
Ping: 23.486 ms
Download: 247.70 Mbit/s
Upload: 12.72 Mbit/s
Thu Dec 23 07:45:01 CET 2021
Ping: 25.183 ms
Download: 147.99 Mbit/s
Upload: 19.25 Mbit/s
Thu Dec 23 08:45:01 CET 2021
Ping: 23.048 ms
Download: 205.64 Mbit/s
Upload: 19.16 Mbit/s
Thu Dec 23 09:45:01 CET 2021
Ping: 24.305 ms
Download: 306.75 Mbit/s
Upload: 19.33 Mbit/s
Thu Dec 23 10:45:01 CET 2021
Ping: 24.132 ms
Download: 248.51 Mbit/s
Upload: 14.85 Mbit/s
Thu Dec 23 11:45:01 CET 2021
Ping: 23.439 ms
Download: 346.48 Mbit/s
Upload: 18.92 Mbit/s
Thu Dec 23 12:45:01 CET 2021
Ping: 24.389 ms
Download: 213.64 Mbit/s
Upload: 18.75 Mbit/s
Thu Dec 23 13:45:01 CET 2021
Ping: 24.459 ms
Download: 319.15 Mbit/s
Upload: 13.60 Mbit/s
Thu Dec 23 14:45:01 CET 2021
Ping: 26.308 ms
Download: 222.70 Mbit/s
Upload: 19.08 Mbit/s
Thu Dec 23 15:45:01 CET 2021
Ping: 25.286 ms
Download: 106.75 Mbit/s
Upload: 19.27 Mbit/s
Thu Dec 23 16:45:01 CET 2021
Ping: 24.025 ms
Download: 281.93 Mbit/s
Upload: 19.60 Mbit/s
Thu Dec 23 17:45:01 CET 2021
Ping: 24.327 ms
Download: 251.65 Mbit/s
Upload: 19.76 Mbit/s
Thu Dec 23 18:45:01 CET 2021
Ping: 25.657 ms
Download: 314.53 Mbit/s
Upload: 19.53 Mbit/s
Thu Dec 23 19:45:01 CET 2021
Ping: 25.439 ms
Download: 173.48 Mbit/s
Upload: 19.14 Mbit/s
Thu Dec 23 20:45:01 CET 2021
Ping: 25.554 ms
Download: 194.01 Mbit/s
Upload: 18.44 Mbit/s
Thu Dec 23 21:45:01 CET 2021
Ping: 26.723 ms
Download: 225.52 Mbit/s
Upload: 19.37 Mbit/s
Thu Dec 23 22:45:01 CET 2021
Ping: 27.859 ms
Download: 188.05 Mbit/s
Upload: 18.89 Mbit/s
Thu Dec 23 23:45:01 CET 2021
Ping: 30.375 ms
Download: 260.79 Mbit/s
Upload: 19.39 Mbit/s
Fri Dec 24 00:45:01 CET 2021
Ping: 24.746 ms
Download: 255.53 Mbit/s
Upload: 19.00 Mbit/s
Fri Dec 24 01:45:01 CET 2021
Ping: 25.822 ms
Download: 262.11 Mbit/s
Upload: 18.59 Mbit/s
Fri Dec 24 02:45:01 CET 2021
Ping: 24.609 ms
Download: 336.80 Mbit/s
Upload: 15.08 Mbit/s
Fri Dec 24 03:45:01 CET 2021
Ping: 23.812 ms
Download: 363.72 Mbit/s
Upload: 19.25 Mbit/s
Fri Dec 24 04:45:01 CET 2021
Ping: 23.703 ms
Download: 90.56 Mbit/s
Upload: 19.47 Mbit/s
Fri Dec 24 05:45:01 CET 2021
Ping: 26.079 ms
Download: 276.11 Mbit/s
Upload: 18.90 Mbit/s
Fri Dec 24 06:45:01 CET 2021
Ping: 27.354 ms
Download: 278.28 Mbit/s
Upload: 19.20 Mbit/s
Fri Dec 24 07:45:01 CET 2021
Ping: 28.006 ms
Download: 220.63 Mbit/s
Upload: 19.01 Mbit/s
Fri Dec 24 08:45:01 CET 2021
Ping: 25.838 ms
Download: 256.80 Mbit/s
Upload: 19.51 Mbit/s
Fri Dec 24 09:45:01 CET 2021
Ping: 24.51 ms
Download: 249.16 Mbit/s
Upload: 18.95 Mbit/s
Fri Dec 24 10:45:01 CET 2021
Ping: 23.036 ms
Download: 310.81 Mbit/s
Upload: 18.98 Mbit/s
Fri Dec 24 11:45:01 CET 2021
Ping: 23.34 ms
Download: 216.46 Mbit/s
Upload: 19.36 Mbit/s
Fri Dec 24 12:45:02 CET 2021
Ping: 21.607 ms
Download: 230.16 Mbit/s
Upload: 19.50 Mbit/s
Fri Dec 24 13:45:01 CET 2021
Ping: 24.145 ms
Download: 200.66 Mbit/s
Upload: 19.11 Mbit/s
Fri Dec 24 14:45:02 CET 2021
Ping: 27.088 ms
Download: 283.07 Mbit/s
Upload: 19.03 Mbit/s
Fri Dec 24 15:45:01 CET 2021
Ping: 25.88 ms
Download: 281.55 Mbit/s
Upload: 19.11 Mbit/s
Fri Dec 24 16:45:01 CET 2021
Ping: 24.328 ms
Download: 259.42 Mbit/s
Upload: 19.70 Mbit/s
Fri Dec 24 17:45:01 CET 2021
Ping: 24.224 ms
Download: 228.12 Mbit/s
Upload: 19.38 Mbit/s
Fri Dec 24 18:45:01 CET 2021
Ping: 23.844 ms
Download: 285.59 Mbit/s
Upload: 16.12 Mbit/s
Fri Dec 24 19:45:01 CET 2021
Ping: 24.945 ms
Download: 336.25 Mbit/s
Upload: 19.60 Mbit/s
Fri Dec 24 20:45:01 CET 2021
Ping: 24.507 ms
Download: 206.41 Mbit/s
Upload: 19.40 Mbit/s
Fri Dec 24 21:45:01 CET 2021
Ping: 24.081 ms
Download: 260.57 Mbit/s
Upload: 19.30 Mbit/s
Fri Dec 24 22:45:01 CET 2021
Ping: 27.022 ms
Download: 218.16 Mbit/s
Upload: 19.45 Mbit/s
Fri Dec 24 23:45:01 CET 2021
Ping: 21.709 ms
Download: 190.83 Mbit/s
Upload: 19.62 Mbit/s
Sat Dec 25 00:45:01 CET 2021
Ping: 23.651 ms
Download: 276.63 Mbit/s
Upload: 19.79 Mbit/s
Sat Dec 25 01:45:01 CET 2021
Ping: 21.865 ms
Download: 236.30 Mbit/s
Upload: 19.10 Mbit/s
Sat Dec 25 02:45:01 CET 2021
Ping: 25.99 ms
Download: 209.29 Mbit/s
Upload: 16.87 Mbit/s
Sat Dec 25 03:45:01 CET 2021
Ping: 25.205 ms
Download: 236.30 Mbit/s
Upload: 19.61 Mbit/s
Sat Dec 25 04:45:01 CET 2021
Ping: 23.372 ms
Download: 280.37 Mbit/s
Upload: 19.47 Mbit/s
Sat Dec 25 05:45:01 CET 2021
Ping: 22.375 ms
Download: 243.06 Mbit/s
Upload: 19.46 Mbit/s
Sat Dec 25 06:45:01 CET 2021
Ping: 21.686 ms
Download: 272.27 Mbit/s
Upload: 19.86 Mbit/s
Sat Dec 25 07:45:01 CET 2021
Ping: 22.17 ms
Download: 325.71 Mbit/s
Upload: 19.38 Mbit/s
Sat Dec 25 08:45:01 CET 2021
Ping: 30.104 ms
Download: 181.20 Mbit/s
Upload: 19.58 Mbit/s
Sat Dec 25 09:45:02 CET 2021
Ping: 23.104 ms
Download: 25.21 Mbit/s
Upload: 15.62 Mbit/s
Sat Dec 25 10:45:01 CET 2021
Ping: 24.465 ms
Download: 205.62 Mbit/s
Upload: 19.50 Mbit/s
Sat Dec 25 11:45:01 CET 2021
Ping: 24.118 ms
Download: 89.53 Mbit/s
Upload: 19.49 Mbit/s
Sat Dec 25 12:45:01 CET 2021
Ping: 26.494 ms
Download: 62.41 Mbit/s
Upload: 19.50 Mbit/s
Sat Dec 25 13:45:01 CET 2021
Ping: 23.745 ms
Download: 87.82 Mbit/s
Upload: 19.89 Mbit/s
Sat Dec 25 14:45:01 CET 2021
Ping: 23.711 ms
Download: 200.86 Mbit/s
Upload: 19.59 Mbit/s
Sat Dec 25 15:45:01 CET 2021
Ping: 20.226 ms
Download: 208.73 Mbit/s
Upload: 19.55 Mbit/s
Sat Dec 25 16:45:01 CET 2021
Ping: 21.353 ms
Download: 184.01 Mbit/s
Upload: 19.61 Mbit/s
Sat Dec 25 17:45:02 CET 2021
Ping: 24.718 ms
Download: 338.87 Mbit/s
Upload: 13.95 Mbit/s
Sat Dec 25 18:45:01 CET 2021
Ping: 25.429 ms
Download: 278.36 Mbit/s
Upload: 18.65 Mbit/s
Sat Dec 25 19:45:01 CET 2021
Ping: 24.005 ms
Download: 176.66 Mbit/s
Upload: 14.60 Mbit/s
Sat Dec 25 20:45:01 CET 2021
Ping: 24.628 ms
Download: 233.72 Mbit/s
Upload: 17.43 Mbit/s
Sat Dec 25 21:45:01 CET 2021
Ping: 25.343 ms
Download: 54.76 Mbit/s
Upload: 19.15 Mbit/s
Sat Dec 25 22:45:01 CET 2021
Ping: 25.308 ms
Download: 208.83 Mbit/s
Upload: 16.88 Mbit/s
Sat Dec 25 23:45:01 CET 2021
Ping: 23.879 ms
Download: 326.25 Mbit/s
Upload: 14.53 Mbit/s
Sun Dec 26 00:45:01 CET 2021
Ping: 25.235 ms
Download: 299.48 Mbit/s
Upload: 19.07 Mbit/s
Sun Dec 26 01:45:01 CET 2021
Ping: 23.408 ms
Download: 132.62 Mbit/s
Upload: 19.40 Mbit/s
Sun Dec 26 02:45:01 CET 2021
Ping: 24.159 ms
Download: 271.23 Mbit/s
Upload: 19.60 Mbit/s
Sun Dec 26 03:45:01 CET 2021
Ping: 24.239 ms
Download: 270.90 Mbit/s
Upload: 19.84 Mbit/s
Sun Dec 26 04:45:01 CET 2021
Ping: 25.707 ms
Download: 256.30 Mbit/s
Upload: 19.58 Mbit/s
Sun Dec 26 05:45:01 CET 2021
Ping: 21.297 ms
Download: 287.31 Mbit/s
Upload: 19.60 Mbit/s
Sun Dec 26 06:45:01 CET 2021
Ping: 21.505 ms
Download: 316.21 Mbit/s
Upload: 19.46 Mbit/s
Sun Dec 26 07:45:01 CET 2021
Ping: 21.547 ms
Download: 309.06 Mbit/s
Upload: 19.72 Mbit/s
Sun Dec 26 08:45:01 CET 2021
Ping: 22.506 ms
Download: 91.35 Mbit/s
Upload: 19.82 Mbit/s
Sun Dec 26 09:45:01 CET 2021
Ping: 24.813 ms
Download: 93.61 Mbit/s
Upload: 19.49 Mbit/s
Sun Dec 26 10:45:01 CET 2021
Ping: 23.339 ms
Download: 207.70 Mbit/s
Upload: 19.66 Mbit/s
Sun Dec 26 11:45:01 CET 2021
Ping: 28.161 ms
Download: 225.27 Mbit/s
Upload: 19.36 Mbit/s
Sun Dec 26 12:45:02 CET 2021
Ping: 24.72 ms
Download: 123.01 Mbit/s
Upload: 18.90 Mbit/s
Sun Dec 26 13:45:01 CET 2021
Ping: 25.238 ms
Download: 111.99 Mbit/s
Upload: 19.24 Mbit/s
Sun Dec 26 14:45:01 CET 2021
Ping: 35.247 ms
Download: 190.33 Mbit/s
Upload: 19.05 Mbit/s
Sun Dec 26 15:45:01 CET 2021
Ping: 30.195 ms
Download: 290.59 Mbit/s
Upload: 19.23 Mbit/s
Sun Dec 26 16:45:01 CET 2021
Ping: 32.83 ms
Download: 254.02 Mbit/s
Upload: 19.04 Mbit/s
Sun Dec 26 17:45:01 CET 2021
Ping: 22.749 ms
Download: 198.56 Mbit/s
Upload: 19.44 Mbit/s
Sun Dec 26 18:45:01 CET 2021
Ping: 23.125 ms
Download: 276.14 Mbit/s
Upload: 19.86 Mbit/s
Sun Dec 26 19:45:01 CET 2021
Ping: 23.175 ms
Download: 242.19 Mbit/s
Upload: 19.62 Mbit/s
Sun Dec 26 20:45:01 CET 2021
Ping: 23.241 ms
Download: 123.11 Mbit/s
Upload: 13.55 Mbit/s
Sun Dec 26 21:45:01 CET 2021
Ping: 26.345 ms
Download: 248.29 Mbit/s
Upload: 18.94 Mbit/s
Sun Dec 26 22:45:01 CET 2021
Ping: 24.45 ms
Download: 161.37 Mbit/s
Upload: 18.85 Mbit/s
Sun Dec 26 23:45:01 CET 2021
Ping: 25.952 ms
Download: 256.40 Mbit/s
Upload: 14.80 Mbit/s
Mon Dec 27 00:45:01 CET 2021
Ping: 25.439 ms
Download: 245.65 Mbit/s
Upload: 18.95 Mbit/s
Mon Dec 27 01:45:01 CET 2021
Ping: 25.145 ms
Download: 239.77 Mbit/s
Upload: 14.85 Mbit/s
Mon Dec 27 02:45:01 CET 2021
Ping: 24.217 ms
Download: 175.42 Mbit/s
Upload: 19.29 Mbit/s
Mon Dec 27 03:45:01 CET 2021
Ping: 24.897 ms
Download: 257.31 Mbit/s
Upload: 14.70 Mbit/s
Mon Dec 27 04:45:01 CET 2021
Ping: 23.387 ms
Download: 248.97 Mbit/s
Upload: 19.46 Mbit/s
Mon Dec 27 05:45:02 CET 2021
Ping: 23.126 ms
Download: 249.61 Mbit/s
Upload: 16.39 Mbit/s
Mon Dec 27 06:45:01 CET 2021
Ping: 23.313 ms
Download: 258.10 Mbit/s
Upload: 16.60 Mbit/s
Mon Dec 27 07:45:01 CET 2021
Ping: 23.678 ms
Download: 259.97 Mbit/s
Upload: 17.71 Mbit/s
Mon Dec 27 08:45:02 CET 2021
Ping: 25.34 ms
Download: 275.82 Mbit/s
Upload: 17.09 Mbit/s
Mon Dec 27 09:45:01 CET 2021
Ping: 23.321 ms
Download: 150.81 Mbit/s
Upload: 19.01 Mbit/s
Mon Dec 27 10:45:01 CET 2021
Ping: 22.737 ms
Download: 244.60 Mbit/s
Upload: 15.17 Mbit/s
Mon Dec 27 11:45:01 CET 2021
Ping: 22.292 ms
Download: 111.78 Mbit/s
Upload: 19.07 Mbit/s
Mon Dec 27 12:45:01 CET 2021
Ping: 23.095 ms
Download: 203.80 Mbit/s
Upload: 18.70 Mbit/s
Mon Dec 27 13:45:01 CET 2021
Ping: 23.164 ms
Download: 223.71 Mbit/s
Upload: 19.75 Mbit/s
Mon Dec 27 14:45:01 CET 2021
Ping: 24.513 ms
Download: 217.66 Mbit/s
Upload: 19.57 Mbit/s
Mon Dec 27 15:45:01 CET 2021
Ping: 24.382 ms
Download: 146.69 Mbit/s
Upload: 19.16 Mbit/s
Mon Dec 27 16:45:01 CET 2021
Ping: 26.996 ms
Download: 217.74 Mbit/s
Upload: 19.87 Mbit/s
Mon Dec 27 17:45:01 CET 2021
Ping: 24.845 ms
Download: 346.85 Mbit/s
Upload: 18.94 Mbit/s
Mon Dec 27 18:45:01 CET 2021
Ping: 25.141 ms
Download: 79.06 Mbit/s
Upload: 11.55 Mbit/s
Mon Dec 27 19:45:01 CET 2021
Ping: 24.939 ms
Download: 54.33 Mbit/s
Upload: 19.34 Mbit/s
Mon Dec 27 20:45:01 CET 2021
Ping: 25.145 ms
Download: 299.19 Mbit/s
Upload: 19.31 Mbit/s
Mon Dec 27 21:45:01 CET 2021
Ping: 25.874 ms
Download: 187.65 Mbit/s
Upload: 19.26 Mbit/s
Mon Dec 27 22:45:01 CET 2021
Ping: 26.143 ms
Download: 207.60 Mbit/s
Upload: 19.65 Mbit/s
Mon Dec 27 23:45:01 CET 2021
Ping: 26.557 ms
Download: 244.57 Mbit/s
Upload: 19.78 Mbit/s
Tue Dec 28 00:45:01 CET 2021
Ping: 24.49 ms
Download: 260.46 Mbit/s
Upload: 19.69 Mbit/s
Tue Dec 28 01:45:01 CET 2021
Ping: 24.273 ms
Download: 255.81 Mbit/s
Upload: 19.11 Mbit/s
Tue Dec 28 02:45:01 CET 2021
Ping: 24.46 ms
Download: 287.32 Mbit/s
Upload: 19.49 Mbit/s
Tue Dec 28 03:45:01 CET 2021
Ping: 23.686 ms
Download: 104.71 Mbit/s
Upload: 19.75 Mbit/s
Tue Dec 28 04:45:01 CET 2021
Ping: 26.4 ms
Download: 162.33 Mbit/s
Upload: 19.57 Mbit/s
Tue Dec 28 05:45:01 CET 2021
Ping: 23.66 ms
Download: 25.20 Mbit/s
Upload: 13.36 Mbit/s
Tue Dec 28 06:45:01 CET 2021
Ping: 24.487 ms
Download: 251.74 Mbit/s
Upload: 19.35 Mbit/s
Tue Dec 28 07:45:01 CET 2021
Ping: 24.357 ms
Download: 286.77 Mbit/s
Upload: 16.53 Mbit/s
Tue Dec 28 08:45:01 CET 2021
Ping: 24.307 ms
Download: 140.60 Mbit/s
Upload: 19.11 Mbit/s
Tue Dec 28 09:45:01 CET 2021
Ping: 25.157 ms
Download: 304.62 Mbit/s
Upload: 19.27 Mbit/s
Tue Dec 28 10:45:01 CET 2021
Ping: 24.626 ms
Download: 264.55 Mbit/s
Upload: 19.68 Mbit/s
Tue Dec 28 11:45:01 CET 2021
Ping: 26.579 ms
Download: 255.54 Mbit/s
Upload: 18.83 Mbit/s
Tue Dec 28 12:45:01 CET 2021
Ping: 24.693 ms
Download: 213.20 Mbit/s
Upload: 19.46 Mbit/s
Tue Dec 28 13:45:01 CET 2021
Ping: 24.486 ms
Download: 285.02 Mbit/s
Upload: 17.84 Mbit/s
Tue Dec 28 14:45:01 CET 2021
Ping: 24.13 ms
Download: 320.12 Mbit/s
Upload: 16.31 Mbit/s
Tue Dec 28 15:45:01 CET 2021
Ping: 27.558 ms
Download: 251.18 Mbit/s
Upload: 15.79 Mbit/s
Tue Dec 28 16:45:01 CET 2021
Ping: 21.869 ms
Download: 155.44 Mbit/s
Upload: 13.67 Mbit/s
Tue Dec 28 17:45:02 CET 2021
Ping: 22.574 ms
Download: 88.41 Mbit/s
Upload: 13.20 Mbit/s
Tue Dec 28 18:45:01 CET 2021
Ping: 25.123 ms
Download: 216.42 Mbit/s
Upload: 14.28 Mbit/s
Tue Dec 28 19:45:01 CET 2021
Ping: 25.829 ms
Download: 269.58 Mbit/s
Upload: 19.20 Mbit/s
Tue Dec 28 20:45:01 CET 2021
Ping: 28.643 ms
Download: 301.22 Mbit/s
Upload: 17.96 Mbit/s
Tue Dec 28 21:45:01 CET 2021
Ping: 25.465 ms
Download: 171.03 Mbit/s
Upload: 19.48 Mbit/s
Tue Dec 28 22:45:02 CET 2021
Ping: 24.072 ms
Download: 192.62 Mbit/s
Upload: 11.57 Mbit/s
Tue Dec 28 23:45:01 CET 2021
Ping: 24.576 ms
Download: 148.12 Mbit/s
Upload: 19.18 Mbit/s
Wed Dec 29 00:45:01 CET 2021
Ping: 21.91 ms
Download: 264.89 Mbit/s
Upload: 19.40 Mbit/s
Wed Dec 29 01:45:01 CET 2021
Ping: 24.018 ms
Download: 345.50 Mbit/s
Upload: 19.30 Mbit/s
Wed Dec 29 02:45:01 CET 2021
Ping: 23.491 ms
Download: 138.06 Mbit/s
Upload: 18.91 Mbit/s
Wed Dec 29 03:45:01 CET 2021
Ping: 26.208 ms
Download: 198.82 Mbit/s
Upload: 19.72 Mbit/s
Wed Dec 29 04:45:01 CET 2021
Ping: 24.089 ms
Download: 218.31 Mbit/s
Upload: 11.64 Mbit/s
Wed Dec 29 05:45:01 CET 2021
Ping: 22.666 ms
Download: 238.55 Mbit/s
Upload: 12.96 Mbit/s
Wed Dec 29 06:45:01 CET 2021
Ping: 25.448 ms
Download: 246.91 Mbit/s
Upload: 15.41 Mbit/s
Wed Dec 29 07:45:01 CET 2021
Ping: 24.129 ms
Download: 288.62 Mbit/s
Upload: 19.28 Mbit/s
Wed Dec 29 08:45:01 CET 2021
Ping: 23.667 ms
Download: 231.51 Mbit/s
Upload: 16.55 Mbit/s
Wed Dec 29 09:45:01 CET 2021
Ping: 28.001 ms
Download: 233.62 Mbit/s
Upload: 19.27 Mbit/s
Wed Dec 29 10:45:01 CET 2021
Ping: 29.034 ms
Download: 149.31 Mbit/s
Upload: 18.62 Mbit/s
Wed Dec 29 11:45:01 CET 2021
Ping: 28.317 ms
Download: 198.34 Mbit/s
Upload: 17.03 Mbit/s
Wed Dec 29 12:45:01 CET 2021
Ping: 23.884 ms
Download: 222.01 Mbit/s
Upload: 19.33 Mbit/s
Wed Dec 29 13:45:01 CET 2021
Ping: 24.592 ms
Download: 265.33 Mbit/s
Upload: 19.09 Mbit/s
Wed Dec 29 14:45:01 CET 2021
Ping: 25.147 ms
Download: 24.29 Mbit/s
Upload: 14.02 Mbit/s
Wed Dec 29 15:45:01 CET 2021
Ping: 24.811 ms
Download: 291.49 Mbit/s
Upload: 15.29 Mbit/s
Wed Dec 29 16:45:01 CET 2021
Ping: 24.098 ms
Download: 111.07 Mbit/s
Upload: 18.85 Mbit/s
Wed Dec 29 17:45:01 CET 2021
Ping: 24.362 ms
Download: 97.73 Mbit/s
Upload: 19.46 Mbit/s
Wed Dec 29 18:45:01 CET 2021
Ping: 25.482 ms
Download: 346.82 Mbit/s
Upload: 19.65 Mbit/s
Wed Dec 29 19:45:01 CET 2021
Ping: 24.309 ms
Download: 236.37 Mbit/s
Upload: 19.55 Mbit/s
Wed Dec 29 20:45:01 CET 2021
Ping: 26.935 ms
Download: 238.88 Mbit/s
Upload: 19.60 Mbit/s
Wed Dec 29 21:45:01 CET 2021
Ping: 25.771 ms
Download: 334.14 Mbit/s
Upload: 16.43 Mbit/s
Wed Dec 29 22:45:01 CET 2021
Ping: 25.58 ms
Download: 322.39 Mbit/s
Upload: 14.29 Mbit/s
Wed Dec 29 23:45:01 CET 2021
Ping: 25.132 ms
Download: 25.45 Mbit/s
Upload: 12.85 Mbit/s
Thu Dec 30 00:45:02 CET 2021
Ping: 24.193 ms
Download: 271.75 Mbit/s
Upload: 16.20 Mbit/s
Thu Dec 30 01:45:01 CET 2021
Ping: 23.85 ms
Download: 296.90 Mbit/s
Upload: 15.61 Mbit/s
Thu Dec 30 02:45:01 CET 2021
Ping: 25.997 ms
Download: 244.77 Mbit/s
Upload: 15.70 Mbit/s
Thu Dec 30 03:45:01 CET 2021
Ping: 23.773 ms
Download: 250.97 Mbit/s
Upload: 17.25 Mbit/s
Thu Dec 30 04:45:01 CET 2021
Ping: 23.992 ms
Download: 296.12 Mbit/s
Upload: 12.77 Mbit/s
Thu Dec 30 05:45:02 CET 2021
Ping: 24.498 ms
Download: 274.55 Mbit/s
Upload: 19.14 Mbit/s
Thu Dec 30 06:45:01 CET 2021
Ping: 23.172 ms
Download: 108.83 Mbit/s
Upload: 19.67 Mbit/s
Thu Dec 30 07:45:02 CET 2021
Ping: 23.471 ms
Download: 155.50 Mbit/s
Upload: 19.52 Mbit/s
Thu Dec 30 08:45:01 CET 2021
Ping: 25.53 ms
Download: 255.06 Mbit/s
Upload: 19.57 Mbit/s
Thu Dec 30 09:45:01 CET 2021
Ping: 27.432 ms
Download: 236.65 Mbit/s
Upload: 19.63 Mbit/s
Thu Dec 30 10:45:01 CET 2021
Ping: 24.001 ms
Download: 235.15 Mbit/s
Upload: 19.72 Mbit/s
Thu Dec 30 11:45:01 CET 2021
Ping: 24.776 ms
Download: 345.27 Mbit/s
Upload: 19.55 Mbit/s
Thu Dec 30 12:45:01 CET 2021
Ping: 24.683 ms
Download: 271.90 Mbit/s
Upload: 19.44 Mbit/s
Thu Dec 30 13:45:01 CET 2021
Ping: 24.036 ms
Download: 190.60 Mbit/s
Upload: 19.83 Mbit/s
Thu Dec 30 14:45:01 CET 2021
Ping: 26.634 ms
Download: 316.30 Mbit/s
Upload: 18.88 Mbit/s
Thu Dec 30 15:45:01 CET 2021
Ping: 27.021 ms
Download: 256.61 Mbit/s
Upload: 19.59 Mbit/s
Thu Dec 30 16:45:01 CET 2021
Ping: 23.865 ms
Download: 284.47 Mbit/s
Upload: 19.11 Mbit/s
Thu Dec 30 17:45:01 CET 2021
Ping: 22.028 ms
Download: 309.89 Mbit/s
Upload: 19.43 Mbit/s
Thu Dec 30 18:45:01 CET 2021
Ping: 25.157 ms
Download: 308.82 Mbit/s
Upload: 19.50 Mbit/s
Thu Dec 30 19:45:01 CET 2021
Ping: 24.336 ms
Download: 320.42 Mbit/s
Upload: 15.65 Mbit/s
Thu Dec 30 20:45:01 CET 2021
Ping: 24.797 ms
Download: 230.79 Mbit/s
Upload: 14.51 Mbit/s
Thu Dec 30 21:45:01 CET 2021
Ping: 25.345 ms
Download: 298.45 Mbit/s
Upload: 17.85 Mbit/s
Thu Dec 30 22:45:01 CET 2021
Ping: 23.694 ms
Download: 231.65 Mbit/s
Upload: 13.94 Mbit/s
Thu Dec 30 23:45:01 CET 2021
Ping: 22.071 ms
Download: 325.72 Mbit/s
Upload: 19.49 Mbit/s
Fri Dec 31 00:45:01 CET 2021
Ping: 21.24 ms
Download: 313.59 Mbit/s
Upload: 19.12 Mbit/s
Fri Dec 31 01:45:01 CET 2021
Ping: 23.84 ms
Download: 304.29 Mbit/s
Upload: 14.15 Mbit/s
Fri Dec 31 02:45:01 CET 2021
Ping: 23.156 ms
Download: 320.49 Mbit/s
Upload: 19.12 Mbit/s
Fri Dec 31 03:45:01 CET 2021
Ping: 23.956 ms
Download: 256.85 Mbit/s
Upload: 6.42 Mbit/s
Fri Dec 31 04:45:02 CET 2021
Ping: 23.411 ms
Download: 25.29 Mbit/s
Upload: 15.05 Mbit/s
Fri Dec 31 05:45:02 CET 2021
Ping: 21.727 ms
Download: 342.14 Mbit/s
Upload: 15.35 Mbit/s
Fri Dec 31 06:45:02 CET 2021
Ping: 22.24 ms
Download: 25.58 Mbit/s
Upload: 15.44 Mbit/s
Fri Dec 31 07:45:01 CET 2021
Ping: 22.872 ms
Download: 112.37 Mbit/s
Upload: 19.29 Mbit/s
Fri Dec 31 08:45:02 CET 2021
Ping: 21.693 ms
Download: 109.81 Mbit/s
Upload: 19.36 Mbit/s
Fri Dec 31 09:45:01 CET 2021
Ping: 23.859 ms
Download: 87.56 Mbit/s
Upload: 19.60 Mbit/s
Fri Dec 31 10:45:01 CET 2021
Ping: 23.171 ms
Download: 308.50 Mbit/s
Upload: 1.64 Mbit/s
Fri Dec 31 11:45:01 CET 2021
Ping: 23.531 ms
Download: 326.91 Mbit/s
Upload: 2.01 Mbit/s
Fri Dec 31 12:45:01 CET 2021
Ping: 25.003 ms
Download: 272.15 Mbit/s
Upload: 19.46 Mbit/s
Fri Dec 31 13:45:01 CET 2021
Ping: 22.571 ms
Download: 24.63 Mbit/s
Upload: 14.38 Mbit/s
Fri Dec 31 14:45:01 CET 2021
Ping: 25.633 ms
Download: 340.36 Mbit/s
Upload: 13.55 Mbit/s
Fri Dec 31 15:45:01 CET 2021
Ping: 25.06 ms
Download: 62.12 Mbit/s
Upload: 18.72 Mbit/s
Fri Dec 31 16:45:01 CET 2021
Ping: 25.741 ms
Download: 193.26 Mbit/s
Upload: 19.53 Mbit/s
Fri Dec 31 17:45:01 CET 2021
Ping: 23.82 ms
Download: 321.02 Mbit/s
Upload: 1.47 Mbit/s
Fri Dec 31 18:45:01 CET 2021
Ping: 23.314 ms
Download: 164.68 Mbit/s
Upload: 13.84 Mbit/s
Fri Dec 31 19:45:01 CET 2021
Ping: 23.821 ms
Download: 23.78 Mbit/s
Upload: 14.16 Mbit/s
Fri Dec 31 20:45:01 CET 2021
Ping: 23.167 ms
Download: 24.76 Mbit/s
Upload: 13.17 Mbit/s
Fri Dec 31 21:45:01 CET 2021
Ping: 23.223 ms
Download: 215.36 Mbit/s
Upload: 12.84 Mbit/s
Fri Dec 31 22:45:01 CET 2021
Ping: 23.152 ms
Download: 57.71 Mbit/s
Upload: 19.68 Mbit/s
Fri Dec 31 23:45:01 CET 2021
Ping: 22.801 ms
Download: 57.82 Mbit/s
Upload: 19.51 Mbit/s
