Thu Jul  1 00:45:01 CEST 2021
Could not retrieve speedtest.net configuration
Thu Jul  1 01:45:01 CEST 2021
Could not retrieve speedtest.net configuration
Thu Jul  1 02:45:02 CEST 2021
Could not retrieve speedtest.net configuration
Thu Jul  1 03:45:01 CEST 2021
Ping: 22.632 ms
Download: 164.04 Mbit/s
Upload: 19.83 Mbit/s
Thu Jul  1 04:45:01 CEST 2021
Ping: 21.902 ms
Download: 222.55 Mbit/s
Upload: 19.28 Mbit/s
Thu Jul  1 05:45:01 CEST 2021
Ping: 23.343 ms
Download: 280.82 Mbit/s
Upload: 19.41 Mbit/s
Thu Jul  1 06:45:01 CEST 2021
Ping: 21.205 ms
Download: 228.10 Mbit/s
Upload: 19.32 Mbit/s
Thu Jul  1 07:45:01 CEST 2021
Ping: 20.923 ms
Download: 208.00 Mbit/s
Upload: 19.45 Mbit/s
Thu Jul  1 08:45:01 CEST 2021
Ping: 24.094 ms
Download: 173.51 Mbit/s
Upload: 19.70 Mbit/s
Thu Jul  1 09:45:01 CEST 2021
Ping: 23.013 ms
Download: 178.89 Mbit/s
Upload: 17.59 Mbit/s
Thu Jul  1 10:45:01 CEST 2021
Ping: 20.005 ms
Download: 207.28 Mbit/s
Upload: 19.50 Mbit/s
Thu Jul  1 11:45:01 CEST 2021
Ping: 22.337 ms
Download: 164.52 Mbit/s
Upload: 18.41 Mbit/s
Thu Jul  1 12:45:01 CEST 2021
Ping: 23.596 ms
Download: 158.88 Mbit/s
Upload: 19.61 Mbit/s
Thu Jul  1 13:45:01 CEST 2021
Ping: 22.759 ms
Download: 281.18 Mbit/s
Upload: 19.06 Mbit/s
Thu Jul  1 14:45:01 CEST 2021
Ping: 21.072 ms
Download: 146.07 Mbit/s
Upload: 19.32 Mbit/s
Thu Jul  1 15:45:01 CEST 2021
Ping: 21.078 ms
Download: 227.18 Mbit/s
Upload: 18.98 Mbit/s
Thu Jul  1 16:45:01 CEST 2021
Ping: 24.212 ms
Download: 283.40 Mbit/s
Upload: 19.67 Mbit/s
Thu Jul  1 17:45:02 CEST 2021
Ping: 21.734 ms
Download: 235.13 Mbit/s
Upload: 19.41 Mbit/s
Thu Jul  1 18:45:01 CEST 2021
Ping: 21.744 ms
Download: 154.08 Mbit/s
Upload: 19.55 Mbit/s
Thu Jul  1 19:45:01 CEST 2021
Ping: 21.797 ms
Download: 258.40 Mbit/s
Upload: 18.98 Mbit/s
Thu Jul  1 20:45:01 CEST 2021
Ping: 25.037 ms
Download: 245.51 Mbit/s
Upload: 19.25 Mbit/s
Thu Jul  1 21:45:01 CEST 2021
Ping: 19.487 ms
Download: 234.33 Mbit/s
Upload: 18.87 Mbit/s
Thu Jul  1 22:45:02 CEST 2021
Ping: 20.055 ms
Download: 304.92 Mbit/s
Upload: 19.35 Mbit/s
Thu Jul  1 23:45:01 CEST 2021
Ping: 19.914 ms
Download: 293.39 Mbit/s
Upload: 19.22 Mbit/s
Fri Jul  2 00:45:01 CEST 2021
Ping: 23.677 ms
Download: 207.72 Mbit/s
Upload: 19.27 Mbit/s
Fri Jul  2 01:45:01 CEST 2021
Ping: 21.666 ms
Download: 276.24 Mbit/s
Upload: 19.42 Mbit/s
Fri Jul  2 02:45:01 CEST 2021
Ping: 20.818 ms
Download: 237.38 Mbit/s
Upload: 19.33 Mbit/s
Fri Jul  2 03:45:01 CEST 2021
Ping: 20.823 ms
Download: 235.12 Mbit/s
Upload: 19.27 Mbit/s
Fri Jul  2 04:45:01 CEST 2021
Ping: 19.505 ms
Download: 230.76 Mbit/s
Upload: 19.36 Mbit/s
Fri Jul  2 05:45:01 CEST 2021
Ping: 20.172 ms
Download: 215.75 Mbit/s
Upload: 19.39 Mbit/s
Fri Jul  2 06:45:01 CEST 2021
Ping: 22.863 ms
Download: 204.33 Mbit/s
Upload: 19.11 Mbit/s
Fri Jul  2 07:45:01 CEST 2021
Ping: 22.202 ms
Download: 251.24 Mbit/s
Upload: 19.44 Mbit/s
Fri Jul  2 08:45:01 CEST 2021
Ping: 22.858 ms
Download: 217.04 Mbit/s
Upload: 17.96 Mbit/s
Fri Jul  2 09:45:01 CEST 2021
Ping: 19.048 ms
Download: 209.77 Mbit/s
Upload: 19.46 Mbit/s
Fri Jul  2 10:45:01 CEST 2021
Ping: 20.15 ms
Download: 294.39 Mbit/s
Upload: 19.02 Mbit/s
Fri Jul  2 11:45:01 CEST 2021
Ping: 19.908 ms
Download: 221.63 Mbit/s
Upload: 19.21 Mbit/s
Fri Jul  2 12:45:01 CEST 2021
Ping: 22.586 ms
Download: 203.64 Mbit/s
Upload: 19.45 Mbit/s
Fri Jul  2 13:45:01 CEST 2021
Ping: 23.161 ms
Download: 185.82 Mbit/s
Upload: 19.27 Mbit/s
Fri Jul  2 14:45:01 CEST 2021
Ping: 20.328 ms
Download: 262.18 Mbit/s
Upload: 18.92 Mbit/s
Fri Jul  2 15:45:01 CEST 2021
Ping: 19.602 ms
Download: 245.06 Mbit/s
Upload: 19.29 Mbit/s
Fri Jul  2 16:45:01 CEST 2021
Ping: 21.445 ms
Download: 251.49 Mbit/s
Upload: 19.25 Mbit/s
Fri Jul  2 17:45:01 CEST 2021
Ping: 20.552 ms
Download: 242.90 Mbit/s
Upload: 19.51 Mbit/s
Fri Jul  2 18:45:02 CEST 2021
Ping: 18.866 ms
Download: 240.72 Mbit/s
Upload: 19.04 Mbit/s
Fri Jul  2 19:45:01 CEST 2021
Ping: 21.895 ms
Download: 286.12 Mbit/s
Upload: 19.45 Mbit/s
Fri Jul  2 20:45:01 CEST 2021
Ping: 19.871 ms
Download: 286.97 Mbit/s
Upload: 19.01 Mbit/s
Fri Jul  2 21:45:01 CEST 2021
Ping: 21.265 ms
Download: 202.17 Mbit/s
Upload: 19.53 Mbit/s
Fri Jul  2 22:45:01 CEST 2021
Ping: 20.296 ms
Download: 246.11 Mbit/s
Upload: 19.36 Mbit/s
Fri Jul  2 23:45:01 CEST 2021
Ping: 21.179 ms
Download: 192.27 Mbit/s
Upload: 18.97 Mbit/s
Sat Jul  3 00:45:01 CEST 2021
Ping: 20.825 ms
Download: 237.23 Mbit/s
Upload: 19.39 Mbit/s
Sat Jul  3 01:45:01 CEST 2021
Ping: 20.499 ms
Download: 240.45 Mbit/s
Upload: 18.74 Mbit/s
Sat Jul  3 02:45:01 CEST 2021
Ping: 22.48 ms
Download: 236.04 Mbit/s
Upload: 19.72 Mbit/s
Sat Jul  3 03:45:01 CEST 2021
Ping: 21.475 ms
Download: 330.35 Mbit/s
Upload: 19.52 Mbit/s
Sat Jul  3 04:45:01 CEST 2021
Ping: 21.351 ms
Download: 258.32 Mbit/s
Upload: 19.58 Mbit/s
Sat Jul  3 05:45:01 CEST 2021
Ping: 20.127 ms
Download: 258.93 Mbit/s
Upload: 19.29 Mbit/s
Sat Jul  3 06:45:01 CEST 2021
Ping: 20.182 ms
Download: 289.14 Mbit/s
Upload: 19.35 Mbit/s
Sat Jul  3 07:45:01 CEST 2021
Ping: 24.157 ms
Download: 226.25 Mbit/s
Upload: 18.84 Mbit/s
Sat Jul  3 08:45:01 CEST 2021
Ping: 22.249 ms
Download: 135.76 Mbit/s
Upload: 19.44 Mbit/s
Sat Jul  3 09:45:01 CEST 2021
Ping: 21.783 ms
Download: 168.17 Mbit/s
Upload: 19.03 Mbit/s
Sat Jul  3 10:45:01 CEST 2021
Ping: 20.176 ms
Download: 164.70 Mbit/s
Upload: 19.56 Mbit/s
Sat Jul  3 11:45:01 CEST 2021
Ping: 21.03 ms
Download: 245.63 Mbit/s
Upload: 19.08 Mbit/s
Sat Jul  3 12:45:01 CEST 2021
Ping: 22.502 ms
Download: 283.09 Mbit/s
Upload: 19.38 Mbit/s
Sat Jul  3 13:45:01 CEST 2021
Ping: 23.053 ms
Download: 269.21 Mbit/s
Upload: 19.24 Mbit/s
Sat Jul  3 14:45:01 CEST 2021
Ping: 23.306 ms
Download: 235.75 Mbit/s
Upload: 19.38 Mbit/s
Sat Jul  3 15:45:01 CEST 2021
Ping: 22.039 ms
Download: 207.34 Mbit/s
Upload: 18.91 Mbit/s
Sat Jul  3 16:45:01 CEST 2021
Ping: 21.091 ms
Download: 258.31 Mbit/s
Upload: 19.16 Mbit/s
Sat Jul  3 17:45:01 CEST 2021
Ping: 22.321 ms
Download: 304.38 Mbit/s
Upload: 19.49 Mbit/s
Sat Jul  3 18:45:01 CEST 2021
Ping: 20.459 ms
Download: 233.34 Mbit/s
Upload: 19.28 Mbit/s
Sat Jul  3 19:45:01 CEST 2021
Ping: 19.067 ms
Download: 278.80 Mbit/s
Upload: 18.87 Mbit/s
Sat Jul  3 20:45:01 CEST 2021
Ping: 23.034 ms
Download: 255.11 Mbit/s
Upload: 19.44 Mbit/s
Sat Jul  3 21:45:01 CEST 2021
Ping: 18.722 ms
Download: 206.26 Mbit/s
Upload: 19.20 Mbit/s
Sat Jul  3 22:45:01 CEST 2021
Ping: 22.042 ms
Download: 255.37 Mbit/s
Upload: 19.32 Mbit/s
Sat Jul  3 23:45:01 CEST 2021
Ping: 22.596 ms
Download: 180.63 Mbit/s
Upload: 19.49 Mbit/s
Sun Jul  4 00:45:01 CEST 2021
Ping: 20.842 ms
Download: 248.56 Mbit/s
Upload: 19.08 Mbit/s
Sun Jul  4 01:45:01 CEST 2021
Ping: 23.344 ms
Download: 258.45 Mbit/s
Upload: 19.32 Mbit/s
Sun Jul  4 02:45:01 CEST 2021
Ping: 22.656 ms
Download: 317.94 Mbit/s
Upload: 19.62 Mbit/s
Sun Jul  4 03:45:01 CEST 2021
Ping: 20.25 ms
Download: 245.38 Mbit/s
Upload: 18.83 Mbit/s
Sun Jul  4 04:45:01 CEST 2021
Ping: 20.184 ms
Download: 250.32 Mbit/s
Upload: 19.59 Mbit/s
Sun Jul  4 05:45:01 CEST 2021
Ping: 19.849 ms
Download: 243.19 Mbit/s
Upload: 19.61 Mbit/s
Sun Jul  4 06:45:01 CEST 2021
Ping: 20.081 ms
Download: 257.88 Mbit/s
Upload: 19.14 Mbit/s
Sun Jul  4 07:45:01 CEST 2021
Ping: 21.547 ms
Download: 176.34 Mbit/s
Upload: 18.58 Mbit/s
Sun Jul  4 08:45:01 CEST 2021
Ping: 19.528 ms
Download: 270.15 Mbit/s
Upload: 19.38 Mbit/s
Sun Jul  4 09:45:01 CEST 2021
Ping: 20.92 ms
Download: 214.22 Mbit/s
Upload: 19.04 Mbit/s
Sun Jul  4 10:45:01 CEST 2021
Ping: 22.855 ms
Download: 283.61 Mbit/s
Upload: 19.51 Mbit/s
Sun Jul  4 11:45:01 CEST 2021
Ping: 21.863 ms
Download: 361.86 Mbit/s
Upload: 19.18 Mbit/s
Sun Jul  4 12:45:01 CEST 2021
Ping: 23.506 ms
Download: 177.57 Mbit/s
Upload: 19.57 Mbit/s
Sun Jul  4 13:45:01 CEST 2021
Ping: 19.915 ms
Download: 298.06 Mbit/s
Upload: 19.43 Mbit/s
Sun Jul  4 14:45:01 CEST 2021
Ping: 20.572 ms
Download: 284.57 Mbit/s
Upload: 19.26 Mbit/s
Sun Jul  4 15:45:01 CEST 2021
Ping: 23.503 ms
Download: 240.93 Mbit/s
Upload: 19.34 Mbit/s
Sun Jul  4 16:45:01 CEST 2021
Ping: 19.124 ms
Download: 230.75 Mbit/s
Upload: 19.26 Mbit/s
Sun Jul  4 17:45:01 CEST 2021
Ping: 22.167 ms
Download: 284.53 Mbit/s
Upload: 19.18 Mbit/s
Sun Jul  4 18:45:01 CEST 2021
Ping: 23.473 ms
Download: 260.96 Mbit/s
Upload: 19.13 Mbit/s
Sun Jul  4 19:45:01 CEST 2021
Ping: 21.834 ms
Download: 209.73 Mbit/s
Upload: 18.89 Mbit/s
Sun Jul  4 20:45:01 CEST 2021
Ping: 24.278 ms
Download: 196.81 Mbit/s
Upload: 19.54 Mbit/s
Sun Jul  4 21:45:02 CEST 2021
Ping: 18.784 ms
Download: 290.15 Mbit/s
Upload: 19.22 Mbit/s
Sun Jul  4 22:45:01 CEST 2021
Ping: 21.842 ms
Download: 234.13 Mbit/s
Upload: 19.14 Mbit/s
Sun Jul  4 23:45:01 CEST 2021
Ping: 21.041 ms
Download: 215.46 Mbit/s
Upload: 18.88 Mbit/s
Mon Jul  5 00:45:01 CEST 2021
Ping: 17.551 ms
Download: 32.21 Mbit/s
Upload: 19.49 Mbit/s
Mon Jul  5 01:45:01 CEST 2021
Ping: 17.402 ms
Download: 21.31 Mbit/s
Upload: 16.05 Mbit/s
Mon Jul  5 02:45:01 CEST 2021
Ping: 22.475 ms
Download: 130.66 Mbit/s
Upload: 19.39 Mbit/s
Mon Jul  5 03:45:02 CEST 2021
Ping: 20.91 ms
Download: 222.36 Mbit/s
Upload: 19.33 Mbit/s
Mon Jul  5 04:45:01 CEST 2021
Ping: 19.715 ms
Download: 228.31 Mbit/s
Upload: 19.30 Mbit/s
Mon Jul  5 05:45:01 CEST 2021
Ping: 20.868 ms
Download: 264.45 Mbit/s
Upload: 18.74 Mbit/s
Mon Jul  5 06:45:01 CEST 2021
Ping: 21.184 ms
Download: 172.88 Mbit/s
Upload: 19.07 Mbit/s
Mon Jul  5 07:45:01 CEST 2021
Ping: 21.025 ms
Download: 260.64 Mbit/s
Upload: 19.11 Mbit/s
Mon Jul  5 08:45:01 CEST 2021
Ping: 21.305 ms
Download: 237.30 Mbit/s
Upload: 19.43 Mbit/s
Mon Jul  5 09:45:02 CEST 2021
Ping: 19.713 ms
Download: 252.76 Mbit/s
Upload: 18.39 Mbit/s
Mon Jul  5 10:45:01 CEST 2021
Ping: 20.894 ms
Download: 250.05 Mbit/s
Upload: 19.08 Mbit/s
Mon Jul  5 11:45:01 CEST 2021
Ping: 24.686 ms
Download: 332.42 Mbit/s
Upload: 2.22 Mbit/s
Mon Jul  5 12:45:01 CEST 2021
Ping: 22.726 ms
Download: 242.69 Mbit/s
Upload: 19.15 Mbit/s
Mon Jul  5 13:45:01 CEST 2021
Ping: 24.326 ms
Download: 259.49 Mbit/s
Upload: 19.12 Mbit/s
Mon Jul  5 14:45:01 CEST 2021
Ping: 24.216 ms
Download: 337.18 Mbit/s
Upload: 19.49 Mbit/s
Mon Jul  5 15:45:01 CEST 2021
Ping: 22.333 ms
Download: 245.25 Mbit/s
Upload: 18.66 Mbit/s
Mon Jul  5 16:45:02 CEST 2021
Ping: 20.078 ms
Download: 227.87 Mbit/s
Upload: 19.21 Mbit/s
Mon Jul  5 17:45:01 CEST 2021
Ping: 22.099 ms
Download: 226.42 Mbit/s
Upload: 19.44 Mbit/s
Mon Jul  5 18:45:01 CEST 2021
Ping: 23.448 ms
Download: 211.33 Mbit/s
Upload: 19.34 Mbit/s
Mon Jul  5 19:45:01 CEST 2021
Ping: 21.282 ms
Download: 272.89 Mbit/s
Upload: 19.37 Mbit/s
Mon Jul  5 20:45:01 CEST 2021
Ping: 23.27 ms
Download: 144.16 Mbit/s
Upload: 19.65 Mbit/s
Mon Jul  5 21:45:01 CEST 2021
Ping: 20.717 ms
Download: 194.40 Mbit/s
Upload: 19.34 Mbit/s
Mon Jul  5 22:45:01 CEST 2021
Ping: 21.045 ms
Download: 252.93 Mbit/s
Upload: 19.57 Mbit/s
Mon Jul  5 23:45:01 CEST 2021
Ping: 21.696 ms
Download: 264.46 Mbit/s
Upload: 19.11 Mbit/s
Tue Jul  6 00:45:01 CEST 2021
Ping: 19.112 ms
Download: 240.96 Mbit/s
Upload: 19.09 Mbit/s
Tue Jul  6 01:45:01 CEST 2021
Ping: 22.142 ms
Download: 239.65 Mbit/s
Upload: 19.02 Mbit/s
Tue Jul  6 02:45:01 CEST 2021
Ping: 23.116 ms
Download: 214.44 Mbit/s
Upload: 19.78 Mbit/s
Tue Jul  6 03:45:01 CEST 2021
Ping: 21.329 ms
Download: 258.73 Mbit/s
Upload: 19.50 Mbit/s
Tue Jul  6 04:45:01 CEST 2021
Ping: 19.69 ms
Download: 244.40 Mbit/s
Upload: 19.49 Mbit/s
Tue Jul  6 05:45:01 CEST 2021
Ping: 21.846 ms
Download: 257.82 Mbit/s
Upload: 19.43 Mbit/s
Tue Jul  6 06:45:01 CEST 2021
Ping: 19.563 ms
Download: 233.11 Mbit/s
Upload: 19.59 Mbit/s
Tue Jul  6 07:45:01 CEST 2021
Ping: 21.257 ms
Download: 156.10 Mbit/s
Upload: 19.35 Mbit/s
Tue Jul  6 08:45:02 CEST 2021
Ping: 20.738 ms
Download: 212.11 Mbit/s
Upload: 19.13 Mbit/s
Tue Jul  6 09:45:01 CEST 2021
Ping: 22.33 ms
Download: 273.06 Mbit/s
Upload: 19.45 Mbit/s
Tue Jul  6 10:45:01 CEST 2021
Ping: 21.573 ms
Download: 284.96 Mbit/s
Upload: 19.30 Mbit/s
Tue Jul  6 11:45:01 CEST 2021
Ping: 22.212 ms
Download: 211.94 Mbit/s
Upload: 19.43 Mbit/s
Tue Jul  6 12:45:01 CEST 2021
Ping: 22.425 ms
Download: 319.30 Mbit/s
Upload: 19.55 Mbit/s
Tue Jul  6 13:45:01 CEST 2021
Ping: 23.479 ms
Download: 290.28 Mbit/s
Upload: 19.55 Mbit/s
Tue Jul  6 14:45:01 CEST 2021
Ping: 24.082 ms
Download: 254.57 Mbit/s
Upload: 19.61 Mbit/s
Tue Jul  6 15:45:01 CEST 2021
Ping: 23.357 ms
Download: 172.59 Mbit/s
Upload: 18.47 Mbit/s
Tue Jul  6 16:45:01 CEST 2021
Ping: 22.124 ms
Download: 206.98 Mbit/s
Upload: 19.04 Mbit/s
Tue Jul  6 17:45:01 CEST 2021
Ping: 24.379 ms
Download: 175.00 Mbit/s
Upload: 19.61 Mbit/s
Tue Jul  6 18:45:01 CEST 2021
Ping: 21.861 ms
Download: 247.21 Mbit/s
Upload: 19.44 Mbit/s
Tue Jul  6 19:45:01 CEST 2021
Ping: 23.219 ms
Download: 263.65 Mbit/s
Upload: 19.05 Mbit/s
Tue Jul  6 20:45:01 CEST 2021
Ping: 21.974 ms
Download: 246.31 Mbit/s
Upload: 19.48 Mbit/s
Tue Jul  6 21:45:01 CEST 2021
Ping: 22.238 ms
Download: 262.74 Mbit/s
Upload: 19.48 Mbit/s
Tue Jul  6 22:45:01 CEST 2021
Ping: 23.679 ms
Download: 251.43 Mbit/s
Upload: 18.91 Mbit/s
Tue Jul  6 23:45:01 CEST 2021
Ping: 19.597 ms
Download: 249.80 Mbit/s
Upload: 19.49 Mbit/s
Wed Jul  7 00:45:01 CEST 2021
Ping: 21.865 ms
Download: 169.54 Mbit/s
Upload: 19.51 Mbit/s
Wed Jul  7 01:45:01 CEST 2021
Ping: 19.755 ms
Download: 297.21 Mbit/s
Upload: 19.49 Mbit/s
Wed Jul  7 02:45:01 CEST 2021
Ping: 19.379 ms
Download: 195.99 Mbit/s
Upload: 19.39 Mbit/s
Wed Jul  7 03:45:01 CEST 2021
Ping: 20.816 ms
Download: 243.33 Mbit/s
Upload: 19.54 Mbit/s
Wed Jul  7 04:45:01 CEST 2021
Ping: 19.224 ms
Download: 278.17 Mbit/s
Upload: 19.38 Mbit/s
Wed Jul  7 05:45:01 CEST 2021
Ping: 19.421 ms
Download: 243.34 Mbit/s
Upload: 19.43 Mbit/s
Wed Jul  7 06:45:01 CEST 2021
Ping: 21.606 ms
Download: 250.62 Mbit/s
Upload: 19.10 Mbit/s
Wed Jul  7 07:45:01 CEST 2021
Ping: 21.987 ms
Download: 319.10 Mbit/s
Upload: 18.97 Mbit/s
Wed Jul  7 08:45:01 CEST 2021
Ping: 22.28 ms
Download: 59.67 Mbit/s
Upload: 16.69 Mbit/s
Wed Jul  7 09:45:01 CEST 2021
Ping: 22.173 ms
Download: 274.46 Mbit/s
Upload: 19.14 Mbit/s
Wed Jul  7 10:45:01 CEST 2021
Ping: 21.818 ms
Download: 242.04 Mbit/s
Upload: 19.04 Mbit/s
Wed Jul  7 11:45:01 CEST 2021
Ping: 19.877 ms
Download: 212.71 Mbit/s
Upload: 19.02 Mbit/s
Wed Jul  7 12:45:01 CEST 2021
Ping: 22.543 ms
Download: 274.69 Mbit/s
Upload: 19.39 Mbit/s
Wed Jul  7 13:45:01 CEST 2021
Ping: 22.247 ms
Download: 201.88 Mbit/s
Upload: 18.87 Mbit/s
Wed Jul  7 14:45:01 CEST 2021
Ping: 20.032 ms
Download: 210.52 Mbit/s
Upload: 19.13 Mbit/s
Wed Jul  7 15:45:01 CEST 2021
Ping: 22.569 ms
Download: 213.83 Mbit/s
Upload: 18.79 Mbit/s
Wed Jul  7 16:45:02 CEST 2021
Ping: 21.898 ms
Download: 272.70 Mbit/s
Upload: 19.36 Mbit/s
Wed Jul  7 17:45:02 CEST 2021
Ping: 19.381 ms
Download: 300.77 Mbit/s
Upload: 18.78 Mbit/s
Wed Jul  7 18:45:01 CEST 2021
Ping: 21.985 ms
Download: 260.74 Mbit/s
Upload: 19.46 Mbit/s
Wed Jul  7 19:45:01 CEST 2021
Ping: 20.073 ms
Download: 255.92 Mbit/s
Upload: 19.37 Mbit/s
Wed Jul  7 20:45:01 CEST 2021
Ping: 20.736 ms
Download: 222.36 Mbit/s
Upload: 19.17 Mbit/s
Wed Jul  7 21:45:01 CEST 2021
Ping: 20.174 ms
Download: 227.06 Mbit/s
Upload: 19.28 Mbit/s
Wed Jul  7 22:45:02 CEST 2021
Ping: 22.708 ms
Download: 247.63 Mbit/s
Upload: 19.28 Mbit/s
Wed Jul  7 23:45:01 CEST 2021
Ping: 21.345 ms
Download: 230.46 Mbit/s
Upload: 19.11 Mbit/s
Thu Jul  8 00:45:01 CEST 2021
Ping: 22.603 ms
Download: 246.30 Mbit/s
Upload: 19.56 Mbit/s
Thu Jul  8 01:45:01 CEST 2021
Ping: 20.393 ms
Download: 204.62 Mbit/s
Upload: 19.05 Mbit/s
Thu Jul  8 02:45:01 CEST 2021
Ping: 22.816 ms
Download: 206.63 Mbit/s
Upload: 19.26 Mbit/s
Thu Jul  8 03:45:01 CEST 2021
Ping: 20.323 ms
Download: 232.62 Mbit/s
Upload: 18.93 Mbit/s
Thu Jul  8 04:45:01 CEST 2021
Ping: 21.607 ms
Download: 303.31 Mbit/s
Upload: 19.59 Mbit/s
Thu Jul  8 05:45:01 CEST 2021
Ping: 20.371 ms
Download: 222.62 Mbit/s
Upload: 19.58 Mbit/s
Thu Jul  8 06:45:01 CEST 2021
Ping: 21.739 ms
Download: 239.78 Mbit/s
Upload: 19.38 Mbit/s
Thu Jul  8 07:45:01 CEST 2021
Ping: 22.239 ms
Download: 178.22 Mbit/s
Upload: 19.62 Mbit/s
Thu Jul  8 08:45:01 CEST 2021
Ping: 24.222 ms
Download: 279.13 Mbit/s
Upload: 19.29 Mbit/s
Thu Jul  8 09:45:01 CEST 2021
Ping: 21.173 ms
Download: 244.79 Mbit/s
Upload: 19.40 Mbit/s
Thu Jul  8 10:45:01 CEST 2021
Ping: 21.711 ms
Download: 279.61 Mbit/s
Upload: 19.11 Mbit/s
Thu Jul  8 11:45:01 CEST 2021
Ping: 20.579 ms
Download: 229.54 Mbit/s
Upload: 19.10 Mbit/s
Thu Jul  8 12:45:01 CEST 2021
Ping: 19.083 ms
Download: 278.50 Mbit/s
Upload: 19.02 Mbit/s
Thu Jul  8 13:45:01 CEST 2021
Ping: 19.118 ms
Download: 206.57 Mbit/s
Upload: 19.43 Mbit/s
Thu Jul  8 14:45:01 CEST 2021
Ping: 21.717 ms
Download: 264.98 Mbit/s
Upload: 18.81 Mbit/s
Thu Jul  8 15:45:01 CEST 2021
Ping: 21.562 ms
Download: 237.23 Mbit/s
Upload: 19.58 Mbit/s
Thu Jul  8 16:45:01 CEST 2021
Ping: 22.069 ms
Download: 250.53 Mbit/s
Upload: 19.48 Mbit/s
Thu Jul  8 17:45:01 CEST 2021
Ping: 19.657 ms
Download: 275.37 Mbit/s
Upload: 19.57 Mbit/s
Thu Jul  8 18:45:01 CEST 2021
Ping: 21.783 ms
Download: 265.01 Mbit/s
Upload: 19.13 Mbit/s
Thu Jul  8 19:45:01 CEST 2021
Ping: 21.243 ms
Download: 283.05 Mbit/s
Upload: 19.16 Mbit/s
Thu Jul  8 20:45:01 CEST 2021
Ping: 21.602 ms
Download: 279.48 Mbit/s
Upload: 19.39 Mbit/s
Thu Jul  8 21:45:01 CEST 2021
Ping: 23.492 ms
Download: 187.70 Mbit/s
Upload: 19.83 Mbit/s
Thu Jul  8 22:45:01 CEST 2021
Ping: 22.884 ms
Download: 225.86 Mbit/s
Upload: 19.08 Mbit/s
Thu Jul  8 23:45:01 CEST 2021
Ping: 20.828 ms
Download: 229.72 Mbit/s
Upload: 19.10 Mbit/s
Fri Jul  9 00:45:01 CEST 2021
Ping: 21.13 ms
Download: 210.69 Mbit/s
Upload: 18.94 Mbit/s
Fri Jul  9 01:45:01 CEST 2021
Ping: 20.233 ms
Download: 232.78 Mbit/s
Upload: 19.07 Mbit/s
Fri Jul  9 02:45:01 CEST 2021
Ping: 18.594 ms
Download: 259.51 Mbit/s
Upload: 19.16 Mbit/s
Fri Jul  9 03:45:01 CEST 2021
Ping: 21.532 ms
Download: 230.44 Mbit/s
Upload: 19.27 Mbit/s
Fri Jul  9 04:45:01 CEST 2021
Ping: 20.26 ms
Download: 236.44 Mbit/s
Upload: 19.54 Mbit/s
Fri Jul  9 05:45:01 CEST 2021
Ping: 20.305 ms
Download: 230.17 Mbit/s
Upload: 19.25 Mbit/s
Fri Jul  9 06:45:01 CEST 2021
Ping: 23.03 ms
Download: 222.57 Mbit/s
Upload: 18.11 Mbit/s
Fri Jul  9 07:45:01 CEST 2021
Ping: 24.504 ms
Download: 245.34 Mbit/s
Upload: 19.04 Mbit/s
Fri Jul  9 08:45:02 CEST 2021
Ping: 21.467 ms
Download: 240.16 Mbit/s
Upload: 18.12 Mbit/s
Fri Jul  9 09:45:01 CEST 2021
Ping: 21.817 ms
Download: 264.08 Mbit/s
Upload: 19.41 Mbit/s
Fri Jul  9 10:45:01 CEST 2021
Ping: 23.141 ms
Download: 289.73 Mbit/s
Upload: 18.71 Mbit/s
Fri Jul  9 11:45:01 CEST 2021
Ping: 20.568 ms
Download: 215.63 Mbit/s
Upload: 19.25 Mbit/s
Fri Jul  9 12:45:01 CEST 2021
Could not retrieve speedtest.net configuration
Fri Jul  9 13:45:01 CEST 2021
Ping: 19.972 ms
Download: 200.95 Mbit/s
Upload: 19.14 Mbit/s
Fri Jul  9 14:45:01 CEST 2021
Ping: 23.723 ms
Download: 226.03 Mbit/s
Upload: 18.88 Mbit/s
Fri Jul  9 15:45:01 CEST 2021
Ping: 22.588 ms
Download: 178.98 Mbit/s
Upload: 18.11 Mbit/s
Fri Jul  9 16:45:01 CEST 2021
Ping: 22.182 ms
Download: 263.58 Mbit/s
Upload: 18.94 Mbit/s
Fri Jul  9 17:45:01 CEST 2021
Ping: 22.092 ms
Download: 70.71 Mbit/s
Upload: 15.29 Mbit/s
Fri Jul  9 18:45:01 CEST 2021
Ping: 22.082 ms
Download: 58.02 Mbit/s
Upload: 15.07 Mbit/s
Fri Jul  9 19:45:01 CEST 2021
Ping: 20.42 ms
Download: 263.86 Mbit/s
Upload: 19.28 Mbit/s
Fri Jul  9 20:45:01 CEST 2021
Ping: 21.697 ms
Download: 247.75 Mbit/s
Upload: 19.57 Mbit/s
Fri Jul  9 21:45:01 CEST 2021
Ping: 21.354 ms
Download: 228.16 Mbit/s
Upload: 19.44 Mbit/s
Fri Jul  9 22:45:01 CEST 2021
Ping: 19.893 ms
Download: 246.96 Mbit/s
Upload: 19.52 Mbit/s
Fri Jul  9 23:45:01 CEST 2021
Ping: 22.225 ms
Download: 248.92 Mbit/s
Upload: 18.97 Mbit/s
Sat Jul 10 00:45:01 CEST 2021
Ping: 20.133 ms
Download: 228.64 Mbit/s
Upload: 19.31 Mbit/s
Sat Jul 10 01:45:01 CEST 2021
Ping: 20.927 ms
Download: 260.66 Mbit/s
Upload: 19.16 Mbit/s
Sat Jul 10 02:45:01 CEST 2021
Ping: 21.853 ms
Download: 205.20 Mbit/s
Upload: 19.43 Mbit/s
Sat Jul 10 03:45:01 CEST 2021
Ping: 19.25 ms
Download: 214.58 Mbit/s
Upload: 19.02 Mbit/s
Sat Jul 10 04:45:01 CEST 2021
Ping: 18.935 ms
Download: 178.37 Mbit/s
Upload: 18.99 Mbit/s
Sat Jul 10 05:45:01 CEST 2021
Ping: 21.575 ms
Download: 237.88 Mbit/s
Upload: 19.48 Mbit/s
Sat Jul 10 06:45:01 CEST 2021
Ping: 21.032 ms
Download: 272.03 Mbit/s
Upload: 19.21 Mbit/s
Sat Jul 10 07:45:01 CEST 2021
Ping: 20.852 ms
Download: 248.18 Mbit/s
Upload: 18.98 Mbit/s
Sat Jul 10 08:45:01 CEST 2021
Ping: 19.207 ms
Download: 270.94 Mbit/s
Upload: 18.80 Mbit/s
Sat Jul 10 09:45:01 CEST 2021
Ping: 22.08 ms
Download: 286.99 Mbit/s
Upload: 19.42 Mbit/s
Sat Jul 10 10:45:01 CEST 2021
Ping: 19.889 ms
Download: 301.98 Mbit/s
Upload: 19.17 Mbit/s
Sat Jul 10 11:45:01 CEST 2021
Ping: 19.443 ms
Download: 367.08 Mbit/s
Upload: 19.24 Mbit/s
Sat Jul 10 12:45:01 CEST 2021
Ping: 20.523 ms
Download: 237.02 Mbit/s
Upload: 19.21 Mbit/s
Sat Jul 10 13:45:01 CEST 2021
Ping: 21.673 ms
Download: 269.75 Mbit/s
Upload: 18.89 Mbit/s
Sat Jul 10 14:45:01 CEST 2021
Ping: 18.566 ms
Download: 244.62 Mbit/s
Upload: 19.39 Mbit/s
Sat Jul 10 15:45:01 CEST 2021
Ping: 21.064 ms
Download: 167.91 Mbit/s
Upload: 19.80 Mbit/s
Sat Jul 10 16:45:01 CEST 2021
Ping: 19.833 ms
Download: 198.41 Mbit/s
Upload: 19.20 Mbit/s
Sat Jul 10 17:45:01 CEST 2021
Ping: 23.516 ms
Download: 250.99 Mbit/s
Upload: 19.25 Mbit/s
Sat Jul 10 18:45:01 CEST 2021
Ping: 22.313 ms
Download: 276.62 Mbit/s
Upload: 19.40 Mbit/s
Sat Jul 10 19:45:01 CEST 2021
Ping: 19.69 ms
Download: 232.07 Mbit/s
Upload: 19.19 Mbit/s
Sat Jul 10 20:45:01 CEST 2021
Ping: 20.598 ms
Download: 252.10 Mbit/s
Upload: 19.49 Mbit/s
Sat Jul 10 21:45:01 CEST 2021
Ping: 23.808 ms
Download: 230.40 Mbit/s
Upload: 18.84 Mbit/s
Sat Jul 10 22:45:02 CEST 2021
Ping: 19.745 ms
Download: 267.55 Mbit/s
Upload: 19.28 Mbit/s
Sat Jul 10 23:45:01 CEST 2021
Ping: 21.15 ms
Download: 211.94 Mbit/s
Upload: 19.39 Mbit/s
Sun Jul 11 00:45:01 CEST 2021
Ping: 22.1 ms
Download: 283.47 Mbit/s
Upload: 19.30 Mbit/s
Sun Jul 11 01:45:01 CEST 2021
Ping: 19.478 ms
Download: 369.11 Mbit/s
Upload: 19.24 Mbit/s
Sun Jul 11 02:45:01 CEST 2021
Ping: 20.829 ms
Download: 267.77 Mbit/s
Upload: 19.43 Mbit/s
Sun Jul 11 03:45:02 CEST 2021
Ping: 18.767 ms
Download: 261.56 Mbit/s
Upload: 19.49 Mbit/s
Sun Jul 11 04:45:01 CEST 2021
Ping: 18.795 ms
Download: 275.04 Mbit/s
Upload: 18.91 Mbit/s
Sun Jul 11 05:45:01 CEST 2021
Ping: 20.596 ms
Download: 254.20 Mbit/s
Upload: 19.32 Mbit/s
Sun Jul 11 06:45:01 CEST 2021
Ping: 21.751 ms
Download: 248.78 Mbit/s
Upload: 19.54 Mbit/s
Sun Jul 11 07:45:01 CEST 2021
Ping: 18.896 ms
Download: 233.48 Mbit/s
Upload: 18.88 Mbit/s
Sun Jul 11 08:45:01 CEST 2021
Ping: 19.223 ms
Download: 252.96 Mbit/s
Upload: 19.13 Mbit/s
Sun Jul 11 09:45:01 CEST 2021
Ping: 21.578 ms
Download: 69.15 Mbit/s
Upload: 12.88 Mbit/s
Sun Jul 11 10:45:01 CEST 2021
Ping: 21.66 ms
Download: 256.21 Mbit/s
Upload: 19.25 Mbit/s
Sun Jul 11 11:45:01 CEST 2021
Ping: 24.152 ms
Download: 254.55 Mbit/s
Upload: 17.49 Mbit/s
Sun Jul 11 12:45:01 CEST 2021
Ping: 23.329 ms
Download: 296.69 Mbit/s
Upload: 19.31 Mbit/s
Sun Jul 11 13:45:01 CEST 2021
Ping: 23.392 ms
Download: 202.27 Mbit/s
Upload: 19.63 Mbit/s
Sun Jul 11 14:45:01 CEST 2021
Ping: 21.728 ms
Download: 271.36 Mbit/s
Upload: 19.16 Mbit/s
Sun Jul 11 15:45:01 CEST 2021
Ping: 19.732 ms
Download: 227.86 Mbit/s
Upload: 19.06 Mbit/s
Sun Jul 11 16:45:01 CEST 2021
Ping: 22.418 ms
Download: 169.93 Mbit/s
Upload: 19.48 Mbit/s
Sun Jul 11 17:45:01 CEST 2021
Ping: 21.468 ms
Download: 212.32 Mbit/s
Upload: 19.04 Mbit/s
Sun Jul 11 18:45:01 CEST 2021
Ping: 21.859 ms
Download: 286.22 Mbit/s
Upload: 19.19 Mbit/s
Sun Jul 11 19:45:01 CEST 2021
Ping: 19.418 ms
Download: 280.83 Mbit/s
Upload: 18.65 Mbit/s
Sun Jul 11 20:45:01 CEST 2021
Ping: 22.008 ms
Download: 274.48 Mbit/s
Upload: 19.24 Mbit/s
Sun Jul 11 21:45:01 CEST 2021
Ping: 23.054 ms
Download: 31.67 Mbit/s
Upload: 14.40 Mbit/s
Sun Jul 11 22:45:01 CEST 2021
Ping: 18.717 ms
Download: 289.03 Mbit/s
Upload: 19.16 Mbit/s
Sun Jul 11 23:45:01 CEST 2021
Ping: 21.157 ms
Download: 232.54 Mbit/s
Upload: 19.39 Mbit/s
Mon Jul 12 00:45:01 CEST 2021
Ping: 21.328 ms
Download: 241.53 Mbit/s
Upload: 19.32 Mbit/s
Mon Jul 12 01:45:02 CEST 2021
Ping: 19.071 ms
Download: 228.13 Mbit/s
Upload: 19.39 Mbit/s
Mon Jul 12 02:45:01 CEST 2021
Ping: 21.6 ms
Download: 205.54 Mbit/s
Upload: 19.47 Mbit/s
Mon Jul 12 03:45:02 CEST 2021
Ping: 20.7 ms
Download: 56.34 Mbit/s
Upload: 14.41 Mbit/s
Mon Jul 12 04:45:01 CEST 2021
Ping: 19.271 ms
Download: 233.68 Mbit/s
Upload: 19.55 Mbit/s
Mon Jul 12 05:45:01 CEST 2021
Ping: 19.394 ms
Download: 222.04 Mbit/s
Upload: 19.24 Mbit/s
Mon Jul 12 06:45:01 CEST 2021
Ping: 21.351 ms
Download: 226.65 Mbit/s
Upload: 19.20 Mbit/s
Mon Jul 12 07:45:01 CEST 2021
Ping: 22.09 ms
Download: 206.89 Mbit/s
Upload: 19.39 Mbit/s
Mon Jul 12 08:45:01 CEST 2021
Ping: 19.401 ms
Download: 241.22 Mbit/s
Upload: 19.37 Mbit/s
Mon Jul 12 09:45:01 CEST 2021
Ping: 20.529 ms
Download: 256.07 Mbit/s
Upload: 19.39 Mbit/s
Mon Jul 12 10:45:01 CEST 2021
Ping: 23.693 ms
Download: 319.84 Mbit/s
Upload: 19.80 Mbit/s
Mon Jul 12 11:45:01 CEST 2021
Ping: 20.844 ms
Download: 261.30 Mbit/s
Upload: 19.28 Mbit/s
Mon Jul 12 12:45:02 CEST 2021
Ping: 20.115 ms
Download: 286.00 Mbit/s
Upload: 19.10 Mbit/s
Mon Jul 12 13:45:01 CEST 2021
Ping: 21.874 ms
Download: 281.18 Mbit/s
Upload: 19.30 Mbit/s
Mon Jul 12 14:45:01 CEST 2021
Ping: 23.308 ms
Download: 244.25 Mbit/s
Upload: 19.17 Mbit/s
Mon Jul 12 15:45:01 CEST 2021
Ping: 21.918 ms
Download: 246.24 Mbit/s
Upload: 18.93 Mbit/s
Mon Jul 12 16:45:01 CEST 2021
Ping: 22.477 ms
Download: 79.95 Mbit/s
Upload: 14.75 Mbit/s
Mon Jul 12 17:45:01 CEST 2021
Ping: 19.574 ms
Download: 254.64 Mbit/s
Upload: 19.34 Mbit/s
Mon Jul 12 18:45:01 CEST 2021
Ping: 19.483 ms
Download: 264.65 Mbit/s
Upload: 19.05 Mbit/s
Mon Jul 12 19:45:01 CEST 2021
Ping: 23.911 ms
Download: 232.11 Mbit/s
Upload: 19.35 Mbit/s
Mon Jul 12 20:45:01 CEST 2021
Ping: 23.937 ms
Download: 185.98 Mbit/s
Upload: 18.96 Mbit/s
Mon Jul 12 21:45:01 CEST 2021
Ping: 20.944 ms
Download: 248.39 Mbit/s
Upload: 18.82 Mbit/s
Mon Jul 12 22:45:01 CEST 2021
Ping: 20.838 ms
Download: 274.21 Mbit/s
Upload: 18.98 Mbit/s
Mon Jul 12 23:45:01 CEST 2021
Ping: 22.509 ms
Download: 242.10 Mbit/s
Upload: 18.20 Mbit/s
Tue Jul 13 00:45:01 CEST 2021
Ping: 22.372 ms
Download: 64.68 Mbit/s
Upload: 15.79 Mbit/s
Tue Jul 13 01:45:01 CEST 2021
Ping: 18.79 ms
Download: 232.03 Mbit/s
Upload: 19.28 Mbit/s
Tue Jul 13 02:45:01 CEST 2021
Ping: 21.856 ms
Download: 286.17 Mbit/s
Upload: 19.13 Mbit/s
Tue Jul 13 03:45:01 CEST 2021
Ping: 20.758 ms
Download: 259.45 Mbit/s
Upload: 19.03 Mbit/s
Tue Jul 13 04:45:01 CEST 2021
Ping: 20.067 ms
Download: 262.05 Mbit/s
Upload: 19.21 Mbit/s
Tue Jul 13 05:45:01 CEST 2021
Ping: 20.111 ms
Download: 219.56 Mbit/s
Upload: 19.10 Mbit/s
Tue Jul 13 06:45:01 CEST 2021
Ping: 20.159 ms
Download: 249.44 Mbit/s
Upload: 19.09 Mbit/s
Tue Jul 13 07:45:01 CEST 2021
Ping: 22.008 ms
Download: 268.16 Mbit/s
Upload: 19.20 Mbit/s
Tue Jul 13 08:45:01 CEST 2021
Ping: 22.575 ms
Download: 270.13 Mbit/s
Upload: 19.15 Mbit/s
Tue Jul 13 09:45:01 CEST 2021
Ping: 21.593 ms
Download: 159.59 Mbit/s
Upload: 19.43 Mbit/s
Tue Jul 13 10:45:02 CEST 2021
Ping: 18.414 ms
Download: 351.34 Mbit/s
Upload: 19.16 Mbit/s
Tue Jul 13 11:45:01 CEST 2021
Ping: 22.426 ms
Download: 168.19 Mbit/s
Upload: 19.60 Mbit/s
Tue Jul 13 12:45:01 CEST 2021
Ping: 22.837 ms
Download: 136.84 Mbit/s
Upload: 19.77 Mbit/s
Tue Jul 13 13:45:01 CEST 2021
Ping: 20.247 ms
Download: 229.26 Mbit/s
Upload: 19.44 Mbit/s
Tue Jul 13 14:45:01 CEST 2021
Ping: 22.368 ms
Download: 310.87 Mbit/s
Upload: 18.80 Mbit/s
Tue Jul 13 15:45:01 CEST 2021
Ping: 20.388 ms
Download: 312.44 Mbit/s
Upload: 19.40 Mbit/s
Tue Jul 13 16:45:01 CEST 2021
Ping: 23.999 ms
Download: 51.28 Mbit/s
Upload: 15.63 Mbit/s
Tue Jul 13 17:45:01 CEST 2021
Ping: 20.906 ms
Download: 340.25 Mbit/s
Upload: 19.26 Mbit/s
Tue Jul 13 18:45:01 CEST 2021
Ping: 21.587 ms
Download: 263.19 Mbit/s
Upload: 19.27 Mbit/s
Tue Jul 13 19:45:01 CEST 2021
Ping: 21.578 ms
Download: 223.15 Mbit/s
Upload: 19.11 Mbit/s
Tue Jul 13 20:45:01 CEST 2021
Ping: 21.82 ms
Download: 257.40 Mbit/s
Upload: 19.06 Mbit/s
Tue Jul 13 21:45:01 CEST 2021
Ping: 24.376 ms
Download: 31.36 Mbit/s
Upload: 15.09 Mbit/s
Tue Jul 13 22:45:01 CEST 2021
Ping: 23.318 ms
Download: 26.93 Mbit/s
Upload: 13.84 Mbit/s
Tue Jul 13 23:45:01 CEST 2021
Ping: 20.654 ms
Download: 237.52 Mbit/s
Upload: 18.84 Mbit/s
Wed Jul 14 00:45:01 CEST 2021
Could not retrieve speedtest.net configuration
Wed Jul 14 01:45:01 CEST 2021
Ping: 20.774 ms
Download: 57.17 Mbit/s
Upload: 13.60 Mbit/s
Wed Jul 14 02:45:01 CEST 2021
Ping: 21.084 ms
Download: 218.90 Mbit/s
Upload: 19.21 Mbit/s
Wed Jul 14 03:45:01 CEST 2021
Ping: 19.499 ms
Download: 269.82 Mbit/s
Upload: 19.38 Mbit/s
Wed Jul 14 04:45:01 CEST 2021
Ping: 21.524 ms
Download: 271.11 Mbit/s
Upload: 19.38 Mbit/s
Wed Jul 14 05:45:01 CEST 2021
Ping: 21.532 ms
Download: 258.77 Mbit/s
Upload: 19.09 Mbit/s
Wed Jul 14 06:45:01 CEST 2021
Ping: 23.361 ms
Download: 70.37 Mbit/s
Upload: 14.10 Mbit/s
Wed Jul 14 07:45:01 CEST 2021
Ping: 23.835 ms
Download: 250.34 Mbit/s
Upload: 19.60 Mbit/s
Wed Jul 14 08:45:01 CEST 2021
Ping: 21.42 ms
Download: 229.25 Mbit/s
Upload: 19.09 Mbit/s
Wed Jul 14 09:45:01 CEST 2021
Ping: 19.698 ms
Download: 229.10 Mbit/s
Upload: 19.37 Mbit/s
Wed Jul 14 10:45:01 CEST 2021
Ping: 22.363 ms
Download: 266.10 Mbit/s
Upload: 18.87 Mbit/s
Wed Jul 14 11:45:01 CEST 2021
Ping: 20.403 ms
Download: 235.09 Mbit/s
Upload: 19.54 Mbit/s
Wed Jul 14 12:45:01 CEST 2021
Ping: 23.556 ms
Download: 289.18 Mbit/s
Upload: 18.75 Mbit/s
Wed Jul 14 13:45:01 CEST 2021
Ping: 19.252 ms
Download: 289.66 Mbit/s
Upload: 18.71 Mbit/s
Wed Jul 14 14:45:01 CEST 2021
Ping: 23.62 ms
Download: 62.55 Mbit/s
Upload: 14.19 Mbit/s
Wed Jul 14 15:45:01 CEST 2021
Ping: 22.378 ms
Download: 86.09 Mbit/s
Upload: 14.64 Mbit/s
Wed Jul 14 16:45:01 CEST 2021
Ping: 25.989 ms
Download: 320.66 Mbit/s
Upload: 1.20 Mbit/s
Wed Jul 14 17:45:01 CEST 2021
Ping: 27.575 ms
Download: 253.25 Mbit/s
Upload: 19.34 Mbit/s
Wed Jul 14 18:45:01 CEST 2021
Ping: 26.011 ms
Download: 330.82 Mbit/s
Upload: 2.21 Mbit/s
Wed Jul 14 19:45:01 CEST 2021
Ping: 24.165 ms
Download: 160.50 Mbit/s
Upload: 19.35 Mbit/s
Wed Jul 14 20:45:01 CEST 2021
Ping: 20.735 ms
Download: 202.79 Mbit/s
Upload: 19.44 Mbit/s
Wed Jul 14 21:45:01 CEST 2021
Ping: 19.262 ms
Download: 248.43 Mbit/s
Upload: 18.24 Mbit/s
Wed Jul 14 22:45:01 CEST 2021
Ping: 20.239 ms
Download: 320.52 Mbit/s
Upload: 19.29 Mbit/s
Wed Jul 14 23:45:02 CEST 2021
Ping: 20.426 ms
Download: 244.52 Mbit/s
Upload: 19.30 Mbit/s
Thu Jul 15 00:45:01 CEST 2021
Ping: 19.35 ms
Download: 246.12 Mbit/s
Upload: 17.65 Mbit/s
Thu Jul 15 01:45:01 CEST 2021
Ping: 22.777 ms
Download: 188.38 Mbit/s
Upload: 19.37 Mbit/s
Thu Jul 15 02:45:01 CEST 2021
Ping: 18.547 ms
Download: 209.05 Mbit/s
Upload: 19.49 Mbit/s
Thu Jul 15 03:45:01 CEST 2021
Ping: 20.854 ms
Download: 259.06 Mbit/s
Upload: 19.54 Mbit/s
Thu Jul 15 04:45:01 CEST 2021
Ping: 19.852 ms
Download: 210.31 Mbit/s
Upload: 19.45 Mbit/s
Thu Jul 15 05:45:01 CEST 2021
Ping: 20.457 ms
Download: 242.56 Mbit/s
Upload: 18.74 Mbit/s
Thu Jul 15 06:45:01 CEST 2021
Ping: 18.572 ms
Download: 294.34 Mbit/s
Upload: 19.44 Mbit/s
Thu Jul 15 07:45:02 CEST 2021
Ping: 21.049 ms
Download: 74.81 Mbit/s
Upload: 15.85 Mbit/s
Thu Jul 15 08:45:01 CEST 2021
Ping: 20.229 ms
Download: 303.73 Mbit/s
Upload: 19.40 Mbit/s
Thu Jul 15 09:45:01 CEST 2021
Ping: 20.16 ms
Download: 244.49 Mbit/s
Upload: 19.39 Mbit/s
Thu Jul 15 10:45:02 CEST 2021
Ping: 20.058 ms
Download: 260.03 Mbit/s
Upload: 19.46 Mbit/s
Thu Jul 15 11:45:02 CEST 2021
Ping: 22.136 ms
Download: 195.18 Mbit/s
Upload: 18.86 Mbit/s
Thu Jul 15 12:45:01 CEST 2021
Ping: 23.0 ms
Download: 331.37 Mbit/s
Upload: 19.40 Mbit/s
Thu Jul 15 13:45:01 CEST 2021
Ping: 23.856 ms
Download: 331.01 Mbit/s
Upload: 19.78 Mbit/s
Thu Jul 15 14:45:01 CEST 2021
Ping: 20.752 ms
Download: 180.17 Mbit/s
Upload: 17.65 Mbit/s
Thu Jul 15 15:45:01 CEST 2021
Ping: 19.225 ms
Download: 265.25 Mbit/s
Upload: 19.40 Mbit/s
Thu Jul 15 16:45:01 CEST 2021
Ping: 21.532 ms
Download: 67.90 Mbit/s
Upload: 13.19 Mbit/s
Thu Jul 15 17:45:02 CEST 2021
Ping: 22.244 ms
Download: 234.42 Mbit/s
Upload: 17.65 Mbit/s
Thu Jul 15 18:45:01 CEST 2021
Ping: 21.071 ms
Download: 282.20 Mbit/s
Upload: 19.37 Mbit/s
Thu Jul 15 19:45:01 CEST 2021
Ping: 19.495 ms
Download: 277.14 Mbit/s
Upload: 12.17 Mbit/s
Thu Jul 15 20:45:01 CEST 2021
Ping: 22.288 ms
Download: 221.30 Mbit/s
Upload: 19.25 Mbit/s
Thu Jul 15 21:45:01 CEST 2021
Ping: 24.823 ms
Download: 238.50 Mbit/s
Upload: 19.48 Mbit/s
Thu Jul 15 22:45:01 CEST 2021
Ping: 19.673 ms
Download: 231.87 Mbit/s
Upload: 18.77 Mbit/s
Thu Jul 15 23:45:01 CEST 2021
Ping: 20.575 ms
Download: 286.57 Mbit/s
Upload: 19.32 Mbit/s
Fri Jul 16 00:45:01 CEST 2021
Ping: 19.398 ms
Download: 229.69 Mbit/s
Upload: 19.09 Mbit/s
Fri Jul 16 01:45:01 CEST 2021
Ping: 20.256 ms
Download: 246.12 Mbit/s
Upload: 19.48 Mbit/s
Fri Jul 16 02:45:01 CEST 2021
Ping: 21.437 ms
Download: 206.85 Mbit/s
Upload: 19.70 Mbit/s
Fri Jul 16 03:45:01 CEST 2021
Ping: 20.989 ms
Download: 190.11 Mbit/s
Upload: 19.19 Mbit/s
Fri Jul 16 04:45:01 CEST 2021
Ping: 22.464 ms
Download: 65.61 Mbit/s
Upload: 14.14 Mbit/s
Fri Jul 16 05:45:01 CEST 2021
Ping: 20.5 ms
Download: 236.01 Mbit/s
Upload: 18.75 Mbit/s
Fri Jul 16 06:45:01 CEST 2021
Ping: 24.172 ms
Download: 199.22 Mbit/s
Upload: 18.57 Mbit/s
Fri Jul 16 07:45:01 CEST 2021
Ping: 22.371 ms
Download: 226.74 Mbit/s
Upload: 19.26 Mbit/s
Fri Jul 16 08:45:01 CEST 2021
Ping: 20.23 ms
Download: 201.40 Mbit/s
Upload: 19.23 Mbit/s
Fri Jul 16 09:45:02 CEST 2021
Ping: 21.232 ms
Download: 237.11 Mbit/s
Upload: 19.09 Mbit/s
Fri Jul 16 10:45:01 CEST 2021
Ping: 22.391 ms
Download: 222.90 Mbit/s
Upload: 18.81 Mbit/s
Fri Jul 16 11:45:02 CEST 2021
Ping: 21.719 ms
Download: 307.98 Mbit/s
Upload: 18.92 Mbit/s
Fri Jul 16 12:45:01 CEST 2021
Ping: 21.435 ms
Download: 44.51 Mbit/s
Upload: 16.04 Mbit/s
Fri Jul 16 13:45:01 CEST 2021
Ping: 22.133 ms
Download: 178.96 Mbit/s
Upload: 17.16 Mbit/s
Fri Jul 16 14:45:01 CEST 2021
Ping: 21.763 ms
Download: 79.29 Mbit/s
Upload: 14.97 Mbit/s
Fri Jul 16 15:45:01 CEST 2021
Ping: 22.26 ms
Download: 59.80 Mbit/s
Upload: 15.83 Mbit/s
Fri Jul 16 16:45:01 CEST 2021
Ping: 22.299 ms
Download: 65.28 Mbit/s
Upload: 16.61 Mbit/s
Fri Jul 16 17:45:01 CEST 2021
Ping: 20.731 ms
Download: 47.23 Mbit/s
Upload: 14.42 Mbit/s
Fri Jul 16 18:45:01 CEST 2021
Ping: 20.281 ms
Download: 190.00 Mbit/s
Upload: 18.69 Mbit/s
Fri Jul 16 19:45:01 CEST 2021
Ping: 22.789 ms
Download: 193.77 Mbit/s
Upload: 19.76 Mbit/s
Fri Jul 16 20:45:01 CEST 2021
Ping: 24.235 ms
Download: 221.59 Mbit/s
Upload: 18.73 Mbit/s
Fri Jul 16 21:45:01 CEST 2021
Ping: 21.706 ms
Download: 232.64 Mbit/s
Upload: 19.16 Mbit/s
Fri Jul 16 22:45:01 CEST 2021
Ping: 22.07 ms
Download: 253.33 Mbit/s
Upload: 17.94 Mbit/s
Fri Jul 16 23:45:01 CEST 2021
Ping: 23.491 ms
Download: 255.92 Mbit/s
Upload: 18.99 Mbit/s
Sat Jul 17 00:45:01 CEST 2021
Ping: 21.742 ms
Download: 229.24 Mbit/s
Upload: 19.52 Mbit/s
Sat Jul 17 01:45:01 CEST 2021
Ping: 23.181 ms
Download: 264.10 Mbit/s
Upload: 18.83 Mbit/s
Sat Jul 17 02:45:01 CEST 2021
Ping: 21.829 ms
Download: 162.52 Mbit/s
Upload: 17.05 Mbit/s
Sat Jul 17 03:45:01 CEST 2021
Ping: 21.305 ms
Download: 171.40 Mbit/s
Upload: 17.64 Mbit/s
Sat Jul 17 04:45:02 CEST 2021
Ping: 21.329 ms
Download: 182.77 Mbit/s
Upload: 17.97 Mbit/s
Sat Jul 17 05:45:01 CEST 2021
Ping: 23.02 ms
Download: 216.42 Mbit/s
Upload: 18.84 Mbit/s
Sat Jul 17 06:45:01 CEST 2021
Ping: 20.861 ms
Download: 278.34 Mbit/s
Upload: 17.99 Mbit/s
Sat Jul 17 07:45:01 CEST 2021
Ping: 22.029 ms
Download: 166.45 Mbit/s
Upload: 19.42 Mbit/s
Sat Jul 17 08:45:01 CEST 2021
Ping: 22.684 ms
Download: 224.30 Mbit/s
Upload: 18.57 Mbit/s
Sat Jul 17 09:45:01 CEST 2021
Ping: 23.186 ms
Download: 193.78 Mbit/s
Upload: 19.15 Mbit/s
Sat Jul 17 10:45:01 CEST 2021
Ping: 23.016 ms
Download: 251.59 Mbit/s
Upload: 18.63 Mbit/s
Sat Jul 17 11:45:01 CEST 2021
Ping: 21.874 ms
Download: 244.75 Mbit/s
Upload: 17.57 Mbit/s
Sat Jul 17 12:45:01 CEST 2021
Ping: 21.434 ms
Download: 195.87 Mbit/s
Upload: 19.34 Mbit/s
Sat Jul 17 13:45:01 CEST 2021
Ping: 22.991 ms
Download: 173.85 Mbit/s
Upload: 18.27 Mbit/s
Sat Jul 17 14:45:02 CEST 2021
Ping: 21.745 ms
Download: 334.92 Mbit/s
Upload: 18.95 Mbit/s
Sat Jul 17 15:45:01 CEST 2021
Ping: 20.699 ms
Download: 268.51 Mbit/s
Upload: 18.70 Mbit/s
Sat Jul 17 16:45:01 CEST 2021
Ping: 22.057 ms
Download: 71.95 Mbit/s
Upload: 14.78 Mbit/s
Sat Jul 17 17:45:01 CEST 2021
Ping: 22.63 ms
Download: 177.51 Mbit/s
Upload: 19.23 Mbit/s
Sat Jul 17 18:45:01 CEST 2021
Ping: 21.055 ms
Download: 243.33 Mbit/s
Upload: 18.98 Mbit/s
Sat Jul 17 19:45:01 CEST 2021
Ping: 22.98 ms
Download: 269.53 Mbit/s
Upload: 18.96 Mbit/s
Sat Jul 17 20:45:01 CEST 2021
Ping: 22.776 ms
Download: 209.11 Mbit/s
Upload: 19.36 Mbit/s
Sat Jul 17 21:45:01 CEST 2021
Ping: 22.464 ms
Download: 203.84 Mbit/s
Upload: 18.76 Mbit/s
Sat Jul 17 22:45:01 CEST 2021
Ping: 21.508 ms
Download: 14.19 Mbit/s
Upload: 10.98 Mbit/s
Sat Jul 17 23:45:01 CEST 2021
Ping: 20.761 ms
Download: 229.84 Mbit/s
Upload: 19.21 Mbit/s
Sun Jul 18 00:45:01 CEST 2021
Ping: 22.235 ms
Download: 63.61 Mbit/s
Upload: 14.79 Mbit/s
Sun Jul 18 01:45:01 CEST 2021
Ping: 21.05 ms
Download: 178.46 Mbit/s
Upload: 18.86 Mbit/s
Sun Jul 18 02:45:02 CEST 2021
Ping: 20.374 ms
Download: 211.98 Mbit/s
Upload: 18.42 Mbit/s
Sun Jul 18 03:45:01 CEST 2021
Ping: 22.328 ms
Download: 60.56 Mbit/s
Upload: 14.14 Mbit/s
Sun Jul 18 04:45:01 CEST 2021
Ping: 21.74 ms
Download: 195.13 Mbit/s
Upload: 18.72 Mbit/s
Sun Jul 18 05:45:01 CEST 2021
Ping: 23.506 ms
Download: 67.76 Mbit/s
Upload: 16.02 Mbit/s
Sun Jul 18 06:45:01 CEST 2021
Ping: 22.006 ms
Download: 69.50 Mbit/s
Upload: 18.38 Mbit/s
Sun Jul 18 07:45:01 CEST 2021
Ping: 21.5 ms
Download: 186.84 Mbit/s
Upload: 18.36 Mbit/s
Sun Jul 18 08:45:01 CEST 2021
Ping: 20.874 ms
Download: 261.61 Mbit/s
Upload: 18.54 Mbit/s
Sun Jul 18 09:45:01 CEST 2021
Ping: 22.952 ms
Download: 54.38 Mbit/s
Upload: 16.11 Mbit/s
Sun Jul 18 10:45:01 CEST 2021
Ping: 23.156 ms
Download: 187.93 Mbit/s
Upload: 18.58 Mbit/s
Sun Jul 18 11:45:01 CEST 2021
Ping: 22.961 ms
Download: 200.29 Mbit/s
Upload: 18.40 Mbit/s
Sun Jul 18 12:45:01 CEST 2021
Ping: 22.813 ms
Download: 182.67 Mbit/s
Upload: 17.61 Mbit/s
Sun Jul 18 13:45:01 CEST 2021
Ping: 22.989 ms
Download: 216.59 Mbit/s
Upload: 17.61 Mbit/s
Sun Jul 18 14:45:02 CEST 2021
Ping: 22.05 ms
Download: 176.03 Mbit/s
Upload: 18.27 Mbit/s
Sun Jul 18 15:45:01 CEST 2021
Ping: 23.936 ms
Download: 60.38 Mbit/s
Upload: 14.24 Mbit/s
Sun Jul 18 16:45:01 CEST 2021
Ping: 23.201 ms
Download: 209.83 Mbit/s
Upload: 19.46 Mbit/s
Sun Jul 18 17:45:01 CEST 2021
Ping: 21.399 ms
Download: 231.70 Mbit/s
Upload: 18.28 Mbit/s
Sun Jul 18 18:45:01 CEST 2021
Ping: 23.551 ms
Download: 73.11 Mbit/s
Upload: 14.00 Mbit/s
Sun Jul 18 19:45:02 CEST 2021
Ping: 21.536 ms
Download: 234.85 Mbit/s
Upload: 19.10 Mbit/s
Sun Jul 18 20:45:01 CEST 2021
Ping: 23.007 ms
Download: 221.43 Mbit/s
Upload: 18.02 Mbit/s
Sun Jul 18 21:45:01 CEST 2021
Ping: 22.553 ms
Download: 205.11 Mbit/s
Upload: 17.91 Mbit/s
Sun Jul 18 22:45:01 CEST 2021
Ping: 22.73 ms
Download: 221.80 Mbit/s
Upload: 19.36 Mbit/s
Sun Jul 18 23:45:01 CEST 2021
Ping: 21.372 ms
Download: 196.96 Mbit/s
Upload: 16.45 Mbit/s
Mon Jul 19 00:45:01 CEST 2021
Ping: 22.55 ms
Download: 98.12 Mbit/s
Upload: 17.97 Mbit/s
Mon Jul 19 01:45:01 CEST 2021
Ping: 21.743 ms
Download: 183.65 Mbit/s
Upload: 16.99 Mbit/s
Mon Jul 19 02:45:01 CEST 2021
Ping: 20.957 ms
Download: 230.80 Mbit/s
Upload: 16.98 Mbit/s
Mon Jul 19 03:45:01 CEST 2021
Ping: 22.503 ms
Download: 182.30 Mbit/s
Upload: 17.50 Mbit/s
Mon Jul 19 04:45:01 CEST 2021
Ping: 21.494 ms
Download: 88.56 Mbit/s
Upload: 16.27 Mbit/s
Mon Jul 19 05:45:01 CEST 2021
Ping: 21.699 ms
Download: 178.44 Mbit/s
Upload: 19.69 Mbit/s
Mon Jul 19 06:45:01 CEST 2021
Ping: 21.44 ms
Download: 195.88 Mbit/s
Upload: 19.22 Mbit/s
Mon Jul 19 07:45:01 CEST 2021
Ping: 23.679 ms
Download: 180.79 Mbit/s
Upload: 17.34 Mbit/s
Mon Jul 19 08:45:01 CEST 2021
Ping: 21.582 ms
Download: 50.62 Mbit/s
Upload: 14.98 Mbit/s
Mon Jul 19 09:45:01 CEST 2021
Ping: 23.848 ms
Download: 182.35 Mbit/s
Upload: 18.62 Mbit/s
Mon Jul 19 10:45:01 CEST 2021
Ping: 21.837 ms
Download: 175.89 Mbit/s
Upload: 18.75 Mbit/s
Mon Jul 19 11:45:01 CEST 2021
Ping: 22.545 ms
Download: 48.38 Mbit/s
Upload: 13.80 Mbit/s
Mon Jul 19 12:45:01 CEST 2021
Ping: 21.921 ms
Download: 221.69 Mbit/s
Upload: 17.35 Mbit/s
Mon Jul 19 13:45:01 CEST 2021
Ping: 22.965 ms
Download: 241.77 Mbit/s
Upload: 18.62 Mbit/s
Mon Jul 19 14:45:01 CEST 2021
Ping: 21.879 ms
Download: 83.60 Mbit/s
Upload: 14.30 Mbit/s
Mon Jul 19 15:45:01 CEST 2021
Ping: 24.019 ms
Download: 276.60 Mbit/s
Upload: 18.63 Mbit/s
Mon Jul 19 16:45:01 CEST 2021
Ping: 22.314 ms
Download: 74.98 Mbit/s
Upload: 13.95 Mbit/s
Mon Jul 19 17:45:01 CEST 2021
Ping: 23.025 ms
Download: 257.80 Mbit/s
Upload: 17.69 Mbit/s
Mon Jul 19 18:45:01 CEST 2021
Ping: 22.575 ms
Download: 197.02 Mbit/s
Upload: 18.66 Mbit/s
Mon Jul 19 19:45:01 CEST 2021
Ping: 23.008 ms
Download: 253.29 Mbit/s
Upload: 17.51 Mbit/s
Mon Jul 19 20:45:01 CEST 2021
Ping: 20.927 ms
Download: 184.29 Mbit/s
Upload: 18.65 Mbit/s
Mon Jul 19 21:45:01 CEST 2021
Ping: 22.996 ms
Download: 236.39 Mbit/s
Upload: 18.59 Mbit/s
Mon Jul 19 22:45:01 CEST 2021
Ping: 21.93 ms
Download: 247.49 Mbit/s
Upload: 18.26 Mbit/s
Mon Jul 19 23:45:01 CEST 2021
Ping: 21.699 ms
Download: 180.38 Mbit/s
Upload: 19.15 Mbit/s
Tue Jul 20 00:45:01 CEST 2021
Ping: 21.628 ms
Download: 167.43 Mbit/s
Upload: 19.05 Mbit/s
Tue Jul 20 01:45:01 CEST 2021
Ping: 22.859 ms
Download: 77.86 Mbit/s
Upload: 18.74 Mbit/s
Tue Jul 20 02:45:01 CEST 2021
Ping: 22.29 ms
Download: 209.91 Mbit/s
Upload: 19.11 Mbit/s
Tue Jul 20 03:45:02 CEST 2021
Ping: 21.759 ms
Download: 57.72 Mbit/s
Upload: 19.68 Mbit/s
Tue Jul 20 04:45:01 CEST 2021
Ping: 20.214 ms
Download: 241.64 Mbit/s
Upload: 19.79 Mbit/s
Tue Jul 20 05:45:01 CEST 2021
Ping: 21.663 ms
Download: 75.75 Mbit/s
Upload: 19.74 Mbit/s
Tue Jul 20 06:45:01 CEST 2021
Ping: 20.929 ms
Download: 217.51 Mbit/s
Upload: 19.53 Mbit/s
Tue Jul 20 07:45:01 CEST 2021
Ping: 21.06 ms
Download: 66.14 Mbit/s
Upload: 19.17 Mbit/s
Tue Jul 20 08:45:01 CEST 2021
Ping: 20.76 ms
Download: 223.63 Mbit/s
Upload: 19.13 Mbit/s
Tue Jul 20 09:45:01 CEST 2021
Ping: 23.835 ms
Download: 364.28 Mbit/s
Upload: 19.21 Mbit/s
Tue Jul 20 10:45:01 CEST 2021
Ping: 22.62 ms
Download: 67.26 Mbit/s
Upload: 19.16 Mbit/s
Tue Jul 20 11:45:01 CEST 2021
Ping: 22.617 ms
Download: 188.44 Mbit/s
Upload: 17.95 Mbit/s
Tue Jul 20 12:45:01 CEST 2021
Ping: 22.823 ms
Download: 260.30 Mbit/s
Upload: 19.27 Mbit/s
Tue Jul 20 13:45:01 CEST 2021
Ping: 22.233 ms
Download: 57.72 Mbit/s
Upload: 18.95 Mbit/s
Tue Jul 20 14:45:01 CEST 2021
Ping: 21.227 ms
Download: 64.69 Mbit/s
Upload: 18.94 Mbit/s
Tue Jul 20 15:45:01 CEST 2021
Ping: 22.998 ms
Download: 174.24 Mbit/s
Upload: 18.99 Mbit/s
Tue Jul 20 16:45:01 CEST 2021
Ping: 22.406 ms
Download: 134.21 Mbit/s
Upload: 18.44 Mbit/s
Tue Jul 20 17:45:01 CEST 2021
Ping: 23.849 ms
Download: 174.11 Mbit/s
Upload: 18.14 Mbit/s
Tue Jul 20 18:45:01 CEST 2021
Ping: 21.298 ms
Download: 227.35 Mbit/s
Upload: 19.38 Mbit/s
Tue Jul 20 19:45:01 CEST 2021
Ping: 24.819 ms
Download: 206.91 Mbit/s
Upload: 18.45 Mbit/s
Tue Jul 20 20:45:01 CEST 2021
Ping: 21.673 ms
Download: 184.31 Mbit/s
Upload: 19.27 Mbit/s
Tue Jul 20 21:45:01 CEST 2021
Ping: 21.748 ms
Download: 206.18 Mbit/s
Upload: 17.93 Mbit/s
Tue Jul 20 22:45:01 CEST 2021
Ping: 22.781 ms
Download: 137.09 Mbit/s
Upload: 18.84 Mbit/s
Tue Jul 20 23:45:01 CEST 2021
Ping: 22.921 ms
Download: 282.70 Mbit/s
Upload: 19.40 Mbit/s
Wed Jul 21 00:45:01 CEST 2021
Ping: 21.772 ms
Download: 164.89 Mbit/s
Upload: 17.57 Mbit/s
Wed Jul 21 01:45:01 CEST 2021
Ping: 23.246 ms
Download: 203.96 Mbit/s
Upload: 18.54 Mbit/s
Wed Jul 21 02:45:01 CEST 2021
Ping: 22.199 ms
Download: 189.35 Mbit/s
Upload: 19.54 Mbit/s
Wed Jul 21 03:45:01 CEST 2021
Ping: 21.618 ms
Download: 206.91 Mbit/s
Upload: 18.09 Mbit/s
Wed Jul 21 04:45:01 CEST 2021
Ping: 22.676 ms
Download: 283.35 Mbit/s
Upload: 19.36 Mbit/s
Wed Jul 21 05:45:01 CEST 2021
Ping: 21.081 ms
Download: 208.48 Mbit/s
Upload: 19.48 Mbit/s
Wed Jul 21 06:45:01 CEST 2021
Ping: 23.578 ms
Download: 176.76 Mbit/s
Upload: 19.16 Mbit/s
Wed Jul 21 07:45:01 CEST 2021
Ping: 21.211 ms
Download: 247.48 Mbit/s
Upload: 19.04 Mbit/s
Wed Jul 21 08:45:01 CEST 2021
Ping: 20.708 ms
Download: 250.23 Mbit/s
Upload: 17.84 Mbit/s
Wed Jul 21 09:45:01 CEST 2021
Ping: 23.269 ms
Download: 154.88 Mbit/s
Upload: 19.00 Mbit/s
Wed Jul 21 10:45:01 CEST 2021
Ping: 21.892 ms
Download: 256.80 Mbit/s
Upload: 19.48 Mbit/s
Wed Jul 21 11:45:01 CEST 2021
Ping: 22.345 ms
Download: 114.89 Mbit/s
Upload: 18.69 Mbit/s
Wed Jul 21 12:45:01 CEST 2021
Ping: 22.574 ms
Download: 217.39 Mbit/s
Upload: 19.52 Mbit/s
Wed Jul 21 13:45:01 CEST 2021
Ping: 23.251 ms
Download: 211.61 Mbit/s
Upload: 19.15 Mbit/s
Wed Jul 21 14:45:01 CEST 2021
Ping: 21.57 ms
Download: 174.35 Mbit/s
Upload: 19.25 Mbit/s
Wed Jul 21 15:45:01 CEST 2021
Ping: 23.093 ms
Download: 38.56 Mbit/s
Upload: 18.31 Mbit/s
Wed Jul 21 16:45:01 CEST 2021
Ping: 21.605 ms
Download: 163.29 Mbit/s
Upload: 19.76 Mbit/s
Wed Jul 21 17:45:01 CEST 2021
Ping: 23.973 ms
Download: 177.08 Mbit/s
Upload: 19.40 Mbit/s
Wed Jul 21 18:45:01 CEST 2021
Ping: 21.758 ms
Download: 246.85 Mbit/s
Upload: 19.34 Mbit/s
Wed Jul 21 19:45:02 CEST 2021
Ping: 22.233 ms
Download: 200.44 Mbit/s
Upload: 18.36 Mbit/s
Wed Jul 21 20:45:01 CEST 2021
Ping: 20.724 ms
Download: 248.47 Mbit/s
Upload: 19.25 Mbit/s
Wed Jul 21 21:45:01 CEST 2021
Ping: 24.172 ms
Download: 247.70 Mbit/s
Upload: 18.78 Mbit/s
Wed Jul 21 22:45:01 CEST 2021
Ping: 21.821 ms
Download: 254.46 Mbit/s
Upload: 19.58 Mbit/s
Wed Jul 21 23:45:01 CEST 2021
Ping: 22.648 ms
Download: 151.97 Mbit/s
Upload: 19.08 Mbit/s
Thu Jul 22 00:45:01 CEST 2021
Ping: 22.664 ms
Download: 240.32 Mbit/s
Upload: 19.34 Mbit/s
Thu Jul 22 01:45:01 CEST 2021
Ping: 23.404 ms
Download: 73.79 Mbit/s
Upload: 19.66 Mbit/s
Thu Jul 22 02:45:01 CEST 2021
Ping: 23.534 ms
Download: 293.35 Mbit/s
Upload: 19.29 Mbit/s
Thu Jul 22 03:45:01 CEST 2021
Ping: 23.081 ms
Download: 36.27 Mbit/s
Upload: 17.83 Mbit/s
Thu Jul 22 04:45:01 CEST 2021
Ping: 22.583 ms
Download: 176.72 Mbit/s
Upload: 18.95 Mbit/s
Thu Jul 22 05:45:02 CEST 2021
Ping: 21.779 ms
Download: 248.64 Mbit/s
Upload: 18.71 Mbit/s
Thu Jul 22 06:45:01 CEST 2021
Ping: 21.235 ms
Download: 241.77 Mbit/s
Upload: 19.20 Mbit/s
Thu Jul 22 07:45:01 CEST 2021
Ping: 22.382 ms
Download: 200.03 Mbit/s
Upload: 19.19 Mbit/s
Thu Jul 22 08:45:01 CEST 2021
Ping: 24.71 ms
Download: 171.98 Mbit/s
Upload: 17.90 Mbit/s
Thu Jul 22 09:45:01 CEST 2021
Ping: 23.086 ms
Download: 269.34 Mbit/s
Upload: 19.38 Mbit/s
Thu Jul 22 10:45:01 CEST 2021
Ping: 21.157 ms
Download: 256.02 Mbit/s
Upload: 18.69 Mbit/s
Thu Jul 22 11:45:01 CEST 2021
Ping: 24.684 ms
Download: 221.50 Mbit/s
Upload: 19.08 Mbit/s
Thu Jul 22 12:45:02 CEST 2021
Ping: 21.395 ms
Download: 220.95 Mbit/s
Upload: 17.91 Mbit/s
Thu Jul 22 13:45:01 CEST 2021
Ping: 22.096 ms
Download: 209.22 Mbit/s
Upload: 19.59 Mbit/s
Thu Jul 22 14:45:01 CEST 2021
Ping: 23.428 ms
Download: 180.31 Mbit/s
Upload: 17.68 Mbit/s
Thu Jul 22 15:45:01 CEST 2021
Ping: 23.585 ms
Download: 258.59 Mbit/s
Upload: 18.34 Mbit/s
Thu Jul 22 16:45:01 CEST 2021
Ping: 22.256 ms
Download: 221.32 Mbit/s
Upload: 18.27 Mbit/s
Thu Jul 22 17:45:01 CEST 2021
Ping: 22.436 ms
Download: 46.07 Mbit/s
Upload: 19.32 Mbit/s
Thu Jul 22 18:45:01 CEST 2021
Ping: 22.815 ms
Download: 282.96 Mbit/s
Upload: 18.89 Mbit/s
Thu Jul 22 19:45:01 CEST 2021
Ping: 20.957 ms
Download: 195.55 Mbit/s
Upload: 18.56 Mbit/s
Thu Jul 22 20:45:01 CEST 2021
Ping: 24.102 ms
Download: 191.19 Mbit/s
Upload: 18.10 Mbit/s
Thu Jul 22 21:45:01 CEST 2021
Ping: 22.23 ms
Download: 259.94 Mbit/s
Upload: 18.86 Mbit/s
Thu Jul 22 22:45:01 CEST 2021
Ping: 21.538 ms
Download: 230.93 Mbit/s
Upload: 18.63 Mbit/s
Thu Jul 22 23:45:01 CEST 2021
Ping: 23.768 ms
Download: 50.72 Mbit/s
Upload: 19.12 Mbit/s
Fri Jul 23 00:45:01 CEST 2021
Ping: 22.889 ms
Download: 246.01 Mbit/s
Upload: 18.93 Mbit/s
Fri Jul 23 01:45:01 CEST 2021
Ping: 21.324 ms
Download: 203.62 Mbit/s
Upload: 19.25 Mbit/s
Fri Jul 23 02:45:01 CEST 2021
Ping: 22.838 ms
Download: 217.48 Mbit/s
Upload: 19.78 Mbit/s
Fri Jul 23 03:45:01 CEST 2021
Ping: 23.304 ms
Download: 280.16 Mbit/s
Upload: 18.43 Mbit/s
Fri Jul 23 04:45:01 CEST 2021
Ping: 23.537 ms
Download: 214.65 Mbit/s
Upload: 18.71 Mbit/s
Fri Jul 23 05:45:01 CEST 2021
Ping: 22.966 ms
Download: 162.68 Mbit/s
Upload: 19.32 Mbit/s
Fri Jul 23 06:45:01 CEST 2021
Ping: 24.137 ms
Download: 276.96 Mbit/s
Upload: 18.59 Mbit/s
Fri Jul 23 07:45:01 CEST 2021
Ping: 22.175 ms
Download: 184.61 Mbit/s
Upload: 19.51 Mbit/s
Fri Jul 23 08:45:01 CEST 2021
Ping: 23.511 ms
Download: 178.62 Mbit/s
Upload: 19.24 Mbit/s
Fri Jul 23 09:45:01 CEST 2021
Ping: 22.766 ms
Download: 237.10 Mbit/s
Upload: 17.72 Mbit/s
Fri Jul 23 10:45:01 CEST 2021
Ping: 22.982 ms
Download: 182.00 Mbit/s
Upload: 19.59 Mbit/s
Fri Jul 23 11:45:01 CEST 2021
Ping: 23.454 ms
Download: 183.48 Mbit/s
Upload: 19.51 Mbit/s
Fri Jul 23 12:45:01 CEST 2021
Ping: 21.812 ms
Download: 184.59 Mbit/s
Upload: 18.86 Mbit/s
Fri Jul 23 13:45:01 CEST 2021
Ping: 24.48 ms
Download: 280.14 Mbit/s
Upload: 18.40 Mbit/s
Fri Jul 23 14:45:01 CEST 2021
Ping: 22.515 ms
Download: 167.79 Mbit/s
Upload: 18.83 Mbit/s
Fri Jul 23 15:45:01 CEST 2021
Ping: 23.622 ms
Download: 167.04 Mbit/s
Upload: 18.58 Mbit/s
Fri Jul 23 16:45:01 CEST 2021
Ping: 23.308 ms
Download: 197.96 Mbit/s
Upload: 16.96 Mbit/s
Fri Jul 23 17:45:01 CEST 2021
Ping: 21.418 ms
Download: 195.16 Mbit/s
Upload: 17.59 Mbit/s
Fri Jul 23 18:45:01 CEST 2021
Ping: 23.163 ms
Download: 183.26 Mbit/s
Upload: 18.52 Mbit/s
Fri Jul 23 19:45:02 CEST 2021
Ping: 22.748 ms
Download: 235.47 Mbit/s
Upload: 19.46 Mbit/s
Fri Jul 23 20:45:01 CEST 2021
Ping: 22.891 ms
Download: 232.42 Mbit/s
Upload: 19.23 Mbit/s
Fri Jul 23 21:45:01 CEST 2021
Ping: 22.376 ms
Download: 226.80 Mbit/s
Upload: 17.37 Mbit/s
Fri Jul 23 22:45:01 CEST 2021
Ping: 21.61 ms
Download: 227.19 Mbit/s
Upload: 19.57 Mbit/s
Fri Jul 23 23:45:01 CEST 2021
Ping: 21.071 ms
Download: 251.17 Mbit/s
Upload: 19.12 Mbit/s
Sat Jul 24 00:45:01 CEST 2021
Ping: 22.741 ms
Download: 162.85 Mbit/s
Upload: 19.29 Mbit/s
Sat Jul 24 01:45:01 CEST 2021
Ping: 22.525 ms
Download: 172.22 Mbit/s
Upload: 18.72 Mbit/s
Sat Jul 24 02:45:02 CEST 2021
Ping: 20.14 ms
Download: 184.20 Mbit/s
Upload: 18.74 Mbit/s
Sat Jul 24 03:45:01 CEST 2021
Ping: 22.794 ms
Download: 187.07 Mbit/s
Upload: 18.97 Mbit/s
Sat Jul 24 04:45:01 CEST 2021
Ping: 21.774 ms
Download: 200.21 Mbit/s
Upload: 18.53 Mbit/s
Sat Jul 24 05:45:01 CEST 2021
Ping: 21.718 ms
Download: 176.11 Mbit/s
Upload: 18.97 Mbit/s
Sat Jul 24 06:45:01 CEST 2021
Ping: 21.607 ms
Download: 169.69 Mbit/s
Upload: 18.16 Mbit/s
Sat Jul 24 07:45:01 CEST 2021
Ping: 24.685 ms
Download: 217.14 Mbit/s
Upload: 19.12 Mbit/s
Sat Jul 24 08:45:01 CEST 2021
Ping: 21.768 ms
Download: 182.44 Mbit/s
Upload: 19.17 Mbit/s
Sat Jul 24 09:45:01 CEST 2021
Ping: 22.97 ms
Download: 220.98 Mbit/s
Upload: 19.58 Mbit/s
Sat Jul 24 10:45:01 CEST 2021
Ping: 22.632 ms
Download: 176.60 Mbit/s
Upload: 18.64 Mbit/s
Sat Jul 24 11:45:01 CEST 2021
Ping: 21.207 ms
Download: 261.84 Mbit/s
Upload: 19.59 Mbit/s
Sat Jul 24 12:45:01 CEST 2021
Ping: 21.723 ms
Download: 215.83 Mbit/s
Upload: 18.64 Mbit/s
Sat Jul 24 13:45:01 CEST 2021
Ping: 21.709 ms
Download: 225.63 Mbit/s
Upload: 18.86 Mbit/s
Sat Jul 24 14:45:01 CEST 2021
Ping: 21.565 ms
Download: 234.09 Mbit/s
Upload: 17.51 Mbit/s
Sat Jul 24 15:45:01 CEST 2021
Ping: 22.892 ms
Download: 225.80 Mbit/s
Upload: 18.40 Mbit/s
Sat Jul 24 16:45:01 CEST 2021
Ping: 22.489 ms
Download: 216.53 Mbit/s
Upload: 19.64 Mbit/s
Sat Jul 24 17:45:01 CEST 2021
Ping: 22.072 ms
Download: 282.10 Mbit/s
Upload: 19.10 Mbit/s
Sat Jul 24 18:45:01 CEST 2021
Ping: 22.229 ms
Download: 267.05 Mbit/s
Upload: 19.90 Mbit/s
Sat Jul 24 19:45:01 CEST 2021
Ping: 21.043 ms
Download: 197.99 Mbit/s
Upload: 18.88 Mbit/s
Sat Jul 24 20:45:01 CEST 2021
Ping: 20.594 ms
Download: 246.71 Mbit/s
Upload: 19.09 Mbit/s
Sat Jul 24 21:45:01 CEST 2021
Ping: 22.631 ms
Download: 186.36 Mbit/s
Upload: 18.54 Mbit/s
Sat Jul 24 22:45:01 CEST 2021
Ping: 21.852 ms
Download: 237.15 Mbit/s
Upload: 19.06 Mbit/s
Sat Jul 24 23:45:01 CEST 2021
Ping: 22.259 ms
Download: 163.05 Mbit/s
Upload: 19.60 Mbit/s
Sun Jul 25 00:45:01 CEST 2021
Ping: 21.434 ms
Download: 215.91 Mbit/s
Upload: 18.23 Mbit/s
Sun Jul 25 01:45:01 CEST 2021
Ping: 22.415 ms
Download: 204.88 Mbit/s
Upload: 18.87 Mbit/s
Sun Jul 25 02:45:01 CEST 2021
Ping: 23.258 ms
Download: 55.97 Mbit/s
Upload: 14.09 Mbit/s
Sun Jul 25 03:45:01 CEST 2021
Ping: 20.551 ms
Download: 225.36 Mbit/s
Upload: 18.97 Mbit/s
Sun Jul 25 04:45:01 CEST 2021
Ping: 21.572 ms
Download: 231.73 Mbit/s
Upload: 18.71 Mbit/s
Sun Jul 25 05:45:01 CEST 2021
Ping: 22.811 ms
Download: 212.25 Mbit/s
Upload: 19.35 Mbit/s
Sun Jul 25 06:45:01 CEST 2021
Ping: 20.587 ms
Download: 242.04 Mbit/s
Upload: 18.36 Mbit/s
Sun Jul 25 07:45:01 CEST 2021
Ping: 21.455 ms
Download: 151.97 Mbit/s
Upload: 18.81 Mbit/s
Sun Jul 25 08:45:01 CEST 2021
Ping: 21.296 ms
Download: 169.26 Mbit/s
Upload: 18.92 Mbit/s
Sun Jul 25 09:45:01 CEST 2021
Ping: 21.915 ms
Download: 257.83 Mbit/s
Upload: 19.02 Mbit/s
Sun Jul 25 10:45:01 CEST 2021
Ping: 20.611 ms
Download: 360.87 Mbit/s
Upload: 18.79 Mbit/s
Sun Jul 25 11:45:01 CEST 2021
Ping: 24.169 ms
Download: 197.74 Mbit/s
Upload: 19.44 Mbit/s
Sun Jul 25 12:45:01 CEST 2021
Ping: 23.392 ms
Download: 352.21 Mbit/s
Upload: 1.43 Mbit/s
Sun Jul 25 13:45:02 CEST 2021
Ping: 22.212 ms
Download: 217.84 Mbit/s
Upload: 18.97 Mbit/s
Sun Jul 25 14:45:01 CEST 2021
Ping: 24.512 ms
Download: 366.92 Mbit/s
Upload: 0.88 Mbit/s
Sun Jul 25 15:45:01 CEST 2021
Ping: 22.585 ms
Download: 263.20 Mbit/s
Upload: 18.62 Mbit/s
Sun Jul 25 16:45:01 CEST 2021
Ping: 22.738 ms
Download: 266.51 Mbit/s
Upload: 18.92 Mbit/s
Sun Jul 25 17:45:01 CEST 2021
Ping: 22.249 ms
Download: 270.31 Mbit/s
Upload: 19.67 Mbit/s
Sun Jul 25 18:45:01 CEST 2021
Ping: 21.403 ms
Download: 260.20 Mbit/s
Upload: 19.44 Mbit/s
Sun Jul 25 19:45:01 CEST 2021
Ping: 21.813 ms
Download: 168.89 Mbit/s
Upload: 19.01 Mbit/s
Sun Jul 25 20:45:01 CEST 2021
Ping: 23.673 ms
Download: 179.81 Mbit/s
Upload: 19.04 Mbit/s
Sun Jul 25 21:45:02 CEST 2021
Ping: 21.217 ms
Download: 291.88 Mbit/s
Upload: 19.10 Mbit/s
Sun Jul 25 22:45:01 CEST 2021
Ping: 24.348 ms
Download: 246.16 Mbit/s
Upload: 19.33 Mbit/s
Sun Jul 25 23:45:01 CEST 2021
Ping: 22.609 ms
Download: 268.63 Mbit/s
Upload: 19.72 Mbit/s
Mon Jul 26 00:45:01 CEST 2021
Ping: 21.953 ms
Download: 218.18 Mbit/s
Upload: 18.76 Mbit/s
Mon Jul 26 01:45:01 CEST 2021
Ping: 21.489 ms
Download: 57.78 Mbit/s
Upload: 12.20 Mbit/s
Mon Jul 26 02:45:01 CEST 2021
Ping: 22.683 ms
Download: 230.54 Mbit/s
Upload: 18.23 Mbit/s
Mon Jul 26 03:45:01 CEST 2021
Ping: 22.407 ms
Download: 228.86 Mbit/s
Upload: 17.29 Mbit/s
Mon Jul 26 04:45:01 CEST 2021
Ping: 21.238 ms
Download: 254.32 Mbit/s
Upload: 19.81 Mbit/s
Mon Jul 26 05:45:01 CEST 2021
Ping: 22.262 ms
Download: 175.34 Mbit/s
Upload: 18.92 Mbit/s
Mon Jul 26 06:45:01 CEST 2021
Ping: 27.942 ms
Download: 234.09 Mbit/s
Upload: 13.51 Mbit/s
Mon Jul 26 07:45:01 CEST 2021
Ping: 22.439 ms
Download: 184.52 Mbit/s
Upload: 18.60 Mbit/s
Mon Jul 26 08:45:01 CEST 2021
Ping: 20.196 ms
Download: 233.45 Mbit/s
Upload: 18.07 Mbit/s
Mon Jul 26 09:45:01 CEST 2021
Ping: 22.262 ms
Download: 196.60 Mbit/s
Upload: 19.16 Mbit/s
Mon Jul 26 10:45:01 CEST 2021
Ping: 23.535 ms
Download: 253.96 Mbit/s
Upload: 17.59 Mbit/s
Mon Jul 26 11:45:01 CEST 2021
Ping: 21.605 ms
Download: 166.69 Mbit/s
Upload: 17.71 Mbit/s
Mon Jul 26 12:45:01 CEST 2021
Ping: 20.724 ms
Download: 249.92 Mbit/s
Upload: 17.66 Mbit/s
Mon Jul 26 13:45:01 CEST 2021
Ping: 22.354 ms
Download: 237.57 Mbit/s
Upload: 19.04 Mbit/s
Mon Jul 26 14:45:01 CEST 2021
Ping: 21.234 ms
Download: 219.77 Mbit/s
Upload: 16.85 Mbit/s
Mon Jul 26 15:45:01 CEST 2021
Ping: 21.973 ms
Download: 235.08 Mbit/s
Upload: 18.96 Mbit/s
Mon Jul 26 16:45:01 CEST 2021
Ping: 22.343 ms
Download: 202.70 Mbit/s
Upload: 19.53 Mbit/s
Mon Jul 26 17:45:01 CEST 2021
Ping: 22.573 ms
Download: 284.89 Mbit/s
Upload: 19.94 Mbit/s
Mon Jul 26 18:45:01 CEST 2021
Ping: 22.086 ms
Download: 271.43 Mbit/s
Upload: 19.23 Mbit/s
Mon Jul 26 19:45:01 CEST 2021
Ping: 24.5 ms
Download: 225.52 Mbit/s
Upload: 18.51 Mbit/s
Mon Jul 26 20:45:01 CEST 2021
Ping: 22.251 ms
Download: 256.18 Mbit/s
Upload: 18.90 Mbit/s
Mon Jul 26 21:45:01 CEST 2021
Ping: 23.161 ms
Download: 192.47 Mbit/s
Upload: 18.76 Mbit/s
Mon Jul 26 22:45:01 CEST 2021
Ping: 22.689 ms
Download: 252.17 Mbit/s
Upload: 19.32 Mbit/s
Mon Jul 26 23:45:01 CEST 2021
Ping: 23.346 ms
Download: 245.95 Mbit/s
Upload: 17.34 Mbit/s
Tue Jul 27 00:45:01 CEST 2021
Ping: 22.161 ms
Download: 167.67 Mbit/s
Upload: 18.97 Mbit/s
Tue Jul 27 01:45:01 CEST 2021
Ping: 23.205 ms
Download: 213.05 Mbit/s
Upload: 19.12 Mbit/s
Tue Jul 27 02:45:02 CEST 2021
Ping: 20.528 ms
Download: 125.07 Mbit/s
Upload: 18.17 Mbit/s
Tue Jul 27 03:45:01 CEST 2021
Ping: 21.75 ms
Download: 182.99 Mbit/s
Upload: 17.68 Mbit/s
Tue Jul 27 04:45:01 CEST 2021
Ping: 22.118 ms
Download: 193.94 Mbit/s
Upload: 16.23 Mbit/s
Tue Jul 27 05:45:01 CEST 2021
Ping: 21.968 ms
Download: 186.07 Mbit/s
Upload: 18.37 Mbit/s
Tue Jul 27 06:45:01 CEST 2021
Ping: 22.28 ms
Download: 223.18 Mbit/s
Upload: 19.51 Mbit/s
Tue Jul 27 07:45:01 CEST 2021
Ping: 22.116 ms
Download: 186.59 Mbit/s
Upload: 18.12 Mbit/s
Tue Jul 27 08:45:01 CEST 2021
Ping: 24.306 ms
Download: 245.33 Mbit/s
Upload: 18.84 Mbit/s
Tue Jul 27 09:45:01 CEST 2021
Ping: 20.396 ms
Download: 222.67 Mbit/s
Upload: 19.37 Mbit/s
Tue Jul 27 10:45:01 CEST 2021
Ping: 23.295 ms
Download: 150.68 Mbit/s
Upload: 19.43 Mbit/s
Tue Jul 27 11:45:01 CEST 2021
Ping: 22.378 ms
Download: 230.32 Mbit/s
Upload: 19.19 Mbit/s
Tue Jul 27 12:45:01 CEST 2021
Ping: 23.456 ms
Download: 190.71 Mbit/s
Upload: 18.34 Mbit/s
Tue Jul 27 13:45:01 CEST 2021
Ping: 23.344 ms
Download: 266.04 Mbit/s
Upload: 18.56 Mbit/s
Tue Jul 27 14:45:01 CEST 2021
Ping: 22.244 ms
Download: 228.29 Mbit/s
Upload: 19.36 Mbit/s
Tue Jul 27 15:45:01 CEST 2021
Ping: 21.548 ms
Download: 209.87 Mbit/s
Upload: 19.70 Mbit/s
Tue Jul 27 16:45:01 CEST 2021
Ping: 22.249 ms
Download: 244.57 Mbit/s
Upload: 16.75 Mbit/s
Tue Jul 27 17:45:02 CEST 2021
Ping: 22.592 ms
Download: 217.29 Mbit/s
Upload: 19.09 Mbit/s
Tue Jul 27 18:45:01 CEST 2021
Ping: 22.843 ms
Download: 225.82 Mbit/s
Upload: 19.36 Mbit/s
Tue Jul 27 19:45:02 CEST 2021
Ping: 22.802 ms
Download: 213.65 Mbit/s
Upload: 17.20 Mbit/s
Tue Jul 27 20:45:01 CEST 2021
Ping: 21.244 ms
Download: 235.29 Mbit/s
Upload: 17.92 Mbit/s
Tue Jul 27 21:45:01 CEST 2021
Ping: 23.802 ms
Download: 138.16 Mbit/s
Upload: 18.35 Mbit/s
Tue Jul 27 22:45:01 CEST 2021
Ping: 22.333 ms
Download: 228.35 Mbit/s
Upload: 17.93 Mbit/s
Tue Jul 27 23:45:01 CEST 2021
Ping: 20.569 ms
Download: 226.55 Mbit/s
Upload: 18.02 Mbit/s
Wed Jul 28 00:45:01 CEST 2021
Ping: 21.455 ms
Download: 167.31 Mbit/s
Upload: 18.45 Mbit/s
Wed Jul 28 01:45:01 CEST 2021
Ping: 23.034 ms
Download: 235.22 Mbit/s
Upload: 18.31 Mbit/s
Wed Jul 28 02:45:02 CEST 2021
Ping: 20.735 ms
Download: 221.14 Mbit/s
Upload: 18.81 Mbit/s
Wed Jul 28 03:45:01 CEST 2021
Ping: 22.1 ms
Download: 178.53 Mbit/s
Upload: 17.53 Mbit/s
Wed Jul 28 04:45:01 CEST 2021
Ping: 22.295 ms
Download: 162.72 Mbit/s
Upload: 18.89 Mbit/s
Wed Jul 28 05:45:01 CEST 2021
Ping: 23.472 ms
Download: 191.02 Mbit/s
Upload: 18.73 Mbit/s
Wed Jul 28 06:45:01 CEST 2021
Ping: 22.908 ms
Download: 205.55 Mbit/s
Upload: 19.21 Mbit/s
Wed Jul 28 07:45:01 CEST 2021
Ping: 22.266 ms
Download: 245.77 Mbit/s
Upload: 18.63 Mbit/s
Wed Jul 28 08:45:01 CEST 2021
Ping: 23.994 ms
Download: 264.95 Mbit/s
Upload: 18.13 Mbit/s
Wed Jul 28 09:45:01 CEST 2021
Ping: 22.458 ms
Download: 153.47 Mbit/s
Upload: 19.18 Mbit/s
Wed Jul 28 10:45:01 CEST 2021
Ping: 22.568 ms
Download: 206.00 Mbit/s
Upload: 19.53 Mbit/s
Wed Jul 28 11:45:01 CEST 2021
Ping: 23.663 ms
Download: 167.31 Mbit/s
Upload: 17.71 Mbit/s
Wed Jul 28 12:45:01 CEST 2021
Ping: 23.809 ms
Download: 244.19 Mbit/s
Upload: 18.72 Mbit/s
Wed Jul 28 13:45:01 CEST 2021
Ping: 24.187 ms
Download: 196.26 Mbit/s
Upload: 16.20 Mbit/s
Wed Jul 28 14:45:01 CEST 2021
Ping: 22.959 ms
Download: 188.28 Mbit/s
Upload: 18.75 Mbit/s
Wed Jul 28 15:45:01 CEST 2021
Ping: 23.28 ms
Download: 189.23 Mbit/s
Upload: 17.27 Mbit/s
Wed Jul 28 16:45:01 CEST 2021
Ping: 20.681 ms
Download: 213.02 Mbit/s
Upload: 19.60 Mbit/s
Wed Jul 28 17:45:01 CEST 2021
Ping: 23.641 ms
Download: 220.67 Mbit/s
Upload: 16.78 Mbit/s
Wed Jul 28 18:45:01 CEST 2021
Ping: 22.136 ms
Download: 217.18 Mbit/s
Upload: 17.28 Mbit/s
Wed Jul 28 19:45:02 CEST 2021
Ping: 23.287 ms
Download: 233.37 Mbit/s
Upload: 18.81 Mbit/s
Wed Jul 28 20:45:01 CEST 2021
Ping: 24.102 ms
Download: 169.50 Mbit/s
Upload: 18.08 Mbit/s
Wed Jul 28 21:45:01 CEST 2021
Ping: 22.582 ms
Download: 295.36 Mbit/s
Upload: 16.94 Mbit/s
Wed Jul 28 22:45:01 CEST 2021
Ping: 23.055 ms
Download: 265.49 Mbit/s
Upload: 18.88 Mbit/s
Wed Jul 28 23:45:01 CEST 2021
Ping: 23.472 ms
Download: 219.91 Mbit/s
Upload: 18.71 Mbit/s
Thu Jul 29 00:45:01 CEST 2021
Ping: 21.25 ms
Download: 224.59 Mbit/s
Upload: 17.75 Mbit/s
Thu Jul 29 01:45:01 CEST 2021
Ping: 24.002 ms
Download: 260.81 Mbit/s
Upload: 17.72 Mbit/s
Thu Jul 29 02:45:01 CEST 2021
Ping: 22.619 ms
Download: 177.33 Mbit/s
Upload: 17.18 Mbit/s
Thu Jul 29 03:45:01 CEST 2021
Ping: 21.689 ms
Download: 258.19 Mbit/s
Upload: 18.67 Mbit/s
Thu Jul 29 04:45:01 CEST 2021
Ping: 21.398 ms
Download: 294.40 Mbit/s
Upload: 18.24 Mbit/s
Thu Jul 29 05:45:01 CEST 2021
Ping: 22.863 ms
Download: 251.59 Mbit/s
Upload: 17.77 Mbit/s
Thu Jul 29 06:45:01 CEST 2021
Ping: 22.782 ms
Download: 140.30 Mbit/s
Upload: 18.36 Mbit/s
Thu Jul 29 07:45:02 CEST 2021
Ping: 22.664 ms
Download: 231.71 Mbit/s
Upload: 18.97 Mbit/s
Thu Jul 29 08:45:01 CEST 2021
Ping: 24.143 ms
Download: 245.73 Mbit/s
Upload: 17.60 Mbit/s
Thu Jul 29 09:45:01 CEST 2021
Ping: 22.359 ms
Download: 225.39 Mbit/s
Upload: 18.15 Mbit/s
Thu Jul 29 10:45:01 CEST 2021
Ping: 21.073 ms
Download: 276.40 Mbit/s
Upload: 18.86 Mbit/s
Thu Jul 29 11:45:02 CEST 2021
Ping: 23.735 ms
Download: 338.27 Mbit/s
Upload: 17.73 Mbit/s
Thu Jul 29 12:45:01 CEST 2021
Ping: 22.617 ms
Download: 166.75 Mbit/s
Upload: 16.61 Mbit/s
Thu Jul 29 13:45:01 CEST 2021
Ping: 22.429 ms
Download: 159.30 Mbit/s
Upload: 18.00 Mbit/s
Thu Jul 29 14:45:01 CEST 2021
Ping: 22.256 ms
Download: 220.80 Mbit/s
Upload: 16.88 Mbit/s
Thu Jul 29 15:45:01 CEST 2021
Ping: 22.687 ms
Download: 167.19 Mbit/s
Upload: 14.44 Mbit/s
Thu Jul 29 16:45:01 CEST 2021
Ping: 22.725 ms
Download: 224.77 Mbit/s
Upload: 19.11 Mbit/s
Thu Jul 29 17:45:01 CEST 2021
Ping: 24.877 ms
Download: 258.15 Mbit/s
Upload: 15.37 Mbit/s
Thu Jul 29 18:45:01 CEST 2021
Ping: 22.561 ms
Download: 182.76 Mbit/s
Upload: 10.01 Mbit/s
Thu Jul 29 19:45:01 CEST 2021
Ping: 24.176 ms
Download: 243.72 Mbit/s
Upload: 12.59 Mbit/s
Thu Jul 29 20:45:01 CEST 2021
Ping: 23.294 ms
Download: 183.72 Mbit/s
Upload: 11.70 Mbit/s
Thu Jul 29 21:45:01 CEST 2021
Ping: 23.498 ms
Download: 181.12 Mbit/s
Upload: 8.31 Mbit/s
Thu Jul 29 22:45:01 CEST 2021
Ping: 22.576 ms
Download: 274.28 Mbit/s
Upload: 12.33 Mbit/s
Thu Jul 29 23:45:01 CEST 2021
Ping: 23.643 ms
Download: 188.53 Mbit/s
Upload: 14.02 Mbit/s
Fri Jul 30 00:45:01 CEST 2021
Ping: 22.1 ms
Download: 278.49 Mbit/s
Upload: 19.93 Mbit/s
Fri Jul 30 01:45:01 CEST 2021
Ping: 23.53 ms
Download: 262.38 Mbit/s
Upload: 19.85 Mbit/s
Fri Jul 30 02:45:01 CEST 2021
Ping: 23.122 ms
Download: 238.26 Mbit/s
Upload: 19.88 Mbit/s
Fri Jul 30 03:45:01 CEST 2021
Ping: 23.331 ms
Download: 256.72 Mbit/s
Upload: 20.00 Mbit/s
Fri Jul 30 04:45:01 CEST 2021
Ping: 21.602 ms
Download: 149.63 Mbit/s
Upload: 19.67 Mbit/s
Fri Jul 30 05:45:01 CEST 2021
Ping: 22.843 ms
Download: 210.74 Mbit/s
Upload: 18.89 Mbit/s
Fri Jul 30 06:45:01 CEST 2021
Ping: 23.315 ms
Download: 190.16 Mbit/s
Upload: 17.68 Mbit/s
Fri Jul 30 07:45:01 CEST 2021
Ping: 21.128 ms
Download: 219.62 Mbit/s
Upload: 19.83 Mbit/s
Fri Jul 30 08:45:01 CEST 2021
Ping: 21.711 ms
Download: 215.65 Mbit/s
Upload: 19.96 Mbit/s
Fri Jul 30 09:45:01 CEST 2021
Ping: 23.152 ms
Download: 174.79 Mbit/s
Upload: 18.95 Mbit/s
Fri Jul 30 10:45:01 CEST 2021
Ping: 21.96 ms
Download: 170.71 Mbit/s
Upload: 19.64 Mbit/s
Fri Jul 30 11:45:01 CEST 2021
Ping: 22.893 ms
Download: 356.42 Mbit/s
Upload: 19.36 Mbit/s
Fri Jul 30 12:45:02 CEST 2021
Ping: 20.669 ms
Download: 195.10 Mbit/s
Upload: 19.69 Mbit/s
Fri Jul 30 13:45:01 CEST 2021
Ping: 22.959 ms
Download: 73.30 Mbit/s
Upload: 18.48 Mbit/s
Fri Jul 30 14:45:01 CEST 2021
Ping: 22.788 ms
Download: 184.12 Mbit/s
Upload: 19.70 Mbit/s
Fri Jul 30 15:45:01 CEST 2021
Ping: 23.244 ms
Download: 281.62 Mbit/s
Upload: 19.13 Mbit/s
Fri Jul 30 16:45:01 CEST 2021
Ping: 24.674 ms
Download: 225.80 Mbit/s
Upload: 19.76 Mbit/s
Fri Jul 30 17:45:02 CEST 2021
Ping: 22.914 ms
Download: 222.82 Mbit/s
Upload: 19.86 Mbit/s
Fri Jul 30 18:45:01 CEST 2021
Ping: 22.789 ms
Download: 175.86 Mbit/s
Upload: 12.44 Mbit/s
Fri Jul 30 19:45:01 CEST 2021
Ping: 22.134 ms
Download: 177.03 Mbit/s
Upload: 19.72 Mbit/s
Fri Jul 30 20:45:01 CEST 2021
Ping: 22.759 ms
Download: 219.81 Mbit/s
Upload: 19.39 Mbit/s
Fri Jul 30 21:45:01 CEST 2021
Ping: 21.629 ms
Download: 191.07 Mbit/s
Upload: 19.30 Mbit/s
Fri Jul 30 22:45:01 CEST 2021
Ping: 22.243 ms
Download: 271.68 Mbit/s
Upload: 19.65 Mbit/s
Fri Jul 30 23:45:01 CEST 2021
Ping: 22.395 ms
Download: 254.02 Mbit/s
Upload: 19.74 Mbit/s
Sat Jul 31 00:45:01 CEST 2021
Ping: 21.08 ms
Download: 197.03 Mbit/s
Upload: 19.67 Mbit/s
Sat Jul 31 01:45:01 CEST 2021
Ping: 21.046 ms
Download: 239.40 Mbit/s
Upload: 19.51 Mbit/s
Sat Jul 31 02:45:01 CEST 2021
Ping: 21.898 ms
Download: 213.21 Mbit/s
Upload: 19.81 Mbit/s
Sat Jul 31 03:45:01 CEST 2021
Ping: 22.626 ms
Download: 160.83 Mbit/s
Upload: 18.96 Mbit/s
Sat Jul 31 04:45:01 CEST 2021
Ping: 22.581 ms
Download: 234.57 Mbit/s
Upload: 19.85 Mbit/s
Sat Jul 31 05:45:01 CEST 2021
Ping: 22.32 ms
Download: 181.12 Mbit/s
Upload: 16.70 Mbit/s
Sat Jul 31 06:45:01 CEST 2021
Ping: 21.942 ms
Download: 152.13 Mbit/s
Upload: 19.57 Mbit/s
Sat Jul 31 07:45:01 CEST 2021
Ping: 22.082 ms
Download: 248.52 Mbit/s
Upload: 19.29 Mbit/s
Sat Jul 31 08:45:01 CEST 2021
Ping: 23.622 ms
Download: 48.01 Mbit/s
Upload: 19.66 Mbit/s
Sat Jul 31 09:45:01 CEST 2021
Ping: 26.311 ms
Download: 252.58 Mbit/s
Upload: 19.76 Mbit/s
Sat Jul 31 10:45:01 CEST 2021
Ping: 23.945 ms
Download: 179.97 Mbit/s
Upload: 19.83 Mbit/s
Sat Jul 31 11:45:01 CEST 2021
Ping: 22.405 ms
Download: 208.87 Mbit/s
Upload: 19.92 Mbit/s
Sat Jul 31 12:45:01 CEST 2021
Ping: 23.488 ms
Download: 305.36 Mbit/s
Upload: 19.54 Mbit/s
Sat Jul 31 13:45:02 CEST 2021
Ping: 21.591 ms
Download: 231.48 Mbit/s
Upload: 19.64 Mbit/s
Sat Jul 31 14:45:01 CEST 2021
Ping: 21.382 ms
Download: 231.04 Mbit/s
Upload: 19.95 Mbit/s
Sat Jul 31 15:45:01 CEST 2021
Ping: 23.159 ms
Download: 256.02 Mbit/s
Upload: 19.87 Mbit/s
Sat Jul 31 16:45:01 CEST 2021
Ping: 21.425 ms
Download: 179.03 Mbit/s
Upload: 19.27 Mbit/s
Sat Jul 31 17:45:01 CEST 2021
Ping: 21.9 ms
Download: 209.71 Mbit/s
Upload: 19.79 Mbit/s
Sat Jul 31 18:45:01 CEST 2021
Ping: 22.126 ms
Download: 192.89 Mbit/s
Upload: 19.73 Mbit/s
Sat Jul 31 19:45:02 CEST 2021
Ping: 22.743 ms
Download: 241.13 Mbit/s
Upload: 19.60 Mbit/s
Sat Jul 31 20:45:01 CEST 2021
Ping: 24.178 ms
Download: 49.44 Mbit/s
Upload: 18.56 Mbit/s
Sat Jul 31 21:45:01 CEST 2021
Ping: 23.135 ms
Download: 163.04 Mbit/s
Upload: 19.63 Mbit/s
Sat Jul 31 22:45:01 CEST 2021
Ping: 23.494 ms
Download: 249.74 Mbit/s
Upload: 19.74 Mbit/s
Sat Jul 31 23:45:01 CEST 2021
Ping: 23.703 ms
Download: 252.25 Mbit/s
Upload: 19.61 Mbit/s
