Sat Jan  1 00:45:01 CET 2022
Ping: 23.286 ms
Download: 54.96 Mbit/s
Upload: 18.85 Mbit/s
Sat Jan  1 01:45:02 CET 2022
Ping: 22.492 ms
Download: 261.64 Mbit/s
Upload: 19.16 Mbit/s
Sat Jan  1 02:45:01 CET 2022
Ping: 22.729 ms
Download: 267.29 Mbit/s
Upload: 19.89 Mbit/s
Sat Jan  1 03:45:01 CET 2022
Ping: 23.506 ms
Download: 235.35 Mbit/s
Upload: 19.83 Mbit/s
Sat Jan  1 04:45:01 CET 2022
Ping: 28.756 ms
Download: 312.40 Mbit/s
Upload: 19.51 Mbit/s
Sat Jan  1 05:45:01 CET 2022
Ping: 24.022 ms
Download: 328.19 Mbit/s
Upload: 19.56 Mbit/s
Sat Jan  1 06:45:01 CET 2022
Ping: 23.223 ms
Download: 276.33 Mbit/s
Upload: 19.68 Mbit/s
Sat Jan  1 07:45:02 CET 2022
Ping: 21.223 ms
Download: 290.46 Mbit/s
Upload: 19.35 Mbit/s
Sat Jan  1 08:45:01 CET 2022
Ping: 22.319 ms
Download: 366.15 Mbit/s
Upload: 19.72 Mbit/s
Sat Jan  1 09:45:01 CET 2022
Ping: 23.841 ms
Download: 271.57 Mbit/s
Upload: 19.73 Mbit/s
Sat Jan  1 10:45:01 CET 2022
Ping: 23.777 ms
Download: 189.42 Mbit/s
Upload: 17.19 Mbit/s
Sat Jan  1 11:45:01 CET 2022
Ping: 23.842 ms
Download: 309.34 Mbit/s
Upload: 19.43 Mbit/s
Sat Jan  1 12:45:01 CET 2022
Ping: 23.855 ms
Download: 326.47 Mbit/s
Upload: 15.34 Mbit/s
Sat Jan  1 13:45:01 CET 2022
Ping: 23.734 ms
Download: 278.34 Mbit/s
Upload: 19.67 Mbit/s
Sat Jan  1 14:45:01 CET 2022
Ping: 22.92 ms
Download: 294.08 Mbit/s
Upload: 19.29 Mbit/s
Sat Jan  1 15:45:01 CET 2022
Ping: 24.32 ms
Download: 266.42 Mbit/s
Upload: 19.43 Mbit/s
Sat Jan  1 16:45:01 CET 2022
Ping: 26.024 ms
Download: 294.05 Mbit/s
Upload: 19.44 Mbit/s
Sat Jan  1 17:45:01 CET 2022
Ping: 25.345 ms
Download: 243.19 Mbit/s
Upload: 19.30 Mbit/s
Sat Jan  1 18:45:01 CET 2022
Ping: 27.498 ms
Download: 261.88 Mbit/s
Upload: 19.65 Mbit/s
Sat Jan  1 19:45:01 CET 2022
Ping: 23.055 ms
Download: 231.94 Mbit/s
Upload: 19.55 Mbit/s
Sat Jan  1 20:45:02 CET 2022
Ping: 22.734 ms
Download: 310.18 Mbit/s
Upload: 19.35 Mbit/s
Sat Jan  1 21:45:01 CET 2022
Ping: 24.691 ms
Download: 215.02 Mbit/s
Upload: 19.07 Mbit/s
Sat Jan  1 22:45:01 CET 2022
Ping: 25.266 ms
Download: 81.32 Mbit/s
Upload: 19.32 Mbit/s
Sat Jan  1 23:45:02 CET 2022
Ping: 24.236 ms
Download: 25.00 Mbit/s
Upload: 15.50 Mbit/s
Sun Jan  2 00:45:01 CET 2022
Ping: 23.305 ms
Download: 24.56 Mbit/s
Upload: 13.96 Mbit/s
Sun Jan  2 01:45:01 CET 2022
Ping: 24.518 ms
Download: 56.65 Mbit/s
Upload: 19.73 Mbit/s
Sun Jan  2 02:45:01 CET 2022
Ping: 24.148 ms
Download: 79.85 Mbit/s
Upload: 19.76 Mbit/s
Sun Jan  2 03:45:01 CET 2022
Ping: 22.612 ms
Download: 91.17 Mbit/s
Upload: 19.84 Mbit/s
Sun Jan  2 04:45:01 CET 2022
Ping: 23.855 ms
Download: 363.95 Mbit/s
Upload: 13.43 Mbit/s
Sun Jan  2 05:45:01 CET 2022
Ping: 24.973 ms
Download: 333.30 Mbit/s
Upload: 18.70 Mbit/s
Sun Jan  2 06:45:01 CET 2022
Ping: 22.96 ms
Download: 354.34 Mbit/s
Upload: 18.64 Mbit/s
Sun Jan  2 07:45:01 CET 2022
Ping: 26.664 ms
Download: 230.81 Mbit/s
Upload: 19.48 Mbit/s
Sun Jan  2 08:45:01 CET 2022
Ping: 24.2 ms
Download: 264.63 Mbit/s
Upload: 18.59 Mbit/s
Sun Jan  2 09:45:02 CET 2022
Ping: 22.539 ms
Download: 274.17 Mbit/s
Upload: 19.18 Mbit/s
Sun Jan  2 10:45:01 CET 2022
Ping: 23.807 ms
Download: 203.53 Mbit/s
Upload: 19.26 Mbit/s
Sun Jan  2 11:45:01 CET 2022
Ping: 22.861 ms
Download: 18.70 Mbit/s
Upload: 13.86 Mbit/s
Sun Jan  2 12:45:01 CET 2022
Ping: 23.716 ms
Download: 23.59 Mbit/s
Upload: 14.91 Mbit/s
Sun Jan  2 13:45:01 CET 2022
Ping: 24.244 ms
Download: 78.45 Mbit/s
Upload: 18.29 Mbit/s
Sun Jan  2 14:45:01 CET 2022
Ping: 23.534 ms
Download: 52.58 Mbit/s
Upload: 17.77 Mbit/s
Sun Jan  2 15:45:01 CET 2022
Ping: 25.466 ms
Download: 68.84 Mbit/s
Upload: 19.36 Mbit/s
Sun Jan  2 16:45:01 CET 2022
Ping: 25.306 ms
Download: 241.45 Mbit/s
Upload: 18.92 Mbit/s
Sun Jan  2 17:45:01 CET 2022
Ping: 25.509 ms
Download: 268.42 Mbit/s
Upload: 15.48 Mbit/s
Sun Jan  2 18:45:01 CET 2022
Ping: 25.294 ms
Download: 144.42 Mbit/s
Upload: 16.57 Mbit/s
Sun Jan  2 19:45:01 CET 2022
Ping: 23.509 ms
Download: 272.38 Mbit/s
Upload: 19.45 Mbit/s
Sun Jan  2 20:45:02 CET 2022
Ping: 22.346 ms
Download: 304.91 Mbit/s
Upload: 19.86 Mbit/s
Sun Jan  2 21:45:01 CET 2022
Ping: 26.325 ms
Download: 303.83 Mbit/s
Upload: 19.49 Mbit/s
Sun Jan  2 22:45:01 CET 2022
Ping: 25.84 ms
Download: 302.17 Mbit/s
Upload: 19.79 Mbit/s
Sun Jan  2 23:45:01 CET 2022
Ping: 25.734 ms
Download: 262.76 Mbit/s
Upload: 16.58 Mbit/s
Mon Jan  3 00:45:01 CET 2022
Ping: 23.784 ms
Download: 275.18 Mbit/s
Upload: 19.82 Mbit/s
Mon Jan  3 01:45:02 CET 2022
Ping: 24.777 ms
Download: 280.57 Mbit/s
Upload: 19.73 Mbit/s
Mon Jan  3 02:45:01 CET 2022
Ping: 24.337 ms
Download: 240.76 Mbit/s
Upload: 19.76 Mbit/s
Mon Jan  3 03:45:01 CET 2022
Ping: 28.68 ms
Download: 285.98 Mbit/s
Upload: 18.93 Mbit/s
Mon Jan  3 04:45:01 CET 2022
Ping: 23.845 ms
Download: 260.75 Mbit/s
Upload: 16.88 Mbit/s
Mon Jan  3 05:45:01 CET 2022
Ping: 23.289 ms
Download: 115.41 Mbit/s
Upload: 19.87 Mbit/s
Mon Jan  3 06:45:01 CET 2022
Ping: 24.046 ms
Download: 285.97 Mbit/s
Upload: 19.80 Mbit/s
Mon Jan  3 07:45:01 CET 2022
Ping: 24.739 ms
Download: 202.11 Mbit/s
Upload: 18.71 Mbit/s
Mon Jan  3 08:45:02 CET 2022
Ping: 25.451 ms
Download: 285.57 Mbit/s
Upload: 19.66 Mbit/s
Mon Jan  3 09:45:01 CET 2022
Ping: 24.479 ms
Download: 268.02 Mbit/s
Upload: 18.32 Mbit/s
Mon Jan  3 10:45:01 CET 2022
Ping: 28.663 ms
Download: 238.08 Mbit/s
Upload: 18.87 Mbit/s
Mon Jan  3 11:45:01 CET 2022
Ping: 32.685 ms
Download: 210.73 Mbit/s
Upload: 19.04 Mbit/s
Mon Jan  3 12:45:02 CET 2022
Ping: 25.384 ms
Download: 231.44 Mbit/s
Upload: 18.89 Mbit/s
Mon Jan  3 13:45:01 CET 2022
Ping: 27.998 ms
Download: 260.97 Mbit/s
Upload: 19.54 Mbit/s
Mon Jan  3 14:45:01 CET 2022
Ping: 29.17 ms
Download: 296.35 Mbit/s
Upload: 19.28 Mbit/s
Mon Jan  3 15:45:01 CET 2022
Ping: 25.259 ms
Download: 283.76 Mbit/s
Upload: 19.31 Mbit/s
Mon Jan  3 16:45:01 CET 2022
Ping: 22.323 ms
Download: 298.89 Mbit/s
Upload: 19.44 Mbit/s
Mon Jan  3 17:45:01 CET 2022
Ping: 25.661 ms
Download: 253.91 Mbit/s
Upload: 19.61 Mbit/s
Mon Jan  3 18:45:01 CET 2022
Ping: 22.655 ms
Download: 266.50 Mbit/s
Upload: 19.81 Mbit/s
Mon Jan  3 19:45:01 CET 2022
Ping: 25.334 ms
Download: 202.04 Mbit/s
Upload: 19.18 Mbit/s
Mon Jan  3 20:45:01 CET 2022
Ping: 28.396 ms
Download: 245.43 Mbit/s
Upload: 15.00 Mbit/s
Mon Jan  3 21:45:01 CET 2022
Ping: 25.664 ms
Download: 352.39 Mbit/s
Upload: 19.69 Mbit/s
Mon Jan  3 22:45:02 CET 2022
Ping: 25.748 ms
Download: 167.92 Mbit/s
Upload: 19.74 Mbit/s
Mon Jan  3 23:45:01 CET 2022
Ping: 25.395 ms
Download: 109.14 Mbit/s
Upload: 14.23 Mbit/s
Tue Jan  4 00:45:01 CET 2022
Ping: 26.685 ms
Download: 216.19 Mbit/s
Upload: 11.98 Mbit/s
Tue Jan  4 01:45:01 CET 2022
Ping: 24.845 ms
Download: 219.13 Mbit/s
Upload: 19.56 Mbit/s
Tue Jan  4 02:45:01 CET 2022
Ping: 24.182 ms
Download: 276.39 Mbit/s
Upload: 15.82 Mbit/s
Tue Jan  4 03:45:01 CET 2022
Ping: 26.162 ms
Download: 95.57 Mbit/s
Upload: 17.59 Mbit/s
Tue Jan  4 04:45:01 CET 2022
Ping: 23.803 ms
Download: 213.96 Mbit/s
Upload: 19.56 Mbit/s
Tue Jan  4 05:45:01 CET 2022
Ping: 23.764 ms
Download: 285.44 Mbit/s
Upload: 18.96 Mbit/s
Tue Jan  4 06:45:01 CET 2022
Ping: 23.133 ms
Download: 297.50 Mbit/s
Upload: 19.41 Mbit/s
Tue Jan  4 07:45:01 CET 2022
Ping: 24.621 ms
Download: 240.78 Mbit/s
Upload: 19.25 Mbit/s
Tue Jan  4 08:45:02 CET 2022
Ping: 24.298 ms
Download: 139.20 Mbit/s
Upload: 14.67 Mbit/s
Tue Jan  4 09:45:01 CET 2022
Ping: 24.578 ms
Download: 363.61 Mbit/s
Upload: 1.65 Mbit/s
Tue Jan  4 10:45:02 CET 2022
Ping: 22.412 ms
Download: 310.60 Mbit/s
Upload: 18.57 Mbit/s
Tue Jan  4 11:45:01 CET 2022
Ping: 25.56 ms
Download: 267.96 Mbit/s
Upload: 17.28 Mbit/s
Tue Jan  4 12:45:01 CET 2022
Ping: 24.927 ms
Download: 139.19 Mbit/s
Upload: 19.34 Mbit/s
Tue Jan  4 13:45:01 CET 2022
Ping: 25.815 ms
Download: 183.38 Mbit/s
Upload: 19.69 Mbit/s
Tue Jan  4 14:45:01 CET 2022
Ping: 23.272 ms
Download: 157.81 Mbit/s
Upload: 19.24 Mbit/s
Tue Jan  4 15:45:01 CET 2022
Ping: 25.073 ms
Download: 256.55 Mbit/s
Upload: 19.53 Mbit/s
Tue Jan  4 16:45:01 CET 2022
Ping: 23.224 ms
Download: 205.91 Mbit/s
Upload: 19.04 Mbit/s
Tue Jan  4 17:45:01 CET 2022
Ping: 23.89 ms
Download: 257.77 Mbit/s
Upload: 19.07 Mbit/s
Tue Jan  4 18:45:01 CET 2022
Ping: 24.477 ms
Download: 311.56 Mbit/s
Upload: 19.67 Mbit/s
Tue Jan  4 19:45:01 CET 2022
Ping: 24.625 ms
Download: 257.35 Mbit/s
Upload: 19.65 Mbit/s
Tue Jan  4 20:45:01 CET 2022
Ping: 24.177 ms
Download: 273.56 Mbit/s
Upload: 19.81 Mbit/s
Tue Jan  4 21:45:01 CET 2022
Ping: 23.669 ms
Download: 225.16 Mbit/s
Upload: 19.54 Mbit/s
Tue Jan  4 22:45:01 CET 2022
Ping: 23.007 ms
Download: 229.90 Mbit/s
Upload: 19.30 Mbit/s
Tue Jan  4 23:45:01 CET 2022
Ping: 24.193 ms
Download: 268.67 Mbit/s
Upload: 19.72 Mbit/s
Wed Jan  5 00:45:01 CET 2022
Ping: 23.339 ms
Download: 96.65 Mbit/s
Upload: 19.38 Mbit/s
Wed Jan  5 01:45:01 CET 2022
Ping: 23.147 ms
Download: 82.12 Mbit/s
Upload: 19.53 Mbit/s
Wed Jan  5 02:45:01 CET 2022
Ping: 30.016 ms
Download: 229.06 Mbit/s
Upload: 18.78 Mbit/s
Wed Jan  5 03:45:01 CET 2022
Ping: 23.827 ms
Download: 223.39 Mbit/s
Upload: 19.21 Mbit/s
Wed Jan  5 04:45:01 CET 2022
Ping: 25.004 ms
Download: 180.42 Mbit/s
Upload: 19.72 Mbit/s
Wed Jan  5 05:45:01 CET 2022
Ping: 23.374 ms
Download: 296.22 Mbit/s
Upload: 14.15 Mbit/s
Wed Jan  5 06:45:01 CET 2022
Ping: 21.296 ms
Download: 204.36 Mbit/s
Upload: 19.42 Mbit/s
Wed Jan  5 07:45:01 CET 2022
Ping: 21.343 ms
Download: 210.01 Mbit/s
Upload: 19.38 Mbit/s
Wed Jan  5 08:45:01 CET 2022
Ping: 24.08 ms
Download: 55.05 Mbit/s
Upload: 19.38 Mbit/s
Wed Jan  5 09:45:01 CET 2022
Ping: 24.2 ms
Download: 147.65 Mbit/s
Upload: 18.41 Mbit/s
Wed Jan  5 10:45:01 CET 2022
Ping: 24.311 ms
Download: 63.54 Mbit/s
Upload: 18.67 Mbit/s
Wed Jan  5 11:45:01 CET 2022
Ping: 24.307 ms
Download: 264.22 Mbit/s
Upload: 19.19 Mbit/s
Wed Jan  5 12:45:01 CET 2022
Ping: 22.795 ms
Download: 88.97 Mbit/s
Upload: 19.58 Mbit/s
Wed Jan  5 13:45:02 CET 2022
Ping: 23.362 ms
Download: 188.89 Mbit/s
Upload: 19.56 Mbit/s
Wed Jan  5 14:45:01 CET 2022
Ping: 23.261 ms
Download: 221.82 Mbit/s
Upload: 19.95 Mbit/s
Wed Jan  5 15:45:01 CET 2022
Ping: 23.498 ms
Download: 205.93 Mbit/s
Upload: 19.61 Mbit/s
Wed Jan  5 16:45:01 CET 2022
Ping: 21.954 ms
Download: 217.00 Mbit/s
Upload: 19.17 Mbit/s
Wed Jan  5 17:45:01 CET 2022
Ping: 25.387 ms
Download: 228.15 Mbit/s
Upload: 14.35 Mbit/s
Wed Jan  5 18:45:01 CET 2022
Ping: 24.609 ms
Download: 237.45 Mbit/s
Upload: 19.74 Mbit/s
Wed Jan  5 19:45:01 CET 2022
Ping: 23.153 ms
Download: 59.59 Mbit/s
Upload: 19.77 Mbit/s
Wed Jan  5 20:45:02 CET 2022
Ping: 24.299 ms
Download: 196.97 Mbit/s
Upload: 19.61 Mbit/s
Wed Jan  5 21:45:01 CET 2022
Ping: 19.576 ms
Download: 243.07 Mbit/s
Upload: 11.95 Mbit/s
Wed Jan  5 22:45:01 CET 2022
Ping: 19.818 ms
Download: 317.87 Mbit/s
Upload: 18.94 Mbit/s
Wed Jan  5 23:45:01 CET 2022
Ping: 23.459 ms
Download: 81.77 Mbit/s
Upload: 19.70 Mbit/s
Thu Jan  6 00:45:01 CET 2022
Ping: 23.177 ms
Download: 204.42 Mbit/s
Upload: 13.94 Mbit/s
Thu Jan  6 01:45:01 CET 2022
Ping: 24.123 ms
Download: 256.24 Mbit/s
Upload: 19.72 Mbit/s
Thu Jan  6 02:45:01 CET 2022
Ping: 23.898 ms
Download: 236.46 Mbit/s
Upload: 18.34 Mbit/s
Thu Jan  6 03:45:01 CET 2022
Ping: 20.026 ms
Download: 223.60 Mbit/s
Upload: 11.25 Mbit/s
Thu Jan  6 04:45:01 CET 2022
Ping: 18.465 ms
Download: 297.47 Mbit/s
Upload: 19.06 Mbit/s
Thu Jan  6 05:45:01 CET 2022
Ping: 23.625 ms
Download: 251.23 Mbit/s
Upload: 15.95 Mbit/s
Thu Jan  6 06:45:01 CET 2022
Ping: 23.13 ms
Download: 261.70 Mbit/s
Upload: 19.75 Mbit/s
Thu Jan  6 07:45:01 CET 2022
Ping: 23.844 ms
Download: 232.05 Mbit/s
Upload: 19.79 Mbit/s
Thu Jan  6 08:45:01 CET 2022
Ping: 36.303 ms
Download: 221.42 Mbit/s
Upload: 19.74 Mbit/s
Thu Jan  6 09:45:01 CET 2022
Ping: 23.811 ms
Download: 229.60 Mbit/s
Upload: 17.79 Mbit/s
Thu Jan  6 10:45:01 CET 2022
Ping: 23.967 ms
Download: 209.41 Mbit/s
Upload: 14.38 Mbit/s
Thu Jan  6 11:45:01 CET 2022
Ping: 21.396 ms
Download: 295.40 Mbit/s
Upload: 16.74 Mbit/s
Thu Jan  6 12:45:01 CET 2022
Ping: 25.639 ms
Download: 317.92 Mbit/s
Upload: 12.20 Mbit/s
Thu Jan  6 13:45:01 CET 2022
Ping: 23.023 ms
Download: 57.58 Mbit/s
Upload: 19.51 Mbit/s
Thu Jan  6 14:45:01 CET 2022
Ping: 23.959 ms
Download: 176.81 Mbit/s
Upload: 19.68 Mbit/s
Thu Jan  6 15:45:01 CET 2022
Ping: 22.171 ms
Download: 135.23 Mbit/s
Upload: 19.84 Mbit/s
Thu Jan  6 16:45:01 CET 2022
Ping: 22.261 ms
Download: 279.03 Mbit/s
Upload: 19.42 Mbit/s
Thu Jan  6 17:45:01 CET 2022
Ping: 24.342 ms
Download: 266.25 Mbit/s
Upload: 18.98 Mbit/s
Thu Jan  6 18:45:01 CET 2022
Ping: 24.128 ms
Download: 71.51 Mbit/s
Upload: 18.37 Mbit/s
Thu Jan  6 19:45:01 CET 2022
Ping: 24.313 ms
Download: 63.24 Mbit/s
Upload: 17.74 Mbit/s
Thu Jan  6 20:45:01 CET 2022
Ping: 25.462 ms
Download: 246.00 Mbit/s
Upload: 19.41 Mbit/s
Thu Jan  6 21:45:01 CET 2022
Ping: 24.791 ms
Download: 257.52 Mbit/s
Upload: 19.41 Mbit/s
Thu Jan  6 22:45:01 CET 2022
Ping: 26.944 ms
Download: 223.29 Mbit/s
Upload: 19.39 Mbit/s
Thu Jan  6 23:45:01 CET 2022
Ping: 23.309 ms
Download: 209.64 Mbit/s
Upload: 19.30 Mbit/s
Fri Jan  7 00:45:01 CET 2022
Ping: 23.674 ms
Download: 201.52 Mbit/s
Upload: 19.60 Mbit/s
Fri Jan  7 01:45:01 CET 2022
Ping: 22.991 ms
Download: 221.30 Mbit/s
Upload: 19.78 Mbit/s
Fri Jan  7 02:45:01 CET 2022
Ping: 23.154 ms
Download: 61.67 Mbit/s
Upload: 19.07 Mbit/s
Fri Jan  7 03:45:01 CET 2022
Ping: 23.055 ms
Download: 51.01 Mbit/s
Upload: 19.05 Mbit/s
Fri Jan  7 04:45:01 CET 2022
Ping: 22.189 ms
Download: 48.39 Mbit/s
Upload: 19.73 Mbit/s
Fri Jan  7 05:45:01 CET 2022
Ping: 22.379 ms
Download: 203.87 Mbit/s
Upload: 19.73 Mbit/s
Fri Jan  7 06:45:01 CET 2022
Ping: 22.072 ms
Download: 195.95 Mbit/s
Upload: 19.76 Mbit/s
Fri Jan  7 07:45:01 CET 2022
Ping: 22.36 ms
Download: 210.37 Mbit/s
Upload: 19.78 Mbit/s
Fri Jan  7 08:45:01 CET 2022
Ping: 22.499 ms
Download: 272.55 Mbit/s
Upload: 19.69 Mbit/s
Fri Jan  7 09:45:01 CET 2022
Ping: 21.64 ms
Download: 264.87 Mbit/s
Upload: 19.84 Mbit/s
Fri Jan  7 10:45:01 CET 2022
Ping: 23.332 ms
Download: 145.08 Mbit/s
Upload: 19.19 Mbit/s
Fri Jan  7 11:45:01 CET 2022
Ping: 30.264 ms
Download: 249.72 Mbit/s
Upload: 19.55 Mbit/s
Fri Jan  7 12:45:01 CET 2022
Ping: 24.821 ms
Download: 302.75 Mbit/s
Upload: 19.37 Mbit/s
Fri Jan  7 13:45:01 CET 2022
Ping: 23.111 ms
Download: 281.63 Mbit/s
Upload: 19.39 Mbit/s
Fri Jan  7 14:45:01 CET 2022
Ping: 26.493 ms
Download: 281.55 Mbit/s
Upload: 19.38 Mbit/s
Fri Jan  7 15:45:01 CET 2022
Ping: 24.183 ms
Download: 229.56 Mbit/s
Upload: 19.47 Mbit/s
Fri Jan  7 16:45:01 CET 2022
Ping: 26.342 ms
Download: 127.71 Mbit/s
Upload: 19.28 Mbit/s
Fri Jan  7 17:45:01 CET 2022
Ping: 23.998 ms
Download: 279.95 Mbit/s
Upload: 18.88 Mbit/s
Fri Jan  7 18:45:01 CET 2022
Ping: 23.641 ms
Download: 209.47 Mbit/s
Upload: 19.29 Mbit/s
Fri Jan  7 19:45:01 CET 2022
Ping: 18.052 ms
Download: 320.19 Mbit/s
Upload: 19.30 Mbit/s
Fri Jan  7 20:45:01 CET 2022
Ping: 24.479 ms
Download: 210.35 Mbit/s
Upload: 10.77 Mbit/s
Fri Jan  7 21:45:02 CET 2022
Ping: 21.736 ms
Download: 241.81 Mbit/s
Upload: 17.77 Mbit/s
Fri Jan  7 22:45:01 CET 2022
Ping: 23.806 ms
Download: 296.61 Mbit/s
Upload: 17.88 Mbit/s
Fri Jan  7 23:45:01 CET 2022
Ping: 24.664 ms
Download: 144.97 Mbit/s
Upload: 18.99 Mbit/s
Sat Jan  8 00:45:01 CET 2022
Ping: 23.835 ms
Download: 232.80 Mbit/s
Upload: 19.21 Mbit/s
Sat Jan  8 01:45:01 CET 2022
Ping: 24.195 ms
Download: 80.82 Mbit/s
Upload: 19.71 Mbit/s
Sat Jan  8 02:45:01 CET 2022
Ping: 24.67 ms
Download: 270.62 Mbit/s
Upload: 19.59 Mbit/s
Sat Jan  8 03:45:01 CET 2022
Ping: 22.755 ms
Download: 322.68 Mbit/s
Upload: 19.47 Mbit/s
Sat Jan  8 04:45:01 CET 2022
Ping: 22.682 ms
Download: 223.60 Mbit/s
Upload: 19.27 Mbit/s
Sat Jan  8 05:45:01 CET 2022
Ping: 23.02 ms
Download: 255.85 Mbit/s
Upload: 19.92 Mbit/s
Sat Jan  8 06:45:01 CET 2022
Ping: 22.65 ms
Download: 298.53 Mbit/s
Upload: 19.77 Mbit/s
Sat Jan  8 07:45:01 CET 2022
Ping: 22.836 ms
Download: 290.79 Mbit/s
Upload: 15.79 Mbit/s
Sat Jan  8 08:45:01 CET 2022
Ping: 23.505 ms
Download: 270.16 Mbit/s
Upload: 19.65 Mbit/s
Sat Jan  8 09:45:01 CET 2022
Ping: 22.067 ms
Download: 203.12 Mbit/s
Upload: 19.83 Mbit/s
Sat Jan  8 10:45:01 CET 2022
Ping: 24.163 ms
Download: 208.85 Mbit/s
Upload: 19.25 Mbit/s
Sat Jan  8 11:45:01 CET 2022
Ping: 23.063 ms
Download: 217.72 Mbit/s
Upload: 19.89 Mbit/s
Sat Jan  8 12:45:01 CET 2022
Ping: 26.308 ms
Download: 289.97 Mbit/s
Upload: 13.92 Mbit/s
Sat Jan  8 13:45:01 CET 2022
Ping: 24.034 ms
Download: 287.86 Mbit/s
Upload: 17.34 Mbit/s
Sat Jan  8 14:45:01 CET 2022
Ping: 24.642 ms
Download: 252.69 Mbit/s
Upload: 17.99 Mbit/s
Sat Jan  8 15:45:02 CET 2022
Ping: 25.648 ms
Download: 177.14 Mbit/s
Upload: 18.69 Mbit/s
Sat Jan  8 16:45:01 CET 2022
Ping: 24.39 ms
Download: 310.60 Mbit/s
Upload: 19.07 Mbit/s
Sat Jan  8 17:45:01 CET 2022
Ping: 24.403 ms
Download: 220.94 Mbit/s
Upload: 18.69 Mbit/s
Sat Jan  8 18:45:01 CET 2022
Ping: 21.992 ms
Download: 208.46 Mbit/s
Upload: 19.44 Mbit/s
Sat Jan  8 19:45:01 CET 2022
Ping: 21.745 ms
Download: 203.21 Mbit/s
Upload: 19.42 Mbit/s
Sat Jan  8 20:45:01 CET 2022
Ping: 20.734 ms
Download: 189.35 Mbit/s
Upload: 19.38 Mbit/s
Sat Jan  8 21:45:01 CET 2022
Ping: 24.128 ms
Download: 217.53 Mbit/s
Upload: 19.71 Mbit/s
Sat Jan  8 22:45:01 CET 2022
Ping: 25.552 ms
Download: 245.45 Mbit/s
Upload: 19.16 Mbit/s
Sat Jan  8 23:45:01 CET 2022
Ping: 23.66 ms
Download: 287.45 Mbit/s
Upload: 19.60 Mbit/s
Sun Jan  9 00:45:01 CET 2022
Ping: 24.74 ms
Download: 337.54 Mbit/s
Upload: 16.53 Mbit/s
Sun Jan  9 01:45:02 CET 2022
Ping: 24.981 ms
Download: 241.02 Mbit/s
Upload: 18.36 Mbit/s
Sun Jan  9 02:45:01 CET 2022
Ping: 25.008 ms
Download: 316.82 Mbit/s
Upload: 19.24 Mbit/s
Sun Jan  9 03:45:01 CET 2022
Ping: 22.124 ms
Download: 361.30 Mbit/s
Upload: 19.84 Mbit/s
Sun Jan  9 04:45:01 CET 2022
Ping: 22.928 ms
Download: 364.67 Mbit/s
Upload: 15.90 Mbit/s
Sun Jan  9 05:45:01 CET 2022
Ping: 21.116 ms
Download: 235.49 Mbit/s
Upload: 19.51 Mbit/s
Sun Jan  9 06:45:01 CET 2022
Ping: 21.164 ms
Download: 276.04 Mbit/s
Upload: 19.46 Mbit/s
Sun Jan  9 07:45:01 CET 2022
Ping: 21.508 ms
Download: 213.43 Mbit/s
Upload: 19.79 Mbit/s
Sun Jan  9 08:45:01 CET 2022
Ping: 22.998 ms
Download: 212.45 Mbit/s
Upload: 19.71 Mbit/s
Sun Jan  9 09:45:01 CET 2022
Ping: 22.34 ms
Download: 325.04 Mbit/s
Upload: 19.20 Mbit/s
Sun Jan  9 10:45:02 CET 2022
Ping: 20.876 ms
Download: 322.87 Mbit/s
Upload: 19.70 Mbit/s
Sun Jan  9 11:45:01 CET 2022
Ping: 21.245 ms
Download: 329.27 Mbit/s
Upload: 19.61 Mbit/s
Sun Jan  9 12:45:01 CET 2022
Ping: 22.067 ms
Download: 205.46 Mbit/s
Upload: 19.27 Mbit/s
Sun Jan  9 13:45:01 CET 2022
Ping: 23.019 ms
Download: 318.94 Mbit/s
Upload: 16.14 Mbit/s
Sun Jan  9 14:45:01 CET 2022
Ping: 21.201 ms
Download: 207.04 Mbit/s
Upload: 19.49 Mbit/s
Sun Jan  9 15:45:01 CET 2022
Ping: 23.152 ms
Download: 274.82 Mbit/s
Upload: 19.74 Mbit/s
Sun Jan  9 16:45:01 CET 2022
Ping: 22.51 ms
Download: 181.02 Mbit/s
Upload: 13.20 Mbit/s
Sun Jan  9 17:45:02 CET 2022
Ping: 22.82 ms
Download: 236.73 Mbit/s
Upload: 12.87 Mbit/s
Sun Jan  9 18:45:01 CET 2022
Ping: 23.789 ms
Download: 287.73 Mbit/s
Upload: 19.66 Mbit/s
Sun Jan  9 19:45:01 CET 2022
Ping: 25.651 ms
Download: 291.24 Mbit/s
Upload: 19.36 Mbit/s
Sun Jan  9 20:45:01 CET 2022
Ping: 25.865 ms
Download: 239.29 Mbit/s
Upload: 17.84 Mbit/s
Sun Jan  9 21:45:01 CET 2022
Ping: 28.861 ms
Download: 191.10 Mbit/s
Upload: 19.36 Mbit/s
Sun Jan  9 22:45:02 CET 2022
Ping: 26.369 ms
Download: 155.35 Mbit/s
Upload: 19.18 Mbit/s
Sun Jan  9 23:45:01 CET 2022
Ping: 25.372 ms
Download: 181.49 Mbit/s
Upload: 19.77 Mbit/s
Mon Jan 10 00:45:01 CET 2022
Ping: 22.851 ms
Download: 253.54 Mbit/s
Upload: 15.68 Mbit/s
Mon Jan 10 01:45:01 CET 2022
Ping: 22.166 ms
Download: 294.23 Mbit/s
Upload: 17.83 Mbit/s
Mon Jan 10 02:45:01 CET 2022
Ping: 23.023 ms
Download: 141.07 Mbit/s
Upload: 19.26 Mbit/s
Mon Jan 10 03:45:01 CET 2022
Ping: 20.536 ms
Download: 297.11 Mbit/s
Upload: 19.80 Mbit/s
Mon Jan 10 04:45:02 CET 2022
Ping: 21.231 ms
Download: 127.71 Mbit/s
Upload: 19.73 Mbit/s
Mon Jan 10 05:45:01 CET 2022
Ping: 20.351 ms
Download: 235.62 Mbit/s
Upload: 19.65 Mbit/s
Mon Jan 10 06:45:01 CET 2022
Ping: 23.934 ms
Download: 63.13 Mbit/s
Upload: 19.58 Mbit/s
Mon Jan 10 07:45:01 CET 2022
Ping: 22.781 ms
Download: 92.87 Mbit/s
Upload: 19.68 Mbit/s
Mon Jan 10 08:45:01 CET 2022
Ping: 22.161 ms
Download: 125.39 Mbit/s
Upload: 12.90 Mbit/s
Mon Jan 10 09:45:01 CET 2022
Ping: 22.05 ms
Download: 279.80 Mbit/s
Upload: 19.65 Mbit/s
Mon Jan 10 10:45:01 CET 2022
Ping: 21.855 ms
Download: 230.38 Mbit/s
Upload: 15.53 Mbit/s
Mon Jan 10 11:45:01 CET 2022
Ping: 22.117 ms
Download: 192.45 Mbit/s
Upload: 14.05 Mbit/s
Mon Jan 10 12:45:01 CET 2022
Ping: 22.665 ms
Download: 204.22 Mbit/s
Upload: 19.73 Mbit/s
Mon Jan 10 13:45:01 CET 2022
Ping: 21.829 ms
Download: 208.54 Mbit/s
Upload: 19.23 Mbit/s
Mon Jan 10 14:45:01 CET 2022
Ping: 22.471 ms
Download: 231.35 Mbit/s
Upload: 19.58 Mbit/s
Mon Jan 10 15:45:01 CET 2022
Ping: 24.957 ms
Download: 248.92 Mbit/s
Upload: 15.95 Mbit/s
Mon Jan 10 16:45:01 CET 2022
Ping: 23.696 ms
Download: 298.48 Mbit/s
Upload: 18.21 Mbit/s
Mon Jan 10 17:45:01 CET 2022
Ping: 22.317 ms
Download: 260.01 Mbit/s
Upload: 18.93 Mbit/s
Mon Jan 10 18:45:01 CET 2022
Ping: 24.572 ms
Download: 50.13 Mbit/s
Upload: 19.57 Mbit/s
Mon Jan 10 19:45:01 CET 2022
Ping: 23.503 ms
Download: 272.06 Mbit/s
Upload: 19.32 Mbit/s
Mon Jan 10 20:45:02 CET 2022
Ping: 23.864 ms
Download: 27.95 Mbit/s
Upload: 18.85 Mbit/s
Mon Jan 10 21:45:01 CET 2022
Ping: 28.067 ms
Download: 253.45 Mbit/s
Upload: 18.85 Mbit/s
Mon Jan 10 22:45:01 CET 2022
Ping: 25.117 ms
Download: 239.64 Mbit/s
Upload: 18.92 Mbit/s
Mon Jan 10 23:45:01 CET 2022
Ping: 24.321 ms
Download: 272.48 Mbit/s
Upload: 19.33 Mbit/s
Tue Jan 11 00:45:01 CET 2022
Ping: 23.816 ms
Download: 97.90 Mbit/s
Upload: 19.00 Mbit/s
Tue Jan 11 01:45:01 CET 2022
Ping: 24.833 ms
Download: 252.37 Mbit/s
Upload: 13.34 Mbit/s
Tue Jan 11 02:45:01 CET 2022
Ping: 25.558 ms
Download: 326.34 Mbit/s
Upload: 19.73 Mbit/s
Tue Jan 11 03:45:01 CET 2022
Ping: 24.353 ms
Download: 258.16 Mbit/s
Upload: 19.54 Mbit/s
Tue Jan 11 04:45:01 CET 2022
Ping: 22.599 ms
Download: 278.06 Mbit/s
Upload: 19.28 Mbit/s
Tue Jan 11 05:45:01 CET 2022
Ping: 24.143 ms
Download: 237.48 Mbit/s
Upload: 19.88 Mbit/s
Tue Jan 11 06:45:02 CET 2022
Ping: 21.085 ms
Download: 341.59 Mbit/s
Upload: 15.88 Mbit/s
Tue Jan 11 07:45:01 CET 2022
Ping: 21.231 ms
Download: 285.30 Mbit/s
Upload: 19.31 Mbit/s
Tue Jan 11 08:45:01 CET 2022
Ping: 22.324 ms
Download: 300.74 Mbit/s
Upload: 16.92 Mbit/s
Tue Jan 11 09:45:01 CET 2022
Ping: 25.236 ms
Download: 220.19 Mbit/s
Upload: 19.14 Mbit/s
Tue Jan 11 10:45:01 CET 2022
Ping: 23.82 ms
Download: 378.22 Mbit/s
Upload: 1.08 Mbit/s
Tue Jan 11 11:45:01 CET 2022
Ping: 23.62 ms
Download: 310.48 Mbit/s
Upload: 18.66 Mbit/s
Tue Jan 11 12:45:01 CET 2022
Ping: 24.139 ms
Download: 53.75 Mbit/s
Upload: 19.50 Mbit/s
Tue Jan 11 13:45:01 CET 2022
Ping: 23.28 ms
Download: 55.42 Mbit/s
Upload: 18.72 Mbit/s
Tue Jan 11 14:45:01 CET 2022
Ping: 25.025 ms
Download: 326.78 Mbit/s
Upload: 15.60 Mbit/s
Tue Jan 11 15:45:01 CET 2022
Ping: 26.523 ms
Download: 234.10 Mbit/s
Upload: 17.51 Mbit/s
Tue Jan 11 16:45:01 CET 2022
Ping: 25.774 ms
Download: 229.12 Mbit/s
Upload: 19.78 Mbit/s
Tue Jan 11 17:45:01 CET 2022
Ping: 22.813 ms
Download: 218.84 Mbit/s
Upload: 16.59 Mbit/s
Tue Jan 11 18:45:01 CET 2022
Ping: 25.068 ms
Download: 50.10 Mbit/s
Upload: 19.41 Mbit/s
Tue Jan 11 19:45:01 CET 2022
Ping: 24.129 ms
Download: 224.64 Mbit/s
Upload: 18.96 Mbit/s
Tue Jan 11 20:45:01 CET 2022
Ping: 23.756 ms
Download: 231.60 Mbit/s
Upload: 20.01 Mbit/s
Tue Jan 11 21:45:01 CET 2022
Ping: 22.991 ms
Download: 311.58 Mbit/s
Upload: 19.88 Mbit/s
Tue Jan 11 22:45:01 CET 2022
Ping: 24.632 ms
Download: 90.58 Mbit/s
Upload: 18.70 Mbit/s
Tue Jan 11 23:45:01 CET 2022
Ping: 23.79 ms
Download: 81.43 Mbit/s
Upload: 19.05 Mbit/s
Wed Jan 12 00:45:01 CET 2022
Ping: 22.809 ms
Download: 262.68 Mbit/s
Upload: 19.98 Mbit/s
Wed Jan 12 01:45:01 CET 2022
Ping: 24.239 ms
Download: 84.57 Mbit/s
Upload: 19.56 Mbit/s
Wed Jan 12 02:45:01 CET 2022
Ping: 23.635 ms
Download: 86.93 Mbit/s
Upload: 19.21 Mbit/s
Wed Jan 12 03:45:01 CET 2022
Ping: 21.602 ms
Download: 248.76 Mbit/s
Upload: 19.72 Mbit/s
Wed Jan 12 04:45:01 CET 2022
Ping: 27.477 ms
Download: 244.28 Mbit/s
Upload: 19.61 Mbit/s
Wed Jan 12 05:45:01 CET 2022
Ping: 28.379 ms
Download: 272.94 Mbit/s
Upload: 19.66 Mbit/s
Wed Jan 12 06:45:01 CET 2022
Ping: 26.782 ms
Download: 277.17 Mbit/s
Upload: 19.11 Mbit/s
Wed Jan 12 07:45:01 CET 2022
Ping: 22.888 ms
Download: 154.58 Mbit/s
Upload: 6.74 Mbit/s
Wed Jan 12 08:45:01 CET 2022
Ping: 27.125 ms
Download: 334.82 Mbit/s
Upload: 19.06 Mbit/s
Wed Jan 12 09:45:01 CET 2022
Ping: 21.833 ms
Download: 276.48 Mbit/s
Upload: 18.87 Mbit/s
Wed Jan 12 10:45:01 CET 2022
Ping: 21.237 ms
Download: 240.46 Mbit/s
Upload: 19.33 Mbit/s
Wed Jan 12 11:45:02 CET 2022
Ping: 22.089 ms
Download: 291.10 Mbit/s
Upload: 19.21 Mbit/s
Wed Jan 12 12:45:01 CET 2022
Ping: 23.564 ms
Download: 298.17 Mbit/s
Upload: 19.68 Mbit/s
Wed Jan 12 13:45:01 CET 2022
Ping: 23.512 ms
Download: 84.10 Mbit/s
Upload: 19.09 Mbit/s
Wed Jan 12 14:45:01 CET 2022
Ping: 22.684 ms
Download: 139.83 Mbit/s
Upload: 19.69 Mbit/s
Wed Jan 12 15:45:01 CET 2022
Ping: 21.426 ms
Download: 216.01 Mbit/s
Upload: 19.18 Mbit/s
Wed Jan 12 16:45:01 CET 2022
Ping: 24.529 ms
Download: 284.89 Mbit/s
Upload: 19.09 Mbit/s
Wed Jan 12 17:45:01 CET 2022
Ping: 23.815 ms
Download: 220.18 Mbit/s
Upload: 19.69 Mbit/s
Wed Jan 12 18:45:01 CET 2022
Ping: 22.458 ms
Download: 284.51 Mbit/s
Upload: 19.12 Mbit/s
Wed Jan 12 19:45:01 CET 2022
Ping: 24.787 ms
Download: 128.60 Mbit/s
Upload: 19.54 Mbit/s
Wed Jan 12 20:45:01 CET 2022
Ping: 26.075 ms
Download: 246.43 Mbit/s
Upload: 19.47 Mbit/s
Wed Jan 12 21:45:01 CET 2022
Ping: 26.156 ms
Download: 270.19 Mbit/s
Upload: 19.23 Mbit/s
Wed Jan 12 22:45:01 CET 2022
Ping: 23.046 ms
Download: 310.53 Mbit/s
Upload: 14.97 Mbit/s
Wed Jan 12 23:45:01 CET 2022
Ping: 22.481 ms
Download: 237.69 Mbit/s
Upload: 19.44 Mbit/s
Thu Jan 13 00:45:01 CET 2022
Ping: 23.665 ms
Download: 232.83 Mbit/s
Upload: 19.59 Mbit/s
Thu Jan 13 01:45:01 CET 2022
Ping: 21.992 ms
Download: 132.29 Mbit/s
Upload: 15.35 Mbit/s
Thu Jan 13 02:45:01 CET 2022
Ping: 25.843 ms
Download: 259.54 Mbit/s
Upload: 19.77 Mbit/s
Thu Jan 13 03:45:01 CET 2022
Ping: 23.435 ms
Download: 58.07 Mbit/s
Upload: 18.50 Mbit/s
Thu Jan 13 04:45:01 CET 2022
Ping: 27.658 ms
Download: 214.69 Mbit/s
Upload: 19.35 Mbit/s
Thu Jan 13 05:45:01 CET 2022
Ping: 21.944 ms
Download: 155.26 Mbit/s
Upload: 19.19 Mbit/s
Thu Jan 13 06:45:01 CET 2022
Ping: 25.908 ms
Download: 253.10 Mbit/s
Upload: 19.51 Mbit/s
Thu Jan 13 07:45:01 CET 2022
Ping: 35.38 ms
Download: 210.35 Mbit/s
Upload: 19.37 Mbit/s
Thu Jan 13 08:45:01 CET 2022
Ping: 27.338 ms
Download: 191.77 Mbit/s
Upload: 18.79 Mbit/s
Thu Jan 13 09:45:01 CET 2022
Ping: 30.159 ms
Download: 174.97 Mbit/s
Upload: 19.50 Mbit/s
Thu Jan 13 10:45:01 CET 2022
Ping: 25.333 ms
Download: 293.05 Mbit/s
Upload: 19.50 Mbit/s
Thu Jan 13 11:45:01 CET 2022
Ping: 25.725 ms
Download: 217.21 Mbit/s
Upload: 15.63 Mbit/s
Thu Jan 13 12:45:01 CET 2022
Ping: 27.268 ms
Download: 238.33 Mbit/s
Upload: 19.18 Mbit/s
Thu Jan 13 13:45:01 CET 2022
Ping: 23.778 ms
Download: 277.48 Mbit/s
Upload: 19.36 Mbit/s
Thu Jan 13 14:45:01 CET 2022
Ping: 22.441 ms
Download: 297.55 Mbit/s
Upload: 12.60 Mbit/s
Thu Jan 13 15:45:01 CET 2022
Ping: 24.206 ms
Download: 290.29 Mbit/s
Upload: 17.77 Mbit/s
Thu Jan 13 16:45:01 CET 2022
Ping: 22.266 ms
Download: 259.40 Mbit/s
Upload: 19.73 Mbit/s
Thu Jan 13 17:45:01 CET 2022
Ping: 24.508 ms
Download: 273.36 Mbit/s
Upload: 19.65 Mbit/s
Thu Jan 13 18:45:01 CET 2022
Ping: 21.994 ms
Download: 296.05 Mbit/s
Upload: 19.71 Mbit/s
Thu Jan 13 19:45:02 CET 2022
Ping: 24.064 ms
Download: 307.23 Mbit/s
Upload: 19.22 Mbit/s
Thu Jan 13 20:45:01 CET 2022
Ping: 24.238 ms
Download: 341.38 Mbit/s
Upload: 19.16 Mbit/s
Thu Jan 13 21:45:01 CET 2022
Ping: 25.063 ms
Download: 245.50 Mbit/s
Upload: 16.68 Mbit/s
Thu Jan 13 22:45:01 CET 2022
Ping: 22.993 ms
Download: 280.86 Mbit/s
Upload: 19.38 Mbit/s
Thu Jan 13 23:45:01 CET 2022
Ping: 22.255 ms
Download: 260.74 Mbit/s
Upload: 19.62 Mbit/s
Fri Jan 14 00:45:01 CET 2022
Ping: 23.307 ms
Download: 316.18 Mbit/s
Upload: 19.42 Mbit/s
Fri Jan 14 01:45:01 CET 2022
Ping: 22.306 ms
Download: 292.82 Mbit/s
Upload: 19.74 Mbit/s
Fri Jan 14 02:45:01 CET 2022
Ping: 21.42 ms
Download: 109.61 Mbit/s
Upload: 19.47 Mbit/s
Fri Jan 14 03:45:01 CET 2022
Ping: 22.887 ms
Download: 195.74 Mbit/s
Upload: 19.76 Mbit/s
Fri Jan 14 04:45:01 CET 2022
Ping: 23.173 ms
Download: 257.12 Mbit/s
Upload: 19.77 Mbit/s
Fri Jan 14 05:45:01 CET 2022
Ping: 24.113 ms
Download: 180.32 Mbit/s
Upload: 15.21 Mbit/s
Fri Jan 14 06:45:01 CET 2022
Ping: 22.893 ms
Download: 273.63 Mbit/s
Upload: 19.65 Mbit/s
Fri Jan 14 07:45:01 CET 2022
Ping: 23.899 ms
Download: 358.35 Mbit/s
Upload: 2.01 Mbit/s
Fri Jan 14 08:45:01 CET 2022
Ping: 23.242 ms
Download: 348.08 Mbit/s
Upload: 5.77 Mbit/s
Fri Jan 14 09:45:01 CET 2022
Ping: 25.361 ms
Download: 320.93 Mbit/s
Upload: 1.28 Mbit/s
Fri Jan 14 10:45:01 CET 2022
Ping: 23.128 ms
Download: 258.71 Mbit/s
Upload: 19.50 Mbit/s
Fri Jan 14 11:45:01 CET 2022
Ping: 24.338 ms
Download: 247.35 Mbit/s
Upload: 19.36 Mbit/s
Fri Jan 14 12:45:01 CET 2022
Ping: 24.531 ms
Download: 289.74 Mbit/s
Upload: 19.72 Mbit/s
Fri Jan 14 13:45:01 CET 2022
Ping: 24.074 ms
Download: 195.20 Mbit/s
Upload: 19.64 Mbit/s
Fri Jan 14 14:45:01 CET 2022
Ping: 24.585 ms
Download: 221.65 Mbit/s
Upload: 15.25 Mbit/s
Fri Jan 14 15:45:01 CET 2022
Ping: 23.829 ms
Download: 281.02 Mbit/s
Upload: 19.71 Mbit/s
Fri Jan 14 16:45:01 CET 2022
Ping: 24.587 ms
Download: 250.37 Mbit/s
Upload: 19.63 Mbit/s
Fri Jan 14 17:45:01 CET 2022
Ping: 22.247 ms
Download: 224.61 Mbit/s
Upload: 19.90 Mbit/s
Fri Jan 14 18:45:01 CET 2022
Ping: 23.185 ms
Download: 182.81 Mbit/s
Upload: 19.13 Mbit/s
Fri Jan 14 19:45:01 CET 2022
Ping: 26.81 ms
Download: 281.60 Mbit/s
Upload: 16.44 Mbit/s
Fri Jan 14 20:45:01 CET 2022
Ping: 27.0 ms
Download: 201.50 Mbit/s
Upload: 16.66 Mbit/s
Fri Jan 14 21:45:01 CET 2022
Ping: 26.99 ms
Download: 235.58 Mbit/s
Upload: 15.55 Mbit/s
Fri Jan 14 22:45:01 CET 2022
Ping: 23.198 ms
Download: 250.55 Mbit/s
Upload: 19.38 Mbit/s
Fri Jan 14 23:45:01 CET 2022
Ping: 24.916 ms
Download: 59.81 Mbit/s
Upload: 19.24 Mbit/s
Sat Jan 15 00:45:01 CET 2022
Ping: 23.909 ms
Download: 67.03 Mbit/s
Upload: 19.65 Mbit/s
Sat Jan 15 01:45:01 CET 2022
Ping: 24.819 ms
Download: 339.01 Mbit/s
Upload: 17.83 Mbit/s
Sat Jan 15 02:45:01 CET 2022
Ping: 22.604 ms
Download: 211.14 Mbit/s
Upload: 13.69 Mbit/s
Sat Jan 15 03:45:01 CET 2022
Ping: 24.692 ms
Download: 211.83 Mbit/s
Upload: 13.23 Mbit/s
Sat Jan 15 04:45:01 CET 2022
Ping: 25.967 ms
Download: 291.15 Mbit/s
Upload: 19.56 Mbit/s
Sat Jan 15 05:45:02 CET 2022
Ping: 24.553 ms
Download: 255.45 Mbit/s
Upload: 19.78 Mbit/s
Sat Jan 15 06:45:01 CET 2022
Ping: 25.268 ms
Download: 243.27 Mbit/s
Upload: 19.42 Mbit/s
Sat Jan 15 07:45:01 CET 2022
Ping: 24.663 ms
Download: 215.42 Mbit/s
Upload: 19.32 Mbit/s
Sat Jan 15 08:45:01 CET 2022
Ping: 24.222 ms
Download: 135.88 Mbit/s
Upload: 19.85 Mbit/s
Sat Jan 15 09:45:01 CET 2022
Ping: 23.298 ms
Download: 90.96 Mbit/s
Upload: 19.71 Mbit/s
Sat Jan 15 10:45:01 CET 2022
Ping: 25.02 ms
Download: 247.27 Mbit/s
Upload: 19.52 Mbit/s
Sat Jan 15 11:45:01 CET 2022
Ping: 23.336 ms
Download: 278.79 Mbit/s
Upload: 19.57 Mbit/s
Sat Jan 15 12:45:01 CET 2022
Ping: 22.941 ms
Download: 208.33 Mbit/s
Upload: 19.65 Mbit/s
Sat Jan 15 13:45:01 CET 2022
Ping: 25.13 ms
Download: 235.33 Mbit/s
Upload: 19.59 Mbit/s
Sat Jan 15 14:45:01 CET 2022
Ping: 25.845 ms
Download: 268.86 Mbit/s
Upload: 19.33 Mbit/s
Sat Jan 15 15:45:02 CET 2022
Ping: 24.88 ms
Download: 261.88 Mbit/s
Upload: 16.28 Mbit/s
Sat Jan 15 16:45:01 CET 2022
Ping: 25.559 ms
Download: 240.95 Mbit/s
Upload: 19.19 Mbit/s
Sat Jan 15 17:45:01 CET 2022
Ping: 24.083 ms
Download: 45.28 Mbit/s
Upload: 19.29 Mbit/s
Sat Jan 15 18:45:01 CET 2022
Ping: 25.416 ms
Download: 250.01 Mbit/s
Upload: 19.63 Mbit/s
Sat Jan 15 19:45:01 CET 2022
Ping: 23.813 ms
Download: 223.64 Mbit/s
Upload: 18.77 Mbit/s
Sat Jan 15 20:45:01 CET 2022
Ping: 24.792 ms
Download: 242.12 Mbit/s
Upload: 19.70 Mbit/s
Sat Jan 15 21:45:01 CET 2022
Ping: 25.952 ms
Download: 219.18 Mbit/s
Upload: 19.55 Mbit/s
Sat Jan 15 22:45:01 CET 2022
Ping: 27.35 ms
Download: 42.85 Mbit/s
Upload: 19.25 Mbit/s
Sat Jan 15 23:45:01 CET 2022
Ping: 25.274 ms
Download: 32.28 Mbit/s
Upload: 18.28 Mbit/s
Sun Jan 16 00:45:01 CET 2022
Ping: 24.473 ms
Download: 236.68 Mbit/s
Upload: 19.49 Mbit/s
Sun Jan 16 01:45:01 CET 2022
Ping: 25.796 ms
Download: 236.37 Mbit/s
Upload: 19.28 Mbit/s
Sun Jan 16 02:45:01 CET 2022
Ping: 24.894 ms
Download: 154.03 Mbit/s
Upload: 15.95 Mbit/s
Sun Jan 16 03:45:02 CET 2022
Ping: 24.548 ms
Download: 250.10 Mbit/s
Upload: 15.23 Mbit/s
Sun Jan 16 04:45:01 CET 2022
Ping: 25.28 ms
Download: 238.95 Mbit/s
Upload: 19.53 Mbit/s
Sun Jan 16 05:45:01 CET 2022
Ping: 24.321 ms
Download: 277.12 Mbit/s
Upload: 19.69 Mbit/s
Sun Jan 16 06:45:01 CET 2022
Ping: 24.642 ms
Download: 216.92 Mbit/s
Upload: 19.05 Mbit/s
Sun Jan 16 07:45:01 CET 2022
Ping: 25.161 ms
Download: 197.97 Mbit/s
Upload: 19.47 Mbit/s
Sun Jan 16 08:45:01 CET 2022
Ping: 23.257 ms
Download: 209.01 Mbit/s
Upload: 19.67 Mbit/s
Sun Jan 16 09:45:01 CET 2022
Ping: 23.065 ms
Download: 211.59 Mbit/s
Upload: 19.67 Mbit/s
Sun Jan 16 10:45:02 CET 2022
Ping: 21.884 ms
Download: 203.98 Mbit/s
Upload: 19.84 Mbit/s
Sun Jan 16 11:45:01 CET 2022
Ping: 24.512 ms
Download: 75.82 Mbit/s
Upload: 19.33 Mbit/s
Sun Jan 16 12:45:01 CET 2022
Ping: 25.993 ms
Download: 239.31 Mbit/s
Upload: 12.05 Mbit/s
Sun Jan 16 13:45:01 CET 2022
Ping: 24.515 ms
Download: 55.44 Mbit/s
Upload: 19.10 Mbit/s
Sun Jan 16 14:45:01 CET 2022
Ping: 24.409 ms
Download: 195.94 Mbit/s
Upload: 19.93 Mbit/s
Sun Jan 16 15:45:01 CET 2022
Ping: 24.88 ms
Download: 228.73 Mbit/s
Upload: 19.74 Mbit/s
Sun Jan 16 16:45:01 CET 2022
Ping: 25.404 ms
Download: 216.36 Mbit/s
Upload: 19.84 Mbit/s
Sun Jan 16 17:45:01 CET 2022
Ping: 24.503 ms
Download: 168.07 Mbit/s
Upload: 19.84 Mbit/s
Sun Jan 16 18:45:01 CET 2022
Ping: 24.531 ms
Download: 247.34 Mbit/s
Upload: 19.99 Mbit/s
Sun Jan 16 19:45:01 CET 2022
Ping: 24.838 ms
Download: 230.17 Mbit/s
Upload: 19.98 Mbit/s
Sun Jan 16 20:45:01 CET 2022
Ping: 23.595 ms
Download: 192.77 Mbit/s
Upload: 19.25 Mbit/s
Sun Jan 16 21:45:01 CET 2022
Ping: 23.157 ms
Download: 201.20 Mbit/s
Upload: 19.70 Mbit/s
Sun Jan 16 22:45:01 CET 2022
Ping: 24.276 ms
Download: 315.73 Mbit/s
Upload: 19.44 Mbit/s
Sun Jan 16 23:45:01 CET 2022
Ping: 25.351 ms
Download: 205.52 Mbit/s
Upload: 19.79 Mbit/s
Mon Jan 17 00:45:01 CET 2022
Ping: 27.07 ms
Download: 261.36 Mbit/s
Upload: 19.11 Mbit/s
Mon Jan 17 01:45:01 CET 2022
Ping: 25.381 ms
Download: 268.54 Mbit/s
Upload: 19.47 Mbit/s
Mon Jan 17 02:45:01 CET 2022
Ping: 25.485 ms
Download: 229.97 Mbit/s
Upload: 19.49 Mbit/s
Mon Jan 17 03:45:02 CET 2022
Ping: 23.637 ms
Download: 228.81 Mbit/s
Upload: 19.39 Mbit/s
Mon Jan 17 04:45:01 CET 2022
Ping: 24.807 ms
Download: 278.16 Mbit/s
Upload: 19.56 Mbit/s
Mon Jan 17 05:45:01 CET 2022
Ping: 23.999 ms
Download: 105.26 Mbit/s
Upload: 19.74 Mbit/s
Mon Jan 17 06:45:01 CET 2022
Ping: 23.985 ms
Download: 63.83 Mbit/s
Upload: 19.54 Mbit/s
Mon Jan 17 07:45:01 CET 2022
Ping: 24.873 ms
Download: 55.62 Mbit/s
Upload: 19.52 Mbit/s
Mon Jan 17 08:45:01 CET 2022
Ping: 25.802 ms
Download: 188.58 Mbit/s
Upload: 19.51 Mbit/s
Mon Jan 17 09:45:01 CET 2022
Ping: 26.536 ms
Download: 272.00 Mbit/s
Upload: 19.62 Mbit/s
Mon Jan 17 10:45:01 CET 2022
Ping: 25.419 ms
Download: 266.49 Mbit/s
Upload: 19.64 Mbit/s
Mon Jan 17 11:45:01 CET 2022
Ping: 24.022 ms
Download: 340.51 Mbit/s
Upload: 19.32 Mbit/s
Mon Jan 17 12:45:01 CET 2022
Ping: 24.687 ms
Download: 280.09 Mbit/s
Upload: 15.52 Mbit/s
Mon Jan 17 13:45:01 CET 2022
Ping: 23.419 ms
Download: 199.79 Mbit/s
Upload: 18.84 Mbit/s
Mon Jan 17 14:45:01 CET 2022
Ping: 27.337 ms
Download: 243.22 Mbit/s
Upload: 14.15 Mbit/s
Mon Jan 17 15:45:01 CET 2022
Ping: 27.098 ms
Download: 215.61 Mbit/s
Upload: 16.26 Mbit/s
Mon Jan 17 16:45:01 CET 2022
Ping: 24.956 ms
Download: 204.83 Mbit/s
Upload: 13.75 Mbit/s
Mon Jan 17 17:45:01 CET 2022
Ping: 24.036 ms
Download: 194.50 Mbit/s
Upload: 18.78 Mbit/s
Mon Jan 17 18:45:01 CET 2022
Ping: 24.035 ms
Download: 217.51 Mbit/s
Upload: 19.62 Mbit/s
Mon Jan 17 19:45:01 CET 2022
Ping: 24.4 ms
Download: 199.75 Mbit/s
Upload: 19.62 Mbit/s
Mon Jan 17 20:45:01 CET 2022
Ping: 29.893 ms
Download: 209.30 Mbit/s
Upload: 19.13 Mbit/s
Mon Jan 17 21:45:01 CET 2022
Ping: 25.28 ms
Download: 234.35 Mbit/s
Upload: 19.23 Mbit/s
Mon Jan 17 22:45:01 CET 2022
Ping: 25.24 ms
Download: 233.87 Mbit/s
Upload: 19.68 Mbit/s
Mon Jan 17 23:45:01 CET 2022
Ping: 23.053 ms
Download: 188.12 Mbit/s
Upload: 15.39 Mbit/s
Tue Jan 18 00:45:01 CET 2022
Ping: 22.378 ms
Download: 199.32 Mbit/s
Upload: 13.24 Mbit/s
Tue Jan 18 01:45:01 CET 2022
Ping: 24.585 ms
Download: 241.31 Mbit/s
Upload: 16.64 Mbit/s
Tue Jan 18 02:45:01 CET 2022
Ping: 23.66 ms
Download: 231.24 Mbit/s
Upload: 19.73 Mbit/s
Tue Jan 18 03:45:01 CET 2022
Ping: 25.139 ms
Download: 200.37 Mbit/s
Upload: 19.77 Mbit/s
Tue Jan 18 04:45:01 CET 2022
Ping: 26.903 ms
Download: 232.92 Mbit/s
Upload: 19.46 Mbit/s
Tue Jan 18 05:45:01 CET 2022
Ping: 25.822 ms
Download: 273.17 Mbit/s
Upload: 19.64 Mbit/s
Tue Jan 18 06:45:01 CET 2022
Ping: 25.065 ms
Download: 302.01 Mbit/s
Upload: 19.12 Mbit/s
Tue Jan 18 07:45:01 CET 2022
Ping: 26.325 ms
Download: 308.23 Mbit/s
Upload: 15.23 Mbit/s
Tue Jan 18 08:45:01 CET 2022
Ping: 26.191 ms
Download: 224.49 Mbit/s
Upload: 15.22 Mbit/s
Tue Jan 18 09:45:01 CET 2022
Ping: 25.149 ms
Download: 245.40 Mbit/s
Upload: 14.72 Mbit/s
Tue Jan 18 10:45:02 CET 2022
Ping: 27.364 ms
Download: 217.86 Mbit/s
Upload: 16.79 Mbit/s
Tue Jan 18 11:45:01 CET 2022
Ping: 26.658 ms
Download: 294.95 Mbit/s
Upload: 19.52 Mbit/s
Tue Jan 18 12:45:01 CET 2022
Ping: 27.165 ms
Download: 273.28 Mbit/s
Upload: 15.89 Mbit/s
Tue Jan 18 13:45:01 CET 2022
Ping: 25.301 ms
Download: 262.10 Mbit/s
Upload: 16.48 Mbit/s
Tue Jan 18 14:45:01 CET 2022
Ping: 23.661 ms
Download: 252.62 Mbit/s
Upload: 19.23 Mbit/s
Tue Jan 18 15:45:01 CET 2022
Ping: 25.334 ms
Download: 270.55 Mbit/s
Upload: 19.61 Mbit/s
Tue Jan 18 16:45:01 CET 2022
Ping: 23.04 ms
Download: 252.33 Mbit/s
Upload: 19.33 Mbit/s
Tue Jan 18 17:45:01 CET 2022
Ping: 22.894 ms
Download: 248.61 Mbit/s
Upload: 19.51 Mbit/s
Tue Jan 18 18:45:01 CET 2022
Ping: 25.011 ms
Download: 283.42 Mbit/s
Upload: 19.14 Mbit/s
Tue Jan 18 19:45:01 CET 2022
Ping: 22.57 ms
Download: 243.14 Mbit/s
Upload: 19.49 Mbit/s
Tue Jan 18 20:45:01 CET 2022
Ping: 25.332 ms
Download: 43.05 Mbit/s
Upload: 17.36 Mbit/s
Tue Jan 18 21:45:01 CET 2022
Ping: 27.398 ms
Download: 44.84 Mbit/s
Upload: 18.56 Mbit/s
Tue Jan 18 22:45:01 CET 2022
Ping: 26.431 ms
Download: 52.75 Mbit/s
Upload: 18.12 Mbit/s
Tue Jan 18 23:45:01 CET 2022
Ping: 24.846 ms
Download: 258.82 Mbit/s
Upload: 19.42 Mbit/s
Wed Jan 19 00:45:01 CET 2022
Ping: 23.329 ms
Download: 277.04 Mbit/s
Upload: 19.57 Mbit/s
Wed Jan 19 01:45:01 CET 2022
Ping: 24.297 ms
Download: 294.73 Mbit/s
Upload: 19.65 Mbit/s
Wed Jan 19 02:45:01 CET 2022
Ping: 25.808 ms
Download: 235.90 Mbit/s
Upload: 13.12 Mbit/s
Wed Jan 19 03:45:01 CET 2022
Ping: 24.145 ms
Download: 108.26 Mbit/s
Upload: 19.43 Mbit/s
Wed Jan 19 04:45:01 CET 2022
Ping: 24.632 ms
Download: 231.52 Mbit/s
Upload: 19.03 Mbit/s
Wed Jan 19 05:45:02 CET 2022
Ping: 21.916 ms
Download: 188.00 Mbit/s
Upload: 19.60 Mbit/s
Wed Jan 19 06:45:01 CET 2022
Ping: 22.952 ms
Download: 187.26 Mbit/s
Upload: 19.09 Mbit/s
Wed Jan 19 07:45:01 CET 2022
Ping: 24.016 ms
Download: 193.94 Mbit/s
Upload: 19.70 Mbit/s
Wed Jan 19 08:45:01 CET 2022
Ping: 24.654 ms
Download: 72.93 Mbit/s
Upload: 19.43 Mbit/s
Wed Jan 19 09:45:01 CET 2022
Ping: 26.959 ms
Download: 103.24 Mbit/s
Upload: 19.19 Mbit/s
Wed Jan 19 10:45:02 CET 2022
Ping: 27.621 ms
Download: 196.93 Mbit/s
Upload: 19.16 Mbit/s
Wed Jan 19 11:45:02 CET 2022
Ping: 24.184 ms
Download: 323.17 Mbit/s
Upload: 19.33 Mbit/s
Wed Jan 19 12:45:01 CET 2022
Ping: 25.409 ms
Download: 265.24 Mbit/s
Upload: 18.68 Mbit/s
Wed Jan 19 13:45:01 CET 2022
Ping: 26.296 ms
Download: 227.57 Mbit/s
Upload: 19.32 Mbit/s
Wed Jan 19 14:45:01 CET 2022
Ping: 25.647 ms
Download: 290.00 Mbit/s
Upload: 14.11 Mbit/s
Wed Jan 19 15:45:01 CET 2022
Ping: 24.63 ms
Download: 291.37 Mbit/s
Upload: 19.49 Mbit/s
Wed Jan 19 16:45:01 CET 2022
Ping: 27.331 ms
Download: 96.92 Mbit/s
Upload: 10.82 Mbit/s
Wed Jan 19 17:45:01 CET 2022
Ping: 24.529 ms
Download: 202.34 Mbit/s
Upload: 19.13 Mbit/s
Wed Jan 19 18:45:01 CET 2022
Ping: 23.196 ms
Download: 182.53 Mbit/s
Upload: 18.93 Mbit/s
Wed Jan 19 19:45:01 CET 2022
Ping: 22.69 ms
Download: 219.52 Mbit/s
Upload: 19.45 Mbit/s
Wed Jan 19 20:45:01 CET 2022
Ping: 24.813 ms
Download: 48.14 Mbit/s
Upload: 18.63 Mbit/s
Wed Jan 19 21:45:01 CET 2022
Ping: 24.835 ms
Download: 273.26 Mbit/s
Upload: 19.54 Mbit/s
Wed Jan 19 22:45:02 CET 2022
Ping: 23.799 ms
Download: 249.30 Mbit/s
Upload: 19.79 Mbit/s
Wed Jan 19 23:45:01 CET 2022
Ping: 24.89 ms
Download: 54.20 Mbit/s
Upload: 19.46 Mbit/s
Thu Jan 20 00:45:01 CET 2022
Ping: 25.624 ms
Download: 180.46 Mbit/s
Upload: 19.56 Mbit/s
Thu Jan 20 01:45:01 CET 2022
Ping: 24.909 ms
Download: 73.95 Mbit/s
Upload: 19.39 Mbit/s
Thu Jan 20 02:45:01 CET 2022
Ping: 25.503 ms
Download: 317.85 Mbit/s
Upload: 16.81 Mbit/s
Thu Jan 20 03:45:01 CET 2022
Ping: 24.809 ms
Download: 224.38 Mbit/s
Upload: 16.17 Mbit/s
Thu Jan 20 04:45:01 CET 2022
Ping: 24.822 ms
Download: 255.46 Mbit/s
Upload: 16.92 Mbit/s
Thu Jan 20 05:45:01 CET 2022
Ping: 25.478 ms
Download: 204.96 Mbit/s
Upload: 16.88 Mbit/s
Thu Jan 20 06:45:01 CET 2022
Ping: 23.739 ms
Download: 325.64 Mbit/s
Upload: 19.61 Mbit/s
Thu Jan 20 07:45:01 CET 2022
Ping: 21.744 ms
Download: 283.04 Mbit/s
Upload: 19.74 Mbit/s
Thu Jan 20 08:45:01 CET 2022
Ping: 21.758 ms
Download: 313.65 Mbit/s
Upload: 19.55 Mbit/s
Thu Jan 20 09:45:01 CET 2022
Ping: 25.127 ms
Download: 255.07 Mbit/s
Upload: 19.56 Mbit/s
Thu Jan 20 10:45:01 CET 2022
Ping: 28.968 ms
Download: 213.70 Mbit/s
Upload: 19.47 Mbit/s
Thu Jan 20 11:45:01 CET 2022
Ping: 28.476 ms
Download: 276.06 Mbit/s
Upload: 19.34 Mbit/s
Thu Jan 20 12:45:01 CET 2022
Ping: 23.22 ms
Download: 334.04 Mbit/s
Upload: 19.36 Mbit/s
Thu Jan 20 13:45:01 CET 2022
Ping: 25.909 ms
Download: 288.78 Mbit/s
Upload: 19.33 Mbit/s
Thu Jan 20 14:45:01 CET 2022
Ping: 23.497 ms
Download: 314.42 Mbit/s
Upload: 19.26 Mbit/s
Thu Jan 20 15:45:01 CET 2022
Ping: 23.73 ms
Download: 159.28 Mbit/s
Upload: 15.34 Mbit/s
Thu Jan 20 16:45:02 CET 2022
Ping: 23.93 ms
Download: 192.19 Mbit/s
Upload: 15.24 Mbit/s
Thu Jan 20 17:45:01 CET 2022
Ping: 24.592 ms
Download: 190.39 Mbit/s
Upload: 14.38 Mbit/s
Thu Jan 20 18:45:02 CET 2022
Ping: 23.589 ms
Download: 254.81 Mbit/s
Upload: 15.58 Mbit/s
Thu Jan 20 19:45:01 CET 2022
Ping: 22.766 ms
Download: 238.72 Mbit/s
Upload: 19.70 Mbit/s
Thu Jan 20 20:45:01 CET 2022
Ping: 24.366 ms
Download: 215.78 Mbit/s
Upload: 19.41 Mbit/s
Thu Jan 20 21:45:02 CET 2022
Ping: 25.743 ms
Download: 267.62 Mbit/s
Upload: 19.85 Mbit/s
Thu Jan 20 22:45:02 CET 2022
Ping: 24.388 ms
Download: 214.14 Mbit/s
Upload: 19.47 Mbit/s
Thu Jan 20 23:45:01 CET 2022
Ping: 23.907 ms
Download: 294.77 Mbit/s
Upload: 19.46 Mbit/s
Fri Jan 21 00:45:01 CET 2022
Ping: 24.919 ms
Download: 286.64 Mbit/s
Upload: 19.63 Mbit/s
Fri Jan 21 01:45:01 CET 2022
Ping: 24.746 ms
Download: 161.13 Mbit/s
Upload: 19.83 Mbit/s
Fri Jan 21 02:45:01 CET 2022
Ping: 24.58 ms
Download: 327.21 Mbit/s
Upload: 19.70 Mbit/s
Fri Jan 21 03:45:02 CET 2022
Ping: 26.535 ms
Download: 228.69 Mbit/s
Upload: 19.52 Mbit/s
Fri Jan 21 04:45:01 CET 2022
Ping: 25.887 ms
Download: 302.40 Mbit/s
Upload: 14.77 Mbit/s
Fri Jan 21 05:45:01 CET 2022
Ping: 29.162 ms
Download: 229.68 Mbit/s
Upload: 19.43 Mbit/s
Fri Jan 21 06:45:02 CET 2022
Ping: 23.582 ms
Download: 217.43 Mbit/s
Upload: 19.48 Mbit/s
Fri Jan 21 07:45:01 CET 2022
Ping: 23.65 ms
Download: 205.79 Mbit/s
Upload: 19.11 Mbit/s
Fri Jan 21 08:45:01 CET 2022
Ping: 24.511 ms
Download: 264.52 Mbit/s
Upload: 18.73 Mbit/s
Fri Jan 21 09:45:01 CET 2022
Ping: 22.727 ms
Download: 193.48 Mbit/s
Upload: 19.84 Mbit/s
Fri Jan 21 10:45:02 CET 2022
Ping: 24.564 ms
Download: 267.98 Mbit/s
Upload: 13.12 Mbit/s
Fri Jan 21 11:45:01 CET 2022
Ping: 23.665 ms
Download: 309.44 Mbit/s
Upload: 19.41 Mbit/s
Fri Jan 21 12:45:01 CET 2022
Ping: 26.654 ms
Download: 266.99 Mbit/s
Upload: 19.38 Mbit/s
Fri Jan 21 13:45:01 CET 2022
Ping: 24.79 ms
Download: 236.99 Mbit/s
Upload: 19.30 Mbit/s
Fri Jan 21 14:45:01 CET 2022
Ping: 23.561 ms
Download: 109.00 Mbit/s
Upload: 15.28 Mbit/s
Fri Jan 21 15:45:01 CET 2022
Ping: 25.383 ms
Download: 278.66 Mbit/s
Upload: 19.29 Mbit/s
Fri Jan 21 16:45:01 CET 2022
Ping: 25.163 ms
Download: 267.05 Mbit/s
Upload: 13.98 Mbit/s
Fri Jan 21 17:45:01 CET 2022
Ping: 26.649 ms
Download: 266.82 Mbit/s
Upload: 19.75 Mbit/s
Fri Jan 21 18:45:02 CET 2022
Ping: 23.866 ms
Download: 220.58 Mbit/s
Upload: 19.84 Mbit/s
Fri Jan 21 19:45:01 CET 2022
Ping: 23.788 ms
Download: 252.00 Mbit/s
Upload: 19.77 Mbit/s
Fri Jan 21 20:45:01 CET 2022
Ping: 23.268 ms
Download: 54.78 Mbit/s
Upload: 19.64 Mbit/s
Fri Jan 21 21:45:01 CET 2022
Ping: 27.397 ms
Download: 278.95 Mbit/s
Upload: 19.84 Mbit/s
Fri Jan 21 22:45:01 CET 2022
Ping: 26.169 ms
Download: 316.88 Mbit/s
Upload: 19.37 Mbit/s
Fri Jan 21 23:45:02 CET 2022
Ping: 27.232 ms
Download: 332.08 Mbit/s
Upload: 19.08 Mbit/s
Sat Jan 22 00:45:01 CET 2022
Ping: 23.028 ms
Download: 311.12 Mbit/s
Upload: 19.57 Mbit/s
Sat Jan 22 01:45:02 CET 2022
Ping: 22.37 ms
Download: 242.30 Mbit/s
Upload: 19.80 Mbit/s
Sat Jan 22 02:45:01 CET 2022
Ping: 24.722 ms
Download: 265.04 Mbit/s
Upload: 19.42 Mbit/s
Sat Jan 22 03:45:01 CET 2022
Ping: 25.352 ms
Download: 271.74 Mbit/s
Upload: 19.47 Mbit/s
Sat Jan 22 04:45:01 CET 2022
Ping: 24.447 ms
Download: 234.51 Mbit/s
Upload: 17.46 Mbit/s
Sat Jan 22 05:45:01 CET 2022
Ping: 25.075 ms
Download: 249.64 Mbit/s
Upload: 18.48 Mbit/s
Sat Jan 22 06:45:01 CET 2022
Ping: 22.842 ms
Download: 327.68 Mbit/s
Upload: 19.89 Mbit/s
Sat Jan 22 07:45:01 CET 2022
Ping: 24.312 ms
Download: 211.57 Mbit/s
Upload: 19.77 Mbit/s
Sat Jan 22 08:45:01 CET 2022
Ping: 24.373 ms
Download: 190.63 Mbit/s
Upload: 15.95 Mbit/s
Sat Jan 22 09:45:01 CET 2022
Ping: 25.063 ms
Download: 195.64 Mbit/s
Upload: 17.82 Mbit/s
Sat Jan 22 10:45:01 CET 2022
Ping: 26.191 ms
Download: 179.40 Mbit/s
Upload: 13.54 Mbit/s
Sat Jan 22 11:45:01 CET 2022
Ping: 29.37 ms
Download: 184.05 Mbit/s
Upload: 12.33 Mbit/s
Sat Jan 22 12:45:01 CET 2022
Ping: 23.678 ms
Download: 210.61 Mbit/s
Upload: 19.69 Mbit/s
Sat Jan 22 13:45:01 CET 2022
Ping: 23.526 ms
Download: 215.28 Mbit/s
Upload: 19.66 Mbit/s
Sat Jan 22 14:45:01 CET 2022
Ping: 22.15 ms
Download: 197.57 Mbit/s
Upload: 19.87 Mbit/s
Sat Jan 22 15:45:01 CET 2022
Ping: 24.986 ms
Download: 153.67 Mbit/s
Upload: 15.00 Mbit/s
Sat Jan 22 16:45:01 CET 2022
Ping: 26.06 ms
Download: 262.22 Mbit/s
Upload: 15.74 Mbit/s
Sat Jan 22 17:45:01 CET 2022
Ping: 24.247 ms
Download: 221.37 Mbit/s
Upload: 15.18 Mbit/s
Sat Jan 22 18:45:02 CET 2022
Ping: 24.493 ms
Download: 237.00 Mbit/s
Upload: 19.46 Mbit/s
Sat Jan 22 19:45:02 CET 2022
Ping: 24.378 ms
Download: 238.23 Mbit/s
Upload: 19.46 Mbit/s
Sat Jan 22 20:45:01 CET 2022
Ping: 24.845 ms
Download: 260.04 Mbit/s
Upload: 19.45 Mbit/s
Sat Jan 22 21:45:01 CET 2022
Ping: 23.08 ms
Download: 232.66 Mbit/s
Upload: 15.59 Mbit/s
Sat Jan 22 22:45:01 CET 2022
Ping: 23.4 ms
Download: 206.24 Mbit/s
Upload: 15.28 Mbit/s
Sat Jan 22 23:45:01 CET 2022
Ping: 22.841 ms
Download: 218.52 Mbit/s
Upload: 14.24 Mbit/s
Sun Jan 23 00:45:01 CET 2022
Ping: 24.501 ms
Download: 297.84 Mbit/s
Upload: 19.88 Mbit/s
Sun Jan 23 01:45:01 CET 2022
Ping: 23.335 ms
Download: 180.65 Mbit/s
Upload: 5.24 Mbit/s
Sun Jan 23 02:45:01 CET 2022
Ping: 24.966 ms
Download: 80.56 Mbit/s
Upload: 19.47 Mbit/s
Sun Jan 23 03:45:01 CET 2022
Ping: 23.369 ms
Download: 279.29 Mbit/s
Upload: 19.24 Mbit/s
Sun Jan 23 04:45:01 CET 2022
Ping: 23.57 ms
Download: 281.28 Mbit/s
Upload: 18.37 Mbit/s
Sun Jan 23 05:45:01 CET 2022
Ping: 24.557 ms
Download: 286.69 Mbit/s
Upload: 19.05 Mbit/s
Sun Jan 23 06:45:01 CET 2022
Ping: 24.387 ms
Download: 215.39 Mbit/s
Upload: 16.23 Mbit/s
Sun Jan 23 07:45:01 CET 2022
Ping: 23.402 ms
Download: 228.13 Mbit/s
Upload: 19.75 Mbit/s
Sun Jan 23 08:45:01 CET 2022
Ping: 24.643 ms
Download: 218.53 Mbit/s
Upload: 18.96 Mbit/s
Sun Jan 23 09:45:01 CET 2022
Ping: 21.928 ms
Download: 164.24 Mbit/s
Upload: 19.77 Mbit/s
Sun Jan 23 10:45:01 CET 2022
Ping: 22.407 ms
Download: 180.81 Mbit/s
Upload: 9.93 Mbit/s
Sun Jan 23 11:45:01 CET 2022
Ping: 23.947 ms
Download: 215.19 Mbit/s
Upload: 19.50 Mbit/s
Sun Jan 23 12:45:06 CET 2022
Ping: 23.965 ms
Download: 180.01 Mbit/s
Upload: 18.14 Mbit/s
Sun Jan 23 13:45:01 CET 2022
Ping: 24.584 ms
Download: 211.08 Mbit/s
Upload: 19.64 Mbit/s
Sun Jan 23 14:45:01 CET 2022
Ping: 25.101 ms
Download: 223.05 Mbit/s
Upload: 19.92 Mbit/s
Sun Jan 23 15:45:01 CET 2022
Ping: 23.618 ms
Download: 195.56 Mbit/s
Upload: 19.56 Mbit/s
Sun Jan 23 16:45:02 CET 2022
Ping: 22.955 ms
Download: 206.17 Mbit/s
Upload: 19.58 Mbit/s
Sun Jan 23 17:45:01 CET 2022
Ping: 23.837 ms
Download: 234.62 Mbit/s
Upload: 17.56 Mbit/s
Sun Jan 23 18:45:01 CET 2022
Ping: 23.882 ms
Download: 250.78 Mbit/s
Upload: 15.70 Mbit/s
Sun Jan 23 19:45:01 CET 2022
Ping: 26.025 ms
Download: 214.86 Mbit/s
Upload: 19.18 Mbit/s
Sun Jan 23 20:45:01 CET 2022
Ping: 23.057 ms
Download: 163.71 Mbit/s
Upload: 19.22 Mbit/s
Sun Jan 23 21:45:01 CET 2022
Ping: 26.855 ms
Download: 203.11 Mbit/s
Upload: 14.92 Mbit/s
Sun Jan 23 22:45:01 CET 2022
Ping: 27.967 ms
Download: 278.83 Mbit/s
Upload: 19.32 Mbit/s
Sun Jan 23 23:45:01 CET 2022
Ping: 26.16 ms
Download: 241.47 Mbit/s
Upload: 19.73 Mbit/s
Mon Jan 24 00:45:01 CET 2022
Ping: 24.318 ms
Download: 338.85 Mbit/s
Upload: 19.47 Mbit/s
Mon Jan 24 01:45:01 CET 2022
Ping: 23.837 ms
Download: 191.75 Mbit/s
Upload: 19.79 Mbit/s
Mon Jan 24 02:45:01 CET 2022
Ping: 22.759 ms
Download: 270.24 Mbit/s
Upload: 19.73 Mbit/s
Mon Jan 24 03:45:02 CET 2022
Ping: 22.722 ms
Download: 63.23 Mbit/s
Upload: 19.59 Mbit/s
Mon Jan 24 04:45:01 CET 2022
Ping: 24.594 ms
Download: 74.75 Mbit/s
Upload: 19.14 Mbit/s
Mon Jan 24 05:45:01 CET 2022
Ping: 25.246 ms
Download: 280.59 Mbit/s
Upload: 19.67 Mbit/s
Mon Jan 24 06:45:01 CET 2022
Ping: 24.329 ms
Download: 330.43 Mbit/s
Upload: 1.85 Mbit/s
Mon Jan 24 07:45:01 CET 2022
Ping: 24.319 ms
Download: 337.65 Mbit/s
Upload: 2.03 Mbit/s
Mon Jan 24 08:45:01 CET 2022
Ping: 26.027 ms
Download: 201.51 Mbit/s
Upload: 19.46 Mbit/s
Mon Jan 24 09:45:01 CET 2022
Ping: 24.489 ms
Download: 228.60 Mbit/s
Upload: 19.36 Mbit/s
Mon Jan 24 10:45:01 CET 2022
Ping: 24.436 ms
Download: 248.36 Mbit/s
Upload: 18.92 Mbit/s
Mon Jan 24 11:45:01 CET 2022
Ping: 25.836 ms
Download: 230.45 Mbit/s
Upload: 19.65 Mbit/s
Mon Jan 24 12:45:01 CET 2022
Ping: 28.331 ms
Download: 267.79 Mbit/s
Upload: 19.09 Mbit/s
Mon Jan 24 13:45:01 CET 2022
Ping: 30.337 ms
Download: 259.28 Mbit/s
Upload: 19.41 Mbit/s
Mon Jan 24 14:45:01 CET 2022
Ping: 29.255 ms
Download: 246.76 Mbit/s
Upload: 18.28 Mbit/s
Mon Jan 24 15:45:01 CET 2022
Ping: 24.364 ms
Download: 209.33 Mbit/s
Upload: 17.36 Mbit/s
Mon Jan 24 16:45:01 CET 2022
Ping: 24.88 ms
Download: 192.15 Mbit/s
Upload: 14.47 Mbit/s
Mon Jan 24 17:45:01 CET 2022
Ping: 24.189 ms
Download: 260.18 Mbit/s
Upload: 18.85 Mbit/s
Mon Jan 24 18:45:01 CET 2022
Ping: 24.185 ms
Download: 259.99 Mbit/s
Upload: 13.54 Mbit/s
Mon Jan 24 19:45:01 CET 2022
Ping: 18.934 ms
Download: 249.19 Mbit/s
Upload: 9.92 Mbit/s
Mon Jan 24 20:45:01 CET 2022
Ping: 19.322 ms
Download: 273.62 Mbit/s
Upload: 15.93 Mbit/s
Mon Jan 24 21:45:01 CET 2022
Ping: 26.422 ms
Download: 250.07 Mbit/s
Upload: 19.35 Mbit/s
Mon Jan 24 22:45:01 CET 2022
Ping: 25.219 ms
Download: 247.46 Mbit/s
Upload: 19.53 Mbit/s
Mon Jan 24 23:45:01 CET 2022
Ping: 25.293 ms
Download: 371.10 Mbit/s
Upload: 19.62 Mbit/s
Tue Jan 25 00:45:01 CET 2022
Ping: 25.337 ms
Download: 266.56 Mbit/s
Upload: 18.95 Mbit/s
Tue Jan 25 01:45:01 CET 2022
Ping: 25.627 ms
Download: 351.27 Mbit/s
Upload: 18.59 Mbit/s
Tue Jan 25 02:45:01 CET 2022
Ping: 22.808 ms
Download: 262.26 Mbit/s
Upload: 19.52 Mbit/s
Tue Jan 25 03:45:01 CET 2022
Ping: 23.059 ms
Download: 326.13 Mbit/s
Upload: 19.17 Mbit/s
Tue Jan 25 04:45:02 CET 2022
Ping: 24.231 ms
Download: 284.02 Mbit/s
Upload: 17.57 Mbit/s
Tue Jan 25 05:45:01 CET 2022
Ping: 23.67 ms
Download: 251.76 Mbit/s
Upload: 16.04 Mbit/s
Tue Jan 25 06:45:01 CET 2022
Ping: 25.186 ms
Download: 94.20 Mbit/s
Upload: 13.68 Mbit/s
Tue Jan 25 07:45:01 CET 2022
Ping: 25.001 ms
Download: 248.54 Mbit/s
Upload: 19.35 Mbit/s
Tue Jan 25 08:45:01 CET 2022
Ping: 23.15 ms
Download: 238.21 Mbit/s
Upload: 19.39 Mbit/s
Tue Jan 25 09:45:01 CET 2022
Ping: 24.481 ms
Download: 272.42 Mbit/s
Upload: 19.83 Mbit/s
Tue Jan 25 10:45:01 CET 2022
Ping: 24.501 ms
Download: 68.21 Mbit/s
Upload: 19.68 Mbit/s
Tue Jan 25 11:45:01 CET 2022
Ping: 24.631 ms
Download: 78.32 Mbit/s
Upload: 19.21 Mbit/s
Tue Jan 25 12:45:01 CET 2022
Ping: 23.826 ms
Download: 90.81 Mbit/s
Upload: 18.69 Mbit/s
Tue Jan 25 13:45:01 CET 2022
Ping: 20.688 ms
Download: 261.20 Mbit/s
Upload: 19.74 Mbit/s
Tue Jan 25 14:45:01 CET 2022
Ping: 22.921 ms
Download: 221.60 Mbit/s
Upload: 15.78 Mbit/s
Tue Jan 25 15:45:01 CET 2022
Ping: 25.318 ms
Download: 78.48 Mbit/s
Upload: 19.71 Mbit/s
Tue Jan 25 16:45:01 CET 2022
Ping: 22.983 ms
Download: 217.01 Mbit/s
Upload: 19.82 Mbit/s
Tue Jan 25 17:45:01 CET 2022
Ping: 24.12 ms
Download: 237.47 Mbit/s
Upload: 19.61 Mbit/s
Tue Jan 25 18:45:01 CET 2022
Ping: 23.822 ms
Download: 270.60 Mbit/s
Upload: 19.09 Mbit/s
Tue Jan 25 19:45:01 CET 2022
Ping: 23.377 ms
Download: 261.00 Mbit/s
Upload: 12.54 Mbit/s
Tue Jan 25 20:45:01 CET 2022
Ping: 22.485 ms
Download: 84.67 Mbit/s
Upload: 4.18 Mbit/s
Tue Jan 25 21:45:01 CET 2022
Ping: 19.574 ms
Download: 278.70 Mbit/s
Upload: 15.47 Mbit/s
Tue Jan 25 22:45:01 CET 2022
Ping: 24.688 ms
Download: 257.86 Mbit/s
Upload: 17.16 Mbit/s
Tue Jan 25 23:45:01 CET 2022
Ping: 24.077 ms
Download: 231.06 Mbit/s
Upload: 19.13 Mbit/s
Wed Jan 26 00:45:01 CET 2022
Ping: 24.16 ms
Download: 303.59 Mbit/s
Upload: 19.62 Mbit/s
Wed Jan 26 01:45:01 CET 2022
Ping: 23.721 ms
Download: 244.59 Mbit/s
Upload: 15.19 Mbit/s
Wed Jan 26 02:45:01 CET 2022
Ping: 19.836 ms
Download: 277.28 Mbit/s
Upload: 14.93 Mbit/s
Wed Jan 26 03:45:01 CET 2022
Ping: 18.406 ms
Download: 289.93 Mbit/s
Upload: 15.13 Mbit/s
Wed Jan 26 04:45:01 CET 2022
Ping: 21.162 ms
Download: 245.49 Mbit/s
Upload: 14.95 Mbit/s
Wed Jan 26 05:45:01 CET 2022
Ping: 23.198 ms
Download: 259.32 Mbit/s
Upload: 11.77 Mbit/s
Wed Jan 26 06:45:01 CET 2022
Ping: 19.228 ms
Download: 231.24 Mbit/s
Upload: 15.28 Mbit/s
Wed Jan 26 07:45:01 CET 2022
Ping: 23.331 ms
Download: 226.54 Mbit/s
Upload: 19.55 Mbit/s
Wed Jan 26 08:45:01 CET 2022
Ping: 24.845 ms
Download: 313.09 Mbit/s
Upload: 19.64 Mbit/s
Wed Jan 26 09:45:01 CET 2022
Ping: 22.512 ms
Download: 266.08 Mbit/s
Upload: 19.10 Mbit/s
Wed Jan 26 10:45:01 CET 2022
Ping: 26.141 ms
Download: 218.53 Mbit/s
Upload: 19.46 Mbit/s
Wed Jan 26 11:45:01 CET 2022
Ping: 25.085 ms
Download: 232.00 Mbit/s
Upload: 14.35 Mbit/s
Wed Jan 26 12:45:01 CET 2022
Ping: 25.137 ms
Download: 82.34 Mbit/s
Upload: 16.55 Mbit/s
Wed Jan 26 13:45:01 CET 2022
Ping: 25.329 ms
Download: 313.08 Mbit/s
Upload: 13.26 Mbit/s
Wed Jan 26 14:45:02 CET 2022
Ping: 23.063 ms
Download: 271.30 Mbit/s
Upload: 14.81 Mbit/s
Wed Jan 26 15:45:01 CET 2022
Ping: 24.009 ms
Download: 313.95 Mbit/s
Upload: 19.41 Mbit/s
Wed Jan 26 16:45:01 CET 2022
Ping: 26.362 ms
Download: 224.13 Mbit/s
Upload: 19.44 Mbit/s
Wed Jan 26 17:45:01 CET 2022
Ping: 23.49 ms
Download: 260.36 Mbit/s
Upload: 19.20 Mbit/s
Wed Jan 26 18:45:01 CET 2022
Ping: 26.04 ms
Download: 240.72 Mbit/s
Upload: 14.46 Mbit/s
Wed Jan 26 19:45:01 CET 2022
Ping: 24.369 ms
Download: 263.67 Mbit/s
Upload: 19.59 Mbit/s
Wed Jan 26 20:45:02 CET 2022
Ping: 22.547 ms
Download: 356.48 Mbit/s
Upload: 15.82 Mbit/s
Wed Jan 26 21:45:01 CET 2022
Ping: 21.739 ms
Download: 350.19 Mbit/s
Upload: 15.68 Mbit/s
Wed Jan 26 22:45:01 CET 2022
Ping: 32.331 ms
Download: 190.83 Mbit/s
Upload: 19.32 Mbit/s
Wed Jan 26 23:45:01 CET 2022
Ping: 27.221 ms
Download: 84.96 Mbit/s
Upload: 18.88 Mbit/s
Thu Jan 27 00:45:01 CET 2022
Ping: 27.059 ms
Download: 109.85 Mbit/s
Upload: 19.82 Mbit/s
Thu Jan 27 01:45:01 CET 2022
Ping: 22.857 ms
Download: 301.00 Mbit/s
Upload: 19.81 Mbit/s
Thu Jan 27 02:45:01 CET 2022
Ping: 25.102 ms
Download: 244.87 Mbit/s
Upload: 19.75 Mbit/s
Thu Jan 27 03:45:01 CET 2022
Ping: 24.918 ms
Download: 232.70 Mbit/s
Upload: 19.43 Mbit/s
Thu Jan 27 04:45:01 CET 2022
Ping: 24.899 ms
Download: 248.74 Mbit/s
Upload: 19.57 Mbit/s
Thu Jan 27 05:45:01 CET 2022
Ping: 25.144 ms
Download: 260.34 Mbit/s
Upload: 19.92 Mbit/s
Thu Jan 27 06:45:01 CET 2022
Ping: 24.007 ms
Download: 213.05 Mbit/s
Upload: 19.12 Mbit/s
Thu Jan 27 07:45:01 CET 2022
Ping: 21.592 ms
Download: 274.80 Mbit/s
Upload: 19.31 Mbit/s
Thu Jan 27 08:45:01 CET 2022
Ping: 21.454 ms
Download: 291.94 Mbit/s
Upload: 14.20 Mbit/s
Thu Jan 27 09:45:01 CET 2022
Ping: 21.548 ms
Download: 253.07 Mbit/s
Upload: 14.91 Mbit/s
Thu Jan 27 10:45:01 CET 2022
Ping: 24.738 ms
Download: 37.74 Mbit/s
Upload: 14.18 Mbit/s
Thu Jan 27 11:45:01 CET 2022
Ping: 28.423 ms
Download: 142.12 Mbit/s
Upload: 15.38 Mbit/s
Thu Jan 27 12:45:01 CET 2022
Ping: 25.902 ms
Download: 87.48 Mbit/s
Upload: 19.11 Mbit/s
Thu Jan 27 13:45:01 CET 2022
Ping: 22.745 ms
Download: 196.24 Mbit/s
Upload: 19.46 Mbit/s
Thu Jan 27 14:45:01 CET 2022
Ping: 23.561 ms
Download: 318.77 Mbit/s
Upload: 18.17 Mbit/s
Thu Jan 27 15:45:01 CET 2022
Ping: 22.848 ms
Download: 204.35 Mbit/s
Upload: 19.76 Mbit/s
Thu Jan 27 16:45:01 CET 2022
Ping: 29.27 ms
Download: 228.23 Mbit/s
Upload: 18.19 Mbit/s
Thu Jan 27 17:45:01 CET 2022
Ping: 27.628 ms
Download: 247.56 Mbit/s
Upload: 19.01 Mbit/s
Thu Jan 27 18:45:01 CET 2022
Ping: 29.146 ms
Download: 243.27 Mbit/s
Upload: 19.27 Mbit/s
Thu Jan 27 19:45:02 CET 2022
Ping: 25.062 ms
Download: 330.02 Mbit/s
Upload: 19.68 Mbit/s
Thu Jan 27 20:45:01 CET 2022
Ping: 24.334 ms
Download: 40.44 Mbit/s
Upload: 19.15 Mbit/s
Thu Jan 27 21:45:01 CET 2022
Ping: 23.475 ms
Download: 36.03 Mbit/s
Upload: 14.41 Mbit/s
Thu Jan 27 22:45:01 CET 2022
Ping: 23.069 ms
Download: 260.38 Mbit/s
Upload: 19.41 Mbit/s
Thu Jan 27 23:45:01 CET 2022
Ping: 21.09 ms
Download: 260.25 Mbit/s
Upload: 13.35 Mbit/s
Fri Jan 28 00:45:01 CET 2022
Ping: 21.98 ms
Download: 266.84 Mbit/s
Upload: 14.74 Mbit/s
Fri Jan 28 01:45:02 CET 2022
Ping: 24.411 ms
Download: 245.90 Mbit/s
Upload: 14.82 Mbit/s
Fri Jan 28 02:45:01 CET 2022
Ping: 25.181 ms
Download: 75.73 Mbit/s
Upload: 19.74 Mbit/s
Fri Jan 28 03:45:01 CET 2022
Ping: 25.78 ms
Download: 136.83 Mbit/s
Upload: 17.53 Mbit/s
Fri Jan 28 04:45:01 CET 2022
Ping: 23.819 ms
Download: 77.66 Mbit/s
Upload: 19.55 Mbit/s
Fri Jan 28 05:45:01 CET 2022
Ping: 24.121 ms
Download: 121.31 Mbit/s
Upload: 5.66 Mbit/s
Fri Jan 28 06:45:01 CET 2022
Ping: 19.053 ms
Download: 246.71 Mbit/s
Upload: 13.71 Mbit/s
Fri Jan 28 07:45:01 CET 2022
Ping: 23.01 ms
Download: 258.12 Mbit/s
Upload: 15.17 Mbit/s
Fri Jan 28 08:45:01 CET 2022
Ping: 27.352 ms
Download: 303.97 Mbit/s
Upload: 19.16 Mbit/s
Fri Jan 28 09:45:01 CET 2022
Ping: 26.08 ms
Download: 264.22 Mbit/s
Upload: 19.16 Mbit/s
Fri Jan 28 10:45:01 CET 2022
Ping: 25.822 ms
Download: 231.35 Mbit/s
Upload: 19.16 Mbit/s
Fri Jan 28 11:45:01 CET 2022
Ping: 24.825 ms
Download: 234.35 Mbit/s
Upload: 18.43 Mbit/s
Fri Jan 28 12:45:01 CET 2022
Ping: 24.971 ms
Download: 241.53 Mbit/s
Upload: 19.11 Mbit/s
Fri Jan 28 13:45:01 CET 2022
Ping: 25.137 ms
Download: 239.35 Mbit/s
Upload: 19.65 Mbit/s
Fri Jan 28 14:45:01 CET 2022
Ping: 25.972 ms
Download: 360.84 Mbit/s
Upload: 19.55 Mbit/s
Fri Jan 28 15:45:01 CET 2022
Ping: 26.428 ms
Download: 229.41 Mbit/s
Upload: 19.10 Mbit/s
Fri Jan 28 16:45:01 CET 2022
Ping: 25.213 ms
Download: 257.80 Mbit/s
Upload: 18.29 Mbit/s
Fri Jan 28 17:45:01 CET 2022
Ping: 26.283 ms
Download: 274.45 Mbit/s
Upload: 19.68 Mbit/s
Fri Jan 28 18:45:01 CET 2022
Ping: 24.682 ms
Download: 290.00 Mbit/s
Upload: 19.79 Mbit/s
Fri Jan 28 19:45:01 CET 2022
Ping: 25.995 ms
Download: 232.19 Mbit/s
Upload: 17.74 Mbit/s
Fri Jan 28 20:45:01 CET 2022
Ping: 26.184 ms
Download: 236.11 Mbit/s
Upload: 19.37 Mbit/s
Fri Jan 28 21:45:01 CET 2022
Ping: 25.432 ms
Download: 279.27 Mbit/s
Upload: 19.82 Mbit/s
Fri Jan 28 22:45:01 CET 2022
Ping: 25.282 ms
Download: 279.44 Mbit/s
Upload: 19.43 Mbit/s
Fri Jan 28 23:45:01 CET 2022
Ping: 25.088 ms
Download: 275.47 Mbit/s
Upload: 19.59 Mbit/s
Sat Jan 29 00:45:01 CET 2022
Ping: 23.79 ms
Download: 241.70 Mbit/s
Upload: 19.37 Mbit/s
Sat Jan 29 01:45:01 CET 2022
Ping: 24.816 ms
Download: 259.72 Mbit/s
Upload: 19.85 Mbit/s
Sat Jan 29 02:45:01 CET 2022
Ping: 22.51 ms
Download: 282.75 Mbit/s
Upload: 13.21 Mbit/s
Sat Jan 29 03:45:01 CET 2022
Ping: 19.764 ms
Download: 251.59 Mbit/s
Upload: 14.15 Mbit/s
Sat Jan 29 04:45:01 CET 2022
Ping: 19.385 ms
Download: 283.63 Mbit/s
Upload: 16.11 Mbit/s
Sat Jan 29 05:45:01 CET 2022
Ping: 21.853 ms
Download: 273.86 Mbit/s
Upload: 19.76 Mbit/s
Sat Jan 29 06:45:01 CET 2022
Ping: 22.612 ms
Download: 301.47 Mbit/s
Upload: 19.87 Mbit/s
Sat Jan 29 07:45:01 CET 2022
Ping: 23.253 ms
Download: 198.39 Mbit/s
Upload: 15.78 Mbit/s
Sat Jan 29 08:45:01 CET 2022
Ping: 29.508 ms
Download: 218.12 Mbit/s
Upload: 18.95 Mbit/s
Sat Jan 29 09:45:01 CET 2022
Ping: 26.557 ms
Download: 200.34 Mbit/s
Upload: 19.63 Mbit/s
Sat Jan 29 10:45:02 CET 2022
Ping: 27.895 ms
Download: 225.70 Mbit/s
Upload: 19.07 Mbit/s
Sat Jan 29 11:45:01 CET 2022
Ping: 24.117 ms
Download: 284.79 Mbit/s
Upload: 19.39 Mbit/s
Sat Jan 29 12:45:01 CET 2022
Ping: 25.031 ms
Download: 200.55 Mbit/s
Upload: 19.05 Mbit/s
Sat Jan 29 13:45:02 CET 2022
Ping: 23.069 ms
Download: 200.14 Mbit/s
Upload: 19.62 Mbit/s
Sat Jan 29 14:45:01 CET 2022
Ping: 26.35 ms
Download: 102.46 Mbit/s
Upload: 18.39 Mbit/s
Sat Jan 29 15:45:01 CET 2022
Ping: 26.771 ms
Download: 222.44 Mbit/s
Upload: 19.06 Mbit/s
Sat Jan 29 16:45:01 CET 2022
Ping: 26.773 ms
Download: 315.17 Mbit/s
Upload: 19.52 Mbit/s
Sat Jan 29 17:45:01 CET 2022
Ping: 23.071 ms
Download: 201.52 Mbit/s
Upload: 15.71 Mbit/s
Sat Jan 29 18:45:01 CET 2022
Ping: 25.852 ms
Download: 202.66 Mbit/s
Upload: 19.74 Mbit/s
Sat Jan 29 19:45:01 CET 2022
Ping: 22.568 ms
Download: 204.32 Mbit/s
Upload: 19.87 Mbit/s
Sat Jan 29 20:45:01 CET 2022
Ping: 23.894 ms
Download: 199.43 Mbit/s
Upload: 19.47 Mbit/s
Sat Jan 29 21:45:01 CET 2022
Ping: 25.437 ms
Download: 356.37 Mbit/s
Upload: 14.66 Mbit/s
Sat Jan 29 22:45:01 CET 2022
Ping: 25.881 ms
Download: 173.94 Mbit/s
Upload: 8.36 Mbit/s
Sat Jan 29 23:45:01 CET 2022
Ping: 22.382 ms
Download: 170.77 Mbit/s
Upload: 19.32 Mbit/s
Sun Jan 30 00:45:02 CET 2022
Ping: 23.018 ms
Download: 307.51 Mbit/s
Upload: 19.31 Mbit/s
Sun Jan 30 01:45:01 CET 2022
Ping: 26.213 ms
Download: 231.26 Mbit/s
Upload: 19.33 Mbit/s
Sun Jan 30 02:45:01 CET 2022
Ping: 23.557 ms
Download: 289.27 Mbit/s
Upload: 19.51 Mbit/s
Sun Jan 30 03:45:42 CET 2022
Ping: 26.784 ms
Download: 181.94 Mbit/s
Upload: 15.79 Mbit/s
Sun Jan 30 04:45:02 CET 2022
Ping: 22.35 ms
Download: 184.54 Mbit/s
Upload: 19.86 Mbit/s
Sun Jan 30 05:45:01 CET 2022
Ping: 22.9 ms
Download: 186.33 Mbit/s
Upload: 19.50 Mbit/s
Sun Jan 30 06:45:01 CET 2022
Ping: 21.621 ms
Download: 306.70 Mbit/s
Upload: 15.51 Mbit/s
Sun Jan 30 07:45:01 CET 2022
Ping: 18.895 ms
Download: 231.83 Mbit/s
Upload: 14.73 Mbit/s
Sun Jan 30 08:45:01 CET 2022
Ping: 23.863 ms
Download: 133.71 Mbit/s
Upload: 5.72 Mbit/s
Sun Jan 30 09:45:01 CET 2022
Ping: 21.388 ms
Download: 232.24 Mbit/s
Upload: 13.79 Mbit/s
Sun Jan 30 10:45:01 CET 2022
Ping: 22.67 ms
Download: 281.19 Mbit/s
Upload: 14.21 Mbit/s
Sun Jan 30 11:45:01 CET 2022
Ping: 23.956 ms
Download: 305.18 Mbit/s
Upload: 19.62 Mbit/s
Sun Jan 30 12:45:01 CET 2022
Ping: 23.66 ms
Download: 276.48 Mbit/s
Upload: 16.21 Mbit/s
Sun Jan 30 13:45:01 CET 2022
Ping: 22.018 ms
Download: 300.89 Mbit/s
Upload: 14.68 Mbit/s
Sun Jan 30 14:45:01 CET 2022
Ping: 22.705 ms
Download: 208.65 Mbit/s
Upload: 15.31 Mbit/s
Sun Jan 30 15:45:01 CET 2022
Ping: 24.909 ms
Download: 61.66 Mbit/s
Upload: 19.46 Mbit/s
Sun Jan 30 16:45:01 CET 2022
Ping: 25.268 ms
Download: 242.63 Mbit/s
Upload: 19.25 Mbit/s
Sun Jan 30 17:45:01 CET 2022
Ping: 22.994 ms
Download: 69.51 Mbit/s
Upload: 19.08 Mbit/s
Sun Jan 30 18:45:01 CET 2022
Ping: 25.384 ms
Download: 265.59 Mbit/s
Upload: 19.89 Mbit/s
Sun Jan 30 19:45:01 CET 2022
Ping: 26.928 ms
Download: 273.52 Mbit/s
Upload: 19.22 Mbit/s
Sun Jan 30 20:45:01 CET 2022
Ping: 27.972 ms
Download: 266.73 Mbit/s
Upload: 19.39 Mbit/s
Sun Jan 30 21:45:01 CET 2022
Ping: 22.737 ms
Download: 207.13 Mbit/s
Upload: 19.54 Mbit/s
Sun Jan 30 22:45:01 CET 2022
Ping: 23.967 ms
Download: 199.46 Mbit/s
Upload: 19.19 Mbit/s
Sun Jan 30 23:45:01 CET 2022
Ping: 22.703 ms
Download: 201.91 Mbit/s
Upload: 19.58 Mbit/s
Mon Jan 31 00:45:01 CET 2022
Ping: 26.354 ms
Download: 324.11 Mbit/s
Upload: 18.64 Mbit/s
Mon Jan 31 01:45:01 CET 2022
Ping: 25.316 ms
Download: 232.06 Mbit/s
Upload: 18.95 Mbit/s
Mon Jan 31 02:45:01 CET 2022
Ping: 25.378 ms
Download: 305.09 Mbit/s
Upload: 18.54 Mbit/s
Mon Jan 31 03:45:01 CET 2022
Ping: 23.158 ms
Download: 209.64 Mbit/s
Upload: 19.87 Mbit/s
Mon Jan 31 04:45:01 CET 2022
Ping: 21.837 ms
Download: 259.88 Mbit/s
Upload: 19.81 Mbit/s
Mon Jan 31 05:45:01 CET 2022
Ping: 21.714 ms
Download: 287.94 Mbit/s
Upload: 19.67 Mbit/s
Mon Jan 31 06:45:01 CET 2022
Ping: 25.332 ms
Download: 235.68 Mbit/s
Upload: 15.74 Mbit/s
Mon Jan 31 07:45:01 CET 2022
Ping: 25.98 ms
Download: 270.91 Mbit/s
Upload: 18.95 Mbit/s
Mon Jan 31 08:45:01 CET 2022
Ping: 27.179 ms
Download: 200.65 Mbit/s
Upload: 19.14 Mbit/s
Mon Jan 31 09:45:01 CET 2022
Ping: 31.168 ms
Download: 186.22 Mbit/s
Upload: 19.27 Mbit/s
Mon Jan 31 10:45:01 CET 2022
Ping: 24.543 ms
Download: 241.86 Mbit/s
Upload: 5.92 Mbit/s
Mon Jan 31 11:45:01 CET 2022
Ping: 25.797 ms
Download: 204.45 Mbit/s
Upload: 19.27 Mbit/s
Mon Jan 31 12:45:01 CET 2022
Ping: 27.271 ms
Download: 222.85 Mbit/s
Upload: 19.34 Mbit/s
Mon Jan 31 13:45:01 CET 2022
Ping: 30.98 ms
Download: 215.71 Mbit/s
Upload: 19.48 Mbit/s
Mon Jan 31 14:45:01 CET 2022
Ping: 28.928 ms
Download: 204.61 Mbit/s
Upload: 18.22 Mbit/s
Mon Jan 31 15:45:01 CET 2022
Could not retrieve speedtest.net configuration
Mon Jan 31 16:45:02 CET 2022
Ping: 28.686 ms
Download: 206.55 Mbit/s
Upload: 19.61 Mbit/s
Mon Jan 31 17:45:01 CET 2022
Ping: 28.976 ms
Download: 218.00 Mbit/s
Upload: 19.07 Mbit/s
Mon Jan 31 18:45:01 CET 2022
Ping: 24.367 ms
Download: 254.70 Mbit/s
Upload: 19.38 Mbit/s
Mon Jan 31 19:45:01 CET 2022
Ping: 24.178 ms
Download: 52.78 Mbit/s
Upload: 19.50 Mbit/s
Mon Jan 31 20:45:01 CET 2022
Ping: 25.703 ms
Download: 268.16 Mbit/s
Upload: 19.67 Mbit/s
Mon Jan 31 21:45:01 CET 2022
Ping: 27.327 ms
Download: 227.31 Mbit/s
Upload: 19.33 Mbit/s
Mon Jan 31 22:45:01 CET 2022
Ping: 26.967 ms
Download: 247.58 Mbit/s
Upload: 19.49 Mbit/s
Mon Jan 31 23:45:01 CET 2022
Ping: 30.036 ms
Download: 231.03 Mbit/s
Upload: 19.16 Mbit/s
