Tue Mar  1 00:45:01 CET 2022
Ping: 21.873 ms
Download: 198.51 Mbit/s
Upload: 19.68 Mbit/s
Tue Mar  1 01:45:01 CET 2022
Ping: 23.654 ms
Download: 376.38 Mbit/s
Upload: 19.77 Mbit/s
Tue Mar  1 02:45:01 CET 2022
Ping: 18.748 ms
Download: 281.86 Mbit/s
Upload: 15.53 Mbit/s
Tue Mar  1 03:45:01 CET 2022
Ping: 17.539 ms
Download: 280.71 Mbit/s
Upload: 15.04 Mbit/s
Tue Mar  1 04:45:01 CET 2022
Ping: 20.866 ms
Download: 269.69 Mbit/s
Upload: 19.28 Mbit/s
Tue Mar  1 05:45:01 CET 2022
Ping: 22.984 ms
Download: 301.14 Mbit/s
Upload: 19.74 Mbit/s
Tue Mar  1 06:45:01 CET 2022
Ping: 22.647 ms
Download: 288.50 Mbit/s
Upload: 19.69 Mbit/s
Tue Mar  1 07:45:01 CET 2022
Ping: 22.86 ms
Download: 238.64 Mbit/s
Upload: 19.80 Mbit/s
Tue Mar  1 08:45:01 CET 2022
Ping: 22.579 ms
Download: 238.51 Mbit/s
Upload: 19.30 Mbit/s
Tue Mar  1 09:45:01 CET 2022
Ping: 123.934 ms
Download: 30.41 Mbit/s
Upload: 12.11 Mbit/s
Tue Mar  1 10:45:01 CET 2022
Ping: 23.68 ms
Download: 339.74 Mbit/s
Upload: 19.27 Mbit/s
Tue Mar  1 11:45:01 CET 2022
Ping: 24.306 ms
Download: 279.86 Mbit/s
Upload: 15.46 Mbit/s
Tue Mar  1 12:45:01 CET 2022
Ping: 22.095 ms
Download: 285.22 Mbit/s
Upload: 15.21 Mbit/s
Tue Mar  1 13:45:01 CET 2022
Ping: 21.72 ms
Download: 310.27 Mbit/s
Upload: 19.43 Mbit/s
Tue Mar  1 14:45:01 CET 2022
Ping: 21.933 ms
Download: 323.15 Mbit/s
Upload: 19.66 Mbit/s
Tue Mar  1 15:45:01 CET 2022
Ping: 21.562 ms
Download: 316.33 Mbit/s
Upload: 19.72 Mbit/s
Tue Mar  1 16:45:01 CET 2022
Ping: 23.45 ms
Download: 293.10 Mbit/s
Upload: 19.53 Mbit/s
Tue Mar  1 17:45:01 CET 2022
Ping: 22.17 ms
Download: 349.78 Mbit/s
Upload: 19.01 Mbit/s
Tue Mar  1 18:45:01 CET 2022
Ping: 26.013 ms
Download: 300.39 Mbit/s
Upload: 19.37 Mbit/s
Tue Mar  1 19:45:01 CET 2022
Ping: 24.43 ms
Download: 76.30 Mbit/s
Upload: 18.76 Mbit/s
Tue Mar  1 20:45:01 CET 2022
Ping: 23.703 ms
Download: 199.62 Mbit/s
Upload: 19.04 Mbit/s
Tue Mar  1 21:45:01 CET 2022
Ping: 22.058 ms
Download: 193.61 Mbit/s
Upload: 19.81 Mbit/s
Tue Mar  1 22:45:01 CET 2022
Ping: 24.825 ms
Download: 250.85 Mbit/s
Upload: 19.55 Mbit/s
Tue Mar  1 23:45:01 CET 2022
Ping: 24.181 ms
Download: 305.25 Mbit/s
Upload: 19.62 Mbit/s
Wed Mar  2 00:45:01 CET 2022
Ping: 23.871 ms
Download: 183.38 Mbit/s
Upload: 19.64 Mbit/s
Wed Mar  2 01:45:01 CET 2022
Ping: 23.867 ms
Download: 291.58 Mbit/s
Upload: 19.30 Mbit/s
Wed Mar  2 02:45:01 CET 2022
Ping: 23.196 ms
Download: 277.77 Mbit/s
Upload: 19.54 Mbit/s
Wed Mar  2 03:45:01 CET 2022
Ping: 23.497 ms
Download: 298.66 Mbit/s
Upload: 19.80 Mbit/s
Wed Mar  2 04:45:01 CET 2022
Ping: 23.243 ms
Download: 299.41 Mbit/s
Upload: 19.12 Mbit/s
Wed Mar  2 05:45:01 CET 2022
Ping: 22.234 ms
Download: 313.03 Mbit/s
Upload: 19.86 Mbit/s
Wed Mar  2 06:45:01 CET 2022
Ping: 23.689 ms
Download: 66.99 Mbit/s
Upload: 19.33 Mbit/s
Wed Mar  2 07:45:01 CET 2022
Ping: 22.074 ms
Download: 304.51 Mbit/s
Upload: 19.53 Mbit/s
Wed Mar  2 08:45:01 CET 2022
Ping: 22.777 ms
Download: 259.78 Mbit/s
Upload: 19.67 Mbit/s
Wed Mar  2 09:45:02 CET 2022
Ping: 18.599 ms
Download: 243.01 Mbit/s
Upload: 13.10 Mbit/s
Wed Mar  2 10:45:02 CET 2022
Ping: 22.119 ms
Download: 233.68 Mbit/s
Upload: 19.76 Mbit/s
Wed Mar  2 11:45:01 CET 2022
Ping: 19.01 ms
Download: 232.69 Mbit/s
Upload: 15.62 Mbit/s
Wed Mar  2 12:45:01 CET 2022
Ping: 20.739 ms
Download: 323.39 Mbit/s
Upload: 19.16 Mbit/s
Wed Mar  2 13:45:01 CET 2022
Ping: 19.813 ms
Download: 269.67 Mbit/s
Upload: 15.14 Mbit/s
Wed Mar  2 14:45:01 CET 2022
Ping: 22.491 ms
Download: 282.44 Mbit/s
Upload: 19.60 Mbit/s
Wed Mar  2 15:45:01 CET 2022
Ping: 22.053 ms
Download: 270.28 Mbit/s
Upload: 14.63 Mbit/s
Wed Mar  2 16:45:01 CET 2022
Ping: 20.801 ms
Download: 284.24 Mbit/s
Upload: 19.51 Mbit/s
Wed Mar  2 17:45:01 CET 2022
Ping: 23.6 ms
Download: 256.41 Mbit/s
Upload: 19.30 Mbit/s
Wed Mar  2 18:45:01 CET 2022
Ping: 23.707 ms
Download: 215.31 Mbit/s
Upload: 19.67 Mbit/s
Wed Mar  2 19:45:01 CET 2022
Ping: 21.714 ms
Download: 203.39 Mbit/s
Upload: 19.85 Mbit/s
Wed Mar  2 20:45:01 CET 2022
Ping: 24.844 ms
Download: 297.83 Mbit/s
Upload: 19.32 Mbit/s
Wed Mar  2 21:45:01 CET 2022
Ping: 25.294 ms
Download: 284.01 Mbit/s
Upload: 19.66 Mbit/s
Wed Mar  2 22:45:01 CET 2022
Ping: 23.883 ms
Download: 259.69 Mbit/s
Upload: 19.74 Mbit/s
Wed Mar  2 23:45:01 CET 2022
Ping: 21.713 ms
Download: 307.04 Mbit/s
Upload: 19.63 Mbit/s
Thu Mar  3 00:45:01 CET 2022
Ping: 23.39 ms
Download: 238.15 Mbit/s
Upload: 19.84 Mbit/s
Thu Mar  3 01:45:01 CET 2022
Ping: 18.548 ms
Download: 269.12 Mbit/s
Upload: 14.75 Mbit/s
Thu Mar  3 02:45:01 CET 2022
Ping: 19.787 ms
Download: 265.74 Mbit/s
Upload: 14.47 Mbit/s
Thu Mar  3 03:45:01 CET 2022
Ping: 21.012 ms
Download: 279.08 Mbit/s
Upload: 19.72 Mbit/s
Thu Mar  3 04:45:01 CET 2022
Ping: 23.143 ms
Download: 243.12 Mbit/s
Upload: 15.41 Mbit/s
Thu Mar  3 05:45:01 CET 2022
Ping: 25.177 ms
Download: 264.59 Mbit/s
Upload: 19.46 Mbit/s
Thu Mar  3 06:45:01 CET 2022
Ping: 24.689 ms
Download: 223.27 Mbit/s
Upload: 19.60 Mbit/s
Thu Mar  3 07:45:01 CET 2022
Ping: 24.412 ms
Download: 206.16 Mbit/s
Upload: 19.43 Mbit/s
Thu Mar  3 08:45:01 CET 2022
Ping: 22.68 ms
Download: 278.88 Mbit/s
Upload: 19.06 Mbit/s
Thu Mar  3 09:45:02 CET 2022
Ping: 20.329 ms
Download: 244.47 Mbit/s
Upload: 13.04 Mbit/s
Thu Mar  3 10:45:01 CET 2022
Ping: 19.526 ms
Download: 256.00 Mbit/s
Upload: 15.43 Mbit/s
Thu Mar  3 11:45:01 CET 2022
Ping: 23.238 ms
Download: 216.14 Mbit/s
Upload: 19.48 Mbit/s
Thu Mar  3 12:45:02 CET 2022
Ping: 22.892 ms
Download: 321.96 Mbit/s
Upload: 19.60 Mbit/s
Thu Mar  3 13:45:01 CET 2022
Ping: 23.193 ms
Download: 278.62 Mbit/s
Upload: 19.04 Mbit/s
Thu Mar  3 14:45:01 CET 2022
Ping: 25.71 ms
Download: 130.04 Mbit/s
Upload: 6.86 Mbit/s
Thu Mar  3 15:45:01 CET 2022
Ping: 24.171 ms
Download: 260.74 Mbit/s
Upload: 19.40 Mbit/s
Thu Mar  3 16:45:01 CET 2022
Ping: 19.909 ms
Download: 272.13 Mbit/s
Upload: 19.44 Mbit/s
Thu Mar  3 17:45:01 CET 2022
Ping: 22.471 ms
Download: 278.63 Mbit/s
Upload: 19.18 Mbit/s
Thu Mar  3 18:45:01 CET 2022
Ping: 23.777 ms
Download: 329.87 Mbit/s
Upload: 19.42 Mbit/s
Thu Mar  3 19:45:01 CET 2022
Ping: 23.089 ms
Download: 346.71 Mbit/s
Upload: 19.72 Mbit/s
Thu Mar  3 20:45:01 CET 2022
Ping: 25.192 ms
Download: 315.18 Mbit/s
Upload: 19.80 Mbit/s
Thu Mar  3 21:45:01 CET 2022
Ping: 20.856 ms
Download: 254.78 Mbit/s
Upload: 12.01 Mbit/s
Thu Mar  3 22:45:01 CET 2022
Ping: 24.057 ms
Download: 250.37 Mbit/s
Upload: 14.06 Mbit/s
Thu Mar  3 23:45:01 CET 2022
Ping: 18.524 ms
Download: 251.40 Mbit/s
Upload: 14.96 Mbit/s
Fri Mar  4 00:45:01 CET 2022
Ping: 23.01 ms
Download: 225.08 Mbit/s
Upload: 19.63 Mbit/s
Fri Mar  4 01:45:01 CET 2022
Ping: 19.585 ms
Download: 304.09 Mbit/s
Upload: 15.55 Mbit/s
Fri Mar  4 02:45:02 CET 2022
Ping: 22.352 ms
Download: 195.59 Mbit/s
Upload: 19.68 Mbit/s
Fri Mar  4 03:45:01 CET 2022
Ping: 19.092 ms
Download: 287.88 Mbit/s
Upload: 13.68 Mbit/s
Fri Mar  4 04:45:01 CET 2022
Ping: 22.093 ms
Download: 363.74 Mbit/s
Upload: 19.68 Mbit/s
Fri Mar  4 05:45:01 CET 2022
Ping: 23.617 ms
Download: 331.85 Mbit/s
Upload: 19.73 Mbit/s
Fri Mar  4 06:45:01 CET 2022
Ping: 23.11 ms
Download: 308.83 Mbit/s
Upload: 19.79 Mbit/s
Fri Mar  4 07:45:01 CET 2022
Ping: 24.044 ms
Download: 318.50 Mbit/s
Upload: 19.69 Mbit/s
Fri Mar  4 08:45:01 CET 2022
Ping: 23.651 ms
Download: 252.72 Mbit/s
Upload: 19.33 Mbit/s
Fri Mar  4 09:45:01 CET 2022
Ping: 24.688 ms
Download: 121.82 Mbit/s
Upload: 3.20 Mbit/s
Fri Mar  4 10:45:01 CET 2022
Ping: 27.826 ms
Download: 271.61 Mbit/s
Upload: 19.57 Mbit/s
Fri Mar  4 11:45:01 CET 2022
Ping: 22.793 ms
Download: 263.32 Mbit/s
Upload: 19.47 Mbit/s
Fri Mar  4 12:45:01 CET 2022
Ping: 20.573 ms
Download: 296.85 Mbit/s
Upload: 12.99 Mbit/s
Fri Mar  4 13:45:01 CET 2022
Ping: 20.072 ms
Download: 294.79 Mbit/s
Upload: 16.59 Mbit/s
Fri Mar  4 14:45:01 CET 2022
Ping: 22.984 ms
Download: 282.64 Mbit/s
Upload: 19.71 Mbit/s
Fri Mar  4 15:45:01 CET 2022
Ping: 21.973 ms
Download: 285.94 Mbit/s
Upload: 19.72 Mbit/s
Fri Mar  4 16:45:01 CET 2022
Ping: 23.286 ms
Download: 190.72 Mbit/s
Upload: 15.80 Mbit/s
Fri Mar  4 17:45:01 CET 2022
Ping: 22.529 ms
Download: 175.46 Mbit/s
Upload: 15.65 Mbit/s
Fri Mar  4 18:45:01 CET 2022
Ping: 21.654 ms
Download: 185.19 Mbit/s
Upload: 19.69 Mbit/s
Fri Mar  4 19:45:01 CET 2022
Ping: 22.587 ms
Download: 213.06 Mbit/s
Upload: 19.20 Mbit/s
Fri Mar  4 20:45:01 CET 2022
Ping: 25.925 ms
Download: 190.51 Mbit/s
Upload: 18.96 Mbit/s
Fri Mar  4 21:45:01 CET 2022
Ping: 27.759 ms
Download: 258.53 Mbit/s
Upload: 19.58 Mbit/s
Fri Mar  4 22:45:01 CET 2022
Ping: 24.045 ms
Download: 263.34 Mbit/s
Upload: 19.51 Mbit/s
Fri Mar  4 23:45:01 CET 2022
Ping: 28.811 ms
Download: 293.24 Mbit/s
Upload: 18.54 Mbit/s
Sat Mar  5 00:45:01 CET 2022
Ping: 27.592 ms
Download: 272.83 Mbit/s
Upload: 19.20 Mbit/s
Sat Mar  5 01:45:01 CET 2022
Ping: 27.853 ms
Download: 248.98 Mbit/s
Upload: 19.23 Mbit/s
Sat Mar  5 02:45:01 CET 2022
Ping: 29.146 ms
Download: 201.82 Mbit/s
Upload: 19.80 Mbit/s
Sat Mar  5 03:45:01 CET 2022
Ping: 29.352 ms
Download: 298.96 Mbit/s
Upload: 19.69 Mbit/s
Sat Mar  5 04:45:01 CET 2022
Ping: 27.887 ms
Download: 292.28 Mbit/s
Upload: 19.41 Mbit/s
Sat Mar  5 05:45:01 CET 2022
Ping: 21.348 ms
Download: 224.95 Mbit/s
Upload: 19.55 Mbit/s
Sat Mar  5 06:45:01 CET 2022
Ping: 21.182 ms
Download: 303.04 Mbit/s
Upload: 19.82 Mbit/s
Sat Mar  5 07:45:01 CET 2022
Ping: 22.877 ms
Download: 252.73 Mbit/s
Upload: 19.54 Mbit/s
Sat Mar  5 08:45:01 CET 2022
Ping: 23.619 ms
Download: 182.92 Mbit/s
Upload: 16.38 Mbit/s
Sat Mar  5 09:45:01 CET 2022
Ping: 22.663 ms
Download: 274.44 Mbit/s
Upload: 19.49 Mbit/s
Sat Mar  5 10:45:01 CET 2022
Ping: 25.665 ms
Download: 262.36 Mbit/s
Upload: 19.27 Mbit/s
Sat Mar  5 11:45:01 CET 2022
Ping: 23.469 ms
Download: 221.85 Mbit/s
Upload: 19.56 Mbit/s
Sat Mar  5 12:45:01 CET 2022
Ping: 24.525 ms
Download: 238.74 Mbit/s
Upload: 19.05 Mbit/s
Sat Mar  5 13:45:01 CET 2022
Ping: 24.765 ms
Download: 195.23 Mbit/s
Upload: 19.51 Mbit/s
Sat Mar  5 14:45:02 CET 2022
Ping: 22.974 ms
Download: 260.89 Mbit/s
Upload: 19.29 Mbit/s
Sat Mar  5 15:45:01 CET 2022
Ping: 23.139 ms
Download: 298.65 Mbit/s
Upload: 19.37 Mbit/s
Sat Mar  5 16:45:01 CET 2022
Ping: 24.294 ms
Download: 266.91 Mbit/s
Upload: 18.98 Mbit/s
Sat Mar  5 17:45:01 CET 2022
Ping: 23.817 ms
Download: 311.09 Mbit/s
Upload: 19.31 Mbit/s
Sat Mar  5 18:45:01 CET 2022
Ping: 20.084 ms
Download: 260.77 Mbit/s
Upload: 13.52 Mbit/s
Sat Mar  5 19:45:01 CET 2022
Ping: 21.396 ms
Download: 273.38 Mbit/s
Upload: 15.53 Mbit/s
Sat Mar  5 20:45:01 CET 2022
Ping: 24.964 ms
Download: 331.21 Mbit/s
Upload: 19.37 Mbit/s
Sat Mar  5 21:45:01 CET 2022
Ping: 23.684 ms
Download: 314.78 Mbit/s
Upload: 19.48 Mbit/s
Sat Mar  5 22:45:01 CET 2022
Ping: 23.994 ms
Download: 287.18 Mbit/s
Upload: 19.30 Mbit/s
Sat Mar  5 23:45:01 CET 2022
Ping: 25.017 ms
Download: 275.38 Mbit/s
Upload: 19.59 Mbit/s
Sun Mar  6 00:45:01 CET 2022
Ping: 22.99 ms
Download: 274.15 Mbit/s
Upload: 19.59 Mbit/s
Sun Mar  6 01:45:01 CET 2022
Ping: 24.776 ms
Download: 250.70 Mbit/s
Upload: 18.01 Mbit/s
Sun Mar  6 02:45:01 CET 2022
Ping: 26.72 ms
Download: 248.66 Mbit/s
Upload: 19.24 Mbit/s
Sun Mar  6 03:45:01 CET 2022
Ping: 24.424 ms
Download: 213.50 Mbit/s
Upload: 18.93 Mbit/s
Sun Mar  6 04:45:01 CET 2022
Ping: 26.564 ms
Download: 236.88 Mbit/s
Upload: 19.09 Mbit/s
Sun Mar  6 05:45:01 CET 2022
Ping: 21.556 ms
Download: 224.25 Mbit/s
Upload: 19.73 Mbit/s
Sun Mar  6 06:45:01 CET 2022
Ping: 21.821 ms
Download: 281.63 Mbit/s
Upload: 19.81 Mbit/s
Sun Mar  6 07:45:01 CET 2022
Ping: 23.331 ms
Download: 251.94 Mbit/s
Upload: 19.73 Mbit/s
Sun Mar  6 08:45:02 CET 2022
Ping: 21.802 ms
Download: 265.27 Mbit/s
Upload: 19.68 Mbit/s
Sun Mar  6 09:45:01 CET 2022
Ping: 21.894 ms
Download: 244.45 Mbit/s
Upload: 15.64 Mbit/s
Sun Mar  6 10:45:02 CET 2022
Ping: 21.452 ms
Download: 232.13 Mbit/s
Upload: 16.20 Mbit/s
Sun Mar  6 11:45:01 CET 2022
Ping: 22.862 ms
Download: 347.39 Mbit/s
Upload: 19.26 Mbit/s
Sun Mar  6 12:45:01 CET 2022
Ping: 23.14 ms
Download: 277.01 Mbit/s
Upload: 19.42 Mbit/s
Sun Mar  6 13:45:01 CET 2022
Ping: 24.165 ms
Download: 295.14 Mbit/s
Upload: 19.33 Mbit/s
Sun Mar  6 14:45:01 CET 2022
Ping: 23.596 ms
Download: 288.81 Mbit/s
Upload: 19.69 Mbit/s
Sun Mar  6 15:45:01 CET 2022
Ping: 22.404 ms
Download: 209.12 Mbit/s
Upload: 19.33 Mbit/s
Sun Mar  6 16:45:01 CET 2022
Ping: 25.602 ms
Download: 201.71 Mbit/s
Upload: 19.07 Mbit/s
Sun Mar  6 17:45:01 CET 2022
Ping: 23.89 ms
Download: 284.12 Mbit/s
Upload: 19.46 Mbit/s
Sun Mar  6 18:45:01 CET 2022
Ping: 23.622 ms
Download: 217.23 Mbit/s
Upload: 19.16 Mbit/s
Sun Mar  6 19:45:01 CET 2022
Ping: 24.573 ms
Download: 281.68 Mbit/s
Upload: 19.77 Mbit/s
Sun Mar  6 20:45:01 CET 2022
Ping: 25.016 ms
Download: 202.49 Mbit/s
Upload: 12.71 Mbit/s
Sun Mar  6 21:45:01 CET 2022
Ping: 23.952 ms
Download: 338.89 Mbit/s
Upload: 18.44 Mbit/s
Sun Mar  6 22:45:01 CET 2022
Ping: 22.784 ms
Download: 243.66 Mbit/s
Upload: 19.23 Mbit/s
Sun Mar  6 23:45:01 CET 2022
Ping: 24.925 ms
Download: 273.99 Mbit/s
Upload: 14.80 Mbit/s
Mon Mar  7 00:45:01 CET 2022
Ping: 22.811 ms
Download: 191.71 Mbit/s
Upload: 19.56 Mbit/s
Mon Mar  7 01:45:01 CET 2022
Ping: 20.769 ms
Download: 219.97 Mbit/s
Upload: 14.29 Mbit/s
Mon Mar  7 02:45:01 CET 2022
Ping: 22.836 ms
Download: 296.97 Mbit/s
Upload: 19.53 Mbit/s
Mon Mar  7 03:45:01 CET 2022
Ping: 23.687 ms
Download: 190.13 Mbit/s
Upload: 12.94 Mbit/s
Mon Mar  7 04:45:01 CET 2022
Ping: 21.792 ms
Download: 278.14 Mbit/s
Upload: 19.79 Mbit/s
Mon Mar  7 05:45:01 CET 2022
Ping: 23.693 ms
Download: 356.46 Mbit/s
Upload: 16.23 Mbit/s
Mon Mar  7 06:45:02 CET 2022
Ping: 22.809 ms
Download: 242.33 Mbit/s
Upload: 19.87 Mbit/s
Mon Mar  7 07:45:01 CET 2022
Ping: 21.313 ms
Download: 269.36 Mbit/s
Upload: 19.84 Mbit/s
Mon Mar  7 08:45:01 CET 2022
Ping: 24.91 ms
Download: 306.23 Mbit/s
Upload: 19.51 Mbit/s
Mon Mar  7 09:45:01 CET 2022
Ping: 24.807 ms
Download: 228.60 Mbit/s
Upload: 19.32 Mbit/s
Mon Mar  7 10:45:01 CET 2022
Ping: 23.587 ms
Download: 213.64 Mbit/s
Upload: 19.29 Mbit/s
Mon Mar  7 11:45:01 CET 2022
Ping: 22.818 ms
Download: 187.43 Mbit/s
Upload: 14.56 Mbit/s
Mon Mar  7 12:45:01 CET 2022
Ping: 23.131 ms
Download: 280.22 Mbit/s
Upload: 13.46 Mbit/s
Mon Mar  7 13:45:01 CET 2022
Ping: 23.49 ms
Download: 295.22 Mbit/s
Upload: 19.60 Mbit/s
Mon Mar  7 14:45:01 CET 2022
Ping: 23.21 ms
Download: 341.05 Mbit/s
Upload: 13.26 Mbit/s
Mon Mar  7 15:45:01 CET 2022
Ping: 23.353 ms
Download: 266.97 Mbit/s
Upload: 19.20 Mbit/s
Mon Mar  7 16:45:01 CET 2022
Ping: 23.329 ms
Download: 74.41 Mbit/s
Upload: 19.36 Mbit/s
Mon Mar  7 17:45:01 CET 2022
Ping: 22.927 ms
Download: 203.57 Mbit/s
Upload: 19.74 Mbit/s
Mon Mar  7 18:45:01 CET 2022
Ping: 24.804 ms
Download: 206.66 Mbit/s
Upload: 19.72 Mbit/s
Mon Mar  7 19:45:01 CET 2022
Ping: 24.754 ms
Download: 203.57 Mbit/s
Upload: 19.91 Mbit/s
Mon Mar  7 20:45:01 CET 2022
Ping: 25.572 ms
Download: 339.04 Mbit/s
Upload: 18.93 Mbit/s
Mon Mar  7 21:45:01 CET 2022
Ping: 25.027 ms
Download: 335.50 Mbit/s
Upload: 19.04 Mbit/s
Mon Mar  7 22:45:01 CET 2022
Ping: 22.737 ms
Download: 314.65 Mbit/s
Upload: 13.83 Mbit/s
Mon Mar  7 23:45:01 CET 2022
Ping: 23.67 ms
Download: 258.14 Mbit/s
Upload: 14.92 Mbit/s
Tue Mar  8 00:45:01 CET 2022
Ping: 23.34 ms
Download: 289.83 Mbit/s
Upload: 19.77 Mbit/s
Tue Mar  8 01:45:01 CET 2022
Ping: 21.716 ms
Download: 296.21 Mbit/s
Upload: 19.76 Mbit/s
Tue Mar  8 02:45:01 CET 2022
Ping: 22.871 ms
Download: 316.24 Mbit/s
Upload: 19.17 Mbit/s
Tue Mar  8 03:45:01 CET 2022
Ping: 22.462 ms
Download: 241.20 Mbit/s
Upload: 19.58 Mbit/s
Tue Mar  8 04:45:01 CET 2022
Ping: 23.025 ms
Download: 299.86 Mbit/s
Upload: 19.84 Mbit/s
Tue Mar  8 05:45:01 CET 2022
Ping: 22.038 ms
Download: 297.47 Mbit/s
Upload: 19.78 Mbit/s
Tue Mar  8 06:45:01 CET 2022
Ping: 22.331 ms
Download: 274.50 Mbit/s
Upload: 19.42 Mbit/s
Tue Mar  8 07:45:01 CET 2022
Ping: 24.671 ms
Download: 298.20 Mbit/s
Upload: 18.00 Mbit/s
Tue Mar  8 08:45:01 CET 2022
Ping: 22.479 ms
Download: 287.91 Mbit/s
Upload: 19.73 Mbit/s
Tue Mar  8 09:45:01 CET 2022
Ping: 22.644 ms
Download: 197.32 Mbit/s
Upload: 19.57 Mbit/s
Tue Mar  8 10:45:01 CET 2022
Ping: 23.067 ms
Download: 284.05 Mbit/s
Upload: 19.68 Mbit/s
Tue Mar  8 11:45:01 CET 2022
Ping: 22.959 ms
Download: 195.93 Mbit/s
Upload: 19.68 Mbit/s
Tue Mar  8 12:45:01 CET 2022
Ping: 24.639 ms
Download: 325.85 Mbit/s
Upload: 19.13 Mbit/s
Tue Mar  8 13:45:01 CET 2022
Ping: 24.234 ms
Download: 243.39 Mbit/s
Upload: 16.34 Mbit/s
Tue Mar  8 14:45:01 CET 2022
Ping: 20.811 ms
Download: 239.75 Mbit/s
Upload: 15.26 Mbit/s
Tue Mar  8 15:45:01 CET 2022
Ping: 24.11 ms
Download: 35.24 Mbit/s
Upload: 19.26 Mbit/s
Tue Mar  8 16:45:01 CET 2022
Ping: 23.051 ms
Download: 301.50 Mbit/s
Upload: 19.33 Mbit/s
Tue Mar  8 17:45:01 CET 2022
Ping: 22.168 ms
Download: 267.34 Mbit/s
Upload: 19.50 Mbit/s
Tue Mar  8 18:45:01 CET 2022
Ping: 22.376 ms
Download: 332.10 Mbit/s
Upload: 19.61 Mbit/s
Tue Mar  8 19:45:02 CET 2022
Ping: 23.236 ms
Download: 322.45 Mbit/s
Upload: 19.73 Mbit/s
Tue Mar  8 20:45:01 CET 2022
Ping: 22.521 ms
Download: 329.96 Mbit/s
Upload: 19.72 Mbit/s
Tue Mar  8 21:45:01 CET 2022
Ping: 26.075 ms
Download: 333.89 Mbit/s
Upload: 19.16 Mbit/s
Tue Mar  8 22:45:01 CET 2022
Ping: 23.638 ms
Download: 345.64 Mbit/s
Upload: 17.18 Mbit/s
Tue Mar  8 23:45:01 CET 2022
Ping: 23.544 ms
Download: 339.91 Mbit/s
Upload: 17.92 Mbit/s
Wed Mar  9 00:45:01 CET 2022
Ping: 22.124 ms
Download: 257.52 Mbit/s
Upload: 19.67 Mbit/s
Wed Mar  9 01:45:01 CET 2022
Ping: 23.129 ms
Download: 275.88 Mbit/s
Upload: 19.75 Mbit/s
Wed Mar  9 02:45:01 CET 2022
Ping: 20.971 ms
Download: 288.79 Mbit/s
Upload: 19.49 Mbit/s
Wed Mar  9 03:45:01 CET 2022
Ping: 23.369 ms
Download: 207.71 Mbit/s
Upload: 19.41 Mbit/s
Wed Mar  9 04:45:01 CET 2022
Ping: 22.265 ms
Download: 218.11 Mbit/s
Upload: 19.74 Mbit/s
Wed Mar  9 05:45:02 CET 2022
Ping: 22.571 ms
Download: 202.45 Mbit/s
Upload: 19.83 Mbit/s
Wed Mar  9 06:45:01 CET 2022
Ping: 24.824 ms
Download: 325.57 Mbit/s
Upload: 19.68 Mbit/s
Wed Mar  9 07:45:01 CET 2022
Ping: 25.925 ms
Download: 277.62 Mbit/s
Upload: 19.35 Mbit/s
Wed Mar  9 08:45:01 CET 2022
Ping: 23.157 ms
Download: 323.09 Mbit/s
Upload: 19.45 Mbit/s
Wed Mar  9 09:45:01 CET 2022
Ping: 21.971 ms
Download: 325.86 Mbit/s
Upload: 19.49 Mbit/s
Wed Mar  9 10:45:01 CET 2022
Ping: 22.987 ms
Download: 54.00 Mbit/s
Upload: 16.27 Mbit/s
Wed Mar  9 11:45:01 CET 2022
Ping: 22.807 ms
Download: 319.89 Mbit/s
Upload: 19.55 Mbit/s
Wed Mar  9 12:45:01 CET 2022
Ping: 24.151 ms
Download: 285.68 Mbit/s
Upload: 19.76 Mbit/s
Wed Mar  9 13:45:01 CET 2022
Ping: 24.748 ms
Download: 304.95 Mbit/s
Upload: 19.27 Mbit/s
Wed Mar  9 14:45:01 CET 2022
Ping: 23.23 ms
Download: 233.47 Mbit/s
Upload: 19.31 Mbit/s
Wed Mar  9 15:45:01 CET 2022
Ping: 21.718 ms
Download: 279.89 Mbit/s
Upload: 19.41 Mbit/s
Wed Mar  9 16:45:01 CET 2022
Ping: 22.907 ms
Download: 256.53 Mbit/s
Upload: 19.65 Mbit/s
Wed Mar  9 17:45:01 CET 2022
Ping: 23.472 ms
Download: 259.88 Mbit/s
Upload: 19.83 Mbit/s
Wed Mar  9 18:45:01 CET 2022
Ping: 25.649 ms
Download: 22.92 Mbit/s
Upload: 17.10 Mbit/s
Wed Mar  9 19:45:01 CET 2022
Ping: 21.611 ms
Download: 269.34 Mbit/s
Upload: 19.56 Mbit/s
Wed Mar  9 20:45:01 CET 2022
Ping: 22.155 ms
Download: 303.23 Mbit/s
Upload: 19.65 Mbit/s
Wed Mar  9 21:45:01 CET 2022
Ping: 23.449 ms
Download: 202.34 Mbit/s
Upload: 16.42 Mbit/s
Wed Mar  9 22:45:01 CET 2022
Ping: 21.298 ms
Download: 188.73 Mbit/s
Upload: 13.06 Mbit/s
Wed Mar  9 23:45:01 CET 2022
Ping: 23.507 ms
Download: 312.69 Mbit/s
Upload: 19.72 Mbit/s
Thu Mar 10 00:45:01 CET 2022
Ping: 20.804 ms
Download: 280.74 Mbit/s
Upload: 19.75 Mbit/s
Thu Mar 10 01:45:01 CET 2022
Ping: 23.444 ms
Download: 274.08 Mbit/s
Upload: 19.73 Mbit/s
Thu Mar 10 02:45:01 CET 2022
Ping: 23.636 ms
Download: 284.84 Mbit/s
Upload: 19.82 Mbit/s
Thu Mar 10 03:45:02 CET 2022
Ping: 23.817 ms
Download: 299.07 Mbit/s
Upload: 19.60 Mbit/s
Thu Mar 10 04:45:01 CET 2022
Ping: 21.603 ms
Download: 349.27 Mbit/s
Upload: 17.13 Mbit/s
Thu Mar 10 05:45:01 CET 2022
Ping: 22.952 ms
Download: 193.99 Mbit/s
Upload: 19.61 Mbit/s
Thu Mar 10 06:45:01 CET 2022
Ping: 23.271 ms
Download: 266.20 Mbit/s
Upload: 19.54 Mbit/s
Thu Mar 10 07:45:01 CET 2022
Ping: 23.486 ms
Download: 311.30 Mbit/s
Upload: 19.64 Mbit/s
Thu Mar 10 08:45:01 CET 2022
Ping: 23.155 ms
Download: 341.41 Mbit/s
Upload: 19.77 Mbit/s
Thu Mar 10 09:45:01 CET 2022
Ping: 22.926 ms
Download: 353.57 Mbit/s
Upload: 18.88 Mbit/s
Thu Mar 10 10:45:01 CET 2022
Ping: 25.288 ms
Download: 324.75 Mbit/s
Upload: 18.86 Mbit/s
Thu Mar 10 11:45:01 CET 2022
Ping: 29.293 ms
Download: 317.75 Mbit/s
Upload: 19.73 Mbit/s
Thu Mar 10 12:45:02 CET 2022
Ping: 30.114 ms
Download: 312.16 Mbit/s
Upload: 19.51 Mbit/s
Thu Mar 10 13:45:01 CET 2022
Ping: 28.801 ms
Download: 392.52 Mbit/s
Upload: 19.12 Mbit/s
Thu Mar 10 14:45:01 CET 2022
Ping: 35.696 ms
Download: 149.42 Mbit/s
Upload: 17.64 Mbit/s
Thu Mar 10 15:45:01 CET 2022
Ping: 43.17 ms
Download: 108.63 Mbit/s
Upload: 17.88 Mbit/s
Thu Mar 10 16:45:01 CET 2022
Ping: 42.483 ms
Download: 144.99 Mbit/s
Upload: 18.09 Mbit/s
Thu Mar 10 17:45:01 CET 2022
Ping: 36.673 ms
Download: 208.25 Mbit/s
Upload: 16.84 Mbit/s
Thu Mar 10 18:45:01 CET 2022
Ping: 35.162 ms
Download: 175.30 Mbit/s
Upload: 11.49 Mbit/s
Thu Mar 10 19:45:01 CET 2022
Ping: 34.656 ms
Download: 180.63 Mbit/s
Upload: 18.06 Mbit/s
Thu Mar 10 20:45:01 CET 2022
Ping: 32.533 ms
Download: 246.75 Mbit/s
Upload: 19.71 Mbit/s
Thu Mar 10 21:45:01 CET 2022
Ping: 32.624 ms
Download: 235.60 Mbit/s
Upload: 18.50 Mbit/s
Thu Mar 10 22:45:01 CET 2022
Ping: 35.853 ms
Download: 206.12 Mbit/s
Upload: 18.99 Mbit/s
Thu Mar 10 23:45:01 CET 2022
Ping: 34.223 ms
Download: 182.86 Mbit/s
Upload: 18.47 Mbit/s
Fri Mar 11 00:45:01 CET 2022
Ping: 36.043 ms
Download: 162.27 Mbit/s
Upload: 19.15 Mbit/s
Fri Mar 11 01:45:01 CET 2022
Ping: 33.457 ms
Download: 345.75 Mbit/s
Upload: 18.77 Mbit/s
Fri Mar 11 02:45:01 CET 2022
Ping: 34.251 ms
Download: 185.68 Mbit/s
Upload: 18.96 Mbit/s
Fri Mar 11 03:45:02 CET 2022
Ping: 33.238 ms
Download: 195.46 Mbit/s
Upload: 19.32 Mbit/s
Fri Mar 11 04:45:01 CET 2022
Ping: 38.624 ms
Download: 187.07 Mbit/s
Upload: 17.56 Mbit/s
Fri Mar 11 05:45:01 CET 2022
Ping: 21.225 ms
Download: 197.67 Mbit/s
Upload: 14.21 Mbit/s
Fri Mar 11 06:45:01 CET 2022
Ping: 22.739 ms
Download: 206.48 Mbit/s
Upload: 19.81 Mbit/s
Fri Mar 11 07:45:01 CET 2022
Ping: 22.851 ms
Download: 215.57 Mbit/s
Upload: 19.90 Mbit/s
Fri Mar 11 08:45:02 CET 2022
Ping: 23.319 ms
Download: 275.09 Mbit/s
Upload: 14.65 Mbit/s
Fri Mar 11 09:45:01 CET 2022
Ping: 20.604 ms
Download: 246.49 Mbit/s
Upload: 14.79 Mbit/s
Fri Mar 11 10:45:01 CET 2022
Ping: 21.623 ms
Download: 290.66 Mbit/s
Upload: 14.68 Mbit/s
Fri Mar 11 11:45:01 CET 2022
Ping: 28.214 ms
Download: 254.66 Mbit/s
Upload: 16.12 Mbit/s
Fri Mar 11 12:45:01 CET 2022
Ping: 28.725 ms
Download: 301.19 Mbit/s
Upload: 19.63 Mbit/s
Fri Mar 11 13:45:01 CET 2022
Ping: 28.714 ms
Download: 222.84 Mbit/s
Upload: 19.65 Mbit/s
Fri Mar 11 14:45:01 CET 2022
Ping: 29.563 ms
Download: 259.46 Mbit/s
Upload: 19.25 Mbit/s
Fri Mar 11 15:45:01 CET 2022
Ping: 29.041 ms
Download: 216.32 Mbit/s
Upload: 19.64 Mbit/s
Fri Mar 11 16:45:01 CET 2022
Ping: 29.938 ms
Download: 297.04 Mbit/s
Upload: 19.48 Mbit/s
Fri Mar 11 17:45:01 CET 2022
Ping: 22.892 ms
Download: 199.49 Mbit/s
Upload: 19.68 Mbit/s
Fri Mar 11 18:45:01 CET 2022
Ping: 22.364 ms
Download: 242.73 Mbit/s
Upload: 19.44 Mbit/s
Fri Mar 11 19:45:01 CET 2022
Ping: 23.101 ms
Download: 266.39 Mbit/s
Upload: 19.72 Mbit/s
Fri Mar 11 20:45:02 CET 2022
Ping: 26.154 ms
Download: 237.44 Mbit/s
Upload: 19.49 Mbit/s
Fri Mar 11 21:45:01 CET 2022
Ping: 25.499 ms
Download: 216.15 Mbit/s
Upload: 18.59 Mbit/s
Fri Mar 11 22:45:01 CET 2022
Ping: 25.32 ms
Download: 286.80 Mbit/s
Upload: 18.72 Mbit/s
Fri Mar 11 23:45:01 CET 2022
Ping: 24.989 ms
Download: 268.73 Mbit/s
Upload: 19.33 Mbit/s
Sat Mar 12 00:45:01 CET 2022
Ping: 21.657 ms
Download: 224.02 Mbit/s
Upload: 19.53 Mbit/s
Sat Mar 12 01:45:01 CET 2022
Ping: 23.198 ms
Download: 209.22 Mbit/s
Upload: 19.40 Mbit/s
Sat Mar 12 02:45:01 CET 2022
Ping: 21.987 ms
Download: 134.42 Mbit/s
Upload: 19.61 Mbit/s
Sat Mar 12 03:45:01 CET 2022
Ping: 23.339 ms
Download: 311.21 Mbit/s
Upload: 14.71 Mbit/s
Sat Mar 12 04:45:01 CET 2022
Ping: 23.16 ms
Download: 153.12 Mbit/s
Upload: 19.90 Mbit/s
Sat Mar 12 05:45:01 CET 2022
Ping: 22.595 ms
Download: 328.69 Mbit/s
Upload: 19.53 Mbit/s
Sat Mar 12 06:45:01 CET 2022
Ping: 23.213 ms
Download: 340.98 Mbit/s
Upload: 19.83 Mbit/s
Sat Mar 12 07:45:01 CET 2022
Ping: 22.302 ms
Download: 301.11 Mbit/s
Upload: 19.47 Mbit/s
Sat Mar 12 08:45:01 CET 2022
Ping: 23.618 ms
Download: 267.82 Mbit/s
Upload: 19.53 Mbit/s
Sat Mar 12 09:45:01 CET 2022
Ping: 23.993 ms
Download: 156.46 Mbit/s
Upload: 18.88 Mbit/s
Sat Mar 12 10:45:01 CET 2022
Ping: 24.908 ms
Download: 58.42 Mbit/s
Upload: 19.53 Mbit/s
Sat Mar 12 11:45:01 CET 2022
Ping: 25.089 ms
Download: 227.37 Mbit/s
Upload: 19.49 Mbit/s
Sat Mar 12 12:45:01 CET 2022
Ping: 24.94 ms
Download: 282.51 Mbit/s
Upload: 19.65 Mbit/s
Sat Mar 12 13:45:02 CET 2022
Ping: 24.685 ms
Download: 278.31 Mbit/s
Upload: 19.37 Mbit/s
Sat Mar 12 14:45:01 CET 2022
Ping: 24.266 ms
Download: 215.83 Mbit/s
Upload: 19.50 Mbit/s
Sat Mar 12 15:45:01 CET 2022
Ping: 22.528 ms
Download: 204.35 Mbit/s
Upload: 19.68 Mbit/s
Sat Mar 12 16:45:01 CET 2022
Ping: 24.16 ms
Download: 206.80 Mbit/s
Upload: 19.17 Mbit/s
Sat Mar 12 17:45:01 CET 2022
Ping: 24.482 ms
Download: 209.83 Mbit/s
Upload: 19.53 Mbit/s
Sat Mar 12 18:45:01 CET 2022
Ping: 23.338 ms
Download: 66.20 Mbit/s
Upload: 19.63 Mbit/s
Sat Mar 12 19:45:01 CET 2022
Ping: 25.497 ms
Download: 268.06 Mbit/s
Upload: 19.47 Mbit/s
Sat Mar 12 20:45:01 CET 2022
Ping: 24.72 ms
Download: 296.44 Mbit/s
Upload: 19.19 Mbit/s
Sat Mar 12 21:45:01 CET 2022
Ping: 22.577 ms
Download: 198.07 Mbit/s
Upload: 18.76 Mbit/s
Sat Mar 12 22:45:01 CET 2022
Ping: 23.82 ms
Download: 223.62 Mbit/s
Upload: 19.52 Mbit/s
Sat Mar 12 23:45:01 CET 2022
Ping: 24.504 ms
Download: 180.78 Mbit/s
Upload: 19.77 Mbit/s
Sun Mar 13 00:45:01 CET 2022
Ping: 29.037 ms
Download: 273.99 Mbit/s
Upload: 18.76 Mbit/s
Sun Mar 13 01:45:01 CET 2022
Ping: 28.983 ms
Download: 298.23 Mbit/s
Upload: 18.92 Mbit/s
Sun Mar 13 02:45:01 CET 2022
Ping: 30.855 ms
Download: 294.27 Mbit/s
Upload: 18.87 Mbit/s
Sun Mar 13 03:45:01 CET 2022
Ping: 32.573 ms
Download: 190.94 Mbit/s
Upload: 19.46 Mbit/s
Sun Mar 13 04:45:01 CET 2022
Ping: 34.522 ms
Download: 217.13 Mbit/s
Upload: 19.84 Mbit/s
Sun Mar 13 05:45:01 CET 2022
Ping: 32.939 ms
Download: 169.23 Mbit/s
Upload: 19.59 Mbit/s
Sun Mar 13 06:45:01 CET 2022
Ping: 33.652 ms
Download: 206.31 Mbit/s
Upload: 19.52 Mbit/s
Sun Mar 13 07:45:01 CET 2022
Ping: 33.918 ms
Download: 207.07 Mbit/s
Upload: 18.76 Mbit/s
Sun Mar 13 08:45:01 CET 2022
Ping: 34.839 ms
Download: 158.82 Mbit/s
Upload: 19.45 Mbit/s
Sun Mar 13 09:45:01 CET 2022
Sun Mar 13 10:45:01 CET 2022
Sun Mar 13 11:45:01 CET 2022
Sun Mar 13 12:45:01 CET 2022
Ping: 37.52 ms
Download: 211.24 Mbit/s
Upload: 19.06 Mbit/s
Sun Mar 13 13:45:01 CET 2022
Ping: 42.019 ms
Download: 160.89 Mbit/s
Upload: 17.09 Mbit/s
Sun Mar 13 14:45:01 CET 2022
Ping: 34.05 ms
Download: 63.46 Mbit/s
Upload: 14.84 Mbit/s
Sun Mar 13 15:45:01 CET 2022
Ping: 35.831 ms
Download: 181.69 Mbit/s
Upload: 18.99 Mbit/s
Sun Mar 13 16:45:01 CET 2022
Ping: 35.406 ms
Download: 185.82 Mbit/s
Upload: 18.71 Mbit/s
Sun Mar 13 17:45:01 CET 2022
Ping: 34.691 ms
Download: 166.22 Mbit/s
Upload: 19.29 Mbit/s
Sun Mar 13 18:45:01 CET 2022
Ping: 24.643 ms
Download: 243.18 Mbit/s
Upload: 19.28 Mbit/s
Sun Mar 13 19:45:01 CET 2022
Ping: 23.026 ms
Download: 332.12 Mbit/s
Upload: 19.60 Mbit/s
Sun Mar 13 20:45:01 CET 2022
Ping: 24.153 ms
Download: 289.55 Mbit/s
Upload: 19.58 Mbit/s
Sun Mar 13 21:45:01 CET 2022
Ping: 25.895 ms
Download: 202.36 Mbit/s
Upload: 19.64 Mbit/s
Sun Mar 13 22:45:01 CET 2022
Ping: 26.132 ms
Download: 297.45 Mbit/s
Upload: 19.78 Mbit/s
Sun Mar 13 23:45:01 CET 2022
Ping: 23.502 ms
Download: 311.16 Mbit/s
Upload: 19.62 Mbit/s
Mon Mar 14 00:45:01 CET 2022
Ping: 21.72 ms
Download: 244.09 Mbit/s
Upload: 14.40 Mbit/s
Mon Mar 14 01:45:01 CET 2022
Ping: 19.263 ms
Download: 273.68 Mbit/s
Upload: 14.36 Mbit/s
Mon Mar 14 02:45:01 CET 2022
Ping: 19.023 ms
Download: 290.37 Mbit/s
Upload: 14.42 Mbit/s
Mon Mar 14 03:45:01 CET 2022
Ping: 18.846 ms
Download: 282.87 Mbit/s
Upload: 14.27 Mbit/s
Mon Mar 14 04:45:01 CET 2022
Ping: 22.303 ms
Download: 327.53 Mbit/s
Upload: 19.86 Mbit/s
Mon Mar 14 05:45:01 CET 2022
Ping: 20.137 ms
Download: 269.04 Mbit/s
Upload: 16.18 Mbit/s
Mon Mar 14 06:45:01 CET 2022
Ping: 20.07 ms
Download: 276.53 Mbit/s
Upload: 19.72 Mbit/s
Mon Mar 14 07:45:01 CET 2022
Ping: 22.813 ms
Download: 265.15 Mbit/s
Upload: 19.39 Mbit/s
Mon Mar 14 08:45:01 CET 2022
Ping: 22.09 ms
Download: 285.59 Mbit/s
Upload: 19.60 Mbit/s
Mon Mar 14 09:45:01 CET 2022
Ping: 33.197 ms
Download: 165.62 Mbit/s
Upload: 11.78 Mbit/s
Mon Mar 14 10:45:01 CET 2022
Ping: 32.416 ms
Download: 199.91 Mbit/s
Upload: 14.07 Mbit/s
Mon Mar 14 11:45:01 CET 2022
Ping: 34.505 ms
Download: 165.48 Mbit/s
Upload: 10.74 Mbit/s
Mon Mar 14 12:45:01 CET 2022
Ping: 26.001 ms
Download: 45.45 Mbit/s
Upload: 19.42 Mbit/s
Mon Mar 14 13:45:01 CET 2022
Ping: 23.423 ms
Download: 76.43 Mbit/s
Upload: 19.53 Mbit/s
Mon Mar 14 14:45:01 CET 2022
Ping: 25.053 ms
Download: 35.94 Mbit/s
Upload: 19.10 Mbit/s
Mon Mar 14 15:45:01 CET 2022
Ping: 25.493 ms
Download: 267.54 Mbit/s
Upload: 19.11 Mbit/s
Mon Mar 14 16:45:01 CET 2022
Ping: 21.541 ms
Download: 234.29 Mbit/s
Upload: 14.99 Mbit/s
Mon Mar 14 17:45:01 CET 2022
Ping: 22.633 ms
Download: 307.09 Mbit/s
Upload: 19.80 Mbit/s
Mon Mar 14 18:45:01 CET 2022
Ping: 22.701 ms
Download: 210.47 Mbit/s
Upload: 19.74 Mbit/s
Mon Mar 14 19:45:01 CET 2022
Ping: 23.514 ms
Download: 339.85 Mbit/s
Upload: 19.52 Mbit/s
Mon Mar 14 20:45:01 CET 2022
Ping: 22.982 ms
Download: 327.32 Mbit/s
Upload: 19.89 Mbit/s
Mon Mar 14 21:45:01 CET 2022
Ping: 25.453 ms
Download: 303.80 Mbit/s
Upload: 16.03 Mbit/s
Mon Mar 14 22:45:01 CET 2022
Ping: 21.076 ms
Download: 361.22 Mbit/s
Upload: 13.69 Mbit/s
Mon Mar 14 23:45:01 CET 2022
Ping: 19.976 ms
Download: 277.53 Mbit/s
Upload: 15.26 Mbit/s
Tue Mar 15 00:45:01 CET 2022
Ping: 20.663 ms
Download: 276.10 Mbit/s
Upload: 15.10 Mbit/s
Tue Mar 15 01:45:01 CET 2022
Ping: 23.098 ms
Download: 265.82 Mbit/s
Upload: 19.74 Mbit/s
Tue Mar 15 02:45:01 CET 2022
Ping: 19.99 ms
Download: 262.62 Mbit/s
Upload: 14.80 Mbit/s
Tue Mar 15 03:45:01 CET 2022
Ping: 23.022 ms
Download: 243.78 Mbit/s
Upload: 15.08 Mbit/s
Tue Mar 15 04:45:02 CET 2022
Ping: 23.311 ms
Download: 242.89 Mbit/s
Upload: 19.65 Mbit/s
Tue Mar 15 05:45:01 CET 2022
Ping: 23.32 ms
Download: 317.07 Mbit/s
Upload: 19.58 Mbit/s
Tue Mar 15 06:45:01 CET 2022
Ping: 27.677 ms
Download: 248.65 Mbit/s
Upload: 18.69 Mbit/s
Tue Mar 15 07:45:01 CET 2022
Ping: 26.213 ms
Download: 299.69 Mbit/s
Upload: 19.81 Mbit/s
Tue Mar 15 08:45:01 CET 2022
Ping: 27.069 ms
Download: 244.40 Mbit/s
Upload: 19.21 Mbit/s
Tue Mar 15 09:45:01 CET 2022
Ping: 25.767 ms
Download: 258.80 Mbit/s
Upload: 19.02 Mbit/s
Tue Mar 15 10:45:01 CET 2022
Ping: 25.196 ms
Download: 157.28 Mbit/s
Upload: 19.67 Mbit/s
Tue Mar 15 11:45:02 CET 2022
Ping: 23.351 ms
Download: 156.42 Mbit/s
Upload: 19.07 Mbit/s
Tue Mar 15 12:45:01 CET 2022
Ping: 24.496 ms
Download: 205.51 Mbit/s
Upload: 19.47 Mbit/s
Tue Mar 15 13:45:01 CET 2022
Ping: 33.737 ms
Download: 190.31 Mbit/s
Upload: 18.82 Mbit/s
Tue Mar 15 14:45:01 CET 2022
Ping: 33.338 ms
Download: 208.30 Mbit/s
Upload: 19.47 Mbit/s
Tue Mar 15 15:45:01 CET 2022
Ping: 34.996 ms
Download: 185.91 Mbit/s
Upload: 18.56 Mbit/s
Tue Mar 15 16:45:01 CET 2022
Ping: 25.662 ms
Download: 275.47 Mbit/s
Upload: 19.52 Mbit/s
Tue Mar 15 17:45:01 CET 2022
Ping: 25.306 ms
Download: 254.10 Mbit/s
Upload: 19.38 Mbit/s
Tue Mar 15 18:45:01 CET 2022
Ping: 25.054 ms
Download: 238.83 Mbit/s
Upload: 19.82 Mbit/s
Tue Mar 15 19:45:01 CET 2022
Ping: 24.129 ms
Download: 310.48 Mbit/s
Upload: 19.49 Mbit/s
Tue Mar 15 20:45:01 CET 2022
Ping: 21.327 ms
Download: 250.56 Mbit/s
Upload: 13.68 Mbit/s
Tue Mar 15 21:45:01 CET 2022
Ping: 20.333 ms
Download: 251.04 Mbit/s
Upload: 13.72 Mbit/s
Tue Mar 15 22:45:01 CET 2022
Ping: 22.045 ms
Download: 303.05 Mbit/s
Upload: 19.22 Mbit/s
Tue Mar 15 23:45:01 CET 2022
Ping: 20.464 ms
Download: 240.93 Mbit/s
Upload: 13.75 Mbit/s
Wed Mar 16 00:45:02 CET 2022
Ping: 19.296 ms
Download: 290.31 Mbit/s
Upload: 15.06 Mbit/s
Wed Mar 16 01:45:01 CET 2022
Ping: 36.656 ms
Download: 89.56 Mbit/s
Upload: 18.07 Mbit/s
Wed Mar 16 02:45:01 CET 2022
Ping: 37.457 ms
Download: 82.42 Mbit/s
Upload: 19.66 Mbit/s
Wed Mar 16 03:45:01 CET 2022
Ping: 39.166 ms
Download: 75.78 Mbit/s
Upload: 19.06 Mbit/s
Wed Mar 16 04:45:01 CET 2022
Ping: 30.506 ms
Download: 194.30 Mbit/s
Upload: 19.37 Mbit/s
Wed Mar 16 05:45:01 CET 2022
Ping: 30.466 ms
Download: 206.72 Mbit/s
Upload: 19.20 Mbit/s
Wed Mar 16 06:45:01 CET 2022
Ping: 32.83 ms
Download: 191.44 Mbit/s
Upload: 19.70 Mbit/s
Wed Mar 16 07:45:01 CET 2022
Ping: 23.323 ms
Download: 289.44 Mbit/s
Upload: 19.33 Mbit/s
Wed Mar 16 08:45:01 CET 2022
Ping: 21.771 ms
Download: 326.55 Mbit/s
Upload: 19.57 Mbit/s
Wed Mar 16 09:45:02 CET 2022
Ping: 24.147 ms
Download: 326.24 Mbit/s
Upload: 17.84 Mbit/s
Wed Mar 16 10:45:01 CET 2022
Ping: 24.81 ms
Download: 244.96 Mbit/s
Upload: 18.76 Mbit/s
Wed Mar 16 11:45:01 CET 2022
Ping: 24.676 ms
Download: 242.55 Mbit/s
Upload: 19.25 Mbit/s
Wed Mar 16 12:45:01 CET 2022
Ping: 19.936 ms
Download: 257.68 Mbit/s
Upload: 18.66 Mbit/s
Wed Mar 16 13:45:01 CET 2022
Ping: 26.423 ms
Download: 238.71 Mbit/s
Upload: 18.90 Mbit/s
Wed Mar 16 14:45:01 CET 2022
Ping: 26.049 ms
Download: 206.60 Mbit/s
Upload: 19.77 Mbit/s
Wed Mar 16 15:45:01 CET 2022
Ping: 23.793 ms
Download: 47.79 Mbit/s
Upload: 19.09 Mbit/s
Wed Mar 16 16:45:01 CET 2022
Ping: 31.377 ms
Download: 254.76 Mbit/s
Upload: 18.63 Mbit/s
Wed Mar 16 17:45:01 CET 2022
Ping: 30.312 ms
Download: 246.14 Mbit/s
Upload: 19.57 Mbit/s
Wed Mar 16 18:45:01 CET 2022
Ping: 27.247 ms
Download: 224.23 Mbit/s
Upload: 19.11 Mbit/s
Wed Mar 16 19:45:01 CET 2022
Ping: 24.17 ms
Download: 238.19 Mbit/s
Upload: 19.51 Mbit/s
Wed Mar 16 20:45:01 CET 2022
Ping: 25.66 ms
Download: 257.46 Mbit/s
Upload: 19.84 Mbit/s
Wed Mar 16 21:45:01 CET 2022
Ping: 26.986 ms
Download: 241.93 Mbit/s
Upload: 19.74 Mbit/s
Wed Mar 16 22:45:01 CET 2022
Ping: 23.727 ms
Download: 324.07 Mbit/s
Upload: 19.81 Mbit/s
Wed Mar 16 23:45:01 CET 2022
Ping: 24.206 ms
Download: 321.35 Mbit/s
Upload: 19.30 Mbit/s
Thu Mar 17 00:45:01 CET 2022
Ping: 23.524 ms
Download: 79.93 Mbit/s
Upload: 19.67 Mbit/s
Thu Mar 17 01:45:01 CET 2022
Ping: 24.668 ms
Download: 104.05 Mbit/s
Upload: 19.78 Mbit/s
Thu Mar 17 02:45:01 CET 2022
Ping: 22.89 ms
Download: 278.13 Mbit/s
Upload: 19.77 Mbit/s
Thu Mar 17 03:45:01 CET 2022
Ping: 24.172 ms
Download: 128.81 Mbit/s
Upload: 19.59 Mbit/s
Thu Mar 17 04:45:01 CET 2022
Ping: 25.29 ms
Download: 203.29 Mbit/s
Upload: 19.85 Mbit/s
Thu Mar 17 05:45:01 CET 2022
Ping: 22.484 ms
Download: 58.45 Mbit/s
Upload: 14.78 Mbit/s
Thu Mar 17 06:45:01 CET 2022
Ping: 24.555 ms
Download: 129.42 Mbit/s
Upload: 19.48 Mbit/s
Thu Mar 17 07:45:01 CET 2022
Ping: 22.193 ms
Download: 264.73 Mbit/s
Upload: 19.31 Mbit/s
Thu Mar 17 08:45:01 CET 2022
Ping: 23.808 ms
Download: 223.71 Mbit/s
Upload: 19.59 Mbit/s
Thu Mar 17 09:45:01 CET 2022
Ping: 23.087 ms
Download: 331.50 Mbit/s
Upload: 19.20 Mbit/s
Thu Mar 17 10:45:02 CET 2022
Ping: 23.871 ms
Download: 282.33 Mbit/s
Upload: 19.42 Mbit/s
Thu Mar 17 11:45:01 CET 2022
Ping: 23.499 ms
Download: 306.00 Mbit/s
Upload: 19.35 Mbit/s
Thu Mar 17 12:45:01 CET 2022
Ping: 24.172 ms
Download: 287.88 Mbit/s
Upload: 19.69 Mbit/s
Thu Mar 17 13:45:01 CET 2022
Ping: 25.177 ms
Download: 92.06 Mbit/s
Upload: 18.34 Mbit/s
Thu Mar 17 14:45:01 CET 2022
Ping: 24.877 ms
Download: 343.93 Mbit/s
Upload: 19.72 Mbit/s
Thu Mar 17 15:45:01 CET 2022
Ping: 23.389 ms
Download: 94.52 Mbit/s
Upload: 19.62 Mbit/s
Thu Mar 17 16:45:01 CET 2022
Ping: 23.625 ms
Download: 80.41 Mbit/s
Upload: 18.99 Mbit/s
Thu Mar 17 17:45:01 CET 2022
Ping: 23.631 ms
Download: 344.11 Mbit/s
Upload: 15.76 Mbit/s
Thu Mar 17 18:45:02 CET 2022
Ping: 22.438 ms
Download: 363.53 Mbit/s
Upload: 17.53 Mbit/s
Thu Mar 17 19:45:01 CET 2022
Ping: 25.306 ms
Download: 235.77 Mbit/s
Upload: 19.58 Mbit/s
Thu Mar 17 20:45:01 CET 2022
Ping: 26.153 ms
Download: 216.87 Mbit/s
Upload: 19.15 Mbit/s
Thu Mar 17 21:45:01 CET 2022
Ping: 25.977 ms
Download: 268.11 Mbit/s
Upload: 19.12 Mbit/s
Thu Mar 17 22:45:01 CET 2022
Ping: 23.499 ms
Download: 261.46 Mbit/s
Upload: 19.93 Mbit/s
Thu Mar 17 23:45:01 CET 2022
Ping: 22.832 ms
Download: 313.30 Mbit/s
Upload: 19.42 Mbit/s
Fri Mar 18 00:45:01 CET 2022
Ping: 22.969 ms
Download: 111.46 Mbit/s
Upload: 18.90 Mbit/s
Fri Mar 18 01:45:01 CET 2022
Ping: 25.887 ms
Download: 218.53 Mbit/s
Upload: 16.55 Mbit/s
Fri Mar 18 02:45:01 CET 2022
Ping: 23.488 ms
Download: 268.34 Mbit/s
Upload: 19.37 Mbit/s
Fri Mar 18 03:45:01 CET 2022
Ping: 25.314 ms
Download: 75.02 Mbit/s
Upload: 19.78 Mbit/s
Fri Mar 18 04:45:01 CET 2022
Ping: 24.467 ms
Download: 86.00 Mbit/s
Upload: 19.75 Mbit/s
Fri Mar 18 05:45:01 CET 2022
Ping: 25.29 ms
Download: 204.09 Mbit/s
Upload: 14.41 Mbit/s
Fri Mar 18 06:45:01 CET 2022
Ping: 27.018 ms
Download: 222.33 Mbit/s
Upload: 19.46 Mbit/s
Fri Mar 18 07:45:01 CET 2022
Ping: 25.744 ms
Download: 282.71 Mbit/s
Upload: 19.59 Mbit/s
Fri Mar 18 08:45:01 CET 2022
Ping: 27.282 ms
Download: 69.64 Mbit/s
Upload: 19.59 Mbit/s
Fri Mar 18 09:45:01 CET 2022
Ping: 23.606 ms
Download: 85.53 Mbit/s
Upload: 19.31 Mbit/s
Fri Mar 18 10:45:01 CET 2022
Ping: 26.081 ms
Download: 55.66 Mbit/s
Upload: 18.67 Mbit/s
Fri Mar 18 11:45:01 CET 2022
Ping: 22.189 ms
Download: 282.48 Mbit/s
Upload: 19.27 Mbit/s
Fri Mar 18 12:45:01 CET 2022
Ping: 21.582 ms
Download: 310.95 Mbit/s
Upload: 19.66 Mbit/s
Fri Mar 18 13:45:01 CET 2022
Ping: 23.545 ms
Download: 230.52 Mbit/s
Upload: 19.53 Mbit/s
Fri Mar 18 14:45:01 CET 2022
Ping: 26.945 ms
Download: 207.79 Mbit/s
Upload: 19.35 Mbit/s
Fri Mar 18 15:45:02 CET 2022
Ping: 26.537 ms
Download: 204.02 Mbit/s
Upload: 19.60 Mbit/s
Fri Mar 18 16:45:01 CET 2022
Ping: 24.463 ms
Download: 225.25 Mbit/s
Upload: 19.37 Mbit/s
Fri Mar 18 17:45:01 CET 2022
Ping: 25.832 ms
Download: 215.57 Mbit/s
Upload: 19.06 Mbit/s
Fri Mar 18 18:45:02 CET 2022
Ping: 23.98 ms
Download: 221.86 Mbit/s
Upload: 19.96 Mbit/s
Fri Mar 18 19:45:01 CET 2022
Ping: 24.472 ms
Download: 230.10 Mbit/s
Upload: 19.62 Mbit/s
Fri Mar 18 20:45:01 CET 2022
Ping: 24.846 ms
Download: 275.40 Mbit/s
Upload: 19.33 Mbit/s
Fri Mar 18 21:45:01 CET 2022
Ping: 22.212 ms
Download: 275.76 Mbit/s
Upload: 19.27 Mbit/s
Fri Mar 18 22:45:01 CET 2022
Ping: 24.088 ms
Download: 227.44 Mbit/s
Upload: 19.38 Mbit/s
Fri Mar 18 23:45:01 CET 2022
Ping: 23.831 ms
Download: 347.16 Mbit/s
Upload: 19.63 Mbit/s
Sat Mar 19 00:45:01 CET 2022
Ping: 24.472 ms
Download: 357.91 Mbit/s
Upload: 19.60 Mbit/s
Sat Mar 19 01:45:02 CET 2022
Ping: 22.689 ms
Download: 325.94 Mbit/s
Upload: 19.58 Mbit/s
Sat Mar 19 02:45:02 CET 2022
Ping: 23.477 ms
Download: 57.62 Mbit/s
Upload: 18.75 Mbit/s
Sat Mar 19 03:45:01 CET 2022
Ping: 23.201 ms
Download: 355.82 Mbit/s
Upload: 17.21 Mbit/s
Sat Mar 19 04:45:01 CET 2022
Ping: 22.888 ms
Download: 351.24 Mbit/s
Upload: 17.72 Mbit/s
Sat Mar 19 05:45:01 CET 2022
Ping: 22.665 ms
Download: 255.99 Mbit/s
Upload: 19.66 Mbit/s
Sat Mar 19 06:45:01 CET 2022
Ping: 22.347 ms
Download: 260.80 Mbit/s
Upload: 19.90 Mbit/s
Sat Mar 19 07:45:01 CET 2022
Ping: 22.354 ms
Download: 302.07 Mbit/s
Upload: 19.70 Mbit/s
Sat Mar 19 08:45:01 CET 2022
Ping: 21.225 ms
Download: 292.66 Mbit/s
Upload: 19.81 Mbit/s
Sat Mar 19 09:45:01 CET 2022
Ping: 23.067 ms
Download: 208.72 Mbit/s
Upload: 19.37 Mbit/s
Sat Mar 19 10:45:01 CET 2022
Ping: 23.122 ms
Download: 87.47 Mbit/s
Upload: 18.63 Mbit/s
Sat Mar 19 11:45:01 CET 2022
Ping: 25.199 ms
Download: 259.70 Mbit/s
Upload: 19.27 Mbit/s
Sat Mar 19 12:45:01 CET 2022
Ping: 24.58 ms
Download: 79.45 Mbit/s
Upload: 18.82 Mbit/s
Sat Mar 19 13:45:01 CET 2022
Ping: 25.015 ms
Download: 91.86 Mbit/s
Upload: 19.67 Mbit/s
Sat Mar 19 14:45:01 CET 2022
Ping: 26.345 ms
Download: 243.35 Mbit/s
Upload: 19.89 Mbit/s
Sat Mar 19 15:45:01 CET 2022
Ping: 24.286 ms
Download: 223.49 Mbit/s
Upload: 19.31 Mbit/s
Sat Mar 19 16:45:01 CET 2022
Ping: 25.838 ms
Download: 216.92 Mbit/s
Upload: 19.32 Mbit/s
Sat Mar 19 17:45:01 CET 2022
Ping: 23.767 ms
Download: 231.29 Mbit/s
Upload: 19.74 Mbit/s
Sat Mar 19 18:45:01 CET 2022
Ping: 23.532 ms
Download: 107.49 Mbit/s
Upload: 19.75 Mbit/s
Sat Mar 19 19:45:01 CET 2022
Ping: 24.984 ms
Download: 223.42 Mbit/s
Upload: 19.75 Mbit/s
Sat Mar 19 20:45:01 CET 2022
Ping: 22.039 ms
Download: 30.22 Mbit/s
Upload: 18.33 Mbit/s
Sat Mar 19 21:45:01 CET 2022
Ping: 23.067 ms
Download: 310.00 Mbit/s
Upload: 15.96 Mbit/s
Sat Mar 19 22:45:01 CET 2022
Ping: 21.988 ms
Download: 252.43 Mbit/s
Upload: 13.29 Mbit/s
Sat Mar 19 23:45:02 CET 2022
Ping: 19.955 ms
Download: 286.28 Mbit/s
Upload: 15.41 Mbit/s
Sun Mar 20 00:45:01 CET 2022
Ping: 23.173 ms
Download: 277.33 Mbit/s
Upload: 15.20 Mbit/s
Sun Mar 20 01:45:01 CET 2022
Ping: 23.211 ms
Download: 283.76 Mbit/s
Upload: 17.05 Mbit/s
Sun Mar 20 02:45:01 CET 2022
Ping: 19.503 ms
Download: 264.40 Mbit/s
Upload: 14.80 Mbit/s
Sun Mar 20 03:45:01 CET 2022
Ping: 34.309 ms
Download: 243.54 Mbit/s
Upload: 19.22 Mbit/s
Sun Mar 20 04:45:02 CET 2022
Ping: 31.159 ms
Download: 289.14 Mbit/s
Upload: 19.07 Mbit/s
Sun Mar 20 05:45:02 CET 2022
Ping: 37.203 ms
Download: 252.63 Mbit/s
Upload: 19.00 Mbit/s
Sun Mar 20 06:45:01 CET 2022
Ping: 23.488 ms
Download: 256.54 Mbit/s
Upload: 19.80 Mbit/s
Sun Mar 20 07:45:01 CET 2022
Ping: 20.325 ms
Download: 280.79 Mbit/s
Upload: 15.65 Mbit/s
Sun Mar 20 08:45:01 CET 2022
Ping: 21.489 ms
Download: 284.97 Mbit/s
Upload: 19.48 Mbit/s
Sun Mar 20 09:45:01 CET 2022
Ping: 23.358 ms
Download: 260.59 Mbit/s
Upload: 19.60 Mbit/s
Sun Mar 20 10:45:01 CET 2022
Ping: 25.618 ms
Download: 327.50 Mbit/s
Upload: 19.49 Mbit/s
Sun Mar 20 11:45:01 CET 2022
Ping: 23.568 ms
Download: 347.01 Mbit/s
Upload: 19.64 Mbit/s
Sun Mar 20 12:45:02 CET 2022
Ping: 26.587 ms
Download: 264.23 Mbit/s
Upload: 19.42 Mbit/s
Sun Mar 20 13:45:01 CET 2022
Ping: 24.276 ms
Download: 264.97 Mbit/s
Upload: 19.59 Mbit/s
Sun Mar 20 14:45:01 CET 2022
Ping: 23.716 ms
Download: 235.84 Mbit/s
Upload: 19.35 Mbit/s
Sun Mar 20 15:45:01 CET 2022
Ping: 21.568 ms
Download: 304.66 Mbit/s
Upload: 19.54 Mbit/s
Sun Mar 20 16:45:01 CET 2022
Ping: 22.267 ms
Download: 231.10 Mbit/s
Upload: 19.32 Mbit/s
Sun Mar 20 17:45:01 CET 2022
Ping: 22.252 ms
Download: 318.55 Mbit/s
Upload: 19.58 Mbit/s
Sun Mar 20 18:45:01 CET 2022
Ping: 23.568 ms
Download: 73.46 Mbit/s
Upload: 19.32 Mbit/s
Sun Mar 20 19:45:01 CET 2022
Ping: 26.286 ms
Download: 261.03 Mbit/s
Upload: 19.70 Mbit/s
Sun Mar 20 20:45:02 CET 2022
Ping: 23.384 ms
Download: 270.66 Mbit/s
Upload: 19.20 Mbit/s
Sun Mar 20 21:45:01 CET 2022
Ping: 22.628 ms
Download: 295.61 Mbit/s
Upload: 19.42 Mbit/s
Sun Mar 20 22:45:01 CET 2022
Ping: 23.971 ms
Download: 194.10 Mbit/s
Upload: 19.46 Mbit/s
Sun Mar 20 23:45:01 CET 2022
Ping: 24.46 ms
Download: 305.38 Mbit/s
Upload: 19.54 Mbit/s
Mon Mar 21 00:45:01 CET 2022
Ping: 24.746 ms
Download: 344.29 Mbit/s
Upload: 19.53 Mbit/s
Mon Mar 21 01:45:01 CET 2022
Ping: 23.513 ms
Download: 351.38 Mbit/s
Upload: 18.72 Mbit/s
Mon Mar 21 02:45:01 CET 2022
Ping: 24.2 ms
Download: 342.24 Mbit/s
Upload: 19.01 Mbit/s
Mon Mar 21 03:45:01 CET 2022
Ping: 23.815 ms
Download: 219.60 Mbit/s
Upload: 15.98 Mbit/s
Mon Mar 21 04:45:01 CET 2022
Ping: 25.373 ms
Download: 78.26 Mbit/s
Upload: 19.44 Mbit/s
Mon Mar 21 05:45:01 CET 2022
Ping: 23.69 ms
Download: 86.36 Mbit/s
Upload: 19.54 Mbit/s
Mon Mar 21 06:45:01 CET 2022
Ping: 21.625 ms
Download: 311.65 Mbit/s
Upload: 19.84 Mbit/s
Mon Mar 21 07:45:01 CET 2022
Ping: 22.837 ms
Download: 291.44 Mbit/s
Upload: 19.68 Mbit/s
Mon Mar 21 08:45:01 CET 2022
Ping: 20.663 ms
Download: 256.97 Mbit/s
Upload: 14.56 Mbit/s
Mon Mar 21 09:45:01 CET 2022
Ping: 21.238 ms
Download: 226.34 Mbit/s
Upload: 12.89 Mbit/s
Mon Mar 21 10:45:01 CET 2022
Ping: 21.206 ms
Download: 305.15 Mbit/s
Upload: 13.77 Mbit/s
Mon Mar 21 11:45:01 CET 2022
Ping: 23.139 ms
Download: 228.65 Mbit/s
Upload: 14.35 Mbit/s
Mon Mar 21 12:45:01 CET 2022
Ping: 23.362 ms
Download: 279.89 Mbit/s
Upload: 18.75 Mbit/s
Mon Mar 21 13:45:01 CET 2022
Ping: 22.966 ms
Download: 303.66 Mbit/s
Upload: 15.84 Mbit/s
Mon Mar 21 14:45:01 CET 2022
Ping: 22.512 ms
Download: 266.65 Mbit/s
Upload: 17.85 Mbit/s
Mon Mar 21 15:45:01 CET 2022
Ping: 24.207 ms
Download: 179.32 Mbit/s
Upload: 2.72 Mbit/s
Mon Mar 21 16:45:01 CET 2022
Ping: 22.852 ms
Download: 193.72 Mbit/s
Upload: 19.33 Mbit/s
Mon Mar 21 17:45:01 CET 2022
Ping: 23.335 ms
Download: 245.80 Mbit/s
Upload: 19.30 Mbit/s
Mon Mar 21 18:45:02 CET 2022
Ping: 23.235 ms
Download: 317.13 Mbit/s
Upload: 11.35 Mbit/s
Mon Mar 21 19:45:01 CET 2022
Ping: 22.38 ms
Download: 289.35 Mbit/s
Upload: 13.97 Mbit/s
Mon Mar 21 20:45:02 CET 2022
Ping: 22.14 ms
Download: 287.63 Mbit/s
Upload: 12.09 Mbit/s
Mon Mar 21 21:45:01 CET 2022
Ping: 25.351 ms
Download: 214.91 Mbit/s
Upload: 17.27 Mbit/s
Mon Mar 21 22:45:01 CET 2022
Ping: 24.778 ms
Download: 269.57 Mbit/s
Upload: 12.54 Mbit/s
Mon Mar 21 23:45:02 CET 2022
Ping: 24.512 ms
Download: 356.62 Mbit/s
Upload: 16.26 Mbit/s
Tue Mar 22 00:45:01 CET 2022
Ping: 23.857 ms
Download: 283.37 Mbit/s
Upload: 14.33 Mbit/s
Tue Mar 22 01:45:01 CET 2022
Ping: 32.569 ms
Download: 234.58 Mbit/s
Upload: 17.49 Mbit/s
Tue Mar 22 02:45:01 CET 2022
Ping: 33.349 ms
Download: 185.80 Mbit/s
Upload: 14.05 Mbit/s
Tue Mar 22 03:45:01 CET 2022
Ping: 29.618 ms
Download: 286.94 Mbit/s
Upload: 17.61 Mbit/s
Tue Mar 22 04:45:01 CET 2022
Ping: 28.11 ms
Download: 223.12 Mbit/s
Upload: 17.00 Mbit/s
Tue Mar 22 05:45:01 CET 2022
Ping: 22.474 ms
Download: 261.85 Mbit/s
Upload: 17.59 Mbit/s
Tue Mar 22 06:45:01 CET 2022
Ping: 22.337 ms
Download: 198.48 Mbit/s
Upload: 18.33 Mbit/s
Tue Mar 22 07:45:01 CET 2022
Ping: 22.708 ms
Download: 277.13 Mbit/s
Upload: 18.03 Mbit/s
Tue Mar 22 08:45:01 CET 2022
Ping: 22.901 ms
Download: 295.10 Mbit/s
Upload: 17.18 Mbit/s
Tue Mar 22 09:45:01 CET 2022
Ping: 23.207 ms
Download: 339.17 Mbit/s
Upload: 16.87 Mbit/s
Tue Mar 22 10:45:01 CET 2022
Ping: 22.336 ms
Download: 290.87 Mbit/s
Upload: 19.39 Mbit/s
Tue Mar 22 11:45:01 CET 2022
Ping: 22.846 ms
Download: 247.32 Mbit/s
Upload: 17.68 Mbit/s
Tue Mar 22 12:45:01 CET 2022
Ping: 23.127 ms
Download: 263.64 Mbit/s
Upload: 18.51 Mbit/s
Tue Mar 22 13:45:01 CET 2022
Ping: 24.381 ms
Download: 298.05 Mbit/s
Upload: 18.35 Mbit/s
Tue Mar 22 14:45:01 CET 2022
Ping: 22.923 ms
Download: 188.84 Mbit/s
Upload: 11.54 Mbit/s
Tue Mar 22 15:45:01 CET 2022
Ping: 22.116 ms
Download: 272.61 Mbit/s
Upload: 17.38 Mbit/s
Tue Mar 22 16:45:02 CET 2022
Ping: 22.816 ms
Download: 196.63 Mbit/s
Upload: 13.59 Mbit/s
Tue Mar 22 17:45:01 CET 2022
Ping: 19.223 ms
Download: 237.39 Mbit/s
Upload: 15.62 Mbit/s
Tue Mar 22 18:45:01 CET 2022
Ping: 20.2 ms
Download: 281.66 Mbit/s
Upload: 12.72 Mbit/s
Tue Mar 22 19:45:01 CET 2022
Ping: 21.293 ms
Download: 299.66 Mbit/s
Upload: 13.09 Mbit/s
Tue Mar 22 20:45:01 CET 2022
Ping: 24.394 ms
Download: 263.67 Mbit/s
Upload: 12.18 Mbit/s
Tue Mar 22 21:45:01 CET 2022
Ping: 20.18 ms
Download: 221.78 Mbit/s
Upload: 9.47 Mbit/s
Tue Mar 22 22:45:01 CET 2022
Ping: 25.123 ms
Download: 249.83 Mbit/s
Upload: 18.38 Mbit/s
Tue Mar 22 23:45:01 CET 2022
Ping: 22.093 ms
Download: 210.00 Mbit/s
Upload: 18.22 Mbit/s
Wed Mar 23 00:45:02 CET 2022
Ping: 22.7 ms
Download: 252.76 Mbit/s
Upload: 18.54 Mbit/s
Wed Mar 23 01:45:01 CET 2022
Ping: 23.475 ms
Download: 304.48 Mbit/s
Upload: 18.33 Mbit/s
Wed Mar 23 02:45:01 CET 2022
Ping: 22.796 ms
Download: 286.88 Mbit/s
Upload: 9.69 Mbit/s
Wed Mar 23 03:45:01 CET 2022
Ping: 23.625 ms
Download: 260.04 Mbit/s
Upload: 18.80 Mbit/s
Wed Mar 23 04:45:01 CET 2022
Ping: 21.599 ms
Download: 224.14 Mbit/s
Upload: 18.92 Mbit/s
Wed Mar 23 05:45:01 CET 2022
Ping: 24.165 ms
Download: 198.29 Mbit/s
Upload: 19.48 Mbit/s
Wed Mar 23 06:45:02 CET 2022
Ping: 23.66 ms
Download: 201.12 Mbit/s
Upload: 19.46 Mbit/s
Wed Mar 23 07:45:01 CET 2022
Ping: 23.632 ms
Download: 286.76 Mbit/s
Upload: 18.99 Mbit/s
Wed Mar 23 08:45:01 CET 2022
Ping: 23.442 ms
Download: 205.93 Mbit/s
Upload: 19.12 Mbit/s
Wed Mar 23 09:45:01 CET 2022
Ping: 23.563 ms
Download: 334.04 Mbit/s
Upload: 18.21 Mbit/s
Wed Mar 23 10:45:01 CET 2022
Ping: 30.996 ms
Download: 192.01 Mbit/s
Upload: 19.19 Mbit/s
Wed Mar 23 11:45:01 CET 2022
Ping: 27.921 ms
Download: 256.08 Mbit/s
Upload: 19.38 Mbit/s
Wed Mar 23 12:45:01 CET 2022
Ping: 29.705 ms
Download: 208.07 Mbit/s
Upload: 19.84 Mbit/s
Wed Mar 23 13:45:01 CET 2022
Ping: 33.983 ms
Download: 260.22 Mbit/s
Upload: 19.22 Mbit/s
Wed Mar 23 14:45:01 CET 2022
Ping: 33.854 ms
Download: 240.24 Mbit/s
Upload: 19.24 Mbit/s
Wed Mar 23 15:45:01 CET 2022
Ping: 30.838 ms
Download: 230.67 Mbit/s
Upload: 19.45 Mbit/s
Wed Mar 23 16:45:01 CET 2022
Ping: 23.241 ms
Download: 96.05 Mbit/s
Upload: 8.40 Mbit/s
Wed Mar 23 17:45:01 CET 2022
Ping: 20.958 ms
Download: 237.60 Mbit/s
Upload: 19.67 Mbit/s
Wed Mar 23 18:45:01 CET 2022
Ping: 21.99 ms
Download: 295.49 Mbit/s
Upload: 19.80 Mbit/s
Wed Mar 23 19:45:01 CET 2022
Ping: 24.05 ms
Download: 366.58 Mbit/s
Upload: 19.69 Mbit/s
Wed Mar 23 20:45:01 CET 2022
Ping: 25.815 ms
Download: 246.27 Mbit/s
Upload: 14.03 Mbit/s
Wed Mar 23 21:45:01 CET 2022
Ping: 18.894 ms
Download: 269.17 Mbit/s
Upload: 15.13 Mbit/s
Wed Mar 23 22:45:01 CET 2022
Ping: 21.816 ms
Download: 164.38 Mbit/s
Upload: 19.47 Mbit/s
Wed Mar 23 23:45:01 CET 2022
Ping: 20.766 ms
Download: 298.23 Mbit/s
Upload: 19.84 Mbit/s
Thu Mar 24 00:45:01 CET 2022
Ping: 22.282 ms
Download: 259.79 Mbit/s
Upload: 19.33 Mbit/s
Thu Mar 24 01:45:01 CET 2022
Ping: 22.718 ms
Download: 310.83 Mbit/s
Upload: 15.59 Mbit/s
Thu Mar 24 02:45:01 CET 2022
Ping: 19.436 ms
Download: 302.61 Mbit/s
Upload: 15.22 Mbit/s
Thu Mar 24 03:45:01 CET 2022
Ping: 19.129 ms
Download: 273.30 Mbit/s
Upload: 15.67 Mbit/s
Thu Mar 24 04:45:01 CET 2022
Ping: 22.616 ms
Download: 290.92 Mbit/s
Upload: 19.58 Mbit/s
Thu Mar 24 05:45:01 CET 2022
Ping: 22.523 ms
Download: 307.41 Mbit/s
Upload: 19.37 Mbit/s
Thu Mar 24 06:45:01 CET 2022
Ping: 22.991 ms
Download: 316.68 Mbit/s
Upload: 19.61 Mbit/s
Thu Mar 24 07:45:01 CET 2022
Ping: 23.003 ms
Download: 252.39 Mbit/s
Upload: 18.84 Mbit/s
Thu Mar 24 08:45:01 CET 2022
Ping: 23.319 ms
Download: 88.88 Mbit/s
Upload: 2.29 Mbit/s
Thu Mar 24 09:45:01 CET 2022
Ping: 22.219 ms
Download: 242.22 Mbit/s
Upload: 19.36 Mbit/s
Thu Mar 24 10:45:01 CET 2022
Ping: 23.905 ms
Download: 314.03 Mbit/s
Upload: 17.74 Mbit/s
Thu Mar 24 11:45:01 CET 2022
Ping: 24.165 ms
Download: 266.22 Mbit/s
Upload: 19.54 Mbit/s
Thu Mar 24 12:45:01 CET 2022
Ping: 23.324 ms
Download: 195.71 Mbit/s
Upload: 19.69 Mbit/s
Thu Mar 24 13:45:01 CET 2022
Ping: 22.092 ms
Download: 268.41 Mbit/s
Upload: 19.29 Mbit/s
Thu Mar 24 14:45:01 CET 2022
Ping: 23.789 ms
Download: 253.14 Mbit/s
Upload: 18.24 Mbit/s
Thu Mar 24 15:45:02 CET 2022
Ping: 23.324 ms
Download: 325.65 Mbit/s
Upload: 19.50 Mbit/s
Thu Mar 24 16:45:01 CET 2022
Ping: 22.561 ms
Download: 277.97 Mbit/s
Upload: 19.64 Mbit/s
Thu Mar 24 17:45:01 CET 2022
Ping: 24.021 ms
Download: 218.43 Mbit/s
Upload: 19.44 Mbit/s
Thu Mar 24 18:45:01 CET 2022
Ping: 19.296 ms
Download: 215.18 Mbit/s
Upload: 14.64 Mbit/s
Thu Mar 24 19:45:01 CET 2022
Ping: 23.898 ms
Download: 45.05 Mbit/s
Upload: 18.91 Mbit/s
Thu Mar 24 20:45:01 CET 2022
Ping: 24.147 ms
Download: 235.58 Mbit/s
Upload: 19.20 Mbit/s
Thu Mar 24 21:45:01 CET 2022
Ping: 22.908 ms
Download: 31.13 Mbit/s
Upload: 18.61 Mbit/s
Thu Mar 24 22:45:01 CET 2022
Ping: 24.026 ms
Download: 293.72 Mbit/s
Upload: 19.56 Mbit/s
Thu Mar 24 23:45:01 CET 2022
Ping: 21.22 ms
Download: 212.24 Mbit/s
Upload: 13.86 Mbit/s
Fri Mar 25 00:45:01 CET 2022
Ping: 22.831 ms
Download: 287.95 Mbit/s
Upload: 18.95 Mbit/s
Fri Mar 25 01:45:01 CET 2022
Ping: 22.639 ms
Download: 261.31 Mbit/s
Upload: 18.99 Mbit/s
Fri Mar 25 02:45:01 CET 2022
Ping: 21.972 ms
Download: 330.40 Mbit/s
Upload: 19.51 Mbit/s
Fri Mar 25 03:45:01 CET 2022
Ping: 23.014 ms
Download: 296.01 Mbit/s
Upload: 19.46 Mbit/s
Fri Mar 25 04:45:01 CET 2022
Ping: 23.973 ms
Download: 338.96 Mbit/s
Upload: 15.68 Mbit/s
Fri Mar 25 05:45:01 CET 2022
Ping: 22.878 ms
Download: 360.90 Mbit/s
Upload: 16.18 Mbit/s
Fri Mar 25 06:45:02 CET 2022
Ping: 22.092 ms
Download: 315.80 Mbit/s
Upload: 19.64 Mbit/s
Fri Mar 25 07:45:01 CET 2022
Ping: 21.075 ms
Download: 204.04 Mbit/s
Upload: 19.52 Mbit/s
Fri Mar 25 08:45:01 CET 2022
Ping: 21.867 ms
Download: 159.21 Mbit/s
Upload: 14.37 Mbit/s
Fri Mar 25 09:45:01 CET 2022
Ping: 23.63 ms
Download: 228.82 Mbit/s
Upload: 14.75 Mbit/s
Fri Mar 25 10:45:01 CET 2022
Ping: 21.138 ms
Download: 206.63 Mbit/s
Upload: 14.92 Mbit/s
Fri Mar 25 11:45:01 CET 2022
Ping: 19.809 ms
Download: 274.96 Mbit/s
Upload: 15.30 Mbit/s
Fri Mar 25 12:45:01 CET 2022
Ping: 20.306 ms
Download: 308.17 Mbit/s
Upload: 15.08 Mbit/s
Fri Mar 25 13:45:01 CET 2022
Ping: 22.182 ms
Download: 250.67 Mbit/s
Upload: 15.99 Mbit/s
Fri Mar 25 14:45:01 CET 2022
Ping: 20.252 ms
Download: 284.58 Mbit/s
Upload: 15.84 Mbit/s
Fri Mar 25 15:45:01 CET 2022
Ping: 22.351 ms
Download: 200.40 Mbit/s
Upload: 19.41 Mbit/s
Fri Mar 25 16:45:01 CET 2022
Ping: 22.411 ms
Download: 251.28 Mbit/s
Upload: 19.77 Mbit/s
Fri Mar 25 17:45:01 CET 2022
Ping: 22.144 ms
Download: 302.42 Mbit/s
Upload: 19.60 Mbit/s
Fri Mar 25 18:45:01 CET 2022
Ping: 23.475 ms
Download: 294.09 Mbit/s
Upload: 19.53 Mbit/s
Fri Mar 25 19:45:01 CET 2022
Ping: 23.33 ms
Download: 294.46 Mbit/s
Upload: 19.40 Mbit/s
Fri Mar 25 20:45:01 CET 2022
Ping: 25.462 ms
Download: 57.40 Mbit/s
Upload: 19.60 Mbit/s
Fri Mar 25 21:45:01 CET 2022
Ping: 24.311 ms
Download: 92.35 Mbit/s
Upload: 9.27 Mbit/s
Fri Mar 25 22:45:01 CET 2022
Ping: 22.908 ms
Download: 215.19 Mbit/s
Upload: 15.75 Mbit/s
Fri Mar 25 23:45:02 CET 2022
Ping: 24.359 ms
Download: 335.10 Mbit/s
Upload: 19.22 Mbit/s
Sat Mar 26 00:45:01 CET 2022
Ping: 23.165 ms
Download: 163.02 Mbit/s
Upload: 14.66 Mbit/s
Sat Mar 26 01:45:01 CET 2022
Ping: 22.351 ms
Download: 224.01 Mbit/s
Upload: 19.61 Mbit/s
Sat Mar 26 02:45:01 CET 2022
Ping: 21.513 ms
Download: 270.86 Mbit/s
Upload: 19.68 Mbit/s
Sat Mar 26 03:45:01 CET 2022
Ping: 20.352 ms
Download: 262.89 Mbit/s
Upload: 19.63 Mbit/s
Sat Mar 26 04:45:01 CET 2022
Ping: 23.75 ms
Download: 216.68 Mbit/s
Upload: 19.38 Mbit/s
Sat Mar 26 05:45:01 CET 2022
Ping: 26.436 ms
Download: 287.44 Mbit/s
Upload: 19.78 Mbit/s
Sat Mar 26 06:45:01 CET 2022
Ping: 26.801 ms
Download: 279.31 Mbit/s
Upload: 19.53 Mbit/s
Sat Mar 26 07:45:01 CET 2022
Ping: 23.647 ms
Download: 202.36 Mbit/s
Upload: 19.46 Mbit/s
Sat Mar 26 08:45:01 CET 2022
Ping: 24.064 ms
Download: 308.52 Mbit/s
Upload: 19.64 Mbit/s
Sat Mar 26 09:45:01 CET 2022
Ping: 22.824 ms
Download: 212.80 Mbit/s
Upload: 18.85 Mbit/s
Sat Mar 26 10:45:01 CET 2022
Ping: 23.118 ms
Download: 273.83 Mbit/s
Upload: 15.93 Mbit/s
Sat Mar 26 11:45:01 CET 2022
Ping: 19.837 ms
Download: 298.42 Mbit/s
Upload: 15.01 Mbit/s
Sat Mar 26 12:45:02 CET 2022
Ping: 21.732 ms
Download: 354.43 Mbit/s
Upload: 14.55 Mbit/s
Sat Mar 26 13:45:01 CET 2022
Ping: 27.755 ms
Download: 204.41 Mbit/s
Upload: 19.34 Mbit/s
Sat Mar 26 14:45:01 CET 2022
Ping: 26.567 ms
Download: 183.03 Mbit/s
Upload: 19.60 Mbit/s
Sat Mar 26 15:45:01 CET 2022
Ping: 32.242 ms
Download: 224.51 Mbit/s
Upload: 19.38 Mbit/s
Sat Mar 26 16:45:01 CET 2022
Ping: 21.239 ms
Download: 330.35 Mbit/s
Upload: 19.63 Mbit/s
Sat Mar 26 17:45:01 CET 2022
Ping: 23.517 ms
Download: 244.91 Mbit/s
Upload: 19.70 Mbit/s
Sat Mar 26 18:45:01 CET 2022
Ping: 22.764 ms
Download: 279.26 Mbit/s
Upload: 17.53 Mbit/s
Sat Mar 26 19:45:01 CET 2022
Ping: 23.658 ms
Download: 275.09 Mbit/s
Upload: 19.39 Mbit/s
Sat Mar 26 20:45:01 CET 2022
Ping: 23.485 ms
Download: 258.54 Mbit/s
Upload: 18.47 Mbit/s
Sat Mar 26 21:45:01 CET 2022
Ping: 23.194 ms
Download: 290.64 Mbit/s
Upload: 19.39 Mbit/s
Sat Mar 26 22:45:01 CET 2022
Ping: 25.443 ms
Download: 239.49 Mbit/s
Upload: 13.86 Mbit/s
Sat Mar 26 23:45:02 CET 2022
Ping: 23.431 ms
Download: 197.14 Mbit/s
Upload: 19.54 Mbit/s
Sun Mar 27 00:45:01 CET 2022
Ping: 21.696 ms
Download: 206.67 Mbit/s
Upload: 19.55 Mbit/s
Sun Mar 27 01:45:01 CET 2022
Ping: 23.329 ms
Download: 280.56 Mbit/s
Upload: 19.57 Mbit/s
Sun Mar 27 03:45:01 CEST 2022
Ping: 22.382 ms
Download: 248.74 Mbit/s
Upload: 19.53 Mbit/s
Sun Mar 27 04:45:01 CEST 2022
Ping: 22.816 ms
Download: 236.82 Mbit/s
Upload: 19.75 Mbit/s
Sun Mar 27 05:45:01 CEST 2022
Ping: 23.467 ms
Download: 283.88 Mbit/s
Upload: 8.35 Mbit/s
Sun Mar 27 06:45:01 CEST 2022
Ping: 23.631 ms
Download: 310.35 Mbit/s
Upload: 19.54 Mbit/s
Sun Mar 27 07:45:01 CEST 2022
Ping: 23.251 ms
Download: 188.35 Mbit/s
Upload: 18.96 Mbit/s
Sun Mar 27 08:45:01 CEST 2022
Ping: 23.19 ms
Download: 301.99 Mbit/s
Upload: 19.55 Mbit/s
Sun Mar 27 09:45:01 CEST 2022
Ping: 24.299 ms
Download: 291.38 Mbit/s
Upload: 9.21 Mbit/s
Sun Mar 27 10:45:01 CEST 2022
Ping: 23.482 ms
Download: 279.75 Mbit/s
Upload: 19.33 Mbit/s
Sun Mar 27 11:45:01 CEST 2022
Ping: 22.394 ms
Download: 180.77 Mbit/s
Upload: 19.58 Mbit/s
Sun Mar 27 12:45:01 CEST 2022
Ping: 23.876 ms
Download: 189.74 Mbit/s
Upload: 19.52 Mbit/s
Sun Mar 27 13:45:01 CEST 2022
Ping: 23.034 ms
Download: 205.25 Mbit/s
Upload: 19.25 Mbit/s
Sun Mar 27 14:45:01 CEST 2022
Ping: 24.11 ms
Download: 269.11 Mbit/s
Upload: 19.64 Mbit/s
Sun Mar 27 15:45:01 CEST 2022
Ping: 24.023 ms
Download: 286.71 Mbit/s
Upload: 19.52 Mbit/s
Sun Mar 27 16:45:01 CEST 2022
Ping: 23.225 ms
Download: 259.88 Mbit/s
Upload: 19.74 Mbit/s
Sun Mar 27 17:45:01 CEST 2022
Ping: 26.747 ms
Download: 184.07 Mbit/s
Upload: 15.37 Mbit/s
Sun Mar 27 18:45:01 CEST 2022
Ping: 23.811 ms
Download: 202.84 Mbit/s
Upload: 15.28 Mbit/s
Sun Mar 27 19:45:01 CEST 2022
Ping: 24.003 ms
Download: 305.16 Mbit/s
Upload: 19.62 Mbit/s
Sun Mar 27 20:45:01 CEST 2022
Ping: 24.321 ms
Download: 194.82 Mbit/s
Upload: 17.57 Mbit/s
Sun Mar 27 21:45:01 CEST 2022
Ping: 22.418 ms
Download: 208.64 Mbit/s
Upload: 19.50 Mbit/s
Sun Mar 27 22:45:01 CEST 2022
Ping: 24.689 ms
Download: 216.06 Mbit/s
Upload: 19.51 Mbit/s
Sun Mar 27 23:45:01 CEST 2022
Ping: 23.164 ms
Download: 201.35 Mbit/s
Upload: 19.85 Mbit/s
Mon Mar 28 00:45:01 CEST 2022
Ping: 23.637 ms
Download: 317.56 Mbit/s
Upload: 19.26 Mbit/s
Mon Mar 28 01:45:01 CEST 2022
Ping: 23.961 ms
Download: 292.28 Mbit/s
Upload: 19.80 Mbit/s
Mon Mar 28 02:45:01 CEST 2022
Ping: 23.069 ms
Download: 348.23 Mbit/s
Upload: 19.79 Mbit/s
Mon Mar 28 03:45:01 CEST 2022
Ping: 33.537 ms
Download: 203.70 Mbit/s
Upload: 18.97 Mbit/s
Mon Mar 28 04:45:01 CEST 2022
Ping: 30.19 ms
Download: 197.43 Mbit/s
Upload: 19.50 Mbit/s
Mon Mar 28 05:45:01 CEST 2022
Ping: 32.026 ms
Download: 207.80 Mbit/s
Upload: 19.40 Mbit/s
Mon Mar 28 06:45:02 CEST 2022
Ping: 23.82 ms
Download: 265.32 Mbit/s
Upload: 16.16 Mbit/s
Mon Mar 28 07:45:01 CEST 2022
Ping: 23.852 ms
Download: 295.96 Mbit/s
Upload: 16.24 Mbit/s
Mon Mar 28 08:45:01 CEST 2022
Ping: 19.837 ms
Download: 225.08 Mbit/s
Upload: 14.83 Mbit/s
Mon Mar 28 09:45:01 CEST 2022
Ping: 22.779 ms
Download: 305.93 Mbit/s
Upload: 19.31 Mbit/s
Mon Mar 28 10:45:01 CEST 2022
Ping: 23.642 ms
Download: 311.78 Mbit/s
Upload: 19.22 Mbit/s
Mon Mar 28 11:45:01 CEST 2022
Ping: 23.678 ms
Download: 221.03 Mbit/s
Upload: 19.57 Mbit/s
Mon Mar 28 12:45:01 CEST 2022
Ping: 23.949 ms
Download: 298.74 Mbit/s
Upload: 15.14 Mbit/s
Mon Mar 28 13:45:01 CEST 2022
Ping: 21.479 ms
Download: 258.88 Mbit/s
Upload: 12.42 Mbit/s
Mon Mar 28 14:45:01 CEST 2022
Ping: 20.761 ms
Download: 345.14 Mbit/s
Upload: 16.02 Mbit/s
Mon Mar 28 15:45:01 CEST 2022
Ping: 24.486 ms
Download: 185.35 Mbit/s
Upload: 19.59 Mbit/s
Mon Mar 28 16:45:01 CEST 2022
Ping: 21.056 ms
Download: 308.69 Mbit/s
Upload: 19.56 Mbit/s
Mon Mar 28 17:45:01 CEST 2022
Ping: 24.423 ms
Download: 83.07 Mbit/s
Upload: 19.41 Mbit/s
Mon Mar 28 18:45:01 CEST 2022
Ping: 23.112 ms
Download: 194.48 Mbit/s
Upload: 19.54 Mbit/s
Mon Mar 28 19:45:01 CEST 2022
Ping: 24.5 ms
Download: 175.74 Mbit/s
Upload: 15.20 Mbit/s
Mon Mar 28 20:45:01 CEST 2022
Ping: 22.595 ms
Download: 275.10 Mbit/s
Upload: 14.13 Mbit/s
Mon Mar 28 21:45:01 CEST 2022
Ping: 30.032 ms
Download: 156.25 Mbit/s
Upload: 19.68 Mbit/s
Mon Mar 28 22:45:01 CEST 2022
Ping: 28.97 ms
Download: 277.34 Mbit/s
Upload: 18.95 Mbit/s
Mon Mar 28 23:45:01 CEST 2022
Ping: 30.34 ms
Download: 159.64 Mbit/s
Upload: 19.13 Mbit/s
Tue Mar 29 00:45:01 CEST 2022
Ping: 28.379 ms
Download: 261.43 Mbit/s
Upload: 18.55 Mbit/s
Tue Mar 29 01:45:01 CEST 2022
Ping: 26.464 ms
Download: 271.41 Mbit/s
Upload: 19.27 Mbit/s
Tue Mar 29 02:45:01 CEST 2022
Ping: 26.252 ms
Download: 208.57 Mbit/s
Upload: 19.22 Mbit/s
Tue Mar 29 03:45:01 CEST 2022
Ping: 35.335 ms
Download: 235.03 Mbit/s
Upload: 17.64 Mbit/s
Tue Mar 29 04:45:01 CEST 2022
Ping: 36.706 ms
Download: 211.58 Mbit/s
Upload: 18.31 Mbit/s
Tue Mar 29 05:45:01 CEST 2022
Ping: 33.535 ms
Download: 220.19 Mbit/s
Upload: 18.71 Mbit/s
Tue Mar 29 06:45:01 CEST 2022
Ping: 26.008 ms
Download: 61.02 Mbit/s
Upload: 19.83 Mbit/s
Tue Mar 29 07:45:01 CEST 2022
Ping: 25.645 ms
Download: 55.58 Mbit/s
Upload: 19.43 Mbit/s
Tue Mar 29 08:45:01 CEST 2022
Ping: 22.534 ms
Download: 86.34 Mbit/s
Upload: 19.36 Mbit/s
Tue Mar 29 09:45:01 CEST 2022
Ping: 26.139 ms
Download: 329.36 Mbit/s
Upload: 19.36 Mbit/s
Tue Mar 29 10:45:01 CEST 2022
Ping: 23.459 ms
Download: 294.04 Mbit/s
Upload: 19.45 Mbit/s
Tue Mar 29 11:45:01 CEST 2022
Ping: 22.942 ms
Download: 303.61 Mbit/s
Upload: 19.68 Mbit/s
Tue Mar 29 12:45:01 CEST 2022
Ping: 24.135 ms
Download: 236.84 Mbit/s
Upload: 16.23 Mbit/s
Tue Mar 29 13:45:02 CEST 2022
Ping: 20.448 ms
Download: 285.43 Mbit/s
Upload: 16.97 Mbit/s
Tue Mar 29 14:45:01 CEST 2022
Ping: 19.627 ms
Download: 231.78 Mbit/s
Upload: 16.68 Mbit/s
Tue Mar 29 15:45:01 CEST 2022
Ping: 24.299 ms
Download: 273.51 Mbit/s
Upload: 15.65 Mbit/s
Tue Mar 29 16:45:01 CEST 2022
Ping: 20.17 ms
Download: 244.94 Mbit/s
Upload: 15.04 Mbit/s
Tue Mar 29 17:45:01 CEST 2022
Ping: 23.344 ms
Download: 304.01 Mbit/s
Upload: 14.45 Mbit/s
Tue Mar 29 18:45:01 CEST 2022
Ping: 23.12 ms
Download: 263.53 Mbit/s
Upload: 19.45 Mbit/s
Tue Mar 29 19:45:01 CEST 2022
Ping: 23.708 ms
Download: 253.00 Mbit/s
Upload: 19.08 Mbit/s
Tue Mar 29 20:45:01 CEST 2022
Ping: 23.298 ms
Download: 207.67 Mbit/s
Upload: 19.55 Mbit/s
Tue Mar 29 21:45:01 CEST 2022
Ping: 24.626 ms
Download: 299.13 Mbit/s
Upload: 13.36 Mbit/s
Tue Mar 29 22:45:01 CEST 2022
Ping: 20.052 ms
Download: 270.90 Mbit/s
Upload: 14.99 Mbit/s
Tue Mar 29 23:45:01 CEST 2022
Ping: 21.325 ms
Download: 257.15 Mbit/s
Upload: 16.58 Mbit/s
Wed Mar 30 00:45:01 CEST 2022
Ping: 23.448 ms
Download: 232.93 Mbit/s
Upload: 19.70 Mbit/s
Wed Mar 30 01:45:01 CEST 2022
Ping: 23.684 ms
Download: 303.13 Mbit/s
Upload: 19.64 Mbit/s
Wed Mar 30 02:45:01 CEST 2022
Ping: 21.999 ms
Download: 304.13 Mbit/s
Upload: 19.56 Mbit/s
Wed Mar 30 03:45:01 CEST 2022
Ping: 22.995 ms
Download: 316.67 Mbit/s
Upload: 19.72 Mbit/s
Wed Mar 30 04:45:01 CEST 2022
Ping: 24.026 ms
Download: 301.23 Mbit/s
Upload: 19.67 Mbit/s
Wed Mar 30 05:45:01 CEST 2022
Ping: 22.161 ms
Download: 309.38 Mbit/s
Upload: 19.49 Mbit/s
Wed Mar 30 06:45:01 CEST 2022
Ping: 24.947 ms
Download: 338.11 Mbit/s
Upload: 19.82 Mbit/s
Wed Mar 30 07:45:01 CEST 2022
Ping: 24.98 ms
Download: 307.42 Mbit/s
Upload: 19.11 Mbit/s
Wed Mar 30 08:45:01 CEST 2022
Ping: 23.073 ms
Download: 165.86 Mbit/s
Upload: 19.68 Mbit/s
Wed Mar 30 09:45:01 CEST 2022
Ping: 24.228 ms
Download: 109.86 Mbit/s
Upload: 18.80 Mbit/s
Wed Mar 30 10:45:01 CEST 2022
Ping: 22.354 ms
Download: 92.34 Mbit/s
Upload: 19.12 Mbit/s
Wed Mar 30 11:45:01 CEST 2022
Ping: 22.969 ms
Download: 89.79 Mbit/s
Upload: 19.22 Mbit/s
Wed Mar 30 12:45:01 CEST 2022
Ping: 23.004 ms
Download: 171.59 Mbit/s
Upload: 19.77 Mbit/s
Wed Mar 30 13:45:01 CEST 2022
Ping: 23.452 ms
Download: 343.85 Mbit/s
Upload: 19.07 Mbit/s
Wed Mar 30 14:45:02 CEST 2022
Ping: 20.287 ms
Download: 275.64 Mbit/s
Upload: 14.55 Mbit/s
Wed Mar 30 15:45:01 CEST 2022
Ping: 23.679 ms
Download: 298.44 Mbit/s
Upload: 19.62 Mbit/s
Wed Mar 30 16:45:01 CEST 2022
Ping: 23.678 ms
Download: 266.43 Mbit/s
Upload: 19.73 Mbit/s
Wed Mar 30 17:45:01 CEST 2022
Ping: 23.82 ms
Download: 203.62 Mbit/s
Upload: 18.89 Mbit/s
Wed Mar 30 18:45:01 CEST 2022
Ping: 41.771 ms
Download: 280.96 Mbit/s
Upload: 18.69 Mbit/s
Wed Mar 30 19:45:01 CEST 2022
Ping: 38.621 ms
Download: 271.31 Mbit/s
Upload: 18.52 Mbit/s
Wed Mar 30 20:45:01 CEST 2022
Ping: 39.317 ms
Download: 229.36 Mbit/s
Upload: 17.46 Mbit/s
Wed Mar 30 21:45:01 CEST 2022
Ping: 22.108 ms
Download: 192.97 Mbit/s
Upload: 19.11 Mbit/s
Wed Mar 30 22:45:01 CEST 2022
Ping: 21.55 ms
Download: 194.74 Mbit/s
Upload: 19.35 Mbit/s
Wed Mar 30 23:45:02 CEST 2022
Ping: 25.059 ms
Download: 278.90 Mbit/s
Upload: 19.25 Mbit/s
Thu Mar 31 00:45:02 CEST 2022
Ping: 22.371 ms
Download: 282.18 Mbit/s
Upload: 19.72 Mbit/s
Thu Mar 31 01:45:01 CEST 2022
Ping: 22.489 ms
Download: 284.96 Mbit/s
Upload: 19.61 Mbit/s
Thu Mar 31 02:45:01 CEST 2022
Ping: 22.966 ms
Download: 246.24 Mbit/s
Upload: 19.72 Mbit/s
Thu Mar 31 03:45:01 CEST 2022
Ping: 22.979 ms
Download: 333.71 Mbit/s
Upload: 19.57 Mbit/s
Thu Mar 31 04:45:01 CEST 2022
Ping: 22.991 ms
Download: 321.02 Mbit/s
Upload: 19.59 Mbit/s
Thu Mar 31 05:45:01 CEST 2022
Ping: 23.313 ms
Download: 192.42 Mbit/s
Upload: 19.54 Mbit/s
Thu Mar 31 06:45:02 CEST 2022
Ping: 22.498 ms
Download: 205.78 Mbit/s
Upload: 19.03 Mbit/s
Thu Mar 31 07:45:01 CEST 2022
Ping: 23.662 ms
Download: 212.90 Mbit/s
Upload: 19.30 Mbit/s
Thu Mar 31 08:45:01 CEST 2022
Ping: 23.758 ms
Download: 310.34 Mbit/s
Upload: 19.68 Mbit/s
Thu Mar 31 09:45:02 CEST 2022
Ping: 24.989 ms
Download: 263.07 Mbit/s
Upload: 19.48 Mbit/s
Thu Mar 31 10:45:01 CEST 2022
Ping: 23.674 ms
Download: 211.31 Mbit/s
Upload: 19.66 Mbit/s
Thu Mar 31 11:45:01 CEST 2022
Ping: 24.345 ms
Download: 219.31 Mbit/s
Upload: 19.61 Mbit/s
Thu Mar 31 12:45:01 CEST 2022
Ping: 23.639 ms
Download: 324.75 Mbit/s
Upload: 19.65 Mbit/s
Thu Mar 31 13:45:01 CEST 2022
Ping: 22.826 ms
Download: 254.04 Mbit/s
Upload: 15.27 Mbit/s
Thu Mar 31 14:45:01 CEST 2022
Ping: 20.504 ms
Download: 290.09 Mbit/s
Upload: 15.18 Mbit/s
Thu Mar 31 15:45:01 CEST 2022
Ping: 23.511 ms
Download: 336.89 Mbit/s
Upload: 19.32 Mbit/s
Thu Mar 31 16:45:01 CEST 2022
Ping: 22.231 ms
Download: 255.13 Mbit/s
Upload: 19.28 Mbit/s
Thu Mar 31 17:45:01 CEST 2022
Ping: 22.959 ms
Download: 319.46 Mbit/s
Upload: 19.75 Mbit/s
Thu Mar 31 18:45:01 CEST 2022
Ping: 24.659 ms
Download: 63.58 Mbit/s
Upload: 19.35 Mbit/s
Thu Mar 31 19:45:01 CEST 2022
Ping: 25.651 ms
Download: 263.77 Mbit/s
Upload: 18.93 Mbit/s
Thu Mar 31 20:45:01 CEST 2022
Ping: 23.857 ms
Download: 61.41 Mbit/s
Upload: 18.65 Mbit/s
Thu Mar 31 21:45:01 CEST 2022
Ping: 23.136 ms
Download: 240.37 Mbit/s
Upload: 19.42 Mbit/s
Thu Mar 31 22:45:01 CEST 2022
Ping: 22.038 ms
Download: 308.50 Mbit/s
Upload: 19.89 Mbit/s
Thu Mar 31 23:45:01 CEST 2022
Ping: 21.269 ms
Download: 333.25 Mbit/s
Upload: 19.85 Mbit/s
