Mon Aug  1 00:45:01 CEST 2022
Ping: 31.698 ms
Download: 222.71 Mbit/s
Upload: 20.14 Mbit/s
Mon Aug  1 01:45:01 CEST 2022
Ping: 32.985 ms
Download: 221.01 Mbit/s
Upload: 19.99 Mbit/s
Mon Aug  1 02:45:01 CEST 2022
Ping: 28.607 ms
Download: 327.12 Mbit/s
Upload: 18.94 Mbit/s
Mon Aug  1 03:45:01 CEST 2022
Mon Aug  1 04:45:01 CEST 2022
Ping: 27.879 ms
Download: 171.78 Mbit/s
Upload: 20.41 Mbit/s
Mon Aug  1 05:45:01 CEST 2022
Ping: 25.156 ms
Download: 357.02 Mbit/s
Upload: 20.79 Mbit/s
Mon Aug  1 06:45:02 CEST 2022
Ping: 23.192 ms
Download: 174.33 Mbit/s
Upload: 17.13 Mbit/s
Mon Aug  1 07:45:01 CEST 2022
Ping: 23.95 ms
Download: 141.53 Mbit/s
Upload: 19.82 Mbit/s
Mon Aug  1 08:45:01 CEST 2022
Ping: 28.823 ms
Download: 120.71 Mbit/s
Upload: 20.08 Mbit/s
Mon Aug  1 09:45:01 CEST 2022
Ping: 30.124 ms
Download: 159.66 Mbit/s
Upload: 19.09 Mbit/s
Mon Aug  1 10:45:01 CEST 2022
Ping: 22.785 ms
Download: 227.88 Mbit/s
Upload: 19.97 Mbit/s
Mon Aug  1 11:45:01 CEST 2022
Ping: 23.729 ms
Download: 256.90 Mbit/s
Upload: 20.33 Mbit/s
Mon Aug  1 12:45:01 CEST 2022
Ping: 24.074 ms
Download: 215.20 Mbit/s
Upload: 20.17 Mbit/s
Mon Aug  1 13:45:01 CEST 2022
Ping: 37.528 ms
Download: 182.00 Mbit/s
Upload: 19.70 Mbit/s
Mon Aug  1 14:45:01 CEST 2022
Ping: 23.396 ms
Download: 196.06 Mbit/s
Upload: 20.61 Mbit/s
Mon Aug  1 15:45:01 CEST 2022
Mon Aug  1 16:45:01 CEST 2022
Ping: 23.577 ms
Download: 180.05 Mbit/s
Upload: 17.12 Mbit/s
Mon Aug  1 17:45:01 CEST 2022
Ping: 23.501 ms
Download: 158.59 Mbit/s
Upload: 14.91 Mbit/s
Mon Aug  1 18:45:01 CEST 2022
Ping: 22.918 ms
Download: 343.71 Mbit/s
Upload: 20.46 Mbit/s
Mon Aug  1 19:45:01 CEST 2022
Ping: 22.857 ms
Download: 270.01 Mbit/s
Upload: 20.52 Mbit/s
Mon Aug  1 20:45:02 CEST 2022
Ping: 30.315 ms
Download: 344.10 Mbit/s
Upload: 19.98 Mbit/s
Mon Aug  1 21:45:01 CEST 2022
Ping: 24.825 ms
Download: 249.16 Mbit/s
Upload: 19.74 Mbit/s
Mon Aug  1 22:45:01 CEST 2022
Ping: 23.755 ms
Download: 243.95 Mbit/s
Upload: 19.96 Mbit/s
Mon Aug  1 23:45:01 CEST 2022
Ping: 25.576 ms
Download: 235.77 Mbit/s
Upload: 20.02 Mbit/s
Tue Aug  2 00:45:01 CEST 2022
Ping: 25.404 ms
Download: 236.67 Mbit/s
Upload: 20.12 Mbit/s
Tue Aug  2 01:45:02 CEST 2022
Ping: 29.426 ms
Download: 223.59 Mbit/s
Upload: 19.87 Mbit/s
Tue Aug  2 02:45:01 CEST 2022
Tue Aug  2 03:45:02 CEST 2022
Ping: 31.168 ms
Download: 283.37 Mbit/s
Upload: 19.90 Mbit/s
Tue Aug  2 04:45:01 CEST 2022
Ping: 32.274 ms
Download: 284.52 Mbit/s
Upload: 19.82 Mbit/s
Tue Aug  2 05:45:01 CEST 2022
Ping: 30.374 ms
Download: 319.37 Mbit/s
Upload: 19.85 Mbit/s
Tue Aug  2 06:45:01 CEST 2022
Ping: 26.71 ms
Download: 238.29 Mbit/s
Upload: 19.97 Mbit/s
Tue Aug  2 07:45:01 CEST 2022
Ping: 22.735 ms
Download: 243.95 Mbit/s
Upload: 13.88 Mbit/s
Tue Aug  2 08:45:01 CEST 2022
Ping: 23.158 ms
Download: 221.03 Mbit/s
Upload: 16.72 Mbit/s
Tue Aug  2 09:45:02 CEST 2022
Ping: 30.897 ms
Download: 247.03 Mbit/s
Upload: 20.36 Mbit/s
Tue Aug  2 10:45:01 CEST 2022
Ping: 24.274 ms
Download: 176.18 Mbit/s
Upload: 19.15 Mbit/s
Tue Aug  2 11:45:01 CEST 2022
Ping: 29.485 ms
Download: 342.53 Mbit/s
Upload: 20.07 Mbit/s
Tue Aug  2 12:45:01 CEST 2022
Ping: 24.72 ms
Download: 190.81 Mbit/s
Upload: 20.45 Mbit/s
Tue Aug  2 13:45:01 CEST 2022
Ping: 23.647 ms
Download: 181.24 Mbit/s
Upload: 20.40 Mbit/s
Tue Aug  2 14:45:01 CEST 2022
Ping: 31.316 ms
Download: 265.75 Mbit/s
Upload: 19.65 Mbit/s
Tue Aug  2 15:45:01 CEST 2022
Ping: 31.164 ms
Download: 259.68 Mbit/s
Upload: 19.97 Mbit/s
Tue Aug  2 16:45:01 CEST 2022
Ping: 31.216 ms
Download: 271.79 Mbit/s
Upload: 19.33 Mbit/s
Tue Aug  2 17:45:01 CEST 2022
Ping: 31.624 ms
Download: 195.28 Mbit/s
Upload: 20.16 Mbit/s
Tue Aug  2 18:45:01 CEST 2022
Ping: 25.237 ms
Download: 256.79 Mbit/s
Upload: 20.31 Mbit/s
Tue Aug  2 19:45:02 CEST 2022
Ping: 26.157 ms
Download: 216.12 Mbit/s
Upload: 19.95 Mbit/s
Tue Aug  2 20:45:01 CEST 2022
Ping: 29.554 ms
Download: 252.01 Mbit/s
Upload: 20.40 Mbit/s
Tue Aug  2 21:45:01 CEST 2022
Tue Aug  2 22:45:02 CEST 2022
Tue Aug  2 23:45:01 CEST 2022
Ping: 30.422 ms
Download: 216.98 Mbit/s
Upload: 19.79 Mbit/s
Wed Aug  3 00:45:02 CEST 2022
Wed Aug  3 01:45:01 CEST 2022
Ping: 29.025 ms
Download: 220.05 Mbit/s
Upload: 20.15 Mbit/s
Wed Aug  3 02:45:01 CEST 2022
Wed Aug  3 03:45:01 CEST 2022
Ping: 24.197 ms
Download: 255.36 Mbit/s
Upload: 20.26 Mbit/s
Wed Aug  3 04:45:01 CEST 2022
Ping: 26.243 ms
Download: 294.30 Mbit/s
Upload: 20.46 Mbit/s
Wed Aug  3 05:45:01 CEST 2022
Ping: 24.892 ms
Download: 248.62 Mbit/s
Upload: 20.46 Mbit/s
Wed Aug  3 06:45:01 CEST 2022
Ping: 46.614 ms
Download: 224.65 Mbit/s
Upload: 19.28 Mbit/s
Wed Aug  3 07:45:01 CEST 2022
Ping: 44.537 ms
Download: 156.97 Mbit/s
Upload: 18.65 Mbit/s
Wed Aug  3 08:45:01 CEST 2022
Ping: 30.812 ms
Download: 240.77 Mbit/s
Upload: 19.70 Mbit/s
Wed Aug  3 09:45:01 CEST 2022
Ping: 23.255 ms
Download: 237.76 Mbit/s
Upload: 19.33 Mbit/s
Wed Aug  3 10:45:01 CEST 2022
Ping: 29.371 ms
Download: 229.11 Mbit/s
Upload: 19.24 Mbit/s
Wed Aug  3 11:45:01 CEST 2022
Ping: 38.584 ms
Download: 202.41 Mbit/s
Upload: 19.84 Mbit/s
Wed Aug  3 12:45:01 CEST 2022
Ping: 37.566 ms
Download: 217.86 Mbit/s
Upload: 20.19 Mbit/s
Wed Aug  3 13:45:01 CEST 2022
Ping: 22.239 ms
Download: 262.05 Mbit/s
Upload: 20.08 Mbit/s
Wed Aug  3 14:45:01 CEST 2022
Ping: 29.886 ms
Download: 216.98 Mbit/s
Upload: 20.14 Mbit/s
Wed Aug  3 15:45:01 CEST 2022
Ping: 22.59 ms
Download: 206.19 Mbit/s
Upload: 20.76 Mbit/s
Wed Aug  3 16:45:02 CEST 2022
Ping: 29.852 ms
Download: 317.01 Mbit/s
Upload: 20.63 Mbit/s
Wed Aug  3 17:45:01 CEST 2022
Ping: 23.409 ms
Download: 102.44 Mbit/s
Upload: 20.34 Mbit/s
Wed Aug  3 18:45:01 CEST 2022
Ping: 31.624 ms
Download: 244.16 Mbit/s
Upload: 20.01 Mbit/s
Wed Aug  3 19:45:01 CEST 2022
Wed Aug  3 20:45:01 CEST 2022
Ping: 31.79 ms
Download: 242.04 Mbit/s
Upload: 20.21 Mbit/s
Wed Aug  3 21:45:01 CEST 2022
Wed Aug  3 22:45:01 CEST 2022
Ping: 28.484 ms
Download: 173.60 Mbit/s
Upload: 20.09 Mbit/s
Wed Aug  3 23:45:01 CEST 2022
Ping: 28.898 ms
Download: 139.97 Mbit/s
Upload: 18.58 Mbit/s
Thu Aug  4 00:45:01 CEST 2022
Ping: 26.23 ms
Download: 223.74 Mbit/s
Upload: 20.19 Mbit/s
Thu Aug  4 01:45:01 CEST 2022
Ping: 23.765 ms
Download: 349.56 Mbit/s
Upload: 20.68 Mbit/s
Thu Aug  4 02:45:01 CEST 2022
Ping: 24.078 ms
Download: 331.46 Mbit/s
Upload: 20.62 Mbit/s
Thu Aug  4 03:45:01 CEST 2022
Ping: 24.367 ms
Download: 114.40 Mbit/s
Upload: 20.31 Mbit/s
Thu Aug  4 04:45:01 CEST 2022
Ping: 26.064 ms
Download: 203.70 Mbit/s
Upload: 15.76 Mbit/s
Thu Aug  4 05:45:01 CEST 2022
Ping: 23.079 ms
Download: 204.90 Mbit/s
Upload: 20.57 Mbit/s
Thu Aug  4 06:45:01 CEST 2022
Ping: 24.718 ms
Download: 214.84 Mbit/s
Upload: 20.07 Mbit/s
Thu Aug  4 07:45:01 CEST 2022
Ping: 23.497 ms
Download: 207.92 Mbit/s
Upload: 20.94 Mbit/s
Thu Aug  4 08:45:01 CEST 2022
Ping: 26.073 ms
Download: 286.97 Mbit/s
Upload: 20.10 Mbit/s
Thu Aug  4 09:45:01 CEST 2022
Ping: 25.073 ms
Download: 216.52 Mbit/s
Upload: 19.54 Mbit/s
Thu Aug  4 10:45:01 CEST 2022
Ping: 29.049 ms
Download: 310.46 Mbit/s
Upload: 19.78 Mbit/s
Thu Aug  4 11:45:01 CEST 2022
Ping: 23.866 ms
Download: 228.56 Mbit/s
Upload: 19.62 Mbit/s
Thu Aug  4 12:45:01 CEST 2022
Ping: 23.075 ms
Download: 183.02 Mbit/s
Upload: 15.56 Mbit/s
Thu Aug  4 13:45:01 CEST 2022
Ping: 22.698 ms
Download: 305.45 Mbit/s
Upload: 20.65 Mbit/s
Thu Aug  4 14:45:01 CEST 2022
Ping: 22.853 ms
Download: 317.21 Mbit/s
Upload: 19.83 Mbit/s
Thu Aug  4 15:45:01 CEST 2022
Ping: 21.903 ms
Download: 331.57 Mbit/s
Upload: 20.27 Mbit/s
Thu Aug  4 16:45:01 CEST 2022
Ping: 24.258 ms
Download: 337.73 Mbit/s
Upload: 20.17 Mbit/s
Thu Aug  4 17:45:01 CEST 2022
Ping: 29.778 ms
Download: 339.20 Mbit/s
Upload: 20.01 Mbit/s
Thu Aug  4 18:45:01 CEST 2022
Ping: 23.423 ms
Download: 215.07 Mbit/s
Upload: 14.87 Mbit/s
Thu Aug  4 19:45:02 CEST 2022
Ping: 29.62 ms
Download: 329.26 Mbit/s
Upload: 19.89 Mbit/s
Thu Aug  4 20:45:01 CEST 2022
Ping: 28.085 ms
Download: 195.43 Mbit/s
Upload: 19.89 Mbit/s
Thu Aug  4 21:45:01 CEST 2022
Ping: 30.014 ms
Download: 244.61 Mbit/s
Upload: 19.91 Mbit/s
Thu Aug  4 22:45:01 CEST 2022
Ping: 32.056 ms
Download: 233.29 Mbit/s
Upload: 19.94 Mbit/s
Thu Aug  4 23:45:01 CEST 2022
Fri Aug  5 00:45:01 CEST 2022
Ping: 39.208 ms
Download: 236.34 Mbit/s
Upload: 20.10 Mbit/s
Fri Aug  5 01:45:01 CEST 2022
Ping: 29.401 ms
Download: 231.38 Mbit/s
Upload: 19.47 Mbit/s
Fri Aug  5 02:45:01 CEST 2022
Ping: 23.65 ms
Download: 274.90 Mbit/s
Upload: 19.98 Mbit/s
Fri Aug  5 03:45:02 CEST 2022
Ping: 24.993 ms
Download: 97.31 Mbit/s
Upload: 20.28 Mbit/s
Fri Aug  5 04:45:01 CEST 2022
Ping: 22.072 ms
Download: 200.90 Mbit/s
Upload: 20.42 Mbit/s
Fri Aug  5 05:45:01 CEST 2022
Ping: 25.208 ms
Download: 293.44 Mbit/s
Upload: 20.43 Mbit/s
Fri Aug  5 06:45:01 CEST 2022
Ping: 26.801 ms
Download: 227.10 Mbit/s
Upload: 20.64 Mbit/s
Fri Aug  5 07:45:01 CEST 2022
Ping: 32.128 ms
Download: 255.04 Mbit/s
Upload: 20.02 Mbit/s
Fri Aug  5 08:45:01 CEST 2022
Fri Aug  5 09:45:01 CEST 2022
Ping: 23.224 ms
Download: 189.47 Mbit/s
Upload: 20.44 Mbit/s
Fri Aug  5 10:45:01 CEST 2022
Ping: 22.924 ms
Download: 351.63 Mbit/s
Upload: 16.77 Mbit/s
Fri Aug  5 11:45:02 CEST 2022
Ping: 29.088 ms
Download: 226.54 Mbit/s
Upload: 19.88 Mbit/s
Fri Aug  5 12:45:01 CEST 2022
Ping: 23.329 ms
Download: 220.78 Mbit/s
Upload: 20.10 Mbit/s
Fri Aug  5 13:45:01 CEST 2022
Ping: 25.934 ms
Download: 217.50 Mbit/s
Upload: 20.13 Mbit/s
Fri Aug  5 14:45:02 CEST 2022
Ping: 26.96 ms
Download: 287.39 Mbit/s
Upload: 20.25 Mbit/s
Fri Aug  5 15:45:01 CEST 2022
Ping: 21.719 ms
Download: 228.00 Mbit/s
Upload: 20.32 Mbit/s
Fri Aug  5 16:45:01 CEST 2022
Ping: 24.417 ms
Download: 254.54 Mbit/s
Upload: 20.44 Mbit/s
Fri Aug  5 17:45:01 CEST 2022
Ping: 27.393 ms
Download: 227.95 Mbit/s
Upload: 20.62 Mbit/s
Fri Aug  5 18:45:01 CEST 2022
Ping: 28.654 ms
Download: 246.91 Mbit/s
Upload: 20.24 Mbit/s
Fri Aug  5 19:45:01 CEST 2022
Ping: 28.9 ms
Download: 230.34 Mbit/s
Upload: 20.28 Mbit/s
Fri Aug  5 20:45:01 CEST 2022
Ping: 31.045 ms
Download: 143.46 Mbit/s
Upload: 19.57 Mbit/s
Fri Aug  5 21:45:02 CEST 2022
Ping: 23.46 ms
Download: 186.44 Mbit/s
Upload: 14.90 Mbit/s
Fri Aug  5 22:45:01 CEST 2022
Ping: 29.042 ms
Download: 260.09 Mbit/s
Upload: 19.96 Mbit/s
Fri Aug  5 23:45:01 CEST 2022
Ping: 33.792 ms
Download: 218.37 Mbit/s
Upload: 19.38 Mbit/s
Sat Aug  6 00:45:01 CEST 2022
Ping: 34.146 ms
Download: 198.80 Mbit/s
Upload: 20.38 Mbit/s
Sat Aug  6 01:45:02 CEST 2022
Ping: 31.174 ms
Download: 226.26 Mbit/s
Upload: 20.00 Mbit/s
Sat Aug  6 02:45:01 CEST 2022
Ping: 28.724 ms
Download: 217.91 Mbit/s
Upload: 19.87 Mbit/s
Sat Aug  6 03:45:02 CEST 2022
Sat Aug  6 04:45:01 CEST 2022
Ping: 25.802 ms
Download: 232.98 Mbit/s
Upload: 20.12 Mbit/s
Sat Aug  6 05:45:02 CEST 2022
Ping: 24.629 ms
Download: 239.71 Mbit/s
Upload: 20.25 Mbit/s
Sat Aug  6 06:45:01 CEST 2022
Ping: 26.344 ms
Download: 215.61 Mbit/s
Upload: 20.21 Mbit/s
Sat Aug  6 07:45:01 CEST 2022
Ping: 23.853 ms
Download: 190.27 Mbit/s
Upload: 20.58 Mbit/s
Sat Aug  6 08:45:01 CEST 2022
Ping: 24.549 ms
Download: 233.24 Mbit/s
Upload: 20.05 Mbit/s
Sat Aug  6 09:45:01 CEST 2022
Ping: 23.411 ms
Download: 230.87 Mbit/s
Upload: 20.39 Mbit/s
Sat Aug  6 10:45:01 CEST 2022
Ping: 31.832 ms
Download: 192.87 Mbit/s
Upload: 19.93 Mbit/s
Sat Aug  6 11:45:01 CEST 2022
Ping: 32.988 ms
Download: 190.12 Mbit/s
Upload: 19.41 Mbit/s
Sat Aug  6 12:45:02 CEST 2022
Ping: 30.171 ms
Download: 227.11 Mbit/s
Upload: 19.97 Mbit/s
Sat Aug  6 13:45:01 CEST 2022
Sat Aug  6 14:45:01 CEST 2022
Sat Aug  6 15:45:01 CEST 2022
Ping: 27.825 ms
Download: 218.75 Mbit/s
Upload: 20.16 Mbit/s
Sat Aug  6 16:45:01 CEST 2022
Ping: 25.559 ms
Download: 195.99 Mbit/s
Upload: 19.83 Mbit/s
Sat Aug  6 17:45:01 CEST 2022
Ping: 25.034 ms
Download: 81.96 Mbit/s
Upload: 19.91 Mbit/s
Sat Aug  6 18:45:01 CEST 2022
Ping: 26.428 ms
Download: 243.69 Mbit/s
Upload: 19.79 Mbit/s
Sat Aug  6 19:45:02 CEST 2022
Ping: 28.622 ms
Download: 277.02 Mbit/s
Upload: 20.52 Mbit/s
Sat Aug  6 20:45:01 CEST 2022
Ping: 26.097 ms
Download: 169.66 Mbit/s
Upload: 20.02 Mbit/s
Sat Aug  6 21:45:01 CEST 2022
Sat Aug  6 22:45:01 CEST 2022
Sat Aug  6 23:45:01 CEST 2022
Ping: 30.184 ms
Download: 302.12 Mbit/s
Upload: 20.08 Mbit/s
Sun Aug  7 00:45:01 CEST 2022
Ping: 21.505 ms
Download: 307.14 Mbit/s
Upload: 20.37 Mbit/s
Sun Aug  7 01:45:01 CEST 2022
Ping: 28.329 ms
Download: 239.96 Mbit/s
Upload: 20.29 Mbit/s
Sun Aug  7 02:45:01 CEST 2022
Ping: 21.061 ms
Download: 326.60 Mbit/s
Upload: 17.74 Mbit/s
Sun Aug  7 03:45:01 CEST 2022
Sun Aug  7 04:45:02 CEST 2022
Ping: 33.168 ms
Download: 187.05 Mbit/s
Upload: 19.30 Mbit/s
Sun Aug  7 05:45:01 CEST 2022
Sun Aug  7 06:45:01 CEST 2022
Ping: 31.456 ms
Download: 230.59 Mbit/s
Upload: 20.10 Mbit/s
Sun Aug  7 07:45:01 CEST 2022
Ping: 33.884 ms
Download: 208.55 Mbit/s
Upload: 19.87 Mbit/s
Sun Aug  7 08:45:01 CEST 2022
Ping: 31.307 ms
Download: 204.11 Mbit/s
Upload: 19.34 Mbit/s
Sun Aug  7 09:45:01 CEST 2022
Ping: 29.378 ms
Download: 260.60 Mbit/s
Upload: 19.89 Mbit/s
Sun Aug  7 10:45:01 CEST 2022
Ping: 33.595 ms
Download: 174.13 Mbit/s
Upload: 20.05 Mbit/s
Sun Aug  7 11:45:01 CEST 2022
Ping: 29.058 ms
Download: 298.08 Mbit/s
Upload: 15.45 Mbit/s
Sun Aug  7 12:45:02 CEST 2022
Ping: 25.35 ms
Download: 222.94 Mbit/s
Upload: 20.41 Mbit/s
Sun Aug  7 13:45:01 CEST 2022
Ping: 22.022 ms
Download: 199.34 Mbit/s
Upload: 20.37 Mbit/s
Sun Aug  7 14:45:01 CEST 2022
Ping: 22.214 ms
Download: 212.58 Mbit/s
Upload: 20.67 Mbit/s
Sun Aug  7 15:45:01 CEST 2022
Ping: 29.393 ms
Download: 250.01 Mbit/s
Upload: 19.93 Mbit/s
Sun Aug  7 16:45:01 CEST 2022
Ping: 28.185 ms
Download: 296.85 Mbit/s
Upload: 20.02 Mbit/s
Sun Aug  7 17:45:01 CEST 2022
Ping: 28.045 ms
Download: 303.69 Mbit/s
Upload: 19.66 Mbit/s
Sun Aug  7 18:45:01 CEST 2022
Ping: 30.051 ms
Download: 192.59 Mbit/s
Upload: 19.99 Mbit/s
Sun Aug  7 19:45:01 CEST 2022
Ping: 32.317 ms
Download: 174.69 Mbit/s
Upload: 20.13 Mbit/s
Sun Aug  7 20:45:01 CEST 2022
Sun Aug  7 21:45:01 CEST 2022
Sun Aug  7 22:45:02 CEST 2022
Sun Aug  7 23:45:01 CEST 2022
Mon Aug  8 00:45:01 CEST 2022
Ping: 28.763 ms
Download: 301.47 Mbit/s
Upload: 20.27 Mbit/s
Mon Aug  8 01:45:01 CEST 2022
Ping: 30.105 ms
Download: 304.48 Mbit/s
Upload: 20.32 Mbit/s
Mon Aug  8 02:45:02 CEST 2022
Ping: 25.792 ms
Download: 58.36 Mbit/s
Upload: 20.56 Mbit/s
Mon Aug  8 03:45:01 CEST 2022
Ping: 27.199 ms
Download: 216.89 Mbit/s
Upload: 20.67 Mbit/s
Mon Aug  8 04:45:01 CEST 2022
Ping: 26.916 ms
Download: 237.56 Mbit/s
Upload: 20.16 Mbit/s
Mon Aug  8 05:45:01 CEST 2022
Ping: 25.197 ms
Download: 254.11 Mbit/s
Upload: 20.30 Mbit/s
Mon Aug  8 06:45:01 CEST 2022
Ping: 37.745 ms
Download: 210.66 Mbit/s
Upload: 19.96 Mbit/s
Mon Aug  8 07:45:01 CEST 2022
Ping: 21.714 ms
Download: 246.85 Mbit/s
Upload: 20.51 Mbit/s
Mon Aug  8 08:45:01 CEST 2022
Ping: 27.743 ms
Download: 219.15 Mbit/s
Upload: 20.07 Mbit/s
Mon Aug  8 09:45:02 CEST 2022
Ping: 30.186 ms
Download: 298.96 Mbit/s
Upload: 20.12 Mbit/s
Mon Aug  8 10:45:01 CEST 2022
Ping: 28.368 ms
Download: 301.75 Mbit/s
Upload: 20.05 Mbit/s
Mon Aug  8 11:45:01 CEST 2022
Ping: 30.321 ms
Download: 298.26 Mbit/s
Upload: 19.69 Mbit/s
Mon Aug  8 12:45:01 CEST 2022
Ping: 23.221 ms
Download: 245.88 Mbit/s
Upload: 20.25 Mbit/s
Mon Aug  8 13:45:01 CEST 2022
Ping: 32.16 ms
Download: 256.60 Mbit/s
Upload: 19.90 Mbit/s
Mon Aug  8 14:45:01 CEST 2022
Ping: 32.438 ms
Download: 245.30 Mbit/s
Upload: 18.89 Mbit/s
Mon Aug  8 15:45:01 CEST 2022
Ping: 29.562 ms
Download: 246.92 Mbit/s
Upload: 19.84 Mbit/s
Mon Aug  8 16:45:01 CEST 2022
Ping: 42.419 ms
Download: 159.51 Mbit/s
Upload: 20.09 Mbit/s
Mon Aug  8 17:45:01 CEST 2022
Ping: 28.084 ms
Download: 133.58 Mbit/s
Upload: 20.41 Mbit/s
Mon Aug  8 18:45:01 CEST 2022
Mon Aug  8 19:45:01 CEST 2022
Ping: 22.256 ms
Download: 241.27 Mbit/s
Upload: 20.03 Mbit/s
Mon Aug  8 20:45:01 CEST 2022
Ping: 22.884 ms
Download: 240.39 Mbit/s
Upload: 20.21 Mbit/s
Mon Aug  8 21:45:01 CEST 2022
Ping: 29.605 ms
Download: 192.27 Mbit/s
Upload: 19.90 Mbit/s
Mon Aug  8 22:45:01 CEST 2022
Ping: 30.642 ms
Download: 224.52 Mbit/s
Upload: 19.79 Mbit/s
Mon Aug  8 23:45:02 CEST 2022
Ping: 30.825 ms
Download: 169.85 Mbit/s
Upload: 19.39 Mbit/s
Tue Aug  9 00:45:01 CEST 2022
Ping: 23.605 ms
Download: 298.01 Mbit/s
Upload: 20.04 Mbit/s
Tue Aug  9 01:45:01 CEST 2022
Ping: 32.219 ms
Download: 203.94 Mbit/s
Upload: 20.23 Mbit/s
Tue Aug  9 02:45:01 CEST 2022
Ping: 35.352 ms
Download: 165.27 Mbit/s
Upload: 19.36 Mbit/s
Tue Aug  9 03:45:01 CEST 2022
Ping: 28.644 ms
Download: 229.48 Mbit/s
Upload: 19.77 Mbit/s
Tue Aug  9 04:45:01 CEST 2022
Ping: 32.005 ms
Download: 254.77 Mbit/s
Upload: 20.09 Mbit/s
Tue Aug  9 05:45:01 CEST 2022
Tue Aug  9 06:45:01 CEST 2022
Tue Aug  9 07:45:01 CEST 2022
Tue Aug  9 08:45:01 CEST 2022
Ping: 33.317 ms
Download: 181.17 Mbit/s
Upload: 19.69 Mbit/s
Tue Aug  9 09:45:01 CEST 2022
Tue Aug  9 10:45:02 CEST 2022
Tue Aug  9 11:45:01 CEST 2022
Ping: 29.893 ms
Download: 288.62 Mbit/s
Upload: 19.91 Mbit/s
Tue Aug  9 12:45:01 CEST 2022
Ping: 23.488 ms
Download: 294.19 Mbit/s
Upload: 20.54 Mbit/s
Tue Aug  9 13:45:01 CEST 2022
Ping: 24.56 ms
Download: 255.04 Mbit/s
Upload: 20.21 Mbit/s
Tue Aug  9 14:45:01 CEST 2022
Ping: 23.094 ms
Download: 261.34 Mbit/s
Upload: 20.28 Mbit/s
Tue Aug  9 15:45:01 CEST 2022
Ping: 31.226 ms
Download: 217.97 Mbit/s
Upload: 20.11 Mbit/s
Tue Aug  9 16:45:01 CEST 2022
Ping: 26.856 ms
Download: 232.35 Mbit/s
Upload: 19.58 Mbit/s
Tue Aug  9 17:45:02 CEST 2022
Ping: 29.804 ms
Download: 239.26 Mbit/s
Upload: 20.08 Mbit/s
Tue Aug  9 18:45:01 CEST 2022
Ping: 31.001 ms
Download: 294.55 Mbit/s
Upload: 19.79 Mbit/s
Tue Aug  9 19:45:01 CEST 2022
Ping: 28.266 ms
Download: 309.24 Mbit/s
Upload: 15.02 Mbit/s
Tue Aug  9 20:45:01 CEST 2022
Tue Aug  9 21:45:01 CEST 2022
Tue Aug  9 22:45:01 CEST 2022
Ping: 24.239 ms
Download: 253.07 Mbit/s
Upload: 19.88 Mbit/s
Tue Aug  9 23:45:01 CEST 2022
Ping: 21.736 ms
Download: 217.35 Mbit/s
Upload: 20.59 Mbit/s
Wed Aug 10 00:45:01 CEST 2022
Ping: 27.826 ms
Download: 241.66 Mbit/s
Upload: 19.83 Mbit/s
Wed Aug 10 01:45:01 CEST 2022
Ping: 24.078 ms
Download: 214.17 Mbit/s
Upload: 20.65 Mbit/s
Wed Aug 10 02:45:01 CEST 2022
Ping: 24.678 ms
Download: 119.76 Mbit/s
Upload: 20.76 Mbit/s
Wed Aug 10 03:45:02 CEST 2022
Ping: 31.994 ms
Download: 248.39 Mbit/s
Upload: 19.45 Mbit/s
Wed Aug 10 04:45:01 CEST 2022
Ping: 28.992 ms
Download: 249.13 Mbit/s
Upload: 19.95 Mbit/s
Wed Aug 10 05:45:01 CEST 2022
Ping: 42.932 ms
Download: 141.82 Mbit/s
Upload: 18.50 Mbit/s
Wed Aug 10 06:45:01 CEST 2022
Ping: 44.595 ms
Download: 153.55 Mbit/s
Upload: 18.81 Mbit/s
Wed Aug 10 07:45:01 CEST 2022
Ping: 31.021 ms
Download: 219.28 Mbit/s
Upload: 20.23 Mbit/s
Wed Aug 10 08:45:01 CEST 2022
Ping: 26.327 ms
Download: 212.11 Mbit/s
Upload: 19.63 Mbit/s
Wed Aug 10 09:45:02 CEST 2022
Ping: 28.835 ms
Download: 224.07 Mbit/s
Upload: 20.15 Mbit/s
Wed Aug 10 10:45:01 CEST 2022
Ping: 30.362 ms
Download: 219.44 Mbit/s
Upload: 20.66 Mbit/s
Wed Aug 10 11:45:01 CEST 2022
Ping: 29.25 ms
Download: 213.93 Mbit/s
Upload: 19.56 Mbit/s
Wed Aug 10 12:45:01 CEST 2022
Ping: 34.473 ms
Download: 203.02 Mbit/s
Upload: 20.05 Mbit/s
Wed Aug 10 13:45:01 CEST 2022
Ping: 30.237 ms
Download: 193.35 Mbit/s
Upload: 20.40 Mbit/s
Wed Aug 10 14:45:01 CEST 2022
Ping: 30.15 ms
Download: 233.69 Mbit/s
Upload: 15.42 Mbit/s
Wed Aug 10 15:45:01 CEST 2022
Ping: 39.278 ms
Download: 179.62 Mbit/s
Upload: 19.06 Mbit/s
Wed Aug 10 16:45:01 CEST 2022
Ping: 37.497 ms
Download: 152.47 Mbit/s
Upload: 19.24 Mbit/s
Wed Aug 10 17:45:01 CEST 2022
Ping: 22.726 ms
Download: 233.15 Mbit/s
Upload: 20.61 Mbit/s
Wed Aug 10 18:45:01 CEST 2022
Ping: 29.235 ms
Download: 288.48 Mbit/s
Upload: 19.07 Mbit/s
Wed Aug 10 19:45:01 CEST 2022
Ping: 23.931 ms
Download: 200.53 Mbit/s
Upload: 19.42 Mbit/s
Wed Aug 10 20:45:01 CEST 2022
Ping: 29.11 ms
Download: 319.36 Mbit/s
Upload: 19.00 Mbit/s
Wed Aug 10 21:45:01 CEST 2022
Ping: 29.888 ms
Download: 233.56 Mbit/s
Upload: 19.62 Mbit/s
Wed Aug 10 22:45:01 CEST 2022
Ping: 29.686 ms
Download: 220.80 Mbit/s
Upload: 19.43 Mbit/s
Wed Aug 10 23:45:01 CEST 2022
Ping: 30.024 ms
Download: 229.59 Mbit/s
Upload: 19.55 Mbit/s
Thu Aug 11 00:45:02 CEST 2022
Ping: 26.028 ms
Download: 253.42 Mbit/s
Upload: 19.66 Mbit/s
Thu Aug 11 01:45:01 CEST 2022
Ping: 23.878 ms
Download: 213.57 Mbit/s
Upload: 20.34 Mbit/s
Thu Aug 11 02:45:01 CEST 2022
Ping: 29.674 ms
Download: 299.37 Mbit/s
Upload: 20.43 Mbit/s
Thu Aug 11 03:45:02 CEST 2022
Ping: 25.024 ms
Download: 176.35 Mbit/s
Upload: 20.15 Mbit/s
Thu Aug 11 04:45:01 CEST 2022
Ping: 43.052 ms
Download: 309.72 Mbit/s
Upload: 19.43 Mbit/s
Thu Aug 11 05:45:01 CEST 2022
Ping: 24.259 ms
Download: 242.86 Mbit/s
Upload: 20.08 Mbit/s
Thu Aug 11 06:45:01 CEST 2022
Ping: 44.238 ms
Download: 310.45 Mbit/s
Upload: 19.57 Mbit/s
Thu Aug 11 07:45:01 CEST 2022
Ping: 43.184 ms
Download: 318.32 Mbit/s
Upload: 19.96 Mbit/s
Thu Aug 11 08:45:01 CEST 2022
Ping: 46.409 ms
Download: 306.88 Mbit/s
Upload: 20.67 Mbit/s
Thu Aug 11 09:45:01 CEST 2022
Ping: 31.037 ms
Download: 308.13 Mbit/s
Upload: 20.05 Mbit/s
Thu Aug 11 10:45:01 CEST 2022
Ping: 42.558 ms
Download: 202.57 Mbit/s
Upload: 20.25 Mbit/s
Thu Aug 11 11:45:01 CEST 2022
Ping: 29.394 ms
Download: 316.43 Mbit/s
Upload: 7.61 Mbit/s
Thu Aug 11 12:45:01 CEST 2022
Thu Aug 11 13:45:01 CEST 2022
Thu Aug 11 14:45:01 CEST 2022
Ping: 29.287 ms
Download: 304.79 Mbit/s
Upload: 19.87 Mbit/s
Thu Aug 11 15:45:01 CEST 2022
Ping: 32.52 ms
Download: 178.10 Mbit/s
Upload: 19.72 Mbit/s
Thu Aug 11 16:45:01 CEST 2022
Ping: 25.091 ms
Download: 210.23 Mbit/s
Upload: 20.59 Mbit/s
Thu Aug 11 17:45:01 CEST 2022
Ping: 24.094 ms
Download: 241.61 Mbit/s
Upload: 20.50 Mbit/s
Thu Aug 11 18:45:01 CEST 2022
Ping: 40.739 ms
Download: 205.33 Mbit/s
Upload: 20.10 Mbit/s
Thu Aug 11 19:45:01 CEST 2022
Ping: 40.288 ms
Download: 196.00 Mbit/s
Upload: 18.93 Mbit/s
Thu Aug 11 20:45:01 CEST 2022
Ping: 39.642 ms
Download: 173.25 Mbit/s
Upload: 20.42 Mbit/s
Thu Aug 11 21:45:01 CEST 2022
Ping: 38.285 ms
Download: 135.15 Mbit/s
Upload: 19.29 Mbit/s
Thu Aug 11 22:45:01 CEST 2022
Ping: 40.263 ms
Download: 157.74 Mbit/s
Upload: 20.05 Mbit/s
Thu Aug 11 23:45:02 CEST 2022
Ping: 38.331 ms
Download: 174.22 Mbit/s
Upload: 19.60 Mbit/s
Fri Aug 12 00:45:01 CEST 2022
Ping: 23.198 ms
Download: 291.45 Mbit/s
Upload: 20.38 Mbit/s
Fri Aug 12 01:45:01 CEST 2022
Ping: 30.587 ms
Download: 212.41 Mbit/s
Upload: 20.01 Mbit/s
Fri Aug 12 02:45:01 CEST 2022
Ping: 26.815 ms
Download: 219.56 Mbit/s
Upload: 19.44 Mbit/s
Fri Aug 12 03:45:01 CEST 2022
Ping: 27.837 ms
Download: 219.09 Mbit/s
Upload: 19.76 Mbit/s
Fri Aug 12 04:45:01 CEST 2022
Ping: 30.021 ms
Download: 253.96 Mbit/s
Upload: 20.33 Mbit/s
Fri Aug 12 05:45:01 CEST 2022
Ping: 24.901 ms
Download: 258.94 Mbit/s
Upload: 20.20 Mbit/s
Fri Aug 12 06:45:01 CEST 2022
Ping: 26.039 ms
Download: 267.69 Mbit/s
Upload: 20.16 Mbit/s
Fri Aug 12 07:45:01 CEST 2022
Ping: 28.76 ms
Download: 182.85 Mbit/s
Upload: 19.94 Mbit/s
Fri Aug 12 08:45:01 CEST 2022
Ping: 30.56 ms
Download: 294.01 Mbit/s
Upload: 19.78 Mbit/s
Fri Aug 12 09:45:01 CEST 2022
Ping: 25.228 ms
Download: 223.23 Mbit/s
Upload: 20.00 Mbit/s
Fri Aug 12 10:45:01 CEST 2022
Ping: 28.398 ms
Download: 252.50 Mbit/s
Upload: 19.97 Mbit/s
Fri Aug 12 11:45:01 CEST 2022
Ping: 26.948 ms
Download: 249.05 Mbit/s
Upload: 19.64 Mbit/s
Fri Aug 12 12:45:01 CEST 2022
Ping: 21.345 ms
Download: 173.92 Mbit/s
Upload: 20.42 Mbit/s
Fri Aug 12 13:45:01 CEST 2022
Ping: 22.188 ms
Download: 252.04 Mbit/s
Upload: 20.72 Mbit/s
Fri Aug 12 14:45:01 CEST 2022
Ping: 24.428 ms
Download: 207.90 Mbit/s
Upload: 20.13 Mbit/s
Fri Aug 12 15:45:01 CEST 2022
Ping: 31.653 ms
Download: 255.65 Mbit/s
Upload: 19.31 Mbit/s
Fri Aug 12 16:45:01 CEST 2022
Ping: 32.169 ms
Download: 216.49 Mbit/s
Upload: 20.60 Mbit/s
Fri Aug 12 17:45:01 CEST 2022
Ping: 27.36 ms
Download: 189.09 Mbit/s
Upload: 19.77 Mbit/s
Fri Aug 12 18:45:01 CEST 2022
Ping: 24.714 ms
Download: 277.15 Mbit/s
Upload: 20.22 Mbit/s
Fri Aug 12 19:45:01 CEST 2022
Ping: 25.712 ms
Download: 258.73 Mbit/s
Upload: 20.01 Mbit/s
Fri Aug 12 20:45:01 CEST 2022
Ping: 29.103 ms
Download: 227.22 Mbit/s
Upload: 19.98 Mbit/s
Fri Aug 12 21:45:01 CEST 2022
Ping: 23.498 ms
Download: 189.15 Mbit/s
Upload: 20.58 Mbit/s
Fri Aug 12 22:45:02 CEST 2022
Ping: 30.316 ms
Download: 230.03 Mbit/s
Upload: 20.29 Mbit/s
Fri Aug 12 23:45:01 CEST 2022
Ping: 29.546 ms
Download: 233.37 Mbit/s
Upload: 19.82 Mbit/s
Sat Aug 13 00:45:01 CEST 2022
Ping: 21.232 ms
Download: 278.56 Mbit/s
Upload: 20.16 Mbit/s
Sat Aug 13 01:45:01 CEST 2022
Ping: 28.544 ms
Download: 202.37 Mbit/s
Upload: 19.82 Mbit/s
Sat Aug 13 02:45:02 CEST 2022
Ping: 26.374 ms
Download: 318.99 Mbit/s
Upload: 20.76 Mbit/s
Sat Aug 13 03:45:01 CEST 2022
Ping: 22.048 ms
Download: 220.65 Mbit/s
Upload: 20.66 Mbit/s
Sat Aug 13 04:45:01 CEST 2022
Ping: 22.737 ms
Download: 276.07 Mbit/s
Upload: 20.68 Mbit/s
Sat Aug 13 05:45:01 CEST 2022
Ping: 24.549 ms
Download: 255.48 Mbit/s
Upload: 20.16 Mbit/s
Sat Aug 13 06:45:01 CEST 2022
Ping: 28.473 ms
Download: 300.17 Mbit/s
Upload: 15.03 Mbit/s
Sat Aug 13 07:45:01 CEST 2022
Ping: 27.473 ms
Download: 314.48 Mbit/s
Upload: 20.01 Mbit/s
Sat Aug 13 08:45:01 CEST 2022
Ping: 30.913 ms
Download: 212.70 Mbit/s
Upload: 19.95 Mbit/s
Sat Aug 13 09:45:01 CEST 2022
Ping: 22.566 ms
Download: 191.37 Mbit/s
Upload: 20.52 Mbit/s
Sat Aug 13 10:45:01 CEST 2022
Ping: 23.066 ms
Download: 219.98 Mbit/s
Upload: 20.18 Mbit/s
Sat Aug 13 11:45:01 CEST 2022
Ping: 24.235 ms
Download: 261.19 Mbit/s
Upload: 20.05 Mbit/s
Sat Aug 13 12:45:01 CEST 2022
Ping: 23.18 ms
Download: 213.83 Mbit/s
Upload: 20.53 Mbit/s
Sat Aug 13 13:45:02 CEST 2022
Ping: 24.365 ms
Download: 321.21 Mbit/s
Upload: 20.84 Mbit/s
Sat Aug 13 14:45:01 CEST 2022
Ping: 23.744 ms
Download: 264.53 Mbit/s
Upload: 20.80 Mbit/s
Sat Aug 13 15:45:01 CEST 2022
Ping: 23.244 ms
Download: 207.00 Mbit/s
Upload: 20.20 Mbit/s
Sat Aug 13 16:45:01 CEST 2022
Ping: 28.234 ms
Download: 226.94 Mbit/s
Upload: 19.72 Mbit/s
Sat Aug 13 17:45:01 CEST 2022
Ping: 22.708 ms
Download: 275.86 Mbit/s
Upload: 20.61 Mbit/s
Sat Aug 13 18:45:01 CEST 2022
Ping: 31.876 ms
Download: 252.87 Mbit/s
Upload: 19.87 Mbit/s
Sat Aug 13 19:45:01 CEST 2022
Ping: 30.692 ms
Download: 277.95 Mbit/s
Upload: 20.11 Mbit/s
Sat Aug 13 20:45:01 CEST 2022
Ping: 28.646 ms
Download: 222.01 Mbit/s
Upload: 19.90 Mbit/s
Sat Aug 13 21:45:01 CEST 2022
Ping: 24.926 ms
Download: 208.21 Mbit/s
Upload: 19.99 Mbit/s
Sat Aug 13 22:45:01 CEST 2022
Ping: 29.394 ms
Download: 226.55 Mbit/s
Upload: 19.71 Mbit/s
Sat Aug 13 23:45:01 CEST 2022
Ping: 29.163 ms
Download: 224.37 Mbit/s
Upload: 20.38 Mbit/s
Sun Aug 14 00:45:02 CEST 2022
Ping: 30.806 ms
Download: 199.33 Mbit/s
Upload: 17.92 Mbit/s
Sun Aug 14 01:45:01 CEST 2022
Ping: 24.641 ms
Download: 179.79 Mbit/s
Upload: 20.52 Mbit/s
Sun Aug 14 02:45:01 CEST 2022
Ping: 23.467 ms
Download: 177.62 Mbit/s
Upload: 20.29 Mbit/s
Sun Aug 14 03:45:01 CEST 2022
Ping: 22.183 ms
Download: 172.29 Mbit/s
Upload: 16.76 Mbit/s
Sun Aug 14 04:45:01 CEST 2022
Ping: 30.732 ms
Download: 215.25 Mbit/s
Upload: 19.88 Mbit/s
Sun Aug 14 05:45:01 CEST 2022
Ping: 23.529 ms
Download: 127.55 Mbit/s
Upload: 20.49 Mbit/s
Sun Aug 14 06:45:01 CEST 2022
Ping: 29.863 ms
Download: 180.80 Mbit/s
Upload: 20.13 Mbit/s
Sun Aug 14 07:45:01 CEST 2022
Ping: 25.878 ms
Download: 211.65 Mbit/s
Upload: 20.09 Mbit/s
Sun Aug 14 08:45:01 CEST 2022
Ping: 28.685 ms
Download: 278.51 Mbit/s
Upload: 19.50 Mbit/s
Sun Aug 14 09:45:01 CEST 2022
Ping: 27.503 ms
Download: 305.95 Mbit/s
Upload: 20.16 Mbit/s
Sun Aug 14 10:45:01 CEST 2022
Ping: 23.145 ms
Download: 273.96 Mbit/s
Upload: 15.56 Mbit/s
Sun Aug 14 11:45:01 CEST 2022
Ping: 23.254 ms
Download: 305.62 Mbit/s
Upload: 14.81 Mbit/s
Sun Aug 14 12:45:01 CEST 2022
Ping: 25.254 ms
Download: 276.12 Mbit/s
Upload: 19.97 Mbit/s
Sun Aug 14 13:45:01 CEST 2022
Ping: 24.907 ms
Download: 262.93 Mbit/s
Upload: 20.07 Mbit/s
