Wed Jun  1 00:45:01 CEST 2022
Ping: 32.285 ms
Download: 214.12 Mbit/s
Upload: 18.87 Mbit/s
Wed Jun  1 01:45:01 CEST 2022
Ping: 31.156 ms
Download: 207.94 Mbit/s
Upload: 18.27 Mbit/s
Wed Jun  1 02:45:01 CEST 2022
Ping: 33.627 ms
Download: 196.54 Mbit/s
Upload: 19.23 Mbit/s
Wed Jun  1 03:45:01 CEST 2022
Ping: 25.163 ms
Download: 132.00 Mbit/s
Upload: 19.62 Mbit/s
Wed Jun  1 04:45:01 CEST 2022
Ping: 25.816 ms
Download: 216.90 Mbit/s
Upload: 19.71 Mbit/s
Wed Jun  1 05:45:01 CEST 2022
Ping: 24.335 ms
Download: 186.48 Mbit/s
Upload: 19.78 Mbit/s
Wed Jun  1 06:45:01 CEST 2022
Ping: 22.505 ms
Download: 304.36 Mbit/s
Upload: 19.60 Mbit/s
Wed Jun  1 07:45:01 CEST 2022
Ping: 22.249 ms
Download: 287.07 Mbit/s
Upload: 15.40 Mbit/s
Wed Jun  1 08:45:01 CEST 2022
Ping: 19.143 ms
Download: 220.05 Mbit/s
Upload: 14.08 Mbit/s
Wed Jun  1 09:45:01 CEST 2022
Ping: 30.679 ms
Download: 177.09 Mbit/s
Upload: 19.53 Mbit/s
Wed Jun  1 10:45:01 CEST 2022
Ping: 29.325 ms
Download: 248.14 Mbit/s
Upload: 19.05 Mbit/s
Wed Jun  1 11:45:01 CEST 2022
Ping: 28.804 ms
Download: 265.17 Mbit/s
Upload: 19.46 Mbit/s
Wed Jun  1 12:45:01 CEST 2022
Ping: 32.036 ms
Download: 189.76 Mbit/s
Upload: 19.49 Mbit/s
Wed Jun  1 13:45:01 CEST 2022
Ping: 31.849 ms
Download: 191.27 Mbit/s
Upload: 19.29 Mbit/s
Wed Jun  1 14:45:01 CEST 2022
Ping: 32.656 ms
Download: 157.01 Mbit/s
Upload: 19.38 Mbit/s
Wed Jun  1 15:45:01 CEST 2022
Ping: 23.139 ms
Download: 204.74 Mbit/s
Upload: 19.54 Mbit/s
Wed Jun  1 16:45:01 CEST 2022
Ping: 22.665 ms
Download: 196.84 Mbit/s
Upload: 19.51 Mbit/s
Wed Jun  1 17:45:01 CEST 2022
Ping: 22.66 ms
Download: 208.63 Mbit/s
Upload: 18.96 Mbit/s
Wed Jun  1 18:45:01 CEST 2022
Ping: 25.02 ms
Download: 291.53 Mbit/s
Upload: 19.77 Mbit/s
Wed Jun  1 19:45:01 CEST 2022
Ping: 26.019 ms
Download: 226.72 Mbit/s
Upload: 19.67 Mbit/s
Wed Jun  1 20:45:01 CEST 2022
Ping: 24.694 ms
Download: 245.67 Mbit/s
Upload: 19.62 Mbit/s
Wed Jun  1 21:45:01 CEST 2022
Ping: 24.464 ms
Download: 254.69 Mbit/s
Upload: 19.88 Mbit/s
Wed Jun  1 22:45:01 CEST 2022
Ping: 24.505 ms
Download: 267.67 Mbit/s
Upload: 19.67 Mbit/s
Wed Jun  1 23:45:01 CEST 2022
Ping: 20.748 ms
Download: 207.78 Mbit/s
Upload: 20.00 Mbit/s
Thu Jun  2 00:45:01 CEST 2022
Ping: 25.795 ms
Download: 235.79 Mbit/s
Upload: 19.65 Mbit/s
Thu Jun  2 01:45:01 CEST 2022
Ping: 26.655 ms
Download: 231.38 Mbit/s
Upload: 19.48 Mbit/s
Thu Jun  2 02:45:01 CEST 2022
Ping: 25.452 ms
Download: 226.91 Mbit/s
Upload: 19.45 Mbit/s
Thu Jun  2 03:45:01 CEST 2022
Ping: 21.738 ms
Download: 122.48 Mbit/s
Upload: 19.76 Mbit/s
Thu Jun  2 04:45:01 CEST 2022
Ping: 23.315 ms
Download: 85.36 Mbit/s
Upload: 19.65 Mbit/s
Thu Jun  2 05:45:01 CEST 2022
Ping: 24.187 ms
Download: 84.50 Mbit/s
Upload: 19.41 Mbit/s
Thu Jun  2 06:45:01 CEST 2022
Ping: 27.866 ms
Download: 281.98 Mbit/s
Upload: 19.50 Mbit/s
Thu Jun  2 07:45:01 CEST 2022
Ping: 24.523 ms
Download: 240.92 Mbit/s
Upload: 19.41 Mbit/s
Thu Jun  2 08:45:01 CEST 2022
Ping: 24.238 ms
Download: 281.24 Mbit/s
Upload: 19.53 Mbit/s
Thu Jun  2 09:45:01 CEST 2022
Ping: 22.584 ms
Download: 255.29 Mbit/s
Upload: 19.80 Mbit/s
Thu Jun  2 10:45:01 CEST 2022
Ping: 21.396 ms
Download: 275.43 Mbit/s
Upload: 17.11 Mbit/s
Thu Jun  2 11:45:01 CEST 2022
Ping: 23.226 ms
Download: 302.07 Mbit/s
Upload: 19.14 Mbit/s
Thu Jun  2 12:45:01 CEST 2022
Ping: 23.769 ms
Download: 102.98 Mbit/s
Upload: 19.43 Mbit/s
Thu Jun  2 13:45:01 CEST 2022
Ping: 23.94 ms
Download: 64.56 Mbit/s
Upload: 18.94 Mbit/s
Thu Jun  2 14:45:01 CEST 2022
Ping: 25.58 ms
Download: 56.53 Mbit/s
Upload: 19.21 Mbit/s
Thu Jun  2 15:45:01 CEST 2022
Ping: 28.521 ms
Download: 252.28 Mbit/s
Upload: 18.83 Mbit/s
Thu Jun  2 16:45:02 CEST 2022
Ping: 24.549 ms
Download: 220.10 Mbit/s
Upload: 19.21 Mbit/s
Thu Jun  2 17:45:01 CEST 2022
Ping: 25.923 ms
Download: 76.41 Mbit/s
Upload: 18.87 Mbit/s
Thu Jun  2 18:45:01 CEST 2022
Ping: 23.716 ms
Download: 304.01 Mbit/s
Upload: 19.39 Mbit/s
Thu Jun  2 19:45:01 CEST 2022
Ping: 22.061 ms
Download: 331.00 Mbit/s
Upload: 19.73 Mbit/s
Thu Jun  2 20:45:01 CEST 2022
Ping: 25.494 ms
Download: 303.55 Mbit/s
Upload: 19.46 Mbit/s
Thu Jun  2 21:45:01 CEST 2022
Ping: 23.492 ms
Download: 202.67 Mbit/s
Upload: 19.63 Mbit/s
Thu Jun  2 22:45:01 CEST 2022
Ping: 25.737 ms
Download: 244.40 Mbit/s
Upload: 19.71 Mbit/s
Thu Jun  2 23:45:01 CEST 2022
Ping: 25.087 ms
Download: 209.17 Mbit/s
Upload: 19.54 Mbit/s
Fri Jun  3 00:45:02 CEST 2022
Ping: 25.174 ms
Download: 275.79 Mbit/s
Upload: 19.02 Mbit/s
Fri Jun  3 01:45:01 CEST 2022
Ping: 26.009 ms
Download: 237.30 Mbit/s
Upload: 19.19 Mbit/s
Fri Jun  3 02:45:01 CEST 2022
Ping: 28.497 ms
Download: 301.07 Mbit/s
Upload: 19.20 Mbit/s
Fri Jun  3 03:45:01 CEST 2022
Ping: 28.625 ms
Download: 237.88 Mbit/s
Upload: 19.46 Mbit/s
Fri Jun  3 04:45:01 CEST 2022
Ping: 23.104 ms
Download: 293.09 Mbit/s
Upload: 19.40 Mbit/s
Fri Jun  3 05:45:01 CEST 2022
Ping: 21.876 ms
Download: 258.37 Mbit/s
Upload: 19.46 Mbit/s
Fri Jun  3 06:45:01 CEST 2022
Ping: 22.648 ms
Download: 266.68 Mbit/s
Upload: 19.55 Mbit/s
Fri Jun  3 07:45:01 CEST 2022
Ping: 25.214 ms
Download: 320.76 Mbit/s
Upload: 19.57 Mbit/s
Fri Jun  3 08:45:01 CEST 2022
Ping: 24.041 ms
Download: 312.99 Mbit/s
Upload: 19.78 Mbit/s
Fri Jun  3 09:45:01 CEST 2022
Ping: 24.555 ms
Download: 292.92 Mbit/s
Upload: 19.57 Mbit/s
Fri Jun  3 10:45:01 CEST 2022
Ping: 23.22 ms
Download: 222.28 Mbit/s
Upload: 19.75 Mbit/s
Fri Jun  3 11:45:01 CEST 2022
Ping: 23.327 ms
Download: 230.70 Mbit/s
Upload: 19.58 Mbit/s
Fri Jun  3 12:45:01 CEST 2022
Ping: 20.902 ms
Download: 252.85 Mbit/s
Upload: 19.75 Mbit/s
Fri Jun  3 13:45:01 CEST 2022
Ping: 22.907 ms
Download: 302.32 Mbit/s
Upload: 19.45 Mbit/s
Fri Jun  3 14:45:01 CEST 2022
Ping: 24.541 ms
Download: 322.87 Mbit/s
Upload: 19.82 Mbit/s
Fri Jun  3 15:45:02 CEST 2022
Ping: 21.255 ms
Download: 325.62 Mbit/s
Upload: 19.50 Mbit/s
Fri Jun  3 16:45:01 CEST 2022
Ping: 27.845 ms
Download: 156.68 Mbit/s
Upload: 19.57 Mbit/s
Fri Jun  3 17:45:01 CEST 2022
Ping: 28.112 ms
Download: 204.84 Mbit/s
Upload: 19.32 Mbit/s
Fri Jun  3 18:45:01 CEST 2022
Ping: 26.229 ms
Download: 312.03 Mbit/s
Upload: 19.23 Mbit/s
Fri Jun  3 19:45:01 CEST 2022
Ping: 29.216 ms
Download: 347.35 Mbit/s
Upload: 18.79 Mbit/s
Fri Jun  3 20:45:01 CEST 2022
Ping: 30.158 ms
Download: 359.64 Mbit/s
Upload: 19.00 Mbit/s
Fri Jun  3 21:45:01 CEST 2022
Ping: 32.181 ms
Download: 361.63 Mbit/s
Upload: 19.53 Mbit/s
Fri Jun  3 22:45:01 CEST 2022
Ping: 29.955 ms
Download: 238.83 Mbit/s
Upload: 19.37 Mbit/s
Fri Jun  3 23:45:01 CEST 2022
Ping: 28.872 ms
Download: 166.54 Mbit/s
Upload: 19.53 Mbit/s
Sat Jun  4 00:45:01 CEST 2022
Ping: 28.353 ms
Download: 242.38 Mbit/s
Upload: 19.09 Mbit/s
Sat Jun  4 01:45:01 CEST 2022
Ping: 28.853 ms
Download: 252.12 Mbit/s
Upload: 19.11 Mbit/s
Sat Jun  4 02:45:01 CEST 2022
Ping: 29.297 ms
Download: 224.59 Mbit/s
Upload: 19.44 Mbit/s
Sat Jun  4 03:45:01 CEST 2022
Ping: 33.98 ms
Download: 200.83 Mbit/s
Upload: 18.70 Mbit/s
Sat Jun  4 04:45:01 CEST 2022
Ping: 25.02 ms
Download: 270.38 Mbit/s
Upload: 19.54 Mbit/s
Sat Jun  4 05:45:01 CEST 2022
Ping: 23.371 ms
Download: 246.04 Mbit/s
Upload: 19.81 Mbit/s
Sat Jun  4 06:45:01 CEST 2022
Ping: 23.983 ms
Download: 230.60 Mbit/s
Upload: 19.38 Mbit/s
Sat Jun  4 07:45:01 CEST 2022
Ping: 23.603 ms
Download: 49.63 Mbit/s
Upload: 19.00 Mbit/s
Sat Jun  4 08:45:01 CEST 2022
Ping: 24.135 ms
Download: 258.13 Mbit/s
Upload: 19.63 Mbit/s
Sat Jun  4 09:45:01 CEST 2022
Ping: 23.145 ms
Download: 256.46 Mbit/s
Upload: 19.79 Mbit/s
Sat Jun  4 10:45:01 CEST 2022
Ping: 22.558 ms
Download: 263.03 Mbit/s
Upload: 19.32 Mbit/s
Sat Jun  4 11:45:01 CEST 2022
Ping: 24.021 ms
Download: 258.17 Mbit/s
Upload: 19.56 Mbit/s
Sat Jun  4 12:45:02 CEST 2022
Ping: 22.412 ms
Download: 303.47 Mbit/s
Upload: 19.75 Mbit/s
Sat Jun  4 13:45:01 CEST 2022
Ping: 20.039 ms
Download: 350.20 Mbit/s
Upload: 19.42 Mbit/s
Sat Jun  4 14:45:01 CEST 2022
Ping: 23.962 ms
Download: 329.20 Mbit/s
Upload: 19.57 Mbit/s
Sat Jun  4 15:45:01 CEST 2022
Ping: 22.517 ms
Download: 261.75 Mbit/s
Upload: 19.39 Mbit/s
Sat Jun  4 16:45:01 CEST 2022
Ping: 22.033 ms
Download: 319.61 Mbit/s
Upload: 19.60 Mbit/s
Sat Jun  4 17:45:02 CEST 2022
Ping: 21.851 ms
Download: 330.96 Mbit/s
Upload: 19.64 Mbit/s
Sat Jun  4 18:45:01 CEST 2022
Ping: 23.312 ms
Download: 213.33 Mbit/s
Upload: 16.88 Mbit/s
Sat Jun  4 19:45:01 CEST 2022
Ping: 23.234 ms
Download: 269.20 Mbit/s
Upload: 19.71 Mbit/s
Sat Jun  4 20:45:01 CEST 2022
Ping: 21.56 ms
Download: 277.22 Mbit/s
Upload: 19.79 Mbit/s
Sat Jun  4 21:45:01 CEST 2022
Ping: 23.553 ms
Download: 268.06 Mbit/s
Upload: 19.44 Mbit/s
Sat Jun  4 22:45:01 CEST 2022
Ping: 28.184 ms
Download: 262.69 Mbit/s
Upload: 19.41 Mbit/s
Sat Jun  4 23:45:01 CEST 2022
Ping: 28.498 ms
Download: 272.27 Mbit/s
Upload: 19.65 Mbit/s
Sun Jun  5 00:45:01 CEST 2022
Ping: 28.064 ms
Download: 247.99 Mbit/s
Upload: 18.64 Mbit/s
Sun Jun  5 01:45:01 CEST 2022
Ping: 25.323 ms
Download: 251.56 Mbit/s
Upload: 19.27 Mbit/s
Sun Jun  5 02:45:02 CEST 2022
Ping: 23.304 ms
Download: 253.42 Mbit/s
Upload: 19.79 Mbit/s
Sun Jun  5 03:45:01 CEST 2022
Ping: 23.757 ms
Download: 187.46 Mbit/s
Upload: 19.29 Mbit/s
Sun Jun  5 04:45:01 CEST 2022
Ping: 23.686 ms
Download: 54.23 Mbit/s
Upload: 19.08 Mbit/s
Sun Jun  5 05:45:01 CEST 2022
Ping: 22.391 ms
Download: 96.09 Mbit/s
Upload: 19.30 Mbit/s
Sun Jun  5 06:45:02 CEST 2022
Ping: 23.226 ms
Download: 126.20 Mbit/s
Upload: 19.50 Mbit/s
Sun Jun  5 07:45:01 CEST 2022
Ping: 29.827 ms
Download: 198.82 Mbit/s
Upload: 18.99 Mbit/s
Sun Jun  5 08:45:01 CEST 2022
Ping: 27.673 ms
Download: 199.36 Mbit/s
Upload: 19.19 Mbit/s
Sun Jun  5 09:45:01 CEST 2022
Ping: 32.337 ms
Download: 191.82 Mbit/s
Upload: 19.34 Mbit/s
Sun Jun  5 10:45:01 CEST 2022
Ping: 23.051 ms
Download: 304.50 Mbit/s
Upload: 19.75 Mbit/s
Sun Jun  5 11:45:01 CEST 2022
Ping: 23.992 ms
Download: 244.63 Mbit/s
Upload: 19.13 Mbit/s
Sun Jun  5 12:45:02 CEST 2022
Ping: 22.909 ms
Download: 260.07 Mbit/s
Upload: 19.82 Mbit/s
Sun Jun  5 13:45:01 CEST 2022
Ping: 23.886 ms
Download: 189.06 Mbit/s
Upload: 14.38 Mbit/s
Sun Jun  5 14:45:01 CEST 2022
Ping: 23.209 ms
Download: 158.86 Mbit/s
Upload: 14.94 Mbit/s
Sun Jun  5 15:45:02 CEST 2022
Ping: 24.734 ms
Download: 183.42 Mbit/s
Upload: 14.02 Mbit/s
Sun Jun  5 16:45:01 CEST 2022
Ping: 23.859 ms
Download: 252.43 Mbit/s
Upload: 19.62 Mbit/s
Sun Jun  5 17:45:01 CEST 2022
Ping: 24.2 ms
Download: 187.27 Mbit/s
Upload: 18.97 Mbit/s
Sun Jun  5 18:45:01 CEST 2022
Ping: 25.333 ms
Download: 229.85 Mbit/s
Upload: 19.72 Mbit/s
Sun Jun  5 19:45:01 CEST 2022
Ping: 22.665 ms
Download: 209.53 Mbit/s
Upload: 18.74 Mbit/s
Sun Jun  5 20:45:01 CEST 2022
Ping: 25.138 ms
Download: 190.15 Mbit/s
Upload: 19.49 Mbit/s
Sun Jun  5 21:45:02 CEST 2022
Ping: 21.579 ms
Download: 202.40 Mbit/s
Upload: 19.33 Mbit/s
Sun Jun  5 22:45:01 CEST 2022
Ping: 23.869 ms
Download: 253.69 Mbit/s
Upload: 19.81 Mbit/s
Sun Jun  5 23:45:01 CEST 2022
Ping: 25.144 ms
Download: 230.91 Mbit/s
Upload: 19.47 Mbit/s
Mon Jun  6 00:45:01 CEST 2022
Ping: 24.578 ms
Download: 84.88 Mbit/s
Upload: 19.51 Mbit/s
Mon Jun  6 01:45:01 CEST 2022
Ping: 24.481 ms
Download: 127.55 Mbit/s
Upload: 19.57 Mbit/s
Mon Jun  6 02:45:01 CEST 2022
Ping: 28.651 ms
Download: 170.80 Mbit/s
Upload: 19.43 Mbit/s
Mon Jun  6 03:45:01 CEST 2022
Ping: 29.186 ms
Download: 216.51 Mbit/s
Upload: 19.59 Mbit/s
Mon Jun  6 04:45:01 CEST 2022
Ping: 29.617 ms
Download: 235.91 Mbit/s
Upload: 19.57 Mbit/s
Mon Jun  6 05:45:02 CEST 2022
Ping: 31.42 ms
Download: 231.40 Mbit/s
Upload: 19.27 Mbit/s
Mon Jun  6 06:45:01 CEST 2022
Ping: 33.697 ms
Download: 196.12 Mbit/s
Upload: 18.74 Mbit/s
Mon Jun  6 07:45:01 CEST 2022
Ping: 29.101 ms
Download: 219.09 Mbit/s
Upload: 19.60 Mbit/s
Mon Jun  6 08:45:01 CEST 2022
Ping: 24.004 ms
Download: 246.32 Mbit/s
Upload: 19.33 Mbit/s
Mon Jun  6 09:45:01 CEST 2022
Ping: 24.239 ms
Download: 222.71 Mbit/s
Upload: 19.82 Mbit/s
Mon Jun  6 10:45:01 CEST 2022
Ping: 25.11 ms
Download: 215.27 Mbit/s
Upload: 19.64 Mbit/s
Mon Jun  6 11:45:01 CEST 2022
Ping: 25.508 ms
Download: 167.16 Mbit/s
Upload: 19.54 Mbit/s
Mon Jun  6 12:45:01 CEST 2022
Ping: 24.16 ms
Download: 150.76 Mbit/s
Upload: 19.45 Mbit/s
Mon Jun  6 13:45:01 CEST 2022
Ping: 25.357 ms
Download: 148.54 Mbit/s
Upload: 19.06 Mbit/s
Mon Jun  6 14:45:01 CEST 2022
Ping: 20.842 ms
Download: 239.70 Mbit/s
Upload: 19.66 Mbit/s
Mon Jun  6 15:45:01 CEST 2022
Ping: 23.35 ms
Download: 217.60 Mbit/s
Upload: 19.17 Mbit/s
Mon Jun  6 16:45:01 CEST 2022
Ping: 23.233 ms
Download: 233.38 Mbit/s
Upload: 19.48 Mbit/s
Mon Jun  6 17:45:01 CEST 2022
Ping: 24.205 ms
Download: 187.11 Mbit/s
Upload: 19.90 Mbit/s
Mon Jun  6 18:45:01 CEST 2022
Ping: 23.99 ms
Download: 230.31 Mbit/s
Upload: 19.68 Mbit/s
Mon Jun  6 19:45:01 CEST 2022
Ping: 22.711 ms
Download: 253.40 Mbit/s
Upload: 12.41 Mbit/s
Mon Jun  6 20:45:01 CEST 2022
Ping: 22.658 ms
Download: 199.83 Mbit/s
Upload: 19.34 Mbit/s
Mon Jun  6 21:45:01 CEST 2022
Ping: 24.134 ms
Download: 200.87 Mbit/s
Upload: 19.58 Mbit/s
Mon Jun  6 22:45:01 CEST 2022
Ping: 22.735 ms
Download: 201.22 Mbit/s
Upload: 19.85 Mbit/s
Mon Jun  6 23:45:01 CEST 2022
Ping: 27.957 ms
Download: 228.22 Mbit/s
Upload: 19.21 Mbit/s
Tue Jun  7 00:45:01 CEST 2022
Ping: 26.833 ms
Download: 234.34 Mbit/s
Upload: 19.45 Mbit/s
Tue Jun  7 01:45:01 CEST 2022
Ping: 25.513 ms
Download: 260.25 Mbit/s
Upload: 19.70 Mbit/s
Tue Jun  7 02:45:01 CEST 2022
Ping: 26.124 ms
Download: 216.81 Mbit/s
Upload: 19.26 Mbit/s
Tue Jun  7 03:45:02 CEST 2022
Ping: 24.202 ms
Download: 226.59 Mbit/s
Upload: 18.84 Mbit/s
Tue Jun  7 04:45:02 CEST 2022
Ping: 25.915 ms
Download: 228.51 Mbit/s
Upload: 19.26 Mbit/s
Tue Jun  7 05:45:01 CEST 2022
Ping: 22.766 ms
Download: 99.57 Mbit/s
Upload: 19.72 Mbit/s
Tue Jun  7 06:45:01 CEST 2022
Ping: 25.022 ms
Download: 203.47 Mbit/s
Upload: 19.47 Mbit/s
Tue Jun  7 07:45:02 CEST 2022
Ping: 22.586 ms
Download: 247.67 Mbit/s
Upload: 19.50 Mbit/s
Tue Jun  7 08:45:01 CEST 2022
Ping: 26.025 ms
Download: 214.33 Mbit/s
Upload: 18.91 Mbit/s
Tue Jun  7 09:45:01 CEST 2022
Ping: 27.653 ms
Download: 90.18 Mbit/s
Upload: 19.28 Mbit/s
Tue Jun  7 10:45:01 CEST 2022
Ping: 21.988 ms
Download: 53.64 Mbit/s
Upload: 19.34 Mbit/s
Tue Jun  7 11:45:01 CEST 2022
Ping: 22.618 ms
Download: 231.90 Mbit/s
Upload: 19.45 Mbit/s
Tue Jun  7 12:45:01 CEST 2022
Ping: 23.98 ms
Download: 201.27 Mbit/s
Upload: 13.05 Mbit/s
Tue Jun  7 13:45:01 CEST 2022
Ping: 23.333 ms
Download: 246.12 Mbit/s
Upload: 19.60 Mbit/s
Tue Jun  7 14:45:02 CEST 2022
Ping: 23.271 ms
Download: 179.47 Mbit/s
Upload: 19.23 Mbit/s
Tue Jun  7 15:45:01 CEST 2022
Ping: 22.977 ms
Download: 177.11 Mbit/s
Upload: 19.73 Mbit/s
Tue Jun  7 16:45:01 CEST 2022
Ping: 26.768 ms
Download: 210.22 Mbit/s
Upload: 19.25 Mbit/s
Tue Jun  7 17:45:01 CEST 2022
Ping: 26.336 ms
Download: 205.63 Mbit/s
Upload: 19.63 Mbit/s
Tue Jun  7 18:45:01 CEST 2022
Ping: 24.673 ms
Download: 108.71 Mbit/s
Upload: 19.01 Mbit/s
Tue Jun  7 19:45:01 CEST 2022
Ping: 24.337 ms
Download: 73.65 Mbit/s
Upload: 17.82 Mbit/s
Tue Jun  7 20:45:01 CEST 2022
Ping: 23.888 ms
Download: 30.78 Mbit/s
Upload: 18.85 Mbit/s
Tue Jun  7 21:45:01 CEST 2022
Ping: 31.856 ms
Download: 121.24 Mbit/s
Upload: 19.62 Mbit/s
Tue Jun  7 22:45:01 CEST 2022
Ping: 29.807 ms
Download: 238.54 Mbit/s
Upload: 18.50 Mbit/s
Tue Jun  7 23:45:01 CEST 2022
Ping: 30.986 ms
Download: 252.59 Mbit/s
Upload: 19.23 Mbit/s
Wed Jun  8 00:45:01 CEST 2022
Ping: 29.753 ms
Download: 219.66 Mbit/s
Upload: 19.25 Mbit/s
Wed Jun  8 01:45:01 CEST 2022
Ping: 24.341 ms
Download: 227.39 Mbit/s
Upload: 19.48 Mbit/s
Wed Jun  8 02:45:01 CEST 2022
Ping: 23.065 ms
Download: 223.54 Mbit/s
Upload: 19.78 Mbit/s
Wed Jun  8 03:45:01 CEST 2022
Ping: 23.371 ms
Download: 251.38 Mbit/s
Upload: 19.00 Mbit/s
Wed Jun  8 04:45:01 CEST 2022
Ping: 22.015 ms
Download: 229.84 Mbit/s
Upload: 19.38 Mbit/s
Wed Jun  8 05:45:01 CEST 2022
Ping: 23.365 ms
Download: 239.61 Mbit/s
Upload: 19.43 Mbit/s
Wed Jun  8 06:45:01 CEST 2022
Ping: 20.75 ms
Download: 236.00 Mbit/s
Upload: 19.70 Mbit/s
Wed Jun  8 07:45:01 CEST 2022
Ping: 24.054 ms
Download: 171.64 Mbit/s
Upload: 15.36 Mbit/s
Wed Jun  8 08:45:01 CEST 2022
Ping: 23.829 ms
Download: 181.94 Mbit/s
Upload: 15.90 Mbit/s
Wed Jun  8 09:45:01 CEST 2022
Ping: 26.088 ms
Download: 235.32 Mbit/s
Upload: 19.21 Mbit/s
Wed Jun  8 10:45:01 CEST 2022
Ping: 23.1 ms
Download: 238.56 Mbit/s
Upload: 19.34 Mbit/s
Wed Jun  8 11:45:01 CEST 2022
Ping: 22.361 ms
Download: 267.13 Mbit/s
Upload: 19.39 Mbit/s
Wed Jun  8 12:45:01 CEST 2022
Ping: 25.346 ms
Download: 262.87 Mbit/s
Upload: 19.37 Mbit/s
Wed Jun  8 13:45:01 CEST 2022
Ping: 23.672 ms
Download: 260.51 Mbit/s
Upload: 19.56 Mbit/s
Wed Jun  8 14:45:01 CEST 2022
Ping: 23.431 ms
Download: 231.73 Mbit/s
Upload: 19.58 Mbit/s
Wed Jun  8 15:45:01 CEST 2022
Ping: 24.124 ms
Download: 193.65 Mbit/s
Upload: 19.11 Mbit/s
Wed Jun  8 16:45:01 CEST 2022
Ping: 25.92 ms
Download: 229.36 Mbit/s
Upload: 18.73 Mbit/s
Wed Jun  8 17:45:01 CEST 2022
Ping: 24.318 ms
Download: 242.05 Mbit/s
Upload: 19.19 Mbit/s
Wed Jun  8 18:45:01 CEST 2022
Ping: 25.96 ms
Download: 223.13 Mbit/s
Upload: 18.97 Mbit/s
Wed Jun  8 19:45:01 CEST 2022
Ping: 22.849 ms
Download: 288.37 Mbit/s
Upload: 11.91 Mbit/s
Wed Jun  8 21:45:01 CEST 2022
Ping: 24.204 ms
Download: 355.29 Mbit/s
Upload: 18.22 Mbit/s
Wed Jun  8 22:45:01 CEST 2022
Ping: 28.633 ms
Download: 212.21 Mbit/s
Upload: 19.19 Mbit/s
Wed Jun  8 23:45:01 CEST 2022
Ping: 25.576 ms
Download: 239.92 Mbit/s
Upload: 11.73 Mbit/s
Thu Jun  9 00:45:01 CEST 2022
Ping: 26.735 ms
Download: 211.41 Mbit/s
Upload: 19.73 Mbit/s
Thu Jun  9 01:45:01 CEST 2022
Ping: 24.221 ms
Download: 58.22 Mbit/s
Upload: 19.66 Mbit/s
Thu Jun  9 02:45:01 CEST 2022
Ping: 25.037 ms
Download: 128.51 Mbit/s
Upload: 19.48 Mbit/s
Thu Jun  9 03:45:01 CEST 2022
Ping: 24.029 ms
Download: 91.49 Mbit/s
Upload: 18.96 Mbit/s
Thu Jun  9 04:45:01 CEST 2022
Ping: 24.493 ms
Download: 87.70 Mbit/s
Upload: 18.92 Mbit/s
Thu Jun  9 05:45:01 CEST 2022
Ping: 22.41 ms
Download: 322.68 Mbit/s
Upload: 19.39 Mbit/s
Thu Jun  9 06:45:01 CEST 2022
Ping: 22.365 ms
Download: 326.43 Mbit/s
Upload: 19.80 Mbit/s
Thu Jun  9 07:45:01 CEST 2022
Ping: 21.075 ms
Download: 223.20 Mbit/s
Upload: 19.47 Mbit/s
Thu Jun  9 08:45:01 CEST 2022
Ping: 21.579 ms
Download: 179.57 Mbit/s
Upload: 19.61 Mbit/s
Thu Jun  9 09:45:01 CEST 2022
Ping: 21.615 ms
Download: 223.34 Mbit/s
Upload: 19.86 Mbit/s
Thu Jun  9 10:45:01 CEST 2022
Ping: 22.563 ms
Download: 198.79 Mbit/s
Upload: 19.80 Mbit/s
Thu Jun  9 11:45:01 CEST 2022
Ping: 22.537 ms
Download: 245.43 Mbit/s
Upload: 14.18 Mbit/s
Thu Jun  9 12:45:01 CEST 2022
Ping: 19.051 ms
Download: 285.27 Mbit/s
Upload: 15.89 Mbit/s
Thu Jun  9 13:45:02 CEST 2022
Ping: 23.328 ms
Download: 296.88 Mbit/s
Upload: 19.68 Mbit/s
Thu Jun  9 14:45:01 CEST 2022
Ping: 23.22 ms
Download: 181.35 Mbit/s
Upload: 14.49 Mbit/s
Thu Jun  9 15:45:01 CEST 2022
Ping: 22.677 ms
Download: 188.89 Mbit/s
Upload: 15.36 Mbit/s
Thu Jun  9 16:45:01 CEST 2022
Ping: 22.563 ms
Download: 182.54 Mbit/s
Upload: 16.45 Mbit/s
Thu Jun  9 17:45:01 CEST 2022
Ping: 25.292 ms
Download: 296.62 Mbit/s
Upload: 19.11 Mbit/s
Thu Jun  9 18:45:01 CEST 2022
Ping: 24.21 ms
Download: 167.74 Mbit/s
Upload: 19.22 Mbit/s
Thu Jun  9 19:45:01 CEST 2022
Ping: 24.346 ms
Download: 270.50 Mbit/s
Upload: 19.41 Mbit/s
Thu Jun  9 20:45:01 CEST 2022
Ping: 29.522 ms
Download: 200.46 Mbit/s
Upload: 19.10 Mbit/s
Thu Jun  9 21:45:01 CEST 2022
Ping: 29.41 ms
Download: 246.77 Mbit/s
Upload: 19.45 Mbit/s
Thu Jun  9 22:45:01 CEST 2022
Ping: 31.293 ms
Download: 214.77 Mbit/s
Upload: 19.45 Mbit/s
Thu Jun  9 23:45:01 CEST 2022
Ping: 30.71 ms
Download: 272.46 Mbit/s
Upload: 19.58 Mbit/s
Fri Jun 10 00:45:01 CEST 2022
Ping: 30.973 ms
Download: 329.07 Mbit/s
Upload: 19.31 Mbit/s
Fri Jun 10 01:45:01 CEST 2022
Ping: 29.32 ms
Download: 238.83 Mbit/s
Upload: 18.87 Mbit/s
Fri Jun 10 02:45:01 CEST 2022
Ping: 22.463 ms
Download: 222.91 Mbit/s
Upload: 14.88 Mbit/s
Fri Jun 10 03:45:02 CEST 2022
Ping: 20.659 ms
Download: 309.03 Mbit/s
Upload: 16.60 Mbit/s
Fri Jun 10 04:45:01 CEST 2022
Ping: 24.794 ms
Download: 289.62 Mbit/s
Upload: 15.32 Mbit/s
Fri Jun 10 05:45:01 CEST 2022
Ping: 24.484 ms
Download: 173.17 Mbit/s
Upload: 19.27 Mbit/s
Fri Jun 10 06:45:01 CEST 2022
Ping: 23.169 ms
Download: 283.18 Mbit/s
Upload: 19.92 Mbit/s
Fri Jun 10 07:45:01 CEST 2022
Ping: 24.288 ms
Download: 79.13 Mbit/s
Upload: 19.50 Mbit/s
Fri Jun 10 08:45:02 CEST 2022
Ping: 26.383 ms
Download: 204.54 Mbit/s
Upload: 19.46 Mbit/s
Fri Jun 10 09:45:01 CEST 2022
Ping: 24.421 ms
Download: 220.15 Mbit/s
Upload: 19.30 Mbit/s
Fri Jun 10 10:45:01 CEST 2022
Ping: 23.73 ms
Download: 269.02 Mbit/s
Upload: 19.32 Mbit/s
Fri Jun 10 11:45:02 CEST 2022
Ping: 24.354 ms
Download: 220.51 Mbit/s
Upload: 19.27 Mbit/s
Fri Jun 10 12:45:01 CEST 2022
Ping: 22.729 ms
Download: 209.96 Mbit/s
Upload: 19.82 Mbit/s
Fri Jun 10 13:45:01 CEST 2022
Ping: 21.918 ms
Download: 202.25 Mbit/s
Upload: 19.20 Mbit/s
Fri Jun 10 14:45:01 CEST 2022
Ping: 22.255 ms
Download: 237.19 Mbit/s
Upload: 19.70 Mbit/s
Fri Jun 10 15:45:01 CEST 2022
Ping: 22.878 ms
Download: 204.90 Mbit/s
Upload: 19.68 Mbit/s
Fri Jun 10 16:45:02 CEST 2022
Ping: 25.471 ms
Download: 262.23 Mbit/s
Upload: 19.55 Mbit/s
Fri Jun 10 17:45:01 CEST 2022
Ping: 25.379 ms
Download: 222.33 Mbit/s
Upload: 19.42 Mbit/s
Fri Jun 10 18:45:02 CEST 2022
Ping: 24.152 ms
Download: 266.57 Mbit/s
Upload: 19.12 Mbit/s
Fri Jun 10 19:45:01 CEST 2022
Ping: 23.645 ms
Download: 296.55 Mbit/s
Upload: 19.60 Mbit/s
Fri Jun 10 20:45:01 CEST 2022
Ping: 22.77 ms
Download: 188.66 Mbit/s
Upload: 19.72 Mbit/s
Fri Jun 10 21:45:01 CEST 2022
Ping: 21.919 ms
Download: 184.35 Mbit/s
Upload: 19.57 Mbit/s
Fri Jun 10 22:45:02 CEST 2022
Ping: 25.343 ms
Download: 247.06 Mbit/s
Upload: 19.73 Mbit/s
Fri Jun 10 23:45:01 CEST 2022
Ping: 23.752 ms
Download: 298.31 Mbit/s
Upload: 19.56 Mbit/s
Sat Jun 11 00:45:01 CEST 2022
Ping: 24.173 ms
Download: 289.30 Mbit/s
Upload: 19.67 Mbit/s
Sat Jun 11 01:45:01 CEST 2022
Ping: 24.726 ms
Download: 192.68 Mbit/s
Upload: 19.66 Mbit/s
Sat Jun 11 02:45:01 CEST 2022
Ping: 23.611 ms
Download: 139.97 Mbit/s
Upload: 19.49 Mbit/s
Sat Jun 11 03:45:01 CEST 2022
Ping: 24.071 ms
Download: 70.38 Mbit/s
Upload: 19.85 Mbit/s
Sat Jun 11 04:45:01 CEST 2022
Ping: 24.636 ms
Download: 125.33 Mbit/s
Upload: 19.73 Mbit/s
Sat Jun 11 05:45:01 CEST 2022
Ping: 24.871 ms
Download: 88.23 Mbit/s
Upload: 19.80 Mbit/s
Sat Jun 11 06:45:02 CEST 2022
Ping: 25.62 ms
Download: 116.33 Mbit/s
Upload: 19.82 Mbit/s
Sat Jun 11 07:45:01 CEST 2022
Ping: 23.384 ms
Download: 101.58 Mbit/s
Upload: 19.79 Mbit/s
Sat Jun 11 08:45:01 CEST 2022
Ping: 25.91 ms
Download: 88.30 Mbit/s
Upload: 19.56 Mbit/s
Sat Jun 11 09:45:01 CEST 2022
Ping: 24.328 ms
Download: 169.94 Mbit/s
Upload: 19.33 Mbit/s
Sat Jun 11 10:45:01 CEST 2022
Ping: 22.584 ms
Download: 88.57 Mbit/s
Upload: 19.32 Mbit/s
Sat Jun 11 11:45:01 CEST 2022
Ping: 24.985 ms
Download: 301.14 Mbit/s
Upload: 19.36 Mbit/s
Sat Jun 11 12:45:01 CEST 2022
Ping: 24.572 ms
Download: 239.15 Mbit/s
Upload: 19.19 Mbit/s
Sat Jun 11 13:45:01 CEST 2022
Ping: 25.424 ms
Download: 222.15 Mbit/s
Upload: 19.14 Mbit/s
Sat Jun 11 14:45:01 CEST 2022
Ping: 27.006 ms
Download: 239.71 Mbit/s
Upload: 19.28 Mbit/s
Sat Jun 11 15:45:01 CEST 2022
Ping: 24.61 ms
Download: 267.50 Mbit/s
Upload: 19.14 Mbit/s
Sat Jun 11 16:45:01 CEST 2022
Ping: 24.695 ms
Download: 205.93 Mbit/s
Upload: 19.39 Mbit/s
Sat Jun 11 17:45:01 CEST 2022
Ping: 24.022 ms
Download: 239.56 Mbit/s
Upload: 19.32 Mbit/s
Sat Jun 11 18:45:01 CEST 2022
Ping: 23.896 ms
Download: 237.36 Mbit/s
Upload: 19.22 Mbit/s
Sat Jun 11 19:45:01 CEST 2022
Ping: 22.875 ms
Download: 289.42 Mbit/s
Upload: 19.38 Mbit/s
Sat Jun 11 20:45:01 CEST 2022
Ping: 24.236 ms
Download: 236.63 Mbit/s
Upload: 19.55 Mbit/s
Sat Jun 11 21:45:01 CEST 2022
Ping: 24.93 ms
Download: 245.31 Mbit/s
Upload: 19.51 Mbit/s
Sat Jun 11 22:45:01 CEST 2022
Ping: 25.5 ms
Download: 265.96 Mbit/s
Upload: 19.17 Mbit/s
Sat Jun 11 23:45:01 CEST 2022
Ping: 24.502 ms
Download: 282.36 Mbit/s
Upload: 19.52 Mbit/s
Sun Jun 12 00:45:01 CEST 2022
Ping: 25.394 ms
Download: 298.05 Mbit/s
Upload: 19.51 Mbit/s
Sun Jun 12 01:45:01 CEST 2022
Ping: 22.541 ms
Download: 275.66 Mbit/s
Upload: 19.79 Mbit/s
Sun Jun 12 02:45:01 CEST 2022
Ping: 24.434 ms
Download: 274.51 Mbit/s
Upload: 19.22 Mbit/s
Sun Jun 12 03:45:01 CEST 2022
Ping: 21.527 ms
Download: 238.09 Mbit/s
Upload: 12.69 Mbit/s
Sun Jun 12 04:45:01 CEST 2022
Ping: 23.991 ms
Download: 267.05 Mbit/s
Upload: 19.76 Mbit/s
Sun Jun 12 05:45:01 CEST 2022
Ping: 25.26 ms
Download: 238.23 Mbit/s
Upload: 19.77 Mbit/s
Sun Jun 12 06:45:01 CEST 2022
Ping: 25.38 ms
Download: 240.01 Mbit/s
Upload: 19.39 Mbit/s
Sun Jun 12 07:45:01 CEST 2022
Ping: 25.108 ms
Download: 241.33 Mbit/s
Upload: 19.56 Mbit/s
Sun Jun 12 08:45:02 CEST 2022
Ping: 25.417 ms
Download: 61.33 Mbit/s
Upload: 17.66 Mbit/s
Sun Jun 12 09:45:01 CEST 2022
Ping: 25.563 ms
Download: 228.89 Mbit/s
Upload: 19.40 Mbit/s
Sun Jun 12 10:45:01 CEST 2022
Ping: 25.075 ms
Download: 251.91 Mbit/s
Upload: 18.07 Mbit/s
Sun Jun 12 11:45:01 CEST 2022
Ping: 26.484 ms
Download: 213.19 Mbit/s
Upload: 19.34 Mbit/s
Sun Jun 12 12:45:01 CEST 2022
Ping: 22.68 ms
Download: 98.07 Mbit/s
Upload: 18.22 Mbit/s
Sun Jun 12 13:45:01 CEST 2022
Ping: 24.862 ms
Download: 233.05 Mbit/s
Upload: 19.54 Mbit/s
Sun Jun 12 14:45:01 CEST 2022
Ping: 24.762 ms
Download: 222.92 Mbit/s
Upload: 19.60 Mbit/s
Sun Jun 12 15:45:01 CEST 2022
Ping: 24.401 ms
Download: 127.80 Mbit/s
Upload: 19.74 Mbit/s
Sun Jun 12 16:45:01 CEST 2022
Ping: 24.082 ms
Download: 215.89 Mbit/s
Upload: 19.40 Mbit/s
Sun Jun 12 17:45:01 CEST 2022
Ping: 24.388 ms
Download: 234.01 Mbit/s
Upload: 19.45 Mbit/s
Sun Jun 12 18:45:01 CEST 2022
Ping: 43.671 ms
Download: 225.38 Mbit/s
Upload: 19.38 Mbit/s
Sun Jun 12 19:45:01 CEST 2022
Ping: 39.8 ms
Download: 167.73 Mbit/s
Upload: 19.17 Mbit/s
Sun Jun 12 20:45:01 CEST 2022
Ping: 41.22 ms
Download: 203.73 Mbit/s
Upload: 18.46 Mbit/s
Sun Jun 12 21:45:02 CEST 2022
Ping: 25.519 ms
Download: 357.24 Mbit/s
Upload: 18.56 Mbit/s
Sun Jun 12 22:45:01 CEST 2022
Ping: 22.679 ms
Download: 42.55 Mbit/s
Upload: 19.50 Mbit/s
Sun Jun 12 23:45:01 CEST 2022
Ping: 22.46 ms
Download: 88.59 Mbit/s
Upload: 19.07 Mbit/s
Mon Jun 13 00:45:01 CEST 2022
Ping: 24.485 ms
Download: 252.75 Mbit/s
Upload: 15.53 Mbit/s
Mon Jun 13 01:45:01 CEST 2022
Ping: 21.171 ms
Download: 254.88 Mbit/s
Upload: 14.31 Mbit/s
Mon Jun 13 02:45:01 CEST 2022
Ping: 20.28 ms
Download: 289.85 Mbit/s
Upload: 15.54 Mbit/s
Mon Jun 13 03:45:01 CEST 2022
Ping: 24.685 ms
Download: 169.68 Mbit/s
Upload: 19.40 Mbit/s
Mon Jun 13 04:45:01 CEST 2022
Ping: 24.422 ms
Download: 88.11 Mbit/s
Upload: 19.68 Mbit/s
Mon Jun 13 05:45:01 CEST 2022
Ping: 25.155 ms
Download: 251.58 Mbit/s
Upload: 19.45 Mbit/s
Mon Jun 13 06:45:01 CEST 2022
Ping: 25.845 ms
Download: 142.67 Mbit/s
Upload: 19.74 Mbit/s
Mon Jun 13 07:45:01 CEST 2022
Ping: 26.267 ms
Download: 284.11 Mbit/s
Upload: 18.97 Mbit/s
Mon Jun 13 08:45:01 CEST 2022
Ping: 23.305 ms
Download: 96.38 Mbit/s
Upload: 18.25 Mbit/s
Mon Jun 13 09:45:01 CEST 2022
Ping: 21.22 ms
Download: 310.76 Mbit/s
Upload: 19.59 Mbit/s
Mon Jun 13 10:45:01 CEST 2022
Ping: 24.067 ms
Download: 321.38 Mbit/s
Upload: 19.48 Mbit/s
Mon Jun 13 11:45:01 CEST 2022
Ping: 22.692 ms
Download: 314.18 Mbit/s
Upload: 19.53 Mbit/s
Mon Jun 13 12:45:01 CEST 2022
Ping: 24.399 ms
Download: 76.08 Mbit/s
Upload: 19.77 Mbit/s
Mon Jun 13 13:45:01 CEST 2022
Ping: 23.502 ms
Download: 98.53 Mbit/s
Upload: 17.81 Mbit/s
Mon Jun 13 14:45:02 CEST 2022
Ping: 26.033 ms
Download: 240.27 Mbit/s
Upload: 19.54 Mbit/s
Mon Jun 13 15:45:01 CEST 2022
Ping: 26.907 ms
Download: 168.93 Mbit/s
Upload: 18.94 Mbit/s
Mon Jun 13 16:45:01 CEST 2022
Ping: 29.233 ms
Download: 207.26 Mbit/s
Upload: 19.08 Mbit/s
Mon Jun 13 17:45:01 CEST 2022
Ping: 27.485 ms
Download: 78.15 Mbit/s
Upload: 18.79 Mbit/s
Mon Jun 13 18:45:01 CEST 2022
Ping: 23.211 ms
Download: 79.22 Mbit/s
Upload: 18.23 Mbit/s
Mon Jun 13 19:45:01 CEST 2022
Ping: 25.034 ms
Download: 298.18 Mbit/s
Upload: 19.57 Mbit/s
Mon Jun 13 20:45:01 CEST 2022
Ping: 25.543 ms
Download: 237.97 Mbit/s
Upload: 19.33 Mbit/s
Mon Jun 13 21:45:01 CEST 2022
Ping: 25.675 ms
Download: 233.95 Mbit/s
Upload: 19.52 Mbit/s
Mon Jun 13 22:45:01 CEST 2022
Ping: 26.072 ms
Download: 247.29 Mbit/s
Upload: 19.26 Mbit/s
Mon Jun 13 23:45:01 CEST 2022
Ping: 25.082 ms
Download: 276.92 Mbit/s
Upload: 19.32 Mbit/s
Tue Jun 14 00:45:01 CEST 2022
Ping: 25.516 ms
Download: 226.02 Mbit/s
Upload: 18.94 Mbit/s
Tue Jun 14 01:45:01 CEST 2022
Ping: 25.421 ms
Download: 233.47 Mbit/s
Upload: 19.50 Mbit/s
Tue Jun 14 02:45:01 CEST 2022
Ping: 25.372 ms
Download: 293.86 Mbit/s
Upload: 19.49 Mbit/s
Tue Jun 14 03:45:01 CEST 2022
Ping: 28.638 ms
Download: 266.25 Mbit/s
Upload: 19.64 Mbit/s
Tue Jun 14 04:45:01 CEST 2022
Ping: 23.213 ms
Download: 250.76 Mbit/s
Upload: 19.82 Mbit/s
Tue Jun 14 05:45:01 CEST 2022
Ping: 22.398 ms
Download: 251.67 Mbit/s
Upload: 19.71 Mbit/s
Tue Jun 14 06:45:01 CEST 2022
Ping: 22.59 ms
Download: 260.85 Mbit/s
Upload: 19.20 Mbit/s
Tue Jun 14 07:45:01 CEST 2022
Ping: 23.461 ms
Download: 255.28 Mbit/s
Upload: 19.13 Mbit/s
Tue Jun 14 08:45:01 CEST 2022
Ping: 23.901 ms
Download: 201.22 Mbit/s
Upload: 14.60 Mbit/s
Tue Jun 14 09:45:01 CEST 2022
Ping: 21.888 ms
Download: 191.11 Mbit/s
Upload: 19.39 Mbit/s
Tue Jun 14 10:45:02 CEST 2022
Ping: 23.277 ms
Download: 207.18 Mbit/s
Upload: 19.47 Mbit/s
Tue Jun 14 11:45:01 CEST 2022
Ping: 22.158 ms
Download: 347.68 Mbit/s
Upload: 18.09 Mbit/s
Tue Jun 14 12:45:01 CEST 2022
Ping: 26.168 ms
Download: 277.20 Mbit/s
Upload: 19.33 Mbit/s
Tue Jun 14 13:45:02 CEST 2022
Ping: 25.615 ms
Download: 322.65 Mbit/s
Upload: 19.77 Mbit/s
Tue Jun 14 14:45:01 CEST 2022
Ping: 25.246 ms
Download: 207.74 Mbit/s
Upload: 19.17 Mbit/s
Tue Jun 14 15:45:01 CEST 2022
Ping: 23.208 ms
Download: 225.48 Mbit/s
Upload: 19.08 Mbit/s
Tue Jun 14 16:45:01 CEST 2022
Ping: 23.899 ms
Download: 208.48 Mbit/s
Upload: 19.85 Mbit/s
Tue Jun 14 17:45:01 CEST 2022
Ping: 22.622 ms
Download: 228.55 Mbit/s
Upload: 19.28 Mbit/s
Tue Jun 14 18:45:01 CEST 2022
Ping: 23.788 ms
Download: 75.03 Mbit/s
Upload: 17.16 Mbit/s
Tue Jun 14 19:45:01 CEST 2022
Ping: 24.761 ms
Download: 36.48 Mbit/s
Upload: 16.84 Mbit/s
Tue Jun 14 20:45:01 CEST 2022
Ping: 24.146 ms
Download: 268.99 Mbit/s
Upload: 19.52 Mbit/s
Tue Jun 14 21:45:01 CEST 2022
Ping: 25.236 ms
Download: 228.34 Mbit/s
Upload: 19.60 Mbit/s
Tue Jun 14 22:45:01 CEST 2022
Ping: 25.069 ms
Download: 235.88 Mbit/s
Upload: 19.73 Mbit/s
Tue Jun 14 23:45:01 CEST 2022
Ping: 26.243 ms
Download: 246.83 Mbit/s
Upload: 19.47 Mbit/s
Wed Jun 15 00:45:01 CEST 2022
Ping: 25.366 ms
Download: 232.91 Mbit/s
Upload: 19.56 Mbit/s
Wed Jun 15 01:45:01 CEST 2022
Ping: 25.383 ms
Download: 277.60 Mbit/s
Upload: 19.80 Mbit/s
Wed Jun 15 02:45:01 CEST 2022
Ping: 25.104 ms
Download: 277.75 Mbit/s
Upload: 19.47 Mbit/s
Wed Jun 15 03:45:01 CEST 2022
Ping: 22.217 ms
Download: 230.48 Mbit/s
Upload: 19.55 Mbit/s
Wed Jun 15 04:45:01 CEST 2022
Ping: 21.408 ms
Download: 190.96 Mbit/s
Upload: 19.63 Mbit/s
Wed Jun 15 05:45:01 CEST 2022
Ping: 22.747 ms
Download: 233.98 Mbit/s
Upload: 19.41 Mbit/s
Wed Jun 15 06:45:01 CEST 2022
Ping: 21.713 ms
Download: 209.32 Mbit/s
Upload: 19.80 Mbit/s
Wed Jun 15 07:45:01 CEST 2022
Ping: 25.577 ms
Download: 264.29 Mbit/s
Upload: 19.84 Mbit/s
Wed Jun 15 08:45:01 CEST 2022
Ping: 25.58 ms
Download: 204.44 Mbit/s
Upload: 19.86 Mbit/s
Wed Jun 15 09:45:01 CEST 2022
Ping: 26.248 ms
Download: 290.81 Mbit/s
Upload: 19.26 Mbit/s
Wed Jun 15 10:45:01 CEST 2022
Ping: 29.048 ms
Download: 224.94 Mbit/s
Upload: 19.62 Mbit/s
Wed Jun 15 11:45:01 CEST 2022
Ping: 24.613 ms
Download: 228.70 Mbit/s
Upload: 18.70 Mbit/s
Wed Jun 15 12:45:01 CEST 2022
Ping: 24.589 ms
Download: 249.70 Mbit/s
Upload: 19.20 Mbit/s
Wed Jun 15 13:45:01 CEST 2022
Ping: 23.708 ms
Download: 280.06 Mbit/s
Upload: 19.69 Mbit/s
Wed Jun 15 14:45:01 CEST 2022
Ping: 27.086 ms
Download: 226.21 Mbit/s
Upload: 19.73 Mbit/s
Wed Jun 15 15:45:01 CEST 2022
Ping: 25.538 ms
Download: 260.22 Mbit/s
Upload: 19.81 Mbit/s
Wed Jun 15 16:45:01 CEST 2022
Ping: 34.183 ms
Download: 293.00 Mbit/s
Upload: 19.64 Mbit/s
Wed Jun 15 17:45:01 CEST 2022
Ping: 31.668 ms
Download: 247.45 Mbit/s
Upload: 19.45 Mbit/s
Wed Jun 15 18:45:01 CEST 2022
Ping: 31.755 ms
Download: 163.48 Mbit/s
Upload: 19.47 Mbit/s
Wed Jun 15 19:45:01 CEST 2022
Ping: 30.352 ms
Download: 218.58 Mbit/s
Upload: 19.70 Mbit/s
Wed Jun 15 20:45:02 CEST 2022
Ping: 28.98 ms
Download: 218.85 Mbit/s
Upload: 19.68 Mbit/s
Wed Jun 15 21:45:01 CEST 2022
Ping: 31.024 ms
Download: 256.62 Mbit/s
Upload: 19.29 Mbit/s
Wed Jun 15 22:45:01 CEST 2022
Ping: 34.222 ms
Download: 210.24 Mbit/s
Upload: 19.18 Mbit/s
Wed Jun 15 23:45:01 CEST 2022
Ping: 34.732 ms
Download: 197.11 Mbit/s
Upload: 18.58 Mbit/s
Thu Jun 16 00:45:01 CEST 2022
Ping: 31.844 ms
Download: 227.53 Mbit/s
Upload: 18.79 Mbit/s
Thu Jun 16 01:45:02 CEST 2022
Ping: 47.828 ms
Download: 129.53 Mbit/s
Upload: 18.74 Mbit/s
Thu Jun 16 02:45:01 CEST 2022
Ping: 32.046 ms
Download: 252.68 Mbit/s
Upload: 19.52 Mbit/s
Thu Jun 16 03:45:01 CEST 2022
Ping: 32.118 ms
Download: 269.32 Mbit/s
Upload: 19.60 Mbit/s
Thu Jun 16 04:45:01 CEST 2022
Ping: 30.052 ms
Download: 208.09 Mbit/s
Upload: 19.52 Mbit/s
Thu Jun 16 05:45:01 CEST 2022
Ping: 27.843 ms
Download: 223.94 Mbit/s
Upload: 19.57 Mbit/s
Thu Jun 16 06:45:01 CEST 2022
Ping: 29.399 ms
Download: 242.81 Mbit/s
Upload: 19.04 Mbit/s
Thu Jun 16 07:45:01 CEST 2022
Ping: 25.842 ms
Download: 237.61 Mbit/s
Upload: 19.63 Mbit/s
Thu Jun 16 08:45:01 CEST 2022
Ping: 26.153 ms
Download: 229.71 Mbit/s
Upload: 19.83 Mbit/s
Thu Jun 16 09:45:01 CEST 2022
Ping: 25.839 ms
Download: 234.09 Mbit/s
Upload: 19.32 Mbit/s
Thu Jun 16 10:45:01 CEST 2022
Ping: 22.363 ms
Download: 233.40 Mbit/s
Upload: 19.41 Mbit/s
Thu Jun 16 11:45:01 CEST 2022
Ping: 25.682 ms
Download: 132.32 Mbit/s
Upload: 19.80 Mbit/s
Thu Jun 16 12:45:01 CEST 2022
Ping: 24.91 ms
Download: 236.98 Mbit/s
Upload: 19.07 Mbit/s
Thu Jun 16 13:45:01 CEST 2022
Ping: 24.404 ms
Download: 247.07 Mbit/s
Upload: 18.91 Mbit/s
Thu Jun 16 14:45:01 CEST 2022
Ping: 23.399 ms
Download: 220.50 Mbit/s
Upload: 13.13 Mbit/s
Thu Jun 16 15:45:01 CEST 2022
Ping: 21.733 ms
Download: 341.01 Mbit/s
Upload: 17.70 Mbit/s
Thu Jun 16 16:45:01 CEST 2022
Ping: 25.349 ms
Download: 279.79 Mbit/s
Upload: 19.48 Mbit/s
Thu Jun 16 17:45:01 CEST 2022
Ping: 25.91 ms
Download: 266.02 Mbit/s
Upload: 19.49 Mbit/s
Thu Jun 16 18:45:01 CEST 2022
Ping: 25.751 ms
Download: 266.66 Mbit/s
Upload: 19.42 Mbit/s
Thu Jun 16 19:45:01 CEST 2022
Ping: 26.827 ms
Download: 155.16 Mbit/s
Upload: 14.30 Mbit/s
Thu Jun 16 20:45:01 CEST 2022
Ping: 23.73 ms
Download: 178.04 Mbit/s
Upload: 15.09 Mbit/s
Thu Jun 16 21:45:01 CEST 2022
Ping: 23.718 ms
Download: 150.30 Mbit/s
Upload: 14.39 Mbit/s
Thu Jun 16 22:45:01 CEST 2022
Ping: 22.743 ms
Download: 91.11 Mbit/s
Upload: 19.38 Mbit/s
Thu Jun 16 23:45:01 CEST 2022
Ping: 23.888 ms
Download: 243.36 Mbit/s
Upload: 19.15 Mbit/s
Fri Jun 17 00:45:01 CEST 2022
Ping: 22.546 ms
Download: 93.40 Mbit/s
Upload: 19.55 Mbit/s
Fri Jun 17 01:45:01 CEST 2022
Ping: 21.55 ms
Download: 263.76 Mbit/s
Upload: 19.79 Mbit/s
Fri Jun 17 02:45:01 CEST 2022
Ping: 22.294 ms
Download: 245.37 Mbit/s
Upload: 19.31 Mbit/s
Fri Jun 17 03:45:02 CEST 2022
Ping: 24.19 ms
Download: 202.78 Mbit/s
Upload: 19.73 Mbit/s
Fri Jun 17 04:45:01 CEST 2022
Ping: 23.412 ms
Download: 165.20 Mbit/s
Upload: 16.16 Mbit/s
Fri Jun 17 05:45:01 CEST 2022
Ping: 23.416 ms
Download: 89.15 Mbit/s
Upload: 18.74 Mbit/s
Fri Jun 17 06:45:01 CEST 2022
Ping: 22.744 ms
Download: 194.40 Mbit/s
Upload: 15.41 Mbit/s
Fri Jun 17 07:45:01 CEST 2022
Ping: 26.148 ms
Download: 101.64 Mbit/s
Upload: 18.95 Mbit/s
Fri Jun 17 08:45:01 CEST 2022
Ping: 22.925 ms
Download: 130.94 Mbit/s
Upload: 19.41 Mbit/s
Fri Jun 17 09:45:02 CEST 2022
Ping: 26.37 ms
Download: 125.78 Mbit/s
Upload: 19.75 Mbit/s
Fri Jun 17 10:45:01 CEST 2022
Ping: 24.252 ms
Download: 234.21 Mbit/s
Upload: 19.52 Mbit/s
Fri Jun 17 11:45:01 CEST 2022
Ping: 24.577 ms
Download: 241.06 Mbit/s
Upload: 19.46 Mbit/s
Fri Jun 17 12:45:01 CEST 2022
Ping: 24.575 ms
Download: 285.13 Mbit/s
Upload: 19.74 Mbit/s
Fri Jun 17 13:45:01 CEST 2022
Ping: 25.823 ms
Download: 159.78 Mbit/s
Upload: 19.64 Mbit/s
Fri Jun 17 14:45:01 CEST 2022
Ping: 24.243 ms
Download: 112.66 Mbit/s
Upload: 19.48 Mbit/s
Fri Jun 17 15:45:01 CEST 2022
Ping: 24.28 ms
Download: 120.32 Mbit/s
Upload: 19.65 Mbit/s
Fri Jun 17 16:45:01 CEST 2022
Ping: 25.392 ms
Download: 262.62 Mbit/s
Upload: 19.67 Mbit/s
Fri Jun 17 17:45:01 CEST 2022
Ping: 22.208 ms
Download: 339.90 Mbit/s
Upload: 16.42 Mbit/s
Fri Jun 17 18:45:02 CEST 2022
Ping: 25.643 ms
Download: 110.24 Mbit/s
Upload: 19.35 Mbit/s
Fri Jun 17 19:45:01 CEST 2022
Ping: 26.154 ms
Download: 49.70 Mbit/s
Upload: 19.47 Mbit/s
Fri Jun 17 20:45:01 CEST 2022
Ping: 25.707 ms
Download: 211.17 Mbit/s
Upload: 19.56 Mbit/s
Fri Jun 17 21:45:01 CEST 2022
Ping: 23.903 ms
Download: 86.28 Mbit/s
Upload: 18.53 Mbit/s
Fri Jun 17 22:45:01 CEST 2022
Ping: 24.394 ms
Download: 38.96 Mbit/s
Upload: 18.65 Mbit/s
Fri Jun 17 23:45:01 CEST 2022
Ping: 22.812 ms
Download: 240.70 Mbit/s
Upload: 15.19 Mbit/s
Sat Jun 18 00:45:01 CEST 2022
Ping: 18.73 ms
Download: 297.24 Mbit/s
Upload: 13.36 Mbit/s
Sat Jun 18 01:45:01 CEST 2022
Ping: 19.275 ms
Download: 222.49 Mbit/s
Upload: 15.68 Mbit/s
Sat Jun 18 02:45:02 CEST 2022
Ping: 23.009 ms
Download: 307.57 Mbit/s
Upload: 19.51 Mbit/s
Sat Jun 18 03:45:01 CEST 2022
Ping: 22.611 ms
Download: 213.33 Mbit/s
Upload: 19.61 Mbit/s
Sat Jun 18 04:45:01 CEST 2022
Ping: 22.04 ms
Download: 206.60 Mbit/s
Upload: 19.72 Mbit/s
Sat Jun 18 05:45:01 CEST 2022
Ping: 21.907 ms
Download: 263.63 Mbit/s
Upload: 19.47 Mbit/s
Sat Jun 18 06:45:01 CEST 2022
Ping: 24.168 ms
Download: 236.96 Mbit/s
Upload: 19.36 Mbit/s
Sat Jun 18 07:45:01 CEST 2022
Ping: 23.644 ms
Download: 63.92 Mbit/s
Upload: 19.69 Mbit/s
Sat Jun 18 08:45:01 CEST 2022
Ping: 23.825 ms
Download: 58.27 Mbit/s
Upload: 19.62 Mbit/s
Sat Jun 18 09:45:02 CEST 2022
Ping: 25.686 ms
Download: 73.04 Mbit/s
Upload: 19.15 Mbit/s
Sat Jun 18 10:45:01 CEST 2022
Ping: 25.168 ms
Download: 214.69 Mbit/s
Upload: 19.52 Mbit/s
Sat Jun 18 11:45:01 CEST 2022
Ping: 22.443 ms
Download: 220.75 Mbit/s
Upload: 19.72 Mbit/s
Sat Jun 18 12:45:01 CEST 2022
Ping: 23.473 ms
Download: 199.21 Mbit/s
Upload: 19.88 Mbit/s
Sat Jun 18 13:45:01 CEST 2022
Ping: 25.255 ms
Download: 255.61 Mbit/s
Upload: 19.69 Mbit/s
Sat Jun 18 14:45:01 CEST 2022
Ping: 26.59 ms
Download: 180.37 Mbit/s
Upload: 18.86 Mbit/s
Sat Jun 18 15:45:01 CEST 2022
Ping: 28.578 ms
Download: 230.43 Mbit/s
Upload: 19.48 Mbit/s
Sat Jun 18 16:45:01 CEST 2022
Ping: 27.185 ms
Download: 183.13 Mbit/s
Upload: 18.71 Mbit/s
Sat Jun 18 17:45:01 CEST 2022
Ping: 21.607 ms
Download: 188.44 Mbit/s
Upload: 19.56 Mbit/s
Sat Jun 18 18:45:01 CEST 2022
Ping: 22.26 ms
Download: 117.08 Mbit/s
Upload: 18.36 Mbit/s
Sat Jun 18 19:45:01 CEST 2022
Ping: 23.136 ms
Download: 56.10 Mbit/s
Upload: 19.37 Mbit/s
Sat Jun 18 20:45:02 CEST 2022
Ping: 23.366 ms
Download: 335.26 Mbit/s
Upload: 19.68 Mbit/s
Sat Jun 18 21:45:01 CEST 2022
Ping: 24.34 ms
Download: 303.15 Mbit/s
Upload: 19.75 Mbit/s
Sat Jun 18 22:45:02 CEST 2022
Ping: 23.369 ms
Download: 318.04 Mbit/s
Upload: 19.65 Mbit/s
Sat Jun 18 23:45:01 CEST 2022
Ping: 23.385 ms
Download: 316.79 Mbit/s
Upload: 19.83 Mbit/s
Sun Jun 19 00:45:01 CEST 2022
Ping: 22.262 ms
Download: 239.10 Mbit/s
Upload: 19.65 Mbit/s
Sun Jun 19 01:45:01 CEST 2022
Ping: 23.044 ms
Download: 207.95 Mbit/s
Upload: 19.63 Mbit/s
Sun Jun 19 02:45:01 CEST 2022
Ping: 21.368 ms
Download: 227.06 Mbit/s
Upload: 19.91 Mbit/s
Sun Jun 19 03:45:01 CEST 2022
Ping: 36.387 ms
Download: 272.99 Mbit/s
Upload: 18.93 Mbit/s
Sun Jun 19 04:45:01 CEST 2022
Ping: 41.419 ms
Download: 192.62 Mbit/s
Upload: 19.51 Mbit/s
Sun Jun 19 05:45:01 CEST 2022
Ping: 38.065 ms
Download: 120.13 Mbit/s
Upload: 19.32 Mbit/s
Sun Jun 19 06:45:01 CEST 2022
Ping: 22.281 ms
Download: 251.51 Mbit/s
Upload: 19.72 Mbit/s
Sun Jun 19 07:45:01 CEST 2022
Ping: 21.435 ms
Download: 223.57 Mbit/s
Upload: 18.81 Mbit/s
Sun Jun 19 08:45:01 CEST 2022
Ping: 24.084 ms
Download: 265.41 Mbit/s
Upload: 19.42 Mbit/s
Sun Jun 19 09:45:01 CEST 2022
Ping: 25.157 ms
Download: 256.65 Mbit/s
Upload: 19.44 Mbit/s
Sun Jun 19 10:45:01 CEST 2022
Ping: 25.329 ms
Download: 75.65 Mbit/s
Upload: 18.51 Mbit/s
Sun Jun 19 11:45:01 CEST 2022
Ping: 26.601 ms
Download: 228.68 Mbit/s
Upload: 19.52 Mbit/s
Sun Jun 19 12:45:01 CEST 2022
Ping: 24.294 ms
Download: 82.70 Mbit/s
Upload: 19.46 Mbit/s
Sun Jun 19 13:45:01 CEST 2022
Ping: 28.868 ms
Download: 283.63 Mbit/s
Upload: 19.17 Mbit/s
Sun Jun 19 14:45:02 CEST 2022
Ping: 29.602 ms
Download: 291.58 Mbit/s
Upload: 18.87 Mbit/s
Sun Jun 19 15:45:01 CEST 2022
Ping: 28.915 ms
Download: 239.65 Mbit/s
Upload: 19.29 Mbit/s
Sun Jun 19 16:45:01 CEST 2022
Ping: 26.721 ms
Download: 61.04 Mbit/s
Upload: 17.71 Mbit/s
Sun Jun 19 17:45:01 CEST 2022
Ping: 21.726 ms
Download: 248.72 Mbit/s
Upload: 19.83 Mbit/s
Sun Jun 19 18:45:01 CEST 2022
Ping: 21.559 ms
Download: 278.72 Mbit/s
Upload: 19.91 Mbit/s
Sun Jun 19 19:45:01 CEST 2022
Ping: 21.537 ms
Download: 198.54 Mbit/s
Upload: 19.71 Mbit/s
Sun Jun 19 20:45:02 CEST 2022
Ping: 24.998 ms
Download: 298.31 Mbit/s
Upload: 19.68 Mbit/s
Sun Jun 19 21:45:01 CEST 2022
Ping: 24.795 ms
Download: 284.93 Mbit/s
Upload: 19.24 Mbit/s
Sun Jun 19 22:45:01 CEST 2022
Ping: 23.361 ms
Download: 231.02 Mbit/s
Upload: 19.35 Mbit/s
Sun Jun 19 23:45:01 CEST 2022
Ping: 22.771 ms
Download: 228.46 Mbit/s
Upload: 19.47 Mbit/s
Mon Jun 20 00:45:01 CEST 2022
Ping: 27.074 ms
Download: 234.69 Mbit/s
Upload: 19.61 Mbit/s
Mon Jun 20 01:45:01 CEST 2022
Ping: 32.505 ms
Download: 219.33 Mbit/s
Upload: 18.94 Mbit/s
Mon Jun 20 02:45:01 CEST 2022
Ping: 24.362 ms
Download: 262.22 Mbit/s
Upload: 19.43 Mbit/s
Mon Jun 20 03:45:01 CEST 2022
Ping: 26.181 ms
Download: 217.37 Mbit/s
Upload: 19.44 Mbit/s
Mon Jun 20 04:45:01 CEST 2022
Ping: 22.914 ms
Download: 341.09 Mbit/s
Upload: 19.62 Mbit/s
Mon Jun 20 05:45:01 CEST 2022
Ping: 25.883 ms
Download: 328.31 Mbit/s
Upload: 19.79 Mbit/s
Mon Jun 20 06:45:01 CEST 2022
Ping: 24.967 ms
Download: 275.91 Mbit/s
Upload: 19.14 Mbit/s
Mon Jun 20 07:45:01 CEST 2022
Ping: 25.085 ms
Download: 211.50 Mbit/s
Upload: 19.14 Mbit/s
Mon Jun 20 08:45:01 CEST 2022
Ping: 24.402 ms
Download: 231.70 Mbit/s
Upload: 19.38 Mbit/s
Mon Jun 20 09:45:01 CEST 2022
Ping: 24.843 ms
Download: 278.62 Mbit/s
Upload: 19.55 Mbit/s
Mon Jun 20 10:45:01 CEST 2022
Ping: 25.473 ms
Download: 297.74 Mbit/s
Upload: 18.84 Mbit/s
Mon Jun 20 11:45:01 CEST 2022
Ping: 25.58 ms
Download: 301.77 Mbit/s
Upload: 18.40 Mbit/s
Mon Jun 20 12:45:01 CEST 2022
Ping: 22.212 ms
Download: 294.89 Mbit/s
Upload: 19.55 Mbit/s
Mon Jun 20 13:45:01 CEST 2022
Ping: 26.497 ms
Download: 305.28 Mbit/s
Upload: 19.44 Mbit/s
Mon Jun 20 14:45:02 CEST 2022
Ping: 25.189 ms
Download: 206.56 Mbit/s
Upload: 19.34 Mbit/s
Mon Jun 20 15:45:01 CEST 2022
Ping: 23.717 ms
Download: 73.57 Mbit/s
Upload: 14.61 Mbit/s
Mon Jun 20 16:45:01 CEST 2022
Ping: 22.98 ms
Download: 199.49 Mbit/s
Upload: 19.57 Mbit/s
Mon Jun 20 17:45:01 CEST 2022
Ping: 25.557 ms
Download: 75.25 Mbit/s
Upload: 19.39 Mbit/s
Mon Jun 20 18:45:01 CEST 2022
Ping: 24.634 ms
Download: 92.98 Mbit/s
Upload: 19.40 Mbit/s
Mon Jun 20 19:45:01 CEST 2022
Ping: 24.381 ms
Download: 48.81 Mbit/s
Upload: 18.46 Mbit/s
Mon Jun 20 20:45:01 CEST 2022
Ping: 27.884 ms
Download: 189.96 Mbit/s
Upload: 18.85 Mbit/s
Mon Jun 20 21:45:01 CEST 2022
Ping: 26.8 ms
Download: 220.36 Mbit/s
Upload: 19.09 Mbit/s
Mon Jun 20 22:45:01 CEST 2022
Ping: 27.788 ms
Download: 186.72 Mbit/s
Upload: 19.24 Mbit/s
Mon Jun 20 23:45:01 CEST 2022
Ping: 27.708 ms
Download: 45.97 Mbit/s
Upload: 17.04 Mbit/s
Tue Jun 21 00:45:01 CEST 2022
Ping: 33.397 ms
Download: 329.28 Mbit/s
Upload: 18.86 Mbit/s
Tue Jun 21 01:45:01 CEST 2022
Ping: 28.875 ms
Download: 343.38 Mbit/s
Upload: 19.46 Mbit/s
Tue Jun 21 02:45:01 CEST 2022
Ping: 32.07 ms
Download: 322.07 Mbit/s
Upload: 18.82 Mbit/s
Tue Jun 21 03:45:01 CEST 2022
Ping: 22.266 ms
Download: 260.45 Mbit/s
Upload: 19.49 Mbit/s
Tue Jun 21 04:45:01 CEST 2022
Ping: 23.662 ms
Download: 230.80 Mbit/s
Upload: 19.88 Mbit/s
Tue Jun 21 05:45:01 CEST 2022
Ping: 24.242 ms
Download: 262.87 Mbit/s
Upload: 19.57 Mbit/s
Tue Jun 21 06:45:02 CEST 2022
Ping: 24.618 ms
Download: 97.52 Mbit/s
Upload: 19.52 Mbit/s
Tue Jun 21 07:45:01 CEST 2022
Ping: 25.629 ms
Download: 244.05 Mbit/s
Upload: 19.02 Mbit/s
Tue Jun 21 08:45:02 CEST 2022
Ping: 25.008 ms
Download: 248.26 Mbit/s
Upload: 18.91 Mbit/s
Tue Jun 21 09:45:01 CEST 2022
Ping: 26.4 ms
Download: 240.39 Mbit/s
Upload: 19.22 Mbit/s
Tue Jun 21 10:45:01 CEST 2022
Ping: 22.742 ms
Download: 165.16 Mbit/s
Upload: 15.32 Mbit/s
Tue Jun 21 11:45:01 CEST 2022
Ping: 24.263 ms
Download: 168.82 Mbit/s
Upload: 16.48 Mbit/s
Tue Jun 21 12:45:01 CEST 2022
Ping: 26.105 ms
Download: 249.86 Mbit/s
Upload: 18.34 Mbit/s
Tue Jun 21 13:45:01 CEST 2022
Ping: 24.763 ms
Download: 202.31 Mbit/s
Upload: 19.71 Mbit/s
Tue Jun 21 14:45:01 CEST 2022
Ping: 23.317 ms
Download: 225.80 Mbit/s
Upload: 19.12 Mbit/s
Tue Jun 21 15:45:01 CEST 2022
Ping: 21.835 ms
Download: 222.11 Mbit/s
Upload: 18.87 Mbit/s
Tue Jun 21 16:45:01 CEST 2022
Ping: 24.243 ms
Download: 252.65 Mbit/s
Upload: 19.43 Mbit/s
Tue Jun 21 17:45:01 CEST 2022
Ping: 23.762 ms
Download: 265.83 Mbit/s
Upload: 19.15 Mbit/s
Tue Jun 21 18:45:01 CEST 2022
Ping: 23.591 ms
Download: 235.70 Mbit/s
Upload: 19.70 Mbit/s
Tue Jun 21 19:45:01 CEST 2022
Ping: 23.581 ms
Download: 249.63 Mbit/s
Upload: 19.66 Mbit/s
Tue Jun 21 20:45:01 CEST 2022
Ping: 24.9 ms
Download: 229.67 Mbit/s
Upload: 19.08 Mbit/s
Tue Jun 21 21:45:01 CEST 2022
Ping: 25.391 ms
Download: 248.93 Mbit/s
Upload: 19.26 Mbit/s
Tue Jun 21 22:45:02 CEST 2022
Ping: 25.555 ms
Download: 289.37 Mbit/s
Upload: 19.24 Mbit/s
Tue Jun 21 23:45:01 CEST 2022
Ping: 24.905 ms
Download: 240.04 Mbit/s
Upload: 19.03 Mbit/s
Wed Jun 22 00:45:01 CEST 2022
Ping: 30.281 ms
Download: 331.73 Mbit/s
Upload: 18.81 Mbit/s
Wed Jun 22 01:45:01 CEST 2022
Ping: 31.665 ms
Download: 325.37 Mbit/s
Upload: 18.46 Mbit/s
Wed Jun 22 02:45:01 CEST 2022
Ping: 29.578 ms
Download: 190.12 Mbit/s
Upload: 19.61 Mbit/s
Wed Jun 22 03:45:01 CEST 2022
Ping: 22.232 ms
Download: 241.15 Mbit/s
Upload: 19.34 Mbit/s
Wed Jun 22 04:45:01 CEST 2022
Ping: 23.575 ms
Download: 271.45 Mbit/s
Upload: 19.73 Mbit/s
Wed Jun 22 05:45:01 CEST 2022
Ping: 21.571 ms
Download: 274.00 Mbit/s
Upload: 19.60 Mbit/s
Wed Jun 22 06:45:01 CEST 2022
Ping: 23.994 ms
Download: 243.67 Mbit/s
Upload: 19.76 Mbit/s
Wed Jun 22 07:45:01 CEST 2022
Ping: 25.229 ms
Download: 245.88 Mbit/s
Upload: 19.33 Mbit/s
Wed Jun 22 08:45:01 CEST 2022
Ping: 24.695 ms
Download: 282.37 Mbit/s
Upload: 19.38 Mbit/s
Wed Jun 22 09:45:01 CEST 2022
Ping: 25.239 ms
Download: 138.06 Mbit/s
Upload: 19.50 Mbit/s
Wed Jun 22 10:45:01 CEST 2022
Ping: 26.009 ms
Download: 236.49 Mbit/s
Upload: 19.60 Mbit/s
Wed Jun 22 11:45:01 CEST 2022
Ping: 25.428 ms
Download: 306.66 Mbit/s
Upload: 19.60 Mbit/s
Wed Jun 22 12:45:01 CEST 2022
Ping: 23.903 ms
Download: 238.64 Mbit/s
Upload: 19.50 Mbit/s
Wed Jun 22 13:45:01 CEST 2022
Ping: 24.405 ms
Download: 243.82 Mbit/s
Upload: 19.30 Mbit/s
Wed Jun 22 14:45:01 CEST 2022
Ping: 26.217 ms
Download: 129.20 Mbit/s
Upload: 19.61 Mbit/s
Wed Jun 22 15:45:01 CEST 2022
Ping: 25.734 ms
Download: 157.96 Mbit/s
Upload: 19.37 Mbit/s
Wed Jun 22 16:45:01 CEST 2022
Ping: 27.054 ms
Download: 248.06 Mbit/s
Upload: 19.16 Mbit/s
Wed Jun 22 17:45:01 CEST 2022
Ping: 25.91 ms
Download: 233.90 Mbit/s
Upload: 19.29 Mbit/s
Wed Jun 22 18:45:01 CEST 2022
Ping: 23.918 ms
Download: 50.31 Mbit/s
Upload: 17.63 Mbit/s
Wed Jun 22 19:45:01 CEST 2022
Ping: 27.47 ms
Download: 199.06 Mbit/s
Upload: 19.50 Mbit/s
Wed Jun 22 20:45:01 CEST 2022
Ping: 31.062 ms
Download: 268.44 Mbit/s
Upload: 19.40 Mbit/s
Wed Jun 22 21:45:01 CEST 2022
Ping: 30.845 ms
Download: 220.90 Mbit/s
Upload: 18.97 Mbit/s
Wed Jun 22 22:45:01 CEST 2022
Ping: 30.052 ms
Download: 232.92 Mbit/s
Upload: 19.11 Mbit/s
Wed Jun 22 23:45:01 CEST 2022
Ping: 27.883 ms
Download: 242.27 Mbit/s
Upload: 19.09 Mbit/s
Thu Jun 23 00:45:01 CEST 2022
Ping: 34.026 ms
Download: 197.51 Mbit/s
Upload: 19.64 Mbit/s
Thu Jun 23 01:45:01 CEST 2022
Ping: 33.227 ms
Download: 214.14 Mbit/s
Upload: 19.55 Mbit/s
Thu Jun 23 02:45:01 CEST 2022
Ping: 26.66 ms
Download: 206.26 Mbit/s
Upload: 19.51 Mbit/s
Thu Jun 23 03:45:01 CEST 2022
Ping: 26.115 ms
Download: 248.61 Mbit/s
Upload: 19.76 Mbit/s
Thu Jun 23 04:45:01 CEST 2022
Ping: 26.726 ms
Download: 219.30 Mbit/s
Upload: 19.78 Mbit/s
Thu Jun 23 05:45:02 CEST 2022
Ping: 29.364 ms
Download: 255.04 Mbit/s
Upload: 19.20 Mbit/s
Thu Jun 23 06:45:01 CEST 2022
Ping: 28.892 ms
Download: 126.41 Mbit/s
Upload: 19.04 Mbit/s
Thu Jun 23 07:45:01 CEST 2022
Ping: 30.147 ms
Download: 213.11 Mbit/s
Upload: 19.32 Mbit/s
Thu Jun 23 08:45:01 CEST 2022
Ping: 30.856 ms
Download: 270.44 Mbit/s
Upload: 18.99 Mbit/s
Thu Jun 23 09:45:02 CEST 2022
Ping: 25.323 ms
Download: 209.84 Mbit/s
Upload: 18.96 Mbit/s
Thu Jun 23 10:45:01 CEST 2022
Ping: 30.872 ms
Download: 255.32 Mbit/s
Upload: 19.22 Mbit/s
Thu Jun 23 11:45:01 CEST 2022
Ping: 29.278 ms
Download: 230.57 Mbit/s
Upload: 19.50 Mbit/s
Thu Jun 23 12:45:01 CEST 2022
Ping: 32.664 ms
Download: 184.03 Mbit/s
Upload: 19.22 Mbit/s
Thu Jun 23 13:45:01 CEST 2022
Ping: 25.656 ms
Download: 214.96 Mbit/s
Upload: 19.36 Mbit/s
Thu Jun 23 14:45:01 CEST 2022
Ping: 28.571 ms
Download: 214.21 Mbit/s
Upload: 19.27 Mbit/s
Thu Jun 23 15:45:01 CEST 2022
Ping: 29.903 ms
Download: 216.05 Mbit/s
Upload: 19.17 Mbit/s
Thu Jun 23 16:45:02 CEST 2022
Ping: 31.696 ms
Download: 206.78 Mbit/s
Upload: 18.87 Mbit/s
Thu Jun 23 17:45:01 CEST 2022
Ping: 34.066 ms
Download: 177.45 Mbit/s
Upload: 19.20 Mbit/s
Thu Jun 23 18:45:01 CEST 2022
Ping: 34.434 ms
Download: 202.80 Mbit/s
Upload: 19.18 Mbit/s
Thu Jun 23 19:45:01 CEST 2022
Ping: 32.431 ms
Download: 222.56 Mbit/s
Upload: 19.28 Mbit/s
Thu Jun 23 20:45:01 CEST 2022
Ping: 26.185 ms
Download: 217.66 Mbit/s
Upload: 19.54 Mbit/s
Thu Jun 23 21:45:01 CEST 2022
Ping: 32.799 ms
Download: 239.94 Mbit/s
Upload: 19.46 Mbit/s
Thu Jun 23 22:45:02 CEST 2022
Ping: 38.056 ms
Download: 219.27 Mbit/s
Upload: 17.58 Mbit/s
Thu Jun 23 23:45:01 CEST 2022
Ping: 29.887 ms
Download: 208.30 Mbit/s
Upload: 19.46 Mbit/s
Fri Jun 24 00:45:01 CEST 2022
Ping: 30.006 ms
Download: 211.07 Mbit/s
Upload: 18.82 Mbit/s
Fri Jun 24 01:45:01 CEST 2022
Ping: 29.431 ms
Download: 252.00 Mbit/s
Upload: 19.10 Mbit/s
Fri Jun 24 02:45:01 CEST 2022
Ping: 39.811 ms
Download: 344.30 Mbit/s
Upload: 13.24 Mbit/s
Fri Jun 24 03:45:01 CEST 2022
Ping: 38.981 ms
Download: 344.75 Mbit/s
Upload: 12.43 Mbit/s
Fri Jun 24 04:45:01 CEST 2022
Ping: 39.224 ms
Download: 114.34 Mbit/s
Upload: 19.26 Mbit/s
Fri Jun 24 05:45:01 CEST 2022
Ping: 29.391 ms
Download: 256.77 Mbit/s
Upload: 18.76 Mbit/s
Fri Jun 24 06:45:01 CEST 2022
Ping: 29.121 ms
Download: 268.11 Mbit/s
Upload: 19.58 Mbit/s
Fri Jun 24 07:45:01 CEST 2022
Ping: 29.908 ms
Download: 282.37 Mbit/s
Upload: 19.11 Mbit/s
Fri Jun 24 08:45:01 CEST 2022
Ping: 30.056 ms
Download: 272.91 Mbit/s
Upload: 19.28 Mbit/s
Fri Jun 24 09:45:01 CEST 2022
Ping: 33.404 ms
Download: 167.06 Mbit/s
Upload: 18.70 Mbit/s
Fri Jun 24 10:45:02 CEST 2022
Ping: 33.999 ms
Download: 207.84 Mbit/s
Upload: 18.62 Mbit/s
Fri Jun 24 11:45:01 CEST 2022
Ping: 38.304 ms
Download: 164.62 Mbit/s
Upload: 19.26 Mbit/s
Fri Jun 24 12:45:01 CEST 2022
Ping: 34.974 ms
Download: 194.53 Mbit/s
Upload: 19.24 Mbit/s
Fri Jun 24 13:45:01 CEST 2022
Ping: 30.582 ms
Download: 200.47 Mbit/s
Upload: 18.68 Mbit/s
Fri Jun 24 14:45:01 CEST 2022
Ping: 33.26 ms
Download: 172.49 Mbit/s
Upload: 18.82 Mbit/s
Fri Jun 24 15:45:02 CEST 2022
Ping: 26.222 ms
Download: 266.87 Mbit/s
Upload: 19.37 Mbit/s
Fri Jun 24 16:45:01 CEST 2022
Ping: 23.744 ms
Download: 124.64 Mbit/s
Upload: 18.60 Mbit/s
Fri Jun 24 17:45:01 CEST 2022
Ping: 24.895 ms
Download: 266.47 Mbit/s
Upload: 19.74 Mbit/s
Fri Jun 24 18:45:01 CEST 2022
Ping: 22.883 ms
Download: 270.00 Mbit/s
Upload: 19.23 Mbit/s
Fri Jun 24 19:45:01 CEST 2022
Ping: 23.928 ms
Download: 269.17 Mbit/s
Upload: 19.00 Mbit/s
Fri Jun 24 20:45:01 CEST 2022
Ping: 22.879 ms
Download: 250.09 Mbit/s
Upload: 19.38 Mbit/s
Fri Jun 24 21:45:01 CEST 2022
Ping: 23.551 ms
Download: 308.60 Mbit/s
Upload: 19.77 Mbit/s
Fri Jun 24 22:45:01 CEST 2022
Ping: 23.571 ms
Download: 276.98 Mbit/s
Upload: 18.92 Mbit/s
Fri Jun 24 23:45:01 CEST 2022
Ping: 23.582 ms
Download: 272.51 Mbit/s
Upload: 19.10 Mbit/s
Sat Jun 25 00:45:01 CEST 2022
Ping: 23.56 ms
Download: 223.91 Mbit/s
Upload: 19.50 Mbit/s
Sat Jun 25 01:45:01 CEST 2022
Ping: 22.249 ms
Download: 180.46 Mbit/s
Upload: 19.48 Mbit/s
Sat Jun 25 02:45:01 CEST 2022
Ping: 23.239 ms
Download: 273.17 Mbit/s
Upload: 15.83 Mbit/s
Sat Jun 25 03:45:01 CEST 2022
Ping: 33.57 ms
Download: 189.88 Mbit/s
Upload: 18.85 Mbit/s
Sat Jun 25 04:45:01 CEST 2022
Ping: 20.348 ms
Download: 241.30 Mbit/s
Upload: 13.76 Mbit/s
Sat Jun 25 05:45:01 CEST 2022
Ping: 33.475 ms
Download: 236.16 Mbit/s
Upload: 19.34 Mbit/s
Sat Jun 25 06:45:01 CEST 2022
Ping: 36.722 ms
Download: 255.67 Mbit/s
Upload: 19.05 Mbit/s
Sat Jun 25 07:45:02 CEST 2022
Ping: 35.765 ms
Download: 239.91 Mbit/s
Upload: 19.36 Mbit/s
Sat Jun 25 08:45:01 CEST 2022
Ping: 29.524 ms
Download: 227.04 Mbit/s
Upload: 18.98 Mbit/s
Sat Jun 25 09:45:01 CEST 2022
Ping: 27.726 ms
Download: 244.37 Mbit/s
Upload: 18.84 Mbit/s
Sat Jun 25 10:45:01 CEST 2022
Ping: 27.218 ms
Download: 273.22 Mbit/s
Upload: 19.06 Mbit/s
Sat Jun 25 11:45:01 CEST 2022
Ping: 28.914 ms
Download: 249.44 Mbit/s
Upload: 19.34 Mbit/s
Sat Jun 25 12:45:01 CEST 2022
Ping: 30.036 ms
Download: 257.65 Mbit/s
Upload: 18.98 Mbit/s
Sat Jun 25 13:45:01 CEST 2022
Ping: 29.051 ms
Download: 233.58 Mbit/s
Upload: 19.48 Mbit/s
Sat Jun 25 14:45:02 CEST 2022
Ping: 30.845 ms
Download: 256.31 Mbit/s
Upload: 19.70 Mbit/s
Sat Jun 25 15:45:01 CEST 2022
Ping: 35.611 ms
Download: 232.80 Mbit/s
Upload: 18.74 Mbit/s
Sat Jun 25 16:45:01 CEST 2022
Ping: 31.382 ms
Download: 340.37 Mbit/s
Upload: 18.94 Mbit/s
Sat Jun 25 17:45:01 CEST 2022
Ping: 24.408 ms
Download: 286.49 Mbit/s
Upload: 19.64 Mbit/s
Sat Jun 25 18:45:01 CEST 2022
Ping: 30.235 ms
Download: 263.31 Mbit/s
Upload: 19.06 Mbit/s
Sat Jun 25 19:45:01 CEST 2022
Ping: 36.229 ms
Download: 175.14 Mbit/s
Upload: 17.97 Mbit/s
Sat Jun 25 20:45:02 CEST 2022
Ping: 33.656 ms
Download: 341.73 Mbit/s
Upload: 19.57 Mbit/s
Sat Jun 25 21:45:01 CEST 2022
Ping: 28.924 ms
Download: 253.77 Mbit/s
Upload: 19.35 Mbit/s
Sat Jun 25 22:45:01 CEST 2022
Ping: 23.851 ms
Download: 132.83 Mbit/s
Upload: 17.62 Mbit/s
Sat Jun 25 23:45:01 CEST 2022
Ping: 30.719 ms
Download: 277.95 Mbit/s
Upload: 19.36 Mbit/s
Sun Jun 26 00:45:01 CEST 2022
Ping: 35.54 ms
Download: 233.72 Mbit/s
Upload: 19.20 Mbit/s
Sun Jun 26 01:45:01 CEST 2022
Ping: 37.402 ms
Download: 199.30 Mbit/s
Upload: 19.10 Mbit/s
Sun Jun 26 02:45:01 CEST 2022
Ping: 30.146 ms
Download: 124.45 Mbit/s
Upload: 18.79 Mbit/s
Sun Jun 26 03:45:01 CEST 2022
Ping: 22.905 ms
Download: 20.30 Mbit/s
Upload: 17.69 Mbit/s
Sun Jun 26 04:45:01 CEST 2022
Ping: 22.735 ms
Download: 146.78 Mbit/s
Upload: 19.14 Mbit/s
Sun Jun 26 05:45:01 CEST 2022
Ping: 34.358 ms
Download: 247.31 Mbit/s
Upload: 18.90 Mbit/s
Sun Jun 26 06:45:02 CEST 2022
Ping: 31.166 ms
Download: 124.04 Mbit/s
Upload: 19.48 Mbit/s
Sun Jun 26 07:45:01 CEST 2022
Ping: 31.903 ms
Download: 227.48 Mbit/s
Upload: 19.15 Mbit/s
Sun Jun 26 08:45:01 CEST 2022
Ping: 28.358 ms
Download: 129.00 Mbit/s
Upload: 18.85 Mbit/s
Sun Jun 26 09:45:01 CEST 2022
Ping: 30.208 ms
Download: 266.94 Mbit/s
Upload: 19.30 Mbit/s
Sun Jun 26 10:45:01 CEST 2022
Ping: 30.712 ms
Download: 288.20 Mbit/s
Upload: 18.78 Mbit/s
Sun Jun 26 11:45:01 CEST 2022
Ping: 28.701 ms
Download: 329.47 Mbit/s
Upload: 19.27 Mbit/s
Sun Jun 26 12:45:01 CEST 2022
Ping: 27.872 ms
Download: 279.67 Mbit/s
Upload: 19.55 Mbit/s
Sun Jun 26 13:45:01 CEST 2022
Ping: 27.217 ms
Download: 226.57 Mbit/s
Upload: 19.43 Mbit/s
Sun Jun 26 14:45:01 CEST 2022
Ping: 33.908 ms
Download: 200.30 Mbit/s
Upload: 18.80 Mbit/s
Sun Jun 26 15:45:01 CEST 2022
Ping: 36.913 ms
Download: 212.52 Mbit/s
Upload: 19.21 Mbit/s
Sun Jun 26 16:45:01 CEST 2022
Ping: 31.0 ms
Download: 272.91 Mbit/s
Upload: 18.52 Mbit/s
Sun Jun 26 17:45:01 CEST 2022
Sun Jun 26 18:45:01 CEST 2022
Ping: 32.091 ms
Download: 214.02 Mbit/s
Upload: 18.70 Mbit/s
Sun Jun 26 19:45:01 CEST 2022
Ping: 30.063 ms
Download: 229.37 Mbit/s
Upload: 19.35 Mbit/s
Sun Jun 26 20:45:01 CEST 2022
Ping: 24.268 ms
Download: 169.82 Mbit/s
Upload: 19.11 Mbit/s
Sun Jun 26 21:45:01 CEST 2022
Ping: 38.115 ms
Download: 269.73 Mbit/s
Upload: 18.48 Mbit/s
Sun Jun 26 22:45:01 CEST 2022
Ping: 37.07 ms
Download: 239.80 Mbit/s
Upload: 19.11 Mbit/s
Sun Jun 26 23:45:01 CEST 2022
Ping: 30.007 ms
Download: 171.49 Mbit/s
Upload: 19.25 Mbit/s
Mon Jun 27 00:45:01 CEST 2022
Ping: 23.739 ms
Download: 306.84 Mbit/s
Upload: 19.53 Mbit/s
Mon Jun 27 01:45:01 CEST 2022
Ping: 28.347 ms
Download: 307.31 Mbit/s
Upload: 19.33 Mbit/s
Mon Jun 27 02:45:01 CEST 2022
Ping: 25.242 ms
Download: 252.13 Mbit/s
Upload: 19.24 Mbit/s
Mon Jun 27 03:45:01 CEST 2022
Ping: 35.873 ms
Download: 180.82 Mbit/s
Upload: 12.00 Mbit/s
Mon Jun 27 04:45:01 CEST 2022
Ping: 30.743 ms
Download: 240.95 Mbit/s
Upload: 18.66 Mbit/s
Mon Jun 27 05:45:01 CEST 2022
Ping: 29.161 ms
Download: 336.63 Mbit/s
Upload: 19.38 Mbit/s
Mon Jun 27 06:45:02 CEST 2022
Ping: 26.489 ms
Download: 59.54 Mbit/s
Upload: 19.45 Mbit/s
Mon Jun 27 07:45:02 CEST 2022
Ping: 26.344 ms
Download: 286.86 Mbit/s
Upload: 19.20 Mbit/s
Mon Jun 27 08:45:01 CEST 2022
Ping: 33.26 ms
Download: 196.79 Mbit/s
Upload: 18.33 Mbit/s
Mon Jun 27 09:45:01 CEST 2022
Ping: 24.044 ms
Download: 262.36 Mbit/s
Upload: 19.52 Mbit/s
Mon Jun 27 10:45:01 CEST 2022
Ping: 24.345 ms
Download: 320.48 Mbit/s
Upload: 18.30 Mbit/s
Mon Jun 27 11:45:01 CEST 2022
Ping: 22.865 ms
Download: 237.59 Mbit/s
Upload: 19.32 Mbit/s
Mon Jun 27 12:45:02 CEST 2022
Ping: 35.491 ms
Download: 182.48 Mbit/s
Upload: 19.53 Mbit/s
Mon Jun 27 13:45:01 CEST 2022
Ping: 36.101 ms
Download: 202.09 Mbit/s
Upload: 19.01 Mbit/s
Mon Jun 27 14:45:01 CEST 2022
Ping: 32.069 ms
Download: 189.62 Mbit/s
Upload: 18.37 Mbit/s
Mon Jun 27 15:45:01 CEST 2022
Ping: 22.391 ms
Download: 155.26 Mbit/s
Upload: 16.01 Mbit/s
Mon Jun 27 16:45:01 CEST 2022
Ping: 23.101 ms
Download: 182.13 Mbit/s
Upload: 15.60 Mbit/s
Mon Jun 27 17:45:01 CEST 2022
Ping: 34.879 ms
Download: 170.03 Mbit/s
Upload: 18.61 Mbit/s
Mon Jun 27 18:45:01 CEST 2022
Ping: 27.187 ms
Download: 211.66 Mbit/s
Upload: 19.14 Mbit/s
Mon Jun 27 19:45:01 CEST 2022
Ping: 28.932 ms
Download: 236.29 Mbit/s
Upload: 19.17 Mbit/s
Mon Jun 27 20:45:01 CEST 2022
Ping: 27.205 ms
Download: 228.34 Mbit/s
Upload: 18.69 Mbit/s
Mon Jun 27 21:45:01 CEST 2022
Ping: 22.375 ms
Download: 174.54 Mbit/s
Upload: 15.25 Mbit/s
Mon Jun 27 22:45:01 CEST 2022
Ping: 23.426 ms
Download: 346.57 Mbit/s
Upload: 15.90 Mbit/s
Mon Jun 27 23:45:01 CEST 2022
Ping: 24.361 ms
Download: 344.66 Mbit/s
Upload: 16.65 Mbit/s
Tue Jun 28 00:45:01 CEST 2022
Ping: 22.769 ms
Download: 255.30 Mbit/s
Upload: 14.58 Mbit/s
Tue Jun 28 01:45:01 CEST 2022
Ping: 18.724 ms
Download: 245.21 Mbit/s
Upload: 14.49 Mbit/s
Tue Jun 28 02:45:01 CEST 2022
Ping: 18.736 ms
Download: 257.76 Mbit/s
Upload: 15.98 Mbit/s
Tue Jun 28 03:45:01 CEST 2022
Ping: 24.841 ms
Download: 274.99 Mbit/s
Upload: 19.30 Mbit/s
Tue Jun 28 04:45:01 CEST 2022
Ping: 23.314 ms
Download: 232.91 Mbit/s
Upload: 19.18 Mbit/s
Tue Jun 28 05:45:01 CEST 2022
Ping: 24.604 ms
Download: 139.47 Mbit/s
Upload: 19.69 Mbit/s
Tue Jun 28 06:45:01 CEST 2022
Ping: 27.086 ms
Download: 212.55 Mbit/s
Upload: 19.46 Mbit/s
Tue Jun 28 07:45:01 CEST 2022
Ping: 23.852 ms
Download: 182.16 Mbit/s
Upload: 16.21 Mbit/s
Tue Jun 28 08:45:01 CEST 2022
Ping: 22.429 ms
Download: 325.21 Mbit/s
Upload: 19.51 Mbit/s
Tue Jun 28 09:45:01 CEST 2022
Ping: 22.426 ms
Download: 209.10 Mbit/s
Upload: 19.53 Mbit/s
Tue Jun 28 10:45:01 CEST 2022
Ping: 22.717 ms
Download: 174.32 Mbit/s
Upload: 19.60 Mbit/s
Tue Jun 28 11:45:01 CEST 2022
Ping: 22.549 ms
Download: 309.47 Mbit/s
Upload: 19.55 Mbit/s
Tue Jun 28 12:45:01 CEST 2022
Ping: 22.653 ms
Download: 81.72 Mbit/s
Upload: 19.63 Mbit/s
Tue Jun 28 13:45:01 CEST 2022
Ping: 21.364 ms
Download: 261.14 Mbit/s
Upload: 15.16 Mbit/s
Tue Jun 28 14:45:01 CEST 2022
Ping: 19.41 ms
Download: 268.35 Mbit/s
Upload: 16.80 Mbit/s
Tue Jun 28 15:45:01 CEST 2022
Ping: 24.065 ms
Download: 223.57 Mbit/s
Upload: 19.53 Mbit/s
Tue Jun 28 16:45:01 CEST 2022
Ping: 28.872 ms
Download: 330.80 Mbit/s
Upload: 19.11 Mbit/s
Tue Jun 28 17:45:01 CEST 2022
Ping: 24.438 ms
Download: 229.79 Mbit/s
Upload: 19.78 Mbit/s
Tue Jun 28 18:45:01 CEST 2022
Ping: 22.371 ms
Download: 252.75 Mbit/s
Upload: 19.54 Mbit/s
Tue Jun 28 19:45:01 CEST 2022
Ping: 30.271 ms
Download: 247.39 Mbit/s
Upload: 19.01 Mbit/s
Tue Jun 28 20:45:01 CEST 2022
Ping: 22.001 ms
Download: 186.48 Mbit/s
Upload: 19.85 Mbit/s
Tue Jun 28 21:45:01 CEST 2022
Ping: 28.695 ms
Download: 313.69 Mbit/s
Upload: 19.52 Mbit/s
Tue Jun 28 22:45:01 CEST 2022
Ping: 24.713 ms
Download: 9.82 Mbit/s
Upload: 10.11 Mbit/s
Tue Jun 28 23:45:01 CEST 2022
Ping: 29.2 ms
Download: 224.67 Mbit/s
Upload: 19.53 Mbit/s
Wed Jun 29 00:45:01 CEST 2022
Ping: 22.918 ms
Download: 262.76 Mbit/s
Upload: 19.64 Mbit/s
Wed Jun 29 01:45:01 CEST 2022
Ping: 23.071 ms
Download: 209.87 Mbit/s
Upload: 19.58 Mbit/s
Wed Jun 29 02:45:01 CEST 2022
Ping: 22.911 ms
Download: 225.57 Mbit/s
Upload: 19.41 Mbit/s
Wed Jun 29 03:45:01 CEST 2022
Ping: 22.752 ms
Download: 264.40 Mbit/s
Upload: 19.74 Mbit/s
Wed Jun 29 04:45:01 CEST 2022
Ping: 19.415 ms
Download: 246.04 Mbit/s
Upload: 15.57 Mbit/s
Wed Jun 29 05:45:01 CEST 2022
Ping: 18.773 ms
Download: 274.98 Mbit/s
Upload: 15.34 Mbit/s
Wed Jun 29 06:45:01 CEST 2022
Ping: 26.136 ms
Download: 283.76 Mbit/s
Upload: 19.26 Mbit/s
Wed Jun 29 07:45:01 CEST 2022
Ping: 26.817 ms
Download: 236.31 Mbit/s
Upload: 19.49 Mbit/s
Wed Jun 29 08:45:02 CEST 2022
Ping: 25.314 ms
Download: 220.95 Mbit/s
Upload: 19.50 Mbit/s
Wed Jun 29 09:45:01 CEST 2022
Ping: 24.061 ms
Download: 214.43 Mbit/s
Upload: 18.81 Mbit/s
Wed Jun 29 10:45:01 CEST 2022
Ping: 22.132 ms
Download: 271.00 Mbit/s
Upload: 19.49 Mbit/s
Wed Jun 29 11:45:01 CEST 2022
Ping: 23.078 ms
Download: 315.99 Mbit/s
Upload: 19.78 Mbit/s
Wed Jun 29 12:45:01 CEST 2022
Ping: 22.733 ms
Download: 270.73 Mbit/s
Upload: 19.46 Mbit/s
Wed Jun 29 13:45:01 CEST 2022
Ping: 23.596 ms
Download: 185.56 Mbit/s
Upload: 15.06 Mbit/s
Wed Jun 29 14:45:01 CEST 2022
Ping: 23.401 ms
Download: 36.72 Mbit/s
Upload: 18.50 Mbit/s
Wed Jun 29 15:45:01 CEST 2022
Ping: 21.737 ms
Download: 20.00 Mbit/s
Upload: 16.04 Mbit/s
Wed Jun 29 16:45:01 CEST 2022
Ping: 22.21 ms
Download: 245.59 Mbit/s
Upload: 14.33 Mbit/s
Wed Jun 29 17:45:01 CEST 2022
Ping: 28.465 ms
Download: 332.69 Mbit/s
Upload: 14.74 Mbit/s
Wed Jun 29 18:45:01 CEST 2022
Ping: 23.235 ms
Download: 253.34 Mbit/s
Upload: 12.92 Mbit/s
Wed Jun 29 19:45:01 CEST 2022
Ping: 23.839 ms
Download: 283.43 Mbit/s
Upload: 19.81 Mbit/s
Wed Jun 29 20:45:01 CEST 2022
Ping: 22.442 ms
Download: 237.32 Mbit/s
Upload: 19.52 Mbit/s
Wed Jun 29 21:45:01 CEST 2022
Ping: 23.492 ms
Download: 202.66 Mbit/s
Upload: 15.67 Mbit/s
Wed Jun 29 22:45:01 CEST 2022
Ping: 22.705 ms
Download: 235.04 Mbit/s
Upload: 19.49 Mbit/s
Wed Jun 29 23:45:01 CEST 2022
Ping: 22.913 ms
Download: 252.71 Mbit/s
Upload: 19.70 Mbit/s
Thu Jun 30 00:45:01 CEST 2022
Ping: 19.384 ms
Download: 246.91 Mbit/s
Upload: 16.44 Mbit/s
Thu Jun 30 01:45:01 CEST 2022
Ping: 33.212 ms
Download: 180.62 Mbit/s
Upload: 19.12 Mbit/s
Thu Jun 30 02:45:01 CEST 2022
Ping: 30.931 ms
Download: 240.50 Mbit/s
Upload: 19.63 Mbit/s
Thu Jun 30 03:45:01 CEST 2022
Ping: 22.573 ms
Download: 159.91 Mbit/s
Upload: 16.88 Mbit/s
Thu Jun 30 04:45:01 CEST 2022
Ping: 29.154 ms
Download: 258.31 Mbit/s
Upload: 18.53 Mbit/s
Thu Jun 30 05:45:01 CEST 2022
Ping: 28.67 ms
Download: 274.63 Mbit/s
Upload: 19.72 Mbit/s
Thu Jun 30 06:45:02 CEST 2022
Ping: 29.666 ms
Download: 267.20 Mbit/s
Upload: 18.94 Mbit/s
Thu Jun 30 07:45:01 CEST 2022
Ping: 30.734 ms
Download: 159.27 Mbit/s
Upload: 18.71 Mbit/s
Thu Jun 30 08:45:01 CEST 2022
Ping: 24.555 ms
Download: 241.54 Mbit/s
Upload: 19.01 Mbit/s
Thu Jun 30 09:45:01 CEST 2022
Ping: 25.296 ms
Download: 234.12 Mbit/s
Upload: 16.94 Mbit/s
Thu Jun 30 10:45:01 CEST 2022
Ping: 30.189 ms
Download: 165.07 Mbit/s
Upload: 18.39 Mbit/s
Thu Jun 30 11:45:01 CEST 2022
Ping: 22.52 ms
Download: 235.72 Mbit/s
Upload: 19.82 Mbit/s
Thu Jun 30 12:45:01 CEST 2022
Ping: 28.887 ms
Download: 187.28 Mbit/s
Upload: 18.55 Mbit/s
Thu Jun 30 13:45:01 CEST 2022
Ping: 22.76 ms
Download: 265.85 Mbit/s
Upload: 19.68 Mbit/s
Thu Jun 30 14:45:01 CEST 2022
Ping: 29.359 ms
Download: 230.40 Mbit/s
Upload: 18.22 Mbit/s
Thu Jun 30 15:45:01 CEST 2022
Ping: 30.51 ms
Download: 261.08 Mbit/s
Upload: 19.04 Mbit/s
Thu Jun 30 16:45:01 CEST 2022
Ping: 21.084 ms
Download: 335.91 Mbit/s
Upload: 15.20 Mbit/s
Thu Jun 30 17:45:01 CEST 2022
Ping: 21.74 ms
Download: 268.15 Mbit/s
Upload: 18.73 Mbit/s
Thu Jun 30 18:45:01 CEST 2022
Ping: 21.32 ms
Download: 315.86 Mbit/s
Upload: 19.23 Mbit/s
Thu Jun 30 19:45:01 CEST 2022
Ping: 21.81 ms
Download: 304.60 Mbit/s
Upload: 19.08 Mbit/s
Thu Jun 30 20:45:01 CEST 2022
Ping: 32.032 ms
Download: 229.35 Mbit/s
Upload: 18.82 Mbit/s
Thu Jun 30 21:45:01 CEST 2022
Ping: 28.906 ms
Download: 216.66 Mbit/s
Upload: 18.98 Mbit/s
Thu Jun 30 22:45:01 CEST 2022
Ping: 35.745 ms
Download: 164.55 Mbit/s
Upload: 19.14 Mbit/s
Thu Jun 30 23:45:01 CEST 2022
Ping: 27.352 ms
Download: 300.32 Mbit/s
Upload: 19.09 Mbit/s
