Fri Apr  1 00:45:01 CEST 2022
Ping: 24.064 ms
Download: 321.71 Mbit/s
Upload: 19.60 Mbit/s
Fri Apr  1 01:45:01 CEST 2022
Ping: 24.686 ms
Download: 131.57 Mbit/s
Upload: 19.72 Mbit/s
Fri Apr  1 02:45:01 CEST 2022
Ping: 22.836 ms
Download: 125.48 Mbit/s
Upload: 19.32 Mbit/s
Fri Apr  1 03:45:01 CEST 2022
Ping: 24.075 ms
Download: 231.08 Mbit/s
Upload: 15.46 Mbit/s
Fri Apr  1 04:45:01 CEST 2022
Ping: 20.016 ms
Download: 254.48 Mbit/s
Upload: 14.50 Mbit/s
Fri Apr  1 05:45:01 CEST 2022
Ping: 18.654 ms
Download: 319.50 Mbit/s
Upload: 16.68 Mbit/s
Fri Apr  1 06:45:01 CEST 2022
Ping: 23.08 ms
Download: 304.56 Mbit/s
Upload: 19.76 Mbit/s
Fri Apr  1 07:45:01 CEST 2022
Ping: 20.455 ms
Download: 209.95 Mbit/s
Upload: 13.98 Mbit/s
Fri Apr  1 08:45:01 CEST 2022
Ping: 20.134 ms
Download: 282.66 Mbit/s
Upload: 15.12 Mbit/s
Fri Apr  1 09:45:01 CEST 2022
Ping: 22.965 ms
Download: 195.93 Mbit/s
Upload: 18.98 Mbit/s
Fri Apr  1 10:45:01 CEST 2022
Ping: 23.806 ms
Download: 190.89 Mbit/s
Upload: 19.30 Mbit/s
Fri Apr  1 11:45:01 CEST 2022
Ping: 24.499 ms
Download: 265.41 Mbit/s
Upload: 19.87 Mbit/s
Fri Apr  1 12:45:01 CEST 2022
Ping: 22.676 ms
Download: 251.45 Mbit/s
Upload: 19.84 Mbit/s
Fri Apr  1 13:45:01 CEST 2022
Ping: 22.696 ms
Download: 334.03 Mbit/s
Upload: 19.35 Mbit/s
Fri Apr  1 14:45:01 CEST 2022
Ping: 23.183 ms
Download: 306.54 Mbit/s
Upload: 19.68 Mbit/s
Fri Apr  1 15:45:01 CEST 2022
Ping: 23.019 ms
Download: 261.91 Mbit/s
Upload: 19.58 Mbit/s
Fri Apr  1 16:45:01 CEST 2022
Ping: 23.688 ms
Download: 292.05 Mbit/s
Upload: 19.00 Mbit/s
Fri Apr  1 17:45:01 CEST 2022
Ping: 23.074 ms
Download: 229.11 Mbit/s
Upload: 19.84 Mbit/s
Fri Apr  1 18:45:01 CEST 2022
Ping: 22.249 ms
Download: 277.15 Mbit/s
Upload: 19.51 Mbit/s
Fri Apr  1 19:45:01 CEST 2022
Ping: 24.623 ms
Download: 263.14 Mbit/s
Upload: 14.54 Mbit/s
Fri Apr  1 20:45:01 CEST 2022
Ping: 18.547 ms
Download: 247.19 Mbit/s
Upload: 14.82 Mbit/s
Fri Apr  1 21:45:01 CEST 2022
Ping: 24.948 ms
Download: 338.54 Mbit/s
Upload: 19.28 Mbit/s
Fri Apr  1 22:45:01 CEST 2022
Ping: 19.972 ms
Download: 271.90 Mbit/s
Upload: 15.16 Mbit/s
Fri Apr  1 23:45:01 CEST 2022
Ping: 20.167 ms
Download: 247.77 Mbit/s
Upload: 15.15 Mbit/s
Sat Apr  2 00:45:01 CEST 2022
Ping: 27.363 ms
Download: 228.20 Mbit/s
Upload: 19.86 Mbit/s
Sat Apr  2 01:45:01 CEST 2022
Ping: 25.077 ms
Download: 203.88 Mbit/s
Upload: 19.55 Mbit/s
Sat Apr  2 02:45:01 CEST 2022
Ping: 24.582 ms
Download: 236.37 Mbit/s
Upload: 19.31 Mbit/s
Sat Apr  2 03:45:01 CEST 2022
Ping: 24.146 ms
Download: 204.03 Mbit/s
Upload: 19.67 Mbit/s
Sat Apr  2 04:45:01 CEST 2022
Ping: 24.012 ms
Download: 180.21 Mbit/s
Upload: 19.47 Mbit/s
Sat Apr  2 05:45:01 CEST 2022
Ping: 24.12 ms
Download: 278.75 Mbit/s
Upload: 19.50 Mbit/s
Sat Apr  2 06:45:01 CEST 2022
Ping: 24.18 ms
Download: 338.02 Mbit/s
Upload: 17.17 Mbit/s
Sat Apr  2 07:45:02 CEST 2022
Ping: 23.832 ms
Download: 133.77 Mbit/s
Upload: 12.89 Mbit/s
Sat Apr  2 08:45:01 CEST 2022
Ping: 29.741 ms
Download: 345.01 Mbit/s
Upload: 19.36 Mbit/s
Sat Apr  2 09:45:01 CEST 2022
Ping: 25.594 ms
Download: 228.84 Mbit/s
Upload: 19.26 Mbit/s
Sat Apr  2 10:45:01 CEST 2022
Ping: 26.252 ms
Download: 273.71 Mbit/s
Upload: 18.71 Mbit/s
Sat Apr  2 11:45:01 CEST 2022
Ping: 24.939 ms
Download: 230.54 Mbit/s
Upload: 19.20 Mbit/s
Sat Apr  2 12:45:02 CEST 2022
Ping: 24.013 ms
Download: 267.83 Mbit/s
Upload: 10.92 Mbit/s
Sat Apr  2 13:45:01 CEST 2022
Ping: 24.674 ms
Download: 204.55 Mbit/s
Upload: 15.34 Mbit/s
Sat Apr  2 14:45:01 CEST 2022
Ping: 25.366 ms
Download: 195.40 Mbit/s
Upload: 15.69 Mbit/s
Sat Apr  2 15:45:01 CEST 2022
Ping: 26.685 ms
Download: 287.29 Mbit/s
Upload: 19.44 Mbit/s
Sat Apr  2 16:45:01 CEST 2022
Ping: 24.71 ms
Download: 258.46 Mbit/s
Upload: 19.72 Mbit/s
Sat Apr  2 17:45:02 CEST 2022
Ping: 23.467 ms
Download: 263.88 Mbit/s
Upload: 19.73 Mbit/s
Sat Apr  2 18:45:01 CEST 2022
Ping: 23.521 ms
Download: 203.94 Mbit/s
Upload: 18.10 Mbit/s
Sat Apr  2 19:45:01 CEST 2022
Ping: 19.581 ms
Download: 248.27 Mbit/s
Upload: 15.90 Mbit/s
Sat Apr  2 20:45:01 CEST 2022
Ping: 20.868 ms
Download: 221.60 Mbit/s
Upload: 15.53 Mbit/s
Sat Apr  2 21:45:01 CEST 2022
Ping: 23.278 ms
Download: 367.60 Mbit/s
Upload: 19.26 Mbit/s
Sat Apr  2 22:45:01 CEST 2022
Ping: 24.121 ms
Download: 323.73 Mbit/s
Upload: 19.86 Mbit/s
Sat Apr  2 23:45:01 CEST 2022
Ping: 25.131 ms
Download: 300.92 Mbit/s
Upload: 19.43 Mbit/s
Sun Apr  3 00:45:01 CEST 2022
Ping: 24.587 ms
Download: 279.88 Mbit/s
Upload: 19.52 Mbit/s
Sun Apr  3 01:45:01 CEST 2022
Ping: 24.98 ms
Download: 165.60 Mbit/s
Upload: 19.83 Mbit/s
Sun Apr  3 02:45:01 CEST 2022
Ping: 24.29 ms
Download: 212.61 Mbit/s
Upload: 19.37 Mbit/s
Sun Apr  3 03:45:02 CEST 2022
Ping: 22.163 ms
Download: 324.99 Mbit/s
Upload: 19.40 Mbit/s
Sun Apr  3 04:45:01 CEST 2022
Ping: 18.53 ms
Download: 286.84 Mbit/s
Upload: 15.85 Mbit/s
Sun Apr  3 05:45:01 CEST 2022
Ping: 18.882 ms
Download: 231.09 Mbit/s
Upload: 15.43 Mbit/s
Sun Apr  3 06:45:01 CEST 2022
Ping: 22.213 ms
Download: 217.23 Mbit/s
Upload: 19.82 Mbit/s
Sun Apr  3 07:45:01 CEST 2022
Ping: 23.829 ms
Download: 301.59 Mbit/s
Upload: 19.53 Mbit/s
Sun Apr  3 08:45:01 CEST 2022
Ping: 22.977 ms
Download: 281.81 Mbit/s
Upload: 19.70 Mbit/s
Sun Apr  3 09:45:01 CEST 2022
Ping: 29.078 ms
Download: 128.89 Mbit/s
Upload: 19.68 Mbit/s
Sun Apr  3 10:45:01 CEST 2022
Ping: 34.09 ms
Download: 146.97 Mbit/s
Upload: 19.68 Mbit/s
Sun Apr  3 11:45:01 CEST 2022
Ping: 30.302 ms
Download: 314.58 Mbit/s
Upload: 19.09 Mbit/s
Sun Apr  3 12:45:01 CEST 2022
Ping: 25.101 ms
Download: 223.72 Mbit/s
Upload: 19.54 Mbit/s
Sun Apr  3 13:45:01 CEST 2022
Ping: 26.132 ms
Download: 266.57 Mbit/s
Upload: 19.21 Mbit/s
Sun Apr  3 14:45:01 CEST 2022
Ping: 23.282 ms
Download: 229.24 Mbit/s
Upload: 19.33 Mbit/s
Sun Apr  3 15:45:01 CEST 2022
Ping: 26.525 ms
Download: 256.51 Mbit/s
Upload: 19.40 Mbit/s
Sun Apr  3 16:45:01 CEST 2022
Ping: 25.838 ms
Download: 197.20 Mbit/s
Upload: 13.30 Mbit/s
Sun Apr  3 17:45:01 CEST 2022
Ping: 21.402 ms
Download: 206.62 Mbit/s
Upload: 14.66 Mbit/s
Sun Apr  3 18:45:01 CEST 2022
Ping: 23.623 ms
Download: 183.64 Mbit/s
Upload: 14.82 Mbit/s
Sun Apr  3 19:45:01 CEST 2022
Ping: 20.323 ms
Download: 279.15 Mbit/s
Upload: 16.75 Mbit/s
Sun Apr  3 20:45:01 CEST 2022
Ping: 23.747 ms
Download: 263.92 Mbit/s
Upload: 15.80 Mbit/s
Sun Apr  3 21:45:01 CEST 2022
Ping: 21.701 ms
Download: 251.94 Mbit/s
Upload: 16.71 Mbit/s
Sun Apr  3 22:45:01 CEST 2022
Ping: 22.068 ms
Download: 49.44 Mbit/s
Upload: 17.35 Mbit/s
Sun Apr  3 23:45:01 CEST 2022
Ping: 21.798 ms
Download: 50.69 Mbit/s
Upload: 17.51 Mbit/s
Mon Apr  4 00:45:01 CEST 2022
Ping: 23.6 ms
Download: 80.62 Mbit/s
Upload: 19.71 Mbit/s
Mon Apr  4 01:45:01 CEST 2022
Ping: 22.453 ms
Download: 283.77 Mbit/s
Upload: 19.28 Mbit/s
Mon Apr  4 02:45:01 CEST 2022
Ping: 19.989 ms
Download: 260.58 Mbit/s
Upload: 14.74 Mbit/s
Mon Apr  4 03:45:01 CEST 2022
Ping: 19.312 ms
Download: 212.88 Mbit/s
Upload: 16.10 Mbit/s
Mon Apr  4 04:45:01 CEST 2022
Ping: 23.122 ms
Download: 271.62 Mbit/s
Upload: 13.40 Mbit/s
Mon Apr  4 05:45:01 CEST 2022
Ping: 23.105 ms
Download: 305.11 Mbit/s
Upload: 19.66 Mbit/s
Mon Apr  4 06:45:01 CEST 2022
Ping: 23.665 ms
Download: 255.99 Mbit/s
Upload: 19.58 Mbit/s
Mon Apr  4 07:45:02 CEST 2022
Ping: 20.898 ms
Download: 356.41 Mbit/s
Upload: 15.55 Mbit/s
Mon Apr  4 08:45:02 CEST 2022
Ping: 25.106 ms
Download: 92.18 Mbit/s
Upload: 19.64 Mbit/s
Mon Apr  4 09:45:01 CEST 2022
Ping: 27.267 ms
Download: 95.05 Mbit/s
Upload: 19.63 Mbit/s
Mon Apr  4 10:45:01 CEST 2022
Ping: 22.51 ms
Download: 296.31 Mbit/s
Upload: 19.28 Mbit/s
Mon Apr  4 11:45:01 CEST 2022
Ping: 22.135 ms
Download: 290.34 Mbit/s
Upload: 19.88 Mbit/s
Mon Apr  4 12:45:01 CEST 2022
Ping: 20.449 ms
Download: 314.86 Mbit/s
Upload: 19.66 Mbit/s
Mon Apr  4 13:45:02 CEST 2022
Ping: 24.077 ms
Download: 277.63 Mbit/s
Upload: 19.81 Mbit/s
Mon Apr  4 14:45:01 CEST 2022
Ping: 23.366 ms
Download: 301.38 Mbit/s
Upload: 19.72 Mbit/s
Mon Apr  4 15:45:01 CEST 2022
Ping: 23.627 ms
Download: 299.89 Mbit/s
Upload: 16.22 Mbit/s
Mon Apr  4 16:45:01 CEST 2022
Ping: 20.403 ms
Download: 287.92 Mbit/s
Upload: 19.08 Mbit/s
Mon Apr  4 17:45:01 CEST 2022
Ping: 22.768 ms
Download: 210.63 Mbit/s
Upload: 18.72 Mbit/s
Mon Apr  4 18:45:01 CEST 2022
Ping: 21.712 ms
Download: 197.29 Mbit/s
Upload: 19.88 Mbit/s
Mon Apr  4 19:45:01 CEST 2022
Ping: 24.644 ms
Download: 45.63 Mbit/s
Upload: 18.10 Mbit/s
Mon Apr  4 20:45:01 CEST 2022
Ping: 26.16 ms
Download: 28.73 Mbit/s
Upload: 17.61 Mbit/s
Mon Apr  4 21:45:01 CEST 2022
Ping: 29.131 ms
Download: 236.52 Mbit/s
Upload: 19.66 Mbit/s
Mon Apr  4 22:45:01 CEST 2022
Ping: 23.504 ms
Download: 199.35 Mbit/s
Upload: 15.17 Mbit/s
Mon Apr  4 23:45:01 CEST 2022
Ping: 17.99 ms
Download: 204.18 Mbit/s
Upload: 13.19 Mbit/s
Tue Apr  5 00:45:01 CEST 2022
Ping: 20.79 ms
Download: 286.57 Mbit/s
Upload: 13.82 Mbit/s
Tue Apr  5 01:45:01 CEST 2022
Ping: 24.476 ms
Download: 231.80 Mbit/s
Upload: 19.52 Mbit/s
Tue Apr  5 02:45:01 CEST 2022
Ping: 24.466 ms
Download: 257.62 Mbit/s
Upload: 19.17 Mbit/s
Tue Apr  5 03:45:01 CEST 2022
Ping: 25.283 ms
Download: 188.57 Mbit/s
Upload: 19.54 Mbit/s
Tue Apr  5 04:45:02 CEST 2022
Ping: 23.274 ms
Download: 204.83 Mbit/s
Upload: 19.57 Mbit/s
Tue Apr  5 05:45:01 CEST 2022
Ping: 23.012 ms
Download: 349.99 Mbit/s
Upload: 16.39 Mbit/s
Tue Apr  5 06:45:01 CEST 2022
Ping: 22.914 ms
Download: 343.25 Mbit/s
Upload: 15.38 Mbit/s
Tue Apr  5 07:45:01 CEST 2022
Ping: 23.188 ms
Download: 346.29 Mbit/s
Upload: 19.77 Mbit/s
Tue Apr  5 08:45:01 CEST 2022
Ping: 21.568 ms
Download: 255.29 Mbit/s
Upload: 19.90 Mbit/s
Tue Apr  5 09:45:01 CEST 2022
Ping: 23.676 ms
Download: 333.47 Mbit/s
Upload: 19.53 Mbit/s
Tue Apr  5 10:45:01 CEST 2022
Ping: 28.539 ms
Download: 181.11 Mbit/s
Upload: 19.34 Mbit/s
Tue Apr  5 11:45:01 CEST 2022
Ping: 31.413 ms
Download: 205.95 Mbit/s
Upload: 19.35 Mbit/s
Tue Apr  5 12:45:01 CEST 2022
Ping: 32.642 ms
Download: 216.76 Mbit/s
Upload: 19.47 Mbit/s
Tue Apr  5 13:45:01 CEST 2022
Ping: 23.135 ms
Download: 231.56 Mbit/s
Upload: 19.55 Mbit/s
Tue Apr  5 14:45:01 CEST 2022
Ping: 26.834 ms
Download: 217.78 Mbit/s
Upload: 18.73 Mbit/s
Tue Apr  5 15:45:02 CEST 2022
Ping: 22.698 ms
Download: 200.42 Mbit/s
Upload: 19.86 Mbit/s
Tue Apr  5 16:45:01 CEST 2022
Ping: 24.628 ms
Download: 138.36 Mbit/s
Upload: 19.70 Mbit/s
Tue Apr  5 17:45:02 CEST 2022
Ping: 20.166 ms
Download: 274.66 Mbit/s
Upload: 15.76 Mbit/s
Tue Apr  5 18:45:01 CEST 2022
Ping: 22.691 ms
Download: 312.40 Mbit/s
Upload: 15.69 Mbit/s
Tue Apr  5 19:45:01 CEST 2022
Ping: 24.179 ms
Download: 275.94 Mbit/s
Upload: 19.59 Mbit/s
Tue Apr  5 20:45:01 CEST 2022
Ping: 23.402 ms
Download: 253.75 Mbit/s
Upload: 19.21 Mbit/s
Tue Apr  5 21:45:01 CEST 2022
Ping: 23.326 ms
Download: 199.67 Mbit/s
Upload: 19.31 Mbit/s
Tue Apr  5 22:45:01 CEST 2022
Ping: 25.185 ms
Download: 327.97 Mbit/s
Upload: 19.91 Mbit/s
Tue Apr  5 23:45:01 CEST 2022
Ping: 23.785 ms
Download: 257.58 Mbit/s
Upload: 19.14 Mbit/s
Wed Apr  6 00:45:01 CEST 2022
Ping: 23.338 ms
Download: 290.58 Mbit/s
Upload: 19.58 Mbit/s
Wed Apr  6 01:45:02 CEST 2022
Ping: 21.838 ms
Download: 317.75 Mbit/s
Upload: 19.50 Mbit/s
Wed Apr  6 02:45:01 CEST 2022
Ping: 21.791 ms
Download: 283.31 Mbit/s
Upload: 19.72 Mbit/s
Wed Apr  6 03:45:01 CEST 2022
Ping: 22.576 ms
Download: 323.64 Mbit/s
Upload: 19.35 Mbit/s
Wed Apr  6 04:45:01 CEST 2022
Ping: 23.428 ms
Download: 252.54 Mbit/s
Upload: 16.45 Mbit/s
Wed Apr  6 05:45:01 CEST 2022
Ping: 17.881 ms
Download: 322.19 Mbit/s
Upload: 13.67 Mbit/s
Wed Apr  6 06:45:01 CEST 2022
Ping: 22.734 ms
Download: 260.84 Mbit/s
Upload: 15.44 Mbit/s
Wed Apr  6 07:45:01 CEST 2022
Ping: 25.983 ms
Download: 167.96 Mbit/s
Upload: 19.21 Mbit/s
Wed Apr  6 08:45:01 CEST 2022
Ping: 26.293 ms
Download: 198.40 Mbit/s
Upload: 19.42 Mbit/s
Wed Apr  6 09:45:01 CEST 2022
Ping: 26.598 ms
Download: 209.27 Mbit/s
Upload: 19.36 Mbit/s
Wed Apr  6 10:45:01 CEST 2022
Ping: 22.093 ms
Download: 328.56 Mbit/s
Upload: 18.55 Mbit/s
Wed Apr  6 11:45:01 CEST 2022
Ping: 23.827 ms
Download: 317.31 Mbit/s
Upload: 19.78 Mbit/s
Wed Apr  6 12:45:01 CEST 2022
Ping: 22.337 ms
Download: 299.00 Mbit/s
Upload: 19.78 Mbit/s
Wed Apr  6 13:45:01 CEST 2022
Ping: 25.69 ms
Download: 213.51 Mbit/s
Upload: 19.41 Mbit/s
Wed Apr  6 14:45:01 CEST 2022
Ping: 22.913 ms
Download: 224.99 Mbit/s
Upload: 19.74 Mbit/s
Wed Apr  6 15:45:01 CEST 2022
Ping: 24.687 ms
Download: 82.69 Mbit/s
Upload: 18.86 Mbit/s
Wed Apr  6 16:45:01 CEST 2022
Ping: 26.653 ms
Download: 85.77 Mbit/s
Upload: 19.44 Mbit/s
Wed Apr  6 17:45:01 CEST 2022
Ping: 25.056 ms
Download: 56.34 Mbit/s
Upload: 19.62 Mbit/s
Wed Apr  6 18:45:02 CEST 2022
Ping: 27.875 ms
Download: 302.44 Mbit/s
Upload: 19.29 Mbit/s
Wed Apr  6 19:45:01 CEST 2022
Ping: 25.795 ms
Download: 233.08 Mbit/s
Upload: 19.76 Mbit/s
Wed Apr  6 20:45:01 CEST 2022
Ping: 23.482 ms
Download: 339.06 Mbit/s
Upload: 19.34 Mbit/s
Wed Apr  6 21:45:01 CEST 2022
Ping: 22.011 ms
Download: 258.63 Mbit/s
Upload: 19.67 Mbit/s
Wed Apr  6 22:45:01 CEST 2022
Ping: 24.325 ms
Download: 52.38 Mbit/s
Upload: 19.64 Mbit/s
Wed Apr  6 23:45:01 CEST 2022
Ping: 24.88 ms
Download: 69.89 Mbit/s
Upload: 3.84 Mbit/s
Thu Apr  7 00:45:01 CEST 2022
Ping: 23.343 ms
Download: 266.06 Mbit/s
Upload: 19.12 Mbit/s
Thu Apr  7 01:45:01 CEST 2022
Ping: 22.14 ms
Download: 338.87 Mbit/s
Upload: 19.54 Mbit/s
Thu Apr  7 02:45:02 CEST 2022
Ping: 23.26 ms
Download: 243.11 Mbit/s
Upload: 19.68 Mbit/s
Thu Apr  7 03:45:01 CEST 2022
Ping: 22.84 ms
Download: 243.96 Mbit/s
Upload: 19.60 Mbit/s
Thu Apr  7 04:45:01 CEST 2022
Ping: 23.319 ms
Download: 319.77 Mbit/s
Upload: 19.76 Mbit/s
Thu Apr  7 05:45:02 CEST 2022
Ping: 22.643 ms
Download: 298.14 Mbit/s
Upload: 19.79 Mbit/s
Thu Apr  7 06:45:01 CEST 2022
Ping: 23.295 ms
Download: 236.27 Mbit/s
Upload: 19.24 Mbit/s
Thu Apr  7 07:45:01 CEST 2022
Ping: 24.68 ms
Download: 226.77 Mbit/s
Upload: 19.28 Mbit/s
Thu Apr  7 08:45:01 CEST 2022
Ping: 23.279 ms
Download: 269.78 Mbit/s
Upload: 19.81 Mbit/s
Thu Apr  7 09:45:01 CEST 2022
Ping: 23.122 ms
Download: 253.15 Mbit/s
Upload: 19.78 Mbit/s
Thu Apr  7 10:45:01 CEST 2022
Ping: 22.497 ms
Download: 346.33 Mbit/s
Upload: 19.82 Mbit/s
Thu Apr  7 11:45:01 CEST 2022
Ping: 23.676 ms
Download: 324.80 Mbit/s
Upload: 19.48 Mbit/s
Thu Apr  7 12:45:01 CEST 2022
Ping: 23.261 ms
Download: 292.26 Mbit/s
Upload: 19.49 Mbit/s
Thu Apr  7 13:45:01 CEST 2022
Ping: 23.413 ms
Download: 278.80 Mbit/s
Upload: 19.26 Mbit/s
Thu Apr  7 14:45:01 CEST 2022
Ping: 24.498 ms
Download: 253.47 Mbit/s
Upload: 19.42 Mbit/s
Thu Apr  7 15:45:01 CEST 2022
Ping: 24.736 ms
Download: 196.93 Mbit/s
Upload: 19.69 Mbit/s
Thu Apr  7 16:45:02 CEST 2022
Ping: 24.701 ms
Download: 352.16 Mbit/s
Upload: 19.40 Mbit/s
Thu Apr  7 17:45:01 CEST 2022
Ping: 25.296 ms
Download: 265.79 Mbit/s
Upload: 19.16 Mbit/s
Thu Apr  7 18:45:01 CEST 2022
Ping: 24.056 ms
Download: 157.47 Mbit/s
Upload: 19.23 Mbit/s
Thu Apr  7 19:45:01 CEST 2022
Ping: 23.004 ms
Download: 325.66 Mbit/s
Upload: 19.60 Mbit/s
Thu Apr  7 20:45:01 CEST 2022
Ping: 23.502 ms
Download: 301.91 Mbit/s
Upload: 19.37 Mbit/s
Thu Apr  7 21:45:01 CEST 2022
Ping: 23.076 ms
Download: 153.33 Mbit/s
Upload: 13.48 Mbit/s
Thu Apr  7 22:45:01 CEST 2022
Ping: 25.086 ms
Download: 278.65 Mbit/s
Upload: 19.32 Mbit/s
Thu Apr  7 23:45:01 CEST 2022
Ping: 23.829 ms
Download: 248.54 Mbit/s
Upload: 19.71 Mbit/s
Fri Apr  8 00:45:01 CEST 2022
Ping: 22.248 ms
Download: 261.13 Mbit/s
Upload: 19.93 Mbit/s
Fri Apr  8 01:45:01 CEST 2022
Ping: 23.203 ms
Download: 198.36 Mbit/s
Upload: 19.71 Mbit/s
Fri Apr  8 02:45:01 CEST 2022
Ping: 21.899 ms
Download: 203.63 Mbit/s
Upload: 19.62 Mbit/s
Fri Apr  8 03:45:01 CEST 2022
Ping: 23.934 ms
Download: 193.29 Mbit/s
Upload: 19.75 Mbit/s
Fri Apr  8 04:45:01 CEST 2022
Ping: 25.069 ms
Download: 236.87 Mbit/s
Upload: 19.25 Mbit/s
Fri Apr  8 05:45:01 CEST 2022
Ping: 22.719 ms
Download: 255.52 Mbit/s
Upload: 19.41 Mbit/s
Fri Apr  8 06:45:01 CEST 2022
Ping: 26.305 ms
Download: 242.82 Mbit/s
Upload: 19.44 Mbit/s
Fri Apr  8 07:45:01 CEST 2022
Ping: 23.348 ms
Download: 204.52 Mbit/s
Upload: 19.55 Mbit/s
Fri Apr  8 08:45:01 CEST 2022
Ping: 24.188 ms
Download: 103.43 Mbit/s
Upload: 19.23 Mbit/s
Fri Apr  8 09:45:01 CEST 2022
Ping: 23.879 ms
Download: 219.73 Mbit/s
Upload: 19.75 Mbit/s
Fri Apr  8 10:45:01 CEST 2022
Ping: 22.155 ms
Download: 284.31 Mbit/s
Upload: 19.30 Mbit/s
Fri Apr  8 11:45:01 CEST 2022
Ping: 24.341 ms
Download: 187.06 Mbit/s
Upload: 15.30 Mbit/s
Fri Apr  8 12:45:01 CEST 2022
Ping: 24.49 ms
Download: 213.78 Mbit/s
Upload: 19.60 Mbit/s
Fri Apr  8 13:45:01 CEST 2022
Ping: 22.593 ms
Download: 190.01 Mbit/s
Upload: 19.62 Mbit/s
Fri Apr  8 14:45:01 CEST 2022
Ping: 19.294 ms
Download: 316.58 Mbit/s
Upload: 15.99 Mbit/s
Fri Apr  8 15:45:01 CEST 2022
Ping: 21.862 ms
Download: 280.99 Mbit/s
Upload: 15.28 Mbit/s
Fri Apr  8 16:45:01 CEST 2022
Ping: 24.692 ms
Download: 309.87 Mbit/s
Upload: 19.73 Mbit/s
Fri Apr  8 17:45:01 CEST 2022
Ping: 22.076 ms
Download: 301.26 Mbit/s
Upload: 19.84 Mbit/s
Fri Apr  8 18:45:01 CEST 2022
Ping: 25.946 ms
Download: 244.66 Mbit/s
Upload: 19.35 Mbit/s
Fri Apr  8 19:45:01 CEST 2022
Ping: 23.154 ms
Download: 63.84 Mbit/s
Upload: 18.89 Mbit/s
Fri Apr  8 20:45:01 CEST 2022
Ping: 24.92 ms
Download: 34.23 Mbit/s
Upload: 18.54 Mbit/s
Fri Apr  8 21:45:01 CEST 2022
Ping: 24.48 ms
Download: 210.41 Mbit/s
Upload: 19.16 Mbit/s
Fri Apr  8 22:45:01 CEST 2022
Ping: 23.287 ms
Download: 222.26 Mbit/s
Upload: 14.20 Mbit/s
Fri Apr  8 23:45:01 CEST 2022
Ping: 19.62 ms
Download: 217.10 Mbit/s
Upload: 15.50 Mbit/s
Sat Apr  9 00:45:01 CEST 2022
Ping: 19.443 ms
Download: 237.69 Mbit/s
Upload: 15.16 Mbit/s
Sat Apr  9 01:45:01 CEST 2022
Ping: 23.477 ms
Download: 205.99 Mbit/s
Upload: 15.01 Mbit/s
Sat Apr  9 02:45:01 CEST 2022
Ping: 22.444 ms
Download: 343.83 Mbit/s
Upload: 16.08 Mbit/s
Sat Apr  9 03:45:01 CEST 2022
Ping: 22.742 ms
Download: 347.06 Mbit/s
Upload: 17.95 Mbit/s
Sat Apr  9 04:45:01 CEST 2022
Ping: 22.259 ms
Download: 319.92 Mbit/s
Upload: 15.47 Mbit/s
Sat Apr  9 05:45:01 CEST 2022
Ping: 23.079 ms
Download: 299.49 Mbit/s
Upload: 19.50 Mbit/s
Sat Apr  9 06:45:01 CEST 2022
Ping: 23.007 ms
Download: 240.42 Mbit/s
Upload: 19.60 Mbit/s
Sat Apr  9 07:45:01 CEST 2022
Ping: 22.666 ms
Download: 303.18 Mbit/s
Upload: 19.35 Mbit/s
Sat Apr  9 08:45:01 CEST 2022
Ping: 23.03 ms
Download: 199.90 Mbit/s
Upload: 19.31 Mbit/s
Sat Apr  9 09:45:01 CEST 2022
Ping: 22.153 ms
Download: 195.73 Mbit/s
Upload: 18.86 Mbit/s
Sat Apr  9 10:45:01 CEST 2022
Ping: 22.076 ms
Download: 329.30 Mbit/s
Upload: 19.29 Mbit/s
Sat Apr  9 11:45:01 CEST 2022
Ping: 23.174 ms
Download: 207.10 Mbit/s
Upload: 19.48 Mbit/s
Sat Apr  9 12:45:01 CEST 2022
Ping: 21.767 ms
Download: 205.86 Mbit/s
Upload: 19.12 Mbit/s
Sat Apr  9 13:45:01 CEST 2022
Ping: 22.54 ms
Download: 28.19 Mbit/s
Upload: 16.32 Mbit/s
Sat Apr  9 14:45:01 CEST 2022
Ping: 23.549 ms
Download: 226.09 Mbit/s
Upload: 19.47 Mbit/s
Sat Apr  9 15:45:01 CEST 2022
Ping: 20.499 ms
Download: 227.73 Mbit/s
Upload: 15.29 Mbit/s
Sat Apr  9 16:45:01 CEST 2022
Ping: 23.209 ms
Download: 341.80 Mbit/s
Upload: 19.16 Mbit/s
Sat Apr  9 17:45:01 CEST 2022
Ping: 22.256 ms
Download: 272.01 Mbit/s
Upload: 19.44 Mbit/s
Sat Apr  9 18:45:01 CEST 2022
Ping: 24.136 ms
Download: 315.09 Mbit/s
Upload: 19.75 Mbit/s
Sat Apr  9 19:45:01 CEST 2022
Ping: 28.15 ms
Download: 204.43 Mbit/s
Upload: 18.51 Mbit/s
Sat Apr  9 20:45:01 CEST 2022
Ping: 27.869 ms
Download: 257.77 Mbit/s
Upload: 19.19 Mbit/s
Sat Apr  9 21:45:01 CEST 2022
Ping: 24.976 ms
Download: 217.63 Mbit/s
Upload: 19.55 Mbit/s
Sat Apr  9 22:45:01 CEST 2022
Ping: 23.34 ms
Download: 223.53 Mbit/s
Upload: 19.50 Mbit/s
Sat Apr  9 23:45:01 CEST 2022
Ping: 20.805 ms
Download: 237.18 Mbit/s
Upload: 16.26 Mbit/s
Sun Apr 10 00:45:01 CEST 2022
Ping: 21.323 ms
Download: 292.14 Mbit/s
Upload: 15.14 Mbit/s
Sun Apr 10 01:45:01 CEST 2022
Ping: 23.391 ms
Download: 219.50 Mbit/s
Upload: 19.69 Mbit/s
Sun Apr 10 02:45:02 CEST 2022
Ping: 26.245 ms
Download: 211.07 Mbit/s
Upload: 19.50 Mbit/s
Sun Apr 10 03:45:10 CEST 2022
Ping: 27.679 ms
Download: 213.41 Mbit/s
Upload: 19.60 Mbit/s
Sun Apr 10 04:45:01 CEST 2022
Ping: 21.062 ms
Download: 294.63 Mbit/s
Upload: 19.65 Mbit/s
Sun Apr 10 05:45:01 CEST 2022
Ping: 22.159 ms
Download: 317.07 Mbit/s
Upload: 19.56 Mbit/s
Sun Apr 10 06:45:01 CEST 2022
Ping: 24.323 ms
Download: 272.15 Mbit/s
Upload: 19.86 Mbit/s
Sun Apr 10 07:45:01 CEST 2022
Ping: 24.698 ms
Download: 152.66 Mbit/s
Upload: 19.15 Mbit/s
Sun Apr 10 08:45:01 CEST 2022
Ping: 23.646 ms
Download: 75.44 Mbit/s
Upload: 19.60 Mbit/s
Sun Apr 10 09:45:01 CEST 2022
Ping: 24.358 ms
Download: 163.52 Mbit/s
Upload: 18.54 Mbit/s
Sun Apr 10 10:45:01 CEST 2022
Ping: 24.768 ms
Download: 202.24 Mbit/s
Upload: 19.29 Mbit/s
Sun Apr 10 11:45:01 CEST 2022
Ping: 26.205 ms
Download: 281.31 Mbit/s
Upload: 19.82 Mbit/s
Sun Apr 10 12:45:01 CEST 2022
Ping: 32.65 ms
Download: 179.43 Mbit/s
Upload: 18.21 Mbit/s
Sun Apr 10 13:45:01 CEST 2022
Ping: 25.823 ms
Download: 259.64 Mbit/s
Upload: 19.38 Mbit/s
Sun Apr 10 14:45:01 CEST 2022
Ping: 23.045 ms
Download: 193.83 Mbit/s
Upload: 19.40 Mbit/s
Sun Apr 10 15:45:01 CEST 2022
Ping: 22.895 ms
Download: 63.75 Mbit/s
Upload: 18.18 Mbit/s
Sun Apr 10 16:45:01 CEST 2022
Ping: 22.574 ms
Download: 202.93 Mbit/s
Upload: 19.86 Mbit/s
Sun Apr 10 17:45:01 CEST 2022
Ping: 22.4 ms
Download: 230.93 Mbit/s
Upload: 19.33 Mbit/s
Sun Apr 10 18:45:01 CEST 2022
Ping: 23.519 ms
Download: 283.70 Mbit/s
Upload: 19.47 Mbit/s
Sun Apr 10 19:45:01 CEST 2022
Ping: 24.265 ms
Download: 299.17 Mbit/s
Upload: 19.80 Mbit/s
Sun Apr 10 20:45:01 CEST 2022
Ping: 22.794 ms
Download: 244.65 Mbit/s
Upload: 19.05 Mbit/s
Sun Apr 10 21:45:01 CEST 2022
Ping: 22.157 ms
Download: 283.09 Mbit/s
Upload: 19.72 Mbit/s
Sun Apr 10 22:45:01 CEST 2022
Ping: 23.436 ms
Download: 235.06 Mbit/s
Upload: 19.78 Mbit/s
Sun Apr 10 23:45:01 CEST 2022
Ping: 22.539 ms
Download: 257.89 Mbit/s
Upload: 19.61 Mbit/s
Mon Apr 11 00:45:01 CEST 2022
Ping: 22.803 ms
Download: 289.61 Mbit/s
Upload: 19.71 Mbit/s
Mon Apr 11 01:45:01 CEST 2022
Ping: 23.152 ms
Download: 85.95 Mbit/s
Upload: 19.60 Mbit/s
Mon Apr 11 02:45:01 CEST 2022
Ping: 22.171 ms
Download: 291.08 Mbit/s
Upload: 19.34 Mbit/s
Mon Apr 11 03:45:01 CEST 2022
Ping: 23.918 ms
Download: 275.04 Mbit/s
Upload: 19.66 Mbit/s
Mon Apr 11 04:45:01 CEST 2022
Ping: 21.568 ms
Download: 245.80 Mbit/s
Upload: 19.55 Mbit/s
Mon Apr 11 05:45:01 CEST 2022
Ping: 23.477 ms
Download: 202.30 Mbit/s
Upload: 19.54 Mbit/s
Mon Apr 11 06:45:01 CEST 2022
Ping: 21.816 ms
Download: 208.44 Mbit/s
Upload: 19.85 Mbit/s
Mon Apr 11 07:45:01 CEST 2022
Ping: 23.184 ms
Download: 196.45 Mbit/s
Upload: 19.56 Mbit/s
Mon Apr 11 08:45:02 CEST 2022
Ping: 22.971 ms
Download: 283.22 Mbit/s
Upload: 19.41 Mbit/s
Mon Apr 11 09:45:01 CEST 2022
Ping: 22.505 ms
Download: 74.52 Mbit/s
Upload: 19.09 Mbit/s
Mon Apr 11 10:45:01 CEST 2022
Ping: 22.981 ms
Download: 302.15 Mbit/s
Upload: 19.45 Mbit/s
Mon Apr 11 11:45:01 CEST 2022
Ping: 22.485 ms
Download: 323.35 Mbit/s
Upload: 18.20 Mbit/s
Mon Apr 11 12:45:01 CEST 2022
Ping: 23.034 ms
Download: 245.44 Mbit/s
Upload: 19.47 Mbit/s
Mon Apr 11 13:45:01 CEST 2022
Ping: 22.754 ms
Download: 202.28 Mbit/s
Upload: 19.56 Mbit/s
Mon Apr 11 14:45:01 CEST 2022
Ping: 25.27 ms
Download: 235.14 Mbit/s
Upload: 17.69 Mbit/s
Mon Apr 11 15:45:01 CEST 2022
Ping: 23.833 ms
Download: 174.18 Mbit/s
Upload: 11.61 Mbit/s
Mon Apr 11 16:45:02 CEST 2022
Ping: 26.195 ms
Download: 166.37 Mbit/s
Upload: 12.69 Mbit/s
Mon Apr 11 17:45:01 CEST 2022
Ping: 24.614 ms
Download: 183.47 Mbit/s
Upload: 19.23 Mbit/s
Mon Apr 11 18:45:01 CEST 2022
Ping: 28.777 ms
Download: 197.85 Mbit/s
Upload: 19.42 Mbit/s
Mon Apr 11 19:45:01 CEST 2022
Ping: 26.659 ms
Download: 272.52 Mbit/s
Upload: 19.39 Mbit/s
Mon Apr 11 20:45:01 CEST 2022
Ping: 23.871 ms
Download: 284.60 Mbit/s
Upload: 19.30 Mbit/s
Mon Apr 11 21:45:01 CEST 2022
Ping: 22.341 ms
Download: 221.11 Mbit/s
Upload: 19.61 Mbit/s
Mon Apr 11 22:45:01 CEST 2022
Ping: 24.761 ms
Download: 57.32 Mbit/s
Upload: 19.30 Mbit/s
Mon Apr 11 23:45:02 CEST 2022
Ping: 22.663 ms
Download: 276.49 Mbit/s
Upload: 19.73 Mbit/s
Tue Apr 12 00:45:01 CEST 2022
Ping: 20.318 ms
Download: 227.63 Mbit/s
Upload: 14.99 Mbit/s
Tue Apr 12 01:45:01 CEST 2022
Ping: 19.232 ms
Download: 281.58 Mbit/s
Upload: 14.34 Mbit/s
Tue Apr 12 02:45:01 CEST 2022
Ping: 24.356 ms
Download: 258.11 Mbit/s
Upload: 19.70 Mbit/s
Tue Apr 12 03:45:01 CEST 2022
Ping: 35.216 ms
Download: 233.00 Mbit/s
Upload: 18.98 Mbit/s
Tue Apr 12 04:45:01 CEST 2022
Ping: 39.087 ms
Download: 201.85 Mbit/s
Upload: 18.23 Mbit/s
Tue Apr 12 05:45:01 CEST 2022
Ping: 23.531 ms
Download: 210.88 Mbit/s
Upload: 19.74 Mbit/s
Tue Apr 12 06:45:01 CEST 2022
Ping: 23.139 ms
Download: 199.65 Mbit/s
Upload: 19.84 Mbit/s
Tue Apr 12 07:45:01 CEST 2022
Ping: 23.48 ms
Download: 177.34 Mbit/s
Upload: 19.71 Mbit/s
Tue Apr 12 08:45:01 CEST 2022
Ping: 23.05 ms
Download: 53.19 Mbit/s
Upload: 19.23 Mbit/s
Tue Apr 12 09:45:01 CEST 2022
Ping: 23.369 ms
Download: 310.85 Mbit/s
Upload: 19.23 Mbit/s
Tue Apr 12 10:45:02 CEST 2022
Ping: 22.324 ms
Download: 293.15 Mbit/s
Upload: 19.27 Mbit/s
Tue Apr 12 11:45:01 CEST 2022
Ping: 28.348 ms
Download: 233.97 Mbit/s
Upload: 19.62 Mbit/s
Tue Apr 12 12:45:01 CEST 2022
Ping: 25.006 ms
Download: 219.84 Mbit/s
Upload: 19.42 Mbit/s
Tue Apr 12 13:45:01 CEST 2022
Ping: 25.042 ms
Download: 217.75 Mbit/s
Upload: 19.33 Mbit/s
Tue Apr 12 14:45:01 CEST 2022
Ping: 22.753 ms
Download: 201.11 Mbit/s
Upload: 12.84 Mbit/s
Tue Apr 12 15:45:01 CEST 2022
Ping: 21.977 ms
Download: 210.35 Mbit/s
Upload: 15.23 Mbit/s
Tue Apr 12 16:45:02 CEST 2022
Ping: 23.778 ms
Download: 218.47 Mbit/s
Upload: 19.60 Mbit/s
Tue Apr 12 17:45:02 CEST 2022
Ping: 27.056 ms
Download: 222.95 Mbit/s
Upload: 18.01 Mbit/s
Tue Apr 12 18:45:01 CEST 2022
Ping: 24.208 ms
Download: 188.34 Mbit/s
Upload: 19.28 Mbit/s
Tue Apr 12 19:45:01 CEST 2022
Ping: 23.361 ms
Download: 229.10 Mbit/s
Upload: 8.24 Mbit/s
Tue Apr 12 20:45:02 CEST 2022
Ping: 27.83 ms
Download: 216.92 Mbit/s
Upload: 18.90 Mbit/s
Tue Apr 12 21:45:01 CEST 2022
Ping: 25.736 ms
Download: 316.45 Mbit/s
Upload: 19.70 Mbit/s
Tue Apr 12 22:45:01 CEST 2022
Ping: 26.53 ms
Download: 288.59 Mbit/s
Upload: 19.16 Mbit/s
Tue Apr 12 23:45:01 CEST 2022
Ping: 25.477 ms
Download: 282.87 Mbit/s
Upload: 19.67 Mbit/s
Wed Apr 13 00:45:01 CEST 2022
Ping: 27.402 ms
Download: 237.17 Mbit/s
Upload: 18.81 Mbit/s
Wed Apr 13 01:45:01 CEST 2022
Ping: 24.089 ms
Download: 237.01 Mbit/s
Upload: 19.42 Mbit/s
Wed Apr 13 02:45:01 CEST 2022
Ping: 24.84 ms
Download: 336.66 Mbit/s
Upload: 19.74 Mbit/s
Wed Apr 13 03:45:01 CEST 2022
Ping: 23.69 ms
Download: 333.14 Mbit/s
Upload: 19.88 Mbit/s
Wed Apr 13 04:45:01 CEST 2022
Ping: 22.371 ms
Download: 317.17 Mbit/s
Upload: 19.87 Mbit/s
Wed Apr 13 05:45:01 CEST 2022
Ping: 20.791 ms
Download: 284.33 Mbit/s
Upload: 19.83 Mbit/s
Wed Apr 13 06:45:01 CEST 2022
Ping: 18.93 ms
Download: 303.52 Mbit/s
Upload: 15.69 Mbit/s
Wed Apr 13 07:45:01 CEST 2022
Ping: 24.811 ms
Download: 294.84 Mbit/s
Upload: 19.78 Mbit/s
Wed Apr 13 08:45:01 CEST 2022
Ping: 21.815 ms
Download: 296.29 Mbit/s
Upload: 14.47 Mbit/s
Wed Apr 13 09:45:01 CEST 2022
Ping: 21.223 ms
Download: 267.16 Mbit/s
Upload: 14.46 Mbit/s
Wed Apr 13 10:45:01 CEST 2022
Ping: 26.459 ms
Download: 227.86 Mbit/s
Upload: 18.67 Mbit/s
Wed Apr 13 11:45:01 CEST 2022
Ping: 23.018 ms
Download: 245.00 Mbit/s
Upload: 19.56 Mbit/s
Wed Apr 13 12:45:01 CEST 2022
Ping: 23.394 ms
Download: 213.12 Mbit/s
Upload: 19.21 Mbit/s
Wed Apr 13 13:45:01 CEST 2022
Ping: 25.326 ms
Download: 183.09 Mbit/s
Upload: 19.26 Mbit/s
Wed Apr 13 14:45:01 CEST 2022
Ping: 24.05 ms
Download: 129.16 Mbit/s
Upload: 19.55 Mbit/s
Wed Apr 13 15:45:01 CEST 2022
Ping: 38.343 ms
Download: 81.47 Mbit/s
Upload: 19.14 Mbit/s
Wed Apr 13 16:45:02 CEST 2022
Ping: 23.725 ms
Download: 121.95 Mbit/s
Upload: 18.70 Mbit/s
Wed Apr 13 17:45:01 CEST 2022
Ping: 22.604 ms
Download: 165.60 Mbit/s
Upload: 19.72 Mbit/s
Wed Apr 13 18:45:01 CEST 2022
Ping: 23.28 ms
Download: 218.18 Mbit/s
Upload: 19.64 Mbit/s
Wed Apr 13 19:45:01 CEST 2022
Ping: 22.79 ms
Download: 238.28 Mbit/s
Upload: 19.82 Mbit/s
Wed Apr 13 20:45:01 CEST 2022
Ping: 21.17 ms
Download: 275.37 Mbit/s
Upload: 19.63 Mbit/s
Wed Apr 13 21:45:01 CEST 2022
Ping: 22.907 ms
Download: 141.10 Mbit/s
Upload: 19.50 Mbit/s
Wed Apr 13 22:45:01 CEST 2022
Ping: 21.852 ms
Download: 282.79 Mbit/s
Upload: 19.69 Mbit/s
Wed Apr 13 23:45:01 CEST 2022
Ping: 23.977 ms
Download: 317.08 Mbit/s
Upload: 19.84 Mbit/s
Thu Apr 14 00:45:01 CEST 2022
Ping: 19.534 ms
Download: 250.47 Mbit/s
Upload: 14.28 Mbit/s
Thu Apr 14 01:45:01 CEST 2022
Ping: 20.157 ms
Download: 275.57 Mbit/s
Upload: 15.33 Mbit/s
Thu Apr 14 02:45:01 CEST 2022
Ping: 24.481 ms
Download: 192.35 Mbit/s
Upload: 17.59 Mbit/s
Thu Apr 14 03:45:01 CEST 2022
Ping: 23.665 ms
Download: 269.15 Mbit/s
Upload: 19.45 Mbit/s
Thu Apr 14 04:45:01 CEST 2022
Ping: 22.687 ms
Download: 202.41 Mbit/s
Upload: 19.13 Mbit/s
Thu Apr 14 05:45:01 CEST 2022
Ping: 23.842 ms
Download: 288.55 Mbit/s
Upload: 14.99 Mbit/s
Thu Apr 14 06:45:01 CEST 2022
Ping: 20.18 ms
Download: 263.01 Mbit/s
Upload: 14.06 Mbit/s
Thu Apr 14 07:45:01 CEST 2022
Ping: 22.756 ms
Download: 273.58 Mbit/s
Upload: 19.48 Mbit/s
Thu Apr 14 08:45:01 CEST 2022
Ping: 26.312 ms
Download: 217.39 Mbit/s
Upload: 19.50 Mbit/s
Thu Apr 14 09:45:02 CEST 2022
Ping: 23.326 ms
Download: 221.17 Mbit/s
Upload: 19.02 Mbit/s
Thu Apr 14 10:45:01 CEST 2022
Ping: 22.045 ms
Download: 216.29 Mbit/s
Upload: 19.66 Mbit/s
Thu Apr 14 11:45:02 CEST 2022
Ping: 24.64 ms
Download: 217.37 Mbit/s
Upload: 19.02 Mbit/s
Thu Apr 14 12:45:01 CEST 2022
Ping: 24.507 ms
Download: 166.36 Mbit/s
Upload: 19.68 Mbit/s
Thu Apr 14 13:45:01 CEST 2022
Ping: 25.267 ms
Download: 210.78 Mbit/s
Upload: 19.49 Mbit/s
Thu Apr 14 14:45:02 CEST 2022
Ping: 27.517 ms
Download: 224.69 Mbit/s
Upload: 19.54 Mbit/s
Thu Apr 14 15:45:01 CEST 2022
Ping: 27.523 ms
Download: 216.20 Mbit/s
Upload: 19.52 Mbit/s
Thu Apr 14 16:45:01 CEST 2022
Ping: 25.989 ms
Download: 214.06 Mbit/s
Upload: 19.06 Mbit/s
Thu Apr 14 17:45:02 CEST 2022
Ping: 25.81 ms
Download: 194.03 Mbit/s
Upload: 19.80 Mbit/s
Thu Apr 14 18:45:01 CEST 2022
Ping: 23.761 ms
Download: 52.90 Mbit/s
Upload: 19.70 Mbit/s
Thu Apr 14 19:45:01 CEST 2022
Ping: 25.307 ms
Download: 241.28 Mbit/s
Upload: 19.24 Mbit/s
Thu Apr 14 20:45:01 CEST 2022
Ping: 22.295 ms
Download: 154.25 Mbit/s
Upload: 19.39 Mbit/s
Thu Apr 14 21:45:01 CEST 2022
Ping: 30.407 ms
Download: 174.30 Mbit/s
Upload: 19.25 Mbit/s
Thu Apr 14 22:45:02 CEST 2022
Ping: 24.953 ms
Download: 229.54 Mbit/s
Upload: 18.97 Mbit/s
Thu Apr 14 23:45:01 CEST 2022
Ping: 25.922 ms
Download: 180.97 Mbit/s
Upload: 19.28 Mbit/s
Fri Apr 15 00:45:01 CEST 2022
Ping: 26.626 ms
Download: 286.42 Mbit/s
Upload: 19.80 Mbit/s
Fri Apr 15 01:45:02 CEST 2022
Ping: 24.743 ms
Download: 285.92 Mbit/s
Upload: 19.14 Mbit/s
Fri Apr 15 02:45:01 CEST 2022
Ping: 24.873 ms
Download: 273.79 Mbit/s
Upload: 19.51 Mbit/s
Fri Apr 15 03:45:01 CEST 2022
Ping: 21.072 ms
Download: 292.06 Mbit/s
Upload: 19.45 Mbit/s
Fri Apr 15 04:45:01 CEST 2022
Ping: 23.008 ms
Download: 276.85 Mbit/s
Upload: 19.47 Mbit/s
Fri Apr 15 05:45:01 CEST 2022
Ping: 21.993 ms
Download: 304.83 Mbit/s
Upload: 19.69 Mbit/s
Fri Apr 15 06:45:02 CEST 2022
Ping: 23.006 ms
Download: 203.70 Mbit/s
Upload: 19.79 Mbit/s
Fri Apr 15 07:45:01 CEST 2022
Ping: 23.809 ms
Download: 204.57 Mbit/s
Upload: 19.79 Mbit/s
Fri Apr 15 08:45:01 CEST 2022
Ping: 23.02 ms
Download: 208.07 Mbit/s
Upload: 19.40 Mbit/s
Fri Apr 15 09:45:01 CEST 2022
Ping: 24.138 ms
Download: 200.65 Mbit/s
Upload: 19.19 Mbit/s
Fri Apr 15 10:45:01 CEST 2022
Ping: 22.169 ms
Download: 335.60 Mbit/s
Upload: 19.41 Mbit/s
Fri Apr 15 11:45:01 CEST 2022
Ping: 21.566 ms
Download: 298.53 Mbit/s
Upload: 19.27 Mbit/s
Fri Apr 15 12:45:01 CEST 2022
Ping: 26.528 ms
Download: 188.06 Mbit/s
Upload: 19.21 Mbit/s
Fri Apr 15 13:45:01 CEST 2022
Ping: 29.504 ms
Download: 223.67 Mbit/s
Upload: 19.21 Mbit/s
Fri Apr 15 14:45:24 CEST 2022
Ping: 28.167 ms
Download: 211.93 Mbit/s
Upload: 18.95 Mbit/s
Fri Apr 15 15:45:01 CEST 2022
Ping: 28.795 ms
Download: 185.46 Mbit/s
Upload: 18.65 Mbit/s
Fri Apr 15 16:45:02 CEST 2022
Ping: 32.091 ms
Download: 221.26 Mbit/s
Upload: 18.90 Mbit/s
Fri Apr 15 17:45:01 CEST 2022
Ping: 29.996 ms
Download: 302.39 Mbit/s
Upload: 19.02 Mbit/s
Fri Apr 15 18:45:01 CEST 2022
Ping: 24.911 ms
Download: 200.52 Mbit/s
Upload: 19.59 Mbit/s
Fri Apr 15 19:45:01 CEST 2022
Ping: 24.199 ms
Download: 222.35 Mbit/s
Upload: 19.60 Mbit/s
Fri Apr 15 20:45:01 CEST 2022
Ping: 23.015 ms
Download: 210.39 Mbit/s
Upload: 19.78 Mbit/s
Fri Apr 15 21:45:01 CEST 2022
Ping: 31.318 ms
Download: 257.24 Mbit/s
Upload: 19.27 Mbit/s
Fri Apr 15 22:45:01 CEST 2022
Ping: 30.161 ms
Download: 290.44 Mbit/s
Upload: 18.65 Mbit/s
Fri Apr 15 23:45:01 CEST 2022
Ping: 33.088 ms
Download: 279.83 Mbit/s
Upload: 18.43 Mbit/s
Sat Apr 16 00:45:01 CEST 2022
Ping: 22.899 ms
Download: 280.73 Mbit/s
Upload: 19.59 Mbit/s
Sat Apr 16 01:45:02 CEST 2022
Ping: 22.397 ms
Download: 265.09 Mbit/s
Upload: 19.68 Mbit/s
Sat Apr 16 02:45:01 CEST 2022
Ping: 21.542 ms
Download: 267.60 Mbit/s
Upload: 19.55 Mbit/s
Sat Apr 16 03:45:01 CEST 2022
Ping: 25.4 ms
Download: 283.25 Mbit/s
Upload: 19.25 Mbit/s
Sat Apr 16 04:45:01 CEST 2022
Ping: 28.097 ms
Download: 218.05 Mbit/s
Upload: 19.62 Mbit/s
Sat Apr 16 05:45:01 CEST 2022
Ping: 25.609 ms
Download: 243.74 Mbit/s
Upload: 19.06 Mbit/s
Sat Apr 16 06:45:01 CEST 2022
Ping: 24.143 ms
Download: 272.37 Mbit/s
Upload: 19.57 Mbit/s
Sat Apr 16 07:45:01 CEST 2022
Ping: 26.441 ms
Download: 240.65 Mbit/s
Upload: 19.47 Mbit/s
Sat Apr 16 08:45:01 CEST 2022
Ping: 26.346 ms
Download: 236.87 Mbit/s
Upload: 18.77 Mbit/s
Sat Apr 16 09:45:01 CEST 2022
Ping: 24.813 ms
Download: 197.79 Mbit/s
Upload: 19.52 Mbit/s
Sat Apr 16 10:45:01 CEST 2022
Ping: 23.058 ms
Download: 210.89 Mbit/s
Upload: 19.60 Mbit/s
Sat Apr 16 11:45:01 CEST 2022
Ping: 24.602 ms
Download: 216.90 Mbit/s
Upload: 19.59 Mbit/s
Sat Apr 16 12:45:01 CEST 2022
Ping: 25.376 ms
Download: 212.00 Mbit/s
Upload: 18.53 Mbit/s
Sat Apr 16 13:45:02 CEST 2022
Ping: 20.996 ms
Download: 244.33 Mbit/s
Upload: 19.59 Mbit/s
Sat Apr 16 14:45:01 CEST 2022
Ping: 24.208 ms
Download: 209.32 Mbit/s
Upload: 18.33 Mbit/s
Sat Apr 16 15:45:01 CEST 2022
Ping: 23.563 ms
Download: 213.31 Mbit/s
Upload: 11.64 Mbit/s
Sat Apr 16 16:45:01 CEST 2022
Ping: 23.82 ms
Download: 165.64 Mbit/s
Upload: 17.28 Mbit/s
Sat Apr 16 17:45:01 CEST 2022
Ping: 23.621 ms
Download: 85.03 Mbit/s
Upload: 17.10 Mbit/s
Sat Apr 16 18:45:01 CEST 2022
Ping: 24.368 ms
Download: 202.77 Mbit/s
Upload: 18.28 Mbit/s
Sat Apr 16 19:45:01 CEST 2022
Ping: 25.133 ms
Download: 220.11 Mbit/s
Upload: 18.66 Mbit/s
Sat Apr 16 20:45:01 CEST 2022
Ping: 22.873 ms
Download: 182.78 Mbit/s
Upload: 18.18 Mbit/s
Sat Apr 16 21:45:01 CEST 2022
Ping: 24.723 ms
Download: 165.01 Mbit/s
Upload: 11.12 Mbit/s
Sat Apr 16 22:45:01 CEST 2022
Ping: 25.385 ms
Download: 215.04 Mbit/s
Upload: 19.11 Mbit/s
Sat Apr 16 23:45:01 CEST 2022
Ping: 27.032 ms
Download: 168.07 Mbit/s
Upload: 13.46 Mbit/s
Sun Apr 17 00:45:01 CEST 2022
Ping: 23.621 ms
Download: 237.29 Mbit/s
Upload: 16.18 Mbit/s
Sun Apr 17 01:45:01 CEST 2022
Ping: 22.311 ms
Download: 225.01 Mbit/s
Upload: 17.11 Mbit/s
Sun Apr 17 02:45:01 CEST 2022
Ping: 22.701 ms
Download: 107.11 Mbit/s
Upload: 13.54 Mbit/s
Sun Apr 17 03:45:01 CEST 2022
Ping: 29.129 ms
Download: 134.18 Mbit/s
Upload: 19.35 Mbit/s
Sun Apr 17 04:45:02 CEST 2022
Ping: 27.183 ms
Download: 63.13 Mbit/s
Upload: 18.76 Mbit/s
Sun Apr 17 05:45:01 CEST 2022
Ping: 26.597 ms
Download: 72.86 Mbit/s
Upload: 18.38 Mbit/s
Sun Apr 17 06:45:01 CEST 2022
Ping: 26.015 ms
Download: 71.69 Mbit/s
Upload: 18.57 Mbit/s
Sun Apr 17 07:45:01 CEST 2022
Ping: 24.285 ms
Download: 138.60 Mbit/s
Upload: 19.22 Mbit/s
Sun Apr 17 08:45:01 CEST 2022
Ping: 22.904 ms
Download: 169.26 Mbit/s
Upload: 18.97 Mbit/s
Sun Apr 17 09:45:01 CEST 2022
Ping: 27.37 ms
Download: 141.22 Mbit/s
Upload: 17.59 Mbit/s
Sun Apr 17 10:45:01 CEST 2022
Ping: 27.825 ms
Download: 136.50 Mbit/s
Upload: 17.68 Mbit/s
Sun Apr 17 11:45:01 CEST 2022
Ping: 25.474 ms
Download: 153.11 Mbit/s
Upload: 15.53 Mbit/s
Sun Apr 17 12:45:01 CEST 2022
Ping: 26.111 ms
Download: 149.05 Mbit/s
Upload: 17.43 Mbit/s
Sun Apr 17 13:45:02 CEST 2022
Ping: 25.921 ms
Download: 80.56 Mbit/s
Upload: 16.63 Mbit/s
Sun Apr 17 14:45:01 CEST 2022
Ping: 25.134 ms
Download: 85.87 Mbit/s
Upload: 16.43 Mbit/s
Sun Apr 17 15:45:01 CEST 2022
Ping: 24.401 ms
Download: 65.49 Mbit/s
Upload: 19.18 Mbit/s
Sun Apr 17 16:45:01 CEST 2022
Ping: 26.352 ms
Download: 154.83 Mbit/s
Upload: 17.78 Mbit/s
Sun Apr 17 17:45:01 CEST 2022
Ping: 27.059 ms
Download: 169.38 Mbit/s
Upload: 18.76 Mbit/s
Sun Apr 17 18:45:01 CEST 2022
Ping: 30.147 ms
Download: 59.17 Mbit/s
Upload: 19.06 Mbit/s
Sun Apr 17 19:45:01 CEST 2022
Ping: 24.924 ms
Download: 149.79 Mbit/s
Upload: 12.32 Mbit/s
Sun Apr 17 20:45:01 CEST 2022
Ping: 22.626 ms
Download: 176.40 Mbit/s
Upload: 19.64 Mbit/s
Sun Apr 17 21:45:01 CEST 2022
Ping: 22.062 ms
Download: 250.23 Mbit/s
Upload: 14.76 Mbit/s
Sun Apr 17 22:45:02 CEST 2022
Ping: 20.872 ms
Download: 303.63 Mbit/s
Upload: 17.05 Mbit/s
Sun Apr 17 23:45:01 CEST 2022
Ping: 21.911 ms
Download: 267.94 Mbit/s
Upload: 18.90 Mbit/s
Mon Apr 18 00:45:01 CEST 2022
Ping: 21.879 ms
Download: 237.50 Mbit/s
Upload: 17.02 Mbit/s
Mon Apr 18 01:45:01 CEST 2022
Ping: 29.905 ms
Download: 212.06 Mbit/s
Upload: 18.61 Mbit/s
Mon Apr 18 02:45:01 CEST 2022
Ping: 28.407 ms
Download: 229.95 Mbit/s
Upload: 19.11 Mbit/s
Mon Apr 18 03:45:01 CEST 2022
Ping: 29.583 ms
Download: 223.49 Mbit/s
Upload: 19.31 Mbit/s
Mon Apr 18 04:45:01 CEST 2022
Ping: 22.868 ms
Download: 198.24 Mbit/s
Upload: 15.99 Mbit/s
Mon Apr 18 05:45:01 CEST 2022
Ping: 24.962 ms
Download: 302.12 Mbit/s
Upload: 19.25 Mbit/s
Mon Apr 18 06:45:01 CEST 2022
Ping: 26.499 ms
Download: 189.07 Mbit/s
Upload: 14.82 Mbit/s
Mon Apr 18 07:45:01 CEST 2022
Ping: 27.619 ms
Download: 252.14 Mbit/s
Upload: 18.55 Mbit/s
Mon Apr 18 08:45:01 CEST 2022
Ping: 27.444 ms
Download: 198.53 Mbit/s
Upload: 19.10 Mbit/s
Mon Apr 18 09:45:01 CEST 2022
Ping: 30.334 ms
Download: 212.08 Mbit/s
Upload: 17.54 Mbit/s
Mon Apr 18 10:45:01 CEST 2022
Ping: 24.013 ms
Download: 202.65 Mbit/s
Upload: 13.49 Mbit/s
Mon Apr 18 11:45:01 CEST 2022
Ping: 18.79 ms
Download: 202.17 Mbit/s
Upload: 13.48 Mbit/s
Mon Apr 18 12:45:02 CEST 2022
Ping: 19.622 ms
Download: 211.86 Mbit/s
Upload: 12.60 Mbit/s
Mon Apr 18 13:45:01 CEST 2022
Ping: 24.935 ms
Download: 210.40 Mbit/s
Upload: 17.10 Mbit/s
Mon Apr 18 14:45:01 CEST 2022
Ping: 23.687 ms
Download: 180.60 Mbit/s
Upload: 6.45 Mbit/s
Mon Apr 18 15:45:01 CEST 2022
Ping: 24.12 ms
Download: 179.94 Mbit/s
Upload: 17.69 Mbit/s
Mon Apr 18 16:45:01 CEST 2022
Ping: 23.116 ms
Download: 239.70 Mbit/s
Upload: 16.97 Mbit/s
Mon Apr 18 17:45:01 CEST 2022
Ping: 23.847 ms
Download: 251.25 Mbit/s
Upload: 17.43 Mbit/s
Mon Apr 18 18:45:01 CEST 2022
Ping: 23.102 ms
Download: 213.72 Mbit/s
Upload: 15.21 Mbit/s
Mon Apr 18 19:45:01 CEST 2022
Ping: 26.033 ms
Download: 193.09 Mbit/s
Upload: 19.13 Mbit/s
Mon Apr 18 20:45:02 CEST 2022
Ping: 22.556 ms
Download: 214.86 Mbit/s
Upload: 16.13 Mbit/s
Mon Apr 18 21:45:01 CEST 2022
Ping: 24.987 ms
Download: 157.64 Mbit/s
Upload: 8.13 Mbit/s
Mon Apr 18 22:45:01 CEST 2022
Ping: 20.543 ms
Download: 213.71 Mbit/s
Upload: 19.18 Mbit/s
Mon Apr 18 23:45:01 CEST 2022
Ping: 24.065 ms
Download: 35.09 Mbit/s
Upload: 8.52 Mbit/s
Tue Apr 19 00:45:01 CEST 2022
Ping: 23.722 ms
Download: 228.72 Mbit/s
Upload: 15.83 Mbit/s
Tue Apr 19 01:45:01 CEST 2022
Ping: 24.319 ms
Download: 110.53 Mbit/s
Upload: 9.10 Mbit/s
Tue Apr 19 02:45:01 CEST 2022
Ping: 22.813 ms
Download: 191.22 Mbit/s
Upload: 9.57 Mbit/s
Tue Apr 19 03:45:01 CEST 2022
Ping: 23.678 ms
Download: 194.44 Mbit/s
Upload: 14.59 Mbit/s
Tue Apr 19 04:45:01 CEST 2022
Ping: 22.833 ms
Download: 205.08 Mbit/s
Upload: 19.35 Mbit/s
Tue Apr 19 05:45:01 CEST 2022
Ping: 25.172 ms
Download: 235.53 Mbit/s
Upload: 19.63 Mbit/s
Tue Apr 19 06:45:01 CEST 2022
Ping: 24.829 ms
Download: 227.68 Mbit/s
Upload: 18.98 Mbit/s
Tue Apr 19 07:45:01 CEST 2022
Ping: 24.829 ms
Download: 181.29 Mbit/s
Upload: 13.17 Mbit/s
Tue Apr 19 08:45:01 CEST 2022
Ping: 23.801 ms
Download: 215.64 Mbit/s
Upload: 19.32 Mbit/s
Tue Apr 19 09:45:01 CEST 2022
Ping: 19.254 ms
Download: 182.97 Mbit/s
Upload: 17.27 Mbit/s
Tue Apr 19 10:45:01 CEST 2022
Ping: 23.049 ms
Download: 252.43 Mbit/s
Upload: 14.44 Mbit/s
Tue Apr 19 11:45:01 CEST 2022
Ping: 22.489 ms
Download: 283.04 Mbit/s
Upload: 14.38 Mbit/s
Tue Apr 19 12:45:01 CEST 2022
Ping: 24.023 ms
Download: 215.54 Mbit/s
Upload: 16.01 Mbit/s
Tue Apr 19 13:45:01 CEST 2022
Ping: 21.585 ms
Download: 280.89 Mbit/s
Upload: 15.27 Mbit/s
Tue Apr 19 14:45:01 CEST 2022
Ping: 57.039 ms
Download: 277.97 Mbit/s
Upload: 15.84 Mbit/s
Tue Apr 19 15:45:01 CEST 2022
Ping: 22.914 ms
Download: 260.77 Mbit/s
Upload: 14.85 Mbit/s
Tue Apr 19 16:45:01 CEST 2022
Ping: 24.522 ms
Download: 158.87 Mbit/s
Upload: 16.47 Mbit/s
Tue Apr 19 17:45:01 CEST 2022
Ping: 22.911 ms
Download: 183.89 Mbit/s
Upload: 18.99 Mbit/s
Tue Apr 19 18:45:01 CEST 2022
Ping: 23.749 ms
Download: 175.46 Mbit/s
Upload: 19.46 Mbit/s
Tue Apr 19 19:45:01 CEST 2022
Ping: 23.164 ms
Download: 292.71 Mbit/s
Upload: 15.80 Mbit/s
Tue Apr 19 20:45:01 CEST 2022
Ping: 26.062 ms
Download: 216.60 Mbit/s
Upload: 18.57 Mbit/s
Tue Apr 19 21:45:01 CEST 2022
Ping: 25.328 ms
Download: 248.83 Mbit/s
Upload: 18.34 Mbit/s
Tue Apr 19 22:45:01 CEST 2022
Ping: 25.971 ms
Download: 211.78 Mbit/s
Upload: 16.12 Mbit/s
Tue Apr 19 23:45:01 CEST 2022
Ping: 26.164 ms
Download: 217.00 Mbit/s
Upload: 16.78 Mbit/s
Wed Apr 20 00:45:01 CEST 2022
Ping: 24.449 ms
Download: 207.34 Mbit/s
Upload: 16.83 Mbit/s
Wed Apr 20 01:45:01 CEST 2022
Ping: 23.395 ms
Download: 212.34 Mbit/s
Upload: 19.08 Mbit/s
Wed Apr 20 02:45:01 CEST 2022
Ping: 23.853 ms
Download: 158.76 Mbit/s
Upload: 19.38 Mbit/s
Wed Apr 20 03:45:02 CEST 2022
Ping: 22.661 ms
Download: 85.36 Mbit/s
Upload: 18.51 Mbit/s
Wed Apr 20 04:45:01 CEST 2022
Ping: 23.175 ms
Download: 194.83 Mbit/s
Upload: 19.21 Mbit/s
Wed Apr 20 05:45:01 CEST 2022
Ping: 23.484 ms
Download: 193.78 Mbit/s
Upload: 19.51 Mbit/s
Wed Apr 20 06:45:01 CEST 2022
Ping: 22.986 ms
Download: 150.90 Mbit/s
Upload: 19.30 Mbit/s
Wed Apr 20 07:45:01 CEST 2022
Ping: 23.301 ms
Download: 189.75 Mbit/s
Upload: 18.66 Mbit/s
Wed Apr 20 08:45:01 CEST 2022
Ping: 22.957 ms
Download: 187.70 Mbit/s
Upload: 17.89 Mbit/s
Wed Apr 20 09:45:01 CEST 2022
Ping: 25.525 ms
Download: 188.19 Mbit/s
Upload: 18.03 Mbit/s
Wed Apr 20 10:45:01 CEST 2022
Ping: 26.523 ms
Download: 187.25 Mbit/s
Upload: 17.08 Mbit/s
Wed Apr 20 11:45:01 CEST 2022
Ping: 22.729 ms
Download: 82.21 Mbit/s
Upload: 14.13 Mbit/s
Wed Apr 20 12:45:01 CEST 2022
Ping: 24.331 ms
Download: 52.88 Mbit/s
Upload: 15.72 Mbit/s
Wed Apr 20 13:45:02 CEST 2022
Ping: 22.887 ms
Download: 99.87 Mbit/s
Upload: 10.46 Mbit/s
Wed Apr 20 14:45:01 CEST 2022
Ping: 27.612 ms
Download: 88.60 Mbit/s
Upload: 17.72 Mbit/s
Wed Apr 20 15:45:01 CEST 2022
Ping: 24.886 ms
Download: 58.80 Mbit/s
Upload: 11.14 Mbit/s
Wed Apr 20 16:45:01 CEST 2022
Ping: 25.177 ms
Download: 56.24 Mbit/s
Upload: 16.10 Mbit/s
Wed Apr 20 17:45:01 CEST 2022
Ping: 24.226 ms
Download: 194.79 Mbit/s
Upload: 11.16 Mbit/s
Wed Apr 20 18:45:01 CEST 2022
Ping: 23.013 ms
Download: 72.78 Mbit/s
Upload: 12.45 Mbit/s
Wed Apr 20 19:45:01 CEST 2022
Ping: 22.572 ms
Download: 231.60 Mbit/s
Upload: 11.83 Mbit/s
Wed Apr 20 20:45:01 CEST 2022
Ping: 25.078 ms
Download: 230.66 Mbit/s
Upload: 9.89 Mbit/s
Wed Apr 20 21:45:01 CEST 2022
Ping: 20.081 ms
Download: 235.69 Mbit/s
Upload: 14.57 Mbit/s
Wed Apr 20 22:45:01 CEST 2022
Ping: 21.154 ms
Download: 263.53 Mbit/s
Upload: 12.27 Mbit/s
Wed Apr 20 23:45:01 CEST 2022
Ping: 24.692 ms
Download: 97.23 Mbit/s
Upload: 18.94 Mbit/s
Thu Apr 21 00:45:01 CEST 2022
Ping: 25.016 ms
Download: 68.53 Mbit/s
Upload: 17.32 Mbit/s
Thu Apr 21 01:45:01 CEST 2022
Ping: 23.799 ms
Download: 76.68 Mbit/s
Upload: 18.73 Mbit/s
Thu Apr 21 02:45:01 CEST 2022
Ping: 22.943 ms
Download: 282.89 Mbit/s
Upload: 19.59 Mbit/s
Thu Apr 21 03:45:01 CEST 2022
Ping: 24.683 ms
Download: 299.36 Mbit/s
Upload: 19.44 Mbit/s
Thu Apr 21 04:45:01 CEST 2022
Ping: 24.486 ms
Download: 237.18 Mbit/s
Upload: 19.31 Mbit/s
Thu Apr 21 05:45:01 CEST 2022
Ping: 28.486 ms
Download: 258.65 Mbit/s
Upload: 19.56 Mbit/s
Thu Apr 21 06:45:01 CEST 2022
Ping: 31.8 ms
Download: 262.38 Mbit/s
Upload: 19.13 Mbit/s
Thu Apr 21 07:45:01 CEST 2022
Ping: 29.123 ms
Download: 239.62 Mbit/s
Upload: 18.49 Mbit/s
Thu Apr 21 08:45:01 CEST 2022
Ping: 23.275 ms
Download: 68.59 Mbit/s
Upload: 17.71 Mbit/s
Thu Apr 21 09:45:01 CEST 2022
Ping: 22.641 ms
Download: 81.74 Mbit/s
Upload: 11.80 Mbit/s
Thu Apr 21 10:45:01 CEST 2022
Ping: 24.343 ms
Download: 174.50 Mbit/s
Upload: 12.77 Mbit/s
Thu Apr 21 11:45:01 CEST 2022
Ping: 23.406 ms
Download: 252.21 Mbit/s
Upload: 18.87 Mbit/s
Thu Apr 21 12:45:01 CEST 2022
Ping: 23.018 ms
Download: 300.96 Mbit/s
Upload: 18.40 Mbit/s
Thu Apr 21 13:45:01 CEST 2022
Ping: 21.243 ms
Download: 227.16 Mbit/s
Upload: 11.22 Mbit/s
Thu Apr 21 14:45:01 CEST 2022
Ping: 23.513 ms
Download: 284.20 Mbit/s
Upload: 16.02 Mbit/s
Thu Apr 21 15:45:01 CEST 2022
Ping: 23.184 ms
Download: 290.92 Mbit/s
Upload: 19.20 Mbit/s
Thu Apr 21 16:45:01 CEST 2022
Ping: 24.071 ms
Download: 242.21 Mbit/s
Upload: 9.47 Mbit/s
Thu Apr 21 17:45:01 CEST 2022
Ping: 23.186 ms
Download: 249.46 Mbit/s
Upload: 16.42 Mbit/s
Thu Apr 21 18:45:01 CEST 2022
Ping: 23.673 ms
Download: 244.56 Mbit/s
Upload: 18.91 Mbit/s
Thu Apr 21 19:45:01 CEST 2022
Ping: 21.875 ms
Download: 221.18 Mbit/s
Upload: 18.43 Mbit/s
Thu Apr 21 20:45:01 CEST 2022
Ping: 24.758 ms
Download: 223.25 Mbit/s
Upload: 15.61 Mbit/s
Thu Apr 21 21:45:01 CEST 2022
Ping: 26.107 ms
Download: 215.18 Mbit/s
Upload: 19.07 Mbit/s
Thu Apr 21 22:45:01 CEST 2022
Ping: 24.675 ms
Download: 273.84 Mbit/s
Upload: 14.49 Mbit/s
Thu Apr 21 23:45:01 CEST 2022
Ping: 25.678 ms
Download: 207.88 Mbit/s
Upload: 11.74 Mbit/s
Fri Apr 22 00:45:01 CEST 2022
Ping: 24.022 ms
Download: 164.74 Mbit/s
Upload: 9.63 Mbit/s
Fri Apr 22 01:45:01 CEST 2022
Ping: 23.645 ms
Download: 178.11 Mbit/s
Upload: 11.61 Mbit/s
Fri Apr 22 02:45:01 CEST 2022
Ping: 29.811 ms
Download: 221.38 Mbit/s
Upload: 15.63 Mbit/s
Fri Apr 22 03:45:01 CEST 2022
Ping: 30.074 ms
Download: 215.07 Mbit/s
Upload: 19.24 Mbit/s
Fri Apr 22 04:45:01 CEST 2022
Ping: 29.659 ms
Download: 203.84 Mbit/s
Upload: 18.40 Mbit/s
Fri Apr 22 05:45:01 CEST 2022
Ping: 21.964 ms
Download: 190.08 Mbit/s
Upload: 19.46 Mbit/s
Fri Apr 22 06:45:01 CEST 2022
Ping: 23.18 ms
Download: 264.86 Mbit/s
Upload: 14.96 Mbit/s
Fri Apr 22 07:45:01 CEST 2022
Ping: 23.405 ms
Download: 195.19 Mbit/s
Upload: 18.88 Mbit/s
Fri Apr 22 08:45:01 CEST 2022
Ping: 23.009 ms
Download: 310.50 Mbit/s
Upload: 18.97 Mbit/s
Fri Apr 22 09:45:01 CEST 2022
Ping: 22.747 ms
Download: 294.04 Mbit/s
Upload: 19.86 Mbit/s
Fri Apr 22 10:45:01 CEST 2022
Ping: 24.817 ms
Download: 152.71 Mbit/s
Upload: 13.74 Mbit/s
Fri Apr 22 11:45:01 CEST 2022
Ping: 27.313 ms
Download: 176.52 Mbit/s
Upload: 18.54 Mbit/s
Fri Apr 22 12:45:01 CEST 2022
Ping: 28.648 ms
Download: 209.44 Mbit/s
Upload: 3.77 Mbit/s
Fri Apr 22 13:45:01 CEST 2022
Ping: 26.816 ms
Download: 221.40 Mbit/s
Upload: 16.19 Mbit/s
Fri Apr 22 14:45:01 CEST 2022
Ping: 33.3 ms
Download: 221.51 Mbit/s
Upload: 5.52 Mbit/s
Fri Apr 22 15:45:01 CEST 2022
Ping: 30.302 ms
Download: 264.55 Mbit/s
Upload: 18.86 Mbit/s
Fri Apr 22 16:45:01 CEST 2022
Ping: 33.33 ms
Download: 223.11 Mbit/s
Upload: 18.76 Mbit/s
Fri Apr 22 17:45:01 CEST 2022
Ping: 23.963 ms
Download: 174.60 Mbit/s
Upload: 15.64 Mbit/s
Fri Apr 22 18:45:01 CEST 2022
Ping: 19.641 ms
Download: 236.96 Mbit/s
Upload: 13.71 Mbit/s
Fri Apr 22 19:45:01 CEST 2022
Ping: 19.281 ms
Download: 223.91 Mbit/s
Upload: 13.63 Mbit/s
Fri Apr 22 20:45:01 CEST 2022
Ping: 24.831 ms
Download: 182.06 Mbit/s
Upload: 15.31 Mbit/s
Fri Apr 22 21:45:01 CEST 2022
Ping: 24.693 ms
Download: 246.45 Mbit/s
Upload: 6.12 Mbit/s
Fri Apr 22 22:45:01 CEST 2022
Ping: 24.519 ms
Download: 270.61 Mbit/s
Upload: 18.92 Mbit/s
Fri Apr 22 23:45:01 CEST 2022
Ping: 25.87 ms
Download: 249.43 Mbit/s
Upload: 17.68 Mbit/s
Sat Apr 23 00:45:01 CEST 2022
Ping: 26.573 ms
Download: 220.73 Mbit/s
Upload: 18.66 Mbit/s
Sat Apr 23 01:45:01 CEST 2022
Ping: 25.095 ms
Download: 216.02 Mbit/s
Upload: 18.74 Mbit/s
Sat Apr 23 02:45:01 CEST 2022
Ping: 22.487 ms
Download: 239.23 Mbit/s
Upload: 19.22 Mbit/s
Sat Apr 23 03:45:01 CEST 2022
Ping: 23.512 ms
Download: 223.94 Mbit/s
Upload: 19.01 Mbit/s
Sat Apr 23 04:45:01 CEST 2022
Ping: 23.179 ms
Download: 299.88 Mbit/s
Upload: 18.87 Mbit/s
Sat Apr 23 05:45:01 CEST 2022
Ping: 23.57 ms
Download: 306.93 Mbit/s
Upload: 18.32 Mbit/s
Sat Apr 23 06:45:01 CEST 2022
Ping: 22.273 ms
Download: 82.16 Mbit/s
Upload: 18.97 Mbit/s
Sat Apr 23 07:45:01 CEST 2022
Ping: 22.662 ms
Download: 320.22 Mbit/s
Upload: 19.54 Mbit/s
Sat Apr 23 08:45:01 CEST 2022
Ping: 23.844 ms
Download: 201.27 Mbit/s
Upload: 15.41 Mbit/s
Sat Apr 23 09:45:01 CEST 2022
Ping: 24.379 ms
Download: 199.64 Mbit/s
Upload: 15.69 Mbit/s
Sat Apr 23 10:45:01 CEST 2022
Ping: 25.523 ms
Download: 172.85 Mbit/s
Upload: 14.54 Mbit/s
Sat Apr 23 11:45:01 CEST 2022
Ping: 24.665 ms
Download: 244.73 Mbit/s
Upload: 19.13 Mbit/s
Sat Apr 23 12:45:01 CEST 2022
Ping: 23.699 ms
Download: 315.51 Mbit/s
Upload: 13.36 Mbit/s
Sat Apr 23 13:45:01 CEST 2022
Ping: 23.998 ms
Download: 253.66 Mbit/s
Upload: 18.39 Mbit/s
Sat Apr 23 14:45:01 CEST 2022
Ping: 21.58 ms
Download: 205.92 Mbit/s
Upload: 18.80 Mbit/s
Sat Apr 23 15:45:01 CEST 2022
Ping: 18.614 ms
Download: 246.05 Mbit/s
Upload: 13.66 Mbit/s
Sat Apr 23 16:45:01 CEST 2022
Ping: 21.284 ms
Download: 262.34 Mbit/s
Upload: 13.91 Mbit/s
Sat Apr 23 17:45:01 CEST 2022
Ping: 19.563 ms
Download: 248.19 Mbit/s
Upload: 13.15 Mbit/s
Sat Apr 23 18:45:01 CEST 2022
Ping: 22.647 ms
Download: 237.12 Mbit/s
Upload: 15.14 Mbit/s
Sat Apr 23 19:45:01 CEST 2022
Ping: 21.812 ms
Download: 230.17 Mbit/s
Upload: 14.29 Mbit/s
Sat Apr 23 20:45:01 CEST 2022
Ping: 25.322 ms
Download: 189.12 Mbit/s
Upload: 18.64 Mbit/s
Sat Apr 23 21:45:01 CEST 2022
Ping: 26.634 ms
Download: 229.41 Mbit/s
Upload: 18.32 Mbit/s
Sat Apr 23 22:45:01 CEST 2022
Ping: 24.668 ms
Download: 158.24 Mbit/s
Upload: 15.30 Mbit/s
Sat Apr 23 23:45:01 CEST 2022
Ping: 24.348 ms
Download: 181.19 Mbit/s
Upload: 12.78 Mbit/s
Sun Apr 24 00:45:01 CEST 2022
Ping: 22.67 ms
Download: 292.12 Mbit/s
Upload: 15.07 Mbit/s
Sun Apr 24 01:45:01 CEST 2022
Ping: 21.313 ms
Download: 235.42 Mbit/s
Upload: 3.87 Mbit/s
Sun Apr 24 02:45:01 CEST 2022
Ping: 23.504 ms
Download: 205.01 Mbit/s
Upload: 14.92 Mbit/s
Sun Apr 24 03:45:01 CEST 2022
Ping: 23.554 ms
Download: 169.69 Mbit/s
Upload: 12.67 Mbit/s
Sun Apr 24 04:45:01 CEST 2022
Ping: 23.777 ms
Download: 166.98 Mbit/s
Upload: 14.12 Mbit/s
Sun Apr 24 05:45:01 CEST 2022
Ping: 23.171 ms
Download: 127.61 Mbit/s
Upload: 19.42 Mbit/s
Sun Apr 24 06:45:01 CEST 2022
Ping: 23.403 ms
Download: 200.63 Mbit/s
Upload: 18.38 Mbit/s
Sun Apr 24 07:45:01 CEST 2022
Ping: 23.159 ms
Download: 201.92 Mbit/s
Upload: 17.11 Mbit/s
Sun Apr 24 08:45:01 CEST 2022
Ping: 22.3 ms
Download: 211.55 Mbit/s
Upload: 19.01 Mbit/s
Sun Apr 24 09:45:02 CEST 2022
Ping: 23.175 ms
Download: 173.74 Mbit/s
Upload: 18.52 Mbit/s
Sun Apr 24 10:45:01 CEST 2022
Ping: 23.524 ms
Download: 207.85 Mbit/s
Upload: 17.87 Mbit/s
Sun Apr 24 11:45:01 CEST 2022
Ping: 24.011 ms
Download: 196.29 Mbit/s
Upload: 16.87 Mbit/s
Sun Apr 24 12:45:01 CEST 2022
Ping: 23.304 ms
Download: 243.31 Mbit/s
Upload: 11.62 Mbit/s
Sun Apr 24 13:45:01 CEST 2022
Ping: 23.679 ms
Download: 213.78 Mbit/s
Upload: 13.01 Mbit/s
Sun Apr 24 14:45:01 CEST 2022
Ping: 22.937 ms
Download: 168.26 Mbit/s
Upload: 18.66 Mbit/s
Sun Apr 24 15:45:01 CEST 2022
Ping: 24.25 ms
Download: 168.21 Mbit/s
Upload: 18.33 Mbit/s
Sun Apr 24 16:45:01 CEST 2022
Ping: 23.157 ms
Download: 172.60 Mbit/s
Upload: 18.03 Mbit/s
Sun Apr 24 17:45:02 CEST 2022
Ping: 26.911 ms
Download: 215.71 Mbit/s
Upload: 17.82 Mbit/s
Sun Apr 24 18:45:01 CEST 2022
Ping: 26.615 ms
Download: 203.36 Mbit/s
Upload: 18.72 Mbit/s
Sun Apr 24 19:45:01 CEST 2022
Ping: 27.708 ms
Download: 180.58 Mbit/s
Upload: 17.92 Mbit/s
Sun Apr 24 20:45:02 CEST 2022
Ping: 22.379 ms
Download: 224.92 Mbit/s
Upload: 19.25 Mbit/s
Sun Apr 24 21:45:01 CEST 2022
Ping: 26.149 ms
Download: 220.16 Mbit/s
Upload: 12.83 Mbit/s
Sun Apr 24 22:45:01 CEST 2022
Ping: 20.425 ms
Download: 227.48 Mbit/s
Upload: 11.98 Mbit/s
Sun Apr 24 23:45:01 CEST 2022
Ping: 20.234 ms
Download: 201.80 Mbit/s
Upload: 14.07 Mbit/s
Mon Apr 25 00:45:01 CEST 2022
Ping: 18.906 ms
Download: 230.90 Mbit/s
Upload: 13.83 Mbit/s
Mon Apr 25 01:45:01 CEST 2022
Ping: 24.521 ms
Download: 216.92 Mbit/s
Upload: 19.67 Mbit/s
Mon Apr 25 02:45:01 CEST 2022
Ping: 22.407 ms
Download: 259.38 Mbit/s
Upload: 16.54 Mbit/s
Mon Apr 25 03:45:01 CEST 2022
Ping: 20.711 ms
Download: 219.92 Mbit/s
Upload: 16.78 Mbit/s
Mon Apr 25 04:45:01 CEST 2022
Ping: 24.514 ms
Download: 220.17 Mbit/s
Upload: 12.62 Mbit/s
Mon Apr 25 05:45:01 CEST 2022
Ping: 26.137 ms
Download: 248.74 Mbit/s
Upload: 19.46 Mbit/s
Mon Apr 25 06:45:01 CEST 2022
Ping: 24.79 ms
Download: 253.84 Mbit/s
Upload: 19.32 Mbit/s
Mon Apr 25 07:45:02 CEST 2022
Ping: 26.295 ms
Download: 284.50 Mbit/s
Upload: 18.56 Mbit/s
Mon Apr 25 08:45:01 CEST 2022
Ping: 25.569 ms
Download: 324.85 Mbit/s
Upload: 19.50 Mbit/s
Mon Apr 25 09:45:01 CEST 2022
Ping: 24.83 ms
Download: 307.03 Mbit/s
Upload: 19.64 Mbit/s
Mon Apr 25 10:45:01 CEST 2022
Ping: 24.493 ms
Download: 312.26 Mbit/s
Upload: 19.07 Mbit/s
Mon Apr 25 11:45:01 CEST 2022
Ping: 23.011 ms
Download: 301.18 Mbit/s
Upload: 19.70 Mbit/s
Mon Apr 25 12:45:01 CEST 2022
Ping: 24.619 ms
Download: 275.42 Mbit/s
Upload: 18.47 Mbit/s
Mon Apr 25 13:45:01 CEST 2022
Ping: 24.944 ms
Download: 173.48 Mbit/s
Upload: 18.10 Mbit/s
Mon Apr 25 14:45:01 CEST 2022
Ping: 25.153 ms
Download: 148.94 Mbit/s
Upload: 19.46 Mbit/s
Mon Apr 25 15:45:01 CEST 2022
Ping: 26.191 ms
Download: 314.31 Mbit/s
Upload: 19.39 Mbit/s
Mon Apr 25 16:45:01 CEST 2022
Ping: 23.131 ms
Download: 233.25 Mbit/s
Upload: 18.44 Mbit/s
Mon Apr 25 17:45:01 CEST 2022
Ping: 25.634 ms
Download: 305.23 Mbit/s
Upload: 18.47 Mbit/s
Mon Apr 25 18:45:01 CEST 2022
Ping: 25.087 ms
Download: 41.29 Mbit/s
Upload: 15.90 Mbit/s
Mon Apr 25 19:45:01 CEST 2022
Ping: 25.7 ms
Download: 25.79 Mbit/s
Upload: 5.57 Mbit/s
Mon Apr 25 20:45:01 CEST 2022
Ping: 24.159 ms
Download: 34.24 Mbit/s
Upload: 14.41 Mbit/s
Mon Apr 25 21:45:02 CEST 2022
Ping: 25.402 ms
Download: 295.28 Mbit/s
Upload: 18.08 Mbit/s
Mon Apr 25 22:45:01 CEST 2022
Ping: 21.41 ms
Download: 225.55 Mbit/s
Upload: 16.07 Mbit/s
Mon Apr 25 23:45:01 CEST 2022
Ping: 21.306 ms
Download: 250.16 Mbit/s
Upload: 15.24 Mbit/s
Tue Apr 26 00:45:02 CEST 2022
Ping: 20.697 ms
Download: 241.13 Mbit/s
Upload: 15.61 Mbit/s
Tue Apr 26 01:45:01 CEST 2022
Ping: 23.65 ms
Download: 268.26 Mbit/s
Upload: 18.79 Mbit/s
Tue Apr 26 02:45:01 CEST 2022
Ping: 20.654 ms
Download: 239.96 Mbit/s
Upload: 14.34 Mbit/s
Tue Apr 26 03:45:01 CEST 2022
Ping: 24.975 ms
Download: 245.47 Mbit/s
Upload: 19.39 Mbit/s
Tue Apr 26 04:45:01 CEST 2022
Ping: 24.012 ms
Download: 329.51 Mbit/s
Upload: 13.83 Mbit/s
Tue Apr 26 05:45:01 CEST 2022
Ping: 24.995 ms
Download: 181.93 Mbit/s
Upload: 18.33 Mbit/s
Tue Apr 26 06:45:02 CEST 2022
Ping: 22.34 ms
Download: 292.96 Mbit/s
Upload: 18.97 Mbit/s
Tue Apr 26 07:45:01 CEST 2022
Ping: 23.517 ms
Download: 262.60 Mbit/s
Upload: 19.03 Mbit/s
Tue Apr 26 08:45:02 CEST 2022
Ping: 24.497 ms
Download: 222.96 Mbit/s
Upload: 19.42 Mbit/s
Tue Apr 26 09:45:01 CEST 2022
Ping: 23.951 ms
Download: 196.55 Mbit/s
Upload: 19.30 Mbit/s
Tue Apr 26 10:45:02 CEST 2022
Ping: 23.261 ms
Download: 184.11 Mbit/s
Upload: 17.52 Mbit/s
Tue Apr 26 11:45:01 CEST 2022
Ping: 22.955 ms
Download: 164.39 Mbit/s
Upload: 18.47 Mbit/s
Tue Apr 26 12:45:01 CEST 2022
Ping: 22.015 ms
Download: 288.48 Mbit/s
Upload: 19.27 Mbit/s
Tue Apr 26 13:45:01 CEST 2022
Ping: 21.07 ms
Download: 256.87 Mbit/s
Upload: 5.99 Mbit/s
Tue Apr 26 14:45:01 CEST 2022
Ping: 23.646 ms
Download: 168.14 Mbit/s
Upload: 18.16 Mbit/s
Tue Apr 26 15:45:01 CEST 2022
Ping: 26.308 ms
Download: 161.15 Mbit/s
Upload: 18.92 Mbit/s
Tue Apr 26 16:45:01 CEST 2022
Ping: 23.949 ms
Download: 213.80 Mbit/s
Upload: 18.13 Mbit/s
Tue Apr 26 17:45:01 CEST 2022
Ping: 24.756 ms
Download: 235.23 Mbit/s
Upload: 19.19 Mbit/s
Tue Apr 26 18:45:01 CEST 2022
Ping: 21.879 ms
Download: 284.89 Mbit/s
Upload: 17.60 Mbit/s
Tue Apr 26 19:45:01 CEST 2022
Ping: 24.256 ms
Download: 225.11 Mbit/s
Upload: 17.57 Mbit/s
Tue Apr 26 20:45:01 CEST 2022
Ping: 23.559 ms
Download: 284.22 Mbit/s
Upload: 13.54 Mbit/s
Tue Apr 26 21:45:01 CEST 2022
Ping: 22.739 ms
Download: 234.03 Mbit/s
Upload: 18.93 Mbit/s
Tue Apr 26 22:45:01 CEST 2022
Ping: 25.028 ms
Download: 20.74 Mbit/s
Upload: 16.13 Mbit/s
Tue Apr 26 23:45:14 CEST 2022
Ping: 22.758 ms
Download: 264.19 Mbit/s
Upload: 16.60 Mbit/s
Wed Apr 27 00:45:01 CEST 2022
Ping: 21.522 ms
Download: 194.89 Mbit/s
Upload: 17.30 Mbit/s
Wed Apr 27 01:45:02 CEST 2022
Ping: 17.695 ms
Download: 234.85 Mbit/s
Upload: 15.07 Mbit/s
Wed Apr 27 02:45:01 CEST 2022
Ping: 17.678 ms
Download: 224.79 Mbit/s
Upload: 13.99 Mbit/s
Wed Apr 27 03:45:15 CEST 2022
Ping: 28.947 ms
Download: 199.55 Mbit/s
Upload: 18.52 Mbit/s
Wed Apr 27 04:45:01 CEST 2022
Ping: 26.368 ms
Download: 246.65 Mbit/s
Upload: 19.50 Mbit/s
Wed Apr 27 05:45:01 CEST 2022
Ping: 28.56 ms
Download: 314.15 Mbit/s
Upload: 19.50 Mbit/s
Wed Apr 27 06:45:01 CEST 2022
Ping: 22.245 ms
Download: 201.97 Mbit/s
Upload: 19.08 Mbit/s
Wed Apr 27 07:45:01 CEST 2022
Ping: 20.817 ms
Download: 202.58 Mbit/s
Upload: 19.34 Mbit/s
Wed Apr 27 08:45:01 CEST 2022
Ping: 24.042 ms
Download: 160.31 Mbit/s
Upload: 18.96 Mbit/s
Wed Apr 27 09:45:01 CEST 2022
Ping: 21.574 ms
Download: 182.75 Mbit/s
Upload: 13.46 Mbit/s
Wed Apr 27 10:45:01 CEST 2022
Ping: 20.071 ms
Download: 279.30 Mbit/s
Upload: 14.68 Mbit/s
Wed Apr 27 11:45:01 CEST 2022
Ping: 20.337 ms
Download: 197.85 Mbit/s
Upload: 15.57 Mbit/s
Wed Apr 27 12:45:01 CEST 2022
Ping: 21.97 ms
Download: 211.19 Mbit/s
Upload: 18.35 Mbit/s
Wed Apr 27 13:45:01 CEST 2022
Ping: 24.942 ms
Download: 196.31 Mbit/s
Upload: 18.46 Mbit/s
Wed Apr 27 14:45:01 CEST 2022
Ping: 29.054 ms
Download: 169.70 Mbit/s
Upload: 15.71 Mbit/s
Wed Apr 27 15:45:01 CEST 2022
Ping: 23.234 ms
Download: 230.55 Mbit/s
Upload: 18.54 Mbit/s
Wed Apr 27 16:45:01 CEST 2022
Ping: 25.537 ms
Download: 195.94 Mbit/s
Upload: 12.21 Mbit/s
Wed Apr 27 17:45:01 CEST 2022
Ping: 24.466 ms
Download: 234.87 Mbit/s
Upload: 19.48 Mbit/s
Wed Apr 27 18:45:01 CEST 2022
Ping: 23.362 ms
Download: 201.79 Mbit/s
Upload: 10.06 Mbit/s
Wed Apr 27 19:45:01 CEST 2022
Ping: 25.022 ms
Download: 107.71 Mbit/s
Upload: 16.43 Mbit/s
Wed Apr 27 20:45:01 CEST 2022
Ping: 23.354 ms
Download: 59.62 Mbit/s
Upload: 6.81 Mbit/s
Wed Apr 27 21:45:01 CEST 2022
Ping: 23.158 ms
Download: 40.48 Mbit/s
Upload: 10.57 Mbit/s
Wed Apr 27 22:45:01 CEST 2022
Ping: 24.265 ms
Download: 245.65 Mbit/s
Upload: 18.29 Mbit/s
Wed Apr 27 23:45:01 CEST 2022
Ping: 24.25 ms
Download: 68.74 Mbit/s
Upload: 19.26 Mbit/s
Thu Apr 28 00:45:01 CEST 2022
Ping: 22.068 ms
Download: 188.80 Mbit/s
Upload: 19.23 Mbit/s
Thu Apr 28 01:45:01 CEST 2022
Ping: 23.093 ms
Download: 196.47 Mbit/s
Upload: 17.60 Mbit/s
Thu Apr 28 02:45:01 CEST 2022
Ping: 22.068 ms
Download: 193.29 Mbit/s
Upload: 19.25 Mbit/s
Thu Apr 28 03:45:01 CEST 2022
Ping: 22.568 ms
Download: 186.60 Mbit/s
Upload: 19.38 Mbit/s
Thu Apr 28 04:45:01 CEST 2022
Ping: 22.76 ms
Download: 183.35 Mbit/s
Upload: 15.05 Mbit/s
Thu Apr 28 05:45:01 CEST 2022
Ping: 18.929 ms
Download: 187.25 Mbit/s
Upload: 13.34 Mbit/s
Thu Apr 28 06:45:01 CEST 2022
Ping: 22.917 ms
Download: 240.55 Mbit/s
Upload: 13.56 Mbit/s
Thu Apr 28 07:45:02 CEST 2022
Ping: 24.387 ms
Download: 243.93 Mbit/s
Upload: 16.21 Mbit/s
Thu Apr 28 08:45:01 CEST 2022
Ping: 20.88 ms
Download: 247.96 Mbit/s
Upload: 15.55 Mbit/s
Thu Apr 28 09:45:01 CEST 2022
Ping: 19.689 ms
Download: 329.95 Mbit/s
Upload: 15.14 Mbit/s
Thu Apr 28 10:45:01 CEST 2022
Ping: 20.555 ms
Download: 241.67 Mbit/s
Upload: 15.93 Mbit/s
Thu Apr 28 11:45:01 CEST 2022
Ping: 22.397 ms
Download: 72.00 Mbit/s
Upload: 18.56 Mbit/s
Thu Apr 28 12:45:01 CEST 2022
Ping: 26.391 ms
Download: 232.60 Mbit/s
Upload: 18.41 Mbit/s
Thu Apr 28 13:45:01 CEST 2022
Ping: 28.925 ms
Download: 195.64 Mbit/s
Upload: 18.56 Mbit/s
Thu Apr 28 14:45:01 CEST 2022
Ping: 28.138 ms
Download: 226.23 Mbit/s
Upload: 19.22 Mbit/s
Thu Apr 28 15:45:01 CEST 2022
Ping: 32.062 ms
Download: 212.20 Mbit/s
Upload: 18.58 Mbit/s
Thu Apr 28 16:45:01 CEST 2022
Ping: 28.965 ms
Download: 233.77 Mbit/s
Upload: 17.34 Mbit/s
Thu Apr 28 17:45:01 CEST 2022
Ping: 29.26 ms
Download: 221.40 Mbit/s
Upload: 17.55 Mbit/s
Thu Apr 28 18:45:01 CEST 2022
Ping: 23.147 ms
Download: 204.26 Mbit/s
Upload: 17.48 Mbit/s
Thu Apr 28 19:45:01 CEST 2022
Ping: 21.329 ms
Download: 245.69 Mbit/s
Upload: 17.12 Mbit/s
Thu Apr 28 20:45:01 CEST 2022
Ping: 22.395 ms
Download: 301.30 Mbit/s
Upload: 18.86 Mbit/s
Thu Apr 28 21:45:01 CEST 2022
Ping: 23.094 ms
Download: 180.80 Mbit/s
Upload: 4.68 Mbit/s
Thu Apr 28 22:45:01 CEST 2022
Ping: 27.955 ms
Download: 159.65 Mbit/s
Upload: 5.43 Mbit/s
Thu Apr 28 23:45:01 CEST 2022
Ping: 20.879 ms
Download: 200.80 Mbit/s
Upload: 15.34 Mbit/s
Fri Apr 29 00:45:01 CEST 2022
Ping: 21.565 ms
Download: 258.97 Mbit/s
Upload: 16.48 Mbit/s
Fri Apr 29 01:45:01 CEST 2022
Ping: 21.034 ms
Download: 225.09 Mbit/s
Upload: 17.50 Mbit/s
Fri Apr 29 02:45:01 CEST 2022
Ping: 20.874 ms
Download: 256.90 Mbit/s
Upload: 16.35 Mbit/s
Fri Apr 29 03:45:01 CEST 2022
Ping: 23.724 ms
Download: 278.51 Mbit/s
Upload: 18.16 Mbit/s
Fri Apr 29 04:45:01 CEST 2022
Ping: 22.376 ms
Download: 75.55 Mbit/s
Upload: 18.34 Mbit/s
Fri Apr 29 05:45:01 CEST 2022
Ping: 23.357 ms
Download: 65.94 Mbit/s
Upload: 19.33 Mbit/s
Fri Apr 29 06:45:01 CEST 2022
Ping: 22.483 ms
Download: 340.15 Mbit/s
Upload: 18.88 Mbit/s
Fri Apr 29 07:45:01 CEST 2022
Ping: 20.243 ms
Download: 304.52 Mbit/s
Upload: 19.41 Mbit/s
Fri Apr 29 08:45:01 CEST 2022
Ping: 23.406 ms
Download: 313.05 Mbit/s
Upload: 19.68 Mbit/s
Fri Apr 29 09:45:01 CEST 2022
Ping: 24.663 ms
Download: 249.77 Mbit/s
Upload: 18.62 Mbit/s
Fri Apr 29 10:45:01 CEST 2022
Ping: 22.096 ms
Download: 226.22 Mbit/s
Upload: 18.90 Mbit/s
Fri Apr 29 11:45:01 CEST 2022
Ping: 23.032 ms
Download: 239.33 Mbit/s
Upload: 19.00 Mbit/s
Fri Apr 29 12:45:01 CEST 2022
Ping: 21.425 ms
Download: 73.94 Mbit/s
Upload: 18.08 Mbit/s
Fri Apr 29 13:45:01 CEST 2022
Ping: 26.388 ms
Download: 202.00 Mbit/s
Upload: 19.16 Mbit/s
Fri Apr 29 14:45:01 CEST 2022
Ping: 23.158 ms
Download: 98.64 Mbit/s
Upload: 18.18 Mbit/s
Fri Apr 29 15:45:01 CEST 2022
Ping: 23.386 ms
Download: 265.37 Mbit/s
Upload: 18.91 Mbit/s
Fri Apr 29 16:45:01 CEST 2022
Ping: 19.047 ms
Download: 258.33 Mbit/s
Upload: 14.20 Mbit/s
Fri Apr 29 17:45:01 CEST 2022
Ping: 21.154 ms
Download: 248.59 Mbit/s
Upload: 19.42 Mbit/s
Fri Apr 29 18:45:01 CEST 2022
Ping: 22.979 ms
Download: 206.12 Mbit/s
Upload: 18.88 Mbit/s
Fri Apr 29 19:45:01 CEST 2022
Ping: 21.607 ms
Download: 198.05 Mbit/s
Upload: 14.01 Mbit/s
Fri Apr 29 20:45:01 CEST 2022
Ping: 22.904 ms
Download: 204.33 Mbit/s
Upload: 19.58 Mbit/s
Fri Apr 29 21:45:01 CEST 2022
Ping: 22.184 ms
Download: 225.47 Mbit/s
Upload: 18.57 Mbit/s
Fri Apr 29 22:45:01 CEST 2022
Ping: 22.652 ms
Download: 185.03 Mbit/s
Upload: 12.05 Mbit/s
Fri Apr 29 23:45:01 CEST 2022
Ping: 22.199 ms
Download: 221.99 Mbit/s
Upload: 18.26 Mbit/s
Sat Apr 30 00:45:01 CEST 2022
Ping: 23.363 ms
Download: 321.57 Mbit/s
Upload: 18.89 Mbit/s
Sat Apr 30 01:45:01 CEST 2022
Ping: 24.799 ms
Download: 272.39 Mbit/s
Upload: 17.25 Mbit/s
Sat Apr 30 02:45:01 CEST 2022
Ping: 21.199 ms
Download: 273.50 Mbit/s
Upload: 18.13 Mbit/s
Sat Apr 30 03:45:01 CEST 2022
Ping: 23.546 ms
Download: 237.16 Mbit/s
Upload: 16.96 Mbit/s
Sat Apr 30 04:45:01 CEST 2022
Ping: 18.89 ms
Download: 243.99 Mbit/s
Upload: 14.71 Mbit/s
Sat Apr 30 05:45:01 CEST 2022
Ping: 19.266 ms
Download: 257.94 Mbit/s
Upload: 13.72 Mbit/s
Sat Apr 30 06:45:01 CEST 2022
Ping: 18.737 ms
Download: 225.21 Mbit/s
Upload: 15.50 Mbit/s
Sat Apr 30 07:45:01 CEST 2022
Ping: 22.588 ms
Download: 177.78 Mbit/s
Upload: 18.03 Mbit/s
Sat Apr 30 08:45:01 CEST 2022
Ping: 22.902 ms
Download: 250.67 Mbit/s
Upload: 17.76 Mbit/s
Sat Apr 30 09:45:01 CEST 2022
Ping: 21.911 ms
Download: 329.25 Mbit/s
Upload: 16.56 Mbit/s
Sat Apr 30 10:45:01 CEST 2022
Ping: 19.251 ms
Download: 250.00 Mbit/s
Upload: 14.42 Mbit/s
Sat Apr 30 11:45:01 CEST 2022
Ping: 20.084 ms
Download: 259.15 Mbit/s
Upload: 13.85 Mbit/s
Sat Apr 30 12:45:01 CEST 2022
Ping: 24.457 ms
Download: 108.73 Mbit/s
Upload: 19.15 Mbit/s
Sat Apr 30 13:45:01 CEST 2022
Ping: 22.572 ms
Download: 81.78 Mbit/s
Upload: 17.06 Mbit/s
Sat Apr 30 14:45:01 CEST 2022
Ping: 22.792 ms
Download: 90.77 Mbit/s
Upload: 18.39 Mbit/s
Sat Apr 30 15:45:01 CEST 2022
Ping: 25.206 ms
Download: 177.81 Mbit/s
Upload: 14.27 Mbit/s
Sat Apr 30 16:45:01 CEST 2022
Ping: 23.922 ms
Download: 239.89 Mbit/s
Upload: 19.08 Mbit/s
Sat Apr 30 17:45:01 CEST 2022
Ping: 27.436 ms
Download: 216.59 Mbit/s
Upload: 19.51 Mbit/s
Sat Apr 30 18:45:01 CEST 2022
Ping: 22.4 ms
Download: 147.14 Mbit/s
Upload: 2.72 Mbit/s
Sat Apr 30 19:45:01 CEST 2022
Ping: 20.208 ms
Download: 229.82 Mbit/s
Upload: 14.11 Mbit/s
Sat Apr 30 20:45:01 CEST 2022
Ping: 19.695 ms
Download: 267.10 Mbit/s
Upload: 13.31 Mbit/s
Sat Apr 30 21:45:01 CEST 2022
Ping: 19.988 ms
Download: 252.80 Mbit/s
Upload: 10.98 Mbit/s
Sat Apr 30 22:45:01 CEST 2022
Ping: 22.398 ms
Download: 224.18 Mbit/s
Upload: 18.85 Mbit/s
Sat Apr 30 23:45:01 CEST 2022
Ping: 21.047 ms
Download: 242.94 Mbit/s
Upload: 15.96 Mbit/s
