Tue Feb  1 00:45:01 CET 2022
Ping: 23.517 ms
Download: 246.84 Mbit/s
Upload: 19.34 Mbit/s
Tue Feb  1 01:45:02 CET 2022
Ping: 23.499 ms
Download: 286.76 Mbit/s
Upload: 19.53 Mbit/s
Tue Feb  1 02:45:01 CET 2022
Ping: 23.411 ms
Download: 160.90 Mbit/s
Upload: 19.76 Mbit/s
Tue Feb  1 03:45:01 CET 2022
Ping: 22.908 ms
Download: 266.12 Mbit/s
Upload: 15.51 Mbit/s
Tue Feb  1 04:45:01 CET 2022
Ping: 20.85 ms
Download: 290.12 Mbit/s
Upload: 14.73 Mbit/s
Tue Feb  1 05:45:01 CET 2022
Ping: 19.548 ms
Download: 241.94 Mbit/s
Upload: 16.03 Mbit/s
Tue Feb  1 06:45:01 CET 2022
Ping: 22.548 ms
Download: 258.75 Mbit/s
Upload: 19.66 Mbit/s
Tue Feb  1 07:45:02 CET 2022
Ping: 21.515 ms
Download: 253.61 Mbit/s
Upload: 19.59 Mbit/s
Tue Feb  1 08:45:02 CET 2022
Ping: 23.244 ms
Download: 264.67 Mbit/s
Upload: 18.88 Mbit/s
Tue Feb  1 09:45:01 CET 2022
Ping: 23.077 ms
Download: 251.91 Mbit/s
Upload: 12.94 Mbit/s
Tue Feb  1 10:45:01 CET 2022
Ping: 23.218 ms
Download: 268.51 Mbit/s
Upload: 15.04 Mbit/s
Tue Feb  1 11:45:01 CET 2022
Ping: 24.386 ms
Download: 232.88 Mbit/s
Upload: 14.75 Mbit/s
Tue Feb  1 12:45:01 CET 2022
Ping: 24.979 ms
Download: 203.71 Mbit/s
Upload: 15.60 Mbit/s
Tue Feb  1 13:45:01 CET 2022
Ping: 27.174 ms
Download: 150.68 Mbit/s
Upload: 16.83 Mbit/s
Tue Feb  1 14:45:01 CET 2022
Ping: 23.873 ms
Download: 128.46 Mbit/s
Upload: 15.50 Mbit/s
Tue Feb  1 15:45:01 CET 2022
Ping: 25.638 ms
Download: 186.02 Mbit/s
Upload: 14.50 Mbit/s
Tue Feb  1 16:45:01 CET 2022
Ping: 27.866 ms
Download: 282.04 Mbit/s
Upload: 19.26 Mbit/s
Tue Feb  1 17:45:01 CET 2022
Ping: 24.319 ms
Download: 294.32 Mbit/s
Upload: 19.28 Mbit/s
Tue Feb  1 18:45:01 CET 2022
Ping: 28.496 ms
Download: 233.44 Mbit/s
Upload: 19.42 Mbit/s
Tue Feb  1 19:45:01 CET 2022
Ping: 25.822 ms
Download: 235.53 Mbit/s
Upload: 19.35 Mbit/s
Tue Feb  1 20:45:01 CET 2022
Ping: 28.02 ms
Download: 205.83 Mbit/s
Upload: 19.50 Mbit/s
Tue Feb  1 21:45:01 CET 2022
Ping: 28.101 ms
Download: 299.98 Mbit/s
Upload: 19.54 Mbit/s
Tue Feb  1 22:45:01 CET 2022
Ping: 26.158 ms
Download: 257.85 Mbit/s
Upload: 19.51 Mbit/s
Tue Feb  1 23:45:01 CET 2022
Ping: 25.168 ms
Download: 222.32 Mbit/s
Upload: 19.81 Mbit/s
Wed Feb  2 00:45:01 CET 2022
Ping: 26.743 ms
Download: 228.23 Mbit/s
Upload: 8.01 Mbit/s
Wed Feb  2 01:45:01 CET 2022
Ping: 24.583 ms
Download: 130.44 Mbit/s
Upload: 4.53 Mbit/s
Wed Feb  2 02:45:01 CET 2022
Ping: 23.254 ms
Download: 202.06 Mbit/s
Upload: 8.01 Mbit/s
Wed Feb  2 03:45:01 CET 2022
Ping: 26.645 ms
Download: 96.00 Mbit/s
Upload: 7.34 Mbit/s
Wed Feb  2 04:45:01 CET 2022
Ping: 25.818 ms
Download: 60.40 Mbit/s
Upload: 19.79 Mbit/s
Wed Feb  2 05:45:01 CET 2022
Ping: 24.629 ms
Download: 59.59 Mbit/s
Upload: 19.25 Mbit/s
Wed Feb  2 06:45:01 CET 2022
Ping: 25.253 ms
Download: 87.86 Mbit/s
Upload: 19.47 Mbit/s
Wed Feb  2 07:45:01 CET 2022
Ping: 22.385 ms
Download: 264.41 Mbit/s
Upload: 19.66 Mbit/s
Wed Feb  2 08:45:01 CET 2022
Ping: 25.188 ms
Download: 249.28 Mbit/s
Upload: 19.78 Mbit/s
Wed Feb  2 09:45:01 CET 2022
Ping: 24.361 ms
Download: 278.03 Mbit/s
Upload: 18.92 Mbit/s
Wed Feb  2 10:45:01 CET 2022
Ping: 26.016 ms
Download: 54.01 Mbit/s
Upload: 17.45 Mbit/s
Wed Feb  2 11:45:01 CET 2022
Ping: 24.96 ms
Download: 54.35 Mbit/s
Upload: 19.63 Mbit/s
Wed Feb  2 12:45:01 CET 2022
Ping: 25.956 ms
Download: 54.00 Mbit/s
Upload: 18.95 Mbit/s
Wed Feb  2 13:45:01 CET 2022
Ping: 23.474 ms
Download: 237.06 Mbit/s
Upload: 19.35 Mbit/s
Wed Feb  2 14:45:01 CET 2022
Ping: 24.113 ms
Download: 279.90 Mbit/s
Upload: 14.66 Mbit/s
Wed Feb  2 15:45:01 CET 2022
Ping: 23.81 ms
Download: 227.48 Mbit/s
Upload: 19.34 Mbit/s
Wed Feb  2 16:45:01 CET 2022
Ping: 24.184 ms
Download: 322.11 Mbit/s
Upload: 18.27 Mbit/s
Wed Feb  2 17:45:01 CET 2022
Ping: 20.75 ms
Download: 271.47 Mbit/s
Upload: 15.06 Mbit/s
Wed Feb  2 18:45:01 CET 2022
Ping: 27.813 ms
Download: 228.57 Mbit/s
Upload: 19.64 Mbit/s
Wed Feb  2 19:45:01 CET 2022
Ping: 25.631 ms
Download: 298.20 Mbit/s
Upload: 12.39 Mbit/s
Wed Feb  2 20:45:01 CET 2022
Ping: 26.002 ms
Download: 302.08 Mbit/s
Upload: 17.29 Mbit/s
Wed Feb  2 21:45:01 CET 2022
Ping: 23.266 ms
Download: 31.36 Mbit/s
Upload: 18.04 Mbit/s
Wed Feb  2 22:45:01 CET 2022
Ping: 24.113 ms
Download: 225.04 Mbit/s
Upload: 19.00 Mbit/s
Wed Feb  2 23:45:01 CET 2022
Ping: 25.985 ms
Download: 156.24 Mbit/s
Upload: 16.36 Mbit/s
Thu Feb  3 00:45:01 CET 2022
Ping: 25.13 ms
Download: 118.35 Mbit/s
Upload: 16.77 Mbit/s
Thu Feb  3 01:45:01 CET 2022
Ping: 24.33 ms
Download: 295.27 Mbit/s
Upload: 19.27 Mbit/s
Thu Feb  3 02:45:01 CET 2022
Ping: 24.709 ms
Download: 272.40 Mbit/s
Upload: 18.07 Mbit/s
Thu Feb  3 03:45:01 CET 2022
Ping: 22.892 ms
Download: 183.24 Mbit/s
Upload: 14.71 Mbit/s
Thu Feb  3 04:45:01 CET 2022
Ping: 23.99 ms
Download: 93.45 Mbit/s
Upload: 19.02 Mbit/s
Thu Feb  3 05:45:01 CET 2022
Ping: 26.42 ms
Download: 264.33 Mbit/s
Upload: 18.67 Mbit/s
Thu Feb  3 06:45:01 CET 2022
Ping: 25.293 ms
Download: 58.00 Mbit/s
Upload: 19.80 Mbit/s
Thu Feb  3 07:45:01 CET 2022
Ping: 21.979 ms
Download: 238.95 Mbit/s
Upload: 15.80 Mbit/s
Thu Feb  3 08:45:01 CET 2022
Ping: 32.232 ms
Download: 240.02 Mbit/s
Upload: 19.38 Mbit/s
Thu Feb  3 09:45:01 CET 2022
Ping: 23.527 ms
Download: 87.39 Mbit/s
Upload: 19.07 Mbit/s
Thu Feb  3 10:45:01 CET 2022
Ping: 26.674 ms
Download: 209.46 Mbit/s
Upload: 14.20 Mbit/s
Thu Feb  3 11:45:01 CET 2022
Ping: 27.839 ms
Download: 264.79 Mbit/s
Upload: 18.10 Mbit/s
Thu Feb  3 12:45:01 CET 2022
Ping: 26.531 ms
Download: 268.46 Mbit/s
Upload: 19.00 Mbit/s
Thu Feb  3 13:45:01 CET 2022
Ping: 28.736 ms
Download: 223.96 Mbit/s
Upload: 19.18 Mbit/s
Thu Feb  3 14:45:01 CET 2022
Ping: 29.052 ms
Download: 282.16 Mbit/s
Upload: 19.56 Mbit/s
Thu Feb  3 15:45:01 CET 2022
Ping: 28.084 ms
Download: 268.90 Mbit/s
Upload: 18.23 Mbit/s
Thu Feb  3 16:45:01 CET 2022
Ping: 21.578 ms
Download: 274.53 Mbit/s
Upload: 19.52 Mbit/s
Thu Feb  3 17:45:01 CET 2022
Ping: 23.059 ms
Download: 263.67 Mbit/s
Upload: 19.83 Mbit/s
Thu Feb  3 18:45:01 CET 2022
Ping: 24.29 ms
Download: 72.79 Mbit/s
Upload: 18.86 Mbit/s
Thu Feb  3 19:45:01 CET 2022
Ping: 22.548 ms
Download: 48.70 Mbit/s
Upload: 7.40 Mbit/s
Thu Feb  3 20:45:01 CET 2022
Ping: 23.157 ms
Download: 98.18 Mbit/s
Upload: 4.53 Mbit/s
Thu Feb  3 21:45:01 CET 2022
Ping: 23.896 ms
Download: 93.44 Mbit/s
Upload: 19.57 Mbit/s
Thu Feb  3 22:45:01 CET 2022
Ping: 24.53 ms
Download: 217.19 Mbit/s
Upload: 18.62 Mbit/s
Thu Feb  3 23:45:01 CET 2022
Ping: 21.579 ms
Download: 266.62 Mbit/s
Upload: 19.86 Mbit/s
Fri Feb  4 00:45:01 CET 2022
Ping: 24.962 ms
Download: 104.82 Mbit/s
Upload: 19.82 Mbit/s
Fri Feb  4 01:45:01 CET 2022
Ping: 23.499 ms
Download: 261.04 Mbit/s
Upload: 14.24 Mbit/s
Fri Feb  4 02:45:01 CET 2022
Ping: 19.202 ms
Download: 233.84 Mbit/s
Upload: 16.96 Mbit/s
Fri Feb  4 03:45:01 CET 2022
Ping: 18.236 ms
Download: 237.57 Mbit/s
Upload: 15.29 Mbit/s
Fri Feb  4 04:45:01 CET 2022
Ping: 22.857 ms
Download: 195.34 Mbit/s
Upload: 6.96 Mbit/s
Fri Feb  4 05:45:01 CET 2022
Ping: 22.248 ms
Download: 236.88 Mbit/s
Upload: 19.60 Mbit/s
Fri Feb  4 06:45:01 CET 2022
Ping: 24.178 ms
Download: 238.31 Mbit/s
Upload: 20.03 Mbit/s
Fri Feb  4 07:45:01 CET 2022
Ping: 22.752 ms
Download: 246.61 Mbit/s
Upload: 19.47 Mbit/s
Fri Feb  4 08:45:01 CET 2022
Ping: 25.341 ms
Download: 237.68 Mbit/s
Upload: 19.48 Mbit/s
Fri Feb  4 09:45:01 CET 2022
Ping: 27.156 ms
Download: 257.39 Mbit/s
Upload: 19.75 Mbit/s
Fri Feb  4 10:45:01 CET 2022
Ping: 25.833 ms
Download: 280.76 Mbit/s
Upload: 13.19 Mbit/s
Fri Feb  4 11:45:01 CET 2022
Ping: 27.014 ms
Download: 213.25 Mbit/s
Upload: 19.60 Mbit/s
Fri Feb  4 12:45:01 CET 2022
Ping: 24.54 ms
Download: 300.26 Mbit/s
Upload: 19.42 Mbit/s
Fri Feb  4 13:45:02 CET 2022
Ping: 24.38 ms
Download: 279.31 Mbit/s
Upload: 18.98 Mbit/s
Fri Feb  4 14:45:01 CET 2022
Ping: 25.683 ms
Download: 281.73 Mbit/s
Upload: 18.93 Mbit/s
Fri Feb  4 15:45:01 CET 2022
Ping: 25.172 ms
Download: 231.90 Mbit/s
Upload: 19.08 Mbit/s
Fri Feb  4 16:45:01 CET 2022
Ping: 23.63 ms
Download: 359.26 Mbit/s
Upload: 18.64 Mbit/s
Fri Feb  4 17:45:01 CET 2022
Ping: 22.91 ms
Download: 273.55 Mbit/s
Upload: 19.44 Mbit/s
Fri Feb  4 18:45:01 CET 2022
Ping: 24.127 ms
Download: 292.46 Mbit/s
Upload: 19.95 Mbit/s
Fri Feb  4 19:45:01 CET 2022
Ping: 27.036 ms
Download: 220.30 Mbit/s
Upload: 19.58 Mbit/s
Fri Feb  4 20:45:01 CET 2022
Ping: 23.393 ms
Download: 222.55 Mbit/s
Upload: 18.97 Mbit/s
Fri Feb  4 21:45:02 CET 2022
Ping: 24.387 ms
Download: 228.03 Mbit/s
Upload: 19.09 Mbit/s
Fri Feb  4 22:45:01 CET 2022
Ping: 23.681 ms
Download: 305.36 Mbit/s
Upload: 19.60 Mbit/s
Fri Feb  4 23:45:01 CET 2022
Ping: 23.856 ms
Download: 202.87 Mbit/s
Upload: 14.44 Mbit/s
Sat Feb  5 00:45:01 CET 2022
Ping: 25.852 ms
Download: 209.65 Mbit/s
Upload: 19.77 Mbit/s
Sat Feb  5 01:45:01 CET 2022
Ping: 24.311 ms
Download: 225.91 Mbit/s
Upload: 19.57 Mbit/s
Sat Feb  5 02:45:01 CET 2022
Ping: 24.159 ms
Download: 351.90 Mbit/s
Upload: 19.16 Mbit/s
Sat Feb  5 03:45:01 CET 2022
Ping: 23.858 ms
Download: 110.31 Mbit/s
Upload: 19.37 Mbit/s
Sat Feb  5 04:45:01 CET 2022
Ping: 26.087 ms
Download: 138.50 Mbit/s
Upload: 14.05 Mbit/s
Sat Feb  5 05:45:02 CET 2022
Ping: 25.369 ms
Download: 232.60 Mbit/s
Upload: 19.74 Mbit/s
Sat Feb  5 06:45:01 CET 2022
Ping: 25.895 ms
Download: 256.47 Mbit/s
Upload: 5.71 Mbit/s
Sat Feb  5 07:45:02 CET 2022
Ping: 22.754 ms
Download: 39.10 Mbit/s
Upload: 19.53 Mbit/s
Sat Feb  5 08:45:01 CET 2022
Ping: 24.574 ms
Download: 152.83 Mbit/s
Upload: 19.67 Mbit/s
Sat Feb  5 09:45:01 CET 2022
Ping: 23.077 ms
Download: 232.69 Mbit/s
Upload: 19.47 Mbit/s
Sat Feb  5 10:45:01 CET 2022
Ping: 25.002 ms
Download: 231.40 Mbit/s
Upload: 19.55 Mbit/s
Sat Feb  5 11:45:01 CET 2022
Ping: 24.336 ms
Download: 247.46 Mbit/s
Upload: 19.70 Mbit/s
Sat Feb  5 12:45:01 CET 2022
Ping: 23.211 ms
Download: 227.46 Mbit/s
Upload: 19.85 Mbit/s
Sat Feb  5 13:45:01 CET 2022
Ping: 24.16 ms
Download: 199.45 Mbit/s
Upload: 15.00 Mbit/s
Sat Feb  5 14:45:02 CET 2022
Ping: 22.859 ms
Download: 302.37 Mbit/s
Upload: 19.54 Mbit/s
Sat Feb  5 15:45:01 CET 2022
Ping: 22.55 ms
Download: 248.31 Mbit/s
Upload: 19.76 Mbit/s
Sat Feb  5 16:45:02 CET 2022
Ping: 25.687 ms
Download: 264.22 Mbit/s
Upload: 19.30 Mbit/s
Sat Feb  5 17:45:01 CET 2022
Ping: 26.039 ms
Download: 239.56 Mbit/s
Upload: 19.20 Mbit/s
Sat Feb  5 18:45:01 CET 2022
Ping: 26.329 ms
Download: 152.44 Mbit/s
Upload: 19.23 Mbit/s
Sat Feb  5 19:45:02 CET 2022
Ping: 24.902 ms
Download: 277.10 Mbit/s
Upload: 19.79 Mbit/s
Sat Feb  5 20:45:01 CET 2022
Ping: 25.898 ms
Download: 207.85 Mbit/s
Upload: 18.90 Mbit/s
Sat Feb  5 21:45:01 CET 2022
Ping: 29.403 ms
Download: 202.72 Mbit/s
Upload: 18.58 Mbit/s
Sat Feb  5 22:45:01 CET 2022
Ping: 29.567 ms
Download: 219.04 Mbit/s
Upload: 19.67 Mbit/s
Sat Feb  5 23:45:01 CET 2022
Ping: 25.428 ms
Download: 229.99 Mbit/s
Upload: 19.59 Mbit/s
Sun Feb  6 00:45:01 CET 2022
Ping: 25.233 ms
Download: 246.35 Mbit/s
Upload: 18.31 Mbit/s
Sun Feb  6 01:45:01 CET 2022
Ping: 25.352 ms
Download: 264.04 Mbit/s
Upload: 19.58 Mbit/s
Sun Feb  6 02:45:01 CET 2022
Ping: 24.291 ms
Download: 253.21 Mbit/s
Upload: 19.88 Mbit/s
Sun Feb  6 03:45:01 CET 2022
Ping: 37.587 ms
Download: 236.23 Mbit/s
Upload: 16.11 Mbit/s
Sun Feb  6 04:45:01 CET 2022
Ping: 25.929 ms
Download: 224.32 Mbit/s
Upload: 19.49 Mbit/s
Sun Feb  6 05:45:01 CET 2022
Ping: 25.499 ms
Download: 59.14 Mbit/s
Upload: 16.21 Mbit/s
Sun Feb  6 06:45:01 CET 2022
Ping: 24.21 ms
Download: 224.54 Mbit/s
Upload: 19.78 Mbit/s
Sun Feb  6 07:45:01 CET 2022
Ping: 24.719 ms
Download: 90.12 Mbit/s
Upload: 19.68 Mbit/s
Sun Feb  6 08:45:01 CET 2022
Ping: 23.616 ms
Download: 194.48 Mbit/s
Upload: 19.79 Mbit/s
Sun Feb  6 09:45:01 CET 2022
Ping: 23.812 ms
Download: 200.58 Mbit/s
Upload: 19.56 Mbit/s
Sun Feb  6 10:45:01 CET 2022
Ping: 23.313 ms
Download: 209.94 Mbit/s
Upload: 19.29 Mbit/s
Sun Feb  6 11:45:01 CET 2022
Ping: 21.831 ms
Download: 143.13 Mbit/s
Upload: 7.16 Mbit/s
Sun Feb  6 12:45:02 CET 2022
Ping: 24.039 ms
Download: 128.40 Mbit/s
Upload: 8.16 Mbit/s
Sun Feb  6 13:45:01 CET 2022
Ping: 23.398 ms
Download: 209.69 Mbit/s
Upload: 19.68 Mbit/s
Sun Feb  6 14:45:01 CET 2022
Ping: 24.68 ms
Download: 211.54 Mbit/s
Upload: 19.48 Mbit/s
Sun Feb  6 15:45:01 CET 2022
Ping: 21.9 ms
Download: 319.75 Mbit/s
Upload: 19.58 Mbit/s
Sun Feb  6 16:45:02 CET 2022
Ping: 20.951 ms
Download: 201.55 Mbit/s
Upload: 19.80 Mbit/s
Sun Feb  6 17:45:01 CET 2022
Ping: 28.83 ms
Download: 326.67 Mbit/s
Upload: 19.37 Mbit/s
Sun Feb  6 18:45:01 CET 2022
Ping: 29.045 ms
Download: 239.82 Mbit/s
Upload: 19.06 Mbit/s
Sun Feb  6 19:45:01 CET 2022
Ping: 24.471 ms
Download: 236.25 Mbit/s
Upload: 19.59 Mbit/s
Sun Feb  6 20:45:01 CET 2022
Ping: 25.816 ms
Download: 256.24 Mbit/s
Upload: 19.31 Mbit/s
Sun Feb  6 21:45:01 CET 2022
Ping: 25.562 ms
Download: 251.39 Mbit/s
Upload: 19.29 Mbit/s
Sun Feb  6 22:45:01 CET 2022
Ping: 24.173 ms
Download: 143.84 Mbit/s
Upload: 5.41 Mbit/s
Sun Feb  6 23:45:01 CET 2022
Ping: 23.825 ms
Download: 43.20 Mbit/s
Upload: 7.39 Mbit/s
Mon Feb  7 00:45:01 CET 2022
Ping: 19.021 ms
Download: 284.84 Mbit/s
Upload: 13.33 Mbit/s
Mon Feb  7 01:45:01 CET 2022
Ping: 18.866 ms
Download: 239.10 Mbit/s
Upload: 14.75 Mbit/s
Mon Feb  7 02:45:01 CET 2022
Ping: 22.495 ms
Download: 102.67 Mbit/s
Upload: 19.79 Mbit/s
Mon Feb  7 03:45:01 CET 2022
Ping: 24.844 ms
Download: 60.58 Mbit/s
Upload: 19.75 Mbit/s
Mon Feb  7 04:45:01 CET 2022
Ping: 23.698 ms
Download: 194.68 Mbit/s
Upload: 19.54 Mbit/s
Mon Feb  7 05:45:01 CET 2022
Ping: 28.538 ms
Download: 279.97 Mbit/s
Upload: 18.91 Mbit/s
Mon Feb  7 06:45:01 CET 2022
Ping: 26.319 ms
Download: 248.78 Mbit/s
Upload: 19.20 Mbit/s
Mon Feb  7 07:45:01 CET 2022
Ping: 29.774 ms
Download: 281.25 Mbit/s
Upload: 19.27 Mbit/s
Mon Feb  7 08:45:01 CET 2022
Ping: 23.04 ms
Download: 291.17 Mbit/s
Upload: 19.65 Mbit/s
Mon Feb  7 09:45:01 CET 2022
Ping: 24.055 ms
Download: 235.69 Mbit/s
Upload: 19.17 Mbit/s
Mon Feb  7 10:45:01 CET 2022
Ping: 25.178 ms
Download: 135.81 Mbit/s
Upload: 14.38 Mbit/s
Mon Feb  7 11:45:01 CET 2022
Ping: 25.014 ms
Download: 277.78 Mbit/s
Upload: 19.68 Mbit/s
Mon Feb  7 12:45:02 CET 2022
Ping: 23.892 ms
Download: 207.14 Mbit/s
Upload: 2.43 Mbit/s
Mon Feb  7 13:45:01 CET 2022
Ping: 25.35 ms
Download: 170.27 Mbit/s
Upload: 13.44 Mbit/s
Mon Feb  7 14:45:02 CET 2022
Ping: 19.409 ms
Download: 253.98 Mbit/s
Upload: 13.75 Mbit/s
Mon Feb  7 15:45:02 CET 2022
Ping: 21.887 ms
Download: 191.08 Mbit/s
Upload: 19.40 Mbit/s
Mon Feb  7 16:45:01 CET 2022
Ping: 21.899 ms
Download: 203.95 Mbit/s
Upload: 19.56 Mbit/s
Mon Feb  7 17:45:01 CET 2022
Ping: 24.298 ms
Download: 201.53 Mbit/s
Upload: 19.67 Mbit/s
Mon Feb  7 18:45:01 CET 2022
Ping: 25.285 ms
Download: 215.08 Mbit/s
Upload: 19.49 Mbit/s
Mon Feb  7 19:45:01 CET 2022
Ping: 24.476 ms
Download: 213.42 Mbit/s
Upload: 19.62 Mbit/s
Mon Feb  7 20:45:01 CET 2022
Ping: 25.376 ms
Download: 232.48 Mbit/s
Upload: 18.48 Mbit/s
Mon Feb  7 21:45:01 CET 2022
Ping: 27.096 ms
Download: 216.59 Mbit/s
Upload: 19.80 Mbit/s
Mon Feb  7 22:45:01 CET 2022
Ping: 25.582 ms
Download: 226.44 Mbit/s
Upload: 19.84 Mbit/s
Mon Feb  7 23:45:01 CET 2022
Ping: 24.507 ms
Download: 209.57 Mbit/s
Upload: 19.80 Mbit/s
Tue Feb  8 00:45:01 CET 2022
Ping: 24.672 ms
Download: 202.54 Mbit/s
Upload: 19.23 Mbit/s
Tue Feb  8 01:45:01 CET 2022
Ping: 23.665 ms
Download: 177.31 Mbit/s
Upload: 19.62 Mbit/s
Tue Feb  8 02:45:02 CET 2022
Ping: 23.623 ms
Download: 198.30 Mbit/s
Upload: 19.81 Mbit/s
Tue Feb  8 03:45:01 CET 2022
Ping: 25.016 ms
Download: 275.57 Mbit/s
Upload: 19.78 Mbit/s
Tue Feb  8 04:45:01 CET 2022
Ping: 24.768 ms
Download: 208.80 Mbit/s
Upload: 19.98 Mbit/s
Tue Feb  8 05:45:01 CET 2022
Ping: 23.832 ms
Download: 214.19 Mbit/s
Upload: 19.91 Mbit/s
Tue Feb  8 06:45:01 CET 2022
Ping: 24.773 ms
Download: 204.54 Mbit/s
Upload: 19.28 Mbit/s
Tue Feb  8 07:45:01 CET 2022
Ping: 20.388 ms
Download: 228.07 Mbit/s
Upload: 13.45 Mbit/s
Tue Feb  8 08:45:01 CET 2022
Ping: 24.149 ms
Download: 227.23 Mbit/s
Upload: 18.99 Mbit/s
Tue Feb  8 09:45:01 CET 2022
Ping: 26.259 ms
Download: 252.61 Mbit/s
Upload: 19.50 Mbit/s
Tue Feb  8 10:45:01 CET 2022
Ping: 28.685 ms
Download: 235.56 Mbit/s
Upload: 18.83 Mbit/s
Tue Feb  8 11:45:01 CET 2022
Ping: 30.215 ms
Download: 302.79 Mbit/s
Upload: 19.33 Mbit/s
Tue Feb  8 14:45:01 CET 2022
Ping: 24.435 ms
Download: 261.70 Mbit/s
Upload: 19.44 Mbit/s
Tue Feb  8 15:45:01 CET 2022
Ping: 24.36 ms
Download: 258.81 Mbit/s
Upload: 19.72 Mbit/s
Tue Feb  8 16:45:01 CET 2022
Ping: 24.749 ms
Download: 195.52 Mbit/s
Upload: 19.51 Mbit/s
Tue Feb  8 17:45:01 CET 2022
Ping: 22.499 ms
Download: 209.00 Mbit/s
Upload: 19.49 Mbit/s
Tue Feb  8 18:45:01 CET 2022
Ping: 28.314 ms
Download: 293.41 Mbit/s
Upload: 13.98 Mbit/s
Tue Feb  8 19:45:01 CET 2022
Ping: 24.496 ms
Download: 246.05 Mbit/s
Upload: 19.21 Mbit/s
Tue Feb  8 20:45:01 CET 2022
Ping: 29.339 ms
Download: 331.15 Mbit/s
Upload: 16.25 Mbit/s
Tue Feb  8 21:45:01 CET 2022
Ping: 27.099 ms
Download: 261.87 Mbit/s
Upload: 19.26 Mbit/s
Tue Feb  8 22:45:01 CET 2022
Ping: 30.114 ms
Download: 187.96 Mbit/s
Upload: 18.98 Mbit/s
Tue Feb  8 23:45:01 CET 2022
Ping: 28.044 ms
Download: 227.60 Mbit/s
Upload: 19.30 Mbit/s
Wed Feb  9 00:45:01 CET 2022
Ping: 30.662 ms
Download: 311.13 Mbit/s
Upload: 18.87 Mbit/s
Wed Feb  9 01:45:01 CET 2022
Ping: 29.08 ms
Download: 187.35 Mbit/s
Upload: 19.30 Mbit/s
Wed Feb  9 02:45:01 CET 2022
Ping: 30.971 ms
Download: 254.45 Mbit/s
Upload: 19.09 Mbit/s
Wed Feb  9 03:45:01 CET 2022
Ping: 23.165 ms
Download: 326.22 Mbit/s
Upload: 19.77 Mbit/s
Wed Feb  9 04:45:01 CET 2022
Ping: 22.786 ms
Download: 305.01 Mbit/s
Upload: 19.70 Mbit/s
Wed Feb  9 05:45:01 CET 2022
Ping: 22.111 ms
Download: 332.48 Mbit/s
Upload: 19.67 Mbit/s
Wed Feb  9 06:45:01 CET 2022
Ping: 27.47 ms
Download: 237.19 Mbit/s
Upload: 19.10 Mbit/s
Wed Feb  9 07:45:01 CET 2022
Ping: 27.46 ms
Download: 227.16 Mbit/s
Upload: 19.26 Mbit/s
Wed Feb  9 08:45:01 CET 2022
Ping: 27.895 ms
Download: 285.89 Mbit/s
Upload: 19.33 Mbit/s
Wed Feb  9 09:45:01 CET 2022
Ping: 25.497 ms
Download: 258.39 Mbit/s
Upload: 18.02 Mbit/s
Wed Feb  9 10:45:01 CET 2022
Ping: 24.497 ms
Download: 84.05 Mbit/s
Upload: 2.68 Mbit/s
Wed Feb  9 11:45:01 CET 2022
Ping: 25.159 ms
Download: 285.87 Mbit/s
Upload: 19.37 Mbit/s
Wed Feb  9 12:45:01 CET 2022
Ping: 27.183 ms
Download: 89.25 Mbit/s
Upload: 19.44 Mbit/s
Wed Feb  9 13:45:01 CET 2022
Ping: 23.856 ms
Download: 280.60 Mbit/s
Upload: 19.08 Mbit/s
Wed Feb  9 14:45:01 CET 2022
Ping: 27.199 ms
Download: 108.58 Mbit/s
Upload: 19.53 Mbit/s
Wed Feb  9 15:45:01 CET 2022
Ping: 29.642 ms
Download: 259.35 Mbit/s
Upload: 19.08 Mbit/s
Wed Feb  9 16:45:01 CET 2022
Ping: 30.229 ms
Download: 270.72 Mbit/s
Upload: 19.42 Mbit/s
Wed Feb  9 17:45:01 CET 2022
Ping: 27.877 ms
Download: 258.75 Mbit/s
Upload: 19.38 Mbit/s
Wed Feb  9 18:45:01 CET 2022
Ping: 24.204 ms
Download: 319.19 Mbit/s
Upload: 19.60 Mbit/s
Wed Feb  9 19:45:01 CET 2022
Ping: 32.345 ms
Download: 180.86 Mbit/s
Upload: 18.21 Mbit/s
Wed Feb  9 20:45:01 CET 2022
Ping: 28.367 ms
Download: 213.21 Mbit/s
Upload: 19.18 Mbit/s
Wed Feb  9 21:45:01 CET 2022
Ping: 32.816 ms
Download: 137.51 Mbit/s
Upload: 19.50 Mbit/s
Wed Feb  9 22:45:01 CET 2022
Ping: 33.311 ms
Download: 95.70 Mbit/s
Upload: 18.74 Mbit/s
Wed Feb  9 23:45:01 CET 2022
Ping: 32.518 ms
Download: 141.83 Mbit/s
Upload: 19.30 Mbit/s
Thu Feb 10 00:45:01 CET 2022
Ping: 23.903 ms
Download: 217.24 Mbit/s
Upload: 19.61 Mbit/s
Thu Feb 10 01:45:01 CET 2022
Ping: 23.373 ms
Download: 222.30 Mbit/s
Upload: 19.58 Mbit/s
Thu Feb 10 02:45:01 CET 2022
Ping: 21.783 ms
Download: 212.68 Mbit/s
Upload: 19.86 Mbit/s
Thu Feb 10 03:45:02 CET 2022
Ping: 38.754 ms
Download: 168.23 Mbit/s
Upload: 14.87 Mbit/s
Thu Feb 10 04:45:01 CET 2022
Ping: 30.266 ms
Download: 266.06 Mbit/s
Upload: 19.28 Mbit/s
Thu Feb 10 05:45:01 CET 2022
Ping: 33.394 ms
Download: 233.16 Mbit/s
Upload: 19.67 Mbit/s
Thu Feb 10 06:45:01 CET 2022
Ping: 29.341 ms
Download: 225.55 Mbit/s
Upload: 19.07 Mbit/s
Thu Feb 10 07:45:02 CET 2022
Ping: 28.054 ms
Download: 291.72 Mbit/s
Upload: 18.66 Mbit/s
Thu Feb 10 08:45:02 CET 2022
Ping: 29.635 ms
Download: 267.52 Mbit/s
Upload: 19.22 Mbit/s
Thu Feb 10 09:45:01 CET 2022
Ping: 24.834 ms
Download: 236.93 Mbit/s
Upload: 19.58 Mbit/s
Thu Feb 10 10:45:02 CET 2022
Ping: 23.623 ms
Download: 244.57 Mbit/s
Upload: 18.60 Mbit/s
Thu Feb 10 11:45:01 CET 2022
Ping: 25.545 ms
Download: 256.36 Mbit/s
Upload: 17.34 Mbit/s
Thu Feb 10 12:45:01 CET 2022
Ping: 24.499 ms
Download: 86.48 Mbit/s
Upload: 4.96 Mbit/s
Thu Feb 10 13:45:01 CET 2022
Ping: 23.607 ms
Download: 165.23 Mbit/s
Upload: 15.57 Mbit/s
Thu Feb 10 14:45:01 CET 2022
Ping: 24.486 ms
Download: 181.39 Mbit/s
Upload: 13.52 Mbit/s
Thu Feb 10 15:45:01 CET 2022
Ping: 24.5 ms
Download: 293.98 Mbit/s
Upload: 19.32 Mbit/s
Thu Feb 10 16:45:01 CET 2022
Ping: 23.223 ms
Download: 205.69 Mbit/s
Upload: 19.79 Mbit/s
Thu Feb 10 17:45:01 CET 2022
Ping: 23.091 ms
Download: 228.24 Mbit/s
Upload: 19.83 Mbit/s
Thu Feb 10 18:45:01 CET 2022
Ping: 23.668 ms
Download: 202.15 Mbit/s
Upload: 19.19 Mbit/s
Thu Feb 10 19:45:01 CET 2022
Ping: 23.33 ms
Download: 275.07 Mbit/s
Upload: 14.75 Mbit/s
Thu Feb 10 20:45:01 CET 2022
Ping: 20.645 ms
Download: 283.98 Mbit/s
Upload: 14.18 Mbit/s
Thu Feb 10 21:45:01 CET 2022
Ping: 25.883 ms
Download: 236.63 Mbit/s
Upload: 19.38 Mbit/s
Thu Feb 10 22:45:01 CET 2022
Ping: 24.65 ms
Download: 229.49 Mbit/s
Upload: 19.38 Mbit/s
Thu Feb 10 23:45:01 CET 2022
Ping: 21.869 ms
Download: 206.70 Mbit/s
Upload: 19.87 Mbit/s
Fri Feb 11 00:45:01 CET 2022
Ping: 24.507 ms
Download: 339.14 Mbit/s
Upload: 19.74 Mbit/s
Fri Feb 11 01:45:01 CET 2022
Ping: 23.515 ms
Download: 148.00 Mbit/s
Upload: 19.11 Mbit/s
Fri Feb 11 02:45:01 CET 2022
Ping: 25.459 ms
Download: 245.83 Mbit/s
Upload: 19.60 Mbit/s
Fri Feb 11 03:45:01 CET 2022
Ping: 24.158 ms
Download: 207.38 Mbit/s
Upload: 19.80 Mbit/s
Fri Feb 11 04:45:01 CET 2022
Ping: 19.741 ms
Download: 245.14 Mbit/s
Upload: 13.56 Mbit/s
Fri Feb 11 05:45:01 CET 2022
Ping: 20.667 ms
Download: 243.98 Mbit/s
Upload: 14.73 Mbit/s
Fri Feb 11 06:45:01 CET 2022
Ping: 22.66 ms
Download: 205.95 Mbit/s
Upload: 19.73 Mbit/s
Fri Feb 11 07:45:01 CET 2022
Ping: 24.313 ms
Download: 203.71 Mbit/s
Upload: 19.72 Mbit/s
Fri Feb 11 08:45:01 CET 2022
Ping: 20.672 ms
Download: 278.95 Mbit/s
Upload: 15.53 Mbit/s
Fri Feb 11 09:45:01 CET 2022
Ping: 22.059 ms
Download: 273.91 Mbit/s
Upload: 19.12 Mbit/s
Fri Feb 11 10:45:01 CET 2022
Ping: 22.25 ms
Download: 201.50 Mbit/s
Upload: 18.97 Mbit/s
Fri Feb 11 11:45:01 CET 2022
Ping: 24.463 ms
Download: 176.90 Mbit/s
Upload: 15.11 Mbit/s
Fri Feb 11 12:45:01 CET 2022
Ping: 22.657 ms
Download: 206.05 Mbit/s
Upload: 19.47 Mbit/s
Fri Feb 11 13:45:01 CET 2022
Ping: 24.039 ms
Download: 208.81 Mbit/s
Upload: 19.44 Mbit/s
Fri Feb 11 14:45:01 CET 2022
Ping: 22.448 ms
Download: 203.18 Mbit/s
Upload: 18.62 Mbit/s
Fri Feb 11 15:45:01 CET 2022
Ping: 23.163 ms
Download: 257.62 Mbit/s
Upload: 15.34 Mbit/s
Fri Feb 11 16:45:01 CET 2022
Ping: 23.396 ms
Download: 256.62 Mbit/s
Upload: 13.90 Mbit/s
Fri Feb 11 17:45:01 CET 2022
Ping: 20.216 ms
Download: 270.94 Mbit/s
Upload: 14.95 Mbit/s
Fri Feb 11 18:45:01 CET 2022
Ping: 25.681 ms
Download: 268.68 Mbit/s
Upload: 16.43 Mbit/s
Fri Feb 11 19:45:01 CET 2022
Ping: 23.007 ms
Download: 263.79 Mbit/s
Upload: 14.79 Mbit/s
Fri Feb 11 20:45:01 CET 2022
Ping: 25.158 ms
Download: 254.13 Mbit/s
Upload: 13.89 Mbit/s
Fri Feb 11 21:45:01 CET 2022
Ping: 24.683 ms
Download: 282.63 Mbit/s
Upload: 13.58 Mbit/s
Fri Feb 11 22:45:01 CET 2022
Ping: 19.499 ms
Download: 261.13 Mbit/s
Upload: 13.78 Mbit/s
Fri Feb 11 23:45:01 CET 2022
Ping: 20.903 ms
Download: 283.70 Mbit/s
Upload: 15.04 Mbit/s
Sat Feb 12 00:45:01 CET 2022
Ping: 19.995 ms
Download: 264.02 Mbit/s
Upload: 14.82 Mbit/s
Sat Feb 12 01:45:02 CET 2022
Ping: 24.041 ms
Download: 268.68 Mbit/s
Upload: 19.42 Mbit/s
Sat Feb 12 02:45:01 CET 2022
Ping: 20.736 ms
Download: 295.93 Mbit/s
Upload: 13.48 Mbit/s
Sat Feb 12 03:45:01 CET 2022
Ping: 18.042 ms
Download: 256.26 Mbit/s
Upload: 14.72 Mbit/s
Sat Feb 12 04:45:01 CET 2022
Ping: 23.167 ms
Download: 200.42 Mbit/s
Upload: 15.75 Mbit/s
Sat Feb 12 05:45:01 CET 2022
Ping: 22.833 ms
Download: 271.41 Mbit/s
Upload: 17.34 Mbit/s
Sat Feb 12 06:45:01 CET 2022
Ping: 22.737 ms
Download: 37.82 Mbit/s
Upload: 18.00 Mbit/s
Sat Feb 12 07:45:01 CET 2022
Ping: 20.948 ms
Download: 16.76 Mbit/s
Upload: 7.82 Mbit/s
Sat Feb 12 08:45:01 CET 2022
Ping: 23.998 ms
Download: 261.13 Mbit/s
Upload: 19.45 Mbit/s
Sat Feb 12 09:45:01 CET 2022
Ping: 21.037 ms
Download: 191.70 Mbit/s
Upload: 19.67 Mbit/s
Sat Feb 12 10:45:01 CET 2022
Ping: 24.593 ms
Download: 217.78 Mbit/s
Upload: 9.09 Mbit/s
Sat Feb 12 11:45:02 CET 2022
Ping: 23.151 ms
Download: 197.85 Mbit/s
Upload: 19.41 Mbit/s
Sat Feb 12 12:45:01 CET 2022
Ping: 19.89 ms
Download: 30.78 Mbit/s
Upload: 19.24 Mbit/s
Sat Feb 12 13:45:01 CET 2022
Ping: 20.467 ms
Download: 226.71 Mbit/s
Upload: 14.23 Mbit/s
Sat Feb 12 14:45:01 CET 2022
Ping: 19.535 ms
Download: 235.72 Mbit/s
Upload: 15.55 Mbit/s
Sat Feb 12 15:45:01 CET 2022
Ping: 26.092 ms
Download: 231.74 Mbit/s
Upload: 18.81 Mbit/s
Sat Feb 12 16:45:01 CET 2022
Ping: 25.271 ms
Download: 230.52 Mbit/s
Upload: 12.32 Mbit/s
Sat Feb 12 17:45:01 CET 2022
Ping: 24.848 ms
Download: 200.93 Mbit/s
Upload: 18.43 Mbit/s
Sat Feb 12 18:45:01 CET 2022
Ping: 24.958 ms
Download: 190.10 Mbit/s
Upload: 18.85 Mbit/s
Sat Feb 12 19:45:01 CET 2022
Ping: 22.725 ms
Download: 296.93 Mbit/s
Upload: 19.28 Mbit/s
Sat Feb 12 20:45:01 CET 2022
Ping: 24.16 ms
Download: 86.35 Mbit/s
Upload: 19.53 Mbit/s
Sat Feb 12 21:45:01 CET 2022
Ping: 22.155 ms
Download: 267.88 Mbit/s
Upload: 19.80 Mbit/s
Sat Feb 12 22:45:01 CET 2022
Ping: 23.564 ms
Download: 267.07 Mbit/s
Upload: 19.84 Mbit/s
Sat Feb 12 23:45:01 CET 2022
Ping: 23.489 ms
Download: 288.26 Mbit/s
Upload: 19.29 Mbit/s
Sun Feb 13 00:45:01 CET 2022
Ping: 24.352 ms
Download: 321.69 Mbit/s
Upload: 19.34 Mbit/s
Sun Feb 13 01:45:01 CET 2022
Ping: 22.608 ms
Download: 322.52 Mbit/s
Upload: 19.73 Mbit/s
Sun Feb 13 02:45:01 CET 2022
Ping: 23.458 ms
Download: 266.42 Mbit/s
Upload: 19.64 Mbit/s
Sun Feb 13 03:45:01 CET 2022
Ping: 23.618 ms
Download: 150.04 Mbit/s
Upload: 15.73 Mbit/s
Sun Feb 13 04:45:01 CET 2022
Ping: 18.545 ms
Download: 192.21 Mbit/s
Upload: 13.50 Mbit/s
Sun Feb 13 05:45:01 CET 2022
Ping: 18.765 ms
Download: 288.17 Mbit/s
Upload: 13.33 Mbit/s
Sun Feb 13 06:45:01 CET 2022
Ping: 20.129 ms
Download: 326.95 Mbit/s
Upload: 14.69 Mbit/s
Sun Feb 13 07:45:01 CET 2022
Ping: 23.955 ms
Download: 292.63 Mbit/s
Upload: 14.74 Mbit/s
Sun Feb 13 08:45:02 CET 2022
Ping: 22.317 ms
Download: 89.25 Mbit/s
Upload: 18.90 Mbit/s
Sun Feb 13 09:45:01 CET 2022
Ping: 20.19 ms
Download: 286.63 Mbit/s
Upload: 15.23 Mbit/s
Sun Feb 13 10:45:01 CET 2022
Ping: 20.296 ms
Download: 276.06 Mbit/s
Upload: 15.68 Mbit/s
Sun Feb 13 11:45:01 CET 2022
Ping: 21.238 ms
Download: 276.17 Mbit/s
Upload: 14.27 Mbit/s
Sun Feb 13 12:45:01 CET 2022
Ping: 22.42 ms
Download: 179.66 Mbit/s
Upload: 17.24 Mbit/s
Sun Feb 13 13:45:01 CET 2022
Ping: 22.497 ms
Download: 239.11 Mbit/s
Upload: 18.24 Mbit/s
Sun Feb 13 14:45:01 CET 2022
Ping: 25.245 ms
Download: 251.96 Mbit/s
Upload: 18.76 Mbit/s
Sun Feb 13 15:45:01 CET 2022
Ping: 22.569 ms
Download: 191.57 Mbit/s
Upload: 19.77 Mbit/s
Sun Feb 13 16:45:01 CET 2022
Ping: 25.164 ms
Download: 206.60 Mbit/s
Upload: 19.84 Mbit/s
Sun Feb 13 17:45:01 CET 2022
Ping: 24.353 ms
Download: 291.78 Mbit/s
Upload: 19.38 Mbit/s
Sun Feb 13 18:45:01 CET 2022
Ping: 22.746 ms
Download: 289.59 Mbit/s
Upload: 19.46 Mbit/s
Sun Feb 13 19:45:01 CET 2022
Ping: 22.905 ms
Download: 159.51 Mbit/s
Upload: 15.11 Mbit/s
Sun Feb 13 20:45:01 CET 2022
Ping: 24.733 ms
Download: 260.75 Mbit/s
Upload: 19.53 Mbit/s
Sun Feb 13 21:45:02 CET 2022
Ping: 23.88 ms
Download: 274.15 Mbit/s
Upload: 14.62 Mbit/s
Sun Feb 13 22:45:01 CET 2022
Ping: 22.269 ms
Download: 247.43 Mbit/s
Upload: 14.30 Mbit/s
Sun Feb 13 23:45:01 CET 2022
Ping: 19.439 ms
Download: 227.16 Mbit/s
Upload: 15.14 Mbit/s
Mon Feb 14 00:45:01 CET 2022
Ping: 21.618 ms
Download: 352.97 Mbit/s
Upload: 19.53 Mbit/s
Mon Feb 14 01:45:01 CET 2022
Ping: 22.528 ms
Download: 284.33 Mbit/s
Upload: 19.61 Mbit/s
Mon Feb 14 02:45:01 CET 2022
Ping: 21.53 ms
Download: 296.73 Mbit/s
Upload: 19.73 Mbit/s
Mon Feb 14 03:45:01 CET 2022
Ping: 21.211 ms
Download: 196.70 Mbit/s
Upload: 19.77 Mbit/s
Mon Feb 14 04:45:01 CET 2022
Ping: 20.484 ms
Download: 18.16 Mbit/s
Upload: 18.14 Mbit/s
Mon Feb 14 05:45:01 CET 2022
Ping: 20.158 ms
Download: 22.95 Mbit/s
Upload: 19.04 Mbit/s
Mon Feb 14 06:45:01 CET 2022
Ping: 24.151 ms
Download: 230.98 Mbit/s
Upload: 15.40 Mbit/s
Mon Feb 14 07:45:01 CET 2022
Ping: 23.642 ms
Download: 257.02 Mbit/s
Upload: 18.65 Mbit/s
Mon Feb 14 08:45:01 CET 2022
Ping: 21.725 ms
Download: 273.77 Mbit/s
Upload: 19.29 Mbit/s
Mon Feb 14 09:45:01 CET 2022
Ping: 24.987 ms
Download: 266.16 Mbit/s
Upload: 19.18 Mbit/s
Mon Feb 14 10:45:01 CET 2022
Ping: 21.931 ms
Download: 290.93 Mbit/s
Upload: 19.74 Mbit/s
Mon Feb 14 11:45:01 CET 2022
Ping: 22.396 ms
Download: 269.29 Mbit/s
Upload: 19.01 Mbit/s
Mon Feb 14 12:45:01 CET 2022
Ping: 23.261 ms
Download: 59.00 Mbit/s
Upload: 19.64 Mbit/s
Mon Feb 14 13:45:01 CET 2022
Ping: 26.737 ms
Download: 276.21 Mbit/s
Upload: 19.83 Mbit/s
Mon Feb 14 14:45:01 CET 2022
Ping: 25.739 ms
Download: 43.21 Mbit/s
Upload: 19.33 Mbit/s
Mon Feb 14 15:45:01 CET 2022
Ping: 23.598 ms
Download: 136.84 Mbit/s
Upload: 12.05 Mbit/s
Mon Feb 14 16:45:01 CET 2022
Ping: 25.823 ms
Download: 230.50 Mbit/s
Upload: 19.03 Mbit/s
Mon Feb 14 17:45:01 CET 2022
Ping: 24.307 ms
Download: 332.28 Mbit/s
Upload: 15.97 Mbit/s
Mon Feb 14 18:45:01 CET 2022
Ping: 24.793 ms
Download: 258.12 Mbit/s
Upload: 19.48 Mbit/s
Mon Feb 14 19:45:01 CET 2022
Ping: 28.975 ms
Download: 286.10 Mbit/s
Upload: 19.17 Mbit/s
Mon Feb 14 20:45:02 CET 2022
Ping: 21.879 ms
Download: 162.23 Mbit/s
Upload: 19.72 Mbit/s
Mon Feb 14 21:45:01 CET 2022
Ping: 22.498 ms
Download: 285.71 Mbit/s
Upload: 14.14 Mbit/s
Mon Feb 14 22:45:02 CET 2022
Ping: 20.852 ms
Download: 266.18 Mbit/s
Upload: 13.79 Mbit/s
Mon Feb 14 23:45:01 CET 2022
Ping: 19.997 ms
Download: 264.78 Mbit/s
Upload: 14.45 Mbit/s
Tue Feb 15 00:45:01 CET 2022
Ping: 20.113 ms
Download: 254.94 Mbit/s
Upload: 14.71 Mbit/s
Tue Feb 15 01:45:01 CET 2022
Ping: 22.563 ms
Download: 337.27 Mbit/s
Upload: 19.53 Mbit/s
Tue Feb 15 02:45:01 CET 2022
Ping: 24.016 ms
Download: 182.09 Mbit/s
Upload: 15.08 Mbit/s
Tue Feb 15 03:45:01 CET 2022
Ping: 18.265 ms
Download: 252.16 Mbit/s
Upload: 14.97 Mbit/s
Tue Feb 15 04:45:01 CET 2022
Ping: 22.082 ms
Download: 7.98 Mbit/s
Upload: 8.69 Mbit/s
Tue Feb 15 05:45:01 CET 2022
Ping: 24.123 ms
Download: 287.92 Mbit/s
Upload: 14.93 Mbit/s
Tue Feb 15 06:45:01 CET 2022
Ping: 24.115 ms
Download: 193.32 Mbit/s
Upload: 14.30 Mbit/s
Tue Feb 15 07:45:01 CET 2022
Ping: 24.117 ms
Download: 174.68 Mbit/s
Upload: 16.31 Mbit/s
Tue Feb 15 08:45:01 CET 2022
Ping: 24.821 ms
Download: 29.84 Mbit/s
Upload: 19.44 Mbit/s
Tue Feb 15 09:45:01 CET 2022
Ping: 25.466 ms
Download: 318.61 Mbit/s
Upload: 19.68 Mbit/s
Tue Feb 15 10:45:01 CET 2022
Ping: 24.663 ms
Download: 307.76 Mbit/s
Upload: 19.24 Mbit/s
Tue Feb 15 11:45:01 CET 2022
Ping: 26.647 ms
Download: 249.41 Mbit/s
Upload: 17.24 Mbit/s
Tue Feb 15 12:45:01 CET 2022
Ping: 23.032 ms
Download: 270.71 Mbit/s
Upload: 15.19 Mbit/s
Tue Feb 15 13:45:01 CET 2022
Ping: 24.807 ms
Download: 282.44 Mbit/s
Upload: 14.74 Mbit/s
Tue Feb 15 14:45:01 CET 2022
Ping: 20.142 ms
Download: 267.68 Mbit/s
Upload: 14.61 Mbit/s
Tue Feb 15 15:45:01 CET 2022
Ping: 20.961 ms
Download: 237.44 Mbit/s
Upload: 14.03 Mbit/s
Tue Feb 15 16:45:01 CET 2022
Ping: 23.188 ms
Download: 198.55 Mbit/s
Upload: 19.80 Mbit/s
Tue Feb 15 17:45:01 CET 2022
Ping: 24.529 ms
Download: 184.15 Mbit/s
Upload: 15.40 Mbit/s
Tue Feb 15 18:45:01 CET 2022
Ping: 22.257 ms
Download: 279.85 Mbit/s
Upload: 19.25 Mbit/s
Tue Feb 15 19:45:01 CET 2022
Ping: 22.903 ms
Download: 301.70 Mbit/s
Upload: 19.38 Mbit/s
Tue Feb 15 20:45:01 CET 2022
Ping: 21.812 ms
Download: 212.87 Mbit/s
Upload: 19.38 Mbit/s
Tue Feb 15 21:45:01 CET 2022
Ping: 21.878 ms
Download: 255.22 Mbit/s
Upload: 19.25 Mbit/s
Tue Feb 15 22:45:01 CET 2022
Ping: 23.414 ms
Download: 300.32 Mbit/s
Upload: 19.09 Mbit/s
Tue Feb 15 23:45:01 CET 2022
Ping: 24.125 ms
Download: 246.75 Mbit/s
Upload: 19.72 Mbit/s
Wed Feb 16 00:45:01 CET 2022
Ping: 23.154 ms
Download: 330.91 Mbit/s
Upload: 19.13 Mbit/s
Wed Feb 16 01:45:01 CET 2022
Ping: 23.819 ms
Download: 270.78 Mbit/s
Upload: 19.37 Mbit/s
Wed Feb 16 02:45:01 CET 2022
Ping: 23.731 ms
Download: 307.62 Mbit/s
Upload: 19.80 Mbit/s
Wed Feb 16 03:45:01 CET 2022
Ping: 23.668 ms
Download: 291.87 Mbit/s
Upload: 16.74 Mbit/s
Wed Feb 16 04:45:01 CET 2022
Ping: 19.43 ms
Download: 211.95 Mbit/s
Upload: 13.97 Mbit/s
Wed Feb 16 05:45:01 CET 2022
Ping: 20.148 ms
Download: 308.71 Mbit/s
Upload: 14.57 Mbit/s
Wed Feb 16 06:45:01 CET 2022
Ping: 24.298 ms
Download: 234.83 Mbit/s
Upload: 14.86 Mbit/s
Wed Feb 16 07:45:02 CET 2022
Ping: 18.477 ms
Download: 243.19 Mbit/s
Upload: 14.35 Mbit/s
Wed Feb 16 08:45:01 CET 2022
Ping: 19.743 ms
Download: 270.03 Mbit/s
Upload: 15.27 Mbit/s
Wed Feb 16 09:45:01 CET 2022
Ping: 20.088 ms
Download: 234.88 Mbit/s
Upload: 14.90 Mbit/s
Wed Feb 16 10:45:01 CET 2022
Ping: 23.516 ms
Download: 249.20 Mbit/s
Upload: 19.51 Mbit/s
Wed Feb 16 11:45:01 CET 2022
Ping: 22.796 ms
Download: 256.97 Mbit/s
Upload: 19.70 Mbit/s
Wed Feb 16 12:45:01 CET 2022
Ping: 24.242 ms
Download: 222.12 Mbit/s
Upload: 19.48 Mbit/s
Wed Feb 16 13:45:01 CET 2022
Ping: 27.326 ms
Download: 239.13 Mbit/s
Upload: 19.30 Mbit/s
Wed Feb 16 14:45:01 CET 2022
Ping: 26.498 ms
Download: 250.88 Mbit/s
Upload: 19.50 Mbit/s
Wed Feb 16 15:45:01 CET 2022
Ping: 28.049 ms
Download: 291.79 Mbit/s
Upload: 19.37 Mbit/s
Wed Feb 16 16:45:01 CET 2022
Ping: 24.493 ms
Download: 227.99 Mbit/s
Upload: 19.40 Mbit/s
Wed Feb 16 17:45:01 CET 2022
Ping: 19.889 ms
Download: 27.65 Mbit/s
Upload: 18.96 Mbit/s
Wed Feb 16 18:45:01 CET 2022
Ping: 22.461 ms
Download: 253.97 Mbit/s
Upload: 19.64 Mbit/s
Wed Feb 16 19:45:01 CET 2022
Ping: 25.178 ms
Download: 27.48 Mbit/s
Upload: 18.93 Mbit/s
Wed Feb 16 20:45:01 CET 2022
Ping: 21.166 ms
Download: 258.69 Mbit/s
Upload: 19.11 Mbit/s
Wed Feb 16 21:45:01 CET 2022
Ping: 26.567 ms
Download: 25.36 Mbit/s
Upload: 17.55 Mbit/s
Wed Feb 16 22:45:01 CET 2022
Ping: 22.707 ms
Download: 269.57 Mbit/s
Upload: 19.34 Mbit/s
Wed Feb 16 23:45:01 CET 2022
Ping: 25.07 ms
Download: 227.52 Mbit/s
Upload: 19.87 Mbit/s
Thu Feb 17 00:45:01 CET 2022
Ping: 21.706 ms
Download: 196.84 Mbit/s
Upload: 19.78 Mbit/s
Thu Feb 17 01:45:01 CET 2022
Ping: 22.9 ms
Download: 179.74 Mbit/s
Upload: 14.56 Mbit/s
Thu Feb 17 02:45:02 CET 2022
Ping: 20.184 ms
Download: 238.54 Mbit/s
Upload: 17.24 Mbit/s
Thu Feb 17 03:45:01 CET 2022
Ping: 19.269 ms
Download: 279.55 Mbit/s
Upload: 14.34 Mbit/s
Thu Feb 17 04:45:02 CET 2022
Ping: 22.41 ms
Download: 230.69 Mbit/s
Upload: 19.58 Mbit/s
Thu Feb 17 05:45:01 CET 2022
Ping: 22.639 ms
Download: 249.05 Mbit/s
Upload: 19.65 Mbit/s
Thu Feb 17 06:45:01 CET 2022
Ping: 21.84 ms
Download: 287.75 Mbit/s
Upload: 19.64 Mbit/s
Thu Feb 17 07:45:01 CET 2022
Ping: 23.095 ms
Download: 46.75 Mbit/s
Upload: 7.55 Mbit/s
Thu Feb 17 08:45:01 CET 2022
Ping: 26.11 ms
Download: 79.62 Mbit/s
Upload: 19.58 Mbit/s
Thu Feb 17 09:45:01 CET 2022
Ping: 24.306 ms
Download: 57.85 Mbit/s
Upload: 18.53 Mbit/s
Thu Feb 17 10:45:01 CET 2022
Ping: 22.306 ms
Download: 333.92 Mbit/s
Upload: 19.51 Mbit/s
Thu Feb 17 11:45:01 CET 2022
Ping: 25.319 ms
Download: 241.23 Mbit/s
Upload: 19.37 Mbit/s
Thu Feb 17 12:45:01 CET 2022
Ping: 24.742 ms
Download: 251.97 Mbit/s
Upload: 19.54 Mbit/s
Thu Feb 17 13:45:01 CET 2022
Ping: 25.452 ms
Download: 253.30 Mbit/s
Upload: 19.99 Mbit/s
Thu Feb 17 14:45:01 CET 2022
Ping: 25.754 ms
Download: 275.48 Mbit/s
Upload: 19.00 Mbit/s
Thu Feb 17 15:45:01 CET 2022
Ping: 26.374 ms
Download: 320.69 Mbit/s
Upload: 19.62 Mbit/s
Thu Feb 17 16:45:01 CET 2022
Ping: 21.451 ms
Download: 296.43 Mbit/s
Upload: 19.53 Mbit/s
Thu Feb 17 17:45:01 CET 2022
Ping: 24.814 ms
Download: 249.98 Mbit/s
Upload: 19.52 Mbit/s
Thu Feb 17 18:45:01 CET 2022
Ping: 24.18 ms
Download: 272.15 Mbit/s
Upload: 19.52 Mbit/s
Thu Feb 17 19:45:01 CET 2022
Ping: 22.339 ms
Download: 237.02 Mbit/s
Upload: 19.44 Mbit/s
Thu Feb 17 20:45:01 CET 2022
Ping: 23.796 ms
Download: 292.02 Mbit/s
Upload: 19.46 Mbit/s
Thu Feb 17 21:45:01 CET 2022
Ping: 25.365 ms
Download: 272.05 Mbit/s
Upload: 19.83 Mbit/s
Thu Feb 17 22:45:01 CET 2022
Ping: 26.079 ms
Download: 232.13 Mbit/s
Upload: 19.16 Mbit/s
Thu Feb 17 23:45:01 CET 2022
Ping: 26.513 ms
Download: 236.47 Mbit/s
Upload: 19.83 Mbit/s
Fri Feb 18 00:45:01 CET 2022
Ping: 23.725 ms
Download: 233.25 Mbit/s
Upload: 19.96 Mbit/s
Fri Feb 18 01:45:01 CET 2022
Ping: 23.218 ms
Download: 257.31 Mbit/s
Upload: 19.74 Mbit/s
Fri Feb 18 02:45:01 CET 2022
Ping: 20.718 ms
Download: 235.55 Mbit/s
Upload: 19.96 Mbit/s
Fri Feb 18 03:45:01 CET 2022
Ping: 23.809 ms
Download: 230.55 Mbit/s
Upload: 19.64 Mbit/s
Fri Feb 18 04:45:01 CET 2022
Ping: 25.006 ms
Download: 248.40 Mbit/s
Upload: 19.58 Mbit/s
Fri Feb 18 05:45:01 CET 2022
Ping: 25.13 ms
Download: 228.35 Mbit/s
Upload: 19.82 Mbit/s
Fri Feb 18 06:45:01 CET 2022
Ping: 25.813 ms
Download: 254.11 Mbit/s
Upload: 19.34 Mbit/s
Fri Feb 18 07:45:01 CET 2022
Ping: 23.648 ms
Download: 267.70 Mbit/s
Upload: 19.78 Mbit/s
Fri Feb 18 08:45:01 CET 2022
Ping: 22.813 ms
Download: 271.06 Mbit/s
Upload: 19.11 Mbit/s
Fri Feb 18 09:45:01 CET 2022
Ping: 25.767 ms
Download: 222.09 Mbit/s
Upload: 19.91 Mbit/s
Fri Feb 18 10:45:01 CET 2022
Ping: 24.348 ms
Download: 236.95 Mbit/s
Upload: 19.20 Mbit/s
Fri Feb 18 11:45:02 CET 2022
Ping: 25.487 ms
Download: 209.58 Mbit/s
Upload: 18.68 Mbit/s
Fri Feb 18 12:45:01 CET 2022
Ping: 24.042 ms
Download: 243.63 Mbit/s
Upload: 19.38 Mbit/s
Fri Feb 18 13:45:01 CET 2022
Ping: 28.653 ms
Download: 199.63 Mbit/s
Upload: 19.38 Mbit/s
Fri Feb 18 14:45:01 CET 2022
Ping: 29.298 ms
Download: 299.92 Mbit/s
Upload: 19.40 Mbit/s
Fri Feb 18 15:45:01 CET 2022
Ping: 27.677 ms
Download: 235.67 Mbit/s
Upload: 19.01 Mbit/s
Fri Feb 18 16:45:02 CET 2022
Ping: 30.907 ms
Download: 191.49 Mbit/s
Upload: 18.81 Mbit/s
Fri Feb 18 17:45:01 CET 2022
Ping: 28.84 ms
Download: 193.54 Mbit/s
Upload: 18.69 Mbit/s
Fri Feb 18 18:45:01 CET 2022
Ping: 33.348 ms
Download: 270.67 Mbit/s
Upload: 18.89 Mbit/s
Fri Feb 18 19:45:01 CET 2022
Ping: 26.296 ms
Download: 228.72 Mbit/s
Upload: 19.63 Mbit/s
Fri Feb 18 20:45:02 CET 2022
Ping: 26.696 ms
Download: 299.38 Mbit/s
Upload: 19.02 Mbit/s
Fri Feb 18 21:45:01 CET 2022
Ping: 24.73 ms
Download: 258.75 Mbit/s
Upload: 19.59 Mbit/s
Fri Feb 18 22:45:01 CET 2022
Ping: 23.704 ms
Download: 220.26 Mbit/s
Upload: 19.24 Mbit/s
Fri Feb 18 23:45:01 CET 2022
Ping: 26.289 ms
Download: 252.66 Mbit/s
Upload: 19.35 Mbit/s
Sat Feb 19 00:45:01 CET 2022
Ping: 23.815 ms
Download: 199.56 Mbit/s
Upload: 19.42 Mbit/s
Sat Feb 19 01:45:01 CET 2022
Ping: 29.483 ms
Download: 253.16 Mbit/s
Upload: 19.58 Mbit/s
Sat Feb 19 02:45:01 CET 2022
Ping: 25.169 ms
Download: 274.80 Mbit/s
Upload: 18.92 Mbit/s
Sat Feb 19 03:45:02 CET 2022
Ping: 24.294 ms
Download: 260.71 Mbit/s
Upload: 19.71 Mbit/s
Sat Feb 19 04:45:01 CET 2022
Ping: 25.457 ms
Download: 245.73 Mbit/s
Upload: 19.66 Mbit/s
Sat Feb 19 05:45:01 CET 2022
Ping: 26.153 ms
Download: 265.24 Mbit/s
Upload: 19.62 Mbit/s
Sat Feb 19 06:45:01 CET 2022
Ping: 25.261 ms
Download: 252.43 Mbit/s
Upload: 19.58 Mbit/s
Sat Feb 19 07:45:01 CET 2022
Ping: 22.249 ms
Download: 291.29 Mbit/s
Upload: 19.91 Mbit/s
Sat Feb 19 08:45:01 CET 2022
Ping: 24.268 ms
Download: 256.75 Mbit/s
Upload: 19.21 Mbit/s
Sat Feb 19 09:45:01 CET 2022
Ping: 24.82 ms
Download: 262.27 Mbit/s
Upload: 19.93 Mbit/s
Sat Feb 19 10:45:01 CET 2022
Ping: 26.898 ms
Download: 248.44 Mbit/s
Upload: 19.40 Mbit/s
Sat Feb 19 11:45:01 CET 2022
Ping: 27.998 ms
Download: 246.11 Mbit/s
Upload: 19.42 Mbit/s
Sat Feb 19 12:45:01 CET 2022
Ping: 28.24 ms
Download: 292.96 Mbit/s
Upload: 19.01 Mbit/s
Sat Feb 19 13:45:01 CET 2022
Ping: 27.804 ms
Download: 237.43 Mbit/s
Upload: 19.13 Mbit/s
Sat Feb 19 14:45:01 CET 2022
Ping: 25.126 ms
Download: 214.75 Mbit/s
Upload: 19.05 Mbit/s
Sat Feb 19 15:45:01 CET 2022
Ping: 24.674 ms
Download: 223.25 Mbit/s
Upload: 19.62 Mbit/s
Sat Feb 19 16:45:01 CET 2022
Ping: 27.885 ms
Download: 213.68 Mbit/s
Upload: 19.78 Mbit/s
Sat Feb 19 17:45:01 CET 2022
Ping: 27.154 ms
Download: 207.93 Mbit/s
Upload: 19.35 Mbit/s
Sat Feb 19 18:45:01 CET 2022
Ping: 25.059 ms
Download: 202.98 Mbit/s
Upload: 19.60 Mbit/s
Sat Feb 19 19:45:01 CET 2022
Ping: 31.391 ms
Download: 246.52 Mbit/s
Upload: 19.06 Mbit/s
Sat Feb 19 20:45:01 CET 2022
Ping: 32.515 ms
Download: 276.83 Mbit/s
Upload: 18.88 Mbit/s
Sat Feb 19 21:45:01 CET 2022
Ping: 31.271 ms
Download: 272.30 Mbit/s
Upload: 19.61 Mbit/s
Sat Feb 19 22:45:01 CET 2022
Ping: 27.876 ms
Download: 195.02 Mbit/s
Upload: 19.38 Mbit/s
Sat Feb 19 23:45:01 CET 2022
Ping: 26.449 ms
Download: 191.50 Mbit/s
Upload: 19.52 Mbit/s
Sun Feb 20 00:45:01 CET 2022
Ping: 28.2 ms
Download: 242.86 Mbit/s
Upload: 19.52 Mbit/s
Sun Feb 20 01:45:01 CET 2022
Ping: 24.459 ms
Download: 264.85 Mbit/s
Upload: 19.47 Mbit/s
Sun Feb 20 02:45:01 CET 2022
Ping: 24.664 ms
Download: 255.24 Mbit/s
Upload: 19.17 Mbit/s
Sun Feb 20 03:45:01 CET 2022
Ping: 38.883 ms
Download: 213.23 Mbit/s
Upload: 15.44 Mbit/s
Sun Feb 20 04:45:01 CET 2022
Ping: 22.97 ms
Download: 254.06 Mbit/s
Upload: 19.59 Mbit/s
Sun Feb 20 05:45:01 CET 2022
Ping: 21.088 ms
Download: 231.68 Mbit/s
Upload: 19.72 Mbit/s
Sun Feb 20 06:45:01 CET 2022
Ping: 23.636 ms
Download: 256.44 Mbit/s
Upload: 19.70 Mbit/s
Sun Feb 20 07:45:01 CET 2022
Ping: 28.51 ms
Download: 269.62 Mbit/s
Upload: 19.81 Mbit/s
Sun Feb 20 08:45:01 CET 2022
Ping: 29.997 ms
Download: 231.15 Mbit/s
Upload: 18.89 Mbit/s
Sun Feb 20 09:45:01 CET 2022
Ping: 28.488 ms
Download: 216.65 Mbit/s
Upload: 19.51 Mbit/s
Sun Feb 20 10:45:01 CET 2022
Ping: 31.211 ms
Download: 63.76 Mbit/s
Upload: 19.52 Mbit/s
Sun Feb 20 11:45:01 CET 2022
Ping: 24.615 ms
Download: 55.00 Mbit/s
Upload: 18.81 Mbit/s
Sun Feb 20 12:45:01 CET 2022
Ping: 24.563 ms
Download: 38.91 Mbit/s
Upload: 18.41 Mbit/s
Sun Feb 20 13:45:01 CET 2022
Ping: 22.352 ms
Download: 251.71 Mbit/s
Upload: 19.89 Mbit/s
Sun Feb 20 14:45:01 CET 2022
Ping: 23.096 ms
Download: 252.15 Mbit/s
Upload: 19.96 Mbit/s
Sun Feb 20 15:45:01 CET 2022
Ping: 24.71 ms
Download: 176.93 Mbit/s
Upload: 19.60 Mbit/s
Sun Feb 20 16:45:01 CET 2022
Ping: 30.165 ms
Download: 126.54 Mbit/s
Upload: 19.59 Mbit/s
Sun Feb 20 17:45:01 CET 2022
Ping: 30.212 ms
Download: 221.24 Mbit/s
Upload: 19.66 Mbit/s
Sun Feb 20 18:45:01 CET 2022
Ping: 30.987 ms
Download: 254.77 Mbit/s
Upload: 19.34 Mbit/s
Sun Feb 20 19:45:01 CET 2022
Ping: 23.213 ms
Download: 240.19 Mbit/s
Upload: 18.82 Mbit/s
Sun Feb 20 20:45:01 CET 2022
Ping: 24.884 ms
Download: 232.45 Mbit/s
Upload: 19.52 Mbit/s
Sun Feb 20 21:45:01 CET 2022
Ping: 22.998 ms
Download: 227.66 Mbit/s
Upload: 19.39 Mbit/s
Sun Feb 20 22:45:01 CET 2022
Ping: 27.569 ms
Download: 302.19 Mbit/s
Upload: 19.09 Mbit/s
Sun Feb 20 23:45:02 CET 2022
Ping: 25.523 ms
Download: 267.54 Mbit/s
Upload: 19.31 Mbit/s
Mon Feb 21 00:45:01 CET 2022
Ping: 25.207 ms
Download: 240.13 Mbit/s
Upload: 19.46 Mbit/s
Mon Feb 21 01:45:01 CET 2022
Ping: 27.128 ms
Download: 225.18 Mbit/s
Upload: 19.41 Mbit/s
Mon Feb 21 02:45:01 CET 2022
Ping: 26.384 ms
Download: 241.16 Mbit/s
Upload: 18.72 Mbit/s
Mon Feb 21 03:45:02 CET 2022
Ping: 27.466 ms
Download: 223.82 Mbit/s
Upload: 18.86 Mbit/s
Mon Feb 21 04:45:01 CET 2022
Ping: 23.408 ms
Download: 268.22 Mbit/s
Upload: 19.70 Mbit/s
Mon Feb 21 05:45:01 CET 2022
Ping: 25.862 ms
Download: 277.97 Mbit/s
Upload: 19.92 Mbit/s
Mon Feb 21 06:45:01 CET 2022
Ping: 20.208 ms
Download: 226.28 Mbit/s
Upload: 19.34 Mbit/s
Mon Feb 21 07:45:01 CET 2022
Ping: 23.563 ms
Download: 66.53 Mbit/s
Upload: 19.50 Mbit/s
Mon Feb 21 08:45:01 CET 2022
Ping: 22.208 ms
Download: 277.26 Mbit/s
Upload: 19.53 Mbit/s
Mon Feb 21 09:45:01 CET 2022
Ping: 22.936 ms
Download: 227.38 Mbit/s
Upload: 19.67 Mbit/s
Mon Feb 21 10:45:01 CET 2022
Ping: 27.82 ms
Download: 276.14 Mbit/s
Upload: 19.72 Mbit/s
Mon Feb 21 11:45:01 CET 2022
Ping: 24.808 ms
Download: 284.77 Mbit/s
Upload: 19.27 Mbit/s
Mon Feb 21 12:45:01 CET 2022
Ping: 24.832 ms
Download: 318.56 Mbit/s
Upload: 19.64 Mbit/s
Mon Feb 21 13:45:01 CET 2022
Ping: 25.678 ms
Download: 279.30 Mbit/s
Upload: 19.53 Mbit/s
Mon Feb 21 14:45:01 CET 2022
Ping: 25.007 ms
Download: 229.69 Mbit/s
Upload: 19.69 Mbit/s
Mon Feb 21 15:45:01 CET 2022
Ping: 23.915 ms
Download: 238.80 Mbit/s
Upload: 18.96 Mbit/s
Mon Feb 21 16:45:01 CET 2022
Ping: 24.132 ms
Download: 274.05 Mbit/s
Upload: 19.81 Mbit/s
Mon Feb 21 17:45:02 CET 2022
Ping: 24.326 ms
Download: 231.91 Mbit/s
Upload: 19.34 Mbit/s
Mon Feb 21 18:45:01 CET 2022
Ping: 26.1 ms
Download: 212.79 Mbit/s
Upload: 19.56 Mbit/s
Mon Feb 21 19:45:01 CET 2022
Ping: 26.173 ms
Download: 248.51 Mbit/s
Upload: 19.38 Mbit/s
Mon Feb 21 20:45:01 CET 2022
Ping: 26.046 ms
Download: 245.33 Mbit/s
Upload: 19.50 Mbit/s
Mon Feb 21 21:45:01 CET 2022
Ping: 23.825 ms
Download: 246.93 Mbit/s
Upload: 19.42 Mbit/s
Mon Feb 21 22:45:01 CET 2022
Ping: 23.005 ms
Download: 226.84 Mbit/s
Upload: 14.37 Mbit/s
Mon Feb 21 23:45:01 CET 2022
Ping: 21.41 ms
Download: 276.95 Mbit/s
Upload: 15.56 Mbit/s
Tue Feb 22 00:45:01 CET 2022
Ping: 20.223 ms
Download: 318.45 Mbit/s
Upload: 14.31 Mbit/s
Tue Feb 22 01:45:01 CET 2022
Ping: 26.053 ms
Download: 243.53 Mbit/s
Upload: 18.75 Mbit/s
Tue Feb 22 02:45:01 CET 2022
Ping: 27.808 ms
Download: 272.27 Mbit/s
Upload: 19.02 Mbit/s
Tue Feb 22 03:45:01 CET 2022
Ping: 27.675 ms
Download: 246.11 Mbit/s
Upload: 19.40 Mbit/s
Tue Feb 22 04:45:01 CET 2022
Ping: 29.198 ms
Download: 257.15 Mbit/s
Upload: 19.02 Mbit/s
Tue Feb 22 05:45:01 CET 2022
Ping: 30.175 ms
Download: 298.24 Mbit/s
Upload: 18.63 Mbit/s
Tue Feb 22 06:45:01 CET 2022
Ping: 30.13 ms
Download: 290.87 Mbit/s
Upload: 19.46 Mbit/s
Tue Feb 22 07:45:01 CET 2022
Ping: 26.932 ms
Download: 217.21 Mbit/s
Upload: 18.72 Mbit/s
Tue Feb 22 08:45:01 CET 2022
Ping: 25.002 ms
Download: 257.60 Mbit/s
Upload: 19.26 Mbit/s
Tue Feb 22 09:45:01 CET 2022
Ping: 23.633 ms
Download: 264.17 Mbit/s
Upload: 19.61 Mbit/s
Tue Feb 22 10:45:01 CET 2022
Ping: 23.829 ms
Download: 249.53 Mbit/s
Upload: 19.49 Mbit/s
Tue Feb 22 11:45:01 CET 2022
Ping: 23.185 ms
Download: 213.24 Mbit/s
Upload: 18.74 Mbit/s
Tue Feb 22 12:45:01 CET 2022
Ping: 22.851 ms
Download: 226.73 Mbit/s
Upload: 19.60 Mbit/s
Tue Feb 22 13:45:02 CET 2022
Ping: 31.144 ms
Download: 230.57 Mbit/s
Upload: 19.08 Mbit/s
Tue Feb 22 14:45:01 CET 2022
Ping: 29.82 ms
Download: 247.60 Mbit/s
Upload: 17.86 Mbit/s
Tue Feb 22 15:45:01 CET 2022
Ping: 32.877 ms
Download: 157.01 Mbit/s
Upload: 19.25 Mbit/s
Tue Feb 22 16:45:01 CET 2022
Ping: 28.52 ms
Download: 168.22 Mbit/s
Upload: 19.03 Mbit/s
Tue Feb 22 17:45:01 CET 2022
Ping: 30.49 ms
Download: 138.65 Mbit/s
Upload: 19.11 Mbit/s
Tue Feb 22 18:45:02 CET 2022
Ping: 26.626 ms
Download: 257.42 Mbit/s
Upload: 18.87 Mbit/s
Tue Feb 22 19:45:01 CET 2022
Ping: 24.619 ms
Download: 274.74 Mbit/s
Upload: 19.36 Mbit/s
Tue Feb 22 20:45:01 CET 2022
Ping: 27.744 ms
Download: 277.06 Mbit/s
Upload: 19.12 Mbit/s
Tue Feb 22 21:45:01 CET 2022
Ping: 27.312 ms
Download: 238.40 Mbit/s
Upload: 19.37 Mbit/s
Tue Feb 22 22:45:01 CET 2022
Ping: 26.417 ms
Download: 281.82 Mbit/s
Upload: 18.97 Mbit/s
Tue Feb 22 23:45:01 CET 2022
Ping: 27.013 ms
Download: 192.43 Mbit/s
Upload: 19.15 Mbit/s
Wed Feb 23 00:45:01 CET 2022
Ping: 26.553 ms
Download: 262.03 Mbit/s
Upload: 19.58 Mbit/s
Wed Feb 23 01:45:01 CET 2022
Ping: 22.113 ms
Download: 226.24 Mbit/s
Upload: 19.57 Mbit/s
Wed Feb 23 02:45:01 CET 2022
Ping: 22.31 ms
Download: 242.01 Mbit/s
Upload: 19.55 Mbit/s
Wed Feb 23 03:45:01 CET 2022
Ping: 23.507 ms
Download: 207.29 Mbit/s
Upload: 19.58 Mbit/s
Wed Feb 23 04:45:01 CET 2022
Ping: 23.962 ms
Download: 237.56 Mbit/s
Upload: 19.76 Mbit/s
Wed Feb 23 05:45:01 CET 2022
Ping: 22.552 ms
Download: 222.69 Mbit/s
Upload: 19.63 Mbit/s
Wed Feb 23 06:45:01 CET 2022
Ping: 22.905 ms
Download: 280.13 Mbit/s
Upload: 19.41 Mbit/s
Wed Feb 23 07:45:01 CET 2022
Ping: 22.997 ms
Download: 255.97 Mbit/s
Upload: 19.92 Mbit/s
Wed Feb 23 08:45:01 CET 2022
Ping: 26.534 ms
Download: 222.00 Mbit/s
Upload: 19.59 Mbit/s
Wed Feb 23 09:45:02 CET 2022
Ping: 23.475 ms
Download: 201.70 Mbit/s
Upload: 19.30 Mbit/s
Wed Feb 23 10:45:01 CET 2022
Ping: 27.298 ms
Download: 77.78 Mbit/s
Upload: 17.89 Mbit/s
Wed Feb 23 11:45:01 CET 2022
Ping: 30.205 ms
Download: 72.54 Mbit/s
Upload: 19.43 Mbit/s
Wed Feb 23 12:45:01 CET 2022
Ping: 27.676 ms
Download: 58.76 Mbit/s
Upload: 19.34 Mbit/s
Wed Feb 23 13:45:01 CET 2022
Ping: 30.515 ms
Download: 217.70 Mbit/s
Upload: 19.37 Mbit/s
Wed Feb 23 14:45:01 CET 2022
Ping: 29.867 ms
Download: 222.82 Mbit/s
Upload: 18.91 Mbit/s
Wed Feb 23 15:45:01 CET 2022
Ping: 27.187 ms
Download: 196.21 Mbit/s
Upload: 19.27 Mbit/s
Wed Feb 23 16:45:01 CET 2022
Ping: 25.75 ms
Download: 229.25 Mbit/s
Upload: 19.34 Mbit/s
Wed Feb 23 17:45:01 CET 2022
Ping: 23.715 ms
Download: 258.54 Mbit/s
Upload: 19.83 Mbit/s
Wed Feb 23 18:45:01 CET 2022
Ping: 22.906 ms
Download: 241.22 Mbit/s
Upload: 19.53 Mbit/s
Wed Feb 23 19:45:01 CET 2022
Ping: 31.65 ms
Download: 292.55 Mbit/s
Upload: 19.40 Mbit/s
Wed Feb 23 20:45:01 CET 2022
Ping: 32.987 ms
Download: 229.75 Mbit/s
Upload: 19.30 Mbit/s
Wed Feb 23 21:45:01 CET 2022
Ping: 28.05 ms
Download: 276.08 Mbit/s
Upload: 19.76 Mbit/s
Wed Feb 23 22:45:01 CET 2022
Ping: 26.753 ms
Download: 189.97 Mbit/s
Upload: 19.16 Mbit/s
Wed Feb 23 23:45:01 CET 2022
Ping: 27.171 ms
Download: 152.14 Mbit/s
Upload: 19.42 Mbit/s
Thu Feb 24 00:45:01 CET 2022
Ping: 27.365 ms
Download: 214.73 Mbit/s
Upload: 19.75 Mbit/s
Thu Feb 24 01:45:02 CET 2022
Ping: 23.837 ms
Download: 272.71 Mbit/s
Upload: 19.13 Mbit/s
Thu Feb 24 02:45:01 CET 2022
Ping: 23.723 ms
Download: 347.59 Mbit/s
Upload: 18.89 Mbit/s
Thu Feb 24 03:45:01 CET 2022
Ping: 22.396 ms
Download: 319.16 Mbit/s
Upload: 18.88 Mbit/s
Thu Feb 24 04:45:01 CET 2022
Ping: 25.502 ms
Download: 261.48 Mbit/s
Upload: 19.40 Mbit/s
Thu Feb 24 05:45:01 CET 2022
Ping: 22.227 ms
Download: 229.45 Mbit/s
Upload: 19.77 Mbit/s
Thu Feb 24 06:45:01 CET 2022
Ping: 22.129 ms
Download: 274.99 Mbit/s
Upload: 19.81 Mbit/s
Thu Feb 24 07:45:01 CET 2022
Ping: 25.123 ms
Download: 232.97 Mbit/s
Upload: 19.29 Mbit/s
Thu Feb 24 08:45:01 CET 2022
Ping: 25.66 ms
Download: 214.26 Mbit/s
Upload: 19.58 Mbit/s
Thu Feb 24 09:45:01 CET 2022
Ping: 26.499 ms
Download: 227.99 Mbit/s
Upload: 19.08 Mbit/s
Thu Feb 24 10:45:01 CET 2022
Ping: 25.68 ms
Download: 269.99 Mbit/s
Upload: 18.76 Mbit/s
Thu Feb 24 11:45:01 CET 2022
Ping: 24.184 ms
Download: 155.53 Mbit/s
Upload: 2.74 Mbit/s
Thu Feb 24 12:45:01 CET 2022
Ping: 27.558 ms
Download: 230.61 Mbit/s
Upload: 19.49 Mbit/s
Thu Feb 24 13:45:01 CET 2022
Ping: 23.005 ms
Download: 277.09 Mbit/s
Upload: 19.44 Mbit/s
Thu Feb 24 14:45:01 CET 2022
Ping: 22.796 ms
Download: 322.53 Mbit/s
Upload: 19.65 Mbit/s
Thu Feb 24 15:45:01 CET 2022
Ping: 23.237 ms
Download: 326.55 Mbit/s
Upload: 19.63 Mbit/s
Thu Feb 24 16:45:01 CET 2022
Ping: 21.55 ms
Download: 262.86 Mbit/s
Upload: 16.17 Mbit/s
Thu Feb 24 17:45:01 CET 2022
Ping: 19.315 ms
Download: 305.63 Mbit/s
Upload: 13.94 Mbit/s
Thu Feb 24 18:45:01 CET 2022
Ping: 23.287 ms
Download: 219.93 Mbit/s
Upload: 13.40 Mbit/s
Thu Feb 24 19:45:01 CET 2022
Ping: 23.901 ms
Download: 289.16 Mbit/s
Upload: 19.04 Mbit/s
Thu Feb 24 20:45:01 CET 2022
Ping: 21.912 ms
Download: 317.06 Mbit/s
Upload: 18.27 Mbit/s
Thu Feb 24 21:45:01 CET 2022
Ping: 23.82 ms
Download: 280.02 Mbit/s
Upload: 19.78 Mbit/s
Thu Feb 24 22:45:01 CET 2022
Ping: 23.862 ms
Download: 107.78 Mbit/s
Upload: 19.47 Mbit/s
Thu Feb 24 23:45:02 CET 2022
Ping: 24.898 ms
Download: 81.37 Mbit/s
Upload: 19.42 Mbit/s
Fri Feb 25 00:45:01 CET 2022
Ping: 24.994 ms
Download: 168.60 Mbit/s
Upload: 19.25 Mbit/s
Fri Feb 25 01:45:01 CET 2022
Ping: 22.741 ms
Download: 273.52 Mbit/s
Upload: 16.77 Mbit/s
Fri Feb 25 02:45:01 CET 2022
Ping: 20.253 ms
Download: 261.06 Mbit/s
Upload: 14.88 Mbit/s
Fri Feb 25 03:45:01 CET 2022
Ping: 20.503 ms
Download: 258.47 Mbit/s
Upload: 15.19 Mbit/s
Fri Feb 25 04:45:01 CET 2022
Ping: 23.3 ms
Download: 199.28 Mbit/s
Upload: 19.73 Mbit/s
Fri Feb 25 05:45:02 CET 2022
Ping: 23.782 ms
Download: 180.62 Mbit/s
Upload: 19.78 Mbit/s
Fri Feb 25 06:45:01 CET 2022
Ping: 23.103 ms
Download: 190.08 Mbit/s
Upload: 19.59 Mbit/s
Fri Feb 25 07:45:01 CET 2022
Ping: 25.678 ms
Download: 219.89 Mbit/s
Upload: 19.48 Mbit/s
Fri Feb 25 08:45:01 CET 2022
Ping: 26.334 ms
Download: 227.24 Mbit/s
Upload: 19.54 Mbit/s
Fri Feb 25 09:45:01 CET 2022
Ping: 25.668 ms
Download: 224.33 Mbit/s
Upload: 19.63 Mbit/s
Fri Feb 25 10:45:02 CET 2022
Ping: 25.722 ms
Download: 154.28 Mbit/s
Upload: 11.38 Mbit/s
Fri Feb 25 11:45:01 CET 2022
Ping: 24.334 ms
Download: 175.54 Mbit/s
Upload: 19.44 Mbit/s
Fri Feb 25 12:45:01 CET 2022
Ping: 24.564 ms
Download: 262.70 Mbit/s
Upload: 10.82 Mbit/s
Fri Feb 25 13:45:01 CET 2022
Ping: 22.401 ms
Download: 198.25 Mbit/s
Upload: 19.62 Mbit/s
Fri Feb 25 14:45:01 CET 2022
Ping: 25.455 ms
Download: 210.17 Mbit/s
Upload: 19.75 Mbit/s
Fri Feb 25 15:45:01 CET 2022
Ping: 23.186 ms
Download: 296.11 Mbit/s
Upload: 19.69 Mbit/s
Fri Feb 25 16:45:01 CET 2022
Ping: 25.541 ms
Download: 268.30 Mbit/s
Upload: 19.46 Mbit/s
Fri Feb 25 17:45:02 CET 2022
Ping: 21.604 ms
Download: 246.57 Mbit/s
Upload: 19.73 Mbit/s
Fri Feb 25 18:45:01 CET 2022
Ping: 26.487 ms
Download: 205.02 Mbit/s
Upload: 19.59 Mbit/s
Fri Feb 25 19:45:01 CET 2022
Ping: 24.846 ms
Download: 54.65 Mbit/s
Upload: 19.13 Mbit/s
Fri Feb 25 20:45:01 CET 2022
Ping: 29.505 ms
Download: 272.61 Mbit/s
Upload: 19.52 Mbit/s
Fri Feb 25 21:45:01 CET 2022
Ping: 22.905 ms
Download: 38.61 Mbit/s
Upload: 18.98 Mbit/s
Fri Feb 25 22:45:01 CET 2022
Ping: 23.136 ms
Download: 315.60 Mbit/s
Upload: 19.63 Mbit/s
Fri Feb 25 23:45:01 CET 2022
Ping: 19.264 ms
Download: 279.14 Mbit/s
Upload: 12.55 Mbit/s
Sat Feb 26 00:45:01 CET 2022
Ping: 20.492 ms
Download: 262.83 Mbit/s
Upload: 14.84 Mbit/s
Sat Feb 26 01:45:01 CET 2022
Ping: 24.52 ms
Download: 287.63 Mbit/s
Upload: 19.47 Mbit/s
Sat Feb 26 02:45:02 CET 2022
Ping: 24.384 ms
Download: 304.98 Mbit/s
Upload: 19.41 Mbit/s
Sat Feb 26 03:45:01 CET 2022
Ping: 22.825 ms
Download: 247.03 Mbit/s
Upload: 19.62 Mbit/s
Sat Feb 26 04:45:01 CET 2022
Ping: 21.75 ms
Download: 298.78 Mbit/s
Upload: 19.13 Mbit/s
Sat Feb 26 05:45:01 CET 2022
Ping: 18.982 ms
Download: 298.01 Mbit/s
Upload: 15.23 Mbit/s
Sat Feb 26 06:45:01 CET 2022
Ping: 19.971 ms
Download: 242.78 Mbit/s
Upload: 14.90 Mbit/s
Sat Feb 26 07:45:01 CET 2022
Ping: 24.114 ms
Download: 196.73 Mbit/s
Upload: 19.27 Mbit/s
Sat Feb 26 08:45:01 CET 2022
Ping: 22.858 ms
Download: 215.95 Mbit/s
Upload: 19.84 Mbit/s
Sat Feb 26 09:45:01 CET 2022
Ping: 26.335 ms
Download: 216.70 Mbit/s
Upload: 19.82 Mbit/s
Sat Feb 26 10:45:01 CET 2022
Ping: 23.393 ms
Download: 247.17 Mbit/s
Upload: 15.49 Mbit/s
Sat Feb 26 11:45:01 CET 2022
Ping: 19.83 ms
Download: 265.51 Mbit/s
Upload: 15.33 Mbit/s
Sat Feb 26 12:45:02 CET 2022
Ping: 19.11 ms
Download: 255.58 Mbit/s
Upload: 14.53 Mbit/s
Sat Feb 26 13:45:01 CET 2022
Ping: 20.881 ms
Download: 276.34 Mbit/s
Upload: 13.51 Mbit/s
Sat Feb 26 14:45:01 CET 2022
Ping: 23.82 ms
Download: 276.15 Mbit/s
Upload: 14.66 Mbit/s
Sat Feb 26 15:45:01 CET 2022
Ping: 23.912 ms
Download: 288.43 Mbit/s
Upload: 14.68 Mbit/s
Sat Feb 26 16:45:01 CET 2022
Ping: 22.238 ms
Download: 311.92 Mbit/s
Upload: 19.58 Mbit/s
Sat Feb 26 17:45:01 CET 2022
Ping: 21.977 ms
Download: 244.87 Mbit/s
Upload: 19.75 Mbit/s
Sat Feb 26 18:45:01 CET 2022
Ping: 23.768 ms
Download: 330.83 Mbit/s
Upload: 19.65 Mbit/s
Sat Feb 26 19:45:01 CET 2022
Ping: 23.499 ms
Download: 183.11 Mbit/s
Upload: 15.09 Mbit/s
Sat Feb 26 20:45:01 CET 2022
Ping: 18.071 ms
Download: 76.32 Mbit/s
Upload: 15.19 Mbit/s
Sat Feb 26 21:45:01 CET 2022
Ping: 23.183 ms
Download: 77.61 Mbit/s
Upload: 7.43 Mbit/s
Sat Feb 26 22:45:02 CET 2022
Ping: 23.653 ms
Download: 287.70 Mbit/s
Upload: 19.68 Mbit/s
Sat Feb 26 23:45:01 CET 2022
Ping: 24.066 ms
Download: 266.14 Mbit/s
Upload: 19.77 Mbit/s
Sun Feb 27 00:45:01 CET 2022
Ping: 21.839 ms
Download: 250.28 Mbit/s
Upload: 19.50 Mbit/s
Sun Feb 27 01:45:01 CET 2022
Ping: 23.462 ms
Download: 182.56 Mbit/s
Upload: 13.67 Mbit/s
Sun Feb 27 02:45:01 CET 2022
Ping: 23.872 ms
Download: 39.97 Mbit/s
Upload: 7.52 Mbit/s
Sun Feb 27 03:45:01 CET 2022
Ping: 24.209 ms
Download: 201.39 Mbit/s
Upload: 15.76 Mbit/s
Sun Feb 27 04:45:01 CET 2022
Ping: 21.221 ms
Download: 267.68 Mbit/s
Upload: 19.08 Mbit/s
Sun Feb 27 05:45:01 CET 2022
Ping: 20.674 ms
Download: 226.41 Mbit/s
Upload: 15.61 Mbit/s
Sun Feb 27 06:45:01 CET 2022
Ping: 19.691 ms
Download: 286.53 Mbit/s
Upload: 14.93 Mbit/s
Sun Feb 27 07:45:01 CET 2022
Ping: 21.54 ms
Download: 200.84 Mbit/s
Upload: 19.89 Mbit/s
Sun Feb 27 08:45:01 CET 2022
Ping: 23.992 ms
Download: 198.38 Mbit/s
Upload: 15.64 Mbit/s
Sun Feb 27 09:45:01 CET 2022
Ping: 25.304 ms
Download: 215.62 Mbit/s
Upload: 19.36 Mbit/s
Sun Feb 27 10:45:01 CET 2022
Ping: 23.132 ms
Download: 296.38 Mbit/s
Upload: 19.62 Mbit/s
Sun Feb 27 11:45:01 CET 2022
Ping: 24.205 ms
Download: 314.98 Mbit/s
Upload: 18.87 Mbit/s
Sun Feb 27 12:45:01 CET 2022
Ping: 23.495 ms
Download: 279.97 Mbit/s
Upload: 18.87 Mbit/s
Sun Feb 27 13:45:01 CET 2022
Ping: 27.277 ms
Download: 243.48 Mbit/s
Upload: 19.38 Mbit/s
Sun Feb 27 14:45:01 CET 2022
Ping: 25.369 ms
Download: 138.27 Mbit/s
Upload: 19.63 Mbit/s
Sun Feb 27 15:45:01 CET 2022
Ping: 25.424 ms
Download: 155.96 Mbit/s
Upload: 19.71 Mbit/s
Sun Feb 27 16:45:01 CET 2022
Ping: 23.807 ms
Download: 351.38 Mbit/s
Upload: 14.38 Mbit/s
Sun Feb 27 17:45:01 CET 2022
Ping: 21.798 ms
Download: 208.62 Mbit/s
Upload: 15.62 Mbit/s
Sun Feb 27 18:45:01 CET 2022
Ping: 24.657 ms
Download: 164.54 Mbit/s
Upload: 13.54 Mbit/s
Sun Feb 27 19:45:01 CET 2022
Ping: 24.326 ms
Download: 337.46 Mbit/s
Upload: 19.58 Mbit/s
Sun Feb 27 20:45:01 CET 2022
Ping: 23.16 ms
Download: 317.05 Mbit/s
Upload: 19.50 Mbit/s
Sun Feb 27 21:45:01 CET 2022
Ping: 24.874 ms
Download: 322.63 Mbit/s
Upload: 19.60 Mbit/s
Sun Feb 27 22:45:01 CET 2022
Ping: 23.565 ms
Download: 215.01 Mbit/s
Upload: 14.62 Mbit/s
Sun Feb 27 23:45:01 CET 2022
Ping: 20.86 ms
Download: 297.18 Mbit/s
Upload: 15.05 Mbit/s
Mon Feb 28 00:45:01 CET 2022
Ping: 20.046 ms
Download: 295.51 Mbit/s
Upload: 13.65 Mbit/s
Mon Feb 28 01:45:01 CET 2022
Ping: 22.313 ms
Download: 230.53 Mbit/s
Upload: 19.25 Mbit/s
Mon Feb 28 02:45:01 CET 2022
Ping: 23.309 ms
Download: 211.55 Mbit/s
Upload: 19.47 Mbit/s
Mon Feb 28 03:45:01 CET 2022
Ping: 22.96 ms
Download: 214.00 Mbit/s
Upload: 19.77 Mbit/s
Mon Feb 28 04:45:01 CET 2022
Ping: 23.452 ms
Download: 173.02 Mbit/s
Upload: 15.16 Mbit/s
Mon Feb 28 05:45:01 CET 2022
Ping: 24.307 ms
Download: 234.21 Mbit/s
Upload: 16.95 Mbit/s
Mon Feb 28 06:45:01 CET 2022
Ping: 23.377 ms
Download: 278.61 Mbit/s
Upload: 19.62 Mbit/s
Mon Feb 28 07:45:01 CET 2022
Ping: 23.414 ms
Download: 245.28 Mbit/s
Upload: 19.41 Mbit/s
Mon Feb 28 08:45:01 CET 2022
Ping: 23.179 ms
Download: 277.25 Mbit/s
Upload: 19.76 Mbit/s
Mon Feb 28 09:45:01 CET 2022
Ping: 24.347 ms
Download: 281.51 Mbit/s
Upload: 19.75 Mbit/s
Mon Feb 28 10:45:01 CET 2022
Ping: 24.327 ms
Download: 261.22 Mbit/s
Upload: 19.34 Mbit/s
Mon Feb 28 11:45:01 CET 2022
Ping: 23.972 ms
Download: 186.11 Mbit/s
Upload: 18.98 Mbit/s
Mon Feb 28 12:45:01 CET 2022
Ping: 19.086 ms
Download: 263.07 Mbit/s
Upload: 14.87 Mbit/s
Mon Feb 28 13:45:02 CET 2022
Ping: 22.927 ms
Download: 236.36 Mbit/s
Upload: 19.40 Mbit/s
Mon Feb 28 14:45:01 CET 2022
Ping: 22.73 ms
Download: 258.63 Mbit/s
Upload: 19.60 Mbit/s
Mon Feb 28 15:45:01 CET 2022
Ping: 24.472 ms
Download: 254.16 Mbit/s
Upload: 19.96 Mbit/s
Mon Feb 28 16:45:01 CET 2022
Ping: 26.17 ms
Download: 309.19 Mbit/s
Upload: 19.60 Mbit/s
Mon Feb 28 17:45:01 CET 2022
Ping: 25.014 ms
Download: 315.04 Mbit/s
Upload: 19.36 Mbit/s
Mon Feb 28 18:45:01 CET 2022
Ping: 24.667 ms
Download: 284.22 Mbit/s
Upload: 19.30 Mbit/s
Mon Feb 28 19:45:01 CET 2022
Ping: 22.357 ms
Download: 240.30 Mbit/s
Upload: 19.21 Mbit/s
Mon Feb 28 20:45:01 CET 2022
Ping: 24.455 ms
Download: 290.21 Mbit/s
Upload: 14.29 Mbit/s
Mon Feb 28 21:45:01 CET 2022
Ping: 19.747 ms
Download: 221.81 Mbit/s
Upload: 13.73 Mbit/s
Mon Feb 28 22:45:01 CET 2022
Ping: 23.109 ms
Download: 224.94 Mbit/s
Upload: 19.21 Mbit/s
Mon Feb 28 23:45:01 CET 2022
Ping: 23.123 ms
Download: 213.57 Mbit/s
Upload: 19.22 Mbit/s
